[16:28:14.644]: (-1.7, 1.0, 1.7) 21
[16:28:14.670]: (-1.8, 1.1, 2.0) 20
[16:28:14.691]: (-1.8, 1.1, 2.0) 20
[16:28:15.104]: (-1.1, 0.9, 1.4) 0
[16:28:15.171]: (-1.2, 0.8, 1.4) 0
[16:28:15.238]: (-1.2, 0.8, 1.4) 0
[16:28:15.370]: (-1.3, 0.7, 1.6) 9
[16:28:15.390]: (-1.3, 0.7, 1.6) 9
[16:28:15.412]: (-1.3, 0.7, 1.6) 9
[16:28:15.434]: (-1.3, 0.8, 1.6) 9
[16:28:15.576]: (-1.2, 0.9, 1.6) 4
[16:28:15.598]: (-1.2, 0.9, 1.6) 4
[16:28:15.621]: (-1.1, 0.9, 1.4) 5
[16:28:15.642]: (-0.9, 1.0, 1.3) 10
[16:28:15.903]: (-1.0, 1.4, 1.3) 8
[16:28:15.925]: (-1.0, 1.4, 1.3) 8
[16:28:15.946]: (-1.0, 1.5, 1.3) 8
[16:28:15.968]: (-1.1, 1.5, 1.3) 8
[16:28:15.990]: (-1.1, 1.5, 1.4) 0
[16:28:16.012]: (-1.1, 1.5, 1.4) 0
[16:28:16.034]: (-1.1, 1.5, 1.4) 0
[16:28:16.057]: (-1.1, 1.5, 1.4) 0
[16:28:16.079]: (-1.0, 1.5, 1.4) 0
[16:28:16.104]: (-1.0, 1.5, 1.4) 0
[16:28:16.121]: (-1.0, 1.6, 1.5) 7
[16:28:16.181]: (-0.9, 2.0, 2.1) 22
[16:28:16.205]: (-0.9, 1.9, 1.9) 31
[16:28:16.230]: (-0.9, 1.9, 1.9) 31
[16:28:16.250]: (-0.8, 1.9, 1.9) 31
[16:28:16.268]: (-0.8, 1.9, 1.9) 31
[16:28:16.285]: (-0.8, 1.9, 1.9) 31
[16:28:16.301]: (-0.8, 1.9, 1.9) 31
[16:28:16.318]: (-0.8, 1.9, 1.9) 31
[16:28:16.334]: (-0.8, 1.9, 1.9) 31
[16:28:16.351]: (-0.8, 1.9, 1.9) 31
[16:28:16.367]: (-0.8, 1.9, 1.9) 31
[16:28:16.384]: (-0.8, 1.9, 1.9) 31
[16:28:16.401]: (-0.8, 1.9, 1.9) 31
[16:28:16.418]: (-0.8, 1.9, 1.9) 31
[16:28:16.435]: (-0.8, 1.9, 1.9) 31
[16:28:16.453]: (-0.8, 1.9, 1.9) 31
[16:28:16.469]: (-0.8, 1.9, 1.9) 31
[16:28:16.579]: (-0.7, 1.9, 1.9) 31
[16:28:16.597]: (-0.7, 1.9, 1.9) 31
[16:28:16.616]: (-0.7, 1.9, 1.9) 31
[16:28:16.635]: (-0.7, 1.9, 1.9) 31
[16:28:16.653]: (-0.7, 2.0, 2.0) 21
[16:28:16.673]: (-0.8, 2.0, 2.2) 20
[16:28:16.696]: (-0.8, 2.0, 2.2) 22
[16:28:16.718]: (-0.8, 2.0, 2.1) 22
[16:28:16.738]: (-0.8, 2.0, 2.1) 22
[16:28:16.759]: (-0.8, 2.0, 2.1) 22
[16:28:16.780]: (-0.8, 2.0, 2.1) 22
[16:28:16.803]: (-0.7, 2.0, 2.1) 32
[16:28:16.845]: (-0.7, 2.0, 2.1) 32
[16:28:16.887]: (-0.7, 2.0, 2.3) 30
[16:28:16.951]: (-0.7, 1.9, 2.1) 32
[16:28:16.996]: (-0.7, 1.9, 2.1) 32
[16:28:17.018]: (-0.7, 2.0, 2.1) 32
[16:28:17.041]: (-0.7, 2.0, 2.1) 32
[16:28:17.063]: (-0.7, 2.0, 2.1) 32
[16:28:17.085]: (-0.7, 2.0, 2.1) 32
[16:28:17.108]: (-0.6, 2.0, 2.1) 32
[16:28:17.129]: (-0.6, 1.9, 2.1) 32
[16:28:17.153]: (-0.6, 1.9, 2.1) 32
[16:28:17.176]: (-0.6, 1.9, 2.1) 32
[16:28:17.198]: (-0.6, 1.9, 2.1) 32
[16:28:17.220]: (-0.6, 1.9, 2.1) 32
[16:28:17.242]: (-0.6, 1.9, 2.1) 32
[16:28:17.262]: (-0.6, 1.9, 2.1) 32
[16:28:17.770]: (-1.0, 1.7, 1.4) 1
[16:28:17.793]: (-1.0, 1.7, 1.4) 1
[16:28:17.814]: (-1.0, 1.7, 1.4) 1
[16:28:17.836]: (-1.0, 1.7, 1.4) 1
[16:28:17.859]: (-1.0, 1.7, 1.4) 1
[16:28:17.880]: (-1.0, 1.7, 1.4) 1
[16:28:17.903]: (-1.0, 1.7, 1.5) 2
[16:28:18.149]: (-0.5, 1.9, 2.1) 32
[16:28:18.171]: (-0.5, 1.8, 2.1) 32
[16:28:18.193]: (-0.5, 1.9, 2.1) 32
[16:28:18.215]: (-0.5, 1.8, 2.2) 22
[16:28:18.237]: (-0.5, 1.9, 2.1) 22
[16:28:18.259]: (-0.5, 1.9, 2.2) 20
[16:28:18.281]: (-0.6, 1.8, 2.2) 22
[16:28:18.303]: (-0.6, 1.9, 2.2) 20
[16:28:18.325]: (-0.6, 1.8, 2.1) 22
[16:28:18.586]: (-0.5, 1.9, 1.8) 31
[16:28:18.608]: (-0.5, 1.9, 1.8) 31
[16:28:18.630]: (-0.5, 2.0, 1.8) 31
[16:28:18.652]: (-0.5, 2.0, 1.9) 21
[16:28:18.675]: (-0.5, 2.0, 1.9) 21
[16:28:18.791]: (-0.6, 2.0, 1.9) 21
[16:28:18.809]: (-0.6, 2.0, 1.9) 21
[16:28:18.836]: (-0.6, 2.0, 1.8) 31
[16:28:18.871]: (-0.6, 2.0, 1.8) 31
[16:28:18.907]: (-0.6, 2.0, 1.8) 31
[16:28:18.941]: (-0.6, 2.0, 1.8) 31
[16:28:19.003]: (-1.1, 1.5, 1.3) 1
[16:28:19.038]: (-1.1, 1.5, 1.3) 1
[16:28:19.071]: (-1.1, 1.5, 1.3) 1
[16:28:19.103]: (-1.1, 1.5, 1.3) 1
[16:28:19.137]: (-1.1, 1.5, 1.3) 1
[16:28:19.170]: (-1.1, 1.5, 1.3) 1
[16:28:19.204]: (-1.1, 1.5, 1.3) 1
[16:28:19.236]: (-1.1, 1.5, 1.3) 1
[16:28:19.270]: (-1.0, 1.5, 1.4) 0
[16:28:19.303]: (-1.0, 1.5, 1.4) 1
[16:28:19.337]: (-1.0, 1.5, 1.4) 1
[16:28:19.407]: (-1.0, 1.5, 1.6) 9
[16:28:19.441]: (-1.0, 1.5, 1.6) 9
[16:28:19.475]: (-1.0, 1.5, 1.6) 9
[16:28:19.795]: (-0.9, 1.2, 1.5) 7
[16:28:19.818]: (-0.9, 1.2, 1.5) 14
[16:28:19.841]: (-0.9, 1.2, 1.5) 14
[16:28:19.862]: (-0.9, 1.2, 1.5) 7
[16:28:19.885]: (-0.9, 1.2, 1.5) 7
[16:28:19.906]: (-0.9, 1.2, 1.5) 7
[16:28:19.925]: (-0.9, 1.2, 1.5) 7
[16:28:19.947]: (-0.9, 1.2, 1.5) 7
[16:28:19.970]: (-0.9, 1.2, 1.5) 7
[16:28:19.993]: (-0.9, 1.2, 1.5) 7
[16:28:20.018]: (-0.9, 1.2, 1.5) 7
[16:28:20.040]: (-0.9, 1.2, 1.5) 7
[16:28:20.058]: (-0.9, 1.2, 1.5) 7
[16:28:20.080]: (-0.9, 1.2, 1.5) 7
[16:28:20.103]: (-0.9, 1.2, 1.5) 7
[16:28:20.124]: (-0.9, 1.2, 1.5) 7
[16:28:20.148]: (-0.9, 1.2, 1.5) 7
[16:28:20.170]: (-0.9, 1.2, 1.5) 7
[16:28:20.194]: (-0.9, 1.2, 1.5) 7
[16:28:20.214]: (-0.9, 1.2, 1.4) 0
[16:28:20.236]: (-0.9, 1.2, 1.4) 0
[16:28:20.258]: (-0.9, 1.2, 1.4) 0
[16:28:20.282]: (-0.9, 1.2, 1.4) 0
[16:28:20.305]: (-0.9, 1.2, 1.4) 0
[16:28:20.328]: (-0.9, 1.2, 1.4) 0
[16:28:20.352]: (-0.9, 1.2, 1.4) 0
[16:28:20.374]: (-0.9, 1.2, 1.4) 0
[16:28:20.395]: (-0.9, 1.2, 1.4) 0
[16:28:20.418]: (-0.9, 1.2, 1.5) 7
[16:28:20.440]: (-0.9, 1.2, 1.5) 7
[16:28:20.462]: (-0.9, 1.2, 1.5) 7
[16:28:20.489]: (-1.0, 1.2, 1.5) 7
[16:28:20.510]: (-1.0, 1.2, 1.5) 7
[16:28:20.881]: (-1.0, 1.1, 1.5) 7
[16:28:20.903]: (-1.0, 1.1, 1.4) 7
[16:28:20.924]: (-1.0, 1.1, 1.3) 0
[16:28:20.946]: (-1.0, 1.1, 1.4) 0
[16:28:20.977]: (-1.0, 1.1, 1.4) 0
[16:28:21.003]: (-1.0, 1.1, 1.4) 0
[16:28:21.021]: (-1.0, 1.1, 1.4) 0
[16:28:21.040]: (-1.0, 1.1, 1.4) 0
[16:28:21.059]: (-1.0, 1.1, 1.4) 7
[16:28:21.076]: (-1.0, 1.1, 1.4) 7
[16:28:21.094]: (-1.0, 1.1, 1.4) 7
[16:28:21.111]: (-1.0, 1.1, 1.4) 7
[16:28:21.133]: (-1.0, 1.1, 1.4) 7
[16:28:21.155]: (-1.0, 1.1, 1.4) 7
[16:28:21.175]: (-1.0, 1.1, 1.4) 7
[16:28:21.196]: (-1.0, 1.1, 1.4) 7
[16:28:21.213]: (-1.0, 1.1, 1.4) 7
[16:28:21.233]: (-1.0, 1.1, 1.4) 7
[16:28:21.252]: (-1.0, 1.1, 1.4) 7
[16:28:21.273]: (-1.0, 1.1, 1.4) 7
[16:28:21.295]: (-1.0, 1.1, 1.4) 7
[16:28:21.314]: (-1.0, 1.1, 1.4) 7
[16:28:21.333]: (-1.0, 1.1, 1.4) 7
[16:28:21.351]: (-1.0, 1.1, 1.4) 7
[16:28:21.369]: (-1.1, 1.0, 1.3) 0
[16:28:21.386]: (-1.2, 1.0, 1.3) 1
[16:28:21.404]: (-1.2, 1.0, 1.3) 1
[16:28:21.426]: (-1.2, 1.0, 1.3) 1
[16:28:21.447]: (-1.2, 1.0, 1.3) 1
[16:28:21.538]: (-0.5, 1.4, 1.9) 19
[16:28:21.561]: (-0.5, 1.4, 1.8) 27
[16:28:21.582]: (-0.5, 1.4, 1.9) 19
[16:28:21.603]: (-0.5, 1.4, 1.8) 27
[16:28:21.625]: (-0.5, 1.4, 1.9) 19
[16:28:21.647]: (-0.5, 1.4, 1.9) 19
[16:28:21.671]: (-0.5, 1.4, 1.9) 19
[16:28:21.693]: (-0.5, 1.4, 1.9) 19
[16:28:21.714]: (-0.5, 1.4, 1.9) 16
[16:28:21.737]: (-0.5, 1.4, 1.9) 16
[16:28:21.759]: (-0.5, 1.4, 1.9) 16
[16:28:21.781]: (-0.5, 1.4, 1.9) 19
[16:28:21.799]: (-0.5, 1.4, 1.9) 16
[16:28:21.817]: (-0.5, 1.4, 1.9) 19
[16:28:21.836]: (-0.5, 1.4, 1.9) 19
[16:28:21.855]: (-0.5, 1.4, 1.9) 19
[16:28:21.873]: (-0.5, 1.4, 1.9) 19
[16:28:21.891]: (-0.5, 1.4, 1.9) 19
[16:28:21.910]: (-0.5, 1.4, 1.9) 19
[16:28:21.929]: (-0.5, 1.4, 1.9) 19
[16:28:21.946]: (-0.5, 1.4, 1.9) 19
[16:28:21.966]: (-0.5, 1.4, 1.9) 19
[16:28:21.983]: (-0.5, 1.4, 1.9) 19
[16:28:22.000]: (-0.5, 1.4, 1.9) 19
[16:28:22.016]: (-0.5, 1.4, 1.9) 19
[16:28:22.035]: (-0.5, 1.4, 1.9) 19
[16:28:22.055]: (-0.5, 1.4, 1.9) 19
[16:28:22.093]: (-0.7, 1.5, 2.1) 20
[16:28:22.111]: (-0.7, 1.5, 2.2) 20
[16:28:22.183]: (-0.7, 1.5, 2.1) 20
[16:28:22.235]: (-0.6, 1.4, 1.9) 21
[16:28:22.302]: (-0.7, 1.5, 2.1) 20
[16:28:22.324]: (-0.7, 1.4, 1.9) 21
[16:28:22.347]: (-0.7, 1.5, 1.9) 21
[16:28:22.413]: (-0.5, 1.5, 1.9) 19
[16:28:22.436]: (-0.5, 1.5, 1.8) 26
[16:28:22.457]: (-0.4, 1.5, 1.8) 26
[16:28:22.480]: (-0.4, 1.5, 1.8) 26
[16:28:22.502]: (-0.4, 1.4, 1.8) 26
[16:28:22.524]: (-0.4, 1.4, 1.8) 26
[16:28:22.546]: (-0.4, 1.4, 1.8) 26
[16:28:22.568]: (-0.5, 1.4, 1.9) 19
[16:28:22.592]: (-0.5, 1.4, 1.8) 16
[16:28:22.612]: (-0.5, 1.4, 1.9) 16
[16:28:22.636]: (-0.5, 1.4, 1.9) 19
[16:28:22.657]: (-0.5, 1.4, 1.9) 16
[16:28:22.680]: (-0.5, 1.4, 1.9) 19
[16:28:22.702]: (-0.5, 1.4, 1.9) 19
[16:28:22.724]: (-0.5, 1.4, 1.9) 16
[16:28:22.748]: (-0.5, 1.4, 1.9) 16
[16:28:22.769]: (-0.5, 1.4, 1.9) 16
[16:28:22.787]: (-0.5, 1.4, 1.9) 16
[16:28:22.805]: (-0.5, 1.4, 1.8) 26
[16:28:22.823]: (-0.5, 1.4, 1.8) 26
[16:28:22.841]: (-0.5, 1.4, 1.9) 19
[16:28:22.872]: (-0.5, 1.4, 2.0) 19
[16:28:22.890]: (-0.6, 1.4, 2.0) 19
[16:28:22.924]: (-0.6, 1.4, 2.0) 19
[16:28:22.943]: (-0.5, 1.4, 1.9) 19
[16:28:22.961]: (-0.5, 1.4, 1.9) 19
[16:28:22.977]: (-0.5, 1.4, 1.9) 19
[16:28:22.996]: (-0.5, 1.4, 1.9) 19
[16:28:23.012]: (-0.5, 1.4, 1.9) 19
[16:28:23.029]: (-0.5, 1.4, 1.9) 19
[16:28:23.045]: (-0.5, 1.4, 1.9) 19
[16:28:23.062]: (-0.5, 1.4, 1.9) 19
[16:28:23.080]: (-0.5, 1.4, 1.9) 19
[16:28:23.436]: (-0.5, 1.3, 1.7) 27
[16:28:23.459]: (-0.5, 1.4, 1.8) 27
[16:28:23.481]: (-0.5, 1.4, 1.7) 27
[16:28:23.503]: (-0.5, 1.4, 1.7) 27
[16:28:23.525]: (-0.5, 1.4, 1.7) 27
[16:28:23.546]: (-0.5, 1.4, 1.7) 27
[16:28:23.570]: (-0.5, 1.3, 1.7) 27
[16:28:23.615]: (-0.5, 1.4, 1.9) 19
[16:28:23.636]: (-0.5, 1.4, 1.9) 19
[16:28:23.658]: (-0.5, 1.4, 1.8) 27
[16:28:23.680]: (-0.5, 1.4, 1.9) 19
[16:28:23.703]: (-0.5, 1.4, 1.9) 19
[16:28:23.722]: (-0.5, 1.4, 1.9) 19
[16:28:23.740]: (-0.5, 1.4, 1.9) 19
[16:28:23.997]: (-0.6, 1.3, 1.8) 31
[16:28:24.013]: (-0.6, 1.4, 1.8) 31
[16:28:24.063]: (-0.6, 1.4, 1.8) 31
[16:28:24.080]: (-0.6, 1.4, 1.8) 31
[16:28:24.099]: (-0.6, 1.4, 1.8) 31
[16:28:24.119]: (-0.6, 1.3, 1.8) 31
[16:28:24.143]: (-0.6, 1.3, 1.8) 31
[16:28:24.164]: (-0.6, 1.3, 1.8) 31
[16:28:24.185]: (-0.6, 1.3, 1.8) 31
[16:28:24.203]: (-0.6, 1.3, 1.8) 31
[16:28:24.221]: (-0.6, 1.3, 1.8) 31
[16:28:24.237]: (-0.6, 1.3, 1.8) 31
[16:28:24.254]: (-0.6, 1.4, 1.8) 31
[16:28:24.276]: (-0.6, 1.4, 1.9) 31
