[16:27:25.365]: (-1.9, 0.9, 1.4) 16
[16:27:25.389]: (-1.8, 1.0, 1.4) 16
[16:27:25.411]: (-1.8, 1.0, 1.5) 16
[16:27:25.434]: (-1.7, 1.1, 1.5) 16
[16:27:25.456]: (-1.6, 1.1, 1.5) 16
[16:27:25.477]: (-1.6, 1.1, 1.6) 13
[16:27:25.499]: (-1.6, 1.1, 1.6) 13
[16:27:25.521]: (-1.5, 1.2, 1.6) 13
[16:27:25.543]: (-1.5, 1.2, 1.7) 13
[16:27:25.566]: (-1.4, 1.2, 1.7) 17
[16:27:25.589]: (-1.4, 1.3, 1.7) 17
[16:27:25.610]: (-1.3, 1.3, 1.7) 17
[16:27:25.637]: (-1.3, 1.3, 1.7) 17
[16:27:25.659]: (-1.3, 1.3, 1.8) 17
[16:27:25.686]: (-1.2, 1.3, 1.8) 13
[16:27:25.706]: (-1.3, 1.3, 1.9) 12
[16:27:25.724]: (-1.2, 1.3, 1.9) 12
[16:27:25.741]: (-1.2, 1.3, 1.9) 12
[16:27:25.758]: (-1.2, 1.3, 1.9) 12
[16:27:25.781]: (-1.2, 1.4, 1.9) 12
[16:27:26.024]: (-1.3, 2.6, 3.6) 60
[16:27:26.069]: (-1.1, 2.2, 2.9) 44
[16:27:26.091]: (-1.1, 2.2, 2.8) 44
[16:27:26.114]: (-1.0, 2.2, 2.6) 52
[16:27:26.138]: (-1.0, 2.2, 2.6) 52
[16:27:26.157]: (-1.0, 2.2, 2.6) 52
[16:27:26.180]: (-1.0, 2.2, 2.6) 52
[16:27:26.203]: (-1.0, 2.2, 2.6) 52
[16:27:26.224]: (-1.0, 2.2, 2.6) 52
[16:27:26.342]: (-1.2, 1.6, 2.4) 28
[16:27:26.531]: (-1.4, 1.7, 3.1) 41
[16:27:26.595]: (-1.3, 1.7, 3.0) 38
[16:27:26.618]: (-1.3, 1.7, 3.2) 39
[16:27:26.643]: (-1.2, 1.8, 3.2) 39
[16:27:26.869]: (-0.8, 1.9, 1.8) 13
[16:27:26.893]: (-0.8, 1.9, 1.8) 13
[16:27:26.914]: (-0.8, 1.9, 1.8) 13
[16:27:26.931]: (-0.8, 1.9, 1.8) 13
[16:27:26.949]: (-0.8, 1.9, 1.8) 13
[16:27:26.968]: (-0.8, 1.9, 1.8) 13
[16:27:26.989]: (-0.8, 1.9, 1.8) 13
[16:27:27.011]: (-0.8, 1.9, 1.8) 13
[16:27:27.027]: (-0.8, 1.9, 1.8) 13
[16:27:27.046]: (-0.8, 1.9, 1.8) 13
[16:27:27.069]: (-0.8, 1.9, 1.8) 13
[16:27:27.089]: (-0.8, 1.9, 1.8) 13
[16:27:27.113]: (-0.7, 1.9, 1.8) 13
[16:27:27.137]: (-0.7, 1.9, 1.8) 13
[16:27:27.389]: (-0.7, 1.9, 1.9) 13
[16:27:27.599]: (-0.7, 1.9, 1.8) 17
[16:27:27.831]: (-0.6, 1.8, 1.3) 6
[16:27:27.852]: (-0.7, 1.6, 1.2) 2
[16:27:27.877]: (-0.7, 1.7, 1.2) 2
[16:27:27.906]: (-0.7, 1.7, 1.2) 2
[16:27:27.941]: (-0.8, 1.7, 1.3) 1
[16:27:27.974]: (-0.8, 1.7, 1.4) 7
[16:27:28.006]: (-0.8, 1.7, 1.3) 0
[16:27:28.034]: (-0.8, 1.7, 1.4) 7
[16:27:28.070]: (-0.8, 1.7, 1.3) 0
[16:27:28.102]: (-0.8, 1.7, 1.3) 1
[16:27:28.139]: (-0.8, 1.7, 1.3) 1
[16:27:28.203]: (-1.0, 1.7, 1.3) 3
[16:27:28.234]: (-1.0, 1.8, 1.4) 9
[16:27:28.269]: (-1.0, 1.8, 1.4) 9
[16:27:28.302]: (-1.0, 1.8, 1.4) 9
[16:27:28.334]: (-1.0, 1.7, 1.3) 3
[16:27:28.369]: (-1.0, 1.7, 1.3) 3
[16:27:28.401]: (-1.0, 1.7, 1.3) 3
[16:27:28.436]: (-1.0, 1.7, 1.3) 3
[16:27:28.469]: (-1.0, 1.7, 1.3) 3
[16:27:28.502]: (-0.9, 1.7, 1.3) 1
[16:27:28.603]: (-0.6, 2.1, 1.6) 17
[16:27:28.627]: (-0.6, 2.1, 1.6) 17
[16:27:28.650]: (-0.6, 2.1, 1.6) 17
[16:27:28.738]: (-0.6, 2.0, 1.6) 17
[16:27:28.762]: (-0.6, 2.0, 1.6) 17
[16:27:28.787]: (-0.6, 2.0, 1.6) 17
[16:27:28.807]: (-0.6, 2.0, 1.6) 17
[16:27:28.829]: (-0.5, 2.0, 1.6) 17
[16:27:28.851]: (-0.6, 2.0, 1.6) 17
[16:27:28.874]: (-0.5, 2.0, 1.5) 17
[16:27:28.897]: (-0.5, 2.0, 1.5) 17
[16:27:28.920]: (-0.4, 2.1, 1.7) 14
[16:27:28.943]: (-0.4, 2.2, 1.9) 33
[16:27:28.965]: (-0.4, 2.2, 1.9) 33
[16:27:28.987]: (-0.4, 2.2, 2.0) 30
[16:27:29.009]: (-0.4, 2.2, 2.0) 30
[16:27:29.031]: (-0.4, 2.1, 1.9) 33
[16:27:29.052]: (-0.5, 2.1, 1.9) 33
[16:27:29.076]: (-0.5, 2.1, 1.9) 33
[16:27:29.097]: (-0.5, 2.1, 1.9) 33
[16:27:29.119]: (-0.5, 2.1, 1.9) 33
[16:27:29.141]: (-0.5, 2.1, 1.9) 33
[16:27:29.180]: (-0.6, 2.2, 2.0) 30
[16:27:29.224]: (-0.9, 2.6, 2.5) 40
[16:27:29.245]: (-0.9, 2.6, 2.5) 40
[16:27:29.272]: (-0.9, 2.6, 2.5) 40
[16:27:29.293]: (-0.9, 2.6, 2.5) 40
[16:27:29.311]: (-0.9, 2.6, 2.6) 40
[16:27:30.156]: (-1.1, 1.8, 1.6) 24
[16:27:30.264]: (-1.3, 1.7, 1.6) 20
[16:27:30.336]: (-1.3, 1.8, 1.6) 20
[16:27:30.354]: (-1.3, 1.8, 1.6) 20
[16:27:30.425]: (-1.3, 1.8, 1.6) 20
[16:27:30.444]: (-1.3, 1.9, 1.7) 19
[16:27:30.467]: (-1.4, 2.3, 2.3) 70
[16:27:30.489]: (-1.4, 2.3, 2.3) 70
[16:27:30.512]: (-1.4, 2.2, 2.1) 74
[16:27:30.534]: (-1.5, 2.2, 2.3) 70
[16:27:30.558]: (-1.4, 2.3, 2.3) 70
[16:27:30.577]: (-1.4, 2.2, 2.3) 70
[16:27:30.601]: (-1.4, 2.2, 2.3) 70
[16:27:30.623]: (-1.4, 2.2, 2.3) 70
[16:27:30.645]: (-1.4, 2.2, 2.4) 70
[16:27:30.669]: (-1.4, 2.2, 2.3) 70
[16:27:30.689]: (-1.4, 2.2, 2.3) 70
[16:27:30.712]: (-1.4, 2.3, 2.3) 70
[16:27:30.735]: (-1.4, 2.3, 2.3) 70
[16:27:30.953]: (-0.2, 1.9, 2.0) 32
[16:27:31.185]: (-0.3, 1.7, 1.4) 17
[16:27:31.207]: (-0.3, 1.7, 1.4) 17
[16:27:31.229]: (-0.3, 1.7, 1.4) 17
[16:27:31.252]: (-0.3, 1.7, 1.4) 17
[16:27:31.276]: (-0.3, 1.7, 1.4) 17
[16:27:31.318]: (-0.3, 1.8, 1.5) 14
[16:27:31.343]: (-0.3, 1.8, 1.5) 14
[16:27:31.364]: (-0.3, 1.8, 1.5) 14
[16:27:31.800]: (-0.6, 1.9, 1.7) 33
[16:27:31.834]: (-0.6, 1.9, 1.8) 32
[16:27:31.867]: (-0.6, 1.9, 1.8) 32
[16:27:31.900]: (-0.6, 1.9, 1.8) 32
[16:27:31.934]: (-0.6, 1.9, 1.8) 32
[16:27:31.969]: (-0.6, 1.9, 1.8) 32
[16:27:32.002]: (-0.6, 1.9, 1.8) 32
[16:27:32.033]: (-0.6, 1.9, 1.8) 32
[16:27:32.067]: (-0.6, 1.8, 1.4) 14
[16:27:32.135]: (-0.6, 1.9, 1.9) 32
[16:27:32.404]: (-0.5, 1.8, 1.9) 30
[16:27:32.427]: (-0.5, 1.8, 1.9) 32
[16:27:32.603]: (-0.3, 1.8, 1.5) 14
[16:27:32.626]: (-0.3, 1.8, 1.5) 14
[16:27:32.648]: (-0.3, 1.8, 1.5) 14
[16:27:32.893]: (-0.6, 1.7, 1.5) 15
[16:27:32.916]: (-0.6, 1.7, 1.5) 15
[16:27:32.939]: (-0.6, 1.7, 1.5) 15
[16:27:32.964]: (-0.6, 1.7, 1.5) 15
[16:27:32.989]: (-0.7, 1.7, 1.5) 15
[16:27:33.137]: (-0.8, 1.7, 1.4) 12
[16:27:33.155]: (-0.8, 1.7, 1.4) 12
[16:27:33.178]: (-0.8, 1.7, 1.4) 12
[16:27:33.200]: (-0.8, 1.7, 1.4) 12
[16:27:33.222]: (-0.8, 1.7, 1.4) 12
[16:27:33.245]: (-0.8, 1.7, 1.4) 12
[16:27:33.549]: (-0.8, 1.7, 1.4) 13
[16:27:33.569]: (-0.8, 1.7, 1.4) 13
[16:27:33.594]: (-0.8, 1.7, 1.3) 17
[16:27:33.617]: (-0.8, 1.7, 1.3) 17
[16:27:33.640]: (-0.8, 1.7, 1.3) 17
[16:27:33.666]: (-0.8, 1.7, 1.3) 17
[16:27:33.690]: (-0.7, 1.7, 1.3) 17
[16:27:33.714]: (-0.7, 1.7, 1.3) 17
[16:27:33.740]: (-0.7, 1.7, 1.3) 17
[16:27:33.766]: (-0.7, 1.7, 1.3) 17
[16:27:33.788]: (-0.7, 1.7, 1.3) 17
[16:27:33.810]: (-0.7, 1.7, 1.3) 17
[16:27:33.834]: (-0.6, 1.7, 1.3) 17
[16:27:33.856]: (-0.6, 1.7, 1.3) 17
[16:27:33.882]: (-0.6, 1.7, 1.3) 17
[16:27:33.901]: (-0.6, 1.7, 1.3) 17
[16:27:33.923]: (-0.6, 1.7, 1.3) 17
[16:27:33.945]: (-0.6, 1.7, 1.3) 17
[16:27:33.966]: (-0.6, 1.7, 1.3) 17
[16:27:33.985]: (-0.6, 1.7, 1.3) 17
[16:27:34.003]: (-0.6, 1.7, 1.4) 17
[16:27:34.278]: (-0.6, 1.7, 1.3) 17
[16:27:34.344]: (-2.1, 1.9, 2.1) 65
[16:27:34.379]: (-2.1, 1.9, 2.1) 65
[16:27:34.821]: (-1.9, 1.8, 2.0) 74
[16:27:35.054]: (-1.9, 1.8, 2.0) 74
[16:27:35.292]: (-1.7, 2.0, 2.3) 65
[16:27:35.313]: (-1.7, 2.0, 2.3) 65
[16:27:35.335]: (-1.7, 2.0, 2.3) 65
[16:27:35.357]: (-1.7, 2.0, 2.3) 65
[16:27:35.380]: (-1.7, 2.0, 2.3) 65
[16:27:35.404]: (-1.7, 2.0, 2.3) 65
[16:27:35.427]: (-1.7, 2.0, 2.3) 65
[16:27:35.448]: (-1.7, 2.0, 2.4) 65
[16:27:35.538]: (-1.4, 2.0, 2.2) 68
[16:27:35.603]: (-1.3, 2.0, 2.3) 69
[16:27:35.625]: (-1.3, 2.0, 2.3) 69
[16:27:35.648]: (-1.2, 2.0, 2.4) 75
[16:27:35.847]: (-0.2, 2.2, 1.8) 31
[16:27:36.025]: (0.6, 3.0, 2.2) 57
[16:27:36.046]: (0.6, 3.0, 2.2) 57
[16:27:36.090]: (0.5, 3.0, 2.2) 57
[16:27:36.111]: (0.6, 3.0, 2.2) 57
[16:27:36.161]: (0.5, 3.0, 2.2) 57
[16:27:36.185]: (0.5, 3.1, 2.3) 55
[16:27:36.207]: (0.5, 3.0, 2.3) 55
[16:27:36.226]: (0.5, 3.1, 2.4) 62
[16:27:36.242]: (0.4, 3.0, 2.3) 55
[16:27:36.265]: (0.4, 3.0, 2.4) 55
[16:27:36.460]: (-0.4, 1.9, 1.7) 33
[16:27:36.478]: (-0.4, 1.8, 1.4) 14
[16:27:36.557]: (-0.5, 1.7, 1.5) 14
[16:27:36.763]: (-0.5, 1.6, 1.5) 13
[16:27:36.788]: (-0.5, 1.6, 1.5) 13
[16:27:36.808]: (-0.5, 1.6, 1.4) 13
[16:27:36.830]: (-0.5, 1.6, 1.4) 13
[16:27:36.854]: (-0.5, 1.6, 1.4) 17
[16:27:36.876]: (-0.5, 1.6, 1.5) 13
[16:27:36.898]: (-0.5, 1.6, 1.4) 17
[16:27:36.920]: (-0.5, 1.6, 1.4) 17
[16:27:36.943]: (-0.5, 1.6, 1.5) 13
[16:27:36.965]: (-0.5, 1.6, 1.4) 17
[16:27:36.988]: (-0.5, 1.6, 1.4) 17
[16:27:37.008]: (-0.5, 1.6, 1.4) 17
[16:27:37.030]: (-0.5, 1.6, 1.4) 17
[16:27:37.055]: (-0.5, 1.6, 1.4) 17
[16:27:37.075]: (-0.5, 1.6, 1.4) 17
[16:27:37.098]: (-0.5, 1.6, 1.5) 13
[16:27:37.120]: (-0.5, 1.6, 1.5) 13
[16:27:37.141]: (-0.5, 1.6, 1.4) 13
[16:27:37.165]: (-0.5, 1.6, 1.5) 13
[16:27:37.209]: (-0.5, 1.5, 1.5) 13
[16:27:37.231]: (-0.5, 1.5, 1.5) 13
[16:27:37.251]: (-0.5, 1.5, 1.5) 13
[16:27:37.269]: (-0.5, 1.5, 1.5) 13
[16:27:37.287]: (-0.5, 1.5, 1.5) 13
[16:27:37.306]: (-0.5, 1.5, 1.5) 13
[16:27:37.322]: (-0.5, 1.5, 1.5) 13
[16:27:37.339]: (-0.5, 1.5, 1.5) 13
[16:27:37.533]: (-1.3, 1.4, 1.6) 18
[16:27:37.550]: (-1.3, 1.3, 1.6) 18
[16:27:37.568]: (-1.4, 1.3, 1.6) 18
[16:27:37.586]: (-1.3, 1.3, 1.6) 18
[16:27:37.603]: (-1.4, 1.3, 1.6) 18
[16:27:37.619]: (-1.3, 1.3, 1.6) 18
[16:27:37.637]: (-1.3, 1.3, 1.6) 18
[16:27:37.670]: (-1.4, 1.3, 1.6) 18
[16:27:37.688]: (-1.4, 1.3, 1.6) 18
[16:27:37.708]: (-1.3, 1.3, 1.6) 18
[16:27:37.730]: (-1.3, 1.3, 1.6) 18
[16:27:37.753]: (-1.3, 1.3, 1.6) 18
[16:27:37.775]: (-1.4, 1.3, 1.6) 18
[16:27:37.908]: (-0.5, 1.6, 1.5) 13
[16:27:37.930]: (-0.5, 1.6, 1.5) 13
[16:27:37.954]: (-0.5, 1.6, 1.5) 13
[16:27:37.975]: (-0.5, 1.6, 1.5) 13
[16:27:37.997]: (-0.5, 1.6, 1.5) 13
[16:27:38.020]: (-0.5, 1.6, 1.5) 13
[16:27:38.043]: (-0.5, 1.6, 1.5) 13
[16:27:38.064]: (-0.5, 1.6, 1.5) 13
[16:27:38.086]: (-0.5, 1.6, 1.5) 13
[16:27:38.107]: (-0.5, 1.6, 1.5) 13
[16:27:38.131]: (-0.5, 1.6, 1.5) 13
[16:27:38.308]: (-0.5, 1.6, 1.4) 13
[16:27:38.325]: (-0.5, 1.6, 1.4) 13
[16:27:38.342]: (-0.5, 1.6, 1.4) 13
[16:27:38.360]: (-0.5, 1.6, 1.4) 13
[16:27:38.376]: (-0.5, 1.6, 1.4) 13
[16:27:38.394]: (-0.5, 1.6, 1.4) 13
[16:27:38.411]: (-0.5, 1.6, 1.4) 13
[16:27:38.429]: (-0.5, 1.6, 1.4) 13
[16:27:38.446]: (-0.5, 1.6, 1.4) 13
[16:27:38.463]: (-0.5, 1.6, 1.4) 13
[16:27:38.485]: (-0.5, 1.6, 1.4) 13
[16:27:38.508]: (-0.5, 1.6, 1.4) 13
[16:27:38.531]: (-0.5, 1.6, 1.4) 13
[16:27:38.549]: (-0.5, 1.6, 1.4) 13
[16:27:38.566]: (-0.5, 1.6, 1.4) 13
[16:27:38.584]: (-0.5, 1.6, 1.4) 13
[16:27:38.602]: (-0.5, 1.6, 1.4) 13
[16:27:38.619]: (-0.5, 1.6, 1.4) 13
[16:27:38.636]: (-0.5, 1.6, 1.4) 13
[16:27:38.653]: (-0.5, 1.6, 1.4) 13
[16:27:38.674]: (-0.5, 1.6, 1.4) 13
[16:27:38.698]: (-0.5, 1.6, 1.5) 13
[16:27:40.052]: (-0.5, 1.5, 1.5) 13
[16:27:40.069]: (-0.5, 1.5, 1.4) 13
[16:27:40.147]: (-0.5, 1.5, 1.5) 13
[16:27:40.179]: (-0.5, 1.5, 1.5) 13
[16:27:40.212]: (-0.5, 1.5, 1.5) 13
