[16:06:09.239]: (-0.5, 0.4, 1.4) 1
[16:06:09.261]: (-0.5, 0.5, 1.4) 1
[16:06:09.283]: (-0.6, 0.5, 1.4) 1
[16:06:10.808]: (-0.3, 0.9, 2.4) 3
[16:06:10.841]: (-0.3, 0.9, 2.6) 4
[16:06:10.858]: (-0.3, 0.9, 2.6) 4
[16:06:10.875]: (-0.3, 0.9, 2.4) 3
[16:06:10.892]: (-0.3, 0.9, 2.4) 3
[16:06:10.908]: (-0.4, 0.9, 2.4) 3
[16:06:10.925]: (-0.4, 0.9, 2.4) 3
[16:06:10.941]: (-0.4, 0.9, 2.4) 3
[16:06:10.959]: (-0.4, 0.9, 2.4) 3
[16:06:10.976]: (-0.4, 0.9, 2.4) 3
[16:06:10.994]: (-0.4, 0.9, 2.4) 3
[16:06:11.011]: (-0.3, 0.9, 2.4) 3
[16:06:11.028]: (-0.3, 0.9, 2.4) 3
[16:06:11.045]: (-0.3, 0.9, 2.4) 3
[16:06:11.062]: (-0.3, 0.9, 2.4) 3
[16:06:11.078]: (-0.4, 0.9, 2.4) 3
[16:06:11.095]: (-0.4, 0.9, 2.4) 3
[16:06:11.111]: (-0.4, 0.9, 2.4) 3
[16:06:11.127]: (-0.4, 0.9, 2.4) 3
[16:06:11.144]: (-0.4, 0.9, 2.4) 3
[16:06:11.161]: (-0.4, 0.9, 2.4) 3
[16:06:11.181]: (-0.4, 0.9, 2.4) 3
[16:06:11.203]: (-0.4, 1.0, 2.4) 3
[16:06:11.224]: (-0.4, 1.0, 2.4) 3
[16:06:11.244]: (-0.4, 1.0, 2.4) 3
[16:06:11.264]: (-0.4, 1.0, 2.4) 3
[16:06:11.285]: (-0.4, 1.0, 2.4) 3
[16:06:11.308]: (-0.4, 1.0, 2.4) 3
[16:06:11.329]: (-0.4, 1.0, 2.4) 3
[16:06:11.352]: (-0.3, 1.0, 2.4) 3
[16:06:11.374]: (-0.4, 1.0, 2.4) 3
[16:06:11.394]: (-0.4, 1.0, 2.6) 4
[16:06:12.857]: (-0.7, 0.7, 2.9) 8
[16:06:13.025]: (-0.7, 0.6, 3.2) 7
[16:06:15.108]: (-0.1, 1.0, 2.3) 4
[16:06:15.128]: (-0.1, 1.0, 2.3) 4
[16:06:15.148]: (-0.1, 1.0, 2.2) 3
[16:06:15.174]: (-0.1, 1.0, 2.1) 3
[16:06:15.194]: (-0.1, 1.1, 2.1) 3
[16:06:15.215]: (-0.1, 1.1, 2.1) 3
[16:06:15.238]: (-0.1, 1.1, 2.1) 3
[16:06:15.260]: (-0.1, 1.1, 2.1) 3
[16:06:15.281]: (-0.1, 1.1, 2.1) 3
[16:06:15.303]: (-0.1, 1.1, 2.1) 3
[16:06:15.326]: (-0.1, 1.1, 2.1) 3
[16:06:15.349]: (-0.1, 1.1, 2.1) 3
[16:06:15.371]: (-0.1, 1.1, 2.1) 3
[16:06:15.387]: (-0.1, 1.1, 2.1) 3
[16:06:15.412]: (-0.1, 1.1, 2.1) 3
[16:06:15.433]: (-0.1, 1.1, 2.1) 3
[16:06:15.456]: (-0.2, 1.1, 2.1) 3
[16:06:15.478]: (-0.1, 1.1, 2.1) 3
[16:06:15.504]: (-0.1, 1.1, 2.1) 3
[16:06:15.526]: (-0.2, 1.1, 2.1) 3
[16:06:15.543]: (-0.2, 1.1, 2.1) 3
[16:06:15.568]: (-0.2, 1.1, 2.1) 3
[16:06:15.590]: (-0.2, 1.1, 2.1) 3
[16:06:15.611]: (-0.2, 1.1, 2.1) 3
[16:06:15.634]: (-0.2, 1.1, 2.1) 3
[16:06:15.656]: (-0.2, 1.1, 2.1) 3
[16:06:15.680]: (-0.2, 1.1, 2.1) 3
[16:06:15.702]: (-0.2, 1.1, 2.1) 3
[16:06:15.725]: (-0.2, 1.1, 2.1) 3
[16:06:15.747]: (-0.2, 1.1, 2.1) 3
[16:06:15.770]: (-0.2, 1.1, 2.1) 3
[16:06:15.792]: (-0.2, 1.1, 2.1) 3
[16:06:15.814]: (-0.2, 1.1, 2.1) 3
[16:06:15.837]: (-0.2, 1.1, 2.1) 3
[16:06:15.858]: (-0.2, 1.1, 2.1) 3
[16:06:15.882]: (-0.2, 1.1, 2.1) 3
[16:06:15.904]: (-0.2, 1.1, 2.1) 3
[16:06:15.926]: (-0.2, 1.1, 2.1) 3
[16:06:15.949]: (-0.2, 1.1, 2.1) 3
[16:06:15.974]: (-0.2, 1.1, 2.1) 3
[16:06:15.991]: (-0.2, 1.1, 2.1) 3
[16:06:16.013]: (-0.2, 1.1, 2.1) 3
[16:06:16.035]: (-0.2, 1.1, 2.1) 3
[16:06:16.057]: (-0.2, 1.1, 2.1) 3
[16:06:16.079]: (-0.2, 1.1, 2.1) 3
[16:06:16.102]: (-0.2, 1.1, 2.1) 3
[16:06:16.120]: (-0.2, 1.1, 2.2) 3
[16:06:16.137]: (-0.2, 1.1, 2.2) 3
[16:06:16.154]: (-0.2, 1.1, 2.2) 3
[16:06:16.235]: (-0.2, 1.1, 2.1) 3
[16:06:16.257]: (-0.2, 1.1, 2.1) 3
[16:06:16.276]: (-0.2, 1.1, 2.1) 3
[16:06:16.298]: (-0.2, 1.1, 2.1) 3
[16:06:16.321]: (-0.2, 1.1, 2.1) 3
[16:06:16.343]: (-0.2, 1.1, 2.2) 3
[16:06:16.364]: (-0.2, 1.0, 3.2) 13
[16:06:16.530]: (-0.3, 0.9, 2.2) 4
[16:06:16.551]: (-0.3, 0.9, 2.2) 4
[16:06:16.573]: (-0.3, 0.9, 2.2) 4
[16:06:16.595]: (-0.3, 0.9, 2.2) 4
[16:06:16.618]: (-0.3, 0.9, 2.2) 4
[16:06:16.641]: (-0.3, 0.9, 2.2) 4
[16:06:16.661]: (-0.3, 0.9, 2.1) 3
[16:06:16.684]: (-0.3, 0.9, 2.1) 3
[16:06:16.708]: (-0.3, 0.9, 2.1) 3
[16:06:16.730]: (-0.3, 0.9, 2.1) 3
[16:06:16.752]: (-0.3, 0.9, 2.0) 3
[16:06:16.792]: (-0.3, 1.0, 2.0) 3
[16:06:16.827]: (-0.3, 1.0, 2.0) 3
[16:06:16.859]: (-0.3, 1.0, 2.0) 3
[16:06:16.893]: (-0.3, 1.0, 2.1) 3
[16:06:16.925]: (-0.3, 1.0, 2.0) 3
[16:06:16.958]: (-0.3, 1.0, 2.1) 3
[16:06:16.992]: (-0.3, 1.0, 2.0) 3
[16:06:17.025]: (-0.3, 1.0, 2.0) 3
[16:06:17.056]: (-0.3, 1.0, 2.0) 3
[16:06:17.093]: (-0.3, 1.0, 2.0) 3
[16:06:17.222]: (0.1, 0.9, 1.2) 0
[16:06:17.255]: (0.1, 0.9, 1.2) 0
[16:06:17.289]: (0.1, 0.9, 1.2) 0
[16:06:17.321]: (0.1, 0.9, 1.2) 0
[16:06:17.356]: (0.1, 0.9, 1.2) 0
[16:06:17.390]: (0.1, 0.9, 1.2) 0
[16:06:18.419]: (-1.1, 1.4, 2.0) 5
[16:06:18.442]: (-1.1, 1.5, 1.9) 5
[16:06:18.463]: (-1.1, 1.4, 1.9) 5
[16:06:18.486]: (-1.0, 1.4, 1.9) 5
[16:06:18.527]: (-1.0, 1.4, 1.9) 5
[16:06:18.551]: (-1.1, 1.4, 2.0) 5
[16:06:18.593]: (-1.2, 1.5, 2.1) 6
[16:06:18.617]: (-1.2, 1.4, 2.1) 6
[16:06:18.639]: (-1.0, 1.4, 2.0) 5
[16:06:18.870]: (-0.3, 0.9, 2.2) 4
[16:06:18.891]: (-0.3, 0.9, 2.1) 4
[16:06:18.913]: (-0.3, 0.9, 2.2) 4
[16:06:18.938]: (-0.3, 0.9, 2.0) 3
[16:06:18.960]: (-0.2, 0.9, 2.0) 3
[16:06:18.982]: (-0.2, 0.9, 2.0) 3
[16:06:19.005]: (-0.2, 0.9, 2.0) 3
[16:06:19.027]: (-0.2, 0.9, 2.0) 3
[16:06:19.047]: (-0.3, 0.9, 2.0) 3
[16:06:19.070]: (-0.3, 1.0, 2.0) 3
[16:06:19.092]: (-0.3, 1.0, 2.0) 3
[16:06:19.114]: (-0.2, 1.0, 2.0) 3
[16:06:19.136]: (-0.3, 1.0, 2.0) 3
[16:06:19.157]: (-0.3, 1.0, 2.0) 3
[16:06:19.365]: (-0.3, 1.0, 2.0) 3
[16:06:19.387]: (-0.3, 1.0, 2.2) 4
[16:06:19.409]: (-0.3, 1.0, 2.0) 3
[16:06:19.432]: (-0.3, 1.0, 2.0) 3
[16:06:19.453]: (-0.3, 1.0, 2.0) 3
[16:06:19.475]: (-0.3, 1.0, 2.0) 3
[16:06:19.499]: (-0.2, 1.0, 2.0) 3
[16:06:19.520]: (-0.2, 1.0, 2.0) 3
[16:06:19.543]: (-0.2, 1.0, 2.0) 3
[16:06:19.565]: (-0.2, 1.0, 2.0) 3
[16:06:19.587]: (-0.2, 0.9, 2.0) 3
[16:06:19.609]: (-0.2, 0.9, 2.0) 3
[16:06:19.631]: (-0.2, 0.9, 2.0) 3
[16:06:19.654]: (-0.2, 0.9, 2.0) 3
[16:06:19.676]: (-0.3, 0.9, 2.0) 3
[16:06:19.699]: (-0.2, 1.0, 2.0) 3
[16:06:19.721]: (-0.3, 1.0, 2.0) 3
[16:06:19.758]: (0.0, 1.0, 1.0) 1
[16:06:19.775]: (0.0, 0.9, 1.0) 1
[16:06:19.792]: (0.0, 0.9, 1.0) 1
[16:06:19.810]: (0.0, 0.9, 1.0) 1
[16:06:19.826]: (0.0, 0.9, 1.0) 1
[16:06:19.842]: (0.0, 0.9, 1.0) 1
[16:06:19.858]: (0.0, 0.9, 1.0) 1
[16:06:19.875]: (0.0, 0.9, 1.0) 1
[16:06:19.893]: (0.0, 0.9, 1.0) 1
[16:06:19.915]: (0.0, 1.0, 1.0) 1
[16:06:19.937]: (0.0, 0.9, 1.0) 1
[16:06:19.958]: (0.0, 0.9, 1.0) 1
[16:06:19.979]: (0.0, 0.9, 1.0) 1
[16:06:20.000]: (0.0, 0.9, 1.0) 1
[16:06:20.024]: (0.0, 0.9, 1.0) 1
[16:06:20.044]: (0.0, 0.9, 1.0) 1
[16:06:20.066]: (0.0, 0.9, 1.0) 1
[16:06:20.087]: (0.0, 0.9, 1.0) 1
[16:06:20.109]: (0.0, 0.9, 1.0) 1
[16:06:20.174]: (-0.1, 0.9, 1.0) 1
[16:06:20.195]: (-0.1, 0.8, 1.0) 1
[16:06:20.217]: (-0.1, 0.9, 1.0) 1
[16:06:20.238]: (-0.1, 0.9, 1.0) 1
[16:06:20.260]: (-0.1, 0.9, 1.0) 1
[16:06:20.283]: (-0.1, 0.9, 1.0) 1
[16:06:20.305]: (-0.1, 0.9, 1.0) 1
[16:06:20.328]: (-0.1, 0.9, 1.0) 1
[16:06:20.350]: (-0.1, 0.9, 1.0) 1
[16:06:20.371]: (-0.1, 0.9, 1.0) 1
[16:06:20.393]: (-0.1, 0.9, 1.0) 1
[16:06:20.808]: (-0.2, 0.8, 1.0) 1
[16:06:20.843]: (-0.2, 0.8, 1.0) 1
[16:06:20.876]: (-0.2, 0.8, 1.0) 1
[16:06:20.909]: (-0.2, 0.8, 1.0) 1
[16:06:20.942]: (-0.2, 0.8, 1.0) 1
[16:06:20.975]: (-0.2, 0.9, 1.0) 1
[16:06:21.009]: (-0.2, 0.9, 1.0) 1
[16:06:21.042]: (-0.2, 0.9, 1.0) 1
[16:06:21.064]: (-0.2, 0.9, 1.0) 1
[16:06:21.086]: (-0.2, 0.9, 1.0) 1
[16:06:21.109]: (-0.2, 0.9, 1.0) 1
[16:06:21.130]: (-0.2, 0.9, 1.0) 1
[16:06:21.153]: (-0.2, 0.9, 1.0) 1
[16:06:21.176]: (-0.2, 0.9, 1.0) 1
[16:06:21.197]: (-0.2, 0.9, 1.0) 1
[16:06:21.220]: (-0.2, 0.9, 1.0) 1
[16:06:21.241]: (-0.2, 0.9, 1.0) 1
[16:06:21.264]: (-0.2, 0.9, 1.0) 1
[16:06:21.286]: (-0.2, 0.9, 1.0) 1
[16:06:21.308]: (-0.2, 0.9, 1.0) 1
[16:06:21.333]: (-0.2, 0.9, 1.0) 1
[16:06:21.352]: (-0.2, 0.9, 1.0) 1
[16:06:21.375]: (-0.2, 0.9, 1.0) 1
[16:06:21.397]: (-0.2, 0.9, 1.0) 1
[16:06:21.419]: (-0.2, 0.9, 0.9) 1
[16:06:21.442]: (-0.2, 0.9, 0.9) 1
[16:06:21.464]: (-0.2, 0.9, 0.9) 1
[16:06:21.488]: (-0.2, 0.9, 0.9) 1
[16:06:21.508]: (-0.2, 0.9, 1.0) 1
[16:06:21.530]: (-0.2, 0.9, 1.0) 1
[16:06:21.552]: (-0.2, 0.9, 1.0) 1
[16:06:21.574]: (-0.2, 0.9, 1.0) 1
[16:06:21.596]: (-0.2, 0.9, 1.0) 1
[16:06:21.619]: (-0.1, 0.9, 1.0) 1
[16:06:22.512]: (-0.7, 0.8, 2.9) 13
[16:06:22.535]: (-0.6, 0.9, 2.0) 4
[16:06:22.555]: (-0.6, 0.9, 2.0) 4
[16:06:22.579]: (-0.6, 0.9, 2.0) 4
[16:06:22.601]: (-0.6, 0.9, 2.0) 4
[16:06:22.623]: (-0.7, 0.7, 2.9) 13
[16:06:22.645]: (-0.6, 0.9, 2.0) 4
[16:06:22.668]: (-0.6, 0.9, 2.0) 4
[16:06:22.689]: (-0.6, 0.9, 2.0) 4
[16:06:22.712]: (-0.7, 0.7, 2.9) 13
[16:06:22.734]: (-0.6, 0.9, 2.0) 4
[16:06:22.751]: (-0.6, 0.9, 2.0) 4
[16:06:22.773]: (-0.7, 0.7, 2.9) 13
[16:06:22.794]: (-0.7, 0.7, 2.9) 13
[16:06:22.811]: (-0.7, 0.7, 2.9) 13
[16:06:22.828]: (-0.7, 0.7, 2.9) 13
[16:06:22.843]: (-0.7, 0.7, 2.9) 13
[16:06:22.861]: (-0.7, 0.7, 2.9) 13
[16:06:22.877]: (-0.5, 0.9, 2.0) 4
[16:06:22.897]: (-0.7, 0.7, 2.9) 13
[16:06:22.920]: (-0.6, 0.7, 2.9) 13
[16:06:23.582]: (-0.7, 0.7, 2.9) 13
[16:06:23.603]: (-0.8, 0.7, 2.9) 13
[16:06:23.625]: (-0.6, 0.9, 2.0) 4
[16:06:23.923]: (-0.7, 1.0, 1.7) 3
[16:06:23.946]: (-0.7, 1.0, 1.8) 4
[16:06:23.968]: (-0.8, 0.8, 2.7) 12
[16:06:24.453]: (-1.5, 0.9, 2.5) 13
[16:06:25.342]: (-1.1, 0.8, 2.6) 13
[16:06:25.667]: (-0.7, 0.8, 2.6) 13
[16:06:25.691]: (-0.7, 0.9, 2.7) 13
[16:06:25.711]: (-0.7, 0.9, 2.6) 13
[16:06:25.732]: (-0.7, 0.9, 2.6) 13
[16:06:25.756]: (-0.7, 0.9, 2.7) 13
[16:06:25.776]: (-0.7, 0.9, 2.6) 13
[16:06:26.108]: (-0.7, 1.1, 1.7) 4
[16:06:26.129]: (-0.7, 1.1, 1.7) 4
[16:06:26.152]: (-0.7, 1.1, 1.7) 4
[16:06:26.174]: (-0.7, 1.1, 1.7) 4
[16:06:26.196]: (-0.7, 1.1, 1.7) 4
[16:06:26.219]: (-0.7, 1.1, 1.7) 4
[16:06:26.240]: (-0.7, 1.1, 1.7) 4
[16:06:26.263]: (-0.6, 1.1, 1.7) 4
[16:06:26.285]: (-0.6, 1.1, 1.7) 4
[16:06:26.308]: (-0.6, 1.1, 1.7) 4
[16:06:26.332]: (-0.6, 1.1, 1.7) 4
[16:06:26.355]: (-0.6, 1.1, 1.7) 4
[16:06:26.378]: (-0.6, 1.1, 1.7) 4
[16:06:26.401]: (-0.6, 1.1, 1.7) 4
[16:06:26.423]: (-0.6, 1.1, 1.7) 4
[16:06:26.444]: (-0.6, 1.1, 1.7) 4
[16:06:26.469]: (-0.9, 1.0, 2.6) 13
[16:06:27.644]: (-0.2, 1.6, 1.6) 4
[16:06:27.677]: (-0.2, 1.6, 1.6) 4
[16:06:27.710]: (-0.2, 1.6, 1.6) 4
[16:06:27.810]: (-0.2, 1.7, 2.6) 12
[16:06:27.844]: (-0.3, 1.7, 2.6) 12
[16:06:27.877]: (-0.3, 1.7, 2.6) 12
[16:06:27.907]: (-0.3, 1.7, 2.6) 13
[16:06:27.946]: (-0.3, 1.7, 2.6) 13
[16:06:27.977]: (-0.3, 1.7, 2.6) 13
[16:06:28.007]: (-0.3, 1.7, 2.6) 13
[16:06:28.040]: (-0.3, 1.7, 2.6) 13
[16:06:28.074]: (-0.3, 1.7, 2.6) 13
[16:06:28.107]: (-0.3, 1.5, 1.6) 4
[16:06:28.140]: (-0.3, 1.5, 1.6) 4
[16:06:28.175]: (-0.3, 1.5, 1.6) 4
[16:06:28.206]: (-0.4, 1.5, 1.6) 4
[16:06:28.241]: (-0.4, 1.5, 1.6) 4
[16:06:28.273]: (-0.3, 1.5, 1.6) 4
[16:06:28.307]: (-0.3, 1.5, 1.6) 4
[16:06:28.328]: (-0.3, 1.5, 1.6) 4
[16:06:28.350]: (-0.3, 1.5, 1.6) 4
[16:06:28.374]: (-0.3, 1.5, 1.6) 4
[16:06:28.395]: (-0.3, 1.5, 1.6) 4
[16:06:28.418]: (-0.3, 1.5, 1.6) 4
[16:06:28.440]: (-0.3, 1.5, 1.6) 4
[16:06:28.461]: (-0.3, 1.5, 1.6) 4
[16:06:28.484]: (-0.3, 1.5, 1.6) 4
[16:06:28.506]: (-0.3, 1.5, 1.6) 4
[16:06:28.528]: (-0.3, 1.5, 1.6) 4
[16:06:28.551]: (-0.3, 1.5, 1.6) 4
[16:06:28.577]: (-0.3, 1.5, 1.6) 4
[16:06:28.600]: (-0.3, 1.5, 1.6) 4
[16:06:28.620]: (-0.3, 1.5, 1.6) 4
[16:06:28.688]: (-0.3, 1.5, 2.6) 12
[16:06:28.710]: (-0.3, 1.5, 2.6) 12
[16:06:28.732]: (-0.3, 1.5, 2.6) 12
[16:06:28.754]: (-0.3, 1.5, 2.6) 12
[16:06:28.798]: (-0.4, 1.5, 2.6) 13
[16:06:28.821]: (-0.4, 1.5, 2.6) 13
[16:06:28.843]: (-0.4, 1.5, 2.6) 13
[16:06:29.338]: (-0.2, 1.8, 1.5) 4
[16:06:29.364]: (-0.2, 1.8, 1.5) 4
[16:06:29.390]: (-0.1, 1.8, 1.5) 4
[16:06:29.413]: (-0.1, 1.8, 1.5) 4
[16:06:29.439]: (-0.2, 1.8, 1.4) 3
[16:06:29.463]: (-0.2, 1.8, 1.4) 3
[16:06:29.614]: (-0.2, 1.8, 1.4) 3
[16:06:29.636]: (-0.2, 1.8, 1.4) 3
[16:06:29.735]: (-0.3, 1.9, 1.5) 4
[16:06:29.752]: (-0.3, 1.9, 1.5) 4
[16:06:29.772]: (-0.3, 1.9, 1.5) 4
[16:06:29.790]: (-0.3, 1.9, 1.5) 4
[16:06:29.806]: (-0.3, 1.9, 1.5) 4
[16:06:29.825]: (-0.3, 1.8, 1.5) 4
[16:06:29.841]: (-0.3, 1.8, 1.5) 4
[16:06:29.860]: (-0.3, 1.8, 1.5) 4
[16:06:29.877]: (-0.3, 1.8, 1.5) 4
[16:06:29.894]: (-0.3, 1.8, 1.5) 4
[16:06:29.912]: (-0.3, 1.8, 1.5) 4
[16:06:29.930]: (-0.3, 1.8, 1.5) 4
[16:06:29.947]: (-0.3, 1.8, 1.5) 4
[16:06:30.250]: (-0.3, 1.9, 1.5) 4
[16:06:30.272]: (-0.3, 1.9, 1.5) 4
[16:06:30.293]: (-0.4, 1.9, 1.5) 4
[16:06:30.316]: (-0.4, 1.9, 1.5) 4
[16:06:30.806]: (-0.3, 2.0, 1.4) 4
[16:06:30.828]: (-0.3, 2.0, 1.4) 4
[16:06:31.220]: (-0.3, 1.7, 1.5) 4
[16:06:31.240]: (-0.3, 1.6, 1.4) 3
[16:06:31.264]: (-0.4, 1.6, 1.5) 4
[16:06:31.298]: (-0.4, 1.6, 1.5) 4
[16:06:31.331]: (-0.4, 1.6, 1.5) 4
[16:06:31.364]: (-0.4, 1.6, 1.5) 4
[16:06:31.398]: (-0.4, 1.6, 1.5) 4
[16:06:31.427]: (-0.4, 1.5, 1.5) 4
[16:06:31.460]: (-0.4, 1.5, 1.5) 4
[16:06:31.498]: (-0.4, 1.5, 1.5) 4
[16:06:31.531]: (-0.4, 1.5, 1.4) 3
[16:06:31.560]: (-0.4, 1.5, 1.4) 3
[16:06:31.594]: (-0.4, 1.5, 1.5) 4
[16:06:32.552]: (-0.4, 1.8, 1.4) 4
[16:06:32.574]: (-0.4, 1.8, 1.4) 4
[16:06:32.596]: (-0.4, 1.7, 1.5) 4
[16:06:32.697]: (-0.4, 1.7, 1.5) 4
[16:06:33.015]: (-0.5, 1.5, 1.4) 4
[16:06:33.049]: (-0.5, 1.5, 1.4) 4
[16:06:33.082]: (-0.5, 1.4, 1.4) 4
[16:06:33.115]: (-0.5, 1.4, 1.5) 4
[16:06:33.183]: (-0.5, 1.4, 1.5) 4
[16:06:33.215]: (-0.5, 1.4, 1.5) 4
[16:06:34.356]: (-1.1, 1.5, 1.8) 8
[16:06:35.079]: (-1.2, 1.5, 1.8) 8
[16:06:35.096]: (-1.2, 1.5, 1.8) 8
[16:06:35.114]: (-1.2, 1.5, 1.8) 8
[16:06:35.129]: (-1.2, 1.5, 1.8) 8
[16:06:35.303]: (-0.4, 1.6, 1.4) 4
[16:06:35.325]: (-0.4, 1.6, 1.4) 4
[16:06:35.347]: (-0.4, 1.6, 1.4) 4
[16:06:35.370]: (-0.4, 1.6, 1.4) 4
[16:06:35.392]: (-0.4, 1.6, 1.4) 4
[16:06:35.414]: (-0.4, 1.6, 1.4) 4
[16:06:35.436]: (-0.4, 1.6, 1.4) 4
[16:06:35.459]: (-0.4, 1.5, 1.4) 4
[16:06:35.480]: (-0.5, 1.5, 1.4) 4
[16:06:35.502]: (-0.5, 1.5, 1.4) 4
[16:06:35.526]: (-0.5, 1.6, 1.4) 4
[16:06:35.548]: (-0.5, 1.5, 1.4) 4
[16:06:35.829]: (-1.1, 0.9, 1.3) 5
[16:06:35.846]: (-1.1, 0.9, 1.3) 5
[16:06:35.862]: (-1.2, 0.9, 1.3) 5
[16:06:35.879]: (-1.1, 0.9, 1.3) 5
[16:06:35.897]: (-1.1, 0.9, 1.3) 5
[16:06:35.915]: (-1.1, 0.9, 1.3) 5
[16:06:35.933]: (-1.1, 0.9, 1.3) 5
[16:06:35.950]: (-1.2, 0.9, 1.3) 5
[16:06:35.967]: (-1.2, 0.9, 1.3) 5
[16:06:35.984]: (-1.2, 0.9, 1.3) 5
[16:06:36.003]: (-1.2, 0.9, 1.3) 5
[16:06:36.019]: (-1.2, 0.9, 1.3) 5
[16:06:36.036]: (-1.2, 0.9, 1.3) 5
[16:06:36.053]: (-1.2, 0.9, 1.3) 5
[16:06:36.071]: (-1.2, 0.9, 1.3) 5
[16:06:36.089]: (-1.2, 0.9, 1.3) 5
[16:06:36.105]: (-1.2, 0.9, 1.3) 5
[16:06:36.122]: (-1.2, 0.9, 1.3) 5
[16:06:36.138]: (-1.2, 0.9, 1.3) 5
[16:06:36.155]: (-1.2, 0.9, 1.3) 5
[16:06:36.173]: (-1.2, 0.9, 1.3) 5
[16:06:36.206]: (-1.2, 0.9, 1.3) 5
[16:06:36.224]: (-1.2, 0.9, 1.3) 5
[16:06:36.240]: (-1.2, 0.9, 1.4) 5
[16:06:36.348]: (-1.2, 0.9, 1.4) 5
[16:06:36.369]: (-1.2, 0.9, 1.3) 5
[16:06:36.784]: (-0.7, 2.3, 2.0) 13
[16:06:36.806]: (-0.7, 2.3, 2.0) 13
[16:06:36.827]: (-0.7, 2.3, 2.0) 12
[16:06:36.931]: (-0.7, 2.3, 2.0) 12
[16:06:36.952]: (-0.7, 2.3, 2.0) 12
[16:06:36.975]: (-0.7, 2.3, 2.0) 13
[16:06:36.995]: (-0.7, 2.2, 2.0) 13
[16:06:37.016]: (-0.7, 2.2, 2.0) 13
[16:06:37.038]: (-0.7, 2.2, 2.0) 13
[16:06:37.060]: (-0.7, 2.2, 2.0) 13
[16:06:37.082]: (-0.7, 2.2, 2.0) 13
[16:06:37.308]: (-0.7, 2.2, 2.0) 13
[16:06:37.331]: (-0.7, 2.2, 2.0) 13
[16:06:37.351]: (-0.7, 2.2, 2.0) 13
[16:06:37.373]: (-0.7, 2.2, 2.0) 13
[16:06:37.395]: (-0.7, 2.2, 2.0) 13
[16:06:37.430]: (-0.7, 2.2, 2.0) 13
[16:06:37.460]: (-0.7, 2.2, 2.0) 13
[16:06:37.492]: (-0.7, 2.2, 2.0) 12
[16:06:37.526]: (-0.7, 2.2, 2.0) 12
[16:06:37.563]: (-0.7, 2.2, 2.0) 13
[16:06:37.595]: (-0.7, 2.2, 2.0) 13
[16:06:37.624]: (-0.7, 2.2, 2.0) 13
[16:06:37.657]: (-0.7, 2.2, 2.0) 13
[16:06:37.692]: (-0.7, 2.2, 2.0) 13
[16:06:37.724]: (-0.7, 2.2, 2.0) 12
[16:06:37.758]: (-0.7, 2.2, 2.0) 13
[16:06:37.792]: (-0.7, 2.2, 2.0) 13
[16:06:38.413]: (-0.8, 2.2, 2.0) 13
[16:06:38.435]: (-0.7, 2.2, 2.0) 13
[16:06:38.479]: (-0.7, 2.2, 2.0) 13
[16:06:38.502]: (-0.7, 2.2, 2.0) 13
[16:06:38.524]: (-0.7, 2.2, 2.0) 13
[16:06:38.546]: (-0.7, 2.2, 2.0) 13
[16:06:38.568]: (-0.7, 2.2, 2.0) 13
[16:06:38.658]: (-0.7, 2.2, 2.0) 12
[16:06:38.679]: (-0.7, 2.2, 2.0) 12
[16:06:38.703]: (-0.7, 2.2, 2.0) 13
[16:06:38.723]: (-0.7, 2.2, 2.0) 13
[16:06:38.746]: (-0.7, 2.2, 2.0) 13
[16:06:38.769]: (-0.7, 2.2, 2.0) 12
[16:06:38.790]: (-0.7, 2.2, 2.0) 12
[16:06:38.814]: (-0.7, 2.2, 1.9) 12
[16:06:38.837]: (-0.7, 2.2, 2.0) 12
[16:06:38.859]: (-0.7, 2.2, 2.0) 12
[16:06:38.883]: (-0.7, 2.2, 2.0) 12
[16:06:39.128]: (-0.7, 2.2, 2.0) 13
[16:06:39.150]: (-0.7, 2.2, 2.0) 13
[16:06:39.172]: (-0.7, 2.2, 2.0) 13
[16:06:39.194]: (-0.7, 2.2, 2.0) 13
[16:06:39.217]: (-0.7, 2.2, 2.0) 13
[16:06:39.239]: (-0.7, 2.2, 2.0) 13
[16:06:39.261]: (-0.7, 2.2, 2.0) 13
[16:06:39.285]: (-0.7, 2.2, 2.0) 13
[16:06:39.306]: (-0.7, 2.2, 2.0) 13
[16:06:39.323]: (-0.7, 2.2, 2.0) 13
[16:06:40.597]: (-0.5, 1.6, 1.3) 4
[16:06:40.681]: (-0.5, 1.5, 1.3) 4
[16:06:40.703]: (-0.5, 1.5, 1.3) 4
[16:06:40.727]: (-0.5, 1.5, 1.3) 4
[16:06:40.750]: (-0.5, 1.5, 1.3) 4
[16:06:40.772]: (-0.5, 1.5, 1.3) 4
[16:06:40.793]: (-0.5, 1.5, 1.3) 4
[16:06:40.814]: (-0.5, 1.5, 1.3) 4
[16:06:40.833]: (-0.5, 1.5, 1.3) 4
[16:06:40.855]: (-0.5, 1.5, 1.3) 4
[16:06:40.875]: (-0.5, 1.5, 1.3) 4
[16:06:40.906]: (-0.5, 1.5, 1.3) 4
[16:06:40.939]: (-0.5, 1.5, 1.3) 4
[16:06:40.973]: (-0.5, 1.5, 1.3) 4
[16:06:41.890]: (0.2, 1.1, 0.7) 0
[16:06:41.912]: (0.2, 1.1, 0.7) 0
[16:06:41.934]: (0.2, 1.1, 0.6) 0
[16:06:43.211]: (0.2, 1.1, 0.7) 0
