[16:22:11.664]: (-2.4, -0.8, 0.0) 0
[16:22:12.022]: (-2.3, -0.8, 0.3) 0
[16:22:12.176]: (-3.3, -0.9, 1.4) 22
[16:22:12.200]: (-2.6, -0.2, 1.1) 3
[16:22:12.222]: (-2.4, -0.1, 1.1) 2
[16:22:12.247]: (-2.4, 0.1, 1.3) 0
[16:22:12.269]: (-2.4, 0.2, 1.4) 0
[16:22:12.292]: (-2.3, 0.3, 1.4) 2
[16:22:12.314]: (-2.3, 0.3, 1.6) 4
[16:22:12.336]: (-2.2, 0.4, 1.7) 4
[16:22:12.357]: (-2.2, 0.6, 1.8) 2
[16:22:13.043]: (-1.0, 1.9, 2.3) 1
[16:22:13.478]: (-1.2, 1.9, 2.8) 16
[16:22:15.720]: (-1.0, 2.6, 3.1) 21
[16:22:15.742]: (-1.0, 2.6, 3.2) 24
[16:22:15.764]: (-1.0, 2.6, 3.2) 24
[16:22:15.827]: (-0.9, 2.6, 3.1) 25
[16:22:15.849]: (-0.9, 2.6, 3.1) 25
[16:22:15.875]: (-0.9, 2.6, 3.1) 25
[16:22:17.260]: (-0.5, 1.7, 2.1) 4
[16:22:17.293]: (-0.4, 1.7, 2.1) 4
[16:22:17.326]: (-0.4, 1.7, 2.1) 4
[16:22:17.359]: (-0.4, 1.7, 2.0) 2
[16:22:17.393]: (-0.4, 1.6, 2.0) 2
[16:22:17.426]: (-0.4, 1.6, 2.0) 2
[16:22:17.460]: (-0.4, 1.6, 2.0) 2
[16:22:17.493]: (-0.4, 1.7, 2.1) 4
[16:22:17.526]: (-0.4, 1.7, 2.1) 4
[16:22:17.560]: (-0.4, 1.7, 2.1) 4
[16:22:17.659]: (-1.2, 1.9, 2.0) 18
[16:22:18.052]: (-1.0, 1.5, 1.2) 6
[16:22:18.671]: (-0.2, 1.8, 2.1) 5
[16:22:18.693]: (-0.2, 1.8, 2.1) 5
[16:22:18.715]: (-0.2, 1.8, 2.1) 5
[16:22:18.739]: (-0.2, 1.8, 2.1) 5
[16:22:18.763]: (-0.2, 1.8, 2.1) 5
[16:22:18.783]: (-0.2, 1.8, 2.1) 5
[16:22:18.809]: (-0.2, 1.8, 2.1) 5
[16:22:18.827]: (-0.2, 1.8, 2.1) 5
[16:22:18.850]: (-0.2, 1.8, 2.1) 5
[16:22:18.872]: (-0.2, 1.8, 2.1) 5
[16:22:18.894]: (-0.2, 1.8, 2.1) 5
[16:22:18.917]: (-0.2, 1.6, 1.9) 2
[16:22:18.940]: (-0.2, 1.7, 1.9) 2
[16:22:18.962]: (-0.2, 1.7, 2.1) 5
[16:22:18.985]: (-0.2, 1.7, 2.0) 4
[16:22:19.006]: (-0.2, 1.7, 1.9) 4
[16:22:19.028]: (-0.2, 1.7, 1.9) 4
[16:22:19.051]: (-0.2, 1.7, 1.9) 4
[16:22:19.073]: (-0.2, 1.7, 1.9) 4
[16:22:19.096]: (-0.2, 1.7, 2.0) 4
[16:22:19.118]: (-0.2, 1.7, 1.9) 4
[16:22:19.145]: (-0.2, 1.7, 1.9) 4
[16:22:19.168]: (-0.2, 1.7, 2.0) 4
[16:22:19.231]: (-0.2, 1.7, 1.9) 4
[16:22:19.365]: (-0.9, 2.4, 2.6) 49
[16:22:19.454]: (-1.0, 2.5, 2.5) 49
[16:22:19.476]: (-1.0, 2.4, 2.5) 49
[16:22:19.521]: (-1.0, 2.4, 2.6) 49
[16:22:19.544]: (-1.1, 2.4, 2.5) 49
[16:22:19.567]: (-1.1, 2.5, 2.6) 47
[16:22:19.588]: (-1.1, 2.4, 2.5) 49
[16:22:19.818]: (-1.2, 1.7, 1.8) 18
[16:22:19.843]: (-1.2, 1.6, 1.8) 18
[16:22:19.866]: (-1.2, 1.7, 1.8) 18
[16:22:19.887]: (-1.2, 1.6, 1.8) 18
[16:22:19.912]: (-1.2, 1.6, 1.8) 18
[16:22:19.934]: (-1.2, 1.6, 1.8) 18
[16:22:19.954]: (-1.2, 1.6, 1.8) 18
[16:22:19.971]: (-1.3, 1.6, 1.8) 18
[16:22:19.988]: (-1.2, 1.6, 1.8) 18
[16:22:20.021]: (-1.3, 1.6, 1.8) 18
[16:22:20.046]: (-1.2, 1.6, 1.8) 18
[16:22:20.081]: (-1.2, 1.6, 1.8) 18
[16:22:20.113]: (-1.2, 1.6, 1.8) 18
[16:22:20.180]: (-0.3, 1.4, 2.1) 5
[16:22:20.249]: (-0.3, 1.4, 2.1) 3
[16:22:20.280]: (-0.3, 1.4, 2.1) 3
[16:22:20.314]: (-0.3, 1.3, 2.1) 3
[16:22:20.346]: (-0.3, 1.4, 2.1) 3
[16:22:20.380]: (-0.3, 1.4, 2.1) 5
[16:22:20.413]: (-0.3, 1.4, 2.0) 3
[16:22:20.449]: (-0.3, 1.3, 1.9) 0
[16:22:20.481]: (-0.3, 1.3, 1.9) 0
[16:22:20.514]: (-0.3, 1.3, 1.9) 0
[16:22:20.547]: (-0.3, 1.3, 1.9) 0
[16:22:20.582]: (-0.3, 1.3, 1.9) 0
[16:22:20.618]: (-0.3, 1.3, 2.1) 3
[16:22:20.650]: (-0.3, 1.3, 2.0) 3
[16:22:20.684]: (-0.3, 1.3, 2.0) 3
[16:22:20.743]: (-0.3, 1.3, 1.9) 1
[16:22:20.766]: (-0.4, 1.3, 1.9) 1
[16:22:20.788]: (-0.3, 1.3, 1.9) 1
[16:22:21.339]: (-1.2, 1.7, 1.8) 18
[16:22:21.692]: (-1.3, 1.1, 1.0) 6
[16:22:21.715]: (-1.3, 1.1, 1.0) 6
[16:22:21.737]: (-1.3, 1.1, 1.0) 6
[16:22:21.759]: (-1.3, 1.1, 1.0) 6
[16:22:21.782]: (-1.3, 1.1, 1.0) 6
[16:22:21.849]: (-1.3, 1.1, 1.0) 6
[16:22:21.873]: (-1.3, 1.1, 1.0) 6
[16:22:21.894]: (-1.3, 1.1, 0.9) 7
[16:22:21.917]: (-1.3, 1.1, 0.9) 6
[16:22:21.940]: (-1.3, 1.1, 0.9) 7
[16:22:21.960]: (-1.3, 1.1, 0.9) 7
[16:22:21.978]: (-1.3, 1.1, 0.9) 7
[16:22:22.002]: (-1.3, 1.1, 0.9) 7
[16:22:22.025]: (-1.3, 1.1, 0.9) 7
[16:22:22.046]: (-1.5, 1.1, 1.1) 13
[16:22:22.067]: (-1.4, 1.1, 1.0) 8
[16:22:22.089]: (-1.4, 1.1, 1.0) 8
[16:22:22.153]: (-1.4, 1.1, 1.1) 8
[16:22:22.177]: (-1.3, 1.2, 1.1) 8
[16:22:22.360]: (-1.2, 1.3, 1.2) 9
[16:22:22.382]: (-1.2, 1.3, 1.2) 9
[16:22:22.404]: (-1.2, 1.3, 1.2) 9
[16:22:22.429]: (-1.1, 1.3, 1.2) 9
[16:22:22.452]: (-1.1, 1.3, 1.2) 9
[16:22:22.476]: (-1.1, 1.3, 1.2) 9
[16:22:22.496]: (-1.1, 1.3, 1.2) 9
[16:22:22.520]: (-1.1, 1.3, 1.2) 9
[16:22:22.542]: (-1.1, 1.3, 1.2) 9
[16:22:22.563]: (-1.1, 1.3, 1.2) 9
[16:22:22.581]: (-1.1, 1.3, 1.2) 9
[16:22:22.598]: (-1.2, 1.3, 1.2) 9
[16:22:22.615]: (-1.2, 1.3, 1.2) 9
[16:22:22.633]: (-1.2, 1.3, 1.2) 9
[16:22:22.653]: (-1.2, 1.3, 1.2) 9
[16:22:22.673]: (-1.2, 1.3, 1.1) 9
[16:22:22.690]: (-1.2, 1.3, 1.1) 9
[16:22:22.724]: (-1.2, 1.3, 1.2) 9
[16:22:22.757]: (-1.1, 1.3, 1.2) 9
[16:22:22.793]: (-1.1, 1.3, 1.2) 9
[16:22:22.823]: (-1.1, 1.3, 1.2) 9
[16:22:22.857]: (-1.1, 1.3, 1.2) 9
[16:22:22.926]: (-1.1, 1.3, 1.2) 9
[16:22:23.024]: (-1.1, 1.3, 1.2) 9
[16:22:23.058]: (-1.1, 1.3, 1.2) 9
[16:22:23.090]: (-1.1, 1.2, 1.2) 6
[16:22:24.205]: (0.0, 1.7, 2.6) 26
[16:22:24.227]: (0.1, 1.7, 2.8) 22
[16:22:24.252]: (0.0, 1.7, 2.6) 26
[16:22:24.276]: (0.0, 1.7, 2.6) 26
[16:22:24.585]: (-1.1, 1.5, 1.1) 9
[16:22:24.632]: (-1.1, 1.5, 1.1) 9
[16:22:24.654]: (-1.1, 1.5, 1.1) 9
[16:22:25.098]: (-1.1, 1.6, 1.1) 6
[16:22:25.120]: (-1.1, 1.5, 1.0) 6
[16:22:25.142]: (-1.1, 1.5, 1.0) 6
[16:22:25.164]: (-1.1, 1.5, 1.0) 6
[16:22:25.188]: (-1.1, 1.5, 1.0) 6
[16:22:25.211]: (-1.1, 1.5, 1.1) 6
[16:22:25.232]: (-1.1, 1.5, 1.1) 6
[16:22:25.253]: (-1.1, 1.5, 1.1) 6
[16:22:25.276]: (-1.1, 1.5, 1.1) 6
[16:22:25.299]: (-1.1, 1.5, 1.1) 6
[16:22:25.320]: (-1.1, 1.5, 1.1) 6
[16:22:25.342]: (-1.1, 1.5, 1.1) 6
[16:22:25.364]: (-1.1, 1.5, 1.1) 6
[16:22:25.385]: (-1.1, 1.5, 1.1) 6
[16:22:25.675]: (-1.3, 3.0, 2.4) 79
[16:22:25.703]: (-1.3, 2.9, 2.4) 81
[16:22:25.739]: (-1.3, 2.9, 2.5) 82
[16:22:25.769]: (-1.4, 2.9, 2.6) 82
[16:22:25.971]: (-1.6, 2.5, 2.6) 82
[16:22:26.004]: (-1.7, 2.4, 2.6) 79
[16:22:26.039]: (-1.7, 2.3, 2.5) 81
[16:22:26.061]: (-1.7, 2.3, 2.5) 81
[16:22:26.083]: (-1.7, 2.3, 2.5) 81
[16:22:26.105]: (-1.7, 2.3, 2.5) 81
[16:22:26.126]: (-1.7, 2.3, 2.5) 81
[16:22:26.277]: (-1.9, 2.2, 2.5) 85
[16:22:26.300]: (-2.0, 1.9, 2.0) 40
[16:22:26.322]: (-2.1, 1.8, 1.7) 34
[16:22:26.344]: (-1.9, 1.8, 1.7) 35
[16:22:26.367]: (-2.1, 1.8, 1.7) 36
[16:22:26.411]: (-2.1, 1.8, 1.7) 36
[16:22:26.433]: (-2.1, 1.8, 1.7) 36
[16:22:26.478]: (-2.1, 1.8, 1.7) 36
[16:22:26.544]: (-2.1, 1.8, 1.7) 36
[16:22:26.568]: (-2.1, 1.8, 1.7) 36
[16:22:26.588]: (-2.1, 1.8, 1.7) 36
[16:22:26.634]: (-2.1, 1.8, 1.7) 36
[16:22:26.654]: (-2.1, 1.8, 1.7) 36
[16:22:26.811]: (-2.0, 1.8, 1.9) 38
[16:22:26.926]: (-1.8, 2.2, 2.5) 85
[16:22:26.949]: (-1.8, 2.2, 2.5) 85
[16:22:27.388]: (-1.6, 2.1, 1.8) 35
[16:22:27.410]: (-1.7, 2.2, 2.0) 40
[16:22:27.433]: (-1.6, 2.1, 1.8) 35
[16:22:27.456]: (-1.8, 2.2, 2.0) 40
[16:22:27.478]: (-1.8, 2.2, 2.0) 40
[16:22:27.500]: (-1.8, 2.2, 2.0) 40
[16:22:27.523]: (-1.8, 2.2, 2.0) 40
[16:22:27.544]: (-1.8, 2.1, 2.0) 40
[16:22:27.565]: (-1.8, 2.1, 2.0) 40
[16:22:27.588]: (-1.9, 2.1, 2.0) 40
[16:22:27.611]: (-1.9, 2.1, 2.0) 40
[16:22:27.634]: (-1.9, 2.1, 2.0) 40
[16:22:27.977]: (-1.1, 1.0, 1.2) 6
[16:22:27.998]: (-1.1, 1.0, 1.2) 6
[16:22:28.021]: (-1.1, 1.0, 1.2) 6
[16:22:28.044]: (-1.1, 1.0, 1.2) 6
[16:22:28.067]: (-1.1, 1.0, 1.2) 6
[16:22:28.088]: (-1.1, 1.0, 1.2) 6
[16:22:28.110]: (-1.1, 1.0, 1.2) 6
[16:22:28.133]: (-1.1, 1.0, 1.2) 6
[16:22:28.154]: (-1.1, 1.0, 1.2) 6
[16:22:28.177]: (-1.1, 1.0, 1.2) 6
[16:22:28.288]: (-1.1, 1.0, 1.2) 6
[16:22:28.305]: (-1.1, 1.0, 1.2) 6
[16:22:28.324]: (-1.1, 1.0, 1.2) 6
[16:22:28.341]: (-1.1, 1.0, 1.2) 6
[16:22:28.357]: (-1.1, 1.0, 1.2) 6
[16:22:28.376]: (-1.1, 1.0, 1.2) 6
[16:22:28.394]: (-1.1, 1.0, 1.2) 6
[16:22:28.412]: (-1.1, 1.0, 1.2) 6
[16:22:28.430]: (-1.1, 1.0, 1.2) 6
[16:22:28.448]: (-1.1, 1.0, 1.2) 6
[16:22:28.466]: (-1.1, 1.0, 1.2) 6
[16:22:28.482]: (-1.1, 1.0, 1.2) 6
[16:22:28.499]: (-1.1, 1.0, 1.2) 6
[16:22:28.515]: (-1.1, 1.0, 1.2) 6
[16:22:28.566]: (-1.1, 1.0, 1.2) 6
[16:22:28.584]: (-1.1, 1.0, 1.2) 6
[16:22:28.602]: (-1.1, 1.0, 1.2) 6
[16:22:28.622]: (-1.1, 1.0, 1.2) 6
[16:22:28.641]: (-1.1, 1.0, 1.2) 6
[16:22:28.659]: (-1.1, 1.0, 1.2) 6
[16:22:28.679]: (-1.1, 1.0, 1.2) 6
[16:22:28.704]: (-1.1, 1.0, 1.2) 6
[16:22:28.727]: (-1.1, 1.0, 1.2) 6
[16:22:28.748]: (-1.1, 1.0, 1.3) 10
[16:22:28.770]: (-1.1, 1.0, 1.3) 10
[16:22:28.792]: (-1.1, 1.0, 1.3) 10
[16:22:28.816]: (-1.1, 1.0, 1.2) 10
[16:22:28.840]: (-1.1, 1.0, 1.2) 10
[16:22:28.863]: (-1.2, 1.1, 1.2) 6
[16:22:28.886]: (-1.2, 1.0, 1.3) 10
[16:22:28.908]: (-1.2, 1.1, 1.2) 10
[16:22:28.981]: (-1.2, 1.1, 1.2) 6
[16:22:29.018]: (-1.2, 1.1, 1.1) 6
[16:22:29.049]: (-1.2, 1.1, 1.2) 6
[16:22:29.278]: (-1.4, 1.1, 1.2) 8
[16:22:29.312]: (-1.4, 1.1, 1.1) 8
[16:22:29.344]: (-1.4, 1.1, 1.1) 8
[16:22:29.377]: (-1.4, 1.1, 1.1) 8
[16:22:29.412]: (-1.4, 1.1, 1.1) 8
[16:22:29.445]: (-1.4, 1.0, 1.1) 8
[16:22:29.477]: (-1.2, 1.0, 1.0) 7
[16:22:29.511]: (-1.2, 1.0, 1.0) 7
[16:22:29.544]: (-1.2, 1.0, 1.0) 7
[16:22:29.578]: (-1.3, 1.0, 1.2) 10
[16:22:29.599]: (-1.2, 1.0, 1.1) 12
[16:22:29.621]: (-1.2, 1.0, 1.1) 12
[16:22:29.738]: (-1.4, 1.1, 1.1) 10
[16:22:29.765]: (-1.4, 1.2, 1.0) 6
[16:22:29.810]: (-1.5, 1.2, 1.0) 8
[16:22:29.835]: (-1.5, 1.2, 1.0) 8
[16:22:29.861]: (-1.5, 1.2, 1.1) 8
[16:22:29.884]: (-1.5, 1.2, 1.1) 8
[16:22:30.310]: (-1.4, 1.2, 1.3) 14
[16:22:30.421]: (-1.2, 1.2, 1.2) 9
[16:22:30.488]: (-1.3, 1.1, 1.2) 10
[16:22:30.510]: (-1.2, 1.0, 1.2) 10
[16:22:30.532]: (-1.3, 1.0, 1.2) 10
[16:22:30.554]: (-1.3, 1.0, 1.2) 10
[16:22:30.576]: (-1.3, 1.0, 1.2) 10
[16:22:30.599]: (-1.2, 1.1, 1.1) 6
[16:22:30.620]: (-1.2, 1.1, 1.0) 7
[16:22:30.643]: (-1.2, 1.1, 1.1) 6
[16:22:30.664]: (-1.3, 1.1, 1.1) 6
[16:22:30.688]: (-1.2, 1.1, 1.1) 6
[16:22:30.711]: (-1.3, 1.1, 1.1) 6
[16:22:30.732]: (-1.3, 1.1, 1.1) 6
[16:22:30.755]: (-1.3, 1.1, 1.1) 6
[16:22:30.777]: (-1.2, 1.1, 1.0) 7
[16:22:30.799]: (-1.2, 1.1, 1.0) 7
[16:22:30.820]: (-1.2, 1.1, 1.0) 7
[16:22:30.843]: (-1.2, 1.1, 1.0) 7
[16:22:30.864]: (-1.2, 1.1, 1.0) 7
[16:22:30.887]: (-1.2, 1.1, 1.0) 7
[16:22:30.910]: (-1.2, 1.1, 1.0) 7
[16:22:30.931]: (-1.2, 1.1, 1.0) 7
[16:22:30.955]: (-1.2, 1.1, 1.0) 7
[16:22:30.976]: (-1.2, 1.1, 1.0) 7
[16:22:30.998]: (-1.2, 1.1, 1.0) 7
[16:22:31.020]: (-1.2, 1.1, 1.0) 7
[16:22:31.043]: (-1.2, 1.1, 1.0) 7
[16:22:31.065]: (-1.2, 1.1, 1.0) 7
[16:22:31.086]: (-1.2, 1.1, 1.0) 7
[16:22:31.111]: (-1.3, 1.0, 1.2) 10
[16:22:31.131]: (-1.3, 1.0, 1.2) 10
[16:22:31.154]: (-1.3, 1.0, 1.2) 10
[16:22:31.176]: (-1.3, 1.0, 1.2) 10
[16:22:31.198]: (-1.3, 1.0, 1.2) 10
[16:22:31.221]: (-1.3, 1.0, 1.2) 10
[16:22:31.242]: (-1.3, 1.0, 1.2) 10
[16:22:31.265]: (-1.3, 1.0, 1.2) 10
[16:22:31.287]: (-1.3, 1.0, 1.2) 10
[16:22:31.310]: (-1.3, 1.0, 1.2) 10
[16:22:31.331]: (-1.3, 1.0, 1.2) 10
[16:22:31.353]: (-1.3, 1.0, 1.2) 10
[16:22:31.375]: (-1.3, 1.0, 1.2) 10
[16:22:31.398]: (-1.3, 1.0, 1.2) 10
[16:22:31.421]: (-1.3, 1.0, 1.2) 10
[16:22:31.511]: (-0.3, 0.8, 1.9) 2
[16:22:31.528]: (-0.3, 0.7, 1.9) 0
[16:22:31.546]: (-0.3, 0.8, 1.9) 2
[16:22:31.564]: (-0.3, 0.8, 1.9) 2
[16:22:31.583]: (-0.3, 0.8, 1.9) 0
[16:22:31.602]: (-0.3, 0.8, 1.9) 0
[16:22:31.636]: (-0.3, 0.8, 2.0) 0
[16:22:31.654]: (-0.3, 0.8, 1.9) 0
[16:22:31.673]: (-0.3, 0.8, 1.9) 2
[16:22:31.693]: (-0.3, 0.8, 1.9) 2
[16:22:31.714]: (-0.3, 0.8, 1.9) 2
[16:22:31.735]: (-0.3, 0.8, 1.9) 2
[16:22:31.753]: (-0.3, 0.8, 1.9) 2
[16:22:31.772]: (-0.3, 0.8, 1.9) 2
[16:22:31.789]: (-0.3, 0.8, 1.9) 2
[16:22:31.807]: (-0.3, 0.8, 1.9) 2
[16:22:31.823]: (-0.3, 0.8, 1.9) 2
[16:22:31.840]: (-0.3, 0.8, 1.9) 2
[16:22:31.858]: (-0.3, 0.7, 1.9) 2
[16:22:31.876]: (-0.3, 0.8, 1.9) 2
[16:22:31.893]: (-0.4, 0.7, 1.9) 2
[16:22:31.912]: (-0.4, 0.7, 1.9) 2
[16:22:31.930]: (-0.4, 0.7, 1.9) 2
[16:22:32.109]: (-1.2, 1.0, 1.2) 10
[16:22:32.132]: (-1.2, 1.1, 1.2) 10
[16:22:32.155]: (-1.2, 1.1, 1.2) 10
[16:22:32.175]: (-1.2, 1.0, 1.2) 10
[16:22:32.198]: (-1.2, 1.0, 1.2) 10
[16:22:32.221]: (-1.2, 1.0, 1.2) 10
[16:22:32.242]: (-1.2, 1.0, 1.2) 10
[16:22:32.264]: (-1.2, 1.0, 1.2) 10
[16:22:32.287]: (-1.2, 1.0, 1.2) 10
[16:22:32.311]: (-1.2, 1.0, 1.2) 10
[16:22:32.331]: (-1.2, 1.0, 1.2) 10
[16:22:32.353]: (-1.2, 1.0, 1.2) 10
[16:22:32.376]: (-1.2, 1.0, 1.2) 10
[16:22:32.398]: (-1.2, 1.0, 1.2) 10
[16:22:32.420]: (-1.2, 1.0, 1.2) 10
[16:22:32.439]: (-1.2, 1.1, 1.2) 10
[16:22:32.456]: (-1.2, 1.1, 1.2) 10
[16:22:32.474]: (-1.2, 1.0, 1.2) 10
[16:22:32.493]: (-1.2, 1.1, 1.2) 10
[16:22:32.510]: (-1.2, 1.0, 1.2) 10
[16:22:32.528]: (-1.2, 1.0, 1.2) 10
[16:22:32.546]: (-1.2, 1.0, 1.2) 10
[16:22:32.566]: (-1.2, 1.0, 1.2) 10
[16:22:32.586]: (-1.2, 1.0, 1.2) 10
[16:22:32.607]: (-1.2, 1.0, 1.2) 10
[16:22:32.626]: (-1.2, 1.0, 1.2) 10
[16:22:32.643]: (-1.2, 1.0, 1.2) 10
[16:22:32.660]: (-1.2, 1.0, 1.2) 10
[16:22:32.678]: (-1.2, 1.0, 1.2) 10
[16:22:32.698]: (-1.2, 1.0, 1.2) 10
[16:22:32.716]: (-1.2, 1.0, 1.2) 10
[16:22:32.733]: (-1.2, 1.0, 1.2) 10
[16:22:32.752]: (-1.2, 1.0, 1.2) 10
[16:22:32.769]: (-1.2, 1.0, 1.2) 10
[16:22:32.787]: (-1.2, 1.0, 1.2) 10
[16:22:32.804]: (-1.2, 1.0, 1.2) 10
[16:22:32.821]: (-1.2, 1.0, 1.2) 10
[16:22:32.839]: (-1.2, 1.0, 1.2) 10
[16:22:32.863]: (-1.2, 1.0, 1.2) 10
[16:22:32.884]: (-1.2, 1.0, 1.2) 10
[16:22:32.901]: (-1.2, 1.0, 1.2) 10
[16:22:32.918]: (-1.2, 1.0, 1.2) 10
[16:22:32.935]: (-1.2, 1.0, 1.2) 10
[16:22:32.959]: (-1.2, 1.0, 1.2) 10
