[16:07:17.278]: (-0.6, 0.5, 3.3) 13
[16:07:17.306]: (-0.5, 0.6, 3.3) 13
[16:07:17.331]: (-0.5, 0.7, 3.3) 13
[16:07:17.354]: (-0.4, 0.7, 3.4) 13
[16:07:18.556]: (0.2, 1.7, 2.2) 10
[16:07:18.621]: (0.2, 1.8, 2.2) 10
[16:07:18.644]: (0.2, 1.8, 2.2) 10
[16:07:18.665]: (0.1, 1.8, 2.2) 10
[16:07:18.687]: (0.1, 1.8, 2.2) 10
[16:07:18.705]: (0.1, 1.7, 2.2) 10
[16:07:18.720]: (0.1, 1.7, 2.2) 10
[16:07:18.737]: (0.1, 1.7, 2.2) 10
[16:07:18.754]: (0.1, 1.7, 2.2) 10
[16:07:19.676]: (0.1, 2.2, 3.1) 13
[16:07:19.696]: (0.1, 2.2, 3.1) 13
[16:07:19.717]: (0.1, 2.2, 3.1) 13
[16:07:20.340]: (-0.1, 2.0, 2.0) 10
[16:07:21.617]: (-0.3, 1.9, 2.8) 12
[16:07:21.639]: (-0.3, 1.8, 2.8) 12
[16:07:21.662]: (-0.3, 1.7, 2.0) 9
[16:07:21.743]: (-0.3, 1.7, 2.0) 10
[16:07:21.763]: (-0.3, 1.7, 1.9) 10
[16:07:21.783]: (-0.3, 1.7, 1.9) 10
[16:07:21.810]: (-0.3, 1.7, 1.9) 10
[16:07:22.175]: (-0.3, 1.8, 2.0) 10
[16:07:22.273]: (-0.3, 1.7, 2.0) 10
[16:07:22.307]: (-0.3, 1.7, 1.9) 10
[16:07:22.340]: (-0.3, 1.7, 1.9) 10
[16:07:22.373]: (-0.3, 1.7, 1.9) 10
[16:07:22.744]: (-0.3, 1.8, 1.9) 10
[16:07:23.121]: (-0.6, 1.8, 2.7) 12
[16:07:25.361]: (-0.3, 1.4, 1.6) 11
[16:07:25.383]: (-0.3, 1.5, 1.6) 11
[16:07:25.449]: (-0.3, 1.5, 1.6) 11
[16:07:25.473]: (-0.3, 1.5, 1.6) 11
[16:07:25.496]: (-0.3, 1.5, 1.6) 11
[16:07:25.516]: (-0.3, 1.5, 1.6) 11
[16:07:25.539]: (-0.3, 1.5, 1.6) 11
[16:07:25.561]: (-0.3, 1.5, 1.6) 11
[16:07:25.583]: (-0.3, 1.5, 1.6) 11
[16:07:25.606]: (-0.3, 1.5, 1.6) 11
[16:07:25.627]: (-0.3, 1.5, 1.6) 11
[16:07:25.928]: (-0.5, 1.5, 1.8) 10
[16:07:25.948]: (-0.5, 1.5, 1.8) 10
[16:07:25.971]: (-0.5, 1.5, 1.8) 10
[16:07:25.991]: (-0.4, 1.5, 1.8) 10
[16:07:26.015]: (-0.4, 1.5, 1.8) 10
[16:07:26.034]: (-0.4, 1.5, 1.8) 10
[16:07:26.055]: (-0.4, 1.5, 1.8) 10
[16:07:26.076]: (-0.4, 1.5, 1.8) 10
[16:07:26.420]: (-0.5, 1.7, 1.8) 9
[16:07:27.048]: (0.4, 1.6, 0.8) 0
[16:07:27.519]: (0.5, 2.2, 1.3) 7
[16:07:27.986]: (-1.6, 1.9, 2.7) 4
[16:07:28.008]: (-1.6, 1.8, 2.8) 4
[16:07:28.246]: (-2.2, 1.4, 2.9) 14
[16:07:28.262]: (-2.3, 1.4, 2.9) 14
[16:07:28.294]: (-2.3, 1.4, 2.9) 14
[16:07:28.311]: (-2.3, 1.4, 2.9) 14
[16:07:28.328]: (-2.3, 1.4, 2.9) 14
[16:07:28.345]: (-2.2, 1.4, 2.9) 14
[16:07:28.362]: (-2.3, 1.4, 2.9) 14
[16:07:28.380]: (-2.2, 1.4, 2.9) 14
[16:07:28.396]: (-2.3, 1.4, 2.9) 14
[16:07:28.412]: (-2.2, 1.4, 3.0) 14
[16:07:28.429]: (-2.3, 1.3, 3.0) 14
[16:07:28.446]: (-2.2, 1.4, 3.0) 14
[16:07:28.462]: (-2.2, 1.4, 3.0) 14
[16:07:28.479]: (-2.2, 1.4, 2.9) 14
[16:07:28.570]: (-2.2, 1.4, 2.9) 14
[16:07:28.591]: (-2.2, 1.4, 2.9) 14
[16:07:28.626]: (-2.2, 1.4, 3.0) 14
[16:07:28.643]: (-2.2, 1.4, 3.0) 14
[16:07:28.679]: (-2.1, 1.5, 3.0) 14
[16:07:29.063]: (-0.2, 1.8, 1.6) 10
[16:07:29.244]: (-0.2, 1.9, 1.6) 10
[16:07:29.265]: (-0.2, 1.9, 1.6) 10
[16:07:29.326]: (-0.2, 1.9, 1.6) 10
[16:07:29.348]: (-0.2, 1.9, 1.6) 10
[16:07:29.364]: (-0.2, 1.9, 1.6) 10
[16:07:29.381]: (-0.2, 1.9, 1.6) 10
[16:07:29.403]: (-0.3, 1.9, 1.5) 10
[16:07:29.424]: (-0.3, 1.9, 1.5) 10
[16:07:29.440]: (-0.3, 1.9, 1.5) 10
[16:07:29.457]: (-0.3, 1.9, 1.5) 10
[16:07:29.474]: (-0.3, 1.9, 1.5) 10
[16:07:29.490]: (-0.3, 1.9, 1.5) 10
[16:07:29.506]: (-0.3, 1.9, 1.5) 10
[16:07:29.523]: (-0.3, 1.9, 1.6) 10
[16:07:29.540]: (-0.3, 1.9, 1.5) 10
[16:07:29.557]: (-0.3, 1.9, 1.5) 10
[16:07:29.574]: (-0.3, 1.9, 1.5) 10
[16:07:29.591]: (-0.3, 1.9, 1.5) 10
[16:07:29.608]: (-0.3, 1.9, 1.5) 10
[16:07:29.626]: (-0.3, 1.9, 1.5) 10
[16:07:29.643]: (-0.3, 1.9, 1.5) 10
[16:07:29.661]: (-0.3, 1.9, 1.5) 10
[16:07:29.678]: (-0.3, 1.9, 1.5) 10
[16:07:29.694]: (-0.3, 1.9, 1.5) 10
[16:07:30.276]: (-0.3, 2.0, 1.6) 10
[16:07:30.294]: (-0.3, 2.0, 1.6) 10
[16:07:30.737]: (-1.2, 2.1, 2.7) 4
[16:07:31.381]: (-0.3, 1.9, 1.6) 10
[16:07:31.397]: (-0.3, 1.9, 1.6) 10
[16:07:31.446]: (-0.3, 1.9, 1.6) 10
[16:07:31.480]: (-0.3, 1.9, 1.6) 10
[16:07:31.503]: (-0.3, 1.9, 1.6) 10
[16:07:31.527]: (-0.3, 1.9, 1.6) 10
[16:07:31.547]: (-0.3, 1.9, 1.6) 10
[16:07:31.570]: (-0.3, 1.9, 1.6) 10
[16:07:31.592]: (-0.3, 1.9, 1.6) 10
[16:07:31.614]: (-0.3, 1.9, 1.6) 10
[16:07:31.638]: (-0.3, 1.9, 1.6) 10
[16:07:31.660]: (-0.3, 1.9, 1.6) 10
[16:07:31.681]: (-0.3, 1.9, 1.6) 10
[16:07:31.704]: (-0.3, 1.9, 1.6) 10
[16:07:31.726]: (-0.3, 1.9, 1.6) 10
[16:07:31.747]: (-0.3, 1.9, 1.6) 10
[16:07:32.248]: (-0.3, 1.9, 1.6) 10
[16:07:32.413]: (-0.3, 1.9, 1.6) 9
[16:07:32.436]: (-0.3, 1.9, 1.6) 9
[16:07:32.456]: (-0.3, 1.9, 1.6) 9
[16:07:32.478]: (-0.3, 1.9, 1.6) 9
[16:07:32.498]: (-0.3, 1.9, 1.6) 9
[16:07:32.519]: (-0.3, 1.9, 1.6) 9
[16:07:32.539]: (-0.4, 1.9, 1.6) 9
[16:07:32.563]: (-0.4, 1.9, 1.6) 9
[16:07:32.584]: (-0.4, 1.9, 1.6) 9
[16:07:32.606]: (-0.4, 1.9, 1.6) 9
[16:07:33.386]: (-0.5, 1.6, 1.6) 10
[16:07:33.411]: (-0.5, 1.6, 1.6) 10
[16:07:33.429]: (-0.5, 1.6, 1.6) 10
[16:07:33.450]: (-0.5, 1.6, 1.6) 10
[16:07:33.467]: (-0.5, 1.6, 1.6) 10
[16:07:33.484]: (-0.5, 1.6, 1.6) 10
[16:07:33.516]: (-0.5, 1.6, 1.6) 10
[16:07:33.553]: (-0.5, 1.6, 1.6) 10
[16:07:33.585]: (-0.5, 1.6, 1.6) 10
[16:07:33.615]: (-0.5, 1.6, 1.6) 10
[16:07:33.647]: (-0.5, 1.6, 1.6) 10
[16:07:34.573]: (-0.4, 1.7, 1.6) 9
[16:07:35.562]: (-1.3, 1.4, 2.6) 3
[16:07:35.586]: (-1.4, 1.3, 2.6) 4
[16:07:35.610]: (-1.4, 1.3, 2.6) 4
[16:07:35.632]: (-1.4, 1.3, 2.6) 4
[16:07:35.653]: (-1.3, 1.3, 2.6) 3
[16:07:35.675]: (-1.3, 1.3, 2.6) 3
[16:07:35.696]: (-1.3, 1.3, 2.6) 3
[16:07:35.719]: (-1.3, 1.3, 2.6) 3
[16:07:36.156]: (-2.1, 0.9, 3.0) 15
[16:07:36.180]: (-2.1, 0.9, 3.0) 15
[16:07:36.246]: (-1.3, 1.3, 2.6) 3
[16:07:36.290]: (-1.3, 1.3, 2.6) 3
[16:07:36.379]: (-1.3, 1.3, 2.6) 3
[16:07:36.470]: (-1.3, 1.3, 2.6) 3
[16:07:36.493]: (-1.4, 1.3, 2.6) 3
[16:07:36.516]: (-1.3, 1.3, 2.6) 3
[16:07:36.743]: (-1.2, 1.2, 2.7) 4
[16:07:36.763]: (-1.1, 1.2, 2.6) 3
[16:07:36.946]: (-1.4, 1.2, 2.6) 4
[16:07:38.982]: (0.6, 1.4, 1.3) 6
[16:07:39.004]: (0.7, 1.4, 1.1) 8
[16:07:39.241]: (0.8, 1.4, 1.1) 7
[16:07:39.273]: (0.8, 1.4, 1.2) 7
[16:07:39.321]: (0.7, 1.4, 1.1) 8
[16:07:39.338]: (0.7, 1.4, 1.1) 8
[16:07:40.422]: (0.6, 1.1, 0.6) 0
[16:07:40.443]: (0.6, 1.1, 0.6) 0
[16:07:40.467]: (0.6, 1.1, 0.6) 0
[16:07:40.488]: (0.6, 1.1, 0.6) 0
[16:07:40.510]: (0.6, 1.1, 0.6) 0
[16:07:40.533]: (0.6, 1.1, 0.6) 0
[16:07:40.555]: (0.6, 1.1, 0.6) 0
[16:07:40.577]: (0.6, 1.1, 0.6) 0
[16:07:40.602]: (0.6, 1.1, 0.6) 0
[16:07:40.623]: (0.6, 1.1, 0.6) 0
[16:07:40.644]: (0.6, 1.1, 0.6) 0
[16:07:40.665]: (0.6, 1.1, 0.6) 0
[16:07:40.688]: (0.6, 1.1, 0.6) 0
[16:07:40.711]: (0.6, 1.1, 0.6) 0
[16:07:40.732]: (0.6, 1.1, 0.6) 0
[16:07:40.755]: (0.6, 1.1, 0.6) 0
[16:07:40.773]: (0.6, 1.1, 0.6) 0
[16:07:42.038]: (-0.1, 1.2, 1.6) 9
[16:07:42.768]: (-0.3, 1.2, 1.6) 10
[16:07:42.784]: (-0.3, 1.2, 1.6) 10
[16:07:42.801]: (-0.3, 1.2, 1.6) 10
[16:07:42.816]: (-0.3, 1.2, 1.6) 10
[16:07:42.833]: (-0.3, 1.2, 1.6) 10
[16:07:42.851]: (-0.3, 1.2, 1.6) 10
[16:07:42.870]: (-0.3, 1.2, 1.6) 10
[16:07:42.886]: (-0.3, 1.2, 1.6) 10
[16:07:42.903]: (-0.3, 1.2, 1.6) 10
[16:07:42.920]: (-0.3, 1.2, 1.6) 10
[16:07:42.937]: (-0.3, 1.2, 1.6) 10
[16:07:42.953]: (-0.3, 1.2, 1.6) 10
[16:07:42.976]: (-0.3, 1.2, 1.6) 10
[16:07:42.998]: (-0.3, 1.2, 1.6) 10
[16:07:43.021]: (-0.3, 1.2, 1.6) 10
[16:07:43.043]: (-0.3, 1.2, 1.6) 10
[16:07:43.064]: (-0.3, 1.2, 1.6) 10
[16:07:43.087]: (-0.3, 1.2, 1.6) 10
[16:07:43.109]: (-0.3, 1.2, 1.6) 10
[16:07:43.132]: (-0.3, 1.2, 1.6) 10
[16:07:43.154]: (-0.3, 1.2, 1.6) 10
[16:07:43.713]: (-0.1, 1.2, 1.4) 11
[16:07:43.831]: (-0.1, 1.2, 1.4) 11
[16:07:43.853]: (-0.1, 1.2, 1.4) 11
[16:07:43.877]: (-0.1, 1.2, 1.4) 11
[16:07:43.897]: (-0.1, 1.2, 1.4) 11
[16:07:43.921]: (-0.1, 1.2, 1.4) 11
[16:07:43.944]: (-0.1, 1.2, 1.4) 11
[16:07:43.964]: (-0.1, 1.2, 1.4) 11
[16:07:43.987]: (-0.1, 1.2, 1.4) 11
[16:07:44.010]: (-0.1, 1.2, 1.4) 11
[16:07:44.031]: (-0.1, 1.2, 1.4) 11
[16:07:44.054]: (-0.1, 1.2, 1.4) 11
[16:07:44.076]: (-0.1, 1.2, 1.4) 11
[16:07:44.098]: (-0.1, 1.2, 1.4) 11
[16:07:44.121]: (-0.1, 1.2, 1.4) 11
[16:07:44.142]: (-0.1, 1.2, 1.4) 11
[16:07:44.164]: (-0.1, 1.2, 1.4) 11
[16:07:44.642]: (-0.3, 1.2, 1.6) 10
[16:07:44.664]: (-0.3, 1.2, 1.6) 10
[16:07:44.687]: (-0.3, 1.2, 1.6) 10
[16:07:44.709]: (-0.3, 1.2, 1.6) 10
[16:07:44.731]: (-0.3, 1.2, 1.6) 10
[16:07:44.753]: (-0.3, 1.2, 1.6) 10
[16:07:44.775]: (-0.3, 1.2, 1.6) 10
[16:07:44.797]: (-0.3, 1.2, 1.6) 10
[16:07:44.821]: (-0.4, 1.2, 1.6) 10
[16:07:44.842]: (-0.4, 1.2, 1.6) 10
[16:07:44.864]: (-0.4, 1.2, 1.6) 10
[16:07:46.900]: (-0.2, 1.2, 1.6) 9
[16:07:46.924]: (-0.2, 1.2, 1.6) 9
[16:07:46.947]: (-0.2, 1.2, 1.6) 9
[16:07:47.089]: (-0.3, 1.1, 1.5) 9
[16:07:47.111]: (-0.2, 1.1, 1.5) 9
[16:07:47.199]: (-0.3, 1.1, 1.5) 9
[16:07:47.332]: (-0.3, 1.1, 1.5) 9
[16:07:47.351]: (-0.3, 1.1, 1.5) 9
[16:07:47.374]: (-0.3, 1.1, 1.5) 9
[16:07:47.396]: (-0.3, 1.1, 1.5) 9
[16:07:47.419]: (-0.3, 1.1, 1.5) 9
[16:07:47.440]: (-0.3, 1.1, 1.5) 9
[16:07:47.463]: (-0.3, 1.1, 1.6) 9
[16:07:47.485]: (-0.3, 1.1, 1.5) 9
[16:07:47.507]: (-0.3, 1.1, 1.5) 9
[16:07:47.530]: (-0.3, 1.1, 1.5) 9
[16:07:47.552]: (-0.3, 1.1, 1.5) 9
[16:07:47.574]: (-0.3, 1.1, 1.5) 9
[16:07:47.596]: (-0.3, 1.1, 1.5) 9
[16:07:47.618]: (-0.3, 1.1, 1.5) 9
[16:07:47.641]: (-0.3, 1.1, 1.5) 9
[16:07:47.663]: (-0.3, 1.1, 1.5) 9
[16:07:47.685]: (-0.3, 1.1, 1.5) 9
[16:07:47.708]: (-0.3, 1.1, 1.5) 9
[16:07:47.731]: (-0.3, 1.1, 1.5) 9
[16:07:47.751]: (-0.3, 1.1, 1.5) 9
[16:07:47.767]: (-0.3, 1.1, 1.5) 9
[16:07:47.783]: (-0.3, 1.1, 1.5) 9
[16:07:47.799]: (-0.3, 1.1, 1.5) 9
[16:07:47.816]: (-0.3, 1.1, 1.5) 9
[16:07:47.833]: (-0.3, 1.1, 1.5) 9
[16:07:47.850]: (-0.3, 1.1, 1.5) 9
[16:07:47.867]: (-0.3, 1.1, 1.5) 9
[16:07:47.884]: (-0.3, 1.1, 1.5) 9
[16:07:47.900]: (-0.3, 1.1, 1.5) 9
[16:07:47.918]: (-0.3, 1.1, 1.5) 9
[16:07:47.937]: (-0.3, 1.1, 1.5) 9
[16:07:47.954]: (-0.3, 1.1, 1.5) 9
[16:07:47.972]: (-0.3, 1.1, 1.5) 9
[16:07:47.988]: (-0.3, 1.1, 1.5) 9
[16:07:48.005]: (-0.3, 1.1, 1.5) 9
[16:07:48.038]: (-0.3, 1.1, 1.5) 9
[16:07:48.055]: (-0.3, 1.1, 1.5) 9
[16:07:48.072]: (-0.3, 1.1, 1.5) 9
[16:07:48.089]: (-0.3, 1.1, 1.5) 9
[16:07:48.106]: (-0.3, 1.1, 1.5) 9
[16:07:48.124]: (-0.3, 1.1, 1.5) 9
[16:07:48.140]: (-0.3, 1.1, 1.5) 9
[16:07:48.157]: (-0.3, 1.1, 1.5) 9
[16:07:48.175]: (-0.3, 1.1, 1.5) 9
[16:07:48.192]: (-0.3, 1.1, 1.5) 9
[16:07:48.208]: (-0.3, 1.1, 1.5) 9
[16:07:48.230]: (-0.3, 1.1, 1.5) 9
[16:07:48.340]: (-0.3, 1.1, 1.5) 9
[16:07:48.363]: (-0.3, 1.1, 1.5) 9
[16:07:49.085]: (-0.3, 1.1, 1.5) 9
[16:07:49.109]: (-0.3, 1.1, 1.5) 9
[16:07:50.849]: (-1.3, 1.1, 2.5) 5
[16:07:50.996]: (-1.3, 1.1, 2.5) 5
[16:07:51.018]: (-1.3, 1.1, 2.5) 5
[16:07:51.041]: (-1.3, 1.1, 2.5) 5
[16:07:51.062]: (-1.3, 1.1, 2.5) 5
[16:07:51.084]: (-1.3, 1.1, 2.5) 5
[16:07:51.108]: (-1.3, 1.1, 2.5) 5
[16:07:51.129]: (-1.3, 1.1, 2.5) 5
[16:07:51.151]: (-1.3, 1.1, 2.5) 5
[16:07:51.174]: (-1.3, 1.1, 2.5) 5
[16:07:51.196]: (-1.3, 1.0, 2.5) 5
[16:07:51.218]: (-1.3, 1.1, 2.5) 5
[16:07:51.425]: (-0.3, 1.1, 1.5) 9
[16:07:51.442]: (-0.3, 1.1, 1.5) 9
[16:07:51.592]: (-0.3, 1.1, 1.5) 9
[16:07:51.625]: (-0.3, 1.1, 1.6) 9
