[16:19:42.633]: (-2.5, -0.9, 0.0) 9
[16:19:42.653]: (-2.6, -1.1, -0.1) 5
[16:19:42.700]: (-2.6, -1.1, -0.1) 5
[16:19:42.821]: (-2.7, -0.8, 0.0) 6
[16:19:42.844]: (-2.7, -0.8, 0.0) 6
[16:19:42.961]: (-2.8, -0.9, 0.1) 8
[16:19:44.187]: (-1.2, 1.1, 2.9) 4
[16:19:44.243]: (-1.3, 1.1, 2.9) 4
[16:19:44.260]: (-1.2, 1.1, 2.9) 4
[16:19:44.278]: (-1.2, 1.1, 2.9) 4
[16:19:44.300]: (-1.2, 1.1, 2.9) 4
[16:19:44.707]: (-1.4, 1.5, 2.6) 23
[16:19:45.009]: (-1.2, 2.0, 2.5) 5
[16:19:45.031]: (-1.2, 2.0, 2.5) 5
[16:19:45.053]: (-1.2, 2.0, 2.5) 5
[16:19:45.077]: (-1.2, 2.0, 2.5) 5
[16:19:45.099]: (-1.2, 2.0, 2.5) 5
[16:19:45.120]: (-1.2, 2.0, 2.5) 5
[16:19:45.142]: (-1.2, 2.0, 2.5) 5
[16:19:45.165]: (-1.2, 1.9, 2.5) 5
[16:19:45.186]: (-1.2, 1.9, 2.5) 5
[16:19:45.209]: (-1.2, 1.9, 2.5) 5
[16:19:45.231]: (-1.2, 1.9, 2.5) 5
[16:19:45.250]: (-1.2, 1.9, 2.5) 5
[16:19:45.268]: (-1.2, 1.9, 2.5) 5
[16:19:45.284]: (-1.2, 1.9, 2.5) 5
[16:19:47.001]: (-1.6, 2.2, 2.3) 25
[16:19:48.446]: (-1.3, 2.2, 2.7) 27
[16:19:51.256]: (-1.1, 1.9, 2.0) 21
[16:19:51.596]: (-2.0, 1.9, 2.1) 1
[16:19:52.473]: (-1.2, 2.0, 1.7) 14
[16:19:52.739]: (-1.3, 2.0, 1.6) 18
[16:19:52.783]: (-2.0, 2.2, 1.9) 1
[16:19:52.807]: (-2.0, 2.2, 1.9) 1
[16:19:52.824]: (-2.1, 2.2, 1.9) 1
[16:19:52.842]: (-2.1, 2.2, 1.9) 1
[16:19:52.860]: (-2.1, 2.2, 1.9) 1
[16:19:52.877]: (-2.0, 2.2, 1.9) 1
[16:19:52.893]: (-2.1, 2.2, 1.9) 1
[16:19:52.910]: (-2.0, 2.2, 1.9) 1
[16:19:52.928]: (-2.1, 2.3, 1.9) 1
[16:19:52.947]: (-2.1, 2.2, 1.9) 1
[16:19:53.133]: (-1.9, 2.2, 2.0) 0
[16:19:53.155]: (-2.0, 2.1, 2.0) 1
[16:19:53.178]: (-2.0, 2.2, 2.0) 0
[16:19:53.200]: (-2.0, 2.1, 2.0) 0
[16:19:53.221]: (-2.0, 2.2, 2.0) 0
[16:19:53.243]: (-2.0, 2.1, 2.0) 0
[16:19:53.266]: (-1.9, 2.1, 2.0) 0
[16:19:54.200]: (-0.3, 2.4, 1.8) 23
[16:19:54.222]: (-0.3, 2.4, 1.8) 23
[16:19:54.245]: (-0.3, 2.4, 1.9) 24
[16:19:54.267]: (-0.3, 2.5, 2.0) 26
[16:19:54.916]: (0.3, 1.4, 1.7) 9
[16:19:54.935]: (0.3, 1.4, 1.7) 9
[16:19:54.952]: (0.3, 1.4, 1.7) 9
[16:19:54.969]: (0.3, 1.4, 1.7) 9
[16:19:54.988]: (0.3, 1.4, 1.7) 9
[16:19:55.005]: (0.3, 1.4, 1.7) 9
[16:19:55.022]: (0.3, 1.4, 1.7) 9
[16:19:55.039]: (0.3, 1.4, 1.7) 9
[16:19:55.058]: (0.3, 1.4, 1.7) 9
[16:19:55.599]: (0.0, 1.4, 2.0) 25
[16:19:55.631]: (-0.1, 1.4, 2.0) 25
[16:19:55.694]: (-0.1, 1.5, 2.0) 25
[16:19:55.729]: (-0.1, 1.5, 2.0) 25
[16:19:55.760]: (-0.1, 1.5, 2.0) 25
[16:19:55.795]: (-0.1, 1.4, 2.0) 25
[16:19:55.827]: (0.0, 1.4, 2.0) 25
[16:19:55.895]: (0.0, 1.4, 2.0) 25
[16:19:55.928]: (0.0, 1.4, 2.0) 25
[16:19:55.962]: (0.0, 1.4, 2.0) 25
[16:19:55.994]: (0.0, 1.4, 2.0) 25
[16:19:56.027]: (0.0, 1.4, 2.0) 25
[16:19:56.061]: (0.0, 1.4, 2.0) 25
[16:19:56.095]: (0.0, 1.4, 2.0) 25
[16:19:56.128]: (0.0, 1.4, 1.9) 22
[16:19:56.161]: (0.0, 1.4, 1.9) 22
[16:19:56.195]: (0.0, 1.4, 1.9) 22
[16:19:56.497]: (-0.4, 1.7, 1.9) 25
[16:19:56.519]: (-0.4, 1.7, 1.9) 25
[16:19:56.544]: (-0.4, 1.7, 1.9) 25
[16:19:56.565]: (-0.4, 1.7, 1.9) 25
[16:19:56.586]: (-0.4, 1.7, 1.9) 25
[16:19:56.607]: (-0.4, 1.7, 1.9) 25
[16:19:56.632]: (-0.4, 1.7, 1.9) 25
[16:19:56.658]: (-0.4, 1.7, 1.9) 25
[16:19:56.680]: (-0.4, 1.7, 1.9) 25
[16:19:56.698]: (-0.4, 1.7, 1.9) 25
[16:19:56.719]: (-0.5, 1.6, 1.9) 25
[16:19:56.782]: (-1.2, 1.2, 1.6) 17
[16:19:56.804]: (-1.3, 1.2, 1.7) 17
[16:19:56.871]: (-1.2, 1.2, 1.6) 14
[16:19:57.093]: (-1.2, 1.2, 1.6) 14
[16:19:57.138]: (-1.4, 1.0, 1.6) 19
[16:19:57.181]: (-1.4, 1.0, 1.6) 19
[16:19:57.205]: (-1.3, 1.0, 1.5) 15
[16:19:57.226]: (-1.3, 1.0, 1.5) 15
[16:19:57.249]: (-1.3, 1.0, 1.5) 15
[16:19:57.271]: (-1.3, 1.0, 1.5) 15
[16:19:57.359]: (-1.2, 0.4, 1.1) 12
[16:19:57.753]: (-0.4, 1.7, 1.8) 22
[16:19:57.816]: (-0.5, 1.7, 1.8) 23
[16:19:57.837]: (-0.5, 1.6, 1.9) 22
[16:19:57.859]: (-0.5, 1.6, 1.8) 22
[16:19:57.882]: (-0.5, 1.6, 1.8) 22
[16:19:57.904]: (-0.5, 1.6, 1.8) 22
[16:19:57.926]: (-0.5, 1.6, 1.8) 22
[16:19:57.948]: (-0.5, 1.6, 1.8) 22
[16:19:57.970]: (-0.4, 1.6, 1.8) 23
[16:19:58.012]: (0.1, 1.5, 1.7) 5
[16:19:58.035]: (0.1, 1.5, 1.7) 5
[16:19:58.078]: (0.1, 1.5, 1.7) 5
[16:19:58.102]: (0.1, 1.5, 1.7) 5
[16:19:58.559]: (0.0, 1.5, 1.6) 9
[16:19:59.251]: (-0.2, 1.7, 1.7) 8
[16:19:59.272]: (-0.2, 1.6, 1.6) 6
[16:19:59.296]: (-0.3, 1.6, 1.6) 6
[16:19:59.515]: (-0.4, 1.5, 1.6) 9
[16:19:59.537]: (-0.4, 1.5, 1.6) 9
[16:19:59.558]: (-0.4, 1.5, 1.6) 9
[16:19:59.582]: (-0.4, 1.5, 1.6) 9
[16:19:59.603]: (-0.4, 1.5, 1.6) 9
[16:19:59.626]: (-0.4, 1.5, 1.6) 9
[16:19:59.648]: (-0.4, 1.5, 1.6) 9
[16:19:59.670]: (-0.4, 1.5, 1.6) 9
[16:19:59.695]: (-0.4, 1.5, 1.6) 9
[16:19:59.717]: (-0.4, 1.5, 1.6) 9
[16:19:59.742]: (-0.4, 1.5, 1.6) 9
[16:19:59.762]: (-0.4, 1.5, 1.6) 9
[16:19:59.784]: (-0.4, 1.5, 1.6) 9
[16:19:59.807]: (-0.4, 1.5, 1.6) 9
[16:19:59.829]: (-0.4, 1.5, 1.6) 9
[16:19:59.852]: (-0.3, 1.5, 1.6) 9
[16:19:59.873]: (-0.4, 1.5, 1.6) 9
[16:20:00.948]: (-0.4, 1.5, 1.6) 9
[16:20:00.969]: (-0.3, 1.5, 1.6) 9
[16:20:00.987]: (-0.4, 1.5, 1.6) 9
[16:20:01.005]: (-0.4, 1.5, 1.6) 9
[16:20:01.022]: (-0.3, 1.5, 1.6) 9
[16:20:01.040]: (-0.3, 1.5, 1.6) 9
[16:20:01.056]: (-0.4, 1.5, 1.6) 9
[16:20:01.073]: (-0.4, 1.5, 1.6) 9
[16:20:01.090]: (-0.4, 1.5, 1.6) 9
[16:20:01.108]: (-0.4, 1.5, 1.6) 9
[16:20:01.125]: (-0.4, 1.5, 1.6) 9
[16:20:01.142]: (-0.3, 1.5, 1.6) 9
[16:20:01.160]: (-0.3, 1.5, 1.6) 9
[16:20:01.178]: (-0.3, 1.5, 1.6) 9
[16:20:01.195]: (-0.3, 1.5, 1.6) 9
[16:20:01.212]: (-0.3, 1.5, 1.6) 9
[16:20:01.229]: (-0.3, 1.5, 1.6) 9
[16:20:01.247]: (-0.4, 1.5, 1.6) 9
[16:20:01.264]: (-0.4, 1.5, 1.6) 9
[16:20:01.281]: (-0.4, 1.5, 1.6) 9
[16:20:01.298]: (-0.4, 1.5, 1.6) 9
[16:20:01.314]: (-0.3, 1.5, 1.6) 9
[16:20:01.770]: (-1.1, 1.7, 1.7) 24
[16:20:01.947]: (-0.4, 1.5, 1.6) 9
[16:20:02.050]: (-0.4, 1.5, 1.6) 9
[16:20:03.537]: (-0.4, 1.4, 1.6) 9
[16:20:03.558]: (-0.4, 1.4, 1.6) 9
[16:20:03.581]: (-0.4, 1.5, 1.6) 9
[16:20:03.602]: (-0.4, 1.5, 1.6) 9
[16:20:03.624]: (-0.4, 1.5, 1.6) 9
[16:20:03.648]: (-0.4, 1.5, 1.6) 9
[16:20:03.669]: (-0.4, 1.5, 1.6) 9
[16:20:03.687]: (-0.4, 1.5, 1.6) 9
[16:20:03.704]: (-0.4, 1.5, 1.6) 9
[16:20:03.720]: (-0.4, 1.5, 1.6) 9
[16:20:03.747]: (-0.4, 1.5, 1.6) 9
[16:20:03.766]: (-0.4, 1.5, 1.6) 9
[16:20:03.783]: (-0.4, 1.5, 1.6) 9
[16:20:03.802]: (-0.4, 1.5, 1.6) 9
[16:20:03.819]: (-0.4, 1.5, 1.6) 9
[16:20:03.836]: (-0.4, 1.5, 1.6) 9
[16:20:03.853]: (-0.4, 1.5, 1.6) 9
