[16:08:20.058]: (-0.1, 1.4, 2.1) 8
[16:08:20.092]: (-0.1, 1.5, 2.1) 8
[16:08:20.119]: (-0.1, 1.4, 2.1) 8
[16:08:20.215]: (-0.2, 1.5, 2.0) 7
[16:08:20.255]: (-0.2, 1.5, 2.0) 7
[16:08:20.284]: (-0.3, 1.5, 2.0) 7
[16:08:20.541]: (-0.2, 1.5, 2.0) 7
[16:08:20.575]: (-0.2, 1.5, 2.0) 7
[16:08:20.608]: (-0.2, 1.5, 2.0) 7
[16:08:20.641]: (-0.2, 1.5, 2.0) 7
[16:08:20.673]: (-0.2, 1.5, 2.0) 7
[16:08:20.706]: (-0.2, 1.5, 2.0) 7
[16:08:20.728]: (-0.2, 1.5, 2.0) 7
[16:08:20.749]: (-0.2, 1.5, 2.0) 7
[16:08:20.772]: (-0.2, 1.5, 2.0) 7
[16:08:20.795]: (-0.2, 1.5, 2.0) 7
[16:08:20.817]: (-0.2, 1.5, 2.0) 7
[16:08:20.840]: (-0.2, 1.5, 2.0) 7
[16:08:20.861]: (-0.2, 1.5, 2.0) 7
[16:08:20.884]: (-0.2, 1.5, 2.0) 7
[16:08:23.162]: (-1.4, 1.4, 1.6) 7
[16:08:23.187]: (-1.4, 1.4, 1.6) 7
[16:08:23.210]: (-1.4, 1.4, 1.7) 9
[16:08:23.242]: (-1.4, 1.5, 1.6) 7
[16:08:23.640]: (-1.5, 1.4, 1.6) 9
[16:08:23.674]: (-1.4, 1.4, 1.6) 9
[16:08:23.704]: (-1.4, 1.4, 1.7) 9
[16:08:23.739]: (-1.4, 1.4, 1.7) 9
[16:08:24.459]: (-0.9, 1.6, 1.8) 7
[16:08:24.613]: (-0.8, 1.6, 1.9) 9
[16:08:24.635]: (-0.8, 1.6, 1.9) 9
[16:08:24.659]: (-0.8, 1.7, 1.8) 7
[16:08:24.974]: (-1.3, 2.8, 4.5) 22
[16:08:25.122]: (-1.2, 2.6, 4.5) 22
[16:08:26.779]: (-0.4, 2.0, 1.8) 8
[16:08:26.801]: (-0.4, 2.0, 1.8) 8
[16:08:26.821]: (-0.4, 2.0, 1.8) 8
[16:08:26.846]: (-0.4, 2.0, 1.7) 8
[16:08:26.869]: (-0.4, 2.0, 1.7) 8
[16:08:28.728]: (-0.7, 1.9, 1.5) 7
[16:08:28.751]: (-0.7, 1.9, 1.5) 7
[16:08:29.027]: (-0.6, 1.8, 1.6) 8
[16:08:29.290]: (-0.7, 1.8, 1.6) 8
[16:08:29.306]: (-0.7, 1.8, 1.5) 7
[16:08:29.323]: (-0.7, 1.8, 1.5) 7
[16:08:29.340]: (-0.7, 1.8, 1.5) 7
[16:08:29.358]: (-0.7, 1.8, 1.5) 7
[16:08:31.203]: (0.4, 2.4, 2.1) 15
[16:08:31.220]: (0.4, 2.4, 2.0) 15
[16:08:31.815]: (0.3, 3.2, 3.6) 24
[16:08:31.835]: (0.3, 3.2, 3.6) 24
[16:08:31.857]: (0.3, 3.2, 3.6) 24
[16:08:31.878]: (0.3, 3.2, 3.6) 24
[16:08:31.899]: (0.3, 3.2, 3.6) 24
[16:08:31.920]: (0.3, 3.2, 3.6) 24
[16:08:32.579]: (-1.9, 1.7, 1.7) 12
[16:08:32.601]: (-2.0, 1.6, 1.7) 12
[16:08:32.622]: (-2.0, 1.6, 1.7) 12
[16:08:32.900]: (-1.6, 1.5, 1.5) 6
[16:08:33.489]: (-0.9, 1.1, 0.9) 3
[16:08:33.934]: (-0.9, 1.1, 0.9) 3
[16:08:33.950]: (-0.9, 1.1, 0.9) 3
[16:08:33.968]: (-0.9, 1.1, 0.9) 3
[16:08:33.984]: (-0.9, 1.1, 0.9) 3
[16:08:34.001]: (-0.9, 1.1, 0.9) 3
[16:08:34.018]: (-0.9, 1.1, 0.9) 3
[16:08:34.299]: (-0.1, 1.6, 1.4) 7
[16:08:34.323]: (-0.1, 1.6, 1.4) 7
[16:08:34.344]: (-0.1, 1.5, 1.4) 7
[16:08:34.366]: (-0.1, 1.5, 1.4) 7
[16:08:34.388]: (-0.1, 1.5, 1.4) 7
[16:08:34.412]: (-0.1, 1.5, 1.4) 7
[16:08:34.432]: (-0.1, 1.5, 1.4) 7
[16:08:34.457]: (-0.1, 1.5, 1.4) 7
[16:08:34.475]: (-0.1, 1.5, 1.4) 7
[16:08:34.492]: (-0.1, 1.5, 1.4) 7
[16:08:34.508]: (-0.1, 1.5, 1.4) 7
[16:08:34.526]: (-0.1, 1.5, 1.4) 7
[16:08:34.543]: (-0.1, 1.5, 1.4) 7
[16:08:34.561]: (-0.1, 1.5, 1.4) 7
[16:08:34.578]: (-0.2, 1.6, 1.4) 7
[16:08:34.595]: (-0.2, 1.6, 1.4) 7
[16:08:34.613]: (-0.2, 1.6, 1.4) 7
[16:08:34.630]: (-0.2, 1.6, 1.4) 7
[16:08:34.647]: (-0.1, 1.6, 1.4) 7
[16:08:37.194]: (0.6, 1.9, 2.0) 16
[16:08:37.216]: (0.7, 2.0, 2.3) 14
[16:08:38.776]: (-0.1, 1.5, 1.4) 7
[16:08:38.798]: (-0.2, 1.5, 1.4) 7
[16:08:38.820]: (-0.2, 1.5, 1.4) 7
[16:08:38.843]: (-0.2, 1.5, 1.4) 7
[16:08:38.865]: (-0.2, 1.5, 1.4) 7
[16:08:38.887]: (-0.2, 1.5, 1.4) 7
[16:08:38.909]: (-0.2, 1.5, 1.4) 7
[16:08:38.932]: (-0.2, 1.5, 1.4) 7
[16:08:38.953]: (-0.2, 1.5, 1.4) 7
[16:08:38.976]: (-0.2, 1.5, 1.4) 7
[16:08:38.998]: (-0.2, 1.5, 1.4) 7
[16:08:39.021]: (-0.2, 1.5, 1.4) 7
[16:08:39.042]: (-0.2, 1.5, 1.4) 7
[16:08:39.065]: (-0.2, 1.5, 1.4) 7
[16:08:39.087]: (-0.2, 1.5, 1.4) 7
[16:08:39.111]: (-0.2, 1.4, 1.4) 7
[16:08:40.253]: (-0.2, 1.4, 1.4) 7
[16:08:40.275]: (-0.2, 1.4, 1.4) 7
[16:08:40.297]: (-0.2, 1.4, 1.4) 7
[16:08:40.320]: (-0.2, 1.4, 1.4) 7
[16:08:40.342]: (-0.2, 1.4, 1.4) 7
[16:08:40.365]: (-0.2, 1.4, 1.4) 7
[16:08:40.387]: (-0.2, 1.4, 1.4) 7
[16:08:40.409]: (-0.2, 1.4, 1.4) 7
[16:08:40.431]: (-0.2, 1.4, 1.4) 7
[16:08:40.454]: (-0.2, 1.4, 1.4) 7
[16:08:40.475]: (-0.2, 1.4, 1.4) 7
[16:08:40.498]: (-0.2, 1.4, 1.4) 7
[16:08:40.514]: (-0.2, 1.4, 1.4) 7
[16:08:40.530]: (-0.2, 1.4, 1.4) 7
[16:08:40.547]: (-0.2, 1.4, 1.4) 7
[16:08:40.565]: (-0.2, 1.4, 1.4) 7
[16:08:40.581]: (-0.2, 1.4, 1.4) 7
[16:08:40.599]: (-0.2, 1.4, 1.4) 7
[16:08:40.615]: (-0.2, 1.4, 1.4) 7
[16:08:40.632]: (-0.2, 1.4, 1.4) 7
[16:08:40.649]: (-0.2, 1.4, 1.4) 7
[16:08:40.667]: (-0.2, 1.4, 1.4) 7
[16:08:42.029]: (-0.6, 1.6, 1.6) 2
[16:08:42.052]: (-0.6, 1.6, 1.5) 2
[16:08:42.076]: (-0.6, 1.6, 1.5) 2
[16:08:42.097]: (-0.6, 1.6, 1.5) 2
[16:08:42.886]: (-0.9, 1.1, 0.8) 3
[16:08:42.908]: (-0.9, 1.1, 0.8) 3
[16:08:42.930]: (-0.9, 1.0, 0.8) 3
[16:08:42.953]: (-0.9, 1.1, 0.8) 3
[16:08:42.975]: (-0.9, 1.1, 0.8) 3
[16:08:42.996]: (-0.9, 1.1, 0.8) 3
[16:08:43.019]: (-0.9, 1.1, 0.8) 3
[16:08:43.042]: (-0.9, 1.1, 0.8) 3
[16:08:43.063]: (-1.0, 1.1, 0.8) 3
[16:08:43.086]: (-1.0, 1.1, 0.8) 3
[16:08:43.108]: (-1.0, 1.1, 0.8) 3
[16:08:43.125]: (-1.0, 1.1, 0.8) 3
[16:08:43.142]: (-1.0, 1.1, 0.8) 3
[16:08:43.160]: (-1.0, 1.1, 0.8) 3
[16:08:43.178]: (-1.0, 1.1, 0.8) 3
[16:08:43.197]: (-1.0, 1.1, 0.8) 3
[16:08:43.213]: (-1.0, 1.1, 0.8) 3
[16:08:43.230]: (-1.0, 1.1, 0.8) 3
[16:08:43.246]: (-1.0, 1.1, 0.8) 3
[16:08:43.262]: (-1.0, 1.1, 0.8) 3
[16:08:43.280]: (-1.0, 1.0, 0.8) 3
[16:08:43.298]: (-1.0, 1.1, 0.8) 3
[16:08:43.316]: (-1.0, 1.1, 0.8) 3
[16:08:43.331]: (-1.0, 1.1, 0.8) 3
[16:08:43.349]: (-1.0, 1.1, 0.8) 3
[16:08:43.365]: (-0.9, 1.1, 0.8) 3
[16:08:43.383]: (-0.9, 1.1, 0.8) 3
[16:08:43.400]: (-0.9, 1.1, 0.8) 3
[16:08:43.418]: (-0.9, 1.1, 0.8) 3
[16:08:43.433]: (-0.9, 1.1, 0.8) 3
[16:08:43.451]: (-0.9, 1.1, 0.8) 3
[16:08:43.468]: (-0.9, 1.1, 0.8) 3
[16:08:43.485]: (-0.9, 1.1, 0.8) 3
[16:08:43.502]: (-0.9, 1.1, 0.8) 3
[16:08:43.519]: (-0.9, 1.1, 0.8) 3
[16:08:43.536]: (-0.9, 1.1, 0.8) 3
[16:08:43.552]: (-0.9, 1.1, 0.8) 3
[16:08:43.568]: (-0.9, 1.1, 0.8) 3
[16:08:43.585]: (-0.9, 1.1, 0.8) 3
[16:08:43.601]: (-0.9, 1.1, 0.8) 3
[16:08:43.619]: (-0.9, 1.1, 0.8) 3
[16:08:43.641]: (-0.9, 1.1, 0.8) 3
[16:08:43.663]: (-0.9, 1.1, 0.8) 3
[16:08:43.686]: (-0.9, 1.1, 0.8) 3
[16:08:43.708]: (-0.9, 1.1, 0.8) 3
[16:08:43.730]: (-0.9, 1.1, 0.8) 3
[16:08:43.751]: (-0.9, 1.1, 0.8) 3
[16:08:43.775]: (-0.9, 1.1, 0.8) 3
[16:08:43.796]: (-0.9, 1.1, 0.8) 3
[16:08:43.818]: (-0.9, 1.1, 0.8) 3
[16:08:43.842]: (-0.9, 1.1, 0.8) 3
[16:08:43.863]: (-0.9, 1.1, 0.8) 3
[16:08:43.885]: (-0.9, 1.1, 0.8) 3
[16:08:43.907]: (-0.9, 1.1, 0.8) 3
[16:08:43.929]: (-0.9, 1.1, 0.8) 3
[16:08:43.952]: (-0.9, 1.1, 0.8) 3
[16:08:43.974]: (-0.9, 1.1, 0.8) 3
[16:08:43.997]: (-0.9, 1.1, 0.8) 3
[16:08:44.018]: (-0.9, 1.1, 0.8) 3
[16:08:44.035]: (-0.9, 1.1, 0.8) 3
[16:08:44.051]: (-0.9, 1.1, 0.8) 3
[16:08:44.068]: (-0.9, 1.1, 0.8) 3
[16:08:44.084]: (-0.9, 1.1, 0.8) 3
[16:08:44.101]: (-0.9, 1.1, 0.8) 3
[16:08:44.117]: (-0.9, 1.1, 0.8) 3
[16:08:44.136]: (-0.9, 1.1, 0.8) 3
[16:08:44.154]: (-0.9, 1.1, 0.8) 3
[16:08:44.174]: (-0.9, 1.1, 0.8) 3
[16:08:44.191]: (-0.9, 1.1, 0.8) 3
[16:08:44.207]: (-0.9, 1.1, 0.8) 3
[16:08:44.225]: (-0.9, 1.1, 0.9) 3
[16:08:44.242]: (-0.9, 1.1, 0.9) 3
[16:08:44.260]: (-0.9, 1.1, 0.9) 3
[16:08:44.276]: (-0.9, 1.1, 0.9) 3
[16:08:44.308]: (-0.9, 1.1, 0.8) 3
[16:08:44.326]: (-0.9, 1.1, 0.9) 3
[16:08:44.341]: (-0.9, 1.1, 0.9) 3
[16:08:44.405]: (-0.9, 1.1, 0.9) 3
[16:08:44.695]: (-0.1, 1.4, 1.4) 7
[16:08:44.718]: (-0.2, 1.4, 1.4) 7
[16:08:44.741]: (-0.2, 1.4, 1.4) 7
[16:08:44.762]: (-0.2, 1.4, 1.4) 7
[16:08:46.340]: (-0.2, 1.5, 1.5) 9
[16:08:47.328]: (-0.9, 1.1, 0.9) 3
[16:08:47.350]: (-0.9, 1.1, 0.9) 3
[16:08:47.373]: (-0.9, 1.1, 0.9) 3
[16:08:47.395]: (-0.9, 1.1, 0.9) 3
[16:08:47.416]: (-0.9, 1.1, 0.8) 3
[16:08:47.440]: (-0.9, 1.1, 0.8) 3
[16:08:47.457]: (-0.9, 1.1, 0.8) 3
[16:08:47.474]: (-0.9, 1.1, 0.8) 3
[16:08:47.492]: (-0.9, 1.1, 0.8) 3
[16:08:47.508]: (-1.0, 1.1, 0.9) 3
[16:08:47.525]: (-0.9, 1.1, 0.8) 3
[16:08:47.541]: (-1.0, 1.1, 0.9) 3
[16:08:47.558]: (-1.0, 1.1, 0.8) 3
[16:08:47.575]: (-1.0, 1.1, 0.9) 3
[16:08:47.592]: (-0.9, 1.1, 0.8) 3
[16:08:47.608]: (-0.9, 1.1, 0.9) 3
[16:08:47.625]: (-0.9, 1.1, 0.9) 3
[16:08:47.705]: (-1.6, 1.5, 1.4) 6
[16:08:47.859]: (-1.6, 1.4, 1.3) 5
[16:08:47.876]: (-1.6, 1.4, 1.3) 5
[16:08:47.983]: (-2.0, 1.7, 1.6) 12
[16:08:48.006]: (-2.0, 1.7, 1.6) 12
[16:08:48.027]: (-2.0, 1.7, 1.6) 12
[16:08:48.050]: (-2.0, 1.7, 1.6) 12
[16:08:48.073]: (-2.0, 1.7, 1.6) 12
[16:08:48.385]: (-1.7, 1.6, 1.4) 6
[16:08:48.416]: (-1.6, 1.4, 1.3) 5
[16:08:48.688]: (-0.5, 1.7, 1.7) 0
[16:08:48.737]: (-0.5, 1.7, 1.7) 0
[16:08:48.752]: (-0.5, 1.7, 1.7) 0
[16:08:48.773]: (-0.5, 1.7, 1.7) 0
[16:08:48.795]: (-0.5, 1.7, 1.7) 0
[16:08:48.905]: (-0.3, 1.6, 1.7) 1
[16:08:48.927]: (-0.3, 1.6, 1.7) 1
[16:08:48.950]: (-0.3, 1.6, 1.7) 1
[16:08:48.973]: (-0.3, 1.6, 1.6) 1
[16:08:48.993]: (-0.3, 1.6, 1.7) 1
[16:08:49.371]: (-0.5, 1.7, 1.8) 0
[16:08:49.387]: (-0.5, 1.7, 1.7) 0
[16:08:49.403]: (-0.5, 1.7, 1.8) 0
[16:08:50.174]: (0.9, 1.7, 1.9) 16
[16:08:50.191]: (0.9, 1.7, 1.9) 16
[16:08:50.225]: (0.9, 1.7, 1.9) 16
[16:08:50.241]: (0.9, 1.7, 1.9) 16
[16:08:50.258]: (0.9, 1.7, 1.9) 16
[16:08:50.428]: (1.1, 1.9, 2.0) 14
[16:08:51.991]: (-1.0, 1.1, 0.8) 3
[16:08:52.008]: (-1.0, 1.1, 0.8) 3
[16:08:52.026]: (-0.9, 1.1, 0.8) 3
[16:08:52.042]: (-0.9, 1.1, 0.8) 3
[16:08:52.075]: (-1.0, 1.1, 0.8) 3
[16:08:52.093]: (-0.9, 1.1, 0.8) 3
[16:08:52.110]: (-0.9, 1.1, 0.8) 3
[16:08:52.127]: (-0.9, 1.1, 0.8) 3
[16:08:52.145]: (-0.9, 1.1, 0.8) 3
[16:08:52.162]: (-0.9, 1.1, 0.9) 3
[16:08:52.179]: (-0.9, 1.1, 0.9) 3
[16:08:52.196]: (-0.9, 1.1, 0.9) 3
[16:08:52.215]: (-0.9, 1.1, 0.8) 3
[16:08:52.231]: (-0.9, 1.1, 0.8) 3
[16:08:52.248]: (-0.9, 1.1, 0.8) 3
[16:08:52.271]: (-0.9, 1.1, 0.8) 3
[16:08:52.293]: (-0.9, 1.1, 0.8) 3
[16:08:52.315]: (-0.9, 1.1, 0.8) 3
[16:08:52.338]: (-0.9, 1.1, 0.8) 3
[16:08:52.361]: (-1.0, 1.1, 0.8) 3
[16:08:52.382]: (-1.0, 1.1, 0.8) 3
[16:08:52.405]: (-1.0, 1.1, 0.8) 3
[16:08:56.902]: (-0.5, 1.8, 1.7) 0
[16:08:56.924]: (-0.5, 1.7, 1.7) 0
[16:08:56.991]: (-0.5, 1.7, 1.7) 0
[16:08:59.401]: (0.7, 1.8, 2.0) 15
[16:09:00.323]: (-1.1, 1.0, 0.6) 4
[16:09:00.346]: (-1.1, 1.0, 0.6) 4
[16:09:00.367]: (-1.1, 1.0, 0.7) 4
[16:09:03.807]: (-1.7, 1.6, 1.7) 13
[16:09:03.828]: (-1.7, 1.6, 1.7) 13
[16:09:03.845]: (-1.7, 1.6, 1.7) 13
[16:09:06.221]: (-0.9, 1.2, 2.0) 13
[16:09:06.242]: (-0.9, 1.2, 2.0) 13
[16:09:06.264]: (-0.9, 1.2, 2.0) 13
[16:09:06.465]: (0.0, 1.1, 1.5) 2
[16:09:06.488]: (0.0, 1.1, 1.5) 2
[16:09:06.510]: (0.0, 1.1, 1.5) 2
[16:09:06.532]: (0.0, 1.1, 1.5) 2
[16:09:06.554]: (0.0, 1.1, 1.5) 2
[16:09:06.573]: (0.0, 1.1, 1.5) 2
[16:09:06.591]: (0.0, 1.1, 1.5) 2
[16:09:06.656]: (-0.9, 1.2, 2.0) 13
[16:09:06.674]: (-1.0, 1.2, 2.0) 13
