[16:31:02.246]: (-3.1, -0.3, 0.6) 35
[16:31:02.277]: (-3.1, -0.2, 0.8) 37
[16:31:02.307]: (-3.4, -0.2, 1.0) 36
[16:31:02.441]: (-2.9, 0.4, 1.7) 42
[16:31:02.486]: (-3.3, 0.5, 2.4) 78
[16:31:02.508]: (-3.2, 0.6, 2.6) 70
[16:31:02.907]: (-1.6, 2.2, 2.8) 26
[16:31:02.928]: (-1.9, 2.5, 3.9) 63
[16:31:02.949]: (-1.8, 2.5, 3.9) 63
[16:31:02.971]: (-1.5, 2.3, 2.9) 24
[16:31:02.994]: (-1.8, 2.5, 3.9) 63
[16:31:03.016]: (-1.5, 2.3, 2.9) 24
[16:31:03.038]: (-1.8, 2.5, 3.9) 63
[16:31:03.062]: (-1.4, 2.1, 2.7) 27
[16:31:03.108]: (-1.4, 2.1, 2.7) 27
[16:31:03.128]: (-1.4, 2.1, 2.7) 27
[16:31:03.172]: (-1.4, 2.1, 2.7) 27
[16:31:03.195]: (-1.3, 2.1, 2.8) 25
[16:31:03.217]: (-1.3, 2.3, 3.0) 32
[16:31:03.239]: (-1.2, 2.3, 3.0) 21
[16:31:03.263]: (-1.2, 2.2, 2.7) 35
[16:31:03.283]: (-1.3, 2.3, 3.0) 32
[16:31:03.306]: (-1.2, 2.2, 2.7) 35
[16:31:03.329]: (-1.2, 2.2, 2.7) 35
[16:31:03.354]: (-1.2, 2.2, 2.7) 35
[16:31:03.376]: (-1.2, 2.3, 2.8) 25
[16:31:03.420]: (-1.2, 2.2, 2.8) 27
[16:31:03.444]: (-1.4, 2.4, 3.5) 58
[16:31:03.709]: (-2.1, 1.5, 3.5) 73
[16:31:03.732]: (-2.0, 1.4, 3.3) 74
[16:31:03.780]: (-2.0, 1.4, 3.3) 74
[16:31:03.799]: (-2.1, 1.4, 3.5) 73
[16:31:03.848]: (-2.1, 1.4, 3.2) 74
[16:31:03.931]: (-1.6, 1.1, 1.9) 3
[16:31:03.967]: (-1.4, 1.2, 1.5) 18
[16:31:04.018]: (-1.6, 1.2, 2.0) 14
[16:31:04.080]: (-1.3, 1.3, 1.6) 9
[16:31:04.098]: (-1.5, 1.4, 2.8) 42
[16:31:04.117]: (-0.7, 1.7, 3.1) 26
[16:31:04.135]: (-0.7, 1.7, 3.1) 26
[16:31:04.151]: (-0.6, 1.7, 3.1) 26
[16:31:04.171]: (-0.6, 1.7, 3.1) 26
[16:31:04.193]: (-0.6, 1.7, 3.1) 26
[16:31:04.217]: (-0.6, 1.7, 3.1) 26
[16:31:04.237]: (-0.6, 1.7, 3.1) 26
[16:31:04.261]: (-0.6, 1.7, 3.2) 24
[16:31:04.283]: (-0.6, 1.7, 4.0) 53
[16:31:04.331]: (-0.7, 1.7, 4.2) 62
[16:31:04.486]: (-0.6, 1.4, 3.1) 23
[16:31:04.510]: (-0.6, 1.4, 3.2) 34
[16:31:04.533]: (-0.6, 1.4, 3.1) 24
[16:31:04.557]: (-0.6, 1.4, 3.1) 24
[16:31:04.579]: (-0.6, 1.4, 3.1) 24
[16:31:04.602]: (-0.6, 1.4, 3.1) 24
[16:31:04.666]: (-0.6, 1.4, 2.9) 27
[16:31:04.773]: (-0.4, 1.5, 2.8) 35
[16:31:04.795]: (-0.5, 1.5, 3.1) 32
[16:31:04.818]: (-0.5, 1.5, 2.8) 35
[16:31:04.843]: (-0.5, 1.6, 3.1) 32
[16:31:04.867]: (-0.5, 1.7, 3.2) 30
[16:31:04.885]: (-0.5, 1.6, 3.1) 21
[16:31:04.905]: (-0.5, 1.6, 3.1) 21
[16:31:04.924]: (-0.5, 1.6, 3.1) 21
[16:31:04.947]: (-0.5, 1.6, 3.1) 21
[16:31:04.969]: (-0.5, 1.6, 3.1) 21
[16:31:04.987]: (-0.5, 1.6, 3.1) 21
[16:31:05.005]: (-0.5, 1.6, 3.1) 21
[16:31:05.023]: (-0.5, 1.6, 3.1) 21
[16:31:05.116]: (-0.5, 1.6, 3.1) 21
[16:31:05.134]: (-0.5, 1.6, 3.1) 21
[16:31:05.150]: (-0.5, 1.6, 3.1) 21
[16:31:05.171]: (-0.5, 1.6, 3.1) 21
[16:31:05.192]: (-0.5, 1.6, 3.1) 21
[16:31:05.215]: (-0.4, 1.6, 3.1) 21
[16:31:05.240]: (0.2, 1.8, 3.8) 100
[16:31:05.258]: (0.2, 1.9, 4.0) 94
[16:31:05.283]: (0.2, 1.9, 3.8) 100
[16:31:05.303]: (0.2, 1.9, 3.8) 100
[16:31:05.325]: (0.2, 1.8, 3.9) 100
[16:31:05.438]: (0.2, 1.9, 4.0) 94
[16:31:05.459]: (0.2, 1.9, 4.0) 94
[16:31:05.482]: (0.2, 1.9, 4.0) 94
[16:31:05.505]: (0.2, 1.9, 4.0) 94
[16:31:05.525]: (0.2, 1.9, 4.0) 94
[16:31:05.549]: (0.2, 1.9, 4.0) 101
[16:31:05.575]: (0.2, 1.9, 3.9) 101
[16:31:05.733]: (-0.4, 1.7, 2.7) 35
[16:31:05.908]: (-0.6, 1.9, 2.6) 37
[16:31:05.983]: (-0.7, 2.0, 2.8) 38
[16:31:06.103]: (-1.4, 1.9, 2.7) 47
[16:31:06.120]: (-1.3, 1.9, 2.6) 41
[16:31:06.158]: (-1.4, 1.9, 2.7) 42
[16:31:06.183]: (-1.4, 1.9, 2.7) 42
[16:31:06.204]: (-1.4, 1.9, 2.7) 42
[16:31:06.359]: (-2.1, 1.5, 2.4) 123
[16:31:06.493]: (-1.7, 1.3, 1.8) 5
[16:31:06.515]: (-1.6, 1.2, 1.6) 4
[16:31:06.537]: (-1.5, 1.3, 1.4) 18
[16:31:06.559]: (-1.7, 1.3, 1.8) 5
[16:31:06.581]: (-1.7, 1.3, 1.8) 5
[16:31:06.600]: (-1.8, 1.3, 1.9) 15
[16:31:06.741]: (-0.4, 2.0, 2.7) 25
[16:31:06.763]: (-0.4, 1.9, 2.5) 35
[16:31:06.787]: (-0.4, 1.9, 2.6) 25
[16:31:06.832]: (-0.4, 2.0, 2.7) 23
[16:31:06.966]: (-0.4, 2.0, 2.4) 35
[16:31:06.989]: (-0.4, 1.9, 2.4) 35
[16:31:07.113]: (-0.5, 2.1, 2.4) 25
[16:31:07.131]: (-0.4, 2.1, 2.4) 25
[16:31:07.325]: (0.3, 2.9, 3.2) 101
[16:31:07.347]: (0.4, 2.9, 3.1) 101
[16:31:07.369]: (0.3, 2.9, 3.2) 101
[16:31:07.393]: (0.3, 2.9, 3.1) 101
[16:31:07.415]: (0.4, 2.9, 3.1) 101
[16:31:07.437]: (0.4, 2.9, 3.1) 101
[16:31:07.459]: (0.4, 2.9, 3.1) 101
[16:31:07.481]: (0.3, 2.9, 3.1) 101
[16:31:07.502]: (0.4, 2.9, 3.1) 101
[16:31:07.525]: (0.4, 2.9, 3.1) 101
[16:31:07.569]: (0.5, 3.0, 3.3) 92
[16:31:07.591]: (0.5, 2.9, 3.0) 100
[16:31:07.637]: (0.5, 2.9, 3.0) 100
[16:31:07.658]: (0.5, 2.9, 3.0) 100
[16:31:07.677]: (0.5, 2.9, 3.0) 100
[16:31:07.696]: (0.5, 2.9, 3.1) 93
[16:31:07.715]: (0.5, 2.9, 3.1) 93
[16:31:07.732]: (0.5, 2.9, 3.2) 94
[16:31:07.753]: (0.5, 2.9, 3.1) 101
[16:31:07.773]: (0.5, 2.9, 3.1) 101
[16:31:07.798]: (0.5, 2.9, 3.1) 94
[16:31:07.822]: (0.5, 2.9, 3.2) 94
[16:31:07.843]: (0.4, 2.8, 3.0) 100
[16:31:07.866]: (0.5, 2.9, 3.1) 93
[16:31:07.889]: (0.5, 2.9, 3.1) 91
[16:31:07.913]: (0.5, 2.9, 3.1) 91
[16:31:07.962]: (0.4, 3.0, 3.2) 88
[16:31:08.094]: (-0.3, 3.1, 4.4) 105
[16:31:08.314]: (-0.2, 2.3, 3.2) 101
[16:31:08.338]: (-0.2, 2.3, 3.1) 101
[16:31:08.356]: (-0.2, 2.3, 3.1) 101
[16:31:08.382]: (-0.2, 2.3, 3.1) 101
[16:31:08.414]: (-0.2, 2.3, 3.1) 101
[16:31:08.982]: (0.1, 2.4, 3.2) 91
[16:31:09.014]: (0.1, 2.5, 3.3) 90
[16:31:09.036]: (0.1, 2.5, 3.3) 90
[16:31:09.108]: (0.1, 2.4, 3.3) 92
[16:31:09.131]: (0.0, 2.4, 3.3) 92
[16:31:09.154]: (-0.7, 1.9, 2.3) 33
[16:31:09.176]: (-1.0, 1.9, 2.4) 26
[16:31:09.218]: (-1.2, 2.0, 2.9) 65
[16:31:09.242]: (-1.2, 2.0, 3.0) 64
[16:31:09.484]: (-1.0, 1.8, 2.5) 42
[16:31:09.528]: (-1.0, 1.7, 2.2) 48
[16:31:09.551]: (-1.0, 1.7, 2.2) 48
[16:31:09.573]: (-0.9, 1.7, 2.2) 48
[16:31:09.638]: (-0.9, 1.7, 2.2) 48
[16:31:09.657]: (-0.9, 1.7, 2.2) 48
[16:31:09.681]: (-0.9, 1.7, 2.2) 48
[16:31:09.792]: (-0.9, 1.8, 2.2) 48
[16:31:09.813]: (-0.9, 1.8, 2.2) 48
[16:31:09.838]: (-1.1, 1.8, 2.4) 45
[16:31:09.925]: (-1.8, 1.8, 2.4) 123
[16:31:09.970]: (-1.8, 1.8, 2.4) 123
[16:31:09.992]: (-1.8, 1.8, 2.4) 123
[16:31:10.016]: (-1.8, 1.8, 2.4) 123
[16:31:10.038]: (-1.8, 1.8, 2.4) 123
[16:31:10.059]: (-1.8, 1.8, 2.4) 123
[16:31:10.082]: (-1.8, 1.8, 2.4) 123
[16:31:10.106]: (-1.8, 1.8, 2.4) 123
[16:31:10.126]: (-1.8, 1.8, 2.4) 123
[16:31:10.149]: (-1.8, 1.8, 2.4) 123
[16:31:10.200]: (-1.3, 1.4, 1.4) 9
[16:31:10.301]: (-1.3, 1.3, 1.4) 9
[16:31:10.324]: (-1.4, 1.3, 1.7) 4
[16:31:10.368]: (-1.3, 1.4, 1.4) 9
[16:31:10.391]: (-1.3, 1.4, 1.4) 9
[16:31:10.414]: (-1.5, 1.4, 1.9) 5
[16:31:10.438]: (-1.3, 1.4, 1.5) 9
[16:31:10.462]: (-1.5, 1.4, 1.9) 5
[16:31:10.485]: (-1.4, 1.4, 1.9) 5
[16:31:10.593]: (-1.4, 1.4, 1.9) 3
[16:31:10.616]: (-1.4, 1.4, 1.9) 3
[16:31:10.705]: (-1.4, 1.4, 1.9) 3
[16:31:10.750]: (-1.5, 1.4, 2.0) 15
[16:31:10.774]: (-1.5, 1.4, 2.0) 15
[16:31:10.799]: (-1.5, 1.4, 2.0) 15
[16:31:10.907]: (-1.7, 1.8, 2.5) 123
[16:31:10.974]: (-1.8, 1.9, 2.7) 117
[16:31:11.018]: (-1.7, 1.8, 2.5) 123
[16:31:11.041]: (-1.7, 1.8, 2.5) 123
[16:31:11.073]: (-1.7, 1.8, 2.5) 123
[16:31:11.107]: (-1.7, 1.8, 2.5) 123
[16:31:11.139]: (-1.7, 1.8, 2.5) 123
[16:31:11.172]: (-1.7, 1.8, 2.5) 123
[16:31:11.207]: (-1.7, 1.8, 2.5) 124
[16:31:11.238]: (-1.7, 1.8, 2.5) 124
[16:31:11.472]: (-1.5, 2.0, 2.5) 123
[16:31:11.505]: (-1.5, 2.0, 2.5) 123
[16:31:11.602]: (-1.4, 2.0, 2.5) 123
[16:31:11.956]: (-1.5, 2.1, 2.7) 116
[16:31:11.979]: (-1.5, 2.1, 2.7) 116
[16:31:12.002]: (-1.4, 2.1, 2.7) 116
[16:31:12.022]: (-1.4, 2.1, 2.7) 116
[16:31:12.045]: (-1.4, 2.1, 2.7) 116
[16:31:12.069]: (-1.4, 2.2, 2.7) 116
[16:31:12.181]: (-1.5, 2.2, 2.9) 115
[16:31:12.654]: (-1.1, 2.0, 3.1) 120
[16:31:12.676]: (-1.0, 1.9, 2.9) 117
[16:31:12.700]: (-1.0, 1.9, 3.0) 117
[16:31:12.721]: (-1.0, 1.9, 2.9) 117
[16:31:12.744]: (-1.1, 1.9, 2.9) 117
[16:31:12.767]: (-1.1, 1.9, 2.9) 117
[16:31:12.791]: (-1.1, 1.9, 2.9) 117
[16:31:12.813]: (-1.1, 1.9, 2.9) 117
[16:31:12.855]: (-1.1, 1.9, 2.9) 117
[16:31:12.876]: (-1.1, 1.9, 2.9) 117
[16:31:12.899]: (-1.1, 1.9, 2.9) 117
[16:31:12.943]: (-1.1, 1.9, 2.9) 117
[16:31:12.966]: (-1.0, 2.0, 2.9) 116
[16:31:12.990]: (-1.0, 2.0, 2.9) 116
[16:31:13.014]: (-1.0, 2.0, 2.9) 116
[16:31:13.037]: (-1.0, 2.0, 2.9) 116
[16:31:13.060]: (-1.0, 2.0, 2.9) 116
[16:31:13.084]: (-1.0, 2.0, 2.9) 116
[16:31:13.107]: (-1.0, 2.0, 2.9) 116
[16:31:13.133]: (-1.0, 2.0, 2.9) 116
[16:31:13.153]: (-1.0, 2.0, 2.9) 116
[16:31:13.181]: (-1.0, 2.0, 2.9) 116
[16:31:13.205]: (-1.0, 2.0, 2.9) 116
[16:31:13.227]: (-1.1, 2.0, 2.9) 116
[16:31:13.317]: (-1.2, 2.1, 3.1) 115
[16:31:13.339]: (-1.2, 2.0, 3.0) 118
[16:31:13.363]: (-1.2, 2.0, 3.0) 118
[16:31:13.385]: (-1.2, 2.0, 3.0) 118
[16:31:13.408]: (-1.2, 2.0, 3.0) 118
[16:31:13.432]: (-1.2, 2.0, 3.0) 118
[16:31:13.455]: (-1.2, 2.0, 3.0) 118
[16:31:13.476]: (-1.2, 2.0, 3.0) 118
[16:31:13.499]: (-1.2, 2.0, 3.0) 118
[16:31:13.523]: (-1.2, 2.0, 3.0) 118
[16:31:13.547]: (-1.2, 2.0, 3.0) 118
[16:31:13.569]: (-1.2, 2.0, 3.0) 118
[16:31:13.592]: (-1.2, 1.9, 2.9) 117
[16:31:13.613]: (-1.1, 1.8, 2.7) 123
[16:31:13.636]: (-1.1, 1.9, 2.9) 117
[16:31:13.660]: (-1.0, 1.8, 2.7) 123
[16:31:13.694]: (-1.1, 1.9, 2.9) 117
[16:31:13.726]: (-1.1, 1.9, 2.9) 117
[16:31:13.762]: (-1.1, 1.8, 2.7) 123
[16:31:13.793]: (-1.1, 1.8, 2.7) 123
[16:31:13.824]: (-1.0, 1.8, 2.7) 123
[16:31:13.860]: (-1.0, 1.8, 2.7) 123
[16:31:13.894]: (-1.0, 1.8, 2.7) 123
[16:31:13.921]: (-1.0, 1.8, 2.7) 123
[16:31:13.957]: (-1.0, 1.8, 2.7) 123
[16:31:13.989]: (-1.0, 1.8, 2.7) 123
[16:31:14.023]: (-1.0, 1.8, 2.7) 123
[16:31:14.056]: (-1.1, 1.9, 2.9) 117
[16:31:14.090]: (-1.1, 1.9, 2.9) 117
[16:31:14.122]: (-1.1, 1.9, 2.9) 117
[16:31:14.157]: (-1.1, 1.9, 2.9) 117
[16:31:14.189]: (-1.1, 1.9, 2.9) 117
[16:31:14.222]: (-1.1, 1.9, 2.9) 117
[16:31:14.256]: (-1.1, 1.9, 2.9) 117
[16:31:14.289]: (-1.1, 1.9, 2.9) 117
[16:31:14.323]: (-1.1, 1.9, 2.9) 117
[16:31:14.356]: (-1.1, 1.9, 2.9) 117
[16:31:14.378]: (-1.1, 1.9, 2.9) 117
[16:31:14.399]: (-1.1, 1.9, 2.9) 117
[16:31:14.422]: (-1.1, 1.9, 2.9) 117
[16:31:14.445]: (-1.1, 1.9, 2.9) 117
[16:31:14.467]: (-1.1, 1.9, 2.9) 117
[16:31:14.489]: (-1.1, 1.9, 2.9) 117
[16:31:14.511]: (-1.1, 1.9, 2.9) 117
[16:31:14.534]: (-1.1, 1.9, 2.9) 117
[16:31:14.555]: (-1.1, 1.9, 2.9) 117
[16:31:14.577]: (-1.1, 1.9, 2.9) 117
[16:31:14.600]: (-1.1, 1.9, 2.9) 117
[16:31:14.621]: (-1.1, 1.9, 2.9) 117
[16:31:14.643]: (-1.1, 1.8, 2.7) 123
[16:31:14.666]: (-1.1, 1.8, 2.7) 123
[16:31:14.690]: (-1.0, 1.8, 2.7) 123
[16:31:14.709]: (-1.0, 1.8, 2.7) 123
[16:31:14.733]: (-1.0, 1.8, 2.7) 123
[16:31:14.755]: (-1.0, 1.8, 2.7) 123
[16:31:14.777]: (-1.0, 1.8, 2.7) 123
[16:31:14.801]: (-1.0, 1.8, 2.7) 123
[16:31:14.824]: (-1.0, 1.8, 2.7) 123
[16:31:14.844]: (-1.0, 1.8, 2.7) 123
[16:31:14.866]: (-1.0, 1.8, 2.7) 123
[16:31:14.889]: (-1.0, 1.8, 2.7) 123
[16:31:14.911]: (-1.0, 1.8, 2.7) 123
[16:31:14.932]: (-1.0, 1.8, 2.7) 123
[16:31:14.956]: (-1.0, 1.8, 2.7) 123
[16:31:14.977]: (-1.1, 1.9, 2.9) 117
[16:31:15.000]: (-1.1, 1.9, 2.9) 117
[16:31:15.022]: (-1.1, 1.9, 2.9) 117
[16:31:15.043]: (-1.1, 1.9, 2.9) 117
[16:31:15.066]: (-1.0, 1.8, 2.7) 123
[16:31:15.089]: (-1.0, 1.8, 2.7) 123
[16:31:15.113]: (-1.0, 1.8, 2.7) 123
[16:31:15.135]: (-1.0, 1.8, 2.7) 123
[16:31:15.159]: (-1.0, 1.8, 2.7) 123
[16:31:15.180]: (-1.0, 1.8, 2.7) 123
[16:31:15.204]: (-1.0, 1.8, 2.7) 123
[16:31:15.226]: (-1.0, 1.8, 2.7) 123
[16:31:15.246]: (-1.0, 1.8, 2.7) 123
[16:31:15.269]: (-1.1, 1.9, 2.9) 117
[16:31:15.291]: (-1.1, 1.9, 2.9) 117
[16:31:15.312]: (-1.1, 1.9, 2.9) 117
[16:31:15.335]: (-1.1, 1.9, 2.9) 117
[16:31:15.357]: (-1.1, 1.9, 2.9) 117
[16:31:15.380]: (-1.1, 1.9, 2.9) 117
[16:31:15.403]: (-1.1, 1.9, 2.9) 117
[16:31:15.424]: (-1.1, 1.9, 2.9) 117
[16:31:15.448]: (-1.1, 1.9, 2.9) 117
[16:31:15.470]: (-1.1, 1.9, 2.9) 117
[16:31:15.490]: (-1.1, 1.9, 2.9) 117
[16:31:15.513]: (-1.1, 1.9, 2.9) 117
[16:31:15.535]: (-1.1, 1.9, 2.9) 117
[16:31:15.558]: (-1.1, 1.9, 2.9) 117
[16:31:15.580]: (-1.1, 1.9, 2.9) 117
[16:31:15.604]: (-1.1, 1.9, 2.9) 117
[16:31:15.621]: (-1.1, 1.9, 2.9) 117
[16:31:15.638]: (-1.1, 1.9, 2.9) 117
[16:31:15.658]: (-1.1, 1.9, 2.9) 117
[16:31:15.675]: (-1.1, 1.9, 2.9) 117
[16:31:15.793]: (0.6, 2.2, 2.8) 64
[16:31:15.812]: (0.8, 2.2, 2.8) 60
[16:31:15.846]: (0.9, 2.2, 2.7) 67
[16:31:15.865]: (0.9, 2.2, 2.7) 67
[16:31:15.883]: (0.9, 2.2, 2.6) 67
[16:31:15.902]: (0.7, 2.0, 2.2) 36
[16:31:15.919]: (0.9, 2.2, 2.6) 67
[16:31:15.936]: (0.9, 2.2, 2.6) 67
[16:31:15.953]: (0.9, 2.2, 2.6) 67
[16:31:15.971]: (0.9, 2.2, 2.7) 58
[16:31:15.990]: (0.9, 2.2, 2.7) 58
[16:31:16.007]: (0.7, 2.0, 2.2) 36
[16:31:16.024]: (0.9, 2.1, 2.6) 67
[16:31:16.040]: (0.7, 2.0, 2.2) 36
[16:31:16.058]: (0.7, 2.0, 2.2) 36
[16:31:16.075]: (0.7, 2.0, 2.2) 36
[16:31:16.093]: (0.7, 2.0, 2.2) 36
[16:31:16.243]: (0.8, 2.0, 2.1) 24
[16:31:16.267]: (0.8, 1.9, 2.1) 24
[16:31:16.289]: (0.8, 1.9, 2.1) 24
[16:31:16.310]: (0.8, 2.0, 2.1) 24
[16:31:16.332]: (0.8, 2.0, 2.1) 24
[16:31:16.355]: (0.8, 1.9, 2.1) 24
[16:31:16.377]: (0.8, 1.9, 2.1) 24
[16:31:16.399]: (0.9, 1.9, 2.1) 24
[16:31:16.421]: (0.9, 2.0, 2.1) 34
[16:31:16.443]: (0.9, 2.0, 2.1) 34
[16:31:16.466]: (0.9, 2.0, 2.1) 34
[16:31:16.885]: (0.7, 2.0, 2.2) 26
[16:31:17.014]: (1.0, 2.1, 2.6) 67
[16:31:17.036]: (1.0, 2.1, 2.6) 67
[16:31:17.055]: (1.0, 2.1, 2.6) 67
[16:31:17.073]: (0.9, 2.1, 2.6) 67
[16:31:17.091]: (0.9, 2.1, 2.6) 67
[16:31:17.113]: (0.9, 2.2, 2.6) 67
[16:31:17.144]: (0.9, 2.2, 2.6) 67
[16:31:17.178]: (0.9, 2.2, 2.6) 67
[16:31:17.211]: (0.9, 2.2, 2.6) 67
[16:31:17.244]: (0.7, 2.0, 2.2) 36
[16:31:17.277]: (0.6, 2.1, 2.7) 65
[16:31:17.314]: (0.6, 2.1, 2.7) 65
[16:31:17.344]: (0.6, 2.2, 2.8) 55
[16:31:17.411]: (0.6, 2.2, 2.8) 55
[16:31:17.477]: (0.6, 2.1, 2.7) 65
[16:31:17.511]: (0.6, 2.1, 2.7) 65
[16:31:17.544]: (0.7, 2.1, 2.7) 65
[16:31:17.577]: (0.7, 2.1, 2.6) 65
[16:31:17.612]: (0.7, 2.1, 2.6) 65
[16:31:17.644]: (0.7, 2.1, 2.6) 65
[16:31:17.678]: (0.7, 2.1, 2.6) 65
[16:31:17.710]: (0.6, 2.1, 2.7) 65
[16:31:17.744]: (0.6, 2.1, 2.7) 65
[16:31:17.778]: (0.6, 2.1, 2.7) 65
[16:31:17.833]: (0.5, 2.0, 2.3) 36
[16:31:17.860]: (0.5, 2.0, 2.3) 36
[16:31:17.884]: (0.6, 2.1, 2.7) 67
[16:31:17.910]: (0.6, 2.2, 2.7) 67
[16:31:17.934]: (0.5, 2.1, 2.7) 67
[16:31:18.060]: (0.3, 2.0, 2.3) 24
[16:31:18.085]: (0.3, 2.0, 2.3) 24
[16:31:18.111]: (0.3, 2.2, 2.8) 67
[16:31:18.162]: (0.3, 2.1, 2.3) 34
[16:31:18.475]: (0.3, 2.2, 2.8) 67
[16:31:18.498]: (0.3, 2.3, 3.0) 56
[16:31:18.520]: (0.3, 2.3, 2.9) 56
[16:31:18.542]: (0.3, 2.3, 2.9) 56
[16:31:18.565]: (0.3, 2.3, 2.9) 56
[16:31:18.588]: (0.3, 2.3, 2.9) 56
[16:31:18.609]: (0.3, 2.3, 2.9) 56
[16:31:18.631]: (0.3, 2.3, 2.9) 56
[16:31:18.654]: (0.3, 2.3, 3.0) 56
[16:31:18.675]: (0.3, 2.3, 2.9) 56
[16:31:18.698]: (0.3, 2.3, 3.0) 56
[16:31:18.720]: (0.2, 2.3, 3.0) 56
[16:31:18.742]: (0.3, 2.3, 2.9) 56
[16:31:18.765]: (0.3, 2.3, 2.9) 56
[16:31:18.788]: (0.3, 2.3, 2.9) 56
[16:31:18.809]: (0.3, 2.2, 3.0) 56
[16:31:18.831]: (0.3, 2.2, 2.8) 67
[16:31:18.853]: (0.3, 2.2, 3.0) 56
[16:31:18.920]: (0.2, 2.2, 2.8) 67
[16:31:18.943]: (0.3, 2.2, 2.8) 67
[16:31:18.964]: (0.2, 2.2, 2.8) 67
[16:31:18.988]: (0.3, 2.2, 2.8) 67
[16:31:19.011]: (0.3, 2.2, 2.8) 67
[16:31:19.034]: (0.3, 2.2, 2.8) 67
[16:31:19.053]: (0.3, 2.2, 2.8) 67
[16:31:19.076]: (0.3, 2.2, 2.8) 67
[16:31:19.099]: (0.3, 2.2, 2.8) 67
[16:31:19.119]: (0.3, 2.2, 2.8) 67
[16:31:19.142]: (0.3, 2.2, 2.8) 67
[16:31:19.165]: (0.3, 2.2, 2.8) 67
[16:31:19.647]: (0.3, 2.1, 2.3) 34
[16:31:19.775]: (0.3, 2.1, 2.3) 34
[16:31:19.826]: (1.4, 2.2, 2.6) 101
[16:31:20.054]: (1.5, 2.2, 2.3) 100
[16:31:20.075]: (1.8, 2.4, 2.5) 90
[16:31:20.187]: (1.9, 2.4, 2.4) 88
[16:31:20.211]: (2.0, 2.4, 2.4) 96
[16:31:20.231]: (2.0, 2.4, 2.4) 96
[16:31:20.252]: (1.9, 2.4, 2.4) 88
[16:31:20.343]: (1.9, 2.3, 2.4) 88
[16:31:20.363]: (1.9, 2.4, 2.4) 88
[16:31:20.388]: (2.4, 2.8, 3.0) 110
[16:31:20.740]: (2.0, 2.8, 3.1) 112
[16:31:20.758]: (2.0, 2.8, 3.1) 112
[16:31:20.795]: (2.1, 2.8, 3.2) 110
[16:31:20.817]: (2.1, 2.8, 3.2) 110
[16:31:20.946]: (1.6, 2.8, 3.6) 106
[16:31:20.970]: (1.4, 2.7, 3.5) 112
[16:31:20.993]: (1.4, 2.7, 3.6) 109
[16:31:21.015]: (1.4, 2.7, 3.7) 109
[16:31:21.045]: (1.3, 2.7, 3.7) 113
[16:31:21.446]: (1.0, 2.4, 2.9) 92
[16:31:21.480]: (1.0, 2.4, 2.9) 92
[16:31:21.513]: (1.0, 2.4, 2.9) 92
[16:31:21.574]: (-0.1, 2.1, 3.0) 54
[16:31:21.609]: (-0.2, 1.9, 2.4) 34
[16:31:21.647]: (-0.2, 2.1, 3.0) 54
[16:31:21.818]: (1.1, 2.4, 2.8) 90
[16:31:21.843]: (1.1, 2.4, 2.8) 89
[16:31:21.863]: (1.2, 2.4, 2.8) 89
[16:31:21.886]: (1.2, 2.4, 2.8) 89
[16:31:21.907]: (1.1, 2.4, 2.8) 89
[16:31:21.930]: (1.1, 2.4, 2.8) 89
[16:31:21.952]: (1.2, 2.4, 2.8) 89
[16:31:21.974]: (1.2, 2.4, 2.8) 89
[16:31:21.997]: (1.2, 2.4, 2.8) 89
[16:31:22.020]: (1.2, 2.4, 2.8) 89
[16:31:22.041]: (1.2, 2.3, 2.5) 98
[16:31:22.064]: (1.2, 2.3, 2.6) 98
[16:31:22.086]: (1.2, 2.3, 2.5) 98
[16:31:22.108]: (1.1, 2.3, 2.6) 98
[16:31:22.130]: (1.1, 2.3, 2.6) 98
[16:31:22.153]: (1.1, 2.3, 2.6) 98
[16:31:22.174]: (1.1, 2.2, 2.6) 98
[16:31:22.196]: (1.1, 2.2, 2.6) 98
[16:31:22.218]: (1.1, 2.2, 2.6) 98
[16:31:22.242]: (1.1, 2.3, 2.7) 91
[16:31:22.263]: (1.1, 2.3, 2.7) 91
[16:31:22.286]: (1.1, 2.3, 2.7) 91
[16:31:22.308]: (1.1, 2.3, 2.7) 91
[16:31:22.329]: (1.1, 2.3, 2.7) 91
[16:31:22.353]: (1.1, 2.3, 2.7) 91
[16:31:22.373]: (1.1, 2.3, 2.7) 91
[16:31:22.397]: (1.1, 2.3, 2.7) 91
[16:31:22.420]: (1.1, 2.3, 2.7) 91
[16:31:22.441]: (1.1, 2.3, 2.7) 91
[16:31:22.465]: (1.1, 2.3, 2.7) 91
[16:31:22.487]: (1.1, 2.3, 2.7) 91
[16:31:22.511]: (1.1, 2.2, 2.6) 98
[16:31:22.534]: (1.2, 2.3, 2.7) 91
[16:31:22.556]: (1.2, 2.3, 2.7) 91
[16:31:22.577]: (1.1, 2.3, 2.6) 98
[16:31:22.601]: (1.1, 2.2, 2.6) 98
[16:31:22.622]: (1.1, 2.2, 2.6) 98
[16:31:22.646]: (1.1, 2.2, 2.6) 98
[16:31:22.667]: (1.1, 2.2, 2.6) 98
[16:31:22.689]: (1.1, 2.2, 2.6) 98
[16:31:22.712]: (1.1, 2.2, 2.6) 98
[16:31:22.733]: (1.1, 2.2, 2.6) 98
[16:31:22.756]: (1.1, 2.2, 2.6) 98
[16:31:22.780]: (1.1, 2.2, 2.6) 98
[16:31:22.799]: (1.1, 2.2, 2.6) 98
[16:31:22.823]: (1.1, 2.2, 2.6) 98
[16:31:22.844]: (1.1, 2.2, 2.7) 91
[16:31:22.866]: (1.0, 2.2, 2.6) 100
[16:31:22.889]: (1.0, 2.2, 2.6) 100
[16:31:22.911]: (1.0, 2.2, 2.6) 100
[16:31:22.934]: (1.0, 2.2, 2.6) 100
[16:31:22.955]: (1.0, 2.2, 2.6) 100
[16:31:22.972]: (1.0, 2.2, 2.6) 100
[16:31:23.162]: (1.1, 2.3, 2.7) 91
[16:31:23.182]: (1.1, 2.3, 2.7) 91
[16:31:23.199]: (1.1, 2.3, 2.7) 91
[16:31:23.217]: (1.1, 2.3, 2.7) 91
[16:31:23.235]: (1.1, 2.3, 2.7) 91
[16:31:23.253]: (1.1, 2.3, 2.7) 91
[16:31:23.270]: (1.1, 2.3, 2.7) 91
[16:31:23.287]: (1.1, 2.3, 2.7) 91
[16:31:23.305]: (1.1, 2.3, 2.7) 91
[16:31:23.321]: (1.1, 2.3, 2.7) 91
[16:31:23.339]: (1.1, 2.3, 2.7) 91
[16:31:23.356]: (1.1, 2.3, 2.7) 91
[16:31:23.373]: (1.1, 2.3, 2.7) 91
[16:31:23.563]: (1.0, 2.3, 2.6) 100
[16:31:23.585]: (1.0, 2.3, 2.7) 93
[16:31:23.607]: (1.1, 2.4, 2.9) 90
[16:31:23.696]: (1.1, 2.5, 2.9) 90
[16:31:23.741]: (1.1, 2.4, 2.8) 90
[16:31:23.762]: (1.1, 2.4, 2.8) 90
[16:31:23.786]: (1.1, 2.4, 2.8) 89
[16:31:23.809]: (1.1, 2.4, 2.8) 89
[16:31:23.829]: (1.1, 2.4, 2.8) 89
[16:31:23.851]: (1.1, 2.4, 2.8) 89
[16:31:23.873]: (1.1, 2.4, 2.8) 89
[16:31:23.890]: (1.1, 2.3, 2.7) 91
[16:31:23.909]: (1.1, 2.3, 2.7) 91
[16:31:23.927]: (1.1, 2.3, 2.7) 91
[16:31:23.946]: (1.1, 2.3, 2.7) 91
[16:31:23.964]: (1.1, 2.3, 2.7) 91
[16:31:23.982]: (1.1, 2.4, 2.8) 89
[16:31:24.002]: (1.1, 2.3, 2.7) 91
[16:31:24.020]: (1.1, 2.3, 2.7) 91
[16:31:24.038]: (1.1, 2.3, 2.7) 91
[16:31:24.056]: (1.1, 2.3, 2.7) 91
[16:31:24.073]: (1.1, 2.3, 2.7) 91
[16:31:24.090]: (1.1, 2.3, 2.7) 91
[16:31:24.108]: (1.2, 2.4, 2.8) 89
[16:31:24.129]: (1.2, 2.4, 2.8) 89
[16:31:24.147]: (1.2, 2.4, 2.8) 89
[16:31:24.164]: (1.2, 2.4, 2.8) 89
[16:31:24.183]: (1.2, 2.4, 2.8) 89
[16:31:24.202]: (1.2, 2.4, 2.8) 89
[16:31:24.221]: (1.2, 2.4, 2.8) 89
[16:31:24.239]: (1.2, 2.4, 2.7) 89
[16:31:24.256]: (1.2, 2.4, 2.7) 89
[16:31:24.273]: (1.2, 2.4, 2.7) 89
[16:31:24.291]: (1.1, 2.3, 2.7) 91
[16:31:24.308]: (1.1, 2.3, 2.7) 91
[16:31:24.326]: (1.1, 2.3, 2.7) 91
[16:31:24.344]: (1.1, 2.3, 2.7) 91
[16:31:24.364]: (1.2, 2.2, 2.6) 98
[16:31:24.384]: (1.2, 2.3, 2.7) 91
[16:31:24.401]: (1.2, 2.3, 2.7) 91
[16:31:24.418]: (1.2, 2.3, 2.7) 91
[16:31:24.435]: (1.1, 2.2, 2.6) 98
[16:31:24.454]: (1.2, 2.2, 2.6) 98
[16:31:24.473]: (1.2, 2.2, 2.6) 98
[16:31:24.498]: (1.2, 2.2, 2.6) 98
[16:31:24.520]: (1.2, 2.2, 2.6) 98
[16:31:24.540]: (1.2, 2.2, 2.6) 98
[16:31:24.585]: (0.9, 2.2, 2.6) 100
[16:31:24.697]: (0.0, 1.9, 2.2) 33
[16:31:24.718]: (0.0, 1.9, 2.2) 33
[16:31:24.808]: (-0.3, 1.8, 2.4) 24
[16:31:24.948]: (-0.4, 1.6, 2.3) 27
[16:31:24.999]: (-1.4, 1.5, 2.6) 49
[16:31:25.016]: (-1.3, 1.5, 2.5) 42
[16:31:25.033]: (-1.3, 1.5, 2.5) 42
[16:31:25.070]: (-1.3, 1.5, 2.5) 42
[16:31:25.089]: (-1.4, 1.6, 2.9) 80
[16:31:25.123]: (-1.4, 1.5, 2.6) 49
[16:31:25.157]: (-1.4, 1.5, 2.6) 49
[16:31:25.189]: (-1.4, 1.5, 2.6) 49
[16:31:25.207]: (-1.4, 1.5, 2.6) 49
[16:31:25.257]: (-2.1, 1.2, 2.5) 116
[16:31:25.313]: (-2.0, 1.1, 2.6) 116
[16:31:25.332]: (-2.0, 1.1, 2.6) 116
[16:31:25.350]: (-2.0, 1.2, 2.6) 116
[16:31:25.368]: (-2.0, 1.2, 2.6) 116
[16:31:25.388]: (-2.0, 1.2, 2.6) 117
[16:31:25.413]: (-2.0, 1.2, 2.8) 118
[16:31:25.436]: (-2.0, 1.2, 2.9) 120
[16:31:25.457]: (-2.0, 1.2, 2.8) 122
[16:31:25.482]: (-1.9, 1.3, 2.8) 121
[16:31:25.503]: (-1.8, 1.3, 2.8) 121
[16:31:25.526]: (-1.7, 1.3, 2.8) 121
[16:31:25.630]: (-1.3, 1.5, 2.8) 124
[16:31:25.733]: (-0.3, 1.7, 2.6) 42
[16:31:25.757]: (-0.2, 1.7, 2.6) 42
[16:31:25.804]: (-0.3, 1.7, 2.6) 42
[16:31:25.828]: (-0.3, 1.7, 2.6) 42
[16:31:25.850]: (-0.2, 1.8, 2.6) 42
[16:31:25.872]: (-0.3, 1.8, 2.6) 42
[16:31:25.935]: (-0.3, 1.9, 3.0) 80
[16:31:25.953]: (-0.3, 2.0, 3.0) 80
[16:31:25.971]: (-0.3, 2.0, 3.0) 80
[16:31:25.989]: (-0.3, 2.0, 3.0) 80
[16:31:26.008]: (-0.3, 2.0, 3.0) 80
[16:31:26.025]: (-0.3, 2.0, 3.0) 80
[16:31:26.042]: (-0.3, 1.9, 3.0) 80
[16:31:26.060]: (-0.3, 2.0, 3.0) 80
[16:31:26.077]: (-0.3, 2.0, 3.0) 80
[16:31:26.095]: (-0.3, 2.0, 3.0) 80
[16:31:26.113]: (-0.3, 2.0, 3.0) 80
[16:31:26.132]: (-0.3, 2.0, 3.0) 80
[16:31:26.150]: (-0.3, 2.0, 3.0) 80
[16:31:26.167]: (-0.3, 2.0, 3.0) 80
[16:31:26.186]: (-0.3, 2.0, 3.0) 80
[16:31:26.205]: (-0.3, 2.0, 3.0) 80
[16:31:26.222]: (-0.3, 2.0, 3.0) 80
[16:31:26.241]: (-0.3, 2.0, 3.0) 80
[16:31:26.259]: (-0.3, 2.0, 3.0) 80
[16:31:26.276]: (-0.3, 2.0, 3.0) 80
[16:31:26.293]: (-0.3, 2.0, 3.0) 80
[16:31:26.312]: (-0.3, 2.0, 3.0) 80
[16:31:26.329]: (-0.3, 2.0, 3.0) 80
[16:31:26.347]: (-0.3, 1.6, 2.3) 48
[16:31:26.364]: (-0.3, 1.6, 2.3) 48
[16:31:26.382]: (-0.3, 1.6, 2.3) 48
[16:31:26.399]: (-0.3, 1.6, 2.3) 48
[16:31:26.417]: (-0.3, 1.6, 2.3) 48
[16:31:26.435]: (-0.3, 1.6, 2.3) 48
[16:31:26.453]: (-0.3, 1.6, 2.3) 48
[16:31:26.473]: (-0.3, 1.6, 2.3) 48
[16:31:26.490]: (-0.3, 1.6, 2.3) 48
[16:31:26.509]: (-0.3, 1.6, 2.6) 46
[16:31:26.534]: (-0.3, 1.6, 2.5) 45
[16:31:26.556]: (-0.3, 1.6, 2.5) 45
[16:31:26.581]: (-0.3, 1.6, 2.6) 51
[16:31:26.602]: (-0.3, 1.6, 2.7) 51
[16:31:26.626]: (-0.2, 1.6, 2.7) 51
[16:31:26.669]: (-0.1, 1.5, 2.5) 45
[16:31:26.693]: (0.0, 1.5, 2.6) 46
[16:31:26.717]: (0.0, 1.5, 2.5) 45
[16:31:26.739]: (0.0, 1.5, 2.5) 45
[16:31:26.763]: (0.0, 1.5, 2.4) 50
[16:31:26.785]: (0.0, 1.5, 2.4) 50
[16:31:26.808]: (0.0, 1.5, 2.4) 50
[16:31:27.766]: (0.2, 1.9, 2.1) 48
[16:31:27.790]: (0.2, 1.9, 2.1) 48
[16:31:27.814]: (0.2, 1.9, 2.3) 41
[16:31:27.837]: (0.2, 1.9, 2.2) 41
[16:31:27.861]: (0.1, 1.9, 2.3) 41
[16:31:27.882]: (0.1, 1.9, 2.2) 41
[16:31:27.904]: (0.1, 1.9, 2.3) 41
[16:31:27.926]: (0.1, 1.9, 2.3) 41
[16:31:27.991]: (0.0, 1.9, 2.1) 48
[16:31:28.009]: (0.0, 1.9, 2.1) 48
[16:31:28.028]: (0.0, 1.9, 2.1) 48
[16:31:28.045]: (0.0, 1.9, 2.1) 48
[16:31:28.062]: (0.0, 1.9, 2.1) 48
[16:31:28.082]: (0.0, 2.0, 2.1) 48
[16:31:28.102]: (0.0, 2.0, 2.1) 48
[16:31:28.119]: (0.0, 2.0, 2.1) 48
[16:31:28.136]: (0.0, 2.0, 2.1) 48
[16:31:28.155]: (0.0, 2.0, 2.1) 48
[16:31:28.172]: (0.0, 2.0, 2.1) 48
[16:31:28.191]: (0.0, 2.0, 2.1) 48
[16:31:28.208]: (0.0, 2.0, 2.1) 48
[16:31:28.227]: (0.1, 2.0, 2.2) 41
[16:31:28.245]: (0.1, 2.0, 2.2) 41
[16:31:28.264]: (0.1, 2.0, 2.2) 41
[16:31:28.283]: (0.1, 1.9, 2.2) 41
[16:31:28.301]: (0.1, 2.0, 2.3) 41
[16:31:28.428]: (0.1, 2.0, 2.3) 41
[16:31:28.450]: (0.1, 2.0, 2.2) 41
[16:31:28.471]: (0.1, 2.0, 2.2) 41
[16:31:28.539]: (-0.7, 1.6, 1.9) 2
[16:31:28.561]: (-0.7, 1.6, 2.0) 3
[16:31:28.585]: (-0.7, 1.7, 2.0) 5
[16:31:28.611]: (-0.7, 1.7, 2.0) 5
[16:31:28.632]: (-0.7, 1.7, 2.0) 5
[16:31:28.655]: (-0.7, 1.7, 2.0) 5
[16:31:28.680]: (-0.7, 1.7, 2.0) 5
[16:31:28.722]: (-0.7, 1.6, 1.6) 9
[16:31:28.748]: (-0.7, 1.6, 1.6) 9
[16:31:28.771]: (-0.7, 1.6, 1.6) 9
[16:31:28.858]: (-0.7, 1.6, 1.8) 2
[16:31:28.882]: (-0.7, 1.7, 1.8) 2
[16:31:28.905]: (-0.7, 1.7, 1.9) 3
[16:31:28.930]: (-0.7, 1.7, 1.9) 3
[16:31:28.997]: (-0.1, 2.0, 2.0) 48
[16:31:29.022]: (-0.1, 2.0, 2.0) 48
[16:31:29.044]: (-0.1, 2.0, 2.0) 48
[16:31:29.066]: (-0.1, 2.0, 2.0) 48
[16:31:29.089]: (-0.1, 2.0, 2.0) 48
[16:31:29.109]: (-0.1, 2.0, 2.0) 48
[16:31:29.128]: (-0.1, 2.0, 2.0) 48
[16:31:29.146]: (-0.1, 2.0, 2.0) 48
[16:31:29.163]: (-0.1, 2.0, 2.0) 48
[16:31:29.181]: (-0.1, 2.0, 2.0) 48
[16:31:29.200]: (-0.1, 2.0, 2.0) 48
[16:31:29.218]: (-0.1, 2.0, 2.0) 48
[16:31:29.236]: (-0.1, 2.0, 2.0) 48
[16:31:29.254]: (-0.1, 2.0, 2.0) 48
[16:31:29.273]: (-0.1, 2.0, 2.0) 48
[16:31:29.291]: (-0.1, 2.0, 2.0) 48
[16:31:29.308]: (-0.1, 2.0, 2.0) 48
[16:31:29.328]: (-0.1, 2.0, 2.0) 48
[16:31:29.794]: (-0.8, 2.2, 2.6) 124
[16:31:29.818]: (-0.8, 2.2, 2.5) 124
[16:31:29.839]: (-0.8, 2.2, 2.5) 124
[16:31:29.865]: (-0.8, 2.2, 2.6) 124
[16:31:29.932]: (-0.8, 2.4, 2.9) 120
[16:31:29.953]: (-0.8, 2.4, 2.8) 120
[16:31:29.977]: (-0.8, 2.4, 2.8) 120
[16:31:30.023]: (-0.8, 2.3, 2.7) 117
[16:31:30.085]: (-0.8, 2.3, 2.7) 117
[16:31:30.527]: (0.0, 2.0, 1.9) 48
[16:31:30.549]: (0.1, 2.0, 1.9) 48
[16:31:30.572]: (0.1, 2.1, 2.0) 43
[16:31:30.593]: (0.1, 2.0, 1.9) 48
[16:31:30.617]: (0.1, 2.0, 1.9) 48
[16:31:30.638]: (0.1, 2.0, 1.9) 48
[16:31:30.660]: (0.1, 2.0, 1.9) 48
[16:31:30.682]: (0.1, 2.1, 2.0) 43
[16:31:30.704]: (0.1, 2.1, 2.0) 43
[16:31:30.727]: (0.1, 2.1, 2.0) 43
[16:31:30.749]: (0.2, 2.1, 2.0) 41
[16:31:30.771]: (0.2, 2.1, 2.0) 41
[16:31:30.793]: (0.2, 2.1, 2.0) 41
[16:31:30.817]: (0.2, 2.1, 2.0) 41
[16:31:31.001]: (0.2, 2.1, 2.0) 41
[16:31:31.019]: (0.2, 2.1, 2.0) 41
[16:31:31.038]: (0.2, 2.1, 2.0) 41
[16:31:31.056]: (0.2, 2.1, 2.0) 41
[16:31:31.288]: (0.2, 2.0, 2.0) 39
[16:31:31.314]: (0.2, 2.0, 1.9) 39
[16:31:31.338]: (0.2, 2.0, 1.9) 39
[16:31:31.364]: (0.2, 2.0, 2.0) 39
[16:31:31.428]: (0.2, 2.0, 2.0) 40
[16:31:31.451]: (0.2, 2.0, 2.0) 40
[16:31:31.475]: (0.1, 2.0, 2.0) 40
[16:31:31.541]: (-0.1, 2.0, 2.1) 41
[16:31:31.564]: (-0.1, 2.0, 2.1) 41
[16:31:31.589]: (-0.1, 2.0, 2.1) 41
[16:31:31.612]: (-0.1, 2.0, 2.1) 41
[16:31:31.635]: (-0.1, 2.0, 2.1) 41
[16:31:31.657]: (-0.1, 2.0, 2.1) 41
[16:31:31.680]: (-0.1, 2.0, 2.1) 41
[16:31:31.702]: (-0.1, 2.0, 2.1) 41
[16:31:31.747]: (-0.3, 1.9, 2.1) 45
[16:31:31.769]: (-0.3, 2.0, 2.1) 45
[16:31:31.791]: (-0.3, 2.0, 2.1) 45
[16:31:31.821]: (-0.3, 2.0, 2.1) 45
[16:31:31.852]: (-0.3, 2.0, 2.1) 45
[16:31:31.886]: (-0.3, 2.0, 2.1) 45
[16:31:31.920]: (-0.3, 2.0, 2.1) 45
[16:31:31.956]: (-0.3, 2.0, 2.1) 45
[16:31:31.987]: (-0.3, 2.0, 2.1) 45
[16:31:32.020]: (-0.3, 2.0, 2.1) 45
[16:31:32.052]: (-0.3, 2.0, 2.1) 45
[16:31:32.086]: (-0.3, 2.0, 2.1) 45
[16:31:32.120]: (-0.2, 1.8, 2.0) 48
[16:31:32.186]: (-0.2, 1.9, 1.9) 48
[16:31:32.220]: (-0.2, 1.9, 1.9) 48
[16:31:32.256]: (-0.2, 1.9, 1.9) 48
[16:31:32.286]: (-0.2, 1.9, 1.9) 48
[16:31:32.319]: (-0.2, 1.9, 1.9) 48
[16:31:32.349]: (-0.2, 1.8, 1.9) 48
[16:31:32.382]: (-0.3, 1.8, 2.0) 48
[16:31:32.582]: (-0.9, 2.1, 2.5) 123
[16:31:32.604]: (-0.9, 2.1, 2.4) 123
[16:31:32.626]: (-0.9, 2.1, 2.4) 123
[16:31:32.649]: (-0.9, 2.1, 2.4) 123
[16:31:32.670]: (-0.9, 2.1, 2.4) 123
[16:31:32.693]: (-0.9, 2.0, 2.4) 123
[16:31:32.716]: (-0.9, 2.0, 2.4) 123
[16:31:32.737]: (-0.9, 2.0, 2.4) 123
[16:31:32.759]: (-0.9, 2.1, 2.4) 123
[16:31:32.782]: (-0.9, 2.1, 2.4) 123
[16:31:32.803]: (-0.9, 2.1, 2.4) 123
[16:31:33.028]: (-1.0, 2.1, 2.4) 123
[16:31:33.049]: (-1.0, 2.1, 2.4) 123
[16:31:33.072]: (-1.0, 2.1, 2.4) 123
[16:31:33.094]: (-1.0, 2.0, 2.4) 123
[16:31:33.205]: (-1.0, 2.0, 2.4) 123
[16:31:33.229]: (-1.0, 2.1, 2.4) 123
[16:31:33.250]: (-1.0, 2.1, 2.4) 123
[16:31:33.274]: (-1.0, 2.1, 2.4) 123
[16:31:33.301]: (-1.0, 2.1, 2.4) 123
[16:31:33.321]: (-1.0, 2.1, 2.4) 123
[16:31:33.342]: (-0.9, 2.1, 2.4) 123
[16:31:33.361]: (-0.9, 2.1, 2.4) 123
[16:31:33.382]: (-0.9, 2.1, 2.4) 123
[16:31:33.406]: (-0.9, 2.0, 2.4) 123
[16:31:33.428]: (-0.9, 2.0, 2.4) 123
[16:31:33.449]: (-0.9, 2.0, 2.4) 123
[16:31:33.471]: (-0.9, 2.0, 2.4) 123
[16:31:33.492]: (-0.9, 2.0, 2.4) 123
[16:31:33.517]: (-0.9, 2.0, 2.4) 123
[16:31:33.537]: (-0.9, 2.0, 2.4) 123
[16:31:33.560]: (-0.9, 2.3, 2.6) 116
[16:31:33.582]: (-0.9, 2.3, 2.5) 116
[16:31:33.603]: (-0.9, 2.3, 2.5) 116
[16:31:33.627]: (-0.9, 2.3, 2.5) 116
[16:31:33.649]: (-0.9, 2.2, 2.5) 116
[16:31:33.672]: (-0.9, 2.3, 2.5) 116
[16:31:33.693]: (-0.9, 2.3, 2.5) 116
[16:31:33.714]: (-0.9, 2.3, 2.5) 116
[16:31:33.732]: (-0.9, 2.3, 2.5) 116
[16:31:33.752]: (-0.9, 2.3, 2.5) 116
[16:31:33.771]: (-0.9, 2.3, 2.5) 116
[16:31:33.790]: (-0.9, 2.3, 2.5) 116
[16:31:33.808]: (-0.9, 2.3, 2.5) 116
[16:31:33.830]: (-0.9, 2.3, 2.5) 116
[16:31:33.849]: (-0.9, 2.3, 2.5) 116
[16:31:33.869]: (-0.9, 2.3, 2.5) 116
[16:31:33.888]: (-0.9, 2.3, 2.5) 116
[16:31:33.906]: (-0.9, 2.3, 2.5) 116
[16:31:33.945]: (-0.4, 2.0, 2.2) 46
[16:31:33.980]: (0.0, 2.0, 2.0) 39
[16:31:33.999]: (0.0, 1.9, 2.0) 39
[16:31:34.039]: (0.0, 2.0, 2.0) 39
[16:31:34.058]: (0.0, 2.0, 2.0) 39
[16:31:34.078]: (0.0, 2.0, 2.0) 39
[16:31:34.096]: (0.0, 1.9, 2.0) 39
[16:31:34.116]: (0.0, 1.9, 2.0) 39
[16:31:34.141]: (0.0, 1.9, 2.0) 39
[16:31:34.162]: (0.0, 1.9, 2.0) 39
[16:31:34.182]: (0.0, 1.9, 2.0) 39
[16:31:34.202]: (0.0, 1.9, 2.0) 39
[16:31:34.222]: (0.0, 1.9, 2.0) 39
[16:31:34.240]: (0.0, 1.9, 2.0) 39
[16:31:34.257]: (0.0, 1.9, 2.0) 39
[16:31:34.273]: (0.0, 1.9, 2.0) 39
[16:31:34.293]: (0.0, 1.9, 2.0) 39
[16:31:34.310]: (0.0, 1.9, 2.0) 39
[16:31:34.336]: (0.0, 1.9, 2.0) 39
[16:31:34.403]: (0.0, 1.9, 2.0) 39
[16:31:34.437]: (0.0, 1.9, 2.0) 39
[16:31:34.471]: (0.0, 1.9, 2.0) 39
[16:31:34.503]: (0.0, 1.9, 2.0) 39
[16:31:34.536]: (-0.1, 1.8, 2.0) 48
[16:31:34.703]: (-0.1, 1.9, 2.1) 41
[16:31:34.737]: (-0.1, 2.0, 2.1) 41
[16:31:34.769]: (-0.1, 2.0, 2.1) 41
[16:31:35.070]: (-0.9, 2.2, 2.6) 116
[16:31:35.093]: (-0.9, 2.2, 2.6) 116
[16:31:35.114]: (-0.9, 2.2, 2.6) 116
[16:31:35.136]: (-0.9, 2.2, 2.6) 116
[16:31:35.158]: (-1.0, 2.1, 2.4) 123
[16:31:35.181]: (-0.9, 2.0, 2.4) 123
[16:31:35.203]: (-1.0, 2.0, 2.4) 123
[16:31:35.226]: (-1.0, 2.0, 2.4) 123
[16:31:35.247]: (-1.0, 2.0, 2.4) 123
[16:31:35.269]: (-1.0, 2.0, 2.4) 123
[16:31:35.291]: (-1.0, 2.0, 2.4) 123
[16:31:35.313]: (-1.0, 2.0, 2.4) 123
[16:31:35.337]: (-0.9, 2.0, 2.4) 123
[16:31:35.358]: (-0.9, 2.0, 2.4) 123
[16:31:35.380]: (-1.0, 2.0, 2.4) 123
[16:31:35.402]: (-0.9, 2.0, 2.4) 123
[16:31:35.425]: (-1.0, 2.0, 2.4) 123
[16:31:35.448]: (-1.0, 2.0, 2.4) 123
[16:31:35.469]: (-1.0, 2.0, 2.4) 123
[16:31:35.492]: (-1.0, 2.0, 2.4) 123
[16:31:35.513]: (-1.0, 2.0, 2.4) 123
[16:31:35.535]: (-1.0, 2.0, 2.4) 123
[16:31:35.557]: (-1.0, 2.0, 2.4) 123
[16:31:35.579]: (-1.0, 2.0, 2.4) 123
[16:31:35.603]: (-1.0, 2.0, 2.4) 123
[16:31:35.624]: (-1.0, 2.0, 2.4) 123
[16:31:35.962]: (-0.9, 2.0, 2.4) 123
[16:31:35.987]: (-1.0, 2.1, 2.4) 123
[16:31:36.006]: (-0.9, 2.1, 2.4) 123
[16:31:36.029]: (-0.9, 2.1, 2.4) 123
[16:31:36.051]: (-0.9, 2.1, 2.4) 123
[16:31:36.073]: (-0.9, 2.1, 2.4) 123
[16:31:36.095]: (-0.9, 2.1, 2.4) 123
[16:31:36.118]: (-0.9, 2.1, 2.4) 123
[16:31:36.140]: (-0.9, 2.1, 2.4) 123
[16:31:36.161]: (-0.9, 2.1, 2.4) 123
[16:31:36.185]: (-0.9, 2.1, 2.4) 123
[16:31:36.206]: (-0.9, 2.1, 2.4) 123
[16:31:36.229]: (-0.9, 2.1, 2.4) 123
[16:31:36.251]: (-1.0, 2.1, 2.4) 123
[16:31:36.273]: (-1.0, 2.1, 2.4) 123
[16:31:36.334]: (-0.2, 2.0, 2.2) 46
[16:31:36.368]: (-0.2, 2.0, 2.1) 43
[16:31:36.386]: (-0.2, 2.0, 2.0) 43
[16:31:36.403]: (-0.2, 1.9, 2.0) 43
[16:31:36.423]: (-0.2, 1.9, 2.0) 43
[16:31:36.439]: (-0.2, 2.0, 2.0) 43
[16:31:36.456]: (-0.2, 2.0, 2.0) 43
[16:31:36.475]: (-0.2, 2.0, 2.0) 43
[16:31:36.492]: (-0.2, 1.9, 2.0) 43
[16:31:36.589]: (-0.2, 2.0, 2.0) 43
[16:31:36.607]: (-0.2, 2.0, 2.0) 43
[16:31:36.625]: (-0.2, 2.0, 2.0) 43
[16:31:36.641]: (-0.2, 2.0, 2.0) 43
[16:31:36.659]: (-0.2, 1.9, 2.0) 43
[16:31:36.677]: (-0.2, 1.9, 2.0) 43
[16:31:36.695]: (-0.2, 1.9, 2.0) 43
[16:31:36.713]: (-0.2, 1.9, 2.0) 43
[16:31:36.731]: (-0.2, 1.9, 2.0) 43
[16:31:36.749]: (-0.2, 1.9, 2.0) 43
[16:31:36.766]: (-0.2, 1.9, 2.0) 43
[16:31:36.782]: (-0.2, 1.9, 2.0) 43
[16:31:36.848]: (-1.0, 2.0, 2.4) 123
[16:31:36.869]: (-0.9, 2.0, 2.4) 123
[16:31:36.890]: (-0.9, 2.0, 2.4) 123
[16:31:36.913]: (-0.9, 2.0, 2.4) 123
[16:31:36.935]: (-0.9, 2.0, 2.4) 123
[16:31:36.957]: (-0.9, 2.0, 2.4) 123
[16:31:36.980]: (-0.9, 2.0, 2.4) 123
[16:31:37.003]: (-0.9, 2.0, 2.4) 123
[16:31:37.023]: (-0.9, 2.0, 2.4) 123
[16:31:37.047]: (-0.9, 2.0, 2.4) 123
[16:31:37.069]: (-0.9, 2.0, 2.4) 123
[16:31:37.090]: (-0.9, 2.0, 2.5) 123
[16:31:38.287]: (-0.4, 1.9, 2.0) 50
[16:31:38.304]: (-0.4, 1.9, 2.0) 50
[16:31:38.323]: (-0.4, 1.9, 2.0) 50
[16:31:38.343]: (-0.4, 1.9, 2.0) 50
[16:31:38.362]: (-0.4, 1.9, 2.0) 50
[16:31:38.382]: (-0.4, 1.9, 2.0) 50
[16:31:38.400]: (-0.4, 1.9, 2.0) 50
[16:31:38.423]: (-0.4, 1.9, 2.0) 50
[16:31:38.442]: (-0.4, 1.9, 2.0) 50
[16:31:38.459]: (-0.4, 1.9, 2.0) 50
[16:31:38.476]: (-0.4, 1.9, 2.0) 50
[16:31:38.498]: (-0.4, 1.9, 2.0) 50
[16:31:38.524]: (-0.4, 1.9, 2.0) 50
[16:31:38.547]: (-0.4, 1.9, 2.0) 50
[16:31:38.568]: (-0.4, 1.9, 2.0) 50
[16:31:38.588]: (-0.4, 1.9, 2.0) 50
[16:31:38.607]: (-0.4, 1.8, 2.1) 50
[16:31:38.628]: (-0.4, 1.9, 2.1) 50
[16:31:38.648]: (-0.4, 1.9, 2.1) 50
[16:31:38.665]: (-0.4, 1.9, 2.1) 50
[16:31:38.683]: (-0.4, 1.9, 2.1) 50
[16:31:38.702]: (-0.4, 1.8, 2.1) 50
[16:31:38.720]: (-0.4, 1.8, 2.1) 50
[16:31:38.737]: (-0.4, 1.9, 2.0) 50
