[16:11:09.937]: (-2.3, -0.6, 0.2) 6
[16:11:09.962]: (-3.5, -1.9, 0.5) 18
[16:11:10.835]: (-1.4, 0.9, 3.1) 10
[16:11:11.052]: (-1.0, 1.1, 2.4) 7
[16:11:11.080]: (-1.6, 1.3, 4.0) 18
[16:11:11.207]: (-1.4, 1.7, 3.4) 14
[16:11:11.228]: (-1.3, 1.7, 3.4) 14
[16:11:11.248]: (-1.3, 1.7, 3.3) 14
[16:11:11.271]: (-1.3, 1.7, 3.3) 14
[16:11:11.292]: (-1.3, 1.7, 3.3) 14
[16:11:11.316]: (-1.3, 1.8, 3.3) 14
[16:11:11.621]: (-1.5, 1.9, 3.6) 15
[16:11:11.640]: (-1.5, 1.9, 3.6) 15
[16:11:11.880]: (-1.5, 1.7, 3.3) 14
[16:11:12.002]: (-1.4, 1.9, 3.3) 14
[16:11:12.025]: (-1.4, 1.9, 3.2) 14
[16:11:12.482]: (-2.3, 1.9, 4.8) 24
[16:11:12.503]: (-2.3, 1.9, 4.8) 24
[16:11:12.548]: (-1.8, 1.6, 3.8) 18
[16:11:12.570]: (-1.8, 1.6, 3.8) 18
[16:11:12.587]: (-1.8, 1.6, 3.8) 18
[16:11:12.604]: (-1.8, 1.6, 3.8) 18
[16:11:12.621]: (-1.8, 1.6, 3.8) 18
[16:11:12.639]: (-1.8, 1.6, 3.8) 18
[16:11:12.656]: (-1.8, 1.6, 3.8) 18
[16:11:12.674]: (-1.8, 1.6, 3.8) 18
[16:11:12.719]: (-1.6, 1.3, 3.0) 10
[16:11:12.738]: (-1.6, 1.3, 3.0) 10
[16:11:12.754]: (-1.6, 1.2, 3.0) 10
[16:11:12.771]: (-1.6, 1.2, 3.0) 10
[16:11:12.803]: (-1.6, 1.2, 3.0) 10
[16:11:12.867]: (-1.6, 1.2, 3.0) 10
[16:11:12.965]: (-1.3, 1.3, 2.2) 7
[16:11:12.982]: (-1.3, 1.3, 2.2) 7
[16:11:13.264]: (-1.8, 1.7, 2.8) 8
[16:11:13.287]: (-1.7, 1.7, 2.9) 8
[16:11:13.417]: (-2.4, 1.1, 2.9) 22
[16:11:13.461]: (-2.3, 1.1, 3.0) 22
[16:11:13.484]: (-2.3, 1.1, 2.9) 22
[16:11:13.799]: (-1.8, 0.6, 1.3) 4
[16:11:13.892]: (-1.8, 0.6, 1.2) 4
[16:11:13.909]: (-1.8, 0.6, 1.3) 4
[16:11:13.926]: (-1.8, 0.6, 1.3) 4
[16:11:13.947]: (-1.8, 0.6, 1.3) 4
[16:11:13.992]: (-1.8, 0.7, 1.4) 3
[16:11:14.036]: (-2.4, 1.2, 2.9) 22
[16:11:14.080]: (-2.4, 1.2, 2.9) 22
[16:11:14.169]: (-2.4, 1.2, 3.0) 22
[16:11:14.417]: (-0.8, 2.0, 2.3) 5
[16:11:14.503]: (-0.8, 2.0, 2.1) 7
[16:11:14.525]: (-0.8, 2.0, 2.1) 7
[16:11:15.636]: (-0.8, 2.1, 2.6) 9
[16:11:15.669]: (-0.8, 2.1, 2.6) 9
[16:11:15.703]: (-0.8, 2.1, 2.6) 9
[16:11:15.736]: (-0.8, 2.1, 2.6) 9
[16:11:15.769]: (-0.8, 2.1, 2.6) 9
[16:11:16.051]: (-0.4, 2.2, 1.9) 6
[16:11:16.073]: (-0.4, 2.2, 2.1) 5
[16:11:17.257]: (-0.2, 1.5, 2.1) 5
[16:11:17.277]: (-0.3, 1.5, 2.1) 5
[16:11:17.295]: (-0.3, 1.5, 1.9) 6
[16:11:17.313]: (-0.3, 1.5, 2.1) 5
[16:11:17.333]: (-0.3, 1.5, 2.1) 5
[16:11:18.280]: (-1.7, 1.8, 2.7) 21
[16:11:18.390]: (-1.7, 1.8, 2.7) 21
[16:11:18.412]: (-1.7, 1.8, 2.6) 21
[16:11:18.456]: (-1.7, 1.8, 2.7) 21
[16:11:18.501]: (-1.7, 1.8, 2.7) 21
[16:11:18.523]: (-1.7, 1.8, 2.7) 21
[16:11:19.264]: (-1.7, 1.1, 1.0) 4
[16:11:19.287]: (-1.7, 1.1, 1.0) 4
[16:11:19.329]: (-1.7, 1.2, 1.1) 4
[16:11:19.375]: (-1.7, 1.2, 1.1) 4
[16:11:19.417]: (-1.7, 1.2, 1.1) 4
[16:11:19.638]: (-2.0, 1.6, 1.7) 13
[16:11:19.655]: (-2.0, 1.6, 1.7) 13
[16:11:19.676]: (-2.0, 1.6, 1.7) 13
[16:11:20.289]: (-0.9, 1.2, 1.5) 33
[16:11:20.515]: (-0.2, 1.2, 1.7) 7
[16:11:20.533]: (-0.2, 1.2, 1.7) 7
[16:11:20.549]: (-0.1, 1.2, 1.7) 7
[16:11:20.566]: (-0.1, 1.2, 1.7) 7
[16:11:20.583]: (-0.1, 1.2, 1.7) 7
[16:11:20.600]: (-0.1, 1.2, 1.7) 7
[16:11:20.616]: (-0.1, 1.2, 1.7) 7
[16:11:20.634]: (-0.1, 1.2, 1.7) 7
[16:11:20.650]: (-0.1, 1.2, 1.7) 7
[16:11:20.668]: (-0.2, 1.2, 1.7) 7
[16:11:20.685]: (-0.2, 1.2, 1.7) 7
[16:11:20.702]: (-0.1, 1.2, 1.7) 7
[16:11:20.719]: (-0.2, 1.2, 1.7) 7
[16:11:20.736]: (-0.2, 1.2, 1.7) 7
[16:11:20.752]: (-0.2, 1.2, 1.7) 7
[16:11:20.768]: (-0.2, 1.2, 1.7) 7
[16:11:20.784]: (-0.2, 1.2, 1.7) 7
[16:11:20.801]: (-0.2, 1.2, 1.7) 7
[16:11:20.817]: (-0.2, 1.2, 1.7) 7
[16:11:20.834]: (-0.2, 1.2, 1.7) 7
[16:11:20.851]: (-0.2, 1.2, 1.8) 7
[16:11:20.868]: (-0.2, 1.2, 1.8) 7
[16:11:20.885]: (-0.2, 1.2, 1.8) 7
[16:11:20.901]: (-0.2, 1.2, 1.7) 7
[16:11:20.919]: (-0.2, 1.2, 1.7) 7
[16:11:21.035]: (-1.0, 1.3, 1.5) 33
[16:11:21.058]: (-1.0, 1.3, 1.5) 33
[16:11:21.078]: (-1.0, 1.3, 1.5) 33
[16:11:21.101]: (-1.0, 1.3, 1.5) 33
[16:11:21.122]: (-1.0, 1.3, 1.5) 33
[16:11:21.145]: (-1.0, 1.3, 1.5) 33
[16:11:21.167]: (-1.0, 1.3, 1.5) 33
[16:11:21.613]: (-1.0, 1.2, 1.5) 33
[16:11:21.721]: (0.0, 1.3, 1.9) 5
[16:11:21.739]: (0.0, 1.3, 1.9) 5
[16:11:21.757]: (0.0, 1.3, 1.9) 5
[16:11:22.067]: (0.9, 1.4, 2.5) 16
[16:11:22.290]: (1.5, 1.8, 3.5) 19
[16:11:22.311]: (1.5, 1.8, 3.5) 19
[16:11:22.327]: (1.6, 1.8, 3.5) 19
[16:11:22.345]: (1.6, 1.8, 3.5) 19
[16:11:23.202]: (-0.5, 1.5, 2.3) 9
[16:11:23.224]: (-0.5, 1.5, 2.3) 9
[16:11:23.248]: (-0.5, 1.5, 2.3) 9
[16:11:23.622]: (-1.9, 1.7, 1.7) 13
[16:11:24.537]: (-0.2, 1.2, 1.7) 7
[16:11:24.559]: (-0.2, 1.2, 1.7) 7
[16:11:24.663]: (-0.2, 1.2, 1.8) 5
[16:11:24.685]: (-0.2, 1.2, 1.8) 5
[16:11:25.167]: (0.7, 1.6, 2.7) 15
[16:11:25.412]: (1.3, 1.7, 3.5) 19
[16:11:25.876]: (-0.6, 1.7, 2.2) 9
[16:11:25.896]: (-0.5, 1.7, 2.2) 9
[16:11:25.920]: (-0.6, 1.7, 2.2) 9
[16:11:25.942]: (-0.6, 1.7, 2.2) 9
[16:11:25.964]: (-0.6, 1.7, 2.2) 9
[16:11:25.986]: (-0.6, 1.7, 2.2) 9
[16:11:26.009]: (-0.6, 1.7, 2.3) 9
[16:11:26.513]: (-1.6, 0.9, 0.2) 1
[16:11:26.560]: (-1.6, 0.9, 0.2) 1
[16:11:26.607]: (-1.6, 0.9, 0.2) 1
[16:11:26.631]: (-1.5, 0.9, 0.2) 1
[16:11:26.651]: (-1.6, 0.9, 0.3) 1
[16:11:27.053]: (-1.6, 1.0, 0.5) 0
[16:11:27.071]: (-1.6, 0.9, 0.5) 0
[16:11:27.088]: (-1.6, 1.0, 0.5) 0
[16:11:27.105]: (-1.6, 1.0, 0.5) 0
[16:11:27.123]: (-1.6, 1.0, 0.5) 0
[16:11:27.139]: (-1.5, 1.0, 0.5) 0
[16:11:27.157]: (-1.6, 1.0, 0.5) 0
[16:11:27.173]: (-1.6, 1.0, 0.5) 0
[16:11:27.191]: (-1.6, 1.0, 0.5) 0
[16:11:27.207]: (-1.5, 1.0, 0.5) 0
[16:11:27.223]: (-1.6, 1.0, 0.5) 0
[16:11:27.663]: (-1.8, 1.3, 0.8) 4
[16:11:27.687]: (-1.8, 1.3, 0.9) 4
[16:11:27.707]: (-1.8, 1.3, 0.9) 4
[16:11:27.730]: (-1.8, 1.3, 0.9) 4
[16:11:27.752]: (-1.8, 1.3, 0.9) 4
[16:11:27.775]: (-1.9, 1.3, 0.9) 4
[16:11:27.863]: (-1.8, 1.3, 0.9) 4
[16:11:27.885]: (-1.8, 1.3, 0.9) 4
[16:11:27.907]: (-1.8, 1.3, 0.9) 4
[16:11:27.930]: (-1.8, 1.3, 0.9) 4
[16:11:27.947]: (-1.8, 1.3, 0.9) 4
[16:11:27.963]: (-1.8, 1.3, 0.9) 4
[16:11:27.980]: (-1.8, 1.3, 0.9) 4
[16:11:27.997]: (-1.8, 1.3, 0.8) 4
[16:11:28.014]: (-1.8, 1.3, 0.9) 4
[16:11:28.507]: (-1.8, 1.3, 0.9) 4
[16:11:29.876]: (-0.4, 1.3, 1.7) 7
[16:11:29.894]: (-0.4, 1.3, 1.7) 7
[16:11:29.913]: (-0.4, 1.3, 1.7) 7
[16:11:29.974]: (-0.4, 1.3, 1.7) 7
[16:11:30.006]: (-0.4, 1.3, 1.7) 7
[16:11:30.085]: (-0.4, 1.3, 1.7) 7
[16:11:30.107]: (-0.4, 1.3, 1.7) 7
[16:11:30.152]: (-0.4, 1.3, 1.7) 7
[16:11:30.173]: (-0.4, 1.3, 1.7) 7
[16:11:30.705]: (-0.3, 1.2, 1.7) 7
[16:11:30.722]: (-0.3, 1.2, 1.7) 7
[16:11:30.739]: (-0.3, 1.2, 1.7) 7
[16:11:30.818]: (-0.4, 1.2, 1.7) 7
[16:11:31.185]: (-0.4, 1.2, 1.7) 7
[16:11:31.951]: (-0.5, 1.7, 2.3) 9
[16:11:31.973]: (-0.5, 1.7, 2.3) 9
[16:11:32.671]: (1.4, 1.7, 3.4) 20
[16:11:32.695]: (1.4, 1.7, 3.4) 20
[16:11:32.717]: (1.4, 1.7, 3.4) 20
[16:11:32.740]: (1.3, 1.7, 3.5) 20
[16:11:33.502]: (-0.4, 1.3, 1.7) 7
[16:11:33.519]: (-0.4, 1.3, 1.7) 7
[16:11:33.552]: (-0.4, 1.3, 1.7) 7
[16:11:33.569]: (-0.3, 1.2, 1.7) 7
[16:11:33.587]: (-0.3, 1.2, 1.7) 7
[16:11:33.605]: (-0.3, 1.2, 1.7) 7
[16:11:33.627]: (-0.3, 1.2, 1.7) 7
[16:11:33.650]: (-0.3, 1.2, 1.7) 7
[16:11:33.673]: (-0.3, 1.2, 1.7) 7
[16:11:33.699]: (-0.3, 1.2, 1.7) 7
[16:11:33.716]: (-0.3, 1.2, 1.7) 7
[16:11:33.740]: (-0.3, 1.2, 1.7) 7
[16:11:33.762]: (-0.3, 1.2, 1.7) 7
[16:11:33.784]: (-0.3, 1.2, 1.7) 7
[16:11:33.807]: (-0.3, 1.2, 1.7) 7
[16:11:33.829]: (-0.3, 1.2, 1.7) 7
[16:11:33.850]: (-0.2, 1.2, 1.8) 5
[16:11:34.291]: (-0.2, 1.2, 1.8) 5
[16:11:34.309]: (-0.4, 1.3, 1.7) 7
[16:11:34.344]: (-0.3, 1.2, 1.7) 7
[16:11:34.361]: (-0.3, 1.2, 1.7) 7
[16:11:34.377]: (-0.3, 1.2, 1.7) 7
[16:11:34.395]: (-0.3, 1.2, 1.7) 7
[16:11:34.412]: (-0.3, 1.2, 1.7) 7
[16:11:34.429]: (-0.3, 1.2, 1.7) 7
[16:11:34.888]: (0.0, 1.6, 2.4) 10
[16:11:35.014]: (0.1, 1.7, 2.4) 10
[16:11:35.139]: (0.1, 1.8, 2.3) 10
[16:11:35.160]: (0.1, 1.8, 2.3) 10
[16:11:35.185]: (0.1, 1.8, 2.3) 10
[16:11:35.252]: (0.5, 2.1, 3.0) 18
[16:11:35.275]: (0.4, 2.1, 3.0) 18
[16:11:35.398]: (0.3, 2.1, 3.1) 18
[16:11:35.420]: (0.3, 2.2, 3.0) 18
[16:11:35.506]: (0.3, 2.2, 3.0) 18
[16:11:35.527]: (0.3, 2.2, 3.0) 18
[16:11:35.548]: (0.3, 2.2, 3.0) 18
[16:11:36.172]: (-0.3, 1.4, 1.6) 7
[16:11:36.205]: (-0.3, 1.4, 1.6) 7
[16:11:36.238]: (-0.3, 1.4, 1.6) 7
[16:11:36.272]: (-0.3, 1.4, 1.6) 7
[16:11:36.294]: (-0.3, 1.4, 1.6) 7
[16:11:36.316]: (-0.3, 1.4, 1.6) 7
[16:11:36.340]: (-0.3, 1.4, 1.6) 7
[16:11:36.360]: (-0.3, 1.4, 1.6) 7
[16:11:36.383]: (-0.3, 1.4, 1.6) 7
[16:11:36.406]: (-0.3, 1.4, 1.6) 7
[16:11:36.428]: (-0.3, 1.4, 1.6) 7
[16:11:36.472]: (-0.3, 1.4, 1.6) 7
[16:11:36.494]: (-0.3, 1.4, 1.6) 7
[16:11:36.516]: (-0.3, 1.4, 1.6) 7
[16:11:36.538]: (-0.3, 1.4, 1.6) 7
[16:11:36.561]: (-0.3, 1.4, 1.6) 7
[16:11:36.587]: (-0.3, 1.4, 1.6) 7
[16:11:36.609]: (-0.3, 1.4, 1.6) 7
[16:11:36.809]: (-0.2, 1.4, 1.6) 7
[16:11:37.235]: (-0.4, 2.0, 2.2) 10
[16:11:37.258]: (-0.4, 2.0, 2.2) 10
[16:11:37.279]: (-0.4, 1.9, 2.2) 10
[16:11:37.300]: (-0.4, 1.9, 2.2) 10
[16:11:37.323]: (-0.4, 1.9, 2.2) 10
[16:11:38.344]: (0.3, 2.5, 2.8) 18
[16:11:38.401]: (0.4, 2.6, 2.7) 18
[16:11:38.423]: (0.3, 2.5, 2.7) 18
[16:11:38.448]: (0.4, 2.5, 2.7) 18
[16:11:38.905]: (-0.3, 1.4, 1.5) 7
[16:11:39.927]: (-1.7, 1.0, 0.6) 0
[16:11:39.947]: (-1.7, 1.0, 0.6) 0
[16:11:39.970]: (-1.7, 1.1, 0.6) 0
[16:11:40.461]: (-0.1, 2.0, 2.1) 10
[16:11:40.955]: (-0.1, 1.9, 2.1) 10
[16:11:41.349]: (1.8, 1.9, 2.9) 20
[16:11:41.366]: (1.8, 1.9, 2.9) 20
[16:11:41.431]: (1.8, 1.9, 2.9) 20
[16:11:41.481]: (1.8, 1.9, 2.8) 20
[16:11:42.613]: (-0.4, 1.3, 1.5) 7
[16:11:43.329]: (-2.2, 2.0, 1.2) 13
[16:11:43.380]: (-2.2, 2.0, 1.2) 13
[16:11:43.406]: (-2.2, 2.0, 1.2) 13
[16:11:43.779]: (-1.9, 1.5, 0.8) 3
[16:11:44.188]: (-0.4, 1.3, 1.4) 7
[16:11:44.432]: (-0.4, 1.3, 1.5) 5
[16:11:44.455]: (-0.4, 1.3, 1.5) 5
[16:11:44.477]: (-0.4, 1.3, 1.5) 5
[16:11:44.543]: (-0.4, 1.3, 1.5) 5
[16:11:44.563]: (-0.4, 1.3, 1.5) 5
[16:11:44.588]: (-0.4, 1.3, 1.5) 5
[16:11:44.609]: (-0.4, 1.3, 1.4) 5
[16:11:44.630]: (-0.5, 1.3, 1.5) 5
[16:11:44.653]: (-0.5, 1.3, 1.4) 5
[16:11:44.675]: (-0.5, 1.3, 1.4) 5
[16:11:44.697]: (-0.4, 1.3, 1.4) 5
[16:11:44.719]: (-0.4, 1.3, 1.4) 5
[16:11:44.740]: (-0.4, 1.3, 1.4) 5
[16:11:44.762]: (-0.5, 1.3, 1.4) 5
[16:11:44.844]: (-0.5, 1.3, 1.3) 7
[16:11:44.864]: (-0.5, 1.3, 1.3) 7
[16:11:44.886]: (-0.5, 1.3, 1.3) 7
[16:11:44.909]: (-0.5, 1.3, 1.3) 7
[16:11:44.932]: (-0.5, 1.3, 1.3) 7
[16:11:44.951]: (-0.5, 1.3, 1.3) 7
[16:11:44.972]: (-0.5, 1.3, 1.3) 7
[16:11:44.992]: (-0.5, 1.3, 1.3) 7
[16:11:45.008]: (-0.5, 1.3, 1.3) 7
[16:11:45.025]: (-0.5, 1.3, 1.3) 7
[16:11:45.042]: (-0.5, 1.3, 1.3) 7
[16:11:45.135]: (-0.5, 1.3, 1.3) 7
[16:11:45.157]: (-0.4, 1.3, 1.4) 5
[16:11:45.180]: (-0.4, 1.3, 1.4) 5
[16:11:45.203]: (-0.4, 1.3, 1.4) 5
[16:11:45.223]: (-0.4, 1.3, 1.4) 5
[16:11:45.246]: (-0.4, 1.3, 1.4) 5
[16:11:45.269]: (-0.4, 1.3, 1.4) 5
[16:11:45.290]: (-0.4, 1.3, 1.4) 5
[16:11:46.351]: (-0.5, 1.8, 1.7) 10
[16:11:48.336]: (1.3, 2.6, 3.3) 26
[16:11:48.381]: (1.5, 2.6, 3.6) 27
[16:11:49.150]: (0.7, 1.7, 2.7) 19
[16:11:49.187]: (0.7, 1.7, 2.7) 19
[16:11:50.781]: (-0.7, 1.5, 1.6) 9
[16:11:50.803]: (-0.7, 1.5, 1.6) 9
[16:11:51.554]: (-1.8, 1.3, 1.3) 4
[16:11:51.577]: (-1.8, 1.3, 1.3) 4
[16:11:51.637]: (-1.8, 0.9, 1.0) 0
[16:11:51.659]: (-1.8, 0.9, 1.0) 0
[16:11:52.182]: (-0.9, 2.3, 2.2) 22
[16:11:52.281]: (-1.1, 2.2, 2.1) 22
[16:11:52.348]: (-1.1, 2.2, 2.1) 21
[16:11:52.415]: (-1.3, 1.2, 1.3) 32
[16:11:52.465]: (-1.3, 1.3, 1.2) 32
[16:11:52.490]: (-1.3, 1.3, 1.3) 32
[16:11:52.512]: (-1.3, 1.2, 1.3) 32
[16:11:52.534]: (-1.3, 1.2, 1.3) 32
[16:11:52.559]: (-1.2, 1.3, 1.3) 32
[16:11:52.582]: (-1.2, 1.3, 1.3) 32
[16:11:52.604]: (-1.2, 1.3, 1.3) 32
[16:11:52.626]: (-1.2, 1.3, 1.3) 32
[16:11:52.648]: (-1.2, 1.3, 1.3) 32
[16:11:52.670]: (-1.2, 1.3, 1.3) 32
[16:11:52.693]: (-1.3, 1.3, 1.3) 32
[16:11:52.757]: (-1.3, 1.3, 1.3) 32
[16:11:52.778]: (-1.3, 1.2, 1.3) 32
[16:11:52.801]: (-1.3, 1.2, 1.3) 32
[16:11:52.822]: (-1.3, 1.2, 1.3) 32
[16:11:52.880]: (-1.3, 1.2, 1.3) 32
[16:11:52.902]: (-1.3, 1.2, 1.3) 32
[16:11:52.924]: (-1.3, 1.2, 1.3) 32
[16:11:52.948]: (-1.3, 1.2, 1.3) 32
[16:11:52.970]: (-1.3, 1.2, 1.3) 32
[16:11:53.232]: (-1.3, 1.3, 1.2) 32
[16:11:53.256]: (-1.3, 1.3, 1.2) 32
[16:11:53.276]: (-1.3, 1.3, 1.2) 32
[16:11:53.300]: (-1.3, 1.3, 1.2) 32
[16:11:53.321]: (-1.3, 1.3, 1.2) 32
[16:11:53.342]: (-1.3, 1.3, 1.2) 32
[16:11:53.364]: (-1.3, 1.3, 1.2) 32
[16:11:53.464]: (-1.3, 1.3, 1.2) 32
[16:11:53.485]: (-1.3, 1.3, 1.2) 32
[16:11:53.503]: (-1.3, 1.3, 1.2) 32
[16:11:53.521]: (-1.3, 1.3, 1.2) 32
[16:11:53.537]: (-1.3, 1.3, 1.2) 32
[16:11:53.554]: (-1.3, 1.3, 1.2) 32
[16:11:53.570]: (-1.3, 1.3, 1.2) 32
[16:11:53.587]: (-1.3, 1.3, 1.2) 32
[16:11:53.608]: (-1.3, 1.3, 1.2) 32
[16:11:53.631]: (-1.3, 1.3, 1.2) 32
[16:11:53.654]: (-1.3, 1.2, 1.3) 32
[16:11:53.783]: (-0.5, 1.6, 1.7) 9
[16:11:53.802]: (-0.4, 1.6, 1.6) 9
[16:11:53.820]: (-0.4, 1.6, 1.6) 9
[16:11:53.836]: (-0.4, 1.6, 1.6) 9
[16:11:53.855]: (-0.4, 1.6, 1.6) 9
[16:11:53.872]: (-0.4, 1.6, 1.6) 9
[16:11:53.889]: (-0.4, 1.6, 1.6) 9
[16:11:53.906]: (-0.4, 1.6, 1.6) 9
[16:11:53.924]: (-0.4, 1.6, 1.6) 9
[16:11:53.942]: (-0.4, 1.6, 1.6) 9
[16:11:53.959]: (-0.4, 1.5, 1.6) 9
[16:11:54.036]: (-1.3, 1.3, 1.2) 32
[16:11:54.054]: (-1.3, 1.3, 1.2) 32
[16:11:54.072]: (-1.3, 1.3, 1.2) 32
[16:11:54.442]: (-1.4, 1.2, 1.2) 32
[16:11:54.465]: (-1.3, 1.2, 1.2) 32
[16:11:54.486]: (-1.3, 1.2, 1.2) 32
[16:11:54.509]: (-1.3, 1.2, 1.2) 32
[16:11:54.530]: (-1.3, 1.2, 1.2) 32
[16:11:54.553]: (-1.3, 1.2, 1.2) 32
[16:11:54.576]: (-1.3, 1.2, 1.2) 32
[16:11:54.598]: (-1.3, 1.2, 1.2) 32
[16:11:54.615]: (-1.3, 1.2, 1.2) 32
[16:11:54.633]: (-1.3, 1.2, 1.2) 32
[16:11:54.650]: (-1.3, 1.2, 1.2) 32
[16:11:54.684]: (-1.3, 1.3, 1.2) 32
[16:11:54.872]: (-0.3, 1.0, 1.3) 5
[16:11:54.888]: (-0.3, 1.0, 1.3) 5
[16:11:54.904]: (-0.3, 1.0, 1.3) 5
[16:11:54.925]: (-0.3, 1.0, 1.3) 5
[16:11:54.942]: (-0.3, 1.0, 1.3) 5
[16:11:54.959]: (-0.3, 1.0, 1.3) 5
[16:11:54.976]: (-0.3, 1.0, 1.3) 5
[16:11:54.993]: (-0.3, 1.0, 1.3) 5
[16:11:55.011]: (-0.3, 0.9, 1.3) 5
[16:11:55.027]: (-0.3, 0.9, 1.3) 5
[16:11:55.043]: (-0.3, 0.9, 1.3) 5
[16:11:55.060]: (-0.3, 0.9, 1.3) 5
[16:11:55.079]: (-0.2, 0.9, 1.3) 5
[16:11:58.459]: (-1.2, 1.3, 1.6) 8
[16:11:58.476]: (-1.2, 1.3, 1.6) 8
[16:11:58.540]: (-1.1, 1.3, 1.6) 8
[16:11:58.563]: (-1.1, 1.3, 1.6) 8
[16:11:58.585]: (-1.1, 1.3, 1.6) 8
[16:11:58.613]: (-1.1, 1.3, 1.6) 8
[16:11:58.634]: (-1.1, 1.3, 1.6) 8
[16:11:58.657]: (-1.1, 1.3, 1.6) 8
[16:11:58.680]: (-1.1, 1.3, 1.6) 8
[16:11:58.703]: (-1.1, 1.3, 1.6) 8
[16:11:58.725]: (-1.1, 1.3, 1.6) 8
[16:11:58.749]: (-1.1, 1.2, 1.6) 8
[16:11:58.811]: (-1.0, 1.2, 1.6) 8
[16:11:59.213]: (-0.2, 0.8, 1.7) 14
[16:11:59.235]: (-0.2, 0.8, 1.7) 14
[16:11:59.256]: (-0.2, 0.8, 1.7) 14
[16:11:59.294]: (-0.2, 0.8, 1.7) 14
[16:11:59.311]: (-0.2, 0.8, 1.7) 14
[16:11:59.327]: (-0.2, 0.8, 1.7) 14
[16:11:59.343]: (-0.2, 0.8, 1.7) 14
[16:11:59.360]: (-0.2, 0.8, 1.7) 14
[16:11:59.376]: (-0.2, 0.8, 1.7) 14
[16:11:59.394]: (-0.2, 0.8, 1.7) 14
[16:11:59.410]: (-0.2, 0.8, 1.7) 14
[16:11:59.427]: (-0.2, 0.8, 1.7) 14
[16:11:59.444]: (-0.2, 0.8, 1.7) 14
[16:11:59.462]: (-0.2, 0.8, 1.7) 14
[16:11:59.864]: (-0.3, 1.8, 3.0) 25
[16:11:59.888]: (-0.2, 1.8, 3.0) 25
[16:12:00.289]: (1.0, 1.3, 3.4) 26
[16:12:00.923]: (0.6, 0.9, 2.6) 19
[16:12:01.434]: (0.8, 1.0, 2.5) 20
[16:12:01.458]: (0.0, 0.7, 1.8) 15
[16:12:01.480]: (0.0, 0.7, 1.8) 15
[16:12:01.502]: (0.0, 0.7, 1.9) 15
[16:12:01.524]: (0.0, 0.7, 1.8) 15
[16:12:01.541]: (0.0, 0.7, 1.9) 15
[16:12:01.559]: (0.0, 0.7, 1.9) 15
[16:12:01.577]: (0.0, 0.7, 1.9) 15
[16:12:01.592]: (0.0, 0.7, 1.9) 15
[16:12:01.662]: (0.0, 0.7, 1.9) 15
[16:12:01.695]: (0.0, 0.7, 1.9) 15
[16:12:02.062]: (-0.9, 0.4, 0.8) 7
[16:12:02.196]: (-0.9, 0.4, 0.8) 7
[16:12:02.484]: (-0.8, 0.4, 0.9) 5
[16:12:02.505]: (-0.8, 0.4, 0.9) 5
[16:12:02.527]: (-0.8, 0.4, 0.9) 5
[16:12:02.550]: (-0.8, 0.4, 0.9) 5
[16:12:02.571]: (-0.8, 0.4, 0.9) 5
[16:12:03.962]: (0.6, 1.1, 2.6) 19
[16:12:05.216]: (-0.9, 0.9, 1.5) 10
[16:12:05.376]: (-0.9, 0.9, 1.5) 10
[16:12:05.394]: (-0.9, 0.9, 1.5) 10
[16:12:05.413]: (-0.9, 0.9, 1.5) 10
[16:12:05.432]: (-0.9, 0.9, 1.5) 10
[16:12:05.450]: (-0.9, 0.9, 1.5) 10
[16:12:05.469]: (-1.0, 0.9, 1.4) 10
[16:12:05.539]: (-1.1, 1.0, 1.5) 8
[16:12:05.558]: (-1.1, 1.0, 1.4) 8
[16:12:05.575]: (-1.1, 1.0, 1.4) 8
[16:12:05.593]: (-1.1, 1.0, 1.4) 8
[16:12:05.613]: (-1.1, 1.0, 1.4) 8
[16:12:05.632]: (-1.2, 1.0, 1.4) 8
[16:12:05.650]: (-1.1, 1.0, 1.4) 8
[16:12:06.096]: (-1.8, 0.6, 0.4) 32
[16:12:06.116]: (-1.8, 0.6, 0.4) 32
[16:12:06.138]: (-1.8, 0.6, 0.4) 32
[16:12:06.161]: (-1.8, 0.6, 0.4) 32
[16:12:06.184]: (-1.8, 0.6, 0.4) 32
[16:12:06.204]: (-1.8, 0.6, 0.4) 32
[16:12:06.226]: (-1.8, 0.6, 0.4) 32
[16:12:06.248]: (-1.8, 0.6, 0.4) 32
[16:12:06.270]: (-1.8, 0.6, 0.4) 32
[16:12:06.288]: (-1.8, 0.6, 0.4) 32
[16:12:06.304]: (-1.8, 0.6, 0.4) 32
[16:12:06.321]: (-1.8, 0.6, 0.4) 32
[16:12:06.338]: (-1.8, 0.6, 0.4) 32
[16:12:06.356]: (-1.8, 0.6, 0.4) 32
[16:12:06.372]: (-1.8, 0.6, 0.4) 32
[16:12:06.389]: (-1.8, 0.6, 0.4) 32
[16:12:06.405]: (-1.8, 0.6, 0.4) 32
[16:12:06.423]: (-1.8, 0.6, 0.4) 32
[16:12:06.440]: (-1.8, 0.6, 0.4) 32
[16:12:06.456]: (-1.8, 0.5, 0.4) 32
[16:12:06.472]: (-1.8, 0.5, 0.4) 32
[16:12:06.490]: (-1.8, 0.5, 0.4) 32
[16:12:06.507]: (-1.8, 0.5, 0.4) 32
[16:12:06.523]: (-1.8, 0.5, 0.4) 32
[16:12:06.540]: (-1.8, 0.5, 0.4) 32
[16:12:06.557]: (-1.8, 0.5, 0.4) 32
[16:12:06.589]: (-1.8, 0.5, 0.4) 32
[16:12:06.607]: (-1.8, 0.5, 0.4) 32
[16:12:06.639]: (-1.8, 0.5, 0.4) 32
[16:12:06.672]: (-1.8, 0.5, 0.4) 32
[16:12:06.689]: (-1.8, 0.5, 0.4) 32
[16:12:06.705]: (-1.8, 0.5, 0.4) 32
[16:12:06.721]: (-1.8, 0.5, 0.4) 32
[16:12:06.881]: (-2.3, 0.4, 0.0) 3
[16:12:06.903]: (-2.2, 0.4, 0.0) 3
[16:12:06.925]: (-2.2, 0.5, 0.0) 3
[16:12:06.948]: (-2.2, 0.4, 0.0) 3
[16:12:06.972]: (-2.2, 0.4, 0.0) 3
[16:12:07.148]: (-1.8, 0.6, 0.4) 32
[16:12:07.171]: (-1.8, 0.6, 0.4) 32
[16:12:07.191]: (-1.8, 0.6, 0.4) 32
[16:12:07.207]: (-1.8, 0.6, 0.4) 32
[16:12:07.224]: (-1.8, 0.6, 0.4) 32
[16:12:07.240]: (-1.8, 0.6, 0.4) 32
[16:12:07.256]: (-1.8, 0.6, 0.4) 32
[16:12:07.273]: (-1.8, 0.5, 0.4) 32
[16:12:07.289]: (-1.8, 0.6, 0.4) 32
[16:12:07.306]: (-1.8, 0.6, 0.4) 32
[16:12:07.323]: (-1.8, 0.6, 0.4) 32
[16:12:07.339]: (-1.8, 0.6, 0.4) 32
[16:12:07.357]: (-1.8, 0.6, 0.4) 32
[16:12:07.374]: (-1.8, 0.6, 0.4) 32
[16:12:07.391]: (-1.8, 0.6, 0.4) 32
[16:12:07.408]: (-1.8, 0.6, 0.4) 32
[16:12:07.426]: (-1.8, 0.5, 0.4) 32
[16:12:07.869]: (-2.1, -0.1, -0.5) 0
[16:12:07.892]: (-2.1, -0.1, -0.4) 0
[16:12:07.916]: (-2.1, -0.1, -0.4) 0
[16:12:07.936]: (-2.1, -0.1, -0.4) 0
[16:12:07.958]: (-2.1, -0.1, -0.4) 0
[16:12:07.982]: (-2.1, -0.1, -0.4) 0
[16:12:08.003]: (-2.1, -0.1, -0.4) 0
[16:12:08.025]: (-2.1, -0.1, -0.4) 0
[16:12:08.047]: (-2.1, -0.1, -0.5) 0
[16:12:08.070]: (-2.1, -0.1, -0.5) 0
[16:12:08.088]: (-2.1, -0.1, -0.5) 0
[16:12:08.104]: (-2.1, -0.1, -0.5) 0
[16:12:08.121]: (-2.1, -0.1, -0.4) 0
[16:12:08.138]: (-2.1, -0.1, -0.4) 0
[16:12:08.156]: (-2.1, -0.1, -0.4) 0
[16:12:08.174]: (-2.1, -0.1, -0.4) 0
[16:12:08.190]: (-2.1, -0.1, -0.5) 0
[16:12:08.312]: (-2.1, -0.2, -0.6) 1
[16:12:08.328]: (-2.2, -0.2, -0.6) 1
[16:12:08.346]: (-2.2, -0.2, -0.6) 1
[16:12:08.363]: (-2.1, -0.2, -0.7) 1
[16:12:08.380]: (-2.1, -0.2, -0.6) 1
[16:12:08.442]: (-2.2, -0.2, -0.7) 1
[16:12:08.457]: (-2.1, -0.2, -0.6) 1
[16:12:08.474]: (-2.1, -0.2, -0.6) 1
[16:12:08.625]: (-2.1, -0.1, -0.4) 0
[16:12:08.646]: (-2.1, 0.0, -0.4) 0
[16:12:08.670]: (-2.1, -0.1, -0.4) 0
[16:12:08.691]: (-2.1, -0.1, -0.4) 0
[16:12:08.715]: (-2.1, -0.1, -0.4) 0
[16:12:08.736]: (-2.1, -0.1, -0.4) 0
[16:12:09.292]: (-2.6, 0.9, 0.6) 12
[16:12:09.385]: (-2.6, 0.9, 0.6) 12
[16:12:09.404]: (-2.6, 0.9, 0.6) 12
[16:12:09.446]: (-2.3, 1.4, 1.2) 21
[16:12:09.470]: (-2.2, 1.4, 1.2) 21
[16:12:09.492]: (-2.3, 1.4, 1.2) 21
[16:12:09.513]: (-2.3, 1.4, 1.2) 21
[16:12:09.780]: (-2.2, 1.4, 1.3) 21
[16:12:09.802]: (-2.2, 1.4, 1.3) 21
[16:12:09.824]: (-2.2, 1.4, 1.3) 21
[16:12:11.534]: (0.6, 1.0, 2.6) 19
[16:12:11.898]: (0.5, 1.0, 2.6) 19
[16:12:12.913]: (-0.9, 0.9, 1.4) 10
[16:12:12.934]: (-0.9, 0.9, 1.4) 10
[16:12:12.956]: (-0.9, 0.9, 1.4) 10
[16:12:12.978]: (-0.9, 0.9, 1.4) 10
[16:12:13.000]: (-0.9, 0.9, 1.4) 10
[16:12:13.024]: (-0.9, 0.9, 1.4) 10
[16:12:13.045]: (-0.9, 0.9, 1.4) 10
[16:12:14.254]: (-0.3, 0.7, 1.6) 14
[16:12:14.271]: (-0.3, 0.7, 1.6) 14
[16:12:14.288]: (-0.3, 0.7, 1.6) 14
[16:12:14.305]: (-0.3, 0.7, 1.6) 14
[16:12:14.322]: (-0.3, 0.7, 1.6) 14
[16:12:14.354]: (-0.3, 0.7, 1.7) 14
[16:12:14.371]: (-0.3, 0.7, 1.6) 14
[16:12:14.405]: (-0.3, 0.7, 1.6) 14
[16:12:14.422]: (-0.3, 0.7, 1.7) 14
[16:12:14.439]: (-0.3, 0.7, 1.7) 14
[16:12:14.457]: (-0.3, 0.7, 1.6) 14
[16:12:14.475]: (-0.3, 0.7, 1.6) 14
[16:12:14.491]: (-0.2, 0.7, 1.6) 14
[16:12:15.493]: (-0.5, 1.7, 3.1) 24
[16:12:15.515]: (-0.5, 1.7, 3.1) 24
[16:12:15.626]: (-0.5, 1.5, 3.0) 25
[16:12:17.863]: (-0.5, 1.0, 2.9) 25
[16:12:17.884]: (-0.5, 1.0, 2.9) 25
[16:12:17.908]: (-0.5, 1.0, 2.9) 25
[16:12:19.343]: (0.0, 1.2, 3.0) 24
[16:12:19.527]: (-0.1, 1.3, 2.2) 17
[16:12:19.549]: (-0.2, 1.3, 2.2) 17
[16:12:19.727]: (0.1, 1.6, 2.0) 17
[16:12:22.144]: (-1.0, 0.7, 1.4) 8
[16:12:22.187]: (-0.8, 0.7, 1.4) 10
[16:12:22.446]: (-0.2, 0.7, 1.5) 14
[16:12:22.467]: (-0.2, 0.7, 1.5) 14
[16:12:23.974]: (1.1, 2.2, 2.3) 31
[16:12:24.008]: (1.2, 2.1, 2.3) 31
[16:12:24.041]: (1.2, 2.2, 2.3) 31
[16:12:24.074]: (1.2, 2.1, 2.3) 31
[16:12:24.140]: (1.2, 2.1, 2.3) 31
[16:12:24.175]: (1.1, 2.1, 2.3) 31
[16:12:24.208]: (1.1, 2.1, 2.3) 31
[16:12:24.241]: (1.1, 2.1, 2.3) 31
[16:12:24.897]: (0.0, 3.1, 2.9) 35
[16:12:24.919]: (0.0, 3.1, 2.8) 35
[16:12:24.940]: (-0.1, 3.1, 2.8) 35
[16:12:24.962]: (-0.1, 3.1, 2.8) 35
[16:12:24.986]: (-0.1, 3.1, 2.8) 35
[16:12:25.640]: (-1.0, 0.6, 1.4) 8
[16:12:26.728]: (0.4, 3.1, 2.4) 35
[16:12:27.133]: (0.3, 3.1, 2.4) 35
[16:12:27.533]: (0.4, 3.1, 2.3) 35
[16:12:27.844]: (-0.4, 2.2, 2.0) 24
[16:12:28.020]: (-0.4, 2.2, 2.0) 24
[16:12:28.039]: (-0.5, 2.2, 1.9) 24
[16:12:28.063]: (-0.4, 2.3, 1.9) 24
[16:12:28.533]: (-0.4, 2.2, 1.9) 24
[16:12:28.550]: (-0.4, 2.2, 2.0) 24
[16:12:30.707]: (-0.2, 0.6, 1.3) 14
[16:12:30.729]: (-0.2, 0.6, 1.3) 14
[16:12:30.750]: (-0.2, 0.5, 1.3) 14
[16:12:30.773]: (-0.2, 0.6, 1.3) 14
[16:12:30.795]: (-0.2, 0.6, 1.3) 14
[16:12:30.817]: (-0.2, 0.6, 1.3) 14
[16:12:30.839]: (-0.2, 0.6, 1.3) 14
[16:12:30.861]: (-0.2, 0.6, 1.3) 14
[16:12:30.884]: (-0.2, 0.6, 1.3) 14
[16:12:30.905]: (-0.2, 0.6, 1.3) 14
[16:12:31.516]: (-0.9, 0.4, 1.2) 10
