[12:46:11.414]: (-2.6, -2.4, -0.1) 17
[12:46:11.435]: (-2.6, -2.1, 0.0) 18
[12:46:11.457]: (-2.5, -2.1, 0.0) 18
[12:46:11.479]: (-2.5, -2.1, 0.0) 18
[12:46:11.506]: (-2.8, -2.4, 0.0) 16
[12:46:11.613]: (-2.6, -2.1, 0.0) 18
[12:46:11.636]: (-2.6, -2.1, 0.0) 18
[12:46:11.657]: (-2.5, -2.1, 0.0) 18
[12:46:11.680]: (-2.1, -1.4, 0.0) 8
[12:46:11.702]: (-2.1, -1.4, 0.0) 8
[12:46:11.721]: (-2.1, -1.4, 0.0) 8
[12:46:11.737]: (-2.1, -1.4, 0.0) 8
[12:46:11.757]: (-2.5, -2.1, 0.0) 18
[12:46:11.774]: (-2.5, -2.1, 0.0) 18
[12:46:11.792]: (-2.6, -2.4, 0.0) 17
[12:46:11.811]: (-2.6, -2.4, 0.0) 17
[12:46:11.829]: (-2.6, -2.4, 0.0) 17
[12:46:11.847]: (-2.6, -2.4, 0.0) 17
[12:46:11.865]: (-2.0, -1.4, 0.0) 8
[12:46:11.882]: (-2.0, -1.4, 0.0) 8
[12:46:11.899]: (-2.0, -1.4, 0.0) 8
[12:46:12.681]: (-1.6, -0.8, 0.0) 40
[12:46:12.703]: (-1.6, -0.8, -0.1) 40
[12:46:12.724]: (-1.6, -0.7, 0.0) 40
[12:46:12.746]: (-1.6, -0.7, 0.0) 40
[12:46:12.766]: (-1.7, -0.7, 0.0) 40
[12:46:12.807]: (-2.4, -1.0, 0.1) 8
[12:46:12.848]: (-3.2, -1.8, 0.1) 17
[12:46:12.869]: (-3.2, -1.7, 0.2) 17
[12:46:12.891]: (-3.3, -1.7, 0.2) 17
[12:46:12.912]: (-3.1, -1.4, 0.2) 18
[12:46:13.232]: (-3.8, -0.3, 0.9) 17
[12:46:13.252]: (-3.8, -0.2, 1.0) 17
[12:46:13.994]: (-2.3, 1.8, 1.9) 8
[12:46:14.916]: (-2.1, 2.5, 1.8) 6
[12:46:17.513]: (0.6, 3.2, 2.0) 11
[12:46:17.536]: (0.6, 3.2, 2.0) 11
[12:46:19.476]: (0.4, 3.7, 2.2) 13
[12:46:19.499]: (0.6, 3.8, 2.3) 12
[12:46:20.120]: (-1.5, 3.4, 1.7) 15
[12:46:20.212]: (-1.5, 3.3, 1.7) 15
[12:46:20.258]: (-1.5, 2.9, 1.4) 5
[12:46:20.277]: (-1.5, 2.9, 1.4) 5
[12:46:20.487]: (-1.4, 2.9, 1.5) 5
[12:46:22.352]: (0.7, 2.7, 1.9) 10
[12:46:29.071]: (-0.2, 3.2, 2.0) 8
[12:46:29.094]: (-0.2, 3.2, 2.0) 8
[12:46:29.117]: (-0.2, 3.2, 2.0) 8
[12:46:29.138]: (-0.2, 3.2, 2.0) 8
[12:46:29.160]: (-0.2, 3.2, 2.0) 8
[12:46:29.183]: (-0.2, 3.2, 2.0) 8
[12:46:29.204]: (-0.2, 3.2, 2.0) 8
[12:46:29.227]: (-0.2, 3.2, 2.0) 8
[12:46:29.249]: (-0.2, 3.2, 2.0) 8
[12:46:29.271]: (-0.2, 3.2, 2.0) 8
[12:46:29.315]: (-0.1, 3.2, 2.0) 6
[12:46:29.360]: (0.7, 3.6, 2.4) 12
[12:46:31.130]: (0.7, 3.6, 2.4) 12
[12:46:36.113]: (-1.3, 3.3, 1.8) 14
[12:46:36.136]: (-1.2, 3.3, 1.8) 14
[12:46:36.158]: (-1.3, 3.3, 1.8) 14
[12:46:36.175]: (-1.2, 3.3, 1.8) 14
[12:46:36.192]: (-1.3, 3.3, 1.8) 14
[12:46:36.209]: (-1.3, 3.3, 1.8) 14
[12:46:37.397]: (-1.5, 2.9, 1.4) 5
[12:46:37.433]: (-1.2, 2.4, 1.3) 0
[12:46:37.449]: (-1.2, 2.4, 1.3) 0
[12:46:37.468]: (-1.2, 2.4, 1.3) 0
[12:46:37.484]: (-1.2, 2.4, 1.3) 0
[12:46:37.501]: (-1.2, 2.3, 1.3) 0
[12:46:37.519]: (-1.2, 2.3, 1.3) 0
[12:46:37.536]: (-1.2, 2.3, 1.3) 0
[12:46:37.558]: (-1.2, 2.3, 1.4) 0
[12:46:37.601]: (-1.2, 2.3, 1.4) 0
[12:46:37.625]: (-1.2, 2.3, 1.4) 0
[12:46:38.276]: (-1.2, 2.3, 1.4) 0
[12:46:38.557]: (-1.2, 2.3, 1.4) 0
[12:46:41.714]: (1.4, 3.4, 2.8) 23
[12:46:42.378]: (0.5, 3.3, 3.1) 23
[12:46:42.412]: (0.5, 3.2, 3.0) 23
[12:46:42.447]: (0.5, 3.3, 3.1) 23
[12:46:42.579]: (0.4, 3.8, 3.7) 29
