[12:50:35.631]: (-2.1, -1.6, 0.0) 16
[12:50:36.385]: (-1.1, -0.8, 0.0) 10
[12:50:37.526]: (-2.2, -1.5, 0.0) 16
[12:50:38.139]: (-1.7, -0.2, -0.2) 15
[12:50:38.161]: (-1.7, -0.2, -0.2) 15
[12:50:38.185]: (-1.7, -0.2, -0.2) 15
[12:50:38.206]: (-1.7, -0.1, -0.2) 15
[12:50:38.227]: (-1.7, -0.1, -0.2) 15
[12:50:38.249]: (-1.7, -0.1, -0.2) 15
[12:50:38.272]: (-1.6, 0.0, -0.3) 7
[12:50:38.295]: (-1.5, 0.0, -0.3) 7
[12:50:38.547]: (-2.1, -0.1, 0.0) 9
[12:50:38.568]: (-1.9, 0.2, 0.1) 7
[12:50:38.589]: (-2.1, 0.2, 0.4) 12
[12:50:40.125]: (-3.7, 1.2, 2.1) 20
[12:50:40.148]: (-3.7, 1.2, 2.1) 20
[12:50:40.171]: (-3.7, 1.2, 2.1) 20
[12:50:40.494]: (-3.0, 1.5, 2.4) 26
[12:50:40.516]: (-2.9, 1.5, 2.4) 26
[12:50:40.538]: (-2.9, 1.5, 2.4) 26
[12:50:40.584]: (-2.3, 1.5, 2.1) 5
[12:50:40.606]: (-2.1, 1.6, 2.1) 3
[12:50:40.628]: (-2.1, 1.6, 2.0) 0
[12:50:40.649]: (-2.0, 1.6, 2.0) 0
[12:50:40.672]: (-2.0, 1.6, 2.0) 0
[12:50:40.693]: (-2.0, 1.6, 2.0) 0
[12:50:40.715]: (-2.0, 1.6, 2.0) 2
[12:50:40.737]: (-2.0, 1.6, 2.0) 2
[12:50:40.757]: (-2.0, 1.6, 2.0) 2
[12:50:40.857]: (-1.9, 1.8, 2.0) 2
[12:50:40.877]: (-2.0, 1.9, 2.2) 5
[12:50:40.899]: (-1.9, 1.9, 2.0) 2
[12:50:40.921]: (-1.8, 2.0, 2.1) 0
[12:50:40.944]: (-1.8, 2.0, 2.1) 0
[12:50:40.966]: (-1.9, 2.1, 2.2) 3
[12:50:40.988]: (-1.8, 2.1, 2.2) 3
[12:50:41.704]: (-1.1, 2.5, 2.2) 4
[12:50:41.726]: (-1.1, 2.5, 2.2) 4
[12:50:41.749]: (-1.0, 2.5, 2.2) 2
[12:50:41.771]: (-1.0, 2.5, 2.1) 2
[12:50:41.793]: (-1.0, 2.5, 2.2) 4
[12:50:41.814]: (-1.0, 2.6, 2.2) 4
[12:50:41.836]: (-0.9, 2.6, 2.2) 4
[12:50:41.937]: (-0.7, 2.8, 2.1) 4
[12:50:41.959]: (-0.7, 2.8, 2.1) 4
[12:50:42.335]: (-0.8, 2.3, 1.4) 15
[12:50:42.399]: (-0.8, 2.3, 1.4) 15
[12:50:42.475]: (-1.2, 2.7, 2.0) 19
[12:50:42.503]: (-1.2, 2.6, 2.1) 19
[12:50:42.704]: (-1.1, 2.0, 1.4) 8
[12:50:42.738]: (-1.1, 2.0, 1.4) 8
[12:50:42.771]: (-1.1, 2.0, 1.4) 8
[12:50:42.803]: (-1.1, 2.0, 1.4) 8
[12:50:42.838]: (-1.1, 2.0, 1.4) 8
[12:50:43.325]: (-1.0, 2.0, 1.4) 13
[12:50:43.815]: (0.2, 3.3, 1.7) 4
[12:50:43.842]: (0.2, 3.3, 1.6) 4
[12:50:43.864]: (0.1, 3.2, 1.7) 4
[12:50:43.889]: (0.2, 3.2, 1.7) 4
[12:50:43.913]: (0.1, 3.2, 1.7) 4
[12:50:43.936]: (0.2, 3.2, 1.6) 2
[12:50:44.125]: (0.1, 3.2, 1.7) 4
[12:50:44.147]: (0.1, 3.2, 1.7) 4
[12:50:44.171]: (0.1, 3.1, 1.7) 4
[12:50:44.194]: (0.1, 3.1, 1.8) 4
[12:50:44.217]: (0.1, 3.1, 1.8) 4
[12:50:44.239]: (0.1, 3.1, 1.8) 4
[12:50:44.262]: (0.1, 3.1, 1.8) 4
[12:50:44.285]: (0.1, 3.1, 1.8) 4
[12:50:44.302]: (0.1, 3.1, 1.8) 4
[12:50:44.325]: (0.1, 3.1, 1.8) 4
[12:50:44.348]: (0.1, 3.1, 1.8) 4
[12:50:44.370]: (0.1, 3.1, 1.8) 4
[12:50:44.392]: (0.1, 3.1, 1.8) 4
[12:50:44.495]: (0.1, 3.1, 1.8) 4
[12:50:44.858]: (-0.8, 2.4, 1.2) 8
[12:50:44.877]: (-0.9, 2.4, 1.2) 8
[12:50:44.896]: (-0.9, 2.4, 1.2) 8
[12:50:44.914]: (-0.9, 2.4, 1.2) 8
[12:50:44.931]: (-0.8, 2.4, 1.2) 8
[12:50:44.948]: (-0.8, 2.4, 1.2) 8
[12:50:44.966]: (-0.8, 2.4, 1.2) 8
[12:50:44.985]: (-0.8, 2.4, 1.2) 8
[12:50:45.001]: (-0.8, 2.4, 1.2) 8
[12:50:45.046]: (-0.8, 2.4, 1.2) 8
[12:50:45.069]: (-0.8, 2.4, 1.2) 8
[12:50:45.202]: (-0.6, 2.6, 1.2) 15
[12:50:45.224]: (-0.6, 2.6, 1.2) 15
[12:50:45.246]: (-0.6, 2.6, 1.2) 15
[12:50:45.268]: (-0.6, 2.6, 1.2) 15
[12:50:45.291]: (-0.6, 2.6, 1.2) 15
[12:50:45.313]: (-0.6, 2.6, 1.2) 15
[12:50:45.335]: (-0.6, 2.6, 1.2) 12
[12:50:45.357]: (-0.6, 2.6, 1.2) 12
[12:50:45.794]: (-0.5, 2.6, 1.1) 12
[12:50:45.816]: (-0.5, 2.6, 1.1) 12
[12:50:45.837]: (-0.5, 2.5, 1.1) 12
[12:50:45.858]: (-0.5, 2.5, 1.1) 12
[12:50:45.881]: (-0.5, 2.5, 1.1) 12
[12:50:45.902]: (-0.5, 2.5, 1.1) 12
[12:50:45.922]: (-0.5, 2.5, 1.2) 12
[12:50:45.943]: (-0.5, 2.5, 1.2) 12
[12:50:46.513]: (-0.7, 2.5, 1.2) 10
[12:50:46.757]: (0.1, 3.1, 1.7) 4
[12:50:46.779]: (0.1, 3.2, 1.7) 4
[12:50:46.801]: (0.1, 3.2, 1.7) 4
[12:50:46.823]: (0.1, 3.2, 1.7) 4
[12:50:46.847]: (0.1, 3.2, 1.7) 4
[12:50:46.867]: (0.1, 3.2, 1.7) 4
[12:50:46.890]: (0.1, 3.1, 1.7) 4
[12:50:46.913]: (0.1, 3.1, 1.7) 4
[12:50:46.935]: (0.1, 3.1, 1.7) 4
[12:50:46.957]: (0.1, 3.1, 1.7) 4
[12:50:46.979]: (0.1, 3.1, 1.7) 4
[12:50:47.002]: (0.1, 3.1, 1.7) 2
[12:50:47.024]: (0.2, 3.1, 1.6) 2
[12:50:47.045]: (0.2, 3.1, 1.6) 2
[12:50:47.068]: (0.2, 3.1, 1.6) 2
[12:50:47.090]: (0.2, 3.1, 1.6) 2
[12:50:47.112]: (0.2, 3.1, 1.6) 2
[12:50:47.134]: (0.2, 3.1, 1.6) 2
[12:50:47.156]: (0.2, 3.1, 1.6) 2
[12:50:47.179]: (0.2, 3.1, 1.6) 2
[12:50:47.201]: (0.2, 3.1, 1.6) 2
[12:50:47.224]: (0.2, 3.1, 1.6) 2
[12:50:47.245]: (0.2, 3.1, 1.6) 2
[12:50:47.268]: (0.2, 3.1, 1.6) 2
[12:50:47.291]: (0.2, 3.1, 1.6) 2
[12:50:47.312]: (0.2, 3.1, 1.6) 2
[12:50:47.335]: (0.2, 3.1, 1.7) 2
[12:50:47.357]: (0.2, 3.1, 1.7) 2
[12:50:47.379]: (0.2, 3.1, 1.7) 2
[12:50:47.401]: (0.2, 3.1, 1.6) 2
[12:50:47.760]: (-0.5, 2.6, 1.1) 15
[12:50:47.783]: (-0.5, 2.6, 1.1) 15
[12:50:47.805]: (-0.5, 2.6, 1.1) 15
[12:50:48.005]: (-0.5, 2.6, 1.1) 15
[12:50:48.036]: (-0.5, 2.6, 1.1) 15
[12:50:48.053]: (-0.5, 2.6, 1.1) 15
[12:50:48.083]: (-0.6, 2.6, 1.1) 12
[12:50:48.100]: (-0.8, 2.5, 1.1) 6
[12:50:48.402]: (-0.9, 2.4, 1.1) 8
[12:50:48.423]: (-0.9, 2.4, 1.1) 8
[12:50:48.445]: (-0.9, 2.4, 1.1) 8
[12:50:48.467]: (-0.9, 2.4, 1.1) 8
[12:50:48.490]: (-0.9, 2.4, 1.1) 8
[12:50:48.512]: (-0.9, 2.4, 1.1) 8
[12:50:48.534]: (-0.9, 2.4, 1.2) 13
[12:50:48.755]: (0.2, 3.1, 1.7) 2
[12:50:48.779]: (0.2, 3.1, 1.6) 2
[12:50:48.800]: (0.3, 3.1, 1.6) 0
[12:50:48.822]: (0.3, 3.1, 1.6) 0
[12:50:48.840]: (0.3, 3.1, 1.6) 0
[12:50:48.860]: (0.3, 3.1, 1.6) 0
[12:50:48.876]: (0.3, 3.1, 1.6) 0
[12:50:48.891]: (0.3, 3.1, 1.6) 0
[12:50:48.909]: (0.2, 3.1, 1.6) 0
[12:50:48.969]: (-0.6, 2.5, 1.1) 12
[12:50:48.987]: (-0.7, 2.4, 1.0) 7
[12:50:49.032]: (-0.8, 2.5, 1.1) 6
[12:50:49.080]: (-0.9, 2.5, 1.1) 8
[12:50:49.098]: (-0.9, 2.5, 1.1) 8
[12:50:49.129]: (-0.9, 2.4, 1.1) 8
[12:50:49.146]: (-0.9, 2.4, 1.1) 8
[12:50:49.162]: (-0.9, 2.5, 1.0) 8
[12:50:49.178]: (-0.9, 2.5, 1.1) 8
[12:50:49.210]: (-0.9, 2.5, 1.1) 8
[12:50:49.225]: (-0.9, 2.5, 1.1) 8
[12:50:49.271]: (-0.9, 2.4, 1.1) 8
[12:50:49.288]: (-0.9, 2.4, 1.1) 8
[12:50:49.312]: (-0.9, 2.4, 1.1) 8
[12:50:49.333]: (-1.0, 2.4, 1.1) 13
[12:50:49.357]: (-0.9, 2.4, 1.1) 8
[12:50:49.379]: (-0.9, 2.4, 1.1) 8
[12:50:49.401]: (-0.9, 2.4, 1.1) 8
[12:50:49.423]: (-0.9, 2.4, 1.1) 8
[12:50:49.447]: (-0.9, 2.4, 1.1) 8
[12:50:49.468]: (-0.9, 2.4, 1.1) 8
[12:50:49.490]: (-0.9, 2.4, 1.1) 8
[12:50:49.513]: (-0.9, 2.4, 1.1) 8
[12:50:49.533]: (-0.9, 2.4, 1.1) 13
[12:50:49.556]: (-0.9, 2.4, 1.1) 13
[12:50:49.579]: (-0.9, 2.4, 1.1) 8
[12:50:49.623]: (-0.8, 2.5, 1.2) 10
[12:50:49.998]: (-0.7, 2.5, 1.2) 10
[12:50:50.014]: (-0.7, 2.5, 1.2) 10
[12:50:50.031]: (-0.7, 2.5, 1.2) 10
[12:50:50.048]: (-0.7, 2.5, 1.2) 10
[12:50:50.065]: (-0.7, 2.5, 1.2) 10
[12:50:50.081]: (-0.7, 2.5, 1.2) 10
[12:50:50.113]: (-0.7, 2.5, 1.2) 10
[12:50:50.168]: (-0.7, 2.5, 1.2) 10
[12:50:50.190]: (-0.7, 2.5, 1.2) 10
[12:50:50.212]: (-0.7, 2.5, 1.2) 10
[12:50:50.279]: (-0.7, 2.5, 1.2) 10
[12:50:50.301]: (-0.7, 2.5, 1.2) 10
[12:50:50.323]: (-0.7, 2.5, 1.2) 10
[12:50:50.389]: (-1.0, 2.3, 1.1) 13
[12:50:50.615]: (-1.0, 2.3, 1.1) 13
[12:50:50.631]: (-0.9, 2.4, 1.1) 8
[12:50:50.647]: (-0.9, 2.4, 1.1) 8
[12:50:50.665]: (-0.9, 2.4, 1.1) 8
[12:50:50.681]: (-0.9, 2.4, 1.1) 8
[12:50:50.697]: (-0.9, 2.4, 1.1) 8
[12:50:50.715]: (-0.9, 2.4, 1.1) 8
[12:50:50.734]: (-0.9, 2.4, 1.1) 8
[12:50:50.750]: (-0.9, 2.4, 1.1) 8
[12:50:50.766]: (-0.9, 2.4, 1.1) 8
[12:50:50.783]: (-0.9, 2.4, 1.1) 8
[12:50:50.802]: (-0.9, 2.4, 1.1) 8
[12:50:50.818]: (-0.9, 2.4, 1.1) 8
[12:50:50.835]: (-0.9, 2.4, 1.1) 8
[12:50:50.852]: (-0.9, 2.4, 1.1) 8
[12:50:50.869]: (-0.9, 2.4, 1.1) 8
[12:50:50.886]: (-0.9, 2.4, 1.1) 8
[12:50:50.903]: (-0.9, 2.4, 1.1) 8
[12:50:50.920]: (-0.9, 2.4, 1.1) 8
[12:50:50.937]: (-0.9, 2.4, 1.1) 8
[12:50:50.954]: (-0.9, 2.4, 1.1) 8
[12:50:50.971]: (-0.9, 2.4, 1.1) 8
[12:50:50.989]: (-0.9, 2.4, 1.1) 8
[12:50:51.005]: (-0.9, 2.4, 1.1) 8
[12:50:51.023]: (-0.9, 2.4, 1.1) 8
[12:50:51.045]: (-0.9, 2.4, 1.1) 8
[12:50:51.068]: (-0.9, 2.4, 1.1) 8
[12:50:51.090]: (-0.9, 2.4, 1.1) 8
[12:50:51.113]: (-0.9, 2.4, 1.1) 8
[12:50:51.503]: (-0.9, 2.4, 1.1) 8
[12:50:51.521]: (-0.9, 2.4, 1.1) 8
[12:50:51.536]: (-0.9, 2.4, 1.1) 8
[12:50:51.554]: (-0.9, 2.4, 1.1) 8
[12:50:51.569]: (-0.9, 2.4, 1.1) 8
[12:50:51.587]: (-0.9, 2.4, 1.1) 8
[12:50:51.603]: (-0.9, 2.4, 1.1) 8
[12:50:51.618]: (-0.9, 2.4, 1.1) 8
[12:50:51.636]: (-0.9, 2.4, 1.1) 8
[12:50:51.651]: (-0.9, 2.4, 1.1) 8
[12:50:51.668]: (-0.9, 2.4, 1.1) 8
[12:50:51.684]: (-0.9, 2.4, 1.1) 8
[12:50:51.701]: (-0.9, 2.4, 1.1) 8
[12:50:51.717]: (-0.9, 2.4, 1.1) 8
[12:50:51.734]: (-0.9, 2.4, 1.1) 8
[12:50:51.751]: (-0.9, 2.4, 1.1) 8
[12:50:51.768]: (-0.9, 2.4, 1.0) 8
[12:50:51.785]: (-0.9, 2.4, 1.0) 8
[12:50:51.801]: (-0.9, 2.5, 1.0) 8
[12:50:51.819]: (-0.9, 2.5, 1.0) 8
[12:50:51.836]: (-0.9, 2.5, 1.0) 8
[12:50:51.853]: (-0.9, 2.5, 1.0) 8
[12:50:51.868]: (-0.9, 2.5, 1.0) 8
[12:50:51.889]: (-0.9, 2.5, 1.0) 8
[12:50:51.911]: (-0.9, 2.5, 1.0) 8
[12:50:51.934]: (-0.9, 2.5, 1.0) 8
[12:50:51.955]: (-0.9, 2.4, 1.0) 8
[12:50:51.978]: (-0.9, 2.4, 1.0) 8
[12:50:52.000]: (-0.9, 2.4, 1.1) 8
[12:50:52.022]: (-0.9, 2.4, 1.1) 8
[12:50:52.045]: (-0.9, 2.4, 1.1) 8
[12:50:52.068]: (-0.9, 2.4, 1.1) 8
[12:50:52.088]: (-0.9, 2.4, 1.1) 8
[12:50:52.111]: (-0.9, 2.4, 1.1) 8
[12:50:52.133]: (-0.9, 2.4, 1.1) 8
[12:50:52.155]: (-0.9, 2.4, 1.1) 8
[12:50:52.179]: (-0.9, 2.4, 1.1) 8
[12:50:52.201]: (-0.9, 2.4, 1.1) 8
[12:50:52.222]: (-0.9, 2.5, 1.0) 8
[12:50:52.267]: (-0.9, 2.5, 1.0) 8
[12:50:52.565]: (-0.9, 2.5, 1.1) 8
[12:50:52.652]: (-0.9, 2.5, 1.1) 8
[12:50:52.669]: (-0.9, 2.5, 1.0) 8
[12:50:52.685]: (-0.9, 2.5, 1.1) 8
[12:50:52.703]: (-0.9, 2.5, 1.1) 8
[12:50:52.720]: (-0.9, 2.5, 1.0) 8
[12:50:52.737]: (-0.9, 2.5, 1.1) 8
[12:50:52.755]: (-0.9, 2.5, 1.1) 8
[12:50:52.777]: (-0.9, 2.5, 1.1) 8
[12:50:52.799]: (-0.9, 2.5, 1.0) 8
[12:50:52.821]: (-0.9, 2.4, 1.0) 8
[12:50:52.845]: (-0.9, 2.4, 1.1) 8
[12:50:52.867]: (-0.9, 2.4, 1.1) 8
[12:50:52.889]: (-0.9, 2.4, 1.1) 8
[12:50:52.911]: (-0.9, 2.4, 1.1) 8
[12:50:52.933]: (-0.9, 2.4, 1.1) 8
[12:50:52.956]: (-0.9, 2.4, 1.1) 8
[12:50:52.977]: (-0.9, 2.4, 1.1) 8
[12:50:53.001]: (-0.9, 2.4, 1.1) 8
[12:50:53.021]: (-0.9, 2.4, 1.1) 8
[12:50:53.043]: (-0.9, 2.4, 1.1) 8
[12:50:53.065]: (-0.9, 2.4, 1.1) 8
[12:50:53.088]: (-0.9, 2.4, 1.1) 8
[12:50:53.111]: (-0.9, 2.4, 1.1) 8
[12:50:53.133]: (-0.9, 2.4, 1.1) 8
[12:50:53.156]: (-0.9, 2.4, 1.1) 8
[12:50:53.177]: (-0.9, 2.4, 1.1) 8
[12:50:53.197]: (-0.9, 2.4, 1.1) 8
[12:50:53.213]: (-0.9, 2.4, 1.1) 8
[12:50:53.230]: (-0.9, 2.4, 1.1) 8
[12:50:53.247]: (-0.9, 2.4, 1.1) 8
[12:50:53.265]: (-0.9, 2.4, 1.1) 8
[12:50:53.281]: (-0.9, 2.4, 1.1) 8
[12:50:53.300]: (-0.9, 2.4, 1.1) 8
[12:50:53.317]: (-0.9, 2.4, 1.1) 8
[12:50:53.333]: (-0.9, 2.4, 1.1) 8
[12:50:53.349]: (-0.9, 2.4, 1.1) 8
[12:50:54.009]: (-0.9, 2.4, 1.1) 8
[12:50:54.032]: (-0.9, 2.4, 1.1) 8
[12:50:54.054]: (-0.9, 2.4, 1.1) 8
[12:50:54.071]: (-0.9, 2.4, 1.1) 8
[12:50:54.088]: (-0.9, 2.4, 1.1) 8
[12:50:54.104]: (-0.9, 2.4, 1.1) 8
[12:50:54.121]: (-0.9, 2.4, 1.1) 8
[12:50:54.138]: (-0.9, 2.4, 1.1) 8
[12:50:54.154]: (-0.9, 2.4, 1.1) 8
[12:50:54.172]: (-0.9, 2.4, 1.1) 8
[12:50:54.188]: (-0.9, 2.4, 1.1) 8
[12:50:54.206]: (-0.9, 2.4, 1.1) 8
[12:50:54.221]: (-0.9, 2.4, 1.1) 8
[12:50:54.238]: (-0.9, 2.4, 1.1) 8
[12:50:54.254]: (-0.9, 2.4, 1.1) 8
[12:50:54.271]: (-0.9, 2.4, 1.1) 8
[12:50:54.287]: (-0.9, 2.4, 1.1) 8
[12:50:54.332]: (-0.9, 2.5, 1.1) 8
[12:50:54.348]: (-0.9, 2.5, 1.1) 8
[12:50:54.366]: (-0.9, 2.5, 1.1) 8
[12:50:54.381]: (-0.9, 2.4, 1.1) 8
[12:50:54.400]: (-0.9, 2.4, 1.1) 8
[12:50:54.419]: (-0.9, 2.4, 1.1) 8
[12:50:54.434]: (-0.9, 2.4, 1.0) 8
[12:50:54.452]: (-0.9, 2.4, 1.0) 8
[12:50:54.468]: (-0.9, 2.5, 1.0) 8
[12:50:54.485]: (-0.9, 2.4, 1.1) 8
[12:50:54.503]: (-0.9, 2.4, 1.1) 8
[12:50:54.520]: (-0.9, 2.4, 1.1) 8
[12:50:55.099]: (-1.0, 2.4, 1.1) 13
[12:50:55.132]: (-0.9, 2.4, 1.1) 13
[12:50:55.166]: (-0.9, 2.4, 1.1) 13
[12:50:55.200]: (-0.9, 2.4, 1.1) 13
[12:50:55.232]: (-0.9, 2.3, 1.1) 13
[12:50:55.266]: (-0.9, 2.4, 1.1) 13
[12:50:55.299]: (-0.9, 2.4, 1.1) 13
[12:50:55.320]: (-0.9, 2.4, 1.1) 13
[12:50:55.343]: (-0.9, 2.4, 1.1) 13
[12:50:55.366]: (-0.9, 2.4, 1.1) 13
[12:50:55.387]: (-0.9, 2.4, 1.1) 13
[12:50:55.409]: (-0.9, 2.4, 1.1) 13
[12:50:55.432]: (-1.0, 2.4, 1.1) 13
[12:50:55.454]: (-0.9, 2.4, 1.1) 8
[12:50:55.476]: (-0.9, 2.4, 1.1) 13
[12:50:55.499]: (-0.9, 2.4, 1.1) 13
[12:50:55.520]: (-0.9, 2.4, 1.1) 13
[12:50:55.542]: (-0.9, 2.4, 1.1) 13
[12:50:55.565]: (-0.9, 2.4, 1.1) 13
[12:50:55.587]: (-0.9, 2.4, 1.1) 13
[12:50:55.609]: (-0.9, 2.4, 1.1) 13
[12:50:55.632]: (-0.9, 2.4, 1.1) 13
[12:50:55.654]: (-0.9, 2.4, 1.1) 13
[12:50:55.675]: (-0.9, 2.4, 1.1) 13
[12:50:55.700]: (-0.9, 2.4, 1.1) 13
[12:50:55.719]: (-0.9, 2.4, 1.1) 13
[12:50:55.743]: (-0.9, 2.4, 1.1) 13
[12:50:55.766]: (-0.9, 2.4, 1.1) 13
[12:50:55.787]: (-0.9, 2.4, 1.1) 13
[12:50:55.809]: (-0.9, 2.4, 1.1) 13
[12:50:55.832]: (-0.9, 2.4, 1.1) 13
[12:50:55.855]: (-0.9, 2.4, 1.1) 13
[12:50:55.875]: (-0.9, 2.4, 1.1) 13
[12:50:55.899]: (-0.9, 2.4, 1.1) 13
[12:50:55.920]: (-0.9, 2.4, 1.1) 13
[12:50:55.942]: (-0.9, 2.4, 1.1) 13
[12:50:55.966]: (-0.9, 2.4, 1.1) 13
[12:50:55.989]: (-0.9, 2.4, 1.1) 13
[12:50:56.013]: (-0.9, 2.4, 1.1) 13
[12:50:56.034]: (-0.9, 2.4, 1.1) 13
[12:50:56.058]: (-0.9, 2.4, 1.1) 13
[12:50:56.080]: (-0.9, 2.4, 1.1) 13
[12:50:56.102]: (-0.9, 2.4, 1.1) 13
[12:50:56.124]: (-0.9, 2.4, 1.1) 13
[12:50:56.146]: (-0.9, 2.4, 1.1) 13
[12:50:56.169]: (-0.9, 2.4, 1.1) 13
[12:50:56.192]: (-0.9, 2.4, 1.1) 13
[12:50:56.212]: (-0.9, 2.4, 1.1) 13
[12:50:56.235]: (-0.9, 2.4, 1.1) 13
[12:50:56.258]: (-0.9, 2.4, 1.1) 13
[12:50:56.279]: (-0.9, 2.4, 1.1) 13
[12:50:56.302]: (-0.9, 2.4, 1.1) 13
[12:50:56.325]: (-0.9, 2.4, 1.1) 13
[12:50:56.346]: (-0.9, 2.4, 1.1) 13
[12:50:56.370]: (-0.9, 2.4, 1.1) 13
[12:50:58.052]: (-0.7, 2.5, 1.2) 10
[12:50:58.076]: (-0.7, 2.5, 1.2) 10
[12:50:58.119]: (-0.7, 2.5, 1.2) 10
[12:50:58.143]: (-0.7, 2.5, 1.2) 10
[12:50:58.163]: (-0.7, 2.5, 1.2) 10
[12:50:58.185]: (-0.6, 2.5, 1.1) 12
[12:50:58.208]: (-0.6, 2.5, 1.1) 12
[12:50:58.231]: (-0.6, 2.5, 1.1) 12
[12:50:58.252]: (-0.6, 2.5, 1.1) 12
[12:50:58.269]: (-0.6, 2.5, 1.1) 12
[12:50:58.287]: (-0.6, 2.5, 1.1) 12
[12:50:58.303]: (-0.6, 2.5, 1.1) 12
[12:50:58.320]: (-0.6, 2.5, 1.1) 12
[12:50:58.336]: (-0.6, 2.5, 1.1) 12
[12:50:58.352]: (-0.6, 2.5, 1.1) 12
[12:50:58.369]: (-0.6, 2.5, 1.1) 12
[12:50:58.385]: (-0.6, 2.5, 1.1) 12
[12:50:58.578]: (0.2, 3.0, 1.7) 2
[12:50:58.594]: (0.2, 3.1, 1.7) 2
[12:50:58.611]: (0.2, 3.0, 1.7) 2
[12:50:58.628]: (0.2, 3.0, 1.7) 2
[12:50:58.644]: (0.2, 3.1, 1.7) 2
[12:50:58.660]: (0.2, 3.0, 1.7) 2
[12:50:58.679]: (0.4, 3.2, 1.7) 3
[12:50:58.696]: (0.4, 3.2, 1.7) 3
[12:50:58.719]: (0.4, 3.2, 1.7) 3
[12:50:58.763]: (0.4, 3.2, 1.7) 3
[12:50:58.785]: (0.4, 3.2, 1.7) 3
[12:50:58.809]: (0.3, 3.1, 1.6) 0
[12:50:58.852]: (0.4, 3.2, 1.7) 3
[12:50:58.919]: (0.4, 3.2, 1.7) 3
[12:50:59.753]: (0.2, 3.2, 1.7) 4
[12:50:59.774]: (0.2, 3.2, 1.7) 4
[12:50:59.797]: (0.1, 3.2, 1.7) 4
[12:50:59.819]: (0.1, 3.2, 1.7) 4
[12:50:59.841]: (0.1, 3.2, 1.7) 4
[12:50:59.864]: (0.1, 3.2, 1.7) 4
[12:50:59.887]: (0.1, 3.1, 1.7) 4
[12:50:59.908]: (0.1, 3.1, 1.7) 4
[12:50:59.931]: (0.1, 3.1, 1.7) 4
[12:50:59.953]: (0.1, 3.1, 1.7) 4
[12:50:59.976]: (0.1, 3.2, 1.7) 4
[12:50:59.993]: (0.1, 3.2, 1.7) 4
[12:51:00.010]: (0.1, 3.2, 1.7) 4
[12:51:00.032]: (0.1, 3.2, 1.7) 4
[12:51:00.116]: (0.1, 3.2, 1.7) 4
[12:51:00.150]: (0.5, 4.1, 2.2) 22
[12:51:00.356]: (0.5, 4.0, 2.2) 22
[12:51:00.430]: (0.5, 4.0, 2.2) 22
[12:51:00.452]: (0.5, 4.0, 2.2) 22
[12:51:00.474]: (0.5, 4.0, 2.2) 22
[12:51:00.498]: (0.5, 4.0, 2.2) 22
[12:51:00.519]: (0.5, 4.0, 2.2) 22
[12:51:00.540]: (0.6, 4.0, 2.2) 22
[12:51:00.562]: (0.6, 4.0, 2.2) 22
[12:51:00.584]: (0.6, 4.0, 2.2) 22
[12:51:00.610]: (0.6, 4.0, 2.2) 22
[12:51:00.630]: (0.6, 4.0, 2.2) 22
[12:51:00.674]: (0.1, 3.2, 1.6) 4
[12:51:00.718]: (0.1, 3.2, 1.7) 4
[12:51:00.741]: (0.1, 3.2, 1.6) 4
[12:51:00.762]: (0.1, 3.2, 1.7) 4
[12:51:00.786]: (0.1, 3.2, 1.7) 4
[12:51:00.807]: (0.1, 3.2, 1.7) 4
[12:51:01.195]: (-0.6, 2.6, 1.1) 15
[12:51:01.211]: (-0.7, 2.4, 0.9) 7
[12:51:01.228]: (-0.7, 2.4, 1.0) 7
[12:51:01.246]: (-0.7, 2.4, 0.9) 7
[12:51:01.277]: (-0.7, 2.4, 0.9) 7
[12:51:01.297]: (-0.7, 2.4, 1.0) 7
[12:51:01.317]: (-0.7, 2.4, 0.9) 7
[12:51:01.430]: (-1.0, 2.5, 1.1) 8
[12:51:01.452]: (-0.9, 2.5, 1.0) 8
[12:51:01.473]: (-0.9, 2.5, 1.0) 8
[12:51:01.541]: (-0.9, 2.5, 1.0) 8
[12:51:01.562]: (-0.9, 2.5, 1.0) 8
[12:51:01.585]: (-0.9, 2.5, 1.0) 8
[12:51:01.607]: (-0.9, 2.5, 1.1) 8
[12:51:01.629]: (-0.9, 2.5, 1.1) 8
[12:51:01.674]: (-0.9, 2.5, 1.0) 6
[12:51:01.697]: (-0.9, 2.5, 1.0) 6
[12:51:01.739]: (-0.8, 2.5, 1.1) 10
[12:51:01.759]: (-0.8, 2.5, 1.1) 10
[12:51:01.780]: (-0.8, 2.5, 1.1) 10
[12:51:01.801]: (-0.8, 2.5, 1.1) 10
[12:51:01.823]: (-0.8, 2.5, 1.1) 10
[12:51:01.845]: (-0.8, 2.5, 1.1) 10
[12:51:01.868]: (-1.0, 2.5, 1.0) 8
[12:51:01.888]: (-1.0, 2.5, 1.0) 8
[12:51:01.950]: (-0.9, 2.5, 0.9) 8
[12:51:01.970]: (-1.0, 2.5, 0.9) 8
[12:51:01.993]: (-0.9, 2.5, 0.9) 8
[12:51:02.014]: (-0.9, 2.5, 0.9) 8
[12:51:02.095]: (-0.9, 2.5, 0.9) 10
[12:51:02.115]: (-0.9, 2.5, 0.9) 10
[12:51:02.137]: (-0.9, 2.5, 0.9) 10
[12:51:02.159]: (-0.9, 2.5, 0.9) 10
[12:51:02.222]: (-0.9, 2.5, 0.9) 10
[12:51:02.244]: (-0.9, 2.5, 0.9) 10
[12:51:02.285]: (-0.9, 2.5, 0.8) 6
[12:51:02.343]: (-1.0, 2.5, 0.8) 8
[12:51:02.364]: (-1.0, 2.5, 0.7) 8
[12:51:02.384]: (-0.9, 2.5, 0.8) 8
[12:51:02.406]: (-0.9, 2.5, 0.8) 8
[12:51:02.475]: (-0.9, 2.5, 0.8) 6
[12:51:02.508]: (-0.8, 2.5, 0.8) 6
[12:51:02.541]: (-0.8, 2.5, 0.8) 6
[12:51:02.608]: (-0.9, 2.4, 0.9) 13
[12:51:02.640]: (-0.9, 2.4, 0.8) 13
[12:51:02.675]: (-0.9, 2.4, 0.8) 13
[12:51:02.708]: (-0.9, 2.4, 0.8) 13
[12:51:02.740]: (-0.9, 2.4, 0.9) 13
[12:51:02.775]: (-0.9, 2.5, 0.9) 13
[12:51:02.875]: (-0.8, 2.5, 0.9) 8
[12:51:02.906]: (-0.8, 2.5, 0.9) 8
[12:51:02.941]: (-0.8, 2.5, 0.9) 8
[12:51:02.973]: (-0.8, 2.5, 0.9) 8
[12:51:03.007]: (-0.9, 2.5, 0.9) 8
[12:51:03.185]: (-0.8, 2.5, 0.8) 8
[12:51:03.206]: (-0.8, 2.5, 0.8) 8
[12:51:03.229]: (-0.8, 2.5, 0.8) 8
[12:51:03.250]: (-0.8, 2.5, 0.8) 8
[12:51:03.273]: (-0.8, 2.5, 0.8) 8
[12:51:03.296]: (-0.8, 2.5, 0.8) 8
[12:51:03.318]: (-0.8, 2.5, 0.8) 8
[12:51:03.339]: (-0.8, 2.5, 0.8) 8
[12:51:03.362]: (-0.8, 2.5, 0.8) 8
[12:51:03.384]: (-0.8, 2.5, 0.8) 8
[12:51:03.407]: (-0.9, 2.5, 0.8) 13
[12:51:03.451]: (-0.9, 2.5, 0.8) 13
[12:51:03.473]: (-0.9, 2.5, 0.8) 13
[12:51:03.673]: (-0.8, 2.5, 0.8) 13
[12:51:03.695]: (-0.8, 2.5, 0.8) 13
[12:51:03.717]: (-0.7, 2.5, 0.9) 8
[12:51:03.854]: (-0.7, 2.5, 1.0) 10
[12:51:03.876]: (-0.7, 2.5, 1.0) 10
[12:51:03.899]: (-0.7, 2.5, 1.0) 10
[12:51:03.922]: (-0.7, 2.5, 1.0) 10
[12:51:03.945]: (-0.6, 2.5, 1.0) 10
[12:51:03.968]: (-0.6, 2.5, 1.0) 10
[12:51:03.988]: (-0.6, 2.5, 1.0) 10
[12:51:04.011]: (-0.6, 2.5, 1.0) 10
[12:51:04.033]: (-0.6, 2.5, 1.0) 10
[12:51:04.055]: (-0.6, 2.5, 1.0) 10
[12:51:04.078]: (-0.6, 2.5, 1.0) 10
[12:51:04.102]: (-0.6, 2.5, 1.0) 10
[12:51:04.359]: (-0.6, 2.4, 0.9) 8
[12:51:04.379]: (-0.6, 2.4, 0.9) 8
[12:51:04.403]: (-0.6, 2.4, 0.9) 8
[12:51:04.424]: (-0.6, 2.4, 0.9) 8
[12:51:04.445]: (-0.6, 2.4, 0.9) 8
[12:51:04.464]: (-0.6, 2.4, 0.9) 8
[12:51:04.480]: (-0.6, 2.4, 0.9) 8
[12:51:04.496]: (-0.6, 2.4, 0.9) 8
[12:51:04.513]: (-0.6, 2.4, 0.9) 8
[12:51:04.571]: (-0.6, 2.4, 0.9) 6
[12:51:04.588]: (-0.6, 2.4, 0.9) 6
[12:51:04.605]: (-0.6, 2.4, 0.9) 6
[12:51:04.621]: (-0.6, 2.4, 0.9) 6
[12:51:04.637]: (-0.6, 2.4, 0.9) 6
[12:51:04.653]: (-0.6, 2.4, 0.9) 6
[12:51:04.668]: (-0.6, 2.4, 0.9) 6
[12:51:04.686]: (-0.6, 2.4, 0.9) 6
[12:51:04.702]: (-0.6, 2.4, 0.9) 6
[12:51:04.718]: (-0.6, 2.4, 0.9) 6
[12:51:04.734]: (-0.6, 2.4, 1.0) 6
[12:51:04.751]: (-0.6, 2.4, 1.0) 6
[12:51:04.851]: (-0.5, 2.4, 0.9) 6
[12:51:04.873]: (-0.5, 2.4, 0.9) 6
[12:51:04.895]: (-0.5, 2.4, 0.9) 6
[12:51:04.918]: (-0.5, 2.4, 0.9) 6
[12:51:04.938]: (-0.5, 2.4, 0.9) 6
[12:51:04.963]: (-0.5, 2.4, 0.9) 6
[12:51:04.983]: (-0.6, 2.4, 0.9) 6
[12:51:05.007]: (-0.6, 2.4, 0.9) 6
[12:51:05.028]: (-0.6, 2.4, 0.9) 6
[12:51:05.050]: (-0.6, 2.4, 0.9) 6
[12:51:05.094]: (-0.6, 2.4, 0.9) 6
[12:51:05.637]: (-0.5, 2.5, 0.8) 12
[12:51:05.658]: (-0.5, 2.5, 0.8) 12
[12:51:05.761]: (-0.5, 2.5, 0.7) 6
[12:51:05.781]: (-0.5, 2.5, 0.7) 6
[12:51:05.804]: (-0.5, 2.5, 0.7) 6
[12:51:05.824]: (-0.5, 2.5, 0.7) 6
[12:51:05.867]: (-0.5, 2.5, 0.8) 6
[12:51:05.888]: (-0.5, 2.5, 0.8) 6
[12:51:05.909]: (-0.6, 2.6, 0.9) 14
[12:51:05.930]: (-0.5, 2.6, 0.9) 14
[12:51:05.951]: (-0.5, 2.4, 0.7) 8
[12:51:05.972]: (-0.5, 2.4, 0.7) 8
[12:51:05.992]: (-0.5, 2.4, 0.7) 8
[12:51:06.013]: (-0.5, 2.4, 0.8) 8
[12:51:06.034]: (-0.5, 2.4, 0.8) 8
[12:51:06.055]: (-0.5, 2.4, 0.8) 8
[12:51:06.077]: (-0.5, 2.4, 0.8) 6
[12:51:06.098]: (-0.5, 2.4, 0.8) 6
[12:51:06.119]: (-0.5, 2.4, 0.8) 6
[12:51:06.139]: (-0.5, 2.4, 0.8) 6
[12:51:06.161]: (-0.5, 2.4, 0.8) 6
[12:51:06.185]: (-0.5, 2.4, 0.8) 6
[12:51:06.206]: (-0.5, 2.4, 0.8) 6
[12:51:06.227]: (-0.5, 2.4, 0.8) 6
[12:51:06.251]: (-0.5, 2.5, 0.9) 10
[12:51:06.271]: (-0.5, 2.5, 0.9) 10
[12:51:06.292]: (-0.5, 2.4, 0.8) 6
[12:51:06.315]: (-0.5, 2.4, 0.8) 6
[12:51:06.336]: (-0.5, 2.4, 0.8) 6
[12:51:06.357]: (-0.5, 2.4, 0.8) 6
[12:51:06.416]: (-0.5, 2.4, 0.8) 6
[12:51:06.439]: (-0.5, 2.4, 0.8) 6
[12:51:06.460]: (-0.5, 2.4, 0.8) 6
[12:51:06.477]: (-0.5, 2.4, 0.8) 6
[12:51:06.494]: (-0.5, 2.4, 0.8) 6
[12:51:06.515]: (-0.5, 2.4, 0.8) 6
[12:51:06.536]: (-0.5, 2.4, 0.8) 6
[12:51:06.553]: (-0.5, 2.4, 0.8) 6
[12:51:06.570]: (-0.5, 2.4, 0.8) 6
[12:51:06.587]: (-0.5, 2.4, 0.8) 6
[12:51:06.604]: (-0.5, 2.4, 0.8) 6
[12:51:06.620]: (-0.5, 2.4, 0.8) 6
[12:51:06.637]: (-0.5, 2.5, 0.8) 6
[12:51:06.654]: (-0.5, 2.5, 0.8) 6
[12:51:06.670]: (-0.5, 2.4, 0.8) 6
[12:51:06.687]: (-0.5, 2.5, 0.8) 6
[12:51:06.706]: (-0.5, 2.4, 0.8) 6
[12:51:06.721]: (-0.5, 2.4, 0.8) 6
[12:51:06.737]: (-0.5, 2.4, 0.8) 6
[12:51:06.754]: (-0.5, 2.4, 0.8) 6
[12:51:06.771]: (-0.5, 2.5, 0.8) 6
[12:51:06.818]: (-0.6, 2.4, 0.7) 13
[12:51:06.839]: (-0.6, 2.4, 0.7) 13
[12:51:06.860]: (-0.6, 2.4, 0.7) 13
[12:51:06.882]: (-0.6, 2.4, 0.7) 13
[12:51:06.905]: (-0.6, 2.4, 0.7) 13
[12:51:06.928]: (-0.6, 2.4, 0.7) 13
[12:51:06.949]: (-0.6, 2.4, 0.7) 13
[12:51:06.973]: (-0.6, 2.4, 0.7) 13
[12:51:06.994]: (-0.6, 2.4, 0.7) 13
[12:51:07.016]: (-0.6, 2.4, 0.7) 13
[12:51:07.083]: (-0.5, 2.4, 0.7) 8
[12:51:07.106]: (-0.5, 2.4, 0.7) 8
[12:51:07.128]: (-0.5, 2.4, 0.7) 8
[12:51:07.149]: (-0.5, 2.4, 0.7) 8
[12:51:07.172]: (-0.5, 2.4, 0.7) 8
[12:51:07.193]: (-0.5, 2.4, 0.7) 8
[12:51:07.216]: (-0.5, 2.4, 0.7) 8
[12:51:07.239]: (-0.5, 2.4, 0.7) 8
[12:51:07.256]: (-0.5, 2.4, 0.7) 8
[12:51:07.274]: (-0.5, 2.4, 0.7) 8
[12:51:07.427]: (-0.5, 2.4, 0.8) 6
[12:51:07.445]: (-0.5, 2.4, 0.8) 6
[12:51:07.477]: (-0.5, 2.4, 0.8) 6
[12:51:07.494]: (-0.5, 2.4, 0.8) 6
[12:51:07.511]: (-0.5, 2.4, 0.8) 6
[12:51:07.530]: (-0.5, 2.4, 0.8) 6
[12:51:07.546]: (-0.5, 2.4, 0.8) 6
[12:51:07.562]: (-0.5, 2.4, 0.8) 6
[12:51:07.577]: (-0.5, 2.4, 0.8) 6
[12:51:07.594]: (-0.5, 2.4, 0.8) 6
[12:51:07.610]: (-0.5, 2.4, 0.8) 6
[12:51:07.626]: (-0.5, 2.4, 0.8) 6
[12:51:07.642]: (-0.5, 2.4, 0.8) 6
[12:51:07.657]: (-0.5, 2.4, 0.8) 6
[12:51:07.674]: (-0.5, 2.4, 0.8) 6
[12:51:07.693]: (-0.5, 2.4, 0.8) 6
[12:51:07.716]: (-0.5, 2.4, 0.8) 6
[12:51:07.738]: (-0.5, 2.4, 0.8) 6
[12:51:08.209]: (-0.5, 2.4, 0.9) 10
[12:51:09.415]: (-0.6, 2.4, 0.9) 10
[12:51:09.438]: (-0.6, 2.4, 0.9) 10
[12:51:09.460]: (-0.6, 2.4, 0.9) 10
[12:51:09.481]: (-0.5, 2.4, 0.8) 6
[12:51:09.505]: (-0.5, 2.5, 0.9) 10
[12:51:09.681]: (-0.5, 2.4, 0.8) 6
[12:51:09.876]: (-0.5, 2.5, 0.9) 10
[12:51:09.892]: (-0.5, 2.4, 0.9) 10
[12:51:09.909]: (-0.5, 2.4, 0.9) 10
[12:51:09.926]: (-0.5, 2.4, 0.9) 10
[12:51:09.943]: (-0.5, 2.4, 0.9) 10
[12:51:09.959]: (-0.5, 2.4, 0.9) 10
[12:51:09.976]: (-0.5, 2.4, 0.9) 10
[12:51:09.992]: (-0.5, 2.4, 0.9) 10
[12:51:10.010]: (-0.6, 2.4, 0.9) 10
[12:51:10.136]: (-0.6, 2.4, 0.9) 10
[12:51:10.152]: (-0.6, 2.4, 0.9) 10
[12:51:10.199]: (-0.6, 2.4, 0.9) 10
[12:51:10.216]: (-0.6, 2.4, 0.9) 10
[12:51:10.235]: (-0.6, 2.4, 0.9) 10
[12:51:10.250]: (-0.6, 2.4, 0.9) 10
[12:51:10.281]: (-0.6, 2.4, 0.9) 10
[12:51:10.418]: (-0.6, 2.4, 0.9) 10
[12:51:10.459]: (-0.6, 2.5, 0.9) 10
[12:51:10.488]: (-0.6, 2.4, 0.9) 10
[12:51:10.505]: (-0.6, 2.4, 0.9) 10
[12:51:10.527]: (-0.6, 2.4, 0.9) 10
[12:51:10.548]: (-0.6, 2.4, 0.9) 10
[12:51:10.571]: (-0.6, 2.4, 0.9) 10
[12:51:10.593]: (-0.6, 2.5, 0.9) 10
[12:51:10.615]: (-0.6, 2.4, 0.9) 10
[12:51:10.637]: (-0.6, 2.4, 0.9) 10
[12:51:10.659]: (-0.6, 2.4, 0.9) 10
[12:51:10.681]: (-0.6, 2.4, 0.9) 10
[12:51:10.699]: (-0.6, 2.4, 0.9) 10
[12:51:10.745]: (-0.5, 2.4, 0.8) 8
[12:51:10.821]: (-0.5, 2.4, 0.7) 8
[12:51:10.838]: (-0.5, 2.4, 0.7) 8
[12:51:10.856]: (-0.5, 2.4, 0.7) 8
[12:51:10.873]: (-0.5, 2.4, 0.7) 8
[12:51:10.890]: (-0.5, 2.4, 0.7) 8
[12:51:10.906]: (-0.5, 2.4, 0.7) 8
[12:51:10.923]: (-0.5, 2.4, 0.7) 8
[12:51:10.941]: (-0.5, 2.4, 0.7) 8
[12:51:10.957]: (-0.5, 2.4, 0.7) 8
[12:51:10.974]: (-0.5, 2.4, 0.7) 8
[12:51:10.992]: (-0.5, 2.4, 0.7) 8
[12:51:11.450]: (-0.5, 2.4, 0.8) 6
[12:51:11.470]: (-0.4, 2.3, 0.7) 7
[12:51:11.492]: (-0.4, 2.3, 0.7) 7
[12:51:11.515]: (-0.4, 2.3, 0.7) 7
[12:51:11.536]: (-0.4, 2.3, 0.7) 7
[12:51:11.553]: (-0.4, 2.3, 0.7) 7
[12:51:11.570]: (-0.4, 2.3, 0.7) 7
[12:51:11.587]: (-0.4, 2.3, 0.7) 7
[12:51:11.603]: (-0.4, 2.3, 0.7) 7
[12:51:11.620]: (-0.4, 2.3, 0.7) 7
[12:51:11.636]: (-0.4, 2.3, 0.7) 7
[12:51:11.655]: (-0.4, 2.3, 0.7) 7
[12:51:11.673]: (-0.4, 2.3, 0.7) 7
[12:51:11.690]: (-0.4, 2.3, 0.7) 7
[12:51:11.708]: (-0.4, 2.3, 0.7) 7
[12:51:11.723]: (-0.4, 2.3, 0.7) 7
[12:51:11.740]: (-0.4, 2.3, 0.7) 7
[12:51:11.756]: (-0.5, 2.4, 0.9) 10
[12:51:11.772]: (-0.6, 2.4, 0.9) 10
[12:51:11.789]: (-0.6, 2.4, 0.9) 10
[12:51:11.805]: (-0.6, 2.4, 0.9) 10
[12:51:11.821]: (-0.6, 2.4, 0.9) 10
[12:51:11.837]: (-0.6, 2.4, 0.9) 10
[12:51:11.853]: (-0.6, 2.4, 0.9) 10
[12:51:11.870]: (-0.6, 2.4, 0.9) 10
[12:51:11.887]: (-0.6, 2.4, 0.9) 10
[12:51:11.903]: (-0.6, 2.4, 0.9) 10
[12:51:11.920]: (-0.6, 2.4, 0.9) 10
[12:51:11.937]: (-0.6, 2.4, 0.9) 10
[12:51:11.953]: (-0.6, 2.4, 0.9) 10
[12:51:11.970]: (-0.6, 2.4, 0.9) 10
[12:51:11.987]: (-0.6, 2.4, 0.9) 10
[12:51:12.004]: (-0.6, 2.4, 0.9) 10
[12:51:12.021]: (-0.5, 2.4, 0.9) 10
[12:51:12.037]: (-0.5, 2.4, 0.9) 10
[12:51:12.059]: (-0.5, 2.4, 0.9) 10
[12:51:12.080]: (-0.5, 2.4, 0.9) 10
[12:51:12.103]: (-0.5, 2.4, 0.9) 10
[12:51:12.126]: (-0.5, 2.4, 0.9) 10
[12:51:12.148]: (-0.5, 2.4, 0.9) 10
[12:51:12.170]: (-0.5, 2.4, 0.9) 10
[12:51:12.192]: (-0.5, 2.4, 0.9) 10
[12:51:12.214]: (-0.5, 2.4, 0.9) 10
[12:51:12.236]: (-0.5, 2.4, 0.9) 10
[12:51:12.260]: (-0.5, 2.4, 0.9) 10
[12:51:12.280]: (-0.5, 2.4, 0.9) 10
[12:51:12.303]: (-0.5, 2.4, 0.9) 10
[12:51:12.326]: (-0.5, 2.4, 0.9) 10
[12:51:12.348]: (-0.5, 2.4, 0.9) 10
[12:51:12.370]: (-0.5, 2.4, 0.9) 10
[12:51:12.394]: (-0.5, 2.5, 0.9) 10
[12:51:12.414]: (-0.5, 2.4, 0.8) 6
[12:51:12.437]: (-0.5, 2.4, 0.8) 6
[12:51:12.453]: (-0.5, 2.4, 0.8) 6
[12:51:12.470]: (-0.5, 2.4, 0.8) 6
[12:51:12.486]: (-0.5, 2.5, 0.9) 10
[12:51:12.502]: (-0.5, 2.5, 0.9) 10
[12:51:12.519]: (-0.5, 2.5, 0.9) 10
[12:51:12.535]: (-0.5, 2.5, 0.9) 10
[12:51:12.552]: (-0.5, 2.4, 0.8) 6
[12:51:12.569]: (-0.5, 2.4, 0.8) 6
[12:51:12.587]: (-0.5, 2.4, 0.8) 6
[12:51:12.606]: (-0.5, 2.4, 0.8) 6
[12:51:12.622]: (-0.5, 2.4, 0.8) 6
[12:51:12.639]: (-0.5, 2.4, 0.8) 6
[12:51:12.655]: (-0.5, 2.5, 0.9) 10
[12:51:12.673]: (-0.5, 2.5, 0.9) 10
[12:51:12.690]: (-0.5, 2.5, 0.9) 10
[12:51:12.708]: (-0.5, 2.5, 0.9) 10
[12:51:12.724]: (-0.5, 2.4, 0.9) 10
[12:51:12.741]: (-0.5, 2.4, 0.9) 10
[12:51:12.757]: (-0.5, 2.4, 0.8) 6
[12:51:12.773]: (-0.5, 2.4, 0.9) 10
[12:51:13.644]: (-0.5, 2.4, 0.9) 10
[12:51:13.661]: (-0.5, 2.4, 0.8) 6
[12:51:13.678]: (-0.5, 2.5, 0.8) 6
[12:51:13.695]: (-0.5, 2.5, 0.8) 6
[12:51:13.713]: (-0.5, 2.5, 0.8) 6
[12:51:13.730]: (-0.5, 2.5, 0.8) 6
[12:51:13.747]: (-0.5, 2.4, 0.8) 6
[12:51:13.763]: (-0.5, 2.5, 0.8) 6
[12:51:13.780]: (-0.5, 2.5, 0.8) 6
[12:51:13.803]: (-0.5, 2.5, 0.8) 6
[12:51:13.825]: (-0.5, 2.4, 0.8) 6
[12:51:13.847]: (-0.5, 2.4, 0.8) 6
[12:51:13.869]: (-0.5, 2.5, 0.8) 6
[12:51:13.892]: (-0.5, 2.4, 0.8) 6
[12:51:13.914]: (-0.5, 2.5, 0.8) 6
[12:51:13.935]: (-0.5, 2.5, 0.8) 6
[12:51:13.958]: (-0.5, 2.5, 0.8) 6
[12:51:14.047]: (-0.5, 2.5, 0.8) 6
[12:51:14.069]: (-0.5, 2.5, 0.8) 6
[12:51:14.091]: (-0.5, 2.5, 0.8) 6
[12:51:14.114]: (-0.5, 2.5, 0.8) 6
[12:51:14.136]: (-0.5, 2.4, 0.8) 6
[12:51:14.159]: (-0.5, 2.4, 0.8) 6
[12:51:14.180]: (-0.5, 2.4, 0.8) 6
[12:51:14.198]: (-0.5, 2.5, 0.8) 6
[12:51:14.260]: (-0.6, 2.4, 0.7) 13
[12:51:14.277]: (-0.6, 2.4, 0.7) 13
[12:51:14.292]: (-0.6, 2.4, 0.7) 13
[12:51:14.599]: (-0.6, 2.4, 0.7) 13
[12:51:14.615]: (-0.7, 2.4, 0.7) 13
[12:51:14.691]: (-0.5, 2.4, 0.9) 10
[12:51:14.713]: (-0.5, 2.4, 0.9) 10
[12:51:14.735]: (-0.5, 2.4, 0.9) 10
[12:51:14.758]: (-0.5, 2.4, 0.9) 10
[12:51:14.780]: (-0.5, 2.4, 0.9) 10
[12:51:14.802]: (-0.5, 2.4, 0.9) 10
[12:51:14.868]: (-0.5, 2.4, 0.9) 10
[12:51:15.046]: (-0.4, 2.3, 0.7) 7
[12:51:15.069]: (-0.4, 2.4, 0.8) 6
[12:51:15.090]: (-0.4, 2.4, 0.8) 6
[12:51:15.113]: (-0.4, 2.3, 0.7) 7
[12:51:15.265]: (-0.4, 2.4, 0.9) 6
[12:51:15.328]: (-0.4, 2.3, 0.8) 7
[12:51:15.365]: (-0.4, 2.4, 0.8) 6
[12:51:15.382]: (-0.4, 2.4, 0.8) 6
[12:51:15.415]: (-0.4, 2.4, 0.8) 6
[12:51:15.438]: (-0.4, 2.4, 0.8) 6
[12:51:15.458]: (-0.5, 2.4, 0.8) 6
[12:51:15.476]: (-0.5, 2.4, 0.8) 6
[12:51:15.494]: (-0.5, 2.4, 0.8) 6
[12:51:15.512]: (-0.5, 2.4, 0.8) 6
[12:51:15.530]: (-0.5, 2.4, 0.8) 6
[12:51:15.549]: (-0.5, 2.4, 0.8) 6
[12:51:15.566]: (-0.5, 2.4, 0.8) 6
[12:51:15.583]: (-0.5, 2.4, 0.8) 6
[12:51:15.602]: (-0.5, 2.4, 0.8) 6
[12:51:15.624]: (-0.5, 2.4, 0.8) 6
[12:51:15.646]: (-0.5, 2.4, 0.8) 6
[12:51:15.670]: (-0.5, 2.4, 0.8) 6
[12:51:15.691]: (-0.5, 2.4, 0.9) 10
[12:51:15.714]: (-0.5, 2.4, 0.9) 10
[12:51:15.735]: (-0.5, 2.4, 0.9) 10
[12:51:15.757]: (-0.5, 2.4, 0.9) 10
[12:51:15.782]: (-0.5, 2.4, 0.9) 10
[12:51:15.803]: (-0.5, 2.4, 0.9) 10
[12:51:15.825]: (-0.5, 2.4, 0.9) 10
[12:51:15.847]: (-0.5, 2.4, 0.9) 10
[12:51:15.869]: (-0.5, 2.4, 0.9) 10
[12:51:15.891]: (-0.5, 2.4, 0.9) 10
[12:51:15.915]: (-0.5, 2.4, 0.9) 10
[12:51:15.936]: (-0.5, 2.4, 0.9) 10
[12:51:15.957]: (-0.5, 2.4, 0.9) 10
[12:51:15.980]: (-0.5, 2.4, 0.9) 10
[12:51:16.004]: (-0.5, 2.4, 0.9) 10
[12:51:16.022]: (-0.5, 2.4, 0.9) 10
[12:51:16.041]: (-0.5, 2.4, 0.9) 10
[12:51:16.058]: (-0.5, 2.4, 0.9) 10
[12:51:16.074]: (-0.5, 2.4, 0.9) 10
[12:51:16.094]: (-0.5, 2.4, 0.9) 10
[12:51:16.112]: (-0.5, 2.4, 0.9) 10
[12:51:16.130]: (-0.6, 2.4, 0.9) 10
[12:51:16.147]: (-0.6, 2.4, 0.9) 10
[12:51:16.165]: (-0.6, 2.4, 0.9) 10
[12:51:16.186]: (-0.6, 2.4, 0.9) 10
[12:51:16.203]: (-0.6, 2.4, 0.9) 10
[12:51:16.221]: (-0.6, 2.4, 0.9) 10
[12:51:16.237]: (-0.5, 2.4, 0.9) 10
[12:51:16.254]: (-0.5, 2.4, 0.9) 10
[12:51:16.271]: (-0.5, 2.4, 0.9) 10
[12:51:16.568]: (-0.5, 2.3, 1.0) 12
[12:51:16.592]: (-0.5, 2.3, 1.0) 12
[12:51:16.614]: (-0.5, 2.3, 1.0) 12
[12:51:16.635]: (-0.5, 2.4, 1.0) 12
[12:51:16.657]: (-0.5, 2.4, 1.0) 12
[12:51:16.813]: (-0.6, 2.4, 0.9) 10
[12:51:16.836]: (-0.6, 2.4, 0.9) 10
[12:51:16.857]: (-0.5, 2.4, 0.9) 10
[12:51:16.879]: (-0.5, 2.4, 0.9) 10
[12:51:16.901]: (-0.5, 2.4, 0.9) 10
[12:51:16.923]: (-0.5, 2.4, 0.9) 10
[12:51:16.940]: (-0.5, 2.4, 0.9) 10
[12:51:16.958]: (-0.5, 2.4, 0.9) 10
[12:51:16.974]: (-0.5, 2.4, 0.9) 10
[12:51:16.991]: (-0.5, 2.4, 0.9) 10
[12:51:17.010]: (-0.5, 2.4, 0.9) 10
[12:51:17.026]: (-0.6, 2.4, 0.9) 10
[12:51:17.044]: (-0.6, 2.4, 0.9) 10
[12:51:17.060]: (-0.6, 2.4, 0.9) 10
[12:51:17.077]: (-0.6, 2.4, 0.9) 10
[12:51:17.095]: (-0.6, 2.4, 0.9) 10
[12:51:17.112]: (-0.6, 2.4, 0.9) 10
[12:51:17.129]: (-0.6, 2.4, 0.9) 10
[12:51:17.145]: (-0.6, 2.4, 0.9) 10
[12:51:17.162]: (-0.6, 2.4, 0.9) 10
[12:51:17.177]: (-0.6, 2.4, 0.9) 10
[12:51:17.195]: (-0.6, 2.4, 0.9) 10
[12:51:17.212]: (-0.6, 2.4, 0.9) 10
[12:51:17.229]: (-0.6, 2.4, 0.9) 10
[12:51:17.245]: (-0.6, 2.4, 0.9) 10
[12:51:17.261]: (-0.6, 2.4, 0.9) 10
[12:51:17.278]: (-0.6, 2.4, 0.9) 10
[12:51:17.296]: (-0.6, 2.4, 0.9) 10
[12:51:17.313]: (-0.6, 2.4, 0.9) 10
[12:51:17.330]: (-0.6, 2.4, 0.9) 10
[12:51:17.346]: (-0.6, 2.4, 0.9) 10
[12:51:17.365]: (-0.6, 2.4, 0.9) 10
[12:51:17.645]: (-0.6, 2.4, 0.9) 10
[12:51:17.691]: (-0.6, 2.4, 0.9) 10
[12:51:17.713]: (-0.6, 2.4, 0.9) 10
[12:51:17.734]: (-0.6, 2.4, 0.9) 10
[12:51:17.974]: (-0.6, 2.4, 0.9) 10
[12:51:17.992]: (-0.6, 2.4, 0.9) 10
[12:51:18.009]: (-0.6, 2.4, 0.9) 10
[12:51:18.026]: (-0.6, 2.4, 0.9) 10
[12:51:18.043]: (-0.6, 2.4, 0.9) 10
[12:51:18.062]: (-0.6, 2.4, 0.9) 10
[12:51:18.078]: (-0.6, 2.4, 0.9) 10
[12:51:18.096]: (-0.6, 2.4, 0.9) 10
[12:51:18.118]: (-0.6, 2.4, 0.9) 10
[12:51:18.141]: (-0.6, 2.4, 0.9) 10
[12:51:18.161]: (-0.6, 2.4, 0.9) 10
[12:51:18.184]: (-0.6, 2.4, 0.9) 10
[12:51:18.206]: (-0.6, 2.4, 0.9) 10
[12:51:18.226]: (-0.6, 2.4, 0.9) 10
[12:51:18.249]: (-0.6, 2.4, 0.9) 10
[12:51:18.271]: (-0.6, 2.4, 0.9) 10
[12:51:18.293]: (-0.6, 2.4, 0.9) 10
[12:51:18.310]: (-0.6, 2.4, 0.9) 10
[12:51:18.326]: (-0.6, 2.4, 0.9) 10
[12:51:18.343]: (-0.6, 2.4, 0.9) 10
[12:51:18.360]: (-0.6, 2.4, 0.9) 10
[12:51:18.376]: (-0.6, 2.4, 0.9) 10
[12:51:18.401]: (-0.6, 2.4, 0.9) 10
[12:51:18.434]: (-0.6, 2.4, 0.9) 10
[12:51:18.468]: (-0.6, 2.4, 0.9) 10
[12:51:18.500]: (-0.6, 2.4, 0.9) 10
[12:51:18.534]: (-0.6, 2.4, 0.9) 10
[12:51:18.567]: (-0.6, 2.4, 0.9) 10
[12:51:18.601]: (-0.6, 2.4, 0.9) 10
[12:51:18.634]: (-0.6, 2.4, 0.9) 10
[12:51:18.667]: (-0.6, 2.4, 0.9) 10
[12:51:18.701]: (-0.6, 2.4, 0.9) 10
[12:51:18.734]: (-0.6, 2.4, 0.9) 10
[12:51:18.767]: (-0.6, 2.4, 0.9) 10
[12:51:18.800]: (-0.6, 2.4, 0.9) 10
[12:51:18.835]: (-0.6, 2.4, 0.9) 10
[12:51:18.867]: (-0.6, 2.4, 0.9) 10
[12:51:18.900]: (-0.6, 2.4, 0.9) 10
[12:51:18.934]: (-0.6, 2.4, 0.9) 10
[12:51:18.967]: (-0.6, 2.4, 0.9) 10
[12:51:19.000]: (-0.6, 2.4, 0.9) 10
[12:51:19.034]: (-0.6, 2.4, 0.9) 10
[12:51:19.068]: (-0.6, 2.4, 0.9) 10
[12:51:19.100]: (-0.6, 2.4, 0.9) 10
[12:51:19.134]: (-0.6, 2.4, 0.9) 10
[12:51:19.155]: (-0.6, 2.4, 0.9) 10
[12:51:19.178]: (-0.6, 2.4, 0.9) 10
[12:51:19.201]: (-0.6, 2.4, 0.9) 10
[12:51:19.223]: (-0.6, 2.4, 0.9) 10
[12:51:19.244]: (-0.6, 2.4, 0.9) 10
[12:51:19.266]: (-0.6, 2.4, 0.9) 10
[12:51:19.289]: (-0.6, 2.4, 0.9) 10
[12:51:19.311]: (-0.6, 2.4, 0.9) 10
[12:51:19.333]: (-0.6, 2.4, 0.9) 10
[12:51:19.355]: (-0.6, 2.4, 0.9) 10
[12:51:19.377]: (-0.6, 2.4, 0.9) 10
[12:51:19.400]: (-0.6, 2.4, 0.9) 10
[12:51:19.421]: (-0.6, 2.4, 0.9) 10
[12:51:19.445]: (-0.6, 2.4, 0.9) 10
[12:51:19.466]: (-0.6, 2.4, 0.9) 10
[12:51:19.533]: (-0.6, 2.4, 0.9) 10
[12:51:19.600]: (-0.6, 2.4, 0.9) 10
[12:51:19.622]: (-0.6, 2.4, 0.9) 10
[12:51:19.644]: (-0.6, 2.4, 0.9) 10
[12:51:19.666]: (-0.6, 2.4, 0.9) 10
[12:51:19.689]: (-0.6, 2.4, 0.9) 10
[12:51:19.711]: (-0.6, 2.4, 0.9) 10
[12:51:19.732]: (-0.6, 2.4, 0.9) 10
[12:51:19.755]: (-0.6, 2.4, 0.9) 10
[12:51:19.778]: (-0.6, 2.4, 0.9) 10
[12:51:19.799]: (-0.6, 2.4, 0.9) 10
[12:51:19.823]: (-0.6, 2.4, 0.9) 10
[12:51:19.847]: (-0.6, 2.4, 0.9) 10
[12:51:19.870]: (-0.6, 2.4, 0.9) 10
[12:51:19.893]: (-0.6, 2.4, 0.9) 10
[12:51:19.916]: (-0.6, 2.4, 0.9) 10
[12:51:19.938]: (-0.6, 2.4, 0.9) 10
[12:51:19.959]: (-0.6, 2.4, 0.9) 10
[12:51:19.981]: (-0.6, 2.4, 0.9) 10
[12:51:20.004]: (-0.6, 2.4, 0.9) 10
[12:51:20.027]: (-0.6, 2.4, 0.9) 10
[12:51:20.049]: (-0.6, 2.4, 0.9) 10
[12:51:20.071]: (-0.6, 2.4, 0.9) 10
[12:51:20.093]: (-0.6, 2.4, 0.9) 10
[12:51:20.115]: (-0.6, 2.4, 0.9) 10
[12:51:20.139]: (-0.6, 2.4, 0.9) 10
[12:51:20.160]: (-0.6, 2.4, 0.9) 10
[12:51:20.184]: (-0.6, 2.4, 0.9) 10
[12:51:20.206]: (-0.6, 2.4, 0.9) 10
[12:51:20.228]: (-0.6, 2.4, 0.9) 10
[12:51:20.249]: (-0.6, 2.4, 0.9) 10
[12:51:20.272]: (-0.6, 2.4, 0.9) 10
[12:51:20.293]: (-0.6, 2.4, 0.9) 10
[12:51:20.315]: (-0.6, 2.4, 0.9) 10
[12:51:20.336]: (-0.6, 2.4, 0.9) 10
[12:51:20.358]: (-0.6, 2.4, 0.9) 10
[12:51:20.377]: (-0.6, 2.4, 0.9) 10
[12:51:20.393]: (-0.6, 2.4, 0.9) 10
[12:51:20.410]: (-0.6, 2.4, 0.9) 10
[12:51:20.428]: (-0.6, 2.4, 0.9) 10
[12:51:20.445]: (-0.6, 2.4, 0.9) 10
[12:51:20.461]: (-0.6, 2.4, 0.9) 10
[12:51:20.479]: (-0.6, 2.4, 0.9) 10
[12:51:20.501]: (-0.6, 2.4, 0.9) 10
[12:51:20.522]: (-0.6, 2.4, 0.9) 10
[12:51:20.539]: (-0.6, 2.4, 0.9) 10
[12:51:20.555]: (-0.6, 2.4, 0.9) 10
[12:51:20.573]: (-0.6, 2.4, 0.9) 10
[12:51:20.589]: (-0.6, 2.4, 0.9) 10
[12:51:20.605]: (-0.6, 2.4, 0.9) 10
[12:51:20.622]: (-0.6, 2.4, 0.9) 10
[12:51:20.638]: (-0.6, 2.4, 0.9) 10
[12:51:20.654]: (-0.6, 2.4, 0.9) 10
[12:51:20.671]: (-0.6, 2.4, 0.9) 10
[12:51:20.687]: (-0.6, 2.4, 0.9) 10
[12:51:20.704]: (-0.6, 2.4, 0.9) 10
[12:51:20.721]: (-0.6, 2.4, 0.9) 10
[12:51:20.737]: (-0.6, 2.4, 0.9) 10
[12:51:20.755]: (-0.6, 2.4, 0.9) 10
[12:51:20.772]: (-0.6, 2.4, 0.9) 10
[12:51:20.789]: (-0.6, 2.4, 0.9) 10
[12:51:20.806]: (-0.6, 2.4, 0.9) 10
[12:51:20.823]: (-0.6, 2.4, 0.9) 10
[12:51:20.840]: (-0.6, 2.4, 0.9) 10
[12:51:20.857]: (-0.6, 2.4, 0.9) 10
[12:51:20.875]: (-0.6, 2.4, 0.9) 10
[12:51:20.890]: (-0.6, 2.4, 0.9) 10
[12:51:20.910]: (-0.6, 2.4, 0.9) 10
[12:51:20.933]: (-0.6, 2.4, 0.9) 10
[12:51:20.955]: (-0.6, 2.4, 0.9) 10
[12:51:20.978]: (-0.6, 2.4, 0.9) 10
[12:51:20.999]: (-0.6, 2.4, 0.9) 10
[12:51:21.021]: (-0.6, 2.4, 0.9) 10
[12:51:21.044]: (-0.6, 2.4, 0.9) 10
[12:51:21.066]: (-0.6, 2.4, 0.9) 10
[12:51:21.088]: (-0.6, 2.4, 0.9) 10
[12:51:21.110]: (-0.6, 2.4, 0.9) 10
[12:51:21.133]: (-0.6, 2.4, 0.9) 10
[12:51:21.154]: (-0.6, 2.4, 0.9) 10
[12:51:21.177]: (-0.6, 2.4, 0.9) 10
[12:51:21.199]: (-0.6, 2.4, 0.9) 10
[12:51:21.221]: (-0.6, 2.4, 0.9) 10
[12:51:21.243]: (-0.6, 2.4, 0.9) 10
[12:51:21.266]: (-0.6, 2.4, 0.9) 10
[12:51:21.288]: (-0.6, 2.4, 0.9) 10
[12:51:21.304]: (-0.6, 2.4, 0.9) 10
[12:51:21.322]: (-0.6, 2.4, 0.9) 10
[12:51:21.339]: (-0.6, 2.4, 0.9) 10
[12:51:21.355]: (-0.6, 2.4, 0.9) 10
[12:51:21.372]: (-0.6, 2.4, 0.9) 10
[12:51:21.389]: (-0.6, 2.4, 0.9) 10
[12:51:21.405]: (-0.6, 2.4, 0.9) 10
[12:51:21.422]: (-0.6, 2.4, 0.9) 10
[12:51:21.440]: (-0.6, 2.4, 0.9) 10
[12:51:21.456]: (-0.6, 2.4, 0.9) 10
[12:51:21.472]: (-0.6, 2.4, 0.9) 10
[12:51:21.489]: (-0.6, 2.4, 0.9) 10
[12:51:21.504]: (-0.6, 2.4, 0.9) 10
[12:51:21.521]: (-0.6, 2.4, 0.9) 10
[12:51:21.539]: (-0.6, 2.4, 0.9) 10
[12:51:21.555]: (-0.6, 2.4, 0.9) 10
[12:51:21.572]: (-0.6, 2.4, 0.9) 10
[12:51:21.589]: (-0.6, 2.4, 0.9) 10
[12:51:21.606]: (-0.6, 2.4, 0.9) 10
[12:51:21.622]: (-0.6, 2.4, 0.9) 10
[12:51:21.638]: (-0.6, 2.4, 0.9) 10
[12:51:21.654]: (-0.6, 2.4, 0.9) 10
[12:51:21.670]: (-0.6, 2.4, 0.9) 10
[12:51:21.687]: (-0.6, 2.4, 0.9) 10
[12:51:21.702]: (-0.6, 2.4, 0.9) 10
[12:51:21.721]: (-0.6, 2.4, 0.9) 10
[12:51:21.743]: (-0.6, 2.4, 0.9) 10
[12:51:21.765]: (-0.6, 2.4, 0.9) 10
[12:51:21.787]: (-0.6, 2.4, 0.9) 10
[12:51:21.810]: (-0.6, 2.4, 0.9) 10
[12:51:21.833]: (-0.6, 2.4, 0.9) 10
[12:51:21.854]: (-0.6, 2.4, 0.9) 10
[12:51:21.876]: (-0.6, 2.4, 0.9) 10
[12:51:21.900]: (-0.6, 2.4, 0.9) 10
[12:51:21.920]: (-0.6, 2.4, 0.9) 10
[12:51:21.943]: (-0.6, 2.4, 0.9) 10
[12:51:21.965]: (-0.6, 2.4, 0.9) 10
[12:51:21.987]: (-0.6, 2.4, 0.9) 10
[12:51:22.010]: (-0.6, 2.4, 0.9) 10
[12:51:22.031]: (-0.6, 2.4, 0.9) 10
[12:51:22.054]: (-0.6, 2.4, 0.9) 10
[12:51:22.076]: (-0.6, 2.4, 0.9) 10
[12:51:22.100]: (-0.5, 2.4, 0.9) 10
[12:51:22.122]: (-0.6, 2.4, 0.9) 10
[12:51:22.143]: (-0.6, 2.4, 0.9) 10
[12:51:22.165]: (-0.6, 2.4, 0.9) 10
[12:51:22.187]: (-0.6, 2.4, 0.9) 10
[12:51:22.202]: (-0.6, 2.4, 0.9) 10
[12:51:22.221]: (-0.6, 2.4, 0.9) 10
[12:51:22.237]: (-0.6, 2.4, 0.9) 10
[12:51:22.253]: (-0.6, 2.4, 0.9) 10
[12:51:22.269]: (-0.6, 2.4, 0.9) 10
[12:51:22.286]: (-0.6, 2.4, 0.9) 10
[12:51:22.303]: (-0.6, 2.4, 0.9) 10
[12:51:22.321]: (-0.6, 2.4, 0.9) 10
[12:51:22.676]: (-0.6, 2.4, 0.9) 10
[12:51:22.699]: (-0.6, 2.4, 0.9) 10
[12:51:22.721]: (-0.6, 2.4, 0.9) 10
[12:51:22.743]: (-0.5, 2.4, 0.9) 10
[12:51:22.765]: (-0.6, 2.4, 0.9) 10
[12:51:22.787]: (-0.6, 2.4, 0.9) 10
[12:51:22.810]: (-0.6, 2.4, 0.9) 10
[12:51:22.832]: (-0.6, 2.4, 0.9) 10
[12:51:22.987]: (-0.5, 2.4, 0.9) 10
[12:51:23.010]: (-0.5, 2.4, 0.9) 10
[12:51:23.031]: (-0.5, 2.4, 0.9) 10
[12:51:23.054]: (-0.5, 2.4, 0.9) 10
[12:51:23.098]: (-0.5, 2.4, 0.9) 10
[12:51:23.130]: (-0.5, 2.4, 0.9) 10
[12:51:23.148]: (-0.5, 2.4, 0.9) 10
[12:51:23.165]: (-0.5, 2.4, 0.9) 10
[12:51:23.196]: (-0.4, 2.3, 0.8) 7
[12:51:23.300]: (-0.4, 2.4, 1.0) 12
[12:51:23.319]: (-0.4, 2.4, 1.0) 12
[12:51:23.336]: (-0.4, 2.4, 1.0) 12
[12:51:23.899]: (-0.3, 2.6, 2.1) 4
[12:51:23.915]: (-0.3, 2.6, 2.0) 4
[12:51:23.932]: (-0.3, 2.7, 2.3) 5
[12:51:23.951]: (-0.3, 2.7, 2.3) 5
[12:51:23.997]: (-0.3, 2.6, 2.1) 4
[12:51:24.014]: (-0.3, 2.6, 2.1) 4
[12:51:24.031]: (-0.3, 2.6, 2.1) 4
[12:51:24.047]: (-0.3, 2.6, 2.1) 4
[12:51:24.064]: (-0.3, 2.6, 2.1) 4
[12:51:24.081]: (-0.3, 2.6, 2.1) 4
[12:51:24.097]: (-0.3, 2.6, 2.0) 4
[12:51:24.720]: (-0.6, 2.4, 0.9) 10
[12:51:24.801]: (-0.6, 2.4, 0.9) 10
[12:51:24.833]: (-0.6, 2.4, 0.9) 10
[12:51:24.850]: (-0.6, 2.4, 0.9) 10
[12:51:24.866]: (-0.6, 2.4, 0.9) 10
[12:51:24.943]: (-0.5, 2.4, 0.9) 10
[12:51:24.959]: (-0.6, 2.4, 0.9) 10
[12:51:24.975]: (-0.5, 2.4, 0.9) 10
[12:51:25.007]: (-0.6, 2.4, 0.9) 10
[12:51:25.024]: (-0.6, 2.4, 0.9) 10
[12:51:25.040]: (-0.6, 2.4, 0.9) 10
[12:51:25.057]: (-0.6, 2.4, 0.9) 10
[12:51:25.073]: (-0.5, 2.4, 0.9) 10
[12:51:25.089]: (-0.5, 2.4, 0.9) 10
[12:51:25.106]: (-0.5, 2.4, 0.9) 10
[12:51:25.123]: (-0.5, 2.4, 0.9) 10
[12:51:25.139]: (-0.5, 2.4, 0.9) 10
[12:51:25.155]: (-0.6, 2.4, 0.9) 10
[12:51:25.172]: (-0.5, 2.4, 0.8) 6
[12:51:25.209]: (-0.5, 2.4, 0.8) 6
[12:51:25.231]: (-0.5, 2.4, 0.8) 6
[12:51:25.252]: (-0.5, 2.4, 0.8) 6
[12:51:25.275]: (-0.5, 2.4, 0.8) 6
[12:51:25.297]: (-0.5, 2.4, 0.8) 6
[12:51:25.320]: (-0.5, 2.4, 0.8) 6
[12:51:25.341]: (-0.5, 2.4, 0.8) 6
[12:51:25.364]: (-0.5, 2.4, 0.8) 6
[12:51:25.386]: (-0.5, 2.4, 0.8) 6
[12:51:25.408]: (-0.5, 2.4, 0.8) 6
[12:51:25.432]: (-0.5, 2.4, 0.8) 6
[12:51:25.452]: (-0.5, 2.4, 0.8) 6
[12:51:25.475]: (-0.5, 2.4, 0.8) 6
[12:51:25.498]: (-0.5, 2.4, 0.8) 6
[12:51:25.520]: (-0.5, 2.4, 0.8) 6
[12:51:25.543]: (-0.5, 2.4, 0.8) 6
[12:51:25.585]: (-0.7, 2.4, 0.7) 13
[12:51:25.631]: (-0.6, 2.4, 0.7) 13
[12:51:25.653]: (-0.7, 2.4, 0.7) 13
[12:51:25.779]: (-0.6, 2.4, 0.7) 13
[12:51:25.809]: (-0.7, 2.4, 0.7) 13
[12:51:25.857]: (-0.7, 2.4, 0.7) 13
[12:51:25.873]: (-0.7, 2.4, 0.7) 13
[12:51:25.889]: (-0.7, 2.4, 0.7) 13
[12:51:25.906]: (-0.7, 2.4, 0.6) 13
[12:51:25.939]: (-0.5, 2.4, 0.9) 10
[12:51:25.956]: (-0.6, 2.4, 0.9) 10
[12:51:25.972]: (-0.6, 2.5, 0.9) 10
[12:51:26.003]: (-0.5, 2.4, 0.8) 6
[12:51:26.022]: (-0.5, 2.4, 0.8) 6
[12:51:26.039]: (-0.6, 2.5, 0.9) 10
[12:51:26.056]: (-0.6, 2.5, 0.9) 10
[12:51:26.073]: (-0.6, 2.4, 0.9) 10
[12:51:26.089]: (-0.6, 2.4, 0.9) 10
[12:51:26.142]: (-0.5, 2.4, 0.8) 6
[12:51:26.164]: (-0.5, 2.4, 0.8) 6
[12:51:26.186]: (-0.5, 2.4, 0.7) 8
[12:51:26.231]: (-0.6, 2.6, 0.9) 14
[12:51:26.253]: (-0.5, 2.4, 0.8) 6
[12:51:26.275]: (-0.5, 2.4, 0.8) 6
[12:51:26.298]: (-0.5, 2.4, 0.8) 6
[12:51:26.319]: (-0.5, 2.4, 0.8) 6
[12:51:26.341]: (-0.5, 2.4, 0.8) 6
[12:51:26.363]: (-0.5, 2.4, 0.9) 10
[12:51:26.386]: (-0.6, 2.4, 0.9) 10
[12:51:26.408]: (-0.6, 2.4, 0.9) 10
[12:51:26.431]: (-0.6, 2.4, 0.9) 10
[12:51:26.474]: (-0.5, 2.4, 0.8) 6
[12:51:26.496]: (-0.5, 2.4, 0.8) 6
[12:51:26.519]: (-0.5, 2.4, 0.8) 6
[12:51:26.541]: (-0.5, 2.4, 0.8) 6
[12:51:26.556]: (-0.5, 2.4, 0.8) 6
[12:51:26.573]: (-0.5, 2.4, 0.8) 6
[12:51:26.588]: (-0.5, 2.4, 0.8) 6
[12:51:26.605]: (-0.5, 2.4, 0.8) 6
[12:51:26.621]: (-0.5, 2.4, 0.8) 6
[12:51:26.639]: (-0.5, 2.4, 0.8) 6
[12:51:26.655]: (-0.5, 2.4, 0.8) 6
[12:51:26.672]: (-0.5, 2.4, 0.8) 6
[12:51:26.688]: (-0.5, 2.4, 0.8) 6
[12:51:26.704]: (-0.6, 2.4, 0.9) 10
[12:51:26.723]: (-0.6, 2.4, 0.9) 10
[12:51:26.739]: (-0.6, 2.4, 0.9) 10
[12:51:26.754]: (-0.6, 2.4, 0.9) 10
[12:51:26.771]: (-0.6, 2.4, 0.9) 10
[12:51:26.788]: (-0.6, 2.4, 0.9) 10
[12:51:26.804]: (-0.6, 2.4, 0.9) 10
[12:51:26.821]: (-0.6, 2.4, 0.9) 10
[12:51:26.837]: (-0.6, 2.4, 0.9) 10
[12:51:26.854]: (-0.6, 2.4, 0.9) 10
[12:51:26.870]: (-0.6, 2.4, 0.9) 10
[12:51:26.887]: (-0.6, 2.4, 0.9) 10
[12:51:26.903]: (-0.6, 2.4, 0.9) 10
[12:51:26.920]: (-0.6, 2.4, 0.9) 10
[12:51:26.936]: (-0.6, 2.4, 0.9) 10
[12:51:26.955]: (-0.6, 2.4, 0.9) 10
[12:51:26.971]: (-0.6, 2.4, 0.9) 10
[12:51:26.988]: (-0.6, 2.4, 0.9) 10
[12:51:27.004]: (-0.6, 2.4, 0.9) 10
[12:51:27.022]: (-0.6, 2.4, 0.9) 10
[12:51:27.041]: (-0.5, 2.4, 0.9) 10
[12:51:27.064]: (-0.6, 2.4, 0.9) 10
[12:51:27.087]: (-0.5, 2.4, 0.9) 10
[12:51:27.108]: (-0.6, 2.4, 0.9) 10
[12:51:27.130]: (-0.5, 2.4, 0.9) 10
[12:51:27.152]: (-0.6, 2.4, 0.9) 10
[12:51:27.174]: (-0.6, 2.4, 0.9) 10
[12:51:27.196]: (-0.6, 2.4, 0.9) 10
[12:51:27.219]: (-0.6, 2.4, 0.9) 10
[12:51:27.240]: (-0.5, 2.4, 0.9) 10
[12:51:27.264]: (-0.6, 2.4, 0.9) 10
[12:51:27.285]: (-0.6, 2.4, 0.9) 10
[12:51:27.307]: (-0.6, 2.4, 0.9) 10
[12:51:27.329]: (-0.6, 2.4, 0.9) 10
[12:51:27.352]: (-0.6, 2.4, 0.9) 10
[12:51:27.374]: (-0.6, 2.4, 0.9) 10
[12:51:27.397]: (-0.6, 2.4, 0.9) 10
[12:51:27.419]: (-0.6, 2.4, 0.9) 10
[12:51:27.441]: (-0.6, 2.4, 0.9) 10
[12:51:27.457]: (-0.6, 2.4, 0.9) 10
[12:51:27.578]: (-0.6, 2.4, 0.9) 10
[12:51:27.741]: (-0.5, 2.4, 0.9) 10
[12:51:27.757]: (-0.5, 2.4, 0.9) 10
[12:51:27.774]: (-0.5, 2.4, 0.9) 10
[12:51:27.790]: (-0.6, 2.4, 0.9) 10
[12:51:27.808]: (-0.5, 2.4, 0.9) 10
[12:51:27.824]: (-0.5, 2.4, 0.9) 10
[12:51:27.842]: (-0.5, 2.4, 0.9) 10
[12:51:27.858]: (-0.5, 2.4, 0.9) 10
[12:51:27.874]: (-0.6, 2.4, 0.9) 10
[12:51:27.898]: (-0.6, 2.4, 0.9) 10
[12:51:27.919]: (-0.6, 2.4, 0.9) 10
[12:51:27.941]: (-0.6, 2.4, 0.9) 10
[12:51:27.963]: (-0.6, 2.4, 0.9) 10
[12:51:27.985]: (-0.6, 2.4, 0.9) 10
[12:51:28.006]: (-0.6, 2.4, 0.9) 10
[12:51:28.030]: (-0.4, 2.3, 1.0) 12
[12:51:28.052]: (-0.5, 2.3, 1.0) 12
[12:51:28.074]: (-0.5, 2.3, 1.0) 12
[12:51:28.097]: (-0.5, 2.3, 1.0) 12
[12:51:28.118]: (-0.5, 2.3, 1.0) 12
[12:51:28.140]: (-0.5, 2.3, 1.0) 12
[12:51:28.163]: (-0.5, 2.3, 1.0) 12
[12:51:28.185]: (-0.5, 2.3, 1.0) 12
[12:51:28.207]: (-0.5, 2.3, 1.0) 12
[12:51:28.230]: (-0.5, 2.3, 1.0) 12
[12:51:28.251]: (-0.5, 2.3, 1.0) 12
[12:51:28.273]: (-0.5, 2.3, 1.0) 12
[12:51:28.298]: (-0.5, 2.3, 1.0) 12
[12:51:28.315]: (-0.4, 2.3, 1.0) 12
[12:51:28.619]: (-0.4, 2.5, 2.0) 2
[12:51:28.649]: (-0.4, 2.5, 2.0) 2
[12:51:28.796]: (-0.4, 2.4, 2.1) 2
[12:51:28.841]: (-0.4, 2.6, 2.1) 4
[12:51:28.862]: (-0.4, 2.5, 2.0) 2
[12:51:28.951]: (-0.4, 2.5, 2.0) 2
[12:51:28.973]: (-0.3, 2.6, 2.1) 4
[12:51:28.997]: (-0.3, 2.6, 2.0) 4
[12:51:29.019]: (-0.3, 2.6, 2.0) 4
[12:51:29.040]: (-0.3, 2.6, 2.0) 4
[12:51:29.310]: (-0.3, 2.6, 2.1) 4
[12:51:29.326]: (-0.3, 2.6, 2.1) 4
[12:51:29.344]: (-0.3, 2.6, 2.1) 4
[12:51:29.361]: (-0.3, 2.6, 2.1) 4
[12:51:29.377]: (-0.3, 2.5, 2.1) 4
[12:51:29.393]: (-0.3, 2.6, 2.1) 4
[12:51:29.410]: (-0.4, 2.6, 2.1) 4
[12:51:29.426]: (-0.3, 2.6, 2.1) 4
[12:51:29.442]: (-0.3, 2.5, 2.0) 2
[12:51:29.458]: (-0.3, 2.6, 2.1) 4
[12:51:29.476]: (-0.3, 2.6, 2.1) 4
[12:51:29.492]: (-0.3, 2.6, 2.1) 4
[12:51:29.509]: (-0.3, 2.6, 2.1) 4
[12:51:29.526]: (-0.3, 2.5, 2.0) 2
[12:51:29.542]: (-0.3, 2.5, 2.0) 2
[12:51:29.558]: (-0.4, 2.6, 2.1) 4
[12:51:29.574]: (-0.3, 2.6, 2.1) 4
[12:51:29.596]: (-0.3, 2.6, 2.1) 4
[12:51:29.640]: (-0.4, 2.6, 2.1) 4
[12:51:29.662]: (-0.4, 2.6, 2.1) 4
[12:51:29.685]: (-0.4, 2.6, 2.1) 4
[12:51:29.884]: (-0.5, 2.4, 0.8) 6
[12:51:29.906]: (-0.5, 2.5, 0.8) 6
[12:51:30.064]: (-0.5, 2.6, 0.9) 14
[12:51:30.081]: (-0.4, 2.3, 0.7) 7
[12:51:30.096]: (-0.5, 2.4, 0.8) 6
[12:51:30.112]: (-0.5, 2.4, 0.8) 6
[12:51:30.130]: (-0.5, 2.4, 0.8) 6
[12:51:30.145]: (-0.4, 2.4, 0.8) 6
[12:51:30.162]: (-0.5, 2.4, 0.8) 6
[12:51:30.179]: (-0.5, 2.4, 0.8) 6
[12:51:30.196]: (-0.5, 2.4, 0.8) 6
[12:51:30.212]: (-0.5, 2.4, 0.8) 6
[12:51:30.229]: (-0.5, 2.4, 0.8) 6
[12:51:30.246]: (-0.5, 2.4, 0.8) 6
[12:51:30.263]: (-0.5, 2.4, 0.8) 6
[12:51:30.279]: (-0.5, 2.4, 0.8) 6
[12:51:30.296]: (-0.5, 2.4, 0.8) 6
[12:51:30.506]: (-0.5, 2.5, 0.8) 6
[12:51:30.528]: (-0.5, 2.4, 0.7) 8
[12:51:30.550]: (-0.5, 2.4, 0.7) 8
[12:51:30.595]: (-0.5, 2.4, 0.7) 8
[12:51:31.152]: (-0.5, 2.4, 0.7) 8
[12:51:31.167]: (-0.5, 2.4, 0.8) 6
[12:51:31.198]: (-0.5, 2.4, 0.7) 8
[12:51:31.329]: (-0.5, 2.4, 0.8) 6
[12:51:31.354]: (-0.5, 2.4, 0.8) 6
[12:51:31.375]: (-0.5, 2.4, 0.8) 6
[12:51:31.395]: (-0.5, 2.4, 0.8) 6
[12:51:31.418]: (-0.5, 2.4, 0.8) 6
[12:51:31.440]: (-0.5, 2.4, 0.8) 6
[12:51:31.461]: (-0.5, 2.4, 0.8) 6
[12:51:31.483]: (-0.5, 2.5, 0.8) 6
[12:51:31.506]: (-0.5, 2.4, 0.7) 6
[12:51:31.529]: (-0.5, 2.4, 0.8) 6
[12:51:31.552]: (-0.5, 2.4, 0.8) 6
[12:51:31.573]: (-0.5, 2.4, 0.8) 6
[12:51:31.595]: (-0.5, 2.4, 0.8) 6
[12:51:31.617]: (-0.5, 2.4, 0.7) 6
[12:51:31.639]: (-0.5, 2.4, 0.8) 6
[12:51:31.662]: (-0.6, 2.4, 0.7) 8
[12:51:31.684]: (-0.6, 2.4, 0.6) 13
[12:51:31.702]: (-0.6, 2.4, 0.7) 13
[12:51:31.720]: (-0.6, 2.4, 0.7) 13
[12:51:31.739]: (-0.6, 2.4, 0.6) 13
[12:51:31.756]: (-0.7, 2.4, 0.6) 13
[12:51:31.773]: (-0.7, 2.4, 0.6) 13
[12:51:31.789]: (-0.7, 2.4, 0.6) 13
[12:51:31.807]: (-0.7, 2.4, 0.6) 13
[12:51:31.825]: (-0.7, 2.4, 0.6) 13
[12:51:31.844]: (-0.7, 2.4, 0.7) 13
[12:51:31.862]: (-0.7, 2.4, 0.7) 13
[12:51:31.880]: (-0.7, 2.4, 0.7) 13
[12:51:31.897]: (-0.7, 2.4, 0.7) 13
[12:51:31.915]: (-0.7, 2.4, 0.7) 13
[12:51:31.932]: (-0.7, 2.4, 0.7) 13
[12:51:32.173]: (-0.5, 2.4, 0.8) 6
[12:51:32.195]: (-0.5, 2.4, 0.8) 6
[12:51:32.217]: (-0.5, 2.4, 0.8) 6
[12:51:32.239]: (-0.5, 2.4, 0.8) 6
[12:51:32.263]: (-0.5, 2.4, 0.8) 6
[12:51:32.284]: (-0.5, 2.4, 0.8) 6
[12:51:32.307]: (-0.5, 2.4, 0.8) 6
[12:51:32.329]: (-0.5, 2.4, 0.8) 6
[12:51:32.352]: (-0.5, 2.4, 0.8) 6
[12:51:32.373]: (-0.5, 2.4, 0.9) 10
[12:51:32.399]: (-0.4, 2.3, 0.7) 7
[12:51:32.418]: (-0.3, 2.3, 0.8) 7
[12:51:32.440]: (-0.4, 2.3, 0.8) 7
[12:51:32.463]: (-0.4, 2.3, 0.8) 7
[12:51:32.483]: (-0.4, 2.3, 0.8) 7
[12:51:32.506]: (-0.4, 2.3, 0.8) 7
[12:51:32.529]: (-0.4, 2.3, 0.8) 7
[12:51:32.549]: (-0.4, 2.4, 1.0) 15
[12:51:32.573]: (-0.4, 2.4, 1.0) 15
[12:51:32.595]: (-0.4, 2.4, 1.0) 15
[12:51:32.612]: (-0.4, 2.4, 1.0) 15
[12:51:32.629]: (-0.4, 2.4, 1.0) 15
[12:51:32.646]: (-0.4, 2.4, 1.0) 15
[12:51:32.664]: (-0.4, 2.4, 1.0) 15
[12:51:32.682]: (-0.4, 2.4, 1.0) 15
[12:51:32.699]: (-0.4, 2.4, 1.0) 15
[12:51:32.716]: (-0.4, 2.4, 1.0) 15
[12:51:32.733]: (-0.4, 2.4, 1.0) 15
[12:51:32.749]: (-0.4, 2.4, 1.0) 15
[12:51:32.767]: (-0.4, 2.4, 1.0) 15
