[13:05:32.483]: (-2.1, -0.6, 0.1) 28
[13:05:32.636]: (-1.9, -0.6, -0.1) 16
[13:05:32.657]: (-1.9, -0.6, 0.0) 16
[13:05:32.680]: (-1.9, -0.6, 0.0) 27
[13:05:32.702]: (-1.8, -0.6, 0.0) 27
[13:05:32.724]: (-2.0, -0.7, 0.0) 19
[13:05:32.747]: (-2.0, -0.7, 0.0) 19
[13:05:32.768]: (-1.9, -0.7, 0.0) 19
[13:05:32.791]: (-2.0, -0.7, 0.0) 19
[13:05:32.813]: (-2.0, -0.7, -0.1) 19
[13:05:32.829]: (-2.1, -0.9, 0.0) 17
[13:05:32.846]: (-2.2, -1.0, 0.0) 29
[13:05:32.861]: (-2.1, -0.9, 0.0) 17
[13:05:32.877]: (-2.0, -0.7, -0.1) 19
[13:05:32.893]: (-2.1, -0.8, 0.0) 17
[13:05:32.911]: (-2.1, -0.8, 0.0) 17
[13:05:32.928]: (-1.9, -0.6, 0.0) 16
[13:05:32.946]: (-2.1, -0.8, 0.0) 17
[13:05:32.962]: (-2.1, -0.8, 0.0) 17
[13:05:32.979]: (-2.1, -0.8, 0.0) 17
[13:05:32.995]: (-2.0, -0.7, -0.1) 16
[13:05:33.012]: (-1.9, -0.6, -0.1) 16
[13:05:33.028]: (-1.9, -0.6, -0.1) 16
[13:05:33.044]: (-1.9, -0.6, -0.1) 16
[13:05:33.491]: (-1.8, -0.8, 0.1) 31
[13:05:33.513]: (-1.8, -0.7, 0.0) 31
[13:05:33.535]: (-1.8, -0.7, 0.0) 31
[13:05:33.557]: (-1.8, -0.7, 0.0) 31
[13:05:33.580]: (-1.8, -0.8, 0.1) 31
[13:05:33.602]: (-1.8, -0.8, 0.1) 31
[13:05:33.624]: (-1.8, -0.8, 0.1) 31
[13:05:33.647]: (-1.8, -0.8, 0.1) 31
[13:05:33.668]: (-1.8, -0.8, 0.1) 31
[13:05:33.694]: (-1.8, -0.8, 0.1) 31
[13:05:33.724]: (-1.8, -0.7, 0.1) 31
[13:05:33.747]: (-1.7, -0.7, 0.0) 31
[13:05:33.767]: (-1.7, -0.7, 0.0) 31
[13:05:33.788]: (-1.7, -0.8, 0.0) 31
[13:05:33.808]: (-1.7, -0.7, 0.1) 31
[13:05:33.830]: (-1.8, -0.9, 0.0) 32
[13:05:37.410]: (0.3, -2.1, 1.1) 32
[13:05:37.683]: (0.3, -2.1, 1.1) 32
[13:05:37.705]: (0.3, -2.1, 1.1) 32
[13:05:37.727]: (0.3, -2.1, 1.1) 32
[13:05:37.767]: (0.1, -1.7, 1.3) 27
[13:05:37.990]: (-0.4, -2.0, 1.5) 15
[13:05:38.024]: (-0.4, -1.8, 1.3) 16
[13:05:38.557]: (-1.7, -1.4, 1.3) 19
[13:05:38.578]: (-1.7, -1.2, 1.2) 27
[13:05:38.711]: (-2.2, -1.1, 1.1) 21
[13:05:38.733]: (-2.3, -1.1, 1.0) 21
[13:05:38.756]: (-2.2, -1.0, 1.0) 31
[13:05:39.262]: (-2.6, 0.7, 1.0) 0
[13:05:39.392]: (-2.5, 0.9, 0.8) 3
[13:05:39.412]: (-2.5, 0.9, 0.8) 3
[13:05:39.438]: (-2.5, 1.0, 0.8) 10
[13:05:39.586]: (-2.3, 1.5, 1.2) 8
[13:05:39.935]: (-2.2, 2.1, 1.4) 14
[13:05:39.959]: (-2.1, 2.1, 1.4) 14
[13:05:40.045]: (-2.1, 2.1, 1.2) 8
[13:05:40.067]: (-2.1, 2.1, 1.2) 8
[13:05:40.091]: (-2.1, 2.1, 1.2) 8
[13:05:40.113]: (-2.1, 2.1, 1.2) 8
[13:05:40.134]: (-2.1, 2.1, 1.2) 8
[13:05:40.159]: (-2.1, 2.1, 1.2) 8
[13:05:40.179]: (-2.1, 2.1, 1.2) 8
[13:05:40.201]: (-2.1, 2.1, 1.2) 8
[13:05:40.223]: (-2.1, 2.1, 1.2) 8
[13:05:40.245]: (-2.1, 2.1, 1.2) 8
[13:05:40.267]: (-2.1, 2.1, 1.3) 8
[13:05:40.289]: (-2.1, 2.1, 1.3) 8
[13:05:40.311]: (-2.1, 2.1, 1.2) 8
[13:05:40.645]: (-2.1, 2.0, 1.2) 8
[13:05:40.797]: (-2.2, 2.1, 1.4) 14
[13:05:41.608]: (-1.0, 3.0, 1.2) 3
[13:05:41.651]: (-1.0, 3.0, 1.2) 3
[13:05:41.673]: (-1.0, 3.0, 1.2) 3
[13:05:41.715]: (-1.0, 3.0, 1.2) 5
[13:05:41.738]: (-0.9, 3.0, 1.3) 5
[13:05:41.760]: (-0.9, 3.0, 1.2) 5
[13:05:41.781]: (-0.9, 3.0, 1.2) 12
[13:05:41.805]: (-0.9, 3.0, 1.2) 12
[13:05:41.828]: (-0.9, 3.0, 1.2) 12
[13:05:41.845]: (-0.9, 3.0, 1.3) 5
[13:05:41.861]: (-0.8, 3.0, 1.3) 3
[13:05:41.879]: (-0.8, 3.0, 1.3) 3
[13:05:41.900]: (-0.9, 3.0, 1.3) 5
[13:05:41.936]: (-0.8, 3.0, 1.3) 3
[13:05:41.952]: (-0.8, 3.0, 1.3) 3
[13:05:41.968]: (-0.8, 3.0, 1.3) 3
[13:05:41.986]: (-0.8, 3.0, 1.3) 3
[13:05:42.009]: (-0.8, 3.0, 1.3) 3
[13:05:42.032]: (-0.8, 3.0, 1.3) 3
[13:05:42.055]: (-0.8, 3.0, 1.3) 3
[13:05:42.098]: (-0.9, 2.9, 1.3) 12
[13:05:42.122]: (-0.9, 2.9, 1.2) 12
[13:05:42.143]: (-0.9, 2.9, 1.2) 12
[13:05:42.165]: (-0.9, 2.9, 1.3) 12
[13:05:42.189]: (-0.9, 2.9, 1.3) 12
[13:05:42.209]: (-0.9, 2.9, 1.3) 12
[13:05:42.232]: (-0.9, 2.9, 1.2) 12
[13:05:42.254]: (-0.9, 2.9, 1.3) 12
[13:05:42.276]: (-0.9, 2.9, 1.3) 12
[13:05:42.298]: (-0.9, 2.9, 1.3) 12
[13:05:42.320]: (-0.9, 2.9, 1.3) 12
[13:05:42.343]: (-0.9, 2.9, 1.3) 12
[13:05:42.382]: (-0.7, 2.9, 1.3) 10
[13:05:45.155]: (-0.6, 3.1, 1.0) 12
[13:05:45.173]: (-0.6, 3.1, 1.0) 12
[13:05:45.189]: (-0.6, 3.1, 1.0) 12
[13:05:45.207]: (-0.6, 3.1, 1.0) 12
[13:05:45.223]: (-0.6, 3.1, 1.0) 12
[13:05:45.239]: (-0.6, 3.1, 1.0) 12
[13:05:45.542]: (-0.6, 3.2, 1.1) 13
[13:05:45.566]: (-0.6, 3.3, 1.1) 13
[13:05:45.721]: (-0.6, 3.2, 1.1) 13
[13:05:45.743]: (-0.6, 3.2, 1.1) 13
[13:05:45.764]: (-0.6, 3.1, 1.1) 6
[13:05:45.786]: (-0.6, 3.1, 1.1) 6
[13:05:45.807]: (-0.5, 2.9, 1.0) 12
[13:05:45.827]: (-0.5, 2.9, 1.0) 12
[13:05:45.849]: (-0.5, 2.9, 1.1) 12
[13:05:45.870]: (-0.4, 2.9, 1.0) 10
[13:05:45.913]: (-0.4, 3.1, 1.2) 2
[13:05:45.934]: (-0.4, 2.8, 1.0) 10
[13:05:45.956]: (-0.4, 3.0, 1.2) 1
[13:05:45.977]: (-0.4, 3.0, 1.2) 1
[13:05:45.998]: (-0.4, 3.1, 1.3) 2
[13:05:46.019]: (-0.4, 3.1, 1.3) 2
[13:05:46.111]: (-0.4, 3.1, 1.3) 2
[13:05:46.127]: (-0.4, 3.1, 1.3) 2
[13:05:46.143]: (-0.4, 3.1, 1.3) 2
[13:05:46.161]: (-0.4, 3.0, 1.3) 2
[13:05:46.180]: (-0.4, 2.8, 1.1) 10
[13:05:46.196]: (-0.4, 3.0, 1.3) 2
[13:05:46.213]: (-0.3, 2.8, 1.1) 10
[13:05:46.231]: (-0.4, 3.0, 1.3) 1
[13:05:46.247]: (-0.4, 3.0, 1.3) 2
[13:05:46.265]: (-0.4, 3.0, 1.3) 2
[13:05:46.283]: (-0.4, 3.0, 1.3) 2
[13:05:46.298]: (-0.4, 2.9, 1.2) 3
[13:05:46.315]: (-0.4, 3.1, 1.3) 2
[13:05:46.333]: (-0.4, 3.1, 1.3) 2
[13:05:46.363]: (-0.5, 2.9, 1.2) 5
[13:05:46.379]: (-0.6, 3.0, 1.2) 6
[13:05:46.420]: (-0.6, 3.0, 1.2) 6
[13:05:46.442]: (-0.6, 3.0, 1.2) 6
[13:05:46.464]: (-0.6, 2.8, 1.1) 12
[13:05:46.486]: (-0.6, 2.9, 1.2) 5
[13:05:46.508]: (-0.6, 2.9, 1.2) 5
[13:05:46.531]: (-0.6, 2.9, 1.2) 5
[13:05:46.554]: (-0.6, 3.0, 1.2) 6
[13:05:46.575]: (-0.6, 3.0, 1.2) 6
[13:05:46.597]: (-0.6, 3.0, 1.2) 6
[13:05:46.620]: (-0.6, 3.0, 1.2) 6
[13:05:46.642]: (-0.6, 3.0, 1.2) 6
[13:05:46.665]: (-0.6, 3.0, 1.2) 6
[13:05:46.687]: (-0.6, 3.0, 1.2) 6
[13:05:46.709]: (-0.6, 3.0, 1.2) 6
[13:05:46.731]: (-0.6, 3.0, 1.2) 6
[13:05:46.753]: (-0.6, 3.0, 1.2) 6
[13:05:46.775]: (-0.6, 3.0, 1.2) 6
[13:05:46.797]: (-0.6, 3.0, 1.2) 6
[13:05:46.819]: (-0.6, 3.0, 1.2) 6
[13:05:46.836]: (-0.4, 2.8, 1.1) 10
[13:05:46.854]: (-0.3, 3.0, 1.2) 1
[13:05:46.877]: (-0.3, 3.0, 1.3) 1
[13:05:47.037]: (-0.3, 2.8, 1.1) 10
[13:05:47.057]: (-0.3, 2.8, 1.1) 10
[13:05:47.079]: (-0.3, 2.8, 1.1) 10
[13:05:47.099]: (-0.3, 2.8, 1.1) 10
[13:05:47.120]: (-0.3, 2.8, 1.1) 10
[13:05:47.143]: (-0.3, 2.8, 1.1) 10
[13:05:47.163]: (-0.3, 2.8, 1.1) 10
[13:05:47.186]: (-0.3, 2.8, 1.1) 10
[13:05:47.208]: (-0.3, 2.8, 1.1) 3
[13:05:47.228]: (-0.2, 2.8, 1.2) 3
[13:05:47.270]: (-0.3, 3.0, 1.3) 2
[13:05:47.291]: (-0.2, 3.0, 1.3) 2
[13:05:47.311]: (-0.2, 3.0, 1.3) 2
[13:05:47.353]: (-0.4, 2.8, 1.2) 12
[13:05:47.375]: (-0.4, 2.7, 1.2) 12
[13:05:47.397]: (-0.4, 2.7, 1.2) 12
[13:05:47.417]: (-0.4, 2.7, 1.2) 12
[13:05:47.439]: (-0.4, 2.7, 1.2) 12
[13:05:47.462]: (-0.4, 2.7, 1.2) 12
[13:05:47.482]: (-0.4, 2.7, 1.2) 5
[13:05:47.502]: (-0.4, 2.7, 1.2) 5
[13:05:47.523]: (-0.4, 2.7, 1.2) 3
[13:05:47.545]: (-0.5, 3.0, 1.3) 4
[13:05:47.565]: (-0.5, 2.9, 1.3) 4
[13:05:47.586]: (-0.5, 2.9, 1.3) 4
[13:05:47.607]: (-0.5, 2.9, 1.3) 4
[13:05:47.629]: (-0.5, 2.9, 1.3) 4
[13:05:47.651]: (-0.5, 2.9, 1.3) 4
[13:05:47.671]: (-0.5, 2.9, 1.3) 4
[13:05:47.692]: (-0.6, 3.0, 1.4) 4
[13:05:47.716]: (-0.6, 3.0, 1.4) 4
[13:05:47.736]: (-0.6, 3.0, 1.4) 11
[13:05:47.758]: (-0.6, 3.0, 1.4) 4
[13:05:47.774]: (-0.6, 2.9, 1.4) 4
[13:05:47.797]: (-0.6, 2.9, 1.4) 4
[13:05:47.818]: (-0.6, 2.9, 1.4) 4
[13:05:47.864]: (-0.6, 2.8, 1.3) 6
[13:05:47.908]: (-0.6, 2.8, 1.3) 6
[13:05:47.932]: (-0.6, 2.8, 1.3) 6
[13:05:47.949]: (-0.6, 2.8, 1.3) 6
[13:05:47.965]: (-0.6, 2.8, 1.3) 6
[13:05:47.981]: (-0.6, 2.8, 1.3) 6
[13:05:47.998]: (-0.6, 2.8, 1.3) 6
[13:05:48.016]: (-0.6, 2.8, 1.3) 6
[13:05:48.031]: (-0.6, 2.8, 1.3) 6
[13:05:48.048]: (-0.6, 2.8, 1.3) 6
[13:05:48.064]: (-0.6, 2.8, 1.3) 6
[13:05:48.079]: (-0.6, 2.8, 1.3) 6
[13:05:48.096]: (-0.6, 2.8, 1.3) 6
[13:05:48.112]: (-0.6, 2.8, 1.3) 6
[13:05:48.127]: (-0.6, 2.8, 1.3) 6
[13:05:48.144]: (-0.6, 2.8, 1.3) 6
[13:05:48.160]: (-0.6, 2.8, 1.3) 6
[13:05:48.178]: (-0.6, 2.8, 1.3) 6
[13:05:48.271]: (0.3, 3.1, 1.6) 31
[13:05:48.287]: (0.3, 3.0, 1.6) 31
[13:05:48.303]: (0.3, 3.0, 1.6) 31
[13:05:48.320]: (0.3, 3.0, 1.6) 31
[13:05:48.337]: (0.3, 3.0, 1.6) 31
[13:05:48.355]: (0.3, 3.0, 1.6) 31
[13:05:48.373]: (0.3, 3.0, 1.6) 31
[13:05:48.388]: (0.3, 3.0, 1.6) 31
[13:05:48.407]: (0.3, 3.0, 1.6) 31
[13:05:48.430]: (0.3, 3.0, 1.6) 31
[13:05:48.453]: (0.3, 3.0, 1.6) 31
[13:05:48.474]: (0.3, 3.1, 1.6) 31
[13:05:48.497]: (0.3, 3.1, 1.6) 31
[13:05:48.518]: (0.3, 3.1, 1.6) 31
[13:05:48.542]: (0.3, 3.1, 1.6) 31
[13:05:48.563]: (0.3, 3.1, 1.6) 31
[13:05:48.863]: (0.4, 3.2, 1.5) 21
[13:05:48.921]: (0.4, 3.2, 1.5) 19
[13:05:48.942]: (0.4, 3.1, 1.5) 19
[13:05:48.964]: (0.4, 3.2, 1.6) 17
[13:05:48.988]: (0.3, 3.2, 1.6) 17
[13:05:49.008]: (0.3, 3.0, 1.5) 26
[13:05:49.050]: (0.2, 3.2, 1.7) 17
[13:05:49.146]: (-0.1, 3.0, 1.7) 21
[13:05:49.168]: (-0.1, 3.0, 1.7) 21
[13:05:49.186]: (-0.1, 3.0, 1.8) 21
[13:05:49.204]: (-0.1, 2.9, 1.7) 31
[13:05:49.218]: (-0.1, 2.9, 1.7) 31
[13:05:49.236]: (-0.1, 2.9, 1.7) 31
[13:05:49.252]: (-0.1, 2.9, 1.7) 31
[13:05:49.269]: (-0.1, 2.9, 1.7) 31
[13:05:49.285]: (-0.1, 2.9, 1.7) 31
[13:05:49.302]: (-0.1, 2.9, 1.7) 31
[13:05:49.318]: (-0.1, 2.9, 1.7) 31
[13:05:49.335]: (-0.1, 2.9, 1.7) 31
[13:05:49.574]: (-0.1, 2.9, 1.7) 31
[13:05:49.596]: (-0.1, 2.9, 1.7) 31
[13:05:49.618]: (-0.1, 2.9, 1.7) 31
[13:05:49.838]: (-0.2, 3.0, 1.6) 31
[13:05:49.859]: (-0.2, 3.0, 1.7) 21
[13:05:49.899]: (-0.2, 3.0, 1.7) 19
[13:05:49.919]: (-0.2, 3.0, 1.7) 19
[13:05:49.943]: (-0.2, 3.0, 1.7) 19
[13:05:49.965]: (-0.3, 3.1, 1.9) 18
[13:05:49.986]: (-0.4, 3.1, 1.8) 18
[13:05:50.007]: (-0.4, 3.1, 1.9) 18
[13:05:50.028]: (-0.4, 3.0, 1.8) 17
[13:05:50.049]: (-0.4, 3.1, 1.9) 18
[13:05:50.069]: (-0.5, 3.1, 1.9) 18
[13:05:50.092]: (-0.5, 3.1, 1.9) 18
[13:05:50.135]: (-0.5, 2.9, 1.7) 21
[13:05:50.157]: (-0.5, 2.9, 1.7) 21
[13:05:50.180]: (-0.5, 2.9, 1.7) 21
[13:05:50.202]: (-0.5, 2.9, 1.7) 21
[13:05:50.223]: (-0.5, 2.9, 1.8) 22
[13:05:50.244]: (-0.5, 2.9, 1.8) 22
[13:05:50.267]: (-0.5, 2.8, 1.6) 31
[13:05:50.287]: (-0.5, 2.8, 1.6) 31
[13:05:50.309]: (-0.5, 2.8, 1.6) 31
[13:05:50.329]: (-0.5, 2.7, 1.6) 31
[13:05:50.352]: (-0.5, 2.7, 1.6) 31
[13:05:50.373]: (-0.5, 2.7, 1.6) 31
[13:05:50.395]: (-0.5, 2.7, 1.6) 31
[13:05:50.418]: (-0.5, 2.7, 1.6) 31
[13:05:50.440]: (-0.4, 2.7, 1.6) 31
[13:05:50.606]: (-0.4, 3.0, 1.7) 20
[13:05:50.640]: (-0.4, 3.0, 1.7) 20
[13:05:50.742]: (-0.4, 3.0, 1.7) 20
[13:05:50.774]: (-0.4, 3.0, 1.7) 20
[13:05:50.807]: (-0.4, 3.0, 1.7) 20
[13:05:50.942]: (-0.3, 2.8, 1.7) 19
[13:05:50.974]: (-0.3, 2.8, 1.7) 19
[13:05:51.075]: (-0.3, 2.7, 1.6) 27
[13:05:51.105]: (-0.3, 2.7, 1.6) 27
[13:05:51.174]: (-0.3, 2.8, 1.6) 19
[13:05:51.207]: (-0.2, 2.8, 1.5) 16
[13:05:51.229]: (-0.2, 2.8, 1.5) 16
[13:05:51.252]: (-0.2, 2.7, 1.5) 16
[13:05:51.273]: (-0.2, 2.8, 1.5) 16
[13:05:51.294]: (-0.2, 2.8, 1.6) 19
[13:05:51.317]: (-0.2, 2.8, 1.6) 19
[13:05:51.340]: (-0.3, 2.8, 1.6) 19
[13:05:51.517]: (-0.3, 2.7, 1.5) 19
[13:05:51.540]: (-0.3, 2.7, 1.5) 19
[13:05:51.563]: (-0.3, 2.7, 1.5) 19
[13:05:51.583]: (-0.3, 2.7, 1.5) 19
[13:05:51.761]: (-0.4, 2.8, 1.5) 21
[13:05:51.785]: (-0.4, 2.7, 1.4) 21
[13:05:51.805]: (-0.4, 2.7, 1.4) 21
[13:05:51.828]: (-0.4, 2.7, 1.4) 21
[13:05:51.851]: (-0.4, 2.7, 1.4) 21
[13:05:51.873]: (-0.4, 2.7, 1.4) 21
[13:05:51.895]: (-0.4, 2.7, 1.5) 21
[13:05:51.918]: (-0.4, 2.7, 1.5) 21
[13:05:51.939]: (-0.4, 2.7, 1.5) 21
[13:05:51.961]: (-0.4, 2.7, 1.5) 21
[13:05:51.984]: (-0.4, 2.7, 1.5) 21
[13:05:52.008]: (-0.4, 2.7, 1.5) 21
[13:05:52.030]: (-0.4, 2.7, 1.5) 21
[13:05:52.343]: (-0.3, 2.7, 1.5) 19
[13:05:52.366]: (-0.3, 2.7, 1.5) 19
[13:05:52.388]: (-0.3, 2.7, 1.5) 19
[13:05:52.410]: (-0.3, 2.7, 1.5) 19
[13:05:52.432]: (-0.3, 2.7, 1.4) 19
[13:05:52.455]: (-0.3, 2.7, 1.4) 19
[13:05:52.472]: (-0.3, 2.7, 1.4) 19
[13:05:52.494]: (-0.3, 2.7, 1.5) 19
[13:05:52.631]: (-0.2, 2.6, 1.3) 27
[13:05:52.653]: (-0.2, 2.7, 1.4) 19
[13:05:52.676]: (-0.3, 2.7, 1.3) 21
[13:05:52.697]: (-0.3, 2.7, 1.3) 21
[13:05:52.718]: (-0.3, 2.7, 1.3) 21
[13:05:52.741]: (-0.3, 2.8, 1.3) 21
[13:05:52.802]: (-0.3, 2.8, 1.3) 21
[13:05:52.824]: (-0.3, 2.8, 1.3) 21
[13:05:52.846]: (-0.3, 2.8, 1.3) 21
[13:05:52.904]: (-0.3, 2.7, 1.3) 21
[13:05:52.927]: (-0.3, 2.7, 1.2) 21
[13:05:52.947]: (-0.3, 2.7, 1.2) 21
[13:05:52.967]: (-0.3, 2.7, 1.2) 21
[13:05:52.989]: (-0.3, 2.8, 1.2) 21
[13:05:53.010]: (-0.3, 2.8, 1.2) 21
[13:05:53.071]: (-0.3, 2.8, 1.2) 19
[13:05:53.094]: (-0.3, 2.8, 1.2) 19
[13:05:53.114]: (-0.3, 2.8, 1.2) 19
[13:05:53.139]: (-0.3, 2.8, 1.2) 19
[13:05:53.173]: (-0.3, 2.8, 1.2) 19
[13:05:53.205]: (-0.3, 2.8, 1.2) 19
[13:05:53.240]: (-0.3, 2.8, 1.2) 19
[13:05:53.273]: (-0.3, 2.8, 1.2) 19
[13:05:53.606]: (-0.3, 2.8, 1.1) 19
[13:05:53.641]: (-0.3, 2.8, 1.1) 19
[13:05:53.741]: (-0.3, 2.9, 1.2) 17
[13:05:53.772]: (-0.3, 3.1, 1.2) 18
[13:05:53.807]: (-0.3, 3.1, 1.3) 18
[13:05:53.894]: (-0.3, 3.0, 1.2) 17
[13:05:53.917]: (-0.3, 3.0, 1.2) 18
[13:05:53.939]: (-0.4, 3.1, 1.2) 18
[13:05:54.005]: (-0.4, 3.1, 1.2) 20
[13:05:54.028]: (-0.4, 3.1, 1.2) 20
[13:05:54.050]: (-0.5, 3.1, 1.1) 20
[13:05:54.071]: (-0.4, 3.1, 1.1) 20
[13:05:54.117]: (-0.4, 3.0, 1.1) 22
[13:05:54.140]: (-0.4, 3.0, 1.1) 32
[13:05:54.207]: (-0.4, 2.9, 1.0) 31
[13:05:54.227]: (-0.3, 2.9, 1.0) 31
[13:05:54.250]: (-0.3, 2.9, 1.0) 31
[13:05:54.274]: (-0.3, 2.9, 1.0) 31
[13:05:54.541]: (0.0, 2.9, 0.7) 16
[13:05:54.562]: (0.0, 2.9, 0.7) 16
[13:05:54.586]: (0.0, 3.1, 0.8) 17
[13:05:54.609]: (0.0, 3.1, 0.8) 17
[13:05:54.630]: (0.0, 3.1, 0.8) 17
[13:05:54.653]: (0.0, 3.1, 0.8) 17
[13:05:54.676]: (0.0, 3.2, 0.9) 18
[13:05:54.698]: (0.0, 3.1, 0.8) 17
[13:05:54.718]: (0.0, 3.1, 0.8) 17
[13:05:54.743]: (0.0, 3.1, 0.8) 17
[13:05:54.764]: (-0.1, 3.1, 0.8) 17
[13:05:54.787]: (-0.1, 3.0, 0.8) 17
[13:05:54.809]: (-0.1, 3.0, 0.8) 17
[13:05:54.830]: (-0.1, 3.0, 0.8) 17
[13:05:54.852]: (-0.1, 3.0, 0.8) 17
[13:05:54.875]: (-0.1, 3.0, 0.8) 17
[13:05:54.897]: (-0.1, 3.0, 0.8) 17
[13:05:54.918]: (-0.2, 2.9, 0.8) 19
[13:05:54.986]: (-0.2, 3.0, 0.9) 21
[13:05:55.008]: (-0.2, 2.9, 0.8) 21
[13:05:55.029]: (-0.2, 2.9, 0.8) 21
[13:05:55.053]: (-0.3, 2.9, 0.8) 21
[13:05:55.074]: (-0.3, 2.9, 0.8) 21
[13:05:55.095]: (-0.2, 2.9, 0.8) 21
[13:05:55.111]: (-0.3, 2.9, 0.8) 21
[13:05:55.128]: (-0.2, 2.9, 0.8) 21
[13:05:55.146]: (-0.3, 2.9, 0.8) 21
[13:05:55.163]: (-0.2, 2.9, 0.8) 21
[13:05:55.181]: (-0.2, 3.0, 0.8) 21
[13:05:55.260]: (-0.2, 3.0, 0.8) 21
[13:05:55.277]: (-0.2, 2.9, 0.8) 21
[13:05:55.295]: (-0.2, 2.9, 0.9) 21
[13:05:55.327]: (-0.2, 2.9, 0.9) 21
[13:05:55.434]: (-0.2, 3.0, 0.9) 21
[13:05:55.499]: (-0.2, 3.0, 0.8) 21
[13:05:55.623]: (-0.4, 3.0, 0.9) 22
[13:05:55.645]: (-0.4, 3.0, 0.9) 22
[13:05:55.668]: (-0.4, 3.0, 0.9) 22
[13:05:55.691]: (-0.4, 3.0, 0.9) 22
[13:05:55.736]: (-0.4, 3.0, 1.0) 20
[13:05:55.758]: (-0.4, 3.0, 1.0) 20
[13:05:55.802]: (-0.5, 3.0, 1.0) 20
[13:05:55.847]: (-0.5, 2.9, 0.9) 22
[13:05:55.871]: (-0.5, 2.9, 0.9) 22
[13:05:55.892]: (-0.5, 2.8, 0.9) 22
[13:05:55.918]: (-0.5, 2.8, 0.9) 22
[13:05:55.943]: (-0.5, 2.8, 0.9) 22
[13:05:55.968]: (-0.5, 2.8, 0.9) 22
[13:05:55.990]: (-0.5, 2.8, 0.9) 22
[13:05:56.014]: (-0.5, 2.8, 0.9) 22
[13:05:56.038]: (-0.5, 2.8, 1.0) 22
[13:05:56.061]: (-0.5, 2.8, 1.0) 22
[13:05:56.081]: (-0.5, 2.8, 1.0) 22
[13:05:56.102]: (-0.5, 2.8, 1.0) 22
[13:05:56.120]: (-0.5, 2.8, 1.0) 22
[13:05:56.149]: (-0.5, 2.8, 1.0) 22
[13:05:56.183]: (-0.5, 2.8, 1.0) 22
[13:05:56.216]: (-0.5, 2.8, 1.0) 22
[13:05:56.282]: (-0.3, 2.8, 1.0) 17
[13:05:56.316]: (-0.3, 2.8, 1.0) 17
[13:05:56.349]: (-0.3, 2.8, 1.0) 17
[13:05:56.384]: (-0.3, 2.8, 1.0) 17
[13:05:56.449]: (-0.3, 2.8, 1.0) 17
[13:05:56.616]: (-0.3, 2.7, 1.0) 19
[13:05:56.649]: (-0.3, 2.7, 0.9) 19
[13:05:56.683]: (-0.3, 2.7, 0.9) 19
[13:05:56.717]: (-0.3, 2.8, 1.0) 17
[13:05:56.781]: (-0.3, 2.7, 0.9) 19
[13:05:56.805]: (-0.3, 2.7, 0.9) 19
[13:05:56.826]: (-0.3, 2.6, 0.9) 19
[13:05:56.849]: (-0.3, 2.7, 0.9) 19
[13:05:56.871]: (-0.3, 2.6, 0.9) 19
[13:05:56.893]: (-0.3, 2.6, 1.0) 19
[13:05:56.918]: (-0.3, 2.6, 1.0) 19
[13:05:56.938]: (-0.3, 2.6, 0.9) 19
[13:05:56.960]: (-0.3, 2.7, 0.9) 19
[13:05:56.982]: (-0.3, 2.6, 0.9) 16
[13:05:57.005]: (-0.2, 2.6, 0.9) 16
[13:05:57.093]: (-0.3, 2.6, 1.0) 19
[13:05:57.137]: (-0.3, 2.6, 1.0) 19
[13:05:57.337]: (-0.3, 2.7, 1.0) 19
[13:05:57.359]: (-0.3, 2.6, 1.0) 19
[13:05:57.381]: (-0.3, 2.7, 1.0) 19
[13:05:57.405]: (-0.3, 2.6, 1.0) 19
[13:05:57.427]: (-0.3, 2.6, 1.0) 19
[13:05:57.448]: (-0.3, 2.6, 1.0) 19
[13:05:57.471]: (-0.3, 2.6, 1.0) 19
[13:05:57.492]: (-0.3, 2.6, 1.0) 19
[13:05:57.538]: (-0.3, 2.6, 1.0) 19
[13:05:57.560]: (-0.3, 2.6, 1.0) 19
[13:05:57.697]: (-0.5, 2.5, 1.0) 31
[13:05:57.742]: (-0.8, 2.1, 1.0) 14
[13:05:57.764]: (-0.8, 2.2, 1.0) 14
[13:05:57.786]: (-0.8, 2.2, 1.0) 14
[13:05:57.808]: (-0.8, 2.2, 1.0) 14
[13:05:57.830]: (-0.9, 2.2, 1.0) 14
[13:05:57.852]: (-0.8, 2.2, 1.0) 14
[13:05:57.875]: (-0.8, 2.2, 1.0) 14
[13:05:57.902]: (-0.8, 2.2, 1.0) 14
[13:05:57.921]: (-0.8, 2.2, 1.0) 14
[13:05:57.941]: (-0.8, 2.2, 1.0) 14
[13:05:57.963]: (-0.8, 2.2, 1.0) 14
[13:05:58.029]: (-0.3, 2.6, 1.0) 19
[13:05:58.052]: (-0.3, 2.6, 1.0) 19
