[12:48:59.260]: (-1.4, -0.7, -0.1) 4
[12:48:59.309]: (-1.6, -0.7, -0.2) 3
[12:48:59.371]: (-1.6, -0.7, -0.2) 3
[12:48:59.501]: (-1.6, -0.6, -0.2) 1
[12:48:59.522]: (-1.6, -0.6, -0.2) 1
[12:48:59.545]: (-1.6, -0.6, -0.2) 1
[12:48:59.567]: (-1.6, -0.6, -0.2) 1
[12:48:59.590]: (-1.6, -0.6, -0.1) 1
[12:49:02.466]: (0.0, -1.6, 1.2) 1
[12:49:02.503]: (0.1, -1.6, 1.3) 1
[12:49:02.578]: (0.1, -1.7, 1.2) 0
[12:49:03.909]: (0.0, -0.8, 2.1) 1
[12:49:03.933]: (0.0, -0.7, 2.2) 1
[12:49:03.976]: (0.0, -0.6, 2.3) 1
[12:49:03.998]: (0.0, -0.6, 2.3) 1
[12:49:04.176]: (0.0, 0.0, 3.3) 9
[12:49:04.199]: (-0.1, 0.1, 3.3) 9
[12:49:04.242]: (0.0, 0.3, 3.4) 9
[12:49:06.286]: (-0.6, 2.4, 2.3) 4
[12:49:06.642]: (-0.6, 2.4, 2.3) 4
[12:49:06.665]: (-0.5, 2.5, 2.4) 3
[12:49:06.709]: (-0.5, 2.5, 2.3) 4
[12:49:06.731]: (-0.5, 2.5, 2.3) 4
[12:49:06.753]: (-0.5, 2.5, 2.3) 4
[12:49:06.776]: (-0.5, 2.4, 2.3) 4
[12:49:06.798]: (-0.5, 2.4, 2.3) 4
[12:49:06.820]: (-0.5, 2.5, 2.3) 4
[12:49:06.842]: (-0.5, 2.5, 2.3) 4
[12:49:06.864]: (-0.5, 2.5, 2.3) 4
[12:49:08.144]: (-0.4, 2.6, 2.2) 1
[12:49:08.163]: (-0.4, 2.6, 2.3) 1
[12:49:08.214]: (-0.4, 2.6, 2.2) 1
[12:49:08.231]: (-0.5, 2.6, 2.3) 1
[12:49:08.249]: (-0.4, 2.5, 2.3) 1
[12:49:08.266]: (-0.5, 2.6, 2.4) 3
[12:49:08.508]: (-0.6, 2.4, 2.3) 4
[12:49:08.553]: (-0.5, 2.4, 2.3) 4
[12:49:08.575]: (-0.6, 2.5, 2.4) 3
[12:49:08.598]: (-0.6, 2.5, 2.3) 3
[12:49:08.642]: (-0.5, 2.6, 2.4) 3
[12:49:08.663]: (-0.5, 2.5, 2.4) 0
[12:49:08.686]: (-0.4, 2.6, 2.3) 1
[12:49:08.708]: (-0.4, 2.6, 2.3) 1
[12:49:08.730]: (-0.4, 2.5, 2.3) 1
[12:49:08.747]: (-0.4, 2.5, 2.3) 1
[12:49:08.763]: (-0.4, 2.5, 2.3) 1
[12:49:08.778]: (-0.4, 2.5, 2.3) 1
[12:49:08.795]: (-0.4, 2.5, 2.3) 1
[12:49:08.813]: (-0.4, 2.5, 2.3) 1
[12:49:08.830]: (-0.4, 2.5, 2.3) 1
[12:49:08.845]: (-0.5, 2.4, 2.3) 4
[12:49:09.087]: (-0.6, 2.5, 2.4) 3
[12:49:09.103]: (-0.5, 2.6, 2.2) 1
[12:49:09.121]: (-0.4, 2.5, 2.3) 1
[12:49:09.164]: (-0.4, 2.5, 2.3) 1
[12:49:09.186]: (-0.4, 2.5, 2.3) 1
[12:49:09.208]: (-0.4, 2.5, 2.3) 1
[12:49:09.230]: (-0.4, 2.5, 2.3) 1
[12:49:09.252]: (-0.4, 2.5, 2.3) 1
[12:49:09.275]: (-0.4, 2.5, 2.3) 1
[12:49:09.297]: (-0.4, 2.5, 2.3) 1
[12:49:09.318]: (-0.4, 2.5, 2.3) 1
[12:49:09.341]: (-0.4, 2.5, 2.3) 1
[12:49:09.364]: (-0.4, 2.5, 2.3) 1
[12:49:09.387]: (-0.4, 2.5, 2.3) 1
[12:49:09.408]: (-0.5, 2.5, 2.3) 1
[12:49:09.431]: (-0.5, 2.5, 2.3) 1
[12:49:09.452]: (-0.5, 2.5, 2.3) 1
[12:49:09.474]: (-0.5, 2.5, 2.3) 1
[12:49:09.497]: (-0.5, 2.5, 2.3) 1
[12:49:09.518]: (-0.5, 2.5, 2.3) 1
[12:49:09.541]: (-0.5, 2.5, 2.3) 1
[12:49:09.564]: (-0.5, 2.5, 2.3) 1
[12:49:09.586]: (-0.4, 2.5, 2.3) 1
[12:49:09.608]: (-0.4, 2.5, 2.3) 1
[12:49:09.624]: (-0.5, 2.5, 2.3) 1
[12:49:09.640]: (-0.4, 2.5, 2.3) 1
[12:49:09.658]: (-0.4, 2.5, 2.3) 1
[12:49:09.675]: (-0.4, 2.5, 2.3) 1
[12:49:09.692]: (-0.4, 2.5, 2.3) 1
[12:49:09.710]: (-0.4, 2.5, 2.3) 1
[12:49:09.725]: (-0.4, 2.5, 2.3) 1
[12:49:09.742]: (-0.4, 2.5, 2.3) 1
[12:49:09.758]: (-0.4, 2.5, 2.3) 1
[12:49:09.894]: (-0.4, 2.6, 2.2) 1
[12:49:10.075]: (-0.5, 2.6, 2.3) 1
[12:49:10.096]: (-0.5, 2.6, 2.3) 1
[12:49:10.119]: (-0.5, 2.6, 2.3) 1
[12:49:10.141]: (-0.5, 2.6, 2.3) 1
[12:49:10.163]: (-0.5, 2.6, 2.3) 1
[12:49:10.186]: (-0.5, 2.6, 2.2) 1
[12:49:10.208]: (-0.5, 2.6, 2.2) 1
[12:49:10.230]: (-0.4, 2.6, 2.2) 1
[12:49:10.252]: (-0.4, 2.6, 2.2) 1
[12:49:10.274]: (-0.4, 2.6, 2.2) 1
[12:49:10.297]: (-0.4, 2.6, 2.2) 1
[12:49:10.318]: (-0.4, 2.6, 2.3) 1
[12:49:10.341]: (-0.4, 2.6, 2.2) 1
[12:49:10.363]: (-0.4, 2.6, 2.2) 1
[12:49:10.452]: (-0.4, 2.6, 2.3) 1
[12:49:10.469]: (-0.4, 2.6, 2.3) 1
[12:49:10.486]: (-0.4, 2.6, 2.3) 1
[12:49:10.503]: (-0.4, 2.6, 2.3) 1
[12:49:10.520]: (-0.4, 2.6, 2.3) 1
[12:49:10.536]: (-0.4, 2.6, 2.2) 1
[12:49:10.553]: (-0.4, 2.6, 2.2) 1
[12:49:10.570]: (-0.4, 2.6, 2.2) 1
[12:49:10.587]: (-0.4, 2.6, 2.3) 1
[12:49:10.604]: (-0.4, 2.6, 2.3) 1
[12:49:10.621]: (-0.4, 2.6, 2.2) 1
[12:49:10.638]: (-0.4, 2.5, 2.3) 1
[12:49:10.656]: (-0.4, 2.5, 2.3) 1
[12:49:10.673]: (-0.4, 2.6, 2.3) 1
[12:49:10.721]: (-0.4, 2.5, 2.3) 1
[12:49:10.738]: (-0.4, 2.5, 2.3) 1
[12:49:10.756]: (-0.4, 2.5, 2.2) 1
[12:49:10.772]: (-0.4, 2.6, 2.2) 1
[12:49:10.789]: (-0.4, 2.6, 2.2) 1
[12:49:10.805]: (-0.4, 2.6, 2.3) 1
[12:49:11.973]: (-0.4, 2.6, 2.2) 1
[12:49:11.996]: (-0.4, 2.6, 2.2) 1
[12:49:12.018]: (-0.4, 2.6, 2.2) 1
[12:49:12.041]: (-0.4, 2.6, 2.2) 1
[12:49:12.063]: (-0.4, 2.6, 2.2) 1
[12:49:12.085]: (-0.4, 2.6, 2.3) 1
[12:49:12.107]: (-0.4, 2.6, 2.3) 1
[12:49:12.313]: (-0.4, 2.6, 2.3) 1
[12:49:12.331]: (-0.5, 2.4, 2.3) 4
[12:49:12.829]: (-0.6, 2.4, 2.3) 4
[12:49:12.850]: (-0.5, 2.4, 2.3) 4
[12:49:12.895]: (-0.5, 2.4, 2.3) 4
[12:49:13.334]: (-0.5, 2.5, 2.5) 2
[12:49:13.696]: (-0.4, 2.6, 2.2) 1
[12:49:14.827]: (-0.3, 2.7, 2.1) 1
[12:49:14.849]: (-0.3, 2.8, 2.1) 1
[12:49:14.874]: (-0.3, 2.7, 2.1) 1
[12:49:14.894]: (-0.3, 2.7, 2.1) 1
[12:49:14.917]: (-0.3, 2.7, 2.1) 1
[12:49:15.799]: (-0.4, 2.7, 2.0) 4
[12:49:16.160]: (-0.5, 2.7, 2.0) 4
[12:49:16.183]: (-0.5, 2.7, 2.0) 4
[12:49:16.206]: (-0.5, 2.7, 2.0) 4
[12:49:16.250]: (-0.5, 2.7, 2.0) 4
[12:49:16.294]: (-0.5, 2.7, 2.0) 4
[12:49:16.316]: (-0.5, 2.7, 2.0) 4
[12:49:16.339]: (-0.5, 2.7, 2.0) 4
[12:49:16.361]: (-0.5, 2.7, 2.0) 4
[12:49:16.383]: (-0.5, 2.7, 2.0) 4
[12:49:16.405]: (-0.5, 2.7, 2.0) 4
[12:49:16.427]: (-0.5, 2.7, 2.0) 4
[12:49:16.449]: (-0.5, 2.7, 2.0) 4
[12:49:16.471]: (-0.5, 2.7, 2.0) 4
[12:49:16.493]: (-0.5, 2.7, 2.0) 4
[12:49:17.160]: (-0.4, 2.7, 2.0) 4
[12:49:17.183]: (-0.4, 2.7, 2.1) 0
[12:49:17.205]: (-0.4, 2.7, 2.1) 0
[12:49:17.227]: (-0.4, 2.8, 2.1) 0
[12:49:17.249]: (-0.4, 2.8, 2.1) 0
[12:49:17.271]: (-0.4, 2.7, 2.0) 4
[12:49:17.293]: (-0.4, 2.7, 2.0) 4
[12:49:17.315]: (-0.4, 2.7, 2.0) 4
[12:49:17.338]: (-0.4, 2.7, 2.0) 4
[12:49:17.362]: (-0.4, 2.7, 2.0) 4
[12:49:17.382]: (-0.4, 2.7, 2.0) 4
[12:49:17.398]: (-0.4, 2.7, 2.0) 4
[12:49:18.402]: (-0.5, 2.7, 2.0) 4
[12:49:18.417]: (-0.5, 2.7, 2.0) 4
[12:49:18.434]: (-0.5, 2.7, 2.0) 4
[12:49:18.449]: (-0.5, 2.7, 2.0) 4
[12:49:18.466]: (-0.5, 2.7, 2.0) 4
[12:49:18.482]: (-0.5, 2.7, 2.0) 4
[12:49:18.497]: (-0.5, 2.7, 2.0) 4
[12:49:18.513]: (-0.5, 2.7, 2.0) 4
[12:49:18.529]: (-0.5, 2.7, 2.0) 4
[12:49:18.546]: (-0.5, 2.7, 2.0) 4
[12:49:18.563]: (-0.5, 2.7, 2.0) 4
[12:49:18.579]: (-0.5, 2.7, 2.0) 4
[12:49:18.594]: (-0.5, 2.7, 2.0) 4
[12:49:18.611]: (-0.5, 2.7, 2.0) 4
[12:49:18.629]: (-0.5, 2.7, 2.0) 4
[12:49:18.646]: (-0.5, 2.7, 2.0) 4
[12:49:18.663]: (-0.5, 2.7, 2.0) 4
[12:49:18.681]: (-0.5, 2.7, 2.0) 4
[12:49:19.692]: (-0.5, 2.7, 2.1) 4
[12:49:19.951]: (-0.5, 2.7, 2.0) 4
[12:49:19.967]: (-0.4, 2.8, 2.1) 0
[12:49:20.218]: (-0.3, 2.8, 2.0) 1
[12:49:20.233]: (-0.4, 2.8, 2.0) 4
[12:49:20.249]: (-0.5, 2.7, 2.0) 4
[12:49:20.266]: (-0.5, 2.7, 2.0) 4
[12:49:20.281]: (-0.5, 2.7, 2.0) 4
[12:49:20.297]: (-0.5, 2.7, 2.0) 4
[12:49:20.314]: (-0.5, 2.7, 2.0) 4
[12:49:20.337]: (-0.5, 2.7, 2.0) 4
[12:49:20.359]: (-0.5, 2.7, 2.0) 4
[12:49:20.381]: (-0.5, 2.7, 2.0) 4
[12:49:20.403]: (-0.5, 2.7, 2.0) 4
[12:49:20.425]: (-0.5, 2.7, 2.0) 4
[12:49:20.448]: (-0.5, 2.7, 2.0) 4
[12:49:20.469]: (-0.5, 2.7, 2.0) 4
[12:49:20.491]: (-0.5, 2.7, 2.0) 4
[12:49:20.515]: (-0.5, 2.7, 2.0) 4
[12:49:20.536]: (-0.5, 2.7, 2.0) 4
[12:49:20.558]: (-0.5, 2.7, 2.0) 4
[12:49:20.580]: (-0.5, 2.7, 2.0) 4
[12:49:20.603]: (-0.5, 2.7, 2.0) 4
[12:49:20.625]: (-0.5, 2.7, 2.0) 4
[12:49:20.647]: (-0.5, 2.7, 2.0) 4
[12:49:21.136]: (-0.5, 2.7, 2.0) 4
[12:49:21.336]: (-0.5, 2.7, 2.0) 4
[12:49:21.381]: (-0.4, 2.7, 2.2) 2
[12:49:21.536]: (0.0, 3.2, 2.5) 9
[12:49:21.609]: (0.0, 3.2, 2.6) 9
[12:49:21.743]: (0.0, 3.3, 2.6) 9
[12:49:21.760]: (-0.1, 3.3, 2.5) 9
[12:49:21.777]: (0.0, 3.2, 2.5) 7
[12:49:21.893]: (0.0, 3.2, 2.4) 7
[12:49:21.923]: (-0.1, 3.2, 2.4) 7
[12:49:21.941]: (-0.1, 3.3, 2.4) 7
[12:49:21.957]: (-0.1, 3.3, 2.5) 9
[12:49:21.974]: (-0.1, 3.2, 2.5) 9
[12:49:22.004]: (0.0, 3.2, 2.4) 7
[12:49:22.024]: (0.0, 3.3, 2.4) 7
[12:49:22.047]: (0.1, 3.4, 2.6) 10
[12:49:22.068]: (0.0, 3.5, 2.6) 10
[12:49:22.092]: (0.0, 3.3, 2.4) 7
[12:49:22.113]: (0.0, 3.3, 2.4) 7
[12:49:22.136]: (0.0, 3.3, 2.4) 7
[12:49:22.159]: (0.0, 3.3, 2.4) 7
[12:49:22.181]: (0.0, 3.3, 2.4) 7
[12:49:22.202]: (0.0, 3.3, 2.4) 7
[12:49:22.224]: (0.0, 3.2, 2.4) 7
[12:49:22.247]: (0.0, 3.2, 2.4) 7
[12:49:22.269]: (0.0, 3.2, 2.5) 7
[12:49:22.292]: (0.0, 3.3, 2.5) 9
[12:49:22.313]: (0.0, 3.2, 2.5) 7
[12:49:22.335]: (0.0, 3.2, 2.5) 7
[12:49:22.358]: (0.0, 3.3, 2.5) 9
[12:49:22.959]: (-0.3, 2.8, 2.0) 1
[12:49:22.979]: (-0.3, 2.8, 2.0) 1
[12:49:23.002]: (-0.3, 2.8, 2.0) 1
[12:49:23.046]: (-0.3, 2.8, 2.1) 1
[12:49:23.068]: (-0.4, 2.8, 2.0) 1
[12:49:23.090]: (-0.3, 2.8, 2.0) 1
[12:49:23.135]: (-0.3, 2.8, 2.0) 1
[12:49:23.157]: (-0.3, 2.8, 2.0) 1
[12:49:23.246]: (-0.3, 2.8, 2.0) 1
[12:49:27.653]: (-0.4, 2.7, 2.2) 2
[12:49:27.967]: (-0.1, 3.3, 2.4) 7
[12:49:27.988]: (-0.1, 3.3, 2.5) 9
[12:49:29.348]: (-0.1, 3.3, 2.5) 9
[12:49:29.365]: (-0.1, 3.3, 2.5) 9
[12:49:29.380]: (-0.1, 3.3, 2.5) 9
[12:49:30.535]: (-0.1, 3.3, 2.5) 9
[12:49:30.555]: (-0.1, 3.3, 2.5) 9
[12:49:30.583]: (-0.1, 3.3, 2.5) 9
[12:49:30.599]: (-0.1, 3.3, 2.5) 9
[12:49:30.622]: (0.0, 3.2, 2.6) 9
[12:49:33.243]: (-0.4, 2.7, 2.2) 2
[12:49:33.264]: (-0.5, 2.7, 2.2) 2
[12:49:33.353]: (-0.3, 2.8, 2.0) 1
[12:49:33.376]: (-0.3, 2.8, 2.0) 1
[12:49:33.398]: (-0.3, 2.8, 2.0) 1
[12:49:33.509]: (-0.4, 2.7, 2.0) 4
[12:49:35.558]: (-0.3, 2.8, 2.0) 1
[12:49:35.620]: (-0.3, 2.8, 2.0) 1
[12:49:35.642]: (-0.3, 2.8, 2.0) 1
[12:49:35.664]: (-0.3, 2.8, 2.0) 1
[12:49:35.686]: (-0.3, 2.8, 2.0) 1
[12:49:35.709]: (-0.3, 2.8, 2.0) 1
[12:49:35.731]: (-0.3, 2.8, 2.0) 1
[12:49:35.752]: (-0.3, 2.8, 2.0) 1
[12:49:35.776]: (-0.3, 2.8, 2.0) 1
[12:49:35.819]: (-0.3, 2.8, 2.0) 1
[12:49:35.842]: (-0.3, 2.8, 2.0) 1
[12:49:35.865]: (-0.3, 2.8, 2.0) 1
[12:49:35.886]: (-0.3, 2.8, 2.0) 1
[12:49:35.908]: (-0.3, 2.8, 2.0) 1
[12:49:35.931]: (-0.3, 2.8, 2.0) 1
[12:49:35.952]: (-0.5, 2.7, 2.0) 4
[12:49:35.975]: (-0.5, 2.7, 2.0) 4
[12:49:35.997]: (-0.5, 2.7, 2.1) 0
[12:49:36.019]: (-0.5, 2.7, 2.1) 0
[12:49:36.036]: (-0.4, 2.7, 2.0) 4
[12:49:36.053]: (-0.4, 2.7, 2.1) 0
[12:49:36.070]: (-0.4, 2.7, 2.1) 0
[12:49:36.088]: (-0.4, 2.7, 2.1) 0
[12:49:36.104]: (-0.5, 2.8, 2.2) 2
[12:49:36.121]: (-0.5, 2.7, 2.2) 2
[12:49:36.139]: (-0.5, 2.7, 2.2) 2
[12:49:36.154]: (-0.4, 2.7, 2.2) 2
[12:49:36.170]: (-0.4, 2.7, 2.2) 2
[12:49:36.187]: (-0.4, 2.7, 2.2) 2
[12:49:36.203]: (-0.4, 2.7, 2.2) 2
[12:49:36.220]: (-0.4, 2.7, 2.2) 2
[12:49:36.235]: (-0.4, 2.7, 2.2) 2
[12:49:36.252]: (-0.4, 2.7, 2.2) 2
[12:49:36.268]: (-0.4, 2.7, 2.2) 2
[12:49:36.284]: (-0.4, 2.7, 2.2) 2
[12:49:36.299]: (-0.4, 2.7, 2.2) 2
[12:49:36.315]: (-0.4, 2.7, 2.2) 2
[12:49:37.619]: (-0.1, 3.3, 2.5) 9
[12:49:37.641]: (-0.1, 3.3, 2.5) 9
