[12:39:18.053]: (-2.0, -2.3, 0.4) 12
[12:39:19.211]: (1.3, -0.5, 3.1) 9
[12:39:19.557]: (0.0, 0.8, 1.5) 2
[12:39:20.371]: (-0.4, 1.4, 2.5) 4
[12:39:20.388]: (-0.4, 1.4, 2.5) 4
[12:39:20.403]: (-0.4, 1.4, 2.5) 4
[12:39:20.420]: (-0.4, 1.3, 2.4) 3
[12:39:20.437]: (-0.4, 1.4, 2.4) 3
[12:39:20.454]: (-0.4, 1.3, 2.4) 3
[12:39:20.471]: (-0.4, 1.3, 2.4) 3
[12:39:20.488]: (-0.4, 1.3, 2.4) 3
[12:39:20.505]: (-0.4, 1.4, 2.5) 4
[12:39:20.522]: (-0.4, 1.4, 2.4) 3
[12:39:20.538]: (-0.4, 1.4, 2.4) 3
[12:39:20.555]: (-0.4, 1.4, 2.4) 3
[12:39:20.572]: (-0.4, 1.4, 2.5) 4
[12:39:20.590]: (-0.5, 1.3, 3.4) 13
[12:39:20.608]: (-0.5, 1.3, 3.4) 13
[12:39:21.546]: (0.2, 2.7, 2.0) 4
[12:39:21.567]: (0.2, 2.7, 2.0) 4
[12:39:21.589]: (0.2, 2.7, 2.0) 4
[12:39:24.163]: (0.1, 3.0, 1.4) 3
[12:39:24.185]: (0.1, 3.0, 1.4) 3
[12:39:24.205]: (0.1, 3.0, 1.4) 3
[12:39:24.224]: (0.1, 3.0, 1.4) 3
[12:39:24.247]: (0.1, 3.0, 1.4) 3
[12:39:24.267]: (0.1, 3.0, 1.4) 3
[12:39:24.288]: (0.0, 3.0, 1.4) 3
[12:39:24.309]: (0.0, 3.0, 1.6) 4
[12:39:24.582]: (-0.1, 3.2, 1.3) 4
[12:39:24.602]: (-0.2, 3.2, 1.3) 4
[12:39:24.623]: (-0.2, 3.2, 1.3) 4
[12:39:24.645]: (-0.2, 3.2, 1.3) 4
[12:39:24.665]: (-0.2, 3.2, 1.3) 4
[12:39:24.687]: (-0.2, 3.2, 1.4) 4
[12:39:24.707]: (-0.2, 3.2, 1.4) 4
[12:39:24.729]: (-0.1, 3.2, 1.4) 4
[12:39:26.401]: (-1.2, 2.9, 1.7) 6
[12:39:26.424]: (-1.2, 2.9, 1.7) 6
[12:39:26.446]: (-1.1, 2.9, 1.7) 6
[12:39:26.467]: (-1.1, 3.0, 1.7) 6
[12:39:27.230]: (-1.1, 2.9, 1.7) 6
[12:39:27.274]: (-1.1, 2.9, 1.7) 6
[12:39:27.318]: (-1.1, 2.9, 1.8) 6
[12:39:27.385]: (-1.2, 2.9, 1.7) 6
[12:39:27.734]: (0.2, 2.3, 0.7) 1
[12:39:28.307]: (0.2, 2.3, 0.8) 1
[12:39:28.351]: (0.5, 2.4, 0.7) 0
[12:39:28.597]: (0.2, 2.3, 0.7) 1
[12:39:28.613]: (0.2, 2.3, 0.7) 1
[12:39:28.630]: (0.2, 2.3, 0.7) 1
[12:39:28.648]: (0.2, 2.3, 0.7) 1
[12:39:28.664]: (0.2, 2.3, 0.7) 1
[12:39:28.682]: (0.2, 2.3, 0.7) 1
[12:39:28.699]: (0.2, 2.3, 0.7) 1
[12:39:28.716]: (0.2, 2.3, 0.7) 1
[12:39:28.733]: (0.2, 2.3, 0.7) 1
[12:39:30.602]: (-1.0, 3.5, 2.0) 9
[12:39:30.619]: (-1.0, 3.5, 2.0) 9
[12:39:30.635]: (-1.0, 3.5, 2.0) 9
[12:39:30.654]: (-1.0, 3.5, 2.0) 9
[12:39:30.670]: (-1.0, 3.5, 2.0) 9
[12:39:30.687]: (-0.9, 3.5, 2.0) 9
[12:39:30.703]: (-1.0, 3.5, 2.1) 9
[12:39:30.995]: (-1.0, 3.5, 2.0) 9
[12:39:31.017]: (-0.9, 3.5, 2.0) 9
[12:39:31.040]: (-1.0, 3.5, 2.0) 9
[12:39:31.105]: (-1.0, 3.5, 2.0) 9
[12:39:31.128]: (-1.0, 3.5, 2.0) 9
[12:39:32.167]: (-0.9, 3.5, 2.1) 9
[12:39:32.894]: (-1.0, 3.5, 2.0) 9
[12:39:32.916]: (-1.0, 3.5, 2.0) 9
[12:39:32.939]: (-1.0, 3.5, 2.0) 9
[12:39:32.960]: (-1.0, 3.5, 2.0) 9
[12:39:32.977]: (-1.0, 3.5, 2.0) 9
[12:39:33.159]: (-1.0, 3.5, 2.0) 9
[12:39:33.176]: (-1.0, 3.5, 2.0) 9
[12:39:33.223]: (-1.0, 3.5, 2.0) 9
[12:39:33.527]: (-1.0, 3.5, 2.0) 9
[12:39:33.571]: (-1.1, 3.6, 2.0) 9
[12:39:33.616]: (-1.0, 3.5, 2.0) 9
[12:39:33.660]: (-1.0, 3.5, 2.0) 9
[12:39:33.683]: (-1.0, 3.5, 2.0) 9
[12:39:33.705]: (-1.0, 3.5, 2.0) 9
[12:39:35.713]: (-1.1, 3.5, 1.9) 9
[12:39:35.743]: (-1.0, 3.6, 1.9) 9
[12:39:35.774]: (-1.0, 3.6, 1.9) 9
[12:39:35.790]: (-1.0, 3.6, 1.9) 9
[12:39:35.807]: (-1.0, 3.6, 1.9) 9
[12:39:35.824]: (-1.0, 3.5, 2.0) 9
[12:39:35.870]: (-1.0, 3.6, 1.9) 9
[12:39:35.948]: (-1.0, 3.6, 2.0) 9
[12:39:36.015]: (-1.0, 3.6, 2.0) 9
[12:39:36.061]: (-1.0, 3.5, 1.9) 9
[12:39:36.081]: (-1.0, 3.5, 2.0) 9
[12:39:36.104]: (-1.0, 3.6, 1.9) 9
[12:39:36.328]: (-1.0, 3.5, 2.0) 9
[12:39:36.350]: (-1.0, 3.5, 1.9) 9
[12:39:36.371]: (-1.0, 3.5, 2.0) 9
[12:39:36.396]: (-1.0, 3.5, 2.0) 9
[12:39:36.417]: (-1.0, 3.5, 2.0) 9
[12:39:36.515]: (-1.0, 3.5, 2.0) 9
[12:39:36.535]: (-1.0, 3.5, 2.0) 9
[12:39:36.555]: (-1.0, 3.5, 2.0) 9
[12:39:36.579]: (-1.0, 3.6, 2.0) 9
[12:39:37.009]: (-1.1, 3.5, 2.0) 9
[12:39:37.030]: (-1.1, 3.4, 2.1) 9
[12:39:37.052]: (-1.1, 3.4, 2.0) 9
[12:39:37.092]: (-0.7, 3.4, 1.9) 8
[12:39:37.117]: (-0.7, 3.3, 1.9) 8
[12:39:37.138]: (-0.6, 3.3, 2.0) 8
[12:39:37.160]: (-0.6, 3.3, 2.0) 8
[12:39:37.181]: (-0.7, 3.3, 2.0) 8
[12:39:37.205]: (-0.6, 3.3, 1.9) 8
[12:39:37.225]: (-0.7, 3.3, 2.0) 8
[12:39:37.248]: (-0.7, 3.3, 2.0) 8
[12:39:37.271]: (-0.7, 3.3, 2.0) 8
[12:39:37.294]: (-0.7, 3.3, 2.0) 8
[12:39:37.316]: (-0.7, 3.3, 2.0) 8
[12:39:37.337]: (-0.7, 3.3, 2.0) 8
[12:39:37.360]: (-0.7, 3.4, 2.2) 7
[12:39:37.381]: (-0.7, 3.4, 2.2) 7
[12:39:37.398]: (-0.7, 3.4, 2.2) 7
[12:39:37.430]: (-0.8, 3.4, 2.2) 7
[12:39:37.448]: (-0.8, 3.4, 2.2) 7
[12:39:37.467]: (-0.8, 3.4, 2.2) 7
[12:39:37.486]: (-0.8, 3.4, 2.2) 7
[12:39:37.502]: (-0.8, 3.4, 2.2) 7
[12:39:37.520]: (-0.8, 3.4, 2.2) 7
[12:39:37.536]: (-0.8, 3.4, 2.2) 7
[12:39:37.903]: (-1.0, 3.3, 2.2) 9
[12:39:37.925]: (-1.0, 3.3, 2.2) 9
[12:39:37.948]: (-1.1, 3.3, 2.2) 9
[12:39:37.970]: (-1.0, 3.3, 2.2) 9
[12:39:37.992]: (-1.0, 3.3, 2.2) 9
[12:39:38.015]: (-1.0, 3.3, 2.2) 9
[12:39:38.036]: (-1.1, 3.4, 2.2) 9
[12:39:38.059]: (-1.0, 3.3, 2.2) 9
[12:39:38.296]: (-1.0, 3.3, 2.2) 9
[12:39:39.036]: (-1.0, 3.3, 2.2) 9
[12:39:39.059]: (-1.0, 3.3, 2.2) 9
[12:39:39.080]: (-1.0, 3.3, 2.2) 9
[12:39:39.097]: (-1.0, 3.3, 2.2) 9
[12:39:39.113]: (-1.0, 3.3, 2.2) 9
[12:39:39.130]: (-1.0, 3.3, 2.2) 9
[12:39:39.146]: (-1.0, 3.3, 2.2) 9
[12:39:39.162]: (-1.0, 3.3, 2.2) 9
[12:39:39.180]: (-1.0, 3.3, 2.2) 9
[12:39:39.196]: (-1.0, 3.3, 2.2) 9
[12:39:39.212]: (-1.0, 3.3, 2.2) 9
[12:39:39.228]: (-1.0, 3.3, 2.2) 9
[12:39:39.244]: (-1.0, 3.3, 2.2) 9
[12:39:39.261]: (-1.0, 3.3, 2.2) 9
[12:39:39.277]: (-1.0, 3.3, 2.2) 9
[12:39:39.295]: (-1.0, 3.3, 2.2) 9
[12:39:39.313]: (-1.0, 3.3, 2.2) 9
[12:39:39.332]: (-1.0, 3.3, 2.2) 9
[12:39:39.353]: (-1.0, 3.3, 2.2) 9
[12:39:39.375]: (-1.0, 3.3, 2.2) 9
[12:39:39.398]: (-1.0, 3.3, 2.2) 9
[12:39:39.419]: (-1.0, 3.3, 2.2) 9
[12:39:39.439]: (-1.0, 3.3, 2.2) 9
[12:39:39.460]: (-1.0, 3.3, 2.2) 9
[12:39:39.482]: (-1.0, 3.3, 2.2) 9
[12:39:39.504]: (-1.0, 3.3, 2.2) 9
[12:39:39.525]: (-1.0, 3.3, 2.2) 9
[12:39:39.547]: (-1.0, 3.3, 2.2) 9
[12:39:39.568]: (-1.0, 3.3, 2.2) 9
[12:39:39.589]: (-1.0, 3.3, 2.2) 9
[12:39:39.610]: (-1.0, 3.3, 2.2) 9
[12:39:39.633]: (-1.0, 3.3, 2.2) 9
[12:39:40.058]: (-1.1, 3.1, 2.3) 9
[12:39:40.091]: (-1.1, 3.1, 2.3) 9
[12:39:40.126]: (-1.1, 3.1, 2.3) 9
[12:39:40.159]: (-1.1, 3.1, 2.3) 9
[12:39:40.193]: (-1.1, 3.1, 2.3) 9
[12:39:40.226]: (-1.1, 3.1, 2.3) 9
[12:39:40.259]: (-1.1, 3.1, 2.3) 9
[12:39:40.292]: (-1.1, 3.1, 2.3) 9
[12:39:40.325]: (-1.1, 3.1, 2.4) 9
[12:39:40.958]: (-1.1, 3.1, 2.3) 9
[12:39:41.002]: (-1.0, 3.1, 2.3) 9
[12:39:41.024]: (-1.0, 3.1, 2.3) 9
[12:39:41.047]: (-1.0, 3.1, 2.3) 9
[12:39:41.069]: (-1.0, 3.1, 2.3) 9
[12:39:41.091]: (-1.0, 3.1, 2.3) 9
[12:39:41.113]: (-1.0, 3.1, 2.3) 9
[12:39:41.135]: (-1.0, 3.1, 2.3) 9
[12:39:41.159]: (-1.0, 3.1, 2.4) 9
[12:39:43.268]: (-1.1, 3.1, 2.3) 9
[12:39:43.291]: (-1.1, 3.1, 2.3) 9
[12:39:43.308]: (-1.1, 3.1, 2.3) 9
[12:39:43.324]: (-1.1, 3.1, 2.3) 9
[12:39:43.340]: (-1.1, 3.1, 2.3) 9
[12:39:43.359]: (-1.1, 3.1, 2.3) 9
[12:39:43.376]: (-1.1, 3.1, 2.3) 9
[12:39:43.393]: (-1.1, 3.1, 2.3) 9
[12:39:43.410]: (-1.1, 3.1, 2.3) 9
[12:39:43.427]: (-1.1, 3.1, 2.3) 9
[12:39:43.443]: (-1.1, 3.1, 2.3) 9
[12:39:43.460]: (-1.1, 3.1, 2.3) 9
[12:39:43.477]: (-1.1, 3.1, 2.3) 9
[12:39:43.495]: (-1.1, 3.1, 2.3) 9
[12:39:43.511]: (-1.1, 3.1, 2.3) 9
[12:39:43.527]: (-1.1, 3.1, 2.3) 9
[12:39:43.544]: (-1.1, 3.1, 2.3) 9
[12:39:43.561]: (-1.0, 3.1, 2.3) 9
[12:39:43.576]: (-1.0, 3.1, 2.3) 9
[12:39:43.667]: (-1.0, 3.1, 2.3) 9
[12:39:43.683]: (-1.0, 3.1, 2.3) 9
[12:39:43.700]: (-1.1, 3.1, 2.3) 9
[12:39:43.717]: (-1.1, 3.1, 2.3) 9
[12:39:43.733]: (-1.1, 3.1, 2.3) 9
[12:39:43.749]: (-1.1, 3.1, 2.3) 9
[12:39:43.766]: (-1.1, 3.1, 2.3) 9
[12:39:43.782]: (-1.1, 3.1, 2.3) 9
[12:39:43.800]: (-1.1, 3.1, 2.3) 9
[12:39:43.824]: (-1.1, 3.1, 2.3) 9
[12:39:43.846]: (-1.1, 3.1, 2.3) 9
[12:39:43.867]: (-1.1, 3.1, 2.3) 9
[12:39:43.890]: (-1.1, 3.1, 2.3) 9
[12:39:43.912]: (-1.1, 3.1, 2.3) 9
[12:39:43.936]: (-1.1, 3.1, 2.3) 9
[12:39:43.956]: (-1.1, 3.1, 2.3) 9
[12:39:43.978]: (-1.1, 3.1, 2.3) 9
[12:39:44.157]: (-1.1, 3.1, 2.4) 9
[12:39:44.201]: (-1.1, 3.1, 2.3) 9
[12:39:44.218]: (-1.1, 3.1, 2.3) 9
[12:39:44.235]: (-1.1, 3.1, 2.4) 9
[12:39:44.254]: (-1.1, 3.1, 2.3) 9
[12:39:44.274]: (-1.1, 3.1, 2.3) 9
[12:39:44.296]: (-1.1, 3.1, 2.3) 9
[12:39:44.318]: (-1.1, 3.1, 2.3) 9
[12:39:44.340]: (-1.1, 3.1, 2.3) 9
[12:39:44.360]: (-1.1, 3.1, 2.3) 9
[12:39:44.379]: (-1.1, 3.1, 2.3) 9
[12:39:44.460]: (-1.1, 3.1, 2.3) 9
[12:39:44.477]: (-1.1, 3.1, 2.3) 9
[12:39:44.494]: (-1.1, 3.1, 2.3) 9
[12:39:44.511]: (-1.1, 3.1, 2.3) 9
[12:39:44.528]: (-1.1, 3.1, 2.3) 9
[12:39:44.544]: (-1.1, 3.1, 2.3) 9
[12:39:44.699]: (-1.2, 3.1, 2.3) 9
[12:39:44.716]: (-1.1, 3.1, 2.3) 9
[12:39:45.022]: (-1.1, 3.1, 2.3) 9
[12:39:45.066]: (-1.1, 3.1, 2.3) 9
[12:39:45.089]: (-1.1, 3.1, 2.3) 9
[12:39:45.134]: (-1.2, 3.1, 2.3) 9
[12:39:45.454]: (-1.1, 3.1, 2.3) 9
[12:39:45.485]: (-1.2, 3.1, 2.3) 9
[12:39:45.502]: (-1.2, 3.1, 2.3) 9
[12:39:45.519]: (-1.1, 3.1, 2.3) 9
[12:39:45.622]: (-1.1, 3.1, 2.3) 9
[12:39:45.645]: (-1.2, 3.1, 2.3) 9
[12:39:45.668]: (-1.2, 3.1, 2.3) 9
[12:39:45.690]: (-1.2, 3.1, 2.3) 9
[12:39:45.711]: (-1.2, 3.1, 2.3) 9
[12:39:45.734]: (-1.2, 3.1, 2.3) 9
[12:39:45.756]: (-1.2, 3.1, 2.3) 9
[12:39:45.777]: (-1.1, 3.1, 2.3) 9
[12:39:45.800]: (-1.1, 3.1, 2.3) 9
[12:39:45.822]: (-1.1, 3.1, 2.3) 9
[12:39:45.845]: (-1.2, 3.1, 2.3) 9
[12:39:45.866]: (-1.2, 3.1, 2.3) 9
[12:39:45.911]: (-1.2, 3.1, 2.3) 9
[12:39:45.933]: (-1.2, 3.1, 2.3) 9
[12:39:45.956]: (-1.2, 3.1, 2.3) 9
[12:39:45.978]: (-1.2, 3.1, 2.3) 9
[12:39:46.000]: (-1.2, 3.1, 2.3) 9
[12:39:46.021]: (-1.2, 3.1, 2.3) 9
[12:39:46.037]: (-1.2, 3.1, 2.3) 9
[12:39:46.054]: (-1.2, 3.1, 2.3) 9
[12:39:46.083]: (-0.7, 3.1, 2.1) 8
[12:39:47.150]: (-1.1, 2.5, 1.7) 5
[12:39:47.167]: (-1.1, 2.5, 1.7) 5
[12:39:47.186]: (-1.1, 2.5, 1.6) 5
[12:39:47.218]: (-1.1, 2.5, 1.6) 5
[12:39:47.237]: (-1.1, 2.5, 1.6) 5
[12:39:47.261]: (-1.1, 2.5, 1.7) 5
