[12:47:32.960]: (-1.5, -0.5, 0.0) 2
[12:47:32.993]: (-1.5, -0.5, 0.0) 2
[12:47:33.025]: (-1.5, -0.5, 0.0) 2
[12:47:33.057]: (-1.5, -0.5, 0.0) 2
[12:47:33.158]: (-1.6, -0.9, 0.1) 9
[12:47:33.192]: (-1.6, -0.9, 0.1) 9
[12:47:33.225]: (-1.6, -0.9, 0.1) 9
[12:47:33.246]: (-1.6, -0.9, 0.1) 9
[12:47:33.268]: (-1.6, -0.9, 0.1) 9
[12:47:33.291]: (-1.7, -0.9, 0.1) 9
[12:47:33.668]: (-1.6, -0.9, 0.1) 9
[12:47:33.823]: (-1.6, -0.9, 0.0) 9
[12:47:33.846]: (-2.0, -1.3, 0.0) 20
[12:47:34.509]: (-2.7, -1.6, 0.0) 37
[12:47:34.550]: (-2.7, -1.5, 0.1) 38
[12:47:34.608]: (-2.8, -1.3, 0.2) 38
[12:47:34.651]: (-3.0, -1.1, 0.3) 38
[12:47:34.691]: (-2.1, -0.2, 0.3) 10
[12:47:34.753]: (-1.9, 0.2, 0.3) 4
[12:47:39.172]: (0.4, -2.5, 2.2) 25
[12:47:39.189]: (0.4, -2.5, 2.3) 25
[12:47:39.206]: (0.4, -2.5, 2.3) 25
[12:47:39.223]: (0.4, -2.5, 2.2) 25
[12:47:39.242]: (0.4, -2.5, 2.2) 25
[12:47:40.433]: (-0.3, -2.2, 3.0) 37
[12:47:40.565]: (-0.3, -1.8, 3.2) 38
[12:47:40.654]: (-0.4, -1.6, 3.4) 38
[12:47:40.958]: (-0.6, -0.7, 3.9) 38
[12:47:40.982]: (-0.6, -0.6, 3.9) 38
[12:47:41.004]: (-0.7, -0.5, 4.0) 38
[12:47:41.634]: (-0.1, 1.8, 3.3) 15
[12:47:41.667]: (0.0, 2.3, 4.0) 24
[12:47:41.966]: (-0.1, 2.3, 4.9) 39
[12:47:42.187]: (-0.1, 1.5, 2.5) 3
[12:47:42.210]: (-0.1, 1.5, 2.5) 3
[12:47:42.232]: (-0.1, 1.4, 2.4) 3
[12:47:42.253]: (-0.2, 1.4, 2.4) 3
[12:47:42.276]: (-0.2, 1.4, 2.5) 3
[12:47:42.343]: (-0.3, 1.4, 3.1) 9
[12:47:42.365]: (-0.6, 1.2, 4.3) 38
[12:47:42.387]: (-0.5, 1.2, 3.1) 10
[12:47:42.410]: (-0.5, 1.2, 3.1) 10
[12:47:42.432]: (-0.5, 1.3, 3.1) 10
[12:47:42.454]: (-0.5, 1.3, 3.0) 8
[12:47:42.476]: (-0.5, 1.3, 3.1) 9
[12:47:42.676]: (-0.8, 1.7, 2.6) 4
[12:47:42.699]: (-0.8, 1.7, 2.6) 4
[12:47:42.721]: (-0.8, 1.8, 2.6) 4
[12:47:42.744]: (-0.8, 1.8, 2.6) 4
[12:47:43.012]: (-0.8, 2.5, 2.0) 0
[12:47:43.035]: (-0.8, 2.5, 2.0) 0
[12:47:43.058]: (-0.8, 2.6, 2.0) 0
[12:47:43.080]: (-0.8, 2.6, 1.9) 0
[12:47:43.370]: (-0.9, 3.9, 3.3) 38
[12:47:43.414]: (-0.9, 3.9, 3.3) 38
[12:47:43.432]: (-0.9, 3.8, 3.3) 38
[12:47:43.451]: (-1.0, 3.8, 3.3) 38
[12:47:43.467]: (-1.0, 3.8, 3.4) 38
[12:47:43.613]: (-0.6, 3.0, 2.4) 8
[12:47:44.119]: (-0.5, 3.2, 2.4) 9
[12:47:44.142]: (-0.5, 3.2, 2.3) 9
[12:47:44.165]: (-0.5, 3.2, 2.4) 9
[12:47:44.684]: (0.1, 3.6, 2.3) 15
[12:47:44.704]: (0.1, 3.7, 2.4) 13
[12:47:44.865]: (0.1, 3.6, 2.5) 14
[12:47:44.887]: (0.1, 3.5, 2.5) 14
[12:47:44.909]: (0.1, 3.5, 2.5) 14
[12:47:44.931]: (0.1, 3.5, 2.5) 14
[12:47:44.954]: (0.1, 3.5, 2.5) 14
[12:47:44.978]: (0.3, 3.5, 2.6) 13
[12:47:45.609]: (-0.6, 2.9, 2.1) 4
[12:47:45.643]: (-0.6, 2.9, 2.1) 4
[12:47:45.675]: (-0.6, 2.9, 2.1) 4
[12:47:46.409]: (-0.1, 3.6, 1.8) 8
[12:47:46.431]: (-0.1, 3.6, 1.8) 8
[12:47:46.452]: (-0.1, 3.6, 1.8) 9
[12:47:46.475]: (-0.1, 3.7, 1.8) 9
[12:47:46.496]: (-0.1, 3.7, 1.8) 9
[12:47:47.490]: (-0.3, 3.4, 2.1) 9
[12:47:47.897]: (0.3, 3.3, 1.9) 11
[12:47:47.921]: (0.3, 3.3, 1.9) 11
[12:47:47.984]: (0.3, 3.3, 1.8) 11
[12:47:48.009]: (0.3, 3.3, 1.8) 11
[12:47:48.033]: (0.3, 3.3, 1.8) 11
[12:47:48.493]: (1.1, 3.8, 1.8) 23
[12:47:48.519]: (1.1, 3.8, 1.8) 23
[12:47:48.545]: (1.1, 3.7, 1.9) 23
[12:47:48.569]: (1.1, 3.7, 1.9) 23
[12:47:48.919]: (0.9, 3.6, 2.1) 23
[12:47:48.951]: (0.9, 3.6, 2.2) 23
[12:47:48.986]: (0.9, 3.5, 2.2) 23
[12:47:49.018]: (0.9, 3.5, 2.2) 23
[12:47:49.573]: (1.0, 3.5, 2.2) 23
[12:47:49.595]: (0.9, 3.5, 2.2) 23
[12:47:49.619]: (0.9, 3.5, 2.2) 23
[12:47:49.639]: (0.9, 3.6, 2.1) 23
[12:47:49.661]: (0.9, 3.6, 2.2) 23
[12:47:49.795]: (0.9, 3.5, 2.1) 23
[12:47:49.818]: (0.9, 3.5, 2.1) 23
[12:47:54.071]: (0.2, 3.3, 1.8) 11
[12:47:54.093]: (0.2, 3.3, 1.9) 11
[12:47:54.116]: (0.2, 3.3, 1.9) 11
[12:47:54.138]: (0.2, 3.3, 1.9) 11
[12:47:54.160]: (0.2, 3.3, 1.9) 11
[12:47:54.183]: (0.2, 3.3, 1.9) 11
[12:47:54.206]: (0.2, 3.3, 1.9) 11
[12:47:54.224]: (0.2, 3.3, 1.9) 11
[12:47:54.241]: (0.2, 3.3, 1.9) 11
[12:47:54.259]: (0.2, 3.3, 1.9) 11
[12:47:54.276]: (0.2, 3.3, 1.9) 11
[12:47:54.294]: (0.1, 3.3, 1.8) 11
[12:47:54.311]: (0.1, 3.3, 1.9) 11
[12:47:54.330]: (0.1, 3.3, 1.9) 11
[12:47:54.348]: (0.1, 3.3, 1.9) 11
[12:47:54.365]: (0.1, 3.3, 1.9) 11
[12:47:54.382]: (0.1, 3.3, 1.9) 11
[12:47:54.399]: (0.1, 3.3, 1.9) 11
[12:47:55.387]: (1.0, 3.6, 2.1) 23
[12:47:55.406]: (1.0, 3.6, 2.1) 23
[12:47:55.424]: (1.0, 3.6, 2.1) 23
[12:47:55.442]: (0.9, 3.6, 2.1) 23
[12:47:55.819]: (0.7, 3.5, 2.2) 23
[12:47:55.839]: (0.6, 3.5, 2.2) 23
[12:47:55.861]: (0.6, 3.5, 2.3) 23
[12:47:56.331]: (0.3, 3.4, 2.2) 23
[12:47:56.353]: (0.3, 3.4, 2.2) 23
[12:47:57.118]: (0.1, 3.3, 2.3) 23
[12:47:57.837]: (0.1, 3.4, 2.3) 23
[12:47:57.859]: (0.1, 3.4, 2.3) 23
[12:47:59.515]: (0.3, 3.4, 2.2) 22
[12:47:59.536]: (0.3, 3.4, 2.2) 22
[12:47:59.558]: (0.3, 3.4, 2.2) 22
[12:47:59.580]: (0.3, 3.4, 2.2) 22
[12:47:59.603]: (0.3, 3.4, 2.2) 22
[12:47:59.625]: (0.3, 3.4, 2.2) 22
[12:48:00.292]: (0.0, 3.4, 2.0) 22
[12:48:00.313]: (0.0, 3.4, 2.0) 22
[12:48:00.335]: (0.0, 3.4, 2.0) 22
[12:48:00.358]: (0.0, 3.4, 2.0) 22
