[12:57:04.642]: (-1.5, -0.4, 0.0) 46
[12:57:04.666]: (-1.5, -0.3, 0.0) 46
[12:57:04.688]: (-1.6, -0.3, 0.0) 46
[12:57:04.731]: (-1.8, -0.4, 0.2) 43
[12:57:04.754]: (-3.0, -1.7, 0.6) 29
[12:57:04.777]: (-3.0, -1.6, 0.6) 29
[12:57:04.800]: (-3.1, -1.5, 0.8) 28
[12:57:04.821]: (-3.1, -1.5, 0.8) 29
[12:57:04.863]: (-1.9, -0.1, 0.4) 43
[12:57:04.884]: (-1.7, 0.0, 0.4) 46
[12:57:04.905]: (-1.7, 0.1, 0.4) 46
[12:57:05.110]: (-1.6, 0.2, 0.5) 48
[12:57:05.132]: (-1.5, 0.3, 0.4) 50
[12:57:05.153]: (-1.5, 0.3, 0.4) 50
[12:57:05.174]: (-1.5, 0.4, 0.5) 50
[12:57:05.195]: (-1.5, 0.4, 0.5) 50
[12:57:05.217]: (-1.5, 0.4, 0.5) 50
[12:57:05.240]: (-1.5, 0.4, 0.5) 50
[12:57:05.347]: (-1.8, 0.3, 0.5) 46
[12:57:05.397]: (-2.8, -0.7, 0.9) 36
[12:57:05.431]: (-2.8, -0.7, 0.9) 36
[12:57:05.730]: (-2.6, -0.6, 0.5) 39
[12:57:05.763]: (-2.6, -0.5, 0.6) 39
[12:57:06.340]: (-2.8, 1.9, 2.7) 5
[12:57:06.361]: (-3.5, 2.1, 3.6) 68
[12:57:06.385]: (-3.4, 2.0, 3.5) 64
[12:57:06.406]: (-2.6, 1.9, 2.5) 8
[12:57:06.652]: (-2.0, 1.4, 1.8) 53
[12:57:06.853]: (-1.2, 1.5, 0.9) 45
[12:57:06.875]: (-1.1, 1.5, 0.9) 45
[12:57:07.185]: (-1.3, 2.8, 2.9) 6
[12:57:07.207]: (-1.3, 2.8, 3.0) 2
[12:57:07.231]: (-1.3, 2.7, 3.0) 6
[12:57:07.252]: (-1.3, 2.7, 2.9) 6
[12:57:08.195]: (-0.6, 3.4, 2.7) 2
[12:57:08.228]: (-0.6, 3.5, 2.8) 3
[12:57:08.262]: (-0.5, 3.5, 2.7) 3
[12:57:08.296]: (-0.6, 4.2, 3.6) 68
[12:57:08.361]: (-0.7, 3.4, 2.9) 1
[12:57:08.429]: (-0.9, 3.3, 2.7) 2
[12:57:08.464]: (-0.8, 3.3, 2.7) 2
[12:57:08.993]: (-2.9, 1.9, 1.5) 37
[12:57:09.017]: (-2.7, 1.9, 1.3) 40
[12:57:09.038]: (-2.6, 1.9, 1.3) 38
[12:57:09.083]: (-2.6, 1.9, 1.4) 38
[12:57:09.215]: (-2.6, 2.0, 1.6) 36
[12:57:09.239]: (-1.4, 1.6, 0.9) 48
[12:57:09.260]: (-1.4, 1.6, 0.9) 48
[12:57:09.282]: (-1.4, 1.6, 0.9) 48
[12:57:09.305]: (-1.4, 1.6, 0.9) 48
[12:57:09.526]: (-1.4, 1.6, 0.9) 48
[12:57:09.551]: (-1.4, 1.7, 0.8) 48
[12:57:10.100]: (-2.5, 2.1, 1.4) 42
[12:57:10.142]: (-2.6, 2.0, 1.3) 42
[12:57:10.249]: (-2.6, 2.0, 1.3) 42
[12:57:10.370]: (-2.9, 2.0, 1.4) 37
[12:57:10.391]: (-2.6, 1.8, 1.1) 40
[12:57:10.414]: (-2.6, 1.8, 1.1) 40
[12:57:10.770]: (-1.6, 1.8, 0.8) 43
[12:57:12.039]: (-1.1, 3.0, 2.5) 2
[12:57:12.714]: (-1.0, 3.1, 2.4) 2
[12:57:13.186]: (-0.7, 3.4, 2.2) 3
[12:57:13.209]: (-0.6, 3.4, 2.1) 3
[12:57:13.291]: (-0.7, 4.2, 3.0) 68
[12:57:13.417]: (-0.7, 3.4, 2.1) 3
[12:57:13.447]: (-0.7, 3.3, 2.2) 3
[12:57:13.482]: (-0.8, 3.2, 2.0) 6
[12:57:13.514]: (-0.8, 3.2, 2.0) 6
[12:57:13.548]: (-0.8, 3.2, 2.0) 6
[12:57:13.581]: (-0.8, 3.2, 2.0) 6
[12:57:13.614]: (-0.8, 3.2, 2.0) 6
[12:57:13.649]: (-0.7, 3.5, 2.3) 4
[12:57:13.681]: (-0.7, 3.5, 2.3) 4
[12:57:13.714]: (-0.7, 3.3, 2.0) 8
[12:57:13.747]: (-0.7, 3.3, 2.0) 8
[12:57:13.782]: (-0.7, 3.2, 2.0) 8
[12:57:13.815]: (-0.7, 3.2, 2.0) 8
[12:57:13.849]: (-0.7, 3.2, 2.0) 8
[12:57:13.881]: (-0.7, 3.2, 2.0) 8
[12:57:13.913]: (-0.7, 3.2, 2.0) 8
[12:57:13.948]: (-0.7, 3.2, 2.0) 8
[12:57:14.513]: (-0.7, 3.3, 2.2) 2
[12:57:14.531]: (-0.7, 3.2, 2.2) 2
[12:57:14.550]: (-0.7, 3.2, 2.2) 2
[12:57:14.566]: (-0.7, 3.2, 2.2) 2
[12:57:14.584]: (-0.6, 3.2, 2.1) 8
[12:57:14.601]: (-0.6, 3.2, 2.1) 6
[12:57:14.617]: (-0.6, 3.2, 2.1) 6
[12:57:14.636]: (-0.6, 3.2, 2.1) 6
[12:57:14.657]: (-0.6, 3.2, 2.1) 6
[12:57:14.681]: (-0.6, 3.2, 2.1) 6
[12:57:14.702]: (-0.6, 3.2, 2.1) 6
[12:57:14.725]: (-0.6, 3.2, 2.1) 6
[12:57:14.746]: (-0.7, 3.3, 2.2) 2
[12:57:14.769]: (-0.7, 3.2, 2.1) 6
[12:57:14.790]: (-0.7, 3.2, 2.1) 6
[12:57:14.813]: (-0.7, 3.2, 2.1) 6
[12:57:14.836]: (-0.7, 3.2, 2.1) 6
[12:57:14.858]: (-0.7, 3.2, 2.1) 6
[12:57:14.881]: (-0.7, 3.2, 2.1) 6
[12:57:14.901]: (-0.7, 3.2, 2.1) 6
[12:57:14.926]: (-0.7, 3.2, 2.1) 6
[12:57:14.946]: (-0.7, 3.2, 2.1) 6
[12:57:15.483]: (-0.5, 3.4, 2.3) 1
[12:57:15.807]: (0.2, 3.7, 2.4) 13
[12:57:15.824]: (0.2, 3.7, 2.4) 13
[12:57:15.841]: (0.2, 3.7, 2.4) 13
[12:57:15.858]: (0.2, 3.7, 2.4) 13
[12:57:15.877]: (0.2, 3.7, 2.4) 13
[12:57:15.894]: (0.2, 3.7, 2.4) 13
[12:57:15.910]: (0.2, 3.7, 2.4) 13
[12:57:15.927]: (0.3, 3.7, 2.4) 13
[12:57:16.711]: (-2.6, 1.6, 1.2) 40
[12:57:16.728]: (-2.5, 1.6, 1.2) 40
[12:57:16.745]: (-2.6, 1.6, 1.2) 40
[12:57:16.762]: (-2.6, 1.6, 1.2) 40
[12:57:16.779]: (-2.6, 1.6, 1.2) 40
[12:57:16.796]: (-2.5, 1.6, 1.2) 40
[12:57:16.812]: (-2.5, 1.6, 1.2) 40
[12:57:16.907]: (-2.5, 1.6, 1.2) 40
[12:57:16.924]: (-2.6, 1.6, 1.2) 40
[12:57:17.212]: (-1.3, 1.4, 0.7) 48
[12:57:17.235]: (-1.4, 1.3, 0.7) 48
[12:57:17.256]: (-1.3, 1.3, 0.7) 48
[12:57:17.279]: (-1.4, 1.3, 0.7) 48
[12:57:17.301]: (-1.3, 1.3, 0.7) 48
[12:57:17.324]: (-1.4, 1.3, 0.7) 48
[12:57:17.346]: (-1.4, 1.3, 0.7) 48
[12:57:17.368]: (-1.3, 1.3, 0.7) 48
[12:57:17.390]: (-1.3, 1.3, 0.7) 48
[12:57:17.412]: (-1.3, 1.3, 0.7) 48
[12:57:17.435]: (-1.3, 1.3, 0.7) 48
[12:57:17.457]: (-1.3, 1.3, 0.7) 48
[12:57:17.478]: (-1.4, 1.4, 0.7) 48
[12:57:17.797]: (-2.6, 1.6, 1.1) 40
[12:57:18.455]: (-2.7, 1.7, 1.1) 41
[12:57:18.488]: (-2.6, 1.7, 1.1) 38
[12:57:18.506]: (-2.6, 1.7, 1.2) 40
[12:57:18.541]: (-1.4, 1.3, 0.7) 48
[12:57:18.680]: (-1.2, 1.3, 0.6) 50
[12:57:18.698]: (-1.4, 1.4, 0.7) 48
[12:57:18.714]: (-1.4, 1.3, 0.7) 48
[12:57:18.807]: (-1.0, 1.4, 0.6) 45
[12:57:18.841]: (-1.0, 1.4, 0.6) 45
[12:57:18.877]: (-1.0, 1.4, 0.6) 45
[12:57:18.923]: (-1.0, 1.4, 0.6) 45
[12:57:18.989]: (-1.0, 1.4, 0.6) 45
[12:57:19.012]: (-1.0, 1.4, 0.6) 45
[12:57:19.300]: (-0.6, 3.2, 2.2) 2
[12:57:19.333]: (-0.6, 3.3, 2.2) 2
[12:57:19.350]: (-0.6, 3.3, 2.2) 2
[12:57:19.366]: (-0.6, 3.3, 2.2) 2
[12:57:19.444]: (-0.6, 3.2, 2.2) 2
[12:57:19.462]: (-0.6, 3.3, 2.2) 2
[12:57:19.493]: (-0.6, 3.3, 2.2) 2
[12:57:19.510]: (-0.7, 3.2, 2.2) 2
[12:57:19.528]: (-0.6, 3.3, 2.2) 2
[12:57:19.546]: (-0.6, 3.3, 2.2) 2
[12:57:19.562]: (-0.6, 3.3, 2.2) 2
[12:57:19.580]: (-0.6, 3.3, 2.3) 2
[12:57:19.598]: (-0.7, 3.3, 2.2) 2
[12:57:20.047]: (-0.7, 3.2, 2.1) 6
[12:57:20.460]: (-0.6, 3.2, 2.1) 6
[12:57:20.506]: (-0.6, 3.1, 2.2) 6
[12:57:20.529]: (-0.6, 3.1, 2.2) 6
[12:57:20.553]: (-0.6, 3.2, 2.2) 2
[12:57:20.574]: (-0.6, 3.1, 2.2) 2
[12:57:20.595]: (-0.6, 3.1, 2.2) 2
[12:57:20.617]: (-0.6, 3.1, 2.2) 2
[12:57:20.639]: (-0.6, 3.1, 2.2) 2
[12:57:20.662]: (-0.6, 3.1, 2.2) 2
[12:57:20.686]: (-0.6, 3.1, 2.2) 2
[12:57:21.178]: (-0.3, 3.2, 2.2) 3
[12:57:21.211]: (-0.4, 3.1, 2.0) 8
[12:57:21.244]: (-0.4, 3.1, 2.0) 8
[12:57:21.544]: (-0.3, 3.2, 2.2) 3
[12:57:21.566]: (-0.3, 3.2, 2.2) 3
[12:57:21.587]: (-0.3, 3.2, 2.2) 3
[12:57:21.611]: (-0.3, 3.2, 2.2) 3
[12:57:21.633]: (-0.3, 3.2, 2.2) 3
[12:57:21.655]: (-0.3, 3.2, 2.2) 3
[12:57:21.678]: (-0.3, 3.2, 2.2) 3
[12:57:21.834]: (-0.4, 3.2, 2.1) 2
[12:57:22.302]: (-0.1, 3.2, 2.1) 0
[12:57:22.326]: (-0.1, 3.2, 2.1) 0
[12:57:22.348]: (-0.1, 3.2, 2.1) 0
[12:57:22.369]: (-0.1, 3.2, 2.0) 0
[12:57:22.392]: (-0.1, 3.3, 2.1) 0
[12:57:22.414]: (-0.1, 3.3, 2.1) 0
[12:57:22.480]: (-0.1, 3.2, 2.1) 0
[12:57:22.502]: (-0.1, 3.2, 2.1) 0
[12:57:22.526]: (-0.1, 3.2, 2.1) 0
[12:57:22.548]: (0.0, 3.1, 2.1) 2
[12:57:22.703]: (0.0, 3.1, 2.1) 2
[12:57:22.725]: (0.0, 3.1, 2.1) 2
[12:57:22.747]: (0.0, 3.1, 2.1) 2
[12:57:23.601]: (-0.2, 3.0, 1.8) 6
[12:57:23.632]: (-0.2, 3.0, 1.8) 8
[12:57:23.667]: (-0.1, 3.0, 1.8) 8
[12:57:24.067]: (0.0, 3.1, 1.9) 3
[12:57:24.100]: (-0.2, 3.0, 1.8) 6
[12:57:24.143]: (-0.2, 3.0, 1.9) 6
[12:57:24.167]: (-0.2, 3.0, 1.8) 6
[12:57:24.188]: (-0.2, 3.0, 1.8) 6
[12:57:24.211]: (-0.2, 3.0, 1.8) 6
[12:57:24.232]: (-0.2, 3.0, 1.9) 6
[12:57:24.255]: (-0.2, 3.0, 1.9) 6
[12:57:24.277]: (-0.2, 3.0, 1.9) 6
[12:57:24.300]: (-0.2, 3.0, 1.9) 6
[12:57:24.321]: (-0.2, 3.0, 1.9) 6
[12:57:24.344]: (-0.2, 3.0, 1.9) 6
[12:57:24.366]: (-0.2, 3.0, 1.9) 6
[12:57:24.390]: (-0.2, 3.0, 1.9) 6
[12:57:24.744]: (-0.2, 3.0, 2.0) 2
[12:57:24.766]: (-0.2, 3.0, 2.0) 2
[12:57:25.190]: (-0.2, 3.1, 1.8) 2
[12:57:25.301]: (-0.2, 3.1, 1.8) 2
[12:57:25.323]: (-0.2, 3.1, 1.8) 2
[12:57:25.347]: (-0.2, 3.0, 1.8) 2
[12:57:25.369]: (-0.2, 3.0, 1.8) 2
[12:57:25.393]: (-0.2, 3.0, 1.6) 8
[12:57:25.417]: (-0.2, 3.0, 1.7) 6
[12:57:25.439]: (-0.2, 3.0, 1.7) 6
[12:57:25.455]: (-0.2, 3.0, 1.7) 6
[12:57:25.473]: (-0.2, 3.0, 1.7) 8
[12:57:25.490]: (-0.2, 3.0, 1.6) 8
[12:57:25.507]: (-0.2, 3.0, 1.6) 8
[12:57:25.530]: (-0.2, 3.0, 1.7) 6
[12:57:25.551]: (-0.2, 3.0, 1.7) 8
[12:57:25.569]: (-0.2, 3.0, 1.7) 8
[12:57:25.586]: (-0.2, 3.0, 1.7) 6
[12:57:25.604]: (-0.2, 3.0, 1.7) 8
[12:57:25.621]: (-0.2, 3.0, 1.7) 6
[12:57:25.640]: (-0.2, 3.0, 1.7) 6
[12:57:25.657]: (-0.2, 3.0, 1.7) 6
[12:57:25.673]: (-0.2, 3.0, 1.7) 6
[12:57:25.690]: (-0.2, 3.0, 1.6) 8
[12:57:25.706]: (-0.2, 3.0, 1.7) 8
[12:57:25.722]: (-0.2, 3.0, 1.6) 8
[12:57:25.737]: (-0.2, 3.0, 1.6) 8
[12:57:25.753]: (-0.2, 3.0, 1.6) 8
[12:57:25.770]: (-0.2, 3.0, 1.6) 8
[12:57:25.788]: (-0.2, 3.0, 1.7) 8
[12:57:25.804]: (-0.2, 3.0, 1.6) 8
[12:57:25.821]: (-0.2, 3.0, 1.6) 8
[12:57:25.838]: (-0.2, 3.0, 1.6) 8
[12:57:25.854]: (-0.2, 3.0, 1.6) 8
[12:57:25.873]: (-0.2, 3.0, 1.6) 8
[12:57:25.888]: (-0.2, 3.1, 1.8) 2
[12:57:26.086]: (-0.1, 3.1, 1.8) 2
[12:57:26.108]: (-0.2, 3.1, 1.7) 2
[12:57:26.131]: (-0.2, 3.1, 1.7) 2
[12:57:26.154]: (-0.2, 3.1, 1.7) 2
[12:57:26.176]: (-0.2, 3.1, 1.7) 2
[12:57:26.197]: (-0.2, 3.1, 1.7) 2
[12:57:26.513]: (-0.2, 3.1, 1.6) 2
[12:57:26.534]: (-0.2, 3.1, 1.6) 2
[12:57:26.554]: (-0.2, 3.1, 1.6) 2
[12:57:26.658]: (-0.2, 3.1, 1.6) 3
[12:57:26.684]: (-0.2, 3.1, 1.6) 3
[12:57:26.706]: (-0.2, 3.1, 1.6) 3
[12:57:26.727]: (-0.2, 3.0, 1.6) 3
[12:57:26.750]: (-0.3, 2.9, 1.5) 8
[12:57:27.974]: (-0.3, 2.9, 1.5) 6
[12:57:27.997]: (-0.3, 2.9, 1.5) 6
[12:57:28.019]: (-0.3, 3.0, 1.6) 0
[12:57:28.043]: (-0.3, 3.1, 1.6) 0
[12:57:28.086]: (-0.3, 2.9, 1.5) 6
[12:57:28.108]: (-0.3, 2.9, 1.5) 6
[12:57:28.130]: (-0.3, 2.9, 1.5) 8
[12:57:28.153]: (-0.3, 2.8, 1.5) 8
[12:57:28.176]: (-0.3, 2.8, 1.5) 8
[12:57:28.197]: (-0.3, 2.9, 1.5) 6
[12:57:28.219]: (-0.3, 2.8, 1.5) 8
[12:57:28.242]: (-0.3, 2.8, 1.5) 8
[12:57:28.264]: (-0.3, 2.8, 1.5) 8
[12:57:28.286]: (-0.3, 2.8, 1.5) 8
[12:57:28.308]: (-0.3, 2.8, 1.5) 8
[12:57:28.330]: (-0.3, 2.8, 1.5) 8
[12:57:28.419]: (-0.3, 2.9, 1.7) 0
[12:57:28.443]: (-0.3, 2.9, 1.6) 0
[12:57:28.466]: (-0.2, 2.8, 1.5) 8
[12:57:28.489]: (-0.2, 2.8, 1.5) 8
[12:57:28.510]: (-0.2, 2.8, 1.5) 8
[12:57:28.534]: (-0.2, 2.8, 1.5) 8
[12:57:28.555]: (-0.2, 2.7, 1.5) 8
[12:57:28.579]: (-0.2, 2.7, 1.5) 8
[12:57:28.599]: (-0.2, 2.7, 1.5) 8
[12:57:28.622]: (-0.2, 2.7, 1.5) 8
[12:57:28.646]: (-0.2, 2.7, 1.5) 8
[12:57:28.665]: (-0.2, 2.7, 1.5) 8
[12:57:28.689]: (-0.2, 2.7, 1.5) 8
[12:57:28.713]: (-0.2, 2.8, 1.5) 8
[12:57:28.732]: (-0.2, 2.7, 1.6) 8
[12:57:28.868]: (-0.2, 2.8, 1.7) 2
[12:57:28.905]: (-0.2, 2.8, 1.7) 2
[12:57:28.923]: (-0.2, 2.8, 1.7) 2
[12:57:28.939]: (-0.2, 2.8, 1.7) 2
[12:57:28.955]: (-0.2, 2.8, 1.7) 2
[12:57:29.685]: (-0.4, 2.7, 1.5) 6
[12:57:29.707]: (-0.4, 2.7, 1.5) 6
[12:57:29.730]: (-0.4, 2.8, 1.6) 0
[12:57:29.752]: (-0.4, 2.8, 1.6) 0
[12:57:29.859]: (-0.3, 2.6, 1.4) 8
[12:57:29.881]: (-0.3, 2.6, 1.5) 8
[12:57:30.045]: (-0.4, 2.6, 1.7) 0
[12:57:30.068]: (-0.4, 2.6, 1.7) 0
[12:57:30.090]: (-0.5, 2.6, 1.7) 0
[12:57:30.484]: (-0.3, 2.5, 1.5) 8
[12:57:30.507]: (-0.3, 2.5, 1.5) 8
[12:57:30.529]: (-0.3, 2.5, 1.5) 8
[12:57:30.550]: (-0.3, 2.5, 1.5) 8
[12:57:30.574]: (-0.3, 2.5, 1.5) 8
[12:57:30.595]: (-0.3, 2.5, 1.5) 8
[12:57:30.618]: (-0.3, 2.5, 1.5) 8
[12:57:30.640]: (-0.3, 2.5, 1.5) 8
[12:57:30.661]: (-0.3, 2.5, 1.5) 8
[12:57:30.685]: (-0.3, 2.5, 1.5) 8
[12:57:30.708]: (-0.3, 2.5, 1.5) 8
[12:57:30.728]: (-0.4, 2.4, 1.6) 6
[12:57:30.751]: (-0.4, 2.4, 1.6) 6
[12:57:30.773]: (-0.4, 2.4, 1.6) 6
[12:57:30.795]: (-0.4, 2.4, 1.6) 6
[12:57:30.812]: (-0.4, 2.4, 1.6) 6
[12:57:30.829]: (-0.4, 2.4, 1.6) 6
[12:57:30.848]: (-0.4, 2.4, 1.6) 6
[12:57:30.865]: (-0.4, 2.4, 1.6) 6
[12:57:30.882]: (-0.4, 2.4, 1.6) 6
[12:57:30.898]: (-0.4, 2.4, 1.6) 6
[12:57:30.915]: (-0.4, 2.4, 1.6) 6
[12:57:30.933]: (-0.4, 2.4, 1.6) 6
[12:57:30.951]: (-0.4, 2.4, 1.6) 6
[12:57:30.969]: (-0.4, 2.4, 1.6) 6
[12:57:30.985]: (-0.4, 2.4, 1.6) 6
[12:57:31.003]: (-0.4, 2.4, 1.6) 6
[12:57:31.020]: (-0.4, 2.4, 1.6) 6
[12:57:31.037]: (-0.4, 2.4, 1.6) 6
[12:57:31.053]: (-0.4, 2.4, 1.6) 6
[12:57:31.071]: (-0.4, 2.4, 1.6) 6
[12:57:31.087]: (-0.4, 2.4, 1.6) 6
[12:57:31.104]: (-0.4, 2.4, 1.6) 6
[12:57:31.120]: (-0.4, 2.4, 1.6) 6
[12:57:31.138]: (-0.4, 2.4, 1.6) 6
[12:57:31.153]: (-0.4, 2.4, 1.6) 6
[12:57:31.170]: (-0.4, 2.4, 1.6) 6
[12:57:31.187]: (-0.4, 2.4, 1.6) 6
[12:57:31.206]: (-0.4, 2.4, 1.6) 6
[12:57:31.223]: (-0.4, 2.4, 1.6) 6
[12:57:31.239]: (-0.4, 2.4, 1.6) 6
[12:57:31.256]: (-0.4, 2.4, 1.6) 6
[12:57:31.272]: (-0.4, 2.4, 1.6) 6
[12:57:31.288]: (-0.3, 2.4, 1.6) 8
[12:57:31.306]: (-0.3, 2.4, 1.5) 8
[12:57:31.329]: (-0.3, 2.4, 1.5) 8
[12:57:31.351]: (-0.3, 2.4, 1.5) 8
[12:57:31.372]: (-0.3, 2.4, 1.5) 8
[12:57:31.397]: (-0.3, 2.4, 1.5) 8
[12:57:31.417]: (-0.3, 2.4, 1.5) 8
[12:57:31.439]: (-0.3, 2.4, 1.5) 8
[12:57:31.462]: (-0.3, 2.4, 1.5) 8
[12:57:31.483]: (-0.3, 2.4, 1.5) 8
[12:57:31.506]: (-0.3, 2.4, 1.6) 8
[12:57:31.528]: (-0.3, 2.4, 1.6) 8
[12:57:31.550]: (-0.3, 2.4, 1.6) 8
[12:57:31.573]: (-0.3, 2.4, 1.6) 8
[12:57:31.595]: (-0.3, 2.4, 1.6) 8
[12:57:31.617]: (-0.3, 2.4, 1.5) 8
[12:57:31.639]: (-0.3, 2.4, 1.5) 8
[12:57:31.661]: (-0.3, 2.4, 1.5) 8
[12:57:31.685]: (-0.3, 2.4, 1.5) 8
[12:57:31.709]: (-0.3, 2.4, 1.5) 8
[12:57:31.726]: (-0.3, 2.4, 1.5) 8
[12:57:31.741]: (-0.3, 2.4, 1.5) 8
[12:57:31.759]: (-0.3, 2.4, 1.5) 8
[12:57:31.775]: (-0.3, 2.4, 1.5) 8
[12:57:31.791]: (-0.3, 2.4, 1.5) 8
[12:57:31.809]: (-0.3, 2.4, 1.5) 8
[12:57:31.827]: (-0.3, 2.4, 1.5) 8
[12:57:31.844]: (-0.3, 2.4, 1.5) 8
[12:57:31.861]: (-0.3, 2.4, 1.5) 8
[12:57:31.877]: (-0.4, 2.4, 1.6) 6
[12:57:32.261]: (-0.3, 2.4, 1.5) 8
[12:57:32.284]: (-0.3, 2.4, 1.5) 8
[12:57:32.306]: (-0.3, 2.4, 1.5) 8
[12:57:32.328]: (-0.3, 2.4, 1.5) 8
[12:57:32.350]: (-0.3, 2.4, 1.5) 8
[12:57:32.372]: (-0.3, 2.4, 1.5) 8
[12:57:32.395]: (-0.3, 2.4, 1.5) 8
[12:57:32.417]: (-0.3, 2.4, 1.5) 8
[12:57:32.439]: (-0.3, 2.4, 1.5) 8
[12:57:32.461]: (-0.3, 2.4, 1.5) 8
[12:57:32.484]: (-0.3, 2.4, 1.5) 8
[12:57:32.506]: (-0.3, 2.4, 1.5) 8
[12:57:32.528]: (-0.3, 2.4, 1.5) 8
[12:57:32.552]: (-0.3, 2.4, 1.5) 8
[12:57:32.572]: (-0.3, 2.4, 1.5) 8
[12:57:32.590]: (-0.3, 2.4, 1.5) 8
[12:57:32.607]: (-0.3, 2.4, 1.5) 8
[12:57:32.625]: (-0.3, 2.4, 1.5) 8
[12:57:32.642]: (-0.3, 2.4, 1.5) 8
[12:57:32.658]: (-0.3, 2.4, 1.5) 8
[12:57:32.676]: (-0.3, 2.4, 1.5) 8
[12:57:32.693]: (-0.3, 2.4, 1.6) 8
[12:57:32.710]: (-0.3, 2.4, 1.6) 8
[12:57:32.728]: (-0.3, 2.4, 1.6) 8
[12:57:32.746]: (-0.3, 2.4, 1.5) 8
[12:57:32.762]: (-0.3, 2.4, 1.6) 8
[12:57:32.778]: (-0.3, 2.4, 1.6) 8
[12:57:32.796]: (-0.3, 2.4, 1.6) 8
[12:57:32.812]: (-0.3, 2.4, 1.6) 8
[12:57:32.828]: (-0.3, 2.4, 1.6) 8
[12:57:32.846]: (-0.3, 2.4, 1.6) 8
[12:57:32.864]: (-0.3, 2.4, 1.6) 6
[12:57:32.880]: (-0.3, 2.4, 1.6) 6
[12:57:32.896]: (-0.3, 2.4, 1.6) 6
[12:57:32.912]: (-0.3, 2.4, 1.6) 6
[12:57:32.929]: (-0.3, 2.4, 1.6) 6
[12:57:32.948]: (-0.3, 2.4, 1.6) 6
[12:57:32.965]: (-0.3, 2.4, 1.6) 6
[12:57:32.982]: (-0.3, 2.4, 1.6) 6
[12:57:33.000]: (-0.3, 2.4, 1.6) 6
[12:57:33.019]: (-0.3, 2.4, 1.6) 6
[12:57:33.036]: (-0.3, 2.4, 1.6) 6
[12:57:33.052]: (-0.3, 2.4, 1.6) 6
[12:57:33.070]: (-0.3, 2.4, 1.6) 6
[12:57:33.085]: (-0.3, 2.4, 1.6) 6
[12:57:33.105]: (-0.3, 2.4, 1.6) 6
[12:57:33.128]: (-0.3, 2.4, 1.6) 6
[12:57:33.149]: (-0.3, 2.5, 1.5) 8
[12:57:33.172]: (-0.3, 2.6, 1.6) 3
[12:57:33.194]: (-0.3, 2.6, 1.6) 3
[12:57:33.218]: (-0.3, 2.6, 1.6) 3
[12:57:33.240]: (-0.3, 2.6, 1.7) 3
[12:57:33.262]: (-0.3, 2.6, 1.7) 3
[12:57:33.284]: (-0.3, 2.6, 1.7) 3
[12:57:33.305]: (-0.3, 2.6, 1.7) 3
[12:57:33.327]: (-0.3, 2.6, 1.6) 3
[12:57:33.350]: (-0.3, 2.6, 1.6) 3
[12:57:33.372]: (-0.3, 2.6, 1.6) 3
[12:57:33.394]: (-0.3, 2.6, 1.6) 3
[12:57:33.418]: (-0.3, 2.6, 1.6) 3
[12:57:33.439]: (-0.3, 2.6, 1.6) 3
[12:57:33.460]: (-0.3, 2.6, 1.6) 3
[12:57:33.484]: (-0.3, 2.6, 1.6) 3
[12:57:33.505]: (-0.3, 2.6, 1.6) 3
[12:57:33.650]: (-0.3, 2.4, 1.5) 8
[12:57:33.667]: (-0.3, 2.4, 1.5) 8
[12:57:33.683]: (-0.3, 2.5, 1.5) 8
[12:57:33.699]: (-0.3, 2.5, 1.5) 8
[12:57:33.719]: (-0.3, 2.5, 1.5) 8
[12:57:33.736]: (-0.3, 2.5, 1.5) 8
[12:57:33.753]: (-0.3, 2.5, 1.5) 8
[12:57:33.770]: (-0.3, 2.5, 1.5) 8
[12:57:33.787]: (-0.3, 2.5, 1.5) 8
[12:57:33.805]: (-0.3, 2.5, 1.5) 8
[12:57:33.821]: (-0.3, 2.4, 1.5) 8
[12:57:33.838]: (-0.3, 2.5, 1.7) 2
[12:57:33.855]: (-0.3, 2.5, 1.7) 2
[12:57:33.873]: (-0.3, 2.5, 1.7) 2
[12:57:33.891]: (-0.3, 2.5, 1.7) 2
[12:57:33.907]: (-0.3, 2.5, 1.7) 2
[12:57:33.925]: (-0.3, 2.4, 1.6) 6
[12:57:33.942]: (-0.3, 2.4, 1.6) 6
[12:57:33.959]: (-0.3, 2.4, 1.6) 6
[12:57:33.976]: (-0.3, 2.4, 1.6) 6
[12:57:33.993]: (-0.3, 2.4, 1.6) 6
[12:57:34.009]: (-0.3, 2.4, 1.6) 6
[12:57:34.027]: (-0.3, 2.4, 1.6) 6
[12:57:34.051]: (-0.3, 2.5, 1.7) 2
[12:57:34.071]: (-0.3, 2.5, 1.7) 2
[12:57:34.094]: (-0.3, 2.5, 1.7) 2
[12:57:34.116]: (-0.3, 2.5, 1.7) 2
[12:57:34.139]: (-0.4, 2.5, 1.7) 2
[12:57:34.161]: (-0.4, 2.4, 1.6) 6
[12:57:34.205]: (-0.4, 2.4, 1.6) 6
[12:57:34.737]: (-0.3, 2.4, 1.5) 8
[12:57:34.755]: (-0.3, 2.4, 1.5) 8
[12:57:34.774]: (-0.3, 2.4, 1.5) 8
[12:57:34.791]: (-0.3, 2.4, 1.5) 8
[12:57:34.811]: (-0.3, 2.4, 1.5) 8
[12:57:34.828]: (-0.3, 2.4, 1.5) 8
[12:57:34.846]: (-0.3, 2.4, 1.5) 8
[12:57:34.863]: (-0.3, 2.4, 1.5) 8
[12:57:34.883]: (-0.3, 2.4, 1.5) 8
[12:57:34.906]: (-0.3, 2.4, 1.5) 8
[12:57:34.928]: (-0.3, 2.4, 1.5) 8
[12:57:34.950]: (-0.3, 2.4, 1.5) 8
[12:57:34.973]: (-0.3, 2.4, 1.5) 8
[12:57:34.994]: (-0.3, 2.4, 1.5) 8
[12:57:35.018]: (-0.3, 2.4, 1.5) 8
[12:57:35.039]: (-0.3, 2.4, 1.5) 8
[12:57:35.085]: (-0.4, 2.4, 1.6) 6
[12:57:35.106]: (-0.4, 2.4, 1.6) 6
[12:57:35.128]: (-0.4, 2.4, 1.6) 6
[12:57:35.150]: (-0.4, 2.4, 1.6) 6
[12:57:35.175]: (-0.4, 2.4, 1.6) 6
[12:57:35.194]: (-0.4, 2.4, 1.6) 6
