[12:40:34.127]: (-0.7, -2.1, 0.0) 17
[12:40:37.180]: (-0.8, -2.1, 1.5) 9
[12:40:37.273]: (-0.8, -2.0, 1.5) 9
[12:40:37.294]: (-0.8, -2.0, 1.5) 9
[12:40:38.134]: (-1.0, -2.5, 2.1) 12
[12:40:38.156]: (-1.0, -2.5, 2.0) 12
[12:40:38.180]: (-1.0, -2.5, 2.0) 12
[12:40:38.202]: (-1.0, -2.5, 2.0) 12
[12:40:39.374]: (-1.1, -2.5, 2.0) 12
[12:40:44.419]: (-2.1, 0.8, 2.8) 9
[12:40:44.598]: (-1.9, 1.3, 2.7) 11
[12:40:44.621]: (-1.9, 1.4, 2.7) 11
[12:40:45.001]: (-1.0, 2.6, 3.7) 12
[12:40:45.023]: (-1.0, 2.6, 3.7) 12
[12:40:45.765]: (-0.9, 3.1, 2.5) 11
[12:40:46.064]: (-2.1, 3.8, 2.3) 17
[12:40:46.133]: (-2.0, 3.8, 2.3) 17
[12:40:46.286]: (-1.6, 3.4, 2.1) 7
[12:40:47.450]: (-0.7, 3.3, 2.3) 11
[12:40:47.491]: (-0.7, 3.3, 2.3) 11
[12:40:47.515]: (-0.7, 3.3, 2.3) 11
[12:40:47.536]: (-0.7, 3.3, 2.3) 11
[12:40:48.775]: (0.1, 4.0, 1.9) 9
[12:40:49.818]: (-1.1, 3.0, 1.8) 2
[12:40:49.834]: (-1.1, 2.9, 1.8) 2
[12:40:51.538]: (-0.3, 3.4, 2.2) 11
[12:40:51.554]: (-0.3, 3.4, 2.2) 11
[12:40:51.572]: (-0.3, 3.4, 2.2) 11
[12:40:51.590]: (-0.3, 3.5, 2.2) 11
[12:40:51.608]: (-0.3, 3.4, 2.2) 11
[12:40:51.626]: (-0.3, 3.4, 2.2) 11
[12:40:51.642]: (-0.3, 3.4, 2.2) 11
[12:40:51.661]: (-0.3, 3.4, 2.2) 11
[12:40:51.679]: (-0.3, 3.4, 2.2) 11
[12:40:51.697]: (-0.3, 3.4, 2.2) 11
[12:40:51.715]: (-0.3, 3.4, 2.2) 11
[12:40:51.734]: (-0.3, 3.5, 2.2) 11
[12:40:51.753]: (-0.3, 3.5, 2.2) 11
[12:40:51.775]: (-0.3, 3.5, 2.2) 11
[12:40:51.796]: (-0.3, 3.5, 2.2) 11
[12:40:51.819]: (-0.3, 3.5, 2.2) 11
[12:40:51.841]: (-0.3, 3.4, 2.2) 11
[12:40:51.864]: (-0.3, 3.4, 2.2) 11
[12:40:52.235]: (-0.3, 3.4, 2.2) 11
[12:40:52.851]: (-1.1, 2.9, 1.9) 0
[12:40:52.874]: (-1.1, 2.9, 1.9) 0
[12:40:52.895]: (-1.0, 2.9, 1.9) 0
[12:40:52.963]: (-1.1, 2.9, 1.8) 0
[12:40:52.984]: (-1.1, 2.9, 1.9) 0
[12:40:53.003]: (-1.1, 2.9, 1.8) 0
[12:40:53.019]: (-1.1, 2.9, 1.8) 0
[12:40:53.036]: (-1.1, 2.9, 1.8) 0
[12:40:53.053]: (-1.1, 2.9, 1.8) 0
[12:40:53.070]: (-1.1, 2.9, 1.8) 0
[12:40:53.085]: (-1.1, 2.9, 1.8) 0
[12:40:53.101]: (-1.1, 2.9, 1.8) 0
[12:40:53.118]: (-1.1, 2.9, 1.8) 0
[12:40:53.135]: (-1.1, 2.9, 1.8) 0
[12:40:53.152]: (-1.1, 2.9, 1.8) 0
[12:40:53.169]: (-1.1, 2.9, 1.8) 0
[12:40:53.185]: (-1.1, 2.9, 1.8) 0
[12:40:53.203]: (-1.1, 2.9, 1.8) 0
[12:40:53.218]: (-1.1, 2.9, 1.8) 0
[12:40:53.234]: (-1.1, 2.9, 1.8) 0
[12:40:53.250]: (-1.1, 2.9, 1.8) 2
[12:40:53.484]: (-1.3, 3.6, 2.1) 7
[12:40:54.865]: (-0.2, 3.6, 2.3) 9
[12:41:04.257]: (-0.2, 3.3, 2.5) 9
[12:41:04.281]: (-0.4, 3.1, 2.4) 11
[12:41:04.301]: (-0.4, 3.1, 2.4) 11
[12:41:04.324]: (-0.4, 3.1, 2.5) 11
[12:41:04.346]: (-0.4, 3.1, 2.5) 11
[12:41:04.368]: (-0.4, 3.1, 2.5) 11
[12:41:04.390]: (-0.4, 3.1, 2.5) 11
[12:41:04.414]: (-0.4, 3.1, 2.5) 11
[12:41:04.732]: (-0.2, 3.3, 2.5) 9
[12:41:07.318]: (-1.2, 2.6, 1.9) 2
[12:41:07.901]: (0.0, 3.2, 2.6) 10
