[12:54:04.279]: (-3.6, -2.8, 0.0) 2
[12:54:05.127]: (-3.6, -2.8, 0.1) 2
[12:54:05.939]: (-3.3, 0.0, 1.1) 32
[12:54:05.960]: (-3.3, 0.1, 1.2) 32
[12:54:05.983]: (-3.4, 0.1, 1.3) 33
[12:54:06.004]: (-3.5, 0.2, 1.3) 33
[12:54:06.433]: (-1.9, 1.0, 0.6) 9
[12:54:06.466]: (-1.9, 1.0, 0.6) 9
[12:54:06.500]: (-1.9, 1.0, 0.6) 4
[12:54:06.568]: (-1.6, 1.1, 0.4) 11
[12:54:06.600]: (-1.7, 1.1, 0.5) 11
[12:54:06.636]: (-3.3, 0.8, 1.4) 42
[12:54:06.667]: (-1.7, 1.0, 0.5) 11
[12:54:06.701]: (-3.3, 0.8, 1.4) 42
[12:54:06.834]: (-2.5, 1.0, 1.0) 12
[12:54:07.310]: (-1.7, 1.1, 0.6) 8
[12:54:07.333]: (-1.7, 1.1, 0.6) 8
[12:54:07.354]: (-1.7, 1.1, 0.6) 8
[12:54:07.377]: (-1.7, 1.1, 0.6) 8
[12:54:07.400]: (-1.7, 1.1, 0.6) 8
[12:54:07.420]: (-1.6, 1.1, 0.5) 11
[12:54:07.444]: (-1.7, 1.1, 0.6) 8
[12:54:07.465]: (-1.7, 1.1, 0.6) 8
[12:54:07.488]: (-1.7, 1.1, 0.6) 8
[12:54:07.510]: (-1.7, 1.1, 0.6) 8
[12:54:07.531]: (-1.7, 1.1, 0.6) 8
[12:54:07.555]: (-1.7, 1.1, 0.6) 8
[12:54:07.576]: (-1.7, 1.1, 0.6) 8
[12:54:07.600]: (-1.7, 1.1, 0.6) 8
[12:54:07.645]: (-2.4, 1.0, 1.1) 12
[12:54:07.665]: (-1.7, 1.1, 0.6) 8
[12:54:07.688]: (-1.7, 1.1, 0.6) 8
[12:54:07.710]: (-1.7, 1.1, 0.6) 8
[12:54:07.732]: (-1.7, 1.2, 0.6) 8
[12:54:07.755]: (-1.6, 1.2, 0.6) 8
[12:54:07.777]: (-1.6, 1.1, 0.6) 11
[12:54:07.938]: (-1.5, 2.5, 2.2) 29
[12:54:07.960]: (-1.4, 2.6, 2.1) 29
[12:54:07.983]: (-1.4, 2.6, 2.1) 28
[12:54:08.004]: (-1.3, 2.6, 2.1) 28
[12:54:08.025]: (-1.3, 2.6, 2.1) 28
[12:54:08.862]: (-1.5, 3.2, 2.2) 34
[12:54:09.153]: (-1.4, 3.3, 2.2) 34
[12:54:09.408]: (0.2, 3.0, 1.8) 26
[12:54:09.448]: (0.2, 3.0, 1.8) 26
[12:54:09.469]: (0.2, 3.1, 1.8) 26
[12:54:10.006]: (1.2, 4.0, 2.6) 37
[12:54:10.498]: (0.1, 3.1, 1.8) 28
[12:54:11.130]: (-1.1, 3.6, 1.9) 34
[12:54:11.153]: (-1.1, 3.6, 1.9) 34
[12:54:11.286]: (-1.1, 3.6, 2.0) 34
[12:54:11.308]: (-1.1, 3.6, 2.0) 34
[12:54:11.557]: (-1.0, 3.7, 1.8) 34
[12:54:11.581]: (-1.0, 3.7, 1.8) 34
[12:54:11.604]: (-1.0, 3.7, 1.8) 34
[12:54:11.626]: (-1.1, 3.8, 1.8) 34
[12:54:11.650]: (-1.0, 3.7, 1.8) 34
[12:54:11.674]: (-1.0, 3.7, 1.8) 34
[12:54:11.696]: (-1.0, 3.7, 1.8) 34
[12:54:11.731]: (-1.0, 3.8, 1.8) 34
[12:54:11.759]: (-1.0, 3.8, 1.8) 34
[12:54:11.781]: (-1.0, 3.7, 1.8) 34
[12:54:11.806]: (-1.0, 3.7, 1.8) 34
[12:54:11.837]: (-1.0, 3.7, 1.8) 34
[12:54:11.869]: (-1.0, 3.7, 1.8) 34
[12:54:11.985]: (-1.0, 3.7, 1.8) 34
[12:54:12.010]: (-1.1, 3.7, 1.8) 34
[12:54:12.334]: (-0.9, 3.7, 1.9) 34
[12:54:13.680]: (0.2, 3.1, 1.6) 25
[12:54:16.250]: (-1.2, 2.1, 0.8) 8
[12:54:16.274]: (-1.2, 2.0, 0.7) 11
[12:54:16.296]: (-1.2, 2.0, 0.7) 11
[12:54:16.318]: (-1.2, 2.0, 0.7) 11
[12:54:16.340]: (-1.2, 2.0, 0.7) 11
[12:54:16.362]: (-1.2, 2.0, 0.7) 11
[12:54:16.384]: (-1.2, 2.0, 0.7) 11
[12:54:16.518]: (-1.3, 2.3, 0.8) 4
[12:54:16.542]: (-1.3, 2.3, 0.7) 4
[12:54:16.562]: (-1.3, 2.3, 0.7) 4
[12:54:16.584]: (-1.3, 2.3, 0.7) 9
[12:54:16.608]: (-1.3, 2.3, 0.7) 4
[12:54:16.628]: (-1.3, 2.3, 0.7) 4
[12:54:16.651]: (-1.3, 2.3, 0.7) 9
[12:54:16.674]: (-1.3, 2.3, 0.8) 4
[12:54:16.691]: (-1.3, 2.3, 0.7) 4
[12:54:16.708]: (-1.3, 2.3, 0.8) 4
[12:54:16.724]: (-1.3, 2.3, 0.8) 4
[12:54:16.740]: (-1.3, 2.3, 0.8) 4
[12:54:16.757]: (-1.3, 2.3, 0.8) 4
[12:54:16.774]: (-1.3, 2.3, 0.8) 4
[12:54:16.790]: (-1.3, 2.3, 0.8) 4
[12:54:16.884]: (-1.5, 2.8, 1.2) 12
[12:54:16.948]: (-1.5, 2.8, 1.2) 12
[12:54:16.979]: (-1.5, 2.8, 1.2) 12
[12:54:16.995]: (-1.5, 2.8, 1.2) 12
[12:54:17.012]: (-1.5, 2.8, 1.2) 12
[12:54:17.030]: (-1.2, 2.4, 0.7) 9
[12:54:17.048]: (-1.2, 2.4, 0.7) 9
[12:54:17.065]: (-1.2, 2.4, 0.7) 9
[12:54:17.084]: (-1.2, 2.4, 0.7) 9
[12:54:17.105]: (-1.2, 2.4, 0.7) 9
[12:54:17.126]: (-1.2, 2.4, 0.7) 9
[12:54:17.147]: (-1.2, 2.4, 0.7) 9
[12:54:17.168]: (-1.2, 2.4, 0.7) 9
[12:54:17.189]: (-1.2, 2.4, 0.8) 4
[12:54:17.211]: (-1.2, 2.4, 0.8) 4
[12:54:17.232]: (-1.2, 2.4, 0.7) 9
[12:54:17.253]: (-1.2, 2.4, 0.7) 9
[12:54:17.384]: (-1.1, 2.4, 0.8) 9
[12:54:17.408]: (-1.3, 2.9, 1.2) 14
[12:54:17.431]: (-1.3, 2.9, 1.2) 14
[12:54:17.518]: (-1.3, 2.9, 1.2) 12
[12:54:17.540]: (-1.2, 2.8, 1.1) 13
[12:54:17.562]: (-1.2, 2.8, 1.1) 13
[12:54:17.680]: (-1.3, 2.8, 1.2) 13
[12:54:17.701]: (-1.2, 2.7, 1.2) 13
[12:54:17.743]: (-1.0, 2.2, 0.9) 9
[12:54:17.765]: (-1.0, 2.2, 0.9) 9
[12:54:17.786]: (-1.0, 2.2, 0.9) 9
[12:54:17.804]: (-1.0, 2.2, 0.9) 9
[12:54:17.820]: (-1.1, 2.2, 1.0) 4
[12:54:17.837]: (-1.1, 2.2, 0.9) 9
[12:54:17.854]: (-1.1, 2.2, 1.0) 4
[12:54:17.871]: (-1.1, 2.2, 1.0) 4
[12:54:18.161]: (-1.3, 2.9, 1.3) 15
[12:54:18.184]: (-1.3, 2.9, 1.3) 15
[12:54:18.208]: (-1.4, 2.9, 1.3) 15
[12:54:18.229]: (-1.4, 2.9, 1.3) 15
[12:54:18.250]: (-1.3, 2.9, 1.3) 15
[12:54:18.273]: (-1.3, 2.9, 1.3) 15
[12:54:18.295]: (-1.3, 2.9, 1.3) 15
[12:54:18.317]: (-1.3, 2.9, 1.3) 15
[12:54:18.339]: (-1.3, 2.9, 1.3) 15
[12:54:18.362]: (-1.3, 2.9, 1.3) 15
[12:54:18.384]: (-1.3, 2.9, 1.3) 15
[12:54:18.406]: (-1.3, 2.9, 1.3) 15
[12:54:18.495]: (-1.0, 2.4, 0.8) 9
[12:54:18.517]: (-1.0, 2.4, 0.8) 9
[12:54:18.540]: (-1.0, 2.4, 0.8) 9
[12:54:18.562]: (-1.0, 2.3, 0.8) 9
[12:54:18.582]: (-1.0, 2.4, 0.8) 9
[12:54:18.604]: (-1.0, 2.4, 0.8) 9
[12:54:18.626]: (-1.0, 2.4, 0.8) 9
[12:54:18.647]: (-1.0, 2.4, 0.8) 9
[12:54:18.670]: (-2.0, 3.6, 1.9) 45
[12:54:18.693]: (-1.8, 3.4, 1.7) 43
[12:54:18.714]: (-1.8, 3.4, 1.7) 43
[12:54:18.734]: (-1.8, 3.4, 1.8) 43
[12:54:18.755]: (-1.8, 3.4, 1.8) 43
[12:54:18.779]: (-1.8, 3.4, 1.8) 43
[12:54:18.800]: (-1.8, 3.4, 1.8) 43
[12:54:18.823]: (-1.9, 3.4, 1.7) 43
[12:54:18.845]: (-1.9, 3.4, 1.7) 43
[12:54:18.868]: (-1.9, 3.4, 1.7) 43
[12:54:18.890]: (-1.9, 3.4, 1.7) 43
[12:54:18.912]: (-1.9, 3.4, 1.7) 43
[12:54:18.993]: (-1.0, 2.3, 0.7) 9
[12:54:19.014]: (-1.0, 2.3, 0.7) 9
[12:54:19.036]: (-1.1, 2.3, 0.7) 9
[12:54:19.096]: (-1.3, 2.8, 1.1) 12
[12:54:19.197]: (-1.4, 2.9, 1.1) 15
[12:54:19.218]: (-1.4, 2.9, 1.1) 15
[12:54:19.240]: (-1.4, 2.9, 1.1) 15
[12:54:19.260]: (-1.4, 2.9, 1.1) 15
[12:54:19.283]: (-1.4, 2.9, 1.1) 15
[12:54:19.450]: (-2.1, 3.5, 1.6) 45
[12:54:19.473]: (-2.1, 3.5, 1.6) 45
[12:54:19.495]: (-2.1, 3.5, 1.6) 45
[12:54:19.516]: (-2.0, 3.4, 1.5) 43
[12:54:19.539]: (-2.0, 3.4, 1.5) 43
[12:54:19.561]: (-1.9, 3.4, 1.5) 43
[12:54:19.584]: (-1.9, 3.4, 1.5) 43
[12:54:19.603]: (-1.9, 3.4, 1.5) 43
[12:54:19.618]: (-1.9, 3.4, 1.5) 43
[12:54:19.636]: (-1.9, 3.4, 1.5) 43
[12:54:19.652]: (-1.9, 3.4, 1.5) 43
[12:54:19.670]: (-1.9, 3.4, 1.5) 43
[12:54:19.686]: (-1.9, 3.4, 1.5) 43
[12:54:19.703]: (-1.9, 3.4, 1.5) 43
[12:54:19.719]: (-1.9, 3.4, 1.5) 43
[12:54:19.737]: (-1.9, 3.4, 1.5) 43
[12:54:19.753]: (-1.9, 3.4, 1.6) 43
[12:54:19.771]: (-1.9, 3.4, 1.6) 43
[12:54:19.790]: (-1.9, 3.4, 1.6) 43
[12:54:19.807]: (-1.9, 3.4, 1.6) 43
[12:54:19.887]: (-1.4, 2.9, 1.1) 15
[12:54:19.903]: (-1.4, 2.9, 1.1) 15
[12:54:19.920]: (-1.4, 2.9, 1.1) 15
[12:54:19.936]: (-1.4, 2.9, 1.1) 15
[12:54:19.951]: (-1.4, 2.9, 1.1) 15
[12:54:19.968]: (-1.4, 2.9, 1.1) 15
[12:54:19.985]: (-1.4, 2.9, 1.1) 15
[12:54:20.002]: (-1.4, 2.9, 1.1) 15
[12:54:20.019]: (-1.4, 2.9, 1.1) 15
[12:54:20.036]: (-1.4, 2.9, 1.1) 15
[12:54:20.327]: (-1.4, 2.9, 1.1) 15
[12:54:20.349]: (-1.4, 2.9, 1.1) 15
[12:54:20.371]: (-1.4, 2.9, 1.1) 15
[12:54:20.394]: (-1.4, 2.9, 1.1) 15
[12:54:20.417]: (-1.4, 2.9, 1.1) 15
[12:54:20.439]: (-1.4, 2.9, 1.1) 15
[12:54:20.461]: (-1.4, 2.9, 1.1) 15
[12:54:20.580]: (-1.4, 2.9, 1.1) 15
[12:54:20.641]: (-1.4, 2.9, 1.1) 15
[12:54:20.811]: (-1.4, 2.9, 1.1) 15
[12:54:20.828]: (-1.4, 2.9, 1.1) 15
[12:54:20.984]: (-1.4, 2.9, 1.1) 15
[12:54:21.004]: (-1.4, 2.9, 1.1) 15
[12:54:21.026]: (-1.4, 2.9, 1.1) 15
[12:54:21.049]: (-1.4, 2.9, 1.1) 15
[12:54:21.138]: (-1.4, 2.9, 1.1) 15
[12:54:21.161]: (-1.4, 2.9, 1.1) 15
[12:54:21.183]: (-1.4, 2.9, 1.1) 15
[12:54:21.205]: (-1.4, 2.9, 1.1) 15
[12:54:21.227]: (-1.4, 2.9, 1.1) 15
[12:54:21.249]: (-1.4, 2.9, 1.1) 15
[12:54:21.271]: (-1.4, 2.9, 1.1) 15
[12:54:21.293]: (-1.4, 2.9, 1.0) 15
[12:54:21.315]: (-1.4, 2.9, 1.0) 15
[12:54:21.338]: (-1.4, 2.9, 1.1) 15
[12:54:21.359]: (-1.4, 2.9, 1.0) 15
[12:54:21.384]: (-1.4, 2.9, 1.0) 15
[12:54:21.401]: (-1.4, 2.9, 1.0) 15
[12:54:21.417]: (-1.4, 2.9, 1.0) 15
[12:54:21.433]: (-1.4, 2.9, 1.0) 15
[12:54:21.450]: (-1.4, 2.9, 1.0) 15
[12:54:21.496]: (-1.4, 2.9, 1.1) 15
[12:54:21.513]: (-1.4, 2.9, 1.1) 15
[12:54:21.804]: (-1.4, 2.9, 1.1) 15
[12:54:21.826]: (-1.4, 2.9, 1.1) 15
[12:54:21.982]: (-1.9, 3.5, 1.5) 41
[12:54:22.004]: (-1.9, 3.5, 1.5) 41
[12:54:22.028]: (-1.4, 2.9, 1.0) 15
[12:54:22.048]: (-1.4, 2.9, 1.0) 15
[12:54:22.071]: (-1.4, 2.9, 1.1) 15
[12:54:22.092]: (-1.4, 2.9, 1.1) 15
[12:54:22.115]: (-1.4, 2.9, 1.1) 15
[12:54:22.138]: (-1.4, 2.9, 1.1) 15
[12:54:22.160]: (-1.4, 2.9, 1.1) 15
[12:54:22.183]: (-1.4, 2.9, 1.1) 15
[12:54:22.204]: (-1.4, 2.9, 1.1) 15
[12:54:22.226]: (-1.4, 2.9, 1.1) 15
[12:54:22.248]: (-1.4, 2.9, 1.1) 15
[12:54:22.265]: (-1.4, 2.9, 1.0) 15
[12:54:22.283]: (-1.4, 2.9, 1.0) 15
[12:54:22.301]: (-1.4, 2.9, 1.1) 15
[12:54:22.317]: (-1.4, 2.9, 1.1) 15
[12:54:22.335]: (-1.4, 2.9, 1.1) 15
[12:54:22.351]: (-1.4, 2.9, 1.1) 15
[12:54:22.368]: (-1.4, 2.9, 1.1) 15
[12:54:22.383]: (-1.4, 2.9, 1.1) 15
[12:54:22.399]: (-1.4, 2.9, 1.1) 15
[12:54:22.417]: (-1.4, 2.9, 1.1) 15
[12:54:22.434]: (-1.4, 2.9, 1.1) 15
[12:54:22.450]: (-1.4, 2.9, 1.1) 15
[12:54:22.466]: (-1.4, 2.9, 1.1) 15
[12:54:22.482]: (-1.4, 2.9, 1.1) 15
[12:54:22.499]: (-1.4, 2.9, 1.0) 15
[12:54:22.516]: (-1.5, 3.0, 1.0) 17
[12:54:22.563]: (-1.9, 3.4, 1.5) 43
[12:54:22.580]: (-1.9, 3.4, 1.5) 41
[12:54:22.596]: (-1.4, 2.9, 1.0) 15
[12:54:22.612]: (-1.4, 2.9, 1.0) 15
[12:54:22.628]: (-1.4, 2.9, 1.0) 15
[12:54:22.645]: (-1.4, 2.9, 1.0) 15
[12:54:22.662]: (-1.9, 3.5, 1.5) 41
[12:54:22.682]: (-1.9, 3.5, 1.5) 41
[12:54:22.705]: (-1.9, 3.5, 1.5) 41
[12:54:22.726]: (-2.0, 3.6, 1.5) 44
[12:54:22.748]: (-1.9, 3.5, 1.5) 41
[12:54:22.770]: (-1.9, 3.5, 1.5) 41
[12:54:22.793]: (-1.9, 3.5, 1.5) 41
[12:54:22.815]: (-1.9, 3.5, 1.5) 41
[12:54:22.837]: (-2.0, 3.6, 1.5) 44
[12:54:22.860]: (-2.0, 3.5, 1.6) 44
[12:54:22.881]: (-2.0, 3.5, 1.6) 44
[12:54:22.903]: (-2.0, 3.5, 1.6) 44
[12:54:22.927]: (-2.0, 3.5, 1.6) 44
[12:54:22.948]: (-2.0, 3.5, 1.6) 44
[12:54:22.971]: (-2.0, 3.5, 1.6) 44
[12:54:22.993]: (-2.0, 3.5, 1.6) 44
[12:54:23.016]: (-2.0, 3.5, 1.6) 44
[12:54:23.037]: (-2.0, 3.6, 1.6) 44
[12:54:23.060]: (-2.0, 3.6, 1.5) 44
[12:54:23.082]: (-2.0, 3.6, 1.5) 44
[12:54:23.103]: (-2.0, 3.6, 1.5) 44
[12:54:23.127]: (-2.0, 3.6, 1.5) 44
[12:54:23.148]: (-2.0, 3.6, 1.5) 44
[12:54:23.164]: (-2.0, 3.6, 1.5) 44
[12:54:23.181]: (-2.0, 3.6, 1.5) 44
[12:54:23.197]: (-2.0, 3.6, 1.5) 44
[12:54:23.215]: (-2.0, 3.6, 1.5) 44
[12:54:23.231]: (-2.0, 3.6, 1.5) 44
[12:54:23.249]: (-2.0, 3.6, 1.5) 44
[12:54:23.265]: (-2.0, 3.6, 1.5) 44
[12:54:23.282]: (-2.0, 3.6, 1.5) 44
[12:54:23.659]: (-2.1, 3.6, 1.6) 45
[12:54:23.681]: (-2.1, 3.5, 1.6) 45
[12:54:23.704]: (-2.1, 3.5, 1.6) 45
[12:54:23.727]: (-2.0, 3.5, 1.5) 41
[12:54:23.749]: (-1.4, 2.9, 1.1) 15
[12:54:23.770]: (-1.4, 2.9, 1.1) 15
[12:54:23.793]: (-1.4, 2.9, 1.1) 15
[12:54:23.816]: (-1.4, 2.9, 1.1) 15
[12:54:23.836]: (-1.4, 2.9, 1.1) 15
[12:54:23.859]: (-1.4, 2.9, 1.1) 15
[12:54:23.881]: (-1.4, 2.9, 1.1) 15
[12:54:23.903]: (-1.4, 2.9, 1.1) 15
[12:54:23.926]: (-1.4, 2.9, 1.1) 15
[12:54:23.947]: (-1.4, 2.9, 1.1) 15
[12:54:23.970]: (-1.4, 2.9, 1.1) 15
[12:54:23.992]: (-1.4, 2.9, 1.1) 15
[12:54:24.014]: (-1.4, 2.9, 1.1) 15
[12:54:24.031]: (-1.4, 2.9, 1.1) 15
[12:54:24.049]: (-1.4, 2.9, 1.1) 15
[12:54:24.067]: (-1.4, 2.9, 1.1) 15
[12:54:24.083]: (-1.4, 2.9, 1.1) 15
[12:54:24.099]: (-1.4, 2.9, 1.1) 15
[12:54:24.117]: (-1.4, 2.9, 1.1) 15
[12:54:24.134]: (-1.4, 2.9, 1.1) 15
[12:54:24.151]: (-1.4, 2.9, 1.1) 15
[12:54:24.168]: (-1.4, 2.9, 1.1) 15
[12:54:24.184]: (-1.4, 2.9, 1.1) 15
[12:54:24.201]: (-1.4, 2.9, 1.1) 15
[12:54:24.216]: (-1.4, 2.9, 1.1) 15
[12:54:24.233]: (-1.4, 2.9, 1.1) 15
[12:54:24.249]: (-1.4, 2.9, 1.1) 15
[12:54:24.264]: (-1.4, 2.9, 1.1) 15
[12:54:24.280]: (-1.4, 2.9, 1.1) 15
[12:54:24.297]: (-1.4, 2.9, 1.1) 15
[12:54:24.314]: (-1.4, 2.9, 1.1) 15
[12:54:24.330]: (-1.4, 2.9, 1.1) 15
[12:54:24.346]: (-1.4, 2.9, 1.1) 15
[12:54:24.362]: (-1.4, 2.9, 1.1) 15
[12:54:24.380]: (-1.4, 2.9, 1.1) 15
[12:54:24.398]: (-1.4, 2.9, 1.1) 15
[12:54:24.416]: (-1.4, 2.9, 1.1) 15
[12:54:24.433]: (-1.4, 2.9, 1.1) 15
[12:54:24.450]: (-1.4, 2.9, 1.1) 15
[12:54:24.467]: (-1.4, 2.9, 1.1) 15
[12:54:24.483]: (-1.4, 2.9, 1.1) 15
[12:54:24.499]: (-1.4, 2.9, 1.1) 15
[12:54:24.516]: (-1.4, 2.9, 1.1) 15
[12:54:24.537]: (-1.4, 2.9, 1.1) 15
[12:54:24.558]: (-1.4, 2.9, 1.1) 15
[12:54:24.581]: (-1.4, 2.9, 1.1) 15
[12:54:24.604]: (-1.4, 2.9, 1.1) 15
[12:54:24.625]: (-1.4, 2.9, 1.1) 15
[12:54:24.692]: (-1.4, 2.9, 1.1) 15
[12:54:24.714]: (-1.4, 2.9, 1.1) 15
[12:54:24.736]: (-1.4, 2.9, 1.1) 15
[12:54:24.759]: (-1.4, 2.9, 1.1) 15
[12:54:24.781]: (-1.4, 2.9, 1.1) 15
[12:54:24.803]: (-1.4, 2.9, 1.1) 15
[12:54:24.825]: (-1.4, 2.9, 1.1) 15
[12:54:24.847]: (-1.4, 2.9, 1.1) 15
[12:54:24.870]: (-1.4, 2.9, 1.1) 15
[12:54:24.892]: (-1.4, 2.9, 1.1) 15
[12:54:24.915]: (-1.4, 2.9, 1.1) 15
[12:54:24.933]: (-1.4, 2.9, 1.1) 15
[12:54:24.949]: (-1.4, 2.9, 1.0) 15
[12:54:24.964]: (-1.4, 2.9, 1.0) 15
[12:54:24.981]: (-1.4, 2.9, 1.0) 15
[12:54:24.998]: (-1.4, 2.9, 1.0) 15
[12:54:25.016]: (-1.4, 2.9, 1.0) 15
[12:54:25.032]: (-1.4, 2.9, 1.0) 15
[12:54:25.050]: (-1.4, 2.9, 1.1) 15
[12:54:25.068]: (-1.9, 3.5, 1.5) 41
[12:54:25.083]: (-1.9, 3.5, 1.5) 41
[12:54:25.099]: (-1.9, 3.5, 1.5) 41
[12:54:25.117]: (-1.9, 3.5, 1.5) 41
[12:54:25.133]: (-1.9, 3.5, 1.5) 41
[12:54:25.150]: (-1.9, 3.5, 1.5) 41
[12:54:25.168]: (-1.9, 3.5, 1.5) 41
[12:54:25.185]: (-1.9, 3.5, 1.5) 41
[12:54:25.201]: (-1.4, 2.9, 1.0) 15
[12:54:25.217]: (-1.4, 2.9, 1.0) 15
[12:54:25.233]: (-1.4, 2.9, 1.0) 15
[12:54:25.249]: (-1.4, 2.9, 1.0) 15
[12:54:25.265]: (-1.4, 2.9, 1.0) 15
[12:54:25.282]: (-1.5, 2.9, 1.0) 15
[12:54:25.298]: (-1.9, 3.4, 1.5) 43
[12:54:25.316]: (-1.2, 2.8, 0.9) 13
[12:54:25.333]: (-1.1, 2.8, 1.0) 13
[12:54:25.350]: (-1.1, 2.8, 1.0) 13
[12:54:25.367]: (-1.1, 2.8, 1.0) 13
[12:54:25.382]: (-1.1, 2.8, 1.0) 13
[12:54:25.398]: (-1.1, 2.8, 1.0) 13
[12:54:25.414]: (-1.1, 2.8, 1.0) 13
[12:54:25.437]: (-1.2, 2.9, 1.1) 12
[12:54:25.459]: (-1.2, 2.9, 1.1) 12
[12:54:25.482]: (-1.2, 2.9, 1.1) 12
[12:54:25.503]: (-1.2, 2.9, 1.1) 12
[12:54:25.525]: (-1.2, 2.9, 1.1) 12
[12:54:25.548]: (-1.2, 2.8, 1.0) 13
[12:54:25.571]: (-1.2, 2.8, 1.0) 13
[12:54:25.592]: (-1.2, 2.8, 1.0) 13
[12:54:25.614]: (-1.2, 2.8, 0.9) 13
[12:54:25.637]: (-1.4, 2.9, 1.0) 15
[12:54:25.659]: (-1.9, 3.4, 1.5) 43
[12:54:25.681]: (-1.9, 3.4, 1.5) 43
[12:54:25.704]: (-1.9, 3.5, 1.5) 41
[12:54:25.726]: (-1.9, 3.5, 1.5) 41
[12:54:25.748]: (-1.9, 3.5, 1.5) 41
[12:54:25.770]: (-1.9, 3.5, 1.5) 41
[12:54:25.793]: (-1.9, 3.5, 1.5) 41
[12:54:25.814]: (-1.9, 3.5, 1.5) 41
[12:54:25.831]: (-1.9, 3.5, 1.5) 41
[12:54:25.849]: (-1.9, 3.5, 1.5) 41
[12:54:25.867]: (-1.9, 3.5, 1.5) 41
[12:54:25.883]: (-1.4, 2.9, 1.1) 15
[12:54:25.900]: (-1.9, 3.5, 1.5) 41
[12:54:25.916]: (-1.9, 3.5, 1.5) 41
[12:54:25.933]: (-1.4, 2.9, 1.0) 15
[12:54:25.951]: (-1.4, 2.9, 1.0) 15
[12:54:25.968]: (-1.4, 2.9, 1.0) 15
[12:54:25.985]: (-1.9, 3.5, 1.6) 41
[12:54:26.003]: (-1.4, 2.9, 1.0) 15
[12:54:26.019]: (-1.4, 2.9, 1.0) 15
[12:54:26.036]: (-1.4, 2.9, 1.0) 15
[12:54:26.052]: (-1.4, 2.9, 1.1) 15
[12:54:26.068]: (-1.4, 2.9, 1.1) 15
[12:54:26.084]: (-1.9, 3.4, 1.6) 43
[12:54:26.101]: (-1.4, 2.9, 1.1) 15
[12:54:26.117]: (-1.4, 2.9, 1.1) 15
[12:54:26.134]: (-1.4, 2.9, 1.1) 15
[12:54:26.150]: (-1.4, 2.9, 1.1) 15
[12:54:26.168]: (-1.4, 2.9, 1.1) 15
[12:54:26.184]: (-1.4, 2.9, 1.1) 15
[12:54:26.201]: (-1.4, 2.9, 1.1) 15
[12:54:26.217]: (-1.4, 2.9, 1.1) 15
[12:54:26.234]: (-1.4, 2.9, 1.1) 15
[12:54:26.250]: (-1.4, 2.9, 1.1) 15
[12:54:26.268]: (-1.4, 2.9, 1.1) 15
[12:54:26.284]: (-1.4, 2.9, 1.1) 15
[12:54:26.303]: (-1.4, 2.9, 1.1) 15
[12:54:26.326]: (-1.4, 2.9, 1.1) 15
[12:54:26.347]: (-1.4, 2.9, 1.1) 15
[12:54:26.369]: (-1.4, 2.9, 1.1) 15
[12:54:26.392]: (-1.4, 2.9, 1.1) 15
[12:54:26.415]: (-1.4, 2.9, 1.1) 15
[12:54:26.437]: (-1.4, 2.9, 1.1) 15
[12:54:26.459]: (-1.4, 2.9, 1.1) 15
[12:54:26.481]: (-1.4, 2.9, 1.1) 15
[12:54:26.503]: (-1.4, 2.9, 1.1) 15
[12:54:26.526]: (-1.4, 2.9, 1.1) 15
[12:54:26.547]: (-1.9, 3.4, 1.6) 43
[12:54:26.570]: (-1.9, 3.4, 1.6) 43
[12:54:26.593]: (-1.4, 2.9, 1.1) 15
[12:54:26.615]: (-1.4, 2.9, 1.1) 15
[12:54:26.637]: (-1.4, 2.9, 1.1) 15
[12:54:26.659]: (-1.4, 2.9, 1.1) 15
[12:54:26.681]: (-1.4, 2.9, 1.1) 15
[12:54:26.703]: (-1.4, 2.9, 1.1) 15
[12:54:26.721]: (-1.4, 2.9, 1.1) 15
[12:54:26.738]: (-1.4, 2.9, 1.1) 15
[12:54:26.754]: (-1.4, 2.9, 1.1) 15
[12:54:26.770]: (-1.4, 2.9, 1.1) 15
[12:54:26.787]: (-1.4, 2.9, 1.1) 15
[12:54:26.803]: (-1.4, 2.9, 1.1) 15
[12:54:26.821]: (-1.4, 2.9, 1.1) 15
[12:54:26.840]: (-1.4, 2.9, 1.1) 15
[12:54:26.859]: (-1.4, 2.9, 1.1) 15
[12:54:26.875]: (-1.4, 2.9, 1.1) 15
[12:54:26.892]: (-1.4, 2.9, 1.1) 15
[12:54:26.910]: (-1.4, 2.9, 1.1) 15
[12:54:26.928]: (-1.4, 2.9, 1.1) 15
[12:54:26.945]: (-1.4, 2.9, 1.1) 15
[12:54:26.960]: (-1.4, 2.9, 1.1) 15
[12:54:26.977]: (-1.4, 2.9, 1.0) 15
[12:54:26.994]: (-1.4, 2.9, 1.0) 15
[12:54:27.011]: (-1.4, 2.9, 1.0) 15
[12:54:27.026]: (-1.4, 2.9, 1.0) 15
[12:54:27.043]: (-1.4, 2.9, 1.0) 15
[12:54:27.059]: (-1.4, 2.9, 1.0) 15
[12:54:27.076]: (-1.4, 2.9, 1.0) 15
[12:54:27.093]: (-1.4, 2.9, 1.0) 15
[12:54:27.110]: (-1.4, 2.9, 1.0) 15
[12:54:27.128]: (-1.4, 2.9, 1.1) 15
[12:54:27.163]: (-1.3, 2.7, 0.9) 13
[12:54:27.182]: (-1.3, 2.7, 0.9) 13
[12:54:27.199]: (-1.3, 2.7, 0.9) 13
[12:54:27.218]: (-1.3, 2.7, 0.9) 13
[12:54:27.237]: (-1.3, 2.7, 0.9) 13
[12:54:27.258]: (-1.3, 2.7, 0.9) 13
[12:54:27.280]: (-1.3, 2.7, 0.9) 13
[12:54:27.302]: (-1.3, 2.7, 0.9) 13
[12:54:27.326]: (-1.3, 2.7, 0.9) 13
[12:54:27.353]: (-1.5, 2.8, 1.0) 15
[12:54:27.380]: (-1.5, 2.8, 1.0) 15
[12:54:27.403]: (-1.6, 2.8, 1.0) 15
[12:54:27.426]: (-2.1, 3.3, 1.5) 41
[12:54:27.449]: (-2.1, 3.4, 1.5) 44
[12:54:27.470]: (-2.1, 3.4, 1.5) 44
[12:54:27.493]: (-2.1, 3.4, 1.5) 44
[12:54:27.515]: (-2.1, 3.4, 1.5) 44
[12:54:27.538]: (-2.2, 3.4, 1.6) 45
[12:54:27.562]: (-2.0, 3.4, 1.5) 41
[12:54:27.586]: (-2.0, 3.3, 1.5) 43
[12:54:27.756]: (-2.0, 3.3, 1.5) 43
[12:54:27.779]: (-2.0, 3.3, 1.5) 43
[12:54:27.850]: (-2.0, 3.5, 1.6) 45
[12:54:27.901]: (-1.9, 3.5, 1.6) 44
[12:54:27.925]: (-1.3, 2.8, 1.1) 15
[12:54:27.948]: (-1.3, 2.8, 1.1) 15
[12:54:27.965]: (-1.3, 2.8, 1.1) 15
[12:54:27.985]: (-1.3, 2.8, 1.1) 15
[12:54:28.003]: (-1.3, 2.8, 1.1) 15
[12:54:28.021]: (-1.3, 2.8, 1.1) 15
[12:54:28.038]: (-1.3, 2.8, 1.1) 15
[12:54:28.082]: (-1.3, 2.8, 1.1) 15
[12:54:28.100]: (-1.3, 2.8, 1.1) 15
[12:54:28.117]: (-1.3, 2.8, 1.1) 15
[12:54:28.137]: (-1.4, 2.8, 1.1) 15
[12:54:28.156]: (-1.4, 2.8, 1.0) 15
[12:54:28.175]: (-1.4, 2.8, 1.0) 15
[12:54:28.195]: (-1.4, 2.8, 1.0) 15
[12:54:28.213]: (-1.4, 2.8, 1.0) 15
[12:54:28.230]: (-1.4, 2.8, 1.1) 15
[12:54:28.248]: (-1.3, 2.8, 1.0) 15
[12:54:28.269]: (-1.3, 2.8, 1.0) 15
[12:54:28.293]: (-1.3, 2.8, 1.0) 15
[12:54:28.313]: (-1.3, 2.8, 1.0) 15
[12:54:28.337]: (-1.3, 2.8, 1.0) 15
[12:54:28.359]: (-1.3, 2.8, 1.0) 15
[12:54:28.379]: (-1.4, 2.8, 1.1) 15
[12:54:28.403]: (-1.4, 2.8, 1.1) 15
[12:54:28.449]: (-1.4, 2.8, 1.1) 15
[12:54:28.581]: (-1.3, 2.8, 1.1) 15
[12:54:28.601]: (-1.3, 2.8, 1.1) 15
[12:54:28.624]: (-1.3, 2.8, 1.1) 15
[12:54:28.646]: (-1.4, 2.8, 1.1) 15
[12:54:28.663]: (-1.4, 2.8, 1.1) 15
[12:54:28.681]: (-1.4, 2.8, 1.0) 15
[12:54:28.697]: (-1.4, 2.8, 1.0) 15
[12:54:28.714]: (-1.3, 2.8, 1.1) 15
[12:54:28.730]: (-1.3, 2.8, 1.1) 15
[12:54:28.747]: (-1.4, 2.8, 1.1) 15
[12:54:28.764]: (-1.3, 2.8, 1.1) 15
[12:54:28.781]: (-1.3, 2.8, 1.1) 15
[12:54:28.797]: (-1.3, 2.8, 1.0) 15
[12:54:28.813]: (-1.3, 2.8, 1.0) 15
[12:54:28.830]: (-1.3, 2.8, 1.1) 15
[12:54:28.848]: (-1.3, 2.8, 1.1) 15
[12:54:28.866]: (-1.3, 2.8, 1.1) 15
[12:54:28.883]: (-1.3, 2.8, 1.1) 15
[12:54:28.916]: (-1.3, 2.8, 1.1) 15
[12:54:28.962]: (-1.4, 2.8, 1.1) 15
[12:54:28.979]: (-1.4, 2.8, 1.1) 15
[12:54:28.996]: (-1.4, 2.8, 1.1) 15
[12:54:29.058]: (-1.8, 3.3, 1.6) 43
[12:54:29.079]: (-1.8, 3.4, 1.6) 43
[12:54:29.102]: (-1.8, 3.4, 1.6) 43
[12:54:29.124]: (-1.8, 3.3, 1.6) 43
[12:54:29.146]: (-1.8, 3.3, 1.6) 43
[12:54:29.168]: (-1.8, 3.3, 1.6) 43
[12:54:29.435]: (-1.8, 3.3, 1.6) 43
[12:54:29.457]: (-1.8, 3.3, 1.6) 43
[12:54:29.501]: (-1.8, 3.3, 1.6) 43
[12:54:29.523]: (-1.8, 3.3, 1.6) 43
[12:54:29.545]: (-1.8, 3.3, 1.6) 43
[12:54:29.562]: (-1.8, 3.3, 1.6) 43
[12:54:29.579]: (-1.8, 3.3, 1.6) 43
[12:54:29.598]: (-1.8, 3.3, 1.6) 43
[12:54:29.616]: (-1.8, 3.3, 1.6) 43
[12:54:29.633]: (-1.8, 3.3, 1.6) 43
[12:54:29.656]: (-1.8, 3.3, 1.6) 43
[12:54:29.677]: (-1.8, 3.3, 1.6) 43
[12:54:29.736]: (-1.8, 3.3, 1.6) 43
[12:54:29.757]: (-1.8, 3.3, 1.6) 43
[12:54:29.780]: (-1.8, 3.3, 1.6) 43
[12:54:29.802]: (-1.8, 3.3, 1.6) 43
[12:54:29.824]: (-1.8, 3.3, 1.6) 43
[12:54:29.849]: (-1.8, 3.3, 1.6) 43
[12:54:29.870]: (-1.8, 3.3, 1.6) 43
[12:54:29.893]: (-1.8, 3.4, 1.6) 43
[12:54:29.917]: (-1.8, 3.4, 1.6) 43
[12:54:29.999]: (-1.7, 3.4, 1.6) 43
[12:54:30.664]: (-1.0, 2.7, 0.9) 13
[12:54:31.898]: (-1.6, 3.4, 1.5) 43
[12:54:31.920]: (-1.6, 3.4, 1.5) 43
[12:54:31.942]: (-1.6, 3.4, 1.5) 43
[12:54:31.963]: (-1.6, 3.4, 1.5) 43
[12:54:31.985]: (-1.6, 3.4, 1.5) 43
[12:54:32.007]: (-1.6, 3.4, 1.5) 43
[12:54:32.029]: (-1.6, 3.4, 1.5) 43
[12:54:32.050]: (-1.6, 3.4, 1.5) 43
[12:54:32.072]: (-1.6, 3.4, 1.5) 43
[12:54:32.094]: (-1.6, 3.4, 1.5) 43
[12:54:32.117]: (-1.6, 3.4, 1.6) 43
[12:54:32.138]: (-1.6, 3.4, 1.6) 43
[12:54:32.158]: (-1.6, 3.4, 1.6) 43
[12:54:32.200]: (-1.6, 3.4, 1.6) 43
[12:54:32.313]: (-1.5, 3.4, 1.6) 43
[12:54:32.345]: (-1.1, 2.8, 1.1) 15
[12:54:32.378]: (-0.9, 2.7, 1.0) 13
[12:54:32.446]: (-0.9, 2.7, 1.0) 13
[12:54:32.478]: (-0.9, 2.7, 1.0) 13
[12:54:32.511]: (-0.9, 2.7, 1.0) 13
[12:54:32.547]: (-0.9, 2.7, 1.0) 13
[12:54:32.578]: (-1.0, 2.9, 1.2) 17
[12:54:32.612]: (-1.0, 2.9, 1.2) 17
[12:54:32.645]: (-1.0, 2.8, 1.2) 17
[12:54:32.680]: (-1.0, 2.8, 1.2) 15
[12:54:32.712]: (-1.0, 2.8, 1.2) 15
[12:54:32.746]: (-1.5, 3.5, 1.9) 45
[12:54:32.778]: (-1.5, 3.3, 1.7) 43
[12:54:32.813]: (-1.4, 3.3, 1.8) 43
[12:54:32.845]: (-1.4, 3.3, 1.8) 43
[12:54:32.878]: (-1.4, 3.3, 1.8) 43
[12:54:32.900]: (-1.4, 3.2, 1.8) 43
[12:54:32.923]: (-1.4, 3.2, 1.8) 43
[12:54:32.945]: (-1.4, 3.2, 1.8) 43
[12:54:32.967]: (-1.4, 3.2, 1.8) 43
[12:54:32.991]: (-1.4, 3.2, 1.8) 43
[12:54:33.012]: (-1.4, 3.2, 1.8) 43
[12:54:33.034]: (-1.4, 3.2, 1.8) 43
[12:54:33.056]: (-1.4, 3.2, 1.8) 43
[12:54:33.078]: (-1.4, 3.2, 1.8) 43
[12:54:33.702]: (-1.0, 2.7, 1.3) 15
[12:54:33.725]: (-1.3, 3.2, 1.9) 43
[12:54:33.750]: (-1.3, 3.2, 1.9) 43
[12:54:33.771]: (-1.3, 3.2, 2.0) 43
[12:54:33.815]: (-1.3, 3.2, 1.9) 43
[12:54:33.904]: (-1.2, 3.2, 1.9) 43
[12:54:34.404]: (-0.5, 2.0, 1.0) 9
[12:54:34.666]: (-0.4, 3.3, 1.7) 31
[12:54:34.688]: (-0.5, 3.3, 1.7) 31
[12:54:35.777]: (0.2, 2.9, 1.3) 28
[12:54:35.955]: (0.2, 3.0, 1.4) 29
[12:54:35.977]: (0.2, 3.0, 1.4) 29
[12:54:36.000]: (0.2, 3.0, 1.3) 29
[12:54:36.021]: (0.2, 2.9, 1.3) 28
[12:54:36.043]: (0.2, 2.9, 1.3) 28
[12:54:36.066]: (0.2, 2.9, 1.3) 28
[12:54:36.088]: (0.2, 2.9, 1.3) 28
[12:54:36.151]: (0.2, 2.8, 1.2) 26
[12:54:36.172]: (0.2, 2.8, 1.2) 26
[12:54:36.667]: (-0.5, 2.6, 1.7) 29
[12:54:36.689]: (-0.5, 2.5, 1.6) 28
[12:54:36.790]: (-0.5, 2.5, 1.6) 28
[12:54:36.813]: (-0.5, 2.5, 1.6) 28
[12:54:36.834]: (-0.5, 2.5, 1.6) 28
[12:54:36.855]: (-0.5, 2.5, 1.6) 28
[12:54:36.879]: (-0.5, 2.5, 1.6) 28
[12:54:36.896]: (-0.5, 2.5, 1.6) 28
[12:54:36.913]: (-0.5, 2.5, 1.6) 28
[12:54:36.937]: (-0.5, 2.5, 1.6) 28
[12:54:36.958]: (-0.5, 2.5, 1.6) 28
[12:54:36.977]: (-0.5, 2.5, 1.6) 28
[12:54:36.998]: (-0.5, 2.5, 1.6) 28
[12:54:37.021]: (-0.5, 2.5, 1.6) 28
[12:54:37.043]: (-0.5, 2.5, 1.6) 28
[12:54:37.065]: (-0.5, 2.5, 1.6) 28
[12:54:37.087]: (-0.6, 2.5, 1.7) 29
[12:54:37.109]: (-0.6, 2.5, 1.7) 29
[12:54:37.132]: (-0.6, 2.5, 1.7) 29
[12:54:37.153]: (-0.6, 2.5, 1.7) 29
[12:54:37.176]: (-0.6, 2.5, 1.7) 29
[12:54:37.193]: (-0.6, 2.5, 1.7) 29
[12:54:37.210]: (-0.6, 2.5, 1.7) 29
[12:54:37.227]: (-0.6, 2.5, 1.7) 29
[12:54:37.275]: (-0.6, 2.5, 1.7) 29
[12:54:37.292]: (-0.6, 2.5, 1.7) 29
[12:54:37.384]: (-0.6, 2.5, 1.7) 29
[12:54:37.400]: (-0.6, 2.5, 1.7) 29
[12:54:37.416]: (-0.6, 2.5, 1.7) 29
[12:54:37.433]: (-0.6, 2.5, 1.7) 29
[12:54:37.732]: (-0.6, 2.4, 1.6) 28
[12:54:38.898]: (-0.3, 2.3, 1.7) 28
[12:54:38.919]: (-0.3, 2.2, 1.7) 28
[12:54:38.943]: (-0.3, 2.2, 1.7) 28
[12:54:38.964]: (-0.3, 2.2, 1.7) 28
[12:54:39.030]: (-0.3, 2.3, 1.7) 28
[12:54:39.053]: (-0.3, 2.3, 1.7) 28
[12:54:39.076]: (-0.3, 2.3, 1.7) 28
[12:54:39.100]: (-0.3, 2.3, 1.7) 28
[12:54:39.121]: (-0.4, 2.3, 1.7) 28
[12:54:39.145]: (-0.4, 2.2, 1.7) 28
[12:54:39.167]: (-0.4, 2.3, 1.7) 28
[12:54:39.191]: (-0.4, 2.3, 1.7) 28
[12:54:39.368]: (-0.4, 2.3, 1.7) 28
[12:54:39.392]: (-0.4, 2.4, 1.8) 29
[12:54:39.412]: (-0.4, 2.4, 1.8) 29
[12:54:39.436]: (-0.4, 2.3, 1.8) 29
[12:54:39.458]: (-0.4, 2.3, 1.8) 29
[12:54:39.479]: (-0.4, 2.3, 1.8) 29
[12:54:39.503]: (-0.4, 2.3, 1.8) 29
[12:54:39.524]: (-0.4, 2.3, 1.8) 29
[12:54:39.547]: (-0.4, 2.3, 1.7) 28
[12:54:39.568]: (-0.4, 2.3, 1.7) 28
[12:54:39.591]: (-0.4, 2.3, 1.7) 28
[12:54:39.613]: (-0.4, 2.3, 1.7) 28
[12:54:39.634]: (-0.4, 2.3, 1.7) 28
[12:54:39.658]: (-0.4, 2.3, 1.7) 28
[12:54:39.681]: (-0.4, 2.3, 1.7) 28
[12:54:39.702]: (-0.4, 2.3, 1.7) 28
[12:54:39.724]: (-0.4, 2.3, 1.7) 28
[12:54:39.747]: (-0.4, 2.3, 1.7) 28
[12:54:39.769]: (-0.4, 2.3, 1.7) 28
[12:54:39.792]: (-0.4, 2.3, 1.7) 28
[12:54:40.153]: (-0.2, 2.6, 1.6) 29
[12:54:40.475]: (-0.2, 2.3, 1.7) 29
[12:54:40.498]: (-0.2, 2.4, 1.7) 29
[12:54:40.565]: (-0.2, 2.4, 1.7) 29
[12:54:40.608]: (-0.2, 2.4, 1.7) 29
[12:54:40.631]: (-0.2, 2.3, 1.6) 28
[12:54:40.653]: (-0.2, 2.3, 1.7) 29
[12:54:40.675]: (-0.2, 2.3, 1.7) 29
[12:54:40.697]: (-0.2, 2.3, 1.7) 29
[12:54:40.720]: (-0.3, 2.4, 1.7) 29
[12:54:40.741]: (-0.3, 2.4, 1.7) 29
[12:54:40.775]: (-0.3, 2.4, 1.7) 29
[12:54:41.595]: (-0.2, 2.3, 1.6) 28
[12:54:41.613]: (-0.2, 2.3, 1.6) 28
[12:54:41.630]: (-0.2, 2.3, 1.6) 28
[12:54:41.650]: (-0.2, 2.3, 1.6) 28
[12:54:41.667]: (-0.2, 2.3, 1.6) 28
[12:54:41.684]: (-0.2, 2.3, 1.6) 28
[12:54:41.701]: (-0.2, 2.3, 1.6) 28
[12:54:41.717]: (-0.2, 2.3, 1.6) 28
[12:54:41.734]: (-0.2, 2.3, 1.6) 28
[12:54:41.749]: (-0.2, 2.3, 1.6) 28
[12:54:41.766]: (-0.2, 2.3, 1.6) 28
[12:54:41.782]: (-0.2, 2.3, 1.6) 28
[12:54:41.798]: (-0.2, 2.3, 1.6) 28
[12:54:41.814]: (-0.2, 2.3, 1.6) 28
[12:54:41.831]: (-0.2, 2.3, 1.6) 28
[12:54:41.847]: (-0.2, 2.3, 1.6) 28
[12:54:41.865]: (-0.2, 2.3, 1.6) 28
[12:54:41.881]: (-0.2, 2.3, 1.6) 28
[12:54:41.899]: (-0.2, 2.3, 1.6) 28
[12:54:41.916]: (-0.2, 2.3, 1.6) 28
[12:54:41.933]: (-0.2, 2.3, 1.6) 28
[12:54:41.950]: (-0.2, 2.3, 1.6) 28
[12:54:41.967]: (-0.2, 2.3, 1.6) 28
[12:54:41.982]: (-0.2, 2.3, 1.6) 28
[12:54:41.998]: (-0.2, 2.3, 1.6) 28
[12:54:42.017]: (-0.2, 2.3, 1.6) 28
[12:54:42.032]: (-0.2, 2.3, 1.6) 28
[12:54:42.049]: (-0.2, 2.3, 1.6) 28
[12:54:42.067]: (-0.2, 2.3, 1.6) 28
[12:54:42.085]: (-0.2, 2.3, 1.6) 28
[12:54:42.112]: (-0.2, 2.3, 1.6) 28
[12:54:42.132]: (-0.2, 2.4, 1.7) 29
[12:54:42.158]: (-0.2, 2.3, 1.6) 28
[12:54:42.178]: (-0.2, 2.3, 1.6) 28
[12:54:42.196]: (-0.2, 2.3, 1.6) 28
[12:54:42.225]: (-0.2, 2.3, 1.6) 28
[12:54:42.241]: (-0.2, 2.3, 1.6) 28
[12:54:42.270]: (-0.2, 2.3, 1.6) 28
[12:54:42.286]: (-0.2, 2.3, 1.7) 29
[12:54:42.309]: (-0.2, 2.3, 1.6) 28
[12:54:42.330]: (-0.2, 2.3, 1.6) 28
[12:54:42.352]: (-0.2, 2.3, 1.6) 28
[12:54:42.375]: (-0.2, 2.3, 1.6) 28
[12:54:42.396]: (-0.2, 2.3, 1.6) 28
[12:54:42.419]: (-0.2, 2.3, 1.6) 28
[12:54:42.442]: (-0.2, 2.3, 1.6) 28
[12:54:42.463]: (-0.2, 2.3, 1.6) 28
[12:54:42.481]: (-0.2, 2.3, 1.6) 28
[12:54:42.498]: (-0.2, 2.3, 1.6) 28
[12:54:42.516]: (-0.2, 2.3, 1.6) 28
[12:54:42.533]: (-0.2, 2.3, 1.6) 28
[12:54:42.551]: (-0.2, 2.3, 1.6) 28
[12:54:42.571]: (-0.2, 2.3, 1.6) 28
[12:54:42.588]: (-0.2, 2.3, 1.6) 28
[12:54:42.610]: (-0.2, 2.3, 1.6) 28
[12:54:42.629]: (-0.2, 2.3, 1.6) 28
[12:54:42.652]: (-0.2, 2.3, 1.6) 28
[12:54:42.674]: (-0.2, 2.3, 1.6) 28
[12:54:42.694]: (-0.2, 2.3, 1.6) 28
[12:54:42.711]: (-0.2, 2.3, 1.6) 28
[12:54:42.728]: (-0.2, 2.3, 1.6) 28
[12:54:42.745]: (-0.2, 2.3, 1.6) 28
[12:54:42.762]: (-0.2, 2.3, 1.6) 28
[12:54:42.779]: (-0.2, 2.3, 1.6) 28
[12:54:42.802]: (-0.2, 2.3, 1.6) 28
[12:54:42.823]: (-0.2, 2.3, 1.6) 28
[12:54:42.840]: (-0.2, 2.3, 1.6) 28
[12:54:42.857]: (-0.2, 2.3, 1.6) 28
[12:54:42.875]: (-0.2, 2.3, 1.6) 28
[12:54:42.892]: (-0.2, 2.3, 1.6) 28
[12:54:42.909]: (-0.2, 2.3, 1.6) 28
[12:54:42.926]: (-0.2, 2.3, 1.6) 28
[12:54:42.943]: (-0.2, 2.3, 1.6) 28
[12:54:43.033]: (-0.2, 2.3, 1.6) 28
[12:54:43.053]: (-0.2, 2.3, 1.6) 28
[12:54:43.071]: (-0.2, 2.3, 1.6) 28
[12:54:43.087]: (-0.2, 2.3, 1.6) 28
[12:54:43.105]: (-0.2, 2.3, 1.6) 28
[12:54:43.122]: (-0.2, 2.3, 1.6) 28
[12:54:43.139]: (-0.2, 2.3, 1.6) 28
[12:54:43.154]: (-0.2, 2.3, 1.6) 28
[12:54:43.174]: (-0.2, 2.3, 1.6) 28
[12:54:43.196]: (-0.2, 2.3, 1.6) 28
[12:54:43.740]: (-0.1, 2.3, 1.6) 25
[12:54:43.758]: (-0.1, 2.3, 1.6) 25
[12:54:43.776]: (-0.1, 2.3, 1.6) 25
[12:54:43.794]: (-0.1, 2.3, 1.6) 25
[12:54:43.811]: (-0.1, 2.3, 1.6) 25
[12:54:43.828]: (-0.1, 2.3, 1.6) 25
[12:54:43.845]: (-0.1, 2.3, 1.6) 25
[12:54:43.861]: (-0.1, 2.3, 1.6) 25
[12:54:43.880]: (-0.1, 2.3, 1.6) 25
[12:54:43.915]: (-0.2, 2.3, 1.6) 28
[12:54:43.932]: (-0.2, 2.4, 1.6) 28
[12:54:43.950]: (-0.2, 2.4, 1.6) 28
[12:54:43.967]: (-0.2, 2.4, 1.6) 28
[12:54:43.984]: (-0.2, 2.4, 1.6) 28
[12:54:44.002]: (-0.2, 2.3, 1.6) 28
[12:54:44.020]: (-0.2, 2.3, 1.6) 28
[12:54:44.038]: (-0.2, 2.3, 1.6) 28
[12:54:44.055]: (-0.2, 2.3, 1.6) 28
[12:54:44.075]: (-0.2, 2.3, 1.6) 28
[12:54:44.097]: (-0.2, 2.3, 1.6) 28
[12:54:44.119]: (-0.2, 2.3, 1.6) 28
[12:54:44.141]: (-0.2, 2.3, 1.6) 28
[12:54:44.164]: (-0.2, 2.3, 1.6) 28
[12:54:44.186]: (-0.2, 2.3, 1.6) 28
[12:54:44.210]: (-0.2, 2.3, 1.6) 28
[12:54:44.229]: (-0.2, 2.3, 1.6) 28
[12:54:44.252]: (-0.2, 2.3, 1.6) 28
[12:54:44.275]: (-0.2, 2.3, 1.6) 28
[12:54:44.795]: (-0.3, 2.3, 1.7) 29
[12:54:44.812]: (-0.2, 2.3, 1.6) 28
[12:54:44.860]: (-0.2, 2.3, 1.6) 28
[12:54:44.878]: (-0.2, 2.3, 1.6) 28
[12:54:44.896]: (-0.2, 2.3, 1.6) 28
[12:54:44.918]: (-0.2, 2.3, 1.6) 28
[12:54:44.940]: (-0.3, 2.3, 1.6) 28
[12:54:44.962]: (-0.3, 2.3, 1.6) 28
[12:54:44.985]: (-0.2, 2.3, 1.6) 28
[12:54:45.007]: (-0.3, 2.3, 1.6) 28
[12:54:45.028]: (-0.2, 2.3, 1.6) 28
[12:54:45.620]: (-0.3, 2.4, 1.7) 29
[12:54:45.638]: (-0.2, 2.3, 1.6) 28
[12:54:45.654]: (-0.2, 2.3, 1.6) 28
[12:54:45.671]: (-0.2, 2.4, 1.6) 28
[12:54:45.688]: (-0.2, 2.4, 1.6) 28
[12:54:45.706]: (-0.2, 2.4, 1.6) 28
[12:54:45.723]: (-0.2, 2.4, 1.6) 28
[12:54:45.740]: (-0.3, 2.4, 1.6) 28
[12:54:45.756]: (-0.3, 2.4, 1.7) 29
[12:54:45.773]: (-0.3, 2.4, 1.7) 29
[12:54:45.796]: (-0.3, 2.4, 1.6) 28
[12:54:45.817]: (-0.3, 2.4, 1.7) 29
[12:54:46.629]: (-0.2, 2.3, 1.6) 28
[12:54:46.806]: (-0.2, 2.3, 1.6) 28
[12:54:46.828]: (-0.2, 2.3, 1.6) 28
[12:54:46.851]: (-0.2, 2.3, 1.6) 28
[12:54:46.873]: (-0.2, 2.3, 1.6) 28
[12:54:46.895]: (-0.2, 2.3, 1.6) 28
[12:54:46.918]: (-0.2, 2.3, 1.6) 28
[12:54:46.939]: (-0.2, 2.3, 1.6) 28
[12:54:46.961]: (-0.2, 2.3, 1.6) 28
[12:54:46.984]: (-0.2, 2.3, 1.6) 28
[12:54:47.200]: (-0.3, 2.3, 1.6) 28
[12:54:48.639]: (-1.4, 2.7, 1.4) 31
[12:54:49.283]: (-0.3, 2.4, 1.7) 29
