[12:41:59.437]: (-0.9, -0.4, 0.0) 3
[12:42:00.015]: (-1.6, -1.0, -0.1) 2
[12:42:00.058]: (-1.6, -1.0, 0.0) 2
[12:42:00.080]: (-1.6, -1.0, -0.1) 2
[12:42:00.102]: (-1.6, -1.0, -0.1) 2
[12:42:00.124]: (-1.6, -1.0, 0.0) 2
[12:42:00.147]: (-1.6, -1.0, 0.0) 2
[12:42:00.169]: (-1.6, -1.0, 0.0) 2
[12:42:00.190]: (-1.6, -1.0, 0.0) 2
[12:42:00.216]: (-1.6, -1.0, -0.1) 2
[12:42:00.243]: (-1.6, -1.0, -0.1) 2
[12:42:00.590]: (-3.2, -1.3, 0.3) 11
[12:42:00.635]: (-3.3, -1.1, 0.4) 11
[12:42:01.079]: (-2.3, 0.9, 0.9) 7
[12:42:01.102]: (-2.3, 0.9, 0.9) 7
[12:42:01.189]: (-2.3, 1.1, 1.0) 9
[12:42:01.227]: (-2.5, 1.2, 1.1) 1
[12:42:01.248]: (-2.5, 1.2, 1.1) 1
[12:42:01.856]: (-1.7, 2.5, 1.4) 1
[12:42:01.880]: (-1.7, 2.5, 1.4) 1
[12:42:02.145]: (-0.9, 5.2, 2.8) 24
[12:42:02.167]: (-0.9, 5.2, 2.8) 24
[12:42:02.189]: (-0.7, 5.3, 2.7) 24
[12:42:02.923]: (-0.2, 2.9, 1.4) 7
[12:42:02.944]: (-0.2, 2.9, 1.4) 7
[12:42:02.969]: (-0.2, 2.9, 1.3) 7
[12:42:02.989]: (-0.2, 2.9, 1.4) 7
[12:42:03.012]: (-0.2, 2.9, 1.4) 7
[12:42:04.375]: (-0.1, 4.2, 1.6) 10
[12:42:04.633]: (-0.4, 3.0, 1.6) 1
[12:42:04.654]: (-0.4, 3.0, 1.6) 1
[12:42:05.011]: (-0.4, 3.1, 1.4) 0
[12:42:05.033]: (-0.4, 3.2, 1.4) 0
[12:42:05.056]: (-0.4, 3.2, 1.5) 0
[12:42:05.337]: (-0.4, 2.9, 1.7) 0
[12:42:05.354]: (-0.5, 2.9, 1.7) 0
[12:42:05.371]: (-0.5, 2.9, 1.7) 0
[12:42:05.390]: (-0.5, 2.9, 1.7) 0
[12:42:05.408]: (-0.5, 2.9, 1.7) 0
[12:42:05.426]: (-0.5, 2.9, 1.7) 0
[12:42:05.442]: (-0.5, 2.9, 1.7) 0
[12:42:05.458]: (-0.5, 2.9, 1.7) 0
[12:42:05.475]: (-0.5, 2.9, 1.7) 0
[12:42:05.492]: (-0.5, 2.9, 1.7) 0
[12:42:05.509]: (-0.5, 2.9, 1.7) 0
[12:42:05.525]: (-0.5, 2.9, 1.7) 0
[12:42:05.542]: (-0.5, 2.9, 1.7) 0
[12:42:06.417]: (0.0, 3.1, 1.4) 1
[12:42:06.519]: (0.0, 3.0, 1.5) 1
[12:42:06.541]: (-0.1, 3.0, 1.5) 1
[12:42:06.561]: (-0.1, 2.9, 1.6) 1
[12:42:06.698]: (-0.1, 2.9, 1.6) 1
[12:42:07.055]: (-0.4, 2.8, 1.8) 0
[12:42:07.090]: (-0.4, 2.8, 1.8) 0
[12:42:07.123]: (-0.4, 2.8, 1.8) 0
[12:42:07.422]: (-0.1, 2.6, 1.7) 9
[12:42:08.626]: (0.9, 2.7, 2.4) 16
[12:42:08.649]: (0.9, 2.7, 2.4) 16
[12:42:10.537]: (-1.0, 1.9, 1.0) 4
[12:42:10.554]: (-1.0, 1.9, 1.0) 4
[12:42:10.571]: (-1.0, 1.9, 0.9) 4
[12:42:10.618]: (-1.0, 1.9, 1.0) 4
[12:42:10.634]: (-1.0, 1.9, 0.9) 4
[12:42:10.650]: (-1.0, 1.9, 1.0) 4
[12:42:10.998]: (-0.8, 2.0, 1.1) 3
[12:42:11.286]: (-0.8, 2.0, 1.1) 3
[12:42:11.402]: (-0.8, 2.0, 1.1) 3
[12:42:11.422]: (-0.8, 1.9, 1.1) 3
[12:42:11.440]: (-0.8, 1.9, 1.1) 3
[12:42:11.456]: (-0.8, 1.9, 1.1) 3
[12:42:13.317]: (0.9, 2.7, 2.4) 16
[12:42:14.238]: (-1.5, 2.6, 1.3) 6
[12:42:14.285]: (-1.5, 2.6, 1.3) 6
[12:42:14.301]: (-1.5, 2.6, 1.3) 6
[12:42:14.641]: (-1.5, 2.6, 1.3) 6
[12:42:14.774]: (-0.2, 2.8, 1.8) 1
[12:42:14.796]: (-0.2, 2.8, 1.8) 1
[12:42:14.819]: (-0.2, 2.8, 1.8) 1
[12:42:14.840]: (-0.2, 2.8, 1.8) 1
[12:42:14.858]: (-0.2, 2.8, 1.8) 1
[12:42:14.876]: (-0.2, 2.8, 1.8) 1
[12:42:14.892]: (-0.2, 2.8, 1.8) 1
[12:42:14.909]: (-0.2, 2.8, 1.8) 1
[12:42:14.927]: (-0.2, 2.8, 1.8) 1
[12:42:14.945]: (-0.2, 2.8, 1.9) 1
[12:42:14.961]: (-0.2, 2.8, 1.9) 1
[12:42:14.977]: (-0.2, 2.8, 1.9) 1
[12:42:14.993]: (-0.2, 2.8, 1.9) 1
[12:42:15.010]: (-0.2, 2.8, 1.9) 1
[12:42:15.027]: (-0.2, 2.8, 1.9) 1
[12:42:15.318]: (-0.1, 2.6, 1.8) 9
[12:42:16.996]: (0.0, 2.5, 1.7) 8
[12:42:17.714]: (-0.9, 2.0, 1.1) 3
[12:42:17.747]: (-0.9, 2.0, 1.1) 3
[12:42:17.763]: (-0.9, 2.0, 1.1) 3
[12:42:17.780]: (-0.9, 2.0, 1.1) 3
[12:42:17.797]: (-0.9, 2.0, 1.1) 3
[12:42:18.583]: (-0.2, 2.6, 1.7) 9
[12:42:18.600]: (-0.1, 2.6, 1.7) 9
[12:42:18.616]: (-0.2, 2.6, 1.7) 9
[12:42:18.632]: (-0.2, 2.6, 1.7) 9
[12:42:18.649]: (-0.2, 2.6, 1.7) 9
[12:42:18.761]: (-0.2, 2.6, 1.7) 9
[12:42:19.171]: (-0.1, 2.5, 1.7) 7
[12:42:19.883]: (-0.9, 2.0, 1.1) 3
[12:42:19.979]: (-0.1, 2.4, 1.7) 7
[12:42:19.995]: (0.0, 2.5, 1.7) 8
[12:42:20.014]: (0.0, 2.5, 1.7) 7
[12:42:20.029]: (0.0, 2.5, 1.7) 8
[12:42:20.046]: (0.0, 2.5, 1.7) 8
[12:42:20.062]: (0.0, 2.5, 1.7) 8
[12:42:20.079]: (0.0, 2.5, 1.7) 8
[12:42:20.096]: (0.0, 2.5, 1.7) 8
[12:42:20.112]: (0.0, 2.5, 1.7) 8
[12:42:20.128]: (0.0, 2.5, 1.7) 8
[12:42:20.145]: (0.0, 2.5, 1.7) 8
[12:42:20.162]: (0.0, 2.5, 1.7) 8
[12:42:23.115]: (-0.4, 2.8, 1.8) 0
[12:42:23.159]: (-0.4, 2.8, 1.8) 0
[12:42:23.182]: (-0.4, 2.8, 1.8) 0
[12:42:23.204]: (-0.4, 2.8, 1.8) 0
[12:42:23.226]: (-0.5, 2.9, 1.8) 0
[12:42:23.352]: (-1.5, 2.6, 1.3) 6
[12:42:23.543]: (-1.5, 2.7, 1.3) 6
[12:42:23.561]: (-1.6, 2.6, 1.2) 5
[12:42:23.579]: (-1.5, 2.6, 1.2) 5
[12:42:23.594]: (-1.6, 2.6, 1.2) 5
[12:42:23.626]: (-1.6, 2.6, 1.2) 5
[12:42:23.643]: (-1.6, 2.6, 1.2) 5
[12:42:23.661]: (-1.5, 2.6, 1.2) 5
[12:42:23.678]: (-1.5, 2.6, 1.2) 5
[12:42:23.695]: (-1.5, 2.6, 1.2) 5
[12:42:23.711]: (-1.5, 2.6, 1.2) 5
[12:42:23.726]: (-1.5, 2.6, 1.3) 6
[12:42:25.925]: (-0.4, 2.9, 1.8) 0
[12:42:26.315]: (-0.4, 2.8, 1.8) 0
[12:42:26.381]: (-0.5, 2.8, 1.6) 2
[12:42:26.403]: (-0.6, 2.7, 1.6) 2
[12:42:26.425]: (-0.6, 2.7, 1.6) 2
[12:42:26.448]: (-0.6, 2.7, 1.6) 2
[12:42:26.469]: (-0.6, 2.7, 1.6) 2
[12:42:26.492]: (-0.6, 2.7, 1.6) 2
[12:42:26.853]: (-0.6, 2.7, 1.7) 2
[12:42:27.629]: (-0.6, 2.7, 1.6) 2
[12:42:27.648]: (-0.6, 2.7, 1.7) 2
[12:42:27.664]: (-0.6, 2.7, 1.6) 2
[12:42:27.860]: (-0.6, 2.7, 1.6) 2
[12:42:27.878]: (-0.6, 2.7, 1.6) 2
[12:42:27.896]: (-0.6, 2.7, 1.6) 2
[12:42:27.914]: (-0.6, 2.7, 1.6) 2
[12:42:27.933]: (-0.6, 2.7, 1.6) 2
[12:42:27.950]: (-0.6, 2.7, 1.6) 2
[12:42:27.969]: (-0.6, 2.7, 1.6) 2
[12:42:27.987]: (-0.6, 2.7, 1.6) 2
[12:42:28.022]: (-0.6, 2.7, 1.6) 2
[12:42:28.039]: (-0.5, 2.9, 1.8) 0
[12:42:28.056]: (-0.6, 2.7, 1.6) 2
[12:42:28.075]: (-0.6, 2.7, 1.6) 2
[12:42:28.114]: (-0.6, 2.7, 1.6) 2
[12:42:28.137]: (-0.6, 2.7, 1.6) 2
[12:42:28.159]: (-0.6, 2.7, 1.6) 2
[12:42:28.181]: (-0.6, 2.7, 1.7) 2
[12:42:28.248]: (-0.6, 2.7, 1.6) 2
[12:42:28.270]: (-0.6, 2.7, 1.6) 2
[12:42:28.291]: (-0.5, 2.9, 1.8) 0
[12:42:28.381]: (-0.6, 2.7, 1.6) 2
[12:42:28.402]: (-0.6, 2.7, 1.6) 2
[12:42:28.426]: (-0.6, 2.7, 1.6) 2
[12:42:28.514]: (-0.6, 2.7, 1.6) 2
[12:42:28.532]: (-0.6, 2.7, 1.6) 2
[12:42:28.549]: (-0.6, 2.7, 1.6) 2
[12:42:28.565]: (-0.6, 2.7, 1.6) 2
[12:42:28.582]: (-0.6, 2.7, 1.6) 2
[12:42:28.602]: (-0.6, 2.7, 1.6) 2
[12:42:28.723]: (-0.6, 2.7, 1.7) 2
[12:42:28.744]: (-0.6, 2.7, 1.6) 2
[12:42:28.766]: (-0.6, 2.7, 1.7) 2
[12:42:28.789]: (-0.6, 2.7, 1.6) 2
[12:42:28.810]: (-0.6, 2.7, 1.7) 2
[12:42:28.832]: (-0.6, 2.7, 1.6) 2
[12:42:28.849]: (-0.6, 2.7, 1.6) 2
[12:42:28.866]: (-0.6, 2.7, 1.7) 2
[12:42:28.882]: (-0.6, 2.7, 1.6) 2
[12:42:28.899]: (-0.6, 2.7, 1.7) 2
[12:42:28.916]: (-0.6, 2.7, 1.7) 2
[12:42:28.933]: (-0.6, 2.7, 1.7) 2
[12:42:28.950]: (-0.6, 2.7, 1.7) 2
[12:42:28.967]: (-0.6, 2.7, 1.6) 2
[12:42:28.984]: (-0.6, 2.7, 1.6) 2
[12:42:29.001]: (-0.6, 2.7, 1.6) 2
[12:42:29.018]: (-0.6, 2.7, 1.6) 2
[12:42:29.036]: (-0.6, 2.7, 1.6) 2
[12:42:29.053]: (-0.6, 2.7, 1.6) 2
[12:42:29.070]: (-0.6, 2.7, 1.6) 2
[12:42:29.087]: (-0.6, 2.7, 1.6) 2
[12:42:29.103]: (-0.6, 2.7, 1.6) 2
[12:42:29.124]: (-0.7, 2.7, 1.6) 2
[12:42:29.146]: (-0.7, 2.7, 1.6) 2
[12:42:29.169]: (-0.7, 2.7, 1.6) 2
[12:42:29.191]: (-0.7, 2.7, 1.7) 2
[12:42:29.212]: (-0.7, 2.7, 1.7) 2
[12:42:29.236]: (-0.7, 2.7, 1.7) 2
[12:42:29.347]: (-0.6, 2.7, 1.7) 2
[12:42:29.369]: (-0.6, 2.7, 1.7) 2
[12:42:29.392]: (-0.6, 2.7, 1.7) 2
[12:42:29.414]: (-0.6, 2.7, 1.7) 2
