[12:55:38.775]: (-3.6, -2.8, 0.0) 2
[12:55:38.884]: (-3.5, -2.9, 0.0) 1
[12:55:38.980]: (-3.5, -2.9, 0.0) 1
[12:55:38.999]: (-3.6, -2.9, 0.0) 1
[12:55:39.107]: (-3.6, -2.8, 0.1) 1
[12:55:39.329]: (-4.3, -2.0, 0.2) 2
[12:55:39.464]: (-4.0, -0.5, 0.6) 54
[12:55:39.486]: (-4.2, -0.5, 0.6) 50
[12:55:40.111]: (-2.5, 1.1, 1.5) 40
[12:55:40.138]: (-2.5, 1.2, 1.5) 40
[12:55:40.158]: (-2.6, 1.2, 1.5) 40
[12:55:40.840]: (-3.5, -1.1, 0.7) 16
[12:55:40.864]: (-3.5, -1.0, 0.7) 16
[12:55:40.884]: (-3.5, -0.9, 0.8) 16
[12:55:40.907]: (-3.5, -0.9, 0.8) 13
[12:55:40.991]: (-3.5, -0.6, 0.9) 18
[12:55:41.033]: (-3.5, -0.6, 0.9) 18
[12:55:41.056]: (-3.6, -0.5, 1.0) 18
[12:55:41.079]: (-3.7, -0.5, 1.0) 13
[12:55:41.142]: (-2.6, 0.3, 0.7) 35
[12:55:41.166]: (-1.9, 0.6, 0.4) 24
[12:55:41.188]: (-1.9, 0.6, 0.4) 24
[12:55:41.288]: (-1.8, 0.7, 0.5) 27
[12:55:41.348]: (-1.7, 1.1, 0.5) 28
[12:55:41.392]: (-3.3, 1.9, 1.8) 20
[12:55:41.414]: (-3.2, 1.9, 1.9) 21
[12:55:41.840]: (-1.5, 2.3, 2.2) 40
[12:55:41.873]: (-1.5, 2.3, 2.2) 40
[12:55:41.907]: (-1.6, 2.2, 2.3) 39
[12:55:42.006]: (-1.6, 2.1, 2.2) 41
[12:55:42.041]: (-1.6, 2.1, 2.2) 41
[12:55:42.072]: (-1.6, 2.1, 2.2) 41
[12:55:42.106]: (-1.6, 2.1, 2.2) 41
[12:55:42.173]: (-1.7, 2.1, 2.2) 44
[12:55:42.207]: (-1.7, 2.1, 2.2) 44
[12:55:42.240]: (-1.7, 2.1, 2.2) 44
[12:55:42.274]: (-1.7, 2.1, 2.2) 44
[12:55:42.294]: (-1.7, 2.1, 2.2) 44
[12:55:42.316]: (-1.7, 2.1, 2.2) 44
[12:55:42.339]: (-1.7, 2.0, 2.2) 44
[12:55:42.362]: (-1.7, 2.0, 2.2) 44
[12:55:42.873]: (-1.2, 2.5, 2.3) 44
[12:55:42.895]: (-1.2, 2.5, 2.3) 44
[12:55:42.917]: (-1.1, 2.5, 2.3) 44
[12:55:42.939]: (-1.1, 2.5, 2.3) 44
[12:55:43.077]: (-0.8, 2.5, 2.3) 41
[12:55:43.098]: (-0.8, 2.6, 2.4) 39
[12:55:43.121]: (-0.7, 2.6, 2.3) 39
[12:55:43.188]: (-0.7, 2.5, 2.3) 40
[12:55:43.232]: (-0.7, 2.6, 2.2) 40
[12:55:43.254]: (-0.7, 2.6, 2.2) 40
[12:55:43.276]: (-0.7, 2.5, 2.2) 40
[12:55:43.299]: (-0.8, 2.6, 2.4) 39
[12:55:43.321]: (-0.8, 2.5, 2.4) 39
[12:55:43.342]: (-0.8, 2.5, 2.4) 39
[12:55:43.623]: (-1.1, 3.3, 3.2) 54
[12:55:43.656]: (-1.1, 3.3, 3.2) 54
[12:55:43.689]: (-1.1, 3.3, 3.2) 54
[12:55:43.705]: (-1.0, 3.4, 3.2) 54
[12:55:43.736]: (-1.1, 3.3, 3.2) 54
[12:55:43.753]: (-1.1, 3.3, 3.2) 54
[12:55:43.769]: (-1.1, 3.4, 3.2) 54
[12:55:44.049]: (-2.2, 2.0, 1.4) 35
[12:55:44.566]: (-3.0, 2.7, 2.0) 18
[12:55:44.993]: (-0.4, 2.5, 2.4) 39
[12:55:45.015]: (-0.3, 2.4, 2.3) 40
[12:55:45.036]: (-0.2, 2.5, 2.6) 43
[12:55:45.116]: (-0.5, 2.5, 2.4) 39
[12:55:45.217]: (-0.7, 2.4, 2.4) 44
[12:55:45.252]: (-0.7, 2.4, 2.4) 44
[12:55:45.848]: (-0.7, 2.3, 2.4) 41
[12:55:45.893]: (-0.7, 2.3, 2.4) 41
[12:55:45.915]: (-0.7, 2.3, 2.4) 41
[12:55:46.674]: (-0.6, 2.3, 2.3) 44
[12:55:46.697]: (-0.5, 2.3, 2.3) 44
[12:55:46.719]: (-0.6, 2.3, 2.4) 44
[12:55:46.740]: (-0.6, 2.3, 2.4) 44
[12:55:48.099]: (-1.5, 2.4, 1.4) 33
[12:55:48.437]: (-1.3, 2.0, 1.0) 29
[12:55:48.456]: (-1.3, 2.0, 1.0) 29
[12:55:48.476]: (-1.3, 2.0, 1.0) 29
[12:55:48.497]: (-1.3, 2.0, 1.0) 29
[12:55:48.514]: (-1.3, 2.0, 1.0) 29
[12:55:48.570]: (-1.3, 1.6, 0.9) 31
[12:55:48.636]: (-1.3, 1.7, 0.9) 28
[12:55:48.703]: (-1.3, 1.7, 1.0) 28
[12:55:48.726]: (-1.3, 1.7, 0.9) 28
[12:55:48.748]: (-1.4, 1.8, 1.0) 26
[12:55:48.771]: (-1.3, 2.0, 1.0) 24
[12:55:48.792]: (-1.3, 1.9, 1.0) 24
[12:55:48.814]: (-1.3, 2.0, 1.0) 24
[12:55:48.838]: (-1.3, 2.0, 1.0) 24
[12:55:48.859]: (-1.3, 2.0, 1.0) 24
[12:55:48.882]: (-1.3, 2.0, 1.0) 24
[12:55:48.905]: (-1.3, 1.9, 1.0) 29
[12:55:48.927]: (-1.3, 1.9, 1.0) 29
[12:55:48.948]: (-1.3, 1.9, 1.0) 29
[12:55:48.972]: (-1.3, 1.9, 1.0) 29
[12:55:48.994]: (-1.3, 1.9, 1.0) 29
[12:55:49.015]: (-1.3, 1.9, 1.0) 29
[12:55:49.037]: (-1.3, 1.9, 1.0) 29
[12:55:49.058]: (-1.3, 1.9, 1.0) 29
[12:55:49.080]: (-1.3, 1.9, 1.0) 29
[12:55:49.103]: (-1.3, 1.9, 1.0) 29
[12:55:49.124]: (-1.3, 1.9, 1.0) 29
[12:55:49.146]: (-1.3, 1.9, 1.0) 29
[12:55:49.170]: (-1.3, 1.9, 1.0) 29
[12:55:49.191]: (-1.3, 1.9, 1.0) 29
[12:55:49.214]: (-1.3, 1.9, 1.0) 29
[12:55:49.235]: (-1.3, 1.9, 1.0) 29
[12:55:49.256]: (-1.3, 1.9, 1.0) 29
[12:55:49.278]: (-1.2, 2.0, 0.9) 29
[12:55:49.301]: (-1.6, 2.3, 1.4) 34
[12:55:49.322]: (-1.6, 2.4, 1.4) 32
[12:55:49.345]: (-1.6, 2.3, 1.4) 34
[12:55:49.533]: (-1.7, 2.4, 1.5) 35
[12:55:49.555]: (-1.7, 2.4, 1.5) 35
[12:55:49.578]: (-1.7, 2.4, 1.5) 35
[12:55:49.703]: (-1.8, 2.5, 1.5) 37
[12:55:49.737]: (-1.8, 2.5, 1.5) 37
[12:55:50.037]: (-2.3, 3.2, 2.1) 14
[12:55:50.237]: (-1.2, 3.2, 2.4) 20
[12:55:50.303]: (0.1, 3.3, 2.9) 54
[12:55:50.380]: (0.2, 3.3, 3.1) 53
[12:55:50.469]: (0.2, 3.4, 3.1) 53
[12:55:50.493]: (0.2, 3.3, 3.1) 53
[12:55:50.535]: (0.2, 3.4, 3.1) 53
[12:55:50.558]: (0.2, 3.4, 3.1) 53
[12:55:50.580]: (0.2, 3.3, 3.0) 53
[12:55:51.202]: (0.2, 3.4, 3.0) 53
[12:55:52.402]: (0.0, 4.7, 4.7) 7
[12:55:53.839]: (-0.5, 4.6, 4.5) 7
[12:55:53.860]: (-0.5, 4.5, 4.5) 8
[12:55:53.882]: (-0.5, 4.5, 4.5) 8
[12:55:53.903]: (-0.5, 4.5, 4.5) 8
[12:55:53.919]: (-0.6, 4.5, 4.5) 8
[12:55:56.190]: (-0.2, 4.6, 4.1) 8
[12:55:56.233]: (-0.3, 4.7, 4.0) 8
[12:55:56.256]: (-0.3, 4.8, 4.2) 5
[12:55:56.278]: (-0.3, 4.8, 4.2) 10
[12:55:56.300]: (-0.3, 4.8, 4.2) 10
[12:56:02.087]: (0.0, 4.8, 3.6) 8
[12:56:02.103]: (-0.1, 4.8, 3.6) 8
[12:56:05.452]: (0.6, 3.2, 1.8) 8
[12:56:05.474]: (0.6, 3.2, 1.7) 8
[12:56:05.498]: (0.6, 3.2, 1.8) 8
