[13:06:50.911]: (-2.1, -1.0, 0.0) 33
[13:06:51.401]: (-2.3, -0.8, -0.2) 38
[13:06:51.474]: (-2.1, -0.6, -0.2) 44
[13:06:51.495]: (-2.1, -0.6, -0.2) 44
[13:06:51.516]: (-2.1, -0.5, -0.1) 44
[13:06:51.538]: (-2.9, -1.3, 0.0) 52
[13:06:51.580]: (-2.9, -1.1, 0.0) 64
[13:06:51.642]: (-3.3, -1.2, 0.1) 63
[13:06:51.664]: (-3.4, -1.1, 0.1) 63
[13:06:51.688]: (-2.4, -0.3, 0.0) 36
[13:06:51.711]: (-2.4, -0.2, 0.0) 36
[13:06:52.016]: (-2.9, 1.1, 0.8) 45
[13:06:52.383]: (-1.8, 1.7, 0.5) 0
[13:06:52.604]: (-1.6, 1.7, 0.3) 8
[13:06:52.627]: (-1.7, 1.7, 0.3) 1
[13:06:52.648]: (-1.8, 1.7, 0.3) 1
[13:06:52.671]: (-1.7, 1.7, 0.2) 3
[13:06:52.693]: (-1.7, 1.7, 0.3) 3
[13:06:52.716]: (-1.8, 1.8, 0.3) 1
[13:06:52.737]: (-1.8, 1.8, 0.3) 1
[13:06:52.759]: (-1.7, 1.7, 0.2) 3
[13:06:52.782]: (-1.8, 1.7, 0.3) 1
[13:06:52.804]: (-1.9, 1.7, 0.3) 4
[13:06:52.826]: (-1.9, 1.7, 0.3) 4
[13:06:52.848]: (-1.9, 1.7, 0.3) 4
[13:06:52.871]: (-1.9, 1.7, 0.3) 4
[13:06:52.893]: (-1.9, 1.7, 0.3) 4
[13:06:52.915]: (-1.9, 1.7, 0.3) 4
[13:06:52.939]: (-1.9, 1.7, 0.3) 4
[13:06:52.960]: (-1.9, 1.7, 0.3) 4
[13:06:52.982]: (-1.9, 1.7, 0.3) 4
[13:06:53.003]: (-1.9, 1.7, 0.3) 4
[13:06:53.026]: (-1.9, 1.7, 0.3) 4
[13:06:53.049]: (-1.9, 1.7, 0.3) 2
[13:06:53.070]: (-1.9, 1.8, 0.3) 2
[13:06:53.093]: (-1.9, 1.8, 0.3) 2
[13:06:53.115]: (-1.9, 1.8, 0.3) 2
[13:06:53.138]: (-1.7, 1.7, 0.2) 3
[13:06:53.160]: (-1.7, 1.7, 0.2) 3
[13:06:53.183]: (-1.7, 1.7, 0.2) 3
[13:06:53.205]: (-1.7, 1.7, 0.2) 3
[13:06:53.228]: (-1.7, 1.7, 0.2) 5
[13:06:53.249]: (-1.7, 1.7, 0.2) 5
[13:06:53.270]: (-1.7, 1.7, 0.2) 5
[13:06:53.294]: (-1.6, 1.7, 0.2) 10
[13:06:53.316]: (-1.6, 1.7, 0.2) 10
[13:06:53.338]: (-1.6, 1.7, 0.2) 10
[13:06:53.361]: (-1.8, 1.9, 0.2) 11
[13:06:53.384]: (-1.8, 1.9, 0.3) 11
[13:06:53.409]: (-1.5, 1.9, 0.2) 10
[13:06:53.431]: (-1.5, 1.9, 0.2) 10
[13:06:53.455]: (-1.5, 1.9, 0.2) 10
[13:06:53.478]: (-1.4, 2.0, 0.2) 10
[13:06:53.502]: (-1.4, 2.0, 0.3) 10
[13:06:53.523]: (-1.4, 2.1, 0.3) 5
[13:06:53.546]: (-1.4, 2.1, 0.3) 5
[13:06:53.569]: (-1.3, 2.1, 0.3) 5
[13:06:53.589]: (-1.3, 2.1, 0.3) 5
[13:06:53.611]: (-1.3, 2.2, 0.4) 5
[13:06:53.653]: (-1.4, 2.4, 0.5) 2
[13:06:53.676]: (-1.4, 2.3, 0.5) 4
[13:06:53.698]: (-1.4, 2.3, 0.5) 2
[13:06:53.720]: (-1.4, 2.3, 0.5) 2
[13:06:53.742]: (-1.4, 2.3, 0.5) 4
[13:06:53.765]: (-1.4, 2.3, 0.5) 2
[13:06:53.786]: (-1.4, 2.3, 0.6) 4
[13:06:53.808]: (-1.5, 2.3, 0.6) 4
[13:06:53.846]: (-1.3, 2.1, 0.5) 3
[13:06:53.863]: (-1.2, 2.1, 0.5) 3
[13:06:53.881]: (-1.3, 2.1, 0.5) 3
[13:06:53.914]: (-1.1, 2.1, 0.5) 8
[13:06:53.935]: (-1.1, 2.1, 0.5) 8
[13:06:53.951]: (-1.1, 2.1, 0.5) 8
[13:06:53.970]: (-1.1, 2.1, 0.5) 8
[13:06:53.986]: (-1.1, 2.1, 0.5) 8
[13:06:54.004]: (-1.1, 2.1, 0.5) 8
[13:06:54.020]: (-1.1, 2.1, 0.5) 8
[13:06:54.037]: (-1.1, 2.1, 0.5) 8
[13:06:54.053]: (-1.1, 2.1, 0.5) 8
[13:06:54.071]: (-1.1, 2.1, 0.5) 8
[13:06:54.087]: (-1.1, 2.1, 0.5) 8
[13:06:54.105]: (-1.1, 2.1, 0.5) 8
[13:06:54.122]: (-1.1, 2.1, 0.5) 8
[13:06:54.138]: (-1.1, 2.1, 0.5) 8
[13:06:54.155]: (-1.1, 2.1, 0.5) 8
[13:06:54.173]: (-1.3, 2.2, 0.5) 1
[13:06:54.190]: (-1.3, 2.2, 0.5) 1
[13:06:54.206]: (-1.4, 2.3, 0.6) 2
[13:06:54.223]: (-1.4, 2.3, 0.6) 2
[13:06:54.240]: (-1.4, 2.3, 0.6) 2
[13:06:54.257]: (-1.4, 2.3, 0.6) 2
[13:06:54.274]: (-1.4, 2.3, 0.6) 2
[13:06:54.292]: (-1.4, 2.3, 0.6) 2
[13:06:54.338]: (-1.3, 2.2, 0.5) 1
[13:06:54.359]: (-1.3, 2.2, 0.5) 1
[13:06:54.382]: (-1.3, 2.2, 0.5) 1
[13:06:54.403]: (-1.3, 2.2, 0.5) 1
[13:06:54.426]: (-1.3, 2.2, 0.5) 1
[13:06:54.581]: (-1.3, 2.2, 0.5) 1
[13:06:54.604]: (-1.3, 2.2, 0.6) 1
[13:06:55.019]: (-0.6, 3.0, 0.8) 46
[13:06:55.041]: (-0.5, 3.1, 0.8) 46
[13:06:55.063]: (-0.5, 3.1, 0.9) 36
[13:06:55.184]: (-0.7, 4.0, 1.6) 65
[13:06:55.205]: (-0.6, 4.0, 1.6) 65
[13:06:55.228]: (-0.6, 3.9, 1.6) 65
[13:06:55.330]: (-0.6, 3.1, 1.1) 37
[13:06:55.347]: (-0.6, 3.0, 1.0) 46
[13:06:55.371]: (-0.5, 3.0, 1.0) 46
[13:06:55.392]: (-0.5, 2.9, 1.0) 46
[13:06:55.414]: (-0.6, 2.9, 1.0) 46
[13:06:55.436]: (-0.5, 2.9, 1.0) 46
[13:06:55.459]: (-0.5, 2.9, 1.1) 46
[13:06:55.481]: (-0.5, 2.9, 1.1) 46
[13:06:55.504]: (-0.5, 2.9, 1.1) 46
[13:06:55.524]: (-0.5, 2.9, 1.1) 46
[13:06:55.548]: (-0.5, 2.9, 1.1) 46
[13:06:55.571]: (-0.5, 2.9, 1.1) 46
[13:06:55.592]: (-0.5, 2.9, 1.1) 46
[13:06:55.636]: (-0.5, 2.9, 1.1) 46
[13:06:55.658]: (-0.5, 2.9, 1.1) 46
[13:06:55.681]: (-0.5, 2.9, 1.1) 46
[13:06:55.704]: (-0.5, 2.9, 1.1) 46
[13:06:56.067]: (-0.5, 2.9, 1.1) 46
[13:06:56.116]: (-0.4, 3.0, 1.1) 34
[13:06:56.132]: (-0.3, 3.0, 1.1) 44
[13:06:56.151]: (-0.4, 3.0, 1.1) 44
[13:06:56.168]: (-0.4, 3.2, 1.2) 32
[13:06:56.187]: (-0.4, 3.2, 1.2) 32
[13:06:56.209]: (-0.4, 3.0, 1.1) 44
[13:06:56.232]: (-0.4, 3.1, 1.1) 34
[13:06:56.559]: (-0.3, 3.0, 1.1) 34
[13:06:57.181]: (-0.1, 3.0, 0.5) 46
[13:06:57.201]: (-0.1, 3.1, 0.6) 36
[13:06:57.224]: (-0.1, 3.1, 0.6) 36
[13:06:57.246]: (-0.1, 3.1, 0.6) 36
[13:06:57.268]: (-0.1, 3.3, 0.7) 35
[13:06:57.423]: (-0.1, 3.3, 0.8) 35
[13:06:57.445]: (-0.1, 3.2, 0.8) 35
[13:06:57.916]: (0.0, 3.0, 0.9) 34
[13:06:57.939]: (0.0, 3.0, 0.9) 34
[13:06:57.961]: (-0.1, 2.9, 0.8) 46
[13:06:58.005]: (-0.2, 2.9, 0.8) 46
[13:06:58.028]: (-0.2, 2.9, 0.8) 46
[13:06:58.050]: (-0.2, 2.9, 0.8) 46
[13:06:58.073]: (-0.2, 2.9, 0.8) 46
[13:06:58.095]: (-0.2, 3.0, 0.8) 46
[13:06:58.119]: (-0.2, 3.0, 0.8) 36
[13:06:58.141]: (-0.2, 3.2, 0.9) 35
[13:06:58.227]: (-0.2, 3.0, 0.8) 36
[13:06:58.249]: (-0.2, 3.2, 0.9) 35
[13:06:58.293]: (-0.2, 3.0, 0.8) 36
[13:06:58.317]: (-0.1, 3.2, 0.9) 33
[13:06:58.604]: (0.1, 3.4, 0.8) 43
[13:06:58.626]: (0.1, 3.4, 0.8) 43
[13:06:58.648]: (0.1, 3.4, 0.8) 43
[13:06:58.670]: (0.1, 3.4, 0.7) 43
[13:06:58.773]: (0.3, 3.8, 0.8) 64
[13:06:58.794]: (0.3, 3.8, 0.7) 64
[13:06:58.817]: (0.4, 4.0, 0.8) 53
[13:06:58.839]: (0.4, 4.0, 0.8) 51
[13:06:58.878]: (0.4, 3.7, 0.8) 64
[13:06:58.902]: (0.4, 3.7, 0.8) 64
[13:06:58.979]: (0.4, 3.9, 0.8) 53
[13:06:59.004]: (0.4, 3.7, 0.8) 64
[13:06:59.029]: (0.4, 3.7, 0.8) 64
[13:06:59.055]: (0.5, 3.8, 0.8) 52
[13:06:59.081]: (0.6, 3.6, 0.8) 57
[13:06:59.114]: (0.6, 3.6, 0.7) 68
[13:06:59.146]: (0.6, 3.6, 0.7) 68
[13:06:59.182]: (0.6, 3.6, 0.7) 68
[13:06:59.213]: (0.6, 3.7, 0.8) 50
[13:06:59.251]: (0.6, 3.7, 0.9) 50
[13:06:59.278]: (0.6, 3.7, 0.9) 50
[13:06:59.313]: (0.5, 3.8, 0.9) 52
[13:06:59.346]: (0.4, 3.7, 0.9) 52
[13:06:59.381]: (0.4, 3.8, 0.9) 52
[13:06:59.413]: (0.4, 3.7, 0.9) 52
[13:06:59.447]: (0.5, 3.7, 0.9) 52
[13:06:59.480]: (0.5, 3.7, 0.9) 52
[13:06:59.513]: (0.5, 3.7, 0.9) 52
[13:06:59.545]: (0.4, 3.8, 0.9) 52
[13:06:59.613]: (0.4, 3.8, 0.9) 52
[13:06:59.681]: (0.4, 3.7, 0.9) 52
[13:06:59.713]: (0.5, 3.7, 0.9) 52
[13:06:59.748]: (0.5, 3.7, 0.9) 52
[13:06:59.768]: (0.4, 3.7, 0.9) 52
[13:06:59.790]: (0.4, 3.7, 0.9) 52
[13:06:59.813]: (0.5, 3.7, 0.9) 52
[13:06:59.834]: (0.5, 3.7, 0.9) 52
[13:06:59.857]: (0.5, 3.7, 0.9) 52
[13:06:59.879]: (0.5, 3.7, 0.9) 52
[13:06:59.902]: (0.5, 3.7, 0.9) 52
[13:06:59.923]: (0.5, 3.7, 0.9) 52
[13:06:59.947]: (0.6, 3.7, 0.9) 50
[13:06:59.968]: (0.6, 3.7, 0.9) 50
[13:06:59.991]: (0.6, 3.7, 0.9) 50
[13:07:00.018]: (0.6, 3.7, 0.9) 50
[13:07:00.101]: (0.6, 3.6, 0.9) 69
[13:07:00.723]: (-0.6, 3.3, 0.8) 22
[13:07:00.744]: (-0.6, 3.4, 0.7) 14
[13:07:00.945]: (-0.5, 3.5, 0.8) 12
[13:07:00.968]: (-0.5, 3.5, 0.8) 12
[13:07:01.248]: (-0.4, 3.4, 0.8) 28
[13:07:01.394]: (0.4, 2.7, 0.7) 44
[13:07:01.444]: (0.5, 2.8, 0.8) 32
[13:07:01.477]: (0.5, 2.8, 0.8) 32
[13:07:01.495]: (0.6, 2.9, 0.7) 31
[13:07:01.544]: (0.4, 2.7, 0.7) 44
[13:07:01.560]: (0.4, 2.7, 0.7) 44
[13:07:01.578]: (0.4, 2.7, 0.7) 44
[13:07:01.595]: (0.4, 2.7, 0.7) 44
[13:07:01.611]: (0.4, 2.7, 0.7) 44
[13:07:01.635]: (0.4, 2.7, 0.7) 44
[13:07:01.655]: (0.4, 2.7, 0.7) 44
[13:07:01.678]: (0.4, 2.7, 0.7) 44
[13:07:01.702]: (0.4, 2.7, 0.7) 44
[13:07:01.721]: (0.4, 2.6, 0.8) 44
[13:07:01.967]: (-1.0, 2.4, 1.0) 11
[13:07:01.989]: (-1.0, 2.4, 0.9) 11
[13:07:02.013]: (-1.0, 2.4, 1.0) 11
[13:07:02.032]: (-0.9, 2.4, 1.0) 6
[13:07:02.049]: (-1.0, 2.4, 1.0) 11
[13:07:02.065]: (-0.9, 2.4, 0.9) 6
[13:07:02.082]: (-0.9, 2.4, 1.0) 6
[13:07:02.116]: (-0.9, 2.4, 0.9) 6
[13:07:02.132]: (-0.9, 2.4, 0.9) 6
[13:07:02.149]: (-0.9, 2.4, 0.9) 6
[13:07:02.168]: (-0.9, 2.4, 0.9) 6
[13:07:02.186]: (-0.9, 2.4, 0.9) 6
[13:07:02.202]: (-0.9, 2.5, 0.9) 6
[13:07:02.219]: (-0.9, 2.4, 0.9) 6
[13:07:02.238]: (-0.9, 2.4, 0.9) 6
[13:07:02.254]: (-0.8, 2.5, 1.0) 4
[13:07:02.271]: (-0.7, 2.3, 0.9) 1
[13:07:02.288]: (-0.8, 2.5, 1.0) 4
[13:07:02.306]: (-0.7, 2.4, 0.9) 1
[13:07:02.324]: (-0.7, 2.4, 0.9) 1
[13:07:02.340]: (-0.6, 2.4, 0.9) 1
[13:07:02.357]: (-0.6, 2.3, 0.9) 1
[13:07:02.373]: (-0.7, 2.3, 0.9) 1
[13:07:02.406]: (-0.7, 2.3, 0.9) 1
[13:07:02.425]: (-0.7, 2.3, 0.9) 1
[13:07:02.458]: (-0.7, 2.4, 0.9) 1
[13:07:02.476]: (-0.7, 2.4, 0.9) 1
[13:07:02.494]: (-0.7, 2.4, 0.9) 1
[13:07:02.511]: (-0.6, 2.3, 0.9) 1
[13:07:02.533]: (-0.6, 2.3, 0.9) 1
[13:07:02.556]: (-0.7, 2.3, 0.9) 1
[13:07:02.577]: (-0.7, 2.4, 0.9) 1
[13:07:02.601]: (-0.7, 2.4, 0.9) 1
[13:07:02.623]: (-0.7, 2.4, 0.9) 1
[13:07:02.667]: (-0.7, 2.5, 0.9) 2
[13:07:02.688]: (-0.7, 2.5, 0.8) 2
[13:07:02.712]: (-0.7, 2.5, 0.9) 2
[13:07:02.734]: (-0.7, 2.5, 0.9) 2
[13:07:02.755]: (-0.7, 2.5, 0.9) 2
[13:07:02.777]: (-0.8, 2.5, 0.9) 2
[13:07:02.802]: (-0.8, 2.5, 0.9) 4
[13:07:02.822]: (-0.8, 2.5, 0.9) 4
[13:07:02.844]: (-0.8, 2.5, 0.9) 4
[13:07:02.866]: (-0.8, 2.5, 0.9) 4
[13:07:02.888]: (-0.8, 2.5, 0.9) 4
[13:07:02.911]: (-0.7, 2.5, 0.8) 2
[13:07:02.934]: (-0.7, 2.5, 0.9) 2
[13:07:02.954]: (-0.8, 2.5, 0.9) 4
[13:07:02.971]: (-0.8, 2.5, 0.9) 4
[13:07:02.988]: (-0.9, 2.4, 0.9) 6
[13:07:03.052]: (-0.8, 2.5, 0.9) 4
[13:07:03.117]: (-0.9, 2.5, 0.9) 6
[13:07:03.135]: (-0.9, 2.5, 0.9) 6
[13:07:03.197]: (-0.8, 2.5, 0.9) 6
[13:07:03.215]: (-0.9, 2.5, 0.9) 6
[13:07:03.233]: (-0.9, 2.5, 0.9) 6
[13:07:03.250]: (-0.9, 2.5, 0.9) 6
[13:07:03.269]: (-0.8, 2.5, 0.9) 6
[13:07:03.285]: (-0.9, 2.5, 0.9) 6
[13:07:03.302]: (-0.9, 2.4, 0.9) 6
[13:07:03.320]: (-0.8, 2.5, 0.9) 6
[13:07:03.336]: (-0.9, 2.5, 0.9) 6
[13:07:03.365]: (-0.8, 2.5, 0.9) 4
[13:07:03.388]: (-0.8, 2.5, 1.0) 6
[13:07:03.411]: (-0.8, 2.6, 0.8) 9
[13:07:03.499]: (-0.9, 3.6, 0.7) 25
[13:07:03.523]: (-0.9, 3.5, 0.8) 25
[13:07:03.544]: (-0.9, 3.5, 0.8) 25
[13:07:03.589]: (-0.8, 3.4, 0.7) 24
[13:07:03.611]: (-0.8, 3.4, 0.8) 24
[13:07:03.633]: (-0.8, 3.4, 0.8) 24
[13:07:03.654]: (-0.8, 3.4, 0.8) 24
[13:07:03.722]: (-0.6, 3.3, 0.8) 22
[13:07:03.746]: (-0.6, 3.3, 0.7) 22
[13:07:03.767]: (-0.6, 3.3, 0.8) 22
[13:07:03.788]: (-0.6, 3.3, 0.8) 22
[13:07:03.810]: (-0.6, 3.3, 0.8) 22
[13:07:03.828]: (-0.6, 3.4, 0.8) 14
[13:07:03.846]: (-0.6, 3.3, 0.7) 22
[13:07:03.877]: (-0.6, 3.3, 0.7) 22
[13:07:03.893]: (-0.6, 3.3, 0.7) 22
[13:07:03.925]: (-0.6, 3.3, 0.8) 22
[13:07:03.942]: (-0.5, 3.3, 0.8) 22
[13:07:03.958]: (-0.6, 3.4, 0.8) 14
[13:07:03.975]: (-0.6, 3.4, 0.8) 14
[13:07:03.991]: (-0.5, 3.3, 0.8) 22
[13:07:04.007]: (-0.6, 3.4, 0.8) 14
[13:07:04.025]: (-0.6, 3.3, 0.7) 22
[13:07:04.043]: (-0.6, 3.3, 0.8) 22
[13:07:04.061]: (-0.6, 3.4, 0.8) 14
[13:07:04.079]: (-0.6, 3.3, 0.7) 22
[13:07:04.098]: (-0.4, 3.4, 0.8) 28
[13:07:04.144]: (0.2, 3.1, 0.7) 45
[13:07:04.252]: (0.3, 3.0, 0.7) 35
[13:07:04.270]: (0.3, 3.0, 0.7) 35
[13:07:04.288]: (0.3, 3.0, 0.7) 35
[13:07:04.444]: (0.2, 2.9, 0.7) 37
[13:07:04.465]: (0.2, 2.9, 0.7) 37
[13:07:04.489]: (0.2, 2.9, 0.7) 37
[13:07:04.511]: (0.2, 2.9, 0.7) 37
[13:07:04.533]: (0.2, 2.9, 0.7) 37
[13:07:04.556]: (0.2, 3.1, 0.8) 45
[13:07:04.578]: (0.2, 2.9, 0.7) 37
[13:07:04.599]: (0.2, 2.9, 0.7) 37
[13:07:04.622]: (0.2, 2.9, 0.7) 37
[13:07:04.643]: (0.2, 2.9, 0.7) 37
[13:07:04.771]: (0.2, 2.8, 0.6) 36
[13:07:05.353]: (1.1, 3.5, 0.5) 55
[13:07:05.375]: (0.9, 3.2, 0.5) 68
[13:07:05.477]: (0.9, 3.3, 0.5) 68
[13:07:05.511]: (0.8, 3.3, 0.6) 68
[13:07:05.911]: (0.7, 3.2, 0.8) 69
[13:07:05.944]: (0.7, 3.3, 0.7) 57
[13:07:05.978]: (0.8, 3.5, 0.7) 54
[13:07:06.011]: (0.9, 3.8, 0.8) 71
[13:07:06.077]: (0.9, 3.7, 0.8) 70
[13:07:06.144]: (0.8, 3.7, 0.8) 70
[13:07:06.189]: (0.4, 3.5, 0.7) 56
[13:07:06.232]: (-0.1, 3.5, 0.7) 64
[13:07:06.655]: (-1.2, 3.4, 0.8) 25
[13:07:06.677]: (-1.2, 3.4, 0.8) 25
[13:07:06.765]: (-1.0, 3.3, 0.7) 24
[13:07:06.788]: (-0.9, 3.3, 0.7) 24
[13:07:06.810]: (-0.9, 3.3, 0.7) 24
[13:07:06.832]: (-0.8, 3.3, 0.7) 14
[13:07:06.855]: (-0.8, 3.3, 0.6) 14
[13:07:06.879]: (-0.8, 3.3, 0.6) 22
[13:07:06.901]: (-0.8, 3.3, 0.6) 22
[13:07:06.946]: (-0.8, 3.3, 0.6) 14
[13:07:06.969]: (-0.8, 3.4, 0.6) 14
[13:07:06.992]: (-0.8, 3.3, 0.6) 14
[13:07:07.014]: (-0.8, 3.4, 0.6) 14
[13:07:07.035]: (-0.8, 3.4, 0.6) 14
[13:07:07.057]: (-0.8, 3.4, 0.6) 14
[13:07:07.078]: (-0.8, 3.4, 0.6) 14
[13:07:07.101]: (-0.8, 3.4, 0.6) 14
[13:07:07.124]: (-0.8, 3.4, 0.5) 14
[13:07:07.146]: (-0.8, 3.4, 0.5) 14
[13:07:07.167]: (-0.8, 3.4, 0.5) 14
[13:07:07.190]: (-0.8, 3.4, 0.5) 14
[13:07:07.211]: (-0.8, 3.4, 0.6) 14
[13:07:07.235]: (-0.8, 3.4, 0.6) 14
[13:07:07.390]: (-0.7, 3.5, 0.5) 12
[13:07:07.514]: (-0.6, 3.7, 0.5) 21
[13:07:07.546]: (-0.6, 3.5, 0.5) 20
[13:07:07.563]: (-0.5, 3.5, 0.4) 18
[13:07:07.614]: (0.5, 3.4, 0.4) 64
[13:07:08.097]: (1.0, 3.4, 0.1) 52
[13:07:08.199]: (0.9, 3.3, 0.0) 64
[13:07:08.232]: (0.9, 3.3, 0.1) 64
[13:07:08.298]: (0.9, 3.3, 0.0) 64
[13:07:08.332]: (0.9, 3.3, 0.0) 64
[13:07:08.431]: (1.0, 3.1, 0.0) 69
[13:07:08.642]: (1.0, 3.2, 0.1) 57
[13:07:08.775]: (0.9, 3.1, 0.1) 69
[13:07:08.798]: (0.9, 3.1, 0.1) 69
[13:07:08.842]: (0.9, 3.1, 0.1) 69
[13:07:09.066]: (0.1, 2.8, 0.5) 46
[13:07:09.087]: (0.1, 2.8, 0.4) 36
[13:07:09.108]: (0.0, 2.8, 0.5) 36
[13:07:09.131]: (0.0, 2.8, 0.4) 36
[13:07:09.153]: (0.0, 2.8, 0.4) 36
[13:07:09.176]: (0.1, 2.8, 0.4) 36
[13:07:09.198]: (0.1, 2.8, 0.4) 36
[13:07:09.219]: (0.1, 2.8, 0.4) 36
[13:07:09.242]: (0.1, 2.8, 0.4) 36
[13:07:09.264]: (0.1, 2.8, 0.4) 36
[13:07:09.286]: (0.1, 2.8, 0.4) 36
[13:07:09.309]: (0.1, 2.8, 0.4) 36
[13:07:09.331]: (0.1, 2.8, 0.4) 36
[13:07:09.356]: (0.1, 2.8, 0.4) 36
[13:07:09.380]: (0.1, 2.8, 0.4) 36
[13:07:09.400]: (0.1, 2.8, 0.4) 36
[13:07:09.424]: (0.1, 2.8, 0.4) 36
[13:07:09.447]: (0.1, 2.8, 0.4) 36
[13:07:09.468]: (0.1, 2.8, 0.4) 36
[13:07:09.491]: (0.1, 2.8, 0.4) 36
[13:07:09.514]: (0.1, 2.8, 0.4) 36
[13:07:09.536]: (0.1, 2.8, 0.4) 36
[13:07:09.557]: (0.1, 2.9, 0.3) 37
[13:07:09.580]: (0.1, 2.9, 0.3) 37
[13:07:09.602]: (0.1, 2.9, 0.4) 37
[13:07:09.624]: (0.1, 2.9, 0.4) 37
[13:07:09.648]: (0.1, 2.9, 0.4) 37
[13:07:09.711]: (0.1, 2.8, 0.3) 36
[13:07:09.801]: (0.1, 2.8, 0.3) 36
[13:07:10.009]: (0.2, 2.8, 0.4) 34
[13:07:10.031]: (0.1, 2.8, 0.4) 34
[13:07:10.055]: (0.1, 2.8, 0.4) 34
[13:07:10.076]: (0.1, 2.8, 0.5) 34
[13:07:10.140]: (0.1, 2.8, 0.5) 36
[13:07:10.161]: (0.1, 2.7, 0.5) 36
[13:07:10.183]: (0.1, 2.7, 0.5) 36
[13:07:10.201]: (0.1, 2.8, 0.5) 34
[13:07:10.541]: (-1.2, 2.7, 0.9) 10
[13:07:10.564]: (-1.2, 2.7, 0.9) 10
[13:07:10.608]: (-1.2, 2.7, 1.0) 10
[13:07:10.630]: (-1.1, 2.8, 0.9) 5
[13:07:10.674]: (-1.1, 2.8, 0.9) 5
[13:07:10.894]: (-0.8, 2.8, 0.7) 7
[13:07:11.376]: (0.5, 3.1, 0.2) 68
[13:07:11.398]: (0.6, 3.2, 0.2) 50
[13:07:11.418]: (0.5, 3.2, 0.2) 50
[13:07:11.441]: (0.5, 3.2, 0.3) 50
[13:07:11.463]: (0.5, 3.1, 0.2) 68
[13:07:11.485]: (0.4, 3.1, 0.3) 68
[13:07:11.509]: (0.4, 3.1, 0.3) 68
[13:07:11.530]: (0.4, 3.0, 0.3) 68
[13:07:12.173]: (0.3, 3.2, 0.3) 64
[13:07:12.190]: (0.3, 3.2, 0.3) 64
[13:07:12.206]: (0.2, 3.2, 0.3) 64
[13:07:12.222]: (0.2, 3.2, 0.3) 64
[13:07:12.240]: (0.2, 3.2, 0.3) 64
[13:07:12.530]: (0.4, 3.1, 0.4) 69
[13:07:12.551]: (0.4, 3.1, 0.4) 69
[13:07:12.574]: (0.4, 3.1, 0.4) 69
[13:07:12.597]: (0.4, 3.1, 0.4) 69
[13:07:12.618]: (0.4, 3.1, 0.4) 69
[13:07:12.641]: (0.4, 3.0, 0.4) 69
[13:07:12.663]: (0.4, 3.0, 0.4) 69
[13:07:12.685]: (0.4, 3.0, 0.4) 69
[13:07:12.707]: (0.4, 3.0, 0.4) 69
[13:07:12.724]: (0.4, 3.0, 0.4) 69
[13:07:12.742]: (0.4, 3.0, 0.4) 69
[13:07:12.758]: (0.4, 3.0, 0.4) 69
[13:07:12.774]: (0.5, 3.1, 0.4) 69
[13:07:13.107]: (0.5, 3.1, 0.3) 57
[13:07:13.442]: (-0.3, 2.6, 0.7) 34
[13:07:13.700]: (-0.4, 2.6, 0.7) 34
[13:07:13.924]: (0.2, 3.0, 0.3) 68
[13:07:13.945]: (0.2, 3.0, 0.3) 68
[13:07:13.968]: (0.2, 3.1, 0.4) 57
[13:07:13.991]: (0.2, 3.1, 0.4) 57
[13:07:14.008]: (0.2, 3.1, 0.4) 57
[13:07:14.026]: (0.2, 3.1, 0.4) 57
[13:07:14.043]: (0.2, 3.1, 0.4) 57
[13:07:14.059]: (0.2, 3.1, 0.4) 57
[13:07:14.076]: (0.2, 3.1, 0.4) 57
[13:07:14.098]: (0.2, 3.1, 0.4) 57
[13:07:14.118]: (0.2, 3.1, 0.4) 57
[13:07:14.134]: (0.2, 3.1, 0.4) 57
[13:07:14.152]: (0.2, 3.1, 0.4) 57
[13:07:14.168]: (0.2, 3.1, 0.4) 57
[13:07:14.186]: (0.2, 3.1, 0.4) 57
[13:07:14.203]: (0.2, 3.1, 0.4) 57
[13:07:14.220]: (0.2, 3.1, 0.4) 57
[13:07:14.240]: (0.2, 3.1, 0.4) 57
[13:07:14.261]: (0.2, 3.1, 0.4) 57
[13:07:14.351]: (0.1, 3.1, 0.4) 69
[13:07:14.373]: (0.1, 3.1, 0.4) 69
[13:07:14.948]: (0.2, 3.2, 0.3) 50
[13:07:14.965]: (0.2, 3.2, 0.3) 50
[13:07:14.983]: (0.2, 3.2, 0.3) 50
[13:07:15.000]: (0.2, 3.2, 0.3) 50
[13:07:15.782]: (0.2, 3.1, 0.4) 57
[13:07:17.060]: (-0.2, 2.6, 0.5) 40
[13:07:17.084]: (-0.2, 2.7, 0.5) 40
[13:07:17.105]: (-0.2, 2.7, 0.5) 40
[13:07:17.128]: (-0.2, 2.7, 0.5) 40
[13:07:17.150]: (-0.2, 2.7, 0.5) 40
[13:07:17.172]: (-0.2, 2.6, 0.5) 40
[13:07:17.195]: (-0.3, 2.5, 0.5) 38
[13:07:17.217]: (-0.3, 2.6, 0.7) 31
[13:07:17.606]: (-0.3, 2.5, 0.5) 38
[13:07:18.613]: (0.2, 3.0, 0.4) 69
[13:07:18.629]: (0.2, 3.0, 0.4) 69
[13:07:18.649]: (0.2, 3.1, 0.4) 69
[13:07:18.672]: (0.2, 3.1, 0.4) 69
[13:07:18.693]: (0.2, 3.1, 0.4) 69
[13:07:18.716]: (0.2, 3.0, 0.4) 69
[13:07:18.738]: (0.2, 3.0, 0.4) 69
[13:07:18.761]: (0.2, 3.0, 0.4) 69
[13:07:18.784]: (0.1, 3.0, 0.4) 69
[13:07:18.805]: (0.2, 3.0, 0.4) 69
[13:07:18.827]: (0.2, 3.0, 0.4) 69
[13:07:19.006]: (0.1, 3.1, 0.4) 69
[13:07:19.048]: (0.1, 3.0, 0.4) 69
[13:07:19.071]: (0.1, 3.0, 0.5) 69
[13:07:19.105]: (0.1, 3.0, 0.4) 69
[13:07:19.122]: (0.1, 3.1, 0.5) 69
[13:07:19.140]: (0.1, 3.0, 0.4) 69
[13:07:19.157]: (0.1, 3.0, 0.4) 69
[13:07:19.173]: (0.1, 3.0, 0.4) 69
[13:07:19.191]: (0.1, 3.0, 0.4) 69
[13:07:19.207]: (0.1, 3.0, 0.4) 69
[13:07:19.224]: (0.1, 3.0, 0.4) 69
[13:07:19.241]: (0.1, 3.1, 0.4) 69
[13:07:19.258]: (0.1, 3.1, 0.4) 69
[13:07:19.275]: (0.1, 3.1, 0.4) 69
[13:07:19.292]: (0.1, 3.1, 0.4) 69
[13:07:19.309]: (0.1, 3.1, 0.4) 69
[13:07:19.326]: (0.1, 3.1, 0.4) 69
[13:07:20.298]: (0.3, 3.1, 0.4) 56
[13:07:20.317]: (0.3, 3.1, 0.4) 56
[13:07:20.335]: (0.3, 3.1, 0.4) 56
[13:07:20.353]: (0.3, 3.1, 0.4) 56
[13:07:20.370]: (0.3, 3.1, 0.4) 56
[13:07:20.404]: (0.2, 3.0, 0.3) 68
[13:07:20.828]: (0.2, 3.1, 0.4) 57
[13:07:20.844]: (0.2, 3.0, 0.3) 68
[13:07:20.861]: (0.2, 3.0, 0.3) 68
[13:07:20.879]: (0.2, 3.0, 0.3) 68
[13:07:20.895]: (0.2, 3.0, 0.3) 68
[13:07:20.911]: (0.2, 3.0, 0.3) 68
[13:07:20.929]: (0.2, 3.0, 0.3) 68
[13:07:20.947]: (0.2, 3.0, 0.3) 68
[13:07:20.965]: (0.2, 3.0, 0.3) 68
[13:07:20.983]: (0.2, 3.0, 0.3) 68
[13:07:21.001]: (0.2, 3.0, 0.3) 68
[13:07:21.017]: (0.2, 3.0, 0.3) 68
[13:07:21.035]: (0.2, 3.0, 0.3) 68
[13:07:21.052]: (0.2, 3.0, 0.3) 68
[13:07:21.068]: (0.2, 3.0, 0.3) 68
[13:07:21.086]: (0.2, 3.0, 0.3) 68
[13:07:21.103]: (0.2, 3.0, 0.3) 68
[13:07:21.119]: (0.2, 3.0, 0.3) 68
[13:07:21.137]: (0.2, 3.0, 0.3) 68
[13:07:21.153]: (0.2, 3.0, 0.3) 68
[13:07:21.171]: (0.2, 3.0, 0.3) 68
[13:07:21.189]: (0.2, 3.0, 0.3) 68
[13:07:21.206]: (0.2, 3.0, 0.3) 68
[13:07:21.222]: (0.2, 3.0, 0.3) 68
[13:07:21.239]: (0.2, 3.0, 0.3) 68
[13:07:21.255]: (0.2, 3.0, 0.3) 68
[13:07:21.272]: (0.2, 3.0, 0.3) 68
[13:07:21.293]: (0.2, 3.0, 0.3) 68
[13:07:21.315]: (0.2, 3.0, 0.3) 68
[13:07:21.337]: (0.2, 3.0, 0.3) 68
[13:07:21.918]: (0.2, 3.1, 0.4) 57
[13:07:22.470]: (0.3, 3.0, 0.4) 56
[13:07:22.492]: (0.3, 3.0, 0.4) 56
[13:07:22.514]: (0.3, 3.0, 0.4) 56
[13:07:22.537]: (0.3, 3.0, 0.4) 56
[13:07:22.556]: (0.3, 3.0, 0.4) 56
[13:07:22.572]: (0.3, 3.0, 0.4) 56
[13:07:22.590]: (0.3, 3.0, 0.4) 56
[13:07:22.608]: (0.3, 3.0, 0.4) 56
[13:07:22.626]: (0.3, 3.0, 0.4) 56
[13:07:22.643]: (0.3, 3.0, 0.4) 56
[13:07:22.660]: (0.3, 3.0, 0.4) 56
[13:07:22.678]: (0.3, 3.0, 0.4) 56
[13:07:22.694]: (0.3, 3.0, 0.4) 56
[13:07:22.711]: (0.3, 3.0, 0.4) 56
[13:07:22.727]: (0.3, 3.0, 0.4) 56
[13:07:22.743]: (0.3, 3.0, 0.4) 56
[13:07:22.761]: (0.3, 3.0, 0.4) 56
[13:07:22.779]: (0.3, 3.0, 0.4) 56
[13:07:22.796]: (0.3, 3.0, 0.4) 56
[13:07:22.815]: (0.4, 3.0, 0.4) 56
[13:07:22.833]: (0.4, 3.0, 0.4) 56
[13:07:23.404]: (0.4, 3.1, 0.3) 56
[13:07:23.426]: (0.4, 3.1, 0.3) 56
[13:07:23.447]: (0.4, 3.1, 0.3) 56
[13:07:23.471]: (0.4, 3.1, 0.3) 56
[13:07:23.492]: (0.4, 3.1, 0.3) 56
[13:07:24.120]: (-1.5, 3.3, 0.3) 16
[13:07:24.142]: (-1.5, 3.3, 0.3) 17
[13:07:24.170]: (-1.4, 3.3, 0.4) 16
[13:07:24.270]: (-1.3, 3.2, 0.4) 14
[13:07:24.304]: (-1.3, 3.2, 0.4) 14
[13:07:24.405]: (-0.4, 2.7, 0.6) 36
[13:07:24.436]: (-0.4, 2.7, 0.6) 34
[13:07:24.469]: (-0.4, 2.7, 0.6) 34
[13:07:24.502]: (-0.4, 2.6, 0.6) 34
[13:07:24.536]: (-0.3, 2.6, 0.6) 34
[13:07:24.571]: (-0.4, 2.7, 0.6) 34
[13:07:24.605]: (-0.4, 2.6, 0.6) 34
[13:07:24.703]: (-0.4, 2.7, 0.6) 32
[13:07:24.769]: (-0.4, 2.7, 0.6) 31
[13:07:25.013]: (-0.2, 2.9, 0.2) 68
[13:07:25.213]: (-0.2, 2.9, 0.2) 68
[13:07:25.236]: (-0.2, 3.1, 0.3) 50
[13:07:25.346]: (-0.2, 2.9, 0.2) 68
[13:07:25.390]: (0.0, 3.0, 0.3) 56
[13:07:25.413]: (0.0, 3.0, 0.3) 56
[13:07:25.436]: (0.0, 3.0, 0.3) 56
[13:07:25.457]: (0.0, 3.0, 0.3) 56
[13:07:25.502]: (0.0, 3.0, 0.3) 56
[13:07:25.525]: (0.0, 3.0, 0.3) 56
[13:07:25.548]: (0.0, 3.0, 0.3) 56
[13:07:25.572]: (0.0, 3.1, 0.3) 54
[13:07:25.883]: (-0.3, 3.1, 0.4) 48
[13:07:25.907]: (-0.4, 3.1, 0.3) 48
[13:07:25.928]: (-0.3, 3.1, 0.4) 48
[13:07:25.951]: (-0.3, 3.1, 0.4) 48
[13:07:25.972]: (-0.3, 3.1, 0.3) 48
[13:07:25.994]: (-0.3, 3.1, 0.3) 48
[13:07:26.016]: (-0.3, 3.1, 0.3) 48
[13:07:26.083]: (-0.3, 3.1, 0.4) 48
[13:07:26.297]: (-0.4, 2.9, 0.5) 69
[13:07:26.568]: (-0.3, 2.9, 0.5) 57
[13:07:26.592]: (-0.3, 2.9, 0.5) 57
[13:07:26.613]: (-0.3, 2.9, 0.5) 57
[13:07:26.635]: (-0.3, 2.9, 0.5) 57
[13:07:26.657]: (-0.3, 2.9, 0.5) 57
[13:07:26.680]: (-0.3, 2.9, 0.5) 57
[13:07:26.812]: (-0.3, 2.9, 0.5) 57
[13:07:26.835]: (-0.3, 2.9, 0.5) 57
[13:07:26.857]: (-0.3, 2.9, 0.5) 57
[13:07:26.880]: (-0.3, 2.9, 0.5) 57
[13:07:26.902]: (-0.3, 2.8, 0.4) 68
[13:07:26.924]: (-0.3, 2.9, 0.5) 57
[13:07:27.358]: (-0.5, 3.0, 0.5) 52
[13:07:27.379]: (-0.3, 2.8, 0.4) 68
[13:07:27.925]: (-0.4, 2.8, 0.3) 68
[13:07:27.976]: (-0.5, 3.0, 0.4) 50
[13:07:27.994]: (-0.5, 3.0, 0.5) 50
[13:07:28.104]: (-0.5, 3.0, 0.5) 52
[13:07:28.120]: (-0.5, 3.0, 0.5) 52
[13:07:28.136]: (-0.5, 3.0, 0.5) 52
[13:07:28.152]: (-0.5, 3.0, 0.5) 52
[13:07:28.169]: (-0.5, 3.0, 0.5) 52
[13:07:28.187]: (-0.5, 3.0, 0.5) 52
[13:07:28.205]: (-0.5, 3.0, 0.5) 52
[13:07:28.222]: (-0.5, 3.0, 0.5) 52
[13:07:28.239]: (-0.5, 3.0, 0.5) 52
[13:07:28.258]: (-0.5, 3.0, 0.5) 52
[13:07:28.280]: (-0.5, 3.0, 0.4) 52
[13:07:28.525]: (-0.6, 2.9, 0.5) 64
[13:07:28.635]: (-0.4, 2.8, 0.4) 68
[13:07:29.060]: (-0.3, 2.9, 0.5) 57
[13:07:29.212]: (-0.3, 2.8, 0.4) 68
[13:07:29.234]: (-0.3, 2.8, 0.4) 68
[13:07:29.256]: (-0.3, 2.9, 0.5) 57
[13:07:29.281]: (-0.3, 2.8, 0.4) 68
[13:07:29.301]: (-0.3, 2.9, 0.5) 57
[13:07:29.344]: (-0.3, 2.9, 0.5) 57
[13:07:29.373]: (-0.3, 2.9, 0.5) 57
[13:07:29.392]: (-0.3, 2.9, 0.5) 57
[13:07:29.412]: (-0.3, 2.9, 0.5) 57
[13:07:29.481]: (-0.3, 2.9, 0.5) 57
[13:07:29.596]: (-0.4, 2.8, 0.5) 68
[13:07:29.624]: (-0.4, 2.8, 0.5) 68
[13:07:29.720]: (-0.4, 2.8, 0.5) 68
[13:07:29.737]: (-0.4, 2.8, 0.5) 68
[13:07:29.754]: (-0.4, 2.8, 0.5) 68
[13:07:29.771]: (-0.4, 2.8, 0.4) 68
[13:07:29.788]: (-0.4, 2.8, 0.4) 68
[13:07:29.806]: (-0.4, 2.7, 0.4) 68
[13:07:30.157]: (-0.2, 3.0, 0.5) 54
[13:07:30.178]: (-0.2, 3.0, 0.5) 54
[13:07:30.201]: (-0.2, 2.9, 0.5) 56
[13:07:30.225]: (-0.2, 2.9, 0.5) 56
[13:07:30.245]: (-0.2, 2.9, 0.5) 56
[13:07:30.267]: (-0.2, 2.9, 0.5) 56
[13:07:30.290]: (-0.2, 3.1, 0.5) 54
[13:07:30.444]: (-0.4, 2.7, 0.4) 68
[13:07:30.469]: (-0.4, 2.9, 0.5) 57
[13:07:30.489]: (-0.4, 2.9, 0.5) 57
[13:07:30.512]: (-0.4, 2.8, 0.6) 69
[13:07:30.530]: (-0.4, 2.8, 0.6) 69
[13:07:30.548]: (-0.4, 2.8, 0.6) 69
[13:07:30.564]: (-0.4, 2.8, 0.6) 69
[13:07:30.581]: (-0.4, 2.8, 0.5) 69
[13:07:30.598]: (-0.4, 2.8, 0.6) 69
[13:07:30.614]: (-0.4, 2.8, 0.5) 69
[13:07:30.631]: (-0.4, 2.8, 0.5) 69
[13:07:30.648]: (-0.4, 2.8, 0.5) 69
[13:07:30.665]: (-0.4, 2.8, 0.5) 69
[13:07:30.683]: (-0.4, 2.8, 0.5) 69
[13:07:30.701]: (-0.4, 2.8, 0.5) 69
[13:07:30.718]: (-0.4, 2.8, 0.5) 69
[13:07:30.735]: (-0.4, 2.8, 0.5) 69
[13:07:30.751]: (-0.4, 2.8, 0.5) 69
[13:07:30.768]: (-0.4, 2.8, 0.5) 69
[13:07:30.786]: (-0.4, 2.8, 0.5) 69
[13:07:30.833]: (-0.6, 2.2, 0.6) 38
[13:07:30.849]: (-0.9, 2.1, 0.7) 36
[13:07:30.911]: (-0.8, 2.2, 0.8) 32
[13:07:30.932]: (-0.8, 2.1, 0.8) 44
[13:07:30.966]: (-0.9, 2.1, 0.8) 34
[13:07:30.985]: (-0.8, 2.1, 0.8) 34
[13:07:31.003]: (-0.8, 2.1, 0.8) 34
[13:07:31.020]: (-0.8, 2.1, 0.8) 34
[13:07:31.039]: (-0.9, 2.1, 0.8) 34
[13:07:31.054]: (-0.8, 2.1, 0.8) 34
[13:07:31.100]: (-0.9, 2.1, 0.8) 34
[13:07:31.233]: (-0.6, 2.2, 0.6) 38
[13:07:31.256]: (-0.6, 2.2, 0.6) 38
[13:07:31.278]: (-0.6, 2.2, 0.6) 38
[13:07:31.300]: (-0.6, 2.2, 0.6) 38
[13:07:31.323]: (-0.6, 2.1, 0.6) 38
[13:07:31.344]: (-0.7, 2.2, 0.6) 38
[13:07:31.369]: (-0.6, 2.1, 0.6) 38
[13:07:31.390]: (-0.6, 2.1, 0.6) 38
[13:07:31.412]: (-0.6, 2.1, 0.6) 38
[13:07:31.436]: (-0.6, 2.1, 0.6) 38
[13:07:31.458]: (-0.6, 2.1, 0.6) 38
[13:07:31.476]: (-0.6, 2.1, 0.6) 38
[13:07:31.495]: (-0.7, 2.2, 0.7) 38
[13:07:31.514]: (-0.7, 2.2, 0.6) 38
[13:07:31.533]: (-0.7, 2.2, 0.6) 38
[13:07:31.553]: (-0.6, 2.1, 0.6) 38
[13:07:31.571]: (-0.6, 2.1, 0.6) 38
[13:07:31.591]: (-0.6, 2.1, 0.6) 38
[13:07:31.661]: (-0.7, 2.2, 0.8) 34
[13:07:31.680]: (-0.7, 2.2, 0.8) 34
[13:07:31.698]: (-0.7, 2.2, 0.8) 34
[13:07:31.717]: (-0.7, 2.2, 0.8) 34
[13:07:31.772]: (-0.7, 2.2, 0.8) 46
[13:07:31.796]: (-0.6, 2.3, 0.8) 36
[13:07:31.821]: (-0.5, 2.4, 0.8) 36
[13:07:31.958]: (-0.3, 2.5, 0.8) 32
[13:07:32.095]: (-0.3, 2.5, 0.7) 32
[13:07:32.142]: (-0.4, 2.5, 0.7) 36
[13:07:32.166]: (-0.4, 2.5, 0.6) 36
[13:07:32.189]: (-0.4, 2.5, 0.6) 36
[13:07:32.211]: (-0.4, 2.5, 0.6) 36
[13:07:32.578]: (-0.2, 2.5, 0.7) 32
[13:07:32.611]: (-0.2, 2.5, 0.7) 31
[13:07:32.678]: (-0.2, 2.5, 0.7) 31
[13:07:33.133]: (-0.2, 2.4, 0.7) 44
[13:07:33.155]: (-0.2, 2.4, 0.7) 44
[13:07:33.199]: (-0.2, 2.4, 0.7) 44
[13:07:33.223]: (-0.2, 2.4, 0.7) 44
[13:07:33.244]: (-0.2, 2.4, 0.7) 44
[13:07:33.267]: (-0.2, 2.4, 0.7) 44
[13:07:33.289]: (-0.2, 2.4, 0.7) 44
[13:07:33.313]: (-0.2, 2.4, 0.7) 44
[13:07:33.488]: (-0.2, 2.5, 0.7) 32
[13:07:33.554]: (-0.4, 2.4, 0.7) 36
[13:07:33.577]: (-0.4, 2.4, 0.7) 36
[13:07:33.599]: (-0.4, 2.4, 0.7) 36
[13:07:33.621]: (-0.4, 2.4, 0.7) 36
[13:07:33.645]: (-0.4, 2.4, 0.7) 36
[13:07:33.668]: (-0.4, 2.4, 0.7) 36
[13:07:33.690]: (-0.4, 2.4, 0.7) 36
[13:07:33.713]: (-0.4, 2.4, 0.7) 36
[13:07:33.735]: (-0.4, 2.4, 0.7) 36
[13:07:33.757]: (-0.4, 2.4, 0.7) 36
[13:07:33.781]: (-0.4, 2.4, 0.7) 36
[13:07:33.803]: (-0.4, 2.4, 0.7) 36
[13:07:33.824]: (-0.4, 2.4, 0.7) 36
[13:07:33.847]: (-0.4, 2.4, 0.7) 36
[13:07:33.869]: (-0.4, 2.4, 0.7) 36
[13:07:33.892]: (-0.4, 2.4, 0.7) 36
[13:07:33.913]: (-0.4, 2.4, 0.7) 36
[13:07:33.936]: (-0.4, 2.4, 0.7) 36
[13:07:33.960]: (-0.4, 2.4, 0.7) 36
[13:07:33.980]: (-0.4, 2.4, 0.7) 36
[13:07:34.005]: (-0.4, 2.4, 0.7) 36
[13:07:34.025]: (-0.4, 2.4, 0.7) 36
[13:07:34.047]: (-0.4, 2.4, 0.7) 36
[13:07:34.069]: (-0.4, 2.4, 0.7) 36
[13:07:34.092]: (-0.4, 2.4, 0.7) 36
[13:07:34.109]: (-0.4, 2.4, 0.7) 36
[13:07:34.126]: (-0.4, 2.4, 0.7) 36
[13:07:34.143]: (-0.4, 2.4, 0.7) 36
[13:07:34.160]: (-0.4, 2.4, 0.7) 36
[13:07:34.179]: (-0.4, 2.4, 0.7) 36
[13:07:34.197]: (-0.4, 2.4, 0.7) 36
[13:07:34.213]: (-0.4, 2.4, 0.7) 36
[13:07:34.230]: (-0.4, 2.4, 0.7) 36
[13:07:34.247]: (-0.4, 2.4, 0.7) 36
[13:07:34.264]: (-0.4, 2.4, 0.7) 36
[13:07:34.281]: (-0.5, 2.4, 0.7) 36
[13:07:34.299]: (-0.5, 2.4, 0.7) 36
[13:07:34.317]: (-0.5, 2.4, 0.7) 36
[13:07:34.334]: (-0.5, 2.4, 0.7) 36
[13:07:34.352]: (-0.5, 2.4, 0.7) 36
[13:07:34.496]: (-0.5, 2.4, 0.7) 36
[13:07:34.544]: (-0.5, 2.4, 0.7) 36
[13:07:34.564]: (-0.4, 2.4, 0.7) 36
[13:07:34.588]: (-0.5, 2.4, 0.7) 36
[13:07:34.610]: (-0.4, 2.4, 0.7) 36
[13:07:34.632]: (-0.5, 2.4, 0.7) 36
[13:07:34.654]: (-0.5, 2.4, 0.7) 36
[13:07:34.676]: (-0.4, 2.5, 0.7) 36
[13:07:34.699]: (-0.4, 2.4, 0.7) 36
[13:07:34.720]: (-0.4, 2.4, 0.7) 36
[13:07:34.743]: (-0.4, 2.4, 0.7) 36
[13:07:34.765]: (-0.4, 2.4, 0.7) 36
[13:07:34.788]: (-0.4, 2.4, 0.7) 36
[13:07:34.809]: (-0.4, 2.4, 0.7) 36
[13:07:34.832]: (-0.4, 2.5, 0.7) 36
[13:07:34.854]: (-0.4, 2.5, 0.7) 36
[13:07:34.899]: (-0.4, 2.5, 0.7) 36
[13:07:35.313]: (-0.4, 2.6, 0.6) 35
[13:07:35.363]: (-0.9, 3.1, 0.4) 20
[13:07:35.380]: (-1.1, 3.1, 0.4) 12
[13:07:35.415]: (-1.1, 3.1, 0.4) 12
[13:07:35.465]: (-1.1, 3.1, 0.4) 12
[13:07:35.500]: (-1.1, 3.1, 0.4) 12
[13:07:35.521]: (-1.1, 3.1, 0.4) 12
[13:07:35.543]: (-1.1, 3.1, 0.4) 12
[13:07:35.565]: (-1.1, 3.1, 0.4) 12
[13:07:35.587]: (-1.1, 3.1, 0.4) 12
[13:07:35.609]: (-1.1, 3.1, 0.4) 12
[13:07:35.631]: (-1.1, 3.1, 0.4) 12
[13:07:35.654]: (-1.1, 3.1, 0.4) 12
[13:07:35.677]: (-1.2, 3.1, 0.4) 12
[13:07:35.698]: (-1.1, 3.1, 0.4) 12
[13:07:35.720]: (-1.1, 3.1, 0.4) 12
[13:07:36.159]: (-0.4, 2.6, 0.6) 37
[13:07:36.210]: (-0.4, 2.6, 0.6) 37
[13:07:36.228]: (-0.4, 2.6, 0.6) 37
[13:07:36.244]: (-0.4, 2.6, 0.6) 37
[13:07:36.262]: (-0.4, 2.6, 0.6) 37
[13:07:36.475]: (-0.3, 2.4, 0.7) 34
[13:07:36.498]: (-0.3, 2.4, 0.7) 34
[13:07:36.521]: (-0.3, 2.5, 0.7) 34
[13:07:36.632]: (-0.4, 2.4, 0.7) 36
[13:07:36.653]: (-0.5, 2.3, 0.7) 46
[13:07:36.676]: (-0.5, 2.3, 0.7) 46
[13:07:36.698]: (-0.5, 2.4, 0.7) 46
[13:07:36.719]: (-0.5, 2.4, 0.7) 46
[13:07:36.742]: (-0.5, 2.4, 0.7) 46
[13:07:36.764]: (-0.5, 2.3, 0.7) 46
[13:07:36.781]: (-0.5, 2.4, 0.7) 46
[13:07:37.722]: (-1.6, 2.1, 1.1) 10
[13:07:38.287]: (-0.9, 3.1, 0.5) 14
[13:07:38.331]: (-0.9, 3.1, 0.5) 14
[13:07:38.375]: (-0.9, 3.1, 0.5) 12
[13:07:38.398]: (-0.8, 3.1, 0.6) 12
[13:07:38.420]: (-0.8, 3.1, 0.6) 12
[13:07:38.508]: (-0.8, 3.1, 0.6) 12
[13:07:38.527]: (-0.8, 3.0, 0.6) 12
[13:07:38.543]: (-0.8, 3.0, 0.6) 12
[13:07:38.561]: (-0.8, 3.0, 0.7) 12
[13:07:38.584]: (-0.8, 3.0, 0.7) 12
[13:07:38.605]: (-0.8, 3.0, 0.7) 12
[13:07:38.621]: (-0.8, 3.0, 0.7) 12
[13:07:38.638]: (-0.8, 3.0, 0.7) 12
[13:07:38.654]: (-0.8, 3.0, 0.7) 12
[13:07:38.672]: (-0.8, 3.0, 0.7) 12
[13:07:38.689]: (-0.8, 3.0, 0.7) 12
[13:07:38.706]: (-0.8, 3.0, 0.7) 12
[13:07:38.738]: (-0.9, 3.0, 0.7) 14
[13:07:38.755]: (-0.9, 3.0, 0.7) 14
[13:07:38.773]: (-0.9, 3.0, 0.7) 14
[13:07:38.791]: (-0.9, 3.0, 0.7) 14
[13:07:38.808]: (-0.9, 3.0, 0.7) 14
[13:07:38.825]: (-0.9, 3.0, 0.7) 14
[13:07:38.842]: (-0.9, 3.0, 0.7) 14
[13:07:38.859]: (-0.9, 3.0, 0.7) 14
[13:07:38.877]: (-0.9, 3.0, 0.7) 14
[13:07:38.894]: (-0.9, 3.0, 0.7) 14
[13:07:38.911]: (-0.9, 3.0, 0.7) 14
[13:07:38.928]: (-0.9, 3.0, 0.7) 14
[13:07:38.946]: (-0.9, 3.0, 0.7) 14
[13:07:38.965]: (-0.9, 3.0, 0.7) 14
[13:07:38.983]: (-0.9, 3.0, 0.7) 14
[13:07:39.001]: (-0.9, 3.0, 0.7) 14
[13:07:39.018]: (-0.9, 3.0, 0.7) 14
[13:07:39.036]: (-0.9, 3.0, 0.7) 14
[13:07:39.363]: (-0.7, 3.1, 0.6) 20
[13:07:39.636]: (-1.0, 3.1, 0.7) 17
[13:07:39.654]: (-0.9, 3.0, 0.7) 14
[13:07:39.677]: (-1.0, 3.1, 0.7) 17
[13:07:39.698]: (-1.0, 3.1, 0.7) 17
[13:07:39.861]: (-0.9, 3.0, 0.6) 14
[13:07:39.883]: (-0.9, 3.0, 0.6) 14
[13:07:39.905]: (-0.9, 3.0, 0.6) 14
[13:07:39.928]: (-0.9, 3.0, 0.6) 14
[13:07:39.950]: (-0.9, 3.0, 0.6) 14
[13:07:39.973]: (-0.9, 3.0, 0.6) 14
[13:07:39.996]: (-0.9, 3.0, 0.6) 14
[13:07:40.019]: (-0.9, 3.0, 0.6) 14
[13:07:40.154]: (-0.9, 3.2, 0.7) 17
[13:07:40.187]: (-0.9, 3.1, 0.7) 17
[13:07:40.385]: (-0.8, 3.1, 0.6) 13
[13:07:40.419]: (-0.8, 3.1, 0.7) 13
[13:07:40.452]: (-0.9, 3.2, 0.8) 23
[13:07:40.520]: (-0.8, 3.1, 0.8) 15
[13:07:40.552]: (-0.9, 3.1, 0.8) 15
[13:07:40.585]: (-0.9, 3.1, 0.9) 15
[13:07:40.619]: (-0.8, 3.1, 0.9) 15
[13:07:40.653]: (-0.8, 3.0, 0.9) 17
[13:07:40.808]: (-0.8, 3.0, 0.9) 17
[13:07:40.829]: (-0.8, 3.0, 0.9) 17
[13:07:40.852]: (-0.8, 3.0, 0.9) 17
[13:07:41.096]: (-0.9, 3.0, 0.9) 17
[13:07:41.119]: (-0.9, 3.0, 0.9) 17
[13:07:41.141]: (-0.9, 3.0, 0.9) 17
[13:07:41.162]: (-0.8, 3.0, 0.9) 17
[13:07:41.185]: (-0.8, 3.0, 0.9) 17
[13:07:41.207]: (-0.8, 3.0, 0.9) 17
[13:07:41.229]: (-0.8, 3.0, 0.9) 17
[13:07:41.252]: (-0.8, 3.0, 0.9) 17
[13:07:41.296]: (-0.7, 2.9, 0.8) 12
[13:07:41.318]: (-0.7, 3.0, 0.8) 12
[13:07:41.341]: (-0.7, 2.9, 0.8) 12
[13:07:41.363]: (-0.7, 2.9, 0.8) 12
[13:07:41.385]: (-0.7, 2.9, 0.8) 12
[13:07:41.407]: (-0.7, 2.9, 0.8) 12
[13:07:41.430]: (-0.7, 2.9, 0.8) 12
[13:07:41.452]: (-0.7, 2.9, 0.8) 12
[13:07:41.475]: (-0.6, 2.9, 0.8) 12
[13:07:41.496]: (-0.6, 2.9, 0.8) 12
[13:07:41.519]: (-0.6, 2.9, 0.8) 12
[13:07:41.543]: (-0.6, 2.9, 0.8) 12
[13:07:41.565]: (-0.6, 2.9, 0.8) 20
[13:07:41.590]: (-0.6, 2.9, 0.8) 20
[13:07:41.611]: (-0.6, 2.9, 0.7) 20
[13:07:41.633]: (-0.6, 2.9, 0.7) 20
[13:07:41.655]: (-0.6, 2.9, 0.7) 20
[13:07:41.746]: (-0.7, 3.0, 0.8) 13
[13:07:41.770]: (-0.7, 3.0, 0.8) 13
[13:07:41.793]: (-0.6, 2.9, 0.8) 13
[13:07:41.814]: (-0.8, 3.0, 0.9) 15
[13:07:41.836]: (-0.8, 2.9, 0.9) 17
[13:07:41.859]: (-0.8, 2.9, 0.9) 17
[13:07:41.880]: (-0.8, 2.9, 1.0) 25
[13:07:41.903]: (-0.8, 2.9, 1.0) 25
[13:07:41.925]: (-0.8, 2.9, 1.0) 25
[13:07:41.949]: (-0.8, 2.9, 1.0) 25
[13:07:41.970]: (-0.8, 2.9, 1.0) 25
[13:07:42.049]: (-0.7, 3.0, 1.0) 25
[13:07:42.068]: (-0.7, 3.0, 1.0) 25
[13:07:42.090]: (-0.7, 3.0, 1.0) 25
[13:07:42.110]: (-0.7, 3.0, 1.0) 25
[13:07:42.127]: (-0.7, 3.0, 1.0) 25
[13:07:42.144]: (-0.7, 3.0, 1.0) 25
[13:07:42.160]: (-0.7, 3.0, 1.0) 25
[13:07:42.178]: (-0.7, 3.0, 1.0) 25
[13:07:42.195]: (-0.7, 3.0, 1.0) 25
[13:07:42.211]: (-0.7, 3.0, 1.0) 25
[13:07:42.229]: (-0.7, 3.0, 1.0) 25
[13:07:42.246]: (-0.7, 3.0, 1.0) 25
[13:07:42.263]: (-0.7, 3.0, 1.0) 25
[13:07:42.280]: (-0.7, 3.0, 1.0) 25
[13:07:42.297]: (-0.7, 3.0, 1.0) 25
[13:07:42.316]: (-0.7, 3.0, 1.0) 25
[13:07:42.333]: (-0.7, 3.0, 1.0) 25
[13:07:42.352]: (-0.7, 3.0, 1.0) 25
[13:07:42.369]: (-0.7, 3.0, 1.1) 25
[13:07:42.386]: (-0.7, 3.0, 1.1) 25
[13:07:42.403]: (-0.7, 3.0, 1.1) 25
[13:07:42.496]: (-0.6, 2.8, 1.0) 24
[13:07:42.651]: (-0.5, 2.1, 1.4) 9
[13:07:42.674]: (-0.6, 2.0, 1.5) 6
[13:07:42.696]: (-0.6, 2.0, 1.5) 6
[13:07:42.718]: (-0.6, 2.0, 1.5) 6
[13:07:42.740]: (-0.6, 2.0, 1.5) 6
[13:07:42.762]: (-0.6, 2.0, 1.5) 6
[13:07:42.784]: (-0.6, 2.0, 1.5) 6
[13:07:42.809]: (-0.6, 2.0, 1.5) 6
[13:07:42.828]: (-0.6, 2.0, 1.5) 6
[13:07:42.852]: (-0.6, 2.0, 1.5) 6
[13:07:42.873]: (-0.6, 2.0, 1.5) 6
[13:07:42.895]: (-0.6, 2.0, 1.5) 6
[13:07:42.918]: (-0.6, 2.0, 1.5) 6
[13:07:42.941]: (-0.6, 2.0, 1.5) 6
[13:07:42.957]: (-0.6, 2.0, 1.5) 6
[13:07:42.974]: (-0.6, 2.0, 1.6) 6
[13:07:42.991]: (-0.6, 2.0, 1.6) 6
[13:07:43.166]: (-0.6, 1.9, 1.6) 6
[13:07:43.184]: (-0.6, 1.9, 1.6) 6
[13:07:43.202]: (-0.6, 2.0, 1.6) 6
[13:07:43.220]: (-0.5, 2.0, 1.5) 6
[13:07:43.807]: (-0.5, 2.9, 1.0) 16
[13:07:43.828]: (-0.5, 2.9, 1.0) 17
[13:07:43.851]: (-0.6, 2.9, 1.0) 17
[13:07:43.870]: (-0.5, 2.9, 1.0) 16
[13:07:43.887]: (-0.5, 2.9, 1.0) 16
[13:07:43.906]: (-0.5, 2.8, 0.9) 14
[13:07:43.926]: (-0.5, 2.9, 1.0) 16
[13:07:43.942]: (-0.5, 2.9, 1.0) 16
[13:07:43.960]: (-0.5, 2.9, 1.0) 16
[13:07:43.978]: (-0.5, 2.8, 0.9) 14
[13:07:43.995]: (-0.5, 2.9, 1.0) 16
[13:07:44.253]: (-0.5, 2.0, 1.5) 6
[13:07:44.270]: (-0.5, 2.0, 1.5) 6
[13:07:44.286]: (-0.5, 2.0, 1.5) 6
[13:07:44.308]: (-0.5, 2.0, 1.5) 6
[13:07:44.329]: (-0.5, 2.0, 1.5) 6
[13:07:44.351]: (-0.5, 2.0, 1.5) 6
[13:07:44.374]: (-0.5, 2.0, 1.5) 6
[13:07:44.396]: (-0.7, 2.0, 1.6) 11
[13:07:44.418]: (-0.6, 2.0, 1.6) 11
[13:07:44.444]: (-0.7, 2.0, 1.6) 11
[13:07:44.463]: (-0.6, 2.0, 1.6) 11
