[12:58:29.902]: (-3.6, -2.9, 0.0) 64
[12:58:30.085]: (-3.7, -2.9, 0.0) 61
[12:58:30.102]: (-3.7, -2.9, 0.0) 61
[12:58:30.135]: (-3.6, -2.8, 0.0) 64
[12:58:30.152]: (-3.6, -2.8, 0.0) 64
[12:58:30.170]: (-3.6, -2.9, 0.0) 64
[12:58:31.363]: (-2.6, 1.0, 1.5) 5
[12:58:31.386]: (-2.4, 1.1, 1.5) 0
[12:58:31.408]: (-2.4, 1.2, 1.5) 0
[12:58:31.434]: (-2.3, 1.3, 1.5) 1
[12:58:31.458]: (-2.2, 1.4, 1.5) 1
[12:58:31.499]: (-3.3, 1.7, 2.4) 21
[12:58:31.524]: (-3.1, 1.6, 2.1) 28
[12:58:31.546]: (-3.1, 1.6, 2.2) 28
[12:58:31.566]: (-3.1, 1.6, 2.1) 26
[12:58:31.589]: (-3.1, 1.6, 2.1) 26
[12:58:32.929]: (-3.8, 2.6, 3.2) 61
[12:58:32.952]: (-3.6, 2.6, 3.1) 64
[12:58:33.252]: (-0.9, 2.6, 1.9) 4
[12:58:33.271]: (-0.9, 2.6, 1.9) 4
[12:58:33.292]: (-0.8, 2.7, 1.9) 4
[12:58:33.312]: (-0.8, 2.7, 1.9) 4
[12:58:33.334]: (-0.7, 2.7, 1.9) 4
[12:58:33.358]: (-0.7, 2.7, 1.9) 4
[12:58:33.860]: (-1.1, 2.1, 1.2) 15
[12:58:34.060]: (-1.1, 1.9, 1.0) 7
[12:58:34.094]: (-1.1, 1.9, 1.0) 7
[12:58:34.126]: (-1.3, 2.0, 1.3) 14
[12:58:34.371]: (-1.3, 2.1, 1.3) 14
[12:58:34.437]: (-1.1, 2.0, 1.2) 13
[12:58:34.459]: (-1.1, 2.0, 1.2) 13
[12:58:34.482]: (-1.1, 2.0, 1.2) 13
[12:58:34.593]: (-1.1, 2.1, 1.1) 13
[12:58:34.622]: (-1.1, 2.1, 1.1) 13
[12:58:34.647]: (-1.1, 2.1, 1.1) 8
[12:58:34.677]: (-1.1, 2.1, 1.0) 8
[12:58:34.706]: (-1.1, 2.1, 1.0) 8
[12:58:34.730]: (-1.1, 2.1, 1.0) 8
[12:58:34.751]: (-1.1, 2.2, 1.0) 8
[12:58:34.786]: (-1.1, 2.2, 1.0) 8
[12:58:35.070]: (-2.2, 2.8, 1.5) 38
[12:58:35.092]: (-2.2, 2.8, 1.5) 38
[12:58:35.129]: (-2.2, 2.8, 1.4) 34
[12:58:35.151]: (-2.2, 2.8, 1.4) 34
[12:58:35.171]: (-2.2, 2.8, 1.4) 34
[12:58:35.187]: (-2.2, 2.7, 1.3) 36
[12:58:36.582]: (-0.6, 2.3, 0.9) 15
[12:58:36.604]: (-0.6, 2.3, 0.9) 15
[12:58:36.627]: (-0.6, 2.3, 0.9) 15
[12:58:38.015]: (-1.7, 3.2, 1.4) 37
[12:58:38.047]: (-1.6, 3.0, 1.3) 35
[12:58:38.113]: (-1.7, 3.1, 1.5) 37
[12:58:38.280]: (-1.7, 2.9, 1.5) 36
[12:58:38.768]: (-1.7, 2.9, 1.5) 36
[12:58:38.790]: (-1.7, 2.9, 1.5) 36
[12:58:38.813]: (-1.7, 2.9, 1.5) 36
[12:58:38.835]: (-1.7, 2.9, 1.5) 36
[12:58:38.857]: (-1.7, 2.9, 1.5) 36
[12:58:38.881]: (-1.7, 2.9, 1.5) 36
[12:58:40.039]: (-1.5, 3.7, 1.9) 85
[12:58:40.057]: (-1.5, 3.7, 1.8) 85
[12:58:40.074]: (-1.5, 3.7, 1.8) 85
[12:58:40.091]: (-1.5, 3.7, 1.9) 85
[12:58:40.702]: (-1.5, 3.7, 1.8) 85
[12:58:40.929]: (-0.2, 3.6, 2.0) 49
[12:58:41.379]: (-0.1, 3.5, 2.0) 49
[12:58:41.594]: (-0.7, 2.0, 1.0) 6
[12:58:41.626]: (-0.7, 1.9, 0.9) 7
[12:58:41.643]: (-0.7, 1.9, 0.9) 7
[12:58:41.875]: (-0.6, 2.0, 1.1) 12
[12:58:42.355]: (-0.1, 2.5, 1.5) 0
[12:58:42.647]: (-0.3, 2.4, 1.4) 2
[12:58:42.669]: (-0.3, 2.4, 1.4) 2
[12:58:42.691]: (-0.3, 2.4, 1.4) 2
[12:58:42.712]: (-0.3, 2.4, 1.4) 2
[12:58:42.729]: (-0.3, 2.4, 1.4) 2
[12:58:42.748]: (-0.3, 2.4, 1.4) 2
[12:58:42.768]: (-0.3, 2.4, 1.4) 2
[12:58:42.790]: (-0.3, 2.4, 1.4) 2
[12:58:42.807]: (-0.3, 2.4, 1.5) 2
[12:58:42.824]: (-0.3, 2.4, 1.4) 2
[12:58:42.842]: (-0.3, 2.5, 1.5) 4
[12:58:42.858]: (-0.3, 2.4, 1.5) 2
[12:58:42.875]: (-0.3, 2.4, 1.4) 2
[12:58:42.893]: (-0.3, 2.4, 1.4) 2
[12:58:42.910]: (-0.3, 2.4, 1.4) 2
[12:58:42.928]: (-0.3, 2.4, 1.4) 2
[12:58:42.945]: (-0.3, 2.4, 1.4) 2
[12:58:42.961]: (-0.3, 2.4, 1.4) 2
[12:58:42.978]: (-0.3, 2.4, 1.4) 2
[12:58:43.000]: (-0.3, 2.4, 1.4) 2
[12:58:43.022]: (-0.3, 2.4, 1.4) 2
[12:58:43.090]: (0.5, 3.5, 2.1) 25
[12:58:43.334]: (0.4, 3.5, 2.0) 25
[12:58:43.402]: (0.5, 3.5, 2.0) 27
[12:58:43.426]: (0.5, 3.5, 2.0) 27
[12:58:43.449]: (0.4, 3.5, 2.0) 27
[12:58:43.474]: (0.4, 3.5, 2.0) 27
[12:58:43.495]: (0.4, 3.5, 2.0) 27
[12:58:43.608]: (0.6, 4.3, 2.9) 55
[12:58:43.758]: (0.6, 4.2, 2.9) 53
[12:58:43.851]: (0.8, 3.0, 2.1) 32
[12:58:43.874]: (0.8, 3.0, 2.1) 32
[12:58:44.978]: (0.1, 4.1, 3.0) 53
[12:58:45.000]: (0.0, 4.1, 3.0) 53
[12:58:45.090]: (0.0, 3.4, 2.1) 27
[12:58:45.112]: (0.0, 3.4, 2.1) 27
[12:58:45.135]: (-0.1, 3.4, 2.2) 24
[12:58:47.910]: (1.2, 3.7, 2.0) 43
[12:58:48.235]: (1.1, 3.0, 1.7) 31
[12:58:48.698]: (1.2, 3.7, 1.9) 43
[12:58:49.082]: (-0.2, 2.3, 1.5) 2
[12:58:49.099]: (-0.3, 2.3, 1.6) 4
[12:58:49.116]: (-0.3, 2.3, 1.5) 2
[12:58:49.132]: (-0.3, 2.3, 1.6) 4
[12:58:49.149]: (-0.3, 2.3, 1.6) 4
[12:58:49.167]: (-0.3, 2.3, 1.6) 4
[12:58:49.184]: (-0.3, 2.3, 1.6) 4
[12:58:49.218]: (-0.3, 2.3, 1.6) 4
[12:58:49.268]: (-0.3, 2.3, 1.6) 4
[12:58:49.288]: (-0.3, 2.3, 1.6) 4
[12:58:49.310]: (-0.3, 2.3, 1.6) 4
[12:58:49.331]: (-0.3, 2.3, 1.6) 4
[12:58:49.353]: (-0.3, 2.3, 1.6) 4
[12:58:49.376]: (-0.3, 2.3, 1.6) 4
[12:58:49.397]: (-0.3, 2.3, 1.6) 4
[12:58:49.420]: (-0.3, 2.3, 1.6) 4
[12:58:49.444]: (-0.3, 2.3, 1.6) 4
[12:58:49.464]: (-0.3, 2.3, 1.6) 4
[12:58:50.198]: (-1.0, 3.3, 2.1) 47
[12:58:50.794]: (-2.1, 3.0, 2.3) 81
[12:58:50.826]: (-2.4, 3.0, 2.3) 80
[12:58:51.524]: (-1.3, 1.8, 1.3) 11
[12:58:51.803]: (-2.1, 3.2, 2.4) 86
[12:58:51.821]: (-2.4, 3.0, 2.2) 83
[12:58:51.837]: (-2.4, 3.0, 2.2) 83
[12:58:51.855]: (-2.4, 3.0, 2.3) 83
[12:58:51.874]: (-2.4, 3.0, 2.2) 83
[12:58:51.898]: (-2.4, 3.0, 2.2) 83
[12:58:51.918]: (-2.4, 3.0, 2.2) 83
[12:58:51.941]: (-2.4, 3.0, 2.3) 83
[12:58:51.966]: (-2.4, 3.0, 2.3) 80
[12:58:51.985]: (-2.4, 3.0, 2.3) 80
[12:58:52.008]: (-2.4, 3.0, 2.3) 80
[12:58:52.030]: (-2.4, 3.0, 2.3) 80
[12:58:52.052]: (-2.4, 3.0, 2.3) 80
[12:58:52.075]: (-2.4, 3.0, 2.3) 80
[12:58:52.097]: (-2.4, 3.0, 2.3) 80
[12:58:52.118]: (-2.3, 2.9, 2.3) 80
[12:58:52.141]: (-2.3, 3.0, 2.3) 80
[12:58:52.164]: (-2.3, 2.9, 2.3) 80
[12:58:52.186]: (-2.3, 2.9, 2.3) 80
[12:58:52.208]: (-2.3, 2.9, 2.3) 80
[12:58:52.230]: (-2.3, 2.9, 2.3) 80
[12:58:52.252]: (-2.3, 2.9, 2.3) 80
[12:58:52.269]: (-2.3, 2.9, 2.3) 80
[12:58:52.286]: (-2.3, 2.9, 2.3) 80
[12:58:52.302]: (-2.3, 2.9, 2.3) 80
[12:58:52.319]: (-2.3, 2.9, 2.3) 80
[12:58:52.336]: (-2.4, 2.9, 2.3) 80
[12:58:52.353]: (-2.4, 2.9, 2.3) 80
[12:58:52.370]: (-2.3, 2.9, 2.3) 85
[12:58:52.388]: (-2.4, 2.9, 2.3) 85
[12:58:52.422]: (-2.4, 2.0, 1.8) 36
[12:58:52.441]: (-2.4, 2.1, 1.8) 36
[12:58:52.459]: (-2.4, 2.0, 1.8) 36
[12:58:52.476]: (-2.4, 2.0, 1.8) 36
[12:58:52.494]: (-2.4, 2.1, 1.8) 36
[12:58:52.512]: (-2.4, 2.1, 1.8) 36
[12:58:52.528]: (-2.4, 2.1, 1.8) 36
[12:58:52.546]: (-2.4, 2.0, 1.8) 36
[12:58:52.564]: (-2.4, 2.0, 1.8) 36
[12:58:52.582]: (-2.4, 2.0, 1.8) 36
[12:58:52.599]: (-2.4, 2.0, 1.8) 36
[12:58:52.616]: (-2.4, 2.0, 1.8) 36
[12:58:52.632]: (-2.4, 2.0, 1.8) 36
[12:58:52.649]: (-2.4, 2.0, 1.8) 36
[12:58:52.665]: (-2.4, 2.0, 1.8) 36
[12:58:52.682]: (-2.4, 2.0, 1.8) 36
[12:58:52.700]: (-2.4, 2.0, 1.8) 36
[12:58:52.719]: (-2.4, 2.0, 1.8) 36
[12:58:52.742]: (-2.4, 2.0, 1.8) 36
[12:58:52.764]: (-2.4, 2.0, 1.8) 36
[12:58:52.786]: (-2.4, 2.0, 1.8) 36
[12:58:52.807]: (-2.4, 2.0, 1.8) 36
[12:58:52.830]: (-2.4, 2.0, 1.8) 36
[12:58:52.851]: (-2.4, 2.0, 1.8) 36
[12:58:52.941]: (-1.3, 3.2, 2.2) 51
[12:58:53.246]: (-1.3, 3.2, 2.2) 51
[12:58:53.263]: (-1.3, 3.2, 2.2) 51
[12:58:53.280]: (-1.3, 3.2, 2.2) 51
[12:58:54.398]: (-1.4, 1.7, 1.4) 14
[12:58:54.696]: (-1.2, 1.6, 1.2) 6
[12:58:54.717]: (-1.2, 1.5, 1.2) 6
[12:58:54.741]: (-1.2, 1.5, 1.1) 7
[12:58:54.762]: (-1.1, 1.5, 1.1) 7
[12:58:54.784]: (-1.1, 1.5, 1.1) 7
[12:58:54.807]: (-1.1, 1.5, 1.1) 7
[12:58:55.562]: (1.1, 3.1, 1.7) 31
[12:58:55.928]: (1.3, 3.6, 1.9) 46
[12:58:55.946]: (1.0, 3.9, 2.1) 41
[12:58:56.462]: (1.2, 3.1, 1.5) 30
[12:58:56.483]: (1.2, 3.1, 1.5) 30
[12:58:56.506]: (1.2, 3.1, 1.5) 30
[12:58:56.528]: (1.2, 3.1, 1.5) 30
[12:58:56.551]: (1.2, 3.1, 1.5) 30
[12:58:56.573]: (1.2, 3.1, 1.5) 30
[12:58:56.595]: (1.2, 3.1, 1.5) 30
[12:58:56.935]: (1.2, 3.1, 1.5) 30
[12:58:57.662]: (-0.3, 2.3, 1.5) 4
[12:58:57.774]: (-0.3, 2.3, 1.6) 4
[12:58:57.792]: (-0.3, 2.3, 1.6) 4
[12:58:57.825]: (-0.3, 2.3, 1.5) 4
[12:58:57.840]: (-0.3, 2.3, 1.5) 4
[12:58:57.857]: (-0.3, 2.3, 1.6) 4
[12:58:57.875]: (-0.3, 2.3, 1.5) 4
[12:58:57.893]: (-0.3, 2.3, 1.5) 4
[12:58:57.909]: (-0.3, 2.3, 1.6) 4
[12:58:57.927]: (-0.3, 2.4, 1.5) 4
[12:58:58.006]: (0.2, 3.3, 1.9) 23
[12:58:58.272]: (1.0, 4.3, 2.4) 53
[12:58:58.339]: (1.1, 3.7, 1.9) 43
[12:58:58.362]: (1.1, 3.7, 1.9) 43
[12:58:58.379]: (1.1, 3.7, 1.9) 43
[12:58:58.397]: (1.1, 3.7, 1.9) 43
[12:58:58.414]: (1.1, 3.7, 1.9) 43
[12:58:58.450]: (1.2, 3.7, 1.9) 43
[12:58:58.466]: (1.1, 3.7, 1.9) 43
[12:58:58.482]: (1.1, 3.7, 1.9) 43
[12:58:58.500]: (1.1, 3.7, 1.9) 43
[12:58:58.518]: (1.1, 3.7, 1.9) 43
[12:58:58.861]: (0.9, 3.7, 1.9) 44
[12:58:58.884]: (1.0, 3.8, 2.1) 41
[12:58:58.905]: (1.0, 3.8, 2.1) 41
[12:58:58.928]: (1.0, 3.8, 2.1) 41
[12:58:58.951]: (1.0, 3.8, 2.1) 41
[12:58:59.061]: (0.4, 3.5, 1.8) 27
[12:58:59.083]: (0.4, 3.5, 1.9) 27
[12:58:59.105]: (0.4, 3.5, 1.9) 25
[12:58:59.127]: (0.4, 3.5, 1.8) 27
[12:58:59.150]: (0.4, 3.5, 1.8) 27
[12:58:59.171]: (0.4, 3.5, 1.8) 27
[12:58:59.194]: (0.4, 3.5, 1.8) 27
[12:58:59.216]: (0.4, 3.5, 1.8) 27
[12:58:59.233]: (0.4, 3.5, 1.8) 27
[12:58:59.249]: (0.4, 3.5, 1.8) 27
[12:58:59.267]: (0.4, 3.5, 1.8) 27
[12:58:59.284]: (0.4, 3.5, 1.8) 27
[12:58:59.302]: (0.4, 3.5, 1.8) 27
[12:58:59.386]: (0.9, 4.4, 2.5) 55
[12:58:59.404]: (0.9, 4.4, 2.5) 55
[12:58:59.652]: (0.2, 3.3, 1.9) 23
[12:58:59.671]: (0.2, 3.3, 1.9) 23
[12:58:59.691]: (0.2, 3.3, 1.9) 23
[12:58:59.709]: (0.2, 3.3, 1.9) 23
[12:58:59.729]: (0.2, 3.3, 2.0) 23
[12:58:59.751]: (0.2, 3.3, 2.0) 23
[12:58:59.772]: (0.2, 3.3, 2.0) 23
[12:58:59.861]: (0.2, 3.3, 2.0) 23
[12:58:59.905]: (0.2, 3.3, 1.9) 23
[12:59:00.263]: (-1.0, 3.3, 2.2) 47
[12:59:00.619]: (-0.3, 2.3, 1.5) 4
[12:59:00.639]: (-0.3, 2.2, 1.5) 2
[12:59:00.659]: (-0.2, 2.2, 1.5) 2
[12:59:00.683]: (-0.2, 2.2, 1.5) 2
[12:59:00.705]: (-0.2, 2.2, 1.5) 2
[12:59:00.726]: (-0.2, 2.2, 1.5) 2
[12:59:00.749]: (-0.2, 2.2, 1.5) 2
[12:59:00.771]: (-0.2, 2.2, 1.5) 2
[12:59:00.793]: (-0.2, 2.2, 1.5) 2
[12:59:00.816]: (-0.2, 2.2, 1.5) 2
[12:59:00.838]: (-0.2, 2.2, 1.5) 2
[12:59:00.860]: (-0.2, 2.2, 1.5) 2
[12:59:00.884]: (-0.2, 2.2, 1.5) 2
[12:59:00.905]: (-0.2, 2.2, 1.5) 2
[12:59:00.927]: (-0.2, 2.2, 1.5) 2
[12:59:00.949]: (-0.2, 2.2, 1.5) 2
[12:59:00.972]: (-0.2, 2.2, 1.5) 2
[12:59:00.993]: (-0.2, 2.2, 1.5) 2
[12:59:01.403]: (-0.2, 2.3, 1.5) 2
[12:59:01.420]: (-0.2, 2.2, 1.5) 2
[12:59:01.437]: (-0.2, 2.2, 1.5) 2
[12:59:01.454]: (-0.2, 2.2, 1.5) 2
[12:59:01.474]: (-0.2, 2.3, 1.5) 2
[12:59:01.492]: (-0.2, 2.3, 1.5) 2
[12:59:01.508]: (-0.2, 2.3, 1.5) 2
[12:59:01.525]: (-0.2, 2.3, 1.5) 2
[12:59:01.542]: (-0.2, 2.3, 1.5) 2
[12:59:01.559]: (-0.2, 2.2, 1.5) 2
[12:59:01.574]: (-0.2, 2.2, 1.5) 2
[12:59:01.593]: (-0.2, 2.2, 1.5) 2
[12:59:01.615]: (-0.2, 2.3, 1.5) 2
[12:59:01.637]: (-0.2, 2.3, 1.5) 2
[12:59:01.661]: (-0.2, 2.3, 1.5) 2
[12:59:02.356]: (1.1, 3.5, 1.8) 45
[12:59:02.760]: (1.1, 3.2, 1.5) 32
[12:59:03.080]: (1.2, 3.1, 1.6) 30
[12:59:03.879]: (-2.5, 3.0, 2.3) 84
[12:59:04.403]: (-2.3, 2.8, 2.4) 85
[12:59:04.426]: (-2.3, 2.9, 2.4) 85
[12:59:04.447]: (-2.3, 2.9, 2.3) 85
[12:59:04.469]: (-2.3, 2.9, 2.3) 85
[12:59:04.492]: (-2.4, 3.0, 2.3) 83
[12:59:04.514]: (-2.4, 3.0, 2.3) 83
[12:59:04.537]: (-2.4, 3.0, 2.2) 83
[12:59:04.603]: (-2.4, 3.0, 2.2) 83
[12:59:04.618]: (-2.4, 3.0, 2.2) 83
[12:59:04.635]: (-2.4, 3.0, 2.2) 83
[12:59:04.652]: (-2.4, 2.9, 2.2) 83
[12:59:04.669]: (-2.4, 2.9, 2.2) 83
[12:59:04.685]: (-2.4, 3.0, 2.3) 80
[12:59:04.702]: (-2.4, 2.9, 2.3) 80
[12:59:04.719]: (-2.4, 2.9, 2.3) 80
[12:59:04.737]: (-2.4, 2.9, 2.3) 80
[12:59:04.754]: (-2.5, 3.0, 2.3) 84
[12:59:04.787]: (-2.4, 2.9, 2.2) 83
[12:59:04.805]: (-2.4, 3.0, 2.2) 83
[12:59:04.852]: (-2.4, 3.0, 2.2) 83
[12:59:04.869]: (-2.4, 3.0, 2.2) 83
[12:59:04.886]: (-2.4, 3.0, 2.2) 83
[12:59:04.904]: (-2.4, 3.0, 2.2) 83
[12:59:05.014]: (-2.5, 3.0, 2.3) 84
[12:59:05.042]: (-2.4, 2.9, 2.3) 80
[12:59:05.060]: (-2.4, 2.9, 2.3) 80
[12:59:05.081]: (-2.3, 3.0, 2.3) 80
[12:59:05.107]: (-2.4, 2.9, 2.3) 80
[12:59:05.730]: (-2.1, 3.1, 2.4) 84
[12:59:05.753]: (-2.1, 3.1, 2.3) 80
[12:59:05.774]: (-2.1, 3.0, 2.4) 84
[12:59:05.797]: (-2.0, 3.0, 2.4) 80
[12:59:06.114]: (-1.6, 3.1, 2.5) 85
[12:59:06.136]: (-1.6, 3.0, 2.6) 85
[12:59:06.158]: (-1.6, 3.0, 2.6) 85
[12:59:06.270]: (-1.6, 3.0, 2.5) 85
[12:59:07.302]: (-1.7, 3.0, 2.5) 85
[12:59:07.324]: (-1.7, 3.1, 2.6) 84
[12:59:07.342]: (-1.6, 3.1, 2.5) 85
[12:59:07.360]: (-1.7, 3.1, 2.6) 84
[12:59:07.376]: (-1.6, 3.1, 2.5) 80
[12:59:07.394]: (-1.6, 3.1, 2.5) 80
[12:59:07.412]: (-1.7, 3.1, 2.5) 80
[12:59:07.429]: (-1.6, 3.1, 2.5) 80
[12:59:07.447]: (-1.6, 3.1, 2.5) 80
[12:59:07.464]: (-1.6, 3.1, 2.5) 80
[12:59:07.481]: (-1.6, 3.1, 2.5) 80
[12:59:07.499]: (-1.6, 3.1, 2.5) 80
[12:59:07.515]: (-1.6, 3.1, 2.5) 80
[12:59:07.533]: (-1.6, 3.1, 2.5) 80
[12:59:07.549]: (-1.7, 3.1, 2.5) 80
[12:59:07.566]: (-1.7, 3.1, 2.5) 80
[12:59:07.582]: (-1.7, 3.1, 2.5) 84
[12:59:07.599]: (-1.7, 3.1, 2.5) 84
[12:59:07.617]: (-1.7, 3.2, 2.6) 84
[12:59:08.498]: (-1.6, 3.1, 2.5) 80
[12:59:08.515]: (-1.6, 3.2, 2.5) 80
[12:59:08.532]: (-1.6, 3.1, 2.5) 80
[12:59:08.549]: (-1.6, 3.1, 2.5) 80
[12:59:08.564]: (-1.6, 3.1, 2.5) 80
[12:59:08.581]: (-1.6, 3.1, 2.5) 80
[12:59:08.597]: (-1.6, 3.1, 2.5) 80
[12:59:08.614]: (-1.6, 3.1, 2.5) 80
[12:59:08.630]: (-1.6, 3.1, 2.5) 80
[12:59:08.648]: (-1.6, 3.1, 2.5) 80
[12:59:08.664]: (-1.6, 3.1, 2.5) 80
[12:59:08.682]: (-1.6, 3.1, 2.5) 80
[12:59:08.699]: (-1.6, 3.1, 2.5) 80
[12:59:08.716]: (-1.6, 3.1, 2.5) 80
[12:59:08.733]: (-1.6, 3.1, 2.5) 80
[12:59:08.749]: (-1.6, 3.1, 2.5) 80
[12:59:08.766]: (-1.6, 3.1, 2.5) 80
[12:59:08.783]: (-1.7, 3.1, 2.6) 84
[12:59:08.801]: (-1.7, 3.1, 2.6) 84
[12:59:08.845]: (-1.7, 3.1, 2.6) 84
[12:59:08.868]: (-1.6, 3.1, 2.5) 85
[12:59:08.891]: (-1.6, 3.0, 2.5) 85
[12:59:08.912]: (-1.6, 3.0, 2.5) 85
[12:59:08.935]: (-1.6, 3.0, 2.5) 85
[12:59:08.956]: (-1.6, 3.0, 2.6) 85
[12:59:08.979]: (-1.6, 3.1, 2.5) 85
[12:59:09.002]: (-1.6, 3.0, 2.5) 85
[12:59:09.024]: (-1.6, 3.1, 2.5) 85
[12:59:09.373]: (-1.6, 3.1, 2.5) 85
[12:59:09.394]: (-1.6, 3.0, 2.6) 85
[12:59:09.412]: (-1.6, 3.0, 2.5) 85
[12:59:09.446]: (-1.7, 3.0, 2.6) 85
[12:59:09.478]: (-1.6, 3.0, 2.6) 85
[12:59:09.496]: (-1.6, 3.1, 2.5) 80
[12:59:09.657]: (-1.6, 3.0, 2.6) 85
