[13:00:14.414]: (-2.3, -1.2, -0.1) 4
[13:00:14.496]: (-2.5, -1.3, -0.2) 3
[13:00:14.609]: (-2.4, -1.1, -0.2) 4
[13:00:16.729]: (-2.3, 1.7, 1.7) 4
[13:00:16.950]: (-2.3, 1.7, 1.8) 4
[13:00:16.973]: (-2.3, 1.7, 1.8) 4
[13:00:17.210]: (-2.2, 1.7, 1.8) 1
[13:00:17.241]: (-2.2, 1.7, 1.8) 1
[13:00:17.272]: (-2.2, 1.8, 1.8) 1
[13:00:17.290]: (-2.2, 1.7, 1.8) 1
[13:00:17.352]: (-2.2, 1.8, 1.8) 1
[13:00:17.368]: (-2.2, 1.8, 1.8) 1
[13:00:17.385]: (-2.2, 1.8, 1.8) 1
[13:00:17.402]: (-2.2, 1.8, 1.8) 1
[13:00:17.418]: (-2.2, 1.8, 1.8) 1
[13:00:17.435]: (-2.2, 1.8, 1.9) 1
[13:00:17.576]: (-2.1, 1.8, 2.0) 5
[13:00:17.674]: (-1.9, 1.9, 2.0) 1
[13:00:17.696]: (-1.8, 1.9, 2.0) 6
[13:00:17.715]: (-1.8, 1.9, 2.0) 6
[13:00:17.737]: (-1.7, 1.9, 2.0) 6
[13:00:17.757]: (-1.7, 2.0, 2.0) 6
[13:00:17.779]: (-1.6, 2.0, 2.0) 6
[13:00:18.559]: (-1.0, 2.7, 2.0) 6
[13:00:18.575]: (-1.0, 2.7, 2.0) 1
[13:00:18.591]: (-1.0, 2.7, 2.0) 1
[13:00:18.608]: (-0.9, 2.6, 2.0) 6
[13:00:18.626]: (-0.9, 2.6, 2.0) 6
[13:00:18.643]: (-0.9, 2.6, 2.0) 6
[13:00:18.661]: (-0.9, 2.6, 2.0) 6
[13:00:18.684]: (-0.9, 2.6, 2.0) 6
[13:00:18.706]: (-0.9, 2.6, 2.0) 6
[13:00:18.729]: (-0.9, 2.6, 2.0) 6
[13:00:18.751]: (-0.9, 2.6, 2.0) 6
[13:00:18.772]: (-0.9, 2.6, 2.0) 6
[13:00:18.795]: (-0.9, 2.6, 2.0) 6
[13:00:18.818]: (-0.9, 2.6, 2.0) 6
[13:00:18.839]: (-0.9, 2.6, 2.0) 6
[13:00:18.863]: (-0.9, 2.7, 2.0) 6
[13:00:18.883]: (-0.9, 2.7, 2.0) 6
[13:00:18.907]: (-0.9, 2.7, 2.0) 6
[13:00:18.929]: (-0.9, 2.7, 2.0) 6
[13:00:18.950]: (-0.9, 2.7, 2.0) 6
[13:00:18.973]: (-0.9, 2.7, 2.0) 6
[13:00:18.996]: (-1.0, 2.7, 2.0) 6
[13:00:19.017]: (-1.0, 2.7, 2.0) 6
[13:00:19.040]: (-1.0, 2.7, 2.0) 6
[13:00:19.062]: (-1.0, 2.6, 2.0) 6
[13:00:19.078]: (-1.1, 2.7, 2.1) 5
[13:00:19.094]: (-1.0, 2.7, 2.1) 5
[13:00:19.111]: (-1.1, 2.7, 2.1) 5
[13:00:19.126]: (-1.0, 2.7, 2.1) 5
[13:00:19.144]: (-1.0, 2.7, 2.1) 5
[13:00:19.160]: (-1.0, 2.7, 2.1) 5
[13:00:19.179]: (-1.1, 2.7, 2.1) 5
[13:00:19.194]: (-1.0, 2.7, 2.1) 5
[13:00:19.216]: (-1.0, 2.7, 2.1) 5
[13:00:19.551]: (-0.7, 2.8, 1.9) 6
[13:00:19.574]: (-0.7, 2.8, 1.9) 6
[13:00:19.599]: (-0.6, 2.8, 1.9) 6
[13:00:19.621]: (-0.7, 2.8, 1.9) 6
[13:00:19.643]: (-0.7, 2.8, 1.9) 6
[13:00:19.665]: (-0.6, 2.8, 1.9) 6
[13:00:19.690]: (-0.6, 2.8, 1.9) 6
[13:00:19.715]: (-0.6, 2.8, 1.9) 6
[13:00:19.737]: (-0.7, 2.9, 2.0) 5
[13:00:19.761]: (-0.7, 2.9, 2.0) 5
[13:00:19.795]: (-0.7, 2.9, 2.0) 5
[13:00:19.997]: (-0.5, 2.8, 1.8) 6
[13:00:20.029]: (-0.5, 2.8, 1.8) 6
[13:00:20.062]: (-0.5, 2.8, 1.8) 6
[13:00:20.095]: (-0.6, 2.8, 1.8) 6
[13:00:20.229]: (-0.6, 2.8, 1.8) 6
[13:00:20.263]: (-0.5, 2.8, 1.8) 6
[13:00:20.295]: (-0.6, 2.9, 1.9) 5
[13:00:20.329]: (-0.6, 2.9, 1.9) 5
[13:00:20.364]: (-0.6, 2.9, 1.8) 6
[13:00:20.396]: (-0.6, 2.8, 1.8) 6
[13:00:20.418]: (-0.6, 2.8, 1.8) 6
[13:00:20.440]: (-0.6, 2.8, 1.8) 6
[13:00:20.464]: (-0.6, 2.8, 1.8) 6
[13:00:20.482]: (-0.6, 2.8, 1.8) 6
[13:00:20.506]: (-0.6, 2.9, 1.9) 5
[13:00:20.528]: (-0.6, 2.9, 1.9) 5
[13:00:20.549]: (-0.6, 2.9, 1.9) 5
[13:00:20.573]: (-0.6, 2.9, 1.9) 5
[13:00:20.596]: (-0.6, 2.9, 1.9) 5
[13:00:20.617]: (-0.6, 2.9, 1.9) 5
[13:00:20.639]: (-0.6, 2.9, 1.9) 5
[13:00:20.660]: (-0.6, 2.9, 1.9) 5
[13:00:20.684]: (-0.6, 2.9, 1.9) 5
[13:00:20.705]: (-0.6, 2.9, 1.9) 5
[13:00:21.658]: (-0.6, 2.9, 1.9) 5
[13:00:21.675]: (-0.6, 2.9, 1.8) 6
[13:00:21.691]: (-0.6, 2.9, 1.8) 6
[13:00:21.708]: (-0.6, 2.9, 1.8) 6
[13:00:21.725]: (-0.6, 2.8, 1.8) 6
[13:00:21.742]: (-0.6, 2.8, 1.8) 6
[13:00:21.758]: (-0.6, 2.8, 1.8) 6
[13:00:21.776]: (-0.6, 2.8, 1.8) 6
[13:00:21.793]: (-0.6, 2.8, 1.8) 6
[13:00:21.810]: (-0.6, 2.8, 1.8) 6
[13:00:21.825]: (-0.6, 2.8, 1.8) 6
[13:00:21.842]: (-0.6, 2.9, 1.9) 5
[13:00:21.859]: (-0.6, 2.9, 2.0) 5
[13:00:21.876]: (-0.6, 2.9, 2.0) 5
[13:00:21.892]: (-0.6, 2.9, 2.0) 5
[13:00:21.984]: (-0.6, 2.9, 1.9) 5
[13:00:22.005]: (-0.6, 2.9, 1.9) 5
[13:00:22.025]: (-0.6, 2.9, 1.9) 5
[13:00:22.047]: (-0.6, 2.9, 2.0) 5
[13:00:22.067]: (-0.6, 2.9, 2.0) 5
[13:00:22.083]: (-0.6, 2.9, 2.0) 5
[13:00:22.101]: (-0.6, 2.9, 2.0) 5
[13:00:22.683]: (-0.5, 2.8, 1.8) 6
[13:00:22.716]: (-0.5, 2.8, 1.8) 6
[13:00:22.750]: (-0.5, 2.8, 1.8) 6
[13:00:22.783]: (-0.5, 2.8, 1.8) 6
[13:00:22.818]: (-0.5, 2.8, 1.8) 6
[13:00:22.850]: (-0.5, 2.8, 1.9) 6
[13:00:23.049]: (-0.5, 2.8, 1.8) 6
[13:00:23.071]: (-0.5, 2.8, 1.8) 6
[13:00:23.093]: (-0.5, 2.8, 1.8) 6
[13:00:23.116]: (-0.5, 2.8, 1.8) 6
[13:00:23.139]: (-0.5, 2.8, 1.8) 6
[13:00:23.427]: (-0.6, 2.9, 1.9) 5
[13:00:23.449]: (-0.6, 2.9, 1.9) 5
[13:00:23.471]: (-0.6, 2.9, 1.9) 5
[13:00:23.494]: (-0.6, 2.9, 1.9) 5
[13:00:23.515]: (-0.6, 2.9, 1.9) 5
[13:00:23.538]: (-0.6, 2.9, 2.0) 5
[13:00:23.561]: (-0.6, 2.9, 2.0) 5
[13:00:23.582]: (-0.6, 2.9, 2.0) 5
[13:00:23.604]: (-0.6, 2.9, 2.0) 5
[13:00:23.628]: (-0.6, 2.9, 1.9) 5
[13:00:23.649]: (-0.6, 2.9, 1.9) 5
[13:00:23.673]: (-0.6, 2.9, 1.9) 5
[13:00:23.695]: (-0.6, 2.9, 1.9) 5
[13:00:23.719]: (-0.6, 2.9, 1.9) 5
[13:00:23.742]: (-0.6, 2.9, 1.9) 5
[13:00:23.765]: (-0.6, 2.9, 1.9) 5
[13:00:23.786]: (-0.6, 2.9, 1.9) 5
[13:00:23.809]: (-0.6, 2.9, 1.9) 5
[13:00:23.830]: (-0.6, 2.9, 1.9) 5
[13:00:23.853]: (-0.6, 2.9, 1.9) 5
[13:00:23.876]: (-0.6, 2.9, 1.9) 5
[13:00:23.899]: (-0.6, 2.9, 1.9) 5
[13:00:23.921]: (-0.6, 2.9, 1.9) 5
[13:00:23.942]: (-0.6, 2.9, 1.9) 5
[13:00:23.965]: (-0.6, 2.9, 1.9) 5
[13:00:24.312]: (-0.6, 2.9, 1.9) 5
[13:00:24.327]: (-0.7, 2.9, 1.9) 5
[13:00:24.345]: (-0.6, 2.9, 1.9) 5
[13:00:24.361]: (-0.6, 2.9, 1.9) 5
[13:00:24.378]: (-0.6, 2.9, 1.9) 5
[13:00:24.394]: (-0.6, 2.9, 1.9) 5
[13:00:24.412]: (-0.6, 2.9, 1.9) 5
[13:00:24.429]: (-0.6, 2.9, 1.9) 5
[13:00:24.445]: (-0.6, 2.9, 1.9) 5
[13:00:24.461]: (-0.6, 2.9, 1.9) 5
[13:00:24.478]: (-0.6, 2.9, 1.9) 5
[13:00:24.494]: (-0.6, 2.9, 1.9) 5
[13:00:24.511]: (-0.6, 2.9, 1.9) 5
[13:00:24.527]: (-0.6, 2.9, 1.9) 5
[13:00:24.545]: (-0.6, 2.9, 1.9) 5
[13:00:24.562]: (-0.6, 2.9, 1.9) 5
[13:00:24.579]: (-0.6, 2.9, 1.9) 5
[13:00:24.595]: (-0.6, 2.9, 1.9) 5
[13:00:24.613]: (-0.6, 2.9, 1.9) 5
[13:00:24.630]: (-0.6, 2.9, 1.9) 5
[13:00:24.903]: (-0.6, 2.9, 1.9) 5
[13:00:24.926]: (-0.6, 2.9, 1.9) 5
[13:00:24.948]: (-0.6, 2.9, 1.9) 5
[13:00:24.970]: (-0.6, 2.9, 1.9) 5
[13:00:24.992]: (-0.6, 2.9, 1.9) 5
[13:00:25.015]: (-0.6, 2.9, 1.9) 5
[13:00:25.037]: (-0.6, 2.9, 1.9) 5
[13:00:25.059]: (-0.6, 2.9, 1.9) 5
[13:00:25.103]: (-0.6, 2.9, 1.9) 5
[13:00:25.548]: (-0.6, 3.0, 1.9) 5
[13:00:25.571]: (-0.6, 2.9, 1.9) 5
[13:00:25.595]: (-0.6, 3.0, 1.9) 5
[13:00:25.615]: (-0.6, 2.9, 1.8) 6
[13:00:25.637]: (-0.6, 2.9, 1.9) 5
[13:00:25.661]: (-0.6, 2.9, 1.9) 5
[13:00:25.681]: (-0.6, 2.9, 1.9) 5
[13:00:25.706]: (-0.6, 2.9, 1.9) 5
[13:00:25.727]: (-0.6, 2.9, 1.9) 5
[13:00:25.770]: (-0.6, 2.8, 1.8) 6
[13:00:25.793]: (-0.6, 2.8, 1.8) 6
[13:00:25.815]: (-0.5, 2.8, 1.8) 6
[13:00:25.837]: (-0.6, 2.8, 1.8) 6
[13:00:25.860]: (-0.6, 2.9, 1.8) 6
[13:00:25.882]: (-0.6, 3.0, 1.9) 5
[13:00:25.904]: (-0.6, 3.0, 1.9) 5
[13:00:25.926]: (-0.6, 3.0, 1.9) 5
[13:00:26.006]: (-0.7, 3.0, 1.9) 5
[13:00:26.024]: (-0.7, 3.0, 1.9) 5
[13:00:26.128]: (-0.9, 2.1, 1.4) 15
[13:00:26.145]: (-1.0, 1.8, 1.3) 17
[13:00:26.164]: (-1.1, 1.8, 1.4) 13
[13:00:26.185]: (-1.1, 1.8, 1.4) 13
[13:00:26.203]: (-1.1, 1.8, 1.4) 13
[13:00:26.220]: (-1.1, 1.8, 1.4) 13
[13:00:26.238]: (-1.1, 1.8, 1.4) 13
[13:00:26.256]: (-1.1, 1.8, 1.4) 13
[13:00:26.271]: (-1.1, 1.8, 1.4) 13
[13:00:26.288]: (-1.1, 1.8, 1.4) 13
[13:00:26.304]: (-1.1, 1.8, 1.4) 13
[13:00:26.320]: (-1.1, 1.8, 1.4) 13
[13:00:26.337]: (-1.1, 1.8, 1.4) 13
[13:00:26.353]: (-1.1, 1.8, 1.3) 13
[13:00:26.369]: (-1.1, 1.8, 1.3) 13
[13:00:26.386]: (-1.1, 1.8, 1.3) 13
[13:00:26.402]: (-1.1, 1.8, 1.3) 13
[13:00:26.417]: (-1.1, 1.9, 1.4) 13
[13:00:26.433]: (-1.3, 2.0, 1.6) 18
[13:00:26.450]: (-1.2, 1.9, 1.5) 12
[13:00:26.469]: (-1.2, 2.0, 1.5) 12
[13:00:26.491]: (-1.2, 1.9, 1.5) 12
[13:00:26.513]: (-1.2, 1.9, 1.5) 12
[13:00:26.536]: (-1.2, 1.9, 1.5) 12
[13:00:26.558]: (-1.2, 1.9, 1.5) 12
[13:00:26.580]: (-1.2, 1.9, 1.5) 12
[13:00:26.603]: (-1.2, 1.9, 1.5) 12
[13:00:26.631]: (-1.2, 1.9, 1.5) 12
[13:00:26.650]: (-1.2, 1.9, 1.5) 12
[13:00:26.669]: (-1.2, 2.0, 1.5) 12
[13:00:26.692]: (-1.1, 1.9, 1.4) 13
[13:00:26.719]: (-0.9, 2.1, 1.4) 15
