[13:01:14.499]: (-2.3, -1.2, -0.1) 4
[13:01:14.517]: (-2.3, -1.2, -0.1) 4
[13:01:14.534]: (-2.2, -1.2, -0.1) 4
[13:01:14.551]: (-2.2, -1.2, -0.1) 4
[13:01:14.569]: (-2.2, -1.2, -0.1) 1
[13:01:14.586]: (-2.2, -1.2, -0.1) 1
[13:01:14.602]: (-2.2, -1.1, 0.0) 6
[13:01:14.619]: (-2.2, -1.1, -0.1) 6
[13:01:14.636]: (-2.2, -1.1, 0.0) 6
[13:01:14.653]: (-2.2, -1.1, 0.0) 6
[13:01:14.669]: (-2.2, -1.1, 0.0) 6
[13:01:14.686]: (-2.2, -1.1, 0.0) 6
[13:01:14.703]: (-2.2, -1.1, 0.0) 6
[13:01:14.719]: (-2.2, -1.1, -0.1) 6
[13:01:14.736]: (-2.2, -1.2, -0.1) 1
[13:01:14.752]: (-2.2, -1.2, -0.1) 1
[13:01:14.770]: (-2.2, -1.2, -0.1) 1
[13:01:14.785]: (-2.2, -1.2, -0.1) 4
[13:01:14.816]: (-2.2, -1.2, -0.1) 4
[13:01:15.933]: (-2.0, 0.6, 0.4) 16
[13:01:16.074]: (-2.0, 0.9, 0.6) 16
[13:01:16.095]: (-2.1, 0.9, 0.4) 10
[13:01:16.117]: (-2.2, 0.9, 0.4) 10
[13:01:16.138]: (-2.1, 1.0, 0.4) 10
[13:01:16.161]: (-2.3, 1.0, 0.5) 11
[13:01:16.186]: (-2.1, 1.0, 0.5) 9
[13:01:16.206]: (-2.2, 1.1, 0.5) 12
[13:01:16.228]: (-2.1, 1.1, 0.5) 10
[13:01:16.250]: (-2.9, 1.2, 0.8) 37
[13:01:16.272]: (-2.9, 1.2, 0.9) 37
[13:01:16.295]: (-2.8, 1.3, 0.9) 37
[13:01:16.318]: (-2.2, 1.4, 0.5) 20
[13:01:16.339]: (-2.2, 1.4, 0.5) 20
[13:01:16.362]: (-2.2, 1.4, 0.5) 20
[13:01:16.384]: (-2.2, 1.4, 0.5) 20
[13:01:16.405]: (-2.2, 1.4, 0.5) 20
[13:01:16.428]: (-2.1, 1.5, 0.5) 20
[13:01:16.470]: (-2.1, 1.5, 0.5) 20
[13:01:16.489]: (-2.1, 1.5, 0.5) 20
[13:01:16.515]: (-2.1, 1.5, 0.6) 20
[13:01:16.634]: (-2.1, 1.5, 0.6) 12
[13:01:16.651]: (-2.1, 1.6, 0.6) 12
[13:01:16.669]: (-2.0, 1.6, 0.6) 12
[13:01:16.691]: (-2.0, 1.6, 0.7) 12
[13:01:16.710]: (-2.7, 1.7, 1.0) 37
[13:01:16.726]: (-2.7, 1.7, 1.0) 37
[13:01:16.742]: (-2.7, 1.7, 1.0) 37
[13:01:16.758]: (-2.7, 1.7, 1.0) 37
[13:01:16.774]: (-2.9, 1.8, 1.1) 36
[13:01:16.790]: (-2.7, 1.7, 1.0) 37
[13:01:16.806]: (-2.7, 1.7, 1.0) 37
[13:01:16.825]: (-2.7, 1.7, 1.0) 37
[13:01:16.841]: (-2.7, 1.7, 1.0) 37
[13:01:16.858]: (-2.7, 1.7, 1.0) 37
[13:01:16.875]: (-2.7, 1.7, 1.0) 37
[13:01:16.892]: (-2.7, 1.7, 1.0) 37
[13:01:16.908]: (-2.7, 1.7, 1.0) 37
[13:01:16.926]: (-2.7, 1.7, 1.0) 37
[13:01:16.942]: (-2.0, 1.6, 0.7) 12
[13:01:16.961]: (-2.6, 1.7, 1.0) 37
[13:01:16.983]: (-1.9, 1.6, 0.7) 10
[13:01:17.005]: (-1.9, 1.6, 0.7) 10
[13:01:17.028]: (-1.9, 1.6, 0.7) 15
[13:01:17.049]: (-1.9, 1.6, 0.7) 10
[13:01:17.072]: (-1.9, 1.6, 0.7) 10
[13:01:17.095]: (-1.9, 1.6, 0.7) 15
[13:01:17.116]: (-1.9, 1.6, 0.7) 15
[13:01:17.139]: (-1.9, 1.6, 0.7) 10
[13:01:17.160]: (-1.9, 1.6, 0.7) 10
[13:01:17.183]: (-1.9, 1.6, 0.7) 10
[13:01:17.205]: (-1.9, 1.6, 0.7) 15
[13:01:17.228]: (-1.9, 1.6, 0.7) 15
[13:01:17.249]: (-1.9, 1.6, 0.7) 15
[13:01:17.272]: (-1.9, 1.6, 0.6) 15
[13:01:17.295]: (-2.0, 1.6, 0.7) 12
[13:01:17.317]: (-1.9, 1.6, 0.6) 9
[13:01:17.341]: (-1.9, 1.6, 0.6) 9
[13:01:17.361]: (-1.9, 1.6, 0.6) 9
[13:01:17.383]: (-1.8, 1.6, 0.6) 14
[13:01:17.404]: (-2.1, 1.7, 0.7) 19
[13:01:17.547]: (-1.8, 1.9, 0.8) 13
[13:01:17.590]: (-1.6, 2.0, 0.8) 9
[13:01:17.632]: (-1.6, 2.0, 0.9) 13
[13:01:17.653]: (-1.6, 2.0, 0.9) 13
[13:01:17.675]: (-1.6, 2.0, 0.9) 13
[13:01:17.695]: (-1.5, 2.1, 0.8) 9
[13:01:17.717]: (-1.5, 2.1, 0.9) 13
[13:01:17.737]: (-1.6, 2.1, 0.9) 13
[13:01:17.837]: (-1.5, 2.1, 0.9) 13
[13:01:17.879]: (-1.4, 2.2, 0.7) 14
[13:01:17.900]: (-1.4, 2.2, 0.8) 9
[13:01:17.922]: (-1.4, 2.3, 0.8) 9
[13:01:17.965]: (-1.4, 2.3, 0.8) 9
[13:01:17.986]: (-1.4, 2.3, 0.8) 9
[13:01:18.027]: (-1.4, 2.3, 0.8) 10
[13:01:18.050]: (-1.4, 2.4, 0.7) 15
[13:01:18.247]: (-1.5, 2.4, 0.8) 12
[13:01:18.272]: (-1.6, 2.4, 0.7) 20
[13:01:18.307]: (-1.5, 2.4, 0.7) 20
[13:01:18.338]: (-1.6, 2.4, 0.8) 12
[13:01:18.373]: (-1.6, 2.4, 0.8) 12
[13:01:18.405]: (-1.5, 2.4, 0.8) 12
[13:01:18.440]: (-1.5, 2.4, 0.8) 12
[13:01:18.471]: (-1.5, 2.4, 0.8) 12
[13:01:18.505]: (-1.9, 2.8, 1.2) 37
[13:01:18.539]: (-1.4, 2.3, 0.8) 10
[13:01:18.572]: (-1.5, 2.3, 0.8) 12
[13:01:18.605]: (-1.5, 2.3, 0.8) 12
[13:01:18.672]: (-1.5, 2.3, 1.0) 18
[13:01:18.705]: (-1.4, 2.2, 0.8) 9
[13:01:18.738]: (-1.4, 2.2, 0.8) 9
[13:01:18.760]: (-1.4, 2.2, 0.8) 9
[13:01:18.782]: (-1.4, 2.2, 0.8) 9
[13:01:18.805]: (-1.4, 2.2, 0.8) 9
[13:01:18.827]: (-1.4, 2.2, 0.8) 9
[13:01:18.871]: (-1.4, 2.2, 0.8) 9
[13:01:18.893]: (-1.4, 2.2, 0.8) 9
[13:01:18.916]: (-1.4, 2.2, 0.8) 9
[13:01:18.938]: (-1.4, 2.2, 0.8) 9
[13:01:18.960]: (-1.4, 2.2, 0.8) 14
[13:01:19.249]: (-1.4, 2.3, 0.9) 12
[13:01:19.271]: (-1.5, 2.3, 0.9) 12
[13:01:19.314]: (-1.4, 2.3, 1.0) 12
[13:01:19.338]: (-1.3, 2.2, 0.9) 14
[13:01:19.359]: (-1.3, 2.2, 0.9) 14
[13:01:19.383]: (-1.3, 2.2, 0.9) 14
[13:01:19.404]: (-1.3, 2.2, 0.9) 14
[13:01:19.426]: (-1.3, 2.2, 0.9) 14
[13:01:19.450]: (-1.3, 2.1, 0.9) 14
[13:01:19.471]: (-1.3, 2.1, 0.9) 14
[13:01:19.495]: (-1.3, 2.2, 0.9) 9
[13:01:19.519]: (-1.3, 2.2, 0.9) 9
[13:01:19.541]: (-1.3, 2.2, 0.9) 9
[13:01:19.564]: (-1.3, 2.2, 0.9) 9
[13:01:19.586]: (-1.3, 2.2, 0.9) 9
[13:01:19.608]: (-1.3, 2.2, 0.9) 9
[13:01:19.629]: (-1.3, 2.2, 0.9) 9
[13:01:19.653]: (-1.3, 2.2, 0.9) 9
[13:01:19.674]: (-1.4, 2.2, 1.0) 13
[13:01:19.699]: (-1.4, 2.2, 1.0) 13
[13:01:19.722]: (-1.4, 2.2, 1.0) 13
[13:01:19.760]: (-1.3, 2.2, 0.9) 9
[13:01:19.783]: (-1.3, 2.1, 0.8) 14
[13:01:19.805]: (-1.3, 2.1, 0.8) 14
[13:01:19.827]: (-1.3, 2.1, 0.8) 14
[13:01:19.850]: (-1.4, 2.2, 0.9) 9
[13:01:19.871]: (-1.4, 2.2, 0.9) 9
[13:01:19.894]: (-1.4, 2.2, 0.9) 9
[13:01:19.917]: (-1.4, 2.2, 0.9) 9
[13:01:19.938]: (-1.4, 2.2, 0.9) 9
[13:01:19.961]: (-1.4, 2.2, 0.9) 9
[13:01:19.982]: (-1.4, 2.2, 0.9) 9
[13:01:19.999]: (-1.4, 2.2, 0.9) 9
[13:01:20.017]: (-1.4, 2.2, 0.9) 9
[13:01:20.033]: (-1.4, 2.2, 0.9) 9
[13:01:20.050]: (-1.4, 2.2, 0.9) 9
[13:01:20.068]: (-1.4, 2.2, 0.9) 9
[13:01:20.085]: (-1.4, 2.2, 0.9) 9
[13:01:20.103]: (-1.4, 2.2, 0.9) 9
[13:01:20.133]: (-1.4, 2.2, 0.9) 9
[13:01:20.152]: (-1.4, 2.2, 0.9) 9
[13:01:20.175]: (-1.4, 2.2, 0.9) 9
[13:01:20.196]: (-1.4, 2.2, 0.9) 9
[13:01:20.315]: (-1.4, 2.2, 0.9) 9
[13:01:20.335]: (-1.4, 2.2, 0.9) 9
[13:01:20.375]: (-1.4, 2.2, 1.0) 13
[13:01:21.251]: (-0.5, 3.1, 1.6) 6
[13:01:21.268]: (-0.4, 3.1, 1.6) 6
[13:01:21.285]: (-0.4, 3.1, 1.6) 6
[13:01:21.302]: (-0.4, 3.1, 1.6) 6
[13:01:21.317]: (-0.4, 3.1, 1.6) 6
[13:01:21.337]: (-0.4, 3.1, 1.6) 6
[13:01:21.360]: (-0.4, 3.1, 1.6) 6
[13:01:21.381]: (-0.4, 3.1, 1.6) 6
[13:01:21.403]: (-0.4, 3.1, 1.6) 6
[13:01:21.426]: (-0.4, 3.1, 1.6) 6
[13:01:21.448]: (-0.4, 3.1, 1.6) 6
[13:01:21.470]: (-0.4, 3.1, 1.6) 6
[13:01:21.492]: (-0.4, 3.1, 1.6) 6
[13:01:21.514]: (-0.4, 3.1, 1.6) 6
[13:01:21.536]: (-0.4, 3.1, 1.6) 6
[13:01:21.559]: (-0.4, 3.1, 1.6) 6
[13:01:21.581]: (-0.4, 3.1, 1.6) 6
[13:01:21.603]: (-0.4, 3.1, 1.6) 6
[13:01:21.626]: (-0.4, 3.1, 1.6) 6
[13:01:21.647]: (-0.4, 3.1, 1.6) 6
[13:01:21.670]: (-0.4, 3.1, 1.6) 6
[13:01:21.692]: (-0.4, 3.1, 1.6) 6
[13:01:21.714]: (-0.4, 3.1, 1.6) 6
[13:01:21.736]: (-0.4, 3.1, 1.6) 6
[13:01:21.759]: (-0.4, 3.1, 1.6) 6
[13:01:21.781]: (-0.4, 3.1, 1.6) 6
[13:01:21.803]: (-0.4, 3.1, 1.6) 6
[13:01:21.820]: (-0.4, 3.1, 1.6) 6
[13:01:21.837]: (-0.4, 3.1, 1.6) 6
[13:01:21.853]: (-0.5, 3.1, 1.7) 6
[13:01:23.014]: (-0.4, 3.1, 1.7) 6
[13:01:23.036]: (-0.4, 3.1, 1.7) 6
[13:01:23.058]: (-0.5, 3.1, 1.7) 6
[13:01:23.214]: (-0.4, 3.1, 1.6) 6
[13:01:23.237]: (-0.4, 3.1, 1.6) 6
[13:01:23.258]: (-0.4, 3.1, 1.6) 6
[13:01:23.280]: (-0.4, 3.1, 1.6) 6
[13:01:23.304]: (-0.4, 3.1, 1.6) 6
[13:01:23.325]: (-0.4, 3.1, 1.7) 6
[13:01:23.346]: (-0.4, 3.1, 1.7) 6
[13:01:23.374]: (-0.4, 3.1, 1.6) 6
[13:01:23.395]: (-0.4, 3.1, 1.6) 6
[13:01:23.413]: (-0.4, 3.1, 1.7) 6
[13:01:23.436]: (-0.4, 3.1, 1.7) 6
[13:01:23.458]: (-0.4, 3.1, 1.7) 6
[13:01:23.482]: (-0.4, 3.1, 1.7) 6
[13:01:23.503]: (-0.4, 3.1, 1.7) 6
[13:01:23.521]: (-0.4, 3.1, 1.7) 6
[13:01:23.539]: (-0.4, 3.1, 1.7) 6
[13:01:23.556]: (-0.4, 3.1, 1.7) 6
[13:01:23.573]: (-0.4, 3.1, 1.7) 6
[13:01:24.096]: (-1.1, 2.3, 0.9) 16
[13:01:24.116]: (-1.1, 2.3, 0.9) 16
[13:01:24.134]: (-1.3, 2.5, 1.1) 17
[13:01:24.151]: (-1.1, 2.3, 0.9) 16
[13:01:24.170]: (-1.2, 2.3, 0.9) 16
[13:01:24.191]: (-1.2, 2.3, 0.9) 16
[13:01:24.214]: (-1.2, 2.3, 0.9) 10
[13:01:24.236]: (-1.2, 2.3, 0.9) 16
[13:01:24.259]: (-1.2, 2.3, 0.9) 16
[13:01:24.280]: (-1.1, 2.3, 0.9) 16
[13:01:24.303]: (-1.2, 2.3, 0.9) 10
[13:01:24.325]: (-1.2, 2.3, 0.9) 15
[13:01:24.348]: (-1.3, 2.5, 1.1) 17
[13:01:24.370]: (-1.2, 2.3, 0.9) 15
[13:01:24.393]: (-1.2, 2.3, 0.9) 15
[13:01:24.415]: (-1.3, 2.5, 1.1) 17
[13:01:24.437]: (-1.3, 2.5, 1.1) 17
[13:01:24.460]: (-1.3, 2.4, 1.0) 17
[13:01:24.480]: (-1.2, 2.3, 0.9) 15
[13:01:24.496]: (-1.2, 2.3, 0.9) 15
[13:01:24.516]: (-1.2, 2.3, 0.9) 15
[13:01:24.535]: (-1.2, 2.3, 0.9) 15
[13:01:24.552]: (-1.2, 2.3, 0.9) 15
[13:01:24.569]: (-1.2, 2.3, 0.9) 15
[13:01:24.585]: (-1.2, 2.4, 0.9) 15
[13:01:24.837]: (-1.6, 3.0, 1.4) 32
[13:01:24.853]: (-1.6, 3.0, 1.4) 32
[13:01:24.871]: (-1.6, 3.0, 1.4) 32
[13:01:24.964]: (-1.3, 2.6, 1.0) 17
[13:01:24.985]: (-1.1, 2.4, 0.8) 15
[13:01:25.005]: (-1.1, 2.4, 0.8) 15
[13:01:25.027]: (-1.1, 2.4, 0.8) 15
[13:01:25.049]: (-1.1, 2.4, 0.8) 10
[13:01:25.071]: (-1.2, 2.4, 0.8) 15
[13:01:25.092]: (-1.2, 2.6, 1.0) 17
[13:01:25.113]: (-1.2, 2.5, 1.0) 17
[13:01:25.135]: (-1.1, 2.4, 0.8) 15
[13:01:25.157]: (-1.1, 2.4, 0.8) 15
[13:01:25.180]: (-1.1, 2.5, 0.8) 15
[13:01:25.202]: (-1.1, 2.4, 0.8) 15
[13:01:25.223]: (-1.0, 2.4, 0.8) 15
[13:01:25.246]: (-1.0, 2.4, 0.8) 15
[13:01:25.269]: (-1.1, 2.6, 1.0) 17
[13:01:25.312]: (-1.1, 2.6, 0.9) 17
[13:01:25.399]: (-1.4, 3.0, 1.3) 32
[13:01:25.422]: (-1.4, 3.0, 1.3) 32
[13:01:25.636]: (-1.3, 2.8, 1.6) 31
[13:01:25.653]: (-1.3, 2.8, 1.7) 31
[13:01:25.670]: (-1.3, 2.8, 1.6) 31
[13:01:25.686]: (-1.3, 2.8, 1.7) 31
[13:01:25.702]: (-1.3, 2.8, 1.7) 31
[13:01:25.838]: (-1.3, 2.8, 1.7) 31
[13:01:25.854]: (-1.3, 2.8, 1.7) 31
[13:01:26.112]: (-1.3, 2.8, 1.7) 31
[13:01:26.136]: (-1.2, 2.8, 1.6) 37
[13:01:26.157]: (-1.2, 2.7, 1.6) 37
[13:01:26.180]: (-1.2, 2.7, 1.6) 37
[13:01:26.202]: (-1.2, 2.8, 1.6) 37
[13:01:26.223]: (-1.2, 2.8, 1.6) 37
[13:01:26.245]: (-1.2, 2.7, 1.6) 37
[13:01:26.290]: (-1.2, 2.9, 1.6) 31
[13:01:26.310]: (-1.2, 2.9, 1.6) 31
[13:01:26.351]: (-1.2, 2.9, 1.6) 31
[13:01:26.412]: (-1.0, 2.3, 0.9) 20
[13:01:26.433]: (-1.0, 2.3, 0.9) 20
[13:01:26.457]: (-1.0, 2.3, 1.0) 12
[13:01:26.478]: (-1.1, 2.3, 1.0) 19
[13:01:26.499]: (-1.1, 2.3, 1.0) 19
[13:01:26.522]: (-1.1, 2.4, 1.1) 19
[13:01:26.583]: (-0.9, 2.4, 0.8) 20
[13:01:26.606]: (-1.0, 2.4, 0.8) 20
[13:01:26.628]: (-0.9, 2.4, 0.8) 20
[13:01:26.648]: (-0.9, 2.4, 0.8) 20
[13:01:26.789]: (-1.1, 2.8, 1.3) 37
[13:01:26.809]: (-1.2, 2.8, 1.3) 37
[13:01:27.035]: (-1.1, 2.8, 1.4) 35
[13:01:27.068]: (-1.0, 2.8, 1.5) 31
[13:01:27.101]: (-1.0, 2.8, 1.5) 31
[13:01:27.134]: (-1.0, 2.8, 1.5) 31
[13:01:27.168]: (-1.0, 2.7, 1.5) 37
[13:01:27.201]: (-1.0, 2.7, 1.5) 37
[13:01:27.234]: (-1.0, 2.8, 1.5) 31
[13:01:27.267]: (-1.0, 2.8, 1.5) 31
[13:01:27.301]: (-1.0, 2.8, 1.5) 31
[13:01:27.335]: (-1.0, 2.7, 1.5) 31
[13:01:27.367]: (-1.0, 2.7, 1.5) 37
[13:01:27.401]: (-1.0, 2.7, 1.5) 37
[13:01:27.434]: (-1.0, 2.7, 1.5) 31
[13:01:27.467]: (-1.0, 2.8, 1.5) 31
[13:01:27.501]: (-1.0, 2.7, 1.5) 37
[13:01:27.535]: (-1.0, 2.7, 1.5) 37
[13:01:27.634]: (-0.9, 2.7, 1.5) 37
[13:01:28.033]: (-0.9, 2.8, 1.3) 37
[13:01:28.057]: (-0.9, 2.8, 1.3) 37
[13:01:28.079]: (-0.8, 2.8, 1.3) 37
[13:01:28.101]: (-0.8, 2.8, 1.3) 37
[13:01:28.278]: (-0.7, 2.7, 1.2) 33
[13:01:28.303]: (-0.7, 2.7, 1.2) 33
[13:01:28.323]: (-0.7, 2.8, 1.2) 33
[13:01:28.345]: (-0.7, 2.9, 1.3) 34
[13:01:28.369]: (-0.7, 2.9, 1.3) 34
[13:01:28.392]: (-0.7, 2.9, 1.3) 34
[13:01:28.414]: (-0.7, 2.9, 1.3) 34
[13:01:28.438]: (-0.7, 2.9, 1.3) 34
[13:01:28.460]: (-0.7, 2.9, 1.3) 34
[13:01:28.482]: (-0.8, 2.9, 1.3) 34
[13:01:28.505]: (-0.7, 2.7, 1.2) 33
[13:01:28.950]: (-0.9, 2.6, 1.3) 37
[13:01:28.973]: (-0.9, 2.6, 1.3) 37
[13:01:28.995]: (-0.9, 2.7, 1.3) 37
[13:01:29.040]: (-0.9, 2.7, 1.3) 37
[13:01:29.062]: (-0.9, 2.7, 1.3) 37
[13:01:29.087]: (-0.9, 2.6, 1.3) 37
[13:01:29.325]: (-1.0, 2.6, 1.2) 37
[13:01:29.407]: (-1.0, 2.6, 1.1) 35
[13:01:29.430]: (-1.0, 2.6, 1.1) 35
[13:01:29.451]: (-1.0, 2.5, 1.1) 35
[13:01:29.473]: (-1.0, 2.5, 1.2) 35
[13:01:29.494]: (-1.0, 2.5, 1.1) 35
[13:01:29.515]: (-1.0, 2.5, 1.1) 35
[13:01:29.537]: (-1.0, 2.5, 1.2) 35
[13:01:29.616]: (-1.0, 2.5, 1.2) 35
[13:01:29.633]: (-1.0, 2.5, 1.2) 35
[13:01:29.649]: (-0.9, 2.5, 1.2) 35
[13:01:29.678]: (-0.9, 2.4, 1.2) 35
[13:01:29.712]: (-0.9, 2.4, 1.2) 35
[13:01:29.745]: (-0.9, 2.5, 1.3) 35
[13:01:29.779]: (-0.9, 2.4, 1.3) 31
[13:01:29.811]: (-0.9, 2.4, 1.3) 31
[13:01:29.845]: (-0.9, 2.4, 1.3) 31
[13:01:29.879]: (-0.9, 2.4, 1.3) 37
[13:01:29.913]: (-0.9, 2.4, 1.3) 31
[13:01:29.944]: (-0.9, 2.4, 1.3) 31
[13:01:29.979]: (-0.9, 2.4, 1.3) 31
[13:01:30.345]: (-0.9, 2.4, 1.3) 31
[13:01:30.380]: (-0.9, 2.4, 1.2) 31
[13:01:30.600]: (-1.0, 2.3, 1.2) 35
[13:01:30.622]: (-1.0, 2.3, 1.2) 35
[13:01:30.755]: (-1.0, 2.2, 1.3) 31
[13:01:30.777]: (-1.1, 2.3, 1.4) 36
[13:01:31.111]: (-1.1, 2.3, 1.4) 36
[13:01:31.134]: (-1.1, 2.3, 1.4) 36
[13:01:31.158]: (-1.1, 2.3, 1.4) 36
[13:01:31.181]: (-1.1, 2.3, 1.4) 36
[13:01:31.493]: (-0.9, 2.3, 1.3) 32
[13:01:31.784]: (-1.0, 2.3, 1.2) 35
[13:01:31.816]: (-1.0, 2.2, 1.3) 31
[13:01:31.833]: (-1.0, 2.3, 1.3) 31
[13:01:31.851]: (-1.0, 2.3, 1.3) 31
[13:01:31.869]: (-1.0, 2.3, 1.3) 31
[13:01:31.886]: (-1.0, 2.3, 1.3) 31
[13:01:32.111]: (-1.0, 2.3, 1.3) 31
[13:01:32.133]: (-1.0, 2.3, 1.3) 31
[13:01:32.155]: (-0.9, 2.3, 1.3) 32
[13:01:32.178]: (-0.8, 2.3, 1.3) 32
[13:01:32.199]: (-0.8, 2.3, 1.3) 32
[13:01:32.222]: (-0.9, 2.3, 1.3) 32
[13:01:32.244]: (-0.9, 2.3, 1.3) 32
[13:01:32.266]: (-0.9, 2.3, 1.3) 32
[13:01:32.443]: (-0.9, 2.3, 1.3) 32
[13:01:32.466]: (-0.9, 2.3, 1.3) 32
[13:01:32.487]: (-0.9, 2.3, 1.3) 32
[13:01:32.511]: (-0.9, 2.3, 1.3) 32
[13:01:32.532]: (-0.9, 2.3, 1.3) 32
[13:01:32.550]: (-0.9, 2.3, 1.3) 32
[13:01:32.568]: (-0.9, 2.3, 1.3) 32
[13:01:32.616]: (-0.8, 2.3, 1.3) 32
[13:01:32.634]: (-0.8, 2.3, 1.3) 32
[13:01:32.650]: (-0.8, 2.3, 1.3) 32
[13:01:32.666]: (-0.8, 2.3, 1.3) 32
[13:01:32.683]: (-0.8, 2.3, 1.3) 32
[13:01:32.705]: (-0.8, 2.3, 1.3) 32
[13:01:32.724]: (-0.8, 2.3, 1.3) 32
[13:01:32.740]: (-0.8, 2.3, 1.3) 32
[13:01:32.757]: (-0.8, 2.3, 1.3) 32
[13:01:32.774]: (-0.8, 2.3, 1.3) 32
[13:01:32.790]: (-0.8, 2.3, 1.3) 32
[13:01:32.806]: (-0.8, 2.3, 1.3) 32
[13:01:32.822]: (-0.8, 2.3, 1.3) 32
[13:01:32.844]: (-0.8, 2.4, 1.3) 34
