[12:36:40.131]: (-1.9, -1.2, 0.0) 5
[12:36:40.150]: (-1.9, -1.2, 0.0) 5
[12:36:40.166]: (-1.9, -1.2, 0.0) 5
[12:36:40.197]: (-1.9, -1.2, 0.0) 5
[12:36:40.213]: (-1.8, -1.2, 0.0) 4
[12:36:40.232]: (-1.8, -1.1, 0.0) 4
[12:36:40.265]: (-1.8, -1.2, 0.0) 4
[12:36:40.296]: (-1.8, -1.1, 0.0) 4
[12:36:40.312]: (-1.9, -1.2, 0.0) 5
[12:36:40.329]: (-1.9, -1.2, 0.0) 5
[12:36:40.348]: (-1.9, -1.2, 0.0) 5
[12:36:40.364]: (-1.9, -1.2, 0.0) 5
[12:36:40.395]: (-1.9, -1.2, 0.0) 5
[12:36:40.410]: (-1.9, -1.2, 0.0) 5
[12:36:40.429]: (-2.0, -1.2, 0.0) 5
[12:36:40.460]: (-1.9, -1.2, -0.1) 5
[12:36:40.477]: (-1.9, -1.2, 0.0) 5
[12:36:40.521]: (-1.9, -1.2, -0.1) 5
[12:36:40.538]: (-1.9, -1.2, -0.1) 5
[12:36:40.554]: (-1.9, -1.2, -0.1) 5
[12:36:40.573]: (-1.9, -1.2, 0.0) 5
[12:36:40.592]: (-1.9, -1.2, 0.0) 5
[12:36:40.610]: (-1.9, -1.2, 0.0) 5
[12:36:40.630]: (-1.9, -1.2, 0.0) 5
[12:36:40.874]: (-1.9, -1.2, -0.1) 5
[12:36:40.897]: (-1.9, -1.2, -0.1) 5
[12:36:40.920]: (-1.9, -1.2, 0.0) 5
[12:36:40.941]: (-1.9, -1.2, 0.0) 5
[12:36:40.964]: (-1.9, -1.2, 0.0) 5
[12:36:41.096]: (-1.9, -1.2, 0.0) 5
[12:36:41.113]: (-2.0, -1.2, 0.0) 5
[12:36:41.335]: (-1.7, -0.7, -0.1) 2
[12:36:41.354]: (-1.7, -0.7, -0.1) 2
[12:36:41.373]: (-1.7, -0.7, 0.0) 2
[12:36:41.392]: (-1.7, -0.7, 0.0) 2
[12:36:41.410]: (-1.7, -0.7, 0.0) 2
[12:36:41.427]: (-1.7, -0.7, 0.0) 2
[12:36:41.449]: (-1.7, -0.7, 0.0) 2
[12:36:41.537]: (-1.7, -0.7, -0.1) 2
[12:36:41.840]: (-2.0, -1.2, 0.0) 5
[12:36:41.864]: (-2.0, -1.2, 0.0) 5
[12:36:41.885]: (-2.0, -1.2, 0.0) 5
[12:36:41.930]: (-2.0, -1.2, 0.0) 5
[12:36:41.952]: (-2.0, -1.2, 0.0) 5
[12:36:42.011]: (-2.0, -1.2, 0.0) 5
[12:36:42.582]: (-1.8, -1.1, -0.1) 4
[12:36:43.274]: (-2.5, 1.5, 0.7) 4
[12:36:43.308]: (-2.4, 1.5, 0.8) 4
[12:36:43.409]: (-2.2, 2.0, 1.1) 5
[12:36:43.440]: (-2.1, 2.0, 1.2) 5
[12:36:44.084]: (-0.6, 1.7, 1.1) 1
[12:36:44.129]: (-0.6, 1.6, 1.2) 0
[12:36:44.150]: (-0.6, 1.6, 1.1) 0
[12:36:44.172]: (-0.6, 1.5, 1.2) 0
[12:36:44.198]: (-0.5, 1.5, 1.2) 0
[12:36:44.219]: (-0.5, 1.5, 1.2) 1
[12:36:44.241]: (-0.5, 1.5, 1.2) 1
[12:36:44.263]: (-0.5, 1.4, 1.2) 1
[12:36:44.285]: (-0.5, 1.4, 1.2) 1
[12:36:44.308]: (-0.5, 1.4, 1.3) 1
[12:36:44.331]: (-0.5, 1.4, 1.3) 1
[12:36:45.174]: (-0.6, 1.4, 1.5) 7
[12:36:45.194]: (-0.6, 1.4, 1.5) 7
[12:36:45.230]: (-0.6, 1.4, 1.5) 7
[12:36:45.247]: (-0.6, 1.4, 1.5) 7
[12:36:45.263]: (-0.6, 1.4, 1.5) 7
[12:36:45.473]: (-0.5, 1.4, 1.2) 1
[12:36:45.494]: (-0.5, 1.4, 1.2) 1
[12:36:45.517]: (-0.5, 1.4, 1.2) 1
[12:36:45.710]: (-0.5, 1.3, 1.2) 1
[12:36:45.729]: (-0.5, 1.3, 1.2) 1
[12:36:45.746]: (-0.5, 1.3, 1.2) 1
[12:36:45.764]: (-0.5, 1.3, 1.2) 1
[12:36:45.783]: (-0.5, 1.3, 1.2) 1
[12:36:45.799]: (-0.5, 1.3, 1.2) 1
[12:36:45.815]: (-0.5, 1.3, 1.2) 1
[12:36:45.925]: (-0.5, 1.3, 1.2) 1
[12:36:45.942]: (-0.5, 1.3, 1.2) 1
[12:36:45.958]: (-0.5, 1.3, 1.2) 1
[12:36:45.975]: (-0.5, 1.3, 1.2) 1
[12:36:45.995]: (-0.5, 1.3, 1.2) 1
[12:36:46.012]: (-0.5, 1.3, 1.2) 1
[12:36:46.029]: (-0.5, 1.3, 1.2) 1
[12:36:46.062]: (-0.6, 1.4, 1.5) 7
[12:36:46.080]: (-0.7, 1.4, 1.5) 7
[12:36:46.099]: (-0.6, 1.4, 1.5) 7
[12:36:46.116]: (-0.6, 1.4, 1.5) 7
[12:36:46.132]: (-0.6, 1.4, 1.5) 7
[12:36:46.149]: (-0.6, 1.4, 1.5) 7
[12:36:46.171]: (-0.6, 1.4, 1.5) 7
[12:36:46.194]: (-0.6, 1.4, 1.5) 7
[12:36:46.217]: (-0.6, 1.4, 1.5) 7
[12:36:46.238]: (-0.6, 1.4, 1.5) 7
[12:36:46.261]: (-0.6, 1.4, 1.5) 7
[12:36:46.284]: (-0.6, 1.4, 1.5) 7
[12:36:46.306]: (-0.6, 1.4, 1.5) 7
[12:36:46.329]: (-0.7, 1.4, 1.5) 7
[12:36:46.350]: (-0.7, 1.4, 1.5) 7
[12:36:46.373]: (-0.6, 1.4, 1.5) 7
[12:36:46.394]: (-0.6, 1.4, 1.5) 7
[12:36:46.417]: (-0.6, 1.4, 1.5) 7
[12:36:46.439]: (-0.6, 1.4, 1.5) 7
[12:36:46.461]: (-0.6, 1.4, 1.5) 7
[12:36:46.483]: (-0.6, 1.4, 1.5) 7
[12:36:46.506]: (-0.6, 1.4, 1.5) 7
[12:36:46.530]: (-0.6, 1.4, 1.5) 7
[12:36:46.549]: (-0.6, 1.4, 1.5) 7
[12:36:46.572]: (-0.6, 1.4, 1.5) 7
[12:36:46.596]: (-0.6, 1.4, 1.5) 7
[12:36:46.618]: (-0.6, 1.4, 1.5) 7
[12:36:47.343]: (0.8, 2.1, 1.5) 5
[12:36:47.562]: (0.7, 2.1, 1.4) 5
[12:36:47.584]: (0.7, 2.1, 1.4) 5
[12:36:47.628]: (0.6, 2.0, 1.4) 4
[12:36:48.027]: (-0.2, 1.5, 0.9) 1
[12:36:48.051]: (-0.2, 1.5, 0.9) 1
[12:36:48.072]: (-0.3, 1.5, 0.9) 1
[12:36:48.094]: (-0.3, 1.5, 1.0) 1
[12:36:48.115]: (-0.3, 1.5, 0.9) 1
[12:36:48.137]: (-0.3, 1.5, 1.0) 1
[12:36:48.159]: (-0.3, 1.5, 1.0) 1
[12:36:48.180]: (-0.3, 1.5, 1.0) 1
[12:36:48.202]: (-0.3, 1.5, 1.0) 1
[12:36:48.224]: (-0.3, 1.5, 1.0) 1
[12:36:48.326]: (-0.3, 1.4, 1.0) 1
[12:36:48.393]: (-0.4, 1.4, 1.0) 0
[12:36:48.428]: (-0.4, 1.4, 1.0) 0
[12:36:48.459]: (-0.4, 1.4, 1.0) 0
[12:36:48.494]: (-0.4, 1.3, 1.0) 0
[12:36:48.529]: (-0.4, 1.4, 1.0) 0
[12:36:48.559]: (-0.4, 1.3, 1.0) 0
[12:36:48.593]: (-0.4, 1.4, 1.0) 0
[12:36:48.627]: (-0.4, 1.4, 1.0) 0
[12:36:48.693]: (-0.5, 1.6, 1.3) 7
[12:36:48.726]: (-0.5, 1.6, 1.3) 7
[12:36:48.760]: (-0.4, 1.6, 1.3) 7
[12:36:49.015]: (-0.4, 1.6, 1.3) 7
[12:36:49.036]: (-0.4, 1.6, 1.3) 7
[12:36:49.059]: (-0.4, 1.6, 1.3) 7
[12:36:49.081]: (-0.5, 1.6, 1.3) 7
[12:36:49.104]: (-0.5, 1.6, 1.3) 7
[12:36:49.127]: (-0.5, 1.6, 1.3) 7
[12:36:49.148]: (-0.5, 1.6, 1.3) 7
[12:36:50.399]: (-0.3, 1.3, 0.9) 0
[12:36:50.444]: (-0.3, 1.4, 0.9) 0
[12:36:50.467]: (-0.4, 1.4, 0.9) 0
[12:36:50.487]: (-0.4, 1.4, 0.9) 0
[12:36:51.192]: (0.4, 2.3, 1.4) 5
[12:36:51.215]: (0.4, 2.3, 1.4) 5
[12:36:51.672]: (0.6, 1.5, 1.5) 4
[12:36:51.694]: (0.6, 1.5, 1.5) 4
[12:36:51.716]: (0.6, 1.5, 1.5) 4
[12:36:51.738]: (0.6, 1.5, 1.5) 4
[12:36:51.760]: (0.6, 1.5, 1.5) 4
[12:36:51.781]: (0.6, 1.5, 1.5) 4
[12:36:51.802]: (0.6, 1.5, 1.5) 4
[12:36:51.822]: (0.6, 1.5, 1.5) 4
[12:36:51.844]: (0.6, 1.5, 1.5) 4
[12:36:51.866]: (0.6, 1.5, 1.5) 4
[12:36:51.925]: (0.7, 1.6, 1.6) 5
[12:36:52.081]: (0.5, 1.6, 1.5) 4
[12:36:52.113]: (0.5, 1.6, 1.5) 4
[12:36:52.147]: (0.5, 1.6, 1.5) 4
[12:36:52.180]: (0.5, 1.5, 1.5) 4
[12:36:52.215]: (0.5, 1.5, 1.5) 4
[12:36:52.280]: (0.6, 1.6, 1.5) 4
[12:36:52.314]: (0.5, 1.6, 1.5) 4
[12:36:52.346]: (0.5, 1.6, 1.5) 4
[12:36:52.381]: (0.5, 1.6, 1.5) 4
[12:36:52.413]: (0.5, 1.6, 1.5) 4
[12:36:52.448]: (0.5, 1.6, 1.5) 4
[12:36:52.790]: (-0.4, 1.5, 1.2) 7
[12:36:52.813]: (-0.4, 1.5, 1.2) 7
[12:36:52.858]: (-0.4, 1.5, 1.2) 7
[12:36:52.901]: (-0.4, 1.5, 1.2) 7
[12:36:52.925]: (-0.4, 1.5, 1.2) 7
[12:36:52.946]: (-0.4, 1.5, 1.2) 7
[12:36:52.969]: (-0.4, 1.5, 1.2) 7
[12:36:52.991]: (-0.4, 1.5, 1.2) 7
[12:36:53.013]: (-0.4, 1.5, 1.2) 7
[12:36:53.035]: (-0.4, 1.5, 1.2) 7
[12:36:53.057]: (-0.4, 1.5, 1.2) 7
[12:36:53.080]: (-0.4, 1.5, 1.2) 7
[12:36:53.102]: (-0.4, 1.5, 1.2) 7
[12:36:53.124]: (-0.4, 1.5, 1.2) 7
[12:36:53.146]: (-0.4, 1.5, 1.2) 7
[12:36:53.168]: (-0.4, 1.5, 1.2) 7
[12:36:53.212]: (-0.4, 1.5, 1.2) 7
[12:36:53.235]: (-0.4, 1.5, 1.2) 7
[12:36:53.258]: (-0.4, 1.5, 1.2) 7
[12:36:53.280]: (-0.4, 1.5, 1.2) 7
[12:36:53.302]: (-0.4, 1.5, 1.2) 7
[12:36:53.325]: (-0.4, 1.5, 1.2) 7
[12:36:53.346]: (-0.4, 1.5, 1.2) 7
[12:36:53.368]: (-0.4, 1.5, 1.2) 7
[12:36:53.390]: (-0.4, 1.5, 1.2) 7
[12:36:53.414]: (-0.4, 1.5, 1.2) 7
[12:36:53.460]: (-0.4, 1.5, 1.2) 7
[12:36:53.485]: (-0.4, 1.5, 1.2) 7
[12:36:53.529]: (-0.4, 1.5, 1.2) 7
[12:36:53.550]: (-0.4, 1.5, 1.2) 7
[12:36:53.572]: (-0.4, 1.5, 1.2) 7
[12:36:53.594]: (-0.4, 1.5, 1.2) 7
[12:36:53.616]: (-0.4, 1.5, 1.2) 7
[12:36:53.639]: (-0.4, 1.5, 1.2) 7
[12:36:53.662]: (-0.4, 1.5, 1.2) 7
[12:36:53.683]: (-0.4, 1.5, 1.2) 7
[12:36:53.706]: (-0.4, 1.5, 1.2) 7
[12:36:53.728]: (-0.4, 1.5, 1.2) 7
[12:36:53.751]: (-0.4, 1.5, 1.2) 7
[12:36:53.774]: (-0.4, 1.4, 1.2) 7
[12:36:53.794]: (-0.4, 1.5, 1.2) 7
[12:36:53.817]: (-0.4, 1.5, 1.2) 7
[12:36:53.838]: (-0.4, 1.5, 1.2) 7
[12:36:53.861]: (-0.4, 1.5, 1.2) 7
[12:36:53.959]: (0.5, 1.6, 1.5) 4
[12:36:53.977]: (0.5, 1.6, 1.5) 4
[12:36:53.995]: (0.5, 1.6, 1.5) 4
[12:36:54.013]: (0.5, 1.6, 1.5) 4
[12:36:54.030]: (0.5, 1.6, 1.5) 4
[12:36:54.048]: (0.6, 1.6, 1.5) 4
[12:36:54.065]: (0.7, 1.7, 1.6) 5
[12:36:54.080]: (0.7, 1.6, 1.5) 5
[12:36:54.734]: (-0.4, 1.5, 1.2) 7
[12:36:54.757]: (-0.4, 1.4, 1.2) 7
[12:36:54.778]: (-0.3, 1.5, 1.2) 7
[12:36:54.795]: (-0.4, 1.4, 1.2) 7
[12:36:54.813]: (-0.4, 1.5, 1.2) 7
[12:36:54.846]: (-0.5, 1.4, 1.1) 8
[12:36:54.862]: (-0.5, 1.4, 1.1) 8
[12:36:54.878]: (-0.5, 1.4, 1.1) 8
[12:36:54.895]: (-0.5, 1.4, 1.1) 8
[12:36:54.912]: (-0.5, 1.4, 1.1) 8
[12:36:54.929]: (-0.5, 1.4, 1.1) 8
[12:36:54.946]: (-0.5, 1.4, 1.1) 8
[12:36:54.964]: (-0.5, 1.4, 1.1) 8
[12:36:54.982]: (-0.5, 1.4, 1.1) 8
[12:36:55.076]: (-0.4, 1.5, 1.2) 7
[12:36:55.091]: (-0.4, 1.5, 1.2) 7
[12:36:55.109]: (-0.4, 1.4, 1.2) 7
[12:36:55.125]: (-0.4, 1.5, 1.2) 7
[12:36:55.143]: (-0.4, 1.4, 1.2) 7
[12:36:55.159]: (-0.4, 1.4, 1.2) 7
[12:36:55.176]: (-0.4, 1.4, 1.2) 7
[12:36:55.192]: (-0.4, 1.4, 1.2) 7
[12:36:55.468]: (-0.4, 1.5, 1.2) 7
[12:36:55.490]: (-0.4, 1.5, 1.2) 7
[12:36:55.512]: (-0.4, 1.5, 1.2) 7
[12:36:55.802]: (0.6, 1.3, 1.0) 2
[12:36:55.819]: (0.6, 1.3, 1.0) 2
[12:36:55.835]: (0.6, 1.3, 1.0) 2
[12:36:55.853]: (0.6, 1.3, 1.0) 2
[12:36:55.869]: (0.6, 1.3, 1.0) 2
[12:36:55.886]: (0.6, 1.3, 1.0) 2
[12:36:55.903]: (0.6, 1.3, 1.0) 2
[12:36:55.920]: (0.6, 1.3, 1.0) 2
[12:36:55.939]: (0.6, 1.3, 1.1) 2
[12:36:55.956]: (0.6, 1.3, 1.1) 2
[12:36:55.972]: (0.6, 1.3, 1.0) 2
[12:36:55.990]: (0.6, 1.3, 1.0) 2
[12:36:56.007]: (0.6, 1.3, 1.0) 2
[12:36:56.025]: (0.6, 1.3, 1.0) 2
[12:36:56.042]: (0.6, 1.3, 1.0) 2
[12:36:56.059]: (0.6, 1.3, 1.0) 2
[12:36:56.077]: (0.6, 1.3, 1.1) 2
[12:36:56.211]: (0.6, 1.6, 1.5) 4
[12:36:56.234]: (0.5, 1.5, 1.5) 4
[12:36:56.257]: (0.5, 1.5, 1.5) 4
[12:36:56.324]: (-0.4, 1.5, 1.2) 7
[12:36:56.367]: (-0.5, 1.5, 1.1) 8
[12:36:56.390]: (-0.5, 1.5, 1.1) 8
[12:36:56.434]: (-0.5, 1.5, 1.1) 8
[12:36:56.457]: (-0.5, 1.5, 1.1) 8
[12:36:56.478]: (-0.5, 1.4, 1.1) 8
[12:36:56.501]: (-0.5, 1.4, 1.1) 8
[12:36:56.522]: (-0.5, 1.5, 1.1) 8
[12:36:56.545]: (-0.5, 1.4, 1.2) 8
[12:36:56.631]: (-0.4, 1.4, 1.2) 7
[12:36:56.664]: (-0.4, 1.4, 1.2) 7
[12:36:56.680]: (-0.4, 1.4, 1.2) 7
[12:36:56.698]: (-0.4, 1.4, 1.2) 7
[12:36:56.714]: (-0.4, 1.4, 1.2) 7
[12:36:56.731]: (-0.4, 1.4, 1.2) 7
[12:36:56.748]: (-0.4, 1.4, 1.2) 7
[12:36:56.767]: (-0.4, 1.4, 1.2) 7
[12:36:56.784]: (-0.4, 1.4, 1.2) 7
[12:36:56.801]: (-0.4, 1.4, 1.2) 7
[12:36:56.818]: (-0.4, 1.4, 1.2) 7
[12:36:56.835]: (-0.4, 1.4, 1.2) 7
[12:36:56.853]: (-0.4, 1.5, 1.2) 7
[12:36:56.869]: (-0.4, 1.5, 1.2) 7
[12:36:56.917]: (-0.4, 1.5, 1.2) 7
[12:36:56.937]: (-0.4, 1.5, 1.2) 7
[12:36:56.957]: (-0.4, 1.4, 1.2) 7
[12:36:56.978]: (-0.4, 1.5, 1.2) 7
[12:36:56.998]: (-0.4, 1.5, 1.2) 7
[12:36:57.018]: (-0.4, 1.5, 1.2) 7
[12:36:57.212]: (-0.4, 1.5, 1.2) 7
[12:36:57.234]: (-0.4, 1.4, 1.2) 7
[12:36:57.258]: (-0.4, 1.4, 1.2) 7
[12:36:57.280]: (-0.4, 1.4, 1.2) 7
[12:36:57.301]: (-0.4, 1.4, 1.2) 7
[12:36:57.323]: (-0.4, 1.4, 1.2) 7
[12:36:57.345]: (-0.4, 1.4, 1.2) 7
[12:36:57.368]: (-0.4, 1.5, 1.2) 7
[12:36:57.389]: (-0.4, 1.5, 1.2) 7
[12:36:57.414]: (-0.4, 1.5, 1.2) 7
[12:36:57.434]: (-0.4, 1.5, 1.2) 7
[12:36:57.456]: (-0.4, 1.5, 1.2) 7
[12:36:57.479]: (-0.4, 1.5, 1.2) 7
[12:36:57.500]: (-0.4, 1.5, 1.2) 7
[12:36:57.598]: (-0.4, 1.5, 1.2) 7
[12:36:57.682]: (0.5, 1.6, 1.5) 4
[12:36:57.700]: (0.5, 1.6, 1.5) 4
[12:36:57.718]: (0.5, 1.6, 1.5) 4
[12:36:57.737]: (0.5, 1.6, 1.5) 4
[12:36:57.754]: (0.5, 1.6, 1.5) 4
[12:36:57.771]: (0.6, 1.6, 1.5) 4
[12:36:57.792]: (0.6, 1.6, 1.5) 4
[12:36:57.809]: (0.5, 1.6, 1.5) 4
[12:36:57.827]: (0.5, 1.5, 1.5) 4
[12:36:57.847]: (0.5, 1.5, 1.5) 4
[12:36:57.867]: (0.5, 1.5, 1.5) 4
[12:36:57.884]: (0.5, 1.6, 1.5) 4
[12:36:57.901]: (0.5, 1.6, 1.5) 4
[12:36:57.919]: (0.5, 1.5, 1.5) 4
[12:36:57.937]: (0.5, 1.6, 1.5) 4
[12:36:57.955]: (0.5, 1.5, 1.5) 4
[12:36:57.973]: (0.5, 1.5, 1.5) 4
[12:36:57.995]: (0.5, 1.5, 1.5) 4
[12:36:58.016]: (0.5, 1.6, 1.5) 4
[12:36:58.034]: (0.5, 1.6, 1.5) 4
[12:36:58.123]: (-0.3, 1.3, 0.9) 1
[12:36:58.145]: (-0.3, 1.3, 0.9) 1
[12:36:58.170]: (-0.3, 1.3, 0.9) 1
[12:36:58.191]: (-0.3, 1.3, 0.9) 1
[12:36:58.211]: (-0.3, 1.3, 0.9) 1
[12:36:58.232]: (-0.3, 1.3, 0.9) 1
[12:36:58.256]: (-0.3, 1.3, 0.9) 1
[12:36:58.277]: (-0.3, 1.3, 0.9) 1
[12:36:58.300]: (-0.3, 1.3, 0.9) 1
[12:36:58.322]: (-0.3, 1.3, 0.9) 1
[12:36:58.347]: (-0.3, 1.3, 0.9) 1
[12:36:58.368]: (-0.3, 1.3, 0.9) 1
[12:36:58.389]: (-0.3, 1.3, 0.9) 1
[12:36:58.411]: (-0.3, 1.3, 0.9) 1
[12:36:58.433]: (-0.3, 1.3, 0.9) 1
[12:36:58.455]: (-0.3, 1.3, 0.9) 1
[12:36:58.478]: (-0.3, 1.3, 0.9) 1
[12:36:58.500]: (-0.3, 1.3, 0.9) 1
[12:36:58.523]: (-0.3, 1.3, 0.9) 1
[12:36:58.542]: (-0.3, 1.3, 0.9) 1
[12:36:58.558]: (-0.3, 1.3, 0.9) 1
[12:36:58.577]: (-0.3, 1.3, 0.9) 1
[12:36:58.597]: (-0.3, 1.3, 0.9) 1
[12:36:58.613]: (-0.3, 1.3, 0.9) 1
[12:36:58.631]: (-0.3, 1.3, 0.9) 1
[12:36:58.648]: (-0.3, 1.3, 0.9) 1
[12:36:58.664]: (-0.3, 1.2, 0.9) 0
[12:36:58.681]: (-0.3, 1.2, 0.9) 0
[12:36:59.111]: (-0.5, 1.5, 1.2) 6
[12:36:59.133]: (-0.5, 1.5, 1.3) 6
[12:36:59.155]: (-0.5, 1.5, 1.3) 6
[12:36:59.199]: (-0.5, 1.5, 1.3) 6
[12:36:59.222]: (-0.5, 1.5, 1.3) 6
[12:36:59.244]: (-0.5, 1.5, 1.3) 6
[12:36:59.266]: (-0.5, 1.5, 1.3) 6
[12:36:59.448]: (-0.5, 1.5, 1.3) 6
[12:37:01.977]: (-0.3, 1.5, 1.2) 7
[12:37:01.995]: (-0.4, 1.5, 1.2) 7
[12:37:02.012]: (-0.4, 1.5, 1.2) 7
[12:37:02.029]: (-0.4, 1.5, 1.2) 7
[12:37:02.063]: (-0.4, 1.5, 1.2) 7
[12:37:02.199]: (-0.4, 1.5, 1.2) 7
[12:37:02.230]: (-0.4, 1.5, 1.2) 7
[12:37:02.247]: (-0.4, 1.5, 1.2) 7
[12:37:02.264]: (-0.4, 1.5, 1.2) 7
[12:37:02.281]: (-0.4, 1.5, 1.2) 7
[12:37:02.300]: (-0.4, 1.5, 1.2) 7
[12:37:02.318]: (-0.4, 1.5, 1.2) 7
[12:37:02.334]: (-0.4, 1.5, 1.2) 7
[12:37:02.351]: (-0.4, 1.5, 1.2) 7
[12:37:02.367]: (-0.4, 1.5, 1.2) 7
[12:37:02.466]: (0.6, 1.5, 1.5) 4
[12:37:02.487]: (0.6, 1.6, 1.5) 4
[12:37:02.509]: (0.6, 1.6, 1.5) 4
[12:37:02.532]: (0.6, 1.6, 1.5) 4
[12:37:02.554]: (0.6, 1.5, 1.5) 4
[12:37:02.872]: (0.6, 1.5, 1.5) 4
[12:37:03.044]: (0.6, 1.6, 1.5) 4
[12:37:03.062]: (0.6, 1.6, 1.5) 4
[12:37:03.077]: (0.6, 1.6, 1.5) 4
[12:37:03.094]: (0.6, 1.6, 1.5) 4
[12:37:03.111]: (0.6, 1.6, 1.5) 4
[12:37:03.129]: (0.6, 1.6, 1.5) 4
[12:37:03.146]: (0.6, 1.6, 1.5) 4
[12:37:03.163]: (0.6, 1.6, 1.5) 4
[12:37:03.179]: (0.6, 1.6, 1.5) 4
[12:37:03.197]: (0.6, 1.6, 1.5) 4
[12:37:03.213]: (0.6, 1.6, 1.5) 4
[12:37:03.230]: (0.6, 1.6, 1.5) 4
[12:37:03.247]: (0.6, 1.6, 1.5) 4
[12:37:03.266]: (0.6, 1.6, 1.5) 4
[12:37:03.287]: (0.6, 1.6, 1.5) 4
[12:37:03.310]: (0.6, 1.6, 1.5) 4
[12:37:03.331]: (0.6, 1.6, 1.5) 4
[12:37:03.355]: (0.6, 1.6, 1.5) 4
[12:37:03.377]: (0.6, 1.6, 1.5) 4
[12:37:03.399]: (0.6, 1.6, 1.5) 4
[12:37:03.420]: (0.6, 1.6, 1.5) 4
[12:37:03.442]: (0.6, 1.6, 1.5) 4
[12:37:03.465]: (0.6, 1.6, 1.5) 4
[12:37:03.487]: (0.6, 1.6, 1.5) 4
[12:37:03.509]: (0.6, 1.6, 1.5) 4
[12:37:03.531]: (0.6, 1.6, 1.5) 4
[12:37:03.554]: (0.6, 1.6, 1.5) 4
[12:37:03.576]: (0.6, 1.6, 1.5) 4
[12:37:03.598]: (0.6, 1.6, 1.5) 4
[12:37:03.620]: (0.6, 1.6, 1.5) 4
[12:37:03.643]: (0.6, 1.6, 1.5) 4
[12:37:03.665]: (0.6, 1.6, 1.5) 4
[12:37:03.687]: (0.6, 1.6, 1.5) 4
[12:37:03.709]: (0.6, 1.6, 1.5) 4
[12:37:03.732]: (0.6, 1.6, 1.5) 4
[12:37:03.750]: (0.6, 1.6, 1.5) 4
[12:37:03.767]: (0.6, 1.6, 1.5) 4
[12:37:03.784]: (0.6, 1.6, 1.5) 4
[12:37:03.800]: (0.6, 1.6, 1.5) 4
[12:37:03.818]: (0.6, 1.6, 1.5) 4
[12:37:03.836]: (0.6, 1.6, 1.5) 4
[12:37:03.855]: (0.6, 1.6, 1.5) 4
[12:37:03.871]: (0.6, 1.6, 1.5) 4
[12:37:03.886]: (0.6, 1.6, 1.5) 4
[12:37:03.903]: (0.6, 1.6, 1.5) 4
[12:37:03.919]: (0.6, 1.6, 1.5) 4
[12:37:03.935]: (0.6, 1.6, 1.5) 4
[12:37:03.952]: (0.6, 1.6, 1.5) 4
[12:37:03.969]: (0.6, 1.6, 1.5) 4
[12:37:03.986]: (0.6, 1.6, 1.5) 4
[12:37:04.004]: (0.6, 1.6, 1.5) 4
[12:37:04.022]: (0.6, 1.6, 1.5) 4
[12:37:04.040]: (0.6, 1.6, 1.5) 4
[12:37:04.057]: (0.6, 1.6, 1.5) 4
[12:37:04.075]: (0.5, 1.5, 1.5) 4
[12:37:04.136]: (-0.3, 1.2, 0.9) 1
[12:37:04.153]: (-0.4, 1.2, 0.9) 0
[12:37:04.175]: (-0.4, 1.2, 0.9) 0
[12:37:04.197]: (-0.4, 1.2, 0.9) 0
[12:37:04.243]: (-0.4, 1.3, 0.9) 0
[12:37:04.264]: (-0.4, 1.3, 0.9) 0
[12:37:04.287]: (-0.4, 1.3, 0.9) 0
[12:37:04.354]: (-0.3, 1.3, 0.9) 1
[12:37:04.376]: (-0.3, 1.3, 0.9) 1
[12:37:04.397]: (-0.3, 1.3, 0.9) 1
[12:37:04.420]: (-0.3, 1.3, 0.9) 1
[12:37:04.443]: (-0.3, 1.3, 0.9) 1
[12:37:04.464]: (-0.3, 1.2, 0.9) 0
[12:37:04.487]: (-0.3, 1.2, 0.9) 0
[12:37:04.508]: (-0.3, 1.2, 0.9) 0
[12:37:04.532]: (-0.3, 1.2, 0.9) 0
[12:37:04.555]: (-0.3, 1.2, 0.9) 0
[12:37:04.691]: (-0.2, 1.3, 0.9) 1
[12:37:04.738]: (0.5, 1.5, 1.5) 4
[12:37:04.756]: (0.7, 1.6, 1.5) 5
[12:37:05.009]: (0.6, 1.6, 1.5) 4
[12:37:05.026]: (0.7, 1.6, 1.5) 5
[12:37:05.044]: (0.6, 1.6, 1.5) 4
[12:37:05.061]: (0.7, 1.6, 1.5) 5
[12:37:05.080]: (0.7, 1.6, 1.5) 5
[12:37:05.098]: (0.7, 1.6, 1.5) 5
[12:37:05.114]: (0.7, 1.6, 1.5) 5
[12:37:05.132]: (0.7, 1.6, 1.5) 5
[12:37:05.152]: (0.7, 1.7, 1.6) 5
[12:37:05.175]: (0.7, 1.6, 1.6) 5
[12:37:05.197]: (0.7, 1.7, 1.6) 5
[12:37:05.219]: (0.6, 1.6, 1.5) 4
[12:37:05.244]: (0.7, 1.6, 1.5) 5
[12:37:05.263]: (0.7, 1.6, 1.5) 5
[12:37:05.286]: (0.7, 1.6, 1.5) 5
[12:37:05.308]: (0.7, 1.6, 1.5) 5
[12:37:05.330]: (0.7, 1.6, 1.5) 5
[12:37:05.352]: (0.7, 1.6, 1.5) 5
[12:37:05.375]: (0.7, 1.6, 1.5) 5
[12:37:05.398]: (0.7, 1.6, 1.5) 5
[12:37:05.420]: (0.7, 1.6, 1.5) 5
[12:37:05.443]: (0.7, 1.7, 1.6) 5
[12:37:05.463]: (0.6, 1.6, 1.5) 4
[12:37:05.486]: (0.7, 1.6, 1.5) 5
[12:37:05.508]: (0.6, 1.6, 1.5) 4
[12:37:05.530]: (0.6, 1.6, 1.5) 4
[12:37:05.547]: (0.6, 1.6, 1.5) 4
[12:37:05.565]: (0.6, 1.6, 1.5) 4
[12:37:05.581]: (0.6, 1.6, 1.5) 4
[12:37:05.599]: (0.6, 1.6, 1.5) 4
[12:37:05.616]: (0.6, 1.6, 1.5) 4
[12:37:05.633]: (0.6, 1.6, 1.5) 4
[12:37:05.649]: (0.7, 1.6, 1.5) 5
[12:37:05.666]: (0.7, 1.6, 1.5) 5
[12:37:05.683]: (0.7, 1.6, 1.5) 5
[12:37:05.701]: (0.7, 1.6, 1.6) 5
[12:37:05.718]: (0.7, 1.6, 1.5) 5
[12:37:05.735]: (0.7, 1.6, 1.5) 5
[12:37:05.754]: (0.7, 1.7, 1.5) 5
[12:37:05.771]: (0.7, 1.6, 1.5) 5
[12:37:05.802]: (0.7, 1.6, 1.5) 5
[12:37:05.819]: (0.7, 1.6, 1.5) 5
[12:37:05.835]: (0.7, 1.6, 1.5) 5
[12:37:05.853]: (0.7, 1.6, 1.5) 5
[12:37:05.869]: (0.7, 1.6, 1.5) 5
[12:37:05.885]: (0.7, 1.6, 1.5) 5
[12:37:05.901]: (0.7, 1.6, 1.5) 5
[12:37:05.920]: (0.6, 1.6, 1.5) 4
[12:37:05.937]: (0.7, 1.6, 1.5) 5
[12:37:05.955]: (0.7, 1.6, 1.5) 5
[12:37:05.972]: (0.6, 1.5, 1.5) 4
[12:37:05.991]: (0.6, 1.6, 1.5) 4
[12:37:06.008]: (0.6, 1.6, 1.5) 4
[12:37:06.027]: (0.7, 1.6, 1.6) 5
[12:37:06.060]: (0.7, 1.6, 1.6) 5
[12:37:06.187]: (0.7, 1.6, 1.5) 5
[12:37:06.221]: (0.7, 1.6, 1.5) 5
[12:37:06.253]: (0.7, 1.6, 1.6) 5
[12:37:06.454]: (0.7, 1.4, 1.5) 4
[12:37:06.687]: (0.8, 1.5, 1.5) 5
[12:37:06.720]: (0.8, 1.5, 1.5) 5
[12:37:06.908]: (0.5, 1.5, 1.6) 5
[12:37:06.953]: (0.5, 1.5, 1.5) 5
[12:37:07.153]: (0.2, 1.5, 1.4) 4
[12:37:07.174]: (0.3, 1.5, 1.6) 5
[12:37:07.219]: (0.2, 1.4, 1.5) 4
[12:37:07.308]: (0.2, 1.4, 1.4) 4
[12:37:08.495]: (0.2, 1.4, 1.4) 4
[12:37:08.519]: (0.1, 1.5, 1.4) 4
[12:37:08.542]: (0.1, 1.5, 1.4) 4
[12:37:08.562]: (0.1, 1.5, 1.4) 4
[12:37:08.585]: (0.1, 1.5, 1.4) 4
[12:37:08.607]: (0.1, 1.5, 1.4) 4
[12:37:08.629]: (0.1, 1.5, 1.4) 4
[12:37:08.652]: (0.1, 1.5, 1.4) 4
[12:37:08.673]: (0.1, 1.5, 1.4) 4
[12:37:08.697]: (0.2, 1.5, 1.4) 4
[12:37:08.718]: (0.1, 1.5, 1.4) 4
[12:37:08.741]: (0.1, 1.5, 1.4) 4
[12:37:08.763]: (0.1, 1.5, 1.4) 4
[12:37:08.785]: (0.2, 1.5, 1.4) 4
[12:37:08.807]: (0.1, 1.5, 1.4) 4
[12:37:08.830]: (0.1, 1.5, 1.4) 4
[12:37:08.852]: (0.1, 1.4, 1.4) 4
[12:37:08.873]: (0.1, 1.4, 1.4) 4
[12:37:08.896]: (0.2, 1.4, 1.4) 4
[12:37:08.918]: (0.2, 1.5, 1.4) 4
[12:37:08.934]: (0.2, 1.5, 1.4) 4
[12:37:08.952]: (0.2, 1.5, 1.4) 4
[12:37:08.967]: (0.2, 1.5, 1.4) 4
[12:37:08.984]: (0.2, 1.5, 1.4) 4
[12:37:09.002]: (0.2, 1.5, 1.5) 5
[12:37:09.021]: (0.2, 1.5, 1.5) 5
[12:37:09.039]: (0.2, 1.5, 1.5) 5
[12:37:09.055]: (0.2, 1.5, 1.5) 5
[12:37:09.072]: (0.2, 1.5, 1.5) 5
[12:37:09.089]: (0.2, 1.5, 1.4) 4
[12:37:09.106]: (0.2, 1.5, 1.4) 4
[12:37:09.122]: (0.2, 1.5, 1.4) 4
[12:37:09.139]: (0.2, 1.5, 1.4) 4
[12:37:09.156]: (0.2, 1.5, 1.4) 4
[12:37:09.174]: (0.2, 1.5, 1.4) 4
[12:37:09.191]: (0.2, 1.5, 1.4) 4
[12:37:09.210]: (0.2, 1.5, 1.4) 4
[12:37:09.227]: (0.2, 1.5, 1.4) 4
[12:37:09.245]: (0.2, 1.5, 1.4) 4
[12:37:09.263]: (0.2, 1.5, 1.4) 4
[12:37:09.278]: (0.2, 1.4, 1.4) 4
[12:37:09.295]: (0.2, 1.4, 1.4) 4
[12:37:09.312]: (0.2, 1.4, 1.4) 4
[12:37:09.329]: (0.2, 1.4, 1.4) 4
[12:37:09.346]: (0.2, 1.5, 1.4) 4
[12:37:09.364]: (0.2, 1.4, 1.4) 4
[12:37:09.381]: (0.2, 1.4, 1.4) 4
[12:37:09.399]: (0.2, 1.4, 1.4) 4
[12:37:09.416]: (0.2, 1.4, 1.4) 4
[12:37:09.651]: (0.2, 1.4, 1.4) 4
[12:37:09.675]: (0.2, 1.4, 1.4) 4
[12:37:09.695]: (0.2, 1.5, 1.4) 4
[12:37:09.718]: (0.2, 1.5, 1.4) 4
[12:37:09.741]: (0.2, 1.5, 1.4) 4
[12:37:09.911]: (0.3, 1.6, 1.5) 5
[12:37:09.929]: (0.3, 1.6, 1.5) 5
[12:37:09.946]: (0.2, 1.6, 1.5) 5
[12:37:09.964]: (0.2, 1.5, 1.4) 4
[12:37:09.979]: (0.1, 1.5, 1.4) 4
[12:37:09.999]: (0.2, 1.5, 1.4) 4
[12:37:10.015]: (0.2, 1.5, 1.4) 4
[12:37:10.032]: (0.2, 1.5, 1.4) 4
[12:37:10.261]: (0.2, 1.4, 1.4) 4
[12:37:10.285]: (0.2, 1.5, 1.4) 4
[12:37:10.307]: (0.2, 1.5, 1.4) 4
[12:37:10.329]: (0.2, 1.5, 1.4) 4
[12:37:10.483]: (0.2, 1.5, 1.4) 4
[12:37:10.507]: (0.2, 1.5, 1.5) 5
[12:37:10.529]: (0.3, 1.5, 1.5) 5
[12:37:10.552]: (0.3, 1.5, 1.5) 5
[12:37:10.617]: (0.2, 1.4, 1.4) 4
[12:37:10.663]: (0.2, 1.5, 1.4) 4
[12:37:10.685]: (0.2, 1.5, 1.4) 4
[12:37:10.702]: (0.2, 1.5, 1.4) 4
[12:37:10.720]: (0.2, 1.5, 1.4) 4
[12:37:10.736]: (0.2, 1.5, 1.4) 4
[12:37:10.756]: (0.2, 1.5, 1.4) 4
[12:37:10.776]: (0.2, 1.5, 1.4) 4
[12:37:10.796]: (0.2, 1.5, 1.4) 4
[12:37:10.828]: (0.2, 1.5, 1.4) 4
[12:37:10.848]: (0.2, 1.5, 1.4) 4
[12:37:10.865]: (0.2, 1.6, 1.5) 5
[12:37:10.882]: (0.2, 1.6, 1.5) 5
[12:37:10.898]: (0.2, 1.5, 1.5) 5
[12:37:10.917]: (0.2, 1.5, 1.5) 5
[12:37:10.932]: (0.2, 1.5, 1.4) 4
[12:37:10.949]: (0.2, 1.5, 1.4) 4
[12:37:10.965]: (0.2, 1.5, 1.4) 4
[12:37:10.983]: (0.2, 1.5, 1.4) 4
[12:37:11.002]: (0.2, 1.5, 1.4) 4
[12:37:11.019]: (0.2, 1.5, 1.4) 4
[12:37:11.037]: (0.2, 1.5, 1.4) 4
[12:37:11.053]: (0.2, 1.5, 1.4) 4
[12:37:11.069]: (0.2, 1.5, 1.4) 4
[12:37:11.088]: (0.2, 1.5, 1.4) 4
[12:37:11.107]: (0.2, 1.5, 1.4) 4
[12:37:11.125]: (0.2, 1.5, 1.4) 4
[12:37:11.142]: (0.2, 1.5, 1.4) 4
[12:37:11.162]: (0.2, 1.5, 1.4) 4
[12:37:11.184]: (0.2, 1.5, 1.4) 4
[12:37:11.207]: (0.1, 1.5, 1.4) 4
[12:37:11.230]: (0.1, 1.5, 1.4) 4
[12:37:11.251]: (0.1, 1.5, 1.4) 4
[12:37:11.273]: (0.1, 1.5, 1.4) 4
[12:37:11.294]: (0.1, 1.5, 1.4) 4
[12:37:11.318]: (0.1, 1.5, 1.4) 4
[12:37:11.339]: (0.1, 1.5, 1.4) 4
[12:37:11.362]: (0.1, 1.5, 1.4) 4
[12:37:11.383]: (0.1, 1.5, 1.4) 4
[12:37:11.407]: (0.1, 1.5, 1.4) 4
[12:37:11.429]: (0.1, 1.5, 1.4) 4
[12:37:11.451]: (0.1, 1.5, 1.4) 4
[12:37:11.474]: (0.1, 1.5, 1.4) 4
[12:37:11.495]: (0.1, 1.5, 1.4) 4
[12:37:11.517]: (0.1, 1.5, 1.4) 4
[12:37:11.541]: (0.1, 1.5, 1.4) 4
[12:37:11.562]: (0.1, 1.5, 1.4) 4
[12:37:11.583]: (0.1, 1.5, 1.4) 4
[12:37:11.607]: (0.1, 1.5, 1.4) 4
[12:37:11.625]: (0.1, 1.5, 1.4) 4
[12:37:11.642]: (0.1, 1.5, 1.4) 4
[12:37:11.658]: (0.1, 1.5, 1.4) 4
[12:37:11.675]: (0.1, 1.5, 1.4) 4
[12:37:11.690]: (0.1, 1.5, 1.4) 4
[12:37:11.707]: (0.1, 1.5, 1.4) 4
[12:37:11.725]: (0.1, 1.5, 1.4) 4
[12:37:11.743]: (0.1, 1.5, 1.4) 4
[12:37:11.760]: (0.1, 1.5, 1.4) 4
[12:37:11.777]: (0.1, 1.5, 1.4) 4
[12:37:11.795]: (0.1, 1.5, 1.4) 4
[12:37:11.813]: (0.2, 1.5, 1.4) 4
[12:37:11.832]: (0.2, 1.5, 1.4) 4
[12:37:11.852]: (0.2, 1.5, 1.4) 4
[12:37:11.868]: (0.2, 1.5, 1.4) 4
[12:37:11.886]: (0.2, 1.5, 1.4) 4
[12:37:11.902]: (0.2, 1.5, 1.4) 4
[12:37:11.919]: (0.2, 1.5, 1.4) 4
[12:37:11.935]: (0.2, 1.5, 1.4) 4
[12:37:11.954]: (0.2, 1.5, 1.4) 4
[12:37:11.970]: (0.2, 1.5, 1.4) 4
[12:37:11.988]: (0.2, 1.5, 1.4) 4
[12:37:12.006]: (0.2, 1.5, 1.4) 4
[12:37:12.024]: (0.2, 1.5, 1.4) 4
[12:37:12.042]: (0.2, 1.5, 1.4) 4
[12:37:12.060]: (0.2, 1.5, 1.4) 4
[12:37:12.078]: (0.2, 1.5, 1.4) 4
[12:37:12.096]: (0.2, 1.5, 1.4) 4
[12:37:12.114]: (0.2, 1.5, 1.4) 4
[12:37:12.130]: (0.2, 1.6, 1.5) 5
[12:37:12.340]: (0.2, 1.6, 1.5) 5
[12:37:12.373]: (0.2, 1.5, 1.4) 4
[12:37:12.407]: (0.2, 1.5, 1.4) 4
[12:37:12.440]: (0.2, 1.5, 1.4) 4
[12:37:12.473]: (0.2, 1.5, 1.5) 5
[12:37:12.506]: (0.2, 1.5, 1.4) 4
[12:37:12.606]: (0.2, 1.5, 1.4) 4
[12:37:12.638]: (0.2, 1.4, 1.4) 4
[12:37:12.673]: (0.2, 1.5, 1.5) 5
[12:37:12.872]: (0.1, 1.4, 1.4) 4
[12:37:12.906]: (0.1, 1.5, 1.4) 4
[12:37:12.930]: (0.1, 1.5, 1.4) 4
[12:37:12.954]: (0.1, 1.5, 1.4) 4
[12:37:12.976]: (0.1, 1.5, 1.4) 4
[12:37:13.062]: (0.1, 1.5, 1.4) 4
[12:37:13.084]: (0.2, 1.5, 1.4) 4
[12:37:13.109]: (0.2, 1.5, 1.4) 4
[12:37:13.131]: (0.2, 1.5, 1.4) 4
[12:37:13.154]: (0.2, 1.5, 1.4) 4
[12:37:13.173]: (0.2, 1.5, 1.4) 4
[12:37:13.285]: (0.1, 1.5, 1.4) 4
[12:37:13.311]: (0.1, 1.5, 1.4) 4
[12:37:13.333]: (0.1, 1.5, 1.4) 4
[12:37:13.359]: (0.1, 1.5, 1.4) 4
[12:37:13.378]: (0.1, 1.5, 1.4) 4
[12:37:13.397]: (0.1, 1.6, 1.4) 4
[12:37:13.508]: (0.2, 1.6, 1.5) 5
[12:37:13.531]: (0.2, 1.5, 1.5) 5
[12:37:13.554]: (0.2, 1.5, 1.5) 5
[12:37:13.575]: (0.2, 1.5, 1.4) 4
[12:37:13.594]: (0.2, 1.5, 1.4) 4
[12:37:13.704]: (0.2, 1.5, 1.4) 4
[12:37:13.730]: (0.2, 1.5, 1.5) 5
[12:37:13.750]: (0.2, 1.5, 1.4) 4
[12:37:13.774]: (0.2, 1.5, 1.4) 4
[12:37:13.793]: (0.2, 1.5, 1.4) 4
[12:37:13.812]: (0.2, 1.5, 1.4) 4
[12:37:13.831]: (0.2, 1.5, 1.4) 4
[12:37:13.853]: (0.2, 1.6, 1.5) 5
[12:37:13.870]: (0.2, 1.6, 1.5) 5
[12:37:13.887]: (0.2, 1.6, 1.5) 5
[12:37:13.906]: (0.2, 1.6, 1.5) 5
[12:37:13.930]: (0.2, 1.5, 1.5) 5
[12:37:13.958]: (0.2, 1.5, 1.5) 5
[12:37:13.978]: (0.2, 1.5, 1.4) 4
[12:37:13.997]: (0.2, 1.5, 1.4) 4
[12:37:14.022]: (0.2, 1.5, 1.4) 4
