[12:48:39.455]: (-2.6, -0.9, 0.0) 28
[12:48:39.563]: (-3.6, -2.9, 0.0) 2
[12:48:39.586]: (-3.6, -2.8, 0.0) 2
[12:48:39.607]: (-3.6, -2.9, 0.0) 2
[12:48:39.941]: (-3.5, -3.0, 0.0) 3
[12:48:39.964]: (-3.5, -2.9, 0.0) 1
[12:48:40.029]: (-3.5, -2.9, 0.0) 1
[12:48:40.075]: (-3.5, -2.9, 0.1) 1
[12:48:40.232]: (-3.5, -2.9, 0.0) 1
[12:48:40.300]: (-2.6, -1.0, 0.1) 29
[12:48:40.367]: (-2.6, -0.9, -0.1) 28
[12:48:40.434]: (-2.7, -0.9, -0.1) 25
[12:48:40.456]: (-2.7, -0.8, -0.1) 25
[12:48:40.478]: (-2.7, -0.8, -0.1) 25
[12:48:40.501]: (-2.7, -0.8, 0.0) 25
[12:48:40.527]: (-2.7, -0.8, -0.1) 25
[12:48:40.555]: (-2.6, -0.8, -0.1) 26
[12:48:42.031]: (-1.4, 1.3, 2.3) 28
[12:48:42.063]: (-1.4, 1.3, 2.3) 28
[12:48:42.285]: (-1.8, 1.6, 2.0) 29
[12:48:42.507]: (-2.5, 2.1, 2.1) 33
[12:48:42.529]: (-2.6, 2.2, 1.9) 30
[12:48:42.550]: (-2.6, 2.2, 1.9) 30
[12:48:42.598]: (-2.5, 2.3, 2.0) 35
[12:48:42.773]: (-1.9, 2.6, 2.3) 35
[12:48:42.841]: (-1.7, 2.6, 2.4) 30
[12:48:43.330]: (-0.2, 2.2, 4.4) 2
[12:48:43.351]: (-0.2, 2.1, 4.4) 2
[12:48:43.399]: (0.3, 1.5, 2.3) 28
[12:48:43.460]: (0.3, 1.4, 2.4) 28
[12:48:43.481]: (0.3, 1.4, 2.5) 29
[12:48:43.524]: (0.3, 1.4, 2.4) 28
[12:48:43.545]: (0.3, 1.4, 2.4) 28
[12:48:43.723]: (0.4, 1.4, 2.4) 28
[12:48:43.805]: (1.9, 1.7, 3.2) 40
[12:48:43.826]: (1.9, 1.7, 3.2) 40
[12:48:44.049]: (1.9, 1.7, 3.3) 38
[12:48:44.071]: (1.6, 1.6, 3.2) 39
[12:48:44.093]: (1.6, 1.7, 3.1) 39
[12:48:44.116]: (1.6, 1.7, 3.2) 39
[12:48:44.137]: (1.6, 1.7, 3.2) 39
[12:48:44.201]: (1.6, 1.6, 3.2) 39
[12:48:44.415]: (0.6, 1.4, 2.4) 27
[12:48:44.504]: (0.4, 1.4, 2.3) 28
[12:48:44.565]: (0.4, 1.4, 2.3) 28
[12:48:44.583]: (0.4, 1.4, 2.3) 28
[12:48:44.599]: (0.4, 1.4, 2.3) 28
[12:48:44.617]: (0.4, 1.4, 2.3) 28
[12:48:44.633]: (0.4, 1.4, 2.3) 28
[12:48:44.652]: (0.4, 1.4, 2.3) 28
[12:48:44.670]: (0.4, 1.4, 2.4) 28
[12:48:44.686]: (0.4, 1.4, 2.4) 28
[12:48:44.702]: (0.4, 1.4, 2.4) 28
[12:48:44.719]: (0.4, 1.4, 2.4) 28
[12:48:44.736]: (0.4, 1.4, 2.3) 28
[12:48:44.753]: (0.4, 1.4, 2.4) 28
[12:48:44.770]: (0.4, 1.4, 2.4) 28
[12:48:44.787]: (0.4, 1.4, 2.4) 28
[12:48:44.805]: (0.4, 1.4, 2.3) 28
[12:48:44.894]: (1.9, 1.6, 3.2) 40
[12:48:44.939]: (2.0, 1.6, 3.2) 40
[12:48:45.294]: (1.7, 1.6, 3.1) 39
[12:48:45.399]: (1.7, 1.6, 3.2) 39
[12:48:46.278]: (-1.2, 1.5, 1.8) 13
[12:48:46.296]: (-1.0, 1.4, 1.2) 9
[12:48:46.650]: (-1.1, 1.3, 0.9) 11
[12:48:46.671]: (-1.0, 1.3, 0.9) 11
[12:48:46.695]: (-1.0, 1.3, 0.9) 11
[12:48:46.717]: (-1.3, 1.3, 2.1) 18
[12:48:46.961]: (-0.1, 2.0, 4.4) 1
[12:48:47.467]: (-0.8, 1.6, 2.9) 34
[12:48:49.296]: (-0.7, 1.7, 3.1) 33
[12:48:49.383]: (1.7, 1.7, 3.1) 39
[12:48:49.492]: (1.9, 1.7, 3.2) 38
[12:48:49.515]: (1.9, 1.7, 3.3) 38
[12:48:49.560]: (1.7, 1.7, 3.1) 39
[12:48:49.582]: (1.6, 1.7, 3.2) 39
[12:48:49.606]: (1.7, 1.7, 3.4) 37
[12:48:50.159]: (-0.7, 1.6, 2.9) 31
[12:48:50.317]: (-0.7, 1.6, 3.1) 33
[12:48:50.336]: (-0.7, 1.6, 3.1) 33
[12:48:50.493]: (-0.6, 1.6, 3.1) 33
[12:48:50.514]: (-0.6, 1.6, 3.1) 33
[12:48:50.633]: (1.7, 1.7, 3.1) 39
[12:48:50.651]: (1.7, 1.7, 3.1) 39
[12:48:50.700]: (1.7, 1.7, 3.1) 39
[12:48:50.952]: (1.7, 1.6, 3.1) 39
[12:48:52.058]: (1.7, 1.7, 3.4) 37
[12:48:52.081]: (1.7, 1.7, 3.4) 37
[12:48:52.473]: (0.6, 1.4, 2.4) 27
[12:48:52.615]: (0.4, 1.4, 2.4) 28
[12:48:52.631]: (0.4, 1.4, 2.4) 28
[12:48:52.649]: (0.4, 1.4, 2.4) 28
[12:48:52.683]: (0.4, 1.4, 2.3) 28
[12:48:52.701]: (0.4, 1.4, 2.3) 28
[12:48:52.719]: (0.4, 1.4, 2.4) 28
[12:48:52.736]: (0.3, 1.4, 2.4) 29
[12:48:53.125]: (-1.2, 1.4, 1.8) 13
[12:48:53.347]: (-1.1, 1.3, 0.9) 11
[12:48:53.366]: (-1.1, 1.3, 0.9) 11
[12:48:53.383]: (-1.1, 1.3, 0.9) 11
[12:48:53.401]: (-1.0, 1.3, 0.9) 11
[12:48:53.418]: (-1.0, 1.3, 0.9) 11
[12:48:53.434]: (-1.0, 1.3, 0.9) 11
[12:48:53.451]: (-1.0, 1.3, 0.9) 11
[12:48:53.468]: (-1.0, 1.3, 0.9) 11
[12:48:53.485]: (-1.0, 1.3, 1.0) 11
[12:48:53.521]: (-1.0, 1.3, 0.9) 11
[12:48:53.552]: (-1.3, 1.4, 1.9) 12
[12:48:53.649]: (-0.7, 1.6, 3.0) 31
[12:48:53.681]: (-0.6, 1.7, 3.1) 33
[12:48:53.698]: (-0.7, 1.6, 3.1) 33
[12:48:53.715]: (-0.6, 1.7, 3.1) 33
[12:48:54.002]: (-0.7, 1.6, 3.1) 33
[12:48:55.147]: (0.8, 1.8, 3.5) 22
[12:48:55.165]: (0.8, 1.8, 3.6) 22
[12:48:55.296]: (1.7, 1.7, 3.1) 39
[12:48:55.313]: (2.0, 1.7, 3.2) 40
[12:48:55.330]: (2.0, 1.6, 3.2) 40
[12:48:55.350]: (1.9, 1.7, 3.2) 40
[12:48:55.370]: (2.0, 1.7, 3.2) 40
[12:48:55.479]: (2.0, 1.6, 3.2) 40
[12:48:55.590]: (1.6, 1.6, 3.1) 39
[12:48:55.658]: (0.5, 1.5, 2.2) 26
[12:48:55.680]: (0.6, 1.5, 2.4) 27
[12:48:55.791]: (0.4, 1.5, 2.2) 26
[12:48:55.813]: (0.4, 1.5, 2.2) 26
[12:48:55.917]: (1.4, 1.8, 3.1) 39
[12:48:55.939]: (1.4, 1.8, 3.1) 39
[12:48:55.962]: (1.4, 1.8, 3.1) 39
[12:48:56.172]: (1.5, 1.9, 3.2) 37
[12:48:56.194]: (1.5, 1.9, 3.2) 37
[12:48:56.215]: (1.5, 1.9, 3.2) 37
[12:48:56.258]: (1.4, 1.8, 3.1) 36
[12:48:56.279]: (1.4, 1.8, 3.1) 36
[12:48:56.302]: (1.4, 1.8, 3.0) 39
[12:48:56.345]: (1.6, 1.7, 3.1) 38
[12:48:56.366]: (1.6, 1.7, 3.1) 38
[12:48:56.384]: (1.6, 1.8, 3.1) 38
[12:48:56.402]: (1.6, 1.8, 3.1) 38
[12:48:56.419]: (1.6, 1.8, 3.1) 38
[12:48:56.436]: (1.6, 1.8, 3.1) 38
[12:48:56.454]: (1.6, 1.7, 3.1) 38
[12:48:56.624]: (1.4, 1.7, 3.0) 39
[12:48:56.647]: (1.4, 1.7, 3.0) 39
[12:48:56.669]: (1.4, 1.7, 3.0) 39
[12:48:56.690]: (1.4, 1.7, 3.0) 39
[12:48:56.713]: (1.4, 1.8, 3.1) 36
[12:48:56.735]: (1.4, 1.8, 3.1) 36
[12:48:56.758]: (1.5, 1.8, 3.1) 36
[12:48:56.780]: (1.4, 1.8, 3.1) 36
[12:48:56.801]: (1.4, 1.8, 3.1) 36
[12:48:56.824]: (1.4, 1.8, 3.1) 36
[12:48:56.846]: (1.5, 1.8, 3.1) 36
[12:48:56.868]: (1.5, 1.8, 3.1) 36
[12:48:56.890]: (1.5, 1.8, 3.1) 36
[12:48:56.906]: (1.4, 1.7, 3.0) 39
[12:48:56.924]: (1.5, 1.8, 3.1) 36
[12:48:56.944]: (1.5, 1.8, 3.1) 36
[12:48:56.964]: (1.5, 1.8, 3.1) 36
[12:48:56.984]: (1.5, 1.8, 3.1) 36
[12:48:57.005]: (1.4, 1.7, 3.0) 39
[12:48:57.024]: (1.4, 1.7, 3.0) 39
[12:48:57.041]: (1.4, 1.7, 3.0) 39
[12:48:57.057]: (1.4, 1.7, 3.0) 39
[12:48:57.076]: (1.4, 1.7, 3.0) 39
[12:48:57.092]: (1.4, 1.7, 3.0) 39
[12:48:57.109]: (1.4, 1.7, 3.0) 39
[12:48:57.129]: (1.4, 1.7, 3.0) 39
[12:48:57.149]: (1.4, 1.7, 3.0) 39
[12:48:57.168]: (1.4, 1.7, 3.0) 39
[12:48:57.188]: (1.4, 1.7, 3.0) 39
[12:48:57.207]: (1.4, 1.7, 3.0) 39
[12:48:57.225]: (1.3, 1.7, 3.0) 39
[12:48:57.243]: (1.4, 1.7, 3.0) 39
[12:48:57.261]: (1.3, 1.7, 3.0) 39
[12:48:57.279]: (1.3, 1.7, 3.0) 39
[12:48:57.297]: (1.3, 1.7, 3.0) 39
[12:48:57.318]: (1.4, 1.7, 3.0) 39
[12:48:57.336]: (1.4, 1.7, 3.0) 39
[12:48:57.354]: (1.4, 1.7, 3.0) 39
[12:48:57.371]: (1.4, 1.7, 3.0) 39
[12:48:57.391]: (1.4, 1.7, 3.0) 39
[12:48:57.408]: (1.3, 1.7, 3.0) 39
[12:48:57.426]: (1.3, 1.7, 3.0) 39
[12:48:57.446]: (1.3, 1.7, 3.0) 39
[12:48:57.465]: (1.3, 1.7, 3.0) 39
[12:48:57.481]: (1.3, 1.7, 3.0) 39
[12:48:57.502]: (1.3, 1.7, 3.0) 39
[12:48:57.524]: (1.3, 1.7, 3.0) 39
[12:48:57.636]: (1.3, 1.7, 3.1) 39
[12:48:57.657]: (1.3, 1.7, 3.0) 39
[12:48:57.679]: (1.3, 1.7, 3.0) 39
[12:48:57.702]: (1.3, 1.7, 3.0) 39
[12:48:57.724]: (1.3, 1.7, 3.0) 39
[12:48:57.746]: (1.3, 1.7, 3.0) 39
[12:48:57.768]: (1.3, 1.7, 3.0) 39
[12:48:57.818]: (1.3, 1.7, 3.1) 39
[12:48:57.879]: (1.3, 1.7, 3.0) 39
[12:48:57.901]: (1.3, 1.7, 3.0) 39
[12:48:57.926]: (1.3, 1.7, 3.0) 39
[12:48:57.945]: (1.3, 1.7, 3.0) 39
[12:48:57.964]: (1.3, 1.7, 3.0) 39
[12:48:57.983]: (1.3, 1.7, 3.0) 39
[12:48:58.002]: (1.3, 1.7, 3.0) 39
[12:48:58.021]: (1.3, 1.7, 3.0) 39
[12:48:58.040]: (1.3, 1.7, 3.0) 39
[12:48:58.059]: (1.3, 1.7, 3.0) 39
[12:48:58.079]: (1.3, 1.7, 3.0) 39
[12:48:58.101]: (1.3, 1.7, 3.0) 39
[12:48:58.123]: (1.3, 1.7, 3.0) 39
[12:48:58.144]: (1.3, 1.7, 3.0) 39
[12:48:58.166]: (1.3, 1.7, 3.0) 39
[12:48:58.185]: (1.3, 1.7, 3.0) 39
[12:48:58.205]: (1.4, 1.7, 3.0) 39
[12:48:58.222]: (1.3, 1.7, 3.0) 39
[12:48:58.239]: (1.3, 1.7, 3.0) 39
[12:48:58.256]: (1.3, 1.7, 3.0) 39
[12:48:58.274]: (1.3, 1.7, 3.0) 39
[12:48:58.296]: (1.3, 1.7, 3.0) 39
[12:48:58.316]: (1.3, 1.7, 3.0) 39
[12:48:58.347]: (1.3, 1.7, 3.0) 39
[12:48:58.419]: (1.6, 1.7, 3.2) 38
[12:48:58.436]: (1.6, 1.8, 3.1) 38
[12:48:58.454]: (1.6, 1.7, 3.2) 38
[12:48:58.491]: (1.6, 1.7, 3.1) 38
[12:48:58.513]: (1.6, 1.7, 3.1) 38
[12:48:58.534]: (1.6, 1.8, 3.1) 38
[12:48:58.558]: (1.6, 1.7, 3.2) 38
[12:48:58.623]: (1.3, 1.7, 3.0) 39
[12:48:58.647]: (1.3, 1.7, 3.0) 39
[12:48:58.668]: (1.3, 1.7, 3.1) 39
[12:48:58.690]: (1.3, 1.7, 3.0) 39
[12:48:58.713]: (1.3, 1.7, 3.0) 39
[12:48:58.734]: (1.3, 1.7, 3.0) 39
[12:48:58.756]: (1.3, 1.7, 3.0) 39
[12:48:58.779]: (1.3, 1.7, 3.0) 39
[12:48:58.801]: (1.3, 1.7, 3.0) 39
[12:48:58.825]: (1.3, 1.7, 3.0) 39
[12:48:58.846]: (1.4, 1.7, 3.0) 39
[12:48:58.869]: (1.4, 1.7, 3.0) 39
[12:48:58.891]: (1.3, 1.7, 3.0) 39
[12:48:58.914]: (1.3, 1.7, 3.0) 39
[12:48:58.934]: (1.3, 1.7, 3.0) 39
[12:48:58.951]: (1.3, 1.7, 3.0) 39
[12:48:58.968]: (1.3, 1.7, 3.0) 39
[12:48:58.987]: (1.3, 1.7, 3.0) 39
[12:48:59.008]: (1.3, 1.7, 3.0) 39
[12:48:59.056]: (1.3, 1.7, 3.0) 39
[12:48:59.073]: (1.3, 1.7, 3.0) 39
[12:48:59.089]: (1.4, 1.7, 3.0) 39
[12:48:59.106]: (1.4, 1.7, 3.0) 39
[12:48:59.124]: (1.4, 1.7, 3.0) 39
