[12:40:26.385]: (-2.1, -0.3, -0.1) 10
[12:40:26.606]: (-2.1, -0.3, 0.0) 10
[12:40:26.627]: (-2.1, -0.3, 0.0) 10
[12:40:26.650]: (-2.1, -0.3, 0.0) 10
[12:40:26.852]: (-1.4, -2.1, 0.0) 0
[12:40:26.961]: (-2.8, -2.7, -0.1) 33
[12:40:26.984]: (-2.8, -2.8, -0.1) 33
[12:40:27.028]: (-2.4, -2.2, 0.0) 8
[12:40:27.119]: (-2.4, -2.2, 0.0) 8
[12:40:27.140]: (-2.4, -2.2, 0.0) 8
[12:40:27.163]: (-2.4, -2.2, 0.0) 8
[12:40:27.188]: (-1.8, -1.3, 0.0) 18
[12:40:27.275]: (-1.8, -1.3, 0.0) 18
[12:40:27.292]: (-1.8, -1.3, 0.0) 18
[12:40:27.310]: (-1.8, -1.3, 0.0) 18
[12:40:27.329]: (-1.8, -1.3, 0.0) 18
[12:40:27.347]: (-1.8, -1.3, 0.0) 18
[12:40:27.363]: (-1.8, -1.3, 0.0) 18
[12:40:27.379]: (-1.7, -1.3, 0.0) 18
[12:40:27.409]: (-1.8, -1.3, 0.0) 18
[12:40:27.425]: (-1.8, -1.3, 0.0) 18
[12:40:27.442]: (-1.8, -1.3, 0.0) 18
[12:40:27.458]: (-1.8, -1.3, 0.0) 18
[12:40:27.475]: (-1.8, -1.3, 0.0) 18
[12:40:27.491]: (-1.8, -1.3, 0.0) 18
[12:40:27.508]: (-1.7, -1.3, 0.0) 18
[12:40:27.525]: (-1.7, -1.3, 0.0) 18
[12:40:27.544]: (-1.7, -1.3, 0.0) 18
[12:40:27.564]: (-1.7, -1.3, 0.0) 18
[12:40:27.582]: (-1.8, -1.3, 0.0) 18
[12:40:27.601]: (-1.7, -1.3, 0.0) 18
[12:40:27.618]: (-1.8, -1.3, 0.0) 18
[12:40:27.636]: (-1.7, -1.3, 0.0) 18
[12:40:27.653]: (-1.7, -1.3, 0.0) 18
[12:40:27.760]: (-1.7, -1.3, 0.0) 18
[12:40:27.785]: (-1.7, -1.3, 0.1) 18
[12:40:27.811]: (-1.7, -1.3, 0.0) 18
[12:40:27.829]: (-1.7, -1.3, 0.0) 18
[12:40:27.871]: (-1.7, -1.3, 0.0) 18
[12:40:29.605]: (-0.4, 2.5, 0.2) 29
[12:40:29.627]: (-0.3, 2.5, 0.2) 29
[12:40:31.225]: (-0.2, 2.3, 1.7) 1
[12:40:31.369]: (-0.3, 2.4, 1.7) 0
[12:40:31.386]: (-0.3, 2.4, 1.7) 0
[12:40:31.651]: (-0.2, 2.3, 1.7) 1
[12:40:32.400]: (0.4, 3.0, 3.0) 33
[12:40:32.421]: (0.4, 2.9, 3.0) 33
[12:40:32.443]: (0.4, 2.9, 3.0) 33
[12:40:32.467]: (0.4, 2.9, 3.1) 33
[12:40:32.714]: (-0.2, 1.7, 1.9) 1
[12:40:32.735]: (-0.2, 1.7, 1.9) 1
[12:40:32.757]: (-0.2, 1.6, 1.9) 1
[12:40:32.782]: (-0.2, 1.6, 1.9) 1
[12:40:32.860]: (-0.2, 1.6, 2.8) 26
[12:40:32.892]: (-0.3, 1.4, 1.9) 1
[12:40:33.660]: (0.3, 1.8, 2.8) 7
[12:40:33.680]: (0.3, 1.8, 2.6) 8
[12:40:33.769]: (0.3, 1.8, 2.6) 8
[12:40:33.791]: (0.4, 1.8, 2.6) 8
[12:40:33.814]: (0.4, 1.8, 2.6) 8
[12:40:33.835]: (0.4, 1.7, 2.6) 8
[12:40:33.858]: (0.4, 1.7, 2.6) 8
[12:40:34.035]: (0.4, 1.8, 2.6) 8
[12:40:34.080]: (0.7, 1.7, 2.8) 9
[12:40:34.146]: (1.1, 1.5, 2.2) 27
[12:40:34.169]: (1.1, 1.5, 2.1) 27
[12:40:34.850]: (0.4, 1.7, 2.6) 8
[12:40:34.867]: (0.3, 1.9, 2.8) 7
[12:40:34.899]: (0.2, 1.8, 2.9) 7
[12:40:34.930]: (0.3, 1.8, 2.8) 7
[12:40:34.945]: (0.3, 1.8, 2.8) 7
[12:40:34.961]: (0.3, 1.8, 2.8) 7
[12:40:34.978]: (0.3, 1.8, 2.9) 7
[12:40:34.999]: (0.3, 1.8, 2.9) 7
[12:40:35.044]: (0.3, 1.8, 2.9) 7
[12:40:35.301]: (0.3, 1.7, 2.7) 8
[12:40:35.324]: (0.3, 1.7, 2.6) 8
[12:40:35.346]: (0.3, 1.7, 2.6) 8
[12:40:35.368]: (0.3, 1.7, 2.6) 8
[12:40:35.391]: (0.3, 1.7, 2.6) 8
[12:40:35.412]: (0.3, 1.7, 2.6) 8
[12:40:35.436]: (0.3, 1.7, 2.7) 8
[12:40:35.547]: (0.3, 1.8, 2.9) 7
[12:40:36.224]: (-1.0, 1.5, 1.6) 19
[12:40:36.513]: (-1.0, 1.5, 1.6) 19
[12:40:36.530]: (-1.0, 1.5, 1.9) 24
[12:40:36.821]: (-0.5, 1.8, 2.5) 25
[12:40:36.837]: (-0.5, 1.7, 2.5) 25
[12:40:36.856]: (-0.5, 1.7, 2.5) 25
[12:40:36.875]: (-0.5, 1.7, 2.5) 25
[12:40:36.924]: (0.3, 1.8, 2.9) 7
[12:40:37.173]: (0.4, 1.7, 2.6) 8
[12:40:37.390]: (0.6, 1.4, 1.7) 16
[12:40:37.978]: (-0.2, 1.0, 0.4) 15
[12:40:38.501]: (0.2, 1.2, 0.9) 21
[12:40:38.745]: (1.2, 1.1, 1.1) 10
[12:40:38.767]: (1.2, 1.1, 1.1) 10
[12:40:38.790]: (1.4, 1.2, 1.2) 12
[12:40:38.811]: (1.4, 1.1, 1.3) 12
[12:40:39.056]: (1.2, 1.1, 1.3) 11
[12:40:39.078]: (1.2, 1.1, 1.3) 11
[12:40:39.095]: (1.2, 1.2, 1.3) 11
[12:40:39.112]: (1.2, 1.2, 1.3) 11
[12:40:39.128]: (1.2, 1.1, 1.3) 11
[12:40:39.370]: (1.2, 1.1, 1.3) 11
[12:40:39.388]: (1.2, 1.1, 1.3) 11
[12:40:39.489]: (1.2, 1.1, 1.3) 11
[12:40:39.510]: (1.2, 1.1, 1.3) 11
[12:40:39.579]: (1.2, 1.1, 1.3) 11
[12:40:39.601]: (1.2, 1.1, 1.3) 11
[12:40:39.622]: (1.2, 1.1, 1.3) 11
[12:40:39.644]: (1.2, 1.1, 1.3) 11
[12:40:39.666]: (1.2, 1.1, 1.3) 11
[12:40:39.689]: (1.2, 1.2, 1.3) 11
[12:40:39.711]: (1.2, 1.1, 1.3) 11
[12:40:39.733]: (1.2, 1.2, 1.3) 11
[12:40:39.756]: (1.2, 1.2, 1.3) 11
[12:40:39.778]: (1.2, 1.2, 1.3) 11
[12:40:39.800]: (1.2, 1.2, 1.3) 11
[12:40:39.822]: (1.2, 1.2, 1.3) 11
[12:40:39.844]: (1.2, 1.2, 1.3) 11
[12:40:39.867]: (1.2, 1.2, 1.3) 11
[12:40:39.889]: (1.2, 1.2, 1.3) 11
[12:40:39.911]: (1.2, 1.2, 1.3) 11
[12:40:40.410]: (1.2, 1.1, 1.1) 10
[12:40:40.589]: (1.4, 1.2, 1.2) 12
[12:40:40.632]: (1.4, 1.2, 1.2) 12
[12:40:40.656]: (1.2, 1.2, 1.1) 10
[12:40:40.677]: (1.4, 1.2, 1.3) 12
[12:40:40.699]: (1.2, 1.2, 1.1) 10
[12:40:40.722]: (1.4, 1.1, 1.2) 12
[12:40:40.948]: (1.2, 1.1, 1.1) 10
[12:40:40.968]: (1.2, 1.1, 1.1) 10
[12:40:40.990]: (1.2, 1.1, 1.1) 10
[12:40:41.012]: (1.2, 1.1, 1.1) 10
[12:40:41.033]: (1.2, 1.1, 1.1) 10
[12:40:41.120]: (1.2, 1.1, 1.1) 10
[12:40:41.137]: (1.2, 1.1, 1.1) 10
[12:40:41.156]: (1.2, 1.1, 1.1) 10
[12:40:41.173]: (1.2, 1.1, 1.1) 10
[12:40:41.191]: (1.2, 1.1, 1.1) 10
[12:40:41.210]: (1.2, 1.1, 1.1) 10
[12:40:41.226]: (1.2, 1.1, 1.1) 10
[12:40:41.244]: (1.2, 1.1, 1.1) 10
[12:40:41.261]: (1.2, 1.1, 1.1) 10
[12:40:41.278]: (1.2, 1.1, 1.1) 10
[12:40:41.297]: (1.2, 1.0, 1.1) 10
[12:40:41.323]: (1.2, 1.1, 1.1) 10
[12:40:41.557]: (1.2, 1.1, 1.1) 10
[12:40:41.590]: (1.2, 1.1, 1.1) 10
[12:40:41.623]: (1.2, 1.1, 1.1) 10
[12:40:41.656]: (1.2, 1.1, 1.1) 10
[12:40:41.690]: (1.2, 1.1, 1.1) 10
[12:40:41.722]: (1.2, 1.1, 1.1) 10
[12:40:41.756]: (1.2, 1.1, 1.1) 10
[12:40:42.722]: (1.2, 1.1, 1.1) 10
[12:40:42.745]: (1.2, 1.1, 1.1) 10
[12:40:42.769]: (1.2, 1.1, 1.1) 10
[12:40:42.790]: (1.2, 1.1, 1.1) 10
[12:40:42.814]: (1.2, 1.1, 1.1) 10
[12:40:42.836]: (1.2, 1.1, 1.1) 10
[12:40:42.860]: (1.4, 1.1, 1.3) 12
[12:40:42.880]: (1.4, 1.1, 1.3) 12
[12:40:42.902]: (1.4, 1.1, 1.3) 12
[12:40:43.013]: (1.2, 1.1, 1.1) 10
[12:40:43.035]: (1.2, 1.1, 1.1) 10
[12:40:43.058]: (1.2, 1.1, 1.1) 10
[12:40:43.080]: (1.2, 1.1, 1.1) 10
[12:40:43.104]: (1.2, 1.1, 1.1) 10
[12:40:43.124]: (1.2, 1.1, 1.1) 10
[12:40:43.147]: (1.2, 1.1, 1.1) 10
[12:40:43.169]: (1.2, 1.1, 1.1) 10
[12:40:43.191]: (1.2, 1.1, 1.1) 10
[12:40:43.213]: (1.2, 1.1, 1.1) 10
[12:40:43.236]: (1.2, 1.1, 1.1) 10
[12:40:43.258]: (1.2, 1.1, 1.1) 10
[12:40:43.280]: (1.2, 1.1, 1.1) 10
[12:40:43.302]: (1.2, 1.1, 1.1) 10
[12:40:43.321]: (1.2, 1.1, 1.1) 10
[12:40:43.338]: (1.2, 1.1, 1.1) 10
[12:40:43.358]: (1.2, 1.1, 1.1) 10
[12:40:43.375]: (1.2, 1.1, 1.1) 10
[12:40:43.392]: (1.2, 1.1, 1.1) 10
[12:40:43.424]: (1.2, 1.1, 1.1) 10
[12:40:43.441]: (1.2, 1.1, 1.1) 10
[12:40:43.457]: (1.4, 1.1, 1.2) 12
[12:40:43.474]: (1.4, 1.2, 1.2) 12
[12:40:43.489]: (1.4, 1.1, 1.2) 12
[12:40:43.505]: (1.4, 1.1, 1.2) 12
[12:40:43.523]: (1.4, 1.1, 1.3) 12
[12:40:43.540]: (1.4, 1.1, 1.3) 12
[12:40:43.558]: (1.4, 1.1, 1.3) 12
[12:40:43.579]: (1.4, 1.1, 1.3) 12
[12:40:43.598]: (1.4, 1.1, 1.3) 12
[12:40:43.614]: (1.4, 1.1, 1.3) 12
[12:40:43.632]: (1.4, 1.1, 1.3) 12
[12:40:43.648]: (1.4, 1.1, 1.3) 12
[12:40:43.665]: (1.4, 1.1, 1.3) 12
[12:40:43.681]: (1.4, 1.1, 1.2) 12
[12:40:43.698]: (1.4, 1.1, 1.3) 12
[12:40:43.715]: (1.4, 1.1, 1.3) 12
[12:40:43.731]: (1.4, 1.1, 1.3) 12
[12:40:43.748]: (1.4, 1.1, 1.3) 12
[12:40:43.768]: (1.4, 1.1, 1.3) 12
[12:40:43.788]: (1.4, 1.1, 1.3) 12
[12:40:43.810]: (1.4, 1.1, 1.3) 12
[12:40:43.833]: (1.4, 1.1, 1.2) 12
[12:40:43.856]: (1.4, 1.1, 1.2) 12
[12:40:43.876]: (1.2, 1.2, 1.1) 10
[12:40:43.898]: (1.2, 1.2, 1.1) 10
[12:40:43.922]: (1.2, 1.2, 1.1) 10
[12:40:43.943]: (1.2, 1.2, 1.1) 10
[12:40:43.966]: (1.4, 1.1, 1.2) 12
[12:40:43.988]: (1.2, 1.2, 1.1) 10
[12:40:44.009]: (1.4, 1.1, 1.2) 12
[12:40:44.032]: (1.2, 1.2, 1.1) 10
[12:40:44.554]: (1.2, 1.1, 1.3) 11
[12:40:44.573]: (1.2, 1.1, 1.3) 11
[12:40:44.590]: (1.2, 1.1, 1.3) 11
[12:40:44.608]: (1.2, 1.2, 1.3) 11
[12:40:44.627]: (1.2, 1.2, 1.3) 11
[12:40:44.647]: (1.2, 1.2, 1.3) 11
[12:40:44.665]: (1.1, 1.2, 1.3) 11
[12:40:44.681]: (1.1, 1.2, 1.3) 11
[12:40:44.698]: (1.1, 1.2, 1.4) 11
