[12:41:17.421]: (-3.7, -3.7, 0.0) 24
[12:41:17.523]: (-3.1, -2.9, 0.0) 4
[12:41:17.587]: (-3.1, -3.0, 0.0) 4
[12:41:17.633]: (-3.1, -3.0, 0.0) 4
[12:41:17.918]: (-2.7, -1.3, 0.0) 2
[12:41:17.962]: (-3.2, -1.3, 0.0) 3
[12:41:17.986]: (-2.6, -0.8, 0.0) 15
[12:41:18.009]: (-3.1, -1.3, 0.0) 3
[12:41:18.052]: (-3.2, -1.2, 0.0) 3
[12:41:18.140]: (-3.1, -1.3, 0.0) 3
[12:41:18.185]: (-3.2, -1.2, 0.0) 3
[12:41:18.229]: (-3.2, -1.2, 0.0) 3
[12:41:18.251]: (-2.7, -0.8, 0.0) 15
[12:41:18.296]: (-3.2, -1.3, 0.0) 3
[12:41:18.332]: (-4.5, -2.4, 0.0) 32
[12:41:18.720]: (-3.2, -1.2, 0.0) 3
[12:41:19.941]: (-0.7, 1.7, -0.2) 47
[12:41:19.963]: (-0.7, 1.7, -0.2) 47
[12:41:20.229]: (-0.6, 3.1, 0.1) 12
[12:41:20.551]: (-0.2, 7.3, 2.4) 43
[12:41:20.573]: (-0.2, 7.3, 2.6) 43
[12:41:20.596]: (-0.2, 7.2, 2.6) 43
[12:41:22.610]: (-0.3, 3.4, 3.1) 4
[12:41:22.658]: (-0.3, 3.4, 3.1) 4
[12:41:22.861]: (-0.3, 3.8, 4.0) 24
[12:41:22.884]: (-0.3, 3.8, 4.0) 24
[12:41:22.905]: (-0.3, 3.8, 4.0) 24
[12:41:23.292]: (0.1, 3.2, 6.5) 41
[12:41:23.313]: (0.2, 3.2, 6.5) 41
[12:41:23.692]: (-0.3, 1.2, 1.4) 14
[12:41:23.713]: (-0.3, 1.2, 1.4) 14
[12:41:23.734]: (-0.3, 1.2, 1.4) 14
[12:41:23.755]: (-0.3, 1.2, 1.4) 14
[12:41:23.777]: (-0.3, 1.2, 1.4) 14
[12:41:23.908]: (-0.2, 1.2, 1.4) 14
[12:41:23.974]: (-0.2, 1.2, 1.4) 14
[12:41:26.225]: (2.3, 1.8, 3.4) 34
[12:41:26.603]: (0.9, 1.2, 1.5) 16
[12:41:26.657]: (0.9, 1.2, 1.5) 16
[12:41:26.838]: (0.9, 1.2, 1.5) 16
[12:41:26.870]: (1.0, 1.2, 1.9) 15
[12:41:26.886]: (1.0, 1.2, 1.9) 15
[12:41:26.902]: (1.0, 1.2, 1.9) 15
[12:41:27.192]: (2.4, 1.7, 3.2) 33
[12:41:27.215]: (2.4, 1.6, 3.2) 33
[12:41:27.236]: (2.4, 1.7, 3.2) 33
[12:41:27.260]: (2.4, 1.7, 3.2) 33
[12:41:27.281]: (2.4, 1.7, 3.2) 33
[12:41:27.612]: (2.4, 1.7, 3.4) 34
[12:41:27.643]: (2.3, 1.7, 3.4) 34
[12:41:27.695]: (2.3, 1.7, 3.4) 34
[12:41:27.711]: (2.3, 1.7, 3.4) 34
[12:41:29.638]: (-1.5, 2.4, 4.4) 20
[12:41:29.659]: (-1.5, 2.4, 4.4) 20
[12:41:29.676]: (-1.5, 2.4, 4.4) 20
[12:41:29.695]: (-1.5, 2.4, 4.4) 20
[12:41:29.714]: (-1.5, 2.5, 4.4) 20
[12:41:29.736]: (-1.5, 2.5, 4.4) 20
[12:41:29.781]: (-0.7, 2.3, 4.2) 25
[12:41:29.847]: (-0.2, 2.4, 4.5) 24
[12:41:29.870]: (-0.2, 2.4, 4.5) 24
[12:41:30.327]: (-1.5, 2.4, 4.4) 20
[12:41:31.834]: (-1.5, 2.4, 4.4) 20
[12:41:32.019]: (-1.5, 2.4, 4.4) 20
[12:41:32.037]: (-1.5, 2.4, 4.4) 20
[12:41:32.052]: (-1.5, 2.4, 4.4) 20
[12:41:32.069]: (-1.5, 2.4, 4.4) 20
[12:41:32.087]: (-1.5, 2.4, 4.4) 20
[12:41:32.104]: (-1.5, 2.4, 4.4) 20
[12:41:32.120]: (-1.5, 2.4, 4.4) 20
[12:41:32.138]: (-1.5, 2.4, 4.4) 20
[12:41:32.155]: (-1.5, 2.4, 4.4) 20
[12:41:32.172]: (-1.5, 2.4, 4.4) 20
[12:41:32.188]: (-1.5, 2.4, 4.4) 20
[12:41:32.206]: (-1.5, 2.4, 4.4) 20
[12:41:32.223]: (-1.5, 2.4, 4.4) 20
[12:41:32.239]: (-1.5, 2.4, 4.4) 20
[12:41:32.257]: (-0.7, 2.3, 4.2) 25
[12:41:32.546]: (2.4, 1.6, 3.2) 33
[12:41:32.782]: (2.2, 1.4, 2.3) 27
[12:41:33.113]: (2.5, 1.6, 3.2) 33
[12:41:33.131]: (2.5, 1.6, 3.2) 33
[12:41:33.147]: (2.5, 1.6, 3.2) 33
[12:41:33.163]: (2.5, 1.7, 3.2) 33
[12:41:33.181]: (2.5, 1.6, 3.2) 33
[12:41:33.489]: (2.5, 1.6, 3.2) 33
[12:41:33.512]: (2.5, 1.6, 3.2) 33
[12:41:33.535]: (2.5, 1.6, 3.2) 33
[12:41:33.557]: (2.5, 1.6, 3.2) 33
[12:41:35.422]: (2.4, 1.4, 3.7) 35
[12:41:35.530]: (2.2, 1.3, 3.8) 35
[12:41:35.551]: (2.2, 1.2, 3.8) 35
[12:41:35.593]: (2.1, 1.2, 3.8) 35
[12:41:35.618]: (2.1, 1.3, 3.8) 35
[12:41:36.015]: (1.6, 1.4, 3.5) 33
[12:41:36.032]: (1.6, 1.4, 3.4) 33
[12:41:36.049]: (1.7, 1.4, 3.4) 33
[12:41:36.066]: (1.7, 1.4, 3.4) 33
[12:41:36.090]: (1.6, 1.4, 3.4) 33
[12:41:36.110]: (1.7, 1.4, 3.4) 33
[12:41:36.133]: (1.7, 1.4, 3.4) 33
[12:41:36.155]: (1.7, 1.4, 3.4) 33
[12:41:36.177]: (1.7, 1.4, 3.4) 33
[12:41:36.199]: (1.7, 1.4, 3.5) 33
[12:41:36.570]: (1.6, 1.3, 3.5) 33
[12:41:36.587]: (1.7, 1.3, 3.5) 33
[12:41:36.604]: (1.6, 1.4, 3.5) 33
[12:41:36.635]: (1.7, 1.3, 3.4) 33
[12:41:36.653]: (1.7, 1.4, 3.4) 33
[12:41:36.671]: (1.7, 1.3, 3.4) 33
[12:41:36.702]: (1.7, 1.3, 3.5) 33
[12:41:36.718]: (1.7, 1.3, 3.4) 33
[12:41:37.110]: (1.7, 1.3, 3.5) 33
[12:41:37.133]: (1.7, 1.3, 3.5) 33
[12:41:37.155]: (1.7, 1.3, 3.5) 33
[12:41:37.176]: (1.7, 1.3, 3.5) 33
[12:41:37.200]: (1.6, 1.3, 3.4) 33
[12:41:37.265]: (1.6, 1.3, 3.5) 33
[12:41:37.289]: (1.7, 1.4, 3.4) 33
[12:41:37.310]: (1.7, 1.4, 3.4) 33
[12:41:37.326]: (1.7, 1.4, 3.4) 33
[12:41:37.344]: (1.7, 1.4, 3.4) 33
[12:41:37.361]: (1.7, 1.4, 3.4) 33
[12:41:37.379]: (1.7, 1.4, 3.4) 33
[12:41:37.471]: (1.7, 1.4, 3.4) 33
[12:41:37.845]: (-0.3, 2.1, 5.0) 40
[12:41:38.090]: (-0.3, 2.1, 5.0) 40
[12:41:38.109]: (-0.3, 2.1, 5.0) 40
[12:41:38.155]: (-0.3, 2.1, 5.0) 40
[12:41:38.470]: (-1.0, 1.6, 2.9) 5
[12:41:38.517]: (-1.1, 1.6, 2.9) 5
[12:41:38.888]: (-0.9, 1.0, 1.3) 12
[12:41:38.932]: (-0.9, 1.0, 1.3) 12
[12:41:38.955]: (-0.9, 1.0, 1.3) 12
[12:41:38.976]: (-0.9, 1.0, 1.3) 12
[12:41:39.000]: (-0.8, 1.0, 1.3) 12
[12:41:39.021]: (-0.8, 1.0, 1.3) 12
[12:41:39.042]: (-0.8, 1.0, 1.3) 12
[12:41:39.059]: (-0.8, 1.1, 1.3) 12
[12:41:39.077]: (-0.8, 1.0, 1.3) 12
[12:41:39.096]: (-0.8, 1.0, 1.3) 12
[12:41:39.113]: (-0.8, 1.0, 1.3) 12
[12:41:39.129]: (-0.8, 1.0, 1.3) 12
[12:41:39.147]: (-0.9, 1.0, 1.3) 12
[12:41:39.166]: (-0.8, 1.0, 1.3) 12
[12:41:40.204]: (2.2, 1.4, 3.7) 35
[12:41:40.542]: (1.6, 1.4, 3.5) 33
[12:41:40.588]: (1.6, 1.4, 3.5) 33
[12:41:42.574]: (1.6, 1.4, 3.5) 33
[12:41:42.592]: (1.6, 1.4, 3.5) 33
[12:41:42.609]: (1.6, 1.4, 3.5) 33
[12:41:42.627]: (1.6, 1.4, 3.5) 33
[12:41:42.644]: (1.6, 1.4, 3.5) 33
[12:41:42.660]: (1.6, 1.4, 3.5) 33
[12:41:42.677]: (1.6, 1.4, 3.5) 33
[12:41:42.696]: (1.6, 1.4, 3.5) 33
[12:41:42.712]: (1.6, 1.4, 3.5) 33
[12:41:42.729]: (1.6, 1.4, 3.5) 33
[12:41:42.746]: (1.6, 1.4, 3.5) 33
[12:41:42.764]: (1.6, 1.4, 3.5) 33
[12:41:42.781]: (1.6, 1.4, 3.5) 33
[12:41:42.797]: (1.6, 1.4, 3.5) 33
[12:41:42.813]: (1.6, 1.4, 3.5) 33
[12:41:42.832]: (1.6, 1.4, 3.5) 33
[12:41:42.852]: (1.6, 1.4, 3.5) 33
[12:41:42.870]: (1.6, 1.4, 3.5) 33
[12:41:42.888]: (1.6, 1.4, 3.5) 33
[12:41:42.906]: (1.6, 1.4, 3.5) 33
[12:41:42.922]: (1.6, 1.4, 3.5) 33
[12:41:44.097]: (1.5, 1.4, 3.6) 34
[12:41:44.775]: (1.5, 1.5, 3.6) 34
[12:41:45.399]: (1.3, 2.2, 5.6) 38
[12:41:45.415]: (1.2, 2.1, 5.3) 37
[12:41:45.433]: (1.2, 2.1, 5.3) 37
[12:41:45.451]: (1.2, 2.1, 5.3) 37
[12:41:46.706]: (-2.5, 2.1, 3.9) 20
[12:41:47.893]: (-2.5, 2.1, 3.9) 20
[12:41:47.909]: (-2.5, 2.1, 3.9) 20
[12:41:49.046]: (-2.2, 1.8, 2.9) 9
[12:41:49.594]: (0.6, 1.9, 4.5) 30
[12:41:49.626]: (0.6, 1.9, 4.5) 30
[12:41:51.894]: (0.6, 1.9, 4.5) 30
[12:41:51.916]: (0.7, 1.8, 4.5) 30
[12:41:51.938]: (0.7, 1.9, 4.5) 30
[12:41:51.961]: (0.7, 1.9, 4.5) 30
[12:41:51.982]: (0.7, 1.9, 4.5) 30
[12:41:52.004]: (0.7, 1.9, 4.5) 30
[12:41:52.026]: (0.7, 1.9, 4.5) 30
[12:41:52.049]: (0.7, 1.9, 4.5) 30
[12:41:52.071]: (0.7, 1.9, 4.5) 30
[12:41:52.093]: (0.7, 1.9, 4.5) 30
[12:41:52.115]: (0.7, 1.9, 4.5) 30
[12:41:53.029]: (-0.5, 0.6, 0.1) 47
[12:41:53.046]: (-0.5, 0.6, 0.1) 47
[12:41:53.447]: (-0.5, 0.6, 0.0) 47
[12:41:53.582]: (-1.7, 1.0, 0.8) 1
[12:41:53.625]: (-1.7, 1.0, 0.8) 1
[12:41:53.649]: (-1.7, 0.9, 0.8) 1
[12:41:53.737]: (-1.7, 1.0, 0.8) 1
[12:41:53.758]: (-1.7, 0.9, 0.8) 1
[12:41:54.659]: (0.5, 0.9, 1.5) 16
[12:41:54.682]: (0.4, 0.9, 1.5) 16
[12:41:54.704]: (0.4, 1.0, 1.5) 16
[12:41:54.721]: (0.4, 0.9, 1.5) 16
[12:41:54.738]: (0.4, 0.9, 1.5) 16
[12:41:54.755]: (0.4, 0.9, 1.5) 16
[12:41:54.773]: (0.4, 0.9, 1.5) 16
[12:41:54.790]: (0.4, 0.9, 1.5) 16
[12:41:54.807]: (0.4, 1.0, 1.5) 16
[12:41:54.824]: (0.4, 0.9, 1.5) 16
[12:41:54.841]: (0.4, 0.9, 1.5) 16
[12:41:54.858]: (0.4, 0.9, 1.5) 16
[12:41:54.875]: (0.4, 0.9, 1.5) 16
[12:41:54.893]: (0.4, 0.9, 1.5) 16
[12:41:54.910]: (0.4, 0.9, 1.5) 16
[12:41:54.929]: (0.4, 0.9, 1.5) 16
[12:41:54.948]: (0.4, 0.9, 1.5) 16
[12:41:54.965]: (0.4, 0.9, 1.5) 16
[12:41:54.983]: (0.4, 0.9, 1.5) 16
[12:41:55.004]: (0.4, 0.9, 1.5) 16
[12:41:55.022]: (0.4, 0.9, 1.5) 16
[12:41:55.039]: (0.4, 0.9, 1.5) 16
[12:41:55.055]: (0.4, 1.0, 1.9) 15
[12:41:55.675]: (-1.0, 1.7, 3.3) 4
[12:41:55.693]: (-1.0, 1.7, 3.3) 4
[12:41:55.910]: (-1.0, 1.7, 3.3) 4
[12:41:57.236]: (-1.3, 2.1, 4.2) 24
[12:41:57.714]: (-1.3, 2.0, 4.2) 24
[12:41:57.813]: (-1.1, 2.5, 5.9) 43
[12:41:58.103]: (0.2, 1.9, 4.2) 32
[12:41:58.421]: (0.6, 1.9, 4.5) 30
[12:41:58.436]: (1.2, 2.0, 5.3) 37
[12:41:58.891]: (1.3, 2.1, 5.3) 37
[12:41:58.913]: (1.3, 2.2, 5.6) 38
[12:41:58.934]: (1.2, 2.1, 5.3) 37
[12:41:58.958]: (1.2, 2.1, 5.3) 37
[12:41:58.980]: (1.2, 2.1, 5.3) 37
[12:41:59.004]: (1.2, 2.0, 5.3) 37
[12:41:59.024]: (1.2, 2.1, 5.3) 37
[12:41:59.046]: (1.2, 2.1, 5.3) 37
[12:41:59.068]: (1.2, 2.1, 5.3) 37
[12:41:59.090]: (1.2, 2.1, 5.3) 37
[12:41:59.114]: (1.2, 2.1, 5.3) 37
[12:41:59.130]: (1.2, 2.1, 5.3) 37
[12:41:59.147]: (1.2, 2.1, 5.3) 37
[12:41:59.165]: (1.2, 2.1, 5.3) 37
[12:41:59.182]: (1.2, 2.1, 5.3) 37
[12:41:59.201]: (1.2, 2.1, 5.3) 37
[12:41:59.217]: (1.3, 2.1, 5.3) 37
[12:41:59.235]: (1.3, 2.1, 5.3) 37
[12:41:59.266]: (1.7, 1.8, 4.7) 29
[12:41:59.422]: (1.7, 1.7, 4.5) 28
[12:41:59.438]: (1.7, 1.7, 4.5) 28
[12:41:59.454]: (1.7, 1.7, 4.5) 28
[12:41:59.471]: (1.7, 1.7, 4.5) 28
[12:41:59.489]: (1.7, 1.7, 4.5) 28
[12:41:59.505]: (1.7, 1.7, 4.5) 28
[12:41:59.521]: (1.7, 1.7, 4.5) 28
[12:41:59.536]: (1.7, 1.7, 4.5) 28
[12:41:59.557]: (1.7, 1.8, 4.6) 28
[12:41:59.691]: (1.7, 1.7, 4.5) 28
[12:41:59.713]: (1.6, 1.7, 4.5) 28
[12:41:59.735]: (1.7, 1.7, 4.5) 28
[12:41:59.757]: (1.7, 1.7, 4.5) 28
[12:41:59.780]: (1.7, 1.7, 4.5) 28
[12:42:01.059]: (1.3, 1.9, 5.5) 36
[12:42:01.083]: (1.3, 1.9, 5.5) 36
[12:42:01.197]: (1.0, 1.7, 5.6) 36
[12:42:03.066]: (1.1, 1.7, 3.3) 33
[12:42:03.090]: (1.1, 1.7, 3.3) 33
[12:42:03.112]: (1.1, 1.7, 3.3) 33
[12:42:03.427]: (0.3, 1.9, 5.1) 37
[12:42:03.513]: (0.3, 2.0, 5.4) 38
[12:42:03.536]: (0.3, 2.0, 5.4) 38
[12:42:03.558]: (0.3, 2.0, 5.4) 38
[12:42:03.581]: (0.3, 2.0, 5.4) 38
[12:42:03.604]: (0.2, 2.0, 5.4) 38
[12:42:03.649]: (0.2, 1.8, 5.1) 37
[12:42:03.689]: (0.2, 1.9, 5.1) 37
[12:42:03.706]: (0.2, 1.8, 5.1) 37
[12:42:03.723]: (0.2, 1.8, 5.1) 37
[12:42:03.755]: (0.2, 1.8, 5.1) 37
[12:42:03.772]: (0.2, 1.8, 5.1) 37
[12:42:03.789]: (0.2, 1.8, 5.1) 37
[12:42:04.166]: (0.2, 1.9, 5.2) 37
[12:42:04.233]: (0.3, 1.8, 5.1) 37
[12:42:05.245]: (0.8, 1.2, 3.5) 34
[12:42:05.267]: (0.8, 1.3, 3.5) 34
[12:42:05.289]: (0.7, 1.2, 3.5) 34
[12:42:05.311]: (0.8, 1.2, 3.5) 34
[12:42:05.333]: (0.8, 1.2, 3.5) 34
[12:42:05.836]: (1.0, 1.2, 3.4) 33
[12:42:05.853]: (0.9, 1.2, 3.4) 33
[12:42:05.899]: (1.0, 1.1, 3.4) 33
[12:42:05.920]: (1.0, 1.1, 3.4) 33
[12:42:05.942]: (1.0, 1.1, 3.4) 33
[12:42:06.010]: (0.9, 1.1, 3.4) 33
[12:42:06.977]: (0.3, 1.8, 5.1) 37
[12:42:07.020]: (0.3, 1.8, 5.1) 37
[12:42:07.043]: (0.2, 1.9, 5.1) 37
[12:42:07.065]: (0.2, 1.9, 5.1) 37
[12:42:07.225]: (0.2, 1.9, 5.1) 37
[12:42:07.243]: (0.2, 2.0, 5.4) 38
[12:42:07.289]: (0.3, 2.0, 5.4) 38
[12:42:07.554]: (0.3, 2.0, 5.4) 38
[12:42:07.571]: (0.3, 1.8, 5.1) 37
[12:42:07.865]: (0.3, 1.8, 5.1) 37
[12:42:08.251]: (0.3, 1.8, 5.1) 37
[12:42:08.268]: (0.3, 1.8, 5.1) 37
[12:42:08.284]: (0.3, 1.8, 5.1) 37
[12:42:08.301]: (0.3, 1.8, 5.1) 37
[12:42:08.318]: (0.3, 1.8, 5.1) 37
[12:42:09.029]: (0.8, 1.3, 3.5) 34
[12:42:09.487]: (0.8, 1.3, 3.5) 34
[12:42:09.508]: (0.8, 1.2, 3.5) 34
[12:42:09.530]: (0.8, 1.3, 3.5) 34
[12:42:09.553]: (0.8, 1.2, 3.5) 34
[12:42:09.576]: (0.8, 1.2, 3.5) 34
[12:42:09.945]: (0.8, 1.2, 3.5) 34
[12:42:09.962]: (0.8, 1.2, 3.5) 34
[12:42:09.981]: (0.8, 1.2, 3.5) 34
[12:42:10.112]: (0.9, 1.2, 3.4) 33
[12:42:10.128]: (1.0, 1.2, 3.4) 33
[12:42:11.530]: (0.7, 1.3, 3.5) 34
[12:42:11.545]: (0.8, 1.3, 3.5) 34
[12:42:11.561]: (0.8, 1.3, 3.5) 34
[12:42:11.579]: (0.8, 1.2, 3.5) 34
[12:42:11.598]: (0.8, 1.3, 3.5) 34
[12:42:11.617]: (0.8, 1.3, 3.5) 34
[12:42:11.650]: (0.7, 1.3, 3.5) 34
[12:42:11.666]: (0.8, 1.3, 3.5) 34
[12:42:11.683]: (0.7, 1.3, 3.5) 34
[12:42:11.699]: (0.8, 1.3, 3.5) 34
[12:42:11.731]: (0.8, 1.3, 3.5) 34
[12:42:11.812]: (0.8, 1.3, 3.5) 34
[12:42:11.845]: (0.8, 1.2, 3.5) 34
[12:42:11.861]: (0.8, 1.2, 3.5) 34
[12:42:12.063]: (0.8, 1.2, 3.5) 34
[12:42:12.487]: (0.7, 1.2, 3.5) 34
[12:42:12.504]: (0.8, 1.2, 3.5) 34
[12:42:12.520]: (0.7, 1.2, 3.5) 34
[12:42:12.537]: (0.7, 1.2, 3.5) 34
[12:42:12.556]: (0.8, 1.2, 3.5) 34
[12:42:12.572]: (0.7, 1.2, 3.5) 34
[12:42:12.590]: (0.8, 1.2, 3.5) 34
[12:42:12.608]: (0.8, 1.2, 3.5) 34
[12:42:12.625]: (0.8, 1.2, 3.5) 34
[12:42:12.642]: (0.8, 1.2, 3.5) 34
[12:42:12.661]: (0.8, 1.2, 3.5) 34
[12:42:12.678]: (0.8, 1.2, 3.5) 34
[12:42:12.695]: (0.8, 1.2, 3.5) 34
[12:42:12.712]: (0.8, 1.2, 3.5) 34
[12:42:12.730]: (0.8, 1.2, 3.5) 34
[12:42:12.747]: (0.8, 1.2, 3.5) 34
[12:42:12.764]: (0.8, 1.2, 3.5) 34
[12:42:12.874]: (1.0, 1.2, 3.4) 33
[12:42:12.896]: (1.0, 1.2, 3.4) 33
[12:42:12.917]: (0.9, 1.2, 3.4) 33
[12:42:12.962]: (0.9, 1.2, 3.4) 33
[12:42:12.985]: (0.9, 1.2, 3.4) 33
[12:42:13.008]: (0.9, 1.2, 3.4) 33
[12:42:13.118]: (0.9, 1.2, 3.4) 33
[12:42:13.141]: (0.9, 1.2, 3.4) 33
[12:42:13.228]: (0.9, 1.2, 3.4) 33
[12:42:13.750]: (0.3, 1.8, 5.1) 37
[12:42:13.773]: (0.2, 1.9, 5.1) 37
[12:42:13.795]: (0.2, 1.8, 5.1) 37
[12:42:13.862]: (0.3, 1.9, 5.1) 37
[12:42:15.661]: (-1.8, 2.3, 5.4) 42
[12:42:15.684]: (-1.8, 2.3, 5.4) 42
[12:42:16.003]: (-0.9, 2.0, 4.9) 39
[12:42:17.896]: (0.3, 1.9, 5.1) 37
[12:42:20.815]: (-3.7, 1.8, 3.0) 19
[12:42:20.837]: (-3.7, 1.8, 3.1) 19
[12:42:22.408]: (-2.1, 1.8, 3.6) 24
[12:42:22.525]: (-2.1, 1.8, 3.7) 24
[12:42:22.548]: (-2.1, 1.8, 3.6) 24
[12:42:22.570]: (-2.1, 1.8, 3.6) 24
[12:42:22.793]: (-2.0, 2.4, 5.8) 41
[12:42:22.815]: (-2.0, 2.4, 5.8) 41
[12:42:22.836]: (-2.0, 2.4, 5.8) 41
[12:42:23.081]: (-3.6, 2.1, 3.5) 18
[12:42:23.098]: (-3.6, 2.0, 3.4) 18
[12:42:23.117]: (-3.6, 2.0, 3.5) 18
[12:42:23.135]: (-3.6, 2.0, 3.4) 18
[12:42:23.151]: (-3.6, 2.0, 3.4) 18
[12:42:23.183]: (-3.6, 2.0, 3.5) 18
[12:42:23.200]: (-3.6, 2.0, 3.5) 18
[12:42:23.247]: (-3.2, 1.8, 3.2) 20
[12:42:23.280]: (-3.2, 1.8, 3.2) 20
[12:42:23.547]: (-3.2, 1.8, 3.2) 20
[12:42:23.592]: (-3.2, 1.8, 3.2) 20
[12:42:23.616]: (-3.2, 1.9, 3.2) 20
[12:42:26.191]: (0.3, 1.8, 5.1) 37
[12:42:26.588]: (-0.2, 1.7, 4.2) 30
[12:42:26.768]: (0.2, 1.8, 5.1) 37
[12:42:26.790]: (0.2, 1.8, 5.1) 37
[12:42:26.857]: (0.2, 1.8, 5.1) 37
[12:42:28.309]: (-1.2, 1.9, 4.6) 40
[12:42:28.328]: (-0.7, 1.6, 3.8) 32
[12:42:28.846]: (-1.2, 1.3, 2.8) 6
[12:42:28.869]: (-1.2, 1.3, 2.8) 6
[12:42:28.889]: (-1.2, 1.3, 2.8) 6
[12:42:28.912]: (-1.2, 1.3, 2.7) 6
[12:42:28.934]: (-1.2, 1.3, 2.7) 6
[12:42:28.956]: (-1.2, 1.3, 2.8) 6
[12:42:28.980]: (-1.2, 1.3, 2.8) 6
[12:42:29.001]: (-1.2, 1.3, 2.8) 6
[12:42:29.279]: (-3.6, 2.0, 3.5) 18
[12:42:29.328]: (-3.6, 2.0, 3.5) 18
[12:42:29.347]: (-3.2, 1.8, 3.2) 20
[12:42:29.365]: (-3.6, 2.0, 3.5) 18
[12:42:29.381]: (-3.2, 1.8, 3.2) 20
[12:42:29.429]: (-3.2, 1.8, 3.2) 20
[12:42:29.446]: (-3.2, 1.8, 3.2) 20
[12:42:29.934]: (0.8, 1.2, 3.5) 34
[12:42:29.953]: (0.7, 1.2, 3.5) 34
[12:42:30.366]: (0.3, 1.8, 5.1) 37
[12:42:32.112]: (0.7, 1.2, 3.5) 34
[12:42:33.826]: (1.0, 1.1, 3.4) 33
[12:42:34.144]: (0.8, 1.3, 3.5) 34
[12:42:34.169]: (0.7, 1.3, 3.6) 34
[12:42:34.189]: (0.8, 1.3, 3.5) 34
[12:42:34.210]: (0.8, 1.3, 3.5) 34
[12:42:34.233]: (0.8, 1.3, 3.5) 34
[12:42:34.255]: (0.8, 1.3, 3.5) 34
[12:42:34.278]: (0.8, 1.3, 3.5) 34
[12:42:34.299]: (0.8, 1.3, 3.5) 34
[12:42:34.555]: (-0.2, 1.7, 4.3) 30
[12:42:34.571]: (-0.2, 1.7, 4.2) 30
[12:42:34.728]: (-3.6, 2.0, 3.5) 18
[12:42:34.944]: (-3.7, 1.8, 3.0) 19
[12:42:35.911]: (-2.1, 2.2, 5.3) 43
[12:42:36.283]: (-3.6, 2.0, 3.5) 18
[12:42:37.353]: (-3.2, 1.8, 3.2) 20
[12:42:38.033]: (0.3, 1.8, 5.1) 37
[12:42:38.051]: (0.3, 1.8, 5.1) 37
[12:42:38.098]: (0.3, 1.9, 5.1) 37
[12:42:38.115]: (0.3, 1.9, 5.1) 37
[12:42:38.353]: (0.8, 1.5, 4.5) 28
[12:42:38.664]: (0.7, 1.5, 4.5) 28
[12:42:39.231]: (0.2, 1.8, 5.1) 37
[12:42:39.541]: (0.3, 1.8, 5.1) 37
[12:42:40.441]: (0.2, 1.8, 5.1) 37
[12:42:40.463]: (0.2, 1.8, 5.1) 37
[12:42:41.393]: (-0.2, 1.4, 3.7) 31
[12:42:48.206]: (-2.2, 1.4, 2.2) 11
[12:42:49.471]: (-1.6, 1.3, 2.4) 5
[12:42:49.504]: (-1.6, 1.3, 2.5) 5
[12:42:49.524]: (-1.6, 1.3, 2.5) 5
[12:42:49.542]: (-1.6, 1.3, 2.5) 5
[12:42:49.604]: (-1.6, 1.4, 2.5) 5
[12:42:49.670]: (-1.7, 1.5, 2.8) 4
[12:42:49.693]: (-1.7, 1.5, 2.8) 4
[12:42:49.716]: (-1.6, 1.5, 2.8) 4
[12:42:49.759]: (-1.6, 1.5, 2.9) 4
[12:42:49.782]: (-1.6, 1.5, 2.8) 4
[12:42:49.804]: (-1.6, 1.5, 2.9) 4
[12:42:50.146]: (-3.2, 1.9, 3.2) 20
[12:42:50.870]: (1.0, 1.2, 3.4) 33
[12:42:50.892]: (1.0, 1.2, 3.4) 33
[12:42:50.930]: (1.0, 1.2, 3.4) 33
[12:42:50.964]: (1.0, 1.2, 3.4) 33
[12:42:51.003]: (1.0, 1.2, 3.4) 33
[12:42:51.627]: (1.0, 1.2, 3.4) 33
[12:42:52.025]: (1.0, 1.2, 3.4) 33
[12:42:52.042]: (1.0, 1.1, 3.4) 33
[12:42:52.059]: (1.0, 1.1, 3.4) 33
[12:42:52.104]: (1.0, 1.2, 3.4) 33
[12:42:52.170]: (1.0, 1.2, 3.4) 33
[12:42:52.186]: (1.0, 1.2, 3.4) 33
[12:42:52.217]: (1.0, 1.1, 3.4) 33
[12:42:52.233]: (1.0, 1.1, 3.4) 33
[12:42:52.249]: (1.0, 1.1, 3.4) 33
[12:42:52.269]: (1.0, 1.2, 3.4) 33
[12:42:52.292]: (1.0, 1.2, 3.4) 33
[12:42:52.314]: (1.0, 1.2, 3.4) 33
[12:42:52.337]: (1.0, 1.2, 3.4) 33
[12:42:52.359]: (1.0, 1.2, 3.4) 33
[12:42:52.380]: (1.0, 1.2, 3.4) 33
[12:42:52.403]: (1.0, 1.2, 3.4) 33
[12:42:52.425]: (1.0, 1.2, 3.4) 33
[12:42:52.448]: (1.0, 1.2, 3.4) 33
[12:42:52.470]: (1.0, 1.2, 3.4) 33
[12:42:52.491]: (1.0, 1.2, 3.4) 33
[12:42:52.513]: (1.0, 1.2, 3.4) 33
[12:42:52.537]: (1.0, 1.2, 3.4) 33
[12:42:52.558]: (1.0, 1.2, 3.4) 33
[12:42:52.580]: (1.0, 1.2, 3.4) 33
[12:42:52.603]: (1.0, 1.2, 3.4) 33
[12:42:52.625]: (1.0, 1.2, 3.4) 33
[12:42:52.647]: (1.0, 1.2, 3.4) 33
[12:42:52.669]: (1.0, 1.2, 3.4) 33
[12:42:52.692]: (1.0, 1.2, 3.4) 33
[12:42:52.709]: (1.0, 1.2, 3.4) 33
[12:42:52.726]: (1.0, 1.2, 3.4) 33
[12:42:52.906]: (1.0, 1.2, 3.4) 33
[12:42:53.192]: (1.0, 1.2, 3.4) 33
[12:42:53.214]: (1.0, 1.2, 3.4) 33
[12:42:53.414]: (1.0, 1.2, 3.4) 33
[12:42:53.436]: (1.0, 1.2, 3.4) 33
[12:42:53.458]: (1.0, 1.2, 3.4) 33
[12:42:53.479]: (1.0, 1.2, 3.4) 33
[12:42:53.502]: (1.0, 1.2, 3.4) 33
[12:42:53.526]: (1.0, 1.2, 3.4) 33
[12:42:53.547]: (1.0, 1.2, 3.4) 33
[12:42:53.568]: (1.0, 1.2, 3.4) 33
[12:42:53.586]: (1.0, 1.2, 3.4) 33
[12:42:53.605]: (1.0, 1.2, 3.4) 33
[12:42:53.654]: (1.0, 1.2, 3.4) 33
[12:42:53.671]: (1.0, 1.2, 3.4) 33
[12:42:54.182]: (1.0, 1.2, 3.4) 33
[12:42:54.202]: (1.1, 1.2, 3.4) 33
[12:42:54.224]: (1.1, 1.2, 3.4) 33
[12:42:54.247]: (1.0, 1.2, 3.4) 33
[12:42:54.268]: (1.0, 1.2, 3.4) 33
[12:42:54.380]: (1.1, 1.2, 3.4) 33
[12:42:54.402]: (1.0, 1.2, 3.4) 33
[12:42:54.424]: (1.0, 1.2, 3.4) 33
[12:42:54.447]: (1.0, 1.2, 3.4) 33
[12:42:54.469]: (1.0, 1.2, 3.4) 33
[12:42:54.491]: (1.0, 1.2, 3.4) 33
[12:42:54.508]: (1.0, 1.2, 3.4) 33
[12:42:54.525]: (1.0, 1.2, 3.4) 33
[12:42:54.542]: (1.0, 1.2, 3.4) 33
[12:42:54.559]: (1.0, 1.2, 3.4) 33
[12:42:54.576]: (1.0, 1.2, 3.4) 33
[12:42:54.593]: (1.0, 1.2, 3.4) 33
[12:42:54.610]: (1.4, 1.2, 3.7) 35
[12:42:54.629]: (1.4, 1.2, 3.7) 35
[12:42:54.646]: (1.4, 1.2, 3.7) 35
[12:42:54.670]: (1.4, 1.2, 3.7) 35
[12:42:54.689]: (1.4, 1.2, 3.7) 35
[12:42:54.706]: (1.4, 1.2, 3.7) 35
[12:42:54.723]: (1.4, 1.2, 3.7) 35
[12:42:54.739]: (1.4, 1.2, 3.7) 35
[12:42:54.757]: (1.4, 1.2, 3.7) 35
[12:42:54.780]: (1.4, 1.2, 3.7) 35
