[12:43:27.724]: (-4.9, -3.4, 0.1) 29
[12:43:27.789]: (-4.9, -3.3, 0.0) 29
[12:43:27.857]: (-4.9, -3.3, 0.0) 29
[12:43:27.880]: (-5.0, -3.3, 0.0) 29
[12:43:27.899]: (-4.9, -3.3, 0.0) 29
[12:43:28.017]: (-4.9, -3.4, 0.0) 29
[12:43:28.037]: (-4.9, -3.3, 0.0) 29
[12:43:28.059]: (-4.9, -3.3, 0.0) 29
[12:43:28.104]: (-4.9, -3.3, 0.0) 29
[12:43:28.554]: (-5.5, -2.8, 1.2) 28
[12:43:28.864]: (-5.5, -0.9, 1.9) 15
[12:43:29.799]: (0.5, 3.0, 5.3) 29
[12:43:29.815]: (0.5, 3.0, 5.4) 29
[12:43:29.989]: (0.6, 2.7, 5.5) 29
[12:43:30.311]: (-0.2, 1.6, 3.9) 4
[12:43:30.356]: (-0.1, 1.5, 3.9) 4
[12:43:30.377]: (-0.1, 1.5, 3.9) 4
[12:43:30.421]: (-0.6, 1.5, 4.0) 3
[12:43:30.825]: (-0.6, 1.6, 3.9) 3
[12:43:30.848]: (-1.4, 1.9, 5.4) 12
[12:43:31.795]: (-1.6, 1.7, 4.4) 49
[12:43:32.021]: (-1.7, 1.7, 4.4) 49
[12:43:32.220]: (0.8, 2.2, 6.6) 31
[12:43:32.286]: (2.7, 1.5, 4.5) 21
[12:43:32.427]: (2.9, 1.7, 5.3) 25
[12:43:32.460]: (2.5, 1.5, 4.5) 20
[12:43:32.523]: (2.9, 1.7, 5.3) 25
[12:43:32.556]: (3.0, 1.7, 5.3) 25
[12:43:32.572]: (2.9, 1.7, 5.3) 25
[12:43:32.757]: (2.3, 1.3, 3.4) 22
[12:43:32.776]: (2.2, 1.3, 3.4) 22
[12:43:32.798]: (2.2, 1.3, 3.4) 22
[12:43:32.821]: (2.2, 1.3, 3.4) 22
[12:43:32.842]: (2.2, 1.3, 3.4) 22
[12:43:32.865]: (2.2, 1.3, 3.4) 22
[12:43:32.887]: (2.2, 1.3, 3.4) 22
[12:43:32.908]: (2.2, 1.3, 3.4) 22
[12:43:32.976]: (2.2, 1.4, 3.5) 22
[12:43:32.998]: (2.2, 1.3, 3.4) 22
[12:43:33.020]: (2.2, 1.4, 3.4) 22
[12:43:33.175]: (3.9, 2.0, 6.6) 43
[12:43:33.199]: (3.9, 2.0, 6.6) 43
[12:43:33.220]: (3.9, 2.0, 6.6) 43
[12:43:33.236]: (3.9, 2.0, 6.6) 43
[12:43:33.253]: (3.9, 2.0, 6.6) 43
[12:43:33.269]: (3.9, 2.0, 6.6) 43
[12:43:33.285]: (3.8, 2.0, 6.6) 43
[12:43:33.301]: (3.8, 2.0, 6.6) 43
[12:43:33.653]: (2.6, 1.8, 5.6) 27
[12:43:33.675]: (2.6, 1.8, 5.6) 27
[12:43:33.699]: (2.6, 1.8, 5.6) 27
[12:43:33.721]: (2.6, 1.8, 5.6) 27
[12:43:33.741]: (2.6, 1.8, 5.6) 27
[12:43:33.765]: (2.6, 1.8, 5.6) 27
[12:43:33.786]: (2.6, 1.8, 5.6) 27
[12:43:33.809]: (2.7, 1.9, 5.6) 27
[12:43:33.921]: (2.7, 1.9, 5.6) 27
[12:43:33.941]: (2.6, 1.9, 5.6) 27
[12:43:34.264]: (-0.7, 1.9, 5.1) 17
[12:43:34.552]: (-2.2, 1.6, 4.0) 50
[12:43:34.708]: (-2.1, 1.6, 4.0) 50
[12:43:34.842]: (-2.1, 1.6, 4.1) 50
[12:43:34.885]: (-2.0, 1.5, 3.2) 5
[12:43:34.961]: (-2.0, 1.5, 3.2) 5
[12:43:34.977]: (-2.0, 1.5, 3.2) 5
[12:43:34.996]: (-2.0, 1.5, 3.2) 5
[12:43:35.012]: (-2.0, 1.5, 3.2) 5
[12:43:35.105]: (-2.0, 1.5, 3.2) 5
[12:43:35.321]: (-1.7, 1.7, 4.4) 49
[12:43:35.339]: (-1.5, 1.9, 5.4) 12
[12:43:35.356]: (-1.5, 2.0, 5.4) 12
[12:43:35.374]: (-1.4, 2.0, 5.4) 12
[12:43:35.419]: (-1.4, 1.9, 5.5) 12
[12:43:35.441]: (-1.5, 2.0, 5.4) 12
[12:43:35.463]: (-1.4, 1.9, 5.4) 12
[12:43:35.509]: (-1.5, 2.0, 5.4) 12
[12:43:35.529]: (-1.4, 1.9, 5.4) 12
[12:43:35.619]: (-1.6, 1.7, 4.4) 49
[12:43:35.880]: (3.7, 1.6, 5.0) 41
[12:43:35.927]: (3.6, 1.6, 5.0) 41
[12:43:35.943]: (3.7, 1.6, 5.0) 41
[12:43:36.009]: (3.4, 1.7, 5.2) 40
[12:43:36.025]: (3.4, 1.7, 5.2) 40
[12:43:36.057]: (2.7, 1.5, 4.5) 21
[12:43:36.076]: (2.6, 1.5, 4.4) 20
[12:43:36.229]: (2.5, 1.7, 5.3) 26
[12:43:36.252]: (2.5, 1.7, 5.3) 26
[12:43:36.275]: (2.4, 1.7, 5.3) 26
[12:43:36.296]: (2.6, 1.8, 5.6) 27
[12:43:36.320]: (2.5, 1.7, 5.3) 26
[12:43:36.340]: (2.5, 1.7, 5.3) 26
[12:43:36.363]: (2.5, 1.7, 5.3) 26
[12:43:36.386]: (2.5, 1.7, 5.3) 26
[12:43:36.429]: (2.5, 1.7, 5.3) 26
[12:43:37.067]: (3.4, 1.6, 5.2) 40
[12:43:37.109]: (3.4, 1.6, 5.2) 40
[12:43:37.242]: (2.7, 1.6, 4.5) 21
[12:43:37.331]: (3.4, 1.6, 5.2) 40
[12:43:38.535]: (-0.7, 1.6, 3.9) 3
[12:43:38.597]: (-0.7, 1.6, 4.2) 2
[12:43:38.620]: (-0.7, 1.5, 4.2) 2
[12:43:38.642]: (-0.7, 1.6, 4.2) 2
[12:43:38.664]: (-0.7, 1.6, 4.2) 2
[12:43:38.686]: (-1.2, 1.7, 4.9) 17
[12:43:38.707]: (-2.0, 1.8, 5.2) 12
[12:43:38.753]: (-2.4, 1.8, 5.3) 11
[12:43:38.868]: (-2.3, 1.8, 5.6) 10
[12:43:39.484]: (1.7, 0.5, 3.5) 22
[12:43:39.528]: (1.7, 0.5, 3.5) 22
[12:43:39.573]: (1.6, 0.5, 3.5) 22
[12:43:39.595]: (1.6, 0.5, 3.5) 22
[12:43:39.620]: (1.6, 0.5, 3.5) 22
[12:43:39.855]: (1.9, 0.5, 4.6) 20
[12:43:40.463]: (1.6, 1.2, 5.5) 26
[12:43:40.530]: (1.6, 1.4, 5.4) 26
[12:43:40.564]: (1.6, 1.5, 5.4) 26
[12:43:40.629]: (1.6, 1.5, 5.4) 26
[12:43:41.184]: (1.2, 1.0, 5.5) 26
[12:43:41.250]: (1.1, 1.1, 5.4) 26
[12:43:41.272]: (1.2, 1.1, 5.4) 26
[12:43:41.294]: (1.2, 1.1, 5.4) 26
[12:43:41.494]: (1.1, 1.1, 5.5) 26
[12:43:41.629]: (1.1, 1.1, 5.5) 26
[12:43:41.650]: (1.1, 1.1, 5.5) 26
[12:43:41.672]: (1.1, 1.1, 5.5) 26
[12:43:41.694]: (1.1, 1.1, 5.5) 26
[12:43:41.716]: (1.1, 1.1, 5.5) 26
[12:43:41.739]: (1.1, 1.1, 5.5) 26
[12:43:41.763]: (1.1, 1.1, 5.5) 26
[12:43:41.785]: (1.1, 1.1, 5.4) 26
[12:43:41.808]: (1.1, 1.1, 5.4) 26
[12:43:41.831]: (1.1, 1.1, 5.4) 26
[12:43:41.853]: (1.1, 1.1, 5.4) 26
[12:43:41.876]: (1.1, 1.1, 5.4) 26
[12:43:41.900]: (1.2, 1.1, 5.4) 26
[12:43:41.990]: (1.1, 1.1, 5.4) 26
[12:43:42.009]: (1.2, 1.1, 5.4) 26
[12:43:42.322]: (1.2, 1.1, 5.4) 26
[12:43:42.342]: (1.2, 1.1, 5.4) 26
[12:43:42.359]: (1.2, 1.1, 5.4) 26
[12:43:42.375]: (1.1, 1.1, 5.4) 26
[12:43:42.392]: (1.2, 1.1, 5.4) 26
[12:43:42.408]: (1.1, 1.1, 5.4) 26
[12:43:42.425]: (1.1, 1.1, 5.4) 26
[12:43:42.442]: (1.2, 1.1, 5.4) 26
[12:43:42.458]: (1.2, 1.1, 5.4) 26
[12:43:42.476]: (1.2, 1.1, 5.4) 26
[12:43:42.493]: (1.2, 1.1, 5.4) 26
[12:43:42.524]: (1.2, 1.1, 5.5) 26
[12:43:42.541]: (1.2, 1.1, 5.4) 26
[12:43:42.560]: (1.2, 1.1, 5.4) 26
[12:43:42.576]: (1.2, 1.1, 5.4) 26
[12:43:42.672]: (1.5, 1.1, 5.6) 25
[12:43:42.771]: (1.5, 1.1, 5.6) 25
[12:43:43.149]: (1.3, 1.2, 5.8) 27
[12:43:43.237]: (1.2, 1.1, 5.4) 26
[12:43:43.254]: (1.2, 1.1, 5.4) 26
[12:43:43.272]: (1.2, 1.1, 5.4) 26
[12:43:43.288]: (1.2, 1.1, 5.4) 26
[12:43:43.304]: (1.2, 1.1, 5.4) 26
[12:43:43.335]: (1.2, 1.1, 5.5) 26
[12:43:43.415]: (1.2, 1.1, 5.4) 26
[12:43:43.431]: (1.3, 1.2, 5.8) 27
[12:43:43.447]: (1.2, 1.2, 5.8) 27
[12:43:43.463]: (1.2, 1.2, 5.8) 27
[12:43:43.480]: (1.3, 1.2, 5.8) 27
[12:43:43.497]: (1.3, 1.2, 5.8) 27
[12:43:43.693]: (1.2, 1.1, 5.4) 26
[12:43:43.738]: (1.2, 1.1, 5.5) 26
[12:43:43.760]: (1.2, 1.1, 5.4) 26
[12:43:44.548]: (1.2, 1.1, 5.5) 26
[12:43:44.616]: (1.2, 1.1, 5.4) 26
[12:43:44.637]: (1.2, 1.1, 5.4) 26
[12:43:44.661]: (1.1, 1.1, 5.4) 26
[12:43:44.681]: (1.1, 1.1, 5.4) 26
[12:43:44.704]: (1.1, 1.1, 5.4) 26
[12:43:44.727]: (1.1, 1.1, 5.4) 26
[12:43:44.749]: (1.2, 1.1, 5.4) 26
[12:43:44.770]: (1.2, 1.1, 5.4) 26
[12:43:44.793]: (1.2, 1.1, 5.4) 26
[12:43:45.250]: (1.2, 1.1, 5.4) 26
[12:43:45.266]: (1.2, 1.1, 5.4) 26
[12:43:45.283]: (1.2, 1.1, 5.4) 26
[12:43:45.301]: (1.2, 1.1, 5.4) 26
[12:43:45.318]: (1.2, 1.1, 5.4) 26
[12:43:45.335]: (1.2, 1.1, 5.4) 26
