[13:28:19.224]: (-3.7, -2.9, 0.0) 0
[13:28:19.267]: (-3.7, -2.8, 0.0) 0
[13:28:19.289]: (-3.7, -2.8, 0.0) 0
[13:28:19.311]: (-3.7, -2.8, 0.0) 0
[13:28:19.556]: (-2.5, -1.0, 0.0) 39
[13:28:19.890]: (-2.6, -0.8, 0.1) 40
[13:28:19.913]: (-2.6, -0.7, 0.1) 40
[13:28:19.937]: (-2.7, -0.7, 0.2) 40
[13:28:19.980]: (-2.7, -0.7, 0.2) 39
[13:28:20.001]: (-2.7, -0.7, 0.3) 39
[13:28:20.023]: (-2.7, -0.6, 0.3) 39
[13:28:20.045]: (-2.8, -0.6, 0.3) 39
[13:28:20.070]: (-2.7, -0.5, 0.4) 41
[13:28:20.094]: (-2.7, -0.5, 0.5) 41
[13:28:20.117]: (-2.8, -0.4, 0.5) 41
[13:28:20.443]: (-2.5, 1.3, 1.9) 41
[13:28:20.471]: (-2.4, 1.4, 2.0) 39
[13:28:20.495]: (-2.3, 1.5, 2.1) 39
[13:28:20.520]: (-2.2, 1.5, 2.1) 39
[13:28:20.791]: (-1.4, 2.1, 2.8) 43
[13:28:20.812]: (-1.3, 2.2, 2.8) 43
[13:28:21.267]: (-1.3, 2.0, 2.5) 40
[13:28:21.287]: (-1.3, 2.0, 2.5) 40
[13:28:21.310]: (-1.3, 2.0, 2.5) 40
[13:28:21.356]: (-1.3, 2.1, 2.5) 40
[13:28:21.378]: (-1.3, 2.1, 2.5) 40
[13:28:21.401]: (-1.3, 2.1, 2.6) 40
[13:28:21.425]: (-1.3, 2.1, 2.6) 39
[13:28:21.465]: (-1.3, 2.1, 2.5) 44
[13:28:21.669]: (-1.3, 1.8, 1.4) 25
[13:28:21.710]: (-1.4, 1.8, 1.3) 27
[13:28:21.730]: (-1.4, 1.8, 1.3) 27
[13:28:21.851]: (-1.0, 1.9, 1.2) 31
[13:28:21.872]: (-1.3, 2.3, 1.9) 34
[13:28:21.893]: (-1.3, 2.3, 1.9) 34
[13:28:21.915]: (-1.3, 2.4, 1.9) 34
[13:28:21.937]: (-1.0, 2.1, 1.4) 24
[13:28:21.958]: (-1.0, 2.1, 1.4) 24
[13:28:21.982]: (-0.9, 2.2, 1.4) 24
[13:28:22.005]: (-0.9, 2.2, 1.4) 24
[13:28:22.026]: (-0.9, 2.2, 1.4) 24
[13:28:22.047]: (-0.9, 2.2, 1.4) 24
[13:28:22.071]: (-1.1, 2.5, 2.1) 32
[13:28:22.093]: (-1.1, 2.5, 2.0) 32
[13:28:22.111]: (-0.8, 2.2, 1.4) 29
[13:28:22.128]: (-0.8, 2.3, 1.4) 29
[13:28:22.232]: (-0.8, 2.3, 1.4) 29
[13:28:22.300]: (-0.8, 2.3, 1.4) 29
[13:28:22.332]: (-0.9, 2.3, 1.4) 29
[13:28:22.368]: (-0.9, 2.3, 1.4) 29
[13:28:22.398]: (-0.9, 2.3, 1.4) 29
[13:28:22.432]: (-0.9, 2.3, 1.4) 29
[13:28:22.467]: (-0.9, 2.3, 1.4) 29
[13:28:22.500]: (-1.7, 3.3, 3.2) 15
[13:28:22.532]: (-1.2, 2.7, 2.0) 35
[13:28:22.567]: (-1.2, 2.7, 2.0) 35
[13:28:22.701]: (-0.8, 2.2, 1.1) 31
[13:28:22.732]: (-0.9, 2.3, 1.2) 27
[13:28:22.799]: (-0.6, 2.4, 1.0) 28
[13:28:22.833]: (-0.6, 2.4, 0.9) 31
[13:28:22.854]: (-0.6, 2.4, 0.9) 31
[13:28:22.881]: (-0.6, 2.5, 0.9) 28
[13:28:22.974]: (-0.8, 3.2, 1.5) 34
[13:28:23.027]: (-0.8, 3.4, 1.4) 35
[13:28:23.148]: (-0.6, 2.8, 0.9) 24
[13:28:23.178]: (-0.6, 2.8, 0.9) 24
[13:28:23.210]: (-0.6, 2.8, 0.9) 24
[13:28:23.297]: (-0.8, 3.4, 1.4) 35
[13:28:23.316]: (-0.8, 3.5, 1.3) 35
[13:28:23.334]: (-0.8, 3.5, 1.3) 35
[13:28:23.350]: (-0.8, 3.5, 1.3) 35
[13:28:23.368]: (-0.8, 3.5, 1.3) 35
[13:28:23.388]: (-0.8, 3.5, 1.3) 35
[13:28:23.409]: (-0.8, 3.5, 1.3) 35
[13:28:23.432]: (-0.8, 3.5, 1.3) 35
[13:28:23.454]: (-0.7, 3.6, 1.4) 37
[13:28:23.520]: (-0.5, 2.9, 0.9) 29
[13:28:23.542]: (-0.5, 2.9, 0.9) 29
[13:28:23.965]: (2.2, 4.0, 2.2) 47
[13:28:23.986]: (2.2, 4.0, 2.2) 47
[13:28:24.008]: (2.2, 4.0, 2.2) 47
[13:28:24.031]: (2.1, 4.0, 2.1) 49
[13:28:24.054]: (2.2, 4.0, 2.2) 47
[13:28:24.076]: (2.2, 4.1, 2.2) 47
[13:28:24.119]: (2.1, 4.0, 2.1) 45
[13:28:24.828]: (0.9, 4.7, 1.8) 49
[13:28:24.898]: (0.9, 4.7, 1.9) 49
[13:28:24.915]: (0.9, 4.6, 1.8) 49
[13:28:24.933]: (0.9, 4.6, 1.8) 49
[13:28:24.950]: (0.9, 4.7, 1.8) 49
[13:28:24.967]: (0.9, 4.6, 1.8) 49
[13:28:24.985]: (0.9, 4.7, 1.8) 49
[13:28:25.264]: (0.9, 4.7, 1.8) 49
[13:28:25.285]: (0.9, 4.6, 1.8) 49
[13:28:25.309]: (0.9, 4.7, 1.8) 49
[13:28:25.331]: (0.9, 4.7, 1.8) 45
[13:28:25.354]: (0.9, 4.7, 1.8) 46
[13:28:25.464]: (1.2, 5.3, 2.6) 56
[13:28:25.487]: (1.2, 5.5, 2.7) 58
[13:28:25.707]: (0.5, 4.4, 2.5) 48
[13:28:25.727]: (0.4, 4.2, 2.7) 47
[13:28:25.769]: (0.5, 4.2, 2.7) 47
[13:28:25.813]: (0.4, 4.2, 2.7) 47
[13:28:25.834]: (0.5, 4.2, 2.6) 47
[13:28:25.897]: (0.5, 4.2, 2.7) 47
[13:28:25.961]: (0.5, 4.3, 2.7) 47
[13:28:25.978]: (0.5, 4.3, 2.7) 47
[13:28:26.052]: (0.5, 4.3, 2.6) 47
[13:28:26.953]: (0.5, 4.2, 2.7) 47
[13:28:27.174]: (0.5, 4.3, 2.7) 47
