[13:34:15.394]: (-2.1, -1.8, 0.0) 42
[13:34:15.412]: (-2.1, -1.8, 0.0) 42
[13:34:15.438]: (-2.1, -1.8, 0.0) 42
[13:34:15.456]: (-2.0, -1.8, 0.0) 42
[13:34:15.479]: (-2.0, -1.9, 0.0) 42
[13:34:15.502]: (-2.0, -1.9, 0.0) 42
[13:34:15.523]: (-2.0, -1.9, 0.0) 42
[13:34:15.546]: (-2.0, -1.9, 0.0) 42
[13:34:15.568]: (-2.0, -1.9, 0.0) 42
[13:34:16.523]: (-1.4, -1.1, 0.2) 24
[13:34:16.546]: (-1.4, -1.1, 0.2) 24
[13:34:16.587]: (-2.1, -2.0, 0.5) 55
[13:34:16.628]: (-1.7, -1.3, 0.4) 19
[13:34:16.650]: (-1.7, -0.9, 0.5) 32
[13:34:16.672]: (-1.8, -1.2, 0.5) 19
[13:34:16.695]: (-1.6, -0.9, 0.4) 30
[13:34:16.721]: (-1.6, -0.8, 0.5) 30
[13:34:16.741]: (-1.6, -0.8, 0.5) 30
[13:34:16.763]: (-1.7, -0.7, 0.6) 30
[13:34:16.786]: (-1.7, -0.6, 0.6) 30
[13:34:16.849]: (-1.9, -0.5, 0.9) 32
[13:34:16.870]: (-1.9, -0.4, 1.0) 32
[13:34:16.891]: (-1.9, -0.4, 1.1) 32
[13:34:16.976]: (-2.7, -0.7, 1.8) 57
[13:34:16.999]: (-2.7, -0.6, 1.9) 57
[13:34:17.021]: (-2.0, -0.1, 1.3) 24
[13:34:17.043]: (-2.0, 0.0, 1.4) 24
[13:34:17.125]: (-1.9, 0.2, 1.5) 32
[13:34:17.168]: (-1.9, 0.3, 1.6) 24
[13:34:17.191]: (-1.9, 0.4, 1.6) 24
[13:34:17.214]: (-1.8, 0.5, 1.7) 24
[13:34:17.236]: (-1.7, 0.6, 1.7) 32
[13:34:17.257]: (-1.7, 0.6, 1.8) 32
[13:34:17.280]: (-1.7, 0.6, 1.8) 32
[13:34:17.302]: (-1.7, 0.7, 1.8) 32
[13:34:17.323]: (-1.6, 0.7, 1.8) 32
[13:34:17.840]: (-0.7, 1.8, 2.8) 6
[13:34:17.861]: (-0.6, 1.8, 2.9) 1
[13:34:17.878]: (-0.9, 2.1, 4.9) 54
[13:34:17.896]: (-0.7, 1.9, 3.1) 3
[13:34:17.915]: (-0.7, 1.9, 3.1) 3
[13:34:17.931]: (-0.7, 1.9, 3.0) 3
[13:34:17.948]: (-0.7, 1.9, 3.1) 3
[13:34:17.965]: (-0.6, 1.9, 3.1) 0
[13:34:17.982]: (-0.9, 2.1, 4.9) 54
[13:34:17.998]: (-0.9, 2.1, 4.8) 53
[13:34:18.014]: (-0.6, 1.9, 3.1) 0
[13:34:18.047]: (-0.9, 2.1, 5.0) 54
[13:34:18.078]: (-0.6, 1.9, 3.1) 0
[13:34:18.097]: (-0.9, 2.1, 4.8) 53
[13:34:18.115]: (-0.6, 1.9, 3.0) 0
[13:34:18.132]: (-0.6, 1.9, 3.0) 0
[13:34:18.150]: (-0.6, 1.9, 3.1) 0
[13:34:18.167]: (-0.6, 1.9, 3.1) 3
[13:34:18.184]: (-0.8, 2.3, 4.8) 52
[13:34:18.231]: (-0.9, 2.3, 4.8) 52
[13:34:18.247]: (-1.1, 2.1, 4.6) 47
[13:34:18.467]: (-1.1, 1.9, 3.1) 42
[13:34:19.113]: (0.6, 2.9, 2.3) 1
[13:34:19.130]: (0.6, 2.8, 2.3) 6
[13:34:19.147]: (0.6, 2.8, 2.3) 6
[13:34:19.165]: (0.6, 2.9, 2.4) 5
[13:34:19.183]: (0.6, 2.8, 2.3) 6
[13:34:19.200]: (0.6, 2.9, 2.4) 5
[13:34:19.218]: (0.6, 2.9, 2.4) 5
[13:34:19.235]: (0.6, 2.9, 2.4) 5
[13:34:19.252]: (0.6, 2.8, 2.3) 6
[13:34:19.270]: (0.6, 2.9, 2.4) 5
[13:34:19.288]: (0.6, 2.8, 2.3) 6
[13:34:19.311]: (0.6, 2.9, 2.4) 5
[13:34:19.333]: (0.6, 2.9, 2.4) 5
[13:34:19.555]: (0.6, 2.8, 2.3) 6
[13:34:19.578]: (0.6, 2.8, 2.3) 6
[13:34:19.603]: (0.6, 2.8, 2.3) 6
[13:34:19.624]: (0.6, 2.8, 2.3) 6
[13:34:19.937]: (0.7, 3.0, 2.0) 6
[13:34:19.961]: (0.7, 3.1, 2.0) 6
[13:34:19.984]: (0.7, 3.1, 2.0) 6
[13:34:20.005]: (0.7, 3.1, 2.0) 6
[13:34:20.028]: (0.7, 3.1, 1.9) 6
[13:34:20.051]: (0.8, 3.1, 1.9) 6
[13:34:20.073]: (0.8, 3.2, 2.0) 1
[13:34:20.097]: (0.7, 3.1, 1.9) 6
[13:34:20.119]: (0.7, 3.1, 1.9) 6
[13:34:20.140]: (0.7, 3.2, 2.0) 5
[13:34:20.163]: (0.7, 3.2, 2.0) 5
[13:34:20.244]: (0.7, 3.2, 2.0) 5
[13:34:20.266]: (0.7, 3.1, 1.9) 6
[13:34:20.289]: (0.7, 3.1, 1.9) 6
[13:34:20.311]: (0.7, 3.1, 1.9) 6
[13:34:20.332]: (0.7, 3.1, 1.9) 6
[13:34:20.354]: (0.7, 3.1, 1.9) 6
[13:34:20.375]: (0.7, 3.2, 1.9) 6
[13:34:20.399]: (0.7, 3.2, 2.0) 5
[13:34:20.421]: (0.7, 3.3, 2.0) 5
[13:34:20.444]: (0.7, 3.3, 2.0) 5
[13:34:20.544]: (0.7, 3.3, 2.0) 5
[13:34:20.610]: (0.7, 3.3, 2.0) 5
[13:34:20.645]: (0.7, 3.3, 2.0) 5
[13:34:20.679]: (0.7, 3.2, 2.0) 5
[13:34:21.044]: (0.8, 3.0, 1.9) 6
[13:34:21.077]: (0.8, 3.1, 2.0) 1
[13:34:21.122]: (0.8, 3.1, 1.9) 4
[13:34:21.144]: (0.8, 3.1, 1.9) 4
[13:34:21.188]: (1.3, 4.2, 3.3) 44
[13:34:21.211]: (1.3, 4.2, 3.3) 44
[13:34:21.232]: (1.4, 4.2, 3.3) 44
[13:34:21.254]: (1.3, 4.1, 3.4) 44
[13:34:21.278]: (1.4, 4.1, 3.4) 44
[13:34:21.299]: (1.4, 4.2, 3.6) 50
[13:34:21.322]: (0.8, 2.9, 2.1) 4
[13:34:21.345]: (0.7, 2.6, 2.2) 6
[13:34:21.810]: (0.8, 2.7, 2.0) 6
[13:34:21.902]: (0.8, 2.7, 2.0) 6
[13:34:21.925]: (0.8, 2.8, 2.0) 1
[13:34:22.124]: (0.9, 2.8, 2.0) 4
[13:34:22.146]: (0.9, 2.8, 2.0) 4
[13:34:22.169]: (0.9, 2.8, 2.0) 4
[13:34:22.236]: (1.6, 3.7, 3.3) 49
[13:34:22.280]: (1.6, 3.7, 3.3) 49
[13:34:22.360]: (0.9, 2.7, 2.0) 4
[13:34:22.377]: (0.9, 2.7, 2.0) 4
[13:34:22.395]: (0.9, 2.7, 2.0) 4
[13:34:22.413]: (0.9, 2.8, 2.0) 4
[13:34:22.614]: (0.9, 2.8, 2.1) 4
[13:34:22.631]: (0.9, 2.7, 2.0) 4
[13:34:22.648]: (0.9, 2.7, 2.0) 4
[13:34:22.664]: (0.9, 2.7, 2.0) 4
[13:34:22.681]: (0.9, 2.7, 2.0) 4
[13:34:22.699]: (0.9, 2.7, 2.0) 4
[13:34:22.716]: (0.9, 2.7, 2.0) 4
[13:34:22.997]: (1.5, 3.8, 3.4) 48
[13:34:23.021]: (1.5, 3.8, 3.4) 48
[13:34:23.218]: (0.8, 2.9, 1.9) 4
[13:34:23.240]: (0.8, 2.8, 1.9) 4
[13:34:23.261]: (0.9, 3.0, 2.1) 3
[13:34:23.284]: (0.9, 3.0, 2.1) 3
[13:34:23.307]: (0.9, 3.0, 2.0) 3
[13:34:23.329]: (0.9, 3.0, 2.0) 3
[13:34:23.349]: (0.8, 3.0, 2.0) 0
[13:34:23.371]: (0.8, 3.0, 2.0) 0
[13:34:23.394]: (0.8, 3.0, 2.0) 0
[13:34:23.415]: (0.8, 3.0, 2.0) 3
[13:34:23.437]: (0.8, 3.0, 2.0) 3
[13:34:23.459]: (0.8, 3.0, 2.0) 3
[13:34:23.481]: (0.7, 3.0, 2.0) 3
[13:34:23.504]: (0.7, 3.0, 2.0) 3
[13:34:23.527]: (0.7, 3.0, 2.0) 3
[13:34:23.550]: (0.7, 3.0, 2.0) 3
[13:34:23.571]: (0.7, 3.0, 2.0) 3
[13:34:23.593]: (0.7, 3.0, 2.0) 3
[13:34:23.840]: (0.0, 3.4, 2.3) 35
[13:34:23.863]: (0.0, 3.2, 2.1) 39
[13:34:23.886]: (0.0, 3.2, 2.1) 39
[13:34:23.920]: (0.0, 3.3, 2.1) 34
[13:34:23.955]: (0.0, 3.4, 2.3) 35
[13:34:23.989]: (0.0, 3.2, 2.0) 39
[13:34:24.020]: (0.0, 3.2, 2.0) 39
[13:34:24.053]: (0.0, 3.3, 2.0) 39
[13:34:24.087]: (0.0, 3.3, 2.1) 34
[13:34:24.120]: (0.0, 3.3, 2.0) 39
[13:34:24.154]: (0.1, 3.4, 2.2) 35
[13:34:24.520]: (0.1, 3.4, 2.2) 35
[13:34:24.553]: (0.1, 3.4, 2.2) 35
[13:34:24.908]: (0.1, 3.4, 2.2) 35
[13:34:24.997]: (0.2, 3.4, 2.1) 36
[13:34:25.019]: (0.1, 3.4, 2.2) 35
[13:34:25.086]: (0.1, 3.4, 2.2) 40
[13:34:25.108]: (0.1, 3.4, 2.2) 40
[13:34:25.130]: (0.1, 3.4, 2.2) 40
[13:34:25.287]: (0.1, 3.4, 2.2) 40
[13:34:25.310]: (0.1, 3.4, 2.2) 40
[13:34:25.333]: (0.1, 3.3, 2.2) 40
[13:34:25.355]: (0.1, 3.3, 2.2) 40
[13:34:25.380]: (0.1, 3.4, 2.2) 40
[13:34:25.402]: (0.1, 3.4, 2.2) 40
[13:34:25.425]: (0.2, 3.4, 2.2) 40
[13:34:25.623]: (0.2, 3.4, 2.1) 40
[13:34:25.645]: (0.1, 3.4, 2.1) 40
[13:34:25.691]: (0.2, 3.5, 2.1) 40
[13:34:25.828]: (0.1, 3.4, 2.0) 42
[13:34:25.848]: (0.1, 3.4, 2.0) 42
[13:34:25.870]: (0.1, 3.3, 2.1) 42
[13:34:25.932]: (0.0, 3.3, 2.1) 42
[13:34:25.996]: (0.0, 3.3, 2.1) 42
[13:34:26.017]: (0.0, 3.3, 2.1) 42
[13:34:26.039]: (0.0, 3.3, 2.1) 42
[13:34:26.059]: (0.0, 3.3, 2.1) 42
[13:34:26.081]: (0.0, 3.3, 2.1) 42
[13:34:26.103]: (0.0, 3.3, 2.1) 42
[13:34:26.125]: (0.0, 3.3, 2.1) 42
[13:34:26.148]: (-0.1, 3.3, 2.1) 42
[13:34:26.230]: (-0.2, 3.3, 2.2) 40
[13:34:26.253]: (-0.2, 3.3, 2.2) 40
[13:34:26.276]: (-0.2, 3.3, 2.2) 40
[13:34:26.297]: (-0.2, 3.3, 2.2) 40
[13:34:26.316]: (-0.2, 3.3, 2.2) 40
[13:34:26.333]: (-0.2, 3.3, 2.2) 40
[13:34:26.349]: (-0.2, 3.3, 2.2) 40
[13:34:26.365]: (-0.3, 3.3, 2.2) 40
[13:34:26.381]: (-0.3, 3.3, 2.2) 40
[13:34:26.400]: (-0.2, 3.3, 2.2) 40
[13:34:26.418]: (-0.3, 3.3, 2.2) 40
[13:34:26.436]: (-0.3, 3.3, 2.2) 40
[13:34:26.508]: (-0.3, 3.3, 2.2) 40
[13:34:26.665]: (-0.3, 3.2, 2.0) 39
[13:34:27.024]: (-0.2, 3.3, 2.2) 40
[13:34:27.043]: (-0.2, 3.3, 2.2) 40
[13:34:27.059]: (-0.2, 3.3, 2.2) 40
[13:34:27.076]: (-0.3, 3.3, 2.2) 40
[13:34:27.094]: (-0.2, 3.3, 2.2) 40
[13:34:27.110]: (-0.2, 3.3, 2.2) 40
[13:34:27.157]: (-0.3, 3.2, 2.0) 39
[13:34:27.176]: (-0.3, 3.2, 2.0) 39
[13:34:27.194]: (-0.3, 3.2, 2.0) 39
[13:34:27.210]: (-0.3, 3.2, 2.0) 39
[13:34:27.228]: (-0.3, 3.2, 2.0) 39
[13:34:27.243]: (-0.3, 3.2, 2.0) 39
[13:34:27.261]: (-0.3, 3.2, 2.0) 39
[13:34:27.277]: (-0.3, 3.2, 2.0) 39
[13:34:27.295]: (-0.3, 3.2, 2.0) 39
[13:34:27.311]: (-0.3, 3.2, 2.0) 39
[13:34:27.328]: (-0.3, 3.2, 2.0) 39
[13:34:27.344]: (-0.3, 3.2, 2.0) 39
[13:34:27.367]: (-0.3, 3.2, 2.0) 39
[13:34:27.387]: (-0.3, 3.2, 2.0) 39
[13:34:27.408]: (-0.3, 3.2, 2.0) 39
[13:34:27.432]: (-0.3, 3.3, 2.2) 40
[13:34:27.454]: (-0.3, 3.3, 2.2) 40
[13:34:27.476]: (-0.3, 3.3, 2.2) 40
[13:34:27.564]: (-0.3, 3.3, 2.2) 40
[13:34:27.588]: (-0.2, 3.3, 2.2) 40
[13:34:27.608]: (-0.2, 3.3, 2.2) 40
[13:34:27.631]: (-0.2, 3.3, 2.2) 40
[13:34:27.652]: (-0.2, 3.4, 2.2) 40
[13:34:27.743]: (-0.2, 3.3, 2.2) 40
[13:34:27.764]: (-0.2, 3.3, 2.2) 40
[13:34:27.783]: (-0.2, 3.3, 2.2) 40
[13:34:27.802]: (-0.2, 3.3, 2.2) 40
[13:34:27.820]: (-0.2, 3.3, 2.2) 40
[13:34:27.840]: (-0.2, 3.3, 2.2) 40
[13:34:27.858]: (-0.2, 3.4, 2.2) 40
[13:34:28.119]: (-0.3, 3.3, 2.2) 40
[13:34:28.138]: (-0.3, 3.2, 2.0) 39
[13:34:28.154]: (-0.3, 3.2, 2.0) 39
[13:34:28.173]: (-0.3, 3.2, 2.0) 39
[13:34:28.190]: (-0.3, 3.2, 2.0) 39
[13:34:28.210]: (-0.3, 3.2, 2.0) 39
[13:34:28.228]: (-0.3, 3.2, 2.0) 39
[13:34:28.245]: (-0.3, 3.2, 2.0) 39
[13:34:28.264]: (-0.3, 3.2, 2.0) 39
[13:34:28.287]: (-0.3, 3.2, 2.0) 39
[13:34:28.308]: (-0.3, 3.2, 2.0) 39
[13:34:28.332]: (-0.3, 3.2, 2.0) 39
[13:34:28.352]: (-0.3, 3.2, 2.0) 39
[13:34:28.376]: (-0.3, 3.2, 2.0) 39
[13:34:28.398]: (-0.3, 3.2, 2.0) 39
[13:34:28.419]: (-0.3, 3.2, 2.0) 39
[13:34:28.442]: (-0.3, 3.2, 2.0) 39
[13:34:28.464]: (-0.3, 3.2, 2.0) 39
[13:34:28.488]: (-0.3, 3.4, 2.2) 40
[13:34:28.510]: (-0.2, 3.4, 2.2) 40
[13:34:28.531]: (-0.2, 3.4, 2.2) 40
[13:34:28.554]: (-0.2, 3.4, 2.2) 40
[13:34:28.574]: (-0.2, 3.4, 2.2) 40
[13:34:28.600]: (-0.2, 3.4, 2.2) 40
[13:34:28.620]: (-0.2, 3.3, 2.2) 40
[13:34:28.641]: (-0.2, 3.4, 2.2) 40
[13:34:28.662]: (-0.2, 3.4, 2.2) 40
[13:34:28.680]: (-0.2, 3.3, 2.2) 40
[13:34:28.700]: (-0.2, 3.3, 2.2) 40
[13:34:28.716]: (-0.2, 3.3, 2.2) 40
[13:34:28.733]: (-0.2, 3.3, 2.2) 40
[13:34:28.749]: (-0.2, 3.3, 2.2) 40
[13:34:28.766]: (-0.2, 3.3, 2.2) 40
[13:34:28.783]: (-0.2, 3.4, 2.2) 35
[13:34:28.800]: (-0.2, 3.4, 2.2) 35
[13:34:28.874]: (-0.2, 3.4, 2.2) 40
[13:34:28.891]: (-0.2, 3.4, 2.2) 40
[13:34:28.908]: (-0.2, 3.4, 2.2) 40
[13:34:28.925]: (-0.2, 3.3, 2.2) 40
[13:34:28.942]: (-0.2, 3.4, 2.2) 40
[13:34:28.960]: (-0.2, 3.3, 2.2) 40
[13:34:28.976]: (-0.2, 3.3, 2.2) 40
[13:34:28.994]: (-0.2, 3.4, 2.2) 40
[13:34:29.012]: (-0.2, 3.4, 2.2) 40
[13:34:29.029]: (-0.2, 3.3, 2.2) 40
[13:34:29.196]: (-0.2, 3.3, 2.2) 40
[13:34:29.552]: (-0.2, 3.3, 2.2) 40
[13:34:29.574]: (-0.2, 3.3, 2.2) 40
[13:34:29.627]: (-0.2, 3.3, 2.2) 40
[13:34:29.643]: (-0.2, 3.3, 2.2) 40
[13:34:29.661]: (-0.2, 3.3, 2.2) 40
[13:34:29.678]: (-0.2, 3.3, 2.2) 40
[13:34:29.695]: (-0.2, 3.3, 2.2) 40
[13:34:29.712]: (-0.2, 3.3, 2.2) 40
[13:34:29.728]: (-0.2, 3.3, 2.2) 40
[13:34:29.745]: (-0.2, 3.3, 2.2) 40
[13:34:29.762]: (-0.2, 3.3, 2.2) 40
[13:34:29.778]: (-0.2, 3.3, 2.2) 40
[13:34:29.795]: (-0.2, 3.3, 2.2) 40
[13:34:29.811]: (-0.2, 3.4, 2.2) 40
[13:34:30.010]: (-0.2, 3.4, 2.2) 40
[13:34:30.028]: (-0.2, 3.4, 2.2) 40
[13:34:30.051]: (-0.2, 3.4, 2.2) 40
[13:34:30.073]: (-0.2, 3.4, 2.2) 40
[13:34:30.096]: (-0.2, 3.4, 2.2) 40
[13:34:30.119]: (-0.3, 3.2, 2.0) 39
[13:34:30.140]: (-0.3, 3.2, 2.0) 39
[13:34:30.162]: (-0.3, 3.2, 2.0) 39
[13:34:30.185]: (-0.3, 3.2, 2.0) 39
[13:34:30.206]: (-0.3, 3.2, 2.0) 39
[13:34:30.229]: (-0.3, 3.2, 2.0) 39
[13:34:30.251]: (-0.3, 3.2, 2.0) 39
[13:34:30.273]: (-0.3, 3.2, 2.0) 39
[13:34:30.295]: (-0.3, 3.2, 2.0) 39
[13:34:30.318]: (-0.3, 3.2, 2.0) 39
[13:34:30.362]: (-0.4, 3.2, 2.0) 39
[13:34:30.451]: (-0.3, 3.3, 2.0) 37
[13:34:30.473]: (-0.3, 3.2, 2.0) 39
[13:34:30.490]: (-0.3, 3.2, 2.0) 39
[13:34:30.508]: (-0.3, 3.4, 2.2) 35
[13:34:30.524]: (-0.3, 3.4, 2.1) 35
[13:34:30.542]: (-0.2, 3.4, 2.2) 35
[13:34:30.559]: (-0.3, 3.4, 2.2) 35
[13:34:30.620]: (-0.2, 3.4, 2.2) 35
[13:34:30.638]: (-0.2, 3.4, 2.2) 40
[13:34:30.654]: (-0.3, 3.2, 2.0) 39
[13:34:30.671]: (-0.3, 3.4, 2.2) 35
[13:34:30.688]: (-0.3, 3.2, 2.0) 39
[13:34:30.706]: (-0.3, 3.2, 2.0) 39
[13:34:30.722]: (-0.3, 3.2, 2.0) 39
[13:34:30.739]: (-0.3, 3.2, 2.0) 39
[13:34:30.756]: (-0.3, 3.2, 2.0) 39
[13:34:30.772]: (-0.3, 3.2, 2.0) 39
[13:34:30.788]: (-0.3, 3.4, 2.2) 35
[13:34:30.806]: (-0.3, 3.4, 2.2) 35
[13:34:30.823]: (-0.2, 3.4, 2.2) 40
[13:34:31.084]: (0.0, 3.3, 2.0) 42
[13:34:31.106]: (0.0, 3.3, 2.1) 42
[13:34:31.351]: (-0.2, 3.3, 2.2) 40
[13:34:31.374]: (-0.2, 3.3, 2.2) 40
[13:34:31.392]: (-0.2, 3.3, 2.2) 40
[13:34:31.409]: (-0.2, 3.3, 2.2) 40
[13:34:31.426]: (-0.2, 3.3, 2.2) 40
[13:34:31.443]: (-0.2, 3.3, 2.2) 40
[13:34:31.460]: (-0.2, 3.3, 2.2) 40
[13:34:31.478]: (-0.2, 3.3, 2.2) 40
[13:34:31.495]: (-0.2, 3.3, 2.2) 40
[13:34:31.511]: (-0.2, 3.3, 2.2) 40
[13:34:31.527]: (-0.2, 3.3, 2.2) 40
[13:34:31.542]: (-0.2, 3.3, 2.2) 40
[13:34:31.573]: (-0.2, 3.3, 2.2) 40
[13:34:31.604]: (-0.2, 3.3, 2.2) 40
[13:34:31.620]: (-0.2, 3.3, 2.2) 40
[13:34:31.636]: (-0.2, 3.3, 2.2) 40
[13:34:31.653]: (-0.2, 3.3, 2.2) 40
[13:34:31.670]: (-0.2, 3.3, 2.2) 40
[13:34:31.688]: (-0.2, 3.3, 2.2) 40
[13:34:31.705]: (-0.2, 3.3, 2.2) 40
[13:34:31.722]: (-0.2, 3.3, 2.2) 40
[13:34:31.940]: (-0.2, 3.3, 2.2) 40
[13:34:31.961]: (-0.2, 3.3, 2.2) 40
[13:34:31.983]: (-0.2, 3.3, 2.2) 40
[13:34:32.006]: (-0.2, 3.3, 2.2) 40
[13:34:32.027]: (-0.2, 3.3, 2.2) 40
[13:34:32.051]: (-0.2, 3.3, 2.2) 40
[13:34:32.073]: (-0.2, 3.3, 2.2) 40
[13:34:32.094]: (-0.2, 3.3, 2.2) 40
[13:34:32.117]: (-0.2, 3.3, 2.2) 40
[13:34:32.140]: (-0.2, 3.3, 2.2) 40
[13:34:32.161]: (-0.2, 3.3, 2.2) 40
[13:34:32.185]: (-0.2, 3.3, 2.2) 40
[13:34:32.206]: (-0.2, 3.3, 2.2) 40
[13:34:32.228]: (-0.3, 3.2, 2.0) 39
[13:34:32.250]: (-0.3, 3.2, 2.0) 39
[13:34:32.273]: (-0.3, 3.2, 2.0) 39
[13:34:32.290]: (-0.3, 3.2, 2.0) 39
[13:34:32.308]: (-0.3, 3.2, 2.0) 39
[13:34:32.325]: (-0.3, 3.2, 2.0) 39
[13:34:32.342]: (-0.3, 3.2, 2.0) 39
[13:34:32.360]: (-0.3, 3.2, 2.0) 39
[13:34:32.377]: (-0.3, 3.2, 2.0) 39
[13:34:32.395]: (-0.3, 3.2, 2.0) 39
[13:34:32.411]: (-0.3, 3.2, 2.0) 39
[13:34:32.429]: (-0.3, 3.2, 2.0) 39
[13:34:32.447]: (-0.3, 3.2, 2.0) 39
[13:34:32.462]: (-0.3, 3.2, 2.0) 39
[13:34:32.479]: (-0.3, 3.2, 2.0) 39
[13:34:32.496]: (-0.3, 3.2, 2.0) 39
[13:34:32.514]: (-0.3, 3.2, 2.0) 39
[13:34:32.530]: (-0.3, 3.2, 2.0) 39
[13:34:32.548]: (-0.3, 3.2, 2.0) 39
[13:34:32.564]: (-0.3, 3.2, 2.0) 39
[13:34:32.581]: (-0.3, 3.2, 2.0) 39
[13:34:32.598]: (-0.3, 3.2, 2.0) 39
[13:34:32.616]: (-0.3, 3.2, 2.0) 39
[13:34:33.407]: (-1.2, 2.4, 1.7) 21
[13:34:33.425]: (-1.1, 2.3, 1.6) 30
[13:34:33.442]: (-1.2, 2.4, 1.7) 21
[13:34:33.459]: (-1.2, 2.4, 1.7) 21
[13:34:33.475]: (-1.1, 2.4, 1.7) 22
[13:34:33.494]: (-1.2, 2.4, 1.7) 21
[13:34:33.510]: (-1.2, 2.4, 1.7) 21
[13:34:33.527]: (-1.2, 2.4, 1.7) 21
[13:34:33.559]: (-1.2, 2.4, 1.7) 21
[13:34:33.574]: (-1.1, 2.4, 1.7) 22
[13:34:33.594]: (-1.1, 2.3, 1.6) 30
[13:34:33.616]: (-1.1, 2.3, 1.6) 30
[13:34:33.639]: (-1.1, 2.3, 1.7) 22
[13:34:33.660]: (-1.1, 2.3, 1.7) 22
[13:34:33.684]: (-1.1, 2.4, 1.7) 22
[13:34:33.707]: (-1.1, 2.4, 1.7) 22
[13:34:33.728]: (-1.1, 2.4, 1.7) 22
[13:34:33.749]: (-1.1, 2.3, 1.7) 22
[13:34:34.197]: (0.4, 2.8, 1.8) 6
[13:34:34.230]: (0.4, 2.8, 1.8) 6
[13:34:34.356]: (0.6, 2.9, 1.9) 7
[13:34:34.374]: (0.6, 2.9, 1.9) 7
[13:34:34.391]: (0.6, 2.9, 1.9) 7
[13:34:34.407]: (0.6, 2.9, 1.9) 7
[13:34:34.425]: (0.6, 2.9, 1.9) 7
[13:34:34.441]: (0.6, 2.9, 1.9) 2
[13:34:34.458]: (0.6, 2.9, 1.9) 2
[13:34:34.474]: (0.6, 2.9, 1.9) 7
[13:34:34.495]: (0.6, 2.9, 1.9) 7
[13:34:34.518]: (0.6, 2.9, 1.9) 7
[13:34:34.538]: (0.6, 2.9, 1.9) 7
[13:34:34.560]: (0.6, 2.9, 1.9) 7
[13:34:34.582]: (0.6, 2.9, 1.9) 7
[13:34:34.605]: (0.6, 2.9, 1.9) 7
[13:34:34.628]: (0.6, 2.9, 1.9) 7
[13:34:34.650]: (0.6, 2.9, 1.9) 7
[13:34:34.671]: (0.6, 2.9, 1.9) 7
[13:34:34.693]: (0.6, 2.9, 1.9) 7
[13:34:34.916]: (0.5, 2.8, 1.8) 6
[13:34:34.932]: (0.5, 2.8, 1.8) 6
[13:34:34.949]: (0.5, 2.8, 1.8) 6
[13:34:34.965]: (0.5, 2.8, 1.8) 6
[13:34:34.982]: (0.5, 2.8, 1.8) 6
[13:34:35.101]: (0.4, 2.8, 1.8) 6
[13:34:35.119]: (0.4, 2.8, 1.8) 6
[13:34:35.136]: (0.4, 2.8, 1.7) 6
[13:34:35.152]: (0.4, 2.8, 1.7) 6
[13:34:35.168]: (0.4, 2.8, 1.8) 6
[13:34:35.185]: (0.4, 2.8, 1.8) 6
[13:34:35.204]: (0.4, 2.8, 1.8) 6
[13:34:35.220]: (0.4, 2.8, 1.8) 6
[13:34:35.237]: (0.4, 2.8, 1.8) 6
[13:34:35.253]: (0.4, 2.9, 1.9) 5
[13:34:35.271]: (0.4, 2.9, 1.9) 5
[13:34:35.288]: (0.4, 2.9, 1.9) 5
[13:34:35.307]: (0.4, 2.9, 1.9) 5
[13:34:35.323]: (0.4, 2.9, 1.9) 5
[13:34:35.340]: (0.4, 2.8, 1.8) 6
[13:34:35.360]: (0.4, 2.8, 1.8) 6
[13:34:35.382]: (0.4, 2.8, 1.8) 6
[13:34:35.472]: (0.6, 2.8, 1.7) 8
[13:34:36.582]: (-0.9, 2.4, 1.7) 24
[13:34:36.604]: (-1.1, 2.4, 1.7) 22
[13:34:36.648]: (-1.1, 2.4, 1.6) 22
[13:34:36.671]: (-1.2, 2.4, 1.7) 21
[13:34:36.688]: (-1.2, 2.4, 1.7) 21
[13:34:36.708]: (-1.0, 2.4, 1.7) 22
[13:34:36.725]: (-1.0, 2.4, 1.7) 22
[13:34:36.758]: (-1.0, 2.5, 1.8) 25
[13:34:36.790]: (-1.1, 2.4, 1.7) 22
[13:34:36.825]: (-1.0, 2.5, 1.8) 25
[13:34:36.842]: (-1.0, 2.5, 1.8) 25
[13:34:36.874]: (-1.1, 2.4, 1.7) 22
[13:34:36.906]: (-1.0, 2.4, 1.7) 24
[13:34:36.922]: (-1.0, 2.4, 1.7) 24
[13:34:36.954]: (-1.1, 2.5, 1.8) 25
[13:34:36.972]: (-1.1, 2.4, 1.7) 22
[13:34:36.990]: (-1.1, 2.4, 1.7) 22
[13:34:37.007]: (-1.1, 2.4, 1.7) 22
[13:34:37.025]: (-1.0, 2.4, 1.7) 22
[13:34:37.042]: (-1.1, 2.4, 1.7) 22
[13:34:37.060]: (-1.1, 2.4, 1.7) 22
[13:34:37.076]: (-1.1, 2.4, 1.7) 22
[13:34:37.092]: (-1.1, 2.4, 1.7) 22
[13:34:37.109]: (-1.1, 2.4, 1.7) 22
[13:34:37.126]: (-1.1, 2.4, 1.7) 22
[13:34:37.148]: (-1.2, 2.4, 1.7) 21
[13:34:37.170]: (-1.3, 2.5, 1.8) 27
[13:34:37.215]: (-1.3, 2.5, 1.8) 27
[13:34:37.237]: (-1.2, 2.4, 1.7) 21
[13:34:37.281]: (-1.3, 2.4, 1.8) 27
[13:34:37.304]: (-1.3, 2.4, 1.8) 27
[13:34:37.326]: (-1.2, 2.4, 1.7) 21
[13:34:37.482]: (-1.3, 2.5, 1.7) 27
[13:34:37.504]: (-1.3, 2.4, 1.7) 20
[13:34:37.525]: (-1.3, 2.4, 1.6) 26
[13:34:37.548]: (-1.3, 2.5, 1.7) 27
[13:34:37.570]: (-1.3, 2.4, 1.7) 20
[13:34:37.594]: (-1.3, 2.4, 1.6) 20
[13:34:37.611]: (-1.3, 2.4, 1.6) 20
[13:34:37.634]: (-1.3, 2.4, 1.6) 20
[13:34:37.655]: (-1.3, 2.4, 1.6) 20
[13:34:37.678]: (-1.3, 2.5, 1.6) 20
[13:34:37.700]: (-1.1, 2.5, 1.7) 21
[13:34:37.721]: (-1.0, 2.5, 1.6) 29
[13:34:37.743]: (-1.0, 2.5, 1.6) 29
[13:34:37.767]: (-1.0, 2.5, 1.6) 22
[13:34:37.788]: (-1.1, 2.5, 1.7) 21
[13:34:37.812]: (-1.1, 2.6, 1.7) 21
[13:34:37.833]: (-1.1, 2.6, 1.6) 21
[13:34:37.855]: (-1.1, 2.6, 1.6) 21
[13:34:37.876]: (-1.1, 2.6, 1.6) 21
[13:34:37.899]: (-1.1, 2.6, 1.6) 21
[13:34:37.920]: (-1.1, 2.6, 1.6) 21
[13:34:37.943]: (-1.1, 2.6, 1.6) 21
[13:34:37.964]: (-1.1, 2.6, 1.6) 21
[13:34:37.986]: (-0.9, 2.6, 1.5) 29
[13:34:38.008]: (-0.9, 2.6, 1.5) 29
[13:34:38.031]: (-0.9, 2.6, 1.5) 29
[13:34:38.053]: (-0.9, 2.6, 1.5) 29
[13:34:38.076]: (-0.9, 2.6, 1.5) 29
[13:34:38.100]: (-0.9, 2.6, 1.5) 29
[13:34:38.124]: (-0.9, 2.6, 1.5) 29
[13:34:38.145]: (-0.9, 2.6, 1.5) 29
[13:34:38.167]: (-1.0, 2.7, 1.6) 31
[13:34:38.188]: (-0.9, 2.6, 1.5) 29
[13:34:38.212]: (-0.9, 2.6, 1.5) 29
[13:34:38.234]: (-0.9, 2.6, 1.5) 29
[13:34:38.261]: (-0.9, 2.6, 1.5) 29
[13:34:38.292]: (-0.9, 2.6, 1.5) 29
[13:34:38.794]: (-0.9, 2.6, 1.5) 29
[13:34:38.826]: (-1.0, 2.7, 1.7) 19
[13:34:38.859]: (-1.0, 2.7, 1.6) 19
[13:34:38.893]: (-1.0, 2.7, 1.6) 19
[13:34:38.926]: (-1.1, 2.8, 1.6) 19
[13:34:39.026]: (-1.0, 2.6, 1.4) 22
[13:34:39.049]: (-1.0, 2.6, 1.4) 22
[13:34:39.071]: (-1.0, 2.6, 1.4) 29
[13:34:39.092]: (-1.0, 2.6, 1.4) 22
[13:34:39.115]: (-1.0, 2.6, 1.4) 22
[13:34:39.137]: (-1.0, 2.6, 1.4) 29
[13:34:39.159]: (-1.0, 2.6, 1.4) 29
[13:34:39.182]: (-1.0, 2.6, 1.4) 29
[13:34:39.205]: (-1.0, 2.6, 1.4) 29
[13:34:39.227]: (-0.9, 2.6, 1.4) 29
[13:34:39.247]: (-0.9, 2.6, 1.4) 29
[13:34:39.271]: (-0.9, 2.6, 1.5) 29
[13:34:39.293]: (-1.0, 2.7, 1.6) 21
[13:34:39.337]: (-1.0, 2.8, 1.7) 27
[13:34:39.492]: (-0.9, 2.8, 1.7) 27
[13:34:39.516]: (-0.9, 2.8, 1.6) 27
[13:34:39.536]: (-0.9, 2.8, 1.6) 27
[13:34:39.558]: (-0.9, 2.8, 1.6) 27
[13:34:39.581]: (-0.9, 2.8, 1.6) 27
[13:34:39.603]: (-0.9, 2.8, 1.6) 27
[13:34:39.648]: (-0.6, 2.7, 1.6) 24
[13:34:39.671]: (-0.6, 2.8, 1.7) 19
[13:34:39.694]: (-0.6, 2.8, 1.6) 19
[13:34:40.270]: (-1.0, 2.4, 1.6) 29
[13:34:40.312]: (-1.0, 2.6, 1.8) 23
[13:34:40.334]: (-0.9, 2.4, 1.6) 29
[13:34:40.356]: (-0.9, 2.4, 1.6) 29
[13:34:40.378]: (-1.0, 2.5, 1.8) 23
[13:34:40.400]: (-0.9, 2.4, 1.6) 29
[13:34:40.421]: (-0.9, 2.4, 1.6) 29
[13:34:40.442]: (-0.9, 2.4, 1.6) 29
[13:34:40.464]: (-1.0, 2.5, 1.8) 23
[13:34:40.485]: (-0.9, 2.4, 1.6) 29
[13:34:40.507]: (-0.9, 2.4, 1.6) 29
[13:34:40.531]: (-0.9, 2.4, 1.6) 29
[13:34:40.553]: (-0.9, 2.4, 1.6) 29
[13:34:40.574]: (-0.9, 2.4, 1.6) 29
[13:34:40.599]: (-0.9, 2.4, 1.6) 29
[13:34:40.621]: (-0.9, 2.4, 1.6) 29
[13:34:40.644]: (-0.9, 2.4, 1.6) 29
[13:34:40.663]: (-0.9, 2.4, 1.6) 29
[13:34:40.681]: (-0.9, 2.4, 1.6) 29
[13:34:40.697]: (-0.9, 2.4, 1.6) 29
[13:34:40.713]: (-0.9, 2.4, 1.6) 29
[13:34:40.729]: (-0.9, 2.4, 1.6) 29
[13:34:40.746]: (-0.9, 2.4, 1.6) 29
[13:34:40.762]: (-0.9, 2.4, 1.6) 29
[13:34:40.803]: (-0.9, 2.5, 1.8) 19
[13:34:40.824]: (-0.8, 2.5, 1.8) 19
[13:34:40.936]: (-0.8, 2.5, 1.8) 19
[13:34:40.957]: (-0.9, 2.5, 1.8) 19
[13:34:40.979]: (-0.9, 2.5, 1.8) 19
[13:34:41.003]: (-0.9, 2.5, 1.8) 19
[13:34:41.024]: (-0.9, 2.5, 1.8) 19
[13:34:41.046]: (-0.9, 2.5, 1.8) 19
[13:34:41.069]: (-0.9, 2.5, 1.8) 19
[13:34:41.091]: (-0.9, 2.5, 1.8) 19
[13:34:41.114]: (-0.9, 2.5, 1.8) 25
[13:34:41.136]: (-0.9, 2.5, 1.8) 19
[13:34:41.157]: (-0.9, 2.5, 1.8) 19
[13:34:41.181]: (-0.9, 2.5, 1.8) 19
[13:34:41.197]: (-0.9, 2.5, 1.8) 19
[13:34:41.215]: (-0.9, 2.5, 1.8) 19
[13:34:41.232]: (-0.9, 2.5, 1.8) 19
[13:34:41.249]: (-0.9, 2.5, 1.8) 19
[13:34:41.265]: (-0.9, 2.5, 1.8) 19
[13:34:41.295]: (-0.9, 2.5, 1.8) 19
[13:34:41.313]: (-0.9, 2.5, 1.8) 19
[13:34:41.329]: (-0.9, 2.5, 1.8) 19
[13:34:41.345]: (-0.9, 2.5, 1.8) 19
[13:34:41.361]: (-0.9, 2.5, 1.8) 19
[13:34:41.422]: (-0.9, 2.5, 1.8) 19
[13:34:41.440]: (-0.9, 2.5, 1.8) 19
[13:34:41.456]: (-0.9, 2.5, 1.8) 19
[13:34:41.474]: (-0.9, 2.5, 1.8) 19
[13:34:41.492]: (-0.9, 2.5, 1.8) 19
[13:34:41.510]: (-0.9, 2.5, 1.8) 19
[13:34:42.936]: (0.6, 2.8, 1.6) 6
[13:34:42.980]: (0.6, 2.8, 1.5) 6
[13:34:43.001]: (0.6, 2.8, 1.5) 6
[13:34:43.023]: (0.6, 2.7, 1.5) 6
[13:34:43.044]: (0.6, 2.7, 1.5) 6
[13:34:43.064]: (0.6, 2.7, 1.5) 6
[13:34:43.088]: (0.6, 2.7, 1.5) 6
[13:34:43.110]: (0.6, 2.7, 1.6) 6
[13:34:43.132]: (0.6, 2.7, 1.6) 6
[13:34:43.153]: (0.6, 2.8, 1.6) 1
[13:34:43.177]: (0.6, 2.8, 1.6) 1
[13:34:43.200]: (0.6, 2.8, 1.6) 1
[13:34:43.222]: (0.6, 2.8, 1.6) 1
[13:34:43.242]: (0.6, 2.8, 1.6) 1
[13:34:43.266]: (0.6, 2.8, 1.6) 1
[13:34:43.548]: (-0.1, 3.1, 1.9) 39
[13:34:43.640]: (-0.8, 3.2, 2.3) 57
[13:34:43.858]: (-0.8, 3.2, 2.3) 57
[13:34:43.891]: (-0.8, 3.3, 2.3) 57
[13:34:43.926]: (-0.7, 3.2, 2.3) 57
[13:34:43.958]: (-0.7, 3.2, 2.3) 57
[13:34:43.990]: (-0.7, 3.2, 2.3) 57
[13:34:45.582]: (-0.9, 2.3, 1.7) 29
[13:34:45.599]: (-0.9, 2.3, 1.7) 29
[13:34:45.616]: (-0.9, 2.3, 1.7) 29
[13:34:45.633]: (-0.9, 2.3, 1.7) 29
[13:34:45.650]: (-0.9, 2.3, 1.7) 29
[13:34:45.667]: (-0.9, 2.3, 1.7) 29
[13:34:45.685]: (-0.9, 2.3, 1.7) 29
[13:34:45.702]: (-0.9, 2.3, 1.7) 29
[13:34:45.720]: (-0.9, 2.3, 1.7) 29
[13:34:45.738]: (-0.9, 2.3, 1.7) 29
[13:34:45.755]: (-0.8, 2.5, 1.9) 19
[13:34:46.101]: (0.0, 3.0, 2.0) 39
[13:34:46.123]: (0.0, 3.0, 2.0) 39
[13:34:46.145]: (0.0, 3.0, 2.0) 39
[13:34:46.167]: (0.0, 3.0, 2.0) 39
[13:34:46.190]: (0.0, 3.0, 2.0) 39
[13:34:46.212]: (0.0, 3.0, 2.0) 39
[13:34:46.234]: (0.0, 3.0, 2.0) 39
[13:34:46.256]: (0.0, 2.9, 2.0) 39
[13:34:46.278]: (0.0, 3.0, 2.0) 39
[13:34:46.302]: (0.0, 2.9, 2.0) 39
[13:34:46.323]: (0.0, 2.9, 2.0) 39
[13:34:46.345]: (0.0, 2.9, 2.1) 39
[13:34:46.367]: (0.0, 3.1, 2.2) 40
[13:34:46.389]: (0.0, 3.1, 2.2) 40
[13:34:46.411]: (0.2, 3.0, 2.1) 42
[13:34:46.961]: (1.8, 3.3, 2.3) 14
[13:34:47.256]: (1.7, 3.3, 2.3) 14
[13:34:47.279]: (1.7, 3.3, 2.3) 14
[13:34:47.321]: (1.8, 3.3, 2.5) 18
[13:34:47.389]: (1.8, 3.4, 2.5) 17
[13:34:47.410]: (1.8, 3.4, 2.5) 17
[13:34:47.434]: (1.7, 3.4, 2.5) 17
[13:34:47.455]: (1.6, 3.4, 2.6) 11
[13:34:47.477]: (1.5, 3.2, 2.5) 9
[13:34:47.499]: (1.5, 3.2, 2.5) 9
[13:34:47.519]: (1.5, 3.2, 2.5) 9
[13:34:47.541]: (1.5, 3.2, 2.5) 9
[13:34:47.563]: (1.5, 3.2, 2.6) 9
[13:34:47.586]: (1.5, 3.2, 2.6) 9
[13:34:47.608]: (1.5, 3.2, 2.6) 14
[13:34:48.333]: (-0.8, 2.1, 1.9) 22
[13:34:48.355]: (-0.8, 2.1, 1.9) 22
[13:34:48.376]: (-0.8, 2.1, 1.9) 22
[13:34:48.399]: (-0.7, 2.1, 1.9) 24
[13:34:48.418]: (-0.7, 2.0, 1.9) 32
[13:34:48.436]: (-0.6, 2.0, 1.9) 32
[13:34:48.454]: (-0.7, 2.1, 1.9) 32
[13:34:48.471]: (-0.7, 2.1, 1.9) 24
[13:34:48.488]: (-0.7, 2.1, 1.9) 32
[13:34:48.507]: (-0.7, 2.1, 1.9) 32
[13:34:48.524]: (-0.7, 2.0, 1.9) 32
[13:34:48.540]: (-0.7, 2.1, 1.9) 32
[13:34:48.558]: (-0.7, 2.1, 1.9) 32
[13:34:48.576]: (-0.7, 2.1, 1.9) 24
[13:34:48.594]: (-0.7, 2.1, 1.9) 24
[13:34:48.612]: (-0.7, 2.0, 1.9) 24
[13:34:48.629]: (-0.7, 2.0, 1.9) 24
[13:34:48.645]: (-0.7, 2.0, 1.9) 24
[13:34:48.663]: (-0.7, 2.0, 1.9) 24
[13:34:48.679]: (-0.7, 2.1, 1.9) 24
[13:34:48.697]: (-0.7, 2.1, 1.9) 24
[13:34:48.714]: (-0.7, 2.1, 1.9) 24
[13:34:48.732]: (-0.7, 2.1, 1.9) 24
[13:34:48.749]: (-0.7, 2.1, 1.9) 24
[13:34:48.766]: (-0.7, 2.1, 1.9) 24
[13:34:48.783]: (-0.7, 2.1, 1.9) 24
[13:34:48.801]: (-0.7, 2.1, 1.9) 24
[13:34:48.819]: (-0.7, 2.1, 1.9) 32
[13:34:48.836]: (-0.7, 2.1, 1.9) 32
[13:34:48.852]: (-0.7, 2.1, 1.9) 32
[13:34:48.870]: (-0.7, 2.0, 1.9) 32
[13:34:48.887]: (-0.7, 2.0, 1.9) 32
[13:34:48.904]: (-0.7, 2.1, 1.9) 32
[13:34:48.921]: (-0.6, 2.1, 1.9) 32
[13:34:48.944]: (-0.6, 2.1, 1.9) 32
[13:34:48.965]: (-0.6, 2.1, 1.9) 32
[13:34:48.987]: (-0.7, 2.1, 1.9) 32
[13:34:49.010]: (-0.7, 2.1, 1.9) 32
[13:34:49.032]: (-0.7, 2.1, 1.9) 32
[13:34:49.054]: (-0.7, 2.1, 1.9) 32
[13:34:49.076]: (-0.6, 2.1, 1.9) 32
[13:34:49.099]: (-0.6, 2.1, 1.9) 32
[13:34:49.122]: (-0.6, 2.1, 1.9) 32
[13:34:49.142]: (-0.7, 2.1, 1.9) 24
[13:34:49.165]: (-0.7, 2.1, 1.9) 24
[13:34:49.188]: (-0.6, 2.1, 1.9) 32
[13:34:49.210]: (-0.6, 2.1, 1.9) 32
[13:34:49.232]: (-0.6, 2.1, 1.9) 32
[13:34:49.254]: (-0.6, 2.1, 1.9) 32
[13:34:49.276]: (-0.6, 2.1, 1.9) 32
[13:34:49.384]: (-0.7, 2.1, 1.9) 24
[13:34:49.402]: (-0.7, 2.1, 1.9) 24
[13:34:49.419]: (-0.7, 2.1, 1.9) 24
[13:34:49.500]: (-0.7, 2.1, 1.9) 24
[13:34:49.518]: (-0.7, 2.1, 1.9) 24
[13:34:49.534]: (-0.7, 2.1, 1.9) 24
[13:34:49.551]: (-0.7, 2.1, 1.9) 24
[13:34:49.584]: (-0.8, 2.1, 1.8) 22
[13:34:49.601]: (-0.8, 2.1, 1.9) 22
[13:34:49.618]: (-0.8, 2.1, 1.9) 22
[13:34:49.636]: (-0.8, 2.1, 1.9) 22
[13:34:49.653]: (-0.8, 2.1, 1.9) 22
[13:34:49.673]: (-0.8, 2.1, 1.9) 22
[13:34:49.688]: (-0.8, 2.1, 1.9) 22
[13:34:49.704]: (-0.8, 2.1, 1.9) 22
[13:34:49.722]: (-0.8, 2.1, 1.9) 22
[13:34:49.740]: (-0.8, 2.1, 1.9) 22
[13:34:49.757]: (-0.8, 2.1, 1.9) 22
[13:34:49.773]: (-0.8, 2.1, 1.9) 22
[13:34:49.789]: (-0.8, 2.1, 1.9) 22
[13:34:49.807]: (-0.8, 2.1, 1.9) 22
[13:34:49.824]: (-0.8, 2.1, 1.9) 22
[13:34:49.891]: (-0.8, 2.0, 1.8) 30
[13:34:49.911]: (-0.8, 2.1, 1.9) 22
[13:34:49.998]: (-0.8, 2.1, 1.9) 22
[13:34:50.045]: (-0.8, 2.1, 1.9) 22
[13:34:50.320]: (-0.8, 2.1, 1.9) 22
[13:34:50.337]: (-0.8, 2.1, 1.9) 22
[13:34:50.384]: (-0.8, 2.1, 1.9) 22
[13:34:50.401]: (-0.8, 2.1, 1.9) 22
[13:34:50.720]: (-0.8, 2.1, 1.9) 22
[13:34:50.742]: (-0.8, 2.1, 1.9) 22
[13:34:50.765]: (-0.8, 2.1, 1.9) 22
[13:34:50.788]: (-0.8, 2.1, 1.9) 22
[13:34:50.810]: (-0.8, 2.1, 1.9) 22
[13:34:50.833]: (-0.8, 2.1, 1.9) 22
[13:34:50.900]: (-0.8, 2.1, 1.9) 22
[13:34:50.923]: (-0.8, 2.1, 1.9) 22
[13:34:50.944]: (-0.8, 2.1, 1.9) 22
[13:34:50.965]: (-0.8, 2.1, 1.9) 22
[13:34:50.987]: (-0.8, 2.1, 1.9) 22
[13:34:51.012]: (-0.8, 2.1, 1.9) 22
[13:34:51.034]: (-0.8, 2.1, 2.0) 25
[13:34:51.056]: (-0.8, 2.1, 1.9) 22
[13:34:51.753]: (-0.8, 2.1, 1.9) 22
[13:34:51.799]: (-0.8, 2.0, 1.8) 30
[13:34:51.828]: (-0.8, 2.0, 1.8) 30
[13:34:51.846]: (-0.8, 2.0, 1.8) 30
[13:34:51.863]: (-0.8, 2.0, 1.8) 30
[13:34:51.886]: (-0.8, 2.0, 1.8) 30
[13:34:51.915]: (-0.8, 2.0, 1.8) 30
