[13:38:13.001]: (-2.0, -1.7, 0.0) 40
[13:38:13.114]: (-2.1, -1.7, 0.0) 40
[13:38:13.131]: (-2.1, -1.7, 0.0) 40
[13:38:13.148]: (-2.0, -1.7, 0.0) 40
[13:38:13.165]: (-2.1, -1.7, 0.0) 40
[13:38:13.182]: (-2.1, -1.7, 0.0) 40
[13:38:13.199]: (-2.1, -1.7, 0.0) 40
[13:38:13.215]: (-2.1, -1.7, 0.0) 40
[13:38:13.235]: (-2.0, -1.7, 0.0) 40
[13:38:13.252]: (-2.0, -1.7, 0.0) 40
[13:38:13.268]: (-2.0, -1.7, 0.0) 40
[13:38:13.285]: (-2.0, -1.7, 0.0) 40
[13:38:13.330]: (-1.5, -1.7, 0.1) 50
[13:38:13.377]: (-1.5, -1.7, 0.1) 50
[13:38:13.397]: (-1.5, -1.7, 0.1) 50
[13:38:13.416]: (-1.2, -1.0, 0.0) 11
[13:38:13.434]: (-1.2, -1.0, 0.0) 11
[13:38:13.451]: (-1.2, -0.9, 0.0) 11
[13:38:13.467]: (-1.2, -1.0, 0.0) 11
[13:38:13.684]: (-0.9, -0.9, 0.0) 1
[13:38:13.711]: (-0.9, -0.9, 0.0) 1
[13:38:13.740]: (-0.9, -0.9, 0.0) 1
[13:38:13.756]: (-0.9, -0.9, 0.0) 1
[13:38:13.776]: (-0.9, -0.9, 0.0) 1
[13:38:13.795]: (-0.9, -0.9, 0.0) 1
[13:38:13.818]: (-0.9, -0.9, 0.0) 1
[13:38:13.839]: (-0.9, -0.9, 0.0) 1
[13:38:13.863]: (-0.9, -0.9, 0.0) 1
[13:38:13.885]: (-0.9, -0.9, 0.0) 1
[13:38:13.927]: (-0.9, -0.8, 0.0) 20
[13:38:14.070]: (-1.3, -0.8, 0.2) 12
[13:38:14.114]: (-1.6, -0.4, 0.2) 10
[13:38:14.136]: (-1.6, -0.4, 0.2) 10
[13:38:14.160]: (-1.6, -0.3, 0.2) 10
[13:38:14.184]: (-1.7, -0.3, 0.3) 10
[13:38:14.207]: (-1.7, -0.2, 0.3) 10
[13:38:14.268]: (-1.8, -0.1, 0.5) 10
[13:38:14.329]: (-1.9, 0.1, 0.6) 0
[13:38:14.353]: (-1.9, 0.3, 0.6) 10
[13:38:14.375]: (-1.9, 0.3, 0.7) 10
[13:38:14.398]: (-2.0, 0.3, 0.7) 0
[13:38:14.423]: (-1.9, 0.3, 0.7) 20
[13:38:14.445]: (-1.8, 0.4, 0.7) 20
[13:38:14.468]: (-1.9, 0.4, 0.8) 19
[13:38:14.490]: (-2.3, 0.4, 1.0) 7
[13:38:14.515]: (-2.1, 0.5, 0.9) 16
[13:38:14.538]: (-1.9, 0.8, 0.9) 8
[13:38:14.561]: (-1.8, 0.9, 1.0) 8
[13:38:14.585]: (-1.7, 1.0, 1.0) 20
[13:38:14.620]: (-1.8, 1.1, 1.3) 12
[13:38:14.651]: (-1.7, 1.3, 1.3) 12
[13:38:14.684]: (-1.5, 1.5, 1.2) 20
[13:38:14.719]: (-1.7, 1.7, 1.4) 4
[13:38:14.750]: (-1.5, 1.7, 1.3) 8
[13:38:14.786]: (-1.3, 1.7, 1.2) 20
[13:38:14.817]: (-1.3, 1.7, 1.2) 20
[13:38:14.852]: (-1.2, 1.8, 1.3) 20
[13:38:14.884]: (-1.3, 1.9, 1.3) 8
[13:38:14.984]: (-1.8, 2.5, 2.1) 91
[13:38:15.019]: (-1.8, 2.6, 2.1) 91
[13:38:15.050]: (-1.7, 2.6, 2.1) 91
[13:38:15.084]: (-1.7, 2.6, 2.1) 91
[13:38:15.118]: (-1.7, 2.6, 2.1) 91
[13:38:15.418]: (-1.6, 3.2, 3.1) 107
[13:38:15.439]: (-1.7, 3.2, 3.1) 107
[13:38:15.460]: (-1.6, 3.1, 2.9) 106
[13:38:15.484]: (-1.6, 3.1, 2.9) 106
[13:38:15.506]: (-1.5, 3.1, 2.9) 106
[13:38:15.572]: (-0.2, 3.1, 2.7) 38
[13:38:15.617]: (-0.2, 3.1, 2.7) 38
[13:38:15.662]: (-0.2, 3.1, 2.7) 38
[13:38:15.684]: (-0.2, 3.1, 2.7) 38
[13:38:15.706]: (-0.2, 3.1, 2.7) 38
[13:38:15.728]: (-0.2, 3.1, 2.7) 38
[13:38:15.749]: (-0.2, 3.1, 2.7) 38
[13:38:15.771]: (-0.2, 3.1, 2.7) 38
[13:38:15.800]: (-0.2, 3.1, 2.7) 38
[13:38:15.826]: (-0.2, 3.1, 2.7) 38
[13:38:15.843]: (-0.2, 3.1, 2.7) 38
[13:38:15.860]: (-0.2, 3.1, 2.7) 38
[13:38:15.883]: (-0.2, 3.1, 2.7) 38
[13:38:15.928]: (-0.8, 2.9, 2.5) 39
[13:38:16.128]: (-0.8, 3.0, 2.5) 41
[13:38:16.150]: (-0.8, 3.0, 2.4) 41
[13:38:16.173]: (-0.8, 3.0, 2.4) 41
[13:38:16.194]: (-0.7, 2.9, 2.3) 48
[13:38:16.216]: (-0.7, 2.9, 2.3) 48
[13:38:16.307]: (-0.7, 3.0, 2.2) 48
[13:38:16.330]: (-0.7, 3.0, 2.2) 48
[13:38:16.372]: (-0.5, 2.6, 1.5) 11
[13:38:16.395]: (-0.5, 2.6, 1.5) 11
[13:38:16.418]: (-0.5, 2.7, 1.6) 13
[13:38:16.442]: (-0.5, 2.7, 1.6) 13
[13:38:16.463]: (-0.5, 2.5, 1.4) 9
[13:38:16.487]: (-0.5, 2.6, 1.3) 9
[13:38:16.511]: (-0.4, 2.6, 1.3) 9
[13:38:16.532]: (-0.3, 2.6, 1.3) 9
[13:38:16.557]: (-0.4, 2.8, 1.6) 13
[13:38:16.580]: (-0.3, 2.6, 1.4) 0
[13:38:16.601]: (-0.3, 2.6, 1.3) 0
[13:38:16.625]: (-0.3, 2.6, 1.3) 0
[13:38:16.647]: (-0.2, 2.6, 1.3) 10
[13:38:16.669]: (-0.2, 2.6, 1.2) 10
[13:38:16.690]: (-0.2, 2.6, 1.2) 10
[13:38:16.714]: (-0.2, 2.7, 1.3) 11
[13:38:16.776]: (0.0, 3.4, 1.8) 48
[13:38:16.819]: (0.2, 3.5, 1.9) 41
[13:38:16.842]: (0.2, 3.6, 1.9) 39
[13:38:16.863]: (0.2, 3.6, 1.9) 39
[13:38:16.880]: (0.2, 3.6, 1.9) 39
[13:38:16.898]: (0.2, 3.5, 1.9) 39
[13:38:16.915]: (0.2, 3.6, 1.9) 39
[13:38:16.933]: (0.2, 3.5, 1.9) 39
[13:38:16.955]: (0.2, 3.6, 1.9) 39
[13:38:16.975]: (0.2, 3.6, 1.9) 41
[13:38:16.992]: (0.2, 3.6, 1.9) 41
[13:38:17.042]: (0.2, 3.8, 2.0) 47
[13:38:17.093]: (0.2, 3.8, 2.0) 47
[13:38:17.117]: (0.2, 3.8, 2.0) 47
[13:38:17.138]: (0.2, 3.8, 2.0) 47
[13:38:17.160]: (0.3, 3.6, 1.8) 39
[13:38:17.183]: (0.3, 3.6, 1.8) 39
[13:38:17.205]: (0.3, 3.6, 1.8) 39
[13:38:17.227]: (0.3, 3.7, 1.9) 40
[13:38:17.250]: (0.3, 3.6, 1.9) 40
[13:38:17.272]: (0.3, 3.7, 1.9) 40
[13:38:17.293]: (0.3, 3.7, 1.9) 40
[13:38:17.494]: (0.3, 3.7, 1.9) 40
[13:38:17.516]: (0.3, 3.7, 1.9) 40
[13:38:17.538]: (0.3, 3.6, 1.9) 40
[13:38:17.561]: (0.3, 3.7, 1.9) 40
[13:38:17.578]: (0.3, 3.6, 1.8) 39
[13:38:17.595]: (0.3, 3.6, 1.8) 39
[13:38:17.614]: (0.3, 3.6, 1.8) 39
[13:38:17.630]: (0.3, 3.6, 1.8) 39
[13:38:17.647]: (0.3, 3.6, 1.8) 39
[13:38:17.664]: (0.3, 3.6, 1.8) 39
[13:38:17.681]: (0.3, 3.6, 1.8) 39
[13:38:17.698]: (0.3, 3.6, 1.8) 39
[13:38:17.716]: (0.3, 3.6, 1.8) 39
[13:38:17.733]: (0.2, 3.6, 1.8) 39
[13:38:17.750]: (0.2, 3.6, 1.8) 39
[13:38:17.769]: (0.2, 3.6, 1.9) 39
[13:38:17.785]: (0.2, 3.5, 1.9) 39
[13:38:17.803]: (0.2, 3.5, 1.9) 39
[13:38:17.819]: (0.3, 3.6, 1.8) 39
[13:38:17.837]: (0.3, 3.5, 1.9) 39
[13:38:17.853]: (0.3, 3.5, 1.9) 39
[13:38:17.871]: (0.3, 3.5, 1.9) 39
[13:38:17.889]: (0.3, 3.5, 1.9) 39
[13:38:17.923]: (0.3, 3.5, 1.9) 39
[13:38:17.940]: (0.3, 3.5, 1.9) 39
[13:38:17.987]: (0.2, 3.5, 1.9) 39
[13:38:18.049]: (0.3, 3.5, 1.9) 39
[13:38:18.137]: (0.3, 3.5, 1.9) 39
[13:38:18.204]: (0.3, 3.5, 1.9) 39
[13:38:18.229]: (0.3, 3.5, 1.9) 39
[13:38:18.250]: (0.3, 3.5, 1.9) 39
[13:38:18.270]: (0.3, 3.5, 1.9) 39
[13:38:18.923]: (0.1, 3.6, 1.6) 41
[13:38:18.950]: (0.1, 3.6, 1.6) 41
[13:38:18.983]: (0.1, 3.6, 1.6) 41
[13:38:19.017]: (0.1, 3.6, 1.6) 41
[13:38:19.040]: (0.1, 3.8, 1.8) 47
[13:38:19.064]: (0.1, 3.6, 1.6) 41
[13:38:19.095]: (0.1, 3.6, 1.6) 41
[13:38:19.122]: (0.1, 3.6, 1.6) 41
[13:38:19.141]: (0.1, 3.6, 1.6) 41
[13:38:19.164]: (0.1, 3.6, 1.7) 41
[13:38:19.213]: (0.1, 3.5, 1.7) 41
[13:38:19.236]: (0.1, 3.5, 1.7) 41
[13:38:19.262]: (0.1, 3.5, 1.7) 41
[13:38:19.294]: (0.1, 3.5, 1.6) 41
[13:38:19.331]: (0.1, 3.6, 1.6) 41
[13:38:19.360]: (0.1, 3.6, 1.6) 41
[13:38:19.559]: (0.3, 3.6, 1.7) 40
[13:38:19.594]: (0.2, 3.6, 1.7) 40
[13:38:19.627]: (0.2, 3.5, 1.6) 39
[13:38:19.727]: (0.2, 3.5, 1.6) 39
[13:38:19.759]: (0.2, 3.5, 1.6) 39
[13:38:19.793]: (0.3, 3.6, 1.6) 40
[13:38:20.348]: (0.2, 3.5, 1.6) 39
[13:38:20.392]: (-0.8, 3.4, 1.5) 80
[13:38:20.416]: (-1.0, 3.4, 1.6) 89
[13:38:20.436]: (-1.0, 3.5, 1.6) 76
[13:38:20.459]: (-1.0, 3.5, 1.6) 76
[13:38:20.481]: (-1.0, 3.5, 1.6) 76
[13:38:20.503]: (-1.0, 3.5, 1.6) 76
[13:38:20.527]: (-1.0, 3.5, 1.6) 76
[13:38:20.547]: (-1.0, 3.5, 1.6) 76
[13:38:20.570]: (-1.0, 3.6, 1.7) 74
[13:38:20.593]: (-1.0, 3.6, 1.7) 74
[13:38:20.614]: (-1.0, 3.6, 1.7) 74
[13:38:20.636]: (-0.9, 3.4, 1.5) 80
[13:38:20.659]: (-0.8, 3.4, 1.6) 91
[13:38:20.682]: (-0.8, 3.4, 1.5) 80
[13:38:20.907]: (-0.4, 2.8, 1.3) 2
[13:38:20.930]: (-0.4, 2.6, 1.1) 9
[13:38:20.952]: (-0.4, 2.5, 1.1) 9
[13:38:20.974]: (-0.4, 2.5, 1.1) 9
[13:38:20.996]: (-0.3, 2.5, 1.1) 9
[13:38:21.019]: (-0.3, 2.5, 1.1) 9
[13:38:21.415]: (0.1, 3.4, 1.7) 39
[13:38:21.439]: (0.1, 3.4, 1.7) 39
[13:38:21.462]: (0.1, 3.5, 1.7) 40
[13:38:21.586]: (0.4, 3.6, 1.8) 36
[13:38:21.609]: (0.4, 3.5, 1.7) 26
[13:38:21.633]: (0.4, 3.6, 1.8) 36
[13:38:21.673]: (0.5, 4.1, 2.3) 54
[13:38:21.696]: (0.4, 4.0, 2.3) 54
[13:38:21.718]: (0.5, 4.0, 2.3) 54
[13:38:21.741]: (0.4, 4.0, 2.3) 54
[13:38:21.763]: (0.4, 4.0, 2.3) 54
[13:38:21.785]: (0.4, 4.0, 2.3) 54
[13:38:21.828]: (0.3, 4.0, 2.3) 56
[13:38:21.852]: (0.2, 3.8, 2.2) 67
[13:38:21.874]: (0.2, 4.0, 2.2) 58
[13:38:21.902]: (0.2, 3.9, 2.3) 58
[13:38:21.937]: (0.2, 4.1, 2.4) 57
[13:38:22.037]: (0.3, 4.1, 2.4) 57
[13:38:22.068]: (0.2, 4.1, 2.4) 57
[13:38:22.102]: (0.3, 4.1, 2.4) 57
[13:38:22.136]: (0.3, 3.8, 2.3) 67
[13:38:22.170]: (0.3, 3.5, 1.9) 36
[13:38:22.202]: (0.3, 3.5, 1.9) 36
[13:38:22.236]: (0.3, 3.5, 1.9) 36
[13:38:22.269]: (0.3, 3.5, 1.9) 36
[13:38:22.302]: (0.3, 3.5, 1.9) 36
[13:38:22.336]: (0.3, 3.5, 1.9) 36
[13:38:22.369]: (0.3, 3.5, 2.0) 36
[13:38:22.403]: (0.3, 3.5, 1.9) 36
[13:38:22.436]: (0.3, 3.5, 1.9) 36
[13:38:22.470]: (0.3, 3.8, 2.3) 67
[13:38:22.502]: (0.3, 3.8, 2.2) 67
[13:38:22.524]: (0.3, 3.8, 2.2) 67
[13:38:22.547]: (0.3, 3.8, 2.2) 67
[13:38:22.568]: (0.3, 3.8, 2.3) 67
[13:38:22.657]: (-0.4, 3.0, 2.0) 41
[13:38:22.680]: (-0.4, 3.0, 2.0) 41
[13:38:22.902]: (-0.4, 2.8, 1.9) 48
[13:38:22.924]: (-0.4, 2.8, 1.9) 48
[13:38:22.946]: (-0.5, 2.9, 1.9) 48
[13:38:22.969]: (-0.5, 2.9, 1.9) 43
[13:38:22.990]: (-0.4, 3.0, 2.0) 41
[13:38:23.012]: (-0.2, 3.1, 2.0) 40
[13:38:23.035]: (0.4, 3.1, 1.9) 27
[13:38:23.058]: (0.5, 3.1, 1.8) 27
[13:38:23.079]: (0.5, 3.1, 1.9) 27
[13:38:23.102]: (0.5, 3.1, 1.9) 27
[13:38:23.125]: (0.5, 3.1, 1.9) 27
[13:38:23.146]: (0.4, 3.0, 1.8) 37
[13:38:23.169]: (0.4, 3.0, 1.8) 37
[13:38:23.192]: (0.4, 3.0, 1.8) 37
[13:38:23.213]: (0.4, 3.0, 1.8) 37
[13:38:23.236]: (0.4, 3.0, 1.8) 37
[13:38:23.279]: (0.4, 3.1, 1.9) 37
[13:38:23.302]: (0.4, 3.1, 1.9) 27
[13:38:23.325]: (0.5, 3.1, 1.9) 27
[13:38:23.348]: (0.4, 3.1, 1.9) 27
[13:38:23.372]: (0.5, 3.2, 1.8) 27
[13:38:23.440]: (-0.6, 2.9, 1.9) 45
[13:38:23.527]: (-0.5, 2.9, 1.9) 43
[13:38:23.551]: (-0.5, 2.9, 1.9) 43
[13:38:23.572]: (-0.5, 2.9, 1.9) 43
[13:38:23.595]: (-0.5, 3.0, 1.9) 43
[13:38:23.618]: (-0.5, 3.0, 1.9) 43
[13:38:23.638]: (-0.5, 2.9, 1.9) 43
[13:38:23.661]: (-0.5, 3.0, 1.9) 43
[13:38:23.858]: (-0.6, 2.9, 2.0) 43
[13:38:23.875]: (-0.6, 2.9, 2.0) 43
[13:38:23.892]: (-0.5, 2.9, 2.0) 43
[13:38:23.911]: (-0.5, 2.9, 2.0) 43
[13:38:23.927]: (-0.5, 2.9, 2.0) 43
[13:38:23.943]: (-0.5, 2.9, 2.0) 43
[13:38:23.960]: (-0.5, 2.9, 2.0) 43
[13:38:23.977]: (-0.5, 2.9, 1.9) 43
[13:38:23.993]: (-0.5, 2.9, 1.9) 43
[13:38:24.010]: (-0.5, 2.9, 1.9) 43
[13:38:24.026]: (-0.5, 2.9, 1.9) 43
[13:38:24.044]: (-0.5, 2.9, 1.9) 43
[13:38:24.062]: (-0.5, 2.9, 1.9) 43
[13:38:24.079]: (-0.5, 2.9, 1.9) 43
[13:38:24.179]: (-0.4, 3.0, 2.0) 41
[13:38:24.224]: (-0.4, 3.0, 2.0) 41
[13:38:24.356]: (-0.5, 2.8, 1.9) 48
[13:38:24.379]: (-0.5, 2.8, 1.9) 48
[13:38:24.403]: (-0.4, 2.8, 1.9) 48
[13:38:24.423]: (-0.5, 2.8, 1.9) 48
[13:38:24.446]: (-0.5, 2.8, 1.9) 48
[13:38:24.469]: (-0.5, 2.8, 1.9) 48
[13:38:24.491]: (-0.4, 2.8, 1.9) 48
[13:38:24.513]: (-0.4, 2.8, 1.9) 48
[13:38:24.535]: (-0.4, 2.8, 1.9) 48
[13:38:24.557]: (-0.4, 2.8, 1.9) 48
[13:38:24.579]: (-0.4, 2.8, 1.9) 48
[13:38:24.713]: (-0.4, 2.9, 2.0) 41
[13:38:24.735]: (-0.4, 3.0, 2.0) 41
[13:38:24.752]: (-0.4, 2.9, 2.0) 41
[13:38:24.770]: (-0.4, 2.9, 2.0) 41
[13:38:24.788]: (-0.4, 2.9, 2.1) 41
[13:38:24.806]: (-0.5, 2.9, 2.1) 41
[13:38:24.869]: (-0.5, 2.9, 2.0) 41
[13:38:24.885]: (-0.5, 2.9, 2.1) 41
[13:38:24.934]: (-0.4, 2.9, 2.0) 41
[13:38:24.951]: (-0.4, 2.9, 2.0) 41
[13:38:24.968]: (-0.4, 3.0, 2.0) 41
[13:38:24.985]: (-0.4, 2.9, 2.0) 41
[13:38:25.002]: (-0.4, 2.9, 2.0) 41
[13:38:25.019]: (-0.4, 2.9, 2.0) 41
[13:38:25.036]: (-0.4, 2.9, 2.0) 41
[13:38:25.052]: (-0.4, 2.9, 2.0) 41
[13:38:25.070]: (-0.4, 2.9, 2.0) 41
[13:38:25.089]: (-0.4, 2.9, 2.0) 41
[13:38:26.826]: (-0.5, 2.7, 1.9) 48
[13:38:26.844]: (-0.5, 2.7, 1.9) 48
[13:38:26.861]: (-0.5, 2.7, 1.9) 48
[13:38:26.878]: (-0.5, 2.7, 1.9) 48
[13:38:26.894]: (-0.5, 2.7, 1.9) 48
[13:38:26.911]: (-0.5, 2.7, 1.9) 48
[13:38:26.940]: (-0.5, 2.7, 1.9) 48
[13:38:26.959]: (-0.5, 2.7, 1.9) 48
[13:38:26.978]: (-0.5, 2.7, 1.9) 48
[13:38:27.000]: (-0.5, 2.7, 1.9) 48
[13:38:27.022]: (-0.5, 2.7, 1.9) 48
[13:38:27.044]: (-0.5, 2.7, 1.9) 48
[13:38:27.073]: (-0.5, 2.7, 1.9) 48
