[13:26:56.779]: (-2.0, -2.1, 0.0) 34
[13:26:56.799]: (-2.0, -2.1, 0.0) 34
[13:26:56.822]: (-2.0, -2.1, 0.0) 34
[13:26:56.846]: (-2.0, -2.1, 0.0) 34
[13:26:56.867]: (-2.0, -2.1, 0.0) 34
[13:26:56.887]: (-2.0, -2.1, 0.0) 34
[13:26:56.934]: (-2.0, -2.1, 0.0) 34
[13:26:57.089]: (-2.0, -2.1, 0.1) 34
[13:26:57.134]: (-0.9, -0.8, 0.0) 10
[13:26:57.446]: (-0.9, -0.8, 0.0) 10
[13:26:57.556]: (-0.9, -0.8, 0.0) 10
[13:26:57.577]: (-0.9, -0.8, 0.0) 10
[13:26:57.601]: (-0.9, -0.8, 0.0) 10
[13:26:57.623]: (-0.9, -0.8, 0.0) 10
[13:26:57.645]: (-0.9, -0.8, 0.0) 10
[13:26:57.668]: (-0.9, -0.8, 0.0) 10
[13:26:57.690]: (-0.9, -0.8, 0.0) 10
[13:26:57.932]: (-2.1, -2.0, 0.1) 31
[13:26:57.954]: (-2.1, -2.0, 0.1) 31
[13:26:57.974]: (-2.2, -2.0, 0.1) 31
[13:26:57.994]: (-2.2, -2.0, 0.2) 31
[13:26:58.098]: (-2.3, -1.8, 0.5) 34
[13:26:58.281]: (-1.8, -0.9, 0.6) 12
[13:26:58.323]: (-1.5, -0.3, 0.5) 4
[13:26:59.218]: (-0.1, 2.4, 2.9) 25
[13:26:59.239]: (-0.1, 2.5, 2.9) 25
[13:26:59.259]: (0.0, 3.0, 4.1) 22
[13:26:59.280]: (-0.1, 3.0, 4.2) 20
[13:27:00.122]: (0.1, 2.9, 3.1) 32
[13:27:00.155]: (0.1, 2.9, 3.1) 32
[13:27:00.177]: (0.1, 3.0, 3.4) 33
[13:27:00.199]: (0.1, 3.0, 3.4) 33
[13:27:00.222]: (0.1, 2.9, 3.4) 33
[13:27:00.243]: (0.1, 2.9, 3.4) 33
[13:27:00.266]: (0.1, 2.9, 3.4) 33
[13:27:00.288]: (0.1, 3.0, 3.4) 33
[13:27:00.310]: (0.1, 2.9, 3.1) 32
[13:27:00.444]: (0.1, 3.0, 3.1) 32
[13:27:00.489]: (0.1, 2.9, 3.1) 32
[13:27:04.376]: (1.1, 3.6, 0.7) 25
[13:27:04.400]: (1.1, 3.6, 0.7) 25
[13:27:04.421]: (1.0, 3.6, 0.7) 25
[13:27:04.442]: (1.1, 3.7, 0.7) 27
[13:27:04.920]: (0.6, 3.6, 1.1) 29
[13:27:04.941]: (0.6, 3.5, 1.1) 29
[13:27:04.975]: (0.6, 3.5, 1.1) 29
[13:27:05.007]: (0.6, 3.5, 1.1) 28
[13:27:05.041]: (0.6, 3.5, 1.1) 28
[13:27:05.241]: (1.2, 4.6, 2.1) 24
[13:27:05.674]: (0.5, 3.0, 2.0) 25
[13:27:05.695]: (0.4, 3.0, 2.0) 28
[13:27:05.718]: (0.4, 3.0, 2.0) 28
[13:27:05.897]: (0.5, 3.5, 3.0) 23
[13:27:06.118]: (0.0, 2.5, 2.3) 28
[13:27:06.140]: (0.0, 2.5, 2.4) 28
[13:27:06.499]: (0.8, 2.8, 2.0) 28
[13:27:06.565]: (1.5, 3.8, 2.7) 20
[13:27:06.676]: (1.4, 3.8, 2.7) 21
[13:27:06.698]: (1.4, 3.7, 2.8) 22
[13:27:06.854]: (0.8, 2.8, 2.0) 25
[13:27:07.930]: (-0.8, 2.5, 0.8) 4
[13:27:07.950]: (-0.8, 2.5, 0.8) 4
[13:27:07.969]: (-0.8, 2.5, 0.8) 9
[13:27:07.984]: (-0.8, 2.5, 0.8) 4
[13:27:08.001]: (-0.8, 2.6, 0.8) 4
[13:27:08.018]: (-0.7, 2.6, 0.8) 4
[13:27:08.035]: (-0.8, 2.5, 0.8) 4
[13:27:08.053]: (-0.8, 2.6, 0.8) 4
[13:27:08.071]: (-0.8, 2.5, 0.8) 4
[13:27:08.088]: (-0.8, 2.5, 0.8) 4
[13:27:08.104]: (-0.8, 2.5, 0.7) 9
[13:27:08.120]: (-0.8, 2.5, 0.8) 4
[13:27:08.137]: (-0.8, 2.5, 0.7) 9
[13:27:08.155]: (-0.8, 2.5, 0.8) 4
[13:27:08.174]: (-0.7, 2.6, 0.7) 9
[13:27:08.191]: (-0.9, 3.2, 1.2) 16
[13:27:08.208]: (-0.9, 3.2, 1.1) 12
[13:27:08.225]: (-0.9, 3.1, 1.1) 12
[13:27:08.258]: (-1.0, 3.3, 1.2) 18
[13:27:08.346]: (-0.9, 3.2, 1.1) 12
[13:27:08.369]: (-0.9, 3.2, 1.2) 16
[13:27:08.386]: (-0.9, 3.1, 1.1) 12
[13:27:08.420]: (-0.9, 3.2, 1.1) 12
[13:27:08.438]: (-0.9, 3.2, 1.1) 12
[13:27:08.455]: (-0.9, 3.2, 1.1) 12
[13:27:08.506]: (-0.9, 3.2, 1.0) 12
[13:27:08.528]: (-0.9, 3.2, 1.0) 12
[13:27:08.551]: (-0.9, 3.1, 1.0) 13
[13:27:08.572]: (-0.8, 3.1, 1.0) 13
[13:27:08.594]: (-0.8, 3.1, 1.0) 13
[13:27:08.817]: (-0.9, 3.1, 0.9) 13
[13:27:08.860]: (-1.0, 3.0, 1.1) 14
[13:27:08.883]: (-1.0, 3.0, 1.1) 14
[13:27:08.905]: (-1.0, 3.0, 1.1) 14
[13:27:08.928]: (-1.0, 3.0, 1.1) 14
[13:27:09.151]: (-1.0, 3.0, 1.0) 13
[13:27:09.174]: (-1.0, 3.0, 0.9) 13
[13:27:09.195]: (-1.0, 3.0, 0.9) 13
[13:27:09.216]: (-1.0, 3.0, 0.9) 13
[13:27:09.238]: (-1.0, 3.0, 0.9) 13
[13:27:09.260]: (-1.0, 3.0, 0.9) 13
[13:27:09.282]: (-1.0, 3.0, 0.9) 13
[13:27:09.304]: (-1.0, 3.0, 0.9) 13
[13:27:09.325]: (-1.0, 3.1, 1.0) 12
[13:27:09.347]: (-1.0, 3.1, 1.0) 12
[13:27:09.370]: (-1.0, 3.1, 1.0) 12
[13:27:09.391]: (-1.0, 3.0, 0.9) 13
[13:27:09.412]: (-1.0, 3.0, 0.9) 13
[13:27:09.434]: (-1.0, 3.0, 0.9) 13
[13:27:09.456]: (-1.0, 3.0, 0.9) 13
[13:27:09.480]: (-1.0, 3.0, 0.9) 13
[13:27:09.503]: (-1.0, 3.0, 0.9) 13
[13:27:09.523]: (-1.0, 3.0, 0.9) 13
[13:27:09.547]: (-1.0, 3.0, 0.9) 13
[13:27:09.570]: (-1.0, 3.0, 0.9) 13
[13:27:09.592]: (-1.0, 3.0, 0.9) 13
[13:27:09.614]: (-1.0, 3.0, 0.9) 13
[13:27:09.636]: (-1.0, 3.1, 1.0) 12
[13:27:09.661]: (-1.0, 3.1, 1.0) 12
[13:27:09.695]: (-1.0, 3.1, 1.0) 12
[13:27:09.728]: (-1.0, 3.1, 1.0) 12
[13:27:09.761]: (-1.0, 3.1, 1.0) 12
[13:27:09.794]: (-1.0, 3.1, 1.0) 12
[13:27:09.828]: (-1.0, 3.1, 1.0) 12
[13:27:09.861]: (-1.0, 3.1, 1.0) 12
[13:27:09.894]: (-1.0, 3.1, 1.0) 12
[13:27:09.927]: (-1.0, 3.0, 0.9) 13
[13:27:09.962]: (-1.0, 3.0, 0.9) 13
[13:27:09.995]: (-1.0, 3.0, 0.9) 13
[13:27:10.029]: (-1.0, 3.0, 0.9) 13
[13:27:10.062]: (-1.0, 3.0, 0.9) 13
[13:27:10.095]: (-1.0, 3.0, 0.9) 13
[13:27:10.129]: (-0.9, 3.0, 0.9) 13
[13:27:10.161]: (-0.9, 3.0, 0.9) 13
[13:27:10.194]: (-1.0, 3.2, 1.0) 16
[13:27:10.228]: (-1.0, 3.2, 1.0) 16
[13:27:10.262]: (-1.0, 3.2, 1.0) 16
[13:27:10.296]: (-1.0, 3.2, 1.0) 16
[13:27:10.317]: (-1.0, 3.2, 1.0) 16
[13:27:10.339]: (-1.0, 3.2, 1.0) 16
[13:27:10.361]: (-1.0, 3.2, 1.0) 16
[13:27:10.383]: (-1.0, 3.2, 1.0) 16
[13:27:10.427]: (-1.0, 3.2, 0.9) 16
[13:27:10.450]: (-1.0, 3.0, 0.8) 13
[13:27:10.472]: (-1.0, 3.0, 0.8) 13
[13:27:10.494]: (-1.0, 3.0, 0.8) 13
[13:27:10.518]: (-1.1, 3.0, 0.8) 13
[13:27:10.540]: (-1.1, 3.0, 0.8) 13
[13:27:10.562]: (-1.0, 3.0, 0.8) 13
[13:27:10.584]: (-1.0, 3.0, 0.8) 13
[13:27:10.606]: (-1.0, 3.0, 0.8) 13
[13:27:10.628]: (-1.0, 3.0, 0.8) 13
[13:27:10.649]: (-1.0, 3.0, 0.8) 13
[13:27:10.675]: (-1.0, 3.0, 0.7) 13
[13:27:10.695]: (-1.1, 3.0, 0.7) 13
[13:27:10.716]: (-1.0, 3.1, 0.8) 13
[13:27:10.738]: (-1.0, 3.2, 0.9) 16
[13:27:10.761]: (-1.0, 3.2, 0.9) 16
[13:27:10.783]: (-1.0, 3.2, 0.9) 16
[13:27:10.805]: (-1.0, 3.2, 0.9) 16
[13:27:10.827]: (-1.0, 3.2, 0.9) 16
[13:27:10.849]: (-1.0, 3.2, 0.9) 16
[13:27:10.871]: (-1.0, 3.2, 0.8) 16
[13:27:10.894]: (-1.0, 3.2, 0.8) 16
[13:27:10.916]: (-1.0, 3.2, 0.8) 16
[13:27:10.939]: (-1.0, 3.2, 0.9) 16
[13:27:10.962]: (-1.0, 3.2, 0.9) 16
[13:27:10.983]: (-1.0, 3.0, 0.8) 13
[13:27:11.072]: (-1.1, 3.1, 0.9) 12
[13:27:11.096]: (-1.0, 3.0, 0.8) 13
[13:27:11.118]: (-1.1, 3.1, 0.9) 12
[13:27:11.142]: (-1.0, 3.0, 0.8) 13
[13:27:11.164]: (-1.0, 3.0, 0.8) 13
[13:27:11.185]: (-1.0, 3.0, 0.8) 13
[13:27:11.208]: (-1.0, 3.0, 0.8) 13
[13:27:11.232]: (-1.0, 3.0, 0.7) 13
[13:27:11.251]: (-1.0, 3.0, 0.8) 13
[13:27:11.276]: (-1.0, 3.0, 0.8) 13
[13:27:11.297]: (-1.0, 3.2, 0.9) 16
[13:27:11.318]: (-1.0, 3.2, 0.9) 16
[13:27:11.564]: (-1.1, 3.3, 0.8) 18
[13:27:11.588]: (-1.0, 3.0, 0.6) 13
[13:27:11.609]: (-1.0, 3.0, 0.6) 13
[13:27:11.631]: (-1.0, 3.0, 0.6) 13
[13:27:11.652]: (-1.0, 3.1, 0.6) 13
[13:27:11.715]: (-1.1, 3.3, 0.7) 17
[13:27:11.737]: (-1.1, 3.2, 0.7) 15
[13:27:11.757]: (-1.1, 3.2, 0.7) 15
[13:27:11.779]: (-1.1, 3.3, 0.7) 15
[13:27:11.799]: (-1.0, 3.3, 0.7) 15
[13:27:11.820]: (-1.0, 3.2, 0.8) 15
[13:27:11.841]: (-1.0, 3.3, 0.8) 15
[13:27:11.903]: (-1.0, 3.2, 0.8) 15
[13:27:11.922]: (-1.0, 3.3, 1.0) 17
[13:27:11.939]: (-1.0, 3.3, 1.0) 17
[13:27:11.986]: (-1.0, 3.3, 1.0) 17
[13:27:12.087]: (-1.0, 3.1, 0.9) 12
[13:27:12.103]: (-0.9, 3.1, 0.9) 12
[13:27:12.119]: (-0.9, 3.1, 0.9) 12
[13:27:12.138]: (-0.9, 3.1, 0.9) 12
[13:27:12.160]: (-0.9, 3.1, 0.9) 12
[13:27:12.182]: (-0.9, 3.1, 0.9) 12
[13:27:12.205]: (-0.9, 3.1, 0.9) 12
[13:27:12.227]: (-0.9, 3.1, 0.9) 12
[13:27:12.249]: (-0.8, 3.0, 0.9) 13
[13:27:12.271]: (-0.8, 3.0, 0.9) 13
[13:27:12.293]: (-0.8, 3.0, 0.9) 13
[13:27:12.316]: (-0.8, 3.0, 0.9) 13
[13:27:12.339]: (-0.8, 3.0, 0.9) 13
[13:27:12.359]: (-0.8, 3.0, 1.0) 13
[13:27:12.382]: (-0.8, 3.0, 0.9) 13
[13:27:12.404]: (-0.8, 3.0, 0.9) 13
[13:27:12.427]: (-0.8, 3.0, 0.9) 13
[13:27:12.449]: (-0.8, 3.0, 0.9) 13
[13:27:12.470]: (-0.8, 3.0, 0.9) 13
[13:27:12.494]: (-0.8, 3.0, 0.9) 13
[13:27:12.517]: (-0.8, 3.0, 0.9) 13
[13:27:12.537]: (-0.8, 3.0, 0.9) 13
[13:27:12.554]: (-0.8, 3.0, 0.9) 13
[13:27:12.570]: (-0.8, 3.0, 0.9) 13
[13:27:12.588]: (-0.8, 3.0, 0.9) 13
[13:27:12.606]: (-0.8, 3.0, 0.9) 13
[13:27:12.624]: (-0.8, 3.0, 0.9) 13
[13:27:12.640]: (-0.8, 3.0, 0.9) 13
[13:27:12.748]: (-0.8, 3.0, 0.9) 13
[13:27:12.765]: (-0.8, 3.0, 0.9) 13
[13:27:12.782]: (-0.8, 3.0, 0.9) 13
[13:27:12.800]: (-0.8, 3.1, 1.1) 16
[13:27:12.817]: (-0.9, 3.1, 1.1) 16
[13:27:12.834]: (-0.8, 3.1, 1.1) 16
[13:27:12.852]: (-0.8, 3.1, 1.1) 16
[13:27:12.868]: (-0.8, 3.1, 1.1) 16
[13:27:12.885]: (-0.8, 3.1, 1.1) 16
[13:27:12.903]: (-0.8, 3.1, 1.1) 16
[13:27:12.920]: (-0.8, 3.0, 1.0) 13
[13:27:12.936]: (-0.9, 3.1, 1.1) 16
[13:27:12.952]: (-0.8, 3.1, 1.1) 16
[13:27:12.971]: (-0.8, 3.1, 1.1) 16
[13:27:12.993]: (-0.9, 3.1, 1.1) 16
[13:27:13.015]: (-0.8, 3.1, 1.1) 16
[13:27:13.039]: (-0.9, 3.1, 1.1) 16
[13:27:13.060]: (-0.8, 3.1, 1.1) 16
[13:27:13.082]: (-0.9, 3.1, 1.1) 16
[13:27:13.105]: (-0.9, 3.1, 1.1) 16
[13:27:13.126]: (-0.9, 3.1, 1.1) 16
[13:27:13.149]: (-0.8, 3.0, 1.0) 13
[13:27:13.171]: (-0.8, 3.0, 1.0) 13
[13:27:13.193]: (-0.8, 3.0, 1.0) 13
[13:27:13.215]: (-0.8, 3.0, 1.0) 13
[13:27:13.238]: (-0.8, 3.0, 1.0) 13
[13:27:13.259]: (-0.8, 3.0, 1.0) 13
[13:27:13.283]: (-0.8, 3.0, 1.0) 13
[13:27:13.306]: (-0.9, 3.1, 1.1) 16
[13:27:13.326]: (-0.9, 3.1, 1.1) 16
[13:27:13.349]: (-0.9, 3.1, 1.1) 16
[13:27:13.371]: (-0.9, 3.1, 1.0) 16
[13:27:13.394]: (-0.9, 3.1, 1.1) 16
[13:27:13.652]: (-0.8, 3.2, 1.0) 16
[13:27:13.675]: (-0.8, 3.1, 1.0) 16
[13:27:13.696]: (-0.8, 3.0, 0.9) 13
[13:27:13.718]: (-0.8, 3.0, 0.9) 13
[13:27:13.741]: (-0.8, 3.0, 0.9) 13
[13:27:13.763]: (-0.8, 3.0, 0.9) 13
[13:27:13.784]: (-0.8, 3.0, 0.9) 13
[13:27:13.807]: (-0.8, 3.1, 0.9) 13
[13:27:13.849]: (-0.8, 3.1, 0.9) 12
[13:27:13.865]: (-0.8, 3.1, 0.9) 12
[13:27:13.882]: (-0.8, 3.1, 0.9) 12
[13:27:13.898]: (-0.8, 3.1, 0.9) 12
[13:27:13.914]: (-0.8, 3.1, 0.9) 12
[13:27:13.937]: (-0.8, 3.1, 0.9) 12
[13:27:13.957]: (-0.8, 3.1, 0.9) 12
[13:27:13.974]: (-0.8, 3.1, 0.9) 12
[13:27:13.990]: (-0.8, 3.1, 0.9) 12
[13:27:14.006]: (-0.8, 3.1, 0.9) 12
[13:27:14.022]: (-0.8, 3.2, 0.9) 12
[13:27:14.039]: (-0.8, 3.2, 0.9) 12
[13:27:14.082]: (-0.8, 3.2, 0.9) 12
[13:27:14.103]: (-0.8, 3.2, 0.9) 12
[13:27:14.237]: (-0.8, 3.1, 0.9) 12
[13:27:14.260]: (-0.8, 3.0, 0.9) 13
[13:27:14.282]: (-0.8, 3.0, 0.9) 13
[13:27:14.303]: (-0.8, 3.1, 0.9) 12
[13:27:14.325]: (-0.8, 3.0, 0.9) 13
[13:27:14.349]: (-0.8, 3.1, 0.9) 12
[13:27:14.370]: (-0.8, 3.1, 0.9) 12
[13:27:14.393]: (-0.8, 3.1, 0.9) 12
[13:27:14.415]: (-0.8, 3.0, 0.9) 13
[13:27:14.437]: (-0.8, 3.0, 0.8) 13
[13:27:14.460]: (-0.8, 3.0, 0.9) 13
[13:27:14.481]: (-0.8, 3.0, 0.8) 13
[13:27:14.499]: (-0.8, 3.0, 0.8) 13
[13:27:14.516]: (-0.8, 3.0, 0.8) 13
[13:27:14.551]: (-0.8, 3.0, 0.8) 13
[13:27:14.573]: (-0.8, 3.0, 0.9) 13
[13:27:14.595]: (-0.8, 3.0, 0.8) 13
[13:27:14.616]: (-0.8, 3.0, 0.8) 13
[13:27:14.636]: (-0.8, 3.0, 0.8) 13
[13:27:14.657]: (-0.8, 3.0, 0.8) 13
[13:27:14.680]: (-0.9, 3.1, 0.9) 12
[13:27:14.702]: (-0.9, 3.1, 0.9) 12
[13:27:14.724]: (-0.9, 3.1, 0.9) 12
[13:27:14.745]: (-0.9, 3.1, 0.9) 12
[13:27:14.766]: (-0.8, 3.1, 0.9) 12
[13:27:14.788]: (-0.8, 3.1, 0.9) 12
[13:27:14.810]: (-0.8, 3.1, 0.9) 12
[13:27:14.830]: (-0.8, 3.1, 0.9) 12
[13:27:14.849]: (-0.8, 3.1, 0.9) 12
[13:27:14.867]: (-0.8, 3.1, 0.9) 12
[13:27:14.888]: (-0.8, 3.1, 0.9) 12
[13:27:14.909]: (-0.8, 3.0, 0.9) 13
[13:27:14.926]: (-0.7, 3.0, 0.9) 13
[13:27:14.943]: (-0.7, 3.0, 0.9) 13
[13:27:14.961]: (-0.7, 3.0, 0.9) 13
[13:27:14.976]: (-0.7, 3.0, 0.9) 13
[13:27:14.992]: (-0.7, 3.0, 0.9) 13
[13:27:15.009]: (-0.7, 3.0, 0.9) 13
[13:27:15.026]: (-0.7, 3.0, 0.9) 13
[13:27:15.044]: (-0.7, 3.0, 1.0) 13
[13:27:16.126]: (0.1, 2.6, 2.2) 29
[13:27:16.149]: (0.1, 2.5, 2.2) 29
[13:27:16.172]: (0.1, 2.5, 2.2) 29
[13:27:16.192]: (0.1, 2.5, 2.2) 29
[13:27:16.215]: (0.1, 2.5, 2.2) 29
[13:27:16.238]: (0.1, 2.5, 2.2) 29
[13:27:16.260]: (0.2, 2.4, 2.2) 28
[13:27:16.283]: (0.3, 2.4, 2.3) 25
[13:27:16.661]: (0.4, 2.9, 1.9) 26
[13:27:16.705]: (0.2, 3.0, 1.8) 28
[13:27:16.726]: (0.2, 3.0, 1.7) 28
[13:27:16.749]: (0.2, 3.0, 1.7) 28
[13:27:17.113]: (0.2, 2.9, 1.9) 28
[13:27:17.135]: (0.1, 2.9, 1.8) 28
[13:27:17.156]: (0.1, 2.9, 1.8) 28
[13:27:17.178]: (0.1, 2.9, 1.9) 28
[13:27:17.200]: (0.1, 2.8, 1.9) 28
[13:27:17.221]: (0.1, 2.8, 1.9) 28
[13:27:17.261]: (0.1, 2.8, 1.9) 28
[13:27:17.281]: (0.1, 2.8, 1.9) 28
[13:27:17.301]: (0.1, 2.8, 1.9) 28
[13:27:17.325]: (0.0, 2.8, 1.9) 28
[13:27:17.347]: (0.0, 2.8, 1.9) 28
[13:27:17.368]: (0.0, 2.8, 1.9) 28
[13:27:17.394]: (0.0, 2.8, 1.9) 28
[13:27:17.413]: (0.0, 2.9, 2.0) 29
[13:27:17.435]: (0.0, 2.9, 2.0) 29
[13:27:17.458]: (0.0, 2.9, 2.0) 29
[13:27:17.480]: (0.0, 2.9, 2.0) 29
[13:27:17.498]: (0.0, 2.8, 1.9) 28
[13:27:17.516]: (0.0, 2.8, 1.9) 28
[13:27:17.533]: (0.0, 2.8, 1.9) 28
[13:27:17.550]: (0.0, 2.8, 1.9) 28
[13:27:17.574]: (0.0, 2.8, 1.9) 28
[13:27:17.596]: (0.0, 2.8, 1.9) 28
[13:27:17.617]: (0.0, 2.8, 1.9) 28
[13:27:17.639]: (0.0, 2.8, 1.9) 28
[13:27:17.660]: (0.0, 2.7, 2.0) 28
[13:27:17.893]: (0.0, 2.7, 2.1) 28
[13:27:18.466]: (-0.1, 2.7, 2.1) 25
[13:27:18.487]: (-0.1, 2.7, 2.1) 25
[13:27:18.510]: (-0.1, 2.7, 2.1) 25
[13:27:18.532]: (-0.1, 2.7, 2.1) 25
[13:27:18.552]: (-0.1, 2.7, 2.1) 25
[13:27:18.672]: (-0.4, 2.7, 2.0) 25
[13:27:20.637]: (0.3, 2.8, 1.8) 26
[13:27:20.669]: (0.3, 2.8, 1.8) 26
[13:27:20.688]: (0.3, 2.9, 1.9) 25
[13:27:20.731]: (0.3, 2.9, 1.9) 25
[13:27:20.754]: (0.3, 2.9, 1.9) 25
[13:27:20.794]: (0.3, 2.9, 1.9) 25
[13:27:20.815]: (0.3, 2.9, 1.9) 25
[13:27:21.552]: (0.4, 3.3, 1.3) 25
[13:27:21.573]: (0.4, 3.3, 1.3) 25
[13:27:21.594]: (0.4, 3.3, 1.3) 25
[13:27:21.615]: (0.4, 3.3, 1.3) 25
[13:27:21.659]: (0.4, 3.3, 1.3) 25
[13:27:21.702]: (0.3, 3.3, 1.3) 28
[13:27:21.723]: (0.3, 3.3, 1.3) 28
[13:27:21.745]: (0.3, 3.3, 1.3) 28
[13:27:21.767]: (0.4, 3.3, 1.3) 28
[13:27:21.790]: (0.4, 3.3, 1.3) 28
[13:27:21.813]: (0.4, 3.3, 1.3) 28
[13:27:21.833]: (0.4, 3.3, 1.3) 28
[13:27:21.855]: (0.4, 3.3, 1.3) 28
[13:27:21.878]: (0.4, 3.3, 1.3) 28
[13:27:21.978]: (0.4, 3.3, 1.3) 28
[13:27:25.670]: (-0.9, 1.8, 1.2) 6
[13:27:25.686]: (-0.8, 1.8, 1.1) 8
[13:27:25.703]: (-0.8, 1.7, 1.1) 8
[13:27:25.720]: (-0.8, 1.7, 1.1) 8
[13:27:25.737]: (-0.8, 1.7, 1.1) 11
[13:27:25.754]: (-0.8, 1.7, 1.1) 11
[13:27:25.771]: (-0.8, 1.7, 1.1) 8
[13:27:25.789]: (-0.7, 1.7, 1.1) 11
[13:27:25.806]: (-0.8, 1.7, 1.1) 11
[13:27:25.822]: (-0.8, 1.7, 1.1) 11
[13:27:25.839]: (-0.7, 1.7, 1.1) 11
[13:27:25.857]: (-0.7, 1.7, 1.1) 11
[13:27:25.877]: (-0.7, 1.7, 1.1) 11
[13:27:25.894]: (-0.7, 1.7, 1.1) 11
[13:27:25.910]: (-0.7, 1.7, 1.1) 11
[13:27:25.927]: (-0.7, 1.7, 1.1) 11
[13:27:26.142]: (-0.8, 1.7, 1.1) 8
[13:27:26.165]: (-0.8, 1.7, 1.1) 8
[13:27:26.188]: (-0.8, 1.7, 1.1) 8
[13:27:26.209]: (-0.8, 1.7, 1.1) 8
[13:27:26.232]: (-0.8, 1.7, 1.1) 8
[13:27:26.254]: (-0.8, 1.7, 1.1) 8
[13:27:26.276]: (-0.8, 1.7, 1.1) 8
[13:27:26.298]: (-0.8, 1.7, 1.1) 8
[13:27:26.321]: (-0.8, 1.7, 1.1) 8
[13:27:26.343]: (-0.8, 1.7, 1.1) 8
[13:27:26.365]: (-0.8, 1.7, 1.1) 8
[13:27:26.388]: (-0.8, 1.7, 1.1) 8
[13:27:26.409]: (-0.8, 1.7, 1.1) 8
[13:27:26.432]: (-0.8, 1.7, 1.1) 8
[13:27:26.462]: (-0.8, 1.7, 1.1) 8
[13:27:26.480]: (-0.8, 1.7, 1.1) 8
[13:27:26.499]: (-0.8, 1.7, 1.1) 8
[13:27:26.516]: (-0.8, 1.7, 1.1) 11
[13:27:26.533]: (-0.8, 1.7, 1.1) 11
[13:27:26.549]: (-0.8, 1.7, 1.1) 8
[13:27:26.567]: (-0.8, 1.7, 1.1) 11
[13:27:26.584]: (-0.8, 1.7, 1.1) 8
[13:27:26.606]: (-0.8, 1.7, 1.1) 11
