[13:15:39.822]: (-1.0, 0.3, -0.5) 2
[13:15:39.866]: (-1.0, 0.4, -0.4) 2
[13:15:39.888]: (-1.0, 0.4, -0.3) 0
[13:15:39.910]: (-1.0, 0.4, -0.4) 2
[13:15:39.935]: (-1.1, 0.5, -0.3) 0
[13:15:39.955]: (-1.1, 0.4, -0.3) 2
[13:15:39.978]: (-1.1, 0.4, -0.3) 2
[13:15:40.000]: (-1.1, 0.5, -0.2) 2
[13:15:40.021]: (-1.1, 0.5, -0.2) 2
[13:15:40.042]: (-1.1, 0.5, -0.1) 2
[13:15:40.063]: (-1.1, 0.6, 0.0) 0
[13:15:40.084]: (-1.1, 0.6, 0.0) 0
[13:15:40.559]: (-0.6, 1.3, 0.7) 0
[13:15:40.593]: (-0.6, 1.4, 0.7) 0
[13:15:40.626]: (-0.6, 1.4, 0.7) 0
[13:15:40.659]: (-0.5, 1.4, 0.7) 0
[13:15:40.694]: (-0.5, 1.5, 0.7) 0
[13:15:40.727]: (-0.5, 1.5, 0.7) 0
[13:15:40.827]: (-0.4, 1.6, 0.7) 0
[13:15:40.860]: (-0.4, 1.6, 0.7) 0
[13:15:40.893]: (-0.3, 1.6, 0.7) 0
[13:15:40.916]: (-0.3, 1.6, 0.7) 0
[13:15:40.936]: (-0.3, 1.7, 0.7) 0
[13:15:40.959]: (-0.3, 1.7, 0.7) 0
[13:15:40.982]: (-0.3, 1.7, 0.7) 0
[13:15:41.002]: (-0.2, 1.7, 0.7) 0
[13:15:41.027]: (-0.2, 1.7, 0.7) 0
[13:15:41.047]: (-0.2, 1.7, 0.7) 0
[13:15:41.069]: (-0.2, 1.7, 0.7) 0
[13:15:41.093]: (-0.2, 1.8, 0.7) 0
[13:15:41.115]: (-0.2, 1.7, 0.7) 0
[13:15:41.137]: (-0.2, 1.8, 0.7) 0
[13:15:41.159]: (-0.2, 1.8, 0.7) 0
[13:15:41.671]: (0.1, 3.7, 1.5) 7
[13:15:41.694]: (0.1, 3.4, 1.4) 8
[13:15:41.717]: (0.1, 3.4, 1.4) 8
[13:15:43.686]: (-0.1, 1.8, 0.5) 0
[13:15:43.757]: (-0.1, 1.8, 0.4) 0
[13:15:43.779]: (-0.1, 1.8, 0.4) 0
[13:15:44.013]: (-0.1, 2.8, 0.8) 4
[13:15:46.334]: (-0.2, 1.7, 0.6) 2
[13:15:46.356]: (-0.1, 1.7, 0.6) 2
[13:15:46.379]: (-0.1, 1.7, 0.6) 0
[13:15:46.401]: (-0.1, 1.7, 0.6) 0
[13:15:46.423]: (-0.1, 1.7, 0.6) 2
[13:15:46.445]: (-0.1, 1.7, 0.6) 0
[13:15:46.468]: (-0.1, 1.7, 0.6) 0
[13:15:46.489]: (-0.1, 1.7, 0.6) 0
[13:15:46.513]: (-0.1, 1.7, 0.6) 0
[13:15:46.533]: (-0.1, 1.7, 0.6) 0
[13:15:46.557]: (-0.1, 1.8, 0.6) 0
[13:15:52.442]: (-0.1, 2.5, 0.9) 3
[13:15:58.007]: (-0.1, 2.6, 0.9) 4
[13:15:59.938]: (-0.1, 2.5, 0.9) 3
[13:15:59.954]: (-0.1, 2.5, 0.9) 3
[13:15:59.971]: (-0.1, 2.5, 0.9) 3
[13:15:59.988]: (-0.1, 2.5, 0.9) 3
[13:16:00.050]: (-0.1, 2.5, 0.9) 3
[13:16:00.665]: (-0.1, 2.5, 0.9) 3
[13:16:00.682]: (-0.1, 2.5, 0.9) 3
[13:16:09.238]: (0.5, 2.6, 0.7) 5
[13:16:09.259]: (0.5, 2.6, 0.7) 5
[13:16:09.280]: (0.6, 2.6, 0.7) 5
[13:16:09.302]: (0.5, 2.6, 0.7) 5
[13:16:09.326]: (0.5, 2.6, 0.7) 5
[13:16:09.348]: (0.5, 2.6, 0.7) 5
[13:16:09.369]: (0.5, 2.6, 0.8) 5
[13:16:09.391]: (0.5, 2.6, 0.7) 5
[13:16:09.414]: (0.5, 2.6, 0.8) 5
[13:16:09.437]: (0.6, 2.9, 0.8) 6
[13:16:09.480]: (0.5, 2.6, 0.8) 5
