[13:23:22.164]: (-1.4, -0.5, 0.0) 2
[13:23:22.186]: (-2.3, -1.7, 0.0) 36
[13:23:22.251]: (-2.0, -1.2, 0.0) 20
[13:23:22.273]: (-2.2, -1.7, 0.0) 36
[13:23:22.295]: (-2.2, -1.7, 0.0) 36
[13:23:22.318]: (-2.2, -1.7, 0.0) 36
[13:23:22.339]: (-2.2, -1.7, 0.0) 36
[13:23:22.363]: (-1.4, -0.5, 0.0) 2
[13:23:22.384]: (-1.4, -0.5, 0.0) 2
[13:23:22.407]: (-2.2, -1.7, 0.0) 36
[13:23:22.430]: (-1.6, -0.9, 0.0) 9
[13:23:22.451]: (-1.6, -0.9, 0.0) 9
[13:23:22.475]: (-1.6, -0.9, 0.0) 9
[13:23:22.496]: (-1.6, -0.9, 0.0) 9
[13:23:22.519]: (-1.6, -0.9, 0.0) 9
[13:23:22.586]: (-1.4, -0.5, 0.0) 2
[13:23:22.608]: (-1.4, -0.5, 0.0) 2
[13:23:22.629]: (-1.4, -0.5, 0.0) 2
[13:23:22.652]: (-1.4, -0.5, 0.0) 2
[13:23:22.674]: (-1.4, -0.5, 0.0) 2
[13:23:22.696]: (-1.4, -0.5, 0.0) 2
[13:23:22.718]: (-1.4, -0.5, 0.0) 2
[13:23:22.741]: (-1.4, -0.5, 0.0) 2
[13:23:22.763]: (-1.4, -0.5, 0.0) 2
[13:23:23.332]: (-1.6, -0.9, 0.0) 9
[13:23:23.349]: (-1.6, -0.9, 0.0) 9
[13:23:23.771]: (-1.3, -0.5, 0.3) 4
[13:23:24.174]: (-1.8, 0.4, 1.2) 2
[13:23:24.218]: (-2.0, 0.3, 1.5) 9
[13:23:24.260]: (-1.9, 0.4, 1.5) 8
[13:23:24.282]: (-1.9, 0.5, 1.6) 8
[13:23:24.303]: (-1.9, 0.5, 1.6) 8
[13:23:24.325]: (-1.9, 0.5, 1.7) 10
[13:23:24.347]: (-1.9, 0.6, 1.8) 10
[13:23:24.569]: (-1.0, 1.4, 1.7) 4
[13:23:24.593]: (-1.0, 1.4, 1.7) 4
[13:23:24.614]: (-1.0, 1.5, 1.8) 4
[13:23:24.637]: (-0.9, 1.5, 1.8) 4
[13:23:24.658]: (-0.9, 1.5, 1.8) 4
[13:23:24.687]: (-0.9, 1.5, 1.8) 4
[13:23:24.709]: (-0.9, 1.6, 2.1) 8
[13:23:24.726]: (-0.9, 1.6, 2.2) 8
[13:23:24.850]: (-0.6, 1.9, 2.7) 14
[13:23:24.874]: (-0.6, 1.9, 2.7) 14
[13:23:25.051]: (-0.6, 1.6, 1.9) 2
[13:23:25.073]: (-0.6, 1.6, 1.7) 3
[13:23:25.095]: (-0.6, 1.6, 1.8) 2
[13:23:25.117]: (-0.6, 1.6, 1.9) 2
[13:23:25.140]: (-0.5, 1.6, 1.7) 3
[13:23:25.161]: (-0.6, 1.6, 1.9) 2
[13:23:25.350]: (-0.6, 1.7, 1.9) 2
[13:23:25.412]: (-0.8, 1.7, 2.2) 9
[13:23:25.434]: (-0.8, 1.8, 2.2) 9
[13:23:25.455]: (-0.7, 1.8, 2.2) 9
[13:23:25.477]: (-0.7, 1.7, 2.2) 9
[13:23:25.498]: (-0.7, 1.8, 2.2) 8
[13:23:25.520]: (-0.6, 1.7, 1.8) 4
[13:23:25.541]: (-0.6, 1.7, 1.8) 4
[13:23:25.561]: (-0.6, 1.8, 1.8) 4
[13:23:25.582]: (-0.6, 1.8, 1.8) 4
[13:23:25.604]: (-0.5, 1.8, 1.8) 4
[13:23:25.782]: (-0.1, 2.2, 1.6) 4
[13:23:25.805]: (-0.1, 2.2, 1.6) 4
[13:23:25.825]: (0.0, 2.2, 1.6) 4
[13:23:25.848]: (0.0, 2.2, 1.6) 4
[13:23:25.868]: (0.0, 2.2, 1.6) 4
[13:23:25.889]: (0.0, 2.2, 1.6) 4
[13:23:25.911]: (0.1, 2.3, 1.6) 4
[13:23:25.956]: (0.2, 2.5, 1.8) 8
[13:23:25.977]: (0.2, 2.5, 1.8) 8
[13:23:26.008]: (0.2, 2.5, 1.8) 8
[13:23:26.041]: (0.2, 2.5, 1.9) 10
[13:23:26.073]: (0.2, 2.5, 1.8) 8
[13:23:26.174]: (0.5, 2.8, 2.2) 20
[13:23:26.440]: (0.3, 2.4, 1.8) 9
[13:23:26.472]: (0.3, 2.4, 1.8) 9
[13:23:26.508]: (0.3, 2.4, 1.8) 9
[13:23:26.539]: (0.3, 2.4, 1.8) 9
[13:23:26.575]: (0.3, 2.4, 1.8) 9
[13:23:26.607]: (0.3, 2.4, 1.8) 9
[13:23:26.640]: (0.3, 2.4, 1.9) 9
[13:23:26.661]: (0.3, 2.4, 1.8) 9
[13:23:26.684]: (0.3, 2.4, 1.8) 9
[13:23:26.706]: (0.3, 2.4, 1.8) 9
[13:23:26.729]: (0.3, 2.4, 1.8) 9
[13:23:26.751]: (0.3, 2.4, 1.8) 9
[13:23:26.772]: (0.3, 2.5, 1.8) 9
[13:23:26.795]: (0.3, 2.5, 1.8) 9
[13:23:26.819]: (0.3, 2.5, 1.8) 8
[13:23:26.843]: (0.3, 2.5, 1.8) 8
[13:23:26.866]: (0.3, 2.5, 1.8) 8
[13:23:26.888]: (0.3, 2.5, 1.8) 8
[13:23:26.909]: (0.3, 2.5, 1.8) 8
[13:23:26.931]: (0.3, 2.5, 1.8) 8
[13:23:27.306]: (0.5, 2.7, 1.5) 9
[13:23:27.649]: (0.5, 2.7, 1.5) 9
[13:23:27.873]: (0.4, 2.7, 1.5) 9
[13:23:28.084]: (0.4, 2.8, 1.5) 9
[13:23:28.132]: (0.4, 2.7, 1.5) 9
[13:23:28.150]: (0.4, 2.7, 1.5) 9
[13:23:28.166]: (0.4, 2.7, 1.5) 9
[13:23:28.184]: (0.4, 2.7, 1.5) 9
[13:23:28.217]: (0.4, 2.7, 1.6) 9
[13:23:28.233]: (0.4, 2.7, 1.6) 9
[13:23:29.214]: (0.7, 2.8, 1.7) 15
[13:23:29.255]: (0.6, 2.8, 1.7) 15
[13:23:30.028]: (0.3, 3.1, 1.9) 20
[13:23:30.044]: (0.3, 3.1, 1.8) 20
[13:23:30.060]: (0.3, 3.1, 1.9) 20
[13:23:30.076]: (0.3, 3.1, 1.9) 20
[13:23:30.091]: (0.3, 3.1, 1.9) 20
[13:23:30.153]: (0.3, 3.1, 1.9) 20
[13:23:30.170]: (0.3, 3.1, 1.9) 20
[13:23:30.188]: (0.3, 3.1, 1.9) 20
[13:23:30.204]: (0.3, 3.1, 1.9) 20
[13:23:30.221]: (0.3, 3.0, 1.9) 20
[13:23:30.238]: (0.3, 3.1, 1.9) 20
[13:23:30.254]: (0.3, 3.0, 1.9) 20
[13:23:30.273]: (0.3, 3.0, 1.9) 20
[13:23:30.359]: (0.0, 2.7, 1.6) 8
[13:23:30.381]: (-0.1, 2.7, 1.6) 10
[13:23:30.426]: (-0.6, 2.6, 1.5) 18
[13:23:30.858]: (-0.4, 2.8, 1.7) 17
[13:23:31.071]: (-0.1, 2.7, 1.6) 10
[13:23:31.088]: (-0.1, 2.7, 1.6) 10
[13:23:31.108]: (-0.1, 2.7, 1.6) 10
[13:23:31.124]: (-0.1, 2.8, 1.6) 10
[13:23:31.716]: (0.3, 3.0, 1.9) 20
[13:23:31.734]: (0.3, 3.0, 1.9) 20
[13:23:31.751]: (0.3, 3.4, 2.2) 36
[13:23:32.970]: (-0.7, 2.3, 1.4) 5
[13:23:32.992]: (-0.7, 2.3, 1.4) 5
[13:23:33.014]: (-0.7, 2.3, 1.4) 5
[13:23:33.037]: (-0.7, 2.3, 1.4) 5
[13:23:33.060]: (-0.7, 2.3, 1.4) 5
[13:23:33.082]: (-0.7, 2.3, 1.4) 5
[13:23:33.104]: (-0.7, 2.3, 1.4) 5
[13:23:33.125]: (-0.8, 2.3, 1.4) 5
[13:23:33.149]: (-0.8, 2.3, 1.4) 5
[13:23:33.237]: (-0.7, 2.3, 1.4) 5
[13:23:33.259]: (-0.7, 2.3, 1.4) 5
[13:23:33.653]: (-0.6, 2.6, 1.6) 18
[13:23:33.685]: (-0.6, 2.6, 1.6) 18
[13:23:33.702]: (-0.6, 2.6, 1.6) 18
[13:23:33.809]: (-0.6, 2.6, 1.5) 18
[13:23:33.826]: (-0.6, 2.6, 1.6) 18
[13:23:33.843]: (-0.6, 2.6, 1.6) 18
[13:23:33.874]: (-0.6, 2.6, 1.6) 18
[13:23:33.892]: (-0.6, 2.6, 1.6) 18
[13:23:35.405]: (-0.2, 2.7, 1.6) 10
[13:23:35.426]: (-0.2, 2.7, 1.6) 10
[13:23:35.447]: (-0.2, 2.7, 1.6) 10
[13:23:35.469]: (-0.2, 2.7, 1.6) 10
[13:23:35.660]: (-0.2, 2.7, 1.5) 8
[13:23:36.068]: (-0.2, 2.8, 1.5) 10
[13:23:37.205]: (-0.6, 2.8, 1.6) 17
[13:23:39.500]: (-0.1, 2.7, 1.5) 10
[13:23:39.544]: (-0.7, 2.5, 1.6) 18
[13:23:39.567]: (-0.7, 2.5, 1.5) 18
[13:23:39.590]: (-0.7, 2.6, 1.5) 18
[13:23:39.700]: (-0.7, 2.6, 1.5) 18
[13:23:39.723]: (-0.7, 2.6, 1.5) 18
[13:23:39.742]: (-0.7, 2.5, 1.6) 18
[13:23:39.757]: (-0.7, 2.6, 1.5) 18
[13:23:39.773]: (-0.7, 2.6, 1.6) 18
[13:23:39.789]: (-0.6, 2.6, 1.6) 18
[13:23:39.806]: (-0.6, 2.6, 1.6) 18
[13:23:39.822]: (-0.6, 2.6, 1.6) 18
[13:23:40.971]: (-0.7, 2.6, 1.5) 18
[13:23:41.234]: (-0.7, 2.6, 1.5) 18
[13:23:43.121]: (-0.5, 2.7, 1.6) 17
[13:23:44.487]: (0.0, 2.7, 1.5) 9
[13:23:48.885]: (0.0, 2.7, 1.5) 9
[13:23:48.907]: (-0.1, 2.6, 1.5) 8
[13:23:48.930]: (-0.1, 2.6, 1.5) 8
[13:23:48.953]: (-0.1, 2.7, 1.5) 8
[13:23:48.974]: (-0.1, 2.7, 1.5) 8
[13:23:48.996]: (-0.1, 2.7, 1.5) 10
[13:23:49.019]: (-0.1, 2.7, 1.5) 10
[13:23:49.040]: (-0.1, 2.7, 1.5) 10
[13:23:49.063]: (-0.1, 2.7, 1.5) 10
[13:23:49.086]: (-0.1, 2.8, 1.5) 10
[13:23:49.130]: (0.0, 3.1, 1.8) 19
[13:23:49.803]: (0.3, 2.9, 1.6) 15
[13:23:49.825]: (0.4, 3.1, 1.7) 13
[13:23:49.846]: (0.4, 3.0, 1.6) 15
[13:23:49.867]: (0.3, 3.0, 1.6) 15
[13:23:49.887]: (0.3, 3.0, 1.6) 15
[13:23:49.909]: (0.3, 3.0, 1.6) 15
[13:23:49.932]: (0.3, 3.0, 1.6) 15
[13:23:49.953]: (0.3, 3.0, 1.6) 15
[13:23:49.975]: (0.3, 3.0, 1.6) 15
[13:23:49.996]: (0.3, 3.0, 1.6) 15
[13:23:50.019]: (0.3, 3.0, 1.6) 15
[13:23:50.248]: (-0.1, 2.8, 1.3) 9
[13:23:50.845]: (-0.7, 2.3, 1.1) 0
[13:23:50.866]: (-0.7, 2.3, 1.1) 0
[13:23:51.040]: (-0.3, 2.9, 1.3) 9
[13:23:51.085]: (-0.3, 2.9, 1.3) 9
[13:23:51.106]: (-0.2, 2.9, 1.3) 9
[13:23:51.129]: (-0.2, 2.9, 1.3) 9
[13:23:51.152]: (-0.2, 2.9, 1.3) 9
[13:23:51.173]: (-0.2, 2.9, 1.3) 9
[13:23:54.175]: (0.2, 3.5, 1.0) 13
[13:23:54.741]: (-1.1, 2.9, 1.1) 18
[13:23:55.128]: (-1.1, 2.9, 1.1) 18
