[13:24:47.298]: (-1.2, -0.8, 0.1) 10
[13:24:47.364]: (-1.2, -0.9, 0.1) 14
[13:24:47.387]: (-1.3, -0.9, 0.1) 14
[13:24:47.408]: (-1.2, -0.7, 0.1) 6
[13:24:47.449]: (-2.1, -1.2, 0.4) 18
[13:24:47.510]: (-3.6, -1.0, 1.1) 20
[13:24:47.650]: (-3.6, -0.2, 2.0) 20
[13:24:48.470]: (-0.7, 1.9, 2.7) 4
[13:24:48.511]: (-0.7, 1.9, 2.7) 4
[13:24:48.761]: (-0.7, 1.9, 1.9) 15
[13:24:48.782]: (-0.6, 1.9, 1.9) 15
[13:24:49.095]: (-0.1, 2.3, 2.7) 4
[13:24:49.140]: (0.0, 2.2, 2.5) 2
[13:24:49.161]: (0.0, 2.2, 2.5) 2
[13:24:49.184]: (0.0, 2.2, 2.5) 2
[13:24:49.206]: (0.0, 2.2, 2.5) 2
[13:24:49.229]: (0.1, 2.2, 2.6) 2
[13:24:49.250]: (0.1, 2.2, 2.6) 2
[13:24:49.461]: (0.1, 2.2, 2.6) 0
[13:24:49.479]: (0.1, 2.2, 2.6) 0
[13:24:49.497]: (0.1, 2.3, 2.8) 5
[13:24:49.517]: (0.1, 2.2, 2.6) 2
[13:24:49.538]: (0.1, 2.3, 2.5) 2
[13:24:49.559]: (0.1, 2.3, 2.5) 2
[13:24:49.580]: (0.1, 2.3, 2.5) 2
[13:24:49.601]: (0.1, 2.3, 2.5) 2
[13:24:49.622]: (0.1, 2.3, 2.5) 2
[13:24:49.643]: (0.1, 2.3, 2.5) 2
[13:24:49.922]: (0.6, 2.8, 2.1) 2
[13:24:49.944]: (1.1, 3.6, 3.1) 20
[13:24:49.967]: (1.1, 3.5, 2.9) 22
[13:24:49.989]: (1.1, 3.6, 3.0) 20
[13:24:50.158]: (1.2, 3.6, 3.0) 20
[13:24:50.185]: (1.2, 3.6, 3.0) 20
[13:24:50.209]: (1.2, 3.6, 3.0) 20
[13:24:50.284]: (1.3, 3.6, 3.0) 20
[13:24:50.320]: (1.2, 3.4, 2.9) 22
[13:24:50.517]: (1.3, 3.4, 2.9) 22
[13:24:50.549]: (1.3, 3.4, 2.9) 22
[13:24:51.083]: (1.5, 3.3, 2.7) 23
[13:24:51.106]: (1.4, 3.4, 2.7) 23
[13:24:51.128]: (1.4, 3.3, 2.7) 23
[13:24:51.149]: (1.4, 3.3, 2.7) 23
[13:24:51.172]: (1.5, 3.3, 2.7) 23
[13:24:51.194]: (1.5, 3.3, 2.7) 23
[13:24:51.396]: (1.0, 2.8, 1.8) 1
[13:24:51.416]: (0.7, 2.9, 1.9) 2
[13:24:51.483]: (-0.1, 2.6, 1.5) 12
[13:24:51.684]: (-0.1, 2.7, 1.3) 10
[13:24:51.886]: (0.0, 3.3, 1.9) 19
[13:24:51.910]: (0.0, 3.3, 1.9) 19
[13:24:51.935]: (0.0, 3.3, 1.9) 19
[13:24:52.738]: (0.6, 3.1, 1.6) 2
[13:24:52.761]: (0.6, 3.1, 1.6) 2
[13:24:52.782]: (0.6, 3.1, 1.6) 2
[13:24:52.804]: (0.6, 3.1, 1.6) 2
[13:24:52.827]: (0.6, 3.1, 1.6) 2
[13:24:52.848]: (0.6, 3.1, 1.6) 2
[13:24:52.871]: (0.6, 3.1, 1.6) 2
[13:24:52.893]: (0.6, 3.1, 1.6) 2
[13:24:52.915]: (0.6, 3.1, 1.7) 2
[13:24:52.938]: (0.6, 3.1, 1.7) 2
[13:24:54.420]: (0.6, 3.2, 1.3) 2
[13:24:54.443]: (0.8, 3.3, 1.3) 0
[13:24:54.467]: (0.8, 3.3, 1.2) 0
[13:24:54.747]: (0.8, 3.5, 1.1) 3
[13:24:55.862]: (-0.3, 2.7, 1.1) 15
[13:24:55.898]: (-0.3, 2.7, 1.2) 12
[13:24:55.940]: (-0.3, 2.7, 1.1) 15
[13:24:55.962]: (-0.4, 2.7, 1.2) 12
[13:24:56.040]: (-0.4, 2.7, 1.2) 12
[13:24:56.140]: (-0.5, 2.5, 1.3) 10
[13:24:56.163]: (-0.5, 2.6, 1.3) 10
[13:24:56.780]: (-0.5, 2.4, 1.2) 15
[13:24:57.083]: (0.2, 3.0, 1.6) 2
[13:24:57.100]: (0.2, 3.0, 1.6) 2
[13:24:57.117]: (0.2, 3.0, 1.6) 2
[13:24:58.270]: (0.3, 3.2, 1.6) 5
[13:24:58.291]: (0.3, 3.2, 1.6) 5
[13:24:58.314]: (0.3, 3.2, 1.6) 5
[13:24:58.338]: (0.3, 3.2, 1.6) 5
[13:24:58.357]: (0.3, 3.2, 1.6) 5
[13:24:58.381]: (0.3, 3.2, 1.6) 5
[13:24:58.402]: (0.3, 3.2, 1.6) 5
[13:24:58.425]: (0.3, 3.2, 1.6) 5
[13:24:58.446]: (0.3, 3.2, 1.6) 5
[13:24:58.469]: (0.3, 3.2, 1.6) 5
[13:24:58.492]: (0.3, 3.2, 1.6) 5
[13:24:58.513]: (0.4, 3.2, 1.6) 5
[13:24:58.536]: (0.4, 3.2, 1.6) 5
[13:24:58.557]: (0.4, 3.2, 1.6) 5
[13:24:58.580]: (0.4, 3.2, 1.6) 5
[13:24:58.602]: (0.3, 3.2, 1.6) 5
[13:24:58.624]: (0.3, 3.2, 1.6) 5
[13:24:58.648]: (0.3, 3.2, 1.6) 5
[13:24:58.668]: (0.3, 3.1, 1.6) 0
[13:24:58.684]: (0.3, 3.1, 1.6) 0
[13:24:58.700]: (0.3, 3.0, 1.6) 0
[13:24:58.717]: (0.3, 3.1, 1.6) 0
[13:24:58.734]: (0.3, 3.1, 1.6) 0
[13:24:58.779]: (0.3, 3.0, 1.5) 2
[13:24:58.795]: (0.3, 3.0, 1.5) 2
[13:24:58.811]: (0.2, 3.0, 1.5) 2
[13:24:58.827]: (0.2, 3.0, 1.5) 2
[13:24:58.843]: (0.2, 3.0, 1.5) 2
[13:24:58.858]: (0.2, 3.0, 1.5) 2
[13:24:58.874]: (0.2, 3.0, 1.6) 2
[13:24:58.891]: (0.2, 3.0, 1.5) 2
[13:24:58.908]: (0.3, 3.0, 1.6) 2
[13:24:58.926]: (0.2, 3.0, 1.6) 2
[13:24:58.943]: (0.2, 3.0, 1.6) 2
[13:24:58.959]: (0.3, 3.0, 1.6) 2
[13:24:58.977]: (0.2, 3.0, 1.6) 2
[13:24:58.994]: (0.3, 3.0, 1.6) 2
[13:24:59.026]: (0.3, 3.1, 1.6) 0
[13:24:59.457]: (0.3, 3.2, 1.7) 5
[13:24:59.502]: (0.3, 3.2, 1.6) 5
[13:24:59.658]: (0.3, 3.1, 1.6) 0
[13:24:59.676]: (0.3, 3.1, 1.6) 0
[13:24:59.692]: (0.3, 3.1, 1.6) 0
[13:24:59.708]: (0.3, 3.1, 1.6) 0
[13:24:59.725]: (0.3, 3.1, 1.6) 0
[13:24:59.876]: (0.2, 3.0, 1.5) 2
[13:24:59.892]: (0.2, 3.0, 1.5) 2
[13:24:59.957]: (0.1, 3.2, 1.6) 4
[13:25:00.027]: (0.1, 3.1, 1.6) 4
[13:25:00.158]: (0.2, 3.1, 1.6) 4
[13:25:00.180]: (0.2, 3.1, 1.6) 4
[13:25:00.201]: (0.2, 3.0, 1.5) 2
[13:25:00.224]: (0.2, 3.0, 1.5) 2
[13:25:00.246]: (0.2, 3.0, 1.5) 2
[13:25:00.268]: (0.2, 3.0, 1.5) 2
[13:25:01.539]: (0.4, 3.3, 1.4) 5
[13:25:01.560]: (0.3, 3.3, 1.4) 5
[13:25:01.586]: (0.4, 3.3, 1.4) 5
[13:25:01.608]: (0.4, 3.3, 1.4) 5
