[13:29:14.623]: (-1.1, -0.7, -0.1) 44
[13:29:14.643]: (-1.1, -0.7, -0.1) 44
[13:29:14.666]: (-1.1, -0.7, -0.1) 44
[13:29:14.688]: (-1.1, -0.7, -0.1) 44
[13:29:14.710]: (-1.1, -0.7, -0.1) 44
[13:29:14.732]: (-1.1, -0.7, -0.1) 44
[13:29:14.754]: (-1.1, -0.7, -0.1) 44
[13:29:14.777]: (-1.1, -0.7, -0.1) 44
[13:29:14.799]: (-1.1, -0.7, -0.1) 44
[13:29:14.822]: (-1.1, -0.7, -0.1) 44
[13:29:14.843]: (-1.1, -0.7, -0.1) 44
[13:29:14.866]: (-1.1, -0.7, -0.1) 44
[13:29:14.889]: (-1.1, -0.7, -0.1) 44
[13:29:14.916]: (-1.1, -0.7, -0.1) 44
[13:29:14.946]: (-1.1, -0.7, 0.0) 44
[13:29:14.966]: (-1.1, -0.7, -0.1) 44
[13:29:14.983]: (-1.1, -0.7, -0.1) 44
[13:29:15.001]: (-1.1, -0.7, -0.1) 44
[13:29:15.020]: (-1.1, -0.7, -0.1) 44
[13:29:15.110]: (-0.9, -0.8, -0.1) 47
[13:29:15.133]: (-0.9, -0.8, -0.1) 47
[13:29:15.154]: (-0.9, -0.8, -0.1) 47
[13:29:15.333]: (-1.2, -0.6, 0.1) 47
[13:29:15.416]: (-2.1, -1.0, 0.2) 51
[13:29:15.660]: (-1.7, 0.2, 0.6) 45
[13:29:15.686]: (-1.7, 0.3, 0.6) 45
[13:29:15.733]: (-1.6, 0.2, 0.6) 50
[13:29:15.762]: (-1.6, 0.3, 0.6) 50
[13:29:15.787]: (-1.6, 0.3, 0.7) 50
[13:29:15.808]: (-1.6, 0.4, 0.7) 50
[13:29:15.829]: (-1.6, 0.4, 0.8) 50
[13:29:15.852]: (-1.6, 0.5, 0.8) 50
[13:29:15.874]: (-1.7, 0.4, 1.0) 48
[13:29:16.035]: (-1.5, 1.0, 1.4) 47
[13:29:16.067]: (-1.4, 1.1, 1.4) 47
[13:29:16.501]: (-0.3, 2.6, 2.6) 61
[13:29:16.566]: (-0.3, 2.6, 2.5) 61
[13:29:16.634]: (-0.3, 2.6, 2.5) 61
[13:29:16.854]: (-0.5, 3.2, 3.5) 1
[13:29:16.877]: (-0.5, 3.2, 3.5) 1
[13:29:16.900]: (-0.5, 3.2, 3.5) 1
[13:29:17.321]: (-0.4, 2.5, 1.3) 44
[13:29:17.343]: (-0.4, 2.5, 1.3) 44
[13:29:17.365]: (-0.4, 2.5, 1.2) 44
[13:29:17.388]: (-0.4, 2.5, 1.2) 44
[13:29:17.411]: (-0.4, 2.5, 1.2) 44
[13:29:17.591]: (-0.3, 3.2, 1.9) 53
[13:29:17.614]: (-0.1, 3.4, 2.0) 55
[13:29:17.991]: (-0.2, 3.2, 1.9) 53
[13:29:18.013]: (-0.2, 3.2, 1.9) 53
[13:29:18.030]: (-0.2, 3.2, 1.9) 53
[13:29:18.046]: (-0.2, 3.2, 1.9) 53
[13:29:18.064]: (-0.2, 3.2, 1.9) 53
[13:29:18.082]: (-0.2, 3.2, 1.9) 53
[13:29:18.099]: (-0.2, 3.2, 1.9) 53
[13:29:18.458]: (-0.6, 2.7, 1.1) 47
[13:29:18.521]: (-0.6, 2.7, 1.1) 47
[13:29:18.543]: (-0.6, 2.7, 1.1) 47
[13:29:18.565]: (-0.6, 2.7, 1.1) 47
[13:29:18.588]: (-0.5, 2.7, 1.1) 47
[13:29:18.609]: (-0.6, 2.7, 1.1) 47
[13:29:18.631]: (-0.5, 2.7, 1.1) 47
[13:29:18.652]: (-0.5, 2.7, 1.1) 47
[13:29:18.674]: (-0.6, 2.7, 1.1) 47
[13:29:19.009]: (-0.6, 2.6, 1.0) 46
[13:29:19.093]: (-0.8, 2.9, 1.1) 43
[13:29:19.126]: (-0.7, 2.9, 1.1) 43
[13:29:19.144]: (-0.7, 2.9, 1.1) 43
[13:29:19.161]: (-0.7, 2.9, 1.1) 43
[13:29:19.180]: (-0.7, 2.9, 1.1) 43
[13:29:19.198]: (-0.7, 2.9, 1.1) 43
[13:29:19.215]: (-0.7, 2.9, 1.1) 43
[13:29:19.233]: (-0.7, 2.9, 1.1) 43
[13:29:19.251]: (-0.7, 2.9, 1.1) 43
[13:29:19.267]: (-0.7, 2.9, 1.1) 43
[13:29:19.519]: (-1.3, 3.8, 1.8) 36
[13:29:19.922]: (-0.5, 2.5, 0.8) 45
[13:29:19.945]: (-0.5, 2.5, 0.8) 45
[13:29:19.967]: (-0.5, 2.5, 0.8) 45
[13:29:19.989]: (-0.5, 2.5, 0.8) 45
[13:29:20.031]: (-0.5, 2.5, 0.8) 45
[13:29:20.587]: (-0.5, 2.5, 0.8) 45
[13:29:20.654]: (-0.3, 3.5, 1.1) 53
[13:29:20.701]: (-0.3, 3.5, 1.1) 53
[13:29:20.719]: (-0.3, 3.5, 1.1) 53
[13:29:20.743]: (-0.3, 3.5, 1.1) 53
[13:29:21.227]: (0.6, 3.5, 0.8) 60
[13:29:21.405]: (0.9, 4.3, 1.3) 2
[13:29:21.428]: (0.8, 4.1, 1.2) 8
[13:29:21.450]: (0.8, 4.1, 1.2) 8
[13:29:21.472]: (0.8, 4.1, 1.2) 8
[13:29:21.494]: (0.8, 4.1, 1.3) 8
[13:29:21.574]: (0.9, 4.1, 1.6) 3
[13:29:21.864]: (1.0, 3.7, 2.0) 2
[13:29:21.897]: (1.0, 3.7, 2.0) 2
[13:29:21.931]: (1.0, 3.6, 2.0) 2
[13:29:21.965]: (1.0, 3.6, 2.1) 2
[13:29:22.030]: (1.0, 3.6, 2.1) 2
[13:29:26.008]: (-1.8, 3.7, 1.8) 34
[13:29:26.121]: (-1.8, 3.9, 1.8) 33
[13:29:26.144]: (-1.8, 3.9, 1.8) 33
[13:29:26.166]: (-1.8, 3.9, 1.9) 33
[13:29:26.189]: (-1.8, 3.8, 1.8) 34
[13:29:26.210]: (-1.8, 3.7, 1.8) 34
[13:29:26.232]: (-1.8, 3.8, 1.8) 34
[13:29:26.293]: (-1.7, 3.9, 1.8) 29
[13:29:27.451]: (-1.6, 4.0, 1.8) 33
[13:29:27.517]: (-1.5, 3.9, 1.8) 34
[13:29:27.628]: (-1.5, 3.9, 1.8) 34
[13:29:27.650]: (-1.5, 3.9, 1.8) 34
[13:29:27.674]: (-1.5, 3.9, 1.8) 34
[13:29:27.694]: (-1.5, 3.9, 1.8) 34
[13:29:27.716]: (-1.5, 3.9, 1.8) 34
[13:29:27.739]: (-1.5, 3.9, 1.8) 34
[13:29:27.761]: (-1.5, 3.9, 1.8) 34
[13:29:27.784]: (-1.5, 3.9, 1.8) 34
[13:29:27.805]: (-1.5, 3.9, 1.8) 34
[13:29:27.828]: (-1.5, 3.9, 1.8) 34
[13:29:27.851]: (-1.4, 3.9, 1.8) 34
[13:29:27.872]: (-1.4, 3.8, 1.9) 34
[13:29:27.896]: (-1.4, 3.8, 1.9) 34
[13:29:27.920]: (-1.4, 3.8, 1.9) 34
[13:29:27.942]: (-1.4, 3.8, 1.9) 34
[13:29:27.963]: (-1.4, 3.8, 1.9) 34
[13:29:27.985]: (-1.4, 3.8, 1.9) 34
[13:29:28.005]: (-1.4, 3.8, 1.9) 34
[13:29:28.028]: (-1.4, 3.8, 1.9) 34
[13:29:28.053]: (-1.4, 3.8, 1.9) 34
[13:29:28.073]: (-1.4, 3.8, 1.9) 34
[13:29:28.094]: (-1.4, 3.9, 1.9) 34
[13:29:28.139]: (-1.4, 3.9, 1.9) 34
[13:29:28.161]: (-1.4, 3.8, 1.9) 34
[13:29:28.184]: (-1.4, 3.9, 1.9) 34
[13:29:28.741]: (-1.3, 3.4, 1.7) 36
[13:29:28.763]: (-1.4, 3.1, 1.5) 39
[13:29:28.785]: (-1.3, 3.1, 1.5) 39
[13:29:28.807]: (-1.3, 3.1, 1.5) 39
[13:29:28.831]: (-1.4, 3.1, 1.6) 38
[13:29:28.855]: (-1.4, 3.1, 1.6) 38
[13:29:28.878]: (-1.4, 3.1, 1.6) 38
[13:29:28.899]: (-1.3, 3.0, 1.6) 39
[13:29:28.921]: (-1.3, 3.1, 1.6) 39
[13:29:28.944]: (-1.4, 3.2, 1.7) 42
[13:29:28.966]: (-1.4, 3.2, 1.7) 42
[13:29:28.989]: (-1.4, 3.2, 1.7) 42
[13:29:29.012]: (-1.4, 3.2, 1.7) 42
[13:29:29.033]: (-1.3, 3.2, 1.7) 42
[13:29:29.056]: (-1.4, 3.1, 1.7) 42
[13:29:29.078]: (-1.3, 3.1, 1.7) 42
[13:29:29.341]: (-0.2, 2.7, 1.7) 53
[13:29:29.582]: (1.0, 3.6, 1.8) 3
[13:29:29.627]: (1.1, 3.7, 1.9) 1
[13:29:29.649]: (1.0, 3.6, 1.8) 3
[13:29:29.672]: (1.0, 3.6, 1.8) 3
[13:29:29.693]: (1.0, 3.6, 1.8) 3
[13:29:29.715]: (1.0, 3.6, 1.8) 3
[13:29:29.738]: (1.0, 3.6, 1.9) 3
[13:29:29.759]: (1.0, 3.6, 1.9) 3
[13:29:29.782]: (1.0, 3.6, 1.8) 3
[13:29:29.850]: (0.9, 3.5, 1.7) 8
[13:29:29.870]: (1.0, 3.6, 1.8) 3
[13:29:29.887]: (1.1, 3.8, 1.8) 4
[13:29:29.903]: (1.1, 3.8, 1.8) 4
[13:29:29.920]: (1.1, 3.8, 1.8) 4
[13:29:29.937]: (1.1, 3.8, 1.8) 4
[13:29:29.954]: (1.1, 3.8, 1.8) 4
[13:29:29.970]: (1.1, 3.8, 1.8) 4
[13:29:29.987]: (1.1, 3.8, 1.8) 4
[13:29:30.003]: (1.1, 3.8, 1.8) 4
[13:29:30.020]: (1.1, 3.8, 1.8) 4
[13:29:30.036]: (1.1, 3.8, 1.8) 4
[13:29:30.053]: (1.1, 3.8, 1.8) 4
[13:29:30.070]: (1.1, 3.8, 1.8) 4
[13:29:30.088]: (1.1, 3.8, 1.8) 4
[13:29:30.105]: (1.1, 3.8, 1.9) 4
[13:29:30.123]: (1.1, 3.8, 1.8) 4
[13:29:30.141]: (1.1, 3.8, 1.8) 4
[13:29:30.157]: (1.1, 3.8, 1.8) 4
[13:29:30.282]: (1.2, 3.7, 1.7) 7
[13:29:30.298]: (1.2, 3.7, 1.7) 7
[13:29:30.314]: (1.2, 3.7, 1.7) 7
[13:29:30.338]: (1.2, 3.7, 1.7) 7
[13:29:30.359]: (1.2, 3.7, 1.7) 7
[13:29:30.382]: (1.2, 3.7, 1.7) 7
[13:29:31.034]: (0.9, 3.6, 1.8) 3
[13:29:31.055]: (1.0, 3.6, 1.8) 3
[13:29:31.099]: (1.0, 3.8, 1.9) 1
[13:29:31.121]: (1.0, 3.8, 1.9) 1
[13:29:31.146]: (1.0, 3.7, 1.9) 1
[13:29:31.231]: (1.0, 3.7, 1.8) 5
[13:29:31.253]: (1.0, 3.7, 1.8) 5
[13:29:31.275]: (1.0, 3.7, 1.8) 5
[13:29:31.296]: (1.0, 3.7, 1.8) 5
[13:29:31.318]: (1.0, 3.7, 1.8) 5
[13:29:31.570]: (1.3, 3.7, 1.9) 13
[13:29:31.804]: (0.4, 4.4, 2.3) 65
[13:29:31.838]: (0.4, 4.5, 2.3) 65
[13:29:31.871]: (0.4, 4.4, 2.3) 65
[13:29:31.905]: (0.5, 4.4, 2.3) 65
[13:29:31.938]: (0.5, 4.4, 2.3) 65
[13:29:31.972]: (0.4, 4.5, 2.4) 64
[13:29:32.269]: (0.6, 4.4, 2.5) 64
[13:29:32.292]: (0.6, 4.3, 2.4) 65
[13:29:32.316]: (0.6, 4.3, 2.4) 65
[13:29:32.337]: (0.6, 4.3, 2.4) 65
[13:29:32.359]: (0.6, 4.3, 2.4) 65
[13:29:32.381]: (0.6, 4.3, 2.5) 65
[13:29:32.403]: (0.6, 4.3, 2.4) 65
[13:29:32.427]: (0.6, 4.3, 2.5) 65
[13:29:32.448]: (0.7, 4.3, 2.5) 65
[13:29:32.470]: (0.7, 4.3, 2.4) 65
[13:29:32.492]: (0.7, 4.3, 2.4) 65
[13:29:32.515]: (0.7, 4.3, 2.4) 65
[13:29:32.536]: (0.7, 4.3, 2.4) 65
[13:29:32.559]: (0.7, 4.3, 2.4) 65
[13:29:32.582]: (0.7, 4.3, 2.4) 65
[13:29:32.604]: (0.7, 4.3, 2.4) 65
[13:29:32.625]: (0.7, 4.3, 2.4) 65
[13:29:32.648]: (0.7, 4.3, 2.5) 65
[13:29:32.669]: (0.7, 4.3, 2.5) 65
[13:29:32.692]: (0.7, 4.3, 2.5) 65
[13:29:32.713]: (0.7, 4.3, 2.5) 65
[13:29:32.896]: (0.7, 4.3, 2.5) 65
[13:29:32.916]: (0.7, 4.3, 2.5) 65
[13:29:32.940]: (0.7, 4.3, 2.5) 65
[13:29:32.963]: (0.7, 4.3, 2.5) 65
[13:29:32.984]: (0.7, 4.3, 2.5) 65
[13:29:33.007]: (0.7, 4.3, 2.4) 65
[13:29:33.029]: (0.6, 4.3, 2.4) 65
[13:29:33.052]: (0.6, 4.3, 2.5) 65
[13:29:33.075]: (0.6, 4.3, 2.4) 65
[13:29:33.096]: (0.6, 4.3, 2.5) 65
[13:29:35.384]: (-0.7, 2.7, 1.7) 55
[13:29:35.400]: (-0.7, 2.7, 1.8) 55
[13:29:35.418]: (-0.7, 2.7, 1.7) 55
[13:29:35.466]: (-0.7, 2.7, 1.7) 55
[13:29:35.483]: (-0.7, 2.7, 1.7) 55
[13:29:35.502]: (-0.7, 2.7, 1.7) 55
[13:29:35.523]: (-0.7, 2.7, 1.7) 55
[13:29:35.548]: (-0.8, 2.7, 1.7) 55
[13:29:35.568]: (-0.8, 2.7, 1.7) 55
[13:29:35.590]: (-0.8, 2.7, 1.7) 55
[13:29:35.613]: (-0.8, 2.7, 1.8) 55
[13:29:35.635]: (-0.8, 2.7, 1.7) 55
[13:29:35.658]: (-0.8, 2.7, 1.7) 55
[13:29:35.681]: (-0.8, 2.7, 1.7) 55
[13:29:35.702]: (-0.8, 2.7, 1.8) 55
[13:29:35.724]: (-0.8, 2.7, 1.7) 55
[13:29:35.791]: (-0.7, 2.7, 1.8) 55
[13:29:35.814]: (-0.7, 2.7, 1.7) 55
[13:29:35.970]: (-0.8, 2.7, 1.8) 55
[13:29:36.016]: (-0.8, 2.7, 1.8) 55
[13:29:36.052]: (-0.8, 2.7, 1.8) 55
[13:29:36.070]: (-0.8, 2.7, 1.7) 55
[13:29:36.087]: (-0.8, 2.7, 1.8) 55
[13:29:36.181]: (-0.8, 2.5, 1.6) 53
[13:29:36.200]: (-0.8, 2.6, 1.7) 52
[13:29:36.217]: (-0.9, 2.5, 1.7) 52
[13:29:36.234]: (-0.8, 2.6, 1.7) 52
[13:29:36.253]: (-0.9, 2.6, 1.7) 52
[13:29:36.270]: (-0.9, 2.6, 1.7) 52
[13:29:36.288]: (-0.8, 2.5, 1.7) 53
[13:29:36.304]: (-0.8, 2.5, 1.6) 53
[13:29:36.321]: (-0.9, 2.5, 1.7) 52
[13:29:36.368]: (-1.1, 1.6, 1.2) 48
[13:29:36.391]: (-1.1, 1.5, 1.1) 50
[13:29:36.414]: (-1.1, 1.4, 1.1) 50
[13:29:36.458]: (-1.1, 1.4, 1.1) 50
[13:29:36.702]: (-1.1, 1.5, 1.4) 47
[13:29:36.723]: (-0.9, 1.6, 1.2) 45
[13:29:38.211]: (0.5, 3.6, 2.1) 1
[13:29:38.234]: (0.2, 3.3, 1.9) 8
[13:29:38.256]: (0.3, 3.3, 1.9) 8
[13:29:38.279]: (0.3, 3.4, 1.9) 8
[13:29:38.301]: (0.3, 3.3, 1.9) 8
[13:29:38.322]: (0.2, 3.4, 1.9) 8
[13:29:38.345]: (0.2, 3.3, 1.9) 8
[13:29:38.368]: (0.2, 3.3, 1.9) 8
[13:29:38.390]: (0.2, 3.4, 1.9) 8
[13:29:38.413]: (0.2, 3.3, 1.9) 8
[13:29:38.434]: (0.2, 3.4, 2.0) 6
[13:29:38.456]: (0.2, 3.3, 2.0) 6
[13:29:38.478]: (0.2, 3.4, 2.1) 2
[13:29:38.501]: (0.2, 3.3, 2.0) 6
[13:29:38.523]: (0.3, 3.4, 2.1) 2
[13:29:39.267]: (-2.2, 2.3, 1.5) 40
[13:29:39.290]: (-2.2, 2.3, 1.5) 40
[13:29:39.311]: (-2.2, 2.3, 1.5) 40
[13:29:39.358]: (-2.2, 2.4, 1.5) 40
[13:29:40.613]: (-2.1, 3.2, 2.0) 34
[13:29:40.638]: (-2.1, 3.2, 2.0) 34
[13:29:40.683]: (-2.1, 3.2, 2.0) 34
[13:29:40.708]: (-2.0, 3.2, 2.0) 34
[13:29:40.730]: (-2.0, 3.2, 2.0) 34
[13:29:40.753]: (-2.0, 3.2, 2.0) 34
[13:29:40.774]: (-2.0, 3.2, 2.0) 34
[13:29:41.214]: (-1.9, 2.8, 1.6) 42
[13:29:41.323]: (-1.9, 2.8, 1.6) 42
[13:29:41.409]: (-1.8, 2.7, 1.6) 38
[13:29:41.431]: (-1.8, 2.7, 1.5) 39
[13:29:41.454]: (-1.8, 2.7, 1.5) 39
[13:29:41.476]: (-1.8, 2.7, 1.5) 39
[13:29:41.498]: (-1.8, 2.7, 1.5) 39
[13:29:41.521]: (-1.7, 2.7, 1.5) 39
[13:29:41.542]: (-1.7, 2.7, 1.5) 39
[13:29:41.564]: (-1.7, 2.7, 1.5) 39
[13:29:41.586]: (-1.7, 2.8, 1.7) 42
[13:29:41.608]: (-1.8, 2.8, 1.7) 42
[13:29:41.731]: (-1.9, 3.0, 1.8) 37
[13:29:41.753]: (-1.7, 2.7, 1.6) 39
[13:29:41.776]: (-1.9, 3.0, 1.8) 37
[13:29:41.881]: (-1.6, 2.8, 1.8) 42
[13:29:42.112]: (-0.5, 2.7, 1.7) 52
[13:29:42.810]: (0.9, 3.8, 1.7) 4
[13:29:43.144]: (1.0, 3.3, 2.0) 5
[13:29:43.232]: (0.9, 3.3, 2.0) 5
[13:29:43.256]: (0.9, 3.3, 2.0) 5
[13:29:43.277]: (0.9, 3.3, 2.0) 7
[13:29:43.299]: (0.9, 3.3, 2.0) 7
[13:29:43.323]: (0.9, 3.3, 2.0) 7
[13:29:43.412]: (0.8, 3.3, 2.1) 7
[13:29:43.436]: (0.8, 3.2, 2.1) 7
[13:29:43.459]: (0.7, 3.2, 2.1) 7
[13:29:43.592]: (0.5, 3.1, 2.2) 3
[13:29:43.614]: (0.4, 3.1, 2.2) 3
[13:29:43.635]: (0.5, 3.1, 2.3) 3
[13:29:43.657]: (0.5, 3.1, 2.3) 3
[13:29:43.680]: (0.5, 3.1, 2.3) 3
[13:29:43.702]: (0.5, 3.1, 2.3) 3
[13:29:43.724]: (0.4, 3.1, 2.3) 3
[13:29:43.747]: (0.4, 3.1, 2.3) 3
[13:29:43.790]: (0.4, 3.1, 2.3) 3
[13:29:43.814]: (0.4, 3.1, 2.3) 3
[13:29:43.835]: (0.4, 3.1, 2.3) 3
[13:29:43.857]: (0.4, 3.1, 2.3) 3
[13:29:43.939]: (0.3, 3.0, 2.1) 8
[13:29:44.002]: (0.3, 3.2, 2.3) 0
[13:29:44.019]: (0.3, 3.1, 2.1) 8
[13:29:44.036]: (0.3, 3.1, 2.1) 8
[13:29:44.052]: (0.3, 3.1, 2.1) 8
[13:29:44.069]: (0.3, 3.1, 2.1) 8
[13:29:44.100]: (0.3, 3.1, 2.1) 8
[13:29:44.115]: (0.3, 3.1, 2.1) 8
[13:29:44.131]: (0.3, 3.2, 2.3) 0
[13:29:44.148]: (0.3, 3.2, 2.3) 0
[13:29:44.166]: (0.3, 3.2, 2.3) 0
[13:29:44.259]: (0.3, 3.0, 2.1) 8
[13:29:44.276]: (0.3, 3.0, 2.1) 8
[13:29:44.292]: (0.3, 3.0, 2.1) 8
[13:29:44.309]: (0.3, 3.0, 2.1) 8
[13:29:44.325]: (0.3, 3.0, 2.1) 8
[13:29:44.341]: (0.3, 3.0, 2.1) 8
[13:29:44.358]: (0.3, 3.0, 2.1) 8
[13:29:44.376]: (0.3, 3.0, 2.1) 8
[13:29:44.398]: (0.3, 3.0, 2.1) 8
[13:29:44.620]: (0.3, 3.1, 2.3) 2
[13:29:45.498]: (1.9, 5.1, 3.4) 26
[13:29:45.521]: (1.9, 5.1, 3.4) 26
[13:29:45.544]: (1.7, 4.9, 3.3) 24
[13:29:46.376]: (0.8, 3.1, 2.1) 7
[13:29:46.831]: (0.6, 3.3, 2.2) 4
[13:29:46.846]: (0.6, 3.3, 2.2) 4
[13:29:46.863]: (0.6, 3.3, 2.2) 4
[13:29:46.879]: (0.6, 3.3, 2.2) 4
[13:29:46.925]: (0.6, 3.3, 2.2) 4
[13:29:46.943]: (0.6, 3.3, 2.2) 4
[13:29:46.960]: (0.6, 3.3, 2.2) 4
[13:29:46.976]: (0.6, 3.3, 2.2) 4
[13:29:46.992]: (0.6, 3.3, 2.2) 4
[13:29:47.009]: (0.6, 3.3, 2.2) 4
[13:29:47.026]: (0.6, 3.3, 2.2) 4
[13:29:47.045]: (0.6, 3.2, 2.2) 4
[13:29:47.061]: (0.6, 3.2, 2.2) 4
[13:29:47.078]: (0.6, 3.2, 2.2) 4
[13:29:47.096]: (0.6, 3.2, 2.2) 4
[13:29:47.112]: (0.6, 3.2, 2.2) 4
[13:29:47.131]: (0.6, 3.2, 2.2) 4
[13:29:47.154]: (0.6, 3.2, 2.2) 4
[13:29:47.176]: (0.6, 3.3, 2.2) 4
[13:29:47.835]: (0.8, 3.1, 2.2) 5
[13:29:47.884]: (0.8, 3.1, 2.2) 5
[13:29:52.057]: (0.2, 2.0, 1.9) 60
[13:29:52.226]: (0.3, 2.9, 2.1) 6
[13:29:52.243]: (0.3, 2.9, 2.1) 6
[13:29:52.274]: (0.4, 3.0, 2.3) 2
[13:29:52.318]: (0.4, 3.0, 2.3) 2
[13:29:52.363]: (0.6, 3.2, 2.2) 4
[13:29:52.385]: (0.6, 3.2, 2.2) 4
[13:29:52.406]: (0.6, 3.2, 2.2) 4
[13:29:52.429]: (0.6, 3.2, 2.2) 4
[13:29:52.452]: (0.6, 3.3, 2.2) 4
[13:29:52.474]: (0.6, 3.3, 2.2) 4
[13:29:52.496]: (0.6, 3.2, 2.2) 4
[13:29:52.517]: (0.6, 3.2, 2.2) 4
[13:29:52.563]: (0.6, 3.3, 2.2) 4
[13:29:52.585]: (0.6, 3.3, 2.2) 4
[13:29:52.607]: (0.6, 3.3, 2.2) 4
[13:29:52.652]: (0.6, 3.3, 2.2) 4
[13:29:52.674]: (0.6, 3.3, 2.2) 4
[13:29:52.695]: (0.6, 3.2, 2.2) 4
[13:29:52.719]: (0.6, 3.3, 2.2) 4
[13:29:53.166]: (0.6, 3.1, 2.1) 3
[13:29:53.189]: (0.5, 3.1, 2.1) 3
[13:29:53.213]: (0.5, 3.0, 1.9) 8
[13:29:53.236]: (0.5, 3.0, 1.9) 8
[13:29:53.258]: (0.5, 3.0, 1.9) 8
[13:29:53.278]: (0.4, 3.0, 1.9) 8
[13:29:53.302]: (0.4, 3.0, 1.9) 8
[13:29:53.323]: (0.4, 3.1, 2.0) 6
[13:29:54.540]: (-0.6, 2.5, 1.8) 52
[13:29:54.563]: (-0.7, 2.5, 1.8) 52
[13:29:54.651]: (-0.6, 2.5, 1.8) 52
[13:29:54.673]: (-0.6, 2.5, 1.8) 52
[13:29:54.695]: (-0.6, 2.4, 1.9) 52
[13:29:54.873]: (-0.8, 2.5, 1.8) 54
[13:29:54.894]: (-0.8, 2.5, 1.7) 54
[13:29:54.918]: (-0.8, 2.6, 1.7) 54
[13:29:55.027]: (-1.9, 3.5, 2.0) 33
[13:29:55.050]: (-1.9, 3.5, 2.0) 33
[13:29:55.185]: (-1.7, 3.5, 1.9) 28
[13:29:55.206]: (-1.6, 3.4, 1.9) 30
[13:29:55.272]: (-1.6, 3.4, 1.9) 30
[13:29:55.295]: (-1.9, 2.7, 1.7) 42
[13:29:55.338]: (-1.9, 2.6, 1.7) 42
[13:29:55.364]: (-1.9, 2.6, 1.7) 42
[13:29:55.386]: (-1.9, 2.6, 1.7) 42
[13:29:55.404]: (-1.9, 2.6, 1.7) 42
[13:29:55.420]: (-1.9, 2.6, 1.7) 42
[13:29:55.438]: (-1.9, 2.6, 1.7) 42
[13:29:55.825]: (-0.5, 2.5, 1.9) 55
[13:29:56.084]: (-0.5, 2.5, 1.8) 52
[13:29:56.130]: (-0.5, 2.4, 1.8) 52
[13:29:56.153]: (-0.5, 2.4, 1.8) 52
[13:29:56.175]: (-0.5, 2.4, 1.8) 52
[13:29:56.196]: (-0.5, 2.4, 1.8) 52
[13:29:56.220]: (-0.5, 2.4, 1.8) 52
[13:29:56.242]: (-0.5, 2.4, 1.8) 52
[13:29:56.266]: (-0.5, 2.5, 1.8) 52
[13:29:56.291]: (-0.5, 2.4, 1.8) 52
[13:29:56.314]: (-0.5, 2.5, 1.8) 52
[13:29:56.336]: (-0.5, 2.5, 1.8) 52
[13:29:56.359]: (-0.5, 2.4, 1.8) 52
[13:29:56.383]: (-0.5, 2.4, 1.9) 52
[13:29:57.606]: (-0.5, 2.3, 1.7) 53
[13:29:57.638]: (-0.6, 2.4, 1.7) 53
[13:29:57.672]: (-0.5, 2.4, 1.7) 53
[13:29:57.706]: (-0.6, 2.4, 1.7) 53
[13:29:58.016]: (-1.1, 1.9, 1.4) 43
[13:29:58.039]: (-1.1, 1.9, 1.4) 43
[13:29:58.149]: (-1.0, 1.8, 1.3) 46
[13:29:59.407]: (-1.2, 1.9, 1.4) 43
[13:29:59.448]: (-1.1, 1.6, 1.5) 47
[13:29:59.470]: (-1.1, 1.6, 1.6) 47
[13:29:59.671]: (-1.1, 1.6, 1.5) 47
[13:29:59.692]: (-1.1, 1.6, 1.5) 47
[13:29:59.714]: (-1.1, 1.6, 1.5) 47
[13:29:59.760]: (-1.1, 1.6, 1.5) 47
[13:29:59.781]: (-1.1, 1.6, 1.5) 47
[13:30:00.170]: (-1.1, 1.6, 1.4) 48
[13:30:00.309]: (-1.7, 3.0, 1.7) 36
[13:30:00.525]: (-1.7, 3.0, 1.7) 36
[13:30:00.636]: (-1.8, 2.8, 1.7) 42
[13:30:00.659]: (-1.7, 2.8, 1.7) 42
[13:30:00.681]: (-1.8, 2.8, 1.6) 42
[13:30:00.702]: (-1.8, 2.8, 1.6) 42
[13:30:00.725]: (-1.8, 2.8, 1.6) 42
[13:30:00.747]: (-1.8, 2.8, 1.6) 42
[13:30:00.770]: (-1.8, 2.8, 1.7) 42
[13:30:00.787]: (-1.8, 2.8, 1.7) 42
[13:30:00.804]: (-1.8, 2.8, 1.7) 42
[13:30:00.821]: (-1.8, 2.8, 1.7) 42
[13:30:00.854]: (-1.8, 2.8, 1.7) 42
[13:30:00.872]: (-1.8, 2.8, 1.7) 42
[13:30:00.890]: (-1.8, 2.8, 1.7) 42
[13:30:00.906]: (-1.8, 2.8, 1.7) 42
[13:30:00.955]: (-1.8, 2.8, 1.7) 42
[13:30:00.971]: (-1.8, 2.8, 1.7) 42
[13:30:00.989]: (-1.8, 2.8, 1.7) 42
[13:30:01.020]: (-1.8, 2.8, 1.6) 42
[13:30:01.037]: (-1.8, 2.8, 1.6) 42
[13:30:01.248]: (-1.7, 2.9, 1.7) 42
[13:30:01.359]: (-1.7, 2.9, 1.7) 42
[13:30:01.449]: (-1.7, 2.9, 1.7) 42
[13:30:01.536]: (-1.6, 2.9, 1.7) 42
[13:30:01.767]: (-1.7, 2.9, 1.7) 42
[13:30:01.815]: (-1.7, 2.9, 1.7) 42
[13:30:01.878]: (-1.7, 2.9, 1.7) 42
[13:30:01.895]: (-1.7, 2.9, 1.7) 42
[13:30:01.913]: (-1.7, 2.9, 1.7) 42
[13:30:02.447]: (-1.7, 2.9, 1.7) 42
[13:30:02.470]: (-1.7, 2.9, 1.7) 42
[13:30:02.492]: (-1.7, 2.8, 1.7) 42
[13:30:02.513]: (-1.7, 2.8, 1.7) 42
[13:30:02.535]: (-1.7, 2.8, 1.7) 42
[13:30:02.558]: (-1.7, 2.8, 1.7) 42
[13:30:02.575]: (-1.7, 2.8, 1.7) 42
[13:30:02.592]: (-1.7, 2.8, 1.7) 42
[13:30:02.609]: (-1.7, 2.8, 1.7) 42
[13:30:02.626]: (-1.7, 2.8, 1.7) 42
[13:30:02.645]: (-1.7, 2.8, 1.7) 42
[13:30:02.661]: (-1.7, 2.8, 1.7) 42
[13:30:02.679]: (-1.7, 2.8, 1.7) 42
[13:30:02.694]: (-1.7, 2.8, 1.7) 42
[13:30:02.741]: (-1.7, 2.9, 1.7) 42
[13:30:02.876]: (-1.9, 3.0, 1.8) 37
[13:30:02.908]: (-1.9, 3.0, 1.8) 37
[13:30:02.925]: (-1.7, 2.9, 1.7) 42
[13:30:02.957]: (-1.7, 2.9, 1.7) 42
[13:30:02.990]: (-1.7, 2.9, 1.7) 42
[13:30:03.013]: (-1.7, 2.9, 1.7) 42
[13:30:03.035]: (-1.7, 2.9, 1.7) 42
[13:30:03.214]: (-1.7, 2.9, 1.7) 42
[13:30:03.235]: (-1.7, 2.9, 1.7) 42
[13:30:03.257]: (-1.7, 2.9, 1.7) 42
[13:30:03.281]: (-1.7, 2.8, 1.7) 42
[13:30:03.675]: (-1.7, 2.9, 1.6) 42
[13:30:03.696]: (-1.7, 2.9, 1.5) 42
[13:30:03.718]: (-1.7, 3.0, 1.5) 42
[13:30:03.761]: (-1.6, 3.0, 1.6) 42
[13:30:03.803]: (-1.5, 2.9, 1.4) 39
[13:30:03.826]: (-1.5, 2.9, 1.4) 39
[13:30:03.885]: (-1.5, 2.9, 1.4) 39
[13:30:03.906]: (-1.6, 3.0, 1.5) 38
[13:30:04.095]: (-1.5, 3.0, 1.4) 39
[13:30:04.120]: (-1.4, 3.0, 1.4) 39
[13:30:04.182]: (-1.4, 3.0, 1.4) 39
[13:30:04.213]: (-1.4, 3.0, 1.4) 39
[13:30:04.249]: (-1.3, 3.1, 1.7) 42
[13:30:04.280]: (-1.3, 3.1, 1.7) 42
[13:30:04.314]: (-1.3, 3.1, 1.7) 42
[13:30:04.346]: (-1.3, 3.1, 1.7) 42
[13:30:04.380]: (-1.3, 3.1, 1.7) 42
[13:30:04.414]: (-1.3, 3.1, 1.7) 42
[13:30:04.447]: (-1.3, 3.1, 1.7) 42
[13:30:04.481]: (-1.3, 3.1, 1.7) 42
[13:30:04.513]: (-1.3, 3.1, 1.7) 42
[13:30:04.780]: (-1.2, 3.2, 1.7) 42
[13:30:04.814]: (-1.2, 3.1, 1.7) 42
[13:30:04.847]: (-1.2, 3.1, 1.7) 42
[13:30:04.869]: (-1.2, 3.1, 1.7) 42
[13:30:04.891]: (-1.2, 3.1, 1.7) 42
[13:30:04.913]: (-1.2, 3.1, 1.7) 42
[13:30:04.935]: (-1.2, 3.1, 1.7) 42
[13:30:04.959]: (-1.2, 3.1, 1.8) 42
[13:30:04.983]: (-1.2, 3.1, 1.7) 42
[13:30:05.003]: (-1.2, 3.1, 1.7) 42
[13:30:05.024]: (-1.2, 3.1, 1.7) 42
[13:30:05.046]: (-1.2, 3.1, 1.7) 42
[13:30:05.069]: (-1.2, 3.1, 1.7) 42
[13:30:05.090]: (-1.2, 3.1, 1.7) 42
[13:30:05.113]: (-1.2, 3.1, 1.8) 42
[13:30:05.136]: (-1.2, 3.1, 1.8) 42
[13:30:05.157]: (-1.2, 3.1, 1.8) 42
[13:30:05.180]: (-1.2, 3.1, 1.8) 42
[13:30:05.202]: (-1.2, 3.1, 1.8) 42
[13:30:05.225]: (-1.2, 3.1, 1.8) 42
[13:30:05.270]: (-1.2, 3.1, 1.8) 42
[13:30:05.290]: (-1.2, 3.1, 1.8) 42
[13:30:05.424]: (-1.2, 3.0, 1.6) 39
[13:30:05.447]: (-1.2, 3.0, 1.6) 39
[13:30:05.468]: (-1.2, 3.0, 1.6) 39
[13:30:05.490]: (-1.2, 3.0, 1.5) 39
[13:30:05.513]: (-1.2, 3.0, 1.5) 39
[13:30:05.535]: (-1.2, 3.0, 1.5) 39
[13:30:05.557]: (-1.2, 3.0, 1.5) 39
[13:30:05.580]: (-1.2, 3.0, 1.5) 39
[13:30:05.601]: (-1.2, 3.0, 1.5) 39
[13:30:05.623]: (-1.3, 3.0, 1.5) 39
[13:30:05.646]: (-1.3, 3.0, 1.5) 39
[13:30:05.671]: (-1.3, 3.0, 1.5) 39
[13:30:05.693]: (-1.3, 3.0, 1.5) 39
[13:30:05.716]: (-1.3, 3.0, 1.5) 39
[13:30:05.739]: (-1.3, 3.0, 1.5) 39
[13:30:05.760]: (-1.3, 3.0, 1.5) 39
[13:30:05.783]: (-1.4, 3.3, 1.8) 37
[13:30:05.804]: (-1.4, 3.3, 1.8) 37
[13:30:05.828]: (-1.4, 3.3, 1.8) 37
[13:30:05.850]: (-1.4, 3.3, 1.8) 37
[13:30:05.873]: (-1.3, 3.0, 1.5) 39
[13:30:05.899]: (-1.3, 3.0, 1.5) 39
[13:30:05.920]: (-1.3, 3.0, 1.5) 39
[13:30:05.940]: (-1.3, 3.0, 1.5) 39
[13:30:05.963]: (-1.3, 3.1, 1.5) 39
[13:30:06.209]: (-1.1, 3.2, 1.7) 40
[13:30:06.230]: (-1.1, 3.1, 1.7) 40
[13:30:06.247]: (-1.1, 3.1, 1.7) 40
[13:30:06.265]: (-1.1, 3.1, 1.7) 40
[13:30:06.327]: (-1.0, 3.1, 1.7) 38
[13:30:06.347]: (-1.0, 3.1, 1.8) 38
[13:30:06.367]: (-1.0, 3.2, 1.8) 38
[13:30:06.383]: (-0.9, 3.2, 1.8) 42
[13:30:06.401]: (-0.9, 3.2, 1.9) 42
[13:30:06.432]: (-0.9, 3.2, 1.9) 42
[13:30:06.465]: (-0.9, 3.2, 1.9) 42
[13:30:06.499]: (-0.9, 3.2, 1.9) 42
[13:30:06.834]: (1.8, 2.3, 3.0) 67
[13:30:06.923]: (1.8, 2.3, 3.0) 67
[13:30:06.946]: (1.7, 2.3, 3.0) 67
[13:30:06.968]: (1.7, 2.4, 3.0) 67
[13:30:06.990]: (1.7, 2.4, 3.0) 67
[13:30:07.202]: (2.0, 1.5, 2.9) 9
[13:30:07.245]: (2.0, 1.5, 2.8) 11
[13:30:07.422]: (1.8, 1.5, 3.0) 11
[13:30:07.444]: (1.8, 1.6, 3.0) 11
[13:30:07.465]: (1.8, 1.6, 3.0) 11
[13:30:07.485]: (1.8, 1.6, 3.0) 11
[13:30:07.546]: (1.7, 1.6, 3.0) 11
[13:30:07.590]: (1.6, 1.6, 3.1) 10
[13:30:07.611]: (1.5, 1.6, 3.1) 10
[13:30:07.634]: (1.5, 1.7, 3.1) 10
[13:30:07.655]: (1.5, 1.7, 3.1) 10
[13:30:08.160]: (1.3, 2.1, 3.1) 11
[13:30:08.184]: (1.3, 2.1, 3.1) 11
[13:30:08.911]: (1.2, 2.0, 3.1) 10
[13:30:08.956]: (1.2, 2.0, 3.1) 10
[13:30:08.978]: (1.2, 2.0, 3.1) 10
[13:30:09.000]: (1.2, 2.1, 3.1) 10
[13:30:09.023]: (1.2, 2.1, 3.1) 10
[13:30:09.039]: (1.2, 2.1, 3.1) 10
[13:30:09.056]: (1.2, 2.1, 3.1) 10
[13:30:09.091]: (1.2, 2.1, 3.1) 10
[13:30:09.109]: (1.2, 2.1, 3.1) 10
[13:30:09.124]: (1.2, 2.1, 3.1) 10
[13:30:09.141]: (1.2, 2.1, 3.2) 10
[13:30:09.387]: (1.2, 2.0, 3.2) 10
[13:30:09.404]: (1.2, 2.0, 3.2) 10
[13:30:09.422]: (1.2, 2.0, 3.2) 10
[13:30:09.438]: (1.2, 2.0, 3.1) 10
[13:30:09.456]: (1.2, 2.0, 3.1) 10
[13:30:09.471]: (1.2, 2.0, 3.2) 10
[13:30:09.489]: (1.2, 2.0, 3.2) 10
[13:30:09.512]: (1.2, 2.1, 3.1) 10
[13:30:09.533]: (1.2, 2.0, 3.1) 10
[13:30:09.556]: (1.1, 2.0, 3.1) 12
[13:30:09.578]: (1.2, 2.0, 3.1) 10
[13:30:09.600]: (1.2, 2.0, 3.1) 10
[13:30:09.669]: (1.2, 2.0, 3.2) 10
[13:30:09.779]: (1.2, 2.0, 3.1) 11
[13:30:09.801]: (1.2, 2.0, 3.1) 11
[13:30:09.823]: (1.2, 2.0, 3.1) 11
[13:30:09.845]: (1.2, 2.0, 3.1) 11
[13:30:09.868]: (1.2, 2.0, 3.1) 11
[13:30:09.889]: (1.2, 2.0, 3.1) 11
[13:30:09.908]: (1.2, 2.0, 3.1) 11
[13:30:09.923]: (1.2, 2.0, 3.2) 11
[13:30:09.941]: (1.2, 2.0, 3.2) 11
[13:30:11.655]: (0.4, 2.3, 2.9) 1
[13:30:11.875]: (0.5, 2.3, 2.9) 1
