[13:32:53.347]: (-1.4, -1.9, 0.0) 38
[13:32:53.367]: (-1.4, -1.8, 0.0) 38
[13:32:53.389]: (-1.4, -1.9, 0.0) 38
[13:32:53.634]: (-0.9, -0.8, 0.0) 16
[13:32:53.656]: (-0.9, -0.9, 0.0) 16
[13:32:53.678]: (-0.9, -0.9, 0.0) 16
[13:32:53.700]: (-0.9, -0.9, 0.0) 16
[13:32:53.724]: (-0.9, -0.9, 0.0) 16
[13:32:53.750]: (-0.9, -0.9, 0.0) 16
[13:32:53.772]: (-0.9, -0.9, 0.0) 16
[13:32:53.817]: (-1.0, -0.9, 0.0) 16
[13:32:53.839]: (-0.9, -0.9, 0.0) 16
[13:32:53.861]: (-0.9, -0.9, 0.0) 16
[13:32:53.884]: (-0.9, -0.9, 0.0) 16
[13:32:53.906]: (-0.9, -0.9, 0.0) 16
[13:32:53.928]: (-0.9, -0.9, 0.0) 16
[13:32:53.950]: (-0.9, -0.9, 0.0) 16
[13:32:53.972]: (-0.9, -0.9, 0.0) 16
[13:32:53.995]: (-0.9, -0.9, 0.0) 16
[13:32:54.019]: (-0.9, -0.9, 0.0) 16
[13:32:54.430]: (-2.8, -0.6, 0.3) 2
[13:32:54.452]: (-2.8, -0.5, 0.3) 8
[13:32:54.475]: (-2.8, -0.5, 0.4) 2
[13:32:54.497]: (-2.9, -0.4, 0.5) 2
[13:32:54.519]: (-2.9, -0.3, 0.6) 2
[13:32:54.540]: (-2.9, -0.2, 0.7) 8
[13:32:54.561]: (-2.9, -0.2, 0.8) 7
[13:32:54.583]: (-2.9, -0.1, 0.8) 2
[13:32:54.604]: (-2.9, -0.1, 0.9) 7
[13:32:54.726]: (-2.9, 0.5, 1.4) 7
[13:32:54.848]: (-2.6, 1.1, 1.8) 7
[13:32:55.378]: (-1.6, 2.1, 2.2) 33
[13:32:55.401]: (-1.6, 2.2, 2.4) 34
[13:32:55.424]: (-1.5, 2.3, 2.4) 38
[13:32:55.446]: (-1.5, 2.3, 2.4) 38
[13:32:55.488]: (-1.4, 2.3, 2.5) 38
[13:32:55.509]: (-1.4, 2.3, 2.5) 38
[13:32:55.529]: (-1.4, 2.3, 2.5) 38
[13:32:55.552]: (-1.1, 2.0, 1.8) 17
[13:32:55.574]: (-1.3, 2.1, 2.3) 33
[13:32:55.597]: (-1.3, 2.1, 2.3) 33
[13:32:55.618]: (-1.3, 2.1, 2.3) 33
[13:32:55.642]: (-1.1, 2.0, 1.8) 17
[13:32:55.667]: (-1.0, 1.9, 1.6) 10
[13:32:55.689]: (-1.1, 1.9, 1.6) 10
[13:32:55.707]: (-1.3, 2.2, 2.4) 33
[13:32:55.728]: (-1.2, 2.2, 2.4) 33
[13:32:55.746]: (-1.3, 2.2, 2.3) 33
[13:32:55.770]: (-1.3, 2.2, 2.3) 33
[13:32:55.792]: (-1.3, 2.2, 2.3) 33
[13:32:55.809]: (-1.3, 2.2, 2.3) 33
[13:32:55.826]: (-1.3, 2.2, 2.3) 33
[13:32:55.844]: (-1.3, 2.2, 2.3) 33
[13:32:55.860]: (-1.3, 2.2, 2.3) 33
[13:32:55.878]: (-1.3, 2.2, 2.3) 33
[13:32:55.900]: (-1.3, 2.2, 2.3) 33
[13:32:55.934]: (-1.0, 2.0, 1.6) 15
[13:32:55.967]: (-1.0, 2.0, 1.6) 15
[13:32:56.000]: (-1.0, 2.0, 1.6) 15
[13:32:56.134]: (-1.1, 2.0, 1.5) 15
[13:32:56.202]: (-1.3, 2.3, 2.5) 38
[13:32:56.233]: (-1.0, 2.0, 1.6) 15
[13:32:56.267]: (-1.0, 2.0, 1.5) 15
[13:32:56.300]: (-1.0, 2.0, 1.6) 15
[13:32:56.333]: (-1.2, 2.4, 2.6) 38
[13:32:56.368]: (-1.1, 2.3, 2.4) 33
[13:32:56.400]: (-0.9, 2.0, 1.6) 15
[13:32:56.434]: (-1.0, 2.4, 2.4) 33
[13:32:56.467]: (-0.8, 2.1, 1.7) 10
[13:32:56.501]: (-0.7, 2.1, 1.7) 10
[13:32:56.533]: (-0.6, 2.1, 1.7) 9
[13:32:56.568]: (-0.5, 2.2, 1.7) 9
[13:32:56.601]: (-0.5, 2.2, 1.7) 13
[13:32:56.634]: (-0.4, 2.2, 1.7) 13
[13:32:56.811]: (-0.1, 2.5, 1.7) 18
[13:32:56.834]: (-0.1, 2.5, 1.7) 18
[13:32:56.855]: (0.0, 2.6, 1.7) 18
[13:32:56.878]: (-0.1, 2.6, 1.7) 18
[13:32:56.900]: (0.0, 2.6, 1.7) 18
[13:32:56.921]: (-0.1, 2.5, 1.6) 10
[13:32:56.944]: (-0.1, 2.5, 1.5) 10
[13:32:56.965]: (-0.1, 2.6, 1.7) 18
[13:32:56.988]: (-0.1, 2.5, 1.6) 10
[13:32:57.010]: (-0.1, 2.5, 1.6) 10
[13:32:57.032]: (-0.1, 2.6, 1.7) 18
[13:32:57.054]: (-0.1, 2.5, 1.6) 10
[13:32:57.077]: (-0.1, 2.5, 1.6) 10
[13:32:57.099]: (-0.1, 2.5, 1.6) 10
[13:32:57.121]: (-0.1, 2.6, 1.7) 18
[13:32:57.144]: (-0.1, 2.6, 1.7) 18
[13:32:57.166]: (-0.1, 2.6, 1.7) 18
[13:32:57.188]: (-0.1, 2.5, 1.5) 10
[13:32:57.211]: (-0.1, 2.5, 1.5) 10
[13:32:57.233]: (-0.1, 2.5, 1.5) 10
[13:32:57.255]: (-0.1, 2.5, 1.5) 10
[13:32:57.277]: (-0.1, 2.5, 1.5) 10
[13:32:57.299]: (-0.1, 2.6, 1.7) 18
[13:32:57.322]: (-0.1, 2.6, 1.6) 18
[13:32:57.346]: (-0.1, 2.6, 1.6) 18
[13:32:57.368]: (-0.1, 2.6, 1.7) 18
[13:32:57.393]: (-0.1, 2.5, 1.5) 13
[13:32:57.438]: (0.0, 2.6, 1.5) 13
[13:32:57.592]: (0.0, 2.7, 1.2) 16
[13:32:58.423]: (-0.5, 2.7, 1.2) 16
[13:32:58.644]: (-0.4, 2.7, 1.2) 16
[13:32:58.666]: (-0.4, 2.6, 1.2) 16
[13:32:58.688]: (-0.4, 2.7, 1.2) 16
[13:32:58.855]: (-0.5, 2.7, 1.0) 16
[13:32:58.877]: (-0.5, 2.7, 1.0) 16
[13:32:58.898]: (-0.5, 2.7, 1.1) 16
[13:32:58.918]: (-0.5, 2.7, 1.0) 16
[13:32:58.940]: (-0.5, 2.7, 1.1) 16
[13:32:58.962]: (-0.5, 2.7, 1.1) 16
[13:32:58.983]: (-0.5, 2.7, 1.1) 16
[13:32:59.006]: (-0.5, 2.7, 1.1) 16
[13:32:59.148]: (-0.6, 3.3, 1.7) 33
[13:32:59.168]: (-0.6, 3.3, 1.7) 33
[13:32:59.191]: (-0.6, 3.4, 1.7) 33
[13:32:59.212]: (-0.6, 3.5, 1.9) 34
[13:32:59.234]: (-0.6, 3.5, 1.9) 34
[13:32:59.252]: (-0.6, 3.3, 1.8) 33
[13:32:59.274]: (-0.5, 3.3, 1.8) 33
[13:32:59.294]: (-0.5, 3.3, 1.8) 33
[13:32:59.310]: (-0.5, 3.3, 1.8) 33
[13:32:59.327]: (-0.5, 3.3, 1.8) 33
[13:32:59.345]: (-0.5, 3.3, 1.8) 33
[13:32:59.362]: (-0.5, 3.3, 1.8) 33
[13:32:59.377]: (-0.5, 3.3, 1.8) 33
[13:32:59.398]: (-0.5, 3.3, 1.8) 33
[13:32:59.420]: (-0.5, 3.3, 1.8) 33
[13:32:59.443]: (-0.5, 3.3, 1.8) 33
[13:32:59.466]: (-0.5, 3.3, 1.8) 33
[13:32:59.487]: (-0.5, 3.3, 1.8) 33
[13:32:59.510]: (-0.5, 3.3, 1.8) 33
[13:32:59.532]: (-0.6, 3.3, 1.8) 33
[13:32:59.554]: (-0.6, 3.3, 1.8) 33
[13:32:59.577]: (-0.6, 3.3, 1.9) 33
[13:32:59.598]: (-0.5, 3.3, 1.9) 33
[13:33:00.423]: (-0.5, 2.7, 1.1) 16
[13:33:00.456]: (-0.5, 2.8, 1.1) 16
[13:33:00.489]: (-0.5, 2.9, 1.2) 11
[13:33:00.820]: (-0.7, 3.4, 1.6) 33
[13:33:00.856]: (-0.7, 3.3, 1.6) 33
[13:33:00.888]: (-0.7, 3.3, 1.6) 33
[13:33:00.921]: (-0.7, 3.3, 1.6) 33
[13:33:02.875]: (-0.9, 3.3, 1.6) 33
[13:33:02.964]: (-0.9, 3.3, 1.5) 33
[13:33:02.985]: (-0.9, 3.3, 1.5) 33
[13:33:04.487]: (0.2, 3.4, 1.3) 6
[13:33:04.503]: (0.3, 3.4, 1.3) 6
[13:33:04.520]: (0.3, 3.4, 1.3) 6
[13:33:04.536]: (0.3, 3.4, 1.3) 6
[13:33:04.552]: (0.3, 3.4, 1.3) 6
[13:33:04.574]: (0.3, 3.4, 1.2) 6
[13:33:04.597]: (0.3, 3.4, 1.2) 6
[13:33:04.619]: (0.3, 3.4, 1.3) 6
[13:33:04.641]: (0.3, 3.4, 1.3) 6
[13:33:05.243]: (0.4, 3.5, 1.3) 7
[13:33:05.260]: (0.4, 3.5, 1.3) 7
[13:33:05.396]: (0.3, 3.4, 1.2) 6
[13:33:05.418]: (0.3, 3.4, 1.2) 6
[13:33:05.440]: (0.2, 3.4, 1.2) 6
[13:33:05.462]: (0.2, 3.4, 1.2) 6
[13:33:05.596]: (-0.9, 2.6, 1.2) 10
[13:33:05.618]: (-1.0, 2.4, 1.2) 14
[13:33:05.641]: (-1.0, 2.4, 1.2) 14
[13:33:05.662]: (-1.0, 2.4, 1.2) 14
[13:33:05.685]: (-1.0, 2.4, 1.2) 14
[13:33:05.707]: (-1.0, 2.4, 1.2) 14
[13:33:05.729]: (-1.0, 2.5, 1.2) 14
[13:33:05.752]: (-1.0, 2.4, 1.2) 14
[13:33:05.774]: (-1.0, 2.5, 1.2) 14
[13:33:05.795]: (-1.0, 2.5, 1.2) 14
[13:33:05.811]: (-1.0, 2.4, 1.2) 14
[13:33:05.829]: (-1.0, 2.5, 1.2) 9
[13:33:05.845]: (-1.0, 2.5, 1.2) 9
[13:33:05.863]: (-1.0, 2.6, 1.2) 9
[13:33:05.878]: (-1.0, 2.5, 1.2) 9
[13:33:05.894]: (-0.9, 2.5, 1.2) 9
[13:33:05.910]: (-0.9, 2.5, 1.2) 9
[13:33:05.927]: (-0.9, 2.5, 1.2) 9
[13:33:05.944]: (-0.9, 2.5, 1.3) 9
[13:33:05.960]: (-0.9, 2.5, 1.2) 9
[13:33:05.976]: (-0.9, 2.5, 1.2) 9
[13:33:05.994]: (-0.9, 2.5, 1.3) 9
[13:33:06.011]: (-0.9, 2.5, 1.3) 9
[13:33:06.028]: (-0.9, 2.5, 1.3) 9
[13:33:06.045]: (-0.9, 2.5, 1.3) 9
[13:33:06.077]: (-1.0, 2.6, 1.4) 18
[13:33:06.093]: (-1.0, 2.6, 1.4) 18
[13:33:06.110]: (-1.0, 2.6, 1.4) 18
[13:33:06.128]: (-1.0, 2.6, 1.4) 18
[13:33:06.144]: (-1.0, 2.6, 1.4) 18
[13:33:06.161]: (-1.0, 2.6, 1.4) 18
[13:33:06.179]: (-0.9, 2.6, 1.4) 18
[13:33:06.197]: (-0.9, 2.6, 1.4) 18
[13:33:06.214]: (-0.9, 2.6, 1.4) 18
[13:33:06.230]: (-0.9, 2.6, 1.4) 18
[13:33:06.252]: (-0.9, 2.5, 1.3) 10
[13:33:06.273]: (-0.9, 2.5, 1.2) 10
[13:33:06.296]: (-0.9, 2.5, 1.2) 10
[13:33:06.318]: (-0.9, 2.5, 1.2) 10
[13:33:06.341]: (-0.9, 2.5, 1.2) 10
[13:33:06.362]: (-0.9, 2.5, 1.2) 10
[13:33:06.384]: (-0.9, 2.5, 1.2) 10
[13:33:06.407]: (-0.9, 2.5, 1.2) 10
[13:33:06.429]: (-0.9, 2.5, 1.2) 10
[13:33:06.452]: (-0.9, 2.5, 1.2) 10
[13:33:06.473]: (-0.9, 2.5, 1.2) 10
[13:33:06.496]: (-0.9, 2.5, 1.2) 10
[13:33:06.518]: (-0.9, 2.5, 1.2) 10
[13:33:06.540]: (-0.9, 2.5, 1.2) 10
[13:33:06.562]: (-0.9, 2.5, 1.2) 10
[13:33:06.584]: (-0.9, 2.5, 1.2) 10
[13:33:06.607]: (-0.9, 2.5, 1.2) 10
[13:33:06.629]: (-0.9, 2.5, 1.2) 10
[13:33:06.652]: (-0.9, 2.5, 1.2) 10
[13:33:06.673]: (-0.9, 2.6, 1.2) 9
[13:33:06.695]: (-0.9, 2.6, 1.2) 9
[13:33:06.720]: (-0.9, 2.6, 1.2) 9
[13:33:06.779]: (-0.9, 2.6, 1.3) 13
[13:33:06.800]: (-0.9, 2.6, 1.2) 13
[13:33:06.821]: (-0.9, 2.6, 1.2) 13
[13:33:06.843]: (-0.9, 2.6, 1.2) 13
[13:33:06.865]: (-0.9, 2.6, 1.2) 13
[13:33:07.021]: (-0.7, 2.9, 1.1) 18
[13:33:07.043]: (-0.6, 2.8, 1.0) 10
[13:33:07.064]: (-0.6, 2.8, 1.0) 10
[13:33:07.088]: (-0.7, 2.8, 1.0) 10
[13:33:07.109]: (-0.6, 2.8, 1.0) 10
[13:33:07.130]: (-0.6, 2.8, 1.0) 10
[13:33:07.153]: (-0.6, 2.8, 1.0) 9
[13:33:07.176]: (-0.6, 2.8, 1.0) 9
[13:33:07.199]: (-0.7, 2.8, 0.9) 9
[13:33:07.219]: (-0.6, 2.8, 0.9) 10
[13:33:07.234]: (-0.6, 2.9, 1.0) 10
[13:33:07.254]: (-0.6, 2.8, 1.0) 10
[13:33:07.271]: (-0.6, 2.8, 1.0) 10
[13:33:07.287]: (-0.7, 2.9, 1.0) 10
[13:33:07.304]: (-0.7, 2.9, 1.0) 10
[13:33:07.320]: (-0.6, 2.8, 1.0) 10
[13:33:07.341]: (-0.6, 2.8, 1.0) 10
[13:33:07.366]: (-0.6, 2.8, 1.0) 10
[13:33:07.390]: (-0.6, 2.8, 1.0) 10
[13:33:07.408]: (-0.6, 2.8, 0.9) 10
[13:33:07.430]: (-0.6, 2.8, 0.9) 10
[13:33:07.452]: (-0.6, 2.8, 0.9) 10
[13:33:07.475]: (-0.6, 2.8, 1.0) 10
[13:33:07.495]: (-0.6, 2.8, 1.0) 10
[13:33:07.519]: (-0.6, 2.8, 1.0) 10
[13:33:07.540]: (-0.6, 2.8, 1.0) 10
[13:33:07.562]: (-0.7, 3.0, 1.1) 18
[13:33:07.586]: (-0.7, 2.9, 1.1) 18
[13:33:07.608]: (-0.6, 2.8, 1.0) 10
[13:33:07.629]: (-0.6, 2.8, 1.0) 10
[13:33:07.652]: (-0.6, 2.8, 1.0) 10
[13:33:07.674]: (-0.6, 2.8, 1.0) 10
[13:33:07.695]: (-0.6, 2.8, 1.0) 10
[13:33:07.719]: (-0.6, 2.8, 1.0) 10
[13:33:07.740]: (-0.6, 2.8, 1.0) 10
[13:33:07.759]: (-0.6, 2.8, 1.0) 10
[13:33:07.776]: (-0.6, 2.8, 1.0) 10
[13:33:07.794]: (-0.6, 2.8, 1.0) 10
[13:33:07.812]: (-0.6, 2.8, 1.0) 10
[13:33:07.835]: (-0.6, 2.8, 1.0) 10
[13:33:07.860]: (-0.6, 2.8, 1.0) 10
[13:33:07.883]: (-0.6, 2.8, 1.0) 10
[13:33:07.907]: (-0.6, 2.8, 1.0) 10
[13:33:07.930]: (-0.6, 2.8, 1.0) 10
[13:33:07.954]: (-0.6, 2.8, 0.9) 10
[13:33:07.977]: (-0.6, 2.8, 0.9) 10
[13:33:08.001]: (-0.6, 2.8, 0.9) 10
[13:33:08.024]: (-0.6, 2.8, 0.9) 10
[13:33:08.048]: (-0.6, 2.8, 1.0) 10
[13:33:08.071]: (-0.6, 2.8, 1.0) 10
[13:33:08.094]: (-0.6, 2.8, 0.9) 15
[13:33:08.117]: (-0.6, 2.8, 0.9) 15
[13:33:08.141]: (-0.6, 2.9, 1.0) 11
[13:33:08.163]: (-0.6, 2.8, 0.9) 15
[13:33:08.187]: (-0.6, 2.8, 0.9) 15
[13:33:08.211]: (-0.6, 2.8, 0.9) 15
[13:33:08.234]: (-0.7, 2.9, 1.0) 11
[13:33:08.260]: (-0.6, 2.7, 0.9) 15
[13:33:08.280]: (-0.7, 2.8, 1.0) 11
[13:33:08.303]: (-0.7, 2.8, 1.0) 11
[13:33:08.326]: (-0.7, 2.8, 1.0) 11
[13:33:08.348]: (-0.7, 2.8, 1.0) 11
[13:33:08.371]: (-0.8, 2.8, 1.0) 11
[13:33:08.393]: (-0.8, 2.8, 1.0) 11
[13:33:08.415]: (-0.8, 2.7, 1.0) 10
[13:33:08.441]: (-0.8, 2.7, 1.0) 10
[13:33:08.466]: (-0.8, 2.7, 1.0) 10
[13:33:08.493]: (-0.8, 2.7, 1.0) 10
[13:33:08.517]: (-0.8, 2.7, 1.0) 10
[13:33:08.539]: (-0.8, 2.7, 1.0) 10
[13:33:08.563]: (-0.8, 2.7, 1.0) 10
[13:33:08.584]: (-0.8, 2.6, 1.0) 16
[13:33:08.607]: (-0.8, 2.6, 1.0) 16
[13:33:08.629]: (-0.8, 2.7, 1.0) 10
[13:33:08.650]: (-0.8, 2.6, 1.0) 16
[13:33:08.684]: (-0.7, 2.6, 1.0) 16
[13:33:08.752]: (-0.8, 2.8, 1.1) 11
[13:33:09.794]: (-0.9, 2.6, 1.0) 10
[13:33:09.816]: (-0.9, 2.6, 1.0) 9
[13:33:09.839]: (-0.9, 2.6, 1.0) 9
[13:33:09.861]: (-0.9, 2.6, 1.0) 9
[13:33:09.883]: (-0.9, 2.6, 1.0) 9
[13:33:09.907]: (-0.9, 2.6, 1.0) 9
[13:33:09.928]: (-0.9, 2.6, 1.0) 9
[13:33:09.949]: (-0.9, 2.6, 1.0) 9
[13:33:09.972]: (-0.9, 2.6, 1.0) 9
[13:33:10.016]: (-0.9, 2.6, 1.0) 9
[13:33:10.039]: (-0.9, 2.6, 1.0) 9
[13:33:10.061]: (-0.9, 2.6, 1.0) 9
[13:33:10.084]: (-0.9, 2.6, 1.0) 9
[13:33:10.107]: (-0.9, 2.6, 1.0) 9
[13:33:10.131]: (-0.9, 2.6, 1.0) 9
[13:33:10.154]: (-0.9, 2.6, 1.0) 9
[13:33:10.177]: (-0.9, 2.6, 1.0) 10
[13:33:10.199]: (-0.8, 2.6, 1.0) 10
[13:33:10.221]: (-0.8, 2.7, 1.0) 10
[13:33:10.244]: (-0.8, 2.7, 1.0) 10
[13:33:10.265]: (-0.8, 2.6, 1.0) 16
[13:33:10.288]: (-0.7, 2.6, 1.0) 16
[13:33:10.310]: (-0.7, 2.6, 1.0) 16
[13:33:10.333]: (-0.7, 2.6, 1.0) 16
[13:33:10.509]: (-0.8, 2.8, 1.1) 11
[13:33:10.562]: (-0.8, 2.8, 1.1) 11
[13:33:10.606]: (-0.8, 2.7, 1.0) 10
[13:33:10.623]: (-0.8, 2.7, 1.1) 11
[13:33:10.641]: (-0.8, 2.7, 1.0) 10
[13:33:10.659]: (-0.8, 2.7, 1.0) 10
[13:33:10.676]: (-0.8, 2.7, 1.0) 10
[13:33:10.693]: (-0.8, 2.7, 1.0) 10
[13:33:10.710]: (-0.8, 2.7, 1.0) 10
[13:33:10.727]: (-0.8, 2.7, 1.0) 10
[13:33:10.744]: (-0.8, 2.6, 1.0) 10
[13:33:10.762]: (-0.8, 2.8, 1.1) 11
[13:33:10.778]: (-0.7, 2.6, 1.0) 16
[13:33:10.800]: (-0.7, 2.6, 1.0) 16
[13:33:10.818]: (-0.9, 2.6, 1.0) 10
[13:33:10.835]: (-0.8, 2.6, 1.0) 10
[13:33:10.852]: (-0.8, 2.6, 1.0) 10
[13:33:10.868]: (-0.8, 2.6, 1.0) 10
[13:33:10.885]: (-0.8, 2.6, 1.0) 10
[13:33:10.903]: (-0.8, 2.6, 1.0) 10
[13:33:10.919]: (-0.8, 2.6, 1.0) 10
[13:33:10.936]: (-0.9, 2.7, 1.2) 18
[13:33:10.953]: (-0.9, 2.7, 1.2) 18
[13:33:10.970]: (-0.9, 2.7, 1.2) 18
[13:33:10.986]: (-0.9, 2.7, 1.2) 18
[13:33:11.005]: (-0.9, 2.7, 1.2) 18
[13:33:11.093]: (-0.9, 2.7, 1.2) 18
[13:33:11.116]: (-0.9, 2.6, 1.0) 10
[13:33:11.138]: (-0.8, 2.6, 1.0) 10
[13:33:11.161]: (-0.7, 2.6, 1.0) 16
[13:33:11.607]: (0.4, 3.1, 1.4) 6
[13:33:11.625]: (0.4, 3.1, 1.4) 6
[13:33:11.642]: (0.4, 3.1, 1.4) 6
[13:33:11.660]: (0.4, 3.1, 1.4) 6
[13:33:12.139]: (-0.8, 2.7, 1.0) 10
[13:33:12.159]: (-0.9, 2.6, 1.0) 9
[13:33:12.183]: (-0.9, 2.6, 1.0) 9
[13:33:12.205]: (-0.9, 2.6, 1.0) 10
[13:33:12.226]: (-0.8, 2.6, 1.0) 10
[13:33:12.252]: (-0.8, 2.6, 1.0) 10
[13:33:12.273]: (-0.8, 2.6, 1.0) 16
[13:33:12.293]: (-0.8, 2.6, 1.0) 16
[13:33:12.315]: (-0.8, 2.6, 1.0) 16
[13:33:12.338]: (-0.8, 2.5, 1.0) 16
[13:33:12.354]: (-0.8, 2.6, 1.0) 16
[13:33:12.371]: (-0.8, 2.5, 1.0) 16
[13:33:12.387]: (-0.8, 2.5, 1.0) 16
[13:33:12.405]: (-0.8, 2.5, 1.0) 16
[13:33:12.424]: (-0.7, 2.5, 1.0) 16
[13:33:12.441]: (-0.8, 2.5, 1.0) 16
[13:33:12.458]: (-0.7, 2.5, 1.0) 16
[13:33:12.474]: (-0.7, 2.5, 1.0) 16
[13:33:12.491]: (-0.7, 2.5, 1.0) 16
[13:33:12.508]: (-0.8, 2.5, 1.0) 16
[13:33:12.524]: (-0.8, 2.5, 1.0) 16
[13:33:12.541]: (-0.7, 2.5, 1.0) 16
[13:33:12.560]: (-0.7, 2.5, 1.0) 16
[13:33:12.576]: (-0.8, 2.5, 1.0) 16
[13:33:12.593]: (-0.8, 2.5, 1.0) 16
[13:33:12.610]: (-0.8, 2.5, 1.0) 16
[13:33:12.628]: (-0.8, 2.5, 1.0) 16
[13:33:12.644]: (-0.8, 2.5, 1.0) 16
[13:33:12.661]: (-0.8, 2.5, 1.0) 16
[13:33:12.678]: (-0.8, 2.5, 1.0) 16
[13:33:12.696]: (-0.8, 2.5, 1.0) 16
[13:33:12.713]: (-0.8, 2.5, 1.1) 16
[13:33:12.746]: (-0.9, 2.7, 1.2) 18
[13:33:12.782]: (-0.9, 2.7, 1.2) 18
[13:33:12.803]: (-0.9, 2.7, 1.2) 18
[13:33:12.828]: (-0.9, 2.7, 1.2) 18
[13:33:12.848]: (-0.9, 2.7, 1.2) 18
[13:33:12.871]: (-0.9, 2.7, 1.2) 18
[13:33:12.916]: (-0.9, 2.7, 1.2) 18
[13:33:12.982]: (-0.9, 2.7, 1.2) 18
[13:33:13.027]: (-0.8, 2.6, 1.0) 16
[13:33:13.959]: (-1.0, 2.6, 1.1) 13
[13:33:13.981]: (-0.9, 2.6, 1.1) 9
[13:33:14.071]: (-0.9, 2.6, 1.0) 9
[13:33:14.114]: (-0.9, 2.6, 1.1) 10
[13:33:14.244]: (-0.7, 2.5, 1.0) 16
[13:33:14.262]: (-0.9, 2.6, 1.1) 10
[13:33:14.295]: (-0.9, 2.7, 1.2) 18
[13:33:14.312]: (-0.9, 2.7, 1.2) 18
[13:33:14.328]: (-0.9, 2.7, 1.2) 18
[13:33:14.345]: (-0.9, 2.7, 1.2) 18
[13:33:14.361]: (-0.9, 2.7, 1.2) 18
[13:33:14.378]: (-0.9, 2.7, 1.2) 18
[13:33:14.395]: (-0.9, 2.7, 1.2) 18
[13:33:14.411]: (-0.9, 2.7, 1.2) 18
[13:33:14.428]: (-0.9, 2.7, 1.2) 18
[13:33:14.445]: (-0.9, 2.7, 1.2) 18
[13:33:14.463]: (-0.9, 2.6, 1.1) 10
[13:33:14.482]: (-0.9, 2.7, 1.2) 18
[13:33:14.499]: (-0.9, 2.7, 1.2) 18
[13:33:14.548]: (-0.9, 2.7, 1.2) 18
[13:33:14.565]: (-0.8, 2.6, 1.1) 10
[13:33:16.296]: (0.4, 3.1, 1.5) 6
[13:33:16.313]: (0.4, 3.1, 1.5) 6
[13:33:16.337]: (0.4, 3.1, 1.5) 6
[13:33:17.813]: (-0.7, 3.3, 1.4) 33
[13:33:17.844]: (-0.7, 3.3, 1.4) 33
[13:33:17.876]: (-0.8, 3.3, 1.4) 33
[13:33:17.892]: (-0.7, 3.3, 1.4) 33
[13:33:18.258]: (0.5, 3.2, 1.6) 7
[13:33:18.279]: (0.6, 3.2, 1.6) 7
[13:33:18.302]: (0.6, 3.2, 1.6) 7
[13:33:18.326]: (0.6, 3.2, 1.6) 7
[13:33:18.346]: (0.5, 3.2, 1.6) 7
[13:33:18.368]: (0.6, 3.2, 1.6) 7
[13:33:18.391]: (0.6, 3.2, 1.6) 7
[13:33:18.413]: (0.6, 3.2, 1.6) 7
[13:33:18.435]: (0.6, 3.2, 1.6) 7
[13:33:18.453]: (0.6, 3.2, 1.6) 7
[13:33:18.468]: (0.6, 3.2, 1.6) 7
[13:33:18.485]: (0.6, 3.2, 1.6) 7
[13:33:18.501]: (0.6, 3.2, 1.6) 7
[13:33:18.518]: (0.6, 3.2, 1.6) 7
[13:33:18.535]: (0.6, 3.2, 1.6) 7
[13:33:18.552]: (0.6, 3.2, 1.6) 7
[13:33:18.569]: (0.6, 3.1, 1.5) 8
[13:33:18.585]: (0.6, 3.2, 1.6) 7
[13:33:18.602]: (0.6, 3.2, 1.6) 7
[13:33:18.618]: (0.5, 3.2, 1.5) 2
[13:33:18.832]: (0.5, 3.2, 1.5) 2
[13:33:18.852]: (0.4, 3.2, 1.5) 2
[13:33:18.874]: (0.4, 3.1, 1.4) 8
[13:33:18.896]: (0.4, 3.1, 1.4) 8
[13:33:18.918]: (0.4, 3.1, 1.4) 8
[13:33:18.941]: (0.4, 3.2, 1.4) 8
[13:33:18.963]: (0.3, 3.1, 1.4) 8
[13:33:18.986]: (0.3, 3.1, 1.4) 8
[13:33:19.059]: (0.2, 3.3, 1.5) 7
[13:33:19.824]: (-0.1, 3.4, 1.2) 7
[13:33:19.845]: (-0.1, 3.4, 1.2) 7
[13:33:19.869]: (-0.1, 3.4, 1.2) 7
[13:33:19.889]: (-0.1, 3.4, 1.2) 7
[13:33:19.912]: (-0.1, 3.4, 1.2) 7
[13:33:19.935]: (-0.1, 3.4, 1.2) 7
[13:33:19.957]: (-0.1, 3.4, 1.2) 7
[13:33:19.979]: (-0.1, 3.4, 1.2) 7
[13:33:20.002]: (-0.1, 3.4, 1.2) 7
[13:33:20.023]: (-0.1, 3.4, 1.2) 7
[13:33:20.045]: (-0.1, 3.4, 1.2) 7
[13:33:20.069]: (-0.1, 3.4, 1.2) 7
[13:33:20.090]: (-0.1, 3.4, 1.2) 7
[13:33:20.113]: (-0.1, 3.4, 1.2) 7
[13:33:20.135]: (-0.1, 3.4, 1.2) 7
[13:33:20.158]: (-0.1, 3.4, 1.2) 7
[13:33:20.179]: (-0.1, 3.4, 1.1) 2
[13:33:20.201]: (-0.1, 3.4, 1.1) 2
[13:33:20.223]: (-0.1, 3.4, 1.1) 2
[13:33:20.246]: (-0.1, 3.4, 1.2) 0
[13:33:20.268]: (-0.1, 3.4, 1.1) 0
[13:33:20.401]: (-0.1, 3.2, 1.2) 8
[13:33:20.424]: (-0.1, 3.2, 1.2) 8
[13:33:20.446]: (-0.1, 3.2, 1.2) 8
[13:33:20.470]: (-0.1, 3.3, 1.3) 7
[13:33:20.492]: (-0.1, 3.2, 1.3) 7
[13:33:20.514]: (-0.2, 3.3, 1.3) 7
[13:33:21.778]: (-1.0, 2.3, 1.7) 6
[13:33:21.868]: (-0.7, 2.5, 2.0) 7
[13:33:21.891]: (-0.7, 2.4, 1.9) 2
[13:33:21.912]: (-0.7, 2.4, 1.9) 2
[13:33:21.934]: (-0.7, 2.4, 1.9) 2
[13:33:21.955]: (-0.7, 2.4, 1.9) 2
[13:33:21.978]: (-0.7, 2.4, 1.9) 2
[13:33:21.996]: (-0.7, 2.5, 1.9) 2
[13:33:22.014]: (-0.7, 2.5, 1.9) 2
[13:33:22.031]: (-0.7, 2.5, 1.9) 2
[13:33:22.048]: (-0.6, 2.5, 1.9) 2
[13:33:22.198]: (-0.7, 2.4, 2.0) 2
[13:33:22.215]: (-0.6, 2.4, 1.9) 2
[13:33:22.231]: (-0.6, 2.4, 1.9) 8
[13:33:22.248]: (-0.6, 2.4, 1.9) 2
[13:33:22.264]: (-0.6, 2.4, 1.9) 2
[13:33:22.280]: (-0.6, 2.4, 1.9) 8
[13:33:22.297]: (-0.6, 2.4, 1.9) 8
[13:33:22.314]: (-0.6, 2.4, 1.9) 8
[13:33:22.331]: (-0.6, 2.4, 1.9) 8
[13:33:22.348]: (-0.6, 2.4, 1.9) 8
[13:33:22.365]: (-0.6, 2.4, 1.9) 8
[13:33:22.381]: (-0.6, 2.4, 1.9) 8
[13:33:22.400]: (-0.6, 2.4, 1.9) 8
[13:33:22.423]: (-0.6, 2.4, 1.9) 8
[13:33:22.444]: (-0.7, 2.4, 2.0) 7
[13:33:22.467]: (-0.7, 2.4, 2.0) 7
[13:33:22.489]: (-0.7, 2.4, 2.0) 7
[13:33:22.511]: (-0.7, 2.4, 2.0) 7
[13:33:22.534]: (-0.6, 2.4, 1.9) 8
[13:33:22.555]: (-0.6, 2.4, 2.0) 7
[13:33:22.578]: (-0.6, 2.4, 2.0) 7
[13:33:22.601]: (-0.6, 2.4, 2.1) 7
[13:33:22.623]: (-0.6, 2.4, 2.0) 7
[13:33:22.644]: (-0.6, 2.4, 2.1) 7
[13:33:22.667]: (-0.6, 2.4, 2.1) 7
[13:33:22.688]: (-0.6, 2.4, 2.1) 7
[13:33:22.710]: (-0.6, 2.4, 2.1) 7
[13:33:22.733]: (-0.6, 2.4, 2.0) 7
[13:33:22.756]: (-0.6, 2.4, 2.0) 7
[13:33:22.777]: (-0.6, 2.4, 2.0) 7
[13:33:22.800]: (-0.6, 2.4, 2.0) 7
[13:33:22.823]: (-0.6, 2.4, 1.9) 8
[13:33:22.844]: (-0.6, 2.3, 1.9) 8
[13:33:22.866]: (-0.6, 2.3, 1.9) 8
[13:33:22.884]: (-0.6, 2.3, 1.9) 8
[13:33:22.900]: (-0.6, 2.3, 1.9) 8
[13:33:22.917]: (-0.6, 2.3, 1.9) 8
[13:33:22.934]: (-0.6, 2.3, 1.9) 8
[13:33:22.952]: (-0.6, 2.3, 1.9) 8
[13:33:22.968]: (-0.6, 2.3, 1.9) 8
[13:33:22.984]: (-0.6, 2.3, 1.9) 8
[13:33:23.001]: (-0.6, 2.3, 1.9) 8
[13:33:23.018]: (-0.6, 2.3, 1.9) 8
[13:33:23.035]: (-0.6, 2.3, 1.9) 8
[13:33:23.052]: (-0.6, 2.3, 1.9) 8
[13:33:23.070]: (-0.6, 2.3, 1.9) 8
[13:33:23.087]: (-0.6, 2.3, 1.9) 8
[13:33:23.104]: (-0.6, 2.3, 1.9) 8
[13:33:23.121]: (-0.6, 2.4, 2.0) 7
[13:33:23.758]: (-1.7, 2.2, 1.6) 33
[13:33:23.825]: (-1.8, 2.2, 1.6) 33
[13:33:23.851]: (-1.7, 2.2, 1.6) 33
[13:33:24.159]: (-1.6, 2.3, 1.7) 33
[13:33:24.183]: (-1.5, 2.4, 1.7) 33
[13:33:24.206]: (-1.5, 2.4, 1.7) 33
[13:33:24.912]: (-1.5, 2.6, 1.8) 34
[13:33:24.945]: (-1.7, 2.5, 1.8) 31
[13:33:25.011]: (-1.7, 2.5, 1.7) 31
[13:33:25.044]: (-1.7, 2.5, 1.8) 31
[13:33:25.079]: (-1.7, 2.5, 1.8) 31
[13:33:25.110]: (-1.7, 2.5, 1.7) 31
[13:33:25.145]: (-1.7, 2.5, 1.8) 31
[13:33:25.177]: (-1.7, 2.5, 1.8) 31
[13:33:25.211]: (-1.7, 2.5, 1.8) 31
[13:33:25.245]: (-1.7, 2.5, 1.9) 36
[13:33:25.654]: (-1.5, 2.4, 1.7) 33
[13:33:25.677]: (-1.5, 2.4, 1.7) 33
[13:33:25.833]: (-1.5, 2.4, 1.7) 33
[13:33:25.854]: (-1.5, 2.4, 1.7) 33
[13:33:25.877]: (-1.5, 2.4, 1.7) 33
[13:33:25.899]: (-1.5, 2.4, 1.7) 33
[13:33:25.921]: (-1.5, 2.4, 1.7) 33
[13:33:25.943]: (-1.5, 2.4, 1.7) 33
[13:33:25.965]: (-1.4, 2.4, 1.7) 33
[13:33:25.988]: (-1.4, 2.4, 1.8) 33
[13:33:26.010]: (-1.4, 2.4, 1.8) 33
[13:33:26.076]: (-1.4, 2.4, 1.8) 33
[13:33:26.099]: (-1.4, 2.4, 1.8) 33
[13:33:26.122]: (-1.4, 2.4, 1.8) 33
[13:33:26.144]: (-1.4, 2.4, 1.8) 33
[13:33:26.259]: (-1.4, 2.4, 1.8) 33
[13:33:26.281]: (-1.4, 2.4, 1.8) 33
[13:33:26.304]: (-1.4, 2.4, 1.8) 33
[13:33:26.325]: (-1.4, 2.4, 1.8) 33
[13:33:26.349]: (-1.4, 2.4, 1.7) 33
[13:33:26.371]: (-1.4, 2.4, 1.7) 33
[13:33:26.393]: (-1.4, 2.4, 1.8) 33
[13:33:26.415]: (-1.4, 2.4, 1.7) 33
[13:33:26.437]: (-1.4, 2.4, 1.8) 33
[13:33:26.459]: (-1.4, 2.4, 1.7) 33
[13:33:26.483]: (-1.4, 2.4, 1.7) 33
[13:33:26.504]: (-1.4, 2.4, 1.8) 33
[13:33:26.526]: (-1.4, 2.4, 1.8) 33
[13:33:26.548]: (-1.4, 2.4, 1.7) 33
[13:33:26.570]: (-1.4, 2.4, 1.8) 33
[13:33:26.592]: (-1.4, 2.4, 1.8) 33
[13:33:26.616]: (-1.4, 2.4, 1.8) 33
[13:33:26.638]: (-1.4, 2.4, 1.7) 33
[13:33:26.660]: (-1.4, 2.4, 1.7) 33
[13:33:26.684]: (-1.4, 2.4, 1.7) 33
[13:33:26.708]: (-1.5, 2.4, 1.7) 33
[13:33:26.731]: (-1.4, 2.4, 1.7) 33
[13:33:26.754]: (-1.4, 2.4, 1.7) 33
[13:33:26.777]: (-1.4, 2.4, 1.7) 33
[13:33:26.797]: (-1.4, 2.4, 1.7) 33
[13:33:26.815]: (-1.4, 2.4, 1.7) 33
[13:33:26.838]: (-1.4, 2.4, 1.7) 33
[13:33:26.859]: (-1.4, 2.4, 1.8) 33
[13:33:26.925]: (-1.4, 2.4, 1.8) 33
[13:33:26.944]: (-1.4, 2.4, 1.7) 33
[13:33:26.969]: (-1.4, 2.4, 1.8) 33
[13:33:26.991]: (-1.4, 2.4, 1.7) 33
[13:33:27.008]: (-1.5, 2.6, 1.9) 34
[13:33:27.139]: (-1.5, 2.5, 1.8) 32
[13:33:27.158]: (-1.4, 2.4, 1.7) 33
[13:33:27.178]: (-1.4, 2.4, 1.7) 33
[13:33:27.199]: (-1.4, 2.4, 1.8) 33
[13:33:27.220]: (-1.4, 2.4, 1.7) 33
[13:33:27.244]: (-1.4, 2.4, 1.8) 33
[13:33:27.265]: (-1.4, 2.4, 1.8) 33
[13:33:27.509]: (-0.2, 2.5, 1.9) 1
[13:33:27.554]: (-0.3, 2.4, 1.8) 6
[13:33:27.649]: (-0.3, 2.4, 1.9) 6
[13:33:27.671]: (-0.3, 2.4, 1.9) 6
[13:33:27.689]: (-0.3, 2.4, 1.9) 6
[13:33:27.707]: (-0.3, 2.4, 1.8) 6
[13:33:27.744]: (-0.3, 2.4, 1.8) 6
