[13:35:36.137]: (-1.5, -0.8, 0.1) 16
[13:35:36.245]: (-2.2, -1.8, 0.1) 40
[13:35:36.270]: (-2.3, -1.9, 0.1) 40
[13:35:36.291]: (-2.2, -1.9, 0.1) 40
[13:35:36.402]: (-2.2, -2.0, 0.1) 39
[13:35:36.469]: (-1.5, -0.8, 0.1) 16
[13:35:36.580]: (-1.6, -0.8, 0.0) 13
[13:35:36.602]: (-1.7, -0.8, 0.0) 13
[13:35:36.625]: (-1.7, -0.8, 0.0) 13
[13:35:36.646]: (-1.7, -0.8, 0.0) 13
[13:35:36.970]: (-1.6, -0.7, 0.1) 16
[13:35:36.989]: (-1.6, -0.7, 0.1) 16
[13:35:37.005]: (-1.6, -0.7, 0.1) 16
[13:35:37.025]: (-1.6, -0.7, 0.1) 16
[13:35:37.047]: (-1.6, -0.7, 0.1) 16
[13:35:37.068]: (-1.6, -0.7, 0.1) 16
[13:35:37.091]: (-1.7, -0.7, 0.1) 13
[13:35:37.114]: (-1.7, -0.7, 0.1) 13
[13:35:37.136]: (-1.7, -0.7, 0.1) 13
[13:35:37.161]: (-1.7, -0.7, 0.1) 13
[13:35:37.184]: (-1.8, -0.6, 0.1) 13
[13:35:37.206]: (-2.5, -1.7, 0.4) 40
[13:35:37.229]: (-2.5, -1.7, 0.4) 39
[13:35:37.250]: (-2.5, -1.7, 0.5) 39
[13:35:37.272]: (-2.6, -1.6, 0.5) 39
[13:35:37.295]: (-2.6, -1.6, 0.5) 39
[13:35:37.318]: (-2.7, -1.5, 0.6) 39
[13:35:37.399]: (-1.5, 0.0, 0.4) 6
[13:35:37.421]: (-1.5, 0.0, 0.4) 6
[13:35:37.444]: (-1.5, 0.1, 0.4) 6
[13:35:37.466]: (-1.5, 0.2, 0.5) 6
[13:35:37.486]: (-1.6, 0.2, 0.5) 6
[13:35:37.508]: (-1.6, 0.2, 0.6) 0
[13:35:37.532]: (-1.5, 0.3, 0.6) 0
[13:35:37.555]: (-1.5, 0.3, 0.7) 0
[13:35:37.577]: (-1.5, 0.4, 0.7) 0
[13:35:37.598]: (-1.5, 0.5, 0.7) 0
[13:35:37.619]: (-1.5, 0.5, 0.8) 0
[13:35:37.641]: (-1.4, 0.6, 0.8) 0
[13:35:37.665]: (-1.4, 0.6, 0.9) 0
[13:35:37.689]: (-1.5, 0.6, 1.0) 1
[13:35:37.711]: (-1.5, 0.6, 1.0) 1
[13:35:37.754]: (-1.8, 0.3, 1.2) 18
[13:35:37.776]: (-1.7, 0.4, 1.2) 23
[13:35:37.798]: (-1.7, 0.5, 1.3) 23
[13:35:37.821]: (-1.7, 0.5, 1.3) 23
[13:35:37.862]: (-1.6, 0.6, 1.4) 23
[13:35:37.883]: (-1.6, 0.7, 1.5) 23
[13:35:37.904]: (-1.6, 0.8, 1.5) 23
[13:35:37.926]: (-1.5, 0.8, 1.6) 23
[13:35:37.949]: (-1.5, 0.9, 1.6) 23
[13:35:37.971]: (-1.5, 1.0, 1.6) 23
[13:35:37.993]: (-1.4, 1.0, 1.7) 23
[13:35:38.014]: (-1.4, 1.0, 1.7) 23
[13:35:38.039]: (-1.4, 1.1, 1.7) 23
[13:35:38.068]: (-1.3, 1.1, 1.8) 23
[13:35:38.102]: (-1.3, 1.2, 1.8) 18
[13:35:38.236]: (-1.3, 1.2, 1.9) 22
[13:35:38.269]: (-1.3, 1.2, 1.8) 22
[13:35:38.302]: (-1.3, 1.2, 1.9) 22
[13:35:38.703]: (-1.3, 1.3, 1.8) 23
[13:35:38.725]: (-1.0, 1.3, 1.4) 11
[13:35:38.747]: (-0.9, 1.3, 1.3) 10
[13:35:38.769]: (-1.1, 1.4, 1.4) 11
[13:35:38.792]: (-1.1, 1.4, 1.5) 11
[13:35:38.857]: (-0.9, 1.5, 1.5) 5
[13:35:38.880]: (-0.8, 1.7, 1.6) 3
[13:35:38.902]: (-0.8, 1.7, 1.7) 9
[13:35:39.704]: (-0.5, 1.4, 1.7) 1
[13:35:39.793]: (-0.5, 1.4, 1.5) 2
[13:35:40.129]: (-0.4, 1.7, 1.4) 8
[13:35:40.152]: (-0.5, 1.8, 1.4) 2
[13:35:40.174]: (-0.5, 1.8, 1.4) 2
[13:35:40.216]: (-0.5, 1.9, 1.6) 1
[13:35:40.675]: (-0.1, 2.2, 1.9) 13
[13:35:40.703]: (-0.1, 2.2, 1.9) 13
[13:35:40.737]: (-0.1, 2.3, 1.9) 13
[13:35:40.770]: (-0.1, 2.3, 1.9) 13
[13:35:40.810]: (-0.1, 2.3, 1.8) 17
[13:35:40.838]: (-0.1, 2.3, 1.9) 13
[13:35:40.871]: (-0.1, 2.3, 1.9) 13
[13:35:40.903]: (-0.1, 2.3, 1.9) 13
[13:35:41.134]: (0.0, 2.5, 2.2) 33
[13:35:41.167]: (0.0, 2.6, 2.3) 30
[13:35:41.201]: (-0.1, 2.6, 2.3) 32
[13:35:41.234]: (-0.1, 2.6, 2.3) 32
[13:35:41.267]: (-0.1, 2.6, 2.3) 32
[13:35:41.301]: (0.0, 2.6, 2.3) 32
[13:35:41.324]: (0.0, 2.6, 2.2) 30
[13:35:41.345]: (0.0, 2.6, 2.2) 30
[13:35:41.367]: (0.0, 2.6, 2.3) 30
[13:35:41.392]: (0.0, 2.6, 2.3) 32
[13:35:41.411]: (0.0, 2.6, 2.2) 30
[13:35:41.434]: (-0.1, 2.6, 2.3) 32
[13:35:41.458]: (-0.1, 2.6, 2.3) 32
[13:35:41.477]: (0.0, 2.6, 2.3) 32
[13:35:41.522]: (0.0, 2.5, 2.2) 33
[13:35:41.744]: (-0.1, 2.6, 2.1) 33
[13:35:41.767]: (-0.1, 2.6, 2.1) 33
[13:35:41.789]: (-0.1, 2.6, 2.1) 33
[13:35:41.811]: (-0.1, 2.6, 2.1) 33
[13:35:41.834]: (-0.1, 2.6, 2.1) 33
[13:35:41.856]: (-0.1, 2.6, 2.1) 33
[13:35:41.878]: (-0.1, 2.5, 1.9) 12
[13:35:41.900]: (-0.1, 2.6, 2.1) 33
[13:35:41.923]: (-0.1, 2.5, 1.8) 14
[13:35:41.946]: (-0.1, 2.7, 2.1) 33
[13:35:42.012]: (-0.1, 2.5, 1.8) 12
[13:35:42.034]: (-0.1, 2.5, 1.8) 13
[13:35:42.056]: (-0.1, 2.5, 1.7) 13
[13:35:42.078]: (-0.1, 2.5, 1.7) 13
[13:35:42.100]: (-0.1, 2.5, 1.7) 16
[13:35:42.282]: (-0.1, 2.6, 1.5) 17
[13:35:42.304]: (-0.1, 2.6, 1.5) 17
[13:35:42.327]: (-0.1, 2.6, 1.6) 17
[13:35:42.350]: (-0.1, 2.6, 1.6) 17
[13:35:42.371]: (-0.1, 2.5, 1.6) 17
[13:35:42.395]: (-0.1, 2.5, 1.6) 17
[13:35:42.418]: (-0.1, 2.5, 1.6) 17
[13:35:42.442]: (-0.1, 2.5, 1.6) 17
[13:35:42.464]: (0.0, 2.5, 1.6) 17
[13:35:42.690]: (0.1, 2.9, 2.0) 32
[13:35:42.707]: (0.2, 2.6, 1.6) 14
[13:35:42.724]: (0.2, 2.6, 1.6) 14
[13:35:42.742]: (0.2, 2.6, 1.6) 14
[13:35:42.759]: (0.2, 2.6, 1.6) 14
[13:35:42.775]: (0.2, 2.6, 1.6) 14
[13:35:42.791]: (0.2, 2.6, 1.6) 14
[13:35:42.813]: (0.2, 2.6, 1.6) 14
[13:35:42.834]: (0.2, 2.6, 1.6) 14
[13:35:42.852]: (0.2, 2.6, 1.6) 14
[13:35:42.868]: (0.2, 2.6, 1.6) 14
[13:35:42.886]: (0.2, 2.6, 1.6) 14
[13:35:42.904]: (0.2, 2.6, 1.6) 14
[13:35:42.922]: (0.2, 2.6, 1.6) 14
[13:35:42.941]: (0.2, 2.6, 1.6) 14
[13:35:42.956]: (0.2, 2.6, 1.6) 14
[13:35:42.974]: (0.2, 2.6, 1.6) 14
[13:35:42.990]: (0.2, 2.6, 1.6) 14
[13:35:43.008]: (0.2, 2.6, 1.6) 14
[13:35:43.024]: (0.2, 2.6, 1.6) 14
[13:35:43.041]: (0.2, 2.6, 1.6) 14
[13:35:43.058]: (0.2, 2.6, 1.6) 14
[13:35:43.077]: (0.2, 2.6, 1.7) 14
[13:35:43.099]: (0.2, 2.6, 1.7) 14
[13:35:43.121]: (0.2, 2.6, 1.6) 14
[13:35:43.166]: (0.2, 2.6, 1.7) 14
[13:35:43.188]: (0.2, 2.6, 1.6) 14
[13:35:43.210]: (0.2, 2.6, 1.6) 14
[13:35:43.235]: (0.2, 2.6, 1.6) 14
[13:35:43.255]: (0.2, 2.6, 1.6) 14
[13:35:43.277]: (0.2, 2.6, 1.6) 14
[13:35:43.300]: (0.2, 2.6, 1.6) 14
[13:35:43.321]: (0.2, 2.6, 1.6) 14
[13:35:43.345]: (0.2, 2.6, 1.6) 14
[13:35:43.366]: (0.2, 2.6, 1.6) 14
[13:35:43.389]: (0.2, 2.7, 1.6) 12
[13:35:43.411]: (0.2, 2.6, 1.6) 12
[13:35:43.433]: (0.2, 2.7, 1.6) 12
[13:35:43.456]: (0.2, 2.7, 1.6) 12
[13:35:43.476]: (0.3, 2.7, 1.7) 15
[13:35:43.951]: (0.1, 2.9, 1.7) 33
[13:35:43.973]: (0.1, 3.0, 1.7) 30
[13:35:43.994]: (0.1, 3.0, 1.7) 30
[13:35:44.016]: (0.2, 3.0, 1.8) 29
[13:35:44.039]: (0.2, 3.0, 1.8) 29
[13:35:44.063]: (0.2, 3.0, 1.8) 29
[13:35:44.087]: (0.2, 3.0, 1.8) 29
[13:35:44.112]: (0.2, 3.0, 1.8) 29
[13:35:44.323]: (0.2, 3.1, 1.7) 28
[13:35:44.347]: (0.2, 3.0, 1.7) 28
[13:35:44.369]: (0.2, 3.0, 1.7) 28
[13:35:44.391]: (0.2, 3.1, 1.7) 28
[13:35:44.496]: (0.1, 3.0, 1.8) 29
[13:35:44.518]: (0.1, 3.0, 1.8) 29
[13:35:44.541]: (0.0, 3.0, 1.7) 29
[13:35:45.163]: (0.9, 3.1, 1.7) 52
[13:35:45.209]: (0.9, 3.1, 1.7) 52
[13:35:45.227]: (0.9, 3.1, 1.7) 52
[13:35:45.243]: (0.9, 3.1, 1.7) 52
[13:35:45.266]: (0.9, 3.1, 1.7) 52
[13:35:45.287]: (0.9, 3.1, 1.7) 52
[13:35:45.311]: (0.9, 3.1, 1.7) 52
[13:35:45.333]: (0.9, 3.1, 1.7) 52
[13:35:45.398]: (0.9, 3.1, 1.7) 52
[13:35:45.464]: (0.9, 3.1, 1.7) 52
[13:35:45.488]: (0.9, 3.1, 1.7) 52
[13:35:45.509]: (0.9, 3.1, 1.7) 52
[13:35:45.533]: (0.9, 3.1, 1.7) 52
[13:35:45.554]: (0.9, 3.1, 1.7) 52
[13:35:45.576]: (0.9, 3.1, 1.7) 52
[13:35:45.598]: (0.9, 3.1, 1.7) 52
[13:35:45.621]: (0.9, 3.1, 1.7) 52
[13:35:45.643]: (0.9, 3.1, 1.7) 52
[13:35:45.665]: (0.9, 3.1, 1.7) 52
[13:35:45.689]: (0.9, 3.1, 1.7) 52
[13:35:45.707]: (0.9, 3.1, 1.7) 52
[13:35:46.173]: (0.8, 3.1, 1.7) 52
[13:35:46.195]: (0.8, 3.1, 1.6) 52
[13:35:46.217]: (0.8, 3.1, 1.6) 52
[13:35:46.237]: (0.8, 3.1, 1.6) 46
[13:35:46.260]: (0.8, 3.1, 1.6) 46
[13:35:46.282]: (0.8, 3.1, 1.7) 46
[13:35:46.304]: (0.9, 3.2, 1.8) 45
[13:35:46.326]: (0.8, 3.1, 1.6) 53
[13:35:46.347]: (0.8, 3.0, 1.6) 53
[13:35:46.370]: (0.7, 3.0, 1.6) 53
[13:35:46.487]: (0.8, 3.1, 1.8) 50
[13:35:46.510]: (0.7, 3.1, 1.8) 50
[13:35:46.531]: (0.7, 3.1, 1.8) 50
[13:35:46.967]: (-0.2, 2.9, 1.8) 29
[13:35:47.000]: (-0.2, 2.9, 1.8) 30
[13:35:47.032]: (-0.2, 2.9, 1.8) 30
[13:35:47.066]: (-0.2, 2.9, 1.8) 30
[13:35:47.088]: (-0.2, 2.9, 1.8) 29
[13:35:47.109]: (-0.2, 2.9, 1.8) 29
[13:35:47.132]: (-0.2, 2.9, 1.8) 30
[13:35:47.155]: (-0.2, 2.9, 1.8) 30
[13:35:47.177]: (-0.2, 2.9, 1.8) 29
[13:35:47.201]: (-0.1, 3.0, 1.8) 29
[13:35:47.222]: (-0.1, 3.0, 1.8) 29
[13:35:47.242]: (-0.1, 3.0, 1.8) 29
[13:35:47.265]: (-0.1, 3.0, 1.8) 29
[13:35:47.288]: (-0.1, 3.0, 1.8) 29
[13:35:47.309]: (-0.1, 3.0, 1.8) 29
[13:35:47.331]: (-0.1, 3.0, 1.8) 29
[13:35:47.356]: (-0.1, 3.0, 1.8) 29
[13:35:47.382]: (-0.1, 3.0, 1.8) 29
[13:35:47.406]: (-0.1, 3.0, 1.8) 29
[13:35:47.433]: (-0.1, 3.0, 1.8) 29
[13:35:47.458]: (-0.1, 3.0, 1.8) 29
[13:35:47.481]: (-0.1, 3.0, 1.8) 29
[13:35:47.504]: (-0.1, 2.9, 1.8) 30
[13:35:47.523]: (-0.1, 3.0, 1.8) 29
[13:35:47.888]: (-1.6, 2.8, 1.9) 74
[13:35:47.910]: (-1.5, 2.8, 1.9) 74
[13:35:47.955]: (-1.5, 2.9, 1.9) 68
[13:35:47.977]: (-1.5, 3.0, 2.0) 69
[13:35:48.044]: (-1.5, 3.0, 2.0) 69
[13:35:48.265]: (-1.4, 3.0, 2.0) 75
[13:35:48.288]: (-1.4, 3.0, 2.0) 69
[13:35:48.311]: (-1.4, 2.9, 2.0) 75
[13:35:48.329]: (-1.4, 3.0, 2.0) 69
[13:35:48.430]: (-1.5, 3.1, 2.0) 67
[13:35:48.468]: (-1.6, 3.1, 2.0) 67
[13:35:48.590]: (-1.5, 2.9, 1.9) 68
[13:35:48.706]: (-1.3, 3.0, 1.9) 76
[13:35:48.722]: (-1.3, 3.0, 1.9) 76
[13:35:48.741]: (-1.3, 3.0, 1.9) 76
[13:35:48.758]: (-1.3, 3.0, 1.9) 76
[13:35:48.776]: (-1.3, 3.0, 1.9) 76
[13:35:48.793]: (-1.3, 3.0, 1.9) 76
[13:35:48.810]: (-1.3, 3.0, 1.9) 76
[13:35:48.827]: (-1.3, 3.0, 1.9) 76
[13:35:48.844]: (-1.3, 3.0, 1.9) 76
[13:35:48.863]: (-1.3, 3.0, 1.9) 76
[13:35:48.887]: (-1.3, 3.0, 1.9) 76
[13:35:48.910]: (-1.3, 3.0, 1.9) 76
[13:35:48.930]: (-1.3, 3.0, 1.9) 76
[13:35:48.953]: (-1.3, 3.0, 1.9) 76
[13:35:48.975]: (-1.3, 3.0, 1.9) 76
[13:35:48.997]: (-1.3, 3.0, 1.9) 76
[13:35:49.019]: (-1.3, 3.0, 1.9) 76
[13:35:49.042]: (-1.3, 3.0, 1.9) 76
[13:35:49.064]: (-1.3, 3.0, 1.9) 76
[13:35:49.088]: (-1.3, 3.0, 1.9) 76
[13:35:49.109]: (-1.3, 3.0, 1.9) 76
[13:35:49.131]: (-1.3, 3.0, 1.9) 76
[13:35:49.290]: (-1.4, 3.0, 2.0) 69
[13:35:49.306]: (-1.4, 3.0, 2.0) 69
[13:35:49.322]: (-1.4, 3.0, 2.0) 69
[13:35:49.339]: (-1.4, 3.0, 1.9) 76
[13:35:49.356]: (-1.4, 3.0, 1.9) 76
[13:35:49.373]: (-1.4, 3.0, 1.9) 76
[13:35:49.392]: (-1.4, 3.0, 1.9) 76
[13:35:49.411]: (-1.4, 3.0, 1.9) 76
[13:35:49.429]: (-1.4, 3.0, 1.9) 76
[13:35:49.448]: (-1.4, 3.0, 1.9) 76
[13:35:49.466]: (-1.4, 3.0, 1.9) 76
[13:35:49.484]: (-1.4, 3.0, 2.0) 69
[13:35:49.500]: (-1.4, 3.0, 1.9) 76
[13:35:49.517]: (-1.4, 3.0, 1.9) 76
[13:35:49.538]: (-1.4, 3.0, 1.9) 76
[13:35:49.556]: (-1.3, 3.0, 1.9) 76
[13:35:49.574]: (-1.3, 3.0, 1.9) 76
[13:35:49.590]: (-1.3, 3.0, 1.9) 76
[13:35:49.609]: (-1.3, 3.0, 1.9) 76
[13:35:49.625]: (-1.3, 3.0, 1.9) 76
[13:35:49.642]: (-1.4, 3.0, 1.9) 76
[13:35:49.658]: (-1.4, 3.0, 1.9) 76
[13:35:49.676]: (-1.4, 3.0, 1.9) 76
[13:35:49.694]: (-1.4, 3.0, 1.9) 76
[13:35:49.711]: (-1.4, 3.0, 1.9) 76
[13:35:49.728]: (-1.4, 3.0, 1.9) 76
[13:35:49.745]: (-1.4, 3.0, 1.9) 76
[13:35:49.762]: (-1.4, 3.0, 1.9) 76
[13:35:49.778]: (-1.4, 3.0, 1.9) 76
[13:35:49.798]: (-1.4, 3.0, 1.9) 76
[13:35:49.819]: (-1.4, 3.0, 1.9) 76
[13:35:49.842]: (-1.3, 3.0, 1.9) 76
[13:35:49.865]: (-1.3, 3.0, 1.9) 76
[13:35:49.886]: (-1.3, 3.0, 1.9) 76
[13:35:49.909]: (-1.3, 3.0, 1.9) 76
[13:35:49.931]: (-1.3, 3.0, 1.9) 76
[13:35:49.952]: (-1.4, 3.0, 2.0) 69
[13:35:49.975]: (-1.4, 3.0, 2.0) 69
[13:35:50.480]: (-0.1, 2.9, 1.8) 30
[13:35:50.505]: (-0.2, 2.8, 1.8) 32
[13:35:50.527]: (-0.2, 2.8, 1.8) 32
[13:35:50.550]: (-0.2, 2.8, 1.8) 32
[13:35:50.571]: (-0.2, 2.8, 1.8) 32
[13:35:50.592]: (-0.2, 2.8, 1.8) 32
[13:35:50.613]: (-0.2, 2.8, 1.8) 32
[13:35:50.637]: (-0.2, 2.8, 1.8) 32
[13:35:50.660]: (-0.2, 2.8, 1.8) 32
[13:35:50.681]: (-0.2, 2.8, 1.8) 32
[13:35:50.706]: (-0.2, 2.8, 1.8) 32
[13:35:50.728]: (-0.2, 2.8, 1.8) 32
[13:35:50.750]: (-0.2, 2.8, 1.8) 32
[13:35:50.772]: (-0.2, 2.9, 1.8) 32
[13:35:50.794]: (-0.2, 2.8, 1.8) 32
[13:35:50.878]: (-0.2, 2.9, 1.9) 31
[13:35:50.901]: (-0.2, 2.9, 1.9) 29
[13:35:50.923]: (-0.2, 2.9, 1.9) 29
[13:35:50.946]: (-0.2, 2.9, 1.9) 29
[13:35:50.969]: (-0.2, 2.9, 1.9) 29
[13:35:50.991]: (-0.2, 2.9, 1.9) 29
[13:35:51.012]: (-0.2, 2.9, 1.9) 31
[13:35:51.034]: (-0.3, 2.9, 1.9) 31
[13:35:51.057]: (-0.3, 2.9, 1.9) 31
[13:35:51.080]: (-0.3, 2.9, 1.9) 31
[13:35:51.102]: (-0.3, 2.9, 1.9) 31
[13:35:51.125]: (-0.3, 2.9, 2.0) 31
[13:35:51.148]: (-0.3, 2.9, 2.0) 31
[13:35:51.668]: (-1.1, 2.3, 1.6) 20
[13:35:51.690]: (-1.2, 2.4, 1.7) 19
[13:35:51.774]: (-1.3, 3.0, 1.9) 68
[13:35:51.861]: (-1.2, 3.1, 2.0) 69
[13:35:51.885]: (-1.2, 3.1, 2.0) 69
[13:35:52.130]: (-1.2, 3.1, 2.0) 69
[13:35:52.152]: (-1.2, 3.1, 2.0) 69
[13:35:52.173]: (-1.2, 3.1, 2.0) 69
[13:35:52.190]: (-1.2, 3.1, 2.0) 69
[13:35:52.208]: (-1.1, 3.1, 2.0) 69
[13:35:52.243]: (-1.1, 3.1, 2.0) 69
[13:35:52.275]: (-1.3, 3.0, 1.9) 68
[13:35:52.308]: (-1.2, 3.0, 1.9) 68
[13:35:52.342]: (-1.3, 3.0, 2.0) 68
[13:35:52.374]: (-1.2, 3.0, 2.0) 68
[13:35:52.408]: (-1.3, 3.1, 2.1) 70
[13:35:52.441]: (-1.3, 3.1, 2.1) 70
[13:35:52.842]: (1.1, 2.7, 1.9) 52
[13:35:52.874]: (1.1, 2.7, 1.9) 52
[13:35:52.908]: (1.1, 2.7, 1.8) 52
[13:35:53.878]: (0.4, 2.7, 2.0) 28
[13:35:53.900]: (0.4, 2.7, 1.9) 28
[13:35:53.922]: (0.4, 2.7, 1.9) 28
[13:35:53.944]: (0.4, 2.7, 1.9) 28
[13:35:53.967]: (0.4, 2.7, 1.9) 28
[13:35:54.238]: (-0.9, 2.3, 1.6) 18
[13:35:54.257]: (-1.1, 2.3, 1.7) 20
[13:35:54.276]: (-1.0, 2.3, 1.7) 20
[13:35:54.294]: (-1.0, 2.3, 1.7) 20
[13:35:54.343]: (-0.9, 2.3, 1.6) 23
[13:35:54.409]: (-0.9, 2.2, 1.6) 23
[13:35:54.427]: (-0.9, 2.2, 1.6) 23
[13:35:54.445]: (-0.9, 2.3, 1.6) 23
[13:35:54.463]: (-0.9, 2.2, 1.6) 23
[13:35:54.479]: (-0.9, 2.2, 1.6) 23
[13:35:54.497]: (-0.9, 2.3, 1.6) 23
[13:35:54.513]: (-0.9, 2.2, 1.6) 23
[13:35:54.531]: (-0.9, 2.2, 1.6) 23
[13:35:54.548]: (-0.9, 2.2, 1.6) 23
[13:35:54.565]: (-0.9, 2.2, 1.6) 23
[13:35:54.584]: (-0.9, 2.3, 1.6) 23
[13:35:54.602]: (-0.9, 2.3, 1.6) 23
[13:35:54.621]: (-0.9, 2.3, 1.6) 23
[13:35:54.640]: (-0.9, 2.3, 1.6) 23
[13:35:54.663]: (-0.9, 2.3, 1.6) 23
[13:35:54.685]: (-0.9, 2.3, 1.6) 23
[13:35:54.706]: (-0.9, 2.2, 1.6) 23
[13:35:54.996]: (0.3, 2.7, 2.0) 28
[13:35:55.017]: (0.3, 2.7, 2.0) 28
[13:35:55.040]: (0.2, 2.7, 2.0) 28
[13:35:55.062]: (0.2, 2.7, 2.0) 28
[13:35:58.439]: (-0.1, 2.6, 1.8) 33
[13:35:58.459]: (-0.3, 2.7, 1.9) 32
[13:35:58.741]: (-0.3, 2.7, 1.9) 32
[13:35:59.634]: (0.8, 3.0, 2.1) 44
[13:36:00.060]: (-0.1, 2.4, 1.6) 14
[13:36:00.081]: (-0.1, 2.4, 1.6) 14
[13:36:00.102]: (-0.1, 2.4, 1.6) 14
[13:36:00.126]: (-0.1, 2.4, 1.6) 14
[13:36:00.148]: (-0.1, 2.4, 1.6) 14
[13:36:00.171]: (-0.1, 2.4, 1.6) 14
[13:36:00.192]: (-0.1, 2.4, 1.6) 14
[13:36:00.215]: (-0.1, 2.4, 1.6) 14
[13:36:00.238]: (-0.1, 2.4, 1.6) 14
[13:36:00.259]: (-0.1, 2.4, 1.6) 14
[13:36:00.281]: (-0.1, 2.4, 1.6) 14
[13:36:00.302]: (-0.1, 2.4, 1.6) 14
[13:36:00.325]: (-0.1, 2.4, 1.6) 14
[13:36:00.349]: (-0.2, 2.6, 1.8) 33
[13:36:00.369]: (-0.2, 2.7, 1.9) 30
[13:36:00.393]: (-0.2, 2.6, 1.8) 33
[13:36:00.414]: (-0.2, 2.5, 1.6) 14
[13:36:00.432]: (-0.2, 2.6, 1.8) 33
[13:36:00.451]: (-0.2, 2.6, 1.8) 33
[13:36:00.467]: (-0.2, 2.7, 1.9) 30
[13:36:00.483]: (-0.2, 2.6, 1.8) 33
[13:36:00.499]: (-0.2, 2.6, 1.8) 33
[13:36:00.516]: (-0.2, 2.5, 1.6) 14
[13:36:00.534]: (-0.2, 2.6, 1.8) 33
[13:36:00.551]: (-0.2, 2.6, 1.8) 33
[13:36:00.569]: (-0.2, 2.4, 1.6) 14
[13:36:00.587]: (-0.2, 2.5, 1.6) 14
[13:36:00.605]: (-0.2, 2.7, 1.9) 30
[13:36:00.622]: (-0.2, 2.7, 1.9) 30
[13:36:00.640]: (-0.2, 2.7, 1.9) 30
[13:36:00.656]: (-0.2, 2.7, 1.9) 30
[13:36:00.674]: (-0.2, 2.7, 1.9) 30
[13:36:00.693]: (-0.2, 2.7, 1.9) 30
[13:36:00.709]: (-0.2, 2.7, 1.9) 30
[13:36:00.726]: (-0.2, 2.4, 1.6) 14
[13:36:00.745]: (-0.2, 2.7, 1.9) 30
[13:36:00.762]: (-0.2, 2.6, 1.8) 33
[13:36:00.794]: (-0.2, 2.6, 1.8) 33
[13:36:01.014]: (-0.2, 2.6, 1.8) 33
[13:36:01.036]: (-0.2, 2.4, 1.6) 14
[13:36:01.102]: (-0.2, 2.4, 1.7) 12
[13:36:01.127]: (-0.2, 2.4, 1.7) 12
[13:36:01.148]: (-0.2, 2.4, 1.7) 12
[13:36:01.172]: (-0.2, 2.4, 1.7) 12
[13:36:01.260]: (-0.2, 2.4, 1.7) 15
[13:36:01.327]: (-0.2, 2.4, 1.7) 15
[13:36:01.368]: (-0.2, 2.4, 1.6) 12
[13:36:01.391]: (-0.1, 2.4, 1.6) 12
[13:36:01.615]: (-0.1, 2.7, 1.8) 30
[13:36:01.636]: (-0.1, 2.7, 1.8) 30
[13:36:01.657]: (-0.1, 2.7, 1.8) 30
[13:36:01.681]: (-0.1, 2.7, 1.8) 30
[13:36:01.702]: (-0.1, 2.7, 1.8) 30
[13:36:01.725]: (-0.1, 2.7, 1.8) 30
[13:36:01.748]: (-0.1, 2.7, 1.8) 30
[13:36:01.769]: (-0.1, 2.7, 1.8) 30
[13:36:01.791]: (-0.2, 2.7, 1.8) 30
[13:36:01.812]: (-0.1, 2.7, 1.8) 30
[13:36:01.828]: (-0.1, 2.7, 1.8) 30
[13:36:01.845]: (-0.1, 2.7, 1.8) 30
[13:36:01.862]: (-0.1, 2.7, 1.8) 30
[13:36:01.882]: (-0.1, 2.7, 1.8) 30
[13:36:01.901]: (-0.1, 2.7, 1.8) 30
[13:36:01.917]: (-0.1, 2.7, 1.8) 30
[13:36:01.936]: (-0.1, 2.7, 1.8) 30
[13:36:01.958]: (-0.1, 2.7, 1.8) 30
[13:36:02.026]: (0.8, 2.9, 1.6) 46
[13:36:02.048]: (0.8, 2.9, 1.6) 46
[13:36:02.069]: (0.8, 2.9, 1.6) 46
[13:36:02.093]: (0.8, 2.9, 1.6) 52
[13:36:02.113]: (0.8, 2.9, 1.6) 46
[13:36:02.136]: (0.8, 2.9, 1.6) 52
[13:36:02.159]: (0.8, 2.9, 1.6) 46
[13:36:02.224]: (0.8, 2.9, 1.7) 52
[13:36:02.248]: (0.8, 2.9, 1.7) 52
[13:36:02.270]: (0.9, 2.9, 1.7) 52
[13:36:02.292]: (0.9, 2.9, 1.7) 52
[13:36:02.313]: (0.8, 2.9, 1.7) 52
[13:36:02.413]: (0.8, 2.9, 1.7) 52
[13:36:02.430]: (0.8, 2.9, 1.7) 52
[13:36:02.493]: (0.8, 2.9, 1.7) 52
[13:36:02.510]: (0.8, 2.9, 1.7) 52
[13:36:02.541]: (0.8, 2.9, 1.7) 52
[13:36:02.558]: (0.8, 2.9, 1.7) 52
[13:36:02.574]: (0.8, 2.9, 1.7) 52
[13:36:02.620]: (0.9, 2.9, 1.7) 52
[13:36:02.698]: (1.0, 3.0, 1.8) 50
[13:36:02.745]: (0.9, 2.8, 1.6) 53
[13:36:02.763]: (0.9, 2.9, 1.6) 53
[13:36:02.780]: (0.9, 2.8, 1.6) 53
[13:36:02.796]: (0.9, 2.8, 1.6) 53
[13:36:02.813]: (0.9, 2.8, 1.6) 53
[13:36:02.830]: (0.9, 2.8, 1.6) 53
[13:36:02.847]: (0.9, 2.8, 1.6) 53
[13:36:02.870]: (0.9, 2.8, 1.6) 53
[13:36:02.891]: (0.9, 2.8, 1.6) 53
[13:36:02.914]: (0.9, 2.8, 1.6) 53
[13:36:02.936]: (1.0, 2.8, 1.6) 53
[13:36:02.959]: (1.0, 2.8, 1.6) 53
[13:36:03.004]: (1.0, 2.8, 1.6) 53
[13:36:03.091]: (1.1, 3.0, 1.7) 48
[13:36:03.113]: (1.1, 3.0, 1.6) 48
[13:36:03.136]: (1.1, 3.0, 1.6) 48
[13:36:03.157]: (1.1, 3.1, 1.7) 43
[13:36:03.181]: (1.1, 3.1, 1.7) 43
[13:36:03.202]: (1.1, 3.0, 1.6) 48
[13:36:03.225]: (1.2, 3.2, 1.7) 49
[13:36:03.263]: (1.2, 3.2, 1.7) 49
[13:36:03.280]: (1.1, 3.1, 1.6) 43
[13:36:03.312]: (1.1, 3.1, 1.7) 43
[13:36:03.329]: (1.1, 3.1, 1.6) 43
[13:36:03.345]: (1.0, 3.1, 1.7) 43
[13:36:03.364]: (1.0, 3.1, 1.7) 43
[13:36:03.386]: (1.0, 3.1, 1.7) 43
[13:36:03.402]: (1.1, 3.1, 1.7) 43
[13:36:03.419]: (1.1, 3.1, 1.7) 43
[13:36:03.439]: (1.1, 3.1, 1.7) 43
[13:36:03.457]: (1.1, 3.1, 1.7) 43
[13:36:03.474]: (1.1, 3.1, 1.7) 43
[13:36:03.542]: (1.2, 3.1, 1.6) 48
[13:36:03.578]: (1.2, 3.0, 1.6) 48
[13:36:03.595]: (1.2, 3.0, 1.6) 48
[13:36:03.629]: (1.2, 3.0, 1.6) 48
[13:36:03.648]: (1.1, 3.0, 1.6) 48
[13:36:03.667]: (1.1, 3.0, 1.6) 48
[13:36:03.684]: (1.1, 3.0, 1.6) 48
[13:36:03.702]: (1.1, 3.0, 1.6) 48
[13:36:03.720]: (1.2, 3.0, 1.6) 48
[13:36:03.738]: (1.1, 3.1, 1.7) 43
[13:36:03.757]: (0.9, 2.9, 1.6) 53
[13:36:03.782]: (0.9, 2.9, 1.6) 46
[13:36:03.957]: (-1.8, 2.7, 2.1) 65
[13:36:04.138]: (-1.5, 2.7, 2.0) 68
[13:36:04.157]: (-1.5, 2.7, 2.0) 68
[13:36:04.180]: (-1.7, 2.7, 2.1) 66
[13:36:04.205]: (-1.6, 2.7, 2.2) 70
[13:36:04.405]: (-1.5, 2.7, 2.0) 68
[13:36:04.424]: (-1.5, 2.8, 2.1) 67
[13:36:04.443]: (-1.5, 2.8, 2.1) 67
[13:36:04.464]: (-1.4, 2.8, 2.1) 69
[13:36:04.484]: (-1.4, 2.8, 2.1) 69
[13:36:04.506]: (-1.5, 2.8, 2.1) 67
[13:36:04.525]: (-1.4, 2.8, 2.1) 69
[13:36:04.545]: (-1.5, 2.9, 2.1) 67
[13:36:04.562]: (-1.4, 2.8, 2.1) 69
[13:36:04.579]: (-1.5, 2.9, 2.2) 71
[13:36:04.596]: (-1.5, 2.9, 2.2) 71
[13:36:04.614]: (-1.4, 2.8, 2.0) 76
[13:36:04.632]: (-1.4, 2.8, 2.1) 69
[13:36:04.650]: (-1.5, 2.9, 2.2) 71
[13:36:04.666]: (-1.5, 2.9, 2.2) 71
[13:36:04.683]: (-1.5, 2.9, 2.2) 71
[13:36:04.702]: (-1.5, 2.9, 2.2) 71
[13:36:04.724]: (-1.5, 2.9, 2.2) 71
[13:36:04.748]: (-1.5, 2.9, 2.2) 71
[13:36:04.768]: (-1.5, 2.8, 2.1) 69
[13:36:04.791]: (-1.4, 2.8, 2.1) 69
[13:36:04.815]: (-1.4, 2.8, 2.1) 69
[13:36:04.835]: (-1.5, 2.9, 2.2) 71
[13:36:04.857]: (-1.5, 2.8, 2.1) 67
[13:36:04.880]: (-1.5, 2.8, 2.1) 67
[13:36:04.903]: (-1.5, 2.8, 2.1) 67
[13:36:04.924]: (-1.5, 2.8, 2.1) 67
[13:36:04.948]: (-1.5, 2.8, 2.1) 67
[13:36:04.969]: (-1.5, 2.8, 2.1) 67
[13:36:04.991]: (-1.5, 2.8, 2.1) 67
[13:36:05.014]: (-1.5, 2.8, 2.1) 67
[13:36:05.083]: (-1.5, 2.8, 2.0) 68
[13:36:05.105]: (-1.4, 2.8, 2.0) 68
[13:36:05.128]: (-1.4, 2.8, 2.0) 68
[13:36:05.150]: (-1.4, 2.8, 2.0) 68
[13:36:05.172]: (-1.4, 2.8, 2.0) 68
[13:36:05.193]: (-1.4, 2.8, 2.0) 68
[13:36:05.216]: (-1.5, 2.9, 2.1) 70
[13:36:05.238]: (-1.5, 2.9, 2.1) 70
[13:36:05.260]: (-1.5, 2.9, 2.1) 70
[13:36:05.340]: (-1.5, 3.0, 2.1) 70
[13:36:05.364]: (-1.3, 3.0, 2.0) 75
[13:36:05.432]: (-1.4, 3.1, 2.0) 70
[13:36:05.454]: (-1.4, 3.0, 2.0) 70
[13:36:05.475]: (-1.4, 3.1, 2.0) 70
[13:36:05.497]: (-1.4, 3.1, 2.0) 70
[13:36:05.519]: (-1.4, 3.1, 2.0) 70
[13:36:05.543]: (-1.3, 3.1, 2.0) 70
[13:36:05.566]: (-1.3, 3.1, 2.0) 70
[13:36:05.588]: (-1.3, 3.0, 1.8) 68
[13:36:05.611]: (-1.3, 3.0, 1.8) 74
[13:36:05.633]: (-1.2, 3.1, 1.7) 73
[13:36:05.655]: (-1.2, 3.1, 1.7) 73
[13:36:05.677]: (-1.2, 3.1, 1.7) 73
[13:36:05.700]: (-1.2, 3.1, 1.7) 73
[13:36:05.722]: (-1.3, 3.1, 1.8) 73
[13:36:05.746]: (-1.3, 3.1, 1.7) 73
[13:36:05.768]: (-1.3, 3.1, 1.7) 73
[13:36:05.790]: (-1.3, 3.1, 1.8) 68
[13:36:05.812]: (-1.3, 3.0, 1.7) 73
[13:36:05.829]: (-1.4, 3.1, 1.9) 66
[13:36:05.859]: (-1.4, 3.1, 1.9) 66
[13:36:05.893]: (-1.5, 3.1, 1.9) 66
[13:36:06.058]: (-1.4, 2.9, 1.8) 74
[13:36:06.159]: (-1.4, 3.0, 2.0) 70
[13:36:06.192]: (-1.4, 3.0, 2.1) 70
[13:36:06.291]: (-1.2, 3.0, 2.0) 75
[13:36:06.325]: (-1.2, 3.0, 2.0) 75
[13:36:06.359]: (-1.2, 3.0, 2.0) 75
[13:36:06.391]: (-1.2, 3.0, 2.0) 75
[13:36:06.424]: (-1.2, 2.9, 2.0) 75
[13:36:06.458]: (-1.2, 3.0, 2.0) 75
[13:36:06.491]: (-1.2, 3.0, 2.0) 75
[13:36:06.513]: (-1.2, 3.0, 2.0) 75
[13:36:06.535]: (-1.2, 3.0, 2.0) 75
[13:36:06.579]: (-1.3, 3.0, 2.0) 75
[13:36:06.602]: (-1.2, 3.0, 2.0) 75
[13:36:06.624]: (-1.3, 3.0, 2.0) 75
[13:36:06.712]: (-1.3, 3.1, 2.0) 70
[13:36:06.735]: (-1.3, 3.0, 1.9) 68
[13:36:06.757]: (-1.4, 3.1, 2.0) 70
[13:36:06.780]: (-1.4, 3.1, 2.0) 70
[13:36:06.801]: (-1.4, 3.1, 2.0) 70
[13:36:06.823]: (-1.4, 3.1, 2.0) 70
[13:36:06.847]: (-1.4, 3.1, 2.0) 70
[13:36:06.868]: (-1.4, 3.1, 2.0) 70
[13:36:06.891]: (-1.4, 3.1, 2.0) 70
[13:36:06.912]: (-1.4, 3.1, 2.0) 70
[13:36:06.935]: (-1.4, 3.1, 2.0) 70
[13:36:06.957]: (-1.4, 3.1, 2.0) 70
[13:36:06.979]: (-1.4, 3.1, 2.0) 70
[13:36:07.001]: (-1.4, 3.1, 2.0) 70
[13:36:07.024]: (-1.4, 3.1, 2.0) 70
[13:36:07.048]: (-1.3, 3.0, 1.9) 68
[13:36:07.068]: (-1.3, 3.0, 1.9) 68
[13:36:07.091]: (-1.3, 3.0, 1.9) 68
[13:36:07.135]: (-1.4, 3.1, 2.0) 70
[13:36:07.157]: (-1.4, 3.1, 2.0) 70
[13:36:07.180]: (-1.4, 3.1, 2.0) 70
[13:36:07.201]: (-1.4, 3.1, 2.0) 70
[13:36:07.224]: (-1.4, 3.1, 2.0) 70
[13:36:07.246]: (-1.4, 3.1, 2.0) 70
[13:36:07.269]: (-1.4, 3.1, 2.0) 70
[13:36:07.292]: (-1.4, 3.1, 2.0) 70
[13:36:07.314]: (-1.4, 3.1, 2.0) 70
[13:36:07.338]: (-1.4, 3.1, 2.0) 70
[13:36:07.361]: (-1.3, 3.1, 2.0) 70
[13:36:07.385]: (-1.4, 3.1, 2.0) 70
[13:36:07.406]: (-1.4, 3.1, 2.0) 70
[13:36:07.428]: (-1.4, 3.1, 2.0) 70
[13:36:07.451]: (-1.4, 3.1, 2.0) 70
[13:36:07.473]: (-1.4, 3.1, 2.0) 70
[13:36:07.494]: (-1.4, 3.1, 2.0) 70
[13:36:07.517]: (-1.4, 3.1, 2.0) 70
[13:36:07.538]: (-1.4, 3.1, 2.0) 70
[13:36:07.561]: (-1.4, 3.1, 2.0) 70
[13:36:07.583]: (-1.4, 3.1, 2.0) 70
[13:36:07.606]: (-1.4, 3.1, 2.0) 70
[13:36:07.627]: (-1.4, 3.1, 2.0) 70
[13:36:07.650]: (-1.4, 3.1, 2.0) 70
[13:36:07.672]: (-1.4, 3.1, 2.0) 70
[13:36:07.693]: (-1.4, 3.1, 2.0) 70
[13:36:07.717]: (-1.4, 3.1, 2.0) 70
[13:36:07.738]: (-1.4, 3.1, 2.0) 70
[13:36:07.755]: (-1.4, 3.1, 2.0) 70
[13:36:07.772]: (-1.3, 3.0, 2.0) 70
[13:36:07.788]: (-1.3, 3.1, 2.0) 70
[13:36:07.806]: (-1.3, 3.1, 2.0) 70
[13:36:07.822]: (-1.4, 3.1, 2.0) 70
[13:36:07.839]: (-1.3, 3.1, 2.0) 70
[13:36:07.857]: (-1.3, 3.1, 2.0) 70
[13:36:07.875]: (-1.3, 3.1, 2.0) 70
[13:36:07.891]: (-1.3, 3.1, 2.0) 70
[13:36:07.909]: (-1.3, 3.1, 2.0) 70
[13:36:07.927]: (-1.3, 3.1, 2.0) 70
[13:36:07.945]: (-1.3, 3.1, 2.0) 70
[13:36:07.964]: (-1.3, 3.1, 2.0) 70
[13:36:07.980]: (-1.3, 3.1, 2.0) 70
[13:36:07.998]: (-1.3, 3.1, 2.0) 70
[13:36:08.015]: (-1.3, 3.1, 2.0) 70
[13:36:08.032]: (-1.3, 3.1, 2.0) 70
[13:36:08.049]: (-1.3, 3.1, 2.1) 70
[13:36:08.313]: (-1.0, 2.2, 1.5) 23
[13:36:08.356]: (-1.3, 3.0, 1.8) 68
[13:36:08.401]: (-1.3, 3.1, 2.0) 70
[13:36:09.391]: (-1.4, 3.1, 2.0) 70
[13:36:09.411]: (-1.3, 3.1, 2.0) 70
[13:36:09.434]: (-1.3, 3.1, 2.0) 70
[13:36:09.455]: (-1.3, 3.1, 2.0) 70
[13:36:09.479]: (-1.3, 3.1, 2.0) 70
[13:36:09.501]: (-1.3, 3.1, 2.0) 70
[13:36:09.523]: (-1.3, 3.0, 2.0) 70
[13:36:09.541]: (-1.3, 3.0, 2.0) 70
[13:36:09.559]: (-1.3, 3.0, 2.0) 70
[13:36:09.575]: (-1.3, 3.1, 2.0) 70
[13:36:09.593]: (-1.3, 3.1, 2.0) 70
[13:36:09.610]: (-1.3, 3.0, 2.0) 70
[13:36:09.627]: (-1.3, 3.0, 2.0) 70
[13:36:09.644]: (-1.3, 3.1, 2.0) 70
[13:36:09.662]: (-1.3, 3.1, 2.0) 70
[13:36:09.680]: (-1.3, 3.1, 2.0) 70
[13:36:09.697]: (-1.3, 3.0, 2.0) 70
[13:36:09.714]: (-1.3, 3.0, 2.1) 70
[13:36:09.764]: (-1.3, 3.0, 2.1) 70
[13:36:09.780]: (-1.3, 3.0, 2.0) 70
[13:36:09.797]: (-1.3, 3.0, 2.0) 70
[13:36:09.859]: (-1.4, 3.0, 2.1) 70
[13:36:09.876]: (-1.4, 3.0, 2.0) 70
[13:36:09.893]: (-1.3, 3.0, 2.0) 70
[13:36:09.910]: (-1.4, 3.0, 2.1) 70
[13:36:09.930]: (-1.4, 3.0, 2.0) 70
[13:36:09.963]: (-1.4, 3.0, 2.1) 70
[13:36:09.980]: (-1.4, 3.0, 2.0) 70
[13:36:09.997]: (-1.4, 3.0, 2.0) 70
[13:36:10.013]: (-1.4, 3.0, 2.0) 70
[13:36:10.031]: (-1.3, 3.1, 2.0) 70
[13:36:10.049]: (-1.3, 3.0, 2.0) 70
[13:36:10.200]: (-1.2, 3.1, 1.9) 69
[13:36:10.223]: (-1.1, 3.0, 1.9) 76
[13:36:10.311]: (-1.2, 3.0, 2.0) 75
[13:36:10.356]: (-1.2, 3.0, 2.0) 75
[13:36:10.378]: (-1.2, 3.0, 2.0) 75
[13:36:10.399]: (-1.2, 3.0, 2.0) 75
[13:36:10.423]: (-1.2, 3.0, 2.0) 75
[13:36:10.445]: (-1.2, 3.0, 2.0) 75
[13:36:10.462]: (-1.2, 3.0, 2.0) 75
[13:36:10.479]: (-1.2, 3.0, 2.0) 75
[13:36:10.570]: (-1.3, 3.1, 2.0) 70
[13:36:10.587]: (-1.3, 3.1, 2.0) 70
[13:36:10.651]: (-1.2, 3.0, 2.1) 75
[13:36:10.682]: (-1.2, 3.0, 2.1) 75
[13:36:10.699]: (-1.2, 3.0, 2.1) 75
[13:36:10.716]: (-1.2, 3.0, 2.0) 75
[13:36:10.733]: (-1.2, 3.0, 2.0) 75
[13:36:10.751]: (-1.2, 3.0, 2.0) 75
[13:36:10.768]: (-1.2, 3.0, 2.0) 75
[13:36:10.785]: (-1.2, 3.0, 2.0) 75
[13:36:10.819]: (-1.4, 3.0, 1.8) 74
[13:36:10.838]: (-1.4, 3.0, 1.8) 74
[13:36:10.856]: (-1.4, 3.0, 1.8) 74
[13:36:10.872]: (-1.3, 3.0, 1.8) 74
[13:36:10.889]: (-1.3, 3.0, 1.8) 74
[13:36:10.911]: (-1.3, 3.0, 1.8) 74
[13:36:10.933]: (-1.3, 3.0, 1.8) 74
[13:36:10.957]: (-1.3, 2.9, 1.8) 74
[13:36:10.979]: (-1.3, 3.0, 1.8) 74
[13:36:10.999]: (-1.3, 3.0, 1.8) 68
[13:36:11.156]: (-1.3, 3.0, 1.8) 68
[13:36:11.183]: (-1.3, 3.1, 1.8) 68
[13:36:11.204]: (-1.3, 3.0, 1.8) 68
[13:36:11.224]: (-1.3, 3.0, 1.8) 68
[13:36:11.267]: (-1.3, 3.1, 1.8) 68
[13:36:11.331]: (-1.3, 3.0, 1.8) 68
[13:36:11.349]: (-1.3, 3.0, 1.8) 68
[13:36:11.366]: (-1.3, 3.0, 1.8) 68
[13:36:11.384]: (-1.3, 3.0, 1.9) 68
[13:36:11.402]: (-1.3, 3.0, 1.8) 68
[13:36:11.420]: (-1.3, 3.0, 1.9) 68
[13:36:11.436]: (-1.3, 3.0, 1.8) 68
[13:36:11.454]: (-1.3, 3.0, 1.8) 68
[13:36:11.484]: (-1.2, 3.1, 1.9) 69
[13:36:11.502]: (-1.2, 3.1, 1.9) 69
[13:36:11.520]: (-1.2, 3.1, 1.9) 69
[13:36:11.539]: (-1.2, 3.1, 1.9) 69
[13:36:11.572]: (-1.3, 3.2, 2.1) 71
[13:36:11.590]: (-1.2, 3.1, 1.9) 69
[13:36:11.608]: (-1.2, 3.3, 2.0) 71
[13:36:11.624]: (-1.3, 3.3, 2.0) 71
[13:36:11.643]: (-1.2, 3.2, 1.9) 72
[13:36:11.660]: (-1.2, 3.3, 2.0) 71
[13:36:11.678]: (-1.2, 3.2, 2.0) 71
[13:36:11.697]: (-1.2, 3.1, 1.9) 76
[13:36:11.716]: (-1.2, 3.1, 1.9) 69
[13:36:11.733]: (-1.2, 3.1, 1.9) 69
[13:36:11.753]: (-1.2, 3.1, 1.9) 69
[13:36:11.771]: (-1.2, 3.1, 1.9) 69
[13:36:11.789]: (-1.2, 3.1, 1.9) 69
[13:36:11.807]: (-1.2, 3.1, 2.0) 69
[13:36:11.825]: (-1.2, 3.1, 2.0) 69
[13:36:11.844]: (-1.2, 3.1, 2.0) 69
[13:36:11.945]: (-1.2, 3.1, 1.9) 69
[13:36:12.012]: (-1.2, 3.1, 1.9) 69
[13:36:12.277]: (-1.2, 3.1, 1.9) 69
[13:36:12.311]: (-1.2, 3.1, 2.0) 69
[13:36:12.621]: (-1.0, 2.3, 1.5) 22
[13:36:12.644]: (-1.0, 2.2, 1.5) 23
[13:36:12.665]: (-1.0, 2.2, 1.5) 23
[13:36:12.688]: (-1.1, 2.2, 1.5) 23
[13:36:12.733]: (-1.0, 2.2, 1.5) 23
[13:36:12.755]: (-1.1, 2.2, 1.6) 23
[13:36:12.784]: (-1.1, 2.2, 1.6) 23
[13:36:12.804]: (-1.0, 2.2, 1.5) 23
[13:36:12.821]: (-0.8, 1.9, 1.4) 3
[13:36:12.844]: (-0.7, 1.8, 1.5) 1
[13:36:12.867]: (-0.7, 1.8, 1.5) 1
[13:36:12.887]: (-0.7, 1.8, 1.5) 1
[13:36:12.914]: (-0.7, 1.8, 1.5) 1
