[13:37:02.525]: (-1.8, -0.7, -0.1) 46
[13:37:02.545]: (-1.8, -0.7, -0.1) 46
[13:37:02.569]: (-1.8, -0.7, -0.1) 46
[13:37:02.588]: (-1.8, -0.7, -0.1) 46
[13:37:02.613]: (-1.8, -0.7, -0.1) 46
[13:37:02.633]: (-1.8, -0.7, -0.1) 46
[13:37:02.656]: (-1.9, -0.9, 0.0) 37
[13:37:02.693]: (-1.8, -0.8, -0.1) 46
[13:37:02.711]: (-1.8, -0.8, -0.1) 46
[13:37:02.726]: (-1.8, -0.7, -0.1) 46
[13:37:02.742]: (-1.8, -0.8, -0.1) 46
[13:37:02.759]: (-1.9, -0.9, -0.1) 37
[13:37:02.776]: (-1.9, -0.9, -0.1) 37
[13:37:02.793]: (-1.9, -0.9, -0.1) 37
[13:37:02.810]: (-1.9, -0.9, -0.1) 37
[13:37:03.049]: (-1.7, -1.7, 0.0) 26
[13:37:03.068]: (-1.7, -1.7, 0.0) 26
[13:37:03.084]: (-1.7, -1.7, 0.0) 26
[13:37:03.102]: (-1.7, -1.7, 0.0) 26
[13:37:03.257]: (-1.1, -0.6, 0.0) 0
[13:37:03.277]: (-1.0, -0.6, 0.0) 0
[13:37:03.299]: (-1.0, -0.6, 0.0) 0
[13:37:03.326]: (-1.0, -0.6, 0.0) 0
[13:37:03.354]: (-1.0, -0.6, 0.0) 0
[13:37:03.373]: (-1.0, -0.6, 0.0) 0
[13:37:03.392]: (-1.1, -0.6, 0.0) 0
[13:37:03.522]: (-1.0, -0.4, 0.0) 8
[13:37:03.547]: (-1.0, -0.4, 0.0) 8
[13:37:03.570]: (-1.0, -0.3, 0.0) 8
[13:37:03.593]: (-1.0, -0.4, 0.0) 8
[13:37:03.615]: (-1.1, -0.3, 0.0) 8
[13:37:03.694]: (-1.2, -0.2, 0.0) 8
[13:37:03.716]: (-1.3, -0.2, 0.0) 8
[13:37:03.739]: (-1.5, -0.3, 0.1) 1
[13:37:03.763]: (-1.5, -0.2, 0.1) 1
[13:37:03.784]: (-1.4, 0.0, 0.1) 8
[13:37:03.806]: (-1.4, 0.0, 0.1) 8
[13:37:03.827]: (-1.5, 0.1, 0.2) 8
[13:37:03.850]: (-1.4, 0.1, 0.2) 8
[13:37:03.872]: (-1.5, 0.2, 0.2) 8
[13:37:03.896]: (-1.5, 0.2, 0.3) 8
[13:37:03.920]: (-1.5, 0.3, 0.3) 8
[13:37:03.941]: (-1.5, 0.3, 0.4) 8
[13:37:03.965]: (-1.5, 0.4, 0.4) 8
[13:37:03.985]: (-1.7, 0.3, 0.4) 5
[13:37:04.008]: (-1.9, 0.3, 0.5) 4
[13:37:04.029]: (-1.7, 0.5, 0.5) 5
[13:37:04.051]: (-1.7, 0.5, 0.5) 5
[13:37:04.074]: (-1.7, 0.6, 0.6) 3
[13:37:04.096]: (-1.7, 0.7, 0.6) 5
[13:37:04.118]: (-1.6, 0.7, 0.6) 5
[13:37:04.161]: (-1.6, 0.9, 0.8) 5
[13:37:04.184]: (-1.6, 0.9, 0.8) 5
[13:37:04.206]: (-1.6, 1.0, 0.8) 5
[13:37:04.229]: (-1.5, 1.1, 0.9) 5
[13:37:04.252]: (-1.5, 1.2, 0.9) 3
[13:37:04.293]: (-1.5, 1.3, 1.2) 2
[13:37:04.322]: (-1.5, 1.4, 1.2) 2
[13:37:04.357]: (-1.4, 1.4, 1.2) 1
[13:37:04.389]: (-1.4, 1.5, 1.2) 2
[13:37:04.423]: (-1.4, 1.6, 1.3) 2
[13:37:04.457]: (-1.3, 1.6, 1.3) 2
[13:37:04.494]: (-1.3, 1.6, 1.3) 2
[13:37:04.524]: (-1.3, 1.6, 1.3) 2
[13:37:04.557]: (-1.3, 1.6, 1.3) 1
[13:37:04.590]: (-1.3, 1.6, 1.3) 1
[13:37:04.623]: (-1.3, 1.6, 1.4) 7
[13:37:04.656]: (-1.3, 1.6, 1.3) 2
[13:37:04.691]: (-1.3, 1.6, 1.4) 7
[13:37:04.724]: (-1.4, 1.7, 1.4) 7
[13:37:04.756]: (-1.3, 1.6, 1.3) 2
[13:37:04.790]: (-1.3, 1.6, 1.3) 2
[13:37:04.823]: (-1.3, 1.6, 1.3) 1
[13:37:04.858]: (-1.3, 1.6, 1.3) 1
[13:37:04.889]: (-1.3, 1.6, 1.3) 1
[13:37:04.924]: (-1.3, 1.6, 1.3) 1
[13:37:04.945]: (-1.3, 1.6, 1.3) 1
[13:37:04.968]: (-1.3, 1.6, 1.3) 2
[13:37:04.988]: (-1.3, 1.6, 1.3) 2
[13:37:05.012]: (-1.3, 1.6, 1.3) 2
[13:37:05.034]: (-1.3, 1.6, 1.3) 2
[13:37:05.055]: (-1.3, 1.6, 1.3) 2
[13:37:05.079]: (-1.2, 1.6, 1.2) 3
[13:37:05.100]: (-1.2, 1.6, 1.2) 3
[13:37:05.123]: (-1.2, 1.6, 1.2) 5
[13:37:05.145]: (-1.2, 1.6, 1.2) 5
[13:37:05.168]: (-1.2, 1.6, 1.2) 5
[13:37:05.189]: (-1.2, 1.6, 1.1) 5
[13:37:05.212]: (-1.2, 1.6, 1.1) 5
[13:37:05.233]: (-1.2, 1.6, 1.1) 5
[13:37:05.255]: (-1.2, 1.6, 1.2) 5
[13:37:05.301]: (-1.2, 1.7, 1.2) 5
[13:37:05.522]: (-1.0, 1.9, 1.1) 10
[13:37:05.545]: (-1.1, 2.1, 1.2) 6
[13:37:05.567]: (-1.1, 2.1, 1.2) 6
[13:37:05.589]: (-1.1, 2.1, 1.3) 6
[13:37:05.611]: (-1.1, 2.1, 1.3) 4
[13:37:05.634]: (-1.1, 2.2, 1.3) 4
[13:37:05.792]: (-0.9, 2.2, 1.4) 7
[13:37:05.815]: (-0.9, 2.2, 1.4) 7
[13:37:05.837]: (-0.9, 2.2, 1.4) 7
[13:37:05.926]: (-0.1, 2.8, 1.7) 34
[13:37:05.948]: (-0.1, 2.8, 1.7) 34
[13:37:05.970]: (-0.1, 2.8, 1.7) 34
[13:37:05.993]: (-0.1, 2.8, 1.7) 34
[13:37:06.015]: (-0.2, 2.7, 1.6) 46
[13:37:06.036]: (-0.1, 2.7, 1.7) 34
[13:37:06.059]: (-0.1, 2.7, 1.7) 34
[13:37:06.081]: (-0.1, 2.7, 1.7) 34
[13:37:06.104]: (-0.1, 2.7, 1.7) 34
[13:37:06.126]: (-0.1, 2.8, 1.7) 34
[13:37:06.147]: (-0.1, 2.8, 1.7) 34
[13:37:06.171]: (-0.2, 2.8, 1.7) 34
[13:37:06.220]: (0.0, 3.0, 1.9) 30
[13:37:06.238]: (0.0, 3.0, 1.8) 30
[13:37:06.256]: (0.1, 3.0, 1.8) 30
[13:37:06.275]: (0.1, 3.0, 1.8) 30
[13:37:06.292]: (0.0, 3.0, 1.8) 30
[13:37:06.308]: (0.0, 3.0, 1.9) 30
[13:37:06.325]: (0.0, 3.0, 1.8) 30
[13:37:06.341]: (0.0, 3.0, 1.9) 30
[13:37:06.357]: (0.0, 3.0, 1.8) 30
[13:37:06.390]: (0.1, 3.0, 1.8) 31
[13:37:06.410]: (0.1, 3.0, 1.8) 31
[13:37:06.433]: (0.1, 3.0, 1.8) 31
[13:37:06.455]: (0.1, 2.8, 1.6) 44
[13:37:06.477]: (0.0, 2.9, 1.6) 44
[13:37:06.499]: (0.1, 3.0, 1.7) 31
[13:37:06.520]: (0.1, 3.0, 1.7) 31
[13:37:06.560]: (0.2, 3.0, 1.7) 31
[13:37:06.583]: (0.1, 2.9, 1.5) 44
[13:37:06.605]: (0.2, 3.1, 1.7) 41
[13:37:06.668]: (0.2, 2.9, 1.4) 44
[13:37:06.690]: (0.2, 2.9, 1.4) 44
[13:37:06.714]: (0.2, 3.1, 1.6) 31
[13:37:06.797]: (0.2, 3.0, 1.5) 38
[13:37:06.818]: (0.3, 3.1, 1.5) 38
[13:37:06.840]: (0.3, 3.5, 2.0) 68
[13:37:06.864]: (0.5, 3.7, 2.2) 55
[13:37:06.887]: (0.4, 3.7, 2.2) 66
[13:37:06.909]: (0.4, 3.7, 2.2) 66
[13:37:06.952]: (0.4, 3.7, 2.2) 66
[13:37:06.969]: (0.4, 3.6, 2.2) 54
[13:37:06.986]: (0.4, 3.5, 2.2) 56
[13:37:07.004]: (0.4, 3.5, 2.2) 56
[13:37:07.021]: (0.4, 3.5, 2.2) 56
[13:37:07.044]: (0.4, 3.5, 2.2) 56
[13:37:07.266]: (0.3, 3.4, 2.1) 69
[13:37:07.288]: (0.3, 3.4, 2.1) 57
[13:37:07.311]: (0.3, 3.4, 2.1) 57
[13:37:07.329]: (0.3, 3.4, 2.1) 69
[13:37:07.347]: (0.3, 3.4, 2.1) 69
[13:37:07.365]: (0.3, 3.4, 2.1) 69
[13:37:07.385]: (0.3, 3.4, 2.1) 69
[13:37:07.404]: (0.3, 3.4, 2.1) 69
[13:37:07.423]: (0.3, 3.4, 2.1) 69
[13:37:07.440]: (0.3, 3.4, 2.1) 57
[13:37:07.459]: (0.3, 3.4, 2.1) 57
[13:37:07.475]: (0.3, 3.4, 2.1) 57
[13:37:07.493]: (0.3, 3.4, 2.1) 57
[13:37:07.510]: (0.3, 3.4, 2.1) 57
[13:37:07.530]: (0.3, 3.4, 2.1) 57
[13:37:07.548]: (0.3, 3.4, 2.1) 68
[13:37:07.566]: (0.2, 3.4, 2.1) 68
[13:37:07.586]: (0.3, 3.5, 2.1) 68
[13:37:07.608]: (0.3, 3.5, 2.1) 57
[13:37:07.627]: (0.3, 3.5, 2.1) 57
[13:37:07.647]: (0.3, 3.5, 2.1) 57
[13:37:07.673]: (0.3, 3.4, 2.1) 69
[13:37:07.697]: (0.2, 3.0, 1.5) 38
[13:37:07.721]: (0.2, 3.0, 1.6) 38
[13:37:07.746]: (0.2, 3.0, 1.6) 30
[13:37:07.793]: (0.2, 3.0, 1.5) 31
[13:37:07.816]: (0.2, 3.0, 1.5) 31
[13:37:07.863]: (0.2, 3.2, 1.5) 41
[13:37:07.887]: (0.2, 3.1, 1.4) 31
[13:37:07.910]: (0.2, 3.1, 1.4) 42
[13:37:07.936]: (0.2, 3.1, 1.4) 31
[13:37:07.959]: (0.1, 3.2, 1.3) 30
[13:37:07.982]: (0.1, 3.1, 1.3) 38
[13:37:08.011]: (0.1, 3.3, 1.4) 40
[13:37:08.045]: (0.1, 3.6, 1.7) 69
[13:37:08.078]: (0.1, 3.6, 1.8) 57
[13:37:08.111]: (0.2, 3.8, 2.0) 55
[13:37:08.146]: (0.2, 3.8, 2.0) 55
[13:37:08.211]: (0.3, 3.7, 2.0) 66
[13:37:08.312]: (0.1, 3.5, 2.4) 49
[13:37:08.379]: (0.2, 3.5, 2.5) 49
[13:37:08.512]: (0.3, 3.3, 2.6) 51
[13:37:08.544]: (0.2, 3.1, 2.5) 53
[13:37:08.577]: (0.2, 3.2, 2.5) 53
[13:37:08.611]: (0.2, 3.1, 2.6) 65
[13:37:08.646]: (0.2, 3.1, 2.6) 53
[13:37:08.699]: (-0.8, 2.5, 2.1) 28
[13:37:08.721]: (-0.8, 2.5, 2.2) 28
[13:37:08.943]: (-1.0, 2.5, 2.2) 12
[13:37:08.966]: (-1.0, 2.5, 2.2) 14
[13:37:08.988]: (-0.9, 2.5, 2.2) 12
[13:37:09.009]: (-0.9, 2.6, 2.2) 12
[13:37:09.032]: (-0.9, 2.6, 2.2) 12
[13:37:09.054]: (-1.0, 2.5, 2.2) 12
[13:37:09.078]: (-0.9, 2.4, 2.1) 22
[13:37:09.121]: (-0.9, 2.4, 2.1) 22
[13:37:09.188]: (-0.9, 2.4, 2.1) 22
[13:37:09.255]: (-0.8, 2.6, 2.2) 20
[13:37:09.277]: (-0.9, 2.6, 2.3) 12
[13:37:09.343]: (-0.9, 2.6, 2.2) 20
[13:37:09.365]: (-0.8, 2.6, 2.2) 20
[13:37:09.388]: (-0.9, 2.6, 2.2) 20
[13:37:09.412]: (-0.8, 2.6, 2.2) 20
[13:37:09.593]: (0.0, 2.4, 1.8) 36
[13:37:09.858]: (0.1, 2.6, 2.1) 43
[13:37:09.880]: (0.1, 2.5, 2.1) 43
[13:37:09.904]: (0.1, 2.5, 2.0) 33
[13:37:09.927]: (0.1, 2.4, 1.8) 34
[13:37:09.949]: (0.1, 2.4, 1.8) 34
[13:37:09.972]: (0.1, 2.4, 1.8) 34
[13:37:09.994]: (0.1, 2.4, 1.8) 34
[13:37:10.016]: (0.1, 2.4, 1.8) 34
[13:37:10.322]: (0.5, 3.2, 2.1) 52
[13:37:10.345]: (0.5, 3.2, 2.1) 52
[13:37:10.369]: (0.5, 3.2, 2.1) 52
[13:37:10.396]: (0.5, 3.2, 2.1) 52
[13:37:10.438]: (0.6, 3.2, 2.2) 50
[13:37:10.459]: (0.6, 3.2, 2.2) 50
[13:37:10.480]: (0.6, 3.2, 2.2) 50
[13:37:10.524]: (0.6, 3.2, 2.2) 50
[13:37:10.540]: (0.6, 3.2, 2.1) 52
[13:37:10.558]: (0.6, 3.2, 2.2) 50
[13:37:10.601]: (0.7, 3.2, 2.2) 50
[13:37:10.931]: (0.5, 3.2, 2.1) 64
[13:37:11.066]: (0.1, 2.4, 1.5) 46
[13:37:11.099]: (0.1, 2.5, 1.6) 36
[13:37:11.133]: (0.1, 2.4, 1.5) 46
[13:37:11.165]: (0.1, 2.4, 1.5) 46
[13:37:11.199]: (0.1, 2.4, 1.5) 46
[13:37:11.232]: (0.1, 2.4, 1.5) 46
[13:37:11.265]: (0.1, 2.4, 1.5) 46
[13:37:11.299]: (0.1, 2.4, 1.5) 46
[13:37:11.331]: (0.1, 2.4, 1.5) 46
[13:37:11.355]: (0.1, 2.4, 1.5) 46
[13:37:11.376]: (0.1, 2.4, 1.5) 46
[13:37:11.399]: (0.1, 2.4, 1.5) 46
[13:37:11.420]: (0.1, 2.4, 1.5) 46
[13:37:11.442]: (0.1, 2.4, 1.5) 46
[13:37:11.465]: (0.1, 2.4, 1.5) 46
[13:37:11.486]: (0.1, 2.4, 1.5) 46
[13:37:11.510]: (0.1, 2.4, 1.5) 46
[13:37:11.532]: (0.1, 2.4, 1.5) 46
[13:37:11.554]: (0.2, 2.4, 1.6) 34
[13:37:11.575]: (0.2, 2.4, 1.7) 34
[13:37:11.599]: (0.2, 2.4, 1.7) 34
[13:37:11.620]: (0.2, 2.4, 1.6) 44
[13:37:11.643]: (0.2, 2.4, 1.6) 44
[13:37:11.665]: (0.2, 2.4, 1.6) 44
[13:37:11.687]: (0.2, 2.4, 1.6) 44
[13:37:11.709]: (0.2, 2.4, 1.6) 44
[13:37:11.733]: (0.2, 2.4, 1.6) 44
[13:37:11.753]: (0.2, 2.4, 1.6) 44
[13:37:11.775]: (0.2, 2.4, 1.7) 34
[13:37:11.819]: (0.2, 2.4, 1.7) 34
[13:37:11.843]: (0.2, 2.4, 1.7) 34
[13:37:11.864]: (0.2, 2.4, 1.7) 34
[13:37:11.886]: (0.2, 2.4, 1.7) 34
[13:37:11.909]: (0.2, 2.4, 1.7) 34
[13:37:11.931]: (0.2, 2.4, 1.7) 34
[13:37:11.954]: (0.2, 2.4, 1.7) 34
[13:37:11.984]: (0.2, 2.4, 1.7) 34
[13:37:12.008]: (0.3, 2.5, 1.7) 34
[13:37:12.027]: (0.4, 2.5, 1.8) 31
[13:37:12.050]: (0.4, 2.5, 1.7) 31
[13:37:12.069]: (0.4, 2.5, 1.7) 31
[13:37:12.091]: (0.4, 2.5, 1.7) 31
[13:37:12.110]: (0.4, 2.5, 1.7) 31
[13:37:12.132]: (0.4, 2.5, 1.7) 31
[13:37:12.155]: (0.4, 2.5, 1.7) 31
[13:37:12.179]: (0.4, 2.5, 1.7) 31
[13:37:12.203]: (0.4, 2.5, 1.7) 31
[13:37:12.224]: (0.4, 2.5, 1.7) 31
[13:37:12.246]: (0.4, 2.5, 1.7) 31
[13:37:12.265]: (0.4, 2.5, 1.7) 31
[13:37:12.288]: (0.4, 2.5, 1.7) 31
[13:37:12.310]: (0.4, 2.5, 1.7) 31
[13:37:12.334]: (0.4, 2.5, 1.7) 31
[13:37:12.354]: (0.4, 2.5, 1.7) 31
[13:37:12.381]: (0.4, 2.5, 1.7) 31
[13:37:12.400]: (0.4, 2.6, 1.7) 31
[13:37:12.420]: (0.4, 2.6, 1.7) 31
[13:37:12.442]: (0.4, 2.6, 1.7) 31
[13:37:12.464]: (0.3, 2.6, 1.7) 32
[13:37:12.487]: (0.2, 2.5, 1.6) 34
[13:37:12.652]: (0.2, 2.5, 1.6) 34
[13:37:12.670]: (0.2, 2.5, 1.6) 34
[13:37:12.687]: (0.2, 2.5, 1.6) 34
[13:37:12.705]: (0.2, 2.5, 1.6) 34
[13:37:12.721]: (0.2, 2.5, 1.6) 34
[13:37:12.737]: (0.2, 2.5, 1.6) 34
[13:37:12.754]: (0.2, 2.5, 1.6) 34
[13:37:12.771]: (0.2, 2.5, 1.6) 34
[13:37:12.788]: (0.2, 2.5, 1.6) 34
[13:37:12.806]: (0.2, 2.5, 1.6) 34
[13:37:12.823]: (0.2, 2.5, 1.6) 34
[13:37:12.842]: (0.2, 2.5, 1.6) 34
[13:37:12.859]: (0.2, 2.5, 1.6) 34
[13:37:12.878]: (0.2, 2.5, 1.6) 34
[13:37:12.896]: (0.2, 2.5, 1.6) 34
[13:37:12.916]: (0.2, 2.5, 1.6) 34
[13:37:12.933]: (0.2, 2.5, 1.6) 34
[13:37:12.952]: (0.2, 2.5, 1.6) 34
[13:37:12.970]: (0.2, 2.5, 1.6) 34
[13:37:12.993]: (0.2, 2.5, 1.6) 34
[13:37:13.016]: (0.2, 2.5, 1.6) 34
[13:37:13.039]: (0.2, 2.5, 1.6) 34
[13:37:13.061]: (0.2, 2.5, 1.6) 34
[13:37:13.084]: (0.2, 2.5, 1.6) 34
[13:37:13.106]: (0.2, 2.5, 1.6) 34
[13:37:13.129]: (0.2, 2.5, 1.6) 34
[13:37:13.150]: (0.2, 2.5, 1.6) 34
[13:37:13.176]: (0.2, 2.5, 1.6) 34
[13:37:13.198]: (0.2, 2.5, 1.6) 34
[13:37:13.220]: (0.2, 2.5, 1.6) 34
[13:37:13.241]: (0.2, 2.5, 1.6) 34
[13:37:13.276]: (0.2, 2.5, 1.6) 34
[13:37:13.310]: (0.2, 2.5, 1.6) 34
[13:37:13.344]: (0.2, 2.5, 1.6) 34
[13:37:13.378]: (0.2, 2.5, 1.6) 34
[13:37:13.409]: (0.2, 2.5, 1.6) 34
[13:37:13.443]: (0.2, 2.5, 1.6) 34
[13:37:14.141]: (-0.6, 3.2, 1.8) 12
[13:37:14.164]: (-0.6, 3.2, 1.8) 12
[13:37:14.208]: (-0.7, 3.2, 1.8) 12
[13:37:14.253]: (-0.7, 3.2, 1.7) 12
[13:37:14.275]: (-0.7, 3.3, 1.8) 13
[13:37:14.298]: (-0.7, 3.3, 1.8) 13
[13:37:14.319]: (-0.7, 3.3, 1.8) 13
[13:37:14.342]: (-0.6, 3.2, 1.7) 12
[13:37:14.363]: (-0.7, 3.3, 1.8) 13
[13:37:14.385]: (-0.6, 3.2, 1.7) 12
[13:37:14.409]: (-0.7, 3.3, 1.8) 13
[13:37:14.430]: (-0.7, 3.3, 1.8) 13
[13:37:14.453]: (-0.7, 3.3, 1.8) 13
[13:37:14.474]: (-0.7, 3.3, 1.8) 13
[13:37:14.497]: (-0.7, 3.3, 1.8) 13
[13:37:14.519]: (-0.7, 3.3, 1.8) 13
[13:37:14.541]: (-0.7, 3.3, 1.8) 13
[13:37:14.564]: (-0.7, 3.3, 1.8) 13
[13:37:14.586]: (-0.7, 3.0, 1.7) 14
[13:37:14.990]: (-0.6, 3.2, 1.7) 12
[13:37:15.012]: (-0.6, 3.2, 1.7) 12
[13:37:15.036]: (-0.6, 3.2, 1.7) 12
[13:37:15.058]: (-0.6, 3.2, 1.7) 12
[13:37:15.078]: (-0.6, 3.2, 1.7) 12
[13:37:15.101]: (-0.6, 3.2, 1.7) 12
[13:37:15.123]: (-0.6, 3.2, 1.7) 12
[13:37:15.140]: (-0.6, 3.2, 1.8) 12
[13:37:15.157]: (-0.6, 3.0, 1.6) 22
[13:37:15.194]: (-0.6, 2.2, 1.3) 2
[13:37:15.210]: (-0.5, 2.1, 1.3) 1
[13:37:15.226]: (-0.5, 2.1, 1.3) 1
[13:37:15.242]: (-0.5, 2.1, 1.3) 1
[13:37:15.261]: (-0.5, 2.1, 1.3) 1
[13:37:15.277]: (-0.5, 2.1, 1.3) 1
[13:37:15.294]: (-0.5, 2.1, 1.3) 1
[13:37:15.310]: (-0.5, 2.1, 1.3) 1
[13:37:15.327]: (-0.5, 2.1, 1.3) 1
[13:37:15.344]: (-0.5, 2.1, 1.3) 1
[13:37:15.361]: (-0.5, 2.1, 1.3) 1
[13:37:15.378]: (-0.5, 2.1, 1.3) 1
[13:37:15.396]: (-0.5, 2.1, 1.3) 1
[13:37:15.413]: (-0.5, 2.1, 1.3) 1
[13:37:15.430]: (-0.5, 2.1, 1.3) 1
[13:37:15.446]: (-0.5, 2.1, 1.3) 1
[13:37:15.463]: (-0.5, 2.1, 1.3) 1
[13:37:15.479]: (-0.5, 2.1, 1.3) 1
[13:37:15.498]: (-0.5, 2.1, 1.3) 1
[13:37:15.515]: (-0.5, 2.1, 1.3) 1
[13:37:15.531]: (-0.5, 2.1, 1.3) 1
[13:37:15.547]: (-0.5, 2.1, 1.3) 1
[13:37:15.564]: (-0.5, 2.1, 1.3) 1
[13:37:15.585]: (-0.5, 2.1, 1.3) 1
[13:37:15.607]: (-0.5, 2.1, 1.3) 1
[13:37:15.630]: (-0.5, 2.1, 1.3) 1
[13:37:15.653]: (-0.5, 2.1, 1.3) 1
[13:37:15.675]: (-0.5, 2.1, 1.3) 1
[13:37:15.697]: (-0.5, 2.1, 1.3) 0
[13:37:15.718]: (-0.5, 2.1, 1.3) 0
[13:37:15.740]: (-0.5, 2.1, 1.3) 0
[13:37:15.763]: (-0.5, 2.1, 1.4) 0
[13:37:15.787]: (-0.5, 2.1, 1.4) 0
[13:37:15.810]: (-0.5, 2.1, 1.4) 0
[13:37:16.148]: (-0.6, 2.2, 1.4) 2
[13:37:16.169]: (-0.6, 2.1, 1.3) 2
[13:37:16.190]: (-0.6, 2.1, 1.3) 2
[13:37:16.213]: (-0.6, 2.1, 1.3) 2
[13:37:16.234]: (-0.6, 2.1, 1.4) 2
[13:37:16.256]: (-0.6, 2.2, 1.4) 7
[13:37:16.281]: (-0.6, 2.2, 1.4) 7
[13:37:16.584]: (0.5, 3.1, 2.1) 50
[13:37:16.649]: (0.5, 3.1, 2.2) 50
[13:37:16.709]: (0.5, 3.1, 2.2) 50
[13:37:16.732]: (0.5, 3.1, 2.2) 50
[13:37:16.876]: (0.6, 3.1, 2.2) 48
[13:37:16.898]: (0.6, 3.1, 2.2) 50
[13:37:16.919]: (0.6, 3.1, 2.3) 48
[13:37:16.943]: (0.6, 3.1, 2.2) 50
[13:37:16.967]: (0.6, 3.1, 2.3) 48
[13:37:16.990]: (0.6, 3.1, 2.2) 50
[13:37:17.012]: (0.6, 3.1, 2.2) 50
[13:37:17.033]: (0.6, 3.1, 2.2) 48
[13:37:17.055]: (0.6, 3.1, 2.2) 48
[13:37:17.077]: (0.6, 3.1, 2.2) 48
[13:37:17.100]: (0.6, 3.1, 2.2) 48
[13:37:17.122]: (0.6, 3.1, 2.2) 48
[13:37:17.144]: (0.6, 3.1, 2.2) 48
[13:37:17.165]: (0.6, 3.1, 2.2) 48
[13:37:17.183]: (0.7, 3.1, 2.2) 48
[13:37:17.200]: (0.7, 3.1, 2.2) 48
[13:37:17.220]: (0.7, 3.1, 2.2) 48
[13:37:17.238]: (0.7, 3.1, 2.2) 48
[13:37:17.254]: (0.7, 3.1, 2.2) 48
[13:37:17.271]: (0.6, 3.1, 2.2) 48
[13:37:17.288]: (0.6, 3.1, 2.2) 48
[13:37:17.305]: (0.6, 3.1, 2.2) 48
[13:37:17.322]: (0.6, 3.1, 2.2) 48
[13:37:17.340]: (0.7, 3.1, 2.2) 48
[13:37:17.357]: (0.7, 3.1, 2.2) 48
[13:37:17.373]: (0.7, 3.1, 2.3) 48
[13:37:17.389]: (0.6, 3.0, 2.2) 50
[13:37:17.407]: (0.6, 3.0, 2.2) 50
[13:37:17.423]: (0.6, 3.0, 2.2) 50
[13:37:17.442]: (0.6, 3.0, 2.2) 50
[13:37:17.460]: (0.6, 3.0, 2.2) 50
[13:37:17.566]: (0.6, 3.0, 2.2) 50
[13:37:17.583]: (0.6, 3.0, 2.2) 50
[13:37:17.600]: (0.6, 3.0, 2.2) 50
[13:37:17.617]: (0.6, 3.0, 2.2) 50
[13:37:17.640]: (0.6, 3.0, 2.2) 50
[13:37:17.685]: (0.5, 2.9, 2.2) 64
[13:37:17.751]: (-0.6, 2.7, 2.0) 18
[13:37:17.773]: (-0.8, 2.7, 2.0) 12
[13:37:17.796]: (-0.8, 2.7, 2.0) 12
[13:37:17.817]: (-0.8, 2.7, 2.0) 12
[13:37:17.839]: (-0.8, 2.7, 2.1) 12
[13:37:17.861]: (-0.8, 2.7, 2.1) 12
[13:37:17.950]: (-0.7, 2.6, 2.0) 28
[13:37:17.973]: (-0.7, 2.6, 1.9) 28
[13:37:17.995]: (-0.7, 2.6, 1.9) 28
[13:37:18.017]: (-0.6, 2.6, 1.9) 28
[13:37:18.034]: (-0.7, 2.6, 1.9) 28
[13:37:18.052]: (-0.7, 2.6, 1.9) 28
[13:37:18.070]: (-0.7, 2.6, 1.9) 28
[13:37:18.087]: (-0.7, 2.6, 1.9) 28
[13:37:18.104]: (-0.7, 2.6, 1.9) 28
[13:37:18.122]: (-0.7, 2.6, 1.9) 28
[13:37:18.138]: (-0.7, 2.6, 2.0) 28
[13:37:18.200]: (0.2, 2.4, 1.9) 33
[13:37:18.217]: (0.2, 2.4, 1.9) 33
[13:37:18.234]: (0.2, 2.4, 1.9) 33
[13:37:18.254]: (0.2, 2.4, 1.9) 33
[13:37:18.271]: (0.2, 2.4, 1.9) 33
[13:37:18.288]: (0.2, 2.4, 1.9) 33
[13:37:18.304]: (0.2, 2.4, 1.9) 33
[13:37:18.321]: (0.2, 2.4, 1.9) 33
[13:37:18.340]: (0.2, 2.4, 1.9) 33
[13:37:18.356]: (0.2, 2.4, 1.9) 33
[13:37:18.375]: (0.2, 2.3, 1.7) 34
[13:37:18.393]: (0.2, 2.4, 1.9) 33
[13:37:18.409]: (0.2, 2.4, 1.8) 32
[13:37:18.427]: (0.2, 2.4, 1.8) 32
[13:37:18.446]: (0.2, 2.3, 1.7) 34
[13:37:18.463]: (0.2, 2.3, 1.7) 34
[13:37:18.480]: (0.2, 2.4, 1.8) 32
[13:37:18.497]: (0.2, 2.4, 1.8) 32
[13:37:18.517]: (0.2, 2.3, 1.7) 34
[13:37:18.539]: (0.2, 2.3, 1.7) 34
[13:37:18.562]: (0.2, 2.3, 1.7) 34
[13:37:18.584]: (0.2, 2.3, 1.7) 34
[13:37:18.606]: (0.2, 2.3, 1.7) 34
[13:37:18.630]: (0.2, 2.3, 1.7) 34
[13:37:18.651]: (0.2, 2.3, 1.7) 34
[13:37:18.673]: (0.2, 2.4, 1.8) 32
[13:37:18.695]: (0.2, 2.3, 1.8) 32
[13:37:18.718]: (0.3, 2.3, 1.8) 32
[13:37:18.739]: (0.3, 2.3, 1.8) 32
[13:37:18.894]: (0.5, 2.3, 1.8) 42
[13:37:18.933]: (0.4, 2.3, 1.8) 31
[13:37:18.952]: (0.4, 2.3, 1.8) 31
[13:37:18.970]: (0.4, 2.3, 1.8) 31
[13:37:18.987]: (0.4, 2.3, 1.8) 31
[13:37:19.005]: (0.4, 2.3, 1.8) 31
[13:37:19.022]: (0.4, 2.3, 1.8) 31
[13:37:19.041]: (0.4, 2.3, 1.8) 31
[13:37:19.058]: (0.4, 2.3, 1.8) 31
[13:37:19.075]: (0.4, 2.3, 1.8) 31
[13:37:19.094]: (0.4, 2.3, 1.8) 31
[13:37:19.111]: (0.4, 2.3, 1.8) 31
[13:37:19.130]: (0.4, 2.3, 1.8) 31
[13:37:19.148]: (0.4, 2.3, 1.8) 31
[13:37:19.164]: (0.4, 2.3, 1.8) 31
[13:37:19.197]: (0.2, 2.3, 1.8) 32
[13:37:19.214]: (0.1, 2.3, 1.7) 36
[13:37:19.230]: (0.2, 2.4, 1.9) 33
[13:37:19.249]: (0.2, 2.4, 1.9) 33
[13:37:19.270]: (0.2, 2.4, 1.9) 33
[13:37:19.286]: (0.2, 2.4, 1.9) 33
[13:37:19.304]: (0.2, 2.4, 1.9) 33
[13:37:19.320]: (0.1, 2.3, 1.7) 36
[13:37:19.337]: (0.1, 2.3, 1.7) 36
[13:37:19.354]: (0.1, 2.3, 1.7) 36
[13:37:19.371]: (0.1, 2.3, 1.7) 36
[13:37:19.388]: (0.2, 2.4, 1.9) 33
[13:37:19.406]: (0.2, 2.4, 1.9) 33
[13:37:19.424]: (0.1, 2.4, 1.9) 33
[13:37:19.442]: (0.1, 2.3, 1.7) 36
[13:37:19.460]: (0.1, 2.3, 1.7) 36
[13:37:19.484]: (0.1, 2.3, 1.7) 36
[13:37:19.507]: (0.1, 2.3, 1.7) 36
[13:37:19.528]: (0.1, 2.3, 1.7) 36
[13:37:19.550]: (0.1, 2.3, 1.7) 36
[13:37:19.572]: (0.3, 2.3, 1.8) 32
[13:37:19.594]: (0.2, 2.2, 1.7) 34
[13:37:19.617]: (0.2, 2.2, 1.7) 34
[13:37:19.639]: (0.2, 2.2, 1.7) 44
[13:37:19.661]: (0.2, 2.2, 1.7) 34
[13:37:19.684]: (0.2, 2.2, 1.7) 34
[13:37:19.706]: (0.0, 2.2, 1.6) 46
[13:37:19.772]: (-0.8, 2.5, 1.9) 22
[13:37:19.794]: (-0.9, 2.5, 1.9) 14
[13:37:19.854]: (-0.9, 2.6, 1.9) 14
[13:37:19.916]: (-0.8, 2.6, 2.0) 14
[13:37:19.964]: (-0.8, 2.5, 1.9) 22
[13:37:20.212]: (-0.7, 2.6, 2.0) 28
[13:37:20.230]: (-0.6, 2.6, 1.9) 28
[13:37:20.250]: (-0.6, 2.6, 1.9) 28
[13:37:20.273]: (-0.6, 2.6, 1.9) 28
[13:37:20.294]: (-0.6, 2.6, 1.9) 28
[13:37:20.316]: (-0.6, 2.6, 1.9) 28
[13:37:20.339]: (-0.6, 2.6, 1.9) 28
[13:37:20.361]: (-0.7, 2.6, 1.9) 28
[13:37:20.384]: (-0.6, 2.6, 1.9) 28
[13:37:20.405]: (-0.7, 2.6, 1.9) 28
[13:37:20.428]: (-0.7, 2.6, 1.9) 28
[13:37:20.451]: (-0.7, 2.6, 1.9) 28
[13:37:20.495]: (-0.6, 2.7, 2.0) 28
[13:37:20.517]: (-0.6, 2.7, 2.1) 18
[13:37:20.539]: (-0.6, 2.7, 2.1) 18
[13:37:20.561]: (-0.6, 2.7, 2.1) 18
[13:37:20.585]: (-0.6, 2.7, 2.1) 18
[13:37:20.605]: (-0.6, 2.7, 2.1) 18
[13:37:20.628]: (-0.6, 2.7, 2.1) 18
[13:37:20.651]: (-0.6, 2.7, 2.1) 18
[13:37:20.671]: (-0.6, 2.7, 2.1) 18
[13:37:20.694]: (-0.6, 2.7, 2.1) 18
[13:37:20.717]: (-0.6, 2.7, 2.1) 18
[13:37:20.733]: (-0.6, 2.7, 2.1) 18
[13:37:20.751]: (-0.6, 2.7, 2.1) 18
[13:37:20.771]: (-0.6, 2.7, 2.1) 18
[13:37:20.788]: (-0.6, 2.7, 2.1) 18
[13:37:20.805]: (-0.6, 2.7, 2.0) 18
[13:37:20.821]: (-0.6, 2.7, 2.0) 18
[13:37:20.838]: (-0.6, 2.7, 2.1) 18
[13:37:20.855]: (-0.6, 2.7, 2.1) 18
[13:37:20.873]: (-0.6, 2.7, 2.1) 18
[13:37:20.889]: (-0.6, 2.7, 2.1) 18
[13:37:20.921]: (-0.6, 2.6, 2.0) 28
[13:37:20.939]: (-0.6, 2.6, 1.9) 28
[13:37:20.957]: (-0.6, 2.6, 2.0) 28
[13:37:20.972]: (-0.6, 2.6, 2.0) 28
[13:37:20.989]: (-0.6, 2.6, 1.9) 28
[13:37:21.008]: (-0.6, 2.6, 1.9) 28
[13:37:21.025]: (-0.6, 2.6, 1.9) 28
[13:37:21.042]: (-0.6, 2.6, 1.9) 28
[13:37:21.060]: (-0.6, 2.6, 1.9) 28
[13:37:21.077]: (-0.6, 2.6, 2.0) 28
[13:37:21.094]: (-0.6, 2.6, 2.0) 28
[13:37:21.111]: (-0.6, 2.6, 2.0) 28
[13:37:21.128]: (-0.6, 2.6, 2.0) 28
[13:37:21.147]: (-0.6, 2.6, 2.0) 28
[13:37:21.164]: (-0.6, 2.6, 2.0) 28
[13:37:21.405]: (0.6, 2.8, 2.1) 69
[13:37:21.426]: (0.6, 2.8, 2.1) 69
[13:37:21.448]: (0.7, 2.8, 2.1) 69
[13:37:21.471]: (0.7, 2.8, 2.1) 69
[13:37:21.493]: (0.6, 2.8, 2.1) 69
[13:37:21.516]: (0.6, 2.8, 2.1) 69
[13:37:21.538]: (0.7, 2.8, 2.1) 69
[13:37:21.560]: (0.7, 2.8, 2.1) 69
[13:37:21.583]: (0.6, 2.8, 2.1) 69
[13:37:21.605]: (0.6, 2.8, 2.1) 69
[13:37:21.626]: (0.6, 2.8, 2.1) 69
[13:37:21.644]: (0.6, 2.8, 2.1) 69
[13:37:21.662]: (0.7, 2.8, 2.1) 69
[13:37:21.680]: (0.6, 2.8, 2.1) 69
[13:37:21.696]: (0.6, 2.8, 2.1) 69
[13:37:21.713]: (0.7, 2.8, 2.1) 69
[13:37:21.730]: (0.6, 2.8, 2.1) 69
[13:37:21.747]: (0.7, 2.8, 2.1) 69
[13:37:21.763]: (0.7, 2.8, 2.1) 69
[13:37:21.780]: (0.7, 2.8, 2.1) 69
[13:37:21.798]: (0.7, 2.8, 2.1) 69
[13:37:21.815]: (0.7, 2.8, 2.1) 69
[13:37:21.832]: (0.7, 2.8, 2.1) 69
[13:37:21.850]: (0.7, 2.8, 2.1) 69
[13:37:21.867]: (0.7, 2.8, 2.1) 69
[13:37:21.886]: (0.7, 2.8, 2.1) 69
[13:37:21.904]: (0.7, 2.8, 2.1) 69
[13:37:21.920]: (0.7, 2.8, 2.1) 69
[13:37:21.938]: (0.7, 2.8, 2.1) 69
[13:37:21.957]: (0.7, 2.8, 2.1) 69
[13:37:21.974]: (0.7, 2.8, 2.1) 69
[13:37:21.993]: (0.7, 2.8, 2.1) 69
[13:37:22.010]: (0.7, 2.8, 2.1) 69
[13:37:22.029]: (0.7, 2.8, 2.1) 69
[13:37:22.046]: (0.7, 2.8, 2.1) 69
[13:37:22.137]: (0.8, 2.9, 2.2) 56
[13:37:22.160]: (0.8, 2.9, 2.2) 56
[13:37:22.183]: (0.8, 2.9, 2.2) 56
[13:37:22.205]: (0.8, 2.9, 2.2) 56
[13:37:22.226]: (0.8, 2.9, 2.2) 56
[13:37:22.272]: (0.8, 2.9, 2.2) 56
[13:37:22.293]: (0.8, 2.9, 2.2) 56
[13:37:22.337]: (0.6, 2.9, 2.1) 57
[13:37:22.613]: (0.6, 3.0, 2.2) 50
[13:37:22.629]: (0.7, 2.9, 2.1) 57
[13:37:22.646]: (0.8, 2.9, 2.2) 56
[13:37:22.665]: (0.8, 2.9, 2.2) 56
[13:37:22.682]: (0.8, 2.9, 2.2) 56
[13:37:22.699]: (0.8, 2.9, 2.2) 56
[13:37:22.716]: (0.8, 2.9, 2.2) 56
[13:37:22.734]: (0.8, 2.9, 2.2) 56
[13:37:22.752]: (0.8, 2.9, 2.2) 56
[13:37:22.769]: (0.8, 2.9, 2.2) 56
[13:37:22.787]: (0.8, 2.9, 2.2) 56
[13:37:22.805]: (0.8, 2.9, 2.2) 56
[13:37:22.822]: (0.8, 2.9, 2.2) 56
[13:37:22.839]: (0.8, 2.9, 2.2) 56
[13:37:22.855]: (0.8, 2.9, 2.2) 56
[13:37:22.966]: (0.7, 2.8, 2.1) 69
[13:37:22.999]: (0.8, 2.9, 2.2) 56
[13:37:23.017]: (0.7, 2.9, 2.1) 57
[13:37:23.037]: (0.7, 2.9, 2.1) 57
[13:37:23.059]: (0.7, 2.9, 2.1) 57
[13:37:23.081]: (0.7, 2.9, 2.1) 57
[13:37:23.104]: (0.7, 2.9, 2.1) 57
[13:37:23.126]: (0.7, 2.9, 2.1) 57
[13:37:23.148]: (0.7, 2.9, 2.1) 57
[13:37:23.170]: (0.7, 2.9, 2.1) 57
[13:37:23.192]: (0.7, 2.9, 2.1) 57
[13:37:23.215]: (0.7, 2.9, 2.1) 57
[13:37:23.237]: (0.7, 2.9, 2.0) 68
[13:37:23.259]: (0.7, 2.9, 2.0) 68
[13:37:23.282]: (0.7, 3.0, 2.0) 68
[13:37:23.304]: (0.7, 3.0, 2.0) 68
[13:37:23.325]: (0.7, 3.0, 2.0) 68
[13:37:23.348]: (0.7, 3.0, 2.0) 68
[13:37:23.372]: (0.7, 3.0, 2.0) 68
[13:37:23.395]: (0.7, 3.0, 2.0) 68
[13:37:23.415]: (0.7, 3.0, 2.0) 68
[13:37:23.434]: (0.7, 3.0, 2.0) 68
[13:37:23.452]: (0.7, 2.9, 2.0) 68
[13:37:23.472]: (0.7, 3.0, 2.0) 68
[13:37:23.492]: (0.8, 3.1, 2.2) 55
[13:37:23.509]: (0.8, 3.1, 2.2) 55
[13:37:23.529]: (0.7, 3.0, 2.0) 68
[13:37:23.616]: (0.9, 3.2, 2.4) 59
[13:37:23.634]: (1.0, 3.2, 2.3) 59
[13:37:23.651]: (1.0, 3.2, 2.3) 59
[13:37:23.669]: (1.0, 3.2, 2.3) 59
[13:37:23.687]: (1.0, 3.2, 2.3) 59
[13:37:23.706]: (0.9, 3.1, 2.2) 54
[13:37:23.722]: (1.0, 3.2, 2.3) 59
[13:37:23.740]: (1.1, 3.2, 2.4) 59
[13:37:23.778]: (1.1, 3.2, 2.3) 59
[13:37:23.801]: (1.1, 3.2, 2.3) 59
[13:37:23.819]: (1.1, 3.2, 2.3) 59
[13:37:23.893]: (1.0, 3.0, 1.9) 57
[13:37:24.023]: (1.0, 3.2, 1.7) 69
[13:37:24.048]: (1.2, 3.2, 1.7) 67
[13:37:24.091]: (1.2, 3.3, 1.6) 67
[13:37:24.117]: (1.1, 3.4, 1.6) 67
[13:37:24.144]: (1.2, 3.5, 1.6) 60
[13:37:24.169]: (1.1, 3.5, 1.6) 60
[13:37:24.446]: (1.0, 3.6, 2.0) 59
[13:37:24.467]: (1.0, 3.6, 2.0) 59
[13:37:24.492]: (1.0, 3.6, 2.0) 59
[13:37:24.512]: (1.0, 3.6, 2.0) 59
[13:37:24.531]: (1.0, 3.6, 2.0) 59
[13:37:24.550]: (1.0, 3.6, 2.0) 59
[13:37:24.570]: (1.0, 3.6, 2.0) 59
[13:37:24.590]: (1.0, 3.6, 2.0) 59
[13:37:24.615]: (1.0, 3.6, 2.0) 59
[13:37:24.650]: (1.0, 3.6, 2.0) 59
[13:37:24.681]: (1.0, 3.6, 2.0) 59
[13:37:24.715]: (1.0, 3.6, 2.0) 59
[13:37:24.749]: (1.0, 3.6, 2.0) 59
[13:37:24.782]: (0.9, 3.4, 1.8) 54
[13:37:24.815]: (0.9, 3.4, 1.8) 54
[13:37:24.848]: (0.9, 3.4, 1.8) 54
[13:37:24.881]: (0.9, 3.4, 1.8) 54
[13:37:24.914]: (0.9, 3.4, 1.8) 54
[13:37:24.949]: (0.9, 3.4, 1.8) 56
[13:37:24.981]: (0.9, 3.4, 1.7) 56
[13:37:25.015]: (0.9, 3.4, 1.7) 56
[13:37:25.082]: (0.9, 3.3, 1.6) 69
[13:37:25.115]: (0.9, 3.3, 1.6) 69
[13:37:25.182]: (0.9, 3.3, 1.6) 69
[13:37:25.216]: (1.1, 3.4, 1.5) 67
[13:37:25.458]: (1.1, 3.5, 1.1) 67
[13:37:25.481]: (1.1, 3.5, 1.0) 67
[13:37:25.504]: (1.1, 3.5, 1.0) 67
[13:37:25.549]: (1.2, 3.7, 1.1) 60
[13:37:25.570]: (1.2, 3.7, 1.1) 60
[13:37:25.593]: (1.2, 3.7, 1.1) 58
[13:37:25.616]: (1.2, 3.8, 1.1) 58
[13:37:25.816]: (1.2, 3.7, 1.2) 58
[13:37:25.836]: (1.1, 3.7, 1.2) 58
[13:37:25.859]: (1.1, 3.7, 1.2) 58
[13:37:25.881]: (1.2, 3.7, 1.2) 58
[13:37:25.905]: (1.2, 3.7, 1.2) 58
[13:37:25.929]: (1.2, 3.7, 1.2) 58
[13:37:25.950]: (1.2, 3.7, 1.2) 58
[13:37:25.969]: (1.2, 3.7, 1.2) 58
[13:37:25.993]: (1.2, 3.7, 1.2) 58
[13:37:26.014]: (1.2, 3.7, 1.2) 58
[13:37:26.036]: (1.2, 3.7, 1.2) 58
[13:37:26.061]: (1.2, 3.7, 1.2) 58
[13:37:26.083]: (1.1, 3.7, 1.2) 58
[13:37:26.105]: (1.1, 3.7, 1.2) 58
[13:37:26.126]: (1.1, 3.7, 1.2) 58
[13:37:26.149]: (1.1, 3.7, 1.2) 58
[13:37:26.171]: (1.1, 3.7, 1.2) 58
[13:37:26.193]: (1.1, 3.7, 1.2) 58
[13:37:26.438]: (0.8, 3.4, 1.2) 68
[13:37:26.459]: (0.8, 3.4, 1.2) 68
[13:37:26.484]: (0.8, 3.4, 1.2) 68
[13:37:26.558]: (0.8, 3.4, 1.3) 68
[13:37:26.574]: (0.8, 3.4, 1.3) 68
[13:37:26.592]: (0.6, 3.6, 1.7) 65
[13:37:26.674]: (-0.4, 2.7, 2.0) 22
[13:37:26.693]: (-0.5, 2.8, 2.1) 14
[13:37:26.756]: (-0.5, 2.8, 2.1) 14
[13:37:26.774]: (-0.5, 2.8, 2.1) 14
[13:37:26.806]: (-0.5, 2.8, 2.1) 14
[13:37:26.824]: (-0.6, 2.8, 2.1) 16
[13:37:26.870]: (-0.6, 2.8, 2.1) 16
[13:37:26.888]: (-0.6, 2.8, 2.1) 16
[13:37:26.919]: (-0.4, 2.7, 2.1) 22
[13:37:26.936]: (-0.5, 2.7, 2.0) 22
[13:37:26.953]: (-0.5, 2.7, 2.0) 22
[13:37:26.971]: (-0.5, 2.8, 2.1) 14
[13:37:26.989]: (-0.4, 2.7, 2.0) 22
[13:37:27.024]: (-0.4, 2.8, 2.1) 14
[13:37:27.270]: (-0.3, 2.9, 1.9) 28
[13:37:27.291]: (-0.3, 2.9, 1.9) 20
[13:37:27.314]: (-0.3, 2.9, 2.0) 20
[13:37:27.336]: (-0.3, 2.9, 1.9) 28
[13:37:27.357]: (-0.3, 2.9, 1.9) 20
[13:37:27.381]: (-0.3, 2.9, 1.9) 20
[13:37:27.402]: (-0.3, 3.0, 1.9) 20
[13:37:27.424]: (-0.3, 3.0, 1.9) 20
[13:37:27.440]: (-0.3, 3.0, 1.9) 20
[13:37:27.550]: (-0.4, 2.9, 2.0) 20
[13:37:27.566]: (-0.4, 2.9, 2.0) 20
[13:37:27.584]: (-0.4, 2.9, 2.0) 20
[13:37:27.602]: (-0.4, 2.9, 2.0) 20
[13:37:27.620]: (-0.4, 2.9, 2.0) 20
[13:37:27.700]: (-0.4, 3.0, 2.1) 12
[13:37:27.857]: (-0.4, 2.9, 2.0) 20
[13:37:27.873]: (-0.4, 2.9, 2.0) 20
[13:37:27.892]: (-0.4, 2.9, 2.0) 20
[13:37:27.913]: (-0.4, 2.9, 2.0) 20
[13:37:27.936]: (-0.4, 2.9, 2.0) 20
[13:37:27.958]: (-0.4, 2.9, 2.0) 20
[13:37:27.980]: (-0.4, 2.9, 2.0) 20
[13:37:28.002]: (-0.4, 2.9, 2.0) 20
[13:37:28.025]: (-0.4, 2.9, 2.0) 20
[13:37:28.046]: (-0.4, 2.9, 2.0) 20
[13:37:28.091]: (-0.4, 2.9, 2.0) 20
[13:37:28.180]: (-0.4, 2.9, 2.0) 20
[13:37:28.459]: (-0.4, 2.8, 2.1) 14
[13:37:28.769]: (-0.4, 2.7, 2.0) 22
[13:37:29.124]: (-0.2, 1.9, 1.8) 0
[13:37:29.147]: (-0.2, 1.9, 1.8) 0
[13:37:29.163]: (-0.2, 1.9, 1.8) 0
[13:37:29.318]: (-0.2, 1.8, 1.8) 0
[13:37:29.336]: (-0.2, 1.9, 1.8) 1
[13:37:29.354]: (-0.2, 1.9, 1.8) 1
[13:37:29.404]: (-0.2, 1.8, 1.8) 1
[13:37:29.422]: (-0.2, 1.9, 1.8) 1
[13:37:29.439]: (-0.1, 1.8, 1.8) 0
[13:37:29.747]: (-0.3, 1.8, 1.9) 2
[13:37:29.856]: (-0.3, 1.8, 1.8) 1
