[13:30:51.907]: (-2.6, -1.4, 0.0) 9
[13:30:51.940]: (-2.6, -1.5, 0.0) 9
[13:30:51.960]: (-2.6, -1.5, 0.0) 9
[13:30:51.982]: (-2.6, -1.4, 0.0) 9
[13:30:52.160]: (-2.4, -0.7, 0.0) 7
[13:30:52.206]: (-2.4, -0.7, 0.0) 7
[13:30:52.228]: (-2.4, -0.7, 0.0) 7
[13:30:52.294]: (-2.4, -0.7, 0.0) 7
[13:30:52.316]: (-2.4, -0.7, 0.0) 7
[13:30:52.338]: (-2.4, -0.7, 0.0) 7
[13:30:52.516]: (-2.5, -0.8, 0.0) 5
[13:30:52.538]: (-2.5, -0.8, 0.0) 5
[13:30:52.560]: (-2.5, -0.8, 0.0) 5
[13:30:52.582]: (-2.5, -0.8, 0.0) 5
[13:30:52.606]: (-2.5, -0.7, 0.0) 5
[13:30:52.630]: (-2.5, -0.7, 0.0) 5
[13:30:52.658]: (-2.5, -0.8, 0.0) 5
[13:30:52.695]: (-2.4, -0.7, 0.0) 7
[13:30:52.716]: (-2.4, -0.7, 0.1) 7
[13:30:52.738]: (-2.3, -0.7, 0.1) 7
[13:30:52.760]: (-2.4, -0.7, 0.1) 7
[13:30:52.782]: (-2.4, -0.7, 0.1) 7
[13:30:52.807]: (-2.4, -0.7, 0.1) 7
[13:30:52.826]: (-2.4, -0.7, 0.1) 7
[13:30:53.244]: (-3.3, 1.1, 1.5) 9
[13:30:53.861]: (-1.1, 2.5, 1.7) 33
[13:30:54.449]: (-0.3, 3.1, 1.8) 7
[13:30:54.482]: (-0.3, 3.1, 1.8) 7
[13:30:54.705]: (0.0, 3.2, 1.7) 7
[13:30:54.726]: (0.1, 3.2, 1.6) 6
[13:30:54.747]: (0.1, 3.2, 1.6) 6
[13:30:54.794]: (0.1, 3.2, 1.6) 6
[13:30:54.814]: (0.1, 3.2, 1.6) 6
[13:30:54.837]: (0.2, 3.2, 1.6) 6
[13:30:54.859]: (0.2, 3.2, 1.5) 6
[13:30:54.904]: (0.2, 3.2, 1.5) 6
[13:30:54.926]: (0.2, 3.3, 1.6) 5
[13:30:54.949]: (0.2, 3.3, 1.6) 5
[13:30:54.971]: (0.2, 3.4, 1.6) 5
[13:30:55.260]: (0.8, 3.8, 2.4) 14
[13:30:55.282]: (0.8, 3.7, 2.4) 14
[13:30:55.551]: (0.8, 3.7, 2.5) 14
[13:30:55.596]: (0.8, 3.7, 2.5) 14
[13:30:56.126]: (0.3, 3.1, 2.0) 5
[13:30:56.813]: (-0.6, 3.1, 1.6) 32
[13:30:57.657]: (-0.3, 2.8, 1.7) 33
[13:30:58.941]: (0.3, 3.1, 1.6) 7
[13:30:58.963]: (0.3, 3.0, 1.6) 7
[13:30:59.168]: (0.3, 3.0, 1.6) 7
[13:30:59.190]: (0.3, 3.0, 1.6) 7
[13:30:59.215]: (0.3, 3.0, 1.6) 7
[13:30:59.991]: (1.3, 3.7, 1.8) 16
[13:31:00.016]: (1.3, 3.7, 1.8) 16
[13:31:00.035]: (1.3, 3.7, 1.8) 16
[13:31:00.058]: (1.3, 3.7, 1.8) 16
[13:31:00.079]: (1.3, 3.7, 1.8) 16
[13:31:00.105]: (1.3, 3.7, 1.8) 16
[13:31:11.176]: (0.3, 3.2, 2.2) 10
[13:31:12.081]: (1.1, 3.4, 2.4) 15
[13:31:12.105]: (1.1, 3.4, 2.4) 15
[13:31:12.125]: (1.1, 3.4, 2.4) 15
[13:31:12.146]: (1.1, 3.4, 2.4) 15
[13:31:12.167]: (1.1, 3.4, 2.4) 15
[13:31:12.190]: (1.1, 3.4, 2.4) 15
[13:31:12.213]: (1.1, 3.4, 2.4) 15
[13:31:12.237]: (1.1, 3.4, 2.4) 15
[13:31:12.258]: (1.1, 3.4, 2.4) 15
[13:31:12.280]: (1.1, 3.4, 2.4) 15
[13:31:12.303]: (1.1, 3.4, 2.4) 15
[13:31:15.863]: (0.2, 2.5, 1.8) 6
[13:31:15.885]: (0.2, 2.4, 1.8) 6
[13:31:15.904]: (0.1, 2.5, 1.8) 6
[13:31:15.923]: (0.1, 2.5, 1.8) 6
[13:31:15.941]: (0.1, 2.5, 1.8) 6
[13:31:15.975]: (0.1, 2.5, 1.8) 6
[13:31:15.992]: (0.1, 2.5, 1.8) 6
[13:31:16.010]: (0.1, 2.5, 1.8) 6
[13:31:16.027]: (0.2, 2.5, 1.8) 6
[13:31:16.045]: (0.2, 2.5, 1.8) 6
[13:31:16.063]: (0.2, 2.5, 1.8) 6
[13:31:16.149]: (0.1, 2.5, 1.8) 6
[13:31:17.385]: (0.2, 2.5, 1.8) 6
[13:31:17.407]: (0.2, 2.5, 1.8) 6
[13:31:17.429]: (0.2, 2.4, 1.8) 6
[13:31:17.450]: (0.2, 2.5, 1.8) 6
[13:31:17.474]: (0.2, 2.5, 1.8) 6
[13:31:17.495]: (0.2, 2.5, 1.8) 6
[13:31:17.517]: (0.2, 2.5, 1.8) 6
[13:31:17.539]: (0.2, 2.5, 1.8) 6
[13:31:17.562]: (0.2, 2.5, 1.8) 6
[13:31:17.584]: (0.2, 2.5, 1.8) 6
[13:31:17.606]: (0.2, 2.5, 1.8) 6
[13:31:17.628]: (0.2, 2.5, 1.8) 6
[13:31:17.650]: (0.2, 2.5, 1.8) 6
[13:31:17.673]: (0.2, 2.5, 1.8) 6
[13:31:17.691]: (0.2, 2.5, 1.8) 6
[13:31:17.709]: (0.2, 2.5, 1.8) 6
[13:31:17.726]: (0.2, 2.5, 1.8) 6
[13:31:18.105]: (0.1, 2.5, 1.8) 7
[13:31:18.151]: (0.1, 2.5, 1.8) 7
[13:31:19.601]: (0.2, 2.7, 1.8) 5
[13:31:19.632]: (0.2, 2.7, 1.8) 5
[13:31:19.649]: (0.2, 2.7, 1.8) 5
[13:31:19.666]: (0.2, 2.7, 1.8) 5
[13:31:19.685]: (0.2, 2.7, 1.8) 5
[13:31:19.702]: (0.2, 2.7, 1.8) 5
[13:31:19.720]: (0.2, 2.7, 1.8) 5
[13:31:19.736]: (0.2, 2.7, 1.8) 5
[13:31:19.754]: (0.2, 2.7, 1.8) 5
[13:31:19.771]: (0.2, 2.7, 1.8) 5
[13:31:19.788]: (0.2, 2.7, 1.8) 5
[13:31:19.804]: (0.2, 2.7, 1.8) 5
[13:31:19.822]: (0.2, 2.7, 1.8) 5
[13:31:19.839]: (0.2, 2.7, 1.8) 5
[13:31:19.858]: (0.2, 2.7, 1.8) 5
[13:31:19.875]: (0.2, 2.7, 1.8) 5
[13:31:20.038]: (0.1, 2.6, 1.8) 7
[13:31:20.062]: (0.1, 2.5, 1.8) 7
[13:31:20.083]: (0.1, 2.5, 1.8) 7
[13:31:20.127]: (0.1, 2.5, 1.8) 7
[13:31:20.149]: (0.1, 2.5, 1.8) 7
[13:31:20.173]: (0.1, 2.5, 1.8) 7
[13:31:20.194]: (0.1, 2.5, 1.8) 7
[13:31:20.216]: (0.1, 2.5, 1.8) 7
[13:31:20.239]: (0.1, 2.5, 1.8) 7
[13:31:20.260]: (0.1, 2.5, 1.8) 7
[13:31:20.284]: (0.1, 2.5, 1.8) 7
[13:31:20.499]: (0.1, 2.5, 1.8) 6
[13:31:20.517]: (0.1, 2.5, 1.8) 6
[13:31:20.533]: (0.1, 2.5, 1.8) 6
[13:31:20.551]: (0.1, 2.5, 1.8) 6
[13:31:20.568]: (0.1, 2.5, 1.8) 6
[13:31:20.584]: (0.1, 2.5, 1.8) 6
[13:31:20.633]: (0.1, 2.5, 1.8) 6
[13:31:20.665]: (0.1, 2.5, 1.8) 6
[13:31:20.683]: (0.1, 2.5, 1.8) 6
[13:31:20.728]: (0.1, 2.5, 1.8) 6
[13:31:21.760]: (0.1, 2.4, 1.8) 6
[13:31:21.782]: (0.2, 2.4, 1.8) 6
[13:31:21.804]: (0.2, 2.4, 1.8) 6
[13:31:21.826]: (0.2, 2.4, 1.8) 6
[13:31:21.849]: (0.2, 2.4, 1.8) 6
[13:31:21.870]: (0.2, 2.4, 1.8) 6
[13:31:21.894]: (0.2, 2.4, 1.8) 6
[13:31:21.915]: (0.2, 2.4, 1.8) 6
[13:31:21.937]: (0.2, 2.4, 1.8) 6
[13:31:21.961]: (0.2, 2.4, 1.8) 6
[13:31:21.981]: (0.2, 2.4, 1.8) 6
[13:31:22.005]: (0.2, 2.4, 1.8) 6
[13:31:22.027]: (0.2, 2.4, 1.8) 6
[13:31:22.048]: (0.2, 2.4, 1.8) 6
[13:31:22.071]: (0.2, 2.4, 1.8) 6
[13:31:22.094]: (0.2, 2.4, 1.8) 6
[13:31:22.117]: (0.2, 2.4, 1.8) 6
[13:31:22.133]: (0.2, 2.4, 1.8) 6
[13:31:22.150]: (0.2, 2.4, 1.8) 6
[13:31:22.166]: (0.2, 2.4, 1.8) 6
[13:31:22.184]: (0.2, 2.4, 1.8) 6
[13:31:22.200]: (0.2, 2.4, 1.8) 6
[13:31:22.218]: (0.1, 2.4, 1.8) 6
[13:31:22.235]: (0.1, 2.4, 1.8) 6
[13:31:22.251]: (0.1, 2.4, 1.8) 6
[13:31:22.268]: (0.1, 2.4, 1.8) 6
[13:31:22.285]: (0.1, 2.4, 1.8) 6
[13:31:22.301]: (0.1, 2.4, 1.8) 6
[13:31:22.319]: (0.1, 2.4, 1.8) 6
[13:31:22.335]: (0.1, 2.4, 1.8) 6
[13:31:22.352]: (0.1, 2.4, 1.8) 6
[13:31:22.368]: (0.1, 2.4, 1.8) 6
[13:31:22.385]: (0.1, 2.5, 1.8) 6
[13:31:22.402]: (0.1, 2.4, 1.8) 6
[13:31:22.419]: (0.1, 2.4, 1.8) 6
[13:31:22.435]: (0.1, 2.4, 1.8) 6
[13:31:22.452]: (0.1, 2.4, 1.8) 6
[13:31:22.604]: (0.2, 2.4, 1.8) 6
[13:31:22.626]: (0.2, 2.4, 1.8) 6
[13:31:22.803]: (0.2, 2.4, 1.8) 6
[13:31:23.146]: (0.2, 2.4, 1.8) 6
[13:31:23.163]: (0.2, 2.4, 1.8) 6
[13:31:25.547]: (-1.4, 2.3, 1.3) 3
[13:31:32.889]: (-1.8, 2.9, 1.6) 13
[13:31:32.934]: (-1.8, 2.9, 1.5) 13
[13:31:32.956]: (-1.8, 2.9, 1.6) 13
[13:31:32.977]: (-1.8, 2.8, 1.5) 13
[13:31:33.000]: (-1.8, 2.8, 1.5) 13
[13:31:33.023]: (-1.8, 2.8, 1.5) 13
[13:31:33.045]: (-1.8, 2.8, 1.5) 13
[13:31:33.068]: (-1.8, 2.8, 1.6) 13
[13:31:33.111]: (-1.8, 2.8, 1.6) 13
[13:31:35.855]: (-1.8, 2.8, 1.5) 13
[13:31:35.888]: (-1.9, 2.8, 1.6) 13
