[15:52:30.109]: (-1.2, -1.7, 0.1) 14
[15:52:30.133]: (-1.2, -1.7, 0.1) 14
[15:52:30.155]: (-1.2, -1.7, 0.1) 14
[15:52:30.179]: (-1.2, -1.7, 0.2) 14
[15:52:30.792]: (0.0, -0.3, 2.2) 20
[15:52:31.224]: (0.3, 1.0, 2.0) 13
[15:52:31.258]: (0.2, 1.1, 2.0) 13
[15:52:31.291]: (0.2, 1.1, 2.0) 13
[15:52:31.327]: (0.2, 1.1, 2.0) 11
[15:52:31.357]: (0.4, 1.2, 2.7) 19
[15:52:32.294]: (-0.2, 2.4, 3.5) 28
[15:52:32.384]: (-0.1, 2.6, 3.4) 29
[15:52:32.451]: (-0.4, 2.7, 3.4) 27
[15:52:32.474]: (-0.4, 2.7, 3.4) 27
[15:52:32.493]: (-0.4, 2.7, 3.4) 27
[15:52:32.725]: (-0.7, 2.7, 2.7) 25
[15:52:32.772]: (-0.7, 2.7, 2.7) 22
[15:52:32.794]: (-0.8, 2.6, 2.5) 23
[15:52:32.819]: (-0.8, 2.7, 2.5) 23
[15:52:32.841]: (-0.8, 2.7, 2.5) 23
[15:52:32.859]: (-0.8, 2.7, 2.5) 23
[15:52:32.877]: (-0.7, 2.7, 2.5) 23
[15:52:32.896]: (-0.7, 2.7, 2.5) 23
[15:52:32.913]: (-0.8, 2.7, 2.5) 23
[15:52:32.930]: (-0.8, 2.7, 2.5) 23
[15:52:32.966]: (-0.6, 3.1, 3.3) 30
[15:52:33.003]: (-0.6, 3.2, 3.3) 30
[15:52:33.019]: (-0.6, 3.1, 3.3) 30
[15:52:33.037]: (-0.6, 3.2, 3.3) 30
[15:52:33.055]: (-0.6, 3.2, 3.3) 30
[15:52:33.070]: (-0.6, 3.1, 3.3) 30
[15:52:33.088]: (-0.6, 3.1, 3.3) 30
[15:52:33.105]: (-0.5, 3.1, 3.3) 30
[15:52:33.122]: (-0.5, 3.0, 3.1) 28
[15:52:33.141]: (-0.5, 3.1, 3.2) 27
[15:52:33.164]: (-0.5, 3.1, 3.2) 27
[15:52:33.186]: (-0.5, 3.1, 3.2) 27
[15:52:33.208]: (-0.5, 3.0, 3.2) 27
[15:52:33.230]: (-0.5, 3.0, 3.2) 27
[15:52:33.253]: (-0.5, 3.1, 3.2) 27
[15:52:33.275]: (-0.5, 3.1, 3.2) 27
[15:52:33.297]: (-0.5, 3.1, 3.2) 27
[15:52:33.319]: (-0.5, 3.1, 3.2) 27
[15:52:33.342]: (-0.5, 3.1, 3.2) 27
[15:52:33.363]: (-0.4, 3.1, 3.2) 29
[15:52:33.498]: (-0.4, 3.1, 3.2) 27
[15:52:33.518]: (-0.4, 3.1, 3.2) 27
[15:52:33.564]: (-0.4, 3.1, 3.0) 28
[15:52:33.583]: (-0.4, 3.1, 3.0) 28
[15:52:33.796]: (-0.3, 3.1, 2.4) 25
[15:52:33.826]: (-0.3, 3.2, 2.4) 25
[15:52:33.847]: (-0.3, 3.2, 2.3) 25
[15:52:33.869]: (-0.3, 3.2, 2.3) 25
[15:52:33.891]: (-0.3, 3.2, 2.3) 25
[15:52:33.913]: (-0.3, 3.2, 2.3) 25
[15:52:34.036]: (-0.3, 3.6, 2.6) 28
[15:52:34.057]: (-0.2, 3.8, 2.6) 27
[15:52:34.243]: (-0.2, 3.7, 2.6) 27
[15:52:34.263]: (-0.2, 3.7, 2.6) 27
[15:52:34.285]: (-0.3, 3.7, 2.6) 28
[15:52:34.307]: (-0.3, 3.6, 2.6) 28
[15:52:34.329]: (-0.3, 3.6, 2.6) 28
[15:52:34.351]: (-0.3, 3.6, 2.6) 28
[15:52:34.376]: (-0.3, 3.6, 2.6) 28
[15:52:34.397]: (-0.3, 3.6, 2.6) 28
[15:52:34.418]: (-0.2, 3.6, 2.6) 28
[15:52:34.441]: (-0.3, 3.6, 2.6) 28
[15:52:34.462]: (-0.3, 3.6, 2.6) 28
[15:52:34.485]: (-0.3, 3.6, 2.6) 28
[15:52:34.509]: (-0.3, 3.6, 2.6) 28
[15:52:34.552]: (-0.3, 3.6, 2.6) 28
[15:52:34.575]: (-0.3, 3.6, 2.6) 28
[15:52:34.592]: (-0.3, 3.6, 2.6) 28
[15:52:34.611]: (-0.3, 3.6, 2.6) 28
[15:52:34.628]: (-0.3, 3.6, 2.6) 28
[15:52:34.650]: (-0.3, 3.6, 2.6) 28
[15:52:34.864]: (-0.4, 3.3, 2.2) 25
[15:52:35.094]: (-0.5, 3.5, 1.9) 25
[15:52:35.197]: (-0.4, 3.8, 2.3) 28
[15:52:35.217]: (-0.4, 3.8, 2.3) 28
[15:52:35.358]: (-0.5, 3.8, 2.3) 28
[15:52:35.378]: (-0.5, 3.7, 2.3) 28
[15:52:35.398]: (-0.5, 3.7, 2.2) 28
[15:52:35.418]: (-0.5, 3.7, 2.3) 28
[15:52:36.153]: (-0.5, 3.8, 2.8) 31
[15:52:36.252]: (-0.5, 3.8, 2.8) 31
[15:52:36.274]: (-0.5, 3.7, 2.8) 31
[15:52:36.295]: (-0.5, 3.7, 2.8) 31
[15:52:36.318]: (-0.5, 3.7, 2.8) 31
[15:52:36.340]: (-0.3, 3.6, 2.6) 28
[15:52:36.384]: (-0.3, 3.6, 2.6) 28
[15:52:36.882]: (-0.4, 3.7, 2.5) 27
[15:52:36.904]: (-0.4, 3.7, 2.5) 27
[15:52:36.952]: (-0.4, 3.7, 2.5) 27
[15:52:36.981]: (-0.4, 3.7, 2.5) 27
[15:52:37.010]: (-0.5, 3.7, 2.5) 28
[15:52:37.035]: (-0.5, 3.7, 2.4) 28
[15:52:37.280]: (-0.4, 3.6, 2.5) 27
[15:52:37.304]: (-0.4, 3.6, 2.5) 27
[15:52:37.326]: (-0.4, 3.6, 2.5) 27
[15:52:37.412]: (-0.4, 3.7, 2.4) 27
[15:52:37.436]: (-0.4, 3.7, 2.4) 27
[15:52:37.673]: (-0.3, 3.8, 2.7) 30
[15:52:37.709]: (-0.3, 3.7, 2.6) 27
[15:52:37.741]: (-0.3, 3.8, 2.7) 30
[15:52:37.774]: (-0.3, 3.8, 2.7) 30
[15:52:37.807]: (-0.3, 3.8, 2.7) 30
[15:52:37.840]: (-0.3, 3.7, 2.6) 27
[15:52:38.108]: (-0.2, 3.7, 2.6) 27
[15:52:38.140]: (-0.2, 3.7, 2.6) 27
[15:52:38.162]: (-0.2, 3.7, 2.6) 27
[15:52:38.205]: (-0.3, 3.6, 2.6) 28
[15:52:38.254]: (-0.4, 3.3, 2.3) 25
[15:52:38.280]: (-0.4, 3.3, 2.3) 25
[15:52:38.296]: (-0.4, 3.3, 2.2) 25
[15:52:38.316]: (-0.4, 3.3, 2.2) 25
[15:52:38.340]: (-0.4, 3.3, 2.2) 25
[15:52:38.360]: (-0.4, 3.3, 2.2) 25
[15:52:38.382]: (-0.4, 3.3, 2.2) 25
[15:52:38.405]: (-0.4, 3.3, 2.2) 25
[15:52:38.428]: (-0.4, 3.3, 2.3) 25
[15:52:38.519]: (-0.5, 3.1, 2.2) 23
[15:52:40.623]: (0.1, 3.3, 1.0) 16
[15:52:40.644]: (0.1, 3.3, 1.0) 16
[15:52:40.665]: (0.1, 3.4, 1.1) 17
[15:52:40.748]: (0.2, 3.2, 1.1) 14
[15:52:40.769]: (0.1, 3.2, 1.1) 14
[15:52:40.791]: (0.1, 3.2, 1.1) 16
[15:52:40.827]: (0.1, 3.1, 1.1) 16
[15:52:40.856]: (0.1, 3.1, 1.2) 16
[15:52:40.878]: (0.1, 3.1, 1.2) 16
[15:52:41.649]: (0.2, 3.2, 1.5) 16
[15:52:41.671]: (0.2, 3.2, 1.5) 16
[15:52:41.693]: (0.2, 3.2, 1.5) 16
[15:52:41.715]: (0.2, 3.2, 1.5) 16
[15:52:41.739]: (0.2, 3.2, 1.5) 16
[15:52:41.759]: (0.2, 3.2, 1.5) 16
[15:52:41.783]: (0.2, 3.2, 1.5) 16
[15:52:41.803]: (0.2, 3.2, 1.5) 16
[15:52:42.536]: (0.2, 3.3, 1.7) 21
[15:52:42.559]: (0.2, 3.2, 1.6) 16
[15:52:42.583]: (0.2, 3.2, 1.6) 16
[15:52:42.605]: (0.2, 3.3, 1.7) 21
[15:52:42.626]: (0.2, 3.3, 1.7) 21
[15:52:42.650]: (0.2, 3.3, 1.7) 21
[15:52:42.672]: (0.2, 3.3, 1.7) 21
[15:52:42.693]: (0.2, 3.2, 1.5) 16
[15:52:42.716]: (0.2, 3.2, 1.5) 16
[15:52:42.739]: (0.2, 3.2, 1.5) 16
[15:52:42.762]: (0.2, 3.2, 1.5) 16
[15:52:42.786]: (0.2, 3.2, 1.5) 16
[15:52:42.807]: (0.2, 3.2, 1.5) 16
[15:52:42.828]: (0.2, 3.2, 1.5) 16
[15:52:42.874]: (0.2, 3.2, 1.5) 16
[15:52:42.896]: (0.2, 3.2, 1.5) 16
[15:52:43.481]: (0.2, 3.2, 1.5) 16
[15:52:43.503]: (0.2, 3.2, 1.5) 16
[15:52:43.525]: (0.2, 3.2, 1.5) 16
[15:52:43.547]: (0.2, 3.2, 1.5) 16
[15:52:43.569]: (0.2, 3.2, 1.5) 16
[15:52:43.591]: (0.2, 3.2, 1.5) 16
[15:52:43.614]: (0.2, 3.2, 1.5) 16
[15:52:43.636]: (0.2, 3.2, 1.5) 16
[15:52:43.658]: (0.3, 3.2, 1.5) 14
[15:52:43.680]: (0.3, 3.2, 1.5) 14
[15:52:43.703]: (0.3, 3.2, 1.5) 14
[15:52:43.725]: (0.3, 3.2, 1.5) 14
[15:52:43.743]: (0.3, 3.2, 1.5) 14
[15:52:43.763]: (0.3, 3.2, 1.5) 14
[15:52:43.781]: (0.3, 3.2, 1.5) 14
[15:52:43.800]: (0.3, 3.2, 1.5) 14
[15:52:43.820]: (0.3, 3.2, 1.5) 14
[15:52:43.838]: (0.3, 3.2, 1.5) 14
[15:52:44.056]: (-0.5, 3.2, 2.3) 25
[15:52:44.381]: (-0.3, 3.6, 2.6) 28
[15:52:44.401]: (-0.2, 3.6, 2.6) 28
[15:52:44.772]: (-0.2, 3.7, 2.6) 27
[15:52:44.803]: (-0.2, 3.7, 2.6) 27
[15:52:44.837]: (-0.2, 3.7, 2.6) 27
[15:52:44.870]: (-0.2, 3.8, 2.6) 27
[15:52:44.903]: (-0.2, 3.8, 2.6) 27
[15:52:45.004]: (-0.3, 3.8, 2.6) 27
[15:52:45.075]: (-0.2, 3.8, 2.6) 27
[15:52:45.108]: (-0.2, 3.7, 2.5) 27
[15:52:45.141]: (-0.2, 3.7, 2.6) 27
[15:52:45.661]: (-0.8, 3.9, 2.1) 27
[15:52:45.685]: (-0.8, 3.9, 2.1) 27
[15:52:46.236]: (-0.3, 3.6, 2.6) 28
[15:52:46.258]: (-0.3, 3.6, 2.6) 28
[15:52:46.280]: (-0.3, 3.6, 2.6) 28
[15:52:46.303]: (-0.3, 3.6, 2.6) 28
[15:52:46.325]: (-0.3, 3.6, 2.6) 28
[15:52:46.353]: (-0.3, 3.6, 2.6) 28
[15:52:46.385]: (-0.3, 3.6, 2.6) 28
[15:52:46.406]: (-0.3, 3.6, 2.6) 28
[15:52:46.426]: (-0.3, 3.6, 2.6) 28
[15:52:46.444]: (-0.3, 3.7, 2.6) 28
[15:52:46.461]: (-0.3, 3.7, 2.6) 28
[15:52:46.481]: (-0.3, 3.7, 2.6) 28
[15:52:46.498]: (-0.3, 3.6, 2.6) 28
[15:52:46.515]: (-0.3, 3.7, 2.6) 28
[15:52:46.532]: (-0.2, 3.7, 2.6) 27
[15:52:46.548]: (-0.2, 3.7, 2.6) 27
[15:52:46.565]: (-0.2, 3.7, 2.6) 27
[15:52:46.582]: (-0.2, 3.8, 2.6) 27
[15:52:46.599]: (-0.2, 3.7, 2.6) 27
[15:52:46.617]: (-0.2, 3.7, 2.6) 27
[15:52:46.635]: (-0.2, 3.7, 2.6) 27
[15:52:46.652]: (-0.2, 3.7, 2.6) 27
[15:52:46.672]: (-0.2, 3.8, 2.6) 27
[15:52:46.690]: (-0.2, 3.7, 2.6) 27
[15:52:46.707]: (-0.3, 3.8, 2.6) 27
[15:52:46.726]: (-0.3, 3.8, 2.6) 27
[15:52:46.744]: (-0.3, 3.7, 2.6) 27
[15:52:46.762]: (-0.3, 3.8, 2.7) 30
[15:52:46.780]: (-0.3, 3.8, 2.7) 30
[15:52:46.797]: (-0.3, 3.8, 2.7) 30
[15:52:46.817]: (-0.3, 3.8, 2.7) 30
[15:52:46.836]: (-0.3, 3.8, 2.7) 30
[15:52:46.854]: (-0.3, 3.8, 2.7) 30
[15:52:46.872]: (-0.3, 3.8, 2.7) 30
[15:52:46.890]: (-0.3, 3.8, 2.7) 30
[15:52:46.908]: (-0.3, 3.8, 2.7) 30
[15:52:46.926]: (-0.3, 3.8, 2.7) 30
[15:52:46.944]: (-0.3, 3.8, 2.7) 30
[15:52:46.962]: (-0.3, 3.7, 2.6) 27
[15:52:46.980]: (-0.3, 3.7, 2.6) 27
[15:52:46.999]: (-0.3, 3.7, 2.6) 27
[15:52:47.015]: (-0.3, 3.7, 2.6) 27
[15:52:47.036]: (-0.3, 3.7, 2.6) 28
[15:52:47.059]: (-0.2, 3.7, 2.6) 27
[15:52:47.080]: (-0.3, 3.7, 2.6) 28
[15:52:47.102]: (-0.2, 3.7, 2.6) 28
[15:52:47.125]: (-0.2, 3.7, 2.6) 28
[15:52:47.147]: (-0.2, 3.6, 2.6) 28
[15:52:47.171]: (-0.2, 3.7, 2.6) 27
[15:52:47.236]: (-0.2, 3.7, 2.6) 27
[15:52:47.280]: (-0.2, 3.7, 2.6) 27
[15:52:47.302]: (-0.2, 3.7, 2.6) 27
[15:52:47.325]: (-0.2, 3.7, 2.6) 27
[15:52:47.347]: (-0.2, 3.7, 2.6) 27
[15:52:47.370]: (-0.2, 3.7, 2.6) 27
[15:52:47.391]: (-0.2, 3.7, 2.6) 27
[15:52:47.415]: (-0.2, 3.7, 2.6) 27
[15:52:47.596]: (-0.2, 3.7, 2.6) 27
[15:52:47.707]: (-0.4, 3.8, 2.8) 31
[15:52:48.038]: (-0.4, 3.8, 2.8) 31
[15:52:48.059]: (-0.4, 3.3, 2.2) 25
[15:52:48.080]: (-0.4, 3.3, 2.2) 25
[15:52:48.238]: (-0.5, 3.7, 2.4) 28
[15:52:49.020]: (-0.6, 3.6, 2.4) 29
[15:52:49.040]: (-0.6, 3.6, 2.4) 29
[15:52:49.060]: (-0.5, 3.5, 2.4) 29
[15:52:49.081]: (-0.5, 3.5, 2.4) 29
[15:52:49.102]: (-0.5, 3.5, 2.4) 29
[15:52:49.123]: (-0.5, 3.5, 2.4) 29
[15:52:49.144]: (-0.6, 3.5, 2.4) 29
[15:52:49.512]: (-0.4, 3.8, 2.8) 31
[15:52:49.546]: (-0.4, 3.8, 2.8) 31
[15:52:49.578]: (-0.4, 3.8, 2.8) 31
[15:52:49.645]: (-0.3, 3.6, 2.6) 28
[15:52:49.681]: (-0.3, 3.6, 2.6) 28
[15:52:49.744]: (-0.3, 3.6, 2.6) 28
[15:52:49.766]: (-0.3, 3.6, 2.6) 28
[15:52:49.787]: (-0.3, 3.7, 2.6) 28
[15:52:49.812]: (-0.3, 3.7, 2.6) 28
[15:52:49.854]: (-0.3, 3.6, 2.6) 28
[15:52:49.940]: (-0.3, 3.6, 2.6) 28
[15:52:50.808]: (-0.6, 3.6, 2.4) 28
[15:52:50.831]: (-0.6, 3.6, 2.5) 27
[15:52:50.894]: (-0.6, 3.7, 2.5) 27
[15:52:51.189]: (-0.3, 3.6, 2.6) 28
[15:52:51.213]: (-0.3, 3.6, 2.6) 28
[15:52:51.234]: (-0.3, 3.6, 2.6) 28
[15:52:51.258]: (-0.3, 3.6, 2.6) 28
[15:52:51.277]: (-0.3, 3.6, 2.6) 28
[15:52:51.301]: (-0.3, 3.6, 2.6) 28
[15:52:51.503]: (-0.3, 3.6, 2.6) 28
[15:52:51.746]: (-0.3, 3.6, 2.6) 28
[15:52:51.790]: (-0.3, 3.6, 2.6) 28
[15:52:51.811]: (-0.3, 3.6, 2.6) 28
[15:52:51.834]: (-0.3, 3.6, 2.6) 28
[15:52:51.858]: (-0.3, 3.6, 2.6) 28
[15:52:52.630]: (-0.3, 4.0, 2.5) 31
[15:52:52.653]: (-0.3, 3.4, 1.9) 25
[15:52:52.673]: (-0.3, 3.4, 1.9) 25
[15:52:52.738]: (-0.3, 3.4, 1.8) 22
[15:52:52.760]: (-0.3, 3.3, 1.7) 23
[15:52:52.786]: (-0.3, 3.3, 1.7) 23
[15:52:52.808]: (-0.3, 3.3, 1.7) 23
[15:52:53.008]: (0.0, 3.4, 1.7) 23
[15:52:53.032]: (0.1, 3.6, 1.7) 22
[15:52:53.272]: (0.2, 3.3, 1.7) 21
[15:52:53.292]: (0.2, 3.3, 1.7) 21
[15:52:53.311]: (0.2, 3.3, 1.7) 21
[15:52:53.330]: (0.2, 3.2, 1.5) 16
[15:52:53.349]: (0.2, 3.3, 1.7) 21
[15:52:53.368]: (-0.2, 3.7, 2.5) 29
[15:52:53.387]: (-0.3, 3.6, 2.6) 28
[15:52:53.406]: (-0.3, 3.6, 2.6) 28
[15:52:53.427]: (-0.3, 3.6, 2.6) 28
[15:52:53.445]: (-0.3, 3.6, 2.6) 28
[15:52:53.470]: (-0.3, 3.6, 2.6) 28
[15:52:53.491]: (-0.3, 3.6, 2.6) 28
[15:52:53.514]: (-0.3, 3.6, 2.6) 28
[15:52:53.536]: (-0.3, 3.6, 2.6) 28
[15:52:53.557]: (-0.3, 3.6, 2.6) 28
[15:52:53.578]: (-0.3, 3.6, 2.6) 28
[15:52:53.623]: (-0.3, 3.3, 2.2) 25
[15:52:53.645]: (-0.3, 3.3, 2.2) 25
[15:52:53.668]: (-0.3, 3.2, 2.1) 23
[15:52:53.690]: (-0.3, 3.2, 2.1) 23
[15:52:53.788]: (0.0, 3.4, 2.0) 22
[15:52:53.812]: (-0.1, 3.3, 1.9) 23
[15:52:53.860]: (0.3, 4.0, 2.4) 31
[15:52:53.885]: (0.2, 3.5, 1.9) 25
[15:52:53.909]: (0.2, 3.5, 1.9) 25
[15:52:53.939]: (0.2, 3.5, 1.9) 25
[15:52:53.964]: (0.2, 3.4, 1.8) 22
[15:52:54.009]: (0.2, 3.4, 1.7) 23
[15:52:54.031]: (0.2, 3.5, 1.9) 24
[15:52:54.055]: (0.3, 3.5, 1.9) 24
[15:52:54.078]: (0.4, 3.5, 1.8) 25
[15:52:54.342]: (0.5, 3.4, 1.6) 25
[15:52:54.385]: (0.5, 3.4, 1.6) 25
[15:52:54.407]: (0.5, 3.4, 1.6) 25
[15:52:54.430]: (0.5, 3.4, 1.6) 25
[15:52:54.470]: (0.5, 3.4, 1.6) 25
[15:52:54.492]: (0.5, 3.4, 1.6) 25
[15:52:54.513]: (0.5, 3.4, 1.6) 25
[15:52:54.533]: (0.5, 3.4, 1.6) 25
[15:52:54.554]: (0.5, 3.4, 1.6) 25
[15:52:54.677]: (0.2, 3.2, 1.5) 16
[15:52:54.712]: (0.2, 3.2, 1.5) 16
[15:52:54.749]: (0.2, 3.2, 1.5) 16
[15:52:54.781]: (0.2, 3.2, 1.5) 16
[15:52:54.810]: (0.2, 3.2, 1.5) 16
[15:52:54.843]: (0.2, 3.2, 1.5) 16
[15:52:54.879]: (0.2, 3.2, 1.5) 16
[15:52:54.911]: (0.2, 3.2, 1.5) 16
[15:52:54.945]: (-0.1, 3.8, 2.5) 29
[15:52:55.012]: (-0.2, 3.8, 2.6) 27
[15:52:55.043]: (-0.2, 3.8, 2.6) 27
[15:52:56.239]: (-0.3, 2.6, 2.7) 24
[15:52:56.264]: (-0.3, 2.6, 2.9) 26
[15:52:56.324]: (-0.3, 2.7, 3.4) 31
[15:52:56.349]: (-0.3, 2.8, 3.4) 31
[15:52:56.730]: (0.1, 3.1, 3.0) 28
[15:52:56.755]: (0.2, 3.1, 3.0) 27
[15:52:56.779]: (0.2, 3.1, 3.0) 27
[15:52:56.822]: (0.2, 3.1, 3.0) 29
[15:52:56.845]: (0.2, 3.1, 3.0) 29
[15:52:56.867]: (0.2, 3.1, 3.1) 32
[15:52:57.122]: (0.2, 2.9, 2.0) 21
[15:52:57.692]: (0.7, 3.8, 2.2) 29
[15:52:57.714]: (0.7, 3.8, 2.1) 29
[15:52:57.738]: (0.7, 3.8, 2.1) 29
[15:52:57.759]: (0.7, 3.8, 2.2) 29
[15:52:57.782]: (0.7, 3.8, 2.2) 29
[15:52:57.804]: (0.7, 3.8, 2.2) 29
[15:52:57.888]: (0.7, 3.8, 2.2) 29
[15:52:57.910]: (0.7, 3.8, 2.2) 29
[15:52:57.936]: (0.7, 3.7, 2.2) 29
[15:52:58.664]: (-0.3, 3.6, 2.6) 28
[15:52:58.698]: (-0.3, 3.6, 2.6) 28
[15:52:58.733]: (-0.3, 3.6, 2.6) 28
[15:52:58.765]: (-0.2, 3.6, 2.6) 28
[15:52:58.797]: (-0.2, 3.6, 2.6) 28
[15:52:58.831]: (-0.2, 3.6, 2.6) 28
[15:52:58.865]: (-0.2, 3.6, 2.6) 28
[15:52:59.355]: (-0.2, 3.6, 2.6) 28
[15:52:59.374]: (-0.2, 3.6, 2.6) 28
[15:52:59.397]: (-0.2, 3.6, 2.6) 28
[15:53:00.724]: (0.2, 3.4, 1.7) 21
[15:53:00.831]: (-0.1, 3.8, 2.5) 29
[15:53:00.876]: (-0.2, 3.7, 2.6) 27
[15:53:00.897]: (-0.2, 3.7, 2.6) 27
[15:53:00.918]: (-0.2, 3.7, 2.6) 28
[15:53:00.944]: (-0.3, 3.7, 2.6) 28
[15:53:00.963]: (-0.3, 3.7, 2.6) 28
[15:53:00.986]: (-0.2, 3.7, 2.6) 28
[15:53:01.008]: (-0.2, 3.7, 2.6) 27
[15:53:01.029]: (-0.2, 3.6, 2.6) 28
[15:53:01.054]: (-0.3, 3.6, 2.6) 28
[15:53:01.075]: (-0.3, 3.6, 2.6) 28
[15:53:01.097]: (-0.3, 3.6, 2.6) 28
[15:53:01.118]: (-0.3, 3.6, 2.6) 28
[15:53:01.141]: (-0.3, 3.6, 2.6) 28
[15:53:01.163]: (-0.3, 3.6, 2.6) 28
[15:53:01.185]: (-0.3, 3.6, 2.6) 28
[15:53:01.239]: (-0.2, 3.7, 2.6) 27
[15:53:03.422]: (-0.6, 3.9, 1.9) 29
[15:53:03.455]: (-0.7, 3.9, 1.9) 29
[15:53:03.487]: (-0.6, 3.9, 1.9) 29
[15:53:03.554]: (-0.6, 4.0, 1.8) 29
[15:53:03.631]: (-0.6, 4.0, 1.8) 29
[15:53:03.677]: (-0.7, 4.0, 1.8) 29
[15:53:03.698]: (-0.7, 4.0, 1.8) 29
[15:53:03.720]: (-0.7, 4.0, 1.8) 29
[15:53:03.743]: (-0.7, 3.9, 1.8) 29
[15:53:03.764]: (-0.7, 4.0, 1.8) 29
[15:53:03.788]: (-0.7, 4.0, 1.8) 29
[15:53:03.809]: (-0.7, 4.0, 1.8) 29
[15:53:03.831]: (-0.7, 4.0, 1.8) 29
[15:53:03.853]: (-0.7, 4.0, 1.8) 29
[15:53:03.876]: (-0.7, 4.0, 1.7) 29
[15:53:03.898]: (-0.7, 4.0, 1.7) 29
[15:53:05.920]: (-0.4, 4.3, 1.2) 27
[15:53:05.954]: (-0.4, 4.3, 1.3) 27
[15:53:05.987]: (-0.4, 4.3, 1.2) 27
[15:53:06.020]: (-0.4, 4.3, 1.3) 27
[15:53:06.054]: (-0.4, 4.3, 1.3) 27
[15:53:06.087]: (-0.4, 4.3, 1.3) 27
[15:53:06.188]: (-0.4, 4.3, 1.3) 29
[15:53:06.210]: (-0.3, 4.3, 1.2) 27
[15:53:06.231]: (-0.4, 4.3, 1.2) 27
[15:53:06.252]: (-0.4, 4.3, 1.2) 27
[15:53:06.365]: (-0.3, 4.3, 1.2) 27
[15:53:06.475]: (-0.5, 4.2, 1.3) 29
[15:53:06.497]: (-0.6, 4.3, 1.3) 32
[15:53:06.520]: (-0.5, 4.2, 1.3) 29
[15:53:06.586]: (-0.5, 4.3, 1.4) 32
[15:53:06.765]: (-0.5, 4.3, 1.4) 32
[15:53:06.788]: (-0.5, 4.2, 1.3) 29
[15:53:06.809]: (-0.5, 4.2, 1.3) 29
[15:53:06.832]: (-0.5, 4.2, 1.3) 29
[15:53:06.855]: (-0.5, 4.2, 1.3) 29
[15:53:06.875]: (-0.5, 4.2, 1.3) 29
[15:53:06.896]: (-0.5, 4.2, 1.3) 29
[15:53:06.921]: (-0.5, 4.2, 1.3) 29
[15:53:06.942]: (-0.5, 4.2, 1.3) 29
[15:53:06.964]: (-0.5, 4.2, 1.3) 29
[15:53:06.986]: (-0.5, 4.2, 1.2) 29
[15:53:07.010]: (-0.5, 4.2, 1.2) 29
[15:53:07.033]: (-0.5, 4.2, 1.3) 29
[15:53:07.075]: (-0.6, 4.3, 1.4) 32
[15:53:07.123]: (-0.6, 4.3, 1.4) 32
[15:53:07.147]: (-0.6, 4.3, 1.4) 32
[15:53:07.170]: (-0.6, 4.3, 1.4) 32
[15:53:07.192]: (-0.6, 4.3, 1.4) 32
[15:53:07.214]: (-0.6, 4.3, 1.4) 32
[15:53:07.235]: (-0.6, 4.3, 1.4) 32
[15:53:07.256]: (-0.6, 4.3, 1.4) 32
[15:53:07.277]: (-0.6, 4.3, 1.4) 32
[15:53:07.300]: (-0.6, 4.3, 1.4) 32
[15:53:07.321]: (-0.6, 4.3, 1.4) 32
[15:53:07.343]: (-0.6, 4.3, 1.4) 32
[15:53:07.364]: (-0.6, 4.3, 1.4) 32
[15:53:10.006]: (-0.2, 3.7, 2.6) 27
[15:53:10.027]: (-0.2, 3.7, 2.6) 27
[15:53:10.050]: (-0.2, 3.7, 2.6) 27
[15:53:10.074]: (-0.2, 3.7, 2.6) 27
[15:53:10.094]: (-0.2, 3.7, 2.6) 27
[15:53:10.119]: (-0.2, 3.7, 2.6) 27
[15:53:10.298]: (-0.2, 3.6, 2.6) 28
[15:53:10.315]: (-0.3, 3.6, 2.6) 28
[15:53:10.338]: (-0.3, 3.6, 2.6) 28
[15:53:10.362]: (-0.3, 3.6, 2.6) 28
[15:53:10.379]: (-0.3, 3.6, 2.6) 28
[15:53:10.397]: (-0.3, 3.6, 2.6) 28
[15:53:10.413]: (-0.3, 3.6, 2.6) 28
[15:53:11.196]: (-0.7, 2.8, 3.0) 28
[15:53:11.218]: (-0.7, 2.8, 3.0) 28
[15:53:11.240]: (-0.7, 2.8, 3.0) 28
[15:53:11.263]: (-0.8, 2.9, 3.1) 27
[15:53:11.329]: (-0.7, 2.9, 3.1) 27
[15:53:11.375]: (-0.7, 3.0, 3.0) 27
[15:53:11.436]: (-0.6, 3.0, 3.0) 29
[15:53:11.732]: (-0.5, 3.7, 2.6) 32
[15:53:11.757]: (-0.4, 3.7, 2.6) 32
[15:53:11.838]: (-0.3, 3.8, 2.5) 32
[15:53:11.859]: (-0.3, 3.8, 2.5) 32
[15:53:11.880]: (-0.3, 3.8, 2.5) 32
[15:53:11.902]: (-0.3, 3.8, 2.5) 32
[15:53:11.924]: (-0.3, 3.8, 2.5) 32
[15:53:12.408]: (0.1, 3.9, 2.3) 32
[15:53:12.543]: (0.2, 3.8, 2.2) 29
[15:53:12.907]: (0.3, 3.9, 2.3) 32
[15:53:12.930]: (0.3, 3.9, 2.3) 32
[15:53:12.951]: (0.3, 3.9, 2.3) 32
[15:53:13.751]: (0.2, 2.7, 1.0) 11
[15:53:13.774]: (0.2, 2.7, 1.0) 11
[15:53:13.797]: (0.4, 3.2, 1.4) 15
[15:53:13.818]: (0.4, 3.2, 1.4) 15
[15:53:13.973]: (0.2, 3.2, 1.5) 16
[15:53:13.997]: (0.2, 3.2, 1.5) 16
[15:53:14.016]: (0.2, 3.2, 1.5) 16
[15:53:14.032]: (0.2, 3.2, 1.5) 16
[15:53:14.050]: (0.2, 3.2, 1.5) 16
[15:53:14.066]: (0.2, 3.2, 1.5) 16
[15:53:14.082]: (0.2, 3.2, 1.5) 16
[15:53:14.099]: (0.2, 3.2, 1.5) 16
[15:53:14.237]: (-0.2, 3.6, 2.6) 28
[15:53:14.254]: (-0.3, 3.6, 2.6) 28
[15:53:14.269]: (-0.3, 3.6, 2.6) 28
[15:53:14.285]: (-0.3, 3.6, 2.6) 28
[15:53:14.302]: (-0.3, 3.6, 2.6) 28
[15:53:14.320]: (-0.3, 3.6, 2.6) 28
[15:53:14.335]: (-0.3, 3.6, 2.6) 28
[15:53:14.352]: (-0.3, 3.6, 2.6) 28
[15:53:14.370]: (-0.3, 3.6, 2.6) 28
[15:53:14.386]: (-0.3, 3.6, 2.6) 28
[15:53:14.401]: (-0.3, 3.6, 2.6) 28
[15:53:14.418]: (-0.3, 3.6, 2.6) 28
[15:53:14.435]: (-0.3, 3.6, 2.6) 28
[15:53:14.451]: (-0.3, 3.6, 2.6) 28
[15:53:14.469]: (-0.3, 3.6, 2.6) 28
[15:53:14.492]: (-0.3, 3.6, 2.6) 28
[15:53:14.512]: (-0.3, 3.6, 2.6) 28
[15:53:14.535]: (-0.3, 3.6, 2.6) 28
[15:53:14.559]: (-0.3, 3.6, 2.6) 28
[15:53:14.580]: (-0.3, 3.6, 2.6) 28
[15:53:14.602]: (-0.3, 3.7, 2.6) 28
[15:53:14.623]: (-0.3, 3.6, 2.6) 28
[15:53:14.716]: (-0.3, 3.6, 2.6) 28
[15:53:14.891]: (-0.3, 3.6, 2.6) 28
[15:53:14.950]: (-0.3, 3.6, 2.6) 28
[15:53:15.156]: (-0.3, 3.6, 2.6) 28
[15:53:15.327]: (-0.3, 3.6, 2.6) 28
[15:53:15.502]: (0.2, 3.3, 1.7) 21
[15:53:15.746]: (-0.1, 3.7, 2.5) 29
[15:53:15.803]: (-0.4, 3.3, 2.3) 25
[15:53:15.821]: (-0.4, 3.3, 2.3) 25
[15:53:15.899]: (-0.4, 3.3, 2.3) 25
[15:53:15.915]: (-0.4, 3.3, 2.3) 25
[15:53:15.932]: (-0.4, 3.3, 2.3) 25
[15:53:15.951]: (-0.4, 3.3, 2.3) 25
[15:53:15.967]: (-0.4, 3.3, 2.3) 25
[15:53:15.984]: (-0.4, 3.3, 2.2) 25
[15:53:16.000]: (-0.4, 3.3, 2.3) 25
[15:53:16.169]: (-0.3, 3.6, 2.6) 28
[15:53:16.188]: (-0.3, 3.6, 2.6) 28
[15:53:16.412]: (-0.3, 3.6, 2.6) 28
[15:53:16.434]: (-0.3, 3.6, 2.6) 28
[15:53:16.458]: (-0.3, 3.6, 2.6) 28
[15:53:16.479]: (-0.2, 3.7, 2.6) 27
[15:53:16.501]: (-0.2, 3.7, 2.6) 27
[15:53:16.825]: (-0.4, 3.2, 2.3) 25
[15:53:17.025]: (-0.3, 3.6, 2.6) 28
[15:53:17.056]: (-0.3, 3.6, 2.6) 28
[15:53:18.289]: (-0.5, 3.1, 2.2) 23
[15:53:18.312]: (-0.5, 3.1, 2.2) 23
[15:53:18.335]: (-0.5, 3.1, 2.2) 23
[15:53:18.356]: (-0.5, 3.1, 2.2) 23
[15:53:18.379]: (-0.5, 3.1, 2.2) 23
[15:53:18.396]: (-0.5, 3.1, 2.2) 23
[15:53:18.413]: (-0.5, 3.1, 2.2) 23
[15:53:18.447]: (-0.6, 3.1, 2.2) 23
[15:53:18.480]: (-0.6, 3.1, 2.2) 23
[15:53:18.498]: (-0.6, 3.1, 2.2) 23
[15:53:18.515]: (-0.6, 3.1, 2.2) 23
[15:53:18.532]: (-0.6, 3.1, 2.2) 23
[15:53:18.550]: (-0.6, 3.1, 2.2) 23
[15:53:18.569]: (-0.6, 3.1, 2.2) 23
[15:53:18.586]: (-0.6, 3.1, 2.2) 23
[15:53:18.603]: (-0.5, 3.1, 2.2) 23
[15:53:18.620]: (-0.5, 3.1, 2.2) 23
[15:53:18.715]: (-0.5, 3.3, 2.3) 25
[15:53:19.011]: (-0.3, 3.8, 2.7) 30
[15:53:19.034]: (-0.3, 3.7, 2.6) 28
[15:53:19.055]: (-0.3, 3.7, 2.6) 28
[15:53:19.078]: (-0.3, 3.6, 2.6) 28
[15:53:19.102]: (-0.3, 3.7, 2.6) 28
[15:53:19.122]: (-0.3, 3.7, 2.6) 28
[15:53:19.145]: (-0.3, 3.8, 2.7) 30
[15:53:19.174]: (-0.3, 3.8, 2.7) 30
[15:53:19.217]: (-0.2, 3.6, 2.6) 28
[15:53:19.300]: (-0.3, 3.7, 2.6) 28
[15:53:19.326]: (-0.3, 3.7, 2.6) 28
