[15:56:41.143]: (-1.1, -0.8, 0.0) 17
[15:56:41.164]: (-1.1, -0.8, 0.0) 17
[15:56:42.058]: (-0.9, 0.6, 2.7) 4
[15:56:42.100]: (-1.0, 0.8, 2.7) 4
[15:56:42.122]: (-0.9, 0.9, 2.7) 4
[15:56:42.166]: (-1.1, 1.1, 2.9) 3
[15:56:42.191]: (-1.0, 1.1, 2.9) 3
[15:56:42.212]: (-1.0, 1.2, 2.9) 3
[15:56:42.235]: (-1.0, 1.2, 2.9) 3
[15:56:42.257]: (-1.0, 1.4, 2.9) 3
[15:56:42.279]: (-1.0, 1.5, 2.9) 3
[15:56:42.298]: (-1.0, 1.5, 2.9) 3
[15:56:42.321]: (-1.0, 1.6, 2.9) 3
[15:56:42.343]: (-0.9, 1.6, 2.7) 1
[15:56:42.368]: (-0.8, 1.8, 2.5) 6
[15:56:42.389]: (-0.8, 1.8, 2.5) 6
[15:56:42.411]: (-0.8, 1.9, 2.5) 6
[15:56:42.433]: (-0.8, 1.9, 2.5) 6
[15:56:42.459]: (-0.8, 2.0, 2.5) 6
[15:56:42.522]: (0.0, 1.9, 1.9) 15
[15:56:42.543]: (0.0, 1.9, 1.9) 15
[15:56:42.563]: (0.0, 2.0, 1.9) 15
[15:56:42.584]: (0.0, 2.0, 1.8) 15
[15:56:42.605]: (0.0, 2.0, 1.8) 15
[15:56:42.626]: (0.0, 2.0, 1.8) 15
[15:56:42.689]: (0.0, 2.1, 1.8) 15
[15:56:42.712]: (0.0, 2.1, 1.8) 15
[15:56:42.734]: (-0.1, 2.1, 1.8) 15
[15:56:42.758]: (0.0, 2.1, 1.9) 9
[15:56:42.784]: (0.0, 2.0, 1.6) 17
[15:56:42.806]: (0.0, 2.0, 1.6) 17
[15:56:42.823]: (0.0, 2.0, 1.7) 11
[15:56:42.848]: (0.1, 2.0, 1.7) 11
[15:56:43.007]: (0.0, 2.0, 1.7) 11
[15:56:43.040]: (0.1, 2.0, 1.7) 11
[15:56:43.074]: (0.0, 2.0, 1.6) 17
[15:56:43.107]: (0.0, 2.0, 1.6) 17
[15:56:43.142]: (0.0, 2.0, 1.6) 17
[15:56:43.174]: (0.0, 2.0, 1.6) 17
[15:56:43.207]: (0.0, 2.0, 1.6) 17
[15:56:43.240]: (0.0, 2.0, 1.6) 17
[15:56:43.273]: (0.0, 2.0, 1.6) 17
[15:56:43.308]: (-0.1, 2.0, 1.6) 17
[15:56:43.340]: (-0.1, 2.0, 1.6) 17
[15:56:43.373]: (-0.1, 2.0, 1.6) 17
[15:56:43.406]: (-0.1, 2.0, 1.6) 17
[15:56:43.441]: (0.0, 2.0, 1.6) 17
[15:56:43.476]: (0.0, 2.1, 1.8) 15
[15:56:43.511]: (0.0, 2.1, 1.8) 15
[15:56:43.788]: (0.3, 2.4, 1.3) 17
[15:56:43.811]: (0.2, 2.4, 1.3) 17
[15:56:43.833]: (0.3, 2.4, 1.3) 17
[15:56:44.009]: (0.2, 2.5, 1.3) 11
[15:56:44.033]: (0.3, 2.6, 1.5) 10
[15:56:44.054]: (0.2, 2.4, 1.2) 17
[15:56:44.076]: (0.2, 2.4, 1.2) 17
[15:56:44.102]: (0.2, 2.4, 1.2) 17
[15:56:44.125]: (0.3, 2.5, 1.4) 9
[15:56:44.318]: (0.1, 2.4, 1.5) 15
[15:56:44.454]: (0.1, 2.3, 1.5) 15
[15:56:44.474]: (0.1, 2.3, 1.6) 15
[15:56:44.962]: (0.3, 2.4, 1.4) 15
[15:56:44.984]: (0.3, 2.5, 1.4) 15
[15:56:45.006]: (0.2, 2.4, 1.2) 17
[15:56:45.027]: (0.2, 2.4, 1.2) 17
[15:56:45.049]: (0.4, 2.6, 1.5) 12
[15:56:45.071]: (0.2, 2.4, 1.3) 11
[15:56:45.093]: (0.2, 2.4, 1.3) 11
[15:56:45.113]: (0.2, 2.3, 1.2) 17
[15:56:45.135]: (0.1, 2.3, 1.2) 17
[15:56:45.158]: (0.1, 2.3, 1.2) 17
[15:56:45.181]: (0.1, 2.3, 1.2) 17
[15:56:45.203]: (0.1, 2.3, 1.2) 17
[15:56:45.423]: (0.2, 2.5, 1.3) 15
[15:56:45.445]: (0.2, 2.5, 1.3) 15
[15:56:45.465]: (0.2, 2.5, 1.2) 15
[15:56:45.486]: (0.1, 2.5, 1.2) 15
[15:56:45.506]: (0.1, 2.5, 1.2) 15
[15:56:45.527]: (0.1, 2.5, 1.2) 15
[15:56:45.548]: (0.2, 2.3, 1.0) 17
[15:56:45.569]: (0.2, 2.3, 1.0) 17
[15:56:45.589]: (0.2, 2.4, 1.0) 17
[15:56:45.606]: (0.2, 2.4, 1.0) 17
[15:56:45.628]: (0.2, 2.4, 1.0) 17
[15:56:45.651]: (0.2, 2.4, 1.1) 17
[15:56:45.673]: (0.2, 2.5, 1.2) 9
[15:56:45.695]: (0.2, 2.4, 1.1) 17
[15:56:45.721]: (0.2, 2.4, 1.1) 17
[15:56:45.744]: (0.2, 2.4, 1.1) 17
[15:56:45.853]: (0.2, 2.4, 1.0) 17
[15:56:45.871]: (0.2, 2.4, 1.0) 17
[15:56:45.886]: (0.2, 2.4, 1.0) 17
[15:56:45.903]: (0.2, 2.4, 1.0) 17
[15:56:45.920]: (0.2, 2.4, 1.0) 17
[15:56:45.937]: (0.2, 2.4, 1.0) 17
[15:56:45.954]: (0.2, 2.4, 1.0) 17
[15:56:45.971]: (0.2, 2.4, 1.0) 17
[15:56:45.987]: (0.2, 2.4, 1.0) 17
[15:56:46.005]: (0.2, 2.4, 1.0) 17
[15:56:46.021]: (0.3, 2.4, 1.0) 17
[15:56:46.039]: (0.3, 2.4, 1.0) 17
[15:56:46.057]: (0.3, 2.4, 1.0) 17
[15:56:46.074]: (0.2, 2.4, 1.0) 17
[15:56:46.091]: (0.3, 2.4, 1.0) 17
[15:56:46.108]: (0.3, 2.4, 1.0) 17
[15:56:46.125]: (0.3, 2.4, 1.0) 17
[15:56:46.143]: (0.3, 2.4, 1.0) 17
[15:56:46.160]: (0.3, 2.4, 1.0) 17
[15:56:46.178]: (0.3, 2.4, 1.0) 17
[15:56:46.196]: (0.3, 2.3, 1.0) 17
[15:56:46.212]: (0.3, 2.3, 1.0) 17
[15:56:46.229]: (0.2, 2.3, 1.0) 17
[15:56:46.246]: (0.1, 2.4, 1.2) 15
[15:56:46.461]: (-0.6, 2.8, 2.0) 4
[15:56:46.528]: (-0.7, 2.9, 2.2) 3
[15:56:46.552]: (-0.6, 2.7, 2.0) 4
[15:56:46.572]: (-0.6, 2.9, 2.1) 3
[15:56:46.594]: (-0.7, 2.9, 2.1) 3
[15:56:46.639]: (-0.7, 2.9, 2.1) 3
[15:56:46.683]: (-0.7, 2.9, 2.1) 3
[15:56:46.705]: (-0.7, 2.9, 2.1) 3
[15:56:46.727]: (-0.6, 2.9, 2.1) 3
[15:56:46.743]: (-0.7, 2.9, 2.1) 3
[15:56:46.762]: (-0.6, 2.9, 2.2) 3
[15:56:46.779]: (-0.6, 2.9, 2.1) 3
[15:56:46.796]: (-0.6, 2.9, 2.1) 3
[15:56:46.812]: (-0.7, 2.9, 2.1) 3
[15:56:46.829]: (-0.7, 2.9, 2.1) 3
[15:56:46.845]: (-0.7, 2.9, 2.1) 3
[15:56:46.862]: (-0.6, 2.9, 2.2) 3
[15:56:46.883]: (-0.6, 2.9, 2.1) 3
[15:56:46.899]: (-0.6, 2.9, 2.1) 3
[15:56:46.916]: (-0.7, 2.9, 2.1) 3
[15:56:46.934]: (-0.7, 2.9, 2.1) 3
[15:56:46.952]: (-0.7, 2.9, 2.1) 3
[15:56:46.970]: (-0.6, 2.9, 2.1) 3
[15:56:47.002]: (-0.7, 2.9, 2.1) 3
[15:56:47.018]: (-0.7, 2.9, 2.1) 3
[15:56:47.036]: (-0.7, 2.9, 2.1) 3
[15:56:47.054]: (-0.7, 2.9, 2.1) 3
[15:56:47.072]: (-0.7, 2.9, 2.1) 3
[15:56:47.087]: (-0.7, 2.9, 2.1) 3
[15:56:47.104]: (-0.6, 2.9, 2.1) 3
[15:56:47.120]: (-0.6, 2.8, 1.9) 1
[15:56:47.138]: (-0.5, 2.8, 2.0) 4
[15:56:47.184]: (0.2, 2.4, 1.1) 17
[15:56:47.203]: (0.2, 2.3, 1.0) 17
[15:56:47.219]: (0.2, 2.3, 1.0) 17
[15:56:47.239]: (0.2, 2.3, 1.0) 17
[15:56:47.261]: (0.2, 2.3, 1.0) 17
[15:56:47.283]: (0.2, 2.3, 1.0) 17
[15:56:47.305]: (0.2, 2.3, 1.0) 17
[15:56:47.327]: (0.2, 2.3, 1.0) 17
[15:56:47.349]: (0.2, 2.4, 1.1) 17
[15:56:47.372]: (0.2, 2.4, 1.1) 17
[15:56:47.527]: (0.2, 2.5, 1.2) 9
[15:56:47.549]: (0.2, 2.5, 1.2) 9
[15:56:47.573]: (0.2, 2.3, 1.0) 17
[15:56:47.593]: (0.2, 2.3, 1.0) 17
[15:56:47.616]: (0.2, 2.3, 1.0) 17
[15:56:47.639]: (0.2, 2.3, 1.0) 17
[15:56:47.658]: (0.2, 2.3, 1.0) 17
[15:56:47.676]: (0.2, 2.3, 1.0) 17
[15:56:47.693]: (0.2, 2.3, 1.0) 17
[15:56:47.709]: (0.2, 2.3, 1.0) 17
[15:56:47.726]: (0.2, 2.3, 1.0) 17
[15:56:47.743]: (0.2, 2.3, 1.0) 17
[15:56:47.761]: (0.2, 2.3, 1.0) 17
[15:56:47.777]: (0.2, 2.3, 1.0) 17
[15:56:47.795]: (0.2, 2.3, 1.0) 17
[15:56:47.812]: (0.2, 2.3, 1.0) 17
[15:56:47.830]: (0.2, 2.3, 1.0) 17
[15:56:47.847]: (0.2, 2.3, 1.0) 17
[15:56:47.862]: (0.2, 2.4, 1.0) 17
[15:56:47.879]: (0.2, 2.4, 1.0) 17
[15:56:47.896]: (0.2, 2.3, 1.0) 17
[15:56:47.914]: (0.2, 2.3, 1.0) 17
[15:56:47.931]: (0.2, 2.4, 1.0) 17
[15:56:47.947]: (0.2, 2.4, 1.0) 17
[15:56:47.964]: (0.2, 2.4, 1.0) 17
[15:56:47.981]: (0.2, 2.4, 1.0) 17
[15:56:47.997]: (0.2, 2.3, 1.0) 17
[15:56:48.014]: (0.2, 2.3, 1.0) 17
[15:56:48.031]: (0.2, 2.3, 1.0) 17
[15:56:48.048]: (0.2, 2.4, 1.0) 17
[15:56:48.063]: (0.2, 2.4, 1.0) 17
[15:56:48.080]: (0.2, 2.4, 1.0) 17
[15:56:48.097]: (0.2, 2.4, 1.0) 17
[15:56:48.115]: (0.2, 2.4, 1.0) 17
[15:56:48.131]: (0.2, 2.4, 1.0) 17
[15:56:48.149]: (0.2, 2.4, 1.0) 17
[15:56:48.171]: (0.2, 2.4, 1.0) 17
[15:56:48.194]: (0.2, 2.3, 1.0) 17
[15:56:48.216]: (0.2, 2.3, 1.0) 17
[15:56:48.238]: (0.2, 2.3, 1.0) 17
[15:56:48.261]: (0.2, 2.5, 1.2) 9
[15:56:48.283]: (0.2, 2.5, 1.2) 9
[15:56:48.304]: (0.2, 2.5, 1.2) 9
[15:56:48.327]: (0.2, 2.5, 1.2) 9
[15:56:48.351]: (0.2, 2.5, 1.2) 9
[15:56:48.372]: (0.2, 2.5, 1.2) 9
[15:56:48.394]: (0.2, 2.5, 1.2) 9
[15:56:48.417]: (0.2, 2.5, 1.2) 9
[15:56:48.438]: (0.2, 2.5, 1.2) 9
[15:56:48.460]: (0.2, 2.5, 1.2) 9
[15:56:48.483]: (0.2, 2.5, 1.2) 9
[15:56:48.505]: (0.2, 2.5, 1.2) 9
[15:56:48.528]: (0.2, 2.5, 1.2) 9
[15:56:48.549]: (0.2, 2.5, 1.2) 9
[15:56:48.569]: (0.2, 2.5, 1.2) 9
[15:56:48.586]: (0.2, 2.5, 1.2) 9
[15:56:48.603]: (0.2, 2.5, 1.2) 9
[15:56:48.620]: (0.2, 2.3, 1.0) 17
[15:56:48.637]: (0.2, 2.3, 1.0) 17
[15:56:48.656]: (0.2, 2.3, 1.0) 17
[15:56:48.673]: (0.2, 2.4, 1.0) 17
[15:56:48.691]: (0.2, 2.4, 1.0) 17
[15:56:48.708]: (0.2, 2.4, 1.0) 17
[15:56:48.725]: (0.2, 2.4, 1.0) 17
[15:56:48.744]: (0.2, 2.4, 1.0) 17
[15:56:48.762]: (0.2, 2.4, 1.0) 17
[15:56:48.778]: (0.2, 2.4, 1.0) 17
[15:56:48.795]: (0.2, 2.4, 1.0) 17
[15:56:48.813]: (0.2, 2.4, 1.0) 17
[15:56:48.830]: (0.2, 2.3, 1.0) 17
[15:56:48.974]: (0.1, 2.5, 1.2) 15
[15:56:49.008]: (0.1, 2.5, 1.2) 15
[15:56:49.027]: (0.1, 2.5, 1.3) 15
[15:56:49.050]: (0.2, 2.5, 1.2) 15
[15:56:49.071]: (0.1, 2.5, 1.2) 15
[15:56:49.117]: (0.1, 2.5, 1.2) 15
[15:56:49.184]: (-0.5, 2.7, 2.0) 4
[15:56:49.205]: (-0.5, 2.7, 2.0) 4
[15:56:49.227]: (-0.6, 2.8, 2.0) 4
[15:56:49.299]: (-0.5, 2.7, 2.0) 4
[15:56:49.318]: (-0.7, 2.9, 2.1) 3
[15:56:49.338]: (-0.6, 2.9, 2.2) 3
[15:56:49.360]: (-0.7, 2.9, 2.1) 3
[15:56:49.382]: (-0.6, 2.9, 2.1) 3
[15:56:49.409]: (-0.7, 2.9, 2.1) 3
