[15:53:57.017]: (-1.2, -1.3, 4.2) 2
[15:53:57.046]: (-1.1, -1.1, 4.4) 2
[15:53:57.452]: (0.8, 1.0, 2.3) 32
[15:53:57.479]: (0.8, 1.0, 2.2) 34
[15:53:57.509]: (0.8, 1.0, 2.2) 34
[15:53:57.546]: (0.8, 1.0, 2.3) 32
[15:53:57.641]: (0.8, 1.0, 2.5) 38
[15:53:57.708]: (0.5, 1.1, 1.6) 25
[15:53:57.741]: (0.5, 1.1, 1.6) 25
[15:53:57.774]: (0.5, 1.1, 1.7) 25
[15:53:57.908]: (0.7, 0.9, 2.3) 33
[15:53:58.086]: (0.7, 1.0, 2.4) 36
[15:53:58.666]: (0.8, 2.3, 0.8) 26
[15:53:58.692]: (1.1, 3.4, 2.5) 20
[15:53:58.713]: (1.0, 3.4, 2.5) 20
[15:53:58.999]: (0.5, 3.2, 2.8) 21
[15:53:59.023]: (0.5, 3.2, 2.8) 21
[15:53:59.045]: (0.5, 3.2, 2.8) 21
[15:53:59.066]: (0.4, 3.2, 2.8) 21
[15:53:59.093]: (0.4, 3.2, 2.8) 21
[15:53:59.322]: (-0.6, 2.6, 2.2) 40
[15:53:59.356]: (-1.5, 3.1, 3.4) 47
[15:53:59.403]: (-2.0, 4.1, 5.4) 9
[15:53:59.420]: (-1.5, 3.1, 3.4) 45
[15:53:59.736]: (-0.6, 2.6, 2.2) 40
[15:53:59.761]: (-0.7, 3.4, 3.6) 51
[15:53:59.782]: (-0.6, 2.7, 2.2) 40
[15:53:59.808]: (-0.6, 2.7, 2.1) 40
[15:53:59.834]: (-0.5, 2.7, 2.1) 40
[15:53:59.866]: (-0.5, 2.7, 2.1) 40
[15:54:00.132]: (0.6, 3.5, 2.4) 22
[15:54:00.186]: (0.6, 3.6, 2.3) 22
[15:54:00.222]: (0.6, 3.6, 2.4) 20
[15:54:00.399]: (0.5, 3.4, 2.5) 20
[15:54:00.433]: (0.5, 3.5, 2.4) 20
[15:54:00.467]: (0.5, 3.4, 2.4) 20
[15:54:00.501]: (0.8, 2.5, 1.4) 33
[15:54:00.534]: (0.8, 2.5, 1.5) 33
[15:54:00.811]: (0.5, 2.1, 0.7) 28
[15:54:00.835]: (0.5, 2.2, 0.7) 28
[15:54:00.860]: (0.5, 2.1, 0.7) 28
[15:54:00.906]: (0.4, 2.2, 0.7) 28
[15:54:00.955]: (0.4, 2.2, 0.7) 28
[15:54:00.979]: (0.4, 2.2, 0.6) 28
[15:54:01.001]: (0.5, 2.3, 0.7) 26
[15:54:01.023]: (0.5, 2.3, 0.7) 26
[15:54:01.042]: (0.5, 2.3, 0.7) 26
[15:54:01.067]: (0.5, 2.3, 0.7) 26
[15:54:01.091]: (0.5, 2.3, 0.7) 26
[15:54:01.350]: (0.3, 2.5, 0.7) 30
[15:54:01.867]: (0.6, 2.9, 1.1) 33
[15:54:01.889]: (0.6, 2.9, 1.1) 33
[15:54:01.911]: (0.6, 2.9, 1.1) 33
[15:54:01.934]: (0.3, 2.4, 0.6) 30
[15:54:01.956]: (0.3, 2.4, 0.6) 30
[15:54:01.980]: (0.3, 2.4, 0.6) 30
[15:54:02.003]: (0.6, 3.0, 1.1) 36
[15:54:02.622]: (0.8, 2.5, 1.3) 33
[15:54:02.666]: (0.8, 2.5, 1.3) 33
[15:54:02.689]: (0.8, 2.5, 1.3) 33
[15:54:02.711]: (0.8, 2.5, 1.3) 33
[15:54:02.733]: (0.7, 2.5, 1.3) 33
[15:54:02.756]: (0.7, 2.5, 1.3) 33
[15:54:02.779]: (0.7, 2.5, 1.3) 33
[15:54:02.802]: (0.7, 2.5, 1.3) 33
[15:54:02.852]: (0.7, 2.5, 1.3) 33
[15:54:02.876]: (0.7, 2.5, 1.3) 33
[15:54:02.901]: (0.7, 2.5, 1.3) 33
[15:54:02.927]: (0.7, 2.5, 1.3) 33
[15:54:02.951]: (0.7, 2.5, 1.3) 33
[15:54:02.979]: (0.7, 2.5, 1.3) 33
[15:54:03.786]: (0.7, 2.6, 1.2) 33
[15:54:03.819]: (0.7, 2.6, 1.2) 33
[15:54:03.845]: (0.7, 2.6, 1.2) 33
[15:54:03.874]: (0.7, 2.6, 1.2) 33
[15:54:04.174]: (0.4, 2.4, 0.4) 30
[15:54:04.197]: (0.3, 2.4, 0.4) 30
[15:54:04.219]: (0.3, 2.4, 0.4) 30
[15:54:04.244]: (0.3, 2.4, 0.4) 30
[15:54:04.264]: (0.3, 2.4, 0.4) 30
[15:54:04.286]: (0.3, 2.4, 0.3) 30
[15:54:04.307]: (0.3, 2.4, 0.3) 30
[15:54:04.378]: (0.6, 3.1, 0.8) 36
[15:54:04.401]: (0.6, 3.1, 0.8) 36
[15:54:04.464]: (0.2, 2.4, 0.3) 30
[15:54:04.486]: (0.3, 2.5, 0.4) 25
[15:54:04.508]: (0.2, 2.5, 0.3) 25
[15:54:04.530]: (0.6, 3.1, 0.8) 35
[15:54:04.552]: (0.7, 3.1, 0.7) 35
[15:54:04.575]: (0.6, 3.1, 0.7) 35
[15:54:04.598]: (0.6, 3.1, 0.8) 35
[15:54:04.618]: (0.6, 3.1, 0.8) 35
[15:54:04.643]: (0.5, 3.0, 0.7) 32
[15:54:04.797]: (0.1, 2.5, 0.4) 25
[15:54:04.821]: (0.1, 2.4, 0.4) 25
[15:54:04.967]: (0.3, 3.1, 0.9) 36
[15:54:04.989]: (0.3, 3.1, 0.9) 36
[15:54:05.055]: (0.3, 3.0, 0.9) 36
[15:54:05.077]: (0.3, 3.1, 0.9) 36
[15:54:05.099]: (0.3, 3.0, 0.9) 36
[15:54:05.122]: (0.3, 3.0, 0.9) 36
[15:54:05.143]: (0.3, 3.0, 0.9) 36
[15:54:05.166]: (0.3, 3.0, 1.0) 36
[15:54:05.189]: (0.3, 3.0, 1.0) 36
[15:54:05.211]: (0.3, 3.0, 1.0) 36
[15:54:05.233]: (0.3, 3.0, 1.0) 36
[15:54:05.403]: (0.5, 2.8, 1.1) 36
[15:54:05.465]: (0.2, 2.3, 0.6) 30
[15:54:05.484]: (0.2, 2.3, 0.6) 30
[15:54:05.502]: (0.2, 2.2, 0.6) 30
[15:54:05.523]: (0.2, 2.3, 0.6) 30
[15:54:05.618]: (0.2, 2.3, 0.6) 30
[15:54:05.638]: (0.2, 2.3, 0.6) 30
[15:54:05.656]: (0.1, 2.3, 0.6) 30
[15:54:05.673]: (0.1, 2.2, 0.6) 30
[15:54:05.691]: (0.1, 2.2, 0.6) 30
[15:54:05.707]: (0.2, 2.2, 0.6) 30
[15:54:05.725]: (0.2, 2.2, 0.6) 30
[15:54:05.748]: (0.2, 2.2, 0.6) 30
[15:54:05.769]: (0.2, 2.2, 0.6) 30
[15:54:05.792]: (0.2, 2.2, 0.6) 30
[15:54:05.815]: (0.2, 2.3, 0.6) 30
[15:54:05.836]: (0.2, 2.2, 0.6) 30
[15:54:05.861]: (0.2, 2.2, 0.6) 30
[15:54:05.881]: (0.2, 2.3, 0.6) 30
[15:54:05.902]: (0.1, 2.3, 0.6) 30
[15:54:05.926]: (0.1, 2.3, 0.6) 30
[15:54:05.948]: (0.4, 2.8, 1.1) 36
[15:54:05.970]: (0.4, 2.8, 1.1) 36
[15:54:06.081]: (0.4, 2.8, 1.1) 34
[15:54:06.401]: (-0.3, 2.5, 1.4) 34
[15:54:06.603]: (-0.2, 2.5, 1.5) 32
[15:54:06.626]: (-0.1, 2.5, 1.5) 32
[15:54:06.647]: (-0.1, 2.5, 1.5) 32
[15:54:06.671]: (-0.1, 2.5, 1.5) 32
[15:54:06.692]: (-0.1, 2.5, 1.5) 32
[15:54:06.713]: (-0.2, 2.1, 0.8) 30
[15:54:06.734]: (-0.2, 2.5, 1.4) 32
[15:54:06.758]: (-0.2, 2.6, 1.4) 32
[15:54:06.799]: (-0.2, 2.5, 1.4) 33
[15:54:06.824]: (-0.2, 2.5, 1.4) 33
[15:54:06.845]: (-0.2, 2.5, 1.4) 33
[15:54:07.273]: (0.0, 2.6, 1.4) 32
[15:54:07.291]: (0.0, 2.6, 1.4) 32
[15:54:07.308]: (0.0, 2.6, 1.4) 32
[15:54:07.325]: (0.0, 2.6, 1.4) 32
[15:54:07.342]: (0.0, 2.6, 1.4) 32
[15:54:07.359]: (0.0, 2.6, 1.4) 32
[15:54:07.377]: (0.0, 2.6, 1.4) 32
[15:54:07.394]: (0.0, 2.6, 1.4) 32
[15:54:07.411]: (0.0, 2.6, 1.4) 32
[15:54:07.548]: (0.1, 3.4, 2.5) 16
[15:54:07.571]: (0.1, 3.4, 2.5) 16
[15:54:07.592]: (-0.1, 2.6, 1.4) 36
[15:54:07.635]: (-0.2, 2.6, 1.4) 36
[15:54:07.658]: (-0.2, 2.6, 1.4) 36
[15:54:07.724]: (-0.2, 2.7, 1.5) 38
[15:54:07.929]: (-0.2, 2.5, 1.3) 33
[15:54:07.962]: (-0.2, 2.5, 1.3) 33
[15:54:07.995]: (-0.2, 2.5, 1.3) 33
[15:54:08.029]: (-0.2, 2.6, 1.5) 35
[15:54:08.129]: (-0.2, 2.7, 1.4) 35
[15:54:08.197]: (-0.2, 2.6, 1.2) 33
[15:54:08.537]: (0.0, 2.6, 1.3) 32
[15:54:08.558]: (0.0, 2.6, 1.3) 32
[15:54:08.580]: (0.0, 2.6, 1.3) 32
[15:54:08.602]: (0.0, 2.6, 1.3) 32
[15:54:08.625]: (0.0, 2.6, 1.3) 32
[15:54:08.647]: (-0.1, 2.6, 1.3) 32
[15:54:08.669]: (0.0, 2.6, 1.3) 32
[15:54:08.691]: (0.0, 2.6, 1.3) 32
[15:54:08.713]: (-0.1, 2.6, 1.3) 32
[15:54:08.735]: (0.0, 2.6, 1.3) 32
[15:54:08.759]: (0.0, 2.6, 1.3) 32
[15:54:08.780]: (-0.1, 2.6, 1.3) 32
[15:54:08.803]: (-0.1, 2.6, 1.3) 32
[15:54:08.826]: (-0.1, 2.6, 1.3) 32
[15:54:08.847]: (-0.1, 2.6, 1.2) 33
[15:54:08.869]: (-0.1, 2.6, 1.2) 33
[15:54:08.891]: (-0.1, 2.5, 1.2) 33
[15:54:08.914]: (-0.2, 2.5, 1.2) 33
[15:54:08.936]: (-0.1, 2.5, 1.2) 33
[15:54:08.958]: (-0.1, 2.5, 1.2) 33
[15:54:08.980]: (-0.1, 2.5, 1.2) 33
[15:54:09.002]: (-0.1, 2.5, 1.2) 33
[15:54:09.024]: (-0.1, 2.5, 1.2) 33
[15:54:09.048]: (-0.1, 2.5, 1.2) 33
[15:54:09.069]: (-0.1, 2.5, 1.2) 33
[15:54:09.092]: (-0.1, 2.5, 1.2) 33
[15:54:09.113]: (-0.1, 2.5, 1.2) 33
[15:54:09.136]: (-0.1, 2.5, 1.2) 33
[15:54:09.158]: (-0.1, 2.5, 1.2) 33
[15:54:09.180]: (-0.1, 2.5, 1.2) 33
[15:54:09.204]: (-0.1, 2.5, 1.2) 33
[15:54:09.225]: (-0.2, 2.5, 1.2) 33
[15:54:09.248]: (-0.2, 2.5, 1.2) 33
[15:54:09.271]: (-0.1, 2.5, 1.2) 33
[15:54:09.294]: (-0.1, 2.5, 1.2) 33
[15:54:09.318]: (-0.1, 2.6, 1.2) 33
[15:54:09.338]: (-0.1, 2.6, 1.2) 33
[15:54:09.361]: (-0.1, 2.6, 1.2) 33
[15:54:09.385]: (-0.1, 2.6, 1.2) 33
[15:54:09.406]: (-0.1, 2.6, 1.2) 33
[15:54:09.428]: (-0.1, 2.6, 1.2) 33
[15:54:09.451]: (-0.1, 2.6, 1.2) 33
[15:54:09.472]: (-0.1, 2.6, 1.2) 33
[15:54:09.495]: (-0.1, 2.6, 1.2) 33
[15:54:09.516]: (-0.1, 2.6, 1.2) 33
[15:54:09.539]: (-0.1, 2.6, 1.2) 33
[15:54:09.561]: (-0.1, 2.6, 1.2) 33
[15:54:09.583]: (-0.1, 2.6, 1.2) 33
[15:54:09.605]: (-0.1, 2.6, 1.2) 33
[15:54:09.627]: (-0.1, 2.6, 1.2) 33
[15:54:09.650]: (-0.1, 2.6, 1.2) 33
[15:54:09.672]: (-0.1, 2.6, 1.2) 33
[15:54:09.695]: (-0.1, 2.6, 1.2) 33
[15:54:09.717]: (-0.1, 2.6, 1.2) 33
[15:54:09.738]: (-0.1, 2.6, 1.2) 33
[15:54:09.755]: (-0.1, 2.6, 1.2) 33
[15:54:09.772]: (-0.1, 2.6, 1.2) 33
[15:54:09.788]: (-0.1, 2.6, 1.2) 33
[15:54:09.805]: (-0.1, 2.6, 1.2) 33
[15:54:09.823]: (-0.1, 2.6, 1.2) 33
[15:54:09.840]: (-0.1, 2.6, 1.2) 33
[15:54:09.858]: (-0.1, 2.6, 1.2) 33
[15:54:09.876]: (-0.1, 2.6, 1.2) 33
[15:54:09.893]: (-0.1, 2.6, 1.2) 33
[15:54:09.910]: (-0.1, 2.6, 1.2) 33
[15:54:09.926]: (-0.1, 2.6, 1.2) 33
[15:54:09.944]: (-0.1, 2.6, 1.2) 33
[15:54:09.962]: (-0.1, 2.6, 1.2) 33
[15:54:09.979]: (-0.1, 2.6, 1.2) 33
[15:54:09.995]: (-0.1, 2.6, 1.2) 33
[15:54:10.012]: (-0.1, 2.6, 1.2) 33
[15:54:10.028]: (-0.1, 2.6, 1.2) 33
[15:54:10.046]: (-0.1, 2.6, 1.2) 33
[15:54:10.065]: (-0.1, 2.6, 1.2) 33
[15:54:10.083]: (-0.1, 2.6, 1.2) 33
[15:54:10.101]: (-0.1, 2.6, 1.2) 33
[15:54:10.117]: (-0.1, 2.6, 1.2) 33
[15:54:10.135]: (-0.1, 2.6, 1.2) 33
[15:54:10.152]: (-0.1, 2.6, 1.2) 33
[15:54:10.170]: (-0.1, 2.6, 1.2) 33
[15:54:10.186]: (-0.1, 2.6, 1.2) 33
[15:54:10.203]: (-0.1, 2.6, 1.2) 33
[15:54:10.221]: (-0.1, 2.6, 1.2) 33
[15:54:10.237]: (-0.1, 2.6, 1.2) 33
[15:54:10.254]: (-0.1, 2.6, 1.2) 33
[15:54:10.271]: (-0.1, 2.6, 1.2) 33
[15:54:10.290]: (-0.1, 2.6, 1.2) 33
[15:54:10.313]: (-0.1, 2.6, 1.2) 33
[15:54:10.334]: (-0.1, 2.6, 1.2) 33
[15:54:10.358]: (-0.1, 2.6, 1.2) 33
[15:54:10.380]: (-0.1, 2.6, 1.2) 33
[15:54:10.401]: (-0.1, 2.6, 1.2) 33
[15:54:10.425]: (-0.1, 2.6, 1.2) 33
[15:54:10.447]: (-0.1, 2.6, 1.2) 33
[15:54:10.470]: (-0.1, 2.6, 1.2) 33
[15:54:10.491]: (-0.1, 2.6, 1.2) 33
[15:54:10.512]: (-0.1, 2.6, 1.2) 33
[15:54:10.536]: (-0.1, 2.6, 1.2) 33
[15:54:10.557]: (-0.1, 2.6, 1.2) 33
[15:54:10.580]: (-0.1, 2.6, 1.2) 33
[15:54:10.602]: (-0.1, 2.6, 1.2) 33
[15:54:10.623]: (-0.1, 2.6, 1.2) 33
[15:54:10.647]: (-0.1, 2.6, 1.2) 33
[15:54:10.669]: (-0.1, 2.6, 1.2) 33
[15:54:10.688]: (-0.1, 2.6, 1.2) 33
[15:54:10.704]: (-0.1, 2.6, 1.2) 33
[15:54:10.721]: (-0.1, 2.6, 1.2) 33
[15:54:10.739]: (-0.1, 2.6, 1.2) 33
[15:54:10.757]: (-0.1, 2.6, 1.2) 33
[15:54:10.773]: (-0.1, 2.6, 1.2) 33
[15:54:10.791]: (-0.1, 2.6, 1.2) 33
[15:54:10.809]: (-0.1, 2.6, 1.2) 33
[15:54:10.827]: (-0.1, 2.6, 1.2) 33
[15:54:10.846]: (-0.1, 2.6, 1.2) 33
[15:54:10.862]: (-0.1, 2.6, 1.2) 33
[15:54:10.879]: (-0.1, 2.6, 1.2) 33
[15:54:10.895]: (-0.1, 2.6, 1.2) 33
[15:54:10.912]: (-0.1, 2.6, 1.2) 33
[15:54:10.929]: (-0.1, 2.6, 1.2) 33
[15:54:10.947]: (-0.1, 2.6, 1.2) 33
[15:54:10.966]: (-0.1, 2.6, 1.2) 33
[15:54:10.982]: (-0.1, 2.6, 1.2) 33
[15:54:11.000]: (-0.1, 2.6, 1.2) 33
[15:54:11.018]: (-0.1, 2.6, 1.2) 33
[15:54:11.034]: (-0.1, 2.6, 1.2) 33
[15:54:11.050]: (-0.1, 2.6, 1.2) 33
[15:54:11.068]: (-0.1, 2.6, 1.2) 33
[15:54:11.084]: (-0.1, 2.6, 1.2) 33
[15:54:11.102]: (-0.1, 2.6, 1.2) 33
[15:54:11.118]: (-0.1, 2.6, 1.2) 33
[15:54:11.135]: (-0.1, 2.6, 1.2) 33
[15:54:11.158]: (-0.1, 2.6, 1.2) 33
[15:54:11.179]: (-0.1, 2.6, 1.2) 33
[15:54:11.202]: (-0.1, 2.6, 1.2) 33
[15:54:11.224]: (-0.1, 2.6, 1.2) 33
[15:54:11.247]: (-0.1, 2.6, 1.2) 33
[15:54:11.268]: (-0.1, 2.6, 1.2) 33
[15:54:11.290]: (-0.1, 2.6, 1.2) 33
[15:54:11.313]: (-0.1, 2.6, 1.2) 33
[15:54:11.336]: (-0.1, 2.6, 1.2) 33
[15:54:11.358]: (-0.1, 2.6, 1.2) 33
[15:54:11.379]: (-0.1, 2.6, 1.2) 33
[15:54:11.401]: (-0.1, 2.6, 1.2) 33
[15:54:11.424]: (-0.1, 2.6, 1.2) 33
[15:54:11.447]: (-0.1, 2.6, 1.2) 33
[15:54:11.468]: (-0.1, 2.6, 1.2) 33
[15:54:11.490]: (-0.1, 2.6, 1.2) 33
[15:54:11.512]: (-0.1, 2.6, 1.2) 33
[15:54:11.534]: (-0.1, 2.6, 1.2) 33
[15:54:11.557]: (-0.1, 2.6, 1.2) 33
[15:54:11.579]: (-0.1, 2.6, 1.2) 33
[15:54:11.601]: (-0.1, 2.6, 1.2) 33
[15:54:11.619]: (-0.1, 2.6, 1.2) 33
[15:54:11.635]: (-0.1, 2.6, 1.2) 33
[15:54:11.652]: (-0.1, 2.6, 1.2) 33
[15:54:11.668]: (-0.1, 2.6, 1.2) 33
[15:54:11.686]: (-0.1, 2.6, 1.2) 33
[15:54:11.703]: (-0.1, 2.6, 1.2) 33
[15:54:11.721]: (-0.1, 2.6, 1.2) 33
[15:54:11.738]: (-0.1, 2.6, 1.2) 33
[15:54:11.755]: (-0.1, 2.6, 1.2) 33
[15:54:11.771]: (-0.1, 2.6, 1.2) 33
[15:54:11.787]: (-0.1, 2.6, 1.2) 33
[15:54:11.803]: (-0.1, 2.6, 1.2) 33
[15:54:11.821]: (-0.1, 2.6, 1.2) 33
[15:54:11.837]: (-0.1, 2.6, 1.2) 33
[15:54:11.855]: (-0.1, 2.6, 1.2) 33
[15:54:11.873]: (-0.1, 2.6, 1.2) 33
[15:54:11.888]: (-0.1, 2.6, 1.2) 33
[15:54:11.905]: (-0.1, 2.6, 1.2) 33
[15:54:11.922]: (-0.1, 2.6, 1.2) 33
[15:54:11.938]: (-0.1, 2.6, 1.2) 33
[15:54:11.955]: (-0.1, 2.6, 1.2) 33
[15:54:11.972]: (-0.1, 2.6, 1.2) 33
[15:54:11.988]: (-0.1, 2.6, 1.2) 33
[15:54:12.004]: (-0.1, 2.6, 1.2) 33
[15:54:12.020]: (-0.1, 2.6, 1.2) 33
[15:54:12.037]: (-0.1, 2.6, 1.2) 33
[15:54:12.053]: (-0.1, 2.6, 1.2) 33
[15:54:12.069]: (-0.1, 2.6, 1.2) 33
[15:54:12.090]: (-0.1, 2.6, 1.2) 33
[15:54:12.112]: (-0.1, 2.5, 1.2) 33
[15:54:12.134]: (-0.1, 2.6, 1.2) 33
[15:54:12.157]: (-0.1, 2.6, 1.2) 33
[15:54:12.179]: (-0.1, 2.5, 1.2) 33
[15:54:12.201]: (-0.1, 2.5, 1.2) 33
[15:54:12.223]: (-0.1, 2.5, 1.2) 33
[15:54:12.247]: (-0.1, 2.5, 1.2) 33
[15:54:12.268]: (-0.1, 2.5, 1.2) 33
[15:54:12.290]: (-0.1, 2.5, 1.2) 33
[15:54:12.312]: (-0.1, 2.5, 1.2) 33
[15:54:12.334]: (-0.1, 2.5, 1.2) 33
[15:54:12.357]: (-0.1, 2.5, 1.2) 33
[15:54:12.379]: (-0.1, 2.5, 1.2) 33
[15:54:12.402]: (-0.1, 2.5, 1.2) 33
[15:54:12.424]: (-0.1, 2.5, 1.2) 33
[15:54:12.446]: (-0.1, 2.5, 1.2) 33
[15:54:12.469]: (-0.1, 2.5, 1.2) 33
[15:54:12.491]: (-0.1, 2.5, 1.2) 33
[15:54:12.507]: (-0.1, 2.5, 1.2) 33
[15:54:12.525]: (0.0, 2.6, 1.3) 32
[15:54:12.621]: (-0.1, 2.6, 1.3) 32
[15:54:12.639]: (0.0, 2.6, 1.5) 35
[15:54:12.657]: (-0.1, 2.5, 1.2) 33
[15:54:12.675]: (-0.1, 2.6, 1.3) 32
[15:54:12.694]: (-0.1, 2.5, 1.2) 33
[15:54:12.713]: (-0.1, 2.6, 1.2) 33
[15:54:12.731]: (-0.1, 2.6, 1.2) 33
[15:54:12.750]: (-0.1, 2.6, 1.2) 33
[15:54:12.768]: (-0.1, 2.6, 1.2) 33
[15:54:12.787]: (-0.1, 2.6, 1.2) 33
[15:54:12.805]: (-0.1, 2.5, 1.2) 33
[15:54:12.823]: (-0.1, 2.6, 1.2) 33
[15:54:12.840]: (-0.1, 2.6, 1.2) 33
[15:54:12.857]: (-0.1, 2.6, 1.2) 33
[15:54:12.876]: (-0.1, 2.6, 1.2) 33
[15:54:12.893]: (-0.1, 2.6, 1.2) 33
[15:54:12.914]: (-0.1, 2.6, 1.2) 33
[15:54:12.935]: (-0.1, 2.6, 1.2) 33
[15:54:12.955]: (-0.1, 2.5, 1.2) 33
[15:54:12.973]: (-0.1, 2.5, 1.2) 33
[15:54:12.992]: (-0.2, 2.5, 1.2) 33
[15:54:13.010]: (-0.2, 2.5, 1.2) 33
[15:54:13.369]: (-0.1, 2.5, 1.2) 33
[15:54:13.391]: (-0.1, 2.5, 1.2) 33
[15:54:13.413]: (-0.1, 2.5, 1.2) 33
[15:54:13.435]: (-0.1, 2.5, 1.2) 33
[15:54:13.457]: (-0.1, 2.5, 1.2) 33
[15:54:13.481]: (-0.1, 2.5, 1.2) 33
[15:54:13.508]: (-0.1, 2.5, 1.2) 33
[15:54:13.528]: (-0.1, 2.5, 1.2) 33
[15:54:13.549]: (-0.1, 2.6, 1.2) 33
[15:54:13.567]: (-0.1, 2.6, 1.2) 33
[15:54:13.583]: (-0.1, 2.6, 1.2) 33
[15:54:13.601]: (-0.1, 2.6, 1.2) 33
[15:54:13.621]: (-0.1, 2.6, 1.3) 33
[15:54:13.638]: (-0.1, 2.5, 1.3) 33
[15:54:13.658]: (-0.1, 2.6, 1.3) 32
[15:54:13.676]: (-0.1, 2.6, 1.3) 32
[15:54:13.694]: (0.0, 2.6, 1.3) 32
[15:54:13.714]: (0.0, 2.6, 1.3) 32
[15:54:13.733]: (0.0, 2.6, 1.3) 32
[15:54:13.752]: (0.0, 2.6, 1.3) 32
[15:54:13.769]: (0.0, 2.6, 1.3) 32
[15:54:13.787]: (0.0, 2.6, 1.3) 32
[15:54:13.803]: (-0.1, 2.6, 1.3) 32
[15:54:13.821]: (-0.1, 2.6, 1.3) 32
[15:54:13.841]: (0.0, 2.6, 1.3) 32
[15:54:13.859]: (0.0, 2.6, 1.3) 32
[15:54:13.879]: (-0.1, 2.6, 1.3) 32
[15:54:13.901]: (0.0, 2.6, 1.3) 32
[15:54:13.923]: (-0.1, 2.6, 1.3) 32
[15:54:13.940]: (-0.1, 2.6, 1.3) 33
[15:54:13.960]: (-0.1, 2.6, 1.2) 33
[15:54:13.977]: (-0.1, 2.6, 1.2) 33
[15:54:13.995]: (-0.1, 2.6, 1.2) 33
[15:54:14.013]: (-0.1, 2.6, 1.2) 33
[15:54:14.032]: (-0.1, 2.6, 1.2) 33
[15:54:14.051]: (-0.1, 2.6, 1.2) 33
[15:54:14.070]: (-0.1, 2.5, 1.2) 33
[15:54:14.092]: (-0.1, 2.5, 1.2) 33
[15:54:14.113]: (-0.1, 2.5, 1.2) 33
[15:54:14.134]: (-0.1, 2.5, 1.2) 33
[15:54:14.157]: (-0.1, 2.5, 1.2) 33
[15:54:14.179]: (-0.1, 2.5, 1.3) 33
[15:54:14.199]: (-0.1, 2.6, 1.3) 32
[15:54:14.222]: (-0.1, 2.6, 1.3) 32
[15:54:14.246]: (-0.1, 2.6, 1.4) 32
[15:54:14.267]: (-0.1, 2.5, 1.3) 33
[15:54:14.289]: (-0.1, 2.6, 1.4) 32
[15:54:14.312]: (-0.1, 2.6, 1.3) 32
[15:54:14.334]: (-0.1, 2.5, 1.3) 33
[15:54:14.357]: (-0.1, 2.5, 1.2) 33
[15:54:14.378]: (-0.1, 2.5, 1.2) 33
[15:54:14.400]: (-0.1, 2.5, 1.2) 33
[15:54:14.423]: (-0.1, 2.5, 1.2) 33
[15:54:14.445]: (-0.1, 2.5, 1.2) 33
[15:54:14.467]: (-0.1, 2.5, 1.2) 33
[15:54:14.490]: (-0.1, 2.6, 1.3) 32
[15:54:14.511]: (-0.1, 2.6, 1.3) 32
[15:54:14.528]: (-0.1, 2.6, 1.3) 32
[15:54:14.546]: (-0.1, 2.6, 1.3) 32
[15:54:14.563]: (-0.1, 2.6, 1.3) 32
[15:54:14.581]: (-0.1, 2.6, 1.3) 32
[15:54:14.599]: (-0.1, 2.6, 1.3) 32
[15:54:14.616]: (-0.1, 2.6, 1.3) 32
[15:54:14.635]: (-0.1, 2.6, 1.3) 32
[15:54:14.652]: (-0.1, 2.6, 1.3) 32
[15:54:14.670]: (-0.1, 2.6, 1.3) 32
[15:54:14.687]: (-0.2, 2.5, 1.2) 33
[15:54:14.704]: (-0.1, 2.5, 1.3) 33
[15:54:14.722]: (-0.1, 2.5, 1.3) 33
[15:54:14.738]: (-0.1, 2.5, 1.3) 33
[15:54:14.757]: (-0.1, 2.5, 1.3) 33
[15:54:14.773]: (-0.1, 2.5, 1.3) 33
[15:54:14.791]: (-0.2, 2.5, 1.3) 33
[15:54:14.809]: (-0.2, 2.5, 1.3) 33
[15:54:14.825]: (-0.1, 2.5, 1.3) 33
[15:54:14.843]: (-0.1, 2.5, 1.3) 33
[15:54:14.859]: (-0.1, 2.5, 1.3) 33
[15:54:15.022]: (-0.1, 2.6, 1.4) 35
[15:54:15.045]: (-0.1, 2.6, 1.4) 35
[15:54:15.067]: (-0.1, 2.6, 1.4) 35
[15:54:15.090]: (-0.1, 2.6, 1.4) 35
[15:54:15.111]: (-0.1, 2.6, 1.4) 35
[15:54:15.133]: (-0.1, 2.6, 1.4) 35
[15:54:15.155]: (-0.1, 2.6, 1.4) 35
[15:54:15.178]: (-0.1, 2.6, 1.4) 35
[15:54:15.200]: (-0.1, 2.6, 1.4) 35
[15:54:15.223]: (-0.1, 2.6, 1.4) 35
[15:54:15.245]: (-0.1, 2.6, 1.4) 35
[15:54:15.266]: (-0.1, 2.6, 1.4) 35
[15:54:15.288]: (-0.1, 2.6, 1.4) 35
[15:54:15.311]: (-0.1, 2.6, 1.4) 35
[15:54:15.332]: (-0.1, 2.6, 1.4) 35
[15:54:15.355]: (-0.1, 2.6, 1.4) 35
[15:54:15.378]: (-0.1, 2.6, 1.4) 35
[15:54:15.399]: (-0.1, 2.6, 1.4) 35
[15:54:15.421]: (-0.1, 2.6, 1.4) 35
[15:54:15.445]: (-0.1, 2.6, 1.4) 35
[15:54:15.463]: (-0.1, 2.6, 1.4) 35
[15:54:15.480]: (-0.1, 2.6, 1.4) 35
[15:54:15.498]: (-0.1, 2.6, 1.2) 33
[15:54:15.519]: (-0.1, 2.6, 1.2) 33
[15:54:15.539]: (-0.1, 2.6, 1.2) 33
[15:54:15.557]: (-0.1, 2.6, 1.2) 33
[15:54:15.575]: (-0.1, 2.6, 1.2) 33
[15:54:15.592]: (-0.1, 2.6, 1.2) 33
[15:54:15.611]: (-0.1, 2.6, 1.2) 33
[15:54:15.629]: (-0.1, 2.6, 1.2) 33
[15:54:15.647]: (-0.1, 2.6, 1.2) 33
[15:54:15.665]: (-0.1, 2.6, 1.2) 33
[15:54:15.699]: (0.0, 2.8, 1.3) 38
[15:54:16.303]: (-0.1, 2.6, 1.2) 33
[15:54:16.322]: (-0.1, 2.6, 1.2) 33
[15:54:16.344]: (-0.1, 2.6, 1.2) 33
[15:54:16.366]: (-0.1, 2.5, 1.2) 33
[15:54:16.383]: (-0.1, 2.5, 1.2) 33
[15:54:16.400]: (-0.1, 2.5, 1.2) 33
[15:54:16.416]: (-0.1, 2.5, 1.2) 33
[15:54:16.434]: (-0.1, 2.5, 1.2) 33
[15:54:16.452]: (-0.1, 2.6, 1.2) 33
[15:54:16.468]: (-0.1, 2.6, 1.2) 33
[15:54:16.485]: (-0.1, 2.6, 1.2) 33
[15:54:16.502]: (-0.1, 2.6, 1.2) 33
[15:54:16.520]: (-0.1, 2.6, 1.2) 33
[15:54:16.538]: (-0.1, 2.6, 1.2) 33
[15:54:16.558]: (-0.1, 2.6, 1.2) 33
[15:54:16.575]: (-0.1, 2.6, 1.2) 33
[15:54:16.592]: (-0.1, 2.6, 1.2) 33
[15:54:16.609]: (-0.1, 2.6, 1.2) 33
[15:54:16.626]: (-0.1, 2.5, 1.3) 33
[15:54:16.644]: (-0.1, 2.5, 1.2) 33
[15:54:16.661]: (-0.1, 2.5, 1.2) 33
[15:54:16.680]: (-0.1, 2.5, 1.2) 33
[15:54:16.699]: (-0.1, 2.5, 1.2) 33
[15:54:16.716]: (-0.1, 2.5, 1.2) 33
[15:54:16.733]: (-0.1, 2.5, 1.2) 33
[15:54:16.752]: (-0.1, 2.5, 1.2) 33
[15:54:16.768]: (-0.1, 2.5, 1.2) 33
[15:54:16.785]: (-0.1, 2.5, 1.2) 33
[15:54:16.801]: (-0.1, 2.5, 1.2) 33
[15:54:16.818]: (-0.1, 2.5, 1.2) 33
[15:54:16.835]: (-0.1, 2.5, 1.2) 33
[15:54:16.855]: (-0.1, 2.5, 1.2) 33
[15:54:16.877]: (-0.1, 2.5, 1.2) 33
[15:54:16.899]: (-0.1, 2.5, 1.2) 33
[15:54:16.921]: (-0.1, 2.5, 1.2) 33
[15:54:16.943]: (-0.1, 2.5, 1.2) 33
[15:54:16.966]: (-0.1, 2.5, 1.2) 33
[15:54:16.988]: (-0.1, 2.5, 1.2) 33
[15:54:17.010]: (-0.1, 2.5, 1.2) 33
[15:54:17.032]: (-0.1, 2.5, 1.2) 33
[15:54:17.055]: (-0.1, 2.5, 1.2) 33
[15:54:17.078]: (-0.1, 2.5, 1.3) 33
[15:54:17.099]: (-0.1, 2.5, 1.3) 33
[15:54:17.122]: (-0.1, 2.5, 1.2) 33
[15:54:17.144]: (-0.1, 2.7, 1.3) 32
[15:54:17.166]: (-0.1, 2.6, 1.2) 33
[15:54:17.188]: (-0.1, 2.6, 1.2) 33
[15:54:17.210]: (-0.1, 2.6, 1.2) 33
[15:54:17.232]: (-0.1, 2.6, 1.2) 33
[15:54:17.254]: (-0.1, 2.6, 1.2) 33
[15:54:17.277]: (-0.1, 2.6, 1.2) 33
[15:54:17.300]: (-0.1, 2.6, 1.2) 33
[15:54:17.322]: (-0.1, 2.6, 1.2) 33
[15:54:17.339]: (-0.1, 2.6, 1.2) 33
[15:54:17.358]: (-0.1, 2.6, 1.2) 33
[15:54:17.375]: (-0.1, 2.6, 1.2) 33
[15:54:17.391]: (-0.1, 2.6, 1.2) 33
[15:54:17.408]: (-0.1, 2.6, 1.2) 33
[15:54:17.426]: (-0.1, 2.6, 1.2) 33
[15:54:17.444]: (-0.1, 2.6, 1.2) 33
[15:54:17.460]: (-0.1, 2.6, 1.2) 33
[15:54:17.476]: (-0.1, 2.6, 1.2) 33
[15:54:17.494]: (-0.1, 2.6, 1.2) 33
[15:54:17.510]: (-0.1, 2.6, 1.2) 33
[15:54:17.527]: (-0.1, 2.6, 1.2) 33
[15:54:17.544]: (-0.1, 2.6, 1.2) 33
[15:54:17.562]: (-0.1, 2.5, 1.2) 33
[15:54:17.580]: (-0.1, 2.5, 1.2) 33
[15:54:17.598]: (-0.1, 2.5, 1.2) 33
[15:54:17.614]: (-0.1, 2.5, 1.2) 33
[15:54:17.632]: (-0.1, 2.6, 1.2) 33
[15:54:17.649]: (-0.1, 2.6, 1.2) 33
[15:54:17.665]: (-0.1, 2.6, 1.2) 33
[15:54:17.682]: (-0.1, 2.6, 1.2) 33
[15:54:17.701]: (-0.1, 2.6, 1.2) 33
[15:54:17.718]: (-0.1, 2.6, 1.2) 33
[15:54:17.736]: (-0.1, 2.5, 1.2) 33
[15:54:17.756]: (-0.1, 2.6, 1.2) 33
[15:54:17.771]: (-0.1, 2.6, 1.2) 33
[15:54:17.787]: (-0.1, 2.6, 1.2) 33
[15:54:17.809]: (-0.1, 2.6, 1.2) 33
[15:54:17.831]: (-0.1, 2.6, 1.2) 33
[15:54:17.855]: (-0.1, 2.6, 1.2) 33
[15:54:17.876]: (-0.1, 2.6, 1.2) 33
[15:54:17.898]: (-0.2, 2.6, 1.2) 33
[15:54:17.922]: (-0.2, 2.6, 1.2) 33
[15:54:17.943]: (-0.2, 2.6, 1.2) 33
[15:54:17.965]: (-0.2, 2.6, 1.2) 33
[15:54:17.988]: (-0.2, 2.5, 1.2) 33
[15:54:18.010]: (-0.1, 2.5, 1.2) 33
[15:54:18.032]: (-0.1, 2.5, 1.2) 33
[15:54:18.054]: (-0.1, 2.5, 1.2) 33
[15:54:18.076]: (-0.1, 2.6, 1.2) 33
[15:54:18.099]: (-0.1, 2.5, 1.2) 33
[15:54:18.122]: (-0.1, 2.6, 1.3) 33
[15:54:18.143]: (-0.1, 2.6, 1.3) 32
[15:54:18.165]: (-0.1, 2.6, 1.3) 32
[15:54:18.188]: (-0.1, 2.5, 1.2) 33
[15:54:18.210]: (-0.1, 2.5, 1.2) 33
[15:54:18.232]: (-0.1, 2.5, 1.2) 33
[15:54:18.254]: (-0.1, 2.5, 1.2) 33
[15:54:18.271]: (-0.1, 2.5, 1.2) 33
[15:54:18.291]: (-0.1, 2.5, 1.2) 33
[15:54:18.308]: (-0.1, 2.5, 1.2) 33
[15:54:18.325]: (-0.1, 2.6, 1.2) 33
[15:54:18.344]: (-0.1, 2.6, 1.3) 33
[15:54:18.379]: (-0.1, 2.6, 1.2) 33
[15:54:18.396]: (-0.1, 2.6, 1.2) 33
[15:54:18.910]: (0.9, 2.5, 1.2) 35
[15:54:18.931]: (0.9, 2.5, 1.2) 35
[15:54:18.973]: (0.8, 2.4, 1.1) 34
[15:54:19.016]: (0.5, 2.1, 0.6) 25
[15:54:19.038]: (0.4, 2.0, 0.6) 30
[15:54:19.190]: (0.2, 2.2, 0.5) 30
[15:54:19.213]: (0.0, 2.2, 0.5) 30
[15:54:19.235]: (0.0, 2.1, 0.5) 30
[15:54:19.259]: (0.0, 2.2, 0.5) 30
[15:54:19.281]: (-0.1, 2.2, 0.5) 30
[15:54:19.302]: (-0.1, 2.2, 0.5) 30
[15:54:19.325]: (-0.1, 2.2, 0.5) 30
[15:54:19.346]: (-0.1, 2.2, 0.5) 30
[15:54:19.368]: (-0.1, 2.6, 1.0) 34
[15:54:19.391]: (-0.2, 2.2, 0.5) 30
[15:54:19.412]: (-0.2, 2.7, 1.0) 34
[15:54:19.436]: (-0.2, 3.7, 2.0) 16
[15:54:19.457]: (-0.3, 3.6, 2.1) 16
[15:54:19.500]: (-0.4, 3.6, 2.1) 16
[15:54:19.521]: (-0.3, 3.6, 2.1) 16
[15:54:19.543]: (-0.3, 2.6, 1.0) 34
[15:54:19.565]: (-0.3, 2.2, 0.5) 30
[15:54:19.588]: (-0.4, 2.6, 1.0) 34
[15:54:19.671]: (-0.4, 2.1, 0.5) 30
[15:54:19.695]: (-0.7, 3.6, 2.1) 16
[15:54:19.719]: (-0.7, 3.6, 2.0) 16
[15:54:19.743]: (-0.7, 3.5, 2.0) 16
[15:54:19.997]: (-0.5, 2.2, 0.5) 41
[15:54:20.031]: (-0.5, 2.2, 0.4) 41
[15:54:20.064]: (-0.5, 2.2, 0.4) 41
[15:54:20.098]: (-0.5, 2.2, 0.5) 41
[15:54:20.131]: (-0.5, 2.2, 0.5) 41
[15:54:20.497]: (0.4, 1.7, 2.5) 16
[15:54:20.531]: (0.2, 1.4, 1.3) 38
[15:54:20.563]: (0.2, 1.4, 1.4) 38
[15:54:20.598]: (0.2, 1.4, 1.4) 38
[15:54:20.642]: (0.2, 1.2, 1.5) 37
[15:54:20.663]: (0.2, 1.2, 1.3) 32
[15:54:20.687]: (0.2, 1.2, 1.3) 32
[15:54:20.708]: (0.2, 1.2, 1.3) 32
[15:54:20.731]: (0.2, 1.2, 1.5) 37
[15:54:20.753]: (0.2, 1.2, 1.5) 37
[15:54:20.775]: (0.2, 1.2, 1.5) 37
[15:54:20.796]: (0.1, 1.2, 1.3) 32
[15:54:20.819]: (0.1, 1.2, 1.2) 33
[15:54:20.841]: (0.1, 1.1, 1.2) 33
[15:54:20.863]: (0.1, 1.1, 1.2) 33
[15:54:20.887]: (0.1, 1.1, 1.2) 33
[15:54:20.907]: (0.1, 1.1, 1.2) 33
[15:54:21.108]: (0.1, 1.1, 1.2) 33
[15:54:21.131]: (0.1, 1.1, 1.2) 33
[15:54:21.152]: (0.1, 1.1, 1.2) 33
[15:54:21.176]: (0.0, 1.1, 1.2) 33
[15:54:21.196]: (0.1, 1.1, 1.2) 33
[15:54:21.332]: (0.1, 1.1, 1.2) 33
[15:54:21.378]: (0.1, 1.1, 1.2) 33
[15:54:21.401]: (0.1, 1.2, 1.3) 32
[15:54:21.422]: (0.1, 1.2, 1.2) 33
[15:54:21.446]: (0.2, 1.2, 1.3) 32
[15:54:21.466]: (0.2, 1.2, 1.3) 32
[15:54:21.489]: (0.2, 1.2, 1.3) 32
[15:54:21.511]: (0.2, 1.2, 1.3) 32
[15:54:21.532]: (0.2, 1.2, 1.3) 32
[15:54:21.556]: (0.1, 1.1, 1.2) 33
[15:54:21.579]: (0.1, 1.1, 1.2) 33
[15:54:21.600]: (0.1, 1.1, 1.2) 33
[15:54:21.622]: (0.1, 1.1, 1.2) 33
[15:54:21.645]: (0.1, 1.1, 1.2) 33
[15:54:21.666]: (0.1, 1.1, 1.2) 33
[15:54:21.689]: (0.1, 1.1, 1.2) 33
[15:54:21.711]: (0.0, 1.1, 1.2) 33
[15:54:21.733]: (0.0, 1.1, 1.2) 33
[15:54:21.756]: (0.0, 1.1, 1.2) 33
[15:54:21.779]: (0.0, 1.1, 1.2) 33
[15:54:21.801]: (0.0, 1.1, 1.2) 33
[15:54:21.823]: (0.0, 1.1, 1.2) 33
[15:54:21.845]: (0.0, 1.2, 1.2) 33
[15:54:21.861]: (0.0, 1.2, 1.2) 33
[15:54:21.878]: (0.0, 1.2, 1.2) 33
[15:54:21.895]: (0.0, 1.2, 1.2) 33
[15:54:21.911]: (0.0, 1.2, 1.2) 33
[15:54:21.930]: (0.0, 1.2, 1.2) 33
[15:54:21.948]: (0.0, 1.2, 1.2) 33
[15:54:21.966]: (0.0, 1.2, 1.2) 33
[15:54:21.982]: (0.0, 1.2, 1.2) 33
[15:54:21.998]: (0.0, 1.2, 1.2) 33
[15:54:22.017]: (0.0, 1.2, 1.2) 33
[15:54:22.033]: (0.0, 1.2, 1.2) 33
[15:54:22.050]: (0.0, 1.2, 1.2) 33
[15:54:22.068]: (0.0, 1.2, 1.2) 33
[15:54:22.084]: (0.0, 1.2, 1.2) 33
[15:54:22.100]: (0.0, 1.2, 1.2) 33
[15:54:22.118]: (0.0, 1.2, 1.2) 33
[15:54:22.135]: (0.0, 1.2, 1.2) 33
[15:54:22.151]: (0.0, 1.2, 1.2) 33
[15:54:22.169]: (0.0, 1.1, 1.2) 33
[15:54:22.186]: (0.0, 1.1, 1.2) 33
[15:54:22.204]: (0.0, 1.1, 1.2) 33
[15:54:22.220]: (0.0, 1.1, 1.2) 33
[15:54:22.237]: (0.0, 1.1, 1.2) 33
[15:54:22.256]: (0.0, 1.1, 1.2) 33
[15:54:22.272]: (0.0, 1.1, 1.2) 33
[15:54:22.288]: (0.0, 1.1, 1.2) 33
[15:54:22.306]: (0.0, 1.1, 1.2) 33
[15:54:22.330]: (0.0, 1.1, 1.2) 33
[15:54:22.352]: (0.0, 1.1, 1.2) 33
[15:54:22.374]: (0.0, 1.1, 1.2) 33
[15:54:22.396]: (0.0, 1.1, 1.2) 33
[15:54:22.418]: (0.0, 1.1, 1.2) 33
[15:54:22.440]: (0.0, 1.2, 1.2) 33
[15:54:22.462]: (0.2, 1.2, 1.5) 37
[15:54:22.486]: (0.2, 1.2, 1.4) 35
[15:54:22.506]: (0.2, 1.2, 1.4) 35
[15:54:22.530]: (0.2, 1.2, 1.4) 35
[15:54:22.554]: (0.2, 1.2, 1.4) 35
[15:54:22.573]: (0.2, 1.2, 1.5) 37
[15:54:22.597]: (0.2, 1.2, 1.4) 35
[15:54:22.619]: (0.2, 1.2, 1.4) 35
[15:54:22.641]: (0.2, 1.2, 1.4) 35
[15:54:22.663]: (0.2, 1.2, 1.4) 35
[15:54:22.685]: (0.1, 1.2, 1.3) 32
[15:54:22.708]: (0.1, 1.2, 1.3) 32
[15:54:22.730]: (0.1, 1.2, 1.3) 32
[15:54:22.749]: (0.1, 1.2, 1.3) 32
[15:54:22.768]: (0.1, 1.2, 1.3) 32
[15:54:22.784]: (0.1, 1.2, 1.2) 33
[15:54:22.805]: (0.1, 1.2, 1.3) 32
[15:54:22.823]: (0.1, 1.2, 1.3) 32
[15:54:22.840]: (0.1, 1.2, 1.3) 32
[15:54:22.856]: (0.1, 1.2, 1.3) 32
[15:54:22.875]: (0.1, 1.2, 1.3) 32
[15:54:22.892]: (0.2, 1.2, 1.5) 37
[15:54:22.910]: (0.2, 1.2, 1.5) 37
[15:54:22.928]: (0.2, 1.2, 1.5) 37
[15:54:22.945]: (0.2, 1.2, 1.5) 37
[15:54:22.961]: (0.2, 1.2, 1.5) 37
[15:54:22.978]: (0.2, 1.2, 1.5) 37
[15:54:22.994]: (0.2, 1.2, 1.5) 37
[15:54:23.011]: (0.2, 1.2, 1.5) 37
[15:54:23.028]: (0.2, 1.2, 1.5) 37
[15:54:23.044]: (0.2, 1.2, 1.5) 37
[15:54:23.061]: (0.2, 1.2, 1.5) 37
[15:54:23.078]: (0.2, 1.2, 1.5) 37
[15:54:23.095]: (0.2, 1.2, 1.5) 37
[15:54:23.111]: (0.2, 1.2, 1.5) 37
[15:54:23.127]: (0.2, 1.2, 1.5) 37
[15:54:23.143]: (0.2, 1.2, 1.5) 37
[15:54:23.160]: (0.2, 1.2, 1.5) 37
[15:54:23.177]: (0.2, 1.2, 1.5) 37
[15:54:23.196]: (0.1, 1.2, 1.3) 32
[15:54:23.219]: (0.1, 1.2, 1.3) 32
[15:54:23.240]: (0.1, 1.2, 1.3) 32
[15:54:23.263]: (0.1, 1.2, 1.3) 32
[15:54:23.284]: (0.1, 1.2, 1.3) 32
[15:54:23.418]: (0.1, 1.2, 1.2) 33
[15:54:23.440]: (0.1, 1.2, 1.2) 33
[15:54:23.463]: (0.1, 1.2, 1.2) 33
[15:54:23.485]: (0.1, 1.2, 1.4) 35
[15:54:23.508]: (0.2, 1.2, 1.4) 35
[15:54:23.530]: (0.2, 1.2, 1.5) 37
[15:54:23.552]: (0.2, 1.2, 1.5) 37
[15:54:23.574]: (0.2, 1.2, 1.5) 37
[15:54:23.596]: (0.2, 1.2, 1.5) 37
[15:54:23.619]: (0.2, 1.2, 1.5) 37
[15:54:23.640]: (0.2, 1.2, 1.5) 37
[15:54:23.663]: (0.2, 1.2, 1.5) 37
[15:54:23.682]: (0.2, 1.2, 1.5) 37
[15:54:23.699]: (0.2, 1.2, 1.5) 37
[15:54:23.715]: (0.2, 1.2, 1.5) 37
[15:54:23.735]: (0.2, 1.2, 1.5) 37
[15:54:25.152]: (0.1, 1.2, 1.5) 35
[15:54:25.175]: (0.1, 1.2, 1.5) 35
[15:54:25.196]: (0.1, 1.2, 1.5) 35
[15:54:25.218]: (0.1, 1.2, 1.5) 35
[15:54:25.241]: (0.1, 1.2, 1.2) 33
[15:54:25.264]: (0.0, 1.2, 1.2) 33
[15:54:25.286]: (0.0, 1.2, 1.2) 33
[15:54:25.307]: (0.0, 1.2, 1.2) 33
[15:54:25.330]: (0.0, 1.2, 1.2) 33
[15:54:25.353]: (0.0, 1.2, 1.2) 33
[15:54:25.374]: (0.0, 1.2, 1.2) 33
[15:54:25.399]: (0.0, 1.2, 1.2) 33
[15:54:25.421]: (0.0, 1.2, 1.2) 33
[15:54:25.497]: (0.0, 1.2, 1.2) 33
[15:54:25.516]: (0.0, 1.2, 1.2) 33
[15:54:25.534]: (0.0, 1.2, 1.2) 33
[15:54:25.551]: (0.0, 1.2, 1.2) 33
[15:54:25.686]: (0.1, 1.2, 1.2) 33
[15:54:25.704]: (0.0, 1.2, 1.2) 33
[15:54:25.722]: (0.0, 1.2, 1.2) 33
[15:54:25.740]: (0.0, 1.2, 1.2) 33
[15:54:25.763]: (0.0, 1.2, 1.2) 33
[15:54:25.782]: (0.0, 1.2, 1.2) 33
[15:54:25.802]: (0.0, 1.2, 1.2) 33
[15:54:25.818]: (0.0, 1.2, 1.2) 33
[15:54:25.836]: (0.0, 1.2, 1.2) 33
[15:54:25.856]: (0.0, 1.2, 1.2) 33
[15:54:25.876]: (0.0, 1.2, 1.2) 33
[15:54:25.894]: (0.0, 1.2, 1.2) 33
[15:54:25.911]: (0.0, 1.2, 1.2) 33
[15:54:25.927]: (0.0, 1.2, 1.2) 33
[15:54:25.944]: (0.0, 1.2, 1.2) 33
[15:54:25.961]: (0.0, 1.2, 1.2) 33
[15:54:25.979]: (0.1, 1.2, 1.2) 33
[15:54:26.001]: (0.1, 1.2, 1.5) 35
[15:54:26.022]: (0.1, 1.2, 1.4) 35
[15:54:26.039]: (0.1, 1.2, 1.4) 35
[15:54:26.064]: (0.1, 1.2, 1.4) 35
[15:54:26.084]: (0.1, 1.2, 1.2) 33
[15:54:26.112]: (0.1, 1.2, 1.2) 33
