[15:43:50.352]: (-0.8, -0.8, 0.0) 2
[15:43:50.374]: (-0.8, -0.8, 0.0) 2
[15:43:50.394]: (-0.8, -0.8, 0.0) 2
[15:43:50.573]: (-1.0, -0.7, 0.0) 1
[15:43:50.661]: (-1.0, -0.7, 0.0) 1
[15:43:50.684]: (-1.0, -0.7, 0.0) 1
[15:43:50.727]: (-1.0, -0.6, 0.0) 1
[15:43:50.751]: (-1.0, -0.6, 0.0) 1
[15:43:50.766]: (-1.0, -0.7, 0.0) 1
[15:43:50.783]: (-1.0, -0.7, 0.0) 1
[15:43:50.800]: (-1.0, -0.6, 0.0) 1
[15:43:50.815]: (-1.0, -0.6, 0.0) 1
[15:43:50.832]: (-1.0, -0.6, 0.0) 1
[15:43:50.851]: (-1.0, -0.6, 0.0) 1
[15:43:50.866]: (-1.0, -0.6, 0.0) 1
[15:43:50.882]: (-1.0, -0.7, 0.0) 1
[15:43:50.899]: (-1.0, -0.6, 0.0) 1
[15:43:50.918]: (-1.0, -0.6, 0.0) 1
[15:43:50.933]: (-1.0, -0.7, 0.0) 1
[15:43:50.952]: (-1.1, -0.7, 0.0) 1
[15:43:51.676]: (-0.4, 0.7, 1.5) 1
[15:43:51.709]: (-0.3, 0.8, 1.5) 1
[15:43:51.742]: (-0.3, 0.9, 1.5) 1
[15:43:51.775]: (-0.3, 1.0, 1.5) 1
[15:43:51.810]: (-0.3, 1.1, 1.6) 1
[15:43:51.841]: (-0.3, 1.1, 1.6) 1
[15:43:51.975]: (0.0, 1.5, 1.7) 0
[15:43:52.008]: (0.0, 1.6, 1.7) 0
[15:43:52.032]: (0.0, 1.6, 1.7) 0
[15:43:52.053]: (0.0, 1.7, 1.6) 0
[15:43:52.209]: (-0.1, 1.9, 1.4) 1
[15:43:52.230]: (-0.1, 1.9, 1.4) 1
[15:43:52.253]: (-0.1, 2.0, 1.4) 1
[15:43:52.275]: (0.0, 2.0, 1.3) 1
[15:43:52.297]: (0.0, 2.0, 1.3) 1
[15:43:52.318]: (0.0, 2.1, 1.3) 1
[15:43:52.768]: (-0.1, 1.9, 1.4) 1
[15:43:52.795]: (0.0, 1.9, 1.4) 1
[15:43:52.817]: (0.0, 1.9, 1.5) 0
[15:43:52.837]: (0.0, 1.9, 1.5) 0
[15:43:52.853]: (0.0, 1.9, 1.5) 0
[15:43:52.871]: (0.0, 1.9, 1.5) 0
[15:43:52.896]: (0.0, 1.9, 1.5) 0
[15:43:52.920]: (0.0, 1.9, 1.5) 0
[15:43:52.936]: (0.0, 1.9, 1.5) 0
[15:43:52.960]: (0.0, 1.9, 1.5) 0
[15:43:53.294]: (0.0, 1.9, 1.4) 1
[15:43:53.310]: (0.0, 1.9, 1.4) 1
[15:43:53.327]: (0.0, 1.9, 1.4) 1
[15:43:53.343]: (0.0, 1.9, 1.4) 1
[15:43:53.360]: (0.0, 1.9, 1.4) 1
[15:43:53.379]: (0.0, 1.9, 1.4) 1
[15:43:53.396]: (0.0, 1.9, 1.4) 1
[15:43:53.413]: (0.0, 1.9, 1.4) 1
[15:43:53.478]: (0.0, 1.9, 1.4) 1
[15:43:53.497]: (0.0, 1.9, 1.4) 1
[15:43:53.513]: (0.0, 1.9, 1.4) 1
[15:43:53.546]: (-0.1, 1.9, 1.4) 1
[15:43:53.563]: (-0.1, 1.9, 1.4) 1
[15:43:53.581]: (-0.1, 1.9, 1.4) 1
[15:43:53.598]: (-0.1, 1.9, 1.4) 1
[15:43:53.616]: (-0.1, 1.9, 1.4) 1
[15:43:53.632]: (-0.1, 1.9, 1.4) 1
[15:43:53.652]: (-0.1, 1.9, 1.4) 1
[15:43:53.676]: (-0.1, 1.9, 1.4) 1
[15:43:53.699]: (-0.1, 1.9, 1.4) 1
[15:43:53.721]: (-0.1, 1.9, 1.4) 1
[15:43:53.744]: (-0.1, 1.9, 1.4) 1
[15:43:53.768]: (-0.1, 1.9, 1.4) 1
[15:43:53.790]: (-0.1, 1.9, 1.4) 1
[15:43:54.032]: (-0.2, 1.9, 1.3) 1
[15:43:54.063]: (-0.1, 1.9, 1.3) 1
[15:43:54.096]: (-0.2, 1.9, 1.3) 1
[15:43:54.132]: (-0.1, 1.9, 1.3) 1
[15:43:54.163]: (-0.2, 1.9, 1.4) 1
[15:43:54.199]: (-0.1, 1.9, 1.4) 0
[15:43:54.230]: (-0.1, 1.9, 1.4) 0
[15:43:54.263]: (-0.1, 1.9, 1.4) 0
[15:43:54.298]: (-0.1, 1.9, 1.4) 0
[15:43:54.330]: (-0.1, 1.9, 1.3) 1
[15:43:54.364]: (-0.1, 1.9, 1.3) 1
[15:43:54.397]: (-0.1, 1.9, 1.3) 1
[15:43:54.429]: (-0.1, 1.9, 1.3) 1
[15:43:54.593]: (-0.1, 1.9, 1.5) 0
[15:43:54.660]: (-0.1, 1.9, 1.5) 0
[15:43:54.682]: (-0.1, 1.9, 1.5) 0
[15:43:54.704]: (-0.1, 1.9, 1.5) 0
[15:43:54.726]: (-0.1, 1.9, 1.5) 0
[15:43:54.749]: (-0.1, 1.9, 1.5) 0
[15:43:54.815]: (-0.1, 1.8, 1.3) 1
[15:43:55.152]: (0.0, 2.1, 1.2) 1
[15:43:55.173]: (0.0, 2.1, 1.1) 1
[15:43:55.197]: (0.0, 2.1, 1.2) 1
[15:43:55.218]: (0.0, 2.2, 1.3) 0
[15:43:55.240]: (0.0, 2.2, 1.3) 0
[15:43:55.263]: (0.0, 2.2, 1.3) 0
[15:43:55.286]: (0.0, 2.2, 1.3) 0
[15:43:55.796]: (0.0, 2.2, 1.2) 0
[15:43:55.818]: (0.0, 2.2, 1.2) 0
[15:43:55.841]: (0.0, 2.2, 1.2) 0
[15:43:55.863]: (0.0, 2.2, 1.2) 0
[15:43:55.885]: (0.0, 2.2, 1.2) 0
[15:43:55.907]: (0.0, 2.2, 1.2) 0
[15:43:55.925]: (0.0, 2.2, 1.2) 0
[15:43:55.942]: (0.0, 2.2, 1.2) 0
[15:43:55.959]: (0.0, 2.2, 1.2) 0
[15:43:55.977]: (0.0, 2.2, 1.2) 0
[15:43:55.995]: (0.0, 2.2, 1.2) 0
[15:43:56.011]: (0.0, 2.2, 1.2) 0
[15:43:56.030]: (0.0, 2.3, 1.2) 0
[15:43:56.207]: (0.0, 2.2, 1.0) 1
[15:43:56.229]: (0.0, 2.2, 1.0) 1
[15:43:56.251]: (0.0, 2.2, 1.0) 1
[15:43:56.272]: (0.0, 2.2, 1.0) 1
[15:43:56.295]: (0.0, 2.2, 1.0) 1
[15:43:56.317]: (0.0, 2.2, 1.0) 1
[15:43:56.337]: (0.0, 2.2, 1.0) 1
[15:43:56.361]: (0.0, 2.2, 1.0) 1
[15:43:56.441]: (0.0, 2.2, 1.0) 1
[15:43:56.619]: (0.0, 2.2, 1.1) 0
[15:43:56.641]: (0.1, 2.1, 1.1) 0
[15:43:56.662]: (0.1, 2.1, 1.1) 0
[15:43:56.687]: (0.0, 2.1, 1.1) 0
[15:43:56.710]: (0.0, 2.1, 1.1) 0
[15:43:56.731]: (0.0, 2.1, 1.1) 0
[15:43:56.747]: (0.0, 2.2, 1.2) 0
[15:43:56.769]: (-0.1, 2.1, 1.0) 1
[15:43:56.792]: (-0.1, 2.2, 1.0) 1
[15:43:56.813]: (-0.1, 2.1, 1.0) 1
[15:43:56.837]: (-0.1, 2.1, 1.0) 1
[15:43:56.858]: (-0.1, 2.1, 1.0) 1
[15:43:56.879]: (-0.1, 2.1, 1.0) 1
[15:43:56.902]: (-0.1, 2.1, 1.0) 1
[15:43:56.924]: (-0.1, 2.1, 1.0) 1
[15:43:56.941]: (-0.1, 2.1, 1.0) 1
[15:43:56.957]: (-0.1, 2.1, 1.0) 1
[15:43:56.973]: (-0.1, 2.1, 1.0) 1
[15:43:56.992]: (-0.1, 2.1, 1.0) 1
[15:43:57.008]: (-0.1, 2.1, 1.0) 1
[15:43:57.025]: (0.0, 2.2, 1.1) 0
[15:43:57.298]: (-0.8, 2.8, 1.8) 4
[15:43:57.314]: (-0.8, 2.8, 1.8) 5
[15:43:57.330]: (-1.1, 3.3, 2.3) 10
[15:43:57.347]: (-1.1, 3.3, 2.3) 10
[15:43:57.368]: (-0.9, 2.8, 1.7) 5
[15:43:57.414]: (-0.9, 2.8, 1.8) 5
[15:43:57.436]: (-0.9, 2.8, 1.8) 5
[15:43:57.834]: (-0.7, 2.8, 1.7) 5
[15:43:57.856]: (-0.7, 2.8, 1.7) 5
[15:43:57.877]: (-0.6, 2.8, 1.7) 4
[15:43:58.286]: (-0.1, 2.0, 1.0) 1
[15:43:58.347]: (-0.1, 2.0, 1.0) 1
[15:43:58.364]: (-0.1, 2.0, 1.0) 1
[15:43:58.381]: (-0.1, 2.0, 1.0) 1
[15:43:58.402]: (-0.1, 2.0, 1.0) 1
[15:43:58.424]: (-0.1, 2.0, 1.0) 1
[15:43:58.446]: (-0.1, 2.0, 1.0) 1
[15:43:58.579]: (-0.8, 2.6, 1.8) 4
[15:43:58.679]: (-0.8, 2.6, 1.8) 4
[15:43:58.698]: (-0.8, 2.6, 1.8) 5
[15:43:59.351]: (-0.6, 2.7, 1.6) 4
[15:43:59.451]: (-0.8, 2.6, 1.6) 4
[15:43:59.482]: (-0.8, 2.6, 1.7) 4
[15:43:59.513]: (-0.8, 2.6, 1.7) 4
[15:43:59.680]: (-0.8, 2.6, 1.7) 4
[15:43:59.703]: (-0.8, 2.6, 1.7) 4
[15:44:00.529]: (0.4, 2.6, 1.0) 6
[15:44:00.552]: (0.4, 2.5, 1.0) 6
[15:44:00.574]: (0.4, 2.5, 1.0) 6
[15:44:00.599]: (0.4, 2.5, 1.1) 6
[15:44:00.619]: (0.4, 2.5, 1.1) 6
[15:44:00.642]: (0.4, 2.5, 1.1) 6
[15:44:00.665]: (0.4, 2.5, 1.0) 6
[15:44:00.687]: (0.3, 2.5, 1.1) 6
[15:44:00.730]: (0.3, 2.5, 1.1) 6
[15:44:00.752]: (0.3, 2.5, 1.1) 6
[15:44:00.774]: (0.3, 2.5, 1.1) 6
[15:44:00.800]: (0.3, 2.5, 1.1) 6
[15:44:00.821]: (0.3, 2.5, 1.1) 6
[15:44:00.843]: (0.3, 2.5, 1.1) 6
[15:44:01.096]: (-0.9, 2.4, 1.6) 4
[15:44:01.113]: (-0.9, 2.4, 1.6) 4
[15:44:01.130]: (-1.0, 2.4, 1.6) 4
[15:44:01.147]: (-1.0, 2.4, 1.6) 4
[15:44:01.165]: (-1.0, 2.4, 1.6) 4
[15:44:01.183]: (-1.0, 2.4, 1.6) 4
[15:44:01.199]: (-1.0, 2.4, 1.6) 4
[15:44:01.216]: (-1.0, 2.4, 1.6) 4
[15:44:01.233]: (-1.0, 2.4, 1.6) 4
[15:44:01.256]: (-1.0, 2.4, 1.6) 4
[15:44:01.279]: (-1.0, 2.4, 1.6) 4
[15:44:01.301]: (-1.0, 2.4, 1.6) 4
[15:44:01.322]: (-1.0, 2.4, 1.6) 4
[15:44:01.346]: (-1.0, 2.4, 1.6) 5
[15:44:01.367]: (-1.0, 2.4, 1.6) 5
[15:44:01.705]: (-0.9, 2.4, 1.5) 4
[15:44:01.944]: (-0.9, 2.4, 1.6) 5
[15:44:01.965]: (-0.9, 2.3, 1.6) 5
[15:44:01.986]: (-0.9, 2.3, 1.5) 5
[15:44:02.008]: (-0.9, 2.3, 1.5) 5
[15:44:02.029]: (-0.9, 2.3, 1.6) 5
[15:44:02.189]: (-0.9, 2.3, 1.5) 5
[15:44:02.210]: (-0.9, 2.3, 1.5) 5
[15:44:02.231]: (-0.9, 2.3, 1.5) 5
[15:44:02.253]: (-0.9, 2.3, 1.5) 5
[15:44:02.274]: (-0.9, 2.3, 1.5) 5
[15:44:02.297]: (-0.9, 2.3, 1.5) 5
[15:44:02.319]: (-0.9, 2.3, 1.5) 5
[15:44:02.339]: (-0.9, 2.3, 1.5) 5
[15:44:02.361]: (-0.9, 2.3, 1.5) 5
[15:44:02.385]: (-0.9, 2.3, 1.5) 4
[15:44:02.512]: (-1.0, 2.3, 1.5) 5
[15:44:02.534]: (-1.2, 2.8, 1.9) 10
[15:44:02.579]: (-1.2, 2.8, 2.0) 10
[15:44:02.600]: (-1.2, 2.8, 1.9) 10
[15:44:02.622]: (-1.3, 2.8, 1.9) 10
[15:44:02.646]: (-1.2, 2.8, 1.9) 10
[15:44:02.667]: (-1.3, 2.8, 1.9) 10
[15:44:02.691]: (-1.3, 2.8, 1.9) 10
[15:44:02.712]: (-1.3, 2.8, 1.9) 10
[15:44:02.978]: (-1.2, 2.9, 1.9) 10
[15:44:02.996]: (-1.2, 2.8, 1.9) 10
[15:44:03.013]: (-1.2, 2.9, 1.9) 10
[15:44:03.030]: (-1.2, 2.9, 1.9) 10
[15:44:03.046]: (-1.2, 2.9, 1.9) 10
[15:44:03.065]: (-1.2, 2.9, 1.9) 10
[15:44:03.100]: (-1.2, 2.9, 1.9) 10
[15:44:03.117]: (-1.2, 2.8, 1.9) 10
[15:44:03.135]: (-1.2, 2.8, 1.9) 10
[15:44:03.152]: (-1.2, 2.9, 1.9) 10
[15:44:03.170]: (-1.2, 2.8, 1.9) 10
[15:44:03.194]: (-1.2, 2.8, 1.9) 10
[15:44:03.216]: (-1.2, 2.8, 1.9) 10
[15:44:03.238]: (-1.2, 2.8, 1.9) 10
[15:44:03.261]: (-1.2, 2.9, 1.9) 10
[15:44:03.304]: (-1.2, 2.9, 1.9) 9
[15:44:03.761]: (-0.1, 1.7, 0.8) 0
[15:44:03.828]: (-0.1, 1.7, 0.8) 0
[15:44:03.990]: (-0.1, 1.7, 0.8) 0
[15:44:04.023]: (0.0, 1.7, 0.7) 0
[15:44:04.044]: (0.0, 1.7, 0.7) 0
[15:44:04.067]: (0.0, 1.7, 0.8) 0
[15:44:04.089]: (0.0, 1.7, 0.7) 0
[15:44:04.112]: (0.0, 1.7, 0.8) 0
[15:44:04.133]: (0.0, 1.7, 0.8) 0
[15:44:04.156]: (0.0, 1.7, 0.8) 0
[15:44:04.179]: (0.0, 1.7, 0.8) 0
[15:44:04.200]: (-0.1, 1.7, 0.8) 0
[15:44:04.445]: (-0.1, 1.7, 0.8) 0
[15:44:04.467]: (-0.1, 1.7, 0.8) 0
[15:44:04.490]: (-0.1, 1.7, 0.8) 0
[15:44:04.512]: (-0.1, 1.7, 0.8) 0
[15:44:04.532]: (-0.1, 1.7, 0.8) 0
[15:44:04.578]: (-0.1, 1.7, 0.8) 0
[15:44:04.599]: (-0.1, 1.7, 0.8) 0
[15:44:04.623]: (-0.1, 1.7, 0.8) 0
[15:44:04.939]: (-0.9, 2.2, 1.5) 5
[15:44:04.962]: (-0.9, 2.2, 1.5) 5
[15:44:05.028]: (-1.0, 2.2, 1.5) 5
[15:44:05.050]: (-0.9, 2.2, 1.5) 5
[15:44:05.071]: (-0.9, 2.2, 1.5) 5
[15:44:05.098]: (-1.0, 2.2, 1.5) 3
[15:44:05.116]: (-1.0, 2.2, 1.5) 3
[15:44:05.160]: (-1.0, 2.2, 1.5) 3
[15:44:05.269]: (-1.0, 2.2, 1.5) 3
[15:44:05.302]: (-1.0, 2.2, 1.5) 5
[15:44:05.321]: (-1.0, 2.2, 1.5) 5
[15:44:05.339]: (-1.0, 2.2, 1.5) 5
[15:44:05.357]: (-1.0, 2.2, 1.4) 5
[15:44:05.375]: (-1.0, 2.2, 1.4) 5
[15:44:05.396]: (-1.0, 2.2, 1.4) 5
[15:44:05.415]: (-1.0, 2.2, 1.5) 5
[15:44:05.496]: (-1.0, 2.2, 1.5) 3
[15:44:05.513]: (-1.0, 2.2, 1.5) 3
[15:44:05.531]: (-1.0, 2.2, 1.5) 3
[15:44:05.548]: (-1.0, 2.2, 1.5) 3
[15:44:05.567]: (-1.0, 2.2, 1.5) 3
[15:44:05.585]: (-1.0, 2.2, 1.5) 3
[15:44:05.603]: (-1.0, 2.2, 1.5) 3
[15:44:05.620]: (-1.0, 2.2, 1.5) 3
[15:44:05.636]: (-1.0, 2.2, 1.5) 3
[15:44:05.654]: (-0.9, 2.2, 1.4) 5
[15:44:06.069]: (-1.0, 2.2, 1.4) 5
[15:44:06.090]: (-1.0, 2.2, 1.4) 5
[15:44:06.112]: (-1.0, 2.2, 1.4) 5
[15:44:06.134]: (-1.0, 2.2, 1.4) 5
[15:44:06.155]: (-1.0, 2.2, 1.4) 5
[15:44:06.179]: (-1.0, 2.2, 1.4) 5
[15:44:06.200]: (-1.0, 2.2, 1.4) 5
[15:44:06.222]: (-1.0, 2.2, 1.4) 5
[15:44:06.238]: (-1.0, 2.2, 1.4) 5
[15:44:06.256]: (-1.0, 2.2, 1.4) 5
[15:44:06.271]: (-1.0, 2.2, 1.4) 5
[15:44:06.288]: (-1.0, 2.2, 1.4) 5
[15:44:06.304]: (-1.0, 2.2, 1.4) 5
[15:44:06.320]: (-1.0, 2.2, 1.4) 5
[15:44:06.336]: (-1.0, 2.2, 1.4) 5
[15:44:06.352]: (-1.0, 2.2, 1.4) 5
[15:44:06.367]: (-1.0, 2.2, 1.4) 5
[15:44:06.386]: (-1.0, 2.2, 1.4) 5
[15:44:06.402]: (-1.0, 2.2, 1.4) 5
[15:44:07.512]: (-1.2, 2.8, 1.9) 10
[15:44:07.666]: (-1.1, 2.8, 1.8) 10
[15:44:07.690]: (-1.2, 2.8, 1.8) 10
[15:44:07.710]: (-1.1, 2.8, 1.8) 10
[15:44:07.732]: (-1.1, 2.8, 1.8) 10
[15:44:07.754]: (-1.2, 2.8, 1.8) 10
[15:44:07.777]: (-1.2, 2.8, 1.9) 10
[15:44:07.799]: (-1.2, 2.8, 1.8) 10
[15:44:07.843]: (-1.2, 2.8, 1.8) 10
[15:44:07.865]: (-1.2, 2.8, 1.8) 10
[15:44:07.888]: (-1.2, 2.8, 1.8) 10
[15:44:07.910]: (-1.2, 2.8, 1.8) 10
[15:44:07.948]: (-1.1, 2.8, 1.8) 10
[15:44:07.965]: (-1.2, 2.8, 1.8) 10
[15:44:07.981]: (-1.2, 2.8, 1.8) 10
[15:44:07.999]: (-1.2, 2.8, 1.8) 10
[15:44:08.016]: (-1.2, 2.8, 1.8) 10
[15:44:08.033]: (-1.2, 2.8, 1.8) 10
[15:44:08.050]: (-1.2, 2.8, 1.8) 10
[15:44:08.067]: (-1.1, 2.8, 1.8) 10
[15:44:08.085]: (-1.2, 2.8, 1.8) 10
[15:44:08.102]: (-1.2, 2.8, 1.8) 10
[15:44:08.120]: (-1.2, 2.8, 1.8) 10
[15:44:08.136]: (-1.2, 2.8, 1.8) 10
[15:44:08.152]: (-1.2, 2.8, 1.8) 10
[15:44:08.168]: (-1.1, 2.8, 1.8) 10
[15:44:08.184]: (-1.1, 2.8, 1.8) 10
[15:44:08.454]: (-0.1, 1.6, 0.8) 1
[15:44:08.521]: (0.0, 1.7, 0.8) 0
[15:44:08.542]: (0.0, 1.7, 0.8) 0
[15:44:08.565]: (0.0, 1.7, 0.8) 0
[15:44:08.588]: (0.0, 1.7, 0.7) 0
[15:44:08.610]: (0.0, 1.7, 0.7) 0
[15:44:08.631]: (0.0, 1.7, 0.8) 0
[15:44:08.654]: (0.0, 1.7, 0.8) 0
[15:44:08.676]: (0.0, 1.7, 0.8) 0
[15:44:08.699]: (0.0, 1.7, 0.8) 0
[15:44:08.721]: (0.0, 1.7, 0.8) 0
[15:44:08.743]: (0.0, 1.7, 0.8) 0
[15:44:08.765]: (0.0, 1.7, 0.8) 0
[15:44:08.819]: (0.0, 1.6, 0.8) 0
[15:44:08.836]: (0.0, 1.7, 0.8) 0
[15:44:08.852]: (0.0, 1.6, 0.8) 0
[15:44:08.868]: (0.0, 1.7, 0.8) 0
[15:44:08.886]: (0.0, 1.7, 0.8) 0
[15:44:10.547]: (-1.2, 2.8, 1.9) 10
[15:44:10.759]: (-1.2, 2.8, 1.8) 10
[15:44:10.776]: (-1.2, 2.8, 1.8) 10
[15:44:10.793]: (-1.2, 2.8, 1.8) 10
[15:44:10.810]: (-1.2, 2.8, 1.8) 10
[15:44:10.827]: (-1.2, 2.8, 1.8) 10
[15:44:10.845]: (-1.2, 2.9, 1.8) 10
[15:44:10.863]: (-1.2, 2.8, 1.8) 10
[15:44:10.879]: (-1.2, 2.8, 1.8) 10
[15:44:10.896]: (-1.2, 2.8, 1.8) 10
[15:44:10.913]: (-1.2, 2.8, 1.8) 10
[15:44:10.931]: (-1.2, 2.8, 1.8) 10
[15:44:11.031]: (-1.2, 2.8, 1.8) 10
[15:44:11.075]: (-1.2, 2.9, 1.8) 10
[15:44:11.099]: (-1.2, 2.8, 1.8) 10
[15:44:11.119]: (-1.1, 2.8, 1.8) 10
[15:44:11.142]: (-1.2, 2.8, 1.8) 10
[15:44:11.164]: (-1.2, 2.8, 1.8) 10
[15:44:11.189]: (-1.2, 2.8, 1.8) 10
[15:44:11.208]: (-1.2, 2.8, 1.8) 10
[15:44:11.231]: (-1.2, 2.8, 1.8) 10
[15:44:11.254]: (-1.2, 2.8, 1.8) 10
[15:44:11.278]: (-1.2, 2.8, 1.8) 10
[15:44:11.302]: (-1.2, 2.8, 1.8) 10
[15:44:11.322]: (-1.2, 2.8, 1.8) 10
[15:44:11.345]: (-1.2, 2.8, 1.8) 10
[15:44:11.367]: (-1.2, 2.8, 1.8) 10
[15:44:11.388]: (-1.2, 2.8, 1.8) 10
[15:44:11.411]: (-1.2, 2.8, 1.8) 10
[15:44:11.434]: (-1.2, 2.8, 1.8) 10
[15:44:11.990]: (-0.7, 2.6, 2.0) 10
[15:44:12.009]: (-0.7, 2.6, 2.0) 10
[15:44:12.042]: (-0.7, 2.6, 2.0) 10
[15:44:12.075]: (-0.7, 2.6, 1.9) 10
[15:44:12.109]: (-0.6, 2.6, 2.0) 10
[15:44:12.142]: (-0.6, 2.6, 2.0) 10
[15:44:12.175]: (-0.6, 2.6, 2.0) 10
[15:44:12.208]: (-0.6, 2.6, 1.9) 10
[15:44:12.243]: (-0.7, 2.6, 1.9) 10
[15:44:12.275]: (-0.6, 2.6, 1.9) 10
[15:44:12.309]: (-0.6, 2.6, 2.0) 10
[15:44:12.342]: (-0.6, 2.6, 2.0) 10
[15:44:12.377]: (-0.6, 2.6, 2.0) 10
[15:44:12.408]: (-0.6, 2.6, 2.0) 10
[15:44:12.442]: (-0.7, 2.6, 1.9) 10
[15:44:12.475]: (-0.6, 2.6, 2.0) 10
[15:44:12.508]: (-0.7, 2.6, 2.0) 10
[15:44:12.542]: (-0.7, 2.6, 2.0) 10
[15:44:12.575]: (-0.7, 2.6, 2.0) 10
[15:44:12.608]: (-0.7, 2.6, 2.0) 10
[15:44:12.778]: (-0.7, 2.6, 2.0) 10
[15:44:13.266]: (-0.8, 2.6, 1.7) 10
[15:44:13.288]: (-0.8, 2.6, 1.7) 10
[15:44:13.310]: (-0.8, 2.6, 1.7) 10
[15:44:13.442]: (-0.8, 2.6, 1.7) 10
[15:44:13.465]: (-0.8, 2.6, 1.7) 10
[15:44:13.488]: (-0.8, 2.5, 1.7) 10
[15:44:13.511]: (-0.8, 2.5, 1.7) 10
[15:44:13.531]: (-0.8, 2.5, 1.7) 10
[15:44:13.553]: (-0.8, 2.5, 1.7) 10
[15:44:13.577]: (-0.8, 2.5, 1.7) 10
[15:44:13.599]: (-0.8, 2.5, 1.7) 10
[15:44:13.621]: (-0.7, 2.5, 1.7) 10
[15:44:13.644]: (-0.7, 2.5, 1.7) 10
[15:44:13.665]: (-0.7, 2.5, 1.7) 10
[15:44:13.687]: (-0.7, 2.5, 1.7) 10
[15:44:13.710]: (-0.7, 2.5, 1.7) 10
[15:44:13.732]: (-0.7, 2.5, 1.7) 10
[15:44:13.755]: (-0.7, 2.5, 1.7) 10
[15:44:13.776]: (-0.7, 2.5, 1.7) 10
[15:44:13.799]: (-0.7, 2.5, 1.7) 10
[15:44:13.820]: (-0.8, 2.5, 1.7) 10
[15:44:13.843]: (-0.8, 2.5, 1.7) 10
[15:44:13.865]: (-0.8, 2.5, 1.7) 10
[15:44:13.887]: (-0.8, 2.5, 1.7) 10
[15:44:13.909]: (-0.8, 2.5, 1.7) 10
[15:44:13.932]: (-0.7, 2.6, 1.7) 10
[15:44:13.954]: (-0.7, 2.5, 1.7) 10
[15:44:13.981]: (-0.7, 2.5, 1.7) 10
[15:44:14.003]: (-0.7, 2.5, 1.7) 10
[15:44:14.516]: (-0.6, 2.5, 1.7) 10
[15:44:14.533]: (-0.6, 2.5, 1.7) 10
[15:44:14.549]: (-0.6, 2.5, 1.7) 10
[15:44:14.565]: (-0.6, 2.5, 1.7) 10
[15:44:14.583]: (-0.6, 2.5, 1.7) 10
[15:44:14.600]: (-0.6, 2.5, 1.7) 10
[15:44:14.617]: (-0.5, 2.5, 1.7) 10
[15:44:14.640]: (-0.5, 2.5, 1.7) 10
[15:44:14.663]: (-0.5, 2.5, 1.7) 10
[15:44:14.685]: (-0.5, 2.5, 1.7) 10
[15:44:14.707]: (-0.5, 2.5, 1.7) 10
[15:44:14.728]: (-0.5, 2.5, 1.7) 10
[15:44:14.751]: (-0.5, 2.5, 1.7) 10
[15:44:14.774]: (-0.5, 2.5, 1.7) 10
[15:44:14.797]: (-0.5, 2.5, 1.7) 10
[15:44:14.817]: (-0.5, 2.5, 1.7) 10
[15:44:14.841]: (-0.5, 2.5, 1.7) 10
[15:44:14.862]: (-0.5, 2.5, 1.7) 10
[15:44:14.883]: (-0.5, 2.5, 1.7) 10
[15:44:14.908]: (-0.5, 2.5, 1.7) 10
[15:44:14.930]: (-0.5, 2.5, 1.7) 10
[15:44:14.950]: (-0.6, 2.5, 1.7) 10
[15:44:14.973]: (-0.6, 2.5, 1.7) 10
[15:44:14.996]: (-0.6, 2.5, 1.7) 10
[15:44:15.017]: (-0.6, 2.5, 1.7) 10
[15:44:15.040]: (-0.6, 2.5, 1.7) 10
[15:44:15.057]: (-0.6, 2.5, 1.7) 10
[15:44:15.074]: (-0.6, 2.5, 1.7) 10
[15:44:15.093]: (-0.6, 2.5, 1.7) 10
[15:44:15.110]: (-0.6, 2.5, 1.7) 10
[15:44:15.127]: (-0.6, 2.5, 1.7) 10
[15:44:15.143]: (-0.6, 2.5, 1.7) 10
[15:44:15.159]: (-0.6, 2.5, 1.7) 10
[15:44:15.177]: (-0.6, 2.5, 1.7) 10
[15:44:15.193]: (-0.6, 2.5, 1.7) 10
[15:44:15.210]: (-0.6, 2.5, 1.7) 10
[15:44:15.227]: (-0.6, 2.5, 1.7) 10
[15:44:15.243]: (-0.6, 2.5, 1.7) 10
[15:44:15.260]: (-0.6, 2.5, 1.7) 10
[15:44:15.277]: (-0.6, 2.5, 1.7) 10
[15:44:15.294]: (-0.5, 2.5, 1.7) 10
[15:44:15.310]: (-0.5, 2.5, 1.7) 10
[15:44:15.327]: (-0.5, 2.5, 1.7) 10
[15:44:15.343]: (-0.5, 2.5, 1.7) 10
[15:44:15.361]: (-0.5, 2.5, 1.7) 10
[15:44:15.378]: (-0.5, 2.5, 1.7) 10
[15:44:15.395]: (-0.5, 2.5, 1.7) 10
[15:44:15.411]: (-0.5, 2.5, 1.7) 10
[15:44:15.428]: (-0.5, 2.5, 1.7) 10
[15:44:15.444]: (-0.5, 2.5, 1.7) 10
[15:44:15.461]: (-0.5, 2.5, 1.7) 10
[15:44:15.477]: (-0.5, 2.5, 1.7) 10
[15:44:15.494]: (-0.5, 2.5, 1.7) 10
[15:44:15.529]: (-0.5, 2.5, 1.7) 10
[15:44:15.550]: (-0.5, 2.5, 1.7) 10
[15:44:15.572]: (-0.5, 2.5, 1.7) 10
[15:44:15.750]: (-0.5, 2.5, 1.7) 10
[15:44:15.772]: (-0.5, 2.5, 1.7) 10
[15:44:15.796]: (-0.5, 2.5, 1.7) 10
[15:44:15.817]: (-0.6, 2.5, 1.7) 10
[15:44:16.102]: (-0.6, 2.5, 1.7) 10
[15:44:16.120]: (-0.6, 2.5, 1.7) 10
[15:44:16.137]: (-0.6, 2.5, 1.7) 10
[15:44:16.153]: (-0.6, 2.5, 1.7) 10
[15:44:16.170]: (-0.6, 2.5, 1.7) 10
[15:44:16.188]: (-0.6, 2.5, 1.7) 10
[15:44:16.208]: (-0.6, 2.5, 1.7) 10
[15:44:16.228]: (-0.6, 2.5, 1.7) 10
[15:44:16.245]: (-0.6, 2.5, 1.7) 10
[15:44:16.264]: (-0.6, 2.5, 1.7) 10
[15:44:16.283]: (-0.6, 2.5, 1.7) 10
[15:44:16.299]: (-0.6, 2.5, 1.7) 10
[15:44:16.317]: (-0.6, 2.5, 1.7) 10
[15:44:16.335]: (-0.6, 2.5, 1.7) 10
[15:44:16.352]: (-0.6, 2.5, 1.7) 10
[15:44:16.369]: (-0.6, 2.5, 1.7) 10
[15:44:16.386]: (-0.6, 2.5, 1.7) 10
[15:44:16.407]: (-0.6, 2.5, 1.7) 10
[15:44:16.429]: (-0.6, 2.5, 1.7) 10
[15:44:16.450]: (-0.6, 2.5, 1.7) 10
[15:44:16.473]: (-0.6, 2.5, 1.7) 10
