[15:50:05.354]: (-1.2, -1.3, 0.3) 17
[15:50:05.377]: (-1.3, -1.8, 0.4) 31
[15:50:05.613]: (-1.1, -1.3, 2.1) 36
[15:50:05.637]: (-0.8, -0.1, 1.1) 3
[15:50:05.658]: (-0.8, -0.1, 1.2) 3
[15:50:05.680]: (-0.7, 0.1, 1.2) 3
[15:50:06.036]: (-0.2, 1.1, 1.6) 3
[15:50:06.058]: (0.0, 1.1, 1.7) 2
[15:50:06.367]: (0.0, 1.0, 2.7) 20
[15:50:06.678]: (-0.1, 1.1, 1.8) 2
[15:50:06.698]: (-0.1, 1.1, 1.7) 2
[15:50:06.715]: (-0.1, 1.2, 1.5) 3
[15:50:06.991]: (0.1, 2.0, 1.3) 3
[15:50:07.170]: (0.1, 2.5, 1.5) 9
[15:50:07.192]: (0.1, 2.5, 1.5) 9
[15:50:07.214]: (0.1, 2.6, 1.5) 8
[15:50:07.238]: (0.2, 2.8, 1.9) 19
[15:50:07.262]: (0.2, 2.8, 1.9) 19
[15:50:07.286]: (0.2, 2.8, 1.9) 19
[15:50:07.303]: (0.2, 2.8, 1.9) 19
[15:50:07.322]: (0.1, 2.5, 1.5) 8
[15:50:07.340]: (0.1, 2.5, 1.5) 8
[15:50:07.355]: (0.1, 2.5, 1.5) 8
[15:50:07.372]: (0.1, 2.4, 1.5) 8
[15:50:07.394]: (0.1, 2.4, 1.6) 8
[15:50:07.416]: (0.1, 2.4, 1.6) 8
[15:50:07.434]: (0.1, 2.4, 1.6) 9
[15:50:07.450]: (0.1, 2.4, 1.6) 9
[15:50:07.467]: (0.0, 2.4, 1.6) 9
[15:50:08.113]: (0.0, 2.6, 1.5) 9
[15:50:08.136]: (0.0, 2.6, 1.5) 9
[15:50:08.403]: (-0.1, 2.5, 1.4) 8
[15:50:08.425]: (-0.1, 2.5, 1.3) 8
[15:50:08.448]: (-0.1, 2.5, 1.3) 8
[15:50:08.470]: (-0.1, 2.5, 1.3) 8
[15:50:08.492]: (-0.1, 2.4, 1.4) 9
[15:50:09.032]: (0.0, 2.3, 1.5) 9
[15:50:09.066]: (0.0, 2.3, 1.5) 9
[15:50:09.099]: (0.0, 2.3, 1.5) 9
[15:50:09.132]: (0.0, 2.3, 1.5) 9
[15:50:09.165]: (0.0, 2.3, 1.5) 9
[15:50:09.199]: (0.0, 2.3, 1.5) 9
[15:50:09.231]: (0.0, 2.3, 1.5) 9
[15:50:09.300]: (0.0, 2.3, 1.5) 9
[15:50:09.365]: (0.2, 2.6, 1.8) 19
[15:50:09.399]: (0.2, 2.6, 1.8) 19
[15:50:09.465]: (0.1, 2.4, 1.4) 8
[15:50:09.500]: (0.1, 2.4, 1.3) 8
[15:50:09.537]: (0.1, 2.4, 1.4) 9
[15:50:09.703]: (0.0, 2.5, 1.2) 10
[15:50:09.724]: (0.0, 2.5, 1.3) 10
[15:50:09.748]: (0.0, 2.5, 1.2) 10
[15:50:09.769]: (0.0, 2.5, 1.2) 10
[15:50:09.791]: (0.0, 2.5, 1.2) 10
[15:50:09.814]: (0.0, 2.5, 1.2) 10
[15:50:09.837]: (-0.1, 2.4, 1.2) 10
[15:50:09.857]: (-0.1, 2.4, 1.2) 10
[15:50:09.968]: (-0.1, 2.4, 1.2) 10
[15:50:09.991]: (-0.1, 2.4, 1.2) 8
[15:50:10.012]: (-0.1, 2.4, 1.2) 8
[15:50:11.002]: (-0.1, 2.4, 1.0) 8
[15:50:11.024]: (-0.1, 2.4, 1.0) 8
[15:50:11.049]: (-0.2, 2.4, 1.0) 8
[15:50:11.072]: (-0.2, 2.4, 1.0) 8
[15:50:11.094]: (-0.2, 2.4, 1.0) 8
[15:50:11.116]: (-0.2, 2.4, 1.0) 8
[15:50:11.139]: (-0.2, 2.4, 1.0) 8
[15:50:11.162]: (-0.2, 2.4, 1.0) 8
[15:50:11.184]: (-0.2, 2.4, 1.0) 10
[15:50:11.263]: (-0.2, 2.6, 1.4) 19
[15:50:12.193]: (-0.1, 2.3, 1.1) 10
[15:50:12.214]: (-0.1, 2.3, 1.1) 10
[15:50:12.236]: (-0.2, 2.2, 1.1) 8
[15:50:12.259]: (-0.2, 2.2, 1.0) 8
[15:50:12.281]: (-0.2, 2.2, 1.0) 8
[15:50:12.303]: (-0.2, 2.3, 1.1) 10
[15:50:12.325]: (-0.2, 2.3, 1.1) 10
[15:50:12.347]: (-0.1, 2.3, 1.1) 10
[15:50:12.372]: (-0.1, 2.3, 1.1) 10
[15:50:12.394]: (-0.2, 2.3, 1.1) 10
[15:50:13.333]: (-0.3, 2.6, 1.4) 20
[15:50:13.358]: (-0.3, 2.5, 1.3) 20
[15:50:13.381]: (-0.3, 2.6, 1.4) 20
[15:50:13.690]: (-0.1, 2.3, 0.9) 9
[15:50:13.712]: (-0.1, 2.3, 0.9) 9
[15:50:13.734]: (-0.1, 2.3, 0.9) 9
[15:50:14.094]: (-0.2, 2.2, 0.9) 8
[15:50:14.145]: (-0.2, 2.2, 0.9) 8
[15:50:14.188]: (-0.2, 2.2, 0.9) 9
[15:50:14.210]: (-0.2, 2.2, 0.9) 9
[15:50:14.231]: (-0.3, 2.2, 0.9) 9
[15:50:14.248]: (-0.3, 2.2, 0.9) 9
[15:50:14.264]: (-0.3, 2.2, 0.9) 9
[15:50:14.286]: (-0.3, 2.2, 0.9) 9
[15:50:14.307]: (-0.2, 2.2, 0.9) 9
[15:50:14.334]: (-0.2, 2.2, 0.9) 9
[15:50:14.355]: (-0.2, 2.2, 0.9) 9
[15:50:14.371]: (-0.2, 2.2, 0.9) 9
[15:50:14.388]: (-0.2, 2.2, 0.9) 9
[15:50:14.405]: (-0.3, 2.2, 0.9) 9
[15:50:14.423]: (-0.3, 2.2, 0.9) 9
[15:50:14.443]: (-0.3, 2.2, 0.9) 9
[15:50:14.461]: (-0.3, 2.2, 0.9) 9
[15:50:14.478]: (-0.3, 2.2, 0.9) 9
[15:50:14.495]: (-0.3, 2.2, 0.9) 9
[15:50:14.511]: (-0.3, 2.2, 0.9) 9
[15:50:14.527]: (-0.3, 2.2, 0.9) 9
[15:50:14.544]: (-0.3, 2.2, 0.9) 9
[15:50:14.560]: (-0.3, 2.2, 0.9) 9
[15:50:14.577]: (-0.3, 2.1, 0.9) 9
[15:50:14.593]: (-0.3, 2.1, 0.9) 9
[15:50:14.613]: (-0.2, 2.1, 0.9) 9
[15:50:14.629]: (-0.2, 2.1, 0.9) 8
[15:50:14.645]: (-0.2, 2.1, 0.9) 8
[15:50:14.663]: (-0.2, 2.1, 0.9) 8
[15:50:14.679]: (-0.2, 2.1, 0.9) 8
[15:50:14.697]: (-0.2, 2.1, 0.9) 8
[15:50:14.713]: (-0.2, 2.1, 0.9) 8
[15:50:14.731]: (-0.2, 2.1, 0.9) 8
[15:50:14.749]: (-0.2, 2.2, 0.9) 9
[15:50:14.767]: (-0.2, 2.1, 0.9) 9
[15:50:14.784]: (-0.3, 2.2, 0.9) 9
[15:50:14.801]: (-0.3, 2.2, 0.9) 9
[15:50:14.818]: (-0.3, 2.2, 0.9) 9
[15:50:14.841]: (-0.3, 2.2, 1.0) 9
[15:50:14.885]: (-0.8, 2.4, 1.2) 14
[15:50:15.255]: (-1.0, 2.4, 1.3) 13
[15:50:15.573]: (-1.4, 2.8, 1.4) 25
[15:50:15.590]: (-1.4, 2.8, 1.4) 25
[15:50:15.984]: (-0.6, 2.6, 1.1) 20
[15:50:16.006]: (-0.6, 2.6, 1.1) 20
[15:50:16.050]: (-0.5, 2.6, 1.1) 20
[15:50:16.110]: (-0.5, 3.1, 1.2) 36
[15:50:16.685]: (0.3, 2.2, 0.7) 18
[15:50:16.750]: (0.4, 2.2, 0.6) 18
[15:50:16.772]: (0.4, 2.2, 0.7) 18
[15:50:16.795]: (0.3, 2.2, 0.7) 18
[15:50:16.818]: (0.3, 2.2, 0.7) 18
[15:50:16.839]: (0.3, 2.2, 0.7) 18
[15:50:16.862]: (0.3, 2.2, 0.7) 18
[15:50:16.884]: (0.3, 2.2, 0.7) 18
[15:50:16.906]: (0.4, 2.2, 0.7) 18
[15:50:16.930]: (0.3, 2.2, 0.7) 18
[15:50:16.951]: (0.3, 2.2, 0.7) 18
[15:50:17.039]: (0.6, 2.3, 0.7) 16
[15:50:17.056]: (0.6, 2.3, 0.7) 16
[15:50:17.073]: (0.6, 2.3, 0.7) 16
[15:50:17.090]: (0.6, 2.3, 0.6) 16
[15:50:17.661]: (0.2, 2.3, 0.8) 17
[15:50:17.685]: (0.2, 2.3, 0.8) 17
[15:50:17.706]: (0.2, 2.3, 0.8) 17
[15:50:17.728]: (0.2, 2.3, 0.8) 17
[15:50:17.751]: (0.2, 2.3, 0.8) 17
[15:50:17.773]: (0.2, 2.3, 0.8) 17
[15:50:17.795]: (0.2, 2.3, 0.8) 17
[15:50:17.816]: (0.2, 2.3, 0.8) 17
[15:50:17.840]: (0.2, 2.3, 0.8) 17
[15:50:17.862]: (0.2, 2.3, 0.8) 17
[15:50:17.883]: (0.2, 2.3, 0.8) 17
[15:50:17.907]: (0.2, 2.3, 0.8) 17
[15:50:17.924]: (0.2, 2.3, 0.8) 17
[15:50:17.940]: (0.2, 2.3, 0.8) 17
[15:50:17.956]: (0.2, 2.3, 0.8) 17
[15:50:17.973]: (0.2, 2.3, 0.8) 17
[15:50:17.989]: (0.2, 2.3, 0.8) 17
[15:50:18.006]: (0.2, 2.3, 0.8) 17
[15:50:18.022]: (0.2, 2.3, 0.8) 17
[15:50:18.038]: (0.2, 2.3, 0.8) 17
[15:50:18.055]: (0.2, 2.3, 0.8) 17
[15:50:18.070]: (0.2, 2.3, 0.8) 17
[15:50:18.086]: (0.1, 2.3, 0.8) 17
[15:50:18.102]: (0.1, 2.3, 0.8) 17
[15:50:18.119]: (0.2, 2.3, 0.8) 17
[15:50:18.289]: (-0.2, 2.1, 0.9) 8
[15:50:18.685]: (-1.8, 2.2, 1.6) 22
[15:50:19.439]: (-1.6, 2.2, 1.4) 23
[15:50:20.137]: (-1.5, 2.4, 1.5) 21
[15:50:20.160]: (-1.5, 2.4, 1.5) 21
[15:50:20.249]: (-1.5, 2.4, 1.5) 21
[15:50:20.271]: (-1.5, 2.4, 1.5) 21
[15:50:20.294]: (-1.5, 2.4, 1.5) 21
[15:50:20.317]: (-1.5, 2.4, 1.5) 21
[15:50:20.338]: (-1.5, 2.4, 1.5) 21
[15:50:20.360]: (-1.5, 2.4, 1.5) 21
[15:50:20.382]: (-1.5, 2.4, 1.5) 21
[15:50:20.405]: (-1.5, 2.4, 1.5) 21
[15:50:20.427]: (-1.5, 2.4, 1.5) 21
[15:50:20.451]: (-1.5, 2.4, 1.5) 21
[15:50:20.472]: (-1.5, 2.4, 1.5) 21
[15:50:20.490]: (-1.5, 2.4, 1.5) 21
[15:50:20.508]: (-1.5, 2.4, 1.5) 21
[15:50:20.524]: (-1.5, 2.4, 1.5) 21
[15:50:20.540]: (-1.5, 2.4, 1.5) 21
[15:50:20.630]: (-1.5, 2.4, 1.5) 21
[15:50:20.646]: (-1.5, 2.4, 1.5) 21
[15:50:20.916]: (-0.6, 3.1, 1.2) 36
[15:50:21.138]: (-1.3, 2.8, 1.5) 25
[15:50:21.227]: (-1.3, 2.8, 1.5) 25
[15:50:21.249]: (-1.3, 2.8, 1.5) 25
[15:50:21.272]: (-1.3, 2.8, 1.4) 25
[15:50:21.293]: (-1.3, 2.8, 1.5) 25
[15:50:21.315]: (-1.3, 2.9, 1.5) 25
[15:50:21.332]: (-1.3, 2.8, 1.5) 25
[15:50:21.348]: (-1.3, 2.8, 1.5) 25
[15:50:21.517]: (-0.5, 2.6, 1.1) 20
[15:50:21.535]: (-0.5, 2.6, 1.1) 20
[15:50:21.551]: (-0.5, 2.6, 1.1) 20
[15:50:21.567]: (-0.5, 2.6, 1.1) 20
[15:50:21.585]: (-0.5, 2.6, 1.1) 20
[15:50:21.601]: (-0.5, 2.6, 1.1) 20
[15:50:21.618]: (-0.5, 2.6, 1.1) 20
[15:50:21.634]: (-0.5, 2.6, 1.1) 20
[15:50:21.871]: (0.2, 2.8, 1.0) 33
[15:50:21.893]: (0.2, 2.8, 0.9) 33
[15:50:21.916]: (0.3, 2.8, 0.8) 32
[15:50:21.937]: (0.3, 2.8, 0.8) 32
[15:50:21.959]: (0.3, 2.8, 0.8) 32
[15:50:21.984]: (0.3, 2.8, 0.8) 32
[15:50:22.004]: (0.3, 2.8, 0.8) 32
[15:50:22.026]: (0.3, 2.8, 0.9) 32
[15:50:22.093]: (0.3, 2.8, 0.8) 32
[15:50:22.116]: (0.3, 2.8, 0.8) 32
[15:50:22.159]: (0.7, 3.2, 0.7) 41
[15:50:22.220]: (0.7, 3.1, 0.7) 41
[15:50:22.238]: (0.7, 3.1, 0.7) 41
[15:50:22.301]: (0.7, 3.1, 0.7) 41
[15:50:22.365]: (0.7, 3.1, 0.7) 41
[15:50:22.472]: (0.7, 3.1, 0.7) 41
[15:50:22.503]: (0.7, 3.1, 0.7) 41
[15:50:22.521]: (0.7, 3.1, 0.7) 41
[15:50:22.539]: (0.7, 3.1, 0.7) 41
[15:50:22.556]: (0.8, 3.1, 0.7) 41
[15:50:22.572]: (0.8, 3.1, 0.6) 41
[15:50:22.704]: (0.8, 3.1, 0.7) 41
[15:50:22.726]: (0.8, 3.1, 0.6) 41
[15:50:22.749]: (0.8, 3.1, 0.6) 41
[15:50:22.770]: (0.8, 3.1, 0.6) 41
[15:50:22.793]: (0.8, 3.1, 0.6) 41
[15:50:22.818]: (0.8, 3.1, 0.6) 41
[15:50:22.837]: (0.8, 3.1, 0.6) 41
[15:50:22.859]: (0.8, 3.1, 0.7) 41
[15:50:22.905]: (0.8, 3.1, 0.7) 41
[15:50:22.926]: (0.7, 3.1, 0.7) 41
[15:50:22.949]: (0.7, 3.1, 0.7) 41
[15:50:22.970]: (0.7, 3.1, 0.7) 41
[15:50:22.992]: (0.7, 3.1, 0.7) 41
[15:50:23.015]: (0.7, 3.1, 0.7) 41
[15:50:23.039]: (0.7, 3.1, 0.7) 41
[15:50:23.059]: (0.7, 3.1, 0.7) 41
[15:50:23.082]: (0.7, 3.1, 0.7) 41
[15:50:23.100]: (0.7, 3.1, 0.7) 41
[15:50:23.117]: (0.7, 3.1, 0.7) 41
[15:50:23.133]: (0.7, 3.1, 0.7) 41
[15:50:23.150]: (0.7, 3.1, 0.7) 41
[15:50:23.167]: (0.7, 3.1, 0.7) 41
[15:50:23.184]: (0.7, 3.1, 0.7) 41
[15:50:23.201]: (0.7, 3.1, 0.7) 41
[15:50:23.218]: (0.7, 3.1, 0.7) 41
[15:50:23.235]: (0.7, 3.1, 0.7) 41
[15:50:23.252]: (0.7, 3.1, 0.7) 41
[15:50:23.849]: (0.7, 3.1, 0.7) 41
[15:50:23.869]: (0.7, 3.1, 0.7) 41
[15:50:23.892]: (0.7, 3.1, 0.6) 41
[15:50:23.915]: (0.7, 3.1, 0.7) 41
[15:50:23.936]: (0.7, 3.1, 0.7) 41
[15:50:23.954]: (0.7, 3.1, 0.7) 41
[15:50:23.972]: (0.7, 3.1, 0.7) 41
[15:50:23.989]: (0.7, 3.1, 0.7) 41
[15:50:24.008]: (0.7, 3.1, 0.7) 41
[15:50:24.025]: (0.7, 3.1, 0.7) 41
[15:50:24.043]: (0.7, 3.1, 0.7) 41
[15:50:24.060]: (0.7, 3.1, 0.7) 41
[15:50:24.078]: (0.7, 3.1, 0.7) 41
[15:50:24.094]: (0.7, 3.1, 0.7) 41
[15:50:24.112]: (0.7, 3.1, 0.7) 41
[15:50:24.129]: (0.7, 3.1, 0.7) 41
[15:50:24.146]: (0.7, 3.1, 0.7) 41
[15:50:24.163]: (0.7, 3.1, 0.7) 41
[15:50:24.181]: (0.7, 3.1, 0.7) 41
[15:50:24.198]: (0.7, 3.1, 0.7) 41
[15:50:24.215]: (0.7, 3.1, 0.7) 41
[15:50:24.234]: (0.7, 3.1, 0.7) 41
[15:50:24.250]: (0.7, 3.1, 0.7) 41
[15:50:24.268]: (0.7, 3.1, 0.7) 41
[15:50:24.284]: (0.7, 3.1, 0.7) 41
[15:50:24.301]: (0.7, 3.1, 0.7) 41
[15:50:24.318]: (0.7, 3.1, 0.7) 41
[15:50:24.335]: (0.7, 3.1, 0.7) 41
[15:50:24.351]: (0.7, 3.1, 0.7) 41
[15:50:24.368]: (0.7, 3.1, 0.7) 41
[15:50:24.386]: (0.7, 3.1, 0.7) 41
[15:50:24.404]: (0.7, 3.1, 0.7) 41
[15:50:24.421]: (0.7, 3.1, 0.7) 41
[15:50:24.437]: (0.7, 3.1, 0.7) 41
[15:50:24.453]: (0.7, 3.1, 0.7) 41
[15:50:24.469]: (0.7, 3.1, 0.7) 41
[15:50:24.492]: (0.7, 3.1, 0.7) 41
[15:50:24.514]: (0.7, 3.1, 0.7) 41
[15:50:24.537]: (0.7, 3.1, 0.7) 41
[15:50:24.692]: (0.7, 3.1, 0.7) 41
[15:50:24.714]: (0.7, 3.1, 0.7) 41
[15:50:24.738]: (0.7, 3.1, 0.7) 41
[15:50:24.759]: (0.7, 3.1, 0.7) 41
[15:50:24.782]: (0.7, 3.1, 0.7) 41
[15:50:24.804]: (0.7, 3.1, 0.7) 41
[15:50:24.826]: (0.7, 3.1, 0.7) 41
[15:50:24.849]: (0.7, 3.1, 0.7) 41
[15:50:24.870]: (0.7, 3.1, 0.7) 41
[15:50:24.889]: (0.7, 3.1, 0.7) 41
[15:50:24.906]: (0.7, 3.1, 0.7) 41
[15:50:25.672]: (-0.2, 2.1, 0.9) 8
[15:50:25.692]: (-0.2, 2.1, 0.9) 8
[15:50:25.737]: (-0.2, 2.1, 0.9) 8
[15:50:25.756]: (-0.2, 2.1, 0.9) 8
[15:50:25.775]: (-0.2, 2.1, 0.9) 8
[15:50:25.791]: (-0.2, 2.1, 0.9) 8
[15:50:25.809]: (-0.2, 2.1, 0.9) 8
[15:50:25.826]: (-0.2, 2.1, 0.9) 8
