[16:01:52.831]: (-1.1, -2.5, 1.3) 74
[16:01:53.155]: (-0.3, 0.1, 3.6) 65
[16:01:53.554]: (-0.1, 1.8, 3.3) 36
[16:01:53.586]: (-0.1, 1.9, 3.1) 38
[16:01:53.617]: (-0.1, 1.9, 3.1) 38
[16:01:53.905]: (0.8, 2.2, 3.6) 78
[16:01:53.971]: (0.9, 2.2, 3.6) 78
[16:01:53.995]: (0.6, 2.0, 2.7) 43
[16:01:54.039]: (0.9, 2.2, 3.6) 78
[16:01:54.195]: (1.0, 2.4, 3.8) 85
[16:01:54.216]: (0.7, 2.1, 2.6) 43
[16:01:54.777]: (0.6, 3.1, 1.9) 43
[16:01:54.799]: (0.5, 3.2, 1.9) 41
[16:01:54.824]: (0.6, 3.3, 2.1) 47
[16:01:54.845]: (0.8, 3.8, 2.7) 84
[16:01:55.016]: (0.5, 3.0, 1.8) 48
[16:01:55.037]: (0.5, 3.0, 1.8) 48
[16:01:55.060]: (0.5, 3.0, 1.8) 48
[16:01:55.078]: (0.5, 3.0, 1.8) 48
[16:01:55.096]: (0.5, 3.0, 1.8) 48
[16:01:55.113]: (0.5, 3.0, 1.8) 48
[16:01:55.130]: (0.5, 3.0, 1.8) 48
[16:01:55.149]: (0.5, 2.9, 1.8) 48
[16:01:55.166]: (0.5, 3.0, 1.8) 48
[16:01:55.185]: (0.5, 3.0, 1.8) 48
[16:01:55.234]: (0.0, 3.1, 2.4) 38
[16:01:55.252]: (0.0, 3.1, 2.4) 38
[16:01:55.269]: (0.0, 3.1, 2.4) 38
[16:01:55.318]: (0.0, 3.1, 2.4) 38
[16:01:55.335]: (0.0, 3.1, 2.4) 38
[16:01:55.354]: (0.0, 3.1, 2.4) 38
[16:01:55.451]: (0.0, 3.5, 2.9) 67
[16:01:55.468]: (0.0, 3.5, 2.9) 67
[16:01:55.485]: (0.0, 3.5, 2.9) 67
[16:01:55.517]: (0.8, 3.7, 2.7) 84
[16:01:55.534]: (0.6, 3.1, 1.8) 43
[16:01:55.552]: (0.7, 3.2, 2.0) 42
[16:01:55.572]: (0.9, 3.6, 2.5) 86
[16:01:55.593]: (0.9, 3.6, 2.5) 86
[16:01:55.616]: (0.6, 3.1, 1.8) 43
[16:01:55.638]: (0.6, 3.1, 1.7) 48
[16:01:55.659]: (0.5, 3.1, 1.7) 48
[16:01:55.685]: (0.6, 3.1, 1.7) 48
[16:01:56.268]: (0.1, 3.3, 1.1) 48
[16:01:56.290]: (0.1, 3.3, 1.1) 48
[16:01:56.312]: (0.1, 3.3, 1.1) 48
[16:01:56.339]: (0.1, 3.3, 1.1) 48
[16:01:56.456]: (0.1, 3.4, 1.3) 39
[16:01:56.491]: (0.1, 3.4, 1.3) 39
[16:01:56.514]: (0.1, 3.4, 1.3) 39
[16:01:56.534]: (0.1, 3.4, 1.3) 39
[16:01:56.552]: (0.1, 3.4, 1.4) 39
[16:01:56.571]: (0.0, 3.4, 1.4) 40
[16:01:56.950]: (0.1, 3.3, 1.2) 48
[16:01:56.971]: (0.1, 3.3, 1.2) 48
[16:01:56.992]: (0.1, 3.3, 1.2) 48
[16:01:57.012]: (0.1, 3.3, 1.2) 48
[16:01:57.073]: (0.1, 3.4, 1.3) 39
[16:01:57.098]: (0.2, 3.4, 1.3) 39
[16:01:57.253]: (0.2, 3.4, 1.3) 39
[16:01:57.301]: (0.2, 3.3, 1.3) 39
[16:01:57.324]: (0.2, 3.3, 1.3) 39
[16:01:57.349]: (0.1, 3.3, 1.3) 39
[16:01:57.670]: (0.2, 3.1, 1.0) 48
[16:01:57.688]: (0.2, 3.1, 1.0) 48
[16:01:57.710]: (0.2, 3.1, 1.0) 48
[16:01:57.727]: (0.2, 3.1, 1.0) 48
[16:01:57.749]: (0.2, 3.1, 1.0) 48
[16:01:57.783]: (0.2, 3.1, 1.0) 48
[16:01:58.182]: (0.2, 3.1, 1.1) 48
[16:01:58.215]: (0.2, 3.1, 1.0) 48
[16:01:58.248]: (0.2, 3.1, 1.0) 48
[16:01:58.283]: (0.2, 3.1, 1.0) 48
[16:01:58.315]: (0.2, 3.1, 1.0) 48
[16:01:58.349]: (0.2, 3.1, 1.0) 48
[16:01:58.382]: (0.2, 3.1, 1.0) 48
[16:01:59.255]: (0.3, 3.1, 0.7) 43
[16:01:59.280]: (0.3, 3.0, 0.6) 48
[16:01:59.303]: (0.3, 3.1, 0.7) 43
[16:01:59.324]: (0.3, 3.1, 0.7) 43
[16:01:59.342]: (0.3, 3.1, 0.7) 43
[16:01:59.361]: (0.3, 3.1, 0.7) 43
[16:01:59.381]: (0.3, 3.2, 0.7) 41
[16:01:59.410]: (0.3, 3.0, 0.7) 48
[16:01:59.431]: (0.3, 3.0, 0.7) 48
[16:01:59.447]: (0.3, 3.0, 0.7) 48
[16:01:59.469]: (0.2, 3.0, 0.7) 48
[16:01:59.492]: (0.2, 3.0, 0.7) 48
[16:01:59.513]: (0.2, 3.0, 0.7) 48
[16:01:59.536]: (0.2, 3.0, 0.7) 48
[16:01:59.559]: (0.2, 3.0, 0.7) 48
[16:01:59.580]: (0.2, 3.0, 0.7) 48
[16:01:59.603]: (0.3, 3.1, 0.7) 43
[16:01:59.694]: (0.2, 3.2, 0.8) 39
[16:01:59.714]: (0.1, 3.2, 0.7) 39
[16:01:59.750]: (0.2, 3.2, 0.8) 39
[16:01:59.767]: (0.2, 3.2, 0.8) 39
[16:01:59.800]: (0.2, 3.2, 0.8) 39
[16:01:59.818]: (0.2, 3.2, 0.8) 39
[16:01:59.835]: (0.2, 3.2, 0.8) 39
[16:01:59.871]: (0.2, 3.0, 0.7) 48
[16:01:59.889]: (0.2, 3.0, 0.7) 48
[16:01:59.905]: (0.2, 3.0, 0.7) 48
[16:01:59.922]: (0.2, 3.0, 0.7) 48
[16:02:00.208]: (0.3, 3.1, 0.5) 43
[16:02:00.230]: (0.3, 3.0, 0.5) 48
[16:02:00.252]: (0.3, 3.0, 0.6) 43
[16:02:00.275]: (0.3, 3.0, 0.6) 43
[16:02:00.306]: (0.3, 3.1, 0.6) 41
[16:02:00.341]: (0.3, 3.1, 0.6) 41
[16:02:00.375]: (0.3, 3.2, 0.7) 42
[16:02:00.408]: (0.2, 3.1, 0.6) 41
[16:02:00.441]: (0.3, 3.2, 0.7) 42
[16:02:00.476]: (0.3, 3.1, 0.7) 42
[16:02:00.506]: (0.2, 3.0, 0.7) 41
[16:02:00.540]: (0.2, 3.1, 0.7) 42
[16:02:00.573]: (0.2, 3.1, 0.7) 42
[16:02:00.608]: (0.2, 3.1, 0.7) 42
[16:02:00.639]: (0.2, 3.1, 0.7) 42
[16:02:00.673]: (0.2, 3.1, 0.7) 42
[16:02:00.707]: (0.2, 3.1, 0.7) 42
[16:02:00.741]: (0.2, 3.1, 0.7) 42
[16:02:00.769]: (0.2, 3.1, 0.7) 42
[16:02:00.804]: (0.2, 3.1, 0.7) 42
[16:02:00.837]: (0.2, 3.1, 0.7) 42
[16:02:00.875]: (0.2, 3.0, 0.7) 42
[16:02:00.906]: (0.2, 3.0, 0.7) 42
[16:02:00.926]: (0.2, 3.0, 0.7) 42
[16:02:00.947]: (0.2, 3.0, 0.7) 42
[16:02:00.969]: (0.2, 3.0, 0.7) 42
[16:02:01.014]: (0.3, 3.1, 0.7) 42
[16:02:01.036]: (0.3, 3.1, 0.7) 42
[16:02:01.058]: (0.3, 3.1, 0.7) 42
[16:02:01.081]: (0.3, 3.1, 0.7) 42
[16:02:01.103]: (0.3, 3.1, 0.7) 42
[16:02:01.125]: (0.2, 3.1, 0.7) 42
[16:02:01.170]: (0.1, 2.9, 0.8) 39
[16:02:01.192]: (0.0, 2.9, 0.8) 39
[16:02:01.213]: (0.0, 2.9, 0.8) 39
[16:02:01.237]: (0.0, 2.9, 0.8) 39
[16:02:01.258]: (0.0, 2.9, 0.8) 39
[16:02:01.280]: (0.0, 2.9, 0.8) 39
[16:02:01.306]: (0.0, 2.9, 0.8) 39
[16:02:01.324]: (0.0, 2.9, 0.8) 39
[16:02:01.347]: (0.0, 2.9, 0.8) 39
[16:02:01.370]: (0.0, 3.0, 0.8) 40
[16:02:01.777]: (0.1, 3.0, 0.5) 39
[16:02:01.802]: (0.1, 2.9, 0.5) 39
[16:02:01.825]: (0.1, 2.9, 0.5) 39
[16:02:01.847]: (0.1, 2.9, 0.5) 39
[16:02:01.870]: (0.1, 3.0, 0.5) 39
[16:02:01.977]: (0.0, 2.9, 0.6) 39
[16:02:01.999]: (0.0, 3.0, 0.6) 40
[16:02:02.044]: (-0.1, 3.0, 0.6) 40
[16:02:02.066]: (-0.1, 3.0, 0.6) 40
[16:02:02.089]: (-0.1, 3.0, 0.6) 40
[16:02:02.112]: (-0.1, 2.9, 0.6) 40
[16:02:02.133]: (-0.1, 2.9, 0.6) 40
[16:02:02.156]: (-0.1, 2.9, 0.6) 40
[16:02:02.178]: (-0.1, 2.9, 0.7) 40
[16:02:02.200]: (-0.2, 2.9, 0.7) 40
[16:02:02.223]: (-0.1, 2.9, 0.7) 40
[16:02:02.246]: (-0.1, 2.9, 0.7) 40
[16:02:02.563]: (-0.2, 3.0, 0.7) 40
[16:02:02.586]: (-0.2, 3.0, 0.6) 40
[16:02:02.609]: (-0.2, 3.0, 0.6) 40
[16:02:02.631]: (-0.2, 3.0, 0.6) 40
[16:02:02.652]: (-0.2, 3.0, 0.6) 40
[16:02:02.669]: (-0.2, 3.0, 0.6) 40
[16:02:02.686]: (-0.2, 3.0, 0.7) 40
[16:02:02.704]: (-0.2, 3.0, 0.7) 40
[16:02:02.721]: (-0.2, 3.0, 0.7) 40
[16:02:02.739]: (-0.2, 3.0, 0.7) 40
[16:02:02.761]: (-0.2, 3.0, 0.7) 40
[16:02:02.879]: (-0.2, 3.0, 0.7) 40
[16:02:02.924]: (-0.1, 2.9, 0.6) 39
[16:02:02.946]: (-0.1, 2.9, 0.6) 39
[16:02:03.102]: (-0.8, 3.6, 0.9) 67
[16:02:03.169]: (-0.9, 3.8, 1.0) 54
[16:02:03.191]: (-1.0, 3.8, 1.0) 54
[16:02:03.214]: (-1.0, 3.8, 1.0) 54
[16:02:03.232]: (-1.0, 3.8, 1.0) 54
[16:02:03.250]: (-1.0, 3.8, 1.0) 54
[16:02:03.267]: (-1.0, 3.8, 1.0) 54
[16:02:03.972]: (-1.8, 3.8, 1.7) 89
[16:02:04.005]: (-1.9, 3.8, 1.8) 95
[16:02:04.039]: (-1.6, 3.6, 1.6) 100
[16:02:04.106]: (-1.6, 3.6, 1.6) 100
[16:02:04.239]: (-1.7, 3.7, 1.6) 91
[16:02:04.272]: (-1.7, 3.7, 1.6) 91
[16:02:04.307]: (-1.6, 3.6, 1.5) 100
[16:02:04.340]: (-1.6, 3.7, 1.4) 100
[16:02:04.372]: (-1.6, 3.7, 1.5) 100
[16:02:04.405]: (-1.6, 3.6, 1.5) 100
[16:02:04.472]: (-0.7, 3.0, 1.2) 21
[16:02:04.506]: (-0.7, 3.0, 1.2) 21
[16:02:04.537]: (-0.7, 3.1, 1.2) 21
[16:02:04.561]: (-0.7, 3.0, 1.2) 21
[16:02:04.582]: (-0.7, 3.0, 1.2) 21
[16:02:04.604]: (-0.7, 3.0, 1.2) 22
[16:02:05.156]: (-1.9, 4.8, 1.5) 108
[16:02:05.178]: (-2.0, 4.8, 1.5) 108
[16:02:05.200]: (-1.9, 4.8, 1.5) 108
[16:02:05.223]: (-1.9, 4.7, 1.5) 112
[16:02:05.244]: (-1.8, 4.7, 1.5) 112
[16:02:05.268]: (-1.8, 4.7, 1.5) 112
[16:02:05.290]: (-1.8, 4.7, 1.5) 112
[16:02:05.312]: (-1.8, 4.7, 1.5) 112
[16:02:05.335]: (-1.8, 4.7, 1.5) 112
[16:02:05.356]: (-1.8, 4.7, 1.5) 112
[16:02:05.379]: (-1.8, 4.7, 1.5) 112
[16:02:05.401]: (-1.9, 4.7, 1.5) 112
[16:02:05.602]: (-0.6, 3.8, 0.9) 54
[16:02:05.623]: (-0.6, 3.8, 0.9) 54
[16:02:05.667]: (-0.6, 3.8, 0.9) 54
[16:02:05.690]: (-0.6, 3.8, 0.9) 54
[16:02:05.779]: (-1.9, 4.7, 1.5) 112
[16:02:05.813]: (-1.9, 4.7, 1.5) 112
[16:02:05.831]: (-1.9, 4.7, 1.5) 112
[16:02:05.863]: (-1.9, 4.7, 1.5) 112
[16:02:05.912]: (-2.0, 4.8, 1.6) 110
[16:02:05.930]: (-2.1, 4.9, 1.6) 106
[16:02:05.946]: (-2.0, 4.8, 1.6) 110
[16:02:05.964]: (-2.0, 4.8, 1.6) 106
[16:02:05.982]: (-2.0, 4.8, 1.6) 110
[16:02:05.999]: (-2.1, 4.8, 1.5) 110
[16:02:06.018]: (-2.1, 4.8, 1.5) 110
[16:02:06.050]: (-2.0, 4.8, 1.6) 110
[16:02:06.097]: (-2.0, 4.8, 1.6) 110
[16:02:06.143]: (-2.0, 4.8, 1.6) 110
[16:02:06.160]: (-2.0, 4.7, 1.6) 110
[16:02:06.179]: (-2.0, 4.8, 1.6) 110
[16:02:06.445]: (-2.1, 4.9, 1.6) 104
[16:02:06.467]: (-2.1, 4.9, 1.5) 106
[16:02:06.489]: (-2.1, 4.8, 1.5) 106
[16:02:06.512]: (-2.0, 4.7, 1.4) 112
[16:02:06.534]: (-1.9, 4.7, 1.3) 112
[16:02:06.776]: (-1.9, 4.8, 1.1) 112
[16:02:06.798]: (-1.9, 4.9, 1.1) 108
[16:02:06.821]: (-1.9, 4.9, 1.1) 108
[16:02:06.843]: (-1.8, 4.8, 1.1) 112
[16:02:06.865]: (-1.8, 4.8, 1.1) 112
[16:02:06.889]: (-1.9, 4.9, 1.1) 108
[16:02:06.912]: (-1.8, 4.9, 1.1) 108
[16:02:06.934]: (-1.9, 4.9, 1.1) 108
[16:02:06.957]: (-1.9, 4.9, 1.1) 106
[16:02:06.978]: (-1.9, 5.0, 1.1) 106
[16:02:07.001]: (-1.9, 5.1, 1.1) 104
[16:02:07.023]: (-1.9, 5.1, 1.2) 104
[16:02:07.045]: (-1.9, 5.2, 1.2) 102
[16:02:07.066]: (-1.9, 5.2, 1.2) 102
[16:02:07.275]: (-1.8, 4.8, 1.3) 110
[16:02:07.297]: (-1.8, 4.8, 1.3) 110
[16:02:07.320]: (-1.8, 4.8, 1.3) 110
[16:02:07.429]: (-1.7, 4.7, 1.2) 112
[16:02:07.919]: (0.9, 2.7, 0.3) 123
[16:02:08.156]: (0.7, 2.1, 0.5) 5
[16:02:08.180]: (0.6, 2.1, 0.6) 3
[16:02:08.286]: (0.6, 2.1, 0.5) 3
[16:02:08.308]: (0.6, 2.2, 0.5) 3
[16:02:08.354]: (0.5, 2.2, 0.5) 3
[16:02:08.379]: (0.5, 2.1, 0.5) 2
[16:02:08.660]: (0.5, 1.9, 0.7) 0
[16:02:08.695]: (0.5, 2.0, 0.7) 0
[16:02:08.727]: (0.5, 2.0, 0.7) 0
[16:02:08.758]: (0.4, 2.0, 0.7) 0
[16:02:08.795]: (0.4, 2.0, 0.7) 0
[16:02:08.827]: (0.4, 2.0, 0.7) 0
[16:02:08.860]: (0.4, 2.0, 0.7) 0
[16:02:08.894]: (0.4, 2.0, 0.7) 0
[16:02:08.924]: (0.4, 2.0, 0.7) 0
[16:02:08.960]: (0.4, 2.0, 0.7) 0
[16:02:09.210]: (0.4, 2.1, 0.6) 2
[16:02:09.232]: (0.4, 2.2, 0.5) 3
[16:02:09.254]: (0.4, 2.2, 0.6) 3
[16:02:09.277]: (0.4, 2.2, 0.6) 3
[16:02:09.298]: (0.4, 2.2, 0.6) 3
[16:02:09.322]: (0.4, 2.2, 0.6) 3
[16:02:09.344]: (0.4, 2.2, 0.6) 3
[16:02:09.365]: (0.4, 2.2, 0.6) 3
[16:02:09.388]: (0.4, 2.2, 0.6) 3
[16:02:09.409]: (0.4, 2.2, 0.6) 3
[16:02:09.433]: (0.4, 2.2, 0.6) 3
[16:02:09.456]: (0.4, 2.2, 0.6) 3
[16:02:09.476]: (0.4, 2.2, 0.6) 3
[16:02:09.521]: (0.4, 2.2, 0.6) 2
[16:02:09.543]: (0.4, 2.2, 0.6) 2
[16:02:09.588]: (0.4, 2.2, 0.6) 2
[16:02:09.899]: (0.4, 2.2, 0.5) 3
[16:02:09.922]: (0.4, 2.3, 0.5) 3
[16:02:09.945]: (0.4, 2.2, 0.5) 3
[16:02:09.969]: (0.4, 2.2, 0.6) 3
[16:02:09.991]: (0.4, 2.2, 0.5) 3
[16:02:10.014]: (0.4, 2.3, 0.5) 3
[16:02:10.037]: (0.4, 2.2, 0.5) 3
[16:02:10.058]: (0.4, 2.2, 0.5) 3
[16:02:10.081]: (0.4, 2.2, 0.5) 3
[16:02:10.103]: (0.4, 2.2, 0.5) 3
[16:02:10.124]: (0.4, 2.3, 0.5) 3
[16:02:10.147]: (0.4, 2.3, 0.5) 3
[16:02:10.169]: (0.4, 2.3, 0.5) 3
[16:02:10.191]: (0.4, 2.3, 0.5) 3
[16:02:10.214]: (0.4, 2.2, 0.5) 3
[16:02:10.236]: (0.4, 2.3, 0.5) 3
[16:02:10.257]: (0.4, 2.2, 0.5) 3
[16:02:10.280]: (0.4, 2.2, 0.5) 3
[16:02:10.302]: (0.4, 2.3, 0.5) 3
[16:02:10.325]: (0.4, 2.2, 0.5) 3
[16:02:10.347]: (0.4, 2.3, 0.5) 3
[16:02:10.369]: (0.4, 2.3, 0.5) 3
[16:02:10.388]: (0.4, 2.3, 0.5) 3
[16:02:10.407]: (0.4, 2.3, 0.5) 3
[16:02:10.424]: (0.4, 2.3, 0.5) 3
[16:02:10.441]: (0.4, 2.3, 0.5) 3
[16:02:10.457]: (0.4, 2.3, 0.5) 3
[16:02:10.476]: (0.4, 2.3, 0.5) 3
[16:02:10.493]: (0.4, 2.3, 0.5) 3
[16:02:10.510]: (0.4, 2.3, 0.5) 3
[16:02:10.529]: (0.4, 2.3, 0.5) 3
[16:02:10.546]: (0.4, 2.3, 0.5) 3
[16:02:10.563]: (0.4, 2.3, 0.5) 3
[16:02:10.580]: (0.4, 2.3, 0.5) 3
[16:02:10.598]: (0.4, 2.3, 0.5) 3
[16:02:10.615]: (0.4, 2.3, 0.5) 3
[16:02:10.632]: (0.5, 2.3, 0.5) 5
[16:02:10.921]: (0.4, 2.3, 0.5) 3
[16:02:11.208]: (0.4, 2.3, 0.5) 3
[16:02:11.386]: (0.4, 2.3, 0.5) 3
[16:02:11.402]: (0.4, 2.3, 0.5) 3
[16:02:11.420]: (0.4, 2.3, 0.5) 3
[16:02:11.439]: (0.4, 2.3, 0.5) 3
[16:02:11.471]: (0.3, 2.3, 0.5) 14
[16:02:11.489]: (0.3, 2.3, 0.6) 14
[16:02:11.606]: (0.3, 2.2, 0.6) 13
[16:02:12.002]: (0.4, 2.2, 0.4) 2
[16:02:12.037]: (0.4, 2.2, 0.4) 2
[16:02:12.068]: (0.4, 2.2, 0.4) 2
[16:02:12.623]: (0.4, 2.2, 0.5) 2
[16:02:12.646]: (0.3, 2.2, 0.4) 2
[16:02:12.668]: (0.3, 2.2, 0.5) 2
[16:02:12.694]: (0.3, 2.2, 0.4) 2
[16:02:12.719]: (0.3, 2.2, 0.5) 2
[16:02:12.847]: (0.4, 2.2, 0.4) 2
[16:02:12.868]: (0.3, 2.2, 0.4) 2
[16:02:12.891]: (0.3, 2.2, 0.4) 2
[16:02:12.914]: (0.3, 2.3, 0.4) 2
[16:02:12.939]: (0.4, 2.3, 0.4) 3
[16:02:12.965]: (0.4, 2.3, 0.4) 3
[16:02:12.987]: (0.4, 2.3, 0.4) 3
[16:02:13.013]: (0.4, 2.3, 0.4) 3
[16:02:13.037]: (0.3, 2.3, 0.4) 3
[16:02:13.062]: (0.3, 2.3, 0.5) 3
[16:02:13.086]: (0.3, 2.3, 0.5) 3
[16:02:13.172]: (-0.3, 2.6, 0.5) 48
[16:02:13.196]: (-0.3, 2.6, 0.5) 48
[16:02:13.214]: (-0.3, 2.6, 0.5) 48
[16:02:13.232]: (-0.3, 2.6, 0.5) 48
[16:02:13.251]: (-0.3, 2.6, 0.5) 48
[16:02:13.269]: (-0.3, 2.6, 0.5) 48
[16:02:13.286]: (-0.4, 2.8, 0.6) 41
[16:02:13.311]: (-0.5, 2.7, 0.6) 39
[16:02:13.332]: (-0.5, 2.7, 0.6) 39
[16:02:13.354]: (-0.5, 2.7, 0.6) 39
[16:02:13.377]: (-0.5, 2.7, 0.6) 39
[16:02:13.397]: (-0.5, 2.7, 0.6) 39
[16:02:13.421]: (-0.5, 2.7, 0.6) 39
[16:02:13.444]: (-0.5, 2.7, 0.6) 39
[16:02:13.464]: (-0.5, 2.7, 0.6) 39
[16:02:13.486]: (-0.5, 2.7, 0.6) 39
[16:02:13.509]: (-0.5, 2.7, 0.6) 39
[16:02:13.534]: (-0.6, 2.8, 0.6) 39
[16:02:13.553]: (-0.5, 2.7, 0.6) 39
[16:02:13.577]: (-0.5, 2.7, 0.6) 39
[16:02:13.597]: (-0.5, 2.7, 0.6) 39
[16:02:13.622]: (-0.5, 2.7, 0.6) 39
[16:02:13.642]: (-0.5, 2.7, 0.6) 39
[16:02:13.664]: (-0.5, 2.7, 0.6) 39
[16:02:13.687]: (-0.5, 2.7, 0.6) 39
[16:02:13.709]: (-0.5, 2.7, 0.6) 39
[16:02:13.873]: (-0.6, 2.8, 0.6) 40
[16:02:13.891]: (-0.6, 2.8, 0.6) 40
[16:02:13.911]: (-0.6, 2.8, 0.6) 40
[16:02:14.016]: (-0.6, 2.8, 0.6) 40
[16:02:14.046]: (-0.6, 2.8, 0.6) 40
[16:02:14.072]: (-0.6, 2.8, 0.6) 40
[16:02:14.570]: (-0.4, 2.7, 0.6) 39
[16:02:14.597]: (-0.5, 2.7, 0.6) 40
[16:02:14.630]: (-0.5, 2.7, 0.6) 40
[16:02:14.665]: (-0.5, 2.7, 0.6) 40
[16:02:14.731]: (-0.2, 2.8, 0.5) 42
[16:02:14.764]: (-0.2, 2.8, 0.5) 42
[16:02:14.800]: (-0.2, 2.8, 0.5) 42
[16:02:14.830]: (-0.2, 2.8, 0.5) 42
[16:02:14.864]: (-0.2, 2.8, 0.5) 42
[16:02:14.897]: (-0.2, 2.8, 0.5) 42
[16:02:14.930]: (-0.2, 2.8, 0.5) 42
[16:02:14.963]: (-0.2, 2.8, 0.5) 42
[16:02:14.997]: (-0.2, 2.8, 0.5) 42
[16:02:15.030]: (-0.1, 2.8, 0.5) 44
[16:02:15.064]: (-0.1, 2.8, 0.5) 44
[16:02:15.097]: (-0.1, 2.8, 0.5) 44
[16:02:15.130]: (-0.1, 2.8, 0.5) 44
[16:02:15.163]: (-0.1, 2.8, 0.5) 44
[16:02:15.198]: (-0.1, 2.8, 0.5) 44
[16:02:15.231]: (-0.1, 2.8, 0.5) 44
[16:02:15.264]: (-0.1, 2.8, 0.5) 44
[16:02:15.285]: (-0.1, 2.8, 0.5) 44
[16:02:15.308]: (-0.1, 2.8, 0.5) 44
[16:02:15.330]: (-0.1, 2.8, 0.5) 44
[16:02:15.351]: (-0.1, 2.8, 0.5) 44
[16:02:15.374]: (-0.1, 2.8, 0.5) 44
[16:02:15.396]: (-0.1, 2.8, 0.5) 44
[16:02:15.418]: (-0.2, 2.9, 0.4) 44
[16:02:15.441]: (-0.2, 2.8, 0.4) 44
[16:02:15.462]: (-0.2, 2.8, 0.4) 44
[16:02:15.486]: (-0.2, 2.9, 0.4) 44
[16:02:15.508]: (-0.2, 2.9, 0.4) 44
[16:02:15.529]: (-0.2, 2.9, 0.4) 44
[16:02:15.552]: (-0.2, 2.9, 0.4) 44
[16:02:15.575]: (-0.2, 2.9, 0.4) 44
[16:02:15.596]: (-0.2, 2.9, 0.4) 44
[16:02:15.618]: (-0.2, 2.8, 0.4) 44
[16:02:15.642]: (-0.2, 2.8, 0.4) 44
[16:02:15.662]: (-0.2, 2.8, 0.4) 44
[16:02:15.686]: (-0.2, 2.8, 0.4) 44
[16:02:15.710]: (-0.2, 2.8, 0.4) 44
[16:02:15.730]: (-0.2, 2.8, 0.4) 44
[16:02:15.752]: (-0.2, 2.8, 0.4) 44
[16:02:15.775]: (-0.2, 2.8, 0.4) 44
[16:02:15.796]: (-0.2, 2.8, 0.4) 44
[16:02:15.821]: (-0.2, 2.8, 0.4) 44
[16:02:15.841]: (-0.2, 2.8, 0.4) 44
[16:02:15.863]: (-0.2, 2.8, 0.4) 44
[16:02:15.886]: (-0.2, 2.8, 0.4) 44
[16:02:15.907]: (-0.2, 2.9, 0.5) 44
[16:02:15.930]: (-0.2, 2.9, 0.5) 49
[16:02:15.954]: (-0.2, 2.9, 0.5) 49
[16:02:16.226]: (-0.1, 2.8, 0.5) 42
[16:02:16.247]: (-0.1, 2.8, 0.5) 42
[16:02:16.271]: (-0.1, 2.8, 0.5) 42
[16:02:16.294]: (-0.1, 2.8, 0.5) 42
[16:02:16.316]: (-0.1, 2.8, 0.5) 42
[16:02:16.337]: (-0.1, 2.8, 0.5) 42
[16:02:16.361]: (-0.1, 2.8, 0.5) 42
[16:02:16.382]: (-0.1, 2.8, 0.5) 42
[16:02:16.402]: (-0.1, 2.8, 0.5) 42
[16:02:16.425]: (-0.1, 2.8, 0.5) 42
[16:02:16.777]: (0.0, 2.7, 0.5) 42
[16:02:16.822]: (0.2, 2.7, 0.5) 46
[16:02:16.845]: (0.2, 2.7, 0.5) 46
[16:02:16.868]: (0.2, 2.7, 0.5) 46
[16:02:16.892]: (0.2, 2.7, 0.5) 46
[16:02:16.915]: (0.2, 2.7, 0.5) 46
[16:02:16.938]: (0.2, 2.7, 0.4) 46
[16:02:17.233]: (0.5, 2.9, 0.1) 116
[16:02:17.267]: (0.5, 2.9, 0.1) 116
[16:02:17.567]: (0.4, 3.2, 0.1) 114
[16:02:18.318]: (-0.4, 3.4, 0.3) 70
[16:02:18.340]: (-0.5, 3.5, 0.4) 76
[16:02:18.361]: (-0.5, 3.3, 0.3) 78
[16:02:18.384]: (-0.5, 3.4, 0.3) 78
[16:02:18.406]: (-0.5, 3.5, 0.3) 76
[16:02:18.429]: (-0.5, 3.5, 0.3) 76
[16:02:18.451]: (-0.6, 3.4, 0.3) 76
[16:02:18.474]: (-0.6, 3.4, 0.3) 76
[16:02:18.495]: (-0.6, 3.5, 0.4) 84
[16:02:18.517]: (-0.6, 3.5, 0.3) 76
[16:02:18.539]: (-0.6, 3.5, 0.3) 76
[16:02:18.605]: (-1.3, 3.2, 0.8) 56
[16:02:18.697]: (-1.3, 3.2, 0.8) 56
[16:02:18.720]: (-1.3, 3.2, 0.8) 56
[16:02:18.943]: (-1.6, 3.3, 1.0) 53
[16:02:18.967]: (-1.4, 3.1, 0.9) 54
[16:02:18.991]: (-1.5, 3.1, 0.9) 54
[16:02:19.105]: (-1.1, 3.2, 0.8) 60
[16:02:19.128]: (-1.0, 3.1, 0.7) 65
[16:02:19.152]: (-1.0, 3.0, 0.7) 65
[16:02:19.175]: (-1.0, 3.0, 0.7) 65
[16:02:19.195]: (-1.0, 3.0, 0.7) 65
[16:02:19.217]: (-0.9, 3.0, 0.7) 65
[16:02:19.240]: (-0.9, 3.1, 0.7) 65
[16:02:19.307]: (-0.9, 3.1, 0.7) 65
[16:02:19.331]: (-0.9, 3.1, 0.7) 65
[16:02:19.355]: (-1.1, 3.2, 0.7) 60
[16:02:19.400]: (-1.1, 3.1, 0.7) 58
[16:02:19.422]: (-1.1, 3.1, 0.7) 58
[16:02:19.446]: (-1.1, 3.1, 0.7) 58
[16:02:19.469]: (-1.4, 3.2, 0.8) 54
[16:02:19.491]: (-1.4, 3.2, 0.9) 54
[16:02:19.514]: (-1.4, 3.2, 0.8) 54
[16:02:19.538]: (-1.4, 3.2, 0.9) 54
[16:02:19.561]: (-1.4, 3.1, 0.9) 54
[16:02:19.583]: (-1.4, 3.2, 0.9) 54
[16:02:19.606]: (-1.4, 3.2, 0.9) 54
[16:02:19.632]: (-1.4, 3.2, 0.9) 54
[16:02:19.655]: (-1.3, 3.2, 0.9) 54
[16:02:19.678]: (-1.3, 3.2, 0.9) 54
[16:02:19.701]: (-1.3, 3.2, 0.9) 54
[16:02:19.724]: (-1.3, 3.1, 0.9) 54
[16:02:19.746]: (-1.3, 3.1, 0.9) 54
[16:02:19.771]: (-1.3, 3.1, 0.9) 54
[16:02:19.794]: (-1.3, 3.1, 0.9) 54
[16:02:19.817]: (-1.4, 3.1, 0.9) 54
[16:02:19.840]: (-1.4, 3.1, 0.9) 54
[16:02:19.862]: (-1.4, 3.1, 0.9) 54
[16:02:19.886]: (-1.4, 3.1, 0.9) 54
[16:02:19.921]: (-1.4, 3.1, 0.9) 54
[16:02:19.956]: (-1.4, 3.1, 0.9) 54
[16:02:19.989]: (-1.4, 3.1, 0.9) 54
[16:02:20.022]: (-1.4, 3.1, 0.9) 54
[16:02:20.054]: (-1.4, 3.1, 0.9) 54
[16:02:20.384]: (-1.4, 3.1, 0.9) 54
[16:02:20.417]: (-1.4, 3.1, 0.9) 54
[16:02:20.450]: (-1.4, 3.1, 0.9) 54
[16:02:20.517]: (-1.3, 3.1, 0.9) 54
[16:02:20.628]: (-1.3, 3.1, 0.9) 54
[16:02:20.894]: (-1.5, 3.3, 1.0) 52
[16:02:20.917]: (-1.5, 3.3, 1.0) 52
[16:02:21.656]: (-1.2, 3.1, 0.9) 54
[16:02:21.681]: (-1.3, 3.1, 0.9) 54
[16:02:21.702]: (-1.3, 3.1, 0.9) 54
[16:02:21.723]: (-1.3, 3.1, 0.9) 54
[16:02:21.747]: (-1.3, 3.1, 0.9) 54
[16:02:21.769]: (-1.3, 3.1, 0.9) 54
[16:02:21.791]: (-1.3, 3.1, 0.9) 54
[16:02:21.814]: (-1.3, 3.1, 0.9) 54
[16:02:21.838]: (-1.3, 3.1, 0.9) 54
[16:02:21.859]: (-1.3, 3.1, 0.9) 54
[16:02:21.882]: (-1.3, 3.1, 0.9) 54
[16:02:21.904]: (-1.3, 3.1, 0.8) 54
[16:02:21.928]: (-1.3, 3.1, 0.9) 54
[16:02:22.076]: (-1.2, 3.1, 0.8) 54
[16:02:22.099]: (-1.2, 3.1, 0.9) 54
[16:02:22.124]: (-1.2, 3.1, 0.9) 54
[16:02:22.145]: (-1.2, 3.1, 0.8) 54
[16:02:22.168]: (-1.2, 3.1, 0.9) 54
[16:02:22.189]: (-1.2, 3.1, 0.9) 54
[16:02:22.211]: (-1.2, 3.1, 0.9) 54
[16:02:22.233]: (-1.2, 3.1, 0.9) 54
[16:02:22.255]: (-1.2, 3.1, 0.9) 54
[16:02:22.278]: (-1.2, 3.1, 0.9) 54
[16:02:22.299]: (-1.2, 3.1, 0.9) 54
[16:02:22.324]: (-1.2, 3.1, 0.9) 54
[16:02:22.345]: (-1.2, 3.1, 0.9) 54
[16:02:22.367]: (-1.2, 3.1, 0.9) 54
[16:02:22.391]: (-1.2, 3.1, 0.9) 54
[16:02:22.831]: (-1.2, 3.2, 0.9) 54
[16:02:22.864]: (-1.1, 3.2, 0.9) 54
[16:02:22.897]: (-1.1, 3.2, 0.9) 54
[16:02:22.926]: (-1.1, 3.1, 0.9) 54
[16:02:22.960]: (-1.1, 3.1, 0.9) 54
[16:02:22.997]: (-1.1, 3.1, 0.9) 54
[16:02:23.030]: (-1.1, 3.1, 0.9) 54
[16:02:23.060]: (-1.1, 3.1, 0.9) 54
[16:02:23.092]: (-1.1, 3.1, 0.9) 54
[16:02:23.128]: (-1.1, 3.1, 0.9) 54
[16:02:23.484]: (-2.5, 2.9, 1.7) 96
[16:02:23.525]: (-2.3, 2.8, 1.6) 89
[16:02:23.548]: (-2.5, 2.8, 1.6) 96
[16:02:23.614]: (-2.5, 2.8, 1.7) 96
[16:02:23.637]: (-2.3, 2.8, 1.6) 89
[16:02:23.704]: (-2.4, 2.7, 1.6) 88
[16:02:23.726]: (-2.2, 2.6, 1.6) 98
[16:02:23.748]: (-2.4, 2.7, 1.6) 88
[16:02:23.771]: (-2.4, 2.8, 1.7) 88
[16:02:23.794]: (-2.4, 2.7, 1.7) 88
[16:02:23.815]: (-2.4, 2.8, 1.7) 88
[16:02:23.858]: (-2.4, 2.8, 1.7) 88
[16:02:23.881]: (-2.3, 2.8, 1.6) 89
[16:02:23.904]: (-2.4, 2.7, 1.6) 88
[16:02:23.926]: (-2.4, 2.8, 1.6) 88
[16:02:23.950]: (-2.4, 2.7, 1.7) 88
[16:02:23.973]: (-2.5, 2.7, 1.6) 88
[16:02:24.020]: (-2.5, 2.7, 1.6) 88
[16:02:24.042]: (-2.4, 2.7, 1.6) 88
[16:02:24.064]: (-2.4, 2.7, 1.6) 88
[16:02:24.086]: (-2.5, 2.8, 1.6) 88
[16:02:24.108]: (-2.5, 2.7, 1.7) 88
[16:02:24.130]: (-2.5, 2.7, 1.6) 88
[16:02:24.220]: (-2.4, 2.7, 1.7) 95
[16:02:24.242]: (-2.4, 2.7, 1.7) 95
[16:02:24.263]: (-2.4, 2.7, 1.7) 88
[16:02:24.286]: (-2.4, 2.7, 1.7) 88
[16:02:24.307]: (-2.4, 2.7, 1.7) 88
[16:02:24.330]: (-2.4, 2.7, 1.7) 88
[16:02:24.352]: (-2.4, 2.7, 1.7) 88
[16:02:24.374]: (-2.4, 2.7, 1.7) 88
[16:02:24.392]: (-2.4, 2.7, 1.7) 88
[16:02:24.409]: (-2.4, 2.7, 1.7) 88
[16:02:24.427]: (-2.4, 2.7, 1.7) 88
[16:02:24.444]: (-2.4, 2.7, 1.7) 88
[16:02:24.461]: (-2.4, 2.7, 1.7) 88
[16:02:24.478]: (-2.4, 2.7, 1.7) 88
[16:02:24.495]: (-2.4, 2.7, 1.7) 88
[16:02:24.512]: (-2.4, 2.7, 1.7) 95
[16:02:24.530]: (-2.4, 2.7, 1.7) 95
[16:02:24.547]: (-2.4, 2.7, 1.7) 88
[16:02:24.564]: (-2.4, 2.7, 1.7) 95
[16:02:24.580]: (-2.4, 2.7, 1.7) 95
[16:02:24.598]: (-2.4, 2.7, 1.7) 95
[16:02:24.615]: (-2.4, 2.7, 1.7) 95
[16:02:24.632]: (-2.4, 2.7, 1.7) 95
[16:02:24.650]: (-2.4, 2.7, 1.7) 95
[16:02:24.667]: (-2.4, 2.7, 1.7) 95
[16:02:24.686]: (-2.4, 2.7, 1.7) 88
[16:02:24.704]: (-2.4, 2.7, 1.7) 88
[16:02:24.723]: (-2.4, 2.7, 1.7) 95
[16:02:24.741]: (-2.4, 2.7, 1.7) 95
[16:02:24.758]: (-2.4, 2.7, 1.7) 95
[16:02:24.774]: (-2.4, 2.7, 1.7) 95
[16:02:24.792]: (-2.4, 2.7, 1.7) 95
[16:02:24.810]: (-2.4, 2.7, 1.7) 95
[16:02:24.828]: (-2.4, 2.7, 1.7) 95
[16:02:24.848]: (-2.4, 2.7, 1.7) 95
[16:02:24.873]: (-2.4, 2.7, 1.7) 95
[16:02:24.892]: (-2.4, 2.7, 1.7) 95
[16:02:24.915]: (-2.4, 2.7, 1.7) 95
[16:02:24.937]: (-2.4, 2.7, 1.7) 95
[16:02:24.958]: (-2.4, 2.7, 1.7) 95
[16:02:24.981]: (-2.4, 2.7, 1.7) 88
[16:02:25.025]: (-2.2, 2.7, 1.6) 91
[16:02:25.048]: (-2.2, 2.7, 1.6) 91
[16:02:25.071]: (-2.1, 2.7, 1.6) 91
[16:02:25.092]: (-2.0, 2.6, 1.5) 100
[16:02:25.117]: (-2.0, 2.6, 1.5) 100
[16:02:25.137]: (-2.0, 2.6, 1.5) 100
[16:02:25.204]: (-2.1, 2.8, 1.5) 94
[16:02:25.528]: (-2.1, 2.8, 1.5) 93
[16:02:25.545]: (-2.0, 2.7, 1.5) 93
[16:02:25.607]: (-2.0, 2.8, 1.5) 94
[16:02:25.626]: (-2.0, 2.8, 1.5) 94
[16:02:25.645]: (-2.0, 2.8, 1.4) 101
[16:02:25.662]: (-2.0, 2.8, 1.5) 94
[16:02:25.680]: (-2.0, 2.8, 1.4) 101
[16:02:25.698]: (-2.0, 2.8, 1.5) 94
[16:02:25.715]: (-2.0, 2.8, 1.5) 94
[16:02:25.736]: (-2.0, 2.8, 1.5) 94
[16:02:25.759]: (-2.0, 2.8, 1.5) 94
[16:02:25.780]: (-2.0, 2.8, 1.5) 94
[16:02:25.804]: (-2.0, 2.8, 1.5) 94
[16:02:25.825]: (-2.1, 2.8, 1.5) 94
[16:02:25.847]: (-2.1, 2.8, 1.5) 94
[16:02:25.870]: (-2.0, 2.8, 1.5) 94
[16:02:25.891]: (-2.0, 2.8, 1.5) 94
[16:02:25.914]: (-2.0, 2.8, 1.5) 94
[16:02:25.936]: (-2.0, 2.8, 1.5) 94
[16:02:25.959]: (-2.1, 2.8, 1.5) 94
[16:02:25.980]: (-2.1, 2.8, 1.5) 94
[16:02:26.003]: (-2.1, 2.8, 1.5) 94
[16:02:26.025]: (-2.1, 2.8, 1.5) 94
[16:02:26.047]: (-2.1, 2.8, 1.5) 94
[16:02:26.069]: (-2.1, 2.8, 1.5) 94
[16:02:26.093]: (-2.1, 2.8, 1.5) 94
[16:02:26.114]: (-2.0, 2.8, 1.4) 101
[16:02:26.158]: (-2.1, 2.8, 1.5) 94
[16:02:26.192]: (-2.1, 2.8, 1.5) 94
[16:02:26.209]: (-2.1, 2.8, 1.5) 94
[16:02:26.228]: (-2.1, 2.8, 1.5) 94
[16:02:26.264]: (-2.1, 2.8, 1.5) 94
[16:02:26.858]: (-2.1, 2.7, 1.5) 93
[16:02:26.882]: (-2.0, 2.7, 1.5) 93
[16:02:26.926]: (-2.0, 2.7, 1.5) 93
[16:02:26.948]: (-2.1, 2.7, 1.5) 93
[16:02:26.970]: (-2.0, 2.7, 1.5) 93
[16:02:26.993]: (-2.1, 2.7, 1.5) 93
[16:02:27.013]: (-2.1, 2.7, 1.5) 93
[16:02:27.077]: (-2.0, 2.7, 1.5) 93
[16:02:27.095]: (-2.1, 2.7, 1.5) 93
[16:02:27.111]: (-2.1, 2.7, 1.5) 93
[16:02:27.181]: (-2.1, 2.8, 1.5) 94
[16:02:27.232]: (-2.1, 2.7, 1.5) 93
[16:02:27.302]: (-1.9, 2.8, 1.4) 101
[16:02:27.340]: (-2.1, 2.8, 1.5) 94
[16:02:27.357]: (-2.1, 2.7, 1.5) 93
[16:02:27.393]: (-2.2, 2.9, 1.5) 90
[16:02:27.412]: (-2.2, 2.9, 1.5) 90
[16:02:27.431]: (-2.2, 2.9, 1.5) 90
[16:02:27.454]: (-2.0, 2.7, 1.5) 93
[16:02:27.476]: (-2.0, 2.8, 1.4) 101
[16:02:27.514]: (-2.0, 2.8, 1.5) 94
[16:02:27.533]: (-2.0, 2.8, 1.4) 101
[16:02:27.555]: (-2.0, 2.8, 1.5) 94
[16:02:27.573]: (-2.1, 2.8, 1.5) 94
[16:02:27.627]: (-2.2, 2.9, 1.5) 90
[16:02:27.647]: (-2.1, 2.8, 1.5) 93
[16:02:27.692]: (-2.2, 2.9, 1.6) 90
[16:02:27.716]: (-2.1, 2.7, 1.5) 93
[16:02:27.738]: (-2.1, 2.7, 1.5) 93
[16:02:27.759]: (-2.1, 2.7, 1.5) 93
[16:02:27.781]: (-2.1, 2.7, 1.5) 93
[16:02:27.807]: (-2.1, 2.7, 1.5) 93
[16:02:27.825]: (-2.1, 2.7, 1.5) 93
[16:02:27.848]: (-2.1, 2.7, 1.5) 93
[16:02:27.878]: (-2.1, 2.7, 1.5) 93
[16:02:27.897]: (-2.1, 2.8, 1.5) 93
[16:02:27.913]: (-2.1, 2.8, 1.5) 94
[16:02:28.044]: (-0.9, 2.6, 1.3) 33
