[15:54:59.680]: (-1.0, -0.7, 0.1) 44
[15:54:59.749]: (-1.4, -1.5, 0.5) 53
[15:54:59.794]: (-1.6, -2.3, 0.8) 58
[15:54:59.816]: (-1.5, -2.3, 1.0) 58
[15:55:00.032]: (-0.5, -0.3, 0.9) 45
[15:55:00.549]: (0.0, 0.6, 1.7) 46
[15:55:00.572]: (0.0, 0.8, 1.5) 50
[15:55:00.705]: (0.0, 0.9, 1.7) 47
[15:55:00.725]: (0.0, 0.9, 1.7) 47
[15:55:00.748]: (0.0, 0.9, 1.7) 47
[15:55:00.787]: (0.0, 0.9, 1.7) 47
[15:55:00.804]: (0.0, 0.9, 1.7) 47
[15:55:00.820]: (0.0, 0.9, 1.7) 47
[15:55:00.836]: (0.0, 0.9, 1.7) 47
[15:55:00.853]: (0.0, 0.9, 1.7) 47
[15:55:00.905]: (0.0, 1.0, 1.7) 47
[15:55:00.925]: (0.0, 1.0, 1.7) 47
[15:55:00.944]: (0.0, 1.0, 1.7) 47
[15:55:00.962]: (0.0, 1.0, 1.7) 47
[15:55:00.981]: (0.0, 1.0, 1.7) 47
[15:55:00.997]: (0.0, 1.0, 1.7) 47
[15:55:01.016]: (0.0, 1.0, 1.7) 47
[15:55:01.036]: (0.0, 1.0, 1.7) 47
[15:55:01.061]: (0.0, 1.0, 1.7) 47
[15:55:01.083]: (0.0, 1.0, 1.7) 47
[15:55:01.104]: (0.0, 1.0, 1.7) 47
[15:55:01.130]: (0.0, 1.0, 1.7) 47
[15:55:01.149]: (0.0, 1.0, 1.7) 47
[15:55:01.170]: (0.0, 1.0, 1.7) 47
[15:55:01.193]: (0.0, 1.0, 1.7) 47
[15:55:01.216]: (0.0, 1.0, 1.7) 47
[15:55:01.237]: (0.0, 1.0, 1.7) 47
[15:55:01.259]: (0.0, 1.0, 1.7) 47
[15:55:01.283]: (0.0, 1.0, 1.7) 47
[15:55:01.326]: (0.0, 1.0, 1.7) 47
[15:55:01.349]: (0.0, 1.0, 1.7) 47
[15:55:01.372]: (0.0, 1.0, 1.7) 47
[15:55:01.391]: (0.0, 1.0, 1.7) 47
[15:55:01.610]: (0.0, 1.1, 1.5) 45
[15:55:01.782]: (0.4, 1.5, 1.5) 48
[15:55:01.804]: (0.5, 1.5, 1.5) 49
[15:55:01.827]: (0.5, 1.6, 1.4) 49
[15:55:01.852]: (0.5, 1.6, 1.4) 49
[15:55:01.875]: (0.5, 1.6, 1.4) 49
[15:55:01.947]: (0.5, 1.7, 1.4) 49
[15:55:01.971]: (0.4, 1.7, 1.4) 49
[15:55:01.996]: (0.3, 1.8, 1.4) 48
[15:55:02.913]: (-0.2, 1.9, 1.5) 44
[15:55:02.937]: (-0.2, 1.9, 1.5) 44
[15:55:02.959]: (-0.2, 1.9, 1.5) 44
[15:55:02.981]: (-0.2, 1.9, 1.5) 44
[15:55:03.004]: (-0.2, 1.9, 1.5) 44
[15:55:03.406]: (-0.1, 2.4, 2.2) 53
[15:55:04.073]: (0.0, 2.8, 1.9) 53
[15:55:04.089]: (0.0, 2.8, 1.9) 53
[15:55:04.106]: (0.0, 2.9, 1.9) 52
[15:55:04.127]: (0.0, 2.9, 2.0) 55
[15:55:04.148]: (0.0, 2.9, 2.0) 55
[15:55:04.165]: (0.0, 2.9, 2.0) 55
[15:55:04.184]: (0.0, 2.9, 2.0) 55
[15:55:04.201]: (0.0, 2.9, 2.0) 55
[15:55:04.218]: (0.0, 2.9, 2.0) 55
[15:55:04.266]: (-0.9, 2.7, 1.9) 60
[15:55:04.330]: (-1.9, 3.3, 3.1) 12
[15:55:04.473]: (-2.0, 3.2, 2.9) 13
[15:55:04.490]: (-2.1, 3.4, 3.2) 11
[15:55:04.513]: (-2.0, 3.2, 2.8) 13
[15:55:04.536]: (-2.0, 3.2, 2.9) 13
[15:55:04.557]: (-2.0, 3.2, 2.9) 13
[15:55:04.581]: (-2.0, 3.2, 2.9) 13
[15:55:04.602]: (-2.0, 3.2, 2.8) 13
[15:55:04.624]: (-2.0, 3.2, 2.8) 13
[15:55:04.647]: (-2.0, 3.2, 2.9) 13
[15:55:05.074]: (-1.3, 3.5, 2.9) 13
[15:55:05.096]: (-1.3, 3.5, 2.8) 13
[15:55:05.285]: (-1.2, 3.8, 3.2) 9
[15:55:05.302]: (-1.2, 3.7, 3.2) 9
[15:55:05.318]: (-1.2, 3.7, 3.2) 9
[15:55:05.337]: (-1.2, 3.7, 3.2) 9
[15:55:05.354]: (-1.2, 3.7, 3.2) 9
[15:55:05.375]: (-1.2, 3.7, 3.2) 9
[15:55:05.395]: (-1.2, 3.7, 3.2) 9
[15:55:05.411]: (-1.4, 3.6, 3.2) 11
[15:55:05.428]: (-1.3, 3.6, 3.1) 10
[15:55:05.445]: (-1.3, 3.6, 3.1) 10
[15:55:05.581]: (-1.3, 3.6, 3.2) 11
[15:55:05.602]: (-1.4, 3.6, 3.2) 11
[15:55:05.625]: (-1.4, 3.6, 3.2) 11
[15:55:05.646]: (-1.4, 3.6, 3.2) 11
[15:55:05.669]: (-1.3, 3.4, 2.9) 13
[15:55:05.691]: (-1.3, 3.4, 2.9) 13
[15:55:05.712]: (-1.3, 3.4, 2.9) 13
[15:55:05.738]: (-1.3, 3.4, 2.9) 13
[15:55:05.757]: (-1.4, 3.4, 2.9) 13
[15:55:05.779]: (-1.4, 3.4, 2.9) 13
[15:55:05.824]: (-1.4, 3.5, 3.0) 12
[15:55:06.063]: (-2.1, 3.4, 3.0) 9
[15:55:06.488]: (-2.3, 3.2, 2.3) 13
[15:55:06.525]: (-2.3, 3.2, 2.3) 13
[15:55:06.572]: (-2.3, 3.2, 2.3) 13
[15:55:06.635]: (-2.2, 3.3, 2.6) 12
[15:55:06.946]: (-2.2, 3.3, 2.6) 12
[15:55:07.021]: (-2.3, 3.2, 2.3) 13
[15:55:07.039]: (-2.2, 3.2, 2.3) 13
[15:55:07.055]: (-2.2, 3.2, 2.3) 13
[15:55:07.071]: (-2.2, 3.2, 2.3) 13
[15:55:07.088]: (-2.2, 3.2, 2.3) 13
[15:55:07.106]: (-2.2, 3.2, 2.3) 13
[15:55:07.125]: (-2.2, 3.2, 2.3) 13
[15:55:07.159]: (-2.3, 3.3, 2.5) 12
[15:55:07.178]: (-2.3, 3.3, 2.5) 12
[15:55:07.195]: (-2.3, 3.3, 2.4) 12
[15:55:07.214]: (-2.3, 3.3, 2.4) 12
[15:55:07.230]: (-2.4, 3.3, 2.4) 12
[15:55:07.248]: (-2.4, 3.3, 2.5) 12
[15:55:07.329]: (-2.3, 3.2, 2.3) 13
[15:55:07.351]: (-2.3, 3.2, 2.2) 13
[15:55:07.373]: (-2.3, 3.2, 2.2) 13
[15:55:07.394]: (-2.3, 3.2, 2.2) 13
[15:55:07.417]: (-2.3, 3.2, 2.2) 13
[15:55:07.521]: (-2.4, 3.4, 2.5) 11
[15:55:07.543]: (-2.4, 3.4, 2.5) 11
[15:55:07.566]: (-2.3, 3.4, 2.5) 11
[15:55:07.590]: (-2.3, 3.4, 2.5) 11
[15:55:07.728]: (-2.0, 3.4, 2.4) 12
[15:55:08.689]: (-1.9, 5.7, 3.4) 25
[15:55:08.734]: (-1.9, 5.7, 3.4) 25
[15:55:08.758]: (-1.9, 5.7, 3.4) 25
[15:55:08.823]: (-1.9, 5.7, 3.4) 25
[15:55:08.844]: (-1.4, 4.2, 2.1) 11
[15:55:08.867]: (-1.4, 4.2, 2.0) 11
[15:55:08.956]: (-1.4, 4.2, 2.0) 11
[15:55:08.979]: (-1.9, 5.7, 3.4) 25
[15:55:09.069]: (-1.8, 5.7, 3.4) 25
[15:55:09.091]: (-1.8, 5.7, 3.4) 25
[15:55:09.114]: (-1.9, 5.7, 3.3) 25
[15:55:09.137]: (-1.9, 5.7, 3.3) 25
[15:55:09.161]: (-1.3, 3.9, 1.8) 13
[15:55:09.183]: (-1.3, 3.9, 1.8) 13
[15:55:09.206]: (-1.4, 4.2, 2.0) 10
[15:55:09.232]: (-1.4, 4.1, 2.0) 10
[15:55:09.253]: (-1.3, 3.9, 1.7) 13
[15:55:09.276]: (-1.3, 3.9, 1.8) 13
[15:55:09.364]: (-1.4, 4.1, 1.9) 14
[15:55:09.540]: (-1.3, 3.9, 2.2) 11
[15:55:09.561]: (-1.3, 3.9, 2.2) 11
[15:55:09.584]: (-1.2, 3.6, 2.0) 13
[15:55:09.605]: (-1.2, 3.6, 2.0) 13
[15:55:09.626]: (-1.2, 3.6, 2.0) 13
[15:55:09.667]: (-1.1, 3.6, 2.0) 13
[15:55:09.690]: (-1.1, 3.6, 2.0) 13
[15:55:09.713]: (-1.3, 3.7, 2.2) 12
[15:55:09.735]: (-1.2, 3.6, 2.2) 12
[15:55:09.896]: (-1.5, 5.1, 3.7) 22
[15:55:09.918]: (-1.6, 5.1, 3.6) 22
[15:55:10.283]: (-0.9, 5.3, 3.7) 21
[15:55:10.355]: (-0.6, 3.9, 2.2) 10
[15:55:10.374]: (-0.6, 3.9, 2.2) 10
[15:55:10.391]: (-0.6, 3.9, 2.2) 10
[15:55:10.410]: (-0.6, 3.8, 2.2) 10
[15:55:10.433]: (-0.6, 3.9, 2.2) 10
[15:55:10.455]: (-0.6, 3.9, 2.2) 10
[15:55:10.478]: (-0.6, 3.9, 2.2) 10
[15:55:10.500]: (-0.6, 3.9, 2.2) 10
[15:55:10.522]: (-0.6, 3.8, 2.2) 10
[15:55:10.543]: (-0.6, 3.8, 2.2) 10
[15:55:10.566]: (-0.6, 3.8, 2.2) 10
[15:55:10.588]: (-0.6, 3.8, 2.2) 12
[15:55:10.610]: (-0.6, 3.8, 2.2) 12
[15:55:10.633]: (-0.6, 3.7, 2.2) 12
[15:55:10.655]: (-0.6, 3.7, 2.2) 12
[15:55:10.679]: (-0.6, 3.7, 2.2) 12
[15:55:10.701]: (-0.6, 3.7, 2.2) 12
[15:55:10.721]: (-0.6, 3.8, 2.2) 12
[15:55:10.744]: (-0.6, 3.7, 2.2) 12
[15:55:10.767]: (-0.6, 3.7, 2.2) 12
[15:55:10.788]: (-0.6, 3.7, 2.2) 12
[15:55:10.807]: (-0.6, 3.7, 2.2) 12
[15:55:10.824]: (-0.6, 3.7, 2.2) 12
[15:55:10.840]: (-0.6, 3.7, 2.2) 12
[15:55:10.857]: (-0.6, 3.7, 2.2) 12
[15:55:10.873]: (-0.9, 5.2, 3.8) 20
[15:55:10.890]: (-0.9, 5.1, 3.8) 23
[15:55:10.907]: (-0.9, 5.1, 3.8) 23
[15:55:11.130]: (-0.9, 5.1, 3.8) 23
[15:55:11.149]: (-0.9, 5.1, 3.8) 23
[15:55:11.168]: (-0.8, 5.1, 3.6) 24
[15:55:11.186]: (-0.9, 5.3, 3.7) 21
[15:55:11.204]: (-0.8, 5.2, 3.6) 24
[15:55:11.337]: (-0.6, 4.0, 2.1) 11
[15:55:11.428]: (-0.5, 3.7, 1.8) 13
[15:55:11.449]: (-0.5, 3.7, 1.8) 13
[15:55:11.513]: (-0.5, 3.7, 1.8) 13
[15:55:11.536]: (-0.5, 3.7, 1.8) 13
[15:55:11.624]: (-0.7, 3.9, 2.0) 10
[15:55:11.647]: (-0.7, 3.9, 2.0) 10
[15:55:11.671]: (-0.7, 3.9, 2.0) 10
[15:55:11.695]: (-0.7, 3.8, 1.9) 12
[15:55:11.719]: (-0.7, 3.8, 1.9) 12
[15:55:11.742]: (-0.7, 3.8, 1.9) 12
[15:55:11.764]: (-0.7, 3.8, 1.9) 12
[15:55:11.786]: (-0.7, 3.8, 1.9) 12
[15:55:11.809]: (-0.6, 3.8, 1.8) 12
[15:55:11.830]: (-0.6, 3.8, 1.8) 12
[15:55:11.892]: (-0.6, 3.8, 1.8) 12
[15:55:11.914]: (-0.6, 3.8, 1.8) 12
[15:55:11.938]: (-0.6, 3.8, 1.8) 12
[15:55:11.960]: (-0.6, 3.9, 2.0) 9
[15:55:12.162]: (-0.4, 3.7, 1.9) 12
[15:55:12.186]: (-0.4, 3.8, 2.0) 10
[15:55:12.212]: (-0.4, 3.7, 2.0) 10
[15:55:12.234]: (-0.4, 3.8, 2.0) 10
[15:55:12.271]: (-0.4, 3.8, 2.0) 10
[15:55:12.320]: (-0.4, 3.8, 2.0) 10
[15:55:12.356]: (-0.5, 3.7, 2.2) 9
[15:55:12.388]: (-0.5, 3.7, 2.2) 9
[15:55:12.488]: (-0.5, 3.7, 2.1) 9
[15:55:13.153]: (-0.4, 3.7, 2.1) 10
[15:55:13.176]: (-0.4, 3.6, 2.0) 12
[15:55:13.201]: (-0.4, 3.6, 2.0) 12
[15:55:13.220]: (-0.4, 3.7, 2.0) 10
[15:55:13.243]: (-0.4, 3.7, 2.0) 10
[15:55:13.266]: (-0.4, 3.7, 2.0) 10
[15:55:13.288]: (-0.4, 3.7, 2.0) 10
[15:55:13.309]: (-0.4, 3.7, 2.0) 10
[15:55:13.333]: (-0.4, 3.7, 2.1) 10
[15:55:13.355]: (-0.4, 3.7, 2.1) 10
[15:55:13.376]: (-0.4, 3.7, 2.0) 10
[15:55:13.400]: (-0.4, 3.7, 2.1) 10
[15:55:13.421]: (-0.4, 3.7, 2.1) 10
[15:55:13.442]: (-0.4, 3.7, 2.1) 10
[15:55:13.486]: (-0.4, 3.7, 2.0) 10
[15:55:13.511]: (-0.4, 3.7, 2.1) 10
[15:55:13.531]: (-0.4, 3.7, 2.0) 10
[15:55:13.554]: (-0.4, 3.7, 2.0) 10
[15:55:13.576]: (-0.4, 3.7, 2.0) 10
[15:55:13.599]: (-0.4, 3.7, 2.0) 10
[15:55:13.620]: (-0.4, 3.7, 2.0) 10
[15:55:13.643]: (-0.4, 3.7, 2.0) 10
[15:55:13.666]: (-0.4, 3.7, 2.0) 10
[15:55:13.687]: (-0.4, 3.7, 2.0) 10
[15:55:13.709]: (-0.4, 3.7, 2.0) 10
[15:55:13.733]: (-0.4, 3.7, 2.0) 10
[15:55:13.755]: (-0.4, 3.7, 2.0) 10
[15:55:13.778]: (-0.4, 3.7, 2.0) 10
[15:55:13.801]: (-0.4, 3.7, 2.0) 10
[15:55:13.824]: (-0.4, 3.7, 2.0) 10
[15:55:13.847]: (-0.4, 3.7, 2.0) 10
[15:55:13.869]: (-0.4, 3.7, 2.0) 10
[15:55:13.892]: (-0.4, 3.7, 2.1) 10
[15:55:13.915]: (-0.4, 3.7, 2.1) 10
[15:55:13.935]: (-0.4, 3.7, 2.1) 10
[15:55:13.958]: (-0.4, 3.7, 2.1) 10
[15:55:13.981]: (-0.4, 3.7, 2.1) 10
[15:55:14.002]: (-0.4, 3.7, 2.1) 10
[15:55:14.025]: (-0.4, 3.7, 2.1) 10
[15:55:14.047]: (-0.4, 3.7, 2.1) 10
[15:55:14.069]: (-0.4, 3.7, 2.1) 10
[15:55:14.092]: (-0.5, 3.6, 2.0) 12
[15:55:14.115]: (-0.5, 3.6, 2.0) 12
[15:55:14.136]: (-0.5, 3.6, 2.0) 12
[15:55:14.158]: (-0.5, 3.6, 2.0) 12
[15:55:14.181]: (-0.5, 3.6, 2.0) 12
[15:55:14.202]: (-0.5, 3.6, 2.0) 12
[15:55:14.225]: (-0.5, 3.6, 2.0) 12
[15:55:14.247]: (-0.5, 3.6, 2.0) 12
[15:55:14.269]: (-0.5, 3.6, 2.0) 12
[15:55:14.288]: (-0.5, 3.6, 2.0) 12
[15:55:14.305]: (-0.5, 3.6, 2.0) 12
[15:55:14.323]: (-0.5, 3.6, 2.0) 12
[15:55:14.340]: (-0.5, 3.6, 2.0) 12
[15:55:14.358]: (-0.5, 3.6, 2.0) 12
[15:55:14.430]: (-0.5, 3.6, 2.0) 12
[15:55:14.574]: (-0.6, 3.8, 2.1) 9
[15:55:15.021]: (-0.4, 3.7, 2.1) 10
[15:55:15.046]: (-0.4, 3.6, 1.9) 12
[15:55:15.067]: (-0.4, 3.6, 2.0) 12
[15:55:15.089]: (-0.4, 3.7, 2.0) 12
[15:55:15.110]: (-0.4, 3.6, 1.9) 12
[15:55:15.133]: (-0.4, 3.6, 1.9) 12
[15:55:15.154]: (-0.4, 3.6, 1.9) 12
