[15:51:09.070]: (-1.2, -0.7, 0.3) 4
[15:51:09.436]: (-0.5, 0.1, 2.5) 7
[15:51:09.558]: (-0.4, 0.4, 2.5) 7
[15:51:09.581]: (-0.4, 0.5, 2.5) 7
[15:51:09.602]: (-0.4, 0.5, 2.6) 9
[15:51:09.625]: (-0.4, 0.6, 2.5) 7
[15:51:09.645]: (-0.4, 0.6, 2.5) 7
[15:51:09.667]: (-0.4, 0.7, 2.5) 7
[15:51:09.692]: (-0.4, 0.7, 2.5) 7
[15:51:09.796]: (-0.5, 0.9, 2.6) 5
[15:51:09.812]: (-0.6, 1.0, 2.5) 6
[15:51:10.856]: (0.3, 2.4, 2.2) 7
[15:51:10.921]: (0.3, 2.5, 2.1) 7
[15:51:10.966]: (0.3, 2.5, 2.1) 7
[15:51:10.989]: (0.3, 2.5, 2.1) 7
[15:51:11.188]: (0.1, 2.4, 2.2) 5
[15:51:11.207]: (0.1, 2.4, 2.2) 5
[15:51:11.228]: (0.1, 2.4, 2.2) 5
[15:51:11.252]: (0.1, 2.4, 2.2) 5
[15:51:11.273]: (0.1, 2.4, 2.2) 5
[15:51:11.297]: (0.1, 2.4, 2.2) 5
[15:51:11.319]: (0.1, 2.4, 2.2) 5
[15:51:11.342]: (0.1, 2.5, 2.2) 5
[15:51:11.366]: (0.1, 2.4, 2.2) 5
[15:51:11.388]: (0.1, 2.5, 2.2) 5
[15:51:11.410]: (0.1, 2.5, 2.3) 5
[15:51:11.611]: (0.1, 2.4, 2.1) 6
[15:51:11.637]: (0.1, 2.4, 2.1) 6
[15:51:12.292]: (0.1, 2.5, 2.1) 8
[15:51:12.309]: (0.1, 2.5, 2.0) 5
[15:51:12.327]: (0.1, 2.5, 2.0) 5
[15:51:12.343]: (0.1, 2.5, 2.0) 5
[15:51:12.360]: (0.1, 2.5, 2.0) 5
[15:51:12.376]: (0.1, 2.5, 2.0) 5
[15:51:12.395]: (0.1, 2.5, 2.0) 5
[15:51:12.417]: (0.1, 2.4, 2.0) 6
[15:51:12.439]: (0.1, 2.5, 2.0) 5
[15:51:12.461]: (0.0, 2.4, 2.0) 6
[15:51:12.485]: (0.0, 2.4, 2.0) 6
[15:51:12.507]: (0.0, 2.4, 2.0) 6
[15:51:12.528]: (0.0, 2.4, 2.0) 6
[15:51:12.551]: (0.0, 2.4, 2.0) 6
[15:51:12.574]: (0.1, 2.4, 2.0) 6
[15:51:12.595]: (0.1, 2.4, 2.0) 6
[15:51:12.617]: (0.1, 2.4, 2.0) 6
[15:51:12.639]: (0.1, 2.4, 2.0) 6
[15:51:12.661]: (0.1, 2.5, 2.0) 5
[15:51:12.684]: (0.1, 2.5, 2.0) 5
[15:51:12.706]: (0.1, 2.5, 2.0) 5
[15:51:12.731]: (0.1, 2.5, 2.0) 5
[15:51:12.751]: (0.0, 2.4, 2.0) 6
[15:51:12.773]: (0.0, 2.4, 1.9) 6
[15:51:12.790]: (0.0, 2.4, 1.9) 6
[15:51:12.808]: (0.0, 2.4, 1.9) 6
[15:51:13.146]: (0.0, 2.7, 1.7) 7
[15:51:13.191]: (-0.1, 2.7, 1.7) 7
[15:51:13.213]: (-0.1, 2.6, 1.6) 7
[15:51:13.234]: (-0.1, 2.6, 1.6) 7
[15:51:13.255]: (-0.1, 2.6, 1.6) 7
[15:51:13.277]: (-0.1, 2.6, 1.6) 7
[15:51:13.298]: (-0.1, 2.7, 1.7) 9
[15:51:13.338]: (-0.2, 2.7, 1.8) 8
[15:51:13.392]: (-0.3, 2.7, 1.8) 8
[15:51:13.415]: (-0.2, 2.7, 1.8) 8
[15:51:13.439]: (-0.3, 2.6, 1.7) 5
[15:51:13.474]: (-0.3, 2.6, 1.7) 5
[15:51:13.506]: (-0.3, 2.5, 1.7) 5
[15:51:13.540]: (-0.3, 2.5, 1.7) 5
[15:51:13.572]: (-0.3, 2.6, 1.7) 5
[15:51:13.606]: (-0.3, 2.6, 1.7) 5
[15:51:13.639]: (-0.3, 2.6, 1.7) 5
[15:51:13.673]: (-0.3, 2.6, 1.7) 5
[15:51:13.706]: (-0.3, 2.6, 1.7) 5
[15:51:13.741]: (-0.2, 2.6, 1.7) 5
[15:51:13.773]: (-0.2, 2.6, 1.7) 5
[15:51:13.808]: (-0.3, 2.7, 1.8) 8
[15:51:13.939]: (-0.3, 2.7, 1.8) 8
[15:51:13.972]: (-0.3, 2.7, 1.8) 8
[15:51:14.006]: (-0.3, 2.7, 1.8) 8
[15:51:14.041]: (-0.2, 2.6, 1.7) 5
[15:51:14.073]: (-0.2, 2.6, 1.7) 5
[15:51:14.106]: (-0.2, 2.6, 1.7) 5
[15:51:14.487]: (-0.2, 2.9, 1.2) 5
[15:51:14.509]: (-0.3, 2.9, 1.2) 5
[15:51:14.533]: (-0.3, 2.9, 1.2) 5
[15:51:14.552]: (-0.3, 3.0, 1.1) 5
[15:51:14.574]: (-0.3, 2.9, 1.1) 5
[15:51:14.599]: (-0.3, 2.9, 1.1) 5
[15:51:14.619]: (-0.3, 2.9, 1.2) 5
[15:51:14.638]: (-0.3, 2.9, 1.2) 5
[15:51:14.662]: (-0.3, 2.9, 1.2) 5
[15:51:14.687]: (-0.3, 2.9, 1.2) 5
[15:51:14.708]: (-0.3, 2.9, 1.2) 5
[15:51:14.728]: (-0.3, 2.9, 1.2) 5
[15:51:14.772]: (-0.3, 2.9, 1.2) 6
[15:51:14.795]: (-0.3, 2.8, 1.2) 6
[15:51:14.817]: (-0.3, 2.8, 1.2) 6
[15:51:14.839]: (-0.3, 2.8, 1.2) 6
[15:51:14.863]: (-0.3, 2.8, 1.2) 6
[15:51:14.885]: (-0.4, 2.8, 1.2) 6
[15:51:14.909]: (-0.3, 2.8, 1.2) 6
[15:51:14.932]: (-0.4, 2.8, 1.2) 6
[15:51:14.954]: (-0.3, 2.8, 1.2) 6
[15:51:14.977]: (-0.3, 2.8, 1.2) 6
[15:51:14.998]: (-0.3, 2.8, 1.2) 6
[15:51:15.021]: (-0.3, 2.8, 1.2) 6
[15:51:15.045]: (-0.3, 2.8, 1.2) 6
[15:51:15.115]: (-0.3, 2.8, 1.2) 6
[15:51:15.152]: (-0.3, 2.9, 1.2) 6
[15:51:15.219]: (-0.3, 2.9, 1.2) 6
[15:51:15.241]: (-0.3, 2.9, 1.2) 6
[15:51:15.263]: (-0.3, 2.9, 1.2) 6
[15:51:15.285]: (-0.3, 2.9, 1.2) 6
[15:51:15.308]: (-0.3, 2.9, 1.1) 6
[15:51:15.330]: (-0.3, 2.8, 1.1) 6
[15:51:15.352]: (-0.3, 2.8, 1.1) 6
[15:51:15.370]: (-0.3, 2.8, 1.1) 6
[15:51:15.387]: (-0.3, 2.8, 1.1) 6
[15:51:15.420]: (-0.3, 2.8, 1.1) 6
[15:51:15.439]: (-0.3, 2.8, 1.1) 6
[15:51:15.461]: (-0.3, 2.9, 1.1) 5
[15:51:15.481]: (-0.3, 2.9, 1.1) 5
[15:51:15.503]: (-0.2, 3.0, 1.2) 8
[15:51:15.523]: (-0.2, 2.9, 1.1) 5
[15:51:15.544]: (-0.2, 2.8, 1.1) 5
[15:51:15.566]: (-0.1, 3.0, 1.3) 10
[15:51:15.586]: (-0.1, 2.8, 1.1) 5
[15:51:15.607]: (-0.2, 2.8, 1.1) 5
[15:51:15.629]: (-0.2, 2.8, 1.1) 5
[15:51:15.650]: (-0.2, 2.8, 1.1) 5
[15:51:15.667]: (-0.2, 2.8, 1.1) 5
[15:51:15.685]: (-0.1, 2.8, 1.1) 5
[15:51:15.702]: (-0.2, 2.8, 1.1) 5
[15:51:15.719]: (-0.1, 2.7, 1.2) 5
[15:51:15.736]: (-0.1, 2.7, 1.2) 5
[15:51:15.753]: (-0.1, 2.7, 1.2) 5
[15:51:15.772]: (-0.1, 2.7, 1.2) 5
[15:51:15.983]: (-0.1, 2.7, 1.2) 5
[15:51:16.005]: (-0.1, 2.7, 1.2) 5
[15:51:16.027]: (-0.1, 2.7, 1.2) 5
[15:51:16.049]: (-0.1, 2.7, 1.2) 5
[15:51:16.071]: (-0.1, 2.7, 1.2) 5
[15:51:16.094]: (-0.2, 2.7, 1.2) 5
[15:51:16.117]: (-0.2, 2.7, 1.2) 5
[15:51:16.138]: (-0.2, 2.8, 1.2) 5
[15:51:16.161]: (-0.2, 2.8, 1.2) 5
[15:51:16.183]: (-0.2, 2.8, 1.2) 5
[15:51:16.205]: (-0.2, 2.8, 1.2) 5
[15:51:16.227]: (-0.2, 2.8, 1.2) 5
[15:51:16.251]: (-0.2, 2.8, 1.2) 5
[15:51:16.271]: (-0.2, 2.8, 1.2) 5
[15:51:16.293]: (-0.2, 2.8, 1.2) 5
[15:51:16.316]: (-0.2, 2.8, 1.2) 5
[15:51:16.338]: (-0.2, 2.8, 1.2) 5
[15:51:16.354]: (-0.2, 2.8, 1.2) 5
[15:51:16.373]: (-0.2, 2.8, 1.2) 5
[15:51:16.390]: (-0.2, 2.8, 1.2) 5
[15:51:16.407]: (-0.2, 2.7, 1.2) 5
[15:51:16.425]: (-0.2, 2.7, 1.2) 5
[15:51:16.441]: (-0.2, 2.7, 1.2) 5
[15:51:16.457]: (-0.2, 2.7, 1.2) 5
[15:51:16.474]: (-0.2, 2.7, 1.2) 5
[15:51:16.492]: (-0.2, 2.7, 1.2) 5
[15:51:16.509]: (-0.2, 2.7, 1.2) 5
[15:51:16.525]: (-0.2, 2.7, 1.2) 5
[15:51:16.542]: (-0.2, 2.7, 1.2) 5
[15:51:16.560]: (-0.2, 2.7, 1.2) 5
[15:51:16.577]: (-0.2, 2.7, 1.2) 5
[15:51:16.593]: (-0.2, 2.7, 1.2) 5
[15:51:16.609]: (-0.2, 2.7, 1.2) 5
[15:51:16.624]: (-0.2, 2.7, 1.2) 5
[15:51:16.640]: (-0.1, 2.7, 1.2) 5
[15:51:16.658]: (-0.1, 2.7, 1.2) 5
[15:51:16.674]: (-0.1, 2.7, 1.2) 5
[15:51:16.692]: (-0.1, 2.7, 1.2) 5
[15:51:16.707]: (-0.1, 2.7, 1.2) 5
[15:51:16.724]: (-0.1, 2.7, 1.2) 5
[15:51:16.740]: (-0.1, 2.7, 1.2) 5
[15:51:16.759]: (-0.1, 2.7, 1.2) 5
[15:51:16.774]: (-0.1, 2.7, 1.2) 5
[15:51:16.791]: (-0.1, 2.7, 1.2) 5
[15:51:16.808]: (-0.1, 2.7, 1.2) 5
[15:51:16.825]: (-0.1, 2.7, 1.2) 5
[15:51:16.842]: (-0.1, 2.7, 1.2) 5
[15:51:16.860]: (-0.1, 2.7, 1.2) 5
[15:51:16.883]: (-0.1, 2.7, 1.2) 5
[15:51:16.905]: (-0.1, 2.7, 1.2) 5
[15:51:16.929]: (-0.1, 2.7, 1.2) 5
[15:51:16.953]: (-0.2, 2.7, 1.2) 5
[15:51:16.971]: (-0.1, 2.7, 1.2) 5
[15:51:16.996]: (-0.1, 2.7, 1.2) 5
[15:51:17.017]: (-0.1, 2.7, 1.2) 5
[15:51:17.039]: (-0.2, 2.7, 1.2) 5
[15:51:17.062]: (-0.2, 2.7, 1.2) 5
[15:51:17.083]: (-0.2, 2.7, 1.2) 5
[15:51:17.105]: (-0.2, 2.7, 1.2) 5
[15:51:17.128]: (-0.2, 2.7, 1.2) 5
[15:51:17.152]: (-0.2, 2.7, 1.2) 5
[15:51:17.609]: (0.2, 2.1, 0.8) 1
[15:51:17.628]: (0.2, 2.1, 0.8) 1
[15:51:17.645]: (0.2, 2.1, 0.8) 1
[15:51:17.663]: (0.2, 2.1, 0.8) 1
[15:51:17.682]: (0.2, 2.1, 0.8) 1
[15:51:17.700]: (0.2, 2.1, 0.8) 1
[15:51:17.719]: (0.2, 2.1, 0.8) 1
[15:51:18.665]: (0.2, 2.2, 0.8) 1
[15:51:18.683]: (0.2, 2.2, 0.8) 1
[15:51:18.726]: (0.2, 2.1, 0.8) 1
[15:51:18.749]: (0.2, 2.1, 0.8) 1
