[15:51:50.491]: (-1.2, -0.8, 0.2) 12
[15:51:50.760]: (-0.8, -0.4, 1.2) 12
[15:51:50.782]: (-0.7, -0.4, 1.2) 12
[15:51:51.042]: (0.0, 0.5, 1.8) 15
[15:51:51.257]: (0.3, 1.1, 1.7) 10
[15:51:51.283]: (0.3, 1.1, 1.7) 10
[15:51:51.318]: (0.3, 1.1, 1.7) 10
[15:51:51.351]: (0.3, 1.2, 1.7) 10
[15:51:51.379]: (0.3, 1.2, 1.8) 10
[15:51:51.413]: (0.2, 1.2, 1.8) 10
[15:51:51.449]: (0.3, 1.2, 1.8) 10
[15:51:51.479]: (0.2, 1.2, 1.7) 10
[15:51:51.514]: (0.2, 1.2, 1.8) 10
[15:51:51.546]: (0.3, 1.2, 1.7) 10
[15:51:51.580]: (0.2, 1.1, 1.7) 10
[15:51:51.614]: (0.2, 1.1, 1.7) 10
[15:51:51.646]: (0.2, 1.2, 1.7) 10
[15:51:52.440]: (0.3, 2.3, 1.3) 15
[15:51:52.662]: (-0.6, 2.6, 2.0) 0
[15:51:52.704]: (-0.7, 2.6, 1.9) 1
[15:51:52.727]: (-0.7, 2.6, 1.9) 1
[15:51:52.755]: (-0.7, 2.6, 1.9) 1
[15:51:52.774]: (-0.7, 2.6, 1.9) 1
[15:51:52.792]: (-0.7, 2.6, 1.9) 1
[15:51:52.883]: (-0.8, 2.6, 1.9) 1
[15:51:52.950]: (-0.8, 2.6, 1.9) 1
[15:51:52.971]: (-0.7, 2.6, 1.9) 1
[15:51:52.994]: (-0.8, 2.6, 1.9) 1
[15:51:53.015]: (-0.7, 2.6, 1.9) 1
[15:51:53.037]: (-0.7, 2.6, 1.9) 1
[15:51:53.059]: (-0.8, 2.7, 1.9) 1
[15:51:53.076]: (-0.7, 2.6, 1.9) 1
[15:51:53.092]: (-0.7, 2.6, 1.9) 1
[15:51:53.109]: (-0.7, 2.7, 1.9) 1
[15:51:53.125]: (-0.7, 2.7, 1.9) 1
[15:51:53.141]: (-0.7, 2.7, 1.9) 1
[15:51:53.159]: (-0.7, 2.7, 1.9) 1
[15:51:53.175]: (-0.7, 2.7, 1.9) 1
[15:51:53.287]: (-0.7, 2.8, 2.0) 3
[15:51:53.305]: (-0.7, 2.8, 2.1) 3
[15:51:53.327]: (-0.8, 3.3, 2.9) 22
[15:51:53.448]: (-0.7, 3.3, 2.9) 22
[15:51:53.470]: (-0.7, 3.3, 2.8) 22
[15:51:53.489]: (-0.7, 3.3, 2.9) 22
[15:51:53.510]: (-0.6, 2.7, 1.9) 0
[15:51:53.532]: (-0.6, 2.7, 1.9) 0
[15:51:53.728]: (-0.7, 2.8, 1.8) 0
[15:51:53.760]: (-0.8, 2.8, 1.8) 3
[15:51:54.192]: (-0.8, 2.7, 1.7) 1
[15:51:54.223]: (-0.8, 2.7, 1.7) 1
[15:51:54.257]: (-0.8, 2.6, 1.7) 1
[15:51:54.290]: (-0.8, 2.7, 1.7) 1
[15:51:54.324]: (-0.8, 2.6, 1.7) 1
[15:51:54.346]: (-0.8, 2.7, 1.7) 1
[15:51:54.368]: (-0.8, 2.7, 1.7) 1
[15:51:54.392]: (-0.8, 2.7, 1.7) 1
[15:51:54.411]: (-0.8, 2.7, 1.7) 1
[15:51:54.434]: (-0.8, 2.7, 1.7) 1
[15:51:54.457]: (-0.8, 2.7, 1.7) 1
[15:51:54.478]: (-0.8, 2.7, 1.7) 1
[15:51:54.500]: (-0.8, 2.7, 1.7) 1
[15:51:54.524]: (-0.8, 2.8, 1.9) 3
[15:51:54.544]: (-0.8, 2.8, 1.9) 3
[15:51:54.567]: (-0.8, 2.8, 1.9) 3
[15:51:54.589]: (-0.8, 2.7, 1.7) 1
[15:51:54.634]: (-0.8, 2.7, 1.7) 1
[15:51:54.656]: (-0.8, 2.7, 1.7) 1
[15:51:54.682]: (-0.8, 2.7, 1.7) 1
[15:51:54.704]: (-0.8, 2.7, 1.7) 1
[15:51:54.725]: (-0.8, 2.7, 1.7) 1
[15:51:54.748]: (-0.7, 2.7, 1.7) 1
[15:51:54.770]: (-0.7, 2.7, 1.7) 1
[15:51:54.792]: (-0.7, 3.5, 2.5) 22
[15:51:54.858]: (-0.6, 2.9, 1.8) 5
[15:51:54.880]: (-0.6, 2.8, 1.6) 0
[15:51:55.061]: (-0.7, 2.9, 1.5) 0
[15:51:55.151]: (-0.7, 2.8, 1.5) 0
[15:51:55.174]: (-0.7, 2.8, 1.5) 0
[15:51:55.192]: (-0.7, 2.8, 1.5) 0
[15:51:55.214]: (-0.7, 2.8, 1.5) 0
[15:51:55.237]: (-0.7, 2.9, 1.5) 0
[15:51:55.259]: (-0.7, 2.8, 1.5) 0
[15:51:55.303]: (-0.7, 2.9, 1.5) 0
[15:51:55.327]: (-0.7, 2.8, 1.5) 1
[15:51:55.349]: (-0.7, 2.8, 1.5) 0
[15:51:55.370]: (-0.7, 2.9, 1.5) 0
[15:51:55.392]: (-0.7, 2.8, 1.5) 0
[15:51:55.414]: (-0.7, 2.8, 1.5) 0
[15:51:55.438]: (-0.7, 2.9, 1.5) 0
[15:51:55.946]: (-0.7, 2.9, 1.5) 0
[15:51:55.966]: (-0.7, 2.9, 1.5) 0
[15:51:55.989]: (-0.7, 2.9, 1.5) 0
[15:51:56.011]: (-0.7, 2.8, 1.5) 0
[15:51:56.032]: (-0.7, 2.8, 1.5) 0
[15:51:56.056]: (-0.7, 2.8, 1.5) 0
[15:51:56.079]: (-0.7, 2.8, 1.5) 0
[15:51:56.099]: (-0.7, 2.8, 1.5) 0
[15:51:56.121]: (-0.7, 2.8, 1.5) 0
[15:51:56.144]: (-0.7, 2.8, 1.5) 0
[15:51:56.166]: (-0.7, 2.8, 1.5) 0
[15:51:56.189]: (-0.7, 2.8, 1.5) 0
[15:51:56.211]: (-0.7, 2.8, 1.5) 0
[15:51:56.233]: (-0.7, 2.9, 1.5) 0
[15:51:56.255]: (-0.7, 2.9, 1.5) 0
[15:51:56.277]: (-0.7, 2.9, 1.5) 0
[15:51:56.299]: (-0.7, 2.9, 1.5) 0
[15:51:56.322]: (-0.7, 2.9, 1.5) 0
[15:51:56.344]: (-0.7, 2.9, 1.5) 0
[15:51:56.367]: (-0.7, 2.9, 1.5) 0
[15:51:56.388]: (-0.7, 2.9, 1.5) 0
[15:51:56.410]: (-0.7, 2.9, 1.5) 0
[15:51:56.428]: (-0.7, 2.9, 1.5) 0
[15:51:56.446]: (-0.7, 2.9, 1.5) 0
[15:51:56.463]: (-0.7, 2.9, 1.5) 0
[15:51:56.479]: (-0.7, 2.9, 1.5) 0
[15:51:56.496]: (-0.7, 2.9, 1.5) 0
[15:51:56.513]: (-0.7, 2.9, 1.5) 0
[15:51:56.529]: (-0.7, 2.9, 1.5) 0
[15:51:56.545]: (-0.7, 2.9, 1.5) 0
[15:51:56.561]: (-0.7, 2.9, 1.5) 0
[15:51:56.578]: (-0.7, 2.9, 1.5) 0
[15:51:56.594]: (-0.7, 2.9, 1.5) 0
[15:51:56.609]: (-0.7, 2.9, 1.5) 0
[15:51:56.625]: (-0.7, 2.9, 1.5) 0
[15:51:56.641]: (-0.7, 2.9, 1.5) 0
[15:51:56.658]: (-0.7, 2.9, 1.5) 0
[15:51:56.675]: (-0.7, 2.9, 1.5) 0
[15:51:56.695]: (-0.7, 2.9, 1.5) 0
[15:51:56.711]: (-0.7, 2.9, 1.5) 0
[15:51:56.728]: (-0.7, 2.9, 1.5) 0
[15:51:56.746]: (-0.7, 2.9, 1.5) 0
[15:51:56.764]: (-0.7, 2.9, 1.5) 0
[15:51:56.779]: (-0.7, 2.9, 1.5) 0
[15:51:56.797]: (-0.7, 2.9, 1.5) 0
[15:51:56.813]: (-0.7, 2.9, 1.5) 0
[15:51:56.830]: (-0.7, 2.9, 1.5) 0
[15:51:56.847]: (-0.7, 2.9, 1.5) 0
[15:51:56.865]: (-0.7, 2.9, 1.5) 0
[15:51:56.889]: (-0.7, 2.9, 1.5) 0
[15:51:56.910]: (-0.7, 2.9, 1.5) 0
[15:51:56.933]: (-0.7, 2.9, 1.5) 0
[15:51:56.956]: (-0.7, 2.9, 1.5) 0
[15:51:56.977]: (-0.7, 2.9, 1.5) 0
[15:51:56.999]: (-0.7, 2.9, 1.5) 0
[15:51:57.021]: (-0.7, 2.9, 1.5) 0
[15:51:57.043]: (-0.7, 2.9, 1.5) 0
[15:51:57.065]: (-0.7, 2.9, 1.5) 0
[15:51:57.088]: (-0.7, 2.9, 1.5) 0
[15:51:57.110]: (-0.7, 2.9, 1.5) 0
[15:51:57.132]: (-0.7, 2.9, 1.5) 0
[15:51:57.155]: (-0.7, 2.9, 1.5) 0
[15:51:57.177]: (-0.7, 2.9, 1.5) 0
[15:51:57.199]: (-0.7, 2.9, 1.5) 0
[15:51:57.221]: (-0.7, 2.9, 1.5) 0
[15:51:57.243]: (-0.7, 2.9, 1.5) 0
[15:51:57.267]: (-0.7, 2.9, 1.5) 0
[15:51:57.293]: (-0.7, 2.9, 1.5) 0
[15:51:57.310]: (-0.7, 2.9, 1.5) 0
[15:51:57.339]: (-0.7, 2.9, 1.5) 0
[15:51:57.362]: (-0.7, 2.9, 1.5) 0
[15:51:57.380]: (-0.7, 2.9, 1.5) 0
[15:51:57.397]: (-0.7, 2.9, 1.5) 0
[15:51:57.418]: (-0.7, 2.9, 1.5) 0
[15:51:57.436]: (-0.7, 2.9, 1.5) 0
[15:51:57.453]: (-0.7, 2.9, 1.5) 0
[15:51:57.471]: (-0.7, 2.9, 1.5) 0
[15:51:57.489]: (-0.7, 2.9, 1.5) 0
[15:51:57.508]: (-0.7, 2.9, 1.5) 0
[15:51:57.667]: (-1.2, 3.8, 2.3) 21
[15:51:57.699]: (-1.2, 3.8, 2.3) 21
[15:51:57.845]: (-1.0, 3.6, 2.1) 23
[15:51:57.867]: (-1.0, 3.6, 2.1) 23
[15:51:57.889]: (-1.0, 3.6, 2.1) 23
[15:51:57.911]: (-1.0, 3.6, 2.1) 23
[15:51:57.935]: (-1.0, 3.6, 2.1) 23
[15:51:57.955]: (-1.0, 3.6, 2.1) 23
[15:51:58.157]: (-0.7, 3.0, 1.5) 3
