[15:55:48.032]: (-1.0, -0.8, -0.1) 6
[15:55:48.140]: (-1.1, -1.0, 0.0) 14
[15:55:48.165]: (-1.1, -1.0, 0.0) 14
[15:55:48.185]: (-1.0, -0.8, -0.1) 6
[15:55:48.375]: (-1.0, -0.8, 0.1) 10
[15:55:48.719]: (-0.4, 0.0, 1.5) 15
[15:55:48.743]: (-0.4, 0.1, 1.6) 15
[15:55:48.768]: (-0.3, 0.2, 1.6) 15
[15:55:48.791]: (-0.3, 0.3, 1.7) 15
[15:55:48.814]: (-0.3, 0.4, 1.7) 15
[15:55:48.857]: (-0.3, 0.6, 1.8) 12
[15:55:48.878]: (-0.2, 0.6, 1.8) 12
[15:55:49.507]: (-1.1, 1.0, 2.4) 1
[15:55:49.543]: (-1.1, 1.0, 2.4) 1
[15:55:49.585]: (-1.4, 0.8, 3.5) 22
[15:55:49.651]: (-1.4, 0.8, 3.6) 22
[15:55:49.741]: (-1.5, 0.9, 3.7) 21
[15:55:49.762]: (-1.4, 0.8, 3.7) 27
[15:55:50.324]: (-0.4, 2.7, 2.2) 3
[15:55:50.347]: (-0.3, 3.1, 3.1) 22
[15:55:50.370]: (-0.4, 2.6, 2.1) 0
[15:55:50.394]: (-0.4, 2.7, 2.2) 5
[15:55:50.417]: (-0.4, 3.1, 3.2) 20
[15:55:50.440]: (-0.4, 3.1, 3.1) 22
[15:55:50.461]: (-0.4, 3.1, 3.1) 22
[15:55:50.478]: (-0.4, 2.6, 2.3) 5
[15:55:50.496]: (-0.4, 2.5, 2.1) 0
[15:55:50.518]: (-0.4, 2.5, 2.1) 0
[15:55:50.542]: (-0.4, 2.5, 2.1) 0
[15:55:50.565]: (-0.4, 2.5, 2.1) 0
[15:55:50.583]: (-0.4, 2.6, 2.2) 3
[15:55:50.605]: (-0.5, 2.6, 2.2) 3
[15:55:50.628]: (-0.5, 2.6, 2.2) 3
[15:55:50.650]: (-0.5, 2.6, 2.2) 3
[15:55:50.673]: (-0.4, 2.5, 2.1) 0
[15:55:50.695]: (-0.4, 2.5, 2.1) 0
[15:55:50.717]: (-0.4, 2.5, 2.1) 0
[15:55:50.740]: (-0.4, 2.5, 2.1) 0
[15:55:50.763]: (-0.5, 2.5, 2.1) 0
[15:55:50.785]: (-0.4, 2.5, 2.1) 0
[15:55:50.807]: (-0.4, 2.5, 2.1) 0
[15:55:50.826]: (-0.4, 2.5, 2.1) 0
[15:55:50.842]: (-0.4, 2.5, 2.1) 0
[15:55:50.858]: (-0.4, 2.5, 2.1) 0
[15:55:50.874]: (-0.4, 2.5, 2.1) 0
[15:55:50.892]: (-0.4, 2.6, 2.2) 3
[15:55:50.909]: (-0.4, 2.6, 2.2) 3
[15:55:50.926]: (-0.4, 2.5, 2.1) 0
[15:55:50.944]: (-0.4, 2.5, 2.1) 0
[15:55:50.960]: (-0.4, 2.5, 2.1) 0
[15:55:50.976]: (-0.4, 2.5, 2.1) 0
[15:55:50.995]: (-0.4, 2.5, 2.1) 0
[15:55:51.012]: (-0.4, 2.6, 2.2) 3
[15:55:51.029]: (-0.4, 2.6, 2.2) 3
[15:55:51.045]: (-0.4, 2.6, 2.2) 3
[15:55:51.063]: (-0.4, 2.5, 2.1) 0
[15:55:51.080]: (-0.4, 2.5, 2.1) 0
[15:55:51.100]: (-0.4, 2.5, 2.0) 1
[15:55:51.119]: (-0.4, 2.5, 2.0) 1
[15:55:51.137]: (-0.5, 3.1, 3.3) 24
[15:55:51.183]: (-1.3, 2.7, 3.0) 33
[15:55:51.224]: (-1.3, 2.8, 2.9) 33
[15:55:51.245]: (-1.3, 2.8, 2.9) 33
[15:55:51.267]: (-1.3, 2.8, 3.0) 33
[15:55:51.289]: (-1.3, 2.8, 2.9) 33
[15:55:51.313]: (-1.2, 2.8, 3.1) 32
[15:55:51.337]: (-1.3, 2.8, 3.1) 32
[15:55:51.359]: (-1.3, 2.8, 2.9) 33
[15:55:51.381]: (-1.3, 2.8, 3.0) 31
[15:55:51.421]: (-1.2, 3.2, 3.5) 42
[15:55:51.543]: (-1.5, 4.2, 5.4) 67
[15:55:51.576]: (-1.4, 4.1, 5.1) 70
[15:55:51.610]: (-1.4, 4.1, 5.2) 66
[15:55:51.680]: (-1.0, 3.6, 4.1) 55
[15:55:51.973]: (-1.2, 3.4, 4.2) 52
[15:55:52.040]: (-1.2, 3.3, 4.1) 53
[15:55:52.074]: (-1.3, 3.3, 4.1) 53
[15:55:52.117]: (-1.3, 3.3, 4.1) 53
[15:55:52.140]: (-1.3, 3.4, 4.3) 54
[15:55:52.184]: (-1.6, 3.8, 5.3) 68
[15:55:52.250]: (-1.7, 3.8, 5.4) 71
[15:55:52.273]: (-1.6, 3.8, 5.3) 68
[15:55:52.295]: (-1.3, 3.3, 4.1) 53
[15:55:52.317]: (-1.2, 3.3, 4.1) 53
[15:55:52.339]: (-1.2, 3.4, 4.2) 52
[15:55:52.473]: (-0.5, 2.9, 3.0) 22
[15:55:52.494]: (0.3, 2.7, 2.2) 16
[15:55:52.605]: (1.7, 3.3, 2.6) 82
[15:55:52.650]: (1.7, 3.3, 2.5) 86
[15:55:52.672]: (1.7, 3.3, 2.6) 86
[15:55:52.899]: (0.6, 2.2, 0.8) 13
[15:55:53.168]: (0.5, 2.3, 0.6) 13
[15:55:53.192]: (0.4, 2.3, 0.6) 13
[15:55:53.457]: (1.2, 3.8, 1.6) 81
[15:55:53.480]: (1.1, 3.8, 1.7) 81
[15:55:53.502]: (1.1, 3.8, 1.7) 81
[15:55:53.524]: (1.1, 3.8, 1.7) 81
[15:55:53.546]: (1.1, 3.8, 1.7) 81
[15:55:54.005]: (1.2, 4.0, 1.9) 86
[15:55:54.026]: (1.2, 4.0, 1.9) 86
[15:55:54.049]: (1.2, 4.0, 1.9) 86
[15:55:54.071]: (1.1, 4.0, 1.9) 86
[15:55:54.095]: (1.2, 4.0, 1.9) 86
[15:55:54.116]: (1.2, 4.0, 1.9) 86
[15:55:54.138]: (1.1, 4.0, 1.9) 86
[15:55:54.159]: (1.1, 4.0, 1.9) 86
[15:55:54.183]: (1.1, 4.0, 1.9) 86
[15:55:54.207]: (1.1, 4.0, 1.9) 86
[15:55:54.227]: (1.1, 4.0, 1.9) 86
[15:55:54.249]: (1.1, 4.0, 1.9) 86
[15:55:54.742]: (0.7, 4.0, 1.6) 80
[15:55:54.763]: (0.7, 3.9, 1.6) 79
[15:55:54.867]: (0.6, 3.7, 1.7) 81
[15:55:54.891]: (0.6, 3.9, 1.9) 86
[15:55:54.913]: (0.7, 3.9, 1.9) 86
[15:55:54.936]: (0.7, 3.8, 1.9) 86
[15:55:55.357]: (0.8, 3.8, 1.9) 86
[15:55:55.390]: (0.8, 3.8, 1.9) 86
[15:55:55.554]: (0.8, 3.6, 1.6) 81
[15:55:55.587]: (0.9, 3.6, 1.6) 81
[15:55:55.621]: (0.9, 3.6, 1.6) 81
[15:55:55.648]: (0.8, 3.6, 1.6) 81
[15:55:55.673]: (0.8, 3.6, 1.6) 81
[15:55:55.702]: (0.9, 3.7, 1.7) 79
[15:55:55.770]: (1.0, 3.8, 1.8) 86
[15:55:55.842]: (1.0, 3.7, 1.9) 86
[15:55:55.866]: (1.1, 3.7, 1.9) 86
[15:55:55.891]: (1.1, 3.7, 1.9) 86
[15:55:55.913]: (1.1, 3.7, 1.8) 86
[15:55:57.407]: (-1.5, 3.1, 2.8) 46
[15:55:57.431]: (-1.3, 2.7, 2.4) 31
[15:55:57.454]: (-1.3, 2.8, 2.4) 31
[15:55:57.475]: (-1.4, 2.7, 2.4) 31
[15:55:57.567]: (-1.4, 2.7, 2.4) 31
[15:55:57.588]: (-1.4, 2.7, 2.4) 31
[15:55:57.646]: (-1.4, 2.7, 2.5) 30
[15:55:57.663]: (-1.4, 2.6, 2.4) 29
[15:55:57.681]: (-1.4, 2.6, 2.4) 30
[15:55:57.699]: (-1.4, 2.6, 2.4) 30
[15:55:57.716]: (-1.4, 2.6, 2.4) 30
[15:55:57.738]: (-1.4, 2.6, 2.4) 30
[15:55:57.759]: (-1.4, 2.6, 2.4) 29
[15:55:57.781]: (-1.4, 2.6, 2.5) 30
[15:55:57.804]: (-1.4, 2.6, 2.5) 30
[15:55:57.825]: (-1.4, 2.6, 2.5) 30
[15:55:57.847]: (-1.4, 2.6, 2.5) 30
[15:55:57.871]: (-1.4, 2.6, 2.5) 30
[15:55:57.893]: (-1.4, 2.6, 2.5) 30
[15:55:57.916]: (-1.4, 2.6, 2.5) 29
[15:55:57.937]: (-1.4, 2.6, 2.5) 29
[15:55:57.960]: (-1.4, 2.6, 2.4) 29
[15:55:57.982]: (-1.3, 2.6, 2.4) 33
[15:55:58.005]: (-1.4, 2.6, 2.4) 29
[15:55:58.026]: (-1.4, 2.6, 2.4) 29
[15:55:58.049]: (-1.4, 2.6, 2.4) 29
[15:55:58.070]: (-1.4, 2.6, 2.4) 29
[15:55:58.092]: (-1.4, 2.6, 2.4) 29
[15:55:58.114]: (-1.2, 2.7, 2.5) 32
[15:55:58.159]: (-0.6, 3.1, 2.5) 27
[15:55:58.182]: (-0.6, 3.1, 2.5) 25
[15:55:58.204]: (-0.6, 3.1, 2.5) 27
[15:55:58.225]: (-0.6, 3.1, 2.5) 27
[15:55:58.250]: (-0.6, 3.1, 2.5) 27
[15:55:58.270]: (-0.6, 3.1, 2.5) 25
[15:55:58.294]: (-0.6, 3.1, 2.5) 25
[15:55:58.316]: (-0.6, 3.1, 2.5) 25
[15:55:58.337]: (-0.6, 3.1, 2.5) 25
[15:55:58.359]: (-0.6, 3.1, 2.5) 25
[15:55:58.386]: (-0.7, 3.1, 2.5) 25
[15:55:58.410]: (-1.1, 3.9, 3.2) 53
[15:55:58.434]: (-1.4, 4.6, 4.2) 68
[15:55:58.456]: (-1.4, 4.6, 4.2) 68
[15:55:58.585]: (-1.1, 3.9, 3.2) 53
[15:55:58.695]: (-1.6, 4.8, 4.2) 71
[15:55:58.719]: (-1.6, 4.8, 4.2) 71
[15:55:58.742]: (-1.6, 4.8, 4.2) 67
[15:55:58.767]: (-1.6, 4.8, 4.2) 71
[15:55:58.790]: (-1.5, 4.7, 4.1) 66
[15:55:58.813]: (-1.5, 4.7, 4.1) 68
[15:55:58.835]: (-1.5, 4.7, 4.1) 68
[15:55:58.857]: (-1.5, 4.7, 4.1) 68
[15:55:58.900]: (-1.2, 4.0, 3.2) 54
[15:55:58.921]: (-1.6, 4.7, 4.2) 71
[15:55:58.945]: (-1.6, 4.7, 4.2) 71
[15:55:58.967]: (-1.6, 4.7, 4.2) 71
[15:55:58.990]: (-1.6, 4.7, 4.2) 71
[15:55:59.134]: (-1.5, 4.8, 4.1) 67
[15:55:59.158]: (-1.4, 4.8, 4.1) 71
[15:55:59.181]: (-1.4, 4.8, 4.1) 71
[15:55:59.325]: (-1.2, 4.8, 3.9) 66
[15:55:59.348]: (-1.3, 4.8, 3.8) 70
[15:55:59.369]: (-1.3, 4.8, 3.8) 70
[15:55:59.385]: (-1.3, 4.8, 3.9) 70
[15:55:59.403]: (-1.3, 4.8, 3.9) 70
[15:55:59.420]: (-1.3, 4.8, 3.8) 70
[15:55:59.438]: (-1.3, 4.8, 3.8) 70
[15:55:59.470]: (-1.5, 4.9, 4.0) 72
[15:56:00.015]: (-1.5, 4.8, 3.9) 72
[15:56:00.498]: (-1.0, 4.7, 4.0) 71
[15:56:00.521]: (-1.0, 4.7, 4.0) 71
[15:56:00.544]: (-0.9, 4.7, 4.0) 71
[15:56:00.564]: (-0.9, 4.6, 3.9) 68
[15:56:00.597]: (-0.8, 4.6, 3.9) 68
[15:56:00.629]: (-0.9, 4.7, 3.9) 68
[15:56:00.663]: (-0.9, 4.7, 3.8) 68
[15:56:00.697]: (-0.9, 4.7, 3.9) 71
[15:56:00.729]: (-0.9, 4.6, 3.8) 68
[15:56:00.759]: (-0.9, 4.7, 4.0) 71
[15:56:00.992]: (-0.8, 4.6, 3.9) 68
[15:56:01.025]: (-0.8, 4.7, 3.8) 68
[15:56:01.091]: (-0.8, 4.7, 3.8) 68
[15:56:01.125]: (-0.8, 4.7, 3.8) 68
[15:56:01.193]: (-0.8, 4.6, 3.8) 68
[15:56:01.313]: (-0.9, 4.7, 3.9) 71
[15:56:01.336]: (-1.0, 4.7, 3.9) 71
[15:56:02.072]: (-1.0, 4.7, 4.0) 71
[15:56:02.887]: (-1.0, 4.7, 4.0) 71
[15:56:04.845]: (-1.0, 4.7, 4.0) 71
[15:56:04.867]: (-1.0, 4.7, 3.9) 71
[15:56:04.889]: (-1.0, 4.7, 3.9) 71
[15:56:04.913]: (-0.9, 4.7, 3.9) 71
[15:56:04.935]: (-0.9, 4.7, 3.9) 71
[15:56:04.966]: (-0.9, 4.7, 3.9) 71
[15:56:04.985]: (-0.9, 4.7, 3.9) 71
[15:56:05.003]: (-0.9, 4.8, 3.9) 71
[15:56:05.023]: (-0.9, 4.8, 3.9) 71
[15:56:05.045]: (-0.9, 4.7, 3.8) 66
[15:56:05.089]: (-0.8, 4.6, 3.8) 68
[15:56:05.111]: (-0.8, 4.6, 3.9) 68
[15:56:05.305]: (-1.0, 4.7, 4.0) 71
[15:56:05.325]: (-1.0, 4.7, 3.9) 71
[15:56:05.349]: (-1.0, 4.7, 3.9) 71
[15:56:05.367]: (-0.9, 4.7, 4.0) 71
[15:56:05.385]: (-1.0, 4.7, 4.0) 71
[15:56:05.405]: (-0.9, 4.7, 3.9) 71
[15:56:05.457]: (-0.5, 3.9, 3.0) 52
[15:56:05.474]: (-0.5, 3.9, 3.0) 54
[15:56:05.493]: (-0.5, 3.9, 3.0) 54
[15:56:05.519]: (-0.5, 3.9, 3.0) 54
[15:56:05.537]: (-0.5, 3.8, 2.9) 53
[15:56:05.556]: (-0.5, 3.8, 2.9) 53
[15:56:05.575]: (-0.5, 3.8, 2.9) 53
[15:56:05.593]: (-0.5, 3.8, 2.9) 53
[15:56:05.614]: (-0.5, 3.8, 2.9) 53
[15:56:05.632]: (-0.5, 3.8, 2.9) 53
[15:56:05.651]: (-0.5, 3.8, 2.9) 53
[15:56:05.669]: (-0.5, 3.8, 2.9) 53
[15:56:05.688]: (-0.5, 3.8, 2.9) 53
[15:56:05.705]: (-0.5, 3.8, 2.9) 53
[15:56:05.725]: (-0.5, 3.8, 2.9) 53
[15:56:05.747]: (-0.5, 3.9, 3.0) 54
[15:56:05.767]: (-0.5, 3.9, 3.0) 54
[15:56:06.801]: (-0.9, 4.7, 4.0) 71
[15:56:06.822]: (-0.9, 4.7, 4.0) 71
[15:56:06.844]: (-0.9, 4.7, 3.9) 71
[15:56:06.867]: (-0.9, 4.7, 3.9) 71
[15:56:06.888]: (-0.9, 4.7, 3.9) 71
[15:56:06.910]: (-0.9, 4.7, 3.9) 71
[15:56:06.934]: (-0.9, 4.7, 4.0) 71
[15:56:06.957]: (-0.9, 4.7, 4.0) 71
[15:56:07.075]: (-0.9, 4.7, 4.0) 71
[15:56:07.096]: (-1.0, 4.7, 4.0) 71
[15:56:07.115]: (-0.9, 4.7, 4.0) 71
[15:56:07.134]: (-0.9, 4.7, 3.9) 71
[15:56:07.150]: (-0.9, 4.7, 3.9) 71
[15:56:07.168]: (-0.9, 4.7, 3.9) 71
[15:56:07.186]: (-1.0, 4.7, 4.0) 71
[15:56:07.721]: (-0.5, 3.7, 3.0) 53
[15:56:07.745]: (-0.5, 3.7, 3.0) 53
[15:56:07.812]: (-0.5, 3.7, 3.0) 53
[15:56:07.833]: (-0.5, 3.7, 3.0) 53
[15:56:07.858]: (-0.5, 3.7, 3.0) 53
[15:56:07.879]: (-0.5, 3.7, 2.9) 53
[15:56:07.900]: (-0.5, 3.7, 2.9) 53
[15:56:07.923]: (-0.5, 3.7, 2.9) 53
[15:56:07.943]: (-0.5, 3.7, 2.9) 53
[15:56:07.966]: (-0.5, 3.7, 2.9) 53
[15:56:07.988]: (-0.5, 3.7, 2.9) 53
[15:56:08.005]: (-0.5, 3.7, 2.9) 53
[15:56:08.024]: (-0.5, 3.7, 3.0) 53
[15:56:08.042]: (-0.5, 3.7, 3.0) 53
[15:56:08.076]: (-1.0, 4.7, 4.0) 71
[15:56:08.411]: (-1.0, 4.7, 4.0) 71
[15:56:08.429]: (-1.0, 4.7, 4.0) 71
[15:56:08.445]: (-1.0, 4.7, 4.0) 71
[15:56:08.462]: (-1.0, 4.7, 4.0) 71
[15:56:08.485]: (-1.0, 4.7, 4.0) 71
