[15:42:27.586]: (-0.2, 0.0, 0.0) 1
[15:42:27.651]: (-0.2, 0.0, 0.0) 1
[15:42:27.682]: (-0.2, 0.0, 0.0) 1
[15:42:27.698]: (-0.2, 0.0, 0.0) 1
[15:42:27.715]: (-0.2, 0.0, 0.0) 1
[15:42:27.732]: (-0.2, 0.0, 0.0) 1
[15:42:27.749]: (-0.2, 0.0, 0.0) 1
[15:42:27.781]: (-0.3, -0.3, 0.0) 4
[15:42:27.798]: (-0.4, -0.1, 0.0) 5
[15:42:27.814]: (-0.4, -0.1, 0.0) 5
[15:42:27.831]: (-0.4, -0.1, 0.0) 5
[15:42:27.847]: (-0.4, -0.1, 0.0) 5
[15:42:27.864]: (-0.4, -0.1, 0.0) 5
[15:42:27.881]: (-0.4, -0.1, 0.0) 5
[15:42:27.897]: (-0.4, -0.1, 0.0) 5
[15:42:27.957]: (-0.4, -0.1, 0.0) 5
[15:42:27.975]: (-0.4, -0.1, 0.0) 5
[15:42:28.005]: (-0.4, -0.1, 0.0) 5
[15:42:28.021]: (-0.4, -0.1, 0.0) 5
[15:42:28.039]: (-0.4, -0.1, 0.0) 5
[15:42:28.061]: (-0.4, -0.1, 0.0) 5
[15:42:28.083]: (-0.5, -0.1, 0.0) 5
[15:42:28.105]: (-0.5, -0.1, 0.0) 5
[15:42:28.128]: (-0.5, -0.1, 0.0) 5
[15:42:28.150]: (-0.4, -0.1, 0.0) 5
[15:42:28.173]: (-0.4, -0.1, 0.0) 5
[15:42:28.194]: (-0.4, -0.1, 0.0) 5
[15:42:28.216]: (-0.4, -0.1, 0.0) 5
[15:42:28.241]: (-0.5, -0.1, 0.0) 5
[15:42:28.261]: (-0.4, -0.1, 0.0) 5
[15:42:28.283]: (-0.4, -0.1, 0.0) 5
[15:42:28.305]: (-0.4, -0.1, 0.0) 5
[15:42:28.328]: (-0.3, -0.3, 0.0) 4
[15:42:28.349]: (-0.2, 0.0, 0.0) 1
[15:42:28.372]: (-0.2, 0.0, 0.0) 1
[15:42:28.395]: (-0.2, 0.0, 0.0) 1
[15:42:28.416]: (-0.2, 0.0, 0.0) 1
[15:42:28.439]: (-0.1, 0.1, 0.0) 1
[15:42:28.461]: (-0.2, 0.1, 0.0) 1
[15:42:28.482]: (-0.2, 0.1, 0.0) 1
[15:42:28.499]: (-0.2, 0.1, 0.0) 1
[15:42:28.515]: (-0.2, 0.0, 0.0) 1
[15:42:28.532]: (-0.2, 0.0, 0.0) 1
[15:42:28.549]: (-0.2, 0.0, 0.0) 1
[15:42:28.565]: (-0.2, 0.0, 0.0) 1
[15:42:28.582]: (-0.2, 0.0, 0.0) 1
[15:42:28.599]: (-0.2, 0.0, 0.0) 1
[15:42:28.616]: (-0.2, 0.0, 0.0) 1
[15:42:28.632]: (-0.2, 0.0, 0.0) 1
[15:42:28.649]: (-0.2, 0.0, 0.0) 1
[15:42:28.666]: (-0.2, 0.0, 0.0) 1
[15:42:28.683]: (-0.2, 0.0, 0.0) 1
[15:42:28.700]: (-0.2, 0.0, 0.0) 1
[15:42:28.716]: (-0.2, 0.0, 0.0) 1
[15:42:28.732]: (-0.2, 0.0, 0.0) 1
[15:42:28.749]: (-0.2, 0.0, 0.0) 1
[15:42:28.765]: (-0.2, 0.0, 0.0) 1
[15:42:28.782]: (-0.2, 0.0, 0.0) 1
[15:42:28.798]: (-0.2, 0.0, 0.0) 1
[15:42:28.815]: (-0.2, 0.0, 0.0) 1
[15:42:28.832]: (-0.2, 0.0, 0.0) 1
[15:42:28.848]: (-0.2, 0.0, 0.0) 1
[15:42:28.864]: (-0.2, 0.0, 0.0) 1
[15:42:28.881]: (-0.2, 0.0, 0.0) 1
[15:42:28.897]: (-0.2, 0.0, 0.0) 1
[15:42:28.917]: (-0.2, 0.0, 0.0) 1
[15:42:28.941]: (-0.2, 0.0, 0.0) 1
[15:42:28.961]: (-0.2, 0.0, 0.0) 1
[15:42:28.986]: (-0.2, 0.0, 0.0) 1
[15:42:29.006]: (-0.2, 0.0, 0.0) 1
[15:42:29.029]: (-0.2, 0.0, 0.0) 1
[15:42:29.051]: (-0.2, 0.0, 0.0) 1
[15:42:29.073]: (-0.2, 0.0, 0.0) 1
[15:42:29.097]: (-0.2, 0.0, 0.0) 1
[15:42:29.116]: (-0.2, 0.0, 0.0) 1
[15:42:29.316]: (-0.4, -0.1, 0.0) 5
[15:42:29.339]: (-0.4, -0.1, 0.0) 5
[15:42:29.362]: (-0.4, -0.1, 0.0) 5
[15:42:29.382]: (-0.4, -0.1, 0.0) 5
[15:42:29.401]: (-0.4, -0.1, 0.0) 5
[15:42:29.417]: (-0.4, -0.1, 0.0) 5
[15:42:29.436]: (-0.4, -0.1, 0.0) 5
[15:42:29.456]: (-0.4, -0.1, 0.0) 5
[15:42:29.475]: (-0.4, -0.1, 0.0) 5
[15:42:29.493]: (-0.4, -0.1, 0.0) 5
[15:42:29.513]: (-0.4, -0.1, 0.0) 5
[15:42:29.531]: (-0.4, -0.1, 0.0) 5
[15:42:29.549]: (-0.4, -0.1, 0.0) 5
[15:42:29.565]: (-0.4, -0.1, 0.0) 5
[15:42:29.582]: (-0.4, -0.1, 0.0) 5
[15:42:29.599]: (-0.4, -0.1, 0.0) 5
[15:42:29.618]: (-0.4, -0.1, 0.0) 5
[15:42:29.636]: (-0.4, -0.1, 0.0) 5
[15:42:29.654]: (-0.5, -0.1, 0.0) 5
[15:42:29.673]: (-0.4, -0.1, 0.0) 5
[15:42:29.691]: (-0.4, -0.1, 0.0) 5
[15:42:29.709]: (-0.4, -0.1, 0.0) 5
[15:42:29.725]: (-0.4, -0.1, 0.0) 5
[15:42:29.744]: (-0.5, -0.1, 0.0) 5
[15:42:29.761]: (-0.5, -0.2, 0.0) 3
[15:42:29.780]: (-0.5, -0.2, 0.0) 3
[15:42:29.816]: (-0.3, -0.3, 0.0) 4
[15:42:29.835]: (-0.2, 0.0, 0.0) 1
[15:42:29.853]: (-0.2, 0.0, 0.0) 1
[15:42:29.870]: (-0.2, 0.0, 0.0) 1
[15:42:29.888]: (-0.2, 0.0, 0.0) 1
[15:42:29.907]: (-0.2, 0.0, 0.0) 1
[15:42:29.928]: (-0.2, 0.0, 0.0) 1
[15:42:29.949]: (-0.2, 0.0, 0.0) 1
[15:42:29.975]: (-0.2, 0.0, 0.0) 1
[15:42:29.992]: (-0.2, 0.0, 0.0) 1
[15:42:30.017]: (-0.2, 0.0, 0.0) 1
[15:42:30.040]: (-0.2, 0.0, 0.0) 1
[15:42:30.064]: (-0.2, 0.0, 0.0) 1
[15:42:30.084]: (-0.2, 0.0, 0.0) 1
[15:42:30.106]: (-0.2, 0.0, 0.0) 1
[15:42:30.128]: (-0.2, 0.0, 0.0) 1
[15:42:30.153]: (-0.2, 0.0, 0.0) 1
[15:42:30.171]: (-0.2, 0.0, 0.0) 1
[15:42:30.193]: (-0.2, 0.0, 0.0) 1
[15:42:30.215]: (-0.2, 0.0, 0.0) 1
[15:42:30.238]: (-0.2, 0.0, 0.0) 1
[15:42:30.261]: (-0.2, 0.0, 0.0) 1
[15:42:30.282]: (-0.2, 0.0, 0.0) 1
[15:42:30.304]: (-0.2, 0.0, 0.0) 1
[15:42:30.327]: (-0.2, 0.0, 0.0) 1
[15:42:30.348]: (-0.2, 0.0, 0.0) 1
[15:42:30.365]: (-0.2, 0.0, 0.0) 1
[15:42:30.381]: (-0.2, 0.0, 0.0) 1
[15:42:30.397]: (-0.2, 0.0, 0.0) 1
[15:42:30.413]: (-0.2, 0.0, 0.0) 1
[15:42:30.431]: (-0.2, 0.0, 0.0) 1
[15:42:30.449]: (-0.2, 0.0, 0.0) 1
[15:42:30.605]: (-0.3, -0.3, 0.0) 4
[15:42:30.621]: (-0.5, -0.1, 0.0) 5
[15:42:30.637]: (-0.4, -0.1, 0.0) 5
[15:42:30.655]: (-0.5, -0.1, 0.0) 5
[15:42:30.672]: (-0.4, -0.1, 0.0) 5
[15:42:30.689]: (-0.5, -0.1, 0.0) 5
[15:42:30.705]: (-0.5, -0.1, 0.0) 5
[15:42:30.724]: (-0.5, -0.1, 0.0) 5
[15:42:30.741]: (-0.5, -0.1, 0.0) 5
[15:42:30.757]: (-0.5, -0.1, 0.0) 5
[15:42:30.774]: (-0.5, -0.1, 0.0) 5
[15:42:30.791]: (-0.5, -0.1, 0.0) 5
[15:42:30.807]: (-0.5, -0.1, 0.0) 5
[15:42:30.824]: (-0.5, -0.1, 0.0) 5
[15:42:30.840]: (-0.5, -0.1, 0.0) 5
[15:42:30.860]: (-0.4, -0.3, 0.0) 4
[15:42:31.593]: (-0.2, 0.0, 0.0) 1
[15:42:31.626]: (-0.2, 0.0, 0.0) 1
[15:42:31.735]: (-0.2, 0.0, 0.0) 1
[15:42:31.761]: (-0.2, 0.0, 0.0) 1
[15:42:31.780]: (-0.2, 0.0, 0.0) 1
[15:42:31.803]: (-0.2, 0.0, 0.0) 1
[15:42:31.825]: (-0.2, 0.0, 0.0) 1
[15:42:31.859]: (-0.2, 0.0, 0.0) 1
[15:42:31.881]: (-0.2, 0.0, 0.0) 1
[15:42:31.903]: (-0.2, 0.0, 0.0) 1
[15:42:31.926]: (-0.2, 0.0, 0.0) 1
[15:42:31.948]: (-0.2, 0.0, 0.0) 1
[15:42:31.970]: (-0.2, 0.0, 0.0) 1
[15:42:31.992]: (-0.2, 0.0, 0.0) 1
[15:42:32.015]: (-0.2, 0.0, 0.0) 1
[15:42:32.636]: (-0.2, 0.0, 0.0) 1
[15:42:32.658]: (-0.2, 0.0, 0.0) 1
[15:42:32.814]: (-0.2, 0.0, 0.0) 1
[15:42:32.837]: (-0.2, 0.0, 0.0) 1
[15:42:32.859]: (-0.2, 0.0, 0.0) 1
[15:42:32.881]: (-0.2, 0.0, 0.0) 1
[15:42:32.903]: (-0.2, 0.0, 0.0) 1
[15:42:33.240]: (-0.1, 0.0, 0.0) 1
[15:42:35.597]: (-0.2, 0.0, 0.0) 1
[15:42:35.650]: (-0.2, 0.0, 0.0) 1
[15:42:35.676]: (-0.2, 0.0, 0.0) 1
[15:42:35.698]: (-0.2, 0.0, 0.0) 0
[15:42:35.848]: (-0.2, 0.1, 0.1) 1
[15:42:35.870]: (-0.2, 0.1, 0.1) 1
[15:42:35.893]: (-0.3, 0.1, 0.2) 1
[15:42:35.918]: (-0.3, 0.1, 0.2) 1
[15:42:35.943]: (-0.3, 0.1, 0.2) 1
[15:42:35.966]: (-0.3, 0.1, 0.2) 1
[15:42:35.987]: (-0.3, 0.2, 0.2) 1
[15:42:36.011]: (-0.3, 0.2, 0.3) 1
[15:42:36.036]: (-0.3, 0.2, 0.3) 1
[15:42:36.061]: (-0.3, 0.2, 0.3) 1
[15:42:36.084]: (-0.3, 0.2, 0.3) 1
[15:42:36.107]: (-0.3, 0.2, 0.4) 1
[15:42:36.132]: (-0.3, 0.2, 0.4) 1
[15:42:36.155]: (-0.3, 0.3, 0.4) 1
[15:42:36.178]: (-0.3, 0.3, 0.4) 1
[15:42:36.200]: (-0.3, 0.3, 0.5) 1
[15:42:37.192]: (-0.4, 0.7, 0.7) 1
[15:42:37.235]: (-0.4, 0.7, 0.7) 1
[15:42:37.258]: (-0.4, 0.7, 0.7) 1
[15:42:37.280]: (-0.4, 0.7, 0.7) 1
[15:42:37.302]: (-0.4, 0.7, 0.7) 1
[15:42:37.325]: (-0.4, 0.7, 0.7) 1
[15:42:37.347]: (-0.4, 0.7, 0.7) 1
[15:42:37.369]: (-0.4, 0.7, 0.7) 1
[15:42:37.395]: (-0.4, 0.7, 0.7) 1
[15:42:37.417]: (-0.4, 0.6, 0.7) 0
[15:42:37.435]: (-0.4, 0.6, 0.7) 0
[15:42:37.457]: (-0.4, 0.6, 0.7) 0
[15:42:37.480]: (-0.4, 0.6, 0.7) 0
[15:42:37.502]: (-0.4, 0.6, 0.7) 0
[15:42:37.525]: (-0.4, 0.6, 0.7) 0
[15:42:37.548]: (-0.4, 0.6, 0.7) 0
[15:42:37.569]: (-0.4, 0.7, 0.7) 1
[15:42:37.590]: (-0.4, 0.7, 0.7) 1
[15:42:37.613]: (-0.4, 0.7, 0.7) 1
[15:42:37.637]: (-0.4, 0.7, 0.7) 1
[15:42:37.657]: (-0.4, 0.7, 0.7) 1
[15:42:37.680]: (-0.4, 0.7, 0.7) 1
[15:42:37.702]: (-0.4, 0.7, 0.7) 1
[15:42:37.725]: (-0.4, 0.7, 0.7) 1
[15:42:37.746]: (-0.4, 0.7, 0.7) 1
[15:42:37.768]: (-0.4, 0.7, 0.7) 1
[15:42:37.791]: (-0.4, 0.7, 0.7) 1
[15:42:37.813]: (-0.4, 0.7, 0.7) 1
[15:42:37.838]: (-0.4, 0.7, 0.7) 1
[15:42:37.861]: (-0.4, 0.7, 0.7) 1
[15:42:37.882]: (-0.4, 0.6, 0.7) 0
[15:42:37.906]: (-0.4, 0.6, 0.7) 0
[15:42:37.928]: (-0.4, 0.6, 0.7) 0
[15:42:37.950]: (-0.4, 0.6, 0.7) 0
[15:42:37.973]: (-0.4, 0.6, 0.7) 0
[15:42:37.997]: (-0.4, 0.7, 0.7) 1
[15:42:38.019]: (-0.4, 0.7, 0.7) 1
[15:42:38.042]: (-0.4, 0.7, 0.7) 1
[15:42:38.061]: (-0.4, 0.7, 0.7) 1
[15:42:38.082]: (-0.4, 0.7, 0.7) 1
[15:42:38.105]: (-0.4, 0.7, 0.7) 1
[15:42:38.126]: (-0.4, 0.7, 0.7) 1
[15:42:38.149]: (-0.4, 0.7, 0.7) 1
[15:42:38.174]: (-0.4, 0.7, 0.7) 1
[15:42:38.197]: (-0.4, 0.7, 0.7) 1
[15:42:38.225]: (-0.4, 0.7, 0.7) 1
[15:42:38.244]: (-0.4, 0.7, 0.7) 1
[15:42:38.261]: (-0.4, 0.7, 0.7) 1
[15:42:38.279]: (-0.4, 0.7, 0.7) 1
[15:42:38.302]: (-0.4, 0.7, 0.7) 1
[15:42:38.324]: (-0.4, 0.7, 0.7) 1
[15:42:38.344]: (-0.4, 0.7, 0.7) 1
[15:42:38.364]: (-0.4, 0.7, 0.7) 1
[15:42:38.382]: (-0.4, 0.7, 0.7) 1
[15:42:38.401]: (-0.4, 0.7, 0.7) 1
[15:42:38.423]: (-0.4, 0.7, 0.7) 1
[15:42:38.443]: (-0.4, 0.7, 0.7) 1
[15:42:38.461]: (-0.4, 0.8, 0.7) 1
[15:42:38.480]: (-0.4, 0.7, 0.7) 1
[15:42:38.499]: (-0.4, 0.7, 0.7) 1
[15:42:38.517]: (-0.4, 0.7, 0.7) 1
[15:42:38.535]: (-0.4, 0.7, 0.7) 1
[15:42:38.554]: (-0.4, 0.7, 0.7) 1
[15:42:38.715]: (-0.4, 0.7, 0.7) 1
[15:42:38.733]: (-0.4, 0.7, 0.7) 1
[15:42:38.768]: (-0.4, 0.7, 0.7) 1
[15:42:38.787]: (-0.4, 0.7, 0.7) 1
[15:42:38.805]: (-0.4, 0.7, 0.7) 1
[15:42:38.823]: (-0.4, 0.7, 0.7) 1
[15:42:38.844]: (-0.4, 0.7, 0.7) 1
[15:42:38.864]: (-0.4, 0.7, 0.7) 1
[15:42:38.880]: (-0.4, 0.7, 0.7) 1
[15:42:38.901]: (-0.4, 0.7, 0.7) 1
[15:42:38.922]: (-0.4, 0.7, 0.7) 1
[15:42:38.948]: (-0.4, 0.7, 0.7) 1
[15:42:39.349]: (-0.4, 0.7, 0.7) 1
[15:42:39.368]: (-0.4, 0.7, 0.7) 1
[15:42:39.386]: (-0.4, 0.7, 0.7) 1
[15:42:39.405]: (-0.4, 0.7, 0.7) 1
[15:42:39.425]: (-0.4, 0.7, 0.7) 1
[15:42:39.443]: (-0.4, 0.7, 0.7) 1
[15:42:39.460]: (-0.4, 0.7, 0.7) 1
[15:42:39.485]: (-0.4, 0.7, 0.7) 1
[15:42:39.502]: (-0.4, 0.7, 0.7) 1
[15:42:39.521]: (-0.4, 0.7, 0.7) 1
[15:42:39.539]: (-0.4, 0.7, 0.7) 1
[15:42:39.559]: (-0.4, 0.7, 0.7) 1
[15:42:39.578]: (-0.4, 0.7, 0.7) 1
[15:42:39.597]: (-0.4, 0.7, 0.7) 1
[15:42:39.615]: (-0.4, 0.7, 0.7) 1
[15:42:39.632]: (-0.4, 0.7, 0.7) 1
[15:42:39.649]: (-0.4, 0.7, 0.7) 1
[15:42:39.670]: (-0.4, 0.7, 0.7) 1
[15:42:39.692]: (-0.4, 0.7, 0.7) 1
[15:42:39.714]: (-0.4, 0.7, 0.7) 1
[15:42:39.733]: (-0.4, 0.7, 0.7) 1
[15:42:39.750]: (-0.4, 0.7, 0.7) 1
[15:42:39.769]: (-0.4, 0.7, 0.7) 1
[15:42:39.788]: (-0.4, 0.7, 0.7) 1
[15:42:39.805]: (-0.4, 0.7, 0.7) 1
[15:42:39.823]: (-0.4, 0.7, 0.7) 1
[15:42:39.841]: (-0.4, 0.7, 0.7) 1
[15:42:39.860]: (-0.4, 0.7, 0.7) 1
[15:42:39.879]: (-0.4, 0.8, 0.7) 1
[15:42:39.902]: (-0.4, 0.8, 0.7) 1
[15:42:40.237]: (-0.4, 0.7, 0.7) 1
[15:42:40.259]: (-0.4, 0.7, 0.7) 1
[15:42:40.278]: (-0.4, 0.7, 0.7) 1
[15:42:40.294]: (-0.4, 0.7, 0.7) 1
[15:42:40.312]: (-0.4, 0.7, 0.7) 1
[15:42:40.330]: (-0.4, 0.7, 0.7) 1
[15:42:40.347]: (-0.4, 0.7, 0.7) 1
[15:42:40.364]: (-0.4, 0.7, 0.7) 1
[15:42:40.382]: (-0.4, 0.7, 0.7) 1
[15:42:40.400]: (-0.4, 0.7, 0.7) 1
[15:42:40.416]: (-0.4, 0.7, 0.7) 1
[15:42:40.878]: (-0.4, 0.7, 0.7) 1
[15:42:40.899]: (-0.4, 0.7, 0.7) 1
[15:42:40.922]: (-0.4, 0.7, 0.7) 1
[15:42:40.944]: (-0.4, 0.7, 0.7) 1
[15:42:40.967]: (-0.4, 0.7, 0.7) 1
[15:42:40.989]: (-0.4, 0.7, 0.7) 1
[15:42:41.010]: (-0.4, 0.7, 0.7) 1
[15:42:41.032]: (-0.4, 0.7, 0.7) 1
[15:42:41.055]: (-0.4, 0.7, 0.7) 1
[15:42:41.078]: (-0.4, 0.7, 0.7) 1
[15:42:41.100]: (-0.4, 0.7, 0.7) 1
[15:42:41.123]: (-0.4, 0.7, 0.7) 1
[15:42:41.145]: (-0.4, 0.7, 0.7) 1
[15:42:41.172]: (-0.4, 0.7, 0.7) 1
[15:42:41.194]: (-0.4, 0.7, 0.7) 1
[15:42:41.218]: (-0.4, 0.7, 0.7) 1
[15:42:41.239]: (-0.4, 0.7, 0.8) 0
[15:42:41.262]: (-0.4, 0.7, 0.8) 0
[15:42:41.371]: (-0.4, 0.8, 0.8) 1
[15:42:41.394]: (-0.4, 0.8, 0.8) 0
[15:42:41.422]: (-0.4, 0.8, 0.9) 0
[15:42:41.446]: (-0.4, 0.8, 0.9) 0
[15:42:41.469]: (-0.4, 0.8, 0.9) 0
[15:42:41.492]: (-0.4, 0.9, 0.9) 0
[15:42:41.514]: (-0.4, 0.9, 0.9) 0
[15:42:41.537]: (-0.4, 0.9, 0.9) 0
[15:42:41.629]: (-0.4, 1.0, 0.9) 1
[15:42:41.653]: (-0.4, 1.0, 0.9) 1
[15:42:41.982]: (-0.5, 1.4, 1.1) 5
[15:42:42.015]: (-0.5, 1.4, 1.2) 3
[15:42:42.247]: (-0.3, 1.5, 1.2) 4
[15:42:42.637]: (0.0, 1.5, 1.0) 2
[15:42:42.659]: (0.0, 1.5, 1.0) 2
[15:42:42.682]: (0.0, 1.5, 1.0) 2
[15:42:42.705]: (0.0, 1.5, 1.0) 2
[15:42:42.727]: (0.0, 1.5, 1.0) 2
[15:42:42.748]: (0.0, 1.5, 1.0) 2
[15:42:42.771]: (0.0, 1.6, 1.0) 2
[15:42:42.793]: (0.1, 1.6, 1.0) 2
[15:42:42.814]: (0.1, 1.6, 1.0) 2
[15:42:43.214]: (0.0, 1.8, 0.8) 1
[15:42:43.258]: (0.0, 1.8, 0.9) 1
[15:42:43.280]: (0.0, 1.8, 0.9) 1
[15:42:43.302]: (0.0, 1.9, 0.8) 1
[15:42:43.324]: (0.0, 1.9, 0.8) 1
[15:42:43.348]: (0.0, 1.9, 0.8) 1
[15:42:43.370]: (0.0, 1.9, 0.8) 1
[15:42:43.394]: (0.0, 1.9, 0.8) 1
[15:42:43.987]: (0.0, 1.9, 0.9) 1
[15:42:44.173]: (0.0, 1.9, 1.0) 0
[15:42:44.190]: (0.0, 1.9, 1.0) 0
[15:42:44.206]: (0.0, 1.9, 1.0) 0
[15:42:44.222]: (0.0, 1.9, 1.0) 0
[15:42:44.243]: (0.0, 1.8, 0.9) 1
[15:42:44.265]: (0.0, 1.8, 0.9) 1
[15:42:44.286]: (0.0, 1.8, 0.9) 1
[15:42:44.309]: (0.0, 1.8, 0.9) 1
[15:42:44.531]: (0.0, 1.9, 0.9) 1
[15:42:44.554]: (0.0, 1.9, 0.9) 1
[15:42:44.576]: (0.0, 1.9, 0.9) 1
[15:42:44.598]: (0.0, 1.9, 0.9) 1
[15:42:44.621]: (0.0, 1.9, 0.9) 1
[15:42:44.637]: (0.0, 1.9, 0.9) 1
[15:42:44.656]: (0.0, 1.9, 0.9) 1
[15:42:44.675]: (0.0, 1.9, 0.9) 1
[15:42:44.693]: (0.0, 1.9, 0.9) 1
[15:42:44.712]: (0.0, 1.9, 0.9) 1
[15:42:44.730]: (0.0, 1.9, 0.9) 1
[15:42:44.748]: (0.0, 1.9, 0.9) 1
[15:42:44.767]: (0.0, 1.9, 0.9) 1
[15:42:44.791]: (0.0, 1.9, 0.9) 1
[15:42:44.815]: (0.0, 1.9, 0.9) 1
[15:42:44.840]: (0.0, 1.9, 0.9) 1
[15:42:44.858]: (0.0, 1.9, 0.9) 1
[15:42:44.878]: (0.0, 1.9, 0.9) 1
[15:42:44.897]: (0.0, 1.9, 1.0) 0
[15:42:46.011]: (0.0, 1.8, 0.9) 1
[15:42:46.029]: (0.0, 1.8, 0.9) 1
[15:42:46.046]: (0.0, 1.8, 0.9) 1
[15:42:46.063]: (0.0, 1.8, 0.9) 1
[15:42:46.084]: (0.0, 1.8, 0.9) 1
[15:42:46.106]: (0.0, 1.8, 0.9) 1
[15:42:46.127]: (0.0, 1.8, 0.9) 1
[15:42:46.376]: (0.0, 1.9, 0.9) 1
[15:42:46.398]: (0.0, 1.9, 0.9) 1
[15:42:46.421]: (0.0, 1.9, 0.9) 1
[15:42:46.444]: (0.0, 1.9, 0.9) 1
[15:42:46.531]: (0.0, 1.8, 0.9) 1
[15:42:46.549]: (0.0, 1.8, 0.9) 1
[15:42:46.569]: (0.0, 1.8, 0.9) 1
[15:42:46.588]: (0.0, 1.8, 0.9) 1
[15:42:46.608]: (0.0, 1.8, 0.9) 1
[15:42:46.628]: (0.0, 1.8, 0.9) 1
[15:42:46.651]: (0.0, 1.8, 0.9) 1
[15:42:46.671]: (0.0, 1.8, 0.9) 1
[15:42:46.691]: (0.0, 1.8, 0.9) 1
[15:42:46.711]: (0.0, 1.8, 0.9) 1
[15:42:46.728]: (0.0, 1.8, 0.9) 1
[15:42:48.233]: (0.0, 1.9, 0.9) 1
[15:42:48.254]: (0.0, 1.9, 0.8) 1
[15:42:48.276]: (0.0, 1.9, 0.8) 1
[15:42:48.298]: (0.0, 1.9, 0.9) 1
[15:42:48.320]: (0.0, 1.9, 0.9) 1
[15:42:48.342]: (0.0, 1.9, 0.9) 1
[15:42:48.364]: (0.0, 1.9, 0.9) 1
[15:42:48.387]: (0.0, 1.9, 0.9) 1
[15:42:48.409]: (0.0, 1.8, 0.9) 1
[15:42:48.428]: (0.0, 1.9, 0.9) 1
[15:42:48.446]: (0.0, 1.9, 0.9) 1
[15:42:48.465]: (0.0, 1.8, 0.9) 1
[15:42:48.482]: (0.0, 1.8, 0.9) 1
[15:42:48.502]: (0.0, 1.8, 0.9) 1
[15:42:48.523]: (0.0, 1.8, 0.9) 1
[15:42:48.547]: (0.0, 1.8, 0.9) 1
[15:42:48.567]: (0.0, 1.8, 0.9) 1
[15:42:48.585]: (0.0, 1.8, 0.9) 1
[15:42:48.668]: (0.0, 1.8, 0.9) 1
[15:42:48.695]: (0.0, 1.8, 0.9) 1
[15:42:48.715]: (0.0, 1.8, 0.9) 1
[15:42:48.740]: (0.0, 1.9, 0.9) 1
[15:42:48.767]: (0.0, 1.9, 0.9) 1
[15:42:48.786]: (0.0, 1.9, 0.9) 1
[15:42:48.806]: (0.0, 1.9, 0.9) 1
[15:42:48.824]: (0.0, 1.9, 0.9) 1
[15:42:48.843]: (0.0, 1.9, 0.9) 1
[15:42:48.861]: (0.0, 1.9, 0.9) 1
[15:42:48.879]: (0.0, 1.9, 0.9) 0
[15:42:49.275]: (0.0, 1.9, 1.0) 0
[15:42:49.297]: (0.0, 1.9, 0.9) 0
[15:42:49.319]: (0.0, 1.9, 0.9) 0
[15:42:49.342]: (0.0, 1.9, 0.9) 0
[15:42:49.364]: (0.0, 1.9, 0.9) 0
[15:42:49.385]: (0.0, 1.9, 0.9) 0
[15:42:49.408]: (0.0, 1.9, 0.9) 0
[15:42:49.428]: (0.0, 1.9, 0.9) 0
[15:42:49.447]: (0.0, 1.9, 0.9) 0
[15:42:49.465]: (0.0, 1.9, 0.9) 0
[15:42:49.484]: (0.0, 1.9, 0.9) 0
[15:42:49.502]: (0.0, 1.9, 1.0) 0
[15:42:49.519]: (0.0, 1.9, 1.0) 0
[15:42:49.538]: (0.0, 1.9, 1.0) 0
[15:42:49.558]: (0.0, 1.8, 0.9) 1
[15:42:49.577]: (0.0, 1.9, 0.9) 1
[15:42:49.595]: (0.0, 1.9, 0.9) 1
[15:42:49.620]: (0.0, 1.9, 0.8) 1
[15:42:49.637]: (0.0, 1.9, 0.9) 1
[15:42:49.658]: (0.0, 1.9, 0.9) 1
[15:42:49.677]: (0.0, 1.9, 0.9) 1
[15:42:49.696]: (0.0, 1.9, 0.9) 1
[15:42:49.715]: (0.0, 1.9, 0.9) 1
[15:42:49.733]: (0.0, 1.9, 0.9) 1
[15:42:49.752]: (0.0, 1.8, 0.9) 1
[15:42:49.768]: (0.0, 1.8, 0.9) 1
[15:42:49.784]: (0.0, 1.8, 0.9) 1
[15:42:49.803]: (0.0, 1.8, 0.9) 1
[15:42:49.826]: (0.0, 1.8, 0.9) 1
[15:42:49.845]: (0.0, 1.8, 0.9) 1
[15:42:49.872]: (0.0, 1.8, 0.9) 1
[15:42:49.893]: (0.0, 1.8, 0.9) 1
[15:42:49.911]: (0.0, 1.8, 0.9) 1
[15:42:49.929]: (0.0, 1.9, 0.9) 1
[15:42:50.535]: (0.0, 1.9, 0.9) 0
[15:42:50.554]: (0.0, 1.9, 0.9) 0
[15:42:50.573]: (0.0, 1.9, 0.9) 1
[15:42:50.592]: (0.0, 1.9, 0.9) 1
[15:42:50.611]: (0.0, 1.9, 0.9) 1
[15:42:50.630]: (0.0, 1.9, 0.9) 1
[15:42:50.650]: (0.0, 1.9, 0.9) 1
[15:42:50.673]: (0.0, 1.9, 0.9) 1
[15:42:50.691]: (0.0, 1.9, 0.9) 1
[15:42:50.710]: (0.0, 1.9, 0.9) 1
[15:42:50.728]: (0.0, 1.9, 0.9) 1
[15:42:50.749]: (0.0, 1.9, 0.9) 1
[15:42:50.765]: (0.0, 1.9, 0.9) 1
[15:42:50.783]: (0.0, 1.9, 0.9) 1
[15:42:50.800]: (0.0, 1.9, 0.9) 1
[15:42:50.818]: (0.0, 1.9, 0.9) 1
[15:42:50.837]: (0.0, 1.9, 0.9) 1
[15:42:50.857]: (0.0, 1.9, 0.9) 1
[15:42:50.879]: (0.0, 1.9, 0.9) 1
[15:42:50.898]: (0.0, 1.9, 0.9) 1
[15:42:50.915]: (0.0, 1.9, 0.9) 1
[15:42:50.934]: (0.0, 1.9, 0.9) 1
[15:42:50.953]: (0.0, 1.9, 0.9) 1
[15:42:50.972]: (0.0, 1.9, 0.9) 1
[15:42:50.990]: (0.0, 1.9, 0.9) 1
[15:42:51.008]: (0.0, 1.9, 0.9) 1
[15:42:51.030]: (0.0, 1.9, 0.9) 0
[15:42:51.051]: (0.0, 1.9, 0.9) 0
[15:42:51.075]: (0.0, 1.9, 0.9) 1
[15:42:51.099]: (0.0, 1.9, 0.9) 1
[15:42:51.118]: (0.0, 1.9, 0.9) 0
[15:42:51.142]: (-0.2, 2.1, 1.1) 4
[15:42:51.402]: (-0.2, 2.1, 0.9) 5
[15:42:51.421]: (-0.2, 2.1, 0.9) 5
[15:42:51.439]: (-0.2, 2.1, 0.9) 5
[15:42:51.459]: (-0.2, 2.1, 0.9) 5
[15:42:51.477]: (-0.2, 2.1, 0.9) 5
[15:42:51.494]: (-0.2, 2.1, 0.9) 5
[15:42:51.513]: (-0.2, 2.1, 0.9) 5
[15:42:51.539]: (-0.2, 2.1, 0.9) 5
[15:42:51.559]: (-0.2, 2.1, 0.9) 5
[15:42:51.580]: (-0.2, 2.1, 0.9) 5
[15:42:51.600]: (-0.2, 2.1, 0.9) 5
[15:42:51.622]: (-0.2, 2.1, 0.9) 5
[15:42:51.640]: (-0.3, 2.1, 0.9) 5
[15:42:51.820]: (-0.2, 2.1, 0.9) 5
[15:42:51.838]: (-0.2, 2.1, 0.9) 5
[15:42:51.857]: (-0.2, 2.1, 0.9) 5
[15:42:51.876]: (-0.2, 2.1, 0.9) 5
[15:42:51.893]: (-0.2, 2.1, 0.9) 5
[15:42:51.911]: (-0.2, 2.1, 0.9) 5
[15:42:51.932]: (-0.2, 2.1, 0.9) 5
[15:42:51.955]: (-0.2, 2.1, 0.9) 5
[15:42:51.974]: (-0.2, 2.1, 0.9) 5
[15:42:51.993]: (-0.2, 2.1, 0.9) 5
[15:42:52.011]: (-0.2, 2.1, 0.9) 5
[15:42:52.031]: (-0.2, 2.1, 0.9) 5
[15:42:52.118]: (0.0, 1.9, 0.9) 1
[15:42:52.140]: (0.0, 1.9, 0.8) 1
[15:42:52.164]: (0.0, 1.9, 0.8) 1
[15:42:52.184]: (0.0, 1.9, 0.8) 1
[15:42:52.209]: (0.0, 1.9, 0.9) 1
[15:42:52.230]: (0.0, 1.9, 0.9) 1
[15:42:52.250]: (0.0, 1.9, 0.9) 1
[15:42:52.274]: (0.0, 1.9, 0.9) 1
[15:42:52.295]: (0.0, 1.8, 0.9) 1
[15:42:52.318]: (0.0, 1.9, 0.9) 1
[15:42:52.340]: (0.0, 1.9, 0.9) 1
[15:42:52.363]: (0.0, 1.9, 0.9) 1
[15:42:52.383]: (0.0, 1.9, 0.9) 0
[15:42:52.401]: (0.0, 1.9, 0.9) 0
[15:42:52.420]: (0.0, 1.9, 1.0) 0
[15:42:53.209]: (0.0, 1.9, 0.8) 1
[15:42:53.229]: (0.0, 1.9, 0.8) 1
[15:42:53.260]: (0.0, 1.9, 0.8) 1
[15:42:53.282]: (0.0, 1.9, 0.8) 1
[15:42:53.301]: (0.0, 1.9, 0.8) 1
[15:42:53.321]: (0.0, 1.9, 0.8) 1
[15:42:53.339]: (0.0, 1.9, 0.8) 1
[15:42:53.362]: (0.0, 1.9, 0.8) 1
[15:42:53.385]: (0.0, 1.9, 0.9) 1
[15:42:53.408]: (0.0, 1.9, 0.9) 1
[15:42:53.429]: (0.0, 1.9, 0.9) 1
[15:42:53.447]: (0.0, 1.9, 0.9) 1
[15:42:53.466]: (0.0, 1.9, 0.9) 1
[15:42:53.485]: (0.0, 1.9, 0.9) 1
[15:42:53.504]: (0.0, 1.9, 0.9) 1
[15:42:53.521]: (0.0, 1.9, 0.9) 1
[15:42:53.539]: (0.0, 1.9, 0.9) 1
[15:42:53.557]: (0.0, 1.9, 0.9) 1
[15:42:53.577]: (0.0, 1.9, 0.9) 1
[15:42:53.594]: (0.0, 1.9, 0.9) 1
[15:42:53.616]: (0.0, 1.9, 0.9) 1
[15:42:53.634]: (0.0, 1.9, 0.9) 1
[15:42:53.653]: (0.0, 1.9, 0.9) 1
[15:42:53.672]: (0.0, 1.9, 0.9) 1
[15:42:53.693]: (0.0, 1.9, 0.9) 1
[15:42:53.712]: (0.0, 1.9, 0.9) 1
[15:42:53.733]: (0.0, 1.9, 0.9) 0
[15:42:53.753]: (0.0, 1.9, 0.9) 0
[15:42:53.771]: (0.0, 1.9, 0.9) 0
[15:42:53.789]: (0.0, 1.9, 0.9) 0
[15:42:54.485]: (-0.2, 1.9, 0.8) 0
[15:42:55.409]: (-0.1, 1.9, 0.8) 0
[15:42:55.427]: (-0.1, 1.9, 0.8) 0
[15:42:55.445]: (-0.1, 1.9, 0.8) 0
[15:42:55.464]: (-0.1, 1.9, 0.8) 0
[15:42:55.482]: (-0.1, 1.9, 0.8) 0
[15:42:55.501]: (-0.1, 1.9, 0.8) 0
[15:42:55.518]: (-0.1, 1.9, 0.8) 0
[15:42:55.535]: (-0.1, 1.9, 0.8) 0
[15:42:55.551]: (-0.1, 1.9, 0.8) 0
[15:42:56.075]: (0.1, 2.1, 0.4) 1
[15:42:56.111]: (0.0, 2.2, 0.5) 0
[15:42:56.444]: (0.0, 1.8, 0.8) 0
[15:42:56.544]: (-0.1, 1.8, 0.9) 0
[15:42:56.576]: (0.0, 1.8, 0.9) 0
[15:42:56.609]: (-0.1, 1.8, 0.9) 0
[15:42:56.642]: (-0.1, 1.7, 0.8) 1
[15:42:56.676]: (-0.1, 1.7, 0.8) 1
[15:42:56.698]: (-0.1, 1.7, 0.8) 1
[15:42:56.718]: (-0.1, 1.7, 0.8) 1
[15:42:56.743]: (-0.1, 1.7, 0.8) 1
[15:42:56.764]: (-0.1, 1.7, 0.8) 1
[15:42:56.788]: (-0.1, 1.7, 0.8) 1
[15:42:56.809]: (-0.2, 1.7, 0.8) 1
[15:42:56.832]: (-0.2, 1.7, 0.8) 1
[15:42:57.293]: (-0.2, 1.9, 0.8) 0
[15:42:57.315]: (-0.2, 1.9, 0.8) 0
[15:42:57.338]: (-0.2, 1.8, 0.7) 1
[15:42:57.363]: (-0.2, 1.8, 0.7) 1
[15:42:57.383]: (-0.2, 1.8, 0.7) 1
[15:42:57.408]: (-0.2, 1.8, 0.7) 1
[15:42:57.431]: (-0.2, 1.8, 0.7) 1
[15:42:57.453]: (-0.2, 1.8, 0.7) 1
[15:42:57.475]: (-0.2, 1.8, 0.7) 1
[15:42:57.498]: (-0.2, 1.8, 0.7) 1
[15:42:57.520]: (-0.2, 1.8, 0.7) 1
[15:42:57.542]: (-0.2, 1.8, 0.7) 1
[15:42:57.564]: (-0.2, 1.8, 0.7) 1
[15:42:57.585]: (-0.2, 1.8, 0.7) 1
[15:42:57.609]: (-0.2, 1.8, 0.7) 1
[15:42:57.630]: (-0.2, 1.8, 0.7) 1
[15:42:57.764]: (-0.2, 1.9, 0.8) 0
[15:42:57.786]: (-0.2, 1.9, 0.8) 0
[15:42:57.809]: (-0.2, 1.8, 0.7) 1
[15:42:57.831]: (-0.2, 1.8, 0.7) 1
[15:42:57.857]: (-0.2, 1.8, 0.7) 1
[15:42:57.878]: (-0.2, 1.8, 0.7) 1
[15:42:57.902]: (-0.2, 1.9, 0.8) 0
[15:42:58.184]: (-0.4, 1.8, 0.7) 1
[15:42:58.206]: (-0.4, 1.8, 0.7) 1
[15:42:58.227]: (-0.4, 1.8, 0.7) 1
[15:42:58.249]: (-0.4, 1.8, 0.7) 1
[15:42:58.409]: (-0.4, 1.8, 0.7) 1
[15:42:58.435]: (-0.4, 1.8, 0.7) 1
[15:42:58.455]: (-0.4, 1.8, 0.7) 1
[15:42:58.477]: (-0.4, 1.8, 0.6) 1
[15:42:58.498]: (-0.4, 1.8, 0.6) 1
[15:42:58.521]: (-0.4, 1.8, 0.6) 1
[15:42:58.542]: (-0.4, 1.8, 0.6) 1
[15:42:58.564]: (-0.4, 1.8, 0.6) 1
[15:42:58.584]: (-0.4, 1.8, 0.6) 1
[15:42:58.608]: (-0.4, 1.8, 0.6) 1
[15:42:58.642]: (-0.4, 1.8, 0.7) 1
[15:42:58.675]: (-0.4, 1.8, 0.7) 1
[15:42:58.706]: (-0.4, 1.8, 0.6) 1
[15:42:58.737]: (-0.4, 1.8, 0.6) 1
[15:42:58.771]: (-0.4, 1.8, 0.6) 1
[15:42:58.805]: (-0.4, 1.8, 0.6) 1
[15:42:58.839]: (-0.4, 1.8, 0.6) 1
[15:42:58.872]: (-0.4, 1.8, 0.6) 1
[15:42:58.904]: (-0.4, 1.9, 0.7) 1
[15:42:58.938]: (-0.4, 1.9, 0.6) 1
[15:42:58.971]: (-0.4, 1.9, 0.6) 1
[15:42:59.004]: (-0.4, 1.8, 0.6) 1
[15:42:59.037]: (-0.4, 1.9, 0.6) 1
[15:42:59.809]: (-0.4, 2.0, 0.4) 1
[15:42:59.829]: (-0.4, 2.0, 0.4) 1
[15:42:59.851]: (-0.4, 2.0, 0.4) 1
[15:42:59.870]: (-0.3, 2.0, 0.4) 1
[15:42:59.892]: (-0.4, 2.0, 0.4) 1
[15:42:59.915]: (-0.4, 2.0, 0.4) 1
[15:43:00.163]: (-0.4, 2.0, 0.4) 1
[15:43:00.185]: (-0.4, 2.0, 0.4) 1
[15:43:00.206]: (-0.4, 2.0, 0.4) 1
[15:43:00.231]: (-0.4, 2.0, 0.4) 1
[15:43:00.250]: (-0.4, 2.0, 0.4) 1
[15:43:00.273]: (-0.4, 2.0, 0.4) 1
[15:43:00.295]: (-0.4, 2.0, 0.4) 1
[15:43:00.317]: (-0.4, 2.0, 0.4) 1
[15:43:00.341]: (-0.4, 2.0, 0.4) 1
[15:43:00.363]: (-0.4, 2.0, 0.4) 1
[15:43:00.384]: (-0.4, 2.0, 0.4) 1
[15:43:00.407]: (-0.4, 2.0, 0.4) 1
[15:43:00.428]: (-0.4, 2.0, 0.4) 1
[15:43:00.452]: (-0.4, 2.0, 0.4) 1
[15:43:00.474]: (-0.4, 2.0, 0.4) 1
[15:43:00.495]: (-0.4, 2.0, 0.4) 1
[15:43:00.517]: (-0.4, 2.0, 0.4) 1
[15:43:00.534]: (-0.4, 2.0, 0.4) 1
[15:43:00.550]: (-0.4, 2.0, 0.4) 1
[15:43:00.567]: (-0.4, 2.0, 0.4) 1
[15:43:00.584]: (-0.4, 2.0, 0.4) 1
[15:43:00.601]: (-0.4, 2.0, 0.4) 1
[15:43:00.616]: (-0.4, 2.0, 0.4) 1
[15:43:00.634]: (-0.4, 2.0, 0.4) 1
[15:43:00.650]: (-0.4, 2.0, 0.4) 1
[15:43:00.668]: (-0.4, 2.0, 0.4) 1
[15:43:00.687]: (-0.4, 2.0, 0.4) 1
[15:43:00.708]: (-0.4, 2.0, 0.4) 1
[15:43:00.730]: (-0.4, 2.0, 0.4) 1
[15:43:00.750]: (-0.4, 2.0, 0.4) 1
[15:43:00.773]: (-0.4, 2.0, 0.4) 1
[15:43:00.794]: (-0.4, 2.0, 0.4) 1
[15:43:00.814]: (-0.4, 2.0, 0.4) 1
[15:43:01.089]: (-0.4, 2.0, 0.4) 1
[15:43:01.112]: (-0.3, 2.0, 0.3) 1
[15:43:01.135]: (-0.4, 2.0, 0.4) 1
[15:43:01.156]: (-0.4, 2.0, 0.4) 0
[15:43:01.183]: (-0.4, 2.0, 0.4) 0
[15:43:01.205]: (-0.4, 2.0, 0.4) 0
[15:43:01.298]: (-0.3, 2.0, 0.4) 0
[15:43:01.329]: (-0.4, 1.9, 0.4) 1
[15:43:01.364]: (-0.3, 1.9, 0.4) 1
[15:43:01.398]: (-0.3, 1.9, 0.4) 1
[15:43:01.432]: (-0.3, 1.9, 0.4) 1
[15:43:01.465]: (-0.4, 1.9, 0.4) 1
[15:43:01.500]: (-0.4, 1.9, 0.5) 1
[15:43:01.530]: (-0.4, 1.9, 0.5) 1
[15:43:01.565]: (-0.3, 1.8, 0.5) 1
[15:43:01.595]: (-0.3, 1.8, 0.4) 1
[15:43:01.632]: (-0.3, 1.8, 0.5) 1
[15:43:01.664]: (-0.3, 1.8, 0.5) 1
[15:43:01.906]: (-0.3, 1.8, 0.4) 1
[15:43:01.927]: (-0.3, 1.8, 0.4) 1
[15:43:01.949]: (-0.3, 1.8, 0.4) 1
[15:43:01.971]: (-0.3, 1.8, 0.4) 1
[15:43:01.992]: (-0.3, 1.8, 0.4) 1
[15:43:02.015]: (-0.2, 1.9, 0.4) 1
[15:43:02.594]: (-0.1, 2.0, 0.5) 5
[15:43:02.617]: (-0.1, 2.0, 0.4) 5
[15:43:02.641]: (0.0, 2.0, 0.4) 5
[15:43:02.665]: (0.0, 2.0, 0.4) 5
[15:43:02.799]: (-0.1, 2.0, 0.4) 5
[15:43:02.820]: (-0.1, 2.0, 0.4) 5
[15:43:02.842]: (-0.2, 2.0, 0.4) 5
[15:43:02.865]: (-0.2, 2.0, 0.4) 5
[15:43:02.882]: (-0.2, 2.0, 0.4) 5
[15:43:02.905]: (-0.2, 2.0, 0.4) 5
[15:43:02.927]: (-0.2, 2.0, 0.4) 5
[15:43:02.951]: (-0.2, 2.0, 0.4) 5
[15:43:02.975]: (-0.2, 2.0, 0.4) 5
[15:43:02.997]: (-0.2, 2.0, 0.4) 5
[15:43:03.015]: (-0.2, 2.0, 0.4) 5
[15:43:03.038]: (-0.2, 2.0, 0.4) 5
[15:43:03.060]: (-0.2, 2.0, 0.4) 5
[15:43:03.082]: (-0.2, 2.0, 0.4) 5
[15:43:03.198]: (-0.1, 2.0, 0.4) 5
[15:43:03.214]: (-0.1, 2.0, 0.4) 5
[15:43:03.232]: (-0.2, 2.0, 0.4) 5
[15:43:03.248]: (-0.2, 2.0, 0.4) 5
[15:43:03.266]: (-0.2, 2.0, 0.4) 5
[15:43:03.282]: (-0.1, 2.0, 0.4) 5
[15:43:03.300]: (-0.2, 2.1, 0.4) 5
[15:43:03.332]: (-0.2, 2.1, 0.4) 5
[15:43:03.348]: (-0.2, 2.0, 0.4) 5
[15:43:03.366]: (-0.2, 2.0, 0.4) 5
[15:43:03.382]: (-0.2, 2.0, 0.4) 5
[15:43:03.399]: (-0.2, 2.0, 0.4) 5
[15:43:03.416]: (-0.2, 2.0, 0.4) 5
[15:43:03.433]: (-0.2, 2.0, 0.4) 5
[15:43:03.450]: (-0.2, 2.0, 0.4) 5
[15:43:03.467]: (-0.2, 2.0, 0.4) 5
[15:43:03.483]: (-0.2, 2.0, 0.4) 5
[15:43:03.499]: (-0.2, 2.0, 0.4) 5
[15:43:03.516]: (-0.2, 2.0, 0.4) 5
[15:43:03.534]: (-0.2, 2.0, 0.4) 5
[15:43:03.551]: (-0.1, 2.0, 0.4) 5
[15:43:03.586]: (-0.1, 2.1, 0.4) 3
[15:43:03.779]: (0.0, 2.1, 0.5) 3
[15:43:03.801]: (0.0, 2.1, 0.5) 3
[15:43:03.824]: (0.0, 2.1, 0.5) 3
[15:43:03.913]: (-0.2, 2.1, 0.5) 4
[15:43:04.172]: (-0.2, 2.1, 0.5) 4
[15:43:04.204]: (-0.2, 2.1, 0.5) 4
[15:43:04.222]: (-0.2, 2.1, 0.5) 4
[15:43:04.237]: (-0.2, 2.1, 0.5) 4
[15:43:04.253]: (-0.2, 2.1, 0.5) 4
[15:43:04.270]: (-0.2, 2.1, 0.5) 4
[15:43:04.288]: (-0.2, 2.1, 0.5) 4
[15:43:04.304]: (-0.2, 2.1, 0.5) 4
[15:43:04.320]: (-0.2, 2.1, 0.5) 4
[15:43:04.351]: (-0.2, 2.1, 0.5) 4
[15:43:04.368]: (-0.2, 2.1, 0.5) 4
[15:43:04.383]: (-0.2, 2.1, 0.5) 4
[15:43:04.415]: (-0.2, 2.1, 0.5) 4
[15:43:04.512]: (-0.2, 2.1, 0.5) 4
[15:43:04.535]: (-0.2, 2.1, 0.5) 4
[15:43:04.556]: (-0.2, 2.1, 0.5) 4
[15:43:04.579]: (-0.2, 2.1, 0.5) 4
[15:43:04.601]: (-0.2, 2.1, 0.5) 4
[15:43:04.623]: (-0.2, 2.1, 0.5) 4
[15:43:04.647]: (-0.2, 2.1, 0.5) 4
[15:43:04.669]: (-0.2, 2.1, 0.5) 4
[15:43:04.691]: (-0.2, 2.1, 0.5) 4
[15:43:04.712]: (-0.2, 2.1, 0.5) 4
[15:43:04.734]: (-0.2, 2.1, 0.5) 4
[15:43:04.757]: (-0.2, 2.1, 0.5) 4
[15:43:04.779]: (-0.2, 2.1, 0.5) 4
[15:43:04.801]: (-0.2, 2.1, 0.5) 4
[15:43:04.823]: (-0.2, 2.1, 0.5) 4
[15:43:04.847]: (-0.2, 2.1, 0.5) 4
[15:43:04.868]: (-0.2, 2.1, 0.5) 4
[15:43:04.890]: (-0.2, 2.1, 0.5) 4
[15:43:04.913]: (-0.2, 2.1, 0.5) 4
[15:43:04.930]: (-0.2, 2.1, 0.5) 4
[15:43:04.947]: (-0.2, 2.1, 0.5) 4
[15:43:04.963]: (-0.2, 2.1, 0.5) 4
[15:43:04.982]: (-0.2, 2.1, 0.5) 4
[15:43:04.999]: (-0.2, 2.1, 0.5) 4
[15:43:05.014]: (-0.2, 2.1, 0.5) 4
[15:43:05.032]: (-0.2, 2.1, 0.5) 4
[15:43:05.049]: (-0.2, 2.1, 0.5) 4
[15:43:05.066]: (-0.2, 2.1, 0.5) 4
[15:43:05.082]: (-0.2, 2.1, 0.5) 4
[15:43:05.099]: (-0.2, 2.1, 0.5) 4
[15:43:05.115]: (-0.2, 2.1, 0.5) 4
[15:43:05.132]: (-0.2, 2.1, 0.5) 4
[15:43:05.147]: (-0.2, 2.1, 0.5) 4
[15:43:05.165]: (-0.2, 2.1, 0.5) 4
[15:43:05.183]: (-0.2, 2.1, 0.5) 4
[15:43:05.200]: (-0.2, 2.1, 0.5) 4
[15:43:05.215]: (-0.2, 2.1, 0.5) 4
[15:43:05.232]: (-0.2, 2.1, 0.5) 4
[15:43:05.247]: (-0.2, 2.1, 0.5) 4
[15:43:05.265]: (-0.2, 2.1, 0.5) 4
[15:43:05.283]: (-0.2, 2.1, 0.5) 4
[15:43:05.300]: (-0.2, 2.1, 0.5) 4
[15:43:05.317]: (-0.2, 2.1, 0.5) 4
[15:43:05.334]: (-0.2, 2.1, 0.5) 4
[15:43:05.352]: (-0.2, 2.1, 0.5) 4
[15:43:05.369]: (-0.2, 2.1, 0.5) 4
[15:43:05.400]: (-0.4, 1.9, 0.5) 0
[15:43:05.423]: (-0.4, 1.8, 0.5) 1
[15:43:05.624]: (-0.4, 1.8, 0.5) 1
[15:43:05.646]: (-0.4, 1.8, 0.5) 1
[15:43:05.670]: (-0.4, 1.8, 0.5) 1
[15:43:05.690]: (-0.4, 1.8, 0.5) 1
[15:43:05.712]: (-0.4, 1.8, 0.5) 1
[15:43:05.734]: (-0.4, 1.8, 0.5) 1
[15:43:05.757]: (-0.4, 1.8, 0.5) 1
[15:43:05.779]: (-0.4, 1.8, 0.5) 1
[15:43:05.801]: (-0.4, 1.8, 0.5) 1
[15:43:05.823]: (-0.4, 1.8, 0.5) 1
[15:43:05.845]: (-0.4, 1.8, 0.5) 1
[15:43:05.868]: (-0.4, 1.8, 0.5) 1
[15:43:05.885]: (-0.4, 1.8, 0.5) 1
[15:43:05.902]: (-0.4, 1.8, 0.5) 1
[15:43:05.918]: (-0.4, 1.8, 0.5) 1
[15:43:05.935]: (-0.4, 1.8, 0.5) 1
[15:43:05.952]: (-0.4, 1.8, 0.5) 1
[15:43:05.970]: (-0.4, 1.8, 0.5) 1
[15:43:05.987]: (-0.4, 1.8, 0.5) 1
[15:43:06.002]: (-0.4, 1.8, 0.4) 1
[15:43:06.018]: (-0.4, 1.8, 0.5) 1
[15:43:06.034]: (-0.4, 1.8, 0.5) 1
[15:43:06.050]: (-0.4, 1.8, 0.5) 1
[15:43:06.068]: (-0.4, 1.8, 0.5) 1
[15:43:06.083]: (-0.4, 1.8, 0.5) 1
[15:43:06.100]: (-0.4, 1.8, 0.5) 1
[15:43:06.116]: (-0.4, 1.8, 0.5) 1
[15:43:06.132]: (-0.4, 1.8, 0.5) 1
[15:43:06.148]: (-0.4, 1.8, 0.5) 1
[15:43:06.165]: (-0.4, 1.8, 0.5) 1
[15:43:06.182]: (-0.4, 1.8, 0.5) 1
[15:43:06.199]: (-0.4, 1.8, 0.5) 1
[15:43:06.215]: (-0.4, 1.8, 0.5) 1
[15:43:06.232]: (-0.4, 1.8, 0.5) 1
[15:43:06.249]: (-0.4, 1.8, 0.5) 1
[15:43:06.266]: (-0.4, 1.8, 0.5) 1
[15:43:06.283]: (-0.4, 1.8, 0.5) 1
[15:43:06.301]: (-0.4, 1.8, 0.5) 1
[15:43:06.316]: (-0.4, 1.8, 0.4) 1
[15:43:06.333]: (-0.4, 1.8, 0.5) 1
[15:43:06.349]: (-0.4, 1.8, 0.5) 1
[15:43:06.367]: (-0.4, 1.8, 0.4) 1
[15:43:06.390]: (-0.4, 1.8, 0.5) 1
[15:43:06.412]: (-0.4, 1.8, 0.5) 1
[15:43:06.435]: (-0.4, 1.8, 0.5) 1
[15:43:06.456]: (-0.4, 1.8, 0.5) 1
[15:43:06.478]: (-0.4, 1.8, 0.5) 1
[15:43:06.500]: (-0.4, 1.8, 0.5) 1
[15:43:06.700]: (-0.4, 1.9, 0.5) 0
[15:43:06.961]: (-0.4, 1.9, 0.5) 0
[15:43:06.979]: (-0.4, 1.9, 0.5) 0
[15:43:06.995]: (-0.4, 1.9, 0.5) 0
[15:43:07.031]: (-0.4, 1.9, 0.5) 0
[15:43:07.046]: (-0.4, 1.9, 0.5) 0
[15:43:07.092]: (-0.4, 1.9, 0.5) 0
[15:43:07.109]: (-0.4, 1.9, 0.5) 0
[15:43:07.125]: (-0.4, 1.9, 0.5) 0
[15:43:07.143]: (-0.4, 1.9, 0.5) 0
[15:43:07.159]: (-0.4, 1.9, 0.5) 0
[15:43:07.178]: (-0.4, 1.9, 0.5) 0
[15:43:07.200]: (-0.4, 1.9, 0.5) 0
[15:43:07.223]: (-0.4, 1.9, 0.5) 0
[15:43:07.245]: (-0.4, 1.9, 0.5) 0
[15:43:07.267]: (-0.4, 1.9, 0.5) 0
[15:43:07.289]: (-0.4, 1.9, 0.5) 0
[15:43:07.311]: (-0.4, 1.9, 0.5) 0
[15:43:07.333]: (-0.4, 1.9, 0.5) 0
[15:43:07.356]: (-0.4, 1.9, 0.5) 0
[15:43:07.378]: (-0.4, 1.9, 0.5) 0
[15:43:07.404]: (-0.4, 1.9, 0.5) 0
[15:43:07.427]: (-0.4, 1.9, 0.5) 0
[15:43:07.451]: (-0.4, 1.9, 0.5) 0
[15:43:07.472]: (-0.4, 1.9, 0.5) 0
[15:43:07.494]: (-0.4, 1.9, 0.5) 0
[15:43:07.770]: (-0.4, 1.8, 0.5) 2
[15:43:07.791]: (-0.4, 1.8, 0.5) 2
[15:43:07.812]: (-0.4, 1.8, 0.5) 2
[15:43:07.834]: (-0.4, 1.8, 0.5) 2
[15:43:07.855]: (-0.4, 1.8, 0.5) 2
[15:43:07.876]: (-0.3, 1.8, 0.5) 2
[15:43:07.899]: (-0.3, 1.8, 0.5) 2
[15:43:07.920]: (-0.3, 1.8, 0.5) 2
[15:43:07.940]: (-0.3, 1.8, 0.5) 2
[15:43:07.962]: (-0.3, 1.8, 0.5) 2
[15:43:07.984]: (-0.3, 1.8, 0.5) 2
[15:43:08.005]: (-0.3, 1.8, 0.5) 2
[15:43:08.027]: (-0.3, 1.8, 0.5) 2
[15:43:08.247]: (-0.3, 1.9, 0.5) 0
[15:43:08.269]: (-0.3, 1.9, 0.5) 0
[15:43:08.286]: (-0.3, 1.9, 0.5) 0
[15:43:08.303]: (-0.3, 1.9, 0.5) 0
[15:43:08.323]: (-0.3, 1.9, 0.5) 0
[15:43:08.347]: (-0.3, 1.9, 0.5) 0
[15:43:08.372]: (-0.3, 1.9, 0.5) 0
[15:43:10.954]: (-0.3, 1.8, 0.4) 1
[15:43:10.977]: (-0.3, 1.8, 0.4) 1
[15:43:10.998]: (-0.3, 1.8, 0.4) 1
[15:43:11.021]: (-0.3, 1.8, 0.4) 1
[15:43:11.044]: (-0.3, 1.8, 0.4) 1
[15:43:11.066]: (-0.3, 1.8, 0.4) 1
[15:43:11.087]: (-0.3, 1.8, 0.4) 1
[15:43:11.110]: (-0.3, 1.8, 0.4) 1
[15:43:11.133]: (-0.3, 1.8, 0.4) 1
[15:43:11.154]: (-0.3, 1.8, 0.4) 1
[15:43:11.177]: (-0.3, 1.8, 0.4) 1
[15:43:11.199]: (-0.3, 1.8, 0.4) 1
[15:43:11.221]: (-0.3, 1.8, 0.4) 1
[15:43:11.244]: (-0.3, 1.8, 0.4) 1
[15:43:11.265]: (-0.3, 1.8, 0.4) 1
[15:43:11.282]: (-0.3, 1.8, 0.4) 1
[15:43:11.299]: (-0.3, 1.8, 0.4) 1
[15:43:11.318]: (-0.3, 1.8, 0.4) 1
[15:43:11.334]: (-0.3, 1.8, 0.4) 1
[15:43:11.349]: (-0.3, 1.8, 0.4) 1
[15:43:11.367]: (-0.3, 1.8, 0.4) 1
[15:43:11.385]: (-0.3, 1.8, 0.4) 1
[15:43:11.401]: (-0.3, 1.8, 0.4) 1
[15:43:11.418]: (-0.3, 1.8, 0.4) 1
[15:43:11.436]: (-0.3, 1.8, 0.4) 1
[15:43:11.453]: (-0.3, 1.8, 0.4) 1
[15:43:11.469]: (-0.3, 1.8, 0.4) 1
[15:43:11.486]: (-0.3, 1.8, 0.4) 1
[15:43:11.502]: (-0.3, 1.8, 0.4) 1
[15:43:11.517]: (-0.3, 1.8, 0.4) 1
[15:43:11.534]: (-0.3, 1.8, 0.4) 1
[15:43:11.550]: (-0.3, 1.8, 0.4) 1
[15:43:11.568]: (-0.3, 1.8, 0.4) 1
[15:43:11.586]: (-0.3, 1.8, 0.4) 1
[15:43:11.603]: (-0.3, 1.8, 0.4) 1
[15:43:11.620]: (-0.3, 1.8, 0.4) 1
[15:43:11.637]: (-0.3, 1.8, 0.4) 1
[15:43:11.654]: (-0.3, 1.8, 0.4) 1
[15:43:11.674]: (-0.3, 1.8, 0.4) 1
[15:43:11.690]: (-0.3, 1.8, 0.4) 1
[15:43:11.706]: (-0.3, 1.8, 0.4) 1
[15:43:11.723]: (-0.3, 1.8, 0.4) 1
[15:43:11.743]: (-0.3, 1.8, 0.4) 1
[15:43:11.767]: (-0.3, 1.8, 0.4) 1
[15:43:11.788]: (-0.3, 1.8, 0.4) 1
[15:43:11.810]: (-0.3, 1.8, 0.4) 1
[15:43:11.832]: (-0.3, 1.8, 0.4) 1
[15:43:11.853]: (-0.3, 1.8, 0.4) 1
[15:43:11.876]: (-0.3, 1.8, 0.4) 1
[15:43:12.296]: (-0.4, 1.8, 0.5) 2
[15:43:12.313]: (-0.4, 1.8, 0.5) 2
[15:43:12.330]: (-0.4, 1.8, 0.5) 2
[15:43:12.346]: (-0.4, 1.8, 0.5) 2
[15:43:12.364]: (-0.4, 1.8, 0.5) 2
[15:43:12.383]: (-0.4, 1.8, 0.5) 2
[15:43:12.401]: (-0.4, 1.8, 0.5) 2
[15:43:12.418]: (-0.4, 1.8, 0.5) 2
[15:43:12.433]: (-0.4, 1.8, 0.5) 2
[15:43:12.449]: (-0.4, 1.8, 0.5) 2
[15:43:12.467]: (-0.4, 1.8, 0.5) 2
[15:43:12.484]: (-0.4, 1.8, 0.5) 2
[15:43:12.500]: (-0.4, 1.8, 0.5) 2
[15:43:12.516]: (-0.4, 1.8, 0.5) 2
[15:43:12.534]: (-0.4, 1.8, 0.5) 2
[15:43:12.560]: (-0.4, 1.8, 0.5) 2
[15:43:12.579]: (-0.4, 1.8, 0.5) 2
[15:43:12.595]: (-0.4, 1.8, 0.5) 2
[15:43:12.612]: (-0.4, 1.8, 0.5) 2
[15:43:12.628]: (-0.4, 1.8, 0.5) 2
[15:43:12.644]: (-0.4, 1.8, 0.5) 2
[15:43:12.665]: (-0.4, 1.8, 0.5) 2
[15:43:12.695]: (-0.4, 1.8, 0.5) 2
