[17:18:26.924]: (-1.6, -2.0, -0.1) 12
[17:18:27.130]: (-1.9, -1.3, -0.1) 30
[17:18:27.147]: (-2.2, -1.9, 0.0) 23
[17:18:27.163]: (-1.8, -1.3, 0.0) 30
[17:18:27.179]: (-2.2, -1.9, 0.0) 23
[17:18:27.194]: (-1.6, -1.0, -0.1) 25
[17:18:27.212]: (-1.6, -1.0, -0.1) 25
[17:18:27.229]: (-1.6, -1.0, -0.1) 25
[17:18:27.245]: (-1.9, -1.3, 0.0) 30
[17:18:27.261]: (-1.9, -1.3, 0.0) 30
[17:18:27.279]: (-1.8, -1.3, -0.1) 30
[17:18:27.295]: (-1.9, -1.3, -0.1) 30
[17:18:27.311]: (-1.6, -1.0, -0.1) 25
[17:18:27.328]: (-1.6, -1.0, -0.1) 25
[17:18:27.344]: (-1.6, -1.0, -0.1) 25
[17:18:27.360]: (-1.6, -0.9, -0.1) 25
[17:18:27.378]: (-1.6, -1.0, -0.1) 25
[17:18:27.395]: (-1.6, -1.0, -0.1) 25
[17:18:27.412]: (-1.6, -0.9, 0.0) 25
[17:18:27.429]: (-1.6, -1.0, 0.0) 25
[17:18:27.445]: (-1.6, -1.0, 0.0) 25
[17:18:27.461]: (-1.6, -1.0, 0.0) 25
[17:18:27.544]: (-1.6, -1.0, 0.0) 25
[17:18:27.566]: (-1.6, -1.0, 0.0) 25
[17:18:27.588]: (-1.6, -1.0, 0.0) 25
[17:18:27.610]: (-1.6, -0.9, 0.0) 25
[17:18:27.744]: (-1.4, -0.4, 0.0) 5
[17:18:27.765]: (-1.4, -0.4, 0.0) 5
[17:18:27.788]: (-1.4, -0.4, 0.0) 5
[17:18:27.810]: (-1.4, -0.4, 0.0) 5
[17:18:27.832]: (-1.4, -0.4, 0.0) 5
[17:18:27.855]: (-1.4, -0.4, 0.0) 5
[17:18:27.876]: (-1.4, -0.4, 0.0) 5
[17:18:27.900]: (-1.4, -0.4, 0.0) 5
[17:18:27.917]: (-1.4, -0.4, 0.0) 5
[17:18:27.934]: (-1.4, -0.4, 0.0) 5
[17:18:27.965]: (-1.4, -0.4, -0.1) 6
[17:18:27.981]: (-1.4, -0.4, 0.0) 5
[17:18:28.013]: (-1.4, -0.4, -0.1) 6
[17:18:28.043]: (-1.4, -0.4, -0.1) 6
[17:18:28.119]: (-1.4, -0.4, -0.1) 5
[17:18:28.138]: (-1.4, -0.4, -0.1) 5
[17:18:28.157]: (-1.4, -0.4, -0.1) 5
[17:18:28.174]: (-1.4, -0.4, 0.0) 5
[17:18:28.190]: (-1.4, -0.4, 0.0) 5
[17:18:28.207]: (-1.4, -0.4, 0.0) 5
[17:18:28.226]: (-1.4, -0.4, -0.1) 5
[17:18:28.249]: (-1.4, -0.4, -0.1) 5
[17:18:28.269]: (-1.4, -0.4, -0.1) 5
[17:18:28.290]: (-1.4, -0.4, -0.1) 5
[17:18:28.310]: (-1.4, -0.4, -0.1) 5
[17:18:28.331]: (-1.4, -0.4, -0.1) 5
[17:18:28.353]: (-1.4, -0.4, 0.0) 5
[17:18:28.374]: (-1.4, -0.4, 0.0) 5
[17:18:28.548]: (-1.6, -0.1, 0.1) 5
[17:18:28.582]: (-1.7, -0.1, 0.2) 6
[17:18:28.614]: (-2.0, -0.3, 0.3) 27
[17:18:28.647]: (-2.1, -0.2, 0.4) 27
[17:18:28.782]: (-1.8, 0.6, 0.6) 5
[17:18:29.485]: (-0.5, 2.2, 1.2) 5
[17:18:29.505]: (-0.5, 2.1, 1.2) 5
[17:18:29.527]: (-0.5, 2.2, 1.2) 5
[17:18:29.548]: (-0.5, 2.1, 1.2) 5
[17:18:29.568]: (-0.5, 2.1, 1.2) 5
[17:18:29.586]: (-0.4, 2.2, 1.3) 6
[17:18:29.609]: (-0.4, 2.2, 1.4) 7
[17:18:29.632]: (-0.4, 2.2, 1.4) 7
[17:18:29.676]: (-0.4, 2.2, 1.5) 7
[17:18:29.700]: (-0.4, 2.2, 1.4) 7
[17:18:29.720]: (-0.4, 2.2, 1.4) 7
[17:18:29.742]: (-0.4, 2.2, 1.4) 7
[17:18:29.764]: (-0.4, 2.2, 1.4) 7
[17:18:29.787]: (-0.4, 2.2, 1.4) 7
[17:18:29.809]: (-0.4, 2.2, 1.4) 7
[17:18:29.832]: (-0.4, 2.2, 1.4) 7
[17:18:29.854]: (-0.4, 2.2, 1.4) 7
[17:18:29.875]: (-0.4, 2.1, 1.2) 5
[17:18:29.898]: (-0.4, 2.1, 1.3) 5
[17:18:29.920]: (-0.4, 2.1, 1.2) 5
[17:18:29.942]: (-0.4, 2.1, 1.3) 5
[17:18:30.031]: (-0.4, 2.2, 1.4) 7
[17:18:30.053]: (-0.4, 2.2, 1.4) 7
[17:18:30.657]: (-0.3, 2.2, 1.4) 26
[17:18:30.680]: (-0.3, 2.2, 1.4) 26
[17:18:30.701]: (-0.3, 2.2, 1.4) 26
[17:18:30.718]: (-0.3, 2.3, 1.4) 26
[17:18:30.751]: (-0.3, 2.3, 1.4) 26
[17:18:30.768]: (-0.3, 2.2, 1.4) 26
[17:18:30.785]: (-0.3, 2.3, 1.4) 26
[17:18:30.803]: (-0.3, 2.2, 1.4) 26
[17:18:30.827]: (-0.3, 2.2, 1.4) 26
[17:18:30.850]: (-0.2, 2.0, 1.2) 5
[17:18:31.076]: (-0.2, 2.0, 1.2) 5
[17:18:31.098]: (-0.2, 2.0, 1.2) 5
[17:18:31.120]: (-0.2, 2.0, 1.2) 5
[17:18:31.143]: (-0.2, 2.0, 1.2) 5
[17:18:31.166]: (-0.2, 2.0, 1.2) 5
[17:18:31.187]: (-0.2, 2.0, 1.2) 5
[17:18:31.209]: (-0.2, 1.9, 1.3) 5
[17:18:31.233]: (-0.2, 2.0, 1.2) 5
[17:18:31.254]: (-0.2, 2.0, 1.2) 5
[17:18:31.952]: (-0.1, 2.1, 1.4) 26
[17:18:31.975]: (-0.1, 2.1, 1.3) 26
[17:18:31.997]: (-0.1, 2.1, 1.3) 26
[17:18:32.019]: (-0.1, 2.1, 1.3) 26
[17:18:32.378]: (0.0, 2.1, 1.2) 26
[17:18:32.417]: (0.0, 2.2, 1.5) 25
[17:18:32.438]: (0.0, 2.2, 1.5) 25
[17:18:32.558]: (0.0, 2.0, 1.3) 26
[17:18:32.578]: (0.0, 2.0, 1.3) 26
[17:18:32.598]: (0.0, 2.0, 1.3) 26
[17:18:32.617]: (-0.1, 2.0, 1.3) 26
[17:18:32.632]: (-0.1, 2.0, 1.3) 26
[17:18:32.650]: (-0.1, 2.0, 1.3) 26
[17:18:32.665]: (-0.1, 2.0, 1.3) 26
[17:18:32.682]: (-0.1, 2.0, 1.3) 26
[17:18:32.698]: (-0.1, 2.0, 1.3) 26
[17:18:32.717]: (-0.1, 2.0, 1.3) 26
[17:18:32.736]: (0.0, 2.0, 1.3) 26
[17:18:32.754]: (-0.1, 2.0, 1.3) 26
[17:18:32.772]: (-0.1, 2.0, 1.3) 26
[17:18:32.788]: (-0.1, 2.0, 1.3) 26
[17:18:32.805]: (-0.1, 2.0, 1.3) 26
[17:18:32.821]: (-0.1, 2.0, 1.3) 26
[17:18:33.853]: (-0.6, 2.2, 1.3) 20
[17:18:34.408]: (-0.1, 1.9, 1.2) 26
[17:18:34.508]: (-0.1, 1.8, 1.2) 26
[17:18:34.542]: (-0.1, 1.9, 1.2) 26
[17:18:34.574]: (-0.1, 1.9, 1.2) 26
[17:18:34.607]: (-0.1, 1.9, 1.2) 26
[17:18:34.641]: (-0.1, 1.9, 1.2) 26
[17:18:34.678]: (-0.1, 1.9, 1.2) 26
[17:18:34.746]: (-0.1, 1.9, 1.2) 26
[17:18:34.766]: (-0.1, 1.9, 1.2) 26
[17:18:34.788]: (-0.1, 1.8, 1.2) 26
[17:18:34.811]: (-0.1, 1.9, 1.2) 26
[17:18:34.834]: (-0.1, 1.9, 1.2) 26
[17:18:34.855]: (-0.1, 1.8, 1.2) 26
[17:18:34.877]: (-0.1, 1.8, 1.2) 26
[17:18:34.900]: (-0.1, 1.8, 1.2) 26
[17:18:34.922]: (-0.1, 1.8, 1.2) 26
[17:18:34.943]: (0.0, 1.8, 1.2) 26
[17:18:34.967]: (0.0, 1.8, 1.2) 26
[17:18:35.919]: (0.6, 2.2, 1.6) 31
[17:18:35.964]: (0.6, 2.2, 1.6) 31
[17:18:35.984]: (0.5, 2.1, 1.6) 31
[17:18:36.166]: (0.8, 1.6, 1.4) 4
[17:18:36.187]: (0.7, 1.5, 1.4) 4
[17:18:36.210]: (0.8, 1.5, 1.4) 4
[17:18:36.232]: (0.8, 1.5, 1.4) 4
[17:18:36.256]: (0.8, 1.5, 1.4) 4
[17:18:36.298]: (0.8, 1.5, 1.4) 4
[17:18:36.321]: (0.8, 1.5, 1.4) 4
[17:18:36.343]: (0.8, 1.5, 1.4) 4
[17:18:37.144]: (-0.3, 1.9, 1.2) 21
[17:18:37.185]: (0.0, 1.8, 1.3) 25
[17:18:38.129]: (0.3, 1.7, 1.2) 27
[17:18:41.226]: (-1.4, -0.7, 0.5) 15
[17:18:41.249]: (-1.4, -0.7, 0.6) 15
[17:18:41.457]: (-0.8, -0.8, 1.2) 20
[17:18:41.489]: (-0.8, -0.8, 1.2) 20
[17:18:41.521]: (-0.8, -0.8, 1.2) 20
[17:18:41.552]: (-0.8, -0.9, 1.2) 20
[17:18:41.677]: (-0.3, -1.0, 1.2) 25
[17:18:43.059]: (-0.6, -1.1, 1.4) 19
[17:18:43.079]: (-0.6, -1.0, 1.4) 19
[17:18:43.342]: (-1.4, -0.5, 2.2) 12
[17:18:44.133]: (-1.2, 1.8, 2.3) 19
[17:18:44.253]: (-1.1, 1.9, 2.2) 25
[17:18:44.651]: (-0.7, 1.9, 2.5) 19
[17:18:44.992]: (-0.2, 1.6, 3.1) 11
[17:18:45.014]: (-0.2, 1.6, 3.1) 11
[17:18:45.036]: (-0.2, 1.6, 3.1) 11
[17:18:45.058]: (-0.2, 1.6, 3.1) 11
[17:18:45.080]: (-0.3, 1.6, 3.1) 11
[17:18:46.003]: (0.0, 2.0, 2.9) 11
[17:18:48.091]: (-0.3, 1.9, 2.7) 11
[17:18:48.118]: (-0.4, 1.9, 2.7) 11
[17:18:48.140]: (-0.4, 1.9, 2.7) 11
[17:18:48.160]: (-0.4, 1.9, 2.7) 11
[17:18:48.183]: (-0.4, 1.9, 2.7) 11
[17:18:48.205]: (-0.4, 1.8, 2.7) 11
[17:18:48.228]: (-0.4, 1.9, 2.7) 11
[17:18:49.435]: (-1.5, 0.9, 2.9) 29
[17:18:49.635]: (-1.5, 0.9, 2.9) 29
[17:18:49.652]: (-1.5, 0.9, 2.9) 29
[17:18:49.697]: (-1.3, 1.3, 2.3) 1
[17:18:49.729]: (-1.4, 1.3, 2.3) 1
[17:18:51.381]: (-0.6, 1.3, 2.3) 30
[17:18:52.547]: (-0.8, 1.6, 2.5) 22
[17:18:53.148]: (-0.4, 2.1, 1.5) 26
[17:18:53.165]: (-0.4, 2.1, 1.5) 26
[17:18:53.181]: (-0.4, 2.1, 1.5) 26
[17:18:53.196]: (-0.4, 2.1, 1.5) 26
[17:18:53.213]: (-0.4, 2.1, 1.5) 26
[17:18:53.229]: (-0.4, 2.1, 1.5) 26
[17:18:53.246]: (-0.4, 2.1, 1.5) 26
[17:18:53.263]: (-0.4, 2.1, 1.5) 26
[17:18:53.280]: (-0.4, 2.1, 1.5) 26
[17:18:53.297]: (-0.4, 2.1, 1.5) 26
[17:18:53.313]: (-0.4, 2.1, 1.5) 26
[17:18:53.331]: (-0.4, 2.1, 1.5) 26
[17:18:53.755]: (-0.7, 1.6, 2.5) 22
[17:18:53.777]: (-0.7, 1.6, 2.5) 22
[17:18:53.799]: (-0.7, 1.6, 2.5) 22
[17:18:53.865]: (-0.7, 1.6, 2.5) 22
[17:18:53.889]: (-0.7, 1.6, 2.5) 22
[17:18:53.933]: (-0.7, 1.6, 2.5) 22
[17:18:53.960]: (-0.7, 1.6, 2.5) 22
[17:18:53.982]: (-0.7, 1.6, 2.5) 22
[17:18:54.003]: (-0.7, 1.6, 2.5) 22
[17:18:54.028]: (-0.7, 1.6, 2.5) 22
[17:18:54.050]: (-0.7, 1.6, 2.5) 22
[17:18:54.073]: (-0.7, 1.6, 2.5) 22
[17:18:54.095]: (-0.7, 1.6, 2.5) 22
[17:18:54.116]: (-0.7, 1.6, 2.5) 22
[17:18:54.137]: (-0.7, 1.6, 2.5) 22
[17:18:54.157]: (-0.7, 1.6, 2.5) 22
[17:18:54.354]: (-0.7, 1.6, 2.1) 30
[17:18:54.955]: (-0.7, 1.3, 2.6) 23
[17:18:55.021]: (-0.6, 1.4, 2.6) 23
[17:18:55.043]: (-0.6, 1.4, 2.6) 23
[17:18:55.061]: (-0.7, 1.3, 2.6) 23
[17:18:55.077]: (-0.7, 1.3, 2.6) 23
[17:18:55.093]: (-0.7, 1.3, 2.6) 23
[17:18:55.110]: (-0.7, 1.3, 2.6) 23
[17:18:55.127]: (-0.7, 1.3, 2.5) 23
[17:18:55.144]: (-0.7, 1.3, 2.6) 23
[17:18:55.160]: (-0.7, 1.3, 2.6) 23
[17:18:55.178]: (-0.7, 1.3, 2.6) 23
[17:18:55.431]: (-0.7, 1.3, 2.6) 23
[17:18:55.447]: (-0.7, 1.3, 2.5) 23
[17:18:55.465]: (-0.7, 1.3, 2.6) 23
[17:18:55.732]: (-1.4, 1.1, 2.7) 28
[17:18:56.051]: (-1.3, 1.6, 2.0) 1
[17:18:56.265]: (-1.4, 1.8, 1.9) 10
[17:18:56.668]: (0.2, 1.7, 1.6) 20
[17:18:56.712]: (0.2, 1.7, 1.6) 20
[17:18:56.869]: (0.1, 1.7, 1.6) 20
[17:18:56.893]: (0.1, 1.7, 1.6) 20
[17:18:56.914]: (0.1, 1.7, 1.6) 20
[17:18:56.957]: (-0.2, 1.5, 1.9) 19
[17:18:56.979]: (-0.2, 1.5, 1.9) 19
[17:18:56.999]: (-0.2, 1.6, 1.9) 19
[17:18:58.548]: (-0.1, 1.3, 1.6) 21
[17:18:59.776]: (-0.5, 1.0, 2.3) 23
[17:18:59.797]: (-0.5, 1.0, 2.3) 23
[17:18:59.819]: (-0.5, 1.0, 2.3) 23
[17:18:59.841]: (-0.5, 1.0, 2.3) 23
[17:18:59.865]: (-0.5, 1.0, 2.3) 23
[17:18:59.884]: (-0.5, 1.0, 2.3) 23
[17:19:00.024]: (-0.5, 1.0, 2.3) 23
[17:19:00.142]: (-0.5, 1.0, 2.3) 23
[17:19:00.162]: (-0.5, 1.0, 2.3) 23
[17:19:01.194]: (0.7, 1.7, 1.6) 16
[17:19:01.505]: (-0.5, 1.2, 2.2) 22
[17:19:01.526]: (-0.5, 1.2, 2.2) 22
[17:19:01.548]: (-0.5, 1.2, 2.2) 22
[17:19:01.569]: (-0.5, 1.2, 2.2) 22
[17:19:01.588]: (-0.5, 1.3, 2.2) 22
[17:19:01.611]: (-0.5, 1.2, 2.2) 22
[17:19:01.634]: (-0.5, 1.2, 2.2) 22
[17:19:01.656]: (-0.4, 1.2, 2.2) 22
[17:19:01.679]: (-0.5, 1.2, 2.2) 22
[17:19:01.701]: (-0.5, 1.2, 2.2) 22
[17:19:01.721]: (-0.5, 1.2, 2.2) 22
[17:19:01.744]: (-0.5, 1.2, 2.2) 22
[17:19:01.767]: (-0.4, 1.2, 2.2) 22
[17:19:01.789]: (-0.4, 1.1, 2.2) 23
[17:19:01.811]: (-0.4, 1.1, 2.2) 23
[17:19:01.833]: (-0.4, 1.1, 2.2) 23
[17:19:01.856]: (-0.4, 1.1, 2.2) 23
[17:19:01.878]: (-0.4, 1.1, 2.2) 23
[17:19:01.902]: (-0.4, 1.1, 2.2) 23
[17:19:01.922]: (-0.4, 1.1, 2.2) 23
[17:19:01.943]: (-0.4, 1.1, 2.2) 23
[17:19:01.964]: (-0.4, 1.1, 2.2) 23
[17:19:01.988]: (-0.4, 1.1, 2.2) 23
[17:19:02.011]: (-0.4, 1.1, 2.2) 23
[17:19:02.051]: (-0.4, 1.1, 2.2) 23
[17:19:02.076]: (-0.4, 1.1, 2.2) 23
[17:19:02.099]: (-0.4, 1.1, 2.2) 23
[17:19:02.124]: (-0.4, 1.1, 2.2) 23
[17:19:02.169]: (-0.4, 1.1, 2.2) 23
[17:19:02.193]: (-0.4, 1.1, 2.2) 23
[17:19:02.215]: (-0.4, 1.2, 2.2) 23
[17:19:02.239]: (-0.4, 1.2, 2.2) 23
[17:19:02.265]: (-0.4, 1.3, 2.2) 22
[17:19:02.313]: (-0.4, 1.3, 2.2) 22
[17:19:02.339]: (-0.4, 1.3, 2.2) 22
[17:19:02.362]: (-0.4, 1.3, 2.2) 22
[17:19:02.382]: (-0.4, 1.3, 2.2) 22
[17:19:02.405]: (-0.4, 1.2, 2.2) 22
[17:19:02.427]: (-0.4, 1.3, 2.2) 22
[17:19:02.449]: (-0.4, 1.2, 2.2) 22
[17:19:02.471]: (-0.4, 1.2, 2.2) 23
[17:19:02.496]: (-0.4, 1.2, 2.2) 22
[17:19:02.522]: (-0.4, 1.2, 2.2) 23
[17:19:02.545]: (-0.4, 1.2, 2.2) 23
[17:19:02.569]: (-0.4, 1.2, 2.2) 22
[17:19:02.594]: (-0.4, 1.2, 2.2) 22
[17:19:02.615]: (-0.4, 1.2, 2.2) 22
[17:19:02.640]: (-0.4, 1.2, 2.2) 23
[17:19:02.668]: (-0.4, 1.2, 2.2) 22
[17:19:02.701]: (-0.4, 1.2, 2.2) 22
[17:19:02.736]: (-0.4, 1.2, 2.2) 22
[17:19:02.766]: (-0.4, 1.3, 2.2) 22
[17:19:02.835]: (-0.4, 1.2, 2.2) 22
[17:19:02.868]: (-0.4, 1.2, 2.2) 22
[17:19:02.904]: (-0.4, 1.2, 2.2) 22
[17:19:02.935]: (-0.4, 1.3, 2.2) 22
[17:19:02.963]: (-0.4, 1.2, 2.2) 22
[17:19:02.999]: (-0.4, 1.2, 2.2) 22
[17:19:03.036]: (-0.4, 1.2, 2.2) 22
[17:19:03.065]: (-0.4, 1.2, 2.2) 22
[17:19:03.096]: (-0.4, 1.2, 2.2) 22
[17:19:03.131]: (-0.4, 1.2, 2.2) 22
[17:19:03.165]: (-0.4, 1.2, 2.2) 22
[17:19:05.805]: (0.6, 1.3, 2.0) 13
[17:19:05.828]: (0.6, 1.4, 2.0) 13
[17:19:05.850]: (0.6, 1.4, 2.0) 13
[17:19:06.321]: (0.4, 1.2, 2.3) 11
[17:19:06.577]: (0.1, 1.7, 1.5) 21
[17:19:06.872]: (-0.2, 1.8, 1.6) 25
[17:19:06.894]: (-0.2, 1.8, 1.5) 25
[17:19:06.917]: (-0.1, 1.8, 1.5) 25
[17:19:06.939]: (-0.1, 1.8, 1.5) 25
[17:19:07.006]: (-0.1, 1.7, 1.7) 19
[17:19:07.027]: (0.0, 1.7, 1.7) 19
[17:19:07.043]: (-0.1, 1.7, 1.7) 19
[17:19:07.061]: (-0.1, 1.7, 1.7) 19
[17:19:07.107]: (-0.1, 1.7, 1.7) 19
[17:19:07.125]: (-0.1, 1.7, 1.7) 19
[17:19:07.157]: (0.0, 1.7, 1.7) 19
[17:19:07.173]: (0.0, 1.7, 1.6) 19
[17:19:07.189]: (0.0, 1.7, 1.7) 19
[17:19:07.206]: (-0.1, 1.7, 1.7) 19
[17:19:07.223]: (0.0, 1.7, 1.7) 19
[17:19:07.240]: (0.0, 1.7, 1.7) 19
[17:19:07.258]: (-0.1, 1.7, 1.7) 19
[17:19:07.291]: (-0.1, 1.8, 1.6) 25
[17:19:07.336]: (-0.1, 1.8, 1.6) 25
[17:19:07.425]: (-0.1, 1.8, 1.6) 25
[17:19:07.441]: (-0.2, 1.8, 1.6) 25
[17:19:07.473]: (-0.2, 2.0, 1.3) 26
[17:19:07.488]: (-0.2, 2.1, 1.3) 26
[17:19:07.505]: (-0.2, 2.1, 1.3) 26
[17:19:07.550]: (-0.2, 2.1, 1.3) 26
[17:19:07.572]: (-0.1, 2.0, 1.3) 26
[17:19:07.593]: (-0.2, 2.0, 1.3) 26
[17:19:07.616]: (-0.2, 2.1, 1.3) 26
[17:19:07.683]: (-0.2, 2.2, 1.3) 7
[17:19:07.705]: (-0.2, 2.2, 1.3) 7
[17:19:07.729]: (-0.2, 2.2, 1.3) 7
[17:19:07.749]: (-0.2, 2.2, 1.3) 7
[17:19:08.393]: (0.2, 1.8, 1.5) 21
[17:19:08.415]: (0.2, 1.8, 1.5) 21
[17:19:08.438]: (0.2, 1.8, 1.5) 21
[17:19:08.460]: (0.2, 1.8, 1.5) 21
[17:19:08.505]: (0.2, 1.8, 1.5) 21
[17:19:08.527]: (0.2, 1.8, 1.5) 21
[17:19:08.549]: (0.2, 1.8, 1.5) 21
[17:19:08.771]: (0.7, 1.9, 1.3) 18
[17:19:09.084]: (0.7, 1.9, 1.4) 18
[17:19:09.103]: (0.7, 1.9, 1.3) 18
[17:19:09.118]: (0.7, 1.9, 1.3) 18
[17:19:09.135]: (0.6, 1.9, 1.4) 18
[17:19:09.151]: (0.6, 1.9, 1.4) 18
[17:19:09.171]: (0.6, 1.9, 1.4) 18
[17:19:09.371]: (0.2, 1.8, 1.5) 21
[17:19:09.460]: (0.2, 1.8, 1.5) 21
[17:19:09.638]: (-0.1, 1.8, 1.6) 25
[17:19:10.371]: (-0.9, 1.4, 2.0) 2
[17:19:11.438]: (-0.1, 1.7, 1.7) 19
[17:19:11.870]: (-0.3, 1.5, 1.8) 30
[17:19:11.936]: (-0.3, 1.5, 1.8) 30
[17:19:12.204]: (-0.3, 1.5, 1.8) 30
[17:19:12.219]: (-0.3, 1.5, 1.8) 30
[17:19:12.236]: (-0.3, 1.5, 1.8) 30
[17:19:12.252]: (-0.3, 1.5, 1.8) 30
[17:19:12.269]: (-0.3, 1.5, 1.8) 30
[17:19:12.286]: (-0.3, 1.5, 1.8) 30
[17:19:12.303]: (-0.3, 1.5, 1.8) 30
[17:19:12.321]: (-0.3, 1.5, 1.8) 30
[17:19:12.337]: (-0.3, 1.5, 1.8) 30
[17:19:12.354]: (-0.3, 1.5, 1.8) 30
[17:19:12.371]: (-0.3, 1.5, 1.8) 30
[17:19:12.388]: (-0.3, 1.5, 1.8) 30
[17:19:12.405]: (-0.3, 1.5, 1.8) 30
[17:19:12.421]: (-0.3, 1.5, 1.8) 30
[17:19:12.438]: (-0.3, 1.5, 1.8) 30
[17:19:12.471]: (-0.3, 1.5, 1.8) 30
[17:19:12.487]: (-0.3, 1.5, 1.8) 30
[17:19:12.520]: (0.0, 1.7, 1.7) 19
[17:19:12.536]: (0.0, 1.7, 1.7) 19
[17:19:12.553]: (0.0, 1.7, 1.7) 19
[17:19:12.570]: (0.0, 1.7, 1.7) 19
[17:19:12.586]: (0.0, 1.7, 1.7) 19
[17:19:12.605]: (0.0, 1.6, 1.7) 19
[17:19:13.301]: (0.2, 1.3, 2.1) 12
[17:19:13.334]: (0.2, 1.3, 2.1) 12
[17:19:13.429]: (0.2, 1.3, 2.1) 12
[17:19:13.446]: (0.2, 1.3, 2.1) 12
[17:19:13.462]: (0.2, 1.3, 2.1) 12
[17:19:13.479]: (0.2, 1.3, 2.1) 12
[17:19:13.496]: (0.2, 1.3, 2.1) 12
[17:19:13.514]: (0.2, 1.3, 2.1) 12
[17:19:13.537]: (0.2, 1.3, 2.1) 12
[17:19:13.559]: (0.2, 1.2, 2.1) 12
[17:19:13.581]: (0.2, 1.2, 2.1) 12
[17:19:13.603]: (0.2, 1.2, 2.1) 12
[17:19:13.625]: (0.2, 1.2, 2.1) 12
[17:19:13.647]: (0.2, 1.2, 2.1) 12
[17:19:13.669]: (0.2, 1.2, 2.1) 12
[17:19:13.691]: (0.2, 1.2, 2.1) 12
[17:19:13.715]: (0.2, 1.2, 2.1) 12
[17:19:13.737]: (0.2, 1.2, 2.1) 12
[17:19:13.758]: (0.2, 1.2, 2.1) 12
[17:19:14.082]: (0.7, 1.7, 1.6) 16
[17:19:14.132]: (0.7, 1.7, 1.6) 16
[17:19:16.925]: (0.3, 1.1, 2.3) 11
[17:19:16.940]: (0.3, 1.1, 2.3) 11
[17:19:17.595]: (0.3, 1.1, 2.3) 11
[17:19:18.256]: (0.3, 1.1, 2.3) 11
[17:19:18.279]: (0.3, 1.0, 2.3) 11
[17:19:20.882]: (-0.6, 0.9, 2.3) 24
[17:19:21.234]: (-1.0, 1.2, 2.0) 0
[17:19:21.399]: (-1.0, 1.2, 1.9) 0
[17:19:21.422]: (-1.1, 1.2, 2.0) 0
[17:19:21.533]: (-1.1, 1.6, 1.8) 8
[17:19:21.556]: (-1.1, 1.6, 1.7) 8
[17:19:21.577]: (-1.1, 1.6, 1.7) 8
[17:19:21.600]: (-1.1, 1.6, 1.7) 8
[17:19:21.622]: (-1.1, 1.6, 1.7) 8
[17:19:21.755]: (-1.3, 1.6, 1.8) 10
[17:19:21.853]: (-1.3, 1.5, 1.7) 10
[17:19:21.871]: (-1.3, 1.5, 1.8) 10
[17:19:23.387]: (-0.2, 2.0, 1.3) 26
[17:19:23.739]: (-1.1, 1.6, 1.7) 8
[17:19:23.799]: (-1.1, 1.5, 1.7) 8
[17:19:24.198]: (-0.2, 1.9, 1.3) 26
[17:19:24.221]: (-0.2, 1.9, 1.3) 26
[17:19:24.243]: (-0.2, 1.9, 1.3) 26
[17:19:24.265]: (-0.2, 1.9, 1.3) 26
[17:19:24.287]: (-0.2, 1.9, 1.3) 26
[17:19:24.309]: (-0.2, 1.9, 1.3) 26
[17:19:24.327]: (-0.2, 1.9, 1.3) 26
[17:19:24.343]: (-0.2, 1.9, 1.3) 26
[17:19:24.360]: (-0.2, 2.0, 1.3) 26
[17:19:25.443]: (0.6, 1.7, 1.5) 16
[17:19:25.463]: (0.6, 1.7, 1.5) 16
[17:19:25.485]: (0.6, 1.7, 1.5) 16
[17:19:25.507]: (0.6, 1.7, 1.5) 16
[17:19:25.529]: (0.6, 1.7, 1.5) 16
[17:19:25.550]: (0.6, 1.7, 1.5) 16
[17:19:25.571]: (0.6, 1.7, 1.5) 16
[17:19:25.594]: (0.6, 1.7, 1.5) 16
[17:19:25.618]: (0.6, 1.7, 1.5) 16
[17:19:25.638]: (0.6, 1.7, 1.5) 16
[17:19:25.661]: (0.6, 1.7, 1.5) 16
[17:19:25.681]: (0.6, 1.7, 1.5) 16
[17:19:25.703]: (0.6, 1.7, 1.5) 16
[17:19:25.724]: (0.6, 1.7, 1.5) 16
[17:19:25.746]: (0.6, 1.7, 1.5) 16
[17:19:26.277]: (0.5, 1.7, 1.6) 16
[17:19:26.409]: (0.6, 1.7, 1.5) 16
[17:19:26.442]: (0.6, 1.7, 1.5) 16
[17:19:26.475]: (0.6, 1.7, 1.5) 16
[17:19:26.509]: (0.6, 1.6, 1.5) 16
[17:19:26.543]: (0.6, 1.6, 1.5) 16
[17:19:26.576]: (0.6, 1.7, 1.5) 16
[17:19:26.620]: (0.6, 1.7, 1.5) 16
[17:19:26.663]: (0.6, 1.7, 1.5) 16
[17:19:26.708]: (0.6, 1.7, 1.5) 16
[17:19:26.820]: (0.6, 1.6, 1.5) 16
[17:19:26.980]: (0.3, 1.6, 1.4) 20
[17:19:27.783]: (0.0, 1.7, 1.4) 20
[17:19:27.804]: (0.0, 1.8, 1.4) 20
[17:19:27.828]: (0.0, 1.7, 1.4) 20
[17:19:27.849]: (0.0, 1.7, 1.4) 20
[17:19:27.869]: (0.0, 1.7, 1.4) 20
[17:19:27.892]: (0.0, 1.7, 1.4) 20
[17:19:27.914]: (0.0, 1.7, 1.4) 20
[17:19:27.934]: (0.0, 1.8, 1.4) 20
[17:19:28.196]: (0.4, 1.8, 1.3) 20
[17:19:28.218]: (0.4, 1.9, 1.3) 20
[17:19:28.283]: (0.5, 1.9, 1.2) 20
[17:19:28.303]: (0.5, 2.0, 1.2) 20
[17:19:28.324]: (0.5, 1.9, 1.2) 20
[17:19:28.345]: (0.5, 2.0, 1.2) 20
[17:19:28.590]: (0.5, 2.1, 1.3) 16
[17:19:28.624]: (0.5, 2.1, 1.3) 16
[17:19:28.655]: (0.4, 2.1, 1.3) 16
[17:19:29.868]: (0.2, 2.0, 1.2) 18
[17:19:29.890]: (0.2, 2.0, 1.2) 18
[17:19:29.910]: (0.2, 2.0, 1.2) 18
[17:19:29.935]: (0.2, 2.0, 1.2) 18
[17:19:29.957]: (0.2, 2.0, 1.2) 18
[17:19:29.980]: (0.2, 2.0, 1.2) 18
[17:19:30.005]: (0.2, 2.0, 1.2) 18
[17:19:30.028]: (0.2, 2.0, 1.2) 18
[17:19:30.049]: (0.2, 2.0, 1.2) 18
[17:19:30.069]: (0.2, 2.0, 1.2) 18
[17:19:30.092]: (0.2, 2.0, 1.2) 18
[17:19:30.116]: (0.2, 2.0, 1.2) 18
[17:19:30.137]: (0.2, 2.0, 1.2) 18
[17:19:30.159]: (0.2, 2.0, 1.2) 18
[17:19:30.181]: (0.2, 2.0, 1.2) 18
[17:19:30.203]: (0.2, 2.0, 1.2) 18
[17:19:30.225]: (0.2, 2.0, 1.2) 18
[17:19:30.247]: (0.2, 2.0, 1.2) 18
[17:19:30.269]: (0.2, 2.0, 1.2) 18
[17:19:30.294]: (0.3, 2.0, 1.4) 16
[17:19:30.314]: (0.3, 2.0, 1.4) 16
[17:19:30.339]: (0.3, 2.0, 1.4) 16
[17:19:30.361]: (0.3, 2.0, 1.4) 16
[17:19:30.381]: (0.3, 2.0, 1.4) 16
[17:19:30.404]: (0.3, 2.0, 1.4) 16
[17:19:30.424]: (0.3, 2.0, 1.4) 16
[17:19:30.449]: (0.3, 2.0, 1.4) 16
[17:19:30.889]: (0.2, 1.9, 1.4) 16
[17:19:30.907]: (0.2, 1.9, 1.5) 16
[17:19:30.929]: (0.2, 1.9, 1.4) 16
[17:19:30.951]: (0.2, 1.9, 1.4) 16
[17:19:30.974]: (0.2, 1.9, 1.5) 16
[17:19:30.996]: (0.2, 1.9, 1.5) 16
[17:19:31.018]: (0.2, 1.9, 1.4) 16
[17:19:31.041]: (0.2, 1.9, 1.5) 16
[17:19:31.062]: (0.2, 1.9, 1.5) 16
[17:19:31.129]: (0.2, 1.9, 1.5) 16
[17:19:31.150]: (0.2, 1.9, 1.4) 16
[17:19:31.174]: (0.2, 1.9, 1.4) 16
[17:19:31.195]: (0.2, 2.0, 1.4) 16
[17:19:31.218]: (0.2, 1.9, 1.4) 16
[17:19:31.242]: (0.2, 1.9, 1.4) 16
[17:19:31.264]: (0.2, 1.9, 1.4) 16
[17:19:31.285]: (0.2, 1.9, 1.4) 16
[17:19:31.307]: (0.2, 1.9, 1.4) 16
[17:19:31.328]: (0.2, 1.9, 1.4) 16
[17:19:31.352]: (0.2, 1.9, 1.4) 16
[17:19:31.369]: (0.2, 1.9, 1.5) 16
[17:19:31.433]: (0.2, 1.9, 1.5) 16
[17:19:31.450]: (0.2, 1.9, 1.5) 16
[17:19:31.468]: (0.2, 1.9, 1.5) 16
[17:19:31.484]: (0.2, 1.9, 1.5) 16
[17:19:31.501]: (0.2, 1.9, 1.5) 16
[17:19:31.518]: (0.2, 1.9, 1.5) 16
[17:19:32.740]: (0.2, 1.9, 1.5) 16
[17:19:32.762]: (0.2, 1.9, 1.5) 16
[17:19:32.783]: (0.2, 1.9, 1.5) 16
[17:19:32.806]: (0.2, 1.9, 1.5) 16
[17:19:32.828]: (0.2, 1.9, 1.5) 16
[17:19:32.851]: (0.2, 1.9, 1.5) 16
[17:19:32.872]: (0.2, 1.9, 1.5) 16
[17:19:32.895]: (0.2, 1.9, 1.5) 16
[17:19:32.918]: (0.2, 1.9, 1.5) 16
[17:19:32.940]: (0.2, 1.9, 1.5) 16
[17:19:32.962]: (0.2, 1.9, 1.5) 16
[17:19:32.985]: (0.2, 1.9, 1.5) 16
[17:19:33.005]: (0.2, 1.9, 1.5) 16
[17:19:33.073]: (0.1, 1.9, 1.3) 18
[17:19:33.159]: (0.2, 1.9, 1.5) 16
[17:19:33.174]: (0.2, 1.9, 1.5) 16
[17:19:33.190]: (0.2, 1.9, 1.5) 16
[17:19:33.206]: (0.2, 1.9, 1.5) 16
[17:19:33.225]: (0.2, 1.9, 1.5) 16
[17:19:33.240]: (0.2, 1.9, 1.5) 16
[17:19:33.257]: (0.2, 1.9, 1.5) 16
[17:19:33.274]: (0.2, 1.9, 1.5) 16
[17:19:33.291]: (0.2, 1.9, 1.5) 16
[17:19:33.308]: (0.2, 1.9, 1.5) 16
[17:19:33.325]: (0.2, 1.9, 1.5) 16
[17:19:33.342]: (0.2, 1.9, 1.5) 16
[17:19:33.359]: (0.2, 1.9, 1.5) 16
[17:19:33.376]: (0.2, 1.9, 1.5) 16
[17:19:33.393]: (0.2, 1.9, 1.5) 16
[17:19:33.410]: (0.2, 1.9, 1.5) 16
[17:19:33.427]: (0.2, 1.9, 1.5) 16
[17:19:33.443]: (0.2, 1.9, 1.5) 16
[17:19:33.460]: (0.2, 1.9, 1.5) 16
[17:19:33.477]: (0.2, 1.9, 1.5) 16
[17:19:33.493]: (0.2, 1.9, 1.5) 16
[17:19:33.509]: (0.2, 2.0, 1.5) 16
[17:19:33.529]: (0.2, 2.0, 1.5) 16
[17:19:33.551]: (0.2, 2.0, 1.5) 16
[17:19:33.573]: (0.2, 2.0, 1.5) 16
[17:19:33.595]: (0.2, 1.9, 1.5) 16
[17:19:33.617]: (0.2, 1.9, 1.5) 16
[17:19:33.641]: (0.2, 1.9, 1.5) 16
[17:19:33.661]: (0.2, 1.9, 1.5) 16
[17:19:33.684]: (0.2, 1.9, 1.5) 16
[17:19:33.707]: (0.2, 1.9, 1.5) 16
[17:19:33.730]: (0.2, 1.9, 1.5) 16
[17:19:33.750]: (0.2, 1.9, 1.5) 16
[17:19:33.772]: (0.2, 1.9, 1.5) 16
[17:19:33.795]: (0.2, 1.9, 1.5) 16
[17:19:33.816]: (0.2, 1.9, 1.4) 16
[17:19:33.840]: (0.2, 1.9, 1.5) 16
[17:19:33.863]: (0.2, 1.9, 1.4) 16
[17:19:33.883]: (0.2, 1.9, 1.4) 16
[17:19:33.906]: (0.2, 1.9, 1.5) 16
[17:19:34.742]: (0.2, 1.9, 1.5) 16
[17:19:34.763]: (0.2, 1.9, 1.5) 16
[17:19:34.784]: (0.2, 1.9, 1.5) 16
[17:19:34.806]: (0.2, 1.9, 1.5) 16
[17:19:34.829]: (0.2, 1.9, 1.5) 16
[17:19:34.850]: (0.2, 1.9, 1.5) 16
[17:19:34.874]: (0.2, 1.9, 1.5) 16
[17:19:34.892]: (0.2, 1.9, 1.5) 16
[17:19:34.908]: (0.2, 1.9, 1.5) 16
[17:19:34.925]: (0.2, 1.9, 1.5) 16
[17:19:34.945]: (0.2, 1.9, 1.5) 16
[17:19:34.963]: (0.2, 1.9, 1.5) 16
[17:19:34.996]: (0.2, 1.9, 1.5) 16
[17:19:35.014]: (0.2, 1.9, 1.5) 16
[17:19:35.031]: (0.2, 1.9, 1.5) 16
[17:19:35.048]: (0.2, 1.9, 1.5) 16
[17:19:35.064]: (0.2, 1.9, 1.5) 16
[17:19:35.082]: (0.2, 1.9, 1.5) 16
[17:19:35.099]: (0.2, 1.9, 1.5) 16
[17:19:35.117]: (0.2, 1.9, 1.5) 16
[17:19:35.134]: (0.2, 1.9, 1.5) 16
[17:19:35.151]: (0.2, 1.9, 1.5) 16
[17:19:35.169]: (0.2, 1.9, 1.5) 16
[17:19:35.189]: (0.2, 1.9, 1.5) 16
[17:19:35.211]: (0.2, 1.9, 1.5) 16
[17:19:35.232]: (0.2, 1.9, 1.5) 16
[17:19:35.251]: (0.2, 1.9, 1.5) 16
[17:19:35.274]: (0.2, 1.9, 1.5) 16
[17:19:35.293]: (0.2, 1.9, 1.5) 16
[17:19:35.314]: (0.2, 1.9, 1.5) 16
[17:19:35.348]: (0.2, 1.9, 1.5) 16
[17:19:35.370]: (0.2, 1.9, 1.5) 16
[17:19:35.386]: (0.2, 1.9, 1.5) 16
[17:19:35.906]: (0.2, 1.9, 1.5) 16
[17:19:35.940]: (0.2, 1.9, 1.5) 16
[17:19:35.973]: (0.2, 1.9, 1.5) 16
[17:19:36.007]: (0.2, 1.9, 1.4) 16
[17:19:36.039]: (0.2, 1.9, 1.5) 16
[17:19:36.075]: (0.2, 1.9, 1.5) 16
[17:19:36.106]: (0.2, 1.9, 1.5) 16
[17:19:36.138]: (0.2, 1.9, 1.5) 16
[17:19:36.174]: (0.2, 1.9, 1.4) 16
[17:19:36.194]: (0.2, 1.9, 1.4) 16
[17:19:36.216]: (0.2, 1.9, 1.4) 16
[17:19:36.239]: (0.2, 1.9, 1.4) 16
