[17:23:09.310]: (-1.4, -2.1, 0.0) 0
[17:23:09.330]: (-1.2, -1.8, -0.1) 2
[17:23:09.397]: (-1.1, -1.8, 0.0) 2
[17:23:09.605]: (-0.7, -0.4, -0.1) 35
[17:23:09.622]: (-0.7, -0.4, -0.1) 35
[17:23:09.639]: (-0.7, -0.4, -0.1) 35
[17:23:09.654]: (-0.7, -0.4, -0.1) 35
[17:23:09.672]: (-0.7, -0.4, -0.1) 35
[17:23:09.688]: (-0.7, -0.4, 0.0) 35
[17:23:09.706]: (-0.7, -0.4, -0.1) 35
[17:23:09.725]: (-0.7, -0.4, -0.1) 35
[17:23:09.744]: (-0.7, -0.4, 0.0) 35
[17:23:09.760]: (-0.7, -0.4, 0.0) 35
[17:23:09.777]: (-0.7, -0.4, 0.0) 35
[17:23:09.795]: (-0.7, -0.4, 0.0) 35
[17:23:09.817]: (-0.7, -0.4, 0.0) 35
[17:23:09.836]: (-0.7, -0.4, -0.1) 35
[17:23:09.853]: (-0.7, -0.4, 0.0) 35
[17:23:09.872]: (-0.7, -0.4, 0.0) 35
[17:23:09.889]: (-0.7, -0.4, 0.0) 35
[17:23:09.906]: (-0.7, -0.4, 0.0) 35
[17:23:09.923]: (-0.7, -0.4, 0.0) 35
[17:23:09.941]: (-0.7, -0.4, 0.0) 35
[17:23:09.963]: (-0.7, -0.4, 0.0) 35
[17:23:09.986]: (-0.7, -0.4, 0.0) 35
[17:23:10.008]: (-0.7, -0.4, 0.0) 35
[17:23:10.031]: (-0.7, -0.4, 0.0) 35
[17:23:10.252]: (-1.6, -0.9, 0.1) 6
[17:23:10.274]: (-1.6, -0.9, 0.1) 6
[17:23:10.297]: (-1.5, -0.9, 0.1) 6
[17:23:10.318]: (-1.5, -0.9, 0.0) 6
[17:23:10.364]: (-0.7, -0.4, 0.0) 35
[17:23:10.382]: (-0.7, -0.4, 0.0) 35
[17:23:10.399]: (-0.7, -0.4, -0.1) 35
[17:23:10.417]: (-0.7, -0.4, 0.0) 35
[17:23:10.434]: (-0.7, -0.4, -0.1) 35
[17:23:10.450]: (-0.7, -0.4, 0.0) 35
[17:23:10.468]: (-0.7, -0.4, -0.1) 35
[17:23:10.486]: (-0.7, -0.4, -0.1) 35
[17:23:10.503]: (-0.7, -0.4, 0.0) 35
[17:23:10.521]: (-0.7, -0.4, 0.0) 35
[17:23:10.538]: (-0.7, -0.4, -0.1) 35
[17:23:10.554]: (-0.7, -0.4, -0.1) 35
[17:23:10.570]: (-0.7, -0.4, 0.0) 35
[17:23:10.586]: (-0.7, -0.4, -0.1) 35
[17:23:10.602]: (-0.7, -0.4, 0.0) 35
[17:23:10.618]: (-0.7, -0.4, 0.0) 35
[17:23:10.635]: (-0.7, -0.4, -0.1) 35
[17:23:10.652]: (-0.7, -0.4, -0.1) 35
[17:23:10.670]: (-0.7, -0.4, 0.0) 35
[17:23:10.691]: (-0.7, -0.4, 0.0) 35
[17:23:10.710]: (-0.7, -0.4, 0.0) 35
[17:23:10.728]: (-0.7, -0.4, 0.0) 35
[17:23:10.745]: (-0.7, -0.4, 0.0) 35
[17:23:10.762]: (-0.7, -0.4, 0.0) 35
[17:23:10.780]: (-0.7, -0.4, -0.1) 35
[17:23:10.797]: (-0.7, -0.4, -0.1) 35
[17:23:10.813]: (-0.7, -0.4, -0.1) 35
[17:23:10.831]: (-0.7, -0.4, 0.0) 35
[17:23:10.851]: (-0.7, -0.4, 0.0) 35
[17:23:10.877]: (-0.7, -0.4, 0.0) 35
[17:23:10.905]: (-0.7, -0.4, 0.0) 35
[17:23:10.923]: (-0.7, -0.4, 0.0) 35
[17:23:10.940]: (-0.7, -0.4, 0.0) 35
[17:23:10.962]: (-0.7, -0.4, 0.0) 35
[17:23:10.985]: (-0.7, -0.4, 0.0) 35
[17:23:11.007]: (-0.7, -0.4, 0.0) 35
[17:23:11.030]: (-0.7, -0.4, 0.0) 35
[17:23:11.052]: (-0.7, -0.4, 0.0) 35
[17:23:11.073]: (-0.7, -0.4, 0.0) 35
[17:23:11.096]: (-0.7, -0.4, 0.0) 35
[17:23:11.185]: (-0.9, -0.9, 0.1) 18
[17:23:11.442]: (-1.9, -0.1, 0.3) 7
[17:23:11.621]: (-1.4, 0.6, 0.3) 35
[17:23:13.540]: (-2.4, 1.4, 0.8) 30
[17:23:13.588]: (-2.4, 1.4, 0.8) 30
[17:23:14.742]: (-1.7, 1.9, 0.9) 7
[17:23:14.763]: (-1.6, 1.9, 0.9) 7
[17:23:14.783]: (-1.6, 1.9, 0.9) 7
[17:23:14.804]: (-1.6, 2.0, 1.0) 7
[17:23:14.825]: (-1.6, 2.0, 1.0) 7
[17:23:14.848]: (-1.5, 2.0, 1.0) 7
[17:23:14.928]: (-1.5, 2.0, 1.1) 7
[17:23:14.949]: (-1.5, 2.1, 1.2) 6
[17:23:16.816]: (-0.2, 2.1, 1.4) 7
[17:23:16.860]: (-0.2, 2.1, 1.4) 7
[17:23:17.989]: (-0.2, 1.9, 1.4) 7
[17:23:18.010]: (-0.2, 1.9, 1.4) 7
[17:23:18.032]: (-0.2, 1.9, 1.4) 7
[17:23:18.054]: (-0.2, 1.9, 1.4) 7
[17:23:18.078]: (-0.2, 1.9, 1.4) 7
[17:23:18.102]: (-0.2, 1.9, 1.4) 7
[17:23:18.124]: (-0.2, 1.9, 1.4) 7
[17:23:19.424]: (-0.2, 1.8, 1.3) 7
[17:23:19.447]: (-0.2, 1.8, 1.3) 7
[17:23:19.469]: (-0.2, 1.8, 1.4) 7
[17:23:19.489]: (-0.2, 1.8, 1.3) 7
[17:23:19.512]: (-0.2, 1.8, 1.3) 7
[17:23:19.532]: (-0.2, 1.8, 1.3) 7
[17:23:20.137]: (-0.2, 1.7, 1.4) 7
[17:23:20.170]: (-0.2, 1.7, 1.4) 7
[17:23:21.474]: (-0.1, 2.2, 1.8) 11
[17:23:21.495]: (-0.1, 2.1, 1.8) 11
[17:23:22.759]: (-0.2, 1.6, 1.4) 7
[17:23:23.911]: (0.5, 1.2, 1.3) 31
[17:23:23.933]: (0.5, 1.2, 1.3) 31
[17:23:23.955]: (0.6, 1.2, 1.3) 31
[17:23:23.977]: (0.5, 1.2, 1.3) 31
[17:23:23.997]: (0.5, 1.2, 1.3) 31
[17:23:24.021]: (0.5, 1.2, 1.3) 31
[17:23:24.043]: (0.5, 1.2, 1.3) 31
[17:23:24.065]: (0.5, 1.2, 1.3) 31
[17:23:24.088]: (0.5, 1.2, 1.3) 31
[17:23:24.111]: (0.5, 1.2, 1.3) 31
[17:23:24.130]: (0.5, 1.2, 1.3) 31
[17:23:24.152]: (0.5, 1.2, 1.3) 31
[17:23:24.174]: (0.5, 1.2, 1.3) 31
[17:23:24.370]: (1.2, 1.7, 1.7) 16
[17:23:25.201]: (-0.1, 1.4, 1.4) 7
[17:23:25.246]: (-0.1, 1.4, 1.4) 7
[17:23:25.268]: (-0.2, 1.4, 1.4) 7
[17:23:25.290]: (-0.2, 1.4, 1.4) 7
[17:23:25.313]: (-0.2, 1.4, 1.4) 7
[17:23:25.890]: (-0.1, 1.6, 1.4) 6
[17:23:26.157]: (0.3, 2.1, 1.6) 12
[17:23:26.204]: (0.3, 2.1, 1.6) 12
[17:23:26.228]: (0.3, 2.1, 1.7) 12
[17:23:26.249]: (0.3, 2.1, 1.6) 12
[17:23:26.271]: (0.3, 2.0, 1.6) 12
[17:23:26.295]: (0.3, 2.0, 1.6) 12
[17:23:26.318]: (0.3, 2.0, 1.6) 12
[17:23:27.504]: (0.0, 1.5, 1.5) 8
[17:23:27.521]: (0.0, 1.5, 1.5) 8
[17:23:27.537]: (0.0, 1.5, 1.5) 8
[17:23:27.554]: (0.0, 1.5, 1.5) 8
[17:23:27.571]: (0.0, 1.5, 1.5) 8
[17:23:27.979]: (0.0, 1.5, 1.3) 7
[17:23:28.002]: (-0.1, 1.4, 1.3) 7
[17:23:28.023]: (-0.1, 1.5, 1.2) 7
[17:23:28.176]: (0.0, 1.4, 1.3) 8
[17:23:28.215]: (-0.1, 1.4, 1.3) 8
[17:23:28.239]: (-0.1, 1.4, 1.3) 8
[17:23:28.261]: (-0.1, 1.4, 1.3) 8
[17:23:28.282]: (-0.1, 1.4, 1.3) 8
[17:23:28.299]: (-0.1, 1.4, 1.3) 8
[17:23:29.144]: (-0.3, 1.4, 1.2) 7
[17:23:29.160]: (-0.3, 1.4, 1.2) 7
[17:23:29.178]: (-0.2, 1.4, 1.2) 7
[17:23:29.195]: (-0.2, 1.4, 1.2) 7
[17:23:29.213]: (-0.2, 1.4, 1.2) 7
[17:23:29.229]: (-0.2, 1.4, 1.2) 7
[17:23:29.246]: (-0.2, 1.4, 1.2) 7
[17:23:29.266]: (-0.2, 1.4, 1.2) 7
[17:23:29.288]: (-0.2, 1.4, 1.2) 7
[17:23:29.311]: (-0.2, 1.4, 1.2) 7
[17:23:29.331]: (-0.2, 1.4, 1.2) 7
[17:23:29.353]: (-0.2, 1.4, 1.2) 7
[17:23:29.372]: (-0.2, 1.4, 1.2) 7
[17:23:29.393]: (-0.2, 1.4, 1.2) 7
[17:23:29.415]: (-0.2, 1.4, 1.2) 7
[17:23:29.437]: (-0.2, 1.4, 1.2) 7
[17:23:29.458]: (-0.2, 1.4, 1.2) 7
[17:23:29.479]: (-0.2, 1.4, 1.2) 7
[17:23:29.499]: (-0.2, 1.4, 1.2) 7
[17:23:29.522]: (-0.2, 1.4, 1.2) 7
[17:23:29.605]: (-1.0, 1.1, 1.0) 35
[17:23:29.626]: (-1.0, 1.1, 1.0) 35
[17:23:29.990]: (-0.3, 1.2, 1.1) 7
[17:23:30.023]: (-0.3, 1.2, 1.1) 7
[17:23:30.710]: (-1.1, 0.9, 0.8) 35
[17:23:30.735]: (-1.1, 0.9, 0.8) 35
[17:23:30.755]: (-1.1, 0.9, 0.8) 35
[17:23:30.777]: (-1.1, 0.9, 0.8) 35
[17:23:30.800]: (-1.1, 0.9, 0.8) 35
[17:23:30.822]: (-1.1, 0.9, 0.8) 35
[17:23:30.844]: (-1.1, 0.9, 0.8) 35
[17:23:30.866]: (-1.1, 0.9, 0.8) 35
[17:23:30.889]: (-1.1, 0.9, 0.8) 35
[17:23:30.910]: (-1.1, 0.9, 0.9) 35
[17:23:30.932]: (-1.1, 0.9, 0.9) 35
[17:23:30.956]: (-1.1, 0.9, 0.9) 35
[17:23:36.330]: (-0.1, 1.3, 1.2) 8
[17:23:37.050]: (-0.1, 1.4, 1.2) 8
[17:23:38.791]: (0.3, 1.2, 1.1) 32
[17:23:38.840]: (0.3, 1.1, 1.0) 31
[17:23:38.872]: (0.3, 1.1, 1.1) 32
[17:23:38.964]: (0.3, 1.1, 1.1) 32
[17:23:38.981]: (0.3, 1.1, 1.1) 32
[17:23:38.999]: (0.3, 1.1, 1.1) 32
[17:23:39.635]: (0.4, 1.5, 1.2) 14
[17:23:39.651]: (0.3, 1.5, 1.2) 14
[17:23:39.667]: (0.3, 1.5, 1.2) 14
[17:23:39.683]: (0.3, 1.5, 1.2) 14
[17:23:39.700]: (0.4, 1.5, 1.2) 14
[17:23:39.717]: (0.4, 1.5, 1.2) 14
[17:23:39.734]: (0.4, 1.5, 1.2) 14
[17:23:39.751]: (0.4, 1.5, 1.2) 14
[17:23:39.768]: (0.4, 1.5, 1.2) 14
[17:23:39.785]: (0.4, 1.5, 1.2) 14
[17:23:39.802]: (0.4, 1.5, 1.2) 14
[17:23:39.819]: (0.3, 1.5, 1.2) 14
[17:23:39.835]: (0.3, 1.5, 1.2) 14
[17:23:39.852]: (0.3, 1.5, 1.2) 14
[17:23:39.869]: (0.3, 1.5, 1.2) 14
[17:23:39.886]: (0.3, 1.5, 1.2) 14
[17:23:39.903]: (0.3, 1.5, 1.2) 14
[17:23:39.921]: (0.3, 1.5, 1.2) 14
[17:23:39.937]: (0.3, 1.5, 1.2) 14
[17:23:39.954]: (0.3, 1.5, 1.2) 14
[17:23:40.096]: (0.2, 2.3, 1.3) 3
[17:23:40.119]: (0.1, 2.4, 1.3) 3
[17:23:40.141]: (0.1, 2.4, 1.4) 3
[17:23:40.726]: (-1.3, 1.6, 1.1) 17
[17:23:40.744]: (-1.3, 1.6, 1.2) 17
[17:23:40.761]: (-1.3, 1.6, 1.2) 17
[17:23:40.778]: (-1.3, 1.6, 1.2) 17
[17:23:40.907]: (-1.2, 1.4, 1.1) 18
[17:23:40.930]: (-1.2, 1.4, 1.1) 18
[17:23:40.974]: (-1.1, 0.9, 0.9) 35
[17:23:40.996]: (-1.1, 0.9, 0.9) 35
[17:23:41.419]: (-1.1, 0.9, 0.9) 35
[17:23:41.435]: (-1.1, 0.9, 0.9) 35
[17:23:41.451]: (-1.1, 0.9, 0.9) 35
[17:23:41.467]: (-1.2, 0.9, 0.9) 35
[17:23:42.807]: (-0.8, 2.2, 1.3) 2
[17:23:43.001]: (0.4, 1.4, 1.2) 14
[17:23:43.018]: (0.4, 1.4, 1.2) 14
[17:23:43.034]: (0.3, 1.4, 1.2) 14
[17:23:43.051]: (0.3, 1.4, 1.2) 14
[17:23:43.068]: (0.4, 1.4, 1.2) 14
[17:23:43.085]: (0.3, 1.4, 1.2) 14
[17:23:43.102]: (0.3, 1.4, 1.2) 14
[17:23:43.120]: (0.3, 1.4, 1.2) 14
[17:23:43.137]: (0.3, 1.4, 1.2) 14
[17:23:43.153]: (0.3, 1.4, 1.2) 14
[17:23:43.184]: (0.3, 1.4, 1.2) 14
[17:23:43.201]: (0.3, 1.4, 1.2) 14
[17:23:43.219]: (0.3, 1.4, 1.2) 14
[17:23:43.235]: (0.3, 1.4, 1.2) 14
[17:23:43.252]: (0.3, 1.4, 1.2) 14
[17:23:43.268]: (0.3, 1.4, 1.2) 14
[17:23:43.345]: (0.3, 1.4, 1.2) 14
[17:23:43.421]: (0.3, 1.4, 1.2) 14
[17:23:43.439]: (0.3, 1.4, 1.2) 14
[17:23:43.461]: (0.3, 1.4, 1.2) 14
[17:23:43.484]: (0.3, 1.4, 1.2) 14
[17:23:43.505]: (0.3, 1.4, 1.2) 14
[17:23:43.529]: (0.3, 1.4, 1.2) 14
[17:23:43.550]: (0.3, 1.4, 1.2) 14
[17:23:43.572]: (0.3, 1.4, 1.2) 14
[17:23:43.595]: (0.3, 1.4, 1.2) 14
[17:23:43.617]: (0.3, 1.4, 1.2) 14
[17:23:43.639]: (0.3, 1.4, 1.2) 14
[17:23:43.661]: (0.3, 1.4, 1.2) 14
[17:23:43.683]: (0.3, 1.4, 1.2) 14
[17:23:43.705]: (0.3, 1.4, 1.2) 14
[17:23:43.728]: (0.3, 1.4, 1.2) 14
[17:23:43.750]: (0.3, 1.4, 1.2) 14
[17:23:43.773]: (0.3, 1.4, 1.2) 14
[17:23:43.794]: (0.3, 1.4, 1.2) 14
[17:23:43.817]: (0.3, 1.4, 1.3) 14
[17:23:43.840]: (0.3, 1.4, 1.2) 14
[17:23:43.861]: (0.3, 1.4, 1.2) 14
[17:23:43.884]: (0.3, 1.4, 1.2) 14
[17:23:43.906]: (0.3, 1.4, 1.2) 14
[17:23:43.925]: (0.3, 1.4, 1.2) 14
[17:23:43.946]: (0.3, 1.4, 1.2) 14
[17:23:43.968]: (0.3, 1.4, 1.2) 14
[17:23:43.992]: (0.3, 1.4, 1.2) 14
[17:23:44.012]: (0.3, 1.4, 1.2) 14
[17:23:44.033]: (0.3, 1.4, 1.2) 14
[17:23:44.055]: (0.4, 1.4, 1.2) 14
[17:23:44.076]: (0.4, 1.4, 1.2) 14
[17:23:44.096]: (0.4, 1.5, 1.2) 14
[17:23:44.118]: (0.4, 1.4, 1.2) 14
[17:23:44.138]: (0.4, 1.5, 1.2) 14
[17:23:44.159]: (0.4, 1.5, 1.2) 14
[17:23:44.179]: (0.3, 1.5, 1.2) 14
[17:23:44.201]: (0.3, 1.5, 1.2) 14
[17:23:44.244]: (0.3, 1.5, 1.2) 14
[17:23:44.266]: (0.3, 1.5, 1.2) 14
[17:23:44.504]: (0.3, 1.5, 1.2) 14
[17:23:44.545]: (0.3, 1.5, 1.2) 14
[17:23:44.568]: (0.3, 1.5, 1.2) 14
[17:23:44.588]: (0.3, 1.5, 1.2) 14
[17:23:45.248]: (0.2, 1.5, 1.1) 14
[17:23:45.264]: (0.2, 1.5, 1.0) 14
[17:23:45.281]: (0.1, 1.5, 1.0) 14
[17:23:45.298]: (0.1, 1.5, 1.0) 14
[17:23:45.315]: (0.1, 1.5, 1.0) 14
[17:23:45.331]: (0.1, 1.5, 1.0) 14
[17:23:45.348]: (0.1, 1.5, 1.0) 14
[17:23:45.366]: (0.1, 1.5, 1.0) 14
[17:23:45.383]: (0.1, 1.5, 1.0) 14
[17:23:45.401]: (0.1, 1.5, 1.0) 14
[17:23:45.418]: (0.1, 1.5, 1.0) 14
[17:23:45.436]: (0.1, 1.5, 1.1) 14
[17:23:45.453]: (0.1, 1.5, 1.0) 14
[17:23:45.582]: (0.1, 1.5, 1.1) 14
[17:23:45.606]: (0.1, 1.5, 1.0) 14
[17:23:45.627]: (0.1, 1.5, 1.0) 14
[17:23:45.649]: (0.1, 1.5, 1.0) 14
[17:23:45.672]: (0.1, 1.5, 1.0) 14
[17:23:45.693]: (0.1, 1.5, 1.0) 14
[17:23:45.715]: (0.1, 1.5, 1.0) 14
[17:23:45.739]: (0.1, 1.5, 1.0) 14
[17:23:45.760]: (0.1, 1.5, 1.0) 14
[17:23:45.782]: (0.1, 1.5, 1.0) 14
[17:23:45.805]: (0.1, 1.5, 1.0) 14
[17:23:45.828]: (0.1, 1.5, 1.0) 14
[17:23:45.849]: (0.1, 1.5, 1.0) 14
[17:23:45.872]: (0.1, 1.5, 1.0) 14
[17:23:45.893]: (0.1, 1.5, 1.0) 14
[17:23:45.915]: (0.1, 1.5, 1.0) 14
[17:23:45.936]: (0.1, 1.5, 1.0) 14
[17:23:45.957]: (0.1, 1.5, 1.0) 14
[17:23:45.979]: (0.1, 1.5, 1.0) 14
[17:23:46.001]: (0.1, 1.5, 1.0) 14
[17:23:46.064]: (0.1, 1.5, 1.0) 14
[17:23:46.085]: (0.1, 1.5, 1.0) 14
[17:23:46.107]: (0.1, 1.5, 1.0) 14
[17:23:46.131]: (0.1, 1.4, 1.0) 14
[17:23:46.152]: (0.2, 1.4, 1.0) 14
[17:23:46.233]: (0.2, 1.4, 1.0) 14
[17:23:46.276]: (0.2, 1.4, 1.0) 14
[17:23:46.301]: (0.2, 1.4, 1.0) 14
[17:23:46.325]: (0.2, 1.4, 1.0) 14
[17:23:46.346]: (0.2, 1.4, 1.0) 14
[17:23:46.368]: (0.2, 1.4, 1.0) 14
[17:23:46.390]: (0.2, 1.4, 1.0) 14
[17:23:46.411]: (0.2, 1.4, 1.0) 14
[17:23:46.434]: (0.2, 1.4, 1.0) 14
[17:23:46.456]: (0.2, 1.4, 1.0) 14
[17:23:46.498]: (0.2, 1.4, 1.0) 14
[17:23:46.519]: (0.2, 1.4, 1.0) 14
[17:23:46.540]: (0.2, 1.4, 1.0) 14
[17:23:46.561]: (0.2, 1.4, 1.0) 14
[17:23:46.583]: (0.2, 1.4, 1.0) 14
[17:23:46.604]: (0.2, 1.4, 1.0) 14
[17:23:46.625]: (0.2, 1.4, 1.0) 14
[17:23:46.649]: (0.2, 1.4, 1.0) 14
[17:23:46.685]: (0.2, 1.4, 0.9) 14
[17:23:46.716]: (0.2, 1.4, 0.9) 14
[17:23:46.749]: (0.2, 1.4, 0.9) 14
[17:23:46.783]: (0.2, 1.4, 0.9) 14
[17:23:46.816]: (0.2, 1.4, 0.9) 14
[17:23:46.849]: (0.2, 1.4, 1.0) 14
[17:23:46.882]: (0.2, 1.4, 1.0) 14
[17:23:46.950]: (0.2, 1.4, 1.0) 14
[17:23:46.983]: (0.2, 1.4, 1.0) 14
[17:23:47.016]: (0.2, 1.4, 1.0) 14
[17:23:47.049]: (0.2, 1.4, 1.0) 14
[17:23:47.117]: (0.2, 1.4, 1.0) 14
[17:23:47.216]: (0.2, 1.4, 0.9) 14
[17:23:47.250]: (0.2, 1.4, 0.9) 14
[17:23:47.283]: (0.2, 1.4, 0.9) 14
[17:23:47.317]: (0.2, 1.4, 0.9) 14
[17:23:47.349]: (0.2, 1.4, 0.9) 14
[17:23:47.371]: (0.2, 1.4, 0.9) 14
[17:23:47.394]: (0.2, 1.4, 0.9) 14
[17:23:47.415]: (0.2, 1.4, 1.0) 14
[17:23:47.438]: (0.2, 1.4, 1.0) 14
[17:23:47.459]: (0.2, 1.4, 1.0) 14
[17:23:47.482]: (0.2, 1.4, 1.0) 14
[17:23:47.505]: (0.2, 1.4, 1.0) 14
[17:23:47.526]: (0.2, 1.4, 1.0) 14
[17:23:47.549]: (0.2, 1.4, 1.0) 14
[17:23:47.571]: (0.2, 1.4, 1.0) 14
[17:23:47.594]: (0.2, 1.4, 1.0) 14
[17:23:47.615]: (0.2, 1.4, 1.0) 14
[17:23:47.637]: (0.2, 1.4, 1.0) 14
[17:23:47.660]: (0.2, 1.4, 1.0) 14
[17:23:47.682]: (0.2, 1.4, 1.0) 14
[17:23:47.704]: (0.2, 1.4, 1.0) 14
[17:23:47.726]: (0.2, 1.4, 1.0) 14
[17:23:47.749]: (0.2, 1.4, 1.0) 14
[17:23:47.771]: (0.2, 1.4, 1.0) 14
[17:23:47.793]: (0.2, 1.4, 1.0) 14
[17:23:47.815]: (0.2, 1.4, 1.0) 14
[17:23:47.838]: (0.2, 1.4, 1.0) 14
[17:23:47.860]: (0.2, 1.4, 1.0) 14
[17:23:47.882]: (0.2, 1.4, 1.0) 14
[17:23:47.905]: (0.2, 1.4, 1.0) 14
[17:23:47.926]: (0.2, 1.4, 1.0) 14
[17:23:47.948]: (0.2, 1.4, 1.0) 14
[17:23:47.970]: (0.2, 1.4, 1.0) 14
[17:23:47.993]: (0.2, 1.4, 1.0) 14
[17:23:48.015]: (0.2, 1.4, 1.0) 14
[17:23:48.037]: (0.2, 1.4, 1.0) 14
[17:23:48.061]: (0.2, 1.4, 1.0) 14
[17:23:48.083]: (0.2, 1.4, 1.0) 14
[17:23:48.106]: (0.2, 1.4, 1.0) 14
[17:23:48.130]: (0.2, 1.4, 1.0) 14
[17:23:48.152]: (0.2, 1.4, 1.0) 14
[17:23:48.173]: (0.2, 1.4, 1.0) 14
[17:23:48.219]: (0.2, 1.4, 1.0) 14
[17:23:48.242]: (0.2, 1.4, 1.0) 14
[17:23:48.264]: (0.2, 1.4, 1.0) 14
[17:23:49.349]: (-0.4, 0.0, 1.6) 3
[17:23:49.571]: (0.1, -0.4, 1.2) 13
[17:23:51.102]: (0.0, -0.7, 1.0) 14
