[17:28:14.711]: (-3.2, -0.2, 0.8) 2
[17:28:14.731]: (-3.2, -0.2, 0.8) 2
[17:28:14.755]: (-3.1, -0.2, 0.8) 2
[17:28:14.776]: (-3.1, -0.1, 0.8) 2
[17:28:15.051]: (-5.8, -0.5, 2.9) 40
[17:28:18.260]: (0.1, 2.3, 3.2) 17
[17:28:19.428]: (-0.6, 1.9, 1.5) 46
[17:28:19.450]: (-0.6, 1.9, 1.5) 46
[17:28:19.473]: (-0.6, 1.9, 1.5) 46
[17:28:19.676]: (-0.8, 2.5, 2.5) 13
[17:28:19.906]: (-0.9, 2.5, 2.6) 13
[17:28:19.940]: (-0.9, 2.5, 2.6) 13
[17:28:24.452]: (0.0, 2.3, 2.3) 16
[17:28:24.468]: (0.0, 2.3, 2.3) 16
[17:28:24.484]: (0.0, 2.3, 2.3) 16
[17:28:24.500]: (0.0, 2.3, 2.3) 16
[17:28:24.517]: (0.0, 2.3, 2.3) 16
[17:28:24.534]: (0.0, 2.3, 2.3) 16
[17:28:24.549]: (0.0, 2.3, 2.3) 16
[17:28:24.566]: (0.0, 2.3, 2.3) 16
[17:28:24.582]: (0.0, 2.3, 2.3) 16
[17:28:24.882]: (0.0, 2.3, 2.3) 16
[17:28:24.948]: (0.0, 2.3, 2.3) 16
[17:28:25.593]: (0.1, 2.3, 2.5) 15
[17:28:25.680]: (0.1, 2.3, 2.5) 15
[17:28:25.697]: (0.1, 2.3, 2.5) 15
[17:28:25.713]: (0.1, 2.2, 2.5) 15
[17:28:25.730]: (0.1, 2.2, 2.5) 15
[17:28:25.746]: (0.1, 2.2, 2.5) 15
[17:28:25.762]: (0.1, 2.2, 2.5) 15
[17:28:27.894]: (0.1, 1.9, 2.2) 16
[17:28:28.061]: (0.4, 2.8, 2.7) 3
[17:28:28.082]: (0.4, 2.8, 2.7) 3
[17:28:28.222]: (0.5, 2.8, 2.7) 3
[17:28:28.244]: (0.5, 2.8, 2.7) 3
[17:28:28.266]: (0.5, 2.8, 2.7) 3
[17:28:28.286]: (0.5, 2.8, 2.7) 3
[17:28:32.191]: (-0.6, 1.2, 1.4) 46
[17:28:32.217]: (-0.7, 1.1, 1.3) 46
[17:28:32.259]: (-0.7, 1.2, 1.4) 46
[17:28:32.282]: (-0.7, 1.2, 1.3) 46
[17:28:32.304]: (-0.7, 1.2, 1.3) 46
[17:28:32.325]: (-0.7, 1.2, 1.3) 46
[17:28:32.346]: (-0.7, 1.2, 1.3) 46
[17:28:32.370]: (-0.7, 1.2, 1.4) 46
[17:28:32.391]: (-0.7, 1.2, 1.4) 46
[17:28:32.411]: (-0.7, 1.2, 1.4) 46
[17:28:32.573]: (-0.7, 1.2, 1.4) 46
[17:28:33.609]: (0.2, 1.4, 2.0) 16
[17:28:33.626]: (0.3, 1.4, 2.0) 16
[17:28:33.642]: (0.2, 1.4, 2.0) 16
[17:28:33.658]: (0.2, 1.4, 2.0) 16
[17:28:33.674]: (0.2, 1.4, 2.0) 16
[17:28:33.692]: (0.2, 1.4, 2.0) 16
[17:28:33.709]: (0.2, 1.4, 2.0) 16
[17:28:33.725]: (0.2, 1.4, 2.0) 16
[17:28:33.741]: (0.2, 1.4, 2.0) 16
[17:28:33.759]: (0.2, 1.4, 2.0) 16
[17:28:33.778]: (0.2, 1.4, 2.0) 16
[17:28:33.801]: (0.3, 1.4, 2.0) 16
[17:28:33.822]: (0.3, 1.4, 2.0) 16
[17:28:33.845]: (0.3, 1.4, 2.0) 16
[17:28:33.867]: (0.3, 1.4, 2.0) 16
[17:28:33.889]: (0.2, 1.4, 2.0) 16
[17:28:33.934]: (0.2, 1.4, 2.0) 16
[17:28:33.956]: (0.3, 1.4, 2.0) 16
[17:28:33.978]: (0.3, 1.4, 2.0) 16
[17:28:34.001]: (0.3, 1.4, 2.0) 16
[17:28:34.022]: (0.3, 1.4, 2.0) 16
[17:28:34.044]: (0.3, 1.4, 2.0) 16
[17:28:34.068]: (0.3, 1.4, 2.0) 16
[17:28:34.089]: (0.3, 1.4, 2.0) 16
[17:28:34.112]: (0.3, 1.4, 2.0) 16
[17:28:34.133]: (0.3, 1.4, 2.0) 16
[17:28:34.156]: (0.2, 1.4, 2.0) 16
[17:28:34.178]: (0.3, 1.4, 2.0) 16
[17:28:34.195]: (0.3, 1.4, 2.0) 16
[17:28:34.214]: (0.3, 1.4, 2.0) 16
[17:28:34.234]: (0.3, 1.4, 2.0) 16
[17:28:34.636]: (2.2, 2.1, 3.0) 34
[17:28:34.658]: (2.2, 2.1, 3.0) 34
[17:28:34.760]: (2.3, 1.6, 3.3) 35
[17:28:36.188]: (1.7, 3.4, 3.0) 32
[17:28:36.210]: (1.7, 3.4, 3.0) 32
[17:28:36.233]: (1.7, 3.4, 3.0) 32
[17:28:36.256]: (1.7, 3.4, 3.0) 32
[17:28:36.279]: (1.7, 3.4, 3.0) 32
[17:28:38.002]: (0.2, 3.6, 2.8) 4
[17:28:38.018]: (0.2, 3.6, 2.8) 4
[17:28:38.035]: (0.1, 3.6, 2.8) 4
[17:28:38.052]: (0.1, 3.6, 2.8) 4
[17:28:39.077]: (0.4, 3.2, 2.6) 6
[17:28:42.675]: (-0.9, 1.9, 1.7) 14
[17:28:43.169]: (-0.8, 2.1, 1.8) 12
[17:28:43.229]: (-1.7, 2.6, 1.7) 0
[17:28:43.249]: (-1.7, 2.6, 1.7) 0
[17:28:43.267]: (-1.7, 2.6, 1.7) 0
[17:28:47.056]: (-1.8, 2.5, 1.3) 1
[17:28:47.074]: (-1.8, 2.6, 1.3) 1
[17:28:47.093]: (-1.8, 2.6, 1.3) 1
[17:28:47.111]: (-1.8, 2.6, 1.3) 1
[17:28:47.240]: (-1.8, 2.6, 1.3) 1
[17:28:47.418]: (-1.8, 2.5, 1.3) 1
[17:28:47.440]: (-1.8, 2.5, 1.3) 1
[17:28:47.461]: (-1.8, 2.6, 1.3) 1
[17:28:51.059]: (-1.2, 2.7, 1.4) 1
[17:28:51.082]: (-1.2, 2.7, 1.4) 1
[17:28:51.099]: (-1.2, 2.7, 1.4) 1
[17:28:55.200]: (-1.0, 2.5, 1.5) 1
[17:28:55.222]: (-0.9, 2.5, 1.5) 1
[17:28:55.246]: (-0.9, 2.5, 1.5) 1
[17:28:55.267]: (-0.9, 2.5, 1.5) 1
[17:28:55.287]: (-0.9, 2.5, 1.5) 1
[17:28:55.306]: (-0.9, 2.5, 1.5) 1
[17:28:55.327]: (-0.9, 2.5, 1.6) 1
[17:28:55.354]: (-0.9, 2.5, 1.6) 1
[17:28:55.506]: (-0.9, 2.4, 1.6) 1
[17:28:55.529]: (-0.9, 2.4, 1.6) 1
[17:28:55.551]: (-0.9, 2.4, 1.6) 1
[17:28:55.574]: (-0.9, 2.4, 1.6) 1
[17:28:55.596]: (-0.9, 2.4, 1.6) 1
[17:28:55.616]: (-0.9, 2.4, 1.6) 1
[17:28:55.641]: (-1.0, 2.4, 1.6) 1
[17:28:56.242]: (-0.9, 2.4, 1.7) 1
[17:28:56.263]: (-0.9, 2.4, 1.7) 1
[17:28:56.478]: (-0.9, 2.4, 1.7) 1
[17:28:56.495]: (-0.9, 2.4, 1.7) 1
[17:28:56.515]: (-0.9, 2.4, 1.7) 1
[17:28:56.535]: (-0.9, 2.4, 1.7) 1
[17:28:56.552]: (-0.9, 2.4, 1.7) 1
[17:28:56.569]: (-0.9, 2.4, 1.7) 1
[17:28:56.586]: (-0.9, 2.4, 1.7) 1
[17:28:56.603]: (-0.9, 2.4, 1.7) 1
[17:28:56.619]: (-0.9, 2.4, 1.7) 1
[17:28:56.636]: (-0.9, 2.4, 1.7) 1
[17:28:59.457]: (-0.9, 2.5, 1.6) 1
[17:28:59.478]: (-0.8, 2.5, 1.7) 1
[17:28:59.500]: (-0.9, 2.5, 1.6) 1
[17:28:59.524]: (-0.9, 2.5, 1.7) 1
[17:28:59.545]: (-0.9, 2.4, 1.7) 1
[17:28:59.567]: (-0.9, 2.4, 1.7) 1
[17:28:59.590]: (-0.9, 2.4, 1.7) 1
[17:28:59.612]: (-0.9, 2.4, 1.7) 1
[17:29:00.557]: (-0.9, 2.5, 1.7) 1
[17:29:01.423]: (-0.9, 2.5, 1.7) 1
[17:29:02.155]: (-0.9, 2.5, 1.7) 1
[17:29:02.177]: (-0.9, 2.5, 1.7) 1
[17:29:02.222]: (-0.9, 2.5, 1.7) 1
[17:29:02.245]: (-0.9, 2.5, 1.7) 1
[17:29:02.267]: (-0.9, 2.5, 1.7) 1
[17:29:02.289]: (-0.9, 2.5, 1.7) 1
[17:29:02.313]: (-0.9, 2.5, 1.7) 1
[17:29:03.302]: (-0.9, 2.5, 1.7) 1
