[17:20:47.338]: (-1.4, -0.7, 0.0) 7
[17:20:47.359]: (-2.4, -1.8, 0.1) 5
[17:20:47.380]: (-2.0, -1.3, 0.0) 11
[17:20:47.402]: (-2.0, -1.3, 0.0) 11
[17:20:47.447]: (-2.0, -1.3, 0.0) 11
[17:20:47.469]: (-2.0, -1.3, 0.0) 11
[17:20:47.757]: (-1.2, -1.2, 0.0) 30
[17:20:47.773]: (-1.2, -1.2, 0.0) 30
[17:20:47.789]: (-1.2, -1.2, 0.0) 30
[17:20:47.806]: (-1.2, -1.2, 0.0) 30
[17:20:47.822]: (-1.2, -1.2, 0.0) 30
[17:20:47.838]: (-1.2, -1.2, 0.0) 30
[17:20:47.855]: (-1.2, -1.2, 0.0) 30
[17:20:47.872]: (-1.2, -1.2, 0.0) 30
[17:20:47.889]: (-1.2, -1.2, 0.0) 30
[17:20:47.905]: (-1.2, -1.2, 0.0) 30
[17:20:47.923]: (-1.2, -1.2, 0.1) 30
[17:20:47.939]: (-1.2, -1.2, 0.1) 30
[17:20:47.970]: (-1.2, -1.2, 0.1) 30
[17:20:47.987]: (-1.2, -1.2, 0.1) 30
[17:20:48.002]: (-1.2, -1.2, 0.0) 30
[17:20:48.019]: (-1.2, -1.2, 0.0) 30
[17:20:48.036]: (-1.2, -1.2, 0.0) 30
[17:20:48.051]: (-1.2, -1.2, 0.0) 30
[17:20:48.068]: (-1.2, -1.3, 0.1) 30
[17:20:49.231]: (-0.5, -0.5, -0.1) 35
[17:20:49.253]: (-0.6, -0.6, -0.1) 35
[17:20:50.030]: (-0.4, -0.6, 0.0) 34
[17:20:50.165]: (-1.2, -1.8, 0.1) 2
[17:20:50.186]: (-1.2, -1.8, 0.1) 2
[17:20:50.208]: (-1.0, -1.5, 0.0) 29
[17:20:50.230]: (-1.2, -1.9, 0.1) 2
[17:20:50.276]: (-1.0, -1.4, 0.0) 29
[17:20:50.298]: (-1.0, -1.4, 0.0) 29
[17:20:50.314]: (-1.0, -1.5, -0.1) 29
[17:20:50.331]: (-1.0, -1.5, 0.0) 29
[17:20:50.752]: (-1.2, -1.3, 0.0) 30
[17:20:50.775]: (-1.4, -1.8, 0.0) 1
[17:20:50.819]: (-2.1, -1.7, 0.0) 3
[17:20:50.865]: (-2.8, -2.1, 0.0) 22
[17:20:51.042]: (-2.0, -1.3, 0.0) 11
[17:20:51.066]: (-1.9, -1.3, 0.0) 11
[17:20:51.085]: (-2.0, -1.3, 0.0) 11
[17:20:51.109]: (-2.0, -1.3, 0.0) 11
[17:20:51.130]: (-2.0, -1.3, 0.0) 11
[17:20:51.157]: (-2.0, -1.3, 0.0) 11
[17:20:51.255]: (-2.0, -1.3, 0.0) 11
[17:20:53.541]: (-2.0, -1.4, -0.1) 12
[17:20:53.608]: (-2.0, -1.5, -0.1) 12
[17:20:53.629]: (-2.0, -1.5, -0.1) 12
[17:20:53.651]: (-2.0, -1.4, -0.1) 12
[17:20:53.675]: (-1.6, -0.9, -0.1) 6
[17:20:53.695]: (-1.6, -0.9, -0.1) 6
[17:20:53.720]: (-1.6, -1.0, -0.1) 6
[17:20:53.742]: (-1.4, -0.7, -0.1) 7
[17:20:53.760]: (-1.4, -0.7, -0.1) 7
[17:20:53.776]: (-1.4, -0.7, -0.1) 7
[17:20:53.791]: (-1.4, -0.7, -0.1) 7
[17:20:53.809]: (-1.4, -0.7, -0.1) 7
[17:20:53.825]: (-1.4, -0.7, -0.1) 7
[17:20:53.841]: (-1.4, -0.7, -0.1) 7
[17:20:53.858]: (-1.4, -0.7, -0.1) 7
[17:20:53.876]: (-1.4, -0.7, -0.1) 7
[17:20:53.892]: (-1.5, -0.7, -0.1) 7
[17:20:53.908]: (-1.5, -0.7, -0.1) 7
[17:20:53.924]: (-1.6, -0.9, -0.1) 6
[17:20:53.940]: (-1.6, -0.9, -0.1) 6
[17:20:53.957]: (-1.5, -0.7, -0.1) 7
[17:20:53.973]: (-1.6, -0.9, -0.1) 6
[17:20:53.990]: (-1.6, -0.9, -0.1) 6
[17:20:54.006]: (-1.6, -0.9, -0.1) 6
[17:20:54.022]: (-1.6, -0.9, -0.1) 6
[17:20:54.039]: (-1.6, -0.9, -0.1) 6
[17:20:54.057]: (-1.6, -0.9, -0.1) 6
[17:20:54.077]: (-1.6, -0.9, -0.1) 6
[17:20:54.096]: (-1.5, -0.7, -0.1) 7
[17:20:54.115]: (-1.5, -0.7, -0.1) 7
[17:20:54.134]: (-1.4, -0.7, -0.1) 7
[17:20:54.156]: (-1.4, -0.6, -0.1) 7
[17:20:54.180]: (-1.4, -0.7, -0.1) 7
[17:20:54.207]: (-1.5, -0.7, -0.1) 7
[17:20:54.231]: (-1.5, -0.7, -0.1) 7
[17:20:54.255]: (-1.6, -0.9, 0.0) 6
[17:20:54.278]: (-2.0, -1.4, 0.0) 12
[17:20:54.302]: (-2.0, -1.4, 0.1) 12
[17:20:54.324]: (-2.0, -1.4, 0.1) 12
[17:20:54.348]: (-2.1, -1.7, 0.1) 3
[17:20:54.372]: (-2.1, -1.7, 0.1) 3
[17:20:54.523]: (-1.7, -0.3, 0.3) 7
[17:20:55.874]: (-2.1, 0.6, 0.6) 7
[17:20:55.895]: (-2.1, 0.6, 0.6) 7
[17:20:55.917]: (-2.1, 0.6, 0.6) 7
[17:20:55.940]: (-2.1, 0.5, 0.6) 7
[17:20:55.961]: (-2.1, 0.5, 0.6) 7
[17:20:55.985]: (-2.1, 0.5, 0.6) 7
[17:20:56.007]: (-2.1, 0.5, 0.6) 7
[17:20:56.028]: (-2.1, 0.5, 0.6) 7
[17:20:56.454]: (-2.1, 1.3, 1.0) 7
[17:20:56.477]: (-2.1, 1.3, 1.0) 7
[17:20:56.499]: (-2.1, 1.3, 1.0) 7
[17:20:59.524]: (-0.4, 2.3, 1.6) 6
[17:20:59.544]: (-0.4, 2.3, 1.6) 6
[17:20:59.566]: (-0.4, 2.3, 1.6) 6
[17:20:59.630]: (-0.9, 2.4, 1.5) 30
[17:20:59.651]: (-0.9, 2.4, 1.5) 30
[17:20:59.674]: (-0.9, 2.4, 1.5) 30
[17:20:59.695]: (-0.9, 2.4, 1.5) 30
[17:21:01.196]: (-0.4, 1.9, 1.3) 7
[17:21:01.217]: (-0.4, 2.0, 1.3) 7
[17:21:01.317]: (-0.4, 1.9, 1.3) 7
[17:21:01.339]: (-0.4, 1.9, 1.3) 7
[17:21:01.361]: (-0.4, 1.9, 1.3) 7
[17:21:02.181]: (-0.4, 2.6, 1.8) 12
[17:21:02.199]: (-0.4, 2.6, 1.8) 12
[17:21:02.215]: (-0.4, 2.6, 1.8) 12
[17:21:02.232]: (-0.4, 2.6, 1.8) 12
[17:21:02.250]: (-0.4, 2.6, 1.8) 12
[17:21:02.266]: (-0.4, 2.6, 1.8) 12
[17:21:02.281]: (-0.4, 2.6, 1.8) 12
[17:21:02.299]: (-0.4, 2.6, 1.8) 12
[17:21:02.315]: (-0.4, 2.6, 1.8) 12
[17:21:02.332]: (-0.4, 2.6, 1.8) 12
[17:21:02.349]: (-0.4, 2.6, 1.8) 12
[17:21:02.366]: (-0.5, 2.6, 1.8) 12
[17:21:02.384]: (-0.5, 2.6, 1.8) 12
[17:21:02.401]: (-0.5, 2.6, 1.8) 12
[17:21:02.418]: (-0.5, 2.6, 1.8) 12
[17:21:02.437]: (-0.5, 2.6, 1.8) 12
[17:21:02.454]: (-0.5, 2.6, 1.8) 12
[17:21:02.516]: (-0.5, 2.5, 1.8) 11
[17:21:02.536]: (-0.4, 2.5, 1.8) 11
[17:21:02.557]: (-0.4, 2.5, 1.8) 11
[17:21:02.578]: (-0.5, 2.5, 1.7) 11
[17:21:02.600]: (-0.4, 2.5, 1.7) 11
[17:21:02.621]: (-0.4, 2.5, 1.7) 11
[17:21:02.642]: (-0.4, 2.5, 1.7) 11
[17:21:03.019]: (-1.2, 2.7, 2.0) 0
[17:21:03.039]: (-1.2, 2.6, 2.0) 0
[17:21:03.063]: (-1.2, 2.6, 1.9) 0
[17:21:03.086]: (-1.1, 2.5, 1.7) 1
[17:21:03.108]: (-1.1, 2.5, 1.7) 1
[17:21:03.129]: (-1.1, 2.5, 1.7) 1
[17:21:03.146]: (-1.1, 2.5, 1.7) 1
[17:21:03.163]: (-1.1, 2.5, 1.7) 1
[17:21:03.180]: (-1.1, 2.5, 1.7) 1
[17:21:03.195]: (-1.1, 2.5, 1.7) 1
[17:21:03.929]: (-0.4, 2.0, 1.4) 6
[17:21:03.951]: (-0.4, 2.0, 1.4) 6
[17:21:03.973]: (-0.4, 2.0, 1.4) 6
[17:21:03.993]: (-0.4, 2.0, 1.4) 6
[17:21:04.312]: (-0.5, 1.6, 1.3) 7
[17:21:04.415]: (-0.4, 1.6, 1.3) 7
[17:21:04.437]: (-0.4, 1.6, 1.3) 7
[17:21:04.458]: (-0.4, 1.6, 1.3) 7
[17:21:04.480]: (-0.4, 1.6, 1.3) 7
[17:21:04.501]: (-0.4, 1.6, 1.3) 7
[17:21:04.522]: (-0.4, 1.6, 1.3) 7
[17:21:04.543]: (-0.4, 1.6, 1.3) 7
[17:21:05.140]: (0.4, 1.4, 1.7) 32
[17:21:05.174]: (0.4, 1.4, 1.7) 32
[17:21:05.206]: (0.4, 1.4, 1.7) 32
[17:21:05.242]: (0.4, 1.4, 1.7) 32
[17:21:05.273]: (0.4, 1.4, 1.7) 32
[17:21:07.461]: (-0.5, 1.4, 1.2) 7
[17:21:07.483]: (-0.5, 1.4, 1.3) 7
[17:21:07.506]: (-0.5, 1.4, 1.3) 7
[17:21:07.550]: (-0.5, 1.4, 1.3) 7
[17:21:07.573]: (-0.5, 1.4, 1.3) 7
[17:21:08.738]: (-0.2, 2.1, 1.6) 11
[17:21:09.115]: (-0.1, 2.2, 1.6) 11
[17:21:09.135]: (-0.2, 2.1, 1.6) 11
[17:21:09.158]: (-0.2, 2.1, 1.6) 11
[17:21:11.644]: (-0.7, 1.2, 0.5) 7
[17:21:12.071]: (-1.5, 1.0, 0.1) 35
[17:21:12.093]: (-1.5, 1.0, 0.1) 35
[17:21:12.115]: (-1.5, 1.0, 0.1) 35
[17:21:12.137]: (-1.5, 1.0, 0.1) 35
[17:21:12.432]: (-1.6, 1.6, 0.4) 17
[17:21:13.766]: (0.8, 1.3, 1.0) 16
[17:21:13.788]: (0.7, 1.3, 1.0) 16
[17:21:13.811]: (0.7, 1.3, 1.0) 16
[17:21:14.387]: (0.2, 1.0, 0.7) 32
[17:21:14.409]: (0.1, 1.0, 0.8) 32
[17:21:14.453]: (-0.3, 1.2, 0.5) 8
[17:21:15.732]: (-0.3, 1.3, 0.5) 8
[17:21:16.886]: (-0.3, 2.0, 0.8) 12
[17:21:16.975]: (-0.2, 1.9, 0.8) 12
[17:21:16.998]: (-0.2, 1.9, 0.8) 12
[17:21:17.020]: (-0.2, 1.9, 0.8) 12
[17:21:17.041]: (-0.2, 1.9, 0.8) 12
[17:21:17.177]: (0.1, 2.1, 1.2) 5
[17:21:17.196]: (0.1, 2.2, 1.1) 5
[17:21:17.220]: (0.1, 2.2, 1.2) 5
[17:21:18.076]: (-0.6, 1.4, 0.6) 6
[17:21:18.120]: (-0.6, 1.4, 0.6) 6
[17:21:18.141]: (-0.6, 1.4, 0.6) 6
[17:21:18.164]: (-0.6, 1.4, 0.6) 6
[17:21:18.187]: (-0.5, 1.4, 0.6) 6
[17:21:18.207]: (-0.5, 1.4, 0.6) 6
[17:21:18.230]: (-0.5, 1.4, 0.6) 6
[17:21:18.253]: (-0.5, 1.4, 0.6) 6
[17:21:18.269]: (-0.5, 1.4, 0.6) 6
[17:21:18.302]: (-0.5, 1.4, 0.6) 6
[17:21:18.318]: (-0.5, 1.4, 0.6) 6
[17:21:18.335]: (-0.5, 1.4, 0.6) 6
[17:21:18.353]: (-0.5, 1.4, 0.6) 6
[17:21:18.370]: (-0.5, 1.4, 0.6) 6
[17:21:18.387]: (-0.5, 1.4, 0.6) 6
[17:21:18.403]: (-0.5, 1.4, 0.6) 6
[17:21:18.419]: (-0.5, 1.4, 0.6) 6
[17:21:18.437]: (-0.5, 1.4, 0.6) 6
[17:21:18.456]: (-0.5, 1.4, 0.6) 6
[17:21:18.919]: (0.2, 1.0, 0.7) 32
[17:21:19.321]: (0.2, 1.0, 0.7) 32
[17:21:19.952]: (0.3, 1.4, 0.8) 13
[17:21:19.969]: (0.2, 1.4, 0.9) 13
[17:21:20.162]: (0.1, 1.4, 0.8) 14
[17:21:21.462]: (-0.3, 1.3, 0.5) 8
[17:21:21.485]: (-0.3, 1.2, 0.5) 8
[17:21:21.508]: (-0.3, 1.3, 0.5) 8
[17:21:21.529]: (-0.3, 1.3, 0.5) 8
[17:21:21.551]: (-0.3, 1.3, 0.5) 8
[17:21:21.574]: (-0.3, 1.3, 0.5) 8
[17:21:21.596]: (-0.3, 1.3, 0.5) 8
[17:21:21.618]: (-0.3, 1.3, 0.5) 8
[17:21:21.640]: (-0.3, 1.3, 0.5) 8
[17:21:21.663]: (-0.3, 1.3, 0.5) 8
[17:21:21.681]: (-0.3, 1.3, 0.5) 8
[17:21:21.699]: (-0.3, 1.3, 0.5) 8
[17:21:21.715]: (-0.3, 1.3, 0.5) 8
[17:21:21.732]: (-0.3, 1.3, 0.5) 8
[17:21:21.748]: (-0.3, 1.3, 0.5) 8
[17:21:21.765]: (-0.3, 1.3, 0.5) 8
[17:21:21.781]: (-0.3, 1.3, 0.5) 8
[17:21:21.799]: (-0.3, 1.3, 0.5) 8
[17:21:21.816]: (-0.3, 1.3, 0.5) 8
[17:21:21.832]: (-0.3, 1.3, 0.5) 8
[17:21:21.849]: (-0.3, 1.3, 0.5) 8
[17:21:21.867]: (-0.3, 1.3, 0.5) 8
[17:21:21.883]: (-0.3, 1.3, 0.5) 8
[17:21:24.116]: (0.4, 1.0, 0.8) 32
[17:21:24.133]: (0.4, 0.9, 0.8) 32
[17:21:24.529]: (0.5, 0.9, 0.7) 33
[17:21:24.561]: (0.5, 0.9, 0.7) 33
[17:21:25.262]: (-0.4, 1.3, 0.8) 6
[17:21:25.283]: (-0.4, 1.3, 0.8) 6
[17:21:25.305]: (-0.4, 1.3, 0.8) 6
[17:21:25.328]: (-0.3, 1.3, 0.8) 6
[17:21:25.350]: (-0.4, 1.3, 0.8) 6
[17:21:25.373]: (-0.3, 1.2, 0.8) 6
[17:21:25.394]: (-0.3, 1.2, 0.8) 6
[17:21:25.416]: (-0.4, 1.3, 0.8) 6
[17:21:25.438]: (-0.4, 1.3, 0.8) 6
[17:21:25.461]: (-0.3, 1.2, 0.8) 6
[17:21:25.484]: (-0.3, 1.2, 0.8) 6
[17:21:25.505]: (-0.4, 1.2, 0.8) 6
[17:21:25.528]: (-0.4, 1.2, 0.8) 6
[17:21:25.549]: (-0.4, 1.2, 0.8) 6
[17:21:25.572]: (-0.3, 1.2, 0.8) 6
[17:21:25.595]: (-0.3, 1.2, 0.8) 6
[17:21:25.617]: (-0.3, 1.2, 0.8) 6
[17:21:25.640]: (-0.3, 1.2, 0.8) 6
[17:21:25.665]: (-0.3, 1.2, 0.8) 6
[17:21:25.687]: (-0.3, 1.2, 0.8) 6
[17:21:25.734]: (-0.3, 1.2, 0.9) 6
[17:21:25.890]: (-0.3, 1.2, 0.9) 6
[17:21:25.912]: (-0.3, 1.2, 0.9) 6
[17:21:25.934]: (-0.3, 1.3, 0.9) 6
[17:21:25.958]: (-0.3, 1.3, 0.9) 6
[17:21:25.983]: (-0.3, 1.3, 0.9) 6
[17:21:26.004]: (-0.3, 1.3, 0.9) 6
[17:21:26.828]: (-1.3, 0.8, 0.6) 35
[17:21:26.850]: (-1.3, 0.8, 0.6) 35
[17:21:26.873]: (-1.3, 0.8, 0.6) 35
[17:21:26.894]: (-1.3, 0.8, 0.6) 35
[17:21:26.918]: (-1.3, 0.8, 0.7) 35
[17:21:26.938]: (-1.3, 0.8, 0.7) 35
[17:21:26.961]: (-1.3, 0.8, 0.7) 35
[17:21:27.459]: (-1.1, 1.1, 1.0) 18
[17:21:27.827]: (-0.3, 1.2, 0.9) 6
[17:21:27.851]: (-0.3, 1.2, 0.9) 6
[17:21:27.872]: (-0.3, 1.2, 0.9) 6
[17:21:27.893]: (-0.2, 1.2, 0.9) 6
[17:21:29.739]: (-0.1, 1.1, 0.8) 8
[17:21:30.122]: (-0.3, 1.2, 0.9) 6
[17:21:30.138]: (-0.3, 1.2, 0.9) 6
[17:21:30.159]: (-0.3, 1.2, 0.9) 6
[17:21:30.203]: (-0.3, 1.2, 0.9) 6
[17:21:30.225]: (-0.3, 1.2, 0.9) 6
[17:21:30.248]: (-0.3, 1.2, 0.9) 6
[17:21:30.270]: (-0.3, 1.2, 0.9) 6
[17:21:30.292]: (-0.3, 1.2, 0.9) 6
[17:21:30.314]: (-0.3, 1.2, 0.9) 6
[17:21:30.337]: (-0.3, 1.2, 0.9) 6
[17:21:30.361]: (-0.3, 1.2, 0.9) 6
[17:21:30.403]: (-0.3, 1.2, 0.9) 6
[17:21:30.469]: (-0.3, 1.2, 0.9) 6
[17:21:30.514]: (-0.1, 1.1, 0.8) 8
[17:21:30.537]: (-0.1, 1.1, 0.8) 8
[17:21:30.559]: (-0.1, 1.1, 0.8) 8
[17:21:30.580]: (-0.1, 1.1, 0.8) 8
[17:21:30.595]: (-0.1, 1.1, 0.8) 8
[17:21:30.612]: (-0.1, 1.1, 0.8) 8
[17:21:30.628]: (0.0, 1.1, 0.8) 8
[17:21:30.645]: (-0.1, 1.1, 0.8) 8
[17:21:30.661]: (-0.1, 1.1, 0.8) 8
[17:21:30.678]: (-0.1, 1.1, 0.8) 8
[17:21:30.695]: (-0.1, 1.1, 0.8) 8
[17:21:30.712]: (0.0, 1.1, 0.8) 8
[17:21:36.173]: (0.3, 0.9, 0.7) 31
[17:21:36.195]: (0.3, 0.9, 0.7) 31
[17:21:36.217]: (0.3, 0.9, 0.7) 31
[17:21:36.238]: (0.3, 0.9, 0.7) 31
[17:21:36.258]: (0.3, 0.9, 0.7) 31
[17:21:36.278]: (0.3, 0.9, 0.7) 31
[17:21:36.301]: (0.3, 0.9, 0.7) 31
[17:21:36.321]: (0.3, 0.9, 0.7) 31
[17:21:36.340]: (0.3, 0.9, 0.7) 31
[17:21:36.362]: (0.3, 0.9, 0.7) 31
[17:21:36.384]: (0.3, 0.9, 0.7) 31
[17:21:36.751]: (0.3, 1.0, 0.7) 31
[17:21:36.772]: (0.3, 1.0, 0.7) 31
[17:21:36.792]: (0.3, 1.0, 0.7) 31
[17:21:36.812]: (0.3, 1.0, 0.7) 31
[17:21:36.834]: (0.3, 1.0, 0.7) 31
[17:21:36.857]: (0.3, 1.0, 0.7) 31
[17:21:36.878]: (0.3, 1.0, 0.7) 31
[17:21:36.899]: (0.3, 1.0, 0.7) 31
[17:21:36.921]: (0.3, 1.0, 0.7) 31
[17:21:36.940]: (0.3, 1.0, 0.7) 31
[17:21:36.964]: (0.3, 1.0, 0.7) 31
[17:21:36.989]: (0.3, 1.0, 0.7) 31
[17:21:37.011]: (0.3, 1.0, 0.7) 31
[17:21:37.032]: (0.3, 1.0, 0.7) 31
[17:21:37.054]: (0.3, 1.0, 0.7) 31
[17:21:37.074]: (0.3, 1.0, 0.7) 31
[17:21:37.096]: (0.3, 1.0, 0.7) 31
[17:21:37.117]: (0.3, 0.9, 0.7) 31
[17:21:37.140]: (0.3, 0.9, 0.7) 31
[17:21:37.161]: (0.3, 0.9, 0.7) 31
[17:21:37.184]: (0.3, 0.9, 0.7) 31
[17:21:37.204]: (0.3, 0.9, 0.7) 31
[17:21:37.227]: (0.3, 0.9, 0.7) 31
[17:21:37.247]: (0.3, 0.9, 0.7) 31
[17:21:37.268]: (0.3, 0.9, 0.7) 31
[17:21:37.288]: (0.3, 0.9, 0.7) 31
[17:21:37.310]: (0.3, 0.9, 0.7) 31
[17:21:37.331]: (0.3, 0.9, 0.8) 31
[17:21:37.352]: (0.3, 0.9, 0.8) 31
[17:21:37.372]: (0.3, 0.9, 0.8) 31
[17:21:37.404]: (0.3, 0.9, 0.8) 31
[17:21:37.439]: (0.3, 0.9, 0.8) 31
[17:21:37.473]: (0.3, 0.9, 0.8) 31
[17:21:37.506]: (0.3, 0.9, 0.8) 31
[17:21:37.538]: (0.3, 0.9, 0.7) 31
[17:21:37.572]: (0.3, 0.9, 0.7) 31
[17:21:37.604]: (0.3, 0.9, 0.7) 31
[17:21:37.638]: (0.3, 0.9, 0.7) 31
[17:21:37.674]: (0.3, 0.9, 0.7) 31
[17:21:37.705]: (0.3, 0.9, 0.7) 31
[17:21:37.737]: (0.2, 0.9, 0.7) 31
[17:21:37.771]: (0.2, 0.9, 0.7) 31
[17:21:37.804]: (0.2, 0.9, 0.7) 31
[17:21:37.922]: (0.2, 0.9, 0.7) 31
[17:21:37.946]: (0.3, 0.9, 0.7) 31
[17:21:37.968]: (0.3, 0.9, 0.7) 31
[17:21:37.991]: (0.3, 0.9, 0.7) 31
[17:21:38.011]: (0.3, 0.9, 0.7) 31
[17:21:38.038]: (0.3, 0.9, 0.7) 31
[17:21:38.070]: (0.3, 0.9, 0.7) 31
[17:21:38.094]: (0.3, 0.9, 0.7) 31
[17:21:38.114]: (0.3, 0.9, 0.7) 31
[17:21:38.138]: (0.3, 0.9, 0.7) 31
[17:21:38.158]: (0.3, 0.9, 0.7) 31
[17:21:38.181]: (0.3, 0.9, 0.7) 31
[17:21:38.204]: (0.3, 0.9, 0.7) 31
[17:21:38.226]: (0.3, 0.9, 0.7) 31
[17:21:38.251]: (0.3, 1.0, 0.7) 31
[17:21:38.271]: (0.3, 1.0, 0.7) 31
[17:21:38.294]: (0.3, 1.0, 0.7) 31
[17:21:38.316]: (0.3, 1.0, 0.7) 31
[17:21:38.336]: (0.3, 1.0, 0.7) 31
[17:21:38.359]: (0.3, 1.0, 0.7) 31
[17:21:38.383]: (0.3, 1.0, 0.7) 31
[17:21:38.404]: (0.3, 1.0, 0.7) 31
[17:21:38.425]: (0.3, 1.0, 0.7) 31
[17:21:38.449]: (0.3, 1.0, 0.7) 31
[17:21:38.470]: (0.3, 1.0, 0.7) 31
[17:21:38.495]: (0.3, 1.0, 0.7) 31
[17:21:38.515]: (0.3, 1.0, 0.7) 31
[17:21:38.538]: (0.3, 1.0, 0.7) 31
[17:21:38.559]: (0.3, 1.0, 0.7) 31
[17:21:38.581]: (0.3, 1.0, 0.7) 31
[17:21:38.605]: (0.3, 1.0, 0.7) 31
[17:21:38.625]: (0.3, 1.0, 0.7) 31
[17:21:38.648]: (0.3, 1.0, 0.7) 31
[17:21:38.670]: (0.3, 1.0, 0.7) 31
[17:21:38.693]: (0.3, 1.0, 0.7) 31
[17:21:38.714]: (0.3, 1.0, 0.7) 31
[17:21:38.738]: (0.3, 1.0, 0.7) 31
[17:21:38.761]: (0.3, 1.0, 0.7) 31
[17:21:38.781]: (0.3, 1.0, 0.7) 31
[17:21:38.805]: (0.3, 1.0, 0.7) 31
[17:21:38.826]: (0.3, 1.0, 0.7) 31
[17:21:38.849]: (0.3, 1.0, 0.7) 31
[17:21:38.872]: (0.3, 1.0, 0.7) 31
[17:21:38.894]: (0.3, 1.0, 0.7) 31
[17:21:38.917]: (0.3, 1.0, 0.7) 31
[17:21:39.826]: (0.3, 1.0, 0.6) 31
[17:21:39.843]: (0.3, 1.0, 0.6) 31
[17:21:39.860]: (0.3, 1.0, 0.6) 31
[17:21:39.876]: (0.3, 1.0, 0.6) 31
[17:21:39.899]: (0.3, 1.0, 0.6) 31
[17:21:39.923]: (0.3, 1.0, 0.6) 31
[17:21:39.944]: (0.3, 1.0, 0.6) 31
[17:21:39.971]: (0.3, 1.0, 0.6) 31
[17:21:39.988]: (0.3, 1.0, 0.6) 31
[17:21:40.012]: (0.3, 1.0, 0.6) 31
[17:21:40.036]: (0.3, 1.0, 0.6) 31
[17:21:40.055]: (0.3, 1.0, 0.6) 31
[17:21:40.078]: (0.3, 1.0, 0.6) 31
[17:21:40.100]: (0.3, 1.0, 0.6) 31
[17:21:40.922]: (0.3, 1.0, 0.6) 31
[17:21:40.945]: (0.2, 0.9, 0.7) 31
[17:21:41.017]: (0.3, 0.9, 0.7) 31
[17:21:41.035]: (0.3, 1.0, 0.6) 31
[17:21:41.055]: (0.3, 1.0, 0.6) 31
[17:21:41.077]: (0.3, 1.0, 0.6) 31
[17:21:41.099]: (0.3, 1.0, 0.6) 31
[17:21:41.809]: (0.3, 1.0, 0.6) 31
