[17:04:15.244]: (-0.7, -0.7, 0.0) 0
[17:04:15.640]: (-0.8, -0.8, 0.0) 1
[17:04:15.751]: (-0.7, -0.7, 0.0) 0
[17:04:15.773]: (-0.7, -0.7, 0.0) 0
[17:04:15.839]: (-1.9, -0.8, -0.1) 3
[17:04:15.862]: (-1.7, -0.7, 0.0) 2
[17:04:15.883]: (-1.6, -0.7, 0.0) 2
[17:04:15.907]: (-1.7, -0.7, 0.0) 2
[17:04:15.926]: (-1.7, -0.7, 0.0) 2
[17:04:15.942]: (-1.7, -0.7, 0.0) 2
[17:04:15.974]: (-1.7, -0.7, 0.0) 2
[17:04:15.990]: (-1.7, -0.7, -0.1) 2
[17:04:16.007]: (-1.7, -0.7, -0.1) 2
[17:04:16.040]: (-1.7, -0.7, 0.0) 2
[17:04:16.086]: (-1.6, -0.7, 0.0) 2
[17:04:16.104]: (-2.0, -1.2, 0.0) 5
[17:04:16.154]: (-2.0, -1.2, 0.0) 5
[17:04:16.171]: (-2.0, -1.2, 0.0) 5
[17:04:16.187]: (-2.0, -1.2, 0.0) 5
[17:04:16.234]: (-2.0, -1.2, 0.0) 5
[17:04:16.252]: (-2.0, -1.2, 0.0) 5
[17:04:16.283]: (-2.0, -1.2, 0.0) 5
[17:04:16.299]: (-2.0, -1.2, 0.0) 5
[17:04:16.345]: (-2.0, -1.2, 0.0) 5
[17:04:16.361]: (-2.0, -1.2, 0.0) 5
[17:04:16.383]: (-1.7, -0.7, -0.1) 2
[17:04:16.406]: (-2.0, -1.2, 0.0) 5
[17:04:16.584]: (-2.0, -1.2, 0.0) 5
[17:04:16.606]: (-2.0, -1.2, 0.0) 5
[17:04:16.763]: (-0.8, -0.7, 0.1) 0
[17:04:16.872]: (-0.7, -0.7, 0.1) 0
[17:04:16.888]: (-0.7, -0.7, 0.1) 0
[17:04:16.921]: (-0.7, -0.7, 0.1) 0
[17:04:16.941]: (-0.8, -0.8, 0.1) 1
[17:04:16.987]: (-0.8, -0.7, 0.1) 0
[17:04:17.004]: (-0.8, -0.8, 0.1) 1
[17:04:17.020]: (-0.8, -0.8, 0.1) 1
[17:04:17.037]: (-0.8, -0.8, 0.1) 1
[17:04:17.054]: (-0.8, -0.8, 0.1) 1
[17:04:17.072]: (-0.8, -0.8, 0.1) 1
[17:04:17.088]: (-0.8, -0.8, 0.1) 1
[17:04:17.105]: (-0.8, -0.7, 0.1) 1
[17:04:17.121]: (-0.8, -0.8, 0.1) 1
[17:04:17.137]: (-0.8, -0.8, 0.1) 1
[17:04:17.153]: (-0.8, -0.8, 0.1) 1
[17:04:17.170]: (-0.8, -0.8, 0.1) 1
[17:04:17.428]: (-0.8, -0.8, 0.1) 1
[17:04:17.450]: (-0.8, -0.8, 0.1) 1
[17:04:17.472]: (-0.8, -0.8, 0.1) 1
[17:04:17.494]: (-0.8, -0.8, 0.1) 1
[17:04:17.517]: (-0.8, -0.8, 0.1) 1
[17:04:17.539]: (-0.8, -0.8, 0.1) 1
[17:04:17.561]: (-0.8, -0.8, 0.1) 1
[17:04:18.306]: (-0.8, -0.8, 0.1) 1
[17:04:18.439]: (-0.7, -0.7, 0.1) 0
[17:04:18.460]: (-0.7, -0.7, 0.1) 0
[17:04:18.483]: (-0.7, -0.7, 0.1) 0
[17:04:18.506]: (-0.7, -0.7, 0.1) 0
[17:04:18.527]: (-0.7, -0.7, 0.1) 0
[17:04:18.543]: (-0.7, -0.7, 0.1) 0
[17:04:18.561]: (-0.7, -0.7, 0.1) 0
[17:04:18.577]: (-0.7, -0.7, 0.1) 0
[17:04:18.594]: (-0.7, -0.7, 0.1) 0
[17:04:18.835]: (-0.6, -1.2, 0.0) 6
[17:04:18.983]: (-0.7, -1.2, 0.0) 6
[17:04:20.160]: (-0.7, -0.7, 0.0) 0
[17:04:20.206]: (-0.7, -0.7, 0.0) 0
[17:04:20.227]: (-0.7, -0.7, 0.1) 0
[17:04:20.249]: (-0.7, -0.7, 0.1) 0
[17:04:20.271]: (-0.7, -0.7, 0.1) 0
[17:04:20.288]: (-0.7, -0.7, 0.1) 0
[17:04:20.305]: (-0.7, -0.7, 0.1) 0
[17:04:20.321]: (-0.7, -0.7, 0.1) 0
[17:04:27.702]: (-0.6, -1.2, -0.1) 8
[17:04:27.836]: (-0.7, -1.1, 0.0) 7
[17:04:27.857]: (-0.6, -1.2, 0.0) 6
[17:04:27.879]: (-0.6, -1.2, 0.0) 6
[17:04:27.902]: (-0.6, -1.2, 0.0) 6
[17:04:27.924]: (-0.6, -1.2, 0.0) 6
[17:04:28.045]: (-0.6, -1.2, -0.1) 8
[17:04:28.123]: (-0.6, -1.1, -0.1) 8
[17:04:28.140]: (-0.6, -1.1, -0.1) 8
[17:04:28.157]: (-0.6, -1.1, -0.1) 8
[17:04:28.173]: (-0.6, -1.2, 0.0) 6
[17:04:37.419]: (-0.3, -0.3, 2.8) 4
[17:04:37.694]: (-0.1, -0.6, 1.9) 1
[17:04:37.726]: (-0.1, -0.6, 1.9) 1
[17:04:37.741]: (-0.1, -0.6, 1.9) 1
[17:04:39.371]: (-0.1, -0.6, 1.9) 1
[17:04:39.445]: (-0.1, -0.6, 1.9) 1
[17:04:40.607]: (-0.4, -0.3, 2.8) 4
[17:04:40.630]: (-0.4, -0.3, 2.8) 4
[17:04:40.651]: (-0.4, -0.1, 2.4) 2
[17:04:40.673]: (-0.4, -0.1, 2.4) 2
[17:04:40.696]: (-0.4, -0.1, 2.4) 2
[17:04:40.717]: (-0.4, -0.1, 2.4) 2
[17:04:40.741]: (-0.4, -0.1, 2.4) 2
[17:04:40.764]: (-0.4, -0.1, 2.4) 2
[17:04:40.784]: (-0.4, -0.3, 2.8) 4
[17:04:40.807]: (-0.3, -0.3, 2.8) 4
[17:04:40.829]: (-0.4, 0.0, 2.4) 2
[17:04:40.851]: (-0.4, 0.0, 2.5) 2
[17:04:40.874]: (-0.4, -0.1, 2.4) 2
[17:04:40.896]: (-0.3, -0.3, 2.8) 4
[17:04:40.964]: (-0.5, 0.0, 2.4) 2
[17:04:40.982]: (-0.4, 0.0, 2.4) 2
[17:04:41.001]: (-0.4, 0.0, 2.5) 2
[17:04:41.017]: (-0.4, -0.1, 2.4) 2
[17:04:41.033]: (-0.4, 0.0, 2.5) 2
[17:04:41.050]: (-0.4, 0.0, 2.4) 2
[17:04:41.067]: (-0.4, 0.0, 2.4) 2
[17:04:41.083]: (-0.4, 0.0, 2.4) 2
[17:04:41.099]: (-0.4, -0.1, 2.5) 2
[17:04:41.115]: (-0.4, -0.1, 2.4) 2
[17:04:41.131]: (-0.4, 0.0, 2.4) 2
[17:04:41.164]: (-0.4, -0.3, 2.8) 4
[17:04:41.182]: (-0.4, -0.3, 2.8) 4
[17:04:41.198]: (-0.4, -0.3, 2.8) 4
[17:04:41.216]: (-0.4, -0.3, 2.8) 4
[17:04:41.234]: (-0.3, -0.3, 2.8) 4
[17:04:41.251]: (-0.3, -0.3, 2.8) 4
[17:04:44.916]: (-0.5, 0.0, 2.6) 3
[17:04:44.961]: (-0.5, 0.0, 2.6) 3
[17:04:44.983]: (-0.5, 0.0, 2.6) 3
[17:04:45.005]: (-0.5, 0.0, 2.6) 3
[17:04:45.027]: (-0.4, 0.0, 2.6) 3
[17:04:45.049]: (-0.5, 0.0, 2.6) 3
[17:04:45.072]: (-0.5, 0.0, 2.6) 3
[17:04:45.095]: (-0.5, 0.0, 2.6) 3
[17:04:45.116]: (-0.5, 0.1, 2.6) 3
[17:04:45.138]: (-0.5, 0.1, 2.6) 3
[17:04:45.160]: (-0.5, 0.1, 2.6) 3
[17:04:45.183]: (-0.5, 0.0, 2.6) 3
[17:04:45.206]: (-0.4, 0.1, 2.6) 3
[17:04:45.228]: (-0.5, 0.0, 2.6) 3
[17:04:45.249]: (-0.5, 0.1, 2.6) 3
[17:04:45.274]: (-0.5, 0.0, 2.6) 3
[17:04:45.293]: (-0.5, 0.0, 2.6) 3
[17:04:45.316]: (-0.5, 0.0, 2.6) 3
[17:04:47.174]: (-0.4, 0.1, 2.6) 3
[17:04:47.448]: (-0.5, -0.2, 2.9) 5
[17:04:47.472]: (-0.5, -0.2, 2.9) 5
[17:04:47.493]: (-0.5, -0.2, 2.9) 5
[17:04:47.515]: (-0.5, -0.2, 2.9) 5
[17:04:47.538]: (-0.5, -0.2, 2.9) 5
[17:04:47.559]: (-0.5, -0.2, 2.9) 5
[17:04:52.047]: (-0.5, -0.1, 2.4) 2
[17:04:52.070]: (-0.5, -0.1, 2.4) 2
[17:04:52.093]: (-0.5, 0.0, 2.4) 2
[17:04:52.110]: (-0.5, 0.0, 2.4) 2
[17:04:52.126]: (-0.4, 0.0, 2.4) 2
[17:04:52.142]: (-0.4, 0.0, 2.4) 2
[17:04:52.159]: (-0.4, 0.0, 2.4) 2
[17:04:52.175]: (-0.4, 0.0, 2.4) 2
[17:04:52.192]: (-0.4, 0.0, 2.4) 2
[17:04:52.208]: (-0.4, 0.0, 2.4) 2
[17:04:52.225]: (-0.4, 0.0, 2.4) 2
[17:04:52.241]: (-0.4, 0.0, 2.4) 2
[17:04:52.258]: (-0.4, 0.0, 2.4) 2
[17:04:52.274]: (-0.4, 0.0, 2.4) 2
[17:04:52.291]: (-0.4, 0.0, 2.4) 2
[17:04:52.308]: (-0.4, 0.0, 2.4) 2
[17:04:52.325]: (-0.4, 0.0, 2.4) 2
[17:04:52.341]: (-0.4, 0.0, 2.4) 2
[17:04:52.357]: (-0.4, 0.0, 2.4) 2
[17:04:52.373]: (-0.4, 0.0, 2.4) 2
[17:04:52.390]: (-0.5, 0.0, 2.4) 2
[17:04:52.405]: (-0.4, 0.0, 2.4) 2
[17:04:52.421]: (-0.4, 0.0, 2.4) 2
[17:04:52.437]: (-0.4, 0.0, 2.4) 2
[17:04:52.455]: (-0.4, 0.0, 2.4) 2
[17:04:52.472]: (-0.4, 0.0, 2.4) 2
[17:04:52.488]: (-0.4, 0.0, 2.4) 2
[17:04:52.505]: (-0.4, 0.0, 2.4) 2
[17:04:52.522]: (-0.4, 0.0, 2.4) 2
[17:04:52.539]: (-0.5, 0.0, 2.4) 2
[17:04:52.556]: (-0.5, -0.1, 2.4) 2
[17:04:52.573]: (-0.4, -0.1, 2.4) 2
[17:04:52.592]: (-0.5, -0.1, 2.4) 2
[17:04:52.658]: (-0.4, -0.1, 2.4) 2
[17:04:52.703]: (-0.5, 0.0, 2.4) 2
[17:04:52.747]: (-0.4, -0.1, 2.4) 2
[17:04:52.854]: (-0.5, -0.3, 2.8) 4
[17:04:53.448]: (-0.4, -0.2, 2.6) 8
[17:04:53.481]: (-0.4, -0.1, 2.6) 7
[17:04:53.514]: (-0.4, -0.1, 2.7) 6
[17:04:54.706]: (1.3, 0.0, 2.4) 2
[17:04:54.727]: (1.2, 0.0, 2.4) 2
[17:04:54.750]: (1.2, 0.0, 2.4) 2
[17:04:54.773]: (1.2, 0.0, 2.4) 2
[17:04:54.796]: (1.2, 0.0, 2.4) 2
[17:04:54.816]: (1.2, 0.0, 2.4) 2
[17:04:54.840]: (1.2, 0.0, 2.5) 2
[17:04:54.945]: (1.2, 0.0, 2.4) 2
[17:04:55.013]: (1.2, 0.0, 2.4) 2
[17:04:55.115]: (1.2, 0.0, 2.5) 2
[17:05:00.722]: (1.3, 0.0, 2.4) 2
[17:05:00.755]: (1.4, 0.1, 2.6) 3
[17:05:00.771]: (1.4, 0.1, 2.6) 3
[17:05:00.787]: (1.3, 0.1, 2.6) 3
[17:05:03.193]: (1.4, 0.2, 2.6) 3
[17:05:03.209]: (1.4, 0.2, 2.6) 3
[17:05:03.226]: (1.4, 0.2, 2.6) 3
[17:05:03.242]: (1.4, 0.2, 2.6) 3
[17:05:03.259]: (1.6, 0.0, 2.9) 5
[17:05:03.276]: (1.4, 0.2, 2.6) 3
[17:05:03.292]: (1.3, 0.1, 2.6) 3
[17:05:03.308]: (1.3, 0.1, 2.6) 3
[17:05:03.331]: (1.3, 0.2, 2.6) 3
[17:05:03.355]: (1.3, 0.2, 2.6) 3
[17:05:03.398]: (1.4, 0.2, 2.6) 3
[17:05:16.559]: (-0.1, 0.6, 2.9) 3
[17:05:16.582]: (-0.1, 0.4, 3.3) 5
[17:05:16.848]: (-0.1, 0.5, 2.8) 3
[17:05:16.915]: (-0.1, 0.5, 2.8) 3
[17:05:16.938]: (-0.1, 0.3, 3.3) 5
[17:05:17.074]: (-0.1, 0.4, 3.3) 5
[17:05:17.095]: (-0.1, 0.4, 3.3) 5
[17:05:17.118]: (-0.1, 0.4, 3.3) 5
[17:05:17.141]: (-0.1, 0.4, 3.3) 5
[17:05:17.163]: (-0.1, 0.4, 3.3) 5
[17:05:17.185]: (-0.1, 0.4, 3.3) 5
[17:05:17.207]: (-0.1, 0.4, 3.3) 5
[17:05:17.229]: (-0.1, 0.4, 3.3) 5
[17:05:17.274]: (-0.1, 0.3, 3.3) 5
[17:05:17.297]: (-0.1, 0.4, 3.3) 5
[17:05:17.319]: (-0.1, 0.5, 2.8) 3
[17:05:17.341]: (0.0, 0.4, 3.3) 4
[17:05:17.363]: (0.0, 0.3, 3.3) 4
[17:05:17.473]: (-0.1, 0.3, 3.3) 5
[17:05:17.526]: (-0.1, 0.3, 3.3) 5
[17:05:17.558]: (-0.2, 0.4, 3.3) 5
[17:05:17.676]: (-0.1, 0.3, 3.4) 4
[17:05:17.696]: (-0.1, 0.3, 3.4) 4
[17:05:17.943]: (-0.1, 0.3, 3.3) 4
[17:05:17.961]: (-0.1, 0.3, 3.3) 4
[17:05:17.981]: (-0.1, 0.3, 3.3) 4
[17:05:18.693]: (-0.2, 0.4, 2.8) 2
[17:05:18.743]: (-0.2, 0.3, 2.8) 2
[17:05:18.760]: (-0.2, 0.3, 2.8) 2
[17:05:18.805]: (-0.2, 0.3, 2.8) 2
[17:05:18.836]: (-0.2, 0.3, 2.8) 2
[17:05:18.859]: (-0.2, 0.3, 2.8) 2
[17:05:18.902]: (-0.2, 0.4, 2.8) 2
[17:05:19.192]: (-0.2, 0.5, 2.9) 3
[17:05:19.213]: (-0.2, 0.5, 2.9) 3
[17:05:19.236]: (-0.2, 0.5, 2.9) 3
[17:05:19.258]: (-0.2, 0.5, 2.9) 3
[17:05:19.274]: (-0.2, 0.5, 2.9) 3
[17:05:19.293]: (-0.2, 0.4, 3.3) 5
[17:05:19.310]: (-0.2, 0.4, 3.3) 5
[17:05:19.326]: (-0.2, 0.5, 2.9) 3
[17:05:19.341]: (-0.2, 0.4, 3.3) 5
[17:05:19.357]: (-0.2, 0.4, 3.3) 5
[17:05:19.373]: (-0.2, 0.4, 3.3) 5
[17:05:19.390]: (-0.2, 0.4, 3.3) 5
[17:05:19.406]: (-0.2, 0.5, 2.9) 3
[17:05:19.422]: (-0.2, 0.5, 2.9) 3
[17:05:19.438]: (-0.2, 0.5, 2.9) 3
[17:05:19.454]: (-0.2, 0.6, 2.9) 3
[17:05:19.471]: (-0.2, 0.5, 2.8) 3
[17:05:19.488]: (-0.2, 0.5, 2.8) 3
[17:05:19.504]: (-0.2, 0.5, 2.8) 3
[17:05:19.521]: (-0.2, 0.5, 2.9) 3
[17:05:19.538]: (-0.2, 0.6, 2.8) 3
[17:05:19.553]: (-0.2, 0.5, 2.8) 3
[17:05:19.571]: (-0.2, 0.5, 2.8) 3
[17:05:19.587]: (-0.2, 0.5, 2.8) 3
[17:05:19.604]: (-0.2, 0.6, 2.8) 3
[17:05:19.622]: (-0.2, 0.6, 2.8) 3
[17:05:19.638]: (-0.2, 0.5, 2.8) 3
[17:05:19.654]: (-0.2, 0.5, 2.8) 3
[17:05:19.670]: (-0.2, 0.5, 2.8) 3
[17:05:19.685]: (-0.2, 0.6, 2.8) 3
[17:05:19.702]: (-0.2, 0.6, 2.8) 3
[17:05:19.718]: (-0.2, 0.6, 2.8) 3
[17:05:19.736]: (-0.2, 0.6, 2.8) 3
[17:05:19.758]: (-0.2, 0.6, 2.8) 3
[17:05:19.780]: (-0.2, 0.6, 2.8) 3
[17:05:19.802]: (-0.2, 0.6, 2.8) 3
[17:05:19.825]: (-0.2, 0.6, 2.8) 3
[17:05:19.846]: (-0.2, 0.6, 2.8) 3
[17:05:19.870]: (-0.2, 0.6, 2.8) 3
[17:05:19.894]: (-0.2, 0.6, 2.8) 3
[17:05:19.916]: (-0.2, 0.6, 2.8) 3
[17:05:19.939]: (-0.2, 0.6, 2.9) 3
[17:05:19.961]: (-0.2, 0.5, 3.3) 5
[17:05:19.980]: (-0.2, 0.5, 3.3) 5
[17:05:24.196]: (-0.9, 1.3, 3.2) 6
[17:05:24.232]: (-1.0, 1.3, 3.2) 6
[17:05:24.251]: (-0.9, 1.4, 3.2) 6
[17:05:34.695]: (-0.9, 1.4, 2.5) 0
[17:05:34.714]: (-1.0, 1.4, 2.4) 1
[17:05:34.731]: (-1.0, 1.4, 2.5) 0
[17:05:34.794]: (-1.0, 1.5, 3.1) 6
[17:05:38.851]: (-1.0, 1.4, 3.1) 6
[17:05:38.903]: (-1.0, 1.5, 3.1) 6
[17:05:38.934]: (-1.0, 1.5, 3.1) 6
[17:05:38.951]: (-1.0, 1.5, 3.1) 6
[17:05:38.968]: (-1.0, 1.5, 3.1) 6
[17:05:38.985]: (-0.9, 1.5, 2.6) 0
[17:05:39.148]: (-1.0, 1.4, 3.1) 6
[17:05:40.801]: (-0.9, 1.5, 2.6) 0
[17:05:40.817]: (-1.0, 1.5, 3.1) 6
[17:05:40.832]: (-0.9, 1.4, 2.5) 0
[17:05:40.850]: (-0.9, 1.4, 2.5) 0
[17:05:40.866]: (-1.0, 1.4, 2.6) 0
[17:05:40.897]: (-1.0, 1.4, 2.6) 0
[17:05:40.915]: (-0.9, 1.4, 2.6) 0
[17:05:40.931]: (-1.0, 1.4, 3.1) 6
[17:05:40.994]: (-1.0, 1.5, 3.1) 6
[17:05:41.015]: (-1.0, 1.4, 3.1) 6
[17:05:41.060]: (-0.9, 1.4, 2.5) 0
[17:05:41.083]: (-1.0, 1.4, 3.1) 6
[17:05:41.105]: (-0.9, 1.4, 2.6) 0
[17:05:41.127]: (-0.9, 1.4, 2.6) 0
[17:05:41.150]: (-0.9, 1.4, 2.6) 0
[17:05:41.860]: (-0.9, 1.4, 2.6) 0
[17:05:42.083]: (-1.0, 1.4, 2.5) 0
[17:05:42.105]: (-0.9, 1.4, 2.5) 0
[17:05:42.127]: (-1.0, 1.4, 2.4) 1
[17:05:42.150]: (-1.0, 1.4, 2.4) 1
[17:05:42.172]: (-1.0, 1.5, 2.4) 1
[17:05:42.195]: (-1.0, 1.4, 2.4) 1
[17:05:42.215]: (-1.0, 1.4, 2.4) 1
[17:05:42.240]: (-1.0, 1.4, 2.4) 1
[17:05:42.264]: (-1.0, 1.4, 2.4) 1
[17:05:42.284]: (-1.0, 1.4, 2.4) 1
[17:05:42.302]: (-1.0, 1.4, 2.4) 1
[17:05:42.319]: (-1.0, 1.5, 2.4) 1
[17:05:42.336]: (-1.0, 1.4, 2.4) 1
[17:05:42.353]: (-1.0, 1.4, 2.4) 1
[17:05:42.371]: (-1.0, 1.4, 2.4) 1
[17:05:42.388]: (-1.0, 1.4, 2.4) 1
[17:05:42.406]: (-1.0, 1.4, 3.1) 6
[17:05:42.424]: (-0.9, 1.4, 2.6) 0
[17:05:42.441]: (-0.9, 1.4, 2.6) 0
[17:05:42.460]: (-0.9, 1.4, 2.6) 0
[17:05:42.478]: (-0.9, 1.4, 2.6) 0
[17:05:42.512]: (-0.9, 1.4, 2.6) 0
[17:05:42.529]: (-0.9, 1.4, 2.6) 0
[17:05:42.547]: (-0.9, 1.4, 2.6) 0
[17:05:42.566]: (-0.9, 1.4, 2.6) 0
[17:05:42.583]: (-0.9, 1.4, 2.5) 0
[17:05:42.600]: (-0.9, 1.4, 2.6) 0
[17:05:42.618]: (-0.9, 1.4, 2.5) 0
[17:05:42.635]: (-0.9, 1.4, 2.6) 0
[17:05:42.652]: (-0.9, 1.4, 2.6) 0
[17:05:42.670]: (-0.9, 1.4, 2.6) 0
[17:05:42.687]: (-0.9, 1.4, 2.6) 0
[17:05:42.704]: (-0.9, 1.4, 2.6) 0
[17:05:42.721]: (-0.9, 1.4, 2.6) 0
[17:05:42.738]: (-0.9, 1.4, 2.6) 0
[17:05:42.771]: (-1.0, 1.4, 3.1) 6
[17:05:42.838]: (-0.9, 1.4, 2.6) 0
[17:05:42.860]: (-0.9, 1.4, 2.6) 0
[17:05:42.882]: (-0.9, 1.4, 2.6) 0
[17:05:42.905]: (-0.9, 1.4, 2.6) 0
[17:05:42.927]: (-0.9, 1.4, 2.6) 0
[17:05:42.948]: (-0.9, 1.4, 2.6) 0
[17:05:43.104]: (-1.0, 1.4, 2.6) 0
[17:05:43.150]: (-1.0, 1.4, 2.6) 0
[17:05:43.172]: (-1.0, 1.4, 2.6) 0
[17:05:43.216]: (-1.0, 1.4, 2.6) 0
[17:05:43.592]: (-1.0, 1.4, 3.1) 6
[17:05:43.609]: (-1.0, 1.4, 3.1) 6
[17:05:43.625]: (-1.0, 1.5, 3.1) 6
[17:05:43.641]: (-1.0, 1.4, 3.1) 6
[17:05:43.657]: (-1.0, 1.4, 3.1) 6
[17:05:43.672]: (-1.0, 1.4, 3.1) 6
[17:05:43.692]: (-1.0, 1.4, 3.1) 6
[17:05:43.718]: (-1.0, 1.4, 3.1) 6
[17:05:43.736]: (-1.0, 1.4, 3.1) 6
[17:05:43.760]: (-1.0, 1.4, 3.1) 6
[17:05:43.781]: (-1.0, 1.4, 3.1) 6
[17:05:43.803]: (-1.0, 1.4, 3.1) 6
[17:05:43.825]: (-1.0, 1.4, 3.1) 6
[17:05:44.525]: (-1.0, 1.4, 2.5) 1
[17:05:44.570]: (-1.0, 1.4, 2.5) 1
[17:05:44.615]: (-1.0, 1.4, 2.5) 1
[17:05:44.637]: (-1.0, 1.4, 2.5) 1
[17:05:45.272]: (-1.0, 1.4, 2.6) 0
[17:05:45.289]: (-1.0, 1.4, 3.1) 6
[17:05:45.780]: (-1.0, 1.4, 3.1) 6
[17:05:45.797]: (-1.0, 1.4, 3.1) 6
[17:05:45.814]: (-1.0, 1.4, 3.1) 6
[17:05:45.844]: (-1.0, 1.4, 3.1) 6
[17:05:45.860]: (-0.9, 1.4, 2.6) 0
[17:05:45.876]: (-1.0, 1.4, 2.6) 0
[17:05:45.905]: (-1.0, 1.4, 2.4) 1
[17:05:45.921]: (-1.0, 1.4, 2.4) 1
[17:05:45.937]: (-1.0, 1.4, 2.4) 1
[17:05:45.953]: (-1.0, 1.4, 2.4) 1
[17:05:45.969]: (-1.0, 1.4, 2.4) 1
[17:05:45.985]: (-1.0, 1.4, 2.4) 1
[17:05:46.001]: (-1.0, 1.4, 2.4) 1
[17:05:46.016]: (-1.0, 1.4, 2.4) 1
[17:05:46.032]: (-1.0, 1.4, 2.4) 1
[17:05:46.049]: (-1.0, 1.4, 2.4) 1
[17:05:46.065]: (-1.0, 1.4, 2.4) 1
[17:05:46.081]: (-1.0, 1.4, 2.5) 1
[17:05:46.097]: (-1.0, 1.4, 2.4) 1
[17:05:46.113]: (-1.0, 1.4, 2.4) 1
[17:05:46.129]: (-1.0, 1.4, 2.5) 1
[17:05:46.145]: (-1.0, 1.4, 2.4) 1
[17:05:46.162]: (-1.0, 1.4, 2.4) 1
[17:05:46.177]: (-1.0, 1.4, 2.4) 1
[17:05:46.194]: (-1.0, 1.4, 2.4) 1
[17:05:46.213]: (-1.0, 1.4, 2.4) 1
[17:05:46.281]: (-1.0, 1.4, 2.4) 1
[17:05:46.302]: (-1.0, 1.4, 2.4) 1
[17:05:46.324]: (-1.0, 1.4, 2.4) 1
[17:05:46.347]: (-1.0, 1.4, 2.4) 1
[17:05:46.369]: (-1.0, 1.4, 2.4) 1
[17:05:46.392]: (-1.0, 1.4, 2.4) 1
[17:05:46.413]: (-1.0, 1.4, 2.4) 1
[17:05:46.436]: (-1.0, 1.4, 2.4) 1
[17:05:46.457]: (-1.0, 1.4, 2.4) 1
[17:05:46.480]: (-1.0, 1.4, 2.4) 1
[17:05:46.503]: (-1.0, 1.4, 2.4) 1
[17:05:46.525]: (-1.0, 1.4, 2.4) 1
[17:05:46.547]: (-1.0, 1.4, 2.4) 1
[17:05:46.570]: (-1.0, 1.4, 2.4) 1
[17:05:46.592]: (-1.0, 1.4, 2.4) 1
[17:05:46.614]: (-1.0, 1.4, 2.4) 1
[17:05:46.637]: (-1.0, 1.4, 2.4) 1
[17:05:46.658]: (-1.0, 1.4, 2.4) 1
[17:05:46.680]: (-1.0, 1.4, 2.4) 1
[17:05:46.696]: (-1.0, 1.4, 2.4) 1
[17:05:46.712]: (-1.0, 1.4, 2.4) 1
[17:05:46.743]: (-1.0, 1.4, 2.4) 1
[17:05:46.856]: (-1.0, 1.4, 2.5) 1
[17:05:46.872]: (-1.0, 1.4, 2.4) 1
[17:05:46.888]: (-1.0, 1.4, 2.4) 1
[17:05:46.905]: (-1.0, 1.4, 2.4) 1
[17:05:46.921]: (-1.0, 1.4, 2.4) 1
[17:05:46.937]: (-1.0, 1.4, 2.4) 1
[17:05:46.953]: (-1.0, 1.4, 2.4) 1
[17:05:46.969]: (-1.0, 1.4, 2.4) 1
[17:05:46.985]: (-1.0, 1.4, 2.4) 1
[17:05:47.001]: (-1.0, 1.4, 2.5) 1
[17:05:47.016]: (-1.0, 1.4, 2.4) 1
[17:05:47.032]: (-1.0, 1.4, 2.5) 1
[17:05:47.048]: (-1.0, 1.4, 2.4) 1
[17:05:47.064]: (-1.0, 1.4, 2.4) 1
[17:05:47.080]: (-1.0, 1.4, 2.4) 1
[17:05:47.102]: (-1.0, 1.4, 2.4) 1
[17:05:47.125]: (-1.0, 1.4, 2.5) 1
[17:05:47.302]: (-1.1, 1.5, 3.0) 8
[17:05:47.325]: (-1.1, 1.5, 3.0) 8
[17:05:47.347]: (-1.1, 1.5, 3.0) 8
[17:05:47.369]: (-1.1, 1.5, 2.9) 7
[17:05:47.391]: (-1.1, 1.5, 3.0) 8
[17:05:47.414]: (-1.1, 1.5, 3.0) 8
[17:05:47.457]: (-1.1, 1.6, 2.9) 7
[17:05:47.882]: (-1.1, 1.6, 2.9) 7
[17:05:47.898]: (-1.1, 1.6, 2.9) 7
[17:05:47.914]: (-1.1, 1.6, 2.9) 7
[17:05:47.929]: (-1.1, 1.6, 2.9) 7
[17:05:47.945]: (-1.1, 1.6, 2.9) 7
[17:05:47.960]: (-1.1, 1.6, 2.9) 7
[17:05:47.979]: (-1.0, 1.6, 2.9) 7
[17:05:48.002]: (-1.0, 1.5, 2.9) 7
[17:05:48.025]: (-1.0, 1.5, 2.9) 7
[17:05:48.046]: (-1.0, 1.5, 2.9) 7
[17:05:48.068]: (-1.0, 1.5, 2.9) 7
[17:05:48.091]: (-1.0, 1.5, 2.9) 7
[17:05:48.113]: (-1.0, 1.5, 2.5) 0
[17:05:48.135]: (-1.0, 1.5, 2.9) 7
[17:05:48.158]: (-0.9, 1.5, 2.6) 0
[17:05:48.180]: (-0.9, 1.5, 2.6) 0
[17:05:48.202]: (-0.9, 1.5, 2.6) 0
[17:05:48.224]: (-0.9, 1.5, 2.6) 0
[17:05:48.246]: (-0.9, 1.5, 2.6) 0
[17:05:48.269]: (-1.0, 1.5, 2.6) 0
[17:05:48.290]: (-1.0, 1.5, 2.6) 0
[17:05:48.313]: (-1.1, 1.5, 2.9) 7
[17:05:48.335]: (-1.1, 1.5, 2.9) 7
[17:05:48.358]: (-1.0, 1.5, 2.6) 0
[17:05:48.379]: (-1.0, 1.5, 2.6) 0
[17:05:48.394]: (-1.0, 1.5, 2.6) 0
[17:05:48.410]: (-1.0, 1.5, 2.6) 0
[17:05:48.426]: (-1.0, 1.5, 2.6) 0
[17:05:48.441]: (-0.9, 1.5, 2.6) 0
[17:05:48.457]: (-0.9, 1.5, 2.6) 0
[17:05:48.473]: (-1.0, 1.5, 2.9) 7
[17:05:48.489]: (-1.0, 1.5, 2.9) 7
[17:05:48.504]: (-1.0, 1.5, 2.9) 7
[17:05:48.520]: (-1.0, 1.5, 2.9) 7
[17:05:48.537]: (-1.0, 1.5, 2.9) 7
[17:05:48.553]: (-1.0, 1.5, 2.9) 7
[17:05:48.569]: (-1.0, 1.5, 2.9) 7
[17:05:48.585]: (-1.0, 1.5, 2.9) 7
[17:05:48.601]: (-1.0, 1.5, 2.9) 7
[17:05:48.616]: (-1.0, 1.5, 2.9) 7
[17:05:48.632]: (-1.0, 1.5, 2.9) 7
[17:05:48.649]: (-1.0, 1.5, 2.9) 7
[17:05:48.665]: (-1.0, 1.5, 2.9) 7
[17:05:48.682]: (-1.0, 1.5, 2.9) 7
[17:05:48.699]: (-1.0, 1.5, 2.9) 7
[17:05:48.716]: (-1.0, 1.5, 2.9) 7
[17:05:48.733]: (-1.0, 1.5, 2.9) 7
[17:05:48.749]: (-1.0, 1.5, 2.9) 7
[17:05:48.764]: (-1.0, 1.5, 2.9) 7
[17:05:48.780]: (-1.2, 1.5, 3.0) 8
[17:05:48.802]: (-1.2, 1.6, 3.0) 8
[17:05:48.823]: (-1.2, 1.6, 3.0) 8
[17:05:56.432]: (-1.1, 1.5, 2.9) 7
[17:05:56.476]: (-1.0, 1.4, 2.4) 1
[17:05:56.521]: (-1.0, 1.5, 2.4) 1
[17:05:56.543]: (-1.0, 1.5, 2.4) 1
[17:05:56.566]: (-0.9, 1.5, 2.4) 1
[17:05:56.587]: (-0.9, 1.4, 2.4) 1
[17:05:56.610]: (-0.9, 1.4, 2.5) 1
[17:05:56.654]: (-0.9, 1.4, 2.6) 0
[17:05:56.765]: (-0.9, 1.4, 2.6) 0
[17:05:56.809]: (-1.1, 1.5, 3.2) 6
[17:05:56.847]: (-1.0, 1.5, 3.1) 6
[17:05:56.863]: (-1.0, 1.4, 3.1) 6
[17:05:56.896]: (-1.0, 1.4, 3.2) 6
[17:05:57.077]: (-1.0, 1.4, 3.2) 6
[17:05:57.093]: (-1.0, 1.4, 3.1) 6
[17:05:57.109]: (-1.0, 1.4, 3.2) 6
[17:05:57.139]: (-1.0, 1.4, 3.2) 6
[17:05:57.169]: (-0.9, 1.5, 2.6) 0
[17:05:57.185]: (-0.9, 1.4, 2.6) 0
[17:05:57.731]: (-1.0, 1.4, 3.1) 6
[17:05:57.752]: (-1.1, 1.4, 3.1) 6
[17:05:57.773]: (-1.1, 1.4, 3.1) 6
[17:05:57.793]: (-1.1, 1.4, 3.1) 6
[17:05:57.813]: (-1.1, 1.4, 3.1) 6
[17:05:57.873]: (-0.9, 1.4, 2.6) 0
[17:05:57.916]: (-1.0, 1.4, 2.5) 0
[17:05:57.939]: (-0.9, 1.4, 2.4) 1
[17:05:57.963]: (-1.0, 1.4, 2.4) 1
[17:05:57.990]: (-1.0, 1.4, 2.4) 1
[17:05:58.015]: (-1.0, 1.4, 2.4) 1
[17:05:58.040]: (-1.0, 1.4, 2.5) 0
[17:05:58.085]: (-1.0, 1.4, 2.5) 0
[17:05:58.110]: (-1.0, 1.3, 2.5) 0
[17:05:58.135]: (-1.0, 1.3, 2.5) 0
[17:05:58.207]: (-1.1, 1.4, 2.8) 7
[17:05:58.230]: (-1.0, 1.3, 2.3) 1
[17:05:58.253]: (-0.9, 1.3, 2.4) 1
[17:05:58.279]: (-0.9, 1.3, 2.4) 1
[17:05:58.305]: (-0.9, 1.3, 2.3) 1
[17:05:58.334]: (-1.0, 1.3, 2.4) 1
[17:05:58.363]: (-1.0, 1.3, 2.4) 0
[17:05:58.388]: (-1.0, 1.3, 2.4) 0
[17:05:58.465]: (-1.1, 1.3, 3.0) 6
[17:05:58.507]: (-1.1, 1.3, 3.0) 6
[17:05:58.566]: (-1.0, 1.3, 2.4) 0
[17:05:58.599]: (-1.0, 1.3, 2.4) 0
[17:05:58.632]: (-1.0, 1.3, 2.3) 1
[17:05:58.665]: (-1.0, 1.3, 2.3) 1
[17:05:58.699]: (-1.0, 1.3, 2.3) 1
[17:05:58.733]: (-1.1, 1.3, 3.0) 6
[17:05:58.767]: (-1.1, 1.4, 2.8) 7
[17:05:58.833]: (-1.1, 1.4, 2.4) 0
[17:05:58.866]: (-1.1, 1.3, 2.3) 1
[17:05:58.901]: (-1.1, 1.3, 2.3) 1
[17:05:58.932]: (-1.1, 1.3, 2.3) 1
[17:05:58.966]: (-1.1, 1.3, 2.3) 1
[17:05:59.003]: (-1.0, 1.3, 2.3) 1
[17:05:59.033]: (-1.0, 1.3, 2.3) 1
[17:05:59.066]: (-1.0, 1.3, 2.4) 0
[17:05:59.099]: (-1.0, 1.3, 2.4) 0
[17:05:59.132]: (-1.0, 1.3, 2.3) 1
[17:05:59.210]: (-1.1, 1.4, 2.7) 7
[17:05:59.256]: (-1.1, 1.4, 2.4) 0
[17:05:59.280]: (-1.1, 1.4, 2.4) 0
[17:05:59.306]: (-1.1, 1.4, 2.4) 0
[17:06:01.319]: (-0.9, 2.3, 2.0) 3
[17:06:01.342]: (-0.9, 2.3, 2.0) 3
[17:06:01.364]: (-0.9, 2.3, 2.0) 3
[17:06:01.409]: (-0.9, 2.3, 2.0) 3
[17:06:01.553]: (-1.0, 2.4, 2.4) 5
[17:06:01.573]: (-1.0, 2.4, 2.4) 5
[17:06:01.595]: (-1.0, 2.4, 2.4) 5
[17:06:01.615]: (-1.0, 2.4, 2.4) 5
[17:06:01.637]: (-1.0, 2.4, 2.4) 5
[17:06:01.679]: (-1.0, 2.4, 2.4) 5
[17:06:01.702]: (-1.0, 2.3, 2.4) 5
[17:06:01.725]: (-1.0, 2.4, 2.4) 5
[17:06:01.745]: (-0.9, 2.2, 1.9) 2
[17:06:01.766]: (-0.9, 2.2, 1.9) 2
[17:06:02.430]: (0.3, 1.9, 2.5) 0
[17:06:02.452]: (0.4, 2.0, 2.9) 7
[17:06:02.946]: (0.2, 1.8, 2.4) 1
[17:06:03.104]: (0.2, 1.9, 2.4) 1
[17:06:03.126]: (0.2, 1.9, 2.4) 1
[17:06:03.145]: (0.2, 1.9, 2.5) 0
[17:06:03.169]: (0.2, 1.9, 2.5) 0
[17:06:03.196]: (0.2, 1.9, 2.5) 0
[17:06:03.230]: (0.2, 1.9, 2.5) 0
[17:06:03.264]: (0.2, 1.9, 2.9) 7
[17:06:03.296]: (0.2, 1.9, 2.9) 7
[17:06:03.330]: (0.1, 1.9, 2.9) 7
[17:06:06.288]: (0.3, 1.4, 2.5) 1
[17:06:06.310]: (0.3, 1.4, 2.6) 0
[17:06:06.331]: (0.3, 1.4, 2.6) 0
[17:06:06.355]: (0.3, 1.4, 2.6) 0
[17:06:06.376]: (0.3, 1.4, 2.6) 0
[17:06:06.393]: (0.3, 1.4, 2.6) 0
[17:06:06.410]: (0.3, 1.4, 2.6) 0
[17:06:06.427]: (0.3, 1.4, 2.6) 0
[17:06:06.442]: (0.3, 1.4, 2.6) 0
[17:06:06.459]: (0.3, 1.4, 2.6) 0
[17:06:06.476]: (0.3, 1.4, 2.6) 0
[17:06:06.794]: (0.3, 1.3, 2.5) 1
[17:06:06.818]: (0.3, 1.3, 2.5) 1
[17:06:06.840]: (0.3, 1.3, 2.5) 1
[17:06:06.862]: (0.3, 1.3, 2.5) 1
[17:06:06.883]: (0.3, 1.3, 2.5) 1
[17:06:06.906]: (0.3, 1.3, 2.4) 1
[17:06:06.928]: (0.3, 1.3, 2.5) 1
[17:06:06.950]: (0.3, 1.3, 2.5) 1
[17:06:06.972]: (0.3, 1.3, 2.5) 1
[17:06:06.995]: (0.3, 1.3, 2.5) 1
[17:06:07.017]: (0.3, 1.3, 2.5) 1
[17:06:07.039]: (0.3, 1.3, 2.5) 1
[17:06:07.061]: (0.3, 1.3, 2.5) 1
[17:06:07.083]: (0.3, 1.3, 2.5) 1
[17:06:07.106]: (0.3, 1.3, 2.5) 1
[17:06:07.123]: (0.3, 1.3, 2.5) 1
[17:06:07.141]: (0.3, 1.3, 2.5) 1
[17:06:07.158]: (0.3, 1.3, 2.5) 1
[17:06:07.174]: (0.3, 1.3, 2.5) 1
[17:06:14.793]: (-0.5, 1.5, 1.4) 2
[17:06:15.045]: (-0.5, 1.4, 1.4) 2
[17:06:17.168]: (-0.5, 1.3, 1.2) 2
[17:06:17.268]: (-0.5, 1.3, 1.2) 2
[17:06:17.502]: (0.2, 1.3, 1.6) 1
[17:06:18.960]: (-0.5, 1.2, 1.1) 2
[17:06:18.984]: (-0.5, 1.2, 1.1) 2
[17:06:19.006]: (-0.5, 1.2, 1.1) 2
[17:06:19.029]: (-0.5, 1.2, 1.1) 2
[17:06:19.109]: (-0.5, 1.2, 1.1) 2
[17:06:19.130]: (-0.5, 1.2, 1.1) 2
[17:06:19.779]: (-0.4, 1.1, 1.1) 2
[17:06:19.979]: (-0.4, 1.1, 1.1) 2
[17:06:19.999]: (-0.4, 1.1, 1.1) 2
[17:06:20.923]: (-0.4, 1.1, 1.0) 2
[17:06:20.946]: (-0.4, 1.1, 1.0) 2
[17:06:21.235]: (-0.3, 1.1, 1.0) 2
[17:06:21.252]: (-0.3, 1.1, 1.0) 2
[17:06:21.268]: (-0.3, 1.2, 1.0) 2
[17:06:21.286]: (-0.3, 1.2, 1.0) 2
[17:06:21.302]: (-0.3, 1.2, 1.0) 2
[17:06:21.319]: (-0.4, 1.2, 1.0) 2
[17:06:21.334]: (-0.4, 1.2, 1.0) 2
[17:06:21.351]: (-0.4, 1.2, 1.0) 2
[17:06:21.368]: (-0.4, 1.2, 1.0) 2
[17:06:21.384]: (-0.4, 1.2, 1.0) 2
[17:06:21.401]: (-0.4, 1.2, 1.0) 2
[17:06:21.418]: (-0.4, 1.2, 1.0) 2
[17:06:21.465]: (-0.4, 1.2, 1.0) 2
[17:06:21.489]: (-0.4, 1.1, 1.0) 2
[17:06:21.511]: (-0.4, 1.1, 1.0) 2
[17:06:21.556]: (-0.4, 1.2, 1.0) 2
[17:06:21.577]: (-0.4, 1.2, 1.0) 2
[17:06:21.600]: (-0.4, 1.2, 1.0) 2
[17:06:21.621]: (-0.4, 1.2, 1.0) 2
[17:06:21.644]: (-0.4, 1.2, 1.0) 2
[17:06:21.666]: (-0.4, 1.2, 1.0) 2
[17:06:21.688]: (-0.4, 1.2, 1.0) 2
[17:06:21.712]: (-0.4, 1.2, 1.0) 2
[17:06:21.732]: (-0.4, 1.2, 1.0) 2
[17:06:21.756]: (-0.4, 1.1, 1.0) 2
[17:06:21.777]: (-0.4, 1.1, 1.0) 2
[17:06:21.799]: (-0.4, 1.1, 1.0) 2
[17:06:21.821]: (-0.4, 1.1, 1.0) 2
[17:06:21.866]: (-0.4, 1.1, 1.0) 2
[17:06:21.903]: (-0.4, 1.1, 1.0) 2
[17:06:21.934]: (-0.4, 1.1, 1.0) 2
[17:06:21.950]: (-0.4, 1.1, 1.0) 2
[17:06:21.966]: (-0.4, 1.1, 1.0) 2
[17:06:21.983]: (-0.4, 1.1, 1.0) 2
[17:06:22.000]: (-0.4, 1.1, 1.0) 2
[17:06:22.017]: (-0.4, 1.1, 1.0) 2
[17:06:22.033]: (-0.4, 1.1, 1.0) 2
[17:06:22.049]: (-0.4, 1.1, 1.0) 2
[17:06:22.066]: (-0.4, 1.1, 1.0) 2
[17:06:22.083]: (-0.4, 1.1, 1.0) 2
[17:06:22.101]: (-0.4, 1.1, 1.0) 2
[17:06:22.119]: (-0.4, 1.1, 1.0) 2
[17:06:22.136]: (-0.4, 1.1, 1.0) 2
[17:06:22.152]: (-0.4, 1.1, 1.0) 2
[17:06:22.170]: (-0.4, 1.1, 1.0) 2
[17:06:22.187]: (-0.4, 1.1, 1.0) 2
[17:06:22.202]: (-0.4, 1.1, 1.0) 2
[17:06:22.233]: (-0.4, 1.1, 1.0) 2
[17:06:22.250]: (-0.4, 1.1, 1.0) 2
[17:06:22.267]: (-0.4, 1.1, 1.0) 2
[17:06:22.283]: (-0.4, 1.1, 1.0) 2
[17:06:22.300]: (-0.4, 1.1, 1.0) 2
[17:06:22.318]: (-0.4, 1.1, 1.0) 2
[17:06:22.333]: (-0.4, 1.1, 1.0) 2
[17:06:22.349]: (-0.3, 1.1, 1.0) 2
[17:06:22.365]: (-0.3, 1.1, 1.0) 2
[17:06:22.387]: (-0.4, 1.1, 1.0) 2
[17:06:22.410]: (-0.4, 1.1, 1.0) 2
[17:06:22.432]: (-0.4, 1.1, 1.0) 2
[17:06:22.454]: (-0.4, 1.1, 1.0) 2
[17:06:22.478]: (-0.4, 1.1, 1.0) 2
[17:06:22.501]: (-0.4, 1.1, 1.0) 2
[17:06:22.520]: (-0.4, 1.1, 1.0) 2
[17:06:22.544]: (-0.4, 1.1, 1.0) 2
[17:06:22.565]: (-0.4, 1.1, 1.0) 2
[17:06:22.588]: (-0.3, 1.1, 1.0) 2
[17:06:23.798]: (-0.3, 1.1, 1.0) 2
[17:06:23.815]: (-0.3, 1.1, 1.0) 2
[17:06:23.846]: (-0.3, 1.1, 1.0) 2
[17:06:23.878]: (-0.3, 1.1, 1.0) 2
[17:06:23.909]: (-0.3, 1.1, 1.0) 2
[17:06:23.926]: (-0.3, 1.1, 1.0) 2
[17:06:23.943]: (-0.4, 1.1, 1.0) 2
[17:06:23.988]: (-0.5, 1.2, 1.0) 3
[17:06:24.006]: (-0.5, 1.2, 1.0) 3
[17:06:24.021]: (-0.5, 1.2, 1.0) 3
[17:06:24.042]: (-0.5, 1.2, 1.0) 3
[17:06:24.065]: (-0.5, 1.2, 1.0) 3
[17:06:27.200]: (-0.4, 1.2, 0.9) 2
[17:06:27.242]: (-0.4, 1.2, 0.9) 2
[17:06:27.334]: (-0.4, 1.1, 0.9) 2
[17:06:27.351]: (-0.4, 1.1, 0.9) 2
[17:06:27.685]: (0.2, 1.1, 1.4) 0
[17:06:27.708]: (0.1, 1.1, 1.4) 0
[17:06:27.730]: (0.2, 1.1, 1.4) 0
[17:06:27.752]: (0.2, 1.1, 1.4) 0
[17:06:27.775]: (0.2, 1.1, 1.4) 0
[17:06:27.797]: (0.2, 1.1, 1.4) 0
[17:06:27.819]: (0.2, 1.1, 1.4) 0
[17:06:27.841]: (0.2, 1.1, 1.4) 0
[17:06:27.865]: (0.2, 1.1, 1.4) 0
[17:06:27.907]: (0.1, 1.1, 1.4) 0
[17:06:27.997]: (0.2, 1.1, 1.4) 0
[17:06:28.019]: (0.1, 1.1, 1.4) 0
[17:06:28.036]: (0.1, 1.1, 1.4) 0
[17:06:28.051]: (0.1, 1.1, 1.4) 0
[17:06:28.067]: (0.1, 1.1, 1.4) 0
[17:06:28.083]: (0.1, 1.1, 1.4) 0
[17:06:28.099]: (0.1, 1.1, 1.4) 0
[17:06:28.117]: (0.1, 1.1, 1.4) 0
[17:06:28.132]: (0.1, 1.1, 1.4) 0
[17:06:28.149]: (0.1, 1.1, 1.4) 0
[17:06:28.166]: (0.1, 1.1, 1.4) 0
[17:06:28.183]: (0.1, 1.1, 1.4) 0
[17:06:28.199]: (0.1, 1.0, 1.4) 0
[17:06:28.217]: (0.1, 1.0, 1.4) 0
[17:06:28.289]: (0.1, 1.0, 1.4) 0
[17:06:28.393]: (0.2, 1.0, 1.4) 0
[17:06:28.409]: (0.2, 0.9, 1.3) 1
[17:06:28.427]: (0.2, 0.9, 1.3) 1
[17:06:28.442]: (0.2, 0.9, 1.3) 1
[17:06:29.232]: (0.1, 1.1, 1.8) 8
[17:06:29.250]: (0.1, 1.2, 1.8) 8
[17:06:29.265]: (0.1, 1.2, 1.8) 8
[17:06:29.282]: (0.1, 1.1, 1.8) 8
[17:06:29.298]: (0.1, 1.2, 1.8) 8
[17:06:29.318]: (0.1, 1.2, 1.8) 8
[17:06:29.341]: (0.1, 1.1, 1.8) 8
[17:06:29.364]: (0.1, 1.1, 1.8) 8
[17:06:29.386]: (0.1, 1.2, 1.8) 8
[17:06:29.407]: (0.1, 1.1, 1.8) 8
[17:06:29.430]: (0.1, 1.2, 1.8) 8
[17:06:29.452]: (0.1, 1.2, 1.8) 8
[17:06:29.474]: (0.1, 1.1, 1.8) 8
[17:06:29.496]: (0.1, 1.2, 1.8) 8
[17:06:29.518]: (0.1, 1.1, 1.8) 8
[17:06:29.541]: (0.1, 1.1, 1.8) 8
[17:06:29.563]: (0.1, 1.1, 1.8) 8
[17:06:29.586]: (0.1, 1.1, 1.8) 8
[17:06:30.231]: (-0.6, 1.2, 0.8) 3
[17:06:30.253]: (-0.6, 1.2, 0.8) 3
[17:06:30.691]: (-0.5, 1.1, 0.9) 2
[17:06:30.709]: (-0.5, 1.1, 0.9) 2
[17:06:30.727]: (-0.5, 1.1, 0.9) 2
[17:06:30.744]: (-0.5, 1.1, 0.9) 2
[17:06:30.761]: (-0.5, 1.1, 0.9) 2
[17:06:30.778]: (-0.5, 1.1, 0.9) 2
[17:06:30.794]: (-0.5, 1.1, 0.9) 2
[17:06:30.810]: (-0.5, 1.1, 0.9) 2
[17:06:30.827]: (-0.5, 1.1, 0.9) 2
[17:06:30.845]: (-0.5, 1.1, 0.9) 2
[17:06:30.862]: (-0.5, 1.1, 0.9) 2
[17:06:30.879]: (-0.5, 1.1, 0.9) 2
[17:06:30.895]: (-0.5, 1.1, 0.9) 2
[17:06:30.911]: (-0.5, 1.1, 0.9) 2
[17:06:30.928]: (-0.5, 1.1, 0.9) 2
[17:06:30.944]: (-0.5, 1.1, 0.9) 2
[17:06:31.763]: (-0.4, 1.1, 0.9) 2
[17:06:32.577]: (-0.6, 1.2, 0.9) 3
[17:06:32.632]: (-0.6, 1.2, 0.8) 3
[17:06:32.648]: (-0.6, 1.2, 0.8) 3
[17:06:32.665]: (-0.6, 1.2, 0.8) 3
[17:06:32.682]: (-0.6, 1.2, 0.8) 3
[17:06:33.482]: (-0.4, 1.1, 0.9) 2
[17:06:34.278]: (0.1, 1.1, 1.8) 8
[17:06:35.717]: (0.3, 1.0, 1.3) 1
[17:06:35.734]: (0.3, 1.0, 1.3) 1
[17:06:35.750]: (0.3, 1.0, 1.3) 1
[17:06:35.767]: (0.3, 1.0, 1.3) 1
[17:06:35.783]: (0.3, 1.0, 1.3) 1
[17:06:35.799]: (0.3, 1.0, 1.3) 1
[17:06:35.829]: (0.2, 1.0, 1.3) 1
[17:06:36.547]: (0.1, 1.0, 1.4) 0
[17:06:36.579]: (0.1, 1.1, 1.4) 0
[17:06:36.595]: (0.1, 1.1, 1.4) 0
[17:06:36.625]: (0.1, 1.1, 1.4) 0
[17:06:36.640]: (0.2, 1.1, 1.4) 0
[17:06:36.656]: (0.1, 1.1, 1.4) 0
[17:06:36.671]: (0.1, 1.1, 1.4) 0
[17:06:36.687]: (0.1, 1.1, 1.4) 0
[17:06:36.732]: (0.1, 1.1, 1.4) 0
[17:06:36.749]: (0.1, 1.1, 1.4) 0
[17:06:36.764]: (0.1, 1.1, 1.4) 0
[17:06:36.780]: (0.1, 1.1, 1.4) 0
[17:06:36.795]: (0.1, 1.1, 1.4) 0
[17:06:36.810]: (0.1, 1.1, 1.4) 0
[17:06:36.826]: (0.1, 1.1, 1.4) 0
[17:06:36.843]: (0.1, 1.1, 1.4) 0
[17:06:36.860]: (0.1, 1.1, 1.4) 0
[17:06:36.876]: (0.2, 1.1, 1.4) 0
[17:06:36.893]: (0.2, 1.1, 1.4) 0
[17:06:36.909]: (0.1, 1.1, 1.4) 0
[17:06:36.927]: (0.2, 1.1, 1.4) 0
[17:06:36.943]: (0.2, 1.1, 1.4) 0
[17:06:36.960]: (0.2, 1.1, 1.4) 0
[17:06:36.982]: (0.2, 1.1, 1.4) 0
[17:06:37.004]: (0.2, 1.1, 1.4) 0
[17:06:37.027]: (0.2, 1.2, 1.4) 0
[17:06:37.071]: (0.1, 1.1, 1.8) 8
[17:06:37.094]: (0.2, 1.1, 1.8) 8
[17:06:37.115]: (0.2, 1.1, 1.9) 8
[17:06:37.160]: (0.2, 1.1, 1.8) 8
[17:06:37.182]: (0.2, 1.2, 1.9) 8
[17:06:37.227]: (0.2, 1.2, 1.8) 8
[17:06:37.405]: (0.1, 1.2, 1.8) 8
[17:06:37.421]: (0.1, 1.2, 1.8) 8
[17:06:37.437]: (0.1, 1.2, 1.8) 8
[17:06:37.452]: (0.1, 1.2, 1.6) 7
[17:06:37.469]: (0.1, 1.1, 1.8) 8
[17:06:37.484]: (0.1, 1.2, 1.8) 8
[17:06:37.501]: (0.1, 1.2, 1.8) 8
[17:06:37.518]: (0.1, 1.2, 1.8) 8
[17:06:37.534]: (0.1, 1.2, 1.8) 8
[17:06:37.551]: (0.1, 1.2, 1.8) 8
[17:06:37.566]: (0.1, 1.2, 1.8) 8
[17:06:37.581]: (0.1, 1.2, 1.8) 8
[17:06:37.597]: (0.1, 1.2, 1.8) 8
[17:06:37.614]: (0.1, 1.2, 1.8) 8
[17:06:37.629]: (0.1, 1.2, 1.8) 8
[17:06:37.646]: (0.1, 1.2, 1.8) 8
[17:06:37.662]: (0.1, 1.2, 1.8) 8
[17:06:37.679]: (0.1, 1.2, 1.8) 8
[17:06:37.695]: (0.1, 1.2, 1.7) 7
[17:06:37.710]: (0.1, 1.2, 1.8) 8
[17:06:37.728]: (0.1, 1.2, 1.8) 8
[17:06:37.745]: (0.1, 1.2, 1.7) 7
[17:06:37.760]: (0.1, 1.2, 1.8) 8
[17:06:37.775]: (0.1, 1.2, 1.8) 8
[17:06:37.790]: (0.1, 1.2, 1.6) 7
[17:06:37.805]: (0.1, 1.2, 1.6) 7
[17:06:37.826]: (0.1, 1.2, 1.8) 8
[17:06:37.870]: (0.2, 1.2, 1.4) 0
[17:06:37.893]: (0.2, 1.1, 1.4) 0
[17:06:37.959]: (0.2, 1.2, 1.4) 0
[17:06:38.003]: (0.1, 1.2, 1.4) 0
[17:06:38.026]: (0.1, 1.2, 1.4) 0
[17:06:38.048]: (0.1, 1.2, 1.4) 0
[17:06:38.070]: (0.1, 1.2, 1.4) 0
[17:06:38.093]: (0.1, 1.2, 1.4) 0
[17:06:38.115]: (0.2, 1.2, 1.4) 0
[17:06:38.138]: (0.1, 1.2, 1.4) 0
[17:06:38.161]: (0.1, 1.2, 1.4) 0
[17:06:38.182]: (0.1, 1.1, 1.4) 0
[17:06:38.204]: (0.2, 1.1, 1.4) 0
[17:06:38.248]: (0.2, 1.1, 1.4) 0
[17:06:38.264]: (0.2, 1.1, 1.4) 0
[17:06:38.296]: (0.2, 1.1, 1.4) 0
[17:06:38.312]: (0.2, 1.1, 1.4) 0
[17:06:38.328]: (0.2, 1.1, 1.4) 0
[17:06:38.344]: (0.2, 1.1, 1.4) 0
[17:06:38.360]: (0.2, 1.1, 1.4) 0
[17:06:38.771]: (-0.5, 1.2, 0.9) 2
[17:06:38.793]: (-0.5, 1.2, 0.9) 2
[17:06:38.815]: (-0.5, 1.2, 0.9) 2
[17:06:38.837]: (-0.5, 1.1, 0.9) 2
[17:06:38.859]: (-0.5, 1.2, 0.9) 2
[17:06:38.881]: (-0.5, 1.2, 0.9) 2
[17:06:38.904]: (-0.5, 1.2, 0.9) 2
[17:06:38.926]: (-0.5, 1.2, 0.9) 2
[17:06:38.947]: (-0.5, 1.2, 0.9) 2
[17:06:38.970]: (-0.5, 1.2, 0.9) 2
[17:06:38.992]: (-0.5, 1.2, 0.9) 2
[17:06:39.015]: (-0.5, 1.2, 0.9) 2
[17:06:39.038]: (-0.5, 1.2, 0.9) 2
[17:06:39.059]: (-0.5, 1.1, 0.9) 2
[17:06:39.082]: (-0.5, 1.2, 0.9) 2
[17:06:40.204]: (-0.6, 1.2, 0.8) 3
[17:06:40.221]: (-0.6, 1.2, 0.8) 3
[17:06:40.804]: (-0.4, 1.2, 0.9) 2
[17:06:40.820]: (-0.4, 1.2, 0.9) 2
[17:06:41.514]: (-0.6, 1.2, 0.8) 3
[17:06:41.536]: (-0.6, 1.2, 0.8) 3
[17:06:41.559]: (-0.6, 1.3, 0.8) 3
[17:06:41.581]: (-0.6, 1.3, 0.8) 3
[17:06:41.603]: (-0.6, 1.3, 0.8) 3
[17:06:41.626]: (-0.6, 1.3, 0.8) 3
[17:06:41.648]: (-0.6, 1.3, 0.8) 3
[17:06:41.669]: (-0.6, 1.3, 0.8) 3
[17:06:41.684]: (-0.6, 1.3, 0.8) 3
[17:06:41.700]: (-0.6, 1.3, 0.8) 3
[17:06:41.716]: (-0.6, 1.3, 0.8) 3
[17:06:41.732]: (-0.6, 1.3, 0.8) 3
[17:06:41.748]: (-0.6, 1.3, 0.8) 3
[17:06:41.765]: (-0.6, 1.3, 0.8) 3
[17:06:41.782]: (-0.6, 1.3, 0.8) 3
[17:06:41.798]: (-0.6, 1.3, 0.8) 3
[17:06:41.814]: (-0.6, 1.3, 0.8) 3
[17:06:41.830]: (-0.6, 1.3, 0.8) 3
[17:06:41.846]: (-0.6, 1.3, 0.8) 3
[17:06:41.862]: (-0.6, 1.3, 0.8) 3
[17:06:41.878]: (-0.6, 1.3, 0.8) 3
[17:06:41.893]: (-0.6, 1.3, 0.8) 3
[17:06:41.908]: (-0.6, 1.3, 0.8) 3
[17:06:41.925]: (-0.6, 1.3, 0.8) 3
[17:06:41.941]: (-0.6, 1.3, 0.8) 3
[17:06:41.957]: (-0.6, 1.3, 0.8) 3
[17:06:41.973]: (-0.6, 1.3, 0.8) 3
[17:06:41.988]: (-0.6, 1.3, 0.8) 3
[17:06:42.005]: (-0.6, 1.3, 0.8) 3
[17:06:42.021]: (-0.6, 1.3, 0.8) 3
[17:06:42.037]: (-0.6, 1.3, 0.8) 3
[17:06:42.052]: (-0.6, 1.3, 0.8) 3
[17:06:42.070]: (-0.6, 1.3, 0.8) 3
[17:06:42.092]: (-0.6, 1.3, 0.8) 3
[17:06:42.115]: (-0.6, 1.3, 0.8) 3
[17:06:42.136]: (-0.6, 1.3, 0.8) 3
[17:06:42.158]: (-0.6, 1.3, 0.8) 3
[17:06:42.181]: (-0.6, 1.3, 0.8) 3
[17:06:42.204]: (-0.6, 1.3, 0.8) 3
[17:06:43.258]: (-0.6, 1.3, 0.8) 3
[17:06:43.280]: (-0.6, 1.3, 0.8) 3
[17:06:43.302]: (-0.6, 1.3, 0.8) 3
[17:06:43.324]: (-0.6, 1.3, 0.8) 3
[17:06:43.489]: (-0.7, 1.3, 1.2) 5
[17:06:43.575]: (-0.6, 1.3, 0.8) 3
[17:06:43.591]: (-0.6, 1.3, 0.8) 3
[17:06:43.607]: (-0.6, 1.3, 0.8) 3
[17:06:43.624]: (-0.6, 1.3, 0.8) 3
[17:06:43.639]: (-0.6, 1.3, 0.8) 3
[17:06:43.655]: (-0.6, 1.3, 0.8) 3
[17:06:43.671]: (-0.6, 1.3, 0.8) 3
[17:06:43.688]: (-0.6, 1.3, 0.8) 3
[17:06:43.704]: (-0.6, 1.3, 0.8) 3
[17:06:43.720]: (-0.6, 1.3, 0.8) 3
[17:06:43.735]: (-0.6, 1.3, 0.8) 3
[17:06:43.752]: (-0.6, 1.3, 0.8) 3
[17:06:43.768]: (-0.6, 1.3, 0.8) 3
[17:06:43.783]: (-0.6, 1.3, 0.8) 3
[17:06:43.798]: (-0.6, 1.3, 0.8) 3
[17:06:43.902]: (0.1, 1.1, 1.4) 0
[17:06:44.190]: (0.1, 1.1, 1.8) 8
[17:06:44.213]: (0.1, 1.1, 1.8) 8
[17:06:44.235]: (0.1, 1.1, 1.8) 8
[17:06:44.257]: (0.1, 1.2, 1.8) 8
[17:06:44.274]: (0.1, 1.2, 1.8) 8
[17:06:44.290]: (0.1, 1.2, 1.6) 7
[17:06:44.306]: (0.1, 1.2, 1.6) 7
[17:06:44.323]: (0.1, 1.2, 1.8) 8
[17:06:44.338]: (0.1, 1.2, 1.7) 7
[17:06:44.354]: (0.1, 1.2, 1.7) 7
[17:06:44.657]: (0.1, 1.2, 1.8) 8
[17:06:44.679]: (0.1, 1.1, 1.8) 8
[17:06:44.702]: (0.1, 1.2, 1.7) 7
[17:06:44.726]: (0.1, 1.2, 1.8) 8
[17:06:44.836]: (0.0, 1.2, 1.6) 7
[17:06:44.857]: (0.0, 1.2, 1.6) 7
[17:06:44.879]: (0.1, 1.2, 1.6) 7
[17:06:44.902]: (0.1, 1.2, 1.6) 7
[17:06:44.924]: (0.1, 1.2, 1.6) 7
[17:06:44.947]: (0.0, 1.2, 1.6) 7
[17:06:44.969]: (0.0, 1.2, 1.6) 7
[17:06:44.990]: (0.1, 1.2, 1.6) 7
[17:06:45.013]: (0.0, 1.2, 1.6) 7
[17:06:45.058]: (0.0, 1.2, 1.7) 7
[17:06:45.111]: (0.0, 1.2, 1.7) 7
[17:06:45.141]: (0.0, 1.2, 1.7) 7
[17:06:45.159]: (0.0, 1.2, 1.7) 7
[17:06:45.317]: (0.0, 1.2, 1.7) 7
[17:06:45.348]: (0.0, 1.2, 1.7) 7
[17:06:45.364]: (0.0, 1.2, 1.6) 7
[17:06:45.467]: (0.0, 1.2, 1.7) 7
[17:06:45.535]: (0.0, 1.2, 1.6) 7
[17:06:46.027]: (0.1, 1.2, 1.8) 8
[17:06:46.057]: (0.1, 1.2, 1.8) 8
[17:06:46.073]: (0.1, 1.2, 1.6) 7
[17:06:46.092]: (0.1, 1.2, 1.6) 7
[17:06:46.110]: (0.1, 1.2, 1.6) 7
[17:06:46.128]: (0.1, 1.2, 1.6) 7
[17:06:46.147]: (0.1, 1.2, 1.6) 7
[17:06:46.165]: (0.0, 1.2, 1.6) 7
[17:06:46.182]: (0.0, 1.2, 1.6) 7
[17:06:46.198]: (0.0, 1.2, 1.6) 7
[17:06:46.214]: (0.0, 1.2, 1.7) 7
[17:06:46.232]: (0.0, 1.2, 1.6) 7
[17:06:46.250]: (0.1, 1.2, 1.6) 7
[17:06:46.268]: (0.1, 1.2, 1.6) 7
[17:06:46.285]: (0.1, 1.2, 1.6) 7
[17:06:46.303]: (0.0, 1.2, 1.6) 7
[17:06:46.335]: (0.1, 1.1, 1.4) 0
[17:06:46.353]: (0.1, 1.1, 1.4) 0
[17:06:46.372]: (0.2, 1.1, 1.4) 0
[17:06:46.425]: (0.2, 1.1, 1.4) 0
[17:06:46.468]: (0.2, 1.1, 1.4) 0
[17:06:46.491]: (0.2, 1.1, 1.4) 0
[17:06:46.514]: (0.2, 1.1, 1.4) 0
[17:06:46.535]: (0.2, 1.1, 1.4) 0
[17:06:46.559]: (0.2, 1.1, 1.4) 0
[17:06:46.579]: (0.2, 1.1, 1.4) 0
[17:06:46.601]: (0.2, 1.1, 1.4) 0
[17:06:46.624]: (0.2, 1.1, 1.4) 0
[17:06:47.066]: (0.2, 1.1, 1.4) 0
[17:06:47.083]: (0.1, 1.1, 1.4) 0
[17:06:47.100]: (0.1, 1.1, 1.4) 0
[17:06:47.134]: (0.1, 1.1, 1.4) 0
[17:06:47.151]: (0.1, 1.1, 1.4) 0
[17:06:47.169]: (0.1, 1.1, 1.4) 0
[17:06:47.188]: (0.1, 1.1, 1.4) 0
[17:06:47.206]: (0.1, 1.1, 1.4) 0
[17:06:47.334]: (0.1, 1.1, 1.4) 0
[17:06:47.358]: (0.2, 1.1, 1.4) 0
[17:06:47.379]: (0.2, 1.1, 1.4) 0
[17:06:47.401]: (0.2, 1.1, 1.4) 0
[17:06:47.425]: (0.2, 1.1, 1.4) 0
[17:06:47.444]: (0.2, 1.1, 1.4) 0
[17:06:47.467]: (0.2, 1.1, 1.4) 0
[17:06:47.489]: (0.2, 1.1, 1.4) 0
[17:06:47.512]: (0.1, 1.1, 1.4) 0
[17:06:47.535]: (0.1, 1.1, 1.4) 0
[17:06:47.555]: (0.2, 1.1, 1.4) 0
[17:06:47.578]: (0.2, 1.1, 1.4) 0
[17:06:47.600]: (0.2, 1.1, 1.4) 0
[17:06:47.623]: (0.2, 1.1, 1.4) 0
[17:06:47.644]: (0.2, 1.1, 1.4) 0
[17:06:47.667]: (0.1, 1.1, 1.4) 0
[17:06:48.145]: (-0.6, 1.3, 0.8) 3
[17:06:48.167]: (-0.6, 1.3, 0.8) 3
[17:06:48.325]: (-0.6, 1.3, 0.8) 3
[17:06:48.344]: (-0.6, 1.3, 0.8) 3
[17:06:48.598]: (0.1, 1.2, 1.8) 8
[17:06:48.613]: (0.1, 1.2, 1.8) 8
[17:06:48.733]: (0.2, 1.1, 1.8) 8
[17:06:49.155]: (0.1, 1.2, 1.8) 8
[17:06:49.177]: (0.1, 1.2, 1.8) 8
[17:06:49.200]: (0.1, 1.2, 1.8) 8
[17:06:49.222]: (0.1, 1.2, 1.8) 8
[17:06:49.245]: (0.1, 1.2, 1.8) 8
[17:06:49.266]: (0.1, 1.2, 1.8) 8
[17:06:49.290]: (0.1, 1.2, 1.8) 8
[17:06:49.311]: (0.1, 1.2, 1.8) 8
[17:06:49.333]: (0.1, 1.2, 1.8) 8
[17:06:49.355]: (0.1, 1.2, 1.8) 8
[17:06:49.378]: (0.1, 1.2, 1.8) 8
[17:06:49.399]: (0.1, 1.2, 1.8) 8
[17:06:49.422]: (0.1, 1.2, 1.8) 8
[17:06:49.439]: (0.1, 1.2, 1.8) 8
[17:06:49.455]: (0.1, 1.2, 1.8) 8
[17:06:49.471]: (0.1, 1.2, 1.8) 8
[17:06:49.487]: (0.1, 1.2, 1.8) 8
[17:06:49.503]: (0.1, 1.2, 1.8) 8
[17:06:49.519]: (0.1, 1.1, 1.8) 8
[17:06:49.535]: (0.1, 1.2, 1.6) 7
[17:06:49.551]: (0.1, 1.2, 1.6) 7
[17:06:49.569]: (0.1, 1.2, 1.6) 7
[17:06:49.585]: (0.1, 1.3, 1.6) 7
[17:06:49.601]: (0.1, 1.2, 1.6) 7
[17:06:49.616]: (0.1, 1.2, 1.6) 7
[17:06:49.631]: (0.1, 1.2, 1.6) 7
[17:06:49.647]: (0.1, 1.2, 1.6) 7
[17:06:49.662]: (0.1, 1.2, 1.6) 7
[17:06:49.678]: (0.1, 1.2, 1.6) 7
[17:06:49.694]: (0.1, 1.2, 1.6) 7
[17:06:49.711]: (0.1, 1.2, 1.6) 7
[17:06:49.728]: (0.1, 1.2, 1.6) 7
[17:06:49.746]: (0.1, 1.2, 1.6) 7
[17:06:49.763]: (0.1, 1.2, 1.6) 7
[17:06:49.778]: (0.1, 1.2, 1.6) 7
[17:06:49.794]: (0.1, 1.2, 1.6) 7
[17:06:49.812]: (0.1, 1.2, 1.6) 7
[17:06:49.828]: (0.1, 1.2, 1.6) 7
[17:06:49.844]: (0.1, 1.2, 1.7) 7
[17:06:49.866]: (0.1, 1.2, 1.7) 7
[17:06:49.888]: (0.1, 1.2, 1.7) 7
[17:06:49.911]: (0.1, 1.2, 1.7) 7
[17:06:49.934]: (0.2, 1.1, 1.4) 0
[17:06:50.604]: (-0.4, 1.1, 0.9) 2
[17:06:50.649]: (0.1, 1.1, 1.4) 0
[17:06:50.665]: (0.2, 1.1, 1.4) 0
[17:06:50.681]: (0.1, 1.1, 1.4) 0
[17:06:51.032]: (0.1, 1.1, 1.8) 8
[17:06:51.055]: (0.1, 1.2, 1.7) 7
[17:06:51.543]: (0.0, 1.2, 1.7) 7
[17:06:51.565]: (0.1, 1.2, 1.6) 7
[17:06:51.588]: (0.1, 1.2, 1.6) 7
[17:06:51.610]: (0.1, 1.2, 1.6) 7
[17:06:51.632]: (0.1, 1.2, 1.6) 7
[17:06:51.655]: (0.1, 1.2, 1.6) 7
[17:06:51.676]: (0.1, 1.2, 1.6) 7
[17:06:51.698]: (0.1, 1.3, 1.6) 7
[17:06:51.722]: (0.1, 1.3, 1.6) 7
[17:06:51.743]: (0.1, 1.2, 1.6) 7
[17:06:51.766]: (0.1, 1.2, 1.6) 7
[17:06:51.787]: (0.1, 1.3, 1.6) 7
[17:06:51.877]: (-0.6, 1.3, 0.7) 3
[17:06:51.899]: (-0.6, 1.3, 0.8) 3
[17:06:51.921]: (-0.6, 1.3, 0.8) 3
[17:06:51.943]: (-0.6, 1.3, 0.8) 3
[17:06:51.966]: (-0.6, 1.3, 0.8) 3
[17:06:51.982]: (-0.6, 1.3, 0.8) 3
[17:06:51.998]: (-0.6, 1.3, 0.8) 3
[17:06:52.015]: (-0.6, 1.3, 0.8) 3
[17:06:52.029]: (-0.6, 1.3, 0.8) 3
[17:06:52.045]: (-0.6, 1.3, 0.8) 3
[17:06:52.060]: (-0.6, 1.3, 0.8) 3
[17:06:52.076]: (-0.6, 1.3, 0.8) 3
[17:06:52.092]: (-0.6, 1.3, 0.8) 3
[17:06:52.109]: (-0.6, 1.3, 0.8) 3
[17:06:53.994]: (0.2, 1.2, 1.5) 0
[17:06:54.010]: (0.2, 1.1, 1.8) 8
[17:06:54.026]: (0.2, 1.1, 1.8) 8
[17:06:54.330]: (0.1, 1.1, 1.9) 8
[17:06:54.353]: (0.1, 1.1, 1.8) 8
[17:06:54.375]: (0.2, 1.1, 1.8) 8
[17:06:54.397]: (0.1, 1.1, 1.8) 8
[17:06:54.419]: (0.1, 1.1, 1.8) 8
[17:06:54.442]: (0.1, 1.1, 1.8) 8
[17:06:54.463]: (0.1, 1.1, 1.8) 8
[17:06:54.480]: (0.1, 1.1, 1.9) 8
[17:06:55.241]: (0.1, 1.2, 1.6) 7
[17:06:55.263]: (0.1, 1.2, 1.9) 8
[17:06:55.285]: (0.2, 1.2, 1.8) 8
[17:06:55.307]: (0.2, 1.2, 1.8) 8
[17:06:55.323]: (0.1, 1.2, 1.8) 8
[17:06:55.339]: (0.2, 1.2, 1.8) 8
[17:06:55.354]: (0.2, 1.2, 1.8) 8
[17:06:55.384]: (0.2, 1.2, 1.8) 8
[17:06:55.400]: (0.2, 1.2, 1.8) 8
[17:06:55.415]: (0.1, 1.2, 1.9) 8
[17:06:55.431]: (0.1, 1.2, 1.8) 8
[17:06:55.446]: (0.1, 1.2, 1.8) 8
[17:06:55.461]: (0.1, 1.2, 1.8) 8
[17:06:55.477]: (0.1, 1.2, 1.8) 8
[17:06:55.494]: (0.1, 1.2, 1.8) 8
[17:06:55.510]: (0.1, 1.2, 1.8) 8
[17:06:55.527]: (0.2, 1.2, 1.8) 8
[17:06:55.541]: (0.2, 1.2, 1.8) 8
[17:06:55.558]: (0.2, 1.2, 1.8) 8
[17:06:55.573]: (0.2, 1.2, 1.8) 8
[17:06:55.646]: (0.1, 1.2, 1.8) 8
[17:06:55.741]: (0.1, 1.2, 1.8) 8
[17:06:55.763]: (0.1, 1.2, 1.8) 8
[17:06:55.785]: (0.1, 1.2, 1.8) 8
[17:06:55.807]: (0.1, 1.2, 1.8) 8
[17:06:55.830]: (0.1, 1.2, 1.8) 8
[17:06:55.852]: (0.1, 1.2, 1.8) 8
[17:06:55.874]: (0.1, 1.2, 1.8) 8
[17:06:56.687]: (0.3, 1.0, 1.3) 1
[17:06:56.707]: (0.3, 1.0, 1.3) 1
[17:06:56.996]: (0.3, 1.0, 1.3) 1
[17:06:58.091]: (0.1, 1.1, 1.8) 8
[17:06:58.107]: (0.1, 1.1, 1.8) 8
[17:06:58.123]: (0.1, 1.1, 1.8) 8
[17:06:58.140]: (0.1, 1.1, 1.8) 8
[17:06:58.156]: (0.1, 1.1, 1.8) 8
[17:06:58.171]: (0.1, 1.1, 1.8) 8
[17:06:58.186]: (0.1, 1.1, 1.8) 8
[17:06:58.204]: (0.1, 1.1, 1.8) 8
[17:06:58.218]: (0.1, 1.1, 1.8) 8
[17:06:58.234]: (0.1, 1.1, 1.8) 8
[17:06:58.249]: (0.1, 1.1, 1.8) 8
[17:06:58.265]: (0.1, 1.1, 1.8) 8
[17:06:58.282]: (0.1, 1.1, 1.8) 8
[17:06:58.297]: (0.1, 1.1, 1.8) 8
[17:06:58.313]: (0.1, 1.1, 1.8) 8
[17:06:58.330]: (0.1, 1.1, 1.8) 8
[17:06:58.351]: (0.1, 1.1, 1.8) 8
[17:06:58.374]: (0.1, 1.1, 1.8) 8
[17:06:58.395]: (0.1, 1.1, 1.8) 8
[17:06:58.417]: (0.1, 1.2, 1.6) 7
[17:06:58.439]: (0.1, 1.2, 1.6) 7
[17:06:58.462]: (0.1, 1.2, 1.6) 7
[17:06:58.639]: (-0.6, 1.3, 0.8) 3
[17:06:58.661]: (-0.6, 1.3, 0.8) 3
[17:06:58.685]: (-0.6, 1.3, 0.8) 3
[17:06:58.751]: (-0.7, 1.3, 0.8) 3
[17:06:58.767]: (-0.7, 1.3, 0.8) 3
[17:06:58.783]: (-0.7, 1.3, 0.8) 3
[17:06:58.799]: (-0.6, 1.3, 0.8) 3
[17:06:58.816]: (-0.6, 1.3, 0.8) 3
[17:06:58.831]: (-0.7, 1.3, 0.8) 3
[17:06:58.848]: (-0.6, 1.3, 0.8) 3
[17:06:58.864]: (-0.7, 1.3, 0.8) 3
[17:06:58.880]: (-0.6, 1.3, 0.8) 3
[17:06:58.940]: (-0.7, 1.3, 0.8) 3
[17:06:58.956]: (-0.6, 1.3, 0.8) 3
[17:06:58.972]: (-0.6, 1.3, 0.8) 3
[17:06:58.988]: (-0.6, 1.3, 0.8) 3
[17:06:59.006]: (-0.6, 1.3, 0.8) 3
[17:06:59.022]: (-0.6, 1.3, 0.8) 3
[17:06:59.037]: (-0.6, 1.3, 0.8) 3
[17:06:59.053]: (-0.6, 1.3, 0.8) 3
[17:06:59.069]: (-0.6, 1.3, 0.8) 3
[17:06:59.085]: (-0.6, 1.3, 0.8) 3
[17:06:59.101]: (-0.6, 1.3, 0.8) 3
[17:06:59.118]: (-0.6, 1.3, 0.8) 3
[17:06:59.134]: (-0.6, 1.3, 0.8) 3
[17:06:59.150]: (-0.6, 1.3, 0.8) 3
[17:06:59.165]: (-0.6, 1.3, 0.8) 3
[17:06:59.182]: (-0.6, 1.3, 0.8) 3
[17:06:59.197]: (-0.6, 1.3, 0.8) 3
[17:06:59.218]: (-0.6, 1.3, 0.8) 3
[17:06:59.240]: (-0.6, 1.3, 0.8) 3
[17:06:59.262]: (-0.6, 1.3, 0.8) 3
[17:06:59.284]: (-0.6, 1.3, 0.8) 3
[17:06:59.307]: (-0.6, 1.3, 0.8) 3
[17:06:59.328]: (-0.6, 1.3, 0.8) 3
[17:06:59.350]: (-0.6, 1.3, 0.8) 3
[17:06:59.373]: (-0.6, 1.3, 0.8) 3
[17:06:59.395]: (-0.6, 1.3, 0.8) 3
[17:06:59.417]: (-0.6, 1.3, 0.8) 3
[17:06:59.439]: (-0.6, 1.3, 0.8) 3
[17:06:59.462]: (-0.6, 1.3, 0.8) 3
[17:06:59.485]: (-0.6, 1.3, 0.8) 3
[17:06:59.505]: (-0.6, 1.3, 0.8) 3
[17:06:59.529]: (-0.6, 1.3, 0.8) 3
[17:06:59.550]: (-0.6, 1.3, 0.8) 3
[17:06:59.573]: (-0.6, 1.3, 0.8) 3
[17:06:59.595]: (-0.6, 1.3, 0.8) 3
[17:06:59.617]: (-0.6, 1.3, 0.8) 3
[17:06:59.639]: (-0.6, 1.3, 0.8) 3
[17:06:59.656]: (-0.6, 1.3, 0.8) 3
[17:06:59.672]: (-0.6, 1.3, 0.8) 3
[17:06:59.687]: (-0.6, 1.3, 0.8) 3
[17:06:59.703]: (-0.6, 1.3, 0.8) 3
[17:06:59.721]: (-0.6, 1.3, 0.8) 3
[17:06:59.738]: (-0.6, 1.3, 0.8) 3
[17:06:59.754]: (-0.6, 1.3, 0.8) 3
[17:06:59.771]: (-0.6, 1.3, 0.8) 3
[17:07:00.473]: (0.2, 1.1, 1.4) 0
[17:07:00.494]: (0.2, 1.1, 1.4) 0
[17:07:00.509]: (0.2, 1.1, 1.4) 0
[17:07:00.525]: (0.2, 1.1, 1.4) 0
[17:07:00.540]: (0.2, 1.1, 1.4) 0
[17:07:00.556]: (0.2, 1.1, 1.4) 0
[17:07:00.600]: (0.2, 1.2, 1.4) 0
[17:07:00.615]: (0.2, 1.1, 1.8) 8
[17:07:01.884]: (0.2, 1.1, 1.4) 0
[17:07:01.905]: (0.2, 1.1, 1.4) 0
[17:07:01.928]: (0.2, 1.1, 1.4) 0
[17:07:01.950]: (0.2, 1.1, 1.4) 0
[17:07:01.972]: (0.2, 1.1, 1.4) 0
[17:07:02.175]: (0.1, 1.2, 1.8) 8
[17:07:02.195]: (0.1, 1.2, 1.8) 8
[17:07:02.218]: (0.1, 1.2, 1.8) 8
[17:07:02.239]: (0.1, 1.2, 1.8) 8
[17:07:02.255]: (0.1, 1.2, 1.8) 8
[17:07:02.272]: (0.1, 1.2, 1.8) 8
[17:07:02.288]: (0.1, 1.2, 1.8) 8
[17:07:02.305]: (0.1, 1.2, 1.8) 8
[17:07:02.323]: (0.1, 1.2, 1.8) 8
[17:07:02.341]: (0.1, 1.2, 1.8) 8
[17:07:02.358]: (0.1, 1.2, 1.8) 8
[17:07:02.374]: (0.1, 1.2, 1.8) 8
[17:07:02.391]: (0.1, 1.2, 1.8) 8
[17:07:02.407]: (0.1, 1.2, 1.8) 8
[17:07:02.424]: (0.1, 1.2, 1.8) 8
[17:07:02.441]: (0.1, 1.2, 1.8) 8
[17:07:02.457]: (0.1, 1.1, 1.8) 8
[17:07:02.476]: (0.1, 1.1, 1.8) 8
[17:07:02.493]: (0.2, 1.1, 1.4) 0
[17:07:03.351]: (-0.4, 1.2, 0.9) 2
[17:07:03.367]: (-0.4, 1.2, 0.9) 2
[17:07:03.384]: (-0.4, 1.2, 0.9) 2
[17:07:03.401]: (-0.4, 1.2, 0.9) 2
[17:07:03.417]: (-0.4, 1.2, 0.9) 2
[17:07:03.433]: (-0.4, 1.2, 0.9) 2
[17:07:03.449]: (-0.4, 1.2, 0.9) 2
[17:07:03.464]: (-0.4, 1.2, 0.9) 2
[17:07:03.481]: (-0.4, 1.2, 0.9) 2
[17:07:03.497]: (-0.4, 1.2, 0.9) 2
[17:07:03.514]: (-0.4, 1.2, 0.9) 2
[17:07:03.530]: (-0.4, 1.2, 0.9) 2
[17:07:03.547]: (-0.4, 1.2, 0.9) 2
[17:07:03.593]: (0.2, 1.1, 1.8) 8
[17:07:03.616]: (0.1, 1.1, 1.8) 8
[17:07:03.638]: (0.1, 1.1, 1.8) 8
[17:07:03.661]: (0.1, 1.1, 1.8) 8
[17:07:03.929]: (0.1, 1.1, 1.8) 8
[17:07:03.994]: (-0.6, 1.3, 0.8) 3
[17:07:04.604]: (0.1, 1.1, 1.8) 8
[17:07:04.628]: (0.1, 1.1, 1.8) 8
[17:07:04.648]: (0.1, 1.1, 1.8) 8
[17:07:04.671]: (0.1, 1.1, 1.8) 8
[17:07:04.693]: (0.1, 1.1, 1.8) 8
[17:07:04.717]: (0.1, 1.1, 1.8) 8
[17:07:04.740]: (0.1, 1.1, 1.8) 8
[17:07:04.760]: (0.1, 1.1, 1.8) 8
[17:07:04.782]: (0.1, 1.1, 1.8) 8
[17:07:04.805]: (0.1, 1.2, 1.8) 8
[17:07:04.827]: (0.1, 1.2, 1.8) 8
[17:07:04.842]: (0.1, 1.2, 1.8) 8
[17:07:04.902]: (0.2, 1.2, 1.8) 8
[17:07:04.918]: (0.1, 1.2, 1.8) 8
[17:07:04.934]: (0.1, 1.1, 1.8) 8
[17:07:05.743]: (-0.6, 1.3, 0.8) 3
[17:07:05.832]: (-0.8, 1.3, 1.3) 4
[17:07:05.862]: (-0.8, 1.3, 1.3) 4
[17:07:05.922]: (-0.8, 1.3, 1.3) 4
[17:07:05.953]: (-0.8, 1.4, 1.3) 4
[17:07:05.969]: (-0.8, 1.3, 1.3) 4
[17:07:06.042]: (-0.7, 1.3, 1.2) 5
[17:07:06.058]: (-0.7, 1.3, 1.2) 5
[17:07:06.074]: (-0.7, 1.4, 1.1) 5
[17:07:06.735]: (0.1, 1.2, 1.8) 8
[17:07:06.751]: (0.1, 1.1, 1.8) 8
[17:07:06.767]: (0.1, 1.1, 1.8) 8
[17:07:06.783]: (0.1, 1.1, 1.8) 8
[17:07:06.798]: (0.1, 1.1, 1.8) 8
[17:07:06.814]: (0.1, 1.1, 1.8) 8
[17:07:06.832]: (0.1, 1.1, 1.8) 8
[17:07:06.850]: (0.1, 1.1, 1.8) 8
[17:07:06.866]: (0.1, 1.1, 1.8) 8
[17:07:06.882]: (0.1, 1.1, 1.8) 8
[17:07:06.898]: (0.1, 1.1, 1.8) 8
[17:07:06.916]: (0.1, 1.1, 1.8) 8
[17:07:06.932]: (0.1, 1.1, 1.8) 8
[17:07:06.948]: (0.1, 1.1, 1.8) 8
[17:07:06.964]: (0.1, 1.1, 1.8) 8
[17:07:06.982]: (0.1, 1.1, 1.8) 8
[17:07:07.003]: (0.1, 1.1, 1.8) 8
[17:07:07.026]: (0.1, 1.1, 1.8) 8
[17:07:07.048]: (0.1, 1.1, 1.8) 8
[17:07:07.070]: (0.1, 1.1, 1.8) 8
[17:07:07.093]: (0.1, 1.1, 1.8) 8
[17:07:07.115]: (0.1, 1.1, 1.8) 8
[17:07:07.137]: (0.1, 1.1, 1.8) 8
[17:07:07.159]: (0.1, 1.1, 1.8) 8
[17:07:07.181]: (0.1, 1.1, 1.8) 8
[17:07:07.204]: (0.1, 1.1, 1.8) 8
[17:07:07.226]: (0.1, 1.1, 1.8) 8
[17:07:07.248]: (0.1, 1.1, 1.8) 8
[17:07:07.270]: (0.1, 1.1, 1.8) 8
[17:07:07.292]: (0.1, 1.1, 1.8) 8
[17:07:07.315]: (0.1, 1.1, 1.8) 8
[17:07:07.336]: (0.1, 1.1, 1.8) 8
[17:07:07.475]: (0.1, 1.3, 1.6) 7
[17:07:07.491]: (0.1, 1.3, 1.6) 7
[17:07:07.508]: (0.1, 1.3, 1.6) 7
[17:07:07.525]: (0.1, 1.3, 1.6) 7
[17:07:07.540]: (0.1, 1.3, 1.6) 7
[17:07:07.556]: (0.1, 1.3, 1.6) 7
[17:07:07.572]: (0.1, 1.3, 1.6) 7
[17:07:07.587]: (0.1, 1.3, 1.6) 7
[17:07:07.603]: (0.1, 1.3, 1.6) 7
[17:07:07.619]: (0.1, 1.3, 1.6) 7
[17:07:07.637]: (0.1, 1.3, 1.6) 7
[17:07:07.654]: (0.1, 1.3, 1.6) 7
[17:07:07.670]: (0.1, 1.3, 1.6) 7
[17:07:07.686]: (0.1, 1.3, 1.6) 7
[17:07:07.702]: (0.1, 1.3, 1.6) 7
[17:07:07.718]: (0.1, 1.3, 1.6) 7
[17:07:07.734]: (0.1, 1.3, 1.6) 7
[17:07:07.749]: (0.1, 1.3, 1.6) 7
[17:07:07.765]: (0.1, 1.3, 1.6) 7
[17:07:07.782]: (0.1, 1.3, 1.6) 7
[17:07:07.797]: (0.1, 1.3, 1.6) 7
[17:07:07.812]: (0.1, 1.3, 1.6) 7
[17:07:07.828]: (0.1, 1.3, 1.6) 7
[17:07:07.848]: (0.1, 1.3, 1.6) 7
[17:07:07.869]: (0.1, 1.3, 1.6) 7
[17:07:07.892]: (0.1, 1.3, 1.6) 7
[17:07:07.915]: (0.1, 1.3, 1.6) 7
[17:07:07.959]: (0.1, 1.3, 1.6) 7
[17:07:07.982]: (0.1, 1.3, 1.6) 7
[17:07:08.003]: (0.1, 1.3, 1.6) 7
[17:07:08.026]: (0.1, 1.2, 1.6) 7
[17:07:08.048]: (0.1, 1.2, 1.6) 7
[17:07:08.421]: (0.1, 1.1, 1.8) 8
[17:07:08.438]: (0.1, 1.1, 1.8) 8
[17:07:08.468]: (0.1, 1.1, 1.8) 8
[17:07:08.498]: (0.1, 1.2, 1.8) 8
[17:07:08.515]: (0.1, 1.2, 1.8) 8
[17:07:08.531]: (0.1, 1.2, 1.8) 8
[17:07:08.547]: (0.1, 1.2, 1.8) 8
[17:07:08.825]: (0.1, 1.1, 1.8) 8
[17:07:08.869]: (0.1, 1.1, 1.8) 8
[17:07:08.891]: (0.1, 1.1, 1.8) 8
[17:07:08.980]: (0.1, 1.1, 1.8) 8
[17:07:09.003]: (0.1, 1.1, 1.8) 8
[17:07:09.025]: (0.1, 1.1, 1.8) 8
[17:07:09.046]: (0.1, 1.1, 1.8) 8
[17:07:09.070]: (0.1, 1.1, 1.8) 8
[17:07:09.091]: (0.1, 1.1, 1.8) 8
[17:07:09.115]: (0.1, 1.1, 1.8) 8
[17:07:09.132]: (0.1, 1.1, 1.8) 8
[17:07:09.148]: (0.1, 1.1, 1.8) 8
[17:07:09.164]: (0.1, 1.1, 1.8) 8
[17:07:09.180]: (0.1, 1.1, 1.8) 8
[17:07:09.197]: (0.1, 1.1, 1.8) 8
[17:07:09.215]: (0.1, 1.1, 1.8) 8
[17:07:09.232]: (0.1, 1.1, 1.8) 8
[17:07:09.248]: (0.1, 1.1, 1.8) 8
[17:07:09.266]: (0.1, 1.1, 1.8) 8
[17:07:09.283]: (0.1, 1.1, 1.8) 8
[17:07:09.299]: (0.1, 1.1, 1.8) 8
[17:07:09.331]: (0.1, 1.1, 1.8) 8
[17:07:09.350]: (0.1, 1.1, 1.8) 8
[17:07:09.367]: (0.1, 1.1, 1.8) 8
[17:07:09.957]: (0.1, 1.1, 1.8) 8
[17:07:10.114]: (0.1, 1.2, 1.8) 8
[17:07:10.186]: (0.1, 1.1, 1.8) 8
[17:07:10.217]: (0.1, 1.1, 1.8) 8
[17:07:10.232]: (0.1, 1.1, 1.8) 8
[17:07:10.249]: (0.1, 1.1, 1.8) 8
[17:07:10.266]: (0.1, 1.1, 1.8) 8
[17:07:10.328]: (0.1, 1.2, 1.8) 8
[17:07:10.344]: (0.1, 1.1, 1.8) 8
[17:07:10.360]: (0.1, 1.1, 1.8) 8
[17:07:11.657]: (0.1, 1.1, 1.8) 8
[17:07:11.679]: (0.1, 1.1, 1.8) 8
[17:07:11.701]: (0.1, 1.1, 1.8) 8
[17:07:11.723]: (0.1, 1.1, 1.8) 8
[17:07:11.738]: (0.1, 1.1, 1.8) 8
[17:07:11.755]: (0.1, 1.1, 1.8) 8
[17:07:11.770]: (0.1, 1.1, 1.8) 8
[17:07:11.788]: (0.1, 1.1, 1.8) 8
[17:07:11.803]: (0.1, 1.1, 1.8) 8
[17:07:11.819]: (0.1, 1.1, 1.8) 8
[17:07:11.836]: (0.1, 1.1, 1.8) 8
[17:07:11.851]: (0.1, 1.1, 1.8) 8
[17:07:11.867]: (0.1, 1.1, 1.8) 8
[17:07:11.884]: (0.1, 1.1, 1.8) 8
[17:07:11.899]: (0.1, 1.1, 1.8) 8
[17:07:11.915]: (0.1, 1.1, 1.8) 8
[17:07:11.933]: (0.1, 1.1, 1.8) 8
[17:07:11.963]: (0.1, 1.1, 1.8) 8
[17:07:11.979]: (0.1, 1.1, 1.8) 8
[17:07:11.996]: (0.1, 1.1, 1.8) 8
[17:07:12.012]: (0.1, 1.1, 1.8) 8
[17:07:12.029]: (0.1, 1.1, 1.8) 8
[17:07:12.046]: (0.1, 1.1, 1.8) 8
[17:07:12.062]: (0.1, 1.1, 1.8) 8
[17:07:12.080]: (0.1, 1.1, 1.8) 8
[17:07:12.096]: (0.1, 1.1, 1.8) 8
[17:07:12.113]: (0.1, 1.1, 1.8) 8
[17:07:12.129]: (0.1, 1.1, 1.8) 8
[17:07:12.145]: (0.1, 1.1, 1.8) 8
[17:07:12.168]: (0.1, 1.1, 1.8) 8
[17:07:12.190]: (0.1, 1.1, 1.8) 8
[17:07:12.280]: (0.1, 1.1, 1.8) 8
[17:07:12.346]: (0.1, 1.1, 1.8) 8
[17:07:12.390]: (0.1, 1.1, 1.8) 8
[17:07:12.568]: (-0.6, 1.3, 0.8) 3
[17:07:12.625]: (-0.7, 1.3, 0.8) 3
[17:07:12.641]: (-0.7, 1.3, 0.8) 3
[17:07:12.658]: (-0.6, 1.3, 0.8) 3
[17:07:12.674]: (-0.6, 1.3, 0.8) 3
[17:07:12.691]: (-0.6, 1.3, 0.8) 3
[17:07:12.708]: (-0.6, 1.3, 0.8) 3
[17:07:12.725]: (-0.6, 1.3, 0.8) 3
[17:07:12.741]: (-0.7, 1.3, 0.8) 3
[17:07:12.759]: (-0.7, 1.3, 0.8) 3
[17:07:12.774]: (-0.7, 1.3, 0.8) 3
[17:07:12.792]: (-0.7, 1.3, 0.8) 3
[17:07:12.809]: (-0.9, 1.3, 1.2) 4
[17:07:12.901]: (-0.7, 1.3, 0.8) 3
[17:07:12.918]: (-0.7, 1.3, 0.8) 3
[17:07:12.936]: (-0.7, 1.3, 0.8) 3
[17:07:12.981]: (-0.7, 1.3, 0.8) 3
[17:07:12.998]: (-0.7, 1.3, 0.8) 3
[17:07:13.014]: (-0.7, 1.3, 0.8) 3
[17:07:13.030]: (-0.7, 1.3, 0.8) 3
[17:07:13.046]: (-0.7, 1.3, 0.8) 3
[17:07:13.062]: (-0.6, 1.3, 0.8) 3
[17:07:13.078]: (-0.6, 1.3, 0.8) 3
[17:07:13.101]: (-0.6, 1.3, 0.8) 3
[17:07:13.124]: (-0.6, 1.3, 0.8) 3
[17:07:13.146]: (-0.6, 1.3, 0.8) 3
[17:07:13.167]: (-0.6, 1.3, 0.8) 3
[17:07:13.189]: (-0.6, 1.3, 0.8) 3
[17:07:13.212]: (-0.6, 1.3, 0.8) 3
[17:07:13.234]: (-0.6, 1.3, 0.8) 3
[17:07:13.256]: (-0.6, 1.3, 0.8) 3
[17:07:13.279]: (-0.6, 1.3, 0.8) 3
[17:07:13.301]: (-0.6, 1.3, 0.8) 3
[17:07:13.322]: (-0.6, 1.3, 0.8) 3
[17:07:13.345]: (-0.6, 1.3, 0.8) 3
[17:07:13.367]: (-0.6, 1.3, 0.8) 3
[17:07:13.389]: (-0.6, 1.3, 0.8) 3
[17:07:13.411]: (-0.6, 1.3, 0.8) 3
[17:07:13.434]: (-0.6, 1.3, 0.8) 3
[17:07:13.456]: (-0.6, 1.3, 0.8) 3
[17:07:13.479]: (-0.6, 1.3, 0.8) 3
[17:07:13.500]: (-0.6, 1.3, 0.8) 3
[17:07:13.516]: (-0.6, 1.3, 0.8) 3
[17:07:13.533]: (-0.6, 1.3, 0.8) 3
[17:07:13.551]: (-0.6, 1.3, 0.8) 3
[17:07:13.568]: (-0.6, 1.3, 0.8) 3
[17:07:13.583]: (-0.6, 1.2, 0.8) 3
[17:07:13.599]: (-0.6, 1.2, 0.8) 3
[17:07:13.615]: (-0.6, 1.2, 0.8) 3
[17:07:13.632]: (-0.7, 1.3, 0.8) 3
[17:07:13.648]: (-0.7, 1.3, 0.8) 3
[17:07:13.664]: (-0.7, 1.3, 0.8) 3
[17:07:13.681]: (-0.6, 1.2, 0.8) 3
[17:07:13.698]: (-0.7, 1.3, 0.8) 3
[17:07:13.715]: (-0.7, 1.3, 0.8) 3
[17:07:13.731]: (-0.7, 1.3, 0.8) 3
[17:07:13.748]: (-0.7, 1.3, 0.8) 3
[17:07:13.765]: (-0.7, 1.3, 0.8) 3
[17:07:13.782]: (-0.6, 1.3, 0.8) 3
[17:07:13.798]: (-0.7, 1.3, 0.8) 3
[17:07:13.815]: (-0.7, 1.3, 0.8) 3
[17:07:13.832]: (-0.7, 1.3, 0.8) 3
[17:07:13.848]: (-0.7, 1.3, 0.8) 3
[17:07:13.865]: (-0.7, 1.3, 0.8) 3
[17:07:13.882]: (-0.7, 1.3, 0.8) 3
[17:07:13.898]: (-0.7, 1.3, 0.8) 3
[17:07:13.914]: (-0.7, 1.3, 0.8) 3
[17:07:13.931]: (-0.6, 1.3, 0.8) 3
[17:07:13.947]: (-0.6, 1.3, 0.9) 3
[17:07:15.437]: (-0.6, 1.2, 0.8) 3
[17:07:15.452]: (-0.6, 1.3, 0.8) 3
[17:07:15.469]: (-0.7, 1.3, 0.8) 3
[17:07:15.487]: (-0.6, 1.3, 0.8) 3
[17:07:15.503]: (-0.6, 1.3, 0.8) 3
[17:07:15.520]: (-0.6, 1.3, 0.8) 3
[17:07:15.536]: (-0.6, 1.3, 0.8) 3
[17:07:15.552]: (-0.6, 1.3, 0.8) 3
[17:07:15.568]: (-0.6, 1.3, 0.8) 3
[17:07:15.584]: (-0.6, 1.3, 0.8) 3
[17:07:15.602]: (-0.6, 1.3, 0.8) 3
[17:07:15.618]: (-0.6, 1.3, 0.8) 3
[17:07:15.635]: (-0.6, 1.3, 0.8) 3
[17:07:15.650]: (-0.6, 1.3, 0.8) 3
[17:07:15.666]: (-0.6, 1.3, 0.8) 3
[17:07:15.688]: (-0.6, 1.3, 0.8) 3
[17:07:15.710]: (-0.6, 1.3, 0.8) 3
[17:07:15.734]: (-0.6, 1.3, 0.8) 3
[17:07:15.755]: (-0.6, 1.3, 0.8) 3
[17:07:15.777]: (-0.6, 1.3, 0.8) 3
[17:07:15.799]: (-0.6, 1.3, 0.8) 3
[17:07:16.198]: (0.2, 1.1, 1.4) 0
[17:07:16.305]: (0.4, 1.0, 1.3) 1
[17:07:21.009]: (0.2, 1.1, 1.4) 0
[17:07:21.031]: (0.2, 1.1, 1.4) 0
[17:07:21.052]: (0.2, 1.1, 1.4) 0
[17:07:21.076]: (0.2, 1.1, 1.4) 0
[17:07:21.097]: (0.2, 1.1, 1.4) 0
[17:07:21.120]: (0.2, 1.1, 1.4) 0
[17:07:21.142]: (0.2, 1.1, 1.4) 0
[17:07:21.164]: (0.2, 1.1, 1.4) 0
[17:07:21.464]: (0.2, 1.1, 1.4) 0
[17:07:21.495]: (0.2, 1.1, 1.4) 0
[17:07:21.510]: (0.2, 1.1, 1.4) 0
[17:07:21.739]: (0.2, 1.1, 1.4) 0
[17:07:24.574]: (0.2, 1.1, 1.4) 0
[17:07:24.597]: (0.2, 1.1, 1.4) 0
[17:07:24.618]: (0.2, 1.1, 1.4) 0
[17:07:24.640]: (0.2, 1.1, 1.4) 0
[17:07:24.663]: (0.2, 1.1, 1.4) 0
[17:07:24.685]: (0.2, 1.1, 1.4) 0
[17:07:24.707]: (0.3, 1.1, 1.4) 0
[17:07:24.731]: (0.3, 1.1, 1.4) 0
[17:07:24.752]: (0.3, 1.1, 1.4) 0
[17:07:24.774]: (0.2, 1.1, 1.4) 0
[17:07:24.791]: (0.2, 1.1, 1.4) 0
[17:07:24.914]: (0.3, 1.1, 1.4) 0
[17:07:24.931]: (0.2, 1.1, 1.4) 0
[17:07:26.029]: (-0.8, 1.4, 1.2) 4
[17:07:27.407]: (0.2, 1.3, 1.7) 7
[17:07:27.439]: (0.2, 1.3, 1.7) 7
[17:07:27.470]: (0.2, 1.3, 1.7) 7
[17:07:27.504]: (0.2, 1.3, 1.7) 7
[17:07:27.520]: (0.2, 1.3, 1.7) 7
[17:07:27.538]: (0.2, 1.2, 1.7) 7
[17:07:27.554]: (0.2, 1.2, 1.8) 8
[17:07:27.570]: (0.2, 1.1, 1.8) 8
[17:07:27.618]: (0.2, 1.2, 1.8) 8
[17:07:27.677]: (0.1, 1.2, 1.8) 8
[17:07:27.694]: (0.1, 1.2, 1.8) 8
[17:07:27.710]: (0.1, 1.1, 1.8) 8
[17:07:27.729]: (0.1, 1.2, 1.8) 8
[17:07:27.745]: (0.1, 1.2, 1.8) 8
[17:07:27.760]: (0.1, 1.2, 1.8) 8
[17:07:27.775]: (0.1, 1.2, 1.8) 8
[17:07:27.795]: (0.1, 1.1, 1.8) 8
[17:07:27.817]: (0.1, 1.1, 1.8) 8
[17:07:27.839]: (0.1, 1.1, 1.8) 8
[17:07:27.862]: (0.1, 1.2, 1.8) 8
[17:07:27.883]: (0.1, 1.2, 1.8) 8
[17:07:27.973]: (-0.7, 1.3, 0.9) 3
[17:07:28.196]: (-0.7, 1.3, 0.9) 3
[17:07:28.217]: (-0.6, 1.3, 0.9) 3
[17:07:28.282]: (-0.6, 1.3, 0.9) 3
[17:07:28.450]: (0.2, 1.1, 1.4) 0
[17:07:28.496]: (0.2, 1.1, 1.4) 0
[17:07:28.514]: (0.2, 1.1, 1.4) 0
[17:07:28.529]: (0.1, 1.1, 1.4) 0
[17:07:28.927]: (-0.7, 1.3, 0.9) 3
[17:07:29.132]: (-0.6, 1.3, 0.9) 3
[17:07:29.148]: (-0.6, 1.3, 0.9) 3
[17:07:29.194]: (-0.7, 1.2, 0.9) 3
[17:07:29.240]: (-0.7, 1.2, 0.9) 3
[17:07:29.273]: (-0.7, 1.3, 0.9) 3
[17:07:29.289]: (-0.7, 1.3, 0.9) 3
[17:07:29.305]: (-0.6, 1.3, 0.9) 3
[17:07:29.321]: (-0.6, 1.3, 0.9) 3
[17:07:29.338]: (-0.6, 1.3, 0.9) 3
[17:07:29.356]: (-0.6, 1.3, 0.9) 3
[17:07:29.383]: (-0.6, 1.3, 0.9) 3
[17:07:29.424]: (-0.6, 1.3, 0.9) 3
[17:07:29.446]: (-0.6, 1.3, 0.9) 3
[17:07:29.463]: (-0.6, 1.3, 0.9) 3
[17:07:29.481]: (-0.6, 1.3, 0.9) 3
[17:07:29.497]: (-0.6, 1.3, 0.9) 3
[17:07:29.514]: (-0.6, 1.3, 0.9) 3
[17:07:29.530]: (-0.6, 1.3, 0.9) 3
[17:07:29.548]: (-0.6, 1.3, 0.9) 3
[17:07:29.564]: (-0.6, 1.3, 0.9) 3
[17:07:29.584]: (-0.6, 1.3, 0.9) 3
[17:07:29.606]: (-0.6, 1.3, 0.9) 3
[17:07:29.629]: (-0.6, 1.3, 0.9) 3
[17:07:29.651]: (-0.7, 1.3, 0.9) 3
[17:07:29.673]: (-0.7, 1.3, 0.9) 3
[17:07:29.694]: (-0.8, 1.3, 1.2) 4
[17:07:29.718]: (-0.7, 1.3, 0.9) 3
[17:07:29.740]: (-0.6, 1.3, 0.9) 3
[17:07:29.762]: (-0.6, 1.3, 0.9) 3
[17:07:29.784]: (-0.6, 1.3, 0.9) 3
[17:07:29.806]: (-0.6, 1.3, 0.9) 3
[17:07:29.998]: (0.2, 1.1, 1.8) 8
[17:07:30.016]: (0.1, 1.1, 1.8) 8
[17:07:30.033]: (0.1, 1.1, 1.8) 8
[17:07:30.141]: (0.1, 1.1, 1.8) 8
[17:07:33.992]: (-0.7, 1.4, 1.2) 5
[17:07:34.039]: (-0.7, 1.4, 1.2) 5
[17:07:35.060]: (-0.5, 1.0, 0.9) 2
[17:07:35.149]: (-0.4, 1.1, 0.9) 2
[17:07:41.590]: (-0.5, 1.1, 0.9) 2
[17:07:41.613]: (-0.4, 1.1, 0.9) 2
[17:07:41.636]: (-0.4, 1.1, 0.9) 2
[17:07:41.656]: (-0.4, 1.1, 0.9) 2
[17:07:41.679]: (-0.5, 1.1, 0.9) 2
[17:07:41.702]: (-0.5, 1.1, 0.9) 2
[17:07:41.723]: (-0.5, 1.1, 0.9) 2
[17:07:41.746]: (-0.5, 1.1, 0.9) 2
[17:07:41.768]: (-0.5, 1.1, 0.9) 2
[17:07:41.791]: (-0.5, 1.1, 0.9) 2
[17:07:41.811]: (-0.5, 1.1, 0.9) 2
[17:07:41.835]: (-0.5, 1.1, 0.9) 2
[17:07:41.855]: (-0.5, 1.1, 0.9) 2
[17:07:41.879]: (-0.5, 1.1, 0.9) 2
[17:07:41.901]: (-0.5, 1.1, 0.9) 2
[17:07:41.923]: (-0.5, 1.1, 0.9) 2
[17:07:43.738]: (-0.5, 1.1, 0.9) 2
[17:07:43.755]: (-0.5, 1.1, 0.9) 2
[17:07:43.771]: (-0.5, 1.1, 0.9) 2
[17:07:43.787]: (-0.5, 1.1, 0.9) 2
[17:07:43.804]: (-0.5, 1.1, 0.9) 2
[17:07:43.820]: (-0.5, 1.1, 0.9) 2
[17:07:43.837]: (-0.5, 1.1, 0.9) 2
[17:07:43.856]: (-0.5, 1.1, 0.9) 2
[17:07:43.872]: (-0.5, 1.0, 0.9) 2
[17:07:43.887]: (-0.5, 1.0, 0.9) 2
[17:07:44.344]: (0.2, 1.0, 1.3) 0
[17:07:44.434]: (0.2, 1.0, 1.4) 0
[17:07:44.456]: (0.2, 1.0, 1.4) 0
[17:07:44.478]: (0.2, 1.0, 1.3) 0
[17:07:44.500]: (0.2, 1.0, 1.3) 0
[17:07:44.522]: (0.2, 1.0, 1.3) 0
[17:07:44.568]: (0.2, 1.0, 1.4) 0
[17:07:44.735]: (0.2, 1.0, 1.3) 0
[17:07:44.753]: (0.2, 1.1, 1.3) 0
[17:07:44.772]: (0.2, 1.1, 1.3) 0
[17:07:44.788]: (0.2, 1.0, 1.3) 0
[17:07:44.804]: (0.2, 1.0, 1.3) 0
[17:07:44.869]: (0.2, 1.0, 1.4) 0
[17:07:44.885]: (0.2, 1.0, 1.4) 0
[17:07:44.904]: (0.2, 1.0, 1.4) 0
[17:07:45.455]: (0.2, 1.0, 1.3) 0
[17:07:45.474]: (0.2, 1.0, 1.4) 0
[17:07:45.636]: (0.2, 1.0, 1.4) 0
[17:07:46.489]: (-0.6, 1.2, 1.2) 5
[17:07:46.512]: (-0.6, 1.2, 1.2) 5
[17:07:46.532]: (-0.6, 1.2, 1.2) 5
[17:07:46.553]: (-0.6, 1.2, 1.2) 5
[17:07:46.593]: (-0.6, 1.2, 1.3) 4
[17:07:46.616]: (-0.6, 1.2, 1.3) 4
[17:07:46.813]: (-0.3, 1.1, 1.3) 5
[17:07:47.033]: (-0.1, 1.2, 0.9) 2
[17:07:47.055]: (-0.1, 1.2, 0.9) 2
[17:07:47.076]: (-0.1, 1.2, 0.9) 2
[17:07:47.100]: (-0.1, 1.2, 0.9) 2
[17:07:47.122]: (-0.1, 1.2, 0.9) 2
[17:07:47.146]: (-0.1, 1.2, 0.9) 2
[17:07:47.167]: (-0.1, 1.2, 0.9) 2
[17:07:47.188]: (-0.1, 1.2, 0.9) 2
[17:07:47.210]: (-0.1, 1.2, 0.9) 2
[17:07:47.233]: (-0.1, 1.2, 0.9) 2
[17:07:47.255]: (-0.1, 1.2, 0.9) 2
[17:07:47.276]: (-0.1, 1.1, 0.9) 2
[17:07:47.362]: (-0.4, 1.1, 1.3) 4
[17:07:47.384]: (-0.3, 1.1, 1.0) 3
[17:07:47.406]: (-0.3, 1.1, 1.0) 3
[17:07:47.426]: (-0.3, 1.1, 1.0) 3
[17:07:47.448]: (-0.4, 1.1, 1.4) 4
[17:07:47.470]: (-0.3, 1.1, 1.0) 3
[17:07:47.492]: (-0.3, 1.1, 1.0) 3
[17:07:47.516]: (-0.3, 1.1, 1.0) 3
[17:07:47.538]: (-0.3, 1.2, 1.0) 3
[17:07:47.560]: (-0.3, 1.1, 1.0) 3
[17:07:47.582]: (-0.3, 1.2, 1.0) 3
[17:07:47.604]: (-0.3, 1.1, 1.0) 3
[17:07:47.627]: (-0.3, 1.1, 1.0) 3
[17:07:47.729]: (-0.2, 1.1, 1.4) 4
[17:07:47.790]: (-0.1, 1.2, 1.4) 4
[17:07:47.810]: (-0.1, 1.2, 1.4) 4
[17:07:47.831]: (-0.1, 1.2, 1.4) 4
[17:07:48.766]: (0.0, 1.2, 1.4) 4
[17:07:48.787]: (0.0, 1.2, 1.4) 4
[17:07:49.615]: (0.0, 1.4, 1.2) 5
[17:07:49.632]: (0.0, 1.4, 1.2) 5
[17:07:49.648]: (0.0, 1.4, 1.2) 5
[17:07:49.664]: (0.0, 1.3, 1.2) 5
[17:07:49.681]: (0.0, 1.3, 1.2) 5
[17:07:49.699]: (0.0, 1.3, 1.2) 5
[17:07:49.720]: (0.0, 1.3, 1.2) 5
[17:07:49.742]: (0.0, 1.3, 1.2) 5
[17:07:49.764]: (0.0, 1.3, 1.2) 5
[17:07:49.786]: (0.0, 1.3, 1.2) 5
[17:07:49.809]: (0.0, 1.4, 1.2) 5
[17:07:49.831]: (0.0, 1.4, 1.2) 5
[17:07:49.854]: (0.0, 1.4, 1.2) 5
[17:07:49.876]: (0.0, 1.4, 1.2) 5
[17:07:49.898]: (0.0, 1.4, 1.2) 5
[17:07:49.920]: (0.0, 1.4, 1.2) 5
[17:07:49.943]: (0.0, 1.4, 1.2) 5
[17:07:49.964]: (0.0, 1.4, 1.2) 5
[17:07:49.986]: (0.0, 1.4, 1.2) 5
[17:07:50.009]: (0.0, 1.3, 1.2) 5
[17:07:50.031]: (0.0, 1.4, 1.2) 5
[17:07:50.638]: (0.2, 1.5, 1.1) 5
[17:07:50.658]: (0.2, 1.5, 1.1) 5
[17:07:50.678]: (0.2, 1.5, 1.1) 5
[17:07:50.698]: (0.2, 1.5, 1.1) 5
[17:07:51.445]: (0.2, 1.5, 1.1) 5
[17:07:53.185]: (0.2, 1.5, 0.9) 5
[17:07:53.206]: (0.2, 1.6, 0.9) 5
[17:07:53.229]: (0.2, 1.6, 0.9) 5
[17:07:53.251]: (0.2, 1.6, 0.9) 5
[17:07:53.273]: (0.2, 1.6, 0.9) 5
[17:07:53.297]: (0.2, 1.6, 0.9) 5
[17:07:53.318]: (0.2, 1.5, 0.9) 5
[17:07:53.340]: (0.2, 1.5, 0.9) 5
[17:07:53.362]: (0.2, 1.5, 0.9) 5
[17:07:53.385]: (0.2, 1.5, 0.9) 5
[17:07:53.408]: (0.2, 1.5, 0.9) 5
[17:07:53.429]: (0.2, 1.5, 0.9) 5
[17:07:53.452]: (0.2, 1.5, 0.9) 5
[17:07:53.473]: (0.2, 1.5, 0.9) 5
[17:07:53.495]: (0.2, 1.5, 0.9) 5
[17:07:53.519]: (0.2, 1.5, 0.9) 5
[17:07:53.540]: (0.2, 1.5, 0.9) 5
[17:07:53.563]: (0.2, 1.5, 0.9) 5
[17:07:53.585]: (0.2, 1.5, 0.9) 5
[17:07:53.606]: (0.2, 1.6, 0.9) 5
[17:07:53.629]: (0.2, 1.5, 0.9) 5
[17:07:53.653]: (0.2, 1.5, 0.9) 5
[17:07:53.695]: (0.2, 1.5, 0.9) 5
[17:07:53.719]: (0.2, 1.5, 0.9) 5
[17:07:53.740]: (0.2, 1.5, 0.9) 5
[17:07:53.785]: (0.2, 1.5, 0.9) 5
[17:07:53.836]: (0.2, 1.6, 0.9) 5
[17:07:53.855]: (0.2, 1.6, 0.9) 5
[17:07:53.872]: (0.2, 1.6, 0.9) 5
[17:07:53.890]: (0.2, 1.6, 0.9) 5
[17:07:53.907]: (0.2, 1.6, 0.9) 5
[17:07:53.924]: (0.2, 1.6, 0.9) 5
[17:07:53.944]: (0.2, 1.6, 0.9) 5
[17:07:53.991]: (0.2, 1.6, 0.9) 5
[17:07:54.044]: (0.2, 1.6, 0.9) 5
[17:07:54.069]: (0.2, 1.6, 0.9) 5
[17:07:54.097]: (0.2, 1.6, 0.9) 5
[17:07:54.120]: (0.2, 1.6, 0.9) 5
[17:07:54.138]: (0.2, 1.6, 0.9) 5
[17:07:54.159]: (0.2, 1.5, 0.9) 5
[17:07:54.182]: (0.2, 1.6, 0.9) 5
[17:07:54.205]: (0.2, 1.6, 0.9) 5
[17:07:54.230]: (0.2, 1.6, 0.8) 5
[17:07:54.262]: (0.2, 1.6, 0.8) 5
[17:07:54.297]: (0.2, 1.5, 0.8) 5
[17:07:54.329]: (0.2, 1.5, 0.8) 5
[17:07:54.364]: (0.2, 1.5, 0.8) 5
[17:07:54.829]: (0.1, 1.6, 0.8) 5
[17:07:54.864]: (0.1, 1.5, 0.8) 5
[17:07:54.925]: (0.1, 1.5, 0.8) 5
[17:07:54.945]: (0.1, 1.5, 0.8) 5
[17:07:54.966]: (0.1, 1.5, 0.8) 5
[17:07:54.988]: (0.1, 1.5, 0.8) 5
[17:07:55.009]: (0.1, 1.5, 0.8) 5
[17:07:55.034]: (0.1, 1.5, 0.8) 5
[17:07:55.057]: (0.1, 1.5, 0.8) 5
[17:07:55.077]: (0.1, 1.5, 0.8) 5
[17:07:55.097]: (0.1, 1.5, 0.8) 5
[17:07:55.120]: (0.1, 1.5, 0.8) 5
[17:07:55.141]: (0.1, 1.5, 0.8) 5
[17:07:55.160]: (0.1, 1.5, 0.8) 5
[17:07:55.181]: (0.1, 1.6, 0.8) 5
[17:07:55.202]: (0.1, 1.6, 0.8) 5
[17:07:55.223]: (0.1, 1.5, 0.8) 5
[17:07:55.242]: (0.1, 1.5, 0.8) 5
[17:07:55.259]: (0.1, 1.5, 0.8) 5
[17:07:55.275]: (0.2, 1.5, 0.8) 5
[17:07:55.295]: (0.1, 1.5, 0.8) 5
[17:07:55.760]: (0.1, 1.5, 0.8) 5
[17:07:55.785]: (0.2, 1.5, 0.8) 5
[17:07:55.850]: (0.1, 1.5, 0.8) 5
[17:07:55.872]: (0.1, 1.6, 0.7) 5
[17:07:55.895]: (0.1, 1.6, 0.8) 5
[17:07:55.917]: (0.1, 1.6, 0.8) 5
[17:07:55.939]: (0.1, 1.6, 0.8) 5
[17:07:55.961]: (0.1, 1.6, 0.8) 5
[17:07:55.984]: (0.1, 1.6, 0.8) 5
[17:07:56.005]: (0.1, 1.6, 0.8) 5
[17:07:56.028]: (0.1, 1.5, 0.8) 5
[17:07:56.050]: (0.1, 1.5, 0.8) 5
[17:07:56.072]: (0.2, 1.6, 0.7) 5
[17:07:56.117]: (0.2, 1.7, 0.7) 4
[17:07:56.160]: (0.2, 1.7, 0.7) 4
[17:07:56.317]: (0.2, 1.6, 0.8) 5
[17:07:56.338]: (0.2, 1.6, 0.8) 5
[17:07:56.361]: (0.2, 1.6, 0.8) 5
[17:07:56.378]: (0.2, 1.6, 0.8) 5
[17:07:56.393]: (0.2, 1.6, 0.8) 5
[17:07:56.409]: (0.2, 1.6, 0.8) 5
[17:07:56.425]: (0.2, 1.6, 0.7) 5
[17:07:56.441]: (0.2, 1.6, 0.8) 5
[17:07:56.459]: (0.2, 1.6, 0.8) 5
[17:07:56.475]: (0.2, 1.6, 0.8) 5
[17:07:56.493]: (0.2, 1.6, 0.8) 5
[17:07:56.509]: (0.2, 1.6, 0.8) 5
[17:07:56.524]: (0.2, 1.6, 0.8) 5
[17:07:56.542]: (0.2, 1.6, 0.7) 5
[17:07:56.558]: (0.2, 1.6, 0.8) 5
[17:07:56.575]: (0.2, 1.6, 0.8) 5
[17:07:56.592]: (0.2, 1.6, 0.8) 5
[17:07:56.609]: (0.2, 1.6, 0.8) 5
[17:07:56.625]: (0.2, 1.6, 0.8) 5
[17:07:56.642]: (0.2, 1.6, 0.8) 5
[17:07:56.657]: (0.2, 1.6, 0.8) 5
[17:07:56.674]: (0.2, 1.6, 0.8) 5
[17:07:56.691]: (0.2, 1.6, 0.7) 5
[17:07:56.710]: (0.2, 1.6, 0.7) 5
[17:07:56.728]: (0.2, 1.6, 0.7) 5
[17:07:56.745]: (0.2, 1.6, 0.7) 5
[17:07:56.763]: (0.2, 1.6, 0.7) 5
[17:07:56.778]: (0.1, 1.6, 0.7) 5
[17:07:56.793]: (0.1, 1.6, 0.8) 5
[17:07:56.809]: (0.1, 1.6, 0.8) 5
[17:07:56.827]: (0.1, 1.6, 0.8) 5
[17:07:56.849]: (0.1, 1.6, 0.8) 5
[17:07:57.005]: (0.1, 1.6, 0.8) 5
[17:07:57.027]: (0.1, 1.6, 0.8) 5
[17:07:57.050]: (0.1, 1.6, 0.8) 5
[17:07:57.071]: (0.1, 1.6, 0.8) 5
[17:07:57.094]: (0.1, 1.6, 0.8) 5
[17:07:57.117]: (0.1, 1.6, 0.7) 5
[17:07:57.138]: (0.1, 1.6, 0.7) 5
[17:07:57.161]: (0.2, 1.6, 0.7) 5
[17:07:57.183]: (0.2, 1.6, 0.7) 5
[17:07:57.205]: (0.2, 1.6, 0.7) 5
[17:07:57.228]: (0.2, 1.5, 0.7) 5
[17:07:57.248]: (0.2, 1.6, 0.7) 5
[17:07:57.273]: (0.2, 1.6, 0.7) 5
[17:07:57.294]: (0.2, 1.6, 0.7) 5
[17:07:57.682]: (0.2, 1.6, 0.7) 5
[17:07:57.699]: (0.1, 1.5, 0.8) 5
[17:07:57.717]: (0.1, 1.5, 0.8) 5
[17:07:57.739]: (0.1, 1.5, 0.8) 5
[17:07:57.763]: (0.1, 1.5, 0.8) 5
[17:07:57.784]: (0.1, 1.6, 0.8) 5
[17:07:57.804]: (0.1, 1.6, 0.8) 5
[17:07:57.827]: (0.1, 1.5, 0.8) 5
[17:07:57.850]: (0.1, 1.5, 0.8) 5
[17:07:57.872]: (-0.1, 1.4, 0.4) 2
[17:07:57.894]: (-0.3, 1.2, 1.7) 6
[17:07:57.939]: (-0.3, 1.1, 1.4) 7
[17:07:57.984]: (-0.4, 1.1, 1.4) 7
[17:07:58.131]: (-0.4, 1.1, 1.4) 7
[17:07:58.148]: (-0.4, 1.0, 1.4) 7
[17:07:58.165]: (-0.4, 1.0, 1.4) 7
[17:07:58.181]: (-0.4, 1.1, 1.4) 7
[17:07:58.197]: (-0.3, 1.1, 1.4) 7
[17:07:58.213]: (-0.3, 1.1, 1.4) 7
[17:07:58.230]: (-0.4, 1.1, 1.4) 7
[17:07:58.261]: (-0.3, 1.0, 1.4) 7
[17:07:58.278]: (-0.4, 1.0, 1.4) 7
[17:07:58.294]: (-0.4, 1.0, 1.4) 7
[17:07:58.310]: (-0.4, 1.0, 1.4) 7
[17:07:58.326]: (-0.4, 1.0, 1.4) 7
[17:07:58.342]: (-0.3, 1.0, 1.4) 7
[17:07:58.401]: (-0.3, 1.0, 1.4) 7
[17:07:58.446]: (-0.3, 1.0, 1.4) 7
[17:07:58.916]: (-0.3, 1.0, 1.4) 7
[17:07:58.938]: (-0.3, 1.1, 1.4) 7
[17:07:58.961]: (-0.3, 1.1, 1.4) 7
[17:07:58.980]: (-0.3, 1.1, 1.4) 7
[17:07:58.996]: (-0.3, 1.1, 1.4) 7
[17:07:59.012]: (-0.3, 1.1, 1.4) 7
[17:07:59.028]: (-0.3, 1.1, 1.4) 7
[17:07:59.043]: (-0.3, 1.1, 1.4) 7
[17:07:59.059]: (-0.3, 1.1, 1.4) 7
[17:07:59.076]: (-0.3, 1.1, 1.4) 7
[17:07:59.092]: (-0.3, 1.0, 1.4) 7
[17:07:59.196]: (-0.3, 1.1, 1.7) 6
[17:07:59.213]: (-0.3, 1.1, 1.7) 6
[17:07:59.230]: (-0.3, 1.2, 1.7) 6
[17:07:59.247]: (-0.3, 1.1, 1.7) 6
[17:07:59.280]: (-0.1, 1.3, 0.5) 2
[17:07:59.338]: (0.2, 1.5, 0.8) 5
[17:07:59.356]: (0.2, 1.5, 0.8) 5
[17:07:59.373]: (0.2, 1.5, 0.8) 5
[17:07:59.390]: (0.2, 1.5, 0.8) 5
[17:07:59.406]: (0.2, 1.5, 0.8) 5
[17:07:59.426]: (0.2, 1.6, 0.7) 5
[17:07:59.449]: (0.2, 1.6, 0.7) 5
[17:07:59.470]: (0.2, 1.5, 0.8) 5
[17:07:59.493]: (0.2, 1.5, 0.8) 5
[17:07:59.515]: (0.1, 1.5, 0.8) 5
[17:07:59.538]: (0.1, 1.5, 0.8) 5
[17:07:59.559]: (0.1, 1.5, 0.8) 5
[17:07:59.582]: (0.2, 1.6, 0.7) 5
[17:07:59.605]: (0.2, 1.6, 0.7) 5
[17:07:59.628]: (0.2, 1.6, 0.7) 5
[17:07:59.648]: (0.2, 1.6, 0.7) 5
[17:07:59.671]: (0.2, 1.6, 0.7) 5
[17:07:59.693]: (0.2, 1.6, 0.7) 5
[17:07:59.717]: (0.2, 1.6, 0.7) 5
[17:07:59.737]: (0.2, 1.6, 0.7) 5
[17:07:59.760]: (0.2, 1.6, 0.7) 5
[17:07:59.781]: (0.2, 1.6, 0.7) 5
[17:07:59.804]: (0.2, 1.6, 0.7) 5
[17:07:59.827]: (0.2, 1.6, 0.7) 5
[17:07:59.843]: (0.2, 1.6, 0.7) 5
[17:07:59.859]: (0.2, 1.6, 0.7) 5
[17:07:59.876]: (0.2, 1.6, 0.7) 5
[17:07:59.893]: (0.2, 1.6, 0.7) 5
[17:07:59.909]: (0.2, 1.6, 0.7) 5
[17:07:59.925]: (0.2, 1.6, 0.7) 5
[17:07:59.941]: (0.2, 1.6, 0.7) 5
[17:07:59.958]: (0.2, 1.6, 0.7) 5
[17:07:59.974]: (0.2, 1.6, 0.7) 5
[17:07:59.990]: (0.2, 1.6, 0.7) 5
[17:08:00.007]: (0.2, 1.6, 0.7) 5
[17:08:00.024]: (0.2, 1.6, 0.7) 5
[17:08:00.470]: (0.2, 1.5, 0.8) 5
[17:08:00.627]: (0.2, 1.5, 0.8) 5
[17:08:00.649]: (0.1, 1.5, 0.8) 5
[17:08:00.670]: (0.2, 1.6, 0.7) 5
[17:08:00.693]: (0.2, 1.5, 0.7) 5
[17:08:00.714]: (0.2, 1.5, 0.8) 5
[17:08:00.735]: (0.2, 1.6, 0.7) 5
[17:08:00.750]: (0.2, 1.5, 0.8) 5
[17:08:01.214]: (-0.1, 1.3, 0.4) 2
[17:08:01.237]: (-0.1, 1.3, 0.4) 2
[17:08:01.260]: (-0.1, 1.3, 0.4) 2
[17:08:01.282]: (-0.1, 1.3, 0.4) 2
[17:08:01.303]: (-0.1, 1.3, 0.4) 2
[17:08:01.325]: (-0.1, 1.3, 0.4) 2
[17:08:01.348]: (-0.1, 1.3, 0.4) 2
[17:08:01.370]: (-0.1, 1.3, 0.4) 2
[17:08:01.393]: (-0.1, 1.3, 0.4) 2
[17:08:01.415]: (-0.1, 1.3, 0.4) 2
[17:08:01.437]: (-0.1, 1.3, 0.4) 2
[17:08:01.460]: (-0.1, 1.3, 0.4) 2
[17:08:01.481]: (-0.1, 1.3, 0.4) 2
[17:08:01.504]: (-0.1, 1.3, 0.4) 2
[17:08:01.525]: (-0.1, 1.3, 0.4) 2
[17:08:01.552]: (-0.1, 1.3, 0.4) 2
[17:08:01.570]: (-0.1, 1.3, 0.4) 2
[17:08:01.586]: (-0.1, 1.3, 0.4) 2
[17:08:01.602]: (-0.1, 1.3, 0.4) 2
[17:08:01.618]: (-0.1, 1.3, 0.4) 2
[17:08:01.635]: (-0.1, 1.3, 0.4) 2
[17:08:01.651]: (-0.1, 1.3, 0.4) 2
[17:08:01.668]: (-0.1, 1.3, 0.4) 2
[17:08:01.685]: (-0.1, 1.3, 0.4) 2
[17:08:01.702]: (-0.1, 1.3, 0.4) 2
[17:08:01.721]: (-0.1, 1.3, 0.4) 2
[17:08:01.740]: (-0.1, 1.3, 0.4) 2
[17:08:01.757]: (-0.1, 1.3, 0.4) 2
[17:08:01.773]: (-0.1, 1.3, 0.5) 2
[17:08:01.788]: (-0.1, 1.3, 0.5) 2
[17:08:01.804]: (-0.1, 1.3, 0.5) 2
[17:08:01.821]: (-0.1, 1.3, 0.5) 2
[17:08:01.838]: (-0.1, 1.3, 0.5) 2
[17:08:03.398]: (-0.1, 1.3, 0.5) 2
[17:08:04.478]: (0.1, 1.5, 0.8) 5
[17:08:04.494]: (0.1, 1.5, 0.8) 5
[17:08:04.509]: (0.2, 1.5, 0.8) 5
[17:08:04.813]: (-0.1, 1.3, 0.4) 2
[17:08:06.108]: (-0.4, 0.9, 1.1) 0
[17:08:06.128]: (-0.4, 0.9, 1.1) 0
[17:08:06.165]: (-0.4, 1.0, 1.1) 0
[17:08:06.183]: (-0.4, 1.0, 1.1) 0
[17:08:06.200]: (-0.4, 1.0, 1.2) 0
[17:08:06.336]: (-0.4, 1.0, 1.1) 0
[17:08:06.358]: (-0.4, 1.0, 1.1) 0
[17:08:06.380]: (-0.4, 1.0, 1.1) 0
[17:08:06.402]: (-0.5, 1.0, 1.1) 0
[17:08:06.426]: (-0.5, 1.0, 1.1) 0
[17:08:06.447]: (-0.4, 1.0, 1.1) 0
[17:08:06.471]: (-0.4, 1.1, 1.4) 7
[17:08:06.756]: (-0.3, 1.1, 1.4) 7
[17:08:06.777]: (-0.3, 1.0, 1.4) 7
[17:08:06.797]: (-0.3, 1.1, 1.4) 7
[17:08:06.847]: (-0.3, 1.1, 1.7) 6
[17:08:06.869]: (-0.3, 1.2, 1.7) 6
[17:08:06.904]: (-0.3, 1.1, 1.7) 6
[17:08:06.922]: (-0.3, 1.2, 1.7) 6
[17:08:06.939]: (-0.3, 1.2, 1.7) 6
[17:08:06.957]: (-0.3, 1.2, 1.7) 6
[17:08:07.005]: (-0.3, 1.0, 1.4) 7
[17:08:07.023]: (-0.4, 1.0, 1.4) 7
[17:08:07.041]: (-0.3, 1.2, 1.7) 6
[17:08:07.059]: (-0.3, 1.2, 1.7) 6
[17:08:07.076]: (-0.4, 1.2, 1.7) 6
[17:08:07.093]: (-0.4, 1.2, 1.7) 6
[17:08:07.111]: (-0.3, 1.2, 1.7) 6
[17:08:07.158]: (-0.3, 1.2, 1.7) 6
[17:08:07.177]: (-0.3, 1.2, 1.7) 6
[17:08:07.210]: (-0.3, 1.2, 1.7) 6
[17:08:07.227]: (-0.3, 1.2, 1.7) 6
[17:08:07.245]: (-0.3, 1.2, 1.7) 6
[17:08:07.264]: (-0.3, 1.2, 1.7) 6
[17:08:07.284]: (-0.3, 1.2, 1.7) 6
[17:08:07.302]: (-0.3, 1.2, 1.7) 6
[17:08:07.324]: (-0.3, 1.1, 1.7) 6
[17:08:07.346]: (-0.4, 1.1, 1.7) 6
[17:08:07.368]: (-0.3, 1.1, 1.7) 6
[17:08:07.391]: (-0.4, 1.1, 1.7) 6
[17:08:08.368]: (0.2, 1.6, 0.7) 5
[17:08:08.390]: (0.1, 1.6, 0.8) 5
[17:08:08.434]: (0.1, 1.6, 0.8) 5
[17:08:08.589]: (0.1, 1.6, 0.8) 5
[17:08:08.685]: (0.2, 1.6, 0.8) 5
[17:08:08.702]: (0.2, 1.6, 0.8) 5
[17:08:08.720]: (0.1, 1.6, 0.8) 5
[17:08:08.738]: (0.1, 1.6, 0.8) 5
[17:08:08.755]: (0.1, 1.6, 0.8) 5
[17:08:08.771]: (0.1, 1.6, 0.7) 5
[17:08:08.788]: (0.1, 1.6, 0.7) 5
[17:08:08.804]: (0.1, 1.6, 0.8) 5
[17:08:08.820]: (0.1, 1.6, 0.8) 5
[17:08:08.836]: (0.2, 1.6, 0.8) 5
[17:08:08.855]: (0.2, 1.6, 0.8) 5
[17:08:08.871]: (0.1, 1.6, 0.8) 5
[17:08:08.903]: (-0.1, 1.4, 0.4) 2
[17:08:08.965]: (-0.4, 1.3, 1.5) 8
[17:08:08.982]: (-0.4, 1.2, 1.5) 8
[17:08:08.999]: (-0.4, 1.3, 1.4) 8
[17:08:09.015]: (-0.4, 1.2, 1.4) 8
[17:08:09.211]: (-0.4, 1.1, 1.4) 7
[17:08:09.235]: (-0.4, 1.1, 1.4) 7
[17:08:09.257]: (-0.4, 1.1, 1.4) 7
[17:08:09.412]: (-0.4, 1.1, 1.4) 7
[17:08:09.433]: (-0.4, 1.1, 1.4) 7
[17:08:09.457]: (-0.4, 1.1, 1.4) 7
[17:08:09.474]: (-0.4, 1.1, 1.4) 7
[17:08:09.490]: (-0.4, 1.1, 1.4) 7
[17:08:09.507]: (-0.4, 1.1, 1.4) 7
[17:08:09.523]: (-0.4, 1.1, 1.4) 7
[17:08:09.540]: (-0.4, 1.0, 1.4) 7
[17:08:09.555]: (-0.4, 1.1, 1.4) 7
[17:08:09.573]: (-0.4, 1.1, 1.4) 7
[17:08:09.816]: (-0.3, 1.0, 1.4) 7
[17:08:09.832]: (-0.3, 1.0, 1.4) 7
[17:08:09.848]: (-0.4, 1.0, 1.4) 7
[17:08:09.865]: (-0.4, 1.0, 1.4) 7
[17:08:09.881]: (-0.4, 1.0, 1.4) 7
[17:08:09.902]: (-0.3, 1.1, 1.4) 7
[17:08:09.922]: (-0.3, 1.1, 1.4) 7
[17:08:09.944]: (-0.3, 1.1, 1.4) 7
[17:08:09.968]: (-0.3, 1.0, 1.4) 7
[17:08:09.989]: (-0.3, 1.0, 1.4) 7
[17:08:10.011]: (-0.4, 1.0, 1.4) 7
[17:08:10.034]: (-0.4, 1.0, 1.4) 7
[17:08:10.055]: (-0.4, 1.0, 1.4) 7
[17:08:10.079]: (-0.4, 1.0, 1.4) 7
[17:08:10.100]: (-0.4, 1.0, 1.4) 7
[17:08:10.145]: (-0.3, 1.0, 1.4) 7
[17:08:10.167]: (-0.3, 1.0, 1.4) 7
[17:08:10.190]: (-0.4, 1.0, 1.4) 7
[17:08:10.211]: (-0.4, 1.0, 1.4) 7
[17:08:10.234]: (-0.4, 1.0, 1.4) 7
[17:08:10.255]: (-0.4, 1.0, 1.4) 7
[17:08:10.278]: (-0.3, 1.0, 1.4) 7
[17:08:10.322]: (-0.3, 1.0, 1.4) 7
[17:08:10.338]: (-0.3, 1.0, 1.4) 7
[17:08:10.355]: (-0.3, 1.0, 1.4) 7
[17:08:10.371]: (-0.3, 1.0, 1.4) 7
[17:08:10.473]: (-0.3, 1.0, 1.4) 7
[17:08:11.270]: (-0.1, 1.3, 0.5) 2
[17:08:11.287]: (-0.1, 1.3, 0.4) 2
[17:08:11.304]: (-0.1, 1.3, 0.4) 2
[17:08:11.321]: (-0.1, 1.3, 0.5) 2
[17:08:11.337]: (-0.1, 1.3, 0.4) 2
[17:08:11.354]: (-0.1, 1.3, 0.4) 2
[17:08:11.370]: (-0.1, 1.3, 0.4) 2
[17:08:11.385]: (-0.1, 1.3, 0.4) 2
[17:08:11.401]: (-0.1, 1.4, 0.4) 2
[17:08:11.417]: (-0.1, 1.4, 0.4) 2
[17:08:11.433]: (-0.1, 1.4, 0.4) 2
[17:08:11.449]: (-0.1, 1.4, 0.4) 2
[17:08:11.467]: (-0.1, 1.4, 0.4) 2
[17:08:11.483]: (-0.1, 1.3, 0.4) 2
[17:08:11.834]: (-0.4, 1.3, 1.4) 8
[17:08:11.855]: (-0.4, 1.3, 1.5) 8
[17:08:11.877]: (-0.4, 1.3, 1.5) 8
[17:08:12.060]: (-0.4, 1.3, 1.4) 8
[17:08:12.222]: (-0.4, 1.3, 1.5) 8
[17:08:12.238]: (-0.4, 1.3, 1.4) 8
[17:08:12.254]: (-0.4, 1.3, 1.4) 8
[17:08:12.301]: (-0.4, 1.3, 1.5) 8
[17:08:12.316]: (-0.4, 1.3, 1.4) 8
[17:08:12.334]: (-0.4, 1.2, 1.4) 8
[17:08:12.350]: (-0.4, 1.3, 1.4) 8
[17:08:12.367]: (-0.4, 1.3, 1.4) 8
[17:08:12.383]: (-0.4, 1.2, 1.4) 8
[17:08:12.414]: (-0.4, 1.2, 1.5) 8
[17:08:12.432]: (-0.4, 1.3, 1.4) 8
[17:08:12.588]: (-0.4, 1.2, 1.4) 8
[17:08:12.611]: (-0.3, 1.3, 1.5) 8
[17:08:12.632]: (-0.3, 1.2, 1.5) 8
[17:08:12.655]: (-0.4, 1.2, 1.4) 8
[17:08:12.676]: (-0.4, 1.3, 1.4) 8
[17:08:12.699]: (-0.4, 1.2, 1.4) 8
[17:08:12.723]: (-0.4, 1.2, 1.5) 8
[17:08:12.810]: (-0.4, 1.2, 1.5) 8
[17:08:12.876]: (-0.1, 1.3, 0.4) 2
[17:08:12.891]: (-0.1, 1.4, 0.5) 2
[17:08:12.908]: (-0.1, 1.4, 0.4) 2
[17:08:12.926]: (-0.1, 1.4, 0.4) 2
[17:08:12.942]: (-0.1, 1.4, 0.4) 2
[17:08:12.958]: (-0.1, 1.4, 0.4) 2
[17:08:12.977]: (-0.1, 1.4, 0.4) 2
[17:08:12.993]: (-0.1, 1.4, 0.4) 2
[17:08:13.010]: (-0.1, 1.3, 0.4) 2
[17:08:13.026]: (-0.1, 1.3, 0.4) 2
[17:08:13.042]: (-0.1, 1.3, 0.4) 2
[17:08:13.058]: (-0.1, 1.3, 0.4) 2
[17:08:13.075]: (-0.1, 1.3, 0.4) 2
[17:08:13.091]: (-0.1, 1.3, 0.4) 2
[17:08:13.108]: (-0.1, 1.3, 0.4) 2
[17:08:13.124]: (-0.1, 1.3, 0.4) 2
[17:08:13.141]: (-0.1, 1.3, 0.4) 2
[17:08:13.156]: (-0.1, 1.3, 0.4) 2
[17:08:13.173]: (-0.1, 1.3, 0.4) 2
[17:08:13.190]: (-0.1, 1.3, 0.4) 2
[17:08:13.207]: (-0.1, 1.3, 0.4) 2
[17:08:13.223]: (-0.1, 1.3, 0.4) 2
[17:08:13.240]: (-0.1, 1.3, 0.4) 2
[17:08:13.257]: (-0.1, 1.3, 0.4) 2
[17:08:13.274]: (-0.1, 1.3, 0.4) 2
[17:08:13.290]: (-0.1, 1.3, 0.4) 2
[17:08:13.307]: (-0.1, 1.3, 0.4) 2
[17:08:13.323]: (-0.1, 1.3, 0.4) 2
[17:08:13.339]: (-0.1, 1.3, 0.4) 2
[17:08:13.357]: (-0.1, 1.3, 0.4) 2
[17:08:13.377]: (-0.1, 1.3, 0.4) 2
[17:08:13.399]: (-0.1, 1.3, 0.4) 2
[17:08:13.421]: (-0.1, 1.3, 0.4) 2
[17:08:13.444]: (-0.1, 1.3, 0.4) 2
[17:08:13.465]: (-0.1, 1.3, 0.4) 2
[17:08:13.488]: (-0.1, 1.3, 0.4) 2
[17:08:13.510]: (-0.1, 1.3, 0.4) 2
[17:08:13.532]: (-0.1, 1.3, 0.4) 2
[17:08:13.554]: (-0.1, 1.3, 0.4) 2
[17:08:13.576]: (-0.1, 1.3, 0.4) 2
[17:08:13.599]: (-0.1, 1.3, 0.4) 2
[17:08:13.620]: (-0.1, 1.3, 0.5) 2
[17:08:13.754]: (-0.1, 1.3, 0.5) 2
[17:08:13.776]: (-0.1, 1.3, 0.4) 2
[17:08:13.792]: (-0.1, 1.3, 0.5) 2
[17:08:13.808]: (-0.1, 1.3, 0.5) 2
[17:08:13.825]: (-0.1, 1.3, 0.4) 2
[17:08:13.841]: (-0.1, 1.3, 0.4) 2
[17:08:13.856]: (-0.1, 1.3, 0.4) 2
[17:08:13.874]: (-0.1, 1.3, 0.4) 2
[17:08:13.890]: (-0.1, 1.3, 0.4) 2
[17:08:13.906]: (-0.1, 1.3, 0.4) 2
[17:08:13.924]: (-0.1, 1.3, 0.5) 2
[17:08:13.940]: (-0.1, 1.3, 0.5) 2
[17:08:13.956]: (-0.1, 1.3, 0.5) 2
[17:08:14.081]: (-0.1, 1.3, 0.5) 2
[17:08:14.098]: (-0.1, 1.3, 0.5) 2
[17:08:14.115]: (-0.1, 1.3, 0.5) 2
[17:08:14.132]: (-0.1, 1.3, 0.4) 2
[17:08:14.148]: (-0.1, 1.3, 0.4) 2
[17:08:14.165]: (-0.1, 1.3, 0.4) 2
[17:08:14.180]: (-0.1, 1.3, 0.4) 2
[17:08:14.198]: (-0.1, 1.3, 0.5) 2
[17:08:14.220]: (-0.1, 1.3, 0.5) 2
[17:08:14.242]: (-0.1, 1.3, 0.5) 2
[17:08:14.266]: (-0.1, 1.3, 0.5) 2
[17:08:14.442]: (-0.5, 1.0, 1.1) 0
[17:08:14.621]: (-0.5, 0.9, 1.1) 0
[17:08:14.642]: (-0.5, 1.0, 1.1) 0
[17:08:14.665]: (-0.5, 1.0, 1.1) 0
[17:08:14.681]: (-0.5, 0.9, 1.1) 0
[17:08:14.700]: (-0.5, 1.0, 1.1) 0
[17:08:14.718]: (-0.5, 1.0, 1.1) 0
[17:08:14.736]: (-0.5, 1.0, 1.1) 0
[17:08:14.752]: (-0.5, 1.0, 1.1) 0
[17:08:14.769]: (-0.5, 1.0, 1.1) 0
[17:08:14.785]: (-0.5, 1.0, 1.1) 0
[17:08:14.801]: (-0.5, 1.0, 1.1) 0
[17:08:14.817]: (-0.5, 1.0, 1.1) 0
[17:08:14.833]: (-0.5, 1.0, 1.1) 0
[17:08:14.849]: (-0.5, 1.0, 1.1) 0
[17:08:14.867]: (-0.5, 1.0, 1.1) 0
[17:08:14.883]: (-0.5, 1.0, 1.1) 0
[17:08:14.899]: (-0.5, 1.0, 1.1) 0
[17:08:14.914]: (-0.5, 1.0, 1.1) 0
[17:08:14.930]: (-0.5, 1.0, 1.1) 0
[17:08:14.946]: (-0.5, 1.0, 1.1) 0
[17:08:14.962]: (-0.5, 1.0, 1.1) 0
[17:08:14.978]: (-0.5, 1.0, 1.1) 0
[17:08:14.994]: (-0.5, 1.0, 1.1) 0
[17:08:15.011]: (-0.5, 1.0, 1.1) 0
[17:08:15.027]: (-0.5, 1.0, 1.1) 0
[17:08:15.044]: (-0.5, 1.0, 1.1) 0
[17:08:15.061]: (-0.5, 1.0, 1.1) 0
[17:08:15.078]: (-0.5, 1.0, 1.1) 0
[17:08:15.094]: (-0.5, 1.0, 1.1) 0
[17:08:15.111]: (-0.5, 1.0, 1.1) 0
[17:08:15.127]: (-0.5, 1.0, 1.1) 0
[17:08:15.144]: (-0.5, 1.0, 1.1) 0
[17:08:15.166]: (-0.4, 1.0, 1.1) 0
[17:08:15.186]: (-0.5, 1.0, 1.1) 0
[17:08:15.210]: (-0.5, 1.0, 1.1) 0
[17:08:15.231]: (-0.4, 1.0, 1.1) 0
[17:08:15.254]: (-0.4, 1.0, 1.2) 0
[17:08:15.298]: (-0.4, 1.0, 1.1) 0
[17:08:15.320]: (-0.5, 1.0, 1.2) 0
[17:08:16.009]: (-0.4, 1.3, 1.5) 8
[17:08:16.098]: (-0.4, 1.2, 1.4) 8
[17:08:16.120]: (-0.4, 1.2, 1.4) 8
[17:08:16.142]: (-0.4, 1.2, 1.5) 8
[17:08:16.187]: (-0.4, 1.2, 1.4) 8
[17:08:16.208]: (-0.4, 1.3, 1.4) 8
[17:08:16.232]: (-0.4, 1.2, 1.4) 8
[17:08:16.254]: (-0.4, 1.2, 1.4) 8
[17:08:16.275]: (-0.4, 1.2, 1.4) 8
[17:08:16.298]: (-0.4, 1.2, 1.5) 8
[17:08:16.443]: (-0.4, 1.1, 1.4) 7
[17:08:16.474]: (-0.4, 1.0, 1.4) 7
[17:08:16.490]: (-0.5, 1.0, 1.2) 0
[17:08:16.616]: (-0.4, 1.1, 1.4) 7
[17:08:16.634]: (-0.4, 1.1, 1.4) 7
[17:08:16.650]: (-0.4, 1.1, 1.4) 7
[17:08:16.667]: (-0.4, 1.1, 1.4) 7
[17:08:16.683]: (-0.4, 1.1, 1.4) 7
[17:08:16.700]: (-0.4, 1.1, 1.4) 7
[17:08:16.718]: (-0.3, 1.1, 1.4) 7
[17:08:16.736]: (-0.3, 1.1, 1.4) 7
[17:08:17.053]: (-0.3, 1.1, 1.4) 7
[17:08:17.098]: (-0.3, 1.0, 1.4) 7
[17:08:17.120]: (-0.3, 1.1, 1.4) 7
[17:08:17.143]: (-0.3, 1.1, 1.4) 7
[17:08:17.164]: (-0.4, 1.1, 1.4) 7
[17:08:17.187]: (-0.4, 1.1, 1.4) 7
[17:08:17.315]: (-0.1, 1.4, 0.5) 2
[17:08:17.346]: (0.2, 1.6, 0.7) 5
[17:08:17.362]: (0.2, 1.6, 0.8) 5
[17:08:17.408]: (0.2, 1.6, 0.7) 5
[17:08:17.422]: (0.2, 1.6, 0.8) 5
[17:08:17.438]: (0.2, 1.6, 0.8) 5
[17:08:17.454]: (0.2, 1.6, 0.8) 5
[17:08:17.471]: (0.2, 1.6, 0.8) 5
[17:08:17.487]: (0.2, 1.5, 0.7) 5
[17:08:17.503]: (0.2, 1.6, 0.7) 5
[17:08:17.520]: (0.1, 1.5, 0.8) 5
[17:08:17.536]: (0.2, 1.5, 0.7) 5
[17:08:17.553]: (0.2, 1.5, 0.8) 5
[17:08:17.570]: (0.2, 1.5, 0.8) 5
[17:08:17.589]: (0.2, 1.5, 0.8) 5
[17:08:17.607]: (0.2, 1.6, 0.7) 5
[17:08:17.675]: (0.2, 1.6, 0.8) 5
[17:08:17.697]: (0.2, 1.6, 0.7) 5
[17:08:17.720]: (0.2, 1.6, 0.8) 5
[17:08:17.743]: (0.2, 1.5, 0.8) 5
[17:08:17.764]: (0.2, 1.6, 0.7) 5
[17:08:17.788]: (0.2, 1.6, 0.7) 5
[17:08:17.808]: (0.2, 1.6, 0.7) 5
[17:08:17.831]: (0.2, 1.6, 0.7) 5
[17:08:17.853]: (0.2, 1.6, 0.7) 5
[17:08:17.875]: (0.2, 1.6, 0.8) 5
[17:08:17.898]: (0.2, 1.5, 0.8) 5
[17:08:17.921]: (0.2, 1.5, 0.8) 5
[17:08:17.942]: (0.2, 1.5, 0.8) 5
[17:08:17.964]: (0.1, 1.6, 0.8) 5
[17:08:17.986]: (0.1, 1.6, 0.8) 5
[17:08:18.075]: (0.2, 1.6, 0.8) 5
[17:08:18.098]: (0.2, 1.6, 0.8) 5
[17:08:18.120]: (0.2, 1.6, 0.8) 5
[17:08:18.143]: (0.2, 1.6, 0.8) 5
[17:08:18.161]: (0.2, 1.6, 0.8) 5
[17:08:18.178]: (0.2, 1.6, 0.8) 5
[17:08:18.224]: (0.2, 1.6, 0.8) 5
[17:08:18.302]: (0.2, 1.6, 0.8) 5
[17:08:18.319]: (0.2, 1.6, 0.8) 5
[17:08:18.337]: (0.2, 1.6, 0.8) 5
[17:08:18.355]: (0.2, 1.6, 0.8) 5
[17:08:18.373]: (0.2, 1.6, 0.8) 5
[17:08:18.390]: (0.2, 1.6, 0.8) 5
[17:08:18.409]: (0.2, 1.6, 0.8) 5
[17:08:18.424]: (0.2, 1.6, 0.8) 5
[17:08:18.440]: (0.2, 1.6, 0.7) 5
[17:08:18.456]: (0.2, 1.6, 0.7) 5
[17:08:18.473]: (0.2, 1.6, 0.7) 5
[17:08:18.489]: (0.2, 1.6, 0.7) 5
[17:08:18.506]: (0.2, 1.6, 0.7) 5
[17:08:18.522]: (0.1, 1.6, 0.7) 5
[17:08:18.538]: (0.2, 1.6, 0.8) 5
[17:08:18.555]: (0.1, 1.6, 0.8) 5
[17:08:18.602]: (0.1, 1.6, 0.8) 5
[17:08:18.620]: (0.2, 1.6, 0.8) 5
[17:08:18.641]: (0.2, 1.6, 0.8) 5
[17:08:18.664]: (0.2, 1.6, 0.7) 5
[17:08:18.686]: (0.2, 1.6, 0.7) 5
[17:08:18.708]: (0.2, 1.5, 0.8) 5
[17:08:18.733]: (0.2, 1.5, 0.7) 5
[17:08:18.753]: (0.2, 1.5, 0.8) 5
[17:08:18.774]: (0.2, 1.5, 0.8) 5
[17:08:18.799]: (0.1, 1.6, 0.7) 5
[17:08:18.820]: (0.2, 1.6, 0.7) 5
[17:08:18.841]: (0.1, 1.5, 0.8) 5
[17:08:18.864]: (0.1, 1.5, 0.8) 5
[17:08:18.908]: (0.1, 1.5, 0.8) 5
[17:08:19.019]: (0.1, 1.5, 0.8) 5
[17:08:19.038]: (0.1, 1.5, 0.8) 5
[17:08:19.056]: (0.1, 1.5, 0.8) 5
[17:08:19.077]: (0.1, 1.5, 0.8) 5
[17:08:19.093]: (0.1, 1.5, 0.8) 5
[17:08:19.109]: (0.1, 1.5, 0.8) 5
[17:08:19.126]: (0.1, 1.5, 0.8) 5
[17:08:19.141]: (0.1, 1.5, 0.8) 5
[17:08:19.156]: (0.1, 1.5, 0.8) 5
[17:08:19.174]: (0.2, 1.5, 0.8) 5
[17:08:19.191]: (0.2, 1.5, 0.8) 5
[17:08:19.208]: (0.2, 1.5, 0.8) 5
[17:08:19.225]: (0.1, 1.5, 0.8) 5
[17:08:19.241]: (0.1, 1.5, 0.8) 5
[17:08:19.257]: (0.1, 1.5, 0.8) 5
[17:08:19.274]: (0.1, 1.5, 0.8) 5
[17:08:19.290]: (0.1, 1.5, 0.8) 5
[17:08:19.307]: (0.1, 1.5, 0.8) 5
[17:08:19.324]: (0.1, 1.5, 0.8) 5
[17:08:19.341]: (0.1, 1.5, 0.8) 5
[17:08:19.358]: (0.1, 1.5, 0.8) 5
[17:08:19.374]: (0.1, 1.5, 0.8) 5
[17:08:19.390]: (0.2, 1.5, 0.8) 5
[17:08:19.408]: (0.1, 1.5, 0.8) 5
[17:08:19.936]: (0.1, 1.5, 0.8) 5
[17:08:19.952]: (0.1, 1.5, 0.8) 5
[17:08:19.968]: (0.1, 1.5, 0.8) 5
[17:08:19.985]: (0.1, 1.5, 0.8) 5
[17:08:20.001]: (0.1, 1.5, 0.8) 5
[17:08:20.018]: (0.1, 1.5, 0.8) 5
[17:08:20.034]: (0.1, 1.5, 0.8) 5
[17:08:20.050]: (0.1, 1.5, 0.8) 5
[17:08:20.066]: (0.1, 1.5, 0.8) 5
[17:08:20.083]: (0.1, 1.5, 0.8) 5
[17:08:20.100]: (0.1, 1.5, 0.8) 5
[17:08:24.873]: (-0.4, 1.1, 1.4) 7
[17:08:24.894]: (-0.3, 1.1, 1.4) 7
[17:08:24.918]: (-0.3, 1.1, 1.4) 7
[17:08:24.985]: (-0.3, 1.1, 1.4) 7
[17:08:25.006]: (-0.4, 1.1, 1.4) 7
[17:08:25.539]: (0.1, 1.6, 0.8) 5
[17:08:25.606]: (0.3, 1.5, 0.4) 3
[17:08:25.628]: (0.3, 1.5, 0.4) 3
[17:08:25.650]: (0.3, 1.5, 0.4) 3
[17:08:25.674]: (0.3, 1.5, 0.4) 3
[17:08:25.694]: (0.3, 1.5, 0.4) 3
[17:08:25.717]: (0.3, 1.5, 0.4) 3
[17:08:25.739]: (0.3, 1.5, 0.4) 3
[17:08:25.762]: (0.3, 1.5, 0.4) 3
[17:08:25.784]: (0.3, 1.5, 0.4) 3
[17:08:25.806]: (0.3, 1.5, 0.4) 3
[17:08:25.828]: (0.3, 1.5, 0.4) 3
[17:08:25.850]: (0.3, 1.5, 0.4) 3
[17:08:25.872]: (0.3, 1.5, 0.4) 3
[17:08:25.895]: (0.3, 1.5, 0.4) 3
[17:08:25.911]: (0.3, 1.5, 0.4) 3
[17:08:25.927]: (0.3, 1.5, 0.4) 3
[17:08:25.944]: (0.3, 1.5, 0.4) 3
[17:08:25.961]: (0.3, 1.5, 0.4) 3
[17:08:25.977]: (0.3, 1.5, 0.4) 3
[17:08:27.116]: (-0.3, 1.1, 1.4) 7
[17:08:27.148]: (-0.4, 1.0, 1.4) 7
[17:08:27.171]: (-0.4, 1.0, 1.4) 7
[17:08:27.194]: (-0.4, 1.0, 1.4) 7
[17:08:27.218]: (-0.4, 1.0, 1.4) 7
[17:08:27.437]: (-0.4, 1.1, 1.4) 7
[17:08:27.459]: (-0.4, 1.1, 1.4) 7
[17:08:27.482]: (-0.4, 1.1, 1.4) 7
[17:08:27.504]: (-0.4, 1.1, 1.4) 7
[17:08:27.526]: (-0.4, 1.0, 1.4) 7
[17:08:27.549]: (-0.4, 1.0, 1.4) 7
[17:08:27.565]: (-0.3, 1.0, 1.4) 7
[17:08:27.582]: (-0.3, 1.0, 1.4) 7
[17:08:27.599]: (-0.3, 1.0, 1.4) 7
[17:08:27.615]: (-0.3, 1.0, 1.4) 7
[17:08:27.632]: (-0.3, 1.0, 1.4) 7
[17:08:27.647]: (-0.3, 1.0, 1.4) 7
[17:08:27.662]: (-0.3, 1.0, 1.4) 7
[17:08:27.679]: (-0.3, 1.0, 1.4) 7
[17:08:27.695]: (-0.3, 1.0, 1.4) 7
[17:08:27.710]: (-0.4, 1.0, 1.4) 7
[17:08:27.728]: (-0.4, 1.0, 1.4) 7
[17:08:29.303]: (-0.1, 1.3, 0.4) 2
[17:08:29.325]: (-0.1, 1.3, 0.4) 2
[17:08:29.341]: (-0.1, 1.3, 0.5) 2
[17:08:29.372]: (-0.1, 1.3, 0.5) 2
[17:08:29.390]: (-0.1, 1.3, 0.5) 2
[17:08:29.406]: (-0.1, 1.3, 0.5) 2
[17:08:29.542]: (-0.1, 1.3, 0.5) 2
[17:08:29.758]: (0.2, 1.5, 0.8) 5
[17:08:29.892]: (0.2, 1.5, 0.8) 5
[17:08:29.916]: (0.2, 1.6, 0.8) 5
[17:08:29.936]: (0.2, 1.6, 0.7) 5
[17:08:29.958]: (0.2, 1.5, 0.8) 5
[17:08:29.981]: (0.2, 1.5, 0.8) 5
[17:08:30.781]: (-0.1, 1.3, 0.4) 2
[17:08:30.802]: (-0.1, 1.3, 0.4) 2
[17:08:30.825]: (-0.1, 1.3, 0.4) 2
[17:08:30.846]: (-0.1, 1.3, 0.4) 2
[17:08:30.869]: (-0.1, 1.3, 0.4) 2
[17:08:30.891]: (-0.1, 1.3, 0.4) 2
[17:08:30.914]: (-0.1, 1.3, 0.4) 2
[17:08:30.937]: (-0.1, 1.3, 0.4) 2
[17:08:30.981]: (-0.1, 1.3, 0.5) 2
[17:08:30.997]: (-0.1, 1.3, 0.4) 2
[17:08:31.012]: (-0.1, 1.3, 0.4) 2
[17:08:31.027]: (-0.1, 1.3, 0.4) 2
[17:08:31.044]: (-0.1, 1.3, 0.4) 2
[17:08:31.058]: (-0.1, 1.3, 0.4) 2
[17:08:31.076]: (-0.1, 1.3, 0.4) 2
[17:08:31.092]: (-0.1, 1.3, 0.4) 2
[17:08:31.108]: (-0.1, 1.3, 0.4) 2
[17:08:31.126]: (-0.1, 1.3, 0.4) 2
[17:08:31.143]: (-0.1, 1.3, 0.4) 2
[17:08:31.160]: (-0.1, 1.3, 0.4) 2
[17:08:31.177]: (-0.1, 1.3, 0.4) 2
[17:08:31.192]: (-0.1, 1.3, 0.4) 2
[17:08:31.208]: (-0.1, 1.3, 0.4) 2
[17:08:31.225]: (-0.1, 1.3, 0.4) 2
[17:08:31.242]: (-0.1, 1.3, 0.4) 2
[17:08:31.258]: (-0.1, 1.3, 0.4) 2
[17:08:31.275]: (-0.1, 1.3, 0.4) 2
[17:08:31.293]: (-0.1, 1.3, 0.4) 2
[17:08:31.309]: (-0.1, 1.3, 0.4) 2
[17:08:31.325]: (-0.1, 1.3, 0.4) 2
[17:08:31.341]: (-0.1, 1.3, 0.4) 2
[17:08:31.358]: (-0.1, 1.3, 0.4) 2
[17:08:31.375]: (-0.1, 1.3, 0.4) 2
[17:08:31.391]: (-0.1, 1.3, 0.4) 2
[17:08:31.407]: (-0.1, 1.3, 0.4) 2
[17:08:31.459]: (-0.4, 1.0, 1.1) 0
[17:08:31.813]: (-0.4, 0.9, 1.1) 0
[17:08:31.835]: (-0.4, 0.9, 1.1) 0
[17:08:31.918]: (-0.1, 1.3, 0.4) 2
[17:08:31.934]: (-0.1, 1.3, 0.4) 2
[17:08:31.950]: (-0.1, 1.3, 0.4) 2
[17:08:31.966]: (-0.1, 1.3, 0.4) 2
[17:08:31.983]: (-0.1, 1.3, 0.4) 2
[17:08:32.000]: (-0.1, 1.3, 0.4) 2
[17:08:32.017]: (-0.1, 1.3, 0.4) 2
[17:08:32.032]: (-0.1, 1.3, 0.4) 2
[17:08:32.049]: (-0.1, 1.3, 0.4) 2
[17:08:32.066]: (-0.1, 1.3, 0.4) 2
[17:08:32.082]: (-0.1, 1.3, 0.4) 2
[17:08:32.100]: (-0.1, 1.3, 0.4) 2
[17:08:32.116]: (-0.1, 1.3, 0.4) 2
[17:08:32.133]: (-0.1, 1.3, 0.4) 2
[17:08:32.150]: (-0.1, 1.3, 0.4) 2
[17:08:32.166]: (-0.1, 1.3, 0.4) 2
[17:08:32.182]: (-0.1, 1.3, 0.4) 2
[17:08:32.199]: (-0.1, 1.3, 0.4) 2
[17:08:32.215]: (-0.1, 1.3, 0.4) 2
[17:08:32.232]: (-0.1, 1.3, 0.4) 2
[17:08:32.248]: (-0.1, 1.3, 0.4) 2
[17:08:32.281]: (-0.3, 1.1, 1.7) 6
[17:08:32.297]: (-0.4, 1.0, 1.4) 7
[17:08:32.314]: (-0.5, 1.0, 1.1) 0
[17:08:32.581]: (-0.5, 0.9, 1.1) 0
[17:08:32.603]: (-0.5, 1.0, 1.1) 0
[17:08:32.625]: (-0.5, 1.0, 1.1) 0
[17:08:32.647]: (-0.5, 1.0, 1.1) 0
[17:08:32.671]: (-0.5, 1.0, 1.1) 0
[17:08:32.692]: (-0.5, 1.0, 1.1) 0
[17:08:32.715]: (-0.5, 1.0, 1.1) 0
[17:08:32.738]: (-0.5, 1.0, 1.1) 0
[17:08:32.756]: (-0.5, 1.0, 1.1) 0
[17:08:32.772]: (-0.5, 1.0, 1.1) 0
[17:08:32.788]: (-0.5, 1.0, 1.1) 0
[17:08:32.803]: (-0.5, 1.0, 1.1) 0
[17:08:32.818]: (-0.5, 1.0, 1.1) 0
[17:08:32.837]: (-0.5, 1.0, 1.1) 0
[17:08:32.854]: (-0.5, 1.0, 1.1) 0
[17:08:32.870]: (-0.5, 1.0, 1.1) 0
[17:08:32.886]: (-0.5, 1.0, 1.1) 0
[17:08:32.904]: (-0.5, 1.0, 1.1) 0
[17:08:32.921]: (-0.5, 1.0, 1.1) 0
[17:08:32.938]: (-0.5, 1.0, 1.1) 0
[17:08:32.954]: (-0.5, 1.0, 1.1) 0
[17:08:32.970]: (-0.5, 1.0, 1.1) 0
[17:08:32.987]: (-0.4, 1.0, 1.1) 0
[17:08:33.020]: (-0.4, 1.1, 1.4) 7
[17:08:33.036]: (-0.4, 1.1, 1.4) 7
[17:08:33.053]: (-0.4, 1.1, 1.4) 7
[17:08:33.070]: (-0.4, 1.1, 1.4) 7
[17:08:33.086]: (-0.4, 1.1, 1.4) 7
[17:08:33.103]: (-0.4, 1.1, 1.4) 7
[17:08:33.120]: (-0.4, 1.1, 1.4) 7
[17:08:33.137]: (-0.4, 1.0, 1.4) 7
[17:08:33.154]: (-0.4, 1.0, 1.4) 7
[17:08:33.172]: (-0.4, 1.0, 1.4) 7
[17:08:33.189]: (-0.4, 1.0, 1.4) 7
[17:08:33.205]: (-0.4, 1.0, 1.4) 7
[17:08:33.225]: (-0.4, 1.0, 1.4) 7
[17:08:33.246]: (-0.4, 1.0, 1.1) 0
[17:08:33.265]: (-0.4, 1.0, 1.1) 0
[17:08:33.284]: (-0.4, 1.0, 1.1) 0
[17:08:33.303]: (-0.4, 1.0, 1.1) 0
[17:08:33.325]: (-0.4, 1.0, 1.1) 0
[17:08:33.347]: (-0.4, 1.0, 1.1) 0
[17:08:33.370]: (-0.4, 1.0, 1.1) 0
[17:08:33.393]: (-0.4, 1.0, 1.1) 0
[17:08:33.414]: (-0.5, 1.0, 1.1) 0
[17:08:33.436]: (-0.5, 1.0, 1.1) 0
[17:08:33.458]: (-0.5, 1.0, 1.1) 0
[17:08:33.481]: (-0.5, 1.0, 1.1) 0
[17:08:33.504]: (-0.5, 1.0, 1.1) 0
[17:08:33.525]: (-0.5, 1.0, 1.1) 0
[17:08:33.547]: (-0.5, 1.0, 1.1) 0
[17:08:33.569]: (-0.5, 1.0, 1.1) 0
[17:08:33.592]: (-0.5, 1.0, 1.1) 0
[17:08:33.614]: (-0.5, 1.0, 1.1) 0
[17:08:33.636]: (-0.5, 1.0, 1.1) 0
[17:08:33.655]: (-0.5, 1.0, 1.1) 0
[17:08:33.672]: (-0.5, 1.0, 1.1) 0
[17:08:33.689]: (-0.5, 1.0, 1.1) 0
[17:08:33.706]: (-0.5, 1.0, 1.1) 0
[17:08:33.724]: (-0.5, 1.0, 1.1) 0
[17:08:33.741]: (-0.5, 1.0, 1.1) 0
[17:08:33.763]: (-0.5, 1.0, 1.1) 0
[17:08:33.780]: (-0.5, 1.0, 1.1) 0
[17:08:33.796]: (-0.5, 1.0, 1.1) 0
[17:08:33.813]: (-0.5, 1.0, 1.1) 0
[17:08:33.831]: (-0.5, 1.0, 1.1) 0
[17:08:33.849]: (-0.5, 1.0, 1.1) 0
[17:08:33.866]: (-0.5, 1.0, 1.1) 0
[17:08:33.885]: (-0.5, 1.0, 1.1) 0
[17:08:33.904]: (-0.5, 1.0, 1.1) 0
[17:08:33.920]: (-0.5, 1.0, 1.1) 0
[17:08:33.936]: (-0.5, 1.0, 1.1) 0
[17:08:33.952]: (-0.5, 1.0, 1.1) 0
[17:08:33.969]: (-0.5, 1.0, 1.1) 0
[17:08:33.985]: (-0.4, 1.0, 1.1) 0
[17:08:34.003]: (-0.4, 1.0, 1.4) 7
[17:08:34.020]: (-0.4, 1.0, 1.4) 7
[17:08:34.036]: (-0.4, 1.0, 1.4) 7
[17:08:34.052]: (-0.4, 1.0, 1.4) 7
[17:08:34.068]: (-0.4, 1.0, 1.4) 7
[17:08:34.085]: (-0.4, 1.0, 1.4) 7
[17:08:34.110]: (-0.4, 1.0, 1.4) 7
[17:08:34.127]: (-0.4, 1.0, 1.4) 7
[17:08:34.142]: (-0.4, 1.0, 1.4) 7
[17:08:34.158]: (-0.4, 1.0, 1.4) 7
[17:08:34.181]: (-0.4, 1.0, 1.4) 7
[17:08:34.202]: (-0.4, 1.0, 1.4) 7
[17:08:34.229]: (-0.4, 1.0, 1.4) 7
