[19:37:19.501]: (-0.2, 0.0, 0.0) 1
[19:37:19.523]: (-0.2, 0.0, 0.0) 1
[19:37:19.542]: (-0.2, 0.0, 0.0) 1
[19:37:19.565]: (-0.2, 0.0, 0.0) 1
[19:37:19.610]: (-0.2, 0.0, -0.1) 1
[19:37:19.631]: (-0.2, 0.0, 0.0) 1
[19:37:19.654]: (-0.2, 0.0, 0.0) 1
[19:37:19.720]: (-0.2, 0.0, 0.0) 1
[19:37:19.764]: (-0.2, 0.0, 0.0) 1
[19:37:19.787]: (-0.2, 0.0, 0.0) 1
[19:37:19.809]: (-0.2, 0.0, 0.0) 1
[19:37:19.827]: (-0.2, 0.0, 0.0) 1
[19:37:19.845]: (-0.2, 0.0, 0.0) 1
[19:37:19.861]: (-0.2, 0.0, 0.0) 1
[19:37:19.877]: (-0.2, 0.0, 0.0) 1
[19:37:19.894]: (-0.2, 0.0, 0.0) 1
[19:37:19.911]: (-0.2, 0.0, 0.0) 1
[19:37:19.930]: (-0.2, 0.0, 0.0) 1
[19:37:19.946]: (-0.4, -0.3, 0.0) 4
[19:37:19.965]: (-0.4, -0.1, 0.0) 5
[19:37:19.981]: (-0.4, -0.1, 0.0) 5
[19:37:19.999]: (-0.4, -0.1, 0.0) 5
[19:37:20.016]: (-0.4, -0.1, 0.0) 5
[19:37:20.033]: (-0.4, -0.1, 0.0) 5
[19:37:20.052]: (-0.4, -0.3, 0.0) 4
[19:37:20.331]: (-0.2, 0.0, 0.0) 1
[19:37:21.552]: (-0.4, -0.1, 0.1) 5
[19:37:21.879]: (-0.2, 0.0, 0.0) 1
[19:37:22.052]: (-0.2, 0.0, 0.1) 1
[19:37:22.074]: (-0.2, 0.0, 0.0) 1
[19:37:22.186]: (-0.2, 0.0, 0.0) 1
[19:37:22.230]: (-0.2, 0.0, 0.0) 1
[19:37:22.252]: (-0.2, 0.0, 0.0) 1
[19:37:22.274]: (-0.2, 0.0, 0.0) 1
[19:37:22.553]: (-0.2, 0.0, 0.1) 1
[19:37:22.569]: (-0.2, 0.0, 0.1) 1
[19:37:22.585]: (-0.2, 0.0, 0.0) 1
[19:37:22.600]: (-0.2, 0.0, 0.1) 1
[19:37:22.616]: (-0.2, 0.0, 0.1) 1
[19:37:22.632]: (-0.2, 0.0, 0.1) 1
[19:37:22.648]: (-0.2, 0.0, 0.1) 1
[19:37:23.359]: (-0.2, 0.0, 0.1) 1
[19:37:23.489]: (-0.2, 0.0, 0.0) 1
[19:37:23.534]: (-0.2, 0.0, 0.1) 1
[19:37:23.785]: (-0.2, 0.0, 0.0) 1
[19:37:23.984]: (-0.3, -0.3, 0.0) 4
[19:37:24.007]: (-0.2, 0.0, 0.0) 1
[19:37:24.795]: (-0.1, -0.1, 0.0) 0
[19:37:24.818]: (-0.1, -0.1, 0.1) 0
[19:37:24.840]: (-0.1, -0.1, 0.0) 0
[19:37:24.863]: (-0.1, -0.1, 0.1) 0
[19:37:24.885]: (-0.1, -0.1, 0.1) 0
[19:37:24.907]: (-0.1, -0.1, 0.1) 0
[19:37:24.930]: (-0.1, -0.1, 0.1) 0
[19:37:24.951]: (-0.1, -0.1, 0.1) 0
[19:37:25.231]: (-0.1, -0.1, 0.0) 0
[19:37:25.248]: (-0.1, -0.1, 0.0) 0
[19:37:25.265]: (-0.1, -0.1, 0.0) 0
[19:37:25.282]: (-0.1, -0.1, 0.0) 0
[19:37:25.298]: (-0.1, -0.1, 0.0) 0
[19:37:25.313]: (-0.1, -0.1, 0.1) 0
[19:37:25.330]: (-0.1, -0.1, 0.1) 0
[19:37:25.345]: (-0.1, -0.1, 0.1) 0
[19:37:25.362]: (-0.1, -0.1, 0.1) 0
[19:37:25.378]: (-0.1, -0.1, 0.1) 0
[19:37:25.394]: (-0.1, -0.1, 0.1) 0
[19:37:25.411]: (-0.1, -0.1, 0.1) 0
[19:37:25.430]: (-0.1, -0.1, 0.1) 0
[19:37:25.451]: (-0.1, -0.1, 0.0) 0
[19:37:25.473]: (-0.1, -0.1, 0.0) 0
[19:37:25.540]: (-0.5, -0.2, 0.0) 3
[19:37:25.974]: (-0.5, -0.2, 0.0) 3
[19:37:26.273]: (-0.5, -0.2, 0.0) 3
[19:37:26.295]: (-0.5, -0.2, 0.0) 3
[19:37:26.318]: (-0.5, -0.2, 0.0) 3
[19:37:26.340]: (-0.5, -0.2, 0.0) 3
[19:37:26.361]: (-0.5, -0.2, 0.0) 3
[19:37:26.406]: (-0.2, 0.0, 0.0) 1
[19:37:26.429]: (-0.2, 0.0, 0.0) 1
[19:37:26.450]: (-0.2, 0.0, 0.0) 1
[19:37:26.473]: (-0.2, 0.0, 0.0) 1
[19:37:26.495]: (-0.2, 0.0, 0.0) 1
[19:37:26.678]: (-0.2, 0.0, 0.0) 1
[19:37:26.737]: (-0.2, 0.0, 0.0) 1
[19:37:26.753]: (-0.2, 0.0, 0.0) 1
[19:37:26.785]: (-0.2, 0.0, 0.0) 1
[19:37:26.800]: (-0.2, 0.0, 0.0) 1
[19:37:26.816]: (-0.2, 0.0, 0.0) 1
[19:37:26.832]: (-0.2, 0.0, 0.0) 1
[19:37:26.961]: (-0.4, -0.3, 0.0) 4
[19:37:26.977]: (-0.3, -0.3, 0.0) 4
[19:37:27.021]: (-0.3, -0.3, 0.0) 4
[19:37:34.378]: (-0.2, -0.2, 0.6) 0
[19:37:35.385]: (-0.3, 0.6, 1.6) 5
[19:37:35.410]: (-0.3, 0.6, 1.6) 5
[19:37:35.456]: (-0.2, 0.6, 1.6) 5
[19:37:35.477]: (-0.3, 0.6, 1.7) 5
[19:37:35.500]: (-0.3, 0.6, 1.6) 5
[19:37:35.524]: (-0.2, 0.6, 1.7) 5
[19:37:38.402]: (-0.2, 1.6, 1.7) 5
[19:37:41.745]: (-0.4, -0.5, 1.9) 4
[19:37:42.174]: (-0.1, -0.7, 1.7) 1
[19:37:42.344]: (-0.1, -0.6, 1.6) 1
[19:37:42.360]: (-0.1, -0.6, 1.6) 1
[19:37:42.375]: (-0.1, -0.7, 1.6) 1
[19:37:43.588]: (-0.1, -0.2, 1.9) 5
[19:37:44.321]: (-0.1, -0.4, 1.9) 1
[19:37:45.666]: (-0.4, -0.2, 2.0) 3
[19:37:45.681]: (-0.4, -0.2, 2.0) 3
[19:37:45.697]: (-0.4, -0.2, 2.0) 3
[19:37:45.713]: (-0.4, -0.2, 2.0) 3
[19:37:45.730]: (-0.4, -0.2, 2.0) 3
[19:37:45.746]: (-0.4, -0.2, 2.0) 3
[19:37:45.763]: (-0.4, -0.2, 2.0) 3
[19:37:45.778]: (-0.4, -0.2, 2.0) 3
[19:37:45.794]: (-0.4, -0.2, 2.0) 3
[19:37:45.810]: (-0.4, -0.2, 2.0) 3
[19:37:46.220]: (-0.2, -0.3, 1.9) 5
[19:37:48.620]: (-0.4, -0.2, 2.0) 3
[19:37:48.686]: (-0.3, -0.3, 2.0) 3
[19:37:48.709]: (-0.3, -0.2, 2.0) 3
[19:37:48.731]: (-0.3, -0.3, 2.0) 3
[19:37:48.843]: (-0.3, -0.2, 2.0) 3
[19:37:48.859]: (-0.4, -0.2, 2.0) 3
[19:37:48.876]: (-0.4, -0.2, 2.0) 3
[19:37:48.892]: (-0.4, -0.2, 2.0) 3
[19:37:49.101]: (-0.4, -0.2, 2.0) 3
[19:37:49.117]: (-0.4, -0.2, 2.0) 3
[19:37:49.135]: (-0.3, -0.2, 2.0) 3
[19:37:49.151]: (-0.4, -0.3, 2.0) 3
[19:37:49.167]: (-0.4, -0.3, 2.0) 3
[19:37:49.184]: (-0.4, -0.2, 2.0) 3
[19:37:49.230]: (-0.4, -0.2, 2.0) 3
[19:37:49.254]: (-0.3, -0.2, 2.1) 3
[19:37:49.364]: (-0.3, -0.2, 2.1) 4
[19:37:49.388]: (-0.2, -0.2, 2.1) 4
[19:37:49.409]: (-0.2, -0.2, 2.1) 4
[19:37:49.431]: (-0.2, -0.2, 2.1) 4
[19:37:49.453]: (-0.3, -0.2, 2.1) 4
[19:37:49.477]: (-0.2, -0.2, 2.1) 4
[19:37:49.497]: (-0.2, -0.2, 2.1) 4
[19:37:50.535]: (-0.3, -0.1, 2.1) 3
[19:37:50.556]: (-0.3, -0.1, 2.1) 3
[19:37:50.635]: (0.0, 0.0, 2.2) 0
[19:37:50.655]: (0.0, 0.0, 2.2) 0
[19:37:50.677]: (0.0, 0.0, 2.2) 0
[19:37:50.927]: (-0.4, -0.1, 2.1) 3
[19:37:50.947]: (-0.4, -0.1, 2.1) 3
[19:37:50.967]: (-0.4, -0.1, 2.1) 3
[19:37:50.992]: (-0.4, -0.1, 2.1) 3
[19:37:51.017]: (-0.3, 0.0, 2.1) 3
[19:37:51.040]: (-0.3, 0.0, 2.1) 3
[19:37:51.061]: (-0.3, 0.0, 2.1) 3
[19:37:51.084]: (-0.3, 0.0, 2.1) 3
[19:37:51.106]: (-0.3, 0.0, 2.1) 3
[19:37:51.128]: (-0.3, 0.0, 2.1) 3
[19:37:51.153]: (-0.3, 0.0, 2.1) 3
[19:37:51.399]: (-0.2, 0.2, 2.4) 4
[19:37:51.432]: (-0.2, 0.2, 2.3) 4
[19:37:57.525]: (-0.2, -0.8, 2.3) 3
[19:37:57.542]: (-0.3, -0.7, 2.3) 3
[19:37:57.603]: (-0.2, -0.6, 2.4) 4
[19:37:59.505]: (-0.3, -0.7, 2.3) 3
