[19:47:48.814]: (-0.8, 1.1, 2.3) 6
[19:47:48.847]: (-0.8, 1.2, 2.5) 5
[19:47:48.880]: (-0.6, 1.3, 2.4) 7
[19:47:48.912]: (-0.5, 1.4, 2.4) 7
[19:47:50.138]: (-0.1, 3.1, 3.7) 18
[19:47:50.160]: (-0.1, 2.4, 2.2) 5
[19:47:51.920]: (1.5, 3.0, 1.5) 12
[19:47:52.388]: (-0.3, 3.9, 1.6) 10
[19:47:52.455]: (-0.6, 5.5, 2.9) 24
[19:47:54.155]: (1.4, 2.9, 2.6) 21
[19:48:01.190]: (1.7, 2.3, 1.7) 13
[19:48:03.906]: (0.5, 3.5, 4.6) 24
[19:48:04.212]: (0.5, 2.7, 2.7) 10
[19:48:04.229]: (0.5, 2.7, 2.7) 10
[19:48:04.248]: (0.5, 2.7, 2.7) 10
[19:48:04.295]: (0.5, 2.8, 2.7) 10
[19:48:05.193]: (0.2, 2.2, 1.0) 6
[19:48:05.211]: (0.7, 4.0, 3.3) 24
[19:48:05.228]: (0.7, 3.9, 3.3) 24
[19:48:05.246]: (0.7, 3.9, 3.3) 24
[19:48:06.731]: (0.9, 2.6, 1.5) 9
[19:48:06.747]: (1.0, 2.7, 1.7) 8
[19:48:06.763]: (0.9, 2.6, 1.5) 9
[19:48:07.453]: (0.4, 2.2, 1.0) 7
[19:48:08.483]: (2.2, 2.4, 1.7) 23
[19:48:08.500]: (2.2, 2.4, 1.7) 23
[19:48:08.516]: (2.2, 2.4, 1.6) 21
[19:48:08.533]: (2.1, 2.4, 1.6) 21
[19:48:08.550]: (2.1, 2.4, 1.6) 21
[19:48:10.137]: (-0.2, 2.8, 4.9) 24
[19:48:10.275]: (0.2, 2.4, 3.0) 10
[19:48:10.386]: (0.3, 2.4, 3.0) 10
[19:48:10.432]: (0.0, 2.3, 2.2) 5
[19:48:10.452]: (0.0, 2.3, 2.2) 5
[19:48:10.475]: (0.0, 2.3, 2.2) 5
[19:48:10.499]: (0.0, 2.3, 2.2) 5
[19:48:10.519]: (0.0, 2.3, 2.2) 5
[19:48:10.894]: (-0.2, 1.7, 2.4) 6
[19:48:10.917]: (-0.2, 1.7, 2.4) 6
[19:48:10.938]: (-0.2, 1.7, 2.3) 6
[19:48:10.978]: (-0.2, 1.7, 2.5) 5
[19:48:11.257]: (0.0, 1.7, 5.1) 25
[19:48:11.348]: (0.0, 1.8, 4.1) 18
[19:48:11.370]: (0.0, 1.8, 4.1) 18
[19:48:11.734]: (0.1, 1.9, 2.4) 7
[19:48:11.749]: (0.1, 1.8, 2.4) 7
[19:48:11.766]: (0.1, 1.8, 2.4) 7
[19:48:11.783]: (0.1, 1.8, 2.4) 7
[19:48:12.226]: (0.1, 1.8, 2.4) 7
[19:48:12.248]: (0.2, 1.8, 2.4) 7
[19:48:12.270]: (0.2, 1.8, 2.4) 7
[19:48:12.293]: (0.2, 1.9, 2.4) 7
[19:48:12.314]: (0.2, 1.9, 2.4) 7
[19:48:12.337]: (0.1, 1.9, 2.4) 7
[19:48:13.814]: (0.9, 1.5, 2.1) 32
[19:48:13.836]: (1.8, 1.1, 2.3) 12
[19:48:13.992]: (1.9, 1.0, 2.1) 13
[19:48:14.059]: (1.9, 1.1, 2.1) 13
[19:48:14.080]: (1.9, 1.1, 2.1) 13
[19:48:14.125]: (1.9, 1.1, 2.1) 13
[19:48:14.642]: (1.4, 1.3, 1.6) 3
[19:48:15.005]: (1.4, 1.3, 1.6) 3
[19:48:15.030]: (1.4, 1.3, 1.6) 3
[19:48:15.136]: (1.4, 1.4, 1.6) 3
[19:48:15.258]: (1.4, 1.3, 1.6) 3
[19:48:15.671]: (0.0, 2.0, 2.3) 6
[19:48:15.826]: (-0.1, 1.9, 2.5) 5
[19:48:20.541]: (-1.3, 2.4, 4.4) 20
