[20:13:23.705]: (-0.7, -0.9, -0.1) 19
[20:13:23.726]: (-0.7, -0.9, -0.1) 19
[20:13:23.747]: (-0.7, -1.0, -0.1) 19
[20:13:23.770]: (-0.7, -1.0, -0.1) 19
[20:13:23.792]: (-0.6, -1.0, -0.1) 19
[20:13:23.814]: (-0.9, -1.5, -0.1) 15
[20:13:23.837]: (-1.1, -2.4, -0.2) 88
[20:13:23.858]: (-1.1, -2.5, -0.3) 88
[20:13:23.881]: (-1.2, -2.4, -0.3) 88
[20:13:24.271]: (-2.1, -2.4, 0.0) 110
[20:13:24.863]: (-1.7, -1.6, 0.0) 48
[20:13:24.880]: (-1.8, -1.6, 0.0) 48
[20:13:24.897]: (-2.1, -2.5, 0.0) 102
[20:13:24.915]: (-2.1, -2.6, -0.1) 102
[20:13:24.933]: (-2.3, -2.8, -0.1) 101
[20:13:24.951]: (-2.1, -2.6, -0.1) 102
[20:13:24.967]: (-2.1, -2.6, -0.1) 102
[20:13:24.984]: (-2.1, -2.6, -0.1) 102
[20:13:25.000]: (-2.1, -2.6, -0.1) 102
[20:13:25.410]: (-1.4, -1.1, 1.8) 41
[20:13:25.514]: (-1.0, -0.3, 2.3) 48
[20:13:25.556]: (-0.9, -0.2, 2.6) 39
[20:13:25.796]: (-0.4, 1.1, 3.0) 38
[20:13:25.817]: (-0.2, 1.2, 3.6) 65
[20:13:25.840]: (-0.3, 1.3, 3.0) 38
[20:13:25.862]: (-0.2, 1.3, 3.0) 38
[20:13:25.884]: (-0.2, 1.4, 3.0) 38
[20:13:26.363]: (0.0, 1.2, 1.9) 11
[20:13:26.497]: (-1.4, 1.7, 3.9) 53
[20:13:26.521]: (-1.1, 1.7, 2.8) 27
[20:13:26.542]: (-1.2, 1.8, 3.1) 34
[20:13:26.698]: (-0.4, 2.5, 3.4) 64
[20:13:26.901]: (0.0, 3.0, 3.2) 94
[20:13:27.004]: (0.0, 2.9, 3.0) 104
[20:13:27.020]: (0.0, 2.9, 3.0) 104
[20:13:27.037]: (0.0, 2.6, 2.4) 45
[20:13:27.054]: (0.0, 2.6, 2.3) 45
[20:13:27.075]: (-0.1, 2.5, 2.4) 45
[20:13:27.096]: (0.0, 2.5, 2.3) 45
[20:13:27.112]: (0.0, 2.5, 2.3) 45
[20:13:27.130]: (-0.1, 2.5, 2.3) 45
[20:13:27.146]: (-0.1, 2.5, 2.4) 45
[20:13:27.165]: (-0.1, 2.5, 2.4) 45
[20:13:27.183]: (0.0, 2.5, 2.3) 50
[20:13:27.209]: (0.2, 2.6, 2.5) 51
[20:13:27.229]: (0.1, 2.2, 1.7) 13
[20:13:27.253]: (0.1, 2.2, 1.7) 13
[20:13:27.270]: (0.1, 2.2, 1.7) 13
[20:13:27.289]: (0.1, 2.2, 1.7) 13
[20:13:27.306]: (0.1, 2.6, 2.5) 51
[20:13:27.324]: (0.1, 2.5, 2.5) 51
[20:13:27.341]: (0.0, 2.1, 1.6) 11
[20:13:27.365]: (0.0, 2.1, 1.6) 11
[20:13:27.388]: (0.0, 2.5, 2.4) 50
[20:13:27.408]: (-0.3, 2.7, 2.6) 47
[20:13:27.498]: (-0.4, 2.7, 2.3) 39
[20:13:27.905]: (-0.5, 3.6, 2.7) 67
[20:13:27.928]: (-0.4, 3.1, 2.2) 38
[20:13:29.112]: (0.1, 2.5, 2.4) 39
[20:13:29.285]: (0.4, 2.7, 2.4) 42
[20:13:29.308]: (0.9, 2.8, 2.8) 106
[20:13:29.375]: (0.5, 2.2, 1.4) 13
[20:13:29.397]: (0.5, 2.2, 1.4) 13
[20:13:29.419]: (0.5, 2.2, 1.4) 13
[20:13:29.442]: (0.4, 2.0, 1.2) 10
[20:13:30.247]: (-0.6, 1.0, 3.5) 55
[20:13:30.752]: (0.3, 2.3, 2.6) 40
[20:13:31.218]: (-0.1, 3.2, 3.4) 59
[20:13:31.241]: (-0.1, 3.0, 3.0) 65
[20:13:31.574]: (0.6, 3.3, 1.5) 44
[20:13:31.597]: (0.8, 4.0, 2.1) 103
[20:13:33.378]: (1.0, 3.5, 2.3) 107
[20:13:33.473]: (1.3, 2.9, 1.7) 71
[20:13:33.521]: (1.3, 2.8, 1.7) 71
[20:13:33.540]: (1.3, 2.8, 1.7) 71
[20:13:33.573]: (1.3, 2.8, 1.7) 71
[20:13:33.595]: (1.3, 2.8, 1.7) 71
[20:13:33.617]: (1.3, 2.8, 1.7) 71
[20:13:34.088]: (1.1, 2.9, 1.6) 74
[20:13:34.110]: (1.1, 2.9, 1.6) 74
[20:13:34.133]: (1.1, 2.9, 1.6) 74
[20:13:34.178]: (1.0, 2.7, 1.4) 91
[20:13:35.275]: (1.1, 3.3, 2.3) 95
[20:13:35.347]: (1.1, 3.3, 2.3) 95
[20:13:35.517]: (1.4, 2.4, 1.4) 89
[20:13:35.606]: (1.4, 2.5, 1.5) 74
[20:13:35.858]: (1.0, 3.4, 2.3) 103
[20:13:35.881]: (0.9, 3.2, 2.2) 94
[20:13:35.904]: (0.8, 3.2, 2.2) 102
[20:13:35.929]: (0.8, 3.2, 2.1) 102
[20:13:35.954]: (0.8, 3.2, 2.1) 102
[20:13:35.977]: (0.8, 3.2, 2.1) 102
[20:13:36.298]: (1.0, 3.1, 2.5) 103
[20:13:36.345]: (1.0, 3.1, 2.4) 103
[20:13:36.497]: (1.0, 3.2, 2.4) 103
[20:13:36.516]: (1.0, 3.3, 2.3) 103
[20:13:36.549]: (1.0, 3.2, 2.3) 103
[20:13:36.582]: (1.0, 3.2, 2.3) 103
[20:13:37.338]: (1.4, 3.1, 2.0) 97
[20:13:37.694]: (1.3, 1.8, 1.7) 74
[20:13:37.715]: (1.3, 1.9, 1.7) 74
[20:13:37.738]: (1.4, 1.9, 1.8) 82
[20:13:37.760]: (1.3, 1.9, 1.8) 82
[20:13:37.781]: (1.3, 1.9, 1.8) 82
[20:13:37.827]: (1.2, 1.8, 1.6) 81
[20:13:37.850]: (1.2, 1.8, 1.6) 81
[20:13:37.870]: (1.2, 1.8, 1.5) 80
[20:13:37.894]: (1.1, 1.8, 1.5) 80
[20:13:37.916]: (0.5, 1.6, 1.0) 4
[20:13:37.937]: (0.5, 1.6, 1.0) 4
[20:13:37.961]: (0.5, 1.6, 1.0) 4
[20:13:37.985]: (0.5, 1.6, 1.0) 4
[20:13:38.007]: (0.4, 1.5, 0.8) 12
[20:13:38.031]: (0.4, 1.5, 0.8) 12
[20:13:38.053]: (0.4, 1.5, 0.8) 12
[20:13:38.075]: (0.4, 1.5, 0.8) 12
[20:13:38.097]: (0.4, 1.5, 0.8) 12
[20:13:38.119]: (0.4, 1.5, 0.8) 12
[20:13:38.143]: (0.4, 1.6, 0.8) 12
[20:13:38.165]: (0.4, 1.5, 0.8) 12
[20:13:38.363]: (0.3, 1.4, 0.9) 10
[20:13:38.386]: (0.4, 1.5, 1.0) 0
[20:13:38.407]: (0.4, 1.5, 1.0) 0
[20:13:38.428]: (0.4, 1.5, 0.9) 0
[20:13:38.452]: (0.4, 1.5, 0.9) 0
[20:13:38.474]: (0.4, 1.5, 0.9) 0
[20:13:38.495]: (0.4, 1.5, 0.9) 0
[20:13:38.518]: (0.4, 1.5, 0.9) 0
[20:13:38.541]: (0.4, 1.5, 0.9) 0
[20:13:38.606]: (0.4, 1.6, 0.8) 12
[20:13:38.628]: (0.4, 1.6, 0.8) 12
[20:13:38.650]: (0.4, 1.6, 0.7) 12
[20:13:38.671]: (0.4, 1.6, 0.7) 12
[20:13:38.693]: (0.4, 1.6, 0.7) 12
[20:13:38.715]: (0.4, 1.6, 0.7) 12
[20:13:38.736]: (0.4, 1.6, 0.7) 12
[20:13:38.757]: (0.4, 1.6, 0.7) 12
[20:13:38.779]: (0.4, 1.6, 0.7) 12
[20:13:38.800]: (0.4, 1.6, 0.7) 12
[20:13:38.821]: (0.4, 1.6, 0.7) 12
[20:13:38.844]: (0.4, 1.6, 0.7) 12
[20:13:38.866]: (0.4, 1.5, 0.7) 12
[20:13:38.886]: (0.4, 1.6, 1.0) 11
[20:13:38.908]: (0.4, 1.6, 1.0) 11
[20:13:38.932]: (0.4, 1.6, 1.0) 11
[20:13:39.183]: (0.4, 1.6, 0.7) 12
[20:13:39.216]: (0.4, 1.6, 0.7) 12
[20:13:39.249]: (0.4, 1.6, 0.7) 12
[20:13:39.282]: (0.4, 1.6, 0.7) 12
[20:13:39.317]: (0.4, 1.6, 0.7) 12
[20:13:39.349]: (0.4, 1.6, 0.7) 12
[20:13:39.381]: (0.4, 1.6, 0.7) 12
[20:13:39.415]: (0.4, 1.6, 0.7) 12
[20:13:39.448]: (0.4, 1.6, 0.7) 12
[20:13:39.482]: (0.4, 1.6, 0.7) 12
[20:13:39.517]: (0.4, 1.6, 0.7) 12
[20:13:39.549]: (0.3, 1.6, 0.7) 12
[20:13:39.583]: (0.3, 1.6, 0.8) 12
[20:13:39.615]: (0.3, 1.6, 0.8) 12
[20:13:39.650]: (0.3, 1.6, 0.8) 12
[20:13:39.682]: (0.4, 1.5, 0.7) 12
[20:13:39.714]: (0.4, 1.6, 0.7) 12
[20:13:39.749]: (0.4, 1.6, 0.7) 12
[20:13:39.782]: (0.4, 1.6, 0.7) 12
[20:13:39.816]: (0.4, 1.6, 0.7) 12
[20:13:39.848]: (0.5, 1.7, 0.9) 2
[20:13:39.870]: (0.5, 1.7, 1.0) 2
[20:13:40.004]: (0.6, 1.8, 1.1) 14
[20:13:40.025]: (0.6, 1.8, 1.1) 14
[20:13:40.048]: (0.6, 1.8, 1.1) 14
[20:13:40.070]: (0.6, 1.8, 1.2) 14
[20:13:40.182]: (0.6, 1.8, 1.1) 14
[20:13:40.203]: (0.6, 1.8, 1.1) 14
[20:13:40.226]: (0.6, 1.8, 1.0) 3
[20:13:40.247]: (0.6, 1.8, 1.0) 3
[20:13:40.270]: (0.6, 1.8, 1.0) 3
[20:13:40.293]: (0.6, 1.8, 1.0) 3
[20:13:40.316]: (0.6, 1.8, 1.0) 3
[20:13:40.337]: (0.6, 1.8, 1.0) 3
[20:13:40.359]: (0.6, 1.8, 1.0) 3
[20:13:40.382]: (0.6, 1.8, 1.0) 3
[20:13:40.403]: (0.6, 1.8, 1.0) 3
[20:13:40.427]: (0.6, 1.8, 1.0) 3
[20:13:40.448]: (0.6, 1.8, 1.0) 3
[20:13:40.470]: (0.6, 1.8, 1.0) 3
[20:13:40.494]: (0.6, 1.8, 1.0) 3
[20:13:40.515]: (0.6, 1.8, 1.0) 3
[20:13:40.537]: (0.6, 1.8, 1.0) 3
[20:13:40.559]: (0.6, 1.8, 1.0) 3
[20:13:40.581]: (0.6, 1.8, 1.0) 3
[20:13:40.627]: (1.3, 2.3, 1.3) 74
[20:13:40.650]: (1.4, 2.3, 1.2) 74
[20:13:40.674]: (1.4, 2.3, 1.3) 74
[20:13:40.696]: (1.3, 2.3, 1.3) 74
[20:13:40.718]: (1.3, 2.3, 1.3) 74
[20:13:40.741]: (1.3, 2.3, 1.2) 74
[20:13:40.763]: (1.3, 2.3, 1.2) 74
[20:13:40.785]: (1.3, 2.3, 1.2) 74
[20:13:40.808]: (1.4, 2.3, 1.2) 74
[20:13:41.352]: (0.9, 3.0, 1.7) 104
[20:13:42.748]: (1.0, 3.4, 1.7) 95
[20:13:42.769]: (1.0, 3.3, 1.7) 94
[20:13:42.792]: (0.9, 3.1, 1.5) 104
[20:13:42.836]: (1.0, 3.3, 1.6) 102
[20:13:42.919]: (0.9, 3.2, 1.3) 104
[20:13:42.945]: (1.0, 3.4, 1.4) 94
[20:13:42.968]: (1.0, 3.4, 1.4) 94
[20:13:42.990]: (1.0, 3.4, 1.4) 102
[20:13:44.365]: (0.5, 2.4, 1.5) 47
[20:13:44.432]: (0.5, 2.4, 1.5) 47
[20:13:44.455]: (0.5, 2.4, 1.5) 47
[20:13:44.602]: (0.6, 2.5, 1.9) 110
[20:13:44.625]: (0.6, 2.5, 1.9) 110
[20:13:44.763]: (0.5, 2.3, 2.0) 102
[20:13:44.785]: (0.6, 2.3, 2.0) 94
[20:13:44.808]: (0.5, 2.3, 2.0) 94
[20:13:44.830]: (0.5, 2.3, 2.0) 94
[20:13:44.853]: (0.5, 2.3, 2.0) 94
[20:13:44.875]: (0.4, 2.3, 2.0) 94
[20:13:44.892]: (0.4, 2.3, 2.0) 94
[20:13:44.909]: (0.4, 2.1, 1.8) 104
[20:13:44.928]: (0.4, 2.1, 1.9) 104
[20:13:44.970]: (0.4, 2.3, 2.0) 102
[20:13:44.987]: (0.4, 2.3, 2.0) 102
[20:13:45.005]: (0.4, 2.2, 2.0) 102
[20:13:45.023]: (0.4, 2.2, 2.1) 102
[20:13:45.390]: (0.3, 2.5, 2.3) 109
[20:13:45.569]: (0.3, 2.5, 2.3) 109
[20:13:45.590]: (0.4, 2.5, 2.3) 109
[20:13:45.613]: (0.4, 2.5, 2.3) 109
[20:13:45.635]: (0.4, 2.4, 2.3) 109
[20:13:46.026]: (0.7, 2.3, 2.0) 109
[20:13:46.209]: (0.7, 2.3, 1.9) 109
[20:13:46.435]: (0.8, 2.3, 1.7) 101
[20:13:46.469]: (0.8, 2.3, 1.7) 101
[20:13:46.501]: (0.8, 2.3, 1.7) 101
[20:13:47.567]: (0.9, 2.2, 1.6) 103
[20:13:47.589]: (0.8, 2.0, 1.4) 96
[20:13:47.658]: (1.0, 1.2, 0.8) 74
[20:13:47.681]: (1.0, 1.2, 0.8) 74
[20:13:47.705]: (1.0, 1.2, 0.8) 74
[20:13:47.727]: (1.0, 1.2, 0.8) 74
[20:13:47.750]: (1.0, 1.2, 0.8) 74
[20:13:47.772]: (1.0, 1.2, 0.8) 74
[20:13:47.794]: (1.0, 1.2, 0.8) 74
[20:13:47.815]: (1.0, 1.2, 0.8) 74
[20:13:47.836]: (1.0, 1.2, 0.8) 74
[20:13:47.879]: (1.1, 1.1, 1.0) 82
[20:13:47.967]: (1.0, 1.2, 0.8) 74
[20:13:47.991]: (1.0, 1.2, 0.8) 74
[20:13:48.012]: (1.0, 1.2, 0.8) 74
[20:13:48.034]: (1.1, 1.1, 1.0) 82
[20:13:48.235]: (0.5, 2.2, 1.7) 108
[20:13:48.257]: (0.6, 2.2, 1.7) 100
[20:13:48.301]: (0.6, 2.2, 1.7) 100
[20:13:48.324]: (0.6, 2.2, 1.7) 100
[20:13:48.345]: (0.6, 2.2, 1.6) 100
[20:13:48.367]: (0.8, 2.4, 1.7) 101
[20:13:48.429]: (0.7, 2.4, 1.7) 101
[20:13:48.453]: (0.7, 2.4, 1.7) 101
[20:13:48.475]: (0.7, 2.3, 1.7) 101
[20:13:48.498]: (0.7, 2.3, 1.7) 101
[20:13:48.968]: (0.6, 2.0, 1.4) 104
[20:13:49.031]: (1.2, 1.3, 0.9) 75
[20:13:49.054]: (1.2, 1.3, 0.9) 77
[20:13:49.076]: (1.2, 1.3, 0.9) 77
[20:13:49.096]: (1.2, 1.3, 0.8) 77
[20:13:49.118]: (1.2, 1.3, 0.8) 77
[20:13:49.141]: (1.2, 1.3, 0.9) 77
[20:13:49.163]: (1.2, 1.3, 0.9) 77
[20:13:49.185]: (1.2, 1.4, 0.9) 77
[20:13:49.209]: (1.2, 1.3, 0.9) 77
[20:13:49.230]: (1.2, 1.4, 0.9) 77
[20:13:49.252]: (1.2, 1.4, 0.9) 77
[20:13:49.275]: (1.2, 1.4, 0.9) 77
[20:13:49.299]: (1.2, 1.4, 0.9) 77
[20:13:49.320]: (1.2, 1.4, 0.9) 77
[20:13:49.342]: (1.1, 1.4, 0.9) 77
[20:13:49.363]: (1.1, 1.4, 0.9) 77
[20:13:49.386]: (1.1, 1.4, 0.9) 77
[20:13:49.406]: (1.1, 1.4, 0.9) 77
[20:13:49.430]: (1.1, 1.4, 0.9) 77
[20:13:49.453]: (1.1, 1.4, 0.9) 75
[20:13:49.474]: (1.1, 1.4, 0.9) 75
[20:13:49.496]: (1.1, 1.4, 0.9) 75
[20:13:49.519]: (1.1, 1.4, 0.9) 77
[20:13:49.540]: (1.1, 1.4, 0.9) 77
[20:13:49.563]: (1.1, 1.4, 0.9) 77
[20:13:49.586]: (1.1, 1.4, 0.9) 75
[20:13:49.609]: (1.1, 1.4, 1.0) 77
[20:13:49.632]: (1.0, 1.4, 1.0) 75
[20:13:49.653]: (1.0, 1.4, 1.0) 75
[20:13:49.675]: (1.1, 1.4, 1.0) 77
[20:13:49.697]: (1.1, 1.4, 1.0) 77
[20:13:49.717]: (1.1, 1.4, 1.0) 77
[20:13:49.738]: (1.1, 1.4, 1.0) 77
[20:13:49.760]: (1.1, 1.4, 1.0) 77
[20:13:49.782]: (1.1, 1.4, 1.0) 77
[20:13:49.910]: (0.9, 1.4, 0.7) 86
[20:13:49.935]: (0.9, 1.4, 0.7) 86
[20:13:49.957]: (0.9, 1.4, 0.7) 86
[20:13:49.978]: (0.9, 1.4, 0.7) 86
[20:13:50.001]: (0.9, 1.4, 0.7) 86
[20:13:50.023]: (0.9, 1.4, 0.7) 86
[20:13:50.044]: (0.9, 1.4, 0.7) 86
[20:13:50.066]: (0.9, 1.4, 0.8) 86
[20:13:50.091]: (0.9, 1.4, 0.8) 86
[20:13:50.113]: (0.9, 1.4, 0.8) 86
[20:13:50.137]: (0.9, 1.4, 0.8) 86
[20:13:50.159]: (0.9, 1.4, 0.8) 86
[20:13:50.176]: (0.9, 1.4, 0.8) 86
[20:13:50.210]: (0.9, 1.4, 0.8) 86
[20:13:50.244]: (1.0, 1.4, 1.0) 77
[20:13:50.276]: (1.0, 1.4, 1.0) 77
[20:13:50.310]: (1.0, 1.4, 1.0) 77
[20:13:50.344]: (1.1, 1.5, 1.1) 72
[20:13:50.810]: (0.9, 1.5, 1.1) 73
[20:13:50.976]: (0.9, 1.3, 1.2) 82
[20:13:50.999]: (0.8, 1.4, 1.0) 74
[20:13:51.021]: (0.8, 1.4, 1.0) 74
[20:13:51.043]: (0.8, 1.4, 1.0) 74
[20:13:51.069]: (0.9, 1.5, 1.1) 73
[20:13:51.090]: (0.8, 1.4, 1.0) 74
[20:13:51.112]: (0.8, 1.4, 1.0) 74
[20:13:51.133]: (0.8, 1.4, 1.0) 74
[20:13:51.155]: (0.8, 1.4, 1.0) 74
[20:13:51.177]: (0.8, 1.4, 1.0) 74
[20:13:51.201]: (0.8, 1.4, 1.0) 74
[20:13:51.223]: (0.8, 1.4, 1.0) 74
[20:13:51.246]: (0.8, 1.4, 1.0) 74
[20:13:51.266]: (0.8, 1.4, 1.0) 74
[20:13:51.289]: (0.9, 1.5, 1.1) 73
[20:13:51.311]: (0.9, 1.5, 1.1) 73
[20:13:51.332]: (0.9, 1.5, 1.1) 73
[20:13:51.354]: (0.9, 1.5, 1.1) 73
[20:13:51.379]: (0.9, 1.5, 1.1) 73
[20:13:51.399]: (0.9, 1.5, 1.1) 73
[20:13:51.422]: (0.9, 1.5, 1.1) 73
[20:13:51.445]: (0.9, 1.5, 1.1) 73
[20:13:51.845]: (0.9, 1.4, 1.0) 75
[20:13:51.867]: (0.9, 1.4, 1.0) 75
[20:13:51.889]: (0.9, 1.4, 1.0) 75
[20:13:51.913]: (0.9, 1.4, 1.0) 75
[20:13:51.934]: (0.9, 1.4, 1.0) 75
[20:13:51.957]: (0.9, 1.4, 1.0) 75
[20:13:51.979]: (0.9, 1.4, 1.0) 75
[20:13:52.002]: (0.9, 1.4, 1.0) 75
[20:13:52.024]: (0.9, 1.4, 1.0) 75
[20:13:52.045]: (0.9, 1.4, 1.0) 75
[20:13:52.067]: (0.9, 1.4, 1.0) 75
[20:13:52.091]: (0.9, 1.4, 1.0) 75
[20:13:52.110]: (0.9, 1.4, 1.0) 75
[20:13:52.129]: (0.9, 1.4, 1.0) 75
[20:13:52.151]: (0.7, 1.3, 0.8) 89
[20:13:52.174]: (0.7, 1.3, 0.8) 89
[20:13:52.198]: (0.7, 1.3, 0.8) 89
[20:13:52.225]: (0.7, 1.3, 0.8) 89
[20:13:52.249]: (0.8, 1.3, 0.8) 89
[20:13:52.270]: (0.7, 1.3, 0.8) 89
[20:13:52.292]: (0.8, 1.3, 0.8) 89
[20:13:52.316]: (0.8, 1.3, 0.8) 89
[20:13:52.339]: (0.7, 1.3, 0.8) 89
[20:13:52.362]: (0.8, 1.3, 0.8) 89
[20:13:52.386]: (0.8, 1.3, 0.8) 89
[20:13:52.410]: (0.8, 1.3, 0.8) 89
[20:13:52.431]: (0.8, 1.3, 0.8) 89
[20:13:52.457]: (0.9, 1.3, 1.1) 75
[20:13:52.478]: (0.9, 1.3, 1.1) 75
[20:13:52.500]: (0.9, 1.3, 1.1) 75
[20:13:52.524]: (0.9, 1.3, 1.1) 75
[20:13:52.548]: (0.9, 1.3, 1.1) 75
[20:13:52.611]: (0.9, 1.3, 1.1) 77
[20:13:52.635]: (0.8, 1.3, 0.8) 86
[20:13:52.658]: (0.8, 1.3, 0.8) 86
[20:13:52.682]: (1.0, 1.4, 1.1) 83
[20:13:52.706]: (0.9, 1.4, 1.1) 83
[20:13:52.727]: (0.9, 1.4, 1.1) 83
[20:13:52.750]: (0.9, 1.4, 1.2) 83
[20:13:52.817]: (0.7, 1.4, 0.8) 89
[20:13:52.839]: (0.8, 1.5, 1.0) 77
[20:13:52.861]: (0.7, 1.5, 0.8) 86
[20:13:52.888]: (0.7, 1.5, 0.8) 86
[20:13:52.921]: (0.6, 1.5, 0.8) 86
[20:13:52.954]: (0.8, 1.6, 1.1) 77
[20:13:53.120]: (0.7, 1.6, 0.7) 86
[20:13:53.156]: (0.7, 1.6, 0.7) 86
[20:13:53.188]: (0.8, 1.6, 0.9) 77
[20:13:53.221]: (0.9, 1.7, 0.9) 83
[20:13:53.253]: (0.9, 1.7, 0.9) 83
[20:13:53.288]: (0.8, 1.7, 0.8) 79
[20:13:53.322]: (0.8, 1.7, 0.8) 79
[20:13:53.355]: (0.6, 1.6, 0.6) 86
[20:13:53.388]: (0.6, 1.7, 0.6) 86
[20:13:53.421]: (0.6, 1.7, 0.6) 86
[20:13:53.456]: (0.6, 1.7, 0.6) 86
[20:13:53.488]: (0.6, 1.7, 0.6) 86
[20:13:53.509]: (0.6, 1.7, 0.6) 86
[20:13:53.531]: (0.6, 1.7, 0.6) 86
[20:13:53.553]: (0.6, 1.7, 0.6) 86
[20:13:53.576]: (0.6, 1.7, 0.6) 86
[20:13:53.598]: (0.6, 1.7, 0.6) 86
[20:13:53.619]: (0.6, 1.7, 0.6) 86
[20:13:53.644]: (0.6, 1.7, 0.6) 86
[20:13:53.665]: (0.6, 1.7, 0.6) 86
[20:13:53.688]: (0.6, 1.7, 0.6) 86
[20:13:53.709]: (0.6, 1.7, 0.6) 86
[20:13:53.731]: (0.6, 1.7, 0.6) 86
[20:13:53.755]: (0.6, 1.7, 0.6) 86
[20:13:53.776]: (0.6, 1.7, 0.6) 86
[20:13:53.799]: (0.6, 1.7, 0.6) 86
[20:13:53.821]: (0.6, 1.7, 0.6) 86
[20:13:53.843]: (0.6, 1.7, 0.6) 86
[20:13:53.865]: (0.6, 1.7, 0.6) 86
[20:13:53.886]: (0.6, 1.7, 0.6) 86
[20:13:53.910]: (0.6, 1.7, 0.6) 86
[20:13:53.932]: (0.6, 1.7, 0.6) 86
[20:13:53.954]: (0.6, 1.7, 0.6) 86
[20:13:53.975]: (0.6, 1.7, 0.6) 86
[20:13:53.998]: (0.6, 1.7, 0.6) 86
[20:13:54.021]: (0.6, 1.7, 0.6) 86
[20:13:54.043]: (0.6, 1.7, 0.6) 86
[20:13:54.380]: (0.3, 1.1, 0.7) 15
[20:13:54.425]: (0.2, 1.0, 0.6) 5
[20:13:54.450]: (0.1, 1.0, 0.6) 5
[20:13:54.472]: (0.1, 1.0, 0.6) 5
[20:13:54.494]: (0.1, 1.0, 0.6) 5
[20:13:54.517]: (0.1, 1.0, 0.6) 5
[20:13:54.537]: (0.1, 1.0, 0.6) 5
[20:13:54.559]: (0.1, 1.0, 0.7) 5
[20:13:54.664]: (0.0, 1.0, 0.8) 14
[20:13:54.812]: (0.0, 0.9, 0.7) 2
[20:13:54.918]: (0.1, 1.0, 0.7) 3
[20:13:54.962]: (0.0, 1.0, 0.7) 13
[20:13:54.984]: (0.0, 1.0, 0.7) 13
[20:13:55.006]: (0.0, 1.0, 0.7) 13
[20:13:55.027]: (0.0, 1.0, 0.7) 13
[20:13:55.049]: (0.0, 1.0, 0.7) 13
[20:13:55.073]: (0.0, 1.0, 0.7) 13
[20:13:55.095]: (0.0, 1.0, 0.7) 13
[20:13:55.117]: (0.1, 1.0, 0.7) 13
[20:13:55.159]: (0.1, 1.0, 0.7) 13
[20:13:55.181]: (0.1, 1.0, 0.7) 13
[20:13:55.390]: (0.2, 1.0, 0.7) 1
[20:13:55.742]: (0.1, 1.0, 0.7) 11
[20:13:55.777]: (0.1, 1.0, 0.7) 11
[20:13:55.808]: (0.1, 1.0, 0.7) 11
[20:13:55.842]: (0.0, 1.0, 0.8) 11
[20:13:56.497]: (-0.4, 2.1, 1.1) 47
[20:13:56.520]: (-0.4, 2.1, 1.1) 47
[20:13:56.541]: (-0.4, 2.1, 1.0) 42
[20:13:56.564]: (-0.4, 2.1, 1.0) 42
[20:13:56.586]: (-0.4, 2.1, 1.0) 42
[20:13:56.608]: (-0.4, 2.1, 1.0) 42
[20:13:56.630]: (-0.4, 2.0, 1.0) 42
[20:13:56.697]: (-0.3, 2.1, 1.0) 44
[20:13:56.720]: (-0.3, 2.1, 1.0) 44
[20:13:56.741]: (-0.2, 2.1, 1.0) 44
[20:13:56.763]: (-0.2, 2.1, 1.0) 44
[20:13:56.786]: (-0.3, 2.1, 1.0) 44
[20:13:56.808]: (-0.3, 2.1, 1.0) 44
[20:13:56.899]: (-0.3, 2.1, 1.0) 44
[20:13:56.944]: (-0.3, 2.1, 1.0) 42
[20:13:57.166]: (0.2, 1.1, 0.6) 4
[20:13:57.188]: (0.2, 1.1, 0.6) 4
[20:13:57.211]: (0.2, 1.1, 0.6) 4
[20:13:57.233]: (0.2, 1.1, 0.6) 4
[20:13:57.278]: (0.2, 1.1, 0.6) 4
[20:13:57.337]: (0.2, 1.2, 0.6) 2
[20:13:57.356]: (0.2, 1.2, 0.6) 2
[20:13:57.373]: (0.2, 1.2, 0.6) 2
[20:13:57.390]: (0.2, 1.2, 0.6) 2
[20:13:57.408]: (0.2, 1.2, 0.6) 2
[20:13:57.425]: (0.2, 1.2, 0.6) 2
[20:13:57.444]: (0.2, 1.2, 0.6) 2
[20:13:57.462]: (0.2, 1.1, 0.6) 2
[20:13:57.479]: (0.2, 1.1, 0.6) 4
[20:13:57.497]: (0.2, 1.1, 0.6) 4
[20:13:57.513]: (0.2, 1.1, 0.6) 4
[20:13:57.530]: (0.2, 1.1, 0.6) 4
[20:13:57.547]: (0.2, 1.1, 0.6) 4
[20:13:57.751]: (0.1, 0.9, 0.7) 0
[20:13:58.230]: (0.2, 1.1, 0.7) 2
[20:13:58.254]: (0.2, 1.1, 0.6) 2
[20:13:58.275]: (0.2, 1.1, 0.6) 2
[20:13:58.296]: (0.2, 1.1, 0.6) 2
[20:13:58.314]: (0.2, 1.1, 0.6) 2
[20:13:58.331]: (0.2, 1.1, 0.6) 2
[20:13:58.349]: (0.2, 1.1, 0.6) 2
[20:13:58.365]: (0.2, 1.1, 0.6) 2
[20:13:58.382]: (0.2, 1.1, 0.6) 2
[20:13:58.400]: (0.2, 1.1, 0.6) 2
[20:13:58.416]: (0.2, 1.2, 0.6) 2
[20:13:58.434]: (0.2, 1.2, 0.6) 2
[20:13:58.455]: (0.2, 1.2, 0.6) 2
[20:13:58.471]: (0.2, 1.2, 0.6) 2
[20:13:58.487]: (0.2, 1.2, 0.6) 2
[20:13:58.504]: (0.2, 1.2, 0.6) 2
[20:13:58.522]: (0.2, 1.2, 0.6) 2
[20:13:58.538]: (0.2, 1.2, 0.6) 2
[20:13:58.555]: (0.2, 1.2, 0.6) 2
[20:13:58.572]: (0.2, 1.2, 0.6) 2
[20:13:58.589]: (0.2, 1.1, 0.6) 2
[20:13:58.807]: (0.1, 1.1, 0.6) 2
[20:13:58.829]: (0.2, 1.2, 0.7) 2
[20:13:58.852]: (0.2, 1.2, 0.7) 2
[20:13:58.964]: (0.1, 1.2, 0.7) 13
[20:13:58.986]: (0.1, 1.2, 0.7) 13
[20:13:59.007]: (0.1, 1.2, 0.7) 13
[20:13:59.030]: (0.1, 1.2, 0.7) 13
[20:13:59.052]: (0.1, 1.2, 0.7) 13
[20:13:59.073]: (0.1, 1.2, 0.7) 13
[20:13:59.098]: (0.1, 1.2, 0.7) 13
[20:13:59.118]: (0.1, 1.2, 0.7) 13
[20:13:59.140]: (0.1, 1.2, 0.7) 13
[20:13:59.164]: (0.1, 1.2, 0.7) 13
[20:13:59.184]: (0.1, 1.2, 0.7) 13
[20:13:59.201]: (0.1, 1.2, 0.7) 13
[20:13:59.220]: (0.1, 1.2, 0.7) 13
[20:13:59.237]: (0.1, 1.2, 0.7) 13
[20:13:59.255]: (0.1, 1.2, 0.7) 13
[20:13:59.272]: (0.1, 1.2, 0.7) 13
[20:13:59.289]: (0.1, 1.2, 0.7) 13
[20:13:59.306]: (0.1, 1.2, 0.7) 13
[20:13:59.322]: (0.1, 1.2, 0.7) 13
[20:13:59.604]: (0.1, 1.1, 0.7) 13
[20:13:59.622]: (0.1, 1.1, 0.8) 11
[20:13:59.639]: (0.1, 1.1, 0.8) 11
[20:13:59.663]: (0.1, 1.1, 0.8) 11
[20:13:59.685]: (0.1, 1.1, 0.8) 11
[20:13:59.708]: (0.0, 1.1, 0.8) 11
[20:13:59.729]: (0.0, 1.1, 0.8) 11
[20:13:59.752]: (0.0, 1.1, 0.8) 11
[20:13:59.774]: (0.0, 1.1, 0.8) 11
[20:13:59.796]: (0.0, 1.1, 0.8) 11
[20:13:59.818]: (0.0, 1.1, 0.8) 11
[20:13:59.840]: (0.0, 1.1, 0.8) 11
[20:14:00.430]: (-1.0, 2.7, 1.7) 61
[20:14:00.484]: (-1.1, 2.8, 1.8) 57
[20:14:00.507]: (-1.1, 2.8, 1.8) 57
[20:14:00.529]: (-1.0, 2.8, 1.8) 57
[20:14:00.574]: (-1.1, 2.8, 1.8) 57
[20:14:00.595]: (-0.9, 2.6, 1.7) 60
[20:14:00.618]: (-0.9, 2.7, 1.7) 61
[20:14:00.640]: (-1.0, 2.8, 1.8) 57
[20:14:00.662]: (-0.9, 2.6, 1.7) 60
[20:14:00.684]: (-0.9, 2.5, 1.6) 55
[20:14:01.362]: (-0.3, 3.0, 1.1) 103
[20:14:01.384]: (-0.3, 2.9, 0.9) 95
[20:14:01.406]: (-0.2, 3.0, 0.9) 97
[20:14:01.430]: (-0.3, 3.0, 0.9) 95
[20:14:01.450]: (-0.2, 3.0, 0.9) 97
[20:14:01.473]: (-0.2, 3.0, 0.9) 97
[20:14:01.495]: (-0.2, 2.9, 0.9) 97
[20:14:01.518]: (-0.2, 2.9, 0.9) 97
[20:14:01.539]: (-0.1, 2.8, 0.8) 98
[20:14:01.563]: (-0.1, 2.8, 0.8) 99
[20:14:01.583]: (-0.1, 2.8, 0.8) 99
[20:14:01.606]: (0.0, 2.9, 0.9) 99
[20:14:01.673]: (0.7, 2.2, 0.3) 79
[20:14:01.695]: (0.7, 2.2, 0.3) 79
[20:14:01.717]: (0.7, 2.2, 0.3) 79
[20:14:01.740]: (0.5, 2.1, 0.2) 86
[20:14:01.762]: (0.7, 2.3, 0.4) 83
[20:14:01.780]: (0.7, 2.3, 0.5) 83
[20:14:01.796]: (0.7, 2.3, 0.5) 83
[20:14:01.814]: (0.6, 2.3, 0.4) 77
[20:14:01.830]: (0.6, 2.3, 0.5) 77
[20:14:01.846]: (0.6, 2.3, 0.5) 77
[20:14:01.864]: (0.6, 2.3, 0.5) 77
[20:14:01.882]: (0.6, 2.3, 0.5) 75
[20:14:01.900]: (0.6, 2.3, 0.5) 75
[20:14:01.919]: (0.6, 2.3, 0.5) 75
[20:14:01.938]: (0.6, 2.3, 0.4) 77
[20:14:01.955]: (0.5, 2.1, 0.2) 86
[20:14:01.972]: (0.5, 2.1, 0.2) 86
[20:14:01.991]: (0.5, 2.1, 0.2) 86
[20:14:02.009]: (0.4, 2.1, 0.2) 86
[20:14:02.026]: (0.5, 2.1, 0.2) 86
[20:14:02.044]: (0.4, 2.1, 0.2) 86
[20:14:02.063]: (0.4, 2.1, 0.2) 86
[20:14:02.081]: (0.4, 2.1, 0.2) 86
[20:14:02.098]: (0.4, 2.1, 0.2) 86
[20:14:02.116]: (0.4, 2.1, 0.2) 86
[20:14:02.134]: (0.5, 2.1, 0.3) 86
[20:14:02.153]: (0.6, 2.3, 0.4) 77
[20:14:02.172]: (0.6, 2.3, 0.4) 77
[20:14:02.191]: (0.6, 2.3, 0.4) 77
[20:14:02.208]: (0.6, 2.3, 0.5) 77
[20:14:02.225]: (0.5, 2.3, 0.5) 75
[20:14:02.362]: (0.1, 1.4, 0.7) 14
[20:14:02.605]: (0.4, 2.2, 0.5) 74
[20:14:02.649]: (0.5, 2.3, 0.6) 73
[20:14:02.674]: (0.5, 2.3, 0.6) 73
[20:14:02.695]: (0.4, 2.2, 0.5) 74
[20:14:02.716]: (0.5, 2.3, 0.6) 73
[20:14:02.734]: (0.4, 2.2, 0.5) 74
[20:14:02.754]: (0.4, 2.2, 0.5) 74
[20:14:02.772]: (0.4, 2.2, 0.5) 74
[20:14:02.789]: (0.4, 2.2, 0.5) 74
[20:14:02.807]: (0.4, 2.2, 0.5) 74
[20:14:02.824]: (0.4, 2.2, 0.5) 74
[20:14:02.841]: (0.4, 2.2, 0.5) 74
[20:14:02.859]: (0.4, 2.2, 0.5) 74
[20:14:02.877]: (0.5, 2.3, 0.5) 75
[20:14:02.971]: (0.5, 2.3, 0.5) 77
[20:14:02.989]: (0.5, 2.3, 0.5) 77
[20:14:03.022]: (0.5, 2.3, 0.5) 75
[20:14:03.074]: (0.5, 2.3, 0.5) 75
[20:14:03.092]: (0.5, 2.3, 0.5) 75
[20:14:03.108]: (0.5, 2.3, 0.5) 75
[20:14:03.125]: (0.5, 2.3, 0.5) 75
[20:14:03.283]: (0.5, 2.4, 0.5) 73
[20:14:03.307]: (0.5, 2.4, 0.5) 73
[20:14:03.328]: (0.5, 2.4, 0.5) 73
[20:14:03.350]: (0.5, 2.4, 0.5) 73
[20:14:03.394]: (0.5, 2.3, 0.5) 75
[20:14:03.683]: (0.4, 2.2, 0.5) 74
[20:14:03.728]: (0.4, 1.9, 0.5) 91
[20:14:03.760]: (0.4, 1.9, 0.5) 91
[20:14:03.793]: (0.5, 1.9, 0.6) 80
[20:14:03.810]: (0.5, 1.9, 0.6) 80
[20:14:03.830]: (0.5, 1.9, 0.6) 80
[20:14:03.847]: (0.5, 1.9, 0.6) 80
[20:14:03.864]: (0.5, 1.9, 0.6) 80
[20:14:03.881]: (0.5, 1.9, 0.6) 80
[20:14:03.898]: (0.5, 1.9, 0.6) 80
[20:14:03.931]: (0.5, 1.9, 0.6) 80
[20:14:03.950]: (0.5, 1.9, 0.6) 80
[20:14:03.967]: (0.5, 1.9, 0.6) 80
[20:14:03.985]: (0.6, 1.9, 0.6) 81
[20:14:04.067]: (0.6, 2.0, 0.5) 81
[20:14:04.132]: (0.6, 2.0, 0.4) 76
