[20:11:52.114]: (-0.8, -0.6, -0.1) 3
[20:11:52.135]: (-0.8, -0.6, -0.1) 3
[20:11:52.156]: (-0.8, -0.6, -0.1) 3
[20:11:52.179]: (-0.8, -0.6, 0.0) 3
[20:11:52.202]: (-0.8, -0.6, 0.0) 3
[20:11:52.717]: (-1.1, -1.7, -0.1) 24
[20:11:52.750]: (-0.9, -0.9, -0.1) 4
[20:11:53.034]: (-1.5, -1.7, 0.0) 20
[20:11:53.368]: (-3.0, -1.1, 0.0) 67
[20:11:53.404]: (-2.2, -0.9, 0.0) 33
[20:11:53.438]: (-1.8, -0.7, -0.1) 46
[20:11:53.469]: (-1.8, -0.7, -0.1) 46
[20:11:53.517]: (-1.9, -1.0, -0.1) 37
[20:11:53.536]: (-1.9, -0.7, -0.1) 46
[20:11:53.553]: (-2.3, -0.8, 0.0) 31
[20:11:53.615]: (-2.3, -0.8, -0.1) 30
[20:11:53.647]: (-2.3, -0.8, -0.3) 38
[20:11:53.679]: (-2.4, -0.8, -0.2) 30
[20:11:53.709]: (-2.8, -1.4, -0.1) 50
[20:11:53.726]: (-2.1, -0.6, -0.1) 44
[20:11:53.744]: (-2.3, -0.8, -0.2) 38
[20:11:53.761]: (-2.3, -0.8, -0.1) 30
[20:11:53.777]: (-2.9, -1.4, -0.1) 50
[20:11:53.794]: (-2.3, -0.8, -0.1) 30
[20:11:53.812]: (-2.3, -0.8, -0.1) 30
[20:11:53.835]: (-2.4, -0.8, -0.1) 30
[20:11:53.857]: (-2.8, -1.2, 0.0) 69
[20:11:53.878]: (-2.7, -1.2, 0.0) 69
[20:11:53.900]: (-2.3, -0.8, 0.0) 31
[20:11:55.285]: (-2.3, -0.8, -0.3) 38
[20:11:55.378]: (-2.1, -0.7, -0.2) 34
[20:11:55.397]: (-2.1, -0.7, -0.2) 34
[20:11:55.416]: (-2.0, -0.7, -0.2) 44
[20:11:55.520]: (-2.1, -0.7, -0.2) 34
[20:11:56.167]: (0.1, 0.6, 2.0) 46
[20:11:56.204]: (0.0, 0.6, 2.2) 34
[20:11:56.234]: (0.1, 0.5, 2.4) 33
[20:11:56.733]: (0.4, 0.8, 2.4) 33
[20:11:56.755]: (0.3, 0.8, 2.0) 46
[20:11:56.778]: (0.3, 0.8, 2.2) 34
[20:11:56.866]: (0.3, 1.2, 2.1) 44
[20:11:56.888]: (0.3, 1.2, 2.1) 44
[20:11:56.911]: (0.2, 1.3, 2.1) 44
[20:11:56.933]: (0.3, 1.4, 2.3) 32
[20:11:56.955]: (0.3, 1.5, 2.4) 33
[20:11:57.711]: (0.1, 1.5, 2.4) 33
[20:11:57.880]: (0.1, 1.7, 2.5) 43
[20:11:57.897]: (0.1, 1.7, 2.3) 32
[20:11:57.915]: (0.1, 1.6, 2.0) 46
[20:11:58.224]: (0.2, 2.6, 1.3) 46
[20:11:58.246]: (0.2, 2.7, 1.4) 36
[20:11:58.268]: (0.3, 2.9, 1.6) 33
[20:11:58.289]: (0.3, 3.0, 1.6) 43
[20:11:58.833]: (1.3, 2.5, 1.9) 13
[20:11:59.144]: (1.1, 2.4, 1.6) 22
[20:11:59.166]: (1.1, 2.4, 1.7) 22
[20:11:59.190]: (1.1, 2.4, 1.7) 14
[20:11:59.212]: (1.1, 2.4, 1.7) 14
[20:11:59.235]: (1.1, 2.4, 1.7) 14
[20:11:59.255]: (1.0, 2.4, 1.7) 14
[20:11:59.300]: (0.5, 1.9, 0.8) 3
[20:11:59.323]: (0.5, 1.9, 0.8) 3
[20:11:59.346]: (0.5, 1.9, 0.8) 3
[20:11:59.369]: (0.5, 2.0, 0.9) 1
[20:11:59.391]: (0.5, 1.9, 0.8) 1
[20:11:59.414]: (0.5, 2.0, 0.8) 1
[20:11:59.552]: (0.8, 2.5, 1.7) 28
[20:11:59.574]: (0.8, 2.4, 1.7) 28
[20:11:59.855]: (0.8, 2.0, 2.1) 20
[20:11:59.882]: (0.8, 2.0, 2.1) 20
[20:12:00.255]: (0.6, 1.7, 1.1) 2
[20:12:00.279]: (0.6, 1.7, 1.1) 2
[20:12:00.298]: (0.6, 1.6, 1.1) 2
[20:12:00.322]: (0.6, 1.7, 1.1) 2
[20:12:00.342]: (0.6, 1.6, 1.1) 2
[20:12:00.360]: (0.6, 1.6, 1.1) 2
[20:12:00.378]: (0.6, 1.6, 1.1) 2
[20:12:00.408]: (1.0, 2.2, 1.8) 20
[20:12:00.593]: (1.1, 2.4, 2.1) 27
[20:12:00.609]: (1.1, 2.4, 2.1) 27
[20:12:00.626]: (1.1, 2.4, 2.1) 27
[20:12:00.643]: (1.1, 2.4, 2.1) 27
[20:12:00.810]: (-0.1, 3.3, 2.9) 71
[20:12:01.307]: (0.1, 2.0, 1.9) 35
[20:12:01.329]: (0.1, 2.0, 1.8) 36
[20:12:01.350]: (0.1, 2.0, 1.7) 36
[20:12:01.372]: (0.1, 2.0, 1.7) 36
[20:12:01.393]: (0.1, 2.0, 1.7) 36
[20:12:01.414]: (0.1, 2.0, 1.7) 36
[20:12:01.437]: (0.1, 2.0, 1.6) 46
[20:12:01.459]: (0.1, 2.0, 1.6) 46
[20:12:01.481]: (0.1, 2.0, 1.6) 46
[20:12:01.504]: (0.1, 2.0, 1.6) 46
[20:12:01.527]: (0.3, 2.3, 1.8) 45
[20:12:02.155]: (0.7, 2.1, 1.7) 22
[20:12:02.178]: (0.8, 2.2, 1.8) 12
[20:12:02.199]: (0.8, 2.2, 1.8) 12
[20:12:02.403]: (0.7, 2.2, 1.9) 20
[20:12:02.420]: (0.7, 2.2, 1.9) 20
[20:12:02.466]: (0.7, 2.1, 1.9) 20
[20:12:02.720]: (0.3, 1.7, 1.2) 7
[20:12:03.138]: (0.4, 1.6, 1.2) 7
[20:12:03.161]: (0.4, 1.6, 1.2) 7
[20:12:03.245]: (0.4, 1.6, 1.2) 7
[20:12:03.266]: (0.4, 1.6, 1.2) 7
[20:12:03.288]: (0.4, 1.6, 1.2) 7
[20:12:03.309]: (0.4, 1.6, 1.2) 7
[20:12:03.510]: (0.7, 2.1, 1.9) 20
[20:12:03.531]: (0.7, 2.2, 2.0) 18
[20:12:03.552]: (0.7, 2.2, 2.0) 18
[20:12:03.575]: (0.7, 2.1, 1.9) 20
[20:12:03.598]: (0.6, 2.1, 1.9) 28
[20:12:03.621]: (0.7, 2.2, 1.9) 20
[20:12:03.642]: (0.7, 2.2, 2.0) 18
[20:12:03.664]: (0.7, 2.2, 1.8) 28
[20:12:03.687]: (0.6, 2.1, 1.8) 28
[20:12:03.708]: (0.6, 2.1, 1.8) 28
[20:12:03.728]: (0.6, 2.2, 1.8) 28
[20:12:03.790]: (0.7, 2.3, 2.0) 26
[20:12:03.813]: (0.7, 2.3, 2.0) 26
[20:12:04.332]: (-0.4, 3.1, 2.8) 59
[20:12:04.364]: (-0.4, 3.1, 2.9) 59
[20:12:04.398]: (-0.4, 3.1, 2.8) 59
[20:12:04.432]: (-0.4, 3.1, 2.8) 59
[20:12:04.465]: (-0.3, 2.5, 1.8) 41
[20:12:04.497]: (-0.3, 2.5, 1.8) 41
[20:12:04.520]: (-0.3, 2.5, 1.8) 41
[20:12:04.541]: (-0.3, 2.5, 1.8) 41
[20:12:04.563]: (-0.3, 2.5, 1.8) 41
[20:12:04.588]: (-0.2, 2.8, 2.4) 69
[20:12:04.609]: (-0.2, 3.1, 2.9) 73
[20:12:04.630]: (-0.2, 3.1, 2.8) 61
[20:12:04.654]: (-0.2, 3.1, 2.8) 61
[20:12:04.677]: (-0.2, 3.1, 2.8) 61
[20:12:04.698]: (-0.2, 3.1, 2.8) 61
[20:12:04.719]: (-0.2, 3.1, 2.8) 61
[20:12:04.742]: (-0.2, 3.1, 2.8) 61
[20:12:04.764]: (-0.2, 3.1, 2.8) 61
[20:12:04.786]: (-0.2, 3.1, 2.8) 61
[20:12:04.808]: (-0.2, 3.1, 2.8) 61
[20:12:04.832]: (-0.1, 2.5, 1.8) 41
[20:12:04.852]: (-0.3, 3.1, 2.6) 60
[20:12:04.874]: (-0.4, 3.0, 2.6) 72
[20:12:04.898]: (-0.4, 3.0, 2.6) 72
[20:12:04.921]: (-0.4, 3.0, 2.6) 72
[20:12:04.941]: (-0.4, 3.0, 2.6) 72
[20:12:04.964]: (-0.4, 3.0, 2.6) 72
[20:12:05.030]: (-0.1, 2.4, 1.8) 31
[20:12:05.075]: (0.2, 1.6, 1.0) 0
[20:12:05.097]: (0.3, 1.5, 1.1) 0
[20:12:05.120]: (0.3, 1.5, 1.1) 0
[20:12:05.143]: (0.3, 1.5, 1.1) 0
[20:12:05.163]: (0.3, 1.5, 1.1) 0
[20:12:05.187]: (0.3, 1.5, 1.1) 0
[20:12:05.208]: (0.3, 1.5, 1.1) 0
[20:12:05.231]: (0.3, 1.5, 1.1) 0
[20:12:05.251]: (0.3, 1.5, 1.1) 0
[20:12:05.275]: (0.3, 1.5, 1.1) 0
[20:12:05.299]: (0.3, 1.5, 1.1) 0
[20:12:05.321]: (0.2, 1.5, 1.1) 0
[20:12:05.345]: (0.2, 1.5, 1.1) 0
[20:12:05.856]: (0.6, 0.5, 3.1) 65
[20:12:05.967]: (0.4, 0.5, 3.1) 53
[20:12:06.001]: (0.1, 0.5, 2.3) 41
[20:12:06.017]: (0.1, 0.5, 2.3) 41
[20:12:06.034]: (0.1, 0.5, 2.3) 41
[20:12:06.051]: (0.0, 0.5, 2.3) 41
[20:12:06.067]: (0.0, 0.5, 2.3) 41
[20:12:06.084]: (0.0, 0.5, 2.3) 41
[20:12:06.102]: (0.0, 0.5, 2.3) 41
[20:12:06.119]: (0.0, 0.5, 2.3) 41
[20:12:06.136]: (0.0, 0.5, 2.3) 41
[20:12:06.153]: (0.0, 0.5, 2.3) 41
[20:12:06.171]: (0.0, 0.5, 2.3) 41
[20:12:06.187]: (0.0, 0.5, 2.3) 41
[20:12:06.203]: (0.0, 0.4, 2.3) 41
[20:12:06.219]: (0.0, 0.4, 2.3) 31
[20:12:06.241]: (0.1, 0.4, 2.3) 41
[20:12:06.262]: (0.0, 0.4, 2.3) 31
[20:12:06.286]: (0.1, 0.4, 2.3) 41
[20:12:06.308]: (0.1, 0.5, 2.3) 41
[20:12:06.329]: (0.1, 0.5, 2.3) 41
[20:12:06.352]: (0.0, 0.5, 2.3) 41
[20:12:06.373]: (0.1, 0.5, 2.3) 41
[20:12:06.395]: (0.1, 0.5, 2.3) 41
[20:12:06.418]: (0.1, 0.5, 2.3) 41
[20:12:06.440]: (0.1, 0.5, 2.3) 41
[20:12:06.462]: (0.0, 0.5, 2.3) 41
[20:12:06.486]: (0.1, 0.5, 2.3) 41
[20:12:06.507]: (0.1, 0.5, 2.3) 41
[20:12:06.596]: (0.2, 0.5, 3.1) 50
[20:12:06.619]: (0.2, 0.5, 3.1) 50
[20:12:06.638]: (0.2, 0.5, 3.1) 50
[20:12:06.654]: (0.2, 0.5, 3.1) 50
[20:12:06.674]: (0.2, 0.6, 3.1) 50
[20:12:06.691]: (0.2, 0.6, 3.2) 48
[20:12:06.709]: (0.2, 0.6, 3.2) 48
[20:12:06.726]: (0.2, 0.6, 3.2) 48
[20:12:06.791]: (0.0, 0.5, 3.3) 55
[20:12:06.808]: (0.0, 0.4, 2.2) 42
[20:12:06.948]: (-0.1, 0.4, 2.2) 42
[20:12:06.965]: (0.1, 0.5, 3.2) 55
[20:12:06.983]: (0.1, 0.5, 3.0) 57
[20:12:07.014]: (0.1, 0.6, 3.0) 69
[20:12:07.031]: (0.1, 0.5, 2.9) 69
[20:12:07.051]: (0.1, 0.5, 3.2) 48
[20:12:07.073]: (0.1, 0.6, 2.9) 69
[20:12:07.095]: (0.1, 0.5, 2.9) 69
[20:12:07.655]: (0.1, 0.5, 2.3) 41
[20:12:07.674]: (0.1, 0.5, 2.3) 41
[20:12:07.692]: (0.0, 0.4, 2.2) 31
[20:12:07.707]: (-0.1, 0.2, 2.4) 38
[20:12:07.848]: (0.1, 0.3, 2.1) 34
[20:12:08.028]: (0.5, 0.0, 1.2) 0
[20:12:08.458]: (0.6, 0.0, 1.2) 1
[20:12:08.473]: (0.6, 0.0, 1.2) 1
[20:12:08.491]: (0.6, 0.0, 1.1) 1
[20:12:08.508]: (0.6, 0.0, 1.2) 1
[20:12:08.525]: (0.6, 0.0, 1.1) 1
[20:12:08.543]: (0.6, -0.1, 1.1) 3
[20:12:08.559]: (0.6, 0.0, 1.1) 1
[20:12:08.576]: (0.6, 0.0, 1.1) 1
[20:12:08.621]: (0.4, 0.2, 2.1) 47
[20:12:08.640]: (0.4, 0.2, 2.1) 37
[20:12:08.689]: (0.4, 0.3, 2.2) 35
[20:12:08.706]: (0.3, 0.2, 2.1) 37
[20:12:08.917]: (0.3, 0.3, 2.3) 33
[20:12:08.940]: (0.3, 0.3, 2.3) 33
[20:12:08.961]: (0.3, 0.4, 2.3) 33
[20:12:08.984]: (0.3, 0.4, 2.3) 43
[20:12:09.007]: (0.3, 0.4, 2.3) 33
[20:12:09.029]: (0.3, 0.4, 2.3) 33
[20:12:09.050]: (0.3, 0.3, 2.3) 33
[20:12:09.073]: (0.3, 0.4, 2.4) 43
[20:12:09.094]: (0.2, 0.4, 2.3) 33
[20:12:09.117]: (0.3, 0.4, 2.3) 33
[20:12:09.139]: (0.3, 0.4, 2.3) 33
[20:12:09.162]: (0.2, 0.4, 2.3) 43
[20:12:09.184]: (0.3, 0.5, 3.0) 52
[20:12:09.206]: (0.3, 0.5, 3.0) 52
[20:12:09.228]: (0.3, 0.5, 3.3) 49
[20:12:09.250]: (0.3, 0.5, 3.3) 49
[20:12:09.272]: (0.3, 0.6, 3.3) 49
[20:12:09.289]: (0.3, 0.6, 3.3) 49
[20:12:09.340]: (0.3, 0.5, 3.3) 49
[20:12:09.359]: (0.3, 0.5, 3.3) 49
[20:12:09.376]: (0.3, 0.5, 3.3) 49
[20:12:09.393]: (0.3, 0.5, 3.3) 49
[20:12:09.409]: (0.3, 0.6, 3.1) 52
[20:12:09.426]: (0.3, 0.5, 3.0) 52
[20:12:09.442]: (0.3, 0.5, 3.0) 64
[20:12:09.458]: (0.3, 0.5, 2.9) 64
[20:12:09.475]: (0.3, 0.5, 2.9) 64
[20:12:09.493]: (0.3, 0.5, 3.0) 52
[20:12:09.510]: (0.3, 0.5, 2.9) 64
[20:12:09.527]: (0.3, 0.5, 2.9) 64
[20:12:09.544]: (0.3, 0.5, 2.9) 64
[20:12:09.561]: (0.3, 0.5, 2.9) 64
[20:12:09.579]: (0.3, 0.5, 2.9) 64
[20:12:09.595]: (0.3, 0.5, 2.9) 64
[20:12:09.611]: (0.3, 0.5, 2.9) 64
[20:12:09.627]: (0.3, 0.5, 2.9) 64
[20:12:09.645]: (0.3, 0.5, 2.9) 64
[20:12:09.661]: (0.3, 0.5, 2.9) 64
[20:12:10.578]: (0.3, 1.6, 0.6) 8
[20:12:10.609]: (0.4, 1.8, 0.7) 1
[20:12:11.151]: (0.1, 3.2, 1.9) 64
[20:12:11.168]: (0.1, 3.3, 2.0) 52
[20:12:11.185]: (0.0, 2.8, 1.5) 43
[20:12:11.204]: (0.0, 2.8, 1.5) 43
[20:12:11.220]: (0.0, 2.8, 1.5) 43
[20:12:11.238]: (0.0, 2.8, 1.5) 43
[20:12:11.253]: (0.0, 2.7, 1.5) 43
[20:12:11.270]: (0.0, 2.8, 1.5) 43
[20:12:11.287]: (0.0, 2.8, 1.5) 43
[20:12:11.305]: (0.0, 2.7, 1.5) 33
[20:12:11.323]: (0.0, 3.1, 1.9) 69
[20:12:12.139]: (0.6, 2.6, 2.3) 65
[20:12:12.205]: (0.3, 2.2, 1.5) 37
[20:12:12.571]: (0.7, 2.7, 1.3) 20
[20:12:13.264]: (0.8, 2.5, 1.6) 18
[20:12:13.287]: (0.7, 2.5, 1.6) 18
[20:12:13.310]: (0.7, 2.4, 1.4) 28
[20:12:13.332]: (0.7, 2.4, 1.4) 28
[20:12:13.551]: (0.0, 2.5, 1.2) 47
[20:12:13.573]: (0.0, 2.4, 1.3) 37
[20:12:13.594]: (0.0, 2.4, 1.3) 37
[20:12:13.615]: (0.0, 2.5, 1.3) 37
[20:12:13.639]: (-0.1, 2.6, 1.4) 33
[20:12:13.672]: (-0.1, 2.6, 1.4) 33
[20:12:13.704]: (-0.1, 2.6, 1.4) 33
[20:12:13.738]: (0.0, 2.6, 1.4) 33
[20:12:13.772]: (-0.3, 3.4, 2.2) 59
[20:12:14.072]: (0.0, 3.1, 2.3) 49
[20:12:14.172]: (0.0, 2.4, 1.6) 43
[20:12:14.238]: (0.0, 2.4, 1.6) 43
[20:12:14.272]: (0.0, 2.4, 1.6) 43
[20:12:14.305]: (0.0, 2.4, 1.6) 43
[20:12:14.327]: (-0.1, 2.7, 2.2) 57
[20:12:14.348]: (-0.1, 2.7, 2.2) 57
[20:12:14.371]: (-0.1, 2.7, 2.2) 57
[20:12:14.394]: (0.0, 2.9, 2.5) 66
[20:12:14.416]: (0.0, 2.3, 1.6) 43
[20:12:14.461]: (0.5, 1.7, 0.8) 7
[20:12:14.482]: (0.5, 1.7, 0.8) 7
[20:12:14.505]: (0.5, 1.7, 0.8) 7
[20:12:14.528]: (0.4, 1.6, 0.6) 1
[20:12:14.549]: (0.4, 1.6, 0.6) 3
[20:12:14.572]: (0.4, 1.6, 0.5) 3
[20:12:14.726]: (0.3, 1.9, 0.4) 2
[20:12:15.307]: (0.4, 1.6, 0.9) 7
[20:12:15.330]: (0.4, 1.6, 0.9) 7
[20:12:15.437]: (0.4, 1.5, 0.9) 7
[20:12:15.461]: (0.4, 1.5, 0.9) 7
[20:12:15.482]: (0.4, 1.5, 0.9) 7
[20:12:15.504]: (0.4, 1.5, 0.9) 7
[20:12:15.527]: (0.3, 1.4, 0.8) 0
[20:12:15.895]: (0.2, 1.5, 0.8) 0
[20:12:15.920]: (0.2, 1.5, 0.8) 0
[20:12:15.943]: (0.2, 1.5, 0.8) 0
[20:12:15.987]: (0.3, 1.6, 0.7) 0
[20:12:17.338]: (0.5, 1.6, 0.7) 4
[20:12:17.359]: (0.5, 1.6, 0.6) 4
[20:12:17.380]: (0.5, 1.6, 0.7) 2
[20:12:17.559]: (-0.2, 2.3, 1.4) 32
[20:12:17.582]: (-0.2, 2.3, 1.5) 32
[20:12:17.605]: (-0.2, 2.3, 1.4) 32
[20:12:17.651]: (-0.7, 2.8, 1.7) 69
[20:12:17.673]: (-0.6, 2.8, 1.8) 69
[20:12:17.696]: (-0.7, 3.0, 2.0) 55
[20:12:17.718]: (-0.6, 3.0, 2.0) 55
[20:12:17.740]: (-0.7, 3.0, 2.0) 55
[20:12:17.763]: (-0.6, 2.9, 2.1) 55
[20:12:17.785]: (-0.6, 2.9, 2.1) 55
[20:12:17.829]: (-0.5, 2.8, 1.9) 68
[20:12:18.267]: (-0.4, 2.5, 2.1) 68
[20:12:18.311]: (-0.5, 2.0, 1.6) 41
[20:12:18.333]: (-0.4, 2.0, 1.6) 41
[20:12:18.354]: (-0.4, 2.0, 1.6) 41
[20:12:18.518]: (-0.4, 2.4, 2.1) 69
[20:12:18.601]: (0.8, 2.4, 1.2) 21
[20:12:18.623]: (0.8, 2.3, 1.1) 13
[20:12:18.644]: (0.8, 2.3, 1.1) 13
[20:12:18.667]: (0.8, 2.3, 1.1) 13
[20:12:18.700]: (0.8, 2.3, 1.1) 13
[20:12:18.726]: (0.7, 2.3, 1.1) 13
[20:12:18.743]: (0.8, 2.3, 1.1) 13
[20:12:18.760]: (0.7, 2.3, 1.1) 13
[20:12:18.777]: (0.7, 2.3, 1.1) 13
[20:12:18.799]: (0.8, 2.4, 1.2) 21
[20:12:18.819]: (0.8, 2.4, 1.1) 21
[20:12:18.835]: (0.8, 2.4, 1.1) 21
[20:12:18.869]: (0.8, 2.5, 1.2) 29
[20:12:18.902]: (0.8, 2.5, 1.2) 29
[20:12:18.936]: (0.8, 2.5, 1.2) 29
[20:12:18.969]: (0.8, 2.5, 1.2) 29
[20:12:19.002]: (0.8, 2.5, 1.2) 29
[20:12:19.036]: (0.8, 2.5, 1.2) 29
[20:12:19.069]: (0.8, 2.5, 1.2) 29
[20:12:19.169]: (0.8, 2.6, 1.2) 29
[20:12:19.991]: (-0.6, 2.9, 2.4) 71
[20:12:20.013]: (-0.6, 2.8, 2.3) 59
[20:12:20.036]: (-0.6, 2.8, 2.3) 59
[20:12:20.058]: (-0.6, 2.8, 2.3) 59
[20:12:20.123]: (-0.6, 2.7, 2.1) 54
[20:12:20.146]: (-0.5, 2.7, 2.1) 54
[20:12:20.169]: (-0.5, 2.6, 2.0) 56
[20:12:20.192]: (-0.5, 2.6, 2.0) 56
[20:12:20.258]: (-0.4, 2.7, 1.7) 69
[20:12:20.281]: (-0.4, 2.7, 1.7) 69
[20:12:20.304]: (-0.4, 2.8, 1.8) 57
[20:12:20.326]: (-0.4, 2.7, 1.8) 68
[20:12:20.349]: (-0.4, 2.8, 1.8) 68
[20:12:20.395]: (-0.4, 2.8, 1.8) 56
[20:12:20.416]: (-0.4, 3.0, 2.0) 60
[20:12:20.572]: (-0.1, 2.6, 2.0) 56
[20:12:21.168]: (-0.2, 1.9, 1.6) 31
[20:12:21.185]: (-0.2, 1.9, 1.6) 31
[20:12:21.202]: (-0.2, 1.9, 1.6) 31
[20:12:21.220]: (-0.2, 1.9, 1.6) 31
[20:12:21.238]: (-0.2, 1.9, 1.6) 31
[20:12:21.255]: (-0.2, 1.9, 1.6) 31
[20:12:21.380]: (1.2, 1.8, 1.2) 21
[20:12:21.447]: (1.2, 1.8, 1.2) 19
[20:12:21.468]: (1.2, 1.9, 1.2) 19
[20:12:21.490]: (1.1, 1.8, 1.1) 18
[20:12:21.514]: (1.0, 1.8, 1.0) 28
[20:12:21.536]: (1.0, 1.8, 1.0) 28
[20:12:21.711]: (0.8, 2.7, 1.7) 51
[20:12:21.733]: (0.6, 3.0, 2.0) 71
[20:12:21.896]: (0.5, 3.1, 1.9) 71
[20:12:21.918]: (0.5, 3.1, 1.9) 71
[20:12:21.941]: (0.5, 3.1, 1.8) 71
[20:12:21.964]: (0.5, 3.1, 1.8) 71
[20:12:21.986]: (0.5, 3.1, 1.8) 71
[20:12:22.846]: (0.6, 2.7, 2.0) 61
[20:12:22.878]: (0.6, 2.7, 2.0) 61
[20:12:22.915]: (0.6, 2.7, 2.0) 61
[20:12:23.145]: (0.5, 2.9, 2.0) 71
[20:12:23.167]: (0.5, 2.9, 2.0) 71
[20:12:23.189]: (0.5, 2.9, 2.0) 71
[20:12:23.212]: (0.5, 2.9, 2.0) 71
[20:12:23.235]: (0.5, 2.9, 2.0) 71
[20:12:23.256]: (0.5, 2.9, 2.0) 71
[20:12:23.722]: (0.5, 2.5, 1.9) 55
[20:12:23.745]: (0.5, 2.2, 1.7) 69
[20:12:23.769]: (0.6, 2.2, 1.9) 68
[20:12:23.790]: (0.5, 2.2, 1.8) 68
[20:12:23.815]: (0.5, 2.2, 1.8) 68
[20:12:23.837]: (0.5, 2.2, 1.8) 68
[20:12:23.861]: (0.5, 2.2, 1.8) 68
[20:12:23.883]: (0.5, 2.2, 1.8) 68
[20:12:23.904]: (0.5, 2.2, 1.8) 68
[20:12:23.927]: (0.5, 2.2, 1.8) 68
[20:12:23.950]: (0.5, 2.2, 1.8) 68
[20:12:23.971]: (0.5, 2.2, 1.8) 68
[20:12:24.415]: (1.1, 1.7, 1.0) 26
[20:12:24.432]: (1.2, 1.6, 0.9) 18
[20:12:24.449]: (1.3, 1.6, 0.9) 19
[20:12:24.465]: (1.3, 1.6, 0.9) 19
[20:12:24.481]: (1.3, 1.6, 0.9) 19
[20:12:24.498]: (1.3, 1.6, 0.9) 19
[20:12:24.516]: (1.3, 1.6, 0.9) 19
[20:12:24.533]: (1.3, 1.6, 0.9) 19
[20:12:24.580]: (1.3, 1.6, 0.9) 19
[20:12:24.597]: (1.3, 1.6, 0.9) 19
[20:12:24.613]: (1.3, 1.6, 0.9) 19
[20:12:24.630]: (1.3, 1.6, 0.9) 19
[20:12:24.648]: (1.3, 1.6, 0.9) 19
[20:12:24.665]: (1.3, 1.6, 0.9) 19
[20:12:24.682]: (1.3, 1.6, 1.0) 19
[20:12:24.699]: (1.3, 1.6, 0.9) 19
[20:12:24.717]: (1.3, 1.6, 1.0) 19
[20:12:24.735]: (1.3, 1.6, 1.0) 19
[20:12:24.790]: (1.5, 1.3, 0.7) 15
[20:12:24.811]: (1.4, 1.3, 0.7) 15
[20:12:24.833]: (1.4, 1.4, 0.7) 15
[20:12:24.857]: (1.4, 1.4, 0.7) 15
[20:12:24.877]: (1.4, 1.4, 0.7) 15
[20:12:25.077]: (1.4, 1.4, 0.8) 13
[20:12:25.100]: (1.4, 1.4, 0.8) 13
[20:12:25.121]: (1.4, 1.4, 0.8) 13
[20:12:25.144]: (1.3, 1.4, 0.8) 13
[20:12:25.166]: (1.3, 1.4, 0.8) 13
[20:12:25.190]: (1.3, 1.4, 0.8) 13
[20:12:25.211]: (1.3, 1.4, 0.9) 13
[20:12:26.043]: (1.3, 1.5, 0.9) 13
[20:12:26.196]: (1.2, 1.6, 1.0) 18
[20:12:26.276]: (0.4, 1.7, 1.4) 32
[20:12:26.295]: (0.3, 1.8, 1.7) 40
[20:12:26.577]: (0.3, 1.7, 1.5) 32
[20:12:26.599]: (0.2, 1.7, 1.5) 31
[20:12:26.622]: (0.1, 1.7, 1.7) 39
[20:12:26.644]: (0.1, 1.7, 1.7) 39
[20:12:26.666]: (0.1, 1.7, 1.7) 39
[20:12:26.688]: (0.1, 1.7, 1.7) 39
[20:12:26.711]: (0.1, 1.7, 1.7) 39
[20:12:26.732]: (0.0, 1.7, 1.7) 39
[20:12:26.844]: (0.1, 1.8, 1.7) 39
[20:12:27.117]: (0.1, 1.8, 1.7) 39
[20:12:27.134]: (0.1, 1.8, 1.7) 39
[20:12:27.166]: (0.1, 1.8, 1.7) 39
[20:12:27.183]: (0.1, 1.8, 1.7) 39
[20:12:27.557]: (1.3, 1.4, 0.8) 13
[20:12:27.579]: (1.3, 1.4, 0.8) 13
[20:12:27.598]: (1.3, 1.4, 0.8) 13
[20:12:27.630]: (1.3, 1.4, 0.8) 13
[20:12:27.652]: (1.3, 1.4, 0.8) 13
[20:12:27.675]: (1.3, 1.4, 0.8) 13
[20:12:27.695]: (1.3, 1.5, 0.9) 13
[20:12:27.873]: (1.2, 1.3, 0.9) 12
[20:12:27.891]: (1.2, 1.4, 0.8) 12
[20:12:27.907]: (1.2, 1.4, 0.9) 20
[20:12:27.924]: (1.2, 1.4, 0.9) 20
[20:12:28.466]: (1.1, 1.3, 0.8) 22
[20:12:28.488]: (1.1, 1.2, 0.8) 22
[20:12:28.510]: (1.1, 1.2, 0.8) 22
[20:12:28.532]: (1.1, 1.2, 0.8) 22
[20:12:28.554]: (1.1, 1.2, 0.8) 22
[20:12:28.577]: (1.1, 1.2, 0.8) 22
[20:12:28.598]: (1.1, 1.2, 0.8) 22
[20:12:28.620]: (1.1, 1.2, 0.8) 22
[20:12:28.803]: (1.2, 1.4, 0.9) 20
[20:12:28.820]: (1.2, 1.4, 0.9) 12
[20:12:28.836]: (1.2, 1.4, 0.9) 20
[20:12:29.135]: (1.2, 1.5, 0.9) 18
[20:12:29.154]: (1.1, 1.6, 1.0) 26
[20:12:29.376]: (0.4, 1.7, 1.4) 43
[20:12:29.570]: (0.4, 1.7, 1.4) 33
[20:12:29.587]: (0.4, 1.7, 1.4) 33
[20:12:29.605]: (0.4, 1.7, 1.4) 33
[20:12:29.670]: (0.3, 1.7, 1.7) 30
[20:12:29.732]: (0.3, 1.7, 1.7) 30
[20:12:29.749]: (0.3, 1.7, 1.7) 30
[20:12:29.765]: (0.3, 1.7, 1.7) 30
[20:12:29.782]: (0.3, 1.7, 1.7) 30
[20:12:29.799]: (0.3, 1.7, 1.6) 30
[20:12:29.816]: (0.2, 1.7, 1.6) 30
[20:12:29.833]: (0.3, 1.7, 1.7) 30
[20:12:29.850]: (0.3, 1.7, 1.6) 30
[20:12:29.868]: (0.1, 1.8, 1.7) 39
[20:12:29.884]: (0.1, 1.8, 1.7) 39
[20:12:29.901]: (0.1, 1.8, 1.7) 39
[20:12:29.918]: (0.1, 1.7, 1.7) 39
[20:12:29.935]: (0.1, 1.8, 1.7) 39
[20:12:29.966]: (0.1, 1.8, 1.7) 39
[20:12:29.999]: (0.1, 1.8, 1.7) 39
[20:12:30.016]: (0.1, 1.8, 1.7) 39
[20:12:30.034]: (0.1, 1.8, 1.7) 39
[20:12:30.053]: (0.1, 1.8, 1.7) 39
[20:12:30.142]: (0.1, 1.8, 1.7) 39
[20:12:30.164]: (0.1, 1.8, 1.7) 39
[20:12:30.187]: (0.1, 1.8, 1.7) 39
[20:12:30.209]: (0.1, 1.8, 1.7) 39
[20:12:30.231]: (0.1, 1.8, 1.7) 39
[20:12:30.254]: (0.1, 1.8, 1.7) 39
[20:12:30.276]: (0.1, 1.8, 1.7) 39
[20:12:30.298]: (0.1, 1.8, 1.7) 39
[20:12:30.320]: (0.1, 1.7, 1.7) 39
[20:12:30.343]: (0.0, 1.8, 1.7) 39
[20:12:30.365]: (0.1, 1.8, 1.7) 39
[20:12:30.387]: (0.1, 1.8, 1.7) 39
[20:12:30.409]: (0.1, 1.8, 1.7) 39
[20:12:30.496]: (0.1, 1.8, 1.7) 39
[20:12:30.557]: (0.1, 1.8, 1.7) 39
[20:12:30.574]: (0.1, 1.8, 1.7) 39
[20:12:30.592]: (0.1, 1.8, 1.7) 39
[20:12:30.608]: (0.1, 1.8, 1.7) 39
[20:12:30.625]: (0.1, 1.8, 1.7) 39
[20:12:30.641]: (0.1, 1.8, 1.7) 39
[20:12:30.673]: (0.1, 1.8, 1.7) 39
[20:12:30.691]: (0.1, 1.7, 1.7) 39
[20:12:30.708]: (0.1, 1.7, 1.7) 39
[20:12:30.726]: (0.1, 1.7, 1.7) 39
[20:12:30.744]: (0.1, 1.8, 1.7) 39
[20:12:30.762]: (0.1, 1.7, 1.7) 39
[20:12:30.779]: (0.1, 1.7, 1.5) 31
[20:12:30.798]: (0.1, 1.7, 1.5) 42
[20:12:30.987]: (0.3, 1.5, 1.4) 34
[20:12:31.009]: (0.3, 1.6, 1.7) 38
[20:12:31.031]: (0.3, 1.6, 1.4) 32
[20:12:31.053]: (0.4, 1.7, 1.5) 32
[20:12:31.076]: (0.4, 1.7, 1.5) 32
[20:12:31.100]: (0.3, 1.7, 1.4) 32
[20:12:31.120]: (0.3, 1.7, 1.4) 32
[20:12:31.165]: (0.2, 1.7, 1.5) 31
[20:12:31.187]: (0.2, 1.7, 1.5) 31
[20:12:31.209]: (0.2, 1.7, 1.5) 31
[20:12:31.232]: (0.2, 1.7, 1.5) 31
[20:12:31.253]: (0.2, 1.7, 1.5) 31
[20:12:31.277]: (0.2, 1.7, 1.5) 31
[20:12:31.298]: (0.2, 1.7, 1.5) 31
[20:12:31.319]: (0.2, 1.7, 1.5) 31
[20:12:31.342]: (0.2, 1.7, 1.5) 31
[20:12:31.364]: (0.2, 1.7, 1.5) 31
[20:12:31.381]: (0.2, 1.7, 1.5) 31
[20:12:31.398]: (0.2, 1.7, 1.5) 31
[20:12:31.417]: (0.2, 1.7, 1.5) 31
[20:12:31.433]: (0.2, 1.7, 1.5) 31
[20:12:31.452]: (0.2, 1.7, 1.5) 31
[20:12:31.472]: (0.2, 1.7, 1.5) 31
[20:12:31.490]: (0.2, 1.7, 1.5) 31
[20:12:31.508]: (0.2, 1.8, 1.4) 41
[20:12:31.908]: (0.2, 1.8, 1.4) 41
[20:12:31.931]: (0.2, 1.8, 1.4) 41
[20:12:31.954]: (0.2, 1.8, 1.4) 41
[20:12:31.977]: (0.2, 1.8, 1.4) 41
[20:12:31.998]: (0.2, 1.8, 1.4) 41
[20:12:32.020]: (0.2, 1.8, 1.4) 41
[20:12:32.041]: (0.2, 1.8, 1.4) 41
[20:12:32.064]: (0.2, 1.8, 1.4) 41
[20:12:32.088]: (0.2, 1.8, 1.4) 41
[20:12:32.109]: (0.2, 1.8, 1.4) 41
[20:12:32.133]: (0.2, 1.8, 1.4) 41
[20:12:32.177]: (0.1, 1.8, 1.4) 41
[20:12:32.221]: (0.2, 1.8, 1.4) 41
[20:12:32.243]: (0.2, 1.8, 1.4) 41
[20:12:32.263]: (0.2, 1.8, 1.4) 41
[20:12:32.286]: (0.2, 1.8, 1.4) 41
[20:12:32.310]: (0.2, 1.8, 1.4) 41
[20:12:32.330]: (0.2, 1.8, 1.7) 40
[20:12:32.348]: (0.2, 1.8, 1.5) 41
[20:12:32.365]: (0.2, 1.8, 1.5) 41
[20:12:32.384]: (0.2, 1.8, 1.7) 40
[20:12:32.402]: (0.2, 1.8, 1.5) 31
[20:12:32.418]: (0.2, 1.7, 1.5) 31
[20:12:32.743]: (0.3, 1.7, 1.6) 30
[20:12:32.797]: (0.3, 1.8, 1.7) 40
[20:12:32.820]: (0.3, 1.8, 1.7) 40
[20:12:32.842]: (0.3, 1.8, 1.7) 40
[20:12:32.864]: (0.2, 1.8, 1.4) 41
[20:12:32.885]: (0.2, 1.8, 1.4) 41
[20:12:32.908]: (0.2, 1.8, 1.4) 41
[20:12:32.930]: (0.2, 1.8, 1.4) 41
[20:12:32.952]: (0.2, 1.8, 1.4) 41
[20:12:32.974]: (0.2, 1.8, 1.4) 41
[20:12:32.997]: (0.2, 1.8, 1.4) 41
[20:12:33.019]: (0.2, 1.8, 1.4) 41
[20:12:33.042]: (0.2, 1.8, 1.4) 41
[20:12:33.063]: (0.2, 1.8, 1.4) 41
[20:12:33.198]: (0.4, 1.6, 1.4) 33
[20:12:33.216]: (0.5, 1.6, 1.3) 35
[20:12:33.371]: (1.3, 1.4, 0.8) 12
[20:12:33.387]: (1.3, 1.4, 0.9) 13
[20:12:33.497]: (1.3, 1.6, 1.0) 19
[20:12:33.514]: (1.2, 1.5, 0.9) 18
[20:12:33.530]: (1.2, 1.5, 0.9) 18
[20:12:33.578]: (1.2, 1.5, 0.9) 18
[20:12:33.595]: (1.2, 1.5, 0.9) 18
[20:12:33.611]: (1.2, 1.5, 1.0) 18
[20:12:33.643]: (1.2, 1.5, 0.9) 20
[20:12:33.663]: (1.2, 1.5, 0.9) 20
[20:12:33.822]: (1.2, 1.5, 1.0) 18
[20:12:33.839]: (1.2, 1.5, 1.0) 18
[20:12:33.856]: (1.2, 1.6, 1.0) 18
[20:12:33.873]: (1.2, 1.6, 1.0) 18
[20:12:34.465]: (1.2, 1.5, 0.9) 20
[20:12:34.741]: (1.3, 1.4, 0.9) 13
[20:12:35.043]: (1.2, 1.4, 0.9) 20
[20:12:35.060]: (1.2, 1.4, 0.9) 20
[20:12:35.076]: (1.2, 1.4, 0.9) 20
[20:12:35.093]: (1.2, 1.4, 0.9) 20
[20:12:35.110]: (1.2, 1.4, 0.9) 20
[20:12:35.518]: (1.1, 1.4, 0.9) 28
[20:12:35.540]: (1.1, 1.4, 0.9) 28
[20:12:35.563]: (1.1, 1.4, 0.9) 28
[20:12:35.584]: (1.1, 1.4, 0.9) 28
[20:12:35.607]: (1.1, 1.4, 1.0) 28
[20:12:35.807]: (0.4, 0.6, 0.8) 1
[20:12:35.829]: (0.4, 0.6, 0.8) 1
[20:12:35.921]: (0.4, 0.6, 0.8) 1
[20:12:35.940]: (0.4, 0.6, 0.8) 1
[20:12:35.958]: (0.4, 0.6, 0.7) 1
[20:12:35.975]: (0.4, 0.6, 0.7) 1
[20:12:35.992]: (0.4, 0.6, 0.8) 1
[20:12:36.009]: (0.4, 0.6, 0.7) 1
[20:12:36.027]: (0.4, 0.6, 0.7) 1
[20:12:36.044]: (0.4, 0.6, 0.8) 1
[20:12:36.124]: (0.2, 0.5, 0.8) 8
[20:12:36.142]: (0.3, 0.5, 0.8) 8
[20:12:36.160]: (0.3, 0.5, 0.8) 8
[20:12:36.177]: (0.3, 0.5, 0.8) 8
[20:12:36.196]: (0.2, 0.5, 0.8) 8
[20:12:36.215]: (0.2, 0.5, 0.8) 8
