[19:43:38.438]: (-0.8, -0.6, 0.0) 1
[19:43:38.458]: (-0.8, -0.6, 0.0) 1
[19:43:38.476]: (-0.8, -0.6, 0.0) 1
[19:43:38.494]: (-0.8, -0.6, 0.0) 1
[19:43:38.510]: (-1.1, -1.4, 0.0) 6
[19:43:40.090]: (0.2, 1.7, 1.8) 11
[19:43:40.112]: (0.2, 1.8, 1.8) 11
[19:43:40.291]: (0.0, 2.3, 1.6) 11
[19:43:40.314]: (-0.1, 2.3, 1.6) 11
[19:43:40.474]: (-0.2, 2.7, 1.6) 9
[19:43:40.496]: (-0.1, 2.6, 1.6) 9
[19:43:40.632]: (-0.2, 3.0, 2.4) 12
[19:43:40.654]: (-0.1, 2.5, 1.7) 9
[19:43:40.675]: (-0.1, 2.5, 1.8) 9
[19:43:40.696]: (-0.1, 2.9, 2.4) 12
[19:43:41.645]: (0.9, 2.1, 1.7) 8
[19:43:41.679]: (1.6, 2.2, 2.0) 16
[19:43:41.746]: (1.5, 2.2, 2.1) 17
[19:43:41.780]: (1.5, 2.2, 2.1) 17
[19:43:41.813]: (0.8, 1.8, 1.1) 0
[19:43:41.846]: (0.7, 1.9, 1.1) 0
[19:43:41.879]: (0.7, 1.8, 1.1) 0
[19:43:41.935]: (1.0, 2.0, 1.6) 7
[19:43:41.957]: (1.0, 2.1, 1.6) 7
[19:43:41.979]: (0.9, 2.1, 1.7) 6
[19:43:43.659]: (-0.4, 1.8, 3.3) 5
[19:43:43.683]: (-0.4, 1.8, 3.2) 3
[19:43:44.102]: (1.2, 1.7, 1.7) 6
[19:43:44.266]: (1.2, 1.8, 1.7) 6
[19:43:44.501]: (0.8, 1.6, 1.0) 1
[19:43:44.732]: (0.2, 1.7, 2.0) 10
[19:43:44.755]: (0.2, 1.8, 2.0) 10
[19:43:45.560]: (0.2, 1.8, 2.0) 10
[19:43:46.989]: (1.0, 1.6, 1.0) 0
[19:43:47.005]: (1.0, 1.6, 1.0) 0
[19:43:47.021]: (1.0, 1.6, 1.0) 0
[19:43:47.043]: (1.0, 1.6, 1.0) 0
[19:43:47.087]: (1.4, 1.7, 1.5) 7
[19:43:47.111]: (1.4, 1.7, 1.5) 7
[19:43:47.153]: (1.4, 1.8, 1.6) 7
[19:43:47.198]: (1.3, 1.7, 1.6) 7
[19:43:47.220]: (1.3, 1.7, 1.6) 7
[19:43:47.244]: (1.0, 1.6, 0.9) 0
[19:43:47.264]: (1.9, 1.8, 1.9) 17
[19:43:47.287]: (2.0, 1.8, 1.9) 17
[19:43:47.311]: (1.9, 1.8, 1.9) 17
[19:43:47.332]: (2.0, 1.8, 1.9) 17
[19:43:47.353]: (2.0, 1.8, 1.8) 17
[19:43:47.377]: (1.1, 1.6, 0.9) 0
[19:43:47.677]: (1.3, 1.7, 1.6) 7
[19:43:48.636]: (0.2, 1.8, 2.0) 10
[19:43:48.653]: (0.2, 1.8, 2.1) 10
[19:43:48.710]: (0.2, 1.8, 2.1) 10
[19:43:48.731]: (0.2, 1.8, 2.0) 10
[19:43:48.753]: (0.2, 1.8, 2.1) 10
[19:43:49.421]: (0.8, 1.6, 1.0) 1
[19:43:50.122]: (0.8, 1.6, 1.0) 1
[19:43:50.138]: (0.8, 1.6, 1.0) 1
[19:43:50.155]: (0.8, 1.6, 1.0) 1
[19:43:50.187]: (0.8, 1.6, 1.0) 1
[19:43:50.218]: (1.2, 1.8, 1.6) 8
[19:43:50.234]: (0.8, 1.6, 1.0) 1
[19:43:50.508]: (1.4, 1.8, 1.5) 7
[19:43:50.642]: (1.4, 1.7, 1.5) 7
[19:43:50.841]: (0.4, 1.9, 2.8) 12
[19:43:54.996]: (0.4, 1.8, 2.1) 9
[19:43:55.238]: (0.4, 1.8, 2.1) 9
[19:43:55.254]: (0.4, 1.8, 2.1) 9
[19:43:59.340]: (0.2, 2.0, 3.0) 13
[19:43:59.356]: (0.3, 1.8, 2.1) 9
[19:43:59.406]: (0.3, 1.8, 2.1) 9
[19:43:59.424]: (0.3, 1.8, 2.1) 9
[19:43:59.442]: (0.4, 1.8, 2.1) 9
[19:43:59.461]: (0.3, 1.8, 2.1) 9
[19:43:59.478]: (0.4, 1.8, 2.1) 9
[19:43:59.496]: (0.4, 2.0, 2.9) 12
[19:43:59.513]: (0.5, 2.0, 2.8) 12
[19:43:59.548]: (0.5, 2.0, 2.9) 12
[19:43:59.564]: (0.3, 1.8, 2.1) 9
[19:43:59.582]: (0.4, 1.9, 2.8) 12
[19:43:59.600]: (0.4, 2.0, 2.9) 12
[19:43:59.636]: (0.5, 2.0, 2.9) 12
[19:43:59.685]: (0.5, 2.0, 2.9) 12
[19:43:59.727]: (0.4, 1.8, 2.1) 9
[19:44:03.735]: (0.2, 1.7, 2.1) 10
[19:44:03.752]: (0.3, 1.8, 2.1) 10
[19:44:03.768]: (0.2, 1.8, 2.0) 10
[19:44:03.785]: (0.2, 1.7, 2.0) 10
[19:44:03.818]: (0.2, 1.7, 2.1) 10
[19:44:03.834]: (0.1, 1.7, 2.1) 10
[19:44:03.850]: (0.1, 1.7, 2.1) 10
[19:44:03.866]: (0.1, 1.7, 2.1) 10
[19:44:03.883]: (0.1, 1.7, 2.1) 10
[19:44:03.899]: (0.2, 1.7, 2.0) 10
[19:44:03.916]: (0.2, 1.7, 2.0) 10
[19:44:03.932]: (0.2, 1.7, 2.0) 10
[19:44:03.949]: (0.2, 1.7, 2.0) 10
[19:44:03.968]: (0.2, 1.7, 2.0) 10
[19:44:03.991]: (0.2, 1.7, 2.0) 10
[19:44:04.014]: (0.2, 1.7, 2.0) 10
[19:44:04.036]: (0.2, 1.8, 2.0) 10
[19:44:04.058]: (0.2, 1.8, 2.0) 10
[19:44:04.081]: (0.2, 1.8, 2.0) 10
[19:44:04.102]: (0.2, 1.8, 2.0) 10
[19:44:04.125]: (0.2, 1.8, 2.0) 10
[19:44:04.147]: (0.4, 1.8, 2.1) 9
[19:44:04.617]: (0.8, 1.6, 1.0) 1
[19:44:04.633]: (1.4, 1.7, 1.5) 7
[19:44:04.649]: (1.3, 1.7, 1.5) 7
[19:44:04.666]: (1.3, 1.7, 1.5) 7
[19:44:04.682]: (1.3, 1.7, 1.5) 7
[19:44:04.698]: (1.3, 1.7, 1.5) 7
[19:44:04.716]: (1.3, 1.7, 1.5) 7
[19:44:04.734]: (1.3, 1.7, 1.5) 7
[19:44:04.752]: (1.3, 1.7, 1.5) 7
[19:44:04.767]: (1.3, 1.7, 1.5) 7
[19:44:04.783]: (1.4, 1.7, 1.5) 7
[19:44:04.799]: (1.4, 1.7, 1.5) 7
[19:44:04.816]: (1.4, 1.7, 1.5) 7
[19:44:04.834]: (1.4, 1.7, 1.5) 7
[19:44:04.858]: (1.4, 1.7, 1.5) 7
[19:44:04.880]: (1.4, 1.7, 1.5) 7
[19:44:04.902]: (1.4, 1.7, 1.5) 7
[19:44:04.924]: (1.4, 1.7, 1.5) 7
[19:44:04.947]: (1.4, 1.7, 1.5) 7
[19:44:04.969]: (1.3, 1.7, 1.5) 7
[19:44:04.990]: (1.4, 1.8, 1.5) 7
[19:44:05.325]: (1.3, 1.8, 1.6) 7
[19:44:05.342]: (1.3, 1.8, 1.6) 7
[19:44:05.389]: (1.3, 1.8, 1.6) 7
[19:44:06.056]: (0.8, 1.5, 1.0) 1
[19:44:06.073]: (0.8, 1.5, 1.0) 1
[19:44:06.102]: (0.8, 1.6, 1.0) 1
[19:44:06.118]: (1.3, 1.7, 1.6) 7
[19:44:06.135]: (1.3, 1.8, 1.6) 7
[19:44:06.169]: (1.3, 1.8, 1.6) 7
[19:44:06.236]: (1.3, 1.8, 1.6) 7
[19:44:07.324]: (1.2, 1.7, 1.7) 6
[19:44:07.568]: (1.1, 1.7, 1.8) 6
[19:44:07.590]: (1.1, 1.7, 1.8) 6
[19:44:07.636]: (1.1, 1.8, 1.7) 6
[19:44:07.662]: (1.1, 1.8, 1.8) 6
[19:44:07.883]: (1.1, 1.7, 1.8) 6
[19:44:07.906]: (0.7, 1.6, 1.0) 1
[19:44:07.928]: (1.2, 1.7, 1.7) 6
[19:44:07.950]: (1.2, 1.8, 1.7) 6
[19:44:07.973]: (1.2, 1.8, 1.7) 6
[19:44:07.994]: (1.2, 1.8, 1.7) 6
[19:44:08.019]: (1.2, 1.8, 1.7) 6
[19:44:08.038]: (1.2, 1.8, 1.7) 6
[19:44:08.061]: (1.2, 1.8, 1.7) 6
[19:44:08.083]: (1.2, 1.8, 1.8) 6
[19:44:08.106]: (1.2, 1.8, 1.8) 6
[19:44:08.128]: (1.2, 1.8, 1.7) 6
[19:44:08.150]: (1.2, 1.8, 1.7) 6
[19:44:08.166]: (1.2, 1.8, 1.7) 6
[19:44:08.182]: (1.2, 1.8, 1.7) 6
[19:44:08.199]: (1.2, 1.8, 1.7) 6
[19:44:08.216]: (1.2, 1.8, 1.7) 6
[19:44:08.823]: (0.6, 2.0, 0.7) 1
[19:44:08.846]: (0.6, 2.0, 0.7) 1
[19:44:08.868]: (0.6, 2.0, 0.7) 1
[19:44:09.935]: (1.1, 1.9, 1.6) 6
[19:44:09.956]: (1.0, 1.9, 1.7) 6
[19:44:09.978]: (1.0, 1.9, 1.7) 6
[19:44:10.001]: (1.1, 1.9, 1.7) 6
[19:44:13.129]: (0.5, 1.4, 0.9) 1
[19:44:13.354]: (1.0, 1.6, 1.6) 7
[19:44:13.377]: (1.0, 1.5, 1.6) 7
[19:44:13.400]: (1.0, 1.5, 1.5) 7
[19:44:13.489]: (1.1, 1.7, 2.2) 17
[19:44:13.710]: (1.2, 1.6, 2.2) 17
[19:44:13.733]: (1.2, 1.6, 2.2) 17
[19:44:13.755]: (1.2, 1.6, 2.2) 17
[19:44:13.777]: (1.2, 1.6, 2.2) 17
[19:44:13.794]: (1.2, 1.6, 2.2) 17
[19:44:13.811]: (1.2, 1.6, 2.2) 17
[19:44:13.827]: (1.2, 1.6, 2.2) 17
[19:44:13.843]: (1.2, 1.6, 2.2) 17
[19:44:13.859]: (1.2, 1.6, 2.2) 17
[19:44:13.876]: (1.2, 1.7, 2.2) 17
[19:44:13.893]: (1.2, 1.7, 2.2) 17
[19:44:13.910]: (1.2, 1.7, 2.2) 17
[19:44:14.510]: (0.5, 1.3, 0.9) 1
[19:44:14.532]: (0.5, 1.3, 0.9) 1
[19:44:14.554]: (0.5, 1.4, 0.9) 1
[19:44:14.735]: (1.0, 1.5, 1.6) 7
[19:44:14.753]: (1.1, 1.6, 2.3) 17
[19:44:14.769]: (0.5, 1.3, 1.1) 0
[19:44:14.786]: (0.5, 1.3, 1.1) 0
[19:44:14.803]: (0.5, 1.3, 1.1) 0
[19:44:14.820]: (0.5, 1.3, 1.1) 0
[19:44:14.836]: (0.5, 1.3, 1.1) 0
[19:44:14.853]: (0.5, 1.3, 1.1) 0
[19:44:14.869]: (0.5, 1.3, 1.1) 0
[19:44:14.899]: (0.5, 1.3, 1.1) 0
[19:44:14.917]: (0.5, 1.3, 1.1) 0
[19:44:14.934]: (0.5, 1.3, 1.1) 0
[19:44:14.950]: (0.5, 1.3, 1.1) 0
[19:44:14.981]: (0.5, 1.3, 1.1) 0
[19:44:15.017]: (0.5, 1.4, 1.1) 0
[19:44:15.084]: (0.5, 1.4, 1.2) 0
[19:44:15.232]: (0.5, 1.4, 1.2) 0
[19:44:16.541]: (0.4, 1.4, 1.1) 2
[19:44:16.561]: (0.4, 1.4, 1.1) 2
[19:44:16.579]: (0.4, 1.4, 1.1) 2
[19:44:16.596]: (0.4, 1.4, 1.1) 2
[19:44:16.621]: (0.4, 1.4, 1.1) 2
[19:44:16.638]: (0.4, 1.4, 1.1) 2
[19:44:16.655]: (0.4, 1.5, 1.2) 2
