[19:57:50.243]: (0.9, 1.0, 1.4) 7
[19:57:50.263]: (0.9, 0.9, 1.4) 7
[19:57:50.284]: (1.1, 0.9, 2.0) 14
[19:57:50.372]: (1.1, 0.9, 2.0) 14
[19:57:50.394]: (1.1, 0.9, 2.0) 14
[19:57:50.416]: (1.1, 0.9, 2.0) 14
[19:57:50.438]: (1.1, 0.9, 2.0) 14
[19:57:50.461]: (1.1, 0.9, 2.0) 14
[19:57:50.483]: (1.1, 0.9, 2.0) 14
[19:57:50.505]: (1.1, 0.9, 2.0) 14
[19:57:50.527]: (1.1, 0.9, 2.0) 14
[19:57:50.549]: (1.1, 0.9, 2.0) 14
[19:57:50.572]: (1.1, 1.0, 2.0) 14
[19:57:50.594]: (1.1, 0.9, 2.0) 14
[19:57:50.616]: (0.6, 0.9, 1.3) 8
[19:57:50.776]: (1.1, 1.0, 2.1) 14
[19:57:50.835]: (1.5, 0.9, 3.0) 42
[19:57:50.897]: (0.8, 1.1, 1.4) 7
[19:57:50.919]: (0.7, 1.1, 1.4) 7
[19:57:50.964]: (1.5, 1.3, 3.0) 41
[19:57:50.984]: (1.5, 1.3, 3.0) 41
[19:57:51.005]: (1.5, 1.3, 3.0) 42
[19:57:51.052]: (1.0, 1.3, 2.0) 14
[19:57:51.076]: (0.7, 1.3, 1.5) 5
[19:57:51.100]: (0.7, 1.4, 1.4) 10
[19:57:51.323]: (1.0, 2.8, 4.5) 3
[19:57:53.043]: (1.2, 1.4, 1.9) 14
[19:57:53.089]: (1.2, 1.3, 1.9) 14
[19:57:53.680]: (1.2, 1.5, 2.1) 16
[19:57:53.741]: (0.8, 1.5, 1.4) 5
[19:57:53.762]: (0.8, 1.5, 1.3) 5
[19:57:53.781]: (0.8, 1.5, 1.3) 5
[19:57:53.804]: (0.8, 1.5, 1.3) 5
[19:57:53.825]: (0.8, 1.5, 1.3) 5
[19:57:53.849]: (0.8, 1.5, 1.3) 10
[19:57:53.870]: (0.8, 1.5, 1.2) 10
[19:57:53.894]: (0.8, 1.5, 1.2) 10
[19:57:53.914]: (0.9, 1.6, 1.2) 10
[19:57:54.467]: (0.9, 1.1, 2.3) 16
[19:57:54.484]: (0.9, 1.1, 2.3) 16
[19:57:54.502]: (0.9, 1.1, 2.3) 16
[19:57:54.522]: (0.9, 1.1, 2.2) 16
[19:57:54.543]: (0.9, 1.1, 2.2) 16
[19:57:54.562]: (0.9, 1.1, 2.2) 16
[19:57:54.581]: (0.9, 1.1, 2.3) 16
[19:57:54.599]: (0.9, 1.1, 2.3) 16
[19:57:54.616]: (0.9, 1.1, 2.3) 16
[19:57:54.634]: (0.9, 1.1, 2.3) 16
[19:57:54.652]: (0.9, 1.1, 2.3) 16
[19:57:54.669]: (0.9, 1.1, 2.3) 16
[19:57:54.694]: (0.9, 1.1, 2.3) 16
[19:57:54.716]: (0.9, 1.1, 2.3) 16
[19:57:54.736]: (1.0, 1.1, 2.4) 18
[19:57:54.758]: (1.0, 1.1, 2.4) 18
[19:57:54.939]: (0.6, 1.1, 1.5) 10
[19:57:55.048]: (1.2, 1.2, 2.0) 12
[19:57:55.072]: (1.2, 1.2, 2.0) 12
[19:57:55.093]: (0.8, 1.2, 1.3) 10
[19:57:55.114]: (0.8, 1.2, 1.3) 10
[19:57:55.135]: (1.2, 1.3, 2.0) 16
[19:57:55.156]: (1.3, 1.3, 2.1) 18
[19:57:56.059]: (0.5, 1.1, 1.4) 8
[19:57:56.080]: (0.4, 1.1, 1.4) 8
[19:57:56.100]: (0.4, 1.1, 1.4) 8
[19:57:56.122]: (0.5, 1.1, 1.4) 8
[19:57:56.144]: (0.5, 1.1, 1.4) 8
[19:57:56.166]: (0.5, 1.1, 1.4) 8
[19:57:56.188]: (0.5, 1.1, 1.4) 8
[19:57:56.210]: (0.5, 1.1, 1.4) 8
[19:57:56.231]: (0.5, 1.2, 1.4) 8
[19:57:56.274]: (0.5, 1.2, 1.4) 8
[19:57:56.295]: (0.5, 1.2, 1.3) 8
[19:57:56.314]: (0.4, 1.2, 1.3) 8
[19:57:56.335]: (0.5, 1.3, 1.3) 8
[19:57:56.357]: (0.5, 1.3, 1.4) 6
[19:57:56.378]: (0.5, 1.3, 1.4) 6
[19:57:56.458]: (0.5, 1.3, 1.4) 5
[19:57:56.480]: (0.5, 1.4, 1.3) 5
[19:57:56.501]: (0.5, 1.4, 1.3) 5
[19:57:56.522]: (0.5, 1.4, 1.3) 5
[19:57:56.545]: (0.4, 1.4, 1.3) 5
[19:57:56.566]: (0.4, 1.5, 1.3) 5
[19:57:56.586]: (0.4, 1.4, 1.3) 5
[19:57:56.607]: (0.7, 1.6, 2.0) 12
[19:57:58.240]: (0.2, 1.1, 1.3) 8
[19:57:58.262]: (0.2, 1.1, 1.3) 8
[19:57:58.284]: (0.2, 1.1, 1.3) 8
[19:57:58.308]: (0.2, 1.1, 1.3) 8
[19:57:58.330]: (0.2, 1.1, 1.3) 8
[19:57:58.351]: (0.2, 1.1, 1.3) 8
[19:57:58.373]: (0.2, 1.1, 1.3) 8
[19:57:58.395]: (0.2, 1.1, 1.3) 8
[19:57:58.783]: (0.5, 1.2, 1.2) 10
[19:57:58.805]: (0.5, 1.2, 1.2) 10
[19:57:58.827]: (0.5, 1.2, 1.2) 10
[19:57:58.908]: (0.4, 1.2, 1.5) 4
[19:57:58.931]: (0.4, 1.2, 1.5) 4
[19:57:58.975]: (0.4, 1.2, 1.5) 4
[19:57:58.997]: (0.4, 1.2, 1.5) 4
[19:57:59.018]: (0.4, 1.2, 1.5) 4
[19:57:59.041]: (0.4, 1.2, 1.5) 4
[19:57:59.063]: (0.4, 1.2, 1.5) 4
[19:58:00.613]: (0.1, 1.2, 1.3) 8
[19:58:00.635]: (0.1, 1.3, 1.3) 8
[19:58:00.659]: (0.1, 1.3, 1.3) 8
[19:58:00.681]: (0.1, 1.2, 1.3) 8
[19:58:00.725]: (0.4, 1.2, 1.4) 5
[19:58:00.748]: (0.4, 1.2, 1.4) 5
[19:58:00.769]: (0.4, 1.2, 1.4) 5
[19:58:00.789]: (0.4, 1.2, 1.4) 5
[19:58:00.811]: (0.4, 1.2, 1.4) 5
[19:58:00.909]: (0.5, 1.3, 2.0) 13
[19:58:00.932]: (0.5, 1.3, 2.0) 13
[19:58:00.954]: (0.5, 1.3, 2.0) 13
[19:58:00.976]: (0.5, 1.3, 2.0) 13
[19:58:00.999]: (0.5, 1.3, 2.0) 13
[19:58:01.021]: (0.5, 1.3, 2.0) 13
[19:58:01.042]: (0.5, 1.3, 2.0) 13
[19:58:01.065]: (0.5, 1.3, 2.0) 13
[19:58:01.087]: (0.5, 1.3, 2.0) 13
[19:58:01.109]: (0.5, 1.3, 2.0) 13
[19:58:01.131]: (0.5, 1.3, 2.0) 13
[19:58:01.153]: (0.5, 1.3, 2.0) 13
[19:58:01.174]: (0.5, 1.3, 2.0) 13
[19:58:01.197]: (0.5, 1.3, 2.0) 13
[19:58:01.219]: (0.5, 1.3, 2.0) 13
[19:58:01.241]: (0.5, 1.3, 2.0) 13
[19:58:01.913]: (0.1, 1.3, 1.3) 8
[19:58:02.801]: (0.2, 1.1, 1.3) 8
[19:58:02.824]: (0.1, 1.1, 1.3) 8
[19:58:02.845]: (0.1, 1.1, 1.3) 8
[19:58:02.868]: (0.1, 1.1, 1.3) 8
[19:58:02.890]: (0.1, 1.1, 1.3) 8
[19:58:02.913]: (0.1, 1.2, 1.3) 8
[19:58:02.937]: (0.1, 1.2, 1.3) 8
[19:58:02.962]: (0.1, 1.2, 1.3) 8
[19:58:02.983]: (0.1, 1.2, 1.3) 8
[19:58:03.004]: (0.1, 1.1, 1.3) 8
[19:58:03.026]: (0.1, 1.2, 1.3) 8
[19:58:03.796]: (0.1, 1.1, 1.3) 8
[19:58:03.818]: (0.1, 1.0, 1.5) 9
[19:58:04.156]: (0.6, 1.5, 2.1) 18
[19:58:04.189]: (0.6, 1.4, 2.0) 16
[19:58:04.423]: (0.5, 1.4, 2.0) 16
[19:58:04.456]: (0.5, 1.4, 2.0) 16
[19:58:04.489]: (0.5, 1.4, 2.0) 16
[19:58:04.522]: (0.5, 1.5, 2.1) 16
[19:58:04.723]: (0.4, 3.2, 4.2) 3
[19:58:04.789]: (0.4, 3.2, 4.2) 3
[19:58:06.196]: (0.2, 1.3, 1.3) 10
[19:58:06.219]: (0.2, 1.2, 1.3) 10
[19:58:06.240]: (0.2, 1.2, 1.3) 10
[19:58:06.262]: (0.2, 1.2, 1.3) 10
[19:58:06.284]: (0.2, 1.2, 1.3) 10
[19:58:06.307]: (0.2, 1.2, 1.3) 10
[19:58:06.328]: (0.2, 1.2, 1.3) 10
[19:58:06.348]: (0.2, 1.2, 1.3) 10
[19:58:06.368]: (0.2, 1.2, 1.3) 10
[19:58:06.389]: (0.2, 1.2, 1.3) 10
[19:58:06.411]: (0.2, 1.2, 1.3) 10
[19:58:06.452]: (0.1, 1.0, 1.3) 8
[19:58:06.475]: (0.0, 1.0, 1.3) 8
[19:58:06.496]: (0.1, 1.0, 1.3) 8
[19:58:06.518]: (0.1, 1.0, 1.3) 8
[19:58:06.539]: (0.1, 1.0, 1.3) 8
[19:58:06.561]: (0.1, 1.0, 1.3) 8
[19:58:06.583]: (0.0, 1.0, 1.3) 8
[19:58:06.604]: (0.0, 1.0, 1.3) 8
[19:58:06.626]: (0.0, 1.0, 1.3) 8
[19:58:06.648]: (0.0, 1.0, 1.3) 8
[19:58:06.670]: (0.0, 1.0, 1.3) 8
[19:58:06.692]: (0.0, 1.0, 1.3) 8
[19:58:06.766]: (0.0, 1.0, 1.3) 8
[19:58:06.801]: (0.0, 1.0, 1.3) 8
[19:58:06.833]: (0.0, 1.0, 1.3) 8
[19:58:06.866]: (0.0, 1.0, 1.5) 9
[19:58:06.999]: (0.0, 1.0, 1.3) 8
[19:58:07.035]: (0.0, 1.0, 1.3) 8
[19:58:07.300]: (0.0, 0.9, 1.5) 9
[19:58:07.334]: (0.0, 1.0, 1.3) 8
[19:58:07.368]: (0.0, 1.0, 1.3) 8
[19:58:07.401]: (0.1, 1.0, 1.3) 8
[19:58:07.424]: (0.1, 1.1, 1.3) 8
[19:58:07.447]: (0.1, 1.0, 1.3) 8
[19:58:07.470]: (0.1, 1.1, 1.3) 8
[19:58:07.493]: (0.1, 1.1, 1.3) 8
[19:58:07.755]: (0.0, 0.9, 1.2) 11
[19:58:07.778]: (0.1, 1.0, 1.2) 11
[19:58:07.801]: (0.0, 1.0, 1.3) 8
[19:58:07.823]: (0.0, 1.0, 1.3) 8
[19:58:07.846]: (0.0, 1.0, 1.3) 8
[19:58:07.868]: (0.0, 1.0, 1.3) 8
[19:58:07.890]: (0.1, 1.0, 1.3) 8
[19:58:07.915]: (0.1, 1.0, 1.3) 8
[19:58:07.939]: (0.1, 1.0, 1.3) 8
[19:58:07.963]: (0.0, 1.0, 1.3) 8
[19:58:07.986]: (0.1, 1.0, 1.3) 8
[19:58:08.007]: (0.1, 1.0, 1.3) 8
[19:58:08.031]: (0.1, 1.0, 1.3) 8
[19:58:08.054]: (0.1, 1.0, 1.3) 8
[19:58:08.079]: (0.1, 1.0, 1.3) 8
[19:58:08.104]: (0.0, 1.1, 1.3) 8
[19:58:08.130]: (0.0, 1.1, 1.3) 8
[19:58:08.156]: (0.0, 1.1, 1.3) 8
[19:58:08.184]: (0.0, 1.1, 1.3) 8
[19:58:08.210]: (0.0, 1.1, 1.3) 8
[19:58:08.754]: (0.1, 1.1, 1.6) 4
[19:58:08.788]: (0.1, 1.1, 1.6) 4
[19:58:08.821]: (0.1, 1.1, 1.6) 4
[19:58:08.854]: (0.1, 1.1, 1.6) 4
[19:58:08.887]: (0.1, 1.1, 1.6) 4
[19:58:08.921]: (0.1, 1.1, 1.6) 4
[19:58:08.954]: (0.1, 1.1, 1.6) 4
[19:58:08.987]: (0.1, 1.1, 1.6) 4
[19:58:11.583]: (0.1, 1.3, 1.3) 10
[19:58:11.600]: (0.1, 1.3, 1.3) 10
[19:58:11.618]: (0.1, 1.3, 1.3) 10
[19:58:11.634]: (0.1, 1.3, 1.3) 10
[19:58:11.651]: (0.1, 1.3, 1.3) 10
[19:58:11.669]: (0.1, 1.3, 1.3) 10
[19:58:12.197]: (0.2, 1.2, 1.3) 5
[19:58:12.231]: (0.2, 1.2, 1.3) 5
[19:58:12.266]: (0.2, 1.3, 1.3) 10
[19:58:12.298]: (0.2, 1.3, 1.3) 10
[19:58:12.330]: (0.2, 1.3, 1.3) 10
[19:58:12.364]: (0.2, 1.3, 1.3) 10
[19:58:12.396]: (0.2, 1.3, 1.3) 10
[19:58:12.431]: (0.2, 1.2, 1.3) 10
[19:58:15.529]: (0.1, 1.2, 1.4) 9
[19:58:15.549]: (0.1, 1.2, 1.2) 8
