[19:40:08.089]: (-0.7, -1.6, 0.0) 7
[19:40:08.108]: (-0.7, -1.6, 0.0) 7
[19:40:08.130]: (-0.8, -1.6, 0.0) 6
[19:40:08.154]: (-0.7, -1.6, 0.0) 6
[19:40:08.174]: (-0.8, -1.6, 0.0) 6
[19:40:08.197]: (-0.7, -1.6, 0.0) 6
[19:40:08.219]: (-0.8, -1.6, 0.0) 6
[19:40:08.242]: (-0.8, -1.6, 0.0) 6
[19:40:08.260]: (-0.8, -1.7, 0.1) 6
[19:40:08.774]: (-0.8, -0.7, 0.0) 2
[19:40:08.863]: (-1.0, -0.8, 0.1) 0
[19:40:08.885]: (-1.0, -0.8, 0.1) 0
[19:40:08.909]: (-1.0, -0.8, 0.0) 0
[19:40:08.930]: (-1.0, -0.8, 0.0) 0
[19:40:08.953]: (-1.0, -0.8, 0.0) 0
[19:40:08.974]: (-1.0, -0.8, 0.0) 0
[19:40:08.996]: (-1.0, -0.8, 0.0) 0
[19:40:09.018]: (-1.0, -0.7, 0.0) 0
[19:40:09.041]: (-1.0, -0.8, 0.0) 0
[19:40:09.063]: (-1.0, -0.7, 0.0) 0
[19:40:09.079]: (-1.0, -0.8, 0.0) 0
[19:40:09.096]: (-1.0, -0.7, 0.0) 1
[19:40:09.114]: (-1.0, -0.8, 0.0) 0
[19:40:09.131]: (-1.0, -0.8, 0.0) 0
[19:40:09.147]: (-1.0, -0.8, 0.0) 0
[19:40:09.165]: (-1.0, -0.7, 0.0) 1
[19:40:09.403]: (-1.1, -0.7, 0.0) 1
[19:40:09.420]: (-1.1, -0.7, 0.0) 1
[19:40:09.436]: (-1.0, -0.7, 0.0) 1
[19:40:09.486]: (-1.0, -0.6, 0.0) 1
[19:40:09.508]: (-1.1, -0.7, 0.0) 1
[19:40:09.552]: (-1.0, -0.6, 0.0) 1
[19:40:09.574]: (-1.0, -0.6, 0.0) 1
[19:40:09.597]: (-1.0, -0.6, 0.0) 1
[19:40:09.619]: (-1.1, -0.7, 0.0) 1
[19:40:09.641]: (-1.0, -0.6, 0.0) 1
[19:40:09.664]: (-1.1, -0.6, 0.0) 1
[19:40:09.685]: (-1.0, -0.6, 0.0) 1
[19:40:09.708]: (-1.0, -0.6, 0.0) 1
[19:40:09.729]: (-1.0, -0.6, 0.0) 1
[19:40:09.752]: (-1.0, -0.6, 0.0) 1
[19:40:09.774]: (-1.0, -0.6, 0.0) 1
[19:40:09.796]: (-1.0, -0.6, 0.0) 1
[19:40:11.137]: (-1.1, -0.7, 0.1) 1
[19:40:11.154]: (-1.1, -0.7, 0.1) 1
[19:40:11.186]: (-1.1, -0.7, 0.1) 1
[19:40:11.202]: (-1.1, -0.7, 0.0) 1
[19:40:12.005]: (-1.1, -0.7, 0.0) 1
[19:40:12.023]: (-1.1, -0.7, 0.0) 1
[19:40:12.046]: (-1.1, -0.7, 0.0) 1
[19:40:12.067]: (-1.0, -0.6, 0.0) 1
[19:40:12.096]: (-1.0, -0.6, 0.0) 1
[19:40:12.120]: (-1.0, -0.6, 0.0) 1
[19:40:12.139]: (-1.0, -0.6, 0.0) 1
[19:40:12.156]: (-1.0, -0.6, 0.0) 1
[19:40:12.174]: (-1.1, -0.6, 0.0) 1
[19:40:12.190]: (-1.1, -0.6, 0.0) 1
[19:40:12.207]: (-1.1, -0.6, 0.0) 1
[19:40:12.229]: (-1.1, -0.6, 0.0) 1
[19:40:12.251]: (-1.1, -0.6, 0.0) 1
[19:40:12.274]: (-1.1, -0.6, 0.0) 1
[19:40:12.296]: (-1.1, -0.6, 0.0) 1
[19:40:12.318]: (-1.1, -0.7, 0.0) 1
[19:40:12.788]: (-0.8, -0.8, 0.0) 2
[19:40:12.805]: (-0.8, -0.8, 0.0) 2
[19:40:13.040]: (-1.0, -0.7, 0.0) 0
[19:40:13.061]: (-1.0, -0.7, 0.0) 1
[19:40:13.087]: (-1.0, -0.7, 0.0) 1
[19:40:13.107]: (-0.9, -0.7, 0.0) 0
[19:40:13.395]: (-1.0, -0.7, 0.0) 0
[19:40:13.418]: (-1.0, -0.7, 0.0) 1
[19:40:13.440]: (-1.0, -0.7, 0.0) 1
[19:40:13.455]: (-1.0, -0.7, 0.0) 1
[19:40:13.792]: (-1.0, -0.7, 0.0) 1
[19:40:13.807]: (-0.9, -0.8, 0.0) 0
[19:40:14.150]: (-1.0, -0.7, 0.0) 1
[19:40:14.174]: (-1.0, -0.6, 0.0) 1
[19:40:14.195]: (-1.1, -0.6, 0.0) 1
[19:40:14.218]: (-1.0, -0.6, 0.0) 1
[19:40:14.239]: (-1.0, -0.6, 0.0) 1
[19:40:14.512]: (-1.0, -0.7, 0.0) 1
[19:40:14.528]: (-1.1, -0.7, 0.0) 1
[19:40:14.558]: (-1.0, -0.7, 0.1) 1
[19:40:15.617]: (-1.1, -0.7, 0.2) 1
[19:40:15.641]: (-1.0, -0.7, 0.2) 1
[19:40:15.661]: (-1.0, -0.7, 0.2) 1
[19:40:15.686]: (-1.0, -0.7, 0.2) 1
[19:40:15.709]: (-1.1, -0.7, 0.2) 1
[19:40:16.283]: (-1.0, -0.5, 1.2) 1
[19:40:16.303]: (-0.9, -0.4, 1.2) 1
[19:40:16.323]: (-0.9, -0.4, 1.2) 1
[19:40:16.344]: (-0.9, -0.4, 1.2) 1
[19:40:16.363]: (-0.9, -0.4, 1.2) 1
[19:40:18.693]: (-0.1, 1.0, 2.4) 0
[19:40:18.716]: (0.0, 1.0, 2.4) 0
[19:40:18.738]: (0.0, 1.0, 2.4) 0
[19:40:18.849]: (-0.1, 1.2, 2.3) 1
[19:40:18.870]: (-0.1, 1.3, 2.3) 1
[19:40:20.581]: (-0.2, 1.5, 2.0) 0
[19:40:20.615]: (-0.2, 1.5, 2.0) 0
[19:40:20.648]: (-0.2, 1.5, 2.0) 0
[19:40:20.681]: (-0.2, 1.5, 2.0) 0
[19:40:20.749]: (-0.1, 1.5, 2.0) 0
[19:40:20.782]: (0.0, 1.5, 1.9) 2
[19:40:20.816]: (0.0, 1.4, 1.9) 2
[19:40:20.849]: (0.1, 1.4, 1.9) 2
[19:40:20.882]: (0.1, 1.4, 1.9) 2
[19:40:20.916]: (0.1, 1.4, 1.9) 2
[19:40:21.503]: (0.4, 1.4, 2.4) 8
[19:40:21.526]: (0.4, 1.4, 2.5) 8
[19:40:21.548]: (0.4, 1.5, 2.6) 7
[19:40:21.569]: (0.3, 1.5, 2.6) 6
[19:40:21.592]: (0.3, 1.5, 2.6) 6
[19:40:25.012]: (-1.1, 2.0, 2.5) 10
[19:40:28.942]: (0.3, 1.2, 1.3) 0
[19:40:29.063]: (0.3, 1.2, 1.3) 0
[19:40:29.093]: (0.3, 1.3, 1.3) 0
[19:40:30.299]: (0.7, 1.4, 2.1) 6
[19:40:30.322]: (0.6, 1.4, 2.1) 6
[19:40:30.343]: (0.7, 1.4, 2.1) 6
[19:40:30.366]: (0.7, 1.4, 2.1) 6
[19:40:30.388]: (0.7, 1.4, 2.1) 6
[19:40:35.005]: (0.6, 1.4, 2.1) 6
[19:40:35.022]: (0.6, 1.4, 2.1) 6
[19:40:35.038]: (0.6, 1.4, 2.1) 6
[19:40:35.055]: (0.6, 1.4, 2.1) 6
[19:40:35.073]: (0.6, 1.4, 2.1) 6
[19:40:35.089]: (0.6, 1.4, 2.1) 6
[19:40:35.108]: (0.6, 1.4, 2.1) 6
[19:40:35.131]: (0.6, 1.4, 2.1) 6
[19:40:37.531]: (0.3, 1.2, 1.3) 0
[19:40:37.563]: (0.3, 1.2, 1.3) 0
[19:40:37.596]: (0.3, 1.2, 1.3) 0
[19:40:37.630]: (0.3, 1.2, 1.3) 0
[19:40:37.696]: (0.3, 1.3, 1.3) 0
[19:40:39.761]: (0.2, 1.2, 1.2) 1
[19:40:39.784]: (0.2, 1.2, 1.2) 1
[19:40:39.806]: (0.2, 1.3, 1.2) 1
[19:40:39.829]: (0.2, 1.3, 1.2) 1
[19:40:41.161]: (0.3, 1.3, 1.3) 0
[19:40:41.184]: (0.3, 1.3, 1.3) 0
[19:40:43.971]: (-1.1, 1.9, 2.5) 10
[19:40:43.993]: (-1.1, 2.0, 2.5) 10
[19:40:44.504]: (-0.9, 1.7, 1.8) 3
[19:40:44.527]: (-0.9, 1.7, 1.8) 3
[19:40:44.549]: (-0.9, 1.7, 1.8) 3
[19:40:44.572]: (-1.1, 1.9, 2.6) 9
[19:40:44.595]: (-0.9, 1.7, 1.8) 3
[19:40:44.615]: (-1.0, 1.9, 2.5) 9
[19:40:44.638]: (-1.0, 1.9, 2.6) 9
[19:40:44.660]: (-1.0, 1.9, 2.6) 9
[19:40:44.683]: (-1.0, 1.9, 2.5) 9
[19:40:44.704]: (-1.0, 1.9, 2.5) 9
[19:40:44.728]: (-1.0, 1.9, 2.6) 9
[19:40:44.749]: (-1.0, 1.9, 2.5) 9
[19:40:44.771]: (-1.0, 1.9, 2.6) 9
[19:40:47.766]: (-1.0, 1.9, 2.6) 9
[19:40:47.783]: (-1.0, 2.0, 2.6) 9
[19:40:47.801]: (-1.1, 2.0, 2.5) 10
[19:40:47.819]: (-1.0, 2.0, 2.6) 9
[19:40:48.581]: (-1.1, 2.0, 2.5) 10
[19:40:49.293]: (-1.0, 2.0, 2.5) 9
[19:40:49.639]: (-1.1, 2.0, 2.5) 10
[19:40:49.657]: (-1.1, 2.0, 2.5) 10
[19:40:49.675]: (-1.1, 2.0, 2.5) 10
[19:40:49.723]: (-1.0, 1.9, 2.5) 9
[19:40:49.814]: (-1.1, 1.9, 2.5) 10
[19:40:49.836]: (-1.1, 2.0, 2.5) 10
[19:40:49.858]: (-1.0, 2.0, 2.5) 10
[19:40:49.880]: (-1.1, 2.0, 2.5) 10
[19:40:51.211]: (-1.0, 2.0, 2.5) 9
[19:40:51.370]: (-1.1, 2.0, 2.5) 10
[19:40:51.812]: (-0.7, 1.6, 1.9) 4
[19:40:52.200]: (-0.7, 1.7, 1.9) 5
[19:40:52.297]: (-0.9, 1.9, 2.6) 9
[19:40:52.318]: (-0.8, 1.9, 2.5) 9
[19:40:52.338]: (-0.9, 1.9, 2.5) 9
[19:40:52.379]: (-0.9, 1.9, 2.5) 10
[19:40:53.613]: (-0.7, 1.9, 2.3) 10
[19:40:54.440]: (0.2, 1.4, 2.0) 9
[19:40:54.460]: (0.2, 1.4, 2.0) 9
[19:40:54.483]: (0.2, 1.4, 2.0) 9
[19:40:54.527]: (0.1, 1.4, 2.0) 10
[19:40:54.571]: (0.1, 1.4, 1.9) 10
[19:40:54.593]: (0.1, 1.4, 2.0) 10
[19:40:54.617]: (0.1, 1.4, 2.0) 10
[19:40:55.037]: (0.0, 1.4, 2.0) 10
[19:40:55.057]: (0.0, 1.4, 2.0) 10
[19:40:55.123]: (0.0, 1.4, 1.9) 9
[19:40:55.145]: (0.0, 1.4, 1.9) 9
[19:40:55.167]: (0.0, 1.4, 1.9) 9
[19:40:55.190]: (0.0, 1.4, 1.9) 9
[19:40:57.724]: (-0.2, 1.4, 1.8) 10
[19:40:57.921]: (-0.2, 1.3, 1.2) 3
[19:40:57.944]: (-0.1, 1.4, 1.9) 9
[19:40:57.966]: (-0.1, 1.5, 1.8) 10
[19:40:57.988]: (-0.2, 1.4, 1.8) 10
[19:40:58.033]: (-0.2, 1.4, 1.8) 10
[19:40:58.055]: (-0.2, 1.4, 1.8) 10
[19:40:58.077]: (-0.1, 1.5, 1.8) 10
[19:40:58.099]: (-0.1, 1.5, 1.8) 10
[19:40:58.212]: (-0.1, 1.5, 1.9) 9
[19:40:59.788]: (-0.1, 1.2, 1.1) 3
[19:41:00.865]: (-0.1, 1.2, 1.1) 3
[19:41:00.976]: (-0.1, 1.2, 1.1) 3
[19:41:02.770]: (-0.1, 1.2, 1.1) 3
[19:41:03.277]: (-0.1, 1.2, 1.1) 3
[19:41:03.343]: (0.0, 1.3, 1.7) 10
[19:41:03.704]: (0.0, 1.3, 1.7) 10
[19:41:03.964]: (0.1, 1.3, 1.7) 10
[19:41:05.565]: (-0.1, 1.2, 1.1) 3
[19:41:05.582]: (-0.1, 1.2, 1.1) 3
[19:41:05.598]: (0.0, 1.2, 1.1) 3
[19:41:05.616]: (0.0, 1.2, 1.1) 3
[19:41:05.633]: (0.0, 1.2, 1.1) 3
[19:41:05.650]: (0.0, 1.2, 1.1) 3
[19:41:05.666]: (0.0, 1.2, 1.1) 3
