[20:10:10.615]: (-2.4, -1.9, 0.0) 36
[20:10:10.636]: (-2.4, -1.9, 0.0) 36
[20:10:10.655]: (-2.4, -1.8, 0.0) 41
[20:10:11.131]: (-0.8, 1.6, 1.8) 13
[20:10:11.151]: (-0.6, 1.7, 1.8) 16
[20:10:11.496]: (-0.4, 2.4, 3.0) 37
[20:10:11.519]: (-0.4, 2.0, 1.8) 12
[20:10:11.540]: (-0.4, 2.0, 1.7) 13
[20:10:11.562]: (-0.3, 2.0, 1.7) 13
[20:10:11.584]: (-0.3, 2.1, 1.7) 16
[20:10:12.109]: (-1.4, 2.7, 2.2) 50
[20:10:12.142]: (-1.3, 2.7, 2.2) 50
[20:10:12.176]: (-1.4, 2.7, 2.2) 50
[20:10:12.208]: (-1.4, 2.6, 2.2) 50
[20:10:14.674]: (1.2, 1.7, 2.4) 74
[20:10:14.708]: (1.2, 1.7, 2.4) 74
[20:10:14.742]: (1.3, 1.8, 2.5) 70
[20:10:14.774]: (1.2, 1.8, 2.5) 70
[20:10:14.807]: (1.2, 1.9, 2.5) 70
[20:10:14.841]: (1.2, 1.9, 2.5) 70
[20:10:14.874]: (1.2, 1.8, 2.5) 66
[20:10:14.908]: (1.3, 1.8, 2.5) 66
[20:10:16.288]: (-1.0, 2.0, 3.2) 39
[20:10:17.396]: (0.1, 3.2, 2.5) 41
[20:10:17.419]: (0.1, 3.3, 2.6) 36
[20:10:17.461]: (0.2, 3.2, 2.5) 35
[20:10:17.567]: (0.0, 2.2, 1.0) 6
[20:10:17.589]: (0.0, 2.2, 1.0) 6
[20:10:17.612]: (0.4, 2.6, 1.1) 17
[20:10:17.635]: (0.7, 2.7, 1.0) 14
[20:10:17.977]: (0.7, 3.5, 2.1) 41
[20:10:18.057]: (0.7, 3.5, 2.1) 41
[20:10:18.079]: (0.6, 3.5, 2.1) 41
[20:10:18.101]: (0.6, 3.5, 2.1) 41
[20:10:18.123]: (0.6, 3.5, 2.1) 41
[20:10:18.146]: (0.6, 3.5, 2.2) 41
[20:10:18.163]: (0.6, 3.5, 2.1) 41
[20:10:18.181]: (0.6, 3.5, 2.1) 41
[20:10:18.206]: (0.5, 3.5, 2.3) 42
[20:10:18.240]: (0.6, 3.4, 2.2) 41
[20:10:18.274]: (0.6, 3.4, 2.1) 41
[20:10:18.305]: (0.6, 3.4, 2.2) 41
[20:10:18.917]: (1.8, 3.5, 1.9) 57
[20:10:18.939]: (1.7, 3.4, 1.9) 56
[20:10:18.963]: (1.7, 3.4, 1.9) 56
[20:10:19.097]: (1.7, 3.4, 1.9) 56
[20:10:19.119]: (1.9, 3.4, 1.9) 64
[20:10:19.140]: (2.1, 3.5, 2.0) 60
[20:10:19.184]: (1.4, 2.9, 1.3) 52
[20:10:19.206]: (1.4, 2.9, 1.3) 52
[20:10:19.230]: (1.6, 3.0, 1.5) 44
[20:10:19.407]: (0.6, 2.9, 1.2) 33
[20:10:19.473]: (0.5, 3.0, 1.4) 32
[20:10:19.494]: (0.5, 3.0, 1.3) 32
[20:10:19.583]: (0.7, 3.5, 1.9) 37
[20:10:19.605]: (0.8, 3.5, 2.0) 37
[20:10:19.765]: (0.7, 3.4, 2.1) 41
[20:10:19.787]: (0.7, 3.3, 2.1) 41
[20:10:19.809]: (0.7, 3.3, 2.1) 41
[20:10:20.076]: (-0.5, 3.1, 2.0) 76
[20:10:21.298]: (0.5, 2.2, 1.4) 12
[20:10:21.315]: (0.7, 2.5, 1.6) 30
[20:10:21.333]: (0.7, 2.6, 1.7) 29
[20:10:21.348]: (0.7, 2.7, 1.8) 31
[20:10:21.381]: (0.7, 2.7, 1.8) 31
[20:10:21.492]: (0.6, 2.6, 1.7) 32
[20:10:21.508]: (0.6, 2.6, 1.7) 32
[20:10:21.525]: (0.6, 2.6, 1.7) 32
[20:10:21.541]: (0.6, 2.6, 1.7) 32
[20:10:21.560]: (0.6, 2.5, 1.7) 32
[20:10:21.605]: (0.6, 2.5, 1.7) 32
[20:10:21.627]: (0.5, 2.5, 1.7) 32
[20:10:21.649]: (0.6, 2.6, 1.7) 32
[20:10:21.671]: (0.6, 2.6, 1.7) 32
[20:10:21.693]: (0.6, 2.6, 1.7) 32
[20:10:21.760]: (0.6, 3.0, 2.2) 40
[20:10:21.783]: (0.6, 3.0, 2.2) 40
[20:10:21.805]: (0.6, 3.1, 2.2) 40
[20:10:21.827]: (0.6, 3.1, 2.2) 40
[20:10:21.849]: (0.6, 3.1, 2.2) 40
[20:10:21.871]: (0.6, 3.1, 2.2) 40
[20:10:21.893]: (0.6, 3.1, 2.2) 40
[20:10:21.916]: (0.5, 3.2, 2.3) 39
[20:10:22.120]: (-0.6, 3.3, 2.0) 72
[20:10:22.136]: (-0.6, 3.3, 2.0) 72
[20:10:35.310]: (2.2, 3.4, -0.2) 47
[20:10:36.100]: (1.1, 3.9, 0.0) 28
[20:10:36.122]: (1.1, 3.9, 0.0) 28
[20:10:36.144]: (1.2, 3.9, 0.0) 28
[20:10:36.804]: (0.7, 1.7, 2.2) 14
[20:10:36.888]: (0.7, 1.6, 2.5) 33
[20:10:37.110]: (-0.1, 1.7, 2.0) 7
[20:10:37.145]: (-0.1, 1.7, 2.0) 7
[20:10:37.177]: (-0.1, 1.7, 1.9) 0
[20:10:37.211]: (-0.1, 1.7, 1.9) 0
[20:10:37.245]: (0.1, 1.7, 1.8) 6
[20:10:37.278]: (0.4, 1.9, 2.2) 16
[20:10:37.311]: (0.5, 1.9, 2.1) 16
[20:10:37.445]: (0.5, 2.1, 2.0) 13
[20:10:37.476]: (0.5, 2.2, 2.0) 13
[20:10:37.511]: (0.4, 2.2, 2.0) 13
[20:10:37.721]: (-0.2, 2.6, 3.1) 76
[20:10:37.744]: (-0.2, 2.6, 3.1) 76
[20:10:37.766]: (-0.2, 2.6, 3.1) 76
[20:10:37.809]: (-0.2, 2.1, 1.9) 7
[20:10:37.898]: (0.5, 2.3, 2.0) 14
[20:10:37.920]: (0.5, 2.3, 2.0) 14
[20:10:37.944]: (0.9, 2.8, 3.1) 41
[20:10:37.965]: (0.5, 2.3, 2.0) 14
[20:10:37.987]: (0.6, 2.3, 2.0) 14
[20:10:38.010]: (0.6, 2.3, 2.0) 14
[20:10:38.031]: (0.9, 2.8, 3.1) 41
[20:10:38.055]: (1.0, 2.8, 3.1) 41
[20:10:38.076]: (0.9, 2.8, 3.1) 41
[20:10:38.099]: (1.0, 2.8, 3.1) 41
[20:10:38.120]: (1.0, 2.8, 3.1) 41
[20:10:38.143]: (1.0, 2.8, 3.1) 41
[20:10:38.165]: (1.0, 2.8, 3.1) 41
[20:10:38.188]: (0.5, 2.3, 2.0) 14
[20:10:38.434]: (1.7, 2.4, 1.6) 53
[20:10:38.457]: (1.8, 2.4, 1.6) 53
[20:10:38.479]: (2.0, 2.5, 1.8) 44
[20:10:38.501]: (1.9, 2.4, 1.7) 45
[20:10:38.523]: (1.9, 2.4, 1.7) 45
[20:10:38.546]: (1.8, 2.4, 1.7) 45
[20:10:38.568]: (1.8, 2.4, 1.7) 45
[20:10:38.591]: (1.9, 2.5, 1.7) 43
[20:10:39.206]: (1.1, 2.0, 2.2) 51
[20:10:39.229]: (1.1, 2.0, 2.3) 51
[20:10:39.253]: (1.1, 2.0, 2.3) 46
[20:10:39.276]: (1.1, 2.0, 2.3) 51
[20:10:39.298]: (1.1, 2.0, 2.3) 46
[20:10:39.323]: (1.1, 2.0, 2.3) 46
[20:10:39.348]: (1.1, 2.0, 2.3) 46
[20:10:39.373]: (1.0, 2.0, 2.2) 53
[20:10:39.395]: (1.1, 2.0, 2.2) 46
[20:10:39.420]: (1.1, 2.1, 2.3) 46
[20:10:39.465]: (1.1, 2.1, 2.3) 46
[20:10:39.487]: (1.1, 2.1, 2.3) 46
[20:10:40.032]: (1.2, 2.2, 2.1) 51
[20:10:40.065]: (1.2, 2.2, 2.1) 51
[20:10:40.099]: (1.2, 2.2, 2.1) 51
[20:10:40.134]: (1.6, 2.6, 2.9) 63
[20:10:41.053]: (1.6, 2.5, 2.9) 63
[20:10:41.075]: (1.2, 2.2, 2.1) 51
[20:10:41.099]: (1.1, 2.1, 2.1) 51
[20:10:41.120]: (1.1, 2.1, 2.1) 51
[20:10:41.145]: (1.1, 2.2, 2.1) 51
[20:10:41.167]: (1.1, 2.2, 2.1) 51
[20:10:41.188]: (1.1, 2.2, 2.2) 51
[20:10:41.213]: (1.1, 2.2, 2.2) 51
[20:10:41.236]: (1.1, 2.2, 2.1) 51
[20:10:41.258]: (1.1, 2.1, 2.1) 51
[20:10:41.279]: (1.1, 2.1, 2.1) 51
[20:10:41.300]: (1.1, 2.2, 2.2) 51
[20:10:41.322]: (1.1, 2.2, 2.2) 51
[20:10:41.346]: (1.1, 2.2, 2.2) 51
[20:10:41.368]: (1.1, 2.2, 2.2) 51
[20:10:41.390]: (1.6, 2.5, 2.9) 63
[20:10:41.412]: (1.6, 2.5, 3.0) 63
[20:10:41.725]: (1.7, 2.2, 3.1) 62
[20:10:41.747]: (1.7, 2.2, 3.1) 62
[20:10:41.771]: (1.7, 2.2, 3.1) 62
[20:10:41.792]: (1.6, 2.1, 2.9) 56
[20:10:41.814]: (1.2, 1.9, 2.2) 52
[20:10:41.838]: (1.2, 1.9, 2.2) 52
[20:10:41.860]: (1.2, 1.9, 2.2) 52
[20:10:41.883]: (1.6, 2.1, 3.0) 64
[20:10:41.905]: (1.2, 1.9, 2.2) 46
[20:10:41.927]: (1.3, 1.9, 2.4) 47
[20:10:41.950]: (1.3, 1.9, 2.4) 47
[20:10:42.095]: (1.3, 2.5, 3.1) 63
[20:10:42.134]: (1.2, 2.7, 3.2) 62
[20:10:42.509]: (0.9, 2.4, 2.4) 44
[20:10:42.541]: (1.1, 2.7, 3.2) 60
[20:10:42.574]: (0.8, 2.3, 2.3) 45
[20:10:42.608]: (0.8, 2.4, 2.4) 43
[20:10:42.642]: (0.8, 2.4, 2.4) 43
[20:10:42.675]: (0.8, 2.4, 2.4) 43
[20:10:43.687]: (0.2, 2.0, 1.9) 17
[20:10:43.756]: (-0.5, 2.1, 2.3) 21
[20:10:43.779]: (-0.5, 2.1, 2.3) 21
[20:10:43.801]: (-0.4, 2.1, 2.3) 21
[20:10:43.823]: (-0.4, 2.1, 2.3) 21
[20:10:43.848]: (-0.1, 2.2, 2.2) 22
[20:10:44.128]: (0.2, 2.5, 3.0) 73
[20:10:44.151]: (0.2, 2.5, 3.0) 73
[20:10:44.169]: (0.2, 2.5, 3.0) 73
[20:10:44.187]: (0.2, 2.5, 3.0) 73
[20:10:44.203]: (0.2, 2.5, 3.0) 73
[20:10:44.220]: (0.2, 2.5, 3.0) 73
[20:10:44.238]: (0.2, 2.5, 3.0) 73
[20:10:44.255]: (0.2, 2.4, 3.0) 73
[20:10:44.271]: (0.2, 2.4, 3.0) 73
[20:10:44.288]: (0.2, 2.4, 3.0) 73
[20:10:44.305]: (0.2, 2.4, 3.0) 73
[20:10:44.322]: (0.2, 2.5, 3.0) 73
[20:10:44.339]: (0.2, 2.4, 3.0) 73
[20:10:44.357]: (0.2, 2.4, 3.0) 73
[20:10:44.374]: (0.2, 2.5, 3.0) 73
[20:10:44.390]: (0.2, 2.4, 3.0) 73
[20:10:44.409]: (0.2, 2.4, 3.0) 73
[20:10:44.438]: (0.2, 2.5, 3.0) 73
[20:10:44.457]: (0.2, 2.5, 3.0) 73
[20:10:44.475]: (0.1, 2.5, 3.0) 73
[20:10:45.171]: (0.5, 2.6, 3.0) 72
[20:10:45.612]: (1.8, 1.6, 2.6) 41
[20:10:45.739]: (1.7, 1.4, 2.6) 35
[20:10:45.761]: (1.7, 1.4, 2.6) 35
[20:10:45.806]: (1.6, 1.4, 2.6) 38
[20:10:46.051]: (0.5, 1.9, 2.9) 73
[20:10:46.237]: (0.3, 1.8, 2.4) 19
[20:10:46.256]: (0.3, 1.8, 2.1) 18
[20:10:46.276]: (0.3, 1.8, 2.1) 24
[20:10:46.299]: (0.2, 1.7, 1.6) 3
[20:10:46.322]: (0.4, 1.9, 2.1) 24
[20:10:46.344]: (0.4, 2.0, 2.0) 22
[20:10:46.366]: (0.6, 2.3, 2.6) 74
[20:10:46.388]: (0.7, 2.5, 2.8) 65
[20:10:47.694]: (0.8, 2.4, 2.3) 73
[20:10:47.717]: (0.9, 2.5, 2.5) 65
[20:10:47.739]: (0.8, 2.4, 2.3) 74
[20:10:47.760]: (0.8, 2.3, 2.2) 74
[20:10:47.784]: (0.6, 2.0, 1.6) 22
[20:10:47.917]: (0.5, 2.1, 1.5) 22
[20:10:47.940]: (0.6, 2.2, 1.5) 20
[20:10:47.960]: (0.5, 2.2, 1.5) 20
[20:10:47.983]: (0.5, 2.2, 1.4) 20
[20:10:48.499]: (0.5, 2.0, 2.4) 67
[20:10:48.520]: (0.5, 2.0, 2.4) 67
[20:10:48.536]: (0.4, 2.0, 2.4) 67
[20:10:48.553]: (0.4, 2.0, 2.4) 67
[20:10:48.569]: (0.4, 2.0, 2.4) 67
[20:10:48.783]: (0.3, 2.3, 2.4) 65
[20:10:48.805]: (0.3, 1.9, 2.3) 69
[20:10:48.960]: (0.4, 2.0, 2.4) 67
[20:10:49.042]: (0.4, 2.3, 2.4) 65
[20:10:49.106]: (0.3, 2.3, 2.4) 65
[20:10:49.288]: (0.2, 2.0, 1.6) 19
[20:10:49.310]: (0.2, 1.9, 1.4) 22
[20:10:49.333]: (0.2, 1.9, 1.4) 22
[20:10:49.415]: (0.6, 2.3, 1.8) 74
[20:10:49.437]: (0.6, 2.3, 1.8) 74
[20:10:49.498]: (0.6, 2.3, 1.8) 74
[20:10:49.522]: (0.6, 2.3, 1.8) 74
[20:10:49.545]: (0.6, 2.3, 1.7) 74
[20:10:49.566]: (0.6, 2.3, 1.7) 74
[20:10:49.586]: (0.6, 2.3, 1.7) 74
[20:10:49.993]: (0.4, 2.0, 1.8) 73
[20:10:50.027]: (0.5, 2.0, 1.8) 73
[20:10:50.061]: (0.4, 2.0, 1.8) 73
[20:10:50.094]: (0.4, 2.0, 1.8) 73
[20:10:50.127]: (0.4, 2.0, 1.8) 73
[20:10:50.160]: (0.4, 2.0, 1.8) 73
[20:10:50.194]: (0.4, 2.0, 1.8) 73
[20:10:50.226]: (0.4, 2.0, 1.8) 73
[20:10:50.260]: (0.4, 2.1, 1.8) 73
[20:10:50.293]: (0.4, 2.0, 1.8) 73
[20:10:50.327]: (0.4, 2.0, 1.8) 73
[20:10:50.361]: (0.4, 2.1, 1.8) 73
[20:10:50.382]: (0.4, 2.1, 1.8) 73
[20:10:50.405]: (0.4, 2.1, 1.8) 73
[20:10:50.427]: (0.4, 2.1, 1.8) 73
[20:10:50.449]: (0.4, 2.1, 1.8) 73
[20:10:50.471]: (0.4, 2.2, 2.0) 65
[20:10:50.493]: (0.4, 2.2, 2.0) 65
[20:10:50.516]: (0.4, 2.1, 2.0) 65
[20:10:50.538]: (0.4, 2.2, 2.0) 65
[20:10:50.559]: (0.4, 2.2, 2.0) 65
[20:10:50.738]: (0.4, 2.1, 1.8) 74
[20:10:50.871]: (0.5, 2.2, 1.5) 73
[20:10:50.893]: (0.5, 2.2, 1.5) 73
[20:10:50.916]: (0.6, 2.4, 1.7) 65
[20:10:50.937]: (0.5, 2.2, 1.4) 73
[20:10:50.960]: (0.5, 2.2, 1.4) 73
[20:10:50.986]: (0.5, 2.2, 1.4) 73
[20:10:51.011]: (0.5, 2.2, 1.4) 73
[20:10:51.031]: (0.5, 2.2, 1.4) 73
[20:10:51.054]: (0.5, 2.2, 1.3) 73
[20:10:51.077]: (0.5, 2.2, 1.3) 73
[20:10:51.099]: (0.5, 2.2, 1.3) 73
[20:10:51.141]: (0.5, 2.2, 1.3) 73
[20:10:51.204]: (0.5, 2.3, 1.4) 72
[20:10:51.228]: (0.5, 2.3, 1.4) 72
[20:10:51.251]: (0.4, 2.3, 1.4) 72
[20:10:51.383]: (0.3, 2.3, 1.4) 72
[20:10:51.428]: (0.2, 2.3, 1.2) 73
[20:10:51.449]: (0.2, 2.3, 1.2) 73
[20:10:51.470]: (0.1, 2.3, 1.2) 73
[20:10:51.494]: (0.1, 2.3, 1.2) 73
[20:10:51.516]: (0.1, 2.3, 1.2) 73
[20:10:51.539]: (0.1, 2.4, 1.2) 73
[20:10:51.561]: (0.1, 2.5, 1.4) 65
[20:10:51.581]: (0.2, 2.3, 1.2) 73
[20:10:51.604]: (0.2, 2.3, 1.2) 73
[20:10:51.627]: (0.2, 2.3, 1.2) 73
[20:10:51.648]: (0.2, 2.3, 1.2) 73
[20:10:51.669]: (0.2, 2.3, 1.2) 73
[20:10:51.692]: (0.2, 2.3, 1.2) 73
[20:10:51.713]: (0.2, 2.3, 1.2) 73
[20:10:51.734]: (0.2, 2.3, 1.2) 73
[20:10:51.751]: (0.2, 2.3, 1.2) 73
[20:10:51.768]: (0.2, 2.3, 1.2) 73
[20:10:51.784]: (0.2, 2.4, 1.2) 73
[20:10:51.801]: (0.2, 2.4, 1.2) 73
[20:10:51.818]: (0.2, 2.3, 1.2) 73
[20:10:51.835]: (0.2, 2.4, 1.2) 73
[20:10:51.932]: (0.2, 2.4, 1.2) 73
[20:10:51.950]: (0.2, 2.3, 1.2) 73
[20:10:51.966]: (0.2, 2.3, 1.2) 73
[20:10:51.984]: (0.2, 2.4, 1.2) 73
[20:10:52.002]: (0.2, 2.4, 1.2) 73
[20:10:52.019]: (0.2, 2.4, 1.2) 73
[20:10:52.035]: (0.2, 2.4, 1.2) 73
[20:10:52.660]: (0.2, 2.2, 1.2) 73
[20:10:53.070]: (0.2, 2.1, 1.0) 73
[20:10:53.091]: (0.2, 2.0, 1.0) 73
[20:10:53.114]: (0.2, 2.0, 1.1) 73
[20:10:53.559]: (0.2, 2.0, 1.3) 65
[20:10:53.581]: (0.2, 2.0, 1.3) 65
[20:10:54.034]: (0.3, 1.8, 1.2) 73
[20:10:54.055]: (0.3, 1.8, 1.2) 73
[20:10:54.077]: (0.3, 1.8, 1.2) 73
[20:10:54.098]: (0.3, 1.8, 1.2) 73
[20:10:54.120]: (0.3, 1.8, 1.2) 73
[20:10:54.142]: (0.4, 1.9, 1.4) 65
[20:10:54.307]: (0.2, 1.8, 1.2) 73
[20:10:54.329]: (0.2, 1.8, 1.2) 73
[20:10:54.350]: (0.2, 1.8, 1.2) 73
[20:10:54.371]: (0.2, 1.8, 1.2) 73
[20:10:54.404]: (0.2, 1.8, 1.2) 73
[20:10:54.437]: (0.2, 1.8, 1.2) 73
[20:10:54.471]: (0.2, 1.8, 1.2) 73
[20:10:54.504]: (0.2, 1.8, 1.2) 73
[20:10:54.537]: (0.2, 1.8, 1.2) 73
[20:10:54.637]: (0.2, 1.8, 1.3) 67
[20:10:54.670]: (0.2, 1.9, 1.3) 67
[20:10:54.704]: (0.2, 1.9, 1.3) 67
[20:10:54.737]: (0.2, 1.9, 1.3) 67
[20:10:54.770]: (0.1, 1.9, 1.4) 66
[20:10:54.804]: (0.1, 1.9, 1.4) 66
[20:10:56.108]: (0.1, -0.1, 1.7) 72
[20:10:56.130]: (0.1, -0.1, 1.7) 72
[20:10:56.175]: (0.1, -0.1, 1.7) 72
[20:10:56.195]: (0.1, -0.1, 1.6) 72
[20:10:56.240]: (0.1, -0.1, 1.6) 72
[20:10:56.261]: (0.0, -0.2, 1.5) 73
[20:10:56.316]: (0.0, -0.3, 1.5) 68
[20:10:56.333]: (0.0, -0.3, 1.5) 68
[20:10:56.381]: (0.0, -0.4, 1.6) 70
[20:10:56.567]: (0.0, -0.3, 1.5) 68
[20:10:56.583]: (0.0, -0.3, 1.5) 68
[20:10:56.615]: (0.0, -0.3, 1.5) 68
[20:10:56.631]: (0.0, -0.2, 1.6) 68
[20:10:56.648]: (0.0, -0.2, 1.5) 68
[20:10:56.664]: (0.0, -0.3, 1.7) 66
[20:10:56.683]: (0.0, -0.3, 1.6) 66
[20:10:56.747]: (0.1, -0.2, 1.6) 67
[20:10:56.768]: (0.1, -0.2, 1.6) 67
[20:10:56.791]: (0.1, -0.2, 1.6) 67
[20:10:56.813]: (0.1, -0.2, 1.7) 67
[20:10:56.835]: (0.1, -0.2, 1.7) 67
[20:10:56.902]: (0.1, -0.1, 1.7) 72
[20:10:56.924]: (0.1, -0.1, 1.7) 72
[20:10:56.947]: (0.0, -0.1, 1.7) 72
[20:10:56.969]: (0.0, -0.1, 1.7) 72
[20:10:56.990]: (0.1, -0.1, 1.7) 72
[20:10:57.014]: (0.1, -0.1, 1.7) 72
[20:10:57.035]: (0.1, -0.1, 1.7) 72
[20:10:57.058]: (0.1, 0.0, 1.7) 72
[20:10:57.080]: (0.1, -0.1, 1.7) 72
[20:10:57.352]: (0.0, -0.2, 1.8) 65
[20:10:57.369]: (0.0, -0.2, 1.8) 65
[20:10:57.388]: (-0.1, -0.2, 1.7) 65
[20:10:57.405]: (0.0, -0.2, 1.8) 65
[20:10:57.437]: (0.0, -0.2, 1.8) 65
[20:10:57.455]: (0.0, -0.2, 1.8) 65
[20:10:57.714]: (-0.1, -0.3, 1.5) 74
[20:10:57.735]: (-0.1, -0.2, 1.5) 73
[20:10:57.757]: (-0.1, -0.2, 1.5) 73
[20:10:57.802]: (-0.1, -0.1, 1.6) 73
[20:10:57.824]: (-0.1, -0.1, 1.5) 73
[20:10:57.846]: (-0.1, -0.1, 1.6) 73
[20:10:58.069]: (0.1, -0.1, 1.7) 72
[20:10:58.086]: (0.1, -0.1, 1.7) 72
[20:10:58.102]: (0.1, -0.1, 1.6) 72
[20:10:58.118]: (0.1, -0.1, 1.6) 72
[20:10:58.136]: (0.1, -0.1, 1.6) 72
[20:10:58.152]: (0.1, -0.1, 1.6) 72
[20:10:58.169]: (0.1, -0.1, 1.7) 72
[20:10:58.184]: (0.1, -0.1, 1.7) 72
[20:10:58.203]: (0.1, -0.1, 1.7) 72
[20:10:58.220]: (0.1, -0.1, 1.6) 72
[20:10:58.251]: (0.2, -0.2, 1.7) 71
[20:10:58.283]: (0.2, -0.2, 1.7) 71
[20:10:58.300]: (0.2, -0.2, 1.7) 71
[20:10:58.378]: (0.1, -0.1, 1.7) 72
[20:10:58.394]: (0.1, 0.0, 1.7) 72
[20:10:59.986]: (0.1, -0.1, 1.6) 72
[20:11:00.061]: (0.0, -0.1, 1.7) 72
[20:11:00.081]: (0.1, -0.1, 1.6) 72
[20:11:00.182]: (0.1, -0.1, 1.6) 72
[20:11:00.220]: (0.1, -0.1, 1.6) 72
[20:11:00.240]: (0.1, -0.1, 1.6) 72
[20:11:00.259]: (0.1, -0.1, 1.6) 72
[20:11:00.277]: (0.1, -0.1, 1.6) 72
[20:11:00.295]: (0.1, -0.1, 1.6) 72
[20:11:00.315]: (0.1, -0.1, 1.6) 72
[20:11:00.334]: (0.1, -0.1, 1.6) 72
[20:11:00.352]: (0.1, -0.1, 1.6) 72
[20:11:00.370]: (0.1, -0.1, 1.6) 72
[20:11:00.391]: (0.1, -0.1, 1.6) 72
[20:11:00.413]: (0.1, 0.0, 1.7) 72
[20:11:00.460]: (0.1, 0.0, 1.7) 72
[20:11:00.478]: (0.1, 0.0, 1.7) 72
[20:11:00.590]: (0.1, -0.1, 1.7) 72
[20:11:00.658]: (-0.1, -0.5, 0.7) 22
[20:11:00.682]: (-0.2, -0.7, 0.7) 23
[20:11:00.946]: (-0.1, -0.7, 0.3) 3
[20:11:01.104]: (0.7, -0.6, 0.2) 12
[20:11:01.123]: (0.7, -0.6, 0.2) 14
[20:11:01.139]: (0.7, -0.5, 0.2) 14
[20:11:01.156]: (0.7, -0.5, 0.2) 14
[20:11:01.211]: (1.2, -0.5, 0.4) 28
[20:11:01.234]: (1.2, -0.4, 0.4) 28
[20:11:01.257]: (1.2, -0.4, 0.4) 28
[20:11:01.277]: (1.2, -0.4, 0.4) 28
[20:11:01.300]: (1.2, -0.4, 0.4) 28
[20:11:01.324]: (1.2, -0.5, 0.5) 28
[20:11:01.344]: (1.2, -0.4, 0.5) 28
[20:11:01.435]: (1.2, -0.4, 0.5) 29
[20:11:01.456]: (1.2, -0.4, 0.5) 29
[20:11:01.478]: (1.2, -0.4, 0.5) 29
[20:11:01.524]: (1.2, -0.4, 0.5) 29
[20:11:01.544]: (1.2, -0.4, 0.5) 29
[20:11:01.567]: (1.2, -0.4, 0.5) 29
[20:11:01.611]: (1.2, -0.4, 0.5) 29
[20:11:01.634]: (1.2, -0.4, 0.5) 29
[20:11:01.656]: (1.2, -0.5, 0.6) 31
[20:11:01.750]: (2.0, -0.4, 0.1) 44
[20:11:03.078]: (-0.3, -0.7, 0.7) 27
[20:11:03.100]: (-0.4, -0.7, 0.8) 27
[20:11:03.122]: (-0.3, -0.7, 0.8) 21
[20:11:03.145]: (-0.3, -0.7, 0.7) 27
[20:11:03.168]: (-0.3, -0.7, 0.8) 27
[20:11:03.210]: (-0.3, -0.6, 0.8) 21
[20:11:03.233]: (-0.3, -0.6, 0.9) 21
[20:11:04.504]: (-0.1, -0.2, 1.8) 65
[20:11:04.523]: (-0.1, -0.2, 1.8) 65
[20:11:04.540]: (-0.1, -0.2, 1.8) 65
[20:11:04.558]: (-0.1, -0.2, 1.8) 65
[20:11:04.575]: (0.0, -0.2, 1.8) 65
[20:11:04.591]: (-0.1, -0.2, 1.8) 65
[20:11:04.609]: (-0.1, -0.2, 1.8) 65
[20:11:04.627]: (-0.1, -0.2, 1.8) 65
[20:11:04.643]: (-0.1, -0.2, 1.8) 65
[20:11:04.660]: (-0.1, -0.2, 1.8) 65
[20:11:04.680]: (-0.1, -0.2, 1.8) 65
[20:11:04.697]: (-0.1, -0.2, 1.8) 65
[20:11:04.715]: (-0.1, -0.2, 1.8) 65
[20:11:04.733]: (-0.1, -0.2, 1.8) 65
