[20:02:55.556]: (-2.4, -1.0, 0.0) 8
[20:02:55.749]: (-2.6, -1.3, -0.1) 3
[20:02:55.767]: (-2.3, -1.2, -0.1) 1
[20:02:55.801]: (-2.5, -1.3, -0.2) 3
[20:02:55.818]: (-2.5, -1.3, -0.1) 3
[20:02:55.865]: (-2.5, -1.3, -0.1) 3
[20:02:55.884]: (-2.5, -1.3, -0.2) 3
[20:02:55.912]: (-2.6, -1.3, -0.1) 3
[20:02:55.943]: (-2.5, -1.3, -0.1) 3
[20:02:56.265]: (-2.3, -0.7, 1.3) 7
[20:02:56.664]: (-0.9, 1.5, 2.7) 2
[20:02:57.527]: (0.4, 1.8, 1.7) 15
[20:02:58.400]: (-0.9, 2.4, 2.4) 2
[20:02:58.458]: (-0.8, 2.3, 2.3) 8
[20:02:58.669]: (-0.5, 2.4, 2.4) 7
[20:02:58.837]: (-0.5, 2.4, 2.4) 7
[20:02:58.854]: (-0.5, 2.4, 2.4) 7
[20:02:58.872]: (-0.5, 2.4, 2.4) 7
[20:02:59.092]: (-0.6, 2.4, 2.4) 7
[20:02:59.226]: (-0.6, 2.5, 2.4) 2
[20:02:59.248]: (-0.6, 2.5, 2.3) 1
[20:03:00.018]: (0.9, 2.5, 2.1) 1
[20:03:00.259]: (0.8, 2.6, 2.0) 4
[20:03:01.247]: (-0.1, 2.0, 2.1) 18
[20:03:01.493]: (-0.1, 2.0, 2.1) 18
[20:03:01.758]: (1.3, 1.8, 2.2) 7
[20:03:01.780]: (1.3, 1.9, 2.2) 2
[20:03:01.803]: (1.3, 2.0, 2.2) 2
[20:03:01.825]: (1.3, 2.0, 2.2) 2
[20:03:01.848]: (1.3, 2.0, 2.2) 2
[20:03:01.869]: (1.3, 2.0, 2.2) 2
[20:03:01.891]: (1.3, 2.0, 2.2) 2
[20:03:01.914]: (1.3, 2.0, 2.2) 2
[20:03:01.937]: (1.4, 2.1, 2.2) 0
[20:03:01.958]: (1.4, 2.1, 2.2) 0
[20:03:01.980]: (1.4, 2.1, 2.2) 0
[20:03:02.003]: (1.4, 2.1, 2.2) 0
[20:03:02.025]: (1.4, 2.1, 2.2) 0
[20:03:02.048]: (1.4, 2.1, 2.2) 0
[20:03:02.069]: (1.4, 2.1, 2.2) 0
[20:03:02.091]: (1.4, 2.1, 2.2) 0
[20:03:02.113]: (1.4, 2.1, 2.2) 0
[20:03:02.135]: (1.4, 2.2, 2.3) 3
[20:03:02.151]: (1.4, 2.2, 2.3) 3
[20:03:02.167]: (1.4, 2.2, 2.3) 3
[20:03:02.183]: (1.4, 2.2, 2.3) 3
[20:03:02.200]: (1.4, 2.2, 2.3) 3
[20:03:02.215]: (1.4, 2.2, 2.3) 3
[20:03:02.231]: (1.4, 2.2, 2.3) 3
[20:03:02.248]: (1.4, 2.2, 2.3) 3
[20:03:02.264]: (1.4, 2.2, 2.3) 3
[20:03:02.280]: (1.4, 2.2, 2.3) 3
[20:03:02.296]: (1.4, 2.2, 2.3) 3
[20:03:02.313]: (1.4, 2.2, 2.3) 3
[20:03:02.330]: (1.4, 2.2, 2.3) 3
[20:03:02.347]: (1.4, 2.2, 2.3) 3
[20:03:02.363]: (1.4, 2.2, 2.3) 3
[20:03:02.380]: (1.4, 2.2, 2.3) 3
[20:03:02.396]: (1.4, 2.2, 2.3) 3
[20:03:02.412]: (1.4, 2.2, 2.3) 3
[20:03:02.429]: (1.4, 2.2, 2.3) 3
[20:03:02.447]: (1.4, 2.2, 2.3) 3
[20:03:03.059]: (-0.1, 2.0, 2.1) 18
[20:03:03.075]: (0.0, 2.0, 2.1) 18
[20:03:03.092]: (0.0, 1.9, 2.1) 18
[20:03:03.108]: (-0.1, 1.9, 2.1) 18
[20:03:03.127]: (-0.1, 1.9, 2.1) 18
[20:03:03.145]: (-0.1, 1.9, 2.1) 18
[20:03:03.162]: (-0.1, 1.9, 2.0) 12
[20:03:03.181]: (-0.1, 1.9, 2.0) 12
[20:03:03.197]: (-0.1, 1.9, 2.0) 12
[20:03:03.214]: (0.0, 2.0, 2.1) 18
[20:03:03.229]: (0.0, 1.9, 2.1) 18
[20:03:03.245]: (0.0, 1.9, 2.0) 12
[20:03:03.491]: (0.2, 1.9, 2.0) 16
[20:03:03.514]: (0.2, 1.8, 1.9) 9
[20:03:03.535]: (0.2, 1.9, 2.0) 16
[20:03:03.558]: (0.2, 1.9, 2.0) 16
[20:03:10.699]: (1.4, 2.2, 2.3) 3
[20:03:10.788]: (1.4, 2.2, 2.3) 3
[20:03:10.832]: (1.4, 2.2, 2.3) 3
[20:03:10.885]: (1.4, 2.2, 2.3) 3
[20:03:10.902]: (1.4, 2.2, 2.3) 3
[20:03:10.933]: (1.4, 2.2, 2.3) 3
[20:03:12.068]: (1.2, 2.1, 2.1) 4
[20:03:12.086]: (1.2, 2.1, 2.1) 4
[20:03:12.142]: (1.2, 2.1, 2.1) 4
