[19:52:39.644]: (-1.0, 0.7, 2.4) 6
[19:52:39.673]: (-1.0, 0.8, 2.5) 5
[19:52:39.697]: (-0.9, 0.8, 2.5) 5
[19:52:41.379]: (0.0, 2.2, 2.4) 9
[19:52:41.494]: (-0.1, 2.4, 2.3) 9
[19:52:41.522]: (-0.1, 2.5, 2.2) 9
[19:52:41.545]: (-0.2, 2.5, 2.2) 9
[19:52:41.568]: (-0.2, 2.6, 2.2) 9
[19:52:41.597]: (-0.2, 2.6, 2.2) 9
[19:52:41.619]: (-0.2, 2.6, 2.2) 9
[19:52:41.642]: (-0.2, 2.6, 2.2) 7
[19:52:42.671]: (0.0, 2.3, 1.6) 2
[19:52:42.692]: (0.0, 2.3, 1.6) 2
[19:52:42.715]: (0.0, 2.3, 1.6) 2
[19:52:42.870]: (0.0, 2.3, 1.5) 1
[19:52:42.890]: (0.0, 2.3, 1.5) 1
[19:52:42.911]: (0.0, 2.3, 1.5) 1
[19:52:42.934]: (0.0, 2.3, 1.5) 1
[19:52:42.974]: (-0.1, 2.9, 1.9) 7
[19:52:43.536]: (-0.1, 2.5, 2.5) 10
[19:52:43.616]: (-0.1, 2.5, 2.5) 8
[19:52:43.742]: (-0.1, 2.3, 2.3) 5
[19:52:44.375]: (0.2, 1.9, 1.9) 2
[19:52:44.599]: (0.2, 1.9, 1.9) 2
[19:52:44.645]: (0.2, 2.0, 1.9) 2
[19:52:49.859]: (0.2, 1.8, 1.8) 0
[19:52:51.910]: (0.2, 1.9, 1.8) 2
[19:52:52.988]: (0.2, 1.9, 1.8) 2
[19:52:57.722]: (0.2, 1.8, 1.8) 0
[19:52:59.966]: (0.0, 2.1, 2.3) 6
[19:52:59.988]: (0.0, 2.1, 2.3) 6
[19:53:00.011]: (0.0, 2.1, 2.3) 6
[19:53:00.033]: (0.0, 2.0, 2.4) 6
[19:53:00.055]: (0.0, 2.0, 2.4) 6
[19:53:00.299]: (-0.1, 2.3, 2.3) 5
[19:53:01.110]: (0.1, 2.3, 2.4) 8
[19:53:02.798]: (-0.1, 2.1, 2.3) 5
[19:53:02.821]: (0.0, 2.2, 2.5) 8
[19:53:02.998]: (0.0, 2.2, 2.3) 7
[19:53:04.107]: (-0.1, 2.2, 2.3) 5
[19:53:04.298]: (-0.1, 2.2, 2.3) 5
[19:53:04.315]: (-0.1, 2.2, 2.3) 5
[19:53:04.332]: (-0.1, 2.2, 2.3) 5
[19:53:04.348]: (-0.1, 2.3, 2.5) 8
[19:53:04.508]: (0.0, 2.3, 2.5) 8
[19:53:04.575]: (0.0, 2.3, 2.5) 8
[19:53:04.598]: (0.0, 2.3, 2.5) 8
[19:53:04.619]: (0.0, 2.3, 2.5) 8
[19:53:04.641]: (0.0, 2.3, 2.5) 8
[19:53:04.665]: (0.0, 2.3, 2.5) 8
[19:53:04.686]: (0.0, 2.3, 2.5) 8
[19:53:04.708]: (0.0, 2.3, 2.5) 8
[19:53:04.731]: (0.0, 2.3, 2.5) 8
[19:53:07.840]: (-0.1, 2.3, 2.5) 8
[19:53:08.710]: (0.1, 2.8, 1.7) 6
[19:53:08.732]: (0.2, 2.8, 1.7) 6
[19:53:09.828]: (0.6, 2.9, 1.4) 5
[19:53:09.850]: (0.6, 2.9, 1.4) 5
[19:53:09.874]: (0.6, 2.9, 1.4) 5
[19:53:09.896]: (0.6, 2.9, 1.4) 5
[19:53:09.917]: (0.6, 2.9, 1.4) 5
[19:53:09.941]: (0.6, 2.9, 1.4) 5
[19:53:10.007]: (0.5, 2.9, 1.3) 5
[19:53:10.030]: (0.6, 3.0, 1.3) 5
[19:53:12.649]: (0.7, 2.8, 1.4) 7
[19:53:12.672]: (0.7, 2.8, 1.4) 7
[19:53:12.694]: (0.7, 2.8, 1.4) 7
[19:53:12.712]: (0.7, 2.8, 1.4) 7
[19:53:12.730]: (0.7, 2.8, 1.4) 7
[19:53:12.746]: (0.7, 2.8, 1.4) 7
[19:53:12.764]: (0.7, 2.8, 1.4) 7
[19:53:12.781]: (0.7, 3.0, 1.6) 10
[19:53:12.798]: (0.7, 3.0, 1.6) 10
[19:53:12.815]: (0.7, 3.0, 1.6) 10
[19:53:12.831]: (0.7, 2.8, 1.4) 7
[19:53:12.880]: (0.7, 2.8, 1.4) 7
[19:53:12.898]: (0.7, 3.0, 1.5) 10
[19:53:12.930]: (0.7, 3.1, 1.4) 8
[19:53:12.947]: (0.7, 3.1, 1.4) 8
[19:53:12.964]: (0.7, 3.1, 1.4) 8
[19:53:13.217]: (0.7, 3.1, 1.4) 8
[19:53:13.239]: (0.7, 3.1, 1.4) 8
[19:53:13.260]: (0.7, 3.0, 1.4) 8
[19:53:13.282]: (0.7, 3.0, 1.4) 8
[19:53:16.104]: (0.2, 2.4, 2.1) 8
[19:53:16.127]: (0.1, 2.3, 2.0) 6
