[20:03:53.549]: (-4.0, -1.5, -0.1) 29
[20:03:53.569]: (-4.0, -1.5, -0.1) 29
[20:03:53.586]: (-4.0, -1.5, -0.1) 29
[20:03:53.638]: (-4.0, -1.5, 0.0) 23
[20:03:53.660]: (-4.0, -1.6, 0.0) 23
[20:03:53.684]: (-3.8, -1.4, 0.0) 26
[20:03:53.704]: (-3.8, -1.4, 0.0) 26
[20:03:53.757]: (-3.8, -1.5, 0.0) 21
[20:03:55.804]: (0.5, 2.0, 1.4) 14
[20:03:55.826]: (0.5, 2.0, 1.3) 14
[20:03:55.848]: (0.4, 2.1, 1.4) 9
[20:03:55.870]: (0.4, 2.3, 1.5) 18
[20:03:55.894]: (0.4, 2.4, 1.5) 18
[20:03:55.915]: (0.4, 2.4, 1.5) 18
[20:03:56.386]: (0.5, 2.7, 2.3) 38
[20:03:56.409]: (0.3, 2.2, 1.3) 16
[20:03:56.541]: (0.7, 2.9, 1.8) 33
[20:03:57.362]: (0.0, 2.1, 2.6) 35
[20:03:57.382]: (0.0, 2.1, 2.6) 35
[20:03:57.404]: (0.0, 2.1, 2.6) 31
[20:03:57.426]: (0.0, 2.1, 2.6) 31
[20:03:57.467]: (0.0, 2.1, 2.6) 32
[20:03:57.489]: (0.0, 2.1, 2.5) 33
[20:03:57.512]: (-0.1, 2.1, 2.4) 33
[20:03:57.535]: (-0.1, 2.1, 2.4) 33
[20:03:57.555]: (-0.1, 2.2, 2.5) 32
[20:03:57.578]: (-0.1, 2.2, 2.5) 32
[20:03:57.892]: (-0.3, 2.4, 2.4) 35
[20:03:57.914]: (-0.2, 2.0, 1.6) 15
[20:03:57.936]: (-0.2, 2.0, 1.5) 15
[20:03:57.955]: (-0.2, 2.0, 1.5) 15
[20:03:57.972]: (-0.2, 2.1, 1.5) 15
[20:03:57.990]: (-0.2, 2.1, 1.5) 10
[20:03:58.013]: (-0.2, 2.1, 1.5) 10
[20:03:58.035]: (-0.2, 2.1, 1.5) 10
[20:03:58.056]: (-0.2, 2.2, 1.6) 11
[20:03:58.078]: (-0.1, 2.2, 1.4) 16
[20:03:58.608]: (0.4, 3.2, 1.8) 38
[20:03:59.061]: (-0.2, 2.7, 1.1) 20
[20:03:59.082]: (-0.2, 2.7, 1.0) 20
[20:03:59.101]: (-0.2, 2.7, 1.0) 20
[20:03:59.124]: (-0.2, 2.7, 1.1) 20
[20:04:01.283]: (-0.6, 2.6, 2.2) 35
[20:04:02.183]: (-0.5, 2.1, 1.7) 17
[20:04:08.065]: (-0.7, 2.2, 1.6) 20
[20:04:08.743]: (-0.4, 2.5, 2.2) 33
[20:04:08.766]: (-0.2, 2.6, 2.3) 38
[20:04:10.565]: (0.7, 2.5, 2.1) 5
[20:04:10.587]: (0.7, 2.5, 2.1) 5
[20:04:10.608]: (0.7, 2.5, 2.1) 5
[20:04:10.652]: (0.7, 2.5, 2.0) 4
[20:04:11.386]: (0.7, 2.5, 1.9) 4
[20:04:11.867]: (0.9, 2.6, 2.1) 3
[20:04:11.930]: (0.8, 2.5, 1.9) 4
[20:04:11.947]: (0.8, 2.5, 1.9) 4
[20:04:11.965]: (0.8, 2.5, 1.9) 4
[20:04:11.982]: (0.8, 2.4, 1.9) 4
[20:04:11.999]: (0.8, 2.4, 1.9) 4
[20:04:12.016]: (0.8, 2.4, 1.9) 4
[20:04:12.033]: (0.8, 2.4, 1.9) 4
[20:04:12.048]: (0.8, 2.4, 1.9) 4
[20:04:12.065]: (0.8, 2.4, 2.0) 4
[20:04:12.081]: (0.8, 2.4, 2.0) 4
[20:04:12.099]: (0.7, 2.5, 1.9) 4
[20:04:12.116]: (0.7, 2.5, 1.9) 4
[20:04:12.133]: (0.7, 2.5, 1.9) 4
[20:04:12.149]: (0.7, 2.5, 1.9) 4
[20:04:12.167]: (0.7, 2.5, 1.9) 4
[20:04:12.185]: (0.7, 2.5, 1.9) 4
[20:04:12.207]: (0.7, 2.5, 1.9) 4
[20:04:12.230]: (0.7, 2.4, 1.9) 4
[20:04:12.252]: (0.7, 2.4, 1.9) 4
[20:04:12.275]: (0.7, 2.4, 2.0) 4
[20:04:12.297]: (0.8, 2.4, 1.9) 4
[20:04:12.319]: (0.8, 2.4, 1.9) 4
[20:04:12.343]: (0.7, 2.5, 1.9) 4
[20:04:12.363]: (0.7, 2.5, 1.9) 4
[20:04:12.385]: (0.8, 2.5, 1.9) 4
[20:04:12.408]: (0.8, 2.5, 1.9) 4
[20:04:12.430]: (0.8, 2.5, 1.9) 4
[20:04:12.453]: (0.7, 2.5, 1.9) 4
[20:04:12.474]: (0.7, 2.5, 1.9) 4
[20:04:12.496]: (0.7, 2.5, 1.9) 4
[20:04:12.520]: (0.7, 2.5, 1.9) 4
[20:04:12.541]: (0.7, 2.5, 1.9) 4
[20:04:12.563]: (0.7, 2.5, 1.9) 4
[20:04:12.581]: (0.7, 2.5, 1.9) 4
[20:04:12.599]: (0.7, 2.5, 1.9) 4
[20:04:12.615]: (0.7, 2.5, 1.9) 4
[20:04:12.811]: (0.7, 2.5, 1.9) 4
[20:04:12.827]: (0.8, 2.5, 1.9) 4
[20:04:12.843]: (0.7, 2.5, 1.9) 4
[20:04:12.861]: (0.7, 2.5, 1.9) 4
[20:04:12.878]: (0.7, 2.5, 1.9) 4
[20:04:12.894]: (0.7, 2.5, 1.9) 4
[20:04:12.911]: (0.7, 2.5, 1.9) 4
[20:04:12.928]: (0.7, 2.5, 1.9) 4
[20:04:12.945]: (0.7, 2.5, 1.9) 4
[20:04:12.961]: (0.7, 2.5, 1.9) 4
[20:04:12.978]: (0.7, 2.5, 1.9) 4
[20:04:12.994]: (0.7, 2.5, 1.9) 4
[20:04:13.011]: (0.7, 2.5, 1.9) 4
[20:04:13.029]: (0.7, 2.5, 1.9) 4
[20:04:13.052]: (0.7, 2.5, 1.9) 4
[20:04:14.207]: (0.8, 2.5, 1.9) 4
[20:04:14.229]: (0.7, 2.5, 1.9) 4
[20:04:14.252]: (0.8, 2.5, 1.9) 4
[20:04:14.274]: (0.7, 2.5, 1.9) 4
[20:04:14.291]: (0.7, 2.5, 1.9) 4
[20:04:14.308]: (0.7, 2.5, 1.9) 4
[20:04:14.324]: (0.7, 2.5, 1.9) 4
[20:04:14.342]: (0.7, 2.5, 1.9) 4
[20:04:14.358]: (0.7, 2.5, 1.9) 4
[20:04:14.375]: (0.7, 2.5, 1.9) 4
[20:04:14.392]: (0.7, 2.5, 1.9) 4
[20:04:14.410]: (0.7, 2.5, 1.9) 4
[20:04:14.428]: (0.7, 2.5, 1.9) 4
[20:04:14.446]: (0.7, 2.5, 1.9) 4
[20:04:14.463]: (0.7, 2.5, 1.9) 4
[20:04:14.479]: (0.7, 2.5, 1.9) 4
[20:04:14.496]: (0.7, 2.5, 1.9) 4
[20:04:14.514]: (0.7, 2.5, 1.9) 4
[20:04:14.530]: (0.7, 2.5, 1.9) 4
[20:04:14.546]: (0.7, 2.5, 1.9) 4
[20:04:14.564]: (0.7, 2.5, 1.9) 4
[20:04:14.580]: (0.7, 2.5, 1.9) 4
[20:04:14.598]: (0.7, 2.5, 1.9) 4
[20:04:14.615]: (0.7, 2.5, 1.9) 4
[20:04:14.632]: (0.7, 2.5, 1.9) 4
[20:04:14.648]: (0.7, 2.5, 1.9) 4
[20:04:14.665]: (0.7, 2.5, 1.9) 4
[20:04:14.682]: (0.7, 2.5, 1.9) 4
[20:04:14.699]: (0.7, 2.5, 1.9) 4
[20:04:14.716]: (0.7, 2.5, 1.9) 4
[20:04:14.732]: (0.7, 2.5, 1.9) 4
[20:04:14.751]: (0.7, 2.5, 1.9) 4
[20:04:14.973]: (0.7, 2.5, 1.9) 4
[20:04:14.995]: (0.7, 2.5, 1.9) 4
[20:04:15.017]: (0.7, 2.5, 1.9) 4
[20:04:15.040]: (0.7, 2.5, 1.9) 4
[20:04:15.065]: (0.7, 2.5, 1.9) 4
[20:04:15.085]: (0.7, 2.5, 1.9) 4
[20:04:15.108]: (0.7, 2.5, 1.9) 4
[20:04:15.130]: (0.7, 2.5, 1.9) 4
[20:04:15.152]: (0.7, 2.5, 1.9) 4
[20:04:15.174]: (0.7, 2.5, 1.9) 4
[20:04:15.196]: (0.7, 2.5, 1.9) 4
[20:04:15.237]: (0.8, 2.5, 1.9) 4
[20:04:15.254]: (0.7, 2.5, 1.9) 4
[20:04:15.271]: (0.7, 2.5, 1.9) 4
[20:04:15.524]: (0.8, 2.5, 1.9) 4
[20:04:15.541]: (0.8, 2.5, 1.9) 4
[20:04:17.407]: (0.7, 2.5, 2.0) 4
[20:04:17.429]: (0.8, 2.4, 1.9) 4
[20:04:17.450]: (0.8, 2.4, 1.9) 4
[20:04:17.472]: (0.8, 2.4, 1.9) 4
[20:04:17.494]: (0.8, 2.4, 1.9) 4
[20:04:17.517]: (0.8, 2.4, 1.9) 4
[20:04:17.539]: (0.7, 2.4, 2.0) 1
[20:04:17.739]: (0.8, 2.4, 2.0) 1
[20:04:17.761]: (0.8, 2.5, 1.9) 4
[20:04:17.784]: (0.7, 2.5, 1.9) 4
[20:04:17.806]: (0.7, 2.5, 1.9) 4
[20:04:17.827]: (0.8, 2.4, 1.9) 4
[20:04:17.850]: (0.8, 2.4, 1.9) 4
[20:04:17.868]: (0.8, 2.5, 1.9) 4
[20:04:17.884]: (0.8, 2.5, 1.9) 4
[20:04:17.900]: (0.8, 2.5, 1.9) 4
[20:04:17.917]: (0.8, 2.5, 1.9) 4
[20:04:17.934]: (0.8, 2.5, 1.9) 4
[20:04:18.042]: (0.8, 2.5, 1.9) 4
[20:04:18.059]: (0.8, 2.5, 1.9) 4
[20:04:18.150]: (0.8, 2.5, 1.9) 4
[20:04:18.167]: (0.8, 2.5, 1.9) 4
[20:04:18.183]: (0.8, 2.5, 1.9) 4
[20:04:18.199]: (0.8, 2.5, 1.9) 4
[20:04:18.216]: (0.8, 2.5, 1.9) 4
[20:04:18.233]: (0.8, 2.5, 1.9) 4
[20:04:18.249]: (0.8, 2.5, 1.9) 4
[20:04:18.267]: (0.8, 2.5, 1.9) 4
[20:04:18.283]: (0.8, 2.5, 1.9) 4
[20:04:18.300]: (0.8, 2.5, 1.9) 4
[20:04:18.317]: (0.8, 2.5, 1.9) 4
[20:04:18.338]: (0.8, 2.5, 1.9) 4
[20:04:18.361]: (0.8, 2.5, 1.9) 4
[20:04:18.385]: (0.8, 2.5, 1.9) 4
[20:04:18.405]: (0.8, 2.5, 1.9) 4
[20:04:18.429]: (0.8, 2.5, 1.9) 4
[20:04:18.451]: (0.8, 2.5, 1.9) 4
[20:04:19.449]: (0.8, 2.5, 2.0) 1
[20:04:19.471]: (0.8, 2.4, 1.9) 4
[20:04:19.494]: (0.8, 2.4, 1.9) 4
[20:04:19.516]: (0.8, 2.4, 2.0) 4
[20:04:19.538]: (0.8, 2.4, 2.0) 4
[20:04:19.561]: (0.8, 2.4, 2.0) 4
[20:04:19.578]: (0.8, 2.4, 2.0) 4
[20:04:19.594]: (0.8, 2.4, 2.0) 4
[20:04:19.612]: (0.8, 2.4, 2.0) 4
[20:04:19.628]: (0.8, 2.4, 2.0) 4
[20:04:19.645]: (0.8, 2.4, 1.9) 4
[20:04:19.661]: (0.8, 2.4, 1.9) 4
[20:04:19.678]: (0.8, 2.4, 1.9) 4
[20:04:19.695]: (0.8, 2.4, 1.9) 4
[20:04:19.712]: (0.8, 2.4, 1.9) 4
[20:04:19.729]: (0.8, 2.4, 1.9) 4
[20:04:19.745]: (0.8, 2.4, 1.9) 4
[20:04:19.762]: (0.8, 2.4, 1.9) 4
[20:04:20.183]: (0.7, 2.5, 1.9) 4
[20:04:20.204]: (0.7, 2.3, 1.9) 6
[20:04:20.229]: (0.7, 2.3, 1.9) 6
[20:04:21.459]: (0.7, 2.5, 1.9) 4
[20:04:21.476]: (0.7, 2.5, 1.9) 4
[20:04:21.493]: (0.7, 2.5, 1.9) 4
[20:04:21.510]: (0.7, 2.5, 1.9) 4
[20:04:21.529]: (0.7, 2.5, 1.9) 4
[20:04:21.546]: (0.7, 2.5, 1.9) 4
[20:04:21.563]: (0.7, 2.5, 1.9) 4
[20:04:21.580]: (0.7, 2.5, 1.9) 4
[20:04:21.596]: (0.7, 2.5, 1.9) 4
[20:04:21.613]: (0.7, 2.5, 1.9) 4
[20:04:21.629]: (0.7, 2.5, 1.9) 4
[20:04:21.646]: (0.7, 2.5, 1.9) 4
[20:04:21.662]: (0.7, 2.5, 2.0) 4
[20:04:21.725]: (0.7, 2.5, 1.9) 4
[20:04:21.743]: (0.7, 2.5, 1.9) 4
[20:04:21.759]: (0.7, 2.5, 1.9) 4
[20:04:21.775]: (0.7, 2.5, 2.0) 4
[20:04:21.791]: (0.8, 2.5, 1.9) 4
[20:04:22.513]: (-0.7, 2.1, 1.6) 20
[20:04:22.560]: (-0.7, 2.2, 1.6) 20
[20:04:22.577]: (-0.7, 2.2, 1.6) 20
[20:04:23.581]: (-0.7, 2.0, 1.6) 12
[20:04:23.603]: (-0.7, 2.1, 1.6) 12
[20:04:23.626]: (-0.7, 2.1, 1.6) 20
[20:04:23.647]: (-0.7, 2.1, 1.6) 20
[20:04:23.670]: (-0.7, 2.1, 1.6) 20
[20:04:23.692]: (-0.7, 2.1, 1.6) 20
[20:04:23.715]: (-0.7, 2.1, 1.6) 20
[20:04:23.736]: (-0.7, 2.1, 1.6) 20
[20:04:23.759]: (-0.7, 2.2, 1.6) 20
[20:04:23.781]: (-0.7, 2.2, 1.6) 20
[20:04:23.915]: (-0.7, 2.1, 1.6) 20
[20:04:23.937]: (-0.7, 2.2, 1.6) 20
[20:04:24.320]: (-0.5, 2.1, 1.5) 15
[20:04:24.353]: (-0.5, 2.1, 1.5) 15
[20:04:24.382]: (-0.5, 2.1, 1.5) 15
[20:04:24.413]: (-0.5, 2.0, 1.5) 15
[20:04:24.437]: (-0.5, 2.0, 1.5) 15
[20:04:24.481]: (-0.5, 2.0, 1.5) 15
[20:04:24.503]: (-0.5, 2.0, 1.5) 15
[20:04:24.526]: (-0.5, 2.0, 1.5) 15
[20:04:24.549]: (-0.5, 2.1, 1.5) 15
[20:04:24.570]: (-0.5, 2.0, 1.5) 15
[20:04:24.593]: (-0.5, 2.0, 1.5) 15
[20:04:24.615]: (-0.5, 2.1, 1.7) 11
[20:04:24.704]: (-0.6, 2.2, 1.3) 14
[20:04:24.725]: (-0.5, 2.4, 1.5) 12
[20:04:24.748]: (-0.5, 2.4, 1.4) 20
[20:04:24.770]: (-0.5, 2.4, 1.4) 12
[20:04:24.816]: (-0.4, 2.4, 1.3) 9
[20:04:24.838]: (-0.4, 2.4, 1.3) 9
[20:04:24.858]: (-0.4, 2.3, 1.2) 14
[20:04:24.879]: (-0.4, 2.3, 1.2) 14
[20:04:24.900]: (-0.4, 2.3, 1.2) 14
[20:04:24.921]: (-0.4, 2.3, 1.2) 14
[20:04:24.941]: (-0.4, 2.3, 1.2) 14
[20:04:24.963]: (-0.4, 2.3, 1.2) 14
[20:04:24.985]: (-0.3, 2.5, 1.3) 12
[20:04:25.025]: (-0.3, 2.5, 1.3) 9
[20:04:25.046]: (-0.3, 2.5, 1.4) 11
[20:04:25.067]: (-0.2, 2.5, 1.3) 11
[20:04:25.090]: (-0.2, 2.5, 1.3) 11
[20:04:25.112]: (-0.2, 2.5, 1.4) 11
[20:04:25.133]: (-0.2, 2.4, 1.2) 10
[20:04:25.154]: (-0.2, 2.4, 1.2) 10
[20:04:25.178]: (-0.2, 2.4, 1.2) 15
[20:04:25.199]: (-0.3, 2.6, 1.4) 18
[20:04:25.220]: (-0.3, 2.6, 1.4) 18
[20:04:25.625]: (0.0, 2.3, 1.4) 13
[20:04:25.648]: (0.0, 2.3, 1.4) 13
[20:04:25.669]: (0.0, 2.3, 1.4) 13
[20:04:25.692]: (0.0, 2.3, 1.4) 13
[20:04:25.714]: (0.0, 2.3, 1.4) 13
[20:04:25.736]: (0.0, 2.3, 1.4) 13
[20:04:25.758]: (0.0, 2.3, 1.4) 13
[20:04:25.781]: (0.0, 2.3, 1.4) 13
[20:04:25.803]: (0.0, 2.3, 1.4) 13
[20:04:25.826]: (0.0, 2.3, 1.4) 13
[20:04:25.847]: (0.0, 2.3, 1.4) 13
[20:04:25.869]: (0.0, 2.3, 1.4) 13
[20:04:25.886]: (0.0, 2.3, 1.4) 13
[20:04:25.903]: (0.0, 2.3, 1.4) 13
[20:04:25.920]: (0.0, 2.3, 1.4) 13
[20:04:25.936]: (0.0, 2.3, 1.4) 13
[20:04:25.952]: (0.0, 2.3, 1.4) 13
[20:04:25.970]: (0.0, 2.3, 1.4) 13
[20:04:25.987]: (0.0, 2.3, 1.4) 13
[20:04:26.003]: (0.0, 2.3, 1.4) 13
[20:04:26.020]: (0.0, 2.3, 1.4) 13
[20:04:26.036]: (0.0, 2.3, 1.4) 13
[20:04:26.054]: (0.0, 2.3, 1.4) 13
[20:04:26.071]: (-0.1, 2.3, 1.4) 13
[20:04:26.088]: (0.0, 2.3, 1.4) 13
[20:04:26.105]: (0.0, 2.3, 1.4) 13
[20:04:26.123]: (-0.1, 2.3, 1.4) 13
[20:04:26.145]: (0.0, 2.3, 1.4) 13
[20:04:26.166]: (0.0, 2.3, 1.4) 13
[20:04:26.188]: (0.0, 2.4, 1.6) 18
[20:04:26.212]: (0.0, 2.4, 1.6) 18
[20:04:26.233]: (0.0, 2.4, 1.5) 11
[20:04:26.256]: (0.0, 2.4, 1.6) 18
[20:04:26.736]: (0.0, 2.0, 1.8) 18
[20:04:26.759]: (0.0, 2.0, 1.9) 18
[20:04:26.823]: (0.0, 1.9, 1.6) 16
[20:04:26.921]: (0.0, 1.9, 1.6) 16
[20:04:26.961]: (0.0, 1.9, 1.6) 16
[20:04:26.981]: (0.0, 1.9, 1.6) 16
[20:04:27.003]: (0.0, 1.9, 1.6) 16
[20:04:27.024]: (0.0, 1.9, 1.6) 16
[20:04:27.045]: (0.0, 1.9, 1.6) 16
[20:04:27.065]: (0.0, 1.9, 1.7) 11
[20:04:27.088]: (0.0, 2.0, 1.8) 11
[20:04:27.131]: (0.0, 1.9, 1.7) 9
[20:04:27.152]: (0.0, 1.9, 1.6) 9
[20:04:27.173]: (0.0, 1.9, 1.6) 9
[20:04:27.195]: (-0.1, 2.0, 1.5) 16
[20:04:27.218]: (-0.1, 2.0, 1.5) 16
[20:04:27.238]: (-0.1, 2.0, 1.5) 16
[20:04:27.258]: (-0.1, 2.1, 1.8) 17
[20:04:27.279]: (-0.1, 2.4, 2.4) 31
[20:04:27.300]: (-0.1, 2.4, 2.4) 32
[20:04:27.322]: (-0.1, 2.4, 2.4) 32
[20:04:27.344]: (-0.1, 2.4, 2.4) 32
[20:04:27.364]: (-0.1, 2.4, 2.4) 32
[20:04:27.387]: (-0.1, 2.4, 2.5) 34
[20:04:27.410]: (-0.1, 2.4, 2.4) 32
[20:04:27.432]: (-0.1, 2.4, 2.5) 34
[20:04:27.455]: (-0.1, 2.2, 2.5) 31
[20:04:27.494]: (-0.1, 2.1, 2.5) 37
[20:04:27.792]: (0.1, 2.2, 2.6) 35
[20:04:27.825]: (0.1, 2.2, 2.5) 31
[20:04:27.858]: (0.1, 2.2, 2.5) 37
[20:04:27.893]: (0.1, 2.0, 1.8) 17
[20:04:27.925]: (0.1, 2.0, 1.9) 17
[20:04:27.958]: (0.1, 2.0, 1.9) 17
[20:04:28.025]: (0.2, 2.2, 2.5) 32
[20:04:28.059]: (0.2, 2.2, 2.5) 32
[20:04:28.091]: (0.2, 2.2, 2.4) 33
[20:04:28.124]: (0.2, 2.2, 2.6) 34
[20:04:28.180]: (0.3, 1.9, 1.5) 16
[20:04:28.202]: (0.3, 2.0, 1.5) 16
[20:04:28.225]: (0.3, 1.9, 1.5) 16
[20:04:28.247]: (0.3, 2.0, 1.5) 16
[20:04:28.269]: (0.3, 2.0, 1.5) 16
[20:04:28.290]: (0.4, 2.1, 1.7) 17
[20:04:28.336]: (0.4, 2.1, 1.7) 18
[20:04:28.358]: (0.4, 2.0, 1.7) 11
[20:04:28.380]: (0.4, 2.0, 1.6) 11
[20:04:28.402]: (0.4, 2.1, 1.6) 11
[20:04:28.424]: (0.4, 2.0, 1.5) 10
[20:04:28.446]: (0.4, 2.0, 1.4) 10
[20:04:28.625]: (0.3, 2.2, 1.3) 15
[20:04:28.647]: (0.3, 2.2, 1.3) 15
[20:04:28.890]: (0.5, 2.3, 1.4) 18
[20:04:29.789]: (0.3, 2.1, 1.3) 16
[20:04:29.806]: (0.3, 2.1, 1.3) 16
[20:04:30.113]: (0.4, 2.2, 1.6) 17
[20:04:30.246]: (0.3, 2.1, 1.3) 16
[20:04:30.268]: (0.3, 2.1, 1.3) 16
[20:04:30.291]: (0.3, 2.1, 1.3) 16
[20:04:30.331]: (0.3, 2.1, 1.4) 15
[20:04:30.353]: (0.3, 2.1, 1.3) 15
[20:04:30.373]: (0.3, 2.1, 1.3) 15
[20:04:30.416]: (0.4, 2.2, 1.2) 10
[20:04:30.964]: (0.7, 1.8, 1.2) 16
[20:04:30.983]: (0.7, 1.8, 1.2) 16
[20:04:31.004]: (0.7, 1.8, 1.3) 10
[20:04:31.026]: (0.7, 1.8, 1.3) 10
[20:04:31.047]: (0.8, 1.9, 1.5) 17
[20:04:31.071]: (0.7, 1.8, 1.3) 10
[20:04:31.097]: (0.7, 1.8, 1.3) 10
[20:04:31.121]: (0.7, 1.8, 1.3) 10
[20:04:31.137]: (0.7, 1.9, 1.5) 17
[20:04:31.158]: (0.7, 1.9, 1.5) 17
[20:04:31.180]: (0.7, 1.8, 1.3) 16
[20:04:31.202]: (0.7, 1.9, 1.5) 17
[20:04:31.224]: (0.7, 1.8, 1.3) 16
[20:04:31.246]: (0.8, 1.9, 1.5) 17
[20:04:31.268]: (0.8, 1.9, 1.5) 17
[20:04:31.290]: (0.8, 1.9, 1.5) 17
[20:04:31.312]: (0.6, 1.8, 1.2) 16
[20:04:31.336]: (0.6, 1.8, 1.3) 16
[20:04:31.353]: (0.6, 1.8, 1.2) 16
[20:04:31.370]: (0.6, 1.8, 1.3) 16
[20:04:31.387]: (0.6, 1.8, 1.3) 16
[20:04:31.405]: (0.6, 1.8, 1.3) 16
[20:04:31.424]: (0.6, 1.8, 1.3) 16
[20:04:31.441]: (0.6, 1.8, 1.3) 16
[20:04:31.459]: (0.7, 2.0, 1.5) 17
[20:04:31.476]: (0.6, 1.9, 1.3) 16
[20:04:31.494]: (0.6, 1.9, 1.3) 16
[20:04:31.514]: (0.7, 1.9, 1.3) 16
[20:04:31.532]: (0.7, 2.0, 1.5) 17
[20:04:31.550]: (1.0, 2.2, 2.0) 33
[20:04:31.567]: (1.0, 2.2, 2.0) 33
[20:04:31.585]: (1.0, 2.2, 2.0) 33
[20:04:31.605]: (0.6, 1.9, 1.2) 16
[20:04:31.623]: (0.6, 1.9, 1.2) 16
[20:04:31.643]: (0.7, 2.0, 1.5) 17
[20:04:31.882]: (0.6, 1.9, 1.5) 18
[20:04:32.068]: (0.5, 1.8, 1.5) 17
[20:04:32.102]: (0.5, 1.8, 1.5) 17
[20:04:32.136]: (0.5, 1.8, 1.5) 18
[20:04:32.335]: (0.4, 1.8, 1.5) 18
[20:04:32.368]: (0.4, 1.8, 1.5) 18
[20:04:32.435]: (0.4, 2.0, 2.1) 33
[20:04:32.469]: (0.4, 2.0, 2.1) 33
[20:04:32.503]: (0.4, 2.0, 2.1) 33
[20:04:32.535]: (0.3, 2.1, 2.1) 33
[20:04:32.569]: (0.3, 2.1, 2.1) 33
[20:04:32.601]: (0.3, 2.1, 2.1) 33
[20:04:32.634]: (0.3, 2.1, 2.3) 34
[20:04:32.722]: (0.2, 1.8, 1.3) 16
[20:04:32.745]: (0.3, 2.0, 2.1) 33
[20:04:32.767]: (0.3, 2.1, 2.3) 34
[20:04:32.789]: (0.2, 1.8, 1.3) 16
[20:04:32.812]: (0.2, 1.8, 1.3) 16
[20:04:32.833]: (0.2, 1.8, 1.3) 16
[20:04:32.856]: (0.2, 1.8, 1.3) 16
[20:04:32.878]: (0.2, 1.8, 1.3) 16
[20:04:32.901]: (0.2, 1.8, 1.3) 16
[20:04:33.188]: (0.4, 1.7, 1.0) 16
[20:04:33.211]: (0.5, 1.8, 1.3) 17
[20:04:33.232]: (0.5, 1.7, 1.3) 17
[20:04:33.255]: (0.4, 1.8, 1.2) 17
[20:04:33.278]: (0.4, 1.8, 1.2) 17
[20:04:33.299]: (0.4, 1.8, 1.2) 17
[20:04:33.322]: (0.3, 1.7, 1.0) 16
[20:04:33.343]: (0.3, 1.7, 1.0) 16
[20:04:33.366]: (0.6, 2.0, 1.9) 32
[20:04:33.389]: (0.6, 2.0, 1.9) 32
[20:04:33.413]: (0.6, 2.0, 1.8) 33
[20:04:33.436]: (0.5, 2.0, 1.8) 33
[20:04:33.459]: (0.5, 2.0, 1.8) 33
[20:04:33.481]: (0.5, 2.0, 1.8) 33
[20:04:33.504]: (0.6, 2.0, 1.8) 33
[20:04:33.547]: (0.4, 1.7, 1.3) 17
[20:04:33.570]: (0.4, 1.7, 1.3) 17
[20:04:33.593]: (0.4, 1.7, 1.3) 17
[20:04:33.615]: (0.4, 1.7, 1.3) 17
[20:04:33.637]: (0.4, 1.7, 1.3) 17
[20:04:33.660]: (0.3, 1.6, 1.0) 16
[20:04:33.681]: (0.3, 1.6, 1.0) 16
[20:04:33.704]: (0.3, 1.7, 1.0) 16
[20:04:33.726]: (0.3, 1.7, 1.0) 16
[20:04:33.748]: (0.3, 1.7, 1.0) 16
[20:04:33.770]: (0.2, 1.6, 1.0) 16
[20:04:33.794]: (0.2, 1.6, 1.0) 16
[20:04:33.815]: (0.2, 1.6, 1.0) 16
[20:04:33.837]: (0.2, 1.6, 1.0) 16
[20:04:33.859]: (0.2, 1.6, 1.0) 16
[20:04:33.880]: (0.2, 1.6, 1.0) 16
[20:04:33.896]: (0.2, 1.6, 1.0) 16
[20:04:33.917]: (0.3, 1.6, 1.0) 16
[20:04:33.934]: (0.2, 1.6, 1.0) 16
[20:04:33.953]: (0.2, 1.6, 1.0) 16
[20:04:33.973]: (0.2, 1.6, 1.0) 16
[20:04:33.995]: (0.2, 1.6, 1.0) 16
[20:04:34.017]: (0.2, 1.6, 1.0) 16
[20:04:34.039]: (0.2, 1.6, 1.0) 16
[20:04:34.060]: (0.2, 1.6, 1.0) 16
[20:04:34.081]: (0.2, 1.6, 1.0) 16
[20:04:34.103]: (0.2, 1.6, 1.0) 16
[20:04:34.126]: (0.2, 1.6, 1.0) 16
[20:04:34.146]: (0.2, 1.6, 1.0) 16
[20:04:34.167]: (0.2, 1.6, 1.0) 16
[20:04:34.189]: (0.2, 1.6, 0.9) 16
[20:04:34.210]: (0.2, 1.6, 0.9) 16
[20:04:34.230]: (0.2, 1.6, 0.9) 16
[20:04:34.250]: (0.2, 1.6, 0.9) 16
[20:04:34.272]: (0.2, 1.6, 0.9) 16
[20:04:34.293]: (0.2, 1.6, 0.9) 16
[20:04:34.314]: (0.2, 1.6, 1.0) 16
[20:04:34.336]: (0.3, 1.7, 1.2) 17
[20:04:34.357]: (0.2, 1.6, 0.9) 16
[20:04:34.379]: (0.2, 1.6, 0.9) 16
[20:04:34.400]: (0.2, 1.6, 0.9) 16
[20:04:34.422]: (0.2, 1.6, 0.9) 16
[20:04:34.444]: (0.2, 1.6, 0.9) 16
[20:04:34.465]: (0.2, 1.6, 0.9) 16
[20:04:34.777]: (0.1, 1.8, 1.1) 20
[20:04:34.811]: (0.2, 1.8, 1.1) 20
[20:04:34.912]: (0.2, 1.8, 1.0) 20
[20:04:34.945]: (0.2, 1.8, 1.0) 20
[20:04:34.977]: (0.2, 1.8, 1.0) 20
[20:04:35.143]: (0.1, 1.7, 0.8) 14
[20:04:35.178]: (0.1, 1.7, 0.8) 14
[20:04:35.233]: (0.3, 1.8, 1.0) 19
[20:04:35.321]: (0.3, 1.8, 0.9) 20
[20:04:35.344]: (0.3, 1.8, 0.9) 20
[20:04:35.366]: (0.3, 1.8, 0.9) 20
[20:04:35.389]: (0.3, 1.8, 0.9) 20
[20:04:35.410]: (0.3, 1.8, 0.9) 20
[20:04:35.433]: (0.3, 1.8, 0.9) 20
[20:04:35.455]: (0.3, 1.8, 0.9) 20
[20:04:35.477]: (0.3, 1.8, 0.9) 20
[20:04:35.499]: (0.3, 1.8, 0.9) 20
[20:04:35.522]: (0.3, 1.8, 0.9) 20
[20:04:35.544]: (0.3, 1.8, 0.9) 20
[20:04:35.566]: (0.3, 1.8, 0.9) 20
[20:04:35.587]: (0.3, 1.8, 0.9) 20
[20:04:35.610]: (0.3, 1.8, 0.9) 20
[20:04:35.633]: (0.3, 1.8, 0.9) 20
[20:04:35.653]: (0.3, 1.8, 0.9) 20
[20:04:35.677]: (0.3, 1.8, 0.9) 20
[20:04:35.699]: (0.3, 1.8, 0.9) 20
[20:04:35.722]: (0.3, 1.8, 0.9) 20
[20:04:35.743]: (0.3, 1.8, 0.9) 20
[20:04:35.766]: (0.3, 1.8, 0.9) 20
[20:04:35.788]: (0.3, 1.8, 0.9) 20
[20:04:35.810]: (0.3, 1.8, 0.9) 20
[20:04:35.833]: (0.3, 1.8, 0.9) 20
[20:04:35.854]: (0.3, 1.8, 0.9) 20
[20:04:35.877]: (0.3, 1.8, 0.9) 20
[20:04:35.898]: (0.3, 1.8, 0.9) 20
[20:04:35.921]: (0.3, 1.8, 0.9) 20
[20:04:35.944]: (0.3, 1.8, 1.0) 20
[20:04:35.966]: (0.4, 1.8, 0.9) 20
[20:04:36.169]: (0.3, 1.7, 0.8) 15
[20:04:36.236]: (0.3, 1.8, 0.9) 15
[20:04:36.258]: (0.3, 1.8, 0.9) 15
[20:04:36.280]: (0.6, 2.1, 1.7) 35
[20:04:36.302]: (0.3, 1.7, 0.9) 15
[20:04:36.327]: (0.2, 1.7, 0.9) 15
[20:04:36.348]: (0.2, 1.7, 0.9) 15
[20:04:36.369]: (0.2, 1.7, 0.9) 15
[20:04:36.391]: (0.2, 1.7, 0.9) 10
[20:04:36.414]: (0.2, 1.7, 0.9) 15
[20:04:36.435]: (0.2, 1.7, 0.9) 10
[20:04:36.458]: (0.2, 1.7, 0.9) 10
[20:04:36.479]: (0.2, 1.7, 0.9) 10
[20:04:36.502]: (0.2, 1.7, 0.9) 10
[20:04:36.525]: (0.2, 1.7, 0.9) 10
[20:04:36.546]: (0.2, 1.7, 0.9) 10
[20:04:36.567]: (0.2, 1.7, 0.9) 10
[20:04:36.589]: (0.2, 1.7, 0.9) 10
[20:04:36.610]: (0.2, 1.7, 0.9) 10
[20:04:36.630]: (0.2, 1.7, 0.9) 10
[20:04:36.652]: (0.2, 1.7, 0.9) 10
[20:04:36.672]: (0.2, 1.7, 0.9) 10
[20:04:36.694]: (0.2, 1.7, 0.9) 10
[20:04:36.718]: (0.2, 1.7, 0.9) 10
[20:04:36.738]: (0.2, 1.7, 0.9) 10
[20:04:36.760]: (0.2, 1.7, 0.9) 10
[20:04:36.781]: (0.2, 1.7, 0.9) 10
[20:04:36.804]: (0.2, 1.7, 0.9) 10
[20:04:36.825]: (0.2, 1.7, 0.9) 10
[20:04:36.848]: (0.2, 1.7, 0.9) 10
[20:04:36.870]: (0.2, 1.7, 0.9) 10
[20:04:36.891]: (0.2, 1.7, 0.9) 10
[20:04:36.913]: (0.2, 1.7, 0.9) 10
[20:04:36.936]: (0.2, 1.7, 0.9) 10
[20:04:36.958]: (0.2, 1.7, 0.9) 10
[20:04:36.981]: (0.2, 1.7, 0.9) 10
[20:04:37.001]: (0.2, 1.7, 0.9) 10
[20:04:37.023]: (0.2, 1.7, 0.9) 10
[20:04:37.045]: (0.2, 1.7, 0.9) 10
[20:04:37.067]: (0.2, 1.7, 0.9) 10
[20:04:37.088]: (0.2, 1.7, 0.9) 10
[20:04:37.110]: (0.2, 1.7, 0.9) 10
[20:04:37.132]: (0.2, 1.7, 0.9) 10
[20:04:37.154]: (0.2, 1.8, 0.8) 10
[20:04:37.174]: (0.2, 1.8, 0.8) 15
[20:04:37.198]: (0.2, 1.8, 0.8) 15
[20:04:37.232]: (0.2, 1.8, 0.8) 15
[20:04:37.266]: (0.2, 1.8, 0.9) 15
[20:04:37.298]: (0.2, 1.8, 0.8) 15
[20:04:37.333]: (0.2, 1.8, 0.9) 15
[20:04:37.365]: (0.2, 1.8, 0.9) 15
[20:04:37.398]: (0.2, 1.8, 0.9) 15
[20:04:37.465]: (0.2, 1.8, 0.8) 16
[20:04:37.498]: (0.2, 1.8, 0.8) 16
[20:04:37.532]: (0.2, 1.8, 0.8) 16
[20:04:37.698]: (0.4, 2.1, 1.7) 31
[20:04:37.731]: (0.4, 2.1, 1.7) 31
[20:04:37.765]: (0.4, 2.0, 1.7) 31
[20:04:37.797]: (0.2, 1.8, 1.1) 18
[20:04:37.832]: (0.2, 1.8, 1.1) 18
[20:04:37.865]: (0.2, 1.8, 1.0) 11
[20:04:37.887]: (0.2, 1.8, 1.0) 11
[20:04:37.908]: (0.2, 1.8, 1.0) 11
[20:04:37.931]: (0.2, 1.8, 1.0) 11
[20:04:37.955]: (0.2, 1.8, 1.0) 11
[20:04:37.975]: (0.2, 1.8, 1.0) 11
[20:04:37.998]: (0.1, 1.8, 1.0) 11
[20:04:38.020]: (0.1, 1.8, 1.0) 11
[20:04:38.042]: (0.1, 1.8, 1.0) 11
[20:04:38.064]: (0.1, 1.8, 1.0) 11
[20:04:38.088]: (0.1, 1.8, 1.0) 11
[20:04:38.108]: (0.1, 1.8, 1.0) 11
[20:04:38.132]: (0.1, 1.8, 1.0) 11
[20:04:38.154]: (0.1, 1.8, 1.0) 11
[20:04:38.177]: (0.1, 1.8, 1.0) 11
[20:04:38.198]: (0.1, 1.8, 1.0) 11
[20:04:38.222]: (0.1, 1.8, 1.0) 11
[20:04:38.242]: (0.1, 1.8, 1.0) 11
[20:04:38.266]: (0.1, 1.8, 1.0) 11
[20:04:38.287]: (0.1, 1.8, 1.0) 11
[20:04:38.308]: (0.1, 1.8, 1.0) 11
[20:04:38.334]: (0.1, 1.8, 1.0) 11
[20:04:38.355]: (0.1, 1.8, 1.0) 11
[20:04:38.376]: (0.1, 1.8, 1.0) 11
[20:04:38.398]: (0.1, 1.8, 1.0) 11
[20:04:38.421]: (0.1, 1.8, 1.0) 11
[20:04:38.443]: (0.1, 1.8, 1.0) 11
[20:04:38.465]: (0.1, 1.8, 1.0) 11
[20:04:38.510]: (0.1, 1.8, 1.0) 11
[20:04:38.531]: (0.1, 1.8, 1.0) 11
[20:04:38.555]: (0.1, 1.8, 1.0) 11
[20:04:38.575]: (0.1, 1.8, 1.0) 11
[20:04:38.623]: (0.1, 1.9, 1.0) 17
[20:04:38.645]: (0.2, 1.9, 1.0) 17
[20:04:38.667]: (0.2, 1.9, 1.0) 17
[20:04:38.689]: (0.2, 1.9, 1.0) 17
[20:04:38.713]: (0.2, 1.9, 1.0) 17
[20:04:38.734]: (0.2, 1.9, 1.0) 17
[20:04:38.756]: (0.2, 1.9, 1.0) 17
[20:04:38.778]: (0.2, 1.9, 1.0) 17
[20:04:38.800]: (0.2, 1.9, 1.0) 17
[20:04:38.824]: (0.2, 1.9, 1.0) 17
[20:04:38.846]: (0.2, 1.9, 1.0) 17
[20:04:38.868]: (0.1, 1.9, 1.0) 17
[20:04:38.890]: (0.1, 1.9, 1.0) 17
[20:04:38.911]: (0.1, 1.9, 1.0) 17
[20:04:39.067]: (0.1, 2.0, 1.0) 17
[20:04:39.089]: (0.1, 2.0, 1.0) 17
[20:04:39.112]: (0.1, 2.0, 1.0) 17
[20:04:39.132]: (0.1, 2.0, 1.0) 17
[20:04:39.249]: (0.3, 2.3, 1.5) 33
[20:04:39.604]: (0.0, 1.9, 0.8) 16
[20:04:39.626]: (0.1, 1.8, 0.8) 16
[20:04:39.648]: (0.1, 1.8, 0.8) 16
[20:04:39.669]: (0.1, 1.8, 0.8) 16
[20:04:39.728]: (0.0, 1.9, 0.8) 16
[20:04:41.041]: (0.0, 1.9, 0.9) 15
[20:04:41.065]: (0.0, 1.9, 0.9) 15
[20:04:41.086]: (0.0, 1.9, 0.9) 15
[20:04:41.664]: (0.0, 1.9, 1.1) 20
[20:04:41.687]: (0.0, 1.9, 1.1) 20
[20:04:41.707]: (0.0, 1.8, 1.1) 20
[20:04:41.731]: (0.0, 1.8, 1.1) 20
[20:04:41.752]: (0.0, 1.8, 1.1) 20
[20:04:41.773]: (0.0, 1.8, 1.1) 20
[20:04:41.797]: (0.0, 1.8, 1.1) 20
[20:04:41.819]: (0.0, 1.8, 1.1) 20
[20:04:41.839]: (0.0, 1.9, 1.1) 20
[20:04:41.861]: (0.0, 1.9, 1.1) 20
[20:04:41.882]: (0.0, 1.9, 1.1) 20
[20:04:41.903]: (0.0, 1.9, 1.1) 20
[20:04:41.924]: (0.0, 1.9, 1.1) 20
[20:04:41.947]: (0.0, 1.9, 1.1) 20
[20:04:41.968]: (0.0, 1.9, 1.1) 20
[20:04:41.989]: (-0.1, 1.8, 1.1) 20
[20:04:42.012]: (-0.1, 1.9, 1.1) 20
[20:04:42.036]: (-0.1, 1.9, 1.1) 20
[20:04:42.058]: (-0.1, 1.9, 1.1) 20
[20:04:42.079]: (-0.1, 1.9, 1.1) 20
[20:04:42.101]: (-0.1, 1.9, 1.1) 20
[20:04:42.123]: (0.0, 1.9, 1.1) 20
[20:04:42.145]: (0.0, 1.9, 1.1) 20
[20:04:42.167]: (0.0, 1.9, 1.1) 20
[20:04:42.190]: (0.0, 1.9, 1.1) 20
[20:04:42.212]: (0.0, 1.9, 1.1) 20
[20:04:42.235]: (-0.1, 1.9, 1.1) 20
[20:04:42.686]: (-0.1, 1.9, 1.1) 20
[20:04:42.719]: (-0.1, 1.9, 1.1) 20
[20:04:42.752]: (-0.1, 1.8, 1.1) 20
[20:04:42.786]: (-0.1, 1.8, 1.1) 20
[20:04:42.819]: (-0.1, 1.8, 1.1) 20
[20:04:42.853]: (0.0, 1.9, 1.1) 20
[20:04:42.885]: (0.0, 1.8, 0.9) 10
[20:04:42.920]: (0.0, 1.8, 0.9) 10
[20:04:42.952]: (0.0, 1.8, 0.9) 10
[20:04:42.986]: (0.0, 1.8, 0.9) 15
[20:04:43.021]: (0.0, 1.8, 0.9) 15
[20:04:43.054]: (0.0, 1.8, 0.9) 15
[20:04:43.085]: (0.0, 1.8, 0.9) 15
[20:04:43.119]: (0.0, 1.8, 0.9) 15
[20:04:43.153]: (0.0, 1.8, 0.9) 15
[20:04:43.229]: (0.0, 1.9, 1.1) 20
[20:04:43.251]: (0.0, 1.9, 1.1) 20
[20:04:43.274]: (0.0, 1.8, 1.1) 20
[20:04:43.296]: (0.0, 1.8, 1.1) 20
[20:04:43.318]: (0.0, 1.8, 1.1) 20
[20:04:43.341]: (0.0, 1.8, 1.1) 20
[20:04:43.364]: (0.0, 1.8, 1.1) 20
[20:04:43.385]: (0.0, 1.8, 1.1) 20
[20:04:43.407]: (0.0, 1.8, 1.1) 20
[20:04:43.430]: (0.0, 1.8, 1.1) 20
[20:04:43.451]: (0.0, 1.8, 1.1) 20
[20:04:43.475]: (0.0, 1.8, 1.1) 20
[20:04:43.496]: (0.0, 1.8, 1.1) 20
[20:04:43.519]: (0.0, 1.8, 1.1) 20
[20:04:43.540]: (0.0, 1.8, 1.1) 20
[20:04:43.718]: (0.0, 1.8, 1.1) 20
[20:04:43.740]: (-0.1, 1.8, 1.1) 20
[20:04:43.762]: (0.0, 1.8, 1.1) 20
[20:04:43.784]: (-0.1, 1.8, 1.1) 20
[20:04:43.808]: (-0.1, 1.8, 1.1) 20
[20:04:43.828]: (-0.1, 1.8, 1.1) 20
[20:04:43.852]: (-0.1, 1.8, 1.1) 20
[20:04:43.875]: (0.0, 1.8, 1.1) 20
[20:04:43.897]: (-0.1, 1.8, 1.1) 20
[20:04:43.921]: (0.0, 1.8, 1.1) 20
[20:04:43.942]: (0.0, 1.8, 1.1) 20
[20:04:43.967]: (0.0, 1.8, 1.1) 20
[20:04:43.990]: (0.0, 1.8, 1.1) 20
[20:04:44.010]: (-0.1, 1.8, 1.1) 20
[20:04:44.032]: (-0.1, 1.8, 1.1) 20
[20:04:44.053]: (-0.1, 1.8, 1.1) 20
[20:04:44.073]: (-0.1, 1.8, 1.1) 20
[20:04:44.097]: (-0.1, 1.8, 1.1) 20
[20:04:44.119]: (-0.1, 1.8, 1.1) 20
[20:04:44.408]: (-0.1, 1.8, 1.1) 20
[20:04:44.431]: (-0.1, 1.8, 1.1) 20
[20:04:44.453]: (-0.1, 1.8, 1.1) 20
[20:04:44.474]: (-0.1, 1.8, 1.2) 20
[20:04:44.495]: (-0.1, 1.8, 1.1) 20
[20:04:44.519]: (-0.1, 1.8, 1.1) 20
[20:04:44.539]: (-0.1, 1.8, 1.1) 20
[20:04:44.560]: (-0.1, 1.8, 1.1) 20
[20:04:44.582]: (-0.1, 1.8, 1.1) 20
[20:04:44.605]: (-0.1, 1.8, 1.1) 20
[20:04:44.626]: (-0.1, 1.8, 1.1) 20
[20:04:44.647]: (-0.1, 1.8, 1.1) 20
[20:04:44.668]: (-0.1, 1.8, 1.1) 20
[20:04:44.690]: (-0.1, 1.8, 1.1) 20
[20:04:44.893]: (-0.1, 1.7, 1.1) 20
[20:04:44.914]: (-0.1, 1.8, 1.1) 20
[20:04:44.937]: (-0.1, 1.8, 1.1) 20
[20:04:44.959]: (-0.1, 1.8, 1.1) 20
[20:04:44.980]: (-0.1, 1.8, 1.1) 20
[20:04:45.003]: (-0.1, 1.8, 1.2) 20
[20:04:45.026]: (-0.1, 1.7, 1.1) 20
[20:04:45.048]: (0.0, 1.8, 1.1) 20
[20:04:45.070]: (0.0, 1.8, 1.1) 20
[20:04:45.162]: (0.0, 1.7, 1.0) 10
[20:04:45.197]: (0.0, 1.7, 1.0) 10
[20:04:45.230]: (0.0, 1.7, 1.0) 10
[20:04:45.262]: (0.0, 1.8, 1.1) 12
[20:04:45.462]: (0.0, 1.7, 1.2) 19
[20:04:45.495]: (-0.1, 1.7, 1.1) 12
[20:04:45.529]: (-0.1, 1.7, 1.1) 12
[20:04:45.562]: (-0.1, 1.7, 1.1) 12
[20:04:45.595]: (-0.1, 1.7, 1.1) 12
[20:04:45.629]: (-0.1, 1.7, 1.1) 12
[20:04:45.662]: (-0.1, 1.8, 1.1) 20
[20:04:45.696]: (-0.1, 1.8, 1.1) 20
[20:04:45.728]: (-0.1, 1.8, 1.1) 20
[20:04:45.762]: (-0.1, 1.8, 1.1) 20
[20:04:45.795]: (-0.1, 1.8, 1.1) 20
[20:04:45.817]: (-0.1, 1.8, 1.1) 20
[20:04:45.838]: (-0.1, 1.8, 1.1) 20
[20:04:45.861]: (-0.1, 1.8, 1.1) 20
[20:04:45.885]: (-0.1, 1.8, 1.1) 20
[20:04:45.905]: (0.0, 1.8, 1.1) 20
[20:04:45.929]: (0.0, 1.8, 1.1) 20
[20:04:45.951]: (0.0, 1.8, 1.1) 20
[20:04:45.972]: (0.0, 1.8, 1.1) 20
[20:04:45.995]: (0.0, 1.8, 1.1) 20
[20:04:46.017]: (0.0, 1.8, 1.1) 20
[20:04:46.040]: (0.0, 1.8, 1.1) 20
[20:04:46.061]: (0.0, 1.8, 1.1) 20
[20:04:46.084]: (0.0, 1.8, 1.1) 20
[20:04:46.106]: (0.0, 1.8, 1.1) 20
[20:04:46.128]: (0.0, 1.8, 1.1) 20
[20:04:46.150]: (0.0, 1.8, 1.1) 20
[20:04:46.172]: (0.0, 1.8, 1.1) 20
[20:04:46.196]: (0.0, 1.8, 1.1) 20
[20:04:46.217]: (0.0, 1.8, 1.1) 20
[20:04:46.238]: (0.0, 1.8, 1.1) 20
[20:04:46.261]: (0.0, 1.8, 1.1) 20
[20:04:46.283]: (0.0, 1.8, 1.1) 20
[20:04:46.305]: (0.0, 1.8, 1.1) 20
[20:04:46.328]: (0.0, 1.8, 1.1) 20
[20:04:46.350]: (0.0, 1.8, 1.1) 20
[20:04:46.372]: (0.0, 1.8, 1.1) 20
[20:04:46.394]: (0.0, 1.8, 1.1) 20
[20:04:46.417]: (-0.1, 1.8, 1.1) 20
[20:04:46.438]: (-0.1, 1.8, 1.1) 20
[20:04:46.462]: (-0.1, 1.8, 1.1) 20
[20:04:46.483]: (-0.1, 1.8, 1.1) 20
[20:04:46.507]: (-0.1, 1.8, 1.1) 20
[20:04:46.528]: (-0.1, 1.8, 1.1) 20
[20:04:46.550]: (-0.1, 1.8, 1.1) 20
[20:04:46.573]: (-0.1, 1.8, 1.1) 20
[20:04:46.596]: (-0.1, 1.9, 1.1) 20
[20:04:46.709]: (-0.1, 1.9, 1.1) 20
[20:04:46.908]: (-0.1, 1.8, 1.1) 20
[20:04:46.931]: (-0.1, 1.8, 1.1) 20
[20:04:46.954]: (-0.1, 1.8, 1.1) 20
[20:04:46.975]: (0.0, 1.8, 1.1) 20
[20:04:46.997]: (0.0, 1.8, 1.1) 20
[20:04:47.019]: (0.0, 1.8, 1.1) 20
[20:04:47.041]: (0.0, 1.8, 1.1) 20
[20:04:47.066]: (0.0, 1.8, 1.1) 20
[20:04:47.091]: (0.0, 1.8, 1.1) 20
[20:04:47.114]: (0.0, 1.8, 1.1) 12
[20:04:47.267]: (0.0, 1.6, 1.0) 9
[20:04:47.289]: (0.0, 1.8, 1.1) 12
[20:04:47.314]: (0.0, 1.8, 1.1) 20
[20:04:47.335]: (0.0, 1.8, 1.1) 20
[20:04:47.359]: (0.0, 1.8, 1.1) 20
[20:04:47.380]: (0.0, 1.8, 1.1) 20
[20:04:47.402]: (0.0, 1.8, 1.1) 20
[20:04:47.424]: (0.0, 1.8, 1.1) 20
[20:04:47.448]: (-0.1, 1.8, 0.9) 10
[20:04:47.470]: (-0.1, 1.9, 0.9) 15
[20:04:47.492]: (-0.1, 1.9, 0.9) 15
[20:04:47.514]: (-0.1, 1.9, 0.9) 15
[20:04:47.538]: (0.0, 1.9, 0.9) 15
[20:04:47.560]: (-0.1, 1.9, 0.9) 15
[20:04:47.581]: (-0.1, 1.9, 0.9) 15
[20:04:47.604]: (-0.1, 1.9, 0.9) 15
[20:04:47.649]: (-0.1, 1.9, 0.9) 15
[20:04:47.762]: (0.0, 1.9, 0.9) 15
[20:04:47.795]: (0.0, 1.9, 0.9) 15
[20:04:47.829]: (0.0, 1.9, 0.9) 15
[20:04:47.861]: (0.0, 1.9, 0.9) 15
[20:04:47.896]: (0.0, 1.9, 0.9) 15
[20:04:47.930]: (0.0, 1.9, 0.9) 15
[20:04:47.962]: (0.0, 1.9, 0.9) 15
[20:04:47.995]: (0.0, 1.9, 0.9) 15
[20:04:48.163]: (-0.1, 1.9, 0.9) 15
[20:04:48.196]: (-0.1, 1.9, 0.9) 15
[20:04:48.416]: (-0.1, 1.8, 1.1) 20
[20:04:48.437]: (-0.1, 1.8, 1.1) 20
[20:04:48.460]: (-0.1, 1.9, 1.1) 20
[20:04:48.482]: (-0.1, 1.9, 1.1) 20
[20:04:48.528]: (-0.1, 1.9, 1.1) 20
[20:04:48.548]: (-0.1, 1.8, 1.1) 20
[20:04:48.572]: (-0.1, 1.8, 1.1) 20
[20:04:48.593]: (-0.1, 1.9, 1.1) 20
[20:04:48.616]: (0.0, 1.8, 0.9) 10
[20:04:48.638]: (0.0, 1.8, 0.9) 10
[20:04:48.660]: (0.0, 1.8, 0.9) 10
[20:04:48.683]: (0.0, 1.8, 0.9) 10
[20:04:48.705]: (0.0, 1.8, 0.9) 10
[20:04:48.727]: (0.0, 1.8, 0.9) 10
[20:04:48.749]: (0.0, 1.8, 0.9) 10
[20:04:48.771]: (0.0, 1.8, 0.9) 10
[20:04:48.793]: (0.0, 1.8, 0.9) 10
[20:04:48.815]: (0.0, 1.8, 0.9) 10
[20:04:48.837]: (0.0, 1.8, 0.9) 10
[20:04:48.860]: (0.0, 1.8, 0.9) 10
[20:04:48.882]: (0.0, 1.8, 0.9) 10
[20:04:48.905]: (0.0, 1.8, 0.9) 10
[20:04:48.926]: (0.0, 1.8, 0.9) 10
[20:04:48.949]: (0.0, 1.8, 0.9) 10
[20:04:48.971]: (0.0, 1.8, 0.9) 10
[20:04:48.993]: (0.0, 1.8, 0.9) 10
[20:04:49.016]: (0.0, 1.8, 0.9) 10
[20:04:49.039]: (0.0, 1.8, 0.9) 10
[20:04:49.059]: (0.0, 1.8, 0.9) 10
[20:04:49.082]: (0.0, 1.8, 0.9) 10
[20:04:49.104]: (0.0, 1.8, 0.9) 10
[20:04:49.127]: (0.0, 1.8, 0.9) 10
[20:04:49.149]: (0.0, 1.8, 0.9) 10
[20:04:49.171]: (0.0, 1.8, 0.9) 10
[20:04:49.195]: (0.0, 1.8, 0.9) 10
[20:04:49.217]: (0.0, 1.8, 0.9) 10
[20:04:49.240]: (0.0, 1.8, 0.9) 10
[20:04:49.262]: (0.0, 1.8, 0.9) 10
[20:04:49.284]: (0.0, 1.8, 0.9) 10
[20:04:49.305]: (0.0, 1.8, 0.9) 10
[20:04:49.329]: (0.0, 1.8, 0.9) 10
[20:04:49.355]: (0.0, 1.8, 0.9) 10
[20:04:49.376]: (0.0, 1.8, 0.9) 10
[20:04:49.396]: (0.0, 1.8, 0.9) 10
[20:04:49.419]: (0.0, 1.8, 0.9) 10
[20:04:49.440]: (0.0, 1.8, 0.9) 10
[20:04:49.463]: (0.0, 1.8, 0.9) 10
[20:04:49.486]: (0.0, 1.8, 0.9) 10
[20:04:49.508]: (0.0, 1.8, 0.9) 10
[20:04:49.530]: (0.0, 1.9, 0.9) 10
[20:04:49.552]: (0.0, 1.9, 0.9) 10
[20:04:49.575]: (0.0, 1.9, 0.9) 10
[20:04:49.596]: (0.0, 1.9, 0.9) 10
[20:04:49.619]: (0.0, 1.9, 0.9) 10
[20:04:49.640]: (0.0, 1.9, 0.9) 15
[20:04:49.779]: (0.0, 1.8, 0.9) 10
[20:04:49.799]: (0.0, 1.8, 0.9) 10
[20:04:49.821]: (0.0, 1.8, 0.9) 10
[20:04:49.841]: (0.0, 1.8, 0.9) 10
[20:04:49.864]: (0.0, 1.8, 0.9) 10
[20:04:49.885]: (0.0, 1.8, 0.9) 10
[20:04:49.906]: (0.0, 1.8, 0.9) 10
[20:04:49.927]: (0.0, 1.8, 0.9) 10
[20:04:49.948]: (0.0, 1.8, 0.9) 10
[20:04:49.969]: (0.0, 1.8, 0.9) 10
[20:04:49.993]: (0.0, 1.8, 0.9) 10
[20:04:50.014]: (0.0, 1.8, 0.9) 10
[20:04:50.035]: (0.0, 1.8, 0.9) 10
[20:04:50.057]: (0.0, 1.8, 0.9) 10
[20:04:50.078]: (0.0, 1.8, 0.9) 10
[20:04:50.100]: (0.0, 1.8, 0.9) 10
[20:04:50.122]: (0.0, 1.8, 0.9) 10
[20:04:50.143]: (0.0, 1.8, 0.9) 15
[20:04:50.166]: (0.0, 1.8, 0.9) 15
[20:04:50.187]: (0.0, 1.8, 0.9) 10
[20:04:50.209]: (0.0, 1.8, 0.9) 10
[20:04:50.229]: (0.0, 1.8, 0.9) 10
[20:04:50.251]: (0.0, 1.8, 0.9) 10
[20:04:50.273]: (0.0, 1.8, 0.9) 10
[20:04:50.295]: (0.0, 1.8, 0.9) 15
[20:04:50.316]: (0.0, 1.8, 0.9) 10
[20:04:50.482]: (0.0, 1.8, 0.8) 16
[20:04:50.517]: (0.0, 1.8, 0.8) 16
[20:04:50.548]: (0.0, 1.8, 0.8) 16
[20:04:50.581]: (0.0, 1.8, 0.8) 16
[20:04:50.617]: (0.0, 1.8, 0.9) 10
[20:04:50.648]: (0.0, 1.8, 0.9) 10
[20:04:50.682]: (0.1, 1.8, 0.8) 16
[20:04:50.716]: (0.1, 1.8, 0.8) 16
[20:04:50.750]: (0.0, 1.8, 0.8) 16
[20:04:50.782]: (0.0, 1.8, 0.8) 16
[20:04:50.816]: (0.1, 1.8, 0.8) 16
[20:04:50.848]: (0.1, 1.8, 0.8) 16
[20:04:50.881]: (0.1, 1.8, 0.8) 16
[20:04:50.916]: (0.0, 1.8, 0.8) 16
[20:04:50.949]: (0.1, 1.9, 0.8) 16
[20:04:51.015]: (0.1, 1.9, 0.8) 16
[20:04:51.036]: (0.1, 1.9, 0.8) 16
[20:04:51.058]: (0.1, 1.9, 0.8) 16
[20:04:51.682]: (0.1, 1.8, 0.8) 16
[20:04:51.702]: (0.0, 1.8, 0.8) 16
[20:04:51.725]: (0.0, 1.8, 0.8) 16
[20:04:51.748]: (0.0, 1.8, 0.8) 16
[20:04:51.769]: (0.0, 1.8, 0.8) 16
[20:04:51.792]: (0.0, 1.8, 0.8) 16
[20:04:51.814]: (0.0, 1.8, 0.8) 16
[20:04:51.837]: (0.0, 1.8, 0.8) 16
[20:04:51.861]: (0.0, 1.8, 0.8) 16
[20:04:51.885]: (0.0, 1.8, 0.8) 16
[20:04:51.907]: (0.0, 1.8, 0.8) 16
[20:04:51.930]: (0.0, 1.8, 0.8) 16
[20:04:51.951]: (0.0, 1.8, 0.8) 16
[20:04:51.973]: (0.0, 1.8, 0.8) 16
[20:04:51.996]: (0.0, 1.8, 0.8) 16
[20:04:52.018]: (0.0, 1.8, 0.8) 16
[20:04:52.040]: (0.0, 1.8, 0.8) 16
[20:04:52.062]: (0.0, 1.8, 0.8) 16
[20:04:52.084]: (0.0, 1.8, 0.8) 16
[20:04:52.263]: (0.0, 1.8, 0.9) 10
[20:04:52.284]: (0.0, 1.8, 0.9) 10
[20:04:52.306]: (0.0, 1.8, 0.9) 10
[20:04:52.327]: (0.0, 1.8, 0.9) 10
[20:04:52.349]: (0.0, 1.8, 0.9) 10
[20:04:52.371]: (0.0, 1.8, 1.1) 20
[20:04:52.392]: (0.0, 1.8, 1.1) 20
[20:04:52.412]: (0.0, 1.8, 1.1) 20
[20:04:52.435]: (0.0, 1.8, 1.1) 20
[20:04:52.456]: (0.0, 1.9, 1.1) 20
[20:04:53.048]: (0.1, 2.0, 1.0) 19
[20:04:53.069]: (0.1, 1.8, 0.8) 14
[20:04:53.092]: (0.1, 1.8, 0.7) 14
[20:04:53.114]: (0.1, 1.8, 0.7) 14
[20:04:53.136]: (0.1, 1.8, 0.7) 14
[20:04:53.159]: (0.1, 1.8, 0.7) 14
[20:04:53.182]: (0.1, 1.8, 0.7) 14
[20:04:53.204]: (0.1, 1.8, 0.7) 14
[20:04:53.225]: (0.1, 1.8, 0.7) 14
[20:04:53.248]: (0.1, 1.8, 0.7) 14
[20:04:53.269]: (0.1, 1.8, 0.7) 14
[20:04:53.292]: (0.1, 1.8, 0.7) 14
[20:04:53.315]: (0.1, 1.8, 0.7) 14
[20:04:53.336]: (0.1, 1.8, 0.7) 14
[20:04:53.358]: (0.1, 1.8, 0.7) 14
[20:04:53.379]: (0.1, 1.8, 0.7) 14
[20:04:53.400]: (0.1, 1.8, 0.7) 14
[20:04:53.422]: (0.1, 1.9, 0.7) 14
[20:04:53.445]: (0.2, 2.0, 0.9) 19
[20:04:53.467]: (0.2, 2.0, 0.9) 19
[20:04:53.487]: (0.2, 2.0, 0.9) 19
[20:04:53.509]: (0.2, 2.0, 0.9) 19
[20:04:53.530]: (0.2, 2.0, 0.9) 19
[20:04:53.550]: (0.2, 2.0, 0.9) 19
[20:04:53.572]: (0.2, 2.0, 0.9) 19
[20:04:53.592]: (0.2, 2.0, 0.9) 19
[20:04:53.615]: (0.2, 2.0, 0.9) 19
[20:04:53.638]: (0.2, 2.0, 0.9) 19
[20:04:53.658]: (0.2, 2.0, 0.9) 19
[20:04:53.679]: (0.2, 2.0, 0.9) 19
[20:04:53.700]: (0.2, 2.0, 0.9) 19
[20:04:53.722]: (0.2, 2.0, 0.9) 19
[20:04:53.743]: (0.2, 2.0, 0.9) 20
[20:04:53.765]: (0.2, 2.0, 0.9) 20
[20:04:53.786]: (0.2, 1.9, 0.8) 15
[20:04:53.806]: (0.2, 1.9, 0.8) 15
[20:04:53.828]: (0.2, 1.9, 0.8) 15
[20:04:53.849]: (0.3, 2.3, 1.6) 31
[20:04:53.870]: (0.1, 1.9, 0.8) 15
[20:04:53.890]: (0.1, 1.8, 0.8) 10
[20:04:53.910]: (0.1, 1.8, 0.9) 10
[20:04:53.932]: (0.1, 1.8, 0.9) 10
[20:04:53.955]: (0.1, 1.8, 0.9) 10
[20:04:53.974]: (0.1, 1.8, 0.9) 10
[20:04:53.994]: (0.0, 1.9, 1.0) 20
[20:04:54.024]: (0.0, 1.9, 1.0) 20
[20:04:54.058]: (0.0, 1.9, 1.0) 20
[20:04:54.092]: (0.0, 1.9, 1.0) 20
[20:04:54.125]: (0.0, 1.9, 1.0) 20
[20:04:54.159]: (0.0, 1.9, 1.0) 20
[20:04:54.191]: (0.0, 1.9, 1.0) 20
[20:04:54.224]: (0.1, 1.9, 1.0) 20
[20:04:54.291]: (0.1, 1.8, 0.9) 15
[20:04:54.325]: (0.1, 1.8, 1.1) 20
[20:04:54.359]: (0.1, 1.8, 1.1) 20
[20:04:54.558]: (0.1, 1.9, 1.1) 17
[20:04:54.593]: (0.1, 1.9, 1.1) 17
[20:04:54.625]: (0.2, 2.2, 1.8) 35
[20:04:54.769]: (0.1, 1.9, 1.1) 17
[20:04:55.035]: (0.1, 1.9, 1.1) 17
[20:04:55.057]: (0.1, 1.9, 1.1) 17
[20:04:55.123]: (0.0, 1.8, 0.9) 16
[20:04:55.147]: (0.0, 1.8, 0.9) 16
[20:04:55.168]: (0.0, 1.8, 0.9) 16
[20:04:55.191]: (0.0, 1.8, 0.9) 16
[20:04:55.214]: (0.0, 1.8, 0.9) 16
[20:04:55.236]: (0.0, 1.8, 0.9) 16
[20:04:55.257]: (0.0, 1.8, 0.8) 16
[20:04:55.279]: (0.0, 1.8, 0.9) 16
[20:04:55.528]: (0.1, 1.6, 1.1) 12
[20:04:55.571]: (0.1, 1.7, 1.0) 10
[20:04:55.593]: (0.1, 1.8, 1.1) 17
[20:04:55.615]: (0.1, 1.8, 1.1) 17
[20:04:55.637]: (0.1, 1.8, 1.1) 17
[20:04:55.660]: (0.1, 1.8, 1.1) 17
[20:04:55.683]: (0.1, 1.8, 1.1) 17
[20:04:55.704]: (0.1, 1.8, 1.1) 17
[20:04:55.728]: (0.1, 1.8, 1.1) 17
[20:04:55.749]: (0.1, 1.8, 1.1) 17
[20:04:55.771]: (0.1, 1.8, 1.1) 17
[20:04:55.793]: (0.1, 1.8, 1.1) 17
[20:04:55.816]: (0.1, 1.8, 1.1) 17
[20:04:55.838]: (0.1, 1.8, 1.1) 17
[20:04:55.859]: (0.1, 1.9, 1.1) 17
[20:04:55.882]: (0.1, 1.9, 1.1) 17
[20:04:55.904]: (0.1, 1.9, 1.1) 17
[20:04:55.921]: (0.1, 1.9, 1.1) 17
[20:04:55.937]: (0.1, 1.9, 1.1) 17
[20:04:55.954]: (0.1, 1.9, 1.1) 17
[20:04:55.971]: (0.1, 1.9, 1.1) 17
[20:04:55.988]: (0.1, 1.9, 1.1) 17
[20:04:56.004]: (0.1, 1.9, 1.1) 17
[20:04:56.020]: (0.1, 1.9, 1.1) 17
[20:04:56.038]: (0.1, 1.9, 1.1) 17
[20:04:56.054]: (0.1, 1.9, 1.1) 17
[20:04:56.070]: (0.1, 1.9, 1.1) 17
[20:04:56.085]: (0.1, 1.9, 1.1) 17
[20:04:56.102]: (0.1, 1.9, 1.1) 17
[20:04:56.119]: (0.1, 1.9, 1.1) 17
[20:04:56.137]: (0.0, 1.7, 0.9) 16
[20:04:56.154]: (0.0, 1.8, 0.9) 16
[20:04:56.171]: (0.0, 1.8, 0.9) 16
[20:04:56.188]: (0.0, 1.7, 0.9) 16
[20:04:56.205]: (0.0, 1.7, 0.9) 16
[20:04:56.390]: (0.0, 1.7, 1.0) 10
[20:04:56.456]: (0.1, 1.8, 1.0) 10
[20:04:56.480]: (0.1, 1.7, 1.0) 10
[20:04:56.546]: (0.1, 1.8, 1.2) 17
[20:04:56.567]: (0.1, 1.8, 1.1) 17
[20:04:56.591]: (0.1, 1.8, 1.1) 17
[20:04:56.611]: (0.1, 1.8, 1.1) 17
[20:04:56.635]: (0.1, 1.8, 1.1) 17
[20:04:56.657]: (0.1, 1.8, 1.1) 17
[20:04:56.679]: (0.1, 1.8, 1.1) 17
[20:04:56.701]: (0.1, 1.8, 1.1) 17
[20:04:56.723]: (0.1, 1.8, 1.1) 17
[20:04:56.746]: (0.1, 1.8, 1.1) 17
[20:04:56.768]: (0.1, 1.8, 1.1) 17
[20:04:56.790]: (0.1, 1.7, 1.0) 10
[20:04:57.389]: (0.0, 1.7, 1.0) 10
[20:04:57.412]: (0.0, 1.7, 1.0) 10
[20:04:57.435]: (0.0, 1.7, 1.0) 10
[20:04:57.456]: (0.0, 1.7, 1.0) 10
[20:04:57.478]: (0.0, 1.7, 1.0) 10
[20:04:57.500]: (0.1, 1.7, 1.0) 10
[20:04:57.523]: (0.0, 1.7, 0.9) 16
[20:04:57.656]: (0.0, 1.8, 0.9) 16
[20:04:57.673]: (0.0, 1.8, 0.9) 16
[20:04:58.111]: (0.0, 1.8, 0.9) 16
[20:04:58.134]: (0.0, 1.8, 0.9) 16
[20:04:58.156]: (0.0, 1.8, 0.9) 16
[20:04:58.179]: (0.0, 1.8, 0.9) 16
[20:04:58.200]: (0.0, 1.8, 0.9) 16
[20:04:58.222]: (0.0, 1.8, 0.9) 16
[20:04:58.245]: (0.0, 1.8, 0.9) 16
[20:04:58.267]: (0.0, 1.8, 0.9) 16
[20:04:58.289]: (0.0, 1.8, 0.9) 16
[20:04:58.312]: (0.0, 1.8, 0.9) 16
[20:04:58.334]: (0.0, 1.8, 0.9) 16
[20:04:58.356]: (0.0, 1.8, 0.9) 16
[20:04:58.378]: (0.0, 1.8, 0.9) 16
[20:04:58.400]: (0.0, 1.8, 0.9) 16
[20:04:58.422]: (0.0, 1.8, 0.9) 16
[20:04:58.613]: (0.1, 1.8, 1.1) 17
[20:04:58.645]: (0.1, 1.8, 1.1) 17
[20:04:58.661]: (0.1, 1.8, 1.1) 17
[20:04:58.678]: (0.1, 1.8, 1.1) 17
[20:04:58.696]: (0.1, 1.8, 1.1) 17
[20:04:58.713]: (0.1, 1.8, 1.1) 17
[20:04:58.730]: (0.1, 1.8, 1.1) 17
[20:04:58.747]: (0.1, 1.8, 1.1) 17
[20:04:58.765]: (0.1, 1.8, 1.1) 17
[20:04:58.781]: (0.1, 1.8, 1.1) 17
[20:04:58.798]: (0.1, 1.8, 1.1) 17
[20:04:58.815]: (0.1, 1.8, 1.1) 17
[20:04:58.833]: (0.1, 1.8, 1.1) 17
[20:04:58.850]: (0.1, 1.8, 1.1) 17
[20:04:58.866]: (0.1, 1.8, 1.1) 17
[20:04:58.883]: (0.1, 1.8, 1.1) 17
[20:04:58.900]: (0.0, 1.7, 0.9) 16
[20:04:58.917]: (0.0, 1.8, 0.9) 16
[20:04:58.934]: (0.0, 1.8, 0.9) 16
[20:04:58.955]: (0.0, 1.8, 0.9) 16
[20:04:58.978]: (0.0, 1.8, 0.9) 16
[20:04:59.000]: (0.0, 1.8, 0.9) 16
[20:04:59.022]: (0.0, 1.8, 0.9) 16
[20:04:59.045]: (0.0, 1.8, 0.9) 16
[20:04:59.067]: (0.0, 1.8, 0.9) 16
[20:04:59.089]: (0.0, 1.8, 0.9) 16
[20:04:59.111]: (0.0, 1.8, 0.9) 16
[20:04:59.135]: (0.0, 1.8, 0.9) 16
[20:04:59.156]: (0.0, 1.8, 0.9) 16
[20:04:59.178]: (0.0, 1.8, 0.9) 16
[20:04:59.200]: (0.0, 1.8, 0.9) 16
[20:04:59.221]: (0.0, 1.8, 0.9) 16
[20:04:59.244]: (0.0, 1.8, 0.9) 16
[20:04:59.267]: (0.0, 1.8, 0.9) 16
[20:04:59.360]: (0.0, 1.7, 0.9) 16
[20:04:59.376]: (0.1, 1.8, 1.1) 17
[20:04:59.391]: (0.1, 1.8, 1.1) 17
[20:04:59.408]: (0.1, 1.8, 1.1) 17
[20:04:59.426]: (0.1, 1.8, 1.1) 17
[20:04:59.444]: (0.1, 1.8, 1.1) 17
[20:04:59.460]: (0.1, 1.8, 1.1) 17
[20:04:59.477]: (0.1, 1.8, 1.1) 17
[20:04:59.493]: (0.1, 1.8, 1.1) 17
[20:04:59.510]: (0.1, 1.8, 1.1) 17
[20:04:59.526]: (0.1, 1.8, 1.1) 17
[20:04:59.543]: (0.1, 1.8, 1.1) 17
[20:04:59.560]: (0.1, 1.8, 1.1) 17
[20:04:59.577]: (0.1, 1.8, 1.1) 17
[20:04:59.594]: (0.1, 1.8, 1.1) 17
[20:04:59.611]: (0.1, 1.8, 1.1) 17
[20:04:59.628]: (0.1, 1.8, 1.1) 17
[20:04:59.646]: (0.1, 1.8, 1.1) 17
[20:04:59.814]: (0.1, 1.9, 1.1) 17
[20:04:59.831]: (0.1, 1.9, 1.1) 17
[20:04:59.848]: (0.1, 1.9, 1.1) 17
[20:04:59.864]: (0.1, 1.9, 1.1) 17
[20:04:59.880]: (0.1, 1.9, 1.1) 17
[20:04:59.899]: (0.1, 1.9, 1.1) 17
[20:04:59.922]: (0.1, 1.9, 1.1) 17
[20:04:59.944]: (0.1, 1.9, 1.1) 17
[20:04:59.967]: (0.1, 1.9, 1.1) 17
[20:04:59.988]: (0.1, 1.9, 1.1) 17
[20:05:00.010]: (0.1, 1.9, 1.1) 17
[20:05:00.034]: (0.1, 1.9, 1.1) 17
[20:05:00.055]: (0.1, 1.9, 1.1) 17
[20:05:00.077]: (0.1, 1.9, 1.1) 17
[20:05:00.100]: (0.1, 1.9, 1.1) 17
[20:05:00.122]: (0.1, 1.9, 1.1) 17
[20:05:00.144]: (0.1, 1.9, 1.1) 17
[20:05:00.188]: (0.1, 1.9, 1.1) 17
[20:05:00.617]: (0.1, 1.9, 1.1) 17
[20:05:00.635]: (0.0, 1.8, 0.9) 16
[20:05:00.651]: (0.0, 1.8, 0.9) 16
[20:05:00.667]: (0.0, 1.8, 0.9) 16
[20:05:00.683]: (0.0, 1.8, 0.9) 16
[20:05:00.699]: (0.0, 1.8, 0.9) 16
[20:05:00.721]: (0.0, 1.8, 0.9) 16
[20:05:00.744]: (0.0, 1.7, 0.9) 16
[20:05:00.766]: (0.0, 1.7, 0.9) 16
[20:05:00.788]: (0.0, 1.7, 0.9) 16
[20:05:00.810]: (0.0, 1.7, 0.9) 16
[20:05:00.833]: (0.0, 1.7, 0.9) 16
[20:05:00.855]: (0.0, 1.8, 0.9) 16
[20:05:00.877]: (0.0, 1.7, 0.9) 16
[20:05:00.899]: (0.0, 1.7, 0.9) 16
[20:05:00.922]: (0.0, 1.7, 0.9) 16
[20:05:00.943]: (0.0, 1.7, 1.0) 10
[20:05:00.965]: (0.0, 1.7, 1.0) 10
[20:05:00.989]: (0.0, 1.7, 1.0) 10
[20:05:01.010]: (0.0, 1.7, 1.0) 10
[20:05:01.032]: (0.0, 1.7, 1.0) 10
[20:05:01.055]: (0.0, 1.7, 1.0) 10
[20:05:01.077]: (0.0, 1.7, 1.0) 15
[20:05:01.099]: (0.0, 1.7, 1.0) 15
[20:05:01.121]: (0.0, 1.7, 1.0) 15
[20:05:01.144]: (0.0, 1.7, 1.0) 15
[20:05:01.166]: (0.0, 1.7, 1.0) 15
[20:05:01.187]: (0.0, 1.7, 1.0) 15
[20:05:01.203]: (0.0, 1.7, 1.0) 15
[20:05:01.220]: (0.0, 1.7, 1.0) 15
[20:05:01.237]: (0.0, 1.7, 1.0) 10
[20:05:01.254]: (0.0, 1.7, 0.9) 16
[20:05:01.270]: (0.0, 1.7, 0.9) 16
[20:05:01.286]: (0.0, 1.7, 0.9) 16
[20:05:01.303]: (0.0, 1.7, 0.9) 16
[20:05:01.320]: (0.0, 1.7, 0.9) 16
[20:05:01.336]: (0.0, 1.7, 0.9) 16
[20:05:01.353]: (0.0, 1.7, 0.9) 16
[20:05:01.384]: (0.0, 1.8, 1.0) 10
[20:05:01.400]: (0.0, 1.7, 1.0) 10
[20:05:01.416]: (0.0, 1.7, 1.0) 10
[20:05:01.434]: (0.0, 1.7, 0.9) 16
[20:05:01.451]: (0.0, 1.7, 1.0) 10
[20:05:01.468]: (0.0, 1.7, 1.0) 10
[20:05:01.484]: (0.0, 1.7, 1.0) 10
[20:05:01.502]: (0.0, 1.7, 1.0) 10
[20:05:01.520]: (0.0, 1.7, 1.0) 10
[20:05:01.537]: (0.0, 1.7, 0.9) 16
[20:05:01.554]: (0.0, 1.7, 0.9) 16
[20:05:01.570]: (0.0, 1.7, 0.9) 16
[20:05:01.586]: (0.0, 1.7, 1.0) 10
[20:05:01.603]: (0.0, 1.7, 0.9) 16
[20:05:01.621]: (0.0, 1.8, 1.0) 10
[20:05:01.644]: (0.0, 1.7, 1.0) 10
[20:05:01.666]: (0.0, 1.7, 1.0) 10
[20:05:01.688]: (0.0, 1.7, 1.0) 10
[20:05:01.710]: (0.0, 1.7, 1.0) 10
[20:05:01.732]: (0.0, 1.7, 0.9) 16
[20:05:01.754]: (0.0, 1.7, 0.9) 16
[20:05:01.777]: (0.0, 1.7, 0.9) 16
[20:05:01.800]: (0.0, 1.8, 1.0) 10
[20:05:01.821]: (0.0, 1.7, 0.9) 16
[20:05:01.866]: (0.0, 1.7, 0.9) 16
[20:05:01.888]: (0.1, 1.8, 1.1) 17
[20:05:01.910]: (0.1, 1.8, 1.1) 17
[20:05:01.933]: (0.1, 1.8, 1.1) 17
[20:05:01.955]: (0.0, 1.7, 0.9) 16
[20:05:01.977]: (0.0, 1.7, 0.9) 16
[20:05:01.998]: (0.0, 1.7, 1.0) 10
[20:05:02.022]: (0.0, 1.7, 1.0) 15
[20:05:02.044]: (0.0, 1.7, 1.0) 15
[20:05:02.066]: (0.0, 1.7, 1.0) 10
[20:05:02.104]: (0.0, 1.7, 1.1) 11
[20:05:02.121]: (0.0, 1.7, 1.1) 11
[20:05:02.138]: (0.0, 1.7, 1.1) 11
[20:05:02.155]: (0.0, 1.7, 1.1) 11
[20:05:02.174]: (0.0, 1.7, 1.1) 11
[20:05:02.195]: (0.0, 1.7, 1.1) 11
[20:05:02.216]: (0.0, 1.7, 1.1) 11
[20:05:02.238]: (0.0, 1.7, 1.1) 11
[20:05:02.338]: (-0.1, 1.7, 1.1) 11
[20:05:02.363]: (-0.1, 1.7, 1.1) 11
[20:05:02.383]: (-0.1, 1.7, 1.1) 11
[20:05:02.404]: (-0.1, 1.7, 1.1) 11
[20:05:02.426]: (-0.1, 1.7, 1.1) 11
[20:05:02.449]: (-0.1, 1.7, 1.1) 11
[20:05:02.470]: (-0.2, 1.7, 1.0) 10
[20:05:02.493]: (-0.3, 1.7, 1.0) 15
[20:05:03.000]: (-0.1, 1.7, 1.0) 15
[20:05:03.099]: (-0.1, 1.7, 1.0) 15
[20:05:03.135]: (-0.1, 1.7, 1.0) 15
[20:05:03.168]: (-0.1, 1.7, 1.0) 15
[20:05:03.199]: (-0.1, 1.7, 1.0) 15
[20:05:03.234]: (-0.1, 1.7, 1.0) 15
[20:05:03.266]: (-0.1, 1.7, 1.0) 15
[20:05:03.301]: (-0.1, 1.8, 1.0) 15
[20:05:03.333]: (-0.1, 1.8, 1.0) 15
[20:05:03.367]: (-0.1, 1.8, 1.0) 15
[20:05:03.399]: (-0.1, 1.8, 1.0) 15
[20:05:03.434]: (-0.1, 1.8, 1.0) 15
[20:05:03.457]: (0.0, 1.8, 1.0) 15
[20:05:03.522]: (0.0, 1.7, 1.0) 10
[20:05:03.544]: (0.0, 1.7, 1.0) 10
[20:05:03.568]: (0.0, 1.7, 1.0) 10
[20:05:03.768]: (0.1, 1.7, 1.2) 20
[20:05:03.788]: (0.0, 1.7, 1.2) 20
[20:05:03.812]: (0.0, 1.7, 1.0) 10
[20:05:03.944]: (0.0, 1.7, 1.0) 10
[20:05:03.967]: (0.0, 1.7, 1.0) 10
[20:05:03.990]: (0.0, 1.7, 0.9) 16
[20:05:04.011]: (0.0, 1.7, 0.9) 16
[20:05:04.035]: (0.0, 1.7, 1.0) 10
[20:05:04.055]: (0.0, 1.7, 1.0) 10
[20:05:04.078]: (0.0, 1.7, 0.9) 16
[20:05:04.099]: (0.0, 1.7, 1.0) 10
[20:05:04.121]: (0.1, 1.7, 1.0) 10
[20:05:04.146]: (0.0, 1.7, 1.0) 10
[20:05:04.171]: (0.0, 1.7, 1.0) 15
[20:05:04.196]: (0.0, 1.7, 1.0) 15
[20:05:04.219]: (0.0, 1.7, 1.0) 10
[20:05:04.242]: (0.0, 1.7, 1.0) 10
[20:05:04.263]: (0.0, 1.7, 1.0) 15
[20:05:04.285]: (0.0, 1.7, 1.0) 15
[20:05:04.498]: (0.0, 1.7, 1.0) 10
[20:05:04.523]: (0.0, 1.7, 0.9) 16
[20:05:04.543]: (0.0, 1.7, 1.0) 15
[20:05:04.566]: (0.0, 1.7, 1.0) 10
[20:05:04.587]: (0.0, 1.7, 1.0) 15
[20:05:04.610]: (0.0, 1.7, 1.0) 15
[20:05:04.631]: (0.0, 1.7, 1.0) 15
[20:05:04.654]: (0.0, 1.7, 1.0) 10
[20:05:04.677]: (0.1, 1.8, 1.1) 17
[20:05:04.699]: (0.1, 1.8, 1.1) 17
[20:05:04.719]: (0.1, 1.8, 1.1) 17
[20:05:04.740]: (0.1, 1.8, 1.1) 17
[20:05:04.761]: (0.1, 1.8, 1.1) 17
[20:05:04.782]: (0.1, 1.8, 1.2) 17
[20:05:04.802]: (0.1, 1.8, 1.1) 17
[20:05:04.824]: (0.1, 1.8, 1.2) 17
[20:05:04.846]: (0.1, 1.8, 1.2) 17
[20:05:04.907]: (0.1, 1.7, 0.9) 16
[20:05:05.107]: (0.1, 1.6, 1.1) 12
[20:05:05.147]: (0.1, 1.7, 1.0) 10
[20:05:05.170]: (0.0, 1.7, 1.0) 10
[20:05:05.192]: (0.0, 1.7, 1.0) 10
[20:05:05.274]: (0.1, 1.6, 1.0) 9
[20:05:05.445]: (0.1, 1.6, 1.2) 12
[20:05:05.476]: (0.0, 1.7, 1.0) 10
[20:05:05.509]: (0.0, 1.7, 1.0) 10
[20:05:05.543]: (0.0, 1.7, 1.0) 10
[20:05:05.576]: (0.0, 1.7, 1.0) 10
[20:05:05.609]: (0.0, 1.7, 1.0) 10
[20:05:05.643]: (0.0, 1.7, 1.0) 10
[20:05:05.677]: (0.0, 1.7, 1.0) 10
[20:05:05.709]: (0.0, 1.7, 1.0) 10
[20:05:05.744]: (0.0, 1.7, 1.0) 10
[20:05:06.043]: (0.0, 1.7, 1.0) 10
[20:05:06.066]: (0.0, 1.7, 1.0) 10
[20:05:06.086]: (0.0, 1.7, 1.0) 10
[20:05:06.109]: (0.0, 1.7, 1.0) 10
[20:05:06.131]: (0.0, 1.7, 1.0) 10
[20:05:06.153]: (0.0, 1.7, 1.0) 10
[20:05:06.174]: (0.0, 1.7, 1.0) 10
[20:05:06.353]: (0.0, 1.7, 1.0) 10
[20:05:06.377]: (0.0, 1.7, 1.0) 10
[20:05:06.398]: (0.0, 1.7, 1.0) 10
[20:05:06.421]: (0.0, 1.7, 1.0) 10
[20:05:06.443]: (0.0, 1.7, 1.0) 10
[20:05:06.467]: (0.0, 1.7, 1.0) 10
[20:05:06.488]: (0.0, 1.7, 1.0) 10
[20:05:06.509]: (0.0, 1.7, 1.0) 10
[20:05:06.532]: (0.0, 1.7, 0.9) 16
[20:05:06.553]: (0.0, 1.7, 1.0) 10
[20:05:06.576]: (0.0, 1.7, 1.0) 10
[20:05:06.598]: (0.0, 1.7, 0.9) 16
[20:05:06.619]: (0.0, 1.7, 1.0) 10
[20:05:06.643]: (0.0, 1.7, 1.0) 10
[20:05:06.666]: (0.0, 1.7, 1.0) 10
[20:05:06.690]: (0.0, 1.7, 1.0) 10
[20:05:06.710]: (0.0, 1.8, 1.0) 10
[20:05:06.731]: (0.0, 1.7, 1.0) 15
[20:05:06.753]: (0.0, 1.7, 1.0) 15
[20:05:06.775]: (0.0, 1.8, 1.0) 15
[20:05:06.799]: (0.0, 1.8, 1.0) 15
[20:05:06.821]: (0.0, 1.8, 1.0) 15
[20:05:06.846]: (0.0, 1.8, 1.0) 15
[20:05:06.867]: (0.0, 1.8, 1.0) 15
[20:05:06.890]: (0.0, 1.8, 1.0) 15
[20:05:06.912]: (0.0, 1.8, 1.0) 15
[20:05:06.935]: (-0.1, 1.8, 1.0) 15
[20:05:06.957]: (-0.1, 1.8, 1.0) 15
[20:05:06.979]: (-0.1, 1.8, 1.0) 15
[20:05:07.003]: (-0.1, 1.8, 1.0) 15
[20:05:07.024]: (-0.1, 1.8, 1.0) 15
[20:05:07.045]: (-0.1, 1.7, 1.0) 15
[20:05:07.067]: (-0.1, 1.8, 1.0) 15
[20:05:07.089]: (-0.1, 1.8, 1.0) 15
[20:05:07.111]: (0.0, 1.7, 1.0) 15
[20:05:07.134]: (0.0, 1.7, 1.0) 10
[20:05:07.157]: (0.0, 1.7, 1.0) 10
[20:05:07.180]: (0.0, 1.7, 1.0) 10
[20:05:07.200]: (0.0, 1.7, 1.0) 10
[20:05:07.223]: (0.0, 1.7, 1.0) 10
[20:05:07.244]: (0.0, 1.7, 1.0) 10
[20:05:07.267]: (0.0, 1.7, 1.0) 10
[20:05:07.289]: (0.0, 1.7, 1.0) 10
[20:05:07.310]: (0.0, 1.7, 1.0) 10
[20:05:07.330]: (0.0, 1.7, 1.0) 10
[20:05:07.352]: (0.0, 1.7, 0.9) 16
[20:05:07.372]: (0.0, 1.7, 1.0) 10
[20:05:07.393]: (0.0, 1.7, 0.9) 16
[20:05:07.414]: (0.0, 1.7, 0.9) 16
[20:05:07.436]: (0.0, 1.7, 0.9) 16
[20:05:07.458]: (0.0, 1.7, 0.9) 16
[20:05:07.481]: (0.0, 1.7, 0.9) 16
[20:05:07.504]: (0.0, 1.7, 0.9) 16
[20:05:07.526]: (0.0, 1.7, 0.9) 16
[20:05:07.548]: (0.1, 1.7, 0.9) 16
[20:05:07.570]: (0.1, 1.7, 0.9) 16
[20:05:07.591]: (0.1, 1.7, 0.9) 16
[20:05:07.613]: (0.1, 1.7, 0.9) 16
[20:05:07.635]: (0.1, 1.7, 0.9) 16
[20:05:07.656]: (0.1, 1.7, 0.9) 16
[20:05:07.679]: (0.0, 1.7, 0.9) 16
[20:05:07.855]: (0.0, 1.7, 0.9) 16
[20:05:07.874]: (0.0, 1.7, 0.9) 16
[20:05:07.895]: (0.0, 1.7, 0.9) 16
[20:05:07.915]: (0.0, 1.7, 0.9) 16
[20:05:07.938]: (0.0, 1.7, 0.9) 16
[20:05:07.959]: (0.0, 1.7, 0.9) 16
[20:05:07.981]: (0.0, 1.8, 1.0) 15
[20:05:08.003]: (0.0, 1.7, 1.0) 15
[20:05:08.024]: (0.0, 1.7, 1.0) 15
[20:05:08.045]: (0.0, 1.7, 1.0) 10
[20:05:08.065]: (0.0, 1.7, 1.0) 10
[20:05:08.085]: (0.0, 1.7, 1.0) 10
[20:05:08.110]: (0.0, 1.7, 1.0) 10
[20:05:08.129]: (0.0, 1.7, 1.0) 10
[20:05:08.153]: (0.0, 1.7, 1.0) 10
[20:05:08.174]: (0.0, 1.7, 1.0) 10
[20:05:08.198]: (0.0, 1.7, 1.0) 10
[20:05:08.218]: (0.0, 1.7, 1.0) 10
[20:05:08.241]: (0.0, 1.7, 1.0) 10
[20:05:08.264]: (0.0, 1.7, 1.0) 10
[20:05:08.287]: (0.0, 1.7, 1.0) 10
[20:05:08.307]: (0.0, 1.7, 1.0) 10
[20:05:08.329]: (0.0, 1.7, 0.9) 16
[20:05:08.527]: (0.0, 1.7, 0.9) 16
[20:05:08.548]: (0.0, 1.7, 0.9) 16
[20:05:08.569]: (0.0, 1.7, 0.9) 16
[20:05:08.590]: (0.0, 1.7, 0.9) 16
[20:05:08.614]: (0.0, 1.7, 0.9) 16
[20:05:08.634]: (0.0, 1.7, 0.9) 16
[20:05:08.656]: (0.0, 1.7, 0.9) 16
[20:05:08.678]: (0.0, 1.7, 0.9) 16
[20:05:08.701]: (0.0, 1.7, 1.0) 10
[20:05:08.723]: (0.0, 1.7, 1.0) 10
[20:05:08.745]: (0.0, 1.7, 1.0) 10
[20:05:08.766]: (0.0, 1.7, 1.0) 10
[20:05:08.787]: (0.0, 1.7, 1.0) 10
[20:05:08.807]: (0.0, 1.7, 1.0) 10
[20:05:08.828]: (0.0, 1.7, 1.0) 10
[20:05:08.849]: (0.0, 1.7, 1.0) 10
[20:05:08.871]: (0.0, 1.7, 0.9) 16
[20:05:08.891]: (0.0, 1.7, 0.9) 16
[20:05:08.914]: (0.0, 1.7, 0.9) 16
[20:05:08.937]: (0.0, 1.7, 0.9) 16
[20:05:08.959]: (0.0, 1.7, 1.0) 10
[20:05:08.978]: (0.0, 1.7, 1.0) 10
[20:05:09.000]: (0.0, 1.7, 1.0) 10
[20:05:09.029]: (0.0, 1.7, 1.0) 10
[20:05:09.064]: (0.0, 1.7, 1.0) 10
[20:05:09.098]: (0.0, 1.7, 1.0) 10
[20:05:09.129]: (0.0, 1.7, 1.0) 10
[20:05:09.164]: (0.0, 1.7, 1.0) 10
[20:05:09.197]: (0.0, 1.7, 1.0) 10
[20:05:09.231]: (0.0, 1.7, 1.0) 10
[20:05:09.264]: (0.0, 1.7, 1.0) 10
[20:05:09.296]: (0.0, 1.7, 0.9) 16
[20:05:09.330]: (0.0, 1.7, 0.9) 16
[20:05:09.364]: (0.0, 1.7, 1.0) 10
[20:05:09.563]: (0.0, 1.7, 0.9) 16
[20:05:09.597]: (0.0, 1.7, 0.9) 16
[20:05:09.630]: (0.0, 1.7, 0.9) 16
[20:05:09.663]: (0.0, 1.7, 0.9) 16
[20:05:09.686]: (0.0, 1.7, 0.9) 16
[20:05:09.707]: (0.0, 1.7, 0.9) 16
[20:05:09.729]: (0.0, 1.7, 0.9) 16
[20:05:09.752]: (0.0, 1.7, 0.9) 16
[20:05:09.774]: (0.0, 1.7, 0.9) 16
[20:05:09.797]: (0.0, 1.7, 0.9) 16
[20:05:09.819]: (0.0, 1.7, 0.9) 16
[20:05:09.840]: (0.0, 1.7, 0.9) 16
[20:05:09.863]: (0.0, 1.7, 0.9) 16
[20:05:09.886]: (0.0, 1.7, 0.9) 16
[20:05:09.908]: (0.0, 1.7, 0.9) 16
[20:05:09.929]: (0.0, 1.7, 0.9) 16
[20:05:09.952]: (0.0, 1.7, 0.9) 16
[20:05:09.973]: (0.0, 1.7, 0.9) 16
[20:05:09.997]: (0.0, 1.8, 0.9) 16
[20:05:10.018]: (0.0, 1.8, 0.9) 16
[20:05:10.040]: (0.0, 1.8, 0.9) 16
[20:05:10.063]: (0.0, 1.7, 0.9) 16
[20:05:10.085]: (0.0, 1.7, 0.9) 16
[20:05:10.107]: (0.0, 1.7, 0.9) 16
[20:05:10.130]: (0.0, 1.7, 0.9) 16
[20:05:10.152]: (0.0, 1.7, 0.9) 16
[20:05:10.174]: (0.0, 1.7, 0.9) 16
[20:05:10.196]: (0.0, 1.8, 1.0) 10
[20:05:10.219]: (0.0, 1.8, 1.0) 10
[20:05:10.241]: (0.0, 1.8, 1.0) 10
[20:05:10.262]: (0.0, 1.7, 1.0) 10
[20:05:10.465]: (0.1, 1.7, 1.0) 10
[20:05:10.534]: (0.0, 1.7, 1.0) 10
[20:05:11.002]: (0.1, 1.7, 1.0) 10
[20:05:11.049]: (0.1, 1.7, 1.0) 10
[20:05:11.080]: (0.1, 1.7, 1.0) 10
[20:05:11.097]: (0.1, 1.7, 1.0) 10
[20:05:11.114]: (0.0, 1.7, 1.0) 10
[20:05:11.251]: (0.0, 1.7, 1.0) 15
[20:05:11.418]: (0.0, 1.7, 1.0) 10
[20:05:11.439]: (0.0, 1.7, 1.0) 10
[20:05:11.462]: (0.0, 1.7, 1.0) 15
[20:05:11.484]: (0.0, 1.7, 1.0) 15
[20:05:11.506]: (-0.1, 1.7, 1.0) 15
[20:05:11.529]: (-0.1, 1.7, 1.0) 15
[20:05:11.551]: (-0.1, 1.7, 1.0) 15
[20:05:11.573]: (0.0, 1.7, 1.0) 15
[20:05:11.595]: (0.0, 1.7, 1.0) 15
[20:05:11.618]: (0.0, 1.7, 1.0) 15
[20:05:11.685]: (-0.1, 1.7, 1.0) 15
[20:05:11.706]: (-0.1, 1.7, 1.0) 15
[20:05:11.728]: (-0.1, 1.7, 1.0) 15
[20:05:11.751]: (0.0, 1.7, 1.0) 10
[20:05:11.789]: (0.0, 1.7, 1.2) 20
[20:05:11.805]: (0.0, 1.7, 1.2) 20
[20:05:11.822]: (0.0, 1.6, 1.2) 20
[20:05:11.838]: (0.0, 1.7, 1.2) 20
[20:05:11.855]: (0.0, 1.7, 1.2) 20
[20:05:11.886]: (0.0, 1.7, 1.0) 10
[20:05:11.904]: (0.0, 1.7, 1.0) 10
[20:05:11.921]: (0.0, 1.7, 1.0) 10
[20:05:11.936]: (0.0, 1.7, 1.0) 10
[20:05:11.953]: (0.0, 1.7, 1.0) 10
[20:05:11.969]: (0.0, 1.7, 1.0) 10
[20:05:11.987]: (0.0, 1.7, 1.0) 10
[20:05:12.004]: (0.0, 1.7, 1.0) 10
[20:05:12.021]: (0.0, 1.7, 1.0) 10
[20:05:12.037]: (0.0, 1.7, 1.0) 10
[20:05:12.229]: (0.1, 1.7, 1.1) 12
[20:05:12.340]: (0.1, 1.7, 0.9) 16
[20:05:12.429]: (0.1, 1.7, 1.0) 10
[20:05:12.451]: (0.1, 1.7, 1.0) 10
[20:05:12.473]: (0.1, 1.7, 1.0) 10
[20:05:12.495]: (0.0, 1.7, 1.0) 10
[20:05:12.517]: (0.0, 1.7, 1.0) 10
[20:05:12.540]: (0.0, 1.7, 1.0) 10
[20:05:12.562]: (0.0, 1.7, 1.0) 10
[20:05:12.584]: (0.0, 1.7, 1.0) 10
[20:05:12.607]: (0.0, 1.7, 1.0) 10
[20:05:12.628]: (0.0, 1.7, 1.0) 10
[20:05:12.646]: (0.0, 1.7, 0.9) 16
[20:05:12.663]: (0.0, 1.7, 0.9) 16
[20:05:12.680]: (0.0, 1.7, 0.9) 16
[20:05:12.696]: (0.0, 1.7, 0.9) 16
[20:05:12.712]: (0.0, 1.7, 0.9) 16
[20:05:12.729]: (0.0, 1.7, 0.9) 16
[20:05:12.747]: (0.0, 1.7, 0.9) 16
[20:05:12.763]: (0.0, 1.7, 0.9) 16
[20:05:12.779]: (0.0, 1.7, 0.9) 16
[20:05:12.888]: (0.0, 1.8, 0.9) 16
[20:05:13.564]: (0.2, 2.4, 1.7) 38
[20:05:13.585]: (0.2, 2.3, 1.6) 33
[20:05:13.606]: (0.2, 2.3, 1.6) 33
[20:05:13.628]: (0.2, 2.3, 1.6) 33
[20:05:14.383]: (0.4, 1.7, 1.9) 34
[20:05:14.862]: (0.2, 1.8, 1.9) 35
[20:05:14.879]: (0.1, 1.6, 0.9) 16
[20:05:14.898]: (0.1, 1.5, 0.9) 16
[20:05:14.915]: (0.1, 1.5, 0.9) 16
[20:05:14.994]: (0.1, 1.6, 1.1) 12
[20:05:15.061]: (0.3, 1.6, 1.0) 12
[20:05:15.083]: (0.3, 1.6, 1.0) 12
[20:05:15.106]: (0.3, 1.6, 1.0) 12
[20:05:15.127]: (0.3, 1.6, 1.0) 12
[20:05:15.150]: (0.3, 1.6, 1.0) 12
[20:05:15.172]: (0.3, 1.6, 1.0) 12
[20:05:15.217]: (0.9, 1.7, 1.6) 35
[20:05:15.239]: (0.9, 1.7, 1.5) 31
[20:05:15.262]: (0.9, 1.7, 1.5) 31
[20:05:15.283]: (0.9, 1.7, 1.5) 35
[20:05:16.371]: (0.7, 1.5, 1.6) 35
[20:05:16.391]: (0.7, 1.5, 1.6) 35
[20:05:16.413]: (0.7, 1.4, 1.6) 35
[20:05:16.436]: (0.7, 1.4, 1.6) 35
[20:05:16.459]: (0.7, 1.4, 1.6) 35
[20:05:16.480]: (0.7, 1.4, 1.6) 35
[20:05:16.502]: (0.7, 1.4, 1.5) 31
[20:05:16.524]: (0.7, 1.4, 1.6) 35
[20:05:16.544]: (0.7, 1.4, 1.6) 35
[20:05:16.566]: (0.7, 1.5, 1.6) 35
[20:05:17.161]: (0.0, 1.5, 1.7) 35
[20:05:17.183]: (0.0, 1.5, 1.7) 35
[20:05:18.362]: (0.4, 1.7, 1.4) 37
[20:05:18.384]: (0.4, 1.7, 1.3) 37
[20:05:18.734]: (0.3, 1.6, 1.4) 35
[20:05:18.828]: (0.3, 1.6, 1.4) 35
[20:05:18.850]: (0.3, 1.6, 1.4) 35
[20:05:18.871]: (0.3, 1.6, 1.4) 35
[20:05:18.887]: (0.3, 1.6, 1.4) 35
[20:05:18.905]: (0.3, 1.6, 1.5) 35
[20:05:18.922]: (0.3, 1.6, 1.5) 35
[20:05:18.939]: (0.3, 1.6, 1.5) 35
[20:05:18.956]: (0.3, 1.6, 1.5) 35
[20:05:18.982]: (0.3, 1.6, 1.5) 35
[20:05:19.015]: (0.3, 1.6, 1.5) 35
[20:05:19.282]: (0.2, 1.5, 1.4) 31
[20:05:19.316]: (0.3, 1.6, 1.5) 35
[20:05:19.350]: (0.2, 1.6, 1.5) 35
[20:05:19.382]: (0.3, 1.6, 1.4) 35
[20:05:19.415]: (0.3, 1.6, 1.4) 35
[20:05:19.450]: (0.3, 1.6, 1.4) 35
[20:05:19.484]: (0.2, 1.6, 1.5) 35
[20:05:19.516]: (0.2, 1.6, 1.5) 35
[20:05:20.098]: (0.3, 1.6, 1.4) 35
[20:05:20.124]: (0.3, 1.6, 1.4) 35
[20:05:20.147]: (0.3, 1.6, 1.4) 35
[20:05:20.168]: (0.3, 1.6, 1.4) 35
[20:05:20.190]: (0.3, 1.6, 1.4) 35
[20:05:20.211]: (0.3, 1.6, 1.4) 35
[20:05:20.234]: (0.3, 1.6, 1.4) 35
[20:05:20.254]: (0.3, 1.6, 1.4) 35
[20:05:20.276]: (0.3, 1.6, 1.4) 35
[20:05:20.299]: (0.3, 1.6, 1.4) 35
[20:05:20.322]: (0.3, 1.6, 1.4) 35
[20:05:21.825]: (0.8, 0.9, 0.7) 4
[20:05:21.847]: (0.9, 0.8, 0.8) 0
[20:05:21.870]: (0.8, 0.8, 0.7) 8
[20:05:21.891]: (0.8, 0.8, 0.7) 8
[20:05:21.914]: (0.7, 0.8, 0.8) 8
[20:05:22.059]: (0.6, 1.1, 0.9) 8
[20:05:22.080]: (0.6, 1.1, 1.0) 8
[20:05:22.100]: (0.6, 1.1, 1.0) 8
[20:05:22.120]: (0.6, 1.2, 1.1) 0
[20:05:22.141]: (0.6, 1.2, 1.1) 0
[20:05:22.163]: (0.6, 1.2, 1.1) 0
[20:05:22.209]: (0.5, 1.3, 1.2) 3
[20:05:22.250]: (0.5, 1.4, 1.2) 3
[20:05:22.272]: (0.5, 1.4, 1.2) 3
[20:05:22.294]: (0.5, 1.4, 1.2) 3
[20:05:22.317]: (0.5, 1.4, 1.2) 3
[20:05:22.339]: (0.5, 1.4, 1.2) 3
[20:05:22.802]: (1.7, 1.1, 2.1) 28
[20:05:23.233]: (1.5, 1.1, 1.9) 24
[20:05:23.591]: (1.0, 1.3, 2.5) 28
[20:05:23.612]: (1.0, 1.3, 2.5) 28
[20:05:23.635]: (0.9, 1.3, 2.3) 24
[20:05:23.657]: (0.9, 1.3, 2.3) 24
[20:05:25.063]: (-0.4, 1.1, 1.2) 4
[20:05:25.079]: (-0.4, 1.1, 1.1) 4
[20:05:25.095]: (-0.4, 1.1, 1.1) 4
[20:05:25.111]: (-0.4, 1.1, 1.2) 4
[20:05:25.127]: (-0.4, 1.1, 1.1) 4
[20:05:25.143]: (-0.4, 1.1, 1.2) 4
[20:05:25.160]: (-0.4, 1.1, 1.2) 4
[20:05:25.176]: (-0.4, 1.1, 1.1) 4
[20:05:25.646]: (0.7, 0.9, 2.2) 25
[20:05:25.668]: (0.7, 0.9, 2.2) 25
[20:05:25.688]: (0.7, 0.9, 2.2) 25
[20:05:25.831]: (1.0, 1.1, 2.1) 21
[20:05:25.851]: (1.0, 1.2, 2.1) 21
[20:05:27.002]: (1.1, 1.2, 1.8) 25
[20:05:27.423]: (0.4, 1.1, 2.2) 23
[20:05:27.444]: (0.4, 1.0, 2.2) 23
[20:05:27.467]: (0.3, 1.0, 2.2) 30
[20:05:27.489]: (0.3, 1.1, 2.2) 30
[20:05:27.512]: (0.3, 1.1, 2.1) 26
[20:05:27.533]: (0.3, 1.1, 2.1) 26
[20:05:27.556]: (0.2, 1.1, 2.1) 26
[20:05:27.578]: (0.3, 1.3, 2.0) 24
[20:05:27.740]: (0.4, 1.3, 2.2) 28
[20:05:27.816]: (0.3, 1.4, 2.0) 24
[20:05:28.217]: (0.5, 1.3, 1.9) 25
[20:05:28.433]: (0.7, 1.5, 1.7) 24
[20:05:28.457]: (0.7, 1.5, 1.7) 24
[20:05:29.899]: (0.5, 1.7, 1.4) 24
[20:05:29.920]: (0.5, 1.7, 1.4) 24
[20:05:29.941]: (0.5, 1.7, 1.4) 24
[20:05:29.963]: (0.5, 1.7, 1.4) 24
[20:05:30.242]: (0.5, 1.7, 1.4) 24
[20:05:30.266]: (0.5, 1.7, 1.4) 24
[20:05:30.354]: (0.5, 1.7, 1.4) 24
[20:05:30.376]: (0.5, 1.7, 1.4) 24
[20:05:30.399]: (0.5, 1.7, 1.4) 24
[20:05:30.420]: (0.5, 1.7, 1.4) 24
[20:05:30.443]: (0.4, 1.7, 1.4) 24
[20:05:30.465]: (0.4, 1.7, 1.4) 24
[20:05:30.489]: (0.4, 1.7, 1.4) 24
[20:05:30.505]: (0.4, 1.7, 1.4) 24
[20:05:30.521]: (0.5, 1.7, 1.4) 24
[20:05:30.538]: (0.5, 1.7, 1.4) 24
[20:05:30.554]: (0.5, 1.7, 1.4) 24
[20:05:30.569]: (0.4, 1.7, 1.4) 24
[20:05:30.585]: (0.4, 1.7, 1.4) 24
[20:05:30.604]: (0.4, 1.6, 1.4) 24
[20:05:30.620]: (0.4, 1.6, 1.4) 24
[20:05:30.678]: (0.5, 1.7, 1.5) 25
[20:05:30.698]: (0.5, 1.7, 1.5) 25
[20:05:30.719]: (0.5, 1.7, 1.5) 25
[20:05:30.780]: (0.6, 1.7, 1.4) 25
[20:05:30.823]: (0.6, 1.8, 1.2) 24
[20:05:30.842]: (0.6, 1.8, 1.2) 24
[20:05:30.864]: (0.6, 1.8, 1.2) 24
[20:05:30.886]: (0.6, 1.8, 1.2) 24
[20:05:31.025]: (0.6, 1.8, 1.3) 28
[20:05:31.047]: (0.6, 1.9, 1.3) 28
[20:05:31.067]: (0.5, 1.8, 1.3) 28
[20:05:31.090]: (0.5, 1.9, 1.5) 27
[20:05:31.111]: (0.4, 1.7, 1.2) 21
[20:05:31.387]: (0.4, 1.9, 1.0) 24
[20:05:31.410]: (0.4, 1.9, 1.0) 24
[20:05:31.432]: (0.4, 1.9, 1.0) 24
[20:05:31.528]: (0.4, 1.9, 1.0) 24
[20:05:31.545]: (0.4, 1.9, 1.0) 24
[20:05:31.561]: (0.4, 1.9, 1.0) 24
[20:05:31.578]: (0.4, 1.9, 1.0) 24
[20:05:31.594]: (0.4, 1.9, 1.0) 24
[20:05:31.611]: (0.4, 1.9, 1.0) 24
[20:05:31.626]: (0.4, 1.9, 1.0) 24
[20:05:31.910]: (0.4, 1.9, 1.0) 24
[20:05:31.932]: (0.4, 1.9, 1.0) 24
[20:05:31.954]: (0.4, 1.9, 1.0) 24
[20:05:31.977]: (0.4, 2.0, 1.1) 25
[20:05:32.110]: (0.6, 1.9, 0.9) 21
[20:05:32.135]: (0.5, 2.0, 0.9) 21
[20:05:32.154]: (0.5, 1.9, 0.9) 21
[20:05:32.177]: (0.6, 2.0, 0.9) 22
[20:05:32.199]: (0.6, 2.0, 0.9) 22
[20:05:32.220]: (0.6, 2.0, 0.9) 22
[20:05:32.244]: (0.6, 2.0, 0.9) 28
[20:05:32.267]: (0.6, 2.0, 0.9) 28
[20:05:32.484]: (0.5, 1.9, 1.1) 27
[20:05:32.506]: (0.5, 1.9, 1.1) 27
[20:05:32.527]: (0.4, 1.8, 1.1) 27
[20:05:32.569]: (0.4, 1.8, 1.0) 28
[20:05:33.309]: (0.4, 1.7, 1.2) 27
[20:05:33.326]: (0.4, 1.7, 1.2) 27
[20:05:33.345]: (0.4, 1.7, 1.2) 27
[20:05:33.419]: (0.3, 1.6, 1.0) 21
[20:05:33.441]: (0.3, 1.6, 1.0) 21
[20:05:33.523]: (0.3, 1.6, 1.0) 26
[20:05:33.543]: (0.3, 1.6, 0.9) 26
[20:05:33.565]: (0.3, 1.6, 0.9) 26
[20:05:33.586]: (0.3, 1.6, 0.9) 26
[20:05:33.607]: (0.3, 1.6, 0.9) 26
[20:05:33.628]: (0.3, 1.7, 0.8) 21
[20:05:33.649]: (0.3, 1.7, 0.7) 21
[20:05:33.671]: (0.3, 1.7, 0.8) 21
[20:05:33.693]: (0.4, 1.8, 1.0) 27
[20:05:33.715]: (0.4, 1.7, 0.8) 28
[20:05:33.735]: (0.4, 1.7, 0.8) 28
[20:05:33.758]: (0.4, 1.7, 0.8) 28
[20:05:33.881]: (0.3, 1.7, 0.9) 28
[20:05:33.902]: (0.3, 1.7, 0.9) 28
[20:05:34.242]: (0.1, 1.6, 0.8) 24
[20:05:34.277]: (0.1, 1.6, 0.8) 24
[20:05:34.310]: (0.1, 1.6, 0.8) 24
[20:05:34.343]: (0.1, 1.6, 0.8) 24
[20:05:34.376]: (0.1, 1.6, 0.9) 24
[20:05:34.410]: (0.1, 1.6, 0.9) 24
[20:05:34.442]: (0.1, 1.6, 0.8) 24
[20:05:34.786]: (0.0, 1.6, 0.9) 24
[20:05:34.809]: (0.0, 1.6, 0.8) 24
[20:05:34.852]: (0.0, 1.6, 0.9) 24
[20:05:35.009]: (-0.1, 1.6, 1.0) 25
[20:05:35.030]: (-0.1, 1.6, 1.0) 25
[20:05:35.367]: (-0.1, 1.6, 1.0) 25
[20:05:35.388]: (0.0, 1.6, 1.0) 25
[20:05:35.411]: (0.0, 1.5, 1.0) 25
[20:05:35.435]: (0.0, 1.6, 1.0) 25
[20:05:35.458]: (0.0, 1.6, 0.9) 24
[20:05:35.480]: (0.0, 1.6, 0.9) 24
[20:05:35.503]: (0.0, 1.6, 0.8) 24
[20:05:35.523]: (0.0, 1.6, 0.8) 24
[20:05:35.546]: (0.0, 1.6, 0.8) 24
[20:05:35.590]: (0.2, 1.6, 1.1) 27
[20:05:35.613]: (0.2, 1.7, 1.1) 27
[20:05:35.634]: (0.2, 1.7, 1.1) 27
[20:05:35.656]: (0.2, 1.7, 1.1) 27
[20:05:35.680]: (0.2, 1.6, 1.1) 27
[20:05:35.702]: (0.2, 1.6, 1.1) 27
[20:05:35.723]: (0.2, 1.6, 1.1) 27
[20:05:35.746]: (0.2, 1.6, 1.1) 27
[20:05:35.769]: (0.2, 1.6, 0.9) 28
[20:05:35.790]: (0.2, 1.6, 1.1) 27
[20:05:36.055]: (0.2, 1.6, 0.8) 24
[20:05:36.139]: (0.2, 1.6, 0.8) 24
[20:05:36.163]: (0.3, 1.6, 0.8) 24
[20:05:36.190]: (0.2, 1.6, 0.7) 24
[20:05:36.214]: (0.2, 1.6, 0.7) 24
[20:05:36.240]: (0.2, 1.6, 0.7) 24
[20:05:36.298]: (0.3, 1.7, 0.8) 28
[20:05:36.319]: (0.3, 1.7, 0.8) 28
[20:05:36.339]: (0.4, 1.7, 0.8) 28
[20:05:36.361]: (0.3, 1.7, 0.8) 28
[20:05:36.886]: (0.1, 1.7, 0.9) 28
[20:05:36.919]: (0.2, 1.8, 0.9) 28
[20:05:37.977]: (0.2, 1.8, 0.8) 28
[20:05:38.000]: (0.2, 1.8, 0.8) 28
[20:05:38.023]: (0.2, 1.8, 0.8) 28
[20:05:38.044]: (0.2, 1.8, 0.8) 28
[20:05:38.066]: (0.2, 1.8, 0.8) 28
[20:05:38.088]: (0.2, 1.8, 0.8) 28
[20:05:38.110]: (0.2, 1.8, 0.8) 28
[20:05:38.131]: (0.2, 1.8, 0.8) 28
[20:05:38.155]: (0.2, 1.8, 0.8) 28
[20:05:38.178]: (0.2, 1.8, 0.8) 28
[20:05:38.199]: (0.2, 1.8, 0.8) 28
[20:05:39.479]: (0.1, 1.8, 0.8) 28
[20:05:39.498]: (0.1, 1.8, 0.8) 28
[20:05:39.514]: (0.1, 1.8, 0.8) 28
[20:05:39.531]: (0.1, 1.8, 0.8) 28
[20:05:39.547]: (0.1, 1.8, 0.8) 28
[20:05:39.565]: (0.1, 1.8, 0.8) 28
[20:05:39.580]: (0.1, 1.8, 0.8) 28
[20:05:39.598]: (0.1, 1.8, 0.8) 28
[20:05:39.615]: (0.1, 1.8, 0.8) 28
[20:05:39.632]: (0.2, 1.7, 0.9) 28
[20:05:39.649]: (0.2, 1.7, 0.9) 22
[20:05:39.665]: (0.2, 1.7, 0.9) 22
[20:05:39.685]: (0.2, 1.7, 0.9) 22
[20:05:39.706]: (0.2, 1.7, 0.9) 22
[20:05:39.728]: (0.2, 1.7, 0.9) 22
[20:05:39.821]: (0.2, 1.7, 0.9) 22
[20:05:39.837]: (0.2, 1.7, 0.9) 22
[20:05:39.854]: (0.2, 1.7, 0.9) 22
[20:05:39.871]: (0.2, 1.7, 0.9) 22
[20:05:39.888]: (0.2, 1.7, 0.9) 22
[20:05:39.905]: (0.2, 1.7, 0.9) 22
[20:05:39.928]: (0.2, 1.7, 0.9) 22
[20:05:39.951]: (0.2, 1.7, 0.9) 22
[20:05:39.973]: (0.2, 1.7, 0.9) 22
[20:05:39.995]: (0.2, 1.7, 0.9) 22
[20:05:40.017]: (0.2, 1.7, 0.9) 22
[20:05:40.040]: (0.2, 1.7, 0.9) 22
[20:05:40.062]: (0.2, 1.7, 0.9) 22
[20:05:40.084]: (0.2, 1.7, 0.9) 22
[20:05:40.106]: (0.2, 1.6, 0.9) 22
[20:05:40.128]: (0.2, 1.7, 0.9) 22
[20:05:40.377]: (0.1, 1.7, 1.0) 22
[20:05:40.394]: (0.1, 1.7, 1.0) 22
[20:05:40.410]: (0.1, 1.7, 1.0) 22
[20:05:40.426]: (0.1, 1.7, 1.0) 22
[20:05:40.443]: (0.2, 1.7, 1.1) 27
[20:05:40.460]: (0.2, 1.7, 1.1) 27
[20:05:40.477]: (0.2, 1.7, 0.9) 28
[20:05:40.493]: (0.2, 1.7, 0.9) 22
[20:05:40.510]: (0.2, 1.7, 0.9) 22
[20:05:40.527]: (0.2, 1.7, 0.9) 22
[20:05:40.544]: (0.2, 1.7, 0.9) 22
[20:05:40.560]: (0.2, 1.7, 0.9) 22
[20:05:40.577]: (0.2, 1.7, 0.9) 22
[20:05:40.594]: (0.2, 1.7, 0.9) 22
[20:05:40.611]: (0.2, 1.7, 0.9) 22
[20:05:40.626]: (0.2, 1.7, 0.9) 22
[20:05:40.643]: (0.2, 1.7, 0.9) 22
[20:05:40.661]: (0.2, 1.7, 0.9) 22
[20:05:40.684]: (0.2, 1.7, 0.9) 22
[20:05:40.708]: (0.2, 1.7, 0.9) 22
[20:05:40.728]: (0.2, 1.7, 0.9) 22
[20:05:40.750]: (0.2, 1.7, 0.9) 22
[20:05:40.773]: (0.2, 1.7, 0.9) 22
[20:05:40.795]: (0.2, 1.7, 0.9) 22
[20:05:41.121]: (0.1, 1.7, 0.9) 28
[20:05:41.240]: (0.1, 1.8, 1.1) 27
[20:05:41.446]: (0.1, 1.7, 0.9) 28
[20:05:41.462]: (0.1, 1.7, 0.9) 28
[20:05:41.518]: (0.1, 1.7, 0.9) 28
[20:05:41.539]: (0.1, 1.7, 0.9) 28
[20:05:41.561]: (0.1, 1.7, 0.9) 28
[20:05:41.583]: (0.1, 1.7, 0.9) 28
[20:05:41.605]: (0.1, 1.7, 0.9) 28
[20:05:41.628]: (0.1, 1.7, 0.9) 28
[20:05:42.752]: (0.1, 1.7, 0.9) 28
[20:05:42.769]: (0.1, 1.7, 0.9) 28
[20:05:42.786]: (0.1, 1.7, 0.9) 28
[20:05:42.802]: (0.1, 1.7, 0.9) 28
[20:05:42.818]: (0.1, 1.7, 0.9) 28
[20:05:42.836]: (0.1, 1.7, 0.9) 28
[20:05:42.881]: (0.2, 1.8, 1.1) 27
[20:05:42.914]: (0.1, 1.7, 0.9) 28
[20:05:42.960]: (0.1, 1.7, 0.9) 28
[20:05:42.994]: (0.2, 1.7, 0.9) 22
[20:05:43.009]: (0.2, 1.6, 0.9) 22
[20:05:43.026]: (0.2, 1.6, 0.9) 22
[20:05:43.042]: (0.2, 1.6, 0.9) 22
[20:05:43.058]: (0.2, 1.7, 0.9) 22
[20:05:43.074]: (0.2, 1.7, 0.9) 22
[20:05:43.092]: (0.2, 1.7, 0.9) 22
[20:05:43.110]: (0.2, 1.6, 0.9) 22
[20:05:43.125]: (0.2, 1.7, 0.9) 22
[20:05:43.141]: (0.2, 1.7, 0.9) 22
[20:05:43.160]: (0.2, 1.7, 0.9) 22
[20:05:43.183]: (0.2, 1.7, 0.9) 22
[20:05:43.205]: (0.2, 1.7, 0.9) 22
[20:05:43.227]: (0.2, 1.7, 0.9) 22
[20:05:43.249]: (0.2, 1.7, 0.9) 22
[20:05:43.272]: (0.2, 1.6, 0.9) 22
[20:05:43.293]: (0.2, 1.6, 0.9) 22
[20:05:43.316]: (0.2, 1.6, 0.9) 22
[20:05:43.339]: (0.2, 1.6, 0.9) 22
[20:05:43.361]: (0.1, 1.6, 0.9) 21
[20:05:43.583]: (0.1, 1.6, 0.9) 21
[20:05:43.606]: (0.1, 1.6, 0.9) 21
[20:05:43.627]: (0.1, 1.6, 0.9) 21
[20:05:43.643]: (0.1, 1.6, 0.9) 21
[20:05:43.660]: (0.1, 1.6, 0.9) 21
[20:05:43.678]: (0.2, 1.7, 1.1) 27
[20:05:43.694]: (0.2, 1.7, 1.1) 27
[20:05:43.710]: (0.1, 1.7, 1.1) 27
[20:05:43.726]: (0.1, 1.8, 1.1) 27
[20:05:43.742]: (0.1, 1.8, 1.1) 27
[20:05:43.758]: (0.1, 1.8, 1.1) 27
[20:05:43.775]: (0.1, 1.8, 1.1) 27
[20:05:43.792]: (0.1, 1.8, 1.1) 27
[20:05:43.809]: (0.1, 1.8, 1.1) 27
[20:05:43.825]: (0.1, 1.7, 1.1) 27
[20:05:43.842]: (0.2, 1.7, 0.9) 22
[20:05:43.858]: (0.2, 1.7, 0.9) 22
[20:05:43.874]: (0.2, 1.7, 0.9) 22
[20:05:43.891]: (0.2, 1.7, 0.9) 22
[20:05:43.907]: (0.2, 1.7, 0.9) 22
[20:05:43.924]: (0.2, 1.7, 0.9) 22
[20:05:43.942]: (0.2, 1.7, 0.9) 22
[20:05:43.958]: (0.2, 1.7, 0.9) 22
[20:05:43.975]: (0.2, 1.7, 0.9) 22
[20:05:43.992]: (0.2, 1.7, 0.9) 22
[20:05:44.007]: (0.2, 1.7, 0.9) 22
[20:05:44.023]: (0.1, 1.6, 0.9) 21
[20:05:44.040]: (0.2, 1.6, 0.9) 22
[20:05:44.060]: (0.2, 1.6, 0.9) 22
[20:05:44.083]: (0.2, 1.6, 0.9) 22
[20:05:44.104]: (0.2, 1.6, 0.9) 22
[20:05:44.126]: (0.2, 1.6, 0.9) 22
[20:05:44.149]: (0.2, 1.6, 0.9) 22
[20:05:44.173]: (0.2, 1.6, 0.9) 22
[20:05:44.193]: (0.2, 1.6, 0.9) 22
[20:05:44.216]: (0.2, 1.7, 0.9) 22
[20:05:44.238]: (0.2, 1.7, 0.9) 22
[20:05:44.260]: (0.2, 1.7, 0.9) 22
[20:05:44.282]: (0.2, 1.7, 0.9) 22
[20:05:44.304]: (0.2, 1.6, 0.9) 22
[20:05:44.326]: (0.2, 1.6, 0.9) 22
[20:05:44.350]: (0.2, 1.6, 1.0) 22
[20:05:44.372]: (0.2, 1.6, 1.0) 22
[20:05:44.393]: (0.2, 1.6, 1.0) 22
[20:05:44.415]: (0.2, 1.6, 1.0) 22
[20:05:44.438]: (0.2, 1.6, 1.0) 22
[20:05:44.460]: (0.2, 1.6, 1.0) 22
[20:05:44.482]: (0.2, 1.6, 1.0) 22
[20:05:44.505]: (0.2, 1.6, 1.0) 22
[20:05:44.527]: (0.2, 1.6, 1.0) 22
[20:05:44.544]: (0.2, 1.6, 1.0) 22
[20:05:44.812]: (0.2, 1.6, 0.9) 21
[20:05:44.828]: (0.2, 1.6, 0.9) 21
[20:05:44.846]: (0.2, 1.6, 0.9) 22
[20:05:44.862]: (0.2, 1.7, 0.9) 22
[20:05:44.878]: (0.2, 1.7, 0.9) 22
[20:05:44.895]: (0.2, 1.6, 0.9) 22
[20:05:44.912]: (0.2, 1.6, 0.9) 22
[20:05:44.929]: (0.2, 1.6, 0.9) 22
[20:05:44.947]: (0.2, 1.7, 0.9) 22
[20:05:44.962]: (0.2, 1.7, 0.9) 22
[20:05:44.982]: (0.2, 1.6, 0.9) 22
[20:05:45.004]: (0.2, 1.6, 0.9) 22
[20:05:45.028]: (0.2, 1.6, 0.9) 22
[20:05:45.049]: (0.2, 1.6, 0.9) 22
[20:05:45.071]: (0.2, 1.6, 0.9) 22
[20:05:45.093]: (0.2, 1.6, 0.9) 22
[20:05:45.117]: (0.1, 1.6, 0.9) 21
[20:05:45.138]: (0.1, 1.7, 1.0) 22
[20:05:45.160]: (0.2, 1.6, 1.0) 22
[20:05:45.182]: (0.1, 1.7, 1.0) 22
[20:05:45.204]: (0.2, 1.7, 1.0) 22
[20:05:45.226]: (0.2, 1.7, 1.0) 22
[20:05:45.248]: (0.2, 1.7, 0.9) 22
[20:05:45.271]: (0.2, 1.7, 0.9) 22
[20:05:45.293]: (0.2, 1.7, 0.9) 22
[20:05:45.315]: (0.2, 1.7, 0.9) 22
[20:05:45.338]: (0.2, 1.7, 0.9) 22
[20:05:45.361]: (0.2, 1.7, 0.9) 22
[20:05:45.380]: (0.2, 1.7, 0.9) 22
[20:05:45.395]: (0.2, 1.7, 0.9) 22
[20:05:45.412]: (0.2, 1.7, 0.9) 22
[20:05:45.429]: (0.2, 1.7, 0.9) 22
[20:05:45.446]: (0.2, 1.7, 0.9) 22
[20:05:45.462]: (0.2, 1.7, 0.9) 22
[20:05:45.478]: (0.2, 1.7, 0.9) 22
[20:05:45.494]: (0.2, 1.7, 0.9) 22
[20:05:45.509]: (0.2, 1.7, 0.9) 22
[20:05:45.526]: (0.2, 1.7, 0.9) 22
[20:05:45.543]: (0.2, 1.7, 0.9) 22
[20:05:45.559]: (0.2, 1.7, 0.9) 22
[20:05:45.576]: (0.2, 1.7, 0.9) 22
[20:05:45.592]: (0.2, 1.7, 0.9) 22
[20:05:45.609]: (0.2, 1.7, 0.9) 22
[20:05:45.625]: (0.2, 1.7, 0.9) 22
[20:05:45.641]: (0.2, 1.7, 0.9) 22
[20:05:45.658]: (0.2, 1.7, 0.9) 22
[20:05:45.677]: (0.2, 1.7, 0.9) 22
[20:05:45.693]: (0.2, 1.7, 0.9) 22
[20:05:45.710]: (0.2, 1.7, 0.9) 22
[20:05:45.726]: (0.2, 1.7, 0.9) 22
[20:05:45.743]: (0.2, 1.7, 0.9) 22
[20:05:45.760]: (0.2, 1.7, 0.9) 22
[20:05:45.776]: (0.2, 1.7, 0.9) 22
[20:05:45.793]: (0.2, 1.7, 0.9) 22
[20:05:45.815]: (0.2, 1.7, 0.9) 22
[20:05:45.837]: (0.2, 1.7, 0.9) 22
[20:05:46.126]: (0.1, 1.6, 0.9) 21
[20:05:46.148]: (0.1, 1.6, 0.9) 21
[20:05:46.171]: (0.2, 1.6, 1.0) 22
[20:05:46.193]: (0.2, 1.6, 0.9) 22
[20:05:46.215]: (0.2, 1.6, 0.9) 22
[20:05:46.238]: (0.2, 1.7, 0.9) 22
[20:05:46.259]: (0.2, 1.7, 0.9) 22
[20:05:46.277]: (0.2, 1.7, 0.9) 22
[20:05:46.294]: (0.2, 1.7, 0.9) 22
[20:05:46.311]: (0.2, 1.7, 0.9) 22
[20:05:46.327]: (0.2, 1.6, 1.0) 22
[20:05:46.343]: (0.2, 1.6, 1.0) 22
[20:05:46.359]: (0.2, 1.6, 1.0) 22
[20:05:46.376]: (0.2, 1.6, 1.0) 22
[20:05:46.393]: (0.2, 1.6, 1.0) 22
[20:05:46.409]: (0.2, 1.6, 1.0) 22
[20:05:46.425]: (0.2, 1.6, 1.0) 22
[20:05:46.441]: (0.2, 1.6, 1.0) 22
[20:05:46.458]: (0.2, 1.6, 1.0) 22
[20:05:46.474]: (0.2, 1.6, 1.0) 22
[20:05:46.490]: (0.2, 1.6, 1.0) 22
[20:05:46.507]: (0.2, 1.6, 1.0) 22
[20:05:46.524]: (0.2, 1.6, 1.0) 22
[20:05:46.540]: (0.2, 1.6, 1.0) 22
[20:05:46.558]: (0.2, 1.6, 1.0) 22
[20:05:46.575]: (0.2, 1.6, 1.0) 22
[20:05:46.592]: (0.2, 1.6, 1.0) 22
[20:05:46.608]: (0.2, 1.6, 1.0) 22
[20:05:46.623]: (0.2, 1.6, 1.0) 22
[20:05:46.639]: (0.2, 1.6, 0.9) 22
[20:05:46.657]: (0.2, 1.6, 0.9) 22
[20:05:46.675]: (0.2, 1.6, 0.9) 22
[20:05:46.692]: (0.2, 1.6, 0.9) 22
[20:05:46.715]: (0.2, 1.6, 0.9) 22
[20:05:46.737]: (0.2, 1.7, 0.9) 22
[20:05:46.759]: (0.2, 1.7, 0.9) 22
[20:05:46.782]: (0.2, 1.7, 0.9) 22
[20:05:46.804]: (0.2, 1.7, 0.9) 22
[20:05:46.826]: (0.0, 1.7, 0.8) 24
[20:05:47.070]: (0.2, 1.7, 0.9) 22
[20:05:47.092]: (0.2, 1.7, 0.9) 22
[20:05:47.115]: (0.2, 1.7, 0.9) 22
[20:05:47.136]: (0.2, 1.7, 0.9) 22
[20:05:47.159]: (0.2, 1.7, 0.9) 22
[20:05:47.178]: (0.2, 1.7, 0.9) 22
[20:05:47.194]: (0.2, 1.7, 0.9) 22
[20:05:47.211]: (0.2, 1.7, 0.9) 22
[20:05:47.227]: (0.2, 1.7, 0.9) 22
[20:05:47.245]: (0.2, 1.7, 0.9) 22
[20:05:47.474]: (0.2, 1.6, 0.9) 22
[20:05:47.490]: (0.2, 1.6, 0.9) 22
[20:05:47.507]: (0.2, 1.6, 0.9) 22
[20:05:47.524]: (0.2, 1.6, 0.9) 22
[20:05:47.540]: (0.2, 1.6, 0.9) 22
[20:05:47.557]: (0.2, 1.6, 0.9) 22
[20:05:47.573]: (0.2, 1.6, 0.9) 22
[20:05:47.590]: (0.2, 1.6, 0.9) 22
[20:05:47.607]: (0.2, 1.7, 0.9) 22
[20:05:47.626]: (0.2, 1.7, 0.9) 22
[20:05:47.648]: (0.2, 1.7, 0.9) 22
[20:05:47.670]: (0.2, 1.7, 0.9) 22
[20:05:47.692]: (0.2, 1.7, 0.9) 22
[20:05:47.714]: (0.2, 1.7, 0.9) 22
[20:05:47.938]: (0.2, 1.6, 1.0) 23
[20:05:48.172]: (0.2, 1.5, 0.9) 23
[20:05:48.190]: (0.2, 1.6, 0.9) 23
[20:05:48.206]: (0.2, 1.6, 0.9) 22
[20:05:48.223]: (0.2, 1.6, 0.9) 22
[20:05:48.239]: (0.2, 1.6, 0.9) 22
[20:05:48.257]: (0.2, 1.6, 0.9) 22
[20:05:48.274]: (0.2, 1.6, 0.9) 22
[20:05:48.290]: (0.2, 1.6, 0.9) 22
[20:05:48.307]: (0.2, 1.6, 0.9) 22
[20:05:48.324]: (0.2, 1.7, 0.9) 22
[20:05:48.340]: (0.2, 1.7, 0.9) 22
[20:05:48.357]: (0.2, 1.7, 0.9) 22
[20:05:48.374]: (0.2, 1.7, 0.9) 22
[20:05:48.391]: (0.2, 1.7, 0.9) 22
[20:05:48.408]: (0.2, 1.7, 0.9) 22
[20:05:48.425]: (0.2, 1.6, 0.9) 22
[20:05:48.442]: (0.2, 1.6, 0.9) 22
[20:05:48.458]: (0.2, 1.6, 0.9) 22
[20:05:48.474]: (0.2, 1.6, 0.9) 22
[20:05:48.491]: (0.2, 1.6, 0.9) 22
[20:05:48.514]: (0.2, 1.6, 0.9) 22
[20:05:48.536]: (0.2, 1.6, 0.9) 22
[20:05:48.558]: (0.2, 1.6, 0.9) 22
[20:05:48.582]: (0.2, 1.6, 0.9) 22
[20:05:48.603]: (0.2, 1.6, 1.0) 22
[20:05:48.647]: (0.0, 1.6, 0.8) 24
[20:05:48.669]: (0.0, 1.6, 0.8) 24
[20:05:48.692]: (0.0, 1.6, 0.8) 24
[20:05:48.714]: (0.0, 1.6, 0.8) 24
[20:05:48.736]: (0.0, 1.6, 0.8) 24
[20:05:48.758]: (0.0, 1.6, 0.8) 24
[20:05:48.781]: (0.0, 1.6, 0.8) 24
[20:05:48.803]: (0.0, 1.6, 0.8) 24
[20:05:48.825]: (0.0, 1.6, 0.8) 24
[20:05:48.847]: (0.0, 1.6, 0.8) 24
[20:05:48.869]: (0.0, 1.6, 0.8) 24
[20:05:48.892]: (0.0, 1.6, 0.8) 24
[20:05:48.908]: (0.0, 1.7, 0.8) 24
[20:05:48.926]: (0.0, 1.7, 0.8) 24
[20:05:48.943]: (0.0, 1.7, 0.8) 24
[20:05:48.960]: (0.0, 1.7, 0.8) 24
[20:05:48.977]: (0.0, 1.7, 0.8) 24
[20:05:48.993]: (0.0, 1.7, 0.8) 24
[20:05:49.010]: (0.0, 1.7, 0.8) 24
[20:05:49.027]: (0.0, 1.7, 0.8) 24
[20:05:49.044]: (0.0, 1.7, 0.8) 24
[20:05:49.060]: (0.0, 1.7, 0.8) 24
[20:05:49.078]: (0.0, 1.7, 0.8) 24
[20:05:49.094]: (0.1, 1.7, 1.1) 27
[20:05:49.110]: (0.2, 1.7, 0.9) 22
[20:05:49.126]: (0.2, 1.7, 0.9) 22
[20:05:49.142]: (0.2, 1.7, 0.9) 22
[20:05:49.159]: (0.2, 1.7, 0.9) 22
[20:05:49.176]: (0.2, 1.7, 0.9) 22
[20:05:49.192]: (0.2, 1.7, 0.9) 22
[20:05:49.209]: (0.2, 1.7, 0.9) 22
[20:05:49.226]: (0.2, 1.7, 0.9) 22
[20:05:49.242]: (0.2, 1.7, 0.9) 22
[20:05:49.258]: (0.2, 1.7, 0.9) 22
[20:05:49.274]: (0.2, 1.7, 0.9) 22
[20:05:49.290]: (0.2, 1.7, 0.9) 22
[20:05:49.547]: (0.1, 1.6, 0.9) 21
[20:05:49.569]: (0.1, 1.6, 0.9) 21
[20:05:49.591]: (0.1, 1.6, 0.9) 21
[20:05:49.614]: (0.1, 1.6, 0.9) 21
[20:05:49.635]: (0.1, 1.6, 0.9) 21
[20:05:49.702]: (0.0, 1.7, 0.9) 24
[20:05:49.725]: (0.0, 1.6, 0.8) 24
[20:05:49.748]: (0.0, 1.6, 0.8) 24
[20:05:49.769]: (0.0, 1.6, 0.8) 24
[20:05:49.791]: (0.0, 1.6, 0.8) 24
[20:05:49.810]: (0.0, 1.6, 0.8) 24
[20:05:49.826]: (0.0, 1.6, 0.8) 24
[20:05:49.843]: (0.0, 1.6, 0.8) 24
[20:05:49.858]: (0.0, 1.6, 0.8) 24
[20:05:49.877]: (0.0, 1.6, 0.8) 24
[20:05:49.892]: (0.0, 1.6, 0.8) 24
[20:05:49.908]: (0.0, 1.6, 0.8) 24
[20:05:49.925]: (0.0, 1.6, 0.8) 24
[20:05:49.941]: (-0.1, 1.6, 0.8) 24
[20:05:49.958]: (-0.1, 1.6, 0.8) 24
[20:05:49.974]: (-0.1, 1.6, 0.8) 24
[20:05:49.990]: (-0.1, 1.6, 0.8) 24
[20:05:50.008]: (-0.1, 1.6, 0.8) 24
[20:05:50.027]: (-0.1, 1.6, 0.8) 24
[20:05:50.043]: (-0.1, 1.6, 0.8) 24
[20:05:50.059]: (-0.1, 1.6, 0.8) 24
[20:05:50.075]: (-0.1, 1.6, 0.8) 24
[20:05:50.092]: (-0.1, 1.6, 0.8) 24
[20:05:50.108]: (-0.1, 1.6, 0.8) 24
[20:05:50.125]: (-0.1, 1.6, 0.8) 24
[20:05:50.142]: (0.0, 1.7, 0.8) 24
[20:05:50.188]: (0.1, 1.7, 1.1) 27
[20:05:50.625]: (0.2, 1.6, 1.0) 22
[20:05:50.646]: (0.2, 1.6, 1.0) 22
[20:05:50.669]: (-0.1, 1.6, 1.0) 25
[20:05:51.013]: (0.0, 1.6, 0.9) 21
[20:05:51.030]: (0.1, 1.6, 0.9) 21
[20:05:51.047]: (0.1, 1.6, 0.9) 21
[20:05:51.066]: (0.1, 1.6, 0.9) 21
[20:05:51.084]: (0.1, 1.6, 0.9) 21
[20:05:51.104]: (0.1, 1.6, 0.9) 21
[20:05:51.122]: (0.1, 1.6, 0.9) 21
[20:05:51.138]: (0.1, 1.6, 0.9) 21
[20:05:51.158]: (0.1, 1.6, 0.9) 21
[20:05:51.180]: (0.1, 1.6, 0.9) 21
[20:05:51.202]: (0.1, 1.6, 0.9) 21
[20:05:51.224]: (0.1, 1.6, 0.9) 21
[20:05:51.249]: (0.1, 1.6, 0.9) 21
[20:05:51.269]: (0.1, 1.6, 0.9) 21
[20:05:51.292]: (0.1, 1.6, 0.9) 21
[20:05:51.313]: (0.1, 1.6, 0.9) 21
[20:05:51.336]: (0.1, 1.6, 0.9) 21
[20:05:51.358]: (0.1, 1.6, 0.9) 21
[20:05:51.380]: (0.2, 1.6, 0.9) 22
[20:05:51.402]: (0.2, 1.6, 0.9) 22
[20:05:51.424]: (0.2, 1.6, 0.9) 22
[20:05:51.447]: (0.2, 1.6, 0.9) 22
[20:05:51.469]: (0.2, 1.6, 0.9) 22
[20:05:51.491]: (0.2, 1.6, 0.9) 22
[20:05:51.514]: (0.2, 1.6, 1.0) 22
[20:05:51.757]: (0.2, 1.6, 0.9) 21
[20:05:51.806]: (0.2, 1.6, 1.0) 22
[20:05:52.380]: (0.2, 1.5, 1.0) 26
[20:05:52.446]: (0.1, 1.6, 0.9) 21
[20:05:52.468]: (0.1, 1.6, 0.9) 21
[20:05:52.490]: (0.1, 1.6, 0.9) 21
[20:05:52.508]: (0.1, 1.6, 0.9) 21
[20:05:52.528]: (0.0, 1.6, 0.9) 21
[20:05:52.546]: (0.0, 1.7, 0.8) 24
[20:05:52.562]: (0.0, 1.7, 0.8) 24
[20:05:52.580]: (0.0, 1.7, 0.8) 24
[20:05:52.596]: (0.0, 1.7, 0.8) 24
[20:05:52.612]: (0.0, 1.7, 0.8) 24
[20:05:52.629]: (0.0, 1.7, 0.8) 24
[20:05:52.646]: (0.0, 1.7, 0.8) 24
[20:05:52.662]: (0.0, 1.6, 0.8) 24
[20:05:52.680]: (0.0, 1.6, 0.8) 24
[20:05:52.699]: (0.0, 1.6, 0.8) 24
[20:05:52.715]: (0.0, 1.6, 0.8) 24
[20:05:52.732]: (0.0, 1.6, 0.8) 24
[20:05:52.748]: (0.0, 1.6, 0.8) 24
[20:05:52.765]: (0.0, 1.6, 0.8) 24
[20:05:52.867]: (0.1, 1.6, 0.9) 21
[20:05:52.884]: (0.1, 1.6, 0.9) 21
[20:05:52.900]: (0.1, 1.6, 0.9) 21
[20:05:52.916]: (0.1, 1.6, 0.9) 21
[20:05:52.934]: (0.1, 1.6, 0.9) 21
[20:05:52.958]: (0.1, 1.6, 0.9) 21
[20:05:52.979]: (0.1, 1.6, 0.9) 21
[20:05:53.001]: (0.1, 1.6, 0.9) 21
[20:05:53.024]: (0.1, 1.6, 0.9) 21
[20:05:53.045]: (0.1, 1.6, 0.9) 21
[20:05:53.069]: (0.1, 1.6, 0.9) 21
[20:05:53.090]: (0.0, 1.6, 0.9) 21
[20:05:53.112]: (0.0, 1.6, 0.9) 21
[20:05:53.135]: (0.0, 1.6, 0.8) 24
[20:05:53.156]: (0.0, 1.6, 0.8) 24
[20:05:53.180]: (0.0, 1.6, 0.8) 24
[20:05:53.201]: (0.0, 1.6, 0.8) 24
[20:05:53.223]: (0.0, 1.6, 0.8) 24
[20:05:53.245]: (0.0, 1.6, 0.8) 24
[20:05:53.267]: (0.0, 1.6, 0.8) 24
[20:05:53.290]: (0.0, 1.7, 0.8) 24
[20:05:53.312]: (0.0, 1.7, 0.8) 24
[20:05:53.335]: (0.0, 1.7, 0.8) 24
[20:05:53.379]: (0.1, 1.8, 1.1) 27
[20:05:53.668]: (0.1, 1.8, 1.1) 27
[20:05:53.683]: (0.1, 1.8, 1.1) 27
[20:05:54.523]: (-1.4, 0.9, 0.8) 6
[20:05:54.615]: (-1.4, 1.0, 0.7) 4
[20:05:54.632]: (-1.4, 1.1, 0.8) 4
