[19:53:53.015]: (0.6, 2.0, 2.3) 18
[19:53:53.041]: (0.3, 1.9, 1.4) 15
[19:53:53.062]: (0.3, 1.9, 1.4) 15
[19:53:53.769]: (-0.3, 2.0, 1.5) 9
[19:53:53.787]: (-0.3, 2.0, 1.6) 9
[19:53:54.013]: (-0.2, 1.8, 1.3) 7
[19:53:54.031]: (-0.2, 1.8, 1.3) 7
[19:53:54.066]: (-0.2, 1.8, 1.3) 7
[19:53:54.088]: (-0.2, 1.9, 1.3) 7
[19:53:54.110]: (-0.2, 1.8, 1.3) 7
[19:53:54.155]: (0.0, 1.8, 1.5) 15
[19:53:54.566]: (0.5, 1.9, 2.1) 0
[19:53:56.054]: (1.3, 2.6, 3.0) 20
[19:53:56.076]: (0.9, 2.2, 2.1) 5
[19:53:56.099]: (0.9, 2.2, 2.1) 5
[19:53:56.122]: (1.0, 2.2, 2.1) 5
[19:53:56.143]: (0.9, 2.2, 2.1) 5
[19:53:56.166]: (0.9, 2.2, 2.0) 3
[19:53:56.187]: (0.8, 2.1, 1.9) 0
[19:53:56.211]: (0.8, 2.1, 1.9) 0
[19:53:56.232]: (0.8, 2.1, 1.9) 0
[19:53:56.255]: (0.8, 2.2, 1.9) 0
[19:53:56.323]: (1.3, 2.6, 2.7) 22
[19:53:56.345]: (1.3, 2.6, 2.7) 22
[19:53:56.365]: (1.3, 2.7, 2.7) 22
[19:53:56.387]: (1.3, 2.7, 2.7) 22
[19:53:56.410]: (1.3, 2.7, 2.7) 22
[19:53:56.432]: (1.3, 2.7, 2.7) 22
[19:53:56.493]: (1.3, 2.8, 2.9) 20
[19:53:57.843]: (1.6, 0.1, 2.0) 3
[19:53:58.020]: (2.2, 0.1, 2.6) 23
[19:53:58.065]: (2.2, 0.1, 2.6) 23
[19:53:58.110]: (2.4, 0.1, 2.8) 21
[19:53:59.440]: (1.0, 0.5, 2.6) 16
[19:53:59.471]: (0.4, 0.5, 2.4) 19
[19:53:59.787]: (0.1, 0.5, 1.8) 14
[19:54:00.045]: (0.1, 0.5, 1.8) 14
[19:54:00.093]: (0.1, 0.4, 1.8) 14
[19:54:00.110]: (0.1, 0.5, 1.8) 14
[19:54:00.216]: (0.1, 0.4, 1.8) 14
[19:54:00.252]: (0.1, 0.5, 1.8) 14
[19:54:00.275]: (0.1, 0.5, 1.8) 14
[19:54:00.296]: (0.0, 0.5, 1.6) 8
[19:54:00.316]: (0.0, 0.5, 1.6) 8
[19:54:00.339]: (0.0, 0.5, 1.6) 8
[19:54:00.360]: (0.0, 0.5, 1.6) 8
[19:54:00.381]: (0.0, 0.5, 1.6) 8
[19:54:00.675]: (2.7, 0.8, 3.0) 24
[19:54:00.744]: (2.5, 0.9, 2.9) 21
[19:54:00.942]: (2.7, 1.4, 3.0) 24
[19:54:02.854]: (2.0, 1.5, 3.0) 20
[19:54:02.875]: (2.0, 1.5, 3.0) 20
[19:54:02.995]: (1.9, 1.5, 2.9) 22
[19:54:03.207]: (0.4, 1.7, 2.6) 17
[19:54:03.230]: (0.3, 1.7, 2.6) 17
[19:54:03.430]: (1.7, 1.5, 3.2) 20
[19:54:03.452]: (1.6, 1.5, 3.2) 20
[19:54:03.572]: (1.6, 1.5, 3.2) 20
[19:54:03.588]: (1.6, 1.5, 3.2) 20
[19:54:03.605]: (1.6, 1.5, 3.2) 20
[19:54:03.621]: (1.6, 1.5, 3.2) 20
[19:54:03.699]: (1.6, 1.5, 3.2) 20
[19:54:03.715]: (1.6, 1.5, 3.2) 20
[19:54:03.732]: (1.6, 1.5, 3.2) 20
[19:54:03.750]: (1.6, 1.5, 3.2) 20
[19:54:03.768]: (1.6, 1.5, 3.2) 20
[19:54:03.784]: (1.6, 1.5, 3.2) 20
[19:54:03.800]: (1.6, 1.5, 3.2) 20
[19:54:03.817]: (1.6, 1.5, 3.2) 20
[19:54:03.833]: (1.6, 1.5, 3.2) 20
[19:54:04.196]: (1.7, 1.5, 3.1) 20
[19:54:04.574]: (-0.3, 1.1, 1.6) 8
[19:54:04.590]: (-0.3, 1.1, 1.6) 8
[19:54:04.606]: (-0.3, 1.1, 1.7) 8
[19:54:04.623]: (-0.3, 1.1, 1.7) 8
[19:54:05.141]: (-0.2, 1.2, 1.9) 14
[19:54:05.163]: (-0.1, 1.2, 1.7) 9
[19:54:05.623]: (2.0, 1.4, 3.3) 24
