[19:41:56.667]: (-0.7, -0.6, 0.0) 1
[19:41:56.843]: (-1.8, -2.5, 0.0) 12
[19:41:57.957]: (-2.8, -1.5, 0.0) 9
[19:41:57.988]: (-2.8, -1.5, 0.0) 9
[19:41:58.004]: (-2.7, -1.5, 0.0) 9
[19:41:58.023]: (-2.7, -1.5, 0.0) 9
[19:41:58.039]: (-2.7, -1.5, 0.0) 9
[19:41:58.056]: (-2.7, -1.5, 0.0) 9
[19:41:58.132]: (-2.7, -1.5, 0.0) 9
[19:41:58.165]: (-2.7, -1.5, 0.0) 9
[19:41:58.181]: (-2.7, -1.5, 0.0) 9
[19:41:58.199]: (-2.7, -1.5, 0.0) 9
[19:41:58.220]: (-2.7, -1.5, 0.0) 9
[19:41:58.242]: (-2.8, -1.5, 0.0) 9
[19:41:58.286]: (-2.3, -0.8, 0.0) 5
[19:41:58.308]: (-2.3, -0.8, 0.0) 5
[19:41:58.330]: (-2.3, -0.8, 0.0) 5
[19:41:58.353]: (-2.3, -0.8, 0.0) 5
[19:41:58.374]: (-2.3, -0.9, 0.0) 5
[19:41:58.398]: (-2.3, -0.8, 0.0) 5
[19:41:58.420]: (-2.3, -0.8, 0.0) 5
[19:41:58.442]: (-2.3, -0.8, 0.0) 5
[19:41:58.464]: (-2.3, -0.8, 0.0) 5
[19:41:58.486]: (-2.3, -0.8, 0.0) 5
[19:41:58.508]: (-2.3, -0.8, 0.0) 5
[19:41:58.530]: (-2.3, -0.8, 0.0) 5
[19:41:58.553]: (-2.3, -0.8, 0.0) 5
[19:41:58.775]: (-2.6, -0.8, 0.0) 6
[19:41:58.855]: (-2.6, -0.8, 0.1) 6
[19:41:58.873]: (-2.6, -0.8, 0.1) 6
[19:41:58.889]: (-2.6, -0.8, 0.0) 6
[19:42:04.174]: (-1.0, 0.8, 2.8) 8
[19:42:04.196]: (-1.0, 0.9, 2.8) 8
[19:42:04.850]: (-0.7, 1.7, 3.0) 7
[19:42:04.989]: (-0.6, 2.0, 2.9) 9
[19:42:05.010]: (-0.6, 2.1, 2.9) 9
[19:42:05.049]: (-0.5, 1.9, 2.1) 5
[19:42:05.465]: (-0.4, 1.6, 2.1) 5
[19:42:05.484]: (-0.4, 1.6, 2.1) 5
[19:42:05.506]: (-0.4, 1.6, 2.1) 5
[19:42:05.529]: (-0.4, 1.7, 2.1) 5
[19:42:05.549]: (-0.4, 1.7, 2.1) 5
[19:42:05.575]: (-0.3, 1.6, 2.1) 5
[19:42:05.597]: (-0.4, 1.6, 2.1) 5
[19:42:05.892]: (0.3, 1.0, 2.3) 4
[19:42:05.909]: (0.3, 0.9, 2.3) 4
[19:42:05.927]: (0.3, 0.9, 2.2) 3
[19:42:06.006]: (0.3, 0.9, 2.2) 3
[19:42:06.037]: (0.3, 0.9, 2.3) 4
[19:42:06.054]: (0.3, 0.9, 2.2) 3
[19:42:06.072]: (0.3, 1.0, 2.3) 4
[19:42:06.089]: (0.3, 1.0, 2.3) 4
[19:42:06.105]: (0.3, 1.0, 2.3) 4
[19:42:06.122]: (0.3, 1.0, 2.3) 4
[19:42:06.138]: (0.3, 1.0, 2.3) 4
[19:42:06.156]: (0.3, 1.0, 2.3) 4
[19:42:06.175]: (0.3, 1.0, 2.3) 4
[19:42:06.192]: (0.3, 1.0, 2.3) 4
[19:42:06.208]: (0.3, 1.0, 2.3) 4
[19:42:06.224]: (0.3, 1.0, 2.3) 4
[19:42:06.239]: (0.3, 1.0, 2.3) 4
[19:42:06.361]: (-0.1, 1.6, 3.0) 7
[19:42:06.539]: (-0.1, 1.6, 3.0) 7
[19:42:06.583]: (0.3, 1.0, 2.3) 4
[19:42:06.606]: (0.3, 1.0, 2.3) 4
[19:42:06.627]: (0.3, 1.0, 2.3) 4
[19:42:06.650]: (0.3, 1.0, 2.3) 4
[19:42:06.672]: (0.3, 1.0, 2.3) 4
[19:42:06.695]: (0.3, 1.0, 2.3) 4
[19:42:06.717]: (0.3, 1.0, 2.3) 4
[19:42:06.738]: (0.3, 1.0, 2.3) 4
[19:42:08.981]: (0.4, 0.8, 1.1) 1
[19:42:09.004]: (0.4, 0.7, 1.1) 1
[19:42:09.049]: (0.4, 0.8, 1.1) 1
[19:42:09.072]: (0.4, 0.8, 1.1) 1
[19:42:09.093]: (0.4, 0.8, 1.1) 1
[19:42:09.115]: (0.4, 0.8, 1.1) 1
[19:42:09.138]: (0.4, 0.8, 1.1) 1
[19:42:09.161]: (0.4, 0.8, 1.2) 1
[19:42:09.330]: (0.4, 0.8, 1.1) 1
[19:42:09.480]: (0.4, 0.7, 1.1) 1
[19:42:09.496]: (0.4, 0.7, 1.1) 1
[19:42:09.513]: (0.4, 0.7, 1.1) 1
[19:42:09.529]: (0.4, 0.7, 1.1) 1
[19:42:09.546]: (0.4, 0.7, 1.1) 1
[19:42:09.748]: (0.5, 0.6, 1.2) 0
[19:42:09.773]: (0.5, 0.6, 1.2) 0
[19:42:09.793]: (0.5, 0.6, 1.2) 0
[19:42:09.815]: (0.5, 0.6, 1.2) 0
[19:42:09.837]: (0.5, 0.6, 1.2) 0
[19:42:09.859]: (0.5, 0.6, 1.2) 0
[19:42:09.882]: (0.5, 0.6, 1.2) 0
[19:42:09.904]: (0.5, 0.6, 1.2) 0
[19:42:09.926]: (0.5, 0.6, 1.2) 0
[19:42:09.949]: (0.5, 0.6, 1.2) 0
[19:42:09.971]: (0.5, 0.6, 1.2) 0
[19:42:09.993]: (0.5, 0.6, 1.3) 0
[19:42:10.014]: (0.5, 0.6, 1.2) 0
[19:42:10.224]: (0.5, 0.6, 1.3) 0
[19:42:10.255]: (0.5, 0.6, 1.3) 0
[19:42:10.272]: (0.5, 0.6, 1.3) 0
[19:42:10.289]: (0.5, 0.6, 1.2) 0
[19:42:10.305]: (0.5, 0.6, 1.2) 0
[19:42:10.321]: (0.5, 0.6, 1.2) 0
[19:42:10.336]: (0.5, 0.6, 1.2) 0
[19:42:10.352]: (0.5, 0.6, 1.2) 0
[19:42:10.581]: (-0.4, 1.6, 2.1) 5
[19:42:10.626]: (-0.4, 1.7, 2.1) 5
[19:42:10.648]: (-0.3, 1.7, 2.1) 5
[19:42:10.670]: (-0.4, 1.6, 2.1) 5
[19:42:10.692]: (-0.4, 1.7, 2.1) 5
[19:42:10.715]: (-0.3, 1.7, 2.1) 5
[19:42:10.737]: (-0.3, 1.7, 2.1) 5
[19:42:10.759]: (-0.3, 1.7, 2.1) 5
[19:42:11.157]: (-0.3, 1.7, 3.0) 9
[19:42:11.175]: (-0.3, 1.7, 3.0) 9
[19:42:11.192]: (-0.3, 1.7, 3.0) 9
[19:42:11.210]: (-0.3, 1.7, 3.0) 9
[19:42:11.226]: (-0.3, 1.7, 3.0) 9
[19:42:11.245]: (-0.3, 1.7, 3.0) 9
[19:42:12.126]: (-0.5, 1.2, 3.0) 7
[19:42:12.159]: (-0.4, 1.2, 3.0) 7
[19:42:14.214]: (-0.8, 2.5, 2.8) 12
[19:42:15.637]: (0.2, 1.4, 2.7) 8
[19:42:15.659]: (0.2, 1.4, 2.7) 8
[19:42:15.682]: (0.2, 1.4, 2.7) 8
[19:42:15.704]: (0.2, 1.4, 2.7) 8
[19:42:16.772]: (0.7, 1.5, 2.8) 9
[19:42:17.455]: (0.1, 1.3, 2.6) 8
[19:42:17.979]: (0.6, 1.3, 2.3) 8
[19:42:17.999]: (0.6, 1.3, 2.3) 8
[19:42:18.079]: (0.8, 1.3, 2.5) 7
[19:42:18.099]: (0.8, 1.3, 2.5) 7
[19:42:19.412]: (0.1, -0.1, 1.5) 5
[19:42:19.434]: (0.1, -0.1, 1.5) 5
[19:42:19.702]: (0.8, 0.1, 2.3) 9
[19:42:19.723]: (0.8, 0.2, 2.4) 9
[19:42:21.300]: (0.4, 1.7, 0.7) 1
[19:42:21.321]: (0.4, 1.7, 0.7) 1
[19:42:21.411]: (0.6, 2.0, 0.8) 0
[19:42:21.724]: (0.6, 1.9, 0.8) 0
[19:42:22.707]: (0.8, 1.6, 1.5) 3
[19:42:22.925]: (0.8, 2.1, 1.4) 4
[19:42:22.948]: (0.8, 2.1, 1.4) 4
[19:42:22.969]: (0.7, 2.1, 1.3) 3
[19:42:22.994]: (0.7, 2.1, 1.3) 3
[19:42:23.019]: (0.7, 2.1, 1.3) 3
[19:42:23.042]: (0.7, 2.1, 1.3) 3
[19:42:23.403]: (0.5, 2.1, 1.3) 3
[19:42:23.434]: (0.5, 2.1, 1.4) 3
[19:42:23.501]: (0.6, 2.1, 1.5) 4
[19:42:24.143]: (-0.6, 1.9, 0.9) 2
[19:42:26.059]: (-0.2, 0.1, 2.5) 11
[19:42:26.664]: (-0.1, -0.1, 1.3) 0
[19:42:26.819]: (-0.2, -0.2, 1.3) 0
[19:42:26.842]: (-0.2, -0.1, 1.3) 0
[19:42:26.858]: (-0.2, -0.1, 1.3) 0
[19:42:26.890]: (-0.2, -0.2, 1.3) 0
[19:42:26.906]: (-0.1, -0.1, 1.3) 0
[19:42:26.923]: (-0.2, -0.1, 1.3) 0
[19:42:26.939]: (-0.2, -0.1, 1.3) 0
[19:42:27.076]: (0.8, -0.2, 1.8) 4
[19:42:27.497]: (1.2, -0.2, 2.7) 12
[19:42:32.546]: (1.9, -0.4, 2.0) 7
[19:42:32.773]: (2.0, -0.3, 2.0) 9
[19:42:33.226]: (1.7, 0.9, 2.7) 7
[19:42:33.247]: (1.5, 0.9, 2.6) 8
[19:42:33.268]: (1.5, 1.0, 2.6) 8
[19:42:33.290]: (1.5, 1.0, 2.6) 8
[19:42:33.778]: (1.8, 2.0, 2.2) 8
[19:42:37.981]: (1.4, 1.9, 1.8) 3
[19:42:38.892]: (0.7, 1.2, 1.6) 2
[19:42:38.909]: (0.7, 1.2, 1.6) 2
[19:42:38.926]: (0.7, 1.2, 1.6) 2
[19:42:38.944]: (0.7, 1.2, 1.6) 2
[19:42:38.961]: (0.7, 1.2, 1.6) 2
[19:42:38.986]: (0.7, 1.2, 1.6) 2
[19:42:39.006]: (0.7, 1.2, 1.6) 2
[19:42:39.024]: (0.7, 1.2, 1.6) 2
[19:42:39.042]: (0.7, 1.2, 1.6) 2
[19:42:39.059]: (0.7, 1.2, 1.6) 2
[19:42:39.076]: (0.7, 1.2, 1.6) 2
[19:42:39.094]: (0.7, 1.2, 1.6) 2
[19:42:39.112]: (0.7, 1.2, 1.6) 2
[19:42:39.129]: (0.7, 1.2, 1.6) 2
[19:42:39.146]: (0.7, 1.2, 1.6) 2
[19:42:39.163]: (0.7, 1.2, 1.6) 2
[19:42:39.183]: (0.7, 1.2, 1.6) 2
[19:42:39.201]: (0.7, 1.2, 1.6) 2
[19:42:39.217]: (0.7, 1.2, 1.6) 2
[19:42:39.238]: (0.7, 1.2, 1.6) 2
[19:42:39.260]: (0.7, 1.2, 1.6) 2
[19:42:39.283]: (0.7, 1.2, 1.6) 2
[19:42:39.305]: (0.7, 1.2, 1.6) 2
[19:42:39.326]: (0.7, 1.2, 1.6) 2
[19:42:39.348]: (0.7, 1.2, 1.6) 2
[19:42:39.371]: (0.7, 1.2, 1.6) 2
[19:42:39.393]: (0.7, 1.2, 1.6) 2
[19:42:39.416]: (0.7, 1.2, 1.6) 2
[19:42:39.439]: (0.7, 1.2, 1.6) 2
[19:42:39.461]: (0.7, 1.2, 1.6) 2
[19:42:39.483]: (0.7, 1.2, 1.6) 2
[19:42:39.504]: (0.7, 1.2, 1.6) 2
[19:42:39.527]: (0.7, 1.2, 1.6) 2
[19:42:39.549]: (0.7, 1.2, 1.6) 2
[19:42:39.570]: (0.7, 1.2, 1.6) 2
[19:42:39.654]: (2.2, 2.7, 1.8) 7
[19:42:40.052]: (1.9, 2.4, 2.2) 7
[19:42:40.143]: (1.8, 2.4, 2.2) 9
[19:42:40.169]: (1.8, 2.4, 2.2) 9
[19:42:44.657]: (0.9, 1.6, 2.2) 7
[19:42:44.679]: (0.9, 1.6, 2.2) 7
[19:42:44.703]: (0.9, 1.6, 2.2) 7
[19:42:47.431]: (0.5, 1.4, 2.1) 8
[19:42:47.639]: (0.5, 0.8, 1.6) 5
[19:42:47.683]: (0.5, 0.8, 1.7) 5
[19:42:47.700]: (0.5, 0.8, 1.7) 5
[19:42:47.717]: (0.4, 0.8, 1.7) 5
[19:42:47.740]: (0.4, 0.8, 1.7) 5
[19:42:47.758]: (0.4, 0.8, 1.7) 5
[19:42:47.775]: (0.4, 0.8, 1.7) 5
[19:42:47.791]: (0.5, 0.8, 1.7) 5
