[15:33:11.092]: (-0.1, 0.3, 2.6) 6
[15:33:11.119]: (-0.1, 0.3, 2.7) 1
[15:33:11.144]: (0.0, 0.3, 2.7) 4
[15:33:11.169]: (0.0, 0.4, 2.7) 4
[15:33:11.295]: (0.2, 0.9, 2.7) 4
[15:33:11.338]: (0.3, 1.2, 2.7) 6
[15:33:11.360]: (0.3, 1.3, 2.6) 6
[15:33:11.383]: (0.3, 1.3, 2.7) 6
[15:33:11.408]: (0.3, 1.4, 2.7) 1
[15:33:11.434]: (0.4, 1.5, 2.7) 4
[15:33:11.456]: (0.3, 1.7, 2.9) 3
[15:33:11.525]: (0.4, 2.1, 2.5) 8
[15:33:11.756]: (0.6, 2.4, 2.3) 4
[15:33:11.778]: (0.6, 2.4, 2.3) 4
[15:33:11.822]: (0.6, 2.5, 2.1) 6
[15:33:11.848]: (0.7, 2.5, 2.1) 6
[15:33:11.871]: (0.7, 2.6, 2.1) 6
[15:33:11.894]: (0.7, 2.6, 2.1) 6
[15:33:11.917]: (0.7, 2.6, 2.1) 6
[15:33:11.940]: (0.7, 2.6, 2.2) 5
[15:33:12.004]: (0.6, 2.7, 2.1) 6
[15:33:12.048]: (0.5, 2.9, 2.3) 3
[15:33:12.077]: (0.5, 2.9, 2.3) 3
[15:33:12.114]: (0.5, 2.9, 2.3) 3
[15:33:12.147]: (0.5, 2.9, 2.3) 3
[15:33:12.179]: (0.5, 2.9, 2.3) 3
[15:33:12.216]: (0.5, 2.9, 2.3) 3
[15:33:12.245]: (0.5, 2.9, 2.3) 3
[15:33:12.273]: (0.6, 2.9, 2.3) 3
[15:33:12.378]: (1.0, 1.8, 1.4) 11
[15:33:12.407]: (1.0, 1.8, 1.4) 11
[15:33:12.507]: (1.1, 1.8, 1.4) 13
[15:33:12.540]: (1.1, 1.7, 1.4) 13
[15:33:12.573]: (1.1, 1.7, 1.4) 13
[15:33:12.773]: (1.0, 1.8, 1.4) 11
[15:33:12.796]: (1.0, 1.8, 1.3) 17
[15:33:12.976]: (1.2, 2.0, 1.1) 11
[15:33:13.376]: (1.1, 2.2, 0.9) 17
[15:33:13.511]: (0.9, 2.8, 1.9) 4
[15:33:13.533]: (0.9, 2.8, 1.9) 4
[15:33:13.558]: (0.9, 2.8, 1.9) 4
[15:33:13.580]: (0.9, 2.8, 1.9) 4
[15:33:13.603]: (0.8, 2.8, 1.9) 4
[15:33:13.665]: (0.8, 3.1, 2.0) 3
[15:33:13.714]: (0.9, 3.1, 2.0) 3
[15:33:13.735]: (0.9, 3.1, 2.0) 3
[15:33:13.759]: (0.9, 3.1, 2.0) 3
[15:33:13.848]: (0.8, 3.0, 1.9) 2
[15:33:14.215]: (0.6, 2.1, 1.6) 15
[15:33:14.259]: (0.6, 2.1, 1.6) 15
[15:33:14.578]: (0.9, 1.9, 1.8) 18
[15:33:14.643]: (0.9, 1.9, 1.8) 18
[15:33:14.676]: (0.9, 1.9, 1.8) 18
[15:33:14.710]: (0.9, 2.0, 1.8) 18
[15:33:14.743]: (0.9, 2.0, 1.8) 18
[15:33:14.776]: (0.9, 2.0, 1.8) 18
[15:33:15.073]: (0.7, 3.2, 1.8) 1
[15:33:15.139]: (0.6, 3.3, 1.6) 8
[15:33:15.172]: (0.6, 3.3, 1.6) 8
[15:33:15.239]: (0.7, 3.2, 1.7) 2
[15:33:15.273]: (0.7, 3.1, 1.7) 6
[15:33:15.307]: (0.7, 3.0, 1.7) 6
[15:33:15.328]: (0.7, 3.0, 1.7) 6
[15:33:15.350]: (0.6, 3.1, 1.7) 6
[15:33:15.372]: (0.6, 3.1, 1.8) 1
[15:33:15.394]: (0.6, 3.1, 1.8) 1
[15:33:15.529]: (0.6, 3.3, 1.9) 3
[15:33:15.552]: (0.6, 3.3, 1.9) 3
[15:33:15.639]: (0.6, 3.1, 1.8) 4
[15:33:15.661]: (0.6, 3.1, 1.8) 4
[15:33:15.684]: (0.6, 3.1, 1.8) 4
[15:33:15.705]: (0.6, 3.1, 1.8) 4
[15:33:15.729]: (0.6, 3.1, 1.8) 4
[15:33:15.751]: (0.6, 3.1, 1.8) 4
[15:33:15.774]: (0.6, 3.1, 1.8) 4
[15:33:16.220]: (0.6, 3.2, 1.7) 8
[15:33:16.242]: (0.6, 3.2, 1.7) 8
[15:33:16.286]: (0.6, 3.1, 1.8) 1
[15:33:16.309]: (0.6, 3.1, 1.8) 1
[15:33:16.331]: (0.7, 3.1, 1.8) 1
[15:33:16.487]: (0.6, 3.0, 1.8) 4
[15:33:16.510]: (0.6, 3.0, 1.8) 4
[15:33:16.531]: (0.6, 3.0, 1.8) 4
[15:33:16.860]: (1.0, 2.0, 1.6) 12
[15:33:16.878]: (1.0, 1.9, 1.7) 12
[15:33:16.896]: (1.0, 1.9, 1.7) 12
[15:33:16.919]: (1.0, 1.9, 1.7) 12
[15:33:16.938]: (1.0, 1.9, 1.7) 12
[15:33:17.040]: (1.1, 1.9, 1.8) 18
[15:33:17.061]: (1.1, 1.9, 1.8) 18
[15:33:17.327]: (1.0, 1.9, 1.6) 12
[15:33:17.351]: (1.1, 1.9, 1.7) 18
[15:33:17.372]: (1.0, 1.9, 1.6) 12
[15:33:17.393]: (1.0, 1.9, 1.6) 12
[15:33:17.416]: (1.0, 1.9, 1.6) 12
[15:33:17.438]: (1.0, 1.9, 1.6) 12
[15:33:17.460]: (1.0, 1.9, 1.6) 12
[15:33:17.479]: (1.0, 1.9, 1.6) 12
[15:33:17.497]: (1.0, 1.9, 1.6) 12
[15:33:17.517]: (1.0, 1.9, 1.7) 12
[15:33:17.538]: (1.0, 1.9, 1.7) 12
[15:33:17.558]: (1.0, 1.9, 1.7) 12
[15:33:17.576]: (1.0, 1.9, 1.7) 12
[15:33:17.596]: (1.0, 1.9, 1.7) 12
[15:33:17.614]: (1.0, 1.9, 1.7) 12
[15:33:17.634]: (1.0, 1.9, 1.7) 12
[15:33:17.652]: (1.1, 1.9, 1.7) 18
[15:33:17.671]: (1.1, 1.9, 1.7) 18
[15:33:17.689]: (1.1, 1.9, 1.7) 18
[15:33:17.714]: (1.0, 1.9, 1.7) 12
[15:33:17.734]: (1.0, 1.9, 1.7) 12
[15:33:17.753]: (1.1, 1.9, 1.7) 18
[15:33:17.771]: (1.1, 1.9, 1.7) 18
[15:33:17.789]: (1.1, 1.9, 1.8) 18
[15:33:17.807]: (1.1, 1.9, 1.8) 18
