[15:34:45.335]: (0.7, -1.6, 2.3) 59
[15:34:45.387]: (0.9, -1.5, 2.4) 59
[15:34:45.686]: (0.3, 0.3, 2.6) 8
[15:34:45.735]: (0.3, 0.4, 2.8) 7
[15:34:45.759]: (0.4, 0.5, 2.8) 7
[15:34:45.781]: (0.4, 0.6, 2.8) 7
[15:34:45.996]: (0.3, 0.9, 4.3) 10
[15:34:46.096]: (0.3, 1.2, 4.3) 17
[15:34:46.136]: (0.3, 1.2, 4.3) 17
[15:34:46.161]: (0.4, 1.3, 4.3) 17
[15:34:46.261]: (0.5, 1.7, 4.1) 18
[15:34:46.395]: (0.6, 1.8, 4.2) 17
[15:34:46.428]: (0.7, 1.8, 4.2) 17
[15:34:46.849]: (1.7, 1.7, 1.0) 30
[15:34:46.874]: (1.8, 1.7, 1.0) 30
[15:34:46.898]: (2.0, 1.7, 1.1) 21
[15:34:46.919]: (1.7, 1.7, 1.0) 30
[15:34:46.944]: (1.7, 1.7, 1.1) 30
[15:34:46.965]: (2.0, 1.7, 1.3) 31
[15:34:46.986]: (1.8, 1.7, 1.2) 29
[15:34:47.050]: (1.7, 1.7, 1.2) 29
[15:34:47.072]: (1.7, 1.7, 1.3) 29
[15:34:47.116]: (1.7, 1.7, 1.3) 29
[15:34:47.185]: (1.7, 1.8, 1.6) 31
[15:34:47.208]: (1.5, 1.8, 1.3) 30
[15:34:47.250]: (1.4, 1.8, 1.3) 30
[15:34:47.272]: (1.4, 1.8, 1.3) 30
[15:34:47.294]: (1.5, 1.8, 1.3) 30
[15:34:47.315]: (1.5, 1.8, 1.3) 30
[15:34:47.362]: (1.9, 2.2, 2.4) 57
[15:34:47.382]: (1.9, 2.2, 2.4) 57
[15:34:47.404]: (1.9, 2.3, 2.4) 57
[15:34:47.428]: (1.9, 2.3, 2.5) 57
[15:34:48.083]: (0.7, 2.4, 2.7) 42
[15:34:48.106]: (0.7, 2.4, 2.7) 42
[15:34:48.236]: (0.2, 2.4, 2.5) 5
[15:34:48.255]: (0.0, 2.5, 2.5) 2
[15:34:48.555]: (-0.2, 2.4, 2.4) 8
[15:34:48.578]: (-0.1, 2.4, 2.4) 8
[15:34:48.601]: (-0.1, 2.4, 2.4) 8
[15:34:48.623]: (-0.1, 2.4, 2.4) 8
[15:34:48.645]: (-0.1, 2.4, 2.4) 8
[15:34:48.666]: (-0.1, 2.4, 2.4) 8
[15:34:48.689]: (-0.1, 2.4, 2.4) 8
[15:34:48.706]: (-0.1, 2.4, 2.4) 8
[15:34:48.726]: (-0.1, 2.4, 2.4) 8
[15:34:48.743]: (-0.1, 2.5, 2.5) 8
[15:34:48.761]: (0.2, 3.2, 4.3) 52
[15:34:48.974]: (0.5, 2.5, 2.3) 8
[15:34:48.997]: (0.5, 2.6, 2.3) 8
[15:34:49.020]: (1.2, 3.4, 3.9) 53
[15:34:49.446]: (0.8, 3.1, 3.5) 14
[15:34:49.690]: (1.0, 2.5, 1.9) 6
[15:34:49.710]: (1.1, 2.5, 2.0) 6
[15:34:49.731]: (1.1, 2.6, 2.1) 5
[15:34:50.105]: (0.7, 3.0, 2.1) 0
[15:34:50.125]: (0.6, 2.9, 1.9) 6
[15:34:50.311]: (0.7, 2.8, 2.1) 2
[15:34:50.333]: (0.7, 2.8, 2.1) 2
[15:34:50.355]: (0.7, 2.8, 2.1) 2
[15:34:50.378]: (0.7, 2.9, 2.2) 0
[15:34:50.820]: (0.4, 3.1, 1.9) 8
[15:34:50.841]: (0.4, 3.2, 1.9) 2
[15:34:50.868]: (0.3, 3.2, 1.9) 1
[15:34:50.892]: (0.3, 3.1, 1.9) 1
[15:34:50.916]: (0.3, 3.2, 1.9) 4
[15:34:51.045]: (0.4, 3.1, 1.9) 5
[15:34:51.062]: (0.3, 3.0, 1.8) 6
[15:34:51.080]: (0.3, 3.0, 1.8) 6
[15:34:51.099]: (0.4, 3.0, 1.8) 6
[15:34:51.115]: (0.4, 3.0, 1.8) 6
[15:34:51.133]: (0.4, 3.0, 1.8) 6
[15:34:51.149]: (0.4, 3.0, 1.8) 6
[15:34:51.167]: (0.4, 3.0, 1.8) 6
[15:34:51.183]: (0.4, 3.0, 1.8) 6
[15:34:51.201]: (0.4, 3.0, 1.8) 6
[15:34:51.217]: (0.4, 3.0, 1.8) 6
[15:34:51.234]: (0.4, 3.1, 1.9) 1
[15:34:51.252]: (0.4, 3.1, 1.9) 1
[15:34:51.269]: (0.4, 3.1, 1.9) 1
[15:34:51.285]: (0.4, 3.1, 1.9) 1
[15:34:51.303]: (0.4, 3.1, 1.9) 1
[15:34:51.322]: (0.4, 3.1, 1.9) 1
[15:34:51.344]: (0.4, 3.1, 1.9) 1
[15:34:51.366]: (0.4, 3.1, 1.9) 1
[15:34:51.388]: (0.4, 3.1, 1.9) 1
[15:34:51.410]: (0.4, 3.1, 1.9) 1
[15:34:51.433]: (0.4, 3.1, 1.9) 1
[15:34:51.456]: (0.4, 3.1, 1.9) 1
[15:34:51.478]: (0.4, 3.1, 1.9) 1
[15:34:51.525]: (0.4, 3.0, 1.8) 6
[15:34:51.548]: (0.4, 3.0, 1.8) 6
[15:34:51.569]: (0.4, 3.0, 1.8) 6
[15:34:51.659]: (0.5, 3.1, 1.9) 5
[15:34:51.849]: (1.6, 4.1, 3.2) 51
[15:34:51.972]: (2.0, 3.7, 3.3) 46
[15:34:51.994]: (1.0, 2.6, 2.0) 4
[15:34:52.017]: (1.1, 2.6, 2.0) 1
[15:34:52.040]: (1.1, 2.6, 2.0) 1
[15:34:52.062]: (1.1, 2.5, 2.0) 1
[15:34:52.083]: (1.1, 2.5, 2.0) 1
[15:34:52.106]: (1.2, 2.5, 2.0) 1
[15:34:52.130]: (1.2, 2.5, 2.0) 1
[15:34:52.151]: (1.1, 2.5, 2.0) 1
[15:34:52.172]: (1.2, 2.5, 2.0) 1
[15:34:52.197]: (1.2, 2.5, 2.0) 1
[15:34:52.217]: (1.2, 2.5, 1.9) 4
[15:34:52.240]: (1.2, 2.6, 1.9) 4
[15:34:52.262]: (1.3, 2.7, 2.1) 3
[15:34:52.286]: (2.1, 3.3, 3.3) 49
[15:34:54.006]: (1.3, 2.5, 1.9) 1
[15:34:54.268]: (-0.1, 2.3, 3.2) 60
[15:34:54.357]: (-0.1, 2.2, 3.1) 62
[15:34:54.375]: (-0.1, 2.2, 3.1) 62
[15:34:54.392]: (0.0, 2.3, 3.2) 56
[15:34:54.409]: (0.0, 2.3, 3.2) 56
[15:34:54.426]: (-0.2, 1.9, 2.1) 29
[15:34:54.445]: (-0.2, 2.0, 2.3) 31
[15:34:54.462]: (-0.1, 2.2, 3.2) 62
[15:34:54.478]: (-0.2, 1.9, 2.1) 29
[15:34:54.495]: (-0.1, 2.2, 3.1) 62
[15:34:54.512]: (-0.1, 2.2, 3.1) 62
[15:34:54.529]: (-0.1, 2.2, 3.1) 62
[15:34:54.598]: (-0.2, 1.8, 2.2) 26
[15:34:54.616]: (-0.2, 1.8, 2.2) 26
[15:34:54.634]: (-0.2, 1.8, 2.2) 26
[15:34:54.653]: (-0.2, 1.8, 2.2) 26
[15:34:54.676]: (-0.2, 1.8, 2.2) 26
[15:34:54.698]: (-0.1, 1.8, 2.2) 26
[15:34:54.868]: (0.1, 1.9, 2.3) 27
[15:34:55.223]: (1.0, 2.7, 2.7) 57
[15:34:56.131]: (1.0, 3.0, 2.6) 62
[15:34:56.156]: (0.7, 2.5, 1.9) 31
[15:34:56.220]: (0.6, 2.3, 1.9) 21
[15:34:56.242]: (0.6, 2.4, 1.9) 21
[15:34:56.668]: (0.5, 2.4, 1.8) 26
[15:34:56.713]: (0.5, 2.4, 1.9) 20
[15:34:56.734]: (0.5, 2.4, 1.9) 20
[15:34:56.756]: (0.5, 2.4, 1.9) 20
[15:34:56.779]: (0.5, 2.4, 1.9) 20
[15:34:56.801]: (0.5, 2.4, 1.9) 26
[15:34:56.823]: (0.5, 2.4, 1.9) 20
[15:34:56.915]: (0.5, 2.4, 1.9) 20
[15:34:57.031]: (0.5, 2.4, 1.9) 20
[15:34:57.048]: (0.4, 2.4, 1.9) 26
[15:34:57.065]: (0.4, 2.4, 1.9) 26
[15:34:57.082]: (0.4, 2.4, 1.9) 26
[15:34:57.101]: (0.4, 2.4, 1.9) 26
[15:34:57.118]: (0.4, 2.4, 1.9) 26
[15:34:57.135]: (0.4, 2.4, 1.9) 26
[15:34:57.153]: (0.4, 2.4, 1.9) 26
[15:34:57.171]: (0.4, 2.4, 1.9) 26
[15:34:57.188]: (0.4, 2.4, 1.9) 26
[15:34:57.206]: (0.4, 2.4, 1.9) 26
[15:34:57.223]: (0.4, 2.4, 1.9) 26
[15:34:57.240]: (0.4, 2.4, 1.9) 26
[15:34:57.257]: (0.4, 2.4, 1.9) 26
[15:34:57.275]: (0.4, 2.4, 1.9) 26
[15:34:57.291]: (0.4, 2.4, 1.9) 26
[15:34:57.309]: (0.4, 2.4, 1.9) 26
[15:34:57.324]: (0.4, 2.4, 1.9) 26
[15:34:57.340]: (0.4, 2.4, 1.9) 26
[15:34:57.357]: (0.4, 2.4, 1.9) 26
[15:34:57.375]: (0.4, 2.4, 1.9) 26
[15:34:57.391]: (0.4, 2.4, 1.9) 26
[15:34:57.410]: (0.4, 2.4, 1.9) 26
[15:34:57.427]: (0.4, 2.4, 1.9) 26
[15:34:57.445]: (0.4, 2.4, 1.9) 26
[15:34:57.462]: (0.4, 2.4, 1.9) 26
[15:34:57.480]: (0.4, 2.4, 1.9) 26
[15:34:57.498]: (0.4, 2.4, 1.9) 26
[15:34:57.564]: (0.6, 2.4, 1.9) 21
[15:34:57.586]: (0.6, 2.4, 1.9) 21
[15:34:57.608]: (0.6, 2.4, 1.9) 21
[15:34:57.630]: (0.6, 2.4, 1.9) 21
[15:34:57.653]: (0.6, 2.4, 1.9) 21
[15:34:57.675]: (0.6, 2.4, 1.9) 21
[15:34:57.698]: (0.6, 2.4, 1.9) 21
[15:34:57.720]: (0.6, 2.4, 1.9) 21
[15:34:57.742]: (0.6, 2.4, 1.9) 21
[15:34:57.764]: (0.6, 2.4, 1.9) 21
[15:34:57.786]: (0.6, 2.4, 1.9) 21
[15:34:57.810]: (0.6, 2.4, 1.9) 21
[15:34:57.831]: (0.6, 2.4, 1.9) 21
[15:34:57.853]: (0.6, 2.4, 1.9) 21
[15:34:57.876]: (0.6, 2.4, 1.9) 21
[15:34:57.896]: (0.6, 2.4, 1.9) 21
[15:34:57.920]: (0.6, 2.4, 1.9) 21
[15:34:57.941]: (0.6, 2.4, 1.9) 21
[15:34:57.958]: (0.6, 2.3, 1.9) 21
[15:34:57.975]: (0.6, 2.4, 1.9) 21
[15:34:57.992]: (0.6, 2.3, 1.9) 21
[15:34:58.009]: (0.6, 2.3, 1.9) 21
[15:34:58.026]: (0.6, 2.4, 1.9) 21
[15:34:58.045]: (0.6, 2.4, 1.9) 21
[15:34:58.061]: (0.6, 2.4, 1.9) 21
[15:34:58.079]: (0.6, 2.4, 1.9) 21
[15:34:58.097]: (0.6, 2.4, 1.9) 21
[15:34:58.114]: (0.6, 2.4, 1.9) 21
[15:34:58.132]: (0.6, 2.4, 1.9) 21
[15:34:58.151]: (0.6, 2.4, 1.9) 21
[15:34:58.169]: (0.6, 2.4, 1.9) 21
[15:34:58.187]: (0.6, 2.4, 1.9) 21
[15:34:58.205]: (0.6, 2.4, 1.9) 21
[15:34:58.222]: (0.6, 2.4, 1.9) 21
[15:34:58.239]: (0.6, 2.4, 1.9) 21
[15:34:58.257]: (0.6, 2.4, 1.9) 21
[15:34:58.273]: (0.6, 2.4, 1.9) 21
[15:34:58.290]: (0.6, 2.4, 1.9) 21
[15:34:58.309]: (0.6, 2.4, 1.9) 21
[15:34:58.325]: (0.6, 2.4, 1.9) 21
[15:34:58.903]: (1.6, 3.0, 2.5) 59
[15:34:58.919]: (0.8, 2.3, 1.7) 24
[15:34:58.937]: (0.8, 2.4, 1.9) 19
[15:34:59.067]: (0.9, 2.4, 1.9) 19
[15:34:59.087]: (0.9, 2.4, 1.9) 19
[15:34:59.107]: (0.9, 2.4, 1.9) 19
[15:34:59.126]: (0.8, 2.4, 1.9) 19
[15:34:59.142]: (0.8, 2.4, 1.9) 19
[15:34:59.159]: (0.8, 2.4, 1.9) 19
[15:34:59.178]: (0.8, 2.4, 1.9) 19
[15:34:59.195]: (0.8, 2.4, 1.9) 19
[15:34:59.243]: (0.7, 2.3, 1.7) 22
[15:34:59.261]: (0.7, 2.5, 1.9) 31
[15:34:59.293]: (0.5, 2.4, 1.9) 20
[15:34:59.311]: (0.5, 2.4, 1.9) 26
[15:34:59.330]: (0.5, 2.4, 1.8) 26
[15:34:59.348]: (0.5, 2.4, 1.9) 26
[15:34:59.367]: (0.5, 2.4, 1.9) 20
[15:34:59.386]: (0.5, 2.4, 1.9) 20
[15:34:59.409]: (0.5, 2.4, 1.9) 20
[15:34:59.453]: (0.5, 2.3, 1.9) 20
[15:34:59.498]: (0.6, 2.4, 1.9) 21
[15:34:59.520]: (0.5, 2.5, 1.8) 26
[15:34:59.697]: (0.6, 2.4, 1.9) 21
[15:34:59.718]: (0.6, 2.3, 1.9) 21
[15:34:59.742]: (0.6, 2.3, 1.9) 21
[15:34:59.763]: (0.6, 2.3, 1.9) 21
[15:34:59.782]: (0.6, 2.3, 1.9) 21
[15:34:59.799]: (0.6, 2.3, 1.9) 21
[15:34:59.816]: (0.7, 2.5, 1.9) 31
[15:34:59.833]: (0.6, 2.4, 1.7) 29
[15:34:59.850]: (0.6, 2.4, 1.7) 29
[15:34:59.868]: (0.6, 2.4, 1.7) 29
[15:34:59.887]: (0.6, 2.4, 1.7) 29
[15:34:59.905]: (0.7, 2.5, 1.9) 31
[15:34:59.925]: (0.7, 2.5, 1.9) 31
[15:34:59.947]: (0.6, 2.4, 1.7) 29
[15:35:00.574]: (0.5, 2.4, 1.8) 26
[15:35:00.597]: (0.5, 2.4, 1.8) 26
[15:35:00.639]: (0.5, 2.5, 1.8) 26
