[15:22:54.593]: (-0.7, -0.2, 2.5) 6
[15:22:54.657]: (-0.7, 0.0, 2.5) 7
[15:22:54.768]: (-0.6, -0.1, 3.3) 13
[15:22:54.789]: (-0.8, -0.4, 4.6) 31
[15:22:54.924]: (-0.5, 0.4, 2.7) 10
[15:22:55.304]: (0.2, 1.5, 4.6) 25
[15:22:55.325]: (0.3, 1.7, 5.6) 33
[15:22:55.776]: (1.1, 2.8, 2.9) 18
[15:22:55.839]: (0.4, 2.1, 1.4) 41
[15:22:55.861]: (0.4, 2.1, 1.4) 41
[15:22:55.884]: (0.4, 2.2, 1.4) 41
[15:22:55.904]: (0.4, 2.1, 1.4) 41
[15:22:55.928]: (0.4, 2.2, 1.4) 41
[15:22:55.950]: (0.4, 2.2, 1.4) 41
[15:22:56.157]: (0.4, 2.2, 1.4) 41
[15:22:56.223]: (0.5, 2.2, 1.4) 41
[15:22:56.245]: (0.5, 2.2, 1.4) 41
[15:22:56.267]: (0.5, 2.2, 1.4) 41
[15:22:56.289]: (0.5, 2.2, 1.4) 41
[15:22:56.312]: (0.4, 2.2, 1.4) 41
[15:22:56.334]: (0.4, 2.2, 1.4) 41
[15:22:56.358]: (0.4, 2.2, 1.4) 41
[15:22:56.380]: (0.5, 2.2, 1.4) 41
[15:22:56.403]: (0.5, 2.2, 1.4) 41
[15:22:56.425]: (0.5, 2.2, 1.4) 41
[15:22:56.447]: (0.5, 2.2, 1.4) 41
[15:22:56.470]: (0.5, 2.2, 1.4) 41
[15:22:56.579]: (0.3, 3.3, 2.8) 12
[15:22:56.662]: (0.3, 3.2, 2.9) 12
[15:22:56.705]: (0.3, 3.2, 2.8) 12
[15:22:56.728]: (0.3, 3.2, 2.8) 12
[15:22:56.791]: (0.4, 3.2, 2.9) 12
[15:22:56.811]: (0.4, 3.2, 2.9) 12
[15:22:57.046]: (0.9, 2.4, 2.9) 13
[15:22:57.211]: (0.9, 2.4, 3.0) 13
[15:22:57.247]: (0.9, 2.4, 3.0) 13
[15:22:57.277]: (0.9, 2.3, 3.0) 13
[15:22:57.689]: (0.5, 2.3, 1.3) 41
[15:22:57.755]: (0.6, 2.3, 1.3) 41
[15:22:58.221]: (0.9, 1.8, 1.0) 1
[15:22:58.374]: (1.0, 1.7, 1.0) 1
[15:22:58.396]: (0.9, 1.7, 1.0) 1
[15:22:58.419]: (0.9, 1.7, 1.0) 1
[15:22:58.443]: (0.9, 1.7, 1.0) 1
[15:22:58.465]: (0.9, 1.7, 1.0) 1
[15:22:58.843]: (0.9, 1.7, 0.8) 2
[15:22:59.751]: (1.0, 1.7, 1.0) 1
[15:22:59.769]: (1.0, 1.7, 1.0) 1
[15:22:59.786]: (1.0, 1.7, 1.0) 1
[15:22:59.803]: (1.0, 1.7, 1.0) 1
[15:22:59.819]: (1.0, 1.7, 1.0) 1
[15:22:59.836]: (1.0, 1.7, 1.0) 1
[15:22:59.853]: (1.0, 1.7, 1.0) 1
[15:22:59.870]: (1.0, 1.7, 1.0) 1
[15:22:59.888]: (1.0, 1.7, 1.0) 1
[15:22:59.906]: (1.0, 1.7, 1.0) 1
[15:22:59.923]: (1.0, 1.7, 1.0) 1
[15:22:59.939]: (1.0, 1.7, 1.0) 1
[15:22:59.957]: (1.0, 1.7, 1.0) 1
[15:22:59.973]: (1.0, 1.7, 1.0) 1
[15:23:00.262]: (0.9, 1.7, 0.7) 2
[15:23:00.284]: (0.9, 1.7, 0.7) 2
[15:23:00.306]: (0.9, 1.6, 0.7) 2
[15:23:00.351]: (0.9, 1.7, 0.7) 2
[15:23:00.373]: (0.9, 1.6, 0.8) 2
[15:23:00.395]: (0.9, 1.6, 0.8) 2
[15:23:00.417]: (0.9, 1.6, 0.7) 2
[15:23:00.440]: (0.9, 1.6, 0.7) 2
[15:23:00.461]: (0.9, 1.6, 0.7) 2
[15:23:00.485]: (0.9, 1.6, 0.7) 2
[15:23:00.506]: (0.9, 1.6, 0.8) 2
[15:23:00.528]: (0.9, 1.6, 0.8) 2
[15:23:00.551]: (0.9, 1.6, 0.7) 2
[15:23:00.572]: (0.9, 1.6, 0.7) 2
[15:23:00.743]: (0.9, 1.6, 0.8) 2
[15:23:00.977]: (0.9, 1.7, 0.8) 2
[15:23:01.680]: (0.9, 1.7, 1.0) 1
[15:23:02.006]: (0.9, 2.1, 2.3) 8
[15:23:02.030]: (0.6, 1.9, 1.6) 41
[15:23:02.053]: (0.6, 1.9, 1.6) 41
[15:23:02.184]: (0.9, 2.1, 2.4) 6
[15:23:02.317]: (0.1, 2.1, 2.7) 9
[15:23:02.362]: (0.1, 2.0, 2.5) 10
[15:23:02.436]: (0.2, 2.5, 4.4) 25
[15:23:02.469]: (0.2, 2.6, 4.3) 24
[15:23:02.485]: (0.3, 2.6, 4.3) 24
[15:23:02.502]: (0.3, 2.6, 4.3) 26
[15:23:02.519]: (0.0, 2.1, 2.5) 10
[15:23:02.535]: (0.3, 2.6, 4.3) 26
[15:23:02.673]: (0.2, 2.6, 4.3) 24
[15:23:02.689]: (0.1, 2.0, 2.5) 10
[15:23:02.708]: (0.1, 2.0, 2.5) 10
[15:23:02.727]: (0.1, 2.1, 2.7) 9
[15:23:02.743]: (0.1, 2.1, 2.8) 9
[15:23:02.825]: (0.1, 2.0, 2.5) 10
[15:23:02.847]: (0.1, 2.0, 2.5) 10
[15:23:02.868]: (0.1, 2.0, 2.5) 10
[15:23:02.892]: (0.1, 2.0, 2.5) 10
[15:23:02.995]: (0.2, 2.0, 2.7) 11
[15:23:03.017]: (0.2, 2.0, 2.7) 11
[15:23:03.037]: (0.2, 2.0, 2.7) 11
[15:23:03.083]: (0.4, 2.1, 3.3) 12
[15:23:03.108]: (0.3, 2.2, 3.4) 12
[15:23:03.130]: (0.3, 2.2, 3.4) 12
[15:23:03.151]: (0.5, 2.5, 4.7) 30
[15:23:03.210]: (0.5, 2.0, 3.2) 13
[15:23:03.275]: (0.4, 2.0, 3.2) 13
[15:23:03.300]: (0.4, 2.0, 3.2) 13
[15:23:03.321]: (0.4, 2.0, 3.2) 13
[15:23:03.345]: (0.4, 2.0, 3.2) 13
[15:23:03.371]: (0.4, 2.0, 3.2) 13
[15:23:03.395]: (0.4, 2.0, 3.2) 13
[15:23:03.420]: (0.4, 2.0, 3.2) 13
[15:23:03.443]: (0.4, 2.0, 3.2) 13
[15:23:03.775]: (0.6, 1.9, 1.5) 41
[15:23:03.798]: (0.6, 1.9, 1.5) 41
[15:23:03.842]: (0.7, 2.0, 1.6) 40
[15:23:03.863]: (0.7, 2.0, 1.6) 40
[15:23:03.886]: (0.7, 2.0, 1.6) 40
[15:23:03.908]: (0.7, 2.0, 1.6) 40
[15:23:03.931]: (0.7, 1.9, 1.6) 40
[15:23:04.099]: (0.7, 1.9, 1.6) 40
[15:23:04.564]: (0.7, 1.8, 0.8) 2
[15:23:04.600]: (1.5, 2.1, 1.2) 5
[15:23:04.633]: (1.5, 2.1, 1.2) 5
[15:23:04.667]: (1.5, 2.1, 1.3) 5
[15:23:04.939]: (1.4, 2.1, 1.4) 5
[15:23:04.964]: (1.4, 2.1, 1.4) 5
[15:23:05.004]: (1.4, 2.1, 1.4) 5
[15:23:05.027]: (1.4, 2.1, 1.4) 5
[15:23:05.051]: (1.4, 2.1, 1.4) 5
[15:23:05.071]: (1.4, 2.1, 1.4) 5
[15:23:05.095]: (1.3, 2.1, 1.4) 5
[15:23:05.117]: (1.3, 2.1, 1.4) 5
[15:23:05.249]: (1.4, 2.1, 1.4) 5
[15:23:05.272]: (1.4, 2.1, 1.4) 5
[15:23:05.294]: (1.3, 2.0, 1.4) 5
[15:23:05.316]: (1.3, 2.1, 1.4) 5
[15:23:05.338]: (1.3, 2.1, 1.4) 5
[15:23:05.361]: (1.3, 2.1, 1.4) 5
[15:23:05.383]: (1.3, 2.1, 1.4) 5
[15:23:05.405]: (1.3, 2.1, 1.4) 5
[15:23:05.519]: (1.3, 2.1, 1.4) 5
[15:23:05.541]: (1.3, 2.1, 1.4) 5
[15:23:05.587]: (0.9, 1.9, 1.1) 0
[15:23:05.764]: (0.9, 1.9, 1.1) 0
[15:23:05.809]: (0.9, 1.9, 1.1) 0
[15:23:05.831]: (0.6, 1.8, 0.9) 2
[15:23:06.238]: (0.6, 1.8, 1.2) 1
[15:23:06.255]: (1.6, 2.6, 2.9) 36
[15:23:06.273]: (0.6, 1.8, 1.2) 1
[15:23:06.537]: (0.6, 1.7, 0.9) 2
[15:23:06.560]: (0.6, 1.7, 0.9) 2
[15:23:06.581]: (0.6, 1.7, 0.9) 2
[15:23:06.603]: (0.6, 1.7, 0.9) 2
[15:23:06.628]: (0.6, 1.7, 0.9) 2
[15:23:06.648]: (0.6, 1.7, 0.9) 2
[15:23:06.671]: (0.6, 1.7, 0.9) 2
[15:23:07.526]: (0.4, 2.0, 2.5) 6
[15:23:07.813]: (0.2, 1.8, 1.7) 41
[15:23:07.831]: (0.4, 2.0, 2.5) 8
[15:23:07.850]: (0.4, 2.0, 2.5) 8
[15:23:08.085]: (0.2, 1.8, 1.7) 41
[15:23:08.768]: (0.2, 1.8, 1.7) 41
[15:23:08.784]: (0.2, 1.8, 1.7) 41
[15:23:08.801]: (0.2, 1.8, 1.7) 41
[15:23:08.817]: (0.2, 1.8, 1.7) 41
[15:23:08.835]: (0.2, 1.8, 1.7) 41
[15:23:08.851]: (0.2, 1.8, 1.7) 41
[15:23:08.868]: (0.2, 1.8, 1.7) 41
[15:23:08.885]: (0.2, 1.8, 1.7) 41
[15:23:08.901]: (0.2, 1.8, 1.7) 41
[15:23:08.919]: (0.2, 1.8, 1.7) 41
[15:23:08.938]: (0.4, 2.1, 2.5) 8
[15:23:08.956]: (0.4, 2.1, 2.5) 8
[15:23:08.973]: (0.4, 2.1, 2.5) 8
[15:23:08.990]: (0.4, 2.1, 2.5) 8
[15:23:09.006]: (0.4, 2.1, 2.5) 8
[15:23:09.023]: (0.4, 2.1, 2.5) 8
[15:23:09.041]: (0.4, 2.1, 2.5) 8
[15:23:09.059]: (0.4, 2.1, 2.5) 8
[15:23:09.080]: (0.4, 2.1, 2.5) 8
[15:23:09.103]: (0.4, 2.1, 2.5) 8
[15:23:09.126]: (0.4, 2.1, 2.5) 8
[15:23:09.147]: (0.4, 2.1, 2.5) 8
[15:23:09.170]: (0.4, 2.1, 2.5) 8
[15:23:09.303]: (0.2, 1.8, 1.6) 41
[15:23:09.324]: (0.2, 1.8, 1.6) 41
[15:23:09.348]: (0.3, 1.8, 1.6) 41
[15:23:09.369]: (0.3, 1.8, 1.6) 41
[15:23:09.394]: (0.3, 1.8, 1.6) 41
[15:23:09.415]: (0.3, 1.8, 1.6) 41
[15:23:09.437]: (0.3, 1.8, 1.6) 41
[15:23:09.461]: (0.3, 1.8, 1.6) 41
[15:23:09.481]: (0.3, 1.9, 1.7) 41
[15:23:09.499]: (0.3, 1.9, 1.6) 41
[15:23:09.516]: (0.3, 1.9, 1.7) 41
[15:23:09.534]: (0.3, 1.9, 1.7) 41
[15:23:09.551]: (0.2, 1.9, 1.6) 41
[15:23:09.569]: (0.3, 1.9, 1.6) 41
[15:23:09.585]: (0.3, 1.9, 1.7) 41
[15:23:09.602]: (0.3, 1.9, 1.7) 41
[15:23:09.620]: (0.3, 1.9, 1.7) 41
[15:23:09.638]: (0.3, 1.9, 1.7) 41
[15:23:09.655]: (0.3, 1.9, 1.7) 41
[15:23:09.672]: (0.8, 2.4, 3.5) 17
[15:23:09.690]: (0.9, 2.4, 3.5) 17
[15:23:09.736]: (0.5, 1.9, 1.2) 1
[15:23:09.781]: (0.5, 1.8, 1.2) 1
[15:23:09.846]: (0.5, 1.8, 1.2) 1
[15:23:09.865]: (0.6, 1.8, 1.2) 1
[15:23:09.884]: (0.6, 1.8, 1.2) 1
[15:23:09.901]: (0.6, 1.9, 1.2) 1
[15:23:09.918]: (0.6, 1.9, 1.2) 1
[15:23:09.936]: (0.6, 1.8, 1.2) 1
[15:23:10.091]: (0.5, 1.8, 1.2) 1
[15:23:10.114]: (0.5, 1.9, 1.2) 1
[15:23:10.135]: (0.5, 1.8, 1.2) 1
[15:23:10.160]: (0.5, 1.9, 1.2) 1
[15:23:10.182]: (0.5, 1.9, 1.2) 1
[15:23:10.203]: (0.5, 1.9, 1.2) 1
[15:23:10.249]: (1.6, 2.5, 3.0) 36
[15:23:10.268]: (1.6, 2.6, 3.0) 36
[15:23:10.292]: (1.6, 2.6, 3.0) 36
[15:23:10.314]: (1.6, 2.6, 3.0) 36
[15:23:10.335]: (1.6, 2.6, 2.9) 36
[15:23:10.358]: (1.6, 2.6, 2.9) 36
[15:23:10.381]: (1.6, 2.6, 2.9) 36
[15:23:10.400]: (1.6, 2.6, 2.9) 36
[15:23:10.416]: (0.6, 1.9, 1.2) 1
[15:23:10.435]: (0.6, 1.9, 1.2) 1
[15:23:10.451]: (0.6, 1.9, 1.2) 1
[15:23:11.464]: (1.7, 2.6, 3.0) 36
[15:23:11.481]: (0.6, 1.9, 1.2) 1
[15:23:11.500]: (0.6, 1.9, 1.2) 1
[15:23:11.517]: (0.6, 1.9, 1.2) 1
[15:23:11.534]: (0.6, 1.9, 1.2) 1
[15:23:11.549]: (1.7, 2.6, 3.0) 36
[15:23:11.567]: (1.7, 2.6, 2.9) 36
[15:23:11.584]: (1.7, 2.6, 2.9) 36
[15:23:11.600]: (1.7, 2.6, 2.9) 36
[15:23:11.618]: (1.6, 2.6, 2.9) 36
[15:23:11.636]: (1.6, 2.6, 2.9) 36
[15:23:11.652]: (1.6, 2.6, 2.9) 36
[15:23:11.802]: (0.3, 1.9, 1.6) 41
[15:23:11.824]: (0.3, 1.9, 1.6) 41
[15:23:11.846]: (0.3, 1.9, 1.6) 41
[15:23:11.869]: (0.3, 1.9, 1.6) 41
[15:23:11.895]: (0.6, 2.2, 2.4) 8
[15:23:11.916]: (1.0, 2.6, 3.5) 16
[15:23:11.940]: (0.6, 2.2, 2.4) 6
[15:23:11.962]: (0.6, 2.2, 2.3) 7
[15:23:11.984]: (0.6, 2.1, 2.3) 7
[15:23:12.030]: (0.6, 2.3, 3.0) 13
[15:23:12.072]: (0.2, 1.9, 2.8) 11
[15:23:12.094]: (0.2, 1.9, 2.8) 11
[15:23:12.138]: (0.3, 1.9, 2.8) 9
[15:23:12.161]: (0.3, 1.9, 2.8) 9
[15:23:12.183]: (0.3, 1.9, 2.8) 9
[15:23:12.731]: (0.6, 2.0, 1.1) 1
[15:23:12.895]: (0.4, 2.0, 0.8) 2
[15:23:12.916]: (0.4, 2.0, 0.8) 2
[15:23:12.936]: (0.4, 2.0, 0.8) 2
[15:23:12.959]: (0.5, 2.0, 0.8) 2
[15:23:13.027]: (0.4, 2.0, 0.8) 2
[15:23:13.068]: (0.6, 2.3, 1.0) 0
[15:23:13.090]: (0.9, 2.8, 1.2) 3
[15:23:13.112]: (0.6, 2.3, 1.0) 0
[15:23:13.165]: (0.6, 2.2, 1.0) 0
[15:23:13.182]: (0.6, 2.2, 1.0) 0
[15:23:13.199]: (0.6, 2.3, 1.0) 0
[15:23:13.215]: (0.7, 2.3, 1.0) 0
[15:23:13.232]: (0.6, 2.3, 1.0) 0
[15:23:13.251]: (0.6, 2.3, 1.0) 0
[15:23:13.268]: (0.6, 2.3, 1.0) 0
[15:23:13.285]: (0.6, 2.2, 1.0) 0
[15:23:13.331]: (1.2, 2.9, 1.6) 15
[15:23:13.349]: (1.2, 3.0, 1.6) 15
[15:23:13.368]: (1.2, 2.9, 1.6) 15
[15:23:13.384]: (0.9, 2.7, 1.2) 3
[15:23:13.402]: (0.9, 2.7, 1.2) 3
[15:23:13.418]: (0.9, 2.7, 1.2) 3
[15:23:13.435]: (0.9, 2.7, 1.2) 3
[15:23:13.451]: (0.9, 2.7, 1.2) 3
[15:23:13.469]: (0.9, 2.7, 1.2) 3
[15:23:13.485]: (1.2, 3.0, 1.6) 15
[15:23:13.503]: (1.2, 2.9, 1.6) 15
[15:23:13.519]: (1.2, 2.9, 1.6) 15
[15:23:13.612]: (0.9, 2.7, 1.2) 3
[15:23:13.635]: (0.9, 2.7, 1.2) 3
[15:23:13.657]: (0.9, 2.7, 1.2) 3
[15:23:13.679]: (0.9, 2.7, 1.2) 3
[15:23:13.701]: (0.9, 2.7, 1.2) 3
[15:23:13.723]: (0.9, 2.7, 1.2) 3
[15:23:13.745]: (0.9, 2.7, 1.2) 3
[15:23:13.768]: (1.0, 2.7, 1.2) 3
[15:23:13.790]: (1.0, 2.8, 1.2) 3
[15:23:13.947]: (1.0, 2.7, 1.2) 5
[15:23:13.967]: (1.0, 2.8, 1.2) 4
[15:23:14.028]: (0.6, 2.2, 1.0) 0
[15:23:14.060]: (0.6, 2.3, 1.0) 0
[15:23:14.077]: (0.6, 2.3, 1.0) 0
[15:23:14.096]: (0.6, 2.3, 1.0) 0
[15:23:14.114]: (0.6, 2.2, 1.0) 0
[15:23:14.130]: (0.6, 2.2, 1.0) 0
[15:23:14.147]: (0.6, 2.2, 1.0) 0
[15:23:14.164]: (0.6, 2.2, 1.0) 0
[15:23:14.181]: (0.6, 2.2, 1.0) 0
[15:23:14.198]: (0.6, 2.2, 1.0) 0
[15:23:14.326]: (0.6, 2.3, 1.1) 0
[15:23:14.343]: (0.4, 2.0, 0.8) 2
[15:23:14.377]: (0.4, 2.0, 0.9) 2
[15:23:14.394]: (0.4, 2.0, 0.9) 2
[15:23:14.412]: (0.4, 2.0, 0.9) 2
[15:23:14.429]: (0.4, 2.0, 0.9) 2
[15:23:14.446]: (0.4, 2.0, 0.9) 2
[15:23:14.784]: (1.6, 3.0, 2.8) 36
[15:23:15.205]: (1.0, 1.8, 2.4) 6
[15:23:15.229]: (1.0, 1.7, 2.4) 6
[15:23:15.294]: (1.0, 1.7, 2.4) 6
[15:23:15.923]: (0.7, 1.6, 1.6) 41
[15:23:16.018]: (0.7, 1.6, 1.6) 41
[15:23:16.034]: (0.7, 1.7, 1.6) 41
[15:23:16.192]: (0.7, 1.7, 1.6) 41
[15:23:16.456]: (0.8, 1.7, 1.7) 40
[15:23:16.477]: (0.8, 1.7, 1.7) 40
[15:23:16.567]: (0.9, 1.7, 2.4) 7
[15:23:16.588]: (0.9, 1.7, 2.4) 7
[15:23:16.612]: (0.9, 1.7, 2.4) 7
[15:23:16.632]: (0.9, 1.7, 2.4) 7
[15:23:16.657]: (0.9, 1.8, 1.6) 40
[15:23:16.678]: (0.9, 1.7, 1.6) 40
[15:23:16.700]: (0.9, 1.8, 1.6) 40
[15:23:16.722]: (0.9, 1.8, 1.6) 40
[15:23:16.746]: (0.9, 1.8, 1.6) 40
[15:23:16.767]: (0.9, 1.7, 1.6) 40
[15:23:16.784]: (0.9, 1.7, 1.6) 40
[15:23:16.801]: (0.8, 1.7, 1.6) 40
[15:23:16.819]: (0.8, 1.7, 1.6) 40
[15:23:16.841]: (0.9, 1.7, 1.6) 40
[15:23:16.863]: (0.9, 1.7, 1.6) 40
[15:23:17.022]: (0.2, 1.5, 2.6) 10
[15:23:17.047]: (0.2, 1.6, 2.8) 9
[15:23:17.075]: (0.3, 1.6, 2.8) 9
[15:23:17.101]: (0.5, 1.8, 5.5) 33
[15:23:17.124]: (0.4, 1.7, 4.6) 25
[15:23:17.170]: (0.1, 1.5, 2.6) 10
[15:23:17.197]: (0.1, 1.5, 2.6) 10
[15:23:17.220]: (0.1, 1.5, 2.6) 10
[15:23:17.264]: (0.1, 1.5, 2.6) 10
[15:23:17.287]: (0.1, 1.5, 2.6) 10
[15:23:17.354]: (0.3, 1.5, 2.9) 11
[15:23:17.373]: (0.3, 1.5, 2.9) 11
[15:23:17.392]: (0.3, 1.5, 2.9) 11
[15:23:17.413]: (0.3, 1.5, 2.8) 11
[15:23:17.431]: (0.3, 1.5, 2.8) 11
[15:23:17.449]: (0.3, 1.5, 2.8) 11
[15:23:17.469]: (0.4, 1.5, 2.8) 11
[15:23:17.493]: (0.4, 1.5, 2.8) 11
[15:23:17.622]: (0.3, 1.5, 2.8) 11
[15:23:17.656]: (0.2, 1.5, 2.6) 10
[15:23:17.756]: (0.4, 1.8, 5.5) 33
[15:23:17.889]: (0.2, 1.6, 2.8) 9
[15:23:17.923]: (0.3, 1.6, 2.8) 9
[15:23:17.959]: (0.2, 1.6, 2.8) 9
[15:23:17.993]: (0.2, 1.6, 2.8) 9
[15:23:18.030]: (0.2, 1.6, 2.9) 9
[15:23:18.061]: (0.2, 1.6, 2.8) 9
[15:23:18.126]: (0.4, 1.6, 3.5) 12
[15:23:18.161]: (0.3, 1.6, 3.5) 12
[15:23:18.183]: (0.6, 1.7, 4.7) 31
[15:23:18.204]: (0.3, 1.6, 3.3) 13
[15:23:18.227]: (0.3, 1.6, 3.3) 13
[15:23:22.081]: (1.1, 1.8, 0.9) 1
[15:23:22.228]: (1.0, 1.7, 0.6) 2
[15:23:22.293]: (1.0, 1.7, 0.6) 2
[15:23:22.314]: (1.0, 1.7, 0.6) 2
[15:23:24.960]: (0.9, 1.9, 2.4) 6
[15:23:24.985]: (0.9, 1.9, 2.4) 6
[15:23:25.005]: (0.9, 1.9, 2.3) 7
[15:23:25.026]: (0.9, 1.9, 2.3) 7
[15:23:25.049]: (0.9, 1.8, 2.3) 7
[15:23:26.059]: (0.1, 1.7, 2.6) 10
[15:23:26.075]: (0.1, 1.8, 2.5) 10
[15:23:26.093]: (0.1, 1.8, 2.5) 10
[15:23:26.110]: (0.1, 1.8, 2.5) 10
[15:23:26.127]: (0.1, 1.8, 2.5) 10
[15:23:26.143]: (0.1, 1.8, 2.5) 10
[15:23:26.160]: (0.1, 1.8, 2.5) 10
[15:23:26.177]: (0.1, 1.8, 2.5) 10
[15:23:26.193]: (0.1, 1.8, 2.5) 10
[15:23:26.209]: (0.1, 1.8, 2.5) 10
[15:23:26.406]: (1.0, 2.3, 4.7) 30
[15:23:26.430]: (0.6, 2.0, 3.3) 12
[15:23:26.451]: (0.6, 2.0, 3.3) 12
[15:23:26.473]: (0.6, 2.0, 3.3) 12
[15:23:26.495]: (0.6, 2.0, 3.3) 12
[15:23:27.439]: (1.1, 2.2, 4.5) 31
[15:23:27.461]: (0.2, 1.8, 2.8) 9
[15:23:27.484]: (0.2, 1.8, 2.8) 9
[15:23:27.506]: (0.2, 1.8, 2.8) 9
[15:23:27.528]: (0.2, 1.8, 2.8) 9
[15:23:27.551]: (0.2, 1.8, 2.8) 9
[15:23:27.569]: (0.1, 1.8, 2.5) 10
[15:23:27.586]: (0.1, 1.8, 2.5) 10
[15:23:27.603]: (0.1, 1.8, 2.5) 10
[15:23:27.619]: (0.1, 1.8, 2.5) 10
[15:23:27.636]: (0.1, 1.8, 2.5) 10
[15:23:27.652]: (0.1, 1.8, 2.5) 10
[15:23:27.670]: (0.1, 1.8, 2.5) 10
[15:23:27.950]: (0.1, 1.8, 2.5) 10
[15:23:27.972]: (0.2, 1.8, 2.5) 10
[15:23:28.128]: (0.2, 1.8, 2.6) 10
[15:23:28.151]: (0.1, 1.8, 2.5) 10
[15:23:28.173]: (0.1, 1.8, 2.5) 10
[15:23:28.195]: (0.1, 1.8, 2.5) 10
[15:23:28.216]: (0.1, 1.8, 2.5) 10
[15:23:28.239]: (0.1, 1.8, 2.5) 10
[15:23:28.262]: (0.1, 1.8, 2.5) 10
[15:23:28.283]: (0.1, 1.8, 2.5) 10
[15:23:28.307]: (0.1, 1.8, 2.5) 10
[15:23:28.328]: (0.1, 1.8, 2.5) 10
[15:23:28.351]: (0.1, 1.8, 2.5) 10
[15:23:28.372]: (0.2, 1.8, 2.6) 10
[15:23:28.416]: (0.2, 1.8, 2.6) 10
[15:23:28.454]: (0.2, 1.8, 2.6) 10
[15:23:28.471]: (0.2, 1.8, 2.5) 10
[15:23:28.488]: (0.2, 1.8, 2.6) 10
[15:23:28.506]: (0.2, 1.8, 2.6) 10
[15:23:28.524]: (0.1, 1.8, 2.6) 10
[15:23:28.542]: (0.2, 1.8, 2.6) 10
[15:23:28.560]: (0.1, 1.8, 2.5) 10
[15:23:29.072]: (1.0, 1.9, 2.4) 6
[15:23:29.117]: (0.7, 1.8, 1.5) 41
[15:23:29.138]: (0.7, 1.8, 1.5) 41
[15:23:29.163]: (0.7, 1.7, 1.5) 41
[15:23:29.251]: (0.7, 1.7, 1.5) 41
[15:23:29.338]: (1.0, 1.9, 2.3) 8
[15:23:29.354]: (1.0, 1.9, 2.4) 8
[15:23:29.402]: (1.1, 1.8, 2.4) 8
[15:23:29.625]: (0.7, 1.7, 1.6) 41
[15:23:29.642]: (0.6, 1.7, 1.6) 41
[15:23:29.661]: (0.7, 1.7, 1.6) 41
[15:23:29.678]: (0.7, 1.7, 1.6) 41
[15:23:29.695]: (0.7, 1.7, 1.5) 41
[15:23:29.713]: (0.7, 1.7, 1.6) 41
[15:23:29.761]: (0.6, 1.7, 1.6) 41
[15:23:29.782]: (1.0, 1.9, 2.4) 8
[15:23:29.805]: (1.4, 2.1, 3.1) 18
[15:23:31.261]: (1.3, 1.5, 2.3) 8
[15:23:31.294]: (1.3, 1.5, 2.3) 8
[15:23:31.327]: (1.4, 1.5, 2.3) 8
[15:23:31.985]: (0.6, 1.5, 1.8) 40
[15:23:32.186]: (0.6, 1.7, 2.6) 8
[15:23:32.208]: (0.6, 1.7, 2.6) 8
[15:23:32.233]: (0.6, 1.7, 2.6) 8
[15:23:32.322]: (0.6, 1.7, 2.6) 8
[15:23:32.565]: (0.5, 1.7, 2.5) 7
[15:23:32.586]: (0.5, 1.7, 2.5) 7
[15:23:32.652]: (0.5, 1.7, 2.5) 7
[15:23:33.628]: (0.5, 1.7, 2.5) 7
[15:23:33.649]: (0.5, 1.8, 2.5) 7
[15:23:33.675]: (0.5, 1.8, 2.5) 7
[15:23:33.739]: (0.5, 1.7, 2.5) 7
[15:23:33.761]: (0.5, 1.7, 2.5) 7
[15:23:33.783]: (0.5, 1.7, 2.5) 7
[15:23:33.803]: (0.5, 1.7, 2.5) 7
[15:23:33.821]: (0.5, 1.7, 2.5) 7
[15:23:33.839]: (0.5, 1.7, 2.5) 7
[15:23:33.855]: (0.5, 1.7, 2.5) 7
[15:23:33.875]: (0.5, 1.7, 2.5) 7
[15:23:33.893]: (0.5, 1.7, 2.5) 7
[15:23:33.910]: (0.5, 1.7, 2.5) 7
[15:23:33.929]: (0.5, 1.7, 2.5) 7
[15:23:33.949]: (0.5, 1.7, 2.5) 7
[15:23:33.969]: (0.5, 1.7, 2.5) 7
[15:23:33.989]: (0.6, 1.7, 2.6) 6
[15:23:34.012]: (0.6, 1.8, 2.6) 6
[15:23:34.040]: (0.6, 1.8, 2.6) 6
[15:23:34.066]: (0.6, 1.8, 2.6) 6
[15:23:34.092]: (0.6, 1.8, 2.6) 6
[15:23:34.116]: (0.6, 1.8, 2.6) 6
[15:23:34.141]: (0.6, 1.7, 2.6) 6
[15:23:34.163]: (0.5, 1.7, 2.5) 7
[15:23:34.186]: (0.5, 1.7, 2.5) 7
[15:23:34.208]: (0.5, 1.7, 2.4) 7
[15:23:34.229]: (0.5, 1.7, 2.5) 7
[15:23:34.251]: (0.5, 1.7, 2.5) 7
[15:23:34.487]: (0.3, 1.7, 2.5) 7
[15:23:34.916]: (1.0, 1.8, 2.4) 6
[15:23:34.949]: (1.0, 1.8, 2.4) 6
[15:23:34.982]: (1.0, 1.8, 2.4) 6
[15:23:35.022]: (1.0, 1.8, 2.4) 6
[15:23:35.315]: (1.5, 2.0, 3.3) 17
[15:23:35.336]: (1.5, 2.0, 3.3) 17
[15:23:35.359]: (1.5, 2.0, 3.3) 17
[15:23:35.381]: (1.5, 2.0, 3.3) 17
[15:23:35.403]: (1.5, 2.0, 3.3) 17
[15:23:35.427]: (1.5, 2.0, 3.3) 17
[15:23:35.448]: (1.5, 2.0, 3.3) 17
[15:23:35.537]: (1.5, 2.0, 3.3) 17
[15:23:35.559]: (1.6, 1.9, 3.3) 17
[15:23:35.581]: (1.6, 1.9, 3.3) 17
[15:23:35.604]: (1.6, 1.9, 3.3) 17
[15:23:35.626]: (1.6, 1.9, 3.3) 17
[15:23:35.648]: (1.6, 1.9, 3.3) 17
[15:23:35.872]: (1.4, 2.0, 3.1) 18
[15:23:35.894]: (1.4, 2.0, 3.1) 18
[15:23:35.919]: (1.0, 1.8, 2.4) 8
[15:23:35.940]: (1.4, 2.0, 3.1) 18
[15:23:35.962]: (0.9, 1.9, 2.3) 7
[15:23:35.986]: (0.9, 1.9, 2.3) 7
[15:23:36.007]: (0.9, 1.9, 2.3) 7
[15:23:36.029]: (0.9, 1.9, 2.3) 7
[15:23:36.051]: (0.9, 1.9, 2.3) 7
[15:23:36.074]: (0.9, 1.9, 2.3) 7
[15:23:36.097]: (0.9, 1.9, 2.3) 7
[15:23:36.118]: (0.9, 1.9, 2.3) 7
[15:23:36.140]: (0.9, 1.9, 2.3) 7
[15:23:36.163]: (0.9, 1.9, 2.3) 7
[15:23:36.184]: (0.9, 1.9, 2.3) 7
[15:23:36.206]: (0.9, 1.9, 2.3) 7
[15:23:36.229]: (0.9, 1.9, 2.3) 7
[15:23:36.252]: (0.9, 1.9, 2.3) 7
[15:23:36.279]: (0.9, 1.9, 2.3) 7
[15:23:36.302]: (0.9, 1.9, 2.3) 7
[15:23:37.430]: (0.9, 2.6, 1.9) 7
[15:23:38.214]: (1.6, 0.9, 3.0) 18
[15:23:38.235]: (1.6, 1.0, 3.0) 18
[15:23:38.373]: (1.1, 1.2, 2.2) 7
[15:23:38.819]: (1.3, 2.5, 1.9) 6
[15:23:39.219]: (1.6, 3.0, 3.0) 16
[15:23:39.236]: (1.0, 2.5, 1.9) 7
[15:23:39.254]: (1.0, 2.5, 1.9) 7
[15:23:39.272]: (1.6, 3.1, 3.0) 16
[15:23:39.289]: (1.6, 3.1, 3.0) 16
[15:23:39.320]: (1.6, 3.1, 3.0) 16
[15:23:39.352]: (1.1, 2.4, 2.0) 6
[15:23:39.371]: (1.1, 2.5, 2.0) 6
[15:23:39.389]: (1.1, 2.4, 2.0) 6
[15:23:39.406]: (1.1, 2.4, 2.0) 6
[15:23:39.426]: (1.1, 2.4, 2.0) 6
[15:23:39.671]: (2.0, 3.3, 3.6) 31
[15:23:40.018]: (0.5, 2.8, 1.9) 7
[15:23:40.414]: (0.5, 2.8, 1.9) 7
[15:23:40.431]: (0.5, 2.8, 1.9) 7
[15:23:40.450]: (0.5, 2.8, 1.9) 7
[15:23:40.468]: (0.5, 2.8, 1.9) 7
[15:23:40.490]: (0.5, 2.8, 2.0) 7
[15:23:40.512]: (0.5, 2.7, 2.0) 7
[15:23:40.534]: (0.5, 2.7, 2.0) 7
[15:23:40.557]: (0.4, 2.7, 2.0) 7
[15:23:40.585]: (0.4, 2.8, 1.9) 7
[15:23:40.606]: (0.5, 2.9, 2.0) 6
[15:23:40.628]: (0.4, 2.9, 1.9) 7
[15:23:40.649]: (0.4, 2.9, 1.9) 7
[15:23:40.672]: (0.4, 2.9, 1.9) 7
[15:23:40.694]: (0.4, 2.9, 1.9) 7
[15:23:40.717]: (0.4, 2.9, 1.9) 7
[15:23:40.829]: (0.1, 2.5, 1.3) 41
[15:23:41.120]: (0.3, 3.2, 1.5) 7
[15:23:41.348]: (0.5, 4.2, 2.4) 16
[15:23:41.691]: (0.2, 3.3, 1.6) 8
[15:23:41.713]: (0.1, 3.3, 1.6) 8
[15:23:42.021]: (0.2, 3.9, 2.3) 18
[15:23:42.043]: (0.2, 3.8, 2.2) 18
[15:23:42.064]: (0.2, 3.9, 2.2) 18
[15:23:43.104]: (0.4, 3.0, 1.8) 6
[15:23:43.140]: (0.4, 3.0, 1.9) 6
[15:23:43.172]: (0.3, 2.9, 2.0) 8
[15:23:43.324]: (-0.6, 1.8, 1.5) 0
[15:23:43.589]: (-0.6, 1.8, 1.5) 0
[15:23:43.812]: (-0.9, 2.1, 2.1) 4
[15:23:43.833]: (-0.9, 2.1, 2.1) 4
[15:23:43.855]: (-0.9, 2.1, 2.1) 4
[15:23:43.879]: (-0.9, 2.1, 2.1) 4
[15:23:43.900]: (-0.9, 2.1, 2.1) 4
[15:23:43.923]: (-0.9, 2.1, 2.1) 4
[15:23:43.946]: (-1.0, 2.1, 2.1) 4
[15:23:43.970]: (-0.9, 2.1, 2.1) 4
[15:23:44.443]: (-0.6, 2.2, 2.1) 4
[15:23:45.592]: (0.6, 2.8, 1.7) 7
[15:23:45.614]: (0.5, 2.8, 1.7) 7
[15:23:45.638]: (0.5, 2.8, 1.7) 7
[15:23:45.661]: (0.5, 2.8, 1.8) 7
[15:23:45.686]: (0.5, 2.8, 1.8) 7
[15:23:45.707]: (0.5, 2.8, 1.8) 7
[15:23:45.730]: (0.5, 2.8, 1.8) 7
[15:23:45.752]: (0.5, 2.8, 1.8) 7
[15:23:45.976]: (0.5, 2.8, 1.8) 7
[15:23:45.998]: (0.5, 2.9, 1.8) 6
[15:23:46.367]: (1.0, 3.3, 2.0) 13
[15:23:47.281]: (0.6, 2.8, 1.8) 8
[15:23:47.301]: (0.6, 2.8, 1.8) 8
[15:23:47.323]: (0.6, 2.8, 1.8) 8
[15:23:47.348]: (0.6, 2.8, 1.8) 8
[15:23:47.435]: (0.7, 2.9, 1.8) 6
[15:23:47.460]: (0.7, 2.8, 1.7) 7
[15:23:47.477]: (0.7, 2.8, 1.7) 7
[15:23:47.499]: (0.7, 2.9, 1.7) 6
[15:23:47.526]: (0.7, 2.8, 1.7) 7
[15:23:47.547]: (0.7, 2.8, 1.7) 7
[15:23:47.565]: (0.7, 2.8, 1.7) 7
[15:23:47.587]: (0.7, 2.8, 1.7) 7
[15:23:47.609]: (0.7, 2.9, 1.7) 6
[15:23:47.631]: (0.7, 2.8, 1.7) 7
[15:23:47.676]: (0.7, 2.8, 1.8) 6
[15:23:47.698]: (0.7, 2.8, 1.7) 7
[15:23:47.721]: (0.7, 2.8, 1.8) 6
[15:23:47.836]: (0.7, 2.8, 1.7) 7
[15:23:47.857]: (0.7, 2.8, 1.7) 7
[15:23:47.880]: (0.7, 2.9, 1.7) 6
[15:23:47.902]: (0.7, 2.7, 1.7) 7
[15:23:47.925]: (0.7, 2.7, 1.7) 7
[15:23:47.946]: (0.7, 2.7, 1.7) 7
[15:23:47.970]: (0.7, 2.8, 1.7) 7
[15:23:47.991]: (0.7, 2.8, 1.7) 7
[15:23:48.013]: (0.7, 2.8, 1.7) 7
[15:23:48.036]: (0.7, 2.8, 1.7) 7
[15:23:48.057]: (0.7, 2.8, 1.7) 7
[15:23:48.344]: (0.7, 2.8, 1.7) 6
[15:23:48.360]: (1.1, 3.7, 2.6) 16
[15:23:48.407]: (1.0, 3.7, 2.6) 16
[15:23:48.424]: (0.9, 3.4, 2.4) 18
[15:23:48.547]: (0.6, 2.9, 1.9) 8
[15:23:48.565]: (0.6, 2.8, 1.9) 8
[15:23:48.584]: (0.6, 2.8, 1.9) 8
[15:23:48.601]: (0.6, 2.8, 1.8) 8
[15:23:48.618]: (0.6, 2.8, 1.8) 8
[15:23:48.635]: (0.6, 2.8, 1.8) 8
[15:23:48.651]: (0.6, 2.8, 1.8) 8
[15:23:48.669]: (0.6, 2.8, 1.8) 8
[15:23:48.685]: (0.6, 2.8, 1.8) 8
[15:23:48.701]: (0.6, 2.8, 1.8) 8
[15:23:48.718]: (0.6, 2.8, 1.8) 8
[15:23:48.735]: (0.6, 2.8, 1.8) 8
[15:23:48.753]: (0.6, 2.8, 1.8) 8
[15:23:48.777]: (0.6, 2.8, 1.8) 8
[15:23:48.799]: (0.6, 2.8, 1.8) 8
[15:23:48.820]: (0.6, 2.8, 1.8) 8
[15:23:48.842]: (0.6, 2.8, 1.8) 8
[15:23:48.864]: (0.6, 2.8, 1.8) 8
[15:23:48.887]: (0.6, 2.8, 1.8) 8
[15:23:48.912]: (0.6, 2.8, 1.8) 8
[15:23:48.933]: (0.6, 2.8, 1.8) 8
[15:23:48.955]: (0.6, 2.8, 1.8) 8
[15:23:49.110]: (1.0, 3.7, 2.6) 16
[15:23:49.133]: (1.0, 3.7, 2.6) 16
[15:23:49.155]: (1.0, 3.7, 2.6) 16
[15:23:49.177]: (1.0, 3.7, 2.6) 16
[15:23:49.195]: (1.0, 3.7, 2.6) 16
[15:23:49.214]: (1.0, 3.7, 2.6) 16
[15:23:49.231]: (1.0, 3.7, 2.6) 16
[15:23:49.444]: (0.7, 2.8, 1.7) 7
[15:23:49.532]: (0.8, 3.5, 2.6) 17
[15:23:49.567]: (0.6, 2.8, 1.9) 8
[15:23:49.585]: (0.6, 2.8, 1.9) 8
[15:23:49.605]: (0.6, 2.8, 1.9) 8
[15:23:49.622]: (0.5, 2.8, 1.9) 8
[15:23:49.639]: (0.6, 2.8, 1.9) 8
[15:23:49.656]: (0.5, 2.8, 1.9) 8
[15:23:49.699]: (0.5, 2.8, 1.9) 8
[15:23:49.788]: (0.6, 2.8, 1.9) 8
[15:23:49.810]: (0.6, 2.8, 1.9) 8
[15:23:49.853]: (0.6, 2.8, 1.9) 8
[15:23:49.876]: (0.6, 2.8, 1.9) 8
[15:23:49.898]: (0.6, 2.8, 1.9) 8
[15:23:49.922]: (0.5, 2.8, 1.9) 8
[15:23:49.966]: (0.6, 2.8, 1.8) 8
[15:23:50.008]: (0.8, 3.4, 2.4) 18
[15:23:50.033]: (0.8, 3.4, 2.4) 18
[15:23:50.054]: (0.9, 3.4, 2.4) 18
[15:23:50.413]: (0.7, 2.8, 1.7) 7
[15:23:50.431]: (0.7, 2.9, 1.7) 6
[15:23:50.450]: (0.7, 2.8, 1.7) 7
[15:23:50.469]: (0.7, 2.9, 1.7) 6
[15:23:50.487]: (0.7, 2.8, 1.7) 7
[15:23:50.504]: (0.7, 2.8, 1.7) 7
[15:23:50.521]: (0.7, 2.8, 1.7) 7
[15:23:50.539]: (0.7, 2.8, 1.7) 7
[15:23:50.556]: (0.7, 2.8, 1.7) 7
[15:23:50.573]: (0.7, 2.8, 1.7) 6
[15:23:50.591]: (0.7, 2.8, 1.7) 6
[15:23:50.608]: (0.7, 2.9, 1.7) 6
[15:23:50.632]: (0.9, 3.4, 2.4) 18
[15:23:50.652]: (0.8, 3.4, 2.4) 18
[15:23:50.676]: (0.8, 3.4, 2.4) 18
[15:23:50.697]: (0.8, 3.4, 2.4) 18
[15:23:50.720]: (0.8, 3.6, 2.6) 17
[15:23:50.742]: (0.8, 3.6, 2.6) 17
[15:23:50.764]: (0.8, 3.6, 2.6) 17
[15:23:50.787]: (0.8, 3.6, 2.6) 17
[15:23:50.813]: (0.8, 3.6, 2.6) 17
[15:23:50.834]: (0.8, 3.6, 2.6) 17
[15:23:50.988]: (0.8, 3.6, 2.6) 17
[15:23:51.005]: (0.8, 3.6, 2.6) 17
[15:23:51.021]: (0.8, 3.6, 2.6) 17
[15:23:51.038]: (0.8, 3.6, 2.6) 17
[15:23:51.183]: (0.8, 3.5, 2.6) 17
[15:23:51.201]: (0.8, 3.5, 2.6) 17
[15:23:51.221]: (0.8, 3.5, 2.6) 17
[15:23:51.239]: (0.8, 3.5, 2.6) 17
[15:23:51.258]: (0.8, 3.5, 2.6) 17
[15:23:51.275]: (0.8, 3.5, 2.6) 17
[15:23:51.292]: (0.8, 3.5, 2.6) 17
[15:23:51.312]: (0.8, 3.5, 2.6) 17
[15:23:51.329]: (0.8, 3.5, 2.6) 17
[15:23:51.345]: (0.8, 3.5, 2.6) 17
[15:23:51.363]: (0.8, 3.5, 2.6) 17
[15:23:51.379]: (0.8, 3.5, 2.6) 17
[15:23:51.397]: (0.8, 3.5, 2.6) 17
[15:23:51.421]: (0.8, 3.5, 2.6) 17
[15:23:51.439]: (0.8, 3.5, 2.6) 17
