[15:15:05.503]: (-0.2, 0.1, 1.4) 2
[15:15:05.528]: (-0.2, 0.2, 1.5) 2
[15:15:05.611]: (-0.1, 0.4, 1.6) 0
[15:15:05.863]: (0.4, 1.1, 1.6) 0
[15:15:05.884]: (0.4, 1.1, 1.6) 0
[15:15:05.908]: (0.4, 1.2, 1.5) 1
[15:15:05.928]: (0.4, 1.2, 1.5) 1
[15:15:05.949]: (0.4, 1.2, 1.5) 1
[15:15:05.971]: (0.4, 1.2, 1.5) 1
[15:15:05.992]: (0.5, 1.3, 1.5) 1
[15:15:06.178]: (0.6, 1.4, 1.4) 1
[15:15:06.198]: (0.6, 1.4, 1.4) 1
[15:15:06.219]: (0.6, 1.4, 1.4) 1
[15:15:06.262]: (0.7, 1.4, 1.4) 0
[15:15:06.305]: (0.7, 1.4, 1.4) 0
[15:15:06.326]: (0.7, 1.4, 1.4) 0
[15:15:06.348]: (0.7, 1.4, 1.4) 0
[15:15:06.371]: (0.7, 1.5, 1.4) 0
[15:15:06.400]: (0.7, 1.5, 1.4) 0
[15:15:06.434]: (0.7, 1.5, 1.4) 0
[15:15:06.468]: (0.6, 1.5, 1.4) 1
[15:15:06.500]: (0.7, 1.5, 1.4) 0
[15:15:06.534]: (0.7, 1.5, 1.4) 0
[15:15:06.566]: (0.7, 1.5, 1.5) 0
[15:15:06.633]: (0.6, 1.5, 1.4) 0
[15:15:07.000]: (0.4, 1.3, 1.5) 1
[15:15:07.055]: (0.4, 1.3, 1.5) 1
[15:15:07.077]: (0.4, 1.3, 1.5) 1
[15:15:07.100]: (0.4, 1.3, 1.5) 1
[15:15:07.122]: (0.4, 1.3, 1.5) 1
[15:15:07.145]: (0.4, 1.3, 1.5) 1
[15:15:07.165]: (0.4, 1.3, 1.5) 0
[15:15:08.502]: (0.5, 1.9, 1.3) 0
[15:15:08.524]: (0.5, 1.9, 1.3) 0
[15:15:08.546]: (0.5, 1.9, 1.3) 0
[15:15:08.568]: (0.5, 1.9, 1.3) 0
[15:15:08.589]: (0.5, 1.9, 1.3) 0
[15:15:08.612]: (0.5, 1.9, 1.3) 0
[15:15:08.634]: (0.5, 1.9, 1.3) 0
[15:15:08.657]: (0.5, 1.9, 1.3) 0
[15:15:08.680]: (0.5, 1.9, 1.3) 0
[15:15:08.702]: (0.5, 1.9, 1.3) 0
[15:15:08.724]: (0.5, 1.9, 1.3) 0
[15:15:08.745]: (0.5, 1.9, 1.3) 0
[15:15:08.765]: (0.5, 1.9, 1.3) 0
[15:15:08.787]: (0.5, 1.9, 1.3) 0
[15:15:08.810]: (0.5, 1.9, 1.3) 0
[15:15:08.831]: (0.5, 1.9, 1.3) 0
[15:15:08.851]: (0.5, 1.9, 1.3) 0
[15:15:08.874]: (0.5, 1.9, 1.3) 0
[15:15:08.894]: (0.5, 1.9, 1.3) 0
[15:15:08.915]: (0.5, 1.9, 1.3) 0
[15:15:08.940]: (0.5, 1.9, 1.3) 0
[15:15:08.962]: (0.5, 1.9, 1.3) 0
[15:15:08.984]: (0.5, 1.9, 1.3) 0
[15:15:09.005]: (0.5, 1.9, 1.3) 0
[15:15:09.031]: (0.5, 1.9, 1.4) 0
[15:15:09.066]: (0.5, 1.9, 1.4) 0
[15:15:09.101]: (0.5, 1.9, 1.3) 0
[15:15:09.133]: (0.5, 1.9, 1.3) 0
[15:15:09.167]: (0.5, 1.9, 1.4) 0
[15:15:09.199]: (0.4, 1.9, 1.3) 1
[15:15:09.232]: (0.3, 1.9, 1.3) 1
[15:15:09.365]: (-0.1, 2.2, 2.3) 4
[15:15:09.399]: (-0.1, 2.2, 2.3) 4
[15:15:09.433]: (-0.1, 2.2, 2.4) 4
[15:15:09.466]: (-0.1, 2.2, 2.3) 4
[15:15:09.499]: (-0.1, 2.2, 2.4) 4
[15:15:09.533]: (-0.1, 2.2, 2.4) 4
[15:15:09.565]: (-0.1, 2.2, 2.4) 4
[15:15:09.709]: (-0.2, 2.2, 2.4) 5
[15:15:09.731]: (-0.2, 2.2, 2.4) 5
[15:15:09.755]: (-0.2, 2.3, 2.4) 5
[15:15:09.780]: (-0.2, 2.3, 2.4) 5
[15:15:09.799]: (-0.2, 2.3, 2.4) 5
[15:15:09.820]: (-0.2, 2.3, 2.4) 5
[15:15:09.999]: (0.4, 1.9, 1.3) 1
[15:15:10.020]: (1.1, 2.1, 1.8) 6
[15:15:10.420]: (1.1, 1.9, 1.7) 8
[15:15:10.442]: (1.1, 1.9, 1.7) 8
[15:15:10.466]: (1.1, 1.9, 1.7) 8
[15:15:10.490]: (1.1, 1.9, 1.7) 8
[15:15:10.511]: (1.1, 1.9, 1.7) 8
[15:15:10.537]: (1.1, 1.9, 1.7) 8
[15:15:10.558]: (1.1, 1.9, 1.7) 8
[15:15:10.579]: (1.1, 1.9, 1.8) 8
[15:15:10.603]: (1.1, 1.9, 1.8) 7
[15:15:10.623]: (1.1, 1.9, 1.8) 7
[15:15:10.647]: (1.1, 2.0, 1.9) 6
[15:15:10.823]: (0.7, 1.8, 1.2) 2
[15:15:10.868]: (0.7, 1.8, 1.2) 2
[15:15:11.079]: (1.2, 1.9, 1.8) 7
[15:15:11.480]: (0.2, 1.4, 1.6) 0
[15:15:11.522]: (0.1, 1.3, 1.5) 2
[15:15:11.544]: (0.1, 1.3, 1.5) 2
[15:15:11.564]: (0.1, 1.3, 1.5) 2
[15:15:11.586]: (0.1, 1.3, 1.5) 2
[15:15:11.607]: (0.1, 1.3, 1.5) 2
[15:15:11.628]: (0.1, 1.3, 1.5) 2
[15:15:11.650]: (0.1, 1.3, 1.6) 2
[15:15:11.672]: (0.1, 1.3, 1.6) 2
[15:15:11.695]: (0.1, 1.3, 1.6) 2
[15:15:11.717]: (0.0, 1.3, 1.6) 2
[15:15:11.994]: (-0.3, 1.3, 1.6) 0
[15:15:12.017]: (-0.6, 0.9, 2.2) 8
[15:15:13.887]: (0.1, 1.9, 2.5) 4
[15:15:13.918]: (0.1, 1.9, 2.4) 4
[15:15:14.407]: (0.5, 1.6, 1.4) 0
[15:15:14.430]: (0.6, 1.6, 1.4) 0
[15:15:14.454]: (0.6, 1.6, 1.4) 0
[15:15:14.477]: (0.6, 1.6, 1.4) 0
[15:15:14.585]: (0.6, 1.6, 1.4) 0
[15:15:14.629]: (0.6, 1.6, 1.4) 0
[15:15:14.652]: (0.5, 1.6, 1.4) 0
[15:15:14.675]: (0.5, 1.6, 1.4) 0
[15:15:14.695]: (0.5, 1.6, 1.4) 0
[15:15:14.719]: (0.5, 1.6, 1.4) 0
[15:15:14.740]: (0.6, 1.6, 1.4) 0
[15:15:14.764]: (0.6, 1.6, 1.3) 2
[15:15:14.786]: (1.3, 1.8, 1.8) 6
[15:15:14.852]: (1.2, 1.8, 1.7) 8
[15:15:14.874]: (1.2, 1.8, 1.8) 6
[15:15:14.898]: (1.2, 1.8, 1.8) 6
[15:15:14.941]: (1.2, 1.8, 1.9) 6
[15:15:14.962]: (1.2, 1.8, 1.9) 6
[15:15:14.984]: (1.2, 1.9, 1.8) 6
[15:15:15.008]: (1.2, 1.8, 1.7) 8
[15:15:15.030]: (1.2, 1.9, 1.7) 8
[15:15:15.053]: (1.2, 1.9, 1.7) 8
[15:15:15.075]: (1.2, 1.9, 1.7) 8
[15:15:15.098]: (1.2, 1.9, 1.7) 8
[15:15:15.119]: (1.2, 1.8, 1.7) 8
[15:15:15.429]: (0.7, 1.7, 1.4) 0
[15:15:15.452]: (0.6, 1.7, 1.3) 0
[15:15:15.474]: (0.6, 1.7, 1.3) 0
[15:15:15.498]: (0.6, 1.7, 1.3) 0
[15:15:15.518]: (0.6, 1.7, 1.3) 0
[15:15:15.542]: (0.6, 1.7, 1.3) 0
[15:15:15.562]: (0.6, 1.7, 1.3) 0
[15:15:15.585]: (0.6, 1.7, 1.3) 0
[15:15:15.606]: (0.6, 1.7, 1.3) 0
[15:15:15.629]: (0.6, 1.7, 1.3) 0
[15:15:15.646]: (0.6, 1.7, 1.3) 0
[15:15:15.662]: (0.6, 1.7, 1.3) 0
[15:15:15.678]: (0.6, 1.7, 1.3) 0
[15:15:15.694]: (0.6, 1.7, 1.3) 0
[15:15:15.710]: (0.6, 1.7, 1.3) 0
[15:15:15.727]: (0.6, 1.7, 1.3) 0
[15:15:15.743]: (0.6, 1.7, 1.3) 0
[15:15:15.760]: (0.6, 1.7, 1.3) 0
[15:15:15.776]: (0.6, 1.7, 1.3) 0
[15:15:15.793]: (0.6, 1.7, 1.3) 0
[15:15:15.809]: (0.6, 1.7, 1.3) 0
[15:15:15.826]: (0.6, 1.7, 1.3) 0
[15:15:15.842]: (0.6, 1.7, 1.3) 0
[15:15:15.859]: (0.6, 1.7, 1.3) 0
[15:15:15.875]: (0.6, 1.7, 1.3) 0
[15:15:15.892]: (0.6, 1.7, 1.3) 0
[15:15:15.908]: (0.6, 1.7, 1.3) 0
[15:15:16.172]: (0.6, 1.6, 1.4) 0
[15:15:16.192]: (0.6, 1.6, 1.4) 0
[15:15:16.214]: (0.6, 1.6, 1.4) 0
[15:15:16.258]: (0.6, 1.6, 1.4) 0
[15:15:16.281]: (0.6, 1.6, 1.4) 0
[15:15:16.584]: (0.6, 1.6, 1.4) 0
[15:15:16.737]: (0.6, 1.6, 1.4) 0
[15:15:16.770]: (0.6, 1.6, 1.4) 0
[15:15:16.788]: (0.6, 1.6, 1.4) 0
[15:15:16.805]: (0.6, 1.6, 1.4) 0
[15:15:16.821]: (0.6, 1.6, 1.4) 0
[15:15:16.838]: (0.6, 1.6, 1.4) 0
[15:15:16.854]: (0.6, 1.6, 1.4) 0
[15:15:16.871]: (0.6, 1.6, 1.4) 0
[15:15:16.892]: (0.6, 1.6, 1.4) 0
[15:15:16.926]: (0.5, 1.6, 1.4) 1
[15:15:16.944]: (0.5, 1.6, 1.3) 1
[15:15:17.003]: (0.1, 1.8, 2.4) 4
[15:15:17.070]: (0.0, 1.8, 2.5) 5
[15:15:17.685]: (-0.1, 1.8, 2.5) 3
[15:15:18.061]: (-0.1, 1.8, 2.5) 5
[15:15:18.150]: (-0.1, 1.8, 2.5) 5
[15:15:18.215]: (-0.1, 1.8, 2.5) 5
[15:15:18.235]: (-0.1, 1.8, 2.5) 5
[15:15:18.259]: (-0.1, 1.8, 2.5) 5
[15:15:18.295]: (-0.1, 2.0, 3.2) 10
[15:15:19.646]: (-0.2, 1.8, 2.5) 3
[15:15:19.669]: (-0.1, 1.8, 2.5) 5
[15:15:19.692]: (-0.1, 1.8, 2.5) 5
[15:15:19.714]: (-0.1, 1.8, 2.5) 5
[15:15:19.735]: (-0.1, 1.8, 2.5) 5
[15:15:19.759]: (-0.1, 1.8, 2.5) 5
[15:15:19.780]: (-0.1, 1.8, 2.5) 5
[15:15:19.802]: (-0.1, 1.8, 2.5) 5
[15:15:19.823]: (-0.1, 1.8, 2.5) 5
[15:15:19.846]: (-0.1, 1.8, 2.5) 5
[15:15:19.869]: (-0.1, 1.8, 2.5) 5
[15:15:19.890]: (-0.1, 1.8, 2.5) 5
[15:15:19.912]: (-0.1, 1.8, 2.5) 5
[15:15:19.935]: (-0.1, 1.8, 2.5) 5
[15:15:19.958]: (-0.1, 1.8, 2.5) 5
[15:15:19.979]: (-0.1, 1.8, 2.5) 5
[15:15:19.994]: (-0.1, 1.8, 2.5) 5
[15:15:20.084]: (-0.1, 1.8, 2.5) 5
[15:15:20.103]: (-0.1, 1.8, 2.5) 5
[15:15:20.119]: (-0.1, 1.8, 2.5) 5
[15:15:20.254]: (-0.1, 1.9, 2.5) 5
[15:15:20.270]: (0.0, 1.9, 2.5) 5
[15:15:20.287]: (0.1, 2.0, 3.2) 9
[15:15:20.333]: (0.0, 2.0, 3.2) 9
[15:15:20.350]: (-0.1, 1.9, 2.5) 5
[15:15:20.368]: (0.0, 1.9, 2.5) 5
[15:15:20.384]: (0.0, 1.9, 2.5) 5
[15:15:20.402]: (0.0, 1.9, 2.5) 5
[15:15:20.419]: (-0.1, 1.9, 2.5) 5
[15:15:20.436]: (-0.1, 1.9, 2.5) 5
[15:15:20.456]: (-0.1, 1.9, 2.5) 5
[15:15:20.478]: (-0.1, 1.8, 2.5) 5
[15:15:20.502]: (-0.1, 1.8, 2.5) 5
[15:15:20.523]: (-0.1, 1.8, 2.5) 5
[15:15:20.545]: (-0.1, 1.8, 2.5) 5
[15:15:20.568]: (-0.1, 1.8, 2.5) 5
[15:15:20.590]: (-0.1, 1.8, 2.5) 5
[15:15:20.612]: (-0.1, 1.8, 2.5) 5
[15:15:20.634]: (-0.1, 1.8, 2.5) 5
[15:15:20.658]: (-0.1, 1.8, 2.5) 5
[15:15:20.680]: (-0.1, 1.8, 2.5) 5
[15:15:20.701]: (-0.1, 1.8, 2.5) 5
[15:15:20.723]: (-0.1, 1.8, 2.5) 5
[15:15:20.746]: (-0.1, 1.8, 2.5) 5
[15:15:20.768]: (-0.1, 1.8, 2.5) 5
[15:15:20.790]: (-0.1, 1.8, 2.5) 5
[15:15:20.812]: (-0.1, 1.8, 2.5) 5
[15:15:20.835]: (-0.1, 1.8, 2.5) 5
[15:15:20.858]: (0.0, 1.8, 2.5) 5
[15:15:21.245]: (0.0, 1.8, 2.5) 5
[15:15:21.379]: (-0.1, 1.8, 2.5) 3
[15:15:21.401]: (-0.1, 1.8, 2.5) 5
[15:15:21.423]: (-0.1, 1.8, 2.5) 5
[15:15:21.445]: (-0.1, 1.9, 2.5) 5
[15:15:21.468]: (-0.1, 1.9, 2.5) 5
[15:15:21.490]: (-0.1, 1.9, 2.5) 5
[15:15:21.511]: (-0.1, 1.8, 2.5) 5
[15:15:21.537]: (-0.1, 1.8, 2.5) 5
[15:15:21.556]: (-0.1, 1.8, 2.5) 5
[15:15:21.578]: (-0.1, 1.8, 2.5) 5
[15:15:22.169]: (-0.1, 1.8, 2.5) 5
[15:15:22.344]: (0.6, 1.6, 1.3) 2
[15:15:22.367]: (0.7, 1.6, 1.3) 2
[15:15:22.435]: (0.7, 1.6, 1.3) 2
[15:15:22.456]: (0.7, 1.6, 1.3) 2
[15:15:22.503]: (0.7, 1.6, 1.3) 2
[15:15:22.544]: (0.7, 1.6, 1.3) 2
[15:15:22.604]: (0.6, 1.6, 1.3) 2
[15:15:22.879]: (0.7, 1.6, 1.3) 2
[15:15:23.134]: (1.3, 1.8, 1.8) 6
[15:15:23.155]: (1.3, 1.9, 1.8) 6
[15:15:23.181]: (1.3, 1.8, 1.8) 6
[15:15:23.201]: (1.3, 1.8, 1.8) 6
[15:15:23.222]: (1.3, 1.8, 1.8) 6
[15:15:23.245]: (1.3, 1.8, 1.8) 6
[15:15:23.266]: (1.3, 1.8, 1.8) 6
[15:15:23.290]: (1.3, 1.8, 1.8) 6
[15:15:23.310]: (1.3, 1.8, 1.8) 6
[15:15:23.335]: (1.3, 1.8, 1.8) 6
[15:15:23.358]: (1.3, 1.8, 1.8) 6
[15:15:23.377]: (1.3, 1.8, 1.8) 6
[15:15:23.401]: (1.3, 1.8, 1.8) 6
[15:15:23.422]: (1.3, 1.8, 1.8) 6
[15:15:23.440]: (1.3, 1.8, 1.8) 6
[15:15:23.459]: (1.3, 1.8, 1.8) 6
[15:15:23.476]: (1.2, 1.8, 1.6) 8
[15:15:23.495]: (1.3, 1.8, 1.8) 6
[15:15:23.529]: (1.3, 1.9, 1.8) 7
[15:15:23.546]: (1.3, 1.9, 1.8) 7
[15:15:23.565]: (1.2, 1.8, 1.6) 8
[15:15:23.587]: (1.2, 1.8, 1.6) 8
[15:15:23.609]: (1.2, 1.8, 1.6) 8
[15:15:23.631]: (1.2, 1.8, 1.6) 8
[15:15:23.652]: (1.2, 1.8, 1.6) 8
[15:15:23.906]: (0.6, 1.4, 1.4) 2
[15:15:23.996]: (0.6, 1.4, 1.3) 2
[15:15:24.021]: (0.6, 1.4, 1.3) 2
[15:15:24.383]: (1.0, 1.7, 1.0) 2
[15:15:25.536]: (0.7, 1.7, 2.1) 6
[15:15:25.558]: (0.7, 1.7, 2.1) 6
[15:15:25.580]: (0.7, 1.7, 2.1) 6
[15:15:25.604]: (0.7, 1.7, 2.1) 6
[15:15:25.628]: (0.7, 1.7, 2.1) 6
[15:15:25.650]: (0.7, 1.7, 2.1) 6
[15:15:25.847]: (0.2, 1.3, 1.6) 0
[15:15:25.892]: (0.2, 1.4, 1.5) 0
[15:15:25.913]: (0.2, 1.3, 1.5) 0
[15:15:26.004]: (0.2, 1.2, 1.5) 1
[15:15:26.026]: (0.2, 1.2, 1.5) 1
[15:15:26.136]: (0.2, 1.3, 1.6) 0
[15:15:26.153]: (0.2, 1.3, 1.6) 0
[15:15:26.186]: (0.2, 1.3, 1.6) 0
[15:15:26.201]: (0.2, 1.3, 1.5) 0
[15:15:26.218]: (0.2, 1.3, 1.5) 0
[15:15:26.234]: (0.2, 1.3, 1.5) 0
[15:15:26.252]: (0.2, 1.3, 1.5) 0
[15:15:26.268]: (0.2, 1.3, 1.5) 0
[15:15:26.284]: (0.2, 1.3, 1.5) 0
[15:15:26.302]: (0.2, 1.3, 1.5) 0
[15:15:26.320]: (0.2, 1.3, 1.5) 0
[15:15:26.337]: (0.2, 1.3, 1.5) 0
[15:15:26.354]: (0.2, 1.3, 1.5) 0
[15:15:26.371]: (0.2, 1.3, 1.5) 0
[15:15:26.388]: (0.2, 1.3, 1.5) 0
[15:15:26.405]: (0.2, 1.3, 1.5) 0
[15:15:26.422]: (0.2, 1.3, 1.5) 0
[15:15:26.441]: (0.2, 1.3, 1.5) 0
[15:15:26.459]: (0.2, 1.3, 1.5) 0
[15:15:26.476]: (0.2, 1.3, 1.5) 0
[15:15:26.495]: (0.2, 1.3, 1.5) 0
[15:15:26.513]: (0.2, 1.3, 1.5) 0
[15:15:26.530]: (0.2, 1.3, 1.5) 0
[15:15:26.548]: (0.2, 1.3, 1.5) 0
[15:15:26.568]: (0.2, 1.3, 1.5) 0
[15:15:26.588]: (0.2, 1.3, 1.5) 0
[15:15:26.611]: (0.2, 1.3, 1.5) 0
[15:15:26.638]: (0.2, 1.3, 1.5) 0
[15:15:26.660]: (0.2, 1.3, 1.5) 2
[15:15:26.685]: (0.2, 1.3, 1.5) 2
[15:15:26.705]: (0.2, 1.3, 1.5) 2
[15:15:26.813]: (0.1, 1.2, 1.5) 2
[15:15:27.119]: (0.3, 1.0, 1.5) 2
[15:15:27.141]: (0.3, 1.0, 1.5) 2
[15:15:27.165]: (0.3, 1.0, 1.5) 2
[15:15:27.188]: (0.2, 0.9, 1.5) 0
[15:15:27.209]: (0.2, 0.9, 1.5) 0
[15:15:27.229]: (0.3, 1.0, 1.5) 0
[15:15:27.252]: (0.3, 0.9, 1.5) 0
[15:15:27.272]: (0.2, 0.9, 1.5) 0
[15:15:27.295]: (0.2, 0.9, 1.5) 0
[15:15:27.317]: (0.2, 0.9, 1.5) 0
[15:15:27.339]: (0.2, 0.9, 1.5) 0
[15:15:27.363]: (0.2, 0.9, 1.5) 0
[15:15:27.385]: (0.2, 0.9, 1.5) 0
[15:15:27.406]: (0.3, 0.9, 1.5) 0
[15:15:27.430]: (0.3, 0.9, 1.5) 0
[15:15:27.452]: (0.3, 0.9, 1.5) 0
[15:15:27.472]: (0.3, 0.9, 1.5) 0
[15:15:27.496]: (0.3, 0.9, 1.5) 0
[15:15:27.518]: (0.3, 0.9, 1.5) 0
[15:15:27.539]: (0.3, 0.9, 1.5) 0
[15:15:27.563]: (0.3, 0.9, 1.5) 0
[15:15:27.585]: (0.3, 0.9, 1.5) 0
[15:15:27.605]: (0.2, 0.9, 1.5) 0
[15:15:27.628]: (0.3, 0.9, 1.5) 0
[15:15:27.649]: (0.3, 0.9, 1.5) 0
[15:15:27.671]: (0.3, 0.9, 1.5) 0
[15:15:27.693]: (0.3, 0.9, 1.5) 0
[15:15:27.715]: (0.3, 0.9, 1.5) 0
[15:15:27.737]: (0.3, 0.9, 1.5) 0
[15:15:27.769]: (0.3, 0.9, 1.5) 0
[15:15:27.803]: (0.3, 0.9, 1.6) 0
[15:15:28.036]: (0.8, 1.1, 2.2) 6
[15:15:28.072]: (0.8, 1.1, 2.1) 6
[15:15:28.102]: (0.8, 1.1, 2.1) 6
[15:15:28.136]: (0.8, 1.1, 2.2) 6
[15:15:28.169]: (0.8, 1.1, 2.2) 6
[15:15:28.204]: (0.8, 1.1, 2.1) 6
[15:15:28.236]: (0.8, 1.1, 2.2) 6
[15:15:29.305]: (-0.1, 2.4, 2.0) 6
[15:15:29.548]: (-0.4, 2.1, 1.9) 8
[15:15:29.571]: (-0.3, 2.2, 2.1) 6
[15:15:29.593]: (-0.3, 2.1, 2.1) 6
[15:15:29.718]: (-0.4, 2.1, 2.1) 6
[15:15:29.737]: (-0.4, 2.1, 2.1) 6
[15:15:29.756]: (-0.4, 2.1, 2.1) 6
[15:15:29.829]: (-0.4, 2.1, 2.1) 6
[15:15:29.846]: (-0.4, 2.1, 2.1) 6
[15:15:29.863]: (-0.4, 2.1, 2.1) 6
[15:15:29.879]: (-0.4, 2.1, 2.1) 6
[15:15:29.895]: (-0.4, 2.1, 2.1) 6
[15:15:29.913]: (-0.4, 2.1, 2.1) 6
[15:15:29.932]: (-0.4, 2.1, 2.1) 6
[15:15:29.949]: (-0.4, 2.1, 2.1) 6
[15:15:29.966]: (-0.4, 2.1, 2.1) 6
[15:15:29.982]: (-0.4, 2.1, 2.1) 6
[15:15:29.999]: (-0.4, 2.1, 2.1) 6
[15:15:30.015]: (-0.4, 2.1, 2.1) 6
[15:15:30.032]: (-0.4, 2.1, 2.1) 6
[15:15:30.065]: (-0.4, 2.1, 2.1) 6
[15:15:30.082]: (-0.4, 2.1, 2.1) 6
[15:15:30.099]: (-0.4, 2.1, 2.1) 6
[15:15:30.121]: (-0.4, 2.1, 2.1) 6
[15:15:30.142]: (-0.4, 2.1, 2.1) 6
[15:15:30.165]: (-0.4, 2.1, 2.1) 6
[15:15:30.187]: (-0.4, 2.1, 2.0) 8
[15:15:30.209]: (-0.4, 2.1, 2.0) 8
[15:15:30.231]: (-0.4, 2.1, 1.9) 8
[15:15:30.253]: (-0.4, 2.1, 1.9) 8
[15:15:30.276]: (-0.5, 2.1, 1.9) 8
[15:15:30.298]: (-0.5, 2.1, 1.9) 8
[15:15:30.320]: (-0.5, 2.1, 2.0) 8
[15:15:30.365]: (-0.4, 2.1, 2.1) 6
[15:15:30.386]: (-0.4, 2.1, 2.1) 6
[15:15:30.603]: (-0.5, 1.9, 2.2) 6
[15:15:30.626]: (-0.5, 1.9, 2.2) 6
[15:15:31.707]: (0.9, 1.8, 2.2) 4
[15:15:32.149]: (1.0, 1.8, 2.2) 5
[15:15:32.171]: (1.0, 1.8, 2.3) 5
[15:15:32.358]: (1.0, 1.8, 2.2) 5
[15:15:32.380]: (1.0, 1.8, 2.2) 5
[15:15:32.401]: (1.0, 1.8, 2.2) 5
[15:15:32.422]: (1.0, 1.9, 2.2) 5
[15:15:32.445]: (1.0, 1.9, 2.2) 5
[15:15:32.469]: (1.0, 1.9, 2.2) 5
[15:15:32.490]: (1.0, 1.8, 2.2) 5
[15:15:32.513]: (1.0, 1.9, 2.2) 5
[15:15:32.534]: (1.4, 2.1, 2.8) 10
[15:15:32.554]: (1.0, 1.9, 2.2) 5
[15:15:32.577]: (1.0, 1.9, 2.2) 5
[15:15:32.601]: (1.0, 1.9, 2.2) 5
[15:15:32.623]: (1.0, 1.9, 2.2) 5
[15:15:32.645]: (1.0, 1.9, 2.2) 5
[15:15:32.669]: (1.0, 1.9, 2.2) 5
[15:15:32.692]: (1.0, 1.9, 2.2) 5
[15:15:32.712]: (1.0, 1.9, 2.2) 5
[15:15:32.775]: (1.4, 2.0, 2.8) 10
[15:15:32.796]: (1.4, 2.0, 2.8) 10
[15:15:32.819]: (1.0, 1.9, 2.2) 5
[15:15:32.860]: (1.0, 1.9, 2.2) 5
[15:15:32.886]: (1.0, 1.9, 2.2) 5
[15:15:32.909]: (1.0, 1.9, 2.2) 5
[15:15:32.935]: (1.0, 1.9, 2.2) 5
[15:15:32.959]: (1.0, 1.9, 2.2) 5
[15:15:32.982]: (1.0, 1.9, 2.2) 5
[15:15:33.005]: (1.0, 1.9, 2.2) 5
[15:15:33.029]: (1.0, 1.9, 2.2) 5
[15:15:33.099]: (1.0, 1.9, 2.2) 5
[15:15:33.121]: (1.0, 1.9, 2.2) 5
[15:15:33.147]: (1.0, 1.9, 2.2) 5
[15:15:33.193]: (1.0, 1.9, 2.2) 5
[15:15:33.243]: (1.0, 1.9, 2.3) 5
[15:15:33.568]: (0.9, 1.8, 2.2) 4
[15:15:33.602]: (0.9, 1.8, 2.2) 4
[15:15:33.634]: (0.9, 1.8, 2.2) 4
[15:15:33.670]: (0.9, 1.8, 2.2) 4
[15:15:33.702]: (0.9, 1.8, 2.2) 4
[15:15:33.770]: (1.0, 1.8, 2.2) 5
[15:15:33.802]: (1.0, 1.8, 2.2) 5
[15:15:33.835]: (1.1, 1.8, 2.2) 5
[15:15:33.869]: (1.0, 1.8, 2.2) 5
[15:15:33.900]: (1.0, 1.8, 2.2) 5
[15:15:33.935]: (1.0, 1.8, 2.2) 5
[15:15:33.969]: (1.0, 1.8, 2.2) 5
[15:15:34.035]: (0.0, 1.5, 1.4) 1
[15:15:34.063]: (-0.2, 1.5, 1.5) 2
[15:15:34.214]: (-0.4, 1.5, 2.3) 6
[15:15:34.235]: (-0.5, 1.5, 2.1) 8
[15:15:34.366]: (-0.5, 1.4, 2.1) 8
[15:15:34.742]: (0.0, 1.4, 1.5) 0
[15:15:34.785]: (1.4, 2.0, 2.8) 10
[15:15:34.873]: (1.2, 1.8, 2.1) 3
[15:15:34.940]: (1.2, 1.8, 2.1) 3
[15:15:34.962]: (1.2, 1.8, 2.1) 3
[15:15:34.985]: (1.2, 1.8, 2.1) 3
[15:15:35.074]: (1.1, 1.8, 2.2) 5
[15:15:35.098]: (1.1, 1.8, 2.2) 5
[15:15:35.120]: (1.1, 1.7, 2.2) 5
[15:15:35.141]: (1.0, 1.7, 2.3) 5
[15:15:35.166]: (1.0, 1.7, 2.2) 4
[15:15:35.188]: (0.9, 1.7, 2.2) 4
[15:15:35.656]: (0.0, 1.3, 2.1) 8
[15:15:35.679]: (0.0, 1.3, 2.1) 8
[15:15:35.701]: (0.0, 1.3, 2.1) 8
[15:15:35.723]: (0.1, 1.3, 2.1) 8
[15:15:35.747]: (0.1, 1.3, 2.1) 8
[15:15:35.768]: (0.1, 1.3, 2.1) 8
[15:15:35.791]: (0.1, 1.3, 2.1) 8
[15:15:35.816]: (0.1, 1.3, 2.1) 8
[15:15:35.838]: (0.1, 1.3, 2.1) 8
[15:15:35.857]: (0.1, 1.3, 2.1) 8
[15:15:35.882]: (0.1, 1.3, 2.1) 8
[15:15:35.903]: (0.1, 1.3, 2.1) 8
[15:15:36.312]: (-0.8, 1.0, 2.2) 7
[15:15:36.744]: (-0.8, 1.0, 2.1) 8
[15:15:36.765]: (-0.8, 1.0, 2.1) 8
[15:15:37.168]: (0.7, 0.6, 2.4) 5
[15:15:37.322]: (0.7, 0.6, 2.4) 3
[15:15:37.370]: (0.7, 0.6, 2.4) 3
[15:15:37.390]: (0.7, 0.6, 2.4) 3
[15:15:37.432]: (-0.1, 1.3, 1.5) 1
[15:15:37.480]: (-0.1, 1.3, 1.5) 1
[15:15:37.503]: (-0.1, 1.3, 1.5) 1
[15:15:37.568]: (-0.1, 1.4, 1.5) 1
[15:15:37.589]: (-0.1, 1.4, 1.5) 1
[15:15:37.635]: (-0.2, 1.4, 1.4) 1
[15:15:37.657]: (-0.2, 1.4, 1.5) 1
[15:15:37.919]: (0.1, 0.8, 2.6) 5
[15:15:37.943]: (0.2, 0.8, 2.6) 5
[15:15:37.965]: (0.2, 0.8, 2.6) 5
[15:15:37.986]: (0.2, 0.8, 2.6) 5
[15:15:38.004]: (0.2, 0.8, 2.6) 5
[15:15:38.020]: (0.2, 0.8, 2.6) 5
[15:15:38.110]: (0.2, 0.8, 2.6) 5
[15:15:38.127]: (0.2, 0.8, 2.6) 5
[15:15:38.143]: (0.2, 0.8, 2.6) 5
[15:15:38.159]: (0.2, 0.8, 2.6) 5
[15:15:38.176]: (0.2, 0.8, 2.6) 5
[15:15:38.195]: (0.2, 0.8, 2.6) 5
[15:15:38.213]: (0.2, 0.8, 2.6) 3
[15:15:39.087]: (-0.3, 1.4, 2.6) 5
[15:15:40.102]: (0.2, 1.0, 2.5) 4
[15:15:41.213]: (0.4, 2.2, 2.4) 5
[15:15:41.255]: (0.4, 2.2, 2.4) 5
[15:15:41.280]: (0.4, 2.2, 2.4) 5
[15:15:41.303]: (0.4, 2.2, 2.3) 5
[15:15:41.325]: (0.4, 2.1, 2.3) 5
[15:15:41.345]: (0.4, 2.2, 2.4) 5
[15:15:42.030]: (0.4, 2.2, 2.3) 5
[15:15:42.052]: (0.4, 2.2, 2.3) 5
[15:15:42.074]: (0.4, 2.2, 2.3) 5
[15:15:42.182]: (0.4, 2.0, 2.4) 5
[15:15:42.204]: (0.4, 2.0, 2.4) 5
[15:15:42.226]: (0.4, 2.0, 2.4) 5
[15:15:42.249]: (0.3, 2.0, 2.4) 5
[15:15:42.274]: (0.3, 2.0, 2.4) 5
[15:15:42.296]: (0.3, 2.0, 2.4) 5
[15:15:42.316]: (0.3, 2.0, 2.4) 5
[15:15:42.338]: (0.3, 2.0, 2.4) 5
[15:15:42.537]: (0.3, 1.9, 2.4) 4
[15:15:42.559]: (0.3, 1.9, 2.4) 4
[15:15:43.057]: (-0.5, 2.2, 2.3) 3
[15:15:43.080]: (-0.6, 2.4, 3.1) 10
[15:15:43.097]: (-0.5, 2.2, 2.3) 3
[15:15:43.120]: (-0.5, 2.2, 2.3) 3
[15:15:43.143]: (-0.5, 2.3, 2.3) 3
[15:15:43.164]: (-0.5, 2.4, 3.0) 9
[15:15:43.186]: (-0.5, 2.4, 3.0) 9
[15:15:43.212]: (-0.5, 2.2, 2.3) 3
[15:15:43.235]: (-0.5, 2.2, 2.3) 3
[15:15:43.253]: (-0.5, 2.2, 2.4) 5
[15:15:43.273]: (-0.4, 2.2, 2.4) 5
[15:15:43.291]: (-0.4, 2.2, 2.4) 5
[15:15:43.309]: (-0.4, 2.2, 2.4) 5
[15:15:43.327]: (-0.4, 2.2, 2.4) 5
[15:15:43.346]: (-0.4, 2.2, 2.4) 5
[15:15:43.365]: (-0.4, 2.2, 2.4) 5
[15:15:43.384]: (-0.4, 2.2, 2.4) 5
[15:15:43.402]: (-0.4, 2.2, 2.4) 5
[15:15:43.420]: (-0.4, 2.1, 2.4) 5
[15:15:43.439]: (-0.5, 2.1, 2.4) 5
[15:15:43.458]: (-0.5, 2.1, 2.4) 5
[15:15:43.480]: (-0.5, 2.3, 3.0) 9
[15:15:43.498]: (-0.5, 2.4, 3.1) 9
[15:15:43.892]: (-0.1, 2.7, 2.9) 9
[15:15:43.911]: (-0.1, 2.7, 2.9) 9
[15:15:43.963]: (0.0, 2.7, 2.9) 9
[15:15:43.996]: (0.0, 2.4, 2.3) 5
[15:15:44.029]: (0.0, 2.7, 2.9) 9
[15:15:44.062]: (0.0, 2.7, 2.9) 9
[15:15:44.096]: (0.0, 2.4, 2.3) 5
[15:15:44.126]: (0.0, 2.4, 2.3) 5
[15:15:44.163]: (0.0, 2.4, 2.3) 5
[15:15:45.394]: (0.1, 2.3, 2.2) 4
[15:15:45.686]: (0.2, 2.7, 2.9) 9
[15:15:45.709]: (0.2, 2.8, 2.9) 9
[15:15:45.729]: (0.2, 2.8, 2.9) 9
[15:15:45.751]: (0.2, 2.7, 2.9) 9
[15:15:45.773]: (0.2, 2.8, 2.9) 9
[15:15:45.794]: (0.2, 2.8, 2.9) 9
[15:15:45.817]: (0.2, 2.8, 2.9) 9
[15:15:45.839]: (0.2, 2.8, 2.9) 9
[15:15:45.862]: (0.2, 2.8, 2.8) 9
[15:15:45.884]: (0.2, 2.8, 2.9) 9
[15:15:46.086]: (0.1, 2.4, 2.2) 4
[15:15:46.111]: (0.2, 2.3, 2.2) 4
[15:15:46.133]: (0.2, 2.3, 2.2) 4
[15:15:46.154]: (0.2, 2.4, 2.2) 4
[15:15:46.395]: (0.9, 2.5, 2.8) 9
[15:15:46.418]: (0.9, 2.5, 2.8) 9
[15:15:46.445]: (0.9, 2.5, 2.9) 9
[15:15:46.489]: (0.9, 2.5, 2.9) 9
[15:15:46.613]: (0.8, 2.3, 2.2) 5
[15:15:46.647]: (0.8, 2.3, 2.2) 5
[15:15:46.682]: (0.8, 2.3, 2.2) 5
[15:15:46.717]: (0.8, 2.2, 2.2) 5
[15:15:46.750]: (0.8, 2.2, 2.2) 5
[15:15:46.814]: (0.7, 2.1, 2.2) 4
[15:15:46.847]: (0.7, 2.1, 2.2) 4
[15:15:46.880]: (0.7, 2.1, 2.2) 4
[15:15:46.914]: (0.7, 2.1, 2.2) 4
[15:15:46.947]: (0.7, 2.1, 2.2) 4
[15:15:46.981]: (0.7, 2.1, 2.2) 4
[15:15:47.013]: (0.7, 2.1, 2.2) 4
[15:15:47.047]: (0.8, 2.2, 2.2) 5
[15:15:47.080]: (0.8, 2.2, 2.2) 5
[15:15:47.181]: (0.8, 2.2, 2.2) 5
[15:15:47.248]: (1.0, 2.5, 2.8) 9
[15:15:47.280]: (1.0, 2.6, 2.8) 9
[15:15:47.302]: (0.9, 2.6, 2.8) 9
[15:15:47.346]: (0.7, 2.3, 2.2) 5
[15:15:47.377]: (0.7, 2.3, 2.2) 5
[15:15:47.399]: (0.7, 2.2, 2.2) 5
[15:15:47.420]: (0.7, 2.2, 2.2) 5
[15:15:47.440]: (1.0, 2.5, 2.8) 10
[15:15:47.461]: (1.0, 2.5, 2.8) 10
[15:15:47.594]: (0.7, 2.0, 2.3) 5
[15:15:47.616]: (0.8, 2.1, 2.3) 5
[15:15:47.640]: (0.8, 2.1, 2.3) 5
[15:15:47.662]: (0.8, 2.1, 2.3) 5
[15:15:47.839]: (0.7, 2.0, 2.3) 5
[15:15:48.175]: (0.7, 2.1, 2.3) 5
[15:15:48.196]: (0.7, 2.1, 2.3) 5
[15:15:48.220]: (0.7, 2.1, 2.3) 5
[15:15:48.241]: (0.7, 2.1, 2.3) 5
[15:15:48.263]: (0.7, 2.1, 2.3) 5
[15:15:48.287]: (0.7, 2.1, 2.3) 5
[15:15:48.310]: (0.7, 2.1, 2.3) 5
[15:15:48.330]: (0.7, 2.1, 2.3) 5
[15:15:48.353]: (0.7, 2.0, 2.3) 5
[15:15:48.375]: (0.7, 2.0, 2.3) 5
[15:15:48.400]: (0.7, 2.0, 2.3) 5
[15:15:48.422]: (0.7, 2.0, 2.3) 5
[15:15:48.444]: (0.7, 2.0, 2.3) 5
[15:15:48.464]: (0.7, 2.0, 2.3) 5
[15:15:48.604]: (0.5, 1.9, 2.3) 4
[15:15:48.666]: (0.5, 1.9, 2.3) 4
[15:15:48.683]: (0.5, 1.9, 2.3) 4
[15:15:48.701]: (0.5, 1.9, 2.3) 4
[15:15:48.718]: (0.5, 1.9, 2.3) 4
[15:15:48.736]: (0.5, 1.9, 2.4) 4
[15:15:48.876]: (0.5, 1.9, 2.4) 4
[15:15:48.894]: (0.5, 1.9, 2.3) 4
[15:15:48.963]: (0.6, 2.0, 2.3) 5
[15:15:49.229]: (0.5, 2.1, 3.1) 10
[15:15:49.263]: (0.5, 2.1, 3.1) 10
[15:15:49.300]: (0.5, 2.0, 3.1) 9
[15:15:49.328]: (0.5, 2.1, 3.1) 9
[15:15:49.360]: (0.5, 2.1, 3.1) 9
[15:15:49.391]: (0.5, 2.1, 3.1) 9
[15:15:49.426]: (0.5, 2.1, 3.1) 9
[15:15:49.690]: (0.5, 2.1, 3.1) 9
[15:15:49.723]: (0.5, 1.8, 2.4) 5
[15:15:49.745]: (0.5, 1.8, 2.4) 5
[15:15:49.767]: (0.5, 1.8, 2.4) 5
[15:15:49.790]: (0.5, 1.8, 2.4) 5
[15:15:49.812]: (0.5, 1.8, 2.4) 5
[15:15:49.834]: (0.5, 1.8, 2.4) 5
[15:15:49.859]: (0.5, 1.8, 2.4) 5
[15:15:49.879]: (0.5, 1.8, 2.5) 5
[15:15:49.903]: (0.5, 1.8, 2.5) 5
[15:15:49.926]: (0.5, 1.8, 2.5) 5
[15:15:49.946]: (0.5, 1.8, 2.5) 5
[15:15:49.968]: (0.5, 1.8, 2.5) 5
[15:15:49.992]: (0.5, 1.8, 2.5) 5
[15:15:50.012]: (0.5, 1.8, 2.5) 5
[15:15:50.036]: (0.5, 1.8, 2.5) 5
[15:15:50.057]: (0.5, 1.8, 2.5) 5
[15:15:50.168]: (0.5, 2.0, 3.1) 9
[15:15:50.212]: (0.5, 1.8, 2.5) 5
[15:15:50.233]: (0.5, 1.8, 2.5) 5
[15:15:50.255]: (0.5, 1.8, 2.5) 5
[15:15:50.280]: (0.5, 1.8, 2.5) 5
[15:15:50.300]: (0.5, 1.8, 2.5) 5
[15:15:50.322]: (0.5, 1.8, 2.5) 5
[15:15:50.346]: (0.5, 1.8, 2.5) 5
[15:15:50.368]: (0.5, 1.8, 2.5) 5
[15:15:50.389]: (0.5, 1.8, 2.5) 5
[15:15:50.411]: (0.5, 1.8, 2.5) 5
[15:15:50.433]: (0.5, 1.8, 2.5) 5
[15:15:50.457]: (0.5, 1.8, 2.5) 5
[15:15:50.478]: (0.5, 1.8, 2.5) 5
[15:15:50.500]: (0.5, 1.8, 2.4) 5
[15:15:50.523]: (0.5, 1.8, 2.5) 5
[15:15:50.683]: (0.5, 1.8, 2.5) 5
[15:15:50.704]: (0.5, 1.8, 2.5) 5
[15:15:50.727]: (0.5, 1.8, 2.5) 5
[15:15:50.749]: (0.5, 1.8, 2.5) 5
[15:15:50.772]: (0.5, 1.8, 2.5) 5
[15:15:50.794]: (0.5, 1.8, 2.5) 5
[15:15:50.816]: (0.5, 1.8, 2.5) 5
[15:15:50.838]: (0.5, 1.8, 2.4) 5
[15:15:50.860]: (0.5, 1.8, 2.4) 5
[15:15:50.882]: (0.5, 1.8, 2.4) 5
[15:15:50.905]: (0.5, 1.8, 2.5) 5
[15:15:50.927]: (0.5, 1.8, 2.5) 5
[15:15:50.951]: (0.5, 1.8, 2.5) 5
[15:15:50.968]: (0.5, 1.8, 2.4) 5
[15:15:50.986]: (0.5, 1.8, 2.5) 5
[15:15:51.003]: (0.5, 1.8, 2.4) 5
[15:15:51.020]: (0.5, 1.8, 2.4) 5
[15:15:51.036]: (0.5, 1.8, 2.5) 5
[15:15:51.053]: (0.5, 1.8, 2.5) 5
[15:15:51.069]: (0.5, 1.8, 2.5) 5
[15:15:51.086]: (0.5, 1.8, 2.5) 5
[15:15:51.103]: (0.5, 1.8, 2.5) 5
[15:15:51.120]: (0.5, 1.8, 2.5) 5
[15:15:51.137]: (0.4, 1.8, 2.5) 5
[15:15:51.444]: (0.4, 1.8, 2.4) 4
[15:15:51.467]: (0.4, 1.8, 2.4) 4
[15:15:51.489]: (0.4, 1.8, 2.4) 4
[15:15:51.577]: (0.4, 1.8, 2.4) 4
[15:15:51.601]: (0.4, 1.8, 2.4) 4
[15:15:51.624]: (0.4, 1.8, 2.4) 4
[15:15:51.844]: (0.4, 1.8, 2.4) 4
[15:15:51.874]: (0.3, 1.8, 2.4) 4
[15:15:51.891]: (0.3, 1.8, 2.4) 4
[15:15:51.908]: (0.4, 1.8, 2.4) 4
[15:15:51.924]: (0.4, 1.8, 2.4) 4
[15:15:51.941]: (0.4, 1.8, 2.4) 4
[15:15:52.093]: (0.4, 1.8, 2.4) 4
[15:15:52.215]: (0.4, 1.8, 2.4) 4
[15:15:52.522]: (-0.2, 1.2, 1.5) 1
[15:15:52.786]: (-0.2, 1.3, 1.5) 1
[15:15:52.908]: (0.5, 2.0, 3.1) 9
[15:15:52.925]: (0.5, 2.0, 3.1) 9
[15:15:52.942]: (0.5, 2.0, 3.1) 9
[15:15:52.960]: (0.5, 2.0, 3.1) 9
[15:15:52.992]: (0.4, 1.8, 2.4) 4
[15:15:53.008]: (0.4, 1.8, 2.4) 4
[15:15:53.024]: (0.3, 1.8, 2.4) 4
[15:15:53.041]: (0.3, 1.8, 2.4) 4
[15:15:53.058]: (0.3, 1.7, 2.4) 4
[15:15:53.074]: (0.4, 1.7, 2.4) 4
[15:15:53.090]: (0.4, 1.7, 2.4) 4
[15:15:53.106]: (0.4, 1.7, 2.5) 4
[15:15:53.123]: (0.4, 1.7, 2.5) 4
[15:15:53.211]: (0.4, 1.7, 2.5) 4
[15:15:53.232]: (0.3, 1.7, 2.4) 4
[15:15:53.501]: (-0.3, 1.3, 1.5) 1
[15:15:53.566]: (-0.3, 1.3, 1.5) 1
[15:15:53.588]: (-0.3, 1.3, 1.5) 1
[15:15:54.266]: (0.5, 1.8, 2.5) 5
[15:15:54.287]: (0.5, 1.8, 2.5) 5
[15:15:54.311]: (0.5, 1.8, 2.5) 5
[15:15:54.332]: (0.5, 1.8, 2.5) 5
[15:15:54.354]: (0.5, 1.8, 2.5) 5
[15:15:54.376]: (0.4, 1.8, 2.5) 5
[15:15:54.399]: (0.4, 1.8, 2.5) 5
[15:15:54.422]: (0.5, 1.8, 2.5) 5
[15:15:54.736]: (0.5, 1.8, 2.5) 5
[15:15:55.055]: (0.5, 1.8, 2.5) 5
[15:15:55.077]: (0.5, 1.8, 2.5) 5
[15:15:55.099]: (0.4, 1.8, 2.5) 5
[15:15:55.143]: (0.6, 2.0, 3.1) 9
[15:15:55.254]: (0.4, 1.7, 2.4) 4
[15:15:55.506]: (-0.9, 1.2, 2.2) 7
[15:15:55.590]: (-0.9, 1.1, 2.1) 8
[15:15:55.637]: (-0.4, 1.1, 1.5) 2
[15:15:55.654]: (-0.5, 1.1, 1.5) 2
[15:15:55.673]: (-0.5, 1.1, 1.5) 2
[15:15:55.689]: (-0.5, 1.1, 1.5) 2
[15:15:55.833]: (-0.4, 1.1, 1.5) 2
[15:15:56.386]: (0.5, 1.8, 2.5) 5
[15:15:56.404]: (0.5, 1.8, 2.5) 5
[15:15:56.424]: (0.5, 1.8, 2.5) 5
[15:15:56.442]: (0.5, 1.8, 2.5) 5
[15:15:56.460]: (0.5, 1.8, 2.5) 5
[15:15:56.477]: (0.5, 1.8, 2.5) 5
[15:15:56.494]: (0.5, 1.8, 2.5) 5
[15:15:56.631]: (0.5, 1.8, 2.5) 5
