[15:17:21.595]: (0.3, 1.4, 3.6) 4
[15:17:21.639]: (0.4, 1.4, 3.6) 4
[15:17:21.700]: (0.5, 1.5, 3.5) 4
[15:17:22.343]: (0.6, 1.7, 3.5) 4
[15:17:22.376]: (0.6, 1.7, 3.5) 4
[15:17:22.392]: (0.6, 1.8, 3.5) 4
[15:17:22.441]: (0.6, 1.7, 3.5) 4
[15:17:22.458]: (0.6, 1.7, 3.4) 3
[15:17:22.476]: (0.7, 1.7, 3.4) 3
[15:17:22.497]: (0.7, 1.7, 3.4) 3
[15:17:22.520]: (0.7, 1.7, 3.4) 3
[15:17:22.543]: (0.7, 1.7, 3.4) 3
[15:17:22.979]: (-0.1, 1.9, 4.0) 15
[15:17:22.997]: (-0.1, 1.9, 4.0) 15
[15:17:23.013]: (-0.1, 1.9, 3.9) 14
[15:17:23.032]: (-0.1, 1.9, 4.0) 15
[15:17:23.049]: (-0.1, 1.9, 4.0) 15
[15:17:23.191]: (-0.2, 1.9, 3.8) 14
[15:17:23.208]: (-0.2, 1.9, 3.8) 14
[15:17:23.226]: (-0.1, 1.9, 3.8) 14
[15:17:23.244]: (-0.1, 1.9, 4.0) 15
[15:17:23.867]: (1.2, 1.3, 2.9) 12
[15:17:23.964]: (0.9, 1.3, 2.2) 9
[15:17:23.998]: (0.9, 1.3, 2.2) 9
[15:17:24.032]: (0.9, 1.3, 2.2) 9
[15:17:24.099]: (0.9, 1.3, 2.2) 9
[15:17:24.938]: (1.2, 1.9, 3.1) 3
[15:17:25.363]: (1.0, 1.6, 1.9) 11
[15:17:25.385]: (1.0, 1.6, 1.9) 11
[15:17:25.427]: (0.9, 1.6, 1.9) 11
[15:17:25.451]: (0.9, 1.6, 1.9) 11
[15:17:25.549]: (0.8, 1.7, 2.2) 9
[15:17:25.572]: (0.8, 1.7, 2.2) 9
[15:17:25.595]: (0.8, 1.7, 2.2) 9
[15:17:25.619]: (0.7, 1.7, 2.2) 9
[15:17:25.642]: (0.7, 1.7, 2.2) 9
[15:17:25.666]: (0.7, 1.7, 2.2) 9
[15:17:25.712]: (1.0, 1.8, 2.9) 12
[15:17:25.737]: (1.0, 1.8, 2.9) 12
[15:17:25.982]: (0.9, 2.0, 2.0) 10
[15:17:26.290]: (1.1, 2.1, 1.9) 9
[15:17:26.322]: (1.1, 2.1, 1.9) 9
[15:17:26.356]: (1.1, 2.1, 1.9) 9
[15:17:26.391]: (1.1, 2.1, 1.9) 9
[15:17:26.424]: (1.1, 2.1, 1.9) 9
[15:17:26.451]: (1.1, 2.1, 1.9) 9
[15:17:26.486]: (1.1, 2.1, 1.9) 9
[15:17:26.518]: (1.1, 2.1, 1.9) 9
[15:17:26.551]: (1.1, 2.1, 1.9) 9
[15:17:26.585]: (1.1, 2.1, 1.9) 9
[15:17:26.618]: (1.1, 2.1, 1.9) 9
[15:17:26.718]: (1.1, 2.1, 2.0) 9
[15:17:26.752]: (1.5, 2.3, 2.6) 12
[15:17:26.786]: (1.5, 2.3, 2.6) 12
[15:17:27.386]: (0.4, 1.8, 2.3) 9
[15:17:27.414]: (0.4, 1.9, 2.2) 9
[15:17:27.437]: (0.4, 1.9, 2.2) 9
[15:17:27.457]: (0.4, 1.9, 2.3) 9
[15:17:27.481]: (0.6, 2.1, 3.0) 12
[15:17:27.503]: (0.4, 1.9, 2.2) 10
[15:17:27.526]: (0.4, 1.9, 2.2) 10
[15:17:27.548]: (0.4, 1.9, 2.2) 10
[15:17:27.609]: (0.7, 2.2, 3.1) 13
[15:17:28.411]: (1.6, 2.6, 2.8) 5
[15:17:28.430]: (1.6, 2.6, 2.8) 5
[15:17:28.447]: (1.6, 2.6, 2.8) 5
[15:17:28.464]: (1.6, 2.6, 2.8) 3
[15:17:28.482]: (1.6, 2.6, 2.8) 3
[15:17:28.499]: (1.6, 2.6, 2.8) 3
[15:17:28.516]: (1.6, 2.6, 2.8) 3
[15:17:28.533]: (1.6, 2.6, 2.8) 3
[15:17:28.550]: (1.6, 2.6, 2.8) 5
[15:17:28.567]: (1.6, 2.6, 2.8) 5
[15:17:28.586]: (1.6, 2.6, 2.8) 5
[15:17:28.604]: (1.6, 2.6, 2.8) 5
[15:17:28.621]: (1.6, 2.6, 2.8) 5
[15:17:28.639]: (1.6, 2.6, 2.8) 5
[15:17:28.661]: (1.6, 2.6, 2.8) 5
[15:17:28.684]: (1.6, 2.6, 2.8) 3
[15:17:28.705]: (1.6, 2.6, 2.8) 3
[15:17:28.730]: (1.6, 2.6, 2.8) 3
[15:17:28.749]: (1.6, 2.6, 2.8) 3
[15:17:28.773]: (1.6, 2.6, 2.8) 3
[15:17:28.796]: (1.6, 2.6, 2.8) 3
[15:17:28.816]: (1.6, 2.6, 2.8) 3
[15:17:28.840]: (1.6, 2.6, 2.8) 3
[15:17:28.861]: (1.6, 2.6, 2.8) 3
[15:17:28.884]: (1.6, 2.6, 2.8) 3
[15:17:28.906]: (1.6, 2.6, 2.8) 3
[15:17:29.261]: (0.9, 2.6, 3.6) 15
[15:17:29.399]: (0.8, 2.5, 3.5) 14
[15:17:29.415]: (0.8, 2.5, 3.5) 14
[15:17:29.432]: (0.8, 2.5, 3.5) 14
[15:17:29.449]: (0.8, 2.5, 3.5) 14
[15:17:29.472]: (0.8, 2.5, 3.5) 14
[15:17:29.495]: (0.9, 2.6, 3.6) 15
[15:17:30.417]: (-0.1, 2.1, 2.2) 10
[15:17:30.440]: (-0.1, 2.1, 2.2) 10
[15:17:30.461]: (-0.1, 2.1, 2.2) 10
[15:17:30.534]: (-0.1, 2.1, 2.2) 10
[15:17:30.593]: (-0.1, 2.1, 2.2) 10
[15:17:30.616]: (-0.1, 2.1, 2.2) 10
[15:17:30.639]: (-0.1, 2.1, 2.2) 10
[15:17:30.660]: (-0.1, 2.1, 2.2) 10
[15:17:30.683]: (-0.1, 2.1, 2.2) 10
[15:17:30.705]: (-0.1, 2.1, 2.2) 10
[15:17:31.209]: (-0.5, 2.3, 1.9) 11
[15:17:31.270]: (-0.2, 2.5, 2.0) 10
[15:17:32.083]: (-0.2, 1.6, 2.4) 6
[15:17:32.393]: (-0.3, 1.9, 2.2) 8
[15:17:32.416]: (-0.3, 1.9, 2.2) 8
[15:17:32.442]: (-0.3, 1.9, 2.2) 8
[15:17:32.826]: (0.7, 3.2, 2.4) 12
[15:17:32.848]: (0.7, 3.2, 2.4) 12
[15:17:33.005]: (0.6, 3.2, 2.4) 12
[15:17:33.551]: (1.8, 3.5, 2.0) 4
[15:17:33.572]: (1.8, 3.5, 2.0) 4
[15:17:33.595]: (1.7, 3.5, 2.0) 3
[15:17:33.617]: (1.7, 3.5, 2.0) 3
[15:17:33.942]: (1.7, 3.6, 2.0) 5
[15:17:33.974]: (1.7, 3.6, 1.9) 3
[15:17:34.008]: (1.7, 3.6, 1.9) 3
[15:17:34.045]: (1.7, 3.6, 1.9) 3
[15:17:34.076]: (1.7, 3.6, 1.9) 3
[15:17:34.174]: (1.7, 3.6, 1.9) 3
[15:17:34.207]: (1.7, 3.6, 1.9) 3
[15:17:34.607]: (0.8, 2.7, 1.7) 9
[15:17:34.630]: (0.8, 2.7, 1.7) 9
[15:17:34.653]: (0.8, 2.7, 1.7) 9
[15:17:34.674]: (0.8, 2.7, 1.7) 9
[15:17:34.698]: (0.8, 2.7, 1.7) 9
[15:17:34.722]: (0.8, 2.7, 1.7) 9
[15:17:34.744]: (0.8, 2.7, 1.7) 9
[15:17:34.764]: (0.8, 2.7, 1.7) 9
[15:17:34.787]: (0.8, 2.7, 1.7) 9
[15:17:34.808]: (0.8, 2.7, 1.7) 9
[15:17:34.830]: (0.8, 2.8, 1.7) 9
[15:17:34.851]: (0.8, 2.7, 1.7) 9
[15:17:35.138]: (0.8, 2.7, 1.7) 9
[15:17:35.159]: (0.8, 2.8, 1.7) 9
[15:17:35.227]: (0.8, 2.8, 1.6) 9
[15:17:35.248]: (0.8, 2.8, 1.7) 9
[15:17:35.271]: (0.8, 2.8, 1.7) 9
[15:17:35.293]: (0.8, 2.7, 1.7) 9
[15:17:35.316]: (0.8, 2.7, 1.7) 9
[15:17:35.338]: (0.8, 2.7, 1.7) 9
[15:17:35.359]: (0.8, 2.7, 1.7) 9
[15:17:35.382]: (0.8, 2.7, 1.7) 9
[15:17:35.405]: (0.8, 2.7, 1.7) 9
[15:17:35.426]: (0.8, 2.7, 1.7) 9
[15:17:35.449]: (0.8, 2.8, 1.7) 9
[15:17:35.471]: (0.8, 2.7, 1.7) 9
[15:17:35.493]: (0.8, 2.7, 1.7) 9
[15:17:35.516]: (0.8, 2.7, 1.7) 9
[15:17:35.561]: (0.8, 2.8, 1.7) 9
[15:17:35.629]: (1.1, 3.2, 2.2) 12
[15:17:36.045]: (1.0, 2.7, 1.6) 9
[15:17:36.066]: (1.0, 2.7, 1.6) 9
[15:17:36.088]: (1.0, 2.7, 1.6) 9
[15:17:36.108]: (1.0, 2.7, 1.6) 9
[15:17:36.131]: (1.0, 2.7, 1.6) 9
[15:17:36.152]: (1.0, 2.7, 1.6) 9
[15:17:36.174]: (1.0, 2.7, 1.6) 9
[15:17:36.195]: (1.0, 2.7, 1.6) 9
[15:17:36.217]: (1.0, 2.7, 1.6) 9
[15:17:36.238]: (1.0, 2.7, 1.6) 9
[15:17:36.260]: (1.0, 2.7, 1.6) 9
[15:17:36.897]: (0.0, 1.9, 1.5) 2
[15:17:37.097]: (0.2, 1.9, 1.4) 0
[15:17:37.251]: (0.2, 1.9, 1.4) 0
[15:17:37.273]: (0.3, 1.9, 1.4) 0
[15:17:38.348]: (0.7, 2.5, 1.7) 8
[15:17:38.364]: (0.7, 2.5, 1.7) 8
[15:17:38.427]: (0.5, 2.0, 1.1) 1
[15:17:38.444]: (0.5, 2.0, 1.1) 1
[15:17:38.462]: (0.5, 2.0, 1.1) 1
[15:17:38.478]: (0.5, 2.0, 1.1) 1
[15:17:38.494]: (0.5, 2.0, 1.1) 1
[15:17:38.510]: (0.5, 2.0, 1.1) 1
[15:17:38.529]: (0.5, 2.0, 1.1) 1
[15:17:38.546]: (0.5, 2.0, 1.1) 1
[15:17:38.563]: (0.5, 2.0, 1.1) 1
[15:17:38.582]: (0.5, 2.0, 1.1) 1
[15:17:38.879]: (0.5, 2.0, 1.1) 1
[15:17:38.901]: (0.5, 2.0, 1.1) 1
[15:17:38.924]: (0.5, 2.0, 1.1) 1
[15:17:38.947]: (0.5, 2.0, 1.1) 1
[15:17:39.276]: (0.4, 2.1, 1.3) 2
[15:17:39.292]: (0.4, 2.1, 1.3) 2
[15:17:39.310]: (0.4, 2.1, 1.3) 2
[15:17:39.327]: (0.4, 2.1, 1.3) 2
[15:17:39.543]: (0.3, 2.0, 1.3) 2
[15:17:39.561]: (0.4, 2.0, 1.3) 2
[15:17:39.578]: (0.4, 2.0, 1.3) 2
[15:17:39.602]: (0.4, 2.0, 1.3) 2
[15:17:39.624]: (0.4, 2.0, 1.3) 2
[15:17:40.007]: (0.6, 2.5, 1.8) 7
[15:17:40.545]: (0.3, 2.0, 1.4) 2
[15:17:41.044]: (0.7, 2.5, 1.7) 8
[15:17:41.063]: (0.6, 2.5, 1.8) 8
[15:17:41.164]: (0.5, 2.0, 1.1) 1
[15:17:41.184]: (0.5, 2.0, 1.1) 1
[15:17:41.204]: (0.5, 2.0, 1.1) 1
[15:17:41.225]: (0.5, 2.0, 1.1) 1
[15:17:41.246]: (0.5, 2.0, 1.1) 1
[15:17:41.265]: (0.5, 2.0, 1.1) 1
[15:17:41.282]: (0.5, 2.0, 1.1) 1
[15:17:41.299]: (0.5, 2.0, 1.1) 1
[15:17:41.320]: (0.5, 2.0, 1.1) 1
[15:17:41.338]: (0.5, 2.0, 1.1) 1
[15:17:41.356]: (0.5, 2.0, 1.1) 1
[15:17:41.376]: (0.5, 2.0, 1.1) 1
[15:17:41.395]: (0.5, 2.0, 1.1) 1
[15:17:41.413]: (0.5, 2.0, 1.1) 1
[15:17:41.434]: (0.5, 2.0, 1.1) 1
[15:17:41.458]: (0.5, 2.0, 1.1) 1
[15:17:41.525]: (0.6, 2.5, 1.8) 8
[15:17:41.546]: (0.6, 2.6, 1.8) 8
[15:17:41.567]: (0.6, 2.5, 1.8) 8
[15:17:41.591]: (0.6, 2.5, 1.7) 8
[15:17:41.612]: (0.6, 2.5, 1.7) 8
[15:17:41.679]: (0.7, 2.5, 1.8) 8
[15:17:41.703]: (0.7, 2.5, 1.8) 8
[15:17:41.723]: (0.6, 2.5, 1.8) 8
[15:17:41.746]: (0.7, 2.5, 1.8) 8
[15:17:41.790]: (0.7, 2.5, 1.7) 8
[15:17:41.808]: (0.7, 2.5, 1.7) 8
[15:17:41.898]: (0.7, 2.5, 1.7) 8
[15:17:41.916]: (0.7, 2.5, 1.7) 8
[15:17:41.934]: (0.7, 2.5, 1.7) 8
[15:17:42.108]: (0.6, 2.5, 1.7) 8
[15:17:42.134]: (0.6, 2.5, 1.7) 8
[15:17:44.966]: (1.2, 3.1, 2.3) 12
[15:17:45.010]: (1.2, 3.1, 2.3) 12
[15:17:45.032]: (1.2, 3.0, 2.3) 12
[15:17:45.055]: (1.2, 3.0, 2.3) 12
[15:17:45.078]: (1.2, 3.0, 2.3) 12
[15:17:45.099]: (1.2, 3.0, 2.2) 12
[15:17:45.121]: (1.2, 3.0, 2.2) 12
[15:17:45.258]: (0.9, 2.5, 1.8) 9
[15:17:45.430]: (0.7, 2.4, 1.7) 11
[15:17:45.554]: (-0.4, 2.2, 2.8) 17
[15:17:45.601]: (-0.1, 1.7, 1.5) 0
[15:17:45.677]: (-0.1, 1.7, 1.5) 2
[15:17:45.698]: (-0.1, 1.7, 1.5) 2
[15:17:45.744]: (-0.2, 1.7, 1.6) 2
[15:17:45.789]: (-0.2, 1.7, 1.5) 2
[15:17:45.810]: (-0.1, 1.7, 1.5) 0
[15:17:46.109]: (-0.2, 1.7, 1.5) 2
[15:17:46.189]: (-0.1, 2.1, 2.2) 7
[15:17:46.236]: (-0.1, 2.1, 2.1) 7
[15:17:46.720]: (2.3, 3.3, 1.7) 4
[15:17:48.487]: (1.3, 3.1, 2.1) 12
[15:17:48.843]: (0.8, 2.4, 1.6) 11
[15:17:48.910]: (1.0, 2.5, 1.6) 9
[15:17:48.931]: (1.0, 2.5, 1.6) 9
[15:17:48.954]: (1.0, 2.5, 1.7) 9
[15:17:48.976]: (1.0, 2.5, 1.7) 9
[15:17:48.998]: (1.0, 2.6, 1.7) 9
[15:17:49.019]: (1.0, 2.6, 1.7) 9
[15:17:49.044]: (1.0, 2.6, 1.7) 9
[15:17:49.067]: (1.0, 2.6, 1.7) 9
[15:17:49.089]: (1.0, 2.6, 1.7) 9
[15:17:49.135]: (1.0, 2.6, 1.6) 9
[15:17:49.248]: (0.3, 2.1, 2.1) 8
[15:17:49.267]: (0.3, 2.1, 2.0) 8
[15:17:49.334]: (0.2, 2.0, 2.2) 7
[15:17:49.447]: (0.2, 2.1, 2.1) 7
[15:17:49.468]: (0.2, 2.1, 2.1) 7
[15:17:49.491]: (0.2, 2.1, 2.1) 7
[15:17:49.512]: (0.2, 2.1, 2.1) 7
[15:17:49.535]: (0.2, 2.1, 2.1) 7
[15:17:49.558]: (0.2, 2.1, 2.1) 7
[15:17:49.575]: (0.2, 2.1, 2.1) 7
[15:17:49.592]: (0.2, 2.1, 2.1) 7
[15:17:49.610]: (0.2, 2.1, 2.1) 7
[15:17:49.659]: (0.0, 1.6, 1.5) 0
[15:17:49.677]: (0.0, 1.7, 1.5) 2
[15:17:49.752]: (0.1, 1.6, 1.6) 0
[15:17:49.769]: (0.0, 1.6, 1.6) 0
[15:17:49.787]: (0.0, 1.6, 1.6) 0
[15:17:49.803]: (0.0, 1.7, 1.5) 0
[15:17:49.820]: (0.1, 1.7, 1.5) 2
[15:17:49.836]: (0.0, 1.7, 1.5) 0
[15:17:49.853]: (0.0, 1.6, 1.6) 0
[15:17:49.869]: (0.0, 1.6, 1.5) 0
[15:17:49.885]: (0.0, 1.7, 1.5) 2
[15:17:50.477]: (2.2, 3.4, 1.6) 4
[15:17:50.519]: (2.1, 3.3, 1.7) 3
[15:17:50.540]: (2.1, 3.3, 1.7) 3
[15:17:50.658]: (2.8, 3.4, 1.3) 14
[15:17:50.683]: (2.8, 3.4, 1.4) 14
[15:17:50.703]: (2.8, 3.3, 1.4) 14
[15:17:51.560]: (1.1, 2.8, 2.4) 12
[15:17:51.660]: (2.7, 3.3, 1.5) 14
[15:17:53.585]: (1.1, 2.0, 1.9) 9
[15:17:53.601]: (1.1, 1.9, 1.9) 9
[15:17:53.633]: (1.1, 2.0, 1.9) 9
[15:17:53.801]: (0.0, 1.3, 1.6) 2
[15:17:53.818]: (0.0, 1.3, 1.6) 2
[15:17:53.835]: (0.1, 1.3, 1.6) 2
[15:17:53.852]: (0.1, 1.3, 1.6) 2
[15:17:53.870]: (0.1, 1.3, 1.6) 2
[15:17:53.887]: (0.1, 1.3, 1.6) 2
[15:17:53.903]: (0.1, 1.3, 1.6) 2
[15:17:53.920]: (0.1, 1.3, 1.6) 2
[15:17:54.319]: (0.3, 1.2, 1.4) 1
[15:17:54.430]: (1.2, 1.9, 1.9) 9
[15:17:54.693]: (1.2, 1.9, 1.9) 9
[15:17:54.710]: (1.1, 1.9, 1.9) 9
[15:17:54.727]: (1.2, 1.9, 1.9) 9
[15:17:54.744]: (1.2, 1.9, 1.9) 9
[15:17:54.762]: (1.2, 1.9, 1.9) 9
[15:17:54.778]: (1.2, 1.9, 1.9) 9
[15:17:54.796]: (1.2, 1.9, 1.9) 9
[15:17:54.817]: (1.2, 1.9, 1.9) 9
[15:17:54.840]: (1.2, 1.9, 1.9) 9
[15:17:55.212]: (1.2, 2.0, 1.7) 10
[15:17:55.230]: (1.2, 2.0, 1.7) 10
[15:17:55.277]: (1.2, 2.0, 1.7) 10
[15:17:55.293]: (1.2, 2.0, 1.7) 10
[15:17:55.311]: (1.2, 2.0, 1.7) 10
[15:17:55.328]: (1.2, 1.9, 1.7) 10
[15:17:55.345]: (1.3, 1.9, 1.7) 10
[15:17:55.362]: (1.2, 1.9, 1.7) 10
[15:17:55.380]: (1.3, 1.9, 1.7) 10
[15:17:55.396]: (1.3, 1.9, 1.7) 10
[15:17:55.413]: (1.3, 1.9, 1.7) 10
[15:17:55.431]: (1.2, 1.9, 1.7) 10
[15:17:55.448]: (1.2, 2.0, 1.7) 10
[15:17:55.464]: (1.3, 2.0, 1.7) 10
[15:17:55.482]: (1.3, 2.0, 1.7) 10
[15:17:55.499]: (1.3, 2.0, 1.7) 10
[15:17:55.517]: (1.3, 2.0, 1.7) 10
[15:17:55.535]: (1.2, 2.0, 1.7) 10
[15:17:55.553]: (1.2, 2.0, 1.7) 10
[15:17:55.570]: (1.2, 2.0, 1.7) 10
[15:17:55.586]: (1.2, 2.0, 1.7) 10
[15:17:55.604]: (1.2, 2.0, 1.7) 10
[15:17:55.622]: (1.2, 2.0, 1.7) 10
[15:17:59.026]: (1.6, 2.1, 2.4) 12
[15:17:59.057]: (1.5, 2.1, 2.4) 12
[15:17:59.073]: (1.6, 2.1, 2.4) 12
[15:17:59.090]: (1.6, 2.0, 2.4) 12
[15:17:59.108]: (1.6, 2.1, 2.4) 12
[15:17:59.125]: (1.6, 2.0, 2.4) 12
[15:17:59.142]: (1.6, 2.0, 2.4) 12
[15:17:59.160]: (1.6, 2.0, 2.4) 12
[15:17:59.178]: (1.6, 2.0, 2.4) 12
[15:17:59.197]: (1.6, 2.0, 2.4) 12
[15:17:59.214]: (1.6, 2.0, 2.4) 12
[15:17:59.230]: (1.6, 2.0, 2.4) 12
[15:17:59.247]: (1.6, 2.0, 2.4) 12
[15:17:59.264]: (1.6, 2.0, 2.4) 12
[15:17:59.281]: (1.6, 2.0, 2.4) 12
[15:17:59.297]: (1.6, 2.0, 2.4) 12
[15:17:59.314]: (1.6, 2.0, 2.4) 12
[15:17:59.330]: (1.6, 2.0, 2.4) 12
[15:17:59.350]: (1.6, 2.0, 2.4) 12
[15:17:59.369]: (1.6, 2.0, 2.4) 12
[15:17:59.715]: (1.2, 1.7, 1.8) 9
[15:18:00.256]: (1.2, 1.7, 1.8) 9
[15:18:00.273]: (1.2, 1.7, 1.9) 9
[15:18:00.350]: (1.1, 1.7, 1.9) 9
[15:18:00.813]: (1.1, 1.8, 1.8) 9
[15:18:00.988]: (1.6, 2.0, 2.4) 12
[15:18:01.005]: (1.2, 1.7, 1.8) 9
[15:18:01.159]: (1.6, 2.1, 2.4) 12
[15:18:01.193]: (1.6, 2.0, 2.4) 12
[15:18:01.215]: (1.6, 2.0, 2.4) 12
[15:18:01.237]: (1.6, 2.1, 2.4) 12
[15:18:02.853]: (1.2, 1.7, 1.8) 9
[15:18:03.037]: (1.2, 1.8, 1.7) 10
[15:18:03.081]: (1.2, 1.8, 1.7) 10
[15:18:03.103]: (1.2, 1.8, 1.7) 10
[15:18:03.170]: (1.2, 1.7, 1.9) 9
[15:18:03.326]: (1.2, 1.7, 1.9) 9
[15:18:03.348]: (1.2, 1.7, 1.8) 9
[15:18:03.370]: (1.2, 1.7, 1.9) 9
[15:18:03.386]: (1.2, 1.7, 1.9) 9
[15:18:03.403]: (1.2, 1.7, 1.9) 9
[15:18:03.419]: (1.2, 1.7, 1.8) 9
[15:18:03.437]: (1.2, 1.7, 1.8) 9
[15:18:04.147]: (1.2, 1.7, 1.9) 9
[15:18:04.504]: (1.2, 1.7, 1.8) 9
[15:18:04.521]: (1.2, 1.7, 1.8) 9
[15:18:04.770]: (1.2, 1.7, 1.8) 9
[15:18:04.792]: (1.2, 1.7, 1.8) 9
[15:18:04.858]: (1.2, 1.7, 1.9) 9
[15:18:04.880]: (1.2, 1.7, 1.9) 9
[15:18:04.902]: (1.2, 1.7, 1.9) 9
[15:18:04.925]: (1.2, 1.7, 1.9) 9
[15:18:04.969]: (1.2, 1.7, 1.9) 9
[15:18:04.992]: (1.2, 1.7, 1.9) 9
[15:18:05.014]: (1.2, 1.7, 1.9) 9
[15:18:05.036]: (1.2, 1.7, 1.9) 9
[15:18:05.058]: (1.2, 1.7, 1.9) 9
[15:18:05.080]: (1.2, 1.7, 1.9) 9
[15:18:06.568]: (0.0, 1.1, 1.6) 2
[15:18:06.613]: (0.0, 1.2, 2.9) 17
[15:18:08.189]: (1.6, 2.1, 2.4) 12
[15:18:08.567]: (2.4, 2.5, 2.0) 5
[15:18:08.590]: (2.4, 2.5, 1.9) 3
