[15:33:53.462]: (0.7, 0.8, 1.6) 16
[15:33:53.487]: (0.7, 0.8, 1.6) 16
[15:33:53.507]: (0.7, 0.9, 1.6) 16
[15:33:53.528]: (0.9, 1.0, 1.7) 18
[15:33:53.551]: (0.9, 1.0, 1.7) 18
[15:33:53.574]: (0.8, 1.1, 1.5) 16
[15:33:53.597]: (0.8, 1.1, 1.5) 16
[15:33:53.619]: (1.2, 1.1, 2.3) 33
[15:33:53.642]: (1.3, 1.1, 2.3) 33
[15:33:53.771]: (1.3, 1.4, 1.5) 17
[15:33:54.005]: (1.4, 1.5, 1.3) 12
[15:33:54.038]: (1.2, 1.5, 1.1) 14
[15:33:54.069]: (1.3, 1.5, 1.3) 12
[15:33:54.105]: (1.2, 1.5, 1.4) 12
[15:33:54.171]: (1.1, 1.5, 1.2) 14
[15:33:54.273]: (1.1, 1.6, 1.2) 14
[15:33:54.303]: (1.1, 1.6, 1.2) 14
[15:33:54.339]: (1.0, 1.6, 1.2) 14
[15:33:54.371]: (1.0, 1.6, 1.2) 14
[15:33:54.393]: (1.0, 1.6, 1.3) 14
[15:33:54.416]: (1.0, 1.6, 1.3) 14
[15:33:54.438]: (1.0, 1.6, 1.3) 14
[15:33:54.460]: (1.0, 1.6, 1.3) 9
[15:33:54.482]: (1.0, 1.6, 1.3) 9
[15:33:54.502]: (1.0, 1.6, 1.3) 9
[15:33:54.525]: (1.0, 1.6, 1.3) 9
[15:33:54.569]: (1.1, 1.7, 1.3) 13
[15:33:54.594]: (1.1, 1.7, 1.3) 13
[15:33:54.615]: (1.1, 1.7, 1.3) 13
[15:33:54.637]: (1.0, 1.7, 1.3) 13
[15:33:54.793]: (1.1, 1.6, 1.3) 9
[15:33:54.932]: (0.3, 2.2, 2.8) 3
[15:33:54.954]: (0.3, 2.2, 2.5) 4
[15:33:54.971]: (0.4, 2.2, 2.8) 3
[15:33:54.988]: (0.3, 2.1, 2.5) 4
[15:33:55.010]: (0.3, 2.2, 2.8) 3
[15:33:55.032]: (0.3, 2.1, 2.6) 4
[15:33:55.079]: (0.3, 2.2, 2.8) 3
[15:33:55.100]: (0.3, 2.2, 2.7) 3
[15:33:55.122]: (0.3, 2.2, 2.8) 3
[15:33:55.276]: (0.1, 2.2, 2.5) 8
[15:33:55.299]: (0.1, 2.2, 2.5) 8
[15:33:55.322]: (0.1, 2.2, 2.5) 8
[15:33:55.411]: (-0.3, 2.7, 3.8) 24
[15:33:55.432]: (-0.2, 2.8, 3.8) 21
[15:33:55.455]: (-0.2, 2.8, 3.8) 21
[15:33:55.477]: (-0.2, 2.8, 3.8) 21
[15:33:55.499]: (-0.2, 2.9, 3.9) 22
[15:33:55.522]: (-0.1, 2.9, 3.9) 22
[15:33:55.569]: (-0.1, 2.9, 4.0) 23
[15:33:55.895]: (0.5, 2.3, 2.6) 3
[15:33:55.918]: (0.5, 2.3, 2.6) 3
[15:33:55.940]: (0.5, 2.3, 2.6) 3
[15:33:56.104]: (0.7, 2.5, 2.3) 8
[15:33:56.125]: (0.8, 2.5, 2.5) 3
[15:33:56.147]: (0.8, 2.5, 2.5) 3
[15:33:56.172]: (0.8, 2.5, 2.5) 3
[15:33:56.331]: (0.7, 2.3, 2.3) 4
[15:33:56.352]: (0.7, 2.3, 2.2) 6
[15:33:56.802]: (1.2, 2.1, 1.4) 17
[15:33:56.820]: (1.0, 2.0, 1.2) 16
[15:33:56.837]: (1.0, 2.0, 1.1) 16
[15:33:56.854]: (1.0, 2.0, 1.1) 16
[15:33:56.871]: (1.0, 2.0, 1.1) 16
[15:33:56.889]: (1.0, 2.0, 1.1) 16
[15:33:56.909]: (1.0, 2.0, 1.1) 16
[15:33:56.929]: (1.0, 2.0, 1.1) 16
[15:33:56.950]: (1.0, 2.0, 1.1) 16
[15:33:56.974]: (1.0, 2.1, 1.1) 16
[15:33:57.392]: (0.4, 2.7, 0.8) 14
[15:33:57.427]: (0.5, 2.7, 0.8) 9
[15:33:57.462]: (0.5, 2.7, 0.8) 9
[15:33:57.493]: (0.6, 2.8, 1.0) 11
[15:33:57.525]: (0.6, 2.8, 1.0) 11
[15:33:57.556]: (0.6, 2.8, 1.0) 11
[15:33:57.588]: (0.6, 2.7, 1.0) 11
[15:33:57.623]: (0.6, 2.8, 1.1) 11
[15:33:57.689]: (0.6, 2.8, 1.1) 18
[15:33:57.723]: (0.6, 2.6, 0.9) 10
[15:33:57.755]: (0.6, 2.6, 0.9) 10
[15:33:57.788]: (0.6, 2.6, 0.9) 10
[15:33:57.822]: (0.6, 2.6, 1.0) 16
[15:33:57.854]: (0.6, 2.6, 1.0) 10
[15:33:58.166]: (0.2, 2.5, 1.1) 16
[15:33:58.189]: (0.2, 2.6, 1.1) 10
[15:33:58.210]: (0.2, 2.6, 1.1) 10
[15:33:58.232]: (0.2, 2.5, 1.2) 10
[15:33:58.252]: (0.2, 2.5, 1.2) 10
[15:33:58.275]: (0.2, 2.5, 1.2) 15
[15:33:58.296]: (0.2, 2.5, 1.2) 15
[15:33:58.318]: (0.2, 2.5, 1.2) 15
[15:33:58.626]: (0.2, 2.3, 1.5) 20
[15:33:58.732]: (0.6, 2.6, 2.2) 37
[15:33:58.753]: (0.6, 2.6, 2.3) 36
[15:33:58.777]: (0.3, 2.2, 1.5) 20
[15:33:58.799]: (0.3, 2.2, 1.6) 12
[15:33:58.820]: (0.3, 2.2, 1.6) 12
[15:33:58.887]: (0.3, 2.1, 1.5) 9
[15:33:58.955]: (0.3, 2.1, 1.5) 9
[15:33:58.977]: (0.3, 2.1, 1.5) 9
[15:33:58.998]: (0.3, 2.1, 1.5) 9
[15:33:59.021]: (0.3, 2.1, 1.5) 9
[15:33:59.043]: (0.3, 2.1, 1.4) 14
[15:33:59.295]: (0.7, 2.3, 1.2) 13
[15:33:59.318]: (0.7, 2.3, 1.2) 13
[15:33:59.401]: (0.8, 2.4, 1.3) 18
[15:33:59.423]: (0.6, 2.3, 1.0) 16
[15:33:59.447]: (0.6, 2.3, 1.1) 16
[15:33:59.767]: (0.1, 2.2, 1.6) 20
[15:33:59.791]: (0.1, 2.2, 1.6) 20
[15:33:59.813]: (0.1, 2.2, 1.6) 20
[15:33:59.835]: (0.1, 2.2, 1.6) 20
[15:33:59.855]: (0.1, 2.2, 1.6) 20
[15:33:59.879]: (0.1, 2.2, 1.6) 20
[15:33:59.909]: (0.1, 2.2, 1.6) 20
[15:33:59.942]: (0.1, 2.2, 1.6) 20
[15:33:59.976]: (0.1, 2.2, 1.6) 12
[15:34:00.009]: (0.1, 2.2, 1.6) 20
[15:34:00.076]: (0.1, 2.2, 1.6) 20
[15:34:00.109]: (0.1, 2.2, 1.6) 12
[15:34:00.142]: (0.1, 2.2, 1.6) 20
[15:34:00.177]: (0.1, 2.2, 1.6) 12
[15:34:00.209]: (0.1, 2.2, 1.6) 12
[15:34:00.242]: (0.4, 2.5, 2.4) 31
[15:34:00.308]: (0.3, 2.4, 2.3) 37
[15:34:00.343]: (0.1, 2.1, 1.6) 12
[15:34:00.779]: (-0.3, 2.2, 1.5) 15
[15:34:00.800]: (-0.3, 2.2, 1.5) 15
[15:34:00.823]: (-0.3, 2.2, 1.5) 15
[15:34:00.889]: (-0.3, 2.1, 1.4) 14
[15:34:00.911]: (-0.2, 2.1, 1.4) 14
[15:34:00.935]: (-0.2, 2.1, 1.4) 14
[15:34:00.958]: (-0.2, 2.2, 1.4) 14
[15:34:00.980]: (-0.1, 2.2, 1.4) 14
[15:34:01.002]: (-0.1, 2.3, 1.6) 12
[15:34:01.024]: (-0.1, 2.2, 1.4) 14
[15:34:01.046]: (-0.1, 2.1, 1.4) 14
[15:34:01.067]: (-0.1, 2.1, 1.4) 14
[15:34:01.089]: (-0.1, 2.1, 1.4) 14
[15:34:01.112]: (-0.1, 2.1, 1.4) 14
[15:34:01.246]: (0.2, 2.1, 1.4) 14
[15:34:01.268]: (0.2, 2.2, 1.6) 19
[15:34:01.292]: (0.2, 2.1, 1.4) 14
[15:34:01.314]: (0.2, 2.1, 1.4) 14
[15:34:01.336]: (0.3, 2.2, 1.6) 19
[15:34:01.358]: (0.3, 2.2, 1.6) 19
[15:34:01.382]: (0.3, 2.1, 1.4) 14
[15:34:01.406]: (0.3, 2.1, 1.3) 14
[15:34:01.432]: (0.3, 2.2, 1.5) 12
[15:34:01.478]: (0.5, 2.1, 1.3) 16
[15:34:01.498]: (0.5, 2.1, 1.3) 16
[15:34:01.520]: (0.5, 2.1, 1.4) 16
[15:34:01.541]: (0.5, 2.1, 1.3) 16
[15:34:01.668]: (0.3, 2.2, 1.4) 10
[15:34:01.691]: (0.3, 2.2, 1.4) 10
[15:34:01.712]: (0.3, 2.2, 1.4) 10
[15:34:01.734]: (0.3, 2.2, 1.4) 10
[15:34:01.755]: (0.3, 2.2, 1.4) 10
[15:34:01.779]: (0.3, 2.2, 1.4) 10
[15:34:01.802]: (0.3, 2.2, 1.4) 10
[15:34:01.846]: (0.2, 2.3, 1.5) 20
[15:34:01.870]: (0.2, 2.3, 1.5) 20
[15:34:01.886]: (0.2, 2.3, 1.5) 20
[15:34:01.903]: (0.2, 2.3, 1.5) 20
[15:34:01.920]: (0.2, 2.3, 1.5) 20
[15:34:01.938]: (0.2, 2.3, 1.5) 20
[15:34:01.959]: (0.2, 2.3, 1.5) 20
[15:34:01.979]: (0.2, 2.3, 1.5) 20
[15:34:01.996]: (0.2, 2.3, 1.5) 20
[15:34:02.013]: (0.2, 2.3, 1.5) 20
[15:34:02.031]: (0.2, 2.3, 1.5) 20
[15:34:02.048]: (0.2, 2.3, 1.5) 20
[15:34:02.067]: (0.2, 2.3, 1.5) 20
[15:34:02.084]: (0.2, 2.3, 1.5) 20
[15:34:02.102]: (0.5, 2.6, 2.1) 37
[15:34:02.119]: (0.5, 2.6, 2.1) 37
[15:34:02.136]: (0.5, 2.6, 2.1) 37
[15:34:02.153]: (0.5, 2.6, 2.1) 37
[15:34:02.171]: (0.5, 2.6, 2.1) 37
[15:34:02.189]: (0.5, 2.6, 2.1) 37
[15:34:02.240]: (0.2, 2.3, 1.5) 12
[15:34:02.259]: (0.2, 2.3, 1.5) 12
[15:34:02.281]: (0.2, 2.3, 1.5) 12
[15:34:02.323]: (0.4, 2.6, 2.1) 37
[15:34:02.345]: (0.2, 2.3, 1.4) 15
[15:34:02.441]: (0.2, 2.3, 1.4) 15
[15:34:02.470]: (0.2, 2.3, 1.4) 15
[15:34:02.491]: (0.5, 2.7, 2.1) 33
[15:34:02.515]: (0.5, 2.7, 2.1) 33
[15:34:02.535]: (0.5, 2.8, 2.2) 34
[15:34:02.557]: (0.5, 2.7, 2.1) 33
[15:34:02.578]: (0.5, 2.7, 2.1) 33
[15:34:02.601]: (0.6, 2.8, 2.2) 34
[15:34:02.625]: (0.6, 2.8, 2.2) 34
[15:34:02.647]: (0.6, 2.8, 2.3) 34
[15:34:02.669]: (0.6, 2.8, 2.3) 34
[15:34:02.919]: (0.3, 2.1, 1.5) 15
[15:34:02.953]: (0.6, 2.5, 2.2) 32
[15:34:02.985]: (0.4, 2.2, 1.7) 17
[15:34:03.019]: (0.3, 2.1, 1.5) 15
[15:34:03.052]: (0.3, 2.1, 1.5) 15
[15:34:03.085]: (0.3, 2.1, 1.5) 15
[15:34:03.188]: (0.6, 2.5, 2.3) 35
[15:34:03.322]: (0.5, 2.1, 1.4) 15
[15:34:03.366]: (0.5, 2.1, 1.4) 10
[15:34:03.388]: (0.5, 2.1, 1.4) 10
[15:34:03.410]: (0.5, 2.1, 1.3) 16
[15:34:03.434]: (0.5, 2.1, 1.3) 16
[15:34:03.458]: (0.5, 2.1, 1.3) 16
[15:34:03.482]: (0.5, 2.1, 1.3) 16
[15:34:03.503]: (0.5, 2.1, 1.3) 16
[15:34:03.521]: (0.5, 2.1, 1.3) 16
[15:34:03.542]: (0.5, 2.1, 1.3) 16
[15:34:03.564]: (0.5, 2.1, 1.3) 16
[15:34:03.586]: (0.5, 2.1, 1.3) 16
[15:34:03.609]: (0.5, 2.1, 1.3) 16
[15:34:03.633]: (0.4, 2.1, 1.4) 16
[15:34:03.657]: (0.5, 2.1, 1.5) 10
[15:34:03.674]: (0.5, 2.1, 1.5) 10
[15:34:03.697]: (0.5, 2.1, 1.5) 10
[15:34:03.718]: (0.5, 2.1, 1.5) 10
[15:34:03.763]: (0.4, 2.1, 1.4) 16
[15:34:03.791]: (0.4, 2.1, 1.4) 16
[15:34:03.990]: (0.2, 1.9, 1.6) 15
[15:34:04.192]: (0.6, 2.4, 2.5) 38
[15:34:04.347]: (0.6, 3.5, 1.4) 8
[15:34:04.571]: (0.6, 3.4, 1.5) 8
[15:34:04.613]: (0.6, 3.3, 1.6) 1
[15:34:04.657]: (0.7, 3.3, 1.7) 1
[15:34:04.683]: (0.7, 3.3, 1.7) 1
[15:34:04.705]: (0.7, 3.2, 1.7) 1
[15:34:04.727]: (0.7, 3.2, 1.7) 1
[15:34:04.755]: (0.7, 3.2, 1.7) 1
[15:34:04.899]: (0.7, 3.3, 1.7) 4
[15:34:04.919]: (0.7, 3.3, 1.7) 4
[15:34:04.940]: (0.7, 3.3, 1.7) 4
[15:34:04.963]: (0.7, 3.3, 1.7) 4
[15:34:04.985]: (0.8, 3.4, 1.6) 2
[15:34:05.005]: (0.8, 3.3, 1.6) 2
[15:34:05.027]: (0.8, 3.3, 1.6) 2
[15:34:05.050]: (0.8, 3.3, 1.6) 2
[15:34:05.073]: (0.8, 3.3, 1.6) 2
[15:34:05.094]: (0.8, 3.3, 1.6) 2
[15:34:05.117]: (0.8, 3.3, 1.6) 2
[15:34:05.138]: (0.8, 3.3, 1.6) 2
[15:34:05.161]: (0.8, 3.3, 1.6) 2
[15:34:05.184]: (0.8, 3.3, 1.6) 2
[15:34:05.206]: (0.8, 3.3, 1.6) 2
[15:34:05.229]: (0.8, 3.3, 1.6) 2
[15:34:05.250]: (0.8, 3.3, 1.6) 2
[15:34:05.272]: (0.8, 3.3, 1.6) 2
[15:34:05.294]: (0.8, 3.3, 1.6) 2
[15:34:05.321]: (0.8, 3.3, 1.6) 2
[15:34:05.357]: (0.8, 3.3, 1.6) 2
[15:34:05.388]: (0.8, 3.3, 1.6) 2
[15:34:05.422]: (0.8, 3.3, 1.7) 2
[15:34:05.456]: (0.8, 3.3, 1.7) 2
[15:34:05.490]: (0.8, 3.3, 1.7) 2
[15:34:05.523]: (0.7, 3.2, 1.7) 1
[15:34:05.557]: (0.7, 3.2, 1.7) 1
[15:34:05.589]: (0.7, 3.1, 1.7) 6
[15:34:05.623]: (0.7, 3.4, 1.7) 0
[15:34:05.655]: (0.7, 3.4, 1.7) 0
[15:34:05.688]: (0.7, 3.4, 1.7) 0
[15:34:06.121]: (0.7, 3.2, 1.7) 4
[15:34:06.142]: (0.7, 3.4, 1.8) 3
[15:34:07.636]: (0.8, 2.2, 2.2) 33
[15:34:07.657]: (0.8, 2.2, 2.2) 33
[15:34:07.681]: (0.8, 2.2, 2.2) 33
[15:34:07.704]: (0.8, 2.2, 2.2) 33
[15:34:07.725]: (0.8, 2.2, 2.2) 33
[15:34:07.747]: (0.8, 2.2, 2.2) 33
[15:34:07.770]: (0.8, 2.2, 2.2) 33
[15:34:07.792]: (0.8, 2.2, 2.2) 33
[15:34:07.808]: (0.8, 2.2, 2.2) 33
[15:34:07.826]: (0.8, 2.2, 2.2) 33
[15:34:07.844]: (0.8, 2.2, 2.2) 33
[15:34:07.862]: (0.9, 2.2, 2.3) 32
[15:34:07.883]: (0.9, 2.2, 2.3) 32
[15:34:07.917]: (0.9, 2.1, 2.3) 32
[15:34:08.320]: (-0.1, 2.0, 2.5) 33
[15:34:08.418]: (-0.2, 1.9, 2.7) 31
[15:34:08.455]: (-0.1, 1.9, 2.6) 31
[15:34:08.487]: (-0.1, 1.7, 1.7) 10
[15:34:08.518]: (0.0, 1.7, 1.7) 16
[15:34:08.551]: (-0.1, 1.7, 1.7) 15
[15:34:08.706]: (-0.2, 1.9, 2.6) 35
[15:34:08.817]: (-0.2, 1.7, 1.7) 15
[15:34:09.350]: (-0.1, 2.2, 2.7) 38
[15:34:09.375]: (-0.1, 2.2, 2.7) 38
[15:34:10.236]: (-0.1, 2.2, 2.7) 38
[15:34:10.509]: (0.0, 2.0, 2.6) 32
[15:34:10.531]: (0.0, 2.0, 2.6) 32
[15:34:10.552]: (0.0, 2.0, 2.6) 32
[15:34:10.575]: (0.0, 2.0, 2.5) 33
[15:34:10.598]: (0.0, 2.0, 2.5) 33
[15:34:10.620]: (0.0, 2.0, 2.5) 33
[15:34:10.642]: (0.0, 2.0, 2.5) 33
[15:34:10.664]: (0.0, 2.0, 2.5) 33
[15:34:10.689]: (0.0, 2.0, 2.5) 33
[15:34:10.711]: (0.0, 2.0, 2.5) 33
[15:34:10.733]: (0.1, 2.1, 2.7) 34
[15:34:10.754]: (0.1, 2.1, 2.7) 34
[15:34:11.049]: (0.1, 2.0, 2.7) 34
[15:34:11.083]: (0.1, 2.0, 2.6) 32
[15:34:11.146]: (0.1, 2.0, 2.6) 32
[15:34:11.163]: (0.1, 2.0, 2.6) 32
[15:34:11.182]: (0.1, 2.0, 2.6) 32
[15:34:11.198]: (0.1, 1.9, 2.5) 32
[15:34:11.215]: (0.1, 1.9, 2.5) 32
[15:34:11.230]: (0.1, 2.0, 2.4) 33
[15:34:11.249]: (0.2, 2.0, 2.5) 33
[15:34:11.272]: (0.1, 2.0, 2.4) 33
[15:34:13.838]: (0.0, 1.8, 2.5) 35
[15:34:13.861]: (0.0, 1.8, 2.6) 35
[15:34:14.003]: (0.1, 1.8, 2.7) 36
[15:34:14.026]: (0.1, 1.8, 2.7) 31
[15:34:14.045]: (0.1, 1.8, 2.6) 31
[15:34:14.064]: (0.1, 1.8, 2.7) 31
[15:34:14.082]: (0.1, 1.8, 2.6) 31
