[15:21:23.585]: (0.2, 2.9, 3.0) 14
[15:21:23.610]: (0.2, 2.9, 3.0) 14
[15:21:23.807]: (0.1, 3.7, 4.0) 19
[15:21:23.829]: (0.2, 4.2, 5.0) 28
[15:21:23.852]: (0.1, 4.2, 5.0) 28
[15:21:23.874]: (0.1, 3.6, 4.0) 19
[15:21:23.895]: (0.1, 3.7, 4.0) 19
[15:21:23.918]: (0.1, 3.7, 4.0) 19
[15:21:23.941]: (0.2, 3.7, 4.1) 19
[15:21:24.778]: (2.5, 2.4, 2.3) 21
[15:21:24.940]: (2.3, 2.1, 1.7) 12
[15:21:24.965]: (1.7, 1.9, 1.1) 3
[15:21:24.988]: (2.2, 2.0, 1.5) 13
[15:21:25.009]: (2.3, 1.9, 1.5) 13
[15:21:25.054]: (2.2, 2.0, 1.5) 13
[15:21:25.106]: (2.1, 2.0, 1.6) 13
[15:21:25.132]: (2.1, 2.0, 1.6) 13
[15:21:25.182]: (2.1, 2.1, 1.6) 13
[15:21:25.206]: (2.1, 2.1, 1.6) 13
[15:21:25.315]: (1.1, 1.8, 0.7) 0
[15:21:25.340]: (1.1, 1.8, 0.7) 0
[15:21:25.363]: (1.1, 1.8, 0.7) 0
[15:21:25.387]: (1.0, 1.8, 0.7) 0
[15:21:25.409]: (1.0, 1.8, 0.7) 0
[15:21:25.435]: (1.0, 1.8, 0.7) 0
[15:21:25.458]: (1.1, 1.8, 0.7) 0
[15:21:25.484]: (1.0, 1.8, 0.7) 0
[15:21:25.508]: (1.0, 1.8, 0.7) 0
[15:21:25.533]: (1.0, 1.8, 0.7) 0
[15:21:25.555]: (1.0, 1.7, 0.7) 0
[15:21:25.579]: (1.0, 1.8, 0.7) 0
[15:21:25.604]: (1.0, 1.7, 0.7) 0
[15:21:25.628]: (1.0, 1.7, 0.7) 0
[15:21:25.653]: (1.0, 1.7, 0.7) 0
[15:21:25.677]: (1.0, 1.7, 0.7) 0
[15:21:25.698]: (1.0, 1.7, 0.7) 0
[15:21:25.717]: (1.0, 1.7, 0.7) 0
[15:21:25.735]: (1.0, 1.8, 0.7) 0
[15:21:25.755]: (1.0, 1.8, 0.7) 0
[15:21:25.778]: (1.0, 1.8, 0.7) 0
[15:21:25.801]: (1.0, 1.8, 0.7) 0
[15:21:25.819]: (1.0, 1.8, 0.7) 0
[15:21:25.846]: (1.0, 1.8, 0.7) 0
[15:21:25.879]: (1.0, 1.8, 0.7) 0
[15:21:25.912]: (1.0, 1.8, 0.7) 0
[15:21:25.946]: (1.0, 1.8, 0.7) 0
[15:21:25.980]: (1.0, 1.8, 0.7) 0
[15:21:26.012]: (1.0, 1.8, 0.7) 0
[15:21:26.045]: (1.0, 1.8, 0.7) 0
[15:21:26.081]: (1.0, 1.8, 0.7) 0
[15:21:26.113]: (2.1, 2.1, 1.6) 13
[15:21:26.145]: (2.1, 2.1, 1.6) 13
[15:21:26.177]: (1.5, 1.9, 1.3) 3
[15:21:26.212]: (1.5, 1.9, 1.3) 3
[15:21:26.246]: (2.1, 2.1, 1.8) 12
[15:21:26.811]: (1.3, 2.2, 1.3) 33
[15:21:26.833]: (1.3, 2.2, 1.3) 33
[15:21:26.855]: (1.3, 2.2, 1.3) 33
[15:21:26.878]: (1.3, 2.2, 1.3) 33
[15:21:26.899]: (1.3, 2.3, 1.3) 33
[15:21:26.922]: (1.3, 2.2, 1.3) 33
[15:21:27.279]: (1.3, 2.3, 1.3) 33
[15:21:27.303]: (1.3, 2.3, 1.3) 33
[15:21:27.368]: (1.3, 2.3, 1.3) 33
[15:21:27.392]: (1.3, 2.3, 1.3) 33
[15:21:27.412]: (1.3, 2.3, 1.3) 33
[15:21:27.504]: (0.8, 2.2, 2.0) 7
[15:21:27.524]: (0.7, 2.2, 2.0) 7
[15:21:27.547]: (0.7, 2.2, 2.0) 7
[15:21:27.614]: (0.7, 2.2, 2.0) 7
[15:21:27.680]: (0.7, 2.3, 2.2) 5
[15:21:27.725]: (0.6, 2.2, 2.1) 6
[15:21:27.770]: (0.6, 2.2, 2.1) 6
[15:21:27.790]: (0.6, 2.2, 2.1) 6
[15:21:27.808]: (0.7, 2.3, 2.2) 5
[15:21:27.825]: (0.6, 2.2, 2.1) 6
[15:21:27.859]: (0.6, 2.3, 2.2) 5
[15:21:27.876]: (0.6, 2.3, 2.2) 5
[15:21:27.892]: (0.7, 2.3, 2.2) 5
[15:21:27.908]: (0.6, 2.2, 2.1) 6
[15:21:27.926]: (0.7, 2.3, 2.2) 5
[15:21:27.959]: (0.8, 2.3, 2.0) 7
[15:21:28.532]: (1.0, 1.9, 0.2) 1
[15:21:28.554]: (1.0, 1.9, 0.2) 1
[15:21:28.576]: (1.0, 1.9, 0.2) 1
[15:21:28.621]: (1.0, 1.8, 0.2) 1
[15:21:29.210]: (2.5, 2.9, 2.1) 23
[15:21:29.254]: (1.5, 2.3, 1.4) 32
[15:21:29.365]: (1.5, 2.3, 1.4) 32
[15:21:29.387]: (1.3, 2.3, 1.3) 33
[15:21:29.410]: (1.4, 2.3, 1.3) 33
[15:21:29.432]: (1.3, 2.2, 1.3) 33
[15:21:29.539]: (1.3, 2.2, 1.3) 33
[15:21:29.695]: (0.7, 2.3, 2.2) 5
[15:21:30.164]: (0.0, 2.8, 5.2) 31
[15:21:30.386]: (0.0, 2.8, 5.3) 31
[15:21:30.402]: (0.0, 2.8, 5.3) 31
[15:21:30.753]: (0.3, 2.4, 3.3) 16
[15:21:32.752]: (0.6, 2.2, 2.1) 6
[15:21:32.796]: (0.5, 2.2, 2.1) 6
[15:21:32.819]: (0.5, 2.2, 2.1) 6
[15:21:32.886]: (0.5, 2.2, 2.1) 6
[15:21:32.908]: (0.5, 2.2, 2.0) 6
[15:21:32.979]: (0.5, 2.3, 2.1) 6
[15:21:33.014]: (0.5, 2.3, 2.1) 6
[15:21:33.062]: (0.5, 2.2, 2.1) 6
[15:21:33.079]: (0.5, 2.2, 2.1) 6
[15:21:33.097]: (0.5, 2.2, 2.1) 6
[15:21:33.112]: (0.5, 2.2, 2.1) 6
[15:21:33.129]: (0.5, 2.2, 2.0) 6
[15:21:33.145]: (0.5, 2.3, 2.0) 6
[15:21:33.297]: (1.2, 2.0, 0.3) 0
[15:21:33.344]: (1.0, 1.9, 0.2) 1
[15:21:33.362]: (1.0, 1.8, 0.2) 1
[15:21:35.494]: (0.5, 2.2, 0.2) 1
[15:21:35.515]: (0.6, 2.2, 0.2) 1
[15:21:35.716]: (1.2, 2.4, 1.3) 2
[15:21:35.737]: (1.2, 2.4, 1.3) 2
[15:21:35.757]: (1.1, 2.3, 1.3) 2
[15:21:35.779]: (1.0, 2.2, 1.2) 4
[15:21:35.802]: (0.7, 2.0, 0.8) 0
[15:21:35.825]: (0.7, 2.0, 0.8) 0
[15:21:36.532]: (1.4, 3.1, 2.7) 22
[15:21:36.573]: (1.4, 3.1, 2.6) 22
[15:21:36.595]: (1.4, 3.1, 2.6) 22
[15:21:36.617]: (1.5, 3.1, 2.7) 22
[15:21:36.640]: (1.4, 3.1, 2.7) 22
[15:21:36.942]: (2.1, 1.9, 2.5) 10
[15:21:36.960]: (2.1, 1.9, 2.4) 10
[15:21:36.979]: (2.1, 2.0, 2.4) 10
[15:21:37.029]: (2.6, 2.1, 3.1) 17
[15:21:37.178]: (2.1, 2.0, 2.5) 10
[15:21:37.457]: (-0.2, 1.7, 1.0) 1
[15:21:37.487]: (-0.3, 1.7, 1.0) 1
[15:21:37.521]: (-0.3, 1.7, 1.0) 1
[15:21:37.554]: (-0.2, 1.7, 1.0) 1
[15:21:37.590]: (-0.2, 1.7, 1.3) 0
[15:21:37.621]: (-0.2, 1.6, 1.0) 1
[15:21:37.655]: (-0.1, 1.8, 1.3) 0
[15:21:38.253]: (0.9, 2.7, 3.2) 23
[15:21:38.276]: (0.9, 2.7, 3.2) 23
[15:21:38.299]: (0.9, 2.7, 3.1) 21
[15:21:38.319]: (0.9, 2.7, 3.1) 21
[15:21:38.341]: (0.9, 2.7, 3.1) 21
[15:21:38.365]: (0.8, 2.7, 3.1) 21
[15:21:38.387]: (0.8, 2.7, 3.1) 21
[15:21:38.410]: (0.8, 2.7, 3.1) 21
[15:21:38.433]: (0.8, 2.7, 3.2) 23
[15:21:38.454]: (0.8, 2.7, 3.1) 21
[15:21:38.479]: (0.8, 2.7, 3.2) 23
[15:21:38.544]: (0.8, 2.6, 3.2) 22
[15:21:38.887]: (0.4, 2.6, 3.3) 22
[15:21:38.911]: (0.4, 2.6, 3.2) 22
[15:21:38.933]: (0.4, 2.6, 3.3) 22
[15:21:38.955]: (0.4, 2.6, 3.3) 22
[15:21:38.976]: (0.4, 2.6, 3.3) 22
[15:21:38.999]: (0.4, 2.6, 3.3) 21
[15:21:39.020]: (0.4, 2.6, 3.3) 22
[15:21:39.039]: (0.4, 2.6, 3.3) 22
[15:21:39.064]: (0.4, 2.6, 3.3) 21
[15:21:39.086]: (0.4, 2.6, 3.2) 22
[15:21:39.470]: (1.4, 1.8, 1.7) 6
[15:21:39.487]: (1.4, 1.9, 1.7) 6
[15:21:39.505]: (1.4, 1.9, 1.7) 6
[15:21:39.522]: (1.4, 1.9, 1.7) 6
[15:21:39.541]: (1.4, 1.9, 1.7) 6
[15:21:39.559]: (1.4, 1.9, 1.7) 6
[15:21:39.576]: (1.4, 1.8, 1.7) 6
[15:21:39.596]: (1.4, 1.8, 1.7) 6
[15:21:39.612]: (1.4, 1.8, 1.7) 6
[15:21:39.629]: (1.4, 1.8, 1.7) 6
[15:21:39.649]: (1.3, 1.8, 1.7) 6
[15:21:39.673]: (1.3, 1.8, 1.7) 6
[15:21:39.696]: (1.3, 1.8, 1.7) 6
[15:21:40.116]: (0.8, 1.6, 2.3) 5
[15:21:40.137]: (0.8, 1.6, 2.3) 5
[15:21:40.159]: (0.8, 1.6, 2.3) 5
[15:21:40.184]: (0.8, 1.6, 2.3) 5
[15:21:40.207]: (0.8, 1.6, 2.3) 5
[15:21:40.229]: (0.8, 1.6, 2.3) 5
[15:21:40.246]: (0.8, 1.6, 2.3) 5
[15:21:40.263]: (0.8, 1.6, 2.3) 5
[15:21:40.280]: (0.8, 1.6, 2.3) 5
[15:21:40.296]: (0.8, 1.6, 2.3) 5
[15:21:40.313]: (0.8, 1.6, 2.3) 5
[15:21:40.330]: (0.8, 1.6, 2.3) 5
[15:21:40.347]: (0.8, 1.6, 2.3) 5
[15:21:40.363]: (0.8, 1.6, 2.3) 5
[15:21:40.426]: (0.8, 1.9, 3.1) 10
[15:21:41.209]: (0.9, 2.4, 1.8) 7
[15:21:41.233]: (0.9, 2.4, 1.7) 7
[15:21:41.256]: (1.0, 2.4, 1.7) 7
[15:21:41.281]: (1.0, 2.4, 1.7) 7
[15:21:41.438]: (1.1, 2.6, 1.7) 5
[15:21:41.463]: (1.1, 2.5, 1.7) 5
[15:21:41.486]: (1.1, 2.5, 1.7) 5
[15:21:41.533]: (1.1, 2.6, 1.8) 5
[15:21:42.343]: (1.4, 3.5, 3.1) 17
[15:21:42.453]: (1.0, 3.0, 2.5) 8
[15:21:42.476]: (0.9, 2.9, 2.3) 9
[15:21:42.497]: (0.9, 2.9, 2.3) 9
[15:21:42.519]: (0.9, 2.9, 2.3) 9
[15:21:42.541]: (0.9, 2.9, 2.3) 9
[15:21:42.563]: (0.9, 2.9, 2.3) 9
[15:21:42.585]: (1.0, 2.9, 2.3) 9
[15:21:42.608]: (0.9, 2.9, 2.3) 9
[15:21:42.630]: (1.0, 2.9, 2.2) 9
[15:21:42.652]: (1.0, 2.9, 2.2) 9
[15:21:42.674]: (1.0, 2.9, 2.2) 9
[15:21:42.696]: (1.0, 2.9, 2.2) 9
[15:21:42.718]: (1.0, 2.9, 2.3) 9
[15:21:42.741]: (1.0, 2.9, 2.3) 9
[15:21:42.762]: (1.1, 3.1, 2.4) 8
[15:21:42.786]: (1.1, 3.1, 2.4) 8
[15:21:43.477]: (1.1, 2.5, 1.5) 6
[15:21:43.524]: (1.2, 2.4, 1.5) 6
[15:21:43.547]: (1.2, 2.4, 1.5) 6
[15:21:43.568]: (1.2, 2.4, 1.5) 6
[15:21:43.590]: (1.2, 2.4, 1.5) 6
[15:21:43.611]: (1.2, 2.4, 1.5) 6
[15:21:43.634]: (1.2, 2.4, 1.5) 6
[15:21:43.658]: (1.2, 2.4, 1.5) 6
[15:21:43.679]: (1.2, 2.4, 1.5) 6
[15:21:43.702]: (1.2, 2.4, 1.5) 6
[15:21:43.725]: (1.2, 2.4, 1.5) 6
[15:21:43.748]: (1.2, 2.4, 1.5) 6
[15:21:43.914]: (1.1, 2.5, 1.5) 6
[15:21:44.320]: (3.0, 3.8, 2.4) 19
[15:21:44.869]: (2.1, 3.2, 1.8) 16
[15:21:45.134]: (1.1, 2.9, 2.2) 9
[15:21:45.154]: (1.2, 3.1, 2.4) 8
[15:21:45.239]: (1.2, 2.9, 2.2) 9
[15:21:45.264]: (1.2, 2.8, 2.2) 9
[15:21:45.288]: (1.2, 2.8, 2.2) 9
[15:21:45.312]: (1.2, 2.8, 2.2) 9
[15:21:45.332]: (1.2, 2.8, 2.2) 9
[15:21:46.408]: (0.6, 3.0, 3.0) 21
[15:21:46.429]: (0.6, 3.0, 3.0) 21
[15:21:46.452]: (0.5, 3.0, 3.0) 21
[15:21:46.473]: (0.6, 3.0, 3.0) 21
[15:21:46.496]: (0.6, 3.0, 3.0) 21
[15:21:46.517]: (0.6, 3.0, 3.1) 23
[15:21:47.374]: (0.8, 2.6, 3.1) 21
[15:21:47.395]: (0.7, 2.6, 3.2) 21
[15:21:47.482]: (-0.1, 2.0, 2.6) 13
[15:21:47.687]: (0.0, 1.8, 2.8) 11
[15:21:47.710]: (0.0, 1.8, 2.8) 11
[15:21:47.731]: (0.0, 1.8, 2.8) 11
[15:21:47.752]: (0.0, 1.8, 2.7) 11
[15:21:47.873]: (0.0, 1.7, 2.1) 2
[15:21:47.893]: (0.0, 1.7, 2.0) 2
[15:21:47.915]: (0.0, 1.7, 2.0) 2
[15:21:47.937]: (0.0, 1.7, 2.0) 2
[15:21:47.960]: (0.0, 1.7, 2.0) 2
[15:21:47.982]: (0.0, 1.7, 2.0) 2
[15:21:48.007]: (0.0, 1.7, 2.0) 2
[15:21:48.040]: (0.0, 1.7, 2.0) 2
[15:21:48.072]: (0.0, 1.7, 2.0) 2
[15:21:48.107]: (0.0, 1.7, 2.0) 2
[15:21:48.138]: (0.1, 1.6, 1.8) 4
[15:21:48.173]: (0.1, 1.6, 1.8) 4
[15:21:48.206]: (0.1, 1.7, 1.8) 4
[15:21:48.240]: (0.0, 1.7, 1.8) 4
[15:21:48.272]: (0.1, 1.7, 2.0) 2
[15:21:48.342]: (0.1, 1.7, 2.0) 2
[15:21:48.374]: (0.1, 1.7, 2.0) 2
[15:21:48.541]: (0.1, 1.7, 2.0) 2
[15:21:48.674]: (0.1, 1.6, 1.8) 4
[15:21:48.707]: (0.1, 1.7, 2.0) 2
[15:21:48.728]: (0.1, 1.7, 2.0) 2
[15:21:48.750]: (0.1, 1.7, 2.0) 2
[15:21:48.773]: (0.1, 1.7, 2.0) 2
[15:21:48.794]: (0.1, 1.6, 1.8) 4
[15:21:48.817]: (0.1, 1.6, 1.8) 4
[15:21:48.839]: (0.1, 1.7, 2.0) 2
[15:21:48.863]: (0.1, 1.7, 2.0) 2
[15:21:48.884]: (0.1, 1.6, 2.0) 2
[15:21:48.906]: (0.1, 1.6, 2.0) 2
[15:21:48.928]: (0.1, 1.6, 2.0) 2
[15:21:48.951]: (0.1, 1.6, 2.0) 2
[15:21:48.974]: (0.1, 1.6, 2.0) 2
[15:21:48.995]: (0.1, 1.6, 2.0) 2
[15:21:49.017]: (0.1, 1.6, 2.0) 2
[15:21:49.040]: (0.1, 1.6, 2.0) 2
[15:21:49.060]: (0.1, 1.6, 2.0) 2
[15:21:49.083]: (0.1, 1.6, 2.0) 2
[15:21:49.106]: (0.1, 1.6, 2.0) 2
[15:21:49.128]: (0.1, 1.6, 2.0) 2
[15:21:49.152]: (0.1, 1.6, 1.8) 4
[15:21:49.174]: (0.1, 1.6, 1.8) 4
[15:21:49.396]: (0.2, 1.9, 2.8) 11
[15:21:49.440]: (0.1, 1.7, 2.0) 2
[15:21:49.462]: (0.1, 1.7, 2.0) 2
[15:21:49.485]: (0.1, 1.7, 2.0) 2
[15:21:49.508]: (0.1, 1.7, 2.0) 2
[15:21:49.530]: (0.1, 1.6, 2.0) 2
[15:21:49.554]: (0.1, 1.6, 2.0) 2
[15:21:49.573]: (0.1, 1.6, 2.1) 2
[15:21:49.596]: (0.1, 1.6, 2.1) 2
[15:21:49.618]: (0.1, 1.6, 2.1) 2
[15:21:49.640]: (0.1, 1.6, 2.1) 2
[15:21:49.661]: (0.1, 1.6, 2.1) 2
[15:21:49.707]: (0.0, 1.4, 1.1) 1
[15:21:49.727]: (0.0, 1.4, 1.1) 1
[15:21:49.752]: (0.0, 1.4, 1.1) 1
[15:21:49.773]: (0.0, 1.4, 1.1) 1
[15:21:49.796]: (0.0, 1.4, 1.1) 1
[15:21:49.818]: (0.0, 1.4, 1.1) 1
[15:21:49.840]: (0.0, 1.4, 1.1) 1
[15:21:49.863]: (0.0, 1.4, 1.1) 1
[15:21:49.884]: (0.0, 1.4, 1.1) 1
[15:21:50.175]: (0.0, 1.4, 1.1) 1
[15:21:50.197]: (0.0, 1.4, 1.1) 1
[15:21:50.219]: (0.0, 1.3, 1.1) 1
[15:21:50.241]: (0.0, 1.3, 1.1) 1
[15:21:50.263]: (0.0, 1.3, 1.1) 1
[15:21:50.287]: (0.0, 1.3, 1.1) 1
[15:21:50.310]: (0.0, 1.3, 1.1) 1
[15:21:50.330]: (0.0, 1.3, 1.1) 1
[15:21:50.352]: (0.0, 1.3, 1.1) 1
[15:21:50.375]: (0.0, 1.3, 1.1) 1
[15:21:50.399]: (0.0, 1.3, 1.1) 1
[15:21:50.423]: (0.0, 1.3, 1.1) 1
[15:21:50.444]: (0.0, 1.3, 1.1) 1
[15:21:50.466]: (0.0, 1.3, 1.1) 1
[15:21:50.488]: (0.0, 1.3, 1.1) 1
[15:21:50.510]: (0.0, 1.3, 1.1) 1
[15:21:50.533]: (0.0, 1.3, 1.1) 1
[15:21:50.555]: (0.0, 1.4, 1.1) 1
[15:21:50.576]: (0.0, 1.4, 1.1) 1
[15:21:50.598]: (0.0, 1.4, 1.1) 1
[15:21:50.619]: (0.0, 1.4, 1.1) 1
[15:21:50.641]: (0.0, 1.4, 1.1) 1
[15:21:50.664]: (0.0, 1.4, 1.1) 1
[15:21:50.687]: (0.0, 1.4, 1.1) 1
[15:21:50.716]: (0.0, 1.4, 1.1) 1
[15:21:50.749]: (0.0, 1.4, 1.1) 1
[15:21:50.784]: (0.0, 1.4, 1.1) 1
[15:21:50.818]: (0.0, 1.4, 1.1) 1
[15:21:50.848]: (0.0, 1.4, 1.1) 1
[15:21:50.883]: (0.0, 1.4, 1.1) 1
[15:21:50.916]: (0.0, 1.4, 1.1) 1
[15:21:50.950]: (0.0, 1.4, 1.1) 1
[15:21:50.982]: (0.0, 1.4, 1.1) 1
[15:21:51.016]: (0.0, 1.4, 1.1) 1
[15:21:51.049]: (0.0, 1.4, 1.1) 1
[15:21:51.084]: (0.0, 1.3, 1.1) 1
[15:21:51.118]: (0.0, 1.3, 1.1) 1
[15:21:51.149]: (0.0, 1.3, 1.1) 1
[15:21:51.181]: (0.0, 1.3, 1.1) 1
[15:21:51.215]: (0.0, 1.3, 1.1) 1
[15:21:51.249]: (0.0, 1.4, 1.1) 1
[15:21:51.283]: (0.0, 1.4, 1.1) 1
[15:21:51.315]: (0.0, 1.4, 1.1) 1
[15:21:51.338]: (0.0, 1.4, 1.1) 1
[15:21:51.361]: (0.0, 1.4, 1.1) 1
[15:21:51.382]: (0.0, 1.4, 1.1) 1
[15:21:51.405]: (0.0, 1.3, 1.1) 1
[15:21:51.428]: (0.0, 1.3, 1.1) 1
[15:21:51.451]: (0.0, 1.4, 1.1) 1
[15:21:51.472]: (0.0, 1.4, 1.1) 1
[15:21:51.496]: (0.0, 1.4, 1.1) 1
[15:21:51.514]: (0.0, 1.4, 1.1) 1
[15:21:51.540]: (0.0, 1.4, 1.1) 1
[15:21:51.563]: (0.0, 1.3, 1.1) 1
[15:21:51.585]: (0.0, 1.4, 1.1) 1
[15:21:51.607]: (0.0, 1.4, 1.1) 1
[15:21:51.629]: (0.0, 1.4, 1.1) 1
[15:21:51.671]: (0.1, 1.6, 1.8) 4
[15:21:51.693]: (0.1, 1.6, 1.8) 4
[15:21:51.715]: (0.1, 1.6, 1.8) 4
[15:21:51.737]: (0.1, 1.6, 1.8) 4
[15:21:51.760]: (0.1, 1.6, 1.8) 4
[15:21:51.783]: (0.1, 1.6, 1.8) 4
[15:21:51.806]: (0.1, 1.6, 1.8) 4
[15:21:51.826]: (0.1, 1.6, 1.8) 4
[15:21:51.848]: (0.1, 1.6, 1.8) 4
[15:21:51.873]: (0.1, 1.6, 1.8) 4
[15:21:51.895]: (0.1, 1.6, 1.8) 4
[15:21:51.982]: (0.1, 1.6, 1.8) 4
[15:21:52.005]: (0.1, 1.6, 1.8) 4
[15:21:52.027]: (0.1, 1.6, 1.8) 4
[15:21:52.094]: (0.2, 2.0, 2.6) 13
[15:21:52.137]: (0.2, 1.9, 2.6) 13
[15:21:52.272]: (0.0, 1.6, 1.8) 4
[15:21:52.296]: (0.0, 1.6, 1.8) 4
[15:21:52.316]: (0.0, 1.6, 1.8) 4
[15:21:52.341]: (0.0, 1.6, 1.8) 4
[15:21:52.362]: (0.0, 1.6, 1.8) 4
[15:21:52.384]: (0.0, 1.6, 1.8) 4
[15:21:52.407]: (0.0, 1.6, 1.8) 4
[15:21:52.431]: (0.0, 1.6, 1.8) 4
[15:21:52.452]: (0.0, 1.5, 1.8) 4
[15:21:52.474]: (0.0, 1.5, 1.8) 4
[15:21:52.520]: (0.0, 1.6, 1.8) 4
[15:21:52.543]: (0.0, 1.5, 1.8) 4
[15:21:52.566]: (0.0, 1.6, 1.8) 4
[15:21:52.591]: (0.0, 1.6, 1.8) 4
[15:21:52.620]: (0.0, 1.6, 1.8) 4
[15:21:52.644]: (0.0, 1.6, 1.8) 4
[15:21:52.671]: (0.0, 1.6, 1.8) 4
[15:21:52.695]: (0.0, 1.6, 1.8) 4
[15:21:52.718]: (0.0, 1.6, 1.8) 4
[15:21:52.742]: (-0.1, 1.6, 1.8) 4
[15:21:52.767]: (-0.1, 1.6, 1.8) 4
[15:21:52.793]: (-0.1, 1.6, 1.8) 4
[15:21:52.823]: (0.0, 1.5, 1.8) 4
[15:21:52.852]: (-0.1, 1.5, 1.8) 4
[15:21:53.082]: (-0.1, 1.6, 2.1) 2
[15:21:53.156]: (-0.1, 1.6, 2.1) 2
[15:21:53.350]: (-0.1, 1.6, 2.1) 2
[15:21:53.383]: (0.1, 1.9, 2.7) 13
[15:21:53.484]: (0.0, 1.9, 2.7) 13
[15:21:53.517]: (0.0, 1.9, 2.7) 13
[15:21:54.181]: (0.0, 1.9, 2.6) 13
[15:21:54.203]: (0.0, 1.9, 2.6) 13
[15:21:54.225]: (0.0, 1.9, 2.6) 13
[15:21:54.247]: (0.0, 1.9, 2.6) 13
[15:21:54.270]: (0.0, 1.9, 2.6) 13
[15:21:54.292]: (0.0, 1.9, 2.6) 13
[15:21:54.314]: (0.0, 1.9, 2.6) 13
[15:21:54.335]: (0.0, 1.9, 2.6) 13
[15:21:54.361]: (0.0, 1.9, 2.6) 13
[15:21:54.381]: (0.0, 1.9, 2.6) 13
[15:21:54.405]: (0.0, 1.9, 2.6) 13
[15:21:54.427]: (0.0, 1.9, 2.6) 13
[15:21:54.450]: (0.0, 1.9, 2.6) 13
[15:21:54.472]: (0.0, 1.9, 2.6) 13
[15:21:54.493]: (0.0, 1.9, 2.6) 13
[15:21:54.515]: (0.0, 1.9, 2.6) 13
[15:21:54.537]: (0.0, 1.9, 2.6) 13
[15:21:54.559]: (0.0, 1.9, 2.6) 13
[15:21:54.582]: (0.0, 1.9, 2.6) 13
[15:21:54.604]: (0.0, 1.9, 2.6) 13
[15:21:54.625]: (0.0, 1.9, 2.6) 13
[15:21:54.648]: (0.0, 1.9, 2.6) 13
[15:21:55.006]: (0.1, 1.9, 2.6) 13
[15:21:55.051]: (0.0, 1.9, 2.6) 13
[15:21:55.072]: (0.0, 1.9, 2.6) 13
[15:21:55.094]: (0.0, 1.9, 2.6) 13
[15:21:55.116]: (0.0, 1.9, 2.6) 13
[15:21:55.140]: (0.0, 1.9, 2.6) 13
[15:21:55.162]: (0.0, 1.9, 2.6) 13
[15:21:55.184]: (0.0, 1.9, 2.6) 13
[15:21:55.207]: (0.0, 1.9, 2.6) 13
[15:21:55.232]: (0.0, 1.9, 2.6) 13
[15:21:55.256]: (0.0, 1.9, 2.6) 13
[15:21:55.277]: (0.0, 1.9, 2.6) 13
[15:21:55.299]: (0.0, 1.9, 2.6) 13
[15:21:55.321]: (0.0, 1.9, 2.6) 13
[15:21:55.342]: (0.0, 1.9, 2.6) 13
[15:21:55.364]: (0.0, 1.9, 2.6) 13
[15:21:55.386]: (0.3, 2.0, 2.8) 12
[15:21:55.815]: (0.7, 1.9, 1.8) 33
[15:21:56.466]: (1.3, 1.7, 1.9) 7
[15:21:56.499]: (1.3, 1.7, 1.9) 7
[15:21:57.133]: (1.0, 1.8, 2.7) 9
[15:21:57.156]: (1.0, 1.8, 2.7) 9
[15:21:57.178]: (1.0, 1.8, 2.7) 9
[15:21:57.198]: (1.0, 1.8, 2.7) 9
[15:21:57.244]: (1.5, 2.0, 3.7) 17
[15:21:57.265]: (1.5, 2.0, 3.6) 17
[15:21:57.288]: (1.5, 2.0, 3.7) 17
[15:21:57.311]: (1.5, 2.0, 3.7) 17
[15:21:57.402]: (1.0, 1.8, 2.7) 9
[15:21:57.424]: (1.0, 1.8, 2.7) 9
[15:21:57.761]: (1.4, 2.6, 2.5) 8
[15:21:57.894]: (2.5, 3.2, 3.8) 25
[15:21:57.918]: (1.8, 2.8, 3.2) 17
[15:21:58.255]: (2.4, 3.2, 3.9) 25
[15:21:58.272]: (2.4, 3.2, 3.9) 25
[15:21:58.292]: (2.4, 3.2, 3.9) 25
[15:22:00.623]: (1.7, 2.5, 2.6) 14
[15:22:01.305]: (1.4, 2.6, 3.5) 17
[15:22:01.330]: (1.4, 2.6, 3.5) 17
[15:22:01.354]: (1.3, 2.6, 3.5) 17
[15:22:01.383]: (1.2, 2.4, 2.8) 10
[15:22:01.407]: (0.9, 2.0, 2.0) 7
[15:22:01.751]: (1.0, 2.2, 1.8) 7
[15:22:01.828]: (1.3, 2.7, 2.5) 10
[15:22:02.542]: (1.0, 2.5, 2.5) 9
[15:22:02.941]: (1.1, 2.6, 2.7) 8
[15:22:03.141]: (1.9, 3.2, 3.0) 18
[15:22:04.025]: (2.5, 2.8, 3.5) 19
[15:22:04.288]: (1.6, 2.0, 2.9) 16
[15:22:04.319]: (1.6, 2.0, 2.8) 16
[15:22:06.125]: (0.3, 1.6, 2.2) 32
[15:22:06.149]: (0.3, 1.6, 2.2) 32
[15:22:06.927]: (0.7, 1.8, 2.0) 32
[15:22:06.943]: (0.7, 1.8, 2.0) 32
[15:22:06.961]: (0.8, 1.8, 2.0) 32
[15:22:06.978]: (0.8, 1.8, 2.0) 32
[15:22:06.996]: (0.8, 1.8, 2.0) 32
[15:22:07.014]: (0.8, 1.8, 2.0) 32
[15:22:07.031]: (0.8, 1.8, 2.0) 32
[15:22:07.048]: (0.8, 1.8, 2.0) 32
[15:22:07.064]: (0.8, 1.8, 2.0) 32
[15:22:07.304]: (1.0, 1.9, 1.8) 32
[15:22:07.326]: (1.0, 1.9, 1.8) 32
[15:22:07.350]: (0.9, 1.8, 1.7) 33
[15:22:07.372]: (0.9, 1.8, 1.7) 33
[15:22:07.721]: (0.1, 1.6, 2.7) 13
[15:22:07.754]: (0.1, 1.6, 2.7) 13
[15:22:07.854]: (0.0, 1.6, 2.8) 11
[15:22:08.209]: (0.3, 1.6, 2.8) 11
[15:22:08.253]: (0.1, 1.4, 1.8) 4
[15:22:09.233]: (1.2, 1.8, 2.9) 10
[15:22:09.274]: (1.0, 1.6, 2.8) 9
[15:22:09.296]: (0.9, 1.6, 2.8) 9
[15:22:09.319]: (0.9, 1.6, 2.8) 9
[15:22:09.518]: (0.9, 1.6, 2.8) 9
[15:22:09.534]: (0.9, 1.6, 2.8) 9
[15:22:09.551]: (0.9, 1.6, 2.8) 9
[15:22:09.644]: (0.9, 1.6, 2.8) 9
[15:22:09.685]: (0.9, 1.6, 2.8) 9
[15:22:09.705]: (0.9, 1.6, 2.8) 9
[15:22:09.805]: (0.9, 1.7, 2.8) 9
[15:22:09.828]: (0.9, 1.7, 2.8) 9
[15:22:09.851]: (0.9, 1.7, 2.8) 9
[15:22:10.808]: (1.6, 3.0, 3.3) 18
[15:22:10.830]: (1.5, 3.0, 3.3) 18
[15:22:10.852]: (2.0, 3.4, 4.1) 24
[15:22:10.874]: (2.0, 3.4, 4.1) 24
[15:22:10.897]: (2.0, 3.4, 4.1) 24
[15:22:10.920]: (2.0, 3.4, 4.1) 24
[15:22:10.941]: (2.0, 3.4, 4.1) 24
[15:22:11.117]: (2.0, 3.5, 4.1) 24
[15:22:11.453]: (0.9, 2.1, 1.8) 6
[15:22:11.476]: (0.9, 2.0, 1.9) 6
[15:22:11.498]: (0.9, 2.1, 2.0) 5
[15:22:11.521]: (0.9, 2.1, 2.0) 5
[15:22:11.544]: (0.9, 2.1, 2.0) 5
[15:22:11.633]: (1.4, 2.8, 3.5) 18
[15:22:11.812]: (1.6, 3.2, 4.3) 25
[15:22:11.834]: (1.6, 3.2, 4.3) 25
[15:22:11.851]: (1.6, 3.1, 4.3) 25
[15:22:11.874]: (1.6, 3.2, 4.3) 25
[15:22:11.895]: (1.6, 3.2, 4.3) 25
[15:22:13.007]: (0.9, 2.0, 1.9) 6
[15:22:13.334]: (0.8, 2.0, 2.1) 5
[15:22:13.357]: (0.8, 2.0, 2.1) 5
[15:22:13.384]: (0.8, 2.0, 2.1) 5
[15:22:13.411]: (0.8, 2.0, 2.1) 5
[15:22:13.436]: (0.8, 2.0, 2.1) 5
[15:22:13.461]: (0.8, 2.0, 2.1) 5
[15:22:13.485]: (0.8, 2.0, 2.1) 5
[15:22:13.511]: (0.8, 2.0, 2.1) 5
[15:22:13.773]: (0.7, 1.9, 2.0) 7
[15:22:13.807]: (0.9, 2.3, 2.9) 10
[15:22:13.842]: (0.9, 2.2, 2.9) 10
[15:22:13.875]: (0.9, 2.2, 2.9) 10
[15:22:13.907]: (0.9, 2.2, 2.9) 10
[15:22:13.945]: (0.9, 2.2, 2.9) 10
[15:22:13.976]: (0.9, 2.2, 2.9) 10
[15:22:14.042]: (0.9, 2.2, 2.9) 10
[15:22:14.080]: (0.9, 2.3, 2.9) 10
[15:22:14.107]: (0.7, 1.9, 2.0) 7
[15:22:14.141]: (0.7, 1.9, 2.0) 7
[15:22:14.175]: (0.7, 1.9, 2.0) 7
[15:22:14.207]: (0.8, 1.9, 2.0) 7
[15:22:14.562]: (0.7, 1.9, 2.0) 7
[15:22:14.651]: (1.0, 2.3, 2.9) 10
[15:22:14.694]: (1.6, 3.0, 4.3) 25
[15:22:14.717]: (1.6, 2.9, 4.3) 25
[15:22:14.739]: (1.6, 2.9, 4.3) 25
[15:22:14.762]: (1.6, 2.9, 4.3) 25
[15:22:14.785]: (1.6, 2.9, 4.3) 25
[15:22:14.806]: (1.6, 2.9, 4.3) 25
[15:22:14.829]: (1.6, 2.9, 4.3) 25
[15:22:14.850]: (1.6, 2.9, 4.3) 25
[15:22:14.873]: (1.6, 2.9, 4.3) 25
[15:22:14.895]: (1.6, 2.9, 4.3) 25
[15:22:14.939]: (1.1, 2.5, 3.6) 17
[15:22:14.961]: (1.1, 2.5, 3.6) 17
[15:22:14.983]: (1.1, 2.5, 3.6) 17
[15:22:15.007]: (1.1, 2.5, 3.6) 17
[15:22:15.029]: (1.1, 2.5, 3.6) 17
[15:22:15.053]: (1.1, 2.5, 3.6) 17
[15:22:15.073]: (1.1, 2.5, 3.6) 17
[15:22:15.096]: (1.1, 2.5, 3.6) 17
[15:22:15.119]: (1.1, 2.5, 3.6) 17
[15:22:15.141]: (1.1, 2.5, 3.6) 17
[15:22:15.165]: (1.1, 2.5, 3.6) 17
[15:22:15.187]: (1.1, 2.5, 3.6) 17
[15:22:15.210]: (1.1, 2.5, 3.6) 17
[15:22:15.231]: (1.1, 2.5, 3.6) 17
[15:22:15.254]: (1.1, 2.5, 3.6) 17
[15:22:15.275]: (1.1, 2.5, 3.6) 17
[15:22:15.297]: (1.1, 2.5, 3.6) 17
[15:22:15.320]: (1.1, 2.5, 3.6) 17
[15:22:15.341]: (1.1, 2.5, 3.6) 17
[15:22:15.364]: (1.1, 2.5, 3.6) 17
[15:22:15.388]: (1.1, 2.5, 3.6) 17
[15:22:15.411]: (1.1, 2.5, 3.6) 17
[15:22:15.433]: (1.1, 2.5, 3.6) 17
[15:22:15.455]: (1.1, 2.5, 3.6) 17
[15:22:15.477]: (1.1, 2.5, 3.6) 17
[15:22:15.498]: (1.1, 2.5, 3.6) 17
[15:22:15.519]: (1.1, 2.5, 3.6) 17
[15:22:15.541]: (1.1, 2.5, 3.6) 17
[15:22:15.564]: (1.1, 2.5, 3.6) 17
[15:22:15.607]: (0.7, 2.2, 2.9) 8
[15:22:15.692]: (1.2, 2.5, 3.6) 17
[15:22:15.719]: (1.2, 2.5, 3.5) 17
[15:22:15.742]: (1.2, 2.5, 3.5) 17
[15:22:15.763]: (1.2, 2.5, 3.5) 17
[15:22:15.784]: (1.2, 2.5, 3.6) 17
[15:22:16.086]: (1.4, 2.0, 2.8) 10
[15:22:16.548]: (1.9, 2.3, 3.4) 18
[15:22:16.567]: (1.8, 2.3, 3.4) 18
[15:22:16.586]: (1.8, 2.3, 3.4) 18
[15:22:16.602]: (1.8, 2.3, 3.4) 18
[15:22:16.619]: (1.8, 2.3, 3.4) 18
[15:22:16.636]: (1.8, 2.3, 3.4) 18
[15:22:16.652]: (1.8, 2.3, 3.4) 18
[15:22:16.668]: (1.8, 2.3, 3.4) 18
[15:22:16.961]: (2.2, 2.5, 4.2) 25
[15:22:16.976]: (2.1, 2.5, 4.2) 25
[15:22:19.044]: (1.3, 2.0, 2.8) 10
[15:22:19.066]: (1.3, 2.0, 2.8) 10
[15:22:19.090]: (1.3, 1.9, 2.8) 10
[15:22:19.112]: (1.3, 1.9, 2.7) 10
[15:22:19.133]: (1.3, 2.0, 2.8) 10
[15:22:19.470]: (1.3, 1.9, 2.8) 10
[15:22:19.486]: (1.3, 1.9, 2.8) 10
[15:22:19.505]: (1.3, 1.9, 2.8) 10
[15:22:19.524]: (1.3, 1.9, 2.8) 10
[15:22:19.542]: (1.3, 1.9, 2.8) 10
[15:22:19.900]: (1.6, 2.1, 3.5) 17
[15:22:19.923]: (1.5, 2.1, 3.5) 17
[15:22:19.944]: (1.5, 2.1, 3.5) 17
[15:22:20.116]: (1.5, 2.2, 3.5) 17
[15:22:20.133]: (1.5, 2.2, 3.5) 17
[15:22:20.151]: (1.5, 2.2, 3.5) 17
[15:22:20.169]: (1.5, 2.2, 3.5) 17
[15:22:20.186]: (1.5, 2.2, 3.5) 17
[15:22:20.203]: (1.5, 2.2, 3.5) 17
[15:22:20.219]: (1.5, 2.2, 3.5) 17
[15:22:20.234]: (1.5, 2.2, 3.5) 17
[15:22:20.251]: (1.5, 2.2, 3.5) 17
[15:22:20.268]: (1.5, 2.1, 3.5) 17
[15:22:20.286]: (1.5, 2.1, 3.5) 17
[15:22:20.303]: (1.5, 2.1, 3.5) 17
[15:22:20.320]: (1.5, 2.1, 3.5) 17
[15:22:20.337]: (1.5, 2.1, 3.5) 17
[15:22:20.354]: (1.5, 2.1, 3.5) 17
[15:22:20.370]: (1.5, 2.1, 3.5) 17
[15:22:20.388]: (1.5, 2.1, 3.5) 17
[15:22:20.405]: (1.5, 2.1, 3.5) 17
[15:22:20.421]: (1.5, 2.1, 3.5) 17
[15:22:20.438]: (1.5, 2.1, 3.5) 17
[15:22:20.455]: (1.5, 2.1, 3.5) 17
[15:22:20.471]: (1.5, 2.1, 3.5) 17
[15:22:21.188]: (1.8, 2.4, 3.4) 18
[15:22:21.210]: (1.8, 2.4, 3.4) 18
[15:22:21.231]: (1.8, 2.4, 3.4) 18
[15:22:21.253]: (1.8, 2.4, 3.4) 18
[15:22:21.810]: (1.5, 2.3, 3.4) 17
[15:22:22.266]: (1.3, 2.0, 2.8) 10
[15:22:22.287]: (1.3, 2.0, 2.7) 10
[15:22:22.310]: (1.3, 2.0, 2.7) 10
[15:22:22.333]: (1.3, 2.0, 2.7) 10
[15:22:22.355]: (1.3, 2.0, 2.7) 10
[15:22:22.377]: (1.3, 2.0, 2.7) 10
[15:22:22.398]: (1.3, 2.0, 2.7) 10
[15:22:22.421]: (1.3, 2.0, 2.7) 10
[15:22:22.444]: (1.3, 2.0, 2.7) 10
[15:22:22.466]: (1.3, 2.0, 2.7) 10
[15:22:22.534]: (1.3, 2.0, 2.7) 10
[15:22:22.555]: (1.3, 2.0, 2.7) 10
[15:22:22.577]: (1.3, 2.0, 2.7) 10
[15:22:22.599]: (1.3, 2.0, 2.8) 10
[15:22:23.929]: (1.9, 2.4, 3.3) 18
[15:22:23.948]: (1.8, 2.4, 3.3) 18
[15:22:23.964]: (1.8, 2.4, 3.3) 18
[15:22:23.981]: (1.8, 2.4, 3.3) 18
[15:22:23.999]: (1.8, 2.4, 3.3) 18
[15:22:24.016]: (1.8, 2.4, 3.3) 18
[15:22:24.034]: (1.8, 2.4, 3.3) 18
[15:22:24.052]: (1.8, 2.4, 3.3) 18
[15:22:24.070]: (1.8, 2.4, 3.3) 18
[15:22:24.088]: (1.8, 2.4, 3.3) 18
[15:22:24.110]: (1.8, 2.4, 3.3) 18
[15:22:24.133]: (1.9, 2.4, 3.3) 18
[15:22:24.154]: (1.9, 2.4, 3.3) 18
[15:22:24.177]: (1.9, 2.4, 3.3) 18
[15:22:24.199]: (1.9, 2.4, 3.3) 18
[15:22:24.221]: (1.9, 2.4, 3.3) 18
[15:22:24.265]: (1.9, 2.3, 2.4) 14
[15:22:24.354]: (2.1, 2.4, 2.3) 16
[15:22:24.377]: (2.1, 2.4, 2.3) 16
[15:22:24.443]: (2.1, 2.4, 2.3) 16
[15:22:24.465]: (2.1, 2.4, 2.3) 16
[15:22:24.484]: (2.1, 2.4, 2.3) 16
[15:22:24.504]: (2.1, 2.4, 2.3) 16
