[12:58:32.238]: (-1.4, -0.5, 0.0) 11
[12:58:32.737]: (-2.2, -1.4, 0.0) 18
[12:58:32.759]: (-2.2, -1.4, 0.0) 18
[12:58:32.782]: (-2.2, -1.4, 0.0) 18
[12:58:32.803]: (-2.2, -1.4, 0.0) 18
[12:58:32.821]: (-2.3, -1.4, 0.0) 18
[12:58:32.837]: (-2.2, -1.4, 0.0) 18
[12:58:32.854]: (-2.4, -1.7, 0.0) 24
[12:58:32.870]: (-2.2, -1.4, 0.0) 18
[12:58:32.886]: (-2.3, -1.4, 0.0) 18
[12:58:32.903]: (-2.2, -1.4, 0.0) 18
[12:58:32.920]: (-2.2, -1.4, 0.0) 18
[12:58:32.953]: (-2.2, -1.4, 0.0) 18
[12:58:32.974]: (-2.2, -1.4, 0.0) 18
[12:58:33.143]: (-2.2, -1.4, 0.0) 18
[12:58:33.162]: (-2.2, -1.4, 0.0) 18
[12:58:33.371]: (-2.2, -1.4, 0.0) 18
[12:58:33.394]: (-2.2, -1.4, 0.0) 18
[12:58:33.415]: (-2.2, -1.4, 0.0) 18
[12:58:33.438]: (-2.2, -1.4, 0.1) 18
[12:58:33.460]: (-2.2, -1.4, 0.0) 18
[12:58:33.482]: (-2.2, -1.4, 0.0) 18
[12:58:33.504]: (-2.2, -1.4, 0.0) 18
[12:58:33.526]: (-2.2, -1.4, 0.0) 18
[12:58:33.549]: (-2.2, -1.4, 0.0) 18
[12:58:33.571]: (-2.2, -1.4, 0.0) 18
[12:58:33.592]: (-2.2, -1.4, 0.0) 18
[12:58:33.616]: (-2.2, -1.4, 0.0) 18
[12:58:33.637]: (-2.2, -1.4, 0.1) 18
[12:58:33.682]: (-1.5, -0.3, 0.0) 12
[12:58:36.080]: (-2.1, -1.5, 0.0) 17
[12:58:36.103]: (-2.1, -1.5, 0.0) 17
[12:58:36.147]: (-2.1, -1.5, 0.0) 17
[12:58:36.169]: (-2.1, -1.5, -0.1) 17
[12:58:36.191]: (-2.1, -1.5, -0.1) 17
[12:58:36.213]: (-2.1, -1.5, 0.0) 17
[12:58:36.237]: (-2.1, -1.5, -0.1) 17
[12:58:36.257]: (-2.1, -1.5, 0.0) 17
[12:58:36.281]: (-2.1, -1.5, 0.0) 17
[12:58:36.302]: (-2.1, -1.5, 0.0) 17
[12:58:36.383]: (-1.8, -1.0, -0.1) 2
[12:58:36.399]: (-1.8, -1.0, 0.0) 2
[12:58:36.415]: (-1.8, -1.0, 0.0) 2
[12:58:36.432]: (-1.8, -1.0, 0.0) 2
[12:58:36.448]: (-2.1, -1.5, 0.0) 17
[12:58:36.464]: (-1.8, -1.0, -0.1) 2
[12:58:36.480]: (-1.8, -1.0, -0.1) 2
[12:58:36.496]: (-1.8, -1.0, 0.0) 2
[12:58:36.512]: (-1.8, -1.0, 0.0) 2
[12:58:36.528]: (-1.8, -1.0, 0.0) 2
[12:58:36.544]: (-1.8, -1.0, 0.0) 2
[12:58:36.560]: (-1.8, -1.0, 0.0) 2
[12:58:36.576]: (-1.8, -1.0, 0.0) 2
[12:58:36.592]: (-1.8, -1.0, 0.0) 2
[12:58:36.667]: (-1.8, -1.0, 0.0) 2
[12:58:37.169]: (-2.0, -1.7, 0.0) 20
[12:58:37.190]: (-2.0, -1.7, 0.0) 20
[12:58:37.702]: (-2.2, -1.4, 0.0) 18
[12:58:37.724]: (-2.2, -1.4, 0.0) 18
[12:58:37.747]: (-2.2, -1.4, 0.0) 18
[12:58:37.768]: (-2.2, -1.4, 0.0) 18
[12:58:37.791]: (-2.2, -1.4, 0.0) 18
[12:58:37.813]: (-2.2, -1.4, 0.0) 18
[12:58:37.835]: (-2.2, -1.4, 0.0) 18
[12:58:37.857]: (-2.2, -1.4, 0.0) 18
[12:58:37.879]: (-2.2, -1.4, 0.0) 18
[12:58:37.902]: (-2.2, -1.4, 0.0) 18
[12:58:37.924]: (-2.2, -1.4, 0.0) 18
[12:58:37.947]: (-2.2, -1.4, 0.0) 18
[12:58:37.970]: (-2.2, -1.4, 0.0) 18
[12:58:37.990]: (-2.2, -1.4, 0.0) 18
[12:58:38.013]: (-2.2, -1.4, 0.0) 18
[12:58:38.035]: (-2.2, -1.4, 0.0) 18
[12:58:38.057]: (-2.2, -1.4, 0.0) 18
[12:58:38.075]: (-2.2, -1.4, 0.0) 18
[12:58:38.092]: (-2.2, -1.4, 0.0) 18
[12:58:38.110]: (-2.2, -1.4, 0.0) 18
[12:58:38.126]: (-2.2, -1.4, 0.0) 18
[12:58:38.145]: (-2.2, -1.4, 0.0) 18
[12:58:38.162]: (-2.2, -1.4, 0.0) 18
[12:58:38.179]: (-2.2, -1.4, 0.0) 18
[12:58:38.195]: (-2.2, -1.4, 0.0) 18
[12:58:38.212]: (-2.2, -1.4, 0.0) 18
[12:58:38.230]: (-2.2, -1.4, 0.0) 18
[12:58:38.246]: (-2.2, -1.4, 0.0) 18
[12:58:38.264]: (-2.2, -1.4, 0.0) 18
[12:58:38.282]: (-2.2, -1.4, 0.0) 18
[12:58:38.300]: (-2.2, -1.4, 0.0) 18
[12:58:38.317]: (-2.2, -1.4, 0.0) 18
[12:58:38.337]: (-2.2, -1.4, 0.0) 18
[12:58:41.301]: (-1.7, -1.1, 0.0) 2
[12:58:41.324]: (-1.8, -1.0, 0.0) 2
[12:58:41.345]: (-1.8, -1.0, 0.0) 2
[12:58:41.366]: (-2.0, -1.6, 0.0) 17
[12:58:41.389]: (-1.7, -0.9, 0.0) 0
[12:58:41.411]: (-1.4, -0.4, 0.0) 11
[12:58:41.435]: (-1.4, -0.4, 0.0) 11
[12:58:41.456]: (-1.4, -0.4, 0.0) 11
[12:58:42.652]: (-2.3, -0.5, 1.5) 17
[12:58:42.673]: (-2.2, -0.4, 1.6) 17
[12:58:42.854]: (-1.9, 0.1, 2.3) 17
[12:58:43.031]: (-1.0, 0.8, 2.3) 21
[12:58:43.539]: (-0.8, 1.5, 1.2) 12
[12:58:43.561]: (-0.9, 1.5, 1.3) 12
[12:58:43.583]: (-0.9, 1.5, 1.4) 13
[12:58:43.769]: (-0.8, 1.5, 1.3) 12
[12:58:43.785]: (-0.8, 1.5, 1.3) 12
[12:58:43.802]: (-0.8, 1.5, 1.3) 12
[12:58:43.820]: (-0.7, 1.5, 1.3) 12
[12:58:43.838]: (-0.7, 1.5, 1.3) 12
[12:58:43.855]: (-0.7, 1.5, 1.3) 12
[12:58:43.871]: (-0.7, 1.5, 1.3) 12
[12:58:43.890]: (-0.7, 1.5, 1.3) 12
[12:58:43.906]: (-0.7, 1.5, 1.3) 12
[12:58:43.924]: (-0.7, 1.5, 1.3) 12
[12:58:43.940]: (-0.7, 1.5, 1.3) 12
[12:58:43.957]: (-0.8, 1.5, 1.3) 12
[12:58:44.074]: (-1.3, 1.6, 2.5) 18
[12:58:44.095]: (-1.1, 1.4, 2.0) 2
[12:58:44.114]: (-1.1, 1.4, 1.8) 0
[12:58:44.131]: (-1.1, 1.4, 1.8) 0
[12:58:44.153]: (-1.1, 1.4, 1.9) 1
[12:58:44.175]: (-1.1, 1.4, 1.9) 1
[12:58:44.196]: (-1.3, 1.4, 2.3) 19
[12:58:44.335]: (-1.0, 1.4, 1.8) 10
[12:58:44.356]: (-1.0, 1.4, 1.8) 10
[12:58:44.377]: (-1.0, 1.5, 1.8) 10
[12:58:44.444]: (-0.7, 1.7, 1.9) 0
[12:58:44.770]: (-0.4, 2.0, 1.8) 0
[12:58:44.793]: (-0.4, 2.0, 1.8) 0
[12:58:44.814]: (-0.4, 2.1, 1.8) 0
[12:58:44.836]: (-0.4, 2.1, 1.8) 0
[12:58:44.860]: (-0.3, 2.1, 2.0) 2
[12:58:44.882]: (-0.3, 2.3, 2.5) 17
[12:58:44.904]: (-0.3, 2.3, 2.5) 17
[12:58:44.926]: (-0.3, 2.4, 2.5) 17
[12:58:45.066]: (-0.1, 2.5, 2.8) 24
[12:58:45.088]: (-0.2, 2.4, 2.5) 18
[12:58:45.110]: (-0.1, 2.4, 2.4) 18
[12:58:45.133]: (-0.2, 2.3, 2.5) 18
[12:58:45.244]: (-0.2, 2.1, 2.0) 2
[12:58:45.266]: (-0.2, 2.1, 2.0) 2
[12:58:45.287]: (-0.2, 2.1, 2.0) 2
[12:58:45.377]: (-0.1, 2.3, 2.5) 18
[12:58:45.400]: (-0.2, 2.3, 2.5) 18
[12:58:45.421]: (-0.2, 2.3, 2.5) 18
[12:58:45.443]: (-0.2, 2.3, 2.5) 18
[12:58:45.465]: (-0.2, 2.3, 2.5) 18
[12:58:45.487]: (-0.2, 2.3, 2.5) 18
[12:58:45.587]: (-0.2, 2.1, 2.0) 2
[12:58:45.609]: (-0.2, 2.1, 1.8) 0
[12:58:45.631]: (-0.2, 2.1, 1.9) 1
[12:58:46.723]: (-0.1, 2.7, 1.0) 1
[12:58:46.770]: (-0.1, 2.7, 1.0) 1
[12:58:46.802]: (-0.1, 2.7, 1.0) 1
[12:58:46.820]: (-0.1, 2.7, 1.0) 1
[12:58:46.835]: (0.0, 2.6, 1.0) 0
[12:58:46.854]: (0.0, 2.6, 1.0) 0
[12:58:46.870]: (0.0, 2.6, 1.0) 0
[12:58:46.888]: (0.0, 2.7, 1.0) 1
[12:58:46.905]: (-0.1, 2.7, 1.0) 1
[12:58:46.922]: (-0.1, 2.6, 1.0) 0
[12:58:46.939]: (-0.1, 2.6, 1.0) 0
[12:58:48.064]: (-0.2, 2.0, 0.3) 11
[12:58:48.086]: (-0.1, 1.9, 0.4) 11
[12:58:48.109]: (-0.2, 1.9, 0.4) 11
[12:58:48.219]: (-0.2, 1.9, 0.4) 11
[12:58:48.242]: (-0.2, 1.9, 0.3) 11
[12:58:48.264]: (-0.2, 1.9, 0.3) 11
[12:58:48.286]: (-0.2, 1.9, 0.3) 11
[12:58:48.310]: (-0.2, 1.9, 0.3) 11
[12:58:48.331]: (-0.2, 1.9, 0.3) 11
[12:58:48.353]: (-0.2, 1.8, 0.3) 11
[12:58:48.375]: (-0.2, 1.8, 0.2) 11
[12:58:48.397]: (-0.2, 1.8, 0.2) 11
[12:58:48.420]: (-0.2, 1.8, 0.2) 11
[12:58:48.443]: (-0.2, 1.8, 0.2) 11
[12:58:48.465]: (-0.2, 1.9, 0.3) 13
[12:58:48.487]: (-0.2, 1.9, 0.3) 13
[12:58:48.509]: (-0.2, 1.8, 0.3) 13
[12:58:48.529]: (-0.2, 1.8, 0.3) 13
[12:58:48.550]: (-0.2, 1.8, 0.2) 13
[12:58:48.571]: (-0.2, 1.8, 0.2) 13
[12:58:48.593]: (-0.2, 1.8, 0.3) 13
[12:58:48.615]: (-0.2, 1.8, 0.3) 13
[12:58:48.638]: (-0.2, 1.8, 0.3) 13
[12:58:48.721]: (-0.3, 1.7, 0.3) 13
[12:58:48.743]: (-0.3, 1.7, 0.2) 11
[12:58:48.764]: (-0.4, 1.6, 0.2) 11
[12:58:48.786]: (-0.4, 1.6, 0.2) 11
[12:58:48.808]: (-0.4, 1.6, 0.2) 11
[12:58:48.831]: (-0.4, 1.6, 0.2) 11
[12:58:48.854]: (-0.4, 1.6, 0.2) 11
[12:58:48.875]: (-0.4, 1.6, 0.2) 11
[12:58:48.897]: (-0.4, 1.6, 0.2) 11
[12:58:48.918]: (-0.4, 1.6, 0.2) 11
[12:58:48.944]: (-0.4, 1.6, 0.2) 11
[12:58:48.966]: (-0.4, 1.6, 0.2) 11
[12:58:48.990]: (-0.4, 1.6, 0.2) 11
[12:58:49.013]: (-0.4, 1.6, 0.2) 11
[12:58:49.032]: (-0.4, 1.6, 0.2) 11
[12:58:49.052]: (-0.4, 1.6, 0.2) 11
[12:58:49.074]: (-0.4, 1.6, 0.2) 11
[12:58:50.168]: (-0.9, 1.7, 0.8) 19
[12:58:50.193]: (-0.9, 1.7, 0.9) 19
[12:58:50.430]: (-0.6, 1.3, 0.6) 0
[12:58:50.454]: (-0.6, 1.3, 0.6) 1
[12:58:50.475]: (-0.6, 1.3, 0.6) 1
[12:58:50.498]: (-0.6, 1.3, 0.6) 1
[12:58:50.523]: (-0.6, 1.3, 0.6) 1
[12:58:50.548]: (-0.6, 1.3, 0.6) 1
[12:58:50.570]: (-0.6, 1.3, 0.6) 1
[12:58:50.594]: (-0.6, 1.3, 0.7) 1
[12:58:50.615]: (-0.6, 1.3, 0.7) 1
[12:58:50.635]: (-0.6, 1.3, 0.8) 2
[12:58:50.657]: (-0.6, 1.3, 0.8) 2
[12:58:50.678]: (-0.6, 1.3, 0.8) 2
[12:58:50.700]: (-0.6, 1.2, 0.7) 1
[12:58:50.722]: (-0.6, 1.2, 0.7) 1
[12:58:50.744]: (-0.6, 1.2, 0.7) 1
[12:58:50.765]: (-0.6, 1.2, 0.7) 1
[12:58:50.785]: (-0.6, 1.2, 0.7) 1
[12:58:50.896]: (-0.3, 1.1, 0.8) 22
[12:58:51.256]: (-0.6, 1.3, 0.7) 0
[12:58:51.278]: (-0.6, 1.3, 0.7) 0
[12:58:51.301]: (-0.6, 1.3, 0.7) 1
[12:58:51.319]: (-0.6, 1.3, 0.7) 1
[12:58:51.337]: (-0.6, 1.3, 0.7) 1
[12:58:51.359]: (-0.6, 1.3, 0.7) 1
[12:58:51.379]: (-0.6, 1.4, 0.7) 1
[12:58:51.396]: (-0.6, 1.3, 0.7) 1
[12:58:51.414]: (-0.6, 1.3, 0.7) 1
[12:58:51.432]: (-0.6, 1.3, 0.7) 1
[12:58:51.450]: (-0.6, 1.3, 0.7) 1
[12:58:51.467]: (-0.6, 1.3, 0.7) 1
[12:58:51.483]: (-0.6, 1.3, 0.7) 1
[12:58:51.500]: (-0.6, 1.3, 0.7) 1
[12:58:51.516]: (-0.6, 1.3, 0.7) 1
[12:58:51.533]: (-0.6, 1.3, 0.7) 1
[12:58:51.550]: (-0.6, 1.3, 0.7) 1
[12:58:51.566]: (-0.6, 1.4, 0.7) 1
[12:58:51.583]: (-0.6, 1.3, 0.7) 1
[12:58:51.602]: (-0.7, 1.4, 0.7) 1
[12:58:51.620]: (-0.7, 1.4, 0.7) 1
[12:58:51.641]: (-0.7, 1.4, 0.7) 1
[12:58:51.664]: (-0.7, 1.4, 0.7) 1
[12:58:51.685]: (-0.7, 1.4, 0.7) 1
[12:58:51.707]: (-0.7, 1.3, 0.7) 1
[12:58:51.729]: (-0.7, 1.3, 0.7) 1
[12:58:51.752]: (-0.7, 1.3, 0.7) 1
[12:58:51.776]: (-0.7, 1.4, 0.7) 1
[12:58:51.840]: (-0.9, 1.5, 1.0) 19
[12:58:51.951]: (-0.9, 1.6, 1.0) 19
[12:58:52.018]: (-0.9, 1.6, 1.0) 19
[12:58:52.039]: (-0.9, 1.5, 0.9) 19
[12:58:52.063]: (-0.9, 1.5, 0.9) 19
[12:58:52.084]: (-0.9, 1.5, 0.9) 19
[12:58:52.101]: (-0.9, 1.5, 0.9) 19
[12:58:52.119]: (-0.9, 1.5, 0.9) 19
[12:58:52.135]: (-0.9, 1.5, 0.9) 19
[12:58:52.154]: (-0.9, 1.5, 0.9) 19
[12:58:52.170]: (-0.9, 1.5, 1.0) 19
[12:58:52.187]: (-0.9, 1.5, 0.9) 19
[12:58:52.205]: (-0.9, 1.5, 1.0) 19
[12:58:52.221]: (-0.9, 1.5, 1.0) 19
[12:58:52.237]: (-0.9, 1.5, 1.0) 19
[12:58:52.254]: (-0.9, 1.5, 1.0) 19
[12:58:52.271]: (-0.9, 1.5, 1.0) 19
[12:58:52.348]: (-0.8, 1.7, 1.3) 18
[12:58:52.364]: (-0.8, 1.7, 1.2) 18
[12:58:52.380]: (-0.8, 1.7, 1.2) 18
[12:58:52.397]: (-0.8, 1.7, 1.2) 18
[12:58:52.413]: (-0.8, 1.7, 1.2) 18
[12:58:52.446]: (-1.0, 1.6, 1.2) 17
[12:58:52.464]: (-0.9, 1.6, 1.0) 19
[12:58:52.481]: (-1.0, 1.6, 1.2) 17
[12:58:52.498]: (-0.9, 1.5, 1.0) 19
[12:58:52.515]: (-0.9, 1.5, 1.0) 19
[12:58:52.531]: (-0.9, 1.6, 1.0) 19
[12:58:52.550]: (-0.9, 1.6, 1.0) 19
[12:58:52.573]: (-0.9, 1.6, 1.0) 19
[12:58:52.596]: (-0.9, 1.6, 1.0) 19
[12:58:52.618]: (-0.9, 1.6, 1.0) 19
[12:58:52.640]: (-0.9, 1.6, 1.0) 19
[12:58:52.662]: (-0.9, 1.6, 1.0) 19
[12:58:52.684]: (-0.9, 1.6, 1.0) 19
[12:58:52.707]: (-0.9, 1.5, 0.9) 19
[12:58:52.728]: (-0.9, 1.6, 1.0) 19
[12:58:52.750]: (-0.9, 1.6, 1.0) 19
[12:58:52.773]: (-0.9, 1.6, 0.9) 19
[12:58:52.796]: (-0.9, 1.6, 0.9) 19
[12:58:52.819]: (-0.9, 1.6, 0.9) 19
[12:58:52.838]: (-0.9, 1.6, 0.9) 19
[12:58:52.861]: (-0.9, 1.6, 0.9) 19
[12:58:52.884]: (-0.9, 1.6, 0.9) 19
[12:58:52.907]: (-0.9, 1.6, 0.9) 19
[12:58:52.928]: (-0.9, 1.6, 0.9) 19
[12:58:52.950]: (-0.9, 1.6, 0.9) 19
[12:58:52.973]: (-0.9, 1.6, 0.9) 19
[12:58:52.990]: (-0.9, 1.6, 1.0) 19
[12:58:53.006]: (-0.9, 1.5, 0.9) 19
[12:58:53.023]: (-0.9, 1.6, 0.9) 19
[12:58:53.039]: (-0.9, 1.6, 1.0) 19
[12:58:53.056]: (-0.9, 1.6, 0.9) 19
[12:58:53.071]: (-0.9, 1.5, 0.9) 19
[12:58:53.087]: (-0.9, 1.6, 1.2) 17
[12:58:53.104]: (-0.8, 1.6, 1.3) 18
[12:58:53.272]: (-0.1, 1.6, 1.5) 14
[12:58:53.917]: (-0.3, 1.3, 0.8) 21
[12:58:53.934]: (-0.3, 1.3, 0.8) 21
[12:58:53.951]: (-0.3, 1.3, 0.8) 21
[12:58:53.969]: (-0.3, 1.3, 0.8) 21
[12:58:53.984]: (-0.3, 1.3, 0.8) 21
[12:58:54.001]: (-0.3, 1.3, 0.8) 21
[12:58:54.018]: (-0.3, 1.3, 0.8) 21
[12:58:54.035]: (-0.3, 1.3, 0.8) 21
[12:58:54.052]: (-0.3, 1.3, 0.8) 21
[12:58:54.069]: (-0.3, 1.3, 0.8) 21
[12:58:54.085]: (-0.3, 1.3, 0.8) 22
[12:58:54.101]: (-0.3, 1.3, 0.8) 22
[12:58:54.210]: (-0.2, 1.1, 0.3) 11
[12:58:54.229]: (-0.2, 1.0, 0.3) 11
[12:58:54.246]: (-0.3, 1.0, 0.3) 11
[12:58:54.264]: (-0.2, 1.0, 0.3) 11
[12:58:54.383]: (-0.2, 1.0, 0.3) 11
[12:58:54.406]: (-0.3, 1.0, 0.3) 11
[12:58:54.428]: (-0.3, 1.0, 0.3) 11
[12:58:54.450]: (-0.3, 1.0, 0.3) 11
[12:58:54.472]: (-0.3, 1.0, 0.3) 11
[12:58:54.494]: (-0.3, 1.0, 0.3) 11
[12:58:54.517]: (-0.3, 1.0, 0.3) 11
[12:58:54.540]: (-0.3, 1.0, 0.3) 11
[12:58:54.562]: (-0.3, 1.0, 0.3) 11
[12:58:54.921]: (-1.0, 1.1, 0.4) 9
[12:58:56.676]: (-1.5, 1.5, 0.6) 28
[12:58:56.725]: (-1.5, 1.5, 0.6) 28
[12:58:56.740]: (-1.5, 1.5, 0.6) 28
[12:58:56.757]: (-1.5, 1.5, 0.6) 28
[12:58:56.774]: (-1.5, 1.5, 0.6) 28
[12:58:56.789]: (-1.5, 1.5, 0.6) 28
[12:58:56.806]: (-1.5, 1.5, 0.6) 28
[12:58:57.016]: (-0.9, 1.2, 0.4) 8
[12:58:57.127]: (-0.9, 1.2, 0.4) 8
[12:58:57.150]: (-0.9, 1.2, 0.4) 8
[12:58:57.171]: (-0.9, 1.2, 0.4) 8
[12:58:57.193]: (-0.9, 1.2, 0.4) 8
[12:58:57.256]: (-0.8, 1.3, 0.4) 10
[12:58:57.365]: (-0.6, 1.8, 1.6) 3
[12:58:57.395]: (-0.6, 1.7, 1.4) 5
[12:58:58.508]: (-0.2, 1.3, 0.7) 22
[12:58:58.526]: (-0.3, 1.3, 0.8) 21
[12:58:58.726]: (-0.6, 1.3, 0.7) 1
[12:58:58.748]: (-0.7, 1.3, 0.7) 1
[12:58:58.771]: (-0.7, 1.3, 0.7) 1
[12:58:58.792]: (-0.7, 1.3, 0.7) 1
[12:58:58.816]: (-0.7, 1.3, 0.7) 1
[12:58:58.837]: (-0.7, 1.3, 0.7) 1
[12:58:58.860]: (-0.7, 1.3, 0.7) 1
[12:58:58.882]: (-0.7, 1.3, 0.7) 1
[12:58:58.904]: (-0.7, 1.3, 0.7) 1
[12:58:58.927]: (-0.7, 1.3, 0.7) 1
[12:58:58.948]: (-0.7, 1.3, 0.7) 1
[12:58:58.971]: (-0.7, 1.3, 0.7) 1
[12:58:58.989]: (-0.7, 1.3, 0.7) 1
[12:58:59.006]: (-0.7, 1.3, 0.7) 1
[12:58:59.022]: (-0.7, 1.3, 0.7) 1
[12:58:59.040]: (-0.7, 1.3, 0.7) 1
[12:58:59.058]: (-0.7, 1.3, 0.7) 1
[12:58:59.075]: (-0.7, 1.3, 0.7) 1
[12:58:59.091]: (-0.7, 1.3, 0.7) 1
[12:58:59.109]: (-0.7, 1.3, 0.7) 1
[12:58:59.125]: (-0.7, 1.3, 0.7) 1
[12:58:59.141]: (-0.6, 1.3, 0.7) 0
[12:58:59.157]: (-0.6, 1.3, 0.7) 0
[12:58:59.174]: (-0.6, 1.3, 0.7) 0
[12:58:59.191]: (-0.6, 1.3, 0.7) 0
[12:58:59.208]: (-0.6, 1.3, 0.7) 0
[12:58:59.225]: (-0.6, 1.3, 0.7) 0
[12:58:59.242]: (-0.6, 1.3, 0.7) 0
[12:58:59.259]: (-0.6, 1.3, 0.6) 0
[12:58:59.321]: (-0.4, 1.3, 0.8) 21
[12:58:59.338]: (-0.3, 1.3, 0.8) 21
[12:58:59.356]: (-0.3, 1.3, 0.8) 21
[12:58:59.373]: (-0.3, 1.3, 0.8) 21
[12:58:59.389]: (-0.3, 1.3, 0.8) 21
[12:58:59.405]: (-0.3, 1.3, 0.8) 21
[12:58:59.426]: (-0.3, 1.3, 0.9) 23
[12:58:59.448]: (-0.3, 1.4, 0.8) 21
[12:58:59.471]: (-0.3, 1.4, 0.8) 21
[12:58:59.492]: (-0.3, 1.3, 0.8) 21
[12:58:59.514]: (-0.3, 1.4, 0.8) 21
[12:58:59.537]: (-0.3, 1.4, 0.8) 21
[12:58:59.561]: (-0.3, 1.4, 0.8) 21
[12:58:59.582]: (-0.3, 1.4, 0.8) 21
[12:58:59.605]: (-0.3, 1.4, 0.8) 21
[12:58:59.626]: (-0.3, 1.4, 0.8) 21
[12:58:59.715]: (-0.7, 1.4, 0.8) 2
[12:58:59.737]: (-0.7, 1.4, 0.7) 1
[12:58:59.760]: (-0.7, 1.4, 0.7) 1
[12:58:59.782]: (-0.7, 1.4, 0.7) 1
[12:58:59.826]: (-0.7, 1.3, 0.7) 1
[12:58:59.848]: (-0.7, 1.3, 0.7) 1
[12:58:59.870]: (-0.7, 1.3, 0.7) 1
[12:58:59.908]: (-0.8, 1.7, 1.2) 18
[12:58:59.925]: (-0.8, 1.7, 1.2) 18
[12:59:01.526]: (-0.7, 1.4, 0.7) 1
[12:59:01.614]: (-0.7, 1.3, 0.7) 1
[12:59:01.631]: (-0.7, 1.3, 0.7) 1
[12:59:01.648]: (-0.7, 1.3, 0.7) 1
[12:59:01.666]: (-0.7, 1.3, 0.7) 1
[12:59:01.682]: (-0.6, 1.3, 0.7) 1
[12:59:01.699]: (-0.6, 1.3, 0.7) 1
[12:59:01.716]: (-0.6, 1.3, 0.7) 1
[12:59:01.733]: (-0.6, 1.4, 0.7) 1
[12:59:01.749]: (-0.6, 1.3, 0.7) 1
[12:59:01.767]: (-0.6, 1.3, 0.7) 1
[12:59:01.783]: (-0.6, 1.4, 0.7) 1
[12:59:01.800]: (-0.6, 1.4, 0.7) 1
[12:59:01.816]: (-0.6, 1.3, 0.7) 1
[12:59:01.833]: (-0.6, 1.3, 0.7) 1
[12:59:01.851]: (-0.6, 1.3, 0.7) 1
[12:59:01.868]: (-0.6, 1.3, 0.7) 1
[12:59:01.885]: (-0.6, 1.3, 0.7) 1
[12:59:01.901]: (-0.6, 1.3, 0.7) 1
[12:59:01.919]: (-0.6, 1.3, 0.7) 1
[12:59:01.936]: (-0.6, 1.3, 0.7) 1
[12:59:01.953]: (-0.6, 1.3, 0.7) 1
[12:59:01.971]: (-0.6, 1.3, 0.7) 1
[12:59:01.988]: (-0.6, 1.3, 0.7) 1
[12:59:02.004]: (-0.6, 1.3, 0.7) 1
[12:59:02.022]: (-0.6, 1.3, 0.7) 1
[12:59:02.037]: (-0.6, 1.3, 0.7) 1
[12:59:02.055]: (-0.6, 1.3, 0.7) 1
[12:59:02.070]: (-0.6, 1.3, 0.7) 1
[12:59:02.088]: (-0.6, 1.3, 0.7) 1
[12:59:02.104]: (-0.6, 1.3, 0.7) 1
[12:59:02.125]: (-0.7, 1.3, 0.7) 1
[12:59:02.147]: (-0.7, 1.3, 0.7) 1
[12:59:02.169]: (-0.7, 1.3, 0.7) 1
[12:59:02.214]: (-0.7, 1.3, 0.7) 1
[12:59:02.236]: (-0.7, 1.3, 0.7) 1
[12:59:02.258]: (-0.7, 1.3, 0.7) 1
[12:59:02.281]: (-0.7, 1.3, 0.7) 1
[12:59:02.302]: (-0.7, 1.3, 0.7) 1
[12:59:02.325]: (-0.7, 1.3, 0.7) 1
[12:59:02.347]: (-0.7, 1.3, 0.7) 1
[12:59:02.369]: (-0.7, 1.3, 0.7) 1
[12:59:02.631]: (-0.7, 1.3, 0.7) 1
[12:59:03.159]: (-0.7, 1.3, 0.7) 1
[12:59:03.180]: (-0.6, 1.3, 0.7) 1
[12:59:03.202]: (-0.6, 1.3, 0.7) 1
[12:59:03.224]: (-0.6, 1.3, 0.7) 1
[12:59:03.246]: (-0.6, 1.3, 0.7) 1
[12:59:03.269]: (-0.6, 1.4, 0.7) 1
[12:59:03.293]: (-0.6, 1.4, 0.7) 1
[12:59:03.313]: (-0.6, 1.3, 0.7) 1
[12:59:03.335]: (-0.6, 1.3, 0.7) 1
[12:59:03.358]: (-0.6, 1.3, 0.7) 1
[12:59:03.376]: (-0.6, 1.3, 0.7) 1
[12:59:03.392]: (-0.6, 1.3, 0.7) 1
[12:59:03.408]: (-0.6, 1.3, 0.7) 1
[12:59:03.424]: (-0.7, 1.3, 0.7) 1
[12:59:03.440]: (-0.7, 1.3, 0.7) 1
[12:59:03.458]: (-0.7, 1.3, 0.7) 1
[12:59:03.476]: (-0.7, 1.3, 0.7) 1
[12:59:03.493]: (-0.7, 1.3, 0.7) 1
[12:59:03.510]: (-0.6, 1.3, 0.7) 1
[12:59:03.527]: (-0.6, 1.3, 0.7) 1
[12:59:03.545]: (-0.6, 1.3, 0.7) 1
[12:59:03.562]: (-0.6, 1.3, 0.7) 1
[12:59:03.578]: (-0.6, 1.3, 0.7) 1
[12:59:03.594]: (-0.6, 1.3, 0.7) 1
[12:59:03.613]: (-0.6, 1.4, 0.7) 1
[12:59:03.630]: (-0.6, 1.3, 0.7) 1
[12:59:03.649]: (-0.6, 1.3, 0.7) 1
[12:59:03.667]: (-0.6, 1.3, 0.7) 1
[12:59:03.683]: (-0.6, 1.3, 0.7) 1
[12:59:03.699]: (-0.6, 1.3, 0.7) 1
[12:59:03.716]: (-0.6, 1.3, 0.7) 1
[12:59:03.734]: (-0.6, 1.3, 0.7) 1
[12:59:03.751]: (-0.7, 1.4, 0.7) 1
[12:59:03.768]: (-0.9, 1.6, 1.1) 17
[12:59:03.784]: (-1.0, 1.6, 1.1) 17
[12:59:03.801]: (-1.0, 1.7, 1.1) 17
[12:59:03.817]: (-1.0, 1.7, 1.1) 17
[12:59:03.835]: (-1.0, 1.7, 1.1) 17
[12:59:03.858]: (-1.0, 1.6, 1.1) 17
[12:59:03.880]: (-1.0, 1.6, 1.1) 17
[12:59:04.699]: (-1.0, 1.7, 1.1) 17
[12:59:04.716]: (-1.0, 1.7, 1.1) 17
[12:59:04.735]: (-0.9, 1.7, 1.1) 17
[12:59:05.968]: (-0.5, 1.7, 1.4) 5
[12:59:06.368]: (-0.8, 1.6, 1.3) 18
[12:59:06.386]: (-0.8, 1.7, 1.2) 18
[12:59:06.402]: (-0.8, 1.7, 1.2) 18
[12:59:06.420]: (-0.8, 1.6, 1.2) 18
[12:59:06.437]: (-0.8, 1.6, 1.3) 18
[12:59:06.454]: (-0.8, 1.6, 1.3) 18
[12:59:06.470]: (-0.8, 1.6, 1.3) 18
[12:59:06.489]: (-0.7, 1.6, 1.3) 18
[12:59:06.512]: (-0.8, 1.6, 1.3) 18
[12:59:06.534]: (-0.8, 1.6, 1.3) 18
[12:59:06.556]: (-0.8, 1.6, 1.3) 18
[12:59:06.579]: (-0.8, 1.6, 1.3) 18
[12:59:06.778]: (-0.2, 1.1, 0.3) 11
[12:59:06.802]: (-0.2, 1.0, 0.3) 11
[12:59:06.823]: (-0.2, 1.0, 0.3) 11
[12:59:06.845]: (-0.2, 1.0, 0.3) 11
[12:59:06.868]: (-0.2, 1.0, 0.3) 11
[12:59:06.889]: (-0.2, 1.1, 0.4) 11
[12:59:06.912]: (-0.2, 1.1, 0.3) 11
[12:59:06.934]: (-0.2, 1.0, 0.3) 11
[12:59:06.956]: (-0.2, 1.1, 0.3) 11
[12:59:06.974]: (-0.2, 1.1, 0.3) 11
[12:59:06.992]: (-0.3, 1.1, 0.3) 11
[12:59:07.008]: (-0.2, 1.1, 0.3) 11
[12:59:07.024]: (-0.3, 1.1, 0.3) 11
[12:59:07.040]: (-0.3, 1.1, 0.4) 11
[12:59:07.059]: (-0.3, 1.1, 0.4) 11
[12:59:07.076]: (-0.3, 1.1, 0.4) 11
[12:59:07.093]: (-0.3, 1.1, 0.4) 11
[12:59:07.110]: (-0.3, 1.1, 0.4) 11
[12:59:07.126]: (-0.3, 1.1, 0.4) 11
[12:59:07.143]: (-0.3, 1.1, 0.4) 11
[12:59:07.159]: (-0.3, 1.0, 0.4) 11
[12:59:07.176]: (-0.3, 1.0, 0.4) 11
[12:59:07.192]: (-0.3, 1.0, 0.4) 11
[12:59:07.208]: (-0.3, 1.0, 0.4) 11
[12:59:07.226]: (-0.3, 1.1, 0.4) 11
[12:59:07.244]: (-0.3, 1.0, 0.4) 11
[12:59:07.261]: (-0.3, 1.1, 0.4) 11
[12:59:07.278]: (-0.3, 1.1, 0.4) 11
[12:59:07.294]: (-0.3, 1.0, 0.4) 11
[12:59:07.422]: (-0.9, 1.2, 0.3) 8
[12:59:07.446]: (-1.1, 1.1, 0.3) 9
[12:59:07.557]: (-1.0, 1.2, 0.3) 9
[12:59:07.579]: (-1.0, 1.1, 0.4) 9
[12:59:07.600]: (-1.0, 1.2, 0.4) 9
[12:59:07.623]: (-1.0, 1.2, 0.4) 9
[12:59:07.645]: (-1.0, 1.2, 0.3) 9
[12:59:08.255]: (-0.9, 1.2, 0.3) 8
[12:59:08.278]: (-1.0, 1.1, 0.3) 8
[12:59:08.300]: (-0.9, 1.1, 0.3) 8
[12:59:08.323]: (-1.0, 1.1, 0.4) 9
[12:59:08.344]: (-1.0, 1.1, 0.4) 9
[12:59:08.368]: (-0.9, 1.1, 0.3) 8
[12:59:08.390]: (-0.9, 1.1, 0.3) 8
[12:59:08.411]: (-0.9, 1.1, 0.3) 8
[12:59:08.434]: (-0.9, 1.1, 0.3) 8
[12:59:08.455]: (-0.9, 1.1, 0.3) 8
[12:59:08.479]: (-0.9, 1.1, 0.3) 8
[12:59:08.501]: (-0.9, 1.1, 0.3) 8
[12:59:08.522]: (-0.9, 1.2, 0.3) 8
[12:59:08.545]: (-0.9, 1.2, 0.3) 8
[12:59:08.567]: (-0.9, 1.1, 0.3) 8
[12:59:08.656]: (-0.6, 1.3, 0.6) 0
[12:59:08.677]: (-0.6, 1.3, 0.6) 0
[12:59:08.694]: (-0.6, 1.3, 0.6) 0
[12:59:08.711]: (-0.6, 1.3, 0.6) 0
[12:59:08.727]: (-0.6, 1.3, 0.6) 0
[12:59:08.744]: (-0.6, 1.3, 0.6) 0
[12:59:08.760]: (-0.6, 1.3, 0.6) 0
[12:59:08.778]: (-0.6, 1.3, 0.6) 0
[12:59:08.795]: (-0.6, 1.3, 0.6) 0
[12:59:08.814]: (-0.6, 1.3, 0.6) 0
[12:59:08.839]: (-0.6, 1.3, 0.6) 0
[12:59:08.860]: (-0.6, 1.3, 0.7) 1
[12:59:08.883]: (-0.6, 1.3, 0.7) 1
[12:59:08.905]: (-0.6, 1.3, 0.7) 1
[12:59:08.927]: (-0.6, 1.4, 0.7) 1
[12:59:09.315]: (-0.4, 1.4, 0.8) 1
[12:59:09.338]: (-0.4, 1.4, 0.7) 1
[12:59:09.803]: (-0.3, 1.5, 0.7) 2
[12:59:09.827]: (-0.3, 1.5, 0.7) 2
[12:59:09.850]: (-0.3, 1.5, 0.7) 2
[12:59:09.874]: (-0.3, 1.5, 0.7) 2
[12:59:09.896]: (-0.3, 1.5, 0.7) 2
[12:59:09.919]: (-0.3, 1.5, 0.7) 2
[12:59:10.361]: (-0.4, 1.4, 0.7) 1
[12:59:10.378]: (-0.5, 1.3, 0.7) 1
[12:59:10.778]: (-0.4, 1.3, 0.7) 0
[12:59:10.842]: (-0.4, 1.3, 0.7) 0
[12:59:10.859]: (-0.4, 1.3, 0.7) 0
[12:59:10.875]: (-0.4, 1.3, 0.7) 0
[12:59:10.891]: (-0.4, 1.3, 0.7) 0
[12:59:10.909]: (-0.4, 1.3, 0.7) 0
[12:59:10.926]: (-0.4, 1.3, 0.7) 0
[12:59:10.943]: (-0.4, 1.3, 0.7) 0
[12:59:10.960]: (-0.4, 1.3, 0.7) 0
[12:59:10.977]: (-0.4, 1.3, 0.7) 0
[12:59:10.993]: (-0.4, 1.3, 0.7) 0
[12:59:11.009]: (-0.4, 1.3, 0.7) 0
[12:59:11.026]: (-0.4, 1.3, 0.7) 0
[12:59:11.044]: (-0.4, 1.3, 0.7) 0
[12:59:11.061]: (-0.4, 1.3, 0.7) 0
[12:59:11.084]: (-0.4, 1.3, 0.7) 0
[12:59:11.109]: (-0.4, 1.3, 0.7) 0
[12:59:11.131]: (-0.4, 1.3, 0.7) 0
[12:59:11.150]: (-0.4, 1.3, 0.7) 0
[12:59:11.172]: (-0.4, 1.3, 0.7) 0
[12:59:11.194]: (-0.4, 1.3, 0.6) 0
[12:59:11.219]: (-0.4, 1.3, 0.6) 0
[12:59:11.241]: (-0.4, 1.3, 0.6) 0
[12:59:11.264]: (-0.4, 1.3, 0.6) 0
[12:59:11.284]: (-0.4, 1.3, 0.6) 0
[12:59:11.306]: (-0.4, 1.3, 0.6) 0
[12:59:11.327]: (-0.4, 1.3, 0.6) 0
[12:59:11.349]: (-0.3, 1.3, 0.6) 0
[12:59:11.375]: (-0.3, 1.3, 0.6) 0
[12:59:11.400]: (-0.3, 1.3, 0.6) 0
[12:59:11.434]: (-0.3, 1.3, 0.6) 0
[12:59:11.469]: (-0.3, 1.3, 0.6) 0
[12:59:11.501]: (-0.3, 1.4, 0.6) 0
[12:59:11.533]: (-0.3, 1.3, 0.6) 0
[12:59:11.567]: (-0.3, 1.3, 0.6) 0
[12:59:12.000]: (-0.6, 1.7, 1.1) 18
[12:59:12.054]: (-0.6, 1.7, 1.1) 18
[12:59:12.079]: (-0.6, 1.7, 1.1) 18
[12:59:12.100]: (-0.6, 1.8, 1.1) 18
[12:59:12.121]: (-0.6, 1.7, 1.1) 18
[12:59:12.143]: (-0.6, 1.7, 1.1) 18
[12:59:12.167]: (-0.6, 1.7, 1.1) 18
[12:59:12.857]: (-0.5, 1.4, 0.8) 2
[12:59:12.881]: (-0.5, 1.4, 0.8) 2
[12:59:12.902]: (-0.5, 1.4, 0.8) 2
[12:59:12.969]: (-0.5, 1.4, 0.8) 2
[12:59:13.013]: (-0.4, 1.4, 0.8) 2
[12:59:13.035]: (-0.4, 1.4, 0.8) 2
[12:59:13.058]: (-0.4, 1.4, 0.7) 2
[12:59:13.081]: (-0.4, 1.4, 0.7) 2
[12:59:13.102]: (-0.4, 1.4, 0.7) 2
[12:59:13.124]: (-0.4, 1.4, 0.7) 2
[12:59:13.146]: (-0.4, 1.4, 0.7) 2
[12:59:13.168]: (-0.4, 1.4, 0.7) 2
[12:59:13.191]: (-0.4, 1.4, 0.8) 2
[12:59:13.709]: (-0.4, 1.2, 0.7) 0
[12:59:13.792]: (-0.4, 1.1, 0.7) 0
[12:59:13.975]: (-0.4, 1.1, 0.7) 0
[12:59:13.999]: (-0.4, 1.1, 0.7) 0
[12:59:14.021]: (-0.5, 1.2, 0.7) 0
[12:59:14.042]: (-0.5, 1.3, 0.7) 1
[12:59:14.065]: (-0.6, 1.3, 0.7) 1
[12:59:14.087]: (-0.6, 1.3, 0.8) 1
[12:59:14.111]: (-0.6, 1.3, 0.8) 1
[12:59:14.131]: (-0.6, 1.3, 0.7) 1
[12:59:14.154]: (-0.6, 1.2, 0.8) 1
[12:59:14.356]: (-0.6, 1.2, 0.7) 1
[12:59:14.373]: (-0.5, 1.2, 0.7) 1
[12:59:14.390]: (-0.5, 1.2, 0.7) 1
[12:59:14.406]: (-0.5, 1.3, 0.7) 1
[12:59:14.501]: (-0.5, 1.2, 0.7) 1
[12:59:14.522]: (-0.5, 1.3, 0.7) 1
[12:59:14.540]: (-0.5, 1.3, 0.7) 1
[12:59:14.556]: (-0.5, 1.3, 0.7) 1
[12:59:14.573]: (-0.5, 1.3, 0.7) 1
[12:59:14.590]: (-0.5, 1.3, 0.7) 1
[12:59:14.606]: (-0.5, 1.3, 0.7) 1
[12:59:14.622]: (-0.5, 1.3, 0.7) 1
[12:59:14.637]: (-0.5, 1.3, 0.7) 1
[12:59:14.653]: (-0.5, 1.3, 0.7) 1
[12:59:14.670]: (-0.5, 1.3, 0.7) 1
[12:59:14.688]: (-0.5, 1.3, 0.7) 1
[12:59:14.706]: (-0.5, 1.3, 0.7) 1
[12:59:14.723]: (-0.5, 1.3, 0.7) 1
[12:59:14.740]: (-0.5, 1.3, 0.7) 1
[12:59:14.757]: (-0.5, 1.3, 0.7) 1
[12:59:14.775]: (-0.5, 1.3, 0.7) 1
[12:59:14.792]: (-0.5, 1.3, 0.7) 1
[12:59:14.812]: (-0.5, 1.3, 0.7) 1
[12:59:14.829]: (-0.4, 1.3, 0.8) 2
[12:59:14.887]: (-0.2, 1.4, 0.7) 21
[12:59:15.022]: (-0.2, 1.4, 0.7) 21
[12:59:15.042]: (-0.2, 1.4, 0.7) 21
[12:59:15.065]: (-0.2, 1.4, 0.7) 21
[12:59:15.087]: (-0.2, 1.3, 0.7) 21
[12:59:15.109]: (-0.2, 1.3, 0.7) 21
[12:59:15.131]: (-0.2, 1.3, 0.7) 21
[12:59:15.153]: (-0.2, 1.3, 0.7) 21
[12:59:15.176]: (-0.2, 1.3, 0.7) 21
[12:59:15.198]: (-0.2, 1.3, 0.7) 21
[12:59:15.219]: (-0.2, 1.3, 0.7) 21
[12:59:15.267]: (-0.2, 1.3, 0.7) 21
[12:59:15.309]: (-0.2, 1.3, 0.7) 21
[12:59:15.598]: (-0.7, 1.9, 0.9) 17
[12:59:15.615]: (-0.7, 1.9, 0.9) 17
[12:59:15.632]: (-0.7, 1.9, 0.9) 17
[12:59:15.694]: (-0.7, 1.8, 0.9) 17
[12:59:17.720]: (-0.6, 1.7, 0.8) 17
[12:59:17.754]: (-0.6, 1.7, 0.8) 17
[12:59:17.852]: (-0.6, 1.7, 0.9) 20
[12:59:18.053]: (-0.6, 1.7, 0.8) 17
[12:59:21.986]: (-0.4, 1.5, 0.8) 19
[12:59:22.009]: (-0.4, 1.5, 0.8) 19
[12:59:22.149]: (-0.4, 1.5, 0.8) 19
[12:59:22.196]: (-0.4, 1.4, 0.8) 19
[12:59:22.221]: (-0.4, 1.4, 0.8) 19
[12:59:22.285]: (-0.5, 1.4, 0.8) 19
[12:59:23.560]: (-0.5, 1.4, 0.8) 19
[12:59:23.583]: (-0.5, 1.4, 0.8) 19
[12:59:23.605]: (-0.5, 1.4, 0.8) 19
[12:59:23.628]: (-0.5, 1.4, 0.8) 19
[12:59:23.651]: (-0.5, 1.4, 0.8) 19
[12:59:23.673]: (-0.5, 1.4, 0.8) 19
[12:59:23.697]: (-0.5, 1.4, 0.8) 19
[12:59:25.348]: (-0.5, 1.4, 0.8) 19
[12:59:26.460]: (-0.5, 1.4, 0.8) 19
[12:59:26.481]: (-0.5, 1.4, 0.8) 19
[12:59:26.504]: (-0.5, 1.4, 0.8) 19
[12:59:26.525]: (-0.5, 1.4, 0.8) 19
[12:59:26.703]: (-0.5, 1.4, 0.8) 19
[12:59:26.726]: (-0.5, 1.4, 0.8) 19
[12:59:26.749]: (-0.5, 1.4, 0.8) 19
[12:59:26.771]: (-0.5, 1.4, 0.8) 19
[12:59:26.793]: (-0.5, 1.4, 0.7) 19
[12:59:26.817]: (-0.5, 1.4, 0.7) 19
[12:59:26.841]: (-0.5, 1.4, 0.7) 19
[12:59:26.863]: (-0.5, 1.4, 0.7) 19
[12:59:26.886]: (-0.5, 1.4, 0.7) 19
[12:59:26.908]: (-0.5, 1.4, 0.7) 19
[12:59:26.930]: (-0.5, 1.4, 0.7) 19
[12:59:28.154]: (-0.4, 1.4, 0.7) 19
[12:59:28.172]: (-0.4, 1.5, 0.8) 19
[12:59:28.190]: (-0.4, 1.4, 0.8) 19
[12:59:28.224]: (-0.4, 1.5, 0.8) 19
[12:59:28.240]: (-0.4, 1.5, 0.8) 19
[12:59:28.258]: (-0.4, 1.5, 0.8) 19
[12:59:28.275]: (-0.4, 1.5, 0.8) 19
[12:59:28.292]: (-0.4, 1.5, 0.8) 19
[12:59:28.326]: (-0.4, 1.5, 0.8) 19
[12:59:28.403]: (-0.4, 1.5, 0.8) 19
[12:59:28.425]: (-0.4, 1.5, 0.8) 19
[12:59:28.447]: (-0.4, 1.5, 0.8) 19
[12:59:28.469]: (-0.4, 1.4, 0.7) 19
[12:59:28.967]: (-0.5, 1.4, 0.8) 19
[12:59:28.985]: (-0.5, 1.4, 0.8) 19
[12:59:30.226]: (-0.5, 1.4, 0.8) 19
[12:59:30.337]: (-0.5, 1.4, 0.8) 19
