[13:07:26.859]: (-2.8, -1.6, 0.1) 33
[13:07:26.884]: (-2.9, -1.5, 0.2) 33
[13:07:26.907]: (-3.0, -1.5, 0.2) 33
[13:07:26.928]: (-2.9, -1.4, 0.3) 31
[13:07:27.256]: (-2.9, 0.1, 1.9) 31
[13:07:28.828]: (-1.7, 2.1, 2.7) 34
[13:07:29.701]: (-1.1, 1.8, 1.1) 5
[13:07:30.001]: (-1.1, 1.9, 1.1) 5
[13:07:30.024]: (-1.0, 1.9, 0.7) 11
[13:07:30.046]: (-1.0, 1.9, 0.7) 11
[13:07:30.069]: (-1.0, 1.9, 0.7) 11
[13:07:30.090]: (-1.0, 1.9, 0.7) 11
[13:07:30.113]: (-1.0, 1.9, 0.7) 11
[13:07:30.134]: (-1.0, 1.9, 0.7) 11
[13:07:30.158]: (-1.0, 1.9, 0.7) 11
[13:07:30.177]: (-1.0, 1.9, 0.7) 11
[13:07:30.199]: (-1.0, 1.9, 0.7) 11
[13:07:30.222]: (-1.1, 2.0, 0.9) 6
[13:07:30.244]: (-1.1, 2.0, 0.9) 6
[13:07:30.266]: (-1.0, 2.0, 0.8) 8
[13:07:30.288]: (-1.0, 2.0, 0.8) 8
[13:07:30.310]: (-1.0, 2.0, 0.8) 8
[13:07:30.333]: (-1.3, 2.4, 1.4) 14
[13:07:30.555]: (-1.1, 2.6, 1.6) 16
[13:07:31.888]: (0.3, 2.2, 1.8) 26
[13:07:33.502]: (-1.6, 1.6, 1.2) 14
[13:07:33.524]: (-1.6, 1.6, 1.2) 14
[13:07:33.545]: (-1.6, 1.6, 1.2) 14
[13:07:33.567]: (-1.6, 1.6, 1.2) 14
[13:07:33.589]: (-1.6, 1.6, 1.2) 14
[13:07:33.612]: (-1.6, 1.6, 1.2) 14
[13:07:33.635]: (-1.6, 1.7, 1.2) 14
[13:07:33.678]: (-1.5, 1.7, 1.2) 14
[13:07:33.700]: (-1.5, 1.7, 1.2) 14
[13:07:33.721]: (-1.6, 1.7, 1.2) 14
[13:07:33.742]: (-1.5, 1.7, 1.2) 12
[13:07:33.767]: (-1.5, 1.7, 1.2) 12
[13:07:33.786]: (-1.5, 1.7, 1.3) 12
[13:07:33.808]: (-1.5, 1.7, 1.3) 12
[13:07:33.831]: (-1.5, 1.7, 1.3) 12
[13:07:33.853]: (-1.5, 1.7, 1.3) 12
[13:07:33.876]: (-1.5, 1.7, 1.3) 12
[13:07:34.044]: (-1.6, 1.8, 1.3) 15
[13:07:34.109]: (-1.6, 1.8, 1.3) 15
[13:07:34.143]: (-1.6, 1.8, 1.3) 15
[13:07:34.176]: (-1.6, 1.8, 1.3) 15
[13:07:34.210]: (-1.6, 1.8, 1.3) 15
[13:07:34.244]: (-1.6, 1.8, 1.4) 17
[13:07:34.278]: (-1.5, 1.8, 1.1) 13
[13:07:34.309]: (-1.4, 1.8, 1.1) 13
[13:07:34.343]: (-1.4, 1.8, 1.1) 13
[13:07:36.096]: (-1.6, 1.9, 1.3) 15
[13:07:36.117]: (-1.6, 1.9, 1.3) 15
[13:07:36.133]: (-1.6, 1.9, 1.3) 15
[13:07:36.151]: (-1.6, 1.9, 1.3) 15
[13:07:36.173]: (-1.6, 1.9, 1.3) 15
[13:07:36.193]: (-1.6, 1.9, 1.3) 15
[13:07:36.211]: (-1.5, 1.9, 1.3) 15
[13:07:36.228]: (-1.5, 1.9, 1.3) 15
[13:07:36.246]: (-1.5, 1.9, 1.3) 15
[13:07:36.263]: (-1.5, 1.9, 1.3) 15
[13:07:36.279]: (-1.5, 1.9, 1.3) 15
[13:07:36.295]: (-1.6, 2.0, 1.4) 17
[13:07:37.493]: (-0.8, 2.5, 1.9) 31
[13:07:37.516]: (-0.8, 2.5, 1.9) 31
[13:07:37.539]: (-0.8, 2.5, 1.9) 31
[13:07:37.563]: (-0.8, 2.5, 1.9) 31
[13:07:37.600]: (-0.8, 2.5, 1.9) 31
[13:07:37.629]: (-0.7, 2.4, 1.7) 32
[13:07:37.664]: (-0.8, 2.5, 1.9) 31
[13:07:40.268]: (-0.7, 3.1, 0.8) 34
[13:07:40.653]: (-0.6, 2.8, 0.8) 32
[13:07:40.674]: (-0.6, 2.8, 0.8) 32
[13:07:40.717]: (-0.7, 3.0, 0.9) 30
[13:07:40.739]: (-0.7, 3.0, 1.0) 30
[13:07:42.328]: (-0.5, 2.4, 1.7) 34
[13:07:42.349]: (-0.4, 2.4, 1.7) 34
[13:07:42.372]: (-0.4, 2.4, 1.7) 34
[13:07:42.394]: (-0.4, 2.4, 1.7) 34
[13:07:42.771]: (-0.3, 2.3, 1.5) 32
[13:07:42.816]: (-0.4, 2.4, 1.7) 34
[13:07:42.838]: (-0.4, 2.4, 1.7) 34
[13:07:42.861]: (-0.5, 2.4, 1.7) 34
[13:07:42.883]: (-0.5, 2.4, 1.7) 34
[13:07:43.221]: (0.5, 1.5, 1.3) 28
[13:07:43.243]: (0.5, 1.5, 1.3) 28
[13:07:43.309]: (0.5, 1.5, 1.2) 28
[13:07:43.331]: (0.5, 1.5, 1.3) 28
[13:07:43.353]: (0.5, 1.5, 1.3) 28
[13:07:43.376]: (0.5, 1.5, 1.3) 28
[13:07:43.399]: (0.5, 1.5, 1.3) 28
[13:07:43.419]: (0.5, 1.5, 1.3) 28
[13:07:43.531]: (0.5, 1.6, 1.3) 28
[13:07:45.104]: (-1.1, 1.7, 1.1) 13
[13:07:45.239]: (-1.3, 1.7, 1.2) 12
[13:07:45.272]: (-1.2, 1.7, 1.2) 12
[13:07:45.304]: (-1.2, 1.7, 1.2) 12
[13:07:45.336]: (-1.2, 1.7, 1.2) 12
[13:07:45.354]: (-1.2, 1.7, 1.2) 12
[13:07:45.370]: (-1.2, 1.7, 1.2) 12
[13:07:45.432]: (-1.2, 1.7, 1.2) 12
[13:07:45.449]: (-1.2, 1.7, 1.2) 12
[13:07:45.466]: (-1.2, 1.7, 1.2) 12
[13:07:45.484]: (-1.3, 1.7, 1.2) 12
[13:07:45.502]: (-1.3, 1.7, 1.2) 12
[13:07:45.534]: (-1.3, 1.7, 1.2) 12
[13:07:45.716]: (-1.3, 1.9, 1.2) 15
[13:07:46.357]: (-1.1, 1.2, 0.8) 4
[13:07:46.374]: (-1.2, 1.1, 0.9) 6
[13:07:46.392]: (-1.2, 1.1, 1.0) 5
[13:07:46.409]: (-1.2, 1.1, 1.0) 5
[13:07:46.426]: (-1.2, 1.0, 0.9) 5
[13:07:46.444]: (-1.2, 1.0, 1.0) 5
[13:07:46.462]: (-1.2, 1.0, 1.0) 5
[13:07:46.526]: (-1.2, 1.1, 0.8) 6
[13:07:46.547]: (-1.2, 1.1, 0.9) 6
[13:07:46.571]: (-1.2, 1.1, 0.8) 6
[13:07:46.592]: (-1.2, 1.1, 0.8) 6
[13:07:46.637]: (-1.2, 1.1, 0.9) 6
[13:07:46.770]: (-1.1, 1.7, 1.1) 13
[13:07:46.792]: (-1.1, 1.7, 1.1) 13
[13:07:46.816]: (-1.1, 1.7, 1.1) 13
[13:07:46.837]: (-1.1, 1.7, 1.1) 13
[13:07:46.860]: (-1.1, 1.7, 1.1) 13
[13:07:46.882]: (-1.1, 1.7, 1.1) 13
[13:07:46.903]: (-1.1, 1.7, 1.1) 13
[13:07:46.926]: (-1.1, 1.7, 1.1) 13
[13:07:46.943]: (-1.1, 1.7, 1.1) 13
[13:07:46.961]: (-1.1, 1.7, 1.1) 13
[13:07:46.978]: (-1.1, 1.7, 1.1) 13
[13:07:46.996]: (-1.1, 1.7, 1.1) 13
[13:07:47.013]: (-1.1, 1.7, 1.1) 13
[13:07:47.029]: (-1.1, 1.7, 1.1) 13
[13:07:47.046]: (-1.1, 1.7, 1.1) 13
[13:07:47.064]: (-1.1, 1.7, 1.1) 13
[13:07:47.097]: (-1.1, 1.7, 1.1) 13
[13:07:47.132]: (-1.1, 1.7, 1.1) 13
[13:07:47.149]: (-1.1, 1.7, 1.1) 13
[13:07:47.168]: (-1.1, 1.7, 1.1) 13
[13:07:47.184]: (-1.1, 1.7, 1.1) 13
[13:07:47.201]: (-1.1, 1.7, 1.1) 13
[13:07:47.218]: (-1.1, 1.7, 1.1) 13
[13:07:47.237]: (-1.1, 1.7, 1.3) 16
[13:07:48.405]: (1.0, 2.5, 1.9) 22
[13:07:48.427]: (0.9, 2.5, 1.8) 22
[13:07:48.448]: (0.9, 2.5, 1.9) 22
[13:07:48.605]: (0.4, 2.4, 2.0) 22
[13:07:48.627]: (0.4, 2.4, 2.0) 22
[13:07:48.647]: (0.4, 2.4, 2.0) 22
[13:07:48.671]: (0.3, 2.4, 2.0) 22
[13:07:48.693]: (0.3, 2.4, 2.0) 22
[13:07:48.716]: (0.3, 2.4, 2.0) 22
[13:07:50.102]: (-0.2, 2.4, 1.8) 23
[13:07:50.725]: (-0.1, 1.3, 1.2) 28
[13:07:50.746]: (-0.1, 1.4, 1.2) 28
[13:07:50.792]: (0.0, 1.4, 1.2) 28
[13:07:50.950]: (0.2, 1.4, 1.3) 29
[13:07:50.972]: (0.2, 1.3, 1.2) 28
[13:07:50.995]: (0.2, 1.3, 1.2) 28
[13:07:51.017]: (0.3, 1.3, 1.2) 28
[13:07:51.039]: (0.2, 1.3, 1.2) 28
[13:07:51.060]: (0.3, 1.3, 1.2) 28
[13:07:51.690]: (-0.7, 2.1, 1.4) 32
[13:07:53.306]: (-1.3, 1.4, 1.2) 18
[13:07:53.328]: (-1.4, 1.3, 1.2) 16
[13:07:53.346]: (-1.3, 1.3, 1.0) 13
[13:07:53.399]: (-1.4, 1.3, 1.0) 13
[13:07:53.417]: (-1.5, 1.3, 1.1) 14
[13:07:53.433]: (-1.5, 1.2, 1.1) 14
[13:07:53.451]: (-1.5, 1.3, 1.1) 14
[13:07:53.473]: (-1.5, 1.3, 1.1) 14
[13:07:53.506]: (-1.5, 1.3, 1.1) 14
[13:07:53.524]: (-1.5, 1.2, 1.1) 14
[13:07:53.545]: (-1.5, 1.2, 1.1) 14
[13:07:53.564]: (-1.5, 1.3, 1.1) 14
[13:07:54.014]: (-1.5, 1.3, 1.0) 12
[13:07:54.069]: (-1.5, 1.4, 1.1) 15
[13:07:54.087]: (-1.5, 1.4, 1.1) 15
[13:07:54.107]: (-1.5, 1.4, 1.1) 15
[13:07:54.127]: (-1.5, 1.4, 1.1) 15
[13:07:54.145]: (-1.5, 1.4, 1.1) 15
[13:07:54.163]: (-1.5, 1.4, 1.1) 15
[13:07:54.184]: (-1.5, 1.4, 1.1) 15
[13:07:54.203]: (-1.5, 1.4, 1.1) 15
[13:07:54.220]: (-1.5, 1.4, 1.1) 15
[13:07:54.239]: (-1.5, 1.4, 1.1) 15
[13:07:54.255]: (-1.5, 1.4, 1.1) 15
[13:07:54.272]: (-1.5, 1.4, 1.1) 15
[13:07:54.288]: (-1.5, 1.4, 1.1) 15
[13:07:54.305]: (-1.5, 1.3, 1.0) 12
[13:07:54.385]: (-1.5, 1.3, 1.1) 12
[13:07:54.423]: (-1.5, 1.3, 1.1) 12
[13:07:54.445]: (-1.5, 1.3, 1.0) 12
[13:07:54.491]: (-1.5, 1.3, 1.0) 12
[13:07:54.512]: (-1.5, 1.3, 1.1) 12
[13:07:54.534]: (-1.5, 1.3, 1.1) 12
[13:07:54.557]: (-1.5, 1.3, 1.0) 12
[13:07:54.981]: (-1.5, 1.3, 1.1) 14
[13:07:55.012]: (-1.5, 1.2, 1.1) 14
[13:07:55.028]: (-1.5, 1.2, 1.1) 14
[13:07:55.049]: (-1.5, 1.2, 1.1) 14
[13:07:55.067]: (-1.5, 1.3, 1.1) 14
[13:07:55.083]: (-1.5, 1.2, 1.1) 14
[13:07:55.101]: (-1.5, 1.3, 1.1) 14
[13:07:55.118]: (-1.5, 1.2, 1.2) 14
[13:07:55.181]: (-1.5, 1.2, 1.1) 14
[13:07:55.198]: (-1.5, 1.3, 1.1) 14
[13:07:55.230]: (-1.4, 1.3, 1.0) 13
[13:07:55.246]: (-1.4, 1.3, 1.0) 13
[13:07:55.263]: (-1.4, 1.3, 1.0) 13
[13:07:55.345]: (-1.4, 1.3, 1.0) 13
[13:07:55.367]: (-1.3, 1.3, 1.0) 13
[13:07:55.435]: (-1.4, 1.3, 1.0) 13
[13:07:55.457]: (-1.5, 1.2, 1.1) 14
[13:07:55.479]: (-1.5, 1.3, 1.2) 14
[13:07:55.501]: (-1.5, 1.3, 1.1) 14
[13:07:55.524]: (-1.5, 1.3, 1.1) 14
[13:07:55.545]: (-1.5, 1.3, 1.1) 14
[13:07:55.634]: (-1.4, 1.3, 1.1) 14
[13:07:55.656]: (-1.4, 1.3, 1.1) 14
[13:07:55.678]: (-1.4, 1.4, 1.1) 14
[13:07:55.701]: (-1.4, 1.4, 1.1) 14
[13:07:55.723]: (-1.4, 1.4, 1.0) 14
[13:07:55.768]: (-1.3, 1.4, 1.0) 14
[13:07:55.788]: (-1.4, 1.4, 1.0) 14
[13:07:55.810]: (-1.3, 1.4, 1.0) 14
[13:07:55.833]: (-1.3, 1.4, 1.0) 14
[13:07:55.857]: (-1.3, 1.4, 1.0) 14
[13:07:55.882]: (-1.3, 1.4, 1.0) 14
[13:07:55.909]: (-1.3, 1.4, 1.0) 14
[13:07:55.929]: (-1.3, 1.4, 1.0) 14
[13:07:55.952]: (-1.3, 1.4, 0.9) 14
[13:07:55.976]: (-1.3, 1.4, 1.0) 14
[13:07:55.997]: (-1.3, 1.4, 0.9) 14
[13:07:56.017]: (-1.3, 1.5, 0.9) 14
[13:07:56.059]: (-1.3, 1.4, 0.9) 14
[13:07:56.082]: (-1.3, 1.4, 0.9) 14
[13:07:56.104]: (-1.3, 1.4, 0.9) 14
[13:07:56.127]: (-1.3, 1.4, 0.9) 14
[13:07:56.150]: (-1.3, 1.4, 0.9) 14
[13:07:56.172]: (-1.3, 1.4, 0.9) 14
[13:07:56.194]: (-1.2, 1.4, 0.9) 14
[13:07:56.216]: (-1.2, 1.4, 0.9) 14
[13:07:56.238]: (-1.2, 1.4, 0.9) 14
[13:07:56.260]: (-1.2, 1.4, 0.9) 14
[13:07:56.278]: (-1.2, 1.5, 0.9) 14
[13:07:56.295]: (-1.2, 1.5, 0.9) 14
[13:07:56.311]: (-1.2, 1.5, 0.9) 14
[13:07:56.330]: (-1.2, 1.5, 0.9) 14
[13:07:56.348]: (-1.2, 1.5, 0.9) 14
[13:07:56.367]: (-1.2, 1.5, 0.9) 14
[13:07:56.383]: (-1.2, 1.5, 0.9) 14
[13:07:56.400]: (-1.2, 1.5, 0.9) 14
[13:07:56.424]: (-1.2, 1.5, 0.9) 14
[13:07:56.445]: (-1.2, 1.5, 0.9) 14
[13:07:56.467]: (-1.2, 1.5, 0.9) 14
[13:07:56.489]: (-1.3, 1.5, 0.9) 14
[13:07:56.778]: (-1.3, 1.5, 0.9) 14
[13:07:56.795]: (-1.2, 1.5, 0.9) 14
[13:07:56.830]: (-1.3, 1.5, 0.9) 14
[13:07:56.847]: (-1.3, 1.5, 0.9) 14
[13:07:56.864]: (-1.3, 1.5, 0.9) 14
[13:07:56.985]: (-1.2, 1.5, 0.9) 14
[13:07:57.064]: (-1.2, 1.5, 0.9) 14
[13:07:57.081]: (-1.2, 1.5, 0.9) 14
[13:07:57.145]: (-1.2, 1.5, 0.9) 14
[13:07:57.162]: (-1.2, 1.5, 0.9) 14
[13:07:57.178]: (-1.2, 1.5, 0.9) 14
[13:07:57.196]: (-1.2, 1.4, 0.9) 14
[13:07:57.400]: (-1.2, 1.4, 0.9) 14
[13:07:57.421]: (-1.2, 1.4, 0.9) 14
[13:07:57.443]: (-1.2, 1.5, 0.9) 14
[13:07:57.466]: (-1.2, 1.5, 0.9) 14
[13:07:57.488]: (-1.2, 1.5, 0.9) 14
[13:07:57.510]: (-1.2, 1.5, 0.9) 14
[13:07:57.532]: (-1.2, 1.5, 0.9) 14
[13:07:57.555]: (-1.2, 1.5, 0.9) 14
[13:07:57.577]: (-1.2, 1.5, 0.9) 14
[13:07:57.599]: (-1.2, 1.5, 0.9) 14
[13:07:57.621]: (-1.2, 1.5, 0.9) 14
[13:07:57.644]: (-1.2, 1.5, 0.9) 14
[13:07:57.667]: (-1.2, 1.5, 0.9) 14
[13:07:57.685]: (-1.2, 1.5, 0.9) 14
[13:07:57.701]: (-1.2, 1.5, 0.9) 14
[13:07:57.718]: (-1.2, 1.5, 0.9) 14
[13:07:57.735]: (-1.2, 1.5, 0.9) 14
[13:07:57.750]: (-1.2, 1.5, 0.9) 14
[13:07:57.767]: (-1.2, 1.5, 0.9) 14
[13:07:57.783]: (-1.2, 1.5, 0.9) 14
[13:07:57.801]: (-1.2, 1.5, 0.9) 14
[13:07:57.818]: (-1.2, 1.5, 0.9) 14
[13:07:57.834]: (-1.2, 1.5, 0.9) 14
[13:07:57.852]: (-1.2, 1.5, 0.9) 14
[13:07:57.869]: (-1.2, 1.5, 0.9) 14
[13:07:57.885]: (-1.2, 1.5, 0.9) 14
[13:07:57.903]: (-1.2, 1.5, 0.9) 14
[13:07:57.921]: (-1.2, 1.5, 0.9) 14
[13:07:57.938]: (-1.2, 1.5, 0.9) 14
[13:07:57.954]: (-1.2, 1.4, 0.9) 14
[13:07:57.970]: (-1.2, 1.5, 0.9) 14
[13:07:57.985]: (-1.2, 1.5, 0.9) 14
[13:07:58.002]: (-1.2, 1.5, 0.9) 14
[13:07:58.019]: (-1.2, 1.5, 0.9) 14
[13:07:58.035]: (-1.2, 1.5, 0.9) 14
[13:07:58.052]: (-1.2, 1.4, 0.9) 14
[13:07:58.069]: (-1.2, 1.4, 0.9) 14
[13:07:58.086]: (-1.2, 1.4, 0.9) 14
[13:07:58.103]: (-1.2, 1.4, 0.9) 14
[13:07:58.120]: (-1.2, 1.4, 0.9) 14
[13:07:58.488]: (-1.0, 1.4, 0.8) 13
[13:07:58.510]: (-1.0, 1.5, 0.8) 13
[13:07:58.532]: (-1.0, 1.5, 0.8) 13
[13:07:58.554]: (-1.0, 1.4, 0.8) 13
[13:07:58.571]: (-1.0, 1.4, 0.8) 13
[13:07:58.619]: (-1.0, 1.4, 0.8) 13
[13:07:58.635]: (-1.0, 1.5, 0.8) 13
[13:07:58.651]: (-1.0, 1.5, 0.8) 13
[13:07:58.668]: (-1.0, 1.5, 0.8) 13
[13:07:58.684]: (-1.0, 1.5, 0.8) 13
[13:07:58.703]: (-1.0, 1.5, 0.8) 13
[13:07:58.719]: (-1.0, 1.5, 0.8) 13
[13:07:58.736]: (-1.0, 1.5, 0.8) 13
[13:07:58.753]: (-1.0, 1.5, 0.8) 13
[13:07:58.769]: (-1.0, 1.5, 0.8) 13
[13:07:58.787]: (-1.0, 1.5, 0.8) 13
[13:07:58.804]: (-1.0, 1.5, 0.8) 13
[13:07:58.821]: (-1.0, 1.5, 0.8) 13
[13:07:58.837]: (-1.1, 1.5, 0.8) 13
[13:07:58.856]: (-1.1, 1.5, 0.8) 13
[13:07:58.873]: (-1.1, 1.5, 0.8) 13
[13:07:58.890]: (-1.0, 1.5, 0.8) 13
[13:07:58.907]: (-1.1, 1.5, 0.8) 13
[13:07:58.925]: (-1.0, 1.5, 0.8) 13
[13:07:58.941]: (-1.0, 1.5, 0.8) 13
[13:07:58.958]: (-1.0, 1.5, 0.8) 13
[13:07:58.975]: (-1.1, 1.5, 0.8) 13
[13:07:58.991]: (-1.1, 1.5, 0.8) 13
[13:07:59.131]: (-1.1, 1.4, 0.8) 13
[13:07:59.153]: (-1.0, 1.4, 0.8) 13
[13:07:59.178]: (-1.0, 1.4, 0.8) 13
[13:07:59.198]: (-1.0, 1.4, 0.8) 13
[13:07:59.221]: (-1.0, 1.4, 0.8) 13
[13:07:59.243]: (-1.0, 1.4, 0.8) 13
[13:07:59.265]: (-1.0, 1.4, 0.8) 13
[13:07:59.287]: (-1.0, 1.4, 0.8) 13
[13:07:59.311]: (-1.0, 1.4, 0.8) 13
[13:07:59.876]: (-1.2, 1.4, 0.9) 14
[13:07:59.898]: (-1.2, 1.4, 0.9) 14
[13:07:59.921]: (-1.2, 1.5, 0.9) 14
[13:07:59.942]: (-1.2, 1.4, 0.9) 14
[13:07:59.965]: (-1.2, 1.5, 0.9) 14
[13:07:59.987]: (-1.2, 1.4, 0.9) 14
[13:08:00.010]: (-1.2, 1.4, 0.9) 14
[13:08:00.032]: (-1.2, 1.4, 0.9) 14
[13:08:00.053]: (-1.2, 1.4, 0.9) 14
[13:08:00.078]: (-1.2, 1.4, 0.9) 14
[13:08:00.098]: (-1.3, 1.4, 0.9) 14
[13:08:00.120]: (-1.2, 1.4, 0.9) 14
[13:08:00.143]: (-1.2, 1.4, 0.9) 14
[13:08:00.164]: (-1.2, 1.4, 0.9) 14
[13:08:00.187]: (-1.2, 1.4, 0.9) 14
[13:08:00.210]: (-1.2, 1.4, 0.9) 14
[13:08:00.231]: (-1.2, 1.4, 0.9) 14
[13:08:00.253]: (-1.3, 1.4, 0.9) 14
[13:08:00.277]: (-1.3, 1.4, 0.9) 14
[13:08:01.388]: (-1.2, 1.4, 0.9) 14
[13:08:01.404]: (-1.2, 1.4, 0.9) 14
[13:08:01.421]: (-1.2, 1.4, 0.9) 14
[13:08:01.439]: (-1.2, 1.4, 0.9) 14
[13:08:01.456]: (-1.2, 1.4, 0.9) 14
[13:08:01.473]: (-1.2, 1.4, 0.9) 14
[13:08:01.492]: (-1.2, 1.4, 0.9) 14
[13:08:01.510]: (-1.2, 1.4, 0.9) 14
[13:08:01.528]: (-1.2, 1.4, 0.9) 14
[13:08:01.544]: (-1.2, 1.4, 0.9) 14
[13:08:01.562]: (-1.2, 1.4, 0.9) 14
[13:08:01.581]: (-1.2, 1.4, 0.9) 14
[13:08:01.600]: (-1.2, 1.4, 0.9) 14
[13:08:01.622]: (-1.2, 1.4, 0.9) 14
[13:08:01.642]: (-1.2, 1.4, 1.0) 14
[13:08:01.798]: (-1.3, 1.4, 0.9) 14
[13:08:02.087]: (-1.3, 1.4, 0.9) 14
[13:08:02.103]: (-1.3, 1.4, 0.9) 14
[13:08:02.118]: (-1.3, 1.4, 0.9) 14
[13:08:02.520]: (-1.3, 1.4, 0.9) 14
[13:08:02.543]: (-1.3, 1.4, 0.9) 14
[13:08:02.563]: (-1.3, 1.4, 0.9) 14
[13:08:02.586]: (-1.3, 1.4, 0.9) 14
[13:08:02.608]: (-1.3, 1.4, 0.9) 14
[13:08:02.631]: (-1.3, 1.4, 0.9) 14
[13:08:02.653]: (-1.3, 1.4, 0.9) 14
[13:08:02.675]: (-1.3, 1.4, 0.9) 14
[13:08:02.699]: (-1.3, 1.4, 0.9) 14
[13:08:02.719]: (-1.3, 1.4, 0.9) 14
[13:08:02.742]: (-1.2, 1.4, 0.9) 14
[13:08:02.764]: (-1.2, 1.4, 0.9) 14
[13:08:02.788]: (-1.2, 1.4, 0.9) 14
[13:08:02.807]: (-1.2, 1.4, 0.9) 14
[13:08:03.845]: (-1.3, 1.4, 0.9) 14
[13:08:03.867]: (-1.2, 1.4, 0.9) 14
[13:08:03.883]: (-1.3, 1.4, 0.9) 14
[13:08:03.901]: (-1.3, 1.4, 0.9) 14
[13:08:03.918]: (-1.3, 1.4, 0.9) 14
[13:08:03.935]: (-1.3, 1.5, 0.9) 14
[13:08:03.952]: (-1.3, 1.4, 0.9) 14
[13:08:03.969]: (-1.3, 1.4, 0.9) 14
[13:08:03.987]: (-1.3, 1.4, 0.9) 14
[13:08:04.004]: (-1.3, 1.4, 0.9) 14
[13:08:04.021]: (-1.2, 1.4, 0.9) 14
[13:08:04.038]: (-1.2, 1.4, 0.9) 14
[13:08:04.057]: (-1.2, 1.4, 0.9) 14
[13:08:04.075]: (-1.2, 1.4, 0.9) 14
[13:08:04.330]: (-1.2, 1.6, 0.7) 14
[13:08:04.352]: (-1.2, 1.6, 0.7) 14
[13:08:04.376]: (-1.2, 1.6, 0.7) 14
[13:08:04.486]: (-1.1, 1.6, 0.6) 12
[13:08:04.508]: (-1.1, 1.6, 0.6) 12
[13:08:04.529]: (-1.0, 1.6, 0.5) 13
[13:08:04.552]: (-1.0, 1.6, 0.5) 13
[13:08:04.576]: (-1.0, 1.5, 0.5) 13
[13:08:04.602]: (-1.0, 1.6, 0.5) 13
[13:08:04.624]: (-1.0, 1.5, 0.5) 13
[13:08:04.646]: (-1.0, 1.5, 0.4) 13
[13:08:04.668]: (-1.0, 1.6, 0.4) 13
[13:08:04.690]: (-1.0, 1.6, 0.4) 13
[13:08:04.731]: (-1.2, 1.6, 0.5) 14
[13:08:04.753]: (-1.2, 1.6, 0.5) 14
[13:08:04.777]: (-1.2, 1.6, 0.5) 14
[13:08:04.797]: (-1.2, 1.6, 0.5) 14
[13:08:04.819]: (-1.2, 1.6, 0.5) 14
[13:08:04.841]: (-1.2, 1.6, 0.5) 14
[13:08:04.863]: (-1.1, 1.6, 0.5) 14
[13:08:04.885]: (-1.1, 1.6, 0.5) 14
[13:08:04.911]: (-1.1, 1.6, 0.5) 14
[13:08:04.934]: (-1.1, 1.6, 0.5) 14
[13:08:04.957]: (-1.1, 1.6, 0.5) 14
[13:08:04.979]: (-1.1, 1.6, 0.6) 14
[13:08:05.000]: (-1.1, 1.6, 0.6) 14
[13:08:05.021]: (-1.0, 1.6, 0.6) 14
[13:08:05.123]: (-0.9, 1.6, 0.5) 13
[13:08:05.846]: (-0.9, 1.6, 0.4) 13
[13:08:05.889]: (-0.9, 1.6, 0.4) 13
[13:08:05.913]: (-0.9, 1.6, 0.4) 13
[13:08:05.936]: (-0.9, 1.6, 0.4) 13
[13:08:07.674]: (-0.9, 1.6, 0.3) 13
[13:08:07.696]: (-0.9, 1.6, 0.3) 13
[13:08:07.720]: (-0.9, 1.6, 0.3) 13
[13:08:07.745]: (-0.9, 1.7, 0.3) 13
[13:08:07.763]: (-0.9, 1.6, 0.3) 13
[13:08:07.782]: (-0.9, 1.6, 0.3) 13
[13:08:07.805]: (-0.9, 1.6, 0.3) 13
[13:08:07.828]: (-0.9, 1.6, 0.3) 13
[13:08:07.850]: (-0.9, 1.6, 0.4) 13
[13:08:07.873]: (-0.9, 1.7, 0.4) 12
[13:08:07.896]: (-0.9, 1.7, 0.4) 12
[13:08:07.919]: (-0.9, 1.7, 0.4) 12
[13:08:07.940]: (-0.9, 1.7, 0.4) 12
[13:08:07.964]: (-0.9, 1.6, 0.4) 12
[13:08:07.991]: (-0.9, 1.6, 0.5) 12
[13:08:08.015]: (-0.9, 1.6, 0.5) 12
[13:08:08.082]: (-0.8, 1.5, 0.4) 13
[13:08:08.530]: (-0.8, 1.5, 0.3) 13
[13:08:08.564]: (-0.8, 1.5, 0.3) 13
