[13:11:18.955]: (-2.8, -0.1, 0.5) 4
[13:11:18.980]: (-2.8, 0.0, 0.6) 4
[13:11:19.175]: (-2.4, 1.0, 1.6) 8
[13:11:19.264]: (-2.1, 1.3, 1.9) 8
[13:11:19.286]: (-2.0, 1.4, 1.9) 8
[13:11:19.308]: (-1.9, 1.4, 2.0) 8
[13:11:19.330]: (-1.9, 1.5, 2.0) 8
[13:11:19.353]: (-1.9, 1.6, 2.2) 0
[13:11:19.376]: (-1.9, 1.6, 2.2) 0
[13:11:19.397]: (-1.8, 1.7, 2.2) 0
[13:11:19.419]: (-1.7, 1.7, 2.2) 0
[13:11:19.441]: (-1.6, 1.7, 2.2) 2
[13:11:19.464]: (-1.5, 1.7, 2.3) 2
[13:11:19.900]: (-0.5, 2.1, 2.5) 2
[13:11:19.924]: (-0.5, 2.0, 2.5) 2
[13:11:19.946]: (-0.5, 2.0, 2.4) 8
[13:11:20.032]: (-0.5, 2.0, 2.4) 8
[13:11:20.054]: (-0.6, 2.0, 2.4) 8
[13:11:20.072]: (-0.6, 2.0, 2.4) 8
[13:11:20.088]: (-0.6, 2.0, 2.4) 8
[13:11:20.105]: (-0.6, 2.0, 2.4) 8
[13:11:20.122]: (-0.6, 2.0, 2.4) 8
[13:11:20.139]: (-0.6, 2.0, 2.4) 8
[13:11:20.155]: (-0.6, 2.0, 2.4) 8
[13:11:20.185]: (-0.6, 2.0, 2.5) 2
[13:11:20.220]: (-0.7, 1.9, 2.5) 2
[13:11:20.253]: (-0.7, 1.9, 2.5) 2
[13:11:20.286]: (-0.7, 2.0, 2.5) 2
[13:11:20.353]: (-0.7, 2.0, 2.5) 2
[13:11:20.385]: (-0.6, 2.0, 2.5) 2
[13:11:20.419]: (-0.6, 2.0, 2.4) 8
[13:11:20.452]: (-0.6, 2.0, 2.4) 8
[13:11:20.487]: (-0.6, 2.0, 2.4) 8
[13:11:20.519]: (-0.6, 2.0, 2.4) 8
[13:11:20.552]: (-0.6, 2.0, 2.4) 8
[13:11:20.586]: (-0.6, 2.0, 2.4) 8
[13:11:20.619]: (-0.6, 2.1, 2.4) 8
[13:11:20.652]: (-0.6, 2.0, 2.4) 8
[13:11:20.686]: (-0.6, 2.0, 2.4) 8
[13:11:20.719]: (-0.6, 2.0, 2.4) 8
[13:11:20.752]: (-0.6, 2.0, 2.5) 2
[13:11:21.280]: (-1.0, 1.8, 1.6) 18
[13:11:21.303]: (-1.0, 1.9, 1.6) 18
[13:11:21.330]: (-1.0, 1.9, 1.6) 18
[13:11:21.356]: (-0.9, 1.8, 1.4) 16
[13:11:21.379]: (-0.8, 1.8, 1.3) 16
[13:11:21.403]: (-0.8, 1.8, 1.3) 16
[13:11:23.162]: (0.5, 2.5, 1.6) 7
[13:11:23.184]: (0.4, 2.5, 1.6) 7
[13:11:23.206]: (0.4, 2.5, 1.6) 2
[13:11:23.228]: (0.5, 2.5, 1.6) 2
[13:11:23.273]: (0.5, 2.6, 1.7) 3
[13:11:23.295]: (0.4, 2.6, 1.8) 3
[13:11:23.565]: (0.1, 2.1, 1.9) 4
[13:11:23.587]: (0.2, 2.1, 1.9) 4
[13:11:23.611]: (0.1, 2.1, 1.9) 4
[13:11:23.631]: (0.1, 2.1, 1.9) 4
[13:11:23.655]: (0.1, 2.1, 2.0) 1
[13:11:23.677]: (0.1, 2.1, 2.0) 1
[13:11:23.700]: (0.1, 2.1, 2.0) 1
[13:11:23.722]: (0.1, 2.1, 2.0) 1
[13:11:23.743]: (0.1, 2.1, 2.0) 1
[13:11:23.766]: (0.1, 2.0, 2.0) 1
[13:11:23.788]: (0.1, 2.0, 1.9) 6
[13:11:23.810]: (0.1, 2.0, 1.9) 6
[13:11:23.832]: (0.1, 2.0, 1.9) 6
[13:11:23.855]: (0.1, 2.1, 2.0) 5
[13:11:23.879]: (0.1, 2.1, 2.0) 1
[13:11:23.899]: (0.1, 2.1, 2.0) 1
[13:11:23.919]: (0.3, 1.9, 1.9) 8
[13:11:26.086]: (0.3, 2.3, 1.3) 1
[13:11:26.111]: (0.5, 2.3, 1.4) 0
[13:11:26.353]: (1.1, 2.8, 2.4) 25
[13:11:26.508]: (1.0, 2.7, 2.6) 21
[13:11:26.531]: (1.0, 2.7, 2.6) 25
[13:11:26.553]: (0.9, 2.7, 2.6) 25
[13:11:26.575]: (0.9, 2.7, 2.6) 25
[13:11:27.042]: (0.5, 2.1, 1.7) 0
[13:11:27.064]: (0.2, 2.0, 1.5) 6
[13:11:27.538]: (-0.8, 2.3, 1.5) 33
[13:11:27.573]: (-1.0, 2.4, 1.4) 37
[13:11:27.638]: (-1.0, 2.3, 1.4) 37
[13:11:27.671]: (-1.0, 2.3, 1.4) 37
[13:11:27.704]: (-1.0, 2.4, 1.4) 37
[13:11:27.737]: (-1.0, 2.3, 1.4) 37
[13:11:27.772]: (-1.0, 2.3, 1.4) 37
[13:11:27.805]: (-1.0, 2.3, 1.4) 37
[13:11:27.839]: (-1.0, 2.3, 1.4) 37
[13:11:27.871]: (-1.0, 2.3, 1.5) 37
[13:11:28.514]: (-0.8, 2.3, 1.5) 33
[13:11:28.537]: (-0.8, 2.3, 1.5) 33
[13:11:29.793]: (0.3, 1.9, 1.5) 6
[13:11:29.816]: (0.3, 1.9, 1.5) 6
[13:11:29.836]: (0.3, 1.9, 1.5) 6
[13:11:29.860]: (0.3, 1.9, 1.5) 6
[13:11:29.881]: (0.3, 1.9, 1.5) 6
[13:11:29.904]: (0.3, 1.9, 1.5) 6
[13:11:29.926]: (0.3, 1.9, 1.5) 6
[13:11:30.090]: (-0.7, 2.3, 1.5) 33
[13:11:30.292]: (-0.8, 2.3, 1.5) 33
[13:11:30.308]: (-0.8, 2.3, 1.5) 33
[13:11:30.326]: (-0.8, 2.3, 1.5) 33
[13:11:30.390]: (-0.8, 2.3, 1.5) 33
[13:11:30.406]: (-0.8, 2.3, 1.5) 33
[13:11:30.423]: (-0.8, 2.3, 1.5) 33
[13:11:30.440]: (-0.8, 2.3, 1.5) 33
[13:11:30.456]: (-0.8, 2.3, 1.5) 33
[13:11:30.474]: (-0.8, 2.3, 1.5) 33
[13:11:30.491]: (-0.8, 2.3, 1.5) 33
[13:11:30.507]: (-0.8, 2.3, 1.5) 33
[13:11:30.525]: (-0.8, 2.3, 1.5) 33
[13:11:30.547]: (-0.8, 2.3, 1.5) 33
[13:11:30.569]: (-0.8, 2.3, 1.5) 33
[13:11:33.003]: (-0.8, 2.3, 1.5) 33
[13:11:33.358]: (-0.8, 1.7, 0.8) 15
[13:11:33.589]: (-1.0, 1.7, 1.0) 9
[13:11:33.606]: (-1.0, 1.7, 1.0) 9
[13:11:33.623]: (-1.0, 1.7, 1.0) 9
[13:11:33.639]: (-1.0, 1.7, 1.0) 9
[13:11:33.657]: (-1.0, 1.7, 1.0) 9
[13:11:33.673]: (-1.0, 1.7, 1.0) 9
[13:11:33.690]: (-1.0, 1.7, 1.0) 9
[13:11:33.706]: (-1.0, 1.7, 1.0) 9
[13:11:33.724]: (-1.0, 1.7, 1.0) 9
[13:11:33.740]: (-1.0, 1.7, 1.0) 9
[13:11:33.758]: (-1.0, 1.7, 1.0) 9
[13:11:33.775]: (-1.0, 1.7, 1.0) 9
[13:11:33.809]: (-0.8, 1.7, 0.8) 15
[13:11:34.123]: (-0.7, 2.3, 1.4) 33
[13:11:34.146]: (-0.7, 2.3, 1.5) 33
[13:11:34.168]: (-0.7, 2.3, 1.5) 33
[13:11:34.191]: (-0.7, 2.3, 1.5) 33
[13:11:34.212]: (-0.7, 2.3, 1.5) 33
[13:11:34.708]: (0.3, 2.0, 1.5) 6
[13:11:34.743]: (0.3, 1.9, 1.6) 6
[13:11:35.090]: (0.6, 2.0, 1.7) 0
[13:11:35.618]: (0.4, 2.0, 1.6) 1
[13:11:36.488]: (-1.0, 2.3, 1.4) 37
[13:11:36.505]: (-1.0, 2.3, 1.4) 37
[13:11:36.539]: (-1.0, 2.3, 1.4) 37
[13:11:39.196]: (-0.7, 2.3, 1.4) 37
[13:11:39.279]: (-0.7, 2.3, 1.4) 37
[13:11:39.300]: (-0.7, 2.3, 1.4) 37
[13:11:39.326]: (-0.6, 2.3, 1.4) 37
[13:11:40.400]: (-0.6, 2.1, 1.3) 37
[13:11:40.754]: (-0.8, 2.2, 1.3) 37
[13:11:40.777]: (-0.8, 2.2, 1.3) 37
[13:11:40.799]: (-0.7, 2.2, 1.3) 37
[13:11:40.821]: (-0.8, 2.1, 1.3) 37
[13:11:40.844]: (-0.8, 2.2, 1.3) 37
[13:11:40.866]: (-0.8, 2.2, 1.3) 37
[13:11:40.888]: (-0.7, 2.2, 1.3) 31
[13:11:40.909]: (-0.7, 2.2, 1.3) 31
[13:11:40.932]: (-0.8, 2.2, 1.3) 31
[13:11:40.954]: (-0.8, 2.2, 1.3) 31
[13:11:40.977]: (-0.8, 2.1, 1.3) 31
[13:11:41.001]: (-0.8, 2.1, 1.3) 31
[13:11:41.025]: (-0.8, 2.0, 1.3) 37
[13:11:41.291]: (-0.8, 2.1, 1.2) 37
[13:11:41.315]: (-0.8, 2.1, 1.2) 37
[13:11:41.338]: (-0.9, 2.1, 1.2) 37
[13:11:41.360]: (-0.9, 2.1, 1.2) 37
[13:11:41.384]: (-0.9, 2.1, 1.2) 37
[13:11:41.405]: (-0.9, 2.1, 1.2) 37
[13:11:41.430]: (-0.9, 2.1, 1.2) 37
[13:11:41.450]: (-0.8, 2.1, 1.2) 37
[13:11:41.473]: (-0.8, 2.1, 1.2) 37
[13:11:41.494]: (-0.8, 2.1, 1.2) 37
[13:11:41.516]: (-0.8, 2.1, 1.2) 37
[13:11:41.537]: (-0.8, 2.1, 1.2) 37
[13:11:41.558]: (-0.8, 2.1, 1.2) 37
[13:11:41.579]: (-0.8, 2.1, 1.2) 37
[13:11:41.601]: (-0.8, 2.1, 1.2) 37
[13:11:41.623]: (-0.8, 2.1, 1.2) 37
[13:11:41.647]: (-0.8, 2.1, 1.2) 37
[13:11:41.669]: (-0.8, 2.1, 1.2) 37
[13:11:41.691]: (-0.8, 2.1, 1.2) 37
[13:11:41.714]: (-0.8, 2.1, 1.3) 37
[13:11:41.737]: (-0.8, 2.1, 1.3) 37
[13:11:41.758]: (-0.8, 2.0, 1.3) 37
[13:11:41.781]: (-0.9, 2.0, 1.3) 37
[13:11:41.803]: (-0.8, 2.0, 1.3) 37
[13:11:41.827]: (-0.8, 2.0, 1.3) 37
[13:11:41.849]: (-0.8, 2.0, 1.3) 37
[13:11:41.871]: (-0.9, 2.0, 1.3) 37
[13:11:41.893]: (-0.8, 2.0, 1.3) 37
[13:11:41.916]: (-0.8, 2.0, 1.3) 37
[13:11:41.936]: (-0.8, 2.0, 1.3) 37
[13:11:41.958]: (-0.8, 2.0, 1.3) 37
[13:11:41.980]: (-0.8, 2.0, 1.3) 37
[13:11:42.001]: (-0.9, 2.0, 1.3) 37
[13:11:42.020]: (-0.9, 2.0, 1.3) 37
[13:11:42.037]: (-0.9, 2.0, 1.3) 37
[13:11:42.055]: (-0.9, 2.0, 1.3) 37
[13:11:42.071]: (-0.9, 2.0, 1.3) 37
[13:11:42.344]: (-0.9, 1.5, 0.8) 12
[13:11:42.739]: (-0.9, 1.4, 0.9) 9
[13:11:42.772]: (-0.7, 1.5, 0.7) 15
[13:11:42.789]: (-0.7, 1.6, 0.9) 17
[13:11:42.834]: (-0.8, 2.0, 1.3) 37
[13:11:43.020]: (-0.8, 2.1, 1.3) 37
[13:11:43.045]: (-0.8, 2.0, 1.3) 37
[13:11:43.064]: (-0.8, 2.0, 1.3) 37
[13:11:43.088]: (-0.8, 2.1, 1.3) 37
[13:11:43.110]: (-0.8, 2.0, 1.3) 37
[13:11:43.131]: (-0.8, 2.0, 1.3) 37
[13:11:43.154]: (-0.8, 2.0, 1.3) 37
[13:11:43.176]: (-0.9, 2.1, 1.3) 37
[13:11:44.427]: (-0.8, 2.0, 1.3) 37
[13:11:45.222]: (-0.7, 2.1, 1.3) 32
[13:11:45.548]: (-0.7, 2.0, 1.1) 32
[13:11:45.569]: (-0.7, 2.0, 1.1) 32
[13:11:45.611]: (-0.7, 2.0, 1.1) 31
[13:11:45.632]: (-0.7, 2.0, 1.1) 31
[13:11:45.653]: (-0.7, 2.0, 1.1) 31
[13:11:45.743]: (-0.7, 1.9, 1.0) 31
[13:11:46.208]: (-0.8, 1.9, 1.0) 37
[13:11:46.242]: (-0.8, 1.9, 0.9) 37
[13:11:46.276]: (-0.8, 1.9, 1.0) 37
[13:11:46.309]: (-0.8, 1.9, 0.9) 37
[13:11:46.342]: (-0.8, 1.9, 1.0) 37
[13:11:46.364]: (-0.8, 1.9, 1.0) 37
[13:11:46.385]: (-0.8, 1.9, 1.0) 37
[13:11:46.408]: (-0.8, 1.9, 1.0) 37
[13:11:46.432]: (-0.8, 1.9, 1.0) 37
[13:11:46.452]: (-0.8, 1.9, 1.0) 37
[13:11:46.475]: (-0.8, 1.9, 1.0) 37
[13:11:46.498]: (-0.8, 1.9, 1.0) 37
[13:11:46.519]: (-0.8, 1.9, 1.0) 37
[13:11:46.542]: (-0.8, 1.9, 1.0) 37
[13:11:46.563]: (-0.8, 1.9, 1.0) 37
[13:11:46.586]: (-0.8, 1.9, 1.0) 37
[13:11:46.608]: (-0.9, 1.9, 1.0) 37
[13:11:46.630]: (-0.9, 1.9, 1.0) 37
[13:11:46.652]: (-0.9, 1.9, 0.9) 37
[13:11:46.675]: (-0.9, 1.9, 0.9) 37
[13:11:46.696]: (-0.9, 1.9, 0.9) 37
[13:11:46.720]: (-0.9, 1.9, 0.9) 37
[13:11:46.741]: (-0.9, 1.9, 1.0) 37
[13:11:46.898]: (-0.9, 1.9, 1.0) 37
[13:11:46.920]: (-0.9, 1.9, 1.0) 37
[13:11:46.941]: (-0.9, 1.9, 1.0) 37
[13:11:46.963]: (-0.9, 1.9, 1.0) 37
[13:11:47.007]: (-0.9, 1.9, 1.0) 37
[13:11:47.413]: (-0.9, 1.9, 1.0) 37
[13:11:47.434]: (-0.9, 1.9, 1.0) 37
[13:11:47.457]: (-0.9, 1.9, 1.0) 37
[13:11:47.480]: (-0.9, 1.9, 1.0) 37
[13:11:47.501]: (-0.9, 1.9, 1.0) 37
[13:11:47.524]: (-0.9, 1.9, 1.0) 37
[13:11:47.545]: (-0.9, 1.9, 1.0) 37
[13:11:47.567]: (-0.9, 1.9, 1.0) 37
[13:11:47.591]: (-0.9, 1.9, 1.0) 37
[13:11:47.607]: (-0.9, 1.9, 1.0) 37
[13:11:47.623]: (-0.9, 1.9, 1.0) 37
[13:11:47.641]: (-0.9, 1.9, 1.0) 37
[13:11:47.657]: (-0.9, 1.9, 1.0) 37
[13:11:47.674]: (-0.9, 1.9, 1.0) 37
[13:11:47.691]: (-0.9, 1.9, 1.0) 37
[13:11:47.708]: (-0.9, 1.9, 1.0) 37
[13:11:47.725]: (-0.9, 1.9, 1.0) 37
[13:11:47.742]: (-0.9, 1.9, 1.0) 37
[13:11:47.760]: (-0.9, 1.9, 1.0) 37
[13:11:47.778]: (-0.9, 1.9, 1.0) 37
[13:11:47.795]: (-0.9, 1.9, 1.0) 37
[13:11:47.812]: (-0.9, 1.9, 1.0) 37
[13:11:47.830]: (-0.9, 1.9, 1.0) 37
[13:11:47.861]: (-0.9, 1.9, 1.0) 37
[13:11:47.878]: (-0.9, 1.9, 1.0) 37
[13:11:47.896]: (-0.9, 1.9, 1.0) 37
[13:11:47.912]: (-0.9, 1.9, 1.0) 37
[13:11:47.930]: (-0.9, 1.9, 1.0) 37
[13:11:47.947]: (-0.9, 1.9, 1.0) 37
[13:11:47.964]: (-0.9, 1.9, 1.0) 37
[13:11:47.983]: (-0.9, 1.9, 1.0) 37
[13:11:47.999]: (-0.9, 1.9, 1.0) 37
[13:11:48.015]: (-0.9, 1.9, 1.0) 37
[13:11:48.033]: (-0.9, 1.9, 1.0) 37
[13:11:48.050]: (-0.9, 1.9, 1.0) 37
[13:11:48.065]: (-0.9, 1.9, 1.0) 37
[13:11:48.083]: (-0.9, 1.9, 1.0) 37
[13:11:48.100]: (-0.9, 1.9, 1.0) 37
[13:11:48.131]: (-0.9, 1.9, 1.0) 37
[13:11:48.163]: (-0.9, 1.9, 1.0) 37
[13:11:48.196]: (-0.9, 1.9, 1.0) 37
[13:11:48.230]: (-0.9, 1.9, 1.0) 37
[13:11:48.264]: (-0.9, 1.9, 1.0) 37
[13:11:48.365]: (-0.9, 1.9, 1.0) 37
[13:11:48.398]: (-0.9, 1.9, 1.0) 37
[13:11:48.664]: (0.5, 1.6, 1.2) 5
[13:11:48.797]: (0.7, 1.4, 1.2) 8
[13:11:48.864]: (0.7, 1.6, 1.2) 0
[13:11:48.908]: (0.5, 1.5, 1.1) 4
[13:11:48.929]: (0.5, 1.5, 1.1) 4
[13:11:48.952]: (0.5, 1.5, 1.2) 1
[13:11:48.974]: (0.5, 1.5, 1.2) 1
[13:11:48.997]: (0.5, 1.5, 1.2) 1
[13:11:49.018]: (0.5, 1.5, 1.2) 1
[13:11:49.041]: (0.5, 1.6, 1.2) 1
[13:11:49.062]: (0.5, 1.5, 1.2) 1
[13:11:49.085]: (0.5, 1.5, 1.2) 1
[13:11:49.108]: (0.5, 1.6, 1.2) 1
[13:11:49.130]: (0.5, 1.6, 1.2) 1
[13:11:49.152]: (0.5, 1.6, 1.2) 1
[13:11:49.174]: (0.5, 1.6, 1.2) 1
[13:11:49.196]: (0.5, 1.6, 1.2) 1
[13:11:49.218]: (0.5, 1.6, 1.2) 1
[13:11:49.240]: (0.5, 1.6, 1.2) 1
[13:11:49.263]: (0.5, 1.6, 1.2) 1
[13:11:49.285]: (0.5, 1.6, 1.2) 1
[13:11:49.307]: (0.4, 1.5, 1.1) 6
[13:11:49.330]: (0.4, 1.5, 1.1) 6
[13:11:49.352]: (0.4, 1.5, 1.1) 6
[13:11:49.373]: (0.4, 1.5, 1.1) 6
[13:11:49.396]: (0.4, 1.5, 1.1) 6
[13:11:49.418]: (0.4, 1.5, 1.1) 6
[13:11:49.440]: (0.4, 1.5, 1.1) 6
[13:11:49.464]: (0.4, 1.5, 1.1) 6
[13:11:49.485]: (0.4, 1.5, 1.1) 6
[13:11:49.507]: (0.4, 1.5, 1.1) 6
[13:11:49.530]: (0.4, 1.5, 1.1) 6
[13:11:49.553]: (0.4, 1.5, 1.1) 6
[13:11:49.578]: (0.4, 1.5, 1.1) 6
[13:11:49.601]: (0.4, 1.5, 1.1) 6
[13:11:49.623]: (0.4, 1.5, 1.1) 6
[13:11:49.644]: (0.4, 1.5, 1.1) 6
[13:11:50.584]: (0.4, 1.6, 1.2) 1
[13:11:50.607]: (0.4, 1.6, 1.2) 1
[13:11:50.763]: (0.4, 1.6, 1.2) 1
[13:11:50.785]: (0.4, 1.6, 1.2) 1
[13:11:50.808]: (0.4, 1.6, 1.2) 1
[13:11:50.829]: (0.4, 1.6, 1.2) 1
[13:11:50.851]: (0.4, 1.6, 1.2) 1
[13:11:50.874]: (0.4, 1.6, 1.2) 1
[13:11:50.895]: (0.4, 1.6, 1.2) 1
[13:11:50.918]: (0.4, 1.6, 1.2) 1
[13:11:50.940]: (0.4, 1.6, 1.2) 1
[13:11:50.961]: (0.4, 1.6, 1.2) 1
[13:11:50.984]: (0.4, 1.6, 1.2) 1
[13:11:51.001]: (0.4, 1.6, 1.2) 1
[13:11:51.018]: (0.4, 1.6, 1.2) 1
[13:11:51.037]: (0.4, 1.6, 1.2) 1
[13:11:51.054]: (0.4, 1.6, 1.2) 1
[13:11:51.071]: (0.4, 1.6, 1.2) 1
[13:11:51.087]: (0.4, 1.6, 1.2) 1
[13:11:51.104]: (0.4, 1.6, 1.2) 1
[13:11:51.121]: (0.4, 1.6, 1.2) 1
[13:11:51.168]: (0.5, 1.6, 1.2) 1
[13:11:51.187]: (0.6, 1.6, 1.1) 4
[13:11:51.718]: (0.7, 1.7, 1.2) 3
[13:11:51.740]: (0.5, 1.6, 1.1) 4
[13:11:51.761]: (0.5, 1.6, 1.1) 4
[13:11:51.784]: (0.5, 1.6, 1.1) 4
[13:11:51.806]: (0.5, 1.6, 1.1) 4
[13:11:51.828]: (0.5, 1.6, 1.1) 4
[13:11:51.851]: (0.5, 1.6, 1.1) 4
[13:11:51.872]: (0.5, 1.6, 1.1) 4
[13:11:51.889]: (0.5, 1.6, 1.1) 4
[13:11:51.906]: (0.5, 1.6, 1.1) 4
[13:11:51.923]: (0.5, 1.6, 1.1) 4
[13:11:51.940]: (0.5, 1.6, 1.1) 4
[13:11:51.957]: (0.5, 1.6, 1.1) 4
[13:11:51.976]: (0.5, 1.6, 1.1) 4
[13:11:51.993]: (0.5, 1.6, 1.1) 4
[13:11:52.010]: (0.5, 1.6, 1.1) 4
[13:11:52.027]: (0.5, 1.6, 1.1) 4
[13:11:52.043]: (0.5, 1.6, 1.1) 4
[13:11:52.060]: (0.6, 1.6, 1.1) 4
[13:11:53.550]: (0.5, 1.6, 1.1) 4
[13:11:53.572]: (0.5, 1.6, 1.1) 4
[13:11:53.596]: (0.5, 1.6, 1.1) 4
[13:11:53.617]: (0.5, 1.6, 1.1) 4
[13:11:53.634]: (0.5, 1.6, 1.1) 4
[13:11:53.651]: (0.5, 1.6, 1.1) 4
[13:11:53.670]: (0.5, 1.6, 1.1) 4
[13:11:53.687]: (0.5, 1.6, 1.1) 4
[13:11:53.705]: (0.5, 1.6, 1.1) 4
[13:11:53.723]: (0.5, 1.6, 1.1) 4
[13:11:53.740]: (0.5, 1.6, 1.1) 4
[13:11:53.758]: (0.5, 1.6, 1.1) 4
[13:11:53.775]: (0.5, 1.6, 1.1) 4
[13:11:53.795]: (0.5, 1.6, 1.1) 4
[13:11:53.814]: (0.5, 1.6, 1.1) 4
[13:11:53.830]: (0.5, 1.6, 1.1) 4
[13:11:53.851]: (0.5, 1.6, 1.1) 4
[13:11:53.869]: (0.5, 1.6, 1.1) 4
[13:11:53.886]: (0.5, 1.6, 1.1) 4
[13:11:53.905]: (0.5, 1.6, 1.1) 4
[13:11:53.925]: (0.5, 1.6, 1.1) 4
[13:11:53.942]: (0.5, 1.6, 1.1) 4
[13:11:53.959]: (0.5, 1.6, 1.1) 4
[13:11:53.976]: (0.5, 1.6, 1.1) 4
[13:11:53.994]: (0.5, 1.6, 1.1) 4
[13:11:54.013]: (0.5, 1.6, 1.1) 4
[13:11:54.031]: (0.5, 1.6, 1.1) 4
[13:11:54.050]: (0.5, 1.6, 1.1) 4
[13:11:54.067]: (0.5, 1.6, 1.1) 4
[13:11:54.084]: (0.5, 1.6, 1.1) 4
[13:11:54.105]: (0.5, 1.6, 1.1) 4
[13:11:54.125]: (0.5, 1.6, 1.1) 4
[13:11:54.147]: (0.5, 1.6, 1.1) 4
[13:11:54.165]: (0.5, 1.6, 1.1) 4
[13:11:54.185]: (0.5, 1.6, 1.1) 4
[13:11:54.206]: (0.5, 1.6, 1.1) 4
[13:11:54.227]: (0.5, 1.6, 1.2) 1
[13:11:54.253]: (0.5, 1.6, 1.2) 1
[13:11:54.272]: (0.5, 1.6, 1.2) 1
[13:11:54.295]: (0.4, 1.5, 1.1) 6
[13:11:54.316]: (0.4, 1.5, 1.1) 6
[13:11:54.338]: (0.4, 1.5, 1.1) 6
[13:11:54.361]: (0.4, 1.5, 1.1) 6
[13:11:54.384]: (0.4, 1.5, 1.1) 6
[13:11:54.407]: (0.4, 1.5, 1.1) 6
[13:11:54.428]: (0.4, 1.5, 1.1) 6
[13:11:54.599]: (-0.6, 2.0, 1.0) 32
[13:11:55.016]: (-0.8, 1.9, 0.9) 37
[13:11:55.038]: (-0.9, 1.9, 0.9) 37
[13:11:55.062]: (-0.9, 1.9, 0.9) 37
[13:11:55.083]: (-0.9, 1.9, 0.9) 37
[13:11:55.105]: (-0.9, 1.9, 0.9) 37
[13:11:55.127]: (-0.9, 1.9, 0.9) 37
[13:11:55.149]: (-0.8, 1.9, 0.9) 37
[13:11:55.172]: (-0.8, 1.9, 0.9) 37
[13:11:55.193]: (-0.8, 1.9, 1.0) 37
[13:11:55.215]: (-0.8, 1.9, 1.0) 37
[13:11:55.238]: (-0.8, 1.9, 1.0) 37
[13:11:55.261]: (-0.8, 1.9, 1.0) 37
[13:11:55.927]: (-0.7, 1.9, 1.0) 32
[13:11:55.949]: (-0.7, 1.9, 1.0) 32
[13:11:56.170]: (-0.7, 1.9, 1.1) 32
[13:11:56.215]: (-0.7, 1.9, 1.0) 32
[13:11:56.238]: (-0.7, 1.9, 1.0) 32
[13:11:56.260]: (-0.7, 1.9, 1.0) 32
[13:11:56.282]: (-0.7, 1.9, 1.0) 32
[13:11:56.305]: (-0.7, 1.9, 1.0) 32
[13:11:56.327]: (-0.7, 1.9, 1.0) 32
[13:11:56.359]: (-0.8, 2.0, 1.0) 31
[13:11:56.390]: (-0.8, 2.0, 1.0) 31
[13:11:56.424]: (-0.8, 2.0, 1.0) 31
[13:11:56.485]: (-0.8, 2.0, 1.0) 31
[13:11:56.502]: (-0.8, 2.0, 1.0) 31
[13:11:56.518]: (-0.8, 2.0, 1.0) 31
[13:11:56.535]: (-0.8, 2.0, 1.0) 31
[13:11:56.551]: (-0.8, 2.0, 1.0) 31
[13:11:56.569]: (-0.8, 2.0, 1.0) 31
[13:11:56.585]: (-0.8, 2.0, 1.0) 31
[13:11:56.603]: (-0.8, 2.0, 1.0) 31
[13:11:56.620]: (-0.8, 2.0, 1.0) 31
[13:11:56.638]: (-0.8, 2.0, 1.0) 31
[13:11:56.656]: (-0.8, 2.0, 1.0) 31
[13:11:56.673]: (-0.8, 2.0, 1.0) 31
[13:11:56.691]: (-0.8, 2.0, 1.0) 31
[13:11:56.707]: (-0.8, 2.0, 1.0) 31
[13:11:56.804]: (-0.8, 2.0, 1.0) 31
[13:11:57.447]: (-0.7, 2.0, 1.0) 32
[13:11:57.464]: (-0.6, 1.9, 1.0) 33
[13:11:57.482]: (-0.6, 1.9, 1.0) 33
[13:11:57.529]: (-0.6, 1.9, 1.0) 33
[13:11:57.547]: (-0.6, 1.9, 1.0) 33
[13:11:57.566]: (-0.6, 1.9, 1.0) 33
[13:11:57.583]: (-0.6, 1.9, 1.0) 33
[13:11:57.601]: (-0.6, 1.9, 1.0) 33
[13:11:57.617]: (-0.6, 1.9, 1.0) 33
[13:11:57.634]: (-0.6, 1.9, 1.0) 33
[13:11:57.651]: (-0.6, 1.9, 1.0) 33
[13:11:57.671]: (-0.6, 1.9, 1.0) 33
[13:11:57.693]: (-0.6, 1.9, 1.0) 33
[13:11:57.870]: (0.6, 1.4, 1.2) 8
[13:11:57.892]: (0.6, 1.4, 1.2) 8
[13:11:58.048]: (0.7, 1.5, 1.2) 0
[13:11:58.072]: (0.6, 1.5, 1.2) 2
[13:11:58.092]: (0.6, 1.5, 1.3) 2
[13:11:58.110]: (0.5, 1.5, 1.1) 4
[13:11:58.130]: (0.5, 1.5, 1.2) 1
[13:11:58.148]: (0.6, 1.5, 1.2) 1
[13:11:58.165]: (0.5, 1.5, 1.1) 4
[13:11:58.183]: (0.6, 1.5, 1.2) 2
[13:11:58.202]: (0.6, 1.5, 1.2) 2
[13:11:58.219]: (0.6, 1.5, 1.2) 2
[13:11:58.237]: (0.5, 1.5, 1.2) 8
[13:11:58.257]: (0.5, 1.5, 1.2) 8
[13:11:58.276]: (0.5, 1.5, 1.2) 8
[13:11:59.126]: (-0.5, 1.9, 1.2) 33
[13:11:59.159]: (-0.6, 1.9, 1.2) 33
[13:11:59.192]: (-0.6, 2.0, 1.1) 33
[13:11:59.227]: (-0.6, 2.0, 1.1) 33
[13:11:59.681]: (-0.9, 2.1, 0.9) 37
[13:11:59.703]: (-0.9, 2.1, 0.9) 37
[13:11:59.726]: (-0.9, 2.1, 0.9) 37
[13:11:59.750]: (-0.9, 2.1, 0.9) 37
[13:11:59.772]: (-0.9, 2.1, 0.9) 37
[13:12:00.017]: (0.4, 1.4, 1.4) 8
[13:12:00.039]: (0.4, 1.5, 1.5) 7
[13:12:00.104]: (0.3, 1.6, 1.5) 7
[13:12:00.125]: (0.3, 1.6, 1.4) 2
[13:12:00.150]: (0.2, 1.6, 1.3) 1
[13:12:00.171]: (0.2, 1.7, 1.3) 1
[13:12:00.194]: (0.2, 1.7, 1.4) 1
[13:12:00.218]: (0.2, 1.7, 1.3) 6
[13:12:00.239]: (0.1, 1.7, 1.3) 6
[13:12:00.306]: (0.0, 1.7, 1.3) 6
[13:12:00.374]: (0.0, 1.7, 1.3) 6
[13:12:01.133]: (0.1, 1.7, 1.3) 6
[13:12:01.152]: (0.1, 1.7, 1.3) 6
[13:12:01.359]: (-0.8, 2.0, 0.9) 33
[13:12:01.888]: (-1.0, 2.1, 0.9) 31
[13:12:01.905]: (-1.0, 2.1, 0.9) 31
[13:12:01.922]: (-1.1, 2.1, 0.9) 31
[13:12:01.938]: (-1.1, 2.1, 0.9) 31
[13:12:01.955]: (-1.1, 2.1, 0.9) 31
[13:12:01.971]: (-1.1, 2.1, 0.9) 31
[13:12:01.989]: (-1.1, 2.1, 0.9) 31
[13:12:02.005]: (-1.1, 2.1, 0.9) 31
[13:12:02.023]: (-1.1, 2.1, 0.9) 31
[13:12:02.084]: (-1.1, 2.1, 0.9) 31
[13:12:02.102]: (-1.1, 2.1, 0.9) 31
[13:12:02.120]: (-1.1, 2.1, 0.9) 31
[13:12:02.138]: (-1.1, 2.1, 0.9) 31
[13:12:02.156]: (-1.1, 2.1, 0.9) 31
[13:12:02.174]: (-1.1, 2.1, 0.9) 31
[13:12:02.191]: (-1.1, 2.1, 0.9) 31
[13:12:02.206]: (-1.1, 2.1, 0.9) 31
[13:12:02.224]: (-1.1, 2.1, 0.9) 31
[13:12:02.247]: (-1.1, 2.1, 0.9) 31
[13:12:02.268]: (-1.1, 2.1, 0.9) 31
[13:12:02.335]: (-1.1, 2.0, 0.9) 37
[13:12:02.358]: (-1.1, 2.0, 0.9) 37
[13:12:02.381]: (-1.1, 2.0, 0.9) 37
[13:12:02.402]: (-1.1, 2.0, 0.9) 37
[13:12:02.425]: (-1.1, 2.0, 0.9) 37
[13:12:02.446]: (-1.1, 2.0, 0.9) 37
[13:12:02.469]: (-1.1, 2.0, 0.9) 37
[13:12:02.492]: (-1.1, 2.0, 0.9) 37
[13:12:02.513]: (-1.1, 2.0, 0.9) 37
[13:12:02.535]: (-1.1, 2.0, 0.9) 37
[13:12:02.558]: (-1.1, 2.0, 0.9) 37
[13:12:02.579]: (-1.1, 2.0, 0.9) 37
[13:12:02.602]: (-1.1, 2.0, 0.9) 37
[13:12:02.619]: (-1.1, 2.0, 0.9) 37
[13:12:02.636]: (-1.1, 2.0, 0.9) 37
[13:12:02.654]: (-1.1, 2.0, 0.9) 37
[13:12:02.671]: (-1.1, 2.0, 0.9) 37
[13:12:02.687]: (-1.1, 2.0, 0.9) 37
[13:12:02.704]: (-1.1, 2.0, 0.9) 37
[13:12:02.721]: (-1.1, 2.0, 0.9) 37
[13:12:02.737]: (-1.1, 2.0, 0.9) 37
[13:12:02.756]: (-1.1, 2.0, 0.9) 37
[13:12:02.772]: (-1.1, 2.0, 0.9) 37
[13:12:02.789]: (-1.1, 2.0, 0.9) 37
[13:12:02.806]: (-1.1, 2.0, 0.9) 37
[13:12:02.825]: (-1.1, 2.0, 0.9) 37
[13:12:02.841]: (-1.1, 2.0, 0.9) 37
[13:12:03.950]: (-0.9, 2.1, 1.0) 33
[13:12:03.967]: (-0.9, 2.1, 0.9) 33
[13:12:03.983]: (-0.9, 2.0, 0.9) 33
[13:12:04.003]: (-0.9, 2.0, 0.9) 33
[13:12:04.112]: (-1.0, 2.1, 0.9) 31
[13:12:04.135]: (-1.0, 2.1, 0.9) 31
[13:12:04.156]: (-1.0, 2.1, 0.9) 31
[13:12:04.179]: (-1.1, 2.1, 0.9) 31
[13:12:04.201]: (-1.0, 2.1, 0.9) 31
[13:12:04.224]: (-1.0, 2.1, 0.9) 31
[13:12:04.245]: (-1.0, 2.1, 0.9) 31
[13:12:04.267]: (-1.0, 2.1, 0.9) 31
[13:12:04.591]: (-1.0, 2.1, 0.9) 37
[13:12:04.613]: (-1.0, 2.1, 0.9) 37
[13:12:04.636]: (-1.0, 2.1, 0.9) 37
[13:12:04.657]: (-0.9, 2.1, 0.9) 37
[13:12:04.679]: (-0.9, 2.1, 0.9) 37
[13:12:04.700]: (-0.9, 2.1, 0.9) 31
[13:12:04.721]: (-0.9, 2.1, 0.9) 31
[13:12:04.886]: (-0.8, 1.3, 0.3) 15
[13:12:04.907]: (-0.8, 1.3, 0.4) 15
[13:12:05.134]: (-0.8, 1.4, 0.4) 15
[13:12:05.157]: (-0.8, 1.4, 0.4) 15
[13:12:05.178]: (-0.8, 1.4, 0.4) 15
[13:12:05.202]: (-0.9, 1.4, 0.5) 11
[13:12:05.223]: (-0.9, 1.4, 0.5) 11
[13:12:05.245]: (-0.9, 1.4, 0.5) 11
[13:12:05.267]: (-0.9, 1.4, 0.5) 11
[13:12:05.289]: (-0.9, 1.5, 0.5) 11
[13:12:05.445]: (-0.9, 2.1, 0.8) 37
[13:12:05.462]: (-0.9, 2.1, 0.8) 37
[13:12:05.494]: (-0.9, 2.1, 0.8) 37
[13:12:05.525]: (-0.9, 2.1, 0.8) 37
[13:12:05.585]: (-0.9, 2.1, 0.8) 37
[13:12:05.603]: (-0.9, 2.1, 0.8) 37
[13:12:05.621]: (-0.9, 2.1, 0.8) 37
[13:12:05.638]: (-0.9, 2.1, 0.8) 37
[13:12:05.814]: (-1.0, 2.1, 0.8) 37
[13:12:05.831]: (-0.9, 2.1, 0.8) 37
[13:12:05.850]: (-0.9, 2.1, 0.8) 37
[13:12:05.867]: (-1.0, 2.1, 0.8) 37
[13:12:05.884]: (-1.0, 2.1, 0.8) 37
[13:12:05.903]: (-1.0, 2.1, 0.8) 37
[13:12:05.920]: (-1.0, 2.1, 0.8) 37
[13:12:05.938]: (-1.0, 2.1, 0.8) 37
[13:12:06.312]: (-1.0, 2.1, 0.8) 37
[13:12:06.345]: (-1.0, 2.1, 0.8) 37
[13:12:06.379]: (-1.0, 2.1, 0.8) 37
[13:12:06.412]: (-0.9, 2.1, 0.8) 37
[13:12:06.446]: (-0.9, 2.1, 0.8) 37
[13:12:06.479]: (-0.9, 2.1, 0.8) 37
[13:12:06.513]: (-0.9, 2.1, 0.8) 37
[13:12:06.580]: (-0.9, 2.1, 0.8) 31
[13:12:06.614]: (-0.9, 2.1, 0.8) 31
[13:12:06.645]: (-0.9, 2.1, 0.8) 31
