[13:05:00.884]: (-2.5, -1.0, 0.0) 10
[13:05:00.908]: (-2.5, -1.0, 0.0) 10
[13:05:00.935]: (-2.3, -0.8, 0.0) 7
[13:05:00.954]: (-2.3, -0.8, 0.0) 7
[13:05:00.973]: (-2.3, -0.8, 0.0) 7
[13:05:02.029]: (-0.9, 1.4, 2.4) 7
[13:05:02.046]: (-0.9, 1.4, 2.3) 7
[13:05:02.063]: (-0.9, 1.5, 2.4) 5
[13:05:02.081]: (-0.9, 1.5, 2.6) 10
[13:05:02.100]: (-0.9, 1.5, 2.6) 10
[13:05:02.242]: (-0.9, 1.5, 2.6) 10
[13:05:02.257]: (-0.9, 1.5, 2.6) 10
[13:05:02.302]: (-0.9, 1.5, 2.6) 10
[13:05:02.326]: (-0.9, 1.5, 2.6) 10
[13:05:02.613]: (-0.9, 1.5, 2.5) 8
[13:05:02.637]: (-0.9, 1.5, 2.4) 5
[13:05:02.658]: (-0.9, 1.5, 2.4) 5
[13:05:02.680]: (-0.9, 1.5, 2.4) 5
[13:05:02.702]: (-0.9, 1.5, 2.4) 5
[13:05:02.719]: (-0.9, 1.5, 2.4) 5
[13:05:02.736]: (-0.9, 1.5, 2.4) 5
[13:05:02.753]: (-0.9, 1.5, 2.4) 5
[13:05:02.770]: (-0.9, 1.5, 2.4) 5
[13:05:02.786]: (-0.9, 1.5, 2.4) 5
[13:05:02.803]: (-0.9, 1.5, 2.4) 5
[13:05:02.819]: (-0.9, 1.5, 2.4) 5
[13:05:02.836]: (-0.9, 1.5, 2.4) 5
[13:05:02.854]: (-0.9, 1.4, 2.4) 5
[13:05:02.872]: (-0.9, 1.5, 2.4) 5
[13:05:02.889]: (-0.9, 1.4, 2.4) 7
[13:05:02.907]: (-0.8, 1.4, 2.4) 5
[13:05:02.924]: (-0.8, 1.4, 2.3) 7
[13:05:02.942]: (-0.8, 1.5, 2.3) 7
[13:05:02.960]: (-0.9, 1.5, 2.4) 9
[13:05:02.981]: (-0.9, 1.5, 2.4) 9
[13:05:03.003]: (-0.8, 1.5, 2.4) 9
[13:05:03.022]: (-0.8, 1.5, 2.4) 9
[13:05:03.388]: (-0.6, 1.7, 1.6) 1
[13:05:03.412]: (-0.7, 1.7, 1.5) 4
[13:05:03.434]: (-0.6, 1.7, 1.5) 4
[13:05:03.454]: (-0.6, 1.7, 1.5) 4
[13:05:03.475]: (-0.6, 1.7, 1.4) 4
[13:05:03.496]: (-0.6, 1.8, 1.4) 4
[13:05:03.519]: (-0.6, 1.8, 1.4) 4
[13:05:03.558]: (-0.6, 1.8, 1.4) 4
[13:05:03.581]: (-0.6, 1.8, 1.4) 4
[13:05:03.604]: (-0.6, 1.8, 1.4) 4
[13:05:03.625]: (-0.5, 1.8, 1.4) 4
[13:05:03.647]: (-0.5, 1.8, 1.5) 0
[13:05:03.671]: (-0.6, 1.8, 1.5) 3
[13:05:03.690]: (-0.5, 1.8, 1.5) 3
[13:05:03.713]: (-0.5, 1.8, 1.5) 3
[13:05:03.853]: (-0.6, 1.8, 1.5) 3
[13:05:03.875]: (-0.6, 1.8, 1.5) 3
[13:05:03.892]: (-0.6, 1.8, 1.5) 3
[13:05:03.910]: (-0.6, 1.8, 1.5) 3
[13:05:03.926]: (-0.6, 1.8, 1.5) 3
[13:05:05.446]: (-0.2, 2.1, 1.7) 9
[13:05:06.993]: (-0.5, 1.6, 0.9) 0
[13:05:07.016]: (-0.6, 1.6, 0.9) 0
[13:05:07.036]: (-0.6, 1.6, 1.0) 2
[13:05:07.259]: (-0.6, 1.5, 0.9) 4
[13:05:07.281]: (-0.6, 1.5, 0.9) 4
[13:05:07.304]: (-0.5, 1.5, 0.9) 4
[13:05:07.325]: (-0.5, 1.5, 0.9) 4
[13:05:07.347]: (-0.5, 1.5, 0.9) 4
[13:05:07.369]: (-0.5, 1.5, 0.9) 4
[13:05:07.390]: (-0.5, 1.5, 0.9) 4
[13:05:07.411]: (-0.5, 1.5, 0.9) 4
[13:05:07.432]: (-0.5, 1.6, 0.8) 4
[13:05:07.453]: (-0.5, 1.6, 0.9) 4
[13:05:07.474]: (-0.5, 1.6, 0.8) 4
[13:05:07.496]: (-0.5, 1.6, 0.8) 4
[13:05:07.517]: (-0.5, 1.6, 0.8) 4
[13:05:07.538]: (-0.5, 1.6, 0.8) 4
[13:05:07.561]: (-0.5, 1.6, 0.8) 4
[13:05:07.584]: (-0.5, 1.6, 0.8) 4
[13:05:07.607]: (-0.5, 1.6, 0.8) 4
[13:05:07.629]: (-0.5, 1.6, 0.8) 4
[13:05:07.650]: (-0.5, 1.6, 0.8) 4
[13:05:07.672]: (-0.5, 1.6, 0.8) 4
[13:05:07.690]: (-0.5, 1.6, 0.8) 4
[13:05:07.707]: (-0.5, 1.5, 0.8) 4
[13:05:07.829]: (-0.5, 1.5, 0.9) 4
[13:05:07.848]: (-0.5, 1.5, 0.9) 4
[13:05:07.866]: (-0.5, 1.5, 0.9) 4
[13:05:07.881]: (-0.5, 1.5, 0.9) 4
[13:05:07.900]: (-0.5, 1.5, 0.9) 4
[13:05:07.923]: (-0.5, 1.5, 0.9) 4
[13:05:07.945]: (-0.4, 1.6, 0.9) 0
[13:05:09.397]: (-0.3, 1.6, 1.0) 1
[13:05:09.414]: (-0.4, 1.6, 1.0) 0
[13:05:09.431]: (-0.5, 1.6, 1.0) 2
[13:05:09.447]: (-0.5, 1.5, 0.9) 4
[13:05:09.464]: (-0.5, 1.5, 0.9) 4
[13:05:09.495]: (-0.4, 1.5, 0.9) 4
[13:05:09.511]: (-0.5, 1.5, 0.9) 4
[13:05:09.527]: (-0.4, 1.5, 0.9) 4
[13:05:09.544]: (-0.4, 1.5, 0.9) 4
[13:05:09.559]: (-0.4, 1.5, 0.9) 4
[13:05:09.575]: (-0.4, 1.5, 0.9) 4
[13:05:09.644]: (-0.4, 1.5, 0.9) 4
[13:05:09.689]: (-0.5, 1.5, 0.9) 4
[13:05:09.710]: (-0.5, 1.5, 0.9) 4
[13:05:09.733]: (-0.5, 1.5, 0.9) 4
[13:05:09.756]: (-0.5, 1.5, 0.9) 4
[13:05:09.779]: (-0.5, 1.5, 0.9) 4
[13:05:09.800]: (-0.5, 1.5, 0.9) 4
[13:05:09.822]: (-0.5, 1.5, 0.9) 4
[13:05:09.845]: (-0.5, 1.5, 0.9) 4
[13:05:09.867]: (-0.5, 1.5, 0.9) 4
[13:05:10.255]: (-0.5, 1.6, 0.9) 4
[13:05:10.938]: (-0.5, 1.5, 0.9) 4
[13:05:10.957]: (-0.5, 1.5, 0.9) 4
[13:05:10.975]: (-0.5, 1.5, 0.9) 4
[13:05:10.992]: (-0.5, 1.5, 0.9) 4
[13:05:11.008]: (-0.5, 1.5, 0.9) 4
[13:05:11.024]: (-0.5, 1.5, 0.9) 4
[13:05:11.042]: (-0.5, 1.5, 0.9) 4
[13:05:11.059]: (-0.4, 1.5, 0.9) 4
[13:05:11.076]: (-0.5, 1.5, 0.9) 4
[13:05:11.092]: (-0.5, 1.6, 0.9) 4
[13:05:11.109]: (-0.5, 1.5, 0.9) 4
[13:05:11.124]: (-0.5, 1.6, 0.9) 4
[13:05:11.141]: (-0.5, 1.5, 0.9) 4
[13:05:11.157]: (-0.5, 1.6, 0.9) 4
[13:05:11.175]: (-0.5, 1.6, 0.9) 4
[13:05:11.191]: (-0.5, 1.6, 0.9) 4
[13:05:11.208]: (-0.5, 1.6, 0.8) 4
[13:05:11.224]: (-0.5, 1.5, 0.9) 4
[13:05:11.242]: (-0.5, 1.5, 0.9) 4
[13:05:11.259]: (-0.5, 1.5, 0.9) 4
[13:05:11.310]: (-0.5, 1.5, 0.9) 4
[13:05:11.332]: (-0.5, 1.5, 0.9) 4
[13:05:12.311]: (-0.4, 1.6, 0.9) 0
[13:05:12.334]: (-0.5, 1.6, 0.8) 4
[13:05:12.357]: (-0.5, 1.6, 0.8) 4
[13:05:12.377]: (-0.5, 1.6, 0.8) 4
[13:05:12.400]: (-0.5, 1.6, 0.8) 4
[13:05:12.422]: (-0.5, 1.6, 0.8) 4
[13:05:12.443]: (-0.5, 1.6, 0.8) 4
[13:05:12.466]: (-0.5, 1.6, 0.8) 4
[13:05:12.489]: (-0.5, 1.6, 0.8) 4
[13:05:12.510]: (-0.5, 1.6, 0.9) 4
[13:05:12.533]: (-0.5, 1.6, 0.8) 4
[13:05:12.555]: (-0.5, 1.6, 0.8) 4
[13:05:12.576]: (-0.5, 1.6, 0.8) 4
[13:05:12.600]: (-0.5, 1.6, 0.8) 4
[13:05:12.621]: (-0.5, 1.6, 0.9) 4
[13:05:12.643]: (-0.5, 1.6, 0.9) 4
[13:05:12.667]: (-0.5, 1.6, 0.8) 4
[13:05:12.685]: (-0.5, 1.6, 0.9) 4
[13:05:12.703]: (-0.5, 1.6, 0.8) 4
[13:05:12.720]: (-0.5, 1.6, 0.8) 4
[13:05:12.736]: (-0.5, 1.6, 0.8) 4
[13:05:12.752]: (-0.5, 1.6, 0.8) 4
[13:05:12.767]: (-0.5, 1.6, 0.8) 4
[13:05:12.784]: (-0.5, 1.6, 0.8) 4
[13:05:12.801]: (-0.5, 1.6, 0.8) 4
[13:05:12.819]: (-0.5, 1.6, 0.8) 4
[13:05:12.914]: (-0.5, 1.6, 0.8) 4
[13:05:12.931]: (-0.5, 1.6, 0.8) 4
[13:05:12.949]: (-0.5, 1.6, 0.8) 4
[13:05:12.967]: (-0.5, 1.6, 0.8) 4
[13:05:12.986]: (-0.5, 1.6, 0.9) 4
[13:05:13.003]: (-0.5, 1.6, 0.8) 4
[13:05:13.022]: (-0.5, 1.6, 0.8) 4
[13:05:13.042]: (-0.5, 1.6, 0.9) 4
[13:05:13.062]: (-0.5, 1.6, 0.8) 4
[13:05:13.082]: (-0.5, 1.6, 0.8) 4
[13:05:13.106]: (-0.5, 1.6, 0.8) 4
[13:05:13.126]: (-0.5, 1.6, 0.8) 4
[13:05:13.146]: (-0.5, 1.6, 0.8) 4
[13:05:13.163]: (-0.5, 1.6, 0.8) 4
[13:05:13.180]: (-0.5, 1.6, 0.8) 4
[13:05:13.199]: (-0.5, 1.5, 0.8) 4
[13:05:13.217]: (-0.5, 1.6, 0.8) 4
[13:05:13.234]: (-0.5, 1.6, 0.8) 4
[13:05:13.251]: (-0.5, 1.6, 0.8) 4
[13:05:13.267]: (-0.5, 1.6, 0.8) 4
[13:05:13.288]: (-0.5, 1.6, 0.8) 4
[13:05:13.310]: (-0.5, 1.6, 0.8) 4
[13:05:13.333]: (-0.5, 1.6, 0.8) 4
[13:05:13.378]: (-0.5, 1.6, 0.9) 4
[13:05:13.421]: (-0.5, 1.7, 1.0) 2
[13:05:13.555]: (-0.5, 1.7, 1.0) 2
[13:05:13.585]: (-0.5, 1.6, 0.9) 4
