[13:01:09.635]: (-0.7, -0.9, 0.0) 18
[13:01:09.654]: (-0.7, -0.9, 0.0) 18
[13:01:09.671]: (-0.7, -0.9, 0.0) 18
[13:01:09.689]: (-0.7, -0.9, 0.0) 18
[13:01:09.707]: (-0.7, -0.9, 0.0) 18
[13:01:09.724]: (-0.7, -0.9, 0.0) 18
[13:01:09.743]: (-0.7, -0.9, 0.0) 18
[13:01:09.761]: (-0.8, -1.2, 0.0) 19
[13:01:10.025]: (-2.3, -1.8, 0.0) 4
[13:01:10.057]: (-2.0, -1.3, 0.0) 12
[13:01:10.119]: (-2.0, -1.3, 0.0) 12
[13:01:10.136]: (-2.0, -1.3, 0.0) 12
[13:01:10.155]: (-2.0, -1.3, 0.0) 12
[13:01:10.171]: (-2.0, -1.3, 0.0) 12
[13:01:10.187]: (-2.0, -1.3, 0.0) 12
[13:01:10.204]: (-2.0, -1.3, 0.0) 12
[13:01:10.222]: (-2.0, -1.3, 0.0) 12
[13:01:10.240]: (-2.0, -1.3, 0.0) 12
[13:01:10.257]: (-2.0, -1.3, 0.0) 12
[13:01:10.275]: (-2.0, -1.3, 0.0) 12
[13:01:10.293]: (-2.1, -1.3, 0.0) 12
[13:01:10.312]: (-2.1, -1.3, 0.0) 12
[13:01:10.332]: (-2.1, -1.3, 0.0) 12
[13:01:10.349]: (-2.1, -1.3, 0.0) 12
[13:01:10.385]: (-1.8, -0.7, 0.0) 8
[13:01:10.432]: (-2.1, -1.2, 0.0) 11
[13:01:10.450]: (-2.1, -1.2, 0.0) 11
[13:01:10.630]: (-2.3, -1.2, 0.4) 1
[13:01:10.674]: (-2.5, -1.2, 0.5) 0
[13:01:10.696]: (-2.5, -1.1, 0.7) 0
[13:01:10.718]: (-2.6, -0.9, 0.8) 0
[13:01:10.959]: (-1.5, 1.2, 1.4) 7
[13:01:11.307]: (-0.8, 1.8, 1.7) 8
[13:01:11.330]: (-0.8, 1.8, 1.8) 8
[13:01:11.393]: (-0.9, 2.0, 2.4) 12
[13:01:11.414]: (-0.8, 2.0, 2.4) 12
[13:01:11.435]: (-0.8, 2.0, 2.4) 12
[13:01:11.463]: (-0.7, 2.0, 2.4) 12
[13:01:11.485]: (-0.7, 2.0, 2.4) 12
[13:01:11.795]: (-0.5, 1.8, 1.8) 8
[13:01:11.830]: (-0.5, 1.8, 1.8) 8
[13:01:11.864]: (-0.5, 1.8, 1.8) 8
[13:01:11.896]: (-0.5, 1.8, 1.8) 8
[13:01:11.928]: (-0.5, 1.8, 1.8) 8
[13:01:11.962]: (-0.5, 1.8, 1.8) 8
[13:01:12.096]: (-0.6, 2.0, 2.3) 11
[13:01:12.296]: (-0.7, 1.9, 1.9) 30
[13:01:12.329]: (-0.6, 1.9, 1.9) 30
[13:01:13.312]: (-0.5, 1.9, 2.0) 30
[13:01:14.088]: (-0.4, 2.2, 1.6) 30
[13:01:17.361]: (-0.9, 2.2, 2.0) 0
[13:01:17.454]: (-0.9, 2.2, 2.0) 0
[13:01:17.860]: (-0.9, 2.2, 2.0) 0
[13:01:17.882]: (-0.9, 2.2, 2.0) 0
[13:01:20.695]: (-0.8, 2.0, 1.6) 2
[13:01:20.712]: (-0.8, 2.0, 1.7) 2
[13:01:20.729]: (-0.8, 2.0, 1.7) 2
[13:01:20.746]: (-0.8, 2.0, 1.7) 2
[13:01:20.762]: (-0.8, 2.0, 1.7) 2
[13:01:20.779]: (-0.8, 2.0, 1.6) 2
[13:01:20.796]: (-0.8, 2.0, 1.7) 2
[13:01:20.813]: (-0.8, 2.0, 1.7) 2
[13:01:20.830]: (-0.8, 2.0, 1.6) 2
[13:01:20.848]: (-0.8, 2.0, 1.7) 2
[13:01:20.865]: (-0.8, 2.0, 1.7) 2
[13:01:20.882]: (-0.8, 2.0, 1.7) 2
[13:01:20.898]: (-0.8, 2.0, 1.7) 2
[13:01:20.914]: (-0.8, 2.0, 1.7) 2
[13:01:20.930]: (-0.8, 2.0, 1.7) 2
[13:01:20.947]: (-0.8, 2.0, 1.7) 2
[13:01:20.963]: (-0.8, 2.0, 1.7) 2
[13:01:20.979]: (-0.8, 2.0, 1.7) 2
[13:01:20.997]: (-0.8, 2.0, 1.7) 2
[13:01:21.013]: (-0.8, 2.0, 1.7) 2
[13:01:21.029]: (-0.8, 2.0, 1.7) 2
[13:01:21.046]: (-0.8, 2.0, 1.7) 2
[13:01:21.064]: (-0.8, 2.0, 1.7) 2
[13:01:21.080]: (-0.8, 2.0, 1.7) 2
[13:01:23.408]: (0.1, 2.2, 2.0) 4
[13:01:23.425]: (0.1, 2.3, 2.0) 4
[13:01:23.441]: (0.1, 2.2, 2.0) 4
[13:01:23.458]: (0.1, 2.2, 2.0) 4
[13:01:23.475]: (0.1, 2.2, 2.0) 4
[13:01:23.491]: (0.1, 2.2, 2.0) 4
[13:01:23.627]: (0.1, 2.2, 2.0) 4
[13:01:23.645]: (0.1, 2.2, 2.0) 4
[13:01:23.661]: (0.1, 2.2, 2.0) 4
[13:01:23.677]: (0.1, 2.2, 2.0) 4
[13:01:23.694]: (0.1, 2.2, 2.0) 4
[13:01:23.713]: (0.1, 2.2, 2.0) 4
[13:01:23.757]: (0.1, 2.1, 1.8) 3
[13:01:24.439]: (-0.2, 1.2, 1.2) 7
[13:01:24.485]: (-0.2, 1.2, 1.2) 7
[13:01:24.502]: (-0.2, 1.2, 1.2) 7
[13:01:24.601]: (-0.2, 1.2, 1.2) 7
[13:01:24.624]: (-0.2, 1.2, 1.2) 7
[13:01:24.646]: (-0.2, 1.2, 1.2) 7
[13:01:24.668]: (-0.2, 1.2, 1.2) 7
[13:01:24.690]: (-0.2, 1.2, 1.2) 7
[13:01:25.024]: (-1.0, 1.2, 1.1) 18
[13:01:25.056]: (-1.1, 1.1, 1.1) 18
[13:01:25.102]: (-1.0, 1.2, 1.1) 18
[13:01:25.120]: (-1.0, 1.2, 1.1) 18
[13:01:25.136]: (-1.0, 1.2, 1.1) 18
[13:01:25.153]: (-1.0, 1.2, 1.1) 18
[13:01:25.170]: (-1.0, 1.2, 1.1) 18
[13:01:25.187]: (-1.0, 1.2, 1.1) 18
[13:01:25.205]: (-1.0, 1.2, 1.1) 18
[13:01:25.223]: (-1.0, 1.2, 1.1) 18
[13:01:25.240]: (-1.0, 1.2, 1.1) 18
[13:01:25.257]: (-1.0, 1.2, 1.1) 18
[13:01:25.274]: (-1.0, 1.2, 1.1) 18
[13:01:25.290]: (-1.0, 1.2, 1.1) 18
[13:01:25.308]: (-1.0, 1.2, 1.1) 18
[13:01:25.325]: (-1.0, 1.2, 1.1) 18
[13:01:25.343]: (-1.0, 1.2, 1.1) 18
[13:01:25.360]: (-1.0, 1.2, 1.1) 18
[13:01:25.376]: (-1.0, 1.2, 1.1) 18
[13:01:25.392]: (-1.0, 1.2, 1.1) 18
[13:01:25.409]: (-1.0, 1.2, 1.1) 18
[13:01:25.427]: (-1.0, 1.2, 1.1) 18
[13:01:25.446]: (-1.0, 1.2, 1.1) 18
[13:01:25.465]: (-1.0, 1.2, 1.1) 18
[13:01:25.481]: (-1.0, 1.2, 1.1) 18
[13:01:25.497]: (-1.0, 1.2, 1.1) 18
[13:01:25.515]: (-1.0, 1.2, 1.1) 18
[13:01:26.646]: (-1.0, 1.1, 1.1) 18
[13:01:28.899]: (-0.8, 1.9, 1.7) 2
[13:01:29.034]: (-0.8, 1.9, 1.7) 2
[13:01:29.056]: (-0.8, 1.9, 1.7) 2
[13:01:29.787]: (-1.0, 1.6, 1.4) 29
[13:01:30.366]: (0.5, 1.5, 1.4) 14
[13:01:31.076]: (0.6, 1.6, 1.5) 13
[13:01:32.327]: (0.1, 1.3, 1.3) 8
[13:01:32.873]: (-0.2, 1.3, 1.3) 6
[13:01:33.153]: (0.1, 2.1, 1.8) 3
[13:01:33.244]: (0.1, 2.2, 1.8) 3
[13:01:33.443]: (0.1, 2.2, 2.0) 4
[13:01:33.487]: (0.1, 2.3, 2.0) 4
[13:01:33.509]: (0.0, 2.1, 1.9) 3
[13:01:33.767]: (0.1, 1.8, 1.6) 12
[13:01:33.846]: (0.6, 1.5, 1.4) 14
[13:01:35.275]: (-0.2, 1.4, 1.3) 6
[13:01:35.298]: (-0.1, 1.4, 1.3) 6
[13:01:35.604]: (-0.2, 1.1, 1.2) 7
[13:01:35.621]: (-0.2, 1.1, 1.2) 7
[13:01:35.638]: (-0.2, 1.1, 1.2) 7
[13:01:35.655]: (-0.2, 1.1, 1.2) 7
[13:01:35.671]: (-0.2, 1.1, 1.2) 7
[13:01:35.687]: (-0.2, 1.1, 1.2) 7
[13:01:35.703]: (-0.2, 1.1, 1.2) 7
[13:01:35.720]: (-0.2, 1.2, 1.2) 7
[13:01:35.736]: (-0.2, 1.2, 1.2) 7
[13:01:35.755]: (-0.2, 1.2, 1.2) 7
[13:01:35.773]: (-0.2, 1.2, 1.2) 7
[13:01:35.789]: (-0.2, 1.2, 1.2) 7
[13:01:35.806]: (-0.2, 1.2, 1.2) 7
[13:01:35.823]: (-0.2, 1.2, 1.2) 7
[13:01:35.842]: (-0.2, 1.2, 1.2) 7
[13:01:35.864]: (-0.2, 1.2, 1.2) 7
[13:01:35.886]: (-0.2, 1.2, 1.2) 7
[13:01:35.909]: (-0.2, 1.2, 1.2) 7
[13:01:35.930]: (-0.2, 1.2, 1.2) 7
[13:01:35.954]: (-0.2, 1.2, 1.2) 7
[13:01:35.975]: (-0.2, 1.2, 1.2) 7
[13:01:35.997]: (-0.2, 1.2, 1.2) 7
[13:01:36.019]: (-0.2, 1.2, 1.2) 7
[13:01:36.042]: (-0.2, 1.2, 1.2) 7
[13:01:36.063]: (-0.2, 1.2, 1.2) 7
[13:01:36.086]: (-0.2, 1.2, 1.2) 7
[13:01:38.829]: (-0.2, 1.2, 1.2) 7
[13:01:38.852]: (-0.2, 1.2, 1.2) 7
[13:01:38.906]: (-0.2, 1.2, 1.2) 7
[13:01:38.970]: (-0.2, 1.2, 1.2) 7
[13:01:38.987]: (-0.2, 1.2, 1.2) 7
[13:01:39.020]: (-0.3, 1.2, 1.2) 7
[13:01:39.084]: (-0.3, 1.2, 1.2) 7
[13:01:39.116]: (-0.2, 1.2, 1.2) 7
[13:01:39.132]: (-0.2, 1.2, 1.2) 7
[13:01:39.148]: (-0.2, 1.2, 1.2) 7
[13:01:39.164]: (-0.2, 1.2, 1.2) 7
[13:01:39.181]: (-0.2, 1.2, 1.2) 7
[13:01:39.198]: (-0.3, 1.2, 1.2) 7
[13:01:39.214]: (-0.2, 1.2, 1.2) 7
[13:01:39.231]: (-0.2, 1.2, 1.2) 7
[13:01:39.248]: (-0.2, 1.2, 1.2) 7
[13:01:39.265]: (-0.2, 1.2, 1.2) 7
[13:01:39.296]: (-0.2, 1.2, 1.2) 7
[13:01:39.312]: (-0.2, 1.2, 1.2) 7
[13:01:39.330]: (-0.2, 1.2, 1.2) 7
[13:01:39.351]: (-0.2, 1.2, 1.2) 7
[13:01:41.228]: (-0.2, 1.2, 1.2) 7
[13:01:41.296]: (-0.2, 1.2, 1.2) 7
[13:01:41.362]: (-0.2, 1.2, 1.2) 7
[13:01:41.384]: (-0.2, 1.2, 1.2) 7
[13:01:41.406]: (-0.2, 1.1, 1.2) 7
[13:01:41.429]: (-0.2, 1.2, 1.2) 7
[13:01:41.450]: (-0.2, 1.2, 1.2) 7
[13:01:41.473]: (-0.2, 1.2, 1.2) 7
[13:01:41.491]: (-0.2, 1.2, 1.2) 7
[13:01:41.509]: (-0.2, 1.2, 1.2) 7
[13:01:41.526]: (-0.2, 1.2, 1.2) 7
[13:01:41.560]: (-0.2, 1.2, 1.2) 7
[13:01:42.295]: (-0.2, 1.4, 1.3) 6
[13:01:42.317]: (-0.2, 1.2, 1.2) 7
[13:01:44.236]: (-0.8, 2.0, 1.7) 2
[13:01:44.267]: (-0.8, 2.0, 1.7) 2
[13:01:44.284]: (-0.8, 2.0, 1.7) 2
[13:01:44.330]: (-0.8, 2.0, 1.7) 2
[13:01:44.348]: (-0.8, 2.0, 1.7) 2
[13:01:44.365]: (-0.8, 2.0, 1.7) 2
[13:01:44.382]: (-0.8, 2.0, 1.7) 2
[13:01:44.915]: (-0.2, 1.2, 1.2) 7
[13:01:44.933]: (-0.2, 1.1, 1.2) 7
[13:01:45.582]: (-0.2, 1.1, 1.2) 7
[13:01:45.671]: (-0.2, 1.1, 1.2) 7
[13:01:47.127]: (-0.2, 1.2, 1.2) 7
[13:01:47.147]: (-0.2, 1.2, 1.2) 7
[13:01:47.170]: (-0.2, 1.2, 1.2) 7
[13:01:47.192]: (-0.2, 1.2, 1.2) 7
[13:01:47.215]: (-0.2, 1.2, 1.2) 7
[13:01:47.236]: (-0.2, 1.2, 1.2) 7
[13:01:47.259]: (-0.2, 1.2, 1.2) 7
[13:01:49.026]: (-0.8, 2.0, 1.7) 2
[13:01:49.203]: (-0.9, 2.3, 2.2) 28
[13:01:49.269]: (-1.0, 2.3, 2.3) 26
[13:01:49.551]: (0.2, 2.0, 2.3) 21
[13:01:49.614]: (0.2, 1.3, 1.6) 12
[13:01:50.224]: (0.6, 1.0, 1.0) 31
[13:01:50.891]: (0.6, 1.1, 1.0) 31
[13:01:50.914]: (0.6, 1.1, 1.0) 31
[13:01:51.322]: (-0.2, 1.5, 1.1) 31
[13:01:51.344]: (-0.3, 1.5, 1.1) 31
[13:01:54.195]: (-0.3, 1.4, 1.1) 32
[13:01:54.213]: (-0.3, 1.4, 1.1) 32
[13:01:54.232]: (-0.3, 1.4, 1.1) 32
[13:01:54.248]: (-0.3, 1.4, 1.1) 32
[13:01:54.266]: (-0.3, 1.4, 1.1) 32
[13:01:54.283]: (-0.3, 1.4, 1.1) 32
[13:01:54.299]: (-0.3, 1.4, 1.1) 32
[13:01:54.315]: (-0.3, 1.4, 1.2) 32
[13:01:54.479]: (-0.3, 1.4, 1.2) 32
[13:01:54.500]: (-0.3, 1.4, 1.1) 32
[13:01:54.524]: (-0.3, 1.4, 1.1) 32
[13:01:54.544]: (-0.3, 1.4, 1.1) 32
[13:01:54.567]: (-0.3, 1.4, 1.1) 32
[13:01:54.590]: (-0.3, 1.4, 1.1) 32
[13:01:54.613]: (-0.3, 1.4, 1.1) 32
[13:01:54.635]: (-0.3, 1.4, 1.1) 32
[13:01:54.658]: (-0.3, 1.4, 1.1) 32
[13:01:54.679]: (-0.3, 1.4, 1.1) 32
[13:01:54.701]: (-0.3, 1.4, 1.1) 32
[13:01:54.723]: (-0.3, 1.4, 1.1) 32
[13:01:54.744]: (-0.3, 1.4, 1.1) 32
[13:01:54.768]: (-0.3, 1.4, 1.1) 32
[13:01:54.789]: (-0.3, 1.4, 1.1) 32
[13:01:54.812]: (-0.3, 1.4, 1.1) 32
[13:01:54.835]: (-0.3, 1.4, 1.1) 32
[13:01:54.853]: (-0.3, 1.4, 1.1) 32
[13:01:54.869]: (-0.3, 1.4, 1.1) 32
[13:01:54.886]: (-0.3, 1.4, 1.1) 32
[13:01:57.678]: (-0.7, 1.9, 1.5) 2
[13:01:57.694]: (-0.7, 1.9, 1.6) 2
[13:01:58.322]: (-0.7, 1.9, 1.5) 2
[13:01:58.344]: (-0.7, 1.9, 1.6) 2
[13:01:58.363]: (-0.7, 1.9, 1.6) 2
[13:01:58.380]: (-0.7, 1.9, 1.6) 2
[13:01:58.397]: (-0.7, 1.9, 1.6) 2
[13:01:58.413]: (-0.7, 1.9, 1.6) 2
[13:01:58.430]: (-0.7, 1.9, 1.6) 2
[13:01:58.448]: (-0.7, 1.9, 1.6) 2
[13:01:58.466]: (-0.7, 1.9, 1.6) 2
[13:01:58.483]: (-0.7, 1.9, 1.6) 2
[13:01:58.506]: (-0.7, 1.9, 1.6) 2
[13:01:58.524]: (-0.7, 1.9, 1.6) 2
[13:01:58.540]: (-0.7, 1.9, 1.6) 2
[13:01:58.557]: (-0.7, 1.9, 1.6) 2
[13:01:58.575]: (-0.7, 1.9, 1.6) 2
[13:01:58.592]: (-0.7, 1.9, 1.6) 2
[13:01:58.608]: (-0.7, 1.9, 1.6) 2
[13:01:58.630]: (-0.7, 1.9, 1.6) 2
