[13:12:41.293]: (-2.5, -1.3, -0.1) 3
[13:12:41.317]: (-2.4, -1.1, -0.1) 8
[13:12:41.340]: (-2.5, -1.2, -0.1) 0
[13:12:41.371]: (-3.6, -2.5, 0.1) 48
[13:12:41.392]: (-3.6, -2.5, 0.1) 48
[13:12:41.412]: (-3.7, -2.5, 0.1) 48
[13:12:41.432]: (-2.4, -1.1, 0.0) 1
[13:12:41.451]: (-2.4, -1.0, 0.0) 1
[13:12:41.470]: (-2.4, -1.0, 0.0) 1
[13:12:41.494]: (-2.5, -1.0, 0.0) 1
[13:12:41.731]: (-3.0, -0.9, 0.5) 41
[13:12:41.839]: (-2.7, 0.5, 1.2) 4
[13:12:42.110]: (-1.8, 1.6, 2.2) 2
[13:12:42.133]: (-1.7, 1.6, 2.2) 2
[13:12:42.202]: (-1.5, 1.8, 2.3) 1
[13:12:42.230]: (-1.5, 1.8, 2.3) 1
[13:12:42.257]: (-1.4, 1.9, 2.3) 1
[13:12:42.278]: (-1.3, 1.9, 2.3) 1
[13:12:42.301]: (-1.3, 1.9, 2.4) 5
[13:12:42.330]: (-1.2, 2.0, 2.4) 5
[13:12:42.394]: (-1.0, 2.1, 2.4) 5
[13:12:42.417]: (-0.9, 2.2, 2.4) 5
[13:12:42.438]: (-0.8, 2.1, 2.3) 6
[13:12:42.460]: (-0.8, 2.1, 2.3) 6
[13:12:42.486]: (-0.7, 2.2, 2.4) 2
[13:12:42.520]: (-0.7, 2.2, 2.4) 2
[13:12:42.552]: (-0.7, 2.2, 2.4) 2
[13:12:42.586]: (-0.6, 2.2, 2.4) 2
[13:12:42.620]: (-0.7, 2.2, 2.4) 2
[13:12:42.653]: (-0.6, 2.2, 2.4) 2
[13:12:42.853]: (-0.7, 2.2, 2.4) 2
[13:12:42.886]: (-0.7, 2.2, 2.4) 2
[13:12:42.925]: (-0.7, 2.2, 2.5) 7
[13:12:42.952]: (-0.7, 2.2, 2.4) 2
[13:12:42.985]: (-0.9, 2.1, 2.3) 6
[13:12:43.297]: (-1.5, 2.2, 2.6) 42
[13:12:43.363]: (-2.6, 2.0, 2.5) 58
[13:12:43.386]: (-2.6, 2.0, 2.5) 58
[13:12:43.585]: (-1.6, 2.3, 2.6) 36
[13:12:43.608]: (-1.6, 2.4, 2.6) 41
[13:12:43.632]: (-1.6, 2.3, 2.6) 36
[13:12:43.652]: (-1.6, 2.3, 2.6) 36
[13:12:43.674]: (-1.5, 2.3, 2.6) 36
[13:12:43.697]: (-1.6, 2.3, 2.6) 36
[13:12:43.740]: (-1.5, 2.3, 2.6) 36
[13:12:43.763]: (-1.5, 2.3, 2.6) 36
[13:12:43.785]: (-1.5, 2.3, 2.6) 36
[13:12:43.852]: (-1.5, 2.3, 2.6) 42
[13:12:43.875]: (-1.5, 2.3, 2.6) 42
[13:12:44.750]: (-0.5, 2.8, 2.4) 41
[13:12:44.772]: (-0.5, 2.7, 2.4) 41
[13:12:44.875]: (-0.6, 2.7, 2.5) 41
[13:12:44.892]: (-0.6, 2.7, 2.5) 41
[13:12:44.908]: (-0.6, 2.7, 2.5) 41
[13:12:44.926]: (-0.6, 2.7, 2.5) 41
[13:12:44.943]: (-0.6, 2.6, 2.5) 41
[13:12:44.961]: (-0.6, 2.7, 2.5) 41
[13:12:44.977]: (-0.6, 2.7, 2.5) 41
[13:12:45.285]: (-0.5, 2.7, 2.6) 43
[13:12:46.034]: (-0.4, 2.9, 2.1) 40
[13:12:46.056]: (-0.4, 2.9, 2.1) 35
[13:12:46.080]: (-0.4, 2.9, 2.1) 40
[13:12:46.099]: (-0.4, 2.9, 2.1) 40
[13:12:46.120]: (-0.5, 2.9, 2.1) 40
[13:12:46.138]: (-0.4, 2.9, 2.1) 40
[13:12:46.760]: (-0.4, 2.8, 2.1) 40
[13:12:46.803]: (-0.4, 2.7, 2.0) 37
[13:12:46.826]: (-0.4, 2.7, 2.0) 37
[13:12:46.888]: (-0.4, 2.6, 2.1) 37
[13:12:46.910]: (-0.4, 2.5, 2.1) 39
[13:12:47.750]: (-0.1, 2.0, 2.4) 42
[13:12:50.040]: (0.2, 1.7, 1.8) 6
[13:12:50.061]: (0.2, 1.7, 1.8) 6
[13:12:50.083]: (0.2, 1.7, 1.8) 6
[13:12:50.105]: (0.2, 1.7, 1.8) 6
[13:12:50.127]: (0.2, 1.7, 1.8) 6
[13:12:50.149]: (0.2, 1.7, 1.8) 6
[13:12:50.173]: (0.2, 1.7, 1.8) 6
[13:12:50.195]: (0.2, 1.7, 1.8) 6
[13:12:50.216]: (0.2, 1.7, 1.8) 6
[13:12:50.238]: (0.2, 1.7, 1.8) 6
[13:12:50.260]: (0.3, 1.7, 1.8) 6
[13:12:50.283]: (0.3, 1.7, 1.8) 6
[13:12:50.304]: (0.3, 1.7, 1.8) 6
[13:12:50.323]: (0.3, 1.7, 1.8) 6
[13:12:50.340]: (0.3, 1.7, 1.8) 6
[13:12:50.357]: (0.3, 1.7, 1.8) 6
[13:12:50.374]: (0.3, 1.7, 1.8) 6
[13:12:50.390]: (0.3, 1.7, 1.8) 6
[13:12:50.407]: (0.3, 1.7, 1.8) 6
[13:12:50.425]: (0.3, 1.7, 1.8) 6
[13:12:51.849]: (-1.1, 1.8, 1.4) 24
[13:12:51.870]: (-1.2, 1.8, 1.3) 22
[13:12:51.895]: (-1.2, 1.8, 1.3) 22
[13:12:51.914]: (-1.2, 1.8, 1.3) 22
[13:12:51.938]: (-1.2, 1.8, 1.3) 22
[13:12:51.959]: (-1.2, 1.8, 1.3) 22
[13:12:51.983]: (-1.2, 1.8, 1.3) 22
[13:12:52.003]: (-1.2, 1.8, 1.3) 22
[13:12:52.027]: (-1.2, 1.8, 1.3) 22
[13:12:52.048]: (-1.2, 1.8, 1.3) 22
[13:12:52.071]: (-1.2, 1.8, 1.3) 22
[13:12:52.088]: (-1.3, 1.8, 1.3) 22
[13:12:52.106]: (-1.2, 1.8, 1.3) 22
[13:12:52.121]: (-1.2, 1.8, 1.3) 22
[13:12:52.138]: (-1.3, 1.8, 1.3) 22
[13:12:52.154]: (-1.2, 1.8, 1.3) 22
[13:12:52.202]: (-1.4, 1.8, 1.3) 20
[13:12:52.219]: (-1.4, 1.8, 1.3) 20
[13:12:52.236]: (-1.4, 1.8, 1.3) 20
[13:12:52.253]: (-1.4, 1.8, 1.3) 20
[13:12:52.269]: (-1.4, 1.8, 1.3) 20
[13:12:52.430]: (-1.4, 1.9, 1.4) 21
[13:12:52.449]: (-1.4, 1.8, 1.4) 21
[13:12:52.467]: (-1.3, 1.9, 1.4) 21
[13:12:52.516]: (-1.3, 1.8, 1.4) 20
[13:12:52.534]: (-1.3, 1.9, 1.4) 20
[13:12:52.552]: (-1.3, 1.9, 1.4) 20
[13:12:52.575]: (-1.3, 1.8, 1.4) 20
[13:12:52.596]: (-1.3, 1.9, 1.4) 20
[13:12:52.639]: (-1.3, 1.9, 1.5) 27
[13:12:52.660]: (-1.1, 1.9, 1.5) 21
[13:12:52.968]: (-0.3, 2.4, 1.9) 39
[13:12:52.989]: (-0.2, 2.4, 1.9) 39
[13:12:53.173]: (-0.3, 2.4, 2.1) 35
[13:12:53.195]: (-0.4, 2.3, 2.1) 40
[13:12:53.240]: (-0.4, 2.2, 1.9) 39
[13:12:53.904]: (0.5, 1.8, 1.9) 7
[13:12:53.937]: (0.4, 1.8, 1.9) 7
[13:12:53.969]: (0.4, 1.7, 1.9) 7
[13:12:54.005]: (0.4, 1.8, 1.9) 7
[13:12:54.136]: (0.3, 1.8, 1.7) 1
[13:12:54.171]: (0.3, 1.8, 1.7) 1
[13:12:54.204]: (0.3, 1.8, 1.7) 1
[13:12:54.237]: (0.3, 1.8, 1.7) 1
[13:12:54.270]: (0.3, 1.8, 1.7) 1
[13:12:54.302]: (0.3, 1.8, 1.7) 1
[13:12:54.337]: (0.3, 1.8, 1.8) 1
[13:12:54.403]: (0.3, 1.8, 1.8) 2
[13:12:54.492]: (0.2, 1.7, 1.7) 6
[13:12:54.515]: (0.3, 1.7, 1.7) 6
[13:12:54.535]: (0.3, 1.8, 1.7) 6
[13:12:54.557]: (0.2, 1.8, 1.7) 6
[13:12:54.580]: (0.2, 1.8, 1.7) 6
[13:12:54.603]: (0.2, 1.8, 1.7) 6
[13:12:54.626]: (0.2, 1.8, 1.7) 6
[13:12:55.274]: (-1.3, 1.4, 1.3) 30
[13:12:55.317]: (-1.3, 1.4, 1.3) 30
[13:12:55.339]: (-1.3, 1.4, 1.4) 30
[13:12:55.430]: (-1.3, 1.3, 1.4) 30
[13:12:55.451]: (-1.3, 1.4, 1.3) 30
[13:12:55.496]: (-1.3, 1.3, 1.4) 30
[13:12:55.540]: (-1.3, 1.4, 1.3) 30
[13:12:55.561]: (-1.3, 1.4, 1.3) 30
[13:12:55.606]: (-1.3, 1.4, 1.4) 22
[13:12:55.629]: (-1.3, 1.5, 1.4) 22
[13:12:55.651]: (-1.3, 1.5, 1.3) 29
[13:12:55.668]: (-1.3, 1.5, 1.3) 29
[13:12:55.685]: (-1.3, 1.5, 1.3) 29
[13:12:55.702]: (-1.3, 1.5, 1.3) 29
[13:12:55.719]: (-1.3, 1.5, 1.3) 29
[13:12:55.739]: (-1.2, 1.5, 1.3) 29
[13:12:55.755]: (-1.2, 1.5, 1.3) 29
[13:12:55.772]: (-1.2, 1.5, 1.3) 29
[13:12:55.789]: (-1.2, 1.5, 1.3) 29
[13:12:55.806]: (-1.2, 1.5, 1.3) 29
[13:12:55.823]: (-1.2, 1.5, 1.3) 29
[13:12:55.842]: (-1.2, 1.5, 1.3) 29
[13:12:55.860]: (-1.2, 1.5, 1.3) 29
[13:12:55.877]: (-1.2, 1.5, 1.3) 29
[13:12:56.035]: (-0.5, 2.3, 2.0) 34
[13:12:56.052]: (-0.5, 2.3, 2.0) 34
[13:12:56.069]: (-0.5, 2.2, 1.9) 39
[13:12:56.101]: (-0.5, 2.3, 2.0) 34
[13:12:56.117]: (-0.4, 2.3, 2.1) 35
[13:12:56.157]: (-0.4, 2.3, 2.1) 35
[13:12:56.179]: (-0.4, 2.3, 2.1) 35
[13:12:56.822]: (0.4, 1.9, 1.8) 2
[13:12:56.839]: (0.3, 1.7, 1.7) 6
[13:12:56.856]: (0.3, 1.8, 1.7) 6
[13:12:56.874]: (0.3, 1.7, 1.7) 6
[13:12:56.892]: (0.2, 1.7, 1.7) 6
[13:12:56.909]: (0.2, 1.7, 1.7) 6
[13:12:56.925]: (0.3, 1.7, 1.7) 6
[13:12:56.944]: (0.3, 1.7, 1.7) 6
[13:12:56.963]: (0.3, 1.8, 1.7) 6
[13:12:56.984]: (0.2, 1.7, 1.7) 6
[13:12:57.007]: (0.2, 1.7, 1.7) 6
[13:12:57.028]: (0.2, 1.7, 1.7) 6
[13:12:57.048]: (0.2, 1.8, 1.7) 6
[13:12:57.070]: (0.2, 1.8, 1.7) 6
[13:12:57.091]: (0.2, 1.8, 1.7) 6
[13:12:57.720]: (-1.5, 2.3, 2.1) 62
[13:12:57.958]: (-1.4, 2.4, 2.1) 57
[13:12:57.995]: (-1.3, 2.4, 2.0) 57
[13:12:58.013]: (-1.3, 2.4, 2.0) 57
[13:12:58.036]: (-1.3, 2.4, 2.0) 57
[13:12:58.060]: (-1.3, 2.4, 2.0) 57
[13:12:58.079]: (-1.3, 2.4, 2.1) 57
[13:12:58.103]: (-1.3, 2.4, 2.1) 57
[13:12:58.465]: (-0.5, 2.2, 1.9) 39
[13:12:58.483]: (-0.5, 2.2, 1.9) 39
[13:12:58.501]: (-0.5, 2.2, 1.9) 39
[13:12:58.520]: (-0.5, 2.2, 1.9) 39
[13:12:58.537]: (-0.5, 2.2, 1.9) 39
[13:12:58.554]: (-0.5, 2.2, 1.9) 39
[13:12:58.570]: (-0.5, 2.2, 1.9) 39
[13:12:58.587]: (-0.5, 2.2, 1.9) 39
[13:12:58.622]: (-0.5, 2.2, 1.9) 39
[13:12:58.639]: (-0.5, 2.2, 1.9) 39
[13:12:58.655]: (-0.5, 2.2, 1.9) 39
[13:12:58.672]: (-0.5, 2.2, 1.9) 39
[13:12:58.689]: (-0.5, 2.2, 1.9) 39
[13:12:58.706]: (-0.5, 2.2, 1.9) 39
[13:12:58.723]: (-0.5, 2.2, 1.9) 39
[13:12:59.525]: (-0.2, 2.3, 2.0) 42
[13:12:59.543]: (-0.4, 2.3, 2.1) 35
[13:12:59.559]: (-0.4, 2.2, 2.0) 39
[13:12:59.575]: (-0.4, 2.2, 2.1) 40
[13:12:59.592]: (-0.4, 2.2, 2.1) 40
[13:12:59.610]: (-0.4, 2.2, 2.1) 40
[13:12:59.630]: (-0.4, 2.2, 2.1) 40
[13:12:59.649]: (-0.4, 2.2, 2.1) 40
[13:12:59.668]: (-0.4, 2.2, 2.1) 40
[13:12:59.687]: (-0.4, 2.2, 2.1) 40
[13:12:59.705]: (-0.4, 2.2, 2.1) 40
[13:12:59.723]: (-0.4, 2.2, 2.1) 40
[13:12:59.741]: (-0.4, 2.2, 2.1) 40
[13:12:59.758]: (-0.4, 2.2, 2.1) 40
[13:12:59.778]: (-0.4, 2.2, 2.1) 40
[13:12:59.813]: (-0.4, 2.2, 2.1) 40
[13:12:59.845]: (-0.4, 2.2, 1.9) 39
[13:12:59.880]: (-0.5, 2.2, 1.9) 39
[13:12:59.912]: (-0.4, 2.2, 1.9) 39
[13:12:59.946]: (-0.4, 2.2, 2.0) 39
[13:12:59.980]: (-0.4, 2.2, 2.1) 40
[13:13:00.013]: (-0.5, 2.2, 1.9) 39
[13:13:00.046]: (-0.5, 2.2, 1.9) 39
[13:13:00.078]: (-0.5, 2.2, 1.9) 39
[13:13:00.112]: (-0.5, 2.2, 1.9) 39
[13:13:00.145]: (-0.5, 2.2, 1.9) 39
[13:13:00.178]: (-0.5, 2.2, 1.9) 39
[13:13:00.212]: (-0.5, 2.2, 1.9) 39
[13:13:00.245]: (-0.5, 2.2, 1.9) 39
[13:13:00.278]: (-0.5, 2.2, 1.9) 39
[13:13:00.312]: (-0.5, 2.2, 1.9) 39
[13:13:00.345]: (-0.5, 2.2, 1.9) 39
[13:13:00.379]: (-0.5, 2.2, 1.9) 39
[13:13:00.411]: (-0.5, 2.2, 1.9) 39
[13:13:00.480]: (0.2, 1.9, 1.8) 5
[13:13:00.512]: (0.2, 1.8, 1.7) 1
[13:13:00.533]: (0.2, 1.8, 1.7) 6
[13:13:00.556]: (0.2, 1.8, 1.7) 6
[13:13:00.578]: (0.2, 1.8, 1.7) 6
[13:13:00.601]: (0.2, 1.8, 1.7) 6
[13:13:00.623]: (0.2, 1.8, 1.7) 6
[13:13:00.645]: (0.2, 1.8, 1.7) 6
[13:13:00.666]: (0.2, 1.8, 1.7) 6
[13:13:00.688]: (0.2, 1.8, 1.7) 6
[13:13:00.711]: (0.2, 1.8, 1.7) 6
[13:13:00.734]: (0.2, 1.8, 1.7) 6
[13:13:00.755]: (0.2, 1.8, 1.7) 6
[13:13:00.777]: (0.2, 1.8, 1.7) 6
[13:13:00.801]: (0.2, 1.8, 1.7) 6
[13:13:00.822]: (0.2, 1.8, 1.7) 6
[13:13:00.844]: (0.2, 1.8, 1.7) 6
[13:13:00.866]: (0.2, 1.8, 1.7) 6
[13:13:00.890]: (0.2, 1.8, 1.7) 6
[13:13:00.910]: (0.2, 1.8, 1.7) 6
[13:13:00.934]: (0.2, 1.8, 1.7) 6
[13:13:00.956]: (0.2, 1.8, 1.7) 6
[13:13:01.022]: (-0.5, 2.2, 1.9) 39
[13:13:01.044]: (-0.5, 2.2, 1.9) 39
[13:13:02.824]: (-0.4, 2.1, 1.7) 39
[13:13:03.065]: (-0.4, 2.2, 1.9) 40
[13:13:03.133]: (-0.4, 2.1, 1.7) 39
[13:13:03.467]: (-0.6, 2.0, 1.5) 39
[13:13:03.488]: (-0.6, 2.1, 1.5) 34
[13:13:03.510]: (-0.5, 2.1, 1.5) 34
[13:13:03.551]: (-0.5, 2.0, 1.5) 37
[13:13:03.572]: (-0.5, 2.0, 1.5) 37
[13:13:03.597]: (-0.5, 2.0, 1.5) 37
[13:13:03.619]: (-0.5, 2.0, 1.5) 37
[13:13:03.642]: (-0.5, 2.0, 1.5) 37
[13:13:03.664]: (-0.5, 2.0, 1.5) 37
[13:13:03.685]: (-0.5, 1.9, 1.5) 34
[13:13:03.706]: (-0.6, 1.9, 1.5) 34
[13:13:03.730]: (-0.6, 1.9, 1.5) 34
[13:13:04.256]: (-0.6, 1.9, 1.5) 39
[13:13:04.289]: (-0.6, 1.9, 1.5) 39
[13:13:04.323]: (-0.6, 1.9, 1.5) 39
[13:13:04.355]: (-0.6, 1.9, 1.5) 39
[13:13:04.388]: (-0.6, 1.9, 1.5) 39
[13:13:04.423]: (-0.6, 1.9, 1.5) 39
[13:13:04.456]: (-0.6, 1.9, 1.5) 39
[13:13:04.488]: (-0.6, 1.9, 1.5) 39
[13:13:04.521]: (-0.6, 2.0, 1.5) 34
[13:13:04.555]: (-0.6, 2.0, 1.5) 34
[13:13:04.589]: (-0.6, 2.0, 1.5) 34
[13:13:04.624]: (-0.6, 2.0, 1.5) 34
[13:13:05.587]: (-0.5, 1.9, 1.5) 39
[13:13:05.632]: (-0.5, 1.9, 1.5) 39
[13:13:05.654]: (-0.5, 1.9, 1.5) 39
[13:13:05.679]: (-0.5, 1.9, 1.5) 39
[13:13:05.702]: (-0.5, 1.9, 1.5) 39
[13:13:05.725]: (-0.5, 1.9, 1.5) 39
[13:13:05.748]: (-0.5, 1.9, 1.5) 39
[13:13:05.768]: (-0.5, 1.9, 1.5) 39
[13:13:05.791]: (-0.5, 1.9, 1.5) 39
[13:13:07.720]: (-0.5, 1.8, 1.5) 39
[13:13:07.765]: (-0.5, 1.9, 1.7) 40
[13:13:08.075]: (-0.4, 1.9, 1.7) 40
[13:13:08.112]: (-0.4, 1.9, 1.7) 40
[13:13:08.246]: (-0.4, 2.0, 1.7) 35
[13:13:08.813]: (-0.4, 2.0, 1.7) 35
[13:13:08.846]: (-0.4, 2.0, 1.6) 35
[13:13:08.862]: (-0.4, 2.0, 1.7) 35
[13:13:08.880]: (-0.4, 2.0, 1.7) 35
[13:13:08.896]: (-0.5, 1.9, 1.7) 40
[13:13:08.929]: (-0.5, 1.9, 1.7) 40
[13:13:08.962]: (-0.4, 1.9, 1.7) 40
[13:13:09.028]: (-0.3, 1.9, 1.6) 42
[13:13:10.523]: (-0.3, 2.0, 1.6) 42
[13:13:10.557]: (-0.6, 2.0, 1.4) 37
[13:13:10.588]: (-0.5, 1.9, 1.5) 39
[13:13:10.606]: (-0.6, 2.0, 1.5) 34
[13:13:10.637]: (-0.5, 1.8, 1.5) 39
[13:13:10.654]: (-0.6, 1.9, 1.5) 39
[13:13:10.672]: (-0.5, 1.9, 1.5) 39
[13:13:10.688]: (-0.5, 1.8, 1.5) 39
[13:13:10.706]: (-0.5, 1.9, 1.5) 39
[13:13:11.042]: (-0.6, 1.9, 1.6) 38
[13:13:11.152]: (-0.6, 1.9, 1.5) 39
[13:13:11.180]: (-0.6, 1.9, 1.5) 39
