[17:21:08.368]: (-3.5, -2.0, 0.0) 16
[17:21:08.385]: (-3.0, -1.4, -0.1) 9
[17:21:08.754]: (-3.5, -2.0, -0.1) 16
[17:21:08.776]: (-3.5, -2.0, 0.0) 16
[17:21:08.799]: (-3.0, -1.4, -0.1) 9
[17:21:08.820]: (-3.0, -1.4, -0.1) 9
[17:21:08.842]: (-3.0, -1.4, -0.1) 9
[17:21:08.865]: (-3.0, -1.4, 0.0) 9
[17:21:08.886]: (-3.0, -1.4, -0.1) 9
[17:21:08.909]: (-3.0, -1.4, -0.1) 9
[17:21:08.924]: (-3.0, -1.4, -0.1) 9
[17:21:08.940]: (-3.0, -1.4, -0.1) 9
[17:21:08.955]: (-3.0, -1.4, -0.1) 9
[17:21:08.970]: (-3.1, -1.4, -0.1) 9
[17:21:08.988]: (-3.5, -1.9, -0.1) 16
[17:21:09.831]: (-0.5, 1.6, 2.6) 1
[17:21:09.854]: (-0.5, 1.6, 2.6) 1
[17:21:09.876]: (-0.5, 1.5, 2.6) 1
[17:21:11.265]: (0.3, 1.0, 2.2) 2
[17:21:11.282]: (0.3, 1.0, 2.3) 2
[17:21:11.297]: (0.3, 1.0, 2.3) 2
[17:21:11.313]: (0.3, 1.0, 2.3) 2
[17:21:11.329]: (0.3, 1.0, 2.3) 2
[17:21:11.345]: (0.3, 1.0, 2.3) 2
[17:21:11.361]: (0.3, 1.0, 2.3) 2
[17:21:11.675]: (0.1, 0.9, 3.5) 11
[17:21:11.720]: (0.1, 0.9, 3.5) 11
[17:21:11.741]: (0.1, 1.0, 3.6) 11
[17:21:11.765]: (0.1, 1.0, 3.5) 11
[17:21:11.831]: (-0.5, 1.1, 1.3) 27
[17:21:11.853]: (-0.5, 1.1, 1.3) 27
[17:21:11.874]: (-0.5, 1.1, 1.3) 27
[17:21:11.890]: (-0.5, 1.1, 1.2) 27
[17:21:11.905]: (-0.5, 1.1, 1.3) 27
[17:21:11.921]: (-0.5, 1.1, 1.3) 27
[17:21:11.939]: (-0.5, 1.1, 1.3) 27
[17:21:11.955]: (-0.5, 1.1, 1.3) 27
[17:21:11.971]: (-0.5, 1.1, 1.3) 27
[17:21:11.987]: (-0.5, 1.1, 1.2) 27
[17:21:12.004]: (-0.5, 1.1, 1.3) 27
[17:21:12.021]: (-0.5, 1.1, 1.3) 27
[17:21:12.037]: (-0.5, 1.1, 1.3) 27
[17:21:12.054]: (-0.5, 1.1, 1.3) 27
[17:21:12.071]: (-0.5, 1.1, 1.3) 27
[17:21:12.087]: (-0.5, 1.1, 1.3) 27
[17:21:12.104]: (-0.5, 1.1, 1.3) 27
[17:21:12.120]: (-0.5, 1.1, 1.3) 27
[17:21:12.136]: (-0.5, 1.1, 1.5) 26
[17:21:12.155]: (-0.5, 1.1, 1.3) 27
[17:21:12.186]: (-0.5, 1.1, 1.5) 26
[17:21:12.201]: (-0.5, 1.1, 1.5) 26
[17:21:12.217]: (-0.5, 1.1, 1.3) 27
[17:21:12.233]: (-0.5, 1.1, 1.3) 27
[17:21:12.896]: (-0.5, 1.1, 1.2) 27
[17:21:12.945]: (-0.5, 1.1, 1.2) 27
[17:21:12.973]: (-0.5, 1.1, 1.2) 27
[17:21:12.990]: (-0.5, 1.1, 1.2) 27
[17:21:13.007]: (-0.5, 1.1, 1.2) 27
[17:21:13.023]: (-0.5, 1.1, 1.2) 27
[17:21:13.039]: (-0.5, 1.1, 1.2) 27
[17:21:13.540]: (-0.4, 1.1, 1.3) 27
[17:21:13.563]: (-0.5, 1.1, 1.3) 27
[17:21:13.584]: (-0.5, 1.1, 1.2) 27
[17:21:13.607]: (-0.4, 1.1, 1.2) 27
[17:21:13.629]: (-0.5, 1.1, 1.3) 27
[17:21:13.652]: (-0.4, 1.1, 1.3) 27
[17:21:13.674]: (-0.4, 1.1, 1.3) 27
[17:21:13.696]: (-0.4, 1.1, 1.3) 27
[17:21:13.718]: (-0.4, 1.1, 1.3) 27
[17:21:13.734]: (-0.4, 1.1, 1.3) 27
[17:21:13.752]: (-0.4, 1.1, 1.3) 27
[17:21:13.768]: (-0.4, 1.1, 1.3) 27
[17:21:13.784]: (-0.4, 1.1, 1.3) 27
[17:21:13.801]: (-0.4, 1.1, 1.3) 27
[17:21:13.817]: (-0.4, 1.1, 1.3) 27
[17:21:13.834]: (-0.4, 1.1, 1.3) 27
[17:21:13.853]: (-0.4, 1.1, 1.3) 27
[17:21:13.870]: (-0.4, 1.1, 1.3) 27
[17:21:13.887]: (-0.4, 1.1, 1.4) 26
[17:21:14.207]: (-0.4, 1.1, 1.4) 26
[17:21:14.230]: (-0.4, 1.1, 1.4) 26
[17:21:14.252]: (-0.4, 1.1, 1.4) 26
[17:21:14.273]: (-0.4, 1.1, 1.4) 26
[17:21:14.296]: (-0.4, 1.1, 1.4) 26
[17:21:14.318]: (-0.4, 1.1, 1.4) 26
[17:21:14.340]: (-0.4, 1.1, 1.4) 26
[17:21:14.364]: (-0.4, 1.1, 1.4) 26
[17:21:14.385]: (-0.4, 1.1, 1.4) 26
[17:21:14.408]: (-0.4, 1.1, 1.4) 26
[17:21:14.429]: (-0.4, 1.1, 1.3) 27
[17:21:14.452]: (-0.4, 1.1, 1.3) 27
[17:21:14.474]: (-0.4, 1.1, 1.3) 27
[17:21:14.496]: (-0.4, 1.1, 1.3) 27
[17:21:14.518]: (-0.4, 1.1, 1.3) 27
[17:21:14.541]: (-0.4, 1.1, 1.3) 27
[17:21:14.563]: (-0.4, 1.1, 1.3) 27
[17:21:14.584]: (-0.4, 1.1, 1.3) 27
[17:21:14.607]: (-0.4, 1.1, 1.3) 27
[17:21:14.624]: (-0.4, 1.1, 1.3) 27
[17:21:14.640]: (-0.4, 1.1, 1.3) 27
[17:21:14.656]: (-0.4, 1.1, 1.3) 27
[17:21:14.672]: (-0.4, 1.0, 1.4) 26
[17:21:14.687]: (-0.4, 1.1, 1.3) 27
[17:21:14.704]: (-0.4, 1.1, 1.3) 27
[17:21:14.719]: (-0.4, 1.1, 1.3) 27
[17:21:14.734]: (-0.4, 1.0, 1.5) 26
[17:21:14.752]: (-0.4, 1.0, 1.4) 26
[17:21:14.768]: (-0.4, 1.0, 1.4) 26
[17:21:14.785]: (-0.4, 1.0, 1.4) 26
[17:21:14.800]: (-0.4, 1.0, 1.4) 26
[17:21:14.816]: (-0.4, 1.0, 1.4) 26
[17:21:14.832]: (-0.4, 1.1, 1.4) 26
[17:21:14.850]: (-0.4, 1.0, 1.4) 26
[17:21:14.866]: (-0.4, 1.1, 1.4) 26
[17:21:14.881]: (-0.4, 1.1, 1.4) 26
[17:21:14.898]: (-0.4, 1.0, 1.4) 26
[17:21:14.916]: (-0.4, 1.0, 1.4) 26
[17:21:14.931]: (-0.4, 1.0, 1.4) 26
[17:21:14.948]: (-0.4, 1.0, 1.4) 26
[17:21:14.964]: (-0.4, 1.0, 1.4) 26
[17:21:14.980]: (-0.4, 1.0, 1.4) 26
[17:21:14.996]: (-0.4, 1.0, 1.4) 26
[17:21:15.012]: (-0.4, 1.0, 1.4) 26
[17:21:15.027]: (-0.4, 1.0, 1.4) 26
[17:21:15.042]: (-0.4, 1.0, 1.4) 26
[17:21:15.062]: (-0.4, 1.1, 1.3) 27
[17:21:15.084]: (-0.4, 1.1, 1.3) 27
[17:21:15.106]: (-0.4, 1.0, 1.4) 26
[17:21:15.129]: (-0.4, 1.1, 1.3) 27
[17:21:15.151]: (-0.4, 1.1, 1.3) 27
[17:21:15.173]: (-0.4, 1.1, 1.3) 27
[17:21:15.198]: (-0.4, 1.1, 1.3) 27
[17:21:15.219]: (-0.4, 1.1, 1.3) 27
[17:21:15.240]: (-0.4, 1.0, 1.4) 26
[17:21:15.265]: (-0.4, 1.0, 1.4) 26
[17:21:15.285]: (-0.4, 1.0, 1.4) 26
[17:21:15.308]: (-0.4, 1.0, 1.4) 26
[17:21:15.331]: (-0.4, 1.0, 1.4) 26
[17:21:15.354]: (-0.4, 1.0, 1.4) 26
[17:21:15.374]: (-0.4, 1.0, 1.4) 26
[17:21:15.397]: (-0.4, 1.0, 1.4) 26
[17:21:15.419]: (-0.4, 1.0, 1.4) 26
[17:21:15.440]: (-0.4, 1.1, 1.4) 26
[17:21:15.463]: (-0.4, 1.1, 1.4) 26
[17:21:15.480]: (-0.4, 1.1, 1.5) 26
[17:21:15.497]: (-0.4, 1.1, 1.4) 26
[17:21:15.516]: (-0.4, 1.1, 1.4) 26
[17:21:15.531]: (-0.4, 1.1, 1.4) 26
[17:21:15.549]: (-0.4, 1.1, 1.5) 26
[17:21:15.564]: (-0.4, 1.1, 1.4) 26
[17:21:15.583]: (-0.4, 1.1, 1.4) 26
[17:21:15.601]: (-0.4, 1.1, 1.4) 26
[17:21:15.621]: (-0.4, 1.1, 1.4) 26
[17:21:15.639]: (-0.4, 1.1, 1.4) 26
[17:21:15.656]: (-0.4, 1.1, 1.4) 26
[17:21:15.673]: (-0.4, 1.1, 1.4) 26
[17:21:15.689]: (-0.4, 1.1, 1.4) 26
[17:21:15.706]: (-0.4, 1.1, 1.4) 26
[17:21:15.722]: (-0.4, 1.1, 1.4) 26
[17:21:15.739]: (-0.4, 1.1, 1.4) 26
[17:21:15.758]: (-0.4, 1.1, 1.4) 26
[17:21:15.775]: (-0.4, 1.1, 1.4) 26
[17:21:15.792]: (-0.4, 1.1, 1.4) 26
[17:21:15.809]: (-0.4, 1.1, 1.4) 26
[17:21:15.827]: (-0.4, 1.1, 1.4) 26
[17:21:15.845]: (-0.4, 1.1, 1.3) 27
[17:21:15.863]: (-0.4, 1.1, 1.3) 27
[17:21:15.880]: (-0.4, 1.1, 1.3) 27
[17:21:15.898]: (-0.4, 1.1, 1.2) 27
[17:21:15.915]: (-0.4, 1.1, 1.2) 27
[17:21:15.932]: (-0.4, 1.1, 1.2) 27
[17:21:15.952]: (-0.4, 1.1, 1.2) 27
[17:21:15.974]: (-0.4, 1.1, 1.2) 27
[17:21:15.996]: (-0.4, 1.1, 1.2) 27
[17:21:16.017]: (-0.4, 1.1, 1.2) 27
[17:21:16.040]: (-0.4, 1.1, 1.2) 27
[17:21:16.063]: (-0.4, 1.1, 1.2) 27
[17:21:16.085]: (-0.4, 1.1, 1.2) 27
[17:21:16.107]: (-0.4, 1.1, 1.2) 27
[17:21:16.128]: (-0.4, 1.1, 1.2) 27
[17:21:16.152]: (-0.4, 1.1, 1.2) 27
[17:21:16.173]: (-0.4, 1.1, 1.2) 27
[17:21:16.196]: (-0.4, 1.1, 1.2) 27
[17:21:16.220]: (-0.4, 1.1, 1.2) 27
[17:21:16.240]: (-0.4, 1.1, 1.2) 27
[17:21:16.264]: (-0.5, 1.1, 1.2) 27
[17:21:16.289]: (-0.5, 1.1, 1.2) 27
[17:21:16.306]: (-0.5, 1.1, 1.2) 27
[17:21:16.331]: (-0.5, 1.1, 1.2) 27
[17:21:16.354]: (-0.5, 1.1, 1.2) 27
[17:21:16.377]: (-0.5, 1.1, 1.2) 27
[17:21:16.395]: (-0.5, 1.1, 1.2) 27
[17:21:16.412]: (-0.5, 1.1, 1.2) 27
[17:21:16.428]: (-0.5, 1.1, 1.2) 27
[17:21:16.448]: (-0.5, 1.1, 1.2) 27
[17:21:16.464]: (-0.5, 1.1, 1.2) 27
[17:21:16.480]: (-0.5, 1.1, 1.2) 27
[17:21:16.496]: (-0.5, 1.1, 1.2) 27
[17:21:16.511]: (-0.4, 1.1, 1.2) 27
[17:21:16.528]: (-0.5, 1.1, 1.2) 27
[17:21:16.545]: (-0.4, 1.1, 1.2) 27
[17:21:16.561]: (-0.5, 1.1, 1.2) 27
[17:21:16.576]: (-0.5, 1.1, 1.2) 27
[17:21:16.592]: (-0.5, 1.1, 1.2) 27
[17:21:16.607]: (-0.5, 1.1, 1.2) 27
[17:21:16.624]: (-0.5, 1.1, 1.2) 27
[17:21:16.640]: (-0.5, 1.1, 1.2) 27
[17:21:16.657]: (-0.5, 1.1, 1.2) 27
[17:21:16.672]: (-0.5, 1.1, 1.2) 27
[17:21:16.688]: (-0.4, 1.1, 1.2) 27
[17:21:16.704]: (-0.4, 1.1, 1.2) 27
[17:21:16.720]: (-0.4, 1.1, 1.2) 27
[17:21:16.737]: (-0.4, 1.1, 1.2) 27
[17:21:16.752]: (-0.4, 1.1, 1.2) 27
[17:21:16.767]: (-0.4, 1.1, 1.2) 27
[17:21:16.783]: (-0.4, 1.1, 1.2) 27
[17:21:16.806]: (-0.4, 1.1, 1.2) 27
[17:21:16.828]: (-0.4, 1.1, 1.2) 27
[17:21:16.852]: (-0.4, 1.1, 1.2) 27
[17:21:16.872]: (-0.4, 1.1, 1.2) 27
[17:21:16.894]: (-0.4, 1.1, 1.2) 27
[17:21:16.918]: (-0.4, 1.1, 1.2) 27
[17:21:16.940]: (-0.4, 1.1, 1.2) 27
[17:21:16.963]: (-0.4, 1.1, 1.2) 27
[17:21:16.985]: (-0.4, 1.1, 1.2) 27
[17:21:17.348]: (-0.4, 1.1, 1.4) 26
[17:21:17.365]: (-0.4, 1.1, 1.3) 27
[17:21:17.382]: (-0.4, 1.1, 1.3) 27
[17:21:17.400]: (-0.4, 1.1, 1.3) 27
[17:21:17.416]: (-0.4, 1.1, 1.3) 27
[17:21:17.433]: (-0.4, 1.1, 1.3) 27
[17:21:17.449]: (-0.4, 1.1, 1.3) 27
[17:21:17.464]: (-0.4, 1.1, 1.3) 27
[17:21:17.481]: (-0.4, 1.1, 1.3) 27
[17:21:17.497]: (-0.4, 1.1, 1.3) 27
[17:21:17.513]: (-0.4, 1.1, 1.3) 27
[17:21:17.529]: (-0.4, 1.1, 1.3) 27
[17:21:17.545]: (-0.4, 1.1, 1.3) 27
[17:21:17.561]: (-0.4, 1.1, 1.3) 27
[17:21:17.577]: (-0.4, 1.1, 1.2) 27
[17:21:17.593]: (-0.4, 1.1, 1.2) 27
[17:21:17.608]: (-0.4, 1.1, 1.2) 27
[17:21:17.626]: (-0.4, 1.1, 1.2) 27
[17:21:17.642]: (-0.4, 1.1, 1.2) 27
[17:21:17.660]: (-0.4, 1.1, 1.2) 27
[17:21:17.676]: (-0.4, 1.1, 1.2) 27
[17:21:17.692]: (-0.4, 1.1, 1.2) 27
[17:21:17.709]: (-0.4, 1.1, 1.2) 27
[17:21:17.725]: (-0.4, 1.1, 1.2) 27
[17:21:17.742]: (-0.4, 1.1, 1.2) 27
[17:21:17.762]: (-0.4, 1.1, 1.2) 27
[17:21:17.783]: (-0.4, 1.1, 1.2) 27
[17:21:17.806]: (-0.4, 1.1, 1.2) 27
[17:21:17.828]: (-0.4, 1.1, 1.2) 27
[17:21:17.852]: (-0.4, 1.1, 1.2) 27
[17:21:17.872]: (-0.4, 1.1, 1.2) 27
[17:21:17.896]: (-0.4, 1.1, 1.2) 27
[17:21:17.917]: (-0.4, 1.1, 1.2) 27
[17:21:17.939]: (-0.4, 1.1, 1.2) 27
[17:21:18.206]: (-0.4, 1.1, 1.3) 27
[17:21:18.221]: (-0.4, 1.1, 1.3) 27
[17:21:18.237]: (-0.4, 1.1, 1.3) 27
[17:21:18.253]: (-0.4, 1.1, 1.3) 27
[17:21:18.270]: (-0.4, 1.1, 1.3) 27
[17:21:18.285]: (-0.4, 1.1, 1.3) 27
[17:21:18.301]: (-0.4, 1.1, 1.3) 27
[17:21:18.317]: (-0.4, 1.1, 1.3) 27
[17:21:18.333]: (-0.4, 1.1, 1.3) 27
[17:21:18.349]: (-0.4, 1.1, 1.3) 27
[17:21:18.365]: (-0.4, 1.1, 1.3) 27
[17:21:18.380]: (-0.4, 1.1, 1.3) 27
[17:21:18.397]: (-0.4, 1.1, 1.3) 27
[17:21:18.414]: (-0.4, 1.1, 1.3) 27
[17:21:18.431]: (-0.4, 1.1, 1.3) 27
[17:21:18.448]: (-0.4, 1.1, 1.3) 27
[17:21:18.463]: (-0.4, 1.1, 1.3) 27
[17:21:18.480]: (-0.4, 1.1, 1.3) 27
[17:21:18.497]: (-0.4, 1.1, 1.3) 27
[17:21:18.514]: (-0.4, 1.1, 1.3) 27
[17:21:18.531]: (-0.4, 1.1, 1.3) 27
[17:21:18.547]: (-0.4, 1.1, 1.3) 27
[17:21:18.562]: (-0.4, 1.1, 1.3) 27
[17:21:18.583]: (-0.4, 1.1, 1.3) 27
[17:21:18.605]: (-0.4, 1.1, 1.3) 27
[17:21:18.627]: (-0.4, 1.1, 1.3) 27
[17:21:18.651]: (-0.4, 1.1, 1.3) 27
[17:21:18.672]: (-0.4, 1.1, 1.3) 27
[17:21:18.694]: (-0.4, 1.1, 1.3) 27
[17:21:18.717]: (-0.4, 1.1, 1.3) 27
[17:21:18.739]: (-0.4, 1.1, 1.3) 27
[17:21:18.760]: (-0.4, 1.1, 1.3) 27
[17:21:18.784]: (-0.4, 1.1, 1.3) 27
[17:21:18.805]: (-0.4, 1.1, 1.3) 27
[17:21:18.829]: (-0.4, 1.1, 1.3) 27
[17:21:18.849]: (-0.4, 1.1, 1.3) 27
[17:21:18.872]: (-0.4, 1.1, 1.3) 27
[17:21:19.391]: (0.4, 1.0, 2.2) 2
[17:21:19.407]: (0.4, 1.0, 2.2) 2
[17:21:19.931]: (2.0, 0.8, 2.6) 5
[17:21:22.203]: (1.9, 0.9, 2.5) 7
[17:21:22.226]: (2.0, 0.8, 2.6) 5
[17:21:22.270]: (1.9, 0.9, 2.5) 7
[17:21:22.293]: (1.9, 0.9, 2.5) 7
[17:21:22.315]: (1.9, 0.9, 2.5) 7
[17:21:22.337]: (1.8, 0.9, 2.5) 6
[17:21:22.470]: (1.8, 0.9, 2.5) 6
[17:21:22.488]: (1.8, 0.9, 2.5) 6
[17:21:26.513]: (0.3, 1.0, 2.3) 2
[17:21:27.334]: (1.8, 0.9, 2.5) 6
[17:21:27.425]: (1.9, 0.9, 2.5) 7
[17:21:27.446]: (2.0, 0.9, 2.5) 5
[17:21:27.468]: (2.0, 0.9, 2.5) 5
[17:21:27.513]: (1.9, 0.9, 2.5) 7
[17:21:27.557]: (2.0, 0.9, 2.6) 5
[17:21:27.581]: (1.9, 0.9, 2.5) 7
[17:21:27.601]: (1.9, 0.9, 2.5) 7
[17:21:27.624]: (1.9, 0.9, 2.5) 7
[17:21:27.645]: (1.9, 0.9, 2.5) 7
[17:21:27.668]: (1.9, 0.9, 2.5) 7
[17:21:27.684]: (1.9, 0.9, 2.5) 7
[17:21:27.700]: (1.9, 0.9, 2.5) 7
[17:21:27.715]: (1.9, 0.9, 2.5) 7
[17:21:27.732]: (1.9, 0.9, 2.5) 7
[17:21:27.749]: (1.9, 0.9, 2.5) 7
[17:21:27.766]: (1.9, 0.9, 2.5) 7
[17:21:27.781]: (1.9, 0.9, 2.5) 7
[17:21:27.797]: (1.9, 0.9, 2.5) 7
[17:21:27.814]: (1.9, 0.9, 2.5) 7
[17:21:27.830]: (1.9, 0.9, 2.5) 7
[17:21:27.846]: (1.9, 0.9, 2.5) 7
[17:21:27.863]: (1.9, 0.9, 2.5) 7
[17:21:27.883]: (1.9, 0.9, 2.5) 7
[17:21:27.899]: (1.9, 0.9, 2.5) 7
[17:21:27.915]: (1.9, 0.8, 2.5) 7
[17:21:27.930]: (1.9, 0.9, 2.5) 7
[17:21:27.946]: (1.9, 0.9, 2.5) 7
[17:21:27.962]: (1.9, 0.9, 2.5) 7
[17:21:27.978]: (1.9, 0.9, 2.5) 7
[17:21:27.994]: (1.9, 0.9, 2.5) 7
[17:21:28.010]: (1.9, 0.9, 2.5) 7
[17:21:28.026]: (1.9, 0.9, 2.5) 7
[17:21:28.042]: (1.9, 0.9, 2.5) 7
[17:21:28.060]: (1.9, 0.9, 2.5) 7
[17:21:28.077]: (1.9, 0.9, 2.5) 7
[17:21:28.092]: (1.9, 0.9, 2.5) 7
[17:21:28.108]: (1.9, 0.9, 2.5) 7
[17:21:28.124]: (1.9, 0.9, 2.5) 7
[17:21:28.148]: (1.9, 0.9, 2.5) 7
[17:21:28.168]: (1.9, 0.9, 2.5) 7
[17:21:28.190]: (1.9, 0.9, 2.5) 7
[17:21:28.213]: (1.9, 0.9, 2.5) 7
[17:21:28.235]: (1.9, 0.9, 2.5) 7
[17:21:28.258]: (1.9, 0.9, 2.5) 7
[17:21:28.280]: (1.9, 0.9, 2.5) 7
[17:21:28.301]: (1.9, 0.9, 2.5) 7
[17:21:28.323]: (1.9, 0.9, 2.5) 7
[17:21:28.346]: (1.9, 0.9, 2.5) 7
[17:21:28.368]: (1.9, 0.9, 2.5) 7
[17:21:28.390]: (1.8, 0.9, 2.5) 6
[17:21:28.435]: (1.4, 0.9, 3.3) 9
[17:21:28.457]: (1.4, 0.9, 3.3) 9
[17:21:28.763]: (0.8, 1.0, 2.4) 1
[17:21:28.869]: (0.8, 1.0, 2.4) 1
[17:21:28.884]: (0.8, 1.0, 2.4) 1
[17:21:28.900]: (0.8, 1.0, 2.4) 1
[17:21:28.948]: (0.8, 1.0, 2.4) 1
[17:21:28.964]: (0.7, 1.0, 2.4) 1
[17:21:28.982]: (0.7, 1.0, 2.4) 1
[17:21:29.001]: (0.8, 1.0, 2.4) 1
[17:21:29.024]: (0.8, 1.0, 2.4) 1
[17:21:29.046]: (0.8, 1.0, 2.4) 1
[17:21:29.068]: (0.8, 1.0, 2.4) 1
[17:21:29.090]: (0.8, 1.0, 2.4) 1
[17:21:29.113]: (0.8, 1.0, 2.4) 1
[17:21:29.134]: (0.8, 1.0, 2.4) 1
[17:21:29.157]: (0.8, 1.0, 2.4) 1
[17:21:29.179]: (0.8, 1.0, 2.4) 1
[17:21:29.200]: (0.7, 1.0, 2.4) 1
[17:21:29.224]: (0.7, 1.0, 2.4) 1
[17:21:29.247]: (0.7, 1.0, 2.5) 1
[17:21:29.290]: (0.3, 1.0, 2.3) 2
[17:21:32.397]: (0.4, 1.0, 2.2) 2
[17:21:32.415]: (0.3, 0.9, 2.3) 2
[17:21:32.432]: (0.4, 0.9, 2.3) 2
[17:21:32.451]: (0.4, 1.0, 2.2) 2
[17:21:32.467]: (0.4, 1.0, 2.2) 2
[17:21:32.488]: (0.3, 1.0, 2.3) 2
[17:21:32.510]: (0.4, 1.0, 2.3) 2
[17:21:32.578]: (0.4, 1.0, 2.2) 2
[17:21:33.467]: (1.9, 0.9, 2.5) 7
[17:21:33.488]: (1.9, 0.9, 2.5) 7
[17:21:33.510]: (1.9, 0.9, 2.5) 7
[17:21:33.532]: (1.9, 0.9, 2.5) 7
[17:21:33.556]: (1.9, 0.9, 2.5) 7
[17:21:33.578]: (1.9, 0.9, 2.5) 7
[17:21:33.600]: (1.9, 0.9, 2.5) 7
[17:21:33.622]: (1.9, 0.9, 2.5) 7
[17:21:33.643]: (1.9, 0.9, 2.5) 7
[17:21:33.668]: (1.9, 0.9, 2.5) 7
[17:21:33.685]: (1.9, 0.8, 2.5) 7
[17:21:33.701]: (1.9, 0.8, 2.5) 7
[17:21:33.720]: (1.9, 0.8, 2.5) 7
[17:21:33.737]: (1.8, 0.8, 2.5) 7
[17:21:33.755]: (1.8, 0.8, 2.5) 7
[17:21:33.772]: (1.8, 0.8, 2.5) 7
[17:21:34.277]: (1.8, 0.9, 2.5) 6
[17:21:34.453]: (1.9, 0.8, 2.5) 7
[17:21:34.476]: (1.9, 0.9, 2.5) 7
[17:21:34.521]: (1.9, 0.9, 2.5) 7
[17:21:34.543]: (1.9, 0.9, 2.5) 7
[17:21:34.565]: (1.9, 0.9, 2.5) 7
[17:21:34.638]: (1.9, 0.8, 2.5) 7
[17:21:34.653]: (1.9, 0.9, 2.5) 7
[17:21:34.669]: (1.9, 0.8, 2.5) 7
[17:21:34.685]: (1.9, 0.8, 2.5) 7
[17:21:34.701]: (1.9, 0.8, 2.5) 7
[17:21:34.717]: (1.9, 0.8, 2.5) 7
[17:21:34.735]: (1.9, 0.9, 2.5) 7
[17:21:34.753]: (1.9, 0.9, 2.5) 7
[17:21:34.768]: (1.8, 0.9, 2.5) 7
[17:21:34.959]: (0.7, 1.0, 2.5) 1
[17:21:34.976]: (0.7, 1.0, 2.4) 1
[17:21:35.069]: (0.4, 1.0, 2.3) 2
[17:21:35.090]: (0.3, 1.0, 2.3) 2
[17:21:35.111]: (0.3, 1.0, 2.3) 2
[17:21:35.132]: (0.4, 1.0, 2.3) 2
[17:21:35.159]: (0.3, 1.0, 2.3) 2
[17:21:35.943]: (-0.9, 1.0, 2.6) 3
[17:21:35.986]: (-0.9, 1.0, 2.6) 3
[17:21:36.009]: (-0.9, 1.0, 2.6) 3
[17:21:36.031]: (-0.9, 1.0, 2.6) 3
[17:21:36.054]: (-0.9, 1.0, 2.6) 3
[17:21:36.277]: (-0.5, 1.1, 1.2) 27
[17:21:36.299]: (-0.5, 1.1, 1.2) 27
[17:21:36.316]: (-0.5, 1.1, 1.2) 27
[17:21:36.331]: (-0.5, 1.1, 1.2) 27
[17:21:36.347]: (-0.5, 1.1, 1.2) 27
[17:21:36.364]: (-0.5, 1.1, 1.2) 27
[17:21:36.380]: (-0.5, 1.1, 1.2) 27
[17:21:36.396]: (-0.5, 1.1, 1.2) 27
[17:21:36.413]: (-0.5, 1.1, 1.2) 27
[17:21:36.429]: (-0.5, 1.1, 1.2) 27
[17:21:36.446]: (-0.5, 1.1, 1.2) 27
[17:21:36.462]: (-0.5, 1.1, 1.2) 27
[17:21:36.479]: (-0.5, 1.1, 1.2) 27
[17:21:36.496]: (-0.5, 1.1, 1.2) 27
[17:21:36.513]: (-0.5, 1.1, 1.2) 27
[17:21:36.529]: (-0.5, 1.1, 1.2) 27
[17:21:36.544]: (-0.5, 1.1, 1.2) 27
[17:21:36.560]: (-0.5, 1.1, 1.2) 27
[17:21:36.576]: (-0.5, 1.1, 1.2) 27
[17:21:36.591]: (-0.5, 1.1, 1.2) 27
[17:21:36.606]: (-0.5, 1.1, 1.2) 27
[17:21:36.623]: (-0.5, 1.1, 1.2) 27
[17:21:36.640]: (-0.5, 1.1, 1.2) 27
[17:21:36.657]: (-0.5, 1.1, 1.2) 27
[17:21:36.673]: (-0.5, 1.1, 1.2) 27
[17:21:36.689]: (-0.5, 1.1, 1.2) 27
[17:21:36.705]: (-0.5, 1.1, 1.2) 27
[17:21:36.720]: (-0.5, 1.1, 1.2) 27
[17:21:36.737]: (-0.5, 1.1, 1.2) 27
[17:21:36.753]: (-0.5, 1.1, 1.2) 27
[17:21:36.776]: (-0.5, 1.1, 1.2) 27
[17:21:36.799]: (-0.5, 1.1, 1.2) 27
[17:21:36.820]: (-0.5, 1.1, 1.2) 27
[17:21:36.842]: (-0.5, 1.1, 1.2) 27
[17:21:36.866]: (-0.5, 1.1, 1.2) 27
[17:21:36.887]: (-0.5, 1.1, 1.2) 27
[17:21:36.909]: (-0.5, 1.1, 1.2) 27
[17:21:36.932]: (-0.5, 1.1, 1.2) 27
[17:21:36.954]: (-0.5, 1.1, 1.2) 27
[17:21:36.976]: (-0.5, 1.1, 1.2) 27
[17:21:36.999]: (-0.5, 1.1, 1.2) 27
[17:21:37.021]: (-0.5, 1.1, 1.2) 27
[17:21:37.043]: (-0.5, 1.1, 1.2) 27
[17:21:37.066]: (-0.5, 1.1, 1.2) 27
[17:21:37.086]: (-0.5, 1.1, 1.2) 27
[17:21:37.109]: (-0.5, 1.1, 1.2) 27
[17:21:37.131]: (-0.5, 1.1, 1.2) 27
[17:21:37.155]: (-0.5, 1.1, 1.2) 27
[17:21:37.176]: (-0.5, 1.1, 1.2) 27
[17:21:37.191]: (-0.5, 1.1, 1.2) 27
[17:21:37.207]: (-0.5, 1.1, 1.2) 27
[17:21:37.224]: (-0.5, 1.1, 1.2) 27
[17:21:37.239]: (-0.5, 1.1, 1.2) 27
[17:21:37.254]: (-0.5, 1.1, 1.2) 27
[17:21:37.270]: (-0.5, 1.1, 1.2) 27
[17:21:37.287]: (-0.5, 1.1, 1.2) 27
[17:21:37.302]: (-0.5, 1.1, 1.2) 27
[17:21:37.317]: (-0.5, 1.1, 1.2) 27
[17:21:37.333]: (-0.5, 1.1, 1.2) 27
[17:21:37.350]: (-0.5, 1.1, 1.2) 27
[17:21:37.368]: (-0.5, 1.1, 1.2) 27
[17:21:37.384]: (-0.5, 1.1, 1.2) 27
[17:21:37.400]: (-0.5, 1.1, 1.2) 27
[17:21:37.416]: (-0.5, 1.1, 1.2) 27
[17:21:37.433]: (-0.5, 1.1, 1.2) 27
[17:21:37.450]: (-0.5, 1.1, 1.2) 27
[17:21:37.467]: (-0.5, 1.1, 1.2) 27
[17:21:37.483]: (-0.5, 1.1, 1.2) 27
[17:21:37.501]: (-0.5, 1.1, 1.2) 27
[17:21:37.518]: (-0.5, 1.1, 1.2) 27
[17:21:37.534]: (-0.5, 1.1, 1.2) 27
[17:21:37.548]: (-0.5, 1.1, 1.2) 27
[17:21:37.565]: (-0.5, 1.1, 1.2) 27
[17:21:37.581]: (-0.5, 1.1, 1.2) 27
[17:21:37.598]: (-0.5, 1.1, 1.2) 27
[17:21:37.614]: (-0.5, 1.1, 1.2) 27
[17:21:37.631]: (-0.5, 1.1, 1.2) 27
[17:21:37.654]: (-0.5, 1.1, 1.2) 27
[17:21:37.675]: (-0.5, 1.1, 1.2) 27
[17:21:37.699]: (-0.5, 1.1, 1.2) 27
[17:21:37.720]: (-0.5, 1.1, 1.2) 27
[17:21:37.742]: (-0.5, 1.1, 1.2) 27
[17:21:37.765]: (-0.4, 1.1, 1.4) 26
[17:21:38.173]: (-0.5, 1.1, 1.4) 26
[17:21:38.192]: (-0.5, 1.1, 1.2) 27
[17:21:38.208]: (-0.5, 1.1, 1.2) 27
[17:21:38.225]: (-0.5, 1.1, 1.2) 27
[17:21:38.242]: (-0.5, 1.1, 1.2) 27
[17:21:38.258]: (-0.5, 1.1, 1.2) 27
[17:21:38.274]: (-0.5, 1.1, 1.2) 27
[17:21:38.290]: (-0.5, 1.1, 1.2) 27
[17:21:38.307]: (-0.5, 1.1, 1.2) 27
[17:21:38.323]: (-0.5, 1.1, 1.2) 27
[17:21:38.339]: (-0.5, 1.1, 1.2) 27
[17:21:38.353]: (-0.5, 1.1, 1.2) 27
[17:21:38.370]: (-0.4, 1.1, 1.4) 26
[17:21:39.989]: (0.3, 1.0, 2.3) 2
[17:21:40.005]: (0.3, 1.0, 2.3) 2
[17:21:40.020]: (0.3, 1.0, 2.3) 2
[17:21:40.036]: (0.3, 1.0, 2.3) 2
[17:21:40.055]: (0.3, 1.0, 2.3) 2
[17:21:40.071]: (0.3, 1.0, 2.3) 2
[17:21:40.086]: (0.3, 1.0, 2.3) 2
[17:21:40.102]: (0.3, 1.0, 2.3) 2
[17:21:40.120]: (0.3, 1.0, 2.3) 2
[17:21:40.136]: (0.3, 1.0, 2.3) 2
[17:21:40.151]: (0.3, 1.0, 2.2) 2
[17:21:40.168]: (0.3, 1.0, 2.2) 2
[17:21:40.183]: (0.3, 1.0, 2.3) 2
[17:21:40.198]: (0.3, 1.0, 2.3) 2
[17:21:40.219]: (0.3, 1.0, 2.3) 2
[17:21:40.242]: (0.3, 1.0, 2.3) 2
[17:21:40.264]: (0.3, 1.0, 2.3) 2
[17:21:40.285]: (0.3, 1.0, 2.3) 2
[17:21:40.308]: (0.3, 1.0, 2.3) 2
[17:21:40.330]: (0.3, 1.0, 2.3) 2
[17:21:40.352]: (0.3, 1.0, 2.3) 2
[17:21:40.375]: (0.3, 1.0, 2.3) 2
[17:21:40.396]: (0.3, 1.0, 2.3) 2
[17:21:40.419]: (0.3, 1.0, 2.3) 2
[17:21:40.441]: (0.3, 1.0, 2.3) 2
[17:21:40.464]: (0.3, 1.0, 2.3) 2
[17:21:40.485]: (0.3, 1.0, 2.3) 2
[17:21:40.507]: (0.3, 1.0, 2.3) 2
[17:21:40.531]: (0.4, 1.0, 2.2) 2
[17:21:40.574]: (0.8, 1.0, 2.4) 1
[17:21:40.596]: (0.8, 0.9, 2.4) 1
[17:21:40.619]: (0.7, 0.9, 2.4) 1
[17:21:40.641]: (0.7, 0.9, 2.4) 1
[17:21:40.657]: (0.7, 0.9, 2.4) 1
[17:21:40.673]: (0.7, 0.9, 2.4) 1
[17:21:40.690]: (0.7, 0.9, 2.4) 1
[17:21:40.706]: (0.7, 0.9, 2.4) 1
[17:21:40.723]: (0.7, 0.9, 2.4) 1
[17:21:40.739]: (0.7, 0.9, 2.4) 1
[17:21:40.755]: (0.7, 0.9, 2.4) 1
[17:21:40.772]: (0.7, 0.9, 2.4) 1
[17:21:40.787]: (0.7, 0.9, 2.4) 1
[17:21:40.803]: (0.7, 1.0, 2.4) 1
[17:21:40.820]: (0.7, 1.0, 2.4) 1
[17:21:40.836]: (0.7, 1.0, 2.4) 1
[17:21:40.853]: (0.7, 1.0, 2.4) 1
[17:21:40.870]: (0.7, 1.0, 2.4) 1
[17:21:40.888]: (0.7, 0.9, 2.4) 1
[17:21:40.905]: (0.7, 1.0, 2.4) 1
[17:21:40.919]: (0.7, 1.0, 2.4) 1
[17:21:40.935]: (0.7, 1.0, 2.4) 1
[17:21:40.951]: (0.7, 1.0, 2.4) 1
[17:21:40.968]: (0.8, 1.0, 2.4) 1
[17:21:40.983]: (0.8, 1.0, 2.4) 1
[17:21:41.018]: (0.3, 1.0, 2.3) 2
[17:21:41.566]: (-0.6, 1.0, 2.6) 4
[17:21:41.583]: (-0.6, 1.0, 2.6) 4
[17:21:42.474]: (0.7, 0.9, 2.4) 1
[17:21:43.906]: (2.0, 0.9, 2.5) 5
[17:21:43.928]: (2.0, 0.9, 2.5) 5
[17:21:43.950]: (2.0, 0.9, 2.5) 5
[17:21:43.972]: (1.9, 0.9, 2.5) 7
[17:21:43.995]: (2.0, 0.9, 2.5) 5
[17:21:44.017]: (1.9, 0.9, 2.5) 7
[17:21:44.039]: (1.9, 0.9, 2.5) 7
[17:21:44.062]: (1.9, 0.9, 2.5) 7
[17:21:44.079]: (1.9, 0.9, 2.5) 7
[17:21:44.095]: (1.9, 0.9, 2.5) 7
[17:21:44.111]: (1.9, 0.9, 2.5) 7
[17:21:44.129]: (1.8, 0.9, 2.5) 6
[17:21:44.144]: (1.8, 0.9, 2.5) 6
[17:21:44.159]: (1.8, 0.9, 2.5) 6
[17:21:44.174]: (1.8, 0.9, 2.5) 6
[17:21:44.190]: (1.8, 0.9, 2.5) 6
[17:21:44.205]: (1.8, 0.9, 2.5) 6
[17:21:44.220]: (1.8, 0.9, 2.5) 6
[17:21:44.236]: (1.8, 1.0, 2.5) 6
[17:21:44.252]: (1.7, 0.9, 2.5) 6
[17:21:44.269]: (1.8, 0.9, 2.5) 6
[17:21:44.285]: (1.8, 1.0, 2.5) 6
[17:21:44.300]: (1.8, 1.0, 2.5) 6
[17:21:44.421]: (2.0, 0.9, 2.6) 5
[17:21:44.439]: (2.0, 0.9, 2.6) 5
[17:21:44.454]: (2.0, 0.9, 2.5) 5
[17:21:44.470]: (2.0, 0.9, 2.5) 5
[17:21:44.485]: (2.0, 0.9, 2.5) 5
[17:21:44.506]: (2.0, 0.9, 2.5) 5
[17:21:44.528]: (2.0, 0.9, 2.5) 5
[17:21:44.550]: (2.0, 0.9, 2.5) 5
[17:21:44.572]: (2.0, 1.0, 2.5) 5
[17:21:44.594]: (2.0, 0.9, 2.5) 5
[17:21:44.617]: (2.0, 0.9, 2.5) 5
[17:21:44.640]: (2.0, 0.9, 2.6) 5
[17:21:44.662]: (2.0, 0.9, 2.6) 5
[17:21:44.683]: (2.0, 0.9, 2.6) 5
[17:21:44.772]: (1.8, 0.9, 2.5) 6
[17:21:44.794]: (1.8, 0.9, 2.5) 6
[17:21:44.817]: (1.8, 0.9, 2.5) 6
[17:21:44.839]: (1.8, 0.9, 2.5) 6
[17:21:44.861]: (1.8, 0.9, 2.5) 6
[17:21:45.035]: (0.5, 1.0, 2.5) 0
[17:21:45.096]: (-0.4, 1.0, 1.5) 26
[17:21:45.112]: (-0.5, 1.1, 1.2) 27
[17:21:45.128]: (-0.5, 1.1, 1.2) 27
[17:21:45.144]: (-0.5, 1.1, 1.2) 27
[17:21:45.159]: (-0.5, 1.0, 1.2) 27
[17:21:45.175]: (-0.5, 1.0, 1.2) 27
[17:21:45.190]: (-0.5, 1.0, 1.2) 27
[17:21:45.206]: (-0.5, 1.1, 1.2) 27
[17:21:45.222]: (-0.5, 1.1, 1.2) 27
[17:21:45.237]: (-0.5, 1.1, 1.2) 27
[17:21:45.254]: (-0.5, 1.1, 1.2) 27
[17:21:45.270]: (-0.5, 1.1, 1.2) 27
[17:21:45.286]: (-0.5, 1.1, 1.2) 27
[17:21:45.302]: (-0.5, 1.1, 1.2) 27
[17:21:45.318]: (-0.5, 1.1, 1.2) 27
[17:21:45.334]: (-0.5, 1.1, 1.2) 27
[17:21:45.349]: (-0.5, 1.1, 1.2) 27
[17:21:45.373]: (-0.5, 1.1, 1.2) 27
[17:21:45.394]: (-0.5, 1.1, 1.2) 27
[17:21:45.417]: (-0.5, 1.1, 1.2) 27
[17:21:45.439]: (-0.5, 1.1, 1.2) 27
[17:21:45.461]: (-0.5, 1.1, 1.2) 27
[17:21:45.484]: (-0.5, 1.1, 1.2) 27
[17:21:45.506]: (-0.5, 1.1, 1.2) 27
[17:21:45.528]: (-0.5, 1.1, 1.2) 27
[17:21:45.550]: (-0.5, 1.1, 1.2) 27
[17:21:45.572]: (-0.5, 1.1, 1.2) 27
[17:21:45.595]: (-0.5, 1.1, 1.2) 27
[17:21:45.616]: (-0.5, 1.1, 1.3) 27
[17:21:45.640]: (-0.5, 1.1, 1.3) 27
[17:21:45.663]: (-0.5, 1.1, 1.2) 27
[17:21:45.683]: (-0.5, 1.1, 1.2) 27
[17:21:45.706]: (-0.5, 1.1, 1.2) 27
[17:21:45.728]: (-0.5, 1.1, 1.2) 27
[17:21:45.750]: (-0.5, 1.1, 1.2) 27
[17:21:45.773]: (-0.5, 1.1, 1.2) 27
[17:21:45.789]: (-0.5, 1.1, 1.2) 27
[17:21:45.805]: (-0.5, 1.1, 1.2) 27
[17:21:45.820]: (-0.5, 1.1, 1.2) 27
[17:21:45.838]: (-0.5, 1.1, 1.2) 27
[17:21:45.854]: (-0.5, 1.1, 1.2) 27
[17:21:45.872]: (-0.5, 1.1, 1.2) 27
[17:21:45.889]: (-0.5, 1.1, 1.2) 27
[17:21:45.904]: (-0.5, 1.1, 1.2) 27
[17:21:45.919]: (-0.5, 1.1, 1.2) 27
[17:21:45.936]: (-0.5, 1.1, 1.2) 27
[17:21:45.953]: (-0.5, 1.1, 1.2) 27
[17:21:45.972]: (-0.5, 1.1, 1.2) 27
[17:21:45.988]: (-0.5, 1.1, 1.2) 27
[17:21:46.006]: (-0.5, 1.1, 1.2) 27
[17:21:46.022]: (-0.5, 1.1, 1.2) 27
[17:21:46.038]: (-0.5, 1.1, 1.2) 27
[17:21:46.053]: (-0.5, 1.1, 1.2) 27
[17:21:46.070]: (-0.5, 1.1, 1.2) 27
[17:21:46.086]: (-0.5, 1.1, 1.2) 27
[17:21:46.102]: (-0.5, 1.1, 1.2) 27
[17:21:46.118]: (-0.5, 1.1, 1.2) 27
[17:21:46.136]: (-0.5, 1.1, 1.2) 27
[17:21:46.152]: (-0.5, 1.1, 1.2) 27
[17:21:46.170]: (-0.5, 1.1, 1.2) 27
[17:21:46.185]: (-0.5, 1.1, 1.2) 27
[17:21:46.202]: (-0.5, 1.1, 1.2) 27
[17:21:46.217]: (-0.5, 1.1, 1.2) 27
[17:21:46.234]: (-0.5, 1.1, 1.2) 27
[17:21:46.250]: (-0.5, 1.1, 1.2) 27
[17:21:46.272]: (-0.5, 1.1, 1.2) 27
[17:21:46.294]: (-0.5, 1.1, 1.2) 27
[17:21:46.317]: (-0.5, 1.1, 1.2) 27
[17:21:46.339]: (-0.5, 1.1, 1.2) 27
[17:21:46.361]: (-0.5, 1.1, 1.2) 27
[17:21:46.384]: (-0.5, 1.1, 1.2) 27
[17:21:46.407]: (-0.5, 1.1, 1.2) 27
[17:21:46.428]: (-0.5, 1.1, 1.2) 27
[17:21:46.450]: (-0.5, 1.1, 1.2) 27
[17:21:46.472]: (-0.5, 1.1, 1.2) 27
[17:21:46.494]: (-0.5, 1.1, 1.2) 27
[17:21:46.517]: (-0.5, 1.1, 1.2) 27
[17:21:46.539]: (-0.5, 1.1, 1.2) 27
[17:21:46.561]: (-0.5, 1.1, 1.2) 27
[17:21:46.584]: (-0.5, 1.1, 1.2) 27
[17:21:46.605]: (-0.5, 1.1, 1.2) 27
[17:21:46.627]: (-0.5, 1.1, 1.2) 27
[17:21:46.649]: (-0.5, 1.1, 1.2) 27
[17:21:46.671]: (-0.5, 1.1, 1.2) 27
[17:21:46.688]: (-0.5, 1.1, 1.2) 27
[17:21:46.706]: (-0.5, 1.1, 1.2) 27
[17:21:46.721]: (-0.5, 1.1, 1.2) 27
[17:21:46.737]: (-0.5, 1.1, 1.2) 27
[17:21:46.752]: (-0.5, 1.1, 1.2) 27
[17:21:46.769]: (-0.5, 1.1, 1.2) 27
[17:21:46.784]: (-0.5, 1.1, 1.2) 27
[17:21:46.800]: (-0.5, 1.1, 1.2) 27
[17:21:46.817]: (-0.5, 1.1, 1.2) 27
[17:21:46.833]: (-0.5, 1.1, 1.2) 27
[17:21:46.848]: (-0.5, 1.1, 1.2) 27
[17:21:46.865]: (-0.5, 1.1, 1.2) 27
[17:21:46.881]: (-0.5, 1.1, 1.2) 27
[17:21:46.899]: (-0.5, 1.1, 1.2) 27
[17:21:46.915]: (-0.5, 1.1, 1.2) 27
[17:21:46.931]: (-0.5, 1.1, 1.2) 27
[17:21:46.947]: (-0.5, 1.1, 1.2) 27
[17:21:46.964]: (-0.5, 1.1, 1.2) 27
[17:21:46.980]: (-0.5, 1.1, 1.3) 27
[17:21:46.996]: (-0.5, 1.1, 1.3) 27
[17:21:47.013]: (-0.5, 1.1, 1.3) 27
[17:21:47.031]: (-0.5, 1.1, 1.3) 27
[17:21:47.047]: (-0.5, 1.1, 1.3) 27
[17:21:47.063]: (-0.5, 1.1, 1.3) 27
[17:21:47.080]: (-0.5, 1.1, 1.3) 27
[17:21:47.097]: (-0.5, 1.1, 1.3) 27
[17:21:47.113]: (-0.4, 1.1, 1.3) 27
[17:21:47.128]: (-0.4, 1.1, 1.3) 27
[17:21:47.150]: (-0.5, 1.1, 1.2) 27
[17:21:47.172]: (-0.5, 1.1, 1.3) 27
[17:21:47.196]: (-0.5, 1.1, 1.3) 27
[17:21:47.217]: (-0.5, 1.1, 1.2) 27
[17:21:47.239]: (-0.5, 1.1, 1.2) 27
[17:21:47.262]: (-0.5, 1.1, 1.2) 27
[17:21:47.283]: (-0.5, 1.1, 1.2) 27
[17:21:47.306]: (-0.5, 1.1, 1.2) 27
[17:21:47.328]: (-0.5, 1.1, 1.2) 27
[17:21:47.351]: (-0.5, 1.1, 1.2) 27
[17:21:47.374]: (-0.5, 1.1, 1.2) 27
[17:21:47.396]: (-0.5, 1.1, 1.2) 27
[17:21:47.417]: (-0.5, 1.1, 1.2) 27
[17:21:47.442]: (-0.5, 1.1, 1.2) 27
[17:21:47.461]: (-0.5, 1.1, 1.2) 27
[17:21:47.483]: (-0.5, 1.1, 1.2) 27
[17:21:47.506]: (-0.5, 1.1, 1.2) 27
[17:21:47.529]: (-0.5, 1.1, 1.2) 27
[17:21:47.550]: (-0.5, 1.1, 1.2) 27
[17:21:47.568]: (-0.5, 1.1, 1.2) 27
[17:21:47.585]: (-0.5, 1.1, 1.2) 27
[17:21:47.603]: (-0.5, 1.1, 1.2) 27
[17:21:47.619]: (-0.5, 1.1, 1.2) 27
[17:21:47.638]: (-0.5, 1.0, 1.2) 27
[17:21:47.655]: (-0.5, 1.0, 1.2) 27
[17:21:47.674]: (-0.5, 1.0, 1.2) 27
[17:21:47.691]: (-0.5, 1.0, 1.2) 27
[17:21:47.708]: (-0.5, 1.0, 1.2) 27
[17:21:47.725]: (-0.5, 1.0, 1.2) 27
[17:21:47.743]: (-0.5, 1.0, 1.2) 27
[17:21:47.762]: (-0.5, 1.0, 1.2) 27
[17:21:47.779]: (-0.5, 1.0, 1.2) 27
[17:21:47.797]: (-0.5, 1.0, 1.2) 27
[17:21:47.815]: (-0.5, 1.0, 1.2) 27
[17:21:47.833]: (-0.5, 1.0, 1.2) 27
[17:21:47.850]: (-0.5, 1.0, 1.2) 27
[17:21:47.867]: (-0.5, 1.0, 1.2) 27
[17:21:47.883]: (-0.5, 1.0, 1.2) 27
[17:21:47.902]: (-0.5, 1.1, 1.2) 27
[17:21:47.918]: (-0.5, 1.1, 1.2) 27
[17:21:47.938]: (-0.5, 1.1, 1.2) 27
[17:21:47.955]: (-0.5, 1.1, 1.2) 27
[17:21:47.975]: (-0.5, 1.1, 1.2) 27
[17:21:47.993]: (-0.5, 1.1, 1.2) 27
[17:21:48.013]: (-0.5, 1.1, 1.2) 27
[17:21:48.029]: (-0.5, 1.1, 1.2) 27
[17:21:48.047]: (-0.5, 1.1, 1.2) 27
[17:21:48.063]: (-0.5, 1.1, 1.2) 27
[17:21:48.084]: (-0.5, 1.1, 1.2) 27
[17:21:48.106]: (-0.5, 1.1, 1.2) 27
[17:21:48.127]: (-0.5, 1.1, 1.2) 27
[17:21:48.150]: (-0.5, 1.1, 1.2) 27
[17:21:48.172]: (-0.5, 1.1, 1.2) 27
[17:21:48.195]: (-0.5, 1.1, 1.2) 27
[17:21:48.216]: (-0.5, 1.1, 1.2) 27
[17:21:48.238]: (-0.5, 1.1, 1.2) 27
[17:21:48.262]: (-0.5, 1.1, 1.2) 27
[17:21:48.283]: (-0.5, 1.1, 1.2) 27
[17:21:48.307]: (-0.5, 1.1, 1.2) 27
[17:21:48.329]: (-0.5, 1.1, 1.2) 27
[17:21:48.351]: (-0.5, 1.1, 1.2) 27
[17:21:48.380]: (-0.5, 1.1, 1.2) 27
[17:21:48.400]: (-0.5, 1.1, 1.2) 27
[17:21:48.418]: (-0.5, 1.1, 1.2) 27
[17:21:48.439]: (-0.5, 1.1, 1.2) 27
[17:21:48.461]: (-0.5, 1.1, 1.2) 27
[17:21:48.482]: (-0.5, 1.1, 1.2) 27
[17:21:48.501]: (-0.5, 1.1, 1.2) 27
[17:21:48.518]: (-0.5, 1.1, 1.2) 27
[17:21:48.538]: (-0.5, 1.1, 1.2) 27
[17:21:48.557]: (-0.5, 1.1, 1.2) 27
[17:21:48.574]: (-0.5, 1.1, 1.2) 27
[17:21:48.597]: (-0.5, 1.1, 1.2) 27
[17:21:48.616]: (-0.5, 1.0, 1.4) 26
[17:21:48.890]: (-0.4, 1.1, 1.4) 26
[17:21:48.911]: (-0.5, 1.1, 1.4) 26
[17:21:48.930]: (-0.5, 1.1, 1.4) 26
[17:21:48.947]: (-0.5, 1.1, 1.4) 26
[17:21:48.963]: (-0.5, 1.1, 1.4) 26
[17:21:48.981]: (-0.5, 1.1, 1.4) 26
[17:21:48.999]: (-0.5, 1.1, 1.4) 26
[17:21:49.016]: (-0.4, 1.1, 1.4) 26
[17:21:49.033]: (-0.4, 1.1, 1.4) 26
[17:21:49.061]: (-0.4, 1.1, 1.4) 26
[17:21:49.095]: (-0.4, 1.1, 1.4) 26
[17:21:49.129]: (-0.4, 1.1, 1.4) 26
[17:21:49.161]: (-0.4, 1.1, 1.4) 26
[17:21:49.195]: (-0.5, 1.1, 1.4) 26
[17:21:49.227]: (-0.5, 1.1, 1.4) 26
