[17:41:52.052]: (-3.8, -1.5, 0.0) 61
[17:41:52.151]: (-3.7, -1.6, -0.1) 54
[17:41:52.167]: (-3.6, -1.4, -0.1) 58
[17:41:52.182]: (-3.4, -1.3, -0.1) 56
[17:41:52.197]: (-2.8, -0.7, -0.1) 52
[17:41:52.227]: (-3.7, -1.5, 0.0) 54
[17:41:52.243]: (-3.8, -1.6, 0.0) 61
[17:41:52.517]: (-3.5, -1.6, -0.1) 62
[17:41:52.604]: (-3.5, -1.6, -0.1) 62
[17:41:53.206]: (-2.9, 0.7, 1.7) 76
[17:41:53.272]: (-2.7, 1.0, 2.0) 76
[17:41:53.417]: (-1.0, 1.7, 2.0) 16
[17:41:53.441]: (-0.9, 1.7, 2.1) 16
[17:41:53.462]: (-0.8, 1.8, 2.1) 16
[17:41:53.523]: (-0.6, 1.8, 2.2) 12
[17:41:54.167]: (-0.1, 1.4, 3.5) 40
[17:41:54.211]: (-0.1, 1.3, 3.5) 40
[17:41:54.255]: (-0.1, 1.3, 3.5) 40
[17:41:54.279]: (-0.1, 1.3, 3.5) 40
[17:41:54.298]: (-0.1, 1.3, 3.5) 40
[17:41:54.322]: (-0.1, 1.3, 3.5) 40
[17:41:54.344]: (-0.2, 1.3, 3.5) 40
[17:41:54.367]: (-0.2, 1.3, 3.5) 40
[17:41:54.388]: (-0.2, 1.3, 3.5) 40
[17:41:54.411]: (-0.2, 1.3, 3.5) 40
[17:41:54.434]: (-0.1, 1.3, 3.5) 40
[17:41:54.478]: (-0.2, 1.3, 3.5) 40
[17:41:54.500]: (-0.2, 1.3, 3.5) 40
[17:41:54.522]: (-0.2, 1.3, 3.5) 40
[17:41:54.544]: (-0.2, 1.3, 3.5) 40
[17:41:54.611]: (-0.2, 1.3, 3.5) 40
[17:41:54.633]: (-0.1, 1.3, 3.5) 40
[17:41:54.655]: (-0.1, 1.3, 3.5) 40
[17:41:54.678]: (-0.1, 1.3, 3.5) 40
[17:41:54.721]: (-0.1, 1.3, 3.7) 39
[17:41:54.744]: (-0.1, 1.3, 3.6) 39
[17:41:54.899]: (-0.1, 1.4, 2.0) 7
[17:41:55.039]: (-0.1, 1.4, 1.9) 7
[17:41:55.060]: (-0.1, 1.4, 1.9) 7
[17:41:55.081]: (-0.1, 1.5, 1.9) 7
[17:41:55.123]: (-0.1, 1.5, 1.9) 7
[17:41:55.189]: (-0.1, 1.5, 1.9) 7
[17:41:55.386]: (-0.1, 1.4, 1.9) 7
[17:41:55.407]: (-0.2, 1.4, 1.9) 7
[17:41:55.615]: (-0.2, 1.4, 1.9) 7
[17:41:55.637]: (-0.2, 1.4, 1.9) 7
[17:41:55.660]: (-0.2, 1.4, 1.9) 7
[17:41:55.683]: (-0.2, 1.4, 1.9) 7
[17:41:55.705]: (-0.2, 1.4, 1.9) 7
[17:41:55.727]: (-0.2, 1.4, 1.9) 7
[17:41:55.750]: (-0.2, 1.4, 1.9) 7
[17:41:55.774]: (-0.2, 1.4, 1.9) 7
[17:41:55.797]: (-0.2, 1.4, 1.9) 7
[17:41:55.820]: (-0.2, 1.4, 1.9) 7
[17:41:55.842]: (-0.2, 1.4, 1.9) 7
[17:41:55.863]: (-0.2, 1.4, 1.9) 7
[17:41:55.885]: (-0.2, 1.4, 1.9) 7
[17:41:55.907]: (-0.2, 1.4, 1.9) 7
[17:41:55.923]: (-0.2, 1.4, 1.9) 7
[17:41:55.939]: (-0.2, 1.4, 1.9) 7
[17:41:55.956]: (-0.2, 1.4, 1.9) 7
[17:41:55.974]: (-0.2, 1.4, 1.9) 7
[17:41:55.996]: (-0.2, 1.5, 1.9) 7
[17:41:56.016]: (-0.2, 1.5, 1.9) 7
[17:41:56.034]: (-0.2, 1.5, 1.9) 7
[17:41:56.054]: (-0.2, 1.5, 1.9) 7
[17:41:56.076]: (-0.2, 1.5, 1.9) 7
[17:41:56.099]: (-0.2, 1.5, 1.9) 7
[17:41:56.120]: (-0.2, 1.5, 1.9) 7
[17:41:56.144]: (-0.2, 1.5, 1.9) 7
[17:41:56.165]: (-0.2, 1.4, 1.8) 1
[17:41:56.188]: (-0.2, 1.4, 1.8) 1
[17:41:56.209]: (-0.2, 1.5, 1.8) 1
[17:41:57.514]: (-0.5, 1.4, 1.8) 3
[17:41:57.548]: (-0.4, 1.4, 1.8) 3
[17:41:57.567]: (-0.5, 1.4, 1.9) 9
[17:41:57.583]: (-0.5, 1.4, 1.9) 9
[17:41:57.599]: (-0.5, 1.4, 1.9) 9
[17:41:57.754]: (-0.4, 1.4, 1.8) 3
[17:41:58.279]: (0.1, 1.6, 2.1) 17
[17:41:58.295]: (0.3, 1.6, 2.2) 14
[17:41:59.207]: (0.3, 1.5, 2.3) 12
[17:41:59.224]: (0.3, 1.6, 2.3) 12
[17:41:59.240]: (0.3, 1.6, 2.6) 30
[17:41:59.256]: (0.3, 1.6, 2.6) 30
[17:41:59.272]: (0.3, 1.6, 2.6) 30
[17:41:59.291]: (0.3, 1.7, 2.6) 30
[17:41:59.307]: (0.3, 1.6, 2.7) 30
[17:41:59.323]: (0.2, 1.6, 2.1) 17
[17:41:59.340]: (0.3, 1.7, 2.7) 30
[17:41:59.356]: (0.3, 1.6, 2.7) 30
[17:41:59.371]: (0.3, 1.7, 2.6) 30
[17:41:59.388]: (0.3, 1.7, 2.7) 30
[17:41:59.403]: (0.3, 1.7, 2.7) 30
[17:41:59.436]: (0.3, 1.7, 2.7) 30
[17:41:59.452]: (0.3, 1.7, 2.7) 30
[17:41:59.469]: (0.3, 1.7, 2.6) 30
[17:41:59.487]: (0.3, 1.7, 2.6) 30
[17:41:59.509]: (0.3, 1.7, 2.6) 30
[17:41:59.534]: (0.3, 1.7, 2.7) 30
[17:41:59.554]: (0.3, 1.7, 2.7) 30
[17:41:59.620]: (0.3, 1.7, 2.8) 31
[17:41:59.644]: (0.3, 1.8, 2.9) 31
[17:41:59.664]: (0.3, 1.7, 2.8) 31
[17:41:59.686]: (0.3, 1.7, 2.7) 30
[17:41:59.708]: (0.3, 1.6, 2.2) 14
[17:42:00.498]: (0.3, 1.6, 2.2) 12
[17:42:00.519]: (0.2, 1.4, 2.2) 16
[17:42:00.566]: (-0.1, 1.4, 1.7) 6
[17:42:00.586]: (-0.1, 1.4, 1.7) 6
[17:42:00.609]: (-0.1, 1.4, 1.7) 6
[17:42:00.634]: (-0.1, 1.4, 1.7) 6
[17:42:00.679]: (-0.2, 1.4, 1.9) 7
[17:42:00.698]: (-0.2, 1.4, 1.7) 6
[17:42:00.720]: (-0.2, 1.4, 1.9) 7
[17:42:00.742]: (-0.2, 1.4, 1.9) 7
[17:42:00.809]: (-0.1, 1.4, 1.7) 6
[17:42:00.852]: (-0.1, 1.4, 1.7) 6
[17:42:00.915]: (-0.1, 1.4, 1.7) 6
[17:42:00.947]: (-0.2, 1.4, 1.7) 0
[17:42:00.963]: (-0.3, 1.4, 1.6) 2
[17:42:00.979]: (-0.3, 1.3, 1.5) 2
[17:42:00.996]: (-0.3, 1.4, 1.6) 2
[17:42:01.014]: (-0.3, 1.4, 1.6) 2
[17:42:01.032]: (-0.3, 1.4, 1.6) 2
[17:42:01.049]: (-0.3, 1.4, 1.7) 0
[17:42:01.066]: (-0.3, 1.4, 1.7) 0
[17:42:01.082]: (-0.3, 1.4, 1.7) 0
[17:42:01.100]: (-0.2, 1.4, 1.7) 0
[17:42:01.117]: (-0.2, 1.4, 1.7) 0
[17:42:01.134]: (-0.2, 1.4, 1.7) 0
[17:42:01.150]: (-0.2, 1.4, 1.7) 0
[17:42:01.168]: (-0.2, 1.4, 1.7) 0
[17:42:01.185]: (-0.3, 1.4, 1.6) 2
[17:42:01.202]: (-0.2, 1.4, 1.7) 0
[17:42:01.218]: (-0.2, 1.4, 1.7) 0
[17:42:01.235]: (-0.2, 1.4, 1.7) 0
[17:42:01.253]: (-0.2, 1.4, 1.7) 0
[17:42:01.272]: (-0.2, 1.3, 1.7) 0
[17:42:01.289]: (-0.2, 1.4, 1.7) 0
[17:42:01.308]: (-0.1, 1.4, 1.6) 6
[17:42:01.442]: (0.1, 1.4, 2.2) 16
[17:42:01.486]: (0.2, 1.5, 2.2) 13
[17:42:01.509]: (0.2, 1.5, 2.2) 13
[17:42:01.530]: (0.2, 1.5, 2.2) 13
[17:42:01.553]: (0.2, 1.5, 2.2) 13
[17:42:01.575]: (0.2, 1.5, 2.2) 13
[17:42:01.597]: (0.2, 1.5, 2.2) 13
[17:42:01.619]: (0.2, 1.5, 2.2) 13
[17:42:01.642]: (0.2, 1.5, 2.2) 16
[17:42:01.665]: (0.2, 1.5, 2.2) 16
[17:42:01.687]: (0.2, 1.4, 2.2) 16
[17:42:01.732]: (0.2, 1.5, 2.2) 13
[17:42:01.753]: (0.2, 1.5, 2.2) 16
[17:42:01.770]: (0.2, 1.4, 2.2) 16
[17:42:01.786]: (0.2, 1.4, 2.2) 16
[17:42:01.803]: (0.2, 1.5, 2.2) 13
[17:42:01.868]: (0.2, 1.4, 2.2) 16
[17:42:01.886]: (0.2, 1.4, 2.2) 16
[17:42:01.903]: (0.2, 1.4, 2.2) 16
[17:42:01.920]: (0.2, 1.4, 2.2) 16
[17:42:01.938]: (0.2, 1.4, 2.2) 16
[17:42:01.954]: (0.2, 1.4, 2.2) 16
[17:42:01.971]: (0.2, 1.4, 2.2) 16
[17:42:01.989]: (0.2, 1.4, 2.2) 16
[17:42:02.006]: (0.2, 1.5, 2.2) 13
[17:42:02.023]: (0.2, 1.5, 2.2) 13
[17:42:02.040]: (0.2, 1.5, 2.2) 13
[17:42:02.058]: (0.2, 1.5, 2.2) 13
[17:42:02.074]: (0.2, 1.5, 2.2) 13
[17:42:02.091]: (0.2, 1.5, 2.2) 13
[17:42:02.108]: (0.2, 1.5, 2.2) 16
[17:42:02.125]: (0.2, 1.5, 2.2) 16
[17:42:02.141]: (0.2, 1.5, 2.2) 16
[17:42:02.157]: (0.2, 1.5, 2.2) 16
[17:42:02.176]: (0.2, 1.5, 2.2) 13
[17:42:02.193]: (0.2, 1.5, 2.2) 16
[17:42:02.224]: (0.2, 1.5, 2.2) 13
[17:42:02.286]: (0.2, 1.5, 2.2) 16
[17:42:02.308]: (0.2, 1.5, 2.2) 16
[17:42:02.331]: (0.2, 1.5, 2.2) 16
[17:42:02.352]: (0.2, 1.5, 2.2) 16
[17:42:02.375]: (0.2, 1.5, 2.2) 16
[17:42:02.397]: (0.2, 1.5, 2.2) 16
[17:42:02.418]: (0.2, 1.5, 2.2) 16
[17:42:02.530]: (0.2, 1.5, 2.2) 13
[17:42:02.553]: (0.2, 1.5, 2.2) 13
[17:42:02.574]: (0.2, 1.5, 2.2) 16
[17:42:02.597]: (0.2, 1.5, 2.2) 13
[17:42:02.619]: (0.2, 1.5, 2.2) 13
[17:42:02.642]: (0.2, 1.5, 2.2) 13
[17:42:02.659]: (0.2, 1.5, 2.2) 13
[17:42:02.677]: (0.2, 1.5, 2.2) 13
[17:42:02.695]: (0.2, 1.5, 2.2) 13
[17:42:02.711]: (0.2, 1.5, 2.2) 13
[17:42:02.729]: (0.2, 1.5, 2.2) 13
[17:42:02.747]: (0.2, 1.5, 2.2) 13
[17:42:02.764]: (0.2, 1.5, 2.2) 13
[17:42:02.781]: (0.2, 1.5, 2.2) 13
[17:42:02.797]: (0.2, 1.5, 2.2) 13
[17:42:02.813]: (0.2, 1.5, 2.2) 13
[17:42:02.832]: (0.2, 1.5, 2.2) 13
[17:42:02.850]: (0.2, 1.5, 2.2) 13
[17:42:02.867]: (0.2, 1.5, 2.2) 13
[17:42:02.883]: (0.2, 1.5, 2.2) 13
[17:42:02.901]: (0.2, 1.5, 2.2) 13
[17:42:02.933]: (0.2, 1.5, 2.2) 16
[17:42:02.950]: (0.2, 1.5, 2.2) 16
[17:42:02.967]: (0.2, 1.5, 2.2) 16
[17:42:02.984]: (0.2, 1.5, 2.2) 16
[17:42:03.001]: (0.2, 1.5, 2.2) 16
[17:42:03.017]: (0.2, 1.4, 2.2) 16
[17:42:03.034]: (0.2, 1.4, 2.2) 16
[17:42:03.051]: (0.2, 1.4, 2.2) 16
[17:42:03.131]: (0.2, 1.4, 2.2) 16
[17:42:03.153]: (0.2, 1.5, 2.2) 16
[17:42:03.174]: (0.2, 1.4, 2.2) 16
[17:42:03.658]: (0.1, 1.5, 2.2) 13
[17:42:03.677]: (0.3, 1.5, 2.3) 12
[17:42:03.700]: (0.2, 1.5, 2.2) 13
[17:42:03.718]: (0.2, 1.5, 2.2) 13
[17:42:03.735]: (0.2, 1.5, 2.2) 13
[17:42:03.753]: (0.2, 1.5, 2.2) 13
[17:42:03.772]: (0.3, 1.5, 2.3) 12
[17:42:03.791]: (0.3, 1.5, 2.3) 12
[17:42:03.809]: (0.3, 1.5, 2.3) 12
[17:42:03.826]: (0.3, 1.5, 2.3) 12
[17:42:03.842]: (0.3, 1.5, 2.3) 12
[17:42:03.861]: (0.3, 1.5, 2.3) 12
[17:42:03.879]: (0.3, 1.5, 2.3) 12
[17:42:03.897]: (0.3, 1.5, 2.3) 15
[17:42:03.916]: (0.3, 1.5, 2.3) 15
[17:42:03.933]: (0.3, 1.5, 2.3) 15
[17:42:03.949]: (0.3, 1.5, 2.3) 15
[17:42:03.966]: (0.3, 1.5, 2.3) 15
[17:42:03.983]: (0.3, 1.5, 2.3) 15
[17:42:04.004]: (0.3, 1.5, 2.3) 15
[17:42:04.022]: (0.3, 1.5, 2.3) 15
[17:42:04.041]: (0.3, 1.5, 2.3) 15
[17:42:04.064]: (0.3, 1.5, 2.3) 15
[17:42:04.086]: (0.2, 1.6, 2.2) 13
[17:42:04.742]: (0.0, 1.9, 3.5) 39
[17:42:04.775]: (0.0, 1.9, 3.5) 39
[17:42:04.791]: (0.0, 1.9, 3.5) 39
[17:42:04.807]: (0.0, 1.9, 3.5) 39
[17:42:04.823]: (0.0, 1.9, 3.5) 39
[17:42:04.839]: (0.0, 1.9, 3.5) 39
[17:42:04.908]: (0.0, 1.9, 3.5) 39
[17:42:06.040]: (0.1, 1.5, 2.2) 13
[17:42:06.410]: (-0.7, 1.5, 2.2) 18
[17:42:06.426]: (-0.8, 1.4, 2.0) 27
[17:42:06.459]: (-0.9, 1.5, 2.2) 20
[17:42:06.476]: (-0.9, 1.5, 2.1) 21
[17:42:06.492]: (-0.8, 1.4, 2.0) 27
[17:42:06.509]: (-0.9, 1.5, 2.2) 20
[17:42:06.526]: (-0.9, 1.5, 2.2) 20
[17:42:06.542]: (-0.9, 1.5, 2.1) 21
[17:42:06.557]: (-0.9, 1.5, 2.2) 20
[17:42:06.572]: (-0.9, 1.5, 2.2) 20
[17:42:06.589]: (-0.9, 1.5, 2.2) 20
[17:42:06.605]: (-0.8, 1.5, 2.2) 20
[17:42:06.621]: (-0.8, 1.5, 2.2) 20
[17:42:06.637]: (-0.8, 1.5, 2.2) 20
[17:42:06.652]: (-0.8, 1.5, 2.2) 20
[17:42:06.669]: (-0.8, 1.5, 2.2) 20
[17:42:06.687]: (-0.8, 1.5, 2.2) 20
[17:42:06.706]: (-0.9, 1.5, 2.2) 20
[17:42:06.729]: (-0.9, 1.5, 2.2) 20
[17:42:06.751]: (-0.9, 1.6, 2.3) 19
[17:42:06.772]: (-1.0, 1.7, 2.8) 74
[17:42:06.795]: (-1.0, 1.7, 2.8) 74
[17:42:06.818]: (-1.0, 1.7, 2.9) 68
[17:42:06.906]: (-1.1, 1.7, 2.8) 74
[17:42:06.950]: (-1.0, 1.7, 2.8) 74
[17:42:06.973]: (-1.1, 1.7, 2.9) 68
[17:42:06.995]: (-1.0, 1.8, 2.9) 68
[17:42:07.039]: (-1.0, 1.7, 2.8) 74
[17:42:07.061]: (-1.0, 1.8, 2.9) 69
[17:42:07.084]: (-0.9, 1.8, 3.0) 69
[17:42:07.106]: (-0.9, 1.8, 3.0) 69
[17:42:07.122]: (-0.9, 1.7, 3.0) 69
[17:42:07.186]: (-1.0, 1.7, 3.0) 69
[17:42:07.203]: (-1.0, 1.7, 3.0) 69
[17:42:07.219]: (-1.0, 1.7, 3.0) 69
[17:42:07.238]: (-1.0, 1.8, 2.9) 69
[17:42:07.254]: (-1.0, 1.7, 3.0) 69
[17:42:07.270]: (-1.0, 1.7, 3.0) 69
[17:42:07.286]: (-0.9, 1.8, 3.0) 69
[17:42:07.334]: (0.1, 1.9, 3.5) 35
[17:42:07.350]: (0.4, 1.9, 3.5) 37
[17:42:07.367]: (0.3, 1.6, 2.2) 12
[17:42:08.291]: (0.2, 1.5, 2.2) 13
[17:42:08.308]: (0.2, 1.5, 2.2) 13
[17:42:08.340]: (0.2, 1.5, 2.2) 13
[17:42:08.357]: (0.2, 1.5, 2.2) 13
[17:42:08.374]: (0.2, 1.5, 2.2) 13
[17:42:08.395]: (0.2, 1.5, 2.2) 13
[17:42:08.416]: (0.2, 1.5, 2.2) 13
[17:42:08.440]: (0.2, 1.5, 2.2) 13
[17:42:08.461]: (0.2, 1.5, 2.2) 13
[17:42:08.483]: (0.2, 1.5, 2.2) 13
[17:42:08.507]: (0.2, 1.5, 2.2) 13
[17:42:08.529]: (0.2, 1.5, 2.2) 13
[17:42:08.550]: (0.2, 1.5, 2.2) 13
[17:42:08.572]: (0.2, 1.5, 2.2) 13
[17:42:08.595]: (0.2, 1.5, 2.2) 13
[17:42:08.617]: (0.2, 1.5, 2.2) 13
[17:42:08.638]: (0.2, 1.5, 2.2) 13
[17:42:08.662]: (0.2, 1.5, 2.2) 13
[17:42:08.683]: (0.2, 1.5, 2.2) 13
[17:42:08.705]: (0.2, 1.5, 2.2) 13
[17:42:08.729]: (0.2, 1.5, 2.2) 13
[17:42:08.751]: (0.2, 1.5, 2.2) 13
[17:42:08.773]: (0.2, 1.5, 2.2) 13
[17:42:08.794]: (0.2, 1.5, 2.2) 13
[17:42:08.817]: (0.2, 1.5, 2.2) 13
[17:42:08.840]: (0.2, 1.5, 2.2) 13
[17:42:08.860]: (0.2, 1.5, 2.2) 13
[17:42:08.879]: (0.2, 1.5, 2.2) 13
[17:42:08.895]: (0.2, 1.5, 2.2) 13
[17:42:08.912]: (0.2, 1.5, 2.2) 13
[17:42:08.928]: (0.1, 1.5, 2.2) 13
[17:42:08.945]: (0.1, 1.5, 2.2) 13
[17:42:08.962]: (0.2, 1.5, 2.2) 13
[17:42:08.979]: (0.1, 1.5, 2.2) 13
[17:42:08.998]: (0.1, 1.5, 2.2) 13
[17:42:09.016]: (0.1, 1.5, 2.2) 13
[17:42:09.033]: (0.1, 1.5, 2.2) 13
[17:42:09.050]: (0.1, 1.5, 2.2) 13
[17:42:09.069]: (0.1, 1.5, 2.2) 17
[17:42:09.085]: (0.1, 1.5, 2.2) 17
[17:42:09.101]: (0.1, 1.5, 2.1) 17
[17:42:09.119]: (0.1, 1.5, 2.1) 17
[17:42:09.137]: (0.1, 1.5, 2.1) 17
[17:42:09.155]: (0.1, 1.5, 2.1) 17
[17:42:09.170]: (0.1, 1.5, 2.2) 13
[17:42:09.187]: (0.1, 1.5, 2.2) 17
[17:42:09.203]: (0.1, 1.5, 2.2) 17
[17:42:09.220]: (0.1, 1.5, 2.2) 13
[17:42:09.238]: (0.1, 1.5, 2.2) 13
[17:42:09.255]: (0.1, 1.5, 2.2) 17
[17:42:09.272]: (0.1, 1.5, 2.2) 13
[17:42:09.288]: (0.1, 1.5, 2.2) 13
[17:42:09.305]: (0.1, 1.5, 2.2) 17
[17:42:09.322]: (0.1, 1.5, 2.1) 17
[17:42:09.338]: (0.1, 1.5, 2.1) 17
[17:42:09.361]: (0.1, 1.5, 2.1) 17
[17:42:09.383]: (0.1, 1.5, 2.2) 17
[17:42:09.405]: (0.1, 1.5, 2.1) 17
[17:42:09.428]: (0.1, 1.5, 2.2) 17
[17:42:09.449]: (0.1, 1.5, 2.2) 17
[17:42:09.472]: (0.1, 1.5, 2.2) 17
[17:42:09.494]: (0.1, 1.5, 2.2) 13
[17:42:09.516]: (0.1, 1.5, 2.2) 16
[17:42:09.539]: (0.1, 1.5, 2.2) 13
[17:42:09.561]: (0.1, 1.5, 2.2) 13
[17:42:09.583]: (0.1, 1.6, 2.1) 17
[17:42:09.604]: (0.2, 1.6, 2.1) 17
[17:42:09.629]: (0.2, 1.6, 2.2) 17
[17:42:09.649]: (0.2, 1.6, 2.1) 17
[17:42:09.672]: (0.3, 1.8, 3.5) 37
[17:42:09.694]: (0.2, 1.7, 2.7) 32
[17:42:09.715]: (0.3, 1.7, 2.7) 32
[17:42:09.738]: (0.1, 1.6, 2.1) 17
[17:42:09.761]: (0.1, 1.6, 2.1) 17
[17:42:09.782]: (0.1, 1.6, 2.1) 17
[17:42:09.805]: (0.2, 1.7, 2.7) 32
[17:42:09.824]: (0.3, 1.6, 2.3) 14
[17:42:09.839]: (0.6, 1.7, 2.7) 28
[17:42:10.538]: (-0.3, 1.4, 1.8) 1
[17:42:10.649]: (-0.4, 1.4, 1.9) 9
[17:42:10.666]: (-0.4, 1.4, 1.8) 3
[17:42:10.683]: (-0.4, 1.4, 1.8) 3
[17:42:10.764]: (-0.4, 1.5, 1.9) 9
[17:42:10.797]: (-0.4, 1.4, 1.9) 9
[17:42:10.878]: (-0.6, 1.4, 2.1) 23
[17:42:10.911]: (-0.8, 1.4, 2.0) 27
[17:42:10.929]: (-0.8, 1.5, 2.2) 20
[17:42:10.977]: (-0.8, 1.4, 2.0) 27
[17:42:11.012]: (-0.8, 1.4, 2.2) 20
[17:42:11.028]: (-0.8, 1.5, 2.2) 20
[17:42:11.044]: (-0.8, 1.4, 2.2) 20
[17:42:11.061]: (-0.8, 1.5, 2.2) 20
[17:42:11.082]: (-0.8, 1.4, 2.2) 20
[17:42:11.104]: (-0.8, 1.5, 2.2) 20
[17:42:11.126]: (-0.8, 1.5, 2.2) 20
[17:42:11.170]: (-0.8, 1.4, 2.2) 20
[17:42:11.260]: (-0.8, 1.5, 2.2) 20
[17:42:11.282]: (-0.9, 1.5, 2.2) 20
[17:42:11.305]: (-0.7, 1.5, 2.2) 18
[17:42:12.415]: (0.2, 1.5, 2.2) 13
[17:42:12.433]: (0.2, 1.5, 2.2) 13
[17:42:12.448]: (0.2, 1.5, 2.2) 13
[17:42:12.465]: (0.2, 1.5, 2.2) 13
[17:42:12.482]: (0.2, 1.5, 2.2) 13
[17:42:12.499]: (0.2, 1.5, 2.2) 13
[17:42:12.515]: (0.1, 1.5, 2.2) 13
[17:42:12.532]: (0.1, 1.5, 2.2) 13
[17:42:12.549]: (0.2, 1.5, 2.2) 13
[17:42:12.566]: (0.1, 1.5, 2.2) 16
[17:42:12.582]: (0.1, 1.5, 2.2) 13
[17:42:12.600]: (0.1, 1.5, 2.2) 16
[17:42:12.616]: (0.1, 1.5, 2.2) 16
[17:42:12.633]: (0.1, 1.5, 2.2) 16
[17:42:12.650]: (0.1, 1.5, 2.2) 16
[17:42:12.668]: (0.1, 1.5, 2.2) 16
[17:42:12.685]: (0.1, 1.4, 2.2) 16
[17:42:12.703]: (0.1, 1.4, 2.2) 16
[17:42:12.719]: (0.1, 1.4, 2.2) 16
[17:42:12.737]: (0.2, 1.4, 2.2) 16
[17:42:12.755]: (0.2, 1.4, 2.2) 16
[17:42:12.772]: (0.1, 1.5, 2.2) 16
[17:42:12.791]: (0.2, 1.4, 2.2) 16
[17:42:12.917]: (0.3, 1.4, 2.3) 15
[17:42:12.958]: (0.3, 1.5, 2.3) 15
[17:42:12.982]: (0.3, 1.5, 2.3) 15
[17:42:13.049]: (0.3, 1.5, 2.3) 15
[17:42:13.070]: (0.3, 1.5, 2.3) 15
[17:42:13.092]: (0.1, 1.5, 2.2) 13
[17:42:13.482]: (0.3, 1.5, 2.3) 12
[17:42:14.373]: (0.3, 1.5, 2.3) 15
[17:42:14.390]: (0.1, 1.4, 2.2) 16
[17:42:14.406]: (0.1, 1.4, 2.2) 16
[17:42:14.423]: (0.1, 1.5, 2.2) 16
[17:42:14.441]: (0.1, 1.5, 2.2) 16
[17:42:14.458]: (0.1, 1.4, 2.2) 16
[17:42:14.474]: (0.1, 1.4, 2.2) 16
[17:42:14.492]: (0.1, 1.4, 2.2) 16
[17:42:14.507]: (0.1, 1.4, 2.2) 16
[17:42:14.524]: (0.1, 1.4, 2.2) 16
[17:42:14.540]: (0.1, 1.4, 2.2) 16
[17:42:14.556]: (0.1, 1.4, 2.2) 16
[17:42:14.572]: (0.1, 1.4, 2.2) 16
[17:42:14.588]: (0.1, 1.4, 2.2) 16
[17:42:14.604]: (0.1, 1.4, 2.2) 16
[17:42:14.620]: (0.1, 1.4, 2.2) 16
[17:42:14.636]: (0.1, 1.4, 2.2) 16
[17:42:14.652]: (0.1, 1.4, 2.2) 16
[17:42:14.670]: (0.1, 1.4, 2.2) 16
[17:42:14.691]: (0.1, 1.4, 2.2) 16
[17:42:14.713]: (0.1, 1.4, 2.2) 16
[17:42:14.737]: (0.1, 1.4, 2.2) 16
[17:42:14.758]: (0.1, 1.4, 2.2) 16
[17:42:14.781]: (0.1, 1.4, 2.2) 16
[17:42:14.803]: (0.1, 1.4, 2.2) 16
[17:42:14.825]: (0.1, 1.4, 2.2) 16
[17:42:14.847]: (0.1, 1.4, 2.2) 16
[17:42:14.869]: (0.1, 1.4, 2.2) 16
[17:42:14.893]: (0.1, 1.4, 2.2) 16
[17:42:14.914]: (0.1, 1.4, 2.2) 16
[17:42:14.958]: (0.1, 1.4, 2.2) 16
[17:42:14.981]: (0.1, 1.5, 2.2) 16
[17:42:15.003]: (0.1, 1.4, 2.2) 16
[17:42:15.024]: (0.1, 1.4, 2.2) 16
[17:42:15.048]: (0.1, 1.5, 2.2) 16
[17:42:15.068]: (0.1, 1.5, 2.2) 16
[17:42:15.091]: (0.1, 1.5, 2.2) 16
[17:42:15.108]: (0.1, 1.5, 2.2) 16
[17:42:15.126]: (0.1, 1.5, 2.2) 16
[17:42:15.143]: (0.1, 1.5, 2.2) 16
[17:42:15.160]: (0.1, 1.5, 2.2) 16
[17:42:15.176]: (0.1, 1.5, 2.2) 16
[17:42:15.193]: (0.1, 1.4, 2.2) 16
[17:42:15.211]: (0.1, 1.4, 2.2) 16
[17:42:18.795]: (1.4, 1.7, 2.9) 44
[17:42:19.283]: (0.1, 1.4, 2.2) 16
[17:42:19.301]: (0.1, 1.4, 2.2) 16
[17:42:19.325]: (0.1, 1.4, 2.2) 16
[17:42:19.347]: (0.1, 1.4, 2.2) 16
[17:42:19.369]: (0.1, 1.5, 2.2) 16
[17:42:19.391]: (0.1, 1.4, 2.2) 16
[17:42:19.413]: (0.2, 1.5, 2.2) 16
[17:42:19.435]: (0.1, 1.4, 2.2) 16
[17:42:19.457]: (0.2, 1.5, 2.2) 13
[17:42:19.483]: (0.1, 1.5, 2.2) 13
[17:42:19.505]: (0.1, 1.5, 2.2) 13
[17:42:19.525]: (0.2, 1.5, 2.2) 13
[17:42:19.549]: (0.1, 1.5, 2.2) 13
[17:42:19.567]: (0.1, 1.5, 2.2) 13
[17:42:19.585]: (0.2, 1.5, 2.2) 13
[17:42:19.603]: (0.2, 1.5, 2.2) 13
[17:42:19.621]: (0.2, 1.5, 2.2) 13
[17:42:19.639]: (0.2, 1.5, 2.2) 13
[17:42:19.656]: (0.2, 1.5, 2.2) 13
[17:42:19.674]: (0.2, 1.6, 2.1) 17
[17:42:19.692]: (0.3, 1.6, 2.7) 32
[17:42:19.710]: (0.2, 1.6, 2.2) 17
[17:42:19.751]: (0.3, 1.5, 2.3) 12
[17:42:19.774]: (0.2, 1.6, 2.3) 12
[17:42:19.799]: (0.3, 1.6, 2.3) 12
[17:42:19.820]: (0.3, 1.6, 2.3) 14
[17:42:19.839]: (0.3, 1.7, 2.6) 30
[17:42:19.857]: (0.3, 1.7, 2.6) 30
[17:42:19.875]: (0.3, 1.6, 2.3) 14
[17:42:19.893]: (0.3, 1.6, 2.6) 30
[17:42:19.910]: (0.3, 1.6, 2.3) 12
[17:42:19.928]: (0.3, 1.6, 2.7) 30
[17:42:19.951]: (0.3, 1.7, 2.6) 30
[17:42:19.970]: (0.3, 1.7, 2.7) 30
[17:42:20.101]: (0.3, 1.7, 2.7) 30
[17:42:20.125]: (0.3, 1.7, 2.6) 30
[17:42:20.147]: (0.3, 1.6, 2.3) 14
[17:42:20.169]: (0.3, 1.6, 2.3) 14
[17:42:20.191]: (0.3, 1.6, 2.3) 12
[17:42:20.213]: (0.3, 1.6, 2.3) 14
[17:42:20.236]: (0.3, 1.6, 2.3) 14
[17:42:20.257]: (0.3, 1.6, 2.3) 14
[17:42:20.280]: (0.3, 1.6, 2.3) 14
[17:42:20.301]: (0.3, 1.6, 2.3) 14
[17:42:20.323]: (0.3, 1.6, 2.3) 14
[17:42:20.348]: (0.3, 1.6, 2.3) 14
[17:42:20.369]: (0.3, 1.6, 2.3) 14
[17:42:20.391]: (0.3, 1.6, 2.3) 12
[17:42:20.413]: (0.3, 1.6, 2.3) 12
[17:42:20.436]: (0.3, 1.6, 2.3) 12
[17:42:20.463]: (0.2, 1.6, 2.1) 17
[17:42:20.485]: (0.2, 1.6, 2.1) 17
[17:42:20.506]: (0.2, 1.6, 2.1) 17
[17:42:20.594]: (0.2, 1.6, 1.9) 7
[17:42:20.616]: (0.2, 1.6, 1.7) 1
[17:42:20.645]: (0.2, 1.6, 1.7) 1
[17:42:20.667]: (0.2, 1.5, 1.5) 2
[17:42:20.687]: (0.2, 1.5, 1.5) 2
[17:42:20.708]: (0.3, 1.6, 1.5) 2
[17:42:20.729]: (0.3, 1.6, 1.6) 0
[17:42:20.753]: (0.4, 1.6, 1.6) 6
[17:42:20.774]: (0.4, 1.6, 1.6) 6
[17:42:20.796]: (0.4, 1.6, 1.6) 6
[17:42:20.817]: (0.4, 1.6, 1.5) 6
[17:42:20.881]: (0.9, 1.8, 1.9) 13
[17:42:20.903]: (0.9, 1.9, 1.9) 13
[17:42:20.923]: (0.9, 1.8, 1.9) 16
[17:42:21.096]: (1.0, 1.9, 1.7) 17
[17:42:21.119]: (1.0, 1.9, 1.7) 17
[17:42:21.161]: (1.2, 1.9, 1.7) 12
[17:42:21.191]: (1.2, 1.9, 1.7) 14
[17:42:21.223]: (1.3, 1.9, 1.7) 14
[17:42:21.257]: (1.3, 1.9, 1.7) 14
[17:42:21.290]: (1.2, 1.9, 1.7) 14
[17:42:21.323]: (1.2, 1.9, 1.7) 14
[17:42:21.358]: (1.2, 1.9, 1.7) 12
[17:42:21.391]: (1.2, 1.9, 1.7) 12
[17:42:21.690]: (1.4, 1.8, 1.6) 15
[17:42:21.722]: (1.3, 1.9, 1.6) 15
[17:42:21.756]: (1.3, 1.9, 1.6) 12
[17:42:21.789]: (1.3, 1.9, 1.6) 12
[17:42:21.824]: (1.2, 1.9, 1.6) 12
[17:42:21.849]: (1.2, 1.9, 1.6) 12
[17:42:21.871]: (1.2, 1.9, 1.6) 12
[17:42:21.894]: (1.2, 1.9, 1.6) 12
[17:42:21.916]: (1.2, 1.9, 1.6) 12
[17:42:21.937]: (1.2, 1.9, 1.7) 12
[17:42:21.957]: (1.2, 1.9, 1.7) 12
[17:42:21.978]: (1.2, 1.9, 1.7) 12
[17:42:22.005]: (1.2, 1.8, 1.7) 12
[17:42:22.050]: (1.1, 1.8, 1.7) 13
[17:42:22.069]: (1.1, 1.8, 1.6) 13
[17:42:22.089]: (1.1, 1.9, 1.6) 13
[17:42:22.111]: (1.1, 1.9, 1.6) 13
[17:42:22.134]: (1.1, 1.8, 1.6) 13
[17:42:22.156]: (1.0, 1.9, 1.7) 13
[17:42:22.178]: (1.0, 1.8, 1.7) 13
[17:42:22.245]: (0.3, 2.1, 2.0) 18
[17:42:22.266]: (0.3, 2.1, 2.0) 18
[17:42:22.288]: (0.3, 2.0, 2.0) 18
[17:42:22.312]: (0.2, 2.1, 2.0) 18
[17:42:22.333]: (0.3, 2.0, 2.0) 18
[17:42:22.400]: (0.2, 2.2, 2.2) 19
[17:42:22.421]: (0.2, 2.2, 2.2) 19
[17:42:22.445]: (0.2, 2.2, 2.2) 19
[17:42:22.467]: (0.2, 2.1, 2.1) 20
[17:42:22.489]: (0.0, 2.1, 2.0) 25
[17:42:22.511]: (0.0, 2.1, 2.0) 25
[17:42:22.533]: (0.0, 2.1, 2.0) 25
[17:42:22.556]: (0.0, 2.1, 2.0) 25
[17:42:22.600]: (0.1, 2.1, 2.1) 21
[17:42:22.623]: (0.1, 2.1, 2.0) 21
[17:42:22.645]: (0.1, 2.1, 2.0) 21
[17:42:23.123]: (0.3, 2.5, 2.9) 70
[17:42:23.141]: (0.3, 2.5, 2.9) 70
[17:42:23.157]: (0.3, 2.5, 2.9) 70
[17:42:23.173]: (0.3, 2.4, 2.9) 70
[17:42:23.191]: (0.3, 2.4, 2.9) 70
[17:42:23.208]: (0.3, 2.4, 2.9) 70
[17:42:23.223]: (0.3, 2.4, 2.9) 70
[17:42:23.239]: (0.3, 2.4, 2.9) 70
[17:42:23.256]: (0.3, 2.4, 2.9) 70
[17:42:23.271]: (0.3, 2.4, 2.9) 70
[17:42:23.288]: (0.3, 2.4, 2.9) 70
[17:42:23.304]: (0.3, 2.4, 2.9) 70
[17:42:23.322]: (0.3, 2.4, 2.9) 70
[17:42:23.338]: (0.3, 2.4, 2.9) 70
[17:42:23.355]: (0.2, 2.2, 2.2) 19
[17:42:23.374]: (0.3, 2.4, 2.9) 70
[17:42:23.391]: (0.3, 2.5, 2.9) 70
[17:42:23.408]: (0.3, 2.4, 2.9) 70
[17:42:23.424]: (0.3, 2.4, 2.9) 70
[17:42:23.440]: (0.3, 2.4, 2.9) 70
[17:42:23.458]: (0.3, 2.4, 2.9) 70
[17:42:23.475]: (0.2, 2.2, 2.2) 19
[17:42:23.491]: (0.2, 2.2, 2.2) 19
[17:42:23.508]: (0.2, 2.2, 2.2) 19
[17:42:23.525]: (0.2, 2.2, 2.2) 19
[17:42:23.542]: (0.2, 2.2, 2.2) 19
[17:42:23.560]: (0.2, 2.2, 2.2) 19
[17:42:23.578]: (0.2, 2.2, 2.2) 19
[17:42:23.600]: (0.2, 2.2, 2.2) 19
[17:42:23.622]: (0.2, 2.2, 2.2) 19
[17:42:23.644]: (0.2, 2.2, 2.2) 19
[17:42:23.666]: (0.3, 2.4, 2.9) 70
[17:42:23.689]: (0.3, 2.5, 2.9) 70
[17:42:23.710]: (0.1, 2.1, 2.1) 20
[17:42:23.734]: (0.1, 2.1, 2.1) 20
[17:42:23.756]: (0.2, 2.1, 2.1) 20
[17:42:23.777]: (0.1, 2.1, 2.1) 20
[17:42:23.800]: (0.1, 2.1, 2.1) 20
[17:42:23.823]: (0.1, 2.2, 2.2) 19
[17:42:23.844]: (0.1, 2.1, 2.1) 20
[17:42:23.866]: (0.1, 2.1, 2.2) 19
[17:42:23.890]: (0.1, 2.2, 2.2) 19
[17:42:23.910]: (0.1, 2.2, 2.2) 19
[17:42:23.933]: (0.1, 2.2, 2.2) 19
[17:42:23.955]: (0.1, 2.2, 2.2) 19
[17:42:23.977]: (0.1, 2.1, 2.2) 19
[17:42:23.994]: (0.1, 2.2, 2.2) 19
[17:42:24.012]: (0.1, 2.1, 2.2) 19
[17:42:24.031]: (0.1, 2.1, 2.2) 19
[17:42:24.053]: (0.1, 2.1, 2.2) 19
[17:42:24.097]: (0.2, 2.4, 3.0) 70
[17:42:24.119]: (0.1, 2.2, 2.2) 19
[17:42:24.141]: (0.1, 2.1, 2.2) 19
[17:42:24.161]: (0.1, 2.1, 2.1) 20
[17:42:24.183]: (0.1, 2.1, 2.1) 20
[17:42:24.205]: (0.1, 2.1, 2.1) 20
[17:42:24.227]: (0.1, 2.1, 2.1) 20
[17:42:24.272]: (0.2, 2.0, 1.9) 23
[17:42:24.584]: (1.2, 2.4, 2.9) 40
[17:42:24.721]: (1.2, 2.4, 2.9) 40
[17:42:24.756]: (1.1, 2.4, 2.9) 40
[17:42:24.789]: (1.1, 2.5, 2.9) 40
[17:42:25.622]: (1.0, 2.2, 2.2) 29
[17:42:25.956]: (-0.1, 1.9, 2.1) 23
[17:42:26.000]: (-0.4, 1.8, 2.1) 27
[17:42:26.022]: (-0.4, 1.8, 2.1) 27
[17:42:26.045]: (-0.4, 1.8, 2.1) 27
[17:42:26.067]: (-0.4, 1.8, 2.1) 27
[17:42:26.089]: (-0.4, 1.8, 2.1) 27
[17:42:26.113]: (-0.4, 1.8, 2.1) 27
[17:42:26.137]: (-0.4, 1.8, 2.1) 27
[17:42:26.157]: (-0.4, 1.8, 2.1) 27
[17:42:26.180]: (-0.4, 1.8, 2.1) 27
[17:42:26.201]: (-0.4, 1.8, 2.1) 27
[17:42:26.246]: (-0.4, 1.8, 2.1) 27
[17:42:26.268]: (-0.4, 1.8, 2.1) 27
[17:42:26.335]: (-0.4, 2.3, 3.0) 70
[17:42:26.379]: (-0.3, 2.3, 3.0) 70
[17:42:26.402]: (-0.3, 2.3, 3.0) 70
[17:42:26.424]: (-0.3, 2.3, 3.0) 70
[17:42:26.446]: (-0.3, 2.3, 3.0) 70
[17:42:26.534]: (-0.2, 2.0, 2.1) 22
[17:42:26.579]: (-0.3, 2.1, 2.3) 19
[17:42:26.618]: (-0.3, 2.3, 3.0) 70
[17:42:26.655]: (-0.3, 2.3, 3.0) 70
[17:42:26.672]: (-0.3, 2.3, 3.0) 70
[17:42:26.689]: (-0.3, 2.4, 3.0) 70
[17:42:26.706]: (-0.3, 2.3, 3.0) 70
[17:42:26.753]: (-0.3, 2.4, 3.0) 70
[17:42:26.862]: (-0.3, 2.4, 3.0) 70
[17:42:26.879]: (-0.3, 2.4, 3.0) 70
[17:42:26.896]: (-0.3, 2.4, 3.0) 70
[17:42:26.912]: (-0.3, 2.4, 3.0) 66
[17:42:26.928]: (-0.3, 2.4, 2.8) 74
[17:42:26.944]: (-0.3, 2.4, 2.8) 74
[17:42:26.960]: (-0.3, 2.4, 3.0) 70
[17:42:26.976]: (-0.3, 2.4, 2.8) 74
[17:42:26.993]: (-0.3, 2.4, 2.8) 68
[17:42:27.010]: (-0.3, 2.4, 2.8) 68
[17:42:27.026]: (-0.3, 2.4, 2.8) 68
[17:42:27.043]: (-0.3, 2.4, 2.8) 74
[17:42:27.187]: (-0.4, 2.4, 2.7) 74
[17:42:27.209]: (-0.4, 2.6, 3.0) 65
[17:42:27.254]: (-0.5, 2.6, 3.0) 65
[17:42:27.277]: (-0.5, 2.5, 3.0) 65
[17:42:27.386]: (-0.4, 2.4, 3.0) 70
[17:42:27.411]: (-0.3, 2.4, 3.0) 70
[17:42:27.432]: (-0.3, 2.4, 3.0) 70
[17:42:27.453]: (-0.3, 2.4, 3.0) 70
[17:42:27.475]: (-0.3, 2.4, 3.0) 70
[17:42:27.498]: (-0.3, 2.4, 2.8) 74
[17:42:27.514]: (-0.3, 2.4, 3.0) 70
[17:42:27.530]: (-0.3, 2.4, 3.0) 66
[17:42:27.548]: (-0.3, 2.4, 2.8) 74
[17:42:27.564]: (-0.3, 2.4, 3.0) 70
[17:42:27.581]: (-0.3, 2.4, 3.0) 70
[17:42:27.598]: (-0.3, 2.4, 3.0) 70
[17:42:27.614]: (-0.3, 2.4, 3.0) 70
[17:42:27.630]: (-0.3, 2.4, 3.0) 70
[17:42:27.648]: (-0.3, 2.4, 3.0) 66
[17:42:27.664]: (-0.3, 2.4, 2.8) 74
[17:42:27.683]: (-0.3, 2.4, 2.8) 74
[17:42:27.699]: (-0.4, 2.4, 2.8) 74
[17:42:27.716]: (-0.4, 2.4, 2.8) 74
[17:42:27.762]: (-0.4, 2.4, 3.0) 70
[17:42:27.810]: (-0.4, 2.4, 3.0) 70
[17:42:27.825]: (-0.4, 2.4, 3.0) 70
[17:42:27.841]: (-0.4, 2.4, 3.0) 70
[17:42:27.857]: (-0.4, 2.4, 2.8) 74
[17:42:27.873]: (-0.4, 2.4, 2.8) 74
[17:42:27.955]: (-0.3, 2.3, 3.0) 70
[17:42:27.976]: (-0.3, 2.3, 3.0) 70
[17:42:28.021]: (-0.3, 2.4, 3.0) 70
[17:42:28.041]: (-0.3, 2.3, 3.0) 70
[17:42:28.110]: (0.5, 1.9, 1.9) 17
[17:42:28.356]: (0.8, 1.9, 1.9) 14
[17:42:28.374]: (0.8, 1.9, 1.9) 14
[17:42:28.390]: (0.8, 1.9, 1.9) 14
[17:42:28.406]: (0.7, 1.9, 1.9) 14
[17:42:28.423]: (0.7, 1.9, 1.9) 14
[17:42:28.439]: (0.8, 1.9, 1.9) 14
[17:42:28.456]: (0.8, 1.9, 1.9) 14
[17:42:28.473]: (0.7, 1.9, 1.9) 14
[17:42:28.490]: (0.7, 1.9, 1.9) 12
[17:42:28.506]: (0.7, 1.9, 2.0) 12
[17:42:28.521]: (0.7, 1.9, 1.9) 14
[17:42:28.628]: (0.7, 1.9, 1.9) 14
[17:42:28.720]: (0.7, 1.9, 1.9) 14
[17:42:28.737]: (0.7, 2.0, 1.9) 14
[17:42:28.755]: (0.7, 2.0, 1.9) 14
[17:42:28.771]: (0.7, 2.0, 1.9) 14
[17:42:28.788]: (0.7, 2.0, 1.9) 14
[17:42:28.805]: (0.7, 2.0, 1.9) 14
[17:42:28.821]: (0.7, 2.0, 1.9) 14
[17:42:28.837]: (0.7, 2.0, 1.9) 14
[17:42:28.854]: (0.9, 2.1, 2.3) 32
[17:42:28.875]: (0.9, 2.1, 2.3) 32
[17:42:28.896]: (0.9, 2.1, 2.3) 32
[17:42:28.919]: (0.9, 2.1, 2.3) 32
[17:42:28.941]: (0.9, 2.1, 2.3) 32
[17:42:28.963]: (0.9, 2.1, 2.3) 32
[17:42:28.986]: (0.9, 2.1, 2.3) 32
[17:42:29.008]: (0.9, 2.1, 2.3) 32
[17:42:29.141]: (0.7, 1.9, 1.9) 13
[17:42:29.164]: (0.7, 1.9, 1.9) 13
[17:42:29.543]: (0.8, 1.9, 1.9) 14
[17:42:30.819]: (1.0, 2.0, 2.1) 33
[17:42:30.908]: (1.0, 2.0, 2.1) 33
[17:42:30.951]: (1.0, 2.0, 2.1) 33
[17:42:30.974]: (0.8, 1.9, 1.9) 14
[17:42:30.996]: (0.8, 1.9, 1.9) 14
[17:42:31.018]: (0.8, 1.9, 1.9) 14
[17:42:31.041]: (0.8, 1.9, 1.9) 12
[17:42:31.062]: (0.8, 1.9, 1.9) 12
[17:42:31.084]: (0.8, 1.9, 1.9) 12
[17:42:31.102]: (0.8, 1.9, 1.9) 12
[17:42:31.119]: (0.8, 1.9, 1.9) 12
[17:42:31.137]: (0.8, 1.9, 1.9) 12
[17:42:31.158]: (0.8, 1.9, 1.9) 12
[17:42:31.172]: (0.8, 1.9, 1.9) 12
[17:42:31.190]: (0.8, 1.9, 1.9) 12
[17:42:31.208]: (0.8, 1.9, 1.9) 14
[17:42:31.226]: (0.8, 1.9, 1.9) 14
[17:42:31.242]: (0.8, 1.9, 1.9) 14
[17:42:31.259]: (0.8, 1.9, 1.9) 14
[17:42:31.276]: (0.8, 1.9, 1.9) 14
[17:42:35.329]: (0.6, 1.9, 1.8) 17
[17:42:35.351]: (0.6, 1.9, 1.9) 13
[17:42:35.373]: (0.6, 1.9, 1.9) 17
[17:42:35.397]: (0.6, 1.9, 1.9) 13
[17:42:35.418]: (0.6, 1.9, 1.9) 13
[17:42:35.439]: (0.6, 1.9, 1.9) 13
[17:42:35.464]: (0.6, 1.8, 1.9) 13
[17:42:35.483]: (0.6, 1.9, 1.9) 17
[17:42:35.506]: (0.6, 1.9, 1.9) 13
[17:42:35.524]: (0.6, 1.9, 1.9) 13
[17:42:35.541]: (0.6, 1.9, 1.9) 13
[17:42:35.559]: (0.7, 1.9, 1.9) 13
[17:42:35.578]: (0.6, 1.9, 1.9) 13
[17:42:35.596]: (0.6, 1.9, 1.9) 13
[17:42:35.614]: (0.6, 1.9, 1.9) 13
[17:42:35.631]: (0.6, 1.9, 1.9) 13
[17:42:35.649]: (0.6, 1.9, 1.9) 13
[17:42:35.667]: (0.6, 1.9, 1.9) 13
[17:42:35.685]: (0.6, 1.9, 1.9) 13
[17:42:35.703]: (0.6, 1.8, 1.9) 13
[17:42:35.723]: (0.6, 1.9, 1.9) 13
[17:42:35.740]: (0.6, 1.8, 1.9) 13
[17:42:35.773]: (0.6, 1.8, 2.0) 16
[17:42:35.895]: (0.6, 1.8, 2.0) 16
[17:42:35.912]: (0.6, 1.8, 1.9) 16
[17:42:35.929]: (0.6, 1.8, 2.0) 16
[17:42:35.947]: (0.6, 1.8, 1.9) 16
[17:42:35.967]: (0.6, 1.8, 1.9) 16
[17:42:35.985]: (0.6, 1.8, 1.9) 16
[17:42:36.004]: (0.6, 1.8, 1.9) 16
[17:42:36.021]: (0.6, 1.8, 1.9) 16
[17:42:36.063]: (0.6, 1.8, 1.9) 13
[17:42:36.085]: (0.6, 1.8, 1.9) 13
[17:42:36.107]: (0.6, 1.8, 1.9) 13
[17:42:36.128]: (0.6, 1.8, 1.9) 16
[17:42:36.151]: (0.6, 1.8, 2.0) 16
[17:42:36.173]: (0.6, 1.8, 1.9) 13
[17:42:36.194]: (0.8, 1.8, 2.0) 12
[17:42:37.238]: (0.8, 1.9, 1.9) 12
[17:42:37.261]: (0.8, 1.9, 1.9) 12
[17:42:37.283]: (0.8, 1.9, 1.9) 12
[17:42:37.306]: (0.8, 1.9, 1.9) 12
[17:42:37.326]: (0.8, 1.9, 1.9) 12
[17:42:37.342]: (0.8, 1.9, 1.9) 12
[17:42:37.362]: (0.8, 1.9, 1.9) 12
[17:42:37.380]: (0.8, 1.9, 1.9) 12
[17:42:37.397]: (0.8, 1.9, 1.9) 12
[17:42:37.414]: (0.8, 1.9, 1.9) 12
[17:42:37.430]: (0.8, 1.9, 1.9) 14
[17:42:37.448]: (0.8, 1.9, 1.9) 12
[17:42:37.466]: (0.8, 1.9, 1.9) 12
[17:42:37.483]: (0.8, 1.9, 1.9) 12
[17:42:37.500]: (0.8, 1.9, 1.9) 12
[17:42:37.517]: (0.8, 1.8, 1.9) 12
[17:42:37.533]: (0.8, 1.8, 1.9) 12
[17:42:37.549]: (0.8, 1.8, 1.9) 12
[17:42:37.567]: (0.8, 1.8, 1.9) 12
[17:42:37.583]: (0.8, 1.8, 1.9) 12
[17:42:37.600]: (0.8, 1.8, 1.9) 12
[17:42:37.617]: (0.8, 1.8, 1.9) 12
[17:42:37.634]: (0.8, 1.9, 1.9) 12
[17:42:37.650]: (0.8, 1.9, 1.9) 12
[17:42:37.666]: (0.8, 1.9, 1.9) 12
[17:42:37.684]: (0.8, 1.9, 1.9) 12
[17:42:37.701]: (0.8, 1.9, 1.9) 12
[17:42:37.749]: (0.7, 1.9, 1.9) 13
[17:42:37.766]: (0.7, 1.9, 1.9) 13
[17:42:37.804]: (0.7, 1.9, 1.9) 13
[17:42:37.829]: (0.7, 1.9, 1.9) 13
[17:42:37.850]: (0.7, 1.9, 1.9) 13
[17:42:37.872]: (0.7, 1.9, 1.9) 13
[17:42:37.893]: (0.7, 1.9, 1.9) 13
[17:42:37.916]: (0.7, 1.9, 1.9) 13
[17:42:37.937]: (0.7, 1.9, 1.9) 13
[17:42:37.960]: (0.7, 1.9, 1.9) 13
[17:42:37.984]: (0.7, 1.9, 1.9) 13
[17:42:38.004]: (0.7, 1.9, 1.9) 13
[17:42:38.027]: (0.7, 1.9, 1.9) 13
[17:42:38.049]: (0.7, 1.9, 1.9) 13
[17:42:38.071]: (0.6, 1.9, 1.9) 13
[17:42:38.093]: (0.6, 1.9, 1.9) 13
[17:42:38.115]: (0.6, 1.9, 1.9) 13
[17:42:38.138]: (0.6, 1.9, 1.9) 13
[17:42:38.161]: (0.6, 1.9, 1.9) 13
[17:42:38.182]: (0.6, 1.8, 1.9) 13
[17:42:38.204]: (0.6, 1.8, 1.9) 13
[17:42:38.226]: (0.6, 1.9, 1.9) 13
[17:42:38.245]: (0.6, 1.8, 1.9) 13
[17:42:38.263]: (0.6, 1.8, 1.9) 13
[17:42:38.281]: (0.6, 1.8, 1.9) 13
[17:42:38.299]: (0.6, 1.8, 1.9) 13
[17:42:38.315]: (0.6, 1.8, 1.9) 13
[17:42:38.331]: (0.6, 1.8, 1.9) 13
[17:42:38.348]: (0.6, 1.8, 1.9) 13
[17:42:38.367]: (0.6, 1.8, 1.9) 13
[17:42:38.383]: (0.6, 1.8, 1.9) 13
[17:42:38.398]: (0.6, 1.8, 1.9) 13
[17:42:38.415]: (0.6, 1.8, 1.9) 13
[17:42:38.430]: (0.6, 1.8, 1.9) 13
[17:42:38.446]: (0.6, 1.8, 1.9) 13
[17:42:38.462]: (0.6, 1.8, 1.9) 13
[17:42:38.480]: (0.6, 1.8, 1.9) 13
[17:42:38.497]: (0.6, 1.8, 1.9) 13
[17:42:38.513]: (0.6, 1.8, 1.9) 13
[17:42:38.530]: (0.6, 1.8, 1.9) 13
[17:42:38.548]: (0.6, 1.8, 1.9) 13
[17:42:38.565]: (0.6, 1.8, 1.9) 13
[17:42:38.582]: (0.6, 1.8, 1.9) 13
[17:42:38.599]: (0.6, 1.8, 1.9) 13
[17:42:38.616]: (0.6, 1.8, 1.9) 13
[17:42:38.634]: (0.6, 1.8, 1.9) 13
[17:42:38.650]: (0.6, 1.8, 1.9) 13
[17:42:38.668]: (0.6, 1.8, 1.9) 13
[17:42:38.685]: (0.6, 1.8, 1.9) 13
[17:42:38.702]: (0.6, 1.8, 1.9) 13
[17:42:38.718]: (0.6, 1.8, 1.9) 13
[17:42:38.737]: (0.6, 1.8, 1.9) 13
[17:42:38.759]: (0.8, 1.8, 2.0) 15
[17:42:39.970]: (2.1, 2.0, 2.0) 45
[17:42:40.032]: (1.9, 2.0, 1.8) 53
[17:42:40.048]: (2.0, 2.0, 1.9) 46
[17:42:40.079]: (1.9, 2.0, 1.9) 46
[17:42:40.095]: (1.9, 2.0, 1.9) 46
[17:42:40.112]: (1.9, 2.0, 1.9) 46
[17:42:40.129]: (1.9, 2.0, 1.9) 46
[17:42:40.144]: (1.9, 2.0, 1.8) 53
[17:42:40.160]: (1.9, 2.0, 1.8) 46
[17:42:40.175]: (1.9, 2.0, 1.8) 46
[17:42:40.192]: (1.9, 2.0, 1.8) 46
[17:42:40.208]: (1.9, 2.0, 1.8) 53
[17:42:40.225]: (1.9, 2.1, 1.8) 46
[17:42:40.241]: (1.9, 2.0, 1.8) 46
[17:42:40.259]: (1.9, 2.0, 1.8) 46
[17:42:40.275]: (1.9, 2.0, 1.8) 46
[17:42:40.291]: (1.9, 2.0, 1.8) 46
[17:42:40.306]: (1.9, 2.0, 1.8) 53
[17:42:40.324]: (1.9, 2.0, 1.8) 53
[17:42:40.342]: (1.9, 2.0, 1.8) 53
[17:42:40.360]: (1.9, 2.0, 1.8) 46
[17:42:40.379]: (1.9, 2.0, 1.8) 53
[17:42:40.394]: (1.9, 2.0, 1.9) 46
[17:42:40.412]: (1.9, 2.0, 1.9) 46
[17:42:40.427]: (1.9, 2.0, 1.8) 53
[17:42:40.444]: (1.9, 2.0, 1.8) 53
[17:42:40.459]: (1.9, 2.0, 1.9) 46
[17:42:40.475]: (1.9, 2.0, 1.9) 46
[17:42:40.493]: (2.1, 2.0, 2.0) 45
[17:42:40.515]: (1.9, 2.0, 1.8) 53
[17:42:40.537]: (2.0, 2.0, 1.9) 50
[17:42:40.560]: (2.0, 2.0, 1.9) 50
[17:42:41.075]: (1.7, 2.3, 2.1) 50
[17:42:41.098]: (1.7, 2.3, 2.1) 50
[17:42:41.119]: (1.7, 2.3, 2.1) 50
[17:42:41.140]: (1.7, 2.3, 2.1) 50
[17:42:41.161]: (1.7, 2.3, 2.1) 50
[17:42:41.262]: (1.6, 2.2, 2.0) 53
[17:42:41.284]: (1.5, 2.3, 2.0) 53
[17:42:41.306]: (1.6, 2.3, 2.0) 46
[17:42:41.328]: (1.6, 2.3, 2.0) 46
[17:42:41.351]: (1.6, 2.3, 2.0) 46
[17:42:41.471]: (1.9, 2.6, 2.8) 58
[17:42:41.493]: (1.9, 2.6, 2.9) 58
[17:42:41.515]: (1.9, 2.6, 2.9) 58
[17:42:41.535]: (1.9, 2.5, 2.9) 58
[17:42:41.557]: (2.1, 2.6, 3.1) 54
[17:42:42.193]: (-0.1, 1.7, 2.2) 22
[17:42:42.234]: (-0.1, 1.9, 3.2) 70
[17:42:42.397]: (-0.1, 1.9, 3.1) 70
[17:42:42.439]: (-0.1, 1.8, 3.2) 70
[17:42:42.490]: (-0.2, 1.9, 3.1) 70
[17:42:42.736]: (-0.2, 1.9, 3.0) 74
[17:42:42.780]: (-0.2, 1.9, 3.0) 74
[17:42:42.847]: (-0.2, 1.9, 3.0) 74
[17:42:42.869]: (-0.2, 1.9, 3.0) 74
[17:42:42.891]: (-0.2, 1.9, 3.0) 74
[17:42:42.914]: (-0.2, 1.9, 3.0) 74
[17:42:42.935]: (-0.2, 1.9, 3.0) 74
[17:42:42.959]: (-0.2, 1.9, 3.0) 74
[17:42:42.981]: (-0.2, 1.9, 3.0) 74
[17:42:43.002]: (-0.2, 1.9, 3.0) 74
[17:42:43.025]: (-0.2, 1.9, 3.0) 74
[17:42:43.043]: (-0.2, 1.9, 3.0) 74
[17:42:43.059]: (-0.2, 1.9, 3.0) 74
[17:42:43.076]: (-0.2, 1.9, 3.0) 74
[17:42:43.093]: (-0.2, 1.9, 3.0) 74
[17:42:43.112]: (-0.2, 1.9, 3.0) 74
[17:42:43.129]: (-0.2, 1.9, 3.0) 74
[17:42:43.145]: (-0.2, 1.9, 3.0) 74
[17:42:43.162]: (-0.2, 1.9, 3.0) 74
[17:42:43.300]: (-0.3, 1.7, 2.4) 19
[17:42:43.316]: (-0.3, 1.7, 2.4) 19
[17:42:43.346]: (-0.2, 1.7, 2.4) 19
[17:42:43.365]: (-0.2, 1.7, 2.4) 19
[17:42:43.381]: (-0.2, 1.7, 2.4) 19
[17:42:43.397]: (-0.2, 1.7, 2.4) 19
[17:42:43.414]: (-0.2, 1.7, 2.4) 19
[17:42:43.432]: (-0.2, 1.7, 2.4) 19
[17:42:43.448]: (-0.2, 1.7, 2.4) 19
[17:42:43.466]: (-0.2, 1.7, 2.4) 19
[17:42:43.501]: (-0.2, 1.7, 2.5) 19
[17:42:43.559]: (-0.2, 1.7, 2.4) 19
[17:42:43.602]: (-0.1, 1.8, 3.2) 70
[17:42:43.624]: (-0.2, 1.8, 3.2) 70
[17:42:43.691]: (-0.1, 1.8, 3.2) 70
[17:42:43.714]: (-0.2, 1.9, 3.2) 70
[17:42:43.736]: (-0.2, 1.8, 3.2) 70
[17:42:43.759]: (-0.2, 1.9, 3.1) 70
[17:42:43.781]: (-0.2, 1.9, 3.2) 70
[17:42:43.802]: (-0.2, 1.9, 3.2) 70
[17:42:43.824]: (-0.2, 1.9, 3.2) 70
[17:42:43.846]: (-0.2, 1.9, 3.2) 66
[17:42:43.868]: (-0.2, 1.9, 3.0) 74
[17:42:43.891]: (-0.2, 1.9, 3.2) 70
[17:42:43.914]: (-0.2, 1.9, 3.2) 70
[17:42:43.936]: (-0.2, 1.9, 3.2) 70
[17:42:43.953]: (-0.1, 1.9, 3.2) 70
[17:42:43.970]: (-0.1, 1.9, 3.2) 66
[17:42:43.986]: (-0.1, 1.9, 3.2) 70
[17:42:44.006]: (-0.1, 2.0, 3.2) 66
[17:42:44.023]: (-0.1, 1.9, 3.2) 66
[17:42:44.039]: (-0.1, 1.9, 3.2) 66
[17:42:44.117]: (0.7, 1.5, 1.9) 17
[17:42:44.133]: (0.7, 1.6, 1.9) 17
[17:42:44.149]: (0.7, 1.6, 1.9) 17
[17:42:44.165]: (0.7, 1.6, 1.9) 17
[17:42:44.181]: (0.7, 1.5, 1.9) 17
[17:42:44.196]: (0.7, 1.5, 1.9) 17
[17:42:44.213]: (0.7, 1.6, 1.9) 17
[17:42:44.245]: (0.7, 1.5, 1.9) 17
[17:42:44.262]: (0.7, 1.5, 1.9) 17
[17:42:44.279]: (0.7, 1.5, 1.9) 17
[17:42:44.339]: (0.9, 1.5, 2.0) 14
[17:42:44.358]: (1.3, 1.6, 2.3) 28
[17:42:44.580]: (1.9, 1.5, 2.0) 52
[17:42:47.934]: (1.8, 1.7, 2.0) 52
[17:42:47.968]: (1.8, 1.7, 2.0) 52
[17:42:48.023]: (1.7, 1.7, 2.0) 52
[17:42:48.090]: (1.8, 1.7, 2.0) 46
[17:42:48.112]: (1.9, 1.7, 2.1) 45
[17:42:48.133]: (1.7, 1.7, 1.9) 53
[17:42:48.644]: (1.4, 2.3, 1.8) 46
[17:42:48.669]: (1.4, 2.3, 1.8) 53
[17:42:48.693]: (1.5, 2.4, 2.0) 45
[17:42:48.736]: (1.6, 2.4, 2.1) 49
[17:42:48.758]: (1.5, 2.4, 2.0) 49
[17:42:48.781]: (1.5, 2.4, 2.1) 49
[17:42:48.803]: (1.4, 2.4, 2.0) 45
[17:42:48.826]: (1.3, 2.3, 1.9) 53
[17:42:48.847]: (1.3, 2.3, 1.9) 53
[17:42:48.871]: (1.3, 2.2, 1.9) 53
[17:42:48.894]: (1.3, 2.3, 2.0) 50
[17:42:48.915]: (1.3, 2.3, 2.1) 50
[17:42:48.937]: (1.3, 2.3, 2.0) 50
[17:42:48.959]: (1.3, 2.3, 2.1) 50
[17:42:48.982]: (1.3, 2.3, 2.0) 50
[17:42:49.004]: (1.3, 2.3, 2.0) 50
[17:42:49.026]: (1.2, 2.3, 2.0) 50
[17:42:49.046]: (1.2, 2.3, 2.1) 50
[17:42:49.069]: (1.2, 2.3, 2.1) 50
[17:42:49.091]: (1.2, 2.3, 2.1) 50
[17:42:49.113]: (1.2, 2.3, 2.1) 50
[17:42:49.135]: (1.2, 2.3, 2.2) 50
[17:42:49.157]: (1.1, 2.3, 2.0) 53
[17:42:49.181]: (1.0, 2.3, 2.0) 53
[17:42:49.202]: (1.0, 2.3, 2.1) 46
[17:42:49.224]: (1.0, 2.3, 2.1) 53
[17:42:49.270]: (1.0, 2.3, 2.2) 51
[17:42:49.292]: (1.0, 2.3, 2.2) 51
[17:42:49.316]: (1.0, 2.3, 2.2) 51
[17:42:49.338]: (0.9, 2.3, 2.2) 51
[17:42:49.359]: (0.9, 2.3, 2.2) 51
[17:42:49.943]: (0.9, 2.1, 2.3) 52
[17:42:50.033]: (1.0, 2.2, 2.5) 44
[17:42:50.054]: (0.9, 2.1, 2.3) 52
[17:42:50.078]: (0.9, 2.1, 2.3) 52
[17:42:50.099]: (0.9, 2.1, 2.3) 52
[17:42:50.122]: (0.9, 2.1, 2.2) 52
[17:42:50.144]: (0.9, 2.1, 2.2) 52
[17:42:50.166]: (0.9, 2.1, 2.2) 52
[17:42:50.188]: (0.9, 2.1, 2.3) 52
[17:42:50.212]: (0.9, 2.1, 2.3) 52
[17:42:50.232]: (0.9, 2.1, 2.3) 52
[17:42:50.257]: (0.9, 2.1, 2.3) 52
[17:42:50.278]: (1.0, 2.2, 2.4) 44
[17:42:50.296]: (1.1, 2.2, 2.4) 44
[17:42:50.312]: (1.0, 2.2, 2.4) 44
[17:42:50.328]: (1.0, 2.2, 2.4) 44
[17:42:50.344]: (1.0, 2.2, 2.4) 44
[17:42:50.360]: (1.0, 2.2, 2.4) 44
[17:42:50.527]: (1.3, 2.4, 3.0) 57
[17:42:50.654]: (1.0, 2.1, 2.2) 51
[17:42:50.675]: (1.0, 2.1, 2.2) 51
[17:42:50.696]: (1.0, 2.1, 2.2) 51
[17:42:50.717]: (1.0, 2.1, 2.2) 51
[17:42:50.738]: (1.0, 2.1, 2.2) 51
[17:42:50.760]: (1.0, 2.1, 2.2) 51
[17:42:50.782]: (1.0, 2.1, 2.2) 51
[17:42:50.825]: (1.0, 2.1, 2.2) 51
[17:42:50.851]: (1.0, 2.1, 2.2) 51
[17:42:50.872]: (0.9, 2.1, 2.2) 51
[17:42:51.035]: (0.9, 2.1, 2.2) 46
[17:42:51.100]: (0.9, 2.2, 2.4) 44
[17:42:51.134]: (0.8, 2.1, 2.2) 52
[17:42:51.166]: (0.9, 2.2, 2.4) 44
[17:42:51.201]: (0.9, 2.1, 2.4) 44
[17:42:51.234]: (0.9, 2.1, 2.4) 44
[17:42:51.268]: (0.9, 2.2, 2.4) 44
[17:42:51.303]: (0.9, 2.2, 2.4) 44
[17:42:51.690]: (1.1, 2.2, 3.0) 56
[17:42:51.714]: (1.1, 2.2, 3.0) 56
[17:42:51.848]: (1.2, 2.0, 3.0) 56
[17:42:51.873]: (1.2, 2.0, 3.0) 56
[17:42:51.898]: (1.2, 2.0, 3.1) 57
[17:42:51.922]: (1.3, 2.0, 3.3) 62
[17:42:52.012]: (0.3, 1.1, 3.3) 40
[17:42:52.036]: (0.3, 1.1, 3.3) 40
[17:42:52.688]: (0.5, 1.0, 2.6) 32
[17:42:52.710]: (0.5, 1.1, 2.6) 32
[17:42:52.732]: (0.5, 1.1, 2.5) 32
[17:42:52.754]: (0.5, 1.1, 2.6) 32
[17:42:52.776]: (0.5, 1.1, 2.5) 32
[17:42:52.820]: (0.6, 1.2, 2.4) 30
[17:42:53.941]: (1.0, 1.3, 2.4) 29
[17:42:54.487]: (0.6, 1.1, 2.0) 13
[17:42:54.543]: (0.6, 1.1, 2.0) 13
[17:42:54.577]: (0.6, 1.2, 2.0) 13
[17:42:54.611]: (0.6, 1.2, 2.0) 13
[17:42:54.679]: (0.6, 1.2, 2.1) 12
[17:42:54.709]: (0.6, 1.2, 2.0) 13
[17:42:54.776]: (0.5, 1.2, 2.0) 13
[17:42:54.809]: (0.5, 1.1, 2.0) 13
[17:42:54.844]: (0.5, 1.1, 2.0) 13
[17:42:54.877]: (0.5, 1.2, 2.0) 13
[17:42:54.908]: (0.5, 1.2, 2.0) 13
[17:42:54.942]: (0.5, 1.2, 2.0) 13
[17:42:54.978]: (0.5, 1.2, 2.0) 13
[17:42:55.011]: (0.5, 1.2, 2.0) 13
[17:42:55.043]: (0.5, 1.2, 2.0) 13
[17:42:55.076]: (0.5, 1.2, 2.0) 13
[17:42:55.109]: (0.5, 1.2, 2.0) 13
[17:42:55.144]: (0.5, 1.2, 2.0) 13
[17:42:55.178]: (0.5, 1.2, 2.0) 13
[17:42:55.196]: (0.5, 1.1, 2.0) 13
[17:42:55.219]: (0.5, 1.2, 2.0) 13
[17:42:55.241]: (0.5, 1.2, 2.0) 13
[17:42:55.263]: (0.5, 1.2, 2.0) 13
[17:42:55.288]: (0.5, 1.1, 2.0) 13
[17:42:55.307]: (0.5, 1.1, 2.0) 13
[17:42:55.332]: (0.5, 1.0, 2.1) 16
[17:42:55.509]: (0.4, 1.1, 2.1) 16
[17:42:55.530]: (0.4, 1.1, 2.1) 16
[17:42:55.576]: (0.4, 1.1, 2.1) 16
[17:42:55.597]: (0.4, 1.1, 2.1) 16
[17:42:55.620]: (0.4, 1.0, 2.1) 16
[17:42:55.641]: (0.5, 1.1, 2.1) 16
[17:42:55.663]: (0.5, 1.1, 2.1) 16
[17:42:55.686]: (0.5, 1.1, 2.1) 16
[17:42:55.708]: (0.5, 1.1, 2.1) 16
[17:42:55.731]: (0.5, 1.1, 2.1) 16
[17:42:55.753]: (0.5, 1.0, 2.1) 16
[17:42:55.908]: (0.6, 1.1, 2.0) 13
[17:42:55.977]: (0.6, 1.2, 2.1) 12
[17:42:56.000]: (0.6, 1.2, 2.1) 12
[17:42:56.023]: (0.6, 1.2, 2.1) 12
[17:42:56.046]: (0.6, 1.2, 2.1) 12
[17:42:56.068]: (0.6, 1.2, 2.1) 12
[17:42:56.356]: (0.6, 1.2, 2.0) 13
[17:42:56.379]: (0.6, 1.2, 2.0) 13
[17:42:56.400]: (0.6, 1.1, 2.0) 13
[17:42:56.422]: (0.6, 1.1, 2.0) 13
[17:42:56.439]: (0.6, 1.2, 2.0) 13
[17:42:56.455]: (0.6, 1.1, 2.0) 13
[17:42:56.472]: (0.6, 1.2, 2.0) 13
[17:42:56.489]: (0.6, 1.1, 2.0) 13
[17:42:56.506]: (0.6, 1.1, 2.0) 13
[17:42:56.523]: (0.6, 1.1, 2.0) 13
[17:42:56.539]: (0.5, 1.1, 2.0) 13
[17:42:56.557]: (0.5, 1.1, 2.0) 13
[17:42:56.573]: (0.6, 1.1, 2.0) 13
[17:42:56.589]: (0.6, 1.1, 2.0) 13
[17:42:56.605]: (0.5, 1.1, 2.0) 13
[17:42:56.623]: (0.5, 1.1, 2.0) 13
[17:42:56.639]: (0.5, 1.1, 2.0) 13
[17:42:56.655]: (0.5, 1.1, 2.0) 13
[17:42:56.673]: (0.6, 1.1, 2.0) 13
[17:42:56.690]: (0.5, 1.1, 2.0) 13
[17:42:56.707]: (0.5, 1.1, 2.0) 13
[17:42:56.725]: (0.5, 1.1, 2.0) 13
[17:42:56.743]: (0.5, 1.1, 2.0) 13
[17:42:56.761]: (0.6, 1.1, 2.0) 13
[17:42:56.777]: (0.6, 1.1, 2.0) 13
[17:42:56.793]: (0.5, 1.1, 2.0) 13
[17:42:56.808]: (0.6, 1.1, 2.0) 13
[17:42:56.824]: (0.6, 1.1, 2.0) 13
[17:42:56.840]: (0.5, 1.1, 2.0) 13
[17:42:56.864]: (0.6, 1.1, 2.0) 13
[17:42:56.886]: (0.7, 1.1, 2.1) 15
[17:42:57.907]: (0.7, 1.1, 2.1) 15
[17:42:57.929]: (0.8, 1.1, 2.1) 15
[17:42:57.952]: (0.7, 1.1, 2.1) 15
[17:42:57.974]: (0.7, 1.1, 2.1) 15
[17:42:57.996]: (0.7, 1.1, 2.1) 15
[17:42:58.022]: (0.8, 1.1, 2.1) 15
[17:42:58.039]: (0.8, 1.1, 2.1) 15
[17:42:58.063]: (0.8, 1.1, 2.1) 15
[17:42:58.086]: (0.8, 1.1, 2.1) 15
[17:42:58.897]: (0.8, 1.2, 2.2) 33
[17:42:58.964]: (0.5, 1.3, 2.0) 17
[17:42:58.986]: (0.5, 1.3, 2.0) 17
[17:42:59.009]: (0.5, 1.3, 2.0) 17
[17:42:59.228]: (-0.1, 1.6, 3.2) 75
[17:42:59.278]: (-0.1, 1.6, 3.3) 75
[17:42:59.294]: (-0.1, 1.6, 3.2) 75
[17:42:59.311]: (-0.1, 1.6, 3.2) 75
[17:42:59.327]: (-0.1, 1.6, 3.2) 75
[17:42:59.343]: (-0.1, 1.6, 3.2) 75
[17:42:59.359]: (-0.1, 1.6, 3.2) 75
[17:42:59.407]: (-0.1, 1.6, 3.2) 75
[17:42:59.424]: (-0.1, 1.6, 3.2) 75
[17:42:59.440]: (-0.1, 1.6, 3.2) 75
[17:42:59.456]: (-0.1, 1.6, 3.2) 75
[17:42:59.472]: (-0.1, 1.6, 3.2) 75
[17:42:59.488]: (-0.1, 1.6, 3.2) 75
[17:42:59.505]: (-0.1, 1.6, 3.2) 75
[17:42:59.522]: (-0.1, 1.6, 3.2) 75
[17:42:59.538]: (-0.1, 1.6, 3.2) 75
[17:42:59.555]: (-0.1, 1.6, 3.2) 75
[17:42:59.920]: (-0.4, 1.3, 2.5) 20
[17:42:59.940]: (-0.4, 1.3, 2.5) 20
[17:42:59.963]: (-0.4, 1.3, 2.5) 20
[17:42:59.985]: (-0.3, 1.3, 2.5) 20
[17:43:00.009]: (-0.3, 1.4, 2.5) 20
[17:43:00.030]: (-0.3, 1.4, 2.5) 20
[17:43:00.052]: (-0.2, 1.4, 2.3) 22
[17:43:00.417]: (0.8, 1.3, 2.4) 32
[17:43:00.552]: (1.9, 1.1, 2.0) 50
[17:43:00.573]: (1.8, 1.2, 1.9) 46
[17:43:00.597]: (1.8, 1.2, 1.9) 46
[17:43:00.619]: (1.8, 1.2, 1.9) 46
[17:43:00.640]: (1.8, 1.2, 1.9) 46
[17:43:00.663]: (1.7, 1.2, 2.0) 52
[17:43:01.095]: (0.9, 1.2, 2.2) 33
[17:43:01.113]: (0.9, 1.3, 2.2) 33
[17:43:01.144]: (0.9, 1.3, 2.2) 33
[17:43:01.160]: (0.9, 1.3, 2.2) 33
[17:43:01.182]: (0.9, 1.3, 2.2) 33
[17:43:01.199]: (0.9, 1.3, 2.2) 33
[17:43:01.215]: (0.9, 1.3, 2.2) 33
[17:43:01.231]: (0.8, 1.3, 2.2) 33
[17:43:01.249]: (0.7, 1.2, 2.0) 14
[17:43:01.267]: (0.7, 1.2, 2.0) 14
[17:43:01.651]: (-0.2, 1.5, 2.3) 22
[17:43:01.673]: (-0.2, 1.5, 2.3) 22
[17:43:01.696]: (-0.2, 1.5, 2.4) 22
[17:43:01.860]: (-0.3, 1.6, 3.3) 70
[17:43:01.924]: (-0.3, 1.6, 3.3) 70
[17:43:01.956]: (-0.2, 1.6, 3.3) 70
[17:43:01.973]: (-0.2, 1.6, 3.3) 70
[17:43:01.990]: (-0.2, 1.6, 3.3) 70
[17:43:02.007]: (-0.2, 1.6, 3.3) 70
[17:43:02.025]: (-0.2, 1.6, 3.3) 70
[17:43:02.041]: (-0.2, 1.6, 3.3) 70
[17:43:02.057]: (-0.2, 1.6, 3.3) 70
[17:43:02.073]: (-0.2, 1.6, 3.3) 70
[17:43:02.089]: (-0.2, 1.6, 3.3) 70
[17:43:02.104]: (-0.2, 1.6, 3.3) 70
[17:43:02.120]: (-0.2, 1.6, 3.3) 70
[17:43:02.167]: (-0.2, 1.6, 3.3) 70
[17:43:02.185]: (-0.2, 1.6, 3.3) 70
[17:43:02.202]: (-0.2, 1.6, 3.3) 70
[17:43:02.218]: (-0.2, 1.6, 3.3) 70
[17:43:02.235]: (-0.2, 1.6, 3.3) 70
[17:43:02.251]: (-0.2, 1.6, 3.3) 70
[17:43:02.268]: (-0.2, 1.6, 3.3) 70
[17:43:02.286]: (-0.2, 1.6, 3.3) 70
[17:43:02.306]: (-0.2, 1.6, 3.3) 70
[17:43:02.329]: (-0.2, 1.6, 3.3) 70
[17:43:02.353]: (-0.2, 1.6, 3.3) 70
[17:43:02.439]: (-0.3, 1.6, 3.2) 74
[17:43:02.464]: (-0.3, 1.7, 3.1) 74
[17:43:02.485]: (-0.3, 1.7, 3.1) 74
[17:43:02.506]: (-0.3, 1.7, 3.1) 74
[17:43:02.528]: (-0.2, 1.7, 3.1) 74
[17:43:02.551]: (-0.3, 1.6, 3.1) 74
[17:43:02.572]: (-0.3, 1.7, 3.1) 74
[17:43:02.594]: (-0.2, 1.7, 3.3) 66
[17:43:02.619]: (-0.2, 1.7, 3.3) 70
[17:43:02.662]: (-0.3, 1.6, 3.3) 70
[17:43:02.683]: (-0.2, 1.6, 3.3) 70
[17:43:02.706]: (-0.2, 1.6, 3.3) 70
[17:43:02.725]: (-0.3, 1.6, 3.3) 70
[17:43:02.758]: (-0.3, 1.6, 3.3) 70
[17:43:02.776]: (-0.2, 1.6, 3.3) 70
[17:43:02.793]: (-0.2, 1.6, 3.3) 70
[17:43:02.809]: (-0.2, 1.6, 3.3) 70
[17:43:02.826]: (-0.2, 1.6, 3.3) 70
[17:43:02.887]: (-0.2, 1.5, 3.3) 70
[17:43:02.903]: (-0.2, 1.5, 3.3) 70
[17:43:02.984]: (0.9, 1.3, 2.3) 30
[17:43:03.947]: (0.9, 1.2, 2.3) 33
[17:43:03.963]: (0.7, 1.2, 2.0) 14
[17:43:03.981]: (0.7, 1.2, 2.0) 14
[17:43:03.999]: (0.7, 1.2, 2.0) 14
[17:43:04.018]: (0.7, 1.2, 2.0) 14
[17:43:04.033]: (0.7, 1.2, 2.0) 14
[17:43:04.051]: (0.7, 1.2, 2.0) 14
[17:43:04.067]: (0.7, 1.2, 2.0) 12
[17:43:04.150]: (0.7, 1.2, 2.0) 12
[17:43:04.172]: (0.7, 1.2, 2.0) 12
[17:43:04.241]: (0.6, 1.1, 2.0) 13
[17:43:04.283]: (0.6, 1.1, 2.0) 12
[17:43:04.306]: (0.6, 1.1, 2.0) 12
[17:43:04.328]: (0.7, 1.1, 2.0) 12
[17:43:04.350]: (0.7, 1.1, 2.0) 12
[17:43:04.372]: (0.7, 1.2, 2.0) 12
[17:43:04.393]: (0.7, 1.2, 2.0) 12
[17:43:04.417]: (0.7, 1.2, 2.0) 12
[17:43:04.440]: (0.7, 1.2, 2.0) 12
[17:43:04.460]: (0.6, 1.1, 2.0) 12
[17:43:04.484]: (0.7, 1.2, 2.0) 12
[17:43:04.501]: (0.6, 1.2, 2.0) 12
[17:43:04.517]: (0.7, 1.2, 2.0) 12
[17:43:04.534]: (0.6, 1.1, 2.0) 12
[17:43:04.552]: (0.6, 1.1, 2.0) 12
[17:43:04.568]: (0.6, 1.1, 2.0) 12
[17:43:04.585]: (0.6, 1.1, 2.0) 12
[17:43:04.601]: (0.6, 1.2, 2.0) 12
[17:43:04.618]: (0.6, 1.1, 2.0) 12
[17:43:04.634]: (0.6, 1.1, 2.0) 12
[17:43:04.652]: (0.7, 1.1, 2.0) 12
[17:43:04.668]: (0.6, 1.2, 2.0) 12
[17:43:04.687]: (0.6, 1.2, 2.0) 12
[17:43:04.703]: (0.7, 1.2, 2.0) 12
[17:43:04.720]: (0.7, 1.2, 2.0) 12
[17:43:04.737]: (0.7, 1.2, 2.0) 12
[17:43:04.754]: (0.7, 1.2, 2.0) 12
[17:43:04.770]: (0.7, 1.2, 2.0) 12
[17:43:04.786]: (0.7, 1.2, 2.0) 12
[17:43:04.802]: (0.7, 1.2, 2.0) 14
[17:43:04.818]: (0.7, 1.2, 2.0) 14
[17:43:04.835]: (0.7, 1.2, 2.0) 14
[17:43:04.852]: (0.6, 1.2, 2.0) 14
[17:43:04.870]: (0.6, 1.2, 2.0) 14
[17:43:04.885]: (0.6, 1.2, 2.0) 14
[17:43:04.901]: (0.6, 1.2, 2.0) 14
[17:43:05.072]: (0.5, 1.3, 2.0) 17
[17:43:05.095]: (0.5, 1.3, 2.0) 17
[17:43:05.117]: (0.5, 1.3, 2.0) 17
[17:43:05.139]: (0.4, 1.2, 2.0) 17
[17:43:05.162]: (0.4, 1.2, 2.0) 17
[17:43:05.183]: (0.4, 1.2, 2.0) 17
[17:43:05.227]: (0.5, 1.3, 2.0) 17
[17:43:05.249]: (0.5, 1.2, 2.0) 17
[17:43:05.294]: (0.5, 1.2, 2.0) 17
[17:43:05.317]: (0.5, 1.2, 2.0) 17
[17:43:05.339]: (0.5, 1.3, 2.0) 17
[17:43:05.361]: (0.5, 1.2, 2.0) 17
[17:43:05.405]: (0.5, 1.2, 2.0) 17
[17:43:05.451]: (0.5, 1.2, 2.0) 17
[17:43:05.487]: (0.5, 1.2, 2.0) 17
[17:43:05.505]: (0.5, 1.2, 2.0) 17
[17:43:05.525]: (0.5, 1.2, 2.0) 17
[17:43:05.543]: (0.5, 1.2, 2.0) 17
[17:43:05.559]: (0.5, 1.2, 2.0) 17
[17:43:05.575]: (0.5, 1.2, 2.0) 13
[17:43:05.683]: (0.5, 1.3, 2.0) 17
[17:43:05.821]: (0.0, 1.6, 3.2) 75
[17:43:05.838]: (0.0, 1.6, 3.2) 75
[17:43:05.853]: (0.0, 1.6, 3.2) 75
[17:43:05.871]: (0.0, 1.6, 3.2) 75
[17:43:05.895]: (-0.1, 1.6, 3.2) 75
[17:43:05.916]: (-0.1, 1.6, 3.2) 75
[17:43:06.049]: (-0.2, 1.6, 3.3) 70
[17:43:06.071]: (-0.2, 1.6, 3.3) 70
[17:43:06.094]: (-0.3, 1.6, 3.3) 70
[17:43:11.336]: (0.0, 1.2, 1.9) 1
[17:43:11.448]: (-0.1, 1.1, 1.9) 1
[17:43:11.470]: (-0.1, 1.1, 1.9) 1
[17:43:11.491]: (-0.1, 1.1, 1.9) 1
[17:43:11.513]: (-0.1, 1.1, 1.9) 1
[17:43:11.538]: (-0.1, 1.2, 1.9) 1
[17:43:11.559]: (-0.1, 1.2, 1.9) 1
[17:43:11.768]: (-0.2, 1.6, 3.3) 70
[17:43:12.073]: (-0.2, 1.6, 3.3) 70
[17:43:12.138]: (0.5, 1.2, 2.0) 17
[17:43:12.159]: (0.6, 1.2, 2.1) 12
[17:43:12.181]: (0.6, 1.2, 2.0) 12
[17:43:12.205]: (0.6, 1.2, 2.0) 14
[17:43:12.226]: (0.6, 1.2, 2.0) 14
[17:43:12.248]: (0.6, 1.2, 2.0) 14
[17:43:12.338]: (0.6, 1.2, 2.0) 14
[17:43:12.814]: (0.5, 1.2, 2.0) 17
[17:43:12.830]: (0.5, 1.2, 2.0) 17
[17:43:12.847]: (0.5, 1.2, 2.0) 17
[17:43:12.866]: (0.5, 1.2, 2.0) 17
[17:43:12.882]: (0.5, 1.2, 2.0) 17
[17:43:12.899]: (0.5, 1.2, 2.0) 17
[17:43:12.916]: (0.5, 1.2, 2.0) 17
[17:43:12.935]: (0.5, 1.2, 2.0) 17
[17:43:12.957]: (0.5, 1.2, 2.0) 17
[17:43:12.980]: (0.5, 1.2, 2.0) 17
[17:43:13.003]: (0.5, 1.2, 2.0) 17
[17:43:13.026]: (0.5, 1.2, 2.0) 17
[17:43:13.047]: (0.5, 1.2, 2.0) 17
[17:43:13.069]: (0.5, 1.2, 2.0) 17
[17:43:13.092]: (0.5, 1.2, 2.0) 17
[17:43:13.113]: (0.5, 1.2, 2.0) 17
[17:43:13.137]: (0.5, 1.2, 2.0) 17
[17:43:13.157]: (0.5, 1.2, 2.0) 17
[17:43:13.179]: (0.5, 1.2, 2.0) 17
[17:43:13.202]: (0.5, 1.2, 2.0) 17
[17:43:13.227]: (0.5, 1.2, 2.0) 17
[17:43:13.248]: (0.5, 1.2, 2.0) 17
[17:43:13.271]: (0.5, 1.2, 2.0) 17
[17:43:13.292]: (0.5, 1.2, 2.0) 17
[17:43:13.313]: (0.5, 1.2, 2.0) 17
[17:43:13.339]: (0.7, 1.2, 2.0) 14
[17:43:13.359]: (0.7, 1.2, 2.0) 14
[17:43:13.382]: (0.7, 1.2, 2.0) 14
[17:43:13.401]: (0.7, 1.3, 2.0) 14
[17:43:13.420]: (0.7, 1.2, 2.0) 14
[17:43:13.440]: (0.7, 1.3, 2.0) 14
[17:43:13.463]: (0.7, 1.3, 2.0) 14
[17:43:13.482]: (0.7, 1.2, 2.0) 14
[17:43:13.501]: (0.7, 1.2, 2.0) 14
[17:43:13.522]: (0.7, 1.2, 2.0) 14
[17:43:13.540]: (0.7, 1.2, 2.0) 14
[17:43:13.560]: (0.7, 1.2, 2.0) 14
[17:43:13.578]: (0.7, 1.2, 2.0) 14
[17:43:13.599]: (0.7, 1.2, 2.0) 14
[17:43:13.617]: (0.6, 1.2, 2.0) 14
[17:43:13.637]: (0.6, 1.2, 2.0) 14
[17:43:13.657]: (0.6, 1.2, 2.0) 14
[17:43:13.677]: (0.6, 1.2, 2.0) 14
[17:43:13.697]: (0.6, 1.2, 2.0) 12
[17:43:13.715]: (0.5, 1.1, 2.0) 13
[17:43:14.125]: (0.5, 1.1, 2.1) 16
[17:43:14.192]: (0.5, 1.1, 2.1) 13
[17:43:14.214]: (0.5, 1.2, 2.0) 13
[17:43:14.238]: (0.6, 1.2, 2.0) 13
[17:43:14.259]: (0.5, 1.1, 2.0) 13
[17:43:14.280]: (0.5, 1.1, 2.0) 13
[17:43:14.305]: (0.6, 1.2, 2.0) 13
[17:43:14.326]: (0.6, 1.2, 2.0) 13
[17:43:14.349]: (0.6, 1.2, 2.0) 13
[17:43:14.371]: (0.6, 1.2, 2.0) 13
[17:43:14.390]: (0.6, 1.2, 2.0) 13
[17:43:14.410]: (0.6, 1.2, 2.0) 13
[17:43:14.429]: (0.6, 1.2, 2.0) 13
[17:43:14.447]: (0.6, 1.2, 2.0) 13
[17:43:14.466]: (0.6, 1.2, 2.0) 13
[17:43:14.482]: (0.6, 1.2, 2.0) 13
[17:43:14.501]: (0.6, 1.1, 2.0) 13
[17:43:14.518]: (0.6, 1.1, 2.0) 13
[17:43:14.537]: (0.6, 1.2, 2.0) 13
[17:43:14.559]: (0.5, 1.1, 2.1) 16
[17:43:14.634]: (0.4, 1.1, 2.1) 16
[17:43:14.651]: (0.4, 1.1, 2.1) 16
[17:43:14.667]: (0.4, 1.1, 2.1) 16
[17:43:14.685]: (0.4, 1.1, 2.1) 16
[17:43:14.702]: (0.4, 1.1, 2.1) 16
[17:43:14.719]: (0.4, 1.1, 2.1) 16
[17:43:14.735]: (0.4, 1.1, 2.1) 16
[17:43:14.752]: (0.4, 1.1, 2.1) 16
[17:43:14.771]: (0.5, 1.1, 2.1) 16
[17:43:14.788]: (0.5, 1.1, 2.1) 16
[17:43:14.803]: (0.5, 1.1, 2.1) 16
[17:43:14.821]: (0.5, 1.1, 2.1) 16
[17:43:14.839]: (0.5, 1.1, 2.1) 16
[17:43:14.857]: (0.5, 1.1, 2.1) 16
[17:43:14.883]: (0.5, 1.1, 2.1) 16
[17:43:14.902]: (0.5, 1.1, 2.1) 16
[17:43:14.923]: (0.4, 1.1, 2.1) 16
[17:43:14.947]: (0.5, 1.1, 2.1) 16
[17:43:14.969]: (0.4, 1.1, 2.1) 16
[17:43:15.389]: (0.5, 1.1, 2.1) 16
[17:43:15.405]: (0.5, 1.1, 2.0) 13
[17:43:15.421]: (0.5, 1.1, 2.0) 13
[17:43:15.437]: (0.5, 1.1, 2.0) 13
[17:43:15.454]: (0.5, 1.1, 2.1) 13
[17:43:15.470]: (0.5, 1.1, 2.0) 13
[17:43:15.488]: (0.5, 1.2, 2.0) 17
[17:43:15.504]: (0.5, 1.1, 2.0) 13
[17:43:15.565]: (0.5, 1.1, 2.1) 13
[17:43:15.581]: (0.5, 1.2, 2.0) 17
[17:43:15.599]: (0.5, 1.2, 2.0) 17
[17:43:15.617]: (0.5, 1.2, 2.0) 17
[17:43:15.637]: (0.5, 1.2, 2.0) 17
[17:43:15.654]: (0.5, 1.1, 2.1) 13
[17:43:15.671]: (0.5, 1.1, 2.1) 13
[17:43:15.689]: (0.5, 1.1, 2.1) 13
[17:43:15.706]: (0.5, 1.1, 2.1) 13
[17:43:15.757]: (0.5, 1.1, 2.0) 13
[17:43:15.779]: (0.5, 1.1, 2.0) 13
[17:43:15.801]: (0.6, 1.2, 2.0) 13
[17:43:15.824]: (0.6, 1.1, 2.0) 13
[17:43:15.845]: (0.6, 1.1, 2.0) 13
[17:43:15.867]: (0.6, 1.1, 2.0) 13
[17:43:15.891]: (0.6, 1.1, 2.0) 13
[17:43:15.912]: (0.6, 1.1, 2.0) 13
[17:43:15.935]: (0.6, 1.1, 2.0) 13
[17:43:15.956]: (0.6, 1.1, 2.0) 13
[17:43:15.979]: (0.6, 1.1, 2.0) 13
[17:43:16.002]: (0.6, 1.1, 2.0) 13
[17:43:16.023]: (0.6, 1.1, 2.0) 13
[17:43:16.046]: (0.5, 1.1, 2.1) 13
[17:43:16.625]: (0.5, 1.0, 2.1) 16
[17:43:16.642]: (0.5, 1.0, 2.1) 16
[17:43:16.674]: (0.5, 1.0, 2.1) 16
[17:43:16.691]: (0.5, 1.0, 2.1) 16
[17:43:16.711]: (0.5, 1.1, 2.1) 16
[17:43:16.733]: (0.4, 1.1, 2.1) 16
[17:43:16.756]: (0.5, 1.1, 2.1) 16
[17:43:16.823]: (0.5, 1.1, 2.1) 16
[17:43:16.845]: (0.5, 1.1, 2.1) 16
[17:43:16.868]: (0.5, 1.1, 2.1) 16
[17:43:16.890]: (0.5, 1.1, 2.1) 16
[17:43:16.912]: (0.5, 1.1, 2.1) 16
[17:43:16.934]: (0.5, 1.1, 2.1) 16
[17:43:16.956]: (0.5, 1.1, 2.1) 16
[17:43:16.978]: (0.5, 1.1, 2.1) 16
[17:43:17.003]: (0.5, 1.1, 2.1) 16
[17:43:17.023]: (0.5, 1.1, 2.1) 16
[17:43:17.044]: (0.4, 1.1, 2.1) 16
[17:43:17.667]: (0.4, 1.1, 2.1) 16
[17:43:17.692]: (0.5, 1.2, 2.0) 17
[17:43:17.713]: (0.5, 1.2, 2.0) 13
[17:43:17.733]: (0.6, 1.2, 2.0) 13
[17:43:17.757]: (0.6, 1.2, 2.0) 13
[17:43:17.780]: (0.6, 1.2, 2.0) 13
[17:43:17.801]: (0.5, 1.2, 2.0) 13
[17:43:17.824]: (0.5, 1.2, 2.0) 13
[17:43:17.845]: (0.5, 1.2, 2.0) 13
[17:43:17.868]: (0.6, 1.1, 2.0) 13
[17:43:17.891]: (0.6, 1.1, 2.0) 13
[17:43:17.912]: (0.6, 1.1, 2.0) 13
[17:43:17.936]: (0.5, 1.2, 2.0) 13
[17:43:17.956]: (0.6, 1.2, 2.0) 13
[17:43:17.973]: (0.6, 1.2, 2.0) 13
[17:43:17.992]: (0.5, 1.1, 2.0) 13
[17:43:18.011]: (0.5, 1.2, 2.0) 13
[17:43:18.031]: (0.5, 1.2, 2.0) 13
[17:43:18.047]: (0.5, 1.2, 2.0) 13
[17:43:18.066]: (0.5, 1.2, 2.0) 13
[17:43:18.086]: (0.5, 1.2, 2.0) 13
[17:43:18.104]: (0.5, 1.2, 2.0) 13
[17:43:18.126]: (0.5, 1.1, 2.0) 13
[17:43:18.144]: (0.5, 1.2, 2.0) 13
[17:43:18.161]: (0.6, 1.2, 2.0) 13
[17:43:18.178]: (0.5, 1.2, 2.0) 13
[17:43:18.198]: (0.6, 1.2, 2.0) 13
[17:43:18.216]: (0.5, 1.1, 2.0) 13
[17:43:18.234]: (0.5, 1.2, 2.0) 13
[17:43:18.252]: (0.5, 1.2, 2.0) 13
[17:43:18.271]: (0.5, 1.1, 2.0) 13
[17:43:18.292]: (0.5, 1.1, 2.0) 13
[17:43:18.311]: (0.5, 1.1, 2.0) 13
[17:43:18.332]: (0.5, 1.1, 2.0) 13
[17:43:18.349]: (0.5, 1.2, 2.0) 13
[17:43:18.367]: (0.5, 1.1, 2.0) 13
[17:43:18.385]: (0.5, 1.2, 2.0) 17
[17:43:18.405]: (0.5, 1.2, 2.0) 13
[17:43:18.439]: (0.5, 1.2, 2.0) 17
[17:43:18.455]: (0.5, 1.2, 2.0) 13
[17:43:18.472]: (0.5, 1.2, 2.0) 13
[17:43:18.489]: (0.5, 1.2, 2.0) 13
[17:43:18.506]: (0.5, 1.2, 2.0) 13
[17:43:18.524]: (0.6, 1.1, 2.0) 13
[17:43:18.544]: (0.5, 1.2, 2.0) 13
[17:43:18.567]: (0.6, 1.2, 2.0) 13
[17:43:18.589]: (0.6, 1.2, 2.0) 13
[17:43:18.612]: (0.6, 1.1, 2.0) 13
[17:43:18.634]: (0.5, 1.1, 2.0) 13
[17:43:18.656]: (0.5, 1.1, 2.0) 13
[17:43:18.678]: (0.5, 1.1, 2.0) 13
[17:43:18.701]: (0.5, 1.1, 2.0) 13
[17:43:18.724]: (0.5, 1.2, 2.0) 17
