[17:10:36.889]: (-0.4, -0.1, 0.0) 5
[17:10:36.907]: (-0.4, -0.1, 0.0) 5
[17:10:36.922]: (-0.4, -0.1, 0.0) 5
[17:10:36.940]: (-0.4, -0.1, 0.0) 5
[17:10:36.956]: (-0.4, -0.1, 0.1) 5
[17:10:36.975]: (-0.4, -0.1, 0.0) 5
[17:10:36.998]: (-0.4, -0.1, 0.0) 5
[17:10:37.019]: (-0.4, -0.1, 0.0) 5
[17:10:37.041]: (-0.4, -0.1, 0.0) 5
[17:10:37.264]: (-0.4, -0.1, 0.0) 5
[17:10:37.445]: (-0.5, -0.2, -0.1) 3
[17:10:37.462]: (-0.5, -0.2, -0.1) 3
[17:10:37.521]: (-0.5, -0.2, -0.1) 3
[17:10:37.641]: (-0.5, -0.2, -0.1) 3
[17:10:37.730]: (-0.5, -0.2, -0.1) 3
[17:10:37.752]: (-0.5, -0.2, -0.1) 3
[17:10:37.774]: (-0.5, -0.2, -0.1) 3
[17:10:37.818]: (-0.5, -0.2, -0.1) 3
[17:10:38.573]: (-0.5, -0.2, -0.1) 3
[17:10:39.040]: (-0.5, -0.2, -0.1) 3
[17:10:39.055]: (-0.5, -0.2, -0.1) 3
[17:10:39.071]: (-0.5, -0.2, -0.1) 3
[17:10:39.087]: (-0.5, -0.2, -0.1) 3
[17:10:39.103]: (-0.5, -0.2, 0.0) 3
[17:10:39.119]: (-0.5, -0.2, 0.0) 3
[17:10:39.135]: (-0.5, -0.2, 0.0) 3
[17:10:39.152]: (-0.5, -0.2, -0.1) 3
[17:10:39.168]: (-0.5, -0.2, 0.0) 3
[17:10:39.184]: (-0.5, -0.2, 0.0) 3
[17:10:39.201]: (-0.5, -0.2, 0.0) 3
[17:10:39.218]: (-0.5, -0.2, 0.0) 3
[17:10:39.233]: (-0.5, -0.2, 0.0) 3
[17:10:39.249]: (-0.5, -0.2, 0.0) 3
[17:10:39.265]: (-0.5, -0.2, 0.0) 3
[17:10:39.281]: (-0.5, -0.2, 0.0) 3
[17:10:39.297]: (-0.5, -0.2, 0.0) 3
[17:10:39.316]: (-0.5, -0.2, 0.0) 3
[17:10:39.331]: (-0.5, -0.2, -0.1) 3
[17:10:39.347]: (-0.5, -0.2, 0.0) 3
[17:10:39.362]: (-0.5, -0.2, 0.0) 3
[17:10:39.378]: (-0.5, -0.2, 0.0) 3
[17:10:39.396]: (-0.5, -0.2, 0.0) 3
[17:10:41.373]: (-0.5, -0.2, -0.1) 3
[17:10:41.395]: (-0.5, -0.2, 0.0) 3
[17:10:41.418]: (-0.5, -0.2, 0.0) 3
[17:10:41.440]: (-0.5, -0.2, -0.1) 3
[17:10:41.461]: (-0.5, -0.2, -0.1) 3
[17:10:41.483]: (-0.5, -0.2, -0.1) 3
[17:10:41.500]: (-0.5, -0.2, -0.1) 3
[17:10:41.516]: (-0.5, -0.2, -0.1) 3
[17:10:41.532]: (-0.5, -0.2, -0.1) 3
[17:10:41.549]: (-0.5, -0.2, -0.1) 3
[17:10:41.565]: (-0.5, -0.2, -0.1) 3
[17:10:41.581]: (-0.5, -0.2, -0.1) 3
[17:10:41.597]: (-0.5, -0.2, -0.1) 3
[17:10:41.612]: (-0.5, -0.2, -0.1) 3
[17:10:41.628]: (-0.5, -0.2, -0.1) 3
[17:10:41.645]: (-0.5, -0.2, -0.1) 3
[17:10:41.661]: (-0.5, -0.2, 0.0) 3
[17:10:41.677]: (-0.5, -0.2, -0.1) 3
[17:10:41.693]: (-0.5, -0.2, -0.1) 3
[17:10:41.709]: (-0.5, -0.2, -0.1) 3
[17:10:41.726]: (-0.5, -0.2, 0.0) 3
[17:10:41.742]: (-0.5, -0.2, -0.1) 3
[17:10:41.760]: (-0.5, -0.2, 0.0) 3
[17:10:41.774]: (-0.5, -0.2, 0.0) 3
[17:10:41.792]: (-0.5, -0.2, 0.0) 3
[17:10:41.807]: (-0.5, -0.2, 0.0) 3
[17:10:41.821]: (-0.5, -0.2, 0.0) 3
[17:10:41.837]: (-0.5, -0.2, 0.0) 3
[17:10:41.853]: (-0.5, -0.2, 0.0) 3
[17:10:41.870]: (-0.5, -0.2, 0.0) 3
[17:10:41.884]: (-0.5, -0.2, 0.0) 3
[17:10:41.905]: (-0.5, -0.2, 0.0) 3
[17:10:41.928]: (-0.5, -0.2, 0.0) 3
[17:10:41.949]: (-0.5, -0.2, -0.1) 3
[17:10:41.973]: (-0.5, -0.2, 0.0) 3
[17:10:41.994]: (-0.5, -0.2, 0.0) 3
[17:10:42.017]: (-0.5, -0.2, 0.0) 3
[17:10:42.039]: (-0.5, -0.2, 0.0) 3
[17:10:42.062]: (-0.5, -0.2, 0.0) 3
[17:10:42.084]: (-0.5, -0.2, 0.0) 3
[17:10:42.106]: (-0.5, -0.2, 0.0) 3
[17:10:42.128]: (-0.5, -0.2, 0.0) 3
[17:10:42.149]: (-0.5, -0.2, 0.0) 3
[17:10:43.364]: (-0.5, -0.2, 0.0) 3
[17:10:43.380]: (-0.5, -0.2, 0.0) 3
[17:10:43.396]: (-0.5, -0.2, 0.0) 3
[17:10:43.411]: (-0.5, -0.2, 0.0) 3
[17:10:43.427]: (-0.5, -0.2, 0.0) 3
[17:10:43.444]: (-0.5, -0.2, 0.0) 3
[17:10:43.461]: (-0.4, -0.2, 0.0) 3
[17:10:43.477]: (-0.4, -0.2, 0.0) 3
[17:10:43.494]: (-0.4, -0.2, 0.0) 3
[17:10:43.510]: (-0.4, -0.2, 0.0) 3
[17:10:43.526]: (-0.5, -0.2, 0.0) 3
[17:10:43.541]: (-0.5, -0.2, 0.0) 3
[17:10:43.586]: (-0.5, -0.2, 0.0) 3
[17:10:43.602]: (-0.5, -0.2, -0.1) 3
[17:10:43.618]: (-0.4, -0.2, 0.0) 3
[17:10:43.633]: (-0.4, -0.2, 0.0) 3
[17:10:43.649]: (-0.4, -0.2, 0.0) 3
[17:10:43.673]: (-0.4, -0.2, 0.0) 3
[17:10:43.694]: (-0.5, -0.2, 0.0) 3
[17:10:43.716]: (-0.4, -0.2, 0.0) 3
[17:10:43.738]: (-0.5, -0.2, 0.0) 3
[17:10:43.761]: (-0.5, -0.2, 0.0) 3
[17:10:43.784]: (-0.5, -0.2, 0.0) 3
[17:10:43.806]: (-0.5, -0.2, 0.0) 3
[17:10:43.827]: (-0.5, -0.2, 0.0) 3
[17:10:43.849]: (-0.4, -0.2, 0.0) 3
[17:10:43.871]: (-0.4, -0.2, 0.0) 3
[17:10:43.894]: (-0.4, -0.2, 0.0) 3
[17:10:43.916]: (-0.4, -0.2, 0.0) 3
[17:10:43.938]: (-0.5, -0.2, 0.0) 3
[17:10:43.960]: (-0.4, -0.2, 0.0) 3
[17:10:43.983]: (-0.4, -0.2, 0.0) 3
[17:10:44.006]: (-0.4, -0.2, 0.0) 3
[17:10:44.027]: (-0.5, -0.2, 0.0) 3
[17:10:44.072]: (-0.4, -0.3, 0.0) 4
[17:10:48.524]: (-0.4, -0.1, 0.1) 5
[17:10:48.539]: (-0.4, -0.1, 0.1) 5
[17:10:48.554]: (-0.4, -0.1, 0.1) 5
[17:10:48.571]: (-0.4, -0.1, 0.1) 5
[17:10:48.586]: (-0.4, -0.1, 0.1) 5
[17:10:48.604]: (-0.4, -0.1, 0.1) 5
[17:10:48.619]: (-0.4, -0.2, 0.0) 3
[17:10:48.649]: (-0.5, -0.2, 0.0) 3
[17:10:48.665]: (-0.5, -0.2, 0.0) 3
[17:10:48.682]: (-0.5, -0.2, 0.0) 3
[17:10:48.697]: (-0.5, -0.2, 0.0) 3
[17:10:48.714]: (-0.5, -0.2, 0.0) 3
[17:10:48.730]: (-0.5, -0.2, -0.1) 3
[17:10:48.746]: (-0.5, -0.2, -0.1) 3
[17:10:48.762]: (-0.5, -0.2, -0.1) 3
[17:10:48.779]: (-0.5, -0.2, -0.1) 3
[17:10:48.795]: (-0.5, -0.2, -0.1) 3
[17:10:48.813]: (-0.5, -0.2, -0.1) 3
[17:10:48.832]: (-0.5, -0.2, -0.1) 3
[17:10:48.851]: (-0.5, -0.2, -0.1) 3
[17:10:48.870]: (-0.5, -0.2, -0.1) 3
[17:10:48.937]: (-0.5, -0.3, -0.1) 3
[17:10:50.092]: (-0.5, -0.2, -0.1) 3
[17:10:50.111]: (-0.5, -0.2, -0.1) 3
[17:10:50.126]: (-0.5, -0.3, -0.1) 3
[17:10:50.157]: (-0.5, -0.3, -0.1) 3
[17:10:50.172]: (-0.5, -0.2, -0.1) 3
[17:10:50.188]: (-0.5, -0.2, -0.1) 3
[17:10:59.798]: (-0.4, -0.1, 0.1) 5
[17:10:59.814]: (-0.4, -0.1, 0.1) 5
[17:10:59.844]: (-0.4, -0.1, 0.1) 5
[17:10:59.860]: (-0.4, -0.1, 0.1) 5
[17:10:59.905]: (-0.4, -0.2, 0.0) 3
[17:10:59.922]: (-0.4, -0.2, 0.0) 3
[17:10:59.943]: (-0.4, -0.2, 0.0) 3
[17:10:59.966]: (-0.4, -0.2, 0.0) 3
[17:10:59.987]: (-0.5, -0.2, -0.1) 3
[17:11:00.010]: (-0.4, -0.3, -0.1) 3
[17:11:00.033]: (-0.4, -0.2, -0.1) 3
[17:11:00.055]: (-0.4, -0.2, -0.1) 3
[17:11:00.077]: (-0.5, -0.3, -0.1) 3
[17:11:00.121]: (-0.5, -0.2, -0.1) 3
[17:11:00.143]: (-0.5, -0.2, -0.1) 3
[17:11:00.166]: (-0.5, -0.2, -0.1) 3
[17:11:00.188]: (-0.5, -0.2, -0.1) 3
[17:11:00.210]: (-0.5, -0.2, -0.1) 3
[17:11:00.232]: (-0.5, -0.2, -0.1) 3
[17:11:00.254]: (-0.5, -0.3, -0.1) 3
[17:11:00.277]: (-0.5, -0.2, -0.1) 3
[17:11:00.299]: (-0.5, -0.2, -0.1) 3
[17:11:00.343]: (-0.5, -0.2, -0.1) 3
[17:11:00.359]: (-0.5, -0.2, -0.1) 3
[17:11:00.375]: (-0.5, -0.2, -0.1) 3
[17:11:00.391]: (-0.5, -0.2, -0.1) 3
[17:11:00.435]: (-0.5, -0.2, -0.1) 3
[17:11:00.452]: (-0.5, -0.2, -0.1) 3
[17:11:01.331]: (-0.4, -0.3, 0.0) 4
[17:11:01.347]: (-0.3, -0.1, 0.1) 5
[17:11:08.171]: (-0.4, -0.1, 0.0) 5
[17:11:08.188]: (-0.4, -0.1, 0.1) 5
[17:11:08.206]: (-0.4, -0.1, 0.1) 5
[17:11:08.224]: (-0.4, -0.1, 0.1) 5
[17:11:08.341]: (-0.4, -0.1, 0.1) 5
[17:11:08.358]: (-0.4, -0.1, 0.0) 5
[17:11:08.376]: (-0.3, -0.1, 0.0) 5
[17:11:08.391]: (-0.3, -0.1, 0.1) 5
[17:11:08.408]: (-0.3, -0.1, 0.1) 5
[17:11:08.423]: (-0.3, -0.1, 0.1) 5
[17:11:08.507]: (-0.4, -0.1, 0.1) 5
[17:11:08.529]: (-0.3, -0.1, 0.1) 5
[17:11:08.551]: (-0.3, -0.1, 0.1) 5
[17:11:08.596]: (-0.4, -0.1, 0.1) 5
[17:11:08.728]: (-0.4, -0.1, 0.1) 5
[17:11:08.750]: (-0.3, -0.1, 0.1) 5
[17:11:08.941]: (-0.3, -0.1, 0.1) 5
[17:11:08.956]: (-0.3, -0.1, 0.1) 5
[17:11:08.972]: (-0.3, -0.1, 0.1) 5
[17:11:09.136]: (-0.3, -0.1, 0.1) 5
[17:11:09.150]: (-0.3, -0.1, 0.1) 5
[17:11:09.225]: (-0.3, -0.1, 0.1) 5
[17:11:09.241]: (-0.3, -0.1, 0.1) 5
[17:11:09.261]: (-0.3, -0.1, 0.1) 5
[17:11:13.659]: (-0.3, 1.4, 0.3) 5
[17:11:13.683]: (-0.3, 1.4, 0.3) 5
[17:11:13.704]: (-0.3, 1.4, 0.3) 5
[17:11:13.727]: (-0.3, 1.4, 0.3) 5
[17:11:13.749]: (-0.3, 1.4, 0.3) 5
[17:11:13.771]: (-0.3, 1.4, 0.3) 5
[17:11:13.794]: (-0.3, 1.4, 0.3) 5
[17:11:15.592]: (-0.2, 1.2, 0.4) 4
[17:11:15.616]: (-0.2, 1.2, 0.4) 4
[17:11:15.636]: (-0.2, 1.2, 0.4) 4
[17:11:15.659]: (-0.2, 1.2, 0.4) 4
[17:11:15.682]: (-0.2, 1.2, 0.4) 4
[17:11:15.704]: (-0.2, 1.2, 0.4) 4
[17:11:15.720]: (-0.2, 1.3, 0.4) 4
[17:11:15.734]: (-0.2, 1.3, 0.4) 4
[17:11:15.751]: (-0.2, 1.3, 0.4) 4
[17:11:15.768]: (-0.2, 1.3, 0.4) 4
[17:11:15.784]: (-0.2, 1.2, 0.4) 4
[17:11:16.952]: (-0.3, 1.4, 0.4) 5
[17:11:16.968]: (-0.3, 1.4, 0.4) 5
[17:11:16.984]: (-0.3, 1.4, 0.4) 5
[17:11:17.000]: (-0.3, 1.4, 0.4) 5
[17:11:17.017]: (-0.3, 1.4, 0.4) 5
[17:11:17.032]: (-0.3, 1.4, 0.4) 5
[17:11:17.048]: (-0.3, 1.4, 0.4) 5
[17:11:17.068]: (-0.3, 1.4, 0.4) 5
[17:11:17.092]: (-0.3, 1.4, 0.4) 5
[17:11:17.114]: (-0.3, 1.4, 0.4) 5
[17:11:17.137]: (-0.3, 1.4, 0.4) 5
[17:11:17.157]: (-0.3, 1.4, 0.3) 5
[17:11:17.181]: (-0.3, 1.4, 0.3) 5
[17:11:17.203]: (-0.3, 1.4, 0.3) 5
[17:11:17.226]: (-0.3, 1.4, 0.4) 5
[17:11:17.248]: (-0.3, 1.4, 0.4) 5
[17:11:17.270]: (-0.3, 1.4, 0.4) 5
[17:11:17.314]: (-0.3, 1.4, 0.4) 5
[17:11:17.336]: (-0.3, 1.4, 0.4) 5
[17:11:17.358]: (-0.3, 1.4, 0.4) 5
[17:11:17.403]: (-0.3, 1.4, 0.4) 5
[17:11:17.425]: (-0.3, 1.4, 0.4) 5
[17:11:17.447]: (-0.3, 1.4, 0.4) 5
[17:11:17.469]: (-0.3, 1.4, 0.4) 5
[17:11:18.190]: (-0.3, 1.4, 0.4) 5
[17:11:18.213]: (-0.3, 1.4, 0.4) 5
[17:11:18.257]: (-0.3, 1.4, 0.4) 5
[17:11:18.280]: (-0.3, 1.4, 0.4) 5
[17:11:18.946]: (-0.3, 1.4, 0.4) 5
[17:11:18.968]: (-0.3, 1.4, 0.4) 5
[17:11:19.013]: (-0.3, 1.4, 0.4) 5
[17:11:19.036]: (-0.3, 1.4, 0.4) 5
[17:11:19.057]: (-0.3, 1.4, 0.4) 5
[17:11:19.083]: (-0.3, 1.4, 0.4) 5
[17:11:19.102]: (-0.3, 1.4, 0.4) 5
[17:11:19.125]: (-0.3, 1.4, 0.4) 5
[17:11:19.146]: (-0.3, 1.4, 0.4) 5
[17:11:19.168]: (-0.3, 1.4, 0.3) 5
[17:11:19.191]: (-0.3, 1.4, 0.3) 5
[17:11:19.213]: (-0.3, 1.4, 0.4) 5
[17:11:19.229]: (-0.3, 1.4, 0.4) 5
[17:11:19.246]: (-0.3, 1.4, 0.4) 5
[17:11:19.262]: (-0.3, 1.4, 0.4) 5
[17:11:19.278]: (-0.3, 1.4, 0.4) 5
[17:11:19.294]: (-0.3, 1.4, 0.4) 5
[17:11:19.311]: (-0.3, 1.4, 0.3) 5
[17:11:19.327]: (-0.3, 1.4, 0.3) 5
[17:11:19.343]: (-0.3, 1.4, 0.3) 5
[17:11:19.360]: (-0.3, 1.4, 0.3) 5
[17:11:19.377]: (-0.3, 1.4, 0.3) 5
[17:11:19.392]: (-0.3, 1.4, 0.3) 5
[17:11:19.407]: (-0.3, 1.4, 0.3) 5
[17:11:19.423]: (-0.3, 1.4, 0.3) 5
[17:11:19.440]: (-0.3, 1.4, 0.3) 5
[17:11:19.456]: (-0.3, 1.4, 0.3) 5
[17:11:19.477]: (-0.3, 1.4, 0.3) 5
[17:11:19.500]: (-0.3, 1.4, 0.3) 5
[17:11:19.519]: (-0.3, 1.4, 0.3) 5
[17:11:19.535]: (-0.3, 1.4, 0.3) 5
[17:11:19.551]: (-0.3, 1.4, 0.3) 5
[17:11:19.566]: (-0.3, 1.4, 0.3) 5
[17:11:19.582]: (-0.3, 1.4, 0.3) 5
[17:11:19.598]: (-0.3, 1.4, 0.4) 5
[17:11:19.614]: (-0.3, 1.4, 0.3) 5
[17:11:19.630]: (-0.3, 1.4, 0.4) 5
[17:11:19.645]: (-0.3, 1.4, 0.4) 5
[17:11:19.661]: (-0.3, 1.4, 0.4) 5
[17:11:19.677]: (-0.3, 1.4, 0.4) 5
[17:11:19.693]: (-0.3, 1.4, 0.4) 5
[17:11:20.132]: (-0.3, 1.4, 0.3) 5
[17:11:20.148]: (-0.3, 1.4, 0.3) 5
[17:11:20.163]: (-0.3, 1.4, 0.3) 5
[17:11:20.178]: (-0.3, 1.4, 0.3) 5
[17:11:20.193]: (-0.3, 1.4, 0.3) 5
[17:11:20.211]: (-0.3, 1.4, 0.4) 5
[17:11:20.228]: (-0.3, 1.4, 0.3) 5
[17:11:20.244]: (-0.3, 1.4, 0.3) 5
[17:11:20.258]: (-0.3, 1.4, 0.4) 5
[17:11:20.274]: (-0.3, 1.4, 0.4) 5
[17:11:20.289]: (-0.3, 1.4, 0.4) 5
[17:11:20.305]: (-0.3, 1.4, 0.4) 5
[17:11:20.322]: (-0.3, 1.4, 0.4) 5
[17:11:20.337]: (-0.3, 1.4, 0.4) 5
[17:11:20.352]: (-0.3, 1.4, 0.4) 5
[17:11:20.368]: (-0.3, 1.4, 0.4) 5
[17:11:20.384]: (-0.3, 1.4, 0.4) 5
[17:11:20.399]: (-0.3, 1.4, 0.4) 5
[17:11:20.415]: (-0.3, 1.4, 0.3) 5
[17:11:20.430]: (-0.3, 1.4, 0.3) 5
[17:11:20.446]: (-0.3, 1.4, 0.3) 5
[17:11:20.463]: (-0.3, 1.4, 0.3) 5
[17:11:20.478]: (-0.3, 1.4, 0.3) 5
[17:11:20.494]: (-0.3, 1.4, 0.4) 5
[17:11:20.510]: (-0.3, 1.4, 0.3) 5
[17:11:20.526]: (-0.3, 1.4, 0.3) 5
[17:11:20.846]: (-0.3, 1.4, 0.4) 5
[17:11:20.868]: (-0.3, 1.4, 0.4) 5
[17:11:20.890]: (-0.3, 1.4, 0.4) 5
[17:11:20.914]: (-0.3, 1.4, 0.3) 5
[17:11:20.934]: (-0.3, 1.4, 0.3) 5
[17:11:20.956]: (-0.3, 1.4, 0.3) 5
[17:11:20.979]: (-0.3, 1.4, 0.3) 5
[17:11:20.998]: (-0.3, 1.4, 0.3) 5
[17:11:21.014]: (-0.3, 1.4, 0.3) 5
[17:11:21.031]: (-0.3, 1.4, 0.3) 5
[17:11:21.047]: (-0.3, 1.4, 0.3) 5
[17:11:21.063]: (-0.3, 1.4, 0.3) 5
[17:11:21.078]: (-0.3, 1.4, 0.3) 5
[17:11:21.094]: (-0.3, 1.4, 0.3) 5
[17:11:21.110]: (-0.3, 1.4, 0.3) 5
[17:11:21.126]: (-0.3, 1.4, 0.3) 5
[17:11:21.142]: (-0.3, 1.4, 0.3) 5
[17:11:21.158]: (-0.3, 1.4, 0.3) 5
[17:11:21.173]: (-0.3, 1.4, 0.3) 5
[17:11:21.189]: (-0.3, 1.4, 0.3) 5
[17:11:21.204]: (-0.3, 1.4, 0.3) 5
[17:11:21.220]: (-0.3, 1.4, 0.3) 5
[17:11:21.237]: (-0.3, 1.4, 0.3) 5
[17:11:21.253]: (-0.3, 1.4, 0.3) 5
[17:11:21.269]: (-0.3, 1.4, 0.3) 5
[17:11:21.284]: (-0.3, 1.4, 0.3) 5
[17:11:21.299]: (-0.3, 1.4, 0.3) 5
[17:11:21.315]: (-0.3, 1.4, 0.3) 5
[17:11:21.330]: (-0.3, 1.4, 0.3) 5
[17:11:21.348]: (-0.3, 1.4, 0.3) 5
[17:11:21.783]: (-0.3, 1.4, 0.4) 5
[17:11:21.801]: (-0.3, 1.4, 0.4) 5
[17:11:21.825]: (-0.3, 1.4, 0.4) 5
[17:11:21.845]: (-0.3, 1.4, 0.4) 5
[17:11:21.869]: (-0.3, 1.4, 0.4) 5
[17:11:21.888]: (-0.3, 1.4, 0.4) 5
[17:11:21.904]: (-0.3, 1.4, 0.4) 5
[17:11:21.922]: (-0.3, 1.4, 0.3) 5
[17:11:21.940]: (-0.3, 1.4, 0.4) 5
[17:11:21.956]: (-0.3, 1.4, 0.3) 5
[17:11:21.972]: (-0.3, 1.4, 0.4) 5
[17:11:21.987]: (-0.3, 1.4, 0.3) 5
[17:11:22.004]: (-0.3, 1.4, 0.3) 5
[17:11:22.019]: (-0.3, 1.4, 0.3) 5
[17:11:22.035]: (-0.3, 1.4, 0.3) 5
[17:11:22.051]: (-0.3, 1.4, 0.3) 5
[17:11:22.067]: (-0.3, 1.4, 0.3) 5
[17:11:22.084]: (-0.3, 1.4, 0.3) 5
[17:11:22.102]: (-0.3, 1.4, 0.3) 5
[17:11:22.119]: (-0.3, 1.4, 0.3) 5
[17:11:22.827]: (-0.4, 1.3, 0.4) 3
[17:11:22.842]: (-0.4, 1.3, 0.4) 3
[17:11:22.857]: (-0.4, 1.3, 0.4) 3
[17:11:22.873]: (-0.4, 1.3, 0.4) 3
[17:11:22.889]: (-0.4, 1.3, 0.4) 3
[17:11:22.905]: (-0.4, 1.3, 0.4) 3
[17:11:22.921]: (-0.4, 1.3, 0.4) 3
[17:11:22.939]: (-0.4, 1.3, 0.4) 3
[17:11:22.954]: (-0.4, 1.3, 0.4) 3
[17:11:22.971]: (-0.4, 1.3, 0.4) 3
[17:11:22.987]: (-0.4, 1.3, 0.4) 3
[17:11:23.005]: (-0.4, 1.3, 0.4) 3
[17:11:23.022]: (-0.4, 1.3, 0.4) 3
[17:11:23.037]: (-0.4, 1.3, 0.4) 3
[17:11:23.053]: (-0.4, 1.3, 0.4) 3
[17:11:23.070]: (-0.4, 1.3, 0.4) 3
[17:11:23.085]: (-0.4, 1.3, 0.4) 3
[17:11:23.101]: (-0.4, 1.3, 0.4) 3
[17:11:23.117]: (-0.4, 1.3, 0.4) 3
[17:11:23.135]: (-0.4, 1.3, 0.4) 3
[17:11:23.150]: (-0.4, 1.3, 0.4) 3
[17:11:23.166]: (-0.4, 1.3, 0.4) 3
[17:11:23.190]: (-0.4, 1.3, 0.4) 3
[17:11:23.212]: (-0.4, 1.3, 0.4) 3
[17:11:23.236]: (-0.4, 1.3, 0.4) 3
[17:11:23.256]: (-0.4, 1.3, 0.4) 3
[17:11:23.278]: (-0.4, 1.3, 0.4) 3
[17:11:23.302]: (-0.4, 1.3, 0.4) 3
[17:11:23.323]: (-0.4, 1.3, 0.4) 3
[17:11:23.345]: (-0.4, 1.3, 0.4) 3
[17:11:23.369]: (-0.4, 1.3, 0.4) 3
[17:11:23.391]: (-0.4, 1.3, 0.4) 3
[17:11:23.412]: (-0.4, 1.3, 0.4) 3
[17:11:23.435]: (-0.4, 1.3, 0.4) 3
[17:11:23.457]: (-0.4, 1.3, 0.4) 3
[17:11:23.478]: (-0.4, 1.3, 0.4) 3
[17:11:23.502]: (-0.4, 1.3, 0.4) 3
[17:11:23.523]: (-0.4, 1.3, 0.4) 3
[17:11:23.545]: (-0.4, 1.3, 0.4) 3
[17:11:23.568]: (-0.4, 1.3, 0.4) 3
[17:11:23.586]: (-0.3, 1.3, 0.4) 3
[17:11:25.266]: (-0.1, 1.5, 0.2) 1
[17:11:25.288]: (-0.1, 1.4, 0.2) 1
[17:11:25.311]: (-0.1, 1.4, 0.3) 1
[17:11:25.328]: (-0.1, 1.4, 0.3) 1
[17:11:25.343]: (-0.1, 1.4, 0.2) 1
[17:11:25.375]: (-0.1, 1.4, 0.3) 1
[17:11:25.390]: (-0.1, 1.4, 0.2) 1
[17:11:25.436]: (-0.1, 1.4, 0.2) 1
[17:11:25.451]: (-0.1, 1.4, 0.3) 1
[17:11:25.467]: (-0.1, 1.4, 0.2) 1
[17:11:25.482]: (-0.1, 1.4, 0.3) 1
[17:11:25.498]: (-0.1, 1.4, 0.2) 1
[17:11:25.514]: (-0.1, 1.4, 0.2) 1
[17:11:25.545]: (-0.1, 1.4, 0.2) 1
[17:11:25.561]: (-0.1, 1.4, 0.2) 1
[17:11:25.621]: (-0.1, 1.4, 0.2) 1
[17:11:25.637]: (-0.1, 1.4, 0.3) 1
[17:11:25.733]: (-0.1, 1.4, 0.3) 1
[17:11:25.755]: (-0.1, 1.4, 0.3) 1
[17:11:25.777]: (-0.1, 1.4, 0.2) 1
[17:11:25.800]: (-0.1, 1.4, 0.3) 1
[17:11:25.822]: (-0.1, 1.4, 0.2) 1
[17:11:25.844]: (-0.1, 1.4, 0.2) 1
[17:11:25.866]: (-0.1, 1.4, 0.3) 1
[17:11:25.888]: (-0.1, 1.4, 0.2) 1
[17:11:25.911]: (-0.1, 1.4, 0.3) 1
[17:11:25.934]: (-0.1, 1.4, 0.3) 1
[17:11:25.954]: (-0.1, 1.4, 0.2) 1
[17:11:25.977]: (-0.1, 1.4, 0.3) 1
[17:11:26.000]: (-0.1, 1.4, 0.2) 1
[17:11:26.021]: (-0.1, 1.5, 0.2) 1
[17:11:26.043]: (-0.1, 1.4, 0.2) 1
[17:11:26.066]: (0.0, 1.4, 0.2) 0
[17:11:26.089]: (0.0, 1.4, 0.2) 0
[17:11:26.110]: (0.0, 1.4, 0.2) 0
[17:11:26.136]: (0.0, 1.4, 0.2) 0
[17:11:26.156]: (0.0, 1.4, 0.2) 0
[17:11:26.177]: (0.0, 1.4, 0.2) 0
[17:11:26.195]: (0.0, 1.4, 0.2) 0
[17:11:26.211]: (0.0, 1.4, 0.2) 0
[17:11:26.227]: (0.0, 1.4, 0.2) 0
[17:11:26.244]: (0.0, 1.4, 0.2) 0
[17:11:26.261]: (0.0, 1.4, 0.2) 0
[17:11:26.277]: (0.0, 1.4, 0.2) 0
[17:11:26.293]: (0.0, 1.4, 0.2) 0
[17:11:26.309]: (0.0, 1.4, 0.2) 0
[17:11:26.325]: (0.0, 1.4, 0.2) 0
[17:11:26.341]: (0.0, 1.4, 0.2) 0
[17:11:26.355]: (0.0, 1.4, 0.2) 0
[17:11:26.444]: (0.0, 1.4, 0.2) 0
[17:11:26.462]: (0.0, 1.4, 0.2) 0
[17:11:26.477]: (0.0, 1.4, 0.2) 0
[17:11:26.493]: (0.0, 1.4, 0.2) 0
[17:11:26.508]: (0.0, 1.4, 0.2) 0
[17:11:26.523]: (0.0, 1.4, 0.2) 0
[17:11:26.539]: (0.0, 1.4, 0.2) 0
[17:11:26.554]: (0.0, 1.4, 0.2) 0
[17:11:26.570]: (0.0, 1.4, 0.2) 0
[17:11:26.586]: (0.0, 1.4, 0.2) 0
[17:11:26.602]: (0.0, 1.4, 0.2) 0
[17:11:26.619]: (0.0, 1.4, 0.2) 0
[17:11:26.636]: (0.0, 1.4, 0.2) 0
[17:11:26.653]: (0.0, 1.4, 0.2) 0
[17:11:26.668]: (0.0, 1.4, 0.2) 0
[17:11:26.689]: (0.0, 1.4, 0.2) 0
[17:11:26.710]: (0.0, 1.4, 0.2) 0
[17:11:26.735]: (0.0, 1.4, 0.2) 0
[17:11:26.755]: (0.0, 1.4, 0.2) 0
[17:11:26.779]: (0.0, 1.4, 0.2) 0
[17:11:26.799]: (0.0, 1.4, 0.2) 0
[17:11:26.823]: (0.0, 1.4, 0.2) 0
[17:11:26.843]: (0.0, 1.4, 0.2) 0
[17:11:26.866]: (0.0, 1.4, 0.2) 0
[17:11:26.888]: (0.0, 1.4, 0.2) 0
[17:11:26.910]: (0.0, 1.4, 0.2) 0
[17:11:26.934]: (0.0, 1.4, 0.2) 0
[17:11:26.954]: (0.0, 1.4, 0.2) 0
[17:11:26.976]: (0.0, 1.4, 0.2) 0
[17:11:26.998]: (0.0, 1.4, 0.2) 0
[17:11:27.021]: (0.0, 1.4, 0.2) 0
[17:11:27.043]: (0.0, 1.4, 0.2) 0
[17:11:27.066]: (0.0, 1.4, 0.2) 0
[17:11:27.088]: (0.0, 1.4, 0.2) 0
[17:11:27.110]: (0.0, 1.4, 0.2) 0
[17:11:27.132]: (0.0, 1.4, 0.2) 0
[17:11:27.154]: (0.0, 1.4, 0.2) 0
[17:11:27.169]: (0.0, 1.4, 0.2) 0
[17:11:27.185]: (0.0, 1.4, 0.2) 0
[17:11:27.200]: (0.0, 1.4, 0.2) 0
[17:11:27.217]: (0.0, 1.4, 0.2) 0
[17:11:27.234]: (0.0, 1.4, 0.2) 0
[17:11:27.251]: (0.0, 1.4, 0.2) 0
[17:11:27.266]: (0.0, 1.4, 0.2) 0
[17:11:27.283]: (0.0, 1.4, 0.2) 0
[17:11:27.298]: (0.0, 1.4, 0.3) 0
[17:11:27.313]: (0.0, 1.4, 0.3) 0
[17:11:27.358]: (0.0, 1.4, 0.3) 0
[17:11:27.374]: (0.0, 1.4, 0.3) 0
[17:11:27.390]: (0.0, 1.4, 0.3) 0
[17:11:27.406]: (0.0, 1.4, 0.3) 0
[17:11:27.422]: (0.0, 1.4, 0.3) 0
[17:11:27.438]: (-0.1, 1.4, 0.3) 0
[17:11:27.456]: (0.0, 1.4, 0.3) 0
[17:11:27.472]: (-0.1, 1.4, 0.3) 0
[17:11:27.488]: (-0.1, 1.4, 0.3) 0
[17:11:27.504]: (-0.1, 1.4, 0.3) 0
[17:11:27.519]: (0.0, 1.4, 0.3) 0
[17:11:27.535]: (0.0, 1.4, 0.3) 0
[17:11:27.687]: (-0.1, 1.4, 0.3) 0
[17:11:27.710]: (-0.1, 1.4, 0.3) 0
[17:11:27.734]: (-0.1, 1.4, 0.3) 0
[17:11:27.754]: (-0.1, 1.4, 0.3) 0
[17:11:27.776]: (-0.1, 1.4, 0.3) 0
[17:11:27.798]: (-0.1, 1.4, 0.3) 0
[17:11:27.821]: (-0.1, 1.4, 0.3) 0
[17:11:27.844]: (-0.1, 1.4, 0.3) 0
[17:11:27.865]: (-0.1, 1.4, 0.3) 0
[17:11:27.887]: (-0.1, 1.4, 0.3) 0
[17:11:27.909]: (-0.1, 1.4, 0.3) 0
[17:11:27.932]: (-0.1, 1.4, 0.3) 0
[17:11:29.387]: (-0.3, 1.3, 0.4) 3
[17:11:29.409]: (-0.4, 1.3, 0.4) 3
[17:11:29.431]: (-0.4, 1.3, 0.4) 3
[17:11:29.453]: (-0.4, 1.3, 0.4) 3
[17:11:29.475]: (-0.4, 1.3, 0.4) 3
[17:11:29.498]: (-0.4, 1.3, 0.4) 3
[17:11:29.520]: (-0.4, 1.3, 0.4) 3
[17:11:29.542]: (-0.4, 1.3, 0.4) 3
[17:11:29.564]: (-0.4, 1.3, 0.4) 3
[17:11:29.587]: (-0.4, 1.3, 0.4) 3
[17:11:29.609]: (-0.4, 1.3, 0.4) 3
[17:11:29.633]: (-0.4, 1.3, 0.4) 3
[17:11:29.654]: (-0.4, 1.3, 0.4) 3
[17:11:29.676]: (-0.4, 1.3, 0.4) 3
[17:11:29.697]: (-0.4, 1.3, 0.4) 3
[17:11:29.720]: (-0.4, 1.3, 0.4) 3
[17:11:29.737]: (-0.4, 1.3, 0.4) 3
[17:11:29.753]: (-0.4, 1.3, 0.4) 3
[17:11:29.769]: (-0.4, 1.3, 0.4) 3
[17:11:29.785]: (-0.4, 1.3, 0.4) 3
[17:11:29.800]: (-0.4, 1.3, 0.4) 3
[17:11:29.817]: (-0.4, 1.3, 0.4) 3
[17:11:29.833]: (-0.4, 1.3, 0.4) 3
[17:11:29.849]: (-0.4, 1.3, 0.4) 3
[17:11:29.865]: (-0.4, 1.3, 0.4) 3
[17:11:29.881]: (-0.4, 1.3, 0.4) 3
[17:11:29.898]: (-0.4, 1.3, 0.4) 3
[17:11:29.914]: (-0.4, 1.3, 0.4) 3
[17:11:29.930]: (-0.4, 1.3, 0.4) 3
[17:11:29.946]: (-0.4, 1.3, 0.4) 3
[17:11:29.962]: (-0.4, 1.3, 0.4) 3
[17:11:29.978]: (-0.4, 1.3, 0.4) 3
[17:11:29.994]: (-0.4, 1.3, 0.4) 3
[17:11:30.010]: (-0.4, 1.3, 0.4) 3
[17:11:30.025]: (-0.4, 1.3, 0.4) 3
[17:11:30.040]: (-0.4, 1.3, 0.4) 3
[17:11:30.055]: (-0.4, 1.3, 0.4) 3
[17:11:30.071]: (-0.4, 1.3, 0.4) 3
[17:11:30.087]: (-0.4, 1.3, 0.4) 3
[17:11:30.104]: (-0.4, 1.3, 0.4) 3
[17:11:30.120]: (-0.4, 1.3, 0.4) 3
[17:11:30.136]: (-0.4, 1.3, 0.4) 3
[17:11:30.151]: (-0.4, 1.3, 0.4) 3
[17:11:30.167]: (-0.4, 1.3, 0.4) 3
[17:11:30.186]: (-0.4, 1.3, 0.4) 3
[17:11:30.209]: (-0.4, 1.3, 0.4) 3
[17:11:30.232]: (-0.4, 1.3, 0.4) 3
[17:11:30.254]: (-0.4, 1.3, 0.4) 3
[17:11:30.277]: (-0.4, 1.3, 0.4) 3
[17:11:30.297]: (-0.4, 1.3, 0.4) 3
[17:11:30.320]: (-0.4, 1.3, 0.4) 3
[17:11:30.343]: (-0.4, 1.3, 0.4) 3
[17:11:30.365]: (-0.4, 1.3, 0.4) 3
[17:11:30.386]: (-0.4, 1.3, 0.4) 3
[17:11:30.410]: (-0.4, 1.3, 0.4) 3
[17:11:30.432]: (-0.4, 1.3, 0.4) 3
[17:11:30.452]: (-0.4, 1.3, 0.4) 3
[17:11:30.476]: (-0.4, 1.3, 0.4) 3
[17:11:30.498]: (-0.4, 1.3, 0.4) 3
[17:11:30.521]: (-0.4, 1.3, 0.4) 3
[17:11:30.541]: (-0.4, 1.3, 0.4) 3
[17:11:30.565]: (-0.4, 1.3, 0.4) 3
[17:11:30.586]: (-0.4, 1.3, 0.4) 3
[17:11:30.608]: (-0.4, 1.3, 0.4) 3
[17:11:30.629]: (-0.4, 1.3, 0.4) 3
[17:11:30.649]: (-0.4, 1.3, 0.4) 3
[17:11:30.670]: (-0.4, 1.3, 0.4) 3
[17:11:33.453]: (-0.2, 1.4, 0.4) 5
[17:11:33.474]: (-0.2, 1.4, 0.4) 5
[17:11:33.989]: (-0.4, 1.3, 0.4) 3
[17:11:34.005]: (-0.4, 1.3, 0.3) 3
[17:11:34.021]: (-0.4, 1.3, 0.3) 3
[17:11:34.037]: (-0.4, 1.3, 0.3) 3
[17:11:34.054]: (-0.4, 1.3, 0.3) 3
[17:11:34.075]: (-0.4, 1.3, 0.3) 3
[17:11:34.095]: (-0.4, 1.3, 0.4) 3
[17:11:34.111]: (-0.4, 1.3, 0.4) 3
[17:11:34.127]: (-0.4, 1.3, 0.4) 3
[17:11:34.143]: (-0.4, 1.3, 0.4) 3
[17:11:34.159]: (-0.4, 1.3, 0.4) 3
[17:11:34.175]: (-0.4, 1.3, 0.4) 3
[17:11:34.191]: (-0.4, 1.3, 0.4) 3
[17:11:34.209]: (-0.4, 1.3, 0.4) 3
[17:11:34.226]: (-0.4, 1.3, 0.4) 3
[17:11:34.242]: (-0.4, 1.3, 0.4) 3
[17:11:34.259]: (-0.4, 1.3, 0.4) 3
[17:11:34.274]: (-0.4, 1.3, 0.4) 3
[17:11:34.296]: (-0.4, 1.3, 0.4) 3
[17:11:34.319]: (-0.4, 1.3, 0.4) 3
[17:11:34.341]: (-0.4, 1.3, 0.4) 3
[17:11:34.563]: (-0.3, 1.4, 0.4) 5
[17:11:34.607]: (-0.3, 1.4, 0.4) 5
[17:11:34.629]: (-0.3, 1.4, 0.3) 5
[17:11:35.351]: (-0.2, 1.4, 0.3) 5
[17:11:35.374]: (-0.3, 1.4, 0.3) 5
[17:11:35.396]: (-0.3, 1.4, 0.3) 5
[17:11:35.418]: (-0.3, 1.4, 0.3) 5
[17:11:35.440]: (-0.3, 1.4, 0.3) 5
[17:11:35.464]: (-0.3, 1.4, 0.3) 5
[17:11:35.484]: (-0.3, 1.4, 0.3) 5
[17:11:35.506]: (-0.3, 1.4, 0.3) 5
[17:11:35.523]: (-0.3, 1.4, 0.3) 5
[17:11:35.539]: (-0.3, 1.4, 0.3) 5
[17:11:35.555]: (-0.3, 1.4, 0.3) 5
[17:11:35.571]: (-0.3, 1.4, 0.3) 5
[17:11:35.586]: (-0.3, 1.4, 0.3) 5
[17:11:35.603]: (-0.3, 1.4, 0.3) 5
[17:11:35.619]: (-0.3, 1.4, 0.3) 5
[17:11:35.635]: (-0.3, 1.4, 0.3) 5
[17:11:35.651]: (-0.3, 1.4, 0.3) 5
[17:11:35.666]: (-0.3, 1.4, 0.3) 5
[17:11:35.681]: (-0.3, 1.4, 0.3) 5
[17:11:35.696]: (-0.3, 1.4, 0.3) 5
[17:11:35.712]: (-0.3, 1.4, 0.3) 5
[17:11:35.728]: (-0.3, 1.4, 0.3) 5
[17:11:35.743]: (-0.3, 1.4, 0.3) 5
[17:11:35.759]: (-0.3, 1.4, 0.3) 5
[17:11:36.306]: (-0.3, 1.4, 0.3) 5
[17:11:37.579]: (-0.2, 1.4, 0.4) 5
[17:11:37.595]: (-0.2, 1.4, 0.3) 5
[17:11:37.610]: (-0.3, 1.4, 0.3) 5
[17:11:37.625]: (-0.3, 1.4, 0.3) 5
[17:11:37.642]: (-0.3, 1.4, 0.3) 5
[17:11:37.658]: (-0.3, 1.4, 0.3) 5
[17:11:37.674]: (-0.3, 1.4, 0.3) 5
[17:11:37.695]: (-0.3, 1.4, 0.3) 5
[17:11:37.716]: (-0.3, 1.4, 0.3) 5
[17:11:37.740]: (-0.3, 1.4, 0.3) 5
[17:11:37.762]: (-0.3, 1.4, 0.3) 5
[17:11:37.785]: (-0.3, 1.4, 0.3) 5
[17:11:37.807]: (-0.3, 1.4, 0.3) 5
[17:11:37.828]: (-0.3, 1.4, 0.3) 5
[17:11:37.852]: (-0.3, 1.4, 0.3) 5
[17:11:37.872]: (-0.3, 1.4, 0.3) 5
[17:11:37.894]: (-0.3, 1.4, 0.3) 5
[17:11:37.917]: (-0.3, 1.4, 0.3) 5
[17:11:37.939]: (-0.3, 1.4, 0.3) 5
[17:11:37.961]: (-0.3, 1.4, 0.3) 5
[17:11:37.983]: (-0.3, 1.4, 0.3) 5
[17:11:38.006]: (-0.2, 1.4, 0.3) 5
[17:11:38.029]: (-0.2, 1.4, 0.4) 5
[17:11:41.017]: (-0.2, 1.4, 0.4) 5
[17:11:41.034]: (-0.2, 1.4, 0.4) 5
[17:11:41.051]: (-0.2, 1.4, 0.4) 5
[17:11:41.067]: (-0.2, 1.4, 0.4) 5
[17:11:41.083]: (-0.2, 1.4, 0.4) 5
[17:11:41.099]: (-0.2, 1.4, 0.4) 5
[17:11:41.115]: (-0.2, 1.4, 0.4) 5
[17:11:41.131]: (-0.2, 1.4, 0.4) 5
[17:11:41.149]: (-0.2, 1.4, 0.4) 5
[17:11:41.165]: (-0.2, 1.4, 0.4) 5
[17:11:41.181]: (-0.2, 1.4, 0.4) 5
[17:11:41.197]: (-0.2, 1.4, 0.4) 5
[17:11:41.215]: (-0.2, 1.4, 0.4) 5
[17:11:41.238]: (-0.2, 1.4, 0.4) 5
[17:11:41.259]: (-0.2, 1.4, 0.4) 5
[17:11:41.282]: (-0.2, 1.4, 0.4) 5
[17:11:41.304]: (-0.2, 1.4, 0.4) 5
[17:11:41.326]: (-0.2, 1.4, 0.4) 5
[17:11:41.349]: (-0.2, 1.4, 0.4) 5
[17:11:41.373]: (-0.2, 1.4, 0.4) 5
[17:11:41.393]: (-0.2, 1.4, 0.4) 5
[17:11:41.416]: (-0.2, 1.4, 0.4) 5
[17:11:42.449]: (-0.2, 1.4, 0.4) 5
[17:11:42.470]: (-0.3, 1.4, 0.3) 5
[17:11:42.494]: (-0.3, 1.4, 0.3) 5
[17:11:42.515]: (-0.3, 1.4, 0.4) 5
[17:11:42.538]: (-0.3, 1.4, 0.3) 5
[17:11:42.560]: (-0.3, 1.4, 0.3) 5
[17:11:42.577]: (-0.3, 1.4, 0.3) 5
[17:11:42.593]: (-0.3, 1.4, 0.3) 5
[17:11:42.608]: (-0.3, 1.4, 0.3) 5
[17:11:42.624]: (-0.3, 1.4, 0.3) 5
[17:11:42.641]: (-0.3, 1.4, 0.3) 5
[17:11:42.656]: (-0.3, 1.4, 0.3) 5
[17:11:42.672]: (-0.3, 1.4, 0.3) 5
[17:11:42.689]: (-0.3, 1.4, 0.3) 5
[17:11:42.704]: (-0.3, 1.4, 0.3) 5
[17:11:42.720]: (-0.3, 1.4, 0.3) 5
[17:11:42.738]: (-0.3, 1.4, 0.3) 5
[17:11:42.753]: (-0.3, 1.4, 0.3) 5
[17:11:42.770]: (-0.3, 1.4, 0.3) 5
[17:11:42.786]: (-0.2, 1.4, 0.3) 5
[17:11:42.802]: (-0.2, 1.4, 0.3) 5
[17:11:42.818]: (-0.2, 1.4, 0.3) 5
[17:11:42.833]: (-0.2, 1.4, 0.3) 5
[17:11:42.850]: (-0.3, 1.4, 0.3) 5
[17:11:42.866]: (-0.3, 1.4, 0.3) 5
[17:11:43.259]: (-0.1, 1.4, 0.3) 1
[17:11:43.281]: (-0.1, 1.4, 0.3) 1
[17:11:43.304]: (0.0, 1.4, 0.3) 0
[17:11:43.326]: (0.0, 1.4, 0.3) 0
[17:11:43.348]: (0.0, 1.4, 0.3) 0
[17:11:43.370]: (0.0, 1.4, 0.3) 0
[17:11:43.393]: (0.0, 1.4, 0.3) 0
[17:11:43.414]: (0.0, 1.4, 0.3) 0
[17:11:43.436]: (0.0, 1.4, 0.3) 0
[17:11:43.452]: (0.0, 1.4, 0.3) 0
[17:11:43.468]: (0.0, 1.4, 0.3) 0
[17:11:43.483]: (0.0, 1.4, 0.3) 0
[17:11:43.499]: (0.0, 1.4, 0.3) 0
[17:11:43.515]: (0.0, 1.4, 0.3) 0
[17:11:43.531]: (0.0, 1.4, 0.3) 0
[17:11:43.548]: (0.0, 1.4, 0.3) 0
[17:11:43.565]: (0.0, 1.4, 0.3) 0
[17:11:43.582]: (0.0, 1.4, 0.3) 0
[17:11:43.597]: (0.0, 1.4, 0.3) 0
[17:11:43.613]: (0.0, 1.4, 0.3) 0
[17:11:43.629]: (0.0, 1.4, 0.3) 0
[17:11:43.645]: (0.0, 1.4, 0.3) 0
[17:11:43.660]: (0.0, 1.4, 0.3) 0
[17:11:43.676]: (0.0, 1.4, 0.3) 0
[17:11:43.692]: (0.0, 1.4, 0.3) 0
[17:11:43.707]: (0.0, 1.4, 0.3) 0
[17:11:43.721]: (0.0, 1.4, 0.3) 0
[17:11:43.740]: (0.0, 1.4, 0.3) 0
[17:11:43.755]: (0.0, 1.4, 0.3) 0
[17:11:43.771]: (0.0, 1.4, 0.3) 0
[17:11:43.786]: (0.0, 1.4, 0.3) 0
[17:11:43.802]: (0.0, 1.4, 0.3) 0
[17:11:43.818]: (0.0, 1.4, 0.3) 0
[17:11:43.834]: (0.0, 1.4, 0.3) 0
[17:11:43.850]: (0.0, 1.4, 0.3) 0
[17:11:43.866]: (0.0, 1.4, 0.3) 0
[17:11:43.881]: (0.0, 1.4, 0.3) 0
[17:11:43.904]: (0.0, 1.4, 0.3) 0
[17:11:43.926]: (0.0, 1.4, 0.3) 0
[17:11:43.947]: (0.0, 1.4, 0.3) 0
[17:11:43.970]: (0.0, 1.4, 0.3) 0
[17:11:43.993]: (0.0, 1.4, 0.3) 0
[17:11:44.015]: (0.0, 1.4, 0.3) 0
[17:11:44.037]: (0.0, 1.4, 0.3) 0
[17:11:44.058]: (0.0, 1.4, 0.3) 0
[17:11:44.081]: (0.0, 1.4, 0.3) 0
[17:11:44.103]: (0.0, 1.4, 0.3) 0
[17:11:44.126]: (0.0, 1.4, 0.3) 0
[17:11:44.147]: (0.0, 1.4, 0.3) 0
[17:11:44.170]: (0.0, 1.4, 0.3) 0
[17:11:44.191]: (0.0, 1.4, 0.3) 0
[17:11:44.214]: (0.0, 1.4, 0.3) 0
[17:11:44.237]: (0.0, 1.4, 0.3) 0
[17:11:44.258]: (0.0, 1.4, 0.3) 0
[17:11:44.281]: (0.0, 1.4, 0.3) 0
[17:11:44.302]: (0.0, 1.4, 0.3) 0
[17:11:44.326]: (0.0, 1.4, 0.3) 0
[17:11:44.342]: (0.0, 1.4, 0.3) 0
[17:11:44.360]: (0.0, 1.4, 0.3) 0
[17:11:44.376]: (0.0, 1.4, 0.3) 0
[17:11:44.393]: (0.0, 1.4, 0.3) 0
[17:11:44.408]: (0.0, 1.4, 0.3) 0
[17:11:44.424]: (0.0, 1.4, 0.3) 0
[17:11:44.441]: (0.0, 1.4, 0.3) 0
[17:11:44.457]: (0.0, 1.4, 0.3) 0
[17:11:44.474]: (0.0, 1.4, 0.3) 0
[17:11:44.490]: (0.0, 1.4, 0.3) 0
[17:11:44.506]: (0.0, 1.4, 0.3) 0
[17:11:44.522]: (0.0, 1.4, 0.3) 0
[17:11:44.539]: (0.0, 1.4, 0.3) 0
[17:11:44.556]: (0.0, 1.4, 0.3) 0
[17:11:44.572]: (0.0, 1.4, 0.3) 0
[17:11:44.587]: (0.0, 1.4, 0.3) 0
[17:11:44.603]: (0.0, 1.4, 0.3) 0
[17:11:44.620]: (0.0, 1.4, 0.3) 0
[17:11:44.635]: (0.0, 1.4, 0.3) 0
[17:11:44.651]: (0.0, 1.4, 0.3) 0
[17:11:44.666]: (0.0, 1.4, 0.3) 0
[17:11:44.682]: (0.0, 1.4, 0.3) 0
[17:11:44.698]: (0.0, 1.4, 0.3) 0
[17:11:44.715]: (0.0, 1.4, 0.3) 0
[17:11:44.730]: (0.0, 1.4, 0.3) 0
[17:11:44.748]: (0.0, 1.4, 0.3) 0
[17:11:44.764]: (0.0, 1.4, 0.3) 0
[17:11:44.780]: (0.0, 1.4, 0.3) 0
[17:11:44.804]: (0.0, 1.4, 0.3) 0
[17:11:44.824]: (0.0, 1.4, 0.3) 0
[17:11:44.847]: (0.0, 1.4, 0.3) 0
[17:11:44.870]: (0.0, 1.4, 0.3) 0
[17:11:44.892]: (0.0, 1.4, 0.3) 0
[17:11:44.914]: (0.0, 1.4, 0.3) 0
[17:11:44.937]: (0.0, 1.4, 0.3) 0
[17:11:44.958]: (0.0, 1.4, 0.3) 0
[17:11:45.026]: (-0.2, 1.4, 0.4) 5
[17:11:45.049]: (-0.3, 1.4, 0.3) 5
[17:11:45.070]: (-0.3, 1.4, 0.3) 5
[17:11:45.091]: (-0.3, 1.4, 0.3) 5
[17:11:45.115]: (-0.3, 1.4, 0.3) 5
[17:11:45.136]: (-0.3, 1.4, 0.3) 5
[17:11:45.158]: (-0.3, 1.4, 0.3) 5
[17:11:45.181]: (-0.3, 1.4, 0.3) 5
[17:11:45.197]: (-0.3, 1.4, 0.3) 5
[17:11:45.213]: (-0.3, 1.4, 0.3) 5
[17:11:45.230]: (-0.3, 1.4, 0.3) 5
[17:11:45.247]: (-0.3, 1.4, 0.3) 5
[17:11:45.264]: (-0.3, 1.4, 0.3) 5
[17:11:45.281]: (-0.3, 1.4, 0.3) 5
[17:11:45.296]: (-0.3, 1.4, 0.3) 5
[17:11:45.312]: (-0.3, 1.4, 0.4) 5
[17:11:46.407]: (-0.2, 1.4, 0.3) 5
[17:11:46.422]: (-0.3, 1.4, 0.3) 5
[17:11:46.438]: (-0.3, 1.4, 0.4) 5
[17:11:46.453]: (-0.3, 1.4, 0.4) 5
[17:11:46.469]: (-0.3, 1.4, 0.4) 5
[17:11:46.491]: (-0.3, 1.4, 0.4) 5
[17:11:46.513]: (-0.3, 1.4, 0.4) 5
[17:11:46.535]: (-0.3, 1.4, 0.4) 5
[17:11:46.560]: (-0.3, 1.4, 0.4) 5
[17:11:46.581]: (-0.3, 1.4, 0.4) 5
[17:11:46.602]: (-0.3, 1.4, 0.4) 5
[17:11:46.624]: (-0.3, 1.4, 0.4) 5
[17:11:46.646]: (-0.3, 1.4, 0.4) 5
[17:11:46.669]: (-0.3, 1.4, 0.4) 5
[17:11:46.691]: (-0.3, 1.4, 0.4) 5
[17:11:46.714]: (-0.3, 1.4, 0.4) 5
[17:11:46.735]: (-0.3, 1.4, 0.4) 5
[17:11:46.759]: (-0.3, 1.4, 0.4) 5
[17:11:46.779]: (-0.3, 1.4, 0.4) 5
[17:11:46.802]: (-0.3, 1.4, 0.4) 5
[17:11:46.824]: (-0.3, 1.4, 0.4) 5
[17:11:46.846]: (-0.3, 1.4, 0.4) 5
[17:11:46.868]: (-0.3, 1.4, 0.4) 5
[17:11:46.891]: (-0.3, 1.4, 0.4) 5
[17:11:46.913]: (-0.3, 1.4, 0.4) 5
[17:11:46.928]: (-0.3, 1.4, 0.4) 5
[17:11:46.944]: (-0.3, 1.4, 0.4) 5
[17:11:46.960]: (-0.3, 1.4, 0.4) 5
[17:11:46.976]: (-0.3, 1.4, 0.3) 5
[17:11:46.992]: (-0.3, 1.4, 0.3) 5
[17:11:47.008]: (-0.3, 1.4, 0.3) 5
[17:11:47.025]: (-0.3, 1.4, 0.3) 5
[17:11:47.041]: (-0.3, 1.4, 0.3) 5
[17:11:47.057]: (-0.3, 1.4, 0.3) 5
[17:11:47.073]: (-0.3, 1.4, 0.4) 5
[17:11:47.089]: (-0.3, 1.4, 0.4) 5
[17:11:47.105]: (-0.3, 1.4, 0.4) 5
[17:11:47.121]: (-0.3, 1.4, 0.4) 5
[17:11:47.138]: (-0.3, 1.4, 0.4) 5
[17:11:47.153]: (-0.3, 1.4, 0.4) 5
[17:11:47.170]: (-0.3, 1.4, 0.4) 5
[17:11:47.186]: (-0.3, 1.4, 0.4) 5
[17:11:47.203]: (-0.3, 1.4, 0.4) 5
[17:11:47.218]: (-0.3, 1.4, 0.4) 5
[17:11:47.580]: (-0.4, 1.3, 0.4) 3
[17:11:47.601]: (-0.4, 1.3, 0.4) 3
[17:11:47.624]: (-0.4, 1.3, 0.4) 3
[17:11:48.469]: (-0.3, 1.3, 0.4) 3
[17:11:48.490]: (-0.4, 1.3, 0.3) 3
[17:11:48.512]: (-0.4, 1.3, 0.3) 3
[17:11:48.535]: (-0.4, 1.3, 0.3) 3
[17:11:48.556]: (-0.4, 1.3, 0.3) 3
[17:11:48.579]: (-0.4, 1.3, 0.3) 3
[17:11:48.601]: (-0.4, 1.3, 0.3) 3
[17:11:48.623]: (-0.4, 1.3, 0.3) 3
[17:11:48.647]: (-0.4, 1.3, 0.3) 3
[17:11:48.667]: (-0.4, 1.3, 0.3) 3
[17:11:48.690]: (-0.4, 1.3, 0.3) 3
[17:11:48.712]: (-0.4, 1.3, 0.3) 3
[17:11:48.729]: (-0.4, 1.3, 0.3) 3
[17:11:48.748]: (-0.4, 1.3, 0.3) 3
[17:11:48.763]: (-0.4, 1.3, 0.3) 3
[17:11:48.780]: (-0.4, 1.4, 0.4) 3
[17:11:48.811]: (-0.3, 1.4, 0.3) 5
[17:11:48.827]: (-0.3, 1.4, 0.4) 5
[17:11:48.845]: (-0.3, 1.4, 0.4) 5
[17:11:48.861]: (-0.3, 1.4, 0.4) 5
[17:11:48.936]: (-0.3, 1.4, 0.4) 5
[17:11:48.953]: (-0.3, 1.4, 0.4) 5
[17:11:48.969]: (-0.3, 1.4, 0.4) 5
[17:11:48.985]: (-0.3, 1.4, 0.4) 5
[17:11:49.001]: (-0.3, 1.4, 0.4) 5
[17:11:49.018]: (-0.3, 1.4, 0.3) 5
[17:11:49.034]: (-0.3, 1.4, 0.3) 5
[17:11:49.050]: (-0.3, 1.4, 0.3) 5
[17:11:49.066]: (-0.3, 1.4, 0.3) 5
[17:11:49.083]: (-0.3, 1.4, 0.3) 5
[17:11:49.100]: (-0.3, 1.4, 0.3) 5
[17:11:49.115]: (-0.3, 1.4, 0.3) 5
[17:11:49.135]: (-0.3, 1.4, 0.3) 5
[17:11:49.157]: (-0.3, 1.4, 0.3) 5
[17:11:49.179]: (-0.3, 1.4, 0.3) 5
[17:11:49.201]: (-0.3, 1.4, 0.3) 5
[17:11:49.224]: (-0.3, 1.4, 0.3) 5
[17:11:49.245]: (-0.3, 1.4, 0.3) 5
[17:11:49.268]: (-0.3, 1.4, 0.3) 5
[17:11:49.289]: (-0.3, 1.4, 0.3) 5
[17:11:49.311]: (-0.3, 1.4, 0.3) 5
[17:11:49.335]: (-0.4, 1.3, 0.4) 3
[17:11:49.358]: (-0.4, 1.3, 0.3) 3
[17:11:49.379]: (-0.4, 1.3, 0.3) 3
[17:11:49.401]: (-0.4, 1.3, 0.3) 3
[17:11:49.423]: (-0.4, 1.3, 0.3) 3
[17:11:49.445]: (-0.4, 1.3, 0.3) 3
[17:11:49.469]: (-0.4, 1.3, 0.3) 3
[17:11:49.490]: (-0.4, 1.3, 0.3) 3
[17:11:49.512]: (-0.4, 1.3, 0.3) 3
[17:11:49.534]: (-0.4, 1.3, 0.3) 3
[17:11:49.556]: (-0.4, 1.3, 0.3) 3
[17:11:49.579]: (-0.4, 1.3, 0.3) 3
[17:11:49.601]: (-0.4, 1.3, 0.3) 3
[17:11:49.618]: (-0.4, 1.3, 0.3) 3
[17:11:49.634]: (-0.4, 1.3, 0.3) 3
[17:11:49.650]: (-0.4, 1.3, 0.3) 3
[17:11:49.668]: (-0.4, 1.3, 0.3) 3
[17:11:49.684]: (-0.4, 1.3, 0.3) 3
[17:11:49.700]: (-0.4, 1.3, 0.3) 3
[17:11:49.716]: (-0.4, 1.3, 0.3) 3
[17:11:49.732]: (-0.4, 1.3, 0.3) 3
[17:11:49.749]: (-0.4, 1.3, 0.3) 3
[17:11:49.765]: (-0.4, 1.3, 0.3) 3
[17:11:49.783]: (-0.4, 1.3, 0.3) 3
[17:11:49.799]: (-0.4, 1.3, 0.3) 3
[17:11:49.817]: (-0.4, 1.3, 0.3) 3
[17:11:49.833]: (-0.4, 1.3, 0.3) 3
[17:11:49.849]: (-0.4, 1.3, 0.3) 3
[17:11:50.256]: (-0.3, 1.3, 0.5) 4
[17:11:50.278]: (-0.3, 1.3, 0.5) 4
[17:11:50.571]: (-0.3, 1.4, 0.3) 5
[17:11:50.587]: (-0.3, 1.4, 0.3) 5
[17:11:50.604]: (-0.3, 1.4, 0.3) 5
[17:11:50.619]: (-0.3, 1.4, 0.4) 5
[17:11:50.634]: (-0.3, 1.4, 0.3) 5
[17:11:50.650]: (-0.3, 1.4, 0.4) 5
[17:11:50.666]: (-0.3, 1.4, 0.4) 5
[17:11:50.683]: (-0.3, 1.4, 0.4) 5
[17:11:50.699]: (-0.3, 1.4, 0.4) 5
[17:11:50.714]: (-0.3, 1.4, 0.4) 5
[17:11:50.731]: (-0.3, 1.4, 0.4) 5
[17:11:50.748]: (-0.3, 1.4, 0.4) 5
[17:11:50.764]: (-0.3, 1.4, 0.4) 5
[17:11:50.799]: (-0.3, 1.4, 0.3) 5
[17:11:50.816]: (-0.3, 1.4, 0.4) 5
[17:11:50.835]: (-0.3, 1.4, 0.3) 5
[17:11:50.853]: (-0.3, 1.4, 0.3) 5
[17:11:50.870]: (-0.3, 1.4, 0.3) 5
[17:11:50.888]: (-0.3, 1.4, 0.3) 5
[17:11:50.905]: (-0.3, 1.4, 0.3) 5
[17:11:50.922]: (-0.3, 1.4, 0.3) 5
[17:11:50.945]: (-0.3, 1.4, 0.3) 5
[17:11:50.968]: (-0.3, 1.4, 0.3) 5
[17:11:50.990]: (-0.3, 1.4, 0.3) 5
[17:11:51.013]: (-0.3, 1.4, 0.3) 5
[17:11:51.034]: (-0.3, 1.4, 0.3) 5
[17:11:51.056]: (-0.3, 1.4, 0.3) 5
[17:11:51.080]: (-0.3, 1.4, 0.3) 5
[17:11:51.101]: (-0.3, 1.4, 0.3) 5
[17:11:51.124]: (-0.3, 1.4, 0.3) 5
[17:11:51.149]: (-0.3, 1.4, 0.3) 5
[17:11:51.167]: (-0.3, 1.4, 0.3) 5
[17:11:51.190]: (-0.3, 1.4, 0.3) 5
[17:11:51.212]: (-0.3, 1.4, 0.3) 5
[17:11:51.234]: (-0.3, 1.4, 0.3) 5
[17:11:51.256]: (-0.3, 1.4, 0.3) 5
[17:11:51.278]: (-0.3, 1.4, 0.3) 5
[17:11:51.302]: (-0.3, 1.4, 0.3) 5
[17:11:51.322]: (-0.3, 1.4, 0.3) 5
[17:11:51.347]: (-0.3, 1.4, 0.3) 5
[17:11:51.367]: (-0.3, 1.4, 0.3) 5
[17:11:51.383]: (-0.3, 1.4, 0.3) 5
[17:11:51.399]: (-0.3, 1.4, 0.3) 5
[17:11:51.415]: (-0.3, 1.4, 0.3) 5
[17:11:51.431]: (-0.3, 1.4, 0.3) 5
[17:11:51.450]: (-0.3, 1.4, 0.4) 5
[17:11:51.467]: (-0.3, 1.4, 0.3) 5
[17:11:51.486]: (-0.3, 1.4, 0.3) 5
[17:11:51.503]: (-0.3, 1.4, 0.3) 5
[17:11:51.521]: (-0.3, 1.4, 0.3) 5
[17:11:51.538]: (-0.3, 1.4, 0.3) 5
[17:11:51.554]: (-0.3, 1.4, 0.3) 5
[17:11:51.571]: (-0.3, 1.4, 0.3) 5
[17:11:51.588]: (-0.3, 1.4, 0.3) 5
[17:11:51.606]: (-0.3, 1.4, 0.3) 5
[17:11:51.625]: (-0.3, 1.4, 0.3) 5
[17:11:51.642]: (-0.3, 1.4, 0.3) 5
[17:11:51.660]: (-0.3, 1.4, 0.3) 5
[17:11:51.678]: (-0.3, 1.4, 0.3) 5
[17:11:51.695]: (-0.3, 1.4, 0.3) 5
[17:11:51.713]: (-0.3, 1.4, 0.3) 5
[17:11:51.730]: (-0.3, 1.4, 0.3) 5
[17:11:51.748]: (-0.3, 1.4, 0.3) 5
[17:11:51.770]: (-0.3, 1.4, 0.3) 5
[17:11:51.788]: (-0.3, 1.4, 0.3) 5
[17:11:51.803]: (-0.3, 1.4, 0.3) 5
[17:11:51.818]: (-0.3, 1.4, 0.3) 5
[17:11:51.835]: (-0.3, 1.4, 0.3) 5
[17:11:51.856]: (-0.3, 1.4, 0.3) 5
[17:11:51.878]: (-0.3, 1.4, 0.3) 5
[17:11:51.901]: (-0.3, 1.4, 0.3) 5
[17:11:51.922]: (-0.3, 1.4, 0.3) 5
[17:11:51.945]: (-0.3, 1.4, 0.3) 5
[17:11:51.974]: (-0.3, 1.4, 0.3) 5
[17:11:51.995]: (-0.3, 1.4, 0.3) 5
[17:11:52.012]: (-0.3, 1.4, 0.3) 5
[17:11:52.036]: (-0.3, 1.4, 0.4) 5
[17:11:52.056]: (-0.3, 1.4, 0.3) 5
[17:11:52.091]: (-0.3, 1.4, 0.3) 5
