[17:34:49.461]: (-2.6, -0.7, 0.0) 61
[17:34:49.794]: (-4.4, -1.9, 0.2) 68
[17:34:49.814]: (-3.6, -1.4, 0.1) 4
[17:34:49.837]: (-3.5, -1.2, 0.1) 3
[17:34:49.858]: (-3.5, -1.1, 0.1) 3
[17:34:49.880]: (-3.4, -1.1, 0.1) 8
[17:34:49.946]: (-4.6, -2.0, 0.3) 15
[17:34:49.972]: (-4.7, -1.8, 0.4) 15
[17:34:53.535]: (-0.2, 2.3, 2.3) 53
[17:34:53.558]: (-0.2, 2.3, 2.3) 53
[17:34:53.581]: (-0.2, 2.2, 2.3) 53
[17:34:53.602]: (-0.2, 2.2, 2.3) 53
[17:34:53.625]: (-0.2, 2.2, 2.4) 53
[17:34:53.646]: (-0.2, 2.2, 2.3) 53
[17:34:53.668]: (-0.2, 2.2, 2.3) 53
[17:34:53.691]: (-0.2, 2.2, 2.3) 53
[17:34:53.713]: (-0.1, 2.2, 2.4) 53
[17:34:55.223]: (-0.1, 2.1, 2.3) 53
[17:34:55.246]: (-0.1, 2.1, 2.3) 53
[17:34:55.267]: (-0.1, 2.1, 2.3) 53
[17:34:55.289]: (-0.1, 2.1, 2.3) 53
[17:34:55.309]: (-0.1, 2.1, 2.3) 53
[17:34:55.328]: (-0.1, 2.2, 2.3) 53
[17:34:55.352]: (-0.1, 2.1, 2.3) 53
[17:34:55.374]: (-0.1, 2.1, 2.3) 53
[17:34:55.395]: (0.0, 2.1, 2.3) 53
[17:34:55.417]: (-0.1, 2.2, 2.4) 52
[17:34:55.440]: (0.0, 2.1, 2.3) 53
[17:34:56.387]: (-1.2, 2.4, 2.5) 42
[17:34:56.422]: (-1.2, 2.4, 2.5) 42
[17:34:56.452]: (-1.2, 2.4, 2.5) 42
[17:34:56.469]: (-1.3, 2.4, 2.5) 42
[17:34:56.503]: (-1.2, 2.4, 2.5) 42
[17:34:56.519]: (-1.2, 2.4, 2.5) 42
[17:34:56.535]: (-1.2, 2.4, 2.5) 42
[17:34:56.550]: (-1.2, 2.4, 2.6) 42
[17:34:56.567]: (-1.2, 2.4, 2.7) 36
[17:34:56.989]: (1.1, 2.6, 2.9) 6
[17:34:57.011]: (1.2, 2.6, 2.8) 6
[17:34:57.033]: (1.1, 2.6, 2.9) 6
[17:34:57.055]: (1.2, 2.6, 2.9) 6
[17:34:57.078]: (1.2, 2.6, 2.8) 6
[17:34:57.101]: (1.2, 2.6, 2.8) 6
[17:34:57.122]: (1.3, 2.6, 3.0) 2
[17:34:57.145]: (1.2, 2.6, 3.0) 2
[17:34:57.167]: (1.3, 2.6, 3.0) 2
[17:34:57.212]: (1.3, 2.6, 3.0) 2
[17:34:57.227]: (1.3, 2.6, 3.0) 2
[17:34:57.245]: (1.3, 2.6, 3.0) 2
[17:34:57.511]: (1.2, 2.6, 2.9) 6
[17:34:57.528]: (1.2, 2.6, 3.0) 2
[17:34:57.547]: (1.2, 2.6, 3.0) 2
[17:34:57.563]: (1.2, 2.6, 3.0) 2
[17:34:57.580]: (1.2, 2.6, 3.0) 2
[17:34:57.597]: (1.2, 2.6, 3.0) 2
[17:34:57.612]: (1.2, 2.6, 3.0) 2
[17:34:57.633]: (1.2, 2.6, 3.0) 2
[17:34:57.655]: (1.2, 2.6, 3.0) 2
[17:34:57.677]: (1.2, 2.6, 2.9) 6
[17:34:57.699]: (1.2, 2.6, 3.0) 2
[17:34:57.721]: (1.2, 2.6, 3.0) 2
[17:34:57.745]: (1.2, 2.6, 3.0) 2
[17:34:57.766]: (1.4, 2.6, 2.9) 3
[17:34:58.996]: (1.5, 2.7, 3.0) 4
[17:34:59.013]: (1.5, 2.7, 3.0) 4
[17:34:59.029]: (1.5, 2.7, 3.0) 4
[17:34:59.046]: (1.4, 2.7, 2.9) 3
[17:34:59.063]: (1.4, 2.7, 2.9) 3
[17:34:59.079]: (1.4, 2.6, 2.9) 3
[17:34:59.095]: (1.5, 2.7, 3.0) 4
[17:34:59.113]: (1.5, 2.7, 3.0) 4
[17:34:59.132]: (1.4, 2.7, 2.9) 3
[17:34:59.150]: (1.5, 2.7, 3.0) 4
[17:34:59.167]: (1.5, 2.7, 3.0) 1
[17:34:59.185]: (1.4, 2.6, 2.9) 3
[17:34:59.203]: (1.4, 2.6, 2.9) 3
[17:34:59.221]: (1.4, 2.6, 2.9) 3
[17:34:59.238]: (1.4, 2.6, 2.9) 3
[17:34:59.256]: (1.4, 2.6, 2.9) 3
[17:34:59.272]: (1.4, 2.6, 2.9) 3
[17:34:59.289]: (1.4, 2.6, 2.9) 3
[17:34:59.305]: (1.4, 2.6, 2.9) 3
[17:34:59.322]: (1.4, 2.6, 2.9) 3
[17:34:59.337]: (1.5, 2.6, 3.0) 1
[17:34:59.352]: (1.5, 2.6, 3.1) 1
[17:34:59.432]: (1.3, 2.5, 3.0) 2
[17:34:59.947]: (1.2, 2.5, 3.0) 2
[17:34:59.963]: (1.2, 2.5, 3.0) 2
[17:35:00.029]: (1.2, 2.6, 3.0) 2
[17:35:00.097]: (1.2, 2.5, 3.0) 2
[17:35:00.234]: (1.2, 2.6, 3.0) 2
[17:35:00.863]: (1.2, 2.6, 3.0) 2
[17:35:00.879]: (1.2, 2.6, 3.0) 2
[17:35:00.895]: (1.2, 2.6, 3.0) 2
[17:35:00.927]: (1.2, 2.6, 3.0) 2
[17:35:00.944]: (1.2, 2.6, 3.0) 2
[17:35:00.960]: (1.2, 2.6, 3.0) 2
[17:35:00.977]: (1.2, 2.6, 3.0) 2
[17:35:00.993]: (1.2, 2.6, 3.0) 2
[17:35:01.008]: (1.2, 2.6, 3.0) 2
[17:35:01.025]: (1.2, 2.6, 3.0) 2
[17:35:01.043]: (1.2, 2.6, 3.0) 2
[17:35:01.059]: (1.2, 2.6, 3.0) 2
[17:35:01.074]: (1.2, 2.6, 3.0) 2
[17:35:01.090]: (1.2, 2.6, 3.0) 2
[17:35:01.106]: (1.2, 2.6, 3.0) 2
[17:35:01.124]: (1.2, 2.6, 3.0) 2
[17:35:01.141]: (1.2, 2.6, 3.0) 2
[17:35:01.158]: (1.2, 2.6, 3.0) 2
[17:35:01.174]: (1.2, 2.6, 3.0) 2
[17:35:01.191]: (1.2, 2.6, 3.0) 2
[17:35:01.211]: (1.2, 2.6, 3.0) 2
[17:35:01.231]: (1.2, 2.6, 3.0) 2
[17:35:01.255]: (1.2, 2.6, 3.0) 2
[17:35:01.276]: (1.2, 2.6, 3.0) 2
[17:35:01.298]: (1.2, 2.6, 3.0) 2
[17:35:01.320]: (1.2, 2.6, 3.0) 2
[17:35:01.342]: (1.2, 2.6, 3.0) 2
[17:35:01.366]: (1.2, 2.6, 3.0) 2
[17:35:01.386]: (1.2, 2.6, 3.0) 2
[17:35:01.409]: (1.2, 2.6, 3.0) 2
[17:35:01.432]: (1.2, 2.6, 3.0) 2
[17:35:04.086]: (1.2, 2.6, 3.0) 2
[17:35:04.109]: (1.4, 2.6, 2.9) 3
[17:35:04.131]: (1.6, 2.7, 2.9) 5
[17:35:04.154]: (1.6, 2.7, 2.9) 5
[17:35:04.452]: (1.6, 2.7, 2.9) 5
[17:35:04.484]: (1.6, 2.7, 2.9) 5
[17:35:04.564]: (1.2, 2.6, 2.8) 6
[17:35:04.642]: (1.2, 2.7, 3.1) 0
[17:35:04.888]: (0.1, 2.7, 3.1) 56
[17:35:04.953]: (0.2, 2.7, 3.1) 57
[17:35:04.977]: (0.2, 2.7, 3.0) 59
[17:35:04.997]: (0.2, 2.7, 3.0) 59
[17:35:05.019]: (0.2, 2.7, 3.0) 59
[17:35:05.042]: (0.2, 2.7, 3.0) 59
[17:35:05.065]: (0.2, 2.7, 3.1) 57
[17:35:05.081]: (0.2, 2.7, 3.0) 59
[17:35:05.099]: (0.2, 2.7, 3.1) 57
[17:35:05.116]: (0.2, 2.7, 3.1) 57
[17:35:05.133]: (0.2, 2.7, 3.1) 57
[17:35:05.149]: (0.2, 2.7, 3.1) 57
[17:35:05.165]: (0.2, 2.7, 3.1) 57
[17:35:05.197]: (0.2, 2.6, 3.1) 57
[17:35:05.293]: (-0.1, 2.3, 2.4) 54
[17:35:05.325]: (-0.1, 2.3, 2.4) 54
[17:35:05.339]: (-0.1, 2.3, 2.4) 54
[17:35:05.357]: (-0.2, 2.3, 2.4) 54
[17:35:05.374]: (-0.1, 2.3, 2.4) 54
[17:35:05.392]: (-0.1, 2.3, 2.4) 54
[17:35:05.409]: (-0.1, 2.3, 2.4) 54
[17:35:05.426]: (-0.1, 2.3, 2.4) 54
[17:35:05.443]: (-0.1, 2.3, 2.4) 54
[17:35:05.459]: (-0.1, 2.3, 2.4) 54
[17:35:05.474]: (-0.1, 2.3, 2.4) 54
[17:35:05.490]: (-0.1, 2.3, 2.4) 54
[17:35:05.507]: (-0.1, 2.3, 2.4) 54
[17:35:05.523]: (-0.1, 2.3, 2.4) 54
[17:35:05.540]: (-0.1, 2.3, 2.4) 54
[17:35:05.564]: (-0.1, 2.3, 2.4) 54
[17:35:05.585]: (-0.1, 2.3, 2.4) 54
[17:35:07.960]: (0.2, 2.7, 3.0) 59
[17:35:09.340]: (1.0, 3.4, 4.1) 18
[17:35:09.474]: (1.2, 3.4, 4.1) 15
[17:35:09.491]: (1.2, 3.5, 4.1) 15
[17:35:12.038]: (1.7, 2.6, 2.9) 5
[17:35:12.061]: (1.7, 2.6, 2.9) 5
[17:35:12.083]: (1.7, 2.6, 2.9) 5
[17:35:12.605]: (2.5, 2.6, 2.9) 14
[17:35:12.695]: (2.6, 2.6, 2.9) 14
[17:35:12.849]: (1.6, 2.8, 2.8) 7
[17:35:12.873]: (1.6, 2.7, 2.9) 7
[17:35:12.894]: (1.6, 2.8, 2.9) 7
[17:35:12.916]: (1.6, 2.7, 2.9) 7
[17:35:12.938]: (1.6, 2.8, 2.9) 7
[17:35:12.983]: (1.2, 2.7, 2.8) 6
[17:35:14.251]: (0.1, 2.7, 3.1) 56
[17:35:14.371]: (-1.2, 2.4, 2.7) 36
[17:35:14.615]: (-1.2, 2.7, 3.2) 34
[17:35:15.024]: (-1.0, 2.8, 3.2) 30
[17:35:15.040]: (-1.0, 2.8, 3.2) 30
[17:35:15.059]: (-1.0, 2.8, 3.2) 30
[17:35:15.077]: (-1.0, 2.8, 3.2) 30
[17:35:15.093]: (-1.0, 2.8, 3.2) 30
[17:35:15.110]: (-1.0, 2.8, 3.2) 30
[17:35:15.157]: (-1.0, 2.8, 3.2) 30
[17:35:15.174]: (-1.0, 2.8, 3.2) 30
[17:35:15.192]: (-1.0, 2.8, 3.2) 30
[17:35:15.215]: (-1.0, 2.8, 3.2) 30
[17:35:15.238]: (-1.0, 2.8, 3.2) 30
[17:35:15.262]: (-1.0, 2.8, 3.2) 30
[17:35:15.281]: (-1.0, 2.8, 3.2) 30
[17:35:15.304]: (-1.0, 2.8, 3.2) 30
[17:35:15.326]: (-1.0, 2.8, 3.2) 30
[17:35:15.349]: (-1.0, 2.8, 3.2) 30
[17:35:15.371]: (-1.0, 2.8, 3.2) 30
[17:35:15.393]: (-1.0, 2.8, 3.2) 30
[17:35:15.417]: (-1.0, 2.8, 3.2) 30
[17:35:15.439]: (-1.0, 2.8, 3.2) 30
[17:35:15.461]: (-0.9, 2.8, 3.2) 30
[17:35:15.483]: (-1.0, 2.8, 3.2) 30
[17:35:15.505]: (-1.0, 2.8, 3.2) 30
[17:35:15.526]: (-1.0, 2.8, 3.2) 30
[17:35:15.549]: (-1.0, 2.8, 3.2) 30
[17:35:15.570]: (-1.0, 2.8, 3.2) 30
[17:35:15.593]: (-0.9, 2.8, 3.2) 30
[17:35:15.611]: (-0.9, 2.8, 3.2) 30
[17:35:15.627]: (-0.9, 2.8, 3.2) 30
[17:35:15.645]: (-0.9, 2.8, 3.2) 30
[17:35:15.660]: (-0.9, 2.8, 3.2) 30
[17:35:15.677]: (-0.9, 2.8, 3.2) 30
[17:35:15.692]: (-1.0, 2.8, 3.2) 30
[17:35:15.708]: (-1.0, 2.8, 3.2) 30
[17:35:15.724]: (-1.0, 2.8, 3.2) 30
[17:35:15.740]: (-1.0, 2.8, 3.2) 30
[17:35:15.758]: (-1.0, 2.8, 3.2) 30
[17:35:15.775]: (-1.0, 2.8, 3.2) 30
[17:35:15.792]: (-1.0, 2.8, 3.2) 30
[17:35:15.808]: (-1.0, 2.8, 3.2) 30
[17:35:15.826]: (-1.0, 2.8, 3.2) 30
[17:35:15.844]: (-0.9, 2.8, 3.2) 30
[17:35:15.862]: (-0.9, 2.8, 3.2) 30
[17:35:15.878]: (-0.9, 2.8, 3.2) 30
[17:35:15.924]: (-1.0, 2.8, 3.2) 30
[17:35:15.940]: (-1.0, 2.8, 3.2) 30
[17:35:15.975]: (-0.9, 2.8, 3.2) 30
[17:35:16.026]: (-1.0, 2.8, 3.2) 30
[17:35:16.043]: (-1.0, 2.8, 3.2) 30
[17:35:16.060]: (-1.0, 2.8, 3.2) 30
[17:35:16.093]: (-1.2, 2.8, 3.2) 29
[17:35:16.181]: (-1.1, 2.7, 3.2) 34
[17:35:16.203]: (-1.1, 2.8, 3.2) 34
[17:35:16.225]: (-1.1, 2.8, 3.2) 29
[17:35:16.249]: (-1.1, 2.8, 3.2) 29
[17:35:16.270]: (-1.1, 2.8, 3.2) 29
[17:35:16.293]: (-1.2, 2.8, 3.3) 29
[17:35:16.314]: (-1.1, 2.8, 3.3) 29
[17:35:16.336]: (-1.1, 2.8, 3.3) 29
[17:35:16.426]: (-1.1, 2.7, 3.2) 34
[17:35:16.493]: (-1.1, 2.8, 3.2) 34
[17:35:16.509]: (-1.1, 2.8, 3.2) 34
[17:35:16.526]: (-1.2, 2.8, 3.1) 34
[17:35:16.558]: (-0.9, 2.8, 3.2) 30
[17:35:16.857]: (-0.9, 2.8, 3.2) 30
[17:35:16.875]: (-0.9, 2.8, 3.2) 30
[17:35:16.905]: (-0.9, 2.8, 3.2) 30
[17:35:16.923]: (-0.9, 2.8, 3.2) 30
[17:35:16.939]: (-0.9, 2.8, 3.2) 30
[17:35:16.959]: (-0.9, 2.8, 3.2) 30
[17:35:16.982]: (-1.0, 2.8, 3.2) 30
[17:35:17.003]: (-1.0, 2.8, 3.2) 30
[17:35:17.047]: (-1.0, 2.8, 3.2) 30
[17:35:17.069]: (-1.0, 2.8, 3.2) 30
[17:35:17.137]: (-1.0, 2.8, 3.2) 30
[17:35:17.160]: (-1.0, 2.8, 3.2) 30
[17:35:17.180]: (-1.0, 2.8, 3.2) 30
[17:35:17.202]: (-1.0, 2.8, 3.2) 30
[17:35:17.227]: (-1.0, 2.8, 3.2) 30
[17:35:17.294]: (-1.0, 2.8, 3.2) 30
[17:35:17.314]: (-1.0, 2.8, 3.2) 30
[17:35:17.336]: (-1.0, 2.8, 3.2) 30
[17:35:24.515]: (-0.6, 1.7, 1.5) 48
[17:35:24.533]: (-0.6, 1.7, 1.5) 48
[17:35:24.579]: (-0.6, 1.8, 1.5) 48
[17:35:24.598]: (-0.6, 1.8, 1.5) 46
[17:35:24.662]: (-0.6, 1.9, 1.7) 43
[17:35:25.626]: (-0.7, 1.9, 1.7) 43
[17:35:25.641]: (-0.7, 1.9, 1.7) 43
[17:35:25.658]: (-0.7, 1.9, 1.7) 43
[17:35:25.677]: (-0.7, 1.9, 1.7) 43
[17:35:25.721]: (-0.7, 2.0, 1.7) 43
[17:35:25.744]: (-0.7, 1.9, 1.7) 43
[17:35:25.855]: (-0.7, 2.0, 1.7) 43
[17:35:25.967]: (0.0, 2.7, 3.1) 56
[17:35:32.753]: (-1.2, 2.7, 3.2) 34
[17:35:32.774]: (-1.2, 2.7, 3.2) 34
[17:35:32.797]: (-1.1, 2.5, 2.7) 36
[17:35:32.930]: (-1.2, 2.7, 3.2) 34
[17:35:32.953]: (-1.3, 2.7, 3.2) 34
[17:35:32.971]: (-1.2, 2.7, 3.2) 34
[17:35:33.005]: (-1.2, 2.7, 3.2) 34
[17:35:33.020]: (-1.2, 2.7, 3.2) 34
[17:35:33.037]: (-1.2, 2.7, 3.2) 34
[17:35:33.069]: (-1.2, 2.7, 3.2) 34
[17:35:33.184]: (-1.2, 2.7, 3.2) 34
[17:35:33.200]: (-1.2, 2.7, 3.2) 34
[17:35:33.217]: (-1.2, 2.7, 3.2) 34
[17:35:33.233]: (-1.2, 2.7, 3.2) 34
[17:35:33.250]: (-1.2, 2.7, 3.2) 34
[17:35:33.266]: (-1.2, 2.7, 3.2) 34
[17:35:33.283]: (-1.2, 2.7, 3.2) 34
[17:35:33.299]: (-1.2, 2.7, 3.2) 34
[17:35:33.316]: (-1.2, 2.7, 3.2) 34
[17:35:33.331]: (-1.2, 2.7, 3.2) 34
[17:35:33.899]: (0.2, 2.7, 3.0) 59
[17:35:34.777]: (0.1, 2.7, 3.1) 56
[17:35:35.051]: (1.1, 2.6, 2.8) 6
[17:35:35.068]: (1.1, 2.6, 2.8) 6
[17:35:35.084]: (1.1, 2.6, 2.8) 6
[17:35:35.102]: (1.1, 2.6, 2.8) 6
[17:35:35.134]: (1.2, 2.6, 3.0) 2
[17:35:35.150]: (1.2, 2.6, 3.0) 2
[17:35:35.166]: (1.3, 2.6, 3.0) 2
[17:35:35.184]: (1.2, 2.6, 3.0) 2
[17:35:35.207]: (1.3, 2.6, 3.0) 2
[17:35:35.229]: (1.3, 2.5, 3.0) 2
[17:35:35.251]: (1.3, 2.6, 2.9) 2
[17:35:35.274]: (1.3, 2.6, 3.0) 2
[17:35:35.295]: (1.3, 2.6, 2.9) 2
[17:35:35.318]: (1.3, 2.6, 2.9) 2
[17:35:35.340]: (1.2, 2.6, 3.0) 2
[17:35:35.363]: (1.2, 2.6, 3.0) 2
[17:35:35.384]: (1.2, 2.6, 3.0) 2
[17:35:35.407]: (1.2, 2.6, 3.0) 2
[17:35:35.430]: (1.2, 2.6, 3.0) 2
[17:35:35.451]: (1.2, 2.6, 3.0) 2
[17:35:35.474]: (1.2, 2.6, 2.9) 6
[17:35:35.496]: (1.2, 2.6, 3.0) 2
[17:35:35.518]: (1.2, 2.6, 3.0) 2
[17:35:35.540]: (1.2, 2.6, 3.0) 2
[17:35:35.563]: (1.2, 2.6, 3.0) 2
[17:35:35.584]: (1.2, 2.6, 3.0) 2
[17:35:35.602]: (1.2, 2.6, 3.0) 2
[17:35:35.619]: (1.2, 2.6, 3.0) 2
[17:35:35.635]: (1.2, 2.6, 3.0) 2
[17:35:35.652]: (1.2, 2.6, 3.0) 2
[17:35:35.685]: (1.2, 2.6, 3.0) 2
[17:35:35.703]: (1.2, 2.6, 3.0) 2
[17:35:35.719]: (1.2, 2.6, 3.0) 2
[17:35:35.735]: (1.2, 2.6, 3.0) 2
[17:35:35.753]: (1.2, 2.6, 3.0) 2
[17:35:35.770]: (1.2, 2.6, 3.0) 2
[17:35:35.787]: (1.2, 2.6, 3.0) 2
[17:35:35.803]: (1.2, 2.6, 3.0) 2
[17:35:35.820]: (1.2, 2.6, 3.0) 2
[17:35:35.837]: (1.2, 2.6, 3.0) 2
[17:35:35.854]: (1.2, 2.6, 3.0) 2
[17:35:35.871]: (1.2, 2.6, 3.0) 2
[17:35:35.889]: (1.2, 2.6, 3.0) 2
[17:35:35.906]: (1.2, 2.6, 3.0) 2
[17:35:35.922]: (1.2, 2.6, 3.0) 2
[17:35:35.938]: (1.2, 2.6, 3.0) 2
[17:35:35.954]: (1.2, 2.6, 3.0) 2
[17:35:35.972]: (1.2, 2.6, 3.0) 2
[17:35:35.988]: (1.2, 2.6, 3.0) 2
[17:35:36.004]: (1.2, 2.6, 3.0) 2
[17:35:36.020]: (1.2, 2.6, 3.0) 2
[17:35:36.037]: (1.2, 2.6, 3.0) 2
[17:35:36.054]: (1.2, 2.6, 3.0) 2
[17:35:36.073]: (1.2, 2.6, 3.0) 2
[17:35:36.886]: (1.1, 2.6, 2.8) 6
[17:35:36.903]: (1.2, 2.6, 2.8) 6
[17:35:36.918]: (1.2, 2.6, 2.8) 6
[17:35:36.940]: (1.2, 2.6, 2.8) 6
[17:35:36.962]: (1.1, 2.6, 2.8) 6
[17:35:36.984]: (1.1, 2.6, 2.8) 6
[17:35:37.007]: (1.1, 2.6, 2.8) 6
[17:35:37.028]: (1.1, 2.6, 2.8) 6
[17:35:37.052]: (1.1, 2.6, 2.8) 6
[17:35:37.185]: (1.2, 2.6, 2.8) 6
[17:35:37.207]: (1.1, 2.6, 2.9) 6
[17:35:37.229]: (1.1, 2.6, 2.8) 6
[17:35:37.250]: (1.1, 2.6, 2.9) 6
[17:35:37.274]: (1.1, 2.6, 2.8) 6
[17:35:37.295]: (1.1, 2.6, 2.8) 6
[17:35:37.317]: (1.1, 2.6, 2.8) 6
[17:35:37.340]: (1.1, 2.6, 2.8) 6
[17:35:37.361]: (1.4, 2.6, 2.9) 3
[17:35:37.655]: (2.2, 2.6, 2.8) 13
[17:35:37.671]: (2.2, 2.5, 2.8) 13
[17:35:37.687]: (2.3, 2.5, 2.8) 13
[17:35:37.750]: (2.2, 2.5, 2.8) 13
[17:35:37.774]: (2.2, 2.5, 2.8) 13
[17:35:37.795]: (2.2, 2.5, 2.8) 13
[17:35:37.817]: (2.2, 2.5, 2.8) 13
[17:35:37.839]: (2.2, 2.5, 2.8) 13
[17:35:37.862]: (2.2, 2.5, 2.8) 13
[17:35:37.884]: (2.2, 2.5, 2.8) 13
[17:35:37.906]: (2.2, 2.5, 2.8) 13
[17:35:37.928]: (2.2, 2.5, 2.8) 13
[17:35:37.952]: (2.2, 2.5, 2.8) 13
[17:35:37.974]: (2.3, 2.5, 2.8) 13
[17:35:37.995]: (2.3, 2.5, 2.8) 13
[17:35:38.017]: (2.2, 2.5, 2.8) 13
[17:35:38.063]: (1.6, 2.7, 2.9) 7
[17:35:38.084]: (1.6, 2.7, 2.9) 5
[17:35:38.106]: (1.6, 2.7, 2.9) 5
[17:35:38.128]: (1.6, 2.7, 2.9) 5
[17:35:38.150]: (1.6, 2.7, 2.9) 5
[17:35:38.173]: (1.6, 2.6, 2.9) 5
[17:35:38.194]: (1.6, 2.7, 2.9) 5
[17:35:38.217]: (1.6, 2.7, 2.9) 5
[17:35:38.239]: (1.6, 2.7, 2.9) 5
[17:35:38.256]: (1.6, 2.7, 2.9) 5
[17:35:38.274]: (1.6, 2.7, 2.9) 5
[17:35:38.290]: (1.6, 2.7, 2.9) 5
[17:35:38.307]: (1.6, 2.7, 2.9) 5
[17:35:38.323]: (1.6, 2.7, 2.9) 7
[17:35:38.356]: (1.6, 2.7, 2.9) 5
[17:35:38.388]: (1.6, 2.7, 2.9) 7
[17:35:38.404]: (1.6, 2.7, 2.9) 5
[17:35:38.515]: (1.6, 2.7, 2.9) 5
[17:35:38.531]: (1.6, 2.7, 2.9) 5
[17:35:38.548]: (1.6, 2.7, 2.9) 5
[17:35:38.566]: (1.6, 2.7, 2.9) 7
[17:35:38.583]: (1.6, 2.7, 2.9) 7
[17:35:38.600]: (1.6, 2.7, 2.9) 7
[17:35:38.616]: (1.6, 2.7, 2.9) 7
[17:35:38.635]: (1.6, 2.7, 2.9) 7
[17:35:38.651]: (1.6, 2.7, 2.9) 7
[17:35:38.667]: (1.6, 2.7, 2.9) 7
[17:35:38.682]: (1.6, 2.7, 2.9) 7
[17:35:38.699]: (1.6, 2.7, 2.9) 7
[17:35:38.715]: (1.6, 2.7, 2.9) 7
[17:35:38.739]: (1.6, 2.7, 2.9) 7
[17:35:38.762]: (1.6, 2.7, 2.9) 7
[17:35:38.783]: (1.6, 2.7, 2.9) 7
[17:35:38.806]: (1.6, 2.7, 2.9) 7
[17:35:38.828]: (1.6, 2.7, 2.9) 7
[17:35:38.896]: (1.6, 2.7, 2.9) 7
[17:35:38.917]: (1.6, 2.7, 2.9) 7
[17:35:38.982]: (1.1, 2.6, 2.8) 6
[17:35:39.511]: (0.1, 2.3, 2.4) 55
[17:35:39.596]: (-0.2, 2.2, 2.4) 54
[17:35:39.974]: (-0.7, 2.0, 1.7) 43
[17:35:39.996]: (-0.7, 2.0, 1.7) 43
[17:35:40.257]: (1.4, 2.6, 2.9) 3
[17:35:40.276]: (2.2, 2.7, 3.2) 10
[17:35:40.298]: (2.3, 2.7, 3.2) 10
[17:35:40.367]: (2.3, 2.7, 3.1) 10
[17:35:40.386]: (2.2, 2.7, 3.1) 10
[17:35:40.771]: (2.5, 2.5, 2.9) 14
[17:35:40.794]: (2.6, 2.5, 2.9) 14
[17:35:40.816]: (2.5, 2.6, 2.9) 14
[17:35:40.837]: (2.5, 2.5, 2.9) 14
[17:35:40.861]: (2.5, 2.5, 2.9) 14
[17:35:40.927]: (2.6, 2.5, 2.9) 14
[17:35:40.950]: (2.6, 2.5, 2.9) 14
[17:35:40.972]: (2.5, 2.5, 3.0) 14
[17:35:40.988]: (2.5, 2.6, 3.0) 14
[17:35:41.020]: (2.5, 2.5, 3.0) 14
[17:35:41.238]: (1.7, 2.7, 2.9) 5
[17:35:41.254]: (1.7, 2.7, 2.9) 5
[17:35:41.290]: (1.3, 2.6, 2.9) 3
[17:35:41.307]: (1.2, 2.6, 3.0) 2
[17:35:41.372]: (1.1, 2.6, 2.9) 6
[17:35:43.560]: (-0.9, 2.8, 3.3) 30
[17:35:43.620]: (-0.9, 2.8, 3.2) 30
[17:35:43.697]: (-0.9, 2.8, 3.3) 30
[17:35:43.776]: (-0.9, 2.8, 3.2) 30
[17:35:43.809]: (-1.0, 2.8, 3.2) 30
[17:35:43.841]: (-1.0, 2.8, 3.2) 30
[17:35:43.857]: (-1.0, 2.8, 3.2) 30
[17:35:44.667]: (1.2, 2.6, 2.9) 6
[17:35:44.682]: (1.1, 2.6, 2.9) 6
[17:35:44.713]: (1.2, 2.6, 3.0) 2
[17:35:44.730]: (1.2, 2.6, 3.0) 2
[17:35:44.748]: (1.2, 2.6, 3.0) 2
[17:35:44.764]: (1.2, 2.6, 3.0) 2
[17:35:44.782]: (1.2, 2.6, 3.0) 2
[17:35:44.861]: (1.2, 2.6, 3.0) 2
[17:35:44.878]: (1.2, 2.6, 3.0) 2
[17:35:44.894]: (1.2, 2.6, 3.0) 2
[17:35:44.959]: (1.2, 2.6, 3.0) 2
[17:35:44.982]: (1.2, 2.6, 3.0) 2
[17:35:45.026]: (1.2, 2.6, 3.0) 2
[17:35:45.049]: (1.2, 2.6, 3.0) 2
[17:35:45.070]: (1.2, 2.6, 3.0) 2
[17:35:48.436]: (1.2, 2.6, 3.0) 2
[17:35:48.459]: (1.1, 2.6, 2.9) 6
[17:35:48.524]: (1.2, 2.6, 3.0) 2
[17:35:48.546]: (1.2, 2.6, 3.0) 2
[17:35:48.592]: (1.1, 2.6, 2.9) 6
[17:35:48.635]: (1.2, 2.6, 2.8) 6
[17:35:48.657]: (1.2, 2.6, 3.0) 2
[17:35:48.681]: (1.2, 2.6, 3.0) 2
[17:35:48.724]: (1.3, 2.6, 3.0) 2
[17:35:50.708]: (1.2, 2.6, 3.0) 2
[17:35:52.924]: (1.2, 2.6, 3.0) 2
[17:35:52.945]: (1.2, 2.6, 3.0) 2
