[17:46:06.878]: (-3.3, -2.1, -0.1) 53
[17:46:06.943]: (-2.6, -1.3, -0.1) 27
[17:46:06.977]: (-2.5, -1.3, 0.0) 37
[17:46:07.142]: (-2.8, -2.3, -0.1) 61
[17:46:07.165]: (-2.5, -1.5, -0.1) 38
[17:46:07.186]: (-2.5, -1.5, -0.1) 38
[17:46:07.209]: (-2.5, -1.5, 0.0) 38
[17:46:07.232]: (-2.5, -1.5, -0.1) 38
[17:46:07.253]: (-2.5, -1.5, 0.0) 38
[17:46:07.276]: (-3.0, -2.2, 0.1) 56
[17:46:07.298]: (-2.5, -1.5, 0.0) 28
[17:46:07.323]: (-2.5, -1.5, 0.0) 28
[17:46:07.365]: (-2.5, -1.3, 0.0) 37
[17:46:07.387]: (-2.6, -1.4, 0.0) 28
[17:46:07.409]: (-2.5, -1.4, 0.0) 27
[17:46:07.433]: (-2.4, -1.3, 0.0) 37
[17:46:07.453]: (-2.5, -1.3, 0.1) 37
[17:46:07.793]: (-2.5, -1.3, 0.0) 37
[17:46:07.811]: (-2.5, -1.4, -0.1) 28
[17:46:07.831]: (-2.5, -1.3, 0.0) 37
[17:46:07.853]: (-2.6, -1.4, 0.0) 28
[17:46:07.875]: (-2.5, -1.5, 0.0) 28
[17:46:07.920]: (-2.5, -1.5, 0.0) 28
[17:46:07.942]: (-3.0, -2.2, 0.1) 56
[17:46:07.964]: (-2.6, -1.4, 0.0) 28
[17:46:07.986]: (-2.5, -1.3, 0.0) 37
[17:46:08.008]: (-2.4, -1.3, 0.0) 37
[17:46:08.031]: (-2.6, -1.4, 0.0) 28
[17:46:08.054]: (-2.5, -1.4, 0.0) 28
[17:46:08.076]: (-2.5, -1.4, 0.0) 28
[17:46:08.100]: (-2.5, -1.5, 0.0) 28
[17:46:08.121]: (-3.0, -2.2, 0.0) 56
[17:46:08.143]: (-3.0, -2.2, 0.1) 56
[17:46:08.166]: (-2.5, -1.5, 0.0) 28
[17:46:08.188]: (-2.6, -1.4, 0.0) 28
[17:46:08.212]: (-2.6, -1.4, 0.0) 28
[17:46:08.233]: (-2.6, -1.4, 0.0) 28
[17:46:08.256]: (-2.6, -1.4, 0.0) 28
[17:46:08.279]: (-2.5, -1.3, 0.0) 37
[17:46:08.407]: (-2.6, -1.3, 0.0) 27
[17:46:08.424]: (-2.6, -1.3, 0.0) 27
[17:46:08.440]: (-2.6, -1.3, 0.0) 27
[17:46:08.756]: (-2.5, -1.3, 0.0) 37
[17:46:08.787]: (-2.5, -1.5, -0.1) 38
[17:46:08.808]: (-2.5, -1.5, 0.0) 28
[17:46:08.831]: (-2.5, -1.5, 0.0) 38
[17:46:08.852]: (-2.5, -1.5, -0.1) 38
[17:46:08.875]: (-2.9, -2.0, 0.0) 67
[17:46:08.898]: (-2.5, -1.5, -0.1) 38
[17:46:08.920]: (-2.5, -1.5, -0.1) 38
[17:46:08.941]: (-2.5, -1.5, -0.1) 38
[17:46:08.964]: (-2.5, -1.5, -0.1) 38
[17:46:08.986]: (-2.5, -1.5, -0.1) 38
[17:46:09.008]: (-2.5, -1.5, -0.1) 38
[17:46:09.030]: (-2.5, -1.5, -0.1) 38
[17:46:09.053]: (-2.5, -1.5, 0.0) 28
[17:46:09.076]: (-2.5, -1.5, 0.0) 38
[17:46:09.097]: (-2.5, -1.5, 0.0) 28
[17:46:09.120]: (-2.5, -1.5, -0.1) 38
[17:46:09.141]: (-2.5, -1.5, -0.1) 38
[17:46:09.164]: (-2.5, -1.5, -0.1) 38
[17:46:09.186]: (-2.5, -1.5, -0.1) 38
[17:46:09.208]: (-2.5, -1.5, -0.1) 38
[17:46:09.230]: (-2.5, -1.5, -0.1) 38
[17:46:09.253]: (-2.9, -2.0, 0.0) 67
[17:46:09.277]: (-2.9, -2.0, 0.0) 67
[17:46:09.295]: (-2.9, -2.0, 0.0) 67
[17:46:09.311]: (-2.5, -1.5, -0.1) 28
[17:46:09.328]: (-2.5, -1.5, -0.1) 28
[17:46:09.345]: (-2.5, -1.5, -0.1) 28
[17:46:09.363]: (-2.9, -2.0, 0.0) 67
[17:46:09.379]: (-2.5, -1.5, -0.1) 28
[17:46:09.394]: (-2.5, -1.5, -0.1) 28
[17:46:09.411]: (-2.5, -1.5, -0.1) 28
[17:46:09.428]: (-2.5, -1.5, -0.1) 28
[17:46:09.444]: (-2.5, -1.5, -0.1) 28
[17:46:09.462]: (-2.5, -1.5, -0.1) 28
[17:46:09.480]: (-2.5, -1.5, -0.1) 28
[17:46:09.497]: (-2.5, -1.5, -0.1) 28
[17:46:09.515]: (-2.9, -2.0, 0.0) 67
[17:46:09.532]: (-2.5, -1.5, -0.1) 28
[17:46:09.549]: (-2.5, -1.5, -0.1) 38
[17:46:09.565]: (-2.5, -1.5, -0.1) 38
[17:46:09.581]: (-2.5, -1.5, -0.1) 38
[17:46:09.600]: (-2.5, -1.5, -0.1) 38
[17:46:09.619]: (-2.5, -1.5, -0.1) 38
[17:46:09.636]: (-2.5, -1.5, -0.1) 38
[17:46:09.653]: (-2.5, -1.5, -0.1) 38
[17:46:09.669]: (-2.5, -1.5, -0.1) 38
[17:46:09.685]: (-2.5, -1.5, -0.1) 38
[17:46:09.701]: (-2.5, -1.5, -0.1) 38
[17:46:09.718]: (-2.5, -1.5, -0.1) 38
[17:46:09.735]: (-2.5, -1.5, 0.0) 38
[17:46:09.752]: (-2.5, -1.5, 0.0) 38
[17:46:09.775]: (-2.5, -1.5, 0.0) 38
[17:46:09.797]: (-2.5, -1.5, 0.0) 38
[17:46:09.819]: (-2.5, -1.5, 0.0) 38
[17:46:09.841]: (-2.5, -1.5, 0.0) 38
[17:46:09.863]: (-2.5, -1.5, -0.1) 38
[17:46:09.885]: (-2.5, -1.5, -0.1) 38
[17:46:09.908]: (-2.5, -1.5, -0.1) 38
[17:46:09.932]: (-2.5, -1.5, -0.1) 38
[17:46:09.952]: (-2.5, -1.5, -0.1) 38
[17:46:09.975]: (-2.5, -1.5, -0.1) 38
[17:46:09.997]: (-2.5, -1.5, -0.1) 38
[17:46:10.020]: (-2.5, -1.5, -0.1) 38
[17:46:10.041]: (-2.5, -1.5, 0.0) 38
[17:46:10.063]: (-2.5, -1.5, -0.1) 38
[17:46:10.086]: (-2.5, -1.5, -0.1) 38
[17:46:10.109]: (-2.5, -1.5, 0.0) 38
[17:46:10.131]: (-2.5, -1.5, -0.1) 38
[17:46:10.152]: (-2.5, -1.5, -0.1) 38
[17:46:10.174]: (-2.4, -1.5, -0.1) 38
[17:46:10.197]: (-2.4, -1.5, -0.1) 38
[17:46:10.219]: (-2.5, -1.5, -0.1) 38
[17:46:10.237]: (-2.5, -1.5, -0.1) 38
[17:46:10.253]: (-2.5, -1.5, -0.1) 38
[17:46:10.269]: (-2.5, -1.5, -0.1) 38
[17:46:10.288]: (-2.4, -1.5, -0.1) 38
[17:46:10.305]: (-2.5, -1.5, -0.1) 38
[17:46:10.322]: (-2.5, -1.5, -0.1) 38
[17:46:10.339]: (-2.5, -1.5, -0.1) 38
[17:46:10.357]: (-2.5, -1.5, 0.0) 38
[17:46:10.374]: (-2.5, -1.5, -0.1) 38
[17:46:10.391]: (-2.9, -2.0, 0.0) 67
[17:46:10.408]: (-2.5, -1.5, 0.0) 28
[17:46:10.425]: (-2.9, -2.0, 0.0) 67
[17:46:10.442]: (-3.1, -2.2, 0.1) 56
[17:46:10.460]: (-2.5, -1.4, 0.0) 28
[17:46:10.476]: (-2.5, -1.5, 0.0) 28
[17:46:10.509]: (-2.4, -1.3, 0.0) 37
[17:46:10.526]: (-2.4, -1.3, 0.0) 37
[17:46:10.542]: (-2.4, -1.3, 0.0) 37
[17:46:10.560]: (-2.4, -1.3, 0.0) 37
[17:46:10.668]: (-2.4, -1.3, 0.0) 37
[17:46:10.686]: (-2.4, -1.3, 0.0) 37
[17:46:10.708]: (-2.4, -1.3, 0.0) 37
[17:46:10.732]: (-2.4, -1.3, 0.0) 37
[17:46:10.752]: (-2.6, -1.5, 0.0) 28
[17:46:10.774]: (-2.4, -1.3, 0.0) 37
[17:46:10.797]: (-2.4, -1.3, 0.0) 37
[17:46:10.819]: (-2.4, -1.3, 0.0) 37
[17:46:10.841]: (-2.4, -1.3, 0.0) 37
[17:46:10.863]: (-2.4, -1.3, 0.0) 37
[17:46:10.886]: (-2.9, -2.3, -0.1) 61
[17:46:10.930]: (-2.7, -2.0, -0.1) 65
[17:46:10.953]: (-2.5, -1.5, -0.1) 38
[17:46:10.974]: (-2.5, -1.5, 0.0) 38
[17:46:10.997]: (-2.7, -2.0, 0.0) 65
[17:46:11.020]: (-2.7, -2.0, 0.0) 65
[17:46:11.041]: (-2.4, -1.6, -0.1) 38
[17:46:11.064]: (-2.4, -1.5, -0.1) 38
[17:46:11.085]: (-2.5, -1.5, -0.1) 38
[17:46:11.108]: (-2.5, -1.5, -0.1) 38
[17:46:11.130]: (-2.4, -1.5, -0.1) 38
[17:46:11.152]: (-2.5, -1.5, -0.1) 38
[17:46:11.174]: (-2.5, -1.5, -0.1) 38
[17:46:11.191]: (-2.5, -1.5, -0.1) 38
[17:46:11.207]: (-2.5, -1.5, -0.1) 38
[17:46:11.223]: (-2.5, -1.5, -0.1) 38
[17:46:11.239]: (-2.5, -1.5, -0.1) 38
[17:46:11.254]: (-2.5, -1.5, -0.1) 38
[17:46:11.270]: (-2.5, -1.5, -0.1) 38
[17:46:11.286]: (-2.5, -1.5, -0.1) 38
[17:46:11.301]: (-2.5, -1.5, -0.1) 38
[17:46:11.319]: (-2.5, -1.5, -0.1) 38
[17:46:11.334]: (-2.5, -1.5, -0.1) 38
[17:46:11.353]: (-2.5, -1.5, -0.1) 38
[17:46:11.368]: (-2.5, -1.5, -0.1) 38
[17:46:11.385]: (-2.5, -1.5, -0.1) 38
[17:46:11.400]: (-2.5, -1.5, -0.1) 38
[17:46:11.417]: (-2.5, -1.5, -0.1) 38
[17:46:11.434]: (-2.5, -1.5, -0.1) 38
[17:46:11.451]: (-2.4, -1.5, -0.1) 38
[17:46:11.630]: (-2.7, -2.1, -0.1) 65
[17:46:11.651]: (-2.9, -2.3, -0.1) 61
[17:46:11.677]: (-2.7, -2.1, -0.1) 65
[17:46:11.696]: (-2.8, -2.1, -0.1) 60
[17:46:11.719]: (-2.5, -1.5, -0.1) 38
[17:46:11.741]: (-2.5, -1.5, -0.1) 38
[17:46:11.763]: (-2.5, -1.5, -0.1) 38
[17:46:11.786]: (-2.5, -1.5, -0.1) 38
[17:46:11.807]: (-2.5, -1.5, -0.1) 38
[17:46:11.830]: (-2.5, -1.5, -0.1) 38
[17:46:11.852]: (-2.5, -1.5, -0.1) 38
[17:46:11.874]: (-2.5, -1.5, -0.1) 38
[17:46:11.896]: (-2.5, -1.5, -0.1) 38
[17:46:11.925]: (-2.5, -1.5, -0.1) 38
[17:46:11.945]: (-2.5, -1.5, -0.1) 38
[17:46:11.963]: (-2.8, -2.0, 0.0) 65
[17:46:11.986]: (-2.5, -1.5, -0.1) 38
[17:46:12.008]: (-2.5, -1.5, 0.0) 38
[17:46:12.030]: (-2.5, -1.5, -0.1) 38
[17:46:12.046]: (-2.4, -1.6, -0.1) 38
[17:46:12.064]: (-2.4, -1.6, -0.1) 38
[17:46:12.081]: (-2.4, -1.5, -0.1) 38
[17:46:12.097]: (-2.5, -1.5, -0.1) 38
[17:46:12.115]: (-2.5, -1.5, -0.1) 38
[17:46:12.132]: (-2.5, -1.5, -0.1) 38
[17:46:12.149]: (-2.5, -1.5, -0.1) 38
[17:46:12.166]: (-2.5, -1.5, -0.1) 38
[17:46:12.182]: (-2.5, -1.5, -0.1) 38
[17:46:12.198]: (-2.5, -1.5, -0.1) 38
[17:46:12.218]: (-2.5, -1.5, -0.1) 38
[17:46:12.233]: (-2.5, -1.6, -0.1) 38
[17:46:12.250]: (-2.5, -1.6, -0.1) 38
[17:46:12.266]: (-2.5, -1.6, -0.1) 38
[17:46:12.282]: (-2.4, -1.6, -0.1) 38
[17:46:12.300]: (-2.4, -1.6, -0.1) 38
[17:46:12.317]: (-2.4, -1.6, -0.1) 38
[17:46:12.333]: (-2.4, -1.6, -0.1) 38
[17:46:12.349]: (-2.4, -1.6, -0.1) 38
[17:46:12.367]: (-2.4, -1.6, -0.1) 38
[17:46:12.386]: (-2.5, -1.6, -0.1) 38
[17:46:12.402]: (-2.5, -1.6, -0.1) 38
[17:46:12.419]: (-2.4, -1.6, -0.1) 38
[17:46:12.435]: (-2.4, -1.6, -0.1) 38
[17:46:12.452]: (-2.4, -1.6, -0.1) 38
[17:46:12.468]: (-2.4, -1.6, 0.0) 38
[17:46:12.484]: (-2.4, -1.6, -0.1) 38
[17:46:12.500]: (-2.7, -2.0, 0.0) 65
[17:46:12.520]: (-2.4, -1.6, -0.1) 38
[17:46:12.540]: (-2.5, -1.6, -0.1) 38
[17:46:12.562]: (-2.5, -1.5, -0.1) 38
[17:46:12.584]: (-2.5, -1.5, -0.1) 38
[17:46:12.608]: (-2.5, -1.5, -0.1) 38
[17:46:12.674]: (-2.5, -1.5, 0.0) 38
[17:46:12.696]: (-2.5, -1.5, 0.0) 38
[17:46:19.150]: (-2.6, -1.3, -0.1) 27
[17:46:19.198]: (-2.6, -1.5, -0.2) 26
[17:46:19.217]: (-2.5, -1.5, -0.1) 38
[17:46:19.239]: (-2.5, -1.2, 0.0) 37
[17:46:19.257]: (-2.4, -1.3, 0.0) 37
[17:46:19.306]: (-2.5, -1.3, 0.1) 37
[17:46:19.323]: (-2.5, -1.3, 0.1) 37
[17:46:19.441]: (-2.4, -1.3, 0.0) 37
[17:46:19.458]: (-3.1, -2.2, 0.1) 56
[17:46:19.476]: (-3.0, -2.0, 0.0) 67
[17:46:19.498]: (-3.0, -2.0, 0.0) 67
[17:46:19.520]: (-2.5, -1.5, -0.1) 38
[17:46:19.539]: (-2.6, -1.4, 0.0) 38
[17:46:19.795]: (-2.8, -1.3, 0.2) 47
[17:46:19.820]: (-2.6, -1.0, 0.2) 45
[17:46:19.850]: (-2.7, -0.7, 0.3) 50
[17:46:19.885]: (-2.3, -0.4, 0.3) 3
[17:46:19.917]: (-2.0, 0.0, 0.5) 1
[17:46:19.950]: (-1.8, 0.3, 0.5) 20
[17:46:19.983]: (-2.0, 0.3, 0.9) 16
[17:46:20.183]: (-1.0, 1.4, 1.7) 10
[17:46:20.218]: (-1.1, 1.4, 1.8) 0
[17:46:20.250]: (-1.1, 1.4, 2.3) 3
[17:46:20.285]: (-0.9, 1.5, 2.2) 13
[17:46:20.353]: (-0.8, 1.4, 1.9) 9
[17:46:20.639]: (0.1, 1.5, 3.9) 64
[17:46:20.705]: (0.1, 1.6, 3.9) 64
[17:46:20.727]: (0.1, 1.6, 3.9) 64
[17:46:20.750]: (0.1, 1.5, 3.9) 64
[17:46:20.771]: (0.1, 1.6, 3.9) 64
[17:46:20.793]: (0.1, 1.6, 3.9) 64
[17:46:20.815]: (0.1, 1.6, 3.9) 64
[17:46:20.839]: (0.1, 1.6, 3.9) 64
[17:46:20.861]: (0.1, 1.6, 4.0) 64
[17:46:20.883]: (0.1, 1.6, 4.2) 69
[17:46:20.927]: (0.0, 1.6, 3.9) 64
[17:46:21.239]: (-0.3, 1.6, 1.9) 12
[17:46:21.261]: (-0.3, 1.6, 2.0) 1
[17:46:21.285]: (-0.3, 1.6, 1.9) 1
[17:46:21.305]: (-0.3, 1.7, 2.2) 2
[17:46:21.326]: (-0.3, 1.7, 2.2) 2
[17:46:21.348]: (-0.3, 1.7, 2.4) 14
[17:46:21.393]: (-0.3, 1.7, 2.4) 14
[17:46:21.572]: (-0.2, 1.6, 3.1) 51
[17:46:21.596]: (-0.1, 1.6, 3.0) 45
[17:46:21.617]: (-0.1, 1.6, 3.0) 45
[17:46:21.635]: (-0.1, 1.6, 2.9) 50
[17:46:21.657]: (-0.1, 1.7, 3.1) 46
[17:46:21.678]: (-0.1, 1.6, 3.0) 45
[17:46:21.694]: (-0.1, 1.7, 3.0) 45
[17:46:21.709]: (-0.1, 1.7, 3.0) 45
[17:46:21.727]: (-0.1, 1.7, 3.0) 45
[17:46:21.743]: (-0.1, 1.7, 3.1) 46
[17:46:21.759]: (-0.1, 1.7, 3.1) 46
[17:46:21.775]: (-0.1, 1.7, 3.1) 46
[17:46:21.807]: (-0.1, 1.7, 3.1) 46
[17:46:21.824]: (-0.1, 1.7, 3.1) 46
[17:46:21.843]: (-0.1, 1.7, 3.1) 46
[17:46:21.859]: (-0.1, 1.7, 3.1) 46
[17:46:21.875]: (-0.1, 1.7, 3.0) 45
[17:46:21.891]: (-0.1, 1.7, 3.0) 45
[17:46:21.908]: (0.0, 1.7, 3.1) 46
[17:46:21.924]: (0.0, 1.7, 3.1) 46
[17:46:21.940]: (0.0, 1.7, 3.0) 45
[17:46:21.955]: (0.3, 1.7, 3.2) 47
[17:46:22.017]: (1.0, 1.6, 2.9) 37
[17:46:22.033]: (1.0, 1.5, 2.8) 37
[17:46:22.050]: (1.0, 1.6, 2.8) 37
[17:46:22.071]: (1.0, 1.7, 3.0) 28
[17:46:22.094]: (1.0, 1.6, 2.9) 27
[17:46:22.117]: (1.0, 1.6, 2.9) 27
[17:46:22.181]: (1.0, 1.6, 2.9) 37
[17:46:22.777]: (1.1, 1.8, 2.8) 38
[17:46:22.798]: (1.1, 1.8, 2.8) 38
[17:46:22.941]: (1.1, 1.8, 2.8) 38
[17:46:22.962]: (1.1, 1.8, 2.8) 38
[17:46:22.983]: (1.1, 1.8, 2.8) 38
[17:46:23.005]: (1.1, 1.8, 2.8) 38
[17:46:23.066]: (1.3, 1.7, 2.7) 25
[17:46:23.088]: (1.3, 1.7, 2.7) 25
[17:46:23.110]: (1.3, 1.7, 2.7) 25
[17:46:23.130]: (1.3, 1.7, 2.7) 25
[17:46:23.147]: (1.3, 1.7, 2.6) 25
[17:46:23.164]: (1.3, 1.7, 2.6) 25
[17:46:23.180]: (1.3, 1.7, 2.6) 25
[17:46:23.215]: (1.3, 1.7, 2.7) 25
[17:46:23.247]: (1.3, 1.7, 2.7) 25
[17:46:23.314]: (1.3, 1.7, 2.7) 25
[17:46:23.349]: (1.3, 1.7, 2.6) 25
[17:46:23.382]: (1.3, 1.7, 2.6) 25
[17:46:23.416]: (1.4, 1.7, 2.6) 25
[17:46:23.447]: (1.4, 1.7, 2.6) 25
[17:46:23.482]: (1.3, 1.7, 2.6) 25
[17:46:23.547]: (1.3, 1.7, 2.6) 25
[17:46:23.582]: (1.3, 1.7, 2.7) 25
[17:46:23.614]: (1.2, 1.8, 2.8) 28
[17:46:23.648]: (1.0, 2.0, 3.4) 64
[17:46:23.682]: (1.0, 2.0, 3.4) 64
[17:46:23.715]: (1.0, 2.1, 3.7) 69
[17:46:23.904]: (0.1, 1.8, 2.8) 45
[17:46:23.925]: (0.1, 1.8, 2.8) 45
[17:46:23.948]: (0.1, 1.7, 2.8) 45
[17:46:23.969]: (0.1, 1.8, 2.8) 45
[17:46:23.992]: (0.1, 1.8, 2.8) 45
[17:46:24.014]: (0.1, 1.7, 2.7) 50
[17:46:24.038]: (0.0, 1.7, 2.7) 50
[17:46:24.058]: (0.1, 1.8, 2.8) 45
[17:46:24.191]: (0.0, 1.8, 3.0) 51
[17:46:24.214]: (0.0, 1.8, 3.0) 51
[17:46:24.237]: (0.0, 1.7, 2.7) 50
[17:46:24.258]: (0.0, 1.7, 2.8) 50
[17:46:24.282]: (-0.3, 1.6, 2.2) 3
[17:46:24.302]: (-0.4, 1.4, 1.8) 18
[17:46:24.325]: (-0.4, 1.4, 2.0) 6
[17:46:24.348]: (-0.4, 1.4, 2.1) 6
[17:46:24.369]: (-0.4, 1.5, 2.0) 6
[17:46:24.392]: (-0.4, 1.5, 1.8) 18
[17:46:24.414]: (-0.4, 1.5, 2.1) 6
[17:46:24.436]: (-0.4, 1.4, 2.0) 6
[17:46:24.459]: (-0.4, 1.4, 2.0) 6
[17:46:24.480]: (-0.5, 1.4, 2.0) 6
[17:46:24.504]: (-0.5, 1.4, 2.0) 6
[17:46:24.525]: (-0.5, 1.4, 2.1) 6
[17:46:24.547]: (-0.5, 1.4, 2.0) 6
[17:46:24.569]: (-0.5, 1.4, 2.0) 6
[17:46:24.591]: (-0.5, 1.5, 2.0) 6
[17:46:24.616]: (-0.4, 1.5, 2.1) 6
[17:46:24.638]: (-0.5, 1.4, 2.1) 6
[17:46:24.660]: (-0.5, 1.4, 1.9) 16
[17:46:24.684]: (-0.5, 1.4, 1.9) 16
[17:46:24.708]: (-0.5, 1.4, 1.9) 16
[17:46:24.730]: (-0.5, 1.4, 1.9) 16
[17:46:24.752]: (-0.5, 1.4, 1.9) 16
[17:46:24.775]: (-0.5, 1.4, 1.9) 16
[17:46:24.795]: (-0.5, 1.4, 1.9) 16
[17:46:24.816]: (-0.5, 1.4, 1.9) 16
[17:46:24.840]: (-0.5, 1.4, 1.9) 16
[17:46:24.860]: (-0.5, 1.4, 2.0) 16
[17:46:24.884]: (-0.5, 1.4, 1.9) 16
[17:46:24.905]: (-0.5, 1.4, 1.9) 16
[17:46:24.927]: (-0.5, 1.4, 2.0) 16
[17:46:24.951]: (-0.5, 1.4, 2.0) 16
[17:46:24.972]: (-0.5, 1.4, 2.0) 16
[17:46:24.996]: (-0.5, 1.4, 2.0) 16
[17:46:25.017]: (-0.4, 1.5, 2.1) 6
[17:46:25.409]: (0.0, 1.8, 3.0) 51
[17:46:25.426]: (0.0, 1.8, 3.0) 51
[17:46:25.444]: (0.0, 1.8, 3.0) 51
[17:46:25.460]: (0.0, 1.8, 3.0) 51
[17:46:25.478]: (0.0, 1.8, 3.0) 51
[17:46:25.495]: (0.0, 1.8, 3.0) 51
[17:46:25.858]: (0.1, 2.1, 3.6) 96
[17:46:25.969]: (-0.4, 1.5, 1.7) 18
[17:46:25.992]: (-0.4, 1.5, 1.7) 18
[17:46:26.013]: (-0.4, 1.5, 1.7) 18
[17:46:26.030]: (-0.4, 1.5, 1.7) 18
[17:46:26.047]: (-0.4, 1.5, 1.7) 18
[17:46:26.062]: (-0.4, 1.5, 1.7) 18
[17:46:26.078]: (-0.4, 1.5, 1.7) 18
[17:46:26.095]: (-0.4, 1.5, 1.7) 18
[17:46:26.112]: (-0.4, 1.5, 1.7) 18
[17:46:26.128]: (-0.4, 1.5, 1.8) 18
[17:46:26.144]: (-0.4, 1.5, 1.8) 18
[17:46:26.161]: (-0.4, 1.5, 1.7) 18
[17:46:26.177]: (-0.4, 1.5, 1.8) 18
[17:46:26.194]: (-0.4, 1.5, 1.8) 18
[17:46:26.211]: (-0.4, 1.5, 1.7) 18
[17:46:26.227]: (-0.4, 1.5, 1.7) 18
[17:46:26.244]: (-0.4, 1.5, 1.7) 18
[17:46:26.260]: (-0.4, 1.5, 1.7) 18
[17:46:26.277]: (-0.4, 1.5, 1.7) 18
[17:46:26.295]: (-0.4, 1.5, 1.8) 18
[17:46:26.310]: (-0.4, 1.5, 1.8) 18
[17:46:26.327]: (-0.4, 1.5, 1.8) 18
[17:46:26.344]: (-0.4, 1.5, 1.8) 18
[17:46:26.361]: (-0.4, 1.5, 2.1) 6
[17:46:26.377]: (-0.4, 1.5, 1.8) 18
[17:46:26.393]: (-0.4, 1.5, 2.1) 6
[17:46:26.408]: (-0.4, 1.5, 2.1) 6
[17:46:26.424]: (-0.5, 1.5, 2.2) 7
[17:46:26.447]: (-0.8, 1.9, 2.8) 89
[17:46:26.469]: (-0.8, 1.9, 3.1) 71
[17:46:26.513]: (-0.8, 1.9, 3.1) 71
[17:46:26.624]: (-0.9, 1.9, 3.1) 71
[17:46:26.646]: (-0.8, 1.9, 3.1) 71
[17:46:26.669]: (-0.9, 1.9, 3.1) 71
[17:46:26.691]: (-0.8, 1.8, 2.8) 89
[17:46:26.713]: (-0.8, 1.8, 2.8) 89
[17:46:26.736]: (-0.8, 1.9, 2.8) 89
[17:46:26.758]: (-0.8, 1.8, 2.8) 89
[17:46:26.782]: (-0.8, 1.9, 2.8) 89
[17:46:26.803]: (-0.7, 1.8, 2.8) 89
[17:46:26.824]: (-0.7, 1.8, 2.8) 89
[17:46:26.846]: (-0.7, 1.8, 2.8) 89
[17:46:26.868]: (-0.7, 1.8, 2.8) 89
[17:46:26.890]: (-0.6, 1.9, 3.0) 74
[17:46:26.993]: (0.1, 1.8, 2.9) 46
[17:46:27.025]: (0.1, 1.8, 2.9) 46
[17:46:27.042]: (0.1, 1.8, 3.0) 46
[17:46:27.092]: (0.0, 1.8, 3.0) 51
[17:46:27.186]: (0.1, 1.8, 3.0) 46
[17:46:27.345]: (0.1, 1.8, 2.9) 46
[17:46:27.362]: (0.1, 1.8, 3.0) 51
[17:46:27.380]: (0.1, 1.8, 3.0) 51
[17:46:27.405]: (0.1, 1.8, 2.8) 50
[17:46:27.428]: (0.1, 1.8, 3.0) 51
[17:46:27.559]: (0.0, 1.7, 2.0) 11
[17:46:27.906]: (0.2, 2.3, 2.6) 41
[17:46:27.928]: (0.2, 2.3, 2.8) 47
[17:46:27.949]: (0.2, 2.3, 2.8) 47
[17:46:27.969]: (0.3, 2.3, 2.8) 47
[17:46:27.991]: (0.3, 2.3, 2.9) 47
[17:46:28.012]: (0.3, 2.3, 2.9) 47
[17:46:28.140]: (0.3, 2.2, 2.9) 47
[17:46:28.224]: (0.2, 2.0, 2.6) 43
[17:46:28.244]: (0.2, 2.0, 2.6) 43
[17:46:28.266]: (0.2, 2.0, 2.6) 41
[17:46:28.287]: (0.2, 2.1, 2.7) 41
[17:46:28.307]: (0.2, 2.1, 2.6) 41
[17:46:28.329]: (0.2, 2.1, 2.6) 41
[17:46:28.351]: (0.3, 2.1, 2.7) 42
[17:46:28.373]: (0.3, 2.1, 2.7) 42
[17:46:28.398]: (0.3, 2.1, 2.7) 42
[17:46:28.503]: (0.2, 2.2, 3.3) 104
[17:46:28.539]: (0.1, 2.1, 2.9) 49
[17:46:28.569]: (0.1, 2.1, 2.9) 49
[17:46:28.603]: (0.1, 2.1, 2.9) 49
[17:46:29.390]: (-0.4, 1.5, 2.2) 5
[17:46:29.414]: (-0.4, 1.4, 1.7) 18
[17:46:29.435]: (-0.4, 1.4, 1.7) 18
[17:46:29.457]: (-0.4, 1.4, 1.7) 18
[17:46:29.480]: (-0.4, 1.4, 1.7) 18
[17:46:29.503]: (-0.4, 1.4, 1.7) 18
[17:46:29.523]: (-0.4, 1.4, 1.7) 18
[17:46:29.546]: (-0.4, 1.4, 1.7) 18
[17:46:29.568]: (-0.4, 1.4, 1.7) 18
[17:46:29.591]: (-0.4, 1.4, 1.7) 18
[17:46:29.613]: (-0.4, 1.4, 1.7) 18
[17:46:29.634]: (-0.4, 1.4, 1.7) 18
[17:46:29.658]: (-0.4, 1.4, 1.7) 18
[17:46:29.679]: (-0.4, 1.4, 1.7) 18
[17:46:29.702]: (-0.4, 1.4, 1.7) 18
[17:46:29.724]: (-0.4, 1.4, 1.7) 18
[17:46:29.745]: (-0.4, 1.4, 1.7) 18
[17:46:29.768]: (-0.4, 1.4, 1.7) 18
[17:46:29.790]: (-0.4, 1.4, 1.7) 18
[17:46:29.814]: (-0.4, 1.3, 1.7) 8
[17:46:29.835]: (-0.4, 1.3, 1.7) 8
[17:46:29.856]: (-0.4, 1.3, 1.7) 8
[17:46:29.881]: (-0.4, 1.3, 1.7) 8
[17:46:29.901]: (-0.4, 1.3, 1.9) 1
[17:46:29.923]: (-0.4, 1.3, 1.9) 1
[17:46:29.948]: (-0.4, 1.4, 1.9) 1
[17:46:29.971]: (-0.4, 1.4, 1.9) 1
[17:46:29.992]: (-0.4, 1.4, 1.9) 1
[17:46:30.017]: (-0.4, 1.4, 1.9) 1
[17:46:30.039]: (-0.4, 1.4, 1.9) 1
[17:46:30.061]: (-0.4, 1.4, 1.9) 1
[17:46:30.084]: (-0.4, 1.4, 1.9) 12
[17:46:30.106]: (-0.4, 1.4, 1.9) 12
[17:46:30.129]: (-0.2, 1.6, 1.7) 9
[17:46:30.393]: (0.0, 2.1, 2.4) 50
[17:46:30.416]: (0.1, 2.2, 2.4) 45
[17:46:30.440]: (0.1, 2.2, 2.5) 45
[17:46:30.462]: (0.1, 2.2, 2.5) 46
[17:46:30.484]: (0.1, 2.2, 2.5) 46
[17:46:30.507]: (0.1, 2.1, 2.4) 45
[17:46:30.530]: (0.2, 2.1, 2.4) 45
[17:46:30.550]: (0.1, 2.1, 2.4) 45
[17:46:30.573]: (0.2, 2.1, 2.4) 45
[17:46:30.595]: (0.2, 2.1, 2.4) 45
[17:46:30.617]: (0.2, 2.1, 2.4) 45
[17:46:30.642]: (0.2, 2.1, 2.5) 46
[17:46:30.664]: (0.4, 2.1, 2.6) 42
[17:46:30.684]: (0.7, 2.0, 2.5) 40
[17:46:30.706]: (1.2, 1.9, 2.4) 28
[17:46:30.728]: (1.2, 1.8, 2.4) 28
[17:46:30.754]: (1.2, 1.8, 2.4) 28
[17:46:30.777]: (1.2, 1.8, 2.4) 28
[17:46:30.798]: (1.3, 1.9, 2.4) 26
[17:46:30.820]: (1.3, 1.9, 2.4) 26
[17:46:30.842]: (1.3, 1.9, 2.4) 26
[17:46:30.863]: (1.3, 1.9, 2.4) 26
[17:46:30.884]: (1.2, 1.9, 2.4) 28
[17:46:30.908]: (1.2, 1.9, 2.4) 28
[17:46:30.931]: (1.1, 1.9, 2.4) 38
[17:46:30.953]: (1.1, 1.9, 2.4) 28
[17:46:30.974]: (1.1, 1.9, 2.4) 38
[17:46:31.016]: (1.1, 1.9, 2.4) 38
[17:46:31.060]: (1.1, 1.9, 2.4) 38
[17:46:31.084]: (1.1, 1.9, 2.4) 38
[17:46:31.106]: (1.0, 1.9, 2.4) 38
[17:46:31.134]: (1.1, 1.9, 2.4) 28
[17:46:31.202]: (1.1, 1.8, 2.3) 27
[17:46:31.336]: (1.0, 2.0, 2.4) 38
[17:46:31.367]: (1.0, 2.3, 2.9) 64
[17:46:31.669]: (0.2, 2.5, 2.9) 104
[17:46:31.701]: (0.1, 2.5, 3.1) 98
[17:46:31.736]: (0.1, 2.6, 3.0) 98
[17:46:31.945]: (0.0, 2.5, 3.0) 106
[17:46:31.967]: (0.0, 2.5, 3.0) 106
[17:46:31.989]: (0.0, 2.5, 3.0) 106
[17:46:32.034]: (0.0, 2.5, 3.0) 106
[17:46:32.056]: (0.0, 2.5, 3.0) 106
[17:46:32.079]: (0.0, 2.5, 3.0) 106
[17:46:32.101]: (0.0, 2.5, 3.0) 106
[17:46:32.122]: (0.0, 2.5, 3.0) 106
[17:46:32.145]: (0.0, 2.5, 3.0) 106
[17:46:32.255]: (0.0, 2.5, 3.0) 106
[17:46:32.277]: (0.0, 2.5, 3.0) 106
[17:46:32.300]: (0.1, 2.5, 3.1) 98
[17:46:33.014]: (0.2, 2.6, 3.0) 96
[17:46:33.031]: (0.2, 2.6, 3.0) 96
[17:46:33.047]: (0.2, 2.6, 3.0) 96
[17:46:33.064]: (0.2, 2.6, 3.0) 96
[17:46:33.082]: (0.2, 2.6, 3.0) 96
[17:46:33.098]: (0.2, 2.6, 3.0) 96
[17:46:33.115]: (0.2, 2.6, 3.0) 96
[17:46:33.133]: (0.2, 2.6, 3.0) 96
[17:46:33.149]: (0.2, 2.6, 3.0) 96
[17:46:33.166]: (0.2, 2.6, 3.0) 96
[17:46:33.182]: (0.2, 2.5, 3.0) 96
[17:46:33.200]: (0.2, 2.6, 3.0) 96
[17:46:33.216]: (0.2, 2.6, 3.0) 96
[17:46:33.249]: (0.2, 2.6, 3.0) 96
[17:46:33.330]: (0.3, 2.5, 2.9) 104
[17:46:33.349]: (0.3, 2.6, 3.0) 96
[17:46:33.366]: (0.3, 2.6, 3.0) 96
[17:46:33.382]: (0.3, 2.6, 3.0) 96
[17:46:33.399]: (0.3, 2.6, 3.0) 96
[17:46:33.415]: (0.3, 2.6, 3.0) 96
[17:46:33.431]: (0.3, 2.6, 3.0) 96
[17:46:33.447]: (0.2, 2.5, 2.9) 104
[17:46:33.463]: (0.2, 2.6, 3.0) 96
[17:46:33.479]: (0.2, 2.6, 3.0) 96
[17:46:33.502]: (0.2, 2.6, 3.0) 96
[17:46:33.523]: (0.2, 2.5, 3.0) 96
[17:46:33.544]: (0.2, 2.6, 3.0) 96
[17:46:33.567]: (0.2, 2.5, 2.9) 104
[17:46:33.589]: (0.2, 2.5, 2.9) 104
[17:46:33.611]: (0.2, 2.5, 2.9) 104
[17:46:33.633]: (0.2, 2.5, 2.9) 104
[17:46:33.655]: (0.2, 2.5, 2.9) 104
[17:46:33.677]: (0.2, 2.5, 2.9) 104
[17:46:33.701]: (0.2, 2.5, 2.9) 104
[17:46:33.722]: (0.2, 2.5, 2.9) 104
[17:46:33.744]: (0.2, 2.5, 2.9) 104
[17:46:33.768]: (0.2, 2.5, 2.9) 104
[17:46:33.832]: (0.2, 2.5, 2.9) 104
[17:46:33.855]: (0.2, 2.5, 2.9) 104
[17:46:33.877]: (0.2, 2.5, 2.9) 104
[17:46:33.899]: (0.2, 2.5, 2.9) 104
[17:46:33.915]: (0.2, 2.5, 3.0) 104
[17:46:33.931]: (0.2, 2.5, 2.9) 104
[17:46:33.949]: (0.2, 2.5, 2.9) 104
[17:46:33.980]: (0.2, 2.5, 2.9) 104
[17:46:33.998]: (0.2, 2.5, 2.9) 104
[17:46:34.016]: (0.2, 2.5, 2.9) 104
[17:46:34.033]: (0.2, 2.4, 2.9) 104
[17:46:34.049]: (0.2, 2.4, 2.9) 104
[17:46:34.066]: (0.2, 2.4, 2.9) 104
[17:46:34.082]: (0.2, 2.4, 2.9) 104
[17:46:34.114]: (0.2, 2.4, 2.9) 104
[17:46:34.132]: (0.2, 2.5, 2.9) 104
[17:46:34.149]: (0.2, 2.5, 2.9) 104
[17:46:34.165]: (0.2, 2.5, 2.9) 104
[17:46:34.599]: (-0.5, 1.6, 2.0) 5
[17:46:34.621]: (-0.5, 1.5, 1.9) 7
[17:46:34.644]: (-0.5, 1.5, 1.8) 6
[17:46:34.666]: (-0.5, 1.5, 1.8) 6
[17:46:34.689]: (-0.5, 1.5, 1.8) 6
[17:46:34.710]: (-0.5, 1.5, 1.8) 6
[17:46:34.733]: (-0.5, 1.5, 1.8) 6
[17:46:34.755]: (-0.5, 1.5, 1.8) 6
[17:46:34.777]: (-0.6, 1.5, 1.8) 6
[17:46:34.799]: (-0.5, 1.5, 1.8) 6
[17:46:34.817]: (-0.6, 1.5, 1.8) 6
[17:46:34.834]: (-0.6, 1.5, 1.8) 6
[17:46:34.851]: (-0.5, 1.5, 1.8) 6
[17:46:34.868]: (-0.5, 1.5, 1.8) 6
[17:46:34.885]: (-0.5, 1.5, 1.8) 6
[17:46:34.901]: (-0.5, 1.4, 1.8) 6
[17:46:34.918]: (-0.5, 1.5, 1.8) 6
[17:46:34.936]: (-0.5, 1.5, 1.8) 6
[17:46:34.952]: (-0.5, 1.5, 1.9) 6
[17:46:34.968]: (-0.5, 1.5, 1.8) 6
[17:46:34.985]: (-0.5, 1.4, 1.8) 6
[17:46:35.003]: (-0.5, 1.5, 1.8) 6
[17:46:35.019]: (-0.5, 1.4, 1.8) 6
[17:46:35.036]: (-0.5, 1.4, 1.8) 6
[17:46:35.052]: (-0.5, 1.4, 1.8) 6
[17:46:35.070]: (-0.5, 1.4, 1.8) 6
[17:46:35.086]: (-0.5, 1.4, 1.8) 6
[17:46:35.103]: (-0.5, 1.5, 1.8) 6
[17:46:35.120]: (-0.5, 1.5, 1.8) 6
[17:46:35.136]: (-0.5, 1.4, 1.8) 6
[17:46:35.152]: (-0.5, 1.4, 1.6) 18
[17:46:35.168]: (-0.5, 1.4, 1.8) 6
[17:46:35.185]: (-0.5, 1.4, 1.8) 6
[17:46:35.206]: (-0.5, 1.4, 1.8) 6
[17:46:35.225]: (-0.5, 1.4, 1.8) 6
[17:46:35.249]: (-0.5, 1.4, 1.8) 6
[17:46:35.270]: (-0.5, 1.4, 1.8) 6
[17:46:35.290]: (-0.5, 1.4, 1.8) 6
[17:46:35.329]: (-0.5, 1.4, 1.6) 18
[17:46:35.346]: (-0.5, 1.4, 1.8) 6
[17:46:35.381]: (-0.5, 1.4, 1.6) 18
[17:46:35.399]: (-0.5, 1.4, 1.6) 18
[17:46:35.424]: (-0.5, 1.4, 1.5) 18
[17:46:35.467]: (-0.5, 1.3, 1.7) 19
[17:46:35.489]: (-0.5, 1.3, 1.7) 19
[17:46:35.512]: (-0.5, 1.3, 1.7) 19
[17:46:35.533]: (-0.6, 1.3, 1.7) 19
[17:46:35.556]: (-0.6, 1.3, 1.7) 19
[17:46:35.578]: (-0.5, 1.3, 1.7) 19
[17:46:35.599]: (-0.6, 1.3, 1.7) 19
[17:46:35.622]: (-0.6, 1.3, 1.7) 19
[17:46:35.646]: (-0.6, 1.3, 1.7) 19
[17:46:35.666]: (-0.5, 1.3, 1.7) 19
[17:46:35.689]: (-0.6, 1.3, 1.7) 19
[17:46:35.745]: (-0.5, 1.3, 1.7) 19
[17:46:35.763]: (-0.5, 1.3, 1.7) 19
[17:46:35.784]: (-0.5, 1.3, 1.7) 19
[17:46:35.801]: (-0.5, 1.3, 1.7) 19
[17:46:35.830]: (-0.6, 1.3, 1.7) 19
[17:46:35.857]: (-0.6, 1.3, 1.7) 19
[17:46:35.880]: (-0.5, 1.3, 1.7) 19
[17:46:35.906]: (-0.5, 1.3, 1.7) 19
[17:46:35.925]: (-0.5, 1.3, 1.7) 19
[17:46:35.949]: (-0.5, 1.3, 1.7) 19
[17:46:35.973]: (-0.5, 1.3, 1.7) 19
[17:46:35.991]: (-0.5, 1.3, 1.7) 19
[17:46:36.022]: (-0.5, 1.2, 1.6) 8
[17:46:36.041]: (-0.5, 1.2, 1.6) 8
[17:46:36.167]: (-0.5, 1.2, 1.7) 19
[17:46:36.219]: (-0.5, 1.2, 1.7) 19
[17:46:36.344]: (-0.5, 1.2, 1.7) 19
[17:46:36.812]: (-0.5, 1.2, 1.6) 8
[17:46:36.829]: (-0.5, 1.2, 1.6) 8
[17:46:36.845]: (-0.5, 1.2, 1.6) 8
[17:46:36.862]: (-0.5, 1.2, 1.6) 8
[17:46:36.879]: (-0.5, 1.2, 1.6) 8
[17:46:36.896]: (-0.5, 1.3, 1.6) 8
[17:46:36.913]: (-0.5, 1.2, 1.6) 8
[17:46:36.932]: (-0.5, 1.2, 1.5) 20
[17:46:36.950]: (-0.5, 1.2, 1.5) 20
[17:46:36.967]: (-0.5, 1.2, 1.6) 20
[17:46:36.984]: (-0.5, 1.2, 1.6) 8
[17:46:37.001]: (-0.5, 1.3, 1.6) 8
[17:46:37.017]: (-0.5, 1.3, 1.6) 8
[17:46:37.033]: (-0.5, 1.3, 1.6) 8
[17:46:37.050]: (-0.5, 1.3, 1.6) 8
[17:46:37.067]: (-0.5, 1.3, 1.6) 8
[17:46:37.084]: (-0.5, 1.3, 1.6) 8
[17:46:37.100]: (-0.4, 1.3, 1.6) 8
[17:46:37.117]: (-0.5, 1.3, 1.6) 8
[17:46:37.134]: (-0.5, 1.3, 1.6) 8
[17:46:37.151]: (-0.5, 1.3, 1.6) 8
[17:46:37.168]: (-0.5, 1.3, 1.6) 8
[17:46:37.187]: (-0.5, 1.3, 1.6) 8
[17:46:37.210]: (-0.4, 1.3, 1.6) 8
[17:46:37.232]: (-0.4, 1.3, 1.6) 8
[17:46:37.255]: (-0.4, 1.3, 1.6) 8
[17:46:37.277]: (-0.4, 1.3, 1.6) 8
[17:46:37.298]: (-0.5, 1.3, 1.6) 8
[17:46:37.366]: (-0.5, 1.3, 1.7) 19
[17:46:37.388]: (-0.5, 1.3, 1.7) 19
[17:46:37.408]: (-0.6, 1.3, 1.6) 19
[17:46:37.432]: (-0.6, 1.3, 1.7) 19
[17:46:37.455]: (-0.6, 1.4, 1.8) 16
[17:46:37.475]: (-0.6, 1.4, 1.8) 6
[17:46:37.498]: (-0.6, 1.4, 1.8) 6
[17:46:37.520]: (-0.6, 1.4, 1.8) 6
[17:46:37.542]: (-0.6, 1.4, 1.8) 6
[17:46:37.565]: (-0.5, 1.4, 1.8) 6
[17:46:37.587]: (-0.5, 1.4, 1.8) 6
[17:46:37.610]: (-0.5, 1.4, 1.8) 6
[17:46:37.632]: (-0.5, 1.4, 1.8) 6
[17:46:37.654]: (-0.5, 1.4, 1.8) 6
[17:46:37.671]: (-0.5, 1.4, 1.8) 6
[17:46:37.687]: (-0.5, 1.4, 1.8) 6
[17:46:37.706]: (-0.5, 1.4, 1.8) 6
[17:46:37.721]: (-0.5, 1.4, 1.8) 6
[17:46:37.738]: (-0.5, 1.4, 1.8) 6
[17:46:37.755]: (-0.5, 1.5, 1.8) 6
[17:46:37.773]: (-0.5, 1.5, 1.8) 6
[17:46:37.789]: (-0.6, 1.5, 1.9) 7
[17:46:37.806]: (-0.6, 1.5, 1.8) 6
[17:46:37.823]: (-0.5, 1.5, 1.8) 6
[17:46:37.840]: (-0.5, 1.5, 1.8) 6
[17:46:37.859]: (-0.5, 1.5, 1.8) 6
[17:46:37.879]: (-0.5, 1.5, 1.8) 6
[17:46:37.896]: (-0.5, 1.5, 1.8) 6
[17:46:37.913]: (-0.5, 1.5, 1.8) 6
[17:46:37.929]: (-0.5, 1.5, 1.8) 6
[17:46:37.945]: (-0.5, 1.5, 1.8) 6
[17:46:37.962]: (-0.5, 1.5, 1.9) 6
[17:46:37.978]: (-0.5, 1.5, 1.9) 7
[17:46:37.996]: (-0.5, 1.5, 1.9) 7
[17:46:38.013]: (-0.5, 1.5, 1.9) 7
[17:46:38.030]: (-0.6, 1.5, 1.9) 7
[17:46:38.046]: (-0.6, 1.6, 1.9) 7
[17:46:38.064]: (-0.6, 1.6, 1.9) 7
[17:46:38.083]: (-0.6, 1.6, 1.9) 7
[17:46:38.100]: (-0.6, 1.6, 1.9) 7
[17:46:38.117]: (-0.6, 1.6, 1.9) 7
[17:46:38.134]: (-0.6, 1.6, 1.9) 7
[17:46:38.152]: (-0.6, 1.6, 1.9) 7
[17:46:38.431]: (-0.6, 1.6, 1.9) 7
[17:46:38.454]: (-0.6, 1.6, 2.0) 17
[17:46:38.475]: (-0.6, 1.5, 1.9) 7
[17:46:38.498]: (-0.6, 1.5, 1.9) 7
[17:46:38.520]: (-0.6, 1.5, 1.9) 7
[17:46:38.542]: (-0.6, 1.6, 1.9) 7
[17:46:38.565]: (-0.6, 1.6, 1.9) 7
[17:46:38.583]: (-0.6, 1.6, 2.0) 17
[17:46:38.600]: (-0.5, 1.6, 1.9) 7
[17:46:38.637]: (-0.5, 1.6, 1.9) 7
[17:46:38.734]: (-0.5, 1.6, 1.9) 7
[17:46:38.754]: (-0.5, 1.6, 1.9) 7
[17:46:38.772]: (-0.5, 1.6, 1.9) 7
[17:46:38.789]: (-0.5, 1.6, 1.9) 7
[17:46:38.806]: (-0.5, 1.6, 1.9) 7
[17:46:38.821]: (-0.5, 1.6, 1.9) 7
[17:46:38.836]: (-0.5, 1.6, 1.9) 7
[17:46:38.853]: (-0.5, 1.6, 1.9) 7
[17:46:38.868]: (-0.5, 1.6, 1.9) 7
[17:46:38.886]: (-0.5, 1.6, 1.9) 7
[17:46:38.906]: (-0.5, 1.6, 1.9) 7
[17:46:38.922]: (-0.5, 1.6, 1.9) 7
[17:46:38.939]: (-0.5, 1.6, 1.9) 7
[17:46:38.956]: (-0.5, 1.6, 1.9) 7
[17:46:38.973]: (-0.5, 1.6, 1.9) 7
[17:46:38.990]: (-0.5, 1.6, 1.9) 7
[17:46:39.006]: (-0.5, 1.6, 1.9) 7
[17:46:39.024]: (-0.5, 1.6, 1.9) 7
[17:46:39.039]: (-0.5, 1.6, 1.9) 7
[17:46:39.056]: (-0.5, 1.6, 1.9) 7
[17:46:39.073]: (-0.5, 1.6, 1.9) 7
[17:46:39.089]: (-0.5, 1.6, 1.9) 7
[17:46:39.108]: (-0.5, 1.6, 1.9) 7
[17:46:39.132]: (-0.5, 1.6, 1.9) 7
[17:46:39.155]: (-0.5, 1.6, 1.9) 7
[17:46:39.175]: (-0.5, 1.6, 1.9) 7
[17:46:39.198]: (-0.5, 1.6, 1.9) 7
[17:46:39.220]: (-0.5, 1.6, 1.9) 7
[17:46:39.242]: (-0.5, 1.6, 1.9) 7
[17:46:39.264]: (-0.5, 1.6, 1.9) 7
[17:46:39.287]: (-0.5, 1.6, 1.9) 7
[17:46:39.308]: (-0.5, 1.6, 1.9) 7
[17:46:39.375]: (-0.5, 1.6, 1.9) 7
[17:46:39.397]: (-0.5, 1.6, 1.9) 7
[17:46:39.640]: (-0.5, 1.6, 1.9) 7
[17:46:39.664]: (-0.5, 1.6, 1.9) 7
[17:46:39.686]: (-0.5, 1.6, 1.9) 7
[17:46:39.708]: (-0.5, 1.6, 1.9) 7
[17:46:39.730]: (-0.5, 1.6, 1.9) 7
[17:46:39.751]: (-0.5, 1.6, 1.9) 7
[17:46:39.772]: (-0.5, 1.6, 1.9) 7
[17:46:39.791]: (-0.5, 1.6, 1.9) 7
[17:46:39.812]: (-0.5, 1.6, 1.9) 7
[17:46:39.830]: (-0.5, 1.6, 1.9) 7
[17:46:39.849]: (-0.5, 1.6, 1.9) 7
[17:46:39.883]: (-0.5, 1.6, 1.9) 7
[17:46:39.903]: (-0.5, 1.6, 1.9) 7
[17:46:40.376]: (-0.7, 2.1, 2.4) 89
[17:46:40.398]: (-0.7, 2.1, 2.4) 89
[17:46:40.420]: (-0.7, 2.1, 2.4) 89
[17:46:40.444]: (-0.7, 2.1, 2.4) 89
[17:46:40.464]: (-0.7, 2.1, 2.4) 89
[17:46:40.480]: (-0.7, 2.1, 2.4) 89
[17:46:40.496]: (-0.7, 2.1, 2.4) 89
[17:46:40.513]: (-0.7, 2.1, 2.4) 89
[17:46:40.529]: (-0.7, 2.1, 2.4) 89
[17:46:40.545]: (-0.7, 2.1, 2.4) 89
[17:46:40.562]: (-0.7, 2.1, 2.4) 89
[17:46:40.579]: (-0.7, 2.1, 2.4) 89
[17:46:40.596]: (-0.7, 2.1, 2.4) 89
[17:46:40.612]: (-0.8, 2.2, 2.6) 71
[17:46:40.630]: (-0.7, 2.2, 2.4) 89
[17:46:40.648]: (-0.8, 2.2, 2.6) 71
[17:46:40.666]: (-0.8, 2.2, 2.6) 71
[17:46:40.682]: (-0.7, 2.2, 2.4) 89
[17:46:40.700]: (-0.8, 2.3, 2.6) 71
[17:46:40.717]: (-0.8, 2.2, 2.6) 71
[17:46:40.733]: (-0.8, 2.3, 2.6) 71
[17:46:40.750]: (-0.8, 2.3, 2.6) 71
[17:46:40.766]: (-0.8, 2.3, 2.6) 71
[17:46:40.782]: (-0.8, 2.3, 2.6) 71
[17:46:40.798]: (-0.8, 2.3, 2.6) 71
[17:46:40.815]: (-0.8, 2.3, 2.6) 71
[17:46:40.832]: (-0.8, 2.3, 2.6) 71
[17:46:40.849]: (-0.8, 2.3, 2.6) 71
[17:46:40.864]: (-0.8, 2.2, 2.4) 78
[17:46:40.879]: (-0.7, 2.2, 2.1) 93
[17:46:40.897]: (-0.7, 2.2, 2.1) 93
[17:46:40.919]: (-0.7, 2.2, 2.2) 93
[17:46:40.941]: (-0.8, 2.2, 2.3) 78
[17:46:40.965]: (-0.8, 2.2, 2.4) 78
[17:46:40.985]: (-0.7, 2.2, 2.1) 93
[17:46:41.008]: (-0.7, 2.2, 2.1) 93
[17:46:41.031]: (-0.7, 2.2, 2.1) 93
[17:46:41.052]: (-0.7, 2.2, 2.1) 93
[17:46:41.075]: (-0.7, 2.2, 2.1) 93
[17:46:41.097]: (-0.7, 2.2, 2.1) 93
[17:46:41.118]: (-0.7, 2.2, 2.1) 93
[17:46:41.141]: (-0.7, 2.2, 2.1) 93
[17:46:41.163]: (-0.7, 2.2, 2.1) 93
[17:46:41.185]: (-0.7, 2.2, 2.1) 93
[17:46:41.208]: (-0.7, 2.2, 2.1) 93
[17:46:41.230]: (-0.7, 2.2, 2.1) 93
[17:46:41.254]: (-0.7, 2.2, 2.1) 93
[17:46:41.276]: (-0.7, 2.2, 2.1) 93
[17:46:41.296]: (-0.7, 2.2, 2.1) 93
[17:46:41.318]: (-0.7, 2.2, 2.1) 93
[17:46:41.341]: (-0.7, 2.2, 2.1) 93
[17:46:41.363]: (-0.7, 2.2, 2.1) 93
[17:46:41.386]: (-0.7, 2.2, 2.1) 93
[17:46:41.402]: (-0.7, 2.2, 2.1) 93
[17:46:41.420]: (-0.7, 2.2, 2.1) 93
[17:46:41.437]: (-0.7, 2.2, 2.1) 93
[17:46:41.455]: (-0.7, 2.2, 2.1) 93
[17:46:41.471]: (-0.7, 2.2, 2.1) 93
[17:46:41.490]: (-0.7, 2.2, 2.1) 93
[17:46:41.509]: (-0.7, 2.2, 2.2) 81
[17:46:41.525]: (-0.7, 2.3, 2.2) 92
[17:46:41.542]: (-0.8, 2.3, 2.4) 82
[17:46:41.560]: (-0.8, 2.3, 2.4) 82
[17:46:41.579]: (-0.8, 2.3, 2.4) 82
[17:46:41.605]: (-0.8, 2.3, 2.4) 82
[17:46:41.627]: (-0.8, 2.3, 2.4) 82
[17:46:41.649]: (-0.8, 2.3, 2.4) 82
[17:46:41.673]: (-0.8, 2.3, 2.4) 82
[17:46:41.693]: (-0.7, 2.2, 2.3) 92
[17:46:41.715]: (-0.7, 2.2, 2.3) 92
[17:46:41.738]: (-0.8, 2.3, 2.6) 77
[17:46:41.760]: (-0.8, 2.3, 2.6) 77
[17:46:41.783]: (-0.7, 2.1, 2.2) 93
[17:46:41.805]: (-0.7, 2.1, 2.2) 93
[17:46:41.826]: (-0.7, 2.1, 2.2) 93
[17:46:41.848]: (-0.7, 2.1, 2.2) 93
[17:46:41.872]: (-0.7, 2.3, 2.6) 77
[17:46:41.894]: (-0.7, 2.3, 2.8) 87
[17:46:42.099]: (-0.6, 1.8, 2.8) 88
[17:46:42.309]: (-0.2, 1.0, 3.4) 108
[17:46:42.343]: (-0.3, 0.9, 3.4) 100
[17:46:42.376]: (-0.3, 1.0, 3.4) 100
[17:46:42.408]: (-0.2, 1.0, 3.3) 102
[17:46:42.507]: (0.3, 0.7, 2.5) 40
[17:46:42.607]: (0.3, 0.8, 2.5) 45
[17:46:42.642]: (0.3, 0.8, 2.5) 45
[17:46:42.708]: (-0.2, 1.2, 2.5) 89
[17:46:42.742]: (-0.1, 1.3, 2.5) 78
[17:46:42.774]: (-0.1, 1.3, 2.5) 78
[17:46:42.796]: (-0.1, 1.3, 2.6) 84
[17:46:42.818]: (0.0, 1.3, 2.6) 84
[17:46:42.841]: (0.0, 1.3, 2.6) 84
[17:46:42.865]: (0.0, 1.2, 2.8) 79
[17:46:42.886]: (0.0, 1.3, 2.6) 84
[17:46:42.907]: (0.1, 1.3, 2.5) 84
[17:46:42.929]: (0.1, 1.3, 2.5) 84
[17:46:42.951]: (0.1, 1.3, 2.5) 84
[17:46:42.973]: (0.1, 1.3, 2.6) 84
[17:46:42.996]: (0.2, 1.2, 2.8) 77
[17:46:43.040]: (0.1, 1.2, 2.3) 93
[17:46:43.063]: (0.1, 1.2, 2.3) 93
[17:46:43.085]: (0.1, 1.2, 2.3) 93
[17:46:43.107]: (0.1, 1.2, 2.3) 93
[17:46:43.128]: (0.1, 1.2, 2.3) 93
[17:46:43.151]: (0.1, 1.2, 2.3) 93
[17:46:43.174]: (0.1, 1.2, 2.3) 93
[17:46:43.195]: (0.1, 1.2, 2.3) 93
[17:46:43.218]: (0.1, 1.2, 2.3) 93
[17:46:43.241]: (0.1, 1.2, 2.3) 93
[17:46:43.263]: (0.1, 1.2, 2.3) 93
[17:46:43.284]: (0.1, 1.2, 2.4) 93
[17:46:43.308]: (0.1, 1.2, 2.4) 93
[17:46:43.330]: (0.1, 1.2, 2.3) 93
[17:46:43.351]: (0.2, 1.2, 2.6) 82
[17:46:43.640]: (1.3, 0.9, 3.2) 108
[17:46:44.105]: (1.7, 1.0, 2.7) 65
[17:46:44.128]: (1.7, 1.0, 2.7) 65
[17:46:44.149]: (1.7, 1.0, 2.7) 65
[17:46:44.296]: (1.1, 1.2, 3.1) 94
[17:46:44.363]: (-0.3, 1.1, 2.8) 90
[17:46:44.489]: (-0.2, 1.1, 2.8) 90
[17:46:44.511]: (-0.2, 1.1, 2.8) 90
[17:46:44.528]: (-0.2, 1.1, 2.8) 90
[17:46:44.544]: (-0.2, 1.1, 2.8) 90
[17:46:44.563]: (-0.2, 1.1, 2.8) 79
[17:46:44.580]: (-0.2, 1.1, 2.8) 90
[17:46:44.596]: (-0.2, 1.1, 2.8) 90
[17:46:44.613]: (-0.2, 1.1, 2.7) 79
[17:46:44.640]: (-0.2, 1.1, 2.7) 79
[17:46:44.673]: (-0.2, 1.0, 2.8) 79
[17:46:44.774]: (-0.3, 1.0, 2.5) 85
[17:46:44.807]: (-0.3, 0.9, 2.5) 85
[17:46:44.841]: (-0.3, 1.0, 2.5) 85
[17:46:44.873]: (-0.3, 1.0, 2.5) 85
[17:46:44.907]: (-0.3, 1.0, 2.5) 85
[17:46:44.940]: (-0.3, 0.9, 2.6) 70
[17:46:44.974]: (-0.3, 0.9, 2.5) 85
[17:46:45.006]: (-0.3, 0.9, 2.5) 85
[17:46:45.075]: (-0.2, 0.9, 2.5) 70
[17:46:45.106]: (-0.3, 0.9, 2.5) 85
[17:46:45.141]: (-0.3, 0.9, 2.5) 85
[17:46:45.173]: (-0.2, 0.9, 2.5) 70
[17:46:45.207]: (-0.2, 1.0, 2.6) 78
[17:46:45.239]: (-0.2, 1.0, 2.7) 79
[17:46:45.274]: (-0.2, 1.0, 2.5) 78
[17:46:45.307]: (-0.2, 1.0, 2.6) 78
[17:46:45.341]: (-0.1, 1.1, 2.5) 78
[17:46:45.373]: (-0.1, 1.1, 2.7) 79
[17:46:45.396]: (-0.1, 1.1, 2.6) 78
[17:46:45.416]: (-0.1, 1.1, 2.5) 84
[17:46:45.439]: (-0.1, 1.1, 2.5) 84
[17:46:45.464]: (-0.1, 1.1, 2.5) 84
[17:46:45.484]: (-0.1, 1.1, 2.5) 84
[17:46:45.507]: (-0.1, 1.1, 2.5) 84
[17:46:45.529]: (-0.1, 1.1, 2.5) 84
[17:46:45.550]: (-0.1, 1.1, 2.5) 84
[17:46:45.572]: (-0.1, 1.1, 2.3) 93
[17:46:45.595]: (-0.1, 1.1, 2.3) 93
[17:46:45.617]: (-0.1, 1.1, 2.3) 93
[17:46:45.640]: (-0.1, 1.1, 2.3) 93
[17:46:45.663]: (-0.1, 1.1, 2.4) 93
[17:46:45.683]: (-0.1, 1.1, 2.3) 93
[17:46:45.706]: (-0.1, 1.1, 2.3) 93
[17:46:45.794]: (0.0, 1.1, 2.8) 77
[17:46:45.883]: (-0.1, 1.1, 2.4) 93
[17:46:45.906]: (-0.1, 1.1, 2.4) 93
[17:46:45.929]: (-0.1, 1.1, 2.3) 93
[17:46:45.950]: (-0.1, 1.1, 2.6) 78
[17:46:45.973]: (-0.1, 1.1, 2.5) 78
[17:46:45.995]: (-0.1, 1.1, 2.5) 78
[17:46:46.017]: (-0.1, 1.1, 2.5) 78
[17:46:46.040]: (-0.1, 1.1, 2.5) 78
[17:46:46.063]: (-0.1, 1.1, 2.5) 78
[17:46:46.088]: (-0.1, 1.0, 2.5) 78
[17:46:46.108]: (-0.1, 1.0, 2.5) 78
[17:46:46.132]: (-0.1, 1.1, 2.5) 78
[17:46:46.155]: (-0.1, 1.1, 2.5) 78
[17:46:46.176]: (-0.1, 1.1, 2.5) 78
[17:46:46.199]: (-0.1, 1.1, 2.6) 84
[17:46:46.220]: (-0.1, 1.1, 2.6) 84
[17:46:46.244]: (-0.1, 1.1, 2.5) 78
[17:46:46.265]: (-0.1, 1.1, 2.5) 78
[17:46:46.287]: (-0.1, 1.1, 2.5) 78
[17:46:46.309]: (-0.1, 1.1, 2.5) 78
[17:46:46.332]: (-0.1, 1.1, 2.5) 78
[17:46:46.354]: (-0.1, 1.1, 2.5) 78
[17:46:46.376]: (-0.1, 1.1, 2.5) 78
[17:46:46.399]: (-0.1, 1.1, 2.6) 78
[17:46:46.422]: (-0.2, 1.0, 2.6) 70
[17:46:46.443]: (-0.2, 1.0, 2.6) 70
[17:46:46.466]: (-0.3, 1.0, 2.6) 70
[17:46:46.509]: (-0.2, 1.0, 2.6) 70
[17:46:46.553]: (-0.3, 1.0, 2.6) 70
[17:46:46.576]: (-0.3, 1.0, 2.6) 70
[17:46:46.598]: (-0.3, 1.0, 2.5) 85
[17:46:46.621]: (-0.3, 1.0, 2.5) 85
[17:46:46.638]: (-0.3, 1.0, 2.5) 70
[17:46:46.655]: (-0.3, 1.0, 2.5) 70
[17:46:46.672]: (-0.3, 1.0, 2.5) 70
[17:46:46.688]: (-0.3, 1.0, 2.6) 70
[17:46:46.707]: (-0.3, 1.0, 2.6) 70
[17:46:46.723]: (-0.3, 1.0, 2.6) 70
[17:46:46.739]: (-0.3, 1.0, 2.6) 70
[17:46:46.754]: (-0.3, 1.0, 2.6) 70
[17:46:46.788]: (-0.2, 0.9, 2.5) 70
[17:46:46.804]: (-0.2, 0.9, 2.6) 70
[17:46:46.819]: (-0.2, 0.9, 2.5) 70
[17:46:46.836]: (-0.2, 0.9, 2.6) 70
[17:46:46.854]: (-0.2, 0.9, 2.6) 70
[17:46:46.870]: (-0.2, 0.9, 2.6) 70
[17:46:46.886]: (-0.2, 0.9, 2.6) 70
[17:46:46.903]: (-0.2, 0.9, 2.6) 70
[17:46:46.921]: (-0.2, 0.9, 2.6) 70
[17:46:46.938]: (-0.2, 0.9, 2.5) 70
[17:46:46.955]: (-0.2, 0.9, 2.5) 70
[17:46:46.973]: (-0.2, 0.9, 2.5) 70
[17:46:46.989]: (-0.2, 1.0, 2.5) 70
[17:46:47.006]: (-0.1, 1.1, 2.5) 78
[17:46:47.022]: (-0.1, 1.1, 2.5) 84
[17:46:47.038]: (-0.1, 1.1, 2.5) 84
[17:46:47.054]: (-0.1, 1.1, 2.5) 84
[17:46:47.070]: (-0.1, 1.1, 2.5) 84
[17:46:47.087]: (-0.1, 1.1, 2.5) 84
[17:46:47.105]: (0.0, 1.1, 2.8) 77
[17:46:47.128]: (0.0, 1.1, 2.7) 77
[17:46:47.150]: (0.0, 1.1, 2.7) 77
[17:46:47.172]: (0.0, 1.1, 2.7) 77
[17:46:47.195]: (0.0, 1.1, 2.7) 77
[17:46:47.217]: (0.0, 1.1, 2.7) 77
[17:46:47.239]: (0.0, 1.1, 2.7) 77
[17:46:47.261]: (0.0, 1.2, 2.7) 77
[17:46:47.284]: (0.0, 1.2, 2.7) 77
[17:46:47.305]: (0.0, 1.1, 2.7) 77
[17:46:47.328]: (0.0, 1.1, 2.7) 77
[17:46:47.350]: (0.0, 1.1, 2.7) 77
[17:46:47.373]: (0.0, 1.1, 2.7) 77
[17:46:47.394]: (0.0, 1.1, 2.8) 77
[17:46:47.440]: (-0.1, 1.1, 2.3) 93
[17:46:47.462]: (-0.1, 1.1, 2.3) 93
[17:46:47.483]: (-0.1, 1.1, 2.3) 93
[17:46:47.506]: (-0.1, 1.1, 2.3) 93
[17:46:47.576]: (-0.1, 1.1, 2.3) 93
[17:46:47.593]: (-0.1, 1.1, 2.3) 93
[17:46:47.609]: (-0.1, 1.1, 2.6) 84
[17:46:47.626]: (0.0, 1.1, 2.8) 77
[17:46:47.643]: (0.0, 1.1, 2.8) 77
[17:46:47.662]: (0.0, 1.1, 2.8) 77
[17:46:47.678]: (0.0, 1.1, 2.8) 77
[17:46:47.695]: (0.0, 1.1, 2.8) 77
[17:46:47.711]: (0.0, 1.1, 2.8) 77
[17:46:47.729]: (0.0, 1.1, 2.8) 77
[17:46:47.747]: (0.0, 1.1, 2.8) 77
[17:46:47.764]: (0.0, 1.1, 2.8) 77
[17:46:47.782]: (0.0, 1.1, 2.8) 77
[17:46:47.830]: (0.0, 1.1, 2.8) 77
[17:46:47.995]: (-0.1, 1.1, 2.3) 93
[17:46:48.017]: (-0.1, 1.0, 2.3) 93
[17:46:48.039]: (-0.1, 1.0, 2.3) 93
[17:46:48.061]: (-0.1, 1.0, 2.3) 93
[17:46:48.083]: (-0.1, 1.0, 2.3) 93
[17:46:48.105]: (-0.1, 1.0, 2.4) 93
[17:46:48.128]: (-0.1, 1.0, 2.3) 93
[17:46:48.150]: (-0.1, 1.0, 2.3) 93
[17:46:48.172]: (-0.1, 1.0, 2.3) 93
[17:46:48.194]: (-0.1, 1.0, 2.5) 78
[17:46:48.216]: (-0.1, 1.0, 2.5) 78
[17:46:48.239]: (-0.1, 1.0, 2.5) 78
[17:46:48.261]: (-0.1, 1.0, 2.5) 78
[17:46:48.282]: (-0.1, 1.0, 2.5) 78
[17:46:48.305]: (-0.1, 1.0, 2.5) 78
[17:46:48.327]: (-0.1, 1.1, 2.3) 93
[17:46:48.350]: (-0.1, 1.0, 2.5) 78
[17:46:48.371]: (-0.1, 1.0, 2.5) 78
[17:46:48.393]: (-0.1, 1.0, 2.5) 78
[17:46:48.409]: (-0.1, 1.0, 2.5) 78
[17:46:48.426]: (-0.1, 1.0, 2.5) 78
[17:46:48.443]: (-0.1, 1.0, 2.5) 78
[17:46:48.464]: (-0.1, 1.0, 2.5) 78
[17:46:48.481]: (-0.1, 1.0, 2.5) 78
[17:46:48.497]: (-0.1, 1.0, 2.5) 78
[17:46:48.514]: (-0.1, 1.0, 2.5) 78
[17:46:48.532]: (-0.1, 1.0, 2.5) 78
[17:46:48.548]: (-0.1, 1.0, 2.5) 78
[17:46:48.567]: (-0.1, 1.0, 2.4) 93
[17:46:48.584]: (-0.1, 1.0, 2.3) 93
[17:46:48.600]: (-0.1, 1.0, 2.8) 71
[17:46:48.617]: (-0.1, 0.9, 2.8) 71
[17:46:48.633]: (-0.1, 0.9, 2.8) 71
[17:46:48.652]: (-0.1, 0.9, 2.8) 71
[17:46:48.669]: (-0.1, 0.9, 2.8) 71
[17:46:48.686]: (-0.1, 0.9, 2.8) 71
[17:46:48.702]: (-0.1, 0.9, 2.8) 71
[17:46:48.718]: (-0.1, 0.9, 2.8) 71
[17:46:48.735]: (-0.1, 1.0, 2.6) 78
[17:46:48.753]: (-0.1, 1.0, 2.6) 78
[17:46:48.771]: (-0.1, 1.0, 2.6) 78
[17:46:48.787]: (-0.1, 1.0, 2.6) 78
[17:46:48.807]: (-0.1, 1.0, 2.6) 78
[17:46:48.822]: (-0.1, 1.0, 2.5) 78
[17:46:48.839]: (-0.1, 1.0, 2.6) 78
[17:46:48.854]: (-0.1, 0.9, 2.8) 71
[17:46:48.871]: (-0.1, 0.9, 2.8) 71
[17:46:48.888]: (-0.1, 1.0, 2.6) 78
[17:46:48.905]: (-0.1, 1.0, 2.5) 78
[17:46:48.927]: (-0.1, 1.0, 2.5) 78
[17:46:48.949]: (-0.1, 1.0, 2.5) 78
[17:46:48.971]: (-0.1, 1.0, 2.5) 78
[17:46:48.995]: (-0.1, 1.0, 2.5) 78
[17:46:49.015]: (-0.1, 1.0, 2.5) 78
[17:46:49.038]: (-0.1, 0.9, 2.8) 71
[17:46:49.062]: (-0.1, 1.0, 2.5) 78
[17:46:49.084]: (-0.1, 1.0, 2.5) 78
[17:46:49.104]: (-0.1, 1.0, 2.5) 78
[17:46:49.126]: (-0.1, 1.0, 2.5) 78
[17:46:49.149]: (-0.1, 1.0, 2.5) 78
[17:46:49.177]: (-0.1, 1.0, 2.5) 78
[17:46:49.195]: (-0.1, 1.0, 2.5) 78
[17:46:49.216]: (-0.1, 1.0, 2.5) 78
[17:46:49.239]: (-0.1, 1.0, 2.5) 78
[17:46:49.262]: (-0.1, 1.0, 2.5) 78
[17:46:49.282]: (-0.1, 1.0, 2.5) 78
[17:46:49.306]: (-0.1, 1.1, 2.3) 93
[17:46:49.324]: (-0.1, 1.0, 2.5) 78
[17:46:49.342]: (-0.1, 1.1, 2.3) 93
[17:46:49.359]: (-0.1, 1.1, 2.3) 93
[17:46:49.381]: (0.1, 1.0, 2.7) 74
[17:46:49.961]: (0.1, 1.1, 2.4) 81
[17:46:49.982]: (0.0, 1.1, 2.7) 77
[17:46:50.006]: (0.0, 1.1, 2.7) 77
[17:46:50.028]: (0.0, 1.1, 2.7) 77
[17:46:50.050]: (-0.1, 1.1, 2.5) 84
[17:46:50.072]: (-0.1, 1.1, 2.3) 93
[17:46:50.094]: (-0.1, 1.1, 2.3) 93
[17:46:50.116]: (-0.1, 1.1, 2.3) 93
[17:46:50.138]: (0.0, 1.1, 2.3) 93
[17:46:50.160]: (-0.1, 1.1, 2.3) 93
[17:46:50.183]: (0.0, 1.1, 2.3) 93
[17:46:50.213]: (0.0, 1.1, 2.3) 93
[17:46:50.232]: (0.0, 1.1, 2.3) 93
[17:46:50.249]: (0.0, 1.1, 2.4) 81
[17:46:50.266]: (0.0, 1.1, 2.4) 93
[17:46:50.283]: (0.0, 1.1, 2.4) 81
[17:46:50.300]: (-0.1, 1.1, 2.3) 93
[17:46:50.316]: (0.0, 1.1, 2.3) 93
[17:46:50.340]: (0.0, 1.1, 2.4) 81
