[17:36:50.113]: (-2.5, -1.0, -0.1) 5
[17:36:51.232]: (-3.5, -0.5, 1.7) 50
[17:36:51.255]: (-3.5, -0.4, 1.9) 50
[17:36:51.892]: (-0.1, 1.7, 2.6) 1
[17:36:51.919]: (-0.1, 1.7, 2.7) 1
[17:36:51.941]: (-0.1, 1.7, 2.9) 3
[17:36:52.002]: (0.0, 2.0, 4.0) 21
[17:36:52.021]: (0.0, 2.0, 4.0) 21
[17:36:52.036]: (0.0, 2.0, 4.0) 21
[17:36:52.052]: (0.0, 2.0, 4.0) 21
[17:36:52.068]: (0.0, 2.0, 4.0) 21
[17:36:52.085]: (-0.1, 1.8, 2.9) 3
[17:36:52.102]: (-0.1, 1.8, 2.9) 3
[17:36:52.134]: (0.0, 2.0, 4.0) 21
[17:36:52.169]: (-0.1, 1.8, 2.9) 3
[17:36:52.185]: (-0.1, 1.8, 2.8) 3
[17:36:52.205]: (-0.1, 1.8, 2.9) 3
[17:36:52.221]: (-0.1, 1.8, 2.9) 3
[17:36:52.237]: (-0.1, 1.8, 2.8) 3
[17:36:52.254]: (-0.1, 1.8, 2.9) 3
[17:36:52.388]: (0.0, 2.0, 4.0) 21
[17:36:52.432]: (-0.1, 1.8, 2.8) 0
[17:36:52.454]: (-0.2, 1.7, 2.8) 2
[17:36:52.475]: (-0.1, 1.7, 2.7) 2
[17:36:52.500]: (-0.1, 1.7, 2.7) 2
[17:36:52.520]: (-0.1, 1.7, 2.8) 4
[17:36:55.842]: (1.4, -2.0, 3.2) 27
[17:36:55.864]: (1.4, -2.1, 3.1) 27
[17:36:55.908]: (1.4, -2.1, 3.2) 27
[17:36:55.930]: (1.4, -2.1, 3.1) 27
[17:36:55.952]: (1.4, -2.0, 3.2) 27
[17:36:55.975]: (1.4, -2.1, 3.1) 27
[17:36:55.998]: (1.4, -2.1, 3.1) 27
[17:36:56.020]: (1.4, -2.1, 3.1) 27
[17:36:56.041]: (1.4, -2.1, 3.1) 27
[17:36:56.064]: (1.4, -2.1, 3.1) 27
[17:36:56.108]: (1.4, -2.1, 3.2) 27
[17:36:56.130]: (1.4, -2.1, 3.1) 27
[17:36:56.174]: (1.4, -2.1, 3.1) 27
[17:36:59.925]: (2.0, -2.5, 4.1) 55
[17:36:59.949]: (2.0, -2.5, 4.1) 55
[17:37:01.428]: (0.8, 1.9, 3.2) 0
[17:37:01.452]: (0.8, 2.0, 3.4) 5
[17:37:01.807]: (0.7, 2.0, 3.2) 4
[17:37:01.829]: (0.7, 2.0, 3.3) 2
[17:37:01.851]: (0.7, 2.0, 3.2) 2
[17:37:01.875]: (0.7, 2.0, 3.2) 2
[17:37:01.898]: (0.7, 2.0, 3.2) 2
[17:37:02.480]: (0.3, 2.6, 3.6) 16
[17:37:02.894]: (0.7, 2.7, 3.2) 5
[17:37:02.917]: (0.8, 2.6, 3.2) 5
[17:37:02.938]: (0.7, 2.6, 3.0) 0
[17:37:02.961]: (0.7, 2.6, 3.0) 0
[17:37:02.983]: (0.7, 2.5, 3.0) 0
[17:37:03.006]: (0.8, 2.6, 3.2) 5
[17:37:03.041]: (0.7, 2.5, 3.0) 0
[17:37:03.073]: (0.7, 2.5, 3.0) 2
[17:37:03.105]: (0.6, 2.5, 3.0) 2
[17:37:03.139]: (0.6, 2.5, 3.0) 2
[17:37:03.173]: (0.6, 2.5, 3.0) 2
[17:37:03.206]: (0.6, 2.5, 3.0) 2
[17:37:03.241]: (0.6, 2.5, 3.0) 2
[17:37:03.273]: (0.6, 2.5, 3.0) 2
[17:37:03.306]: (0.9, 2.5, 3.0) 3
[17:37:05.146]: (0.0, 2.3, 3.6) 18
[17:37:05.164]: (-0.1, 2.3, 3.6) 18
[17:37:05.182]: (-0.1, 2.3, 3.6) 18
[17:37:05.322]: (-0.1, 2.2, 3.6) 18
[17:37:05.355]: (-0.1, 2.3, 3.6) 18
[17:37:05.403]: (-0.1, 2.3, 3.5) 18
[17:37:05.418]: (-0.1, 2.2, 3.6) 18
[17:37:05.435]: (-0.1, 2.3, 3.6) 18
[17:37:05.451]: (-0.1, 2.2, 3.6) 18
[17:37:05.467]: (-0.1, 2.3, 3.6) 18
[17:37:05.485]: (-0.1, 2.3, 3.6) 18
[17:37:05.548]: (-0.3, 2.0, 2.7) 15
[17:37:05.571]: (-0.3, 2.0, 2.7) 15
[17:37:05.815]: (-0.3, 2.0, 2.7) 15
[17:37:05.837]: (-0.3, 2.0, 2.7) 15
[17:37:05.860]: (-0.3, 2.0, 2.7) 15
[17:37:05.882]: (-0.4, 1.9, 2.8) 12
[17:37:05.903]: (-0.4, 1.9, 2.8) 12
[17:37:05.927]: (-0.4, 1.9, 2.8) 12
[17:37:05.945]: (-0.3, 1.9, 2.8) 12
[17:37:05.961]: (-0.3, 1.9, 2.8) 12
[17:37:05.977]: (-0.3, 1.9, 2.8) 12
[17:37:05.996]: (-0.3, 1.9, 2.8) 12
[17:37:06.013]: (-0.3, 1.9, 2.8) 12
[17:37:06.030]: (-0.3, 1.9, 2.8) 12
[17:37:06.045]: (-0.3, 1.9, 2.7) 12
[17:37:06.062]: (-0.3, 1.9, 2.7) 12
[17:37:06.078]: (-0.3, 1.9, 2.8) 12
[17:37:06.095]: (-0.3, 1.9, 2.8) 12
[17:37:06.112]: (-0.3, 1.9, 2.8) 12
[17:37:06.129]: (-0.3, 1.9, 2.8) 12
[17:37:06.145]: (-0.3, 1.9, 2.8) 12
[17:37:06.163]: (-0.3, 1.9, 2.8) 12
[17:37:06.181]: (-0.3, 1.9, 2.8) 12
[17:37:06.199]: (-0.3, 1.9, 2.8) 12
[17:37:06.215]: (-0.3, 1.9, 2.8) 12
[17:37:06.232]: (-0.3, 1.9, 2.8) 12
[17:37:06.251]: (-0.3, 1.9, 2.7) 12
[17:37:06.268]: (-0.3, 1.9, 2.7) 12
[17:37:06.284]: (-0.3, 1.9, 2.7) 12
[17:37:06.301]: (-0.3, 1.9, 2.7) 12
[17:37:06.316]: (-0.3, 1.9, 2.7) 12
[17:37:06.333]: (-0.3, 1.9, 2.8) 12
[17:37:06.348]: (-0.3, 1.9, 2.8) 12
[17:37:06.365]: (-0.3, 1.9, 2.8) 12
[17:37:06.382]: (-0.3, 1.9, 2.8) 12
[17:37:06.398]: (-0.3, 1.9, 2.8) 12
[17:37:06.415]: (-0.3, 1.9, 2.8) 12
[17:37:06.437]: (-0.3, 1.9, 2.8) 12
[17:37:06.459]: (-0.4, 1.9, 2.8) 12
[17:37:06.482]: (-0.4, 1.9, 2.8) 12
[17:37:06.504]: (-0.4, 1.9, 2.8) 12
[17:37:06.527]: (-0.4, 1.9, 2.8) 12
[17:37:06.548]: (-0.4, 1.9, 2.8) 12
[17:37:06.570]: (-0.4, 1.9, 2.8) 12
[17:37:06.593]: (-0.3, 1.9, 2.8) 12
[17:37:06.615]: (-0.4, 1.9, 2.8) 12
[17:37:06.637]: (-0.4, 1.9, 2.8) 12
[17:37:06.661]: (-0.4, 1.9, 2.8) 12
[17:37:06.682]: (-0.4, 1.9, 2.8) 12
[17:37:06.704]: (-0.4, 1.9, 2.8) 12
[17:37:06.728]: (-0.4, 1.9, 2.8) 12
[17:37:06.749]: (-0.3, 1.9, 2.8) 12
[17:37:06.771]: (-0.3, 1.9, 2.8) 12
[17:37:06.792]: (-0.3, 1.9, 2.8) 12
[17:37:06.815]: (-0.3, 1.9, 2.8) 12
[17:37:06.832]: (-0.3, 1.9, 2.8) 12
[17:37:06.849]: (-0.3, 1.9, 2.8) 12
[17:37:06.868]: (-0.3, 1.9, 2.8) 12
[17:37:06.884]: (-0.3, 1.9, 2.8) 12
[17:37:06.900]: (-0.3, 1.9, 2.8) 12
[17:37:06.917]: (-0.3, 1.9, 2.8) 12
[17:37:06.934]: (-0.3, 1.9, 2.8) 12
[17:37:06.951]: (-0.3, 1.9, 2.8) 12
[17:37:06.968]: (-0.3, 1.9, 2.8) 12
[17:37:07.245]: (0.8, 2.0, 3.0) 1
[17:37:07.823]: (2.1, 2.2, 3.6) 31
[17:37:08.906]: (0.7, 2.1, 3.2) 0
[17:37:08.923]: (0.6, 2.1, 3.2) 2
[17:37:08.940]: (0.6, 2.1, 3.2) 2
[17:37:08.957]: (0.6, 2.1, 3.2) 2
[17:37:08.974]: (0.6, 2.1, 3.2) 2
[17:37:08.991]: (0.6, 2.1, 3.2) 2
[17:37:09.013]: (0.6, 2.1, 3.2) 2
[17:37:09.037]: (0.6, 2.1, 3.2) 2
[17:37:09.060]: (0.7, 2.1, 3.2) 2
[17:37:09.081]: (0.7, 2.2, 3.4) 5
[17:37:09.102]: (0.7, 2.1, 3.2) 0
[17:37:09.126]: (0.7, 2.1, 3.2) 0
[17:37:09.147]: (0.7, 2.2, 3.4) 5
[17:37:09.170]: (0.7, 2.2, 3.4) 5
[17:37:09.191]: (0.7, 2.1, 3.2) 0
[17:37:09.214]: (0.7, 2.1, 3.2) 0
[17:37:09.237]: (0.7, 2.1, 3.2) 0
[17:37:09.258]: (0.7, 2.1, 3.2) 0
[17:37:09.281]: (0.7, 2.1, 3.2) 0
[17:37:09.303]: (0.7, 2.1, 3.2) 0
[17:37:09.326]: (0.7, 2.1, 3.2) 0
[17:37:09.347]: (0.7, 2.1, 3.2) 0
[17:37:09.370]: (0.7, 2.1, 3.2) 0
[17:37:09.391]: (0.7, 2.1, 3.2) 0
[17:37:09.415]: (0.7, 2.1, 3.2) 0
[17:37:09.436]: (0.7, 2.1, 3.2) 0
[17:37:09.458]: (0.8, 2.1, 3.2) 0
[17:37:09.475]: (0.8, 2.1, 3.2) 0
[17:37:09.493]: (0.8, 2.1, 3.2) 0
[17:37:09.509]: (0.6, 2.0, 3.2) 2
[17:37:13.785]: (1.5, 2.6, 4.1) 21
[17:37:14.142]: (0.6, 2.2, 3.2) 4
[17:37:14.157]: (0.6, 2.2, 3.2) 4
[17:37:14.179]: (0.6, 2.2, 3.2) 4
[17:37:14.200]: (0.6, 2.2, 3.2) 4
[17:37:14.223]: (0.6, 2.2, 3.2) 4
[17:37:14.247]: (0.6, 2.1, 3.2) 4
[17:37:14.267]: (0.6, 2.1, 3.2) 2
[17:37:14.289]: (0.6, 2.1, 3.2) 2
[17:37:15.225]: (0.1, 2.7, 4.3) 49
[17:37:15.245]: (0.1, 2.6, 4.3) 49
[17:37:15.379]: (0.6, 2.1, 3.2) 2
[17:37:15.423]: (0.6, 2.1, 3.2) 2
[17:37:15.446]: (0.6, 2.1, 3.2) 4
[17:37:15.469]: (0.6, 2.1, 3.2) 2
[17:37:15.597]: (0.5, 2.1, 3.3) 4
[17:37:15.649]: (0.6, 2.1, 3.2) 2
[17:37:15.809]: (0.6, 2.0, 3.2) 2
[17:37:15.826]: (0.6, 2.0, 3.2) 2
[17:37:15.843]: (0.6, 2.0, 3.2) 2
[17:37:15.861]: (0.6, 2.1, 3.2) 2
[17:37:15.877]: (0.6, 2.1, 3.2) 2
[17:37:15.896]: (0.6, 2.0, 3.2) 2
[17:37:15.912]: (0.6, 2.0, 3.2) 2
[17:37:15.930]: (0.6, 2.0, 3.2) 2
[17:37:15.946]: (0.6, 2.0, 3.2) 2
[17:37:16.846]: (0.5, 2.1, 3.3) 4
[17:37:17.011]: (0.5, 2.1, 3.3) 4
[17:37:17.427]: (0.6, 2.0, 3.3) 2
[17:37:17.443]: (0.6, 2.0, 3.2) 2
[17:37:17.459]: (0.6, 2.0, 3.2) 2
[17:37:17.474]: (0.6, 2.0, 3.2) 2
[17:37:17.490]: (0.6, 2.0, 3.2) 2
[17:37:18.212]: (0.8, 2.1, 3.2) 3
[17:37:21.210]: (1.4, 2.6, 4.1) 21
[17:37:21.253]: (1.3, 2.5, 4.0) 23
[17:37:21.275]: (1.3, 2.6, 4.0) 23
[17:37:21.298]: (1.2, 2.6, 4.0) 23
[17:37:21.319]: (1.3, 2.6, 4.0) 23
[17:37:21.342]: (1.2, 2.6, 4.0) 23
[17:37:21.387]: (1.2, 2.6, 4.1) 22
[17:37:21.409]: (1.2, 2.5, 4.1) 22
[17:37:21.432]: (1.2, 2.5, 4.1) 22
[17:37:21.453]: (1.2, 2.5, 4.1) 22
[17:37:21.475]: (1.2, 2.5, 4.1) 22
[17:37:21.499]: (1.2, 2.5, 4.1) 22
[17:37:21.520]: (1.2, 2.5, 4.1) 22
[17:37:21.543]: (1.2, 2.5, 4.1) 22
[17:37:21.564]: (1.2, 2.5, 4.1) 22
[17:37:21.587]: (1.2, 2.5, 4.1) 22
[17:37:21.604]: (1.2, 2.5, 4.1) 22
[17:37:21.622]: (1.2, 2.5, 4.1) 22
[17:37:21.640]: (1.2, 2.5, 4.1) 22
[17:37:21.655]: (1.2, 2.5, 4.1) 22
[17:37:22.876]: (1.5, 2.6, 4.1) 21
[17:37:22.892]: (1.2, 2.6, 4.0) 26
[17:37:22.954]: (1.1, 2.6, 4.0) 26
[17:37:22.975]: (1.1, 2.6, 4.0) 26
[17:37:23.413]: (1.1, 2.6, 4.1) 22
[17:37:23.431]: (1.2, 2.6, 4.1) 22
[17:37:23.447]: (1.2, 2.5, 4.1) 22
[17:37:23.463]: (1.2, 2.5, 4.1) 22
[17:37:23.479]: (1.2, 2.5, 4.1) 22
[17:37:23.495]: (1.2, 2.5, 4.1) 22
[17:37:23.511]: (1.2, 2.5, 4.1) 22
[17:37:23.527]: (1.2, 2.5, 4.1) 22
[17:37:23.544]: (1.2, 2.5, 4.1) 22
[17:37:23.559]: (1.2, 2.5, 4.1) 22
[17:37:23.577]: (1.2, 2.5, 4.1) 22
[17:37:23.592]: (1.2, 2.5, 4.1) 22
[17:37:23.609]: (1.2, 2.5, 4.1) 22
[17:37:23.624]: (1.2, 2.5, 4.1) 22
[17:37:23.641]: (1.2, 2.5, 4.1) 22
[17:37:23.656]: (1.2, 2.5, 4.1) 22
[17:37:23.672]: (1.2, 2.5, 4.1) 22
[17:37:23.688]: (1.2, 2.5, 4.1) 22
[17:37:23.705]: (1.3, 2.5, 4.1) 23
[17:37:24.075]: (2.0, 2.3, 3.5) 33
[17:37:24.097]: (2.0, 2.3, 3.4) 33
[17:37:24.119]: (2.0, 2.3, 3.5) 33
[17:37:24.142]: (2.0, 2.3, 3.4) 33
[17:37:24.163]: (2.0, 2.3, 3.4) 33
[17:37:24.185]: (2.0, 2.3, 3.4) 33
[17:37:25.674]: (0.2, 2.6, 4.3) 49
[17:37:25.719]: (-0.3, 2.0, 2.7) 15
[17:37:25.830]: (-0.2, 2.3, 3.8) 17
[17:37:26.011]: (-0.2, 2.3, 3.8) 17
[17:37:26.043]: (-0.2, 2.3, 3.8) 17
[17:37:26.075]: (-0.2, 2.3, 3.8) 17
[17:37:26.091]: (-0.2, 2.3, 3.8) 17
[17:37:26.138]: (-0.2, 2.3, 3.6) 18
[17:37:26.153]: (-0.2, 2.3, 3.6) 18
[17:37:26.170]: (-0.2, 2.2, 3.6) 18
[17:37:26.186]: (-0.1, 2.2, 3.5) 18
[17:37:26.216]: (-0.1, 2.3, 3.6) 18
[17:37:26.233]: (-0.1, 2.3, 3.6) 18
[17:37:26.251]: (-0.2, 2.3, 3.6) 18
[17:37:26.267]: (-0.2, 2.3, 3.6) 18
[17:37:26.283]: (-0.2, 2.2, 3.6) 18
[17:37:26.562]: (-0.1, 2.3, 3.5) 18
[17:37:27.441]: (1.2, 2.5, 4.1) 22
[17:37:27.706]: (1.4, 2.6, 4.1) 21
[17:37:34.254]: (0.7, 2.1, 3.2) 0
[17:37:34.271]: (0.8, 2.1, 3.2) 3
[17:37:34.287]: (0.7, 2.0, 3.2) 0
[17:37:34.303]: (0.8, 2.1, 3.2) 3
[17:37:34.319]: (0.7, 2.1, 3.2) 0
[17:37:34.335]: (0.7, 2.1, 3.2) 0
[17:37:34.367]: (0.6, 2.2, 3.3) 4
[17:37:34.470]: (0.5, 2.1, 3.3) 4
[17:37:34.514]: (0.2, 2.4, 3.7) 16
[17:37:34.930]: (-1.5, 2.6, 3.7) 37
[17:37:34.965]: (-1.6, 2.6, 3.7) 37
[17:37:34.981]: (-1.6, 2.5, 3.7) 37
[17:37:34.998]: (-1.5, 2.3, 3.6) 36
[17:37:35.649]: (-1.4, 2.4, 3.8) 38
[17:37:35.769]: (-1.4, 2.3, 3.7) 34
[17:37:35.800]: (-1.4, 2.3, 3.7) 34
[17:37:35.815]: (-1.4, 2.4, 3.7) 34
[17:37:35.832]: (-1.4, 2.4, 3.8) 38
[17:37:35.849]: (-1.4, 2.3, 3.8) 38
[17:37:35.879]: (-1.4, 2.4, 3.8) 38
[17:37:35.912]: (-1.3, 2.4, 3.8) 38
[17:37:35.926]: (-1.3, 2.4, 3.8) 38
[17:37:35.958]: (-1.3, 2.4, 3.8) 38
[17:37:35.976]: (-1.3, 2.4, 3.8) 38
[17:37:35.993]: (-1.3, 2.4, 3.8) 38
[17:37:36.009]: (-1.3, 2.5, 3.9) 40
[17:37:36.026]: (-1.4, 2.4, 3.8) 38
[17:37:36.045]: (-1.3, 2.4, 3.8) 38
[17:37:36.062]: (-1.3, 2.4, 3.8) 38
[17:37:36.080]: (-1.4, 2.4, 3.8) 38
[17:37:36.098]: (-1.3, 2.4, 3.8) 38
[17:37:36.114]: (-1.3, 2.4, 3.8) 38
[17:37:36.129]: (-1.3, 2.4, 3.9) 40
[17:37:36.181]: (0.2, 2.6, 4.3) 49
[17:37:36.337]: (1.4, 2.5, 4.1) 21
[17:37:36.359]: (1.3, 2.5, 4.1) 23
[17:37:38.047]: (0.8, 2.1, 3.2) 3
[17:37:38.114]: (-0.3, 2.1, 2.7) 15
[17:37:38.314]: (-1.6, 2.3, 3.6) 36
[17:37:38.370]: (-1.5, 2.3, 3.6) 36
[17:37:38.433]: (-1.4, 2.3, 3.7) 34
[17:37:38.496]: (-1.4, 2.3, 3.8) 38
[17:37:38.559]: (-1.3, 2.4, 3.8) 38
[17:37:38.655]: (-1.4, 2.3, 3.8) 38
[17:37:38.670]: (-1.3, 2.4, 3.8) 38
[17:37:38.688]: (-1.4, 2.4, 3.8) 38
[17:37:38.705]: (-1.4, 2.4, 3.8) 38
[17:37:38.736]: (-1.4, 2.4, 3.7) 34
[17:37:38.757]: (-1.4, 2.4, 3.6) 34
[17:37:38.780]: (-1.5, 2.4, 3.7) 34
[17:37:38.803]: (-1.5, 2.4, 3.6) 36
[17:37:38.891]: (-1.5, 2.3, 3.6) 36
[17:37:38.935]: (-1.5, 2.4, 3.7) 34
[17:37:38.959]: (-1.5, 2.4, 3.7) 34
[17:37:38.979]: (-1.5, 2.3, 3.7) 34
[17:37:39.002]: (-1.5, 2.3, 3.7) 34
[17:37:39.025]: (-1.4, 2.3, 3.7) 34
[17:37:39.202]: (-1.4, 2.3, 3.7) 34
[17:37:39.224]: (-1.4, 2.3, 3.7) 34
[17:37:39.256]: (-1.4, 2.3, 3.7) 34
[17:37:39.272]: (-1.4, 2.3, 3.7) 34
[17:37:39.289]: (-1.4, 2.3, 3.7) 34
[17:37:39.306]: (-1.4, 2.3, 3.7) 34
[17:37:39.322]: (-1.4, 2.3, 3.7) 34
[17:37:39.339]: (-1.4, 2.3, 3.7) 34
[17:37:39.355]: (-1.4, 2.3, 3.7) 34
[17:37:39.372]: (-1.4, 2.3, 3.7) 34
[17:37:39.497]: (-1.4, 2.4, 3.7) 34
[17:37:39.514]: (-1.4, 2.4, 3.7) 34
[17:37:39.531]: (-1.4, 2.4, 3.7) 34
[17:37:39.548]: (-1.4, 2.4, 3.7) 34
[17:37:39.567]: (-1.4, 2.4, 3.7) 34
[17:37:39.583]: (-1.4, 2.4, 3.7) 34
[17:37:39.599]: (-1.4, 2.4, 3.7) 34
[17:37:39.615]: (-1.4, 2.4, 3.7) 34
[17:37:39.632]: (-1.4, 2.4, 3.7) 34
[17:37:39.650]: (-1.4, 2.4, 3.7) 34
[17:37:39.666]: (-1.4, 2.4, 3.7) 34
[17:37:39.682]: (-1.4, 2.4, 3.7) 34
[17:37:39.699]: (-1.4, 2.4, 3.7) 34
[17:37:39.716]: (-1.4, 2.4, 3.7) 34
[17:37:39.734]: (-1.4, 2.4, 3.7) 34
[17:37:39.759]: (-1.4, 2.4, 3.7) 34
[17:37:39.779]: (-1.4, 2.4, 3.7) 34
[17:37:39.803]: (-1.4, 2.4, 3.7) 34
[17:37:39.823]: (-1.4, 2.4, 3.7) 34
[17:37:39.846]: (-1.4, 2.4, 3.7) 34
[17:37:39.870]: (-1.4, 2.4, 3.7) 34
[17:37:39.890]: (-1.4, 2.4, 3.7) 34
[17:37:39.913]: (-1.4, 2.4, 3.7) 34
[17:37:39.937]: (-1.4, 2.4, 3.7) 34
[17:37:39.957]: (-1.4, 2.4, 3.7) 34
[17:37:39.980]: (-1.4, 2.4, 3.7) 34
[17:37:40.003]: (-1.4, 2.4, 3.7) 34
[17:37:40.023]: (-1.4, 2.4, 3.7) 34
[17:37:40.046]: (-1.4, 2.4, 3.7) 34
[17:37:40.070]: (-1.4, 2.4, 3.7) 34
[17:37:40.090]: (-1.4, 2.4, 3.7) 34
[17:37:40.114]: (-1.4, 2.4, 3.7) 34
[17:37:40.134]: (-1.4, 2.4, 3.7) 34
[17:37:40.154]: (-1.4, 2.4, 3.7) 34
[17:37:40.171]: (-1.4, 2.4, 3.7) 34
[17:37:40.257]: (-1.4, 2.4, 3.7) 34
[17:37:40.277]: (-1.4, 2.4, 3.6) 34
[17:37:40.293]: (-1.4, 2.4, 3.6) 34
[17:37:40.310]: (-1.4, 2.4, 3.6) 34
[17:37:40.327]: (-1.4, 2.4, 3.6) 34
[17:37:40.345]: (-1.4, 2.4, 3.6) 34
[17:37:40.362]: (-1.4, 2.4, 3.6) 34
[17:37:40.379]: (-1.4, 2.4, 3.6) 34
[17:37:40.394]: (-1.4, 2.4, 3.6) 34
[17:37:40.409]: (-1.4, 2.4, 3.6) 34
[17:37:40.425]: (-1.4, 2.4, 3.6) 34
[17:37:40.442]: (-1.4, 2.4, 3.6) 34
[17:37:40.458]: (-1.4, 2.4, 3.6) 34
[17:37:40.474]: (-1.4, 2.4, 3.6) 34
[17:37:40.489]: (-1.4, 2.4, 3.6) 34
[17:37:40.506]: (-1.4, 2.4, 3.6) 34
[17:37:40.522]: (-1.4, 2.4, 3.6) 34
[17:37:40.538]: (-1.4, 2.4, 3.6) 34
[17:37:40.557]: (-1.4, 2.4, 3.6) 34
[17:37:40.576]: (-1.4, 2.4, 3.6) 34
[17:37:40.591]: (-1.4, 2.4, 3.6) 34
[17:37:40.607]: (-1.4, 2.4, 3.6) 34
[17:37:40.622]: (-1.4, 2.4, 3.6) 34
[17:37:40.646]: (-1.4, 2.4, 3.6) 34
[17:37:40.668]: (-1.4, 2.4, 3.6) 34
[17:37:40.712]: (-1.2, 2.7, 4.4) 85
[17:37:40.735]: (-1.2, 2.7, 4.4) 85
[17:37:40.756]: (-1.2, 2.7, 4.4) 85
[17:37:40.778]: (-1.2, 2.7, 4.4) 85
[17:37:40.800]: (-1.2, 2.7, 4.4) 85
[17:37:40.823]: (-1.3, 2.7, 4.4) 85
[17:37:40.846]: (-1.3, 2.7, 4.4) 85
[17:37:40.867]: (-1.3, 2.7, 4.4) 85
[17:37:40.891]: (-1.3, 2.7, 4.4) 85
[17:37:40.912]: (-1.2, 2.7, 4.4) 85
[17:37:41.227]: (-1.0, 2.8, 4.5) 81
[17:37:41.244]: (-1.0, 2.7, 4.4) 81
[17:37:41.260]: (-1.0, 2.7, 4.5) 81
[17:37:41.446]: (-1.1, 2.7, 4.6) 79
[17:37:41.855]: (2.3, 2.6, 4.2) 42
[17:37:41.901]: (2.1, 2.6, 4.1) 44
[17:37:41.923]: (2.2, 2.6, 4.0) 44
[17:37:42.014]: (2.2, 2.5, 3.9) 45
[17:37:42.656]: (1.3, 2.5, 4.1) 23
[17:37:42.678]: (1.3, 2.5, 4.0) 23
[17:37:42.701]: (1.3, 2.5, 4.0) 23
[17:37:42.723]: (1.3, 2.5, 4.1) 23
[17:37:42.745]: (1.2, 2.5, 4.1) 23
[17:37:42.789]: (1.3, 2.5, 4.1) 23
[17:37:42.834]: (1.3, 2.5, 4.1) 23
[17:37:42.855]: (1.3, 2.5, 4.1) 23
[17:37:42.872]: (1.3, 2.5, 4.1) 23
[17:37:42.889]: (1.3, 2.5, 4.1) 23
[17:37:42.905]: (1.3, 2.5, 4.0) 23
[17:37:42.922]: (1.3, 2.5, 4.1) 23
[17:37:43.300]: (-0.3, 1.9, 2.8) 12
[17:37:43.321]: (-0.4, 1.9, 2.8) 12
[17:37:43.366]: (-0.3, 1.9, 2.8) 12
[17:37:43.389]: (-0.3, 1.9, 2.7) 12
[17:37:43.411]: (-0.3, 1.9, 2.7) 12
[17:37:43.434]: (-0.3, 1.9, 2.8) 12
[17:37:43.456]: (-0.3, 1.9, 2.7) 12
[17:37:43.478]: (-0.3, 1.9, 2.7) 12
[17:37:43.500]: (-0.3, 1.9, 2.7) 12
[17:37:43.523]: (-0.3, 1.9, 2.8) 12
[17:37:43.566]: (0.2, 2.4, 3.7) 16
[17:37:43.590]: (0.2, 2.4, 3.7) 16
[17:37:43.611]: (0.2, 2.4, 3.7) 16
[17:37:43.633]: (0.2, 2.3, 3.7) 16
[17:37:43.655]: (0.2, 2.4, 3.7) 16
[17:37:43.677]: (0.2, 2.4, 3.7) 16
[17:37:43.700]: (0.2, 2.4, 3.7) 16
[17:37:43.719]: (0.2, 2.4, 3.7) 16
[17:37:43.735]: (0.2, 2.4, 3.7) 16
[17:37:43.752]: (0.2, 2.4, 3.7) 16
[17:37:43.768]: (0.2, 2.4, 3.7) 16
[17:37:43.784]: (0.2, 2.4, 3.7) 16
[17:37:43.800]: (0.2, 2.4, 3.7) 16
[17:37:43.816]: (0.2, 2.4, 3.7) 16
[17:37:43.834]: (0.2, 2.4, 3.7) 16
[17:37:43.851]: (0.2, 2.4, 3.7) 16
[17:37:43.867]: (0.2, 2.4, 3.7) 16
[17:37:43.883]: (0.2, 2.4, 3.7) 16
[17:37:43.900]: (0.2, 2.4, 3.7) 16
[17:37:43.917]: (0.2, 2.4, 3.7) 16
[17:37:43.933]: (0.2, 2.4, 3.7) 16
[17:37:43.950]: (0.2, 2.4, 3.7) 16
[17:37:44.155]: (0.6, 2.1, 3.2) 2
[17:37:44.177]: (0.8, 2.1, 3.2) 0
[17:37:44.199]: (0.8, 2.1, 3.2) 0
[17:37:44.222]: (0.7, 2.1, 3.2) 0
[17:37:44.243]: (0.8, 2.1, 3.2) 0
[17:37:44.266]: (0.8, 2.1, 3.2) 0
[17:37:44.288]: (0.8, 2.1, 3.2) 0
[17:37:44.310]: (0.8, 2.1, 3.2) 0
[17:37:44.335]: (0.8, 2.1, 3.2) 3
[17:37:44.355]: (0.8, 2.1, 3.2) 0
[17:37:44.377]: (0.8, 2.2, 3.3) 5
[17:37:57.494]: (0.8, 2.1, 3.2) 3
[17:37:57.517]: (0.5, 2.1, 3.3) 4
[17:37:57.762]: (-0.1, 2.2, 3.6) 18
[17:37:57.901]: (0.6, 2.2, 3.3) 4
[17:37:58.122]: (0.1, 2.4, 3.7) 16
[17:37:58.472]: (-0.3, 2.4, 3.7) 17
[17:37:58.519]: (1.1, 2.6, 4.0) 26
[17:37:58.539]: (1.5, 2.5, 4.1) 21
[17:38:04.256]: (1.2, 2.5, 4.1) 22
[17:38:05.873]: (0.8, 2.1, 3.2) 3
[17:38:05.890]: (0.8, 2.1, 3.2) 3
[17:38:05.908]: (0.8, 2.1, 3.2) 3
[17:38:05.925]: (0.9, 2.1, 3.2) 3
[17:38:05.944]: (0.8, 2.1, 3.2) 3
[17:38:05.960]: (0.8, 2.1, 3.2) 3
[17:38:05.978]: (0.8, 2.1, 3.2) 3
[17:38:05.995]: (0.8, 2.1, 3.2) 3
[17:38:06.011]: (0.8, 2.1, 3.2) 3
[17:38:06.028]: (0.8, 2.1, 3.2) 3
[17:38:06.044]: (0.8, 2.1, 3.2) 3
[17:38:06.062]: (0.8, 2.1, 3.2) 3
[17:38:06.077]: (0.8, 2.1, 3.2) 3
[17:38:06.093]: (0.8, 2.1, 3.2) 3
[17:38:06.109]: (0.8, 2.1, 3.2) 3
[17:38:06.126]: (0.8, 2.1, 3.2) 3
[17:38:06.145]: (0.8, 2.1, 3.2) 3
[17:38:06.165]: (0.8, 2.1, 3.2) 0
[17:38:06.413]: (0.8, 2.0, 3.0) 1
[17:38:08.276]: (0.8, 1.9, 3.1) 1
[17:38:08.293]: (0.8, 1.9, 3.0) 1
[17:38:08.419]: (0.8, 2.0, 3.0) 1
[17:38:08.594]: (0.8, 1.9, 3.1) 1
[17:38:08.610]: (0.8, 2.0, 3.0) 1
[17:38:08.626]: (0.8, 1.9, 3.0) 1
[17:38:08.643]: (0.8, 2.0, 3.0) 1
[17:38:08.659]: (0.8, 2.0, 3.0) 1
[17:38:08.679]: (0.8, 2.0, 3.0) 1
[17:38:08.701]: (0.8, 2.0, 3.0) 1
[17:38:08.724]: (0.8, 2.0, 3.0) 1
[17:38:08.746]: (0.8, 2.0, 3.0) 1
[17:38:08.790]: (0.8, 1.9, 3.0) 1
[17:38:08.812]: (0.8, 1.9, 3.0) 1
[17:38:08.836]: (0.8, 1.9, 3.0) 1
[17:38:08.857]: (0.8, 2.0, 3.0) 1
[17:38:12.322]: (2.3, 2.5, 4.2) 42
[17:38:12.389]: (2.2, 2.5, 3.9) 45
[17:38:12.411]: (2.2, 2.4, 3.9) 45
