[17:22:30.528]: (-2.8, -1.6, -0.1) 8
[17:22:30.548]: (-2.9, -1.4, 0.0) 10
[17:22:30.569]: (-2.4, -0.7, 0.0) 7
[17:22:30.746]: (-2.5, -0.8, 0.0) 5
[17:22:30.868]: (-3.0, -1.4, 0.0) 10
[17:22:31.331]: (-3.0, -1.3, 0.0) 10
[17:22:31.354]: (-2.4, -0.7, 0.0) 7
[17:22:32.542]: (-0.6, 1.1, 1.1) 1
[17:22:32.565]: (-0.6, 1.2, 1.1) 1
[17:22:32.587]: (-0.6, 1.1, 1.0) 1
[17:22:32.611]: (-0.5, 1.2, 1.0) 1
[17:22:32.652]: (-0.5, 1.2, 1.0) 1
[17:22:32.674]: (-0.5, 1.2, 1.0) 1
[17:22:32.694]: (-0.5, 1.2, 1.0) 1
[17:22:32.715]: (-0.5, 1.2, 1.0) 1
[17:22:32.737]: (-0.5, 1.2, 1.0) 1
[17:22:32.759]: (-0.6, 1.2, 1.1) 1
[17:22:32.779]: (-0.5, 1.2, 1.0) 1
[17:22:32.801]: (-0.5, 1.2, 1.0) 1
[17:22:32.822]: (-0.5, 1.2, 1.1) 1
[17:22:32.843]: (-0.5, 1.1, 1.2) 0
[17:22:32.864]: (-0.5, 1.1, 1.2) 0
[17:22:32.941]: (0.0, 1.1, 2.1) 33
[17:22:33.118]: (0.9, 1.0, 2.4) 5
[17:22:33.240]: (1.5, 0.9, 3.1) 14
[17:22:33.262]: (1.4, 0.9, 3.1) 14
[17:22:33.283]: (1.4, 0.9, 3.1) 14
[17:22:33.304]: (1.4, 0.9, 3.1) 14
[17:22:33.324]: (1.3, 0.9, 3.1) 14
[17:22:33.345]: (1.3, 0.9, 3.2) 14
[17:22:33.389]: (1.3, 0.9, 3.2) 14
[17:22:33.809]: (0.8, 1.0, 2.4) 5
[17:22:34.747]: (-0.3, 1.1, 2.0) 33
[17:22:35.356]: (-0.3, 1.0, 2.2) 32
[17:22:35.375]: (-0.3, 1.0, 2.2) 32
[17:22:35.398]: (-0.3, 1.0, 2.2) 32
[17:22:35.420]: (-0.3, 1.0, 2.2) 32
[17:22:35.441]: (-0.3, 1.0, 2.2) 32
[17:22:35.781]: (-0.3, 1.0, 2.2) 32
[17:22:35.799]: (-0.3, 1.0, 2.2) 32
[17:22:36.431]: (-0.3, 1.0, 2.2) 32
[17:22:36.454]: (-0.3, 1.0, 2.2) 32
[17:22:36.474]: (-0.3, 1.0, 2.2) 32
[17:22:36.493]: (-0.3, 1.0, 2.2) 32
[17:22:36.510]: (-0.3, 1.0, 2.2) 32
[17:22:36.637]: (-0.3, 1.0, 2.2) 32
[17:22:37.041]: (-0.3, 1.0, 2.2) 32
[17:22:37.062]: (-0.3, 1.0, 2.2) 32
[17:22:38.304]: (0.5, 0.9, 3.0) 9
[17:22:45.320]: (-0.8, 1.1, 1.9) 3
[17:22:45.336]: (-0.8, 1.1, 1.9) 3
[17:22:45.352]: (-0.9, 1.1, 1.8) 3
[17:22:45.370]: (-0.9, 1.1, 1.8) 3
[17:22:45.386]: (-0.9, 1.1, 1.8) 3
[17:22:45.481]: (-0.9, 1.1, 1.8) 3
[17:22:45.890]: (-0.3, 1.1, 2.2) 32
[17:22:47.132]: (0.6, 0.9, 2.3) 7
[17:22:47.149]: (0.8, 0.9, 2.1) 6
[17:22:48.137]: (1.7, 0.8, 3.0) 16
[17:22:48.567]: (1.6, 0.8, 3.1) 14
[17:22:48.585]: (1.6, 0.8, 3.1) 14
[17:22:48.602]: (1.6, 0.8, 3.1) 14
[17:22:48.618]: (1.6, 0.8, 3.1) 14
[17:22:48.635]: (1.6, 0.8, 3.1) 14
[17:22:48.651]: (1.5, 0.8, 3.1) 14
[17:22:48.666]: (1.5, 0.8, 3.1) 14
[17:22:48.683]: (1.5, 0.8, 3.1) 14
[17:22:48.700]: (1.5, 0.8, 3.1) 14
[17:22:48.718]: (1.6, 0.8, 3.1) 14
[17:22:48.736]: (1.6, 0.8, 3.1) 14
[17:22:48.753]: (1.5, 0.8, 3.1) 14
[17:22:48.770]: (1.6, 0.8, 3.1) 14
[17:22:48.786]: (1.5, 0.8, 3.1) 14
[17:22:48.804]: (1.5, 0.8, 3.1) 14
[17:22:48.821]: (1.5, 0.8, 3.1) 14
[17:22:48.838]: (1.5, 0.9, 3.1) 14
[17:22:48.855]: (1.5, 0.8, 3.1) 14
[17:22:48.871]: (1.5, 0.8, 3.1) 14
[17:22:48.888]: (1.5, 0.8, 3.1) 14
[17:22:48.906]: (1.5, 0.8, 3.1) 14
[17:22:48.924]: (1.5, 0.8, 3.1) 14
[17:22:48.946]: (1.6, 0.8, 3.1) 14
[17:22:48.968]: (1.5, 0.8, 3.1) 14
[17:22:48.991]: (1.5, 0.8, 3.1) 14
[17:22:49.369]: (1.8, 0.8, 2.9) 16
[17:22:51.200]: (1.5, 0.8, 3.1) 14
[17:22:51.219]: (1.5, 0.9, 3.1) 14
[17:22:51.255]: (1.7, 0.9, 3.0) 16
[17:22:51.273]: (1.7, 0.9, 3.0) 16
[17:22:51.290]: (1.7, 0.9, 3.0) 16
[17:22:51.307]: (1.8, 0.9, 3.2) 15
[17:22:51.325]: (1.7, 0.9, 3.0) 16
[17:22:51.346]: (1.7, 0.9, 3.0) 16
[17:22:51.375]: (1.7, 0.9, 3.0) 16
[17:22:51.394]: (1.8, 0.9, 3.2) 15
[17:22:51.415]: (1.7, 0.9, 3.0) 16
[17:22:51.432]: (1.7, 0.9, 2.9) 16
[17:22:51.452]: (1.7, 0.9, 3.0) 16
[17:22:51.471]: (1.7, 0.9, 3.0) 16
[17:22:51.488]: (1.7, 0.9, 3.0) 16
[17:22:51.505]: (1.7, 0.9, 2.9) 16
[17:22:51.523]: (1.7, 0.8, 3.0) 16
[17:22:51.539]: (1.7, 0.8, 2.9) 16
[17:22:51.556]: (1.7, 0.8, 3.0) 16
[17:22:51.580]: (1.7, 0.8, 3.0) 16
[17:22:51.601]: (1.7, 0.8, 3.0) 16
[17:22:51.625]: (1.7, 0.8, 3.0) 16
[17:22:52.404]: (1.7, 0.7, 3.2) 15
[17:22:52.429]: (1.6, 0.6, 3.2) 15
[17:22:52.562]: (0.9, 0.8, 2.0) 6
[17:22:52.606]: (0.9, 0.8, 2.1) 7
[17:22:54.751]: (3.9, 2.0, 1.7) 20
[17:22:54.833]: (4.8, 1.9, 2.7) 28
[17:22:54.853]: (4.6, 1.7, 2.9) 26
[17:22:55.333]: (1.0, 0.5, 3.0) 10
[17:22:55.401]: (1.0, 0.6, 3.0) 10
[17:22:57.466]: (1.0, 0.5, 3.2) 14
[17:22:59.715]: (1.0, 0.5, 3.2) 14
[17:22:59.732]: (1.0, 0.5, 3.2) 14
[17:22:59.749]: (1.0, 0.5, 3.2) 14
[17:22:59.765]: (1.0, 0.5, 3.2) 14
[17:22:59.781]: (1.0, 0.5, 3.2) 14
[17:22:59.797]: (1.0, 0.5, 3.2) 14
[17:22:59.813]: (1.0, 0.5, 3.2) 14
[17:22:59.829]: (1.0, 0.5, 3.2) 14
[17:22:59.844]: (1.0, 0.5, 3.2) 14
[17:22:59.861]: (1.0, 0.5, 3.2) 14
[17:22:59.877]: (1.0, 0.5, 3.2) 14
[17:22:59.894]: (1.0, 0.5, 3.2) 14
[17:22:59.912]: (1.0, 0.5, 3.2) 14
[17:22:59.927]: (1.0, 0.5, 3.2) 14
[17:22:59.943]: (1.0, 0.5, 3.2) 14
[17:23:01.297]: (-1.5, 1.3, 1.7) 2
[17:23:01.329]: (-1.4, 1.3, 1.7) 2
[17:23:01.344]: (-1.4, 1.3, 1.7) 2
[17:23:01.362]: (-1.4, 1.3, 1.7) 2
[17:23:01.378]: (-1.4, 1.3, 1.7) 2
[17:23:01.426]: (-1.3, 1.3, 1.5) 4
[17:23:01.443]: (-1.3, 1.3, 1.6) 4
[17:23:01.459]: (-1.3, 1.3, 1.6) 4
[17:23:01.475]: (-1.3, 1.3, 1.6) 4
[17:23:01.491]: (-1.3, 1.3, 1.6) 4
[17:23:01.507]: (-1.3, 1.3, 1.6) 4
[17:23:01.525]: (-1.3, 1.3, 1.6) 4
[17:23:01.541]: (-1.3, 1.3, 1.6) 4
[17:23:01.557]: (-1.3, 1.3, 1.5) 4
[17:23:01.574]: (-1.3, 1.3, 1.6) 4
[17:23:01.590]: (-1.3, 1.3, 1.5) 4
[17:23:01.609]: (-1.3, 1.3, 1.5) 4
[17:23:01.627]: (-1.3, 1.3, 1.5) 4
[17:23:01.643]: (-1.3, 1.3, 1.5) 4
[17:23:01.659]: (-1.3, 1.3, 1.5) 4
[17:23:01.675]: (-1.3, 1.3, 1.5) 4
[17:23:01.692]: (-1.2, 1.3, 1.7) 3
[17:23:02.830]: (-1.1, 1.2, 3.4) 21
[17:23:02.897]: (-1.1, 1.3, 3.4) 21
[17:23:02.920]: (-1.1, 1.2, 3.4) 21
[17:23:02.964]: (-1.1, 1.3, 3.4) 21
[17:23:02.987]: (-1.1, 1.3, 3.4) 21
[17:23:03.008]: (-1.1, 1.3, 3.4) 21
[17:23:03.030]: (-1.1, 1.3, 3.4) 21
[17:23:03.338]: (-1.1, 1.2, 3.4) 21
[17:23:04.938]: (0.3, 0.8, 2.5) 5
[17:23:04.986]: (0.4, 0.8, 2.5) 5
[17:23:05.005]: (0.4, 0.8, 2.5) 5
[17:23:05.023]: (0.4, 0.8, 2.5) 5
[17:23:05.039]: (0.3, 0.7, 2.4) 5
[17:23:05.056]: (0.3, 0.8, 2.5) 5
[17:23:05.073]: (0.3, 0.8, 2.5) 5
[17:23:05.090]: (0.3, 0.8, 2.5) 5
[17:23:05.264]: (0.2, 0.8, 2.3) 7
