[17:39:09.968]: (-2.5, -1.0, 0.0) 8
[17:39:10.379]: (-2.5, -1.1, 0.0) 2
[17:39:10.398]: (-2.4, -1.1, 0.0) 2
[17:39:10.414]: (-2.4, -1.1, 0.0) 2
[17:39:10.430]: (-2.4, -1.1, 0.0) 2
[17:39:10.447]: (-2.4, -1.1, 0.0) 2
[17:39:10.464]: (-2.4, -1.1, 0.0) 2
[17:39:10.480]: (-2.4, -1.1, 0.0) 2
[17:39:10.497]: (-2.4, -1.1, 0.0) 2
[17:39:10.515]: (-2.4, -1.1, 0.0) 2
[17:39:10.531]: (-2.4, -1.2, 0.0) 2
[17:39:10.552]: (-2.4, -1.1, 0.0) 2
[17:39:10.572]: (-2.4, -1.1, 0.0) 2
[17:39:10.590]: (-2.4, -1.1, 0.0) 8
[17:39:10.611]: (-2.4, -1.1, 0.0) 8
[17:39:10.639]: (-2.4, -1.1, 0.0) 2
[17:39:10.656]: (-2.4, -1.1, 0.0) 1
[17:39:10.675]: (-2.4, -1.1, 0.0) 1
[17:39:10.690]: (-2.4, -1.1, 0.0) 1
[17:39:10.709]: (-2.6, -1.1, 0.0) 0
[17:39:10.855]: (-2.8, -0.9, 0.1) 3
[17:39:10.889]: (-2.7, -0.6, 0.2) 4
[17:39:11.355]: (-1.3, 0.4, 1.5) 9
[17:39:11.855]: (0.1, 1.8, 2.9) 8
[17:39:11.921]: (0.1, 1.7, 2.8) 8
[17:39:11.943]: (0.0, 1.7, 2.8) 8
[17:39:11.967]: (0.1, 1.8, 3.0) 0
[17:39:11.989]: (0.0, 1.8, 3.1) 3
[17:39:12.010]: (0.0, 1.7, 3.1) 3
[17:39:12.031]: (0.0, 1.7, 2.9) 4
[17:39:12.054]: (0.0, 1.6, 2.9) 4
[17:39:12.656]: (0.4, 1.5, 3.1) 0
[17:39:12.678]: (0.2, 1.3, 3.0) 5
[17:39:12.700]: (0.1, 1.3, 3.0) 5
[17:39:12.722]: (0.1, 1.3, 3.0) 5
[17:39:12.745]: (0.1, 1.3, 3.0) 1
[17:39:12.768]: (0.1, 1.3, 2.9) 1
[17:39:12.785]: (0.2, 1.3, 2.9) 1
[17:39:12.865]: (0.2, 1.3, 3.0) 5
[17:39:12.886]: (0.2, 1.3, 3.0) 5
[17:39:13.048]: (-0.5, 1.2, 1.9) 16
[17:39:13.069]: (-0.5, 1.2, 1.9) 10
[17:39:13.090]: (-0.5, 1.3, 1.9) 10
[17:39:13.111]: (-0.5, 1.3, 2.2) 17
[17:39:13.133]: (-0.4, 1.3, 1.9) 15
[17:39:13.157]: (-0.4, 1.3, 1.9) 15
[17:39:13.181]: (-0.4, 1.3, 1.9) 15
[17:39:13.204]: (-0.4, 1.3, 1.9) 15
[17:39:13.227]: (-0.4, 1.3, 1.9) 15
[17:39:13.251]: (-0.4, 1.3, 1.9) 15
[17:39:13.273]: (-0.4, 1.3, 1.9) 15
[17:39:13.294]: (-0.4, 1.3, 1.9) 10
[17:39:13.315]: (-0.4, 1.3, 1.9) 10
[17:39:13.337]: (-0.4, 1.3, 1.9) 10
[17:39:13.358]: (-0.4, 1.3, 1.9) 10
[17:39:13.379]: (-0.4, 1.3, 1.9) 10
[17:39:13.401]: (-0.4, 1.3, 2.1) 11
[17:39:13.421]: (-0.4, 1.3, 2.1) 11
[17:39:13.442]: (-0.4, 1.3, 1.9) 10
[17:39:13.462]: (-0.4, 1.3, 1.9) 10
[17:39:13.482]: (-0.4, 1.4, 1.9) 10
[17:39:13.506]: (-0.4, 1.4, 1.9) 10
[17:39:13.531]: (-0.5, 1.3, 1.9) 10
[17:39:13.566]: (-0.5, 1.4, 2.1) 17
[17:39:13.600]: (-0.5, 1.4, 2.1) 17
[17:39:13.631]: (-0.5, 1.4, 1.9) 15
[17:39:13.665]: (-0.5, 1.4, 1.9) 15
[17:39:13.699]: (-0.4, 1.4, 1.9) 15
[17:39:13.731]: (-0.4, 1.4, 1.9) 15
[17:39:13.765]: (-0.4, 1.4, 1.9) 15
[17:39:13.800]: (-0.4, 1.4, 1.9) 15
[17:39:13.831]: (-0.4, 1.4, 1.9) 15
[17:39:13.864]: (-0.5, 1.3, 2.1) 11
[17:39:13.898]: (-0.5, 1.3, 2.1) 11
[17:39:13.930]: (-0.5, 1.3, 1.9) 10
[17:39:13.965]: (-0.5, 1.3, 1.9) 10
[17:39:13.998]: (-0.5, 1.3, 1.9) 10
[17:39:14.030]: (-0.5, 1.3, 1.9) 10
[17:39:14.064]: (-0.5, 1.3, 1.9) 10
[17:39:14.099]: (-0.5, 1.3, 1.9) 10
[17:39:14.131]: (-0.5, 1.3, 1.9) 15
[17:39:14.165]: (-0.5, 1.3, 1.9) 15
[17:39:14.198]: (-0.5, 1.4, 1.9) 15
[17:39:14.219]: (-0.4, 1.4, 1.9) 15
[17:39:14.241]: (-0.4, 1.4, 1.9) 15
[17:39:14.263]: (-0.4, 1.4, 1.9) 15
[17:39:14.597]: (0.6, 1.5, 2.6) 6
[17:39:14.619]: (0.7, 1.6, 2.6) 6
[17:39:14.641]: (0.7, 1.6, 2.6) 6
[17:39:14.663]: (0.6, 1.6, 2.6) 6
[17:39:14.686]: (0.6, 1.6, 2.6) 6
[17:39:14.708]: (0.6, 1.6, 2.6) 6
[17:39:14.730]: (0.6, 1.6, 2.6) 6
[17:39:14.753]: (0.6, 1.6, 2.6) 6
[17:39:14.775]: (0.6, 1.6, 2.6) 6
[17:39:14.796]: (0.6, 1.6, 2.7) 6
[17:39:14.819]: (0.6, 1.6, 2.7) 6
[17:39:14.841]: (0.6, 1.6, 2.7) 6
[17:39:14.864]: (0.6, 1.6, 2.6) 6
[17:39:14.885]: (0.9, 1.7, 2.9) 0
[17:39:15.134]: (0.9, 1.6, 2.7) 8
[17:39:15.157]: (0.7, 1.6, 2.6) 6
[17:39:15.179]: (0.6, 1.6, 2.6) 6
[17:39:15.201]: (0.6, 1.6, 2.6) 6
[17:39:15.223]: (0.6, 1.6, 2.7) 6
[17:39:15.245]: (0.6, 1.6, 2.7) 6
[17:39:15.267]: (0.6, 1.6, 2.7) 6
[17:39:15.423]: (0.6, 1.6, 2.9) 5
[17:39:15.459]: (0.6, 1.5, 2.7) 6
[17:39:15.919]: (-0.4, 1.3, 2.8) 33
[17:39:15.940]: (-0.4, 1.4, 2.8) 33
[17:39:15.964]: (-0.4, 1.4, 2.8) 33
[17:39:16.051]: (0.6, 1.6, 2.6) 6
[17:39:16.996]: (0.9, 1.7, 2.7) 8
[17:39:17.239]: (0.9, 1.7, 2.7) 8
[17:39:17.270]: (0.6, 1.6, 2.6) 6
[17:39:17.287]: (0.6, 1.6, 2.6) 6
[17:39:17.304]: (0.6, 1.6, 2.6) 6
[17:39:17.320]: (0.6, 1.6, 2.6) 6
[17:39:17.336]: (0.6, 1.6, 2.6) 6
[17:39:17.354]: (0.6, 1.6, 2.6) 6
[17:39:17.372]: (0.6, 1.6, 2.6) 6
[17:39:17.388]: (0.6, 1.6, 2.7) 6
[17:39:17.405]: (0.6, 1.6, 2.7) 6
[17:39:17.421]: (0.6, 1.5, 2.7) 6
[17:39:17.438]: (0.6, 1.6, 2.6) 6
[17:39:17.454]: (0.6, 1.6, 2.7) 6
[17:39:17.470]: (0.6, 1.6, 2.7) 6
[17:39:17.486]: (0.6, 1.6, 2.7) 6
[17:39:17.708]: (0.6, 1.6, 2.8) 5
[17:39:17.818]: (0.9, 1.6, 2.7) 8
[17:39:18.479]: (0.7, 1.6, 2.7) 1
[17:39:18.497]: (0.6, 1.6, 2.8) 5
[17:39:18.520]: (0.6, 1.6, 2.8) 5
[17:39:18.539]: (0.6, 1.6, 2.8) 5
[17:39:18.563]: (0.6, 1.6, 2.8) 5
[17:39:18.585]: (0.6, 1.6, 2.8) 5
[17:39:18.629]: (0.6, 1.6, 2.7) 6
[17:39:18.673]: (0.6, 1.5, 2.7) 6
[17:39:18.696]: (0.6, 1.6, 2.7) 6
[17:39:18.717]: (0.6, 1.6, 2.7) 6
[17:39:18.739]: (0.6, 1.6, 2.7) 6
[17:39:18.761]: (0.6, 1.6, 2.7) 6
[17:39:18.784]: (0.6, 1.6, 2.7) 6
[17:39:18.807]: (0.6, 1.6, 2.7) 6
[17:39:18.828]: (0.6, 1.6, 2.7) 6
[17:39:18.851]: (0.6, 1.6, 2.7) 6
[17:39:18.872]: (0.6, 1.5, 2.7) 6
[17:39:18.895]: (0.6, 1.5, 2.7) 6
[17:39:18.918]: (0.6, 1.5, 2.7) 6
[17:39:18.934]: (0.6, 1.5, 2.7) 6
[17:39:18.950]: (0.6, 1.5, 2.7) 6
[17:39:18.966]: (0.6, 1.5, 2.7) 6
[17:39:18.983]: (0.6, 1.5, 2.7) 6
[17:39:19.000]: (0.6, 1.6, 2.7) 6
[17:39:19.018]: (0.6, 1.5, 2.7) 6
[17:39:19.092]: (0.6, 1.5, 2.9) 5
[17:39:19.109]: (0.6, 1.6, 2.8) 5
[17:39:19.127]: (0.6, 1.5, 2.7) 6
[17:39:19.145]: (0.6, 1.6, 2.7) 6
[17:39:19.161]: (0.6, 1.6, 2.7) 6
[17:39:19.177]: (0.6, 1.6, 2.7) 6
[17:39:19.195]: (0.6, 1.6, 2.7) 6
[17:39:19.213]: (0.6, 1.6, 2.7) 6
[17:39:19.229]: (0.6, 1.6, 2.7) 6
[17:39:19.246]: (0.6, 1.6, 2.7) 6
[17:39:19.261]: (0.6, 1.6, 2.7) 6
[17:39:19.278]: (0.6, 1.6, 2.7) 6
[17:39:19.293]: (0.6, 1.6, 2.7) 6
[17:39:19.310]: (0.6, 1.6, 2.7) 6
[17:39:19.325]: (0.6, 1.6, 2.7) 6
[17:39:19.341]: (0.6, 1.6, 2.7) 6
[17:39:19.356]: (0.6, 1.6, 2.7) 6
[17:39:19.373]: (0.6, 1.6, 2.7) 6
[17:39:19.396]: (0.6, 1.6, 2.8) 5
[17:39:19.417]: (0.6, 1.6, 2.8) 5
[17:39:19.440]: (0.6, 1.6, 2.8) 5
[17:39:19.461]: (0.6, 1.6, 2.8) 5
[17:39:19.484]: (0.6, 1.6, 2.9) 5
[17:39:19.507]: (0.6, 1.6, 2.9) 5
[17:39:19.684]: (0.6, 1.6, 2.8) 5
[17:39:19.706]: (0.6, 1.6, 2.7) 6
[17:39:19.737]: (0.6, 1.6, 2.7) 6
[17:39:19.765]: (0.6, 1.6, 2.7) 6
[17:39:19.782]: (0.6, 1.6, 2.7) 6
[17:39:19.797]: (0.6, 1.6, 2.7) 6
[17:39:19.814]: (0.6, 1.6, 2.7) 6
[17:39:19.830]: (0.6, 1.6, 2.8) 5
[17:39:19.845]: (0.6, 1.6, 2.8) 5
[17:39:19.861]: (0.6, 1.6, 2.8) 5
[17:39:19.877]: (0.6, 1.6, 2.8) 5
[17:39:19.894]: (0.6, 1.6, 2.8) 5
[17:39:19.910]: (0.6, 1.6, 2.8) 5
[17:39:19.926]: (0.6, 1.6, 2.8) 5
[17:39:19.942]: (0.6, 1.6, 2.8) 5
[17:39:19.959]: (0.6, 1.6, 2.8) 5
[17:39:20.284]: (-0.6, 1.4, 2.0) 20
[17:39:20.305]: (-0.7, 1.3, 2.7) 37
[17:39:20.328]: (-0.7, 1.3, 2.8) 37
[17:39:20.351]: (-0.7, 1.3, 2.7) 37
[17:39:20.372]: (-0.7, 1.3, 2.8) 37
[17:39:20.394]: (-0.7, 1.3, 2.7) 37
[17:39:20.417]: (-0.7, 1.3, 2.7) 37
[17:39:20.439]: (-0.7, 1.3, 2.7) 37
[17:39:20.461]: (-0.7, 1.3, 2.7) 37
[17:39:20.484]: (-0.7, 1.3, 2.7) 37
[17:39:20.508]: (-0.6, 1.3, 2.0) 12
[17:39:20.528]: (-0.6, 1.3, 2.0) 12
[17:39:20.550]: (-0.6, 1.3, 2.0) 12
[17:39:20.572]: (-0.6, 1.3, 2.0) 12
[17:39:20.594]: (-0.6, 1.2, 1.8) 14
[17:39:20.617]: (-0.6, 1.2, 1.8) 14
[17:39:20.639]: (-0.6, 1.2, 1.8) 14
[17:39:20.655]: (-0.6, 1.2, 1.8) 14
[17:39:20.671]: (-0.6, 1.2, 1.8) 14
[17:39:20.686]: (-0.6, 1.2, 1.8) 14
[17:39:20.702]: (-0.6, 1.2, 1.8) 14
[17:39:20.718]: (-0.6, 1.2, 1.8) 14
[17:39:20.735]: (-0.6, 1.2, 1.8) 14
[17:39:20.752]: (-0.6, 1.2, 1.8) 14
[17:39:20.768]: (-0.6, 1.2, 1.8) 14
[17:39:20.784]: (-0.6, 1.2, 1.8) 14
[17:39:20.802]: (-0.6, 1.2, 1.8) 14
[17:39:20.818]: (-0.6, 1.2, 1.8) 14
[17:39:20.833]: (-0.6, 1.2, 1.8) 14
[17:39:20.849]: (-0.6, 1.2, 1.8) 14
[17:39:20.866]: (-0.6, 1.2, 1.8) 14
[17:39:20.882]: (-0.6, 1.2, 1.8) 14
[17:39:20.897]: (-0.6, 1.2, 1.8) 14
[17:39:20.914]: (-0.6, 1.2, 1.8) 14
[17:39:20.929]: (-0.6, 1.2, 1.8) 14
[17:39:20.945]: (-0.6, 1.2, 1.8) 14
[17:39:20.962]: (-0.6, 1.2, 1.8) 14
[17:39:20.981]: (-0.6, 1.2, 1.8) 14
[17:39:20.997]: (-0.6, 1.2, 1.8) 14
[17:39:21.014]: (-0.6, 1.2, 1.8) 14
[17:39:21.030]: (-0.6, 1.2, 1.8) 14
[17:39:21.049]: (-0.6, 1.2, 1.8) 14
[17:39:21.065]: (-0.6, 1.2, 1.8) 14
[17:39:21.084]: (-0.6, 1.2, 1.8) 14
[17:39:21.107]: (-0.6, 1.2, 1.8) 14
[17:39:21.127]: (-0.6, 1.2, 1.8) 14
[17:39:21.150]: (-0.6, 1.2, 1.8) 14
[17:39:21.172]: (-0.6, 1.2, 1.8) 14
[17:39:21.195]: (-0.6, 1.2, 1.8) 14
[17:39:21.217]: (-0.6, 1.2, 1.8) 14
[17:39:21.238]: (-0.6, 1.2, 1.8) 14
[17:39:21.260]: (-0.6, 1.2, 1.8) 14
[17:39:21.283]: (-0.6, 1.2, 1.8) 14
[17:39:21.306]: (-0.6, 1.2, 1.8) 14
[17:39:21.327]: (-0.6, 1.2, 1.8) 14
[17:39:21.350]: (-0.6, 1.3, 1.8) 14
[17:39:21.372]: (-0.6, 1.2, 1.8) 14
[17:39:21.394]: (-0.6, 1.2, 1.8) 14
[17:39:21.417]: (-0.6, 1.2, 1.8) 14
[17:39:21.438]: (-0.6, 1.3, 1.8) 14
[17:39:21.462]: (-0.6, 1.4, 2.0) 20
[17:39:21.482]: (-0.7, 1.4, 2.8) 31
[17:39:21.506]: (-0.6, 1.4, 2.0) 20
[17:39:21.569]: (-0.7, 1.4, 2.8) 31
[17:39:21.598]: (-0.6, 1.4, 2.0) 20
[17:39:21.614]: (-0.6, 1.4, 2.0) 20
[17:39:21.629]: (-0.6, 1.4, 2.0) 20
[17:39:21.646]: (-0.6, 1.4, 2.0) 20
[17:39:21.662]: (-0.6, 1.4, 2.0) 20
[17:39:21.678]: (-0.7, 1.4, 2.8) 31
[17:39:21.695]: (-0.6, 1.4, 2.0) 20
[17:39:21.712]: (-0.7, 1.4, 2.8) 31
[17:39:21.727]: (-0.7, 1.4, 2.8) 31
[17:39:21.744]: (-0.7, 1.4, 2.8) 31
[17:39:21.762]: (-0.7, 1.4, 2.8) 31
[17:39:21.778]: (-0.7, 1.4, 2.8) 31
[17:39:21.795]: (-0.7, 1.4, 2.8) 31
[17:39:21.810]: (-0.7, 1.4, 2.8) 31
[17:39:21.828]: (-0.6, 1.4, 2.0) 20
[17:39:21.844]: (-0.6, 1.4, 2.0) 20
[17:39:21.860]: (-0.6, 1.4, 2.0) 20
[17:39:21.876]: (-0.6, 1.3, 2.0) 20
[17:39:21.892]: (-0.6, 1.3, 2.0) 20
[17:39:21.927]: (-0.7, 1.3, 2.0) 20
[17:39:21.949]: (-0.7, 1.3, 2.0) 20
[17:39:21.972]: (-0.6, 1.3, 2.0) 20
[17:39:21.996]: (-0.7, 1.3, 2.0) 20
[17:39:22.018]: (-0.6, 1.3, 2.0) 20
[17:39:22.128]: (-0.6, 1.3, 2.0) 12
[17:39:22.150]: (-0.6, 1.3, 1.8) 14
[17:39:22.171]: (-0.6, 1.3, 1.8) 14
[17:39:22.328]: (-0.7, 1.2, 2.1) 19
[17:39:22.350]: (-0.7, 1.2, 2.1) 19
[17:39:22.372]: (-0.7, 1.2, 2.1) 19
[17:39:22.393]: (-0.7, 1.3, 2.1) 19
[17:39:22.410]: (-0.7, 1.3, 2.1) 19
[17:39:22.426]: (-0.7, 1.3, 2.1) 19
[17:39:22.441]: (-0.7, 1.3, 2.1) 19
[17:39:22.458]: (-0.7, 1.3, 2.1) 19
[17:39:22.474]: (-0.7, 1.3, 2.1) 19
[17:39:22.491]: (-0.7, 1.3, 2.1) 19
[17:39:22.507]: (-0.7, 1.2, 2.1) 19
[17:39:22.522]: (-0.7, 1.2, 2.1) 19
[17:39:22.539]: (-0.7, 1.3, 2.1) 19
[17:39:22.555]: (-0.7, 1.2, 2.1) 19
[17:39:22.572]: (-0.7, 1.2, 2.1) 19
[17:39:22.587]: (-0.7, 1.2, 2.1) 19
[17:39:22.605]: (-0.7, 1.3, 2.1) 19
[17:39:22.620]: (-0.7, 1.3, 2.1) 19
[17:39:22.636]: (-0.7, 1.2, 2.1) 19
[17:39:22.653]: (-0.7, 1.2, 2.1) 19
[17:39:22.669]: (-0.7, 1.2, 2.1) 19
[17:39:22.685]: (-0.7, 1.2, 2.1) 19
[17:39:22.701]: (-0.7, 1.2, 2.1) 19
[17:39:22.717]: (-0.7, 1.2, 2.1) 19
[17:39:22.732]: (-0.7, 1.2, 1.8) 14
[17:39:22.749]: (-0.7, 1.2, 1.8) 14
[17:39:22.765]: (-0.7, 1.2, 1.8) 14
[17:39:22.781]: (-0.7, 1.2, 2.1) 19
[17:39:22.797]: (-0.7, 1.2, 2.1) 19
[17:39:22.813]: (-0.7, 1.2, 1.8) 14
[17:39:22.830]: (-0.7, 1.2, 2.1) 19
[17:39:22.849]: (-0.7, 1.2, 2.1) 19
[17:39:22.871]: (-0.7, 1.2, 2.1) 19
[17:39:22.893]: (-0.7, 1.2, 2.1) 19
[17:39:22.916]: (-0.7, 1.2, 2.1) 19
[17:39:22.938]: (-0.7, 1.2, 2.1) 19
[17:39:22.959]: (-0.7, 1.2, 2.1) 19
[17:39:22.984]: (-0.7, 1.2, 2.1) 19
[17:39:23.006]: (-0.7, 1.2, 2.1) 19
[17:39:23.028]: (-0.7, 1.2, 2.1) 19
[17:39:23.049]: (-0.7, 1.2, 2.1) 19
[17:39:23.071]: (-0.7, 1.2, 2.1) 19
[17:39:23.095]: (-0.7, 1.2, 2.1) 19
[17:39:23.116]: (-0.7, 1.2, 2.1) 19
[17:39:23.137]: (-0.7, 1.2, 2.1) 19
[17:39:23.160]: (-0.6, 1.2, 1.8) 14
[17:39:23.182]: (-0.7, 1.3, 2.1) 19
[17:39:23.210]: (-0.7, 1.3, 2.1) 19
[17:39:23.227]: (-0.7, 1.3, 2.1) 19
[17:39:23.251]: (-0.7, 1.3, 2.1) 19
[17:39:23.273]: (-0.7, 1.3, 2.1) 19
[17:39:23.292]: (-0.7, 1.3, 2.1) 19
[17:39:23.311]: (-0.7, 1.3, 2.0) 12
[17:39:23.348]: (-0.7, 1.3, 2.1) 12
[17:39:23.367]: (-0.7, 1.3, 2.0) 12
[17:39:23.385]: (-0.7, 1.3, 2.0) 12
[17:39:23.404]: (-0.7, 1.3, 2.0) 12
[17:39:23.423]: (-0.7, 1.3, 2.0) 12
[17:39:23.441]: (-0.7, 1.3, 2.0) 12
[17:39:23.460]: (-0.7, 1.3, 2.0) 12
[17:39:23.477]: (-0.6, 1.3, 2.0) 12
[17:39:23.496]: (-0.7, 1.3, 2.0) 12
[17:39:23.513]: (-0.7, 1.3, 2.0) 12
[17:39:23.532]: (-0.7, 1.3, 2.0) 12
[17:39:23.549]: (-0.6, 1.3, 2.0) 12
[17:39:23.566]: (-0.6, 1.3, 2.0) 12
[17:39:23.588]: (-0.6, 1.3, 2.0) 12
[17:39:23.605]: (-0.6, 1.3, 2.0) 12
[17:39:23.622]: (-0.6, 1.3, 2.0) 12
[17:39:23.642]: (-0.7, 1.3, 2.0) 12
[17:39:23.660]: (-0.6, 1.2, 1.8) 14
[17:39:23.676]: (-0.6, 1.2, 1.8) 14
[17:39:23.692]: (-0.6, 1.2, 1.8) 14
[17:39:23.710]: (-0.6, 1.2, 1.8) 14
[17:39:23.727]: (-0.6, 1.2, 1.8) 14
[17:39:23.744]: (-0.6, 1.2, 1.8) 14
[17:39:23.761]: (-0.6, 1.2, 1.8) 14
[17:39:23.780]: (-0.6, 1.2, 1.8) 14
[17:39:23.797]: (-0.6, 1.2, 1.8) 14
[17:39:23.814]: (-0.6, 1.2, 1.8) 14
[17:39:23.832]: (-0.7, 1.2, 1.8) 14
[17:39:23.849]: (-0.7, 1.2, 1.8) 14
[17:39:23.873]: (-0.7, 1.2, 1.8) 14
[17:39:24.015]: (-0.7, 1.2, 1.8) 14
[17:39:24.317]: (-0.7, 1.3, 2.0) 12
[17:39:24.337]: (-0.6, 1.3, 1.8) 14
[17:39:24.365]: (-0.6, 1.2, 1.8) 14
[17:39:24.385]: (-0.6, 1.2, 1.8) 14
[17:39:24.406]: (-0.6, 1.2, 1.8) 14
[17:39:24.423]: (-0.6, 1.2, 1.8) 14
[17:39:24.440]: (-0.6, 1.2, 1.8) 14
[17:39:24.458]: (-0.6, 1.2, 1.8) 14
[17:39:24.478]: (-0.6, 1.2, 1.8) 14
[17:39:24.495]: (-0.6, 1.2, 1.8) 14
[17:39:24.511]: (-0.6, 1.2, 1.8) 14
[17:39:24.528]: (-0.6, 1.2, 1.8) 14
[17:39:24.544]: (-0.6, 1.2, 1.8) 14
[17:39:24.560]: (-0.6, 1.2, 1.8) 14
[17:39:24.576]: (-0.6, 1.2, 1.8) 14
[17:39:24.592]: (-0.6, 1.2, 1.8) 14
[17:39:24.609]: (-0.6, 1.2, 1.8) 14
[17:39:24.625]: (-0.6, 1.2, 1.8) 14
[17:39:24.641]: (-0.6, 1.3, 1.9) 14
[17:39:24.657]: (-0.6, 1.3, 2.0) 12
[17:39:24.673]: (-0.6, 1.3, 2.0) 12
[17:39:24.689]: (-0.6, 1.3, 2.0) 12
[17:39:24.706]: (-0.6, 1.3, 2.0) 12
[17:39:24.724]: (-0.6, 1.3, 2.0) 12
[17:39:24.741]: (-0.6, 1.3, 1.8) 14
[17:39:24.757]: (-0.7, 1.3, 2.0) 12
[17:39:24.774]: (-0.6, 1.3, 2.0) 12
[17:39:24.791]: (-0.6, 1.3, 2.0) 12
[17:39:24.807]: (-0.6, 1.3, 2.0) 12
[17:39:24.826]: (-0.6, 1.3, 2.0) 12
[17:39:24.871]: (-0.5, 1.3, 2.1) 11
[17:39:24.893]: (-0.5, 1.3, 2.1) 11
[17:39:24.915]: (-0.5, 1.3, 2.1) 11
[17:39:24.937]: (-0.5, 1.2, 2.1) 11
[17:39:24.961]: (-0.5, 1.3, 2.1) 11
[17:39:24.983]: (-0.5, 1.3, 2.1) 11
[17:39:25.005]: (-0.5, 1.3, 2.1) 11
[17:39:25.026]: (-0.5, 1.3, 2.1) 11
[17:39:25.469]: (-0.5, 1.2, 2.1) 11
[17:39:25.486]: (-0.5, 1.2, 2.1) 11
[17:39:25.517]: (-0.6, 1.2, 1.8) 14
[17:39:25.533]: (-0.6, 1.2, 1.9) 9
[17:39:25.550]: (-0.6, 1.2, 1.9) 9
[17:39:25.565]: (-0.6, 1.2, 1.8) 14
[17:39:25.581]: (-0.6, 1.2, 1.8) 14
[17:39:25.598]: (-0.6, 1.2, 1.9) 9
[17:39:25.614]: (-0.5, 1.2, 1.9) 9
[17:39:25.630]: (-0.6, 1.2, 1.9) 9
[17:39:25.661]: (-0.6, 1.2, 1.9) 9
[17:39:25.677]: (-0.6, 1.2, 1.8) 14
[17:39:25.694]: (-0.6, 1.2, 1.8) 14
[17:39:25.710]: (-0.6, 1.2, 1.8) 14
[17:39:25.725]: (-0.6, 1.2, 1.8) 14
[17:39:25.742]: (-0.6, 1.2, 1.8) 14
[17:39:25.758]: (-0.6, 1.2, 1.8) 14
[17:39:25.783]: (-0.6, 1.2, 1.8) 14
[17:39:25.806]: (-0.6, 1.2, 1.8) 14
[17:39:25.825]: (-0.6, 1.2, 1.8) 14
[17:39:25.848]: (-0.6, 1.2, 1.8) 14
[17:39:25.870]: (-0.6, 1.2, 1.8) 14
[17:39:25.893]: (-0.6, 1.2, 1.8) 14
[17:39:25.915]: (-0.6, 1.2, 1.8) 14
[17:39:25.939]: (-0.6, 1.2, 1.8) 14
[17:39:25.959]: (-0.6, 1.2, 1.8) 14
[17:39:25.982]: (-0.6, 1.2, 1.8) 14
[17:39:26.006]: (-0.6, 1.2, 1.8) 14
[17:39:26.025]: (-0.6, 1.2, 1.8) 14
[17:39:26.048]: (-0.6, 1.2, 1.8) 14
[17:39:26.070]: (-0.6, 1.2, 1.8) 14
[17:39:26.094]: (-0.6, 1.2, 1.8) 14
[17:39:26.116]: (-0.6, 1.2, 1.8) 14
[17:39:26.137]: (-0.6, 1.2, 1.8) 14
[17:39:26.159]: (-0.6, 1.2, 1.8) 14
[17:39:26.175]: (-0.6, 1.1, 1.8) 14
[17:39:26.191]: (-0.6, 1.1, 1.8) 14
[17:39:26.298]: (-0.6, 1.2, 1.8) 14
[17:39:26.314]: (-0.6, 1.2, 1.8) 14
[17:39:26.330]: (-0.6, 1.2, 1.8) 14
[17:39:26.347]: (-0.6, 1.2, 1.8) 14
[17:39:26.364]: (-0.6, 1.2, 1.8) 14
[17:39:26.380]: (-0.6, 1.2, 1.8) 14
[17:39:26.397]: (-0.6, 1.2, 1.8) 14
[17:39:26.415]: (-0.6, 1.2, 1.8) 14
[17:39:26.434]: (-0.6, 1.2, 1.8) 14
[17:39:26.449]: (-0.6, 1.2, 1.8) 14
[17:39:26.464]: (-0.6, 1.2, 1.8) 14
[17:39:26.480]: (-0.6, 1.2, 1.8) 14
[17:39:26.497]: (-0.6, 1.2, 1.8) 14
[17:39:26.512]: (-0.6, 1.2, 1.8) 14
[17:39:26.528]: (-0.6, 1.2, 1.8) 14
[17:39:26.544]: (-0.6, 1.2, 1.8) 14
[17:39:26.560]: (-0.6, 1.2, 1.8) 14
[17:39:26.581]: (-0.6, 1.2, 1.8) 14
[17:39:26.606]: (-0.6, 1.2, 1.8) 14
[17:39:26.625]: (-0.6, 1.2, 1.8) 14
[17:39:26.648]: (-0.6, 1.2, 1.8) 14
[17:39:26.670]: (-0.6, 1.2, 1.8) 14
[17:39:26.695]: (-0.6, 1.2, 1.8) 14
[17:39:26.715]: (-0.6, 1.2, 1.8) 14
[17:39:26.737]: (-0.6, 1.2, 1.8) 14
[17:39:26.759]: (-0.6, 1.2, 1.9) 9
[17:39:26.781]: (-0.6, 1.2, 1.8) 14
[17:39:26.807]: (-0.6, 1.2, 1.9) 9
[17:39:26.824]: (-0.6, 1.2, 1.9) 9
[17:39:26.848]: (-0.6, 1.2, 1.9) 9
[17:39:26.870]: (-0.6, 1.2, 1.9) 9
[17:39:26.892]: (-0.6, 1.2, 1.9) 9
[17:39:26.915]: (-0.6, 1.2, 1.9) 9
[17:39:26.937]: (-0.6, 1.2, 1.9) 9
[17:39:26.959]: (-0.6, 1.2, 1.9) 9
[17:39:26.982]: (-0.6, 1.2, 1.9) 9
[17:39:27.005]: (-0.6, 1.2, 1.9) 9
[17:39:27.025]: (-0.6, 1.1, 1.9) 9
[17:39:27.048]: (-0.6, 1.1, 1.9) 9
[17:39:27.065]: (-0.6, 1.1, 1.9) 9
[17:39:27.190]: (-0.6, 1.1, 1.9) 9
[17:39:27.208]: (-0.6, 1.1, 1.9) 9
[17:39:27.342]: (-0.6, 1.1, 1.9) 9
[17:39:27.358]: (-0.6, 1.1, 1.9) 9
[17:39:27.375]: (-0.6, 1.1, 1.9) 9
[17:39:27.392]: (-0.6, 1.2, 1.9) 9
[17:39:27.409]: (-0.6, 1.2, 1.9) 9
[17:39:27.426]: (-0.6, 1.2, 1.9) 9
[17:39:27.442]: (-0.6, 1.2, 1.9) 9
[17:39:27.458]: (-0.6, 1.2, 1.9) 9
[17:39:27.481]: (-0.6, 1.2, 1.9) 9
[17:39:27.505]: (-0.6, 1.2, 1.9) 9
[17:39:27.526]: (-0.6, 1.2, 1.9) 9
[17:39:27.548]: (-0.6, 1.2, 1.8) 14
[17:39:27.570]: (-0.6, 1.2, 1.8) 14
[17:39:28.232]: (-0.5, 1.2, 1.9) 10
[17:39:28.282]: (-0.5, 1.2, 1.9) 9
[17:39:28.298]: (-0.5, 1.2, 1.9) 9
[17:39:28.346]: (-0.6, 1.2, 1.9) 9
[17:39:28.364]: (-0.6, 1.2, 1.9) 9
[17:39:28.381]: (-0.6, 1.2, 1.8) 14
[17:39:28.405]: (-0.6, 1.2, 1.8) 14
[17:39:28.426]: (-0.6, 1.2, 1.9) 14
[17:39:28.448]: (-0.6, 1.2, 1.9) 9
[17:39:28.470]: (-0.6, 1.2, 1.9) 9
[17:39:28.492]: (-0.5, 1.2, 1.9) 9
[17:39:28.514]: (-0.5, 1.2, 1.9) 9
[17:39:28.536]: (-0.5, 1.2, 1.9) 9
[17:39:28.559]: (-0.5, 1.2, 1.9) 9
[17:39:28.580]: (-0.5, 1.2, 1.9) 9
[17:39:28.625]: (-0.5, 1.2, 2.1) 11
[17:39:28.648]: (-0.6, 1.2, 1.8) 14
[17:39:28.670]: (-0.6, 1.2, 1.8) 14
[17:39:28.693]: (-0.6, 1.2, 1.8) 14
[17:39:28.714]: (-0.6, 1.2, 1.8) 14
[17:39:28.736]: (-0.6, 1.2, 1.8) 14
[17:39:28.759]: (-0.6, 1.2, 1.8) 14
[17:39:28.783]: (-0.6, 1.2, 1.8) 14
[17:39:28.803]: (-0.6, 1.2, 1.8) 14
[17:39:28.820]: (-0.6, 1.2, 1.8) 14
[17:39:28.836]: (-0.6, 1.2, 1.8) 14
[17:39:28.854]: (-0.6, 1.2, 1.8) 14
[17:39:28.873]: (-0.6, 1.2, 1.8) 14
[17:39:28.890]: (-0.6, 1.2, 1.8) 14
[17:39:28.909]: (-0.6, 1.2, 1.8) 14
[17:39:28.927]: (-0.6, 1.2, 1.8) 14
[17:39:28.946]: (-0.6, 1.2, 1.8) 14
[17:39:28.962]: (-0.6, 1.2, 1.8) 14
[17:39:28.977]: (-0.6, 1.2, 1.8) 14
[17:39:28.999]: (-0.6, 1.2, 1.8) 14
[17:39:29.016]: (-0.6, 1.2, 1.8) 14
[17:39:29.032]: (-0.6, 1.2, 1.8) 14
[17:39:29.048]: (-0.6, 1.2, 1.8) 14
[17:39:29.066]: (-0.6, 1.2, 1.8) 14
[17:39:29.083]: (-0.6, 1.2, 1.8) 14
[17:39:29.100]: (-0.6, 1.2, 1.8) 14
[17:39:29.117]: (-0.6, 1.2, 1.8) 14
[17:39:29.135]: (-0.6, 1.2, 1.8) 14
[17:39:29.152]: (-0.6, 1.2, 1.8) 14
[17:39:29.172]: (-0.6, 1.2, 1.8) 14
