[17:44:01.685]: (-2.9, -1.2, -0.2) 68
[17:44:01.704]: (-2.8, -1.2, -0.2) 68
[17:44:01.749]: (-2.8, -1.2, 0.0) 69
[17:44:01.770]: (-2.3, -0.7, 0.0) 42
[17:44:01.793]: (-2.3, -0.6, 0.0) 42
[17:44:01.837]: (-2.3, -0.6, 0.0) 42
[17:44:01.903]: (-2.3, -0.6, 0.0) 42
[17:44:01.926]: (-2.3, -0.7, 0.0) 42
[17:44:01.949]: (-2.3, -0.6, 0.0) 42
[17:44:01.970]: (-2.3, -0.6, 0.0) 42
[17:44:02.037]: (-2.1, -0.6, -0.1) 44
[17:44:02.059]: (-2.1, -0.6, -0.1) 44
[17:44:02.081]: (-2.1, -0.6, -0.1) 44
[17:44:02.103]: (-2.0, -0.7, -0.1) 44
[17:44:02.127]: (-2.0, -0.7, -0.1) 44
[17:44:02.148]: (-2.1, -0.6, -0.1) 44
[17:44:02.171]: (-2.1, -0.6, 0.0) 44
[17:44:02.196]: (-2.1, -0.6, 0.0) 44
[17:44:02.219]: (-2.1, -0.6, 0.0) 44
[17:44:02.241]: (-2.1, -0.6, 0.0) 44
[17:44:02.285]: (-2.1, -0.7, 0.0) 44
[17:44:02.307]: (-2.1, -0.6, -0.1) 44
[17:44:02.331]: (-2.3, -0.8, 0.0) 31
[17:44:02.353]: (-2.2, -0.8, 0.0) 31
[17:44:02.374]: (-2.2, -0.8, 0.0) 31
[17:44:02.396]: (-2.2, -0.8, 0.0) 31
[17:44:02.419]: (-2.2, -0.8, 0.0) 31
[17:44:02.441]: (-2.2, -0.8, 0.0) 31
[17:44:02.463]: (-2.2, -0.8, 0.0) 31
[17:44:02.487]: (-2.3, -0.7, 0.0) 31
[17:44:02.508]: (-2.3, -0.8, 0.0) 31
[17:44:02.530]: (-2.2, -0.7, 0.0) 42
[17:44:02.552]: (-2.2, -0.8, 0.0) 31
[17:44:02.574]: (-2.2, -0.8, 0.0) 31
[17:44:02.601]: (-2.2, -0.8, 0.0) 31
[17:44:02.630]: (-2.1, -0.6, 0.0) 44
[17:44:02.649]: (-2.1, -0.6, 0.0) 44
[17:44:02.671]: (-2.1, -0.6, 0.0) 44
[17:44:02.694]: (-2.1, -0.6, 0.0) 34
[17:44:03.639]: (-0.9, 1.5, 3.0) 26
[17:44:04.092]: (0.2, 1.6, 2.4) 46
[17:44:04.115]: (0.4, 1.6, 2.5) 34
[17:44:04.137]: (0.4, 1.5, 2.5) 34
[17:44:04.158]: (0.3, 1.5, 2.5) 34
[17:44:04.181]: (0.3, 1.5, 2.7) 33
[17:44:04.203]: (0.3, 1.5, 2.7) 32
[17:44:04.226]: (0.3, 1.5, 2.6) 32
[17:44:04.248]: (0.3, 1.5, 2.7) 33
[17:44:04.278]: (0.2, 1.5, 2.5) 36
[17:44:04.297]: (0.2, 1.5, 2.5) 36
[17:44:04.319]: (0.2, 1.5, 2.4) 46
[17:44:04.344]: (0.2, 1.5, 2.4) 46
[17:44:04.361]: (0.1, 1.5, 2.4) 46
[17:44:04.380]: (0.1, 1.5, 2.4) 46
[17:44:04.402]: (0.1, 1.5, 2.5) 36
[17:44:04.425]: (0.1, 1.5, 2.5) 36
[17:44:04.448]: (0.1, 1.5, 2.4) 46
[17:44:04.470]: (0.1, 1.5, 2.5) 36
[17:44:04.492]: (0.1, 1.5, 2.6) 37
[17:44:04.514]: (0.1, 1.5, 2.6) 37
[17:44:04.536]: (0.1, 1.5, 2.6) 37
[17:44:04.558]: (0.1, 1.5, 2.6) 37
[17:44:04.604]: (-0.4, 1.3, 1.8) 0
[17:44:04.846]: (-0.5, 1.2, 1.7) 3
[17:44:04.869]: (-0.6, 1.2, 1.9) 2
[17:44:04.894]: (-0.6, 1.2, 1.9) 2
[17:44:04.914]: (-0.6, 1.2, 1.9) 2
[17:44:04.936]: (-0.6, 1.2, 1.9) 2
[17:44:04.958]: (-0.6, 1.2, 1.9) 2
[17:44:04.980]: (-0.6, 1.2, 1.9) 2
[17:44:05.003]: (-0.5, 1.2, 1.7) 3
[17:44:05.029]: (-0.5, 1.2, 1.6) 8
[17:44:05.047]: (-0.5, 1.3, 1.6) 8
[17:44:05.070]: (-0.5, 1.3, 1.9) 2
[17:44:05.092]: (-0.5, 1.3, 1.9) 2
[17:44:05.114]: (-0.5, 1.3, 1.7) 3
[17:44:05.137]: (-0.5, 1.3, 1.6) 8
[17:44:05.157]: (-0.5, 1.3, 1.6) 8
[17:44:05.180]: (-0.5, 1.3, 1.7) 3
[17:44:05.622]: (0.4, 1.8, 2.6) 33
[17:44:05.644]: (0.4, 1.8, 2.3) 36
[17:44:05.664]: (0.3, 1.7, 2.2) 46
[17:44:05.685]: (0.3, 1.7, 2.2) 46
[17:44:05.707]: (0.3, 1.7, 2.2) 46
[17:44:05.729]: (0.3, 1.7, 2.3) 36
[17:44:05.751]: (0.3, 1.8, 2.3) 36
[17:44:05.793]: (0.3, 1.8, 2.2) 46
[17:44:05.814]: (0.4, 1.8, 2.6) 33
[17:44:05.855]: (0.4, 1.8, 2.6) 33
[17:44:05.963]: (0.4, 1.8, 2.5) 32
[17:44:05.985]: (0.4, 1.8, 2.6) 33
[17:44:06.008]: (0.3, 1.8, 2.5) 33
[17:44:06.030]: (0.4, 1.8, 2.5) 33
[17:44:06.059]: (0.3, 1.8, 2.2) 46
[17:44:06.092]: (0.4, 2.0, 3.4) 65
[17:44:06.193]: (0.1, 1.7, 2.4) 47
[17:44:06.391]: (-0.4, 1.5, 1.9) 7
[17:44:06.424]: (-0.4, 1.5, 1.9) 7
[17:44:06.458]: (-0.4, 1.5, 1.9) 7
[17:44:06.493]: (-0.4, 1.5, 1.9) 7
[17:44:06.526]: (-0.4, 1.5, 1.9) 7
[17:44:06.558]: (-0.4, 1.4, 1.9) 7
[17:44:06.592]: (-0.4, 1.4, 1.9) 7
[17:44:06.625]: (-0.4, 1.4, 1.9) 7
[17:44:06.658]: (-0.4, 1.5, 1.9) 7
[17:44:06.692]: (-0.4, 1.5, 1.9) 7
[17:44:06.712]: (-0.4, 1.4, 1.8) 2
[17:44:06.824]: (-0.5, 1.3, 1.6) 3
[17:44:06.869]: (-0.5, 1.3, 1.6) 3
[17:44:06.890]: (-0.5, 1.3, 1.6) 3
[17:44:06.913]: (-0.4, 1.3, 1.6) 3
[17:44:06.936]: (-0.5, 1.3, 1.8) 2
[17:44:06.957]: (-0.4, 1.3, 1.6) 3
[17:44:06.979]: (-0.4, 1.3, 1.6) 3
[17:44:07.003]: (-0.4, 1.3, 1.6) 3
[17:44:07.025]: (-0.4, 1.3, 1.6) 3
[17:44:07.046]: (-0.4, 1.3, 1.6) 3
[17:44:07.068]: (-0.3, 1.4, 1.7) 0
[17:44:07.113]: (0.2, 1.6, 2.4) 37
[17:44:07.291]: (0.2, 1.6, 2.4) 37
[17:44:07.313]: (0.2, 1.6, 2.4) 47
[17:44:07.628]: (0.2, 1.6, 2.4) 47
[17:44:07.651]: (0.2, 1.6, 2.4) 47
[17:44:07.672]: (0.2, 1.6, 2.4) 47
[17:44:07.695]: (0.2, 1.6, 2.4) 47
[17:44:08.047]: (0.1, 1.6, 2.4) 47
[17:44:08.129]: (0.5, 1.7, 3.3) 65
[17:44:08.150]: (0.5, 1.7, 3.3) 65
[17:44:08.173]: (0.6, 1.7, 3.6) 63
[17:44:08.257]: (0.6, 1.7, 3.5) 63
[17:44:08.298]: (0.5, 1.7, 3.3) 65
[17:44:08.318]: (0.5, 1.7, 3.3) 65
[17:44:08.382]: (0.4, 1.5, 2.3) 37
[17:44:09.065]: (-0.4, 1.6, 2.6) 22
[17:44:09.101]: (-0.4, 1.6, 2.5) 22
[17:44:09.121]: (-0.4, 1.7, 2.7) 12
[17:44:09.137]: (-0.5, 1.6, 2.6) 14
[17:44:09.153]: (-0.5, 1.6, 2.5) 22
[17:44:09.169]: (-0.5, 1.6, 2.5) 22
[17:44:09.185]: (-0.4, 1.6, 2.5) 22
[17:44:09.201]: (-0.5, 1.6, 2.5) 22
[17:44:09.216]: (-0.5, 1.6, 2.6) 14
[17:44:09.235]: (-0.5, 1.6, 2.5) 22
[17:44:09.253]: (-0.5, 1.6, 2.6) 14
[17:44:09.270]: (-0.5, 1.7, 2.6) 14
[17:44:09.286]: (-0.5, 1.6, 2.6) 14
[17:44:09.303]: (-0.5, 1.7, 2.7) 12
[17:44:09.320]: (-0.5, 1.7, 2.6) 14
[17:44:09.337]: (-0.5, 1.6, 2.6) 14
[17:44:09.355]: (-0.5, 1.6, 2.6) 22
[17:44:09.372]: (-0.5, 1.6, 2.6) 14
[17:44:09.405]: (-0.6, 1.6, 2.6) 16
[17:44:09.421]: (-0.6, 1.6, 2.6) 16
[17:44:09.438]: (-0.6, 1.6, 2.6) 16
[17:44:09.455]: (-0.6, 1.6, 2.6) 16
[17:44:09.470]: (-0.6, 1.6, 2.6) 16
[17:44:09.487]: (-0.6, 1.6, 2.6) 16
[17:44:09.612]: (-0.6, 1.6, 2.6) 14
[17:44:09.636]: (-0.5, 1.6, 2.6) 14
[17:44:09.656]: (-0.5, 1.6, 2.6) 14
[17:44:09.745]: (-0.5, 1.6, 2.6) 14
[17:44:09.767]: (-0.5, 1.6, 2.6) 14
[17:44:09.872]: (-0.5, 1.6, 2.6) 14
[17:44:09.888]: (-0.5, 1.6, 2.6) 14
[17:44:09.905]: (-0.5, 1.6, 2.6) 14
[17:44:09.922]: (-0.5, 1.7, 2.6) 14
[17:44:09.945]: (-0.5, 1.7, 2.6) 14
[17:44:09.967]: (-0.5, 1.7, 2.6) 14
[17:44:10.016]: (-0.5, 1.6, 2.6) 14
[17:44:10.035]: (-0.6, 1.6, 2.6) 14
[17:44:10.053]: (-0.5, 1.6, 2.6) 14
[17:44:10.069]: (-0.5, 1.6, 2.6) 14
[17:44:10.085]: (-0.5, 1.6, 2.6) 14
[17:44:10.103]: (-0.5, 1.6, 2.6) 14
[17:44:10.121]: (-0.2, 1.6, 2.6) 28
[17:44:10.325]: (0.4, 1.6, 2.4) 35
[17:44:10.341]: (0.4, 1.6, 2.3) 37
[17:44:10.358]: (0.4, 1.5, 2.3) 37
[17:44:10.391]: (0.4, 1.5, 2.1) 46
[17:44:10.412]: (0.4, 1.6, 2.4) 35
[17:44:10.479]: (0.4, 1.6, 2.4) 35
[17:44:10.500]: (0.4, 1.5, 2.3) 37
[17:44:10.545]: (0.4, 1.5, 2.1) 46
[17:44:10.568]: (0.4, 1.5, 2.1) 46
[17:44:10.590]: (0.5, 1.6, 2.4) 35
[17:44:10.745]: (0.8, 1.7, 3.0) 64
[17:44:10.768]: (0.8, 1.7, 3.0) 64
[17:44:10.789]: (0.8, 1.7, 3.0) 64
[17:44:10.812]: (0.8, 1.7, 3.1) 64
[17:44:10.834]: (0.8, 1.7, 3.1) 64
[17:44:11.221]: (0.7, 1.7, 3.2) 65
[17:44:11.239]: (0.7, 1.7, 3.3) 65
[17:44:11.738]: (-0.3, 1.7, 2.6) 28
[17:44:11.755]: (-0.3, 1.7, 2.7) 20
[17:44:11.789]: (-0.3, 1.6, 2.7) 20
[17:44:11.806]: (-0.3, 1.6, 2.7) 20
[17:44:11.857]: (-0.4, 1.7, 2.7) 12
[17:44:11.909]: (-0.4, 1.7, 2.7) 12
[17:44:11.927]: (-0.4, 1.7, 2.7) 12
[17:44:11.943]: (-0.4, 1.7, 2.7) 12
[17:44:11.961]: (-0.4, 1.7, 2.7) 12
[17:44:11.979]: (-0.4, 1.6, 2.7) 12
[17:44:11.997]: (-0.4, 1.6, 2.7) 12
[17:44:12.034]: (-0.4, 1.6, 2.6) 22
[17:44:12.053]: (-0.5, 1.6, 2.6) 14
[17:44:12.070]: (-0.5, 1.6, 2.6) 14
[17:44:12.121]: (-0.5, 1.6, 2.6) 14
[17:44:12.138]: (-0.6, 1.6, 2.6) 14
[17:44:12.157]: (-0.5, 1.6, 2.6) 14
[17:44:12.175]: (-0.5, 1.6, 2.6) 14
[17:44:12.192]: (-0.5, 1.6, 2.6) 14
[17:44:12.212]: (-0.5, 1.6, 2.6) 14
[17:44:12.234]: (-0.5, 1.6, 2.6) 14
[17:44:12.257]: (-0.5, 1.6, 2.6) 14
[17:44:12.279]: (-0.5, 1.6, 2.6) 14
[17:44:12.301]: (-0.5, 1.6, 2.5) 22
[17:44:12.323]: (-0.5, 1.6, 2.6) 14
[17:44:12.345]: (-0.5, 1.6, 2.6) 14
[17:44:12.390]: (-0.5, 1.6, 2.6) 14
[17:44:12.413]: (-0.5, 1.6, 2.6) 14
[17:44:12.435]: (-0.6, 1.6, 2.6) 14
[17:44:12.456]: (-0.5, 1.6, 2.6) 14
[17:44:12.480]: (-0.5, 1.6, 2.6) 14
[17:44:12.499]: (-0.5, 1.6, 2.6) 14
[17:44:12.523]: (-0.5, 1.6, 2.6) 14
[17:44:12.543]: (-0.5, 1.6, 2.6) 14
[17:44:12.566]: (-0.5, 1.6, 2.6) 14
[17:44:12.589]: (-0.5, 1.6, 2.6) 14
[17:44:12.635]: (-0.5, 1.2, 1.8) 4
[17:44:12.655]: (-0.5, 1.3, 1.7) 4
[17:44:12.687]: (-0.5, 1.2, 1.8) 4
[17:44:12.734]: (-0.5, 1.2, 1.8) 4
[17:44:12.751]: (-0.5, 1.2, 1.8) 4
[17:44:12.767]: (-0.5, 1.2, 1.8) 4
[17:44:12.905]: (-0.5, 1.3, 1.7) 4
[17:44:12.937]: (-0.5, 1.6, 2.6) 14
[17:44:12.954]: (-0.5, 1.6, 2.6) 14
[17:44:12.970]: (-0.5, 1.6, 2.6) 14
[17:44:12.987]: (-0.5, 1.6, 2.6) 14
[17:44:13.035]: (-0.5, 1.6, 2.6) 14
[17:44:13.053]: (-0.5, 1.6, 2.6) 14
[17:44:13.166]: (-0.5, 1.6, 2.6) 22
[17:44:13.189]: (-0.5, 1.6, 2.6) 22
[17:44:13.210]: (-0.5, 1.6, 2.6) 22
[17:44:13.235]: (-0.5, 1.6, 2.6) 22
[17:44:13.256]: (-0.5, 1.6, 2.5) 22
[17:44:13.277]: (-0.5, 1.6, 2.5) 22
[17:44:13.299]: (-0.5, 1.6, 2.6) 14
[17:44:13.323]: (-0.5, 1.6, 2.6) 14
[17:44:13.344]: (-0.5, 1.6, 2.6) 14
[17:44:13.367]: (-0.5, 1.6, 2.6) 14
[17:44:13.388]: (-0.5, 1.6, 2.6) 14
[17:44:13.411]: (-0.5, 1.6, 2.6) 14
[17:44:13.432]: (-0.5, 1.6, 2.6) 14
[17:44:13.455]: (-0.5, 1.6, 2.6) 14
[17:44:13.478]: (-0.5, 1.6, 2.6) 14
[17:44:13.500]: (-0.5, 1.6, 2.6) 14
[17:44:13.521]: (-0.5, 1.6, 2.6) 14
[17:44:13.538]: (-0.5, 1.6, 2.6) 14
[17:44:13.554]: (-0.5, 1.6, 2.6) 14
[17:44:13.570]: (-0.6, 1.6, 2.6) 16
[17:44:13.586]: (-0.6, 1.6, 2.6) 16
[17:44:13.602]: (-0.6, 1.6, 2.6) 16
[17:44:13.617]: (-0.6, 1.6, 2.6) 16
[17:44:13.667]: (-0.6, 1.6, 2.6) 16
[17:44:13.686]: (-0.6, 1.6, 2.6) 16
[17:44:13.703]: (-0.6, 1.6, 2.6) 16
[17:44:13.719]: (-0.6, 1.6, 2.6) 16
[17:44:13.737]: (-0.6, 1.6, 2.6) 16
[17:44:13.756]: (-0.6, 1.6, 2.6) 16
[17:44:13.773]: (-0.6, 1.6, 2.6) 16
[17:44:13.898]: (-0.5, 1.6, 2.6) 14
[17:44:13.915]: (-0.5, 1.6, 2.6) 14
[17:44:13.931]: (-0.5, 1.6, 2.6) 14
[17:44:13.948]: (-0.5, 1.6, 2.6) 14
[17:44:13.964]: (-0.5, 1.6, 2.6) 14
[17:44:13.979]: (-0.5, 1.6, 2.6) 14
[17:44:14.000]: (-0.5, 1.6, 2.6) 22
[17:44:14.026]: (-0.5, 1.6, 2.6) 22
[17:44:14.046]: (-0.5, 1.6, 2.5) 22
[17:44:14.066]: (-0.5, 1.6, 2.6) 22
[17:44:14.111]: (-0.5, 1.2, 1.8) 4
[17:44:14.133]: (-0.5, 1.2, 1.5) 5
[17:44:14.155]: (-0.5, 1.2, 1.6) 5
[17:44:14.177]: (-0.5, 1.2, 1.5) 5
[17:44:14.198]: (-0.5, 1.2, 1.5) 5
[17:44:14.222]: (-0.5, 1.2, 1.5) 5
[17:44:14.244]: (-0.5, 1.2, 1.6) 5
[17:44:14.266]: (-0.5, 1.2, 1.5) 5
[17:44:14.288]: (-0.5, 1.2, 1.5) 5
[17:44:14.310]: (-0.5, 1.2, 1.5) 5
[17:44:14.332]: (-0.5, 1.2, 1.5) 5
[17:44:14.355]: (-0.5, 1.2, 1.5) 5
[17:44:14.377]: (-0.5, 1.2, 1.5) 5
[17:44:14.398]: (-0.5, 1.2, 1.5) 5
[17:44:14.423]: (-0.5, 1.2, 1.5) 5
[17:44:14.439]: (-0.5, 1.2, 1.5) 5
[17:44:14.456]: (-0.5, 1.2, 1.5) 5
[17:44:14.473]: (-0.5, 1.2, 1.5) 5
[17:44:14.489]: (-0.5, 1.2, 1.5) 5
[17:44:14.507]: (-0.5, 1.2, 1.5) 5
[17:44:14.522]: (-0.5, 1.2, 1.5) 5
[17:44:14.539]: (-0.5, 1.2, 1.5) 5
[17:44:14.557]: (-0.5, 1.2, 1.5) 5
[17:44:14.573]: (-0.5, 1.2, 1.5) 5
[17:44:14.589]: (-0.5, 1.2, 1.5) 5
[17:44:14.604]: (-0.5, 1.2, 1.5) 5
[17:44:14.620]: (-0.6, 1.2, 1.8) 4
[17:44:14.637]: (-0.5, 1.3, 1.7) 4
[17:44:14.727]: (-0.5, 1.6, 2.6) 14
[17:44:14.744]: (-0.5, 1.6, 2.6) 14
[17:44:14.759]: (-0.5, 1.6, 2.6) 14
[17:44:14.776]: (-0.5, 1.6, 2.6) 14
[17:44:14.793]: (-0.5, 1.6, 2.5) 22
[17:44:14.809]: (-0.5, 1.6, 2.5) 22
[17:44:14.825]: (-0.5, 1.6, 2.5) 22
[17:44:14.843]: (-0.5, 1.6, 2.5) 22
[17:44:14.859]: (-0.5, 1.6, 2.5) 22
[17:44:14.875]: (-0.4, 1.6, 2.5) 22
[17:44:14.892]: (-0.4, 1.6, 2.5) 22
[17:44:14.909]: (-0.4, 1.6, 2.5) 22
[17:44:14.932]: (-0.4, 1.6, 2.5) 22
[17:44:15.023]: (0.5, 1.5, 2.5) 33
[17:44:15.043]: (0.4, 1.5, 2.1) 46
[17:44:15.065]: (0.4, 1.5, 2.1) 46
[17:44:15.089]: (0.4, 1.5, 2.1) 46
[17:44:15.109]: (0.4, 1.5, 2.1) 46
[17:44:15.133]: (0.5, 1.6, 2.4) 35
[17:44:15.154]: (0.4, 1.5, 2.1) 46
[17:44:15.176]: (0.4, 1.5, 2.1) 46
[17:44:15.198]: (0.5, 1.5, 2.4) 35
[17:44:15.220]: (0.4, 1.5, 2.1) 46
[17:44:15.244]: (0.4, 1.5, 2.1) 46
[17:44:15.265]: (0.4, 1.5, 2.1) 46
[17:44:15.288]: (0.4, 1.5, 2.1) 46
[17:44:15.310]: (0.4, 1.5, 2.1) 46
[17:44:15.326]: (0.4, 1.5, 2.1) 46
[17:44:15.343]: (0.3, 1.4, 2.3) 37
[17:44:15.390]: (0.3, 1.5, 2.4) 37
[17:44:15.867]: (-0.5, 1.3, 1.8) 2
[17:44:15.888]: (-0.5, 1.2, 1.5) 5
[17:44:15.910]: (-0.6, 1.2, 1.6) 5
[17:44:15.932]: (-0.6, 1.2, 1.6) 5
[17:44:15.956]: (-0.6, 1.2, 1.5) 5
[17:44:15.977]: (-0.6, 1.2, 1.5) 5
[17:44:16.000]: (-0.6, 1.2, 1.5) 5
[17:44:16.022]: (-0.5, 1.2, 1.5) 5
[17:44:16.043]: (-0.6, 1.2, 1.5) 5
[17:44:16.066]: (-0.5, 1.2, 1.5) 5
[17:44:16.089]: (-0.6, 1.2, 1.6) 5
[17:44:16.112]: (-0.5, 1.2, 1.5) 5
[17:44:16.133]: (-0.5, 1.2, 1.5) 5
[17:44:16.155]: (-0.5, 1.2, 1.5) 5
[17:44:16.177]: (-0.5, 1.2, 1.5) 5
[17:44:16.195]: (-0.5, 1.2, 1.5) 5
[17:44:16.213]: (-0.5, 1.2, 1.5) 5
[17:44:16.229]: (-0.5, 1.2, 1.5) 5
[17:44:16.245]: (-0.5, 1.2, 1.5) 5
[17:44:16.262]: (-0.5, 1.2, 1.5) 5
[17:44:16.279]: (-0.5, 1.2, 1.5) 5
[17:44:16.295]: (-0.5, 1.2, 1.6) 5
[17:44:16.311]: (-0.5, 1.2, 1.5) 5
[17:44:16.329]: (-0.5, 1.2, 1.5) 5
[17:44:16.346]: (-0.5, 1.2, 1.5) 5
[17:44:16.363]: (-0.5, 1.2, 1.5) 5
[17:44:16.379]: (-0.5, 1.2, 1.5) 5
[17:44:16.396]: (-0.5, 1.2, 1.5) 5
[17:44:16.411]: (-0.5, 1.2, 1.5) 5
[17:44:16.427]: (-0.5, 1.2, 1.5) 5
[17:44:16.445]: (-0.6, 1.2, 1.5) 5
[17:44:16.463]: (-0.5, 1.2, 1.5) 5
[17:44:16.477]: (-0.5, 1.2, 1.5) 5
[17:44:16.495]: (-0.6, 1.2, 1.5) 5
[17:44:16.512]: (-0.5, 1.2, 1.5) 5
[17:44:16.529]: (-0.5, 1.2, 1.5) 5
[17:44:16.545]: (-0.5, 1.2, 1.5) 5
[17:44:16.563]: (-0.5, 1.2, 1.5) 5
[17:44:16.579]: (-0.5, 1.2, 1.5) 5
[17:44:16.597]: (-0.5, 1.2, 1.5) 5
[17:44:16.614]: (-0.5, 1.2, 1.5) 5
[17:44:16.631]: (-0.5, 1.2, 1.5) 5
[17:44:16.654]: (-0.5, 1.2, 1.5) 5
[17:44:16.677]: (-0.5, 1.2, 1.5) 5
[17:44:16.698]: (-0.5, 1.2, 1.5) 5
[17:44:16.721]: (-0.5, 1.2, 1.5) 5
[17:44:16.743]: (-0.5, 1.2, 1.5) 5
[17:44:16.766]: (-0.5, 1.2, 1.5) 5
[17:44:16.789]: (-0.5, 1.2, 1.5) 5
[17:44:16.809]: (-0.5, 1.2, 1.5) 5
[17:44:16.832]: (-0.5, 1.2, 1.5) 5
[17:44:16.854]: (-0.5, 1.2, 1.5) 5
[17:44:16.877]: (-0.5, 1.2, 1.5) 5
[17:44:16.899]: (-0.5, 1.2, 1.5) 5
[17:44:16.921]: (-0.5, 1.2, 1.5) 5
[17:44:16.944]: (-0.5, 1.2, 1.5) 5
[17:44:16.965]: (-0.5, 1.2, 1.5) 5
[17:44:16.987]: (-0.5, 1.2, 1.5) 5
[17:44:17.009]: (-0.5, 1.2, 1.5) 5
[17:44:17.032]: (-0.5, 1.2, 1.6) 5
[17:44:17.131]: (-0.5, 1.2, 1.6) 5
[17:44:17.210]: (-0.5, 1.2, 1.6) 5
[17:44:17.228]: (-0.5, 1.2, 1.6) 5
[17:44:17.246]: (-0.5, 1.2, 1.6) 5
[17:44:17.263]: (-0.5, 1.2, 1.6) 5
[17:44:17.280]: (-0.5, 1.2, 1.6) 5
[17:44:17.297]: (-0.5, 1.2, 1.6) 5
[17:44:17.314]: (-0.5, 1.2, 1.6) 5
[17:44:17.330]: (-0.5, 1.2, 1.6) 5
[17:44:17.347]: (-0.5, 1.2, 1.5) 5
[17:44:17.363]: (-0.5, 1.2, 1.5) 5
[17:44:17.380]: (-0.5, 1.2, 1.5) 5
[17:44:17.396]: (-0.5, 1.2, 1.5) 5
[17:44:17.413]: (-0.5, 1.2, 1.5) 5
[17:44:17.429]: (-0.5, 1.2, 1.6) 5
[17:44:17.445]: (-0.5, 1.2, 1.6) 5
[17:44:17.462]: (-0.5, 1.2, 1.6) 5
[17:44:17.480]: (-0.5, 1.2, 1.6) 5
[17:44:17.496]: (-0.5, 1.2, 1.5) 5
[17:44:17.512]: (-0.6, 1.2, 1.5) 5
[17:44:17.529]: (-0.6, 1.2, 1.5) 5
[17:44:17.545]: (-0.6, 1.2, 1.6) 5
[17:44:17.561]: (-0.6, 1.2, 1.5) 5
[17:44:17.577]: (-0.6, 1.2, 1.5) 5
[17:44:17.598]: (-0.6, 1.2, 1.6) 5
[17:44:17.620]: (-0.6, 1.2, 1.6) 6
[17:44:17.643]: (-0.6, 1.2, 1.6) 6
[17:44:17.665]: (-0.6, 1.2, 1.6) 6
[17:44:17.687]: (-0.6, 1.2, 1.6) 6
[17:44:17.710]: (-0.6, 1.2, 1.5) 5
[17:44:17.731]: (-0.6, 1.2, 1.5) 5
[17:44:17.754]: (-0.6, 1.2, 1.6) 6
[17:44:17.777]: (-0.6, 1.2, 1.6) 6
[17:44:17.798]: (-0.6, 1.2, 1.6) 5
[17:44:17.844]: (-0.4, 1.3, 1.7) 2
[17:44:18.045]: (0.3, 1.5, 2.3) 37
[17:44:18.062]: (0.4, 1.5, 2.3) 37
[17:44:18.078]: (0.4, 1.5, 2.3) 37
[17:44:18.095]: (0.4, 1.5, 2.3) 37
[17:44:18.111]: (0.4, 1.5, 2.3) 37
[17:44:18.129]: (0.4, 1.5, 2.3) 37
[17:44:18.146]: (0.4, 1.5, 2.3) 37
[17:44:18.162]: (0.4, 1.5, 2.3) 37
[17:44:18.177]: (0.4, 1.5, 2.3) 37
[17:44:18.195]: (0.4, 1.5, 2.3) 37
[17:44:18.211]: (0.4, 1.5, 2.3) 37
[17:44:18.227]: (0.4, 1.5, 2.3) 37
[17:44:18.262]: (0.4, 1.6, 2.5) 45
[17:44:18.278]: (0.4, 1.6, 2.5) 45
[17:44:18.295]: (0.4, 1.6, 2.4) 37
[17:44:18.312]: (0.4, 1.6, 2.5) 45
[17:44:18.328]: (0.4, 1.6, 2.5) 45
[17:44:18.349]: (0.4, 1.6, 2.5) 45
[17:44:18.372]: (0.4, 1.5, 2.5) 45
[17:44:18.393]: (0.4, 1.6, 2.5) 45
[17:44:18.455]: (0.4, 1.6, 2.5) 45
[17:44:18.475]: (0.4, 1.6, 2.5) 45
[17:44:18.498]: (0.4, 1.6, 2.5) 45
[17:44:18.520]: (0.4, 1.6, 2.5) 45
[17:44:18.632]: (0.4, 1.5, 2.4) 35
[17:44:18.665]: (0.4, 1.6, 2.4) 35
[17:44:18.701]: (0.4, 1.6, 2.4) 35
[17:44:18.799]: (0.4, 1.6, 2.4) 35
[17:44:18.965]: (0.5, 1.6, 2.3) 33
[17:44:19.066]: (0.5, 1.6, 2.1) 34
[17:44:19.099]: (0.5, 1.6, 2.1) 34
[17:44:19.266]: (0.8, 1.8, 3.2) 48
[17:44:19.287]: (0.8, 1.8, 3.1) 48
[17:44:19.308]: (0.8, 1.8, 3.2) 48
[17:44:19.330]: (0.8, 1.8, 3.2) 48
[17:44:19.353]: (0.8, 1.8, 3.2) 48
[17:44:19.397]: (0.8, 1.8, 3.3) 49
[17:44:19.419]: (0.8, 1.8, 3.3) 49
[17:44:19.463]: (0.7, 1.7, 3.1) 52
[17:44:19.486]: (0.7, 1.7, 3.1) 52
[17:44:19.508]: (0.5, 1.7, 3.2) 53
[17:44:19.530]: (0.5, 1.6, 3.1) 64
[17:44:19.553]: (0.5, 1.6, 3.1) 64
[17:44:19.597]: (0.5, 1.6, 3.1) 64
[17:44:19.620]: (0.5, 1.6, 3.1) 64
[17:44:19.641]: (0.5, 1.6, 3.0) 64
[17:44:19.664]: (0.5, 1.6, 3.0) 64
[17:44:19.686]: (0.5, 1.6, 3.0) 64
[17:44:19.708]: (0.6, 1.6, 3.0) 64
[17:44:19.730]: (0.5, 1.6, 3.0) 64
[17:44:19.764]: (0.5, 1.6, 3.0) 64
[17:44:19.788]: (0.5, 1.6, 3.1) 64
[17:44:21.834]: (0.7, 1.9, 2.1) 45
[17:44:21.881]: (0.7, 1.8, 2.0) 37
[17:44:21.897]: (0.8, 1.9, 2.1) 45
[17:44:21.914]: (0.8, 1.9, 2.1) 35
[17:44:21.930]: (0.8, 1.9, 2.2) 45
[17:44:21.947]: (0.8, 1.9, 2.1) 45
[17:44:21.963]: (0.8, 1.9, 2.1) 35
[17:44:21.980]: (0.8, 1.9, 2.1) 35
[17:44:21.997]: (0.8, 1.9, 2.1) 35
[17:44:22.018]: (0.8, 1.9, 2.1) 35
[17:44:22.106]: (0.8, 1.9, 2.2) 45
[17:44:22.129]: (0.8, 1.9, 2.1) 35
[17:44:22.152]: (0.8, 1.9, 2.1) 45
[17:44:22.173]: (0.8, 1.9, 2.2) 45
[17:44:22.196]: (0.8, 1.9, 2.1) 45
[17:44:22.262]: (0.7, 1.9, 2.1) 45
[17:44:22.307]: (0.8, 1.9, 2.1) 45
[17:44:22.352]: (0.8, 1.9, 2.1) 45
[17:44:22.374]: (0.8, 1.9, 2.2) 45
[17:44:22.440]: (0.8, 1.9, 2.2) 45
[17:44:22.474]: (0.8, 1.9, 2.1) 35
[17:44:22.490]: (0.7, 1.9, 2.1) 45
[17:44:23.253]: (0.7, 1.8, 2.0) 37
[17:44:23.274]: (0.9, 1.8, 2.0) 35
[17:44:23.295]: (0.8, 1.7, 1.9) 36
[17:44:23.317]: (0.7, 1.7, 1.7) 46
[17:44:23.339]: (0.7, 1.7, 1.7) 46
[17:44:23.363]: (0.7, 1.7, 1.7) 46
[17:44:23.384]: (0.7, 1.7, 1.7) 46
[17:44:23.404]: (0.7, 1.7, 1.7) 46
[17:44:23.426]: (0.7, 1.7, 1.7) 46
[17:44:23.449]: (0.8, 1.7, 1.7) 46
[17:44:23.493]: (0.9, 1.8, 1.8) 34
[17:44:23.515]: (0.8, 1.8, 1.8) 36
[17:44:23.557]: (0.8, 1.8, 1.7) 46
[17:44:23.579]: (0.7, 1.8, 1.7) 46
[17:44:23.600]: (0.8, 1.8, 1.8) 36
[17:44:23.622]: (0.8, 1.8, 1.8) 36
[17:44:23.645]: (0.8, 1.8, 1.8) 36
[17:44:23.686]: (0.8, 1.8, 1.9) 37
[17:44:23.706]: (0.9, 1.9, 1.9) 35
[17:44:24.651]: (1.3, 2.6, 2.1) 52
[17:44:24.717]: (1.4, 2.5, 2.1) 52
[17:44:24.740]: (1.3, 2.6, 2.1) 64
[17:44:24.761]: (1.3, 2.6, 2.1) 52
[17:44:24.784]: (1.3, 2.6, 2.1) 64
[17:44:24.807]: (1.3, 2.5, 2.1) 64
[17:44:24.828]: (1.3, 2.5, 2.1) 64
[17:44:24.851]: (1.3, 2.5, 2.1) 64
[17:44:24.873]: (1.2, 2.5, 2.1) 64
[17:44:24.895]: (1.2, 2.5, 2.1) 64
[17:44:25.050]: (0.2, 2.5, 2.1) 20
[17:44:25.073]: (-0.1, 2.4, 2.0) 14
[17:44:25.096]: (-0.2, 2.5, 2.0) 16
[17:44:25.118]: (-0.3, 2.5, 2.0) 24
[17:44:25.141]: (-0.2, 2.5, 2.0) 16
[17:44:25.162]: (-0.3, 2.4, 2.0) 24
[17:44:25.183]: (-0.3, 2.4, 2.0) 24
[17:44:25.295]: (-0.1, 2.4, 2.0) 14
[17:44:25.317]: (-0.1, 2.4, 2.0) 14
[17:44:25.340]: (-0.1, 2.4, 2.0) 14
[17:44:25.364]: (-0.1, 2.4, 2.0) 22
[17:44:25.386]: (-0.1, 2.4, 2.0) 22
[17:44:25.411]: (0.0, 2.4, 2.0) 14
[17:44:25.432]: (0.0, 2.5, 2.1) 12
[17:44:25.454]: (0.0, 2.4, 2.0) 14
[17:44:25.476]: (0.0, 2.4, 2.0) 14
[17:44:25.498]: (-0.1, 2.4, 2.0) 14
[17:44:25.522]: (0.0, 2.4, 2.0) 14
[17:44:25.720]: (0.6, 1.9, 1.7) 46
[17:44:25.765]: (0.6, 1.8, 1.7) 46
[17:44:26.108]: (0.6, 1.9, 1.8) 47
[17:44:26.159]: (0.6, 1.9, 1.8) 47
[17:44:26.304]: (-0.3, 1.6, 1.6) 2
[17:44:26.320]: (-0.4, 1.6, 1.6) 4
[17:44:26.339]: (-0.3, 1.6, 1.6) 4
[17:44:26.361]: (-0.4, 1.6, 1.6) 4
[17:44:26.384]: (-0.3, 1.6, 1.6) 4
[17:44:26.405]: (-0.3, 1.6, 1.6) 4
[17:44:26.428]: (-0.3, 1.6, 1.6) 4
[17:44:26.450]: (-0.3, 1.6, 1.6) 4
[17:44:26.494]: (-0.3, 1.6, 1.7) 4
[17:44:26.518]: (-0.4, 1.5, 1.6) 6
[17:44:26.538]: (-0.4, 1.5, 1.6) 6
[17:44:26.606]: (-0.4, 1.6, 1.6) 4
[17:44:26.628]: (-0.4, 1.6, 1.6) 4
[17:44:26.649]: (-0.3, 1.6, 1.6) 4
[17:44:26.672]: (-0.3, 1.6, 1.6) 4
[17:44:26.695]: (-0.3, 1.6, 1.6) 4
[17:44:26.716]: (-0.3, 1.6, 1.6) 4
[17:44:27.007]: (-0.1, 2.4, 2.0) 14
[17:44:27.024]: (-0.1, 2.4, 2.1) 14
[17:44:27.042]: (-0.1, 2.4, 2.0) 14
[17:44:27.060]: (-0.1, 2.4, 2.0) 14
[17:44:27.076]: (-0.1, 2.4, 2.0) 14
[17:44:27.092]: (0.1, 2.4, 2.0) 28
[17:44:27.157]: (1.4, 2.4, 2.1) 69
[17:44:27.188]: (1.5, 2.4, 2.0) 57
[17:44:27.228]: (1.5, 2.5, 2.0) 57
[17:44:27.251]: (1.5, 2.4, 2.0) 57
[17:44:27.496]: (0.7, 2.0, 1.8) 37
[17:44:27.562]: (0.8, 2.0, 1.9) 35
[17:44:27.584]: (0.7, 2.0, 1.8) 37
[17:44:27.608]: (0.7, 2.0, 1.8) 37
[17:44:27.746]: (0.9, 1.9, 1.8) 32
[17:44:27.766]: (0.9, 1.9, 1.8) 32
[17:44:27.784]: (0.9, 1.9, 1.8) 32
[17:44:27.803]: (0.9, 1.9, 1.8) 32
[17:44:27.821]: (0.9, 1.9, 1.8) 32
[17:44:27.839]: (0.9, 1.9, 1.8) 32
[17:44:27.857]: (0.9, 1.9, 1.8) 32
[17:44:27.874]: (0.9, 1.9, 1.8) 32
[17:44:27.893]: (0.9, 1.9, 1.8) 32
[17:44:27.910]: (0.9, 1.9, 1.8) 32
[17:44:28.014]: (0.9, 1.9, 1.8) 32
[17:44:28.030]: (0.9, 1.9, 1.8) 32
[17:44:28.048]: (0.9, 1.9, 1.8) 32
[17:44:28.067]: (0.9, 1.9, 1.7) 34
[17:44:28.086]: (0.9, 1.9, 1.7) 34
[17:44:28.103]: (0.9, 1.9, 1.7) 34
[17:44:28.120]: (0.9, 1.9, 1.7) 34
[17:44:28.138]: (0.9, 1.9, 1.7) 34
[17:44:28.161]: (0.9, 1.9, 1.7) 34
[17:44:28.183]: (0.9, 1.9, 1.8) 32
[17:44:28.208]: (0.9, 1.9, 1.8) 32
[17:44:28.229]: (0.9, 1.9, 1.8) 32
[17:44:28.252]: (0.9, 1.9, 1.8) 32
[17:44:28.274]: (0.9, 1.9, 1.8) 32
[17:44:28.294]: (0.9, 1.9, 1.8) 32
[17:44:28.316]: (0.9, 1.9, 1.8) 32
[17:44:28.341]: (0.9, 1.9, 1.8) 32
[17:44:28.363]: (0.9, 1.9, 1.8) 32
[17:44:28.386]: (0.9, 1.9, 1.8) 32
[17:44:28.406]: (0.9, 2.0, 1.8) 32
[17:44:28.429]: (0.9, 2.0, 1.8) 32
[17:44:28.493]: (0.9, 2.0, 1.9) 33
[17:44:28.515]: (0.8, 2.0, 1.9) 33
[17:44:28.538]: (0.7, 2.0, 1.8) 37
[17:44:28.561]: (0.7, 2.0, 1.8) 37
[17:44:28.582]: (0.7, 2.0, 1.8) 37
[17:44:28.601]: (0.7, 2.0, 1.8) 37
[17:44:28.619]: (0.7, 2.0, 1.8) 37
[17:44:28.637]: (0.7, 2.0, 1.8) 37
[17:44:28.655]: (0.7, 2.0, 1.8) 37
[17:44:28.672]: (0.7, 2.0, 1.8) 37
[17:44:28.688]: (0.7, 2.0, 1.8) 37
[17:44:28.703]: (0.7, 2.0, 1.8) 37
[17:44:28.721]: (0.7, 2.0, 1.8) 37
[17:44:28.738]: (0.7, 2.0, 1.8) 37
[17:44:28.755]: (0.7, 2.0, 1.8) 37
[17:44:28.771]: (0.7, 2.0, 1.8) 37
[17:44:28.787]: (0.7, 2.0, 1.8) 37
[17:44:28.804]: (0.7, 2.0, 1.8) 37
[17:44:28.820]: (0.7, 2.0, 1.8) 37
[17:44:28.837]: (0.7, 2.0, 1.8) 37
[17:44:28.855]: (0.7, 2.0, 1.8) 37
[17:44:28.874]: (0.7, 2.0, 1.8) 37
[17:44:28.891]: (0.7, 2.0, 1.8) 37
[17:44:28.908]: (0.7, 2.0, 1.8) 37
[17:44:28.925]: (0.7, 2.0, 1.8) 37
[17:44:28.941]: (0.7, 2.0, 1.8) 37
[17:44:28.958]: (0.7, 2.0, 1.8) 37
[17:44:28.975]: (0.7, 2.0, 1.8) 37
[17:44:28.992]: (0.7, 2.0, 1.8) 37
[17:44:29.008]: (0.7, 2.0, 1.8) 37
[17:44:29.027]: (0.7, 2.0, 1.8) 37
[17:44:29.049]: (0.7, 2.0, 1.8) 37
[17:44:29.071]: (0.7, 2.0, 1.8) 37
[17:44:29.094]: (0.7, 2.0, 1.8) 37
[17:44:29.115]: (0.7, 2.0, 1.8) 37
[17:44:29.137]: (0.7, 2.0, 1.8) 37
[17:44:29.160]: (0.8, 2.0, 1.9) 35
[17:44:29.724]: (-0.1, 1.7, 1.7) 7
[17:44:29.740]: (-0.2, 1.6, 1.6) 2
[17:44:29.771]: (-0.4, 1.5, 1.6) 6
[17:44:29.786]: (-0.4, 1.5, 1.6) 6
[17:44:29.803]: (-0.4, 1.5, 1.6) 6
[17:44:29.820]: (-0.4, 1.5, 1.6) 6
[17:44:29.837]: (-0.4, 1.6, 1.7) 4
[17:44:29.867]: (-0.4, 1.5, 1.6) 6
[17:44:29.884]: (-0.4, 1.5, 1.6) 6
[17:44:29.926]: (-0.4, 1.5, 1.6) 6
[17:44:29.949]: (-0.4, 1.5, 1.6) 6
[17:44:29.970]: (-0.4, 1.5, 1.6) 6
[17:44:30.172]: (-0.2, 1.5, 1.6) 1
[17:44:30.193]: (-0.2, 1.5, 1.6) 1
[17:44:30.215]: (-0.2, 1.5, 1.6) 1
[17:44:30.237]: (-0.2, 1.5, 1.6) 1
[17:44:30.260]: (-0.2, 1.5, 1.6) 1
[17:44:30.282]: (-0.2, 1.5, 1.6) 1
[17:44:30.305]: (-0.2, 1.5, 1.6) 1
[17:44:30.570]: (-0.2, 1.5, 1.6) 1
[17:44:30.586]: (-0.2, 1.5, 1.6) 1
[17:44:30.788]: (-0.2, 1.5, 1.6) 1
[17:44:30.849]: (-0.4, 1.6, 1.7) 4
[17:44:30.871]: (-0.4, 1.6, 1.6) 4
[17:44:30.892]: (-0.4, 1.6, 1.6) 4
[17:44:30.915]: (-0.4, 1.6, 1.6) 4
[17:44:30.939]: (-0.4, 1.6, 1.6) 4
[17:44:30.959]: (-0.4, 1.6, 1.6) 4
[17:44:30.981]: (-0.4, 1.6, 1.7) 4
[17:44:31.003]: (-0.4, 1.6, 1.7) 4
[17:44:31.026]: (-0.4, 1.6, 1.7) 4
[17:44:31.050]: (-0.4, 1.6, 1.7) 4
[17:44:31.070]: (-0.4, 1.6, 1.7) 4
[17:44:31.092]: (-0.4, 1.6, 1.7) 4
[17:44:31.114]: (-0.4, 1.6, 1.7) 4
[17:44:31.137]: (-0.4, 1.6, 1.6) 4
[17:44:31.160]: (-0.4, 1.6, 1.6) 4
[17:44:32.360]: (-0.2, 1.6, 1.6) 2
[17:44:32.376]: (-0.2, 1.6, 1.6) 2
[17:44:32.392]: (-0.1, 1.6, 1.7) 7
[17:44:32.410]: (-0.1, 1.6, 1.7) 7
[17:44:32.659]: (0.7, 2.0, 1.8) 37
[17:44:32.702]: (0.7, 1.9, 1.8) 37
[17:44:33.312]: (1.4, 2.4, 2.1) 69
[17:44:33.333]: (1.4, 2.4, 2.1) 69
[17:44:33.352]: (1.4, 2.4, 2.1) 69
[17:44:33.379]: (1.4, 2.4, 2.1) 69
[17:44:33.402]: (1.4, 2.4, 2.1) 69
[17:44:33.419]: (1.4, 2.4, 2.1) 69
[17:44:33.446]: (1.4, 2.4, 2.1) 69
[17:44:33.464]: (1.4, 2.4, 2.1) 69
[17:44:33.487]: (1.4, 2.4, 2.1) 69
[17:44:33.505]: (1.4, 2.4, 2.1) 69
[17:44:33.522]: (1.4, 2.4, 2.1) 69
[17:44:33.539]: (1.4, 2.4, 2.1) 69
[17:44:33.556]: (1.4, 2.4, 2.1) 69
[17:44:33.573]: (1.4, 2.4, 2.1) 69
[17:44:33.604]: (1.5, 2.3, 2.1) 69
[17:44:33.636]: (1.4, 2.3, 2.1) 69
[17:44:33.670]: (1.4, 2.4, 2.1) 69
[17:44:33.703]: (1.4, 2.4, 2.1) 69
[17:44:33.736]: (1.4, 2.4, 2.1) 69
[17:44:33.770]: (1.4, 2.4, 2.1) 69
[17:44:33.836]: (1.3, 2.5, 2.1) 64
[17:44:33.869]: (1.3, 2.5, 2.1) 64
[17:44:33.903]: (1.3, 2.5, 2.1) 64
[17:44:33.937]: (1.3, 2.5, 2.1) 64
[17:44:33.970]: (1.3, 2.5, 2.1) 64
[17:44:34.003]: (1.3, 2.5, 2.1) 64
[17:44:34.036]: (1.3, 2.5, 2.1) 64
[17:44:34.070]: (1.3, 2.5, 2.1) 64
[17:44:34.103]: (1.3, 2.5, 2.1) 64
[17:44:35.286]: (0.7, 1.9, 1.8) 37
[17:44:35.306]: (0.7, 1.9, 1.8) 36
[17:44:35.328]: (0.7, 1.9, 1.8) 36
[17:44:35.352]: (0.7, 1.9, 1.8) 36
[17:44:35.373]: (0.7, 1.9, 1.8) 36
[17:44:35.396]: (0.7, 1.9, 1.8) 36
[17:44:35.417]: (0.7, 1.9, 1.8) 36
[17:44:35.440]: (0.7, 1.9, 1.8) 36
[17:44:35.462]: (0.7, 2.0, 1.8) 37
[17:44:35.485]: (0.7, 2.0, 1.8) 37
[17:44:35.507]: (0.7, 2.0, 1.8) 37
[17:44:35.528]: (0.7, 2.0, 1.8) 37
[17:44:35.551]: (0.7, 2.0, 1.8) 37
[17:44:35.568]: (0.7, 2.0, 1.8) 37
[17:44:35.600]: (0.9, 2.0, 1.9) 33
[17:44:35.789]: (0.8, 1.9, 1.7) 34
[17:44:35.806]: (0.8, 1.9, 1.7) 34
[17:44:35.822]: (0.8, 1.9, 1.7) 34
[17:44:35.839]: (0.8, 1.9, 1.7) 34
[17:44:35.856]: (0.8, 1.9, 1.7) 34
[17:44:35.873]: (0.8, 1.9, 1.7) 34
[17:44:35.889]: (0.8, 1.9, 1.7) 34
[17:44:35.905]: (0.8, 1.9, 1.7) 34
[17:44:35.921]: (0.8, 1.9, 1.8) 34
[17:44:35.984]: (0.8, 1.9, 1.8) 34
[17:44:36.002]: (0.8, 1.9, 1.8) 34
[17:44:36.025]: (0.8, 1.9, 1.7) 34
[17:44:36.047]: (0.8, 1.9, 1.7) 34
[17:44:36.157]: (0.2, 2.3, 2.0) 28
[17:44:36.179]: (0.2, 2.4, 2.0) 28
[17:44:36.202]: (0.2, 2.4, 2.0) 28
[17:44:36.335]: (-0.1, 2.4, 2.0) 22
[17:44:36.358]: (0.0, 2.3, 2.0) 22
[17:44:36.380]: (-0.1, 2.3, 2.0) 22
[17:44:36.401]: (-0.1, 2.4, 2.0) 14
[17:44:36.488]: (-0.2, 2.4, 2.0) 14
[17:44:36.660]: (-0.1, 2.4, 2.0) 14
[17:44:36.736]: (-0.1, 2.4, 2.0) 14
[17:44:36.755]: (-0.1, 2.4, 2.0) 14
[17:44:36.771]: (-0.1, 2.4, 2.0) 14
[17:44:36.788]: (-0.1, 2.4, 2.0) 14
[17:44:36.805]: (-0.1, 2.4, 2.0) 14
[17:44:36.821]: (-0.1, 2.4, 2.0) 14
[17:44:36.838]: (-0.1, 2.4, 2.0) 14
[17:44:36.855]: (-0.1, 2.4, 2.0) 14
[17:44:36.873]: (-0.1, 2.4, 2.0) 14
[17:44:36.891]: (-0.1, 2.4, 2.0) 14
[17:44:36.912]: (-0.1, 2.4, 2.0) 14
[17:44:36.935]: (-0.1, 2.4, 2.0) 14
[17:44:36.957]: (-0.1, 2.4, 2.0) 14
[17:44:36.980]: (-0.1, 2.4, 2.0) 14
[17:44:37.003]: (-0.1, 2.4, 2.0) 14
[17:44:37.025]: (-0.1, 2.4, 2.0) 14
[17:44:37.047]: (-0.1, 2.4, 2.0) 14
[17:44:37.068]: (-0.1, 2.4, 2.0) 14
[17:44:37.091]: (0.0, 2.4, 2.0) 14
[17:44:37.113]: (0.0, 2.4, 2.0) 14
[17:44:37.136]: (-0.1, 2.4, 2.0) 14
[17:44:37.158]: (-0.1, 2.4, 2.0) 14
[17:44:37.180]: (-0.1, 2.4, 2.0) 14
[17:44:37.589]: (0.6, 1.9, 1.7) 46
[17:44:37.621]: (0.6, 1.8, 1.7) 46
[17:44:37.654]: (0.6, 1.8, 1.7) 46
[17:44:37.686]: (0.7, 1.9, 1.8) 36
[17:44:37.702]: (0.7, 1.9, 1.8) 36
[17:44:37.718]: (0.7, 1.9, 1.8) 36
[17:44:37.735]: (0.7, 1.9, 1.8) 36
[17:44:37.802]: (0.7, 1.9, 1.8) 36
[17:44:37.824]: (0.7, 1.9, 1.8) 36
[17:44:37.845]: (0.7, 1.9, 1.8) 36
[17:44:37.867]: (0.6, 1.9, 1.7) 46
[17:44:37.890]: (0.6, 1.9, 1.7) 46
[17:44:37.913]: (0.7, 1.9, 1.8) 36
[17:44:37.935]: (0.6, 1.9, 1.7) 46
[17:44:37.957]: (0.6, 1.9, 1.7) 46
[17:44:37.979]: (0.6, 1.9, 1.7) 46
[17:44:38.001]: (0.6, 1.9, 1.7) 46
[17:44:38.024]: (0.7, 1.8, 1.6) 46
[17:44:38.048]: (0.8, 1.9, 1.7) 34
[17:44:38.067]: (0.9, 1.9, 1.8) 32
[17:44:38.090]: (0.8, 1.9, 1.7) 34
[17:44:38.112]: (0.8, 1.9, 1.7) 34
[17:44:38.134]: (0.8, 1.9, 1.7) 34
[17:44:38.158]: (0.8, 1.9, 1.7) 34
[17:44:38.175]: (0.8, 1.9, 1.7) 34
[17:44:38.191]: (0.8, 1.9, 1.7) 34
[17:44:38.207]: (0.8, 1.9, 1.7) 34
[17:44:38.301]: (0.8, 1.9, 1.7) 34
[17:44:38.318]: (0.9, 1.9, 1.7) 34
[17:44:38.334]: (0.9, 1.9, 1.7) 34
[17:44:38.350]: (0.9, 1.9, 1.7) 34
[17:44:38.368]: (0.9, 1.9, 1.7) 34
[17:44:38.384]: (0.9, 1.9, 1.7) 34
[17:44:38.400]: (0.8, 1.9, 1.7) 34
[17:44:38.416]: (0.8, 1.9, 1.7) 34
[17:44:38.434]: (0.8, 1.9, 1.7) 34
[17:44:38.450]: (0.8, 1.8, 1.7) 34
[17:44:38.466]: (0.8, 1.8, 1.7) 34
[17:44:38.481]: (0.8, 1.8, 1.7) 34
[17:44:38.497]: (0.8, 1.8, 1.7) 34
[17:44:38.513]: (0.8, 1.8, 1.7) 34
[17:44:38.529]: (0.8, 1.8, 1.7) 34
[17:44:38.548]: (0.8, 1.8, 1.7) 34
[17:44:38.565]: (0.8, 1.8, 1.7) 34
[17:44:38.582]: (0.8, 1.8, 1.7) 34
[17:44:38.598]: (0.8, 1.8, 1.7) 34
[17:44:38.614]: (0.8, 1.8, 1.7) 34
[17:44:38.630]: (0.8, 1.8, 1.7) 34
[17:44:38.648]: (0.8, 1.8, 1.7) 34
[17:44:38.667]: (0.8, 1.8, 1.7) 34
[17:44:38.690]: (0.8, 1.8, 1.7) 34
[17:44:38.712]: (0.8, 1.8, 1.7) 34
[17:44:38.733]: (0.8, 1.8, 1.7) 34
[17:44:38.758]: (0.8, 1.8, 1.8) 34
[17:44:38.780]: (0.8, 1.8, 1.8) 34
[17:44:38.799]: (0.8, 1.8, 1.8) 34
[17:44:38.826]: (0.8, 1.8, 1.8) 34
[17:44:38.845]: (0.8, 1.8, 1.8) 34
[17:44:38.868]: (0.8, 1.8, 1.8) 34
[17:44:38.890]: (0.8, 1.8, 1.7) 34
[17:44:38.912]: (0.8, 1.8, 1.7) 34
[17:44:38.934]: (0.8, 1.8, 1.7) 34
[17:44:38.956]: (0.8, 1.8, 1.7) 34
[17:44:38.977]: (0.8, 1.8, 1.7) 34
[17:44:39.001]: (0.8, 1.8, 1.8) 34
[17:44:39.023]: (0.8, 1.8, 1.8) 34
[17:44:39.045]: (0.7, 1.8, 1.6) 46
[17:44:39.067]: (0.7, 1.8, 1.6) 46
[17:44:39.089]: (0.7, 1.8, 1.6) 46
[17:44:39.111]: (0.7, 1.8, 1.6) 46
[17:44:39.133]: (0.7, 1.8, 1.6) 46
[17:44:39.149]: (0.7, 1.8, 1.6) 46
[17:44:39.167]: (0.7, 1.8, 1.6) 46
[17:44:39.183]: (0.7, 1.8, 1.6) 46
[17:44:39.199]: (0.7, 1.8, 1.7) 46
[17:44:39.216]: (0.7, 1.8, 1.7) 46
[17:44:39.232]: (0.7, 1.8, 1.6) 46
[17:44:39.248]: (0.7, 1.8, 1.7) 46
[17:44:39.324]: (0.8, 1.9, 1.8) 34
[17:44:39.340]: (0.8, 1.8, 1.8) 34
[17:44:39.359]: (0.8, 1.9, 1.7) 34
[17:44:39.376]: (0.8, 1.9, 1.7) 34
[17:44:39.393]: (0.8, 1.8, 1.7) 34
[17:44:39.409]: (0.8, 1.8, 1.7) 34
[17:44:39.425]: (0.8, 1.8, 1.7) 34
[17:44:39.442]: (0.8, 1.8, 1.7) 34
[17:44:39.460]: (0.8, 1.8, 1.7) 34
[17:44:39.476]: (0.8, 1.8, 1.7) 34
[17:44:39.493]: (0.8, 1.8, 1.7) 34
[17:44:39.509]: (0.8, 1.8, 1.7) 34
[17:44:39.525]: (0.8, 1.8, 1.7) 34
[17:44:39.572]: (0.9, 1.8, 1.7) 44
[17:44:39.589]: (0.9, 1.8, 1.7) 34
[17:44:39.613]: (0.9, 1.8, 1.7) 44
[17:44:39.633]: (0.9, 1.8, 1.7) 44
[17:44:39.790]: (0.9, 1.8, 1.6) 44
[17:44:39.810]: (0.9, 1.9, 1.7) 34
[17:44:39.835]: (0.9, 1.9, 1.8) 32
[17:44:39.857]: (0.8, 1.9, 1.7) 34
[17:44:39.878]: (0.8, 1.9, 1.7) 34
[17:44:39.899]: (0.7, 1.8, 1.7) 46
[17:44:39.967]: (0.8, 1.9, 1.7) 34
[17:44:39.990]: (0.8, 1.9, 1.7) 34
[17:44:40.010]: (0.8, 1.9, 1.7) 34
[17:44:40.028]: (0.8, 1.9, 1.7) 34
[17:44:40.046]: (0.8, 1.9, 1.7) 34
[17:44:40.062]: (0.8, 1.9, 1.7) 34
[17:44:40.078]: (0.8, 1.9, 1.7) 34
[17:44:40.093]: (0.8, 1.9, 1.7) 34
[17:44:40.109]: (0.8, 1.9, 1.7) 34
[17:44:40.126]: (0.8, 1.9, 1.7) 34
[17:44:40.141]: (0.8, 1.9, 1.7) 34
[17:44:40.159]: (0.8, 1.9, 1.7) 34
[17:44:40.175]: (0.8, 1.9, 1.7) 34
[17:44:40.193]: (0.8, 1.8, 1.7) 34
[17:44:40.209]: (0.8, 1.9, 1.7) 34
[17:44:40.226]: (0.8, 1.9, 1.7) 34
[17:44:40.260]: (0.7, 1.9, 1.6) 46
[17:44:40.277]: (0.7, 1.8, 1.6) 46
[17:44:40.292]: (0.7, 1.8, 1.6) 46
[17:44:40.308]: (0.7, 1.8, 1.6) 46
[17:44:40.325]: (0.7, 1.8, 1.6) 46
[17:44:40.341]: (0.7, 1.8, 1.6) 46
[17:44:40.357]: (0.7, 1.8, 1.6) 46
[17:44:40.375]: (0.7, 1.8, 1.6) 46
[17:44:40.391]: (0.7, 1.8, 1.6) 46
[17:44:40.407]: (0.7, 1.8, 1.6) 46
[17:44:40.424]: (0.7, 1.8, 1.6) 46
[17:44:40.444]: (0.7, 1.9, 1.8) 36
[17:44:40.466]: (0.7, 1.9, 1.8) 36
[17:44:40.489]: (0.7, 2.0, 1.8) 37
[17:44:40.511]: (0.5, 2.0, 1.8) 47
[17:44:40.688]: (0.2, 2.3, 2.0) 28
[17:44:40.710]: (0.1, 2.3, 2.0) 28
[17:44:40.759]: (0.1, 2.3, 2.0) 28
[17:44:40.799]: (0.2, 2.3, 2.0) 28
[17:44:40.844]: (-0.1, 2.4, 2.0) 14
[17:44:40.866]: (-0.1, 2.4, 2.0) 14
[17:44:41.356]: (0.1, 2.4, 2.0) 28
[17:44:41.691]: (0.6, 2.0, 1.8) 47
[17:44:41.710]: (0.7, 2.0, 1.8) 37
[17:44:41.733]: (0.7, 2.0, 1.8) 37
[17:44:41.757]: (0.7, 2.0, 1.8) 37
[17:44:41.775]: (0.7, 2.0, 1.8) 37
[17:44:41.791]: (0.6, 2.0, 1.8) 37
[17:44:41.807]: (0.6, 2.0, 1.8) 37
[17:44:41.824]: (0.6, 2.0, 1.8) 37
[17:44:41.841]: (0.7, 2.0, 1.8) 37
[17:44:41.859]: (0.7, 2.0, 1.8) 37
[17:44:41.878]: (0.6, 2.0, 1.8) 37
[17:44:41.894]: (0.6, 2.0, 1.8) 37
[17:44:41.911]: (0.6, 2.0, 1.8) 37
[17:44:41.927]: (0.6, 2.0, 1.8) 37
[17:44:41.943]: (0.6, 2.0, 1.8) 37
[17:44:41.961]: (0.6, 2.0, 1.8) 37
[17:44:41.978]: (0.6, 2.0, 1.8) 37
[17:44:41.994]: (0.6, 2.0, 1.8) 37
[17:44:42.010]: (0.6, 2.0, 1.8) 37
[17:44:42.029]: (0.6, 2.0, 1.8) 37
[17:44:42.046]: (0.6, 2.0, 1.8) 37
[17:44:42.062]: (0.6, 2.0, 1.8) 37
[17:44:42.079]: (0.6, 2.0, 1.8) 37
[17:44:42.097]: (0.6, 2.0, 1.8) 37
[17:44:42.113]: (0.6, 2.0, 1.8) 47
[17:44:42.129]: (0.6, 2.0, 1.8) 37
[17:44:42.148]: (0.6, 2.0, 1.8) 37
[17:44:42.163]: (0.6, 2.0, 1.8) 37
[17:44:42.180]: (0.6, 2.0, 1.8) 37
[17:44:42.198]: (0.6, 2.0, 1.8) 37
[17:44:42.222]: (0.6, 2.0, 1.8) 37
[17:44:42.244]: (0.6, 2.0, 1.8) 37
[17:44:42.266]: (0.6, 2.0, 1.8) 47
[17:44:42.288]: (0.6, 2.0, 1.8) 47
[17:44:42.310]: (0.6, 2.0, 1.8) 47
[17:44:42.332]: (0.6, 2.0, 1.8) 47
[17:44:42.355]: (0.6, 2.0, 1.8) 47
[17:44:42.378]: (0.6, 2.0, 1.8) 47
[17:44:42.398]: (0.6, 2.0, 1.8) 47
[17:44:42.421]: (0.6, 2.0, 1.8) 47
[17:44:42.443]: (0.6, 2.0, 1.8) 47
[17:44:42.465]: (0.6, 2.0, 1.8) 47
[17:44:42.490]: (0.6, 2.0, 1.8) 47
[17:44:42.509]: (0.6, 2.0, 1.8) 47
[17:44:42.532]: (0.6, 2.0, 1.8) 47
[17:44:42.554]: (0.6, 2.0, 1.8) 47
[17:44:42.576]: (0.5, 2.0, 1.8) 47
[17:44:42.840]: (0.1, 2.4, 2.0) 28
[17:44:42.857]: (0.1, 2.4, 2.0) 28
[17:44:42.874]: (0.1, 2.4, 2.0) 28
[17:44:42.921]: (0.1, 2.4, 2.0) 28
[17:44:42.939]: (0.1, 2.4, 2.0) 28
[17:44:42.954]: (0.1, 2.4, 2.0) 28
[17:44:42.971]: (0.1, 2.4, 2.0) 28
[17:44:42.987]: (0.1, 2.4, 2.0) 28
[17:44:43.004]: (0.1, 2.4, 2.0) 28
[17:44:43.021]: (0.1, 2.4, 2.0) 28
[17:44:43.037]: (0.1, 2.4, 2.0) 28
[17:44:43.056]: (0.1, 2.4, 2.0) 28
[17:44:43.074]: (0.1, 2.4, 2.0) 28
[17:44:43.091]: (0.1, 2.4, 2.0) 28
[17:44:43.108]: (0.2, 2.4, 2.0) 28
[17:44:43.125]: (0.1, 2.4, 2.0) 28
[17:44:43.141]: (0.2, 2.4, 2.0) 28
[17:44:43.158]: (0.2, 2.4, 2.0) 28
[17:44:43.175]: (0.2, 2.4, 2.0) 28
[17:44:43.198]: (0.2, 2.4, 2.0) 28
[17:44:43.223]: (0.2, 2.4, 2.0) 28
[17:44:43.780]: (0.5, 2.0, 1.8) 47
[17:44:43.798]: (0.5, 2.0, 1.8) 47
[17:44:43.985]: (0.5, 2.0, 1.8) 47
[17:44:44.005]: (0.5, 2.0, 1.8) 47
[17:44:44.024]: (0.5, 2.0, 1.8) 47
[17:44:44.042]: (0.5, 2.0, 1.8) 47
[17:44:44.060]: (0.5, 2.0, 1.8) 47
[17:44:44.078]: (0.5, 2.0, 1.8) 47
[17:44:44.095]: (0.5, 2.0, 1.8) 47
[17:44:44.488]: (0.1, 2.5, 2.1) 20
[17:44:44.522]: (0.1, 2.5, 2.1) 20
[17:44:44.554]: (0.1, 2.5, 2.1) 20
[17:44:44.587]: (0.1, 2.4, 2.0) 28
[17:44:44.621]: (0.1, 2.4, 2.0) 28
[17:44:44.654]: (0.2, 2.4, 2.0) 28
[17:44:44.689]: (0.2, 2.4, 2.0) 28
[17:44:44.721]: (0.2, 2.4, 2.0) 28
[17:44:44.754]: (0.2, 2.4, 2.0) 28
[17:44:44.899]: (0.2, 2.4, 2.0) 28
[17:44:45.792]: (0.5, 2.0, 1.8) 47
[17:44:46.393]: (0.6, 2.0, 1.8) 37
[17:44:46.410]: (0.6, 2.0, 1.8) 37
[17:44:46.500]: (0.6, 2.0, 1.8) 37
[17:44:46.587]: (0.6, 2.0, 1.8) 47
[17:44:46.608]: (0.6, 2.0, 1.8) 47
[17:44:46.631]: (0.6, 2.0, 1.8) 37
[17:44:47.498]: (-0.1, 2.4, 2.0) 14
[17:44:47.868]: (0.0, 2.3, 2.0) 22
[17:44:47.915]: (0.1, 2.3, 2.1) 28
[17:44:50.940]: (0.6, 1.8, 1.7) 46
[17:44:50.963]: (0.7, 1.8, 1.6) 46
[17:44:50.984]: (0.7, 1.8, 1.6) 46
[17:44:51.007]: (0.7, 1.8, 1.6) 46
[17:44:51.028]: (0.7, 1.8, 1.6) 46
[17:44:51.050]: (0.7, 1.8, 1.6) 46
[17:44:51.073]: (0.7, 1.8, 1.6) 46
[17:44:51.096]: (0.7, 1.8, 1.6) 46
[17:44:51.117]: (0.7, 1.8, 1.6) 46
[17:44:51.139]: (0.7, 1.8, 1.6) 46
[17:44:51.163]: (0.7, 1.8, 1.6) 46
[17:44:51.184]: (0.7, 1.8, 1.6) 46
[17:44:51.206]: (0.7, 1.8, 1.6) 46
[17:44:51.229]: (0.7, 1.8, 1.6) 46
[17:44:51.252]: (0.7, 1.8, 1.6) 46
[17:44:51.273]: (0.7, 1.8, 1.6) 46
[17:44:51.296]: (0.7, 1.8, 1.6) 46
[17:44:51.318]: (0.7, 1.8, 1.6) 46
[17:44:51.334]: (0.7, 1.8, 1.6) 46
[17:44:51.350]: (0.7, 1.8, 1.7) 46
[17:44:51.367]: (0.7, 1.9, 1.7) 46
[17:44:51.763]: (0.7, 1.9, 1.6) 46
[17:44:51.784]: (0.7, 1.8, 1.6) 46
[17:44:51.807]: (0.7, 1.8, 1.6) 46
[17:44:51.828]: (0.7, 1.8, 1.6) 46
[17:44:51.851]: (0.7, 1.8, 1.6) 46
[17:44:51.873]: (0.7, 1.8, 1.6) 46
[17:44:51.896]: (0.7, 1.8, 1.6) 46
[17:44:51.918]: (0.7, 1.8, 1.6) 46
[17:44:51.941]: (0.7, 1.8, 1.6) 46
[17:44:51.962]: (0.7, 1.8, 1.6) 46
[17:44:51.984]: (0.6, 1.8, 1.6) 46
[17:44:52.007]: (0.6, 1.8, 1.6) 46
[17:44:52.029]: (0.6, 1.8, 1.6) 46
[17:44:52.051]: (0.7, 1.8, 1.7) 46
[17:44:52.072]: (0.7, 1.8, 1.6) 46
[17:44:52.095]: (0.7, 1.8, 1.6) 46
[17:44:52.117]: (0.6, 1.8, 1.7) 46
[17:44:52.996]: (0.0, 2.3, 2.0) 22
[17:44:53.017]: (0.0, 2.3, 2.0) 22
[17:44:53.039]: (0.0, 2.3, 2.0) 22
[17:44:53.112]: (0.0, 2.3, 2.0) 22
[17:44:53.252]: (-0.1, 2.3, 2.0) 22
[17:44:53.439]: (0.0, 2.4, 2.1) 14
[17:44:53.551]: (-0.1, 2.3, 2.0) 22
[17:44:53.573]: (-0.1, 2.4, 2.0) 22
[17:44:53.594]: (-0.1, 2.4, 2.0) 22
[17:44:53.616]: (-0.1, 2.4, 2.0) 22
[17:44:53.640]: (-0.1, 2.4, 2.0) 22
[17:44:53.661]: (-0.1, 2.4, 2.0) 14
[17:44:53.684]: (-0.1, 2.4, 2.0) 22
[17:44:54.955]: (0.0, 2.3, 2.0) 22
[17:44:55.005]: (0.0, 2.3, 2.0) 22
[17:44:55.086]: (-0.1, 2.3, 2.0) 22
[17:44:55.102]: (-0.1, 2.3, 2.0) 22
[17:44:55.118]: (-0.1, 2.3, 2.0) 22
[17:44:55.134]: (-0.1, 2.3, 2.0) 22
[17:44:55.150]: (-0.1, 2.3, 2.0) 22
[17:44:55.172]: (-0.1, 2.3, 2.0) 22
[17:44:55.194]: (-0.1, 2.3, 2.0) 22
[17:44:55.216]: (-0.1, 2.3, 2.0) 22
[17:44:55.239]: (-0.1, 2.3, 2.0) 22
[17:44:55.260]: (0.0, 2.3, 2.0) 22
[17:44:55.283]: (0.0, 2.3, 2.0) 22
[17:44:55.327]: (0.0, 2.3, 2.0) 22
[17:44:55.350]: (0.0, 2.3, 2.0) 22
[17:44:55.372]: (0.0, 2.3, 2.0) 22
[17:44:55.394]: (0.0, 2.3, 2.0) 22
[17:44:55.417]: (0.0, 2.3, 2.0) 22
[17:44:55.439]: (0.0, 2.3, 2.0) 22
[17:44:55.482]: (0.0, 2.3, 2.0) 22
[17:44:55.506]: (0.0, 2.3, 2.0) 22
[17:44:55.527]: (0.0, 2.3, 2.0) 22
[17:44:55.550]: (0.0, 2.3, 2.0) 22
[17:44:55.571]: (0.0, 2.3, 2.0) 22
[17:44:55.617]: (0.0, 2.3, 2.0) 22
[17:44:55.637]: (0.0, 2.3, 2.0) 22
[17:44:55.654]: (0.0, 2.3, 2.0) 22
[17:44:55.670]: (0.0, 2.3, 2.0) 22
[17:44:55.687]: (0.0, 2.3, 2.0) 22
[17:44:55.703]: (0.0, 2.3, 2.0) 22
[17:44:56.013]: (0.1, 2.4, 2.0) 28
[17:44:56.060]: (0.6, 2.0, 1.8) 47
[17:44:56.521]: (0.7, 1.8, 1.7) 46
[17:45:03.030]: (0.4, 1.8, 1.7) 46
[17:45:03.052]: (0.4, 1.8, 1.7) 46
[17:45:03.178]: (0.4, 1.8, 1.8) 46
[17:45:03.291]: (0.5, 1.8, 1.9) 36
