[17:31:36.072]: (-3.4, -1.7, -0.1) 23
[17:31:36.136]: (-2.6, -0.9, 0.0) 28
[17:31:36.169]: (-2.6, -0.9, 0.0) 28
[17:31:36.269]: (-3.4, -1.7, 0.0) 23
[17:31:36.302]: (-3.4, -1.7, 0.0) 23
[17:31:36.336]: (-3.4, -1.7, 0.0) 23
[17:31:36.360]: (-2.6, -0.9, -0.1) 28
[17:31:36.380]: (-2.6, -0.9, -0.1) 28
[17:31:36.402]: (-2.6, -0.9, 0.0) 28
[17:31:36.425]: (-2.6, -0.9, 0.0) 28
[17:31:36.447]: (-2.6, -0.9, 0.0) 28
[17:31:36.468]: (-2.6, -0.9, 0.0) 28
[17:31:36.491]: (-2.6, -0.9, 0.0) 28
[17:31:36.513]: (-2.6, -0.9, 0.0) 28
[17:31:36.535]: (-2.6, -0.9, 0.0) 28
[17:31:36.558]: (-2.6, -0.9, 0.0) 28
[17:31:36.656]: (-2.7, -0.8, 0.0) 28
[17:31:36.869]: (-3.4, -0.6, 1.0) 35
[17:31:37.293]: (-1.4, 0.7, 4.9) 1
[17:31:37.313]: (-1.3, 0.8, 4.9) 1
[17:31:37.335]: (-1.2, 0.8, 4.9) 2
[17:31:37.580]: (-0.6, 1.0, 3.3) 32
[17:31:37.604]: (-0.6, 1.0, 3.5) 33
[17:31:37.624]: (-0.6, 1.0, 3.5) 33
[17:31:37.685]: (-0.6, 1.0, 1.5) 8
[17:31:38.106]: (0.5, 1.1, 2.9) 29
[17:31:38.127]: (0.5, 1.1, 2.9) 29
[17:31:38.149]: (0.5, 1.1, 2.9) 29
[17:31:38.166]: (0.5, 1.1, 2.9) 29
[17:31:38.182]: (0.5, 1.1, 2.9) 29
[17:31:38.214]: (0.5, 1.1, 2.9) 29
[17:31:38.230]: (0.6, 1.1, 2.9) 29
[17:31:38.258]: (0.6, 1.1, 2.8) 28
[17:31:38.291]: (0.6, 1.1, 2.8) 28
[17:31:38.324]: (0.6, 1.1, 2.8) 28
[17:31:38.357]: (0.6, 1.2, 2.8) 28
[17:31:38.392]: (0.5, 1.1, 2.9) 29
[17:31:38.524]: (0.0, 1.0, 5.0) 1
[17:31:38.590]: (-0.4, 1.0, 3.5) 33
[17:31:38.624]: (-0.5, 1.0, 3.5) 33
[17:31:38.657]: (-0.5, 1.0, 3.5) 33
[17:31:38.691]: (-0.5, 1.0, 3.5) 33
[17:31:38.758]: (-0.7, 0.9, 3.4) 34
[17:31:38.792]: (-0.7, 1.0, 3.4) 34
[17:31:38.891]: (-0.7, 1.0, 3.4) 34
[17:31:39.946]: (0.6, 1.0, 4.0) 23
[17:31:39.969]: (0.6, 1.0, 3.9) 23
[17:31:40.580]: (0.7, 1.0, 4.3) 20
[17:31:42.812]: (-0.5, 1.0, 3.3) 32
[17:31:42.878]: (-0.6, 0.9, 3.4) 31
[17:31:43.098]: (-0.7, 0.9, 3.3) 34
[17:31:43.114]: (-0.7, 0.9, 3.3) 34
[17:31:43.131]: (-0.7, 0.9, 3.3) 34
[17:31:43.147]: (-0.7, 0.9, 3.3) 34
[17:31:43.163]: (-0.7, 0.9, 3.3) 34
[17:31:43.181]: (-0.7, 0.9, 3.3) 34
[17:31:43.197]: (-0.8, 0.9, 3.3) 34
[17:31:43.212]: (-0.8, 0.9, 3.3) 34
[17:31:43.229]: (-0.8, 0.9, 3.3) 34
[17:31:43.744]: (-1.1, 0.9, 2.1) 14
[17:31:43.767]: (-1.2, 0.9, 2.1) 14
[17:31:43.789]: (-1.1, 0.9, 2.1) 14
[17:31:43.806]: (-1.1, 0.9, 2.1) 14
[17:31:43.823]: (-1.1, 0.9, 2.1) 14
[17:31:43.839]: (-1.1, 0.9, 2.1) 14
[17:31:43.855]: (-1.1, 0.9, 2.1) 14
[17:31:43.871]: (-1.2, 0.9, 2.1) 14
[17:31:43.888]: (-1.2, 0.9, 2.1) 14
[17:31:43.904]: (-1.2, 0.9, 2.1) 14
[17:31:43.920]: (-1.2, 0.9, 2.2) 14
[17:31:43.937]: (-1.2, 0.9, 2.1) 14
[17:31:43.953]: (-1.2, 0.9, 2.2) 14
[17:31:43.985]: (-1.2, 0.9, 2.1) 14
[17:31:44.002]: (-1.2, 0.9, 2.1) 14
[17:31:44.034]: (-1.2, 0.9, 2.1) 14
[17:31:44.049]: (-1.2, 0.9, 2.1) 14
[17:31:44.066]: (-1.2, 0.9, 2.1) 14
[17:31:44.083]: (-1.2, 0.9, 2.1) 14
[17:31:44.099]: (-1.2, 0.9, 2.1) 14
[17:31:44.115]: (-1.2, 0.9, 2.1) 14
[17:31:44.132]: (-1.2, 0.9, 2.1) 14
[17:31:44.149]: (-1.2, 0.9, 2.1) 14
[17:31:44.165]: (-1.2, 0.9, 2.1) 14
[17:31:44.181]: (-1.2, 0.9, 2.1) 14
[17:31:44.198]: (-1.2, 0.9, 2.1) 14
[17:31:44.214]: (-1.2, 0.9, 2.1) 14
[17:31:44.880]: (-0.5, 1.0, 3.2) 32
[17:31:46.054]: (-0.8, 1.1, 1.3) 11
[17:31:46.077]: (-0.8, 1.1, 1.3) 11
[17:31:46.100]: (-1.0, 1.0, 2.2) 13
[17:31:46.121]: (-0.7, 1.1, 1.4) 8
[17:31:46.144]: (-0.8, 1.1, 1.4) 8
[17:31:46.300]: (-0.7, 0.9, 3.3) 34
[17:31:46.438]: (-0.9, 1.0, 1.6) 6
[17:31:46.469]: (-1.2, 0.9, 2.1) 14
[17:31:46.485]: (-1.2, 0.8, 2.1) 14
[17:31:46.501]: (-1.1, 0.9, 2.1) 14
[17:31:46.518]: (-1.2, 0.9, 2.1) 14
[17:31:46.534]: (-1.1, 0.9, 2.1) 14
[17:31:46.551]: (-1.1, 0.9, 2.1) 14
[17:31:46.568]: (-1.1, 0.9, 2.2) 14
[17:31:46.585]: (-1.1, 0.9, 2.1) 14
[17:31:46.601]: (-1.1, 0.9, 2.2) 14
[17:31:46.617]: (-1.1, 0.9, 2.2) 14
[17:31:46.633]: (-1.1, 0.9, 2.2) 14
[17:31:46.651]: (-1.1, 0.9, 2.2) 14
[17:31:46.667]: (-1.1, 0.9, 2.3) 12
[17:31:46.684]: (-1.1, 0.9, 2.2) 14
[17:31:46.701]: (-1.1, 0.9, 2.3) 12
[17:31:46.718]: (-1.1, 0.9, 2.3) 12
[17:31:46.734]: (-1.1, 0.9, 2.3) 12
[17:31:46.751]: (-1.1, 0.9, 2.2) 12
[17:31:46.767]: (-1.1, 0.9, 2.2) 12
[17:31:46.785]: (-1.1, 0.9, 2.2) 12
[17:31:46.804]: (-1.1, 0.9, 2.2) 12
[17:31:46.821]: (-1.1, 0.9, 2.2) 12
[17:31:46.838]: (-1.1, 0.9, 2.2) 12
[17:31:46.855]: (-1.1, 0.9, 2.2) 12
[17:31:46.872]: (-1.1, 0.9, 2.2) 12
[17:31:46.887]: (-0.9, 1.1, 1.6) 4
[17:31:46.904]: (-0.9, 1.1, 1.6) 4
[17:31:46.921]: (-0.9, 1.1, 1.6) 4
[17:31:46.942]: (-0.9, 1.1, 1.6) 4
[17:31:46.966]: (-0.9, 1.1, 1.6) 4
[17:31:46.987]: (-0.9, 1.1, 1.6) 4
[17:31:47.009]: (-0.9, 1.1, 1.6) 4
[17:31:47.032]: (-0.9, 1.1, 1.6) 4
[17:31:47.054]: (-0.9, 1.1, 1.6) 4
[17:31:47.077]: (-0.9, 1.1, 1.6) 4
[17:31:47.099]: (-0.9, 1.1, 1.6) 4
[17:31:47.120]: (-0.9, 1.1, 1.6) 4
[17:31:47.143]: (-0.9, 1.1, 1.6) 4
[17:31:47.167]: (-0.9, 1.1, 1.6) 4
[17:31:47.186]: (-0.9, 1.1, 1.6) 4
[17:31:47.209]: (-0.9, 1.1, 1.6) 4
[17:31:47.231]: (-0.9, 1.1, 1.6) 4
[17:31:47.254]: (-0.9, 1.1, 1.6) 4
[17:31:47.276]: (-0.9, 1.1, 1.7) 4
[17:31:47.300]: (-0.9, 1.1, 1.6) 4
[17:31:47.321]: (-0.9, 1.1, 1.7) 4
[17:31:47.339]: (-1.1, 0.9, 2.2) 12
[17:31:47.354]: (-1.1, 0.9, 2.2) 12
[17:31:47.371]: (-1.1, 0.9, 2.2) 12
[17:31:47.388]: (-1.1, 0.9, 2.2) 12
[17:31:47.406]: (-0.9, 1.1, 1.6) 4
[17:31:47.421]: (-0.9, 1.1, 1.6) 4
[17:31:47.437]: (-0.9, 1.1, 1.6) 4
[17:31:47.454]: (-0.9, 1.1, 1.6) 4
[17:31:47.469]: (-0.9, 1.1, 1.6) 4
[17:31:47.487]: (-0.9, 1.1, 1.6) 4
[17:31:47.504]: (-0.9, 1.1, 1.6) 4
[17:31:47.520]: (-0.9, 1.1, 1.6) 4
[17:31:47.535]: (-0.9, 1.1, 1.6) 4
[17:31:47.552]: (-0.9, 1.1, 1.6) 4
[17:31:47.568]: (-0.9, 1.1, 1.6) 4
[17:31:47.586]: (-0.9, 1.1, 1.6) 4
[17:31:47.605]: (-0.9, 1.1, 1.6) 4
[17:31:47.620]: (-0.9, 1.1, 1.6) 4
[17:31:47.638]: (-0.9, 1.1, 1.7) 4
[17:31:47.655]: (-1.1, 0.9, 2.3) 12
[17:31:47.671]: (-1.1, 0.9, 2.3) 12
[17:31:47.688]: (-0.8, 1.1, 1.4) 8
[17:31:52.009]: (-0.6, 1.0, 3.4) 31
[17:31:52.541]: (-0.7, 0.9, 3.3) 34
[17:31:52.562]: (-0.5, 1.1, 3.2) 32
[17:31:53.130]: (0.7, 0.9, 2.7) 26
[17:31:53.152]: (0.7, 0.9, 2.7) 26
[17:31:53.195]: (0.7, 0.9, 2.7) 26
[17:31:53.440]: (0.5, 0.9, 2.9) 29
[17:31:54.983]: (-0.6, 1.0, 3.4) 31
[17:31:55.006]: (-0.6, 1.0, 3.3) 32
[17:31:55.028]: (-0.6, 1.0, 3.2) 32
[17:31:55.050]: (-0.6, 1.0, 3.3) 32
[17:31:55.073]: (-0.6, 1.1, 3.4) 31
[17:31:55.095]: (-0.7, 1.1, 3.4) 30
[17:31:55.228]: (-0.8, 1.1, 3.5) 35
[17:31:55.571]: (-0.7, 1.1, 1.4) 8
[17:31:55.589]: (-0.8, 0.9, 1.6) 6
[17:31:55.609]: (-0.8, 1.0, 1.6) 6
[17:31:55.626]: (-0.8, 1.0, 1.6) 6
[17:31:55.644]: (-0.7, 1.0, 1.3) 11
[17:31:55.661]: (-0.7, 1.0, 1.3) 11
[17:31:55.677]: (-0.7, 1.0, 1.3) 11
[17:31:55.695]: (-0.8, 1.0, 1.3) 11
[17:31:55.713]: (-0.8, 1.0, 1.3) 11
[17:31:55.731]: (-0.8, 1.1, 1.3) 11
[17:31:55.752]: (-0.8, 1.1, 1.3) 11
[17:31:55.775]: (-0.8, 1.1, 1.3) 11
[17:31:55.796]: (-0.7, 1.0, 1.3) 11
[17:31:55.817]: (-0.7, 1.0, 1.3) 11
[17:31:56.255]: (0.7, 0.9, 2.9) 27
[17:31:56.927]: (0.6, 1.0, 3.9) 23
[17:31:58.393]: (0.6, 1.0, 4.0) 23
[17:31:58.438]: (0.5, 1.0, 4.0) 23
[17:31:58.460]: (0.6, 1.0, 4.0) 23
[17:31:58.484]: (0.6, 1.0, 4.0) 23
[17:31:58.505]: (0.6, 1.0, 4.0) 23
[17:31:58.528]: (0.6, 1.0, 4.0) 23
[17:31:58.550]: (0.6, 1.0, 4.0) 23
[17:31:58.571]: (0.6, 1.0, 4.0) 23
[17:31:58.593]: (0.6, 1.0, 4.0) 23
[17:31:58.616]: (0.6, 1.0, 4.0) 23
[17:31:58.638]: (0.6, 1.0, 4.0) 23
[17:31:58.705]: (0.5, 1.0, 4.0) 23
[17:31:59.832]: (-0.5, 0.9, 3.5) 33
[17:31:59.848]: (-0.5, 0.9, 3.5) 33
[17:31:59.880]: (-0.6, 0.9, 3.5) 33
[17:31:59.993]: (-0.7, 0.9, 3.3) 34
[17:32:01.160]: (-0.7, 1.1, 1.4) 8
[17:32:01.182]: (-1.2, 0.9, 2.2) 14
[17:32:01.247]: (-1.0, 1.0, 1.4) 7
[17:32:01.271]: (-1.0, 1.0, 1.4) 7
[17:32:01.317]: (-1.0, 1.0, 1.5) 7
[17:32:01.349]: (-1.0, 1.0, 1.5) 7
[17:32:01.365]: (-1.0, 1.0, 1.5) 7
[17:32:01.382]: (-1.0, 1.0, 1.5) 7
[17:32:01.398]: (-1.0, 1.0, 1.5) 7
[17:32:01.416]: (-1.0, 1.0, 1.4) 7
[17:32:01.432]: (-1.0, 1.0, 1.4) 7
[17:32:01.447]: (-1.0, 1.0, 1.5) 7
[17:32:01.464]: (-1.0, 1.0, 1.4) 7
[17:32:01.480]: (-1.0, 1.0, 1.4) 7
[17:32:01.496]: (-1.0, 1.0, 1.4) 7
[17:32:01.512]: (-1.0, 1.0, 1.4) 7
[17:32:01.528]: (-1.0, 1.0, 1.4) 7
[17:32:01.545]: (-1.0, 1.0, 1.4) 7
[17:32:01.560]: (-1.0, 1.0, 1.4) 7
[17:32:01.577]: (-1.0, 1.0, 1.4) 7
[17:32:01.596]: (-1.0, 1.0, 1.4) 7
[17:32:01.615]: (-1.0, 1.0, 1.4) 7
[17:32:01.738]: (-1.0, 0.9, 1.5) 7
[17:32:01.758]: (-1.0, 0.9, 1.4) 7
[17:32:01.825]: (-1.0, 0.9, 1.5) 7
[17:32:02.318]: (-0.9, 0.9, 1.5) 7
[17:32:02.334]: (-1.0, 0.9, 1.5) 7
[17:32:02.366]: (-1.0, 0.9, 1.5) 7
[17:32:02.383]: (-1.0, 0.9, 1.5) 7
[17:32:02.400]: (-1.0, 0.9, 1.5) 7
[17:32:02.416]: (-1.0, 0.9, 1.5) 7
[17:32:02.725]: (-0.9, 0.9, 1.5) 7
[17:32:02.748]: (-0.9, 0.9, 1.5) 7
[17:32:02.772]: (-0.9, 0.9, 1.5) 7
[17:32:03.460]: (-1.1, 1.0, 1.4) 7
[17:32:03.482]: (-1.1, 1.0, 1.4) 7
[17:32:03.505]: (-1.1, 1.0, 1.4) 7
[17:32:03.526]: (-1.0, 1.1, 1.4) 7
[17:32:03.547]: (-1.0, 1.1, 1.4) 7
[17:32:03.567]: (-1.0, 1.1, 1.4) 7
[17:32:03.589]: (-1.0, 1.1, 1.4) 7
[17:32:03.610]: (-1.4, 0.9, 2.3) 18
[17:32:03.633]: (-1.3, 1.0, 2.1) 12
[17:32:03.655]: (-1.3, 0.9, 2.1) 12
[17:32:03.676]: (-1.1, 1.1, 1.5) 4
[17:32:04.382]: (0.0, -0.2, 3.2) 31
[17:32:04.425]: (-0.1, -0.1, 3.3) 31
[17:32:04.447]: (-0.2, 0.0, 3.3) 31
[17:32:05.251]: (-0.5, 0.5, 3.4) 34
[17:32:05.748]: (-0.4, 0.6, 3.5) 30
[17:32:05.770]: (-0.4, 0.6, 3.5) 30
[17:32:05.811]: (-0.5, 0.6, 3.5) 30
[17:32:05.828]: (-0.5, 0.6, 3.5) 30
[17:32:05.845]: (-0.4, 0.6, 3.5) 30
[17:32:05.861]: (-0.4, 0.6, 3.5) 30
[17:32:05.880]: (-0.4, 0.6, 3.5) 30
[17:32:05.902]: (-0.5, 0.6, 3.5) 30
[17:32:05.919]: (-0.5, 0.5, 3.5) 30
[17:32:05.934]: (-0.5, 0.5, 3.5) 30
[17:32:05.951]: (-0.5, 0.5, 3.5) 30
[17:32:05.966]: (-0.5, 0.5, 3.5) 30
[17:32:05.982]: (-0.5, 0.5, 3.4) 30
[17:32:05.999]: (-0.5, 0.5, 3.5) 30
[17:32:06.017]: (-0.5, 0.5, 3.4) 30
[17:32:06.033]: (-0.5, 0.5, 3.4) 30
[17:32:06.048]: (-0.5, 0.5, 3.4) 30
[17:32:06.065]: (-0.5, 0.5, 3.4) 30
[17:32:06.080]: (-0.5, 0.5, 3.4) 30
[17:32:06.097]: (-0.5, 0.5, 3.4) 30
[17:32:06.114]: (-0.5, 0.5, 3.4) 30
[17:32:06.131]: (-0.5, 0.5, 3.4) 30
[17:32:06.148]: (-0.5, 0.6, 3.5) 30
[17:32:06.168]: (-0.5, 0.6, 3.5) 30
[17:32:06.191]: (-0.5, 0.6, 3.5) 30
[17:32:06.214]: (-0.4, 0.5, 3.4) 30
[17:32:06.949]: (-0.6, 0.8, 1.5) 8
[17:32:06.968]: (-0.6, 0.8, 1.5) 8
[17:32:06.990]: (-0.6, 0.9, 1.4) 11
[17:32:07.013]: (-0.5, 0.8, 1.5) 8
[17:32:07.035]: (-0.6, 0.8, 1.5) 8
[17:32:07.057]: (-0.5, 0.8, 1.5) 8
[17:32:07.079]: (-0.5, 0.8, 1.5) 8
[17:32:08.912]: (-0.1, 1.0, 3.5) 31
[17:32:08.934]: (0.0, 1.0, 3.5) 31
[17:32:09.155]: (-0.1, 0.9, 3.5) 34
[17:32:09.201]: (-0.1, 1.0, 3.5) 34
[17:32:09.222]: (-0.1, 1.0, 3.5) 34
[17:32:09.245]: (-0.1, 1.0, 3.5) 34
[17:32:09.335]: (-0.5, 1.1, 1.8) 4
[17:32:09.356]: (-0.5, 1.1, 1.8) 4
[17:32:09.378]: (-0.5, 1.1, 1.8) 4
[17:32:09.401]: (-0.5, 1.1, 1.8) 4
[17:32:09.422]: (-0.5, 1.1, 1.8) 4
[17:32:09.444]: (-0.5, 1.1, 1.8) 4
[17:32:09.467]: (-0.5, 1.1, 1.8) 4
[17:32:09.490]: (-0.5, 1.1, 1.8) 4
[17:32:09.513]: (-0.5, 1.1, 1.8) 4
[17:32:09.534]: (-0.5, 1.1, 1.8) 4
[17:32:09.556]: (-0.5, 1.1, 1.8) 4
[17:32:09.579]: (-0.5, 1.1, 1.8) 4
[17:32:09.600]: (-0.5, 1.1, 1.8) 4
[17:32:09.624]: (-0.5, 1.1, 1.8) 4
[17:32:09.648]: (-0.5, 1.1, 1.8) 4
[17:32:09.671]: (-0.8, 1.0, 2.7) 17
[17:32:09.716]: (-1.2, 0.9, 3.3) 42
[17:32:09.783]: (-1.2, 0.9, 3.3) 42
[17:32:09.805]: (-1.2, 0.9, 3.3) 42
[17:32:09.827]: (-1.2, 0.9, 3.3) 42
[17:32:09.849]: (-1.2, 1.0, 3.3) 42
[17:32:09.871]: (-1.2, 1.0, 3.3) 42
[17:32:09.894]: (-1.2, 1.0, 3.3) 42
[17:32:09.917]: (-1.2, 1.0, 3.3) 42
[17:32:09.963]: (-1.3, 1.0, 3.3) 41
[17:32:09.982]: (-1.3, 1.0, 3.3) 41
[17:32:10.005]: (-1.3, 1.0, 3.3) 41
[17:32:10.028]: (-1.3, 1.0, 3.3) 41
[17:32:10.048]: (-1.4, 0.9, 3.2) 43
[17:32:10.070]: (-1.4, 0.9, 3.2) 43
[17:32:10.094]: (-1.4, 0.9, 3.2) 43
[17:32:10.110]: (-1.4, 1.0, 3.2) 43
[17:32:10.126]: (-1.4, 0.9, 3.2) 43
[17:32:10.142]: (-1.4, 1.0, 3.2) 43
[17:32:10.157]: (-1.4, 1.0, 3.2) 43
[17:32:10.174]: (-1.4, 1.0, 3.2) 43
[17:32:10.190]: (-1.4, 0.9, 3.2) 43
[17:32:10.221]: (-1.4, 0.9, 3.2) 43
[17:32:10.285]: (-1.4, 0.9, 3.2) 43
[17:32:10.362]: (-1.4, 0.9, 3.2) 43
[17:32:10.380]: (-1.4, 0.9, 3.2) 43
[17:32:10.459]: (-1.4, 0.9, 3.2) 43
[17:32:10.538]: (-1.4, 0.9, 3.2) 43
[17:32:10.688]: (-1.3, 1.0, 3.3) 41
[17:32:10.779]: (-1.3, 1.0, 3.3) 41
[17:32:10.800]: (-1.3, 1.0, 3.3) 41
[17:32:10.823]: (-1.3, 0.9, 3.3) 41
[17:32:10.846]: (-1.3, 1.0, 3.3) 41
[17:32:10.866]: (-1.3, 1.0, 3.3) 41
[17:32:10.890]: (-1.3, 1.0, 3.3) 41
[17:32:10.913]: (-1.3, 1.0, 3.3) 41
[17:32:10.933]: (-1.3, 1.0, 3.3) 41
[17:32:10.955]: (-1.3, 1.0, 3.3) 41
[17:32:10.977]: (-1.3, 1.0, 3.3) 41
[17:32:10.997]: (-1.3, 0.9, 3.3) 41
[17:32:11.961]: (-0.4, 1.1, 1.6) 8
[17:32:11.978]: (-0.5, 1.0, 1.7) 6
[17:32:11.997]: (-0.5, 1.1, 1.5) 11
[17:32:12.015]: (-0.5, 1.0, 1.7) 6
[17:32:12.033]: (-0.5, 1.1, 1.5) 11
[17:32:12.052]: (-0.5, 1.0, 1.7) 6
[17:32:12.068]: (-0.5, 1.1, 1.5) 11
[17:32:12.086]: (-0.5, 1.0, 1.7) 6
[17:32:12.102]: (-0.5, 1.0, 1.7) 6
[17:32:12.120]: (-0.5, 1.0, 1.7) 6
[17:32:12.137]: (-0.5, 1.1, 1.5) 11
[17:32:12.236]: (-0.5, 1.0, 1.7) 6
[17:32:12.254]: (-0.5, 1.0, 1.7) 6
[17:32:12.273]: (-0.5, 1.0, 1.7) 6
[17:32:12.289]: (-0.5, 1.0, 1.7) 6
[17:32:12.308]: (-0.6, 0.9, 2.6) 16
[17:32:12.766]: (-0.5, 1.1, 1.8) 4
[17:32:12.790]: (-0.6, 1.1, 1.8) 4
[17:32:12.810]: (-0.5, 1.1, 1.8) 4
[17:32:12.833]: (-0.5, 1.1, 1.8) 4
[17:32:12.854]: (-0.5, 1.1, 1.8) 4
[17:32:12.876]: (-0.5, 1.1, 1.8) 4
[17:32:12.894]: (-0.5, 1.1, 1.8) 4
[17:32:12.913]: (-0.5, 1.1, 1.8) 4
[17:32:12.930]: (-0.6, 0.9, 2.6) 16
[17:32:12.948]: (-0.6, 0.9, 2.6) 16
[17:32:12.964]: (-0.6, 0.9, 2.6) 16
[17:32:12.980]: (-0.6, 0.9, 2.6) 16
[17:32:12.996]: (-0.6, 0.9, 2.6) 16
[17:32:13.014]: (-0.6, 0.9, 2.6) 16
[17:32:13.032]: (-0.7, 0.9, 2.6) 16
[17:32:13.048]: (-0.7, 0.9, 2.7) 18
[17:32:13.065]: (-0.6, 0.9, 2.6) 16
[17:32:13.084]: (-0.6, 1.0, 1.7) 7
[17:32:13.178]: (-0.6, 1.0, 1.7) 7
[17:32:13.194]: (-0.6, 1.0, 1.7) 7
[17:32:13.211]: (-0.6, 1.0, 1.7) 7
[17:32:13.274]: (-0.6, 1.0, 1.7) 7
[17:32:13.289]: (-0.6, 1.0, 1.7) 7
[17:32:13.354]: (-0.6, 1.0, 1.7) 7
[17:32:13.377]: (-0.6, 1.0, 1.7) 7
[17:32:13.421]: (-0.8, 1.0, 2.4) 14
[17:32:13.443]: (-0.8, 1.0, 2.4) 14
[17:32:13.466]: (-0.8, 1.0, 2.4) 14
[17:32:13.488]: (-0.8, 1.0, 2.4) 14
[17:32:13.510]: (-0.8, 1.0, 2.3) 14
[17:32:13.533]: (-0.8, 1.0, 2.4) 14
[17:32:13.557]: (-0.8, 1.0, 2.4) 14
[17:32:13.576]: (-0.8, 1.0, 2.4) 14
[17:32:13.602]: (-0.8, 1.0, 2.4) 14
[17:32:13.620]: (-0.8, 1.0, 2.4) 14
[17:32:13.666]: (-0.8, 1.0, 2.4) 14
[17:32:15.153]: (-0.7, 1.0, 1.7) 7
[17:32:15.176]: (-0.7, 1.0, 1.7) 7
[17:32:15.198]: (-0.7, 1.0, 1.7) 7
[17:32:15.221]: (-0.7, 1.0, 1.7) 7
[17:32:15.242]: (-0.7, 1.0, 1.7) 7
[17:32:15.265]: (-0.7, 1.0, 1.7) 7
[17:32:15.309]: (-0.7, 1.0, 1.7) 7
[17:32:15.332]: (-0.7, 1.0, 1.7) 7
[17:32:15.353]: (-0.7, 1.0, 1.7) 7
[17:32:15.377]: (-0.7, 1.0, 1.7) 7
[17:32:15.398]: (-0.7, 1.0, 1.6) 7
[17:32:15.422]: (-0.7, 1.0, 1.6) 7
[17:32:15.444]: (-0.8, 0.8, 2.5) 16
[17:32:15.466]: (-0.8, 0.8, 2.5) 16
[17:32:15.487]: (-0.8, 0.8, 2.5) 16
[17:32:15.509]: (-0.8, 0.8, 2.5) 16
[17:32:15.530]: (-0.7, 1.0, 1.7) 6
[17:32:15.551]: (-0.7, 1.0, 1.7) 6
[17:32:15.572]: (-0.7, 1.0, 1.7) 6
[17:32:15.591]: (-0.8, 1.0, 1.6) 7
[17:32:15.611]: (-0.9, 1.0, 1.6) 7
[17:32:15.632]: (-0.9, 1.0, 1.6) 7
[17:32:15.652]: (-0.9, 1.0, 1.6) 7
[17:32:15.674]: (-0.9, 1.0, 1.6) 7
[17:32:15.696]: (-0.9, 1.0, 1.6) 7
[17:32:15.840]: (-0.9, 1.0, 1.6) 7
[17:32:16.498]: (-0.4, 1.2, 1.7) 7
[17:32:16.533]: (-0.4, 1.2, 1.7) 7
[17:32:16.565]: (-0.4, 1.2, 1.7) 7
[17:32:16.599]: (-0.4, 1.2, 1.7) 7
[17:32:16.631]: (-0.4, 1.2, 1.7) 7
[17:32:16.665]: (-0.4, 1.2, 1.7) 7
[17:32:16.698]: (-0.4, 1.2, 1.7) 7
[17:32:16.731]: (-0.4, 1.2, 1.7) 7
[17:32:16.942]: (-0.4, 1.2, 1.7) 7
[17:32:16.965]: (-0.4, 1.2, 1.7) 7
[17:32:16.986]: (-0.4, 1.2, 1.7) 7
[17:32:17.008]: (-0.4, 1.2, 1.7) 7
[17:32:17.032]: (-0.4, 1.2, 1.7) 7
[17:32:17.054]: (-0.4, 1.2, 1.7) 7
[17:32:17.075]: (-0.4, 1.3, 1.7) 7
[17:32:17.097]: (-0.4, 1.3, 1.7) 7
[17:32:17.120]: (-0.4, 1.3, 1.7) 7
[17:32:17.141]: (-0.4, 1.3, 1.7) 7
[17:32:17.164]: (-0.4, 1.3, 1.7) 7
[17:32:17.187]: (-0.4, 1.3, 1.7) 7
[17:32:17.208]: (-0.4, 1.3, 2.4) 14
[17:32:17.230]: (-0.4, 1.3, 2.4) 14
[17:32:17.253]: (-0.4, 1.3, 1.7) 7
[17:32:17.275]: (-0.4, 1.3, 1.7) 7
[17:32:17.297]: (-0.4, 1.3, 1.7) 7
[17:32:17.320]: (-0.4, 1.3, 2.7) 18
[17:32:17.342]: (-0.4, 1.3, 2.4) 14
[17:32:17.364]: (-0.4, 1.3, 2.4) 14
[17:32:17.386]: (-0.4, 1.3, 2.4) 14
[17:32:17.409]: (-0.4, 1.3, 2.4) 14
[17:32:17.431]: (-0.4, 1.3, 1.7) 7
[17:32:17.452]: (-0.4, 1.3, 2.4) 14
[17:32:17.475]: (-0.4, 1.3, 2.4) 14
[17:32:17.498]: (-0.4, 1.3, 2.4) 14
[17:32:17.520]: (-0.4, 1.3, 2.4) 14
[17:32:17.543]: (-0.4, 1.3, 2.4) 14
[17:32:17.565]: (-0.4, 1.3, 2.4) 14
[17:32:17.588]: (-0.4, 1.3, 2.4) 14
[17:32:17.611]: (-0.4, 1.3, 2.4) 14
[17:32:17.634]: (-0.4, 1.3, 2.4) 14
[17:32:17.658]: (-0.4, 1.3, 2.4) 14
[17:32:17.680]: (-0.4, 1.3, 2.4) 14
[17:32:17.701]: (-0.4, 1.3, 2.4) 14
[17:32:17.724]: (-0.4, 1.3, 2.4) 14
[17:32:17.746]: (-0.4, 1.3, 2.4) 14
[17:32:17.768]: (-0.4, 1.3, 2.4) 14
[17:32:17.790]: (-0.4, 1.3, 2.4) 14
[17:32:17.813]: (-0.4, 1.3, 2.4) 14
[17:32:17.835]: (-0.4, 1.3, 2.4) 14
[17:32:17.857]: (-0.4, 1.3, 2.4) 14
[17:32:17.881]: (-0.4, 1.3, 2.4) 14
[17:32:17.901]: (-0.4, 1.3, 2.4) 14
[17:32:17.924]: (-0.4, 1.3, 2.4) 14
[17:32:17.947]: (-0.4, 1.3, 2.4) 14
[17:32:17.968]: (-0.4, 1.3, 2.4) 14
[17:32:17.990]: (-0.4, 1.3, 2.4) 14
[17:32:18.012]: (-0.5, 1.3, 2.4) 14
[17:32:18.453]: (-0.4, 1.3, 2.4) 14
[17:32:18.586]: (-0.4, 1.3, 2.8) 18
[17:32:18.742]: (-0.4, 1.4, 2.5) 12
[17:32:18.765]: (-0.4, 1.3, 2.5) 12
[17:32:18.785]: (-0.4, 1.4, 2.5) 12
[17:32:18.807]: (-0.3, 1.4, 2.5) 12
[17:32:18.831]: (-0.4, 1.3, 2.7) 18
[17:32:18.853]: (-0.4, 1.3, 2.7) 18
[17:32:18.875]: (-0.3, 1.3, 2.5) 12
[17:32:18.899]: (-0.3, 1.3, 2.7) 18
[17:32:18.921]: (-0.3, 1.3, 2.7) 18
[17:32:18.942]: (-0.3, 1.3, 2.7) 18
[17:32:18.964]: (-0.3, 1.3, 2.7) 18
[17:32:18.985]: (-0.3, 1.3, 2.7) 18
[17:32:19.007]: (-0.3, 1.3, 2.7) 18
[17:32:19.024]: (-0.3, 1.3, 2.7) 18
[17:32:19.041]: (-0.3, 1.3, 2.5) 12
[17:32:19.057]: (-0.3, 1.3, 2.7) 18
[17:32:19.075]: (-0.3, 1.3, 2.7) 18
[17:32:19.090]: (-0.3, 1.3, 2.7) 16
[17:32:19.108]: (-0.3, 1.3, 2.7) 18
[17:32:19.124]: (-0.3, 1.3, 2.7) 16
[17:32:19.141]: (-0.3, 1.2, 2.7) 16
[17:32:19.157]: (-0.3, 1.3, 2.6) 16
[17:32:19.176]: (-0.3, 1.3, 2.6) 16
[17:32:19.192]: (-0.3, 1.3, 2.6) 16
[17:32:19.208]: (-0.3, 1.3, 2.7) 16
[17:32:19.227]: (-0.3, 1.3, 2.6) 16
[17:32:19.243]: (-0.3, 1.3, 2.7) 16
[17:32:19.260]: (-0.3, 1.2, 2.6) 16
[17:32:19.276]: (-0.3, 1.3, 2.6) 16
[17:32:19.292]: (-0.3, 1.3, 2.6) 16
[17:32:19.308]: (-0.3, 1.2, 2.6) 16
[17:32:19.325]: (-0.3, 1.3, 2.6) 16
[17:32:19.342]: (-0.3, 1.3, 2.6) 16
[17:32:19.359]: (-0.3, 1.3, 2.6) 16
[17:32:19.375]: (-0.3, 1.3, 2.6) 16
[17:32:19.391]: (-0.3, 1.3, 2.6) 16
[17:32:19.407]: (-0.3, 1.3, 2.6) 16
[17:32:19.424]: (-0.3, 1.3, 2.6) 16
[17:32:19.439]: (-0.3, 1.3, 2.5) 12
[17:32:19.455]: (-0.3, 1.3, 2.6) 16
[17:32:19.472]: (-0.3, 1.3, 2.7) 16
[17:32:19.488]: (-0.3, 1.3, 2.6) 16
[17:32:19.507]: (-0.3, 1.3, 1.8) 4
[17:32:19.530]: (-0.3, 1.3, 1.8) 4
[17:32:19.552]: (-0.3, 1.3, 1.8) 4
[17:32:19.574]: (-0.3, 1.3, 1.8) 4
[17:32:19.596]: (-0.3, 1.3, 1.8) 4
[17:32:19.620]: (-0.3, 1.3, 1.8) 4
[17:32:19.641]: (-0.3, 1.3, 1.9) 4
[17:32:19.673]: (-0.3, 1.3, 1.9) 4
[17:32:19.696]: (-0.3, 1.3, 2.6) 16
[17:32:19.713]: (-0.3, 1.3, 1.8) 4
[17:32:19.729]: (-0.3, 1.3, 1.8) 4
[17:32:19.752]: (-0.3, 1.3, 2.6) 16
[17:32:19.773]: (-0.3, 1.3, 1.8) 4
[17:32:19.796]: (-0.3, 1.3, 1.8) 4
[17:32:19.820]: (-0.3, 1.3, 1.8) 4
[17:32:19.840]: (-0.3, 1.3, 1.8) 4
[17:32:19.863]: (-0.3, 1.3, 1.8) 4
[17:32:19.885]: (-0.3, 1.3, 2.5) 12
[17:32:19.907]: (-0.3, 1.3, 2.7) 18
[17:32:19.926]: (-0.3, 1.3, 2.7) 18
[17:32:19.944]: (-0.3, 1.3, 2.7) 18
[17:32:19.960]: (-0.3, 1.3, 2.7) 18
[17:32:19.976]: (-0.3, 1.3, 2.7) 18
[17:32:19.993]: (-0.4, 1.3, 2.7) 18
[17:32:20.008]: (-0.4, 1.3, 2.7) 18
[17:32:20.024]: (-0.4, 1.3, 2.7) 18
[17:32:20.071]: (-0.4, 1.3, 2.4) 14
[17:32:20.105]: (-0.4, 1.3, 2.7) 18
[17:32:20.122]: (-0.4, 1.3, 2.4) 14
[17:32:20.154]: (-0.4, 1.3, 2.4) 14
[17:32:20.171]: (-0.4, 1.3, 2.7) 18
[17:32:20.187]: (-0.4, 1.3, 2.4) 14
[17:32:20.204]: (-0.4, 1.3, 2.4) 14
[17:32:20.235]: (-0.4, 1.3, 2.4) 14
[17:32:20.252]: (-0.4, 1.3, 2.4) 14
[17:32:20.269]: (-0.4, 1.3, 2.4) 14
[17:32:20.286]: (-0.4, 1.3, 2.4) 14
[17:32:20.331]: (-0.4, 1.2, 2.4) 14
[17:32:20.364]: (-0.4, 1.3, 1.7) 7
[17:32:20.384]: (-0.4, 1.3, 1.7) 7
[17:32:20.407]: (-0.4, 1.3, 1.7) 7
[17:32:20.496]: (-0.4, 1.3, 2.4) 14
[17:32:20.674]: (-0.4, 1.3, 2.4) 14
[17:32:20.696]: (-0.4, 1.3, 2.4) 14
[17:32:20.718]: (-0.4, 1.3, 2.4) 14
[17:32:20.741]: (-0.4, 1.3, 2.4) 14
[17:32:20.762]: (-0.4, 1.3, 2.4) 14
[17:32:20.785]: (-0.4, 1.3, 2.4) 14
[17:32:20.802]: (-0.4, 1.3, 2.4) 14
[17:32:20.819]: (-0.4, 1.2, 2.7) 18
[17:32:20.836]: (-0.4, 1.2, 2.7) 18
[17:32:20.852]: (-0.4, 1.2, 2.7) 18
[17:32:20.868]: (-0.4, 1.3, 2.4) 14
[17:32:20.884]: (-0.4, 1.2, 2.7) 18
[17:32:20.901]: (-0.4, 1.2, 2.7) 18
[17:32:20.918]: (-0.4, 1.2, 2.7) 18
[17:32:20.937]: (-0.4, 1.2, 2.7) 18
[17:32:20.955]: (-0.3, 1.3, 2.7) 18
[17:32:20.971]: (-0.2, 1.3, 1.6) 8
[17:32:21.002]: (0.2, 1.3, 3.5) 34
[17:32:21.018]: (0.2, 1.3, 3.5) 34
[17:32:21.049]: (0.2, 1.2, 3.5) 34
[17:32:21.064]: (0.2, 1.2, 3.5) 34
[17:32:21.080]: (0.2, 1.2, 3.5) 34
[17:32:21.095]: (0.2, 1.2, 3.5) 34
[17:32:21.111]: (0.2, 1.2, 3.5) 34
[17:32:21.128]: (0.2, 1.2, 3.5) 34
[17:32:21.145]: (0.2, 1.2, 3.5) 34
[17:32:21.161]: (0.2, 1.2, 3.5) 34
[17:32:21.177]: (0.2, 1.2, 3.5) 34
[17:32:21.192]: (0.2, 1.2, 3.5) 34
[17:32:21.208]: (0.2, 1.2, 3.5) 34
[17:32:21.229]: (0.3, 1.2, 3.5) 34
[17:32:21.252]: (0.3, 1.3, 3.5) 34
[17:32:21.298]: (0.3, 1.2, 3.5) 34
[17:32:21.317]: (0.3, 1.2, 3.5) 34
[17:32:21.341]: (0.3, 1.2, 3.5) 34
[17:32:21.497]: (0.4, 1.3, 3.5) 31
[17:32:22.128]: (0.3, 1.3, 3.5) 34
[17:32:22.172]: (0.3, 1.3, 3.5) 34
[17:32:22.195]: (0.3, 1.3, 3.5) 34
[17:32:22.217]: (0.2, 1.3, 3.5) 34
[17:32:22.261]: (-0.3, 1.3, 2.5) 12
[17:32:22.284]: (-0.4, 1.2, 2.4) 14
[17:32:22.306]: (-0.4, 1.3, 2.4) 14
[17:32:22.329]: (-0.4, 1.3, 2.4) 14
[17:32:22.351]: (-0.4, 1.3, 2.4) 14
[17:32:22.373]: (-0.4, 1.3, 2.4) 14
[17:32:22.395]: (-0.4, 1.3, 2.4) 14
[17:32:22.417]: (-0.4, 1.3, 2.4) 14
[17:32:22.461]: (-0.4, 1.3, 2.5) 14
[17:32:22.484]: (-0.4, 1.3, 2.7) 18
[17:32:22.551]: (-0.3, 1.3, 2.5) 12
[17:32:22.589]: (-0.4, 1.3, 2.5) 12
[17:32:22.607]: (-0.4, 1.3, 2.5) 12
[17:32:22.623]: (-0.3, 1.3, 2.5) 12
[17:32:22.639]: (-0.3, 1.3, 2.7) 18
[17:32:22.656]: (-0.4, 1.3, 2.7) 18
[17:32:22.674]: (-0.3, 1.3, 2.5) 12
[17:32:22.691]: (-0.3, 1.3, 2.5) 12
[17:32:22.708]: (-0.3, 1.3, 2.5) 12
[17:32:22.724]: (-0.4, 1.3, 2.7) 18
[17:32:22.741]: (-0.4, 1.3, 2.7) 18
[17:32:22.757]: (-0.4, 1.3, 2.7) 18
[17:32:22.775]: (-0.3, 1.3, 2.7) 18
[17:32:22.790]: (-0.4, 1.3, 2.7) 18
[17:32:22.806]: (-0.3, 1.3, 2.7) 18
[17:32:22.822]: (-0.3, 1.3, 2.7) 18
[17:32:22.839]: (-0.3, 1.3, 1.8) 4
[17:32:22.917]: (0.3, 1.3, 3.5) 34
[17:32:22.934]: (0.3, 1.3, 3.5) 34
[17:32:22.950]: (0.3, 1.3, 3.5) 34
[17:32:22.982]: (0.3, 1.2, 3.5) 34
[17:32:23.096]: (0.4, 1.2, 3.6) 33
[17:32:23.317]: (1.2, 0.8, 2.8) 29
[17:32:23.451]: (1.2, 0.8, 2.8) 29
[17:32:23.467]: (1.2, 0.8, 2.8) 29
[17:32:23.484]: (1.2, 0.8, 2.8) 29
[17:32:23.501]: (1.2, 0.8, 2.8) 29
[17:32:23.517]: (1.2, 0.8, 2.8) 29
[17:32:23.562]: (1.2, 0.8, 2.8) 29
[17:32:23.611]: (1.2, 0.8, 2.9) 29
[17:32:23.673]: (1.2, 0.8, 2.8) 29
[17:32:23.689]: (1.2, 0.8, 2.8) 29
[17:32:23.706]: (1.2, 0.8, 2.8) 29
[17:32:23.726]: (1.2, 0.8, 2.8) 29
[17:32:23.742]: (1.2, 0.8, 2.8) 29
[17:32:23.757]: (1.2, 0.8, 2.8) 29
[17:32:23.773]: (1.2, 0.8, 2.8) 29
[17:32:23.789]: (1.2, 0.8, 2.8) 29
[17:32:23.805]: (1.2, 0.8, 2.8) 29
[17:32:23.837]: (1.2, 0.8, 2.8) 29
[17:32:27.024]: (-0.3, 1.3, 1.5) 11
[17:32:27.040]: (-0.4, 1.2, 1.7) 7
[17:32:27.059]: (-0.4, 1.2, 1.7) 7
[17:32:27.076]: (-0.4, 1.2, 1.7) 7
[17:32:27.092]: (-0.4, 1.2, 1.7) 7
[17:32:27.108]: (-0.4, 1.2, 1.7) 7
[17:32:27.124]: (-0.4, 1.2, 1.7) 7
[17:32:27.141]: (-0.4, 1.2, 1.7) 7
[17:32:27.157]: (-0.4, 1.2, 1.7) 7
[17:32:27.173]: (-0.4, 1.3, 1.7) 7
[17:32:27.195]: (-0.4, 1.2, 1.7) 7
[17:32:27.213]: (-0.4, 1.3, 1.7) 7
[17:32:27.651]: (-0.4, 1.3, 1.7) 7
[17:32:27.671]: (-0.4, 1.3, 1.7) 7
[17:32:27.693]: (-0.4, 1.2, 2.7) 18
[17:32:27.717]: (-0.4, 1.3, 2.4) 14
[17:32:27.740]: (-0.4, 1.3, 2.4) 14
[17:32:27.758]: (-0.4, 1.3, 2.4) 14
[17:32:27.775]: (-0.4, 1.3, 2.7) 18
[17:32:27.793]: (-0.3, 1.2, 2.6) 16
[17:32:27.811]: (-0.2, 1.3, 1.6) 8
[17:32:27.983]: (1.3, 0.8, 2.7) 28
[17:32:28.035]: (1.3, 0.8, 2.7) 28
[17:32:28.053]: (1.3, 0.8, 2.7) 28
[17:32:28.073]: (1.3, 0.8, 2.8) 29
[17:32:28.090]: (1.3, 0.8, 2.8) 29
[17:32:28.482]: (0.5, 1.2, 3.6) 33
[17:32:28.504]: (0.5, 1.2, 3.6) 33
[17:32:28.592]: (0.3, 1.2, 3.5) 34
[17:32:29.150]: (1.3, 0.8, 2.8) 29
[17:32:29.171]: (1.3, 0.8, 2.8) 29
[17:32:29.706]: (1.8, 1.9, 2.3) 29
[17:32:29.726]: (1.8, 1.9, 2.2) 28
[17:32:29.749]: (1.8, 2.0, 2.2) 28
[17:32:29.771]: (1.8, 2.0, 2.2) 28
[17:32:29.935]: (1.8, 1.9, 2.4) 29
[17:32:29.958]: (1.8, 1.9, 2.4) 29
[17:32:30.516]: (0.3, 0.8, 4.3) 22
[17:32:31.380]: (-0.6, 1.0, 2.9) 26
[17:32:31.691]: (-0.9, 0.9, 4.5) 37
[17:32:31.715]: (-0.9, 0.9, 4.5) 37
[17:32:31.737]: (-0.9, 0.9, 4.5) 37
[17:32:31.759]: (-0.9, 1.0, 4.5) 37
[17:32:39.150]: (1.2, 1.2, 2.9) 29
[17:32:39.196]: (1.2, 1.1, 2.9) 29
[17:32:39.444]: (0.4, 1.2, 3.6) 33
[17:32:39.479]: (0.3, 1.2, 3.6) 33
[17:32:39.544]: (0.2, 1.2, 3.5) 34
[17:32:39.589]: (0.1, 1.2, 3.5) 34
[17:32:39.633]: (-0.3, 1.3, 1.8) 9
[17:32:39.766]: (-0.5, 1.1, 2.4) 14
[17:32:39.899]: (-0.3, 1.3, 1.8) 9
[17:32:40.061]: (0.1, 1.3, 3.5) 34
[17:32:40.078]: (0.1, 1.3, 3.5) 34
[17:32:40.093]: (0.1, 1.2, 3.5) 34
[17:32:40.127]: (-0.4, 1.2, 1.8) 4
[17:32:40.144]: (-0.4, 1.2, 1.8) 4
[17:32:40.161]: (-0.4, 1.2, 1.8) 4
[17:32:40.177]: (-0.4, 1.2, 1.8) 4
[17:32:40.193]: (-0.5, 1.1, 2.5) 12
[17:32:40.210]: (-0.5, 1.1, 2.4) 14
[17:32:40.226]: (-0.5, 1.1, 2.7) 18
[17:32:40.244]: (-0.5, 1.0, 2.7) 18
[17:32:40.260]: (-0.4, 1.0, 2.7) 18
[17:32:40.277]: (-0.4, 1.2, 1.9) 4
[17:32:40.294]: (-0.4, 1.2, 1.8) 4
[17:32:40.312]: (-0.4, 1.0, 2.7) 18
[17:32:40.328]: (-0.4, 1.1, 1.9) 4
[17:32:40.345]: (-0.4, 1.1, 1.9) 4
[17:32:40.361]: (-0.3, 1.2, 1.8) 6
[17:32:40.378]: (-0.3, 1.2, 1.8) 4
[17:32:40.393]: (-0.3, 1.2, 1.8) 4
[17:32:40.512]: (1.2, 1.1, 2.9) 29
[17:32:40.532]: (1.2, 1.1, 2.9) 29
[17:32:40.622]: (1.2, 1.1, 2.9) 29
[17:32:40.710]: (1.2, 1.2, 2.9) 29
[17:32:40.755]: (1.6, 1.3, 2.8) 27
[17:32:40.777]: (1.5, 1.3, 2.8) 27
[17:32:40.799]: (1.5, 1.3, 2.7) 25
[17:32:40.822]: (1.4, 1.3, 2.7) 25
[17:32:40.844]: (1.4, 1.3, 2.7) 25
[17:32:40.866]: (1.4, 1.3, 2.7) 25
[17:32:40.888]: (1.4, 1.3, 2.8) 25
[17:32:40.910]: (1.4, 1.3, 2.8) 25
[17:32:40.942]: (1.2, 1.1, 2.9) 29
[17:32:40.958]: (1.2, 1.1, 2.9) 29
[17:32:40.990]: (1.2, 1.1, 2.9) 29
[17:32:41.023]: (1.2, 1.1, 2.9) 29
[17:32:41.055]: (1.2, 1.1, 2.9) 29
[17:32:41.071]: (1.2, 1.1, 2.9) 29
[17:32:41.088]: (1.2, 1.1, 2.9) 29
[17:32:41.105]: (1.2, 1.1, 2.9) 29
[17:32:41.122]: (1.2, 1.1, 2.9) 29
[17:32:41.141]: (1.2, 1.1, 2.9) 29
[17:32:41.157]: (1.2, 1.1, 2.9) 29
[17:32:41.173]: (1.2, 1.1, 2.9) 29
[17:32:41.190]: (1.2, 1.1, 2.9) 29
[17:32:42.633]: (-0.4, 1.2, 1.8) 4
[17:32:42.866]: (-0.6, 1.1, 2.4) 14
[17:32:42.930]: (-0.6, 1.1, 2.4) 14
[17:32:42.947]: (-0.6, 1.1, 2.4) 14
[17:32:43.567]: (-0.5, 1.0, 2.4) 14
[17:32:43.585]: (-0.5, 1.1, 1.7) 7
[17:32:43.619]: (-0.5, 1.1, 1.8) 7
[17:32:43.636]: (-0.5, 1.1, 1.8) 7
[17:32:43.654]: (-0.5, 1.1, 1.8) 7
[17:32:43.674]: (-0.5, 1.1, 1.8) 7
[17:32:43.724]: (-0.3, 1.2, 1.7) 6
