[17:23:44.083]: (-3.1, -1.5, 0.0) 12
[17:23:44.324]: (-3.1, -1.5, 0.0) 12
[17:23:44.346]: (-3.1, -1.5, 0.0) 12
[17:23:44.392]: (-2.8, -0.9, -0.1) 11
[17:23:44.502]: (-2.8, -0.9, 0.0) 9
[17:23:44.706]: (-3.2, -1.4, 0.0) 12
[17:23:44.914]: (-3.2, -1.4, 0.0) 12
[17:23:46.359]: (0.8, 1.0, 3.5) 12
[17:23:46.425]: (0.8, 0.9, 3.5) 12
[17:23:46.757]: (-0.4, 1.1, 1.6) 1
[17:23:47.068]: (-0.4, 1.1, 1.7) 1
[17:23:47.090]: (-0.4, 1.1, 1.6) 1
[17:23:47.112]: (0.0, 1.1, 2.1) 40
[17:23:47.135]: (0.2, 1.1, 2.9) 8
[17:23:47.157]: (0.3, 1.1, 2.9) 6
[17:23:47.181]: (0.4, 1.1, 2.8) 6
[17:23:47.224]: (0.4, 1.2, 2.7) 7
[17:23:47.267]: (0.4, 1.2, 2.7) 7
[17:23:47.290]: (0.4, 1.1, 2.7) 7
[17:23:47.312]: (0.5, 1.1, 2.7) 7
[17:23:47.335]: (0.4, 1.1, 2.7) 7
[17:23:47.562]: (0.4, 1.2, 2.7) 7
[17:23:47.583]: (0.4, 1.2, 2.7) 7
[17:23:47.606]: (0.4, 1.1, 2.8) 6
[17:23:47.628]: (0.2, 1.1, 2.9) 8
[17:23:47.695]: (0.1, 1.1, 2.0) 41
[17:23:47.762]: (0.1, 1.1, 2.0) 41
[17:23:47.806]: (0.1, 1.1, 2.0) 41
[17:23:47.917]: (0.2, 1.1, 2.9) 8
[17:23:47.954]: (0.2, 1.1, 2.9) 8
[17:23:47.971]: (0.1, 1.1, 2.0) 41
[17:23:47.988]: (0.1, 1.1, 2.0) 41
[17:23:48.020]: (0.2, 1.1, 2.9) 8
[17:23:48.099]: (0.1, 1.1, 2.0) 41
[17:23:48.114]: (0.0, 1.0, 2.1) 40
[17:23:48.130]: (0.0, 1.1, 2.1) 40
[17:23:48.146]: (0.0, 1.1, 2.1) 40
[17:23:48.162]: (0.0, 1.1, 2.1) 40
[17:23:48.178]: (0.0, 1.1, 2.1) 40
[17:23:48.195]: (0.0, 1.1, 2.1) 40
[17:23:48.210]: (0.0, 1.1, 2.1) 40
[17:23:48.226]: (0.0, 1.1, 2.1) 40
[17:23:48.243]: (0.0, 1.1, 2.1) 40
[17:23:48.259]: (0.0, 1.1, 2.1) 40
[17:23:48.277]: (0.0, 1.1, 2.1) 40
[17:23:48.293]: (0.0, 1.1, 2.1) 40
[17:23:48.309]: (0.0, 1.1, 2.1) 40
[17:23:48.326]: (0.0, 1.1, 2.1) 40
[17:23:48.345]: (0.0, 1.1, 2.1) 40
[17:23:48.390]: (0.0, 1.1, 2.1) 40
[17:23:48.479]: (0.0, 1.1, 2.1) 40
[17:23:48.502]: (0.0, 1.1, 2.1) 40
[17:23:48.523]: (0.0, 1.1, 2.1) 40
[17:23:48.546]: (0.0, 1.1, 2.1) 40
[17:23:48.589]: (-0.1, 1.0, 2.1) 40
[17:23:48.612]: (-0.1, 1.0, 2.1) 40
[17:23:49.611]: (-1.0, 1.1, 2.2) 3
[17:23:49.707]: (-1.1, 1.1, 2.7) 15
[17:23:49.726]: (-1.1, 1.1, 2.7) 15
[17:23:49.742]: (-1.1, 1.1, 2.7) 15
[17:23:49.772]: (-1.1, 1.1, 2.6) 15
[17:23:49.789]: (-1.1, 1.1, 2.7) 15
[17:23:49.805]: (-1.1, 1.1, 2.7) 15
[17:23:49.821]: (-1.1, 1.1, 2.7) 15
[17:23:49.837]: (-1.1, 1.1, 2.7) 15
[17:23:49.853]: (-1.1, 1.1, 2.6) 15
[17:23:49.870]: (-1.1, 1.1, 2.7) 15
[17:23:49.887]: (-1.1, 1.1, 2.7) 15
[17:23:49.904]: (-1.1, 1.1, 2.7) 15
[17:23:49.922]: (-1.1, 1.1, 2.7) 15
[17:23:49.938]: (-1.1, 1.1, 2.7) 15
[17:23:50.101]: (-1.1, 1.1, 2.7) 15
[17:23:50.977]: (0.0, 1.1, 2.1) 40
[17:23:51.001]: (0.0, 1.1, 2.1) 40
[17:23:51.023]: (0.0, 1.1, 2.1) 40
[17:23:52.642]: (1.1, 1.1, 3.5) 12
[17:23:52.677]: (0.9, 1.1, 3.4) 13
[17:23:52.700]: (0.9, 1.1, 3.4) 13
[17:23:52.721]: (0.9, 1.1, 3.4) 13
[17:23:52.744]: (0.9, 1.1, 3.4) 13
[17:23:52.765]: (0.9, 1.1, 3.4) 13
[17:23:52.788]: (0.9, 1.1, 3.4) 13
[17:23:52.810]: (0.9, 1.1, 3.4) 13
[17:23:52.833]: (0.9, 1.1, 3.4) 13
[17:23:52.856]: (0.9, 1.1, 3.4) 13
[17:23:52.877]: (0.9, 1.1, 3.4) 13
[17:23:52.899]: (0.9, 1.1, 3.4) 13
[17:23:52.922]: (0.9, 1.1, 3.4) 13
[17:23:52.943]: (0.9, 1.1, 3.4) 13
[17:23:52.966]: (0.9, 1.1, 3.4) 13
[17:23:52.989]: (0.9, 1.1, 3.4) 13
[17:23:53.010]: (0.9, 1.1, 3.4) 13
[17:23:53.032]: (0.9, 1.1, 3.4) 13
[17:23:53.055]: (0.9, 1.1, 3.4) 13
[17:23:53.077]: (0.9, 1.1, 3.4) 13
[17:23:53.100]: (0.9, 1.1, 3.4) 13
[17:23:53.116]: (0.9, 1.1, 3.4) 13
[17:23:53.131]: (0.9, 1.1, 3.4) 13
[17:23:53.148]: (0.9, 1.1, 3.4) 13
[17:23:53.163]: (0.9, 1.1, 3.4) 13
[17:23:53.180]: (0.9, 1.1, 3.4) 13
[17:23:53.196]: (0.9, 1.1, 3.4) 13
[17:23:53.212]: (0.9, 1.1, 3.4) 13
[17:23:53.227]: (0.9, 1.1, 3.4) 13
[17:23:53.245]: (0.9, 1.1, 3.4) 13
[17:23:53.260]: (0.9, 1.1, 3.4) 13
[17:23:53.275]: (0.9, 1.1, 3.4) 13
[17:23:53.699]: (0.4, 1.1, 2.7) 7
[17:23:53.722]: (0.5, 1.1, 2.7) 7
[17:23:53.744]: (0.4, 1.1, 2.7) 7
[17:23:53.765]: (0.4, 1.1, 2.7) 7
[17:23:53.789]: (0.4, 1.1, 2.7) 7
[17:23:53.809]: (0.4, 1.1, 2.7) 7
[17:23:53.832]: (0.4, 1.1, 2.7) 7
[17:23:53.855]: (0.4, 1.1, 2.7) 7
[17:23:53.877]: (0.4, 1.1, 2.7) 7
[17:23:53.920]: (0.4, 1.1, 2.7) 7
[17:23:53.944]: (0.4, 1.1, 2.7) 7
[17:23:53.965]: (0.4, 1.1, 2.7) 7
[17:23:53.981]: (0.3, 1.1, 2.8) 8
[17:23:54.029]: (0.2, 1.1, 2.9) 8
[17:23:54.045]: (0.2, 1.1, 2.9) 8
[17:23:54.061]: (0.2, 1.1, 2.9) 8
[17:23:54.078]: (0.2, 1.1, 2.8) 8
[17:23:54.094]: (0.2, 1.1, 2.9) 8
[17:23:54.110]: (0.2, 1.1, 2.9) 8
[17:23:54.141]: (0.2, 1.1, 2.9) 8
[17:23:56.918]: (0.4, 1.1, 4.1) 16
[17:23:56.963]: (0.2, 1.1, 2.9) 8
[17:23:56.980]: (0.2, 1.1, 2.9) 8
[17:23:56.997]: (0.2, 1.1, 2.9) 8
[17:23:57.020]: (0.2, 1.1, 2.9) 8
[17:23:57.042]: (0.2, 1.1, 2.9) 8
[17:23:57.064]: (0.2, 1.2, 2.9) 8
[17:23:57.087]: (0.2, 1.2, 2.9) 8
[17:23:57.109]: (0.2, 1.2, 2.9) 8
[17:23:57.131]: (0.2, 1.2, 2.9) 8
[17:23:57.153]: (0.2, 1.2, 2.9) 8
[17:23:57.176]: (0.2, 1.2, 2.9) 8
[17:23:57.197]: (0.2, 1.2, 2.9) 8
[17:23:57.219]: (0.2, 1.2, 2.9) 8
[17:23:57.242]: (0.2, 1.2, 2.9) 8
[17:23:57.263]: (0.2, 1.2, 2.9) 8
[17:23:57.288]: (0.2, 1.1, 2.9) 8
[17:23:57.309]: (0.2, 1.2, 2.9) 8
[17:23:57.331]: (0.2, 1.1, 2.9) 8
[17:23:57.352]: (0.2, 1.1, 2.9) 8
[17:23:57.377]: (0.2, 1.1, 2.9) 8
[17:23:57.397]: (0.2, 1.1, 2.9) 8
[17:23:57.419]: (0.2, 1.1, 2.9) 8
[17:23:57.443]: (0.3, 1.2, 3.7) 18
[17:24:03.262]: (-0.7, 1.1, 1.6) 0
[17:24:03.284]: (-0.7, 1.1, 1.6) 0
[17:24:03.306]: (-0.7, 1.1, 1.6) 0
[17:24:03.329]: (-0.7, 1.1, 1.7) 0
[17:24:03.350]: (-0.7, 1.1, 1.7) 0
[17:24:03.396]: (-0.7, 1.2, 1.7) 0
[17:24:03.440]: (-0.7, 1.2, 1.7) 0
[17:24:03.462]: (-0.7, 1.2, 1.7) 0
[17:24:03.484]: (-0.7, 1.2, 1.7) 0
[17:24:03.506]: (-0.7, 1.2, 1.7) 0
[17:24:03.522]: (-0.7, 1.2, 1.7) 0
[17:24:03.538]: (-0.7, 1.2, 1.7) 0
[17:24:03.569]: (-0.7, 1.2, 1.7) 0
[17:24:03.585]: (-0.7, 1.2, 1.7) 0
[17:24:03.601]: (-0.7, 1.1, 1.7) 0
[17:24:03.632]: (-0.7, 1.1, 1.7) 0
[17:24:03.648]: (-0.7, 1.1, 1.7) 0
[17:24:03.663]: (-0.7, 1.1, 1.7) 0
[17:24:03.680]: (-0.7, 1.2, 1.7) 0
[17:24:03.697]: (-0.7, 1.2, 1.7) 0
[17:24:03.713]: (-0.7, 1.1, 1.7) 0
[17:24:03.728]: (-0.7, 1.1, 1.7) 0
[17:24:03.744]: (-0.7, 1.1, 1.7) 0
[17:24:03.759]: (-0.7, 1.1, 1.7) 0
[17:24:03.776]: (-0.7, 1.1, 1.7) 0
[17:24:03.808]: (-0.4, 1.1, 1.6) 1
[17:24:04.139]: (0.0, 1.1, 2.1) 40
[17:24:04.161]: (0.2, 1.1, 2.0) 41
[17:24:05.315]: (1.2, 1.1, 2.5) 10
[17:24:05.716]: (1.2, 1.1, 2.8) 9
[17:24:06.435]: (0.2, 1.1, 2.0) 41
[17:24:06.550]: (-0.1, 1.1, 2.1) 40
[17:24:06.571]: (0.0, 1.1, 2.1) 40
[17:24:06.595]: (0.0, 1.1, 2.1) 40
[17:24:06.616]: (0.0, 1.1, 2.1) 40
[17:24:06.638]: (0.0, 1.1, 2.1) 40
[17:24:06.660]: (0.0, 1.1, 2.1) 40
[17:24:06.683]: (0.0, 1.1, 2.1) 40
[17:24:07.715]: (-1.1, 1.1, 2.2) 3
[17:24:07.737]: (-1.1, 1.1, 2.2) 3
[17:24:07.759]: (-1.1, 1.1, 2.1) 3
[17:24:07.782]: (-1.1, 1.1, 2.1) 3
[17:24:07.799]: (-1.0, 1.1, 2.1) 3
[17:24:07.814]: (-1.1, 1.1, 2.1) 3
[17:24:07.830]: (-1.1, 1.1, 2.1) 3
[17:24:07.846]: (-1.1, 1.1, 2.1) 3
[17:24:07.863]: (-1.1, 1.1, 2.1) 3
[17:24:07.879]: (-1.1, 1.1, 2.1) 3
[17:24:07.896]: (-1.1, 1.1, 2.1) 3
[17:24:07.914]: (-1.1, 1.1, 2.1) 3
[17:24:07.930]: (-1.1, 1.1, 2.1) 3
[17:24:07.946]: (-1.1, 1.1, 2.1) 3
[17:24:07.964]: (-1.1, 1.1, 2.1) 3
[17:24:07.980]: (-1.1, 1.1, 2.1) 3
[17:24:07.997]: (-1.1, 1.1, 2.1) 3
[17:24:08.014]: (-1.1, 1.1, 2.1) 3
[17:24:08.030]: (-1.1, 1.1, 2.1) 3
[17:24:08.047]: (-1.1, 1.1, 2.1) 3
[17:24:08.063]: (-1.1, 1.1, 2.1) 3
[17:24:08.080]: (-1.1, 1.1, 2.1) 3
[17:24:08.097]: (-1.1, 1.1, 2.2) 3
[17:24:08.114]: (-1.1, 1.1, 2.1) 3
[17:24:08.130]: (-1.1, 1.1, 2.2) 4
[17:24:08.146]: (-1.1, 1.1, 2.2) 4
[17:24:08.161]: (-1.2, 1.1, 2.2) 4
[17:24:08.178]: (-1.1, 1.1, 2.2) 3
[17:24:08.194]: (-1.1, 1.1, 2.2) 4
[17:24:08.212]: (-1.1, 1.1, 2.2) 4
[17:24:08.226]: (-1.2, 1.1, 2.2) 4
[17:24:08.243]: (-1.2, 1.1, 2.2) 4
[17:24:08.260]: (-1.2, 1.1, 2.2) 4
[17:24:08.282]: (-1.2, 1.1, 2.2) 4
[17:24:08.304]: (-1.2, 1.1, 2.2) 4
[17:24:08.348]: (-1.2, 1.1, 2.2) 4
[17:24:08.659]: (-1.2, 1.1, 2.2) 4
[17:24:08.994]: (-0.7, 1.1, 1.6) 0
[17:24:09.010]: (-0.7, 1.1, 1.6) 0
[17:24:09.027]: (-0.7, 1.1, 1.6) 0
[17:24:09.044]: (-0.7, 1.1, 1.6) 0
[17:24:09.060]: (-0.7, 1.1, 1.6) 0
[17:24:09.075]: (-0.7, 1.1, 1.7) 0
[17:24:09.092]: (-0.7, 1.1, 1.7) 0
[17:24:09.114]: (-0.7, 1.1, 1.7) 0
[17:24:09.137]: (-0.7, 1.1, 1.7) 0
[17:24:09.160]: (-0.7, 1.1, 1.7) 0
[17:24:09.181]: (-0.7, 1.1, 1.7) 0
[17:24:09.203]: (-0.7, 1.1, 1.7) 0
[17:24:09.226]: (-0.7, 1.1, 1.6) 0
[17:24:09.249]: (-0.7, 1.1, 1.6) 0
[17:24:09.270]: (-0.7, 1.1, 1.6) 0
[17:24:09.293]: (-0.7, 1.1, 1.6) 0
[17:24:09.314]: (-0.7, 1.1, 1.6) 0
[17:24:09.337]: (-1.1, 1.1, 2.1) 3
[17:24:09.360]: (-1.2, 1.2, 2.2) 4
[17:24:09.381]: (-1.2, 1.2, 2.2) 4
[17:24:09.404]: (-1.2, 1.2, 2.2) 4
[17:24:09.426]: (-1.2, 1.2, 2.2) 4
[17:24:09.448]: (-1.2, 1.2, 2.2) 4
[17:24:09.471]: (-1.2, 1.2, 2.2) 4
[17:24:09.492]: (-1.2, 1.2, 2.2) 4
[17:24:09.508]: (-1.2, 1.2, 2.2) 4
[17:24:09.524]: (-1.2, 1.1, 2.2) 4
[17:24:09.540]: (-1.2, 1.1, 2.2) 4
[17:24:09.556]: (-1.2, 1.1, 2.2) 4
[17:24:09.571]: (-1.2, 1.1, 2.2) 4
[17:24:09.603]: (-1.1, 1.1, 2.1) 3
[17:24:09.619]: (-1.1, 1.1, 2.1) 3
[17:24:09.634]: (-1.1, 1.1, 2.1) 3
[17:24:09.650]: (-1.1, 1.1, 2.1) 3
[17:24:09.666]: (-1.1, 1.1, 2.1) 3
[17:24:09.682]: (-1.1, 1.1, 2.1) 3
[17:24:09.699]: (-1.1, 1.1, 2.1) 3
[17:24:09.714]: (-1.1, 1.1, 2.1) 3
[17:24:09.731]: (-1.1, 1.1, 2.1) 3
[17:24:09.748]: (-1.0, 1.1, 2.1) 3
[17:24:09.764]: (-1.0, 1.1, 2.2) 3
[17:24:09.917]: (-0.8, 1.1, 2.8) 14
[17:24:10.514]: (0.3, 1.1, 2.8) 8
[17:24:10.791]: (0.8, 1.1, 3.4) 13
[17:24:10.815]: (1.1, 1.1, 3.5) 12
[17:24:10.836]: (1.1, 1.1, 3.5) 12
[17:24:10.859]: (1.2, 1.1, 3.5) 12
[17:24:10.881]: (1.2, 1.1, 3.5) 12
[17:24:10.902]: (1.2, 1.1, 3.5) 12
[17:24:10.925]: (1.2, 1.1, 3.5) 12
[17:24:10.947]: (1.2, 1.1, 3.5) 12
[17:24:10.970]: (1.1, 1.1, 3.5) 12
[17:24:10.991]: (1.1, 1.1, 3.5) 12
[17:24:11.148]: (1.1, 1.1, 3.5) 12
[17:24:11.170]: (1.1, 1.1, 3.5) 12
[17:24:11.195]: (1.1, 1.1, 3.5) 12
[17:24:11.213]: (1.1, 1.1, 3.5) 12
[17:24:11.230]: (1.1, 1.1, 3.5) 12
[17:24:11.249]: (1.1, 1.1, 3.5) 12
[17:24:11.268]: (1.2, 1.1, 3.5) 12
[17:24:11.323]: (1.1, 1.1, 3.5) 12
[17:24:11.358]: (1.1, 1.1, 3.5) 12
[17:24:11.395]: (1.1, 1.1, 3.5) 12
[17:24:11.413]: (1.1, 1.1, 3.5) 12
[17:24:11.428]: (1.2, 1.1, 3.5) 12
[17:24:11.446]: (1.2, 1.1, 3.5) 12
[17:24:11.463]: (1.2, 1.1, 3.5) 12
[17:24:11.480]: (1.2, 1.1, 3.5) 12
[17:24:11.498]: (1.2, 1.1, 3.5) 12
[17:24:11.517]: (1.2, 1.1, 3.5) 12
[17:24:12.248]: (1.2, 1.1, 2.5) 10
[17:24:12.318]: (1.1, 1.2, 2.9) 11
[17:24:12.968]: (0.4, 1.1, 2.7) 7
[17:24:12.991]: (0.4, 1.1, 2.7) 7
[17:24:13.013]: (0.4, 1.1, 2.7) 7
[17:24:13.035]: (0.4, 1.1, 2.7) 7
[17:24:13.059]: (0.4, 1.1, 2.7) 7
[17:24:13.080]: (0.4, 1.1, 2.7) 7
[17:24:13.102]: (0.4, 1.1, 2.7) 7
[17:24:13.118]: (0.4, 1.1, 2.7) 7
[17:24:13.134]: (0.4, 1.1, 2.7) 7
[17:24:13.167]: (0.4, 1.1, 2.7) 7
[17:24:13.182]: (0.4, 1.1, 2.7) 7
[17:24:13.199]: (0.4, 1.1, 2.7) 7
[17:24:13.214]: (0.4, 1.1, 2.7) 7
[17:24:13.229]: (0.4, 1.1, 2.7) 7
[17:24:13.248]: (0.4, 1.1, 2.7) 7
[17:24:13.264]: (0.8, 1.1, 3.4) 13
[17:24:13.280]: (1.1, 1.1, 3.5) 12
[17:24:14.067]: (1.7, 1.1, 4.4) 26
[17:24:14.085]: (1.1, 1.2, 2.9) 11
[17:24:14.101]: (1.1, 1.2, 2.9) 11
[17:24:14.117]: (1.1, 1.2, 2.9) 11
[17:24:14.133]: (1.7, 1.1, 4.4) 26
[17:24:14.149]: (1.1, 1.2, 2.9) 11
[17:24:14.269]: (1.2, 1.1, 3.5) 12
[17:24:14.285]: (1.2, 1.1, 3.5) 12
[17:24:14.302]: (1.2, 1.1, 3.5) 12
[17:24:14.318]: (1.2, 1.1, 3.5) 12
[17:24:14.335]: (1.2, 1.1, 3.5) 12
[17:24:14.468]: (1.5, 1.1, 4.8) 30
[17:24:14.491]: (1.4, 1.2, 4.8) 30
[17:24:14.512]: (1.4, 1.2, 4.7) 31
[17:24:14.535]: (1.4, 1.1, 4.8) 30
[17:24:15.615]: (1.2, 1.2, 3.3) 13
[17:24:15.637]: (1.2, 1.1, 3.3) 13
[17:24:15.657]: (1.2, 1.1, 3.3) 13
[17:24:15.802]: (1.8, 1.2, 3.3) 12
[17:24:15.823]: (1.5, 1.3, 2.7) 11
[17:24:15.843]: (1.6, 1.2, 2.6) 11
[17:24:15.883]: (1.6, 1.3, 2.6) 11
[17:24:15.904]: (2.5, 1.3, 3.9) 24
[17:24:15.925]: (3.3, 1.4, 5.0) 32
[17:24:15.946]: (3.3, 1.3, 4.9) 32
[17:24:15.968]: (3.3, 1.3, 5.0) 32
[17:24:15.989]: (3.3, 1.4, 5.0) 32
[17:24:16.014]: (2.6, 1.4, 3.9) 25
[17:24:16.066]: (2.5, 1.3, 3.9) 24
[17:24:16.092]: (2.5, 1.3, 3.9) 24
[17:24:16.118]: (2.6, 1.3, 4.0) 25
[17:24:16.144]: (2.5, 1.3, 4.0) 25
[17:24:16.194]: (2.5, 1.3, 4.0) 25
[17:24:16.217]: (2.5, 1.3, 4.0) 25
[17:24:16.241]: (3.1, 1.3, 4.8) 33
[17:24:16.262]: (2.5, 1.3, 4.0) 25
[17:24:16.278]: (2.5, 1.2, 4.0) 25
[17:24:16.294]: (1.5, 1.2, 2.7) 11
[17:24:16.311]: (1.5, 1.2, 2.7) 11
[17:24:16.327]: (1.5, 1.2, 2.7) 11
[17:24:16.343]: (1.5, 1.2, 2.7) 11
[17:24:16.358]: (1.5, 1.3, 2.7) 11
[17:24:16.390]: (1.5, 1.3, 2.7) 11
[17:24:16.424]: (2.3, 1.2, 4.1) 26
[17:24:16.456]: (1.5, 1.3, 2.7) 11
[17:24:16.491]: (1.5, 1.2, 2.7) 11
[17:24:16.523]: (1.5, 1.2, 2.7) 11
[17:24:16.557]: (1.5, 1.2, 2.7) 11
[17:24:16.590]: (1.5, 1.2, 2.7) 11
[17:24:16.623]: (1.5, 1.3, 2.7) 11
[17:24:16.657]: (1.5, 1.3, 2.7) 11
[17:24:16.690]: (1.5, 1.2, 2.7) 11
[17:24:16.723]: (1.5, 1.2, 2.7) 11
[17:24:16.789]: (1.5, 1.2, 2.7) 11
[17:24:16.823]: (1.5, 1.2, 2.7) 11
[17:24:16.857]: (1.5, 1.2, 2.7) 11
[17:24:16.891]: (1.5, 1.2, 2.7) 11
[17:24:16.924]: (1.5, 1.2, 2.7) 11
[17:24:16.957]: (1.4, 1.2, 2.7) 11
[17:24:16.990]: (1.4, 1.2, 2.7) 11
[17:24:17.023]: (1.4, 1.2, 2.7) 11
[17:24:17.057]: (1.4, 1.2, 2.7) 11
[17:24:17.090]: (1.4, 1.2, 2.7) 11
[17:24:17.124]: (1.4, 1.2, 2.7) 11
[17:24:17.145]: (1.4, 1.2, 2.7) 11
[17:24:17.166]: (1.4, 1.2, 2.7) 11
[17:24:17.189]: (1.4, 1.2, 2.7) 11
[17:24:17.212]: (1.4, 1.2, 2.7) 11
[17:24:17.233]: (1.4, 1.2, 2.7) 11
[17:24:17.257]: (1.4, 1.2, 2.7) 11
[17:24:17.278]: (1.4, 1.2, 2.7) 11
[17:24:17.301]: (1.4, 1.2, 2.7) 11
[17:24:17.323]: (1.4, 1.2, 2.7) 11
[17:24:17.345]: (1.4, 1.2, 2.7) 11
[17:24:17.367]: (1.5, 1.2, 2.7) 11
[17:24:17.390]: (1.5, 1.2, 2.7) 11
[17:24:17.411]: (1.5, 1.2, 2.7) 11
[17:24:17.434]: (1.5, 1.2, 2.7) 11
[17:24:17.456]: (1.5, 1.2, 2.7) 11
[17:24:17.478]: (1.5, 1.2, 2.7) 11
[17:24:17.501]: (1.5, 1.2, 2.7) 11
[17:24:17.524]: (1.5, 1.2, 2.7) 11
[17:24:17.544]: (1.5, 1.2, 2.7) 11
[17:24:17.567]: (1.5, 1.2, 2.7) 11
[17:24:17.589]: (1.5, 1.2, 2.7) 11
[17:24:17.611]: (1.5, 1.2, 2.7) 11
[17:24:17.634]: (1.5, 1.2, 2.7) 11
[17:24:17.656]: (1.5, 1.2, 2.7) 11
[17:24:17.678]: (1.5, 1.2, 2.7) 11
[17:24:17.700]: (1.5, 1.2, 2.7) 11
[17:24:17.722]: (1.5, 1.2, 2.7) 11
[17:24:17.745]: (1.5, 1.2, 2.7) 11
[17:24:17.768]: (1.4, 1.2, 2.7) 11
[17:24:17.791]: (1.4, 1.2, 2.7) 11
[17:24:17.813]: (1.4, 1.2, 2.7) 11
[17:24:17.837]: (1.4, 1.2, 2.7) 11
[17:24:17.859]: (1.4, 1.2, 2.7) 11
[17:24:17.882]: (1.4, 1.2, 2.7) 11
[17:24:17.905]: (1.4, 1.2, 2.7) 11
[17:24:17.927]: (1.4, 1.2, 2.7) 11
[17:24:18.305]: (1.4, 1.2, 2.7) 11
[17:24:18.327]: (1.4, 1.2, 2.7) 11
[17:24:18.348]: (1.5, 1.2, 2.7) 11
[17:24:18.371]: (1.5, 1.2, 2.7) 11
[17:24:18.388]: (1.5, 1.2, 2.7) 11
[17:24:18.405]: (1.5, 1.2, 2.7) 11
[17:24:18.421]: (1.5, 1.2, 2.7) 11
[17:24:18.436]: (1.5, 1.2, 2.7) 11
[17:24:18.453]: (1.5, 1.2, 2.7) 11
[17:24:18.471]: (1.5, 1.2, 2.7) 11
[17:24:18.486]: (1.5, 1.2, 2.7) 11
[17:24:18.503]: (1.5, 1.2, 2.7) 11
[17:24:18.520]: (1.5, 1.2, 2.7) 11
[17:24:18.537]: (1.5, 1.2, 2.7) 11
[17:24:18.552]: (1.5, 1.2, 2.7) 11
[17:24:18.568]: (1.5, 1.2, 2.7) 11
[17:24:18.583]: (1.5, 1.2, 2.7) 11
[17:24:18.600]: (1.5, 1.2, 2.7) 11
[17:24:18.616]: (1.4, 1.2, 2.7) 11
[17:24:18.632]: (1.5, 1.2, 2.7) 11
[17:24:18.647]: (1.4, 1.2, 2.7) 11
[17:24:18.664]: (1.4, 1.2, 2.7) 11
[17:24:18.679]: (1.5, 1.2, 2.7) 11
[17:24:18.695]: (1.4, 1.2, 2.7) 11
[17:24:18.712]: (1.4, 1.2, 2.7) 11
[17:24:18.730]: (1.4, 1.2, 2.7) 11
[17:24:18.747]: (1.4, 1.2, 2.7) 11
[17:24:18.762]: (1.4, 1.2, 2.7) 11
[17:24:18.777]: (1.4, 1.2, 2.7) 11
[17:24:18.794]: (1.4, 1.2, 2.7) 11
[17:24:18.811]: (1.4, 1.2, 2.7) 11
[17:24:18.833]: (1.4, 1.2, 2.7) 11
[17:24:18.856]: (1.4, 1.2, 2.7) 11
[17:24:18.878]: (1.4, 1.2, 2.7) 11
[17:24:18.900]: (1.4, 1.2, 2.7) 11
[17:24:18.922]: (1.4, 1.2, 2.7) 11
[17:24:18.944]: (1.4, 1.2, 2.7) 11
[17:24:18.988]: (1.4, 1.2, 2.7) 11
[17:24:19.033]: (1.4, 1.2, 2.7) 11
[17:24:19.056]: (1.4, 1.2, 2.7) 11
[17:24:19.077]: (1.4, 1.2, 2.7) 11
[17:24:19.100]: (1.4, 1.2, 2.7) 11
[17:24:19.124]: (1.4, 1.2, 2.7) 11
[17:24:19.146]: (1.4, 1.2, 2.7) 11
[17:24:19.323]: (1.4, 1.2, 2.7) 11
[17:24:19.339]: (1.4, 1.2, 2.7) 11
[17:24:19.356]: (1.4, 1.2, 2.7) 11
[17:24:19.371]: (1.4, 1.2, 2.7) 11
[17:24:19.389]: (1.4, 1.2, 2.7) 11
[17:24:19.405]: (1.4, 1.2, 2.7) 11
[17:24:19.421]: (1.4, 1.2, 2.7) 11
[17:24:19.437]: (1.4, 1.2, 2.7) 11
[17:24:19.469]: (1.4, 1.2, 2.7) 11
[17:24:19.560]: (1.4, 1.2, 2.7) 11
[17:24:19.911]: (1.6, 1.0, 3.3) 12
[17:24:19.955]: (1.6, 1.0, 3.3) 12
[17:24:19.977]: (1.6, 1.0, 3.3) 12
[17:24:20.022]: (1.6, 1.0, 3.3) 12
[17:24:20.043]: (1.6, 1.1, 3.3) 12
[17:24:20.066]: (1.6, 1.0, 3.3) 12
[17:24:20.111]: (1.6, 1.1, 3.3) 12
[17:24:20.133]: (1.6, 1.1, 3.3) 12
[17:24:20.157]: (1.6, 1.1, 3.3) 12
[17:24:20.177]: (1.6, 1.1, 3.3) 12
[17:24:20.193]: (1.6, 1.1, 3.3) 12
[17:24:20.211]: (1.6, 1.1, 3.3) 12
[17:24:20.227]: (1.6, 1.1, 3.3) 12
[17:24:20.244]: (1.6, 1.1, 3.3) 12
[17:24:20.260]: (1.6, 1.1, 3.3) 12
[17:24:20.534]: (1.6, 1.0, 3.3) 12
[17:24:21.000]: (1.4, 1.2, 2.7) 11
[17:24:21.487]: (1.4, 1.2, 2.7) 11
[17:24:21.533]: (1.4, 1.2, 2.7) 11
[17:24:21.553]: (1.4, 1.2, 2.7) 11
[17:24:21.577]: (1.4, 1.2, 2.7) 11
[17:24:21.599]: (1.4, 1.2, 2.7) 11
[17:24:21.620]: (1.4, 1.2, 2.7) 11
[17:24:21.643]: (1.4, 1.2, 2.7) 11
[17:24:21.666]: (1.4, 1.2, 2.7) 11
[17:24:21.687]: (1.4, 1.2, 2.7) 11
[17:24:21.709]: (1.5, 1.2, 2.7) 11
[17:24:21.732]: (1.4, 1.2, 2.7) 11
[17:24:21.754]: (1.4, 1.2, 2.7) 11
[17:24:21.776]: (1.4, 1.2, 2.7) 11
[17:24:21.799]: (1.5, 1.2, 2.7) 11
[17:24:21.822]: (1.5, 1.2, 2.7) 11
[17:24:21.866]: (1.5, 1.2, 2.7) 11
[17:24:21.887]: (1.5, 1.2, 2.7) 11
[17:24:21.910]: (1.4, 1.2, 2.7) 11
[17:24:21.954]: (1.5, 1.2, 2.7) 11
[17:24:22.587]: (1.5, 1.2, 2.7) 11
[17:24:22.610]: (1.5, 1.2, 2.7) 11
[17:24:22.632]: (1.5, 1.2, 2.7) 11
[17:24:22.653]: (1.5, 1.2, 2.7) 11
[17:24:22.720]: (1.5, 1.2, 2.7) 11
[17:24:22.742]: (1.5, 1.2, 2.7) 11
[17:24:22.764]: (1.5, 1.2, 2.7) 11
[17:24:22.787]: (1.4, 1.2, 2.7) 11
[17:24:22.804]: (1.5, 1.2, 2.7) 11
[17:24:22.881]: (1.5, 1.2, 2.7) 11
[17:24:22.898]: (1.4, 1.2, 2.7) 11
[17:24:22.946]: (1.5, 1.2, 2.7) 11
[17:24:22.993]: (1.5, 1.2, 2.7) 11
[17:24:23.011]: (1.5, 1.2, 2.7) 11
[17:24:23.057]: (1.5, 1.2, 2.7) 11
[17:24:23.074]: (1.4, 1.2, 2.7) 11
[17:24:23.090]: (1.4, 1.2, 2.7) 11
[17:24:23.106]: (1.4, 1.2, 2.7) 11
[17:24:23.123]: (1.4, 1.2, 2.7) 11
[17:24:23.139]: (1.5, 1.2, 2.7) 11
[17:24:23.156]: (1.4, 1.2, 2.7) 11
[17:24:23.189]: (1.5, 1.2, 2.7) 11
[17:24:23.210]: (1.4, 1.2, 2.7) 11
[17:24:23.233]: (1.4, 1.2, 2.7) 11
[17:24:23.253]: (1.4, 1.2, 2.7) 11
[17:24:23.275]: (1.4, 1.2, 2.7) 11
[17:24:23.299]: (1.7, 1.1, 3.3) 12
[17:24:23.497]: (1.7, 1.1, 3.3) 12
[17:24:23.889]: (1.4, 1.2, 2.7) 11
[17:24:23.995]: (1.5, 1.2, 2.7) 11
[17:24:24.012]: (1.4, 1.2, 2.7) 11
[17:24:24.027]: (1.4, 1.2, 2.7) 11
[17:24:24.044]: (1.5, 1.2, 2.7) 11
[17:24:24.061]: (1.5, 1.2, 2.7) 11
[17:24:24.091]: (1.5, 1.2, 2.7) 11
[17:24:24.420]: (1.5, 1.2, 2.7) 11
[17:24:24.442]: (1.5, 1.2, 2.7) 11
[17:24:24.464]: (1.5, 1.2, 2.7) 11
[17:24:24.740]: (1.6, 1.1, 3.3) 12
[17:24:24.801]: (1.3, 1.1, 3.3) 13
[17:24:24.832]: (1.3, 1.1, 3.3) 13
[17:24:24.851]: (1.3, 1.1, 3.3) 13
[17:24:24.869]: (1.3, 1.1, 3.3) 13
[17:24:24.886]: (1.3, 1.1, 3.3) 13
[17:24:25.399]: (-0.2, 0.6, 3.9) 36
[17:24:25.565]: (0.8, 1.0, 2.7) 7
[17:24:25.600]: (0.7, 1.0, 2.7) 7
[17:24:25.632]: (0.8, 1.0, 2.6) 7
[17:24:25.665]: (0.8, 1.0, 2.7) 7
[17:24:25.697]: (0.8, 1.0, 2.6) 7
