[17:18:14.571]: (-1.9, -1.1, 0.1) 9
[17:18:14.602]: (-1.9, -1.1, 0.0) 9
[17:18:14.690]: (-1.9, -1.1, 0.0) 9
[17:18:14.712]: (-1.9, -1.1, 0.0) 9
[17:18:15.967]: (-1.9, -1.1, 0.1) 9
[17:18:17.713]: (-2.8, -1.6, 0.0) 13
[17:18:19.744]: (-2.4, -1.7, 0.0) 12
[17:18:19.767]: (-2.4, -1.7, 0.0) 12
[17:18:19.788]: (-2.4, -1.7, 0.0) 12
[17:18:19.811]: (-2.4, -1.7, 0.0) 12
[17:18:19.966]: (-2.4, -1.7, 0.0) 12
[17:18:20.145]: (-2.4, -1.7, 0.0) 12
[17:18:20.161]: (-2.4, -1.7, 0.0) 12
[17:18:21.463]: (-0.2, 1.6, 3.7) 13
[17:18:21.553]: (0.6, 1.5, 3.9) 5
[17:18:21.577]: (0.6, 1.5, 3.9) 5
[17:18:21.599]: (0.8, 1.5, 4.9) 18
[17:18:21.622]: (0.9, 1.4, 5.0) 19
[17:18:22.010]: (-0.1, 0.9, 2.5) 11
[17:18:22.044]: (-0.1, 0.9, 2.5) 11
[17:18:22.076]: (-0.1, 0.8, 2.5) 11
[17:18:22.110]: (0.0, 0.8, 2.4) 11
[17:18:22.143]: (0.0, 0.8, 2.4) 11
[17:18:22.709]: (-0.7, 0.8, 2.5) 6
[17:18:22.731]: (-0.7, 0.8, 2.5) 6
[17:18:22.820]: (-0.8, 0.8, 2.4) 8
[17:18:22.843]: (-0.8, 0.8, 2.4) 8
[17:18:22.865]: (-0.8, 0.8, 2.4) 8
[17:18:22.887]: (-0.8, 0.8, 2.4) 8
[17:18:22.909]: (-0.7, 1.0, 1.8) 0
[17:18:22.932]: (-0.8, 1.0, 1.7) 2
[17:18:22.953]: (-0.7, 1.0, 1.8) 2
[17:18:22.975]: (-0.8, 1.0, 1.7) 2
[17:18:22.999]: (-0.8, 1.0, 1.7) 2
[17:18:23.020]: (-0.8, 1.0, 1.7) 0
[17:18:23.043]: (-0.8, 1.0, 1.7) 2
[17:18:23.065]: (-0.8, 1.0, 1.7) 2
[17:18:23.087]: (-0.8, 1.0, 1.7) 2
[17:18:23.109]: (-0.8, 1.0, 1.7) 2
[17:18:23.131]: (-0.8, 1.0, 1.7) 2
[17:18:23.154]: (-0.8, 1.0, 1.7) 2
[17:18:23.178]: (-0.8, 1.0, 1.7) 2
[17:18:23.199]: (-0.8, 1.0, 1.7) 2
[17:18:23.223]: (-0.8, 1.0, 1.7) 2
[17:18:23.245]: (-0.8, 1.0, 1.7) 2
[17:18:23.268]: (-0.8, 1.0, 1.7) 2
[17:18:23.290]: (-0.8, 1.0, 1.7) 0
[17:18:23.314]: (-0.8, 1.0, 1.7) 2
[17:18:23.336]: (-0.8, 1.0, 1.7) 2
[17:18:23.357]: (-0.8, 1.0, 1.7) 2
[17:18:23.380]: (-0.7, 1.0, 1.7) 0
[17:18:23.402]: (-0.7, 1.0, 1.8) 0
[17:18:23.425]: (-0.7, 1.0, 1.7) 0
[17:18:23.449]: (-0.8, 1.0, 1.7) 0
[17:18:23.470]: (-0.7, 1.0, 1.7) 0
[17:18:23.491]: (-0.7, 1.0, 1.7) 0
[17:18:23.513]: (-0.8, 0.9, 2.4) 8
[17:18:23.537]: (-0.8, 0.8, 2.4) 8
[17:18:23.559]: (-0.8, 0.9, 2.4) 8
[17:18:23.625]: (0.0, 0.9, 2.4) 11
[17:18:23.646]: (0.2, 0.8, 2.6) 9
[17:18:23.736]: (0.1, 0.8, 2.6) 9
[17:18:23.787]: (0.2, 0.8, 2.7) 9
[17:18:23.803]: (0.2, 0.8, 2.6) 9
[17:18:23.819]: (0.1, 0.8, 2.7) 9
[17:18:23.852]: (0.1, 0.8, 2.7) 9
[17:18:23.868]: (0.1, 0.8, 2.6) 9
[17:18:23.884]: (0.2, 0.8, 2.6) 9
[17:18:23.914]: (0.4, 0.8, 2.5) 10
[17:18:25.286]: (0.2, 0.8, 2.6) 9
[17:18:25.310]: (0.2, 0.8, 2.6) 9
[17:18:25.330]: (0.2, 0.8, 2.6) 9
[17:18:25.352]: (0.2, 0.8, 2.7) 9
[17:18:25.464]: (0.2, 0.8, 2.6) 9
[17:18:25.487]: (0.2, 0.8, 2.6) 9
[17:18:25.504]: (0.2, 0.8, 2.6) 9
[17:18:25.521]: (0.2, 0.8, 2.7) 9
[17:18:25.551]: (0.2, 0.8, 2.7) 9
[17:18:25.566]: (0.2, 0.8, 2.6) 9
[17:18:25.581]: (0.2, 0.8, 2.6) 9
[17:18:25.597]: (0.2, 0.8, 2.6) 9
[17:18:25.612]: (0.2, 0.8, 2.6) 9
[17:18:25.628]: (0.2, 0.8, 2.6) 9
[17:18:25.855]: (0.0, 0.9, 2.4) 11
[17:18:25.885]: (0.0, 0.9, 2.4) 11
[17:18:25.901]: (0.0, 0.9, 2.4) 11
[17:18:25.920]: (0.0, 0.9, 2.4) 11
[17:18:25.943]: (0.0, 0.9, 2.4) 11
[17:18:25.963]: (0.0, 0.9, 2.4) 11
[17:18:25.985]: (0.0, 0.9, 2.4) 11
[17:18:26.008]: (0.0, 0.9, 2.4) 11
[17:18:26.030]: (0.0, 0.9, 2.4) 11
[17:18:26.052]: (0.0, 0.9, 2.4) 11
[17:18:26.074]: (0.0, 0.9, 2.4) 11
[17:18:26.098]: (-0.1, 0.9, 2.4) 11
[17:18:26.119]: (0.0, 0.9, 2.4) 11
[17:18:26.142]: (-0.1, 0.9, 2.4) 11
[17:18:26.163]: (-0.1, 0.9, 2.4) 11
[17:18:26.186]: (-0.1, 0.9, 2.4) 11
[17:18:26.208]: (-0.1, 0.9, 2.4) 11
[17:18:26.252]: (-0.1, 0.9, 2.5) 11
[17:18:26.297]: (-0.1, 0.9, 2.4) 11
[17:18:26.319]: (-0.1, 0.9, 2.5) 11
[17:18:26.342]: (-0.1, 0.9, 2.4) 11
[17:18:26.364]: (0.0, 0.9, 2.4) 11
[17:18:26.379]: (0.0, 0.9, 2.4) 11
[17:18:26.395]: (0.0, 0.9, 2.4) 11
[17:18:26.411]: (0.0, 0.9, 2.4) 11
[17:18:26.428]: (0.0, 0.9, 2.4) 11
[17:18:26.444]: (0.0, 0.8, 2.4) 11
[17:18:26.461]: (0.0, 0.9, 2.4) 11
[17:18:26.475]: (0.0, 0.9, 2.4) 11
[17:18:26.491]: (0.0, 0.9, 2.4) 11
[17:18:26.509]: (0.0, 0.9, 2.4) 11
[17:18:26.525]: (0.0, 0.8, 2.4) 11
[17:18:26.542]: (0.0, 0.8, 2.4) 11
[17:18:26.558]: (0.0, 0.8, 2.4) 11
[17:18:26.604]: (0.0, 0.9, 2.4) 11
[17:18:26.620]: (0.0, 0.9, 2.4) 11
[17:18:26.635]: (0.0, 0.9, 2.4) 11
[17:18:26.651]: (0.0, 0.9, 2.4) 11
[17:18:26.666]: (0.0, 0.9, 2.4) 11
[17:18:26.682]: (0.0, 0.9, 2.4) 11
[17:18:26.698]: (0.0, 0.9, 2.4) 11
[17:18:26.713]: (0.0, 0.9, 2.4) 11
[17:18:26.728]: (0.0, 0.9, 2.4) 11
[17:18:26.746]: (0.0, 0.9, 2.4) 11
[17:18:26.764]: (0.0, 0.9, 2.4) 11
[17:18:26.779]: (0.0, 0.9, 2.4) 11
[17:18:26.795]: (0.0, 0.9, 2.4) 11
[17:18:26.812]: (0.0, 0.9, 2.4) 11
[17:18:26.829]: (0.0, 0.9, 2.4) 11
[17:18:26.852]: (0.0, 0.9, 2.4) 11
[17:18:26.875]: (0.0, 0.9, 2.4) 11
[17:18:26.897]: (0.0, 0.9, 2.4) 11
[17:18:26.919]: (0.0, 0.9, 2.4) 11
[17:18:26.941]: (0.0, 0.9, 2.4) 11
[17:18:26.963]: (0.0, 0.9, 2.4) 11
[17:18:26.985]: (0.0, 0.9, 2.4) 11
[17:18:27.007]: (0.0, 0.9, 2.4) 11
[17:18:27.030]: (0.0, 0.9, 2.4) 11
[17:18:27.052]: (0.0, 0.9, 2.4) 11
[17:18:27.075]: (0.0, 0.9, 2.4) 11
[17:18:27.096]: (0.0, 0.9, 2.4) 11
[17:18:27.118]: (0.0, 0.9, 2.4) 11
[17:18:27.141]: (0.0, 0.9, 2.4) 11
[17:18:27.162]: (0.0, 0.8, 2.4) 11
[17:18:27.186]: (0.0, 0.9, 2.4) 11
[17:18:27.207]: (0.0, 0.9, 2.4) 11
[17:18:27.230]: (0.0, 0.9, 2.4) 11
[17:18:27.253]: (0.0, 0.9, 2.4) 11
[17:18:27.269]: (0.0, 0.9, 2.4) 11
[17:18:27.286]: (0.0, 0.9, 2.4) 11
[17:18:27.301]: (0.0, 0.9, 2.4) 11
[17:18:27.319]: (0.0, 0.9, 2.4) 11
[17:18:27.334]: (0.0, 0.9, 2.4) 11
[17:18:27.350]: (0.0, 0.9, 2.4) 11
[17:18:27.366]: (0.0, 0.9, 2.4) 11
[17:18:27.382]: (0.0, 0.9, 2.4) 11
[17:18:27.398]: (0.0, 0.9, 2.4) 11
[17:18:27.414]: (0.0, 0.9, 2.4) 11
[17:18:27.429]: (0.0, 0.9, 2.4) 11
[17:18:27.446]: (0.0, 0.9, 2.4) 11
[17:18:27.462]: (0.0, 0.9, 2.4) 11
[17:18:27.477]: (0.0, 0.9, 2.4) 11
[17:18:27.494]: (0.0, 0.9, 2.4) 11
[17:18:27.509]: (0.0, 0.9, 2.4) 11
[17:18:27.526]: (0.0, 0.9, 2.4) 11
[17:18:27.543]: (0.0, 0.9, 2.4) 11
[17:18:27.559]: (0.0, 0.9, 2.4) 11
[17:18:27.575]: (0.0, 0.9, 2.4) 11
[17:18:27.590]: (0.0, 0.9, 2.4) 11
[17:18:27.606]: (0.0, 0.9, 2.4) 11
[17:18:27.622]: (0.0, 0.9, 2.4) 11
[17:18:27.637]: (0.0, 0.9, 2.4) 11
[17:18:27.653]: (0.0, 0.9, 2.4) 11
[17:18:27.670]: (0.0, 0.9, 2.4) 11
[17:18:27.685]: (0.0, 0.9, 2.4) 11
[17:18:27.708]: (0.0, 0.9, 2.4) 11
[17:18:27.729]: (0.0, 0.9, 2.4) 11
[17:18:31.004]: (0.5, 0.8, 3.5) 13
[17:18:31.021]: (0.1, 0.9, 2.7) 9
[17:18:31.483]: (-0.7, 0.9, 2.5) 6
[17:18:31.505]: (-0.9, 0.9, 2.4) 7
[17:18:31.521]: (-0.9, 0.9, 2.4) 7
[17:18:31.537]: (-0.9, 0.8, 2.4) 7
[17:18:31.554]: (-0.9, 0.9, 2.4) 7
[17:18:31.570]: (-0.9, 0.9, 2.4) 7
[17:18:31.586]: (-0.7, 1.0, 1.7) 0
[17:18:31.604]: (-0.9, 0.9, 2.4) 7
[17:18:31.620]: (-0.7, 1.0, 1.7) 0
[17:18:31.635]: (-0.9, 0.9, 2.4) 7
[17:18:31.651]: (-0.9, 0.8, 2.4) 7
[17:18:31.669]: (-0.9, 0.9, 2.4) 7
[17:18:31.686]: (-0.9, 0.9, 2.4) 7
[17:18:31.702]: (-0.9, 0.9, 2.4) 7
[17:18:31.718]: (-0.9, 0.9, 2.4) 7
[17:18:31.735]: (-0.9, 0.9, 2.4) 7
[17:18:31.751]: (-0.9, 0.9, 2.5) 7
[17:18:31.767]: (-0.9, 0.9, 2.4) 7
[17:18:31.782]: (-0.9, 0.9, 2.4) 7
[17:18:31.799]: (-0.9, 0.9, 2.4) 7
[17:18:31.814]: (-0.9, 0.9, 2.4) 7
[17:18:31.900]: (-0.9, 0.9, 2.4) 7
[17:18:31.936]: (-0.9, 0.9, 2.5) 7
[17:18:31.953]: (-0.9, 0.8, 2.5) 7
[17:18:31.969]: (-0.9, 0.9, 2.5) 7
[17:18:31.984]: (-0.9, 0.8, 2.5) 7
[17:18:32.039]: (-0.9, 0.9, 2.4) 7
[17:18:32.061]: (-0.8, 0.9, 2.4) 8
[17:18:32.106]: (-0.9, 0.8, 2.5) 7
[17:18:32.127]: (-0.8, 0.9, 2.4) 8
[17:18:32.149]: (-0.9, 0.9, 2.5) 7
[17:18:33.226]: (-0.1, 0.9, 2.4) 11
[17:18:33.391]: (0.0, 0.9, 2.4) 11
[17:18:33.407]: (0.0, 0.9, 2.4) 11
[17:18:33.424]: (0.0, 0.9, 2.4) 11
[17:18:33.457]: (0.4, 0.9, 2.5) 10
[17:18:33.752]: (0.3, 0.8, 2.6) 10
[17:18:33.827]: (-0.7, 0.8, 2.4) 8
[17:18:33.849]: (-0.7, 0.8, 2.4) 8
[17:18:33.892]: (-0.7, 0.8, 2.4) 8
[17:18:33.915]: (-0.8, 0.9, 2.4) 8
[17:18:33.940]: (-0.8, 0.9, 2.4) 8
[17:18:33.959]: (-0.8, 0.9, 2.4) 8
[17:18:33.984]: (-0.8, 0.9, 2.4) 8
[17:18:34.006]: (-0.8, 0.8, 2.4) 8
[17:18:34.026]: (-0.8, 0.8, 2.4) 8
[17:18:34.049]: (-1.4, 0.8, 2.9) 17
[17:18:34.072]: (-1.4, 0.7, 2.9) 17
[17:18:34.371]: (-0.8, 1.0, 1.7) 0
[17:18:34.388]: (-0.8, 1.0, 1.7) 0
[17:18:34.403]: (-0.8, 1.0, 1.7) 0
[17:18:34.420]: (-0.8, 1.0, 1.7) 0
[17:18:34.435]: (-0.8, 1.0, 1.7) 0
[17:18:34.452]: (-0.8, 1.0, 1.7) 0
[17:18:34.469]: (-0.7, 1.0, 1.7) 0
[17:18:34.487]: (-0.7, 1.0, 1.7) 0
[17:18:34.503]: (-0.7, 1.0, 1.7) 0
[17:18:34.520]: (-0.7, 0.9, 1.7) 0
[17:18:34.537]: (-0.7, 1.0, 1.7) 0
[17:18:34.554]: (-0.7, 1.0, 1.7) 0
[17:18:34.570]: (-0.7, 1.0, 1.7) 0
[17:18:34.586]: (-0.8, 0.8, 2.4) 8
[17:18:34.619]: (-0.8, 0.8, 2.4) 8
[17:18:34.704]: (-0.8, 0.8, 2.4) 8
[17:18:34.727]: (-0.8, 0.8, 2.4) 8
[17:18:34.926]: (-0.7, 1.0, 1.7) 0
[17:18:34.948]: (-0.7, 1.0, 1.7) 0
[17:18:34.971]: (-0.9, 0.8, 2.5) 7
[17:18:34.993]: (-0.8, 0.9, 2.4) 8
[17:18:35.016]: (-0.8, 0.9, 2.4) 8
[17:18:35.037]: (-0.8, 0.9, 2.4) 8
[17:18:35.060]: (-0.8, 0.9, 2.4) 8
[17:18:35.082]: (-0.8, 0.9, 2.4) 8
[17:18:35.104]: (-0.8, 0.9, 2.4) 8
[17:18:35.120]: (-0.8, 0.9, 2.4) 8
[17:18:35.136]: (-0.8, 0.9, 2.4) 8
[17:18:35.152]: (-0.8, 0.9, 2.4) 8
[17:18:35.167]: (-0.8, 0.9, 2.4) 8
[17:18:35.185]: (-0.8, 0.9, 2.4) 8
[17:18:35.203]: (-0.8, 0.9, 2.4) 8
[17:18:35.221]: (-0.8, 0.9, 2.4) 8
[17:18:35.241]: (-0.8, 0.9, 2.4) 8
[17:18:35.259]: (-0.8, 0.9, 2.4) 8
[17:18:35.276]: (-0.8, 0.9, 2.4) 8
[17:18:35.292]: (-0.8, 0.9, 2.4) 8
[17:18:35.312]: (-0.8, 0.9, 2.4) 8
[17:18:35.331]: (-0.8, 0.9, 2.4) 8
[17:18:35.352]: (-0.8, 0.9, 2.4) 8
[17:18:35.370]: (-0.8, 0.9, 2.4) 8
[17:18:35.388]: (-0.8, 0.9, 2.4) 8
[17:18:35.408]: (-0.8, 0.9, 2.4) 8
[17:18:35.424]: (-0.8, 0.9, 2.4) 8
[17:18:35.443]: (-0.8, 0.9, 2.4) 8
[17:18:35.460]: (-0.8, 0.9, 2.4) 8
[17:18:35.478]: (-0.8, 0.9, 2.4) 8
[17:18:35.495]: (-0.8, 0.9, 2.4) 8
[17:18:35.513]: (-0.8, 0.9, 2.4) 8
[17:18:35.528]: (-0.8, 0.9, 2.4) 8
[17:18:35.546]: (-0.8, 0.9, 2.4) 8
[17:18:35.564]: (-0.8, 0.9, 2.4) 8
[17:18:35.582]: (-0.8, 0.9, 2.4) 8
[17:18:35.599]: (-0.8, 0.9, 2.4) 8
[17:18:35.617]: (-0.8, 0.9, 2.4) 8
[17:18:35.634]: (-0.8, 0.9, 2.4) 8
[17:18:35.653]: (-0.8, 0.9, 2.4) 8
[17:18:35.670]: (-0.8, 0.9, 2.4) 8
[17:18:35.690]: (-0.8, 0.9, 2.4) 8
[17:18:35.707]: (-0.8, 0.9, 2.4) 8
[17:18:35.773]: (-0.8, 0.9, 2.4) 8
[17:18:35.793]: (-0.8, 0.9, 2.4) 8
[17:18:35.816]: (-0.8, 0.9, 2.4) 8
[17:18:35.838]: (-0.8, 0.9, 2.4) 8
[17:18:35.859]: (-0.8, 0.9, 2.4) 8
[17:18:35.883]: (-0.8, 0.9, 2.4) 8
[17:18:35.906]: (-0.8, 0.9, 2.4) 8
[17:18:35.928]: (-0.8, 0.9, 2.4) 8
[17:18:35.949]: (-0.8, 0.9, 2.4) 8
[17:18:35.971]: (-0.8, 0.9, 2.4) 8
[17:18:35.995]: (-0.8, 0.9, 2.4) 8
[17:18:36.015]: (-0.8, 0.9, 2.4) 8
[17:18:36.039]: (-0.8, 0.9, 2.4) 8
[17:18:36.060]: (-0.8, 0.9, 2.4) 8
[17:18:36.083]: (-0.8, 0.9, 2.4) 8
[17:18:36.101]: (-0.8, 0.9, 2.4) 8
[17:18:36.120]: (-0.8, 0.9, 2.4) 8
[17:18:36.138]: (-0.8, 0.9, 2.4) 8
[17:18:36.155]: (-0.8, 0.9, 2.4) 8
[17:18:36.173]: (-0.8, 0.9, 2.4) 8
[17:18:36.205]: (-0.8, 0.9, 2.4) 8
[17:18:36.223]: (-0.8, 0.9, 2.4) 8
[17:18:36.341]: (-0.8, 0.9, 2.4) 8
[17:18:36.360]: (-0.8, 0.9, 2.4) 8
[17:18:36.379]: (-0.8, 0.9, 2.4) 8
[17:18:36.397]: (-0.8, 0.9, 2.4) 8
[17:18:36.415]: (-0.8, 0.9, 2.4) 8
[17:18:36.432]: (-0.8, 0.9, 2.4) 8
[17:18:36.450]: (-0.8, 0.9, 2.4) 8
[17:18:36.466]: (-0.8, 0.9, 2.4) 8
[17:18:36.482]: (-0.8, 0.9, 2.4) 8
[17:18:36.498]: (-0.8, 0.9, 2.4) 8
[17:18:36.592]: (-0.8, 0.9, 2.4) 8
[17:18:36.614]: (-0.8, 0.9, 2.4) 8
[17:18:36.637]: (-0.8, 0.9, 2.4) 8
[17:18:36.659]: (-0.8, 0.9, 2.4) 8
[17:18:36.681]: (-0.8, 0.9, 2.4) 8
[17:18:36.703]: (-0.8, 0.9, 2.4) 8
[17:18:36.725]: (-0.8, 0.9, 2.4) 8
[17:18:36.750]: (-0.8, 0.9, 2.4) 8
[17:18:36.771]: (-0.8, 0.9, 2.4) 8
[17:18:36.793]: (-0.8, 0.9, 2.4) 8
[17:18:36.814]: (-0.8, 0.9, 2.4) 8
[17:18:36.838]: (-0.8, 0.9, 2.4) 8
[17:18:36.859]: (-0.8, 0.9, 2.4) 8
[17:18:36.882]: (-0.8, 0.9, 2.4) 8
[17:18:36.903]: (-0.8, 0.9, 2.4) 8
[17:18:36.925]: (-0.8, 0.9, 2.4) 8
[17:18:36.948]: (-0.8, 0.9, 2.4) 8
[17:18:36.971]: (-0.8, 0.9, 2.4) 8
[17:18:36.992]: (-0.8, 0.9, 2.4) 8
[17:18:37.014]: (-0.8, 0.9, 2.4) 8
[17:18:37.031]: (-0.8, 0.9, 2.4) 8
[17:18:37.047]: (-0.7, 0.9, 2.5) 6
[17:18:37.108]: (-0.1, 0.9, 2.4) 11
[17:18:37.124]: (-0.1, 0.9, 2.4) 11
[17:18:37.140]: (-0.1, 0.8, 2.5) 11
[17:18:37.157]: (-0.1, 0.9, 2.4) 11
[17:18:37.173]: (-0.1, 0.9, 2.4) 11
[17:18:37.189]: (-0.1, 0.9, 2.4) 11
[17:18:37.206]: (-0.1, 0.9, 2.4) 11
[17:18:37.223]: (-0.1, 0.9, 2.4) 11
[17:18:37.238]: (-0.1, 0.9, 2.4) 11
[17:18:37.254]: (-0.1, 0.9, 2.4) 11
[17:18:37.270]: (-0.1, 0.9, 2.4) 11
[17:18:37.286]: (-0.1, 0.9, 2.4) 11
[17:18:37.302]: (-0.1, 0.9, 2.4) 11
[17:18:37.318]: (-0.1, 0.9, 2.4) 11
[17:18:37.333]: (-0.1, 0.9, 2.4) 11
[17:18:37.349]: (-0.1, 0.9, 2.4) 11
[17:18:37.369]: (-0.1, 0.9, 2.4) 11
[17:18:37.385]: (-0.1, 0.9, 2.4) 11
[17:18:37.401]: (-0.1, 0.9, 2.4) 11
[17:18:37.417]: (-0.1, 0.9, 2.4) 11
[17:18:37.482]: (-0.8, 0.9, 2.4) 8
[17:18:37.504]: (-0.8, 0.9, 2.4) 8
[17:18:37.526]: (-0.8, 0.9, 2.4) 8
[17:18:37.548]: (-0.8, 0.9, 2.4) 8
[17:18:37.569]: (-0.8, 0.9, 2.4) 8
[17:18:37.592]: (-0.8, 0.9, 2.4) 8
[17:18:37.615]: (-0.8, 0.9, 2.4) 8
[17:18:37.637]: (-0.8, 0.9, 2.4) 8
[17:18:37.659]: (-0.8, 0.9, 2.4) 8
[17:18:37.680]: (-0.8, 0.9, 2.4) 8
[17:18:37.704]: (-0.8, 0.9, 2.4) 8
[17:18:37.725]: (-0.8, 0.9, 2.4) 8
[17:18:37.749]: (-0.8, 0.9, 2.4) 8
[17:18:37.769]: (-0.8, 0.9, 2.4) 8
[17:18:37.792]: (-0.8, 0.9, 2.4) 8
[17:18:37.814]: (-0.8, 0.9, 2.4) 8
[17:18:37.836]: (-0.8, 0.9, 2.4) 8
[17:18:37.859]: (-0.8, 0.9, 2.4) 8
[17:18:37.881]: (-0.8, 0.9, 2.4) 8
[17:18:37.903]: (-0.8, 0.9, 2.4) 8
[17:18:37.920]: (-0.8, 0.9, 2.4) 8
[17:18:37.938]: (-0.8, 0.9, 2.4) 8
[17:18:37.957]: (-0.8, 0.9, 2.4) 8
[17:18:37.974]: (-0.8, 0.9, 2.4) 8
[17:18:37.991]: (-0.9, 0.8, 2.5) 7
[17:18:38.007]: (-0.9, 0.8, 2.5) 7
[17:18:38.023]: (-0.9, 0.8, 2.5) 7
[17:18:38.039]: (-0.9, 0.8, 2.5) 7
[17:18:38.101]: (-0.9, 0.8, 2.4) 7
[17:18:38.120]: (-0.9, 0.8, 2.5) 7
[17:18:38.137]: (-0.9, 0.9, 2.4) 7
[17:18:38.154]: (-0.9, 0.9, 2.4) 7
[17:18:38.171]: (-0.9, 0.9, 2.4) 7
[17:18:38.189]: (-0.9, 0.9, 2.4) 7
[17:18:38.203]: (-0.9, 0.9, 2.4) 7
[17:18:38.220]: (-0.9, 0.9, 2.5) 7
[17:18:38.236]: (-0.9, 0.9, 2.5) 7
[17:18:38.253]: (-0.9, 0.9, 2.5) 7
[17:18:38.270]: (-0.8, 0.9, 2.4) 8
[17:18:38.286]: (-0.9, 0.9, 2.5) 7
[17:18:38.303]: (-0.9, 0.9, 2.5) 7
[17:18:38.319]: (-0.9, 0.9, 2.5) 7
[17:18:38.336]: (-0.9, 0.9, 2.5) 7
[17:18:38.359]: (-0.9, 0.9, 2.5) 7
[17:18:38.380]: (-0.9, 0.9, 2.5) 7
[17:18:38.402]: (-0.9, 0.9, 2.4) 7
[17:18:38.426]: (-0.9, 0.9, 2.5) 7
[17:18:38.448]: (-0.9, 0.9, 2.5) 7
[17:18:38.470]: (-0.9, 0.9, 2.5) 7
[17:18:38.492]: (-0.9, 0.9, 2.5) 7
[17:18:38.603]: (-0.8, 0.9, 2.4) 8
[17:18:38.625]: (-0.8, 0.9, 2.4) 8
[17:18:38.647]: (-0.9, 0.9, 2.5) 7
[17:18:38.669]: (-0.9, 0.9, 2.4) 7
[17:18:38.692]: (-0.9, 0.9, 2.4) 7
[17:18:38.714]: (-0.9, 0.9, 2.4) 7
[17:18:38.736]: (-0.9, 0.9, 2.5) 7
[17:18:38.758]: (-0.9, 0.9, 2.4) 7
[17:18:38.781]: (-0.9, 0.9, 2.5) 7
[17:18:38.803]: (-0.9, 0.9, 2.5) 7
[17:18:38.820]: (-0.9, 0.9, 2.5) 7
[17:18:38.836]: (-0.9, 0.9, 2.5) 7
[17:18:38.853]: (-0.9, 0.9, 2.5) 7
[17:18:38.869]: (-0.9, 0.9, 2.5) 7
[17:18:38.884]: (-0.9, 0.9, 2.5) 7
[17:18:38.900]: (-0.9, 0.9, 2.5) 7
[17:18:38.916]: (-0.9, 0.9, 2.5) 7
[17:18:38.931]: (-0.9, 0.9, 2.5) 7
[17:18:38.949]: (-0.9, 0.9, 2.5) 7
[17:18:38.966]: (-0.9, 0.9, 2.5) 7
[17:18:38.980]: (-0.9, 0.9, 2.5) 7
[17:18:38.997]: (-0.9, 0.9, 2.5) 7
[17:18:39.012]: (-0.9, 0.9, 2.5) 7
[17:18:39.029]: (-0.9, 0.9, 2.5) 7
[17:18:39.045]: (-0.9, 0.9, 2.5) 7
[17:18:39.061]: (-0.9, 0.9, 2.5) 7
[17:18:39.076]: (-0.9, 0.9, 2.5) 7
[17:18:39.093]: (-0.9, 0.9, 2.5) 7
[17:18:39.108]: (-0.9, 0.9, 2.5) 7
[17:18:39.124]: (-0.9, 0.9, 2.5) 7
[17:18:39.141]: (-0.9, 0.9, 2.5) 7
[17:18:39.158]: (-0.9, 0.9, 2.5) 7
[17:18:39.175]: (-0.9, 0.9, 2.5) 7
[17:18:39.192]: (-0.9, 0.9, 2.5) 7
[17:18:39.208]: (-0.9, 0.9, 2.5) 7
[17:18:39.225]: (-0.9, 0.9, 2.5) 7
[17:18:39.247]: (-0.9, 0.9, 2.4) 7
[17:18:39.270]: (-0.9, 0.9, 2.4) 7
[17:18:39.291]: (-0.9, 0.9, 2.4) 7
[17:18:39.313]: (-0.9, 0.9, 2.4) 7
[17:18:39.336]: (-0.9, 0.9, 2.4) 7
[17:18:39.358]: (-0.9, 0.9, 2.4) 7
[17:18:39.381]: (-0.9, 0.9, 2.4) 7
[17:18:39.402]: (-0.9, 0.9, 2.4) 7
[17:18:39.424]: (-0.9, 0.9, 2.4) 7
[17:18:39.447]: (-0.9, 0.9, 2.4) 7
[17:18:39.469]: (-0.9, 0.9, 2.4) 7
[17:18:39.491]: (-0.9, 0.8, 2.4) 7
[17:18:39.517]: (-0.9, 0.8, 2.4) 7
[17:18:39.537]: (-0.9, 0.8, 2.4) 7
[17:18:39.557]: (-0.9, 0.8, 2.4) 7
[17:18:39.584]: (-0.9, 0.8, 2.4) 7
[17:18:39.602]: (-0.9, 0.8, 2.4) 7
[17:18:39.630]: (-0.9, 0.8, 2.5) 7
[17:18:39.648]: (-0.9, 0.8, 2.5) 7
[17:18:39.677]: (-0.7, 1.0, 1.8) 0
[17:18:39.692]: (-0.9, 0.8, 2.4) 7
[17:18:39.709]: (-0.9, 0.8, 2.4) 7
[17:18:39.724]: (-0.9, 0.8, 2.4) 7
[17:18:39.740]: (-0.9, 0.8, 2.5) 7
[17:18:39.757]: (-0.9, 0.8, 2.4) 7
[17:18:39.773]: (-0.9, 0.8, 2.5) 7
[17:18:39.790]: (-1.0, 0.8, 2.5) 7
[17:18:39.807]: (-0.9, 0.8, 2.5) 7
[17:18:39.824]: (-0.9, 0.9, 2.4) 7
[17:18:39.847]: (-0.9, 0.9, 2.4) 7
[17:18:39.863]: (-0.9, 0.9, 2.4) 7
[17:18:39.881]: (-0.9, 0.9, 2.4) 7
[17:18:39.899]: (-0.9, 0.9, 2.4) 7
[17:18:39.917]: (-0.9, 0.9, 2.4) 7
[17:18:39.935]: (-0.9, 0.9, 2.4) 7
[17:18:39.953]: (-0.9, 0.8, 2.4) 7
[17:18:39.970]: (-0.9, 0.8, 2.5) 7
[17:18:39.988]: (-0.9, 0.8, 2.5) 7
[17:18:40.006]: (-0.9, 0.8, 2.5) 7
[17:18:40.024]: (-0.7, 1.0, 1.7) 0
[17:18:40.048]: (-0.7, 1.0, 1.7) 0
[17:18:40.069]: (-0.9, 0.8, 2.5) 7
[17:18:40.090]: (-0.9, 0.8, 2.5) 7
[17:18:40.115]: (-0.9, 0.8, 2.5) 7
[17:18:40.137]: (-0.9, 0.9, 2.4) 7
[17:18:40.157]: (-0.9, 0.9, 2.4) 7
[17:18:40.180]: (-0.9, 0.9, 2.4) 7
[17:18:40.202]: (-0.9, 0.9, 2.4) 7
[17:18:40.223]: (-0.9, 0.9, 2.4) 7
[17:18:40.241]: (-0.9, 0.9, 2.4) 7
[17:18:40.260]: (-0.9, 0.8, 2.4) 7
[17:18:40.283]: (-0.9, 0.9, 2.4) 7
[17:18:40.303]: (-0.9, 0.8, 2.5) 7
[17:18:40.328]: (-0.9, 0.9, 2.4) 7
[17:18:40.362]: (-0.9, 0.8, 2.5) 7
[17:18:40.394]: (-0.9, 0.9, 2.4) 7
[17:18:40.426]: (-0.9, 0.9, 2.4) 7
[17:18:40.462]: (-0.9, 0.8, 2.4) 7
[17:18:40.496]: (-0.9, 0.9, 2.4) 7
[17:18:40.526]: (-0.9, 0.9, 2.4) 7
[17:18:40.562]: (-0.9, 0.8, 2.5) 7
[17:18:40.591]: (-0.9, 0.8, 2.5) 7
[17:18:40.626]: (-0.9, 0.8, 2.5) 7
[17:18:40.658]: (-0.9, 0.8, 2.4) 7
[17:18:40.693]: (-0.9, 0.8, 2.5) 7
[17:18:40.725]: (-0.9, 0.8, 2.5) 7
[17:18:40.860]: (-0.9, 0.8, 2.5) 7
[17:18:40.893]: (-0.9, 0.8, 2.5) 7
[17:18:40.928]: (-0.9, 0.8, 2.5) 7
[17:18:40.964]: (-0.9, 0.8, 2.5) 7
[17:18:40.992]: (-0.9, 0.8, 2.5) 7
[17:18:41.063]: (-0.9, 0.8, 2.5) 7
[17:18:41.126]: (-0.9, 0.8, 2.5) 7
[17:18:41.147]: (-0.9, 0.8, 2.5) 7
[17:18:41.171]: (-0.9, 0.8, 2.5) 7
[17:18:41.195]: (-0.9, 0.8, 2.5) 7
[17:18:41.214]: (-0.9, 0.8, 2.5) 7
[17:18:41.238]: (-0.9, 0.8, 2.5) 7
[17:18:41.259]: (-0.9, 0.8, 2.5) 7
[17:18:41.303]: (-0.9, 0.8, 2.5) 7
[17:18:41.392]: (-0.8, 0.9, 2.4) 8
[17:18:41.415]: (-0.8, 0.9, 2.4) 8
[17:18:41.437]: (-0.8, 0.9, 2.4) 8
[17:18:41.464]: (-0.8, 0.9, 2.4) 8
[17:18:41.487]: (-0.8, 0.9, 2.4) 8
[17:18:41.506]: (-0.8, 0.9, 2.4) 8
[17:18:41.531]: (-0.8, 0.9, 2.4) 8
[17:18:41.554]: (-0.8, 0.9, 2.4) 8
[17:18:41.577]: (-0.8, 0.8, 2.4) 8
[17:18:41.598]: (-0.8, 0.9, 2.4) 8
[17:18:41.618]: (-0.8, 0.9, 2.4) 8
[17:18:41.637]: (-0.8, 0.9, 2.4) 8
[17:18:41.660]: (-0.8, 0.9, 2.4) 8
[17:18:41.682]: (-0.8, 0.9, 2.4) 8
[17:18:41.702]: (-0.8, 0.9, 2.4) 8
[17:18:41.727]: (-0.8, 0.9, 2.4) 8
[17:18:41.754]: (-0.8, 0.9, 2.4) 8
[17:18:41.773]: (-0.8, 0.9, 2.4) 8
[17:18:41.792]: (-0.8, 0.9, 2.4) 8
[17:18:41.815]: (-0.9, 0.9, 2.4) 7
[17:18:41.837]: (-0.9, 0.8, 2.5) 7
[17:18:41.860]: (-0.9, 0.8, 2.5) 7
[17:18:41.882]: (-0.9, 0.8, 2.5) 7
[17:18:41.904]: (-0.9, 0.8, 2.5) 7
[17:18:41.924]: (-0.9, 0.8, 2.4) 7
[17:18:41.950]: (-0.9, 0.9, 2.4) 7
[17:18:41.969]: (-0.9, 0.9, 2.4) 7
[17:18:41.996]: (-0.9, 0.8, 2.4) 7
[17:18:42.014]: (-0.9, 0.9, 2.4) 7
[17:18:42.036]: (-0.9, 0.9, 2.4) 7
[17:18:42.059]: (-0.9, 0.9, 2.4) 7
[17:18:42.081]: (-0.9, 0.9, 2.4) 7
[17:18:42.103]: (-0.9, 0.9, 2.4) 7
[17:18:42.125]: (-0.9, 0.9, 2.4) 7
[17:18:42.147]: (-0.9, 0.9, 2.4) 7
[17:18:42.169]: (-0.9, 0.9, 2.4) 7
[17:18:42.193]: (-0.9, 0.8, 2.5) 7
[17:18:42.273]: (-0.9, 0.8, 2.5) 7
[17:18:42.293]: (-0.9, 0.8, 2.5) 7
[17:18:42.312]: (-0.9, 0.8, 2.5) 7
[17:18:42.330]: (-0.9, 0.8, 2.5) 7
[17:18:42.350]: (-0.9, 0.8, 2.5) 7
[17:18:42.369]: (-0.9, 0.8, 2.5) 7
[17:18:42.390]: (-0.9, 0.8, 2.5) 7
[17:18:42.408]: (-0.9, 0.8, 2.5) 7
[17:18:42.429]: (-0.9, 0.8, 2.5) 7
[17:18:42.448]: (-0.9, 0.8, 2.5) 7
[17:18:42.471]: (-0.9, 0.8, 2.5) 7
[17:18:42.492]: (-0.9, 0.8, 2.5) 7
[17:18:42.517]: (-0.9, 0.8, 2.5) 7
[17:18:42.554]: (-0.9, 0.8, 2.5) 7
[17:18:42.575]: (-0.8, 0.9, 2.4) 8
[17:18:42.592]: (-0.8, 0.8, 2.4) 8
[17:18:42.695]: (-0.9, 0.8, 2.5) 7
[17:18:42.720]: (-0.9, 0.8, 2.5) 7
