[17:15:16.086]: (-1.6, -1.6, 0.0) 4
[17:15:16.107]: (-1.9, -2.4, 0.0) 13
[17:15:16.129]: (-2.0, -2.4, 0.0) 13
[17:15:16.150]: (-2.0, -2.4, 0.0) 13
[17:15:16.172]: (-1.6, -1.5, 0.0) 4
[17:15:16.196]: (-2.0, -2.4, 0.0) 13
[17:15:16.217]: (-2.0, -2.4, 0.0) 13
[17:15:16.239]: (-2.0, -2.4, 0.0) 13
[17:15:16.255]: (-2.0, -2.4, 0.0) 13
[17:15:16.272]: (-2.0, -2.4, 0.0) 13
[17:15:16.288]: (-2.0, -2.4, 0.0) 13
[17:15:21.305]: (-1.9, -2.4, -0.1) 13
[17:15:24.942]: (-2.8, -1.5, 0.0) 9
[17:15:24.960]: (-2.8, -1.5, 0.0) 9
[17:15:24.976]: (-2.3, -0.8, 0.0) 5
[17:15:25.021]: (-2.8, -1.5, 0.0) 9
[17:15:25.037]: (-2.8, -1.5, 0.0) 9
[17:15:25.052]: (-2.8, -1.5, 0.0) 9
[17:15:25.067]: (-2.8, -1.5, 0.0) 9
[17:15:25.083]: (-2.8, -1.5, 0.0) 9
[17:15:25.099]: (-2.8, -1.5, 0.0) 9
[17:15:25.115]: (-2.8, -1.5, 0.0) 9
[17:15:25.133]: (-2.8, -1.5, 0.0) 9
[17:15:25.149]: (-2.8, -1.5, 0.0) 9
[17:15:25.235]: (-2.3, -0.9, 0.0) 5
[17:15:25.258]: (-2.3, -0.8, -0.1) 5
[17:15:25.934]: (-2.8, -1.6, -0.1) 9
[17:15:25.950]: (-2.8, -1.6, -0.1) 9
[17:15:25.967]: (-2.8, -1.6, -0.1) 9
[17:15:25.984]: (-2.8, -1.6, -0.1) 9
[17:15:26.008]: (-2.8, -1.6, -0.1) 9
[17:15:26.033]: (-2.8, -1.6, -0.1) 9
[17:15:26.056]: (-2.8, -1.6, -0.1) 9
[17:15:26.079]: (-2.7, -1.5, -0.1) 9
[17:15:26.101]: (-2.7, -1.5, -0.1) 9
[17:15:26.121]: (-2.7, -1.6, -0.1) 9
[17:15:26.141]: (-2.7, -1.6, -0.1) 9
[17:15:26.161]: (-2.7, -1.6, -0.1) 9
[17:15:26.193]: (-2.8, -1.5, -0.1) 9
[17:15:26.226]: (-2.8, -1.6, -0.1) 9
[17:15:27.070]: (-1.3, 0.9, 2.8) 4
[17:15:27.092]: (-1.2, 0.9, 2.7) 3
[17:15:27.114]: (-1.4, 0.8, 3.8) 13
[17:15:27.136]: (-1.1, 1.0, 2.8) 3
[17:15:27.157]: (-1.1, 1.0, 2.9) 4
[17:15:27.224]: (-0.9, 1.0, 3.0) 4
[17:15:27.247]: (-0.8, 1.0, 3.0) 4
[17:15:27.961]: (0.1, 0.9, 3.4) 8
[17:15:29.026]: (-0.6, 0.8, 1.8) 0
[17:15:29.124]: (-0.6, 0.8, 1.8) 0
[17:15:29.191]: (-0.6, 0.8, 1.7) 0
[17:15:29.224]: (-0.6, 0.8, 1.7) 0
[17:15:29.257]: (-0.6, 0.8, 1.7) 0
[17:15:29.290]: (-0.6, 0.8, 1.7) 0
[17:15:29.323]: (-0.6, 0.8, 1.8) 0
[17:15:30.886]: (-0.2, 0.6, 2.8) 4
[17:15:31.879]: (-1.2, 0.6, 2.7) 10
[17:15:31.894]: (-1.2, 0.6, 2.7) 10
[17:15:31.912]: (-1.2, 0.6, 2.7) 10
[17:15:31.933]: (-1.2, 0.6, 2.7) 10
[17:15:32.001]: (-0.4, 0.5, 3.7) 12
[17:15:32.023]: (-0.3, 0.5, 3.7) 12
[17:15:32.089]: (-0.4, 0.5, 3.7) 12
[17:15:32.113]: (-0.4, 0.5, 3.7) 12
[17:15:32.312]: (-0.3, 0.5, 3.7) 12
[17:15:32.334]: (-0.3, 0.5, 3.7) 12
[17:15:32.355]: (-0.3, 0.5, 3.7) 12
[17:15:32.378]: (-0.4, 0.6, 3.7) 12
[17:15:32.400]: (-0.2, 0.6, 3.7) 13
[17:15:32.450]: (0.6, 0.7, 3.5) 7
[17:15:33.189]: (-0.4, 0.6, 3.7) 12
[17:15:33.211]: (-0.4, 0.5, 3.7) 12
[17:15:33.233]: (-0.4, 0.5, 3.7) 12
[17:15:33.256]: (-0.4, 0.6, 3.7) 12
[17:15:33.271]: (-0.4, 0.6, 3.7) 12
[17:15:33.287]: (-0.4, 0.6, 3.7) 12
[17:15:33.303]: (-0.4, 0.6, 3.7) 12
[17:15:33.320]: (-0.4, 0.5, 3.7) 12
[17:15:33.336]: (-0.4, 0.6, 3.7) 12
[17:15:33.354]: (-0.4, 0.5, 3.7) 12
[17:15:33.377]: (-0.4, 0.5, 3.7) 12
[17:15:33.392]: (-0.4, 0.5, 3.7) 12
[17:15:33.966]: (-0.6, 0.8, 1.7) 0
[17:15:33.988]: (-0.6, 0.8, 1.7) 0
[17:15:34.011]: (-0.6, 0.8, 1.7) 0
[17:15:34.034]: (-0.6, 0.8, 1.7) 0
[17:15:34.056]: (-0.6, 0.8, 1.7) 0
[17:15:34.077]: (-0.6, 0.8, 1.7) 0
[17:15:34.100]: (-0.6, 0.8, 1.7) 0
[17:15:34.121]: (-0.6, 0.8, 1.7) 0
[17:15:34.145]: (-0.6, 0.8, 1.7) 0
[17:15:34.167]: (-0.6, 0.8, 1.7) 0
[17:15:34.183]: (-0.6, 0.8, 1.7) 0
[17:15:34.200]: (-0.6, 0.8, 1.7) 0
[17:15:34.216]: (-0.6, 0.8, 1.7) 0
[17:15:34.232]: (-0.6, 0.8, 1.7) 0
[17:15:34.248]: (-0.6, 0.8, 1.7) 0
[17:15:34.266]: (-0.6, 0.8, 1.7) 0
[17:15:34.282]: (-0.6, 0.8, 1.7) 0
[17:15:34.298]: (-0.6, 0.8, 1.7) 0
[17:15:34.313]: (-0.6, 0.8, 1.7) 0
[17:15:34.328]: (-0.6, 0.8, 1.7) 0
[17:15:34.344]: (-0.6, 0.8, 1.7) 0
[17:15:34.361]: (-0.6, 0.8, 1.7) 0
[17:15:34.377]: (-0.6, 0.8, 1.7) 0
[17:15:34.393]: (-0.6, 0.8, 1.7) 0
[17:15:34.408]: (-0.6, 0.8, 1.7) 0
[17:15:34.424]: (-0.6, 0.8, 1.7) 0
[17:15:34.439]: (-0.6, 0.8, 1.7) 0
[17:15:34.455]: (-0.6, 0.8, 1.7) 0
[17:15:34.471]: (-0.6, 0.8, 1.7) 0
[17:15:34.487]: (-0.6, 0.8, 1.7) 0
[17:15:34.503]: (-0.6, 0.8, 1.7) 0
[17:15:34.519]: (-0.6, 0.8, 1.7) 0
[17:15:34.535]: (-0.6, 0.8, 1.7) 0
[17:15:34.551]: (-0.6, 0.8, 1.7) 0
[17:15:34.567]: (-0.6, 0.8, 1.7) 0
[17:15:34.588]: (-0.6, 0.8, 1.7) 0
[17:15:34.610]: (-0.6, 0.8, 1.7) 0
[17:15:34.655]: (-0.7, 0.8, 1.7) 0
[17:15:34.677]: (-0.7, 0.8, 1.7) 0
[17:15:34.700]: (-0.7, 0.8, 1.7) 0
[17:15:34.724]: (-0.7, 0.8, 1.7) 0
[17:15:34.743]: (-0.7, 0.8, 1.7) 0
[17:15:34.766]: (-0.7, 0.8, 1.7) 0
[17:15:34.790]: (-0.7, 0.8, 1.7) 0
[17:15:34.812]: (-0.7, 0.8, 1.7) 0
[17:15:34.833]: (-0.7, 0.8, 1.7) 0
[17:15:34.854]: (-0.6, 0.8, 1.7) 0
[17:15:34.876]: (-0.6, 0.8, 1.7) 0
[17:15:34.900]: (-0.6, 0.8, 1.7) 0
[17:15:34.922]: (-0.6, 0.8, 1.7) 0
[17:15:34.943]: (-0.6, 0.8, 1.7) 0
[17:15:34.965]: (-0.6, 0.8, 1.7) 0
[17:15:34.988]: (-0.7, 0.8, 1.7) 0
[17:15:35.010]: (-0.7, 0.8, 1.7) 0
[17:15:35.033]: (-0.7, 0.8, 1.7) 0
[17:15:35.055]: (-0.7, 0.8, 1.7) 0
[17:15:35.071]: (-0.7, 0.8, 1.7) 0
[17:15:35.087]: (-0.7, 0.8, 1.7) 0
[17:15:35.102]: (-0.6, 0.8, 1.7) 0
[17:15:35.122]: (-0.6, 0.8, 1.7) 0
[17:15:35.137]: (-0.6, 0.8, 1.7) 0
[17:15:35.153]: (-0.6, 0.8, 1.7) 0
[17:15:35.168]: (-0.6, 0.8, 1.7) 0
[17:15:35.183]: (-0.6, 0.8, 1.7) 0
[17:15:35.199]: (-0.6, 0.8, 1.7) 0
[17:15:35.215]: (-0.6, 0.8, 1.7) 0
[17:15:35.231]: (-0.6, 0.8, 1.7) 0
[17:15:35.247]: (-0.7, 0.8, 1.7) 0
[17:15:35.262]: (-0.7, 0.8, 1.7) 0
[17:15:35.278]: (-0.7, 0.8, 1.7) 0
[17:15:35.294]: (-0.7, 0.8, 1.7) 0
[17:15:35.311]: (-0.7, 0.8, 1.7) 0
[17:15:35.327]: (-0.7, 0.8, 1.7) 0
[17:15:35.342]: (-0.7, 0.8, 1.7) 0
[17:15:35.357]: (-0.7, 0.8, 1.7) 0
[17:15:35.374]: (-0.7, 0.8, 1.7) 0
[17:15:35.389]: (-0.7, 0.8, 1.7) 0
[17:15:35.404]: (-0.7, 0.8, 1.7) 0
[17:15:35.421]: (-0.7, 0.8, 1.7) 0
[17:15:35.437]: (-0.7, 0.8, 1.7) 0
[17:15:35.453]: (-0.7, 0.8, 1.7) 0
[17:15:35.469]: (-0.7, 0.8, 1.7) 0
[17:15:35.486]: (-0.6, 0.8, 1.7) 0
[17:15:35.503]: (-0.6, 0.8, 1.7) 0
[17:15:35.522]: (-0.6, 0.8, 1.7) 0
[17:15:35.543]: (-0.6, 0.8, 1.7) 0
[17:15:35.565]: (-0.6, 0.8, 1.7) 0
[17:15:35.588]: (-0.6, 0.8, 1.7) 0
[17:15:35.609]: (-0.6, 0.8, 1.7) 0
[17:15:35.633]: (-0.6, 0.8, 1.7) 0
[17:15:35.654]: (-0.6, 0.8, 1.7) 0
[17:15:35.677]: (-0.6, 0.8, 1.7) 0
[17:15:35.699]: (-0.7, 0.8, 1.7) 0
[17:15:35.722]: (-0.7, 0.8, 1.7) 0
[17:15:35.744]: (-0.7, 0.8, 1.7) 0
[17:15:35.765]: (-0.7, 0.8, 1.7) 0
[17:15:35.787]: (-0.7, 0.8, 1.7) 0
[17:15:35.811]: (-0.7, 0.8, 1.7) 0
[17:15:35.832]: (-0.7, 0.8, 1.7) 0
[17:15:35.855]: (-0.7, 0.8, 1.7) 0
[17:15:35.877]: (-0.7, 0.8, 1.7) 0
[17:15:35.899]: (-0.6, 0.8, 1.7) 0
[17:15:35.921]: (-0.6, 0.8, 1.7) 0
[17:15:35.944]: (-0.7, 0.8, 1.7) 0
[17:15:35.960]: (-0.6, 0.8, 1.7) 0
[17:15:36.465]: (-0.2, 0.7, 2.6) 3
[17:15:36.808]: (-0.2, 0.6, 2.8) 4
[17:15:37.926]: (-0.4, 0.9, 1.7) 1
[17:15:37.942]: (-0.4, 0.9, 1.7) 1
[17:15:38.421]: (-0.6, 0.8, 1.8) 0
[17:15:39.683]: (-0.7, 0.9, 1.8) 2
[17:15:39.700]: (-0.7, 0.9, 1.7) 2
[17:15:39.717]: (-0.7, 0.9, 1.7) 2
[17:15:39.735]: (-0.7, 0.9, 1.7) 2
[17:15:39.753]: (-0.7, 0.9, 1.7) 2
[17:15:39.769]: (-0.7, 0.9, 1.7) 2
[17:15:39.785]: (-0.7, 0.9, 1.7) 2
[17:15:39.803]: (-0.7, 0.9, 1.7) 2
[17:15:39.822]: (-0.7, 0.9, 1.7) 2
[17:15:39.843]: (-0.7, 0.8, 1.7) 0
[17:15:39.865]: (-0.7, 0.8, 1.7) 0
[17:15:39.886]: (-0.7, 0.8, 1.7) 0
[17:15:39.911]: (-0.7, 0.8, 1.7) 0
[17:15:39.930]: (-0.7, 0.8, 1.7) 0
[17:15:39.953]: (-0.6, 0.8, 1.7) 0
[17:15:40.470]: (-0.2, 0.7, 2.6) 3
[17:15:44.620]: (-0.4, 0.5, 3.8) 14
[17:15:46.916]: (-0.4, 0.6, 3.7) 12
[17:15:47.728]: (-0.2, 0.5, 3.7) 13
[17:15:47.750]: (-0.4, 0.6, 3.7) 12
[17:15:47.772]: (-0.4, 0.6, 3.7) 12
[17:15:47.817]: (-0.4, 0.6, 3.7) 12
[17:15:47.839]: (-0.4, 0.6, 3.7) 12
[17:15:47.860]: (-0.4, 0.6, 3.7) 12
[17:15:47.905]: (-0.4, 0.5, 3.7) 12
[17:15:47.994]: (-0.7, 0.8, 1.7) 0
[17:15:48.059]: (-0.7, 0.8, 1.7) 0
[17:15:48.091]: (-0.7, 0.8, 1.7) 0
[17:15:48.166]: (-0.7, 0.8, 1.7) 0
[17:15:48.182]: (-0.7, 0.8, 1.7) 0
[17:15:48.199]: (-0.7, 0.8, 1.7) 0
[17:15:48.215]: (-0.7, 0.8, 1.7) 0
[17:15:48.248]: (-0.7, 0.8, 1.7) 0
[17:15:48.295]: (-0.7, 0.8, 1.7) 0
[17:15:48.313]: (-0.7, 0.8, 1.7) 0
[17:15:48.330]: (-0.7, 0.8, 1.7) 0
[17:15:48.347]: (-0.7, 0.8, 1.7) 0
[17:15:48.363]: (-0.7, 0.8, 1.7) 0
[17:15:48.381]: (-0.7, 0.8, 1.7) 0
[17:15:48.396]: (-0.7, 0.8, 1.7) 0
[17:15:48.416]: (-0.7, 0.8, 1.7) 0
[17:15:48.439]: (-0.7, 0.8, 1.7) 0
[17:15:48.461]: (-0.7, 0.8, 1.7) 0
[17:15:48.483]: (-0.7, 0.8, 1.7) 0
[17:15:48.505]: (-0.7, 0.8, 1.7) 0
[17:15:48.529]: (-0.7, 0.8, 1.7) 0
[17:15:48.549]: (-0.7, 0.8, 1.7) 0
[17:15:48.572]: (-0.7, 0.8, 1.7) 0
[17:15:48.594]: (-0.7, 0.8, 1.7) 0
[17:15:48.616]: (-0.7, 0.8, 1.7) 0
[17:15:48.640]: (-0.7, 0.8, 1.7) 0
[17:15:48.660]: (-0.7, 0.8, 1.7) 0
[17:15:48.682]: (-0.7, 0.8, 1.7) 0
[17:15:48.706]: (-0.7, 0.8, 1.7) 0
[17:15:50.449]: (-0.3, 0.6, 3.7) 12
[17:15:50.471]: (-0.3, 0.6, 3.7) 12
[17:15:50.537]: (-0.3, 0.6, 3.7) 12
[17:15:50.559]: (-0.3, 0.6, 3.7) 12
[17:15:50.582]: (-0.3, 0.6, 3.7) 12
[17:15:50.626]: (-0.3, 0.6, 3.7) 12
[17:15:50.650]: (-0.3, 0.6, 3.7) 12
[17:15:50.671]: (-0.3, 0.6, 3.7) 12
[17:15:54.036]: (-0.6, 0.9, 1.8) 2
[17:15:54.058]: (-0.7, 0.9, 1.8) 2
[17:15:54.081]: (-0.7, 0.9, 1.8) 2
[17:15:54.097]: (-0.7, 0.9, 1.8) 2
[17:15:54.113]: (-0.7, 0.9, 1.8) 2
[17:15:54.128]: (-0.7, 0.9, 1.8) 2
[17:15:54.145]: (-0.7, 0.9, 1.8) 2
[17:15:54.161]: (-0.7, 0.9, 1.8) 2
[17:15:54.179]: (-0.7, 0.9, 1.8) 2
[17:15:54.194]: (-0.7, 0.9, 1.8) 2
[17:15:54.211]: (-0.7, 0.9, 1.8) 2
[17:15:54.229]: (-0.7, 0.9, 1.8) 2
[17:15:54.246]: (-0.7, 0.9, 1.8) 2
[17:15:54.262]: (-0.7, 0.9, 1.8) 2
[17:15:54.293]: (-1.2, 0.5, 2.7) 10
[17:15:54.680]: (-0.2, 0.8, 2.6) 3
[17:15:57.123]: (0.7, 0.7, 3.5) 7
[17:15:57.390]: (0.9, 0.7, 3.4) 9
[17:15:57.412]: (0.9, 0.7, 3.4) 9
[17:15:57.434]: (0.9, 0.7, 3.4) 9
[17:15:57.456]: (0.8, 0.7, 3.4) 9
[17:15:57.478]: (0.8, 0.7, 3.4) 9
[17:15:57.501]: (0.9, 0.7, 3.4) 9
[17:15:57.523]: (0.8, 0.7, 3.4) 9
[17:15:57.545]: (0.8, 0.7, 3.4) 9
[17:15:57.567]: (0.8, 0.7, 3.4) 9
[17:15:57.587]: (0.8, 0.7, 3.4) 9
[17:15:57.603]: (0.8, 0.7, 3.4) 9
[17:15:57.619]: (0.8, 0.7, 3.4) 9
[17:15:57.637]: (0.8, 0.7, 3.4) 9
[17:15:57.654]: (0.8, 0.7, 3.4) 9
[17:15:57.669]: (0.8, 0.7, 3.4) 9
[17:15:57.684]: (0.8, 0.7, 3.4) 9
[17:15:57.701]: (0.8, 0.7, 3.4) 9
[17:15:57.717]: (0.8, 0.7, 3.4) 9
[17:15:57.734]: (0.8, 0.7, 3.4) 9
[17:15:57.751]: (0.8, 0.7, 3.4) 9
[17:15:57.767]: (0.8, 0.7, 3.4) 9
[17:15:57.783]: (0.8, 0.7, 3.4) 9
[17:15:57.798]: (0.8, 0.7, 3.4) 9
[17:15:57.817]: (0.8, 0.7, 3.4) 9
[17:15:57.837]: (0.8, 0.7, 3.4) 9
[17:15:57.854]: (0.8, 0.7, 3.4) 9
[17:15:57.872]: (0.8, 0.7, 3.4) 9
[17:15:57.888]: (0.8, 0.7, 3.4) 9
[17:15:57.905]: (0.8, 0.7, 3.4) 9
[17:15:57.921]: (0.8, 0.7, 3.4) 9
[17:15:57.937]: (0.8, 0.7, 3.4) 9
[17:15:57.953]: (0.8, 0.7, 3.4) 9
[17:15:57.969]: (0.8, 0.7, 3.4) 9
[17:15:57.984]: (0.8, 0.7, 3.4) 9
[17:15:58.000]: (0.8, 0.7, 3.4) 9
[17:16:02.321]: (0.6, 0.6, 3.5) 7
[17:16:02.759]: (-0.3, 0.5, 3.7) 13
[17:16:02.775]: (-0.3, 0.5, 3.7) 13
[17:16:02.790]: (-0.3, 0.5, 3.7) 13
[17:16:02.806]: (-0.3, 0.5, 3.7) 13
[17:16:02.823]: (-0.3, 0.5, 3.7) 13
[17:16:02.839]: (-0.3, 0.5, 3.7) 13
[17:16:02.854]: (-0.3, 0.5, 3.7) 13
[17:16:02.869]: (-0.3, 0.5, 3.7) 13
[17:16:02.884]: (-0.3, 0.5, 3.7) 13
[17:16:02.900]: (-0.3, 0.5, 3.7) 13
[17:16:02.916]: (-0.3, 0.5, 3.7) 13
[17:16:02.934]: (-0.3, 0.5, 3.7) 13
[17:16:03.006]: (-0.4, 0.5, 3.7) 12
[17:16:03.343]: (-0.4, 1.0, 1.7) 1
[17:16:03.520]: (-0.4, 1.0, 2.6) 3
[17:16:03.543]: (-0.4, 1.0, 2.6) 3
[17:16:03.810]: (-0.7, 1.2, 2.6) 3
[17:16:03.852]: (-0.7, 1.3, 2.5) 3
[17:16:03.871]: (-0.7, 1.3, 2.5) 3
[17:16:03.893]: (-0.7, 1.3, 2.5) 3
[17:16:03.914]: (-0.7, 1.3, 2.5) 3
[17:16:03.993]: (-0.7, 1.3, 2.6) 3
[17:16:04.016]: (-0.6, 1.3, 2.5) 3
[17:16:04.040]: (-0.7, 1.3, 2.5) 3
[17:16:04.060]: (-0.6, 1.3, 2.5) 3
[17:16:04.080]: (-0.6, 1.4, 2.5) 3
[17:16:04.103]: (-0.6, 1.4, 2.5) 3
[17:16:04.124]: (-0.6, 1.4, 2.5) 3
[17:16:04.334]: (-0.5, 1.5, 2.6) 3
[17:16:04.354]: (-0.5, 1.5, 2.5) 3
[17:16:04.376]: (-0.5, 1.5, 2.7) 4
[17:16:05.108]: (0.3, 0.8, 3.5) 7
[17:16:05.673]: (0.0, 1.9, 3.8) 14
[17:16:05.702]: (0.0, 1.9, 3.8) 14
[17:16:05.750]: (0.0, 1.9, 3.8) 14
[17:16:05.769]: (0.0, 1.9, 3.8) 14
[17:16:05.784]: (0.0, 1.9, 3.8) 14
[17:16:06.120]: (-0.1, 1.7, 1.6) 1
[17:16:08.187]: (0.0, 2.0, 3.2) 8
[17:16:08.206]: (0.0, 2.0, 3.2) 8
[17:16:08.231]: (0.0, 1.9, 3.2) 8
[17:16:08.252]: (-0.1, 1.9, 3.2) 8
[17:16:08.668]: (-0.2, 1.2, 2.6) 3
[17:16:08.729]: (-0.2, 1.0, 3.7) 12
[17:16:08.750]: (-0.2, 1.0, 3.7) 12
[17:16:08.771]: (-0.2, 1.0, 3.7) 12
[17:16:08.791]: (-0.2, 1.0, 3.7) 12
[17:16:08.813]: (-0.2, 1.0, 3.7) 12
[17:16:08.836]: (-0.2, 1.0, 3.8) 14
[17:16:08.856]: (-0.2, 1.0, 3.8) 14
[17:16:09.219]: (-0.2, 1.3, 1.7) 1
[17:16:09.676]: (-0.2, 1.0, 3.6) 12
[17:16:09.699]: (-0.1, 0.9, 3.6) 12
[17:16:09.833]: (-0.3, 1.1, 1.6) 1
[17:16:09.856]: (-0.3, 1.1, 1.6) 1
[17:16:13.206]: (0.9, 0.7, 3.3) 9
[17:16:15.154]: (-1.1, 0.9, 2.7) 10
[17:16:15.184]: (-1.1, 0.9, 2.6) 10
[17:16:15.200]: (-1.1, 0.9, 2.6) 10
[17:16:15.215]: (-1.1, 0.9, 2.6) 10
[17:16:18.903]: (0.0, 0.8, 2.7) 4
[17:16:19.481]: (-0.6, 1.0, 1.6) 0
[17:16:19.893]: (-0.3, 1.0, 1.5) 1
[17:16:19.914]: (-0.3, 1.0, 1.5) 1
[17:16:19.936]: (-0.4, 1.0, 1.5) 1
[17:16:20.525]: (-0.1, 0.9, 2.5) 3
[17:16:21.011]: (-0.6, 1.0, 1.6) 0
[17:16:21.027]: (-0.7, 1.0, 1.6) 0
[17:16:21.042]: (-0.7, 1.0, 1.7) 0
[17:16:21.058]: (-0.7, 1.0, 1.7) 0
[17:16:21.624]: (-0.6, 1.0, 1.6) 0
[17:16:21.646]: (-0.6, 1.0, 1.6) 0
[17:16:21.668]: (-0.6, 1.0, 1.6) 2
[17:16:21.691]: (-0.6, 1.0, 1.6) 2
[17:16:21.713]: (-0.6, 1.0, 1.6) 0
[17:16:21.735]: (-0.6, 1.0, 1.6) 2
[17:16:21.753]: (-0.6, 1.0, 1.6) 0
[17:16:21.769]: (-0.6, 1.0, 1.6) 0
[17:16:21.785]: (-0.6, 1.0, 1.6) 0
[17:16:21.802]: (-0.6, 1.0, 1.6) 0
[17:16:21.819]: (-0.7, 1.0, 1.7) 0
[17:16:21.899]: (-0.7, 1.0, 1.6) 0
[17:16:21.915]: (-0.7, 1.0, 1.6) 0
[17:16:21.932]: (-0.7, 1.0, 1.6) 0
[17:16:21.949]: (-0.7, 1.0, 1.6) 0
[17:16:22.069]: (-0.7, 1.0, 1.6) 0
[17:16:22.085]: (-0.7, 1.0, 1.7) 0
[17:16:22.117]: (-0.7, 1.0, 1.6) 0
[17:16:22.135]: (-0.7, 1.0, 1.7) 0
[17:16:22.166]: (-0.7, 1.0, 1.6) 0
[17:16:22.182]: (-0.7, 1.0, 1.6) 0
[17:16:22.202]: (-0.7, 1.0, 1.6) 0
[17:16:22.223]: (-0.7, 1.0, 1.6) 0
[17:16:22.247]: (-0.7, 1.0, 1.6) 0
[17:16:22.291]: (-0.7, 1.0, 1.6) 0
[17:16:22.336]: (-0.6, 1.0, 1.6) 0
[17:16:22.901]: (-0.6, 1.1, 1.7) 2
[17:16:22.918]: (-1.1, 0.9, 2.7) 10
[17:16:22.934]: (-1.1, 0.9, 2.6) 10
[17:16:23.435]: (-0.6, 1.1, 1.6) 2
[17:16:25.383]: (0.8, 0.7, 3.3) 7
[17:16:25.479]: (0.5, 0.8, 3.1) 8
[17:16:25.496]: (0.5, 0.8, 3.1) 8
[17:16:26.216]: (-0.1, 0.8, 2.5) 3
[17:16:26.233]: (-0.1, 0.8, 2.5) 3
[17:16:26.266]: (-0.1, 0.8, 2.5) 3
[17:16:26.283]: (-0.1, 0.8, 2.5) 3
[17:16:26.301]: (-0.1, 0.8, 2.5) 3
[17:16:26.317]: (-0.1, 0.8, 2.5) 3
[17:16:26.348]: (-0.1, 0.8, 2.5) 3
[17:16:26.424]: (-0.1, 0.8, 2.5) 3
[17:16:26.457]: (-0.1, 0.8, 2.5) 3
[17:16:26.474]: (-0.1, 0.8, 2.5) 3
[17:16:26.490]: (-0.1, 0.8, 2.5) 3
[17:16:26.506]: (-0.1, 0.9, 2.5) 3
[17:16:33.086]: (-0.6, 1.0, 1.7) 0
[17:16:33.288]: (-0.6, 0.9, 1.7) 0
[17:16:33.309]: (-0.6, 1.0, 1.7) 0
[17:16:33.335]: (-0.6, 1.0, 1.6) 0
[17:16:33.358]: (-0.6, 1.0, 1.7) 0
[17:16:33.380]: (-0.6, 1.0, 1.7) 0
[17:16:33.403]: (-0.6, 1.0, 1.7) 0
[17:16:33.425]: (-0.6, 1.0, 1.7) 0
[17:16:33.446]: (-0.6, 1.0, 1.7) 0
[17:16:33.470]: (-0.6, 1.0, 1.7) 0
[17:16:33.492]: (-0.6, 1.0, 1.7) 0
[17:16:33.513]: (-0.6, 1.0, 1.7) 0
[17:16:33.535]: (-0.6, 1.0, 1.7) 0
[17:16:33.557]: (-0.6, 1.0, 1.7) 0
[17:16:33.579]: (-0.6, 1.0, 1.7) 0
[17:16:33.990]: (-0.2, 0.8, 2.5) 3
[17:16:34.708]: (-0.6, 1.1, 1.7) 2
[17:16:34.731]: (-1.3, 0.9, 2.6) 11
[17:16:37.930]: (-0.1, 0.9, 2.5) 3
[17:16:38.539]: (-0.6, 1.0, 1.6) 0
[17:16:38.562]: (-0.6, 1.0, 1.6) 0
[17:16:38.585]: (-0.6, 1.0, 1.6) 0
[17:16:38.606]: (-0.6, 1.0, 1.6) 0
[17:16:38.629]: (-0.6, 1.0, 1.6) 0
[17:16:38.652]: (-0.6, 1.0, 1.6) 0
[17:16:38.674]: (-0.6, 1.0, 1.6) 0
[17:16:38.695]: (-0.6, 1.0, 1.6) 0
[17:16:38.717]: (-0.6, 1.0, 1.6) 0
[17:16:38.740]: (-0.6, 1.0, 1.6) 0
[17:16:38.763]: (-0.6, 1.0, 1.6) 0
[17:16:38.785]: (-0.6, 1.0, 1.6) 0
[17:16:38.807]: (-0.6, 1.0, 1.6) 0
[17:16:38.828]: (-0.7, 1.0, 1.6) 0
[17:16:38.852]: (-0.7, 1.0, 1.6) 2
[17:16:38.874]: (-0.7, 1.0, 1.7) 2
[17:16:38.895]: (-0.7, 1.0, 1.6) 0
[17:16:38.918]: (-0.7, 1.0, 1.7) 0
[17:16:38.939]: (-0.7, 1.0, 1.6) 0
[17:16:38.963]: (-0.6, 1.0, 1.6) 0
[17:16:38.984]: (-0.6, 1.0, 1.6) 0
[17:16:39.001]: (-0.6, 1.0, 1.6) 0
[17:16:39.017]: (-0.6, 1.0, 1.6) 0
[17:16:39.033]: (-0.6, 1.0, 1.7) 0
[17:16:39.049]: (-0.6, 1.0, 1.6) 0
[17:16:39.066]: (-0.6, 1.0, 1.6) 0
[17:16:39.082]: (-0.6, 1.0, 1.6) 0
[17:16:39.098]: (-0.6, 1.0, 1.7) 0
[17:16:39.114]: (-0.6, 1.0, 1.6) 0
[17:16:39.130]: (-0.6, 1.0, 1.6) 0
[17:16:39.146]: (-0.6, 1.0, 1.6) 0
[17:16:39.163]: (-0.6, 0.9, 1.6) 0
[17:16:39.180]: (-0.6, 1.0, 1.6) 0
[17:16:39.198]: (-0.6, 1.0, 1.7) 0
[17:16:46.108]: (-0.2, 0.9, 2.5) 3
[17:16:46.518]: (-0.1, 0.9, 2.5) 3
[17:16:47.686]: (-0.2, 0.9, 2.5) 3
[17:16:49.502]: (-0.1, 0.9, 2.7) 4
[17:16:51.823]: (0.0, 0.8, 2.7) 4
[17:16:52.290]: (-0.6, 1.0, 1.7) 0
[17:16:52.306]: (-0.6, 0.9, 1.7) 0
[17:16:52.324]: (-0.6, 0.9, 1.7) 0
[17:16:52.339]: (-0.6, 0.9, 1.7) 0
[17:16:52.369]: (-0.6, 1.0, 1.6) 0
[17:16:52.390]: (-0.6, 1.0, 1.6) 0
[17:16:52.413]: (-0.6, 1.0, 1.6) 2
[17:16:52.435]: (-0.7, 1.0, 1.6) 2
[17:16:52.456]: (-0.6, 1.0, 1.6) 2
[17:16:52.872]: (-0.1, 0.8, 2.5) 3
[17:16:55.078]: (-0.3, 1.0, 1.6) 1
[17:16:55.124]: (-0.3, 1.0, 1.5) 1
[17:16:55.145]: (-0.3, 0.9, 1.6) 1
