[17:12:52.989]: (-1.0, -0.6, 0.1) 1
[17:12:58.918]: (-2.2, -1.2, -0.1) 5
[17:12:59.588]: (-2.6, -1.7, -0.1) 9
[17:13:00.033]: (-2.1, -1.2, 0.0) 4
[17:13:00.333]: (-2.2, -1.1, -0.2) 4
[17:13:00.365]: (-2.1, -1.1, -0.2) 4
[17:13:00.387]: (-2.1, -1.1, -0.2) 4
[17:13:00.411]: (-2.1, -1.1, -0.2) 4
[17:13:00.437]: (-2.1, -1.2, -0.2) 4
[17:13:00.461]: (-2.2, -1.2, -0.2) 4
[17:13:02.163]: (-0.3, 0.9, 2.0) 0
[17:13:03.360]: (-0.3, 1.0, 1.8) 1
[17:13:03.380]: (-0.3, 1.1, 1.8) 1
[17:13:03.606]: (-0.3, 1.0, 1.8) 1
[17:13:03.627]: (-0.3, 1.0, 1.8) 1
[17:13:03.647]: (-0.3, 1.0, 1.7) 1
[17:13:03.667]: (-0.3, 1.0, 1.8) 1
[17:13:04.137]: (-0.2, 1.0, 1.7) 1
[17:13:04.815]: (-0.4, 0.9, 1.6) 2
[17:13:04.838]: (-0.4, 0.9, 1.6) 2
[17:13:04.884]: (-0.4, 0.9, 1.6) 2
[17:13:04.971]: (-0.4, 0.9, 1.6) 2
[17:13:04.993]: (-0.4, 0.9, 1.6) 2
[17:13:05.015]: (-0.4, 0.9, 1.6) 2
[17:13:05.037]: (-0.4, 0.9, 1.6) 2
[17:13:05.060]: (-0.4, 0.9, 1.6) 2
[17:13:05.083]: (-0.4, 0.9, 1.6) 2
[17:13:05.104]: (-0.4, 0.9, 1.6) 2
[17:13:05.121]: (-0.4, 0.9, 1.6) 2
[17:13:05.139]: (-0.4, 0.9, 1.6) 2
[17:13:05.155]: (-0.4, 0.9, 1.6) 2
[17:13:05.172]: (-0.4, 0.9, 1.6) 2
[17:13:05.188]: (-0.4, 0.9, 1.6) 2
[17:13:05.204]: (-0.4, 0.9, 1.6) 2
[17:13:05.793]: (-0.4, 0.9, 1.6) 2
[17:13:06.219]: (-0.5, 0.9, 1.6) 2
[17:13:06.235]: (-0.4, 0.9, 1.6) 2
[17:13:06.251]: (-0.4, 0.9, 1.6) 2
[17:13:06.382]: (-0.5, 0.9, 1.6) 2
[17:13:06.404]: (-0.5, 0.9, 1.6) 2
[17:13:06.425]: (-0.5, 0.9, 1.6) 2
[17:13:06.448]: (-0.4, 0.9, 1.6) 2
[17:13:06.470]: (-0.4, 0.9, 1.6) 2
[17:13:06.492]: (-0.4, 0.9, 1.6) 2
[17:13:06.515]: (-0.4, 0.9, 1.6) 2
[17:13:06.538]: (-0.4, 0.9, 1.6) 2
[17:13:06.560]: (-0.4, 0.9, 1.6) 2
[17:13:06.581]: (-0.4, 0.9, 1.6) 2
[17:13:06.603]: (-0.4, 0.9, 1.6) 2
[17:13:06.625]: (-0.4, 0.9, 1.6) 2
[17:13:06.647]: (-0.4, 0.9, 1.6) 2
[17:13:06.670]: (-0.4, 0.9, 1.6) 2
[17:13:06.693]: (-0.4, 0.9, 1.6) 2
[17:13:06.714]: (-0.4, 0.9, 1.6) 2
[17:13:06.736]: (-0.4, 0.9, 1.6) 2
[17:13:06.758]: (-0.4, 0.9, 1.6) 2
[17:13:06.781]: (-0.4, 0.9, 1.6) 2
[17:13:06.798]: (-0.4, 0.9, 1.6) 2
[17:13:06.814]: (-0.4, 0.9, 1.6) 2
[17:13:06.830]: (-0.4, 0.9, 1.6) 2
[17:13:06.848]: (-0.4, 0.9, 1.6) 2
[17:13:06.863]: (-0.4, 0.9, 1.6) 2
[17:13:06.879]: (-0.4, 0.9, 1.6) 2
[17:13:06.897]: (-0.4, 0.9, 1.6) 2
[17:13:06.914]: (-0.4, 0.9, 1.6) 2
[17:13:06.930]: (-0.4, 0.9, 1.6) 2
[17:13:06.946]: (-0.4, 0.9, 1.6) 2
[17:13:06.961]: (-0.4, 0.9, 1.6) 2
[17:13:06.978]: (-0.4, 0.9, 1.6) 2
[17:13:06.995]: (-0.4, 0.9, 1.6) 2
[17:13:07.012]: (-0.4, 0.9, 1.6) 2
[17:13:07.026]: (-0.4, 0.9, 1.6) 2
[17:13:07.042]: (-0.4, 0.9, 1.6) 2
[17:13:07.058]: (-0.4, 0.9, 1.6) 2
[17:13:07.074]: (-0.4, 0.9, 1.6) 2
[17:13:07.092]: (-0.4, 0.9, 1.6) 2
[17:13:07.108]: (-0.4, 0.9, 1.6) 2
[17:13:07.124]: (-0.4, 0.9, 1.6) 2
[17:13:07.140]: (-0.4, 0.9, 1.6) 2
[17:13:07.156]: (-0.4, 0.9, 1.6) 2
[17:13:07.173]: (-0.4, 0.9, 1.6) 2
[17:13:07.191]: (-0.4, 0.9, 1.6) 2
[17:13:07.208]: (-0.4, 0.9, 1.6) 2
[17:13:07.224]: (-0.4, 0.9, 1.6) 2
[17:13:07.241]: (-0.4, 0.9, 1.6) 2
[17:13:07.258]: (-0.4, 0.9, 1.6) 2
[17:13:07.281]: (-0.4, 0.9, 1.6) 2
[17:13:07.303]: (-0.4, 0.9, 1.6) 2
[17:13:07.326]: (-0.4, 0.9, 1.6) 2
[17:13:07.349]: (-0.4, 0.9, 1.6) 2
[17:13:07.526]: (-0.4, 0.8, 1.7) 0
[17:13:07.817]: (-0.4, 0.8, 1.5) 1
[17:13:07.837]: (-0.4, 0.8, 1.5) 1
[17:13:07.963]: (-0.4, 0.8, 1.4) 1
[17:13:08.381]: (-0.4, 1.0, 1.4) 1
[17:13:08.402]: (-0.4, 1.0, 1.4) 1
[17:13:08.424]: (-0.4, 1.0, 1.4) 1
[17:13:09.129]: (-0.2, 0.9, 1.5) 2
[17:13:09.151]: (0.0, 0.9, 1.5) 0
[17:13:09.173]: (0.1, 0.9, 1.5) 1
[17:13:09.195]: (0.1, 0.9, 1.5) 1
[17:13:09.282]: (0.1, 0.9, 1.5) 1
[17:13:10.224]: (-0.2, 0.9, 1.4) 2
[17:13:11.946]: (-0.1, 0.8, 1.5) 0
[17:13:11.968]: (-0.2, 0.8, 1.4) 2
[17:13:11.990]: (-0.2, 0.8, 1.4) 2
[17:13:12.011]: (-0.2, 0.8, 1.4) 2
[17:13:12.034]: (-0.2, 0.8, 1.4) 2
[17:13:12.057]: (-0.2, 0.8, 1.4) 2
[17:13:12.078]: (-0.2, 0.8, 1.4) 2
[17:13:12.101]: (-0.2, 0.8, 1.4) 2
[17:13:12.123]: (-0.2, 0.8, 1.4) 2
[17:13:12.145]: (-0.2, 0.8, 1.4) 2
[17:13:12.167]: (-0.2, 0.8, 1.4) 2
[17:13:12.189]: (-0.2, 0.9, 1.4) 2
[17:13:12.205]: (-0.2, 0.8, 1.4) 2
[17:13:12.221]: (-0.2, 0.8, 1.4) 2
[17:13:12.236]: (-0.2, 0.8, 1.4) 2
[17:13:12.251]: (-0.2, 0.8, 1.4) 2
[17:13:12.267]: (-0.2, 0.8, 1.4) 2
[17:13:12.284]: (-0.2, 0.8, 1.4) 2
[17:13:12.302]: (-0.2, 0.8, 1.4) 2
[17:13:12.317]: (-0.2, 0.8, 1.4) 2
[17:13:12.332]: (-0.2, 0.8, 1.4) 2
[17:13:12.349]: (-0.2, 0.8, 1.4) 2
[17:13:12.364]: (-0.2, 0.8, 1.4) 2
[17:13:12.381]: (-0.2, 0.8, 1.4) 2
[17:13:12.398]: (-0.2, 0.8, 1.4) 2
[17:13:12.413]: (-0.2, 0.8, 1.4) 2
[17:13:12.429]: (-0.2, 0.8, 1.4) 2
[17:13:12.445]: (-0.2, 0.8, 1.4) 2
[17:13:12.461]: (-0.2, 0.8, 1.4) 2
[17:13:12.477]: (-0.2, 0.8, 1.4) 2
[17:13:12.493]: (-0.2, 0.8, 1.4) 2
[17:13:12.509]: (-0.2, 0.8, 1.4) 2
[17:13:12.524]: (-0.2, 0.8, 1.4) 2
[17:13:12.540]: (-0.2, 0.8, 1.4) 2
[17:13:12.555]: (-0.2, 0.8, 1.4) 2
[17:13:12.572]: (-0.2, 0.8, 1.4) 2
[17:13:12.588]: (-0.2, 0.8, 1.4) 2
[17:13:12.605]: (-0.2, 0.8, 1.4) 2
[17:13:12.621]: (-0.2, 0.8, 1.4) 2
[17:13:12.637]: (-0.2, 0.8, 1.4) 2
[17:13:12.656]: (-0.2, 0.8, 1.4) 2
[17:13:12.678]: (-0.2, 0.8, 1.4) 2
[17:13:12.702]: (-0.2, 0.9, 1.4) 2
[17:13:12.722]: (-0.2, 0.9, 1.4) 2
[17:13:12.746]: (-0.2, 0.9, 1.4) 2
[17:13:12.767]: (-0.2, 0.9, 1.4) 2
[17:13:12.791]: (-0.2, 0.9, 1.4) 2
[17:13:12.813]: (-0.2, 0.9, 1.4) 2
[17:13:12.834]: (-0.2, 0.9, 1.4) 2
[17:13:12.856]: (-0.2, 0.9, 1.4) 2
[17:13:12.879]: (-0.2, 0.9, 1.4) 2
[17:13:12.901]: (-0.2, 0.9, 1.4) 2
[17:13:12.923]: (-0.2, 0.9, 1.4) 2
[17:13:12.945]: (-0.2, 0.9, 1.4) 2
[17:13:12.967]: (-0.2, 0.8, 1.4) 2
[17:13:12.991]: (-0.2, 0.8, 1.4) 2
[17:13:13.011]: (-0.2, 0.9, 1.4) 2
[17:13:13.033]: (-0.2, 0.9, 1.4) 2
[17:13:13.056]: (-0.2, 0.8, 1.4) 2
[17:13:13.078]: (-0.3, 0.9, 1.4) 2
[17:13:13.097]: (-0.2, 0.9, 1.4) 2
[17:13:13.114]: (-0.2, 0.9, 1.4) 2
[17:13:13.129]: (-0.3, 0.9, 1.4) 2
[17:13:13.145]: (-0.3, 0.9, 1.4) 2
[17:13:13.162]: (-0.3, 0.8, 1.4) 2
[17:13:13.178]: (-0.3, 0.9, 1.4) 2
[17:13:13.194]: (-0.3, 0.8, 1.4) 2
[17:13:13.210]: (-0.3, 0.8, 1.4) 2
[17:13:13.226]: (-0.2, 0.8, 1.4) 2
[17:13:13.243]: (-0.3, 0.8, 1.4) 2
[17:13:13.260]: (-0.3, 0.9, 1.4) 2
[17:13:13.276]: (-0.3, 0.8, 1.4) 2
[17:13:13.292]: (-0.2, 0.8, 1.4) 2
[17:13:13.308]: (-0.2, 0.8, 1.4) 2
[17:13:13.325]: (-0.2, 0.9, 1.4) 2
[17:13:13.341]: (-0.2, 0.9, 1.4) 2
[17:13:13.358]: (-0.2, 0.9, 1.4) 2
[17:13:13.375]: (-0.2, 0.9, 1.4) 2
[17:13:13.389]: (-0.3, 0.8, 1.4) 2
[17:13:13.405]: (-0.2, 0.9, 1.4) 2
[17:13:13.421]: (-0.3, 0.8, 1.4) 2
[17:13:13.440]: (-0.3, 0.8, 1.4) 2
[17:13:13.457]: (-0.3, 0.8, 1.4) 2
[17:13:13.878]: (-0.7, 0.8, 2.1) 7
[17:13:13.922]: (-0.7, 0.8, 2.1) 7
[17:13:13.945]: (-0.7, 0.8, 2.0) 7
[17:13:13.967]: (-0.7, 0.8, 2.0) 8
[17:13:13.989]: (-0.7, 0.8, 2.0) 8
[17:13:14.012]: (-0.7, 0.8, 2.0) 8
[17:13:14.029]: (-0.7, 0.8, 2.0) 8
[17:13:14.045]: (-0.7, 0.8, 2.0) 8
[17:13:14.061]: (-0.7, 0.9, 2.0) 8
[17:13:14.077]: (-0.7, 0.9, 2.0) 8
[17:13:14.093]: (-0.7, 0.9, 2.0) 8
[17:13:14.108]: (-0.7, 0.9, 2.0) 8
[17:13:14.126]: (-0.7, 0.9, 2.0) 8
[17:13:14.142]: (-0.7, 0.9, 2.0) 8
[17:13:14.158]: (-0.7, 0.9, 2.0) 8
[17:13:14.174]: (-0.7, 0.9, 2.0) 8
[17:13:14.192]: (-0.7, 0.9, 2.0) 8
[17:13:14.209]: (-0.7, 0.9, 2.0) 8
[17:13:14.225]: (-0.8, 0.8, 2.0) 8
[17:13:14.241]: (-0.7, 0.9, 2.0) 8
[17:13:14.257]: (-0.7, 0.9, 2.0) 8
[17:13:14.273]: (-0.7, 0.9, 2.0) 8
[17:13:14.291]: (-0.7, 0.9, 2.0) 8
[17:13:14.306]: (-0.7, 0.9, 2.0) 8
[17:13:14.321]: (-0.7, 0.9, 2.0) 8
[17:13:14.337]: (-0.7, 0.9, 2.0) 8
[17:13:14.353]: (-0.7, 0.9, 2.0) 8
[17:13:14.370]: (-0.7, 0.9, 2.0) 8
[17:13:14.386]: (-0.7, 0.9, 2.0) 8
[17:13:14.403]: (-0.7, 0.9, 2.0) 8
[17:13:14.420]: (-0.7, 0.9, 2.0) 8
[17:13:14.437]: (-0.7, 0.9, 2.0) 8
[17:13:14.453]: (-0.7, 0.9, 2.0) 8
[17:13:14.469]: (-0.7, 0.9, 2.0) 8
[17:13:14.489]: (-0.7, 0.8, 2.0) 8
[17:13:14.511]: (-0.7, 0.8, 2.0) 8
[17:13:14.533]: (-0.7, 0.8, 2.0) 8
[17:13:14.556]: (-0.7, 0.8, 2.0) 8
[17:13:14.577]: (-0.7, 0.8, 2.0) 8
[17:13:14.644]: (-0.3, 0.8, 1.4) 2
[17:13:14.688]: (-0.3, 0.8, 1.4) 2
[17:13:14.734]: (-0.3, 0.8, 1.4) 2
[17:13:15.232]: (-0.3, 0.9, 1.4) 2
[17:13:15.252]: (-0.2, 0.9, 1.4) 2
[17:13:16.025]: (-0.2, 0.9, 1.4) 2
[17:13:16.041]: (-0.2, 0.9, 1.4) 2
[17:13:16.059]: (-0.2, 0.9, 1.4) 2
[17:13:16.334]: (-0.3, 0.9, 1.5) 2
[17:13:16.533]: (-0.3, 0.8, 1.4) 2
[17:13:16.555]: (-0.3, 0.8, 1.4) 2
[17:13:16.644]: (-0.3, 0.8, 1.4) 2
[17:13:17.700]: (0.0, 0.8, 1.4) 1
[17:13:17.717]: (0.0, 0.8, 1.4) 1
[17:13:17.735]: (0.0, 0.8, 1.4) 1
[17:13:17.752]: (0.0, 0.8, 1.4) 1
[17:13:17.768]: (0.0, 0.8, 1.4) 1
[17:13:17.785]: (0.0, 0.8, 1.4) 1
[17:13:17.800]: (0.0, 0.8, 1.4) 1
[17:13:17.819]: (0.0, 0.8, 1.4) 1
[17:13:17.837]: (0.0, 0.8, 1.5) 1
[17:13:17.855]: (0.0, 0.8, 1.4) 1
[17:13:20.363]: (-0.2, 0.9, 1.4) 2
[17:13:20.378]: (-0.2, 0.9, 1.4) 2
[17:13:20.394]: (-0.2, 0.9, 1.4) 2
[17:13:20.410]: (-0.2, 0.9, 1.4) 2
[17:13:20.427]: (-0.3, 0.9, 1.4) 2
[17:13:20.443]: (-0.3, 0.9, 1.4) 2
[17:13:20.459]: (-0.3, 0.9, 1.4) 2
[17:13:20.476]: (-0.3, 0.9, 1.4) 2
[17:13:20.509]: (-0.3, 0.9, 1.4) 2
[17:13:20.525]: (-0.3, 0.9, 1.5) 2
[17:13:20.541]: (-0.3, 0.9, 1.4) 2
[17:13:20.557]: (-0.3, 0.8, 1.5) 2
[17:13:20.620]: (-0.3, 0.9, 1.4) 2
[17:13:20.637]: (-0.3, 0.9, 1.4) 2
[17:13:20.654]: (-0.3, 0.9, 1.4) 2
[17:13:20.675]: (-0.3, 0.9, 1.4) 2
[17:13:20.698]: (-0.3, 0.9, 1.4) 2
[17:13:20.720]: (-0.3, 0.9, 1.4) 2
[17:13:20.742]: (-0.2, 0.9, 1.4) 2
[17:13:20.764]: (-0.2, 0.9, 1.4) 2
[17:13:20.786]: (-0.3, 0.9, 1.4) 2
[17:13:20.809]: (-0.3, 0.9, 1.4) 2
[17:13:20.831]: (-0.3, 0.9, 1.4) 2
[17:13:21.620]: (-0.7, 0.8, 2.1) 7
[17:13:21.686]: (-0.7, 0.8, 2.0) 8
[17:13:21.754]: (-0.7, 0.8, 2.0) 8
[17:13:21.775]: (-0.7, 0.8, 2.0) 8
[17:13:22.209]: (-0.7, 0.8, 2.0) 8
[17:13:22.226]: (-0.7, 0.8, 2.0) 8
[17:13:22.241]: (-0.7, 0.8, 2.0) 8
[17:13:22.258]: (-0.7, 0.9, 2.0) 8
[17:13:22.273]: (-0.7, 0.9, 2.0) 8
[17:13:22.289]: (-0.7, 0.9, 2.0) 8
[17:13:22.307]: (-0.7, 0.8, 2.0) 8
[17:13:22.369]: (-0.7, 0.8, 2.0) 8
[17:13:22.385]: (-0.7, 0.9, 2.0) 8
[17:13:22.409]: (-0.7, 0.8, 2.0) 8
[17:13:22.430]: (-0.7, 0.9, 2.0) 8
[17:13:22.474]: (-0.7, 0.8, 2.0) 8
[17:13:22.496]: (-0.7, 0.9, 2.0) 8
[17:13:22.519]: (-0.7, 0.8, 2.0) 8
[17:13:22.541]: (-0.7, 0.8, 2.0) 8
[17:13:22.564]: (-0.7, 0.9, 2.0) 8
[17:13:22.585]: (-0.7, 0.9, 2.0) 8
[17:13:22.609]: (-0.7, 0.8, 2.0) 8
[17:13:23.871]: (-0.7, 0.8, 2.0) 8
[17:13:24.022]: (-0.7, 0.8, 2.0) 8
[17:13:24.038]: (-0.7, 0.8, 2.0) 8
[17:13:24.053]: (-0.7, 0.8, 2.0) 8
[17:13:24.070]: (-0.7, 0.8, 2.0) 8
[17:13:24.087]: (-0.7, 0.8, 2.0) 8
[17:13:24.102]: (-0.7, 0.8, 2.0) 8
[17:13:24.117]: (-0.7, 0.8, 2.0) 8
[17:13:24.141]: (-0.8, 0.8, 2.0) 8
[17:13:24.163]: (-0.7, 0.8, 2.0) 8
[17:13:24.187]: (-0.7, 0.8, 2.0) 8
[17:13:24.209]: (-0.7, 0.8, 2.0) 8
[17:13:24.229]: (-0.7, 0.8, 2.0) 8
[17:13:24.252]: (-0.7, 0.8, 2.0) 8
[17:13:24.274]: (-0.7, 0.8, 2.0) 8
[17:13:24.296]: (-0.7, 0.8, 2.0) 8
[17:13:24.319]: (-0.7, 0.8, 2.0) 8
[17:13:24.340]: (-0.7, 0.8, 2.0) 8
[17:13:24.362]: (-0.7, 0.8, 2.0) 8
[17:13:25.481]: (-0.2, 0.8, 1.4) 2
[17:13:25.561]: (-0.2, 0.8, 1.4) 2
[17:13:25.577]: (-0.2, 0.8, 1.4) 2
[17:13:25.593]: (-0.2, 0.8, 1.4) 2
[17:13:25.611]: (-0.2, 0.8, 1.4) 2
[17:13:25.627]: (-0.2, 0.8, 1.4) 2
[17:13:25.642]: (-0.2, 0.8, 1.4) 2
[17:13:25.658]: (-0.2, 0.8, 1.4) 2
[17:13:25.675]: (-0.2, 0.8, 1.4) 2
[17:13:25.691]: (-0.2, 0.9, 1.4) 2
[17:13:25.708]: (-0.2, 0.9, 1.4) 2
[17:13:25.723]: (-0.2, 0.8, 1.4) 2
[17:13:25.740]: (-0.2, 0.8, 1.4) 2
[17:13:25.757]: (-0.2, 0.8, 1.4) 2
[17:13:25.773]: (-0.2, 0.8, 1.4) 2
[17:13:25.789]: (-0.2, 0.8, 1.4) 2
[17:13:25.805]: (-0.2, 0.8, 1.4) 2
[17:13:25.821]: (-0.2, 0.8, 1.4) 2
[17:13:25.836]: (-0.2, 0.8, 1.4) 2
[17:13:25.853]: (-0.2, 0.8, 1.4) 2
[17:13:25.869]: (-0.2, 0.8, 1.5) 0
[17:13:26.619]: (-0.2, 0.9, 1.4) 2
[17:13:26.635]: (-0.2, 0.9, 1.4) 2
[17:13:26.652]: (-0.2, 0.9, 1.4) 2
[17:13:26.669]: (-0.2, 0.9, 1.4) 2
[17:13:26.685]: (-0.2, 0.9, 1.4) 2
[17:13:26.701]: (-0.2, 0.9, 1.4) 2
[17:13:26.718]: (-0.2, 0.9, 1.4) 2
[17:13:26.733]: (-0.2, 0.9, 1.4) 2
[17:13:26.750]: (-0.2, 0.9, 1.4) 2
[17:13:26.765]: (-0.2, 0.9, 1.4) 2
[17:13:28.649]: (-0.1, 0.9, 1.6) 0
[17:13:28.673]: (-0.3, 0.9, 1.4) 2
[17:13:28.694]: (-0.3, 0.9, 1.4) 2
[17:13:28.716]: (-0.3, 0.9, 1.4) 2
[17:13:28.739]: (-0.2, 0.9, 1.4) 2
[17:13:28.761]: (-0.3, 0.9, 1.4) 2
[17:13:28.784]: (-0.3, 0.9, 1.4) 2
[17:13:28.806]: (-0.3, 0.9, 1.4) 2
[17:13:28.828]: (-0.3, 0.9, 1.5) 2
[17:13:28.849]: (-0.3, 0.9, 1.4) 2
[17:13:28.903]: (-0.3, 0.9, 1.4) 2
[17:13:29.046]: (-0.7, 0.8, 2.0) 8
[17:13:29.062]: (-0.7, 0.8, 2.0) 8
[17:13:29.081]: (-0.7, 0.8, 2.0) 8
[17:13:29.095]: (-0.7, 0.9, 2.0) 8
[17:13:29.111]: (-0.7, 0.9, 2.0) 8
[17:13:29.128]: (-0.7, 0.9, 2.0) 8
[17:13:29.143]: (-0.7, 0.8, 2.0) 8
[17:13:29.159]: (-0.7, 0.8, 2.0) 8
[17:13:29.176]: (-0.7, 0.8, 2.0) 8
[17:13:29.206]: (-0.7, 0.8, 2.0) 8
[17:13:29.221]: (-0.7, 0.8, 2.0) 8
[17:13:29.238]: (-0.7, 0.8, 2.0) 8
[17:13:30.560]: (-0.1, 0.9, 1.5) 0
[17:13:30.583]: (-0.2, 0.9, 1.5) 2
[17:13:30.605]: (-0.2, 0.9, 1.4) 2
[17:13:30.622]: (-0.2, 0.9, 1.5) 2
[17:13:30.791]: (-0.2, 0.9, 1.5) 2
[17:13:30.808]: (-0.2, 0.9, 1.4) 2
[17:13:30.825]: (-0.2, 0.9, 1.4) 2
[17:13:30.840]: (-0.2, 0.9, 1.4) 2
[17:13:30.856]: (-0.2, 0.9, 1.4) 2
[17:13:30.873]: (-0.2, 0.9, 1.4) 2
[17:13:30.888]: (-0.2, 0.9, 1.4) 2
[17:13:30.903]: (-0.2, 0.9, 1.4) 2
[17:13:30.920]: (-0.2, 0.9, 1.4) 2
[17:13:30.936]: (-0.2, 0.9, 1.4) 2
[17:13:30.951]: (-0.2, 0.9, 1.4) 2
[17:13:30.969]: (-0.2, 0.9, 1.4) 2
[17:13:30.985]: (-0.2, 0.9, 1.4) 2
[17:13:31.001]: (-0.2, 0.9, 1.4) 2
[17:13:31.017]: (-0.2, 0.9, 1.4) 2
[17:13:31.032]: (-0.2, 0.9, 1.4) 2
[17:13:31.048]: (-0.2, 0.9, 1.4) 2
[17:13:31.071]: (-0.2, 0.9, 1.4) 2
[17:13:31.093]: (-0.2, 0.9, 1.4) 2
[17:13:31.116]: (-0.2, 0.9, 1.4) 2
[17:13:31.138]: (-0.2, 0.9, 1.4) 2
[17:13:31.160]: (-0.2, 0.9, 1.4) 2
[17:13:31.184]: (-0.2, 0.9, 1.4) 2
[17:13:31.205]: (-0.2, 0.9, 1.4) 2
[17:13:31.227]: (-0.2, 0.9, 1.4) 2
[17:13:31.251]: (-0.2, 0.9, 1.4) 2
[17:13:31.272]: (-0.2, 0.9, 1.4) 2
[17:13:31.294]: (-0.3, 0.8, 1.4) 2
[17:13:31.318]: (-0.3, 0.8, 1.4) 2
[17:13:31.340]: (-0.3, 0.8, 1.4) 2
[17:13:31.361]: (-0.3, 0.8, 1.4) 2
[17:13:31.383]: (-0.3, 0.8, 1.4) 2
[17:13:31.406]: (-0.3, 0.9, 1.4) 2
[17:13:31.429]: (-0.3, 0.9, 1.4) 2
[17:13:31.451]: (-0.3, 0.9, 1.4) 2
[17:13:31.469]: (-0.3, 0.9, 1.4) 2
[17:13:31.486]: (-0.3, 0.9, 1.4) 2
[17:13:31.505]: (-0.3, 0.9, 1.4) 2
[17:13:31.521]: (-0.3, 0.9, 1.4) 2
[17:13:31.538]: (-0.3, 0.8, 1.4) 2
[17:13:31.554]: (-0.3, 0.8, 1.4) 2
[17:13:31.574]: (-0.3, 0.8, 1.4) 2
[17:13:31.592]: (-0.3, 0.9, 1.4) 2
[17:13:31.612]: (-0.3, 0.9, 1.4) 2
[17:13:31.629]: (-0.3, 0.8, 1.4) 2
[17:13:31.646]: (-0.3, 0.8, 1.4) 2
[17:13:31.662]: (-0.3, 0.8, 1.4) 2
[17:13:31.681]: (-0.3, 0.8, 1.4) 2
[17:13:31.698]: (-0.3, 0.8, 1.4) 2
[17:13:31.717]: (-0.3, 0.8, 1.4) 2
[17:13:31.735]: (-0.3, 0.8, 1.4) 2
[17:13:31.752]: (-0.3, 0.8, 1.4) 2
[17:13:31.770]: (-0.3, 0.8, 1.4) 2
[17:13:31.788]: (-0.3, 0.9, 1.4) 2
[17:13:31.805]: (-0.3, 0.9, 1.4) 2
[17:13:31.824]: (-0.3, 0.9, 1.4) 2
[17:13:31.840]: (-0.3, 0.9, 1.4) 2
[17:13:31.856]: (-0.3, 0.9, 1.4) 2
[17:13:31.873]: (-0.3, 0.9, 1.4) 2
[17:13:31.888]: (-0.3, 0.9, 1.4) 2
[17:13:31.905]: (-0.3, 0.9, 1.4) 2
[17:13:31.928]: (-0.3, 0.9, 1.4) 2
[17:13:31.949]: (-0.3, 0.9, 1.4) 2
[17:13:31.974]: (-0.3, 0.8, 1.4) 2
[17:13:31.993]: (-0.3, 0.8, 1.4) 2
[17:13:32.016]: (-0.3, 0.8, 1.4) 2
[17:13:32.039]: (-0.3, 0.8, 1.4) 2
[17:13:32.062]: (-0.3, 0.9, 1.4) 2
[17:13:32.084]: (-0.3, 0.9, 1.4) 2
[17:13:32.107]: (-0.3, 0.9, 1.4) 2
[17:13:32.126]: (-0.3, 0.9, 1.4) 2
[17:13:32.149]: (-0.3, 0.9, 1.4) 2
[17:13:32.170]: (-0.3, 0.9, 1.4) 2
[17:13:32.195]: (-0.3, 0.9, 1.4) 2
[17:13:32.218]: (-0.3, 0.9, 1.4) 2
[17:13:32.239]: (-0.3, 0.9, 1.4) 2
[17:13:32.260]: (-0.3, 0.9, 1.4) 2
[17:13:32.283]: (-0.3, 0.9, 1.4) 2
[17:13:32.305]: (-0.3, 0.9, 1.4) 2
[17:13:32.329]: (-0.3, 0.9, 1.4) 2
[17:13:32.351]: (-0.3, 0.9, 1.4) 2
[17:13:32.377]: (-0.3, 0.9, 1.4) 2
[17:13:32.396]: (-0.3, 0.9, 1.4) 2
[17:13:32.415]: (-0.3, 0.9, 1.4) 2
[17:13:32.431]: (-0.3, 0.9, 1.4) 2
[17:13:32.447]: (-0.3, 0.9, 1.4) 2
[17:13:32.462]: (-0.3, 0.9, 1.4) 2
[17:13:32.479]: (-0.3, 0.9, 1.4) 2
[17:13:32.495]: (-0.3, 0.9, 1.4) 2
[17:13:32.511]: (-0.3, 0.9, 1.4) 2
[17:13:32.527]: (-0.3, 0.9, 1.4) 2
[17:13:32.542]: (-0.3, 0.9, 1.4) 2
[17:13:32.560]: (-0.3, 0.9, 1.4) 2
[17:13:32.576]: (-0.3, 0.9, 1.4) 2
[17:13:32.597]: (-0.3, 0.9, 1.4) 2
[17:13:32.615]: (-0.3, 0.9, 1.4) 2
[17:13:32.631]: (-0.3, 0.9, 1.4) 2
[17:13:32.647]: (-0.3, 0.9, 1.4) 2
[17:13:32.663]: (-0.3, 0.9, 1.4) 2
[17:13:32.679]: (-0.3, 0.8, 1.4) 2
[17:13:32.695]: (-0.3, 0.8, 1.4) 2
[17:13:32.712]: (-0.3, 0.8, 1.4) 2
[17:13:32.772]: (-0.3, 0.8, 1.4) 2
[17:13:32.788]: (-0.3, 0.8, 1.4) 2
[17:13:32.822]: (-0.3, 0.8, 1.4) 2
[17:13:32.838]: (-0.3, 0.9, 1.4) 2
[17:13:32.854]: (-0.3, 0.9, 1.4) 2
[17:13:32.870]: (-0.3, 0.8, 1.4) 2
[17:13:32.893]: (-0.3, 0.8, 1.4) 2
[17:13:32.916]: (-0.3, 0.8, 1.4) 2
[17:13:32.937]: (-0.3, 0.8, 1.4) 2
[17:13:32.959]: (-0.3, 0.8, 1.4) 2
[17:13:32.982]: (-0.3, 0.8, 1.4) 2
[17:13:33.003]: (-0.3, 0.8, 1.4) 2
[17:13:33.026]: (-0.3, 0.8, 1.4) 2
[17:13:33.049]: (-0.3, 0.8, 1.4) 2
[17:13:33.070]: (-0.3, 0.8, 1.4) 2
[17:13:33.093]: (-0.3, 0.8, 1.4) 2
[17:13:33.115]: (-0.3, 0.8, 1.4) 2
[17:13:33.136]: (-0.3, 0.8, 1.4) 2
[17:13:33.159]: (-0.3, 0.8, 1.4) 2
[17:13:33.181]: (-0.3, 0.8, 1.4) 2
[17:13:33.204]: (-0.3, 0.8, 1.4) 2
[17:13:33.225]: (-0.3, 0.8, 1.4) 2
[17:13:33.248]: (-0.3, 0.9, 1.4) 2
[17:13:33.270]: (-0.3, 0.9, 1.4) 2
[17:13:33.285]: (-0.3, 0.9, 1.4) 2
[17:13:33.300]: (-0.3, 0.9, 1.4) 2
[17:13:33.317]: (-0.3, 0.9, 1.4) 2
[17:13:33.334]: (-0.3, 0.9, 1.4) 2
[17:13:33.351]: (-0.3, 0.9, 1.4) 2
[17:13:33.368]: (-0.3, 0.9, 1.4) 2
[17:13:33.386]: (-0.3, 0.9, 1.4) 2
[17:13:33.403]: (-0.3, 0.9, 1.4) 2
[17:13:33.419]: (-0.3, 0.9, 1.4) 2
[17:13:33.435]: (-0.3, 0.9, 1.4) 2
[17:13:33.611]: (-0.3, 0.8, 1.4) 2
[17:13:33.740]: (-0.3, 0.8, 1.4) 2
[17:13:33.762]: (-0.3, 0.8, 1.4) 2
[17:13:33.783]: (-0.3, 0.9, 1.4) 2
[17:13:33.804]: (-0.3, 0.9, 1.4) 2
[17:13:33.825]: (-0.3, 0.9, 1.4) 2
[17:13:33.846]: (-0.3, 0.9, 1.4) 2
[17:13:33.866]: (-0.3, 0.9, 1.4) 2
[17:13:34.371]: (-0.1, 0.8, 2.6) 4
[17:13:34.471]: (-0.1, 0.7, 3.3) 10
[17:13:34.504]: (-0.2, 0.9, 2.5) 4
[17:13:34.538]: (-0.4, 1.1, 1.3) 1
[17:13:34.570]: (-0.4, 1.1, 1.4) 1
[17:13:34.604]: (-0.4, 1.1, 1.4) 1
[17:13:34.637]: (-0.4, 1.2, 1.4) 1
[17:13:34.659]: (-0.5, 0.9, 3.3) 9
[17:13:34.681]: (-0.5, 0.9, 3.2) 9
[17:13:34.793]: (-0.5, 1.2, 1.3) 1
[17:13:34.815]: (-0.5, 1.3, 1.3) 1
[17:13:34.858]: (-0.5, 1.3, 1.4) 0
[17:13:34.880]: (-0.5, 1.3, 1.4) 0
[17:13:34.904]: (-0.5, 1.3, 1.4) 0
[17:13:34.925]: (-0.5, 1.3, 1.4) 0
[17:13:34.948]: (-0.5, 1.3, 1.4) 0
[17:13:34.970]: (-0.5, 1.3, 1.4) 0
[17:13:34.991]: (-0.5, 1.3, 1.4) 0
[17:13:35.237]: (-0.5, 1.3, 1.3) 1
[17:13:35.257]: (-0.5, 1.3, 1.3) 1
[17:13:35.281]: (-0.5, 1.2, 1.3) 1
[17:13:35.369]: (-0.5, 1.2, 1.4) 0
[17:13:35.393]: (-0.5, 1.2, 1.4) 0
[17:13:35.417]: (-0.5, 1.2, 1.4) 0
[17:13:35.440]: (-0.5, 1.2, 1.3) 0
[17:13:35.462]: (-0.5, 1.2, 1.3) 0
[17:13:36.408]: (0.1, 1.0, 1.2) 2
[17:13:36.425]: (0.2, 0.9, 1.3) 1
[17:13:36.768]: (0.3, 0.8, 1.3) 1
[17:13:36.791]: (0.3, 0.8, 1.3) 1
[17:13:42.210]: (0.9, 1.1, 3.1) 10
[17:13:42.408]: (0.9, 1.1, 3.1) 10
[17:13:42.429]: (0.9, 1.1, 3.1) 10
[17:13:42.449]: (0.9, 1.1, 3.0) 10
[17:13:42.471]: (0.9, 1.1, 3.0) 10
[17:13:42.493]: (0.9, 1.1, 3.1) 10
[17:13:42.515]: (0.9, 1.1, 3.0) 10
[17:13:42.556]: (0.9, 1.1, 3.1) 10
[17:13:42.576]: (0.9, 1.1, 3.1) 10
[17:13:42.633]: (0.9, 1.1, 3.1) 10
[17:13:42.699]: (0.9, 1.1, 3.1) 10
[17:13:42.834]: (0.6, 1.1, 2.3) 4
[17:13:43.911]: (-0.1, 1.2, 1.4) 0
[17:13:43.946]: (-0.1, 1.1, 1.3) 0
[17:13:43.978]: (-0.1, 1.1, 1.3) 0
[17:13:44.077]: (-0.1, 1.2, 1.3) 0
[17:13:44.111]: (-0.1, 1.2, 1.3) 0
[17:13:44.145]: (-0.1, 1.1, 1.3) 0
[17:13:44.177]: (-0.1, 1.1, 1.3) 0
[17:13:44.213]: (-0.1, 1.2, 1.3) 0
[17:13:44.244]: (-0.1, 1.2, 1.3) 0
[17:13:44.278]: (-0.1, 1.2, 1.3) 0
[17:13:44.311]: (-0.1, 1.1, 1.3) 0
[17:13:50.283]: (-0.2, 1.1, 1.4) 0
[17:13:50.299]: (-0.2, 1.1, 1.3) 2
[17:13:50.316]: (-0.2, 1.1, 1.2) 2
[17:13:50.332]: (-0.2, 1.1, 1.2) 2
[17:13:50.347]: (-0.2, 1.1, 1.2) 2
[17:13:50.362]: (-0.2, 1.1, 1.3) 2
[17:13:50.378]: (-0.2, 1.1, 1.2) 2
[17:13:50.393]: (-0.2, 1.1, 1.2) 2
[17:13:50.408]: (-0.2, 1.1, 1.2) 2
[17:13:50.423]: (-0.2, 1.1, 1.2) 2
[17:13:50.441]: (-0.2, 1.1, 1.2) 2
[17:13:50.457]: (-0.2, 1.1, 1.2) 2
[17:13:50.472]: (-0.2, 1.1, 1.2) 2
[17:13:50.488]: (-0.2, 1.1, 1.2) 2
[17:13:50.505]: (-0.2, 1.1, 1.2) 2
[17:13:50.521]: (-0.2, 1.1, 1.2) 2
[17:13:50.538]: (-0.2, 1.1, 1.2) 2
[17:13:50.554]: (-0.2, 1.1, 1.2) 2
[17:13:50.571]: (-0.2, 1.1, 1.2) 2
[17:13:50.587]: (-0.2, 1.1, 1.2) 2
[17:13:50.603]: (-0.2, 1.1, 1.2) 2
[17:13:50.619]: (-0.2, 1.1, 1.2) 2
[17:13:50.636]: (-0.2, 1.1, 1.2) 2
[17:13:50.651]: (-0.2, 1.1, 1.2) 2
[17:13:51.088]: (-0.7, 1.2, 1.8) 8
[17:13:51.104]: (-0.7, 1.2, 1.8) 8
[17:13:51.288]: (-0.7, 1.2, 1.8) 8
[17:13:51.305]: (-0.7, 1.2, 1.8) 8
[17:13:51.322]: (-0.7, 1.2, 1.8) 8
[17:13:51.338]: (-0.7, 1.2, 1.8) 8
[17:13:51.398]: (-0.7, 1.2, 1.7) 8
[17:13:51.415]: (-0.7, 1.2, 1.7) 8
[17:13:51.431]: (-0.7, 1.2, 1.7) 8
[17:13:51.447]: (-0.7, 1.2, 1.7) 8
[17:13:51.462]: (-0.7, 1.2, 1.7) 8
[17:13:51.485]: (-0.7, 1.2, 1.7) 8
[17:13:51.507]: (-0.7, 1.2, 1.8) 8
[17:13:54.384]: (-0.1, 1.1, 1.3) 0
[17:13:54.407]: (-0.1, 1.1, 1.4) 0
[17:13:54.430]: (-0.2, 1.1, 1.2) 2
[17:13:54.451]: (-0.2, 1.1, 1.2) 2
[17:13:54.473]: (-0.2, 1.1, 1.2) 2
[17:13:54.495]: (-0.2, 1.1, 1.2) 2
[17:13:54.517]: (-0.2, 1.1, 1.2) 2
[17:13:54.539]: (-0.2, 1.1, 1.2) 2
[17:13:54.554]: (-0.2, 1.1, 1.2) 2
[17:13:54.570]: (-0.2, 1.1, 1.2) 2
[17:13:54.586]: (-0.2, 1.1, 1.2) 2
[17:13:54.602]: (-0.2, 1.1, 1.2) 2
[17:13:54.618]: (-0.2, 1.1, 1.2) 2
[17:13:54.635]: (-0.2, 1.1, 1.2) 2
[17:13:54.652]: (-0.2, 1.1, 1.2) 2
[17:13:54.668]: (-0.2, 1.1, 1.2) 2
[17:13:54.685]: (-0.2, 1.1, 1.2) 2
[17:13:54.701]: (-0.2, 1.1, 1.2) 2
[17:13:54.718]: (-0.2, 1.1, 1.2) 2
[17:13:54.735]: (-0.2, 1.1, 1.2) 2
[17:13:55.095]: (-0.7, 1.2, 1.8) 8
[17:13:55.118]: (-0.7, 1.2, 1.8) 8
[17:13:55.296]: (-0.7, 1.2, 1.8) 8
[17:13:55.416]: (-0.7, 1.2, 1.8) 8
[17:13:55.432]: (-0.7, 1.2, 1.8) 8
[17:13:55.448]: (-0.7, 1.2, 1.8) 8
[17:13:55.479]: (-0.7, 1.2, 1.8) 8
[17:13:55.496]: (-0.7, 1.2, 1.8) 8
[17:13:55.575]: (-0.7, 1.2, 1.8) 8
[17:13:55.590]: (-0.7, 1.2, 1.8) 8
[17:13:55.607]: (-0.7, 1.2, 1.8) 8
[17:13:55.640]: (-0.7, 1.2, 1.8) 8
[17:13:55.655]: (-0.7, 1.2, 1.7) 8
[17:13:55.672]: (-0.7, 1.2, 1.8) 8
[17:13:55.688]: (-0.7, 1.2, 1.8) 8
[17:13:55.704]: (-0.7, 1.2, 1.7) 8
[17:13:55.720]: (-0.7, 1.2, 1.7) 8
[17:13:55.737]: (-0.7, 1.2, 1.7) 8
[17:13:55.768]: (-0.7, 1.2, 1.8) 8
[17:13:55.785]: (-0.7, 1.2, 1.8) 8
[17:13:55.807]: (-0.7, 1.2, 1.7) 8
[17:13:55.828]: (-0.7, 1.2, 1.7) 8
[17:13:55.850]: (-0.7, 1.2, 1.8) 8
[17:13:55.872]: (-0.7, 1.2, 1.7) 8
[17:13:55.895]: (-0.7, 1.2, 1.7) 8
[17:13:55.917]: (-0.7, 1.2, 1.7) 8
[17:13:55.939]: (-0.7, 1.2, 1.7) 8
[17:13:55.961]: (-0.7, 1.2, 1.7) 8
[17:13:55.985]: (-0.7, 1.2, 1.7) 8
[17:13:56.007]: (-0.7, 1.2, 1.7) 8
[17:13:56.028]: (-0.7, 1.2, 1.7) 8
[17:13:56.050]: (-0.7, 1.2, 1.7) 8
[17:13:56.073]: (-0.7, 1.2, 1.7) 8
[17:13:56.094]: (-0.7, 1.2, 1.8) 8
[17:13:56.117]: (-0.7, 1.2, 1.7) 8
[17:13:56.139]: (-0.7, 1.2, 1.8) 8
[17:13:56.161]: (-0.7, 1.2, 1.8) 8
[17:13:56.183]: (-0.7, 1.2, 1.8) 8
[17:13:56.205]: (-0.7, 1.2, 1.7) 8
[17:13:56.228]: (-0.7, 1.2, 1.8) 8
[17:13:56.251]: (-0.7, 1.2, 1.8) 8
[17:13:56.272]: (-0.7, 1.2, 1.8) 8
[17:13:56.348]: (-0.7, 1.2, 1.8) 8
[17:13:56.366]: (-0.7, 1.2, 1.8) 8
[17:13:56.381]: (-0.7, 1.2, 1.8) 8
[17:13:56.397]: (-0.7, 1.2, 1.8) 8
[17:13:56.444]: (-0.7, 1.2, 1.8) 8
[17:13:56.461]: (-0.7, 1.2, 1.8) 8
[17:13:56.477]: (-0.7, 1.2, 1.8) 8
[17:13:56.494]: (-0.7, 1.2, 1.8) 8
[17:13:56.510]: (-0.7, 1.2, 1.8) 8
[17:13:56.527]: (-0.7, 1.2, 1.8) 8
[17:13:56.543]: (-0.7, 1.2, 1.8) 8
[17:13:56.560]: (-0.7, 1.2, 1.8) 8
[17:13:56.576]: (-0.7, 1.2, 1.8) 8
[17:13:56.592]: (-0.7, 1.2, 1.8) 8
[17:13:56.607]: (-0.7, 1.2, 1.8) 8
[17:13:56.655]: (-0.7, 1.2, 1.8) 8
[17:13:56.672]: (-0.7, 1.2, 1.8) 8
[17:13:57.487]: (-0.1, 1.1, 1.3) 0
[17:13:57.503]: (0.0, 1.1, 1.3) 0
[17:13:57.519]: (0.0, 1.1, 1.4) 0
[17:13:57.537]: (0.0, 1.1, 1.4) 0
[17:13:57.553]: (-0.1, 1.1, 1.3) 0
[17:13:57.572]: (-0.1, 1.1, 1.3) 0
[17:13:57.593]: (-0.1, 1.1, 1.3) 0
[17:13:57.617]: (-0.1, 1.1, 1.3) 0
[17:13:57.638]: (-0.1, 1.1, 1.3) 0
[17:13:57.660]: (-0.1, 1.1, 1.3) 0
[17:13:57.683]: (-0.1, 1.1, 1.3) 0
[17:13:57.704]: (-0.1, 1.1, 1.3) 0
[17:13:57.729]: (-0.1, 1.1, 1.3) 0
[17:13:57.750]: (-0.1, 1.1, 1.3) 0
[17:13:57.772]: (-0.1, 1.1, 1.3) 0
[17:13:57.795]: (-0.1, 1.1, 1.3) 0
[17:13:57.816]: (-0.1, 1.1, 1.3) 0
[17:13:57.839]: (-0.1, 1.1, 1.3) 0
[17:13:57.861]: (-0.1, 1.1, 1.3) 0
[17:13:57.884]: (-0.1, 1.1, 1.3) 0
[17:13:57.904]: (-0.1, 1.1, 1.3) 0
[17:13:57.928]: (-0.1, 1.1, 1.3) 0
[17:13:57.949]: (-0.1, 1.1, 1.3) 0
[17:13:57.972]: (-0.1, 1.1, 1.3) 0
[17:13:57.994]: (-0.1, 1.1, 1.3) 0
[17:13:58.016]: (-0.1, 1.1, 1.3) 0
[17:13:58.039]: (-0.1, 1.1, 1.3) 0
[17:13:58.056]: (-0.1, 1.1, 1.3) 0
[17:13:58.073]: (-0.1, 1.1, 1.3) 0
[17:13:58.090]: (-0.1, 1.1, 1.3) 0
[17:13:58.107]: (-0.1, 1.1, 1.3) 0
[17:13:58.124]: (-0.1, 1.1, 1.3) 0
[17:13:58.141]: (-0.1, 1.1, 1.3) 0
[17:13:58.158]: (-0.1, 1.1, 1.3) 0
[17:13:58.174]: (-0.1, 1.1, 1.3) 0
[17:13:58.189]: (-0.1, 1.1, 1.3) 0
[17:13:58.205]: (-0.1, 1.1, 1.3) 0
[17:13:58.220]: (-0.1, 1.1, 1.3) 0
[17:13:58.237]: (-0.1, 1.1, 1.4) 0
[17:13:58.253]: (-0.1, 1.1, 1.3) 0
[17:13:58.269]: (-0.1, 1.1, 1.3) 0
[17:13:58.285]: (-0.1, 1.1, 1.3) 0
[17:13:58.301]: (-0.1, 1.1, 1.4) 0
[17:13:58.319]: (-0.1, 1.1, 1.3) 0
[17:13:58.334]: (-0.1, 1.1, 1.3) 0
[17:13:58.351]: (-0.1, 1.1, 1.3) 0
[17:13:58.368]: (-0.1, 1.1, 1.3) 0
[17:13:58.385]: (-0.1, 1.1, 1.3) 0
[17:13:58.401]: (-0.1, 1.1, 1.3) 0
[17:13:58.419]: (-0.1, 1.1, 1.3) 0
[17:13:58.436]: (-0.1, 1.1, 1.3) 0
[17:13:58.467]: (-0.2, 1.1, 1.2) 2
[17:13:58.484]: (-0.2, 1.1, 1.2) 2
[17:13:58.500]: (-0.2, 1.1, 1.2) 2
[17:13:58.516]: (-0.2, 1.1, 1.2) 2
[17:13:58.538]: (-0.2, 1.1, 1.2) 2
[17:13:58.560]: (-0.2, 1.1, 1.2) 2
[17:13:58.582]: (-0.2, 1.1, 1.2) 2
[17:13:58.605]: (-0.2, 1.1, 1.2) 2
[17:13:58.628]: (-0.2, 1.1, 1.2) 2
[17:13:58.649]: (-0.2, 1.1, 1.2) 2
[17:13:58.672]: (-0.2, 1.1, 1.2) 2
[17:13:58.693]: (-0.2, 1.1, 1.2) 2
[17:13:58.716]: (-0.2, 1.1, 1.2) 2
[17:13:58.738]: (-0.2, 1.1, 1.2) 2
[17:13:58.760]: (-0.2, 1.1, 1.2) 2
[17:13:58.782]: (-0.2, 1.1, 1.2) 2
[17:13:58.804]: (-0.2, 1.1, 1.2) 2
[17:13:58.827]: (-0.2, 1.1, 1.2) 2
[17:13:58.849]: (-0.2, 1.1, 1.2) 2
[17:13:58.872]: (-0.2, 1.1, 1.2) 2
[17:13:58.893]: (-0.2, 1.1, 1.2) 2
[17:13:58.915]: (-0.2, 1.1, 1.2) 2
[17:13:58.938]: (-0.2, 1.1, 1.2) 2
[17:13:58.955]: (-0.2, 1.1, 1.2) 2
[17:13:58.972]: (-0.2, 1.1, 1.2) 2
[17:13:58.988]: (-0.2, 1.1, 1.2) 2
[17:13:59.006]: (-0.2, 1.1, 1.2) 2
[17:13:59.021]: (-0.2, 1.1, 1.2) 2
[17:13:59.039]: (-0.2, 1.1, 1.2) 2
[17:13:59.054]: (-0.2, 1.1, 1.2) 2
[17:13:59.071]: (-0.2, 1.1, 1.2) 2
[17:13:59.087]: (-0.2, 1.1, 1.2) 2
[17:13:59.103]: (-0.2, 1.1, 1.2) 2
[17:13:59.118]: (-0.2, 1.1, 1.2) 2
[17:13:59.135]: (-0.2, 1.1, 1.2) 2
[17:13:59.151]: (-0.2, 1.1, 1.2) 2
[17:13:59.167]: (-0.2, 1.1, 1.2) 2
[17:13:59.182]: (-0.2, 1.1, 1.2) 2
[17:13:59.197]: (-0.2, 1.1, 1.2) 2
[17:13:59.215]: (-0.2, 1.1, 1.2) 2
[17:13:59.231]: (-0.2, 1.1, 1.2) 2
[17:13:59.247]: (-0.2, 1.1, 1.2) 2
[17:13:59.262]: (-0.2, 1.1, 1.2) 2
[17:13:59.281]: (-0.2, 1.1, 1.2) 2
[17:13:59.298]: (-0.2, 1.1, 1.2) 2
[17:13:59.315]: (-0.2, 1.1, 1.2) 2
[17:13:59.333]: (-0.2, 1.1, 1.2) 2
[17:13:59.350]: (-0.2, 1.1, 1.2) 2
[17:13:59.366]: (-0.2, 1.1, 1.2) 2
[17:13:59.383]: (-0.2, 1.1, 1.2) 2
[17:13:59.399]: (-0.2, 1.1, 1.2) 2
[17:13:59.417]: (-0.2, 1.0, 1.2) 2
[17:13:59.437]: (-0.2, 1.1, 1.2) 2
[17:13:59.460]: (-0.2, 1.0, 1.2) 2
[17:13:59.771]: (-0.2, 1.0, 1.3) 2
[17:13:59.793]: (-0.2, 1.0, 1.2) 2
[17:13:59.816]: (-0.2, 1.0, 1.2) 2
[17:13:59.832]: (-0.2, 1.0, 1.2) 2
[17:13:59.848]: (-0.2, 1.0, 1.2) 2
[17:13:59.864]: (-0.2, 1.0, 1.2) 2
[17:13:59.881]: (-0.2, 1.0, 1.2) 2
[17:14:00.191]: (-0.2, 1.0, 1.2) 2
[17:14:00.207]: (-0.2, 1.0, 1.2) 2
[17:14:00.224]: (-0.2, 1.0, 1.2) 2
[17:14:00.241]: (-0.2, 1.1, 1.2) 2
[17:14:00.259]: (-0.2, 1.0, 1.2) 2
[17:14:00.282]: (-0.2, 1.0, 1.2) 2
[17:14:00.303]: (-0.2, 1.1, 1.2) 2
[17:14:00.326]: (-0.2, 1.1, 1.2) 2
[17:14:00.348]: (-0.2, 1.1, 1.2) 2
[17:14:00.371]: (-0.2, 1.1, 1.2) 2
[17:14:00.393]: (-0.2, 1.1, 1.2) 2
[17:14:00.415]: (-0.2, 1.1, 1.2) 2
[17:14:00.439]: (-0.2, 1.1, 1.2) 2
[17:14:00.460]: (-0.2, 1.1, 1.2) 2
[17:14:00.481]: (-0.2, 1.1, 1.2) 2
[17:14:00.659]: (-0.1, 1.0, 1.4) 0
[17:14:00.675]: (-0.1, 1.1, 1.3) 0
[17:14:00.691]: (-0.1, 1.1, 1.3) 0
[17:14:00.706]: (-0.1, 1.1, 1.4) 0
[17:14:00.722]: (-0.1, 1.1, 1.4) 0
[17:14:00.740]: (-0.1, 1.1, 1.3) 0
[17:14:00.757]: (-0.1, 1.1, 1.4) 0
[17:14:00.773]: (-0.1, 1.0, 1.4) 0
[17:14:00.789]: (-0.2, 1.1, 1.3) 2
[17:14:03.781]: (-0.1, 1.1, 1.3) 0
[17:14:03.803]: (-0.1, 1.1, 1.3) 0
[17:14:03.825]: (-0.1, 1.1, 1.3) 0
[17:14:03.847]: (-0.1, 1.1, 1.3) 0
[17:14:03.869]: (-0.1, 1.1, 1.4) 0
[17:14:03.893]: (-0.1, 1.1, 1.4) 0
[17:14:03.915]: (-0.1, 1.1, 1.4) 0
[17:14:03.939]: (-0.1, 1.1, 1.4) 0
[17:14:03.958]: (-0.1, 1.1, 1.4) 0
[17:14:03.981]: (-0.1, 1.0, 1.4) 0
[17:14:04.025]: (-0.1, 1.1, 1.4) 0
[17:14:04.047]: (-0.2, 1.1, 1.2) 2
[17:14:04.069]: (-0.2, 1.1, 1.2) 2
[17:14:04.093]: (-0.2, 1.1, 1.2) 2
[17:14:04.113]: (-0.2, 1.1, 1.2) 2
[17:14:04.137]: (-0.2, 1.0, 1.2) 2
[17:14:04.157]: (-0.2, 1.0, 1.2) 2
[17:14:04.177]: (-0.2, 1.0, 1.2) 2
[17:14:04.200]: (-0.2, 1.0, 1.2) 2
[17:14:04.218]: (-0.2, 1.1, 1.2) 2
[17:14:04.243]: (-0.2, 1.1, 1.2) 2
[17:14:04.262]: (-0.2, 1.1, 1.2) 2
[17:14:04.283]: (-0.2, 1.0, 1.2) 2
[17:14:04.306]: (-0.2, 1.1, 1.2) 2
[17:14:04.325]: (-0.2, 1.1, 1.2) 2
[17:14:04.345]: (-0.2, 1.1, 1.2) 2
[17:14:04.363]: (-0.2, 1.1, 1.2) 2
[17:14:04.389]: (-0.2, 1.1, 1.2) 2
[17:14:04.408]: (-0.2, 1.1, 1.2) 2
[17:14:04.429]: (-0.2, 1.1, 1.2) 2
[17:14:04.448]: (-0.2, 1.1, 1.2) 2
[17:14:04.467]: (-0.2, 1.1, 1.2) 2
[17:14:04.485]: (-0.2, 1.1, 1.2) 2
[17:14:04.747]: (-0.2, 1.0, 1.2) 2
[17:14:04.767]: (-0.2, 1.0, 1.3) 2
[17:14:04.793]: (-0.2, 1.1, 1.2) 2
[17:14:04.814]: (-0.2, 1.1, 1.2) 2
[17:14:04.834]: (-0.2, 1.1, 1.2) 2
[17:14:04.858]: (-0.2, 1.1, 1.2) 2
[17:14:04.879]: (-0.2, 1.1, 1.2) 2
[17:14:04.905]: (-0.2, 1.1, 1.2) 2
[17:14:04.925]: (-0.2, 1.1, 1.2) 2
[17:14:04.946]: (-0.2, 1.1, 1.2) 2
[17:14:04.968]: (-0.2, 1.1, 1.2) 2
[17:14:04.990]: (-0.2, 1.1, 1.2) 2
[17:14:05.013]: (-0.2, 1.1, 1.2) 2
[17:14:05.036]: (-0.2, 1.1, 1.2) 2
[17:14:05.058]: (-0.2, 1.1, 1.2) 2
[17:14:05.079]: (-0.2, 1.1, 1.2) 2
[17:14:05.101]: (-0.2, 1.1, 1.2) 2
[17:14:05.124]: (-0.2, 1.1, 1.2) 2
[17:14:05.146]: (-0.2, 1.1, 1.2) 2
[17:14:05.162]: (-0.2, 1.1, 1.2) 2
[17:14:05.178]: (-0.2, 1.1, 1.2) 2
[17:14:05.194]: (-0.2, 1.1, 1.2) 2
[17:14:05.209]: (-0.2, 1.1, 1.2) 2
[17:14:05.226]: (-0.2, 1.1, 1.2) 2
[17:14:05.244]: (-0.2, 1.1, 1.2) 2
[17:14:05.260]: (-0.2, 1.1, 1.2) 2
[17:14:05.276]: (-0.2, 1.1, 1.2) 2
[17:14:05.308]: (0.0, 1.1, 1.3) 1
[17:14:05.635]: (0.0, 1.1, 1.3) 1
[17:14:05.657]: (-0.1, 1.1, 1.3) 0
[17:14:05.679]: (-0.2, 1.1, 1.2) 2
[17:14:05.701]: (-0.2, 1.1, 1.2) 2
[17:14:05.724]: (-0.2, 1.1, 1.2) 2
[17:14:05.745]: (-0.2, 1.1, 1.2) 2
[17:14:05.768]: (-0.2, 1.1, 1.2) 2
[17:14:05.791]: (-0.2, 1.1, 1.2) 2
[17:14:05.814]: (-0.2, 1.1, 1.2) 2
[17:14:05.836]: (-0.1, 1.1, 1.3) 2
[17:14:05.859]: (-0.1, 1.1, 1.3) 0
[17:14:05.879]: (-0.1, 1.1, 1.3) 0
[17:14:05.902]: (-0.1, 1.1, 1.3) 0
[17:14:05.924]: (-0.1, 1.1, 1.3) 0
[17:14:05.946]: (-0.1, 1.1, 1.3) 0
[17:14:05.969]: (-0.1, 1.1, 1.3) 2
[17:14:05.991]: (-0.2, 1.1, 1.2) 2
[17:14:06.012]: (-0.2, 1.1, 1.2) 2
[17:14:06.029]: (-0.2, 1.1, 1.2) 2
[17:14:06.045]: (-0.2, 1.1, 1.2) 2
[17:14:06.060]: (-0.2, 1.1, 1.2) 2
[17:14:06.076]: (-0.2, 1.1, 1.2) 2
[17:14:06.093]: (-0.2, 1.1, 1.2) 2
[17:14:06.109]: (-0.2, 1.1, 1.2) 2
[17:14:06.126]: (-0.2, 1.1, 1.2) 2
[17:14:06.142]: (-0.2, 1.1, 1.2) 2
[17:14:06.157]: (-0.2, 1.1, 1.2) 2
[17:14:06.174]: (-0.2, 1.1, 1.2) 2
[17:14:06.191]: (-0.2, 1.1, 1.2) 2
[17:14:06.207]: (-0.2, 1.1, 1.2) 2
[17:14:06.223]: (-0.2, 1.1, 1.2) 2
[17:14:06.241]: (-0.2, 1.1, 1.2) 2
[17:14:06.256]: (-0.2, 1.1, 1.2) 2
[17:14:06.274]: (-0.2, 1.1, 1.2) 2
[17:14:06.290]: (-0.2, 1.1, 1.2) 2
[17:14:06.307]: (-0.2, 1.1, 1.2) 2
[17:14:06.322]: (-0.2, 1.1, 1.2) 2
[17:14:06.339]: (-0.1, 1.0, 1.4) 0
[17:14:06.355]: (-0.2, 1.1, 1.2) 2
[17:14:06.371]: (-0.1, 1.1, 1.3) 0
[17:14:10.055]: (-0.2, 1.1, 1.2) 2
[17:14:10.078]: (-0.2, 1.1, 1.2) 2
[17:14:10.099]: (-0.2, 1.1, 1.2) 2
[17:14:10.123]: (-0.2, 1.1, 1.2) 2
[17:14:10.144]: (-0.2, 1.1, 1.2) 2
[17:14:10.166]: (-0.2, 1.1, 1.3) 2
[17:14:10.188]: (-0.2, 1.1, 1.4) 0
[17:14:10.210]: (-0.2, 1.1, 1.3) 2
[17:14:10.233]: (-0.2, 1.1, 1.3) 2
[17:14:10.255]: (-0.2, 1.1, 1.3) 2
[17:14:10.278]: (-0.2, 1.1, 1.2) 2
[17:14:10.299]: (-0.2, 1.1, 1.3) 2
[17:14:10.316]: (-0.2, 1.1, 1.4) 0
[17:14:10.331]: (-0.2, 1.1, 1.2) 2
[17:14:10.348]: (-0.1, 1.1, 1.3) 0
[17:14:10.365]: (-0.1, 1.1, 1.3) 0
[17:14:11.843]: (0.6, 1.0, 2.4) 4
[17:14:11.999]: (0.7, 1.1, 2.3) 4
[17:14:12.021]: (0.7, 1.0, 2.3) 4
[17:14:13.943]: (-0.1, 1.1, 1.3) 0
[17:14:13.958]: (-0.1, 1.1, 1.3) 0
[17:14:13.974]: (-0.1, 1.1, 1.3) 0
[17:14:13.990]: (-0.1, 1.1, 1.4) 0
[17:14:14.007]: (-0.1, 1.1, 1.4) 0
[17:14:14.023]: (-0.1, 1.1, 1.3) 0
[17:14:14.039]: (-0.1, 1.1, 1.3) 0
[17:14:14.055]: (-0.1, 1.1, 1.3) 0
[17:14:14.072]: (-0.1, 1.1, 1.3) 0
[17:14:14.088]: (-0.1, 1.1, 1.3) 0
[17:14:14.106]: (-0.1, 1.1, 1.3) 0
[17:14:14.123]: (-0.1, 1.1, 1.3) 0
[17:14:14.140]: (-0.1, 1.1, 1.3) 0
[17:14:14.156]: (-0.1, 1.1, 1.3) 0
[17:14:14.172]: (-0.1, 1.1, 1.3) 0
[17:14:14.188]: (-0.1, 1.1, 1.3) 0
[17:14:15.387]: (-0.1, 1.1, 1.3) 0
[17:14:15.469]: (-0.1, 1.1, 1.3) 0
[17:14:15.678]: (0.0, 1.1, 1.3) 1
[17:14:18.410]: (0.6, 1.0, 2.4) 4
[17:14:18.496]: (0.6, 1.0, 2.4) 4
[17:14:18.674]: (0.6, 1.0, 2.3) 4
[17:14:18.719]: (0.6, 1.0, 2.3) 4
[17:14:22.139]: (-0.1, 1.1, 1.3) 0
[17:14:22.162]: (-0.1, 1.1, 1.3) 0
[17:14:22.184]: (-0.1, 1.1, 1.3) 0
[17:14:22.206]: (-0.2, 1.1, 1.4) 0
[17:14:22.316]: (-0.2, 1.1, 1.3) 2
[17:14:22.340]: (-0.2, 1.1, 1.2) 2
[17:14:22.362]: (-0.2, 1.1, 1.2) 2
[17:14:22.384]: (-0.2, 1.1, 1.2) 2
[17:14:22.407]: (-0.2, 1.1, 1.3) 2
[17:14:22.429]: (-0.2, 1.1, 1.2) 2
[17:14:22.452]: (-0.2, 1.1, 1.2) 2
[17:14:22.472]: (-0.2, 1.1, 1.2) 2
[17:14:22.495]: (-0.2, 1.1, 1.2) 2
[17:14:22.512]: (-0.2, 1.1, 1.2) 2
[17:14:22.543]: (-0.2, 1.1, 1.2) 2
[17:14:22.560]: (-0.2, 1.1, 1.2) 2
[17:14:22.576]: (-0.2, 1.1, 1.2) 2
[17:14:22.592]: (-0.2, 1.1, 1.2) 2
[17:14:22.614]: (-0.2, 1.1, 1.2) 2
[17:14:22.632]: (-0.2, 1.1, 1.2) 2
[17:14:22.649]: (-0.2, 1.1, 1.2) 2
[17:14:22.664]: (-0.2, 1.1, 1.2) 2
[17:14:22.680]: (-0.2, 1.1, 1.2) 2
[17:14:22.696]: (-0.2, 1.1, 1.2) 2
[17:14:22.712]: (-0.2, 1.1, 1.2) 2
[17:14:22.734]: (-0.2, 1.1, 1.2) 2
