[17:30:12.416]: (-2.6, -0.9, 0.0) 9
[17:30:13.180]: (-2.4, -1.6, -0.1) 22
[17:30:13.202]: (-2.3, -1.5, 0.0) 23
[17:30:13.226]: (-2.5, -1.7, 0.0) 24
[17:30:13.247]: (-2.5, -1.6, 0.0) 24
[17:30:13.269]: (-2.5, -1.6, 0.0) 24
[17:30:13.292]: (-2.5, -1.6, 0.0) 24
[17:30:13.314]: (-2.3, -1.5, 0.0) 23
[17:30:13.336]: (-2.3, -1.5, 0.0) 23
[17:30:13.358]: (-2.3, -1.5, 0.0) 23
[17:30:13.374]: (-2.3, -1.5, 0.0) 23
[17:30:13.390]: (-2.3, -1.5, 0.0) 23
[17:30:13.406]: (-2.3, -1.5, 0.0) 23
[17:30:13.422]: (-2.3, -1.5, 0.0) 23
[17:30:13.440]: (-2.3, -1.6, 0.0) 22
[17:30:13.456]: (-2.3, -1.6, -0.1) 22
[17:30:13.471]: (-2.3, -1.6, -0.1) 22
[17:30:13.488]: (-2.3, -1.6, 0.0) 22
[17:30:13.503]: (-2.3, -1.6, 0.0) 22
[17:30:13.520]: (-2.3, -1.6, 0.0) 22
[17:30:13.536]: (-2.3, -1.6, 0.0) 22
[17:30:13.553]: (-2.3, -1.5, 0.0) 23
[17:30:13.578]: (-2.3, -1.5, 0.0) 23
[17:30:13.605]: (-2.4, -1.6, 0.0) 25
[17:30:13.796]: (-2.4, -0.5, 0.6) 20
[17:30:13.818]: (-2.0, -0.1, 0.6) 13
[17:30:13.839]: (-3.0, -0.9, 1.2) 0
[17:30:13.981]: (-1.7, 0.7, 1.7) 10
[17:30:14.004]: (-1.4, 1.0, 1.9) 11
[17:30:14.363]: (-0.2, 1.3, 3.3) 23
[17:30:15.471]: (0.1, 2.2, 3.8) 27
[17:30:16.157]: (-0.3, 0.9, 3.1) 21
[17:30:16.179]: (-0.3, 1.0, 3.1) 21
[17:30:16.202]: (-0.3, 0.9, 3.1) 21
[17:30:16.224]: (-0.5, 0.9, 2.8) 16
[17:30:16.292]: (-0.5, 1.0, 2.1) 11
[17:30:16.319]: (-0.5, 1.0, 2.1) 11
[17:30:16.342]: (-0.5, 1.0, 2.1) 11
[17:30:16.358]: (-0.5, 1.0, 2.1) 11
[17:30:16.380]: (-0.5, 1.0, 2.1) 11
[17:30:16.401]: (-0.5, 1.0, 2.1) 11
[17:30:16.425]: (-0.5, 1.0, 2.1) 11
[17:30:16.447]: (-0.5, 1.0, 2.1) 11
[17:30:16.468]: (-0.5, 1.1, 2.1) 11
[17:30:16.490]: (-0.5, 1.1, 2.1) 11
[17:30:16.513]: (-0.5, 1.0, 2.2) 13
[17:30:16.535]: (-0.5, 1.1, 2.2) 13
[17:30:16.557]: (-0.6, 1.0, 2.8) 20
[17:30:16.579]: (-0.6, 1.0, 2.8) 20
[17:30:16.602]: (-0.5, 1.1, 2.2) 13
[17:30:16.624]: (-0.6, 1.0, 2.8) 20
[17:30:16.646]: (-0.6, 1.0, 2.8) 20
[17:30:16.668]: (-0.6, 1.0, 2.2) 13
[17:30:16.735]: (-0.6, 1.0, 2.0) 12
[17:30:16.757]: (-0.6, 1.0, 2.0) 12
[17:30:16.779]: (-0.6, 1.0, 2.0) 12
[17:30:16.801]: (-0.6, 1.0, 2.0) 12
[17:30:16.846]: (-0.6, 1.0, 2.0) 12
[17:30:16.863]: (-0.6, 1.0, 2.0) 12
[17:30:16.880]: (-0.6, 1.0, 1.9) 12
[17:30:16.896]: (-0.6, 1.0, 1.9) 12
[17:30:16.915]: (-0.6, 1.0, 1.9) 12
[17:30:16.930]: (-0.6, 1.0, 2.0) 12
[17:30:16.948]: (-0.6, 1.0, 2.0) 12
[17:30:16.964]: (-0.6, 1.0, 2.0) 12
[17:30:16.979]: (-0.6, 1.0, 2.0) 12
[17:30:16.995]: (-0.5, 1.0, 2.1) 11
[17:30:17.590]: (0.0, 1.0, 3.1) 21
[17:30:18.249]: (0.5, 1.5, 3.3) 22
[17:30:18.309]: (0.5, 1.4, 3.2) 23
[17:30:18.330]: (0.5, 1.4, 3.3) 22
[17:30:18.351]: (0.5, 1.4, 3.2) 23
[17:30:18.375]: (0.5, 1.4, 3.3) 22
[17:30:18.394]: (0.5, 1.4, 3.3) 22
[17:30:19.670]: (-0.6, 1.2, 2.7) 20
[17:30:19.691]: (-0.5, 1.3, 2.1) 11
[17:30:19.709]: (-0.5, 1.3, 2.1) 11
[17:30:19.726]: (-0.5, 1.3, 2.1) 11
[17:30:19.744]: (-0.5, 1.2, 2.1) 11
[17:30:19.761]: (-0.6, 1.3, 2.1) 11
[17:30:19.810]: (-0.6, 1.3, 2.7) 20
[17:30:19.846]: (-0.6, 1.3, 2.7) 20
[17:30:19.865]: (-0.6, 1.3, 2.7) 20
[17:30:19.882]: (-0.6, 1.2, 2.7) 20
[17:30:19.899]: (-0.6, 1.3, 2.7) 20
[17:30:19.918]: (-0.6, 1.2, 2.7) 20
[17:30:19.938]: (-0.6, 1.3, 2.7) 20
[17:30:19.954]: (-0.6, 1.3, 2.7) 20
[17:30:19.971]: (-0.6, 1.3, 2.7) 20
[17:30:19.988]: (-0.6, 1.3, 2.7) 20
[17:30:20.004]: (-0.6, 1.3, 2.7) 20
[17:30:20.020]: (-0.6, 1.3, 2.7) 20
[17:30:20.038]: (-0.6, 1.3, 2.7) 20
[17:30:20.055]: (-0.6, 1.3, 2.7) 20
[17:30:20.072]: (-0.6, 1.3, 2.7) 20
[17:30:20.088]: (-0.6, 1.3, 2.7) 20
[17:30:20.105]: (-0.6, 1.3, 2.7) 20
[17:30:20.124]: (-0.6, 1.3, 2.7) 20
[17:30:20.142]: (-0.6, 1.3, 2.7) 20
[17:30:20.158]: (-0.6, 1.3, 2.7) 20
[17:30:20.184]: (-0.6, 1.3, 2.7) 20
[17:30:20.202]: (-0.6, 1.3, 2.7) 20
[17:30:20.223]: (-0.6, 1.3, 2.7) 20
[17:30:20.246]: (-0.6, 1.3, 2.7) 20
[17:30:20.268]: (-0.6, 1.3, 2.7) 20
[17:30:20.289]: (-0.6, 1.3, 2.7) 20
[17:30:20.312]: (-0.6, 1.3, 2.7) 20
[17:30:20.334]: (-0.6, 1.3, 2.7) 20
[17:30:20.360]: (-0.6, 1.3, 2.7) 20
[17:30:20.380]: (-0.6, 1.3, 2.7) 20
[17:30:20.402]: (-0.6, 1.3, 2.7) 20
[17:30:20.423]: (-0.6, 1.3, 2.7) 20
[17:30:20.445]: (-0.6, 1.3, 2.7) 20
[17:30:20.467]: (-0.6, 1.3, 2.7) 20
[17:30:20.489]: (-0.6, 1.2, 2.1) 11
[17:30:20.511]: (-0.6, 1.2, 2.1) 11
[17:30:20.534]: (-0.6, 1.2, 2.1) 11
[17:30:20.556]: (-0.6, 1.2, 2.1) 11
[17:30:20.572]: (-0.6, 1.2, 2.1) 11
[17:30:20.587]: (-0.6, 1.2, 2.1) 11
[17:30:20.602]: (-0.6, 1.2, 2.1) 11
[17:30:20.620]: (-0.6, 1.2, 2.1) 11
[17:30:20.636]: (-0.5, 1.2, 2.1) 11
[17:30:20.653]: (-0.5, 1.2, 2.1) 11
[17:30:20.667]: (-0.5, 1.2, 2.1) 11
[17:30:20.684]: (-0.5, 1.2, 2.1) 11
[17:30:20.701]: (-0.5, 1.2, 2.1) 11
[17:30:20.718]: (-0.5, 1.3, 2.1) 11
[17:30:20.733]: (-0.5, 1.3, 2.1) 11
[17:30:20.750]: (-0.5, 1.2, 2.1) 11
[17:30:20.766]: (-0.5, 1.3, 2.1) 11
[17:30:20.783]: (-0.5, 1.3, 2.1) 11
[17:30:20.798]: (-0.5, 1.3, 2.1) 11
[17:30:20.815]: (-0.5, 1.3, 2.1) 11
[17:30:20.832]: (-0.5, 1.3, 2.1) 11
[17:30:20.849]: (-0.5, 1.3, 2.1) 11
[17:30:20.866]: (-0.5, 1.3, 2.1) 11
[17:30:20.882]: (-0.5, 1.3, 2.1) 11
[17:30:20.900]: (-0.5, 1.3, 2.1) 11
[17:30:20.916]: (-0.5, 1.3, 2.1) 11
[17:30:20.931]: (-0.5, 1.3, 2.1) 11
[17:30:20.948]: (-0.5, 1.3, 2.1) 11
[17:30:20.964]: (-0.5, 1.3, 2.1) 11
[17:30:20.980]: (-0.6, 1.3, 2.2) 13
[17:30:20.996]: (-0.6, 1.3, 2.2) 13
[17:30:21.345]: (-0.5, 1.3, 2.8) 16
[17:30:29.294]: (-0.5, 1.3, 2.2) 13
[17:30:29.311]: (-0.5, 1.3, 2.2) 13
[17:30:29.328]: (-0.5, 1.3, 2.2) 13
[17:30:29.344]: (-0.5, 1.3, 2.2) 13
[17:30:29.360]: (-0.5, 1.2, 2.1) 11
[17:30:29.479]: (-0.5, 1.3, 2.2) 13
[17:30:29.496]: (-0.5, 1.3, 2.2) 13
[17:30:33.983]: (0.2, 1.5, 3.9) 27
[17:30:40.269]: (-0.6, 1.3, 2.7) 20
[17:30:40.291]: (-0.6, 1.3, 2.7) 20
[17:30:40.313]: (-0.7, 1.3, 2.7) 20
[17:30:40.337]: (-0.6, 1.3, 2.7) 20
[17:30:40.359]: (-0.6, 1.2, 2.7) 20
[17:30:40.376]: (-0.5, 1.3, 2.2) 13
[17:30:40.391]: (-0.5, 1.3, 2.2) 13
[17:30:40.406]: (-0.6, 1.2, 2.7) 20
[17:30:40.421]: (-0.6, 1.2, 2.7) 20
[17:30:40.437]: (-0.6, 1.2, 2.7) 20
[17:30:40.452]: (-0.6, 1.2, 2.7) 20
[17:30:40.467]: (-0.6, 1.2, 2.7) 20
[17:30:40.483]: (-0.6, 1.2, 2.7) 20
[17:30:40.500]: (-0.6, 1.2, 2.7) 20
[17:30:40.516]: (-0.6, 1.2, 2.7) 20
[17:30:40.533]: (-0.6, 1.2, 2.7) 20
[17:30:40.549]: (-0.6, 1.2, 2.7) 20
[17:30:40.596]: (-0.6, 1.2, 2.7) 20
[17:30:40.611]: (-0.6, 1.2, 2.1) 13
[17:30:40.644]: (-0.6, 1.2, 2.2) 13
[17:30:40.660]: (-0.6, 1.2, 2.2) 13
[17:30:44.742]: (-0.5, 1.3, 2.8) 16
[17:30:44.758]: (-0.5, 1.3, 2.9) 14
[17:30:44.773]: (-0.5, 1.3, 2.9) 14
[17:30:44.788]: (-0.5, 1.3, 2.9) 14
[17:30:44.805]: (-0.5, 1.3, 2.9) 14
[17:30:44.821]: (-0.5, 1.3, 2.9) 14
[17:30:44.836]: (-0.5, 1.3, 2.9) 14
[17:30:44.851]: (-0.5, 1.3, 2.8) 16
[17:30:44.867]: (-0.5, 1.3, 2.9) 14
[17:30:44.883]: (-0.5, 1.3, 2.9) 14
[17:30:44.898]: (-0.5, 1.3, 2.8) 16
[17:30:44.913]: (-0.5, 1.3, 2.8) 16
[17:30:44.930]: (-0.5, 1.3, 2.8) 16
[17:30:44.946]: (-0.5, 1.3, 2.8) 16
[17:30:44.962]: (-0.5, 1.3, 2.9) 14
[17:30:44.978]: (-0.5, 1.3, 2.9) 14
[17:30:45.112]: (-0.6, 1.3, 2.8) 20
[17:30:45.136]: (-0.6, 1.3, 2.7) 20
[17:30:45.155]: (-0.6, 1.3, 2.7) 20
[17:30:45.179]: (-0.6, 1.3, 2.8) 15
[17:30:45.201]: (-0.6, 1.3, 2.8) 15
[17:30:45.223]: (-0.6, 1.3, 2.7) 20
[17:30:45.245]: (-0.6, 1.3, 2.7) 20
[17:30:45.267]: (-0.7, 1.3, 2.8) 15
[17:30:45.290]: (-0.6, 1.3, 2.8) 15
[17:30:45.312]: (-0.6, 1.3, 2.8) 15
[17:30:45.482]: (-0.7, 1.3, 2.8) 15
[17:30:45.499]: (-0.7, 1.3, 2.8) 15
[17:30:45.515]: (-0.7, 1.3, 2.8) 15
[17:30:45.547]: (-0.7, 1.3, 2.8) 15
[17:30:45.563]: (-0.7, 1.3, 2.8) 15
[17:30:45.579]: (-0.7, 1.3, 2.8) 15
[17:30:45.597]: (-0.7, 1.3, 2.8) 15
[17:30:45.612]: (-0.7, 1.3, 2.8) 15
[17:30:45.628]: (-0.7, 1.3, 2.8) 15
[17:30:45.643]: (-0.7, 1.3, 2.8) 15
[17:30:45.659]: (-0.7, 1.3, 2.8) 15
[17:30:45.675]: (-0.7, 1.3, 2.8) 15
[17:30:45.690]: (-0.7, 1.3, 2.8) 15
[17:30:45.705]: (-0.7, 1.3, 2.8) 15
[17:30:45.721]: (-0.6, 1.4, 2.8) 15
[17:30:45.737]: (-0.3, 1.4, 3.0) 21
[17:30:46.792]: (-0.4, 1.3, 2.8) 16
[17:30:46.813]: (-0.5, 1.3, 2.8) 16
[17:30:46.835]: (-0.5, 1.3, 2.8) 16
[17:30:46.856]: (-0.5, 1.3, 2.9) 14
[17:30:46.879]: (-0.5, 1.3, 2.8) 16
[17:30:46.900]: (-0.5, 1.3, 2.9) 14
[17:30:46.923]: (-0.5, 1.3, 2.9) 14
[17:30:46.945]: (-0.5, 1.3, 2.8) 16
[17:30:46.966]: (-0.5, 1.3, 2.8) 16
[17:30:46.989]: (-0.5, 1.3, 2.9) 14
[17:30:47.012]: (-0.5, 1.3, 2.8) 16
[17:30:47.056]: (-0.7, 1.3, 2.8) 19
[17:30:47.078]: (-0.7, 1.2, 2.9) 19
[17:30:47.122]: (-0.7, 1.2, 2.9) 19
[17:30:47.145]: (-0.7, 1.3, 2.9) 19
[17:30:47.161]: (-0.7, 1.3, 2.8) 19
[17:30:47.177]: (-0.7, 1.3, 2.8) 19
[17:30:47.193]: (-0.7, 1.3, 2.8) 19
[17:30:47.209]: (-0.7, 1.3, 2.8) 19
[17:30:47.224]: (-0.7, 1.3, 2.8) 19
[17:30:47.239]: (-0.7, 1.3, 2.7) 20
[17:30:47.255]: (-0.5, 1.3, 2.8) 16
[17:30:47.844]: (-0.4, 1.3, 3.0) 21
[17:30:47.867]: (-0.5, 1.3, 2.8) 16
[17:30:47.888]: (-0.7, 1.2, 2.9) 19
[17:30:47.910]: (-0.7, 1.3, 2.7) 20
[17:30:47.933]: (-0.7, 1.3, 2.7) 20
[17:30:47.955]: (-0.7, 1.3, 2.7) 20
[17:30:47.977]: (-0.7, 1.3, 2.7) 20
[17:30:47.993]: (-0.7, 1.3, 2.7) 20
[17:30:48.009]: (-0.7, 1.3, 2.7) 20
[17:30:48.026]: (-0.7, 1.3, 2.7) 20
[17:30:48.042]: (-0.7, 1.3, 2.7) 20
[17:30:48.056]: (-0.7, 1.3, 2.7) 20
[17:30:48.072]: (-0.7, 1.3, 2.7) 20
[17:30:48.087]: (-0.7, 1.3, 2.7) 20
[17:30:48.103]: (-0.7, 1.3, 2.7) 20
[17:30:48.120]: (-0.7, 1.3, 2.7) 20
[17:30:48.137]: (-0.7, 1.3, 2.7) 20
[17:30:48.152]: (-0.7, 1.3, 2.7) 20
[17:30:48.168]: (-0.7, 1.3, 2.7) 20
[17:30:48.184]: (-0.7, 1.3, 2.7) 20
[17:30:48.199]: (-0.7, 1.3, 2.7) 20
[17:30:48.215]: (-0.7, 1.3, 2.7) 20
[17:30:48.231]: (-0.7, 1.3, 2.7) 20
[17:30:48.247]: (-0.7, 1.3, 2.7) 20
[17:30:48.264]: (-0.7, 1.3, 2.7) 20
[17:30:48.280]: (-0.7, 1.3, 2.7) 20
[17:30:48.295]: (-0.7, 1.3, 2.7) 20
[17:30:48.311]: (-0.7, 1.3, 2.7) 20
[17:30:48.327]: (-0.7, 1.3, 2.7) 20
[17:30:48.344]: (-0.7, 1.3, 2.7) 20
[17:30:48.360]: (-0.7, 1.3, 2.7) 20
[17:30:48.376]: (-0.7, 1.3, 2.7) 20
[17:30:48.392]: (-0.7, 1.3, 2.7) 20
[17:30:48.409]: (-0.7, 1.3, 2.7) 20
[17:30:48.425]: (-0.7, 1.3, 2.7) 20
[17:30:48.443]: (-0.7, 1.3, 2.7) 20
[17:30:48.466]: (-0.7, 1.3, 2.7) 20
[17:30:48.489]: (-0.7, 1.3, 2.7) 20
[17:30:48.510]: (-0.6, 1.3, 2.7) 20
[17:30:54.654]: (-0.5, 1.2, 2.1) 11
[17:30:54.675]: (-0.5, 1.2, 2.1) 11
[17:30:54.698]: (-0.6, 1.2, 2.1) 11
[17:30:54.720]: (-0.6, 1.2, 2.1) 11
[17:30:54.742]: (-0.6, 1.2, 2.1) 11
[17:30:54.787]: (-0.6, 1.2, 2.1) 11
[17:30:54.808]: (-0.6, 1.2, 2.1) 11
[17:30:54.831]: (-0.6, 1.2, 2.1) 11
[17:30:54.853]: (-0.6, 1.2, 2.1) 11
[17:30:54.875]: (-0.6, 1.2, 2.1) 11
[17:30:54.897]: (-0.6, 1.2, 2.1) 11
[17:30:54.914]: (-0.6, 1.2, 2.2) 13
[17:30:55.020]: (-0.6, 1.1, 2.1) 11
[17:31:02.215]: (-0.5, 1.2, 2.1) 11
[17:31:02.239]: (-0.5, 1.2, 2.1) 11
[17:31:02.260]: (-0.5, 1.2, 2.1) 11
[17:31:02.282]: (-0.5, 1.2, 2.1) 11
[17:31:02.305]: (-0.5, 1.2, 2.1) 11
