[17:25:03.195]: (-2.9, -0.7, 0.0) 21
[17:25:03.949]: (-2.7, -1.5, 0.0) 24
[17:25:04.371]: (-2.6, 0.2, 1.8) 32
[17:25:04.927]: (-0.5, 1.3, 1.9) 2
[17:25:04.950]: (-0.5, 1.3, 1.9) 2
[17:25:04.972]: (-0.4, 1.3, 1.7) 3
[17:25:04.994]: (-0.4, 1.3, 1.7) 3
[17:25:05.016]: (-0.3, 1.3, 1.9) 2
[17:25:05.038]: (-0.3, 1.3, 1.9) 2
[17:25:05.060]: (-0.3, 1.3, 1.9) 2
[17:25:05.081]: (-0.3, 1.3, 1.9) 2
[17:25:05.501]: (0.4, 1.2, 2.6) 15
[17:25:05.522]: (0.4, 1.1, 2.7) 14
[17:25:05.644]: (0.2, 1.2, 1.6) 3
[17:25:05.665]: (0.2, 1.2, 1.6) 3
[17:25:05.686]: (0.3, 1.1, 1.6) 3
[17:25:05.826]: (0.3, 1.1, 1.7) 3
[17:25:06.225]: (0.2, 1.1, 1.6) 3
[17:25:06.259]: (0.0, 1.1, 2.2) 8
[17:25:06.292]: (0.0, 1.1, 2.2) 8
[17:25:06.326]: (0.0, 1.1, 2.2) 8
[17:25:06.361]: (0.0, 1.1, 2.2) 8
[17:25:06.394]: (-0.1, 1.2, 1.9) 4
[17:25:06.426]: (-0.1, 1.2, 1.9) 4
[17:25:06.460]: (-0.1, 1.2, 1.9) 4
[17:25:06.481]: (-0.1, 1.2, 1.9) 4
[17:25:06.504]: (-0.1, 1.2, 1.9) 4
[17:25:06.526]: (-0.1, 1.2, 1.9) 4
[17:25:06.547]: (-0.1, 1.1, 1.9) 4
[17:25:06.571]: (-0.1, 1.1, 1.9) 4
[17:25:06.592]: (-0.1, 1.2, 1.9) 4
[17:25:06.614]: (-0.1, 1.2, 1.9) 4
[17:25:06.636]: (-0.1, 1.2, 1.9) 4
[17:25:06.659]: (-0.1, 1.2, 2.3) 10
[17:25:06.681]: (-0.1, 1.2, 2.3) 10
[17:25:06.703]: (-0.1, 1.2, 2.3) 10
[17:25:06.860]: (-0.7, 1.1, 2.1) 18
[17:25:06.881]: (-0.7, 1.2, 2.1) 18
[17:25:06.903]: (-0.7, 1.2, 2.1) 18
[17:25:06.925]: (-0.7, 1.1, 2.1) 18
[17:25:07.192]: (-0.5, 1.1, 2.4) 17
[17:25:07.307]: (-0.7, 1.1, 1.8) 5
[17:25:07.329]: (-0.7, 1.1, 1.8) 5
[17:25:07.375]: (-0.6, 1.2, 1.4) 1
[17:25:07.396]: (-0.6, 1.2, 1.4) 1
[17:25:07.418]: (-0.6, 1.2, 1.4) 1
[17:25:07.440]: (-0.6, 1.2, 1.4) 1
[17:25:07.463]: (-0.6, 1.2, 1.4) 1
[17:25:07.684]: (-0.6, 1.2, 1.4) 1
[17:25:07.707]: (-0.6, 1.1, 1.4) 1
[17:25:07.723]: (-0.6, 1.1, 1.4) 1
[17:25:07.741]: (-0.6, 1.1, 1.4) 1
[17:25:07.757]: (-0.6, 1.1, 1.4) 1
[17:25:07.774]: (-0.6, 1.1, 1.4) 1
[17:25:07.805]: (-0.6, 1.1, 1.4) 1
[17:25:07.822]: (-0.6, 1.1, 1.4) 1
[17:25:07.852]: (-0.6, 1.1, 1.4) 1
[17:25:07.870]: (-0.6, 1.1, 1.4) 1
[17:25:07.885]: (-0.6, 1.1, 1.4) 1
[17:25:07.902]: (-0.6, 1.2, 1.4) 1
[17:25:07.918]: (-0.6, 1.2, 1.4) 1
[17:25:07.934]: (-0.6, 1.1, 1.4) 1
[17:25:07.949]: (-0.6, 1.1, 1.4) 1
[17:25:07.965]: (-0.6, 1.1, 1.4) 1
[17:25:07.982]: (-0.6, 1.1, 1.4) 1
[17:25:07.998]: (-0.6, 1.1, 1.4) 1
[17:25:08.014]: (-0.6, 1.1, 1.4) 1
[17:25:08.032]: (-0.6, 1.1, 1.4) 1
[17:25:08.048]: (-0.6, 1.1, 1.4) 1
[17:25:08.064]: (-0.6, 1.1, 1.4) 1
[17:25:08.081]: (-0.6, 1.1, 1.4) 1
[17:25:08.098]: (-0.6, 1.1, 1.4) 1
[17:25:08.115]: (-0.6, 1.1, 1.4) 1
[17:25:08.132]: (-0.6, 1.1, 1.4) 1
[17:25:08.148]: (-0.6, 1.1, 1.4) 1
[17:25:08.165]: (-0.6, 1.1, 1.4) 1
[17:25:08.181]: (-0.6, 1.1, 1.4) 1
[17:25:08.202]: (-0.6, 1.1, 1.4) 1
[17:25:08.226]: (-0.6, 1.1, 1.4) 1
[17:25:08.247]: (-0.6, 1.1, 1.4) 1
[17:25:08.535]: (-0.4, 1.1, 1.5) 0
[17:25:08.647]: (-0.2, 1.1, 1.9) 4
[17:25:08.663]: (-0.2, 1.1, 1.9) 4
[17:25:08.680]: (-0.2, 1.1, 1.9) 4
[17:25:08.696]: (-0.2, 1.1, 1.9) 4
[17:25:08.712]: (-0.2, 1.1, 1.9) 4
[17:25:08.729]: (-0.2, 1.1, 1.9) 4
[17:25:08.746]: (-0.2, 1.1, 1.9) 4
[17:25:08.762]: (-0.2, 1.1, 1.9) 4
[17:25:08.781]: (-0.2, 1.1, 1.9) 4
[17:25:08.796]: (-0.2, 1.1, 1.9) 4
[17:25:08.812]: (-0.2, 1.1, 1.9) 4
[17:25:08.829]: (-0.2, 1.1, 1.9) 4
[17:25:08.845]: (-0.2, 1.1, 1.9) 4
[17:25:08.862]: (-0.2, 1.1, 1.9) 4
[17:25:08.879]: (-0.2, 1.1, 1.9) 4
[17:25:08.894]: (-0.2, 1.1, 1.9) 4
[17:25:08.910]: (-0.2, 1.1, 1.9) 4
[17:25:08.925]: (-0.2, 1.1, 1.9) 4
[17:25:08.941]: (-0.2, 1.1, 1.9) 4
[17:25:08.956]: (-0.2, 1.1, 1.9) 4
[17:25:08.973]: (-0.2, 1.1, 1.9) 4
[17:25:08.989]: (-0.2, 1.1, 1.9) 4
[17:25:09.004]: (-0.2, 1.1, 1.9) 4
[17:25:09.020]: (-0.2, 1.1, 1.9) 4
[17:25:09.036]: (-0.2, 1.1, 1.9) 4
[17:25:09.058]: (0.0, 1.1, 2.2) 8
[17:25:09.080]: (-0.1, 1.1, 2.2) 8
[17:25:09.102]: (-0.1, 1.1, 1.9) 4
[17:25:09.124]: (-0.1, 1.2, 1.9) 4
[17:25:09.147]: (-0.1, 1.1, 2.2) 8
[17:25:09.170]: (0.0, 1.1, 2.2) 8
[17:25:09.191]: (0.0, 1.1, 2.2) 8
[17:25:09.213]: (0.0, 1.1, 2.2) 8
[17:25:09.236]: (0.0, 1.1, 2.2) 8
[17:25:09.258]: (0.0, 1.1, 2.2) 8
[17:25:09.280]: (0.0, 1.1, 2.2) 8
[17:25:09.303]: (0.0, 1.1, 2.2) 8
[17:25:09.324]: (0.0, 1.1, 2.2) 8
[17:25:09.347]: (0.0, 1.1, 2.2) 8
[17:25:09.370]: (0.0, 1.1, 2.2) 8
[17:25:09.391]: (0.0, 1.1, 2.2) 8
[17:25:09.413]: (0.0, 1.2, 2.3) 9
[17:25:11.465]: (-0.1, 1.2, 1.9) 4
[17:25:11.482]: (0.0, 1.1, 2.2) 9
[17:25:11.723]: (0.1, 1.2, 1.9) 2
[17:25:12.284]: (0.1, 1.2, 1.9) 2
[17:25:12.405]: (0.2, 1.1, 2.8) 20
[17:25:12.423]: (0.2, 1.1, 2.8) 20
[17:25:12.438]: (0.2, 1.1, 2.8) 20
[17:25:12.556]: (0.0, 1.2, 2.2) 8
[17:25:12.578]: (-0.1, 1.1, 2.2) 8
[17:25:12.601]: (-0.1, 1.2, 2.2) 8
[17:25:12.623]: (-0.1, 1.2, 2.2) 8
[17:25:12.645]: (-0.1, 1.2, 2.2) 8
[17:25:12.669]: (-0.1, 1.2, 2.2) 8
[17:25:12.689]: (-0.1, 1.2, 2.2) 8
[17:25:12.711]: (-0.1, 1.2, 2.2) 8
[17:25:12.734]: (-0.1, 1.2, 2.2) 8
[17:25:12.756]: (-0.1, 1.2, 2.2) 8
[17:25:12.779]: (-0.1, 1.2, 2.2) 8
[17:25:12.801]: (-0.1, 1.2, 2.2) 8
[17:25:12.823]: (-0.1, 1.2, 2.2) 8
[17:25:12.847]: (-0.1, 1.2, 2.2) 8
[17:25:12.867]: (-0.1, 1.2, 2.2) 8
[17:25:12.890]: (0.0, 1.2, 2.2) 8
[17:25:12.906]: (0.0, 1.2, 2.2) 8
[17:25:12.922]: (0.0, 1.2, 2.2) 8
[17:25:12.937]: (0.0, 1.2, 2.2) 8
[17:25:12.954]: (0.0, 1.2, 2.2) 8
[17:25:12.968]: (-0.1, 1.2, 2.2) 8
[17:25:12.987]: (-0.1, 1.2, 2.2) 8
[17:25:13.002]: (-0.1, 1.2, 2.2) 8
[17:25:13.019]: (-0.1, 1.2, 2.2) 8
[17:25:13.037]: (-0.1, 1.2, 2.2) 8
[17:25:13.053]: (-0.1, 1.2, 2.2) 8
[17:25:13.069]: (-0.1, 1.2, 2.2) 8
[17:25:13.085]: (-0.1, 1.2, 2.2) 8
[17:25:13.101]: (-0.1, 1.2, 2.2) 8
[17:25:13.118]: (0.0, 1.2, 2.2) 8
[17:25:13.134]: (-0.1, 1.2, 2.2) 8
[17:25:13.150]: (-0.1, 1.2, 2.2) 8
[17:25:13.166]: (0.1, 1.1, 2.3) 9
[17:25:13.847]: (0.5, 1.1, 2.6) 14
[17:25:13.881]: (0.5, 1.1, 2.5) 15
[17:25:13.898]: (0.5, 1.1, 2.6) 15
[17:25:13.914]: (0.5, 1.1, 2.5) 15
[17:25:13.931]: (0.5, 1.1, 2.5) 15
[17:25:13.947]: (0.5, 1.1, 2.5) 15
[17:25:13.964]: (0.5, 1.1, 2.5) 15
[17:25:13.981]: (0.7, 1.1, 2.7) 13
[17:25:14.201]: (0.7, 1.1, 2.7) 13
[17:25:14.310]: (0.7, 1.1, 2.7) 13
[17:25:14.333]: (0.6, 1.1, 2.5) 15
[17:25:14.355]: (0.6, 1.1, 2.5) 15
[17:25:14.378]: (0.6, 1.1, 2.5) 15
[17:25:14.400]: (0.6, 1.1, 2.5) 15
[17:25:14.423]: (0.6, 1.1, 2.5) 15
[17:25:14.467]: (0.6, 1.1, 2.5) 15
[17:25:14.488]: (0.6, 1.1, 2.5) 15
[17:25:14.511]: (0.6, 1.1, 2.5) 15
[17:25:14.533]: (0.6, 1.1, 2.5) 15
[17:25:14.557]: (0.6, 1.1, 2.5) 15
[17:25:14.579]: (0.6, 1.1, 2.5) 15
[17:25:14.599]: (0.6, 1.1, 2.5) 15
[17:25:14.616]: (0.6, 1.1, 2.5) 15
[17:25:14.631]: (0.6, 1.1, 2.5) 15
[17:25:14.649]: (0.6, 1.1, 2.5) 15
[17:25:14.665]: (0.6, 1.1, 2.5) 15
[17:25:14.681]: (0.6, 1.1, 2.5) 15
[17:25:14.698]: (0.6, 1.1, 2.5) 15
[17:25:14.714]: (0.6, 1.1, 2.5) 15
[17:25:14.730]: (0.6, 1.1, 2.5) 15
[17:25:14.746]: (0.6, 1.1, 2.5) 15
[17:25:14.764]: (0.6, 1.1, 2.5) 15
[17:25:14.779]: (0.6, 1.1, 2.5) 15
[17:25:14.796]: (0.6, 1.1, 2.5) 15
[17:25:14.811]: (0.6, 1.1, 2.5) 15
[17:25:14.827]: (0.6, 1.1, 2.5) 15
[17:25:14.876]: (0.6, 1.1, 2.5) 15
[17:25:14.925]: (0.6, 1.1, 2.5) 15
[17:25:14.941]: (0.6, 1.1, 2.5) 15
[17:25:14.956]: (0.5, 1.1, 2.5) 15
[17:25:14.972]: (0.5, 1.1, 2.5) 15
[17:25:14.989]: (0.5, 1.1, 2.5) 15
[17:25:15.005]: (0.5, 1.2, 2.5) 15
[17:25:15.022]: (0.5, 1.1, 2.5) 15
[17:25:15.057]: (0.2, 1.1, 2.8) 20
[17:25:15.412]: (-0.7, 1.2, 2.1) 18
[17:25:15.434]: (-0.7, 1.2, 2.1) 18
[17:25:15.456]: (-0.7, 1.2, 2.1) 18
[17:25:15.475]: (-0.7, 1.1, 2.1) 18
[17:25:15.494]: (-0.7, 1.1, 2.2) 18
[17:25:15.510]: (-0.7, 1.1, 2.1) 18
[17:25:15.529]: (-0.7, 1.1, 2.1) 18
[17:25:15.544]: (-0.7, 1.1, 2.1) 18
[17:25:15.563]: (-0.7, 1.1, 2.1) 18
[17:25:15.580]: (-0.7, 1.1, 2.2) 18
[17:25:15.599]: (-0.7, 1.1, 2.1) 18
[17:25:15.617]: (-0.7, 1.2, 2.1) 18
[17:25:15.635]: (-0.7, 1.2, 2.1) 18
[17:25:15.652]: (-0.7, 1.2, 2.1) 18
[17:25:15.669]: (-0.7, 1.2, 2.1) 18
[17:25:15.687]: (-0.7, 1.2, 2.1) 18
[17:25:15.719]: (-0.7, 1.2, 2.1) 18
[17:25:15.736]: (-0.7, 1.2, 1.8) 7
[17:25:15.757]: (-0.8, 1.1, 1.7) 6
[17:25:16.794]: (-0.7, 1.2, 1.8) 5
[17:25:16.812]: (-0.7, 1.2, 1.8) 5
[17:25:16.827]: (-0.7, 1.2, 1.8) 5
[17:25:16.844]: (-0.7, 1.2, 1.8) 5
[17:25:16.867]: (-0.7, 1.2, 1.8) 5
[17:25:16.887]: (-0.7, 1.1, 1.8) 5
[17:25:16.910]: (-0.7, 1.1, 1.8) 5
[17:25:16.955]: (-0.6, 1.2, 1.4) 1
[17:25:16.977]: (-0.6, 1.2, 1.4) 1
[17:25:16.999]: (-0.6, 1.2, 1.4) 1
[17:25:17.336]: (-0.7, 1.1, 1.8) 5
[17:25:17.370]: (-0.9, 1.1, 1.7) 6
[17:25:17.386]: (-0.9, 1.1, 1.6) 6
[17:25:17.418]: (-0.9, 1.1, 1.6) 6
[17:25:17.433]: (-0.9, 1.1, 1.6) 6
[17:25:17.448]: (-0.9, 1.1, 1.7) 6
[17:25:17.479]: (-0.9, 1.1, 1.7) 6
[17:25:17.604]: (-0.9, 1.1, 1.7) 6
[17:25:17.621]: (-0.8, 1.1, 1.6) 6
[17:25:17.638]: (-0.8, 1.1, 1.6) 6
[17:25:17.654]: (-0.8, 1.1, 1.6) 6
[17:25:17.669]: (-0.8, 1.1, 1.6) 6
[17:25:17.687]: (-0.8, 1.1, 1.6) 6
[17:25:17.710]: (-0.8, 1.1, 1.6) 6
[17:25:17.731]: (-0.8, 1.1, 1.6) 6
[17:25:17.755]: (-0.8, 1.1, 1.6) 6
[17:25:17.776]: (-0.8, 1.1, 1.6) 6
[17:25:17.798]: (-0.8, 1.1, 1.6) 6
[17:25:17.844]: (-0.7, 1.1, 1.4) 1
[17:25:18.020]: (-0.6, 1.1, 1.4) 1
[17:25:18.776]: (-0.7, 1.1, 1.4) 1
[17:25:18.797]: (-0.7, 1.1, 1.4) 1
[17:25:18.820]: (-0.7, 1.1, 1.4) 1
[17:25:18.843]: (-0.7, 1.1, 1.4) 1
[17:25:18.865]: (-0.7, 1.1, 1.4) 1
[17:25:18.887]: (-0.7, 1.1, 1.4) 1
[17:25:18.909]: (-0.7, 1.1, 1.4) 1
[17:25:18.932]: (-0.7, 1.1, 1.4) 1
[17:25:18.953]: (-0.7, 1.1, 1.4) 1
[17:25:18.975]: (-0.7, 1.1, 1.4) 1
[17:25:18.998]: (-0.7, 1.1, 1.4) 1
[17:25:19.014]: (-0.7, 1.1, 1.4) 1
[17:25:19.032]: (-0.7, 1.1, 1.4) 1
[17:25:19.047]: (-0.7, 1.1, 1.4) 1
[17:25:19.065]: (-0.7, 1.1, 1.4) 1
[17:25:19.081]: (-0.7, 1.1, 1.4) 1
[17:25:19.097]: (-0.7, 1.1, 1.4) 1
[17:25:19.112]: (-0.7, 1.1, 1.4) 1
[17:25:19.129]: (-0.7, 1.1, 1.4) 1
[17:25:19.144]: (-0.7, 1.1, 1.4) 1
[17:25:19.160]: (-0.7, 1.1, 1.4) 1
[17:25:19.178]: (-0.7, 1.1, 1.4) 1
[17:25:19.195]: (-0.7, 1.1, 1.4) 1
[17:25:19.210]: (-0.7, 1.1, 1.4) 1
[17:25:19.226]: (-0.7, 1.1, 1.4) 1
[17:25:19.242]: (-0.6, 1.1, 1.4) 1
[17:25:19.258]: (-0.6, 1.1, 1.4) 1
[17:25:19.426]: (-0.6, 1.1, 1.4) 1
[17:25:20.342]: (-1.1, 1.1, 2.3) 29
[17:25:20.364]: (-1.1, 1.1, 2.3) 29
[17:25:20.387]: (-1.1, 1.1, 2.3) 29
[17:25:20.408]: (-1.1, 1.1, 2.3) 29
[17:25:20.431]: (-1.1, 1.1, 2.3) 29
[17:25:20.453]: (-1.1, 1.1, 2.3) 29
[17:25:20.477]: (-1.1, 1.1, 2.3) 29
[17:25:20.497]: (-1.1, 1.1, 2.3) 29
[17:25:20.520]: (-1.1, 1.2, 2.3) 29
[17:25:20.541]: (-1.1, 1.2, 2.3) 29
[17:25:20.563]: (-1.1, 1.2, 2.3) 29
[17:25:20.586]: (-1.1, 1.2, 2.3) 29
[17:25:20.608]: (-1.1, 1.2, 2.4) 29
[17:25:20.630]: (-1.1, 1.2, 2.4) 29
[17:25:20.652]: (-1.1, 1.2, 2.4) 29
[17:25:20.674]: (-1.1, 1.2, 2.4) 29
[17:25:20.697]: (-1.1, 1.2, 2.4) 29
[17:25:20.719]: (-1.1, 1.2, 2.4) 29
[17:25:20.735]: (-1.1, 1.2, 2.4) 29
[17:25:20.752]: (-1.1, 1.2, 2.4) 29
[17:25:20.768]: (-1.1, 1.2, 2.4) 29
[17:25:20.785]: (-1.1, 1.2, 2.4) 29
[17:25:20.801]: (-1.1, 1.2, 2.4) 29
[17:25:20.817]: (-1.1, 1.2, 2.4) 29
[17:25:20.832]: (-1.1, 1.2, 2.4) 29
[17:25:20.850]: (-1.1, 1.2, 2.4) 29
[17:25:20.866]: (-1.1, 1.2, 2.4) 29
[17:25:20.884]: (-1.1, 1.2, 2.3) 29
[17:25:20.900]: (-1.1, 1.2, 2.3) 29
[17:25:20.918]: (-1.1, 1.2, 2.3) 29
[17:25:20.934]: (-1.1, 1.2, 2.3) 29
[17:25:20.949]: (-1.1, 1.1, 2.3) 29
[17:25:20.966]: (-1.1, 1.1, 2.3) 29
[17:25:20.984]: (-1.1, 1.1, 2.3) 29
[17:25:21.000]: (-1.1, 1.1, 2.3) 29
[17:25:21.017]: (-1.1, 1.1, 2.3) 29
[17:25:21.036]: (-1.1, 1.2, 2.3) 29
[17:25:21.052]: (-0.8, 1.2, 1.8) 5
[17:25:21.068]: (-0.7, 1.1, 2.2) 18
[17:25:21.084]: (-0.7, 1.1, 2.2) 18
[17:25:21.101]: (-0.7, 1.1, 2.2) 18
[17:25:21.117]: (-0.7, 1.1, 2.2) 18
[17:25:21.133]: (-0.7, 1.1, 2.2) 18
[17:25:21.150]: (-0.7, 1.1, 2.2) 18
[17:25:21.166]: (-0.7, 1.1, 2.2) 18
[17:25:21.183]: (-0.7, 1.1, 2.2) 18
[17:25:21.199]: (-0.7, 1.1, 2.2) 18
[17:25:21.219]: (-0.7, 1.1, 2.2) 18
[17:25:21.263]: (-0.7, 1.1, 2.2) 18
[17:25:21.286]: (-0.7, 1.1, 2.2) 18
[17:25:21.353]: (-0.7, 1.1, 2.2) 18
[17:25:21.618]: (-0.7, 1.1, 2.2) 18
[17:25:21.635]: (-0.7, 1.1, 2.2) 18
[17:25:21.845]: (-0.7, 1.1, 2.2) 18
[17:25:21.908]: (-0.7, 1.1, 2.2) 18
[17:25:21.923]: (-0.7, 1.1, 2.2) 18
[17:25:21.941]: (-0.7, 1.1, 2.2) 18
[17:25:22.672]: (-0.7, 1.1, 2.2) 18
[17:25:22.688]: (-0.7, 1.1, 2.2) 18
[17:25:23.252]: (-0.7, 1.1, 2.2) 18
[17:25:23.274]: (-0.7, 1.1, 2.2) 18
[17:25:23.296]: (-0.7, 1.1, 2.2) 18
[17:25:23.318]: (-0.7, 1.1, 2.2) 18
[17:25:23.334]: (-0.7, 1.1, 2.2) 18
[17:25:23.523]: (-0.5, 1.2, 2.4) 17
[17:25:23.538]: (-0.4, 1.2, 2.4) 17
[17:25:23.553]: (-0.4, 1.2, 2.4) 17
[17:25:23.569]: (-0.4, 1.2, 2.4) 17
[17:25:23.587]: (-0.5, 1.1, 2.4) 17
[17:25:23.602]: (-0.4, 1.1, 2.4) 17
[17:25:23.621]: (-0.4, 1.2, 2.4) 17
[17:25:23.638]: (-0.4, 1.2, 2.4) 17
[17:25:23.654]: (-0.4, 1.2, 2.4) 17
[17:25:23.669]: (-0.4, 1.2, 2.4) 17
[17:25:23.686]: (-0.4, 1.2, 2.4) 17
[17:25:23.702]: (-0.4, 1.2, 2.4) 17
[17:25:23.719]: (-0.4, 1.2, 2.4) 17
[17:25:23.736]: (-0.4, 1.2, 2.4) 17
[17:25:24.164]: (-0.2, 1.1, 1.9) 4
[17:25:24.184]: (-0.2, 1.1, 1.9) 4
[17:25:24.207]: (-0.2, 1.1, 1.9) 4
[17:25:24.222]: (-0.2, 1.1, 1.9) 4
[17:25:24.238]: (-0.2, 1.1, 1.9) 4
[17:25:24.253]: (-0.2, 1.1, 1.9) 4
[17:25:24.314]: (-0.2, 1.1, 1.9) 4
[17:25:24.346]: (-0.2, 1.1, 1.9) 4
[17:25:24.364]: (-0.1, 1.1, 1.9) 4
[17:25:24.379]: (-0.1, 1.1, 1.9) 4
[17:25:24.396]: (-0.1, 1.1, 1.9) 4
[17:25:24.411]: (-0.1, 1.1, 1.9) 4
[17:25:24.429]: (-0.1, 1.1, 1.9) 4
[17:25:24.444]: (-0.1, 1.1, 1.9) 4
[17:25:24.460]: (-0.1, 1.1, 1.9) 4
[17:25:24.477]: (0.0, 1.1, 2.2) 8
[17:25:24.962]: (0.0, 1.1, 2.3) 9
[17:25:25.051]: (0.1, 1.2, 1.9) 2
[17:25:25.067]: (0.1, 1.2, 1.9) 2
[17:25:25.084]: (0.1, 1.2, 1.9) 2
[17:25:25.100]: (0.1, 1.1, 1.9) 2
[17:25:25.118]: (0.1, 1.2, 1.9) 2
[17:25:25.134]: (0.1, 1.2, 1.9) 2
[17:25:25.151]: (0.1, 1.1, 1.9) 2
[17:25:25.167]: (0.1, 1.1, 1.9) 2
[17:25:25.186]: (0.1, 1.1, 1.9) 2
[17:25:25.201]: (0.1, 1.2, 1.9) 2
[17:25:25.217]: (0.1, 1.1, 1.9) 2
[17:25:25.233]: (0.1, 1.1, 1.9) 2
[17:25:25.249]: (0.1, 1.1, 1.9) 2
[17:25:25.265]: (0.1, 1.1, 1.9) 2
[17:25:25.281]: (0.1, 1.1, 1.9) 2
[17:25:25.296]: (0.1, 1.1, 1.9) 2
[17:25:25.312]: (0.1, 1.1, 1.9) 2
[17:25:25.331]: (0.1, 1.1, 1.9) 2
[17:25:25.347]: (0.2, 1.1, 1.9) 2
[17:25:25.364]: (0.2, 1.1, 1.9) 2
[17:25:25.381]: (0.1, 1.1, 1.7) 3
[17:25:25.397]: (0.1, 1.1, 1.7) 3
[17:25:25.413]: (0.1, 1.1, 1.7) 3
[17:25:25.431]: (0.1, 1.1, 1.7) 3
[17:25:25.447]: (0.1, 1.1, 1.8) 2
[17:25:25.485]: (0.1, 1.1, 2.2) 9
[17:25:25.506]: (0.0, 1.1, 2.2) 9
[17:25:25.528]: (0.0, 1.1, 2.2) 9
[17:25:25.551]: (0.0, 1.1, 2.2) 9
[17:25:25.572]: (0.0, 1.1, 2.3) 9
[17:25:25.617]: (0.0, 1.1, 2.3) 9
[17:25:25.640]: (0.0, 1.1, 2.2) 9
[17:25:25.664]: (0.0, 1.1, 2.3) 9
[17:25:25.685]: (0.0, 1.1, 2.2) 9
[17:25:25.706]: (0.0, 1.1, 2.2) 9
[17:25:25.728]: (0.0, 1.1, 2.2) 9
[17:25:25.752]: (0.0, 1.1, 2.2) 9
[17:25:25.774]: (0.0, 1.1, 2.2) 9
[17:25:25.795]: (0.0, 1.1, 2.2) 9
[17:25:25.818]: (0.0, 1.1, 2.2) 9
[17:25:25.839]: (0.0, 1.1, 2.2) 9
[17:25:25.862]: (0.0, 1.1, 2.2) 9
[17:25:25.884]: (0.0, 1.1, 2.2) 9
[17:25:25.906]: (0.0, 1.1, 2.2) 9
[17:25:25.928]: (0.0, 1.1, 2.2) 9
[17:25:25.950]: (0.0, 1.1, 2.2) 9
[17:25:25.965]: (0.0, 1.1, 2.2) 9
[17:25:25.981]: (0.0, 1.1, 2.2) 9
[17:25:25.997]: (0.0, 1.1, 2.2) 9
[17:25:26.014]: (0.0, 1.1, 2.2) 9
[17:25:26.030]: (0.0, 1.1, 2.2) 9
[17:25:26.046]: (0.0, 1.1, 2.2) 9
[17:25:26.063]: (0.0, 1.1, 2.2) 9
[17:25:26.080]: (0.0, 1.1, 2.2) 9
[17:25:26.096]: (0.0, 1.1, 2.2) 9
[17:25:26.111]: (0.0, 1.1, 2.2) 9
[17:25:26.128]: (0.0, 1.1, 2.2) 9
[17:25:26.144]: (0.0, 1.1, 2.2) 9
[17:25:26.159]: (0.0, 1.1, 2.2) 9
[17:25:26.176]: (0.0, 1.1, 2.2) 9
[17:25:26.192]: (0.0, 1.1, 2.3) 9
[17:25:26.460]: (-0.1, 1.1, 1.9) 4
[17:25:26.486]: (-0.1, 1.1, 1.9) 4
[17:25:26.506]: (-0.1, 1.1, 1.9) 4
[17:25:26.528]: (-0.1, 1.2, 1.9) 4
[17:25:26.552]: (-0.1, 1.2, 1.9) 4
[17:25:26.573]: (-0.1, 1.2, 1.9) 4
[17:25:26.595]: (-0.1, 1.2, 1.9) 4
[17:25:26.616]: (-0.1, 1.2, 1.9) 4
[17:25:26.640]: (-0.1, 1.2, 1.9) 4
[17:25:26.660]: (-0.1, 1.2, 1.9) 4
[17:25:26.686]: (-0.1, 1.1, 1.9) 4
[17:25:26.706]: (-0.1, 1.2, 1.9) 4
[17:25:26.727]: (-0.1, 1.2, 1.9) 4
[17:25:26.751]: (-0.1, 1.1, 1.9) 4
[17:25:26.773]: (-0.1, 1.1, 1.9) 4
[17:25:26.794]: (-0.1, 1.1, 1.9) 4
[17:25:26.811]: (-0.1, 1.2, 1.9) 4
[17:25:26.828]: (-0.1, 1.2, 1.9) 4
[17:25:26.843]: (-0.1, 1.2, 1.9) 4
[17:25:26.860]: (-0.1, 1.2, 1.9) 4
[17:25:26.877]: (-0.1, 1.1, 1.9) 4
[17:25:26.909]: (0.1, 1.2, 1.7) 3
[17:25:26.925]: (0.2, 1.2, 1.6) 3
[17:25:26.943]: (0.2, 1.2, 1.6) 3
[17:25:26.959]: (0.2, 1.2, 1.6) 3
[17:25:26.974]: (0.2, 1.2, 1.6) 3
[17:25:26.992]: (0.2, 1.2, 1.6) 3
[17:25:27.007]: (0.2, 1.2, 1.6) 3
[17:25:27.023]: (0.2, 1.2, 1.6) 3
[17:25:27.040]: (0.2, 1.2, 1.6) 3
[17:25:27.057]: (0.2, 1.2, 1.6) 3
[17:25:27.073]: (0.2, 1.2, 1.6) 3
[17:25:27.092]: (0.2, 1.2, 1.6) 3
[17:25:27.108]: (0.2, 1.2, 1.6) 3
[17:25:27.123]: (0.2, 1.2, 1.6) 3
[17:25:27.140]: (0.2, 1.2, 1.6) 3
[17:25:27.155]: (0.2, 1.2, 1.6) 3
[17:25:27.171]: (0.2, 1.2, 1.6) 3
[17:25:27.188]: (0.2, 1.2, 1.6) 3
[17:25:27.204]: (0.2, 1.1, 1.6) 3
[17:25:27.219]: (0.2, 1.1, 1.6) 3
[17:25:27.825]: (0.7, 1.1, 2.1) 12
[17:25:27.841]: (0.8, 1.2, 2.2) 12
[17:25:27.857]: (0.8, 1.1, 2.1) 12
[17:25:27.873]: (0.8, 1.1, 2.1) 12
[17:25:27.890]: (0.8, 1.1, 2.1) 12
[17:25:27.906]: (0.7, 1.1, 2.1) 12
[17:25:27.923]: (0.7, 1.1, 2.1) 12
[17:25:27.938]: (0.7, 1.1, 2.1) 12
[17:25:27.954]: (0.7, 1.1, 2.1) 12
[17:25:27.970]: (0.7, 1.1, 2.1) 12
[17:25:27.988]: (0.7, 1.1, 2.1) 12
[17:25:28.004]: (0.7, 1.1, 2.1) 12
[17:25:28.020]: (0.7, 1.1, 2.2) 12
[17:25:28.035]: (0.7, 1.1, 2.2) 12
[17:25:28.053]: (0.7, 1.1, 2.2) 12
[17:25:28.068]: (0.8, 1.1, 2.1) 12
[17:25:28.085]: (0.8, 1.1, 2.1) 12
[17:25:28.100]: (0.8, 1.1, 2.1) 12
[17:25:28.116]: (0.8, 1.1, 2.1) 12
[17:25:28.132]: (0.8, 1.1, 2.1) 12
[17:25:28.373]: (1.2, 1.1, 2.8) 21
[17:25:28.394]: (1.2, 1.1, 2.8) 21
[17:25:28.417]: (1.2, 1.1, 2.8) 21
[17:25:28.439]: (1.2, 1.1, 2.8) 21
[17:25:28.461]: (1.2, 1.1, 2.8) 21
[17:25:28.486]: (1.2, 1.1, 2.8) 21
[17:25:28.505]: (1.2, 1.1, 2.8) 21
[17:25:28.528]: (1.2, 1.1, 2.8) 21
[17:25:29.349]: (0.7, 1.1, 2.7) 13
[17:25:29.371]: (0.7, 1.1, 2.7) 13
[17:25:29.411]: (0.7, 1.1, 2.7) 13
[17:25:29.427]: (0.7, 1.1, 2.7) 13
[17:25:29.566]: (0.6, 1.2, 2.5) 15
[17:25:29.583]: (0.7, 1.2, 2.8) 13
[17:25:29.601]: (0.6, 1.2, 2.5) 15
[17:25:29.618]: (0.6, 1.2, 2.5) 15
[17:25:29.633]: (0.6, 1.2, 2.5) 15
[17:25:29.651]: (0.6, 1.2, 2.5) 15
[17:25:29.667]: (0.6, 1.2, 2.5) 15
[17:25:29.683]: (0.6, 1.2, 2.5) 15
[17:25:29.699]: (0.6, 1.2, 2.5) 15
[17:25:29.715]: (0.6, 1.2, 2.5) 15
[17:25:29.731]: (0.6, 1.2, 2.5) 15
[17:25:29.749]: (0.6, 1.2, 2.5) 15
[17:25:29.767]: (0.6, 1.2, 2.5) 15
[17:25:29.784]: (0.6, 1.2, 2.5) 15
[17:25:29.799]: (0.6, 1.2, 2.5) 15
[17:25:29.816]: (0.6, 1.2, 2.5) 15
[17:25:29.838]: (0.6, 1.2, 2.5) 15
[17:25:29.861]: (0.6, 1.2, 2.5) 15
[17:25:29.883]: (0.6, 1.2, 2.5) 15
[17:25:29.905]: (0.6, 1.2, 2.5) 15
[17:25:29.928]: (0.6, 1.2, 2.5) 15
[17:25:29.950]: (0.6, 1.2, 2.5) 15
[17:25:29.973]: (0.6, 1.2, 2.5) 15
[17:25:29.994]: (0.6, 1.2, 2.5) 15
[17:25:30.716]: (0.9, 1.2, 3.3) 24
[17:25:31.435]: (0.6, 1.2, 2.5) 15
[17:25:31.455]: (0.6, 1.2, 2.5) 15
[17:25:31.492]: (0.6, 1.2, 2.5) 15
[17:25:31.510]: (0.6, 1.2, 2.5) 15
[17:25:31.528]: (0.6, 1.2, 2.5) 15
[17:25:31.547]: (0.6, 1.2, 2.5) 15
[17:25:31.562]: (0.6, 1.2, 2.5) 15
[17:25:31.581]: (0.6, 1.2, 2.5) 15
[17:25:31.598]: (0.6, 1.2, 2.5) 15
[17:25:31.616]: (0.6, 1.2, 2.5) 15
[17:25:31.640]: (0.6, 1.2, 2.5) 15
[17:25:31.661]: (0.6, 1.2, 2.5) 15
[17:25:31.686]: (0.6, 1.2, 2.5) 15
[17:25:31.707]: (0.6, 1.2, 2.5) 15
[17:25:31.727]: (0.6, 1.2, 2.5) 15
[17:25:31.750]: (0.6, 1.1, 2.5) 15
[17:25:31.776]: (0.6, 1.2, 2.5) 15
[17:25:31.795]: (0.6, 1.2, 2.5) 15
[17:25:31.817]: (0.6, 1.2, 2.5) 15
[17:25:31.839]: (0.6, 1.2, 2.5) 15
[17:25:31.863]: (0.6, 1.2, 2.5) 15
[17:25:31.882]: (0.5, 1.2, 2.5) 15
[17:25:31.906]: (0.6, 1.2, 2.5) 15
[17:25:31.927]: (0.6, 1.2, 2.5) 15
[17:25:31.950]: (0.6, 1.2, 2.5) 15
[17:25:31.973]: (0.6, 1.2, 2.5) 15
[17:25:31.994]: (0.5, 1.2, 2.5) 15
[17:25:32.299]: (0.5, 1.1, 2.6) 15
[17:25:32.317]: (0.5, 1.2, 2.5) 15
[17:25:32.335]: (0.5, 1.1, 2.5) 15
[17:25:32.353]: (0.5, 1.1, 2.5) 15
[17:25:32.372]: (0.5, 1.1, 2.5) 15
[17:25:32.392]: (0.5, 1.1, 2.5) 15
[17:25:32.412]: (0.5, 1.1, 2.5) 15
[17:25:32.431]: (0.5, 1.1, 2.5) 15
[17:25:32.449]: (0.5, 1.1, 2.5) 15
[17:25:32.464]: (0.5, 1.2, 2.5) 15
[17:25:32.481]: (0.5, 1.2, 2.5) 15
[17:25:32.605]: (0.1, 1.1, 3.3) 36
[17:25:32.626]: (0.1, 1.1, 3.3) 36
[17:25:32.648]: (0.1, 1.1, 3.3) 36
[17:25:32.671]: (0.1, 1.1, 3.3) 36
[17:25:32.715]: (0.1, 1.1, 3.3) 36
[17:25:32.737]: (0.1, 1.1, 3.3) 36
[17:25:32.759]: (0.1, 1.1, 3.3) 36
[17:25:32.782]: (0.1, 1.1, 3.3) 36
[17:25:32.803]: (0.1, 1.1, 3.3) 36
[17:25:32.825]: (0.1, 1.1, 3.3) 36
[17:25:32.848]: (0.1, 1.1, 3.3) 36
[17:25:32.871]: (0.1, 1.1, 3.3) 36
[17:25:33.028]: (0.0, 1.2, 2.3) 9
[17:25:33.045]: (0.0, 1.2, 2.3) 9
[17:25:33.062]: (0.0, 1.2, 2.3) 9
[17:25:33.078]: (0.0, 1.2, 2.3) 9
[17:25:33.139]: (0.0, 1.2, 2.3) 9
[17:25:33.155]: (0.0, 1.2, 2.3) 9
[17:25:33.171]: (0.0, 1.2, 2.3) 9
[17:25:33.187]: (0.0, 1.2, 2.3) 9
[17:25:33.203]: (0.0, 1.2, 2.3) 9
[17:25:33.219]: (0.0, 1.2, 2.3) 9
[17:25:33.235]: (0.0, 1.2, 2.3) 9
[17:25:33.251]: (0.0, 1.2, 2.3) 9
[17:25:33.266]: (0.0, 1.2, 2.3) 9
[17:25:33.282]: (0.0, 1.2, 2.3) 9
[17:25:33.300]: (0.0, 1.2, 2.3) 9
[17:25:33.316]: (0.0, 1.2, 2.3) 9
[17:25:33.332]: (0.0, 1.2, 2.3) 9
[17:25:33.348]: (0.0, 1.2, 2.3) 9
[17:25:33.404]: (0.1, 1.2, 2.3) 9
[17:25:33.426]: (0.1, 1.2, 2.3) 9
[17:25:33.448]: (0.1, 1.2, 2.3) 9
[17:25:33.470]: (0.1, 1.1, 2.3) 9
[17:25:33.559]: (0.1, 1.1, 2.3) 9
[17:25:33.603]: (0.1, 1.1, 2.3) 9
[17:25:33.626]: (0.1, 1.2, 2.3) 9
[17:25:33.647]: (0.1, 1.1, 2.2) 9
[17:25:33.670]: (0.1, 1.1, 2.3) 9
[17:25:33.693]: (0.1, 1.1, 2.3) 9
[17:25:33.715]: (0.1, 1.1, 2.2) 9
[17:25:33.738]: (0.1, 1.1, 2.3) 9
[17:25:33.759]: (0.1, 1.1, 2.3) 9
[17:25:33.781]: (0.1, 1.2, 2.3) 9
[17:25:33.803]: (0.1, 1.2, 2.3) 9
[17:25:33.821]: (0.1, 1.2, 2.3) 9
[17:25:33.837]: (0.1, 1.2, 2.2) 9
[17:25:33.853]: (0.1, 1.2, 2.3) 9
[17:25:33.870]: (0.1, 1.2, 2.3) 9
[17:25:33.887]: (0.1, 1.2, 2.3) 9
[17:25:33.902]: (0.1, 1.2, 2.3) 9
[17:25:33.918]: (0.1, 1.1, 2.2) 9
[17:25:33.934]: (0.1, 1.1, 2.2) 9
[17:25:33.948]: (0.1, 1.1, 2.2) 9
[17:25:33.964]: (0.1, 1.1, 2.2) 9
[17:25:33.981]: (0.0, 1.2, 2.2) 9
[17:25:33.999]: (0.0, 1.2, 2.3) 9
[17:25:34.016]: (0.0, 1.2, 2.3) 9
[17:25:34.035]: (0.0, 1.2, 2.3) 9
[17:25:34.052]: (0.0, 1.2, 2.3) 9
[17:25:34.069]: (0.0, 1.2, 2.3) 9
[17:25:34.085]: (0.0, 1.2, 2.3) 9
[17:25:34.101]: (0.0, 1.2, 2.2) 9
[17:25:34.117]: (0.0, 1.2, 2.2) 9
[17:25:34.132]: (0.0, 1.2, 2.3) 9
[17:25:34.149]: (0.0, 1.2, 2.3) 9
[17:25:34.167]: (0.0, 1.2, 2.2) 9
[17:25:34.182]: (0.0, 1.2, 2.2) 9
[17:25:34.199]: (0.0, 1.2, 2.2) 9
[17:25:34.215]: (0.0, 1.2, 2.2) 9
[17:25:34.348]: (0.0, 1.2, 2.3) 9
[17:25:34.503]: (0.0, 1.2, 2.2) 9
[17:25:34.548]: (0.0, 1.2, 2.3) 9
[17:25:34.569]: (0.0, 1.2, 2.3) 9
[17:25:34.592]: (0.0, 1.2, 2.3) 9
[17:25:34.614]: (0.0, 1.2, 2.3) 9
[17:25:34.636]: (0.3, 1.2, 2.8) 20
[17:25:34.658]: (0.6, 1.1, 3.9) 40
[17:25:34.834]: (0.6, 1.2, 2.5) 15
[17:25:34.850]: (0.6, 1.2, 2.5) 15
[17:25:34.867]: (0.6, 1.2, 2.5) 15
[17:25:34.883]: (0.6, 1.2, 2.5) 15
[17:25:34.899]: (0.6, 1.2, 2.5) 15
[17:25:34.914]: (0.6, 1.2, 2.5) 15
[17:25:34.930]: (0.6, 1.2, 2.5) 15
[17:25:34.945]: (0.6, 1.2, 2.5) 15
[17:25:34.960]: (0.6, 1.2, 2.5) 15
[17:25:34.976]: (0.6, 1.2, 2.5) 15
[17:25:34.994]: (0.6, 1.2, 2.5) 15
[17:25:35.011]: (0.6, 1.2, 2.5) 15
[17:25:35.026]: (0.6, 1.2, 2.5) 15
[17:25:35.044]: (0.6, 1.2, 2.5) 15
[17:25:35.059]: (0.6, 1.2, 2.5) 15
[17:25:35.796]: (0.5, 1.2, 2.5) 15
[17:25:35.812]: (0.5, 1.1, 2.6) 15
[17:25:35.828]: (0.5, 1.1, 2.5) 15
[17:25:35.846]: (0.5, 1.1, 2.5) 15
[17:25:35.863]: (0.5, 1.1, 2.5) 15
[17:25:35.879]: (0.5, 1.1, 2.5) 15
[17:25:35.896]: (0.5, 1.1, 2.5) 15
[17:25:35.913]: (0.5, 1.2, 2.5) 15
[17:25:35.929]: (0.5, 1.2, 2.5) 15
[17:25:35.947]: (0.5, 1.2, 2.5) 15
[17:25:35.964]: (0.5, 1.2, 2.5) 15
[17:25:35.980]: (0.5, 1.2, 2.5) 15
[17:25:35.997]: (0.5, 1.2, 2.5) 15
[17:25:36.013]: (0.5, 1.2, 2.5) 15
[17:25:36.030]: (0.5, 1.2, 2.5) 15
[17:25:36.046]: (0.5, 1.2, 2.5) 15
[17:25:36.064]: (0.5, 1.2, 2.5) 15
[17:25:36.080]: (0.5, 1.2, 2.5) 15
[17:25:36.098]: (0.5, 1.2, 2.5) 15
[17:25:36.114]: (0.5, 1.2, 2.5) 15
[17:25:36.135]: (0.5, 1.2, 2.5) 15
[17:25:36.158]: (0.5, 1.2, 2.5) 15
[17:25:36.179]: (0.5, 1.2, 2.5) 15
[17:25:36.203]: (0.5, 1.2, 2.5) 15
[17:25:36.227]: (0.5, 1.2, 2.5) 15
[17:25:36.246]: (0.5, 1.2, 2.5) 15
[17:25:36.273]: (0.5, 1.2, 2.5) 15
[17:25:36.294]: (0.5, 1.2, 2.5) 15
[17:25:36.312]: (0.5, 1.2, 2.5) 15
[17:25:36.336]: (0.5, 1.2, 2.5) 15
[17:25:36.359]: (0.5, 1.2, 2.5) 15
[17:25:36.382]: (0.5, 1.1, 2.5) 15
[17:25:36.404]: (0.5, 1.1, 2.5) 15
[17:25:36.424]: (0.5, 1.1, 2.5) 15
[17:25:36.453]: (0.5, 1.1, 2.5) 15
[17:25:36.473]: (0.5, 1.1, 2.5) 15
[17:25:36.491]: (0.5, 1.1, 2.5) 15
[17:25:36.513]: (0.5, 1.2, 2.5) 15
[17:25:36.535]: (0.5, 1.2, 2.5) 15
[17:25:36.557]: (0.5, 1.2, 2.5) 15
[17:25:36.580]: (0.5, 1.2, 2.5) 15
[17:25:36.597]: (0.5, 1.2, 2.5) 15
[17:25:36.614]: (0.5, 1.2, 2.5) 15
[17:25:36.630]: (0.5, 1.2, 2.5) 15
[17:25:36.646]: (0.5, 1.2, 2.5) 15
[17:25:36.663]: (0.5, 1.2, 2.6) 15
[17:25:36.679]: (0.5, 1.2, 2.5) 15
[17:25:36.695]: (0.5, 1.2, 2.5) 15
[17:25:36.711]: (0.5, 1.2, 2.6) 15
[17:25:36.727]: (0.5, 1.1, 2.7) 14
[17:25:36.745]: (0.5, 1.1, 2.7) 14
[17:25:36.761]: (0.5, 1.1, 2.7) 14
[17:25:36.778]: (0.5, 1.1, 2.7) 14
[17:25:36.795]: (0.5, 1.1, 2.7) 14
[17:25:36.812]: (0.5, 1.1, 2.7) 14
[17:25:36.828]: (0.5, 1.1, 2.7) 14
[17:25:36.845]: (0.5, 1.1, 2.7) 14
[17:25:36.863]: (0.5, 1.1, 2.7) 14
[17:25:36.879]: (0.5, 1.1, 2.7) 14
[17:25:36.898]: (0.5, 1.1, 2.7) 14
[17:25:36.914]: (0.5, 1.1, 2.7) 14
[17:25:36.930]: (0.5, 1.1, 2.7) 14
[17:25:37.035]: (0.2, 1.1, 2.8) 20
[17:25:37.434]: (0.1, 1.1, 2.3) 9
[17:25:37.457]: (0.0, 1.2, 2.2) 8
[17:25:37.480]: (0.0, 1.2, 2.2) 8
[17:25:37.497]: (0.0, 1.2, 2.2) 8
[17:25:37.515]: (0.0, 1.2, 2.2) 8
[17:25:37.533]: (0.0, 1.2, 2.2) 8
[17:25:37.549]: (0.0, 1.2, 2.2) 8
[17:25:37.566]: (0.0, 1.2, 2.2) 8
[17:25:37.581]: (0.0, 1.2, 2.2) 8
[17:25:37.600]: (0.0, 1.2, 2.2) 8
[17:25:37.615]: (-0.1, 1.2, 2.2) 8
[17:25:37.633]: (0.0, 1.2, 2.2) 8
[17:25:37.647]: (-0.1, 1.2, 2.2) 8
[17:25:37.665]: (-0.1, 1.2, 2.2) 8
[17:25:37.683]: (-0.1, 1.2, 1.9) 4
[17:25:37.699]: (-0.1, 1.2, 1.9) 4
[17:25:37.716]: (-0.1, 1.2, 1.9) 4
[17:25:37.733]: (-0.1, 1.1, 1.9) 4
[17:25:37.751]: (-0.2, 1.1, 1.9) 4
[17:25:37.767]: (-0.1, 1.1, 1.9) 4
[17:25:37.785]: (-0.2, 1.1, 1.9) 4
[17:25:37.801]: (-0.2, 1.1, 1.9) 4
[17:25:37.817]: (-0.2, 1.2, 1.9) 4
[17:25:37.833]: (-0.2, 1.2, 1.9) 4
[17:25:37.854]: (-0.2, 1.1, 1.9) 4
[17:25:37.870]: (-0.2, 1.1, 1.9) 4
[17:25:37.979]: (-0.4, 1.1, 1.5) 0
[17:25:38.003]: (-0.4, 1.2, 1.6) 0
[17:25:38.023]: (-0.4, 1.2, 1.6) 0
[17:25:38.067]: (-0.4, 1.2, 1.6) 0
[17:25:38.092]: (-0.4, 1.2, 1.6) 0
[17:25:38.112]: (-0.4, 1.2, 1.6) 0
[17:25:38.134]: (-0.4, 1.2, 1.6) 0
[17:25:38.179]: (-0.2, 1.2, 1.9) 4
[17:25:38.223]: (0.1, 1.1, 1.9) 2
[17:25:38.245]: (0.1, 1.1, 1.9) 2
[17:25:38.268]: (0.1, 1.1, 1.8) 2
[17:25:38.290]: (0.1, 1.1, 1.8) 2
[17:25:38.312]: (0.2, 1.1, 1.9) 2
[17:25:38.334]: (0.2, 1.1, 1.9) 2
[17:25:38.357]: (0.2, 1.1, 1.9) 2
[17:25:38.379]: (0.1, 1.1, 1.9) 2
[17:25:38.395]: (0.1, 1.1, 1.9) 2
[17:25:38.412]: (0.1, 1.1, 1.9) 2
[17:25:38.429]: (0.1, 1.1, 1.9) 2
[17:25:38.445]: (0.1, 1.1, 1.9) 2
[17:25:38.462]: (0.1, 1.1, 1.9) 2
[17:25:38.479]: (0.1, 1.1, 1.9) 2
[17:25:38.496]: (0.1, 1.1, 1.9) 2
[17:25:38.513]: (0.2, 1.1, 1.6) 3
[17:25:39.223]: (0.2, 1.2, 1.7) 3
[17:25:39.300]: (0.2, 1.2, 1.7) 3
[17:25:39.331]: (0.2, 1.2, 1.7) 3
[17:25:39.348]: (0.2, 1.2, 1.7) 3
[17:25:39.365]: (0.2, 1.2, 1.7) 3
[17:25:39.383]: (0.2, 1.2, 1.6) 3
[17:25:39.399]: (0.2, 1.2, 1.6) 3
[17:25:39.415]: (0.2, 1.2, 1.6) 3
[17:25:39.432]: (0.2, 1.2, 1.6) 3
[17:25:39.448]: (0.2, 1.2, 1.6) 3
[17:25:39.465]: (0.2, 1.2, 1.6) 3
[17:25:39.481]: (0.2, 1.2, 1.6) 3
[17:25:39.498]: (0.2, 1.2, 1.6) 3
[17:25:39.514]: (0.2, 1.2, 1.6) 3
[17:25:39.532]: (0.2, 1.2, 1.6) 3
[17:25:39.547]: (0.2, 1.2, 1.6) 3
[17:25:39.564]: (0.2, 1.2, 1.6) 3
[17:25:39.579]: (0.2, 1.2, 1.6) 3
[17:25:39.597]: (0.2, 1.2, 1.6) 3
[17:25:39.612]: (0.2, 1.2, 1.6) 3
[17:25:39.628]: (0.2, 1.2, 1.6) 3
[17:25:39.658]: (0.1, 1.1, 1.9) 2
[17:25:39.679]: (0.0, 1.1, 2.2) 8
[17:25:39.700]: (0.0, 1.1, 2.2) 9
[17:25:39.723]: (0.0, 1.1, 2.2) 9
[17:25:39.745]: (0.0, 1.1, 2.2) 9
[17:25:39.767]: (0.0, 1.1, 2.2) 9
[17:25:39.791]: (0.0, 1.1, 2.2) 9
[17:25:39.812]: (0.0, 1.1, 2.2) 9
[17:25:39.834]: (0.0, 1.1, 2.2) 9
[17:25:39.856]: (0.0, 1.1, 2.2) 9
[17:25:39.879]: (0.0, 1.1, 2.2) 9
[17:25:39.900]: (0.0, 1.1, 2.2) 9
[17:25:39.924]: (0.0, 1.1, 2.3) 9
[17:25:39.945]: (0.0, 1.1, 2.2) 8
[17:25:39.967]: (0.0, 1.1, 2.2) 8
[17:25:39.990]: (0.0, 1.1, 2.2) 8
[17:25:40.011]: (0.0, 1.1, 2.2) 8
[17:25:40.034]: (0.0, 1.1, 2.3) 9
[17:25:40.056]: (0.0, 1.1, 2.2) 8
[17:25:40.078]: (0.0, 1.1, 2.2) 8
[17:25:40.096]: (-0.1, 1.1, 1.9) 4
[17:25:40.112]: (-0.1, 1.1, 1.9) 4
[17:25:40.128]: (0.0, 1.1, 2.2) 8
[17:25:40.146]: (0.0, 1.1, 2.2) 8
[17:25:40.162]: (-0.1, 1.1, 1.9) 4
[17:25:40.177]: (-0.1, 1.1, 1.9) 4
[17:25:40.193]: (-0.1, 1.1, 1.9) 4
[17:25:40.209]: (-0.1, 1.1, 1.9) 4
[17:25:40.241]: (-0.1, 1.1, 1.9) 4
[17:25:40.257]: (-0.1, 1.1, 1.9) 4
[17:25:40.274]: (-0.1, 1.1, 1.9) 4
[17:25:40.292]: (-0.1, 1.2, 1.9) 4
[17:25:40.323]: (-0.4, 1.2, 1.6) 0
[17:25:40.633]: (-0.4, 1.1, 1.6) 0
[17:25:41.401]: (0.2, 1.1, 1.6) 3
[17:25:41.422]: (0.2, 1.1, 1.6) 3
[17:25:41.447]: (0.2, 1.1, 1.6) 3
[17:25:41.467]: (0.2, 1.1, 1.6) 3
[17:25:41.490]: (0.2, 1.1, 1.6) 3
[17:25:41.534]: (0.2, 1.1, 1.6) 3
[17:25:41.556]: (0.2, 1.1, 1.6) 3
[17:25:41.755]: (0.2, 1.1, 1.6) 3
[17:25:41.800]: (0.2, 1.1, 1.6) 3
[17:25:41.862]: (0.2, 1.1, 1.6) 3
[17:25:41.879]: (0.2, 1.1, 1.6) 3
[17:25:41.896]: (0.2, 1.1, 1.6) 3
[17:25:41.929]: (0.2, 1.1, 1.6) 3
[17:25:41.946]: (0.2, 1.1, 1.6) 3
[17:25:41.981]: (0.2, 1.1, 1.6) 3
[17:25:41.997]: (0.2, 1.1, 1.6) 3
[17:25:42.074]: (0.2, 1.1, 1.6) 3
[17:25:42.090]: (0.2, 1.1, 1.6) 3
[17:25:42.106]: (0.1, 1.1, 1.9) 2
[17:25:42.123]: (0.1, 1.1, 2.2) 9
[17:25:42.139]: (0.1, 1.1, 2.2) 9
[17:25:42.154]: (0.1, 1.1, 2.2) 9
[17:25:42.171]: (0.1, 1.1, 2.2) 9
[17:25:42.187]: (0.1, 1.1, 2.3) 9
[17:25:42.218]: (0.1, 1.1, 2.3) 9
[17:25:42.235]: (0.1, 1.1, 2.3) 9
[17:25:42.283]: (0.1, 1.1, 2.3) 9
[17:25:42.300]: (0.1, 1.1, 2.3) 9
[17:25:42.322]: (0.1, 1.1, 2.2) 9
[17:25:42.344]: (0.1, 1.1, 2.2) 9
[17:25:42.366]: (0.1, 1.1, 2.2) 9
[17:25:43.445]: (0.0, 1.8, 1.6) 4
[17:25:43.465]: (0.0, 1.8, 1.5) 4
[17:25:43.488]: (0.0, 1.8, 1.5) 4
[17:25:43.510]: (0.0, 1.8, 1.5) 4
[17:25:43.532]: (0.0, 1.7, 1.5) 4
[17:25:43.555]: (0.0, 1.7, 1.6) 4
[17:25:43.577]: (0.0, 1.7, 1.6) 4
[17:25:43.600]: (0.0, 1.7, 1.6) 4
[17:25:44.063]: (0.2, 1.7, 1.9) 9
[17:25:44.086]: (0.2, 1.7, 2.0) 9
[17:25:44.107]: (0.2, 1.7, 2.0) 9
[17:25:44.249]: (0.2, 1.6, 2.0) 9
[17:25:44.269]: (0.2, 1.6, 2.0) 9
[17:25:44.291]: (0.2, 1.6, 2.0) 9
[17:25:44.311]: (0.2, 1.6, 2.0) 9
[17:25:44.334]: (0.2, 1.6, 2.0) 9
[17:25:44.355]: (0.2, 1.6, 2.0) 9
[17:25:44.376]: (0.2, 1.6, 2.0) 9
[17:25:44.398]: (0.2, 1.6, 2.0) 9
[17:25:44.420]: (0.2, 1.6, 2.0) 9
[17:25:44.440]: (0.2, 1.6, 2.1) 9
[17:25:44.463]: (0.2, 1.6, 2.1) 9
[17:25:44.483]: (0.2, 1.6, 2.0) 9
[17:25:44.507]: (0.2, 1.6, 2.0) 9
[17:25:44.527]: (0.1, 1.6, 2.0) 9
[17:25:44.551]: (0.1, 1.6, 2.1) 9
[17:25:44.571]: (0.1, 1.5, 2.0) 8
[17:25:44.596]: (0.1, 1.5, 2.0) 8
[17:25:44.612]: (0.0, 1.5, 1.7) 4
[17:25:44.627]: (0.0, 1.5, 1.7) 4
[17:25:44.643]: (0.1, 1.5, 2.1) 9
[17:25:44.665]: (0.1, 1.5, 2.0) 8
[17:25:44.688]: (0.1, 1.5, 2.0) 8
[17:25:44.710]: (0.0, 1.5, 1.7) 4
[17:25:44.732]: (0.0, 1.5, 1.7) 4
[17:25:44.754]: (0.1, 1.5, 2.0) 8
[17:25:44.777]: (0.1, 1.5, 2.0) 8
[17:25:44.799]: (0.1, 1.5, 2.0) 8
[17:25:44.821]: (0.1, 1.5, 2.0) 8
[17:25:44.843]: (0.1, 1.5, 2.0) 8
[17:25:44.865]: (0.1, 1.5, 2.0) 8
[17:25:44.888]: (0.1, 1.5, 2.0) 8
[17:25:44.910]: (0.0, 1.5, 1.7) 4
[17:25:44.932]: (0.1, 1.5, 2.0) 9
[17:25:46.031]: (0.2, 1.6, 2.0) 9
[17:25:46.065]: (0.2, 1.6, 2.0) 9
[17:25:46.081]: (0.2, 1.5, 2.0) 9
[17:25:46.100]: (0.1, 1.5, 2.0) 9
[17:25:46.116]: (0.1, 1.5, 2.0) 9
[17:25:46.132]: (0.1, 1.5, 2.0) 9
[17:25:46.148]: (0.2, 1.5, 2.0) 9
[17:25:46.165]: (0.1, 1.5, 2.0) 9
[17:25:46.182]: (0.1, 1.5, 2.0) 9
[17:25:46.198]: (0.1, 1.5, 2.0) 9
[17:25:46.214]: (0.1, 1.5, 2.0) 9
[17:25:46.231]: (0.1, 1.5, 2.0) 9
[17:25:46.247]: (0.1, 1.5, 2.0) 9
[17:25:46.264]: (0.1, 1.5, 2.0) 9
[17:25:46.286]: (0.1, 1.5, 2.0) 9
[17:25:46.309]: (0.1, 1.5, 2.0) 9
[17:25:46.331]: (0.1, 1.5, 2.0) 9
[17:25:46.354]: (0.1, 1.5, 2.0) 9
[17:25:46.376]: (0.1, 1.5, 2.0) 9
[17:25:46.398]: (0.1, 1.6, 2.0) 9
[17:25:46.421]: (0.0, 1.6, 2.0) 8
[17:25:46.442]: (0.0, 1.6, 2.0) 8
[17:25:46.466]: (0.0, 1.6, 2.0) 8
[17:25:46.487]: (0.0, 1.6, 2.0) 8
[17:25:46.508]: (0.0, 1.6, 2.0) 8
[17:25:46.531]: (0.0, 1.6, 2.1) 10
[17:25:46.575]: (0.0, 1.6, 2.1) 10
[17:25:46.600]: (0.0, 1.6, 2.0) 8
[17:25:46.620]: (0.0, 1.6, 2.0) 8
[17:25:46.643]: (0.0, 1.6, 2.0) 8
[17:25:46.664]: (0.0, 1.6, 2.0) 8
[17:25:46.681]: (0.0, 1.6, 2.0) 8
[17:25:46.697]: (0.0, 1.6, 2.0) 8
[17:25:46.714]: (0.1, 1.6, 2.0) 8
[17:25:46.733]: (0.0, 1.6, 2.0) 8
[17:25:46.749]: (0.0, 1.6, 2.0) 8
[17:25:46.768]: (0.0, 1.6, 2.0) 8
[17:25:46.786]: (0.0, 1.6, 2.0) 8
[17:25:46.807]: (0.0, 1.6, 2.1) 10
[17:25:47.326]: (0.1, 1.5, 1.6) 4
[17:25:47.444]: (0.1, 1.5, 1.6) 4
[17:25:47.481]: (0.1, 1.5, 1.6) 4
[17:25:47.510]: (0.1, 1.5, 1.5) 4
[17:25:47.544]: (0.1, 1.5, 1.5) 4
[17:25:47.576]: (0.1, 1.5, 1.6) 4
[17:25:47.610]: (0.1, 1.5, 1.9) 8
[17:25:47.644]: (0.1, 1.5, 2.0) 10
[17:25:47.678]: (0.1, 1.5, 2.0) 10
[17:25:47.710]: (0.1, 1.5, 2.0) 10
[17:25:47.810]: (0.1, 1.5, 2.0) 10
[17:25:47.843]: (0.1, 1.5, 2.0) 10
[17:25:47.877]: (0.1, 1.5, 2.0) 10
[17:25:47.944]: (0.1, 1.5, 2.0) 10
[17:25:47.977]: (0.1, 1.5, 2.0) 10
[17:25:48.010]: (0.1, 1.5, 2.0) 10
[17:25:48.032]: (0.1, 1.5, 1.9) 10
[17:25:48.055]: (0.1, 1.5, 1.9) 10
[17:25:48.077]: (0.1, 1.5, 1.9) 10
[17:25:48.100]: (0.1, 1.5, 1.9) 10
[17:25:48.126]: (0.1, 1.5, 1.9) 10
[17:25:48.149]: (0.1, 1.5, 1.9) 10
[17:25:48.173]: (0.1, 1.5, 1.9) 10
[17:25:48.194]: (0.1, 1.5, 1.9) 10
[17:25:48.216]: (0.1, 1.5, 2.0) 10
[17:25:48.240]: (0.1, 1.5, 2.0) 10
[17:25:48.312]: (0.1, 1.5, 2.0) 10
[17:25:48.336]: (0.1, 1.5, 1.9) 10
[17:25:48.362]: (0.1, 1.5, 2.0) 10
[17:25:48.386]: (0.1, 1.5, 2.0) 10
[17:25:48.408]: (0.1, 1.5, 2.0) 10
[17:25:48.719]: (0.1, 1.4, 1.9) 8
[17:25:48.741]: (0.2, 1.4, 1.9) 8
[17:25:48.764]: (0.2, 1.4, 1.9) 8
[17:25:48.785]: (0.2, 1.4, 1.8) 8
[17:25:48.808]: (0.2, 1.4, 1.8) 8
[17:25:48.831]: (0.1, 1.4, 1.8) 8
[17:25:48.852]: (0.1, 1.4, 1.8) 8
[17:25:48.876]: (0.2, 1.4, 1.8) 8
[17:25:48.899]: (0.2, 1.4, 1.8) 8
[17:25:48.920]: (0.2, 1.4, 1.9) 8
[17:25:48.942]: (0.2, 1.4, 1.9) 8
[17:25:48.964]: (0.2, 1.4, 1.9) 9
[17:25:49.269]: (0.8, 1.4, 2.1) 15
[17:25:49.286]: (0.8, 1.5, 2.1) 15
[17:25:49.302]: (0.8, 1.5, 2.1) 15
[17:25:49.318]: (0.8, 1.5, 2.1) 15
[17:25:49.333]: (0.8, 1.5, 2.1) 15
[17:25:49.350]: (0.8, 1.5, 2.1) 15
[17:25:49.369]: (0.8, 1.5, 2.1) 15
[17:25:49.386]: (0.8, 1.5, 2.1) 15
[17:25:49.402]: (0.8, 1.5, 2.1) 15
[17:25:49.418]: (0.8, 1.5, 2.2) 14
[17:25:49.434]: (0.8, 1.5, 2.2) 15
[17:25:49.450]: (0.8, 1.5, 2.2) 14
[17:25:49.467]: (0.8, 1.5, 2.1) 15
[17:25:49.484]: (0.8, 1.5, 2.1) 15
[17:25:49.504]: (0.8, 1.5, 2.1) 15
[17:25:49.521]: (0.8, 1.5, 2.2) 14
[17:25:50.183]: (0.1, 1.4, 1.9) 8
[17:25:50.485]: (0.8, 1.3, 1.8) 11
[17:25:50.502]: (0.9, 1.3, 1.8) 12
[17:25:50.519]: (0.9, 1.3, 1.7) 12
[17:25:50.534]: (0.9, 1.3, 1.8) 12
[17:25:50.550]: (0.9, 1.3, 1.7) 12
[17:25:50.620]: (0.9, 1.3, 1.8) 12
[17:25:50.641]: (0.9, 1.3, 1.8) 12
[17:25:50.664]: (0.9, 1.3, 1.8) 12
[17:25:50.685]: (0.9, 1.3, 1.8) 12
[17:25:50.708]: (0.9, 1.3, 1.8) 12
[17:25:50.731]: (0.9, 1.3, 1.8) 12
[17:25:50.753]: (0.9, 1.3, 1.8) 12
[17:25:51.175]: (0.9, 1.3, 1.7) 11
[17:25:51.301]: (0.8, 1.3, 1.8) 11
[17:25:51.707]: (0.8, 1.5, 2.1) 15
[17:25:51.731]: (0.8, 1.5, 2.1) 15
[17:25:51.753]: (0.8, 1.5, 2.1) 15
[17:25:51.774]: (0.8, 1.5, 2.1) 15
[17:25:51.798]: (0.8, 1.5, 2.2) 14
[17:25:51.818]: (0.5, 1.5, 2.4) 20
[17:25:51.841]: (0.2, 1.6, 2.3) 19
[17:25:51.865]: (0.2, 1.6, 2.3) 19
[17:25:51.886]: (0.2, 1.6, 2.3) 19
[17:25:51.902]: (0.2, 1.6, 2.3) 19
[17:25:51.919]: (0.2, 1.6, 2.3) 19
[17:25:51.935]: (0.2, 1.6, 2.3) 19
[17:25:51.951]: (0.3, 1.6, 2.3) 19
[17:25:51.966]: (0.3, 1.6, 2.3) 19
[17:25:51.981]: (0.3, 1.6, 2.3) 19
[17:25:52.014]: (0.3, 1.6, 2.3) 19
[17:25:52.074]: (0.2, 1.6, 2.3) 19
[17:25:52.106]: (0.2, 1.6, 2.3) 19
[17:25:52.138]: (0.3, 1.6, 2.3) 19
[17:25:52.170]: (0.2, 1.6, 2.3) 19
[17:25:52.235]: (-0.2, 1.6, 2.1) 17
[17:25:52.251]: (-0.2, 1.6, 2.0) 17
[17:25:52.268]: (-0.2, 1.6, 2.0) 17
[17:25:52.285]: (-0.2, 1.6, 2.0) 17
[17:25:52.301]: (-0.2, 1.5, 2.0) 17
[17:25:52.316]: (-0.2, 1.5, 2.0) 17
[17:25:52.333]: (-0.2, 1.6, 2.0) 17
[17:25:52.352]: (-0.2, 1.5, 2.0) 17
[17:25:52.374]: (-0.2, 1.5, 2.0) 17
[17:25:52.397]: (-0.2, 1.5, 2.0) 17
[17:25:52.418]: (-0.2, 1.6, 2.0) 17
[17:25:52.441]: (-0.3, 1.5, 2.0) 17
[17:25:52.464]: (-0.2, 1.5, 2.0) 17
[17:25:52.486]: (-0.2, 1.5, 2.0) 17
[17:25:52.834]: (0.1, 1.5, 1.9) 10
[17:25:52.850]: (0.1, 1.5, 1.9) 10
[17:25:52.965]: (0.1, 1.5, 1.9) 10
[17:25:52.981]: (0.1, 1.5, 1.9) 8
[17:25:53.060]: (0.2, 1.5, 1.9) 10
[17:25:53.077]: (0.2, 1.5, 2.0) 10
[17:25:53.286]: (0.1, 1.4, 1.9) 8
[17:25:53.309]: (0.1, 1.4, 1.9) 10
[17:25:53.330]: (0.1, 1.5, 1.9) 10
[17:25:53.351]: (0.1, 1.4, 1.9) 10
[17:25:53.375]: (0.1, 1.5, 1.9) 10
[17:25:53.396]: (0.1, 1.5, 1.9) 10
[17:25:53.418]: (0.1, 1.5, 1.9) 10
[17:25:53.441]: (0.1, 1.5, 1.9) 10
[17:25:53.462]: (0.1, 1.5, 1.9) 10
[17:25:53.484]: (0.1, 1.5, 1.9) 10
[17:25:53.507]: (0.1, 1.5, 1.9) 10
[17:25:53.529]: (0.1, 1.4, 1.9) 8
[17:25:53.551]: (0.1, 1.4, 1.9) 8
[17:25:53.573]: (0.1, 1.4, 1.9) 8
[17:25:53.596]: (0.1, 1.4, 1.9) 10
[17:25:53.617]: (0.1, 1.4, 1.9) 10
[17:25:53.640]: (0.1, 1.5, 1.9) 10
[17:25:53.662]: (0.1, 1.5, 1.9) 10
[17:25:53.684]: (0.1, 1.5, 2.0) 10
[17:25:53.708]: (0.1, 1.5, 1.9) 10
[17:25:53.729]: (0.1, 1.5, 1.9) 10
[17:25:53.748]: (0.1, 1.5, 1.9) 10
[17:25:53.765]: (0.1, 1.5, 1.9) 10
[17:25:53.781]: (0.1, 1.5, 1.9) 10
[17:25:53.797]: (0.1, 1.5, 1.9) 10
[17:25:53.814]: (0.1, 1.5, 1.9) 10
[17:25:53.830]: (0.1, 1.5, 1.9) 10
[17:25:53.846]: (0.1, 1.5, 1.9) 10
[17:25:53.864]: (0.1, 1.5, 1.9) 10
[17:25:54.065]: (0.8, 1.4, 2.1) 15
[17:25:54.080]: (0.7, 1.4, 2.1) 15
[17:25:54.198]: (0.8, 1.5, 2.2) 14
[17:25:54.216]: (0.8, 1.5, 2.2) 14
[17:25:54.239]: (0.8, 1.5, 2.2) 14
[17:25:54.264]: (0.8, 1.5, 2.2) 14
[17:25:54.284]: (0.8, 1.5, 2.2) 14
[17:25:54.307]: (0.8, 1.5, 2.2) 14
[17:25:54.328]: (0.8, 1.5, 2.2) 14
[17:25:54.351]: (0.8, 1.5, 2.2) 14
[17:25:54.373]: (0.8, 1.5, 2.2) 14
[17:25:54.395]: (0.8, 1.5, 2.2) 14
[17:25:54.417]: (0.8, 1.5, 2.2) 14
[17:25:54.440]: (0.8, 1.5, 2.2) 14
[17:25:54.462]: (0.7, 1.5, 2.1) 15
[17:25:54.483]: (0.7, 1.5, 2.1) 15
[17:25:54.507]: (0.7, 1.5, 2.1) 15
[17:25:54.529]: (0.7, 1.5, 2.1) 15
[17:25:54.550]: (0.7, 1.5, 2.1) 15
[17:25:54.573]: (0.7, 1.5, 2.1) 15
[17:25:54.596]: (0.7, 1.5, 2.1) 15
[17:25:54.616]: (0.7, 1.5, 2.1) 15
[17:25:54.634]: (0.7, 1.5, 2.1) 15
[17:25:54.695]: (0.8, 1.5, 2.3) 14
[17:25:54.710]: (0.8, 1.5, 2.2) 14
[17:25:54.725]: (0.8, 1.5, 2.2) 14
[17:25:54.741]: (0.7, 1.5, 2.1) 15
[17:25:54.758]: (0.8, 1.5, 2.2) 14
[17:25:54.774]: (0.7, 1.5, 2.2) 15
[17:25:54.790]: (0.7, 1.5, 2.1) 15
[17:25:54.808]: (0.7, 1.5, 2.1) 15
[17:25:54.824]: (0.7, 1.5, 2.1) 15
[17:25:54.839]: (0.7, 1.5, 2.1) 15
[17:25:54.856]: (0.7, 1.5, 2.1) 15
[17:25:54.906]: (0.1, 1.4, 1.9) 10
[17:25:55.061]: (-0.4, 1.4, 1.9) 18
[17:25:55.195]: (-0.5, 1.4, 1.6) 5
[17:25:55.217]: (-0.6, 1.4, 1.5) 5
[17:25:55.240]: (-0.6, 1.4, 1.5) 5
[17:25:55.262]: (-0.6, 1.4, 1.5) 5
[17:25:55.283]: (-0.6, 1.4, 1.5) 5
[17:25:55.307]: (-0.6, 1.4, 1.5) 5
[17:25:55.327]: (-0.5, 1.4, 1.5) 5
[17:25:55.352]: (-0.5, 1.4, 1.6) 5
[17:25:55.373]: (-0.5, 1.4, 1.5) 5
[17:25:55.395]: (-0.5, 1.4, 1.5) 7
[17:25:55.416]: (-0.5, 1.4, 1.5) 7
[17:25:55.439]: (-0.5, 1.4, 1.5) 7
[17:25:55.514]: (-0.6, 1.3, 1.6) 5
[17:25:55.623]: (-0.6, 1.3, 1.5) 5
[17:25:55.640]: (-0.5, 1.4, 1.5) 7
[17:25:55.657]: (-0.5, 1.4, 1.8) 18
[17:25:55.675]: (-0.5, 1.4, 1.9) 18
[17:25:55.691]: (-0.5, 1.4, 1.8) 18
[17:25:55.708]: (-0.5, 1.4, 1.9) 18
[17:25:55.724]: (-0.5, 1.4, 1.9) 18
[17:25:55.740]: (-0.5, 1.4, 1.9) 18
[17:25:55.756]: (-0.5, 1.4, 1.9) 18
[17:25:55.773]: (-0.5, 1.4, 1.9) 18
[17:25:55.838]: (-0.5, 1.4, 1.9) 18
[17:25:55.856]: (-0.5, 1.4, 1.9) 18
[17:25:55.873]: (-0.5, 1.4, 1.5) 7
[17:25:55.889]: (-0.6, 1.5, 2.0) 16
[17:25:55.949]: (-0.7, 1.6, 2.0) 16
[17:25:55.972]: (-0.7, 1.6, 1.9) 16
[17:25:56.015]: (-0.7, 1.6, 2.0) 16
[17:25:56.040]: (-0.7, 1.6, 2.0) 16
[17:25:56.061]: (-0.7, 1.6, 1.9) 16
[17:25:56.083]: (-0.7, 1.6, 1.9) 16
[17:25:56.107]: (-0.7, 1.6, 1.9) 16
[17:25:56.128]: (-0.7, 1.6, 1.9) 16
[17:25:56.150]: (-0.7, 1.6, 1.9) 16
[17:25:56.421]: (-0.2, 1.5, 2.0) 17
[17:25:57.534]: (0.1, 1.5, 1.9) 10
[17:25:59.715]: (0.2, 1.4, 1.9) 9
[17:25:59.736]: (0.2, 1.4, 1.9) 9
[17:25:59.761]: (0.2, 1.4, 1.9) 9
[17:25:59.782]: (0.2, 1.4, 1.9) 9
[17:25:59.804]: (0.2, 1.4, 1.9) 8
[17:25:59.827]: (0.2, 1.4, 1.9) 9
[17:25:59.848]: (0.2, 1.4, 1.9) 9
[17:25:59.865]: (0.2, 1.4, 1.9) 9
[17:25:59.881]: (0.2, 1.4, 1.9) 9
[17:25:59.897]: (0.2, 1.4, 1.9) 9
[17:26:00.042]: (-0.5, 1.4, 1.5) 5
[17:26:00.062]: (-0.5, 1.4, 1.5) 7
[17:26:00.079]: (-0.5, 1.4, 1.5) 5
[17:26:00.097]: (-0.6, 1.4, 1.5) 5
[17:26:00.114]: (-0.6, 1.4, 1.5) 5
[17:26:00.131]: (-0.5, 1.4, 1.5) 5
[17:26:00.147]: (-0.5, 1.4, 1.5) 5
[17:26:00.165]: (-0.5, 1.4, 1.5) 5
[17:26:00.548]: (0.1, 1.4, 2.0) 10
[17:26:00.705]: (0.1, 1.5, 2.0) 10
[17:26:00.748]: (0.1, 1.5, 2.0) 10
[17:26:00.765]: (0.1, 1.4, 2.0) 10
[17:26:01.156]: (0.1, 1.5, 1.9) 10
[17:26:01.172]: (0.1, 1.4, 1.9) 8
[17:26:01.191]: (0.1, 1.5, 1.9) 10
[17:26:01.215]: (0.2, 1.5, 1.9) 10
[17:26:01.236]: (0.1, 1.5, 1.9) 10
[17:26:01.260]: (0.2, 1.5, 1.9) 10
[17:26:01.281]: (0.2, 1.5, 1.9) 10
[17:26:01.304]: (0.2, 1.5, 1.9) 10
[17:26:01.327]: (0.2, 1.5, 1.9) 10
[17:26:01.348]: (0.2, 1.5, 1.9) 10
[17:26:01.370]: (0.1, 1.4, 1.9) 8
[17:26:01.391]: (0.1, 1.4, 1.9) 8
[17:26:01.415]: (0.1, 1.4, 1.9) 8
[17:26:01.436]: (0.1, 1.4, 1.9) 8
[17:26:01.458]: (0.1, 1.4, 1.9) 8
[17:26:01.482]: (0.1, 1.4, 1.9) 8
[17:26:01.504]: (0.1, 1.4, 1.9) 8
[17:26:01.526]: (0.1, 1.4, 1.8) 8
[17:26:01.548]: (0.1, 1.4, 1.8) 8
[17:26:01.569]: (0.1, 1.4, 1.8) 8
[17:26:01.592]: (0.1, 1.4, 1.8) 8
[17:26:01.614]: (0.2, 1.4, 1.9) 9
[17:26:01.942]: (0.9, 1.3, 1.7) 11
[17:26:01.961]: (0.9, 1.2, 1.7) 11
[17:26:01.978]: (0.9, 1.2, 1.7) 11
[17:26:01.996]: (0.9, 1.2, 1.7) 11
[17:26:02.012]: (0.9, 1.3, 1.7) 11
[17:26:02.029]: (0.9, 1.2, 1.7) 11
[17:26:02.045]: (0.9, 1.3, 1.7) 11
[17:26:02.062]: (0.9, 1.3, 1.7) 11
[17:26:02.080]: (0.9, 1.3, 1.7) 11
[17:26:02.103]: (0.9, 1.2, 1.7) 11
[17:26:02.126]: (0.9, 1.2, 1.7) 11
[17:26:02.147]: (0.9, 1.2, 1.7) 11
[17:26:02.170]: (0.9, 1.3, 1.7) 11
[17:26:02.191]: (0.9, 1.3, 1.7) 11
[17:26:02.214]: (0.9, 1.3, 1.7) 11
[17:26:02.236]: (0.9, 1.2, 1.7) 11
[17:26:02.258]: (0.9, 1.3, 1.7) 11
[17:26:02.281]: (0.9, 1.3, 1.7) 11
[17:26:02.302]: (0.9, 1.3, 1.7) 12
[17:26:02.324]: (0.9, 1.3, 1.7) 11
[17:26:02.348]: (0.9, 1.3, 1.7) 11
[17:26:02.369]: (0.9, 1.3, 1.7) 11
[17:26:02.392]: (0.9, 1.2, 1.8) 12
[17:26:02.414]: (0.9, 1.2, 1.7) 12
[17:26:02.436]: (0.9, 1.2, 1.7) 12
[17:26:02.459]: (1.0, 1.2, 1.7) 12
[17:26:02.480]: (1.0, 1.2, 1.7) 12
[17:26:02.504]: (1.0, 1.2, 1.7) 12
[17:26:02.521]: (1.0, 1.2, 1.7) 12
[17:26:02.538]: (1.0, 1.2, 1.7) 12
[17:26:02.554]: (1.0, 1.2, 1.7) 12
[17:26:02.571]: (1.0, 1.2, 1.7) 12
[17:26:02.590]: (1.0, 1.2, 1.7) 12
[17:26:02.607]: (1.0, 1.2, 1.7) 12
[17:26:02.623]: (1.0, 1.2, 1.7) 12
[17:26:02.640]: (1.0, 1.2, 1.7) 12
[17:26:02.656]: (1.0, 1.2, 1.8) 12
[17:26:02.671]: (1.0, 1.2, 1.7) 12
[17:26:02.687]: (1.0, 1.2, 1.7) 12
[17:26:02.703]: (1.0, 1.2, 1.7) 12
[17:26:02.719]: (1.0, 1.2, 1.7) 12
[17:26:02.734]: (1.0, 1.2, 1.7) 12
[17:26:02.750]: (1.0, 1.2, 1.8) 12
[17:26:02.766]: (1.0, 1.2, 1.7) 12
[17:26:02.783]: (1.0, 1.2, 1.8) 12
[17:26:02.800]: (0.9, 1.3, 1.7) 11
[17:26:03.448]: (0.5, 1.5, 2.3) 20
[17:26:04.115]: (-0.4, 1.5, 1.9) 18
[17:26:04.137]: (-0.5, 1.5, 1.8) 18
[17:26:04.158]: (-0.5, 1.5, 1.8) 18
[17:26:04.181]: (-0.5, 1.4, 1.8) 18
[17:26:04.202]: (-0.5, 1.4, 1.8) 18
[17:26:04.226]: (-0.5, 1.4, 1.8) 18
[17:26:04.248]: (-0.5, 1.5, 1.8) 18
[17:26:04.269]: (-0.5, 1.5, 1.5) 7
[17:26:04.289]: (-0.5, 1.5, 1.5) 7
[17:26:04.307]: (-0.5, 1.5, 1.8) 18
[17:26:04.326]: (-0.5, 1.5, 1.8) 18
[17:26:04.345]: (-0.5, 1.5, 1.5) 7
[17:26:04.366]: (-0.5, 1.5, 1.8) 18
[17:26:04.389]: (-0.5, 1.4, 1.8) 18
[17:26:04.409]: (-0.5, 1.4, 1.8) 18
[17:26:04.429]: (-0.5, 1.4, 1.8) 18
[17:26:04.449]: (-0.5, 1.4, 1.8) 18
[17:26:04.467]: (-0.5, 1.4, 1.8) 18
[17:26:04.485]: (-0.5, 1.4, 1.8) 18
[17:26:04.501]: (-0.5, 1.4, 1.8) 18
[17:26:04.519]: (-0.5, 1.4, 1.8) 18
[17:26:04.535]: (-0.5, 1.4, 1.8) 18
[17:26:04.552]: (-0.5, 1.4, 1.8) 18
[17:26:04.569]: (-0.5, 1.4, 1.8) 18
[17:26:04.587]: (-0.5, 1.4, 1.8) 18
[17:26:04.604]: (-0.5, 1.4, 1.8) 18
[17:26:04.622]: (-0.5, 1.5, 1.5) 7
[17:26:04.639]: (-0.7, 1.5, 2.0) 16
[17:26:04.685]: (-0.8, 1.6, 2.1) 29
[17:26:04.717]: (-0.8, 1.6, 2.1) 29
[17:26:04.733]: (-0.8, 1.6, 2.1) 29
[17:26:04.749]: (-0.8, 1.6, 2.1) 29
[17:26:04.765]: (-0.8, 1.6, 2.1) 29
[17:26:04.782]: (-0.8, 1.6, 2.1) 29
[17:26:04.802]: (-0.8, 1.6, 2.1) 29
[17:26:04.824]: (-0.8, 1.6, 2.1) 29
[17:26:04.847]: (-0.8, 1.6, 2.1) 29
[17:26:04.869]: (-0.8, 1.6, 2.1) 29
[17:26:04.935]: (-0.8, 1.6, 2.1) 29
[17:26:05.366]: (-0.5, 1.5, 1.5) 7
[17:26:05.383]: (-0.5, 1.4, 1.5) 7
[17:26:05.400]: (-0.5, 1.4, 1.5) 7
[17:26:05.417]: (-0.5, 1.4, 1.5) 7
[17:26:05.435]: (-0.5, 1.4, 1.5) 7
[17:26:05.452]: (-0.5, 1.4, 1.5) 7
[17:26:05.469]: (-0.5, 1.4, 1.5) 7
[17:26:05.487]: (-0.5, 1.4, 1.6) 5
[17:26:05.504]: (-0.5, 1.4, 1.6) 5
[17:26:05.521]: (-0.5, 1.4, 1.5) 5
[17:26:05.537]: (-0.5, 1.4, 1.5) 5
[17:26:05.553]: (-0.5, 1.4, 1.6) 5
[17:26:05.571]: (-0.5, 1.4, 1.6) 5
[17:26:05.589]: (-0.5, 1.4, 1.6) 5
[17:26:05.604]: (-0.5, 1.4, 1.5) 5
[17:26:05.620]: (-0.5, 1.4, 1.5) 5
[17:26:05.636]: (-0.5, 1.4, 1.5) 5
[17:26:05.652]: (-0.5, 1.4, 1.5) 5
[17:26:05.669]: (-0.5, 1.4, 1.5) 5
[17:26:05.691]: (-0.5, 1.4, 1.5) 5
[17:26:05.714]: (-0.5, 1.4, 1.5) 5
[17:26:05.735]: (-0.6, 1.3, 1.5) 5
[17:26:05.758]: (-0.6, 1.2, 1.2) 1
[17:26:05.780]: (-0.5, 1.2, 1.1) 1
[17:26:05.804]: (-0.5, 1.2, 1.1) 1
[17:26:05.826]: (-0.5, 1.2, 1.1) 1
[17:26:05.850]: (-0.5, 1.2, 1.1) 1
[17:26:05.869]: (-0.5, 1.2, 1.1) 1
[17:26:05.890]: (-0.5, 1.2, 1.1) 1
[17:26:05.915]: (-0.5, 1.2, 1.1) 1
[17:26:05.935]: (-0.5, 1.2, 1.2) 1
[17:26:05.958]: (-0.5, 1.2, 1.1) 1
[17:26:05.980]: (-0.5, 1.2, 1.2) 1
[17:26:06.002]: (-0.5, 1.2, 1.1) 1
[17:26:06.024]: (-0.5, 1.2, 1.1) 1
[17:26:06.046]: (-0.5, 1.2, 1.2) 1
[17:26:06.069]: (-0.5, 1.2, 1.2) 1
[17:26:06.091]: (-0.5, 1.2, 1.2) 1
[17:26:06.114]: (-0.5, 1.2, 1.1) 1
[17:26:06.146]: (-0.6, 1.3, 1.5) 5
[17:26:06.162]: (-0.7, 1.5, 2.0) 16
[17:26:06.178]: (-0.7, 1.5, 2.0) 16
[17:26:06.194]: (-0.7, 1.5, 2.0) 16
[17:26:06.212]: (-0.7, 1.5, 1.9) 16
[17:26:06.229]: (-0.7, 1.5, 2.0) 16
[17:26:06.245]: (-0.7, 1.5, 2.0) 16
[17:26:06.263]: (-0.7, 1.5, 2.0) 16
[17:26:06.281]: (-0.7, 1.5, 2.0) 16
[17:26:06.297]: (-0.7, 1.5, 2.0) 16
[17:26:06.315]: (-0.7, 1.5, 2.0) 16
[17:26:06.331]: (-0.7, 1.5, 2.0) 16
[17:26:06.347]: (-0.7, 1.5, 2.0) 16
[17:26:06.364]: (-0.7, 1.5, 2.0) 16
[17:26:06.380]: (-0.7, 1.5, 2.0) 16
[17:26:06.396]: (-0.7, 1.5, 2.0) 16
[17:26:06.415]: (-0.7, 1.5, 2.0) 16
[17:26:06.432]: (-0.7, 1.5, 2.0) 16
[17:26:06.448]: (-0.7, 1.5, 2.0) 16
[17:26:06.466]: (-0.7, 1.5, 2.0) 16
[17:26:06.483]: (-0.7, 1.5, 2.0) 16
[17:26:06.505]: (-0.7, 1.5, 2.0) 16
[17:26:06.530]: (-0.7, 1.5, 2.0) 16
[17:26:06.552]: (-0.7, 1.5, 2.0) 16
[17:26:07.801]: (-0.8, 1.6, 2.1) 29
[17:26:07.823]: (-0.8, 1.6, 2.1) 29
[17:26:07.847]: (-0.8, 1.6, 2.1) 29
[17:26:08.749]: (-0.9, 1.8, 2.7) 41
[17:26:08.767]: (-0.9, 1.8, 2.7) 41
[17:26:08.784]: (-1.0, 1.8, 2.7) 41
[17:26:08.801]: (-0.9, 1.8, 2.7) 41
[17:26:08.817]: (-0.9, 1.8, 2.7) 41
[17:26:08.942]: (-0.3, 1.6, 2.1) 17
[17:26:08.958]: (-0.3, 1.6, 2.1) 17
[17:26:08.975]: (-0.3, 1.6, 2.1) 17
[17:26:08.991]: (-0.3, 1.6, 2.1) 17
[17:26:09.008]: (-0.3, 1.6, 2.0) 17
[17:26:09.039]: (-0.3, 1.6, 2.0) 17
[17:26:09.055]: (-0.3, 1.6, 2.0) 17
[17:26:09.070]: (-0.2, 1.6, 2.0) 17
[17:26:09.089]: (0.1, 1.5, 1.9) 10
[17:26:09.112]: (0.1, 1.5, 1.9) 10
[17:26:09.134]: (0.1, 1.5, 2.0) 10
[17:26:09.155]: (0.1, 1.5, 2.0) 10
[17:26:09.178]: (0.1, 1.5, 2.0) 10
[17:26:09.200]: (0.1, 1.5, 2.0) 10
[17:26:09.244]: (0.1, 1.5, 1.9) 10
[17:26:09.267]: (0.1, 1.5, 1.9) 10
[17:26:09.289]: (0.1, 1.5, 1.9) 10
[17:26:09.467]: (0.5, 1.6, 2.3) 20
[17:26:09.490]: (0.5, 1.6, 2.3) 20
[17:26:09.513]: (0.5, 1.6, 2.3) 20
[17:26:09.544]: (0.5, 1.6, 2.3) 20
[17:26:09.561]: (0.5, 1.6, 2.3) 20
[17:26:09.578]: (0.5, 1.6, 2.3) 20
[17:26:09.595]: (0.5, 1.6, 2.3) 20
[17:26:09.611]: (0.5, 1.6, 2.3) 20
[17:26:10.024]: (0.9, 1.3, 1.7) 11
[17:26:10.067]: (0.9, 1.3, 1.7) 11
[17:26:10.089]: (0.9, 1.3, 1.7) 11
[17:26:10.111]: (0.9, 1.3, 1.7) 11
[17:26:10.134]: (0.9, 1.3, 1.7) 11
[17:26:10.155]: (0.9, 1.3, 1.7) 11
[17:26:10.178]: (0.9, 1.3, 1.7) 11
[17:26:10.200]: (0.9, 1.3, 1.7) 11
[17:26:10.311]: (1.0, 1.3, 1.7) 12
[17:26:10.334]: (1.0, 1.3, 1.7) 12
[17:26:10.400]: (1.0, 1.3, 1.8) 12
[17:26:10.417]: (1.0, 1.3, 1.8) 12
[17:26:10.844]: (0.8, 1.5, 2.1) 15
[17:26:10.866]: (0.8, 1.5, 2.1) 15
[17:26:10.889]: (0.8, 1.5, 2.1) 15
[17:26:10.911]: (0.8, 1.5, 2.1) 15
[17:26:10.934]: (0.8, 1.5, 2.1) 15
[17:26:10.955]: (0.8, 1.5, 2.1) 15
[17:26:10.977]: (0.8, 1.5, 2.1) 15
[17:26:11.000]: (0.8, 1.5, 2.1) 15
[17:26:11.023]: (0.8, 1.5, 2.1) 15
[17:26:11.182]: (0.6, 1.6, 2.3) 20
[17:26:11.199]: (0.6, 1.6, 2.3) 20
[17:26:11.221]: (0.5, 1.6, 2.3) 20
[17:26:11.244]: (0.6, 1.6, 2.3) 20
[17:26:11.265]: (0.5, 1.6, 2.3) 20
[17:26:11.288]: (0.5, 1.6, 2.3) 20
[17:26:11.312]: (0.5, 1.6, 2.3) 20
[17:26:11.330]: (0.5, 1.6, 2.3) 20
[17:26:11.346]: (0.5, 1.5, 2.3) 20
[17:26:11.363]: (0.5, 1.5, 2.3) 20
[17:26:11.381]: (0.5, 1.5, 2.3) 20
[17:26:11.398]: (0.5, 1.5, 2.3) 20
[17:26:11.416]: (0.5, 1.5, 2.3) 20
[17:26:11.432]: (0.5, 1.5, 2.3) 20
[17:26:11.448]: (0.5, 1.5, 2.3) 20
[17:26:11.465]: (0.5, 1.6, 2.3) 20
[17:26:11.481]: (0.5, 1.6, 2.3) 20
[17:26:11.765]: (0.7, 1.4, 2.1) 15
[17:26:11.788]: (0.7, 1.4, 2.1) 15
[17:26:11.811]: (0.7, 1.4, 2.1) 15
[17:26:11.832]: (0.7, 1.4, 2.1) 15
[17:26:11.856]: (0.7, 1.4, 2.1) 15
[17:26:11.877]: (0.7, 1.4, 2.1) 15
[17:26:11.899]: (0.7, 1.4, 2.1) 15
[17:26:11.921]: (0.8, 1.4, 2.3) 14
[17:26:12.011]: (0.1, 1.3, 1.6) 4
[17:26:12.032]: (0.1, 1.3, 1.5) 4
[17:26:12.054]: (0.1, 1.3, 1.5) 4
[17:26:12.078]: (0.1, 1.3, 1.5) 4
[17:26:12.099]: (0.1, 1.3, 1.5) 4
[17:26:12.122]: (0.1, 1.3, 1.5) 4
[17:26:12.143]: (0.1, 1.3, 1.5) 4
[17:26:12.166]: (0.1, 1.3, 1.5) 4
[17:26:12.182]: (0.1, 1.3, 1.5) 4
[17:26:12.199]: (0.1, 1.3, 1.5) 4
[17:26:12.217]: (0.1, 1.3, 1.5) 4
[17:26:12.233]: (0.1, 1.3, 1.5) 4
[17:26:12.252]: (0.1, 1.3, 1.5) 4
[17:26:12.268]: (0.0, 1.3, 1.5) 4
[17:26:12.854]: (-0.5, 1.3, 1.6) 5
[17:26:12.899]: (-0.5, 1.3, 1.5) 5
[17:26:13.338]: (-0.5, 1.2, 1.1) 1
[17:26:13.355]: (-0.5, 1.2, 1.2) 1
[17:26:13.371]: (-0.5, 1.2, 1.1) 1
[17:26:13.387]: (-0.5, 1.2, 1.2) 1
[17:26:13.545]: (-0.5, 1.2, 1.2) 1
[17:26:13.566]: (-0.5, 1.2, 1.2) 1
[17:26:13.587]: (-0.5, 1.2, 1.2) 1
[17:26:13.721]: (0.1, 1.4, 1.9) 8
[17:26:13.743]: (0.1, 1.4, 1.9) 8
[17:26:13.766]: (0.1, 1.4, 1.9) 8
[17:26:13.787]: (0.1, 1.4, 1.9) 8
[17:26:13.810]: (0.1, 1.4, 1.9) 8
[17:26:13.833]: (0.1, 1.4, 1.8) 8
[17:26:13.853]: (0.1, 1.4, 1.9) 8
[17:26:13.878]: (0.1, 1.4, 1.8) 8
[17:26:13.899]: (0.3, 1.4, 1.9) 9
[17:26:13.937]: (0.3, 1.4, 1.9) 9
[17:26:13.953]: (0.3, 1.4, 1.9) 9
[17:26:13.969]: (0.3, 1.4, 1.9) 9
[17:26:13.986]: (0.3, 1.4, 1.9) 9
[17:26:14.003]: (0.3, 1.4, 1.9) 9
[17:26:14.021]: (0.3, 1.4, 1.9) 9
[17:26:14.100]: (0.6, 1.5, 2.3) 20
[17:26:14.118]: (0.5, 1.5, 2.3) 20
[17:26:14.135]: (0.6, 1.6, 2.3) 20
[17:26:14.151]: (0.5, 1.6, 2.3) 20
[17:26:14.166]: (0.6, 1.6, 2.3) 20
[17:26:14.183]: (0.6, 1.6, 2.3) 20
[17:26:14.200]: (0.6, 1.6, 2.3) 20
[17:26:14.246]: (0.8, 1.5, 2.1) 15
[17:26:14.643]: (1.0, 1.3, 1.7) 12
[17:26:14.665]: (0.9, 1.3, 1.7) 11
[17:26:14.686]: (0.9, 1.3, 1.7) 11
[17:26:14.709]: (1.0, 1.3, 1.7) 12
[17:26:14.732]: (1.0, 1.3, 1.7) 12
[17:26:14.753]: (0.9, 1.3, 1.7) 11
[17:26:14.776]: (0.9, 1.3, 1.7) 11
[17:26:14.792]: (0.9, 1.3, 1.7) 11
[17:26:14.810]: (1.0, 1.3, 1.7) 12
[17:26:14.827]: (0.9, 1.3, 1.7) 11
[17:26:14.844]: (0.9, 1.3, 1.7) 11
[17:26:14.862]: (0.9, 1.3, 1.7) 11
[17:26:14.880]: (1.0, 1.3, 1.7) 12
[17:26:14.897]: (1.0, 1.3, 1.7) 12
[17:26:14.914]: (1.0, 1.3, 1.7) 12
[17:26:14.932]: (1.0, 1.3, 1.7) 12
[17:26:14.965]: (1.0, 1.3, 1.7) 12
[17:26:14.997]: (1.0, 1.3, 1.7) 12
[17:26:15.046]: (1.0, 1.3, 1.7) 12
[17:26:15.124]: (1.0, 1.3, 1.7) 12
[17:26:15.141]: (0.9, 1.3, 1.7) 11
[17:26:15.158]: (0.8, 1.3, 1.7) 11
[17:26:15.174]: (0.8, 1.3, 1.7) 11
[17:26:15.190]: (0.9, 1.3, 1.7) 11
[17:26:15.209]: (0.8, 1.3, 1.7) 11
[17:26:15.231]: (0.8, 1.3, 1.7) 11
[17:26:15.253]: (0.8, 1.3, 1.7) 11
[17:26:15.275]: (0.8, 1.3, 1.7) 11
[17:26:15.297]: (0.8, 1.3, 1.7) 11
[17:26:15.321]: (0.8, 1.3, 1.7) 11
[17:26:15.342]: (0.8, 1.3, 1.7) 11
[17:26:15.365]: (0.8, 1.3, 1.7) 11
[17:26:15.387]: (0.8, 1.3, 1.7) 11
[17:26:15.409]: (0.8, 1.3, 1.7) 11
[17:26:15.431]: (0.8, 1.3, 1.7) 11
[17:26:15.453]: (0.8, 1.3, 1.7) 11
[17:26:15.475]: (0.8, 1.3, 1.7) 11
[17:26:15.498]: (0.8, 1.3, 1.7) 11
[17:26:15.522]: (0.8, 1.3, 1.7) 11
[17:26:15.542]: (0.8, 1.3, 1.7) 11
[17:26:15.564]: (1.0, 1.3, 1.7) 12
[17:26:15.705]: (1.0, 1.3, 1.7) 12
[17:26:15.925]: (1.0, 1.3, 1.7) 12
[17:26:15.940]: (0.9, 1.3, 1.7) 11
[17:26:15.957]: (0.9, 1.3, 1.7) 11
[17:26:15.975]: (0.9, 1.3, 1.7) 11
[17:26:15.992]: (0.9, 1.3, 1.7) 11
[17:26:16.009]: (0.9, 1.3, 1.7) 11
[17:26:16.026]: (0.9, 1.3, 1.7) 11
[17:26:16.043]: (0.9, 1.3, 1.7) 11
[17:26:16.059]: (0.9, 1.3, 1.7) 11
[17:26:16.078]: (0.9, 1.3, 1.7) 11
[17:26:16.095]: (0.9, 1.3, 1.7) 11
[17:26:16.112]: (0.9, 1.3, 1.7) 11
[17:26:16.129]: (0.9, 1.3, 1.7) 11
[17:26:16.145]: (0.9, 1.3, 1.7) 11
[17:26:16.165]: (0.9, 1.3, 1.7) 11
[17:26:16.186]: (0.9, 1.3, 1.7) 11
[17:26:16.298]: (1.0, 1.3, 1.7) 12
[17:26:16.365]: (1.0, 1.3, 1.7) 12
[17:26:16.386]: (0.9, 1.3, 1.7) 12
[17:26:16.409]: (0.9, 1.3, 1.7) 12
[17:26:16.431]: (1.0, 1.3, 1.7) 12
[17:26:16.498]: (0.9, 1.3, 1.7) 12
[17:26:16.521]: (0.9, 1.3, 1.7) 11
[17:26:16.564]: (1.0, 1.3, 1.7) 12
[17:26:16.580]: (0.9, 1.3, 1.7) 12
[17:26:16.598]: (0.9, 1.3, 1.7) 11
[17:26:16.615]: (0.9, 1.3, 1.7) 11
[17:26:16.633]: (0.9, 1.3, 1.7) 11
[17:26:16.649]: (0.9, 1.3, 1.7) 11
[17:26:16.665]: (0.9, 1.3, 1.7) 11
[17:26:16.683]: (0.9, 1.3, 1.7) 11
[17:26:16.699]: (0.9, 1.3, 1.7) 11
[17:26:16.715]: (0.9, 1.3, 1.7) 12
[17:26:16.732]: (0.9, 1.3, 1.7) 11
[17:26:16.748]: (0.9, 1.3, 1.7) 11
[17:26:16.765]: (0.9, 1.3, 1.7) 12
[17:26:16.781]: (0.9, 1.3, 1.7) 11
[17:26:16.797]: (0.9, 1.3, 1.7) 12
[17:26:16.813]: (0.9, 1.3, 1.7) 11
[17:26:16.829]: (0.9, 1.2, 1.7) 11
[17:26:16.845]: (0.9, 1.2, 1.7) 11
[17:26:16.861]: (0.9, 1.2, 1.7) 11
[17:26:16.879]: (0.9, 1.2, 1.7) 12
[17:26:16.896]: (0.9, 1.2, 1.7) 12
[17:26:16.913]: (1.0, 1.2, 1.7) 12
[17:26:16.929]: (0.9, 1.2, 1.7) 12
[17:26:16.945]: (0.9, 1.2, 1.7) 12
[17:26:16.961]: (1.0, 1.3, 1.7) 12
[17:26:16.976]: (0.9, 1.2, 1.7) 12
[17:26:16.994]: (0.9, 1.2, 1.7) 12
[17:26:17.027]: (1.0, 1.2, 1.7) 12
[17:26:17.043]: (1.0, 1.2, 1.7) 12
[17:26:17.132]: (1.0, 1.2, 1.7) 12
[17:26:17.152]: (0.9, 1.3, 1.7) 11
[17:26:17.175]: (0.8, 1.3, 1.7) 11
[17:26:17.197]: (0.9, 1.3, 1.7) 11
[17:26:17.219]: (0.8, 1.3, 1.7) 11
[17:26:17.241]: (0.8, 1.3, 1.7) 11
[17:26:17.264]: (0.8, 1.3, 1.7) 11
[17:26:17.286]: (0.8, 1.3, 1.7) 11
[17:26:17.330]: (0.8, 1.3, 1.7) 11
[17:26:17.352]: (0.8, 1.3, 1.7) 11
[17:26:17.375]: (0.8, 1.3, 1.7) 11
[17:26:17.397]: (0.8, 1.3, 1.7) 11
[17:26:17.420]: (0.8, 1.3, 1.7) 11
[17:26:17.441]: (0.8, 1.3, 1.7) 11
[17:26:17.463]: (0.8, 1.3, 1.7) 11
[17:26:17.479]: (0.8, 1.3, 1.7) 11
[17:26:17.496]: (0.8, 1.3, 1.7) 11
[17:26:17.513]: (0.8, 1.3, 1.7) 11
[17:26:17.530]: (0.8, 1.3, 1.7) 11
[17:26:17.547]: (0.9, 1.3, 1.7) 11
[17:26:17.564]: (0.9, 1.3, 1.7) 11
[17:26:17.581]: (0.9, 1.3, 1.7) 11
[17:26:17.598]: (0.9, 1.3, 1.7) 11
[17:26:17.631]: (0.9, 1.3, 1.7) 11
[17:26:17.647]: (1.0, 1.3, 1.7) 12
[17:26:17.665]: (1.0, 1.3, 1.7) 12
[17:26:17.681]: (1.0, 1.2, 1.7) 12
[17:26:17.698]: (0.9, 1.2, 1.7) 12
[17:26:17.714]: (1.0, 1.3, 1.7) 12
[17:26:17.732]: (0.9, 1.3, 1.7) 12
[17:26:17.749]: (1.0, 1.3, 1.7) 12
[17:26:17.766]: (0.9, 1.3, 1.7) 11
[17:26:17.782]: (0.9, 1.3, 1.7) 11
[17:26:17.799]: (0.9, 1.3, 1.7) 11
[17:26:17.816]: (0.9, 1.3, 1.7) 11
[17:26:17.849]: (0.9, 1.3, 1.7) 11
[17:26:17.865]: (0.9, 1.3, 1.7) 12
[17:26:17.882]: (0.9, 1.3, 1.7) 11
[17:26:17.898]: (0.9, 1.3, 1.7) 12
[17:26:17.915]: (0.9, 1.2, 1.7) 12
[17:26:17.932]: (0.9, 1.3, 1.7) 12
[17:26:17.953]: (0.9, 1.3, 1.7) 12
[17:26:17.975]: (1.0, 1.2, 1.7) 12
[17:26:17.997]: (0.9, 1.2, 1.7) 12
[17:26:18.085]: (0.9, 1.3, 1.7) 11
[17:26:18.109]: (0.9, 1.2, 1.7) 12
[17:26:18.131]: (0.9, 1.2, 1.7) 12
[17:26:18.153]: (0.9, 1.2, 1.7) 12
[17:26:18.174]: (0.9, 1.2, 1.7) 12
[17:26:18.197]: (0.9, 1.2, 1.7) 12
[17:26:18.220]: (0.9, 1.3, 1.7) 11
[17:26:18.241]: (1.0, 1.2, 1.7) 12
[17:26:18.265]: (0.9, 1.2, 1.7) 12
[17:26:18.285]: (0.9, 1.2, 1.7) 12
[17:26:18.330]: (0.9, 1.2, 1.7) 12
[17:26:18.346]: (0.9, 1.2, 1.7) 12
[17:26:18.364]: (0.9, 1.2, 1.7) 12
[17:26:18.380]: (0.9, 1.2, 1.7) 11
[17:26:18.398]: (0.9, 1.2, 1.7) 11
[17:26:18.415]: (0.9, 1.2, 1.7) 11
[17:26:18.431]: (0.9, 1.2, 1.7) 11
[17:26:18.447]: (0.9, 1.2, 1.7) 12
[17:26:18.464]: (0.9, 1.2, 1.7) 11
[17:26:18.479]: (0.9, 1.2, 1.7) 11
[17:26:18.496]: (0.9, 1.2, 1.7) 11
[17:26:18.512]: (0.9, 1.3, 1.7) 11
[17:26:18.530]: (0.9, 1.3, 1.7) 11
[17:26:18.546]: (0.9, 1.3, 1.7) 11
[17:26:18.562]: (0.9, 1.3, 1.7) 11
[17:26:18.578]: (0.9, 1.3, 1.7) 11
[17:26:18.596]: (0.9, 1.3, 1.7) 11
[17:26:18.613]: (0.9, 1.3, 1.7) 11
[17:26:18.630]: (0.9, 1.3, 1.7) 11
[17:26:18.648]: (0.9, 1.3, 1.7) 11
[17:26:18.664]: (0.9, 1.3, 1.7) 11
[17:26:18.679]: (0.9, 1.3, 1.7) 11
[17:26:18.695]: (0.9, 1.3, 1.7) 11
[17:26:18.711]: (0.9, 1.3, 1.7) 11
[17:26:19.007]: (-0.3, 1.5, 2.0) 17
[17:26:19.052]: (-0.3, 1.6, 2.0) 17
[17:26:19.074]: (-0.3, 1.6, 2.0) 17
[17:26:19.096]: (-0.3, 1.6, 2.0) 17
[17:26:19.187]: (-0.8, 1.5, 2.0) 16
[17:26:19.209]: (-0.7, 1.6, 2.0) 16
[17:26:19.231]: (-0.7, 1.6, 1.9) 16
[17:26:19.248]: (-0.7, 1.6, 1.9) 16
[17:26:19.266]: (-0.7, 1.6, 1.9) 16
[17:26:19.287]: (-0.7, 1.6, 1.9) 16
[17:26:19.304]: (-0.7, 1.6, 1.9) 16
[17:26:19.326]: (-0.7, 1.6, 1.9) 16
[17:26:19.343]: (-0.7, 1.6, 1.9) 16
[17:26:19.367]: (-0.7, 1.6, 1.9) 16
[17:26:19.383]: (-0.7, 1.6, 1.9) 16
[17:26:19.640]: (-0.8, 1.6, 2.1) 29
[17:26:19.661]: (-0.8, 1.6, 2.1) 29
[17:26:19.679]: (-0.8, 1.6, 2.1) 29
[17:26:19.767]: (-0.8, 1.6, 2.1) 29
[17:26:19.785]: (-0.8, 1.6, 2.1) 29
[17:26:19.808]: (-0.8, 1.6, 2.1) 29
[17:26:19.831]: (-0.8, 1.6, 2.1) 29
[17:26:19.852]: (-0.8, 1.6, 2.1) 29
[17:26:19.874]: (-0.8, 1.6, 2.1) 29
[17:26:19.897]: (-0.8, 1.6, 2.1) 29
[17:26:19.918]: (-0.8, 1.6, 2.1) 29
[17:26:19.941]: (-0.8, 1.6, 2.1) 29
[17:26:19.963]: (-0.8, 1.6, 2.1) 29
[17:26:19.987]: (-0.8, 1.6, 2.1) 29
[17:26:20.009]: (-0.8, 1.6, 2.1) 29
[17:26:20.031]: (-0.8, 1.6, 2.1) 29
[17:26:20.051]: (-0.8, 1.6, 2.1) 29
[17:26:20.074]: (-0.8, 1.6, 2.1) 29
[17:26:20.099]: (-0.8, 1.6, 2.1) 29
[17:26:20.120]: (-0.8, 1.6, 2.1) 29
[17:26:20.141]: (-0.8, 1.6, 2.1) 29
[17:26:20.163]: (-0.8, 1.6, 2.1) 29
[17:26:20.182]: (-0.8, 1.6, 2.1) 29
[17:26:20.199]: (-0.8, 1.6, 2.1) 29
[17:26:20.216]: (-0.8, 1.6, 2.1) 29
[17:26:20.233]: (-0.8, 1.6, 2.1) 29
[17:26:20.252]: (-0.8, 1.6, 2.1) 29
[17:26:20.271]: (-0.8, 1.6, 2.1) 29
[17:26:20.288]: (-0.8, 1.6, 2.1) 29
[17:26:20.305]: (-0.8, 1.6, 2.1) 29
[17:26:20.324]: (-0.8, 1.6, 2.1) 29
[17:26:20.342]: (-0.8, 1.6, 2.1) 29
[17:26:20.359]: (-0.8, 1.6, 2.1) 29
[17:26:20.376]: (-0.8, 1.6, 2.1) 29
[17:26:20.396]: (-0.8, 1.6, 2.1) 29
[17:26:20.416]: (-0.8, 1.6, 2.1) 29
[17:26:20.436]: (-0.8, 1.6, 2.1) 29
[17:26:20.454]: (-0.8, 1.6, 2.1) 29
[17:26:20.475]: (-0.8, 1.6, 2.1) 29
[17:26:20.494]: (-0.8, 1.6, 2.1) 29
[17:26:20.512]: (-0.8, 1.6, 2.1) 29
[17:26:20.529]: (-0.8, 1.6, 2.1) 29
[17:26:20.545]: (-0.8, 1.6, 2.1) 29
[17:26:20.561]: (-0.8, 1.6, 2.1) 29
[17:26:20.577]: (-0.8, 1.6, 2.1) 29
[17:26:20.595]: (-0.8, 1.6, 2.1) 29
[17:26:20.613]: (-0.8, 1.6, 2.1) 29
[17:26:20.632]: (-0.8, 1.6, 2.1) 29
[17:26:20.649]: (-0.8, 1.6, 2.1) 29
[17:26:20.665]: (-0.8, 1.6, 2.1) 29
[17:26:20.684]: (-0.8, 1.6, 2.1) 29
[17:26:20.707]: (-0.8, 1.6, 2.1) 29
[17:26:21.178]: (-0.3, 1.6, 2.0) 17
[17:26:21.225]: (0.1, 1.4, 1.9) 8
[17:26:21.242]: (0.1, 1.4, 1.9) 8
[17:26:21.258]: (0.1, 1.4, 1.8) 8
[17:26:21.274]: (0.1, 1.4, 1.9) 8
[17:26:21.291]: (0.1, 1.4, 1.8) 8
[17:26:21.307]: (0.1, 1.4, 1.9) 8
[17:26:21.325]: (0.1, 1.4, 1.9) 8
[17:26:21.341]: (0.1, 1.4, 1.8) 8
[17:26:21.360]: (0.1, 1.5, 1.9) 8
[17:26:21.393]: (0.1, 1.5, 1.9) 10
[17:26:21.409]: (0.1, 1.5, 2.0) 10
[17:26:21.427]: (0.1, 1.5, 1.9) 10
[17:26:21.494]: (0.8, 1.4, 2.1) 15
[17:26:21.511]: (0.8, 1.4, 2.1) 15
[17:26:21.527]: (0.8, 1.4, 2.1) 15
[17:26:21.557]: (0.8, 1.4, 2.1) 15
[17:26:21.574]: (0.8, 1.4, 2.1) 15
[17:26:21.589]: (0.8, 1.4, 2.1) 15
[17:26:21.607]: (0.8, 1.4, 2.1) 15
[17:26:21.629]: (0.8, 1.4, 2.1) 15
[17:26:21.651]: (0.8, 1.4, 2.1) 15
[17:26:21.673]: (0.8, 1.4, 2.1) 15
[17:26:21.718]: (0.9, 1.5, 2.3) 13
[17:26:21.740]: (0.8, 1.5, 2.1) 15
[17:26:21.762]: (0.8, 1.5, 2.1) 15
[17:26:21.783]: (0.8, 1.5, 2.1) 15
[17:26:21.806]: (0.8, 1.5, 2.1) 15
[17:26:21.828]: (0.8, 1.5, 2.1) 15
[17:26:21.850]: (0.8, 1.5, 2.1) 15
[17:26:21.874]: (0.8, 1.5, 2.1) 15
[17:26:21.895]: (0.8, 1.5, 2.1) 15
[17:26:22.211]: (0.2, 1.6, 2.3) 19
[17:26:22.838]: (0.8, 1.5, 2.1) 15
[17:26:22.862]: (0.8, 1.5, 2.2) 14
[17:26:22.880]: (0.8, 1.5, 2.2) 14
[17:26:22.897]: (0.8, 1.5, 2.2) 14
[17:26:22.913]: (0.8, 1.5, 2.2) 14
[17:26:22.930]: (0.8, 1.5, 2.2) 14
[17:26:22.947]: (0.8, 1.5, 2.2) 14
[17:26:22.962]: (0.8, 1.5, 2.2) 14
[17:26:22.979]: (0.8, 1.5, 2.1) 15
[17:26:22.996]: (0.8, 1.5, 2.2) 14
[17:26:23.014]: (0.8, 1.5, 2.1) 15
[17:26:23.032]: (0.8, 1.5, 2.1) 15
[17:26:23.047]: (0.7, 1.5, 2.1) 15
[17:26:23.080]: (0.9, 1.5, 2.3) 13
[17:26:23.097]: (0.9, 1.5, 2.3) 13
[17:26:23.115]: (0.9, 1.5, 2.3) 13
[17:26:23.133]: (0.9, 1.5, 2.3) 13
[17:26:23.151]: (0.9, 1.5, 2.3) 13
[17:26:23.167]: (0.9, 1.5, 2.3) 13
[17:26:23.184]: (0.9, 1.5, 2.3) 13
[17:26:23.202]: (0.8, 1.5, 2.1) 15
[17:26:23.220]: (0.8, 1.5, 2.1) 15
[17:26:23.236]: (0.8, 1.5, 2.1) 15
[17:26:23.252]: (0.8, 1.5, 2.1) 15
[17:26:23.268]: (0.8, 1.5, 2.1) 15
[17:26:23.285]: (0.8, 1.5, 2.1) 15
[17:26:23.305]: (0.8, 1.5, 2.1) 15
[17:26:23.328]: (0.8, 1.5, 2.1) 15
[17:26:23.349]: (0.8, 1.5, 2.1) 15
[17:26:23.372]: (0.8, 1.5, 2.1) 15
[17:26:23.394]: (0.7, 1.5, 2.1) 15
[17:26:23.417]: (0.2, 1.4, 1.9) 9
[17:26:23.438]: (0.2, 1.4, 1.9) 9
[17:26:23.461]: (0.2, 1.4, 1.8) 8
[17:26:23.485]: (0.2, 1.4, 1.8) 8
[17:26:23.505]: (0.2, 1.4, 1.8) 8
[17:26:23.529]: (0.2, 1.4, 1.8) 8
[17:26:23.549]: (0.2, 1.4, 1.8) 8
[17:26:23.572]: (0.1, 1.4, 1.8) 8
[17:26:23.595]: (0.1, 1.4, 1.8) 8
[17:26:23.615]: (0.1, 1.4, 1.8) 8
[17:26:23.639]: (0.1, 1.4, 1.8) 8
[17:26:23.661]: (0.1, 1.4, 1.8) 8
[17:26:23.684]: (0.1, 1.4, 1.8) 8
[17:26:23.729]: (-0.3, 1.5, 2.1) 17
[17:26:24.066]: (-0.3, 1.5, 2.0) 17
[17:26:24.082]: (-0.3, 1.5, 2.0) 17
[17:26:24.099]: (-0.3, 1.5, 2.0) 17
[17:26:24.116]: (-0.3, 1.5, 2.0) 17
[17:26:24.132]: (-0.3, 1.5, 2.0) 17
[17:26:24.148]: (-0.3, 1.5, 2.1) 17
[17:26:24.165]: (-0.3, 1.5, 2.0) 17
[17:26:24.182]: (-0.5, 1.4, 1.9) 18
[17:26:24.430]: (-0.7, 1.3, 1.4) 6
[17:26:24.448]: (-0.7, 1.3, 1.4) 6
[17:26:24.472]: (-0.7, 1.2, 1.4) 6
[17:26:24.494]: (-0.7, 1.2, 1.4) 6
[17:26:24.516]: (-0.7, 1.2, 1.5) 6
[17:26:24.680]: (0.2, 1.4, 1.9) 9
[17:26:24.746]: (0.9, 1.3, 1.7) 11
[17:26:24.766]: (0.9, 1.3, 1.7) 11
[17:26:24.783]: (1.0, 1.3, 1.7) 12
[17:26:24.799]: (1.0, 1.3, 1.7) 12
[17:26:24.831]: (1.0, 1.3, 1.7) 12
[17:26:24.846]: (0.9, 1.3, 1.7) 11
[17:26:24.862]: (0.9, 1.3, 1.7) 12
[17:26:24.879]: (1.0, 1.3, 1.7) 12
[17:26:25.205]: (0.9, 1.3, 1.7) 11
[17:26:25.229]: (0.9, 1.3, 1.7) 11
[17:26:25.250]: (0.9, 1.3, 1.7) 11
[17:26:25.271]: (0.9, 1.3, 1.7) 11
[17:26:25.294]: (0.9, 1.3, 1.7) 11
[17:26:25.316]: (0.9, 1.3, 1.7) 11
[17:26:25.383]: (0.5, 1.6, 2.3) 20
[17:26:26.039]: (-0.2, 1.5, 2.1) 17
[17:26:26.372]: (-0.5, 1.4, 1.5) 7
[17:26:27.205]: (-0.9, 1.5, 2.1) 29
[17:26:27.279]: (-0.3, 1.6, 2.0) 17
[17:26:27.803]: (0.5, 1.6, 2.4) 20
[17:26:28.349]: (0.8, 1.4, 2.1) 15
[17:26:28.366]: (0.7, 1.4, 2.1) 15
[17:26:28.659]: (0.2, 1.4, 1.9) 9
[17:26:28.704]: (0.1, 1.3, 1.6) 4
[17:26:28.771]: (0.1, 1.3, 1.6) 4
[17:26:28.792]: (0.1, 1.3, 1.6) 4
[17:26:28.860]: (0.1, 1.4, 1.8) 8
[17:26:28.926]: (0.1, 1.3, 1.6) 4
[17:26:28.948]: (0.1, 1.3, 1.9) 8
[17:26:28.970]: (0.1, 1.4, 1.9) 8
[17:26:28.991]: (0.1, 1.3, 1.9) 8
[17:26:29.263]: (0.2, 1.4, 1.8) 8
[17:26:29.294]: (0.2, 1.6, 2.3) 19
[17:26:29.310]: (0.2, 1.6, 2.3) 19
[17:26:29.327]: (0.2, 1.6, 2.4) 19
[17:26:29.358]: (0.3, 1.6, 2.3) 19
[17:26:29.375]: (0.2, 1.6, 2.3) 19
[17:26:29.392]: (0.2, 1.6, 2.3) 19
[17:26:29.437]: (0.2, 1.6, 2.3) 19
[17:26:29.454]: (0.2, 1.6, 2.3) 19
[17:26:29.471]: (0.2, 1.6, 2.3) 19
[17:26:29.488]: (0.2, 1.6, 2.3) 19
[17:26:29.504]: (0.2, 1.6, 2.3) 19
[17:26:29.526]: (0.2, 1.6, 2.3) 19
[17:26:30.658]: (-0.6, 1.3, 1.6) 5
[17:26:30.785]: (-0.7, 1.2, 1.4) 6
[17:26:30.803]: (-0.7, 1.2, 1.4) 6
[17:26:30.818]: (-0.7, 1.3, 1.4) 6
[17:26:30.834]: (-0.7, 1.3, 1.4) 6
[17:26:30.851]: (-0.7, 1.3, 1.4) 6
[17:26:30.867]: (-0.7, 1.3, 1.4) 6
[17:26:30.885]: (-0.7, 1.3, 1.4) 6
[17:26:30.917]: (-0.7, 1.3, 1.4) 6
[17:26:30.935]: (-0.7, 1.3, 1.4) 6
[17:26:30.952]: (-0.7, 1.3, 1.4) 6
[17:26:30.968]: (-0.7, 1.3, 1.4) 6
[17:26:30.984]: (-0.7, 1.3, 1.4) 6
[17:26:31.001]: (-0.7, 1.3, 1.4) 6
[17:26:31.017]: (-0.7, 1.3, 1.4) 6
[17:26:31.033]: (-0.7, 1.3, 1.4) 6
[17:26:31.051]: (-0.7, 1.3, 1.4) 6
[17:26:31.068]: (-0.7, 1.3, 1.4) 6
[17:26:31.084]: (-0.7, 1.3, 1.4) 6
[17:26:31.100]: (-0.7, 1.3, 1.4) 6
[17:26:31.115]: (-0.7, 1.3, 1.4) 6
[17:26:31.133]: (-0.7, 1.3, 1.4) 6
[17:26:31.148]: (-0.7, 1.3, 1.4) 6
[17:26:31.166]: (-0.7, 1.3, 1.4) 6
[17:26:31.182]: (-0.7, 1.2, 1.4) 6
[17:26:31.202]: (-0.7, 1.2, 1.4) 6
[17:26:31.225]: (-0.7, 1.2, 1.4) 6
[17:26:31.247]: (-0.7, 1.2, 1.4) 6
[17:26:31.269]: (-0.7, 1.2, 1.4) 6
[17:26:31.291]: (-0.7, 1.2, 1.4) 6
[17:26:31.314]: (-0.7, 1.3, 1.4) 6
[17:26:31.336]: (-0.7, 1.3, 1.4) 6
[17:26:31.357]: (-0.7, 1.3, 1.4) 6
[17:26:31.382]: (-0.7, 1.3, 1.4) 6
[17:26:31.402]: (-0.7, 1.3, 1.4) 6
[17:26:31.425]: (-0.7, 1.2, 1.4) 6
[17:26:31.448]: (-0.7, 1.2, 1.4) 6
[17:26:31.855]: (-0.7, 1.2, 1.4) 6
[17:26:31.873]: (-0.7, 1.2, 1.4) 6
[17:26:31.890]: (-0.7, 1.3, 1.4) 6
[17:26:31.907]: (-0.7, 1.3, 1.4) 6
[17:26:31.923]: (-0.7, 1.2, 1.4) 6
[17:26:31.938]: (-0.7, 1.3, 1.4) 6
[17:26:31.955]: (-0.7, 1.3, 1.4) 6
[17:26:31.970]: (-0.7, 1.3, 1.4) 6
[17:26:31.986]: (-0.7, 1.2, 1.4) 6
[17:26:32.002]: (-0.7, 1.2, 1.4) 6
[17:26:32.021]: (-0.7, 1.2, 1.4) 6
[17:26:32.037]: (-0.7, 1.2, 1.4) 6
[17:26:32.054]: (-0.7, 1.2, 1.4) 6
[17:26:32.070]: (-0.7, 1.2, 1.4) 6
[17:26:32.087]: (-0.7, 1.2, 1.4) 6
[17:26:32.103]: (-0.7, 1.2, 1.4) 6
[17:26:32.119]: (-0.7, 1.2, 1.4) 6
[17:26:32.135]: (-0.7, 1.2, 1.4) 6
[17:26:32.157]: (-0.7, 1.2, 1.4) 6
[17:26:32.181]: (-0.7, 1.2, 1.4) 6
[17:26:32.203]: (-0.7, 1.2, 1.4) 6
[17:26:32.225]: (-0.7, 1.2, 1.4) 6
[17:26:32.270]: (-0.7, 1.2, 1.4) 6
[17:26:32.644]: (-0.7, 1.3, 1.4) 6
[17:26:33.146]: (-0.7, 1.3, 1.4) 6
[17:26:33.235]: (-0.5, 1.4, 1.9) 18
[17:26:33.258]: (-0.5, 1.4, 1.9) 18
[17:26:33.279]: (-0.5, 1.4, 1.9) 18
[17:26:33.302]: (-0.5, 1.4, 1.9) 18
[17:26:33.324]: (-0.5, 1.4, 1.9) 18
[17:26:33.346]: (-0.5, 1.4, 1.9) 18
[17:26:33.370]: (-0.5, 1.4, 1.9) 18
[17:26:33.391]: (-0.5, 1.4, 1.9) 18
[17:26:33.414]: (-0.5, 1.4, 1.9) 18
[17:26:33.431]: (-0.5, 1.4, 1.9) 18
[17:26:33.448]: (-0.5, 1.4, 1.9) 18
[17:26:33.757]: (-0.2, 1.5, 2.1) 17
[17:26:33.924]: (-0.6, 1.5, 1.5) 7
[17:26:35.757]: (-0.9, 1.5, 2.1) 29
[17:26:35.779]: (-0.9, 1.5, 2.1) 29
[17:26:36.137]: (-0.9, 1.5, 2.1) 29
[17:26:36.155]: (-0.9, 1.5, 2.1) 29
[17:26:36.172]: (-0.9, 1.6, 2.1) 29
[17:26:36.192]: (-0.9, 1.5, 2.1) 29
[17:26:36.265]: (-0.9, 1.6, 2.1) 29
[17:26:39.101]: (-0.6, 1.4, 1.5) 7
[17:26:39.122]: (-0.5, 1.4, 1.5) 7
[17:26:39.166]: (-0.5, 1.4, 1.6) 5
[17:26:39.188]: (-0.5, 1.4, 1.6) 5
[17:26:39.210]: (-0.5, 1.4, 1.6) 5
[17:26:39.233]: (-0.5, 1.4, 1.6) 5
[17:26:39.277]: (-0.5, 1.4, 1.6) 5
[17:26:39.299]: (-0.5, 1.4, 1.6) 5
[17:26:39.343]: (-0.5, 1.4, 1.9) 18
[17:26:39.477]: (-0.5, 1.4, 1.9) 18
[17:26:39.544]: (-0.5, 1.4, 1.9) 18
[17:26:39.566]: (-0.5, 1.4, 1.9) 18
[17:26:39.581]: (-0.5, 1.4, 1.9) 18
[17:26:39.598]: (-0.5, 1.4, 1.9) 18
[17:26:39.630]: (-0.5, 1.4, 1.5) 7
[17:26:39.646]: (-0.6, 1.4, 1.5) 7
[17:26:40.265]: (-0.5, 1.2, 1.2) 1
[17:26:40.309]: (-0.5, 1.2, 1.2) 1
[17:26:40.332]: (-0.5, 1.2, 1.2) 1
[17:26:40.354]: (-0.5, 1.2, 1.2) 1
[17:26:40.421]: (-0.5, 1.2, 1.2) 1
[17:26:40.898]: (-0.4, 1.4, 1.9) 18
[17:26:40.920]: (-0.4, 1.4, 1.9) 18
[17:26:40.943]: (-0.4, 1.4, 1.9) 18
[17:26:41.031]: (-0.4, 1.4, 1.9) 18
[17:26:41.055]: (-0.4, 1.4, 1.9) 18
[17:26:41.076]: (-0.4, 1.4, 1.9) 18
[17:26:41.098]: (-0.4, 1.4, 1.9) 18
[17:26:41.121]: (-0.4, 1.4, 1.9) 18
[17:26:41.145]: (-0.4, 1.4, 1.9) 18
[17:26:41.165]: (-0.4, 1.4, 1.9) 18
[17:26:41.187]: (-0.4, 1.4, 1.9) 18
[17:26:41.210]: (-0.4, 1.4, 1.9) 18
[17:26:41.516]: (-0.4, 1.5, 1.9) 18
[17:26:41.533]: (-0.5, 1.5, 1.5) 7
[17:26:41.550]: (-0.7, 1.5, 1.9) 16
[17:26:41.567]: (-0.7, 1.5, 1.9) 16
[17:26:41.585]: (-0.7, 1.5, 1.9) 16
[17:26:41.601]: (-0.7, 1.5, 1.9) 16
[17:26:41.618]: (-0.7, 1.5, 2.0) 16
[17:26:41.636]: (-0.7, 1.5, 1.9) 16
[17:26:41.653]: (-0.7, 1.5, 1.9) 16
[17:26:41.668]: (-0.7, 1.5, 1.9) 16
[17:26:41.699]: (-0.7, 1.5, 1.9) 16
[17:26:41.765]: (-0.7, 1.5, 1.9) 16
[17:26:41.788]: (-0.8, 1.5, 2.0) 16
[17:26:41.810]: (-0.7, 1.5, 1.9) 16
[17:26:41.833]: (-0.7, 1.5, 1.9) 16
[17:26:41.853]: (-0.7, 1.5, 1.9) 16
[17:26:41.876]: (-0.4, 1.5, 1.9) 18
[17:26:42.276]: (-0.5, 1.5, 1.9) 18
[17:26:42.291]: (-0.7, 1.5, 1.9) 16
[17:26:42.307]: (-0.7, 1.5, 1.9) 16
[17:26:42.324]: (-0.7, 1.6, 1.9) 16
[17:26:42.340]: (-0.7, 1.5, 1.9) 16
[17:26:42.355]: (-0.7, 1.5, 1.9) 16
[17:26:42.371]: (-0.7, 1.5, 1.9) 16
[17:26:42.388]: (-0.7, 1.5, 1.9) 16
[17:26:42.403]: (-0.7, 1.5, 1.9) 16
[17:26:42.419]: (-0.7, 1.5, 1.9) 16
[17:26:42.435]: (-0.7, 1.5, 1.9) 16
[17:26:42.452]: (-0.7, 1.5, 1.9) 16
[17:26:42.467]: (-0.7, 1.5, 1.9) 16
[17:26:42.484]: (-0.7, 1.5, 1.9) 16
[17:26:42.501]: (-0.7, 1.5, 1.9) 16
[17:26:42.518]: (-0.7, 1.5, 1.9) 16
[17:26:42.533]: (-0.7, 1.5, 1.9) 16
[17:26:42.744]: (-0.7, 1.5, 1.9) 16
[17:26:42.898]: (-0.7, 1.5, 2.0) 16
[17:26:42.919]: (-0.7, 1.5, 2.0) 16
[17:26:42.942]: (-0.6, 1.5, 1.5) 7
[17:26:42.964]: (-0.6, 1.5, 1.5) 7
[17:26:42.987]: (-0.7, 1.5, 2.0) 16
[17:26:43.008]: (-0.7, 1.5, 1.9) 16
[17:26:43.031]: (-0.7, 1.5, 1.9) 16
[17:26:43.048]: (-0.7, 1.5, 1.9) 16
[17:26:43.064]: (-0.7, 1.5, 1.9) 16
[17:26:43.080]: (-0.7, 1.5, 1.9) 16
[17:26:43.098]: (-0.6, 1.5, 1.5) 7
[17:26:43.129]: (-0.7, 1.5, 2.0) 16
[17:26:43.145]: (-0.7, 1.5, 2.0) 16
[17:26:43.162]: (-0.6, 1.5, 1.5) 7
[17:26:43.178]: (-0.6, 1.5, 1.5) 7
[17:26:43.195]: (-0.6, 1.5, 1.5) 7
[17:26:43.226]: (-0.7, 1.5, 2.0) 16
[17:26:43.243]: (-0.7, 1.5, 2.0) 16
[17:26:43.259]: (-0.7, 1.5, 2.0) 16
[17:26:43.275]: (-0.7, 1.5, 2.0) 16
[17:26:43.293]: (-0.6, 1.5, 1.5) 7
[17:26:43.309]: (-0.6, 1.5, 1.5) 7
[17:26:43.325]: (-0.5, 1.5, 1.5) 7
[17:26:43.342]: (-0.4, 1.5, 1.9) 18
[17:26:43.358]: (-0.4, 1.5, 1.9) 18
[17:26:43.376]: (-0.4, 1.5, 1.9) 18
[17:26:43.392]: (-0.4, 1.5, 1.9) 18
[17:26:43.408]: (-0.4, 1.5, 1.9) 18
[17:26:43.424]: (-0.4, 1.5, 1.9) 18
[17:26:43.442]: (-0.4, 1.4, 1.9) 18
[17:26:43.457]: (-0.4, 1.5, 1.9) 18
[17:26:43.474]: (-0.4, 1.5, 1.9) 18
[17:26:43.490]: (-0.4, 1.5, 1.9) 18
[17:26:43.508]: (-0.4, 1.5, 1.9) 18
[17:26:43.532]: (-0.4, 1.5, 1.9) 18
[17:26:43.552]: (-0.4, 1.5, 1.9) 18
[17:26:43.576]: (-0.4, 1.4, 1.9) 18
[17:26:43.597]: (-0.4, 1.4, 1.9) 18
[17:26:43.619]: (-0.4, 1.4, 1.9) 18
[17:26:43.644]: (-0.4, 1.4, 1.9) 18
[17:26:43.664]: (-0.4, 1.5, 1.9) 18
[17:26:43.686]: (-0.4, 1.5, 1.9) 18
[17:26:43.708]: (-0.5, 1.4, 1.5) 7
[17:26:43.731]: (-0.6, 1.4, 1.5) 7
[17:26:43.775]: (-0.7, 1.5, 2.0) 16
[17:26:43.797]: (-0.6, 1.4, 1.5) 7
[17:26:43.987]: (-0.6, 1.5, 1.5) 7
[17:26:44.003]: (-0.6, 1.5, 1.5) 7
[17:26:44.051]: (-0.6, 1.4, 1.5) 7
[17:26:44.288]: (-0.5, 1.4, 1.5) 7
[17:26:44.305]: (-0.4, 1.5, 1.9) 18
[17:26:44.977]: (-0.3, 1.2, 1.3) 0
[17:26:44.994]: (-0.3, 1.2, 1.3) 0
[17:26:45.552]: (-0.4, 1.4, 1.9) 18
[17:26:45.574]: (-0.5, 1.4, 1.9) 18
[17:26:45.596]: (-0.5, 1.4, 1.9) 18
[17:26:45.619]: (-0.5, 1.4, 1.9) 18
[17:26:45.641]: (-0.5, 1.4, 1.9) 18
[17:26:45.657]: (-0.5, 1.4, 1.9) 18
[17:26:45.673]: (-0.5, 1.4, 1.9) 18
[17:26:45.689]: (-0.5, 1.5, 1.9) 18
[17:26:45.707]: (-0.5, 1.5, 1.9) 18
[17:26:45.724]: (-0.5, 1.5, 1.9) 18
[17:26:45.741]: (-0.5, 1.5, 1.9) 18
[17:26:45.756]: (-0.4, 1.5, 1.9) 18
[17:26:45.773]: (-0.4, 1.4, 1.9) 18
[17:26:45.789]: (-0.4, 1.5, 1.9) 18
[17:26:45.805]: (-0.4, 1.5, 1.9) 18
[17:26:45.821]: (-0.4, 1.5, 1.9) 18
[17:26:45.838]: (-0.4, 1.5, 1.9) 18
[17:26:45.854]: (-0.4, 1.5, 1.9) 18
[17:26:45.888]: (-0.3, 1.5, 2.1) 17
[17:26:45.904]: (-0.3, 1.5, 2.1) 17
[17:26:46.429]: (-0.3, 1.3, 1.3) 0
[17:26:46.452]: (-0.3, 1.2, 1.3) 0
[17:26:46.473]: (-0.3, 1.2, 1.3) 0
[17:26:47.941]: (-0.5, 1.5, 1.9) 18
[17:26:47.962]: (-0.5, 1.4, 1.9) 18
[17:26:47.984]: (-0.5, 1.5, 1.9) 18
[17:26:48.030]: (-0.5, 1.5, 1.9) 18
[17:26:48.051]: (-0.5, 1.5, 1.9) 18
[17:26:48.073]: (-0.5, 1.5, 1.9) 18
[17:26:48.162]: (-0.5, 1.5, 1.5) 7
[17:26:48.252]: (-0.5, 1.5, 1.5) 7
[17:26:48.274]: (-0.5, 1.5, 1.5) 7
[17:26:48.379]: (-0.5, 1.5, 1.9) 18
[17:26:48.397]: (-0.5, 1.5, 1.9) 18
[17:26:48.414]: (-0.5, 1.5, 1.9) 18
[17:26:48.430]: (-0.6, 1.4, 1.5) 5
[17:26:48.447]: (-0.6, 1.4, 1.5) 5
[17:26:48.465]: (-0.6, 1.4, 1.5) 5
[17:26:48.481]: (-0.6, 1.4, 1.5) 5
[17:26:48.499]: (-0.6, 1.4, 1.5) 5
[17:26:48.516]: (-0.6, 1.3, 1.5) 5
[17:26:48.532]: (-0.6, 1.3, 1.5) 5
[17:26:48.549]: (-0.6, 1.3, 1.5) 5
[17:26:48.565]: (-0.6, 1.3, 1.5) 5
[17:26:48.581]: (-0.6, 1.3, 1.5) 5
[17:26:48.597]: (-0.6, 1.3, 1.5) 5
[17:26:48.614]: (-0.6, 1.3, 1.5) 5
[17:26:48.630]: (-0.6, 1.3, 1.5) 5
[17:26:48.647]: (-0.6, 1.3, 1.5) 5
[17:26:48.664]: (-0.6, 1.3, 1.5) 5
[17:26:48.681]: (-0.6, 1.3, 1.5) 5
[17:26:48.697]: (-0.6, 1.3, 1.5) 5
[17:26:48.713]: (-0.6, 1.3, 1.5) 5
[17:26:48.729]: (-0.6, 1.3, 1.5) 5
[17:26:48.752]: (-0.6, 1.3, 1.5) 5
[17:26:48.773]: (-0.6, 1.3, 1.5) 5
[17:26:48.795]: (-0.6, 1.3, 1.5) 5
[17:26:48.818]: (-0.6, 1.3, 1.5) 5
[17:26:48.841]: (-0.6, 1.3, 1.5) 5
[17:26:48.862]: (-0.6, 1.3, 1.5) 5
[17:26:48.886]: (-0.6, 1.3, 1.5) 5
[17:26:48.908]: (-0.6, 1.3, 1.5) 5
[17:26:48.930]: (-0.6, 1.3, 1.5) 5
[17:26:48.952]: (-0.6, 1.3, 1.5) 5
[17:26:48.973]: (-0.6, 1.3, 1.5) 5
[17:26:48.996]: (-0.6, 1.4, 1.5) 5
[17:26:49.020]: (-0.6, 1.4, 1.5) 5
[17:26:49.040]: (-0.6, 1.4, 1.5) 5
[17:26:49.062]: (-0.6, 1.4, 1.5) 5
[17:26:49.084]: (-0.6, 1.4, 1.5) 5
[17:26:49.107]: (-0.6, 1.4, 1.5) 5
[17:26:49.129]: (-0.6, 1.3, 1.5) 5
[17:26:49.152]: (-0.6, 1.3, 1.5) 5
[17:26:49.173]: (-0.6, 1.3, 1.5) 5
[17:26:49.196]: (-0.5, 1.4, 1.9) 18
[17:26:49.962]: (-0.4, 1.4, 1.9) 18
[17:26:49.985]: (-0.4, 1.5, 1.9) 18
[17:26:50.006]: (-0.4, 1.5, 1.9) 18
[17:26:50.029]: (-0.4, 1.5, 1.9) 18
[17:26:50.052]: (-0.4, 1.5, 1.9) 18
[17:26:50.070]: (-0.4, 1.5, 1.9) 18
[17:26:50.086]: (-0.5, 1.5, 1.9) 18
[17:26:50.102]: (-0.5, 1.5, 1.9) 18
[17:26:50.120]: (-0.5, 1.5, 1.9) 18
[17:26:50.137]: (-0.5, 1.5, 1.9) 18
[17:26:50.154]: (-0.5, 1.5, 1.9) 18
[17:26:50.170]: (-0.5, 1.5, 1.9) 18
[17:26:50.186]: (-0.5, 1.5, 1.9) 18
[17:26:50.203]: (-0.5, 1.5, 1.9) 18
[17:26:50.220]: (-0.5, 1.5, 1.9) 18
[17:26:50.237]: (-0.5, 1.5, 1.9) 18
[17:26:50.253]: (-0.5, 1.5, 1.9) 18
[17:26:50.269]: (-0.5, 1.5, 1.9) 18
[17:26:50.286]: (-0.5, 1.5, 1.9) 18
[17:26:50.303]: (-0.5, 1.5, 1.9) 18
[17:26:50.321]: (-0.5, 1.5, 1.9) 18
[17:26:50.337]: (-0.5, 1.5, 1.9) 18
[17:26:50.354]: (-0.5, 1.5, 1.9) 18
[17:26:50.375]: (-0.5, 1.5, 1.9) 18
[17:26:50.393]: (-0.5, 1.5, 1.9) 18
[17:26:50.410]: (-0.5, 1.4, 1.9) 18
[17:26:50.427]: (-0.5, 1.4, 1.9) 18
[17:26:50.695]: (-0.4, 1.5, 1.9) 18
[17:26:50.784]: (-0.4, 1.5, 1.9) 18
[17:26:50.829]: (-0.4, 1.5, 1.9) 18
[17:26:50.851]: (-0.4, 1.5, 1.9) 18
[17:26:50.872]: (-0.4, 1.4, 1.9) 18
[17:26:51.384]: (-0.5, 1.4, 1.5) 5
[17:26:51.409]: (-0.5, 1.4, 1.5) 7
[17:26:51.430]: (-0.5, 1.4, 1.5) 7
[17:26:51.452]: (-0.5, 1.4, 1.5) 7
[17:26:51.477]: (-0.5, 1.4, 1.5) 7
[17:26:51.498]: (-0.5, 1.4, 1.5) 7
[17:26:51.518]: (-0.5, 1.4, 1.6) 7
[17:26:51.561]: (-0.5, 1.4, 1.5) 7
[17:26:51.585]: (-0.5, 1.4, 1.6) 5
[17:26:51.607]: (-0.5, 1.4, 1.6) 5
[17:26:51.628]: (-0.5, 1.4, 1.6) 5
[17:26:51.651]: (-0.5, 1.4, 1.5) 5
[17:26:51.672]: (-0.5, 1.4, 1.5) 5
[17:26:51.720]: (-0.5, 1.4, 1.6) 5
[17:26:51.739]: (-0.5, 1.4, 1.6) 5
[17:26:51.763]: (-0.5, 1.4, 1.6) 5
[17:26:51.784]: (-0.5, 1.4, 1.5) 5
[17:26:51.805]: (-0.5, 1.4, 1.5) 5
[17:26:51.830]: (-0.5, 1.4, 1.6) 7
[17:26:51.868]: (-0.5, 1.4, 1.5) 7
[17:26:51.971]: (-0.5, 1.4, 1.6) 7
[17:26:51.988]: (-0.5, 1.4, 1.5) 7
[17:26:52.009]: (-0.5, 1.4, 1.5) 7
[17:26:52.026]: (-0.5, 1.4, 1.5) 7
[17:26:52.044]: (-0.5, 1.4, 1.5) 7
[17:26:52.063]: (-0.5, 1.4, 1.5) 7
[17:26:52.079]: (-0.5, 1.4, 1.5) 7
[17:26:52.098]: (-0.6, 1.3, 1.5) 5
[17:26:52.483]: (-0.7, 1.3, 1.5) 6
[17:26:52.766]: (-0.5, 1.4, 1.9) 18
[17:26:52.784]: (-0.5, 1.4, 1.9) 18
[17:26:52.800]: (-0.5, 1.4, 1.9) 18
[17:26:52.817]: (-0.5, 1.4, 1.9) 18
[17:26:52.833]: (-0.5, 1.4, 1.9) 18
[17:26:52.850]: (-0.5, 1.4, 1.9) 18
[17:26:52.866]: (-0.5, 1.4, 1.9) 18
[17:26:52.885]: (-0.5, 1.4, 1.9) 18
[17:26:52.901]: (-0.5, 1.4, 1.9) 18
[17:26:52.917]: (-0.5, 1.4, 1.9) 18
[17:26:52.934]: (-0.5, 1.4, 1.9) 18
[17:26:52.952]: (-0.5, 1.4, 1.9) 18
[17:26:52.969]: (-0.4, 1.4, 1.9) 18
[17:26:52.987]: (-0.4, 1.4, 1.9) 18
[17:26:53.006]: (-0.4, 1.4, 1.9) 18
[17:26:53.022]: (-0.5, 1.4, 1.9) 18
[17:26:53.039]: (-0.5, 1.4, 1.9) 18
[17:26:53.056]: (-0.5, 1.4, 1.9) 18
[17:26:53.071]: (-0.4, 1.4, 1.9) 18
[17:26:53.087]: (-0.4, 1.4, 1.9) 18
[17:26:53.102]: (-0.4, 1.4, 1.9) 18
[17:26:53.120]: (-0.4, 1.4, 1.9) 18
[17:26:53.137]: (-0.4, 1.4, 1.9) 18
[17:26:53.153]: (-0.4, 1.4, 1.9) 18
[17:26:53.170]: (-0.4, 1.4, 1.9) 18
[17:26:53.186]: (-0.4, 1.4, 1.9) 18
[17:26:53.202]: (-0.4, 1.4, 1.9) 18
[17:26:53.219]: (-0.4, 1.4, 1.9) 18
[17:26:53.237]: (-0.4, 1.5, 1.9) 18
[17:26:53.261]: (-0.4, 1.5, 1.9) 18
[17:26:53.284]: (-0.4, 1.5, 1.9) 18
[17:26:53.306]: (-0.4, 1.5, 1.9) 18
[17:26:53.549]: (-0.2, 1.5, 2.1) 17
[17:26:53.930]: (0.5, 1.6, 2.4) 20
[17:26:53.994]: (0.5, 1.5, 2.3) 20
[17:26:54.013]: (0.5, 1.5, 2.4) 20
[17:26:54.034]: (0.5, 1.5, 2.3) 20
[17:26:54.053]: (0.5, 1.5, 2.3) 20
[17:26:54.071]: (0.5, 1.5, 2.3) 20
[17:26:54.116]: (0.8, 1.5, 2.1) 15
[17:26:54.138]: (0.8, 1.5, 2.1) 15
[17:26:54.161]: (0.8, 1.5, 2.1) 15
[17:26:54.182]: (0.8, 1.5, 2.1) 15
[17:26:54.204]: (0.8, 1.5, 2.2) 14
[17:26:54.227]: (0.8, 1.5, 2.2) 14
[17:26:54.249]: (0.8, 1.5, 2.2) 14
[17:26:54.579]: (0.2, 1.4, 1.9) 8
[17:26:54.627]: (0.1, 1.4, 1.9) 8
[17:26:54.676]: (0.1, 1.4, 1.9) 8
[17:26:55.493]: (0.1, 1.4, 1.8) 8
[17:26:55.509]: (0.2, 1.4, 1.9) 9
[17:26:55.527]: (0.2, 1.4, 1.9) 9
[17:26:55.546]: (0.2, 1.4, 1.9) 9
[17:26:55.562]: (0.3, 1.4, 1.9) 9
[17:26:55.579]: (0.3, 1.4, 1.9) 9
[17:26:55.594]: (0.2, 1.4, 1.9) 9
[17:26:55.611]: (0.2, 1.4, 1.9) 9
[17:26:55.627]: (0.2, 1.4, 1.9) 9
[17:26:55.645]: (0.2, 1.4, 1.9) 9
[17:26:55.660]: (0.2, 1.4, 1.9) 9
[17:26:55.676]: (0.2, 1.4, 1.9) 9
[17:26:55.691]: (0.2, 1.4, 1.9) 9
[17:26:55.709]: (0.2, 1.4, 1.9) 9
[17:26:55.724]: (0.2, 1.4, 1.9) 9
[17:26:55.739]: (0.2, 1.4, 1.9) 9
[17:26:55.755]: (0.2, 1.4, 1.9) 9
[17:26:55.771]: (0.2, 1.4, 1.9) 9
[17:26:55.787]: (0.2, 1.4, 1.9) 9
[17:26:55.803]: (0.2, 1.4, 1.9) 9
[17:26:55.818]: (0.2, 1.4, 1.9) 9
[17:26:55.835]: (0.2, 1.4, 1.9) 9
[17:26:55.852]: (0.2, 1.4, 1.9) 9
[17:26:55.871]: (0.2, 1.4, 1.9) 9
[17:26:55.893]: (0.2, 1.4, 1.9) 9
[17:26:55.915]: (0.2, 1.4, 1.9) 9
[17:26:55.937]: (0.1, 1.4, 1.8) 8
[17:26:55.960]: (0.1, 1.4, 1.9) 10
[17:26:58.083]: (1.0, 1.5, 2.3) 13
[17:26:58.146]: (0.8, 1.5, 2.2) 14
[17:26:58.163]: (0.8, 1.5, 2.2) 14
[17:26:58.179]: (0.8, 1.5, 2.2) 14
[17:26:58.197]: (0.8, 1.5, 2.2) 14
[17:26:58.214]: (0.8, 1.5, 2.2) 14
[17:26:58.230]: (0.8, 1.5, 2.1) 15
[17:26:58.247]: (0.8, 1.5, 2.2) 14
[17:26:58.263]: (0.8, 1.5, 2.2) 14
[17:26:58.278]: (0.8, 1.5, 2.2) 14
[17:26:58.294]: (0.8, 1.5, 2.2) 14
[17:26:58.310]: (0.8, 1.5, 2.2) 14
[17:26:58.325]: (0.8, 1.5, 2.2) 14
[17:26:58.358]: (0.8, 1.5, 2.2) 14
[17:26:58.375]: (0.8, 1.5, 2.2) 14
[17:26:58.391]: (0.7, 1.5, 2.1) 15
[17:26:58.408]: (0.8, 1.5, 2.1) 15
[17:26:58.424]: (0.7, 1.5, 2.1) 15
[17:26:58.440]: (0.8, 1.5, 2.1) 15
[17:26:58.458]: (0.8, 1.4, 2.1) 15
[17:26:58.479]: (0.8, 1.4, 2.1) 15
[17:27:01.269]: (0.2, 1.4, 1.9) 9
[17:27:01.291]: (0.2, 1.4, 1.9) 9
[17:27:01.313]: (0.2, 1.4, 1.9) 9
[17:27:01.336]: (0.2, 1.4, 1.9) 9
[17:27:01.358]: (0.2, 1.4, 1.9) 9
[17:27:01.380]: (0.2, 1.4, 1.9) 9
[17:27:01.402]: (0.2, 1.4, 1.9) 9
[17:27:01.420]: (0.2, 1.4, 1.9) 9
[17:27:01.437]: (0.2, 1.4, 1.9) 9
[17:27:01.453]: (0.2, 1.4, 1.9) 9
[17:27:01.469]: (0.2, 1.4, 1.9) 9
[17:27:01.485]: (0.2, 1.4, 1.9) 9
[17:27:01.501]: (0.2, 1.4, 1.9) 9
[17:27:01.518]: (0.2, 1.4, 1.9) 9
[17:27:01.533]: (0.2, 1.4, 1.9) 9
[17:27:01.549]: (0.2, 1.4, 1.9) 9
[17:27:01.565]: (0.2, 1.4, 1.9) 9
[17:27:01.580]: (0.2, 1.4, 1.9) 9
[17:27:01.595]: (0.2, 1.4, 1.9) 9
[17:27:01.611]: (0.2, 1.4, 1.9) 9
[17:27:01.627]: (0.2, 1.4, 1.9) 9
[17:27:01.643]: (0.2, 1.4, 1.9) 9
[17:27:01.659]: (0.2, 1.4, 1.9) 9
[17:27:01.676]: (0.2, 1.4, 1.9) 9
[17:27:01.692]: (0.2, 1.4, 1.9) 9
[17:27:01.708]: (0.2, 1.4, 1.9) 8
[17:27:01.723]: (0.2, 1.4, 1.8) 8
[17:27:01.739]: (0.2, 1.4, 1.9) 8
[17:27:01.756]: (0.2, 1.4, 1.9) 9
[17:27:01.771]: (0.2, 1.4, 1.9) 8
[17:27:01.787]: (0.2, 1.4, 1.8) 8
[17:27:01.803]: (0.2, 1.4, 1.8) 8
[17:27:01.824]: (0.2, 1.4, 1.8) 8
[17:27:01.847]: (0.2, 1.4, 1.8) 8
[17:27:01.869]: (0.2, 1.4, 1.8) 8
[17:27:01.891]: (0.2, 1.4, 1.8) 8
[17:27:01.913]: (0.2, 1.4, 1.8) 8
[17:27:01.935]: (0.2, 1.4, 1.9) 8
[17:27:01.959]: (0.2, 1.4, 1.9) 8
[17:27:01.979]: (0.2, 1.4, 1.8) 8
[17:27:02.003]: (0.2, 1.4, 1.9) 8
[17:27:02.024]: (0.2, 1.4, 1.9) 8
[17:27:02.046]: (0.2, 1.4, 1.9) 8
[17:27:02.068]: (0.2, 1.4, 1.9) 8
[17:27:03.735]: (-0.3, 1.5, 2.1) 17
[17:27:03.779]: (-0.3, 1.5, 2.1) 17
[17:27:03.800]: (-0.3, 1.5, 2.1) 17
[17:27:03.824]: (-0.3, 1.6, 2.0) 17
[17:27:03.846]: (-0.3, 1.5, 2.1) 17
[17:27:03.867]: (-0.3, 1.5, 2.1) 17
[17:27:03.890]: (-0.3, 1.5, 2.0) 17
[17:27:03.912]: (-0.3, 1.5, 2.0) 17
[17:27:03.934]: (-0.3, 1.5, 2.1) 17
[17:27:03.957]: (-0.3, 1.5, 2.1) 17
[17:27:03.978]: (-0.3, 1.5, 2.1) 17
[17:27:04.001]: (-0.2, 1.5, 2.1) 17
[17:27:04.023]: (-0.2, 1.5, 2.1) 17
[17:27:04.045]: (-0.3, 1.5, 2.1) 17
[17:27:04.061]: (-0.3, 1.5, 2.1) 17
[17:27:04.092]: (-0.3, 1.5, 2.1) 17
[17:27:04.108]: (-0.3, 1.5, 2.1) 17
[17:27:04.125]: (-0.3, 1.5, 2.1) 17
[17:27:04.141]: (-0.2, 1.5, 2.1) 17
[17:27:04.156]: (-0.2, 1.5, 2.1) 17
[17:27:04.172]: (-0.2, 1.5, 2.1) 17
[17:27:04.800]: (-0.3, 1.5, 2.1) 17
[17:27:04.823]: (-0.2, 1.5, 2.0) 17
[17:27:04.844]: (-0.2, 1.5, 2.0) 17
[17:27:04.868]: (-0.2, 1.5, 2.0) 17
[17:27:04.889]: (-0.3, 1.5, 2.0) 17
[17:27:04.911]: (-0.2, 1.5, 2.0) 17
[17:27:04.926]: (-0.3, 1.5, 2.0) 17
[17:27:04.942]: (-0.3, 1.5, 2.0) 17
[17:27:04.958]: (-0.3, 1.5, 2.1) 17
[17:27:04.974]: (-0.3, 1.5, 2.1) 17
[17:27:04.989]: (-0.3, 1.5, 2.1) 17
[17:27:05.005]: (-0.2, 1.5, 2.1) 17
[17:27:05.021]: (-0.2, 1.5, 2.1) 17
[17:27:05.036]: (-0.2, 1.5, 2.1) 17
[17:27:05.054]: (-0.3, 1.5, 2.1) 17
[17:27:05.523]: (-0.1, 1.8, 2.5) 33
[17:27:07.008]: (-0.4, 1.4, 1.9) 18
[17:27:07.029]: (-0.4, 1.4, 1.9) 18
[17:27:07.122]: (-0.5, 1.4, 1.5) 7
[17:27:07.140]: (-0.5, 1.4, 1.5) 7
[17:27:09.009]: (0.8, 1.3, 1.7) 11
[17:27:09.032]: (0.9, 1.3, 1.8) 11
[17:27:09.054]: (0.9, 1.3, 1.7) 11
[17:27:09.077]: (0.9, 1.3, 1.7) 11
[17:27:09.099]: (0.9, 1.3, 1.7) 11
[17:27:09.120]: (0.9, 1.3, 1.7) 11
[17:27:09.143]: (0.8, 1.3, 1.7) 11
[17:27:09.165]: (0.9, 1.3, 1.7) 11
[17:27:09.663]: (1.0, 1.3, 1.7) 12
[17:27:09.695]: (1.0, 1.3, 1.7) 12
[17:27:10.165]: (0.9, 1.3, 1.7) 11
[17:27:10.188]: (0.9, 1.3, 1.7) 11
[17:27:10.865]: (0.9, 1.3, 1.7) 11
[17:27:10.887]: (0.9, 1.3, 1.7) 11
[17:27:10.909]: (0.9, 1.3, 1.7) 11
[17:27:10.931]: (0.9, 1.3, 1.7) 11
[17:27:10.953]: (0.9, 1.3, 1.7) 11
[17:27:10.976]: (0.9, 1.3, 1.7) 11
[17:27:10.997]: (0.9, 1.3, 1.7) 11
[17:27:11.020]: (0.9, 1.3, 1.7) 11
[17:27:11.094]: (0.1, 1.3, 1.5) 4
[17:27:11.139]: (-0.3, 1.2, 1.3) 0
[17:27:11.156]: (-0.3, 1.2, 1.3) 0
[17:27:11.219]: (-0.3, 1.2, 1.3) 0
[17:27:11.251]: (-0.3, 1.2, 1.3) 0
[17:27:11.330]: (-0.3, 1.2, 1.3) 0
[17:27:11.377]: (-0.3, 1.2, 1.3) 0
[17:27:11.392]: (-0.3, 1.2, 1.3) 0
[17:27:11.408]: (-0.3, 1.2, 1.3) 0
[17:27:11.687]: (-0.7, 1.3, 1.4) 6
[17:27:11.708]: (-0.7, 1.3, 1.5) 6
[17:27:11.731]: (-0.7, 1.3, 1.4) 6
[17:27:11.755]: (-0.7, 1.2, 1.5) 6
[17:27:11.776]: (-0.7, 1.3, 1.4) 6
[17:27:11.798]: (-0.7, 1.3, 1.4) 6
[17:27:11.819]: (-0.7, 1.3, 1.4) 6
[17:27:11.842]: (-0.7, 1.3, 1.4) 6
[17:27:11.864]: (-0.7, 1.3, 1.4) 6
[17:27:11.886]: (-0.7, 1.3, 1.4) 6
[17:27:11.908]: (-0.7, 1.3, 1.4) 6
[17:27:11.931]: (-0.7, 1.3, 1.4) 6
[17:27:11.948]: (-0.7, 1.3, 1.4) 6
[17:27:11.964]: (-0.7, 1.3, 1.4) 6
[17:27:11.980]: (-0.7, 1.3, 1.4) 6
[17:27:11.998]: (-0.7, 1.3, 1.4) 6
[17:27:12.014]: (-0.7, 1.3, 1.4) 6
[17:27:12.031]: (-0.7, 1.3, 1.4) 6
[17:27:12.127]: (0.2, 1.4, 1.9) 8
[17:27:12.142]: (0.3, 1.4, 1.9) 9
[17:27:12.310]: (1.0, 1.3, 1.8) 12
[17:27:12.687]: (1.0, 1.3, 1.7) 12
[17:27:12.708]: (0.9, 1.3, 1.7) 11
[17:27:12.942]: (0.7, 1.4, 2.2) 15
[17:27:12.974]: (0.3, 1.4, 1.9) 9
[17:27:12.989]: (0.1, 1.4, 1.9) 8
[17:27:13.006]: (0.1, 1.4, 1.9) 8
[17:27:13.038]: (0.1, 1.4, 1.9) 10
[17:27:13.056]: (0.1, 1.4, 1.9) 8
[17:27:13.208]: (-0.4, 1.4, 1.9) 18
[17:27:13.230]: (-0.4, 1.4, 1.9) 18
[17:27:13.254]: (-0.4, 1.4, 1.9) 18
[17:27:13.274]: (-0.5, 1.4, 1.9) 18
[17:27:13.298]: (-0.5, 1.4, 1.9) 18
[17:27:13.319]: (-0.5, 1.5, 1.9) 18
[17:27:13.342]: (-0.5, 1.5, 1.9) 18
[17:27:13.386]: (-0.5, 1.5, 1.9) 18
[17:27:13.474]: (-0.5, 1.4, 1.5) 7
[17:27:13.544]: (-0.5, 1.4, 1.9) 18
[17:27:13.565]: (-0.5, 1.4, 1.9) 18
[17:27:13.585]: (-0.4, 1.4, 1.9) 18
[17:27:13.608]: (-0.4, 1.4, 1.9) 18
[17:27:13.630]: (-0.4, 1.4, 1.9) 18
[17:27:13.647]: (-0.4, 1.4, 1.9) 18
[17:27:13.664]: (-0.4, 1.4, 1.9) 18
[17:27:13.681]: (-0.4, 1.4, 1.9) 18
[17:27:13.697]: (-0.4, 1.4, 1.9) 18
[17:27:13.787]: (-0.7, 1.3, 1.5) 6
[17:27:13.803]: (-0.7, 1.3, 1.4) 6
[17:27:13.821]: (-0.7, 1.3, 1.4) 6
[17:27:13.837]: (-0.7, 1.3, 1.4) 6
[17:27:13.854]: (-0.7, 1.3, 1.4) 6
[17:27:13.870]: (-0.7, 1.3, 1.4) 6
[17:27:13.887]: (-0.7, 1.3, 1.5) 6
[17:27:13.904]: (-0.7, 1.3, 1.5) 6
[17:27:13.936]: (-0.5, 1.4, 1.5) 7
[17:27:13.953]: (-0.4, 1.5, 1.9) 18
[17:27:14.001]: (-0.3, 1.5, 2.1) 17
[17:27:14.018]: (-0.3, 1.6, 2.1) 17
[17:27:14.034]: (-0.2, 1.5, 2.1) 17
[17:27:14.052]: (-0.2, 1.5, 2.1) 17
[17:27:14.074]: (-0.2, 1.5, 2.1) 17
[17:27:14.097]: (-0.2, 1.5, 2.1) 17
[17:27:14.119]: (-0.2, 1.5, 2.1) 17
[17:27:14.141]: (-0.3, 1.5, 2.1) 17
[17:27:14.164]: (-0.2, 1.5, 2.1) 17
[17:27:14.185]: (-0.2, 1.5, 2.1) 17
[17:27:14.208]: (-0.2, 1.5, 2.1) 17
[17:27:14.229]: (-0.2, 1.5, 2.1) 17
[17:27:14.252]: (-0.3, 1.5, 2.1) 17
[17:27:14.274]: (-0.2, 1.6, 2.1) 17
[17:27:14.384]: (-0.2, 1.6, 2.1) 17
[17:27:14.407]: (-0.2, 1.6, 2.1) 17
[17:27:14.429]: (-0.4, 1.5, 1.9) 18
[17:27:14.496]: (-0.5, 1.4, 1.6) 5
[17:27:14.518]: (-0.5, 1.4, 1.6) 5
[17:27:14.550]: (-0.5, 1.4, 1.6) 5
[17:27:14.567]: (-0.5, 1.4, 1.6) 5
[17:27:14.582]: (-0.5, 1.4, 1.6) 5
[17:27:14.599]: (-0.5, 1.4, 1.6) 5
[17:27:14.616]: (-0.5, 1.4, 1.6) 5
[17:27:14.633]: (-0.5, 1.4, 1.6) 5
[17:27:14.649]: (-0.5, 1.4, 1.6) 5
[17:27:14.667]: (-0.5, 1.4, 1.6) 5
[17:27:14.685]: (-0.5, 1.4, 1.6) 5
[17:27:14.701]: (-0.6, 1.3, 1.6) 5
[17:27:14.718]: (-0.6, 1.3, 1.6) 5
[17:27:14.734]: (-0.6, 1.3, 1.6) 5
[17:27:14.751]: (-0.6, 1.3, 1.5) 5
[17:27:14.767]: (-0.6, 1.4, 1.6) 5
[17:27:14.784]: (-0.6, 1.3, 1.6) 5
[17:27:14.801]: (-0.6, 1.3, 1.6) 5
[17:27:14.818]: (-0.6, 1.3, 1.6) 5
[17:27:14.833]: (-0.6, 1.3, 1.6) 5
[17:27:14.849]: (-0.6, 1.3, 1.6) 5
[17:27:14.867]: (-0.6, 1.3, 1.6) 5
[17:27:14.885]: (-0.6, 1.3, 1.6) 5
[17:27:14.901]: (-0.6, 1.3, 1.6) 5
[17:27:14.918]: (-0.6, 1.3, 1.5) 5
[17:27:14.934]: (-0.6, 1.3, 1.5) 5
[17:27:14.952]: (-0.6, 1.3, 1.5) 5
[17:27:14.974]: (-0.6, 1.3, 1.5) 5
[17:27:15.497]: (-0.9, 1.5, 2.1) 29
[17:27:15.683]: (-0.9, 1.8, 2.7) 41
[17:27:15.819]: (-0.9, 1.8, 2.7) 41
[17:27:15.841]: (-0.9, 1.8, 2.7) 41
[17:27:15.863]: (-0.9, 1.8, 2.7) 41
[17:27:15.885]: (-0.9, 1.8, 2.7) 41
[17:27:15.908]: (-0.9, 1.8, 2.7) 41
[17:27:16.017]: (-0.9, 1.8, 2.7) 41
[17:27:16.040]: (-0.9, 1.8, 2.7) 41
[17:27:16.062]: (-0.9, 1.8, 2.7) 41
[17:27:16.085]: (-0.9, 1.8, 2.7) 41
[17:27:16.106]: (-0.9, 1.8, 2.7) 41
[17:27:18.651]: (-0.9, 1.8, 2.7) 41
[17:27:18.694]: (-0.5, 1.7, 2.6) 34
[17:27:18.762]: (-0.3, 1.7, 2.6) 31
[17:27:18.805]: (-0.3, 1.7, 2.5) 31
[17:27:18.821]: (-0.3, 1.7, 2.5) 31
[17:27:18.839]: (-0.3, 1.7, 2.5) 31
[17:27:18.855]: (-0.2, 1.7, 2.5) 31
[17:27:18.873]: (-0.2, 1.7, 2.5) 31
[17:27:18.889]: (-0.2, 1.7, 2.5) 31
[17:27:18.907]: (-0.2, 1.7, 2.5) 31
[17:27:18.924]: (-0.2, 1.7, 2.5) 31
[17:27:18.940]: (-0.2, 1.6, 2.1) 17
[17:27:18.956]: (-0.2, 1.6, 2.1) 17
[17:27:18.972]: (-0.2, 1.6, 2.1) 17
[17:27:18.988]: (-0.2, 1.6, 2.1) 17
[17:27:19.005]: (-0.2, 1.6, 2.1) 17
[17:27:19.022]: (-0.2, 1.6, 2.1) 17
[17:27:19.040]: (-0.2, 1.6, 2.1) 17
[17:27:19.056]: (-0.2, 1.6, 2.1) 17
[17:27:19.104]: (0.2, 1.7, 2.3) 19
[17:27:19.120]: (0.2, 1.7, 2.3) 19
[17:27:19.136]: (0.2, 1.6, 2.3) 19
[17:27:19.153]: (0.2, 1.6, 2.3) 19
[17:27:19.170]: (0.2, 1.6, 2.3) 19
[17:27:19.186]: (0.2, 1.6, 2.3) 19
[17:27:19.203]: (0.3, 1.6, 2.3) 19
[17:27:19.219]: (0.2, 1.7, 2.3) 19
[17:27:19.238]: (0.2, 1.7, 2.3) 19
[17:27:19.262]: (0.2, 1.7, 2.3) 19
[17:27:19.305]: (0.2, 1.7, 2.3) 19
[17:27:19.327]: (0.2, 1.7, 2.3) 19
[17:27:19.349]: (0.2, 1.6, 2.3) 19
[17:27:19.372]: (0.2, 1.6, 2.3) 19
[17:27:19.393]: (0.2, 1.7, 2.3) 19
[17:27:19.416]: (0.2, 1.6, 2.3) 19
[17:27:19.438]: (0.2, 1.6, 2.3) 19
[17:27:19.462]: (0.2, 1.6, 2.3) 19
[17:27:19.483]: (0.2, 1.6, 2.3) 19
[17:27:19.505]: (0.2, 1.6, 2.3) 19
[17:27:19.528]: (-0.2, 1.8, 2.5) 31
[17:27:19.549]: (-0.5, 1.8, 2.6) 34
[17:27:19.572]: (-0.9, 1.8, 2.7) 41
[17:27:19.736]: (-0.9, 1.7, 2.8) 41
[17:27:19.770]: (-0.9, 1.8, 2.7) 41
[17:27:19.788]: (-0.9, 1.8, 2.7) 41
[17:27:19.802]: (-0.9, 1.8, 2.7) 41
[17:27:19.818]: (-0.9, 1.7, 2.8) 41
[17:27:20.114]: (-0.5, 1.7, 2.6) 34
[17:27:20.131]: (-0.2, 1.7, 2.5) 31
[17:27:20.879]: (0.5, 1.5, 2.4) 20
[17:27:21.338]: (0.6, 1.6, 2.3) 20
[17:27:21.361]: (0.4, 1.7, 2.8) 36
[17:27:21.466]: (-0.9, 1.8, 2.7) 41
[17:27:21.482]: (-0.9, 1.8, 2.8) 41
[17:27:21.517]: (-0.9, 1.8, 2.7) 41
[17:27:22.215]: (-0.4, 1.7, 2.5) 32
[17:27:22.499]: (0.6, 1.6, 2.3) 20
[17:27:22.518]: (0.6, 1.6, 2.3) 20
[17:27:22.613]: (0.6, 1.6, 2.3) 20
[17:27:22.629]: (0.6, 1.6, 2.4) 20
[17:27:22.723]: (0.8, 1.5, 2.2) 14
[17:27:23.093]: (0.9, 1.3, 1.8) 12
[17:27:23.197]: (0.9, 1.3, 1.8) 12
[17:27:23.215]: (0.9, 1.3, 1.8) 12
[17:27:23.235]: (0.9, 1.3, 1.8) 12
[17:27:23.273]: (0.9, 1.3, 1.8) 12
[17:27:23.292]: (0.9, 1.3, 1.8) 12
[17:27:23.504]: (0.7, 1.4, 2.2) 15
[17:27:24.205]: (-0.5, 1.5, 1.5) 7
[17:27:24.659]: (-0.2, 1.6, 2.0) 17
[17:27:25.013]: (0.5, 1.5, 2.3) 20
[17:27:25.036]: (0.5, 1.6, 2.3) 20
[17:27:25.081]: (0.5, 1.5, 2.4) 20
[17:27:25.267]: (0.8, 1.5, 2.1) 15
[17:27:25.282]: (0.9, 1.4, 2.2) 13
[17:27:25.299]: (0.9, 1.4, 2.2) 13
[17:27:25.315]: (0.9, 1.4, 2.2) 13
[17:27:25.331]: (0.9, 1.4, 2.2) 13
[17:27:25.348]: (0.9, 1.4, 2.2) 13
[17:27:25.368]: (0.9, 1.5, 2.2) 14
[17:27:25.386]: (0.9, 1.5, 2.2) 14
[17:27:25.403]: (0.8, 1.4, 2.1) 15
[17:27:25.420]: (0.8, 1.4, 2.1) 15
[17:27:25.438]: (0.8, 1.4, 2.1) 15
[17:27:25.455]: (0.8, 1.4, 2.1) 15
[17:27:25.471]: (0.8, 1.4, 2.1) 15
[17:27:25.489]: (0.8, 1.4, 2.1) 15
[17:27:25.507]: (0.9, 1.4, 2.2) 13
[17:27:25.526]: (0.9, 1.4, 2.2) 13
[17:27:25.548]: (0.9, 1.4, 2.2) 13
[17:27:25.569]: (0.9, 1.4, 2.2) 13
[17:27:25.592]: (0.8, 1.5, 2.1) 15
[17:27:25.837]: (0.8, 1.5, 2.1) 15
[17:27:25.862]: (0.9, 1.5, 2.2) 13
[17:27:25.882]: (0.9, 1.5, 2.2) 13
[17:27:25.903]: (0.9, 1.5, 2.2) 13
[17:27:25.926]: (0.9, 1.5, 2.2) 13
[17:27:25.948]: (0.9, 1.5, 2.2) 13
[17:27:25.965]: (0.9, 1.5, 2.2) 13
[17:27:25.982]: (0.9, 1.5, 2.2) 13
[17:27:25.998]: (0.9, 1.5, 2.2) 13
[17:27:26.015]: (0.9, 1.5, 2.2) 13
[17:27:26.031]: (0.9, 1.5, 2.2) 13
[17:27:26.047]: (0.9, 1.5, 2.2) 13
[17:27:26.065]: (0.9, 1.5, 2.2) 13
[17:27:26.082]: (1.0, 1.5, 2.2) 13
[17:27:26.100]: (1.0, 1.5, 2.2) 13
[17:27:27.624]: (1.5, 1.4, 2.3) 21
[17:27:27.646]: (1.5, 1.4, 2.3) 21
[17:27:27.669]: (1.5, 1.4, 2.3) 21
[17:27:27.686]: (1.5, 1.4, 2.3) 21
[17:27:27.718]: (1.5, 1.4, 2.3) 21
[17:27:27.919]: (1.5, 1.4, 2.3) 21
[17:27:28.291]: (1.0, 1.3, 1.7) 12
[17:27:28.312]: (0.9, 1.3, 1.7) 11
[17:27:28.335]: (0.9, 1.3, 1.7) 11
[17:27:28.357]: (0.9, 1.3, 1.7) 11
[17:27:28.380]: (0.9, 1.3, 1.7) 11
[17:27:28.402]: (0.9, 1.3, 1.7) 11
[17:27:28.424]: (0.9, 1.3, 1.7) 11
[17:27:28.446]: (0.9, 1.3, 1.7) 11
[17:27:28.469]: (0.9, 1.3, 1.7) 11
[17:27:28.491]: (0.9, 1.3, 1.7) 11
[17:27:28.512]: (0.9, 1.3, 1.7) 11
[17:27:28.535]: (0.9, 1.3, 1.7) 11
[17:27:28.551]: (0.9, 1.3, 1.7) 11
[17:27:28.569]: (0.9, 1.3, 1.7) 11
[17:27:28.585]: (0.9, 1.3, 1.7) 11
[17:27:28.601]: (0.9, 1.3, 1.7) 11
[17:27:28.617]: (0.9, 1.3, 1.7) 11
[17:27:28.633]: (0.9, 1.3, 1.7) 11
[17:27:28.651]: (0.9, 1.3, 1.7) 11
[17:27:28.667]: (0.9, 1.3, 1.7) 11
[17:27:28.683]: (0.9, 1.3, 1.8) 12
[17:27:28.701]: (0.9, 1.3, 1.8) 12
[17:27:28.718]: (0.9, 1.3, 1.8) 12
[17:27:28.734]: (0.9, 1.3, 1.8) 12
[17:27:28.753]: (0.9, 1.3, 1.8) 12
[17:27:28.769]: (0.9, 1.3, 1.7) 12
[17:27:28.785]: (0.9, 1.3, 1.7) 12
[17:27:28.801]: (0.9, 1.3, 1.7) 12
[17:27:28.818]: (0.9, 1.3, 1.8) 12
[17:27:28.834]: (0.9, 1.3, 1.7) 11
[17:27:28.850]: (0.9, 1.3, 1.8) 12
[17:27:28.868]: (0.9, 1.3, 1.8) 12
[17:27:28.900]: (0.9, 1.3, 1.8) 12
[17:27:28.990]: (0.9, 1.3, 1.7) 11
[17:27:29.013]: (0.9, 1.3, 1.7) 11
[17:27:29.036]: (0.9, 1.3, 1.7) 11
[17:27:29.056]: (0.9, 1.3, 1.7) 11
[17:27:29.079]: (0.9, 1.3, 1.7) 11
[17:27:29.101]: (0.9, 1.3, 1.7) 11
[17:27:29.123]: (0.9, 1.3, 1.7) 11
[17:27:29.146]: (0.9, 1.3, 1.7) 11
[17:27:29.169]: (0.9, 1.3, 1.8) 12
[17:27:29.192]: (0.9, 1.3, 1.8) 12
[17:27:29.323]: (0.9, 1.3, 1.7) 11
[17:27:29.677]: (0.9, 1.3, 1.8) 11
[17:27:29.737]: (0.1, 1.3, 1.5) 4
[17:27:29.773]: (-0.2, 1.2, 1.3) 0
[17:27:29.791]: (-0.2, 1.2, 1.3) 0
[17:27:29.809]: (-0.2, 1.2, 1.3) 0
[17:27:29.826]: (-0.2, 1.2, 1.3) 0
[17:27:29.893]: (-0.2, 1.2, 1.3) 0
[17:27:29.913]: (-0.2, 1.2, 1.3) 0
[17:27:29.933]: (-0.2, 1.2, 1.3) 0
[17:27:29.953]: (-0.3, 1.2, 1.3) 0
[17:27:29.971]: (-0.3, 1.2, 1.3) 0
[17:27:30.313]: (-0.5, 1.4, 1.5) 5
[17:27:30.346]: (-0.5, 1.4, 1.5) 5
[17:27:30.380]: (-0.5, 1.3, 1.5) 5
[17:27:30.413]: (-0.5, 1.4, 1.5) 5
[17:27:30.447]: (-0.5, 1.4, 1.5) 5
[17:27:30.481]: (-0.6, 1.4, 1.5) 5
[17:27:30.547]: (-0.8, 1.3, 1.4) 6
[17:27:30.580]: (-0.7, 1.3, 1.4) 6
[17:27:30.614]: (-0.7, 1.3, 1.4) 6
[17:27:30.646]: (-0.7, 1.3, 1.4) 6
[17:27:30.680]: (-0.7, 1.3, 1.4) 6
[17:27:30.715]: (-0.7, 1.3, 1.4) 6
[17:27:30.747]: (-0.7, 1.3, 1.5) 6
[17:27:30.935]: (-0.5, 1.5, 1.5) 7
[17:27:30.958]: (-0.5, 1.5, 1.5) 7
[17:27:30.979]: (-0.5, 1.5, 1.5) 7
[17:27:31.003]: (-0.5, 1.5, 1.5) 7
[17:27:31.023]: (-0.5, 1.5, 1.5) 7
[17:27:31.046]: (-0.5, 1.5, 1.5) 7
[17:27:31.069]: (-0.5, 1.5, 1.5) 7
[17:27:31.091]: (-0.5, 1.5, 1.5) 7
[17:27:31.115]: (-0.5, 1.5, 1.5) 7
[17:27:31.181]: (-0.4, 1.5, 1.9) 18
[17:27:31.202]: (-0.3, 1.5, 2.0) 17
[17:27:31.225]: (-0.2, 1.5, 2.1) 17
[17:27:31.983]: (0.5, 1.7, 2.8) 36
[17:27:32.006]: (0.5, 1.7, 2.8) 36
[17:27:32.045]: (0.5, 1.7, 2.8) 36
[17:27:32.079]: (0.5, 1.7, 2.8) 36
[17:27:32.163]: (0.5, 1.6, 2.3) 20
[17:27:32.546]: (0.9, 1.4, 2.2) 13
[17:27:32.656]: (1.0, 1.2, 1.7) 12
[17:27:32.680]: (1.0, 1.3, 1.7) 12
[17:27:32.702]: (1.0, 1.3, 1.7) 12
[17:27:32.812]: (1.0, 1.3, 1.7) 12
[17:27:32.833]: (1.0, 1.3, 1.7) 12
[17:27:32.856]: (1.0, 1.3, 1.7) 12
[17:27:32.879]: (1.0, 1.3, 1.7) 12
[17:27:32.899]: (1.0, 1.3, 1.7) 12
[17:27:32.922]: (1.0, 1.3, 1.7) 12
[17:27:32.944]: (1.0, 1.3, 1.7) 12
[17:27:32.967]: (1.0, 1.3, 1.7) 12
[17:27:32.984]: (1.0, 1.3, 1.7) 12
[17:27:33.001]: (1.0, 1.3, 1.7) 12
[17:27:33.020]: (1.0, 1.3, 1.7) 12
[17:27:33.130]: (0.9, 1.3, 1.7) 11
[17:27:33.147]: (0.9, 1.3, 1.7) 11
[17:27:33.209]: (0.9, 1.3, 1.8) 11
[17:27:33.225]: (0.9, 1.3, 1.8) 11
[17:27:33.242]: (0.9, 1.3, 1.7) 11
[17:27:33.257]: (0.9, 1.3, 1.7) 11
[17:27:33.274]: (0.9, 1.3, 1.7) 11
[17:27:33.290]: (0.9, 1.3, 1.7) 11
[17:27:33.306]: (0.9, 1.3, 1.7) 11
[17:27:33.322]: (0.9, 1.3, 1.7) 11
[17:27:33.338]: (0.9, 1.3, 1.7) 11
[17:27:33.354]: (0.9, 1.3, 1.7) 11
[17:27:33.371]: (0.9, 1.3, 1.7) 11
[17:27:33.389]: (0.9, 1.3, 1.7) 11
[17:27:33.410]: (0.9, 1.3, 1.7) 11
[17:27:33.433]: (0.9, 1.3, 1.7) 11
[17:27:33.456]: (0.9, 1.3, 1.7) 11
[17:27:33.478]: (0.9, 1.3, 1.7) 11
[17:27:33.500]: (0.9, 1.3, 1.7) 11
[17:27:33.521]: (0.9, 1.3, 1.7) 11
[17:27:33.543]: (0.9, 1.3, 1.7) 11
[17:27:33.567]: (0.9, 1.3, 1.7) 11
[17:27:33.588]: (0.9, 1.3, 1.7) 11
[17:27:33.610]: (0.9, 1.3, 1.7) 11
[17:27:33.634]: (0.9, 1.3, 1.7) 11
[17:27:33.655]: (0.9, 1.3, 1.7) 11
[17:27:33.677]: (0.9, 1.3, 1.7) 12
[17:27:33.699]: (1.0, 1.3, 1.7) 12
[17:27:36.254]: (1.0, 1.3, 1.7) 12
[17:27:36.366]: (0.3, 1.4, 1.9) 9
[17:27:36.388]: (0.3, 1.4, 1.9) 9
[17:27:36.410]: (0.3, 1.4, 1.9) 9
[17:27:36.432]: (0.3, 1.4, 1.9) 9
[17:27:36.455]: (0.3, 1.4, 1.9) 9
[17:27:36.635]: (0.3, 1.4, 1.9) 9
[17:27:36.653]: (0.2, 1.4, 1.9) 9
[17:27:36.670]: (0.0, 1.3, 1.5) 4
[17:27:36.687]: (0.0, 1.3, 1.5) 4
[17:27:36.704]: (0.0, 1.3, 1.5) 4
[17:27:36.789]: (0.0, 1.4, 1.5) 4
[17:27:36.807]: (0.1, 1.4, 1.9) 8
[17:27:36.824]: (0.1, 1.4, 1.9) 8
[17:27:36.874]: (0.1, 1.4, 1.5) 4
[17:27:36.891]: (0.1, 1.4, 1.5) 4
[17:27:36.911]: (0.2, 1.4, 1.9) 8
[17:27:36.932]: (0.3, 1.4, 1.9) 9
[17:27:36.999]: (0.9, 1.3, 1.7) 11
[17:27:37.022]: (0.9, 1.3, 1.7) 11
[17:27:37.044]: (0.9, 1.3, 1.7) 11
[17:27:37.067]: (0.9, 1.3, 1.7) 11
[17:27:37.089]: (0.9, 1.3, 1.7) 11
[17:27:37.110]: (0.9, 1.3, 1.7) 11
[17:27:37.132]: (0.9, 1.3, 1.7) 12
[17:27:37.156]: (0.9, 1.3, 1.7) 12
[17:27:37.179]: (0.9, 1.3, 1.7) 12
[17:27:37.200]: (0.9, 1.3, 1.7) 12
[17:27:37.230]: (0.9, 1.3, 1.7) 11
[17:27:37.250]: (0.9, 1.3, 1.7) 11
[17:27:37.592]: (1.0, 1.3, 1.7) 12
[17:27:37.609]: (1.0, 1.3, 1.7) 12
[17:27:37.624]: (1.0, 1.3, 1.7) 12
