[15:04:19.518]: (-1.1, -1.3, -0.1) 32
[15:04:19.543]: (-1.1, -1.3, -0.1) 32
[15:04:19.585]: (-0.9, -1.5, -0.1) 28
[15:04:19.609]: (-1.1, -1.5, 0.0) 28
[15:04:19.651]: (-1.3, -1.3, -0.1) 28
[15:04:19.673]: (-1.3, -1.3, -0.2) 28
[15:04:20.084]: (-3.5, 0.2, 0.6) 38
[15:04:20.150]: (-3.5, 0.4, 0.9) 38
[15:04:20.217]: (-3.4, 0.8, 1.4) 42
[15:04:20.250]: (-3.4, 0.9, 1.5) 42
[15:04:20.285]: (-3.4, 1.0, 1.6) 42
[15:04:20.351]: (-3.3, 1.0, 1.7) 42
[15:04:20.405]: (-3.2, 1.1, 1.9) 42
[15:04:20.430]: (-3.2, 1.2, 1.9) 42
[15:04:20.451]: (-3.1, 1.2, 2.0) 42
[15:04:20.476]: (-3.1, 1.3, 2.1) 42
[15:04:20.498]: (-3.0, 1.3, 2.1) 42
[15:04:20.520]: (-3.0, 1.3, 2.1) 42
[15:04:20.543]: (-3.0, 1.3, 2.2) 42
[15:04:20.738]: (-2.8, 1.4, 2.5) 40
[15:04:20.983]: (-2.2, 1.4, 1.5) 30
[15:04:21.007]: (-2.4, 1.3, 1.6) 28
[15:04:21.050]: (-2.4, 1.4, 1.6) 21
[15:04:21.072]: (-2.4, 1.4, 1.6) 28
[15:04:21.097]: (-2.4, 1.4, 1.6) 28
[15:04:21.123]: (-2.3, 1.4, 1.7) 28
[15:04:21.148]: (-2.3, 1.4, 1.7) 28
[15:04:21.172]: (-2.3, 1.4, 1.7) 28
[15:04:21.215]: (-2.3, 1.5, 1.7) 28
[15:04:21.240]: (-2.3, 1.5, 1.7) 28
[15:04:21.263]: (-2.3, 1.5, 1.8) 28
[15:04:21.286]: (-2.1, 1.6, 1.7) 30
[15:04:21.352]: (-2.2, 1.6, 1.8) 21
[15:04:21.375]: (-2.2, 1.6, 1.8) 21
[15:04:21.397]: (-2.2, 1.6, 1.8) 21
[15:04:21.421]: (-2.2, 1.6, 1.8) 21
[15:04:21.453]: (-2.1, 1.6, 1.7) 30
[15:04:21.477]: (-2.0, 1.6, 1.7) 30
[15:04:21.498]: (-2.2, 1.6, 1.8) 21
[15:04:21.523]: (-2.0, 1.6, 1.7) 30
[15:04:21.544]: (-2.0, 1.6, 1.8) 30
[15:04:23.448]: (-1.6, 2.3, 3.0) 40
[15:04:23.493]: (-1.5, 2.5, 3.0) 36
[15:04:23.536]: (-1.5, 2.4, 3.0) 40
[15:04:23.560]: (-1.5, 2.4, 3.1) 40
[15:04:23.577]: (-1.6, 2.4, 3.0) 40
[15:04:23.594]: (-1.5, 2.4, 3.0) 40
[15:04:23.611]: (-1.6, 2.3, 3.0) 40
[15:04:23.671]: (-1.5, 2.4, 3.0) 40
[15:04:24.136]: (-1.7, 2.1, 1.6) 22
[15:04:24.171]: (-1.6, 2.0, 1.5) 30
[15:04:24.202]: (-1.6, 2.0, 1.5) 30
[15:04:24.237]: (-1.6, 2.0, 1.5) 30
[15:04:24.269]: (-1.6, 2.0, 1.5) 30
[15:04:24.337]: (-1.8, 2.0, 1.6) 21
[15:04:24.369]: (-1.8, 2.0, 1.6) 21
[15:04:24.400]: (-1.7, 2.0, 1.6) 21
[15:04:24.438]: (-1.7, 2.0, 1.6) 21
[15:04:24.468]: (-1.6, 2.0, 1.5) 30
[15:04:24.499]: (-1.6, 2.0, 1.5) 30
[15:04:24.532]: (-1.6, 1.9, 1.5) 30
[15:04:24.566]: (-1.6, 2.0, 1.5) 30
[15:04:24.599]: (-1.6, 2.0, 1.5) 30
[15:04:24.633]: (-1.8, 1.9, 1.7) 28
[15:04:29.484]: (-1.7, 2.1, 1.8) 19
[15:04:29.606]: (-2.1, 2.5, 2.5) 57
[15:04:29.864]: (-2.0, 2.7, 2.8) 59
[15:04:29.997]: (-1.1, 2.7, 2.8) 42
[15:04:30.019]: (-1.1, 2.6, 2.8) 42
[15:04:30.085]: (-1.0, 2.7, 2.8) 42
[15:04:30.107]: (-1.0, 2.7, 2.8) 42
[15:04:30.151]: (-0.4, 2.6, 2.6) 2
[15:04:30.219]: (-0.2, 2.6, 2.6) 8
[15:04:30.241]: (-0.3, 2.6, 2.6) 2
[15:04:30.263]: (-0.3, 2.5, 2.6) 8
[15:04:30.279]: (-0.3, 2.5, 2.6) 8
[15:04:30.295]: (-0.3, 2.5, 2.6) 8
[15:04:30.313]: (-0.3, 2.6, 2.6) 2
[15:04:30.345]: (-0.3, 2.5, 2.7) 7
[15:04:30.378]: (-0.3, 2.5, 2.6) 8
[15:04:30.400]: (-0.3, 2.4, 2.7) 7
[15:04:30.442]: (-0.4, 2.5, 2.7) 7
[15:04:30.466]: (-0.4, 2.5, 2.6) 2
[15:04:30.486]: (-0.4, 2.5, 2.6) 2
[15:04:30.509]: (-0.4, 2.5, 2.6) 2
[15:04:30.529]: (-0.4, 2.5, 2.6) 2
[15:04:30.550]: (-0.4, 2.4, 2.6) 8
[15:04:30.570]: (-0.4, 2.4, 2.6) 2
[15:04:30.591]: (-0.4, 2.5, 2.6) 2
[15:04:30.613]: (-0.4, 2.4, 2.6) 2
[15:04:30.634]: (-0.4, 2.4, 2.6) 2
[15:04:30.656]: (-0.4, 2.5, 2.7) 0
[15:04:30.678]: (-0.4, 2.4, 2.7) 0
[15:04:30.720]: (-0.4, 2.4, 2.7) 3
[15:04:30.741]: (-0.4, 2.4, 2.7) 3
[15:04:30.780]: (-0.4, 2.3, 2.4) 4
[15:04:30.802]: (-0.3, 2.3, 2.6) 1
[15:04:30.823]: (-0.3, 2.3, 2.5) 1
[15:04:30.846]: (-0.3, 2.2, 2.5) 1
[15:04:30.867]: (-0.3, 2.2, 2.5) 1
[15:04:30.888]: (-0.3, 2.2, 2.5) 1
[15:04:30.911]: (-0.2, 2.2, 2.6) 5
[15:04:30.945]: (-0.2, 2.1, 2.6) 5
[15:04:30.977]: (-0.2, 2.1, 2.6) 5
[15:04:31.011]: (-0.1, 2.1, 2.6) 5
[15:04:31.411]: (-0.8, 2.0, 1.9) 24
[15:04:31.444]: (-0.8, 2.0, 1.9) 24
[15:04:31.474]: (-0.8, 1.9, 1.9) 24
[15:04:31.674]: (-0.8, 1.9, 1.9) 24
[15:04:31.695]: (-0.9, 1.9, 2.1) 28
[15:04:31.718]: (-0.9, 1.9, 1.8) 30
[15:04:31.740]: (-0.9, 1.9, 2.0) 28
[15:04:31.762]: (-1.0, 1.9, 2.0) 28
[15:04:31.784]: (-1.0, 1.9, 2.0) 28
[15:04:31.806]: (-1.0, 1.9, 2.0) 28
[15:04:32.034]: (-0.9, 1.9, 1.8) 30
[15:04:32.057]: (-0.9, 1.9, 1.8) 30
[15:04:32.079]: (-1.0, 1.9, 2.0) 28
[15:04:32.102]: (-0.9, 1.9, 1.8) 30
[15:04:32.125]: (-0.9, 1.9, 1.7) 30
[15:04:32.144]: (-0.9, 1.9, 1.7) 30
[15:04:32.168]: (-0.9, 1.9, 1.7) 30
[15:04:32.211]: (-0.9, 1.9, 1.7) 30
[15:04:32.254]: (-0.9, 1.9, 1.7) 30
[15:04:32.277]: (-0.9, 1.9, 1.7) 30
[15:04:32.299]: (-1.0, 1.9, 1.8) 21
[15:04:32.322]: (-1.0, 1.9, 1.8) 21
[15:04:32.346]: (-1.0, 1.9, 1.8) 21
[15:04:32.371]: (-1.0, 1.9, 1.8) 21
[15:04:32.391]: (-1.0, 1.9, 1.8) 20
[15:04:32.413]: (-1.0, 1.9, 1.8) 20
[15:04:32.436]: (-1.0, 1.9, 1.8) 20
[15:04:32.458]: (-1.0, 1.9, 1.8) 20
[15:04:32.502]: (-1.0, 1.9, 1.8) 20
[15:04:32.524]: (-1.0, 1.8, 1.7) 20
[15:04:32.545]: (-1.0, 1.8, 1.7) 20
[15:04:32.569]: (-1.0, 1.8, 1.7) 20
[15:04:32.591]: (-1.0, 1.8, 1.7) 20
[15:04:32.612]: (-1.0, 1.8, 1.7) 20
[15:04:32.637]: (-0.9, 1.8, 1.6) 30
[15:04:32.660]: (-0.9, 1.8, 1.6) 30
[15:04:32.682]: (-0.9, 1.8, 1.6) 30
[15:04:32.703]: (-0.9, 1.8, 1.6) 30
[15:04:32.724]: (-0.9, 1.8, 1.6) 30
[15:04:32.746]: (-0.9, 1.8, 1.6) 30
[15:04:32.768]: (-0.9, 1.8, 1.6) 22
[15:04:32.792]: (-0.9, 1.8, 1.6) 22
[15:04:32.813]: (-0.9, 1.8, 1.6) 22
[15:04:32.835]: (-0.9, 1.8, 1.6) 22
[15:04:32.858]: (-0.9, 1.8, 1.6) 30
[15:04:32.878]: (-0.9, 1.8, 1.6) 22
[15:04:32.899]: (-0.9, 1.8, 1.6) 30
[15:04:32.923]: (-0.9, 1.8, 1.6) 30
[15:04:32.944]: (-0.9, 1.8, 1.6) 30
[15:04:32.967]: (-0.9, 1.8, 1.6) 30
[15:04:32.989]: (-0.9, 1.8, 1.6) 30
[15:04:33.011]: (-0.9, 1.8, 1.6) 30
[15:04:33.033]: (-0.9, 1.8, 1.6) 30
[15:04:33.057]: (-0.9, 1.8, 1.6) 30
[15:04:33.144]: (-0.9, 1.8, 1.6) 30
[15:04:33.167]: (-0.9, 1.8, 1.6) 30
[15:04:33.189]: (-1.0, 1.8, 1.8) 28
[15:04:33.212]: (-0.8, 1.9, 1.6) 24
[15:04:33.255]: (-1.1, 2.4, 2.6) 57
[15:04:33.607]: (-0.2, 2.5, 2.6) 40
[15:04:33.651]: (-0.2, 2.5, 2.6) 40
[15:04:33.673]: (-0.2, 2.5, 2.6) 40
[15:04:33.695]: (-0.2, 2.5, 2.6) 40
[15:04:33.718]: (-0.2, 2.5, 2.6) 40
[15:04:33.740]: (-0.2, 2.5, 2.6) 40
[15:04:33.762]: (-0.1, 2.5, 2.5) 42
[15:04:33.806]: (-0.1, 2.5, 2.5) 42
[15:04:33.895]: (0.4, 2.3, 2.2) 5
[15:04:33.918]: (0.6, 2.3, 2.1) 2
[15:04:33.935]: (0.6, 2.3, 2.1) 2
[15:04:33.952]: (0.6, 2.4, 2.1) 1
[15:04:33.968]: (0.5, 2.4, 2.0) 4
[15:04:33.986]: (0.6, 2.3, 2.1) 2
[15:04:34.003]: (0.5, 2.4, 2.1) 1
[15:04:34.020]: (0.6, 2.4, 2.1) 2
[15:04:34.037]: (0.6, 2.3, 2.1) 2
[15:04:34.053]: (0.6, 2.3, 2.1) 2
[15:04:34.071]: (0.5, 2.4, 2.1) 1
[15:04:34.087]: (0.5, 2.4, 2.0) 4
[15:04:34.104]: (0.5, 2.4, 2.0) 4
[15:04:34.121]: (0.5, 2.4, 2.0) 4
[15:04:34.139]: (0.5, 2.4, 2.0) 4
[15:04:34.156]: (0.5, 2.4, 2.0) 4
[15:04:34.175]: (0.5, 2.4, 2.0) 4
[15:04:34.191]: (0.5, 2.4, 2.0) 4
[15:04:34.208]: (0.5, 2.4, 2.0) 4
[15:04:34.225]: (0.5, 2.4, 2.0) 4
[15:04:34.241]: (0.5, 2.4, 2.1) 1
[15:04:34.259]: (0.5, 2.4, 2.0) 4
[15:04:34.276]: (0.5, 2.4, 2.0) 4
[15:04:34.293]: (0.5, 2.4, 2.0) 4
[15:04:34.309]: (0.5, 2.4, 2.0) 4
[15:04:34.325]: (0.5, 2.5, 2.0) 4
[15:04:34.342]: (0.5, 2.4, 2.0) 4
[15:04:34.362]: (0.5, 2.4, 2.0) 4
[15:04:34.384]: (0.5, 2.4, 2.0) 4
[15:04:34.406]: (0.6, 2.5, 2.2) 3
[15:04:34.431]: (0.6, 2.5, 2.2) 3
[15:04:34.473]: (0.6, 2.5, 2.2) 3
[15:04:34.495]: (0.7, 2.5, 2.2) 3
[15:04:34.517]: (0.5, 2.4, 2.0) 4
[15:04:34.563]: (-0.3, 2.6, 2.4) 34
[15:04:34.695]: (-0.3, 2.5, 2.4) 34
[15:04:35.042]: (-1.1, 2.5, 2.5) 57
[15:04:35.241]: (-1.2, 2.5, 2.5) 57
[15:04:35.373]: (-0.9, 1.8, 1.6) 24
[15:04:35.395]: (-1.0, 1.8, 1.5) 30
[15:04:35.505]: (-1.2, 2.0, 1.6) 26
[15:04:35.987]: (-1.0, 1.9, 1.5) 30
[15:04:36.339]: (-1.0, 2.0, 1.8) 19
[15:04:36.383]: (-0.9, 1.9, 1.6) 24
[15:04:36.405]: (-0.9, 1.9, 1.6) 24
[15:04:36.429]: (-0.9, 1.9, 1.6) 24
[15:04:36.451]: (-0.9, 1.9, 1.6) 24
[15:04:36.472]: (-0.9, 1.9, 1.6) 24
[15:04:36.555]: (-1.1, 1.9, 1.7) 28
[15:04:36.573]: (-1.0, 1.9, 1.5) 22
[15:04:36.592]: (-1.1, 1.9, 1.7) 28
[15:04:36.633]: (-1.1, 2.0, 1.7) 28
[15:04:36.953]: (-0.8, 2.2, 1.3) 30
[15:04:36.977]: (-0.8, 2.3, 1.3) 30
[15:04:37.000]: (-0.8, 2.3, 1.3) 22
[15:04:37.023]: (-0.9, 2.3, 1.3) 22
[15:04:37.045]: (-0.9, 2.3, 1.3) 29
[15:04:37.069]: (-0.9, 2.2, 1.3) 29
[15:04:37.093]: (-0.8, 2.3, 1.3) 29
[15:04:37.113]: (-0.8, 2.3, 1.3) 29
[15:04:37.131]: (-0.9, 2.3, 1.3) 29
[15:04:37.181]: (-0.9, 2.2, 1.4) 22
[15:04:37.197]: (-0.8, 2.2, 1.3) 22
[15:04:37.229]: (-0.8, 2.2, 1.3) 22
[15:04:37.262]: (-0.8, 2.2, 1.4) 22
[15:04:37.295]: (-0.9, 2.1, 1.3) 30
[15:04:37.395]: (-1.0, 2.2, 1.5) 20
[15:04:37.563]: (-1.0, 2.2, 1.4) 20
[15:04:37.595]: (-1.0, 2.2, 1.4) 20
[15:04:37.629]: (-1.0, 2.2, 1.4) 20
[15:04:37.661]: (-1.0, 2.2, 1.5) 20
[15:04:38.508]: (-0.6, 2.2, 1.4) 28
[15:04:38.530]: (-0.6, 2.1, 1.4) 28
[15:04:38.553]: (-0.5, 2.1, 1.2) 24
[15:04:38.576]: (-0.5, 2.1, 1.1) 22
[15:04:38.599]: (-0.5, 2.1, 1.2) 22
[15:04:38.620]: (-0.5, 2.1, 1.1) 22
[15:04:38.640]: (-0.5, 2.1, 1.1) 22
[15:04:38.663]: (-0.5, 2.0, 1.1) 30
[15:04:38.686]: (-0.5, 2.0, 1.1) 30
[15:04:38.796]: (-0.6, 2.1, 1.2) 30
[15:04:38.820]: (-0.6, 2.1, 1.2) 30
[15:04:39.089]: (-0.9, 2.9, 1.9) 57
[15:04:39.157]: (-0.9, 2.9, 1.9) 57
[15:04:39.319]: (-0.9, 2.8, 1.9) 57
[15:04:39.342]: (-0.9, 2.8, 1.9) 57
[15:04:39.361]: (-0.9, 2.8, 1.9) 57
[15:04:39.377]: (-0.9, 2.8, 1.9) 57
[15:04:39.950]: (-0.9, 2.8, 2.0) 57
[15:04:40.027]: (-0.9, 2.8, 1.9) 57
[15:04:40.071]: (-0.9, 2.8, 2.0) 57
[15:04:40.116]: (-0.9, 2.8, 1.9) 57
[15:04:40.134]: (-0.9, 2.8, 1.9) 57
[15:04:40.151]: (-0.9, 2.8, 1.9) 57
[15:04:40.167]: (-0.9, 2.8, 1.9) 57
[15:04:40.348]: (0.0, 2.7, 2.0) 40
[15:04:40.379]: (0.0, 2.6, 1.8) 39
[15:04:40.396]: (-0.1, 2.6, 1.9) 39
[15:04:40.505]: (0.0, 2.7, 2.1) 40
[15:04:40.522]: (0.0, 2.7, 2.1) 40
[15:04:40.539]: (0.0, 2.7, 2.1) 40
[15:04:40.558]: (0.0, 2.7, 2.0) 40
[15:04:40.625]: (0.8, 2.3, 1.7) 2
[15:04:40.736]: (0.9, 2.2, 1.7) 8
[15:04:40.760]: (0.9, 2.2, 1.7) 8
[15:04:40.781]: (0.9, 2.2, 1.7) 8
[15:04:40.805]: (0.8, 2.3, 1.8) 7
[15:04:40.826]: (0.8, 2.3, 1.7) 2
[15:04:40.847]: (0.8, 2.3, 1.7) 2
[15:04:40.871]: (0.8, 2.3, 1.8) 7
[15:04:40.892]: (0.8, 2.3, 1.7) 2
[15:04:40.916]: (0.8, 2.3, 1.8) 7
[15:04:40.937]: (0.8, 2.3, 1.8) 7
[15:04:40.989]: (0.8, 2.3, 1.7) 2
[15:04:41.005]: (0.8, 2.3, 1.7) 2
[15:04:41.023]: (0.7, 2.3, 1.7) 1
[15:04:41.041]: (0.7, 2.3, 1.6) 6
[15:04:41.059]: (0.7, 2.3, 1.6) 6
[15:04:41.076]: (0.7, 2.3, 1.6) 6
[15:04:41.093]: (0.7, 2.2, 1.6) 6
[15:04:41.109]: (0.7, 2.2, 1.6) 6
[15:04:41.126]: (0.6, 2.2, 1.6) 6
[15:04:41.142]: (0.7, 2.2, 1.7) 6
[15:04:41.159]: (0.7, 2.2, 1.7) 6
[15:04:41.176]: (0.8, 2.2, 1.7) 8
[15:04:41.192]: (0.9, 2.2, 1.7) 8
[15:04:41.208]: (0.9, 2.2, 1.7) 8
[15:04:41.225]: (0.9, 2.3, 1.8) 7
[15:04:41.242]: (0.8, 2.3, 1.8) 7
[15:04:41.260]: (0.8, 2.2, 1.8) 7
[15:04:41.277]: (0.8, 2.2, 1.8) 7
[15:04:41.295]: (0.9, 2.2, 1.8) 7
[15:04:41.311]: (0.8, 2.2, 1.8) 7
[15:04:41.328]: (0.7, 2.4, 1.6) 4
[15:04:41.392]: (1.3, 3.6, 2.9) 49
[15:04:41.948]: (1.4, 3.0, 2.6) 13
[15:04:41.968]: (1.6, 2.9, 2.6) 14
[15:04:48.345]: (0.5, 2.5, 1.7) 5
[15:04:48.361]: (0.5, 2.4, 1.7) 5
[15:04:48.378]: (0.5, 2.4, 1.6) 1
[15:04:48.410]: (0.5, 2.4, 1.6) 1
[15:04:48.478]: (0.5, 2.5, 1.7) 5
[15:04:48.611]: (0.5, 2.5, 1.7) 5
[15:04:48.633]: (0.4, 2.5, 1.7) 5
[15:04:48.655]: (0.4, 2.5, 1.7) 5
[15:04:48.994]: (-0.3, 2.7, 1.8) 38
[15:04:49.012]: (-0.4, 2.7, 1.8) 38
[15:04:49.028]: (-0.4, 2.7, 1.8) 38
[15:04:49.044]: (-0.4, 2.7, 1.8) 38
[15:04:49.060]: (-0.4, 2.7, 1.8) 38
[15:04:49.076]: (-0.4, 2.7, 1.8) 38
[15:04:49.093]: (-0.4, 2.7, 1.8) 38
[15:04:49.455]: (-1.3, 2.8, 1.7) 62
[15:04:49.522]: (-1.3, 2.8, 1.8) 62
[15:04:49.677]: (-0.9, 2.2, 1.3) 19
[15:04:50.167]: (-1.3, 2.0, 1.1) 27
[15:04:50.211]: (-0.9, 2.0, 1.1) 22
[15:04:50.344]: (-1.0, 2.2, 1.3) 19
[15:04:50.522]: (-1.1, 2.8, 1.8) 57
[15:04:50.541]: (-1.0, 2.8, 1.8) 57
[15:04:51.132]: (-0.2, 2.6, 1.7) 39
[15:04:51.154]: (-0.2, 2.7, 1.9) 40
[15:04:51.266]: (-0.2, 2.8, 1.9) 40
[15:04:51.288]: (-0.2, 2.8, 1.9) 40
[15:04:51.333]: (-0.1, 2.8, 1.9) 40
[15:04:51.465]: (-0.1, 2.8, 1.9) 36
[15:04:52.087]: (0.5, 2.2, 1.6) 6
[15:04:52.110]: (0.5, 2.2, 1.6) 6
[15:04:52.132]: (0.5, 2.2, 1.6) 6
[15:04:52.258]: (1.5, 3.1, 2.5) 13
[15:04:52.275]: (1.5, 3.1, 2.5) 13
[15:04:52.765]: (0.6, 2.3, 1.7) 2
[15:04:52.831]: (0.4, 2.3, 1.6) 6
[15:04:52.855]: (0.4, 2.3, 1.6) 6
[15:04:53.204]: (-0.2, 2.6, 1.8) 39
[15:04:53.221]: (-0.2, 2.7, 1.8) 39
[15:04:53.238]: (-0.2, 2.8, 1.9) 35
[15:04:53.256]: (-0.2, 2.8, 1.9) 40
[15:04:53.276]: (-0.2, 2.7, 1.9) 40
[15:04:53.293]: (-0.2, 2.6, 1.8) 39
[15:04:53.311]: (-0.2, 2.6, 1.7) 39
[15:04:53.332]: (-0.2, 2.7, 1.7) 39
[15:04:53.350]: (-0.2, 2.8, 1.9) 35
[15:04:53.385]: (-0.2, 2.8, 1.9) 35
[15:04:53.405]: (-0.2, 2.7, 1.7) 39
[15:04:53.654]: (-1.3, 2.9, 1.7) 56
[15:04:53.876]: (-1.0, 2.2, 1.1) 31
[15:04:54.027]: (-1.1, 2.8, 1.7) 57
[15:04:54.077]: (-1.2, 2.8, 1.8) 57
[15:04:54.095]: (-1.1, 2.8, 1.7) 57
[15:04:54.112]: (-1.1, 2.8, 1.7) 57
[15:04:54.130]: (-1.1, 2.8, 1.7) 57
[15:04:54.719]: (-0.9, 1.9, 1.2) 24
[15:04:54.742]: (-0.9, 2.0, 1.0) 22
[15:04:54.831]: (-0.9, 2.1, 1.3) 25
[15:04:54.953]: (-1.2, 2.1, 1.0) 26
[15:04:55.030]: (-1.2, 2.0, 1.1) 20
[15:04:55.046]: (-1.2, 2.0, 1.1) 20
[15:04:55.063]: (-1.2, 2.0, 1.1) 20
[15:04:55.080]: (-0.9, 2.1, 1.0) 29
