[16:00:41.431]: (-1.2, -2.3, 1.7) 65
[16:00:42.063]: (0.6, 1.1, 1.7) 0
[16:00:42.086]: (0.6, 1.2, 1.7) 0
[16:00:42.108]: (0.6, 1.2, 1.7) 0
[16:00:42.130]: (0.9, 1.2, 2.2) 14
[16:00:42.152]: (0.7, 1.3, 1.9) 13
[16:00:42.174]: (1.5, 1.4, 3.5) 107
[16:00:42.221]: (0.7, 1.4, 1.7) 1
[16:00:42.312]: (0.5, 1.3, 1.7) 10
[16:00:42.381]: (1.0, 1.4, 2.8) 51
[16:00:42.401]: (0.5, 1.4, 1.7) 10
[16:00:42.422]: (1.0, 1.3, 3.7) 102
[16:00:42.731]: (0.4, 1.3, 2.9) 39
[16:00:42.748]: (0.8, 1.3, 3.0) 44
[16:00:42.781]: (0.9, 1.3, 3.0) 44
[16:00:42.803]: (0.8, 1.3, 2.7) 43
[16:00:43.034]: (0.6, 2.0, 1.6) 9
[16:00:43.058]: (0.7, 2.0, 1.5) 9
[16:00:43.082]: (0.5, 2.1, 1.5) 9
[16:00:43.119]: (0.5, 2.2, 1.5) 0
[16:00:43.149]: (0.5, 2.4, 1.6) 13
[16:00:43.184]: (0.4, 2.3, 1.4) 0
[16:00:43.215]: (0.4, 2.3, 1.4) 0
[16:00:43.249]: (0.3, 2.3, 1.4) 0
[16:00:43.282]: (0.2, 2.3, 1.3) 10
[16:00:43.317]: (0.2, 2.4, 1.5) 11
[16:00:43.450]: (0.2, 2.6, 1.5) 13
[16:00:43.484]: (0.0, 2.4, 1.2) 10
[16:00:43.646]: (0.2, 2.9, 2.2) 43
[16:00:43.683]: (0.1, 2.9, 2.2) 43
[16:00:43.715]: (0.1, 2.9, 2.2) 43
[16:00:43.801]: (0.0, 2.9, 2.1) 48
[16:00:43.823]: (0.0, 2.9, 2.1) 48
[16:00:43.844]: (0.0, 2.9, 2.1) 48
[16:00:43.911]: (0.0, 2.9, 2.1) 48
[16:00:43.935]: (0.0, 2.9, 2.1) 48
[16:00:43.955]: (0.0, 2.9, 2.1) 48
[16:00:43.978]: (0.0, 2.9, 2.1) 48
[16:00:44.000]: (0.0, 2.9, 2.1) 48
[16:00:44.021]: (0.0, 2.9, 2.1) 48
[16:00:44.044]: (0.1, 2.9, 2.1) 48
[16:00:44.067]: (0.1, 3.1, 2.3) 42
[16:00:44.090]: (0.1, 3.0, 2.1) 43
[16:00:44.110]: (0.1, 3.1, 2.3) 42
[16:00:44.134]: (0.1, 3.1, 2.3) 42
[16:00:44.155]: (0.1, 3.2, 2.3) 42
[16:00:44.179]: (0.3, 3.2, 2.3) 44
[16:00:44.200]: (0.3, 3.5, 2.6) 104
[16:00:44.223]: (0.3, 3.5, 2.6) 104
[16:00:44.245]: (0.2, 3.2, 2.3) 44
[16:00:44.268]: (0.2, 3.2, 2.2) 44
[16:00:44.293]: (0.2, 3.1, 2.0) 45
[16:00:44.317]: (0.2, 3.1, 2.0) 45
[16:00:44.380]: (0.0, 2.6, 1.3) 11
[16:00:44.405]: (0.0, 2.5, 1.1) 10
[16:00:44.430]: (0.0, 2.5, 1.1) 10
[16:00:44.458]: (0.0, 2.6, 1.2) 11
[16:00:44.484]: (0.0, 2.5, 1.0) 10
[16:00:44.511]: (0.0, 2.5, 1.0) 10
[16:00:44.537]: (0.0, 2.6, 1.1) 11
[16:00:44.583]: (-0.1, 2.6, 1.0) 10
[16:00:44.924]: (-0.2, 3.3, 1.3) 48
[16:00:45.610]: (-0.4, 3.3, 1.4) 43
[16:00:45.632]: (-0.4, 3.3, 1.4) 43
[16:00:45.654]: (-0.4, 3.3, 1.4) 43
[16:00:45.677]: (-0.4, 3.2, 1.4) 48
[16:00:45.700]: (-0.4, 3.3, 1.4) 43
[16:00:45.725]: (-0.4, 3.2, 1.4) 48
[16:00:45.748]: (-0.4, 3.2, 1.3) 48
[16:00:45.770]: (-0.4, 3.2, 1.3) 48
[16:00:45.793]: (-0.4, 3.2, 1.3) 48
[16:00:45.818]: (-0.4, 3.2, 1.3) 48
[16:00:45.840]: (-0.4, 3.2, 1.3) 48
[16:00:45.884]: (-0.4, 3.2, 1.3) 48
[16:00:45.906]: (-0.4, 3.2, 1.3) 48
[16:00:45.927]: (-0.4, 3.2, 1.4) 43
[16:00:46.264]: (-0.3, 3.2, 1.5) 51
[16:00:46.285]: (-0.3, 3.2, 1.5) 46
[16:00:46.399]: (-0.2, 3.3, 1.6) 49
[16:00:46.415]: (-0.2, 3.3, 1.6) 49
[16:00:46.434]: (-0.2, 3.3, 1.6) 49
[16:00:46.451]: (-0.2, 3.3, 1.6) 49
[16:00:46.469]: (-0.4, 3.1, 1.6) 42
[16:00:46.487]: (-0.4, 3.2, 1.6) 42
[16:00:46.506]: (-0.4, 3.1, 1.6) 42
[16:00:46.523]: (-0.4, 3.1, 1.6) 42
[16:00:46.540]: (-0.4, 3.1, 1.6) 42
[16:00:46.556]: (-0.4, 3.1, 1.6) 42
[16:00:46.573]: (-0.4, 3.1, 1.6) 42
[16:00:46.591]: (-0.4, 3.1, 1.6) 42
[16:00:46.610]: (-0.4, 3.1, 1.6) 42
[16:00:46.632]: (-0.4, 3.1, 1.6) 42
[16:00:46.655]: (-0.4, 3.1, 1.6) 42
[16:00:46.676]: (-0.4, 3.1, 1.6) 42
[16:00:46.699]: (-0.4, 3.1, 1.6) 42
[16:00:46.720]: (-0.4, 3.1, 1.6) 42
[16:00:46.742]: (-0.4, 3.0, 1.5) 43
[16:00:47.053]: (-0.3, 3.0, 1.5) 45
[16:00:47.075]: (-0.3, 3.0, 1.5) 45
[16:00:47.093]: (-0.3, 3.0, 1.5) 45
[16:00:47.113]: (-0.3, 3.0, 1.4) 45
[16:00:47.131]: (-0.3, 2.9, 1.4) 50
[16:00:47.151]: (-0.3, 2.9, 1.3) 50
[16:00:47.174]: (-0.3, 2.9, 1.3) 50
[16:00:47.196]: (-0.3, 2.9, 1.4) 50
[16:00:47.324]: (-0.5, 3.0, 1.4) 45
[16:00:47.347]: (-0.5, 3.0, 1.4) 45
[16:00:47.372]: (-0.5, 3.0, 1.4) 45
[16:00:47.418]: (-0.5, 3.0, 1.3) 43
[16:00:47.442]: (-0.5, 3.0, 1.3) 43
[16:00:47.466]: (-0.5, 3.0, 1.3) 43
[16:00:47.490]: (-0.5, 3.0, 1.3) 43
[16:00:47.512]: (-0.5, 2.9, 1.2) 48
[16:00:47.535]: (-0.4, 3.0, 1.2) 43
[16:00:47.559]: (-0.4, 3.0, 1.2) 43
[16:00:47.582]: (-0.4, 3.0, 1.2) 48
[16:00:47.606]: (-0.4, 2.9, 1.2) 48
[16:00:47.773]: (-0.3, 3.1, 1.2) 41
[16:00:47.791]: (-0.3, 3.1, 1.3) 41
[16:00:47.824]: (-0.3, 3.1, 1.2) 41
[16:00:47.857]: (-0.2, 3.0, 1.2) 43
[16:00:47.887]: (-0.2, 3.0, 1.2) 43
[16:00:47.922]: (-0.2, 3.0, 1.2) 43
[16:00:47.953]: (-0.2, 2.9, 1.2) 48
[16:00:47.988]: (-0.2, 2.9, 1.2) 48
[16:00:48.019]: (-0.2, 2.9, 1.2) 48
[16:00:48.056]: (-0.2, 2.9, 1.2) 48
[16:00:48.087]: (-0.2, 2.9, 1.2) 48
[16:00:48.122]: (-0.2, 2.9, 1.2) 48
[16:00:48.153]: (-0.2, 2.9, 1.2) 48
[16:00:48.187]: (-0.2, 3.0, 1.2) 43
[16:00:48.219]: (-0.2, 3.0, 1.2) 43
[16:00:48.255]: (-0.2, 3.0, 1.2) 43
[16:00:48.286]: (-0.2, 3.0, 1.2) 43
[16:00:48.320]: (-0.2, 3.0, 1.2) 43
[16:00:48.353]: (-0.2, 3.0, 1.2) 43
[16:00:49.719]: (-0.3, 3.0, 1.0) 39
[16:00:49.738]: (-0.3, 3.0, 0.9) 39
[16:00:49.755]: (-0.3, 3.0, 0.9) 39
[16:00:49.774]: (-0.3, 3.0, 1.0) 39
[16:00:49.794]: (-0.3, 3.1, 1.0) 40
[16:00:49.828]: (-0.3, 3.0, 1.0) 39
[16:00:49.847]: (-0.3, 3.0, 1.0) 39
[16:00:49.867]: (-0.3, 3.1, 1.0) 40
[16:00:49.976]: (0.1, 2.9, 0.9) 45
[16:00:49.998]: (0.1, 2.8, 0.8) 50
[16:00:50.020]: (0.3, 2.3, 0.7) 14
[16:00:50.041]: (0.3, 2.3, 0.8) 14
[16:00:50.147]: (0.2, 2.1, 0.7) 3
[16:00:50.169]: (0.3, 2.1, 0.8) 5
[16:00:50.214]: (0.3, 2.1, 0.7) 5
[16:00:50.235]: (0.3, 2.1, 0.8) 5
[16:00:50.258]: (0.2, 2.1, 0.8) 3
[16:00:50.301]: (0.2, 2.0, 0.7) 2
[16:00:50.324]: (0.1, 1.9, 0.7) 2
[16:00:50.346]: (0.1, 1.9, 0.7) 2
[16:00:50.369]: (0.1, 1.9, 0.7) 2
[16:00:50.391]: (0.1, 1.9, 0.7) 2
[16:00:50.411]: (0.1, 1.9, 0.7) 2
[16:00:50.447]: (0.1, 1.9, 0.7) 2
[16:00:50.515]: (0.1, 1.9, 0.7) 2
[16:00:50.714]: (0.1, 2.2, 0.7) 14
[16:00:50.746]: (-0.2, 2.8, 0.9) 51
[16:00:50.975]: (-0.6, 3.7, 1.1) 101
[16:00:51.010]: (-0.6, 3.7, 1.1) 101
[16:00:51.043]: (-0.6, 3.7, 1.2) 101
[16:00:51.076]: (-0.6, 3.6, 1.1) 102
[16:00:51.097]: (-0.6, 3.6, 1.1) 102
[16:00:51.120]: (-0.6, 3.6, 1.1) 102
[16:00:51.275]: (-0.4, 3.6, 1.0) 94
[16:00:51.297]: (-0.4, 3.6, 1.0) 94
[16:00:51.319]: (-0.4, 3.6, 1.0) 94
[16:00:51.646]: (-0.4, 3.5, 1.0) 102
[16:00:51.670]: (-0.4, 3.5, 1.0) 102
[16:00:51.691]: (-0.4, 3.5, 1.0) 102
[16:00:51.714]: (-0.3, 3.5, 1.0) 102
[16:00:51.741]: (-0.3, 3.5, 1.0) 102
[16:00:51.806]: (-0.4, 3.7, 1.1) 101
[16:00:51.829]: (-0.4, 3.7, 1.1) 101
[16:00:51.851]: (-0.4, 3.6, 1.1) 101
[16:00:51.874]: (-0.4, 3.6, 1.1) 101
[16:00:51.896]: (-0.4, 3.7, 1.1) 109
[16:00:51.918]: (-0.4, 3.8, 1.2) 109
[16:00:51.941]: (0.0, 3.5, 1.0) 95
[16:00:51.984]: (0.7, 2.9, 0.8) 73
[16:00:52.020]: (0.7, 2.8, 0.7) 75
[16:00:52.038]: (0.7, 2.7, 0.7) 74
[16:00:52.056]: (0.7, 2.7, 0.7) 74
[16:00:52.073]: (0.7, 2.7, 0.6) 74
[16:00:52.089]: (0.7, 2.7, 0.7) 74
[16:00:52.120]: (0.7, 2.7, 0.7) 74
[16:00:52.153]: (0.7, 2.8, 0.8) 75
[16:00:52.186]: (0.7, 2.8, 0.8) 75
[16:00:52.219]: (0.7, 2.8, 0.8) 75
[16:00:52.253]: (0.8, 2.7, 0.6) 74
[16:00:52.286]: (0.7, 2.6, 0.6) 89
[16:00:52.319]: (0.8, 2.7, 0.6) 74
[16:00:52.353]: (0.7, 2.7, 0.6) 74
[16:00:52.386]: (0.7, 2.7, 0.6) 74
[16:00:52.420]: (0.7, 2.7, 0.7) 74
[16:00:52.452]: (0.7, 2.8, 0.8) 75
[16:00:52.486]: (0.7, 2.8, 0.8) 75
[16:00:52.519]: (0.7, 2.8, 0.8) 75
[16:00:52.552]: (0.7, 2.8, 0.8) 75
[16:00:52.653]: (-0.8, 3.1, 1.4) 65
[16:00:53.036]: (-1.0, 3.4, 1.0) 67
[16:00:53.061]: (-1.0, 3.4, 1.1) 67
[16:00:53.085]: (-1.0, 3.4, 1.0) 67
[16:00:53.112]: (-1.0, 3.4, 1.0) 67
[16:00:53.136]: (-1.0, 3.4, 1.0) 67
[16:00:53.160]: (-1.0, 3.5, 1.1) 58
[16:00:53.183]: (-1.1, 3.6, 1.2) 57
[16:00:53.207]: (-1.1, 3.6, 1.2) 57
[16:00:53.232]: (-1.1, 3.6, 1.2) 57
[16:00:53.324]: (-1.1, 3.6, 1.3) 66
[16:00:53.440]: (-1.3, 2.6, 1.4) 32
[16:00:53.508]: (-1.3, 2.6, 1.4) 32
[16:00:53.534]: (-1.3, 2.6, 1.4) 32
[16:00:53.601]: (-1.0, 2.4, 1.3) 25
[16:00:53.626]: (-1.0, 2.4, 1.3) 25
[16:00:53.649]: (-1.0, 2.4, 1.3) 25
[16:00:53.672]: (-1.0, 2.4, 1.2) 27
[16:00:53.703]: (-1.0, 2.4, 1.2) 27
[16:00:53.735]: (-0.9, 2.4, 1.1) 37
[16:00:53.773]: (-0.9, 2.4, 1.1) 37
[16:00:53.870]: (-0.3, 3.3, 0.8) 110
[16:00:53.902]: (-0.3, 3.3, 0.8) 110
[16:00:53.931]: (-0.3, 3.3, 0.8) 110
[16:00:53.971]: (-0.3, 3.3, 0.8) 110
[16:00:54.002]: (-0.3, 3.3, 0.8) 110
[16:00:54.032]: (-0.2, 3.4, 0.8) 102
[16:00:54.296]: (-0.2, 3.3, 0.6) 104
[16:00:54.330]: (-0.2, 3.3, 0.6) 104
[16:00:54.363]: (-0.2, 3.3, 0.6) 104
[16:00:54.385]: (-0.1, 3.3, 0.6) 104
[16:00:54.407]: (-0.1, 3.3, 0.6) 104
[16:00:54.430]: (-0.1, 3.3, 0.6) 104
[16:00:54.451]: (-0.1, 3.3, 0.6) 104
[16:00:54.475]: (-0.1, 3.4, 0.7) 94
[16:00:54.496]: (-0.1, 3.4, 0.7) 94
[16:00:54.518]: (-0.1, 3.4, 0.7) 94
[16:00:54.540]: (-0.1, 3.4, 0.7) 94
[16:00:54.563]: (-0.1, 3.4, 0.7) 94
[16:00:54.584]: (-0.1, 3.4, 0.7) 94
[16:00:54.607]: (-0.1, 3.4, 0.7) 94
[16:00:54.629]: (-0.2, 3.4, 0.7) 94
[16:00:54.651]: (-0.2, 3.4, 0.7) 94
[16:00:54.673]: (-0.2, 3.4, 0.7) 94
[16:00:54.697]: (-0.1, 3.4, 0.7) 94
[16:00:54.717]: (-0.1, 3.4, 0.7) 94
[16:00:54.742]: (-0.1, 3.4, 0.7) 94
[16:00:54.763]: (-0.1, 3.4, 0.7) 94
[16:00:54.785]: (-0.1, 3.4, 0.7) 94
[16:00:54.808]: (-0.1, 3.3, 0.6) 104
[16:00:54.829]: (-0.1, 3.4, 0.7) 94
[16:00:54.852]: (-0.1, 3.4, 0.7) 94
[16:00:54.874]: (-0.1, 3.4, 0.7) 94
[16:00:54.896]: (-0.1, 3.4, 0.7) 94
[16:00:54.918]: (-0.1, 3.4, 0.7) 94
[16:00:54.940]: (-0.1, 3.4, 0.7) 94
[16:00:54.963]: (-0.1, 3.4, 0.7) 94
[16:00:54.985]: (-0.1, 3.4, 0.7) 94
[16:00:55.007]: (-0.1, 3.4, 0.7) 94
[16:00:55.028]: (-0.1, 3.4, 0.7) 94
[16:00:55.052]: (-0.3, 3.4, 0.7) 102
[16:00:55.074]: (-0.3, 3.4, 0.7) 102
[16:00:55.098]: (-0.3, 3.4, 0.7) 102
[16:00:55.119]: (-0.3, 3.4, 0.7) 102
[16:00:55.143]: (-0.3, 3.4, 0.7) 102
[16:00:55.166]: (-0.3, 3.4, 0.7) 102
[16:00:55.189]: (-0.3, 3.4, 0.7) 102
[16:00:55.211]: (-0.3, 3.4, 0.7) 102
[16:00:55.233]: (-0.3, 3.4, 0.7) 102
[16:00:55.256]: (-0.3, 3.4, 0.7) 102
[16:00:55.278]: (-0.3, 3.4, 0.7) 102
[16:00:55.300]: (-0.3, 3.4, 0.7) 102
[16:00:55.322]: (-0.2, 3.3, 0.6) 104
[16:00:55.456]: (-0.2, 3.3, 0.6) 104
[16:00:56.103]: (-0.2, 3.1, 0.5) 104
[16:00:56.125]: (-0.2, 3.1, 0.5) 104
[16:00:56.147]: (-0.2, 3.1, 0.5) 104
[16:00:56.170]: (-0.2, 3.1, 0.5) 104
[16:00:56.193]: (-0.2, 3.1, 0.5) 104
[16:00:56.216]: (-0.2, 3.1, 0.5) 104
[16:00:56.932]: (-0.5, 3.3, 0.6) 102
[16:00:56.999]: (-0.4, 3.3, 0.6) 102
[16:00:57.034]: (-0.4, 3.3, 0.6) 102
[16:00:57.165]: (-0.4, 3.3, 0.6) 94
[16:00:57.190]: (-0.4, 3.3, 0.6) 94
[16:00:57.212]: (-0.4, 3.3, 0.6) 94
[16:00:57.234]: (-0.4, 3.3, 0.6) 94
[16:00:57.257]: (-0.4, 3.3, 0.6) 94
[16:00:57.277]: (-0.4, 3.3, 0.6) 94
[16:00:57.343]: (-0.4, 3.3, 0.7) 94
[16:00:57.364]: (-0.4, 3.3, 0.7) 94
[16:00:57.454]: (-0.4, 3.3, 0.7) 94
[16:00:57.477]: (-0.4, 3.3, 0.6) 94
[16:00:57.500]: (-0.4, 3.3, 0.7) 94
[16:00:57.566]: (-0.3, 3.4, 0.6) 94
[16:00:57.677]: (-0.3, 3.4, 0.6) 94
[16:00:57.810]: (-0.3, 3.4, 0.6) 94
[16:00:57.832]: (-0.3, 3.4, 0.6) 94
[16:00:57.855]: (-0.3, 3.4, 0.6) 94
[16:00:57.879]: (-0.3, 3.3, 0.6) 94
[16:00:57.901]: (-0.3, 3.3, 0.6) 94
[16:00:57.923]: (-0.4, 3.3, 0.6) 102
[16:00:57.946]: (-0.4, 3.3, 0.6) 102
[16:00:58.101]: (-0.3, 3.3, 0.6) 94
[16:00:58.125]: (-0.3, 3.3, 0.6) 94
[16:00:58.145]: (-0.3, 3.3, 0.6) 94
[16:00:58.168]: (-0.3, 3.4, 0.6) 94
[16:00:58.189]: (-0.3, 3.3, 0.6) 94
[16:00:58.212]: (-0.3, 3.3, 0.6) 94
[16:00:58.235]: (-0.3, 3.3, 0.6) 94
[16:00:58.258]: (-0.3, 3.4, 0.6) 94
[16:00:58.280]: (-0.3, 3.4, 0.6) 94
[16:00:58.303]: (-0.3, 3.4, 0.6) 94
[16:00:58.860]: (-0.4, 2.5, 0.7) 41
[16:00:58.883]: (-0.4, 2.5, 0.8) 41
[16:00:58.904]: (-0.4, 2.5, 0.8) 41
[16:00:58.927]: (-0.4, 2.5, 0.8) 41
[16:00:58.950]: (-0.4, 2.5, 0.8) 41
[16:00:58.972]: (-0.4, 2.5, 0.8) 41
[16:00:58.993]: (-0.4, 2.5, 0.8) 41
[16:00:59.015]: (-0.4, 2.5, 0.8) 39
[16:00:59.038]: (-0.5, 2.5, 0.8) 39
[16:00:59.061]: (-0.5, 2.4, 0.8) 39
[16:00:59.082]: (-0.5, 2.5, 0.8) 39
[16:00:59.106]: (-0.5, 2.5, 0.8) 39
[16:00:59.126]: (-0.5, 2.5, 0.8) 39
[16:00:59.149]: (-0.5, 2.5, 0.8) 39
[16:00:59.173]: (-0.5, 2.4, 0.8) 39
[16:00:59.190]: (-0.5, 2.5, 0.8) 39
[16:00:59.207]: (-0.5, 2.5, 0.8) 39
[16:00:59.224]: (-0.4, 2.5, 0.8) 39
[16:00:59.241]: (-0.4, 2.4, 0.8) 39
[16:00:59.258]: (-0.4, 2.4, 0.8) 39
[16:00:59.275]: (-0.4, 2.4, 0.8) 39
[16:00:59.293]: (-0.4, 2.4, 0.8) 39
[16:00:59.310]: (-0.4, 2.4, 0.8) 39
[16:00:59.328]: (-0.4, 2.5, 0.9) 39
[16:00:59.404]: (-0.1, 2.5, 0.6) 46
[16:00:59.421]: (-0.2, 2.6, 0.6) 46
[16:00:59.438]: (-0.1, 2.5, 0.6) 46
[16:00:59.455]: (-0.1, 2.5, 0.6) 46
[16:00:59.472]: (-0.1, 2.6, 0.6) 46
[16:00:59.490]: (-0.1, 2.6, 0.6) 46
[16:00:59.506]: (-0.1, 2.6, 0.6) 46
[16:00:59.523]: (-0.1, 2.6, 0.6) 46
[16:00:59.539]: (-0.1, 2.5, 0.6) 46
[16:00:59.557]: (-0.2, 2.6, 0.6) 44
[16:00:59.574]: (-0.1, 2.6, 0.6) 46
[16:00:59.591]: (-0.1, 2.6, 0.7) 44
[16:00:59.608]: (-0.2, 2.6, 0.6) 44
[16:00:59.983]: (0.2, 1.9, 0.7) 14
[16:01:00.005]: (0.2, 1.9, 0.7) 14
[16:01:00.028]: (0.2, 1.9, 0.7) 14
[16:01:00.049]: (0.2, 1.9, 0.7) 14
[16:01:00.071]: (0.2, 1.9, 0.7) 14
[16:01:00.094]: (0.2, 1.9, 0.7) 14
[16:01:00.113]: (0.2, 1.9, 0.7) 14
[16:01:00.130]: (0.3, 1.8, 0.7) 3
[16:01:00.150]: (0.3, 1.8, 0.6) 2
[16:01:00.167]: (0.3, 1.8, 0.6) 2
[16:01:00.185]: (0.3, 1.7, 0.6) 2
[16:01:00.202]: (0.3, 1.8, 0.7) 3
[16:01:00.220]: (0.3, 1.8, 0.7) 3
[16:01:00.237]: (0.3, 1.8, 0.6) 3
[16:01:00.254]: (0.3, 1.8, 0.6) 3
[16:01:00.272]: (0.3, 1.8, 0.6) 3
[16:01:00.290]: (0.3, 1.8, 0.6) 3
[16:01:00.308]: (0.3, 1.8, 0.6) 3
[16:01:00.326]: (0.3, 1.8, 0.6) 3
[16:01:00.344]: (0.3, 1.8, 0.6) 3
[16:01:00.660]: (0.3, 1.7, 0.7) 2
[16:01:00.684]: (0.3, 1.7, 0.6) 2
[16:01:00.704]: (0.3, 1.7, 0.6) 2
[16:01:00.726]: (0.3, 1.7, 0.7) 2
[16:01:00.948]: (0.3, 1.5, 0.9) 9
[16:01:00.971]: (0.3, 1.4, 0.9) 9
[16:01:00.993]: (0.2, 1.4, 0.8) 0
[16:01:01.015]: (0.2, 1.4, 0.8) 0
[16:01:01.037]: (0.2, 1.4, 0.8) 0
[16:01:01.060]: (0.2, 1.4, 0.8) 0
[16:01:01.078]: (0.2, 1.4, 0.8) 0
[16:01:01.095]: (0.2, 1.4, 0.8) 0
[16:01:01.112]: (0.2, 1.4, 0.8) 0
[16:01:01.129]: (0.2, 1.4, 0.8) 0
[16:01:01.146]: (0.2, 1.4, 0.8) 0
[16:01:01.162]: (0.2, 1.4, 0.8) 0
[16:01:01.181]: (0.2, 1.4, 0.8) 0
[16:01:01.199]: (0.2, 1.4, 0.8) 0
[16:01:01.216]: (0.2, 1.4, 0.8) 0
[16:01:01.234]: (0.2, 1.4, 0.8) 0
[16:01:01.253]: (0.2, 1.4, 0.8) 0
[16:01:01.270]: (0.2, 1.5, 0.8) 0
[16:01:01.287]: (0.2, 1.5, 0.8) 0
[16:01:01.304]: (0.2, 1.5, 0.8) 0
[16:01:01.323]: (0.1, 1.4, 0.8) 0
[16:01:01.339]: (0.2, 1.4, 0.8) 0
[16:01:01.356]: (0.2, 1.5, 0.8) 0
[16:01:01.373]: (0.2, 1.5, 0.8) 0
[16:01:01.391]: (0.2, 1.5, 0.8) 0
[16:01:01.407]: (0.2, 1.5, 0.8) 0
[16:01:01.425]: (0.2, 1.5, 0.8) 0
[16:01:01.441]: (0.2, 1.5, 0.8) 0
[16:01:01.458]: (0.2, 1.5, 0.8) 0
[16:01:01.476]: (0.2, 1.5, 0.8) 0
[16:01:01.494]: (0.1, 1.5, 0.8) 0
[16:01:01.511]: (0.1, 1.4, 0.8) 0
[16:01:01.527]: (0.1, 1.4, 0.8) 0
[16:01:01.545]: (0.1, 1.4, 0.8) 0
[16:01:01.563]: (0.2, 1.4, 0.8) 0
[16:01:01.581]: (0.2, 1.4, 0.8) 0
[16:01:01.637]: (0.3, 1.4, 0.9) 9
[16:01:01.659]: (0.3, 1.4, 0.9) 9
[16:01:01.682]: (0.3, 1.4, 0.9) 9
[16:01:01.704]: (0.3, 1.4, 0.9) 9
[16:01:01.726]: (0.3, 1.4, 0.9) 9
[16:01:01.748]: (0.3, 1.5, 0.9) 9
[16:01:01.770]: (0.3, 1.5, 0.9) 9
[16:01:01.793]: (0.3, 1.5, 0.9) 9
[16:01:01.815]: (0.3, 1.5, 0.9) 9
[16:01:01.837]: (0.2, 1.4, 0.6) 12
[16:01:01.860]: (0.2, 1.4, 0.6) 12
[16:01:01.882]: (0.2, 1.4, 0.6) 12
[16:01:01.904]: (0.2, 1.4, 0.6) 12
[16:01:01.926]: (0.2, 1.4, 0.6) 12
[16:01:01.948]: (0.2, 1.4, 0.6) 12
[16:01:02.038]: (0.7, 2.4, 0.6) 93
[16:01:02.057]: (0.7, 2.4, 0.6) 93
[16:01:02.075]: (0.7, 2.4, 0.6) 93
[16:01:02.122]: (0.7, 2.4, 0.6) 93
[16:01:02.155]: (0.7, 2.4, 0.6) 81
[16:01:02.190]: (0.6, 2.6, 0.4) 74
[16:01:02.206]: (0.6, 2.6, 0.4) 74
[16:01:02.223]: (0.6, 2.6, 0.4) 74
[16:01:02.241]: (0.6, 2.6, 0.4) 74
[16:01:02.258]: (0.6, 2.6, 0.4) 74
[16:01:02.276]: (0.6, 2.6, 0.4) 74
[16:01:02.293]: (0.6, 2.6, 0.4) 74
[16:01:02.311]: (0.6, 2.6, 0.5) 74
[16:01:02.327]: (0.6, 2.6, 0.5) 74
[16:01:02.344]: (0.6, 2.6, 0.4) 74
[16:01:02.361]: (0.6, 2.6, 0.4) 74
[16:01:02.379]: (0.6, 2.6, 0.5) 74
[16:01:02.398]: (0.6, 2.6, 0.4) 74
[16:01:02.414]: (0.6, 2.6, 0.5) 74
[16:01:02.431]: (0.6, 2.6, 0.5) 74
[16:01:02.449]: (0.6, 2.6, 0.5) 74
[16:01:02.469]: (0.6, 2.6, 0.5) 74
[16:01:02.493]: (0.6, 2.6, 0.5) 74
[16:01:02.515]: (0.6, 2.6, 0.5) 74
[16:01:02.537]: (0.6, 2.6, 0.5) 74
[16:01:02.558]: (0.6, 2.6, 0.4) 74
[16:01:02.581]: (0.6, 2.6, 0.4) 74
[16:01:02.603]: (0.6, 2.6, 0.4) 74
[16:01:02.626]: (0.6, 2.6, 0.4) 74
[16:01:02.649]: (0.6, 2.6, 0.4) 74
[16:01:02.670]: (0.6, 2.6, 0.4) 74
[16:01:02.692]: (0.6, 2.6, 0.4) 74
[16:01:02.714]: (0.6, 2.6, 0.4) 74
[16:01:02.736]: (0.6, 2.6, 0.4) 74
[16:01:02.759]: (0.6, 2.6, 0.4) 74
[16:01:02.780]: (0.6, 2.6, 0.4) 74
[16:01:02.804]: (0.6, 2.6, 0.4) 74
[16:01:02.825]: (0.6, 2.6, 0.4) 74
[16:01:02.848]: (0.6, 2.6, 0.4) 74
[16:01:02.869]: (0.6, 2.6, 0.4) 74
[16:01:02.893]: (0.6, 2.6, 0.4) 74
[16:01:02.915]: (0.6, 2.6, 0.4) 74
[16:01:02.934]: (0.6, 2.6, 0.4) 74
[16:01:02.952]: (0.6, 2.6, 0.4) 74
[16:01:02.969]: (0.6, 2.6, 0.4) 74
[16:01:02.986]: (0.6, 2.6, 0.4) 74
[16:01:03.003]: (0.6, 2.6, 0.4) 74
[16:01:03.022]: (0.6, 2.6, 0.4) 74
[16:01:03.040]: (0.6, 2.6, 0.4) 74
[16:01:03.056]: (0.6, 2.6, 0.4) 74
[16:01:03.090]: (0.6, 2.6, 0.5) 74
[16:01:03.106]: (0.7, 2.7, 0.6) 82
[16:01:03.123]: (0.7, 2.7, 0.6) 82
[16:01:03.141]: (0.7, 2.7, 0.6) 82
[16:01:03.159]: (0.7, 2.7, 0.6) 82
[16:01:03.178]: (0.7, 2.7, 0.6) 82
[16:01:03.195]: (0.7, 2.7, 0.6) 82
[16:01:03.213]: (0.7, 2.7, 0.6) 82
[16:01:03.229]: (0.7, 2.7, 0.6) 82
[16:01:03.247]: (0.7, 2.7, 0.6) 82
[16:01:03.265]: (0.7, 2.7, 0.6) 82
[16:01:03.284]: (0.7, 2.7, 0.6) 82
[16:01:03.301]: (0.6, 2.5, 0.3) 89
[16:01:03.318]: (0.6, 2.5, 0.3) 89
[16:01:03.336]: (0.6, 2.5, 0.3) 89
[16:01:03.352]: (0.6, 2.5, 0.3) 89
[16:01:03.370]: (0.6, 2.5, 0.3) 89
[16:01:03.387]: (0.6, 2.5, 0.4) 89
[16:01:03.405]: (0.6, 2.5, 0.4) 89
[16:01:03.425]: (0.6, 2.5, 0.4) 89
[16:01:03.448]: (0.6, 2.5, 0.4) 89
[16:01:03.469]: (0.6, 2.5, 0.4) 89
[16:01:03.492]: (0.6, 2.5, 0.4) 89
[16:01:03.514]: (0.6, 2.5, 0.4) 89
[16:01:03.536]: (0.6, 2.5, 0.4) 89
[16:01:03.669]: (-0.9, 3.1, 1.0) 64
[16:01:03.902]: (-1.4, 3.2, 1.2) 54
[16:01:03.919]: (-1.3, 3.3, 1.1) 56
[16:01:03.938]: (-1.2, 3.1, 1.1) 67
[16:01:03.956]: (-1.2, 3.2, 1.1) 58
[16:01:03.974]: (-1.3, 3.3, 1.2) 56
[16:01:03.990]: (-1.3, 3.3, 1.1) 56
[16:01:04.007]: (-1.2, 3.2, 1.1) 58
[16:01:04.024]: (-1.2, 3.2, 1.1) 58
[16:01:04.041]: (-1.2, 3.2, 1.1) 58
[16:01:04.058]: (-1.2, 3.2, 1.1) 58
[16:01:04.076]: (-1.2, 3.2, 1.1) 58
[16:01:04.094]: (-1.2, 3.2, 1.1) 58
[16:01:04.127]: (-1.2, 3.2, 1.1) 58
[16:01:04.144]: (-1.2, 3.2, 1.1) 58
[16:01:04.161]: (-1.2, 3.2, 1.1) 58
[16:01:04.180]: (-1.2, 3.2, 1.1) 58
[16:01:04.197]: (-1.2, 3.2, 1.1) 58
[16:01:04.229]: (-1.2, 3.2, 1.1) 58
[16:01:04.250]: (-1.2, 3.1, 1.1) 67
[16:01:04.283]: (-1.2, 2.5, 1.3) 24
[16:01:04.301]: (-1.2, 2.4, 1.3) 23
[16:01:04.318]: (-1.2, 2.3, 1.2) 25
[16:01:04.335]: (-1.2, 2.3, 1.2) 25
[16:01:04.358]: (-1.2, 2.3, 1.2) 25
[16:01:04.380]: (-1.2, 2.5, 1.3) 23
[16:01:04.402]: (-1.2, 2.3, 1.2) 25
[16:01:04.424]: (-1.2, 2.3, 1.2) 25
[16:01:04.447]: (-1.2, 2.3, 1.2) 25
[16:01:04.469]: (-1.2, 2.3, 1.2) 25
[16:01:04.492]: (-1.2, 2.3, 1.2) 25
[16:01:04.513]: (-1.2, 2.3, 1.2) 25
[16:01:04.536]: (-1.2, 2.3, 1.2) 25
[16:01:04.560]: (-1.1, 2.3, 1.2) 25
[16:01:04.582]: (-1.1, 2.4, 1.2) 27
[16:01:04.603]: (-1.1, 2.5, 1.4) 24
[16:01:04.646]: (-1.1, 2.5, 1.4) 24
[16:01:04.669]: (-1.2, 2.5, 1.4) 24
[16:01:04.692]: (-1.1, 2.4, 1.2) 27
[16:01:04.714]: (-1.1, 2.4, 1.2) 27
[16:01:04.796]: (-1.0, 2.4, 1.2) 27
[16:01:04.814]: (-1.2, 2.5, 1.4) 24
[16:01:04.833]: (-1.0, 2.5, 1.2) 28
[16:01:05.193]: (-0.3, 3.3, 0.6) 94
[16:01:05.209]: (-0.3, 3.3, 0.6) 94
[16:01:05.227]: (-0.3, 3.3, 0.6) 94
[16:01:05.247]: (-0.3, 3.3, 0.6) 94
[16:01:05.268]: (-0.3, 3.3, 0.6) 94
[16:01:05.290]: (-0.3, 3.3, 0.6) 94
[16:01:05.315]: (-0.3, 3.3, 0.6) 94
[16:01:05.335]: (-0.3, 3.3, 0.6) 94
[16:01:05.358]: (-0.3, 3.3, 0.6) 94
[16:01:05.381]: (-0.3, 3.3, 0.6) 94
[16:01:05.402]: (-0.2, 3.3, 0.6) 94
[16:01:05.424]: (-0.3, 3.3, 0.6) 94
[16:01:05.447]: (-0.2, 3.3, 0.6) 94
[16:01:05.471]: (-0.2, 3.3, 0.6) 94
[16:01:05.492]: (-0.2, 3.3, 0.6) 94
[16:01:05.513]: (-0.2, 3.3, 0.6) 94
[16:01:05.535]: (-0.2, 3.3, 0.6) 94
[16:01:05.558]: (-0.2, 3.3, 0.6) 94
[16:01:05.580]: (-0.2, 3.3, 0.6) 94
[16:01:05.602]: (-0.2, 3.3, 0.6) 94
[16:01:05.624]: (-0.2, 3.3, 0.6) 94
[16:01:05.641]: (-0.3, 3.4, 0.6) 94
[16:01:05.818]: (-0.3, 3.3, 0.6) 94
[16:01:05.897]: (-0.3, 3.1, 0.6) 104
[16:01:05.914]: (-0.3, 3.1, 0.6) 104
[16:01:05.930]: (-0.3, 3.2, 0.5) 104
[16:01:05.949]: (-0.2, 3.3, 0.6) 94
[16:01:05.968]: (-0.2, 3.3, 0.6) 94
[16:01:05.985]: (-0.3, 3.3, 0.6) 94
[16:01:06.005]: (-0.3, 3.3, 0.6) 94
[16:01:06.022]: (-0.3, 3.3, 0.6) 94
[16:01:06.038]: (-0.3, 3.4, 0.6) 94
[16:01:06.055]: (-0.3, 3.4, 0.5) 94
[16:01:06.072]: (-0.3, 3.6, 0.6) 103
[16:01:06.090]: (-0.3, 3.6, 0.6) 103
[16:01:06.113]: (-0.3, 3.4, 0.5) 94
[16:01:06.134]: (-0.3, 3.4, 0.5) 94
[16:01:06.157]: (-0.3, 3.4, 0.5) 94
[16:01:06.180]: (-0.3, 3.4, 0.6) 94
[16:01:06.202]: (-0.3, 3.3, 0.6) 94
[16:01:06.224]: (-0.3, 3.1, 0.6) 104
[16:01:06.425]: (-0.3, 3.1, 0.6) 104
[16:01:06.446]: (-0.3, 3.1, 0.6) 104
[16:01:06.468]: (-0.3, 3.1, 0.6) 104
[16:01:06.491]: (-0.3, 3.2, 0.6) 104
[16:01:06.557]: (-0.3, 3.1, 0.6) 104
[16:01:06.575]: (-0.3, 3.1, 0.6) 104
[16:01:06.592]: (-0.3, 3.1, 0.6) 104
[16:01:06.608]: (-0.2, 3.1, 0.6) 104
[16:01:06.655]: (-0.3, 3.2, 0.6) 104
[16:01:06.718]: (-0.2, 3.1, 0.6) 104
[16:01:06.831]: (-0.4, 3.3, 0.6) 102
[16:01:06.980]: (-0.3, 3.1, 0.6) 104
[16:01:07.335]: (-0.2, 3.1, 0.6) 104
[16:01:07.380]: (-0.2, 3.1, 0.6) 104
[16:01:07.433]: (-0.2, 3.1, 0.6) 104
[16:01:07.468]: (-0.2, 3.1, 0.6) 104
[16:01:07.485]: (-0.2, 3.1, 0.6) 104
[16:01:07.503]: (-0.2, 3.1, 0.6) 104
[16:01:07.841]: (-0.3, 2.6, 0.7) 42
[16:01:08.048]: (-0.2, 2.6, 0.7) 42
[16:01:08.091]: (-0.2, 2.6, 0.7) 42
[16:01:08.113]: (-0.2, 2.6, 0.7) 42
[16:01:08.135]: (-0.2, 2.6, 0.7) 42
[16:01:08.181]: (-0.2, 2.6, 0.7) 42
[16:01:08.383]: (-0.3, 2.7, 0.8) 47
[16:01:08.402]: (-0.2, 2.6, 0.7) 42
[16:01:08.419]: (-0.2, 2.6, 0.7) 42
[16:01:08.440]: (-0.2, 2.6, 0.7) 44
[16:01:08.459]: (-0.2, 2.6, 0.7) 44
[16:01:08.480]: (-0.2, 2.6, 0.7) 44
[16:01:08.497]: (-0.2, 2.6, 0.7) 42
[16:01:08.514]: (-0.2, 2.6, 0.7) 42
[16:01:08.530]: (-0.2, 2.6, 0.7) 42
[16:01:08.548]: (-0.3, 2.6, 0.7) 42
[16:01:08.598]: (-1.0, 3.1, 1.0) 65
[16:01:08.615]: (-1.0, 3.1, 1.0) 65
[16:01:08.634]: (-1.0, 3.1, 1.0) 65
[16:01:08.652]: (-1.0, 3.1, 1.0) 65
[16:01:08.670]: (-1.0, 3.1, 1.0) 65
[16:01:08.688]: (-1.0, 3.1, 1.0) 65
[16:01:08.705]: (-1.0, 3.1, 1.0) 65
[16:01:08.724]: (-1.0, 3.1, 1.0) 65
[16:01:08.742]: (-1.0, 3.1, 1.0) 65
[16:01:09.197]: (-0.3, 2.6, 0.7) 39
[16:01:09.219]: (-0.3, 2.6, 0.6) 39
[16:01:09.243]: (-0.2, 2.6, 0.5) 41
[16:01:09.269]: (-0.2, 2.6, 0.5) 41
[16:01:09.296]: (-0.2, 2.6, 0.5) 41
[16:01:09.321]: (-0.2, 2.6, 0.5) 41
[16:01:09.345]: (-0.2, 2.6, 0.6) 41
[16:01:09.414]: (-0.1, 2.7, 0.6) 47
[16:01:09.631]: (-0.7, 3.4, 0.8) 61
[16:01:09.661]: (-0.7, 3.4, 0.8) 61
[16:01:09.694]: (-0.7, 3.4, 0.9) 61
[16:01:09.727]: (-0.8, 3.4, 0.9) 69
[16:01:09.796]: (-0.8, 3.3, 1.0) 69
[16:01:09.830]: (-0.9, 3.3, 1.0) 61
[16:01:09.861]: (-0.9, 3.3, 1.1) 61
[16:01:09.895]: (-0.9, 3.3, 1.1) 69
[16:01:09.927]: (-1.0, 3.2, 1.1) 61
[16:01:09.963]: (-1.0, 3.2, 1.1) 69
[16:01:09.996]: (-1.0, 3.2, 1.1) 69
[16:01:10.027]: (-1.0, 3.2, 1.1) 69
[16:01:10.061]: (-1.0, 3.2, 1.1) 69
[16:01:10.092]: (-1.0, 3.2, 1.2) 69
[16:01:10.116]: (-1.0, 3.2, 1.1) 69
[16:01:10.164]: (-0.1, 2.6, 0.6) 44
[16:01:10.188]: (-0.1, 2.5, 0.5) 46
[16:01:10.209]: (-0.1, 2.5, 0.5) 46
[16:01:10.227]: (-0.1, 2.5, 0.5) 46
[16:01:10.244]: (-0.1, 2.5, 0.6) 46
[16:01:10.260]: (-0.1, 2.5, 0.6) 46
[16:01:10.280]: (-0.1, 2.5, 0.6) 46
[16:01:10.308]: (-0.1, 2.5, 0.6) 46
[16:01:10.331]: (-0.1, 2.5, 0.6) 46
[16:01:10.350]: (-0.1, 2.5, 0.6) 46
[16:01:10.370]: (-0.1, 2.5, 0.6) 46
[16:01:10.391]: (-0.1, 2.5, 0.6) 46
[16:01:10.410]: (-0.1, 2.5, 0.6) 44
[16:01:10.435]: (-0.1, 2.5, 0.7) 44
[16:01:10.455]: (-0.1, 2.5, 0.6) 44
[16:01:10.477]: (-0.1, 2.5, 0.7) 44
[16:01:10.500]: (-0.1, 2.5, 0.7) 44
[16:01:10.521]: (-0.1, 2.5, 0.7) 44
[16:01:10.544]: (-0.1, 2.5, 0.7) 44
[16:01:10.567]: (-0.1, 2.5, 0.6) 46
[16:01:10.589]: (-0.1, 2.5, 0.6) 44
[16:01:10.611]: (-0.1, 2.5, 0.6) 44
[16:01:10.635]: (-0.2, 2.6, 0.7) 42
[16:01:10.657]: (-0.2, 2.5, 0.7) 42
[16:01:10.679]: (-0.2, 2.5, 0.7) 42
[16:01:10.701]: (-0.2, 2.6, 0.7) 42
[16:01:10.723]: (-0.2, 2.6, 0.7) 42
[16:01:10.744]: (-0.2, 2.5, 0.7) 42
[16:01:10.767]: (-0.2, 2.6, 0.7) 42
[16:01:10.791]: (-0.2, 2.5, 0.7) 44
[16:01:10.812]: (-0.2, 2.5, 0.7) 44
[16:01:10.833]: (-0.2, 2.5, 0.7) 44
[16:01:10.855]: (-0.2, 2.5, 0.7) 44
[16:01:10.879]: (-0.2, 2.5, 0.7) 46
[16:01:10.901]: (-0.2, 2.5, 0.6) 46
[16:01:10.926]: (-0.2, 2.5, 0.6) 46
[16:01:10.949]: (-0.2, 2.5, 0.6) 46
[16:01:10.971]: (-0.2, 2.5, 0.6) 46
[16:01:10.994]: (-0.2, 2.5, 0.6) 46
[16:01:11.018]: (-0.2, 2.5, 0.6) 46
[16:01:11.039]: (-0.3, 2.4, 0.7) 46
[16:01:11.260]: (-0.2, 2.3, 0.7) 50
[16:01:11.493]: (0.3, 1.9, 0.7) 2
[16:01:11.516]: (0.3, 1.9, 0.7) 2
[16:01:11.539]: (0.3, 1.9, 0.7) 2
[16:01:11.562]: (0.3, 1.9, 0.7) 2
[16:01:11.586]: (0.3, 1.9, 0.7) 2
[16:01:11.608]: (0.3, 1.9, 0.7) 2
[16:01:11.631]: (0.3, 2.0, 0.6) 2
[16:01:11.653]: (0.3, 2.0, 0.7) 2
[16:01:11.677]: (0.3, 1.9, 0.6) 2
[16:01:11.702]: (0.3, 2.0, 0.6) 2
[16:01:11.727]: (0.3, 1.9, 0.6) 2
[16:01:11.750]: (0.3, 1.9, 0.6) 2
[16:01:11.775]: (0.3, 2.0, 0.6) 2
[16:01:11.798]: (0.3, 2.0, 0.6) 2
[16:01:11.822]: (0.3, 2.0, 0.6) 2
[16:01:11.843]: (0.3, 2.0, 0.6) 2
[16:01:11.866]: (0.3, 2.0, 0.6) 2
[16:01:11.890]: (0.3, 2.0, 0.6) 2
[16:01:11.912]: (0.3, 2.0, 0.5) 2
[16:01:11.935]: (0.3, 2.0, 0.5) 2
[16:01:11.960]: (0.3, 2.0, 0.5) 2
[16:01:11.983]: (0.3, 2.0, 0.5) 2
[16:01:12.093]: (0.3, 2.0, 0.5) 2
[16:01:12.155]: (0.3, 2.0, 0.5) 2
[16:01:12.191]: (0.3, 2.0, 0.6) 2
[16:01:12.222]: (0.3, 2.0, 0.6) 13
[16:01:12.256]: (0.3, 2.0, 0.6) 13
[16:01:12.289]: (0.3, 2.0, 0.6) 13
[16:01:12.322]: (0.3, 2.0, 0.6) 2
[16:01:12.355]: (0.3, 2.0, 0.6) 2
[16:01:12.391]: (0.3, 2.0, 0.6) 13
[16:01:12.423]: (0.3, 2.0, 0.6) 13
[16:01:12.456]: (0.3, 2.0, 0.6) 13
[16:01:12.489]: (0.3, 2.0, 0.6) 13
[16:01:12.525]: (0.2, 2.0, 0.7) 13
[16:01:12.690]: (0.2, 2.0, 0.7) 13
[16:01:12.728]: (0.3, 2.0, 0.5) 2
[16:01:12.750]: (0.3, 2.0, 0.5) 2
[16:01:12.772]: (0.3, 2.0, 0.5) 2
[16:01:12.882]: (0.4, 2.0, 0.5) 4
[16:01:13.015]: (0.4, 2.0, 0.5) 4
[16:01:13.037]: (0.4, 2.0, 0.5) 4
[16:01:13.304]: (0.3, 2.1, 0.5) 3
[16:01:13.329]: (0.3, 2.2, 0.5) 3
[16:01:13.352]: (0.3, 2.2, 0.5) 3
[16:01:13.374]: (0.3, 2.1, 0.5) 3
[16:01:13.396]: (0.3, 2.1, 0.5) 3
[16:01:13.419]: (0.3, 2.1, 0.5) 3
[16:01:13.442]: (0.3, 2.2, 0.5) 3
[16:01:13.464]: (0.3, 2.2, 0.5) 3
[16:01:13.488]: (0.3, 2.2, 0.5) 3
[16:01:13.510]: (0.3, 2.2, 0.5) 3
[16:01:13.531]: (0.3, 2.2, 0.5) 3
[16:01:13.555]: (0.3, 2.2, 0.5) 3
[16:01:13.814]: (-1.0, 2.4, 1.3) 28
[16:01:13.838]: (-1.1, 2.4, 1.5) 24
[16:01:13.861]: (-1.0, 2.4, 1.5) 24
[16:01:13.885]: (-1.1, 2.4, 1.5) 24
[16:01:13.910]: (-0.9, 2.3, 1.3) 28
[16:01:14.167]: (-1.1, 2.3, 1.5) 23
[16:01:14.190]: (-1.0, 2.3, 1.5) 23
[16:01:14.214]: (-1.0, 2.3, 1.5) 23
[16:01:14.235]: (-1.0, 2.4, 1.5) 23
[16:01:14.253]: (-1.1, 2.3, 1.5) 23
[16:01:14.272]: (-1.1, 2.3, 1.5) 23
[16:01:14.313]: (-1.1, 2.3, 1.5) 23
[16:01:14.335]: (-1.1, 2.4, 1.5) 23
[16:01:14.449]: (-1.2, 2.2, 1.6) 21
[16:01:14.467]: (-1.2, 2.3, 1.6) 21
[16:01:14.484]: (-1.2, 2.3, 1.6) 21
[16:01:14.521]: (-1.2, 2.3, 1.6) 21
[16:01:14.589]: (-1.2, 2.3, 1.6) 21
[16:01:14.790]: (-1.1, 2.2, 1.7) 29
[16:01:14.809]: (-1.2, 2.1, 1.7) 29
[16:01:14.834]: (-1.1, 2.1, 1.5) 35
[16:01:14.854]: (-1.1, 2.1, 1.5) 35
[16:01:14.877]: (-1.1, 2.1, 1.5) 35
[16:01:14.899]: (-1.1, 2.1, 1.5) 35
[16:01:15.174]: (-1.3, 2.3, 1.4) 21
[16:01:15.237]: (-1.2, 2.4, 1.5) 22
[16:01:15.303]: (-0.9, 3.0, 0.9) 65
[16:01:15.326]: (-1.0, 3.1, 0.8) 55
[16:01:15.348]: (-1.0, 3.1, 0.8) 60
[16:01:15.370]: (-0.9, 3.1, 0.8) 55
[16:01:15.394]: (-0.9, 3.1, 0.8) 55
[16:01:15.416]: (-0.9, 3.1, 0.8) 55
[16:01:15.441]: (-0.9, 3.1, 0.8) 55
[16:01:15.463]: (-0.9, 3.1, 0.8) 55
[16:01:15.542]: (-1.0, 3.1, 0.9) 55
[16:01:15.667]: (-1.0, 3.1, 0.9) 55
[16:01:15.699]: (-0.9, 3.0, 0.9) 55
[16:01:15.734]: (-0.9, 3.0, 0.9) 55
[16:01:15.766]: (-0.9, 3.0, 0.9) 55
[16:01:15.800]: (-0.9, 3.0, 0.9) 55
[16:01:15.866]: (-0.4, 3.1, 0.5) 102
[16:01:15.900]: (-0.4, 3.1, 0.5) 102
[16:01:15.932]: (-0.4, 3.2, 0.5) 102
[16:01:15.965]: (-0.4, 3.2, 0.5) 102
[16:01:16.301]: (-0.2, 3.2, 0.4) 94
[16:01:16.332]: (-0.2, 3.2, 0.4) 94
[16:01:16.437]: (-0.2, 3.1, 0.4) 96
[16:01:16.460]: (-0.2, 3.1, 0.4) 96
[16:01:16.482]: (-0.2, 3.1, 0.4) 96
[16:01:16.526]: (-0.2, 3.1, 0.4) 96
[16:01:16.881]: (0.6, 2.8, 0.3) 82
[16:01:16.903]: (0.5, 2.8, 0.3) 82
[16:01:16.926]: (0.5, 2.8, 0.3) 82
[16:01:16.948]: (0.6, 2.8, 0.3) 82
[16:01:16.970]: (0.6, 2.8, 0.3) 82
[16:01:16.994]: (0.6, 2.8, 0.3) 82
[16:01:17.017]: (0.6, 2.8, 0.3) 82
[16:01:17.038]: (0.6, 2.8, 0.3) 82
[16:01:17.061]: (0.6, 2.8, 0.3) 82
[16:01:17.082]: (0.6, 2.8, 0.3) 82
[16:01:17.104]: (0.5, 2.7, 0.2) 74
[16:01:17.126]: (0.5, 2.7, 0.2) 74
[16:01:17.150]: (0.5, 2.7, 0.2) 74
[16:01:17.172]: (0.5, 2.7, 0.1) 74
[16:01:17.195]: (0.5, 2.7, 0.1) 74
[16:01:17.219]: (0.5, 2.7, 0.1) 74
[16:01:17.241]: (0.5, 2.7, 0.1) 74
[16:01:17.263]: (0.5, 2.7, 0.2) 74
[16:01:17.285]: (0.5, 2.7, 0.2) 74
[16:01:17.307]: (0.4, 2.7, 0.2) 74
[16:01:17.329]: (0.4, 2.7, 0.2) 74
[16:01:17.352]: (0.4, 2.7, 0.2) 74
[16:01:17.374]: (0.4, 2.7, 0.2) 74
[16:01:17.396]: (0.4, 2.7, 0.2) 74
[16:01:17.419]: (0.4, 2.7, 0.1) 74
[16:01:17.441]: (0.4, 2.7, 0.1) 74
[16:01:17.463]: (0.4, 2.7, 0.1) 74
[16:01:17.485]: (0.4, 2.7, 0.1) 74
[16:01:17.508]: (0.4, 2.7, 0.2) 74
[16:01:17.529]: (0.4, 2.7, 0.2) 74
[16:01:17.552]: (0.4, 2.7, 0.2) 74
[16:01:17.999]: (0.4, 2.9, 0.2) 82
[16:01:18.023]: (0.4, 2.9, 0.3) 82
[16:01:18.045]: (0.4, 2.9, 0.3) 82
[16:01:18.144]: (0.4, 2.9, 0.3) 82
[16:01:18.171]: (0.4, 2.9, 0.3) 82
[16:01:18.218]: (0.4, 2.9, 0.3) 82
[16:01:18.241]: (0.4, 2.9, 0.3) 82
[16:01:18.276]: (0.5, 2.8, 0.3) 92
[16:01:18.309]: (0.4, 2.6, 0.3) 91
[16:01:18.331]: (0.6, 2.8, 0.3) 92
[16:01:18.369]: (0.5, 2.8, 0.3) 92
[16:01:18.631]: (0.4, 2.9, 0.3) 82
[16:01:18.664]: (0.5, 2.9, 0.3) 82
[16:01:18.731]: (0.3, 2.7, 0.1) 74
[16:01:18.765]: (0.3, 2.7, 0.2) 74
[16:01:18.798]: (0.3, 2.7, 0.1) 74
[16:01:18.832]: (0.3, 2.7, 0.1) 74
[16:01:18.864]: (0.3, 2.7, 0.2) 74
[16:01:18.897]: (0.3, 2.7, 0.2) 74
[16:01:18.931]: (0.3, 2.7, 0.2) 74
[16:01:18.964]: (0.3, 2.7, 0.1) 74
[16:01:18.999]: (0.3, 2.7, 0.1) 74
[16:01:19.031]: (0.3, 2.8, 0.1) 74
[16:01:19.067]: (0.3, 2.8, 0.1) 74
[16:01:19.085]: (0.3, 2.8, 0.1) 74
[16:01:19.108]: (0.3, 2.8, 0.1) 74
[16:01:19.130]: (0.3, 2.8, 0.1) 74
[16:01:19.153]: (0.3, 2.8, 0.1) 74
[16:01:19.174]: (0.3, 2.9, 0.2) 75
[16:01:19.197]: (0.3, 2.8, 0.1) 74
[16:01:19.221]: (0.3, 2.7, 0.1) 74
[16:01:19.241]: (0.4, 2.7, 0.1) 74
[16:01:19.263]: (0.4, 2.7, 0.1) 74
[16:01:19.286]: (0.4, 2.7, 0.1) 74
[16:01:19.308]: (0.4, 2.7, 0.1) 74
[16:01:19.331]: (0.4, 2.7, 0.1) 74
[16:01:19.353]: (0.4, 2.7, 0.1) 74
[16:01:19.375]: (0.4, 2.7, 0.1) 74
[16:01:19.396]: (0.4, 2.7, 0.1) 74
[16:01:19.420]: (0.4, 2.7, 0.1) 74
[16:01:19.441]: (0.4, 2.7, 0.1) 74
[16:01:19.464]: (0.4, 2.7, 0.2) 74
[16:01:19.486]: (0.4, 2.7, 0.2) 74
[16:01:19.508]: (0.4, 2.7, 0.2) 74
[16:01:19.530]: (0.4, 2.7, 0.2) 74
[16:01:19.553]: (0.4, 2.7, 0.1) 74
[16:01:19.574]: (0.4, 2.7, 0.1) 74
[16:01:19.597]: (0.4, 2.7, 0.1) 74
[16:01:19.620]: (0.4, 2.7, 0.1) 74
[16:01:19.641]: (0.4, 2.7, 0.1) 74
[16:01:19.664]: (0.4, 2.7, 0.1) 74
[16:01:19.978]: (0.4, 2.9, 0.3) 82
[16:01:20.002]: (0.3, 2.7, 0.2) 74
[16:01:20.023]: (0.4, 2.9, 0.3) 82
[16:01:20.044]: (0.4, 2.9, 0.3) 82
[16:01:21.786]: (-1.2, 2.6, 1.4) 67
[16:01:21.807]: (-1.4, 2.8, 1.4) 57
[16:01:21.853]: (-1.4, 2.8, 1.4) 57
[16:01:21.873]: (-1.4, 2.8, 1.4) 57
[16:01:21.897]: (-1.4, 2.8, 1.4) 57
[16:01:21.918]: (-1.4, 2.8, 1.4) 57
[16:01:21.940]: (-1.4, 2.8, 1.4) 57
[16:01:21.962]: (-1.4, 2.8, 1.4) 57
[16:01:21.985]: (-1.4, 2.8, 1.4) 57
[16:01:22.007]: (-1.4, 2.8, 1.4) 57
[16:01:22.029]: (-1.2, 2.7, 1.3) 60
[16:01:22.047]: (-1.1, 2.7, 1.3) 60
[16:01:22.065]: (-1.2, 2.7, 1.2) 60
[16:01:22.083]: (-1.2, 2.7, 1.2) 60
[16:01:22.102]: (-1.2, 2.7, 1.2) 60
[16:01:22.119]: (-1.2, 2.7, 1.3) 60
[16:01:22.136]: (-1.2, 2.7, 1.3) 60
[16:01:22.153]: (-1.2, 2.7, 1.3) 60
[16:01:22.171]: (-1.2, 2.7, 1.2) 60
[16:01:22.191]: (-1.1, 2.7, 1.2) 60
[16:01:22.208]: (-1.1, 2.7, 1.2) 55
[16:01:22.231]: (-1.2, 2.7, 1.2) 60
[16:01:22.301]: (-0.3, 2.3, 0.8) 41
[16:01:22.641]: (-0.2, 2.3, 0.9) 41
[16:01:22.664]: (-0.2, 2.3, 0.8) 41
[16:01:22.686]: (-0.2, 2.3, 0.8) 41
[16:01:22.708]: (-0.2, 2.3, 0.8) 41
[16:01:22.731]: (-0.2, 2.3, 0.8) 41
[16:01:22.754]: (-0.2, 2.3, 0.9) 41
[16:01:22.929]: (-0.2, 2.3, 0.8) 43
[16:01:22.953]: (-0.2, 2.3, 0.8) 43
[16:01:22.972]: (-0.2, 2.3, 0.8) 43
