[15:45:38.397]: (-1.1, -1.5, 0.0) 6
[15:45:38.551]: (-1.0, -1.4, 0.0) 8
[15:45:38.573]: (-1.0, -1.4, 0.0) 8
[15:45:38.596]: (-0.8, -0.6, -0.1) 1
[15:45:38.617]: (-0.8, -0.6, -0.1) 1
[15:45:38.640]: (-0.8, -0.6, -0.1) 1
[15:45:38.661]: (-0.8, -0.6, -0.1) 1
[15:45:38.685]: (-0.8, -0.6, 0.0) 1
[15:45:38.710]: (-0.8, -0.6, 0.0) 1
[15:45:38.738]: (-0.8, -0.6, 0.0) 1
[15:45:38.756]: (-1.0, -1.5, 0.0) 6
[15:45:38.772]: (-1.0, -1.5, 0.1) 6
[15:45:38.796]: (-1.0, -1.5, 0.1) 6
[15:45:38.821]: (-1.0, -1.5, 0.1) 6
[15:45:39.176]: (-1.0, -0.3, 1.9) 10
[15:45:39.244]: (-1.1, -0.5, 2.8) 12
[15:45:39.266]: (-1.0, -0.3, 2.9) 12
[15:45:39.288]: (-1.0, -0.3, 2.9) 12
[15:45:39.593]: (-0.7, 1.1, 3.4) 13
[15:45:39.634]: (-0.6, 1.2, 3.4) 13
[15:45:39.656]: (-0.6, 1.3, 3.4) 13
[15:45:39.678]: (-0.6, 1.4, 3.4) 13
[15:45:39.780]: (-0.3, 1.6, 3.4) 13
[15:45:39.857]: (-0.1, 1.7, 2.4) 10
[15:45:39.977]: (0.0, 1.8, 2.4) 9
[15:45:40.109]: (-0.1, 2.0, 3.1) 12
[15:45:40.131]: (0.0, 2.0, 3.1) 12
[15:45:40.150]: (0.0, 2.0, 3.1) 12
[15:45:40.172]: (0.0, 1.9, 3.1) 12
[15:45:40.194]: (0.0, 2.0, 3.1) 12
[15:45:40.216]: (0.0, 2.0, 3.1) 12
[15:45:40.239]: (0.0, 1.9, 3.1) 12
[15:45:40.261]: (0.0, 1.9, 3.1) 12
[15:45:40.283]: (0.0, 1.9, 3.1) 12
[15:45:40.301]: (0.0, 1.9, 3.1) 12
[15:45:40.317]: (0.0, 1.9, 3.2) 12
[15:45:40.334]: (0.0, 1.9, 3.2) 12
[15:45:40.352]: (0.0, 1.9, 3.2) 12
[15:45:40.370]: (0.0, 1.9, 3.1) 12
[15:45:40.387]: (0.0, 2.0, 3.1) 12
[15:45:40.404]: (0.0, 2.0, 3.1) 12
[15:45:40.422]: (0.0, 2.0, 3.1) 12
[15:45:40.438]: (0.0, 2.0, 3.1) 12
[15:45:40.456]: (0.0, 2.0, 3.1) 12
[15:45:40.472]: (0.0, 2.0, 3.1) 12
[15:45:40.490]: (0.0, 1.9, 3.1) 12
[15:45:40.507]: (0.0, 2.0, 3.2) 12
[15:45:40.525]: (0.0, 2.0, 3.2) 12
[15:45:40.853]: (0.2, 2.6, 2.9) 12
[15:45:40.875]: (0.2, 2.6, 2.9) 12
[15:45:41.027]: (0.0, 2.5, 2.9) 12
[15:45:41.163]: (-0.1, 2.2, 2.2) 10
[15:45:41.183]: (-0.1, 2.2, 2.1) 10
[15:45:41.205]: (-0.2, 2.2, 2.1) 10
[15:45:41.227]: (-0.1, 2.2, 2.1) 10
[15:45:41.245]: (-0.1, 2.2, 2.1) 10
[15:45:41.264]: (-0.2, 2.2, 2.1) 10
[15:45:41.282]: (-0.1, 2.2, 2.1) 10
[15:45:41.298]: (-0.1, 2.2, 2.1) 10
[15:45:41.315]: (-0.1, 2.2, 2.1) 10
[15:45:41.671]: (-0.1, 2.2, 2.1) 10
[15:45:41.690]: (-0.1, 2.2, 2.1) 10
[15:45:41.723]: (-0.1, 2.2, 2.1) 10
[15:45:41.741]: (-0.1, 2.2, 2.1) 10
[15:45:41.758]: (-0.1, 2.2, 2.1) 10
[15:45:41.775]: (-0.1, 2.2, 2.1) 10
[15:45:41.795]: (-0.1, 2.2, 2.1) 10
[15:45:41.977]: (0.0, 2.3, 2.1) 10
[15:45:41.999]: (0.0, 2.3, 2.0) 10
[15:45:42.023]: (0.0, 2.3, 2.0) 10
[15:45:42.047]: (0.0, 2.3, 2.0) 10
[15:45:42.070]: (0.0, 2.3, 2.0) 10
[15:45:42.094]: (0.0, 2.3, 2.0) 10
[15:45:42.121]: (0.0, 2.4, 2.0) 10
[15:45:42.147]: (0.0, 2.4, 2.0) 10
[15:45:42.314]: (0.0, 2.8, 2.7) 12
[15:45:42.337]: (0.0, 2.8, 2.7) 12
[15:45:42.358]: (0.0, 2.8, 2.7) 12
[15:45:43.373]: (0.0, 2.4, 1.9) 9
[15:45:43.552]: (0.0, 2.3, 1.9) 9
[15:45:43.574]: (-0.1, 2.3, 1.9) 9
[15:45:43.595]: (-0.1, 2.3, 1.9) 9
[15:45:43.620]: (0.0, 2.3, 1.9) 9
[15:45:43.641]: (0.0, 2.3, 1.9) 9
[15:45:43.665]: (0.0, 2.3, 1.9) 9
[15:45:43.690]: (0.0, 2.3, 1.9) 9
[15:45:43.714]: (0.0, 2.3, 1.9) 9
[15:45:43.738]: (-0.1, 2.3, 1.9) 9
[15:45:43.931]: (-0.1, 2.3, 1.9) 9
[15:45:43.963]: (-0.1, 2.3, 1.9) 9
[15:45:43.998]: (0.0, 2.3, 1.9) 9
[15:45:44.329]: (0.0, 2.3, 1.9) 9
[15:45:44.360]: (0.0, 2.3, 1.9) 9
[15:45:44.395]: (0.0, 2.3, 1.9) 9
[15:45:46.514]: (-0.3, 2.8, 2.7) 13
[15:45:46.536]: (-0.3, 2.8, 2.7) 13
[15:45:46.558]: (-0.3, 2.8, 2.7) 13
[15:45:46.580]: (-0.3, 2.8, 2.7) 13
[15:45:46.625]: (-0.2, 2.8, 2.7) 13
[15:45:46.647]: (-0.2, 2.8, 2.8) 13
[15:45:46.670]: (-0.2, 2.8, 2.7) 13
[15:45:46.692]: (-0.3, 2.8, 2.7) 13
[15:45:46.709]: (-0.2, 2.8, 2.7) 13
[15:45:46.726]: (-0.3, 2.8, 2.7) 13
[15:45:46.742]: (-0.3, 2.8, 2.7) 13
[15:45:46.758]: (-0.3, 2.8, 2.7) 13
[15:45:46.774]: (-0.3, 2.8, 2.7) 13
[15:45:46.790]: (-0.3, 2.8, 2.7) 13
[15:45:46.806]: (-0.3, 2.8, 2.7) 13
[15:45:46.822]: (-0.3, 2.8, 2.7) 13
[15:45:46.838]: (-0.3, 2.8, 2.7) 13
[15:45:46.854]: (-0.3, 2.8, 2.7) 13
[15:45:46.872]: (-0.3, 2.8, 2.7) 13
[15:45:46.890]: (-0.3, 2.8, 2.8) 13
[15:45:47.136]: (0.0, 2.3, 2.0) 9
[15:45:49.113]: (-0.2, 2.2, 1.9) 10
[15:45:49.135]: (-0.2, 2.2, 1.9) 10
[15:45:49.158]: (-0.2, 2.2, 1.9) 10
[15:45:49.180]: (-0.2, 2.2, 1.9) 10
[15:45:49.202]: (-0.2, 2.2, 1.9) 10
[15:45:49.219]: (-0.2, 2.2, 1.9) 10
[15:45:49.237]: (-0.2, 2.2, 1.9) 10
[15:45:49.255]: (-0.2, 2.2, 1.9) 10
[15:45:49.272]: (-0.2, 2.2, 1.9) 10
[15:45:49.288]: (-0.2, 2.2, 1.9) 10
[15:45:49.304]: (-0.2, 2.2, 1.9) 10
[15:45:49.321]: (-0.2, 2.2, 1.9) 10
[15:45:49.338]: (-0.2, 2.2, 1.9) 10
[15:45:49.355]: (-0.2, 2.2, 1.9) 10
[15:45:49.372]: (-0.2, 2.2, 1.9) 10
[15:45:49.389]: (-0.2, 2.2, 1.9) 10
[15:45:49.405]: (-0.2, 2.3, 1.9) 10
[15:45:49.948]: (-0.2, 2.3, 1.9) 10
[15:45:49.968]: (-0.3, 2.2, 1.9) 10
[15:45:49.990]: (-0.3, 2.2, 1.9) 10
[15:45:50.013]: (-0.2, 2.2, 1.9) 10
[15:45:50.034]: (-0.3, 2.2, 1.9) 10
[15:45:50.057]: (-0.3, 2.2, 1.9) 10
[15:45:50.080]: (-0.3, 2.3, 1.9) 10
[15:45:50.096]: (-0.3, 2.3, 1.9) 10
[15:45:50.113]: (-0.3, 2.3, 1.9) 10
[15:45:50.132]: (-0.3, 2.3, 1.9) 10
[15:45:50.314]: (-0.1, 2.3, 1.9) 10
[15:45:50.685]: (-0.1, 2.2, 1.8) 10
[15:45:50.783]: (-0.1, 2.2, 1.7) 10
[15:45:50.871]: (-0.2, 2.2, 1.7) 10
[15:45:51.359]: (-0.1, 2.2, 1.6) 10
[15:45:51.376]: (-0.1, 2.2, 1.6) 10
[15:45:51.422]: (-0.9, 2.8, 2.6) 3
[15:45:51.438]: (-0.8, 2.7, 2.6) 3
[15:45:51.456]: (-0.8, 2.7, 2.6) 3
[15:45:51.471]: (-0.8, 2.7, 2.6) 3
[15:45:51.488]: (-0.8, 2.7, 2.6) 3
[15:45:51.505]: (-0.8, 2.7, 2.6) 3
[15:45:51.523]: (-0.8, 2.7, 2.6) 3
[15:45:51.540]: (-0.8, 2.7, 2.6) 3
[15:45:51.559]: (-0.9, 2.7, 2.6) 3
[15:45:51.584]: (-0.9, 2.8, 2.6) 4
[15:45:51.604]: (-1.0, 2.8, 2.6) 4
[15:45:51.625]: (-1.0, 2.8, 2.6) 4
[15:45:51.644]: (-0.9, 2.8, 2.6) 4
[15:45:51.661]: (-0.9, 2.8, 2.6) 4
[15:45:51.680]: (-0.9, 2.8, 2.6) 4
[15:45:51.702]: (-0.9, 2.7, 2.6) 3
[15:45:51.723]: (-0.9, 2.7, 2.7) 4
[15:45:51.745]: (-0.9, 2.8, 2.6) 4
[15:45:51.768]: (-0.9, 2.8, 2.6) 4
[15:45:51.791]: (-0.9, 2.8, 2.6) 4
[15:45:51.812]: (-0.9, 2.8, 2.6) 4
[15:45:51.835]: (-0.9, 2.7, 2.6) 3
[15:45:51.857]: (-0.8, 2.7, 2.6) 3
[15:45:51.880]: (-0.8, 2.7, 2.6) 3
[15:45:51.904]: (-0.8, 2.7, 2.6) 3
[15:45:51.924]: (-0.8, 2.7, 2.6) 3
[15:45:51.969]: (-0.1, 2.2, 1.6) 10
[15:45:52.372]: (-0.1, 2.1, 1.7) 10
[15:45:52.417]: (-0.1, 2.1, 1.7) 10
[15:45:52.949]: (0.0, 2.2, 1.7) 9
[15:45:52.983]: (0.0, 2.2, 1.6) 9
[15:45:53.016]: (0.0, 2.2, 1.6) 9
[15:45:53.050]: (0.0, 2.2, 1.6) 9
[15:45:53.282]: (-1.1, 2.7, 2.4) 3
[15:45:53.317]: (-1.1, 2.7, 2.5) 3
[15:45:53.349]: (-1.1, 2.7, 2.5) 3
[15:45:53.382]: (-1.1, 2.8, 2.5) 4
[15:45:53.527]: (-1.1, 2.8, 2.5) 4
[15:45:53.550]: (-1.1, 2.8, 2.5) 4
[15:45:53.593]: (-1.1, 2.8, 2.5) 4
[15:45:53.683]: (-1.1, 2.7, 2.5) 4
[15:45:53.708]: (-1.1, 2.7, 2.6) 4
[15:45:53.729]: (-1.0, 2.7, 2.5) 4
[15:45:53.748]: (-1.0, 2.7, 2.5) 4
[15:45:53.838]: (-1.0, 2.7, 2.6) 4
[15:45:54.038]: (-0.9, 2.7, 2.6) 4
[15:45:54.459]: (-0.9, 2.7, 2.5) 4
[15:45:54.481]: (-0.9, 2.7, 2.5) 4
[15:45:54.504]: (-0.9, 2.7, 2.5) 4
[15:45:54.525]: (-0.9, 2.8, 2.5) 4
[15:45:54.548]: (-0.9, 2.7, 2.5) 4
[15:45:54.571]: (-0.9, 2.7, 2.6) 4
[15:45:55.356]: (-0.5, 3.2, 3.4) 19
[15:45:55.377]: (-0.5, 3.2, 3.4) 19
[15:45:55.400]: (-0.5, 3.2, 3.4) 19
[15:45:55.422]: (-0.4, 3.1, 3.4) 19
[15:45:55.444]: (-0.4, 3.1, 3.4) 18
[15:45:55.466]: (-0.4, 3.1, 3.4) 18
[15:45:55.488]: (-0.4, 3.1, 3.4) 18
[15:45:55.512]: (-0.4, 3.1, 3.3) 18
[15:45:55.533]: (-0.4, 3.1, 3.4) 18
[15:45:55.556]: (-0.4, 3.1, 3.3) 18
[15:45:55.577]: (-0.3, 3.1, 3.3) 18
[15:45:55.793]: (-0.5, 2.5, 2.6) 4
[15:45:55.811]: (-0.5, 2.5, 2.5) 4
[15:45:55.827]: (-0.5, 2.5, 2.6) 4
[15:45:55.844]: (-0.5, 2.5, 2.6) 4
[15:45:56.126]: (-0.6, 2.6, 2.4) 3
[15:45:56.147]: (-0.6, 2.6, 2.4) 3
[15:45:56.169]: (-0.7, 2.6, 2.3) 3
[15:45:56.190]: (-0.6, 2.6, 2.3) 3
[15:45:56.460]: (-0.4, 2.4, 2.5) 4
[15:45:56.492]: (-0.4, 2.4, 2.4) 3
[15:45:56.525]: (-0.4, 2.4, 2.3) 3
[15:45:56.559]: (-0.4, 2.4, 2.3) 3
[15:45:56.592]: (-0.4, 2.5, 2.4) 4
[15:45:56.825]: (-0.4, 2.4, 2.4) 4
[15:45:56.889]: (-0.3, 2.4, 2.4) 3
[15:45:56.922]: (-0.4, 2.3, 2.4) 3
[15:45:56.956]: (-0.3, 2.3, 2.4) 3
[15:45:57.043]: (-0.4, 2.3, 2.4) 3
[15:45:57.088]: (-0.4, 2.4, 2.5) 4
[15:45:57.137]: (-0.4, 2.4, 2.5) 4
[15:45:57.981]: (-0.2, 2.4, 2.3) 3
[15:45:58.002]: (-0.2, 2.4, 2.3) 3
[15:45:58.027]: (-0.2, 2.4, 2.3) 3
[15:45:58.048]: (-0.2, 2.4, 2.3) 3
[15:45:58.071]: (-0.2, 2.4, 2.3) 3
[15:45:58.091]: (-0.2, 2.4, 2.3) 3
[15:45:58.113]: (-0.3, 2.5, 2.3) 4
[15:45:58.136]: (-0.3, 2.5, 2.4) 4
[15:45:58.285]: (-0.3, 2.5, 2.4) 4
[15:45:58.346]: (-0.3, 2.5, 2.4) 4
[15:45:58.832]: (-0.3, 2.5, 2.4) 4
[15:45:59.252]: (-0.3, 2.5, 2.4) 4
[15:45:59.270]: (-0.3, 2.5, 2.4) 4
[15:45:59.288]: (-0.3, 2.5, 2.4) 4
[15:45:59.305]: (-0.3, 2.5, 2.4) 4
[15:45:59.321]: (-0.3, 2.5, 2.4) 4
[15:45:59.339]: (-0.3, 2.4, 2.3) 3
[15:45:59.355]: (-0.3, 2.5, 2.4) 4
[15:45:59.372]: (-0.3, 2.5, 2.4) 4
[15:45:59.388]: (-0.3, 2.5, 2.4) 4
[15:45:59.403]: (-0.3, 2.5, 2.4) 4
[15:45:59.419]: (-0.3, 2.5, 2.4) 4
[15:45:59.437]: (-0.3, 2.5, 2.4) 4
[15:45:59.469]: (-0.2, 2.4, 2.3) 3
[15:45:59.698]: (-0.3, 2.5, 2.4) 4
[15:45:59.722]: (-0.3, 2.5, 2.4) 4
[15:45:59.743]: (-0.3, 2.5, 2.4) 4
[15:46:00.122]: (-0.3, 2.5, 2.3) 4
[15:46:00.140]: (-0.3, 2.5, 2.3) 4
[15:46:00.156]: (-0.3, 2.5, 2.3) 4
[15:46:00.174]: (-0.3, 2.5, 2.3) 4
[15:46:00.192]: (-0.3, 2.5, 2.3) 4
[15:46:00.208]: (-0.3, 2.5, 2.3) 4
[15:46:00.226]: (-0.3, 2.5, 2.4) 4
[15:46:00.243]: (-0.3, 2.5, 2.4) 4
[15:46:00.260]: (-0.3, 2.5, 2.4) 4
[15:46:00.277]: (-0.3, 2.5, 2.4) 4
[15:46:00.293]: (-0.3, 2.5, 2.4) 4
[15:46:00.311]: (-0.3, 2.5, 2.4) 4
[15:46:00.327]: (-0.3, 2.5, 2.4) 4
[15:46:00.342]: (-0.3, 2.5, 2.4) 4
[15:46:00.358]: (-0.3, 2.5, 2.4) 4
[15:46:00.374]: (-0.3, 2.5, 2.4) 4
[15:46:00.399]: (-0.3, 2.5, 2.4) 4
[15:46:00.642]: (-0.3, 2.5, 2.4) 4
[15:46:00.665]: (-0.3, 2.5, 2.4) 4
[15:46:00.688]: (-0.3, 2.5, 2.4) 4
[15:46:01.620]: (-0.2, 3.1, 3.2) 18
[15:46:01.641]: (-0.2, 3.1, 3.1) 18
[15:46:01.664]: (-0.2, 3.2, 3.1) 18
[15:46:01.687]: (-0.2, 3.2, 3.1) 18
[15:46:02.069]: (-0.2, 2.5, 2.3) 4
[15:46:02.291]: (-0.1, 2.5, 2.1) 4
[15:46:02.434]: (0.0, 3.0, 3.0) 19
[15:46:02.502]: (0.0, 2.9, 3.0) 19
[15:46:02.569]: (0.1, 3.0, 3.0) 20
[15:46:02.797]: (0.1, 2.9, 2.9) 18
[15:46:03.679]: (1.2, 2.0, 0.4) 7
[15:46:03.701]: (1.2, 2.0, 0.5) 7
[15:46:03.722]: (1.2, 2.0, 0.5) 7
[15:46:03.743]: (1.2, 2.0, 0.5) 7
[15:46:03.768]: (1.1, 2.0, 0.5) 7
[15:46:03.790]: (1.1, 2.0, 0.5) 7
[15:46:03.814]: (1.0, 2.0, 0.6) 8
[15:46:03.835]: (1.0, 2.0, 0.6) 8
[15:46:03.859]: (0.9, 2.0, 0.6) 6
[15:46:03.883]: (0.9, 2.0, 0.7) 6
[15:46:03.903]: (0.9, 2.0, 0.7) 6
[15:46:03.926]: (0.9, 2.0, 0.7) 6
[15:46:03.948]: (0.9, 2.0, 0.7) 6
[15:46:03.970]: (0.8, 2.0, 0.7) 6
[15:46:03.992]: (0.8, 2.0, 0.7) 6
[15:46:04.014]: (0.8, 2.0, 0.7) 6
[15:46:04.061]: (0.8, 2.0, 0.8) 6
[15:46:04.408]: (-1.0, 2.6, 3.0) 20
[15:46:04.796]: (-0.2, 2.2, 1.7) 12
[15:46:05.296]: (0.8, 2.0, 0.8) 8
[15:46:05.330]: (0.7, 2.0, 0.8) 8
[15:46:05.467]: (0.5, 2.0, 0.9) 8
[15:46:05.500]: (0.5, 2.0, 0.9) 8
[15:46:05.534]: (0.5, 2.0, 0.9) 8
[15:46:05.567]: (0.5, 2.1, 0.9) 8
[15:46:05.599]: (0.5, 2.1, 0.9) 8
[15:46:05.750]: (0.4, 2.1, 1.0) 8
[15:46:05.773]: (0.4, 2.1, 1.0) 8
[15:46:05.795]: (0.4, 2.1, 1.0) 8
[15:46:05.818]: (0.4, 2.1, 1.0) 8
[15:46:05.839]: (0.4, 2.1, 1.0) 8
[15:46:05.861]: (0.4, 2.1, 1.0) 8
[15:46:05.995]: (0.4, 2.1, 1.0) 8
[15:46:06.888]: (0.3, 2.1, 1.0) 6
[15:46:06.909]: (0.3, 2.1, 1.0) 6
[15:46:06.932]: (0.4, 2.1, 1.0) 6
[15:46:07.159]: (0.3, 2.1, 1.0) 6
[15:46:07.177]: (0.3, 2.1, 1.0) 6
[15:46:07.194]: (0.3, 2.1, 1.0) 6
[15:46:07.210]: (0.3, 2.1, 1.0) 6
[15:46:07.227]: (0.3, 2.1, 1.0) 6
[15:46:07.243]: (0.3, 2.1, 1.0) 6
[15:46:07.260]: (0.3, 2.1, 1.0) 6
[15:46:07.276]: (0.3, 2.1, 1.0) 6
[15:46:07.292]: (0.3, 2.1, 1.0) 6
[15:46:07.339]: (0.8, 2.7, 1.2) 17
[15:46:07.907]: (0.4, 2.1, 1.0) 6
[15:46:08.717]: (0.4, 2.1, 1.0) 6
[15:46:08.735]: (0.4, 2.1, 1.0) 6
[15:46:08.929]: (0.4, 2.0, 1.0) 8
[15:46:09.396]: (-0.4, 1.7, 1.2) 9
[15:46:09.439]: (-0.4, 1.7, 1.2) 9
[15:46:09.588]: (-1.1, 2.1, 1.8) 13
[15:46:09.667]: (-1.2, 2.0, 1.8) 13
[15:46:09.685]: (-1.2, 2.0, 1.8) 13
[15:46:09.719]: (-1.2, 2.0, 1.8) 13
[15:46:09.736]: (-1.1, 2.1, 1.8) 13
[15:46:09.752]: (-1.1, 2.0, 1.8) 13
[15:46:09.771]: (-1.1, 2.0, 1.8) 13
[15:46:09.789]: (-1.2, 2.0, 1.8) 13
[15:46:09.806]: (-1.1, 2.0, 1.8) 13
[15:46:09.822]: (-1.1, 2.0, 1.8) 13
[15:46:09.839]: (-1.1, 2.1, 1.8) 13
[15:46:09.856]: (-1.1, 2.0, 1.8) 13
[15:46:09.873]: (-1.1, 2.0, 1.8) 13
[15:46:09.889]: (-1.1, 2.1, 1.9) 13
[15:46:10.569]: (0.4, 2.0, 1.0) 8
[15:46:10.636]: (0.4, 2.0, 1.0) 8
[15:46:10.653]: (0.4, 2.0, 1.0) 8
[15:46:10.867]: (-0.4, 1.7, 1.2) 9
