[16:09:36.568]: (-2.1, -0.9, 0.0) 1
[16:09:36.932]: (-4.6, -2.3, 0.4) 18
[16:09:37.038]: (-4.1, -2.5, 1.4) 18
[16:09:37.058]: (-4.0, -2.5, 1.6) 18
[16:09:37.079]: (-3.9, -2.5, 1.8) 18
[16:09:37.113]: (-2.4, -0.9, 1.2) 6
[16:09:37.146]: (-2.3, -0.8, 1.3) 6
[16:09:37.179]: (-2.2, -0.7, 1.5) 6
[16:09:37.646]: (-1.4, 0.2, 3.1) 8
[16:09:37.711]: (-1.3, 0.3, 3.1) 9
[16:09:37.744]: (-1.3, 0.4, 3.2) 8
[16:09:37.833]: (-1.3, 0.4, 3.9) 16
[16:09:40.392]: (-1.7, 0.7, 4.2) 24
[16:09:40.801]: (-0.4, 1.6, 2.2) 0
[16:09:41.398]: (-0.1, 1.8, 3.1) 8
[16:09:41.419]: (-0.1, 1.8, 3.1) 8
[16:09:41.463]: (-0.1, 1.8, 3.1) 8
[16:09:41.485]: (-0.1, 1.8, 3.1) 8
[16:09:42.528]: (-0.6, 2.1, 2.8) 9
[16:09:42.547]: (-0.6, 2.1, 2.8) 9
[16:09:42.569]: (-0.7, 2.2, 3.6) 16
[16:09:42.808]: (-0.5, 2.0, 3.6) 16
[16:09:42.825]: (-0.4, 2.0, 3.6) 16
[16:09:42.841]: (-0.4, 2.0, 3.6) 16
[16:09:42.856]: (-0.4, 2.0, 3.6) 16
[16:09:42.873]: (-0.4, 2.0, 3.6) 16
[16:09:42.890]: (-0.4, 2.0, 3.6) 16
[16:09:42.907]: (-0.4, 2.0, 3.6) 16
[16:09:42.925]: (-0.4, 2.0, 3.6) 16
[16:09:42.942]: (-0.4, 2.0, 3.6) 16
[16:09:42.959]: (-0.4, 2.0, 3.6) 16
[16:09:42.975]: (-0.4, 2.0, 3.6) 16
[16:09:42.992]: (-0.4, 2.0, 3.6) 16
[16:09:43.010]: (-0.4, 2.0, 3.6) 16
[16:09:43.027]: (-0.4, 2.0, 3.6) 16
[16:09:44.671]: (-0.7, 1.5, 2.0) 0
[16:09:44.707]: (-0.7, 1.5, 2.0) 0
[16:09:44.743]: (-0.7, 1.5, 2.0) 0
[16:09:44.776]: (-0.6, 1.5, 1.9) 0
[16:09:44.985]: (-0.6, 1.6, 1.7) 2
[16:09:50.082]: (-0.7, 2.1, 2.3) 12
[16:09:52.360]: (1.2, 2.5, 3.4) 18
[16:09:53.447]: (-0.5, 1.2, 1.5) 0
[16:09:54.420]: (2.1, 2.2, 3.3) 29
[16:09:54.444]: (2.0, 2.2, 3.4) 29
[16:09:54.466]: (2.0, 2.2, 3.4) 29
[16:09:54.488]: (2.0, 2.2, 3.4) 29
[16:09:54.510]: (2.0, 2.2, 3.4) 29
[16:09:54.532]: (1.9, 2.3, 3.6) 28
[16:09:54.554]: (1.9, 2.3, 3.5) 28
[16:09:54.615]: (1.8, 2.3, 3.6) 28
[16:09:55.579]: (-1.6, 0.5, 0.4) 26
[16:09:55.612]: (-1.6, 0.5, 0.4) 26
[16:09:55.646]: (-1.6, 0.5, 0.4) 26
[16:09:55.678]: (-1.6, 0.4, 0.4) 26
[16:09:55.767]: (-1.6, 0.5, 0.4) 26
[16:09:55.990]: (-1.6, 0.3, 0.3) 27
[16:09:56.011]: (-1.6, 0.3, 0.2) 27
[16:09:56.167]: (-1.6, 0.4, 0.4) 26
[16:09:56.594]: (0.4, 1.1, 1.8) 7
[16:09:56.616]: (0.4, 1.2, 1.8) 7
[16:09:56.637]: (0.4, 1.2, 1.8) 7
[16:09:56.660]: (0.4, 1.2, 1.7) 7
[16:09:56.682]: (0.3, 1.2, 1.7) 6
[16:09:56.705]: (0.3, 1.2, 1.7) 6
[16:09:56.726]: (0.3, 1.2, 1.7) 6
[16:09:56.750]: (0.3, 1.2, 1.7) 6
[16:09:56.770]: (0.2, 1.1, 1.7) 6
[16:09:56.794]: (0.2, 1.1, 1.7) 6
[16:09:56.816]: (0.2, 1.1, 1.7) 6
[16:09:56.838]: (0.2, 1.1, 1.7) 6
[16:09:56.882]: (0.2, 1.1, 1.8) 6
[16:09:56.904]: (0.2, 1.1, 1.7) 6
[16:09:56.927]: (0.2, 1.1, 1.7) 6
[16:09:56.952]: (0.2, 1.1, 1.7) 6
[16:09:56.974]: (0.2, 1.1, 1.7) 6
[16:09:56.994]: (0.2, 1.1, 1.7) 6
[16:09:57.014]: (0.2, 1.1, 1.7) 6
[16:09:57.032]: (0.2, 1.1, 1.7) 6
[16:09:57.050]: (0.2, 1.1, 1.7) 6
[16:09:57.069]: (0.2, 1.1, 1.7) 6
[16:09:57.087]: (0.3, 1.1, 1.7) 6
[16:09:57.104]: (0.3, 1.1, 1.7) 6
[16:09:57.123]: (0.3, 1.1, 1.7) 6
[16:09:57.142]: (0.3, 1.1, 1.7) 6
[16:09:57.160]: (0.3, 1.1, 1.7) 6
[16:09:57.179]: (0.3, 1.1, 1.7) 6
[16:09:57.198]: (0.3, 1.1, 1.7) 6
[16:09:57.219]: (0.3, 1.1, 1.7) 6
[16:09:57.236]: (0.3, 1.1, 1.7) 6
[16:09:57.253]: (0.3, 1.1, 1.7) 6
[16:09:57.270]: (0.3, 1.1, 1.7) 6
[16:09:57.290]: (0.3, 1.1, 1.7) 6
[16:09:57.308]: (0.3, 1.1, 1.7) 6
[16:09:57.326]: (0.3, 1.1, 1.7) 6
[16:09:57.344]: (0.3, 1.1, 1.7) 6
[16:09:57.363]: (0.3, 1.1, 1.7) 6
[16:09:57.380]: (0.3, 1.1, 1.7) 6
[16:09:57.780]: (0.3, 1.1, 1.7) 6
[16:09:57.799]: (0.3, 1.1, 1.7) 6
[16:09:57.822]: (0.3, 1.1, 1.7) 6
[16:09:57.845]: (0.3, 1.1, 1.7) 6
[16:09:57.867]: (0.3, 1.1, 1.7) 6
[16:09:57.890]: (0.3, 1.1, 1.7) 6
[16:09:57.913]: (0.3, 1.1, 1.7) 6
[16:09:57.935]: (0.3, 1.1, 1.7) 6
[16:09:58.041]: (0.3, 1.1, 1.7) 6
[16:09:58.066]: (0.3, 1.1, 1.7) 6
[16:09:58.090]: (0.3, 1.1, 1.7) 6
[16:09:58.117]: (0.3, 1.1, 1.7) 6
[16:09:58.142]: (0.3, 1.1, 1.7) 6
[16:09:58.170]: (0.2, 1.1, 1.7) 6
[16:09:58.195]: (0.3, 1.1, 1.8) 7
[16:09:58.217]: (0.2, 1.1, 1.8) 7
[16:09:58.240]: (0.2, 1.1, 1.8) 7
[16:09:58.326]: (0.2, 1.1, 1.8) 5
[16:09:58.349]: (0.2, 1.1, 1.8) 5
[16:09:58.516]: (-0.1, 1.0, 1.7) 6
[16:09:58.533]: (-0.1, 1.0, 1.7) 6
[16:09:58.555]: (-0.1, 1.0, 1.7) 6
[16:09:58.577]: (-0.1, 1.0, 1.7) 6
[16:09:58.599]: (-0.1, 1.0, 1.7) 6
[16:09:58.622]: (-0.1, 1.0, 1.7) 6
[16:09:58.644]: (-0.1, 1.0, 1.7) 6
[16:09:58.667]: (-0.1, 1.0, 1.7) 6
[16:09:58.688]: (-0.1, 1.0, 1.7) 6
[16:09:58.711]: (-0.1, 1.0, 1.7) 6
[16:09:58.732]: (-0.1, 1.0, 1.7) 6
[16:09:58.843]: (-0.1, 1.0, 1.7) 6
[16:09:58.866]: (-0.1, 1.0, 1.7) 6
[16:09:58.887]: (-0.1, 1.0, 1.7) 6
[16:09:58.911]: (-0.1, 1.0, 1.7) 6
[16:09:58.933]: (-0.1, 1.0, 1.7) 6
[16:09:58.954]: (-0.1, 1.0, 1.7) 6
[16:09:58.971]: (-0.1, 1.0, 1.7) 6
[16:09:58.989]: (0.0, 1.0, 1.7) 6
[16:09:59.004]: (-0.1, 1.0, 1.7) 6
[16:09:59.021]: (-0.1, 1.0, 1.7) 6
[16:09:59.038]: (-0.1, 1.0, 1.7) 6
[16:09:59.055]: (0.0, 0.9, 1.6) 6
[16:09:59.071]: (-0.1, 1.0, 1.6) 6
[16:09:59.088]: (-0.1, 1.0, 1.6) 6
[16:09:59.107]: (-0.1, 1.0, 1.6) 6
[16:09:59.123]: (-0.1, 0.9, 1.6) 6
[16:09:59.140]: (-0.1, 0.9, 1.6) 6
[16:09:59.157]: (-0.1, 0.9, 1.6) 6
[16:09:59.175]: (-0.1, 0.9, 1.6) 6
[16:09:59.192]: (-0.1, 0.9, 1.6) 6
[16:09:59.210]: (-0.1, 0.9, 1.6) 6
[16:09:59.226]: (-0.1, 0.9, 1.6) 6
[16:09:59.242]: (-0.1, 0.9, 1.6) 6
[16:09:59.259]: (-0.1, 0.9, 1.6) 6
[16:09:59.291]: (-0.1, 0.9, 1.7) 6
[16:10:01.117]: (-0.1, 0.9, 1.7) 6
[16:10:01.171]: (-0.1, 0.9, 1.7) 6
[16:10:01.192]: (-0.1, 0.9, 1.7) 6
