[15:47:41.548]: (-0.8, -1.3, 0.0) 3
[15:47:41.568]: (-0.8, -1.3, 0.0) 3
[15:47:41.591]: (-0.8, -1.3, 0.0) 3
[15:47:41.613]: (-0.9, -2.0, 0.0) 13
[15:47:41.702]: (-1.1, -2.1, 0.1) 12
[15:47:41.724]: (-1.1, -2.1, 0.1) 12
[15:47:41.747]: (-1.1, -2.1, 0.1) 12
[15:47:41.768]: (-1.1, -2.1, 0.1) 12
[15:47:41.791]: (-1.1, -2.1, 0.1) 12
[15:47:41.813]: (-1.2, -2.1, 0.1) 12
[15:47:42.196]: (-0.9, -1.3, 0.0) 3
[15:47:42.229]: (-0.7, -1.2, 0.0) 4
[15:47:42.268]: (-0.6, -0.6, 0.0) 0
[15:47:42.379]: (-0.5, -0.6, 0.0) 0
[15:47:42.445]: (-0.5, -0.6, 0.0) 0
[15:47:42.467]: (-0.5, -0.6, 0.0) 0
[15:47:42.490]: (-0.5, -0.6, 0.0) 0
[15:47:44.293]: (-0.5, 0.1, 3.3) 10
[15:47:44.337]: (-0.4, 0.6, 2.5) 7
[15:47:44.577]: (-0.1, 1.7, 2.5) 6
[15:47:44.597]: (-0.1, 1.8, 2.5) 6
[15:47:44.656]: (0.0, 2.0, 2.6) 5
[15:47:44.678]: (0.2, 2.5, 5.0) 25
[15:47:45.021]: (-0.1, 1.7, 2.5) 7
[15:47:45.037]: (-0.1, 1.7, 2.5) 7
[15:47:45.056]: (-0.1, 1.7, 2.5) 7
[15:47:45.077]: (-0.1, 1.7, 2.5) 7
[15:47:45.100]: (-0.1, 1.7, 2.5) 7
[15:47:45.123]: (-0.1, 1.7, 2.5) 7
[15:47:45.233]: (-0.1, 1.7, 2.4) 6
[15:47:45.256]: (-0.1, 1.7, 2.4) 6
[15:47:45.807]: (-0.1, 2.7, 2.2) 5
[15:47:45.831]: (-0.1, 2.7, 2.2) 5
[15:47:46.077]: (-0.1, 2.5, 2.1) 7
[15:47:46.102]: (-0.1, 2.5, 2.1) 7
[15:47:46.123]: (-0.1, 2.5, 2.1) 7
[15:47:46.145]: (-0.1, 2.5, 2.1) 7
[15:47:46.212]: (-0.2, 2.6, 2.2) 5
[15:47:46.234]: (-0.2, 2.6, 2.2) 5
[15:47:46.257]: (-0.2, 2.6, 2.2) 5
[15:47:46.278]: (-0.2, 2.6, 2.2) 5
[15:47:46.501]: (-0.1, 3.4, 3.6) 18
[15:47:46.624]: (-0.2, 2.6, 2.2) 5
[15:47:46.641]: (-0.2, 2.6, 2.2) 5
[15:47:46.660]: (-0.2, 2.6, 2.2) 5
[15:47:46.678]: (-0.2, 2.5, 2.0) 6
[15:47:46.695]: (-0.2, 2.5, 2.0) 6
[15:47:46.719]: (-0.2, 2.5, 2.0) 6
[15:47:47.219]: (-0.2, 2.4, 1.9) 7
[15:47:47.240]: (-0.2, 2.5, 1.9) 7
[15:47:47.261]: (-0.2, 2.5, 1.9) 7
[15:47:47.282]: (-0.2, 2.4, 1.9) 7
[15:47:47.305]: (-0.3, 2.5, 2.1) 5
[15:47:47.323]: (-0.3, 2.4, 1.9) 6
[15:47:47.344]: (-0.4, 2.4, 1.9) 6
[15:47:47.368]: (-0.4, 2.4, 1.9) 6
[15:47:47.388]: (-0.4, 2.4, 1.9) 6
[15:47:47.415]: (-0.4, 2.4, 1.9) 6
[15:47:47.436]: (-0.4, 2.4, 1.9) 6
[15:47:47.455]: (-0.4, 2.4, 1.9) 6
[15:47:47.477]: (-0.4, 2.4, 1.9) 6
[15:47:47.499]: (-0.4, 2.4, 1.9) 6
[15:47:47.521]: (-0.4, 2.4, 1.9) 6
[15:47:47.552]: (-0.4, 2.4, 1.9) 6
[15:47:47.568]: (-0.4, 2.4, 1.9) 6
[15:47:47.585]: (-0.4, 2.4, 1.9) 6
[15:47:47.602]: (-0.4, 2.4, 1.9) 6
[15:47:47.619]: (-0.4, 2.4, 1.9) 6
[15:47:47.635]: (-0.4, 2.4, 1.9) 6
[15:47:47.651]: (-0.4, 2.4, 1.9) 6
[15:47:47.669]: (-0.4, 2.4, 1.9) 6
[15:47:47.685]: (-0.4, 2.4, 1.9) 6
[15:47:47.706]: (-0.4, 2.4, 1.9) 6
[15:47:47.724]: (-0.4, 2.4, 1.9) 6
[15:47:47.740]: (-0.4, 2.4, 1.9) 6
[15:47:47.758]: (-0.4, 2.4, 1.9) 6
[15:47:47.775]: (-0.4, 2.4, 1.9) 6
[15:47:47.791]: (-0.4, 2.4, 1.9) 6
[15:47:47.808]: (-0.4, 2.4, 1.9) 6
[15:47:47.826]: (-0.4, 2.4, 1.9) 6
[15:47:47.843]: (-0.4, 2.4, 1.9) 6
[15:47:47.861]: (-0.4, 2.4, 1.9) 6
[15:47:47.879]: (-0.4, 2.4, 1.9) 6
[15:47:48.215]: (-0.3, 2.5, 1.8) 7
[15:47:48.236]: (-0.3, 2.5, 1.8) 7
[15:47:48.391]: (-0.3, 2.7, 1.7) 7
[15:47:48.537]: (-0.3, 3.2, 2.4) 10
[15:47:48.616]: (-0.4, 4.2, 3.8) 25
[15:47:48.639]: (-0.4, 4.2, 3.8) 25
[15:47:48.661]: (-0.4, 4.2, 3.8) 25
[15:47:48.686]: (-0.4, 4.2, 3.8) 25
[15:47:48.810]: (-0.5, 4.2, 4.1) 24
[15:47:48.855]: (-0.6, 4.1, 4.1) 24
[15:47:48.877]: (-0.6, 4.1, 4.1) 24
[15:47:48.955]: (-0.6, 4.1, 4.1) 24
[15:47:48.972]: (-0.6, 4.1, 4.1) 24
[15:47:49.079]: (-0.5, 3.4, 3.2) 18
[15:47:49.099]: (-0.5, 3.4, 3.2) 18
[15:47:51.008]: (0.7, 3.3, 2.3) 22
[15:47:51.031]: (0.7, 3.3, 2.2) 22
[15:47:51.057]: (0.7, 3.3, 2.3) 22
[15:47:51.078]: (0.7, 3.3, 2.3) 22
[15:47:51.544]: (0.7, 3.3, 2.3) 22
[15:47:51.567]: (0.7, 3.3, 2.3) 22
[15:47:51.590]: (0.7, 3.3, 2.3) 22
[15:47:51.725]: (0.3, 2.4, 1.4) 32
[15:47:52.553]: (-0.6, 2.3, 1.5) 7
[15:47:52.717]: (-0.5, 2.4, 1.6) 5
[15:47:52.781]: (-0.6, 2.3, 1.4) 6
[15:47:52.812]: (-0.6, 2.4, 1.6) 5
[15:47:52.844]: (-0.5, 2.4, 1.6) 5
[15:47:52.878]: (-0.5, 2.4, 1.6) 5
[15:47:52.913]: (-0.5, 2.4, 1.6) 5
[15:47:52.945]: (-0.5, 2.4, 1.6) 5
[15:47:52.979]: (-0.5, 2.4, 1.6) 5
[15:47:53.014]: (-0.5, 2.4, 1.6) 5
[15:47:53.045]: (-0.5, 2.4, 1.6) 5
[15:47:53.114]: (-0.5, 2.2, 1.5) 6
[15:47:53.146]: (-0.5, 2.2, 1.5) 6
[15:47:53.178]: (-0.5, 2.2, 1.5) 6
[15:47:53.212]: (-0.5, 2.2, 1.5) 6
[15:47:53.246]: (-0.5, 2.2, 1.5) 6
[15:47:53.414]: (-0.6, 2.2, 1.5) 6
[15:47:53.437]: (-0.5, 2.2, 1.5) 6
[15:47:53.459]: (-0.6, 2.2, 1.5) 6
[15:47:53.479]: (-0.6, 2.2, 1.5) 6
[15:47:53.497]: (-0.6, 2.2, 1.4) 6
[15:47:53.519]: (-0.6, 2.2, 1.5) 6
[15:47:53.542]: (-0.5, 2.2, 1.5) 6
[15:47:53.564]: (-0.6, 2.2, 1.5) 6
[15:47:53.585]: (-0.5, 2.2, 1.5) 6
[15:47:53.609]: (-0.5, 2.2, 1.5) 6
[15:47:53.631]: (-0.5, 2.2, 1.5) 6
[15:47:53.652]: (-0.5, 2.2, 1.5) 6
[15:47:53.675]: (-0.6, 2.2, 1.5) 6
[15:47:53.698]: (-0.6, 2.2, 1.5) 6
[15:47:54.436]: (-1.3, 2.7, 2.4) 16
[15:47:54.501]: (-1.3, 2.7, 2.4) 16
[15:47:54.522]: (-1.3, 2.7, 2.4) 16
[15:47:54.545]: (-1.3, 2.7, 2.4) 16
[15:47:54.566]: (-1.3, 2.7, 2.3) 16
[15:47:54.634]: (-1.3, 2.7, 2.3) 16
[15:47:54.656]: (-1.3, 2.7, 2.3) 16
[15:47:54.673]: (-1.3, 2.7, 2.3) 16
[15:47:54.690]: (-1.3, 2.7, 2.4) 16
[15:47:54.709]: (-1.3, 2.7, 2.3) 16
[15:47:54.842]: (-0.6, 2.4, 1.6) 5
[15:47:54.875]: (-0.6, 2.4, 1.6) 5
[15:47:54.893]: (-0.6, 2.4, 1.6) 5
[15:47:54.909]: (-0.6, 2.4, 1.6) 5
[15:47:54.926]: (-0.6, 2.4, 1.6) 5
[15:47:54.943]: (-0.6, 2.4, 1.6) 5
[15:47:55.779]: (-1.4, 2.9, 2.5) 15
[15:47:55.796]: (-1.3, 2.8, 2.3) 16
[15:47:55.844]: (-2.0, 3.3, 3.2) 20
[15:47:55.890]: (-2.0, 3.3, 3.2) 20
[15:47:55.906]: (-2.0, 3.3, 3.2) 20
[15:47:55.931]: (-2.0, 3.3, 3.2) 20
[15:47:55.951]: (-2.0, 3.3, 3.2) 20
[15:47:55.975]: (-2.0, 3.3, 3.2) 20
[15:47:55.996]: (-2.0, 3.3, 3.2) 20
[15:47:56.019]: (-2.0, 3.3, 3.2) 20
[15:47:56.041]: (-2.0, 3.3, 3.2) 20
[15:47:56.062]: (-2.0, 3.3, 3.2) 20
[15:47:56.085]: (-2.0, 3.3, 3.2) 20
[15:47:56.107]: (-2.0, 3.3, 3.2) 20
[15:47:56.777]: (-0.3, 3.0, 2.1) 10
[15:47:57.051]: (-0.3, 3.0, 2.1) 10
[15:47:57.096]: (-0.3, 3.0, 2.1) 10
[15:47:57.118]: (-0.4, 3.0, 2.1) 10
[15:47:57.140]: (-0.4, 3.0, 2.1) 10
[15:47:57.163]: (-0.4, 3.0, 2.1) 10
[15:47:57.185]: (-0.4, 3.0, 2.1) 10
[15:47:57.208]: (-0.4, 3.0, 2.1) 10
[15:47:57.232]: (-0.4, 3.0, 2.1) 10
[15:47:57.686]: (-1.0, 3.6, 2.5) 18
[15:47:57.709]: (-1.0, 3.6, 2.5) 18
[15:47:57.731]: (-1.0, 3.6, 2.5) 18
[15:47:57.753]: (-1.0, 3.6, 2.5) 18
[15:47:57.774]: (-0.9, 3.6, 2.6) 18
[15:47:57.874]: (-1.1, 4.3, 3.4) 24
[15:47:57.895]: (-1.1, 4.2, 3.4) 24
[15:47:58.445]: (-0.4, 3.0, 2.0) 10
[15:47:58.461]: (-0.4, 3.0, 2.0) 10
[15:47:58.477]: (-0.4, 2.9, 2.0) 10
[15:47:58.510]: (-0.4, 2.9, 2.0) 10
[15:47:58.542]: (-0.4, 2.9, 2.0) 10
[15:47:58.560]: (-0.4, 2.9, 2.0) 10
[15:47:58.579]: (-0.4, 2.9, 2.0) 10
[15:47:58.597]: (-0.4, 2.9, 2.0) 10
[15:47:58.615]: (-0.4, 2.9, 2.0) 10
[15:47:58.951]: (0.9, 3.5, 1.7) 22
[15:47:58.995]: (0.9, 3.5, 1.7) 21
[15:47:59.106]: (0.9, 3.4, 1.7) 21
[15:47:59.217]: (0.9, 3.5, 1.7) 22
[15:48:00.028]: (-0.2, 2.9, 1.8) 9
[15:48:00.550]: (-0.3, 3.0, 2.0) 10
[15:48:00.573]: (-0.3, 3.0, 2.0) 10
[15:48:00.594]: (-0.3, 3.0, 2.0) 10
[15:48:00.638]: (-0.2, 2.9, 1.8) 9
[15:48:00.661]: (-0.2, 2.9, 1.8) 9
[15:48:00.683]: (-0.2, 2.9, 1.8) 9
[15:48:00.706]: (-0.2, 2.9, 1.8) 9
[15:48:00.730]: (-0.2, 2.9, 1.8) 9
[15:48:00.749]: (-0.2, 2.9, 1.8) 9
[15:48:00.970]: (-1.2, 2.7, 2.2) 16
[15:48:00.986]: (-1.3, 2.7, 2.2) 16
[15:48:01.002]: (-1.3, 2.7, 2.2) 16
[15:48:01.018]: (-1.3, 2.7, 2.2) 16
[15:48:01.049]: (-1.3, 2.7, 2.2) 16
[15:48:01.065]: (-1.3, 2.7, 2.2) 16
[15:48:01.082]: (-1.4, 2.8, 2.4) 15
[15:48:01.098]: (-1.4, 2.8, 2.4) 15
[15:48:01.116]: (-1.3, 2.8, 2.4) 15
[15:48:01.133]: (-1.4, 2.8, 2.4) 15
[15:48:01.149]: (-1.3, 2.8, 2.4) 15
[15:48:01.165]: (-1.3, 2.7, 2.2) 16
[15:48:01.183]: (-1.3, 2.7, 2.2) 16
[15:48:01.199]: (-1.2, 2.7, 2.2) 16
[15:48:01.216]: (-1.3, 2.7, 2.2) 16
[15:48:01.234]: (-1.3, 2.7, 2.2) 16
[15:48:01.250]: (-1.3, 2.7, 2.2) 16
[15:48:01.266]: (-1.3, 2.7, 2.2) 16
[15:48:01.282]: (-1.3, 2.8, 2.4) 15
[15:48:01.298]: (-1.3, 2.8, 2.4) 15
[15:48:01.343]: (-1.2, 2.7, 2.2) 16
[15:48:01.360]: (-1.3, 2.7, 2.2) 16
[15:48:01.382]: (-1.3, 2.7, 2.2) 16
[15:48:01.405]: (-1.3, 2.7, 2.2) 16
[15:48:01.428]: (-1.3, 2.7, 2.2) 16
[15:48:01.450]: (-1.3, 2.7, 2.2) 16
[15:48:01.472]: (-1.3, 2.7, 2.2) 16
[15:48:01.494]: (-1.3, 2.7, 2.2) 16
[15:48:01.516]: (-1.3, 2.7, 2.2) 16
[15:48:01.873]: (-0.5, 2.3, 1.6) 5
[15:48:01.889]: (-0.5, 2.3, 1.6) 5
[15:48:01.905]: (-0.5, 2.3, 1.5) 5
[15:48:01.921]: (-0.5, 2.3, 1.5) 5
[15:48:01.938]: (-0.5, 2.3, 1.5) 5
[15:48:01.956]: (-0.5, 2.3, 1.6) 5
[15:48:01.974]: (-0.5, 2.3, 1.6) 5
[15:48:02.159]: (-0.5, 2.2, 1.4) 6
[15:48:02.207]: (-0.5, 2.2, 1.4) 6
[15:48:02.227]: (-0.5, 2.2, 1.4) 6
[15:48:02.271]: (-0.5, 2.3, 1.5) 5
[15:48:02.294]: (-0.5, 2.3, 1.5) 5
[15:48:02.315]: (-0.5, 2.3, 1.5) 5
[15:48:02.339]: (-0.5, 2.3, 1.5) 5
[15:48:02.360]: (-0.5, 2.3, 1.5) 5
[15:48:02.382]: (-0.5, 2.3, 1.6) 5
[15:48:02.405]: (-0.5, 2.3, 1.6) 5
[15:48:02.427]: (-0.5, 2.3, 1.6) 5
[15:48:02.449]: (-0.5, 2.3, 1.5) 5
[15:48:02.472]: (-0.5, 2.3, 1.5) 5
[15:48:02.493]: (-0.5, 2.3, 1.5) 5
[15:48:02.515]: (-0.5, 2.3, 1.5) 5
[15:48:02.538]: (-0.5, 2.3, 1.5) 5
[15:48:02.560]: (-0.5, 2.3, 1.5) 5
[15:48:02.582]: (-0.5, 2.3, 1.5) 5
[15:48:02.605]: (-0.5, 2.3, 1.5) 5
[15:48:02.627]: (-0.5, 2.3, 1.5) 5
[15:48:02.645]: (-0.5, 2.3, 1.5) 5
[15:48:02.661]: (-0.5, 2.3, 1.5) 5
[15:48:02.679]: (-0.5, 2.3, 1.5) 5
[15:48:02.696]: (-0.5, 2.3, 1.5) 5
[15:48:02.713]: (-0.5, 2.3, 1.5) 5
[15:48:02.730]: (-0.5, 2.3, 1.5) 5
[15:48:02.748]: (-0.5, 2.3, 1.5) 5
[15:48:02.764]: (-0.5, 2.3, 1.5) 5
[15:48:02.782]: (-0.5, 2.3, 1.5) 5
[15:48:02.800]: (-0.5, 2.3, 1.5) 5
[15:48:02.820]: (-0.5, 2.3, 1.5) 5
[15:48:02.837]: (-0.5, 2.3, 1.5) 5
[15:48:02.853]: (-0.5, 2.3, 1.5) 5
[15:48:02.872]: (-0.5, 2.3, 1.5) 5
[15:48:02.891]: (-0.5, 2.3, 1.5) 5
[15:48:02.909]: (-0.5, 2.3, 1.5) 5
[15:48:02.928]: (-0.5, 2.3, 1.5) 5
[15:48:02.946]: (-0.5, 2.3, 1.5) 5
[15:48:02.961]: (-0.5, 2.3, 1.5) 5
[15:48:02.977]: (-0.5, 2.3, 1.5) 5
[15:48:02.994]: (-0.5, 2.3, 1.5) 5
[15:48:03.009]: (-0.5, 2.3, 1.5) 5
[15:48:03.028]: (-0.5, 2.3, 1.5) 5
[15:48:03.044]: (-0.5, 2.3, 1.6) 5
[15:48:03.094]: (-0.5, 2.3, 1.6) 5
[15:48:03.116]: (-0.5, 2.3, 1.6) 5
[15:48:03.137]: (-0.5, 2.3, 1.6) 5
[15:48:03.161]: (-0.5, 2.3, 1.5) 5
[15:48:03.182]: (-0.5, 2.3, 1.5) 5
[15:48:03.205]: (-0.5, 2.3, 1.5) 5
[15:48:03.228]: (-0.5, 2.3, 1.5) 5
[15:48:03.249]: (-0.5, 2.3, 1.5) 5
[15:48:03.271]: (-0.5, 2.3, 1.5) 5
[15:48:03.293]: (-0.5, 2.3, 1.5) 5
[15:48:03.316]: (-0.5, 2.3, 1.5) 5
[15:48:03.337]: (-0.5, 2.3, 1.5) 5
[15:48:03.359]: (-0.5, 2.3, 1.6) 5
[15:48:03.405]: (-0.4, 2.2, 1.4) 7
[15:48:03.449]: (-0.4, 2.2, 1.4) 7
[15:48:03.472]: (-0.4, 2.2, 1.4) 7
[15:48:03.493]: (-0.4, 2.2, 1.4) 7
[15:48:06.803]: (-0.2, 2.9, 1.7) 9
[15:48:06.936]: (-0.4, 2.9, 2.0) 10
[15:48:07.004]: (-0.4, 3.0, 2.0) 10
[15:48:07.315]: (-0.4, 3.0, 2.0) 10
[15:48:07.346]: (-0.4, 3.0, 2.0) 10
[15:48:07.363]: (-0.4, 3.0, 2.0) 10
[15:48:07.381]: (-0.4, 3.0, 2.0) 10
[15:48:07.397]: (-0.4, 3.0, 2.0) 10
[15:48:07.431]: (-0.4, 3.0, 2.0) 10
[15:48:07.748]: (-0.7, 3.6, 2.6) 18
[15:48:07.769]: (-0.7, 3.6, 2.6) 18
[15:48:07.792]: (-0.7, 3.6, 2.6) 18
[15:48:07.813]: (-0.7, 3.6, 2.5) 18
[15:48:07.836]: (-0.7, 3.6, 2.5) 18
[15:48:07.859]: (-0.7, 3.6, 2.5) 18
[15:48:07.880]: (-0.7, 3.6, 2.5) 18
[15:48:07.898]: (-0.7, 3.6, 2.5) 18
[15:48:07.914]: (-0.7, 3.6, 2.6) 18
[15:48:07.932]: (-1.1, 4.3, 3.3) 24
[15:48:07.951]: (-1.0, 4.3, 3.4) 24
[15:48:07.969]: (-1.1, 4.3, 3.4) 24
[15:48:07.986]: (-1.1, 4.3, 3.4) 24
[15:48:08.002]: (-1.1, 4.3, 3.4) 24
[15:48:08.019]: (-1.1, 4.3, 3.4) 24
[15:48:08.037]: (-1.1, 4.3, 3.4) 24
[15:48:08.055]: (-1.1, 4.3, 3.4) 24
[15:48:08.525]: (-0.7, 3.5, 2.6) 18
[15:48:08.658]: (-0.3, 3.0, 1.9) 10
[15:48:08.680]: (-0.4, 3.0, 1.9) 10
[15:48:08.704]: (-0.4, 3.0, 1.9) 10
[15:48:08.724]: (-0.4, 3.0, 1.9) 10
[15:48:08.748]: (-0.4, 3.0, 1.9) 10
[15:48:08.764]: (-0.4, 3.0, 1.9) 10
[15:48:08.782]: (-0.4, 3.0, 1.9) 10
[15:48:08.801]: (-0.4, 3.0, 1.9) 10
[15:48:08.823]: (-0.4, 3.0, 1.9) 10
[15:48:08.843]: (-0.4, 3.0, 2.0) 10
[15:48:09.148]: (-0.3, 3.0, 1.7) 9
[15:48:09.347]: (-0.3, 2.9, 1.7) 9
[15:48:09.367]: (-0.3, 2.9, 1.7) 9
[15:48:09.387]: (-0.3, 2.9, 1.7) 9
[15:48:09.407]: (-0.3, 2.9, 1.7) 9
[15:48:11.054]: (-0.4, 2.9, 1.8) 10
[15:48:11.071]: (-0.4, 2.9, 1.8) 10
[15:48:11.089]: (-0.4, 2.9, 1.8) 10
[15:48:11.106]: (-0.4, 2.9, 1.8) 10
[15:48:11.124]: (-0.4, 2.9, 1.8) 10
[15:48:11.156]: (-0.5, 2.9, 1.8) 10
[15:48:11.557]: (-0.5, 2.9, 1.8) 10
[15:48:12.102]: (-0.4, 2.9, 1.8) 10
[15:48:12.464]: (-0.4, 2.9, 1.8) 10
[15:48:12.481]: (-0.4, 2.9, 1.8) 10
[15:48:12.498]: (-0.4, 2.9, 1.8) 10
[15:48:12.516]: (-0.4, 2.9, 1.8) 10
[15:48:12.533]: (-0.4, 2.9, 1.8) 10
[15:48:12.549]: (-0.4, 2.9, 1.8) 10
[15:48:12.567]: (-0.4, 2.9, 1.8) 10
[15:48:12.583]: (-0.4, 2.9, 1.8) 10
[15:48:12.601]: (-0.4, 2.9, 1.8) 10
[15:48:12.617]: (-0.4, 2.9, 1.8) 10
[15:48:12.635]: (-0.4, 2.9, 1.8) 10
[15:48:12.651]: (-0.4, 2.9, 1.8) 10
[15:48:12.667]: (-0.4, 2.9, 1.8) 10
[15:48:12.684]: (-0.4, 2.9, 1.8) 10
[15:48:13.426]: (-0.2, 2.9, 1.6) 9
[15:48:13.669]: (-0.4, 2.9, 1.8) 10
[15:48:14.098]: (-0.3, 2.9, 1.6) 9
[15:48:14.401]: (-0.2, 2.9, 1.7) 9
[15:48:14.478]: (0.4, 2.2, 0.9) 33
[15:48:14.494]: (0.4, 2.2, 0.9) 33
[15:48:14.511]: (0.4, 2.2, 0.9) 33
[15:48:14.532]: (0.4, 2.2, 0.9) 33
[15:48:14.555]: (0.4, 2.2, 0.9) 33
[15:48:14.577]: (0.4, 2.2, 0.9) 33
[15:48:14.600]: (0.4, 2.2, 0.9) 33
[15:48:14.622]: (0.4, 2.2, 0.9) 33
[15:48:14.645]: (0.4, 2.2, 0.9) 33
[15:48:14.665]: (0.5, 2.2, 0.9) 33
[15:48:14.689]: (0.5, 2.2, 0.9) 33
[15:48:14.710]: (0.5, 2.2, 0.9) 33
[15:48:14.733]: (0.5, 2.2, 0.9) 33
[15:48:14.755]: (0.5, 2.2, 0.9) 33
[15:48:14.777]: (0.4, 2.2, 0.9) 33
[15:48:14.800]: (0.4, 2.2, 0.9) 33
[15:48:14.822]: (0.4, 2.2, 0.9) 33
[15:48:14.843]: (0.4, 2.2, 0.9) 33
[15:48:14.866]: (0.4, 2.2, 0.9) 33
[15:48:14.890]: (0.4, 2.2, 0.9) 33
[15:48:14.910]: (0.4, 2.2, 0.9) 33
[15:48:14.933]: (0.4, 2.2, 0.9) 33
[15:48:14.956]: (0.4, 2.2, 0.9) 33
[15:48:14.978]: (0.4, 2.2, 1.0) 33
[15:48:16.511]: (0.8, 3.5, 1.7) 22
[15:48:16.531]: (0.8, 3.5, 1.7) 22
[15:48:16.621]: (0.8, 3.5, 1.6) 22
[15:48:16.643]: (0.8, 3.5, 1.6) 22
[15:48:16.666]: (0.8, 3.5, 1.6) 22
[15:48:16.688]: (0.8, 3.5, 1.7) 22
[15:48:16.708]: (0.8, 3.5, 1.7) 22
[15:48:16.727]: (0.7, 3.5, 1.7) 22
[15:48:16.745]: (0.7, 3.5, 1.7) 22
[15:48:16.762]: (0.7, 3.5, 1.7) 22
[15:48:16.778]: (0.7, 3.5, 1.7) 22
[15:48:17.476]: (-0.5, 2.1, 1.3) 6
[15:48:17.670]: (-0.5, 2.3, 1.4) 5
[15:48:17.688]: (-0.5, 2.3, 1.4) 5
[15:48:17.705]: (-0.6, 2.3, 1.4) 5
[15:48:17.723]: (-0.5, 2.3, 1.4) 5
[15:48:17.740]: (-0.5, 2.3, 1.4) 5
[15:48:17.756]: (-0.5, 2.3, 1.4) 5
[15:48:17.773]: (-0.5, 2.3, 1.4) 5
[15:48:17.792]: (-0.6, 2.3, 1.4) 5
[15:48:18.887]: (-0.5, 2.3, 1.4) 5
[15:48:18.909]: (-0.6, 2.3, 1.4) 5
[15:48:18.932]: (-0.5, 2.3, 1.4) 5
[15:48:18.954]: (-0.5, 2.3, 1.4) 5
[15:48:18.975]: (-0.5, 2.3, 1.4) 5
[15:48:18.997]: (-0.5, 2.3, 1.4) 5
[15:48:19.020]: (-0.5, 2.3, 1.4) 5
[15:48:19.043]: (-0.5, 2.3, 1.4) 5
[15:48:19.065]: (-0.5, 2.3, 1.4) 5
[15:48:19.087]: (-0.5, 2.3, 1.4) 5
[15:48:19.109]: (-0.5, 2.3, 1.4) 5
[15:48:19.130]: (-0.5, 2.3, 1.4) 5
[15:48:19.153]: (-0.5, 2.3, 1.4) 5
[15:48:19.176]: (-0.5, 2.3, 1.4) 5
[15:48:19.197]: (-0.5, 2.3, 1.4) 5
[15:48:19.220]: (-0.5, 2.3, 1.4) 5
[15:48:19.242]: (-0.5, 2.3, 1.4) 5
[15:48:19.265]: (-0.5, 2.3, 1.4) 5
[15:48:19.308]: (-0.6, 2.3, 1.4) 5
[15:48:19.326]: (-0.6, 2.3, 1.4) 5
[15:48:19.418]: (-0.6, 2.3, 1.4) 5
[15:48:19.434]: (-0.6, 2.3, 1.4) 5
[15:48:19.451]: (-0.6, 2.3, 1.4) 5
[15:48:19.467]: (-0.6, 2.3, 1.4) 5
[15:48:19.482]: (-0.6, 2.3, 1.4) 5
[15:48:19.499]: (-0.6, 2.3, 1.4) 5
[15:48:19.515]: (-0.6, 2.3, 1.4) 5
[15:48:19.533]: (-0.6, 2.3, 1.4) 5
[15:48:19.550]: (-0.6, 2.3, 1.4) 5
[15:48:19.568]: (-0.6, 2.3, 1.4) 5
[15:48:19.584]: (-0.6, 2.3, 1.4) 5
[15:48:19.601]: (-0.6, 2.3, 1.4) 5
[15:48:19.618]: (-0.6, 2.3, 1.4) 5
[15:48:19.664]: (-0.6, 2.3, 1.4) 5
[15:48:19.684]: (-0.5, 2.3, 1.4) 5
[15:48:19.700]: (-0.6, 2.3, 1.4) 5
[15:48:19.717]: (-0.5, 2.3, 1.4) 5
[15:48:19.733]: (-0.5, 2.3, 1.4) 5
[15:48:19.753]: (-0.5, 2.3, 1.4) 5
[15:48:19.770]: (-0.5, 2.3, 1.4) 5
[15:48:19.786]: (-0.5, 2.3, 1.4) 5
[15:48:19.808]: (-0.5, 2.3, 1.4) 5
[15:48:19.832]: (-0.5, 2.3, 1.4) 5
[15:48:19.855]: (-0.5, 2.3, 1.4) 5
[15:48:19.876]: (-0.5, 2.3, 1.4) 5
[15:48:19.900]: (-0.5, 2.3, 1.4) 5
[15:48:19.919]: (-0.5, 2.3, 1.4) 5
[15:48:19.942]: (-0.5, 2.3, 1.4) 5
[15:48:19.966]: (-0.5, 2.3, 1.4) 5
[15:48:19.986]: (-0.5, 2.3, 1.4) 5
[15:48:20.009]: (-0.5, 2.3, 1.4) 5
[15:48:20.030]: (-0.5, 2.3, 1.4) 5
[15:48:20.053]: (-0.5, 2.3, 1.4) 5
[15:48:20.075]: (-0.5, 2.3, 1.4) 5
[15:48:20.099]: (-0.5, 2.3, 1.4) 5
[15:48:20.119]: (-0.5, 2.3, 1.4) 5
[15:48:20.142]: (-0.5, 2.3, 1.4) 5
[15:48:20.164]: (-0.5, 2.3, 1.4) 5
[15:48:20.186]: (-0.5, 2.3, 1.4) 5
[15:48:20.209]: (-0.5, 2.3, 1.4) 5
[15:48:20.227]: (-0.5, 2.3, 1.4) 5
[15:48:20.243]: (-0.5, 2.3, 1.4) 5
[15:48:20.259]: (-0.5, 2.3, 1.4) 5
[15:48:20.276]: (-0.5, 2.3, 1.4) 5
[15:48:20.294]: (-0.5, 2.3, 1.4) 5
[15:48:20.312]: (-0.5, 2.3, 1.4) 5
[15:48:20.329]: (-0.5, 2.3, 1.4) 5
[15:48:20.347]: (-0.5, 2.3, 1.4) 5
[15:48:20.366]: (-0.5, 2.3, 1.4) 5
[15:48:20.384]: (-0.5, 2.3, 1.4) 5
[15:48:20.401]: (-0.5, 2.3, 1.4) 5
[15:48:20.418]: (-0.5, 2.3, 1.4) 5
[15:48:20.436]: (-0.5, 2.3, 1.4) 5
[15:48:20.453]: (-0.5, 2.3, 1.4) 5
[15:48:20.472]: (-0.5, 2.3, 1.4) 5
[15:48:20.489]: (-0.5, 2.3, 1.4) 5
[15:48:20.505]: (-0.5, 2.3, 1.4) 5
[15:48:20.520]: (-0.5, 2.3, 1.4) 5
[15:48:20.538]: (-0.5, 2.3, 1.4) 5
[15:48:20.600]: (-0.4, 2.9, 1.8) 10
[15:48:20.643]: (-0.4, 3.0, 1.8) 10
[15:48:20.661]: (-0.4, 3.0, 1.8) 10
[15:48:20.678]: (-0.4, 2.9, 1.8) 10
[15:48:20.698]: (-0.4, 2.9, 1.8) 10
[15:48:20.721]: (-0.4, 2.9, 1.8) 10
[15:48:20.742]: (-0.4, 2.9, 1.8) 10
[15:48:20.763]: (-0.4, 2.9, 1.8) 10
[15:48:20.786]: (-0.4, 2.9, 1.8) 10
[15:48:20.810]: (-0.4, 2.9, 1.8) 10
[15:48:20.830]: (-0.4, 2.9, 1.8) 10
[15:48:20.852]: (-0.4, 2.9, 1.8) 10
[15:48:20.986]: (-0.3, 2.9, 1.6) 9
[15:48:21.774]: (-0.3, 2.9, 1.6) 9
[15:48:21.798]: (-0.3, 2.9, 1.6) 9
[15:48:21.819]: (-0.3, 2.9, 1.6) 9
[15:48:21.841]: (-0.3, 2.9, 1.6) 9
[15:48:21.864]: (-0.3, 2.9, 1.6) 9
[15:48:21.887]: (-0.3, 2.9, 1.6) 9
[15:48:22.800]: (-0.6, 3.0, 1.6) 10
[15:48:22.818]: (-0.5, 3.0, 1.6) 10
[15:48:22.886]: (-0.5, 3.0, 1.7) 10
[15:48:22.934]: (-0.5, 3.0, 1.6) 10
[15:48:22.951]: (-0.5, 3.0, 1.6) 10
[15:48:22.974]: (-0.5, 3.0, 1.6) 10
[15:48:22.996]: (-0.5, 3.0, 1.6) 10
[15:48:23.018]: (-0.5, 3.0, 1.6) 10
[15:48:23.254]: (-0.5, 3.0, 1.6) 10
[15:48:23.272]: (-0.5, 3.0, 1.6) 10
[15:48:23.288]: (-0.5, 3.0, 1.6) 10
[15:48:23.304]: (-0.6, 3.0, 1.6) 10
[15:48:23.320]: (-0.5, 3.0, 1.6) 10
[15:48:23.337]: (-0.5, 3.0, 1.6) 10
[15:48:23.354]: (-0.5, 3.0, 1.6) 10
[15:48:23.386]: (-0.5, 3.0, 1.6) 10
[15:48:23.652]: (-0.5, 3.0, 1.6) 10
[15:48:23.674]: (-0.5, 3.0, 1.6) 10
[15:48:23.785]: (-0.5, 3.0, 1.6) 10
[15:48:23.807]: (-0.5, 3.0, 1.6) 10
[15:48:23.830]: (-0.5, 3.0, 1.6) 10
[15:48:24.111]: (-0.5, 2.9, 1.6) 10
[15:48:24.130]: (-0.5, 2.9, 1.6) 10
[15:48:24.757]: (-0.4, 2.8, 1.4) 9
[15:48:24.778]: (-0.4, 2.8, 1.4) 9
[15:48:24.799]: (-0.4, 2.8, 1.4) 9
[15:48:24.821]: (-0.4, 2.8, 1.4) 9
[15:48:24.843]: (-0.4, 2.8, 1.4) 9
[15:48:24.866]: (-0.4, 2.8, 1.4) 9
[15:48:24.887]: (-0.4, 2.8, 1.4) 9
[15:48:25.045]: (-0.4, 2.8, 1.4) 9
[15:48:25.067]: (-0.4, 2.8, 1.4) 9
[15:48:26.326]: (-1.3, 2.5, 1.8) 14
[15:48:29.973]: (-0.5, 2.8, 1.5) 10
[15:48:30.038]: (-0.5, 2.9, 1.5) 10
[15:48:30.061]: (-0.5, 2.9, 1.5) 10
[15:48:30.105]: (-0.5, 2.9, 1.5) 10
[15:48:30.194]: (-0.5, 2.8, 1.5) 10
[15:48:30.216]: (-0.5, 2.9, 1.5) 10
[15:48:30.238]: (-0.5, 2.8, 1.5) 10
[15:48:30.260]: (-0.5, 2.8, 1.5) 10
[15:48:30.304]: (-0.5, 2.8, 1.5) 10
[15:48:30.328]: (-0.5, 2.9, 1.5) 10
[15:48:30.350]: (-0.5, 2.9, 1.5) 10
[15:48:30.369]: (-0.5, 2.8, 1.5) 10
[15:48:30.386]: (-0.5, 2.9, 1.5) 10
[15:48:30.659]: (-0.4, 2.1, 1.1) 7
[15:48:30.724]: (-0.4, 2.1, 1.1) 7
[15:48:30.742]: (-0.4, 2.1, 1.1) 7
[15:48:30.761]: (-0.4, 2.1, 1.1) 7
[15:48:30.779]: (-0.4, 2.1, 1.1) 7
[15:48:30.797]: (-0.4, 2.1, 1.1) 7
[15:48:30.813]: (-0.4, 2.1, 1.1) 7
[15:48:30.830]: (-0.4, 2.1, 1.1) 7
[15:48:30.856]: (-0.4, 2.1, 1.1) 7
[15:48:30.875]: (-0.4, 2.1, 1.1) 7
[15:48:30.964]: (-0.4, 2.1, 1.1) 7
