[16:28:52.593]: (-2.4, -0.7, 0.1) 30
[16:28:52.621]: (-2.4, -0.6, 0.2) 31
[16:28:52.643]: (-2.2, -0.4, 0.2) 44
[16:28:52.665]: (-2.2, -0.5, 0.3) 36
[16:28:52.688]: (-2.3, -0.4, 0.3) 36
[16:28:52.775]: (-2.3, -0.2, 0.6) 47
[16:28:52.798]: (-2.3, -0.2, 0.7) 47
[16:28:52.820]: (-2.3, 0.0, 0.9) 47
[16:28:53.260]: (-1.0, 1.4, 2.0) 46
[16:28:53.285]: (-1.0, 1.4, 2.1) 34
[16:28:53.310]: (-1.0, 1.5, 2.1) 34
[16:28:53.333]: (-0.9, 1.5, 2.1) 34
[16:28:53.351]: (-0.9, 1.5, 2.1) 44
[16:28:53.370]: (-0.9, 1.5, 2.1) 44
[16:28:53.389]: (-0.9, 1.5, 2.1) 44
[16:28:53.409]: (-0.9, 1.5, 2.1) 44
[16:28:53.431]: (-0.8, 1.5, 2.1) 44
[16:28:53.449]: (-0.9, 1.5, 2.1) 44
[16:28:53.467]: (-0.9, 1.5, 2.1) 44
[16:28:53.486]: (-0.9, 1.5, 2.1) 34
[16:28:53.504]: (-0.9, 1.5, 2.1) 34
[16:28:53.523]: (-0.9, 1.5, 2.1) 34
[16:28:53.541]: (-0.9, 1.5, 2.1) 34
[16:28:53.559]: (-0.9, 1.5, 2.1) 34
[16:28:53.582]: (-0.9, 1.5, 2.1) 34
[16:28:53.601]: (-0.9, 1.4, 2.1) 34
[16:28:53.624]: (-1.0, 1.4, 2.1) 34
[16:28:53.647]: (-1.0, 1.4, 2.1) 34
[16:28:53.668]: (-1.0, 1.5, 2.1) 34
[16:28:53.690]: (-1.0, 1.5, 2.1) 34
[16:28:53.714]: (-0.9, 1.5, 2.1) 44
[16:28:53.785]: (-1.2, 1.7, 3.0) 64
[16:28:53.810]: (-1.2, 1.7, 3.2) 53
[16:28:53.835]: (-1.2, 1.7, 3.2) 65
[16:28:54.150]: (-0.4, 1.7, 2.1) 36
[16:28:54.177]: (-0.4, 1.7, 2.4) 33
[16:28:54.327]: (-0.5, 1.8, 2.0) 44
[16:28:54.343]: (-0.5, 1.8, 2.0) 44
[16:28:54.364]: (-0.5, 1.8, 2.0) 44
[16:28:54.386]: (-0.5, 1.8, 2.0) 44
[16:28:54.408]: (-0.5, 1.8, 2.1) 34
[16:28:54.426]: (-0.5, 1.8, 2.1) 34
[16:28:54.444]: (-0.5, 1.8, 2.1) 34
[16:28:54.461]: (-0.8, 1.8, 2.1) 37
[16:28:54.510]: (-1.5, 1.7, 2.4) 20
[16:28:54.856]: (-1.2, 1.4, 1.5) 7
[16:28:54.878]: (-1.1, 1.4, 1.3) 1
[16:28:54.900]: (-1.2, 1.3, 1.5) 2
[16:28:54.944]: (-1.2, 1.4, 1.5) 4
[16:28:54.981]: (-1.1, 1.4, 1.4) 5
[16:28:54.998]: (-1.1, 1.4, 1.3) 5
[16:28:55.021]: (-1.1, 1.4, 1.3) 5
[16:28:55.044]: (-1.1, 1.4, 1.3) 5
[16:28:55.065]: (-1.1, 1.4, 1.3) 5
[16:28:55.088]: (-1.1, 1.4, 1.3) 5
[16:28:55.115]: (-1.1, 1.4, 1.3) 5
[16:28:55.138]: (-1.1, 1.4, 1.3) 5
[16:28:55.161]: (-1.1, 1.4, 1.3) 5
[16:28:55.185]: (-1.1, 1.5, 1.3) 5
[16:28:55.208]: (-1.0, 1.5, 1.3) 5
[16:28:55.231]: (-0.9, 1.5, 1.2) 8
[16:28:55.251]: (-0.9, 1.5, 1.2) 8
[16:28:55.273]: (-0.9, 1.5, 1.2) 8
[16:28:55.295]: (-0.9, 1.5, 1.2) 8
[16:28:55.317]: (-1.0, 1.5, 1.2) 8
[16:28:55.439]: (-1.0, 1.5, 1.3) 0
[16:28:55.461]: (-1.0, 1.6, 1.2) 0
[16:28:55.485]: (-1.0, 1.6, 1.3) 0
[16:28:55.507]: (-1.1, 1.6, 1.3) 0
[16:28:55.529]: (-1.1, 1.6, 1.3) 0
[16:28:55.553]: (-1.1, 1.6, 1.2) 0
[16:28:55.578]: (-1.1, 1.6, 1.2) 0
[16:28:55.604]: (-1.1, 1.6, 1.2) 0
[16:28:55.621]: (-1.1, 1.6, 1.2) 0
[16:28:55.639]: (-1.1, 1.6, 1.2) 0
[16:28:55.766]: (-0.5, 2.0, 1.8) 34
[16:28:55.800]: (-0.5, 2.0, 1.8) 34
[16:28:55.834]: (-0.5, 2.0, 1.8) 34
[16:28:55.867]: (-0.5, 2.0, 1.8) 34
[16:28:55.902]: (-0.5, 2.0, 1.8) 34
[16:28:55.934]: (-0.5, 2.0, 1.8) 34
[16:28:55.968]: (-0.5, 2.0, 1.8) 34
[16:28:55.999]: (-0.5, 2.0, 1.8) 34
[16:28:56.034]: (-0.5, 2.0, 1.9) 34
[16:28:56.067]: (-0.5, 2.1, 1.8) 34
[16:28:56.101]: (-0.5, 2.0, 1.8) 34
[16:28:56.134]: (-0.5, 2.0, 1.8) 34
[16:28:56.167]: (-0.5, 2.1, 1.9) 34
[16:28:56.200]: (-0.5, 2.1, 2.1) 33
[16:28:56.234]: (-0.5, 2.1, 1.8) 36
[16:28:56.266]: (-0.5, 2.1, 1.9) 37
[16:28:56.323]: (-0.5, 2.1, 1.9) 37
[16:28:56.350]: (-0.5, 2.1, 1.9) 37
[16:28:56.372]: (-0.5, 2.1, 1.9) 37
[16:28:56.396]: (-0.4, 2.1, 1.9) 37
[16:28:56.420]: (-0.4, 2.1, 1.9) 37
[16:28:56.447]: (-0.4, 2.1, 1.9) 37
[16:28:56.469]: (-0.4, 2.1, 1.9) 37
[16:28:56.490]: (-0.4, 2.1, 2.1) 45
[16:28:56.592]: (-0.5, 2.4, 2.7) 65
[16:28:56.620]: (-0.5, 2.4, 2.7) 65
[16:28:56.642]: (-0.6, 2.3, 2.7) 65
[16:28:56.665]: (-0.6, 2.3, 2.7) 53
[16:28:56.688]: (-0.6, 2.3, 2.6) 53
[16:28:56.710]: (-0.4, 2.2, 2.6) 52
[16:28:56.899]: (-0.5, 2.3, 2.7) 65
[16:28:57.011]: (-0.3, 2.3, 2.5) 64
[16:28:57.033]: (-0.4, 2.2, 2.5) 64
[16:28:57.054]: (-0.4, 2.2, 2.5) 64
[16:28:57.077]: (-0.4, 2.2, 2.5) 64
[16:28:57.100]: (-0.4, 2.2, 2.5) 64
[16:28:57.121]: (-0.4, 2.2, 2.5) 64
[16:28:57.300]: (-0.4, 2.1, 2.5) 64
[16:28:57.322]: (-0.4, 2.2, 2.7) 65
[16:28:57.343]: (-0.4, 2.2, 2.7) 65
[16:28:57.366]: (-0.4, 2.2, 2.7) 65
[16:28:57.387]: (-0.4, 2.2, 2.8) 65
[16:28:57.548]: (-0.3, 1.9, 2.0) 45
[16:28:57.570]: (-0.3, 1.9, 1.8) 37
[16:28:57.592]: (-0.3, 1.8, 1.6) 46
[16:28:57.617]: (-0.3, 1.8, 1.6) 46
[16:28:57.641]: (-0.3, 2.0, 1.8) 35
[16:28:57.746]: (-0.3, 2.3, 2.5) 65
[16:28:57.770]: (-0.2, 2.2, 2.4) 64
[16:28:57.792]: (-0.3, 2.2, 2.3) 64
[16:28:57.835]: (-0.3, 2.2, 2.3) 64
[16:28:58.084]: (-0.4, 2.1, 1.8) 43
[16:28:58.108]: (-0.4, 2.1, 1.8) 43
[16:28:58.131]: (-0.4, 2.1, 1.8) 43
[16:28:58.566]: (-0.2, 2.0, 1.6) 38
[16:28:58.599]: (-0.3, 2.0, 1.6) 38
[16:28:58.632]: (-0.3, 2.0, 1.6) 38
[16:28:58.666]: (-0.3, 1.9, 1.6) 38
[16:28:58.768]: (-0.5, 2.0, 1.7) 35
[16:28:58.803]: (-0.5, 2.0, 1.8) 45
[16:28:58.837]: (-0.5, 2.0, 1.8) 45
[16:28:58.905]: (-0.4, 2.0, 1.8) 45
[16:28:59.038]: (-0.4, 2.0, 1.8) 45
[16:28:59.061]: (-0.2, 2.0, 1.7) 33
[16:28:59.084]: (-0.2, 1.9, 1.6) 32
[16:28:59.301]: (-0.4, 2.0, 1.7) 43
[16:28:59.326]: (-0.3, 1.9, 1.6) 32
[16:28:59.348]: (-0.4, 1.9, 1.5) 34
[16:28:59.373]: (-0.4, 1.8, 1.4) 34
[16:28:59.394]: (-0.4, 1.9, 1.4) 34
[16:28:59.417]: (-0.4, 1.9, 1.4) 34
[16:28:59.438]: (-0.4, 1.9, 1.5) 32
[16:28:59.463]: (-0.4, 1.9, 1.5) 32
[16:28:59.483]: (-0.4, 1.9, 1.5) 32
[16:28:59.500]: (-0.4, 2.0, 1.6) 33
[16:28:59.523]: (-0.4, 2.0, 1.6) 33
[16:28:59.546]: (-0.4, 2.0, 1.6) 33
[16:28:59.565]: (-0.4, 2.0, 1.6) 33
[16:28:59.587]: (-0.4, 2.0, 1.6) 33
[16:28:59.610]: (-0.4, 2.0, 1.7) 43
[16:28:59.631]: (-0.4, 2.0, 1.5) 32
[16:28:59.654]: (-0.3, 2.0, 1.5) 32
[16:28:59.676]: (-0.5, 1.9, 1.4) 36
[16:28:59.698]: (-0.5, 1.9, 1.4) 36
[16:28:59.722]: (-0.5, 2.0, 1.6) 35
[16:28:59.744]: (-0.5, 1.9, 1.6) 35
[16:28:59.765]: (-0.5, 2.0, 1.6) 35
[16:28:59.789]: (-0.5, 2.0, 1.6) 35
[16:28:59.811]: (-0.5, 1.9, 1.6) 35
[16:28:59.833]: (-0.6, 1.9, 1.6) 35
[16:28:59.855]: (-0.6, 2.0, 1.6) 35
[16:28:59.877]: (-0.6, 2.0, 1.6) 35
[16:28:59.899]: (-0.6, 2.0, 1.6) 35
[16:28:59.943]: (-0.3, 2.0, 1.5) 32
[16:28:59.966]: (-0.3, 1.9, 1.5) 32
[16:28:59.989]: (-0.3, 1.9, 1.6) 32
[16:29:00.034]: (-0.3, 1.9, 1.6) 32
[16:29:00.056]: (-0.3, 1.9, 1.6) 32
[16:29:00.077]: (-0.3, 1.9, 1.6) 33
[16:29:00.099]: (-0.3, 1.9, 1.6) 33
[16:29:00.123]: (-0.3, 1.9, 1.6) 33
[16:29:00.148]: (-0.3, 1.9, 1.7) 33
[16:29:00.169]: (-0.3, 1.9, 1.6) 35
[16:29:00.192]: (-0.3, 1.9, 1.6) 35
[16:29:00.214]: (-0.3, 1.9, 1.6) 35
[16:29:00.236]: (-0.3, 2.0, 1.7) 45
[16:29:00.260]: (-0.3, 2.0, 1.7) 45
[16:29:00.283]: (-0.3, 2.0, 1.7) 45
[16:29:00.306]: (-0.3, 2.0, 1.7) 45
[16:29:00.329]: (-0.3, 1.9, 1.6) 35
[16:29:00.391]: (-0.9, 2.1, 1.8) 28
[16:29:00.664]: (-1.2, 2.1, 1.7) 28
[16:29:00.893]: (-1.3, 2.0, 1.7) 22
[16:29:00.916]: (-1.3, 2.0, 1.6) 22
[16:29:00.961]: (-0.5, 1.9, 1.4) 37
[16:29:00.984]: (-0.5, 1.9, 1.4) 37
[16:29:01.006]: (-0.5, 1.9, 1.4) 37
[16:29:01.034]: (-0.5, 1.9, 1.4) 37
[16:29:01.069]: (-0.5, 1.9, 1.4) 37
[16:29:01.102]: (-0.5, 1.9, 1.4) 37
[16:29:01.135]: (-0.5, 1.9, 1.4) 37
[16:29:01.168]: (-0.5, 1.9, 1.5) 37
[16:29:01.202]: (-0.4, 1.9, 1.3) 34
[16:29:01.235]: (-0.4, 1.9, 1.3) 34
[16:29:01.269]: (-0.4, 1.9, 1.3) 34
[16:29:01.302]: (-0.4, 1.9, 1.3) 34
[16:29:01.335]: (-0.4, 1.9, 1.3) 34
[16:29:01.368]: (-0.4, 1.9, 1.3) 34
[16:29:01.401]: (-0.4, 1.9, 1.3) 34
[16:29:01.434]: (-0.4, 1.9, 1.3) 34
[16:29:01.469]: (-0.4, 1.9, 1.4) 34
[16:29:01.685]: (-1.4, 1.4, 1.1) 2
[16:29:01.708]: (-1.4, 1.3, 1.1) 2
[16:29:01.730]: (-1.4, 1.3, 1.1) 2
[16:29:01.753]: (-1.4, 1.3, 1.1) 2
[16:29:01.776]: (-1.4, 1.4, 1.1) 2
[16:29:01.820]: (-1.3, 1.4, 1.2) 7
[16:29:01.931]: (-1.4, 1.4, 1.1) 2
[16:29:01.952]: (-1.5, 1.4, 1.1) 4
[16:29:01.975]: (-1.5, 1.3, 1.1) 4
[16:29:01.996]: (-1.6, 1.3, 1.1) 4
[16:29:02.108]: (-1.6, 1.3, 1.1) 4
[16:29:02.130]: (-1.5, 1.3, 1.1) 4
[16:29:02.152]: (-1.4, 1.4, 1.1) 2
[16:29:02.174]: (-1.4, 1.4, 1.1) 2
[16:29:02.442]: (-0.1, 2.5, 1.8) 69
[16:29:02.466]: (-0.1, 2.5, 1.8) 69
[16:29:02.557]: (-0.2, 2.6, 1.8) 64
[16:29:02.578]: (-0.2, 2.6, 1.8) 64
[16:29:02.623]: (-0.2, 2.7, 1.8) 52
[16:29:02.645]: (-0.2, 2.6, 1.8) 52
[16:29:02.798]: (0.0, 2.5, 1.7) 57
[16:29:02.816]: (0.0, 2.5, 1.7) 57
[16:29:02.833]: (0.0, 2.5, 1.6) 68
[16:29:02.852]: (0.0, 2.8, 1.9) 48
[16:29:02.873]: (-0.1, 2.6, 1.8) 50
[16:29:02.895]: (-0.1, 2.6, 1.8) 50
[16:29:02.922]: (-0.1, 2.8, 2.0) 49
[16:29:02.947]: (-0.1, 2.8, 2.0) 49
[16:29:02.969]: (-0.2, 2.8, 2.0) 49
[16:29:02.993]: (-0.2, 2.8, 2.0) 49
[16:29:03.015]: (-0.2, 2.8, 2.1) 62
[16:29:03.124]: (-0.2, 2.6, 2.1) 51
[16:29:03.190]: (-0.2, 2.5, 2.0) 53
[16:29:03.212]: (-0.1, 2.5, 2.0) 53
[16:29:03.233]: (-0.1, 2.5, 2.1) 51
[16:29:03.275]: (-0.1, 2.5, 2.1) 51
[16:29:03.318]: (-0.1, 2.5, 2.1) 51
[16:29:03.362]: (-0.1, 2.5, 2.1) 51
[16:29:03.383]: (-0.2, 2.5, 2.1) 51
[16:29:03.405]: (-0.2, 2.5, 2.1) 51
[16:29:03.445]: (-0.3, 2.4, 2.0) 65
[16:29:03.606]: (-1.4, 2.2, 1.6) 14
[16:29:03.623]: (-1.4, 2.2, 1.6) 14
[16:29:03.645]: (-1.4, 2.2, 1.6) 14
[16:29:03.669]: (-1.4, 2.3, 1.6) 12
[16:29:03.696]: (-1.3, 2.2, 1.6) 20
[16:29:03.730]: (-1.3, 2.2, 1.6) 20
[16:29:03.764]: (-1.2, 2.1, 1.6) 28
[16:29:03.798]: (-1.2, 2.1, 1.6) 28
[16:29:03.830]: (-1.2, 2.2, 1.6) 28
[16:29:03.864]: (-1.2, 2.2, 1.6) 28
[16:29:03.931]: (-1.4, 2.2, 1.7) 12
[16:29:03.964]: (-1.4, 2.2, 1.6) 14
[16:29:03.997]: (-1.4, 2.1, 1.5) 22
[16:29:04.030]: (-1.4, 2.1, 1.5) 22
[16:29:04.063]: (-1.4, 2.1, 1.6) 22
[16:29:04.098]: (-1.4, 2.2, 1.6) 14
[16:29:04.130]: (-1.4, 2.2, 1.6) 12
[16:29:04.197]: (-1.2, 2.2, 1.6) 28
[16:29:04.230]: (-1.2, 2.1, 1.6) 28
[16:29:04.297]: (-1.2, 2.1, 1.6) 28
[16:29:04.419]: (-1.2, 2.1, 1.6) 28
[16:29:04.441]: (-1.2, 2.1, 1.6) 28
[16:29:04.529]: (-1.4, 2.2, 1.6) 12
[16:29:04.707]: (-1.2, 2.1, 1.6) 28
[16:29:04.730]: (-1.2, 2.1, 1.6) 28
[16:29:04.751]: (-1.2, 2.1, 1.6) 28
[16:29:04.775]: (-1.2, 2.1, 1.6) 28
[16:29:04.795]: (-1.2, 2.1, 1.6) 28
[16:29:04.818]: (-1.2, 2.1, 1.6) 28
[16:29:04.840]: (-1.2, 2.1, 1.7) 28
[16:29:04.863]: (-1.2, 2.1, 1.6) 28
[16:29:05.019]: (-1.4, 2.1, 1.5) 22
[16:29:05.199]: (-1.2, 2.1, 1.6) 28
[16:29:05.226]: (-0.7, 1.8, 1.4) 37
[16:29:05.244]: (-0.6, 1.7, 1.3) 36
[16:29:05.264]: (-0.6, 1.7, 1.3) 36
[16:29:05.287]: (-0.6, 1.7, 1.3) 36
[16:29:05.309]: (-0.6, 1.7, 1.3) 36
[16:29:05.331]: (-0.6, 1.7, 1.3) 36
[16:29:05.376]: (-0.6, 1.7, 1.4) 37
[16:29:05.399]: (-0.6, 1.7, 1.4) 37
[16:29:05.421]: (-0.6, 1.7, 1.4) 37
[16:29:05.442]: (-0.6, 1.7, 1.4) 37
[16:29:05.464]: (-0.6, 1.7, 1.5) 37
[16:29:05.509]: (-0.5, 1.6, 1.3) 36
[16:29:05.531]: (-0.5, 1.6, 1.4) 34
[16:29:05.554]: (-0.5, 1.6, 1.4) 34
[16:29:05.575]: (-0.5, 1.6, 1.4) 34
[16:29:05.598]: (-0.5, 1.6, 1.4) 34
[16:29:05.620]: (-0.5, 1.6, 1.4) 34
[16:29:05.642]: (-0.5, 1.6, 1.4) 34
[16:29:05.660]: (-0.5, 1.6, 1.4) 34
[16:29:05.678]: (-0.5, 1.6, 1.4) 34
[16:29:05.697]: (-0.5, 1.6, 1.4) 34
[16:29:05.715]: (-0.5, 1.6, 1.4) 34
[16:29:05.733]: (-0.5, 1.6, 1.4) 34
[16:29:05.751]: (-0.5, 1.6, 1.4) 34
[16:29:05.768]: (-0.5, 1.6, 1.4) 34
[16:29:05.784]: (-0.5, 1.6, 1.4) 34
[16:29:05.800]: (-0.5, 1.6, 1.4) 34
[16:29:05.816]: (-0.5, 1.6, 1.4) 34
[16:29:05.833]: (-0.5, 1.6, 1.4) 34
[16:29:05.851]: (-0.5, 1.6, 1.4) 34
[16:29:06.462]: (-0.4, 1.7, 1.5) 32
[16:29:06.483]: (-0.6, 1.8, 1.5) 35
[16:29:06.582]: (-1.3, 2.2, 1.6) 20
[16:29:06.693]: (-1.2, 2.1, 1.6) 28
[16:29:06.773]: (-1.3, 2.1, 1.6) 28
[16:29:06.790]: (-1.3, 2.1, 1.6) 28
[16:29:06.808]: (-1.3, 2.1, 1.6) 28
[16:29:06.826]: (-1.2, 2.1, 1.6) 28
[16:29:06.843]: (-1.2, 2.1, 1.6) 28
[16:29:06.862]: (-1.2, 2.1, 1.6) 28
[16:29:07.107]: (-1.4, 2.2, 1.6) 14
[16:29:07.128]: (-1.4, 2.2, 1.6) 14
[16:29:07.151]: (-1.4, 2.2, 1.6) 14
[16:29:07.173]: (-1.4, 2.2, 1.6) 14
[16:29:07.194]: (-1.2, 2.1, 1.6) 28
[16:29:07.218]: (-1.2, 2.1, 1.6) 28
[16:29:07.239]: (-1.2, 2.1, 1.6) 28
[16:29:07.262]: (-1.2, 2.1, 1.6) 28
[16:29:07.284]: (-1.2, 2.1, 1.6) 28
[16:29:07.307]: (-1.2, 2.1, 1.6) 28
[16:29:07.328]: (-1.2, 2.1, 1.6) 28
[16:29:07.350]: (-1.2, 2.1, 1.6) 28
[16:29:07.374]: (-1.2, 2.1, 1.6) 28
[16:29:07.394]: (-1.2, 2.1, 1.6) 28
[16:29:07.439]: (-1.2, 2.1, 1.6) 28
[16:29:07.462]: (-1.2, 2.1, 1.6) 28
[16:29:07.479]: (-1.2, 2.1, 1.6) 28
[16:29:07.497]: (-1.2, 2.1, 1.6) 28
[16:29:07.514]: (-1.2, 2.1, 1.6) 28
[16:29:07.531]: (-1.2, 2.1, 1.6) 28
[16:29:07.548]: (-1.2, 2.1, 1.6) 28
[16:29:07.565]: (-1.2, 2.1, 1.6) 28
[16:29:07.581]: (-1.2, 2.1, 1.6) 28
[16:29:07.598]: (-1.2, 2.1, 1.6) 28
[16:29:07.616]: (-1.2, 2.1, 1.6) 28
[16:29:07.632]: (-1.2, 2.1, 1.6) 28
[16:29:07.649]: (-1.3, 2.1, 1.6) 28
[16:29:07.666]: (-1.4, 2.2, 1.6) 14
[16:29:07.683]: (-1.4, 2.2, 1.7) 12
[16:29:07.744]: (-1.4, 2.2, 1.7) 12
[16:29:07.762]: (-1.4, 2.2, 1.7) 12
[16:29:07.895]: (-0.8, 1.8, 1.4) 47
[16:29:07.939]: (-0.6, 1.8, 1.6) 35
[16:29:08.184]: (-0.4, 1.7, 1.4) 34
[16:29:08.206]: (-0.4, 1.7, 1.5) 32
[16:29:08.228]: (-0.4, 1.7, 1.5) 32
[16:29:08.250]: (-0.4, 1.7, 1.5) 32
[16:29:08.272]: (-0.4, 1.7, 1.5) 32
[16:29:08.295]: (-0.4, 1.7, 1.5) 32
[16:29:08.317]: (-0.4, 1.7, 1.5) 32
[16:29:08.339]: (-0.4, 1.7, 1.5) 32
[16:29:08.362]: (-0.4, 1.7, 1.5) 32
[16:29:08.380]: (-0.4, 1.7, 1.5) 32
[16:29:08.396]: (-0.4, 1.7, 1.5) 32
[16:29:08.412]: (-0.4, 1.7, 1.5) 32
[16:29:08.429]: (-0.4, 1.7, 1.5) 32
[16:29:08.448]: (-0.4, 1.7, 1.5) 32
[16:29:08.463]: (-0.5, 1.7, 1.4) 34
[16:29:08.480]: (-0.5, 1.6, 1.4) 34
[16:29:08.496]: (-0.5, 1.6, 1.4) 34
[16:29:08.512]: (-0.5, 1.6, 1.4) 34
[16:29:08.530]: (-0.5, 1.6, 1.4) 34
[16:29:08.547]: (-0.5, 1.6, 1.4) 34
[16:29:08.564]: (-0.5, 1.6, 1.4) 34
[16:29:08.581]: (-0.5, 1.6, 1.4) 34
[16:29:08.598]: (-0.5, 1.6, 1.4) 34
[16:29:08.615]: (-0.5, 1.6, 1.4) 34
[16:29:08.631]: (-0.5, 1.6, 1.4) 34
[16:29:08.648]: (-0.5, 1.6, 1.4) 34
[16:29:08.664]: (-0.5, 1.6, 1.4) 34
[16:29:08.682]: (-0.5, 1.6, 1.4) 34
[16:29:08.699]: (-0.5, 1.6, 1.4) 34
[16:29:08.717]: (-0.5, 1.6, 1.4) 34
[16:29:08.734]: (-0.5, 1.6, 1.4) 34
[16:29:08.752]: (-0.5, 1.6, 1.4) 34
[16:29:08.770]: (-0.5, 1.6, 1.4) 34
[16:29:08.787]: (-0.5, 1.6, 1.3) 36
[16:29:08.808]: (-0.5, 1.7, 1.3) 36
[16:29:08.824]: (-0.6, 1.7, 1.3) 36
[16:29:08.842]: (-0.6, 1.7, 1.3) 36
[16:29:08.861]: (-0.6, 1.7, 1.3) 36
[16:29:08.883]: (-0.6, 1.7, 1.3) 36
[16:29:08.906]: (-0.6, 1.7, 1.3) 36
[16:29:08.928]: (-0.6, 1.7, 1.3) 36
[16:29:08.953]: (-0.6, 1.7, 1.3) 36
[16:29:09.041]: (-1.5, 1.4, 1.0) 2
[16:29:09.382]: (-1.4, 1.3, 1.0) 1
[16:29:09.648]: (-1.5, 1.4, 1.0) 2
[16:29:09.666]: (-1.5, 1.4, 1.0) 2
[16:29:09.685]: (-1.5, 1.4, 1.0) 2
[16:29:09.702]: (-1.4, 1.3, 1.0) 1
[16:29:09.722]: (-1.4, 1.3, 1.0) 1
[16:29:09.741]: (-1.4, 1.3, 1.0) 1
[16:29:09.758]: (-1.4, 1.3, 1.0) 1
[16:29:09.777]: (-1.4, 1.3, 1.0) 1
[16:29:09.796]: (-1.4, 1.3, 1.0) 1
[16:29:09.818]: (-1.4, 1.3, 1.0) 1
[16:29:09.839]: (-1.4, 1.3, 1.0) 1
[16:29:09.861]: (-1.4, 1.3, 1.0) 1
[16:29:09.885]: (-1.4, 1.3, 1.0) 1
[16:29:09.906]: (-1.4, 1.3, 1.0) 1
[16:29:09.929]: (-1.4, 1.3, 1.0) 1
[16:29:09.950]: (-1.4, 1.3, 1.0) 1
[16:29:09.974]: (-1.4, 1.3, 1.0) 1
[16:29:09.994]: (-1.4, 1.3, 1.0) 1
[16:29:10.018]: (-1.4, 1.3, 1.0) 1
[16:29:10.040]: (-1.4, 1.3, 1.0) 1
[16:29:10.061]: (-1.4, 1.3, 1.0) 1
[16:29:10.084]: (-1.4, 1.3, 1.0) 1
[16:29:10.106]: (-1.4, 1.3, 1.0) 1
[16:29:10.129]: (-1.4, 1.3, 1.0) 1
[16:29:10.150]: (-1.4, 1.3, 1.0) 1
[16:29:10.172]: (-1.4, 1.3, 1.0) 1
[16:29:10.193]: (-1.4, 1.3, 1.0) 1
[16:29:10.211]: (-1.4, 1.3, 1.0) 1
[16:29:10.228]: (-1.4, 1.3, 1.0) 1
[16:29:10.471]: (-1.4, 1.3, 1.0) 1
[16:29:10.487]: (-1.3, 1.3, 1.0) 0
[16:29:10.773]: (-1.5, 1.4, 1.1) 2
[16:29:10.793]: (-1.5, 1.4, 1.0) 2
[16:29:10.816]: (-1.5, 1.4, 1.0) 2
[16:29:10.838]: (-1.5, 1.4, 1.0) 2
[16:29:10.860]: (-1.5, 1.4, 1.0) 2
[16:29:10.882]: (-1.5, 1.4, 1.0) 2
[16:29:10.907]: (-1.5, 1.4, 1.0) 2
[16:29:10.927]: (-1.5, 1.4, 1.0) 2
[16:29:10.949]: (-1.5, 1.4, 1.0) 2
[16:29:10.972]: (-1.5, 1.4, 1.0) 2
[16:29:10.994]: (-1.5, 1.4, 1.0) 2
[16:29:11.016]: (-1.5, 1.4, 1.0) 2
[16:29:11.033]: (-1.5, 1.4, 1.0) 2
[16:29:11.050]: (-1.5, 1.4, 1.0) 2
[16:29:11.066]: (-1.5, 1.4, 1.0) 2
[16:29:11.083]: (-1.5, 1.4, 1.0) 2
[16:29:11.101]: (-1.5, 1.4, 1.0) 2
[16:29:11.120]: (-1.5, 1.4, 1.0) 2
[16:29:11.136]: (-1.6, 1.4, 1.1) 4
[16:29:11.153]: (-1.5, 1.4, 1.0) 2
[16:29:11.471]: (-1.5, 1.4, 1.0) 2
[16:29:11.493]: (-1.5, 1.4, 1.0) 2
[16:29:11.515]: (-1.5, 1.4, 1.0) 2
[16:29:11.538]: (-1.5, 1.4, 1.0) 2
[16:29:11.560]: (-1.5, 1.4, 1.0) 2
[16:29:11.582]: (-1.5, 1.4, 1.0) 2
[16:29:11.605]: (-1.5, 1.4, 1.0) 2
[16:29:11.627]: (-1.5, 1.4, 1.0) 2
[16:29:11.649]: (-1.5, 1.4, 1.0) 2
[16:29:11.674]: (-1.5, 1.4, 1.0) 2
[16:29:11.695]: (-1.5, 1.4, 1.0) 2
[16:29:11.717]: (-1.5, 1.4, 1.0) 2
[16:29:11.738]: (-1.5, 1.4, 1.0) 2
[16:29:11.759]: (-1.5, 1.4, 1.0) 2
[16:29:11.782]: (-1.6, 1.4, 1.0) 4
[16:29:11.805]: (-1.6, 1.4, 1.1) 4
[16:29:11.827]: (-1.6, 1.4, 1.0) 4
[16:29:11.849]: (-1.6, 1.4, 1.0) 4
[16:29:11.871]: (-1.6, 1.4, 1.0) 4
[16:29:11.892]: (-1.6, 1.4, 1.1) 4
[16:29:11.910]: (-1.6, 1.4, 1.1) 4
[16:29:11.929]: (-1.6, 1.4, 1.0) 4
[16:29:11.946]: (-1.6, 1.4, 1.0) 4
[16:29:11.963]: (-1.6, 1.4, 1.0) 4
[16:29:11.982]: (-1.6, 1.4, 1.0) 4
[16:29:12.000]: (-1.6, 1.4, 1.0) 4
[16:29:12.016]: (-1.6, 1.4, 1.0) 4
[16:29:12.033]: (-1.6, 1.4, 1.0) 4
[16:29:12.051]: (-1.5, 1.4, 1.0) 2
[16:29:12.068]: (-1.4, 1.5, 1.1) 7
[16:29:12.085]: (-1.4, 1.5, 1.1) 7
[16:29:12.102]: (-1.4, 1.4, 1.1) 7
[16:29:12.119]: (-1.4, 1.5, 1.1) 7
[16:29:12.136]: (-1.4, 1.5, 1.1) 7
[16:29:12.153]: (-1.4, 1.5, 1.1) 7
[16:29:12.170]: (-1.4, 1.5, 1.1) 7
[16:29:12.187]: (-1.4, 1.5, 1.1) 7
[16:29:12.203]: (-1.4, 1.4, 1.1) 7
[16:29:12.280]: (-0.6, 1.7, 1.3) 46
[16:29:12.298]: (-0.6, 1.7, 1.3) 46
[16:29:12.315]: (-0.6, 1.7, 1.3) 46
[16:29:12.332]: (-0.6, 1.7, 1.3) 46
[16:29:12.349]: (-0.6, 1.7, 1.3) 46
[16:29:12.365]: (-0.6, 1.7, 1.3) 46
[16:29:12.382]: (-0.6, 1.7, 1.3) 46
[16:29:12.403]: (-0.6, 1.7, 1.3) 46
[16:29:12.427]: (-0.6, 1.7, 1.3) 46
[16:29:12.448]: (-0.6, 1.7, 1.3) 46
[16:29:12.472]: (-0.5, 1.7, 1.4) 36
[16:29:12.493]: (-0.5, 1.7, 1.4) 36
[16:29:12.514]: (-0.5, 1.7, 1.4) 36
[16:29:12.537]: (-0.5, 1.7, 1.4) 36
[16:29:12.560]: (-0.5, 1.7, 1.4) 36
[16:29:12.581]: (-0.5, 1.6, 1.4) 36
[16:29:12.603]: (-0.5, 1.6, 1.4) 36
[16:29:12.626]: (-0.5, 1.6, 1.4) 36
[16:29:12.649]: (-0.5, 1.6, 1.4) 36
[16:29:12.672]: (-0.5, 1.6, 1.4) 36
[16:29:12.692]: (-0.5, 1.6, 1.4) 34
[16:29:12.715]: (-0.5, 1.6, 1.4) 34
[16:29:13.238]: (-1.4, 2.2, 1.7) 12
[16:29:13.258]: (-1.4, 2.2, 1.7) 12
[16:29:13.282]: (-1.4, 2.2, 1.7) 12
[16:29:13.303]: (-1.4, 2.2, 1.7) 12
[16:29:13.326]: (-1.4, 2.2, 1.7) 12
[16:29:13.348]: (-1.4, 2.2, 1.7) 12
[16:29:13.370]: (-1.4, 2.2, 1.7) 12
[16:29:13.393]: (-1.4, 2.2, 1.7) 12
[16:29:13.416]: (-1.4, 2.2, 1.7) 12
[16:29:13.436]: (-1.4, 2.2, 1.7) 12
[16:29:13.459]: (-1.4, 2.2, 1.7) 12
[16:29:13.481]: (-1.4, 2.2, 1.7) 12
[16:29:13.504]: (-1.2, 2.2, 1.6) 28
[16:29:13.526]: (-1.3, 2.2, 1.6) 20
[16:29:13.548]: (-1.3, 2.2, 1.6) 20
[16:29:13.571]: (-1.3, 2.2, 1.6) 20
[16:29:13.593]: (-1.3, 2.2, 1.6) 20
[16:29:13.615]: (-1.3, 2.2, 1.6) 20
[16:29:13.638]: (-1.3, 2.2, 1.6) 20
[16:29:13.659]: (-1.3, 2.2, 1.6) 20
[16:29:13.682]: (-1.3, 2.2, 1.6) 20
[16:29:13.701]: (-1.3, 2.2, 1.6) 20
[16:29:13.719]: (-1.3, 2.2, 1.6) 20
[16:29:13.735]: (-1.3, 2.2, 1.6) 20
[16:29:13.751]: (-1.3, 2.2, 1.6) 20
[16:29:13.768]: (-1.3, 2.2, 1.6) 20
[16:29:13.785]: (-1.3, 2.2, 1.6) 20
[16:29:13.801]: (-1.3, 2.2, 1.6) 20
[16:29:13.819]: (-1.3, 2.2, 1.6) 20
[16:29:13.837]: (-1.3, 2.2, 1.6) 20
[16:29:13.854]: (-1.3, 2.2, 1.6) 20
[16:29:13.872]: (-1.2, 2.2, 1.6) 28
[16:29:13.937]: (-0.2, 2.3, 1.9) 64
[16:29:14.259]: (0.0, 2.2, 1.9) 50
[16:29:14.281]: (0.1, 2.2, 1.9) 57
[16:29:14.303]: (0.1, 2.2, 1.9) 57
[16:29:14.328]: (0.1, 2.2, 1.8) 68
[16:29:14.348]: (0.1, 2.2, 1.8) 57
[16:29:14.370]: (0.1, 2.2, 1.8) 57
[16:29:14.394]: (0.1, 2.2, 1.8) 57
[16:29:14.414]: (0.1, 2.2, 1.8) 57
[16:29:14.438]: (0.1, 2.2, 1.8) 57
[16:29:14.459]: (0.1, 2.2, 1.8) 57
[16:29:14.481]: (0.1, 2.2, 1.8) 57
[16:29:14.504]: (0.1, 2.2, 1.8) 57
[16:29:14.526]: (0.1, 2.2, 1.9) 57
[16:29:14.549]: (0.1, 2.2, 1.9) 57
[16:29:14.601]: (-0.4, 1.8, 1.6) 33
[16:29:14.620]: (-0.5, 1.7, 1.6) 33
[16:29:14.670]: (-0.5, 1.7, 1.4) 34
[16:29:14.861]: (-0.4, 1.7, 1.5) 32
[16:29:14.912]: (-0.4, 1.7, 1.5) 32
[16:29:15.028]: (-0.4, 1.7, 1.5) 32
[16:29:15.047]: (-0.4, 1.7, 1.5) 32
[16:29:15.069]: (-0.4, 1.7, 1.5) 32
[16:29:15.092]: (-0.2, 1.7, 1.4) 38
[16:29:15.403]: (0.1, 2.1, 1.9) 57
[16:29:15.425]: (0.1, 2.1, 1.9) 57
[16:29:15.447]: (0.1, 2.1, 1.9) 57
[16:29:15.465]: (0.1, 2.1, 1.9) 57
[16:29:15.483]: (0.1, 2.1, 1.9) 57
[16:29:15.501]: (0.1, 2.1, 1.9) 57
[16:29:15.518]: (0.1, 2.1, 1.9) 57
[16:29:15.536]: (0.1, 2.1, 1.9) 57
[16:29:15.552]: (0.1, 2.1, 1.9) 57
[16:29:15.568]: (0.1, 2.1, 1.9) 57
[16:29:15.584]: (0.1, 2.1, 1.9) 57
[16:29:15.600]: (0.1, 2.1, 1.9) 57
[16:29:15.617]: (0.1, 2.1, 1.9) 57
[16:29:15.634]: (0.1, 2.1, 1.9) 57
[16:29:15.652]: (0.1, 2.1, 1.9) 57
[16:29:15.668]: (0.1, 2.1, 1.9) 57
[16:29:15.685]: (0.1, 2.2, 1.9) 57
[16:29:15.703]: (0.1, 2.2, 1.9) 50
[16:29:15.721]: (0.1, 2.2, 1.8) 68
[16:29:15.738]: (0.1, 2.2, 1.8) 68
[16:29:15.756]: (0.1, 2.2, 1.8) 68
[16:29:15.772]: (0.1, 2.2, 1.8) 68
[16:29:15.789]: (0.1, 2.2, 1.8) 68
[16:29:15.807]: (0.1, 2.2, 1.8) 68
[16:29:15.823]: (0.1, 2.2, 1.8) 68
[16:29:15.841]: (0.1, 2.2, 1.8) 68
[16:29:15.858]: (0.1, 2.2, 1.8) 68
[16:29:15.874]: (0.1, 2.2, 1.8) 68
[16:29:15.892]: (0.1, 2.2, 1.8) 68
[16:29:15.915]: (0.1, 2.2, 1.8) 68
[16:29:15.936]: (0.1, 2.2, 1.8) 68
[16:29:15.959]: (0.1, 2.2, 1.8) 68
[16:29:15.981]: (0.1, 2.2, 1.8) 68
[16:29:16.003]: (0.1, 2.2, 1.8) 68
[16:29:16.026]: (0.1, 2.2, 1.9) 50
[16:29:16.092]: (-0.4, 1.7, 1.5) 32
[16:29:16.113]: (-0.4, 1.7, 1.5) 32
[16:29:16.135]: (-0.4, 1.7, 1.5) 32
[16:29:16.360]: (-0.3, 1.7, 1.6) 31
[16:29:16.380]: (-0.3, 1.7, 1.6) 31
[16:29:16.398]: (-0.3, 1.7, 1.6) 31
[16:29:16.416]: (-0.3, 1.7, 1.6) 31
[16:29:16.434]: (-0.3, 1.7, 1.6) 31
[16:29:16.451]: (-0.3, 1.7, 1.6) 31
[16:29:16.468]: (-0.3, 1.7, 1.6) 31
[16:29:16.485]: (-0.3, 1.7, 1.6) 31
[16:29:16.502]: (-0.3, 1.7, 1.6) 31
[16:29:16.519]: (-0.3, 1.7, 1.6) 31
[16:29:16.538]: (-0.3, 1.7, 1.6) 31
[16:29:16.556]: (-0.3, 1.7, 1.6) 31
[16:29:16.574]: (-0.3, 1.7, 1.6) 31
[16:29:16.591]: (-0.3, 1.7, 1.6) 31
[16:29:16.607]: (-0.3, 1.7, 1.6) 31
[16:29:16.625]: (-0.3, 1.7, 1.5) 31
[16:29:16.644]: (-0.3, 1.7, 1.5) 31
[16:29:16.661]: (-0.3, 1.7, 1.6) 31
[16:29:16.681]: (-0.3, 1.7, 1.6) 31
[16:29:16.699]: (-0.3, 1.7, 1.6) 31
[16:29:16.717]: (-0.3, 1.7, 1.6) 31
[16:29:16.736]: (-0.3, 1.7, 1.6) 31
[16:29:16.755]: (-0.3, 1.7, 1.4) 38
[16:29:16.776]: (-0.3, 1.7, 1.4) 38
[16:29:16.799]: (-0.3, 1.7, 1.4) 38
[16:29:16.907]: (-0.3, 1.8, 2.0) 67
[16:29:16.951]: (-0.4, 2.1, 2.4) 59
[16:29:17.141]: (-0.7, 1.9, 2.1) 66
[16:29:17.174]: (-0.9, 1.8, 2.3) 49
[16:29:17.206]: (-0.9, 1.8, 2.3) 51
[16:29:17.242]: (-0.9, 1.7, 2.3) 51
[16:29:17.408]: (-0.7, 1.6, 2.2) 48
[16:29:17.441]: (-0.7, 1.6, 2.2) 48
[16:29:17.473]: (-0.7, 1.6, 2.2) 48
[16:29:17.504]: (-0.7, 1.6, 2.2) 48
[16:29:17.536]: (-0.7, 1.5, 2.3) 48
[16:29:17.568]: (-0.7, 1.6, 2.3) 48
[16:29:17.603]: (-0.7, 1.6, 2.3) 48
[16:29:17.635]: (-0.7, 1.6, 2.3) 48
[16:29:17.769]: (-0.6, 1.5, 1.9) 68
[16:29:17.792]: (-0.6, 1.5, 1.9) 68
[16:29:17.812]: (-0.6, 1.5, 1.9) 68
[16:29:17.835]: (-0.6, 1.5, 1.9) 68
[16:29:17.857]: (-0.6, 1.5, 1.9) 68
[16:29:17.880]: (-0.6, 1.5, 1.9) 68
[16:29:17.902]: (-0.6, 1.5, 1.9) 68
[16:29:17.924]: (-0.6, 1.5, 1.9) 68
[16:29:17.946]: (-0.6, 1.5, 1.9) 68
[16:29:17.968]: (-0.6, 1.5, 1.9) 68
[16:29:17.992]: (-0.6, 1.5, 1.9) 68
[16:29:18.012]: (-0.6, 1.5, 1.9) 68
[16:29:18.035]: (-0.6, 1.5, 1.9) 68
[16:29:18.058]: (-0.6, 1.5, 1.9) 68
[16:29:18.079]: (-0.6, 1.5, 1.9) 68
[16:29:18.102]: (-0.6, 1.5, 1.9) 68
[16:29:18.168]: (-0.6, 1.5, 2.3) 55
[16:29:18.190]: (-0.6, 1.5, 2.3) 55
[16:29:18.324]: (-0.6, 1.5, 2.0) 68
[16:29:18.639]: (-0.6, 1.5, 2.0) 68
[16:29:18.660]: (-0.6, 1.5, 2.0) 68
[16:29:18.684]: (-0.6, 1.5, 2.0) 68
[16:29:18.705]: (-0.6, 1.5, 2.0) 68
[16:29:18.727]: (-0.6, 1.5, 2.0) 68
[16:29:18.793]: (-0.6, 1.5, 2.0) 68
[16:29:18.817]: (-0.6, 1.5, 2.0) 68
[16:29:18.839]: (-0.6, 1.5, 2.0) 68
[16:29:18.862]: (-0.6, 1.5, 2.0) 68
[16:29:18.883]: (-0.6, 1.5, 2.0) 68
[16:29:18.903]: (-0.6, 1.5, 2.0) 68
[16:29:18.921]: (-0.6, 1.5, 2.0) 68
[16:29:18.939]: (-0.6, 1.5, 2.0) 68
[16:29:18.957]: (-0.6, 1.5, 1.9) 68
[16:29:18.976]: (-0.6, 1.5, 1.9) 68
[16:29:18.995]: (-0.6, 1.5, 1.9) 68
[16:29:19.013]: (-0.6, 1.5, 1.9) 68
[16:29:19.030]: (-0.6, 1.5, 2.0) 68
[16:29:19.047]: (-0.6, 1.5, 2.0) 68
[16:29:19.064]: (-0.6, 1.5, 2.0) 68
[16:29:19.082]: (-0.6, 1.5, 2.0) 68
[16:29:19.100]: (-0.6, 1.5, 2.0) 68
[16:29:19.118]: (-0.6, 1.5, 2.0) 68
[16:29:19.136]: (-0.6, 1.5, 2.0) 68
[16:29:19.154]: (-0.6, 1.5, 2.0) 68
[16:29:19.174]: (-0.6, 1.5, 2.0) 68
[16:29:19.193]: (-0.6, 1.5, 2.0) 68
[16:29:19.212]: (-0.6, 1.5, 2.0) 68
[16:29:19.232]: (-0.6, 1.5, 2.0) 68
[16:29:19.250]: (-0.6, 1.5, 2.0) 68
[16:29:19.267]: (-0.6, 1.5, 2.0) 68
[16:29:19.285]: (-0.6, 1.5, 2.0) 68
[16:29:19.305]: (-0.6, 1.5, 2.0) 68
[16:29:19.323]: (-0.6, 1.5, 2.0) 68
[16:29:19.344]: (-0.6, 1.5, 2.0) 68
[16:29:19.383]: (-0.9, 1.5, 2.2) 53
[16:29:19.400]: (-0.9, 1.5, 2.1) 52
[16:29:19.417]: (-0.9, 1.5, 2.1) 52
[16:29:19.437]: (-0.9, 1.5, 2.1) 52
[16:29:19.456]: (-0.9, 1.5, 2.1) 52
[16:29:19.473]: (-0.9, 1.5, 2.1) 52
[16:29:19.492]: (-0.9, 1.5, 2.1) 52
[16:29:19.512]: (-0.9, 1.5, 2.1) 52
[16:29:19.535]: (-0.9, 1.5, 2.1) 52
[16:29:19.757]: (-0.8, 1.3, 2.0) 69
[16:29:19.923]: (-0.7, 1.3, 2.0) 69
[16:29:20.085]: (-0.8, 1.4, 2.1) 50
