[15:32:05.370]: (-0.1, 0.3, 3.7) 23
[15:32:05.795]: (0.2, 1.8, 3.8) 25
[15:32:06.004]: (0.3, 2.6, 3.6) 21
[15:32:06.031]: (0.4, 2.5, 3.4) 23
[15:32:06.076]: (0.2, 2.2, 2.3) 1
[15:32:06.104]: (0.2, 2.2, 2.2) 1
[15:32:06.129]: (0.2, 2.3, 2.2) 1
[15:32:06.157]: (0.4, 2.7, 3.3) 22
[15:32:06.186]: (0.4, 2.7, 3.3) 22
[15:32:06.212]: (0.4, 2.8, 3.3) 22
[15:32:06.257]: (0.4, 3.0, 3.2) 23
[15:32:06.279]: (0.5, 3.1, 3.3) 24
[15:32:06.303]: (0.5, 3.2, 3.3) 24
[15:32:06.569]: (0.6, 2.5, 2.1) 0
[15:32:06.604]: (0.6, 2.5, 2.0) 0
[15:32:06.637]: (0.6, 2.5, 2.0) 0
[15:32:06.670]: (0.7, 2.5, 2.0) 0
[15:32:06.703]: (0.7, 2.5, 2.0) 0
[15:32:06.737]: (0.7, 2.5, 2.0) 2
[15:32:06.770]: (0.7, 2.6, 2.2) 5
[15:32:06.804]: (0.7, 2.7, 2.1) 5
[15:32:06.837]: (0.8, 2.6, 1.9) 4
[15:32:06.872]: (0.8, 2.7, 1.9) 4
[15:32:07.138]: (0.6, 2.9, 1.8) 4
[15:32:07.160]: (0.6, 2.9, 1.8) 4
[15:32:07.182]: (0.5, 3.2, 1.8) 5
[15:32:07.207]: (0.6, 4.0, 2.4) 23
[15:32:07.315]: (0.7, 4.1, 2.4) 21
[15:32:07.339]: (0.7, 4.1, 2.3) 21
[15:32:07.363]: (0.4, 4.7, 2.0) 45
[15:32:08.651]: (0.8, 1.8, 1.4) 15
[15:32:08.721]: (0.9, 1.7, 1.2) 7
[15:32:08.739]: (0.9, 1.7, 1.2) 7
[15:32:08.761]: (0.9, 1.7, 1.2) 7
[15:32:08.792]: (0.9, 1.6, 1.2) 7
[15:32:08.821]: (0.9, 1.7, 1.2) 7
[15:32:08.854]: (0.9, 1.7, 1.2) 7
[15:32:08.888]: (0.9, 1.7, 1.2) 7
[15:32:08.920]: (0.9, 1.7, 1.2) 7
[15:32:08.954]: (1.0, 1.8, 1.2) 6
[15:32:08.988]: (1.1, 1.7, 1.1) 8
[15:32:09.021]: (1.1, 1.7, 1.3) 9
[15:32:09.054]: (1.2, 1.7, 1.3) 9
[15:32:09.088]: (1.2, 1.7, 1.3) 9
[15:32:09.156]: (1.2, 1.7, 1.3) 9
[15:32:09.357]: (0.9, 1.9, 1.2) 6
[15:32:09.391]: (0.9, 2.0, 1.2) 6
[15:32:09.426]: (0.8, 2.0, 1.2) 6
[15:32:09.458]: (0.8, 2.0, 1.2) 6
[15:32:09.492]: (0.8, 2.0, 1.2) 6
[15:32:09.524]: (0.8, 2.0, 1.2) 6
[15:32:09.548]: (0.7, 1.9, 1.2) 7
[15:32:09.613]: (0.8, 2.0, 1.2) 10
[15:32:09.635]: (0.8, 2.0, 1.2) 10
[15:32:09.658]: (0.8, 2.0, 1.2) 10
[15:32:09.680]: (0.8, 2.0, 1.2) 10
[15:32:09.702]: (0.8, 2.0, 1.2) 10
[15:32:09.723]: (0.8, 2.0, 1.2) 10
[15:32:09.743]: (0.8, 2.0, 1.2) 10
[15:32:09.791]: (0.9, 2.5, 2.5) 16
[15:32:09.809]: (0.9, 2.5, 2.5) 16
[15:32:09.831]: (0.9, 2.5, 2.5) 16
[15:32:09.853]: (0.9, 2.5, 2.5) 16
[15:32:09.874]: (0.9, 2.4, 2.5) 16
[15:32:09.898]: (0.9, 2.4, 2.5) 16
[15:32:09.919]: (0.9, 2.4, 2.5) 16
[15:32:10.210]: (0.3, 2.2, 2.3) 4
[15:32:10.234]: (0.3, 2.4, 3.3) 28
[15:32:10.255]: (0.3, 2.4, 3.3) 28
[15:32:10.279]: (0.3, 2.4, 3.3) 28
[15:32:10.300]: (0.3, 2.4, 3.3) 28
[15:32:10.323]: (0.3, 2.4, 3.3) 28
[15:32:10.345]: (0.3, 2.4, 3.3) 28
[15:32:10.368]: (0.3, 2.4, 3.3) 28
[15:32:10.391]: (0.3, 2.4, 3.3) 26
[15:32:10.411]: (0.3, 2.4, 3.3) 26
[15:32:10.435]: (0.2, 2.2, 2.5) 5
[15:32:10.613]: (0.8, 1.9, 1.2) 6
[15:32:10.634]: (0.8, 1.9, 1.2) 6
[15:32:10.658]: (0.8, 1.9, 1.2) 7
[15:32:10.679]: (0.8, 1.9, 1.2) 7
[15:32:10.700]: (0.9, 1.9, 1.2) 6
[15:32:10.723]: (0.9, 1.9, 1.2) 6
[15:32:10.744]: (0.9, 1.9, 1.2) 6
[15:32:10.768]: (0.9, 1.9, 1.2) 6
[15:32:10.786]: (0.8, 1.9, 1.2) 6
[15:32:10.803]: (0.8, 1.9, 1.2) 6
[15:32:10.821]: (0.9, 1.9, 1.2) 6
[15:32:10.839]: (0.9, 1.9, 1.2) 6
[15:32:10.856]: (0.9, 2.0, 1.2) 6
[15:32:10.873]: (0.9, 2.0, 1.2) 6
[15:32:10.889]: (0.9, 2.0, 1.2) 6
[15:32:10.907]: (0.9, 2.0, 1.2) 6
[15:32:10.926]: (0.9, 2.0, 1.2) 6
[15:32:10.943]: (0.9, 2.0, 1.2) 6
[15:32:10.960]: (0.9, 2.0, 1.2) 6
[15:32:10.978]: (0.9, 2.0, 1.2) 6
[15:32:10.998]: (0.9, 2.0, 1.2) 6
[15:32:11.014]: (0.9, 2.0, 1.2) 6
[15:32:11.031]: (0.9, 2.0, 1.2) 6
[15:32:11.047]: (0.9, 2.0, 1.2) 6
[15:32:11.125]: (2.1, 2.3, 1.6) 35
[15:32:11.174]: (2.1, 2.2, 1.6) 35
[15:32:11.191]: (2.1, 2.2, 1.6) 35
[15:32:11.209]: (2.1, 2.2, 1.6) 35
[15:32:11.227]: (2.1, 2.2, 1.5) 35
[15:32:11.244]: (2.1, 2.2, 1.6) 35
[15:32:11.409]: (2.1, 2.2, 1.6) 35
[15:32:11.430]: (2.1, 2.2, 1.5) 35
[15:32:11.452]: (2.1, 2.2, 1.5) 35
[15:32:11.475]: (2.1, 2.2, 1.6) 35
[15:32:11.497]: (2.1, 2.2, 1.6) 35
[15:32:11.519]: (2.1, 2.2, 1.6) 35
[15:32:11.696]: (0.8, 2.0, 1.2) 6
[15:32:11.728]: (0.8, 2.0, 1.2) 6
[15:32:11.746]: (0.8, 2.0, 1.2) 6
[15:32:11.764]: (0.8, 1.9, 1.2) 6
[15:32:11.782]: (0.8, 1.9, 1.2) 6
[15:32:11.799]: (0.8, 1.9, 1.2) 6
[15:32:11.816]: (0.8, 1.9, 1.2) 6
[15:32:11.832]: (0.8, 1.9, 1.2) 6
[15:32:11.850]: (0.8, 1.9, 1.2) 6
[15:32:11.867]: (0.8, 1.9, 1.2) 6
[15:32:11.884]: (0.8, 1.9, 1.2) 6
[15:32:11.900]: (0.8, 1.9, 1.2) 6
[15:32:11.918]: (0.8, 1.9, 1.2) 6
[15:32:11.934]: (0.8, 1.9, 1.2) 6
[15:32:11.953]: (0.8, 1.9, 1.2) 6
[15:32:11.969]: (0.8, 1.9, 1.2) 6
[15:32:11.988]: (0.8, 1.9, 1.2) 6
[15:32:12.004]: (0.8, 1.9, 1.2) 6
[15:32:12.023]: (0.8, 1.9, 1.2) 6
[15:32:12.040]: (0.8, 1.9, 1.2) 6
[15:32:12.057]: (0.8, 1.9, 1.2) 6
[15:32:12.075]: (0.8, 1.9, 1.2) 6
[15:32:12.452]: (0.7, 1.9, 1.4) 15
[15:32:12.474]: (0.7, 1.9, 1.4) 15
[15:32:12.496]: (0.7, 1.9, 1.4) 15
[15:32:12.541]: (0.8, 1.9, 1.2) 6
[15:32:12.563]: (0.8, 1.9, 1.2) 6
[15:32:12.585]: (0.8, 1.9, 1.2) 6
[15:32:12.604]: (0.8, 1.9, 1.2) 6
[15:32:12.622]: (0.8, 1.9, 1.2) 6
[15:32:12.639]: (0.8, 1.9, 1.2) 6
[15:32:12.655]: (0.8, 1.9, 1.2) 6
[15:32:12.673]: (0.8, 1.9, 1.2) 6
[15:32:12.691]: (0.8, 1.9, 1.2) 6
[15:32:12.711]: (0.8, 1.9, 1.2) 6
[15:32:12.730]: (0.8, 1.9, 1.2) 6
[15:32:12.747]: (0.8, 1.9, 1.2) 6
[15:32:12.765]: (0.8, 1.9, 1.2) 6
[15:32:12.782]: (0.8, 1.9, 1.2) 6
[15:32:12.800]: (0.8, 1.9, 1.2) 6
[15:32:12.818]: (0.8, 1.9, 1.2) 6
[15:32:12.835]: (0.8, 1.9, 1.2) 6
[15:32:12.853]: (0.8, 1.9, 1.2) 6
[15:32:12.869]: (0.8, 1.9, 1.2) 6
[15:32:12.890]: (0.8, 1.9, 1.2) 6
[15:32:12.908]: (0.8, 1.9, 1.2) 6
[15:32:12.925]: (0.8, 1.9, 1.2) 6
[15:32:12.946]: (0.8, 1.9, 1.2) 6
[15:32:12.963]: (0.8, 1.9, 1.2) 6
[15:32:12.980]: (0.8, 1.9, 1.2) 6
[15:32:12.998]: (0.8, 1.9, 1.2) 6
[15:32:13.015]: (0.8, 1.9, 1.2) 6
[15:32:13.036]: (0.8, 1.9, 1.2) 6
[15:32:13.055]: (0.8, 1.9, 1.2) 6
[15:32:13.073]: (0.8, 1.9, 1.2) 6
[15:32:13.094]: (0.9, 1.9, 1.2) 6
[15:32:13.127]: (0.9, 1.9, 1.2) 6
[15:32:13.172]: (0.8, 1.9, 1.2) 6
[15:32:13.195]: (0.8, 1.9, 1.2) 6
[15:32:13.223]: (0.8, 1.9, 1.2) 6
[15:32:13.246]: (0.8, 1.9, 1.2) 6
[15:32:13.267]: (0.8, 1.9, 1.2) 6
[15:32:13.287]: (0.9, 1.9, 1.2) 6
[15:32:13.308]: (0.8, 1.9, 1.2) 6
[15:32:13.333]: (0.9, 1.9, 1.2) 6
[15:32:13.365]: (0.8, 1.9, 1.2) 7
[15:32:13.400]: (0.8, 1.9, 1.2) 7
[15:32:13.430]: (0.8, 1.9, 1.2) 7
[15:32:13.464]: (0.8, 1.9, 1.2) 7
[15:32:13.497]: (0.8, 1.9, 1.2) 7
[15:32:13.530]: (0.8, 1.9, 1.2) 6
[15:32:13.563]: (0.8, 1.9, 1.1) 7
[15:32:13.600]: (0.8, 1.9, 1.1) 7
[15:32:13.634]: (0.8, 1.9, 1.2) 7
[15:32:13.735]: (0.9, 1.9, 1.3) 15
[15:32:13.767]: (0.9, 1.9, 1.3) 15
[15:32:13.801]: (0.9, 1.9, 1.3) 15
[15:32:14.211]: (1.0, 1.9, 0.9) 7
[15:32:14.237]: (1.0, 1.9, 0.9) 7
[15:32:14.266]: (1.0, 1.9, 0.9) 7
[15:32:14.289]: (1.0, 1.9, 0.9) 7
[15:32:14.321]: (1.0, 1.9, 0.9) 7
[15:32:14.350]: (1.0, 1.9, 0.9) 7
[15:32:14.376]: (1.0, 1.9, 0.9) 7
[15:32:14.398]: (1.0, 1.9, 0.9) 7
[15:32:14.424]: (1.0, 1.9, 0.9) 7
[15:32:14.448]: (1.0, 1.9, 0.9) 7
[15:32:14.472]: (1.0, 1.9, 0.9) 7
[15:32:14.496]: (1.0, 1.9, 0.9) 7
[15:32:14.553]: (1.1, 1.9, 0.9) 7
[15:32:14.580]: (1.2, 1.9, 1.0) 6
[15:32:14.605]: (1.1, 1.9, 0.9) 7
[15:32:14.629]: (1.2, 1.9, 1.0) 9
[15:32:14.680]: (1.2, 1.9, 1.0) 6
[15:32:14.713]: (1.2, 1.9, 1.0) 9
[15:32:14.740]: (1.2, 1.9, 1.0) 6
[15:32:14.765]: (1.2, 1.9, 1.0) 6
[15:32:14.795]: (1.2, 1.9, 1.0) 6
[15:32:14.819]: (1.2, 1.9, 1.0) 6
[15:32:14.847]: (1.1, 1.9, 0.9) 7
[15:32:14.884]: (1.1, 1.9, 0.9) 7
[15:32:14.916]: (1.1, 1.9, 0.9) 7
[15:32:14.947]: (1.1, 1.9, 0.9) 7
[15:32:15.078]: (0.6, 2.3, 2.1) 0
[15:32:15.355]: (1.3, 3.3, 4.2) 53
[15:32:15.446]: (1.2, 2.9, 3.2) 21
[15:32:15.491]: (1.3, 2.9, 3.2) 21
[15:32:15.596]: (1.2, 2.9, 3.1) 21
[15:32:15.617]: (1.2, 2.9, 3.1) 21
[15:32:15.640]: (1.2, 3.0, 3.1) 21
[15:32:15.661]: (1.3, 3.0, 3.1) 21
[15:32:15.710]: (0.8, 2.4, 2.0) 1
[15:32:15.729]: (0.8, 2.4, 2.0) 1
[15:32:16.787]: (1.5, 2.1, 2.4) 16
[15:32:16.816]: (1.9, 2.3, 2.8) 49
[15:32:16.841]: (2.1, 2.3, 2.9) 48
[15:32:17.073]: (1.0, 1.7, 1.4) 12
[15:32:17.109]: (1.0, 1.8, 1.3) 12
[15:32:17.139]: (1.0, 1.8, 1.3) 12
[15:32:17.173]: (1.0, 1.8, 1.3) 12
[15:32:17.207]: (1.6, 2.0, 2.0) 18
[15:32:17.284]: (1.8, 2.1, 2.1) 17
[15:32:17.507]: (1.1, 1.7, 1.1) 10
[15:32:17.551]: (1.1, 1.7, 1.1) 10
[15:32:17.573]: (1.1, 1.7, 1.1) 10
[15:32:17.594]: (1.1, 1.7, 1.1) 10
[15:32:17.618]: (1.1, 1.7, 1.1) 10
[15:32:17.639]: (1.1, 1.7, 1.1) 10
[15:32:17.662]: (1.1, 1.7, 1.1) 10
[15:32:17.684]: (1.1, 1.7, 1.1) 10
[15:32:20.734]: (1.0, 1.6, 1.4) 15
[15:32:20.752]: (1.0, 1.6, 1.4) 15
[15:32:20.770]: (1.0, 1.6, 1.3) 15
[15:32:20.793]: (1.1, 1.6, 1.3) 15
[15:32:20.816]: (1.1, 1.7, 1.3) 15
[15:32:20.837]: (1.1, 1.6, 1.3) 15
[15:32:20.860]: (1.1, 1.6, 1.1) 7
[15:32:20.881]: (1.1, 1.6, 1.1) 7
[15:32:20.906]: (1.1, 1.6, 1.1) 7
[15:32:20.930]: (1.1, 1.6, 1.1) 7
[15:32:20.950]: (1.1, 1.6, 1.1) 7
[15:32:20.973]: (1.1, 1.6, 1.1) 7
[15:32:20.997]: (1.1, 1.6, 1.1) 7
[15:32:21.016]: (1.1, 1.6, 1.1) 7
[15:32:21.037]: (1.1, 1.6, 1.1) 7
[15:32:21.062]: (1.1, 1.5, 1.1) 7
[15:32:21.082]: (1.2, 1.6, 1.1) 6
[15:32:21.106]: (1.2, 1.6, 1.1) 6
[15:32:21.128]: (1.2, 1.6, 1.1) 6
[15:32:21.150]: (1.2, 1.6, 1.1) 6
[15:32:21.172]: (1.2, 1.6, 1.1) 6
[15:32:21.190]: (1.2, 1.6, 1.1) 6
[15:32:21.209]: (1.2, 1.6, 1.1) 6
[15:32:21.480]: (3.1, 1.8, 2.2) 83
[15:32:21.665]: (3.1, 1.8, 2.2) 83
[15:32:21.705]: (3.1, 1.8, 2.2) 83
[15:32:21.725]: (3.0, 1.8, 2.2) 83
[15:32:21.749]: (3.0, 1.8, 2.2) 83
[15:32:21.773]: (3.1, 1.9, 2.2) 83
[15:32:21.793]: (3.0, 1.9, 2.2) 83
[15:32:21.838]: (3.1, 1.9, 2.2) 83
[15:32:22.016]: (3.1, 1.9, 2.2) 83
[15:32:22.037]: (3.1, 1.9, 2.2) 83
[15:32:22.084]: (3.1, 1.9, 2.2) 83
[15:32:22.425]: (3.0, 2.0, 2.1) 80
[15:32:22.475]: (3.0, 1.9, 2.2) 80
[15:32:23.036]: (3.1, 1.8, 2.1) 83
[15:32:23.054]: (3.1, 1.8, 2.1) 83
[15:32:23.070]: (3.1, 1.8, 2.1) 83
[15:32:23.088]: (3.1, 1.8, 2.1) 83
[15:32:23.125]: (3.1, 1.8, 2.1) 83
[15:32:23.144]: (3.1, 1.8, 2.1) 83
[15:32:23.160]: (3.1, 1.8, 2.1) 83
[15:32:23.177]: (3.1, 1.8, 2.1) 83
[15:32:23.195]: (3.1, 1.8, 2.1) 83
[15:32:23.215]: (3.1, 1.8, 2.1) 83
[15:32:23.233]: (3.1, 1.8, 2.1) 83
[15:32:23.250]: (3.1, 1.8, 2.1) 83
[15:32:23.267]: (3.0, 2.0, 2.1) 80
[15:32:23.492]: (1.3, 1.7, 0.9) 13
[15:32:23.581]: (1.0, 1.7, 1.3) 12
[15:32:23.603]: (1.0, 1.7, 1.4) 12
[15:32:23.626]: (1.0, 1.7, 1.4) 12
[15:32:23.691]: (1.0, 1.7, 1.4) 12
[15:32:23.714]: (1.0, 1.7, 1.3) 12
[15:32:23.736]: (1.0, 1.7, 1.3) 12
[15:32:23.759]: (1.0, 1.7, 1.3) 12
[15:32:23.779]: (1.0, 1.7, 1.4) 12
[15:32:23.802]: (1.0, 1.7, 1.4) 12
[15:32:23.825]: (1.0, 1.7, 1.4) 12
[15:32:24.154]: (1.1, 1.6, 1.2) 10
[15:32:24.177]: (1.1, 1.6, 1.2) 10
[15:32:24.242]: (1.2, 1.6, 1.1) 6
[15:32:24.560]: (2.4, 2.3, 1.5) 38
[15:32:24.583]: (2.4, 2.3, 1.4) 38
[15:32:24.880]: (2.3, 2.0, 1.4) 35
[15:32:24.913]: (2.3, 2.0, 1.4) 35
[15:32:24.947]: (2.3, 2.0, 1.4) 35
[15:32:24.980]: (2.3, 2.0, 1.4) 35
[15:32:25.215]: (2.2, 2.0, 1.5) 35
[15:32:25.250]: (2.4, 2.0, 1.6) 37
[15:32:25.717]: (0.6, 1.6, 2.8) 38
[15:32:25.802]: (0.9, 1.5, 3.0) 39
[15:32:25.935]: (0.6, 1.6, 2.8) 38
[15:32:25.958]: (0.6, 1.6, 2.9) 38
[15:32:26.164]: (0.2, 1.5, 1.6) 13
[15:32:26.211]: (0.4, 1.4, 1.6) 6
[15:32:26.232]: (0.7, 1.6, 2.4) 19
[15:32:26.256]: (0.4, 1.5, 1.5) 10
[15:32:26.278]: (0.7, 1.6, 1.4) 8
[15:32:26.817]: (2.1, 3.0, 2.6) 84
[15:32:26.917]: (1.6, 2.7, 1.9) 38
[15:32:26.934]: (1.6, 2.8, 1.9) 38
[15:32:26.952]: (1.6, 2.8, 1.9) 38
[15:32:26.971]: (1.7, 2.8, 1.9) 40
[15:32:26.988]: (1.6, 2.7, 1.7) 34
[15:32:27.004]: (1.6, 2.7, 1.7) 34
[15:32:27.092]: (1.6, 2.8, 1.7) 34
[15:32:27.114]: (1.5, 2.8, 1.6) 36
[15:32:27.135]: (1.6, 2.8, 2.0) 40
[15:32:27.157]: (1.6, 2.8, 1.8) 38
[15:32:27.181]: (1.6, 2.9, 1.9) 40
[15:32:27.201]: (1.6, 2.9, 1.9) 40
[15:32:27.247]: (1.6, 2.9, 1.9) 40
[15:32:27.269]: (1.5, 2.9, 1.9) 40
[15:32:27.409]: (1.9, 3.3, 2.4) 79
[15:32:27.539]: (1.5, 3.7, 2.2) 81
[15:32:27.561]: (1.4, 3.7, 2.2) 81
[15:32:27.605]: (1.4, 3.6, 2.4) 81
[15:32:27.672]: (0.8, 3.3, 1.9) 38
[15:32:27.694]: (0.7, 3.3, 1.9) 38
[15:32:27.711]: (0.7, 3.3, 1.9) 38
[15:32:27.729]: (0.7, 3.3, 1.9) 38
[15:32:27.746]: (0.7, 3.3, 1.9) 38
[15:32:27.767]: (0.7, 3.3, 1.9) 38
[15:32:27.788]: (0.7, 3.3, 1.9) 38
[15:32:27.805]: (0.7, 3.2, 1.9) 38
[15:32:27.823]: (0.7, 3.3, 1.9) 38
[15:32:27.841]: (0.7, 3.2, 1.9) 38
[15:32:27.859]: (0.7, 3.2, 2.0) 38
[15:32:28.035]: (0.7, 3.2, 2.0) 38
[15:32:28.123]: (1.2, 3.6, 2.4) 85
[15:32:28.304]: (1.1, 3.6, 2.5) 83
[15:32:28.441]: (0.8, 3.3, 2.9) 80
[15:32:28.526]: (0.8, 3.1, 3.1) 84
[15:32:28.569]: (0.7, 3.1, 3.1) 83
[15:32:28.590]: (0.7, 3.0, 3.1) 83
[15:32:28.713]: (0.2, 2.4, 2.4) 35
[15:32:28.835]: (0.2, 2.4, 2.4) 35
[15:32:28.853]: (0.1, 2.4, 2.7) 37
[15:32:28.872]: (0.1, 2.4, 2.7) 37
[15:32:28.890]: (0.1, 2.3, 2.7) 37
[15:32:29.261]: (0.1, 2.2, 2.6) 36
[15:32:29.482]: (0.4, 2.4, 2.5) 34
[15:32:29.505]: (0.4, 2.4, 2.5) 34
[15:32:29.529]: (0.4, 2.4, 2.5) 34
[15:32:29.551]: (0.4, 2.4, 2.5) 34
[15:32:29.574]: (0.4, 2.4, 2.5) 34
[15:32:29.766]: (0.3, 2.5, 2.3) 35
[15:32:30.745]: (0.2, 2.6, 2.5) 37
[15:32:30.779]: (0.2, 2.6, 2.5) 37
[15:32:30.913]: (0.3, 2.4, 2.3) 35
[15:32:30.933]: (0.4, 2.4, 2.4) 35
[15:32:31.066]: (0.3, 2.6, 2.5) 37
[15:32:31.090]: (0.3, 2.6, 2.5) 37
[15:32:31.113]: (0.3, 2.6, 2.6) 37
[15:32:31.133]: (0.2, 2.6, 2.5) 37
[15:32:31.156]: (0.2, 2.6, 2.5) 37
[15:32:31.178]: (0.2, 2.6, 2.5) 37
[15:32:31.200]: (0.2, 2.6, 2.5) 37
[15:32:31.223]: (0.2, 2.5, 2.5) 37
[15:32:31.244]: (0.2, 2.6, 2.5) 37
[15:32:31.274]: (0.2, 2.6, 2.6) 37
[15:32:31.719]: (0.2, 2.1, 2.5) 35
[15:32:31.741]: (0.2, 2.1, 2.5) 35
[15:32:31.761]: (0.2, 2.2, 2.7) 37
[15:32:31.786]: (0.2, 2.1, 2.5) 36
[15:32:32.245]: (1.2, 2.0, 2.4) 38
[15:32:32.264]: (1.3, 2.0, 2.4) 38
[15:32:32.281]: (1.2, 2.0, 2.4) 38
[15:32:32.296]: (1.2, 2.0, 2.4) 38
[15:32:32.313]: (1.2, 1.9, 2.4) 38
[15:32:32.330]: (1.2, 1.9, 2.4) 38
[15:32:32.379]: (1.2, 1.9, 2.4) 38
[15:32:32.475]: (1.2, 2.0, 2.4) 38
[15:32:32.492]: (1.2, 2.0, 2.4) 38
[15:32:32.557]: (1.8, 2.3, 3.0) 84
[15:32:32.575]: (1.8, 2.3, 3.0) 84
[15:32:32.592]: (1.8, 2.2, 2.9) 85
[15:32:32.611]: (1.8, 2.2, 2.9) 85
[15:32:32.633]: (1.8, 2.2, 2.9) 85
[15:32:32.655]: (1.8, 2.2, 2.9) 85
[15:32:32.677]: (1.8, 2.2, 2.9) 85
[15:32:32.699]: (1.8, 2.2, 2.9) 85
[15:32:32.744]: (1.8, 2.1, 2.9) 85
[15:32:32.765]: (1.8, 2.1, 2.9) 85
[15:32:32.788]: (1.7, 2.1, 2.9) 85
[15:32:32.811]: (1.7, 2.2, 2.9) 85
[15:32:32.832]: (1.7, 2.2, 2.9) 85
[15:32:32.967]: (1.3, 2.1, 2.5) 40
[15:32:32.989]: (1.3, 2.1, 2.5) 40
[15:32:33.010]: (1.3, 2.1, 2.5) 40
[15:32:33.055]: (1.1, 2.2, 2.4) 37
[15:32:33.204]: (1.0, 2.1, 2.3) 34
[15:32:33.222]: (1.0, 2.1, 2.3) 34
[15:32:34.079]: (1.0, 2.0, 2.3) 36
[15:32:34.096]: (1.0, 2.0, 2.3) 36
[15:32:34.112]: (1.0, 2.0, 2.3) 36
[15:32:34.128]: (1.0, 2.0, 2.3) 36
[15:32:34.146]: (1.0, 2.0, 2.3) 36
[15:32:34.164]: (1.0, 2.0, 2.3) 36
[15:32:34.181]: (1.0, 2.0, 2.3) 36
[15:32:34.199]: (1.0, 2.0, 2.3) 36
[15:32:34.217]: (1.0, 2.0, 2.3) 36
[15:32:34.235]: (1.0, 2.0, 2.3) 36
[15:32:34.252]: (1.0, 2.0, 2.3) 36
[15:32:34.270]: (1.0, 2.0, 2.3) 36
[15:32:34.288]: (1.0, 2.0, 2.3) 36
[15:32:34.304]: (1.0, 2.0, 2.3) 36
[15:32:34.322]: (1.0, 2.0, 2.3) 36
[15:32:34.341]: (1.0, 2.0, 2.3) 36
[15:32:34.359]: (1.0, 2.0, 2.3) 36
[15:32:34.377]: (1.1, 2.1, 2.3) 34
[15:32:34.393]: (1.1, 2.1, 2.3) 34
[15:32:34.414]: (1.1, 2.1, 2.3) 34
[15:32:34.431]: (1.1, 2.1, 2.3) 34
[15:32:34.447]: (1.1, 2.1, 2.3) 34
[15:32:34.465]: (1.1, 2.1, 2.3) 34
[15:32:34.488]: (1.1, 2.1, 2.3) 34
[15:32:34.510]: (1.1, 2.1, 2.3) 34
[15:32:34.532]: (1.1, 2.1, 2.3) 34
[15:32:34.554]: (1.1, 2.1, 2.3) 34
[15:32:34.578]: (1.1, 2.1, 2.3) 34
[15:32:34.597]: (1.1, 2.1, 2.3) 34
[15:32:34.621]: (1.1, 2.1, 2.3) 34
[15:32:34.644]: (1.1, 2.1, 2.3) 34
[15:32:34.665]: (1.1, 2.1, 2.3) 34
[15:32:34.687]: (1.1, 2.1, 2.3) 34
[15:32:34.710]: (1.1, 2.1, 2.2) 35
[15:32:34.732]: (1.0, 2.1, 2.2) 35
[15:32:34.754]: (1.0, 2.1, 2.2) 35
[15:32:34.777]: (1.0, 2.1, 2.2) 35
[15:32:34.798]: (1.0, 2.1, 2.2) 35
[15:32:34.820]: (1.0, 2.1, 2.2) 35
[15:32:34.843]: (1.1, 2.1, 2.3) 34
[15:32:34.865]: (1.1, 2.1, 2.3) 34
[15:32:34.882]: (1.1, 2.1, 2.3) 34
[15:32:34.899]: (1.1, 2.1, 2.3) 34
[15:32:34.916]: (1.1, 2.1, 2.3) 34
[15:32:34.934]: (1.1, 2.1, 2.3) 34
[15:32:34.951]: (1.1, 2.1, 2.3) 34
[15:32:34.968]: (1.1, 2.1, 2.3) 34
[15:32:34.985]: (1.1, 2.1, 2.3) 34
[15:32:35.004]: (1.1, 2.1, 2.3) 34
[15:32:35.021]: (1.1, 2.1, 2.3) 34
[15:32:35.040]: (1.1, 2.1, 2.3) 34
[15:32:35.057]: (1.1, 2.1, 2.3) 34
[15:32:35.077]: (1.1, 2.1, 2.3) 34
[15:32:35.094]: (1.1, 2.1, 2.3) 34
[15:32:35.112]: (1.1, 2.1, 2.3) 34
[15:32:35.191]: (1.0, 2.0, 2.3) 36
[15:32:35.225]: (1.1, 2.2, 2.4) 37
[15:32:35.243]: (1.1, 2.2, 2.4) 37
[15:32:35.333]: (1.0, 2.1, 2.2) 35
[15:32:35.355]: (1.0, 2.1, 2.2) 35
[15:32:35.376]: (1.1, 2.1, 2.2) 35
[15:32:35.399]: (1.1, 2.1, 2.2) 35
[15:32:35.420]: (1.1, 2.1, 2.2) 35
[15:32:35.442]: (1.2, 2.2, 2.5) 39
[15:32:35.465]: (1.1, 2.1, 2.3) 34
[15:32:35.487]: (1.2, 2.2, 2.5) 39
[15:32:35.510]: (1.1, 2.1, 2.3) 34
[15:32:35.531]: (1.2, 2.2, 2.5) 39
[15:32:35.553]: (1.2, 2.2, 2.5) 39
[15:32:35.576]: (1.2, 2.2, 2.5) 39
[15:32:35.599]: (1.1, 2.1, 2.3) 34
[15:32:35.622]: (1.1, 2.1, 2.3) 34
[15:32:35.643]: (1.1, 2.1, 2.3) 34
[15:32:35.665]: (1.1, 2.1, 2.3) 34
[15:32:35.688]: (1.1, 2.1, 2.3) 34
[15:32:35.709]: (1.1, 2.1, 2.3) 34
[15:32:35.732]: (1.1, 2.1, 2.3) 34
[15:32:35.754]: (1.1, 2.1, 2.3) 34
[15:32:35.772]: (1.1, 2.1, 2.3) 34
[15:32:35.788]: (1.1, 2.1, 2.3) 34
[15:32:35.806]: (1.1, 2.1, 2.3) 34
[15:32:35.822]: (1.1, 2.1, 2.3) 34
[15:32:35.839]: (1.1, 2.1, 2.3) 34
[15:32:35.856]: (1.1, 2.1, 2.3) 34
[15:32:35.875]: (1.1, 2.1, 2.3) 34
[15:32:35.892]: (1.1, 2.1, 2.3) 34
[15:32:35.910]: (1.1, 2.1, 2.3) 34
[15:32:35.929]: (1.1, 2.1, 2.3) 34
[15:32:35.948]: (1.1, 2.1, 2.3) 34
[15:32:35.965]: (1.1, 2.1, 2.3) 34
[15:32:35.981]: (1.1, 2.1, 2.3) 34
[15:32:35.999]: (1.1, 2.1, 2.3) 34
[15:32:36.015]: (1.1, 2.1, 2.3) 34
[15:32:36.034]: (1.0, 2.2, 2.4) 37
[15:32:36.127]: (1.0, 2.2, 2.4) 37
[15:32:36.144]: (1.1, 2.2, 2.4) 37
[15:32:36.162]: (1.1, 2.2, 2.4) 37
[15:32:36.179]: (1.1, 2.2, 2.4) 37
[15:32:36.197]: (1.1, 2.2, 2.4) 37
[15:32:36.220]: (1.1, 2.1, 2.3) 34
[15:32:36.243]: (1.1, 2.1, 2.3) 34
[15:32:36.263]: (1.1, 2.1, 2.3) 34
[15:32:36.287]: (1.1, 2.1, 2.3) 34
[15:32:36.309]: (1.1, 2.1, 2.3) 34
[15:32:36.331]: (1.1, 2.1, 2.3) 34
[15:32:36.354]: (1.1, 2.1, 2.3) 34
[15:32:36.376]: (1.1, 2.1, 2.3) 34
[15:32:36.397]: (1.1, 2.1, 2.3) 34
[15:32:36.420]: (1.1, 2.1, 2.3) 34
[15:32:36.443]: (1.1, 2.1, 2.3) 34
[15:32:36.466]: (1.1, 2.1, 2.3) 34
[15:32:36.488]: (1.1, 2.1, 2.3) 34
[15:32:36.510]: (1.1, 2.1, 2.3) 34
[15:32:36.531]: (1.1, 2.1, 2.3) 34
[15:32:36.553]: (1.1, 2.1, 2.3) 34
[15:32:36.576]: (1.1, 2.1, 2.3) 34
[15:32:36.598]: (1.0, 2.1, 2.3) 34
[15:32:36.620]: (1.1, 2.0, 2.3) 34
[15:32:36.643]: (1.1, 2.1, 2.3) 34
[15:32:36.664]: (1.1, 2.0, 2.3) 34
[15:32:36.681]: (1.1, 2.0, 2.3) 34
[15:32:36.699]: (1.1, 2.0, 2.3) 34
[15:32:36.717]: (1.1, 2.1, 2.3) 34
[15:32:36.734]: (1.0, 2.1, 2.3) 34
[15:32:36.751]: (1.0, 2.1, 2.3) 34
[15:32:36.768]: (1.0, 2.1, 2.3) 34
[15:32:36.786]: (1.0, 2.1, 2.3) 34
[15:32:36.803]: (1.0, 2.1, 2.3) 34
[15:32:36.820]: (1.0, 2.1, 2.3) 34
[15:32:36.839]: (1.0, 2.1, 2.3) 34
[15:32:36.855]: (1.0, 2.1, 2.3) 34
[15:32:36.872]: (1.0, 2.1, 2.3) 34
[15:32:36.889]: (1.0, 2.1, 2.3) 34
[15:32:36.913]: (1.1, 2.1, 2.3) 34
[15:32:36.933]: (1.1, 2.1, 2.3) 34
[15:32:36.951]: (1.1, 2.1, 2.3) 34
[15:32:36.969]: (1.1, 2.1, 2.3) 34
[15:32:37.114]: (1.0, 2.2, 2.4) 37
[15:32:37.135]: (1.0, 2.2, 2.4) 37
[15:32:37.157]: (1.0, 2.2, 2.4) 37
[15:32:37.176]: (1.0, 2.3, 2.4) 37
[15:32:37.342]: (1.1, 2.2, 2.4) 37
[15:32:37.365]: (1.1, 2.2, 2.4) 37
[15:32:37.388]: (1.1, 2.2, 2.4) 37
[15:32:37.410]: (1.1, 2.2, 2.4) 37
[15:32:37.477]: (1.9, 2.2, 2.9) 79
[15:32:37.564]: (2.0, 2.2, 2.9) 79
[15:32:37.589]: (2.0, 2.2, 2.9) 79
[15:32:37.609]: (2.0, 2.2, 2.9) 79
[15:32:37.628]: (2.0, 2.2, 2.9) 79
[15:32:37.647]: (2.0, 2.2, 2.8) 81
[15:32:37.752]: (1.4, 1.5, 0.9) 15
[15:32:37.770]: (1.5, 1.5, 0.9) 15
[15:32:37.789]: (1.4, 1.5, 0.9) 15
[15:32:37.809]: (2.4, 1.6, 1.6) 16
[15:32:37.933]: (2.4, 1.4, 0.9) 4
[15:32:37.951]: (2.5, 1.3, 0.7) 1
[15:32:38.222]: (4.1, 1.3, 0.5) 45
[15:32:38.265]: (4.1, 1.3, 0.6) 45
[15:32:38.531]: (2.5, 1.3, 0.8) 0
[15:32:38.674]: (2.0, 2.2, 2.9) 79
[15:32:38.709]: (1.1, 2.1, 2.2) 35
[15:32:38.728]: (1.1, 2.1, 2.2) 35
[15:32:38.746]: (1.1, 2.1, 2.2) 35
[15:32:38.765]: (1.1, 2.1, 2.2) 35
[15:32:38.783]: (1.1, 2.1, 2.2) 35
[15:32:38.805]: (1.1, 2.1, 2.2) 35
[15:32:38.822]: (1.0, 2.1, 2.2) 35
[15:32:38.840]: (1.1, 2.1, 2.2) 35
[15:32:38.859]: (1.1, 2.1, 2.2) 35
[15:32:38.877]: (1.1, 2.1, 2.2) 35
[15:32:38.894]: (1.0, 2.1, 2.2) 35
[15:32:38.914]: (1.1, 2.1, 2.3) 34
[15:32:38.932]: (1.1, 2.1, 2.3) 34
[15:32:38.949]: (1.0, 2.1, 2.3) 34
[15:32:38.968]: (1.0, 2.1, 2.4) 34
[15:32:38.987]: (1.0, 2.1, 2.3) 34
[15:32:39.141]: (1.1, 2.2, 2.4) 37
[15:32:39.163]: (1.1, 2.2, 2.4) 37
[15:32:39.193]: (1.1, 2.2, 2.4) 37
[15:32:39.215]: (1.1, 2.2, 2.4) 37
[15:32:39.237]: (1.1, 2.2, 2.4) 37
[15:32:39.255]: (1.1, 2.2, 2.4) 37
[15:32:39.275]: (1.1, 2.2, 2.4) 37
[15:32:39.303]: (1.1, 2.1, 2.3) 34
