[15:29:56.552]: (1.0, -0.1, 4.8) 15
[15:29:56.699]: (1.4, 0.6, 4.6) 18
[15:29:56.721]: (1.4, 0.7, 4.6) 18
[15:29:56.766]: (0.3, 1.2, 2.6) 60
[15:29:56.788]: (0.4, 1.2, 2.6) 60
[15:29:56.812]: (0.4, 1.2, 2.6) 60
[15:29:56.834]: (0.4, 1.2, 2.6) 60
[15:29:56.856]: (0.4, 1.3, 2.6) 60
[15:29:56.877]: (0.4, 1.3, 2.6) 60
[15:29:56.905]: (0.4, 1.3, 2.6) 60
[15:29:56.930]: (0.4, 1.3, 2.6) 60
[15:29:56.953]: (0.7, 1.3, 3.6) 2
[15:29:56.977]: (0.7, 1.3, 3.6) 2
[15:29:57.001]: (0.7, 1.3, 3.6) 2
[15:29:57.047]: (0.7, 1.4, 3.4) 8
[15:29:57.072]: (0.7, 1.4, 3.4) 8
[15:29:57.095]: (0.7, 1.4, 3.4) 8
[15:29:57.121]: (0.7, 1.4, 3.4) 8
[15:29:57.272]: (1.0, 2.0, 3.2) 6
[15:29:57.294]: (1.0, 2.2, 3.3) 2
[15:29:57.341]: (1.1, 2.3, 3.3) 2
[15:29:57.806]: (0.8, 1.7, 1.0) 50
[15:29:57.833]: (0.8, 1.6, 1.0) 50
[15:29:57.856]: (1.0, 1.7, 1.2) 46
[15:29:57.880]: (1.0, 1.7, 1.2) 46
[15:29:57.903]: (0.9, 1.7, 1.2) 46
[15:29:57.928]: (0.8, 1.7, 1.0) 50
[15:29:57.952]: (0.8, 1.7, 1.0) 50
[15:29:57.976]: (0.8, 1.7, 1.0) 50
[15:29:57.999]: (0.8, 1.7, 1.0) 50
[15:29:58.023]: (0.8, 1.7, 1.0) 50
[15:29:58.048]: (0.8, 1.7, 1.0) 50
[15:29:58.072]: (0.9, 1.7, 0.9) 50
[15:29:58.098]: (0.9, 1.7, 0.9) 50
[15:29:58.126]: (0.9, 1.7, 0.9) 50
[15:29:58.157]: (0.9, 1.7, 0.9) 50
[15:29:58.189]: (0.9, 1.7, 0.9) 50
[15:29:58.220]: (0.9, 1.7, 0.9) 50
[15:29:58.256]: (0.9, 1.7, 0.9) 50
[15:29:58.289]: (0.9, 1.8, 0.9) 50
[15:29:58.321]: (0.8, 1.8, 0.9) 50
[15:29:58.355]: (0.8, 1.8, 0.9) 50
[15:29:58.386]: (0.8, 1.8, 0.9) 50
[15:29:59.008]: (1.9, 2.1, 1.7) 39
[15:29:59.027]: (1.9, 2.1, 1.7) 39
[15:29:59.050]: (1.9, 2.1, 1.7) 39
[15:29:59.072]: (1.9, 2.1, 1.7) 39
[15:29:59.097]: (2.0, 2.1, 1.7) 39
[15:29:59.118]: (2.0, 2.1, 1.7) 39
[15:29:59.138]: (2.0, 2.1, 1.7) 39
[15:29:59.160]: (2.0, 2.1, 1.7) 39
[15:29:59.185]: (2.0, 2.1, 1.7) 39
[15:29:59.204]: (2.0, 2.1, 1.7) 39
[15:29:59.227]: (2.0, 2.1, 1.7) 39
[15:29:59.249]: (2.0, 2.1, 1.7) 39
[15:29:59.271]: (2.0, 2.1, 1.7) 39
[15:29:59.294]: (2.0, 2.1, 1.7) 39
[15:29:59.316]: (1.9, 2.1, 1.7) 39
[15:29:59.494]: (2.2, 2.1, 1.8) 41
[15:29:59.519]: (2.2, 2.1, 1.8) 41
[15:29:59.792]: (1.9, 2.1, 1.7) 40
[15:30:00.078]: (1.1, 2.5, 2.0) 55
[15:30:00.144]: (1.5, 2.8, 2.6) 59
[15:30:00.166]: (1.5, 2.7, 2.7) 59
[15:30:00.210]: (1.6, 2.7, 2.7) 59
[15:30:00.233]: (1.6, 2.7, 2.6) 59
[15:30:00.255]: (1.7, 2.7, 2.6) 59
[15:30:01.130]: (1.3, 3.1, 2.9) 5
[15:30:01.260]: (0.5, 3.7, 4.8) 73
[15:30:01.438]: (0.3, 3.7, 4.9) 70
[15:30:01.682]: (0.3, 3.8, 4.9) 70
[15:30:01.727]: (0.3, 3.8, 4.9) 70
[15:30:02.121]: (0.3, 3.8, 4.9) 70
[15:30:03.495]: (0.7, 3.2, 3.3) 13
[15:30:03.836]: (1.5, 2.8, 2.6) 8
[15:30:03.858]: (1.6, 2.9, 2.6) 6
[15:30:03.903]: (1.0, 2.5, 1.6) 62
[15:30:04.014]: (1.0, 2.4, 1.6) 62
[15:30:04.059]: (1.0, 2.4, 1.6) 62
[15:30:04.104]: (1.0, 2.4, 1.6) 62
[15:30:04.915]: (0.9, 2.6, 1.9) 60
[15:30:04.936]: (0.9, 2.6, 1.9) 60
[15:30:04.958]: (1.0, 2.6, 1.9) 60
[15:30:04.982]: (1.0, 2.6, 1.9) 60
[15:30:05.003]: (1.0, 2.6, 1.9) 60
[15:30:05.026]: (1.0, 2.6, 1.9) 60
[15:30:05.049]: (1.0, 2.6, 1.9) 60
[15:30:05.982]: (1.9, 2.4, 1.3) 54
[15:30:06.003]: (1.9, 2.4, 1.3) 54
[15:30:06.024]: (1.9, 2.4, 1.3) 54
[15:30:06.047]: (2.0, 2.4, 1.3) 54
[15:30:06.098]: (1.9, 2.4, 1.1) 51
[15:30:06.380]: (1.2, 1.8, 0.5) 50
[15:30:06.400]: (1.2, 1.8, 0.4) 50
[15:30:06.418]: (1.2, 1.8, 0.4) 50
[15:30:06.437]: (1.2, 1.8, 0.4) 50
[15:30:06.456]: (1.2, 1.8, 0.4) 50
[15:30:06.473]: (1.2, 1.7, 0.4) 50
[15:30:06.490]: (1.2, 1.7, 0.4) 50
[15:30:06.525]: (1.5, 1.8, 0.6) 46
[15:30:06.541]: (1.5, 1.8, 0.6) 46
[15:30:06.557]: (1.5, 1.8, 0.6) 46
[15:30:06.574]: (1.5, 1.8, 0.6) 46
[15:30:06.590]: (1.5, 1.8, 0.6) 46
[15:30:06.607]: (1.5, 1.8, 0.6) 46
[15:30:06.624]: (1.5, 1.8, 0.6) 46
[15:30:06.641]: (1.5, 1.8, 0.6) 46
[15:30:06.658]: (1.5, 1.8, 0.6) 46
[15:30:06.680]: (1.5, 1.8, 0.6) 46
[15:30:06.777]: (1.2, 1.8, 0.5) 50
[15:30:06.794]: (1.2, 1.8, 0.5) 50
[15:30:06.811]: (1.2, 1.8, 0.5) 50
[15:30:06.830]: (1.2, 1.8, 0.5) 50
[15:30:06.848]: (1.2, 1.8, 0.5) 50
[15:30:06.869]: (1.2, 1.8, 0.5) 50
[15:30:06.890]: (1.2, 1.8, 0.5) 50
[15:30:06.908]: (1.2, 1.8, 0.5) 50
[15:30:06.926]: (1.2, 1.8, 0.5) 50
[15:30:06.959]: (1.2, 1.8, 0.5) 50
[15:30:06.976]: (1.2, 1.8, 0.5) 50
[15:30:06.993]: (1.5, 1.8, 0.6) 46
[15:30:07.057]: (1.3, 2.0, 0.7) 44
[15:30:07.217]: (1.0, 2.5, 1.6) 62
[15:30:07.237]: (1.0, 2.5, 1.6) 62
[15:30:07.255]: (1.0, 2.5, 1.6) 62
[15:30:07.273]: (1.0, 2.5, 1.6) 62
[15:30:07.304]: (1.0, 2.5, 1.6) 62
[15:30:07.336]: (1.0, 2.5, 1.6) 62
[15:30:07.353]: (1.0, 2.5, 1.6) 62
[15:30:07.370]: (1.5, 3.0, 2.6) 6
[15:30:07.405]: (1.5, 3.0, 2.6) 6
[15:30:07.424]: (1.5, 3.0, 2.6) 6
[15:30:07.443]: (0.9, 2.6, 1.9) 60
[15:30:07.458]: (1.0, 2.6, 1.9) 60
[15:30:07.475]: (0.9, 2.6, 1.9) 60
[15:30:07.492]: (1.0, 2.6, 1.9) 60
[15:30:07.510]: (1.5, 3.1, 2.9) 1
[15:30:07.526]: (1.0, 2.6, 1.9) 60
[15:30:07.587]: (1.4, 3.2, 2.9) 1
[15:30:07.604]: (1.4, 3.0, 2.8) 3
[15:30:07.622]: (1.4, 3.0, 2.8) 3
[15:30:07.639]: (1.4, 3.1, 2.9) 1
[15:30:07.657]: (1.4, 3.1, 2.9) 1
[15:30:07.674]: (1.4, 3.1, 2.9) 1
[15:30:07.691]: (1.4, 3.1, 2.9) 1
[15:30:07.713]: (1.4, 3.1, 2.9) 1
[15:30:07.735]: (1.5, 3.1, 3.0) 4
[15:30:07.758]: (1.5, 3.1, 3.0) 4
[15:30:07.781]: (1.4, 3.0, 2.8) 3
[15:30:07.802]: (1.4, 3.0, 2.8) 3
[15:30:07.823]: (1.4, 3.0, 2.8) 3
[15:30:07.846]: (1.4, 3.0, 2.8) 3
[15:30:07.890]: (1.4, 3.0, 2.8) 3
[15:30:07.913]: (1.4, 3.0, 2.8) 3
[15:30:07.936]: (1.4, 3.0, 2.8) 3
[15:30:07.958]: (1.5, 3.0, 2.8) 3
[15:30:07.979]: (1.5, 3.0, 2.8) 3
[15:30:08.002]: (1.4, 3.1, 2.9) 1
[15:30:08.024]: (1.4, 3.1, 2.9) 1
[15:30:08.045]: (1.4, 3.1, 2.9) 1
[15:30:08.068]: (1.4, 3.1, 2.9) 1
[15:30:08.091]: (1.4, 3.0, 2.8) 3
[15:30:08.113]: (1.4, 3.0, 2.8) 3
[15:30:08.130]: (1.4, 3.0, 2.8) 3
[15:30:08.147]: (1.4, 3.0, 2.8) 3
[15:30:08.164]: (1.4, 3.0, 2.8) 3
[15:30:08.183]: (1.4, 3.0, 2.8) 3
[15:30:08.201]: (1.4, 3.0, 2.8) 3
[15:30:08.220]: (1.4, 3.0, 2.8) 3
[15:30:08.238]: (1.4, 3.0, 2.8) 3
[15:30:08.259]: (1.4, 3.0, 2.8) 3
[15:30:08.277]: (1.4, 3.0, 2.8) 3
[15:30:08.295]: (1.4, 3.0, 2.8) 3
[15:30:08.313]: (1.4, 3.0, 2.8) 3
[15:30:08.329]: (1.4, 3.0, 2.8) 3
[15:30:08.347]: (1.4, 3.0, 2.8) 3
[15:30:08.365]: (1.4, 3.0, 2.8) 3
[15:30:08.382]: (1.4, 3.0, 2.8) 3
[15:30:08.399]: (1.4, 3.0, 2.8) 3
[15:30:08.419]: (1.4, 3.0, 2.8) 3
[15:30:08.436]: (1.4, 3.0, 2.8) 3
[15:30:08.453]: (1.4, 3.0, 2.8) 3
[15:30:08.634]: (1.0, 2.6, 1.9) 60
[15:30:08.657]: (0.9, 2.6, 1.9) 60
[15:30:08.680]: (0.9, 2.6, 1.9) 60
[15:30:08.701]: (0.9, 2.6, 1.9) 60
[15:30:08.724]: (0.9, 2.6, 1.9) 60
[15:30:08.746]: (0.9, 2.6, 1.9) 60
[15:30:08.768]: (0.9, 2.6, 1.9) 60
[15:30:08.790]: (1.0, 2.6, 1.9) 60
[15:30:08.813]: (1.4, 3.0, 2.8) 3
[15:30:08.834]: (1.5, 3.0, 2.8) 3
[15:30:08.857]: (1.5, 3.0, 2.8) 3
[15:30:09.135]: (1.5, 3.1, 3.0) 4
[15:30:09.153]: (0.8, 2.7, 2.0) 61
[15:30:09.170]: (0.8, 2.7, 2.0) 61
[15:30:09.188]: (1.5, 3.1, 3.0) 4
[15:30:09.221]: (1.5, 3.1, 3.0) 4
[15:30:09.270]: (1.4, 3.0, 2.9) 3
[15:30:09.288]: (1.4, 3.0, 2.8) 3
[15:30:09.849]: (1.3, 3.3, 2.6) 3
[15:30:09.871]: (1.3, 3.3, 2.6) 3
[15:30:09.894]: (1.3, 3.3, 2.6) 3
[15:30:09.915]: (1.3, 3.3, 2.6) 3
[15:30:09.940]: (0.9, 2.8, 1.8) 60
[15:30:09.962]: (0.8, 2.8, 1.8) 60
[15:30:09.985]: (0.9, 2.8, 1.8) 60
[15:30:10.007]: (0.9, 2.8, 1.8) 60
[15:30:10.032]: (0.9, 2.8, 1.8) 60
[15:30:10.178]: (1.4, 3.3, 2.8) 1
[15:30:10.200]: (1.4, 3.2, 2.8) 1
[15:30:10.220]: (1.4, 3.2, 2.8) 1
[15:30:10.241]: (1.4, 3.1, 2.8) 3
[15:30:10.266]: (1.4, 3.1, 2.8) 3
[15:30:10.287]: (1.4, 3.1, 2.8) 3
[15:30:10.309]: (1.4, 3.1, 2.8) 3
[15:30:10.335]: (1.4, 3.1, 2.8) 3
[15:30:10.357]: (1.4, 3.1, 2.8) 3
[15:30:10.377]: (1.4, 3.1, 2.8) 3
[15:30:10.400]: (1.4, 3.0, 2.8) 3
[15:30:11.421]: (1.2, 1.8, 0.4) 50
[15:30:11.656]: (1.2, 1.8, 0.5) 50
[15:30:11.678]: (1.2, 1.8, 0.5) 50
[15:30:11.701]: (1.2, 1.8, 0.5) 50
[15:30:11.726]: (1.2, 1.8, 0.5) 50
[15:30:11.748]: (1.2, 1.8, 0.5) 50
[15:30:11.772]: (1.2, 1.8, 0.5) 50
[15:30:11.793]: (1.2, 1.8, 0.5) 50
[15:30:11.815]: (1.2, 1.8, 0.5) 50
[15:30:11.838]: (1.2, 1.8, 0.5) 50
[15:30:11.998]: (1.9, 2.4, 1.1) 51
[15:30:12.021]: (1.9, 2.4, 1.1) 51
[15:30:12.253]: (1.8, 2.4, 1.5) 54
[15:30:12.275]: (1.8, 2.4, 1.5) 54
[15:30:12.297]: (1.8, 2.4, 1.5) 54
[15:30:12.871]: (1.0, 2.0, 0.6) 45
[15:30:12.907]: (0.9, 2.0, 0.6) 45
[15:30:12.939]: (0.9, 2.0, 0.6) 45
[15:30:13.723]: (1.0, 2.2, 0.9) 44
[15:30:13.745]: (0.9, 2.2, 0.9) 44
[15:30:13.767]: (1.0, 2.2, 0.9) 44
[15:30:13.788]: (1.0, 2.2, 0.9) 44
[15:30:13.810]: (1.0, 2.2, 0.9) 44
[15:30:13.832]: (1.5, 2.7, 1.3) 51
[15:30:13.944]: (2.0, 2.9, 2.2) 59
[15:30:13.968]: (1.9, 3.0, 2.2) 59
[15:30:13.989]: (1.5, 2.6, 1.7) 55
[15:30:14.013]: (1.9, 3.0, 2.2) 59
[15:30:14.034]: (1.9, 2.9, 2.2) 59
[15:30:14.056]: (1.9, 2.9, 2.2) 59
[15:30:14.078]: (1.9, 2.9, 2.2) 59
[15:30:14.103]: (1.9, 2.9, 2.2) 59
[15:30:14.124]: (1.9, 2.9, 2.2) 59
[15:30:15.283]: (2.0, 2.6, 2.5) 8
[15:30:15.305]: (1.9, 2.6, 2.4) 8
[15:30:15.547]: (2.0, 2.9, 3.2) 12
[15:30:15.570]: (2.0, 2.8, 3.2) 12
[15:30:15.592]: (2.1, 2.9, 3.3) 10
[15:30:15.896]: (0.9, 2.6, 1.9) 60
[15:30:15.922]: (0.8, 2.5, 1.7) 62
[15:30:15.946]: (0.8, 2.5, 1.7) 62
[15:30:15.967]: (0.8, 2.5, 1.7) 62
[15:30:15.985]: (0.8, 2.5, 1.7) 62
[15:30:16.001]: (0.8, 2.5, 1.7) 62
[15:30:16.024]: (0.8, 2.5, 1.7) 62
[15:30:16.045]: (0.8, 2.5, 1.7) 62
[15:30:16.062]: (0.8, 2.5, 1.7) 62
[15:30:16.080]: (0.8, 2.5, 1.7) 62
[15:30:16.098]: (0.8, 2.5, 1.7) 62
[15:30:16.114]: (0.8, 2.5, 1.7) 62
[15:30:16.131]: (0.8, 2.5, 1.7) 62
[15:30:16.175]: (1.3, 4.4, 3.2) 17
[15:30:16.420]: (-0.2, 2.6, 0.9) 47
[15:30:16.535]: (-0.2, 2.6, 0.9) 48
[15:30:16.556]: (-0.2, 2.6, 0.8) 48
[15:30:16.601]: (-0.1, 2.7, 0.9) 46
[15:30:16.624]: (-0.1, 2.6, 0.9) 46
[15:30:16.648]: (-0.1, 2.7, 1.0) 46
[15:30:16.773]: (-0.3, 2.5, 1.4) 43
[15:30:16.797]: (-0.2, 2.5, 1.4) 43
[15:30:16.839]: (-0.2, 2.4, 1.3) 46
[15:30:16.863]: (-0.2, 2.4, 1.3) 46
[15:30:16.883]: (-0.2, 2.5, 1.4) 43
[15:30:16.908]: (-0.2, 2.5, 1.4) 43
[15:30:16.930]: (-0.2, 2.5, 1.4) 43
[15:30:16.953]: (-0.1, 2.5, 1.5) 43
[15:30:17.020]: (-0.1, 2.3, 1.2) 48
[15:30:17.037]: (-0.1, 2.3, 1.2) 48
[15:30:17.054]: (-0.1, 2.3, 1.2) 48
[15:30:17.071]: (-0.1, 2.3, 1.2) 48
[15:30:17.089]: (-0.1, 2.3, 1.2) 48
[15:30:17.107]: (-0.1, 2.3, 1.2) 48
[15:30:17.127]: (-0.1, 2.3, 1.2) 48
[15:30:17.165]: (-0.1, 2.3, 1.2) 48
[15:30:17.482]: (-0.5, 2.9, 2.2) 39
[15:30:18.387]: (1.2, 2.6, 4.2) 19
[15:30:18.927]: (1.7, 3.3, 2.6) 7
[15:30:19.070]: (1.5, 3.3, 2.7) 1
[15:30:19.092]: (1.5, 3.4, 2.7) 1
[15:30:19.195]: (1.5, 3.5, 2.6) 7
[15:30:19.757]: (1.2, 3.1, 2.7) 2
[15:30:19.785]: (1.5, 3.6, 3.4) 67
[15:30:19.819]: (1.1, 3.2, 2.6) 6
[15:30:20.991]: (2.9, 3.2, 4.2) 71
[15:30:21.013]: (2.9, 3.2, 4.2) 71
[15:30:21.035]: (2.8, 3.2, 4.1) 73
[15:30:21.169]: (1.3, 3.2, 4.0) 63
[15:30:21.260]: (1.1, 2.8, 2.8) 8
[15:30:21.308]: (1.2, 2.9, 3.0) 0
[15:30:21.330]: (1.2, 2.8, 2.8) 6
[15:30:21.930]: (1.5, 2.8, 2.8) 3
[15:30:21.953]: (1.5, 2.8, 2.8) 3
[15:30:21.976]: (1.5, 2.8, 2.8) 3
[15:30:22.666]: (1.4, 3.3, 4.2) 15
[15:30:22.707]: (0.4, 2.5, 3.1) 59
[15:30:22.729]: (-0.1, 1.7, 1.3) 45
[15:30:22.774]: (-0.1, 1.9, 2.4) 51
[15:30:22.797]: (-0.1, 1.7, 1.3) 45
[15:30:22.866]: (-0.2, 1.8, 1.5) 46
[15:30:22.890]: (-0.2, 1.8, 1.5) 46
[15:30:22.913]: (-0.1, 1.8, 1.5) 46
[15:30:22.959]: (-0.1, 1.8, 1.8) 43
[15:30:23.089]: (-0.1, 1.6, 1.3) 50
[15:30:23.135]: (-0.1, 1.9, 1.5) 46
[15:30:23.157]: (-0.1, 1.9, 1.5) 46
[15:30:23.223]: (-0.1, 1.8, 1.3) 50
[15:30:23.244]: (-0.1, 1.8, 1.2) 50
[15:30:23.267]: (-0.1, 1.8, 1.2) 50
[15:30:23.291]: (-0.1, 1.8, 1.2) 50
[15:30:23.314]: (-0.1, 1.8, 1.2) 50
[15:30:23.467]: (-0.2, 2.0, 1.5) 46
[15:30:23.491]: (-0.2, 2.0, 1.5) 46
[15:30:23.513]: (-0.2, 2.0, 1.5) 46
[15:30:23.535]: (-0.3, 2.0, 1.4) 46
[15:30:23.557]: (-0.3, 2.0, 1.4) 46
[15:30:24.252]: (0.8, 1.7, 3.4) 2
[15:30:24.522]: (0.9, 2.1, 2.1) 60
[15:30:24.544]: (0.9, 2.2, 2.1) 60
[15:30:24.565]: (0.8, 2.2, 1.9) 62
[15:30:24.589]: (0.8, 2.2, 1.9) 62
[15:30:24.677]: (1.0, 2.4, 1.9) 60
[15:30:25.100]: (1.1, 3.3, 2.8) 5
[15:30:25.454]: (1.0, 3.1, 3.0) 1
[15:30:25.476]: (0.9, 3.1, 2.9) 3
[15:30:25.586]: (0.9, 3.1, 2.9) 3
[15:30:25.609]: (1.0, 3.1, 3.0) 1
[15:30:25.632]: (1.0, 3.1, 3.0) 1
[15:30:25.788]: (0.9, 3.2, 3.0) 5
[15:30:25.911]: (0.7, 3.0, 3.1) 5
[15:30:25.934]: (0.7, 3.0, 3.1) 5
[15:30:25.957]: (0.7, 3.0, 3.1) 5
[15:30:25.978]: (0.7, 3.0, 3.1) 5
[15:30:25.999]: (0.7, 3.0, 3.1) 5
[15:30:26.023]: (0.7, 3.0, 3.1) 5
[15:30:26.146]: (0.5, 2.9, 3.2) 7
[15:30:26.164]: (0.5, 2.9, 3.2) 7
[15:30:26.189]: (0.5, 2.9, 3.3) 7
[15:30:26.212]: (0.5, 2.9, 3.3) 5
[15:30:26.229]: (0.5, 2.9, 3.3) 5
[15:30:26.245]: (0.5, 2.9, 3.3) 5
[15:30:26.263]: (0.5, 2.8, 3.3) 5
[15:30:26.281]: (0.5, 2.8, 3.3) 5
[15:30:26.298]: (0.5, 2.9, 3.3) 5
[15:30:26.321]: (0.5, 2.8, 3.3) 5
[15:30:26.339]: (0.5, 2.9, 3.3) 5
[15:30:26.356]: (0.5, 2.8, 3.3) 5
[15:30:26.374]: (0.5, 2.8, 3.3) 5
[15:30:26.398]: (0.5, 2.8, 3.3) 5
[15:30:26.416]: (0.5, 2.8, 3.3) 5
[15:30:26.438]: (0.5, 2.8, 3.3) 5
[15:30:26.462]: (0.5, 2.8, 3.3) 5
[15:30:26.484]: (0.5, 2.9, 3.3) 5
[15:30:26.619]: (0.5, 2.9, 3.3) 7
[15:30:26.641]: (0.6, 2.9, 3.2) 5
[15:30:26.660]: (0.6, 2.9, 3.2) 5
[15:30:26.685]: (0.6, 2.8, 3.2) 5
[15:30:26.705]: (0.6, 2.8, 3.2) 5
[15:30:26.728]: (0.5, 2.8, 3.3) 5
[15:30:26.747]: (0.4, 2.7, 3.3) 1
[15:30:26.922]: (0.4, 2.6, 3.4) 5
[15:30:26.944]: (0.6, 2.9, 4.2) 65
[15:30:27.121]: (0.8, 2.6, 3.0) 6
[15:30:27.143]: (0.8, 2.6, 2.9) 8
[15:30:27.247]: (0.6, 2.4, 2.1) 61
[15:30:27.269]: (0.6, 2.4, 2.2) 61
[15:30:27.566]: (0.4, 2.5, 3.2) 2
[15:30:27.599]: (0.4, 2.4, 3.2) 6
[15:30:27.764]: (0.7, 1.0, 2.2) 51
[15:30:27.801]: (0.7, 1.0, 2.2) 51
[15:30:27.832]: (0.8, 0.9, 2.2) 51
[15:30:27.866]: (0.8, 0.9, 2.2) 51
[15:30:27.994]: (0.4, 0.8, 1.1) 50
[15:30:28.028]: (0.4, 0.8, 1.1) 50
[15:30:28.061]: (0.4, 0.8, 1.1) 50
[15:30:28.083]: (0.4, 0.8, 1.1) 50
[15:30:28.105]: (0.4, 0.8, 1.2) 50
[15:30:28.127]: (0.4, 0.8, 1.2) 50
[15:30:28.150]: (0.5, 0.7, 1.3) 48
[15:30:28.173]: (0.4, 0.8, 1.2) 50
[15:30:28.193]: (0.4, 0.8, 1.1) 50
[15:30:28.216]: (0.4, 0.8, 1.1) 50
[15:30:28.238]: (0.4, 0.8, 1.1) 50
[15:30:28.261]: (0.4, 0.8, 1.1) 50
[15:30:28.283]: (0.4, 0.8, 1.2) 50
[15:30:28.309]: (0.5, 0.8, 1.3) 48
[15:30:28.331]: (0.5, 0.8, 1.4) 46
[15:30:28.353]: (0.5, 0.8, 1.4) 46
[15:30:28.377]: (0.5, 0.8, 1.4) 46
[15:30:28.641]: (1.0, 2.0, 2.1) 54
[15:30:29.218]: (0.4, 3.1, 3.0) 5
[15:30:29.305]: (0.4, 3.1, 3.1) 5
[15:30:29.324]: (0.4, 3.1, 3.1) 5
[15:30:29.342]: (0.4, 3.1, 3.1) 5
[15:30:29.359]: (0.4, 3.1, 3.1) 5
[15:30:29.378]: (0.4, 3.1, 3.1) 5
[15:30:29.398]: (0.4, 3.1, 3.0) 5
[15:30:29.455]: (0.5, 3.1, 3.2) 4
[15:30:29.475]: (0.5, 3.1, 3.1) 4
[15:30:29.493]: (0.5, 3.1, 3.1) 4
[15:30:29.511]: (0.5, 3.1, 3.1) 4
[15:30:29.532]: (0.5, 3.1, 3.1) 4
[15:30:29.558]: (0.5, 3.0, 3.0) 3
[15:30:29.583]: (0.8, 3.5, 3.9) 63
[15:30:29.608]: (0.5, 2.9, 3.0) 2
[15:30:29.655]: (0.2, 2.3, 1.8) 62
[15:30:29.679]: (0.2, 2.3, 1.8) 62
[15:30:29.856]: (0.1, 2.3, 1.9) 62
[15:30:29.879]: (0.0, 2.3, 1.9) 62
[15:30:30.014]: (0.1, 2.2, 1.9) 62
[15:30:30.327]: (-0.1, 2.7, 3.1) 3
[15:30:30.360]: (0.0, 2.7, 3.1) 3
[15:30:30.427]: (0.0, 2.6, 2.9) 8
[15:30:30.460]: (0.0, 2.6, 2.9) 8
[15:30:30.493]: (0.0, 2.6, 2.9) 8
[15:30:30.527]: (0.0, 2.6, 2.9) 8
[15:30:30.561]: (0.1, 2.6, 3.0) 6
[15:30:30.593]: (-0.1, 2.3, 2.1) 60
[15:30:30.732]: (0.1, 3.2, 4.1) 66
[15:30:30.753]: (0.1, 2.8, 3.2) 5
[15:30:31.526]: (0.6, 2.6, 1.8) 61
[15:30:31.973]: (1.2, 3.0, 2.9) 4
[15:30:31.991]: (1.2, 3.0, 2.9) 4
[15:30:32.009]: (1.0, 2.9, 2.8) 5
[15:30:32.030]: (1.0, 3.0, 2.9) 1
[15:30:32.050]: (1.0, 3.0, 2.9) 1
[15:30:32.068]: (0.5, 2.6, 1.9) 61
[15:30:32.091]: (1.0, 2.9, 2.9) 4
[15:30:32.112]: (1.0, 2.9, 3.0) 4
[15:30:32.133]: (0.9, 2.9, 2.8) 3
[15:30:32.331]: (0.4, 2.7, 2.9) 6
[15:30:32.705]: (0.4, 2.9, 3.0) 7
[15:30:32.736]: (0.4, 2.9, 3.0) 7
[15:30:33.277]: (0.4, 2.9, 3.0) 5
[15:30:33.306]: (0.4, 2.9, 3.0) 5
[15:30:33.342]: (0.4, 2.9, 3.1) 7
[15:30:33.508]: (0.8, 3.0, 2.8) 5
[15:30:33.527]: (1.2, 3.3, 3.6) 65
[15:30:33.553]: (1.2, 3.3, 3.6) 65
[15:30:33.575]: (0.9, 3.0, 2.9) 7
[15:30:33.599]: (1.0, 3.0, 2.9) 7
[15:30:34.238]: (1.1, 3.4, 2.6) 7
[15:30:34.260]: (1.1, 3.3, 2.6) 7
[15:30:35.099]: (0.1, 3.6, 2.2) 8
[15:30:35.117]: (0.1, 3.6, 2.2) 8
[15:30:35.134]: (0.2, 3.7, 2.3) 3
[15:30:35.152]: (0.1, 3.6, 2.2) 8
[15:30:35.170]: (0.1, 3.6, 2.2) 8
[15:30:35.213]: (0.2, 3.6, 2.7) 7
[15:30:35.468]: (0.4, 4.5, 4.9) 20
[15:30:35.493]: (0.4, 4.5, 4.9) 22
[15:30:35.515]: (0.5, 4.5, 4.9) 22
[15:30:35.554]: (0.5, 4.4, 5.0) 22
[15:30:35.792]: (0.5, 3.2, 3.5) 10
[15:30:35.809]: (0.5, 3.1, 3.5) 10
[15:30:35.825]: (0.5, 3.2, 3.4) 10
[15:30:35.842]: (0.5, 3.2, 3.4) 10
[15:30:35.858]: (0.5, 3.1, 3.3) 12
[15:30:35.876]: (0.5, 3.1, 3.3) 12
[15:30:35.893]: (0.5, 3.1, 3.3) 12
[15:30:35.910]: (0.5, 3.1, 3.5) 10
[15:30:36.103]: (0.4, 3.2, 3.6) 9
[15:30:36.124]: (0.0, 3.0, 3.0) 5
[15:30:36.146]: (-0.3, 3.1, 2.8) 3
[15:30:36.168]: (-0.2, 3.1, 2.8) 3
[15:30:36.192]: (-0.3, 3.0, 2.7) 8
[15:30:36.213]: (-0.3, 3.1, 2.8) 6
[15:30:36.235]: (-0.3, 3.1, 2.8) 2
[15:30:36.482]: (0.1, 3.4, 2.5) 2
[15:30:36.528]: (0.1, 3.4, 2.6) 2
[15:30:36.550]: (0.1, 3.3, 2.6) 2
[15:30:36.572]: (0.1, 3.3, 2.7) 2
[15:30:36.597]: (0.1, 3.3, 2.7) 2
[15:30:36.680]: (0.1, 3.3, 2.7) 3
[15:30:36.862]: (-0.7, 2.3, 2.2) 55
[15:30:36.881]: (-0.7, 2.3, 2.2) 55
[15:30:36.902]: (-0.8, 2.3, 2.2) 55
[15:30:37.441]: (0.1, 3.1, 2.6) 59
[15:30:37.483]: (0.1, 3.2, 2.7) 56
[15:30:37.506]: (-0.1, 2.6, 2.0) 54
[15:30:37.699]: (0.1, 2.7, 2.0) 54
[15:30:37.721]: (0.1, 2.7, 2.0) 54
[15:30:37.880]: (0.1, 2.7, 2.0) 54
[15:30:37.898]: (0.1, 2.7, 2.0) 54
[15:30:37.915]: (0.1, 2.7, 2.0) 54
[15:30:37.934]: (0.1, 2.7, 2.0) 54
[15:30:37.951]: (0.1, 2.7, 2.0) 54
[15:30:38.605]: (-0.1, 3.6, 2.7) 29
[15:30:38.629]: (-0.1, 3.6, 2.7) 29
[15:30:38.652]: (-0.1, 3.6, 2.7) 29
[15:30:38.675]: (-0.1, 3.6, 2.7) 34
[15:30:38.700]: (-0.1, 3.6, 2.7) 29
[15:30:38.722]: (-0.1, 3.6, 2.7) 29
[15:30:38.744]: (-0.1, 3.6, 2.7) 29
[15:30:38.764]: (-0.1, 3.6, 2.7) 29
[15:30:38.787]: (-0.1, 3.6, 2.7) 29
[15:30:38.810]: (-0.1, 3.6, 2.7) 29
[15:30:38.833]: (-0.1, 3.6, 2.7) 29
[15:30:38.855]: (-0.1, 3.6, 2.7) 29
[15:30:38.877]: (-0.1, 3.6, 2.7) 29
[15:30:38.901]: (-0.1, 3.6, 2.7) 29
[15:30:38.922]: (-0.1, 3.6, 2.7) 29
[15:30:38.945]: (-0.1, 3.6, 2.7) 29
[15:30:38.966]: (-0.1, 3.6, 2.7) 29
[15:30:38.988]: (-0.1, 3.6, 2.7) 29
[15:30:39.010]: (-0.1, 3.6, 2.9) 33
[15:30:39.032]: (-0.1, 2.1, 1.0) 50
[15:30:39.054]: (-0.1, 2.1, 1.0) 50
[15:30:39.076]: (-0.1, 2.1, 1.0) 50
[15:30:39.098]: (-0.1, 2.1, 1.0) 50
[15:30:39.120]: (-0.1, 2.1, 1.0) 50
[15:30:39.142]: (-0.1, 2.1, 1.0) 50
[15:30:39.163]: (-0.1, 2.1, 1.0) 50
[15:30:39.188]: (-0.1, 2.1, 1.0) 50
[15:30:39.209]: (-0.1, 2.2, 1.1) 48
[15:30:39.231]: (-0.1, 2.1, 1.1) 48
[15:30:39.253]: (-0.1, 2.1, 1.1) 48
[15:30:39.276]: (-0.1, 2.2, 1.1) 48
[15:30:39.298]: (-0.1, 2.2, 1.1) 48
[15:30:39.320]: (-0.1, 2.2, 1.1) 48
[15:30:39.342]: (-0.1, 2.2, 1.1) 48
[15:30:39.472]: (0.0, 3.6, 2.7) 29
[15:30:39.571]: (0.0, 3.5, 2.7) 34
[15:30:39.605]: (0.0, 3.5, 2.7) 34
[15:30:39.637]: (0.0, 3.5, 2.7) 34
[15:30:39.670]: (0.0, 3.5, 2.7) 34
[15:30:39.704]: (0.0, 3.5, 2.7) 34
[15:30:39.871]: (-0.1, 2.0, 1.0) 50
[15:30:39.904]: (-0.1, 2.0, 1.0) 50
[15:30:39.938]: (-0.1, 2.1, 1.0) 50
[15:30:39.970]: (-0.1, 2.1, 1.0) 50
[15:30:39.993]: (-0.1, 2.1, 1.0) 50
[15:30:40.016]: (-0.1, 2.1, 1.0) 50
[15:30:40.036]: (-0.1, 2.1, 1.0) 50
[15:30:40.060]: (-0.1, 2.1, 1.0) 50
[15:30:40.082]: (-0.1, 2.1, 1.0) 50
[15:30:40.105]: (-0.1, 2.1, 1.0) 50
[15:30:40.169]: (-0.3, 3.1, 2.2) 42
[15:30:40.238]: (-0.4, 3.1, 2.2) 42
[15:30:40.259]: (-0.4, 3.1, 2.2) 42
[15:30:40.282]: (-0.4, 3.1, 2.2) 42
[15:30:40.304]: (-0.4, 3.1, 2.2) 42
[15:30:40.326]: (-0.4, 3.0, 2.2) 42
[15:30:40.349]: (-0.4, 3.0, 2.2) 42
[15:30:40.371]: (-0.4, 3.0, 2.2) 42
[15:30:40.393]: (-0.4, 3.0, 2.2) 42
[15:30:40.416]: (-0.4, 3.0, 2.2) 42
[15:30:40.439]: (-0.4, 3.0, 2.3) 42
[15:30:40.462]: (-0.4, 3.0, 2.2) 42
[15:30:40.485]: (-0.4, 3.0, 2.2) 42
[15:30:40.509]: (-0.5, 3.1, 2.4) 37
[15:30:40.529]: (-0.5, 3.1, 2.4) 37
[15:30:40.552]: (-0.5, 3.1, 2.4) 37
[15:30:40.592]: (-0.1, 3.7, 2.7) 29
[15:30:40.638]: (-0.1, 3.7, 2.7) 29
[15:30:40.659]: (-0.1, 3.6, 2.7) 29
[15:30:40.815]: (-0.2, 2.3, 1.1) 46
[15:30:40.861]: (-0.3, 2.3, 1.1) 46
[15:30:40.882]: (-0.3, 2.3, 1.1) 46
[15:30:40.904]: (-0.3, 2.3, 1.1) 46
[15:30:40.928]: (-0.4, 2.3, 1.1) 46
[15:30:41.082]: (-0.6, 3.5, 2.8) 29
[15:30:41.106]: (-0.6, 3.5, 2.8) 29
[15:30:41.280]: (0.3, 3.4, 2.4) 58
[15:30:41.408]: (0.2, 2.6, 1.8) 53
[15:30:41.425]: (0.2, 2.6, 1.8) 53
[15:30:41.442]: (0.2, 2.6, 1.8) 53
[15:30:41.755]: (0.3, 2.6, 1.8) 53
[15:30:41.777]: (0.3, 2.8, 1.9) 55
[15:30:41.801]: (0.3, 2.7, 1.7) 53
[15:30:41.821]: (0.3, 2.8, 1.9) 55
[15:30:41.844]: (0.3, 2.8, 1.9) 55
[15:30:41.868]: (0.3, 2.8, 1.9) 55
[15:30:41.888]: (0.3, 2.8, 1.9) 55
[15:30:41.911]: (0.3, 2.8, 1.9) 52
[15:30:42.226]: (0.5, 3.3, 2.4) 57
[15:30:42.250]: (0.5, 3.3, 2.4) 57
[15:30:42.273]: (0.5, 3.3, 2.3) 59
[15:30:42.295]: (0.5, 3.3, 2.3) 59
[15:30:42.523]: (0.7, 2.9, 2.6) 6
[15:30:42.652]: (0.8, 3.4, 3.7) 63
[15:30:42.714]: (1.1, 3.3, 3.8) 68
[15:30:42.738]: (1.1, 3.2, 3.8) 68
[15:30:42.760]: (1.1, 3.2, 3.8) 68
[15:30:42.782]: (1.0, 3.2, 3.8) 68
[15:30:42.805]: (0.7, 2.9, 3.0) 4
[15:30:42.827]: (0.7, 2.9, 3.0) 4
[15:30:42.849]: (0.9, 3.2, 3.7) 65
[15:30:42.872]: (0.9, 3.2, 3.7) 65
[15:30:42.892]: (0.7, 2.8, 3.0) 4
[15:30:42.928]: (0.6, 2.8, 3.0) 4
[15:30:42.958]: (0.7, 2.7, 3.0) 1
[15:30:43.636]: (-0.9, 1.8, 1.2) 49
[15:30:43.681]: (-0.7, 1.9, 1.1) 48
[15:30:43.705]: (-0.7, 1.9, 1.1) 48
[15:30:43.749]: (-0.7, 1.9, 1.2) 48
[15:30:43.770]: (-0.7, 2.1, 1.5) 43
[15:30:43.947]: (-1.2, 2.5, 2.6) 37
[15:30:43.969]: (-1.2, 2.5, 2.2) 39
[15:30:43.992]: (-1.1, 2.5, 2.2) 39
[15:30:44.015]: (-1.1, 2.5, 2.2) 39
[15:30:44.192]: (-1.0, 2.6, 2.5) 36
[15:30:44.213]: (-1.0, 2.6, 2.5) 36
[15:30:44.235]: (-1.1, 2.4, 2.4) 42
[15:30:44.281]: (-1.1, 2.4, 2.4) 42
[15:30:44.302]: (-1.1, 2.5, 2.6) 37
[15:30:44.326]: (-1.1, 2.5, 2.6) 37
[15:30:44.350]: (-1.1, 2.5, 2.6) 37
[15:30:44.371]: (-1.0, 2.4, 2.3) 40
[15:30:44.534]: (-1.0, 2.5, 2.3) 38
[15:30:44.561]: (-1.0, 2.5, 2.3) 38
[15:30:44.586]: (-1.0, 2.5, 2.3) 38
[15:30:44.612]: (-1.0, 2.5, 2.3) 38
[15:30:44.636]: (-1.0, 2.5, 2.3) 38
[15:30:44.659]: (-1.0, 2.5, 2.3) 38
[15:30:44.682]: (-1.0, 2.5, 2.3) 38
[15:30:44.705]: (-1.0, 2.5, 2.3) 38
[15:30:44.726]: (-0.9, 2.5, 2.3) 38
[15:30:44.750]: (-0.9, 2.5, 2.3) 38
[15:30:44.771]: (-0.9, 2.5, 2.3) 38
[15:30:44.794]: (-0.9, 2.5, 2.3) 38
[15:30:44.815]: (-0.9, 2.5, 2.3) 38
[15:30:45.126]: (2.2, 3.7, 4.8) 23
[15:30:45.151]: (2.1, 3.6, 4.8) 20
[15:30:45.176]: (2.1, 3.6, 4.8) 22
[15:30:45.201]: (2.1, 3.6, 5.0) 25
[15:30:45.225]: (2.0, 3.6, 5.1) 25
[15:30:45.523]: (0.3, 2.3, 2.9) 8
[15:30:45.771]: (0.1, 1.8, 2.1) 60
[15:30:45.902]: (0.1, 1.8, 2.1) 60
[15:30:46.033]: (0.2, 2.3, 3.0) 6
[15:30:46.066]: (0.2, 2.3, 3.0) 6
[15:30:46.100]: (0.2, 2.2, 3.1) 2
[15:30:46.134]: (0.2, 2.2, 3.1) 2
[15:30:46.200]: (0.6, 2.3, 3.1) 5
[15:30:46.786]: (0.5, 2.3, 3.2) 1
[15:30:46.809]: (0.4, 2.3, 3.1) 3
[15:30:47.480]: (0.5, 1.8, 2.1) 61
[15:30:47.501]: (0.4, 1.8, 2.1) 61
[15:30:47.524]: (0.4, 1.8, 2.1) 61
[15:30:47.590]: (0.3, 1.7, 2.1) 61
[15:30:47.612]: (0.6, 2.3, 3.2) 7
[15:30:48.719]: (1.3, 2.4, 2.7) 3
[15:30:48.846]: (1.4, 2.4, 2.7) 5
[15:30:49.220]: (1.2, 2.4, 2.9) 1
[15:30:49.359]: (1.2, 2.4, 2.9) 1
[15:30:49.375]: (1.2, 2.4, 2.9) 1
[15:30:49.396]: (1.2, 2.4, 2.9) 1
[15:30:49.419]: (1.2, 2.4, 2.9) 1
[15:30:49.442]: (1.2, 2.4, 2.9) 1
[15:30:49.464]: (1.2, 2.4, 2.9) 1
[15:30:49.485]: (1.2, 2.4, 2.9) 1
[15:30:49.508]: (1.2, 2.4, 2.9) 1
[15:30:49.530]: (1.2, 2.4, 2.9) 1
[15:30:49.552]: (1.2, 2.4, 2.9) 1
[15:30:49.574]: (1.2, 2.4, 2.9) 1
[15:30:49.596]: (1.2, 2.4, 2.9) 1
[15:30:49.618]: (1.2, 2.4, 2.9) 1
[15:30:49.640]: (1.2, 2.4, 2.9) 1
[15:30:49.664]: (1.2, 2.4, 2.9) 1
[15:30:49.681]: (1.2, 2.4, 2.9) 1
[15:30:49.699]: (1.2, 2.4, 2.9) 1
[15:30:49.716]: (1.2, 2.4, 2.9) 1
[15:30:49.735]: (1.2, 2.4, 2.9) 1
[15:30:49.752]: (1.2, 2.4, 2.9) 1
[15:30:49.769]: (1.2, 2.4, 2.9) 1
[15:30:49.786]: (1.2, 2.4, 2.9) 1
[15:30:49.807]: (1.2, 2.4, 2.9) 1
[15:30:49.826]: (1.1, 2.4, 2.8) 3
[15:30:49.844]: (1.1, 2.4, 2.8) 3
[15:30:49.864]: (1.1, 2.4, 2.8) 3
[15:30:49.882]: (1.2, 2.4, 2.8) 3
[15:30:49.900]: (1.1, 2.4, 2.8) 3
[15:30:49.917]: (1.1, 2.4, 2.8) 3
[15:30:49.936]: (1.1, 2.4, 2.7) 3
[15:30:49.959]: (1.1, 2.4, 2.8) 3
[15:30:49.980]: (1.1, 2.4, 2.6) 8
[15:30:50.002]: (1.1, 2.4, 2.7) 6
[15:30:50.292]: (1.8, 3.0, 2.7) 12
[15:30:50.389]: (2.8, 4.0, 4.4) 26
[15:30:50.592]: (2.2, 3.2, 5.0) 23
[15:30:50.627]: (2.2, 3.1, 5.0) 23
[15:30:50.655]: (2.1, 3.2, 5.0) 22
[15:30:50.690]: (1.0, 2.1, 3.0) 5
[15:30:50.724]: (1.3, 2.4, 4.0) 68
[15:30:50.757]: (1.3, 2.3, 3.8) 65
[15:30:51.022]: (1.3, 2.5, 2.6) 2
[15:30:51.044]: (1.2, 2.5, 2.5) 8
[15:30:51.066]: (1.2, 2.6, 2.5) 8
[15:30:51.088]: (1.2, 2.6, 2.4) 8
[15:30:51.111]: (1.2, 2.6, 2.4) 8
[15:30:51.133]: (1.2, 2.7, 2.4) 8
[15:30:51.155]: (1.2, 2.8, 2.4) 8
[15:30:51.178]: (1.1, 2.8, 2.3) 8
[15:30:51.199]: (1.1, 2.8, 2.3) 8
[15:30:51.222]: (1.2, 2.8, 2.4) 6
[15:30:51.333]: (1.2, 2.9, 2.3) 6
[15:30:51.356]: (1.2, 2.9, 2.3) 6
[15:30:51.378]: (1.1, 2.9, 2.3) 8
[15:30:51.399]: (1.1, 2.9, 2.3) 8
[15:30:51.485]: (1.1, 2.9, 2.3) 8
[15:30:51.506]: (1.1, 2.9, 2.3) 8
[15:30:51.528]: (1.1, 2.9, 2.3) 8
[15:30:51.552]: (1.1, 2.9, 2.3) 8
[15:30:51.573]: (1.1, 2.9, 2.3) 8
[15:30:51.595]: (1.1, 2.9, 2.4) 6
[15:30:51.618]: (1.1, 2.9, 2.4) 6
[15:30:51.663]: (1.2, 3.1, 2.3) 3
[15:30:51.709]: (1.2, 3.0, 2.4) 3
[15:30:51.731]: (1.2, 3.0, 2.4) 3
[15:30:51.754]: (1.2, 3.0, 2.4) 3
[15:30:51.776]: (1.2, 3.0, 2.4) 3
[15:30:51.799]: (1.2, 3.0, 2.2) 8
[15:30:51.821]: (1.2, 2.9, 2.2) 8
[15:30:52.136]: (2.3, 3.7, 2.9) 18
[15:30:52.626]: (0.7, 2.9, 1.3) 61
[15:30:52.646]: (1.1, 3.4, 2.1) 2
[15:30:52.670]: (1.0, 3.4, 2.1) 2
[15:30:52.692]: (1.0, 3.4, 2.1) 2
[15:30:52.736]: (0.6, 2.8, 1.4) 60
[15:30:52.759]: (0.6, 2.8, 1.3) 60
[15:30:52.781]: (0.5, 2.8, 1.4) 60
[15:30:52.822]: (0.5, 2.8, 1.4) 60
[15:30:52.920]: (0.2, 4.2, 2.6) 9
[15:30:52.937]: (0.1, 4.2, 2.6) 9
[15:30:52.962]: (0.1, 4.1, 2.4) 12
[15:30:52.996]: (0.1, 4.0, 2.5) 12
[15:30:53.034]: (0.1, 4.0, 2.5) 12
[15:30:53.066]: (0.1, 4.0, 2.5) 12
[15:30:53.095]: (0.1, 4.0, 2.5) 12
[15:30:53.129]: (0.1, 4.0, 2.5) 12
[15:30:53.163]: (0.1, 4.0, 2.5) 12
[15:30:53.194]: (0.4, 5.5, 4.1) 23
[15:30:53.228]: (0.4, 3.5, 2.5) 4
[15:30:53.294]: (0.4, 3.5, 2.5) 4
[15:30:53.329]: (0.4, 3.4, 2.4) 3
[15:30:53.361]: (0.4, 3.4, 2.4) 3
[15:30:53.462]: (0.4, 3.2, 2.3) 8
[15:30:53.497]: (0.4, 3.2, 2.4) 6
[15:30:53.534]: (0.4, 3.3, 2.5) 2
[15:30:53.900]: (0.4, 2.9, 2.8) 5
[15:30:53.921]: (0.4, 2.9, 2.8) 5
[15:30:53.945]: (0.4, 2.9, 2.9) 5
[15:30:53.967]: (0.4, 2.9, 2.9) 5
[15:30:53.989]: (0.4, 2.8, 2.9) 5
[15:30:54.011]: (0.4, 2.8, 2.9) 5
[15:30:54.033]: (0.5, 2.8, 2.9) 5
[15:30:54.055]: (0.7, 3.2, 3.6) 65
[15:30:54.072]: (0.7, 3.2, 3.6) 65
[15:30:54.094]: (0.6, 3.4, 3.8) 68
[15:30:54.205]: (0.4, 2.9, 2.9) 5
[15:30:54.250]: (0.5, 2.8, 2.9) 7
[15:30:54.272]: (0.4, 2.8, 2.9) 5
[15:30:54.294]: (0.5, 2.8, 2.9) 7
[15:30:54.317]: (0.4, 2.8, 2.9) 7
[15:30:54.339]: (0.4, 2.8, 2.9) 7
[15:30:54.360]: (0.4, 2.7, 2.9) 7
[15:30:54.431]: (0.4, 2.8, 2.9) 7
[15:30:54.723]: (0.3, 2.4, 1.8) 61
[15:30:54.747]: (0.3, 2.5, 1.8) 61
[15:30:54.921]: (0.3, 2.2, 1.6) 62
[15:30:54.944]: (0.3, 2.2, 1.6) 62
[15:30:55.108]: (0.6, 2.2, 3.1) 5
[15:30:55.155]: (0.8, 2.5, 5.6) 22
[15:30:55.831]: (1.1, 2.6, 2.7) 3
[15:30:55.853]: (1.1, 2.6, 2.7) 3
[15:30:55.875]: (1.0, 2.5, 2.5) 8
[15:30:56.126]: (0.1, 2.0, 1.7) 62
[15:30:56.147]: (0.1, 2.0, 1.8) 62
[15:30:56.272]: (-0.1, 1.9, 2.0) 60
[15:30:56.318]: (-0.2, 1.9, 2.1) 61
[15:30:56.621]: (0.3, 2.0, 2.1) 61
[15:30:56.654]: (0.4, 2.1, 2.0) 61
[15:30:56.886]: (0.2, 2.5, 1.4) 62
[15:30:56.920]: (0.9, 4.3, 2.8) 19
[15:30:57.571]: (0.0, 2.2, 1.7) 62
[15:30:57.593]: (0.0, 2.2, 1.7) 62
[15:30:57.616]: (0.0, 2.2, 1.7) 62
[15:30:57.637]: (0.0, 2.2, 1.7) 62
[15:30:57.730]: (0.3, 3.0, 3.6) 67
[15:30:57.754]: (0.2, 2.8, 2.9) 0
[15:30:58.112]: (-0.1, 1.7, 4.4) 68
[15:30:58.134]: (-0.3, 1.6, 3.4) 1
[15:30:58.156]: (-0.4, 1.7, 3.2) 2
[15:30:58.177]: (-0.3, 1.7, 3.2) 3
[15:30:58.196]: (-0.3, 1.7, 3.2) 3
[15:30:58.220]: (-0.3, 1.6, 3.2) 3
[15:30:58.263]: (-0.3, 1.7, 3.0) 8
[15:30:58.285]: (-0.3, 1.7, 3.2) 3
[15:30:58.307]: (-0.3, 1.7, 3.2) 3
[15:30:58.329]: (-0.3, 1.7, 3.2) 3
[15:30:58.477]: (-0.5, 1.7, 3.2) 2
[15:30:58.494]: (-0.5, 1.7, 3.2) 2
[15:30:58.511]: (-0.5, 1.7, 3.2) 2
[15:30:58.528]: (-0.5, 1.7, 3.2) 2
[15:30:58.546]: (-0.5, 1.7, 3.2) 2
[15:30:58.565]: (-0.5, 1.7, 3.1) 6
[15:30:58.582]: (-0.4, 1.7, 3.1) 8
[15:30:58.602]: (-0.4, 1.7, 3.1) 6
[15:30:58.624]: (-0.4, 1.8, 3.3) 0
[15:30:58.646]: (-0.4, 1.9, 4.0) 67
[15:30:59.041]: (0.3, 2.1, 2.9) 8
[15:30:59.063]: (0.3, 2.1, 2.9) 8
[15:30:59.085]: (0.3, 2.1, 2.9) 8
[15:30:59.110]: (0.3, 2.1, 2.9) 8
[15:30:59.475]: (0.4, 2.2, 3.0) 3
[15:30:59.494]: (0.4, 2.2, 3.0) 3
[15:30:59.516]: (0.4, 2.2, 3.0) 3
[15:30:59.539]: (0.4, 2.2, 3.0) 3
[15:30:59.562]: (0.4, 2.2, 3.0) 3
[15:30:59.585]: (0.4, 2.2, 3.0) 3
[15:30:59.609]: (0.4, 2.2, 2.8) 8
[15:30:59.631]: (0.4, 2.2, 2.8) 8
[15:30:59.652]: (0.4, 2.2, 2.8) 8
[15:30:59.677]: (0.4, 2.2, 2.8) 8
[15:30:59.925]: (0.6, 2.3, 3.2) 4
[15:30:59.946]: (0.6, 2.3, 3.2) 4
[15:30:59.969]: (0.6, 2.3, 3.2) 4
[15:30:59.991]: (0.6, 2.3, 3.2) 4
[15:31:00.014]: (0.5, 2.2, 3.0) 3
[15:31:00.037]: (0.5, 2.2, 3.0) 3
[15:31:00.061]: (0.5, 2.2, 3.0) 3
[15:31:00.084]: (0.5, 2.2, 3.0) 3
[15:31:00.106]: (0.5, 2.2, 3.0) 3
[15:31:00.131]: (0.5, 2.2, 3.0) 3
[15:31:00.153]: (0.5, 2.2, 3.0) 3
[15:31:00.176]: (0.5, 2.2, 3.0) 3
[15:31:00.197]: (0.5, 2.2, 3.0) 3
[15:31:00.231]: (0.5, 2.2, 3.0) 3
[15:31:00.263]: (0.5, 2.2, 3.0) 3
[15:31:00.297]: (0.5, 2.2, 3.0) 3
[15:31:00.329]: (0.5, 2.1, 3.0) 3
[15:31:00.363]: (0.5, 2.1, 3.0) 3
[15:31:00.396]: (0.5, 2.1, 3.0) 3
[15:31:00.429]: (0.6, 2.1, 3.1) 1
[15:31:00.626]: (0.4, 2.2, 2.8) 8
[15:31:00.659]: (0.4, 2.2, 2.8) 8
[15:31:00.693]: (0.6, 2.1, 3.2) 1
[15:31:00.724]: (0.6, 2.1, 3.1) 1
[15:31:00.758]: (0.5, 2.2, 3.0) 3
[15:31:00.793]: (0.4, 2.1, 2.9) 8
[15:31:00.825]: (0.4, 2.1, 2.9) 8
[15:31:00.846]: (0.4, 2.1, 2.9) 8
[15:31:00.870]: (0.4, 2.1, 2.9) 8
[15:31:00.891]: (0.4, 2.1, 2.9) 8
[15:31:00.919]: (0.4, 2.1, 2.9) 8
[15:31:00.938]: (0.4, 2.1, 2.9) 8
[15:31:00.958]: (0.4, 2.1, 2.9) 8
[15:31:00.981]: (0.4, 2.1, 2.9) 8
[15:31:01.004]: (0.4, 2.1, 2.9) 8
[15:31:01.025]: (0.4, 2.2, 2.8) 8
[15:31:01.048]: (0.4, 2.2, 2.8) 8
[15:31:01.071]: (0.4, 2.1, 2.8) 8
[15:31:01.092]: (0.4, 2.1, 2.9) 8
[15:31:01.116]: (0.4, 2.1, 2.9) 8
[15:31:01.137]: (0.4, 2.1, 2.8) 8
[15:31:01.161]: (0.4, 2.1, 2.9) 8
[15:31:01.182]: (0.4, 2.1, 2.8) 8
[15:31:01.206]: (0.4, 2.1, 2.8) 8
[15:31:01.226]: (0.4, 2.1, 2.8) 8
[15:31:01.248]: (0.4, 2.1, 2.8) 8
[15:31:01.270]: (0.4, 2.1, 2.8) 8
[15:31:01.292]: (0.4, 2.1, 2.8) 8
[15:31:01.315]: (0.4, 2.1, 2.9) 8
[15:31:01.336]: (0.4, 2.1, 2.9) 8
[15:31:01.359]: (0.5, 2.1, 2.9) 8
[15:31:01.382]: (0.5, 2.2, 3.0) 3
[15:31:01.404]: (0.5, 2.2, 3.0) 3
[15:31:01.425]: (0.5, 2.2, 3.0) 3
[15:31:01.449]: (0.5, 2.2, 3.0) 3
[15:31:01.471]: (0.5, 2.2, 3.0) 3
[15:31:01.492]: (0.5, 2.2, 3.0) 3
[15:31:01.515]: (0.5, 2.2, 3.0) 3
[15:31:01.537]: (0.5, 2.2, 3.0) 3
[15:31:01.559]: (0.5, 2.2, 3.0) 3
[15:31:01.581]: (0.5, 2.2, 3.0) 3
[15:31:01.603]: (0.5, 2.2, 3.0) 3
[15:31:01.627]: (0.5, 2.2, 3.0) 3
[15:31:01.649]: (0.5, 2.2, 3.0) 3
[15:31:01.671]: (0.5, 2.2, 3.0) 3
[15:31:01.695]: (0.5, 2.2, 3.0) 3
[15:31:01.717]: (0.5, 2.2, 3.0) 3
[15:31:01.737]: (0.5, 2.2, 3.0) 3
[15:31:01.761]: (0.5, 2.2, 3.0) 3
[15:31:01.784]: (0.5, 2.2, 2.9) 8
[15:31:01.805]: (0.5, 2.2, 2.9) 8
[15:31:01.831]: (0.5, 2.2, 2.9) 8
[15:31:01.917]: (0.6, 2.1, 3.1) 1
[15:31:01.939]: (0.6, 2.1, 3.2) 1
[15:31:01.969]: (0.6, 2.1, 3.2) 1
[15:31:01.993]: (0.6, 2.1, 3.2) 1
[15:31:02.015]: (0.6, 2.1, 3.2) 1
[15:31:02.041]: (0.6, 2.1, 3.2) 1
[15:31:02.066]: (0.6, 2.1, 3.2) 1
[15:31:02.601]: (0.4, 2.2, 3.2) 4
[15:31:02.625]: (-0.1, 1.9, 1.8) 62
[15:31:02.667]: (0.0, 2.2, 3.1) 2
[15:31:02.692]: (0.0, 2.2, 3.0) 2
[15:31:02.717]: (-0.1, 2.2, 3.1) 2
[15:31:02.742]: (-0.1, 2.2, 3.0) 2
[15:31:02.763]: (-0.1, 2.3, 3.0) 2
[15:31:02.783]: (-0.1, 2.3, 2.9) 6
[15:31:02.805]: (-0.3, 2.0, 1.7) 62
[15:31:02.994]: (-0.3, 2.0, 1.7) 62
[15:31:03.025]: (-0.3, 2.0, 1.7) 62
[15:31:03.059]: (-0.3, 2.0, 1.7) 62
[15:31:03.095]: (-0.2, 2.0, 1.7) 62
[15:31:03.226]: (-0.3, 2.0, 1.7) 62
[15:31:03.257]: (-0.2, 2.0, 2.0) 60
[15:31:03.358]: (-0.3, 2.0, 1.7) 62
[15:31:03.525]: (-0.2, 2.0, 2.0) 60
[15:31:03.664]: (-0.2, 2.0, 2.0) 60
[15:31:03.684]: (-0.2, 2.0, 2.0) 60
[15:31:03.702]: (0.0, 2.3, 3.0) 3
[15:31:03.720]: (0.1, 2.6, 4.0) 64
[15:31:03.754]: (-0.2, 2.0, 1.8) 62
[15:31:03.773]: (-0.2, 2.0, 1.8) 62
[15:31:03.792]: (-0.2, 2.0, 1.7) 62
[15:31:03.835]: (-0.2, 2.0, 1.7) 62
[15:31:03.858]: (-0.2, 2.0, 1.7) 62
[15:31:03.879]: (-0.2, 2.0, 1.7) 62
[15:31:03.901]: (-0.2, 2.0, 1.8) 62
[15:31:03.924]: (0.1, 2.7, 4.0) 63
[15:31:03.945]: (-0.1, 2.4, 2.9) 6
[15:31:03.968]: (-0.1, 2.4, 2.9) 6
[15:31:03.990]: (-0.1, 2.4, 2.9) 6
[15:31:04.329]: (-0.6, 2.0, 2.0) 60
[15:31:04.350]: (-0.6, 2.0, 2.0) 60
[15:31:04.371]: (-0.6, 2.0, 2.0) 60
[15:31:04.394]: (-0.6, 2.0, 2.0) 60
[15:31:04.528]: (-0.4, 2.3, 4.3) 68
[15:31:04.620]: (-0.3, 1.9, 2.1) 60
[15:31:04.644]: (-0.4, 1.9, 1.8) 62
[15:31:04.666]: (-0.4, 1.9, 1.7) 62
[15:31:04.689]: (-0.3, 1.9, 1.8) 62
[15:31:04.717]: (-0.3, 1.9, 1.8) 62
[15:31:04.739]: (-0.4, 1.9, 1.8) 62
[15:31:04.840]: (-0.3, 2.0, 2.0) 60
[15:31:04.863]: (-0.3, 2.0, 2.0) 60
[15:31:04.883]: (-0.3, 1.9, 2.0) 60
[15:31:04.906]: (-0.3, 2.0, 2.0) 60
[15:31:04.928]: (-0.3, 1.9, 2.0) 60
[15:31:04.953]: (-0.3, 1.9, 2.0) 60
[15:31:04.976]: (-0.3, 2.0, 2.0) 60
[15:31:04.997]: (-0.1, 2.3, 3.2) 1
[15:31:05.021]: (-0.1, 2.6, 4.2) 68
[15:31:05.043]: (-0.2, 2.3, 3.2) 1
[15:31:05.065]: (-0.2, 2.3, 3.2) 5
[15:31:05.087]: (-0.2, 2.4, 3.1) 1
[15:31:05.110]: (-0.2, 2.4, 3.1) 1
[15:31:05.132]: (-0.2, 2.4, 3.1) 1
[15:31:05.154]: (-0.2, 2.4, 3.1) 1
[15:31:05.177]: (-0.2, 2.4, 3.1) 1
[15:31:05.199]: (-0.2, 2.4, 3.2) 1
[15:31:05.221]: (-0.2, 2.4, 3.2) 1
[15:31:05.266]: (-0.4, 2.1, 2.0) 61
[15:31:05.288]: (-0.3, 2.7, 4.1) 68
[15:31:05.311]: (-0.3, 2.5, 3.2) 1
[15:31:05.332]: (-0.3, 2.5, 3.1) 1
[15:31:05.354]: (-0.3, 2.5, 3.1) 1
[15:31:05.376]: (-0.3, 2.5, 3.1) 1
[15:31:05.398]: (-0.3, 2.5, 3.1) 1
[15:31:05.419]: (-0.3, 2.8, 4.1) 66
[15:31:05.484]: (-0.2, 2.5, 3.1) 1
[15:31:05.504]: (-0.2, 2.5, 3.1) 1
[15:31:05.527]: (-0.2, 2.5, 3.0) 3
[15:31:05.547]: (-0.2, 2.5, 3.0) 3
[15:31:05.571]: (-0.2, 2.5, 3.1) 1
[15:31:05.593]: (-0.2, 2.5, 3.1) 1
[15:31:05.617]: (-0.2, 2.4, 3.1) 7
[15:31:05.705]: (-0.3, 2.3, 1.9) 61
[15:31:05.742]: (-0.3, 2.7, 2.9) 5
[15:31:05.773]: (-0.3, 2.7, 2.9) 5
[15:31:05.805]: (-0.3, 2.9, 2.9) 5
[15:31:05.873]: (-0.3, 2.9, 2.9) 7
[15:31:05.905]: (-0.3, 2.9, 2.9) 7
[15:31:05.940]: (-0.4, 3.0, 2.8) 7
[15:31:06.006]: (-0.4, 3.2, 2.7) 1
[15:31:06.039]: (-0.4, 2.7, 1.6) 61
[15:31:06.106]: (-0.4, 3.8, 3.5) 68
[15:31:06.139]: (-0.4, 2.6, 1.7) 61
[15:31:06.172]: (-0.4, 2.6, 1.7) 61
[15:31:06.204]: (-0.4, 2.6, 1.7) 61
[15:31:06.956]: (-0.1, 2.2, 1.9) 61
[15:31:06.979]: (0.2, 3.0, 3.8) 65
[15:31:07.001]: (0.2, 3.0, 3.8) 65
[15:31:07.022]: (0.1, 2.7, 3.1) 1
[15:31:07.047]: (0.2, 2.9, 3.8) 65
[15:31:07.067]: (0.2, 2.9, 3.8) 65
[15:31:07.093]: (0.2, 2.9, 3.8) 65
[15:31:07.114]: (0.1, 2.6, 3.1) 1
[15:31:07.137]: (0.1, 2.6, 3.1) 1
[15:31:07.253]: (0.0, 2.7, 2.9) 3
[15:31:07.277]: (-0.1, 2.3, 1.8) 60
[15:31:07.299]: (-0.1, 2.3, 1.8) 60
[15:31:07.320]: (-0.1, 2.3, 1.8) 60
[15:31:07.450]: (-0.2, 2.7, 2.8) 6
[15:31:07.472]: (-0.2, 2.7, 2.7) 6
[15:31:07.494]: (-0.5, 2.8, 2.9) 7
[15:31:07.515]: (-0.6, 2.9, 2.9) 7
[15:31:07.683]: (-0.3, 3.2, 2.8) 4
[15:31:07.706]: (-0.3, 3.2, 2.8) 4
[15:31:07.733]: (-0.4, 3.3, 2.6) 1
[15:31:07.756]: (-0.3, 3.3, 2.6) 1
[15:31:07.778]: (-0.3, 3.3, 2.6) 1
[15:31:07.898]: (-0.3, 3.3, 2.6) 1
[15:31:07.915]: (-0.3, 3.3, 2.6) 1
[15:31:07.933]: (-0.3, 3.3, 2.6) 1
[15:31:07.952]: (-0.3, 3.2, 2.7) 1
[15:31:07.969]: (-0.3, 3.2, 2.7) 1
[15:31:07.987]: (-0.3, 3.2, 2.7) 1
[15:31:08.004]: (-0.3, 3.2, 2.6) 1
[15:31:08.023]: (-0.3, 3.3, 2.6) 1
[15:31:08.055]: (-0.4, 3.3, 2.6) 5
[15:31:08.078]: (-0.4, 3.3, 2.6) 5
[15:31:08.099]: (-0.4, 3.3, 2.6) 5
[15:31:08.123]: (-0.4, 3.7, 3.3) 65
[15:31:08.144]: (-0.4, 3.3, 2.6) 5
[15:31:08.167]: (-0.4, 3.7, 3.3) 65
[15:31:08.189]: (-0.4, 3.3, 2.6) 5
[15:31:08.212]: (-0.4, 3.3, 2.6) 5
[15:31:08.233]: (-0.4, 3.3, 2.6) 5
[15:31:08.255]: (-0.4, 3.3, 2.6) 5
[15:31:08.277]: (-0.4, 3.3, 2.6) 5
[15:31:08.301]: (-0.4, 3.2, 2.6) 5
[15:31:08.323]: (-0.4, 3.2, 2.6) 5
[15:31:08.348]: (-0.4, 3.2, 2.6) 5
[15:31:08.369]: (-0.4, 3.2, 2.6) 5
[15:31:08.394]: (-0.4, 3.2, 2.6) 5
[15:31:08.416]: (-0.4, 3.2, 2.6) 5
[15:31:08.439]: (-0.5, 3.7, 3.4) 65
[15:31:08.461]: (-0.5, 3.7, 3.6) 66
[15:31:09.144]: (0.1, 2.9, 2.8) 7
[15:31:09.166]: (0.1, 2.9, 2.8) 7
[15:31:09.414]: (0.3, 2.8, 2.7) 3
[15:31:09.433]: (0.3, 2.7, 2.6) 8
[15:31:09.624]: (0.3, 2.8, 2.7) 3
[15:31:09.642]: (0.3, 2.9, 2.6) 3
[15:31:09.659]: (0.3, 3.0, 2.7) 1
[15:31:09.677]: (0.3, 2.9, 2.6) 3
[15:31:09.744]: (0.3, 2.9, 2.7) 3
[15:31:09.763]: (0.3, 2.8, 2.6) 8
[15:31:09.785]: (0.3, 2.8, 2.6) 8
[15:31:09.809]: (0.3, 2.8, 2.6) 8
[15:31:09.831]: (0.3, 2.9, 2.6) 3
[15:31:09.853]: (0.3, 2.9, 2.6) 3
[15:31:09.874]: (0.3, 2.9, 2.6) 3
[15:31:10.315]: (0.7, 3.0, 2.6) 4
[15:31:10.350]: (0.8, 3.0, 2.5) 1
[15:31:10.582]: (0.9, 2.7, 2.4) 8
[15:31:10.747]: (0.9, 3.1, 2.4) 1
[15:31:10.770]: (0.9, 3.1, 2.4) 1
[15:31:10.791]: (0.9, 3.1, 2.4) 1
[15:31:10.814]: (0.9, 3.1, 2.4) 1
[15:31:10.837]: (0.9, 3.1, 2.4) 1
[15:31:10.858]: (0.9, 3.1, 2.4) 1
[15:31:10.880]: (0.9, 3.1, 2.4) 1
[15:31:10.905]: (0.9, 3.1, 2.4) 1
[15:31:10.928]: (0.9, 3.1, 2.4) 1
[15:31:10.951]: (0.9, 3.1, 2.4) 1
[15:31:10.971]: (0.9, 3.1, 2.4) 1
[15:31:10.993]: (0.9, 3.1, 2.4) 1
[15:31:11.013]: (0.9, 3.1, 2.4) 1
[15:31:11.035]: (0.9, 3.1, 2.5) 1
[15:31:13.269]: (0.8, 5.0, 4.3) 25
[15:31:13.412]: (1.1, 3.8, 3.2) 68
[15:31:13.435]: (1.4, 3.4, 2.9) 67
[15:31:13.502]: (1.4, 3.3, 3.0) 67
[15:31:13.525]: (0.9, 2.8, 2.2) 8
[15:31:13.546]: (0.9, 2.8, 2.2) 8
[15:31:13.568]: (0.9, 2.8, 2.2) 8
[15:31:13.588]: (0.9, 2.8, 2.2) 8
[15:31:13.612]: (1.0, 2.8, 2.2) 8
[15:31:13.636]: (0.9, 2.8, 2.2) 8
[15:31:13.656]: (0.9, 2.8, 2.2) 8
[15:31:13.680]: (0.9, 2.8, 2.2) 8
[15:31:13.703]: (0.9, 2.8, 2.2) 8
[15:31:13.725]: (0.9, 2.8, 2.2) 8
[15:31:13.746]: (0.9, 2.8, 2.2) 8
[15:31:13.769]: (0.9, 2.8, 2.2) 8
[15:31:13.791]: (0.9, 2.8, 2.2) 8
[15:31:13.814]: (0.9, 2.8, 2.2) 8
[15:31:13.837]: (0.9, 2.8, 2.2) 8
[15:31:13.861]: (0.9, 2.8, 2.2) 8
[15:31:13.883]: (0.9, 2.8, 2.3) 8
[15:31:13.904]: (0.9, 2.8, 2.3) 8
[15:31:13.927]: (0.9, 2.8, 2.3) 8
[15:31:13.951]: (0.9, 2.8, 2.3) 8
[15:31:13.973]: (0.9, 2.8, 2.3) 8
[15:31:13.994]: (0.9, 2.8, 2.3) 8
[15:31:14.017]: (0.9, 2.8, 2.3) 8
[15:31:14.037]: (0.9, 2.9, 2.3) 8
[15:31:14.061]: (1.0, 2.9, 2.4) 3
[15:31:14.083]: (1.0, 2.9, 2.4) 3
[15:31:14.105]: (0.9, 2.9, 2.4) 3
[15:31:14.127]: (0.9, 2.9, 2.4) 3
[15:31:14.149]: (0.9, 2.9, 2.4) 3
[15:31:14.171]: (0.9, 2.9, 2.4) 3
[15:31:14.194]: (0.9, 2.9, 2.4) 3
[15:31:14.217]: (0.9, 2.9, 2.4) 3
[15:31:14.238]: (0.9, 2.9, 2.4) 3
[15:31:14.284]: (1.0, 3.0, 2.5) 4
[15:31:14.306]: (1.0, 3.1, 2.5) 4
[15:31:14.328]: (1.0, 3.1, 2.5) 4
[15:31:14.351]: (1.0, 3.1, 2.5) 4
[15:31:14.373]: (1.0, 3.1, 2.5) 4
[15:31:14.397]: (1.0, 3.0, 2.5) 1
[15:31:14.419]: (1.0, 3.0, 2.5) 1
[15:31:14.441]: (1.0, 3.0, 2.4) 3
[15:31:14.462]: (0.9, 2.9, 2.4) 3
[15:31:14.486]: (0.9, 2.9, 2.4) 3
[15:31:14.507]: (1.4, 3.5, 3.2) 63
[15:31:14.570]: (1.3, 3.3, 3.1) 67
[15:31:14.593]: (1.2, 3.3, 3.1) 67
[15:31:14.616]: (1.2, 3.3, 3.1) 67
[15:31:14.637]: (1.2, 3.3, 3.1) 67
[15:31:14.660]: (0.8, 3.0, 2.6) 4
[15:31:14.683]: (0.8, 3.0, 2.6) 4
[15:31:14.706]: (0.8, 2.9, 2.5) 3
[15:31:14.819]: (0.7, 2.9, 2.5) 3
[15:31:15.028]: (0.6, 3.0, 2.4) 3
[15:31:15.050]: (0.6, 3.0, 2.4) 3
[15:31:15.071]: (0.6, 3.0, 2.4) 3
[15:31:15.094]: (0.6, 3.0, 2.4) 3
[15:31:15.115]: (0.6, 3.0, 2.4) 3
[15:31:15.138]: (0.6, 3.0, 2.4) 3
[15:31:15.158]: (0.6, 3.0, 2.4) 3
[15:31:15.182]: (0.6, 3.0, 2.4) 3
[15:31:15.203]: (0.6, 2.9, 2.3) 8
[15:31:15.679]: (1.5, 2.1, 1.5) 54
[15:31:15.713]: (1.5, 2.1, 1.4) 54
[15:31:15.979]: (1.0, 1.6, 0.5) 50
[15:31:16.011]: (1.0, 1.5, 0.5) 50
[15:31:16.036]: (1.0, 1.5, 0.5) 50
[15:31:16.060]: (1.0, 1.5, 0.5) 50
[15:31:16.082]: (1.0, 1.6, 0.5) 50
[15:31:16.105]: (1.0, 1.6, 0.6) 50
[15:31:16.126]: (1.0, 1.5, 0.6) 50
[15:31:16.389]: (1.0, 1.7, 0.7) 48
[15:31:16.413]: (1.0, 1.7, 0.8) 48
[15:31:16.436]: (1.0, 1.7, 0.8) 48
[15:31:16.567]: (0.9, 1.7, 0.8) 48
[15:31:16.588]: (0.9, 1.7, 0.8) 48
[15:31:16.611]: (0.9, 1.7, 0.8) 48
[15:31:16.634]: (0.9, 1.7, 0.8) 48
[15:31:16.656]: (0.9, 1.7, 0.8) 48
[15:31:16.679]: (0.9, 1.7, 0.8) 48
[15:31:16.700]: (0.9, 1.7, 0.8) 48
[15:31:16.723]: (0.9, 1.7, 0.8) 48
[15:31:16.745]: (0.9, 1.7, 0.8) 48
[15:31:16.766]: (0.9, 1.7, 0.8) 48
[15:31:16.790]: (0.9, 1.7, 0.8) 48
[15:31:16.812]: (0.9, 1.7, 0.9) 48
[15:31:16.928]: (0.9, 1.7, 0.9) 48
[15:31:16.997]: (1.0, 1.7, 0.9) 46
[15:31:17.020]: (1.2, 1.8, 1.1) 43
[15:31:17.044]: (0.9, 1.8, 0.8) 48
[15:31:17.068]: (0.9, 1.8, 0.8) 48
[15:31:17.091]: (0.9, 1.8, 0.8) 48
[15:31:17.114]: (0.9, 1.8, 0.8) 48
[15:31:17.142]: (0.9, 1.8, 0.8) 48
[15:31:17.168]: (0.9, 1.8, 0.8) 48
[15:31:17.196]: (0.9, 1.8, 0.8) 48
[15:31:17.222]: (0.9, 1.8, 0.8) 48
[15:31:17.245]: (0.9, 1.8, 0.8) 48
[15:31:17.269]: (0.9, 1.8, 0.8) 48
[15:31:17.297]: (0.9, 1.8, 0.8) 48
[15:31:17.318]: (0.9, 1.8, 0.8) 48
[15:31:17.343]: (0.9, 1.8, 0.8) 48
[15:31:17.366]: (0.9, 1.8, 0.8) 48
[15:31:17.414]: (2.0, 2.1, 1.6) 40
[15:31:17.463]: (1.0, 1.8, 0.8) 48
[15:31:17.488]: (1.0, 1.8, 0.8) 48
[15:31:17.512]: (1.0, 1.8, 0.8) 48
[15:31:17.539]: (1.0, 1.8, 0.8) 48
[15:31:17.564]: (1.0, 1.8, 0.8) 48
[15:31:17.588]: (1.0, 1.8, 0.8) 48
[15:31:17.612]: (1.0, 1.8, 0.8) 48
[15:31:17.639]: (1.0, 1.8, 0.8) 48
[15:31:17.666]: (1.0, 1.8, 0.8) 48
[15:31:17.690]: (1.0, 1.8, 0.8) 48
[15:31:17.713]: (1.0, 1.8, 0.8) 48
[15:31:17.738]: (1.0, 1.8, 0.8) 48
[15:31:17.991]: (2.1, 2.7, 2.4) 29
[15:31:18.013]: (2.1, 2.7, 2.4) 29
[15:31:18.036]: (2.1, 2.7, 2.4) 32
[15:31:18.071]: (2.1, 2.7, 2.4) 29
[15:31:18.105]: (2.1, 2.7, 2.4) 29
[15:31:18.139]: (0.7, 1.9, 0.8) 44
[15:31:18.467]: (1.0, 2.1, 1.7) 51
[15:31:18.665]: (0.9, 2.5, 2.7) 57
[15:31:18.724]: (0.0, 2.8, 2.5) 8
[15:31:19.211]: (1.5, 2.8, 2.1) 3
[15:31:19.233]: (1.5, 2.8, 2.1) 3
[15:31:19.255]: (1.5, 2.8, 2.1) 3
[15:31:19.277]: (1.5, 2.8, 2.1) 3
[15:31:19.299]: (1.5, 2.8, 2.1) 3
[15:31:19.323]: (1.5, 2.8, 2.1) 3
[15:31:19.345]: (1.5, 2.8, 2.1) 3
[15:31:19.367]: (1.5, 2.8, 2.1) 3
[15:31:19.389]: (1.5, 2.8, 2.1) 3
[15:31:19.412]: (1.5, 2.8, 2.1) 3
[15:31:19.436]: (1.5, 2.8, 2.1) 3
[15:31:19.458]: (1.5, 2.8, 2.2) 3
[15:31:19.480]: (1.5, 2.8, 2.2) 3
[15:31:19.502]: (1.5, 2.8, 2.2) 3
[15:31:19.679]: (0.9, 3.4, 2.7) 14
[15:31:19.766]: (1.0, 3.4, 2.9) 11
[15:31:19.788]: (0.9, 3.2, 2.6) 13
[15:31:19.809]: (0.9, 3.2, 2.6) 13
[15:31:19.833]: (0.9, 3.2, 2.6) 13
[15:31:19.854]: (1.1, 3.3, 2.9) 11
[15:31:20.082]: (1.1, 3.3, 2.9) 11
[15:31:20.100]: (1.0, 3.3, 2.9) 11
[15:31:20.118]: (1.0, 3.3, 2.9) 11
[15:31:20.136]: (1.0, 3.3, 2.9) 11
[15:31:20.186]: (1.5, 2.9, 2.3) 5
[15:31:20.202]: (1.5, 2.8, 2.3) 5
[15:31:20.220]: (1.5, 2.9, 2.3) 5
[15:31:20.240]: (1.5, 2.9, 2.3) 5
[15:31:20.258]: (1.5, 2.9, 2.3) 1
[15:31:20.866]: (-0.1, 1.8, 2.0) 60
[15:31:20.971]: (0.4, 2.0, 4.3) 16
[15:31:21.023]: (0.3, 2.0, 4.3) 18
[15:31:21.042]: (0.3, 2.0, 4.3) 18
[15:31:21.060]: (0.3, 2.0, 4.3) 18
[15:31:21.078]: (0.3, 2.0, 4.3) 18
[15:31:21.095]: (0.3, 2.0, 4.3) 18
[15:31:21.112]: (0.4, 2.0, 4.3) 16
[15:31:21.144]: (0.4, 2.0, 4.3) 18
[15:31:21.162]: (0.3, 2.0, 4.3) 18
[15:31:21.178]: (0.3, 2.0, 4.3) 18
[15:31:22.149]: (0.7, 2.9, 2.7) 1
[15:31:22.170]: (0.7, 2.9, 2.7) 1
[15:31:22.194]: (0.7, 2.8, 2.7) 1
[15:31:22.241]: (0.8, 2.8, 2.6) 1
[15:31:22.264]: (0.8, 2.8, 2.6) 1
[15:31:22.286]: (0.8, 2.8, 2.6) 1
[15:31:22.302]: (0.8, 2.8, 2.6) 1
[15:31:22.320]: (0.8, 2.8, 2.6) 1
[15:31:22.337]: (0.8, 2.8, 2.6) 1
[15:31:22.356]: (0.9, 2.8, 2.6) 1
[15:31:22.376]: (0.9, 2.8, 2.7) 4
[15:31:22.393]: (0.8, 2.7, 2.5) 3
[15:31:22.410]: (0.8, 2.7, 2.5) 3
[15:31:22.428]: (0.8, 2.7, 2.5) 3
[15:31:22.445]: (0.8, 2.7, 2.5) 3
[15:31:22.462]: (0.8, 2.6, 2.5) 3
[15:31:22.483]: (0.8, 2.6, 2.5) 3
[15:31:22.506]: (0.8, 2.6, 2.6) 3
[15:31:22.528]: (0.7, 2.9, 2.6) 5
[15:31:22.551]: (0.9, 3.3, 3.3) 65
[15:31:22.574]: (1.0, 3.4, 3.5) 66
[15:31:22.685]: (0.9, 3.5, 3.5) 68
[15:31:22.708]: (0.6, 2.8, 2.7) 7
[15:31:22.731]: (0.6, 2.8, 2.7) 7
[15:31:22.754]: (0.6, 2.8, 2.7) 7
[15:31:22.776]: (0.6, 2.8, 2.7) 7
[15:31:22.798]: (0.8, 2.8, 2.6) 1
[15:31:22.821]: (1.2, 3.0, 3.2) 67
[15:31:22.867]: (0.9, 2.7, 2.6) 1
[15:31:22.888]: (0.9, 2.7, 2.6) 1
[15:31:22.909]: (0.9, 2.7, 2.6) 1
[15:31:22.932]: (1.0, 2.7, 2.6) 1
[15:31:22.955]: (0.9, 2.7, 2.5) 3
[15:31:22.980]: (0.9, 2.7, 2.5) 3
[15:31:23.004]: (0.9, 2.7, 2.5) 3
[15:31:23.026]: (0.9, 2.7, 2.5) 3
[15:31:23.049]: (0.9, 2.7, 2.5) 3
[15:31:23.071]: (1.3, 3.0, 3.1) 67
[15:31:23.093]: (1.0, 2.7, 2.3) 8
[15:31:23.114]: (1.1, 2.8, 2.6) 0
[15:31:23.137]: (1.0, 2.7, 2.4) 3
[15:31:23.159]: (1.0, 2.8, 2.4) 3
[15:31:23.181]: (1.1, 2.8, 2.6) 0
[15:31:23.461]: (1.2, 2.8, 2.3) 3
[15:31:23.480]: (1.2, 2.8, 2.3) 3
[15:31:23.497]: (1.2, 2.8, 2.3) 3
[15:31:23.520]: (1.2, 2.8, 2.3) 3
[15:31:23.543]: (1.2, 2.8, 2.3) 3
[15:31:23.558]: (1.2, 2.8, 2.3) 3
[15:31:23.575]: (1.2, 2.8, 2.3) 3
[15:31:23.594]: (1.2, 2.8, 2.3) 3
[15:31:23.610]: (1.2, 2.8, 2.3) 3
[15:31:23.628]: (1.2, 2.8, 2.3) 3
[15:31:23.650]: (1.2, 2.8, 2.3) 3
[15:31:23.672]: (1.2, 2.8, 2.3) 3
[15:31:23.694]: (1.2, 2.8, 2.3) 3
[15:31:23.716]: (1.2, 2.8, 2.3) 3
[15:31:23.738]: (1.2, 2.8, 2.3) 3
[15:31:23.761]: (1.2, 2.8, 2.3) 3
[15:31:23.783]: (1.2, 2.8, 2.3) 3
[15:31:23.806]: (1.2, 2.8, 2.3) 3
[15:31:23.827]: (1.2, 2.8, 2.3) 3
[15:31:23.852]: (1.2, 2.8, 2.3) 3
[15:31:23.873]: (1.2, 2.9, 2.3) 1
[15:31:23.895]: (1.2, 2.9, 2.4) 1
[15:31:23.915]: (1.2, 2.9, 2.3) 1
[15:31:23.940]: (1.2, 2.9, 2.4) 1
[15:31:23.961]: (1.2, 2.9, 2.4) 1
[15:31:23.983]: (1.2, 2.9, 2.4) 1
[15:31:24.000]: (1.2, 2.9, 2.4) 1
[15:31:24.017]: (1.2, 2.9, 2.4) 1
[15:31:24.034]: (1.2, 2.9, 2.4) 1
[15:31:24.052]: (1.2, 2.9, 2.4) 1
[15:31:24.069]: (1.2, 2.9, 2.3) 1
[15:31:24.086]: (1.2, 3.0, 2.4) 1
[15:31:24.149]: (1.1, 3.0, 2.4) 5
[15:31:24.561]: (1.2, 2.7, 2.2) 8
[15:31:24.627]: (1.4, 2.7, 2.3) 2
[15:31:24.650]: (1.3, 2.7, 2.3) 2
[15:31:24.672]: (1.3, 2.7, 2.3) 2
[15:31:24.695]: (1.3, 2.7, 2.2) 6
[15:31:24.716]: (1.3, 2.7, 2.2) 6
[15:31:24.739]: (1.3, 2.7, 2.2) 6
[15:31:24.760]: (1.3, 2.7, 2.2) 6
[15:31:24.782]: (1.4, 2.7, 2.3) 2
[15:31:25.823]: (1.1, 2.8, 2.3) 3
[15:31:26.035]: (0.9, 2.4, 1.4) 61
[15:31:26.052]: (0.9, 2.4, 1.4) 61
[15:31:26.069]: (0.9, 2.4, 1.4) 61
[15:31:26.086]: (0.9, 2.4, 1.3) 61
[15:31:26.103]: (0.9, 2.4, 1.3) 61
[15:31:26.120]: (0.9, 2.4, 1.3) 61
[15:31:26.471]: (0.9, 2.4, 1.3) 61
[15:31:26.494]: (0.9, 2.4, 1.3) 61
[15:31:26.516]: (0.9, 2.4, 1.3) 61
[15:31:26.539]: (0.9, 2.4, 1.3) 61
[15:31:26.559]: (0.9, 2.4, 1.3) 61
[15:31:26.582]: (0.9, 2.4, 1.3) 61
[15:31:26.605]: (0.9, 2.4, 1.3) 61
[15:31:26.622]: (0.9, 2.4, 1.3) 61
[15:31:26.640]: (0.9, 2.4, 1.3) 61
[15:31:26.657]: (0.9, 2.4, 1.3) 61
[15:31:26.675]: (0.9, 2.4, 1.3) 61
[15:31:26.693]: (0.9, 2.4, 1.3) 61
[15:31:26.711]: (0.9, 2.4, 1.3) 61
[15:31:26.727]: (0.9, 2.4, 1.3) 61
[15:31:26.745]: (0.9, 2.4, 1.3) 61
[15:31:26.761]: (0.9, 2.4, 1.3) 61
[15:31:26.778]: (0.9, 2.4, 1.3) 61
[15:31:26.795]: (0.9, 2.4, 1.3) 61
[15:31:26.812]: (0.9, 2.4, 1.3) 61
[15:31:26.828]: (0.9, 2.4, 1.3) 61
[15:31:26.846]: (0.9, 2.4, 1.3) 61
[15:31:26.863]: (0.9, 2.4, 1.3) 61
[15:31:26.879]: (0.9, 2.4, 1.3) 61
[15:31:26.897]: (0.9, 2.4, 1.3) 61
[15:31:26.917]: (0.9, 2.4, 1.3) 61
[15:31:26.934]: (0.9, 2.4, 1.3) 61
[15:31:26.951]: (0.9, 2.4, 1.3) 61
[15:31:26.969]: (0.9, 2.4, 1.3) 61
[15:31:26.986]: (0.9, 2.4, 1.3) 61
[15:31:27.004]: (1.0, 2.9, 2.4) 7
[15:31:27.021]: (1.0, 2.9, 2.4) 7
[15:31:27.039]: (1.0, 2.9, 2.4) 7
[15:31:27.057]: (1.0, 2.9, 2.4) 7
[15:31:27.075]: (1.0, 2.9, 2.4) 7
[15:31:27.092]: (1.0, 2.9, 2.4) 7
[15:31:27.111]: (1.0, 2.9, 2.4) 7
[15:31:27.128]: (1.0, 2.9, 2.4) 7
[15:31:27.145]: (1.0, 2.9, 2.4) 7
[15:31:27.162]: (1.0, 2.9, 2.4) 7
[15:31:27.181]: (1.0, 2.9, 2.4) 7
[15:31:27.204]: (1.0, 2.9, 2.4) 7
[15:31:27.229]: (1.0, 2.9, 2.4) 7
[15:31:27.514]: (1.4, 3.5, 3.0) 65
[15:31:27.536]: (1.4, 3.6, 3.2) 68
[15:31:27.554]: (1.4, 3.4, 3.0) 65
[15:31:27.635]: (1.4, 3.6, 3.2) 68
[15:31:27.652]: (1.4, 3.6, 3.1) 68
[15:31:27.669]: (1.4, 3.5, 3.0) 65
[15:31:27.686]: (1.0, 3.0, 2.3) 5
[15:31:27.703]: (1.1, 3.0, 2.3) 5
[15:31:27.720]: (1.1, 3.0, 2.3) 5
[15:31:27.737]: (1.1, 3.0, 2.4) 5
[15:31:27.755]: (1.2, 3.0, 2.4) 1
[15:31:27.772]: (1.2, 2.9, 2.4) 1
[15:31:27.791]: (1.2, 2.9, 2.4) 1
[15:31:27.809]: (1.2, 2.9, 2.4) 1
[15:31:27.826]: (1.2, 2.9, 2.3) 3
[15:31:27.846]: (1.2, 2.9, 2.3) 3
[15:31:27.862]: (1.2, 2.8, 2.3) 3
[15:31:27.878]: (1.2, 2.9, 2.4) 1
[15:31:27.895]: (1.2, 2.9, 2.4) 1
[15:31:27.912]: (1.2, 2.9, 2.4) 4
[15:31:27.931]: (1.2, 2.9, 2.4) 4
[15:31:27.949]: (1.1, 2.8, 2.3) 3
[15:31:27.965]: (1.2, 2.9, 2.4) 4
[15:31:28.137]: (1.1, 3.0, 2.3) 5
[15:31:28.159]: (1.1, 2.9, 2.4) 5
[15:31:28.226]: (1.1, 2.9, 2.4) 5
[15:31:28.247]: (1.0, 3.0, 2.3) 5
[15:31:28.270]: (1.0, 3.0, 2.3) 5
[15:31:28.292]: (1.0, 3.0, 2.3) 5
[15:31:28.314]: (1.0, 3.0, 2.3) 5
[15:31:28.338]: (1.0, 3.0, 2.3) 5
[15:31:28.359]: (1.0, 3.0, 2.3) 5
[15:31:28.381]: (1.1, 3.0, 2.3) 5
[15:31:28.404]: (1.1, 3.0, 2.3) 5
[15:31:28.632]: (1.5, 3.4, 3.1) 64
[15:31:28.648]: (1.1, 3.0, 2.4) 5
[15:31:28.665]: (1.1, 3.0, 2.4) 5
[15:31:28.682]: (1.1, 3.0, 2.3) 5
[15:31:28.699]: (1.5, 3.4, 3.1) 64
[15:31:28.812]: (1.1, 2.9, 2.5) 4
[15:31:28.830]: (1.1, 2.9, 2.4) 1
[15:31:28.848]: (1.1, 2.9, 2.4) 1
[15:31:28.868]: (1.1, 2.9, 2.4) 1
[15:31:29.078]: (0.8, 2.9, 2.5) 7
[15:31:29.109]: (0.8, 3.0, 2.5) 7
[15:31:29.340]: (1.1, 3.0, 2.4) 1
[15:31:29.374]: (1.1, 3.0, 2.4) 1
[15:31:29.440]: (1.1, 3.0, 2.3) 7
[15:31:29.472]: (1.1, 3.0, 2.3) 7
[15:31:29.572]: (1.4, 3.0, 2.2) 1
[15:31:29.606]: (1.4, 3.0, 2.2) 1
[15:31:29.643]: (1.4, 3.0, 2.2) 1
[15:31:29.907]: (1.3, 2.9, 2.2) 3
[15:31:29.933]: (1.3, 2.8, 2.2) 3
[15:31:29.956]: (1.2, 2.9, 2.2) 3
[15:31:29.977]: (1.2, 2.9, 2.2) 3
[15:31:29.995]: (1.2, 2.8, 2.2) 3
[15:31:30.015]: (1.2, 2.8, 2.2) 3
[15:31:30.040]: (1.2, 2.8, 2.2) 3
[15:31:30.061]: (1.2, 2.8, 2.2) 3
[15:31:30.080]: (1.3, 2.8, 2.3) 3
[15:31:30.104]: (1.1, 2.9, 2.4) 5
[15:31:30.192]: (1.6, 3.3, 3.1) 64
[15:31:30.214]: (1.6, 3.3, 3.1) 64
[15:31:30.236]: (1.6, 3.3, 3.1) 64
[15:31:30.258]: (1.6, 3.4, 3.1) 64
[15:31:30.280]: (1.6, 3.3, 3.1) 64
[15:31:30.569]: (1.6, 3.4, 3.1) 64
[15:31:30.612]: (1.1, 2.9, 2.4) 5
