[15:59:06.744]: (-0.9, -0.5, 0.2) 8
[15:59:06.770]: (-0.8, -0.6, 0.2) 0
[15:59:07.498]: (-0.5, 1.2, 2.1) 26
[15:59:07.521]: (-0.5, 1.2, 2.1) 26
[15:59:07.546]: (-0.5, 1.2, 2.1) 26
[15:59:07.567]: (-0.5, 1.3, 2.1) 26
[15:59:07.585]: (-0.5, 1.3, 2.1) 26
[15:59:07.606]: (-0.5, 1.3, 2.1) 16
[15:59:07.627]: (-0.4, 1.4, 2.1) 27
[15:59:07.985]: (0.1, 1.4, 1.6) 14
[15:59:08.004]: (0.2, 1.4, 1.5) 8
[15:59:08.337]: (0.2, 1.5, 1.4) 8
[15:59:08.360]: (0.3, 1.5, 1.5) 0
[15:59:08.666]: (0.3, 2.1, 1.2) 0
[15:59:08.688]: (0.3, 2.1, 1.2) 0
[15:59:08.712]: (0.3, 2.1, 1.2) 0
[15:59:08.755]: (0.3, 2.2, 1.1) 1
[15:59:08.779]: (0.3, 2.2, 1.1) 1
[15:59:08.821]: (0.3, 2.3, 1.2) 9
[15:59:08.844]: (0.3, 2.3, 1.2) 9
[15:59:08.867]: (0.2, 2.2, 1.1) 1
[15:59:08.889]: (0.2, 2.2, 1.1) 1
[15:59:08.913]: (0.2, 2.2, 1.1) 1
[15:59:08.935]: (0.2, 2.2, 1.1) 1
[15:59:08.957]: (0.2, 2.2, 1.1) 1
[15:59:08.978]: (0.3, 2.3, 1.2) 9
[15:59:09.089]: (0.3, 2.3, 1.2) 9
[15:59:09.110]: (0.2, 2.2, 1.1) 1
[15:59:09.128]: (0.2, 2.2, 1.1) 1
[15:59:09.144]: (0.2, 2.2, 1.1) 1
[15:59:09.162]: (0.2, 2.2, 1.1) 1
[15:59:09.182]: (0.2, 2.2, 1.1) 1
[15:59:09.204]: (0.2, 2.2, 1.0) 1
[15:59:09.227]: (0.2, 2.2, 1.0) 1
[15:59:09.248]: (0.2, 2.1, 0.9) 10
[15:59:09.271]: (0.2, 2.1, 0.9) 10
[15:59:09.292]: (0.2, 2.1, 0.8) 10
[15:59:09.315]: (0.2, 2.1, 0.8) 10
[15:59:09.337]: (0.2, 2.1, 0.8) 10
[15:59:09.359]: (0.2, 2.1, 0.8) 10
[15:59:09.383]: (0.2, 2.1, 0.8) 10
[15:59:09.403]: (0.2, 2.1, 0.8) 10
[15:59:09.426]: (0.2, 2.1, 0.8) 10
[15:59:09.449]: (0.2, 2.1, 0.8) 10
[15:59:09.470]: (0.2, 2.1, 0.8) 10
[15:59:09.493]: (0.2, 2.1, 0.8) 10
[15:59:09.515]: (0.2, 2.1, 0.8) 10
[15:59:09.538]: (0.2, 2.1, 0.8) 10
[15:59:09.559]: (0.2, 2.1, 0.8) 10
[15:59:09.581]: (0.2, 2.1, 0.9) 10
[15:59:09.604]: (0.2, 2.2, 1.1) 1
[15:59:09.621]: (0.1, 2.3, 1.2) 7
[15:59:09.653]: (-0.2, 2.3, 1.6) 31
[15:59:09.671]: (-0.2, 2.3, 1.6) 31
[15:59:09.688]: (-0.2, 2.3, 1.7) 31
[15:59:09.704]: (-0.3, 2.3, 1.7) 31
[15:59:09.738]: (-0.3, 2.3, 1.7) 31
[15:59:09.755]: (-0.2, 2.3, 1.7) 31
[15:59:09.772]: (-0.2, 2.3, 1.7) 31
[15:59:09.790]: (-0.2, 2.3, 1.7) 31
[15:59:09.807]: (-0.2, 2.3, 1.7) 31
[15:59:09.825]: (-0.2, 2.3, 1.7) 31
[15:59:09.845]: (-0.2, 2.3, 1.7) 31
[15:59:09.952]: (-0.2, 2.3, 1.7) 16
[15:59:09.973]: (-0.3, 2.3, 1.7) 16
[15:59:09.996]: (-0.3, 2.3, 1.7) 26
[15:59:10.017]: (-0.3, 2.3, 1.7) 26
[15:59:10.037]: (-0.3, 2.4, 1.6) 26
[15:59:10.058]: (-0.3, 2.4, 1.7) 16
[15:59:10.080]: (-0.3, 2.4, 1.6) 16
[15:59:10.102]: (-0.2, 2.5, 1.5) 31
[15:59:10.165]: (-0.3, 2.6, 1.6) 19
[15:59:10.190]: (-0.4, 2.5, 1.4) 27
[15:59:10.213]: (-0.4, 2.5, 1.4) 27
[15:59:10.235]: (-0.4, 2.5, 1.4) 27
[15:59:10.264]: (-0.5, 2.6, 1.8) 23
[15:59:10.296]: (-0.5, 2.8, 1.7) 25
[15:59:10.464]: (-0.3, 2.7, 1.6) 18
[15:59:10.497]: (-0.3, 2.6, 1.5) 19
[15:59:10.563]: (-0.3, 2.6, 1.5) 19
[15:59:10.593]: (-0.3, 2.6, 1.5) 19
[15:59:10.626]: (-0.3, 2.6, 1.5) 19
[15:59:10.660]: (-0.3, 2.6, 1.5) 19
[15:59:10.698]: (-0.4, 2.6, 1.5) 19
[15:59:10.731]: (-0.4, 2.6, 1.5) 19
[15:59:10.759]: (-0.3, 2.6, 1.5) 19
[15:59:10.793]: (-0.3, 2.6, 1.5) 19
[15:59:10.892]: (0.3, 2.3, 0.8) 1
[15:59:10.915]: (0.3, 2.3, 0.8) 1
[15:59:10.937]: (0.3, 2.3, 0.8) 1
[15:59:10.958]: (0.3, 2.3, 0.8) 1
[15:59:10.981]: (0.3, 2.3, 0.8) 1
[15:59:11.003]: (0.3, 2.3, 0.8) 1
[15:59:11.026]: (0.3, 2.3, 0.8) 1
[15:59:11.048]: (0.3, 2.4, 0.9) 9
[15:59:11.069]: (0.3, 2.3, 0.8) 1
[15:59:11.114]: (0.3, 2.4, 0.9) 9
[15:59:11.136]: (0.3, 2.2, 0.7) 3
[15:59:11.162]: (0.3, 2.2, 0.6) 3
[15:59:11.181]: (0.3, 2.2, 0.6) 3
[15:59:11.204]: (0.3, 2.2, 0.7) 3
[15:59:11.226]: (0.4, 2.3, 0.8) 2
[15:59:11.247]: (0.4, 2.3, 0.8) 2
[15:59:11.270]: (0.4, 2.3, 0.8) 2
[15:59:11.294]: (0.4, 2.3, 0.8) 2
[15:59:11.314]: (0.3, 2.2, 0.7) 3
[15:59:11.336]: (0.3, 2.3, 0.8) 1
[15:59:11.359]: (0.3, 2.3, 0.8) 1
[15:59:11.381]: (0.3, 2.3, 0.8) 1
[15:59:11.403]: (0.3, 2.2, 0.6) 3
[15:59:11.426]: (0.3, 2.2, 0.6) 3
[15:59:11.448]: (0.3, 2.2, 0.7) 3
[15:59:11.469]: (0.3, 2.2, 0.6) 3
[15:59:11.492]: (0.3, 2.2, 0.6) 3
[15:59:11.514]: (0.3, 2.2, 0.6) 3
[15:59:11.536]: (0.3, 2.2, 0.6) 3
[15:59:11.559]: (0.3, 2.2, 0.6) 3
[15:59:11.581]: (0.3, 2.2, 0.6) 3
[15:59:11.604]: (0.3, 2.3, 0.7) 1
[15:59:11.630]: (0.3, 2.2, 0.7) 3
[15:59:11.651]: (0.3, 2.2, 0.7) 3
[15:59:11.676]: (0.3, 2.2, 0.6) 3
[15:59:11.698]: (0.3, 2.2, 0.6) 3
[15:59:11.722]: (0.3, 2.3, 0.7) 1
[15:59:11.742]: (0.2, 2.2, 0.5) 10
[15:59:11.768]: (0.3, 2.2, 0.6) 3
[15:59:11.791]: (0.2, 2.2, 0.5) 10
[15:59:11.814]: (0.2, 2.2, 0.5) 10
[15:59:11.835]: (0.2, 2.3, 0.6) 3
[15:59:11.857]: (0.2, 2.2, 0.5) 10
[15:59:11.877]: (0.2, 2.2, 0.5) 10
[15:59:11.900]: (0.1, 2.2, 0.5) 10
[15:59:11.920]: (0.1, 2.2, 0.4) 10
[15:59:11.942]: (0.1, 2.2, 0.4) 10
[15:59:11.965]: (0.1, 2.3, 0.5) 3
[15:59:11.988]: (0.2, 2.4, 0.6) 2
[15:59:12.008]: (0.1, 2.4, 0.6) 2
[15:59:12.030]: (0.1, 2.4, 0.6) 2
[15:59:12.052]: (0.1, 2.4, 0.6) 2
[15:59:12.074]: (0.1, 2.5, 0.6) 2
[15:59:12.182]: (-0.3, 2.7, 1.1) 32
[15:59:12.215]: (-0.4, 2.5, 1.1) 31
[15:59:12.232]: (-0.4, 2.5, 1.1) 31
[15:59:12.288]: (-0.6, 2.8, 1.4) 18
[15:59:12.305]: (-0.6, 2.8, 1.4) 18
[15:59:12.322]: (-0.6, 2.7, 1.4) 18
[15:59:12.339]: (-0.6, 2.7, 1.4) 18
[15:59:12.355]: (-0.6, 2.7, 1.4) 18
[15:59:12.388]: (-0.6, 2.7, 1.4) 18
[15:59:12.405]: (-0.6, 2.8, 1.4) 18
[15:59:12.422]: (-0.5, 2.7, 1.4) 18
[15:59:12.440]: (-0.6, 2.7, 1.4) 18
[15:59:12.457]: (-0.5, 2.7, 1.5) 18
[15:59:12.475]: (-0.6, 2.7, 1.4) 18
[15:59:12.492]: (-0.6, 2.7, 1.4) 18
[15:59:12.508]: (-0.6, 2.7, 1.4) 18
[15:59:12.526]: (-0.7, 2.8, 1.5) 29
[15:59:12.544]: (-0.6, 2.7, 1.4) 18
[15:59:12.591]: (-0.6, 2.6, 1.4) 17
[15:59:12.613]: (-0.6, 2.5, 1.3) 19
[15:59:12.636]: (-0.6, 2.5, 1.3) 19
[15:59:12.658]: (-0.6, 2.5, 1.3) 19
[15:59:12.681]: (-0.6, 2.5, 1.3) 19
[15:59:12.704]: (-0.6, 2.5, 1.3) 19
[15:59:12.725]: (-0.6, 2.5, 1.3) 19
[15:59:12.747]: (-0.6, 2.5, 1.3) 19
[15:59:12.770]: (-0.6, 2.6, 1.3) 19
[15:59:12.791]: (-0.6, 2.5, 1.3) 19
[15:59:12.814]: (-0.6, 2.5, 1.3) 19
[15:59:12.836]: (-0.6, 2.5, 1.3) 19
[15:59:12.858]: (-0.6, 2.6, 1.3) 19
[15:59:12.880]: (-0.6, 2.6, 1.3) 19
[15:59:12.903]: (-0.6, 2.6, 1.3) 19
[15:59:12.969]: (-0.5, 2.6, 1.3) 19
[15:59:12.991]: (-0.6, 2.6, 1.3) 19
[15:59:13.014]: (-0.6, 2.5, 1.3) 19
[15:59:13.040]: (-0.6, 2.5, 1.3) 19
[15:59:13.061]: (-0.5, 2.5, 1.3) 19
[15:59:13.084]: (-0.5, 2.4, 1.1) 27
[15:59:13.104]: (-0.5, 2.4, 1.1) 27
[15:59:13.127]: (-0.5, 2.4, 1.1) 27
[15:59:13.148]: (-0.5, 2.4, 1.1) 27
[15:59:13.172]: (-0.5, 2.4, 1.1) 27
[15:59:13.213]: (-0.5, 2.5, 1.2) 26
[15:59:13.332]: (-0.2, 2.3, 0.6) 14
[15:59:13.354]: (-0.1, 2.3, 0.6) 7
[15:59:13.376]: (-0.1, 2.3, 0.6) 7
[15:59:13.398]: (-0.1, 2.3, 0.6) 7
[15:59:13.422]: (-0.1, 2.3, 0.6) 7
[15:59:13.444]: (-0.1, 2.3, 0.6) 7
[15:59:13.467]: (-0.1, 2.3, 0.6) 7
[15:59:13.488]: (-0.1, 2.3, 0.6) 14
[15:59:13.510]: (-0.1, 2.3, 0.6) 14
[15:59:13.532]: (-0.1, 2.3, 0.6) 14
[15:59:13.554]: (-0.1, 2.3, 0.6) 14
[15:59:13.576]: (-0.1, 2.3, 0.6) 14
[15:59:13.598]: (-0.1, 2.3, 0.6) 14
[15:59:13.621]: (-0.1, 2.2, 0.6) 14
[15:59:13.643]: (-0.1, 2.2, 0.6) 14
[15:59:13.665]: (-0.1, 2.3, 0.6) 7
[15:59:13.688]: (-0.1, 2.3, 0.6) 7
[15:59:13.711]: (-0.1, 2.3, 0.6) 7
[15:59:13.734]: (-0.1, 2.3, 0.6) 7
[15:59:13.754]: (0.0, 2.3, 0.6) 7
[15:59:13.777]: (0.0, 2.3, 0.6) 7
[15:59:13.803]: (-0.1, 2.3, 0.6) 7
[15:59:13.841]: (-0.1, 2.3, 0.6) 7
[15:59:13.872]: (-0.1, 2.3, 0.6) 7
[15:59:13.902]: (-0.1, 2.3, 0.6) 7
[15:59:13.935]: (-0.1, 2.3, 0.6) 7
[15:59:13.969]: (-0.1, 2.2, 0.6) 14
[15:59:14.002]: (-0.1, 2.2, 0.6) 14
[15:59:14.035]: (-0.2, 2.3, 0.6) 14
[15:59:14.102]: (-0.6, 2.5, 0.8) 27
[15:59:14.136]: (-0.8, 2.7, 1.0) 15
[15:59:14.170]: (-0.7, 2.5, 0.8) 27
[15:59:14.203]: (-0.7, 2.5, 0.8) 27
[15:59:14.235]: (-0.7, 2.5, 0.8) 27
[15:59:14.269]: (-0.7, 2.5, 0.8) 27
[15:59:14.303]: (-0.7, 2.5, 0.8) 27
[15:59:14.335]: (-0.9, 2.6, 1.0) 24
[15:59:14.368]: (-0.7, 2.5, 0.9) 16
[15:59:14.402]: (-0.8, 2.6, 0.9) 28
[15:59:14.424]: (-0.8, 2.7, 1.1) 15
[15:59:14.446]: (-0.8, 2.7, 1.0) 15
[15:59:14.468]: (-0.9, 2.7, 1.0) 24
[15:59:14.490]: (-0.9, 2.7, 1.0) 24
[15:59:14.512]: (-0.9, 2.7, 1.0) 15
[15:59:14.535]: (-0.9, 2.7, 1.0) 15
[15:59:14.580]: (-0.8, 2.5, 0.8) 27
[15:59:14.625]: (-0.8, 2.5, 0.8) 27
[15:59:14.651]: (-0.8, 2.4, 0.8) 27
[15:59:14.671]: (-0.8, 2.4, 0.8) 27
[15:59:14.695]: (-0.8, 2.4, 0.8) 27
[15:59:14.717]: (-0.8, 2.4, 0.8) 27
[15:59:14.738]: (-0.8, 2.4, 0.8) 27
[15:59:14.762]: (-0.8, 2.5, 0.9) 19
[15:59:14.786]: (-0.8, 2.5, 0.9) 19
[15:59:14.808]: (-0.8, 2.5, 0.9) 19
[15:59:14.832]: (-0.8, 2.5, 0.9) 19
[15:59:14.852]: (-0.8, 2.5, 0.9) 19
[15:59:14.874]: (-0.8, 2.5, 0.9) 19
[15:59:14.897]: (-0.8, 2.5, 0.9) 19
[15:59:14.935]: (-0.7, 2.5, 0.8) 31
[15:59:14.983]: (-0.1, 2.2, 0.7) 7
[15:59:15.024]: (-0.1, 2.2, 0.7) 0
[15:59:15.046]: (-0.1, 2.2, 0.7) 0
[15:59:15.067]: (-0.1, 2.2, 0.7) 0
[15:59:15.091]: (-0.1, 2.2, 0.7) 0
[15:59:15.112]: (-0.1, 2.2, 0.7) 7
[15:59:15.135]: (-0.1, 2.2, 0.7) 7
[15:59:15.157]: (-0.1, 2.2, 0.7) 7
[15:59:15.180]: (-0.1, 2.2, 0.7) 7
[15:59:15.202]: (-0.1, 2.2, 0.7) 7
[15:59:15.224]: (-0.2, 2.2, 0.7) 7
[15:59:15.248]: (-0.2, 2.2, 0.7) 7
[15:59:15.270]: (-0.2, 2.2, 0.7) 7
[15:59:15.293]: (-0.2, 2.2, 0.6) 14
[15:59:15.314]: (-0.2, 2.2, 0.6) 14
[15:59:15.336]: (-0.2, 2.2, 0.6) 14
[15:59:15.358]: (-0.2, 2.2, 0.6) 14
[15:59:15.381]: (-0.2, 2.2, 0.6) 14
[15:59:15.403]: (-0.2, 2.2, 0.6) 14
[15:59:15.426]: (-0.2, 2.2, 0.6) 14
[15:59:15.447]: (-0.2, 2.2, 0.6) 14
[15:59:15.493]: (-0.7, 2.5, 0.8) 31
[15:59:15.515]: (-1.1, 2.7, 1.0) 25
[15:59:15.537]: (-1.1, 2.7, 1.0) 25
[15:59:15.559]: (-0.9, 2.6, 1.0) 17
[15:59:15.582]: (-0.9, 2.6, 0.9) 19
[15:59:15.627]: (-0.8, 2.4, 0.8) 27
[15:59:15.665]: (-0.9, 2.4, 0.8) 27
[15:59:15.681]: (-0.9, 2.4, 0.8) 27
[15:59:15.713]: (-0.8, 2.4, 0.8) 27
[15:59:15.730]: (-0.8, 2.4, 0.8) 27
[15:59:15.747]: (-0.9, 2.4, 0.8) 27
[15:59:15.765]: (-0.8, 2.4, 0.8) 27
[15:59:15.784]: (-0.8, 2.4, 0.8) 27
[15:59:15.801]: (-0.8, 2.4, 0.8) 27
[15:59:15.818]: (-0.8, 2.4, 0.8) 27
[15:59:15.835]: (-0.6, 2.4, 0.9) 31
[15:59:15.884]: (-0.3, 2.2, 0.6) 14
[15:59:15.915]: (-0.3, 2.2, 0.6) 14
[15:59:15.932]: (-0.3, 2.2, 0.6) 14
[15:59:15.951]: (-0.3, 2.2, 0.6) 14
[15:59:15.967]: (-0.3, 2.2, 0.6) 14
[15:59:15.986]: (-0.3, 2.2, 0.6) 14
[15:59:16.004]: (-0.3, 2.2, 0.6) 14
[15:59:16.021]: (-0.2, 2.2, 0.6) 14
[15:59:16.038]: (-0.2, 2.2, 0.6) 14
[15:59:16.055]: (-0.2, 2.2, 0.6) 14
[15:59:16.074]: (-0.2, 2.2, 0.6) 14
[15:59:16.091]: (-0.2, 2.2, 0.6) 14
[15:59:16.112]: (-0.3, 2.2, 0.6) 14
[15:59:16.135]: (-0.3, 2.2, 0.6) 14
[15:59:16.156]: (-0.2, 2.2, 0.6) 14
[15:59:16.179]: (-0.2, 2.2, 0.6) 14
[15:59:16.201]: (-0.2, 2.2, 0.6) 14
[15:59:16.225]: (-0.2, 2.2, 0.6) 14
[15:59:16.245]: (-0.2, 2.2, 0.6) 14
[15:59:16.267]: (-0.2, 2.2, 0.6) 14
[15:59:16.290]: (-0.2, 2.2, 0.6) 14
[15:59:16.312]: (-0.2, 2.2, 0.6) 14
[15:59:16.334]: (-0.2, 2.2, 0.6) 14
[15:59:16.356]: (-0.2, 2.2, 0.6) 14
[15:59:16.379]: (-0.2, 2.2, 0.6) 14
[15:59:16.400]: (-0.2, 2.2, 0.6) 14
[15:59:16.424]: (-0.2, 2.2, 0.6) 14
[15:59:16.447]: (-0.2, 2.2, 0.6) 14
[15:59:16.467]: (-0.2, 2.2, 0.6) 14
[15:59:16.490]: (-0.2, 2.2, 0.6) 14
[15:59:16.535]: (-0.6, 2.4, 0.9) 31
[15:59:16.783]: (-0.9, 2.5, 0.9) 19
[15:59:16.804]: (-0.8, 2.4, 0.8) 27
[15:59:16.827]: (-0.9, 2.5, 0.9) 19
[15:59:16.861]: (-0.8, 2.4, 0.8) 27
[15:59:16.879]: (-0.8, 2.4, 0.8) 27
[15:59:16.898]: (-0.8, 2.4, 0.8) 27
[15:59:16.921]: (-0.8, 2.4, 0.8) 27
[15:59:16.943]: (-0.8, 2.4, 0.8) 27
[15:59:16.967]: (-0.8, 2.4, 0.8) 27
[15:59:16.991]: (-0.8, 2.4, 0.8) 27
[15:59:17.014]: (-0.8, 2.4, 0.8) 27
[15:59:17.036]: (-0.8, 2.4, 0.8) 27
[15:59:17.055]: (-0.8, 2.4, 0.8) 27
[15:59:17.074]: (-0.8, 2.4, 0.8) 27
[15:59:17.093]: (-1.0, 2.6, 1.0) 15
[15:59:17.215]: (-1.0, 2.6, 1.0) 15
[15:59:17.259]: (-1.0, 2.6, 1.0) 15
[15:59:17.294]: (-1.0, 2.6, 1.0) 15
[15:59:17.328]: (-1.0, 2.6, 1.0) 15
[15:59:17.358]: (-1.0, 2.6, 1.0) 15
[15:59:17.397]: (-0.8, 2.6, 0.9) 19
