[15:18:41.171]: (1.1, 1.6, 4.7) 24
[15:18:42.455]: (0.1, 2.6, 2.7) 16
[15:18:42.488]: (0.2, 2.5, 2.7) 16
[15:18:42.521]: (0.2, 2.5, 2.8) 16
[15:18:44.492]: (0.9, 1.8, 0.7) 3
[15:18:44.524]: (0.9, 1.8, 0.6) 3
[15:18:44.726]: (0.8, 1.7, 0.6) 4
[15:18:45.099]: (0.8, 1.7, 0.6) 4
[15:18:45.165]: (0.9, 1.6, 0.6) 4
[15:18:45.187]: (0.9, 1.6, 0.6) 4
[15:18:45.211]: (0.9, 1.6, 0.6) 4
[15:18:45.232]: (0.9, 1.7, 0.6) 4
[15:18:45.303]: (0.9, 1.7, 0.6) 4
[15:18:45.373]: (1.7, 1.8, 1.2) 6
[15:18:45.396]: (1.5, 1.8, 1.1) 5
[15:18:45.420]: (2.0, 1.9, 1.5) 12
[15:18:45.601]: (1.4, 1.8, 1.3) 5
[15:18:45.625]: (1.4, 1.8, 1.3) 5
[15:18:45.648]: (1.4, 1.7, 1.3) 5
[15:18:45.670]: (1.4, 1.7, 1.3) 5
[15:18:45.693]: (1.4, 1.7, 1.3) 5
[15:18:45.718]: (1.4, 1.7, 1.3) 5
[15:18:46.030]: (1.5, 1.8, 1.4) 6
[15:18:46.055]: (1.5, 1.8, 1.4) 6
[15:18:46.081]: (1.5, 1.8, 1.4) 6
[15:18:46.106]: (1.5, 1.8, 1.4) 6
[15:18:46.130]: (1.4, 1.8, 1.3) 5
[15:18:46.155]: (1.4, 1.8, 1.3) 5
[15:18:46.186]: (1.4, 1.8, 1.3) 5
[15:18:46.208]: (1.5, 1.8, 1.4) 6
[15:18:46.229]: (1.5, 1.8, 1.4) 6
[15:18:46.250]: (1.5, 1.8, 1.4) 6
[15:18:46.271]: (1.5, 1.8, 1.4) 6
[15:18:46.287]: (1.5, 1.8, 1.4) 6
[15:18:46.307]: (1.5, 1.8, 1.4) 6
[15:18:46.576]: (1.5, 1.8, 1.4) 6
[15:18:46.608]: (1.4, 1.8, 1.3) 5
[15:18:46.642]: (1.5, 1.8, 1.4) 6
[15:18:46.676]: (1.5, 1.8, 1.4) 6
[15:18:46.713]: (1.4, 1.8, 1.3) 5
[15:18:46.745]: (1.4, 1.8, 1.3) 5
[15:18:49.328]: (1.0, 2.0, 0.4) 3
[15:18:49.350]: (0.9, 2.0, 0.4) 3
[15:18:49.372]: (0.9, 2.0, 0.4) 3
[15:18:49.396]: (0.9, 2.0, 0.4) 3
[15:18:49.501]: (1.0, 2.0, 0.4) 3
[15:18:50.019]: (0.8, 2.1, 0.4) 3
[15:18:50.056]: (0.8, 2.1, 0.4) 3
[15:18:50.087]: (0.8, 2.1, 0.4) 3
[15:18:50.119]: (0.8, 2.1, 0.4) 3
[15:18:50.151]: (0.8, 2.1, 0.4) 3
[15:18:50.186]: (0.8, 2.1, 0.4) 3
[15:18:50.217]: (0.8, 2.1, 0.4) 3
[15:18:50.251]: (0.8, 2.1, 0.4) 3
[15:18:50.284]: (0.8, 2.1, 0.4) 3
[15:18:50.318]: (0.8, 2.1, 0.4) 3
[15:18:50.352]: (0.8, 2.1, 0.4) 3
[15:18:50.384]: (0.8, 2.1, 0.4) 3
[15:18:50.417]: (0.8, 2.1, 0.4) 3
[15:18:50.451]: (0.8, 2.1, 0.4) 3
[15:18:50.472]: (0.8, 2.1, 0.4) 3
[15:18:50.584]: (1.4, 2.5, 0.9) 2
[15:18:50.606]: (1.4, 2.5, 0.9) 2
[15:18:50.629]: (1.4, 2.5, 0.9) 2
[15:18:50.651]: (1.5, 2.5, 1.0) 2
[15:18:50.672]: (1.5, 2.5, 1.0) 2
[15:18:50.746]: (1.6, 2.4, 1.3) 0
[15:18:50.767]: (1.7, 2.4, 1.3) 0
[15:18:50.832]: (1.4, 2.2, 1.2) 2
[15:18:50.857]: (1.4, 2.2, 1.2) 2
[15:18:50.900]: (0.8, 1.9, 0.7) 3
[15:18:50.922]: (0.8, 1.9, 0.7) 3
[15:18:50.944]: (0.8, 1.9, 0.7) 3
[15:18:51.010]: (1.3, 1.6, 1.6) 8
[15:18:51.054]: (1.9, 1.4, 2.3) 15
[15:18:51.122]: (2.0, 1.3, 2.3) 15
[15:18:51.390]: (0.6, 2.1, 0.3) 4
[15:18:51.787]: (1.1, 2.7, 0.8) 5
[15:18:51.809]: (1.1, 2.7, 0.8) 5
[15:18:51.831]: (1.1, 2.7, 0.8) 5
[15:18:51.854]: (1.2, 2.7, 0.9) 6
[15:18:51.874]: (1.3, 2.7, 0.9) 6
[15:18:52.377]: (0.8, 3.0, 1.6) 13
[15:18:52.443]: (0.5, 2.6, 1.3) 5
[15:18:52.862]: (1.6, 1.6, 1.2) 7
[15:18:52.923]: (2.6, 1.4, 1.5) 15
[15:18:53.749]: (0.9, 1.9, 2.1) 0
[15:18:53.838]: (0.8, 1.9, 2.1) 0
[15:18:53.861]: (0.8, 1.9, 2.2) 0
[15:18:53.942]: (0.9, 1.9, 2.1) 0
[15:18:54.053]: (1.3, 2.2, 2.9) 10
[15:18:54.169]: (1.3, 2.3, 2.9) 10
[15:18:54.211]: (0.9, 2.0, 2.1) 0
[15:18:54.233]: (0.9, 2.0, 2.1) 0
[15:18:54.513]: (2.4, 3.5, 2.5) 18
[15:18:54.775]: (2.6, 3.6, 2.5) 17
[15:18:54.797]: (2.6, 3.6, 2.5) 17
[15:18:54.925]: (1.8, 2.9, 1.7) 15
[15:18:55.009]: (1.8, 3.0, 1.6) 15
[15:18:55.030]: (1.8, 3.0, 1.6) 15
[15:18:55.054]: (1.8, 3.0, 1.6) 15
[15:18:55.075]: (1.8, 3.0, 1.6) 15
[15:18:55.141]: (1.9, 3.0, 1.6) 15
[15:18:55.162]: (1.9, 3.0, 1.6) 15
[15:18:55.266]: (2.0, 2.9, 1.4) 16
[15:18:55.290]: (2.1, 2.9, 1.4) 16
[15:18:55.312]: (2.1, 2.9, 1.4) 16
[15:18:55.334]: (2.1, 2.9, 1.4) 16
[15:18:55.357]: (2.1, 2.9, 1.4) 16
[15:18:55.583]: (2.6, 3.2, 2.3) 21
[15:18:55.615]: (2.1, 2.8, 1.9) 14
[15:18:55.652]: (1.9, 2.7, 1.8) 16
[15:18:55.686]: (1.9, 2.7, 1.8) 16
[15:18:55.715]: (1.9, 2.7, 1.8) 16
[15:18:56.252]: (2.0, 3.3, 3.0) 18
[15:18:56.275]: (2.0, 3.3, 3.0) 18
[15:18:56.298]: (2.0, 3.3, 3.0) 18
[15:18:56.318]: (2.0, 3.3, 3.0) 18
[15:18:57.255]: (-0.3, 2.3, 2.3) 12
[15:18:57.797]: (2.1, 2.7, 1.5) 16
[15:18:57.820]: (2.1, 2.7, 1.5) 16
[15:18:59.029]: (1.6, 2.4, 2.2) 16
[15:18:59.051]: (1.3, 2.5, 2.3) 15
[15:18:59.301]: (1.5, 3.1, 3.4) 18
[15:18:59.320]: (1.5, 3.0, 3.4) 18
[15:18:59.568]: (0.1, 2.1, 2.2) 0
[15:18:59.591]: (0.1, 2.1, 2.3) 0
[15:18:59.725]: (-0.1, 1.9, 2.0) 2
[15:19:00.059]: (-0.3, 1.4, 1.2) 3
[15:19:00.106]: (-0.3, 1.4, 1.2) 3
[15:19:00.246]: (-0.3, 1.4, 1.3) 3
[15:19:00.263]: (-0.4, 1.4, 1.3) 3
[15:19:00.295]: (-0.3, 1.4, 1.2) 3
[15:19:00.311]: (-0.3, 1.4, 1.3) 3
[15:19:00.328]: (-0.4, 1.4, 1.3) 3
[15:19:00.361]: (-0.3, 1.4, 1.2) 3
[15:19:00.378]: (-0.3, 1.4, 1.3) 3
[15:19:00.399]: (-0.3, 1.4, 1.3) 3
[15:19:00.415]: (-0.3, 1.4, 1.2) 3
[15:19:00.432]: (-0.3, 1.5, 1.2) 3
[15:19:00.449]: (-0.3, 1.5, 1.2) 3
[15:19:00.465]: (-0.3, 1.5, 1.2) 3
[15:19:00.730]: (0.4, 2.0, 1.8) 7
[15:19:00.862]: (1.5, 2.3, 2.3) 16
[15:19:00.884]: (1.5, 2.3, 2.3) 16
[15:19:00.959]: (1.3, 2.3, 2.4) 16
[15:19:00.982]: (1.3, 2.3, 2.4) 16
[15:19:01.570]: (1.0, 2.3, 2.6) 15
[15:19:02.244]: (-0.2, 1.7, 2.1) 2
[15:19:02.266]: (-0.2, 1.7, 2.0) 2
[15:19:02.802]: (1.3, 2.1, 2.4) 15
[15:19:03.902]: (1.7, 2.3, 2.4) 14
[15:19:03.919]: (1.8, 2.4, 2.4) 14
[15:19:03.951]: (1.8, 2.4, 2.4) 14
[15:19:03.968]: (2.1, 2.6, 3.0) 21
[15:19:04.357]: (1.8, 2.4, 2.4) 14
[15:19:04.379]: (1.7, 2.4, 2.4) 14
[15:19:04.534]: (1.5, 2.2, 2.2) 16
[15:19:04.558]: (1.6, 2.2, 2.2) 16
[15:19:04.578]: (1.6, 2.2, 2.2) 16
[15:19:05.367]: (1.5, 2.7, 4.2) 24
[15:19:05.390]: (1.6, 2.7, 4.2) 24
[15:19:05.412]: (1.6, 2.7, 4.2) 24
[15:19:05.434]: (1.5, 2.7, 4.2) 24
[15:19:05.528]: (0.3, 1.5, 2.3) 0
[15:19:05.550]: (0.3, 1.5, 2.3) 0
[15:19:05.631]: (0.3, 1.6, 2.0) 2
[15:19:06.583]: (0.9, 2.1, 1.6) 9
[15:19:06.604]: (0.9, 2.1, 1.6) 9
[15:19:06.625]: (0.9, 2.1, 1.6) 9
[15:19:06.647]: (0.9, 2.1, 1.6) 9
[15:19:06.668]: (0.8, 2.0, 1.6) 9
[15:19:06.690]: (0.8, 2.0, 1.6) 9
[15:19:06.713]: (0.8, 2.0, 1.6) 9
[15:19:06.735]: (0.8, 2.0, 1.6) 9
[15:19:06.757]: (0.8, 2.0, 1.6) 7
[15:19:06.798]: (1.0, 2.0, 1.5) 8
[15:19:06.900]: (0.8, 2.0, 1.6) 9
[15:19:07.492]: (0.6, 2.2, 2.0) 1
[15:19:07.515]: (0.6, 2.2, 1.9) 1
[15:19:09.214]: (-0.2, 1.5, 1.0) 4
[15:19:09.234]: (-0.2, 1.6, 1.0) 4
[15:19:09.256]: (-0.2, 1.6, 1.0) 4
[15:19:09.317]: (-0.3, 2.0, 2.0) 6
[15:19:09.338]: (-0.4, 2.0, 1.8) 5
[15:19:09.432]: (-0.4, 2.0, 1.8) 5
[15:19:09.455]: (-0.4, 2.0, 1.9) 6
[15:19:09.480]: (-0.3, 2.0, 1.9) 6
[15:19:09.504]: (-0.3, 2.0, 1.9) 6
[15:19:09.520]: (-0.4, 2.0, 1.9) 5
[15:19:09.544]: (-0.3, 2.0, 2.0) 6
[15:19:09.565]: (-0.4, 2.0, 1.8) 5
[15:19:09.908]: (0.8, 1.8, 1.7) 9
[15:19:09.927]: (0.9, 1.8, 1.6) 7
[15:19:10.077]: (0.8, 1.8, 1.6) 7
[15:19:11.346]: (0.4, 0.7, 1.9) 9
[15:19:13.389]: (1.9, 2.5, 1.7) 16
[15:19:13.409]: (1.9, 2.5, 1.7) 16
[15:19:13.432]: (1.9, 2.5, 1.7) 16
[15:19:13.453]: (1.9, 2.5, 1.7) 16
[15:19:13.474]: (1.9, 2.5, 1.7) 16
[15:19:13.497]: (1.9, 2.5, 1.7) 16
[15:19:13.520]: (1.9, 2.5, 1.7) 16
[15:19:13.541]: (1.8, 2.5, 1.8) 16
[15:19:13.562]: (1.8, 2.5, 1.8) 16
[15:19:13.584]: (1.8, 2.5, 1.8) 16
[15:19:13.607]: (1.8, 2.4, 1.8) 16
[15:19:13.629]: (1.8, 2.5, 1.8) 16
[15:19:13.650]: (1.8, 2.5, 1.8) 16
[15:19:13.672]: (1.8, 2.5, 1.8) 16
[15:19:13.695]: (1.9, 2.5, 1.7) 16
[15:19:13.717]: (1.8, 2.5, 1.7) 16
[15:19:14.101]: (1.8, 2.4, 1.7) 16
[15:19:14.135]: (1.9, 2.4, 1.7) 16
[15:19:15.167]: (0.9, 1.9, 1.7) 2
[15:19:15.212]: (0.8, 1.9, 1.7) 2
[15:19:15.439]: (0.4, 1.6, 1.0) 3
[15:19:15.477]: (0.4, 1.6, 1.0) 3
[15:19:15.826]: (0.2, 1.8, 2.4) 12
[15:19:15.858]: (0.1, 1.8, 2.4) 12
[15:19:15.877]: (0.2, 1.8, 2.4) 12
[15:19:15.954]: (0.2, 1.8, 2.0) 6
[15:19:16.017]: (0.2, 1.8, 2.5) 12
[15:19:16.034]: (0.1, 1.9, 2.4) 12
[15:19:16.050]: (0.1, 1.9, 2.4) 12
[15:19:16.067]: (0.1, 1.7, 1.9) 5
[15:19:16.100]: (0.1, 1.9, 2.5) 12
[15:19:16.116]: (0.2, 1.9, 2.4) 12
[15:19:16.133]: (0.2, 1.9, 2.4) 12
[15:19:16.151]: (0.2, 1.9, 2.5) 12
[15:19:16.167]: (0.2, 1.8, 2.5) 12
[15:19:16.185]: (0.1, 1.8, 2.4) 12
[15:19:16.202]: (0.2, 1.8, 2.4) 12
[15:19:16.378]: (0.2, 1.8, 2.4) 12
[15:19:16.810]: (0.4, 2.0, 1.7) 5
[15:19:16.835]: (0.4, 2.0, 1.7) 5
[15:19:16.857]: (0.4, 2.0, 1.7) 5
[15:19:16.907]: (0.4, 2.1, 1.7) 5
[15:19:17.249]: (0.4, 2.1, 1.7) 5
[15:19:17.272]: (0.4, 2.1, 1.7) 5
[15:19:17.295]: (0.4, 2.1, 1.7) 5
[15:19:17.318]: (0.4, 2.1, 1.7) 5
[15:19:17.343]: (0.4, 2.1, 1.7) 5
[15:19:17.365]: (0.4, 2.1, 1.7) 5
[15:19:17.387]: (0.4, 2.1, 1.7) 5
[15:19:17.413]: (0.4, 2.1, 1.7) 5
[15:19:17.444]: (0.4, 2.1, 1.7) 5
[15:19:18.914]: (1.1, 2.3, 1.2) 8
[15:19:19.287]: (0.1, 1.9, 2.2) 0
[15:19:19.308]: (0.1, 1.9, 2.2) 0
[15:19:19.330]: (0.1, 1.8, 2.2) 0
[15:19:19.353]: (0.1, 1.9, 2.2) 0
[15:19:19.369]: (0.1, 1.9, 2.2) 0
[15:19:19.387]: (0.1, 1.9, 2.2) 0
[15:19:19.404]: (0.1, 1.9, 2.2) 0
[15:19:19.421]: (0.1, 1.9, 2.2) 0
[15:19:19.438]: (0.1, 1.9, 2.2) 0
[15:19:19.455]: (0.1, 1.9, 2.2) 0
[15:19:19.471]: (0.1, 1.9, 2.2) 0
[15:19:19.486]: (0.1, 1.9, 2.2) 0
[15:19:19.503]: (0.1, 1.9, 2.2) 0
[15:19:19.519]: (0.1, 1.9, 2.2) 0
[15:19:19.536]: (0.1, 1.9, 2.2) 0
[15:19:19.784]: (1.6, 3.0, 4.0) 23
[15:19:20.346]: (1.3, 2.2, 2.3) 16
[15:19:20.366]: (1.3, 2.2, 2.3) 16
[15:19:20.388]: (1.3, 2.2, 2.3) 16
[15:19:20.409]: (1.3, 2.2, 2.3) 16
[15:19:20.431]: (1.3, 2.2, 2.3) 16
[15:19:20.455]: (1.3, 2.2, 2.3) 16
[15:19:20.475]: (1.3, 2.2, 2.3) 16
[15:19:20.498]: (1.3, 2.2, 2.3) 16
[15:19:20.521]: (1.3, 2.2, 2.3) 16
[15:19:20.542]: (1.3, 2.2, 2.3) 16
[15:19:20.564]: (1.3, 2.2, 2.3) 16
[15:19:20.584]: (1.3, 2.2, 2.3) 16
[15:19:20.606]: (1.3, 2.2, 2.3) 16
[15:19:20.627]: (1.3, 2.2, 2.3) 16
[15:19:20.650]: (1.3, 2.2, 2.3) 16
[15:19:20.670]: (1.3, 2.2, 2.3) 16
[15:19:21.598]: (0.4, 2.0, 2.1) 0
[15:19:21.621]: (0.4, 2.0, 2.1) 0
[15:19:21.642]: (0.5, 2.0, 2.1) 0
[15:19:21.664]: (0.5, 2.0, 2.1) 0
[15:19:21.752]: (0.5, 2.1, 2.1) 0
[15:19:21.775]: (0.5, 2.1, 2.1) 0
[15:19:22.174]: (0.6, 2.2, 2.0) 0
[15:19:24.631]: (0.0, 1.5, 1.1) 3
[15:19:27.135]: (0.9, 2.0, 1.5) 8
[15:19:27.480]: (2.5, 3.2, 2.6) 17
[15:19:27.497]: (2.5, 3.2, 2.6) 17
[15:19:27.516]: (2.5, 3.2, 2.6) 17
[15:19:27.532]: (2.5, 3.3, 2.6) 17
[15:19:27.548]: (2.5, 3.3, 2.6) 17
[15:19:27.566]: (2.5, 3.2, 2.6) 17
[15:19:27.583]: (2.5, 3.2, 2.7) 17
[15:19:27.881]: (2.3, 3.1, 2.6) 18
[15:19:27.903]: (2.3, 3.1, 2.6) 18
[15:19:27.947]: (2.3, 3.2, 2.7) 18
[15:19:27.969]: (2.3, 3.2, 2.6) 18
[15:19:27.992]: (2.3, 3.2, 2.7) 18
[15:19:28.201]: (2.0, 2.5, 1.5) 16
[15:19:28.847]: (3.0, 3.2, 1.9) 19
[15:19:28.869]: (3.0, 3.1, 1.9) 19
[15:19:29.635]: (3.1, 3.2, 1.9) 19
[15:19:29.822]: (3.0, 3.1, 1.9) 19
[15:19:29.839]: (3.0, 3.1, 1.9) 19
[15:19:30.167]: (3.0, 3.2, 1.9) 19
[15:19:30.839]: (1.2, 2.7, 2.8) 11
[15:19:31.766]: (0.8, 2.1, 1.5) 7
[15:19:31.783]: (0.8, 2.1, 1.5) 7
[15:19:31.799]: (0.8, 2.0, 1.4) 7
[15:19:31.817]: (0.8, 2.0, 1.4) 7
[15:19:31.957]: (0.8, 2.0, 1.4) 7
[15:19:31.980]: (0.8, 2.0, 1.5) 7
[15:19:32.001]: (0.8, 2.0, 1.5) 7
[15:19:32.024]: (0.8, 2.0, 1.5) 7
[15:19:32.046]: (0.8, 2.0, 1.5) 7
[15:19:32.068]: (0.8, 2.0, 1.5) 7
[15:19:32.090]: (0.8, 2.0, 1.5) 7
[15:19:32.113]: (0.8, 2.0, 1.5) 7
[15:19:32.135]: (0.8, 2.0, 1.5) 7
[15:19:32.156]: (0.8, 2.0, 1.5) 7
[15:19:32.179]: (0.8, 2.0, 1.5) 7
[15:19:32.202]: (0.8, 2.0, 1.4) 7
[15:19:32.777]: (2.7, 3.6, 3.2) 22
[15:19:32.794]: (2.7, 3.6, 3.2) 22
[15:19:32.879]: (2.7, 3.6, 3.1) 22
[15:19:32.903]: (2.7, 3.6, 3.1) 22
[15:19:32.927]: (2.7, 3.6, 3.2) 22
[15:19:32.947]: (2.7, 3.6, 3.2) 22
[15:19:35.202]: (0.9, 2.0, 1.4) 7
[15:19:35.218]: (0.9, 2.0, 1.5) 7
[15:19:35.250]: (0.9, 2.0, 1.5) 9
[15:19:35.267]: (0.9, 2.0, 1.5) 9
[15:19:35.481]: (0.9, 2.1, 1.6) 2
[15:19:35.503]: (0.9, 2.1, 1.5) 2
[15:19:35.525]: (0.9, 2.1, 1.5) 2
[15:19:35.546]: (1.0, 2.1, 1.5) 2
[15:19:35.566]: (1.0, 2.1, 1.5) 2
[15:19:36.933]: (0.5, 2.4, 1.6) 6
[15:19:36.955]: (0.5, 2.4, 1.6) 6
[15:19:36.977]: (0.5, 2.4, 1.7) 6
[15:19:37.090]: (0.5, 2.4, 1.7) 6
[15:19:37.112]: (0.5, 2.4, 1.7) 6
[15:19:37.135]: (0.5, 2.4, 1.7) 6
[15:19:37.157]: (0.5, 2.4, 1.7) 6
[15:19:37.180]: (0.5, 2.4, 1.7) 6
[15:19:37.203]: (0.5, 2.4, 1.7) 6
[15:19:37.226]: (0.5, 2.4, 1.7) 6
[15:19:37.248]: (0.5, 2.4, 1.7) 6
[15:19:37.335]: (0.6, 2.6, 1.9) 13
[15:19:37.517]: (1.2, 2.4, 0.9) 9
[15:19:37.561]: (1.2, 2.3, 1.1) 9
[15:19:39.401]: (2.8, 3.3, 3.0) 23
[15:19:39.689]: (0.9, 2.0, 1.9) 0
[15:19:39.710]: (0.9, 2.0, 1.9) 0
[15:19:39.733]: (0.9, 2.0, 1.9) 0
[15:19:39.813]: (0.9, 2.0, 1.9) 0
[15:19:39.877]: (0.9, 2.0, 1.9) 0
[15:19:40.019]: (1.0, 2.1, 1.7) 1
[15:19:40.497]: (-0.1, 1.3, 1.1) 4
[15:19:40.629]: (0.2, 1.4, 1.1) 3
[15:19:40.809]: (0.1, 1.4, 1.1) 4
[15:19:41.098]: (0.5, 2.1, 2.3) 12
[15:19:41.121]: (0.5, 2.1, 2.3) 12
[15:19:41.142]: (0.5, 2.1, 2.3) 12
[15:19:41.162]: (0.5, 2.1, 2.3) 12
[15:19:41.184]: (0.5, 2.1, 2.3) 12
[15:19:41.205]: (0.5, 2.1, 2.3) 12
[15:19:41.934]: (0.7, 1.8, 1.7) 5
[15:19:41.951]: (0.7, 1.8, 1.6) 5
[15:19:41.968]: (0.7, 1.9, 1.7) 5
[15:19:41.985]: (0.7, 1.9, 1.7) 5
[15:19:42.002]: (0.7, 1.8, 1.6) 5
[15:19:42.023]: (0.7, 1.8, 1.6) 5
[15:19:42.040]: (0.7, 1.8, 1.6) 5
[15:19:42.424]: (1.1, 1.8, 2.0) 13
[15:19:42.444]: (1.1, 1.8, 2.0) 13
[15:19:42.467]: (1.1, 1.8, 2.0) 13
[15:19:42.490]: (1.1, 1.8, 2.0) 13
[15:19:42.513]: (1.1, 1.8, 2.0) 13
[15:19:42.534]: (1.1, 1.8, 2.0) 13
[15:19:42.557]: (1.1, 1.8, 2.0) 13
[15:19:42.578]: (0.9, 1.7, 1.8) 6
[15:19:42.601]: (0.7, 1.6, 1.7) 5
[15:19:42.622]: (0.7, 1.6, 1.7) 5
[15:19:42.649]: (0.7, 1.6, 1.7) 5
[15:19:42.672]: (0.7, 1.6, 1.7) 5
[15:19:42.695]: (0.7, 1.6, 1.7) 5
[15:19:42.716]: (0.7, 1.6, 1.7) 5
[15:19:42.736]: (0.7, 1.6, 1.7) 5
[15:19:42.758]: (0.7, 1.6, 1.7) 5
[15:19:42.779]: (0.7, 1.6, 1.7) 5
[15:19:42.802]: (0.8, 1.6, 1.7) 5
[15:19:42.825]: (0.8, 1.6, 1.7) 5
[15:19:42.846]: (0.8, 1.6, 1.7) 5
[15:19:42.868]: (0.8, 1.6, 1.7) 5
[15:19:42.890]: (0.8, 1.6, 1.7) 5
[15:19:42.912]: (0.8, 1.6, 1.7) 5
[15:19:42.956]: (1.1, 1.7, 2.2) 12
[15:19:42.977]: (1.1, 1.7, 2.2) 12
[15:19:44.050]: (1.0, 1.7, 1.5) 5
[15:19:44.086]: (1.0, 1.7, 1.5) 5
[15:19:44.107]: (1.0, 1.7, 1.5) 5
[15:19:44.129]: (1.0, 1.7, 1.5) 5
[15:19:44.151]: (1.0, 1.7, 1.5) 5
[15:19:44.174]: (1.0, 1.7, 1.5) 5
[15:19:44.197]: (1.0, 1.7, 1.5) 5
[15:19:44.221]: (1.0, 1.7, 1.5) 5
[15:19:44.245]: (1.0, 1.7, 1.5) 5
[15:19:44.266]: (1.0, 1.7, 1.5) 5
[15:19:44.288]: (1.0, 1.7, 1.5) 5
[15:19:44.310]: (1.0, 1.7, 1.5) 5
[15:19:44.334]: (1.0, 1.7, 1.5) 5
[15:19:44.356]: (1.0, 1.7, 1.5) 5
[15:19:44.378]: (1.0, 1.6, 1.5) 5
[15:19:44.400]: (1.0, 1.6, 1.5) 5
[15:19:44.637]: (0.5, 1.6, 1.8) 5
[15:19:44.658]: (0.5, 1.6, 1.8) 5
[15:19:44.681]: (0.5, 1.6, 2.0) 6
[15:19:44.987]: (0.0, 1.3, 2.1) 6
[15:19:45.068]: (0.1, 1.4, 1.9) 5
[15:19:45.172]: (0.0, 1.5, 1.9) 5
[15:19:45.193]: (0.0, 1.3, 1.1) 4
[15:19:45.352]: (0.0, 1.5, 2.0) 5
[15:19:45.373]: (0.0, 1.5, 1.9) 5
[15:19:45.395]: (0.0, 1.5, 1.9) 5
[15:19:45.420]: (0.0, 1.5, 1.9) 5
[15:19:45.485]: (0.0, 1.5, 1.9) 5
[15:19:45.507]: (0.0, 1.5, 1.9) 5
[15:19:45.529]: (0.0, 1.5, 1.9) 5
[15:19:45.551]: (0.0, 1.5, 1.9) 5
[15:19:45.574]: (0.0, 1.5, 2.1) 6
[15:19:45.590]: (0.1, 1.6, 2.4) 13
[15:19:45.610]: (0.1, 1.6, 2.4) 13
[15:19:45.824]: (0.1, 1.6, 2.4) 13
[15:19:46.166]: (0.3, 1.9, 1.8) 5
[15:19:46.418]: (2.1, 1.4, 2.4) 10
[15:19:46.818]: (1.5, 1.2, 1.6) 1
[15:19:46.851]: (1.5, 1.2, 1.6) 1
[15:19:46.884]: (1.5, 1.2, 1.6) 1
[15:19:46.917]: (1.5, 1.2, 1.6) 1
[15:19:47.356]: (1.0, 1.2, 1.7) 9
[15:19:47.376]: (1.0, 1.2, 1.7) 9
[15:19:47.397]: (1.0, 1.2, 1.7) 9
[15:19:47.421]: (1.0, 1.2, 1.7) 9
[15:19:47.444]: (1.0, 1.2, 1.7) 9
[15:19:47.466]: (1.0, 1.2, 1.7) 9
[15:19:47.936]: (0.7, 2.4, 2.1) 12
[15:19:47.957]: (0.7, 2.4, 2.1) 12
[15:19:47.977]: (0.7, 2.4, 2.1) 12
[15:19:47.998]: (0.7, 2.3, 2.1) 12
[15:19:48.132]: (0.5, 2.0, 1.6) 5
[15:19:48.154]: (0.5, 2.0, 1.6) 5
[15:19:48.176]: (0.5, 2.0, 1.6) 5
[15:19:48.198]: (0.5, 2.0, 1.6) 5
[15:19:48.215]: (0.5, 2.0, 1.6) 5
[15:19:48.233]: (0.5, 2.0, 1.6) 5
[15:19:48.250]: (0.5, 2.0, 1.6) 5
[15:19:48.269]: (0.5, 2.1, 1.6) 5
[15:19:49.830]: (0.8, 2.0, 1.5) 5
[15:19:51.308]: (1.0, 2.3, 1.9) 12
[15:19:51.331]: (0.8, 2.0, 1.5) 5
[15:19:51.442]: (1.0, 2.3, 1.9) 12
[15:19:51.672]: (0.8, 2.0, 1.5) 5
[15:19:51.998]: (0.8, 2.0, 1.4) 5
[15:19:52.015]: (0.8, 2.0, 1.4) 5
[15:19:52.032]: (0.8, 2.0, 1.4) 5
[15:19:52.051]: (0.8, 2.0, 1.4) 5
[15:19:52.069]: (0.8, 2.0, 1.4) 5
[15:19:52.086]: (0.8, 2.0, 1.4) 5
[15:19:52.118]: (1.1, 2.1, 1.8) 13
[15:19:52.470]: (1.9, 1.2, 1.2) 1
[15:19:52.494]: (1.8, 1.1, 1.2) 1
[15:19:52.516]: (1.8, 1.1, 1.2) 1
[15:19:52.541]: (1.8, 1.1, 1.2) 1
[15:19:52.563]: (1.8, 1.2, 1.2) 1
[15:19:52.807]: (1.8, 1.2, 1.3) 1
[15:19:52.830]: (1.8, 1.2, 1.3) 1
[15:19:52.853]: (1.8, 1.2, 1.3) 1
[15:19:52.876]: (1.8, 1.2, 1.3) 1
[15:19:52.898]: (1.8, 1.2, 1.3) 1
[15:19:52.920]: (1.8, 1.2, 1.3) 1
[15:19:52.982]: (4.3, 0.8, 2.2) 22
[15:19:53.057]: (4.3, 0.8, 2.2) 22
[15:19:53.073]: (4.3, 0.8, 2.2) 22
[15:19:54.327]: (0.5, 2.1, 1.6) 5
[15:19:54.348]: (0.5, 2.0, 1.5) 5
[15:19:54.369]: (0.5, 2.1, 1.6) 5
[15:19:54.394]: (0.6, 2.1, 1.5) 5
[15:19:54.437]: (0.5, 2.0, 1.5) 5
[15:19:54.456]: (0.6, 2.0, 1.5) 5
[15:19:54.474]: (0.6, 2.0, 1.5) 5
[15:19:54.495]: (0.6, 2.0, 1.5) 5
[15:19:54.516]: (0.6, 2.0, 1.5) 5
[15:19:54.535]: (0.6, 2.0, 1.5) 5
[15:19:54.552]: (0.5, 2.0, 1.6) 5
[15:19:54.571]: (0.5, 2.0, 1.5) 5
[15:19:54.590]: (0.6, 2.0, 1.5) 5
[15:19:54.606]: (0.6, 2.0, 1.5) 5
[15:19:54.623]: (0.6, 2.0, 1.5) 5
[15:19:54.640]: (0.6, 2.0, 1.5) 5
[15:19:54.657]: (0.6, 2.0, 1.5) 5
[15:19:54.675]: (0.6, 2.0, 1.5) 5
[15:19:54.693]: (0.5, 2.0, 1.5) 5
[15:19:54.710]: (0.6, 2.0, 1.5) 5
[15:19:54.913]: (0.5, 2.1, 1.6) 5
[15:19:55.035]: (0.6, 2.0, 1.5) 5
[15:19:55.056]: (0.6, 2.0, 1.5) 5
[15:19:55.072]: (0.6, 2.0, 1.5) 5
[15:19:55.092]: (0.6, 2.0, 1.5) 5
[15:19:55.114]: (0.6, 2.0, 1.5) 5
[15:19:55.136]: (0.6, 2.0, 1.5) 5
[15:19:55.159]: (0.6, 2.0, 1.5) 5
