[15:59:45.358]: (-1.1, -0.6, 0.0) 0
[15:59:45.490]: (-0.9, -0.5, 0.0) 8
[15:59:45.512]: (-0.9, -0.5, 0.0) 8
[15:59:45.536]: (-0.8, -0.5, 0.0) 8
[15:59:45.698]: (-1.0, -0.6, 0.2) 0
[15:59:46.362]: (-0.3, 0.8, 2.2) 46
[15:59:46.495]: (-0.3, 1.2, 2.5) 33
[15:59:46.531]: (-0.2, 1.2, 3.4) 65
[15:59:46.913]: (-0.2, 1.2, 3.4) 65
[15:59:47.708]: (0.2, 2.5, 0.8) 0
[15:59:47.730]: (0.2, 2.5, 0.8) 0
[15:59:47.753]: (0.2, 2.5, 0.8) 0
[15:59:47.777]: (0.2, 2.4, 0.8) 0
[15:59:47.797]: (0.2, 2.4, 0.8) 0
[15:59:47.820]: (0.2, 2.4, 0.8) 0
[15:59:47.843]: (0.2, 2.4, 0.8) 0
[15:59:47.865]: (0.1, 2.4, 0.8) 0
[15:59:47.888]: (0.2, 2.4, 0.8) 0
[15:59:47.910]: (0.1, 2.4, 0.8) 0
[15:59:47.933]: (0.1, 2.4, 0.8) 0
[15:59:48.178]: (0.3, 2.6, 0.9) 7
[15:59:48.211]: (0.3, 2.5, 0.9) 7
[15:59:48.245]: (0.3, 2.5, 0.9) 7
[15:59:48.278]: (0.3, 2.5, 0.9) 7
[15:59:48.311]: (0.3, 2.6, 0.9) 7
[15:59:48.345]: (0.4, 3.2, 1.5) 28
[15:59:48.377]: (0.4, 3.2, 1.4) 28
[15:59:48.410]: (0.4, 3.2, 1.4) 28
[15:59:48.446]: (0.4, 3.2, 1.5) 28
[15:59:48.478]: (0.4, 3.2, 1.5) 28
[15:59:48.511]: (0.4, 3.2, 1.5) 28
[15:59:48.545]: (0.4, 3.2, 1.5) 28
[15:59:48.578]: (0.4, 3.3, 1.6) 26
[15:59:48.611]: (0.4, 3.3, 1.6) 26
[15:59:48.644]: (0.4, 3.3, 1.6) 26
[15:59:48.667]: (0.5, 3.3, 1.5) 20
[15:59:48.688]: (0.5, 3.2, 1.4) 28
[15:59:48.710]: (0.5, 3.3, 1.5) 20
[15:59:48.732]: (0.5, 3.3, 1.5) 20
[15:59:49.165]: (-0.3, 2.8, 1.7) 45
[15:59:49.189]: (-0.3, 2.7, 1.6) 35
[15:59:49.212]: (-0.3, 2.7, 1.6) 35
[15:59:49.240]: (-0.4, 2.7, 1.7) 33
[15:59:49.261]: (-0.3, 2.5, 1.5) 36
[15:59:49.280]: (-0.4, 2.5, 1.6) 34
[15:59:49.300]: (-0.4, 2.5, 1.6) 34
[15:59:49.342]: (-0.4, 2.5, 1.6) 34
[15:59:49.359]: (-0.4, 2.5, 1.6) 34
[15:59:49.399]: (-0.4, 2.5, 1.6) 34
[15:59:49.422]: (-0.3, 2.5, 1.6) 34
[15:59:49.446]: (-0.4, 2.5, 1.6) 34
[15:59:49.466]: (-0.4, 2.5, 1.6) 34
[15:59:49.489]: (-0.4, 2.5, 1.6) 34
[15:59:49.511]: (-0.4, 2.5, 1.6) 34
[15:59:49.534]: (-0.4, 2.5, 1.6) 34
[15:59:49.555]: (-0.4, 2.5, 1.6) 34
[15:59:49.577]: (-0.4, 2.5, 1.6) 34
[15:59:49.598]: (-0.4, 2.5, 1.6) 34
[15:59:49.623]: (-0.4, 2.6, 1.7) 32
[15:59:49.646]: (-0.4, 2.4, 1.6) 44
[15:59:49.666]: (-0.3, 2.4, 1.6) 34
[15:59:49.755]: (-0.2, 2.8, 1.6) 45
[15:59:49.778]: (-0.2, 2.6, 1.5) 37
[15:59:49.799]: (-0.2, 2.6, 1.5) 37
[15:59:49.821]: (-0.2, 2.6, 1.5) 37
[15:59:49.845]: (-0.2, 2.8, 1.7) 45
[15:59:49.866]: (-0.2, 2.8, 1.7) 45
[15:59:49.888]: (-0.2, 2.8, 1.7) 45
[15:59:49.908]: (-0.2, 2.8, 1.7) 45
[15:59:49.929]: (-0.2, 2.8, 1.6) 45
[15:59:50.737]: (-0.6, 2.7, 1.4) 33
[15:59:50.769]: (-0.6, 2.7, 1.4) 33
[15:59:50.802]: (-0.6, 2.7, 1.4) 33
[15:59:50.836]: (-0.6, 2.7, 1.4) 33
[15:59:50.904]: (-0.6, 2.7, 1.5) 33
[15:59:50.937]: (-0.5, 2.7, 1.4) 33
[15:59:50.970]: (-0.5, 2.7, 1.4) 33
[15:59:50.999]: (-0.5, 2.7, 1.4) 33
[15:59:51.032]: (-0.5, 2.7, 1.4) 33
[15:59:51.066]: (-0.5, 2.7, 1.4) 33
[15:59:51.101]: (-0.5, 2.7, 1.4) 33
[15:59:51.134]: (-0.5, 2.6, 1.4) 33
[15:59:51.420]: (0.3, 3.1, 1.2) 20
[15:59:51.445]: (0.3, 3.1, 1.2) 20
[15:59:51.464]: (0.3, 3.1, 1.2) 20
[15:59:51.487]: (0.3, 3.1, 1.2) 20
[15:59:51.509]: (0.3, 3.1, 1.2) 20
[15:59:51.531]: (0.3, 3.1, 1.2) 20
[15:59:51.554]: (0.3, 3.1, 1.2) 20
[15:59:51.577]: (0.3, 3.1, 1.2) 20
[15:59:51.598]: (0.3, 3.0, 1.1) 28
[15:59:52.504]: (-0.7, 2.7, 1.2) 43
[15:59:52.552]: (-0.7, 2.7, 1.2) 43
[15:59:52.583]: (-0.7, 2.7, 1.2) 43
[15:59:52.710]: (-0.7, 2.7, 1.2) 43
[15:59:52.761]: (-0.6, 2.7, 1.1) 33
[15:59:52.884]: (-0.5, 2.7, 1.1) 35
[15:59:52.901]: (-0.5, 2.7, 1.1) 35
[15:59:52.919]: (-0.5, 2.7, 1.1) 35
[15:59:52.942]: (-0.5, 2.7, 1.1) 35
[15:59:52.965]: (-0.5, 2.7, 1.1) 35
[15:59:52.986]: (-0.5, 2.7, 1.1) 35
[15:59:53.097]: (-0.6, 2.7, 1.1) 33
[15:59:53.142]: (-0.5, 2.7, 1.1) 35
[15:59:53.345]: (-0.1, 2.9, 0.9) 28
[15:59:53.367]: (-0.1, 2.8, 0.9) 28
[15:59:53.390]: (-0.1, 2.8, 0.9) 28
[15:59:53.413]: (-0.1, 2.9, 0.9) 28
[15:59:53.643]: (-0.2, 2.7, 1.0) 28
[15:59:53.664]: (-0.2, 2.7, 0.9) 28
[15:59:53.687]: (-0.2, 2.7, 0.9) 28
[15:59:53.876]: (-0.2, 2.8, 0.9) 28
[15:59:53.893]: (-0.2, 2.8, 0.9) 28
[15:59:53.911]: (-0.2, 2.8, 0.9) 28
[15:59:53.928]: (-0.2, 2.8, 0.9) 28
[15:59:53.949]: (-0.2, 2.8, 0.9) 28
[15:59:54.000]: (-0.2, 2.8, 0.9) 28
[15:59:54.241]: (-0.1, 2.9, 0.9) 12
[15:59:54.263]: (-0.1, 2.9, 0.9) 12
[15:59:54.285]: (-0.1, 2.9, 0.8) 12
[15:59:54.307]: (-0.1, 2.9, 0.9) 12
[15:59:54.331]: (-0.1, 2.9, 0.8) 12
[15:59:54.353]: (-0.1, 2.9, 0.8) 12
[15:59:54.375]: (-0.1, 2.9, 0.8) 12
[15:59:54.398]: (-0.1, 2.9, 0.8) 12
[15:59:54.418]: (-0.1, 2.9, 0.8) 12
[15:59:54.435]: (-0.1, 2.9, 0.8) 12
[15:59:54.451]: (-0.1, 2.9, 0.8) 12
[15:59:54.469]: (-0.1, 2.9, 0.8) 12
[15:59:54.486]: (-0.1, 2.9, 0.8) 12
[15:59:54.503]: (-0.1, 2.7, 0.8) 22
[15:59:54.772]: (0.1, 2.0, 0.6) 2
[15:59:54.789]: (0.1, 1.9, 0.6) 2
[15:59:54.806]: (0.1, 1.9, 0.6) 2
[15:59:54.824]: (0.1, 1.9, 0.6) 2
[15:59:54.843]: (0.1, 2.0, 0.6) 2
[15:59:54.865]: (0.1, 2.0, 0.6) 2
[15:59:54.934]: (-0.5, 2.4, 1.0) 47
[15:59:55.133]: (-0.6, 2.5, 1.0) 33
[15:59:55.157]: (-0.7, 2.5, 1.1) 43
[15:59:55.185]: (-0.7, 2.5, 1.1) 43
[15:59:55.208]: (-0.7, 2.5, 1.0) 43
[15:59:55.229]: (-0.6, 2.5, 1.0) 33
[15:59:55.251]: (-0.6, 2.5, 1.0) 33
[15:59:55.274]: (-0.6, 2.5, 1.0) 33
[15:59:55.295]: (-0.6, 2.5, 1.0) 33
[15:59:55.317]: (-0.6, 2.5, 1.0) 33
[15:59:55.338]: (-0.6, 2.5, 1.0) 33
[15:59:55.361]: (-0.6, 2.5, 1.0) 33
[15:59:55.383]: (-0.6, 2.5, 1.0) 33
[15:59:55.403]: (-0.6, 2.5, 1.0) 33
[15:59:55.824]: (-0.6, 2.3, 1.1) 32
[15:59:55.986]: (-0.7, 2.3, 1.0) 42
[15:59:56.007]: (-0.7, 2.3, 1.1) 31
[15:59:56.101]: (-0.7, 2.3, 1.1) 31
[15:59:56.118]: (-0.7, 2.3, 1.1) 31
[15:59:56.135]: (-0.7, 2.3, 1.1) 31
[15:59:56.163]: (-0.7, 2.3, 1.1) 31
[15:59:56.199]: (-0.7, 2.3, 1.1) 31
[15:59:56.231]: (-0.7, 2.3, 1.1) 31
[15:59:56.264]: (-0.7, 2.3, 1.1) 31
[15:59:56.296]: (-0.7, 2.3, 1.1) 31
[15:59:56.331]: (-0.7, 2.3, 1.1) 31
[15:59:56.363]: (-0.7, 2.3, 1.1) 31
[15:59:56.396]: (-0.7, 2.3, 1.1) 31
[15:59:56.429]: (-0.7, 2.4, 1.3) 30
[15:59:56.463]: (-0.7, 2.4, 1.2) 30
[15:59:56.496]: (-0.7, 2.4, 1.2) 30
[15:59:56.530]: (-0.7, 2.4, 1.2) 30
[15:59:56.564]: (-0.7, 2.4, 1.2) 30
[15:59:56.598]: (-0.7, 2.4, 1.2) 30
[15:59:56.630]: (-0.7, 2.4, 1.2) 30
[15:59:56.666]: (-0.7, 2.4, 1.2) 30
[15:59:56.823]: (-0.6, 2.2, 0.9) 44
[15:59:56.845]: (-0.8, 2.5, 1.1) 30
[15:59:56.867]: (-0.8, 2.5, 1.1) 30
[15:59:56.891]: (-0.8, 2.5, 1.1) 30
[15:59:56.912]: (-0.8, 2.5, 1.1) 30
[15:59:56.979]: (-0.8, 2.5, 1.0) 38
[15:59:57.001]: (-0.9, 2.5, 1.0) 30
[15:59:57.022]: (-0.9, 2.5, 1.0) 30
[15:59:57.049]: (-0.9, 2.5, 1.0) 30
[15:59:57.071]: (-0.9, 2.5, 1.0) 30
[15:59:57.092]: (-0.9, 2.5, 1.0) 30
[15:59:57.114]: (-0.8, 2.4, 0.8) 42
[15:59:57.137]: (-0.8, 2.4, 0.8) 42
[15:59:57.157]: (-0.8, 2.4, 0.8) 42
[15:59:57.179]: (-0.8, 2.4, 0.8) 42
[15:59:57.201]: (-0.8, 2.4, 0.8) 42
[15:59:57.224]: (-0.8, 2.4, 0.8) 42
[15:59:57.250]: (-0.8, 2.5, 0.9) 31
[15:59:57.272]: (-0.8, 2.5, 0.9) 31
[15:59:57.294]: (-0.7, 2.5, 0.9) 31
[15:59:57.316]: (-0.7, 2.5, 0.9) 31
[15:59:57.338]: (-0.7, 2.7, 1.0) 40
[15:59:57.358]: (-0.7, 2.6, 0.9) 31
[15:59:57.381]: (-0.7, 2.7, 1.0) 40
[15:59:57.422]: (-1.2, 3.1, 1.1) 56
[15:59:57.446]: (-1.3, 3.2, 1.2) 60
[15:59:57.469]: (-1.4, 3.3, 1.3) 58
[15:59:57.512]: (-1.2, 3.2, 1.2) 54
[15:59:57.534]: (-1.3, 3.2, 1.2) 54
[15:59:57.557]: (-1.2, 3.2, 1.2) 54
[15:59:57.581]: (-1.2, 3.2, 1.3) 54
[15:59:57.602]: (-1.3, 3.2, 1.3) 60
[15:59:57.707]: (-1.4, 3.3, 1.3) 58
[15:59:57.730]: (-1.4, 3.3, 1.3) 58
[15:59:57.751]: (-1.4, 3.3, 1.3) 58
[15:59:57.774]: (-1.3, 3.3, 1.3) 58
[15:59:57.797]: (-1.2, 3.2, 1.2) 54
[15:59:57.818]: (-1.2, 3.2, 1.2) 54
[15:59:57.840]: (-1.2, 3.2, 1.2) 54
[15:59:57.863]: (-1.2, 3.2, 1.2) 54
[15:59:57.884]: (-1.2, 3.2, 1.2) 54
[15:59:58.037]: (-1.1, 3.2, 1.2) 54
[15:59:58.226]: (-0.9, 3.1, 1.2) 68
[15:59:58.261]: (-0.5, 2.5, 0.9) 32
[15:59:58.277]: (-0.5, 2.5, 0.8) 32
[15:59:58.294]: (-0.5, 2.5, 0.8) 32
[15:59:58.312]: (-0.5, 2.5, 0.8) 32
[15:59:58.330]: (-0.5, 2.5, 0.8) 32
[15:59:58.348]: (-0.5, 2.5, 0.9) 32
[15:59:58.366]: (-0.5, 2.5, 0.9) 32
[15:59:58.383]: (-0.5, 2.5, 0.9) 32
[15:59:58.400]: (-0.5, 2.5, 0.9) 32
[15:59:58.417]: (-0.5, 2.5, 0.9) 32
[15:59:58.434]: (-0.5, 2.5, 0.9) 32
[15:59:58.452]: (-0.5, 2.5, 0.9) 32
[15:59:58.473]: (-0.5, 2.5, 0.9) 32
[15:59:58.496]: (-0.5, 2.5, 0.9) 32
[15:59:58.519]: (-0.3, 2.4, 0.8) 36
[15:59:58.540]: (-0.3, 2.4, 0.8) 36
[15:59:58.564]: (-0.3, 2.4, 0.8) 36
[15:59:58.586]: (-0.3, 2.4, 0.8) 36
[15:59:58.607]: (-0.3, 2.4, 0.8) 36
[15:59:58.629]: (-0.3, 2.4, 0.8) 36
[15:59:58.651]: (-0.3, 2.4, 0.8) 36
[15:59:58.739]: (0.3, 2.0, 0.3) 0
[15:59:58.763]: (0.4, 2.0, 0.3) 1
[15:59:58.784]: (0.4, 1.9, 0.3) 1
[15:59:58.808]: (0.4, 2.0, 0.3) 1
[15:59:58.830]: (0.4, 2.0, 0.3) 1
[15:59:58.851]: (0.4, 2.0, 0.4) 1
[15:59:59.220]: (0.1, 3.0, 0.2) 28
[15:59:59.299]: (-0.5, 2.6, 1.1) 38
[15:59:59.844]: (-0.5, 2.5, 0.9) 32
[15:59:59.974]: (-0.5, 2.6, 1.1) 38
[15:59:59.990]: (-0.5, 2.6, 1.1) 38
[16:00:00.009]: (-0.5, 2.6, 1.1) 38
[16:00:00.044]: (-0.5, 2.6, 1.1) 38
[16:00:00.062]: (-0.5, 2.6, 1.1) 38
[16:00:00.078]: (-0.5, 2.6, 1.1) 38
[16:00:00.112]: (-0.5, 2.6, 1.1) 38
[16:00:00.177]: (-0.6, 2.5, 0.9) 31
[16:00:00.196]: (-0.6, 2.5, 1.0) 31
[16:00:00.218]: (-0.6, 2.5, 0.9) 31
[16:00:00.239]: (-0.6, 2.5, 1.0) 31
[16:00:00.262]: (-0.6, 2.5, 0.9) 31
[16:00:00.285]: (-0.6, 2.5, 0.9) 31
[16:00:00.306]: (-0.6, 2.5, 0.9) 31
[16:00:00.330]: (-0.6, 2.5, 0.9) 31
[16:00:00.351]: (-0.6, 2.5, 1.0) 31
[16:00:00.374]: (-0.6, 2.5, 1.0) 31
[16:00:00.395]: (-0.6, 2.5, 1.0) 31
[16:00:00.417]: (-0.6, 2.5, 1.0) 31
[16:00:00.440]: (-0.6, 2.5, 1.0) 31
[16:00:00.463]: (-0.6, 2.5, 1.0) 31
[16:00:00.484]: (-0.6, 2.5, 1.0) 31
[16:00:00.506]: (-0.6, 2.5, 0.9) 31
[16:00:00.528]: (-0.6, 2.5, 0.9) 31
[16:00:00.551]: (-0.6, 2.5, 0.9) 31
[16:00:00.572]: (-0.6, 2.5, 0.9) 31
[16:00:00.596]: (-0.6, 2.5, 1.0) 31
[16:00:00.613]: (-0.6, 2.5, 1.0) 31
[16:00:00.631]: (-0.6, 2.5, 1.0) 31
[16:00:00.649]: (-0.6, 2.5, 1.0) 31
[16:00:00.666]: (-0.6, 2.5, 1.1) 30
[16:00:00.683]: (-0.6, 2.5, 1.1) 30
[16:00:00.699]: (-0.6, 2.5, 1.1) 30
[16:00:00.717]: (-0.6, 2.5, 1.1) 30
[16:00:00.734]: (-0.6, 2.5, 1.1) 30
[16:00:00.752]: (-0.6, 2.5, 1.1) 30
[16:00:00.771]: (-0.6, 2.5, 1.1) 30
[16:00:00.788]: (-0.6, 2.5, 1.1) 30
[16:00:00.805]: (-0.6, 2.5, 1.1) 30
[16:00:00.821]: (-0.6, 2.5, 1.1) 30
[16:00:00.838]: (-0.6, 2.4, 0.9) 42
[16:00:00.855]: (-0.6, 2.4, 0.9) 42
[16:00:00.872]: (-0.6, 2.4, 0.9) 42
[16:00:00.887]: (-0.6, 2.4, 0.9) 42
[16:00:00.905]: (-0.6, 2.4, 0.9) 42
[16:00:00.922]: (-0.6, 2.4, 0.9) 42
[16:00:00.939]: (-0.5, 2.6, 1.1) 38
[16:00:00.955]: (-0.5, 2.5, 0.9) 32
[16:00:00.988]: (-0.5, 2.6, 0.9) 33
[16:00:01.038]: (-0.5, 2.5, 0.8) 32
[16:00:01.062]: (-0.5, 2.5, 0.8) 32
[16:00:01.085]: (-0.5, 2.5, 0.8) 32
[16:00:01.105]: (-0.5, 2.5, 0.8) 32
[16:00:01.129]: (-0.5, 2.5, 0.8) 32
[16:00:01.151]: (-0.5, 2.5, 0.8) 32
[16:00:01.172]: (-0.5, 2.5, 0.8) 32
[16:00:01.195]: (-0.5, 2.5, 0.8) 32
[16:00:01.219]: (-0.5, 2.5, 0.8) 32
[16:00:01.239]: (-0.5, 2.5, 0.8) 32
[16:00:01.262]: (-0.5, 2.5, 0.8) 32
[16:00:01.284]: (-0.5, 2.5, 0.9) 32
[16:00:01.306]: (-0.5, 2.5, 0.9) 32
[16:00:01.330]: (-0.5, 2.5, 0.9) 32
[16:00:01.353]: (-0.5, 2.5, 0.9) 32
[16:00:01.373]: (-0.5, 2.5, 0.9) 32
[16:00:01.396]: (-0.5, 2.5, 0.9) 32
[16:00:01.418]: (-0.5, 2.5, 0.9) 32
[16:00:02.017]: (-0.3, 2.4, 0.8) 36
[16:00:02.062]: (-0.3, 2.5, 0.8) 36
[16:00:02.105]: (-0.3, 2.5, 0.8) 36
[16:00:02.328]: (-0.5, 2.5, 0.9) 32
[16:00:02.352]: (-0.5, 2.5, 0.9) 32
[16:00:02.371]: (-0.5, 2.5, 0.9) 32
[16:00:02.389]: (-0.5, 2.5, 0.9) 32
[16:00:02.711]: (-0.4, 2.6, 0.8) 33
[16:00:02.729]: (-0.4, 2.6, 0.9) 33
[16:00:02.748]: (-0.5, 2.6, 0.9) 33
[16:00:02.765]: (-0.5, 2.6, 0.9) 33
[16:00:02.783]: (-0.5, 2.6, 0.9) 33
[16:00:02.831]: (-0.5, 2.6, 0.9) 33
[16:00:03.423]: (-0.3, 2.4, 0.8) 36
[16:00:03.441]: (-0.3, 2.4, 0.8) 36
