[13:41:51.473]: (-0.4, -0.1, 0.0) 5
[13:41:51.558]: (-0.2, 0.0, 0.0) 1
[13:41:56.554]: (-0.9, 1.5, 0.3) 1
[13:41:56.596]: (-0.8, 1.5, 0.2) 2
[13:41:56.619]: (-0.9, 1.5, 0.3) 1
[13:41:56.641]: (-0.9, 1.5, 0.3) 1
[13:41:56.663]: (-0.8, 1.6, 0.4) 1
[13:41:56.686]: (-0.8, 1.6, 0.4) 1
[13:41:56.717]: (-0.8, 1.6, 0.4) 1
[13:41:56.751]: (-0.8, 1.6, 0.5) 1
[13:41:56.784]: (-0.8, 1.6, 0.5) 1
[13:41:56.820]: (-0.8, 1.6, 0.5) 1
[13:41:57.465]: (-0.5, 1.9, 0.8) 0
[13:41:57.837]: (-0.4, 1.9, 0.8) 1
[13:41:57.855]: (-0.4, 1.9, 0.8) 1
[13:41:57.889]: (-0.4, 1.9, 0.8) 1
[13:41:57.906]: (-0.4, 1.9, 0.8) 1
[13:41:57.950]: (-0.4, 1.9, 0.8) 1
[13:41:57.969]: (-0.5, 1.9, 0.8) 0
[13:41:57.992]: (-0.4, 1.9, 0.6) 2
[13:41:58.015]: (-0.4, 1.9, 0.6) 2
[13:41:58.060]: (-0.4, 1.8, 0.6) 2
[13:41:58.079]: (-0.4, 1.8, 0.6) 2
[13:41:58.124]: (-0.4, 1.9, 0.6) 2
[13:41:58.147]: (-0.4, 1.9, 0.6) 2
[13:41:58.168]: (-0.4, 1.9, 0.6) 2
[13:41:58.190]: (-0.4, 1.9, 0.6) 2
[13:41:58.213]: (-0.4, 1.9, 0.6) 2
[13:41:58.236]: (-0.4, 1.9, 0.6) 2
[13:41:58.257]: (-0.4, 1.9, 0.6) 2
[13:41:58.279]: (-0.4, 1.9, 0.6) 2
[13:41:58.301]: (-0.4, 1.9, 0.6) 2
[13:41:58.324]: (-0.4, 1.9, 0.6) 2
[13:41:58.368]: (-0.5, 1.9, 0.8) 0
[13:41:58.391]: (-0.4, 1.9, 0.8) 1
[13:41:58.413]: (-0.4, 1.9, 0.8) 1
[13:41:58.685]: (0.0, 1.9, 0.7) 1
[13:41:58.706]: (0.0, 1.9, 0.7) 1
[13:41:58.729]: (0.0, 1.9, 0.7) 1
[13:41:58.839]: (-0.1, 2.0, 1.0) 4
[13:41:58.862]: (-0.1, 2.0, 1.0) 4
[13:41:58.884]: (-0.1, 2.0, 1.0) 4
[13:41:58.971]: (0.0, 1.8, 0.7) 1
[13:41:58.989]: (0.0, 1.8, 0.7) 1
[13:41:59.012]: (0.0, 1.8, 0.7) 1
[13:41:59.034]: (0.0, 1.8, 0.7) 1
[13:41:59.056]: (0.0, 1.8, 0.7) 1
[13:41:59.079]: (0.0, 1.8, 0.7) 1
[13:41:59.101]: (0.0, 1.8, 0.7) 1
[13:41:59.118]: (0.0, 1.8, 0.7) 1
[13:41:59.135]: (0.0, 1.8, 0.7) 1
[13:41:59.153]: (0.0, 1.8, 0.7) 1
[13:41:59.169]: (0.0, 1.8, 0.7) 1
[13:41:59.185]: (0.0, 1.8, 0.7) 1
[13:41:59.202]: (0.0, 1.8, 0.7) 1
[13:41:59.308]: (0.0, 1.8, 0.8) 1
[13:41:59.325]: (0.0, 1.8, 0.8) 1
[13:41:59.388]: (0.0, 1.8, 0.8) 1
[13:41:59.423]: (0.1, 1.8, 0.7) 1
[13:41:59.443]: (0.1, 1.8, 0.7) 1
[13:41:59.771]: (0.2, 2.0, 0.7) 5
[13:41:59.798]: (0.2, 2.0, 0.7) 5
[13:41:59.842]: (0.2, 2.0, 0.7) 5
[13:41:59.865]: (0.2, 1.9, 0.7) 5
[13:41:59.888]: (0.2, 1.9, 0.7) 5
[13:41:59.909]: (0.2, 1.9, 0.7) 5
[13:41:59.928]: (0.2, 1.9, 0.7) 5
[13:41:59.944]: (0.2, 1.9, 0.7) 5
[13:41:59.967]: (0.2, 1.9, 0.7) 5
[13:41:59.984]: (0.2, 2.0, 0.7) 5
[13:42:00.001]: (0.2, 1.9, 0.7) 5
[13:42:00.021]: (0.2, 1.9, 0.7) 5
[13:42:00.045]: (0.2, 1.9, 0.7) 5
[13:42:00.066]: (0.2, 2.0, 0.7) 5
[13:42:00.206]: (0.2, 2.0, 0.7) 5
[13:42:00.225]: (0.2, 2.0, 0.6) 5
[13:42:00.242]: (0.2, 2.0, 0.7) 5
[13:42:00.258]: (0.2, 2.0, 0.7) 5
[13:42:00.274]: (0.2, 2.0, 0.7) 5
[13:42:00.290]: (0.2, 2.0, 0.7) 5
[13:42:00.306]: (0.2, 2.0, 0.7) 5
[13:42:00.466]: (0.2, 2.0, 0.7) 5
[13:42:00.488]: (0.2, 2.0, 0.7) 5
[13:42:00.511]: (0.2, 2.0, 0.7) 5
[13:42:00.534]: (0.2, 2.0, 0.7) 5
[13:42:00.555]: (0.2, 2.0, 0.6) 5
[13:42:00.578]: (0.2, 1.9, 0.6) 5
[13:42:00.600]: (0.2, 1.9, 0.6) 5
[13:42:00.621]: (0.2, 1.9, 0.6) 5
[13:42:00.645]: (0.2, 1.9, 0.6) 5
[13:42:00.668]: (0.2, 1.9, 0.6) 5
[13:42:00.692]: (0.2, 1.9, 0.6) 5
[13:42:00.716]: (0.2, 1.9, 0.6) 5
[13:42:00.744]: (0.2, 1.9, 0.6) 5
[13:42:00.765]: (0.2, 1.9, 0.6) 5
[13:42:00.785]: (0.2, 1.9, 0.6) 5
[13:42:00.807]: (0.2, 1.9, 0.5) 5
[13:42:00.828]: (0.2, 1.9, 0.5) 5
[13:42:00.850]: (0.2, 1.9, 0.5) 5
[13:42:00.870]: (0.2, 1.9, 0.5) 5
[13:42:00.890]: (0.2, 1.9, 0.5) 5
[13:42:00.911]: (0.2, 1.9, 0.5) 5
[13:42:00.932]: (0.2, 1.9, 0.5) 5
[13:42:00.954]: (0.2, 1.9, 0.5) 5
[13:42:00.976]: (0.2, 1.9, 0.5) 5
[13:42:00.999]: (0.2, 1.9, 0.4) 5
[13:42:01.022]: (0.2, 1.9, 0.4) 5
[13:42:01.044]: (0.2, 1.9, 0.4) 5
[13:42:01.061]: (0.2, 1.9, 0.4) 5
[13:42:01.077]: (0.2, 1.9, 0.4) 5
[13:42:01.093]: (0.2, 1.9, 0.4) 5
[13:42:01.109]: (0.2, 2.0, 0.4) 5
[13:42:01.126]: (0.2, 2.0, 0.4) 5
[13:42:01.143]: (0.2, 2.0, 0.4) 5
[13:42:01.159]: (0.2, 2.0, 0.4) 5
[13:42:01.183]: (0.2, 2.0, 0.4) 5
[13:42:01.204]: (0.2, 2.0, 0.4) 5
[13:42:01.220]: (0.2, 2.0, 0.4) 5
[13:42:01.238]: (0.2, 2.0, 0.4) 5
[13:42:01.254]: (0.2, 2.0, 0.4) 5
[13:42:01.271]: (0.2, 2.0, 0.4) 5
[13:42:01.288]: (0.2, 2.0, 0.4) 5
[13:42:01.304]: (0.2, 2.0, 0.4) 5
[13:42:01.365]: (0.0, 2.0, 0.5) 4
[13:42:01.380]: (0.0, 2.0, 0.4) 4
[13:42:01.399]: (0.0, 2.0, 0.4) 4
[13:42:01.422]: (0.0, 2.0, 0.4) 4
[13:42:01.444]: (0.0, 2.0, 0.4) 4
[13:42:01.465]: (0.0, 2.0, 0.4) 4
[13:42:01.489]: (0.0, 2.0, 0.4) 4
[13:42:01.510]: (0.0, 2.0, 0.4) 4
[13:42:01.533]: (0.0, 2.0, 0.4) 4
[13:42:02.045]: (0.2, 2.0, 0.4) 5
[13:42:02.063]: (0.2, 2.0, 0.4) 5
[13:42:02.079]: (0.2, 2.0, 0.4) 5
[13:42:02.096]: (0.2, 2.0, 0.4) 5
[13:42:02.366]: (0.0, 2.0, 0.5) 4
[13:42:02.388]: (0.0, 2.0, 0.4) 4
[13:42:02.411]: (0.0, 2.0, 0.5) 4
[13:42:02.433]: (0.0, 2.0, 0.5) 4
[13:42:02.454]: (0.0, 2.0, 0.4) 4
[13:42:02.476]: (0.0, 2.0, 0.4) 4
[13:42:02.589]: (0.0, 2.0, 0.5) 4
[13:42:02.609]: (0.0, 2.0, 0.5) 4
[13:42:02.632]: (0.0, 2.0, 0.5) 4
[13:42:02.654]: (0.0, 2.0, 0.5) 4
[13:42:02.670]: (0.0, 2.0, 0.4) 4
[13:42:02.687]: (0.0, 2.0, 0.4) 4
[13:42:02.703]: (0.0, 2.0, 0.4) 4
[13:42:02.721]: (0.0, 2.0, 0.4) 4
[13:42:02.741]: (0.0, 2.0, 0.4) 4
[13:42:02.758]: (0.0, 2.0, 0.4) 4
[13:42:02.775]: (0.0, 2.0, 0.4) 4
[13:42:02.792]: (0.0, 2.0, 0.4) 4
[13:42:02.811]: (0.0, 2.0, 0.4) 4
[13:42:02.828]: (0.0, 2.0, 0.4) 4
[13:42:02.844]: (0.0, 2.0, 0.4) 4
[13:42:02.860]: (0.0, 2.0, 0.4) 4
[13:42:02.877]: (0.0, 2.0, 0.4) 4
[13:42:02.894]: (0.0, 2.0, 0.4) 4
[13:42:02.912]: (0.0, 2.0, 0.4) 4
[13:42:02.930]: (0.0, 2.0, 0.4) 4
[13:42:02.946]: (0.0, 2.0, 0.4) 4
[13:42:02.963]: (0.0, 2.0, 0.4) 4
[13:42:03.052]: (0.0, 1.6, 0.4) 2
[13:42:03.068]: (0.0, 1.6, 0.4) 2
[13:42:03.085]: (0.0, 1.6, 0.4) 2
[13:42:03.102]: (0.0, 1.7, 0.4) 2
[13:42:03.120]: (0.0, 1.7, 0.4) 2
[13:42:03.143]: (0.0, 1.7, 0.4) 2
[13:42:03.165]: (-0.1, 1.7, 0.4) 2
[13:42:03.187]: (0.0, 1.7, 0.4) 2
[13:42:03.211]: (-0.1, 1.7, 0.4) 2
[13:42:03.232]: (-0.1, 1.7, 0.4) 2
[13:42:03.256]: (-0.1, 1.7, 0.4) 2
[13:42:03.298]: (-0.1, 1.7, 0.4) 2
[13:42:03.321]: (-0.1, 1.7, 0.4) 2
[13:42:03.343]: (-0.1, 1.7, 0.4) 2
[13:42:03.365]: (-0.1, 1.7, 0.4) 2
[13:42:03.557]: (-0.1, 1.7, 0.4) 0
[13:42:03.894]: (0.0, 1.7, 0.4) 2
[13:42:03.917]: (0.0, 1.7, 0.4) 2
[13:42:03.941]: (0.0, 1.7, 0.4) 2
[13:42:03.963]: (0.0, 1.7, 0.3) 2
[13:42:03.985]: (0.1, 1.7, 0.3) 2
[13:42:04.006]: (0.1, 1.7, 0.4) 2
[13:42:04.028]: (0.1, 1.7, 0.4) 2
[13:42:04.049]: (0.1, 1.7, 0.4) 2
[13:42:04.071]: (0.1, 1.7, 0.3) 2
[13:42:04.093]: (0.1, 1.7, 0.4) 2
[13:42:04.114]: (0.1, 1.7, 0.4) 2
[13:42:04.136]: (0.1, 1.7, 0.4) 2
[13:42:04.157]: (0.1, 1.8, 0.4) 2
[13:42:04.259]: (0.1, 1.8, 0.4) 0
[13:42:04.293]: (0.1, 1.8, 0.4) 0
[13:42:04.392]: (0.0, 1.8, 0.4) 0
[13:42:04.425]: (0.1, 1.8, 0.4) 0
[13:42:04.458]: (0.1, 1.8, 0.4) 0
[13:42:04.492]: (0.1, 1.8, 0.4) 0
[13:42:04.525]: (0.1, 1.8, 0.4) 0
[13:42:04.558]: (0.1, 1.8, 0.4) 0
[13:42:04.593]: (0.1, 1.8, 0.4) 0
[13:42:04.627]: (0.1, 1.8, 0.4) 0
[13:42:04.655]: (0.1, 1.8, 0.4) 0
[13:42:04.693]: (0.1, 1.8, 0.4) 0
[13:42:04.724]: (0.1, 1.8, 0.4) 0
[13:42:04.754]: (0.1, 1.8, 0.4) 0
[13:42:04.787]: (0.1, 1.8, 0.4) 0
[13:42:04.821]: (0.1, 1.8, 0.4) 0
[13:42:04.913]: (0.1, 1.8, 0.4) 0
[13:42:05.008]: (0.1, 1.7, 0.4) 2
[13:42:05.032]: (0.1, 1.8, 0.4) 0
[13:42:05.053]: (0.0, 1.8, 0.4) 0
[13:42:05.075]: (0.0, 1.8, 0.4) 0
[13:42:05.098]: (0.0, 1.8, 0.4) 0
[13:42:05.408]: (0.0, 1.8, 0.4) 0
[13:42:05.431]: (0.0, 1.8, 0.4) 0
[13:42:05.453]: (0.0, 1.8, 0.4) 0
[13:42:05.475]: (0.0, 1.8, 0.4) 0
[13:42:05.497]: (0.0, 1.8, 0.4) 0
[13:42:05.521]: (0.0, 1.8, 0.4) 0
[13:42:05.543]: (0.0, 1.8, 0.4) 0
[13:42:05.563]: (0.0, 1.8, 0.4) 0
[13:42:05.587]: (0.1, 1.8, 0.4) 0
[13:42:05.610]: (0.2, 1.8, 0.4) 1
[13:42:06.009]: (0.1, 1.8, 0.4) 0
[13:42:06.030]: (0.1, 1.8, 0.4) 0
[13:42:06.053]: (0.1, 1.8, 0.4) 0
[13:42:06.078]: (0.1, 1.8, 0.4) 0
[13:42:06.096]: (0.1, 1.8, 0.4) 0
[13:42:06.120]: (0.1, 1.8, 0.4) 0
[13:42:06.142]: (0.1, 1.8, 0.4) 0
[13:42:06.163]: (0.1, 1.8, 0.4) 0
[13:42:06.187]: (0.1, 1.8, 0.4) 0
[13:42:06.203]: (0.1, 1.8, 0.4) 0
[13:42:06.220]: (0.1, 1.8, 0.4) 0
[13:42:06.236]: (0.1, 1.8, 0.4) 0
[13:42:06.254]: (0.1, 1.8, 0.4) 0
[13:42:06.270]: (0.1, 1.8, 0.4) 0
[13:42:06.287]: (0.1, 1.8, 0.4) 0
[13:42:06.303]: (0.1, 1.8, 0.4) 0
[13:42:06.320]: (0.1, 1.8, 0.4) 0
[13:42:06.338]: (0.1, 1.8, 0.4) 0
[13:42:06.356]: (0.1, 1.8, 0.4) 0
[13:42:06.373]: (0.1, 1.8, 0.4) 0
[13:42:06.390]: (0.1, 1.8, 0.4) 0
[13:42:06.406]: (0.1, 1.8, 0.4) 0
[13:42:06.439]: (0.1, 1.7, 0.4) 2
[13:42:06.455]: (0.1, 1.7, 0.4) 2
[13:42:06.471]: (0.1, 1.7, 0.4) 2
[13:42:06.488]: (0.1, 1.7, 0.4) 2
[13:42:06.505]: (0.1, 1.7, 0.4) 2
[13:42:06.522]: (0.1, 1.7, 0.4) 2
[13:42:06.539]: (0.1, 1.7, 0.4) 2
[13:42:06.556]: (0.1, 1.7, 0.4) 2
[13:42:06.573]: (0.1, 1.7, 0.4) 2
[13:42:06.590]: (0.1, 1.7, 0.4) 2
[13:42:06.608]: (0.1, 1.7, 0.4) 2
[13:42:06.627]: (0.1, 1.7, 0.4) 2
[13:42:06.647]: (0.1, 1.7, 0.3) 2
[13:42:06.663]: (0.1, 1.7, 0.3) 2
[13:42:06.687]: (0.1, 1.7, 0.3) 2
[13:42:06.709]: (0.1, 1.7, 0.3) 2
[13:42:06.733]: (0.1, 1.7, 0.3) 2
[13:42:06.751]: (0.1, 1.7, 0.4) 2
[13:42:06.864]: (0.1, 1.7, 0.4) 2
[13:42:06.886]: (0.1, 1.7, 0.3) 2
[13:42:06.909]: (0.1, 1.7, 0.4) 2
[13:42:06.929]: (0.1, 1.7, 0.4) 2
[13:42:06.953]: (0.1, 1.7, 0.4) 2
[13:42:06.974]: (0.1, 1.7, 0.4) 2
[13:42:06.997]: (0.1, 1.7, 0.4) 2
[13:42:07.020]: (0.1, 1.7, 0.4) 2
[13:42:07.041]: (0.1, 1.7, 0.3) 2
[13:42:07.063]: (0.1, 1.7, 0.3) 2
[13:42:07.086]: (0.1, 1.7, 0.3) 2
[13:42:07.108]: (0.1, 1.7, 0.4) 2
[13:42:07.128]: (0.1, 1.7, 0.4) 2
[13:42:07.144]: (0.1, 1.7, 0.4) 2
[13:42:07.161]: (0.1, 1.7, 0.4) 2
[13:42:07.178]: (0.1, 1.7, 0.4) 2
[13:42:07.196]: (0.1, 1.7, 0.4) 2
[13:42:07.213]: (0.1, 1.7, 0.4) 2
[13:42:07.229]: (0.1, 1.7, 0.4) 2
[13:42:07.246]: (0.1, 1.7, 0.4) 2
[13:42:07.263]: (0.1, 1.7, 0.4) 2
[13:42:07.279]: (0.1, 1.7, 0.4) 2
[13:42:07.296]: (0.1, 1.7, 0.4) 2
[13:42:07.312]: (0.1, 1.7, 0.4) 2
[13:42:07.328]: (0.1, 1.7, 0.4) 2
[13:42:07.345]: (0.1, 1.7, 0.4) 2
[13:42:07.362]: (0.1, 1.8, 0.4) 2
[13:42:07.378]: (0.1, 1.8, 0.4) 2
[13:42:07.395]: (0.1, 1.8, 0.4) 2
[13:42:07.410]: (0.1, 1.8, 0.4) 2
[13:42:07.428]: (0.1, 1.7, 0.4) 2
[13:42:07.445]: (0.1, 1.7, 0.4) 2
[13:42:07.461]: (0.1, 1.7, 0.4) 2
[13:42:07.478]: (0.1, 1.7, 0.4) 2
[13:42:07.495]: (0.1, 1.7, 0.4) 2
[13:42:07.512]: (0.1, 1.7, 0.4) 2
[13:42:07.528]: (0.1, 1.7, 0.4) 2
[13:42:07.545]: (0.1, 1.7, 0.4) 2
[13:42:07.561]: (0.1, 1.7, 0.4) 2
[13:42:07.578]: (0.1, 1.7, 0.4) 2
[13:42:07.597]: (0.1, 1.7, 0.3) 2
[13:42:07.620]: (0.1, 1.7, 0.3) 2
[13:42:07.641]: (0.1, 1.7, 0.3) 2
[13:42:07.664]: (0.1, 1.7, 0.3) 2
[13:42:07.687]: (0.1, 1.7, 0.3) 2
[13:42:07.708]: (0.1, 1.7, 0.3) 2
[13:42:07.731]: (0.1, 1.7, 0.4) 2
[13:42:07.752]: (0.1, 1.7, 0.4) 2
[13:42:07.841]: (0.1, 1.7, 0.4) 2
[13:42:07.863]: (0.0, 1.8, 0.4) 0
[13:42:07.887]: (0.1, 1.8, 0.4) 0
[13:42:07.907]: (0.0, 1.8, 0.4) 0
[13:42:07.929]: (0.0, 1.8, 0.4) 0
[13:42:07.952]: (0.0, 1.8, 0.4) 0
[13:42:07.977]: (0.0, 1.8, 0.4) 0
[13:42:07.995]: (0.0, 1.8, 0.4) 0
[13:42:08.011]: (0.0, 1.8, 0.4) 0
[13:42:08.028]: (0.1, 1.8, 0.4) 0
[13:42:08.045]: (0.1, 1.8, 0.4) 0
[13:42:08.062]: (0.1, 1.8, 0.4) 0
[13:42:08.078]: (0.1, 1.8, 0.4) 0
[13:42:08.095]: (0.1, 1.8, 0.4) 0
[13:42:08.111]: (0.1, 1.8, 0.4) 0
[13:42:08.128]: (0.1, 1.8, 0.4) 0
[13:42:08.145]: (0.1, 1.8, 0.4) 0
[13:42:08.161]: (0.1, 1.8, 0.4) 0
[13:42:08.178]: (0.1, 1.8, 0.4) 0
[13:42:08.194]: (0.0, 1.8, 0.4) 0
[13:42:08.211]: (0.0, 1.8, 0.4) 0
[13:42:08.228]: (0.0, 1.8, 0.4) 0
[13:42:08.245]: (0.0, 1.8, 0.4) 0
[13:42:08.261]: (0.0, 1.8, 0.4) 0
[13:42:08.279]: (0.0, 1.8, 0.4) 0
[13:42:08.295]: (0.0, 1.8, 0.4) 0
[13:42:08.312]: (0.0, 1.8, 0.4) 0
[13:42:08.328]: (0.0, 1.8, 0.4) 0
[13:42:08.346]: (0.0, 1.8, 0.4) 0
[13:42:08.362]: (0.0, 1.8, 0.4) 0
[13:42:08.378]: (0.0, 1.8, 0.4) 0
[13:42:08.395]: (0.0, 1.8, 0.4) 0
[13:42:08.412]: (0.0, 1.8, 0.4) 0
[13:42:08.429]: (0.1, 1.8, 0.4) 0
[13:42:10.982]: (0.3, 1.9, 0.5) 5
[13:42:10.999]: (0.3, 1.9, 0.5) 5
[13:42:11.015]: (0.3, 1.9, 0.5) 5
[13:42:11.032]: (0.3, 1.9, 0.5) 5
[13:42:11.051]: (0.3, 1.9, 0.5) 5
[13:42:11.068]: (0.3, 1.9, 0.5) 5
[13:42:11.087]: (0.3, 1.9, 0.5) 5
[13:42:11.106]: (0.3, 1.9, 0.5) 5
[13:42:11.135]: (0.3, 1.9, 0.5) 5
[13:42:11.156]: (0.3, 1.9, 0.5) 5
[13:42:11.179]: (0.3, 1.9, 0.5) 5
[13:42:11.199]: (0.3, 1.9, 0.5) 5
[13:42:11.222]: (0.3, 1.9, 0.5) 5
[13:42:11.245]: (0.3, 1.9, 0.5) 5
[13:42:11.267]: (0.3, 1.9, 0.4) 5
[13:42:11.288]: (0.3, 1.9, 0.4) 5
[13:42:11.309]: (0.3, 1.9, 0.4) 5
[13:42:11.332]: (0.3, 1.9, 0.4) 5
[13:42:11.355]: (0.3, 1.9, 0.4) 5
[13:42:11.377]: (0.3, 1.9, 0.4) 5
[13:42:11.398]: (0.2, 1.9, 0.4) 5
[13:42:11.423]: (0.2, 1.9, 0.4) 5
[13:42:11.446]: (0.2, 1.9, 0.4) 5
[13:42:11.466]: (0.2, 1.9, 0.3) 5
[13:42:11.488]: (0.2, 1.9, 0.3) 5
[13:42:11.510]: (0.2, 1.9, 0.3) 5
[13:42:11.534]: (0.2, 1.9, 0.3) 5
[13:42:11.556]: (0.2, 1.9, 0.3) 5
[13:42:11.578]: (0.2, 1.9, 0.3) 5
[13:42:11.597]: (0.2, 1.9, 0.3) 5
[13:42:11.620]: (0.2, 1.9, 0.3) 5
[13:42:11.641]: (0.2, 1.9, 0.3) 5
[13:42:11.662]: (0.2, 1.9, 0.3) 5
[13:42:11.684]: (0.2, 1.9, 0.3) 5
[13:42:11.704]: (0.2, 1.9, 0.3) 5
[13:42:11.725]: (0.2, 1.9, 0.3) 5
[13:42:11.750]: (0.2, 1.9, 0.3) 5
[13:42:11.772]: (0.2, 1.9, 0.3) 5
[13:42:11.794]: (0.2, 1.9, 0.3) 5
[13:42:11.816]: (0.2, 1.9, 0.3) 5
[13:42:11.838]: (0.2, 1.9, 0.3) 5
[13:42:11.859]: (0.2, 1.9, 0.3) 5
[13:42:11.877]: (0.1, 1.9, 0.3) 5
[13:42:11.893]: (0.1, 1.9, 0.3) 5
[13:42:11.911]: (0.1, 1.9, 0.3) 5
[13:42:11.935]: (0.1, 1.9, 0.3) 5
[13:42:11.956]: (0.1, 1.9, 0.3) 5
[13:42:11.981]: (0.1, 1.9, 0.3) 5
[13:42:12.057]: (0.1, 1.9, 0.3) 5
[13:42:12.137]: (0.0, 2.0, 0.3) 4
[13:42:12.173]: (0.0, 2.0, 0.3) 4
[13:42:12.195]: (0.0, 2.0, 0.3) 4
[13:42:12.225]: (0.0, 2.0, 0.3) 4
[13:42:12.246]: (0.0, 2.0, 0.3) 4
[13:42:12.269]: (0.0, 2.0, 0.3) 4
[13:42:12.291]: (0.0, 2.0, 0.3) 4
[13:42:12.308]: (0.0, 2.0, 0.3) 4
[13:42:12.326]: (0.0, 2.0, 0.3) 4
[13:42:12.351]: (0.0, 2.0, 0.3) 4
[13:42:12.385]: (0.0, 2.0, 0.3) 4
[13:42:12.418]: (0.0, 2.0, 0.3) 4
[13:42:12.518]: (0.1, 1.9, 0.3) 5
[13:42:12.551]: (0.1, 1.9, 0.3) 5
[13:42:12.584]: (0.1, 1.9, 0.3) 5
[13:42:12.619]: (0.1, 1.9, 0.3) 5
[13:42:12.651]: (0.1, 1.9, 0.3) 5
[13:42:12.685]: (0.1, 1.9, 0.3) 5
[13:42:12.717]: (0.1, 1.9, 0.3) 5
[13:42:12.751]: (0.1, 1.9, 0.3) 5
[13:42:12.784]: (0.0, 2.0, 0.3) 4
[13:42:12.823]: (0.0, 2.0, 0.3) 4
[13:42:12.852]: (0.0, 2.0, 0.3) 4
[13:42:12.890]: (0.0, 2.0, 0.3) 4
[13:42:12.918]: (0.0, 2.0, 0.3) 4
[13:42:12.952]: (0.0, 2.0, 0.3) 4
[13:42:12.985]: (0.0, 2.0, 0.3) 4
[13:42:13.008]: (0.0, 2.0, 0.3) 4
[13:42:13.099]: (0.0, 2.0, 0.3) 4
[13:42:13.118]: (0.0, 2.0, 0.3) 4
[13:42:13.135]: (0.1, 1.9, 0.3) 5
[13:42:13.154]: (0.1, 1.9, 0.3) 5
[13:42:13.175]: (0.1, 1.9, 0.3) 5
[13:42:13.193]: (0.1, 1.9, 0.3) 5
[13:42:13.213]: (0.1, 1.9, 0.3) 5
[13:42:13.234]: (0.1, 1.9, 0.3) 5
[13:42:13.251]: (0.1, 1.9, 0.3) 5
[13:42:13.280]: (0.1, 1.9, 0.3) 5
[13:42:13.304]: (0.1, 1.9, 0.3) 5
[13:42:13.327]: (0.1, 1.9, 0.3) 5
[13:42:13.349]: (0.1, 1.9, 0.3) 5
[13:42:13.373]: (0.1, 1.9, 0.3) 5
[13:42:13.397]: (0.1, 1.9, 0.3) 5
[13:42:13.419]: (0.1, 1.9, 0.3) 5
[13:42:13.442]: (0.1, 1.9, 0.3) 5
[13:42:13.464]: (0.1, 1.9, 0.2) 3
[13:42:13.486]: (0.1, 1.9, 0.2) 5
[13:42:13.508]: (0.1, 1.9, 0.2) 5
[13:42:13.531]: (0.1, 1.9, 0.2) 5
[13:42:13.555]: (0.0, 1.9, 0.2) 5
[13:42:13.580]: (0.0, 1.9, 0.2) 5
[13:42:13.602]: (0.0, 1.9, 0.2) 5
[13:42:13.626]: (0.0, 1.9, 0.2) 5
[13:42:13.649]: (0.0, 1.9, 0.2) 5
[13:42:13.667]: (0.0, 1.9, 0.2) 5
[13:42:13.685]: (0.0, 1.9, 0.2) 5
[13:42:13.703]: (0.0, 1.9, 0.2) 5
[13:42:13.723]: (0.0, 1.9, 0.2) 5
[13:42:13.745]: (0.0, 1.9, 0.2) 5
[13:42:13.767]: (0.0, 1.9, 0.2) 5
[13:42:13.790]: (0.0, 1.9, 0.2) 5
[13:42:13.807]: (0.0, 1.9, 0.2) 5
[13:42:13.829]: (0.0, 1.9, 0.2) 5
[13:42:13.851]: (0.0, 1.9, 0.2) 5
[13:42:13.873]: (0.0, 1.9, 0.2) 5
[13:42:13.895]: (0.0, 1.9, 0.2) 5
[13:42:13.919]: (0.0, 1.9, 0.2) 5
[13:42:13.987]: (0.0, 1.9, 0.2) 5
[13:42:14.008]: (0.0, 1.9, 0.2) 5
[13:42:14.031]: (0.0, 1.9, 0.2) 5
[13:42:14.053]: (-0.1, 2.0, 0.3) 4
[13:42:14.079]: (-0.1, 2.0, 0.3) 4
[13:42:14.099]: (-0.1, 2.0, 0.3) 4
[13:42:14.122]: (-0.1, 2.0, 0.3) 4
[13:42:14.145]: (-0.1, 2.0, 0.3) 4
[13:42:14.568]: (0.1, 1.8, 0.4) 0
[13:42:14.583]: (0.1, 1.8, 0.4) 0
[13:42:14.602]: (0.1, 1.8, 0.4) 0
[13:42:14.619]: (0.1, 1.8, 0.4) 0
[13:42:14.636]: (0.1, 1.8, 0.4) 0
[13:42:14.652]: (0.1, 1.8, 0.4) 0
[13:42:14.670]: (0.1, 1.8, 0.4) 0
[13:42:14.688]: (0.1, 1.8, 0.4) 0
[13:42:14.705]: (0.1, 1.8, 0.4) 0
[13:42:14.723]: (0.1, 1.8, 0.4) 0
[13:42:14.741]: (0.1, 1.8, 0.4) 0
[13:42:14.759]: (0.1, 1.8, 0.4) 0
[13:42:14.776]: (0.1, 1.8, 0.4) 0
[13:42:14.792]: (0.1, 1.8, 0.4) 0
[13:42:14.810]: (0.1, 1.8, 0.4) 0
[13:42:14.826]: (0.1, 1.8, 0.4) 0
[13:42:14.844]: (0.1, 1.8, 0.4) 0
[13:42:14.860]: (0.1, 1.8, 0.4) 0
[13:42:14.876]: (0.1, 1.8, 0.4) 0
[13:42:14.893]: (0.1, 1.8, 0.4) 0
[13:42:14.911]: (0.1, 1.8, 0.4) 0
[13:42:14.929]: (0.1, 1.8, 0.4) 0
[13:42:14.949]: (0.1, 1.8, 0.4) 0
[13:42:14.973]: (0.1, 1.8, 0.4) 0
[13:42:14.995]: (0.1, 1.8, 0.4) 0
[13:42:15.016]: (0.1, 1.8, 0.4) 0
[13:42:15.039]: (0.1, 1.8, 0.4) 0
[13:42:15.060]: (0.1, 1.8, 0.4) 0
[13:42:15.083]: (0.1, 1.8, 0.4) 0
[13:42:15.105]: (0.1, 1.8, 0.4) 0
[13:42:15.128]: (0.1, 1.8, 0.4) 0
[13:42:15.150]: (0.1, 1.8, 0.4) 0
[13:42:15.172]: (0.1, 1.8, 0.4) 0
[13:42:15.194]: (0.1, 1.8, 0.4) 0
[13:42:15.218]: (0.1, 1.8, 0.4) 0
[13:42:15.239]: (0.1, 1.8, 0.4) 0
[13:42:15.262]: (0.1, 1.8, 0.4) 0
[13:42:15.282]: (0.1, 1.8, 0.4) 0
[13:42:15.306]: (0.1, 1.8, 0.4) 0
[13:42:15.329]: (0.1, 1.8, 0.4) 0
[13:42:15.362]: (0.1, 1.8, 0.4) 2
[13:42:15.379]: (0.1, 1.8, 0.4) 2
[13:42:15.395]: (0.1, 1.8, 0.4) 2
[13:42:15.413]: (0.1, 1.7, 0.4) 2
[13:42:15.431]: (0.1, 1.7, 0.4) 2
[13:42:15.448]: (0.1, 1.7, 0.4) 2
[13:42:15.465]: (0.1, 1.7, 0.4) 2
[13:42:15.482]: (0.1, 1.7, 0.4) 2
[13:42:15.500]: (0.1, 1.7, 0.4) 2
[13:42:15.516]: (0.1, 1.7, 0.4) 2
[13:42:15.533]: (0.1, 1.7, 0.4) 2
[13:42:15.549]: (0.1, 1.7, 0.4) 2
[13:42:15.566]: (0.1, 1.7, 0.4) 2
[13:42:15.582]: (0.1, 1.7, 0.4) 2
[13:42:15.598]: (0.1, 1.7, 0.4) 2
[13:42:15.614]: (0.1, 1.7, 0.4) 2
[13:42:15.631]: (0.1, 1.7, 0.4) 2
[13:42:15.647]: (0.1, 1.7, 0.4) 2
[13:42:15.663]: (0.1, 1.7, 0.4) 2
[13:42:15.680]: (0.1, 1.7, 0.4) 2
[13:42:15.695]: (0.1, 1.7, 0.4) 2
[13:42:15.711]: (0.1, 1.7, 0.4) 2
[13:42:15.729]: (0.1, 1.8, 0.4) 2
[13:42:15.746]: (0.1, 1.8, 0.4) 2
[13:42:15.763]: (0.1, 1.8, 0.4) 2
[13:42:15.779]: (0.1, 1.8, 0.4) 2
[13:42:15.797]: (0.1, 1.8, 0.4) 2
[13:42:15.813]: (0.1, 1.8, 0.4) 2
[13:42:15.829]: (0.1, 1.8, 0.4) 2
[13:42:15.851]: (0.1, 1.8, 0.4) 2
[13:42:15.873]: (0.1, 1.8, 0.4) 2
[13:42:15.894]: (0.1, 1.8, 0.4) 2
[13:42:15.916]: (0.1, 1.8, 0.4) 2
[13:42:15.938]: (0.1, 1.8, 0.4) 2
[13:42:15.960]: (0.1, 1.8, 0.4) 2
[13:42:15.982]: (0.1, 1.8, 0.4) 2
[13:42:16.006]: (0.1, 1.8, 0.4) 2
[13:42:16.027]: (0.1, 1.8, 0.4) 2
[13:42:16.050]: (0.1, 1.8, 0.4) 2
[13:42:16.072]: (0.1, 1.8, 0.4) 2
[13:42:16.094]: (0.1, 1.8, 0.4) 2
[13:42:16.117]: (0.1, 1.8, 0.4) 2
[13:42:16.139]: (0.1, 1.8, 0.4) 2
[13:42:16.160]: (0.1, 1.8, 0.4) 2
[13:42:16.183]: (0.1, 1.8, 0.4) 2
[13:42:16.205]: (0.1, 1.8, 0.4) 2
[13:42:16.227]: (0.1, 1.8, 0.4) 2
[13:42:16.249]: (0.1, 1.8, 0.4) 0
[13:42:16.266]: (0.1, 1.9, 0.4) 0
[13:42:16.728]: (0.1, 1.8, 0.4) 0
[13:42:21.837]: (1.3, 2.0, 2.7) 1
[13:42:21.877]: (1.2, 2.0, 2.7) 1
[13:42:21.897]: (1.1, 2.1, 2.7) 1
[13:42:27.359]: (-0.3, 2.5, 1.9) 5
[13:42:27.380]: (-0.3, 2.5, 1.9) 5
[13:42:27.398]: (-0.3, 2.4, 1.9) 5
[13:42:30.034]: (0.5, 2.6, 1.0) 4
[13:42:37.056]: (1.8, 1.6, -0.1) 1
[13:42:37.079]: (1.8, 1.6, -0.1) 1
[13:42:37.099]: (1.5, 1.5, -0.1) 4
[13:42:37.123]: (1.5, 1.5, -0.1) 4
[13:42:37.164]: (1.7, 1.6, -0.1) 5
[13:42:37.193]: (1.7, 1.6, -0.1) 3
[13:42:37.468]: (0.9, 1.9, 1.3) 1
[13:42:39.143]: (0.0, 1.6, 1.3) 1
[13:42:39.163]: (0.1, 1.6, 1.0) 4
[13:42:39.185]: (0.0, 1.5, 1.0) 4
[13:42:39.662]: (0.0, 1.6, 0.9) 4
[13:42:39.683]: (-0.1, 1.6, 0.9) 4
[13:42:39.707]: (-0.1, 1.6, 0.9) 4
[13:42:39.730]: (-0.1, 1.6, 0.9) 4
[13:42:39.750]: (-0.1, 1.6, 0.9) 4
[13:42:39.773]: (0.0, 1.6, 0.9) 4
[13:42:39.817]: (0.0, 1.7, 1.2) 1
[13:42:39.839]: (0.0, 1.7, 1.2) 1
[13:42:39.864]: (0.0, 1.7, 1.2) 1
[13:42:39.888]: (0.0, 1.7, 1.2) 1
[13:42:39.910]: (0.0, 1.7, 1.2) 1
[13:42:39.933]: (0.0, 1.7, 1.1) 1
[13:42:39.955]: (0.0, 1.7, 1.1) 1
[13:42:40.064]: (0.0, 1.7, 1.1) 1
[13:42:40.110]: (0.0, 1.6, 0.8) 4
[13:42:40.133]: (0.0, 1.6, 0.7) 4
[13:42:40.153]: (0.0, 1.6, 0.7) 4
[13:42:40.178]: (0.0, 1.6, 0.7) 4
[13:42:40.199]: (0.0, 1.6, 0.7) 4
[13:42:40.221]: (0.0, 1.6, 0.7) 4
[13:42:40.501]: (-0.1, 1.5, 0.8) 4
[13:42:40.517]: (0.0, 1.5, 0.7) 4
[13:42:40.534]: (0.0, 1.5, 0.7) 4
[13:42:40.552]: (0.0, 1.5, 0.7) 4
[13:42:40.568]: (0.0, 1.5, 0.7) 4
[13:42:40.583]: (0.0, 1.5, 0.7) 4
[13:42:40.599]: (0.0, 1.5, 0.7) 4
[13:42:40.616]: (0.0, 1.5, 0.7) 4
[13:42:40.640]: (0.0, 1.5, 0.7) 4
[13:42:40.661]: (0.0, 1.5, 0.7) 4
[13:42:40.683]: (0.0, 1.5, 0.7) 4
[13:42:40.706]: (0.0, 1.6, 0.7) 4
[13:42:40.728]: (0.0, 1.6, 0.7) 4
[13:42:40.750]: (0.0, 1.6, 0.7) 4
[13:42:40.772]: (0.0, 1.6, 0.7) 4
[13:42:41.132]: (0.0, 1.7, 0.8) 1
[13:42:41.198]: (0.0, 1.7, 0.8) 0
[13:42:41.264]: (0.0, 1.8, 0.7) 1
[13:42:41.300]: (0.0, 1.8, 0.7) 1
[13:42:41.332]: (0.1, 1.8, 0.7) 1
[13:42:41.364]: (0.1, 1.8, 0.7) 1
[13:42:41.464]: (0.1, 1.8, 0.7) 1
[13:42:41.500]: (0.0, 1.7, 0.4) 4
[13:42:41.532]: (0.1, 1.8, 0.6) 1
[13:42:41.565]: (0.0, 1.8, 0.4) 5
[13:42:41.600]: (0.0, 1.8, 0.4) 5
[13:42:41.631]: (0.0, 1.8, 0.5) 5
[13:42:41.664]: (0.0, 1.8, 0.5) 5
[13:42:41.699]: (0.0, 1.8, 0.5) 5
[13:42:41.731]: (0.0, 1.8, 0.5) 5
[13:42:41.764]: (0.0, 1.8, 0.5) 5
[13:42:42.043]: (0.1, 1.9, 0.7) 1
[13:42:42.065]: (0.1, 1.9, 0.7) 1
[13:42:42.087]: (0.1, 1.9, 0.7) 1
[13:42:42.350]: (-0.1, 1.7, 0.7) 0
[13:42:42.373]: (-0.1, 1.8, 0.7) 0
[13:42:42.394]: (-0.1, 1.8, 0.7) 0
[13:42:42.417]: (-0.1, 1.8, 0.7) 0
[13:42:42.439]: (-0.1, 1.8, 0.7) 0
[13:42:42.461]: (-0.1, 1.8, 0.7) 0
[13:42:42.483]: (-0.1, 1.8, 0.7) 0
[13:42:42.506]: (-0.1, 1.8, 0.7) 0
[13:42:42.527]: (-0.1, 1.8, 0.7) 0
[13:42:42.551]: (-0.1, 1.8, 0.7) 0
[13:42:42.574]: (-0.1, 1.8, 0.7) 0
[13:42:42.597]: (-0.1, 1.8, 0.7) 0
[13:42:42.622]: (0.0, 1.8, 0.7) 0
[13:42:42.642]: (-0.1, 1.8, 0.7) 0
[13:42:42.664]: (-0.1, 1.7, 0.7) 0
[13:42:42.688]: (-0.1, 1.7, 0.7) 0
[13:42:42.712]: (-0.1, 1.7, 0.7) 0
[13:42:42.734]: (-0.1, 1.7, 0.7) 0
[13:42:42.758]: (-0.1, 1.7, 0.7) 0
[13:42:42.781]: (-0.1, 1.7, 0.7) 0
[13:42:42.804]: (-0.1, 1.7, 0.7) 0
[13:42:42.823]: (-0.1, 1.7, 0.7) 0
[13:42:42.846]: (-0.1, 1.7, 0.7) 0
[13:42:42.867]: (-0.1, 1.7, 0.7) 0
[13:42:42.892]: (-0.1, 1.7, 0.7) 0
[13:42:42.915]: (-0.1, 1.7, 0.7) 0
[13:42:42.936]: (-0.1, 1.7, 0.7) 0
[13:42:42.957]: (-0.1, 1.7, 0.7) 0
[13:42:42.981]: (-0.1, 1.7, 0.7) 0
[13:42:43.000]: (-0.1, 1.7, 0.7) 0
[13:42:43.024]: (-0.1, 1.7, 0.7) 0
[13:42:43.048]: (-0.1, 1.7, 0.7) 0
[13:42:43.069]: (-0.1, 1.7, 0.7) 0
[13:42:43.092]: (-0.1, 1.7, 0.7) 0
[13:42:43.114]: (-0.1, 1.7, 0.7) 0
[13:42:43.134]: (-0.1, 1.7, 0.7) 0
[13:42:43.155]: (-0.1, 1.7, 0.7) 0
[13:42:43.178]: (-0.1, 1.7, 0.7) 0
[13:42:43.200]: (-0.1, 1.7, 0.7) 0
[13:42:43.222]: (-0.1, 1.8, 0.7) 0
[13:42:43.244]: (-0.1, 1.8, 0.7) 0
[13:42:43.264]: (-0.1, 1.8, 0.7) 0
[13:42:43.288]: (-0.1, 1.8, 0.7) 0
[13:42:43.309]: (-0.1, 1.8, 0.7) 0
[13:42:44.840]: (-0.1, 1.9, 0.6) 0
[13:42:44.862]: (-0.1, 1.9, 0.6) 0
[13:42:44.882]: (-0.1, 1.9, 0.6) 2
[13:42:44.904]: (-0.1, 1.9, 0.6) 2
[13:42:44.926]: (-0.1, 2.0, 0.7) 2
[13:42:45.099]: (0.0, 1.8, 0.7) 0
[13:42:45.122]: (0.0, 1.8, 0.7) 0
[13:42:45.143]: (0.0, 1.8, 0.7) 0
[13:42:45.167]: (0.0, 1.8, 0.7) 0
[13:42:45.190]: (0.0, 1.8, 0.7) 0
[13:42:45.212]: (0.0, 1.8, 0.7) 0
[13:42:45.236]: (0.0, 1.8, 0.7) 0
[13:42:45.259]: (0.0, 1.8, 0.7) 0
[13:42:45.284]: (0.0, 1.8, 0.7) 0
[13:42:45.311]: (0.0, 1.8, 0.7) 0
[13:42:45.328]: (0.0, 1.8, 0.7) 0
[13:42:45.346]: (0.0, 1.8, 0.7) 0
[13:42:45.365]: (0.0, 1.8, 0.7) 0
[13:42:45.382]: (0.0, 1.8, 0.7) 0
[13:42:45.399]: (0.0, 1.8, 0.7) 0
[13:42:45.418]: (0.0, 1.8, 0.7) 0
[13:42:45.435]: (0.0, 1.8, 0.7) 0
[13:42:45.547]: (0.1, 1.6, 0.4) 4
[13:42:45.565]: (0.1, 1.6, 0.4) 4
[13:42:45.583]: (0.1, 1.6, 0.4) 4
[13:42:45.601]: (0.1, 1.6, 0.4) 4
[13:42:45.617]: (0.1, 1.6, 0.4) 4
[13:42:45.633]: (0.1, 1.6, 0.4) 4
[13:42:45.652]: (0.1, 1.6, 0.4) 4
[13:42:45.670]: (0.1, 1.6, 0.4) 4
[13:42:45.686]: (0.1, 1.6, 0.4) 4
[13:42:45.705]: (0.1, 1.6, 0.4) 4
[13:42:45.727]: (0.1, 1.6, 0.4) 4
[13:42:45.752]: (0.1, 1.7, 0.4) 4
[13:42:45.771]: (0.1, 1.7, 0.4) 4
[13:42:45.793]: (0.1, 1.7, 0.4) 4
[13:42:45.817]: (0.1, 1.7, 0.4) 4
[13:42:45.839]: (0.1, 1.7, 0.4) 4
[13:42:45.861]: (0.1, 1.7, 0.4) 4
[13:42:45.882]: (0.1, 1.7, 0.4) 4
[13:42:45.907]: (0.1, 1.6, 0.4) 4
[13:42:46.006]: (0.1, 1.6, 0.4) 4
[13:42:46.050]: (0.1, 1.6, 0.4) 4
[13:42:46.198]: (0.2, 1.8, 0.5) 1
[13:42:46.231]: (0.2, 1.8, 0.5) 1
[13:42:46.265]: (0.2, 1.7, 0.5) 1
[13:42:46.297]: (0.2, 1.7, 0.5) 1
[13:42:46.333]: (0.2, 1.7, 0.5) 1
[13:42:46.362]: (0.2, 1.7, 0.5) 1
[13:42:46.397]: (0.2, 1.7, 0.5) 1
[13:42:46.429]: (0.2, 1.7, 0.5) 1
[13:42:46.463]: (0.2, 1.7, 0.5) 1
[13:42:46.497]: (0.2, 1.7, 0.5) 0
[13:42:46.597]: (0.1, 1.7, 0.5) 0
[13:42:46.631]: (0.1, 1.7, 0.5) 0
[13:42:46.664]: (0.1, 1.7, 0.5) 0
[13:42:46.696]: (0.1, 1.7, 0.5) 0
[13:42:46.732]: (0.1, 1.7, 0.5) 0
[13:42:46.763]: (0.1, 1.7, 0.5) 0
[13:42:46.797]: (0.1, 1.7, 0.5) 0
[13:42:46.830]: (0.1, 1.7, 0.5) 0
[13:42:46.864]: (0.1, 1.7, 0.5) 0
[13:42:46.886]: (0.1, 1.7, 0.5) 0
[13:42:46.909]: (0.1, 1.7, 0.5) 0
[13:42:46.932]: (0.1, 1.7, 0.5) 0
[13:42:46.954]: (0.1, 1.7, 0.5) 0
[13:42:46.975]: (0.1, 1.7, 0.5) 0
[13:42:46.996]: (0.1, 1.7, 0.5) 0
[13:42:47.021]: (0.1, 1.7, 0.5) 0
[13:42:47.042]: (0.1, 1.7, 0.5) 0
[13:42:47.063]: (0.1, 1.7, 0.5) 0
[13:42:47.085]: (0.1, 1.7, 0.6) 0
[13:42:47.107]: (0.1, 1.7, 0.6) 0
[13:42:47.132]: (0.1, 1.7, 0.5) 0
[13:42:47.154]: (0.1, 1.7, 0.5) 0
[13:42:47.174]: (0.1, 1.7, 0.5) 0
[13:42:47.198]: (0.1, 1.7, 0.5) 0
[13:42:47.219]: (0.1, 1.7, 0.5) 0
[13:42:47.353]: (0.1, 1.7, 0.5) 0
[13:42:48.042]: (0.1, 1.8, 0.5) 2
[13:42:48.064]: (0.1, 1.8, 0.5) 0
[13:42:48.086]: (0.1, 1.8, 0.5) 0
[13:42:48.111]: (0.1, 1.8, 0.5) 0
[13:42:48.132]: (0.1, 1.8, 0.5) 0
[13:42:48.155]: (0.1, 1.8, 0.5) 0
[13:42:48.178]: (0.1, 1.8, 0.5) 0
[13:42:49.029]: (0.1, 1.5, 0.3) 4
[13:42:49.051]: (0.1, 1.5, 0.3) 4
[13:42:49.072]: (0.1, 1.5, 0.3) 4
[13:42:49.095]: (0.1, 1.5, 0.3) 4
[13:42:49.117]: (0.1, 1.5, 0.3) 4
[13:42:49.138]: (0.1, 1.5, 0.3) 4
[13:42:49.159]: (0.1, 1.5, 0.3) 4
[13:42:49.180]: (0.1, 1.5, 0.3) 4
[13:42:49.200]: (0.1, 1.5, 0.3) 4
[13:42:49.219]: (0.1, 1.5, 0.3) 4
[13:42:49.242]: (0.1, 1.5, 0.3) 4
[13:42:49.264]: (0.1, 1.5, 0.3) 4
[13:42:49.284]: (0.1, 1.5, 0.3) 4
[13:42:49.305]: (0.1, 1.5, 0.3) 4
[13:42:49.326]: (0.1, 1.5, 0.3) 4
[13:42:49.346]: (0.1, 1.5, 0.3) 4
[13:42:49.366]: (0.1, 1.5, 0.3) 4
[13:42:49.387]: (0.1, 1.5, 0.3) 4
[13:42:49.410]: (0.1, 1.5, 0.3) 4
[13:42:49.434]: (0.1, 1.5, 0.3) 4
[13:42:49.456]: (0.1, 1.5, 0.3) 4
[13:42:49.477]: (0.1, 1.5, 0.3) 4
[13:42:49.498]: (0.1, 1.5, 0.3) 4
[13:42:49.518]: (0.1, 1.5, 0.3) 4
[13:42:49.538]: (0.1, 1.5, 0.3) 4
[13:42:49.558]: (0.1, 1.6, 0.3) 4
[13:42:49.580]: (0.1, 1.6, 0.3) 4
[13:42:49.601]: (0.1, 1.6, 0.3) 4
[13:42:49.623]: (0.1, 1.6, 0.3) 4
[13:42:49.645]: (0.1, 1.6, 0.3) 4
[13:42:49.666]: (0.1, 1.6, 0.3) 4
[13:42:49.682]: (0.1, 1.6, 0.3) 4
[13:42:49.699]: (0.1, 1.6, 0.3) 4
[13:42:49.717]: (0.1, 1.6, 0.3) 4
[13:42:49.737]: (0.1, 1.6, 0.3) 4
[13:42:49.756]: (0.1, 1.6, 0.3) 4
[13:42:49.784]: (0.1, 1.6, 0.3) 4
[13:42:49.814]: (0.1, 1.6, 0.3) 4
[13:42:49.847]: (0.1, 1.6, 0.3) 4
[13:42:49.880]: (0.1, 1.6, 0.3) 4
[13:42:49.915]: (0.1, 1.6, 0.3) 4
[13:42:49.946]: (0.1, 1.6, 0.3) 4
[13:42:49.979]: (0.1, 1.6, 0.3) 4
[13:42:50.013]: (0.1, 1.6, 0.3) 4
[13:42:50.047]: (0.1, 1.6, 0.3) 4
[13:42:50.080]: (0.1, 1.6, 0.3) 4
[13:42:50.146]: (0.0, 1.7, 0.6) 0
[13:42:50.180]: (0.0, 1.7, 0.6) 0
[13:42:50.213]: (0.0, 1.7, 0.6) 0
[13:42:50.248]: (0.0, 1.7, 0.7) 2
[13:42:50.313]: (0.0, 1.7, 0.6) 0
[13:42:50.481]: (0.0, 1.7, 0.7) 2
[13:42:50.580]: (0.0, 1.7, 0.7) 2
[13:42:50.601]: (0.0, 1.7, 0.7) 2
[13:42:50.623]: (0.0, 1.7, 0.7) 2
[13:42:50.668]: (0.0, 1.7, 0.7) 2
[13:42:50.691]: (0.0, 1.7, 0.7) 2
[13:42:50.712]: (0.0, 1.7, 0.7) 2
[13:42:51.761]: (0.1, 1.7, 0.6) 1
[13:42:51.895]: (0.1, 1.6, 0.3) 4
[13:42:51.913]: (0.1, 1.6, 0.3) 4
[13:42:51.929]: (0.1, 1.6, 0.3) 4
[13:42:51.946]: (0.1, 1.6, 0.3) 4
[13:42:51.963]: (0.1, 1.6, 0.3) 4
[13:42:51.981]: (0.1, 1.6, 0.3) 4
[13:42:51.998]: (0.1, 1.6, 0.3) 4
[13:42:52.014]: (0.1, 1.6, 0.3) 4
[13:42:52.030]: (0.1, 1.6, 0.3) 4
[13:42:52.047]: (0.1, 1.6, 0.3) 4
[13:42:52.062]: (0.1, 1.6, 0.3) 4
[13:42:52.078]: (0.1, 1.6, 0.3) 4
[13:42:52.094]: (0.1, 1.6, 0.3) 4
[13:42:52.111]: (0.1, 1.6, 0.3) 4
[13:42:52.127]: (0.1, 1.6, 0.3) 4
[13:42:54.100]: (0.1, 1.5, 0.3) 4
[13:42:54.123]: (0.1, 1.5, 0.3) 4
[13:42:54.143]: (0.1, 1.6, 0.3) 4
[13:42:54.167]: (0.1, 1.5, 0.3) 4
[13:42:54.189]: (0.1, 1.6, 0.3) 4
[13:42:54.211]: (0.1, 1.5, 0.3) 4
[13:42:54.234]: (0.1, 1.5, 0.3) 4
[13:42:54.255]: (0.1, 1.5, 0.3) 4
[13:42:54.277]: (0.1, 1.5, 0.3) 4
[13:42:54.300]: (0.1, 1.5, 0.3) 4
[13:42:54.315]: (0.1, 1.5, 0.3) 4
[13:42:54.331]: (0.1, 1.5, 0.3) 4
[13:42:54.347]: (0.1, 1.5, 0.3) 4
[13:42:54.364]: (0.1, 1.5, 0.3) 4
[13:42:54.380]: (0.1, 1.5, 0.3) 4
[13:42:54.397]: (0.1, 1.5, 0.3) 4
[13:42:54.413]: (0.1, 1.5, 0.3) 4
[13:42:54.431]: (0.1, 1.5, 0.3) 4
[13:42:54.447]: (0.1, 1.5, 0.3) 4
[13:42:54.464]: (0.1, 1.5, 0.3) 4
[13:43:10.026]: (0.1, 1.7, 0.5) 1
[13:43:10.072]: (0.1, 1.5, 0.3) 4
[13:43:10.093]: (0.1, 1.6, 0.3) 4
[13:43:10.139]: (0.1, 1.5, 0.3) 4
[13:43:10.249]: (0.1, 1.5, 0.3) 4
[13:43:10.271]: (0.1, 1.5, 0.3) 4
[13:43:10.338]: (0.1, 1.5, 0.3) 4
[13:43:10.360]: (0.1, 1.5, 0.3) 4
[13:43:10.382]: (0.1, 1.5, 0.3) 4
[13:43:10.404]: (0.1, 1.5, 0.3) 4
[13:43:10.426]: (0.1, 1.5, 0.3) 4
[13:43:10.449]: (0.1, 1.5, 0.3) 4
[13:43:10.471]: (0.1, 1.5, 0.3) 4
[13:43:10.488]: (0.1, 1.5, 0.3) 4
[13:43:10.504]: (0.1, 1.5, 0.3) 4
[13:43:10.520]: (0.1, 1.5, 0.3) 4
[13:43:10.536]: (0.1, 1.5, 0.3) 4
[13:43:10.551]: (0.1, 1.5, 0.3) 4
[13:43:10.567]: (0.1, 1.5, 0.3) 4
[13:43:10.583]: (0.1, 1.5, 0.3) 4
[13:43:10.598]: (0.1, 1.5, 0.3) 4
[13:43:10.615]: (0.1, 1.5, 0.3) 4
[13:43:10.631]: (0.1, 1.5, 0.3) 4
[13:43:10.646]: (0.1, 1.5, 0.3) 4
[13:43:10.662]: (0.1, 1.5, 0.3) 4
[13:43:10.679]: (0.1, 1.5, 0.3) 4
[13:43:10.696]: (0.1, 1.5, 0.3) 4
[13:43:10.713]: (0.1, 1.5, 0.3) 4
[13:43:10.731]: (0.1, 1.5, 0.3) 4
[13:43:10.747]: (0.1, 1.5, 0.3) 4
[13:43:10.763]: (0.1, 1.5, 0.3) 4
[13:43:10.779]: (0.1, 1.5, 0.3) 4
[13:43:10.796]: (0.1, 1.5, 0.3) 4
[13:43:10.813]: (0.1, 1.5, 0.3) 4
[13:43:10.830]: (0.1, 1.5, 0.3) 4
[13:43:10.847]: (0.1, 1.5, 0.3) 4
[13:43:10.862]: (0.1, 1.7, 0.5) 0
[13:43:10.893]: (0.0, 1.7, 0.6) 2
[13:43:10.909]: (0.0, 1.7, 0.6) 2
[13:43:11.215]: (0.0, 1.7, 0.6) 0
[13:43:11.237]: (0.1, 1.7, 0.5) 0
[13:43:11.325]: (0.1, 1.7, 0.6) 0
[13:43:11.379]: (0.0, 1.7, 0.6) 0
