[15:58:11.311]: (-0.6, -0.1, 1.9) 14
[15:58:11.336]: (-0.6, 0.0, 1.9) 14
[15:58:11.359]: (-0.5, 0.1, 1.9) 14
[15:58:11.381]: (-0.5, 0.2, 2.0) 14
[15:58:11.554]: (-0.3, 0.6, 2.5) 33
[15:58:11.576]: (-0.2, 0.7, 2.5) 33
[15:58:11.600]: (-0.2, 0.8, 2.2) 15
[15:58:11.622]: (-0.2, 0.8, 2.2) 12
[15:58:11.644]: (-0.2, 0.9, 2.2) 15
[15:58:11.669]: (-0.2, 0.8, 2.2) 15
[15:58:11.690]: (-0.2, 0.9, 2.2) 12
[15:58:11.878]: (-0.2, 0.9, 2.1) 16
[15:58:11.927]: (-0.2, 0.9, 2.1) 16
[15:58:11.945]: (-0.2, 0.9, 2.1) 16
[15:58:11.964]: (-0.2, 0.9, 2.1) 16
[15:58:12.216]: (-0.4, 0.8, 2.2) 15
[15:58:12.238]: (-0.3, 0.8, 2.2) 15
[15:58:12.262]: (-0.3, 0.8, 2.2) 12
[15:58:12.282]: (-0.3, 0.8, 2.2) 15
[15:58:12.306]: (-0.3, 0.8, 2.2) 15
[15:58:12.327]: (-0.3, 0.9, 2.2) 15
[15:58:12.349]: (-0.3, 0.9, 2.2) 15
[15:58:12.373]: (-0.3, 0.9, 2.2) 15
[15:58:12.393]: (-0.2, 0.9, 2.2) 12
[15:58:12.417]: (-0.2, 0.9, 2.2) 12
[15:58:12.444]: (-0.2, 0.8, 2.7) 29
[15:58:12.766]: (0.5, 1.9, 1.8) 17
[15:58:12.793]: (0.6, 2.0, 1.8) 17
[15:58:12.941]: (0.9, 2.3, 1.4) 22
[15:58:12.966]: (0.5, 2.1, 0.8) 10
[15:58:13.014]: (0.6, 2.2, 0.9) 11
[15:58:13.037]: (0.5, 2.2, 0.9) 11
[15:58:13.061]: (0.9, 2.5, 1.3) 20
[15:58:13.095]: (0.5, 2.2, 0.9) 11
[15:58:13.123]: (0.5, 2.2, 0.9) 11
[15:58:13.151]: (0.7, 2.5, 1.3) 23
[15:58:13.176]: (0.5, 2.2, 0.9) 11
[15:58:13.199]: (0.7, 2.5, 1.4) 24
[15:58:13.222]: (0.7, 2.5, 1.5) 24
[15:58:13.248]: (0.7, 2.5, 1.5) 24
[15:58:13.271]: (0.7, 2.5, 1.5) 24
[15:58:13.294]: (0.4, 2.2, 1.0) 5
[15:58:13.314]: (0.3, 2.1, 0.8) 10
[15:58:13.331]: (0.3, 2.1, 0.9) 4
[15:58:13.349]: (0.3, 2.1, 1.0) 4
[15:58:13.367]: (0.3, 2.1, 1.0) 4
[15:58:13.394]: (0.3, 2.2, 1.2) 3
[15:58:13.431]: (0.3, 2.1, 1.0) 2
[15:58:13.461]: (0.2, 2.1, 1.0) 2
[15:58:13.495]: (0.2, 2.0, 1.0) 2
[15:58:13.528]: (0.2, 2.0, 1.0) 2
[15:58:13.561]: (0.1, 2.0, 0.9) 8
[15:58:13.594]: (0.1, 2.1, 1.2) 6
[15:58:13.628]: (0.1, 2.1, 1.2) 6
[15:58:13.661]: (0.1, 2.1, 1.2) 6
[15:58:13.696]: (0.0, 2.1, 1.2) 6
[15:58:13.727]: (0.0, 2.1, 1.2) 6
[15:58:13.761]: (0.1, 2.1, 1.2) 6
[15:58:13.794]: (0.1, 2.1, 1.2) 6
[15:58:13.828]: (0.1, 2.0, 0.9) 8
[15:58:13.861]: (0.2, 2.1, 1.0) 2
[15:58:13.894]: (0.2, 2.1, 1.0) 2
[15:58:13.928]: (0.2, 2.1, 1.0) 2
[15:58:13.961]: (0.2, 2.1, 1.0) 2
[15:58:13.995]: (0.2, 2.1, 1.0) 2
[15:58:14.028]: (0.2, 2.1, 1.0) 2
[15:58:14.062]: (0.2, 2.1, 1.0) 2
[15:58:14.086]: (0.2, 2.1, 1.0) 2
[15:58:14.113]: (0.2, 2.1, 0.9) 2
[15:58:14.136]: (0.2, 2.0, 0.9) 8
[15:58:14.156]: (0.2, 2.1, 0.9) 8
[15:58:14.375]: (0.4, 2.2, 0.5) 10
[15:58:14.396]: (0.3, 2.3, 0.5) 10
[15:58:14.419]: (0.3, 2.3, 0.4) 10
[15:58:14.444]: (0.3, 2.3, 0.4) 10
[15:58:14.465]: (0.3, 2.3, 0.4) 10
[15:58:14.487]: (0.3, 2.3, 0.4) 10
[15:58:14.509]: (0.3, 2.3, 0.4) 10
[15:58:14.531]: (0.4, 2.5, 0.5) 11
[15:58:14.574]: (0.5, 2.9, 0.7) 23
[15:58:14.596]: (0.5, 2.8, 0.6) 23
[15:58:14.622]: (0.5, 2.8, 0.6) 23
[15:58:14.642]: (0.5, 2.8, 0.6) 23
[15:58:14.664]: (0.5, 2.8, 0.6) 23
[15:58:14.687]: (0.5, 2.8, 0.6) 23
[15:58:14.709]: (0.5, 2.8, 0.6) 23
[15:58:14.733]: (0.5, 2.8, 0.6) 23
[15:58:14.757]: (0.5, 2.8, 0.7) 23
[15:58:14.779]: (0.5, 2.9, 0.8) 24
[15:58:14.802]: (0.5, 2.8, 0.6) 23
[15:58:14.821]: (0.5, 2.8, 0.6) 23
[15:58:14.838]: (0.5, 2.8, 0.6) 23
[15:58:14.859]: (0.5, 2.8, 0.6) 23
[15:58:14.881]: (0.5, 2.8, 0.6) 23
[15:58:14.903]: (0.5, 2.8, 0.6) 23
[15:58:14.929]: (0.5, 2.8, 0.6) 23
[15:58:14.951]: (0.5, 2.8, 0.6) 23
[15:58:14.970]: (0.5, 2.8, 0.6) 23
[15:58:14.993]: (0.5, 2.8, 0.6) 23
[15:58:15.014]: (0.5, 2.8, 0.6) 23
[15:58:15.037]: (0.5, 2.8, 0.6) 23
[15:58:15.060]: (0.5, 2.8, 0.6) 23
[15:58:15.081]: (0.5, 2.8, 0.6) 23
[15:58:15.104]: (0.6, 2.9, 0.7) 20
[15:58:15.127]: (0.6, 2.9, 0.7) 20
[15:58:15.170]: (0.6, 2.9, 0.6) 20
[15:58:15.324]: (0.6, 2.8, 0.6) 23
[15:58:15.341]: (0.5, 2.8, 0.6) 23
[15:58:15.359]: (0.5, 2.8, 0.6) 23
[15:58:15.376]: (0.5, 2.8, 0.6) 23
[15:58:15.394]: (0.5, 2.8, 0.6) 23
[15:58:15.410]: (0.5, 2.8, 0.6) 23
[15:58:15.427]: (0.5, 2.8, 0.6) 23
[15:58:15.444]: (0.5, 2.8, 0.6) 23
[15:58:15.465]: (0.5, 2.8, 0.6) 23
[15:58:15.483]: (0.5, 2.8, 0.6) 23
[15:58:15.501]: (0.5, 2.8, 0.6) 23
[15:58:15.518]: (0.5, 2.8, 0.6) 23
[15:58:15.535]: (0.5, 2.8, 0.6) 23
[15:58:15.552]: (0.5, 2.8, 0.6) 23
[15:58:15.570]: (0.5, 2.8, 0.6) 23
[15:58:15.587]: (0.5, 2.8, 0.6) 23
[15:58:15.604]: (0.5, 2.8, 0.6) 23
[15:58:15.622]: (0.5, 2.8, 0.6) 23
[15:58:15.640]: (0.5, 2.8, 0.6) 23
[15:58:15.659]: (0.5, 2.8, 0.6) 23
[15:58:15.679]: (0.5, 2.8, 0.6) 23
[15:58:15.700]: (0.5, 2.8, 0.6) 23
[15:58:15.745]: (0.2, 2.5, 0.6) 1
[15:58:15.789]: (0.1, 2.6, 0.7) 7
[15:58:15.812]: (0.1, 2.6, 0.7) 7
[15:58:16.848]: (0.6, 2.7, 0.6) 18
[15:58:16.869]: (0.6, 2.6, 0.5) 23
[15:58:16.893]: (0.6, 2.6, 0.5) 23
[15:58:16.913]: (0.6, 2.6, 0.5) 23
[15:58:16.935]: (0.6, 2.6, 0.5) 23
[15:58:16.959]: (0.6, 2.6, 0.5) 23
[15:58:16.981]: (0.6, 2.6, 0.5) 23
[15:58:17.114]: (-1.1, 4.0, 2.3) 59
[15:58:17.137]: (-1.0, 3.7, 2.0) 56
[15:58:17.181]: (-1.1, 4.0, 2.3) 54
[15:58:17.203]: (-1.1, 3.9, 2.3) 58
[15:58:17.247]: (-1.3, 4.0, 2.3) 60
[15:58:17.292]: (-1.2, 3.9, 2.3) 59
[15:58:17.313]: (-1.2, 3.9, 2.3) 59
[15:58:17.336]: (-1.2, 3.9, 2.3) 59
[15:58:17.359]: (-1.2, 3.9, 2.3) 59
[15:58:17.382]: (-1.0, 3.7, 2.1) 56
[15:58:17.405]: (-1.0, 3.7, 2.1) 56
[15:58:17.429]: (-1.0, 3.8, 2.1) 56
[15:58:17.453]: (-1.1, 3.9, 2.3) 58
[15:58:17.476]: (-1.1, 3.8, 2.2) 64
[15:58:17.497]: (-1.1, 3.8, 2.2) 64
[15:58:17.523]: (-1.1, 3.8, 2.2) 64
[15:58:17.544]: (-1.1, 3.8, 2.2) 64
[15:58:17.653]: (-0.2, 3.3, 1.0) 31
[15:58:17.721]: (-0.1, 3.2, 0.9) 32
[15:58:17.742]: (-0.1, 3.2, 0.8) 32
[15:58:17.765]: (-0.2, 2.8, 0.5) 16
[15:58:17.790]: (-0.2, 2.7, 0.5) 16
[15:58:17.810]: (-0.2, 2.7, 0.5) 16
[15:58:17.916]: (-0.2, 3.9, 1.1) 41
[15:58:17.939]: (-0.3, 4.0, 1.0) 34
[15:58:17.960]: (-0.3, 3.9, 1.0) 36
[15:58:17.983]: (-0.3, 3.9, 1.0) 36
[15:58:18.027]: (-0.3, 3.9, 1.1) 34
[15:58:18.049]: (-0.4, 3.9, 1.0) 37
[15:58:18.072]: (-0.4, 3.8, 1.1) 37
[15:58:18.095]: (-0.4, 3.8, 1.1) 37
[15:58:18.117]: (-0.4, 3.8, 1.1) 37
[15:58:18.141]: (-0.4, 3.8, 1.2) 34
[15:58:18.163]: (-0.3, 3.8, 1.2) 34
[15:58:18.187]: (-0.3, 3.8, 1.2) 34
[15:58:18.291]: (-0.3, 3.8, 1.2) 41
[15:58:18.314]: (-0.3, 3.7, 1.2) 41
[15:58:18.337]: (-0.3, 3.8, 1.3) 41
[15:58:18.359]: (-0.3, 3.7, 1.2) 41
[15:58:18.586]: (-0.3, 3.7, 1.3) 36
[15:58:19.004]: (-0.2, 3.7, 1.3) 36
[15:58:19.022]: (-0.2, 3.7, 1.3) 36
[15:58:19.038]: (-0.2, 3.7, 1.3) 36
[15:58:19.055]: (-0.2, 3.7, 1.3) 36
[15:58:19.071]: (-0.2, 3.7, 1.3) 36
[15:58:19.087]: (-0.2, 3.7, 1.3) 36
[15:58:19.104]: (-0.2, 3.7, 1.3) 36
[15:58:19.120]: (-0.2, 3.7, 1.3) 36
[15:58:19.136]: (-0.2, 3.7, 1.3) 36
[15:58:19.152]: (-0.2, 3.7, 1.3) 36
[15:58:19.172]: (-0.2, 3.7, 1.3) 36
[15:58:19.190]: (-0.2, 3.7, 1.3) 36
[15:58:19.307]: (1.0, 3.4, 0.8) 72
[15:58:19.324]: (1.0, 3.4, 0.7) 72
[15:58:19.340]: (1.0, 3.4, 0.7) 72
[15:58:19.356]: (0.9, 3.5, 0.8) 72
[15:58:19.380]: (0.9, 3.4, 0.7) 72
[15:58:19.401]: (0.9, 3.4, 0.7) 72
[15:58:19.424]: (0.8, 3.3, 0.7) 76
[15:58:19.468]: (0.8, 3.3, 0.7) 76
[15:58:19.495]: (0.8, 3.3, 0.7) 76
[15:58:19.512]: (0.8, 3.3, 0.7) 76
[15:58:19.535]: (0.8, 3.3, 0.7) 76
[15:58:19.558]: (0.8, 3.3, 0.7) 76
[15:58:19.581]: (0.8, 3.3, 0.7) 76
[15:58:19.601]: (0.8, 3.3, 0.7) 76
[15:58:19.624]: (0.7, 3.3, 0.7) 76
[15:58:19.758]: (-1.4, 2.8, 1.6) 45
[15:58:19.775]: (-1.5, 2.7, 1.8) 48
[15:58:19.793]: (-1.5, 2.8, 1.7) 48
[15:58:19.811]: (-1.3, 2.6, 1.6) 53
[15:58:19.828]: (-1.5, 2.7, 1.7) 43
[15:58:19.847]: (-1.3, 2.6, 1.5) 53
[15:58:19.864]: (-1.3, 2.6, 1.5) 53
[15:58:19.882]: (-1.4, 2.7, 1.7) 43
[15:58:19.915]: (-1.2, 2.6, 1.5) 53
[15:58:19.933]: (-1.3, 2.6, 1.5) 53
[15:58:19.949]: (-1.3, 2.6, 1.5) 53
[15:58:19.965]: (-1.3, 2.6, 1.5) 53
[15:58:20.057]: (-1.3, 2.8, 1.6) 45
[15:58:20.075]: (-1.3, 2.7, 1.5) 50
[15:58:20.093]: (-1.3, 2.7, 1.5) 50
[15:58:20.112]: (-1.3, 2.8, 1.5) 50
[15:58:20.132]: (-1.3, 2.8, 1.5) 50
[15:58:20.154]: (-1.4, 2.8, 1.7) 48
[15:58:20.198]: (-1.4, 2.9, 1.7) 48
[15:58:20.263]: (-1.3, 2.9, 1.7) 48
[15:58:20.306]: (-1.3, 2.9, 1.7) 48
[15:58:20.329]: (-1.3, 2.9, 1.7) 48
[15:58:20.351]: (-1.3, 2.9, 1.6) 43
[15:58:20.394]: (-1.2, 2.7, 1.4) 53
[15:58:20.460]: (-0.4, 2.6, 0.6) 15
[15:58:20.480]: (-0.5, 2.6, 0.6) 15
[15:58:20.502]: (-0.5, 2.6, 0.6) 15
[15:58:20.531]: (-0.5, 2.6, 0.6) 15
[15:58:20.563]: (-0.5, 2.6, 0.6) 12
[15:58:20.596]: (-0.5, 2.6, 0.6) 12
[15:58:20.662]: (-0.5, 2.8, 0.8) 33
[15:58:20.696]: (-0.5, 2.7, 0.8) 33
[15:58:20.728]: (-0.5, 2.7, 0.8) 33
[15:58:20.763]: (-0.5, 2.7, 0.8) 33
[15:58:20.795]: (-0.5, 2.7, 0.8) 33
[15:58:20.829]: (-0.5, 2.7, 0.8) 33
[15:58:20.862]: (-0.4, 2.7, 0.9) 33
[15:58:20.894]: (-0.4, 2.6, 0.9) 33
[15:58:20.929]: (-0.4, 2.6, 0.9) 33
[15:58:20.961]: (-0.4, 2.6, 0.9) 33
[15:58:20.995]: (-0.4, 2.6, 0.9) 33
[15:58:21.030]: (-0.4, 2.6, 0.9) 33
[15:58:21.062]: (-0.4, 2.6, 0.9) 33
[15:58:21.094]: (-0.5, 2.7, 1.0) 30
[15:58:21.127]: (-0.5, 2.7, 1.1) 29
[15:58:21.161]: (-0.5, 2.6, 0.9) 33
[15:58:21.179]: (-0.5, 2.6, 1.0) 33
[15:58:21.512]: (-1.3, 3.2, 1.8) 56
[15:58:21.535]: (-1.6, 3.3, 2.1) 59
[15:58:21.557]: (-1.6, 3.3, 2.1) 59
[15:58:21.578]: (-1.6, 3.3, 2.1) 59
[15:58:21.645]: (-1.5, 3.3, 2.0) 58
[15:58:21.667]: (-1.6, 3.3, 2.1) 59
[15:58:21.712]: (-1.7, 3.3, 2.1) 60
[15:58:21.734]: (-1.7, 3.3, 2.1) 60
[15:58:21.757]: (-1.6, 3.3, 2.1) 59
[15:58:21.846]: (-1.5, 3.2, 2.0) 58
[15:58:21.890]: (-1.4, 3.2, 1.8) 56
[15:58:21.912]: (-1.6, 3.3, 2.1) 59
[15:58:21.935]: (-1.6, 3.3, 2.1) 59
[15:58:22.165]: (-1.4, 3.5, 2.2) 61
[15:58:22.188]: (-1.4, 3.5, 2.2) 61
[15:58:22.211]: (-1.4, 3.5, 2.1) 54
[15:58:22.232]: (-1.4, 3.4, 2.1) 54
[15:58:22.254]: (-1.4, 3.5, 2.1) 54
[15:58:22.276]: (-1.4, 3.5, 2.1) 54
[15:58:22.300]: (-1.2, 3.3, 1.9) 57
[15:58:22.321]: (-1.1, 3.2, 1.8) 56
[15:58:22.344]: (-1.1, 3.2, 1.8) 56
[15:58:22.366]: (-1.1, 3.2, 1.8) 56
[15:58:22.387]: (-1.1, 3.3, 1.8) 56
[15:58:22.409]: (-1.2, 3.2, 1.7) 56
[15:58:22.433]: (-1.2, 3.2, 1.7) 56
[15:58:22.454]: (-1.2, 3.2, 1.7) 56
[15:58:22.477]: (-1.3, 3.4, 1.9) 58
[15:58:22.499]: (-1.3, 3.4, 1.9) 63
[15:58:22.520]: (-1.3, 3.4, 1.9) 63
[15:58:22.563]: (-1.3, 3.4, 1.9) 58
[15:58:22.587]: (-1.3, 3.4, 1.9) 58
[15:58:22.632]: (-1.3, 3.3, 1.8) 64
[15:58:22.653]: (-1.4, 3.3, 1.7) 64
[15:58:22.676]: (-1.4, 3.3, 1.7) 64
[15:58:22.698]: (-1.4, 3.3, 1.7) 64
[15:58:22.828]: (-1.4, 3.5, 1.6) 58
[15:58:22.852]: (-1.3, 3.3, 1.5) 56
[15:58:22.873]: (-1.3, 3.3, 1.5) 56
[15:58:22.895]: (-1.3, 3.3, 1.5) 56
[15:58:22.918]: (-1.4, 3.3, 1.4) 56
[15:58:22.940]: (-1.4, 3.3, 1.4) 56
[15:58:22.965]: (-1.4, 3.3, 1.4) 56
[15:58:22.987]: (-1.5, 3.5, 1.7) 59
[15:58:23.009]: (-1.5, 3.6, 1.7) 59
[15:58:23.031]: (-1.5, 3.5, 1.7) 59
[15:58:23.049]: (-1.5, 3.5, 1.7) 59
[15:58:23.172]: (-1.5, 3.5, 1.7) 59
[15:58:23.204]: (-1.6, 3.5, 1.7) 60
[15:58:23.468]: (-1.5, 3.5, 1.7) 59
[15:58:23.501]: (-1.5, 3.5, 1.7) 59
[15:58:23.534]: (-1.5, 3.5, 1.7) 59
[15:58:23.567]: (-1.5, 3.5, 1.7) 59
[15:58:23.603]: (-1.5, 3.5, 1.7) 59
[15:58:23.635]: (-1.5, 3.5, 1.7) 59
[15:58:23.668]: (-1.5, 3.5, 1.7) 59
[15:58:23.702]: (-1.5, 3.4, 1.7) 58
[15:58:23.735]: (-1.4, 3.3, 1.5) 56
[15:58:23.768]: (-1.4, 3.2, 1.5) 56
[15:58:23.803]: (-1.4, 3.3, 1.5) 56
[15:58:23.826]: (-1.4, 3.3, 1.5) 56
[15:58:23.848]: (-1.5, 3.3, 1.6) 57
[15:58:23.895]: (-1.4, 3.2, 1.5) 56
[15:58:23.917]: (-1.4, 3.2, 1.5) 56
[15:58:23.961]: (-1.6, 3.4, 1.7) 63
[15:58:24.048]: (-1.6, 3.4, 1.6) 63
[15:58:24.139]: (-1.6, 3.4, 1.6) 63
[15:58:24.160]: (-1.6, 3.4, 1.5) 63
[15:58:24.182]: (-1.6, 3.4, 1.5) 63
[15:58:24.203]: (-1.6, 3.4, 1.5) 63
[15:58:24.226]: (-1.6, 3.4, 1.5) 63
[15:58:24.249]: (-1.6, 3.4, 1.5) 63
[15:58:24.272]: (-1.6, 3.4, 1.5) 63
[15:58:24.294]: (-1.6, 3.4, 1.5) 63
[15:58:24.316]: (-1.6, 3.4, 1.5) 63
[15:58:24.337]: (-1.6, 3.4, 1.5) 63
[15:58:24.607]: (-0.6, 3.5, 1.0) 41
[15:58:24.673]: (-0.6, 3.5, 1.0) 41
[15:58:24.699]: (-0.7, 3.4, 1.0) 41
[15:58:24.721]: (-0.7, 3.4, 0.9) 36
[15:58:24.744]: (-0.7, 3.4, 0.9) 36
[15:58:24.766]: (-0.7, 3.4, 0.9) 36
[15:58:24.789]: (-0.7, 3.3, 0.9) 35
[15:58:24.812]: (-0.7, 3.4, 0.9) 36
[15:58:24.832]: (-0.7, 3.3, 0.8) 40
[15:58:24.854]: (-0.8, 3.2, 0.8) 40
[15:58:24.876]: (-0.8, 3.2, 0.8) 40
[15:58:24.899]: (-0.8, 3.4, 0.9) 36
[15:58:24.921]: (-0.8, 3.4, 1.0) 41
[15:58:25.108]: (-0.9, 3.4, 1.0) 41
[15:58:25.130]: (-0.9, 3.4, 1.0) 41
[15:58:25.152]: (-0.9, 3.4, 1.0) 41
[15:58:25.174]: (-0.9, 3.4, 1.0) 41
[15:58:25.197]: (-0.9, 3.4, 1.0) 41
[15:58:25.219]: (-0.9, 3.4, 0.9) 41
[15:58:25.242]: (-0.9, 3.4, 0.9) 41
[15:58:25.655]: (-0.9, 3.3, 0.7) 40
[15:58:25.682]: (-0.9, 3.3, 0.7) 40
[15:58:25.706]: (-0.9, 3.3, 0.7) 40
[15:58:25.730]: (-0.9, 3.3, 0.7) 40
[15:58:25.752]: (-0.9, 3.3, 0.7) 40
[15:58:25.773]: (-0.9, 3.3, 0.7) 40
[15:58:25.797]: (-0.9, 3.3, 0.7) 40
[15:58:25.817]: (-0.9, 3.3, 0.7) 40
[15:58:25.840]: (-0.9, 3.3, 0.7) 40
[15:58:25.863]: (-0.9, 3.3, 0.7) 40
[15:58:25.886]: (-0.9, 3.3, 0.7) 40
[15:58:25.907]: (-0.9, 3.3, 0.7) 40
[15:58:25.933]: (-0.9, 3.3, 0.7) 40
[15:58:25.966]: (-0.9, 3.4, 0.8) 35
[15:58:26.000]: (-0.9, 3.4, 0.8) 35
[15:58:26.266]: (0.3, 3.3, 0.4) 69
[15:58:26.333]: (0.3, 3.3, 0.4) 69
[15:58:26.367]: (0.3, 3.3, 0.4) 69
[15:58:26.466]: (0.3, 3.3, 0.4) 69
[15:58:26.500]: (0.3, 3.3, 0.4) 69
[15:58:26.721]: (0.3, 2.5, 0.5) 18
[15:58:26.788]: (0.3, 2.5, 0.5) 18
[15:58:26.810]: (0.3, 2.5, 0.5) 18
[15:58:26.833]: (0.3, 2.5, 0.5) 18
[15:58:26.854]: (0.3, 2.5, 0.5) 18
[15:58:26.877]: (0.3, 2.4, 0.5) 18
[15:58:26.899]: (0.3, 2.4, 0.5) 18
[15:58:26.923]: (0.3, 2.4, 0.5) 18
[15:58:26.943]: (0.4, 2.4, 0.5) 18
[15:58:26.966]: (0.4, 2.4, 0.5) 18
[15:58:26.988]: (0.3, 2.4, 0.5) 23
[15:58:27.010]: (0.3, 2.4, 0.5) 23
[15:58:27.032]: (0.3, 2.4, 0.5) 23
[15:58:27.054]: (0.3, 2.4, 0.5) 23
[15:58:27.077]: (0.3, 2.4, 0.5) 23
[15:58:27.100]: (0.3, 2.4, 0.5) 23
[15:58:27.122]: (0.3, 2.4, 0.5) 23
[15:58:27.144]: (0.3, 2.4, 0.5) 23
[15:58:27.166]: (0.3, 2.4, 0.5) 23
[15:58:27.188]: (0.3, 2.4, 0.5) 23
[15:58:27.210]: (0.3, 2.4, 0.5) 18
[15:58:27.232]: (0.3, 2.4, 0.5) 18
[15:58:27.255]: (0.3, 2.4, 0.5) 18
[15:58:27.276]: (0.3, 2.4, 0.5) 18
[15:58:27.300]: (0.3, 2.4, 0.5) 18
[15:58:27.322]: (0.3, 2.5, 0.6) 22
[15:58:27.345]: (0.3, 2.5, 0.6) 22
[15:58:27.367]: (0.3, 2.5, 0.6) 22
[15:58:27.391]: (0.3, 2.5, 0.6) 22
[15:58:27.415]: (0.3, 2.5, 0.6) 22
[15:58:27.438]: (0.3, 2.5, 0.6) 22
[15:58:27.459]: (0.3, 2.5, 0.6) 22
[15:58:27.482]: (0.3, 2.5, 0.6) 22
[15:58:27.503]: (0.3, 2.5, 0.6) 22
[15:58:27.526]: (0.3, 2.5, 0.6) 22
[15:58:27.548]: (0.3, 2.5, 0.6) 22
[15:58:27.568]: (0.3, 2.5, 0.6) 22
[15:58:27.592]: (0.3, 2.5, 0.6) 22
[15:58:27.614]: (0.3, 2.5, 0.6) 22
[15:58:27.638]: (0.3, 2.5, 0.6) 22
[15:58:27.658]: (0.3, 2.5, 0.6) 22
[15:58:27.682]: (0.3, 2.5, 0.6) 22
[15:58:27.702]: (0.3, 2.5, 0.6) 22
[15:58:27.726]: (0.3, 2.5, 0.6) 22
[15:58:27.747]: (0.3, 2.5, 0.6) 22
[15:58:27.768]: (0.3, 2.5, 0.6) 22
[15:58:27.792]: (0.3, 2.3, 0.5) 23
[15:58:27.814]: (0.4, 2.4, 0.5) 23
[15:58:28.194]: (0.3, 2.4, 0.5) 23
[15:58:28.211]: (0.3, 2.4, 0.5) 23
[15:58:28.228]: (0.3, 2.4, 0.5) 23
[15:58:28.246]: (0.3, 2.4, 0.5) 23
[15:58:28.265]: (0.3, 2.4, 0.5) 23
[15:58:28.288]: (0.3, 2.4, 0.5) 23
[15:58:28.310]: (0.3, 2.4, 0.5) 23
[15:58:28.332]: (0.3, 2.4, 0.5) 23
[15:58:28.354]: (0.3, 2.4, 0.5) 23
[15:58:28.376]: (0.3, 2.4, 0.5) 23
[15:58:28.400]: (0.3, 2.4, 0.5) 23
[15:58:28.421]: (0.3, 2.4, 0.5) 23
[15:58:28.443]: (0.3, 2.4, 0.5) 23
[15:58:28.465]: (0.3, 2.4, 0.5) 23
[15:58:28.488]: (0.3, 2.4, 0.5) 23
[15:58:28.510]: (0.3, 2.4, 0.5) 23
[15:58:28.532]: (0.3, 2.4, 0.5) 23
[15:58:28.554]: (0.4, 2.4, 0.5) 18
[15:58:28.577]: (0.4, 2.4, 0.5) 18
[15:58:28.600]: (0.3, 2.4, 0.5) 18
[15:58:28.621]: (0.3, 2.4, 0.5) 18
[15:58:28.644]: (0.3, 2.4, 0.5) 18
[15:58:28.664]: (0.3, 2.4, 0.5) 18
[15:58:28.688]: (0.3, 2.4, 0.5) 18
[15:58:28.706]: (0.3, 2.4, 0.5) 18
[15:58:28.723]: (0.3, 2.4, 0.5) 18
[15:58:28.741]: (0.3, 2.4, 0.5) 18
[15:58:28.759]: (0.3, 2.4, 0.5) 18
[15:58:28.778]: (0.3, 2.4, 0.5) 18
[15:58:28.796]: (0.3, 2.4, 0.5) 18
[15:58:28.815]: (0.3, 2.4, 0.5) 18
[15:58:28.830]: (0.3, 2.4, 0.5) 18
[15:58:28.847]: (0.3, 2.4, 0.5) 18
[15:58:28.864]: (0.3, 2.4, 0.5) 18
[15:58:28.880]: (0.3, 2.4, 0.5) 18
[15:58:28.900]: (0.3, 2.4, 0.5) 23
[15:58:28.920]: (0.3, 2.4, 0.5) 23
[15:58:28.940]: (0.3, 2.4, 0.5) 23
[15:58:28.958]: (0.3, 2.4, 0.5) 23
[15:58:28.977]: (0.3, 2.4, 0.5) 23
[15:58:28.996]: (0.3, 2.4, 0.5) 23
[15:58:29.015]: (0.3, 2.4, 0.5) 23
[15:58:29.033]: (0.3, 2.4, 0.5) 23
[15:58:29.052]: (0.3, 2.4, 0.5) 23
[15:58:29.068]: (0.3, 2.4, 0.5) 23
[15:58:29.087]: (0.3, 2.4, 0.5) 23
[15:58:29.106]: (0.3, 2.4, 0.5) 23
[15:58:29.124]: (0.3, 2.4, 0.5) 23
[15:58:29.144]: (0.3, 2.4, 0.5) 23
[15:58:29.166]: (0.3, 2.4, 0.5) 23
[15:58:29.188]: (0.3, 2.4, 0.5) 23
[15:58:29.209]: (0.3, 2.4, 0.5) 23
[15:58:29.226]: (0.3, 2.4, 0.5) 23
[15:58:29.244]: (0.3, 2.4, 0.5) 23
[15:58:29.262]: (0.3, 2.5, 0.5) 18
[15:58:29.280]: (0.3, 2.4, 0.5) 18
[15:58:29.299]: (0.3, 2.5, 0.5) 18
[15:58:29.321]: (0.3, 2.5, 0.5) 18
[15:58:29.345]: (0.3, 2.5, 0.5) 18
[15:58:29.366]: (0.3, 2.5, 0.5) 18
[15:58:29.388]: (0.3, 2.5, 0.5) 18
[15:58:29.411]: (0.3, 2.5, 0.5) 18
[15:58:29.767]: (0.3, 2.5, 0.5) 18
[15:58:29.787]: (0.3, 2.5, 0.5) 18
[15:58:29.808]: (0.3, 2.5, 0.5) 18
[15:58:29.827]: (0.3, 2.4, 0.5) 18
[15:58:29.846]: (0.3, 2.5, 0.5) 18
[15:58:29.866]: (0.3, 2.5, 0.5) 18
[15:58:29.883]: (0.3, 2.5, 0.5) 18
[15:58:29.901]: (0.3, 2.4, 0.5) 18
[15:58:29.919]: (0.3, 2.4, 0.5) 18
[15:58:29.938]: (0.3, 2.4, 0.5) 18
[15:58:29.956]: (0.3, 2.5, 0.5) 18
[15:58:29.974]: (0.3, 2.4, 0.5) 18
[15:58:29.993]: (0.3, 2.4, 0.5) 18
[15:58:30.012]: (0.3, 2.4, 0.5) 18
[15:58:30.032]: (0.3, 2.4, 0.5) 18
[15:58:30.051]: (0.4, 2.4, 0.5) 18
[15:58:30.068]: (0.4, 2.4, 0.5) 23
[15:58:30.091]: (0.4, 2.4, 0.5) 18
[15:58:30.111]: (0.4, 2.4, 0.5) 23
[15:58:30.132]: (0.4, 2.4, 0.5) 23
[15:58:30.151]: (0.4, 2.4, 0.5) 23
[15:58:30.172]: (0.4, 2.4, 0.5) 23
[15:58:30.190]: (0.4, 2.4, 0.5) 23
[15:58:30.207]: (0.4, 2.4, 0.5) 23
[15:58:30.223]: (0.3, 2.4, 0.5) 23
[15:58:30.244]: (0.3, 2.4, 0.5) 23
[15:58:30.265]: (0.3, 2.4, 0.5) 23
[15:58:30.287]: (0.4, 2.4, 0.5) 23
[15:58:30.310]: (0.4, 2.4, 0.5) 23
[15:58:30.354]: (0.4, 2.4, 0.5) 23
[15:58:30.599]: (0.4, 2.4, 0.5) 23
[15:58:30.617]: (0.4, 2.4, 0.5) 23
[15:58:30.632]: (0.4, 2.4, 0.5) 23
[15:58:30.650]: (0.4, 2.4, 0.5) 23
[15:58:30.670]: (0.3, 2.4, 0.5) 23
[15:58:30.687]: (0.4, 2.4, 0.5) 18
[15:58:30.705]: (0.3, 2.4, 0.5) 23
[15:58:30.722]: (0.4, 2.4, 0.5) 23
[15:58:30.739]: (0.4, 2.4, 0.5) 23
[15:58:30.755]: (0.4, 2.4, 0.5) 23
[15:58:30.854]: (0.3, 2.4, 0.5) 23
[15:58:30.871]: (0.4, 2.4, 0.5) 18
[15:58:30.887]: (0.4, 2.4, 0.5) 18
[15:58:30.922]: (0.4, 2.4, 0.5) 18
[15:58:30.940]: (0.4, 2.4, 0.5) 18
[15:58:30.957]: (0.4, 2.4, 0.5) 18
[15:58:30.975]: (0.4, 2.4, 0.5) 18
[15:58:30.994]: (0.4, 2.4, 0.5) 18
[15:58:31.011]: (0.4, 2.4, 0.5) 18
[15:58:31.028]: (0.3, 2.4, 0.5) 18
[15:58:31.044]: (0.3, 2.4, 0.5) 18
[15:58:31.062]: (0.3, 2.4, 0.5) 18
[15:58:31.078]: (0.3, 2.4, 0.5) 18
[15:58:31.096]: (0.3, 2.4, 0.5) 18
[15:58:31.116]: (0.3, 2.4, 0.5) 18
[15:58:31.141]: (0.3, 2.4, 0.5) 18
[15:58:31.176]: (0.3, 2.4, 0.5) 18
[15:58:31.210]: (0.3, 2.4, 0.5) 18
[15:58:31.243]: (0.3, 2.4, 0.5) 18
[15:58:31.276]: (0.3, 2.4, 0.5) 18
[15:58:31.309]: (0.3, 2.4, 0.5) 18
[15:58:31.343]: (0.3, 2.4, 0.5) 18
[15:58:31.376]: (0.3, 2.4, 0.5) 18
[15:58:31.409]: (0.3, 2.4, 0.5) 18
[15:58:31.443]: (0.3, 2.4, 0.5) 18
[15:58:31.475]: (0.3, 2.4, 0.5) 18
[15:58:31.510]: (0.3, 2.4, 0.5) 18
[15:58:31.544]: (0.3, 2.4, 0.5) 18
[15:58:31.609]: (0.3, 2.5, 0.6) 18
[15:58:31.642]: (0.3, 2.5, 0.6) 18
[15:58:31.897]: (0.3, 2.5, 0.6) 22
[15:58:31.919]: (0.3, 2.5, 0.6) 22
[15:58:31.965]: (0.3, 2.5, 0.6) 22
[15:58:31.987]: (0.3, 2.4, 0.5) 18
[15:58:32.009]: (0.3, 2.5, 0.5) 18
[15:58:32.030]: (0.3, 2.5, 0.5) 18
[15:58:32.053]: (0.3, 2.5, 0.5) 18
[15:58:32.075]: (0.3, 2.4, 0.5) 18
[15:58:32.099]: (0.3, 2.4, 0.5) 18
[15:58:32.119]: (0.3, 2.4, 0.5) 18
[15:58:32.142]: (0.3, 2.4, 0.5) 18
[15:58:32.163]: (0.3, 2.4, 0.5) 18
[15:58:32.187]: (0.3, 2.4, 0.5) 18
[15:58:32.208]: (0.3, 2.4, 0.5) 18
[15:58:32.231]: (0.3, 2.4, 0.5) 18
[15:58:32.253]: (0.3, 2.4, 0.5) 18
[15:58:32.275]: (0.3, 2.4, 0.5) 18
[15:58:32.408]: (0.0, 1.9, 0.7) 7
[15:58:32.431]: (0.0, 1.9, 0.7) 7
[15:58:32.725]: (0.1, 1.9, 0.7) 0
[15:58:32.812]: (0.1, 1.8, 0.7) 0
[15:58:32.834]: (0.1, 1.8, 0.7) 0
[15:58:32.856]: (0.1, 1.8, 0.7) 0
[15:58:32.882]: (0.1, 1.8, 0.7) 0
[15:58:32.900]: (0.1, 1.8, 0.7) 0
[15:58:32.923]: (0.1, 1.8, 0.7) 0
[15:58:32.945]: (0.1, 1.8, 0.7) 0
[15:58:32.967]: (0.2, 1.8, 0.7) 0
[15:58:32.990]: (0.2, 1.8, 0.7) 0
[15:58:33.125]: (0.2, 1.8, 0.7) 0
[15:58:33.189]: (0.1, 1.8, 0.7) 0
[15:58:33.206]: (0.1, 1.8, 0.7) 0
[15:58:33.223]: (0.1, 1.8, 0.7) 0
[15:58:33.241]: (0.1, 1.8, 0.7) 0
[15:58:33.260]: (0.1, 1.8, 0.7) 0
[15:58:33.276]: (0.1, 1.8, 0.7) 0
[15:58:33.294]: (0.1, 1.8, 0.7) 0
[15:58:33.312]: (0.1, 1.8, 0.7) 0
[15:58:33.332]: (0.1, 1.8, 0.7) 0
[15:58:33.350]: (0.1, 1.8, 0.7) 0
[15:58:33.367]: (0.1, 1.8, 0.7) 0
[15:58:33.388]: (0.1, 1.8, 0.7) 0
[15:58:33.412]: (0.1, 1.8, 0.7) 0
[15:58:33.432]: (0.1, 1.8, 0.7) 0
[15:58:33.453]: (0.1, 1.8, 0.7) 0
[15:58:33.471]: (0.1, 1.8, 0.7) 0
[15:58:33.488]: (0.1, 1.8, 0.7) 0
[15:58:33.507]: (0.1, 1.8, 0.7) 0
[15:58:33.524]: (0.1, 1.8, 0.7) 0
[15:58:33.541]: (0.1, 1.8, 0.7) 0
[15:58:33.807]: (0.0, 1.8, 0.7) 6
[15:58:33.829]: (0.0, 1.8, 0.7) 6
[15:58:33.898]: (0.0, 1.8, 0.7) 6
[15:58:33.918]: (0.0, 1.8, 0.7) 6
[15:58:33.940]: (0.0, 1.8, 0.7) 6
[15:58:34.030]: (0.0, 1.8, 0.7) 6
[15:58:34.052]: (0.0, 1.8, 0.7) 6
[15:58:34.074]: (0.0, 1.8, 0.7) 6
[15:58:34.094]: (0.0, 1.8, 0.7) 6
[15:58:34.258]: (0.0, 1.8, 0.8) 6
[15:58:34.275]: (0.0, 1.8, 0.8) 6
[15:58:34.297]: (0.0, 1.8, 0.8) 6
