[15:35:38.387]: (0.1, 0.9, 4.0) 59
[15:35:38.411]: (0.1, 1.0, 4.1) 54
[15:35:38.456]: (0.1, 1.2, 3.9) 58
[15:35:38.478]: (0.1, 1.3, 3.8) 58
[15:35:38.705]: (0.8, 1.7, 1.8) 12
[15:35:38.730]: (0.8, 1.7, 1.8) 12
[15:35:38.753]: (0.8, 1.7, 1.8) 12
[15:35:38.775]: (0.8, 1.7, 1.8) 12
[15:35:38.798]: (0.8, 1.8, 1.8) 12
[15:35:38.822]: (0.8, 1.8, 1.8) 12
[15:35:38.843]: (0.8, 1.8, 1.8) 14
[15:35:38.867]: (0.8, 1.8, 1.8) 14
[15:35:39.012]: (0.9, 1.9, 1.5) 17
[15:35:39.034]: (1.0, 2.0, 1.5) 17
[15:35:39.061]: (1.0, 2.0, 1.4) 17
[15:35:39.097]: (1.0, 2.0, 1.4) 17
[15:35:39.130]: (1.0, 2.0, 1.4) 17
[15:35:39.163]: (1.0, 2.1, 1.4) 17
[15:35:39.196]: (0.8, 1.7, 0.7) 8
[15:35:39.230]: (1.0, 1.7, 0.5) 10
[15:35:39.431]: (1.7, 1.7, 1.0) 26
[15:35:39.463]: (1.6, 1.7, 1.1) 26
[15:35:39.500]: (1.5, 1.7, 1.0) 27
[15:35:39.528]: (1.4, 1.7, 1.0) 27
[15:35:39.557]: (1.4, 1.7, 1.1) 27
[15:35:39.713]: (-0.2, 2.7, 2.6) 50
[15:35:39.757]: (0.0, 3.1, 3.5) 60
[15:35:39.780]: (0.0, 3.1, 3.5) 60
[15:35:39.803]: (0.0, 2.7, 2.7) 44
[15:35:39.827]: (0.0, 2.7, 2.7) 44
[15:35:39.847]: (0.0, 2.7, 2.7) 44
[15:35:39.871]: (0.0, 2.7, 2.7) 44
[15:35:39.891]: (0.0, 2.7, 2.7) 44
[15:35:39.936]: (-0.1, 2.5, 2.5) 52
[15:35:39.959]: (0.1, 2.7, 2.7) 44
[15:35:39.980]: (0.1, 2.7, 2.7) 44
[15:35:40.003]: (0.1, 2.6, 2.6) 45
[15:35:40.024]: (0.1, 2.7, 2.7) 43
[15:35:40.295]: (1.1, 2.9, 2.0) 46
[15:35:40.316]: (1.8, 3.3, 2.6) 63
[15:35:40.339]: (1.8, 3.4, 2.5) 63
[15:35:40.516]: (1.3, 2.6, 1.0) 14
[15:35:40.783]: (1.3, 2.6, 0.9) 14
[15:35:40.805]: (1.3, 2.6, 0.9) 14
[15:35:40.827]: (1.3, 2.6, 0.9) 14
[15:35:41.218]: (0.4, 3.0, 0.7) 16
[15:35:41.375]: (0.9, 3.2, 1.3) 28
[15:35:41.391]: (0.9, 3.2, 1.3) 28
[15:35:41.408]: (0.9, 3.2, 1.3) 28
[15:35:41.427]: (0.9, 3.2, 1.3) 28
[15:35:41.535]: (0.9, 3.3, 1.2) 28
[15:35:41.625]: (0.5, 3.0, 0.7) 16
[15:35:41.758]: (0.7, 3.0, 0.9) 14
[15:35:41.779]: (0.7, 3.0, 0.9) 14
[15:35:41.803]: (0.7, 3.0, 0.9) 14
[15:35:41.830]: (0.7, 3.0, 0.9) 14
[15:35:41.853]: (0.7, 3.0, 0.9) 14
[15:35:42.189]: (0.2, 2.6, 1.3) 16
[15:35:42.212]: (0.0, 2.3, 0.9) 6
[15:35:42.235]: (0.1, 2.3, 0.9) 6
[15:35:42.258]: (0.0, 2.1, 0.7) 8
[15:35:42.402]: (-0.1, 2.3, 0.8) 0
[15:35:42.422]: (-0.2, 2.4, 0.9) 1
[15:35:42.446]: (-0.2, 2.5, 0.9) 1
[15:35:42.468]: (-0.2, 2.5, 1.0) 7
[15:35:42.489]: (-0.2, 2.5, 1.0) 7
[15:35:42.654]: (-0.2, 2.4, 1.0) 1
[15:35:42.676]: (-0.3, 2.4, 1.0) 9
[15:35:42.741]: (-0.4, 2.6, 1.2) 23
[15:35:42.763]: (-0.4, 2.6, 1.2) 23
[15:35:42.869]: (-0.7, 2.7, 1.1) 25
[15:35:42.891]: (-0.7, 2.7, 1.1) 25
[15:35:42.912]: (-0.7, 2.6, 1.1) 25
[15:35:42.936]: (-0.7, 2.6, 1.2) 25
[15:35:42.961]: (-0.7, 2.7, 1.2) 25
[15:35:42.985]: (-0.8, 3.3, 1.9) 70
[15:35:43.002]: (-0.8, 3.3, 1.9) 70
[15:35:43.021]: (-0.8, 3.3, 1.9) 70
[15:35:43.037]: (-0.7, 3.3, 1.9) 70
[15:35:43.054]: (-0.6, 2.8, 1.3) 19
[15:35:43.071]: (-0.7, 3.4, 1.9) 70
[15:35:43.088]: (-0.7, 2.7, 1.1) 25
[15:35:43.104]: (-0.9, 3.4, 1.8) 65
[15:35:43.122]: (-0.9, 3.4, 1.8) 65
[15:35:43.140]: (-0.9, 3.4, 1.9) 65
[15:35:43.223]: (-0.7, 2.7, 1.1) 25
[15:35:43.240]: (-0.7, 2.7, 1.1) 25
[15:35:43.259]: (-0.7, 2.7, 1.1) 25
[15:35:43.306]: (-0.8, 3.3, 1.7) 74
[15:35:43.325]: (-0.8, 3.2, 1.7) 74
[15:35:43.356]: (-0.8, 3.3, 1.7) 73
[15:35:43.376]: (-0.7, 3.5, 1.9) 67
[15:35:43.437]: (-0.7, 3.4, 1.9) 72
[15:35:43.461]: (-0.7, 3.3, 1.7) 73
[15:35:43.741]: (0.5, 2.7, 1.0) 13
[15:35:43.909]: (0.4, 2.7, 1.1) 16
[15:35:43.937]: (0.5, 2.7, 1.0) 13
[15:35:43.973]: (0.5, 2.7, 1.0) 13
[15:35:44.003]: (0.6, 2.8, 1.0) 12
[15:35:44.141]: (0.6, 2.7, 1.2) 15
[15:35:44.167]: (0.6, 2.7, 1.1) 15
[15:35:44.201]: (0.6, 2.7, 1.1) 15
[15:35:44.238]: (0.6, 2.7, 1.1) 15
[15:35:45.118]: (0.1, 2.6, 1.2) 17
[15:35:45.140]: (0.1, 2.6, 1.3) 13
[15:35:45.453]: (0.5, 3.1, 1.4) 32
[15:35:45.498]: (0.4, 2.6, 1.1) 16
[15:35:45.519]: (0.3, 2.7, 1.0) 17
[15:35:45.583]: (0.4, 2.7, 1.0) 17
[15:35:45.606]: (0.4, 2.7, 1.0) 17
[15:35:45.930]: (-0.3, 3.2, 1.8) 69
[15:35:45.949]: (-0.3, 3.3, 1.8) 76
[15:35:45.967]: (-0.3, 3.3, 1.8) 76
[15:35:45.985]: (-0.3, 3.5, 2.0) 71
[15:35:46.019]: (-0.4, 3.4, 1.9) 72
[15:35:46.037]: (-0.4, 3.4, 1.9) 72
[15:35:46.078]: (-0.5, 3.4, 1.9) 72
[15:35:46.121]: (-0.5, 3.2, 1.8) 68
[15:35:46.145]: (-0.4, 3.2, 1.8) 68
[15:35:46.167]: (-0.4, 3.2, 1.8) 68
[15:35:46.233]: (-0.4, 3.3, 1.9) 69
[15:35:46.259]: (-0.3, 3.3, 2.0) 67
[15:35:46.282]: (-0.3, 3.4, 2.0) 72
[15:35:46.303]: (-0.3, 3.2, 1.8) 73
[15:35:46.369]: (-0.3, 3.2, 1.8) 73
[15:35:46.588]: (0.0, 2.6, 1.1) 25
[15:35:46.799]: (0.2, 2.6, 1.1) 27
[15:35:46.862]: (0.5, 3.4, 1.7) 70
[15:35:47.269]: (0.3, 2.8, 1.2) 20
[15:35:47.338]: (0.3, 2.6, 1.1) 27
[15:35:47.370]: (0.3, 2.6, 1.0) 27
[15:35:47.406]: (0.3, 2.6, 1.1) 27
[15:35:47.437]: (0.3, 2.6, 1.1) 27
[15:35:47.569]: (0.4, 2.7, 0.9) 23
[15:35:47.605]: (0.3, 2.1, 0.6) 10
[15:35:48.002]: (0.3, 2.3, 0.4) 2
[15:35:48.026]: (0.3, 2.3, 0.4) 2
[15:35:48.123]: (0.2, 2.3, 0.4) 2
[15:35:48.147]: (0.2, 2.3, 0.4) 2
[15:35:48.170]: (0.2, 2.3, 0.4) 2
[15:35:48.193]: (0.2, 2.3, 0.4) 2
[15:35:48.216]: (0.2, 2.3, 0.4) 2
[15:35:48.239]: (0.2, 2.3, 0.4) 2
[15:35:48.263]: (0.2, 2.3, 0.4) 2
[15:35:48.285]: (0.2, 2.3, 0.4) 2
[15:35:48.304]: (0.2, 2.3, 0.4) 2
[15:35:48.327]: (0.2, 2.3, 0.4) 4
[15:35:48.352]: (0.2, 2.3, 0.4) 4
[15:35:48.374]: (0.2, 2.3, 0.4) 4
[15:35:48.396]: (0.2, 2.3, 0.4) 4
[15:35:48.419]: (0.2, 2.3, 0.4) 4
[15:35:48.441]: (0.2, 2.3, 0.4) 4
[15:35:48.558]: (0.1, 2.4, 0.4) 4
[15:35:48.578]: (0.1, 2.5, 0.4) 5
[15:35:48.600]: (0.1, 2.5, 0.4) 5
[15:35:48.617]: (0.1, 2.5, 0.4) 5
[15:35:48.635]: (0.1, 2.5, 0.4) 5
[15:35:48.666]: (0.1, 2.5, 0.4) 5
[15:35:48.707]: (0.1, 2.5, 0.4) 5
[15:35:48.741]: (0.1, 2.5, 0.4) 5
[15:35:48.767]: (0.1, 2.5, 0.4) 5
[15:35:48.800]: (0.1, 2.5, 0.4) 5
[15:35:48.834]: (0.1, 2.5, 0.4) 5
[15:35:48.865]: (0.1, 2.5, 0.4) 5
[15:35:48.903]: (0.1, 2.4, 0.4) 4
[15:35:48.934]: (0.1, 2.4, 0.4) 4
[15:35:48.967]: (0.1, 2.4, 0.4) 4
[15:35:49.000]: (0.1, 2.4, 0.4) 4
[15:35:49.070]: (0.3, 2.4, 0.4) 0
[15:35:49.140]: (0.7, 2.8, 0.6) 13
[15:35:49.171]: (0.8, 2.8, 0.7) 12
[15:35:49.204]: (0.7, 2.8, 0.8) 12
[15:35:49.238]: (0.7, 2.8, 0.9) 14
[15:35:49.270]: (0.7, 2.7, 1.0) 14
[15:35:49.304]: (0.9, 3.0, 1.3) 28
[15:35:49.373]: (0.6, 2.7, 1.1) 14
[15:35:49.398]: (0.6, 2.5, 1.2) 12
[15:35:49.417]: (0.6, 2.5, 1.2) 15
[15:35:49.436]: (0.6, 2.5, 1.3) 15
[15:35:49.832]: (0.5, 2.5, 1.2) 13
[15:35:50.263]: (0.5, 2.5, 1.3) 15
[15:35:50.458]: (0.5, 2.5, 1.2) 12
[15:35:50.480]: (0.5, 2.5, 1.2) 12
[15:35:50.502]: (0.5, 2.5, 1.2) 12
[15:35:50.524]: (0.5, 2.5, 1.2) 12
[15:35:50.638]: (0.6, 2.9, 1.5) 30
[15:35:50.769]: (0.5, 2.4, 1.3) 12
[15:35:50.793]: (0.5, 2.4, 1.3) 12
[15:35:50.814]: (0.5, 2.4, 1.3) 12
[15:35:50.839]: (0.5, 2.4, 1.3) 14
[15:35:50.862]: (0.5, 2.4, 1.4) 14
[15:35:50.884]: (0.7, 2.6, 1.7) 28
[15:35:50.951]: (1.4, 3.0, 2.4) 56
[15:35:50.974]: (1.2, 2.5, 1.8) 52
[15:35:51.024]: (1.4, 2.5, 1.8) 46
[15:35:51.043]: (1.2, 2.5, 1.8) 52
[15:35:51.062]: (1.2, 2.5, 1.8) 52
[15:35:51.085]: (1.4, 2.5, 1.8) 46
[15:35:51.108]: (1.3, 2.5, 1.8) 46
[15:35:51.124]: (1.4, 2.5, 1.8) 46
[15:35:51.142]: (1.3, 2.4, 1.7) 53
[15:35:51.159]: (1.4, 2.4, 1.7) 53
[15:35:51.176]: (1.4, 2.5, 1.7) 53
[15:35:51.195]: (1.4, 2.5, 1.7) 53
[15:35:51.210]: (1.4, 2.5, 1.8) 46
[15:35:51.230]: (1.4, 2.5, 1.8) 46
[15:35:51.253]: (1.4, 2.5, 1.8) 46
[15:35:51.276]: (1.4, 2.5, 1.9) 45
[15:35:51.298]: (1.4, 2.4, 1.8) 46
[15:35:51.322]: (1.4, 2.5, 1.8) 46
[15:35:51.458]: (1.3, 2.5, 1.9) 46
[15:35:51.478]: (1.3, 2.5, 2.0) 45
[15:35:51.502]: (1.3, 2.4, 1.9) 46
[15:35:51.523]: (1.3, 2.4, 2.0) 46
[15:35:51.548]: (1.3, 2.4, 1.9) 46
[15:35:51.572]: (1.2, 2.3, 1.9) 53
[15:35:51.595]: (1.2, 2.3, 1.9) 53
[15:35:51.614]: (1.4, 2.4, 2.1) 43
[15:35:51.637]: (1.2, 2.4, 1.9) 51
[15:35:51.662]: (1.2, 2.4, 1.9) 51
[15:35:51.687]: (1.2, 2.5, 1.9) 51
[15:35:51.712]: (1.2, 2.5, 1.9) 46
[15:35:51.736]: (1.3, 2.5, 2.0) 45
[15:35:51.908]: (0.4, 2.5, 1.9) 28
[15:35:51.952]: (0.2, 2.2, 1.6) 14
[15:35:51.973]: (0.2, 2.2, 1.6) 14
[15:35:51.996]: (0.2, 2.2, 1.6) 14
[15:35:52.019]: (0.2, 2.2, 1.6) 14
[15:35:52.043]: (0.2, 2.2, 1.5) 14
[15:35:52.067]: (0.2, 2.2, 1.6) 14
[15:35:52.090]: (0.2, 2.2, 1.6) 14
[15:35:52.110]: (0.2, 2.2, 1.6) 14
[15:35:52.134]: (0.2, 2.2, 1.6) 14
[15:35:52.154]: (0.2, 2.2, 1.6) 14
[15:35:52.173]: (0.2, 2.2, 1.6) 14
[15:35:52.195]: (0.2, 2.2, 1.6) 14
[15:35:52.216]: (0.2, 2.2, 1.6) 14
[15:35:52.232]: (0.2, 2.2, 1.5) 14
[15:35:52.249]: (0.1, 2.2, 1.6) 14
[15:35:52.266]: (0.2, 2.2, 1.6) 14
[15:35:52.283]: (0.2, 2.2, 1.6) 14
[15:35:52.308]: (0.2, 2.2, 1.6) 14
[15:35:52.475]: (0.1, 2.1, 1.5) 17
[15:35:52.509]: (0.1, 2.1, 1.5) 17
[15:35:52.541]: (0.1, 2.1, 1.6) 13
[15:35:52.574]: (0.1, 2.0, 1.6) 13
[15:35:52.713]: (0.2, 2.2, 1.6) 14
[15:35:52.745]: (0.3, 2.3, 1.8) 33
[15:35:52.778]: (0.3, 2.4, 1.9) 32
[15:35:52.815]: (0.3, 2.4, 1.9) 32
[15:35:52.845]: (0.3, 2.4, 1.9) 32
[15:35:52.912]: (0.5, 2.7, 2.5) 40
[15:35:52.946]: (0.5, 2.7, 2.5) 40
[15:35:52.978]: (0.5, 2.7, 2.5) 40
[15:35:53.352]: (0.4, 2.1, 1.5) 13
[15:35:53.374]: (0.4, 2.1, 1.5) 13
[15:35:53.397]: (0.4, 2.1, 1.5) 13
[15:35:53.419]: (0.4, 2.1, 1.5) 13
[15:35:53.441]: (0.4, 2.1, 1.5) 13
[15:35:53.463]: (0.4, 2.1, 1.5) 13
[15:35:53.487]: (0.4, 2.1, 1.5) 13
[15:35:53.508]: (0.4, 2.1, 1.5) 13
[15:35:53.531]: (0.4, 2.1, 1.5) 13
[15:35:53.553]: (0.3, 2.1, 1.5) 13
[15:35:53.574]: (0.3, 2.1, 1.5) 13
[15:35:53.596]: (0.3, 2.1, 1.5) 13
[15:35:53.619]: (0.3, 2.1, 1.5) 13
[15:35:53.641]: (0.3, 2.1, 1.5) 13
[15:35:53.663]: (0.3, 2.1, 1.5) 13
[15:35:53.686]: (0.3, 2.2, 1.5) 12
[15:35:54.520]: (0.6, 2.8, 2.6) 37
[15:35:54.570]: (0.6, 2.7, 2.5) 40
[15:35:54.611]: (0.6, 2.8, 2.7) 42
[15:35:55.040]: (0.7, 2.2, 1.3) 12
[15:35:55.075]: (0.6, 2.2, 1.3) 12
[15:35:55.107]: (0.7, 2.2, 1.3) 12
[15:35:55.142]: (0.7, 2.2, 1.3) 12
[15:35:55.174]: (0.7, 2.2, 1.3) 12
[15:35:55.207]: (1.3, 2.6, 2.2) 40
[15:35:55.241]: (1.3, 2.6, 2.2) 40
[15:35:55.275]: (1.3, 2.6, 2.2) 40
[15:35:55.307]: (1.3, 2.6, 2.2) 40
[15:35:55.342]: (1.3, 2.6, 2.2) 40
[15:35:55.375]: (1.3, 2.6, 2.2) 40
[15:35:55.408]: (0.9, 2.4, 1.6) 32
[15:35:55.445]: (0.9, 2.4, 1.6) 32
[15:35:55.732]: (0.5, 3.0, 2.1) 44
[15:35:55.912]: (0.4, 2.9, 2.0) 50
[15:35:55.978]: (0.7, 3.4, 2.8) 60
[15:35:56.046]: (0.4, 2.7, 2.0) 51
[15:35:56.071]: (0.4, 2.7, 2.0) 51
[15:35:56.093]: (0.4, 2.7, 2.0) 51
[15:35:56.115]: (0.4, 2.7, 2.0) 51
[15:35:56.137]: (0.4, 2.7, 2.0) 51
[15:35:56.160]: (0.4, 2.7, 2.0) 51
[15:35:56.184]: (0.4, 2.7, 2.1) 51
[15:35:56.208]: (0.4, 2.7, 2.0) 51
[15:35:56.231]: (0.4, 2.7, 2.0) 51
[15:35:56.255]: (0.3, 2.7, 2.0) 51
[15:35:56.278]: (0.3, 2.7, 2.0) 51
[15:35:56.301]: (0.3, 2.7, 2.0) 51
[15:35:56.324]: (0.3, 2.7, 2.0) 51
[15:35:56.365]: (0.4, 2.8, 2.2) 47
[15:35:56.393]: (0.3, 2.7, 1.9) 53
[15:35:56.416]: (0.4, 2.9, 2.1) 47
[15:35:56.440]: (0.4, 3.0, 2.1) 43
[15:35:56.457]: (0.4, 3.0, 2.1) 43
[15:35:56.892]: (0.7, 3.0, 2.0) 44
[15:35:56.944]: (0.6, 2.7, 1.9) 52
[15:35:56.962]: (0.5, 2.8, 1.9) 46
[15:35:56.978]: (0.5, 2.8, 1.9) 46
[15:35:56.997]: (0.5, 2.8, 1.9) 46
[15:35:57.015]: (0.5, 2.8, 1.9) 46
[15:35:57.032]: (0.5, 2.8, 1.9) 46
[15:35:57.051]: (0.5, 2.7, 1.9) 53
[15:35:57.069]: (0.4, 2.7, 1.9) 53
[15:35:57.088]: (0.4, 2.7, 1.9) 53
[15:35:57.107]: (0.4, 2.7, 1.9) 53
[15:35:57.125]: (0.5, 2.7, 1.9) 53
[15:35:57.144]: (0.5, 2.7, 1.9) 53
[15:35:57.523]: (1.0, 2.9, 1.9) 43
[15:35:57.632]: (1.5, 2.1, 1.5) 29
[15:35:57.658]: (1.5, 2.1, 1.5) 29
[15:35:57.699]: (1.1, 2.0, 1.2) 12
[15:35:57.722]: (1.1, 1.9, 1.2) 12
[15:35:57.748]: (1.8, 2.2, 2.2) 36
[15:35:58.040]: (0.5, 2.4, 1.8) 32
[15:35:58.061]: (0.3, 2.2, 1.4) 14
[15:35:58.079]: (0.3, 2.2, 1.4) 14
[15:35:58.098]: (0.3, 2.2, 1.5) 14
[15:35:58.115]: (0.3, 2.2, 1.4) 14
[15:35:58.134]: (0.3, 2.2, 1.4) 14
[15:35:58.156]: (0.3, 2.2, 1.4) 12
[15:35:58.179]: (0.3, 2.2, 1.4) 14
[15:35:58.196]: (0.3, 2.2, 1.4) 14
[15:35:58.214]: (0.3, 2.2, 1.4) 12
[15:35:58.231]: (0.3, 2.2, 1.4) 12
[15:35:58.250]: (0.3, 2.2, 1.4) 12
[15:35:58.266]: (0.3, 2.2, 1.4) 12
[15:35:58.286]: (0.3, 2.2, 1.4) 12
[15:35:58.303]: (0.3, 2.2, 1.4) 12
[15:35:58.495]: (1.5, 2.2, 1.9) 75
[15:35:58.517]: (0.5, 1.7, 0.8) 2
[15:35:58.540]: (0.6, 1.7, 0.8) 4
[15:35:58.563]: (0.5, 1.7, 0.8) 4
[15:35:58.583]: (0.5, 1.7, 0.7) 10
[15:35:58.606]: (0.5, 1.7, 0.7) 10
[15:35:58.781]: (0.3, 1.8, 0.8) 10
[15:35:58.803]: (0.9, 2.2, 2.5) 65
[15:35:58.827]: (0.9, 2.2, 2.5) 65
[15:35:58.849]: (0.8, 2.2, 2.2) 74
[15:35:58.872]: (0.8, 2.2, 2.2) 74
[15:35:58.893]: (0.7, 2.2, 2.2) 74
[15:35:58.916]: (0.7, 2.2, 2.2) 74
[15:35:58.938]: (0.5, 1.9, 1.5) 22
[15:35:58.962]: (0.4, 2.0, 1.5) 22
[15:35:58.984]: (0.4, 2.0, 1.5) 22
[15:35:59.009]: (0.5, 1.9, 1.5) 22
[15:35:59.033]: (0.5, 1.9, 1.5) 22
[15:35:59.056]: (0.5, 1.9, 1.5) 22
[15:35:59.081]: (0.5, 1.9, 1.5) 22
[15:35:59.209]: (0.2, 2.0, 0.9) 0
[15:35:59.273]: (0.2, 1.9, 0.9) 0
[15:35:59.378]: (0.3, 1.9, 0.9) 0
[15:35:59.401]: (0.4, 2.0, 1.1) 7
[15:35:59.422]: (0.4, 2.0, 1.1) 7
[15:35:59.521]: (0.3, 1.9, 0.9) 0
[15:35:59.554]: (0.3, 1.9, 0.9) 0
[15:35:59.587]: (0.2, 1.9, 0.9) 6
[15:35:59.620]: (0.2, 1.9, 0.9) 6
[15:35:59.654]: (0.2, 1.9, 0.9) 6
[15:35:59.689]: (0.2, 1.9, 0.9) 6
[15:35:59.754]: (0.1, 1.9, 1.6) 12
[15:35:59.787]: (0.0, 1.9, 1.7) 12
[15:35:59.817]: (0.0, 1.8, 1.7) 14
[15:35:59.851]: (0.0, 1.8, 1.7) 14
[15:35:59.884]: (0.0, 1.8, 1.7) 14
[15:35:59.950]: (0.0, 1.8, 1.7) 14
[15:35:59.984]: (0.0, 1.9, 1.6) 12
[15:36:00.020]: (0.4, 2.4, 2.8) 37
[15:36:00.555]: (0.2, 1.9, 0.7) 10
[15:36:00.576]: (0.2, 1.9, 0.8) 4
[15:36:00.593]: (0.2, 1.9, 0.8) 4
[15:36:00.616]: (0.2, 1.9, 0.8) 4
[15:36:00.638]: (0.2, 1.9, 0.8) 4
[15:36:00.661]: (0.2, 1.9, 0.8) 4
[15:36:00.683]: (0.2, 1.9, 0.8) 4
[15:36:00.710]: (0.2, 1.9, 0.8) 4
[15:36:00.733]: (0.2, 1.9, 0.7) 10
[15:36:00.751]: (0.2, 1.9, 0.7) 10
[15:36:00.772]: (0.2, 1.9, 0.8) 4
[15:36:00.793]: (0.2, 1.9, 0.8) 4
[15:36:00.816]: (0.2, 1.9, 0.8) 4
[15:36:00.841]: (0.2, 1.9, 0.8) 4
[15:36:00.862]: (0.2, 1.9, 0.8) 4
[15:36:00.885]: (0.7, 2.3, 1.2) 22
[15:36:00.931]: (0.7, 2.3, 1.2) 22
[15:36:00.953]: (0.7, 2.3, 1.2) 22
[15:36:00.975]: (0.7, 2.3, 1.2) 22
[15:36:00.998]: (0.6, 2.3, 1.2) 22
[15:36:01.024]: (0.6, 2.3, 1.2) 22
[15:36:01.049]: (0.6, 2.3, 1.2) 22
[15:36:01.071]: (0.6, 2.3, 1.2) 22
[15:36:01.094]: (0.6, 2.3, 1.2) 22
[15:36:01.115]: (0.5, 2.4, 1.2) 22
[15:36:01.138]: (0.5, 2.4, 1.1) 22
[15:36:01.162]: (0.5, 2.4, 1.1) 22
[15:36:01.185]: (0.5, 2.4, 1.1) 22
[15:36:01.207]: (0.5, 2.4, 1.2) 22
[15:36:01.229]: (0.5, 2.4, 1.2) 22
[15:36:01.252]: (0.5, 2.4, 1.2) 22
[15:36:01.273]: (0.4, 2.4, 1.2) 22
[15:36:01.315]: (0.3, 2.4, 1.3) 20
[15:36:01.338]: (0.3, 2.4, 1.3) 20
[15:36:01.363]: (0.3, 2.4, 1.3) 20
[15:36:01.385]: (0.3, 2.4, 1.3) 20
[15:36:01.407]: (0.4, 2.5, 1.4) 19
[15:36:01.431]: (0.3, 2.4, 1.2) 27
[15:36:01.455]: (0.3, 2.4, 1.2) 27
[15:36:01.595]: (0.3, 2.4, 1.3) 21
[15:36:01.613]: (0.3, 2.4, 1.2) 27
[15:36:01.632]: (0.3, 2.4, 1.3) 21
[15:36:02.042]: (0.4, 2.4, 1.1) 23
[15:36:02.156]: (0.7, 3.2, 1.7) 67
[15:36:02.199]: (0.7, 3.1, 1.8) 75
[15:36:02.222]: (0.7, 3.1, 1.8) 75
[15:36:02.243]: (0.7, 3.1, 1.8) 75
[15:36:02.268]: (0.7, 3.1, 1.7) 69
[15:36:02.333]: (0.6, 3.1, 1.8) 70
[15:36:02.378]: (0.4, 2.6, 1.2) 20
[15:36:02.400]: (0.4, 2.6, 1.2) 20
[15:36:02.425]: (0.4, 2.6, 1.1) 20
[15:36:02.448]: (0.4, 2.5, 1.2) 20
[15:36:02.472]: (0.4, 2.5, 1.2) 20
[15:36:02.488]: (0.4, 2.5, 1.2) 20
[15:36:02.505]: (0.4, 2.6, 1.1) 20
[15:36:02.522]: (0.4, 2.6, 1.1) 20
[15:36:02.538]: (0.4, 2.6, 1.1) 20
[15:36:02.556]: (0.4, 2.6, 1.1) 20
[15:36:02.573]: (0.4, 2.6, 1.1) 20
[15:36:02.592]: (0.4, 2.6, 1.1) 20
[15:36:02.685]: (0.4, 2.6, 1.1) 20
[15:36:02.766]: (0.3, 2.4, 1.2) 27
[15:36:02.894]: (0.7, 3.3, 1.6) 67
[15:36:02.916]: (0.7, 3.2, 1.5) 69
[15:36:02.938]: (0.7, 3.2, 1.4) 76
[15:36:02.961]: (0.7, 3.2, 1.4) 76
[15:36:02.982]: (0.7, 3.2, 1.4) 76
[15:36:03.050]: (0.7, 3.3, 1.6) 67
[15:36:03.071]: (0.7, 3.3, 1.6) 67
[15:36:03.443]: (0.7, 2.8, 2.1) 72
[15:36:03.465]: (0.7, 2.8, 2.1) 72
[15:36:03.615]: (1.0, 2.4, 2.2) 67
[15:36:03.637]: (1.0, 2.4, 2.2) 67
[15:36:03.659]: (1.0, 2.4, 2.2) 67
[15:36:03.804]: (1.0, 2.3, 2.2) 67
[15:36:03.822]: (1.0, 2.2, 2.2) 67
[15:36:03.840]: (1.0, 2.2, 2.2) 67
[15:36:03.878]: (1.1, 2.0, 2.2) 70
[15:36:03.915]: (0.7, 1.8, 1.5) 20
[15:36:03.938]: (0.7, 1.7, 1.5) 20
[15:36:03.960]: (0.7, 1.8, 1.5) 20
[15:36:03.981]: (0.7, 1.7, 1.5) 20
[15:36:04.004]: (0.7, 1.7, 1.5) 20
[15:36:04.027]: (0.7, 1.7, 1.5) 20
[15:36:04.048]: (0.7, 1.7, 1.5) 20
[15:36:04.071]: (0.7, 1.7, 1.5) 20
[15:36:04.093]: (0.7, 1.8, 1.5) 20
[15:36:04.272]: (0.6, 1.8, 1.3) 22
[15:36:04.290]: (0.7, 1.8, 1.4) 18
[15:36:04.307]: (0.7, 1.7, 1.4) 18
[15:36:04.325]: (0.7, 1.8, 1.4) 18
[15:36:04.430]: (0.6, 1.7, 1.4) 18
[15:36:04.451]: (0.6, 1.7, 1.4) 18
[15:36:04.474]: (0.6, 1.7, 1.4) 22
[15:36:04.500]: (0.6, 1.7, 1.4) 22
[15:36:04.522]: (0.6, 1.7, 1.4) 22
[15:36:04.545]: (0.6, 1.7, 1.4) 22
[15:36:04.568]: (0.6, 1.7, 1.4) 22
[15:36:04.610]: (1.0, 1.9, 2.1) 76
[15:36:04.633]: (1.0, 1.9, 2.1) 76
[15:36:04.657]: (1.0, 1.9, 2.1) 76
[15:36:04.724]: (0.8, 1.8, 2.2) 68
[15:36:04.748]: (0.8, 1.8, 2.2) 68
[15:36:04.776]: (0.8, 1.8, 2.2) 68
[15:36:04.797]: (0.9, 1.8, 2.4) 67
[15:36:04.822]: (0.9, 1.8, 2.4) 67
[15:36:04.845]: (0.9, 1.8, 2.4) 72
[15:36:04.867]: (0.9, 1.8, 2.4) 72
[15:36:04.965]: (0.9, 1.9, 2.3) 72
[15:36:04.989]: (0.9, 1.8, 2.3) 72
[15:36:05.013]: (0.9, 1.8, 2.3) 72
[15:36:05.039]: (0.9, 1.8, 2.4) 72
[15:36:05.063]: (0.9, 1.8, 2.4) 72
[15:36:05.089]: (0.9, 1.8, 2.4) 72
[15:36:05.115]: (0.9, 1.8, 2.4) 72
[15:36:05.316]: (0.9, 1.6, 2.3) 66
[15:36:05.349]: (0.9, 1.5, 2.3) 70
[15:36:05.385]: (0.9, 1.5, 2.3) 70
[15:36:05.415]: (1.0, 1.5, 2.3) 70
[15:36:05.452]: (0.9, 1.5, 2.3) 70
[15:36:05.481]: (0.9, 1.6, 2.3) 66
[15:36:05.749]: (1.0, 1.6, 2.2) 75
[15:36:05.926]: (1.0, 1.7, 2.2) 76
[15:36:05.951]: (1.0, 1.8, 2.1) 76
[15:36:06.170]: (1.0, 1.8, 2.2) 76
[15:36:06.192]: (0.7, 1.5, 1.4) 22
[15:36:06.414]: (1.0, 1.7, 2.1) 76
[15:36:06.437]: (1.0, 1.7, 2.2) 69
[15:36:06.459]: (1.0, 1.7, 2.2) 76
[15:36:06.480]: (1.0, 1.7, 2.2) 69
[15:36:06.504]: (1.0, 1.6, 2.2) 75
[15:36:06.526]: (1.0, 1.6, 2.2) 75
[15:36:06.549]: (0.8, 1.6, 2.2) 74
[15:36:06.572]: (0.7, 1.6, 2.2) 74
[15:36:06.751]: (0.6, 1.3, 1.7) 19
[15:36:06.772]: (0.5, 1.3, 1.5) 27
[15:36:06.794]: (0.5, 1.3, 1.4) 27
[15:36:06.816]: (0.5, 1.3, 1.5) 27
[15:36:06.839]: (0.5, 1.3, 1.4) 27
[15:36:06.861]: (0.5, 1.3, 1.5) 27
[15:36:06.906]: (0.5, 1.3, 1.4) 27
[15:36:07.214]: (1.0, 1.5, 2.3) 70
[15:36:07.326]: (0.6, 1.4, 1.6) 20
[15:36:07.613]: (0.6, 1.4, 1.5) 20
[15:36:07.636]: (0.6, 1.4, 1.5) 20
[15:36:07.657]: (0.6, 1.4, 1.5) 20
[15:36:07.681]: (0.6, 1.4, 1.5) 20
[15:36:07.703]: (0.6, 1.4, 1.5) 20
[15:36:07.724]: (0.6, 1.4, 1.6) 20
[15:36:07.748]: (0.6, 1.4, 1.6) 20
[15:36:07.772]: (0.6, 1.4, 1.6) 20
[15:36:07.793]: (0.6, 1.4, 1.5) 20
[15:36:07.811]: (0.6, 1.4, 1.5) 20
[15:36:07.829]: (0.6, 1.4, 1.5) 20
[15:36:07.846]: (0.6, 1.4, 1.5) 20
[15:36:08.449]: (1.0, 1.7, 2.2) 69
[15:36:08.469]: (1.0, 1.7, 2.2) 69
[15:36:08.491]: (1.0, 1.7, 2.2) 69
[15:36:08.513]: (1.0, 1.7, 2.2) 69
[15:36:08.535]: (1.0, 1.7, 2.2) 69
[15:36:08.559]: (1.0, 1.7, 2.2) 69
[15:36:08.579]: (1.0, 1.7, 2.2) 69
[15:36:08.602]: (1.0, 1.7, 2.2) 69
[15:36:08.624]: (1.0, 1.7, 2.2) 69
[15:36:08.647]: (1.0, 1.7, 2.2) 69
[15:36:08.669]: (1.0, 1.7, 2.2) 69
[15:36:08.687]: (1.0, 1.7, 2.2) 69
[15:36:08.704]: (1.0, 1.7, 2.2) 69
[15:36:08.721]: (1.0, 1.7, 2.2) 69
[15:36:08.969]: (1.0, 1.8, 2.1) 76
[15:36:08.987]: (1.0, 1.8, 2.1) 76
[15:36:09.005]: (1.0, 1.8, 2.1) 76
[15:36:09.023]: (1.0, 1.8, 2.1) 76
[15:36:09.042]: (1.0, 1.8, 2.1) 76
[15:36:09.059]: (1.0, 1.8, 2.1) 76
[15:36:09.077]: (1.0, 1.8, 2.1) 76
[15:36:09.094]: (1.0, 1.6, 2.3) 75
[15:36:09.111]: (0.9, 1.5, 2.4) 70
[15:36:09.302]: (0.7, 1.6, 2.2) 74
[15:36:09.413]: (0.8, 1.7, 2.2) 68
[15:36:09.435]: (0.8, 1.7, 2.2) 68
[15:36:09.458]: (0.8, 1.7, 2.2) 68
[15:36:09.479]: (0.8, 1.7, 2.2) 68
[15:36:09.501]: (0.8, 1.7, 2.2) 68
[15:36:09.523]: (0.8, 1.7, 2.2) 68
[15:36:09.548]: (0.8, 1.7, 2.2) 74
[15:36:09.568]: (0.8, 1.7, 2.2) 74
[15:36:09.587]: (0.8, 1.7, 2.2) 74
[15:36:09.604]: (0.8, 1.7, 2.2) 74
[15:36:09.621]: (0.8, 1.6, 2.2) 74
[15:36:09.639]: (0.8, 1.6, 2.2) 74
[15:36:09.657]: (0.8, 1.6, 2.2) 74
[15:36:09.676]: (0.9, 1.6, 2.4) 70
[15:36:09.692]: (0.9, 1.6, 2.4) 70
[15:36:10.185]: (1.5, 1.8, 1.3) 32
[15:36:10.207]: (1.5, 1.8, 1.3) 30
[15:36:10.252]: (1.2, 1.7, 1.1) 14
[15:36:10.363]: (1.5, 1.8, 1.4) 28
[15:36:10.550]: (1.0, 1.5, 1.3) 12
[15:36:10.574]: (1.0, 1.5, 1.3) 12
[15:36:10.595]: (1.0, 1.5, 1.3) 12
[15:36:10.613]: (1.0, 1.5, 1.3) 12
[15:36:10.631]: (1.0, 1.5, 1.3) 12
[15:36:10.649]: (1.0, 1.5, 1.3) 12
[15:36:10.667]: (1.0, 1.5, 1.3) 12
[15:36:10.685]: (1.0, 1.5, 1.3) 12
[15:36:10.704]: (1.0, 1.5, 1.3) 12
[15:36:10.722]: (1.0, 1.5, 1.3) 12
[15:36:10.740]: (1.0, 1.5, 1.3) 12
[15:36:10.852]: (0.9, 1.5, 1.2) 13
[15:36:10.870]: (1.0, 1.5, 1.2) 13
[15:36:10.888]: (1.0, 1.5, 1.2) 13
[15:36:10.904]: (0.9, 1.5, 1.2) 13
[15:36:10.922]: (0.9, 1.5, 1.2) 13
[15:36:10.940]: (1.0, 1.5, 1.3) 12
[15:36:10.959]: (1.0, 1.5, 1.3) 12
[15:36:10.976]: (1.0, 1.5, 1.3) 12
[15:36:10.992]: (1.0, 1.5, 1.3) 12
[15:36:11.012]: (1.0, 1.5, 1.3) 12
[15:36:11.034]: (1.0, 1.5, 1.3) 12
[15:36:11.060]: (1.0, 1.5, 1.3) 12
[15:36:11.086]: (1.0, 1.5, 1.3) 14
[15:36:11.110]: (1.0, 1.6, 1.3) 14
[15:36:11.458]: (0.9, 3.0, 2.1) 41
[15:36:11.521]: (0.7, 2.2, 1.2) 14
[15:36:11.732]: (0.8, 2.2, 1.1) 14
[15:36:11.748]: (0.7, 2.2, 1.1) 14
[15:36:11.765]: (0.7, 2.2, 1.1) 14
[15:36:11.782]: (0.7, 2.2, 1.1) 14
[15:36:11.800]: (0.8, 2.2, 1.1) 14
[15:36:11.818]: (0.8, 2.2, 1.1) 14
[15:36:11.836]: (0.7, 2.2, 1.1) 14
[15:36:11.854]: (0.8, 2.1, 1.1) 14
[15:36:11.872]: (0.8, 2.2, 1.1) 14
[15:36:11.890]: (0.8, 2.2, 1.1) 14
[15:36:11.907]: (0.8, 2.2, 1.1) 14
[15:36:11.926]: (0.8, 2.2, 1.1) 14
[15:36:11.944]: (0.8, 2.2, 1.1) 14
[15:36:11.969]: (0.8, 2.2, 1.1) 14
[15:36:11.990]: (0.7, 2.2, 1.1) 14
[15:36:12.018]: (0.7, 2.2, 1.2) 14
[15:36:12.042]: (0.7, 2.2, 1.2) 14
[15:36:12.062]: (0.8, 2.2, 1.2) 14
[15:36:12.085]: (1.0, 2.3, 1.5) 30
[15:36:12.107]: (1.1, 2.4, 1.6) 31
[15:36:12.261]: (0.9, 1.9, 1.3) 14
[15:36:12.281]: (0.8, 1.9, 1.3) 14
[15:36:12.391]: (0.8, 1.9, 1.3) 14
[15:36:12.499]: (0.8, 1.8, 1.2) 13
[15:36:12.689]: (0.9, 2.0, 1.0) 16
[15:36:12.712]: (0.9, 2.0, 1.0) 16
[15:36:12.756]: (0.9, 2.0, 1.0) 16
[15:36:12.820]: (0.9, 2.0, 1.0) 13
[15:36:12.837]: (0.9, 2.0, 1.0) 13
[15:36:12.872]: (0.9, 2.1, 1.1) 12
[15:36:12.890]: (0.9, 2.1, 1.1) 12
[15:36:12.907]: (0.9, 2.1, 1.1) 12
[15:36:12.925]: (0.9, 2.0, 1.0) 13
[15:36:12.945]: (0.9, 2.0, 1.0) 13
[15:36:12.970]: (0.9, 2.0, 1.0) 13
[15:36:12.993]: (0.9, 2.0, 1.0) 13
[15:36:13.012]: (0.8, 2.0, 1.0) 17
[15:36:13.033]: (0.8, 2.0, 1.0) 17
[15:36:13.056]: (0.9, 1.9, 1.0) 16
[15:36:13.079]: (0.9, 1.9, 1.0) 16
[15:36:13.100]: (0.9, 1.9, 1.1) 16
[15:36:13.122]: (0.9, 1.9, 1.1) 16
[15:36:13.189]: (0.9, 1.9, 1.1) 16
[15:36:13.213]: (0.9, 1.9, 1.0) 16
[15:36:13.233]: (0.9, 1.9, 1.0) 16
[15:36:13.350]: (0.8, 2.1, 1.1) 13
[15:36:13.372]: (0.8, 2.1, 1.1) 13
[15:36:13.417]: (0.6, 2.1, 1.1) 17
[15:36:13.439]: (0.6, 2.0, 1.1) 17
[15:36:13.465]: (0.9, 2.3, 1.5) 32
[15:36:13.487]: (0.9, 2.3, 1.5) 32
[15:36:13.510]: (1.3, 2.5, 2.1) 40
[15:36:13.552]: (1.3, 2.5, 2.3) 34
[15:36:13.574]: (1.2, 2.6, 2.3) 34
[15:36:13.705]: (1.3, 2.5, 2.3) 34
[15:36:13.723]: (1.3, 2.5, 2.3) 34
[15:36:13.741]: (1.3, 2.5, 2.3) 34
[15:36:13.763]: (1.3, 2.5, 2.3) 34
[15:36:13.783]: (1.3, 2.6, 2.3) 34
[15:36:13.802]: (1.3, 2.6, 2.3) 34
[15:36:13.820]: (1.3, 2.6, 2.3) 34
[15:36:13.837]: (1.3, 2.6, 2.3) 34
[15:36:13.855]: (1.3, 2.6, 2.3) 34
[15:36:13.888]: (0.6, 2.1, 1.2) 14
[15:36:13.905]: (0.6, 2.1, 1.2) 14
[15:36:13.923]: (0.6, 2.1, 1.2) 14
[15:36:13.942]: (0.6, 2.1, 1.2) 14
[15:36:13.976]: (0.7, 2.0, 1.1) 17
[15:36:13.994]: (1.4, 2.4, 2.1) 40
[15:36:14.011]: (0.7, 2.0, 1.1) 17
[15:36:14.034]: (0.7, 2.0, 1.1) 17
[15:36:14.056]: (0.6, 2.0, 1.1) 17
[15:36:14.081]: (0.6, 2.0, 1.1) 17
[15:36:14.104]: (0.7, 2.1, 1.1) 13
[15:36:14.127]: (0.7, 2.1, 1.1) 16
[15:36:14.157]: (0.6, 2.1, 1.1) 16
[15:36:14.283]: (0.6, 1.8, 1.4) 15
[15:36:14.457]: (0.6, 1.7, 1.4) 12
[15:36:14.481]: (0.6, 1.7, 1.4) 12
[15:36:14.505]: (0.6, 1.7, 1.5) 14
[15:36:14.737]: (0.3, 2.5, 1.1) 14
[15:36:14.759]: (0.3, 2.5, 1.0) 14
[15:36:14.889]: (0.2, 2.5, 1.0) 14
[15:36:15.146]: (0.4, 2.4, 1.0) 13
[15:36:15.170]: (0.4, 2.4, 1.0) 12
[15:36:15.204]: (0.4, 2.4, 1.1) 12
[15:36:15.236]: (0.4, 2.3, 1.1) 12
[15:36:15.269]: (0.4, 2.3, 1.1) 12
[15:36:15.303]: (0.4, 2.3, 1.1) 12
[15:36:15.337]: (0.4, 2.3, 1.1) 14
[15:36:15.371]: (0.5, 2.3, 1.2) 14
[15:36:15.539]: (0.4, 2.3, 1.1) 15
[15:36:15.737]: (0.4, 2.1, 1.3) 15
[15:36:15.771]: (0.4, 2.1, 1.3) 15
[15:36:15.803]: (0.4, 2.1, 1.3) 15
[15:36:15.838]: (0.3, 2.1, 1.3) 12
[15:36:15.862]: (0.3, 2.2, 1.8) 32
[15:36:15.884]: (0.2, 2.0, 1.4) 14
[15:36:15.905]: (0.2, 2.0, 1.4) 14
[15:36:15.928]: (0.2, 2.0, 1.4) 14
[15:36:16.031]: (0.2, 2.1, 1.4) 14
[15:36:16.180]: (0.1, 2.1, 1.4) 14
[15:36:16.202]: (0.1, 2.1, 1.4) 14
[15:36:16.225]: (0.2, 2.2, 1.6) 33
[15:36:16.327]: (0.2, 2.4, 1.8) 29
[15:36:16.345]: (0.2, 2.4, 1.8) 29
[15:36:16.370]: (0.2, 2.4, 1.8) 29
[15:36:16.392]: (0.2, 2.4, 1.8) 29
[15:36:16.411]: (0.2, 2.4, 1.8) 29
[15:36:16.433]: (0.2, 2.4, 1.8) 29
[15:36:16.455]: (0.2, 2.4, 1.8) 29
[15:36:16.478]: (0.3, 2.4, 1.8) 29
[15:36:16.500]: (0.3, 2.3, 1.8) 29
[15:36:16.521]: (0.3, 2.3, 1.8) 29
[15:36:16.544]: (0.3, 2.3, 1.8) 29
[15:36:16.567]: (0.2, 2.2, 1.6) 33
[15:36:16.588]: (0.2, 2.3, 1.7) 30
[15:36:16.611]: (0.2, 2.3, 1.7) 30
[15:36:16.633]: (0.1, 2.1, 1.4) 14
[15:36:16.657]: (0.1, 2.1, 1.4) 14
[15:36:16.684]: (0.1, 2.1, 1.4) 14
[15:36:16.704]: (0.1, 2.1, 1.4) 14
[15:36:16.836]: (0.2, 2.3, 1.8) 28
[15:36:16.858]: (0.2, 2.3, 1.8) 28
[15:36:16.883]: (0.0, 2.1, 1.4) 14
[15:36:16.948]: (0.0, 2.2, 1.8) 32
[15:36:17.147]: (0.2, 2.3, 1.7) 30
[15:36:17.171]: (0.2, 2.4, 1.9) 31
[15:36:17.195]: (0.2, 2.4, 1.9) 31
[15:36:17.303]: (0.2, 2.2, 1.8) 30
[15:36:17.322]: (0.2, 2.2, 1.8) 30
[15:36:17.343]: (0.2, 2.3, 1.8) 30
[15:36:17.455]: (1.1, 2.3, 1.8) 52
[15:36:17.499]: (1.1, 2.3, 1.8) 52
[15:36:17.522]: (1.1, 2.3, 1.8) 52
[15:36:17.540]: (1.1, 2.3, 1.8) 52
[15:36:17.557]: (1.1, 2.3, 1.8) 52
[15:36:17.574]: (1.1, 2.3, 1.8) 52
[15:36:17.593]: (1.1, 2.3, 1.8) 52
[15:36:17.610]: (1.1, 2.3, 1.9) 52
[15:36:17.627]: (1.1, 2.3, 1.9) 52
[15:36:17.645]: (1.1, 2.3, 1.9) 52
[15:36:17.663]: (1.1, 2.3, 1.9) 52
[15:36:17.680]: (1.1, 2.3, 1.9) 52
[15:36:17.764]: (0.2, 2.2, 1.7) 33
[15:36:17.787]: (0.1, 2.0, 1.3) 17
[15:36:17.809]: (0.1, 2.0, 1.3) 17
[15:36:17.832]: (0.1, 2.0, 1.3) 17
[15:36:17.856]: (0.1, 2.0, 1.3) 13
[15:36:17.879]: (0.1, 2.0, 1.3) 16
[15:36:17.901]: (0.1, 2.0, 1.3) 16
[15:36:17.988]: (0.2, 3.3, 1.7) 38
[15:36:18.030]: (0.2, 3.4, 1.6) 38
[15:36:18.095]: (0.3, 2.3, 0.9) 17
[15:36:18.117]: (0.4, 2.4, 1.0) 12
[15:36:18.138]: (0.4, 2.4, 1.0) 12
[15:36:18.161]: (0.4, 2.5, 1.0) 12
[15:36:18.191]: (0.5, 2.6, 1.1) 33
[15:36:18.225]: (0.4, 2.5, 0.9) 14
[15:36:18.258]: (0.5, 2.6, 1.1) 33
[15:36:18.292]: (0.5, 2.7, 1.1) 33
[15:36:18.324]: (0.5, 2.8, 1.1) 30
[15:36:18.758]: (0.4, 2.4, 0.9) 14
[15:36:18.791]: (0.4, 2.4, 0.9) 14
[15:36:18.822]: (0.4, 2.4, 0.9) 14
[15:36:18.842]: (0.4, 2.4, 0.9) 14
[15:36:18.865]: (0.4, 2.4, 0.9) 14
[15:36:18.888]: (0.4, 2.4, 0.9) 14
[15:36:18.910]: (0.4, 2.4, 0.9) 14
[15:36:18.932]: (0.4, 2.4, 0.9) 14
[15:36:18.956]: (0.4, 2.4, 0.9) 14
[15:36:18.976]: (0.4, 2.4, 0.9) 14
[15:36:18.998]: (0.4, 2.4, 0.9) 14
[15:36:19.021]: (0.4, 2.4, 0.9) 14
[15:36:19.042]: (0.4, 2.4, 0.9) 14
[15:36:19.065]: (0.4, 2.4, 0.9) 14
[15:36:19.088]: (0.4, 2.4, 0.9) 14
[15:36:19.111]: (0.4, 2.4, 0.9) 14
[15:36:19.132]: (0.4, 2.4, 0.9) 14
[15:36:19.156]: (0.4, 2.4, 0.9) 14
[15:36:19.177]: (0.4, 2.4, 0.9) 14
[15:36:19.198]: (0.4, 2.4, 0.9) 14
[15:36:19.221]: (0.4, 2.4, 0.9) 14
[15:36:19.244]: (0.4, 2.4, 0.9) 12
[15:36:19.264]: (0.3, 2.4, 0.9) 13
[15:36:19.288]: (0.3, 2.4, 0.8) 16
[15:36:19.651]: (0.3, 2.5, 0.5) 13
[15:36:19.675]: (0.4, 2.6, 0.5) 12
[15:36:19.697]: (0.4, 2.6, 0.6) 14
[15:36:19.761]: (0.6, 2.8, 0.8) 30
[15:36:19.784]: (0.5, 2.7, 0.8) 33
[15:36:19.807]: (0.5, 2.8, 0.9) 32
[15:36:19.871]: (0.5, 2.4, 0.7) 12
[15:36:19.894]: (0.5, 2.4, 0.7) 12
[15:36:19.917]: (0.5, 2.4, 0.7) 12
[15:36:19.939]: (0.5, 2.4, 0.8) 12
[15:36:19.964]: (0.4, 2.3, 0.7) 17
[15:36:19.986]: (0.5, 2.4, 0.8) 12
[15:36:20.009]: (0.5, 2.4, 0.8) 12
[15:36:20.030]: (0.5, 2.4, 0.8) 13
[15:36:20.052]: (0.5, 2.4, 0.7) 12
[15:36:20.074]: (0.5, 2.4, 0.7) 14
[15:36:20.098]: (0.5, 2.4, 0.7) 14
[15:36:20.120]: (0.5, 2.4, 0.7) 14
[15:36:20.144]: (0.5, 2.4, 0.7) 14
[15:36:20.165]: (0.5, 2.4, 0.7) 14
[15:36:20.191]: (0.5, 2.3, 0.8) 14
[15:36:20.216]: (0.5, 2.3, 0.8) 14
[15:36:20.238]: (0.5, 2.3, 0.8) 14
[15:36:20.261]: (0.5, 2.3, 0.8) 14
[15:36:20.285]: (0.5, 2.3, 0.8) 14
[15:36:20.308]: (0.5, 2.3, 0.8) 14
[15:36:20.331]: (0.5, 2.3, 0.8) 14
[15:36:20.353]: (0.5, 2.3, 0.8) 14
[15:36:20.374]: (0.5, 2.3, 0.8) 14
[15:36:20.396]: (0.5, 2.3, 0.8) 14
[15:36:20.545]: (0.4, 2.3, 0.9) 14
[15:36:20.567]: (0.5, 2.4, 1.1) 33
[15:36:20.589]: (0.6, 2.5, 1.2) 30
[15:36:20.613]: (0.6, 2.6, 1.4) 31
[15:36:20.636]: (0.6, 2.6, 1.4) 31
[15:36:20.703]: (0.6, 2.3, 1.3) 33
[15:36:20.728]: (0.6, 2.3, 1.3) 33
[15:36:20.750]: (0.6, 2.3, 1.3) 33
[15:36:20.915]: (0.5, 2.2, 1.4) 33
[15:36:20.951]: (0.5, 2.2, 1.5) 33
[15:36:20.982]: (0.5, 2.1, 1.5) 33
[15:36:21.013]: (0.5, 2.1, 1.5) 33
[15:36:21.179]: (1.6, 2.0, 1.7) 45
[15:36:21.217]: (1.6, 2.0, 1.7) 50
[15:36:22.066]: (-1.0, 2.7, 1.6) 76
[15:36:22.110]: (-1.2, 2.5, 1.5) 74
[15:36:22.130]: (-1.2, 2.5, 1.5) 74
[15:36:22.307]: (-1.2, 2.5, 1.5) 74
[15:36:22.688]: (-1.0, 2.7, 1.6) 69
[15:36:22.861]: (1.2, 2.3, 1.6) 46
[15:36:22.878]: (1.2, 2.2, 1.5) 53
[15:36:22.895]: (1.2, 2.2, 1.5) 53
[15:36:22.931]: (1.3, 2.2, 1.7) 50
[15:36:23.780]: (1.2, 2.2, 1.4) 53
[15:36:23.798]: (1.2, 2.3, 1.5) 53
[15:36:23.817]: (1.3, 2.3, 1.4) 53
[15:36:23.837]: (1.3, 2.3, 1.5) 53
[15:36:23.854]: (1.3, 2.3, 1.5) 53
[15:36:23.873]: (1.3, 2.3, 1.4) 53
[15:36:23.889]: (1.3, 2.3, 1.4) 53
[15:36:23.906]: (1.3, 2.3, 1.5) 53
[15:36:24.085]: (1.5, 2.4, 1.7) 43
[15:36:24.106]: (1.5, 2.4, 1.7) 43
[15:36:24.129]: (1.5, 2.4, 1.7) 43
[15:36:24.151]: (1.4, 2.4, 1.7) 43
[15:36:24.173]: (1.4, 2.4, 1.7) 43
[15:36:24.195]: (1.4, 2.4, 1.6) 43
[15:36:24.218]: (1.4, 2.4, 1.6) 43
[15:36:24.239]: (1.4, 2.4, 1.7) 43
[15:36:24.263]: (1.4, 2.4, 1.7) 43
[15:36:24.285]: (1.4, 2.4, 1.7) 43
[15:36:24.307]: (1.2, 2.3, 1.5) 53
[15:36:24.724]: (1.3, 2.3, 1.7) 50
[15:36:25.195]: (1.2, 3.1, 2.1) 57
[15:36:25.217]: (1.2, 3.1, 2.1) 57
[15:36:25.284]: (1.2, 3.0, 2.0) 56
[15:36:25.306]: (1.2, 3.0, 2.0) 56
[15:36:25.324]: (1.2, 2.3, 1.7) 50
[15:36:25.341]: (1.2, 2.3, 1.7) 50
[15:36:25.359]: (1.2, 2.3, 1.7) 50
[15:36:25.376]: (1.2, 2.3, 1.7) 50
[15:36:25.393]: (1.2, 2.3, 1.7) 50
[15:36:25.410]: (1.2, 2.3, 1.7) 50
[15:36:25.428]: (1.2, 2.2, 1.5) 53
[15:36:25.444]: (1.2, 2.2, 1.5) 53
[15:36:25.463]: (1.2, 2.2, 1.5) 53
[15:36:25.480]: (1.2, 2.2, 1.5) 53
[15:36:25.497]: (1.2, 2.3, 1.5) 53
[15:36:25.514]: (1.3, 2.3, 1.6) 45
[15:36:25.532]: (1.2, 2.3, 1.5) 53
[15:36:25.549]: (1.2, 2.2, 1.5) 53
[15:36:25.566]: (1.2, 2.3, 1.5) 53
[15:36:25.585]: (1.2, 2.2, 1.5) 53
[15:36:25.602]: (1.2, 2.2, 1.5) 53
[15:36:25.619]: (1.2, 2.2, 1.5) 53
[15:36:25.636]: (1.2, 2.2, 1.5) 53
[15:36:25.654]: (1.2, 2.2, 1.5) 53
[15:36:25.672]: (1.3, 2.2, 1.5) 53
[15:36:25.689]: (1.3, 2.2, 1.5) 53
[15:36:25.724]: (1.3, 2.2, 1.5) 53
[15:36:25.742]: (1.3, 2.2, 1.5) 53
[15:36:26.287]: (1.3, 2.2, 1.5) 53
[15:36:26.305]: (1.3, 2.2, 1.5) 53
[15:36:26.322]: (1.3, 2.2, 1.5) 53
[15:36:26.342]: (1.2, 2.2, 1.5) 53
[15:36:26.358]: (1.2, 2.2, 1.5) 53
[15:36:26.376]: (1.3, 2.3, 1.7) 50
[15:36:26.393]: (1.3, 2.3, 1.7) 50
[15:36:26.410]: (1.2, 2.3, 1.7) 50
[15:36:26.428]: (1.2, 2.3, 1.7) 50
[15:36:26.445]: (1.2, 2.3, 1.7) 50
[15:36:26.462]: (1.2, 2.3, 1.7) 50
[15:36:26.478]: (1.2, 2.3, 1.7) 50
[15:36:26.496]: (1.3, 2.3, 1.7) 50
[15:36:26.513]: (1.3, 2.3, 1.7) 50
[15:36:26.529]: (1.3, 2.3, 1.7) 50
[15:36:26.545]: (1.3, 2.3, 1.7) 50
[15:36:26.563]: (1.3, 2.3, 1.7) 50
[15:36:26.579]: (1.3, 2.3, 1.7) 50
[15:36:26.596]: (1.3, 2.3, 1.7) 50
[15:36:26.613]: (1.2, 2.2, 1.5) 53
[15:36:26.728]: (1.2, 2.2, 1.5) 53
[15:36:26.750]: (1.2, 2.2, 1.5) 53
[15:36:26.772]: (1.2, 2.2, 1.5) 53
[15:36:26.794]: (1.2, 2.2, 1.5) 53
[15:36:26.929]: (1.2, 2.2, 1.5) 53
[15:36:26.949]: (1.3, 2.2, 1.5) 53
[15:36:26.974]: (1.3, 2.2, 1.5) 53
[15:36:26.996]: (1.3, 2.2, 1.5) 53
[15:36:27.016]: (1.3, 2.2, 1.5) 53
[15:36:27.040]: (1.3, 2.2, 1.5) 53
[15:36:27.062]: (1.2, 2.2, 1.5) 53
[15:36:27.082]: (1.3, 2.2, 1.5) 53
[15:36:27.105]: (1.2, 2.2, 1.5) 53
[15:36:27.122]: (1.3, 2.2, 1.5) 53
[15:36:27.141]: (1.3, 2.2, 1.5) 53
[15:36:27.158]: (1.3, 2.2, 1.5) 53
[15:36:27.176]: (1.3, 2.2, 1.5) 53
[15:36:27.224]: (1.3, 2.2, 1.5) 53
[15:36:27.241]: (1.3, 2.2, 1.5) 53
[15:36:27.260]: (1.3, 2.2, 1.5) 53
[15:36:27.277]: (1.3, 2.2, 1.5) 53
[15:36:27.295]: (1.3, 2.2, 1.5) 53
[15:36:27.312]: (1.3, 2.2, 1.5) 53
[15:36:27.330]: (1.3, 2.2, 1.5) 53
[15:36:27.544]: (1.1, 2.2, 1.6) 53
[15:36:28.084]: (1.5, 3.0, 2.4) 60
[15:36:28.571]: (1.0, 2.3, 1.7) 52
[15:36:28.595]: (1.1, 2.1, 1.6) 53
[15:36:28.615]: (1.1, 2.1, 1.6) 53
[15:36:28.638]: (1.1, 2.1, 1.6) 53
[15:36:28.662]: (1.1, 2.1, 1.6) 53
[15:36:28.682]: (1.1, 2.1, 1.6) 53
[15:36:28.705]: (1.1, 2.1, 1.6) 53
[15:36:28.728]: (1.1, 2.1, 1.6) 53
[15:36:28.749]: (1.2, 2.2, 1.8) 50
[15:36:28.772]: (1.0, 2.3, 1.7) 52
[15:36:28.862]: (1.3, 2.4, 1.9) 49
[15:36:28.883]: (1.3, 2.4, 1.9) 49
[15:36:28.905]: (1.3, 2.4, 1.9) 49
[15:36:28.928]: (1.1, 2.3, 1.6) 51
[15:36:28.950]: (1.1, 2.3, 1.6) 51
[15:36:28.972]: (1.1, 2.3, 1.6) 51
[15:36:28.993]: (1.1, 2.3, 1.6) 51
[15:36:29.016]: (1.1, 2.3, 1.6) 51
[15:36:29.038]: (1.1, 2.3, 1.6) 51
[15:36:29.062]: (1.1, 2.3, 1.6) 51
[15:36:29.083]: (1.1, 2.3, 1.6) 51
[15:36:29.107]: (1.1, 2.3, 1.6) 51
[15:36:29.127]: (1.1, 2.3, 1.6) 51
[15:36:29.151]: (1.1, 2.3, 1.6) 51
[15:36:29.174]: (1.1, 2.3, 1.6) 51
[15:36:29.196]: (1.3, 2.4, 1.9) 49
[15:36:29.221]: (1.3, 2.4, 1.9) 49
[15:36:29.464]: (1.1, 2.2, 1.6) 53
[15:36:29.724]: (1.1, 2.1, 1.6) 53
[15:36:29.743]: (1.1, 2.1, 1.6) 53
[15:36:29.760]: (1.1, 2.1, 1.6) 53
[15:36:29.777]: (1.1, 2.1, 1.6) 53
[15:36:29.795]: (1.1, 2.1, 1.6) 53
[15:36:29.812]: (1.1, 2.1, 1.6) 53
[15:36:29.829]: (1.1, 2.1, 1.6) 53
[15:36:29.846]: (1.1, 2.1, 1.6) 53
[15:36:29.940]: (1.1, 2.2, 1.8) 50
[15:36:29.959]: (1.1, 2.2, 1.8) 50
[15:36:29.977]: (1.1, 2.2, 1.8) 50
[15:36:29.994]: (1.1, 2.1, 1.6) 53
[15:36:30.012]: (1.1, 2.1, 1.6) 53
[15:36:30.028]: (1.1, 2.1, 1.6) 53
[15:36:30.044]: (1.1, 2.1, 1.6) 53
[15:36:30.061]: (1.1, 2.1, 1.6) 53
[15:36:30.079]: (1.1, 2.2, 1.6) 53
[15:36:30.097]: (1.1, 2.2, 1.7) 46
[15:36:30.227]: (1.1, 2.2, 1.7) 46
[15:36:30.248]: (1.3, 2.4, 1.9) 49
[15:36:30.272]: (1.1, 2.3, 1.6) 51
[15:36:30.292]: (1.3, 2.4, 1.9) 49
[15:36:30.359]: (1.3, 2.4, 1.8) 43
[15:36:30.383]: (1.1, 2.3, 1.6) 51
[15:36:30.405]: (1.1, 2.3, 1.6) 51
[15:36:30.450]: (1.1, 2.4, 1.6) 51
[15:36:30.557]: (1.1, 2.3, 1.6) 51
[15:36:30.574]: (1.1, 2.3, 1.7) 46
[15:36:30.591]: (1.1, 2.3, 1.7) 46
[15:36:30.608]: (1.3, 2.4, 1.9) 49
[15:36:30.625]: (1.3, 2.4, 1.9) 49
[15:36:30.644]: (1.1, 2.3, 1.7) 46
[15:36:30.661]: (1.1, 2.2, 1.7) 46
[15:36:30.678]: (1.1, 2.2, 1.7) 46
[15:36:30.695]: (1.1, 2.2, 1.7) 46
[15:36:30.713]: (1.1, 2.2, 1.7) 46
[15:36:30.730]: (1.1, 2.2, 1.7) 46
[15:36:30.746]: (1.1, 2.2, 1.7) 46
[15:36:30.764]: (1.1, 2.2, 1.6) 53
[15:36:30.782]: (1.2, 2.2, 1.7) 46
[15:36:30.799]: (1.1, 2.2, 1.7) 46
[15:36:30.816]: (1.1, 2.2, 1.6) 53
[15:36:30.835]: (1.1, 2.2, 1.7) 46
[15:36:30.852]: (1.1, 2.2, 1.6) 53
[15:36:30.870]: (1.1, 2.2, 1.6) 53
[15:36:30.887]: (1.1, 2.2, 1.6) 53
[15:36:30.906]: (1.2, 2.2, 1.7) 45
[15:36:30.924]: (1.1, 2.2, 1.7) 46
[15:36:30.942]: (1.2, 2.2, 1.8) 45
[15:36:30.959]: (1.2, 2.2, 1.8) 45
[15:36:30.981]: (1.1, 2.1, 1.6) 53
[15:36:31.005]: (1.1, 2.1, 1.6) 53
[15:36:31.027]: (1.1, 2.1, 1.6) 53
[15:36:31.048]: (1.1, 2.1, 1.6) 53
[15:36:31.182]: (1.1, 2.1, 1.6) 53
[15:36:31.204]: (1.1, 2.2, 1.6) 53
[15:36:31.227]: (1.1, 2.1, 1.6) 53
[15:36:31.248]: (1.1, 2.1, 1.6) 53
[15:36:31.271]: (1.1, 2.1, 1.6) 53
[15:36:31.294]: (1.1, 2.1, 1.6) 53
[15:36:31.315]: (1.1, 2.2, 1.6) 53
[15:36:31.338]: (1.1, 2.1, 1.6) 53
[15:36:31.359]: (1.1, 2.1, 1.6) 53
[15:36:31.382]: (1.1, 2.1, 1.6) 53
[15:36:31.404]: (1.1, 2.1, 1.6) 53
[15:36:31.422]: (1.1, 2.1, 1.6) 53
[15:36:31.441]: (1.1, 2.1, 1.6) 53
[15:36:31.459]: (1.1, 2.1, 1.6) 53
[15:36:31.477]: (1.1, 2.1, 1.6) 53
[15:36:31.495]: (1.1, 2.1, 1.6) 53
[15:36:31.512]: (1.1, 2.1, 1.6) 53
[15:36:31.529]: (1.1, 2.1, 1.6) 53
[15:36:31.546]: (1.1, 2.1, 1.6) 53
[15:36:31.563]: (1.1, 2.1, 1.6) 53
[15:36:31.579]: (1.1, 2.1, 1.6) 53
[15:36:31.596]: (1.1, 2.1, 1.6) 53
[15:36:31.613]: (1.1, 2.1, 1.6) 53
[15:36:31.631]: (1.1, 2.1, 1.6) 53
[15:36:31.648]: (1.1, 2.1, 1.6) 53
[15:36:31.665]: (1.1, 2.1, 1.6) 53
[15:36:31.684]: (1.1, 2.1, 1.6) 53
[15:36:31.701]: (1.1, 2.1, 1.6) 53
[15:36:31.800]: (1.1, 2.3, 1.6) 51
[15:36:31.819]: (1.3, 2.3, 1.8) 43
[15:36:31.836]: (1.3, 2.3, 1.8) 43
[15:36:31.853]: (1.1, 2.3, 1.6) 51
[15:36:31.871]: (1.3, 2.4, 1.9) 49
[15:36:31.889]: (1.1, 2.3, 1.7) 46
[15:36:31.906]: (1.1, 2.2, 1.7) 46
[15:36:31.927]: (1.1, 2.2, 1.7) 46
[15:36:31.948]: (1.3, 2.3, 1.8) 43
[15:36:31.971]: (1.3, 2.3, 1.8) 43
[15:36:31.994]: (1.1, 2.2, 1.7) 46
[15:36:32.015]: (1.1, 2.2, 1.7) 46
[15:36:32.040]: (1.1, 2.2, 1.7) 46
[15:36:32.059]: (1.2, 2.3, 1.7) 45
[15:36:32.081]: (1.2, 2.3, 1.8) 45
[15:36:32.104]: (1.2, 2.3, 1.8) 45
[15:36:32.127]: (1.2, 2.3, 1.8) 45
[15:36:32.147]: (1.2, 2.3, 1.7) 45
[15:36:32.171]: (1.1, 2.3, 1.7) 46
[15:36:32.194]: (1.1, 2.2, 1.7) 46
[15:36:32.215]: (1.2, 2.3, 1.8) 45
[15:36:32.237]: (1.2, 2.3, 1.7) 45
[15:36:32.261]: (1.2, 2.3, 1.8) 45
[15:36:32.280]: (1.3, 2.3, 1.8) 43
[15:36:32.304]: (1.3, 2.3, 1.8) 43
[15:36:32.323]: (1.3, 2.3, 1.8) 43
[15:36:32.341]: (1.3, 2.4, 1.9) 49
[15:36:32.358]: (1.3, 2.4, 1.9) 49
[15:36:32.378]: (1.3, 2.4, 1.9) 49
[15:36:32.397]: (1.3, 2.4, 1.9) 49
[15:36:32.416]: (1.3, 2.3, 1.8) 43
[15:36:32.434]: (1.3, 2.3, 1.8) 43
[15:36:32.454]: (1.3, 2.3, 1.8) 43
[15:36:32.475]: (1.3, 2.3, 1.8) 43
[15:36:32.492]: (1.3, 2.3, 1.8) 43
[15:36:32.511]: (1.2, 2.3, 1.8) 45
[15:36:32.529]: (1.3, 2.3, 1.8) 43
[15:36:32.546]: (1.1, 2.2, 1.7) 46
[15:36:32.563]: (1.1, 2.2, 1.7) 46
[15:36:32.581]: (1.1, 2.2, 1.7) 46
[15:36:32.599]: (1.1, 2.2, 1.7) 46
[15:36:32.618]: (1.1, 2.2, 1.7) 46
[15:36:32.637]: (1.1, 2.2, 1.7) 46
[15:36:32.655]: (1.1, 2.2, 1.6) 53
[15:36:32.675]: (1.1, 2.2, 1.6) 53
[15:36:32.694]: (1.1, 2.2, 1.6) 53
[15:36:32.712]: (1.1, 2.2, 1.6) 53
[15:36:32.729]: (1.1, 2.2, 1.6) 53
[15:36:32.746]: (1.1, 2.2, 1.6) 53
[15:36:32.763]: (1.1, 2.2, 1.6) 53
[15:36:32.781]: (1.1, 2.2, 1.6) 53
[15:36:32.799]: (1.1, 2.2, 1.6) 53
[15:36:32.819]: (1.1, 2.2, 1.6) 53
[15:36:32.837]: (1.1, 2.2, 1.6) 53
[15:36:32.854]: (1.1, 2.2, 1.6) 53
[15:36:32.873]: (1.1, 2.2, 1.7) 46
[15:36:32.897]: (1.1, 2.2, 1.7) 46
[15:36:32.914]: (1.1, 2.2, 1.7) 46
[15:36:32.940]: (1.1, 2.2, 1.6) 53
[15:36:32.959]: (1.1, 2.2, 1.6) 53
[15:36:32.982]: (1.3, 2.3, 1.8) 43
[15:36:33.005]: (1.3, 2.3, 1.8) 43
[15:36:33.027]: (1.2, 2.3, 1.8) 45
[15:36:33.048]: (1.2, 2.3, 1.7) 45
[15:36:33.071]: (1.2, 2.3, 1.7) 45
[15:36:33.094]: (1.2, 2.3, 1.7) 45
[15:36:33.116]: (1.2, 2.3, 1.7) 45
[15:36:33.137]: (1.2, 2.3, 1.7) 45
[15:36:33.160]: (1.2, 2.2, 1.8) 45
[15:36:33.182]: (1.1, 2.2, 1.6) 53
[15:36:33.205]: (1.1, 2.2, 1.6) 53
[15:36:33.226]: (1.1, 2.2, 1.6) 53
[15:36:33.249]: (1.1, 2.2, 1.6) 53
[15:36:33.271]: (1.1, 2.2, 1.6) 53
[15:36:33.293]: (1.2, 2.2, 1.7) 45
[15:36:33.316]: (1.2, 2.2, 1.7) 45
[15:36:33.335]: (1.1, 2.2, 1.7) 46
[15:36:33.356]: (1.1, 2.2, 1.7) 46
[15:36:33.377]: (1.1, 2.2, 1.7) 46
[15:36:33.395]: (1.1, 2.2, 1.7) 46
[15:36:33.416]: (1.1, 2.2, 1.7) 46
[15:36:33.438]: (1.1, 2.3, 1.7) 46
[15:36:33.702]: (0.1, 2.0, 1.3) 14
[15:36:33.720]: (0.1, 2.0, 1.3) 14
[15:36:33.737]: (0.1, 2.0, 1.3) 14
