[15:20:33.093]: (0.7, 0.9, 4.8) 25
[15:20:33.117]: (0.8, 1.0, 4.8) 25
[15:20:33.202]: (0.3, 1.2, 2.5) 0
[15:20:33.225]: (0.3, 1.3, 2.5) 0
[15:20:33.248]: (0.3, 1.3, 2.5) 0
[15:20:33.269]: (0.4, 1.4, 2.5) 0
[15:20:34.609]: (0.2, 2.8, 4.8) 19
[15:20:34.631]: (0.0, 2.2, 2.8) 6
[15:20:35.798]: (-0.8, 2.6, 4.4) 13
[15:20:35.820]: (-0.9, 2.6, 4.4) 13
[15:20:35.886]: (-0.9, 2.6, 4.4) 13
[15:20:35.909]: (-0.8, 2.6, 4.4) 13
[15:20:35.953]: (-0.8, 2.6, 4.3) 15
[15:20:35.976]: (-0.8, 2.6, 4.4) 15
[15:20:35.998]: (-0.8, 2.6, 4.3) 15
[15:20:36.065]: (-0.8, 2.6, 4.4) 13
[15:20:36.087]: (-0.8, 2.6, 4.4) 13
[15:20:36.106]: (-0.8, 2.6, 4.4) 15
[15:20:36.125]: (-0.8, 2.6, 4.4) 13
[15:20:36.172]: (-0.9, 2.6, 4.4) 13
[15:20:36.531]: (0.9, 2.0, 1.8) 2
[15:20:36.553]: (1.0, 2.0, 1.8) 2
[15:20:36.575]: (0.9, 2.0, 1.8) 2
[15:20:36.620]: (0.9, 2.0, 1.8) 2
[15:20:36.642]: (1.0, 2.0, 1.8) 2
[15:20:36.664]: (1.0, 2.0, 1.8) 2
[15:20:36.709]: (0.9, 2.0, 1.8) 2
[15:20:36.730]: (0.9, 2.1, 2.1) 0
[15:20:36.774]: (1.7, 2.4, 2.8) 12
[15:20:37.209]: (1.1, 1.8, 0.7) 26
[15:20:37.227]: (2.2, 2.0, 1.3) 3
[15:20:37.262]: (1.2, 1.7, 0.7) 26
[15:20:37.280]: (1.2, 1.7, 0.7) 26
[15:20:37.300]: (1.2, 1.7, 0.7) 26
[15:20:37.318]: (1.2, 1.7, 0.7) 26
[15:20:37.338]: (1.2, 1.7, 0.7) 26
[15:20:37.357]: (1.2, 1.7, 0.7) 26
[15:20:37.376]: (2.2, 2.0, 1.3) 3
[15:20:37.394]: (2.8, 2.2, 1.7) 23
[15:20:37.412]: (1.2, 1.7, 0.7) 26
[15:20:37.431]: (2.8, 2.2, 1.7) 23
[15:20:37.450]: (2.7, 2.2, 1.7) 23
[15:20:37.468]: (2.8, 2.2, 1.7) 23
[15:20:37.486]: (2.7, 2.2, 1.8) 23
[15:20:37.509]: (1.2, 1.8, 0.7) 26
[15:20:37.531]: (1.2, 1.8, 0.7) 26
[15:20:37.555]: (1.2, 1.8, 0.7) 26
[15:20:37.576]: (1.2, 1.8, 0.7) 26
[15:20:37.598]: (1.2, 1.8, 0.7) 26
[15:20:38.400]: (0.9, 2.0, 1.8) 2
[15:20:38.419]: (0.9, 2.1, 2.1) 0
[15:20:38.441]: (0.9, 2.1, 2.1) 0
[15:20:38.524]: (0.9, 2.1, 2.0) 1
[15:20:38.789]: (0.9, 2.4, 2.6) 7
[15:20:38.856]: (1.1, 2.5, 2.6) 5
[15:20:39.664]: (1.6, 3.2, 4.9) 28
[15:20:39.966]: (0.9, 2.8, 4.1) 15
[15:20:40.580]: (0.9, 2.7, 4.1) 14
[15:20:42.143]: (0.9, 2.5, 2.6) 5
[15:20:42.368]: (0.5, 2.6, 2.5) 6
[15:20:42.543]: (1.0, 2.7, 2.8) 9
[15:20:42.566]: (1.0, 2.7, 2.8) 9
[15:20:42.701]: (1.0, 2.1, 1.6) 2
[15:20:42.727]: (1.7, 2.5, 2.7) 12
[15:20:43.010]: (1.2, 2.1, 3.1) 11
[15:20:43.225]: (1.1, 2.1, 3.2) 10
[15:20:43.272]: (1.1, 2.1, 3.2) 10
[15:20:43.340]: (-0.1, 2.4, 3.2) 9
[15:20:43.606]: (-0.6, 2.2, 2.7) 6
[15:20:43.650]: (-0.5, 2.2, 2.7) 6
[15:20:44.073]: (0.0, 2.3, 2.9) 5
[15:20:46.027]: (0.6, 2.3, 2.8) 5
[15:20:46.044]: (0.6, 2.3, 2.8) 5
[15:20:46.061]: (0.6, 2.3, 2.7) 5
[15:20:46.080]: (0.6, 2.2, 2.7) 7
[15:20:46.096]: (0.6, 2.2, 2.7) 7
[15:20:46.113]: (0.6, 2.2, 2.7) 7
[15:20:46.128]: (0.6, 2.2, 2.7) 7
[15:20:46.146]: (0.6, 2.2, 2.7) 7
[15:20:46.164]: (0.6, 2.2, 2.7) 7
[15:20:46.180]: (0.6, 2.2, 2.7) 7
[15:20:46.202]: (0.6, 2.2, 2.7) 7
[15:20:46.219]: (0.6, 2.2, 2.7) 7
[15:20:46.237]: (0.6, 2.2, 2.7) 7
[15:20:46.255]: (0.6, 2.2, 2.7) 7
[15:20:46.273]: (0.6, 2.2, 2.7) 7
[15:20:46.291]: (0.6, 2.2, 2.7) 7
[15:20:46.307]: (0.6, 2.2, 2.7) 7
[15:20:46.323]: (0.6, 2.2, 2.7) 7
[15:20:46.340]: (0.6, 2.2, 2.7) 5
[15:20:46.359]: (0.6, 2.2, 2.8) 5
[15:20:46.381]: (0.6, 2.2, 2.8) 5
[15:20:46.402]: (0.6, 2.2, 2.8) 5
[15:20:46.424]: (0.6, 2.2, 2.8) 5
[15:20:46.446]: (0.6, 2.2, 2.7) 5
[15:20:46.469]: (0.6, 2.2, 2.7) 5
[15:20:46.492]: (0.6, 2.2, 2.7) 5
[15:20:46.515]: (0.6, 2.2, 2.7) 5
[15:20:46.537]: (0.6, 2.2, 2.7) 7
[15:20:46.666]: (1.3, 2.9, 4.4) 19
[15:20:46.797]: (0.6, 2.2, 2.6) 7
[15:20:46.832]: (1.3, 2.9, 4.4) 19
[15:20:46.865]: (1.3, 2.9, 4.4) 19
[15:20:46.896]: (1.3, 3.0, 4.4) 19
[15:20:47.031]: (0.6, 2.2, 2.6) 7
[15:20:47.065]: (0.6, 2.3, 2.6) 7
[15:20:47.094]: (0.6, 2.3, 2.6) 7
[15:20:47.126]: (0.6, 2.3, 2.6) 7
[15:20:47.159]: (0.6, 2.3, 2.6) 7
[15:20:47.193]: (0.6, 2.3, 2.6) 7
[15:20:47.227]: (0.6, 2.3, 2.6) 7
[15:20:47.260]: (0.6, 2.3, 2.6) 7
[15:20:47.281]: (0.6, 2.2, 2.7) 7
[15:20:47.304]: (0.6, 2.2, 2.7) 5
[15:20:47.326]: (0.6, 2.2, 2.7) 5
[15:20:47.348]: (0.6, 2.2, 2.7) 5
[15:20:47.370]: (0.6, 2.2, 2.7) 5
[15:20:47.392]: (0.6, 2.2, 2.7) 5
[15:20:47.415]: (0.6, 2.2, 2.7) 7
[15:20:47.437]: (0.6, 2.2, 2.7) 7
[15:20:47.459]: (0.6, 2.3, 2.6) 7
[15:20:47.483]: (0.6, 2.3, 2.7) 5
[15:20:47.814]: (0.5, 2.3, 2.7) 5
[15:20:47.837]: (0.5, 2.3, 2.7) 5
[15:20:47.859]: (0.6, 2.2, 2.7) 5
[15:20:47.881]: (0.6, 2.2, 2.6) 7
[15:20:47.926]: (0.6, 2.2, 2.6) 7
[15:20:48.109]: (0.5, 2.3, 2.7) 5
[15:20:48.151]: (0.5, 2.3, 2.7) 5
[15:20:48.174]: (0.5, 2.3, 2.7) 5
[15:20:48.196]: (0.5, 2.3, 2.7) 5
[15:20:48.222]: (0.5, 2.3, 2.7) 5
[15:20:48.243]: (0.5, 2.3, 2.7) 5
[15:20:48.266]: (0.6, 2.3, 2.7) 5
[15:20:48.421]: (0.6, 2.3, 2.6) 7
[15:20:48.440]: (0.6, 2.3, 2.6) 7
[15:20:48.463]: (0.6, 2.3, 2.6) 7
[15:20:48.485]: (0.6, 2.2, 2.6) 7
[15:20:48.543]: (0.6, 2.2, 2.6) 7
[15:20:48.560]: (0.6, 2.2, 2.6) 7
[15:20:48.613]: (0.7, 2.2, 2.5) 6
[15:20:48.632]: (0.7, 2.2, 2.5) 6
[15:20:48.655]: (0.7, 2.2, 2.5) 6
[15:20:48.678]: (0.7, 2.2, 2.5) 6
[15:20:48.699]: (0.6, 2.2, 2.5) 6
[15:20:48.754]: (0.7, 2.2, 2.5) 6
[15:20:48.774]: (0.7, 2.2, 2.5) 6
[15:20:48.794]: (0.7, 2.2, 2.5) 6
[15:20:48.813]: (0.7, 2.2, 2.5) 6
[15:20:48.830]: (0.6, 2.3, 2.6) 7
[15:20:49.516]: (1.4, 1.9, 1.3) 2
[15:20:49.554]: (1.4, 1.9, 1.3) 2
[15:20:50.793]: (1.4, 1.9, 1.3) 2
[15:20:50.809]: (1.4, 1.9, 1.3) 2
[15:20:50.827]: (1.4, 1.9, 1.3) 2
[15:20:50.845]: (1.4, 1.9, 1.3) 2
[15:20:50.863]: (1.4, 1.9, 1.3) 2
[15:20:50.883]: (1.4, 1.9, 1.3) 2
[15:20:50.906]: (1.4, 1.9, 1.3) 2
[15:20:50.926]: (1.4, 1.9, 1.3) 2
[15:20:50.949]: (1.4, 1.9, 1.3) 2
[15:20:51.238]: (1.4, 1.9, 1.3) 2
[15:20:51.477]: (0.7, 2.2, 2.5) 6
[15:20:51.510]: (0.7, 2.2, 2.5) 6
[15:20:51.527]: (0.7, 2.2, 2.5) 6
[15:20:51.547]: (0.7, 2.2, 2.5) 6
[15:20:51.564]: (0.7, 2.2, 2.5) 6
[15:20:51.582]: (0.7, 2.2, 2.5) 6
[15:20:51.598]: (0.7, 2.2, 2.5) 6
[15:20:51.614]: (0.6, 2.3, 2.6) 7
[15:20:51.631]: (0.6, 2.3, 2.6) 7
[15:20:51.649]: (0.6, 2.3, 2.6) 7
[15:20:51.667]: (0.6, 2.3, 2.6) 7
[15:20:51.684]: (0.6, 2.3, 2.6) 7
[15:20:51.702]: (0.6, 2.3, 2.6) 7
[15:20:51.720]: (0.6, 2.3, 2.6) 7
[15:20:51.738]: (0.6, 2.3, 2.6) 7
[15:20:51.755]: (0.6, 2.2, 2.6) 7
[15:20:51.772]: (0.6, 2.3, 2.6) 7
[15:20:51.790]: (0.6, 2.2, 2.6) 7
[15:20:51.808]: (0.6, 2.2, 2.6) 7
[15:20:51.825]: (0.6, 2.3, 2.6) 7
[15:20:51.847]: (0.6, 2.2, 2.6) 7
[15:20:51.869]: (0.6, 2.2, 2.6) 7
[15:20:51.898]: (0.6, 2.2, 2.6) 7
[15:20:51.918]: (0.6, 2.2, 2.6) 7
[15:20:51.935]: (0.6, 2.2, 2.6) 7
[15:20:51.958]: (0.6, 2.2, 2.6) 7
[15:20:51.980]: (0.6, 2.2, 2.6) 7
[15:20:52.003]: (0.6, 2.2, 2.6) 7
[15:20:52.025]: (0.6, 2.2, 2.6) 7
[15:20:52.047]: (0.6, 2.2, 2.6) 7
[15:20:52.070]: (0.6, 2.3, 2.6) 7
[15:20:52.091]: (0.6, 2.3, 2.6) 7
[15:20:52.113]: (0.6, 2.3, 2.6) 7
[15:20:52.135]: (0.6, 2.3, 2.6) 7
[15:20:52.162]: (0.6, 2.3, 2.6) 7
