[15:28:51.612]: (0.0, 1.2, 2.7) 40
[15:28:51.739]: (1.0, 2.1, 4.7) 0
[15:28:51.762]: (1.0, 2.2, 4.7) 0
[15:28:52.216]: (0.4, 2.6, 2.2) 41
[15:28:52.280]: (0.3, 2.6, 2.3) 39
[15:28:52.313]: (0.3, 2.6, 2.3) 39
[15:28:52.348]: (0.3, 2.7, 2.3) 39
[15:28:52.380]: (0.3, 2.6, 2.2) 40
[15:28:52.413]: (0.4, 2.7, 2.4) 42
[15:28:52.448]: (0.4, 2.7, 2.4) 42
[15:28:53.044]: (1.3, 3.6, 5.7) 7
[15:28:53.068]: (0.5, 2.9, 3.7) 47
[15:28:53.288]: (0.6, 2.8, 3.6) 49
[15:28:53.466]: (1.4, 1.6, 0.8) 25
[15:28:53.487]: (1.4, 1.6, 0.8) 25
[15:28:53.554]: (1.9, 1.6, 1.3) 33
[15:28:53.577]: (1.9, 1.6, 1.3) 33
[15:28:53.597]: (1.9, 1.6, 1.3) 33
[15:28:53.665]: (1.9, 1.6, 1.3) 33
[15:28:53.688]: (1.9, 1.6, 1.3) 33
[15:28:53.711]: (2.1, 1.6, 1.4) 37
[15:28:53.733]: (1.2, 1.4, 0.6) 31
[15:28:53.756]: (1.2, 1.4, 0.7) 31
[15:28:53.780]: (1.2, 1.4, 0.7) 31
[15:28:53.801]: (1.2, 1.5, 0.7) 31
[15:28:53.822]: (1.2, 1.5, 0.7) 28
[15:28:53.847]: (1.2, 1.5, 0.7) 28
[15:28:53.868]: (1.2, 1.5, 0.7) 31
[15:28:53.890]: (1.2, 1.4, 0.7) 28
[15:28:53.913]: (1.3, 1.4, 0.8) 28
[15:28:53.938]: (1.4, 1.4, 0.9) 24
[15:28:53.963]: (1.4, 1.4, 0.9) 24
[15:28:54.009]: (1.3, 1.4, 0.8) 28
[15:28:54.032]: (1.2, 1.4, 0.7) 28
[15:28:54.058]: (1.4, 1.4, 0.8) 26
[15:28:54.084]: (1.2, 1.4, 0.7) 31
[15:28:54.268]: (1.0, 1.5, 1.2) 26
[15:28:54.290]: (0.8, 1.5, 1.0) 31
[15:28:54.312]: (0.8, 1.5, 1.0) 31
[15:28:54.335]: (0.8, 1.5, 1.0) 31
[15:28:54.461]: (1.0, 1.7, 1.3) 29
[15:28:54.483]: (1.0, 1.8, 1.2) 24
[15:28:54.506]: (1.0, 1.8, 1.2) 24
[15:28:54.530]: (0.9, 1.8, 1.0) 28
[15:28:54.553]: (0.9, 1.8, 1.0) 28
[15:28:54.574]: (0.9, 1.8, 1.0) 28
[15:28:54.596]: (0.9, 1.8, 1.0) 28
[15:28:54.620]: (1.5, 2.1, 1.7) 35
[15:28:54.640]: (1.5, 2.1, 1.7) 35
[15:28:54.662]: (1.6, 2.2, 1.7) 35
[15:28:54.685]: (1.6, 2.2, 1.7) 37
[15:28:54.706]: (1.4, 2.1, 1.5) 33
[15:28:54.728]: (1.4, 2.1, 1.5) 33
[15:28:54.772]: (1.1, 2.0, 1.1) 24
[15:28:54.795]: (1.1, 1.9, 1.0) 24
[15:28:54.817]: (1.1, 1.9, 1.1) 29
[15:28:54.839]: (1.1, 1.9, 1.1) 29
[15:28:54.863]: (1.1, 1.9, 1.0) 29
[15:28:54.886]: (1.1, 2.0, 1.0) 29
[15:28:54.907]: (1.1, 2.0, 1.0) 24
[15:28:54.931]: (1.1, 2.0, 1.0) 24
[15:28:54.953]: (1.1, 2.0, 1.0) 24
[15:28:54.973]: (1.1, 2.1, 1.0) 24
[15:28:54.996]: (1.1, 2.0, 1.0) 24
[15:28:55.024]: (1.0, 2.0, 0.8) 28
[15:28:55.057]: (0.9, 2.0, 0.8) 28
[15:28:55.094]: (0.9, 2.0, 0.8) 28
[15:28:55.125]: (0.9, 2.0, 0.8) 28
[15:28:55.157]: (0.9, 2.0, 0.8) 28
[15:28:55.192]: (1.0, 2.1, 0.8) 26
[15:28:55.224]: (1.0, 2.1, 0.8) 26
[15:28:55.257]: (0.9, 2.1, 0.8) 28
[15:28:55.291]: (0.9, 2.0, 0.8) 28
[15:28:55.326]: (0.9, 2.0, 0.8) 28
[15:28:55.359]: (0.9, 2.0, 0.8) 28
[15:28:55.389]: (0.9, 2.0, 0.8) 28
[15:28:55.424]: (0.9, 2.0, 0.8) 28
[15:28:55.456]: (1.1, 2.1, 1.0) 24
[15:28:55.495]: (1.1, 2.1, 1.0) 24
[15:28:55.525]: (0.9, 2.0, 0.7) 28
[15:28:55.559]: (0.9, 2.1, 0.7) 28
[15:28:55.591]: (0.9, 2.1, 0.7) 28
[15:28:55.628]: (0.9, 2.0, 0.7) 28
[15:28:55.652]: (0.9, 2.0, 0.7) 28
[15:28:55.672]: (0.9, 2.0, 0.7) 28
[15:28:55.695]: (0.9, 2.0, 0.7) 28
[15:28:55.716]: (0.9, 2.0, 0.7) 28
[15:28:55.740]: (0.9, 2.0, 0.7) 28
[15:28:55.763]: (0.9, 2.0, 0.7) 28
[15:28:55.787]: (0.9, 2.0, 0.7) 28
[15:28:55.811]: (0.9, 2.1, 0.7) 28
[15:28:55.833]: (1.5, 2.5, 1.3) 32
[15:28:55.852]: (1.4, 2.4, 1.4) 33
[15:28:55.931]: (1.2, 3.3, 2.4) 23
[15:28:56.486]: (1.4, 3.4, 2.4) 20
[15:28:57.402]: (1.4, 3.3, 2.4) 20
[15:28:57.423]: (1.4, 3.3, 2.4) 20
[15:28:57.445]: (1.4, 3.3, 2.4) 20
[15:28:57.469]: (1.4, 3.3, 2.4) 20
[15:28:57.491]: (1.4, 3.3, 2.4) 20
[15:28:57.514]: (1.4, 3.3, 2.4) 20
[15:28:57.536]: (1.4, 3.3, 2.4) 20
[15:28:57.559]: (1.4, 3.3, 2.4) 20
[15:28:59.328]: (1.6, 3.3, 2.3) 20
[15:28:59.370]: (1.5, 3.3, 2.2) 23
[15:28:59.394]: (1.5, 3.3, 2.2) 23
[15:28:59.413]: (1.5, 3.3, 2.2) 23
[15:28:59.438]: (1.5, 3.3, 2.2) 23
[15:28:59.699]: (1.7, 3.3, 2.2) 20
[15:28:59.721]: (1.7, 3.3, 2.2) 20
[15:28:59.784]: (1.7, 3.1, 2.3) 22
[15:28:59.805]: (1.7, 3.1, 2.3) 22
[15:29:00.262]: (1.6, 2.5, 1.2) 32
[15:29:00.283]: (1.1, 2.3, 0.7) 25
[15:29:00.304]: (1.7, 2.6, 1.2) 35
[15:29:00.371]: (1.7, 2.6, 1.2) 35
[15:29:00.393]: (1.8, 2.6, 1.2) 35
[15:29:00.415]: (1.7, 2.6, 1.2) 35
[15:29:00.474]: (1.1, 2.2, 0.7) 26
[15:29:00.496]: (1.1, 2.2, 0.7) 26
[15:29:00.517]: (1.1, 2.2, 0.7) 26
[15:29:00.537]: (1.1, 2.2, 0.7) 26
[15:29:00.557]: (1.1, 2.2, 0.7) 26
[15:29:00.579]: (1.0, 2.1, 0.7) 28
[15:29:00.600]: (1.0, 2.1, 0.7) 28
[15:29:00.622]: (1.0, 2.1, 0.7) 28
[15:29:00.644]: (1.1, 2.2, 0.7) 26
[15:29:00.667]: (1.1, 2.2, 0.7) 26
[15:29:00.690]: (1.1, 2.2, 0.7) 26
[15:29:00.715]: (1.1, 2.2, 0.7) 26
[15:29:00.739]: (1.1, 2.2, 0.7) 26
[15:29:00.760]: (1.1, 2.2, 0.7) 26
[15:29:00.782]: (1.1, 2.2, 0.7) 26
[15:29:00.804]: (1.1, 2.2, 0.7) 26
[15:29:00.827]: (1.1, 2.2, 0.7) 26
[15:29:00.851]: (1.1, 2.2, 0.7) 26
[15:29:00.896]: (1.0, 2.2, 0.8) 26
[15:29:00.919]: (1.0, 2.2, 0.8) 26
[15:29:01.015]: (1.5, 2.5, 1.2) 32
[15:29:01.033]: (1.0, 2.2, 0.8) 26
[15:29:01.056]: (1.0, 2.2, 0.8) 26
[15:29:01.078]: (1.4, 2.5, 1.3) 33
[15:29:01.096]: (1.0, 2.2, 0.8) 26
[15:29:01.112]: (0.9, 2.0, 0.6) 31
[15:29:01.130]: (0.9, 2.0, 0.6) 31
[15:29:01.147]: (0.9, 2.1, 0.6) 31
[15:29:01.163]: (0.9, 2.0, 0.6) 31
[15:29:01.181]: (0.9, 2.0, 0.6) 31
[15:29:01.199]: (0.9, 2.0, 0.6) 31
[15:29:01.219]: (0.9, 2.0, 0.6) 31
[15:29:01.237]: (0.9, 2.0, 0.6) 31
[15:29:01.254]: (0.9, 2.0, 0.6) 31
[15:29:01.272]: (0.9, 2.0, 0.6) 31
[15:29:01.289]: (0.9, 2.0, 0.6) 31
[15:29:01.306]: (0.9, 2.0, 0.6) 31
[15:29:01.323]: (0.9, 2.0, 0.6) 31
[15:29:01.340]: (0.9, 2.0, 0.6) 31
[15:29:01.357]: (0.9, 2.0, 0.6) 31
[15:29:01.373]: (0.9, 2.0, 0.6) 31
[15:29:01.396]: (0.9, 2.0, 0.6) 31
[15:29:01.418]: (0.9, 2.0, 0.6) 31
[15:29:01.440]: (0.9, 2.0, 0.6) 31
[15:29:01.463]: (0.9, 2.0, 0.6) 31
[15:29:01.484]: (0.9, 2.0, 0.6) 31
[15:29:01.507]: (0.9, 2.0, 0.6) 31
[15:29:01.640]: (1.1, 2.2, 0.7) 26
[15:29:01.664]: (1.1, 2.2, 0.7) 26
[15:29:01.684]: (1.1, 2.2, 0.7) 26
[15:29:01.706]: (1.1, 2.2, 0.7) 26
[15:29:01.729]: (0.9, 2.1, 0.6) 31
[15:29:01.752]: (0.9, 2.1, 0.6) 31
[15:29:01.772]: (0.9, 2.1, 0.6) 31
[15:29:01.795]: (0.9, 2.1, 0.6) 31
[15:29:01.841]: (1.6, 3.0, 2.5) 20
[15:29:01.860]: (1.5, 3.0, 2.5) 21
[15:29:01.909]: (1.5, 3.4, 4.1) 0
[15:29:01.927]: (0.5, 2.4, 2.3) 44
[15:29:02.233]: (0.4, 2.3, 2.4) 40
[15:29:02.251]: (0.4, 2.3, 2.4) 40
[15:29:02.267]: (0.4, 2.3, 2.4) 40
[15:29:02.640]: (0.3, 2.4, 2.7) 43
[15:29:02.662]: (0.3, 2.4, 2.7) 43
[15:29:02.684]: (0.6, 2.7, 3.7) 53
[15:29:02.702]: (0.6, 2.7, 3.7) 53
[15:29:02.719]: (0.7, 2.7, 3.9) 55
[15:29:02.737]: (0.3, 2.2, 2.4) 40
[15:29:02.967]: (0.7, 2.8, 3.7) 52
[15:29:03.061]: (0.4, 2.2, 2.4) 40
[15:29:03.078]: (0.4, 2.2, 2.4) 40
[15:29:03.128]: (0.3, 2.3, 2.7) 43
[15:29:03.195]: (0.2, 2.3, 3.9) 48
[15:29:03.238]: (0.2, 2.3, 4.0) 48
[15:29:03.696]: (0.0, 2.4, 3.9) 45
[15:29:05.694]: (1.2, 2.0, 0.9) 29
[15:29:05.715]: (1.0, 2.0, 0.7) 31
[15:29:05.738]: (1.2, 2.1, 0.9) 24
[15:29:05.760]: (1.2, 2.1, 0.9) 24
[15:29:05.784]: (1.2, 2.1, 0.9) 24
[15:29:05.805]: (1.2, 2.1, 0.9) 24
[15:29:05.828]: (1.2, 2.1, 0.9) 24
[15:29:05.849]: (1.2, 2.1, 0.9) 24
[15:29:05.871]: (0.9, 2.0, 0.7) 28
[15:29:05.894]: (0.9, 2.0, 0.7) 28
[15:29:05.916]: (0.9, 2.0, 0.7) 28
[15:29:05.938]: (0.9, 2.0, 0.7) 28
[15:29:05.961]: (0.9, 2.0, 0.7) 28
[15:29:05.983]: (0.9, 2.0, 0.7) 28
[15:29:06.004]: (0.9, 2.0, 0.7) 28
[15:29:06.027]: (0.9, 2.0, 0.7) 28
[15:29:06.048]: (0.9, 2.0, 0.7) 28
[15:29:06.072]: (0.9, 2.0, 0.7) 28
[15:29:06.094]: (0.9, 2.0, 0.7) 28
[15:29:06.110]: (0.9, 2.0, 0.7) 28
[15:29:06.127]: (0.9, 2.0, 0.7) 28
[15:29:06.145]: (0.9, 2.0, 0.7) 28
[15:29:06.162]: (0.9, 2.0, 0.7) 28
[15:29:06.179]: (0.9, 2.0, 0.7) 28
[15:29:06.198]: (0.9, 2.0, 0.7) 28
[15:29:06.216]: (0.9, 2.0, 0.7) 28
[15:29:06.233]: (0.9, 2.0, 0.7) 28
[15:29:06.250]: (0.9, 2.0, 0.7) 28
[15:29:06.268]: (0.9, 2.0, 0.7) 28
[15:29:06.285]: (0.9, 2.0, 0.7) 28
[15:29:06.303]: (0.9, 2.0, 0.7) 28
[15:29:06.319]: (0.9, 2.0, 0.7) 28
[15:29:06.337]: (1.0, 2.0, 0.7) 28
[15:29:06.354]: (1.0, 2.0, 0.7) 28
[15:29:06.370]: (0.9, 2.0, 0.7) 31
[15:29:06.387]: (0.9, 2.0, 0.7) 31
[15:29:06.404]: (0.9, 2.0, 0.7) 31
[15:29:06.420]: (0.9, 2.0, 0.7) 31
[15:29:06.437]: (0.9, 2.0, 0.7) 31
[15:29:06.455]: (0.9, 2.0, 0.6) 31
[15:29:06.471]: (0.9, 2.0, 0.6) 31
[15:29:06.488]: (0.9, 2.0, 0.7) 31
[15:29:06.504]: (0.9, 2.0, 0.7) 31
[15:29:06.522]: (0.9, 2.0, 0.7) 31
[15:29:06.539]: (0.9, 2.0, 0.7) 31
[15:29:06.560]: (1.0, 2.0, 0.7) 31
[15:29:06.628]: (1.2, 2.0, 0.9) 29
[15:29:06.649]: (0.9, 2.0, 0.7) 28
[15:29:06.782]: (0.5, 2.4, 2.3) 41
[15:29:06.804]: (0.3, 2.2, 2.4) 40
[15:29:07.108]: (0.0, 2.5, 3.9) 47
[15:29:07.203]: (0.0, 2.5, 3.9) 47
[15:29:07.220]: (0.0, 2.5, 3.9) 47
[15:29:07.237]: (0.0, 2.5, 3.9) 47
[15:29:07.254]: (0.0, 2.4, 3.9) 45
[15:29:07.271]: (0.0, 2.5, 3.9) 47
[15:29:07.286]: (0.0, 2.5, 3.9) 47
[15:29:07.305]: (0.0, 2.5, 3.9) 47
[15:29:07.321]: (0.0, 2.5, 3.9) 47
[15:29:07.338]: (0.0, 2.5, 3.9) 47
[15:29:07.354]: (0.0, 2.4, 3.8) 49
[15:29:07.370]: (0.1, 2.4, 3.8) 49
[15:29:07.387]: (0.1, 2.3, 3.9) 45
[15:29:07.494]: (0.0, 2.5, 3.9) 47
[15:29:07.515]: (0.0, 2.5, 3.9) 47
[15:29:07.537]: (0.0, 2.5, 3.9) 47
[15:29:07.562]: (0.0, 2.4, 3.9) 47
[15:29:07.581]: (0.0, 2.4, 3.9) 47
[15:29:07.604]: (0.0, 2.4, 4.0) 47
[15:29:07.671]: (0.0, 2.4, 3.8) 49
[15:29:07.694]: (0.0, 2.4, 3.8) 49
[15:29:07.716]: (0.0, 2.4, 3.8) 49
[15:29:07.737]: (0.0, 2.4, 3.8) 49
[15:29:07.804]: (0.3, 3.0, 5.9) 8
[15:29:07.827]: (0.3, 3.0, 5.9) 8
[15:29:07.848]: (0.3, 3.1, 6.2) 11
[15:29:08.366]: (1.2, 2.5, 3.7) 48
[15:29:08.410]: (1.4, 2.6, 3.5) 48
[15:29:08.454]: (1.5, 2.7, 3.4) 45
[15:29:08.478]: (1.5, 2.6, 3.3) 49
[15:29:08.496]: (2.7, 3.4, 5.2) 6
[15:29:08.512]: (2.7, 3.4, 5.1) 6
[15:29:08.530]: (2.6, 3.6, 5.0) 8
[15:29:09.287]: (0.2, 2.3, 2.6) 42
[15:29:09.309]: (0.1, 2.3, 2.5) 39
[15:29:09.334]: (0.1, 2.3, 2.5) 39
[15:29:09.381]: (-0.2, 2.3, 2.4) 40
[15:29:09.468]: (-0.3, 2.8, 3.8) 52
[15:29:09.487]: (-0.4, 2.9, 3.8) 52
[15:29:09.505]: (-0.4, 2.9, 3.9) 51
[15:29:09.526]: (-0.4, 2.9, 3.9) 55
[15:29:09.553]: (-0.4, 2.9, 3.8) 51
[15:29:09.575]: (-0.4, 2.9, 3.7) 53
[15:29:09.595]: (-0.3, 2.5, 2.7) 43
[15:29:09.618]: (-0.3, 2.9, 3.7) 52
[15:29:09.638]: (-0.3, 2.5, 2.7) 43
[15:29:09.659]: (-0.3, 2.5, 2.7) 43
[15:29:09.683]: (-0.3, 2.5, 2.7) 43
[15:29:09.703]: (-0.3, 2.5, 2.7) 43
[15:29:09.725]: (-0.3, 2.8, 3.6) 54
[15:29:10.648]: (0.0, 3.5, 3.4) 48
[15:29:10.666]: (0.0, 3.5, 3.4) 48
[15:29:10.685]: (-0.1, 3.5, 3.4) 48
[15:29:10.701]: (-0.1, 3.5, 3.4) 48
[15:29:10.720]: (-0.1, 3.5, 3.4) 48
[15:29:10.738]: (-0.1, 3.5, 3.4) 48
[15:29:10.755]: (-0.1, 3.5, 3.4) 48
[15:29:10.773]: (-0.1, 3.5, 3.4) 48
[15:29:10.790]: (-0.1, 3.5, 3.4) 48
[15:29:10.809]: (-0.1, 3.5, 3.4) 48
[15:29:10.828]: (-0.1, 3.4, 3.4) 45
[15:29:11.868]: (1.5, 2.5, 3.5) 47
[15:29:12.605]: (0.9, 3.4, 5.7) 6
[15:29:12.628]: (0.9, 3.4, 5.7) 6
[15:29:12.651]: (0.9, 3.4, 5.7) 6
[15:29:12.672]: (0.9, 3.4, 5.7) 6
[15:29:12.695]: (0.9, 3.4, 5.7) 6
[15:29:12.719]: (0.9, 3.4, 5.7) 6
[15:29:12.739]: (0.9, 3.4, 5.7) 6
[15:29:12.761]: (0.9, 3.4, 5.7) 6
[15:29:12.783]: (0.9, 3.4, 5.7) 6
[15:29:12.874]: (0.6, 2.3, 3.7) 49
[15:29:13.307]: (2.5, 2.7, 2.8) 47
[15:29:13.324]: (2.5, 2.7, 2.8) 47
[15:29:13.340]: (2.5, 2.7, 2.8) 47
[15:29:13.478]: (2.3, 2.7, 2.7) 49
[15:29:13.511]: (2.3, 2.7, 2.7) 49
[15:29:13.527]: (2.3, 2.7, 2.7) 49
[15:29:13.544]: (2.3, 2.7, 2.7) 49
[15:29:13.561]: (2.3, 2.8, 2.7) 49
[15:29:13.577]: (2.3, 2.7, 2.7) 49
[15:29:13.594]: (2.3, 2.7, 2.7) 49
[15:29:13.613]: (2.3, 2.7, 2.7) 49
[15:29:13.634]: (2.3, 2.7, 2.7) 49
[15:29:13.657]: (2.3, 2.7, 2.7) 49
[15:29:13.680]: (2.4, 2.7, 2.8) 47
[15:29:13.701]: (2.3, 2.7, 2.7) 49
[15:29:13.726]: (2.4, 2.9, 2.8) 48
[15:29:13.791]: (3.7, 3.7, 4.5) 10
[15:29:13.812]: (3.7, 3.7, 4.5) 10
[15:29:13.837]: (2.3, 2.8, 2.8) 45
[15:29:13.861]: (2.4, 2.8, 2.8) 46
[15:29:13.883]: (2.3, 2.8, 2.8) 46
[15:29:13.906]: (2.3, 2.8, 2.8) 46
[15:29:14.078]: (2.3, 2.8, 2.9) 47
[15:29:14.100]: (2.3, 2.8, 2.9) 47
[15:29:14.345]: (2.2, 3.0, 2.8) 47
[15:29:14.366]: (2.2, 3.0, 2.8) 47
[15:29:14.430]: (2.1, 3.0, 2.7) 49
[15:29:14.479]: (2.1, 3.1, 2.7) 45
[15:29:14.496]: (2.1, 3.2, 2.7) 45
[15:29:14.558]: (2.2, 3.2, 2.7) 46
[15:29:14.579]: (2.2, 3.1, 2.7) 46
[15:29:14.601]: (2.2, 3.1, 2.7) 46
[15:29:15.381]: (1.8, 2.3, 3.3) 48
[15:29:15.445]: (1.8, 2.3, 3.3) 48
[15:29:15.467]: (1.7, 2.2, 3.3) 48
[15:29:15.488]: (1.7, 2.2, 3.3) 48
[15:29:15.510]: (1.7, 2.2, 3.3) 48
[15:29:16.378]: (2.5, 2.6, 5.3) 6
[15:29:16.978]: (2.7, 2.5, 5.4) 5
[15:29:17.000]: (2.7, 2.5, 5.4) 10
[15:29:17.022]: (2.7, 2.5, 5.4) 10
[15:29:17.046]: (2.7, 2.5, 5.4) 10
[15:29:17.068]: (2.6, 2.5, 5.2) 8
[15:29:17.094]: (2.6, 2.5, 5.2) 8
[15:29:17.115]: (2.6, 2.5, 5.2) 8
[15:29:17.137]: (2.6, 2.5, 5.2) 8
[15:29:17.159]: (2.6, 2.5, 5.2) 8
[15:29:17.182]: (2.6, 2.5, 5.2) 8
[15:29:17.205]: (2.6, 2.5, 5.2) 8
[15:29:17.225]: (2.6, 2.5, 5.2) 8
[15:29:17.249]: (2.6, 2.4, 5.2) 8
[15:29:17.270]: (2.6, 2.5, 5.2) 8
[15:29:17.292]: (2.6, 2.5, 5.2) 8
[15:29:17.314]: (2.6, 2.4, 5.2) 8
[15:29:17.337]: (2.6, 2.5, 5.2) 8
[15:29:17.360]: (2.6, 2.4, 5.2) 8
[15:29:17.381]: (2.6, 2.4, 5.2) 8
[15:29:17.404]: (2.6, 2.5, 5.2) 8
[15:29:17.426]: (2.6, 2.5, 5.2) 8
[15:29:19.000]: (2.6, 2.9, 5.3) 9
[15:29:19.133]: (1.9, 2.2, 3.1) 46
[15:29:19.155]: (1.9, 2.3, 3.1) 46
[15:29:19.177]: (1.9, 2.3, 3.1) 46
[15:29:19.510]: (1.7, 2.2, 3.1) 49
[15:29:19.533]: (1.8, 2.3, 3.2) 45
[15:29:19.555]: (1.8, 2.3, 3.2) 45
[15:29:19.577]: (1.7, 2.2, 3.1) 49
[15:29:19.599]: (1.8, 2.2, 3.2) 45
[15:29:19.621]: (1.8, 2.3, 3.2) 45
[15:29:19.644]: (1.8, 2.3, 3.2) 45
[15:29:19.666]: (1.7, 2.3, 3.2) 45
[15:29:19.690]: (1.8, 2.2, 3.2) 45
[15:29:19.712]: (1.7, 2.2, 3.1) 49
[15:29:19.735]: (1.7, 2.2, 3.1) 49
[15:29:19.782]: (2.5, 2.7, 5.2) 8
[15:29:19.805]: (2.4, 2.7, 5.2) 4
[15:29:19.823]: (2.5, 2.7, 5.2) 4
[15:29:19.847]: (2.5, 2.8, 5.2) 4
[15:29:19.870]: (2.4, 2.7, 5.2) 4
[15:29:19.891]: (2.6, 2.7, 5.4) 11
[15:29:19.979]: (1.0, 1.8, 2.4) 43
[15:29:20.003]: (1.0, 1.8, 2.4) 43
[15:29:20.026]: (1.0, 1.7, 2.4) 43
[15:29:20.047]: (1.0, 1.7, 2.4) 43
[15:29:20.068]: (1.0, 1.7, 2.4) 43
[15:29:20.091]: (1.0, 1.7, 2.4) 43
[15:29:20.465]: (-0.2, 1.3, 3.2) 20
[15:29:20.776]: (-0.6, 1.1, 1.2) 28
[15:29:20.887]: (-0.9, 1.1, 2.0) 32
[15:29:20.932]: (-0.8, 1.1, 2.0) 32
[15:29:20.953]: (-0.8, 1.1, 2.1) 32
[15:29:20.976]: (-0.6, 1.1, 1.0) 31
[15:29:20.999]: (-0.6, 1.1, 1.1) 31
[15:29:21.020]: (-0.6, 1.1, 1.1) 31
[15:29:21.043]: (-0.6, 1.1, 1.1) 31
[15:29:21.065]: (-0.6, 1.1, 1.1) 31
[15:29:21.303]: (0.8, 1.6, 2.1) 40
[15:29:21.334]: (0.8, 1.6, 2.2) 40
[15:29:21.359]: (0.7, 1.6, 2.2) 40
[15:29:21.377]: (0.8, 1.6, 2.1) 40
[15:29:21.395]: (0.7, 1.6, 2.2) 40
[15:29:21.412]: (0.7, 1.7, 2.3) 39
[15:29:21.430]: (0.7, 1.7, 2.3) 39
[15:29:21.447]: (0.7, 1.7, 2.2) 40
[15:29:21.463]: (0.5, 1.5, 2.3) 44
