[16:13:01.302]: (-2.1, -1.2, 0.0) 7
[16:13:01.320]: (-2.8, -2.4, 0.0) 16
[16:13:01.353]: (-2.2, -1.3, 0.0) 6
[16:13:01.370]: (-2.1, -1.2, 0.0) 7
[16:13:01.389]: (-2.1, -1.2, 0.0) 7
[16:13:01.470]: (-2.1, -1.2, 0.0) 7
[16:13:02.541]: (-1.2, -0.6, 0.7) 41
[16:13:03.516]: (-0.9, 1.1, 3.4) 13
[16:13:03.547]: (-0.9, 1.1, 3.4) 13
[16:13:03.564]: (-0.9, 1.1, 3.4) 13
[16:13:03.580]: (-0.9, 1.1, 3.4) 13
[16:13:03.748]: (-0.9, 0.5, 3.5) 18
[16:13:03.769]: (-0.9, 0.5, 3.5) 18
[16:13:03.793]: (-0.9, 0.5, 3.5) 18
[16:13:03.815]: (-0.9, 0.4, 3.5) 18
[16:13:03.836]: (-0.9, 0.5, 3.5) 18
[16:13:03.858]: (-0.9, 0.5, 3.5) 18
[16:13:03.880]: (-1.0, 0.5, 3.5) 18
[16:13:03.902]: (-1.0, 0.5, 3.6) 18
[16:13:03.926]: (-1.0, 0.5, 3.6) 18
[16:13:03.970]: (-0.8, 0.7, 2.8) 6
[16:13:03.992]: (-0.8, 0.7, 2.7) 6
[16:13:04.059]: (-0.8, 0.7, 2.8) 8
[16:13:04.163]: (-1.1, 0.6, 3.5) 18
[16:13:04.185]: (-1.1, 0.6, 3.8) 17
[16:13:04.267]: (-1.1, 0.8, 3.8) 17
[16:13:04.621]: (-0.9, 1.4, 2.5) 7
[16:13:04.784]: (-1.1, 1.9, 3.2) 13
[16:13:04.814]: (-1.1, 1.9, 3.2) 13
[16:13:04.847]: (-1.1, 1.9, 3.2) 13
[16:13:04.881]: (-1.0, 1.8, 3.2) 13
[16:13:04.913]: (-1.0, 1.8, 3.2) 13
[16:13:04.948]: (-1.0, 1.8, 3.2) 13
[16:13:04.981]: (-1.0, 1.9, 3.2) 13
[16:13:05.015]: (-0.9, 2.0, 3.3) 12
[16:13:05.048]: (-0.9, 2.0, 3.4) 12
[16:13:05.248]: (-0.7, 2.0, 2.7) 9
[16:13:05.281]: (-0.7, 2.0, 2.7) 9
[16:13:05.314]: (-0.7, 2.0, 2.7) 9
[16:13:05.347]: (-0.7, 2.0, 2.7) 9
[16:13:05.369]: (-0.7, 2.0, 2.7) 9
[16:13:05.396]: (-0.7, 2.0, 2.7) 9
[16:13:06.712]: (-0.5, 2.2, 2.5) 9
[16:13:06.735]: (-0.5, 2.2, 2.5) 9
[16:13:07.001]: (-2.2, 1.1, 2.4) 20
[16:13:07.080]: (-2.7, 1.0, 2.7) 38
[16:13:07.208]: (-1.9, 1.1, 2.1) 15
[16:13:07.231]: (-1.9, 1.1, 2.1) 15
[16:13:07.635]: (-1.7, 0.9, 1.6) 3
[16:13:07.670]: (-1.7, 0.9, 1.6) 3
[16:13:07.702]: (-1.7, 0.9, 1.6) 3
[16:13:07.735]: (-1.7, 0.9, 1.6) 3
[16:13:07.770]: (-1.7, 0.9, 1.6) 3
[16:13:07.869]: (-1.7, 0.9, 1.7) 3
[16:13:07.903]: (-1.7, 0.9, 1.7) 3
[16:13:07.964]: (-1.7, 0.9, 1.6) 3
[16:13:08.051]: (-1.8, 0.9, 1.5) 5
[16:13:08.073]: (-1.8, 0.9, 1.5) 5
[16:13:08.230]: (-1.8, 0.8, 1.5) 3
[16:13:08.251]: (-1.8, 0.9, 1.5) 3
[16:13:08.273]: (-1.8, 0.8, 1.5) 3
[16:13:08.294]: (-1.8, 0.8, 1.5) 3
[16:13:08.316]: (-1.9, 0.8, 1.5) 3
[16:13:08.338]: (-1.9, 0.8, 1.5) 3
[16:13:08.361]: (-1.9, 0.8, 1.4) 3
[16:13:08.382]: (-1.9, 0.8, 1.4) 3
[16:13:08.404]: (-1.9, 0.8, 1.5) 3
[16:13:08.428]: (-1.9, 0.8, 1.5) 3
[16:13:08.470]: (-1.8, 0.9, 1.4) 5
[16:13:08.494]: (-1.8, 0.9, 1.4) 5
[16:13:08.515]: (-1.8, 0.9, 1.4) 5
[16:13:08.540]: (-1.8, 0.9, 1.4) 5
[16:13:08.562]: (-1.8, 0.8, 1.4) 5
[16:13:08.605]: (-1.9, 0.8, 1.4) 3
[16:13:08.627]: (-1.9, 0.8, 1.3) 3
[16:13:08.646]: (-1.9, 0.8, 1.3) 3
[16:13:08.670]: (-1.9, 0.8, 1.3) 3
[16:13:08.690]: (-1.9, 0.8, 1.3) 3
[16:13:08.714]: (-1.9, 0.8, 1.3) 3
[16:13:08.741]: (-1.9, 0.8, 1.3) 3
[16:13:08.762]: (-1.9, 0.8, 1.3) 3
[16:13:08.781]: (-1.9, 0.8, 1.3) 3
[16:13:08.805]: (-1.9, 0.8, 1.3) 3
[16:13:08.827]: (-1.9, 0.8, 1.4) 3
[16:13:08.848]: (-1.8, 0.9, 1.3) 5
[16:13:08.872]: (-1.8, 0.9, 1.3) 5
[16:13:08.892]: (-1.8, 0.9, 1.3) 5
[16:13:08.917]: (-1.8, 0.9, 1.3) 5
[16:13:08.941]: (-1.8, 0.9, 1.3) 5
[16:13:08.966]: (-1.8, 0.9, 1.3) 5
[16:13:08.988]: (-1.8, 0.9, 1.3) 5
[16:13:09.009]: (-1.8, 0.9, 1.3) 5
[16:13:09.029]: (-1.8, 0.9, 1.3) 5
[16:13:09.047]: (-1.8, 0.9, 1.3) 5
[16:13:09.068]: (-1.8, 0.9, 1.3) 5
[16:13:09.092]: (-1.8, 0.9, 1.3) 5
[16:13:09.113]: (-1.8, 0.9, 1.3) 5
[16:13:09.134]: (-1.8, 0.9, 1.3) 5
[16:13:09.158]: (-1.8, 0.9, 1.3) 5
[16:13:09.181]: (-1.8, 0.9, 1.3) 5
[16:13:09.204]: (-1.8, 0.9, 1.4) 5
[16:13:09.223]: (-1.8, 0.9, 1.3) 5
[16:13:09.243]: (-1.8, 0.9, 1.3) 5
[16:13:09.267]: (-1.8, 0.9, 1.3) 5
[16:13:09.291]: (-1.8, 0.9, 1.3) 5
[16:13:09.310]: (-1.8, 0.9, 1.3) 5
[16:13:09.330]: (-1.8, 0.9, 1.3) 5
[16:13:09.349]: (-1.8, 0.9, 1.3) 5
[16:13:09.366]: (-1.9, 0.9, 1.3) 5
[16:13:09.383]: (-1.9, 0.9, 1.3) 5
[16:13:09.402]: (-1.9, 0.9, 1.3) 5
[16:13:09.420]: (-1.9, 0.9, 1.3) 5
[16:13:09.437]: (-1.9, 0.9, 1.3) 5
[16:13:09.456]: (-1.9, 0.9, 1.3) 5
[16:13:09.475]: (-1.9, 0.9, 1.3) 5
[16:13:09.493]: (-1.9, 0.9, 1.3) 5
[16:13:09.513]: (-1.8, 0.9, 1.3) 5
[16:13:09.531]: (-1.8, 0.9, 1.3) 5
[16:13:09.550]: (-1.8, 0.9, 1.3) 5
[16:13:09.569]: (-1.8, 0.9, 1.3) 5
[16:13:09.587]: (-1.8, 0.9, 1.3) 5
[16:13:09.606]: (-1.8, 0.9, 1.3) 5
[16:13:09.623]: (-1.9, 0.9, 1.3) 5
[16:13:09.641]: (-1.9, 0.9, 1.3) 5
[16:13:09.660]: (-1.9, 0.9, 1.3) 5
[16:13:09.680]: (-1.9, 0.9, 1.3) 5
[16:13:09.698]: (-1.9, 0.9, 1.3) 5
[16:13:09.716]: (-1.9, 0.9, 1.3) 5
[16:13:09.734]: (-1.9, 0.9, 1.3) 5
[16:13:09.752]: (-1.9, 0.9, 1.3) 5
[16:13:09.946]: (-1.9, 0.8, 1.4) 3
[16:13:09.967]: (-1.9, 0.8, 1.3) 3
[16:13:09.991]: (-1.9, 0.8, 1.4) 3
[16:13:10.013]: (-1.8, 0.9, 1.4) 5
[16:13:10.034]: (-1.9, 0.8, 1.4) 3
[16:13:10.056]: (-1.9, 0.8, 1.4) 3
[16:13:10.078]: (-1.9, 0.8, 1.4) 3
[16:13:10.101]: (-1.9, 0.8, 1.4) 3
[16:13:10.122]: (-1.9, 0.8, 1.4) 3
[16:13:10.146]: (-1.9, 0.8, 1.4) 3
[16:13:10.168]: (-1.9, 0.8, 1.4) 3
[16:13:10.189]: (-1.9, 0.8, 1.4) 3
[16:13:10.209]: (-1.9, 0.8, 1.4) 3
[16:13:10.230]: (-1.9, 0.8, 1.4) 3
[16:13:10.248]: (-1.9, 0.8, 1.4) 3
[16:13:10.269]: (-1.9, 0.8, 1.4) 3
[16:13:10.287]: (-1.9, 0.8, 1.4) 3
[16:13:10.304]: (-1.9, 0.8, 1.4) 3
[16:13:10.520]: (-0.3, 2.0, 2.9) 12
[16:13:10.537]: (-0.3, 2.0, 3.0) 12
[16:13:10.644]: (-0.1, 1.7, 2.3) 9
[16:13:10.689]: (-0.1, 1.7, 2.4) 9
[16:13:11.352]: (-1.9, 0.7, 1.4) 3
[16:13:11.368]: (-2.0, 0.7, 1.4) 4
[16:13:11.384]: (-2.0, 0.8, 1.4) 4
[16:13:11.401]: (-2.0, 0.8, 1.4) 4
[16:13:11.419]: (-1.9, 0.8, 1.4) 3
[16:13:11.436]: (-1.9, 0.8, 1.4) 3
[16:13:11.453]: (-2.0, 0.7, 1.4) 4
[16:13:11.470]: (-1.9, 0.8, 1.3) 3
[16:13:11.521]: (-2.0, 0.7, 1.4) 4
[16:13:11.544]: (-2.0, 0.7, 1.4) 4
[16:13:11.566]: (-2.0, 0.8, 1.4) 4
[16:13:11.589]: (-2.0, 0.8, 1.4) 4
[16:13:11.611]: (-2.0, 0.8, 1.4) 4
[16:13:11.634]: (-1.9, 0.8, 1.3) 3
[16:13:11.654]: (-1.9, 0.8, 1.3) 3
[16:13:11.677]: (-1.9, 0.8, 1.4) 3
[16:13:11.700]: (-1.9, 0.8, 1.4) 3
[16:13:11.723]: (-1.9, 0.8, 1.4) 3
[16:13:11.743]: (-1.9, 0.8, 1.4) 3
[16:13:11.879]: (-1.9, 0.8, 1.4) 3
[16:13:11.923]: (-1.9, 0.8, 1.4) 3
[16:13:11.944]: (-1.9, 0.8, 1.4) 3
[16:13:11.961]: (-1.9, 0.8, 1.4) 3
[16:13:11.980]: (-1.9, 0.8, 1.4) 3
[16:13:11.997]: (-1.9, 0.8, 1.4) 3
[16:13:12.013]: (-1.9, 0.8, 1.4) 3
[16:13:12.030]: (-1.9, 0.8, 1.4) 3
[16:13:12.045]: (-1.9, 0.8, 1.4) 3
[16:13:12.063]: (-1.9, 0.8, 1.4) 3
[16:13:12.079]: (-1.9, 0.8, 1.4) 3
[16:13:12.097]: (-1.9, 0.8, 1.4) 3
[16:13:12.114]: (-1.9, 0.8, 1.4) 3
[16:13:12.131]: (-1.9, 0.8, 1.4) 3
[16:13:12.147]: (-1.9, 0.8, 1.4) 3
[16:13:12.164]: (-1.9, 0.8, 1.4) 3
[16:13:12.181]: (-1.9, 0.8, 1.4) 3
[16:13:12.198]: (-1.9, 0.8, 1.4) 3
[16:13:12.215]: (-1.9, 0.8, 1.4) 3
[16:13:12.232]: (-1.9, 0.8, 1.4) 3
[16:13:12.248]: (-1.9, 0.8, 1.4) 3
[16:13:12.266]: (-1.9, 0.8, 1.4) 3
[16:13:12.283]: (-1.9, 0.8, 1.4) 3
[16:13:12.299]: (-1.9, 0.8, 1.4) 3
[16:13:12.317]: (-1.9, 0.8, 1.4) 3
[16:13:12.335]: (-1.9, 0.8, 1.4) 3
[16:13:12.352]: (-1.9, 0.8, 1.4) 3
[16:13:12.369]: (-1.9, 0.8, 1.4) 3
[16:13:12.388]: (-1.9, 0.8, 1.4) 3
[16:13:12.799]: (-1.9, 0.8, 1.4) 3
[16:13:12.844]: (-1.9, 0.8, 1.4) 3
[16:13:12.863]: (-1.9, 0.8, 1.4) 3
[16:13:12.880]: (-1.9, 0.8, 1.4) 3
[16:13:12.896]: (-1.9, 0.8, 1.4) 3
[16:13:12.912]: (-1.9, 0.8, 1.4) 3
[16:13:12.930]: (-1.9, 0.8, 1.4) 3
[16:13:12.946]: (-1.9, 0.8, 1.4) 3
[16:13:12.964]: (-1.9, 0.8, 1.4) 3
[16:13:12.980]: (-1.9, 0.8, 1.4) 3
[16:13:12.997]: (-1.9, 0.8, 1.4) 3
[16:13:13.013]: (-1.9, 0.8, 1.4) 3
[16:13:13.030]: (-1.9, 0.8, 1.4) 3
[16:13:13.047]: (-1.9, 0.8, 1.4) 3
[16:13:13.064]: (-1.9, 0.8, 1.4) 3
[16:13:13.080]: (-1.9, 0.8, 1.4) 3
[16:13:13.097]: (-1.9, 0.8, 1.4) 3
[16:13:13.114]: (-1.9, 0.8, 1.4) 3
[16:13:13.131]: (-1.9, 0.8, 1.4) 3
[16:13:13.147]: (-1.9, 0.8, 1.4) 3
[16:13:13.165]: (-1.9, 0.8, 1.4) 3
[16:13:13.182]: (-1.9, 0.8, 1.4) 3
[16:13:13.200]: (-1.9, 0.8, 1.4) 3
[16:13:13.219]: (-1.9, 0.8, 1.4) 3
[16:13:13.236]: (-1.9, 0.8, 1.4) 3
[16:13:13.253]: (-1.9, 0.8, 1.4) 3
[16:13:13.271]: (-1.9, 0.8, 1.4) 3
[16:13:13.288]: (-1.9, 0.8, 1.4) 3
[16:13:13.310]: (-1.9, 0.8, 1.4) 3
[16:13:13.332]: (-1.9, 0.8, 1.4) 3
[16:13:13.355]: (-1.9, 0.8, 1.4) 3
[16:13:13.376]: (-1.9, 0.8, 1.4) 3
[16:13:13.399]: (-1.9, 0.8, 1.4) 3
[16:13:13.421]: (-1.9, 0.8, 1.4) 3
[16:13:13.443]: (-1.9, 0.8, 1.4) 3
[16:13:13.465]: (-1.9, 0.8, 1.4) 3
[16:13:13.489]: (-1.9, 0.8, 1.4) 3
[16:13:13.510]: (-1.9, 0.8, 1.4) 3
[16:13:13.532]: (-1.9, 0.8, 1.4) 3
[16:13:13.555]: (-1.9, 0.8, 1.4) 3
[16:13:13.576]: (-1.9, 0.8, 1.4) 3
[16:13:13.599]: (-1.9, 0.8, 1.4) 3
[16:13:13.621]: (-1.9, 0.8, 1.4) 3
[16:13:13.643]: (-1.9, 0.8, 1.4) 3
[16:13:13.666]: (-1.9, 0.8, 1.4) 3
[16:13:13.687]: (-1.9, 0.8, 1.4) 3
[16:13:13.711]: (-1.9, 0.8, 1.4) 3
[16:13:13.732]: (-1.9, 0.8, 1.4) 3
[16:13:13.755]: (-1.9, 0.8, 1.4) 3
[16:13:13.773]: (-1.9, 0.8, 1.4) 3
[16:13:13.791]: (-1.9, 0.8, 1.4) 3
[16:13:13.808]: (-1.9, 0.8, 1.4) 3
[16:13:13.824]: (-1.9, 0.8, 1.4) 3
[16:13:13.841]: (-1.9, 0.8, 1.4) 3
[16:13:13.857]: (-1.9, 0.8, 1.4) 3
[16:13:13.873]: (-1.9, 0.8, 1.4) 3
[16:13:13.890]: (-1.9, 0.8, 1.4) 3
[16:13:13.906]: (-1.9, 0.8, 1.4) 3
[16:13:13.924]: (-1.9, 0.8, 1.4) 3
[16:13:13.941]: (-1.9, 0.8, 1.4) 3
[16:13:13.958]: (-1.9, 0.8, 1.4) 3
[16:13:13.975]: (-1.9, 0.8, 1.4) 3
[16:13:13.992]: (-1.9, 0.8, 1.4) 3
[16:13:14.009]: (-1.9, 0.8, 1.4) 3
[16:13:14.026]: (-1.9, 0.8, 1.4) 3
[16:13:14.046]: (-1.9, 0.8, 1.4) 3
[16:13:14.063]: (-1.9, 0.8, 1.4) 3
[16:13:14.079]: (-1.9, 0.8, 1.4) 3
[16:13:14.097]: (-1.9, 0.8, 1.4) 3
[16:13:14.113]: (-1.9, 0.8, 1.4) 3
[16:13:14.130]: (-1.9, 0.8, 1.4) 3
[16:13:14.146]: (-1.9, 0.8, 1.4) 3
[16:13:14.163]: (-1.9, 0.8, 1.4) 3
[16:13:14.180]: (-1.9, 0.8, 1.4) 3
[16:13:14.199]: (-1.9, 0.8, 1.4) 3
[16:13:14.221]: (-1.9, 0.8, 1.4) 3
[16:13:14.244]: (-1.9, 0.8, 1.4) 3
[16:13:14.265]: (-1.9, 0.8, 1.4) 3
[16:13:14.287]: (-1.9, 0.8, 1.4) 3
[16:13:14.311]: (-1.9, 0.8, 1.4) 3
[16:13:14.331]: (-1.9, 0.8, 1.4) 3
[16:13:14.355]: (-1.9, 0.8, 1.4) 3
[16:13:14.376]: (-1.9, 0.8, 1.4) 3
[16:13:14.399]: (-1.9, 0.8, 1.4) 3
[16:13:14.421]: (-1.9, 0.8, 1.4) 3
[16:13:14.442]: (-1.9, 0.8, 1.4) 3
[16:13:14.465]: (-1.9, 0.8, 1.4) 3
[16:13:14.487]: (-1.9, 0.8, 1.4) 3
[16:13:14.511]: (-1.9, 0.8, 1.4) 3
[16:13:14.532]: (-1.9, 0.8, 1.4) 3
[16:13:14.555]: (-1.9, 0.8, 1.4) 3
[16:13:14.576]: (-1.9, 0.8, 1.4) 3
[16:13:14.598]: (-1.9, 0.8, 1.4) 3
[16:13:14.621]: (-1.9, 0.8, 1.4) 3
[16:13:14.642]: (-1.9, 0.8, 1.4) 3
[16:13:14.666]: (-1.9, 0.8, 1.4) 3
[16:13:14.683]: (-1.9, 0.8, 1.4) 3
[16:13:14.700]: (-1.9, 0.8, 1.4) 3
[16:13:14.717]: (-1.9, 0.8, 1.4) 3
[16:13:16.053]: (-1.4, 0.7, 1.0) 0
[16:13:16.076]: (-1.4, 0.7, 1.1) 0
[16:13:16.706]: (-1.4, 0.7, 1.1) 0
[16:13:16.809]: (-1.4, 0.8, 1.1) 0
[16:13:16.831]: (-1.4, 0.7, 1.1) 0
[16:13:17.053]: (-1.9, 0.7, 1.4) 3
[16:13:17.098]: (-1.9, 0.7, 1.4) 3
[16:13:17.396]: (-1.9, 0.8, 1.4) 3
[16:13:17.413]: (-1.9, 0.8, 1.4) 3
[16:13:17.431]: (-1.9, 0.8, 1.4) 3
[16:13:17.463]: (-1.9, 0.8, 1.4) 3
[16:13:17.480]: (-1.9, 0.8, 1.4) 3
[16:13:17.513]: (-1.9, 0.8, 1.3) 3
[16:13:17.530]: (-1.9, 0.8, 1.3) 3
[16:13:17.546]: (-1.9, 0.8, 1.3) 3
[16:13:17.563]: (-1.9, 0.8, 1.3) 3
[16:13:17.579]: (-1.9, 0.8, 1.3) 3
[16:13:17.595]: (-1.9, 0.8, 1.3) 3
[16:13:17.611]: (-1.9, 0.8, 1.3) 3
[16:13:17.628]: (-1.9, 0.8, 1.3) 3
[16:13:17.646]: (-2.0, 0.8, 1.4) 4
[16:13:18.173]: (-1.1, 0.8, 1.1) 1
[16:13:18.328]: (-0.8, 1.1, 1.4) 41
[16:13:18.346]: (-0.8, 1.1, 1.4) 41
[16:13:18.362]: (-0.8, 1.1, 1.4) 41
[16:13:18.379]: (-0.8, 1.1, 1.4) 41
[16:13:18.541]: (-0.8, 1.1, 1.4) 41
[16:13:19.746]: (-1.1, 0.8, 1.0) 1
[16:13:20.013]: (-1.2, 0.8, 1.0) 1
[16:13:20.046]: (-1.2, 0.8, 1.0) 1
[16:13:20.080]: (-1.2, 0.8, 1.0) 1
[16:13:20.113]: (-1.2, 0.8, 1.0) 1
[16:13:20.434]: (-1.4, 0.8, 1.0) 0
[16:13:20.456]: (-1.4, 0.8, 1.0) 0
[16:13:20.474]: (-1.4, 0.8, 1.0) 0
[16:13:20.497]: (-1.4, 0.8, 1.0) 0
[16:13:20.518]: (-1.4, 0.8, 1.0) 0
[16:13:20.541]: (-1.4, 0.8, 1.0) 0
[16:13:20.564]: (-1.4, 0.8, 1.0) 0
[16:13:20.586]: (-1.4, 0.8, 1.0) 0
[16:13:20.608]: (-1.4, 0.8, 1.0) 0
[16:13:20.630]: (-1.4, 0.8, 1.0) 0
[16:13:20.651]: (-1.4, 0.8, 1.0) 0
[16:13:20.741]: (-1.4, 0.8, 1.1) 0
[16:13:20.763]: (-1.4, 0.8, 1.0) 0
[16:13:20.786]: (-1.4, 0.8, 1.0) 0
[16:13:20.808]: (-1.4, 0.8, 1.0) 0
[16:13:29.127]: (-1.1, 0.7, 1.0) 1
[16:13:29.194]: (-1.1, 0.8, 1.0) 1
[16:13:30.585]: (-1.9, 0.8, 1.4) 3
[16:13:30.602]: (-1.9, 0.8, 1.4) 3
[16:13:30.697]: (-1.9, 0.8, 1.4) 3
[16:13:30.744]: (-1.9, 0.8, 1.4) 3
[16:13:30.761]: (-1.9, 0.8, 1.4) 3
[16:13:30.980]: (-1.9, 0.9, 1.4) 3
[16:13:31.114]: (-1.9, 0.9, 1.4) 3
[16:13:31.138]: (-1.9, 0.8, 1.3) 3
[16:13:31.158]: (-2.0, 0.9, 1.4) 4
[16:13:31.181]: (-1.9, 0.8, 1.4) 3
[16:13:31.203]: (-2.1, 0.8, 1.4) 4
[16:13:31.314]: (-2.0, 0.8, 1.4) 4
[16:13:31.331]: (-2.1, 0.8, 1.4) 4
[16:13:31.378]: (-2.0, 0.9, 1.4) 4
[16:13:31.395]: (-2.0, 0.9, 1.4) 4
[16:13:31.429]: (-2.0, 0.9, 1.4) 4
[16:13:31.445]: (-2.0, 0.8, 1.4) 4
[16:13:31.522]: (-1.9, 0.9, 1.3) 5
[16:13:31.540]: (-1.8, 0.9, 1.3) 5
[16:13:31.557]: (-1.8, 0.9, 1.3) 5
[16:13:31.590]: (-1.9, 0.9, 1.4) 3
[16:13:32.047]: (-1.8, 0.8, 1.4) 3
[16:13:32.070]: (-1.9, 0.9, 1.4) 3
[16:13:32.092]: (-1.8, 0.8, 1.4) 3
[16:13:32.111]: (-1.8, 0.8, 1.4) 3
[16:13:32.128]: (-1.9, 0.8, 1.4) 3
[16:13:32.177]: (-1.8, 0.8, 1.4) 3
[16:13:32.194]: (-1.8, 0.8, 1.4) 3
[16:13:32.211]: (-1.8, 0.8, 1.4) 3
[16:13:32.229]: (-1.8, 0.8, 1.4) 3
[16:13:32.245]: (-1.8, 0.8, 1.4) 3
[16:13:32.263]: (-1.8, 0.8, 1.4) 3
[16:13:32.279]: (-1.8, 0.8, 1.4) 3
[16:13:32.296]: (-1.8, 0.8, 1.4) 3
[16:13:32.312]: (-1.9, 0.8, 1.4) 3
[16:13:32.331]: (-1.9, 0.8, 1.4) 3
[16:13:32.348]: (-1.9, 0.8, 1.4) 3
[16:13:32.367]: (-1.9, 0.8, 1.4) 3
[16:13:32.384]: (-1.8, 0.8, 1.4) 3
[16:13:32.400]: (-1.9, 0.8, 1.4) 3
[16:13:32.417]: (-1.9, 0.8, 1.4) 3
[16:13:32.434]: (-1.8, 0.8, 1.4) 3
[16:13:32.452]: (-1.8, 0.8, 1.4) 3
[16:13:32.603]: (-1.9, 0.8, 1.4) 3
[16:13:32.625]: (-1.9, 0.9, 1.4) 3
[16:13:32.669]: (-1.8, 0.8, 1.4) 3
[16:13:32.692]: (-1.9, 0.8, 1.4) 3
[16:13:32.714]: (-1.9, 0.8, 1.4) 3
[16:13:32.737]: (-1.9, 0.8, 1.4) 3
[16:13:32.759]: (-1.8, 0.8, 1.4) 3
[16:13:32.803]: (-1.9, 0.8, 1.4) 3
[16:13:32.825]: (-1.8, 0.8, 1.4) 3
[16:13:32.847]: (-1.8, 0.8, 1.4) 3
[16:13:32.869]: (-1.8, 0.8, 1.4) 3
[16:13:32.892]: (-1.8, 0.8, 1.4) 3
[16:13:32.914]: (-1.8, 0.8, 1.4) 3
[16:13:32.937]: (-1.8, 0.8, 1.4) 3
[16:13:32.959]: (-1.8, 0.8, 1.4) 3
[16:13:32.980]: (-1.8, 0.8, 1.4) 3
[16:13:33.002]: (-1.8, 0.8, 1.4) 3
[16:13:33.020]: (-1.8, 0.8, 1.4) 3
[16:13:33.037]: (-1.8, 0.8, 1.4) 3
[16:13:33.054]: (-1.8, 0.8, 1.4) 3
[16:13:33.071]: (-1.8, 0.8, 1.4) 3
[16:13:33.089]: (-2.0, 0.9, 1.4) 4
[16:13:33.106]: (-1.9, 0.9, 1.3) 3
[16:13:33.124]: (-1.9, 0.9, 1.3) 3
[16:13:33.143]: (-1.9, 0.9, 1.3) 3
[16:13:33.161]: (-1.9, 0.9, 1.4) 3
[16:13:33.178]: (-1.9, 0.9, 1.4) 3
[16:13:33.194]: (-1.9, 0.8, 1.3) 3
[16:13:33.211]: (-1.9, 0.9, 1.4) 3
[16:13:33.228]: (-1.9, 0.9, 1.3) 3
[16:13:33.245]: (-1.9, 0.9, 1.3) 3
[16:13:33.263]: (-1.9, 0.9, 1.3) 3
[16:13:33.281]: (-1.9, 0.8, 1.3) 3
[16:13:33.297]: (-1.9, 0.8, 1.3) 3
[16:13:33.313]: (-1.9, 0.8, 1.3) 3
[16:13:33.331]: (-1.9, 0.8, 1.3) 3
[16:13:33.347]: (-1.9, 0.8, 1.3) 3
[16:13:33.364]: (-1.9, 0.8, 1.3) 3
[16:13:33.381]: (-1.8, 0.8, 1.4) 3
[16:13:33.414]: (-1.9, 0.9, 1.4) 3
[16:13:33.431]: (-1.9, 0.9, 1.4) 3
[16:13:33.447]: (-1.9, 0.9, 1.4) 3
[16:13:33.463]: (-1.9, 0.9, 1.4) 3
[16:13:33.480]: (-1.9, 0.9, 1.4) 3
[16:13:33.513]: (-1.9, 0.9, 1.4) 3
[16:13:33.557]: (-1.9, 0.8, 1.4) 3
[16:13:33.625]: (-1.9, 0.8, 1.4) 3
[16:13:33.648]: (-1.9, 0.8, 1.4) 3
[16:13:33.869]: (-1.9, 0.8, 1.4) 3
[16:13:33.914]: (-1.9, 0.9, 1.4) 3
[16:13:33.936]: (-1.9, 0.9, 1.4) 3
[16:13:33.969]: (-1.9, 0.9, 1.4) 3
[16:13:34.014]: (-1.9, 0.9, 1.4) 3
[16:13:34.077]: (-1.8, 0.8, 1.4) 3
[16:13:34.185]: (-1.9, 0.8, 1.4) 3
[16:13:34.216]: (-1.9, 0.8, 1.4) 3
[16:13:34.233]: (-1.8, 0.8, 1.4) 3
[16:13:34.250]: (-1.8, 0.8, 1.4) 3
[16:13:34.267]: (-1.8, 0.8, 1.4) 3
[16:13:34.283]: (-1.8, 0.8, 1.4) 3
[16:13:34.299]: (-1.8, 0.8, 1.4) 3
[16:13:34.315]: (-1.8, 0.8, 1.4) 3
[16:13:34.332]: (-1.8, 0.8, 1.4) 3
[16:13:34.349]: (-1.8, 0.8, 1.4) 3
[16:13:34.366]: (-1.8, 0.8, 1.4) 3
[16:13:34.382]: (-1.8, 0.8, 1.4) 3
[16:13:34.403]: (-1.8, 0.8, 1.4) 3
[16:13:34.424]: (-1.8, 0.8, 1.4) 3
[16:13:34.447]: (-1.8, 0.8, 1.4) 3
[16:13:34.468]: (-1.8, 0.8, 1.4) 3
[16:13:34.492]: (-1.8, 0.8, 1.4) 3
[16:13:34.513]: (-1.8, 0.8, 1.4) 3
[16:13:34.535]: (-1.8, 0.8, 1.4) 3
[16:13:34.557]: (-1.8, 0.8, 1.4) 3
[16:13:34.581]: (-1.8, 0.8, 1.4) 3
[16:13:34.601]: (-1.8, 0.8, 1.4) 3
[16:13:34.625]: (-1.8, 0.8, 1.4) 3
[16:13:34.647]: (-1.8, 0.8, 1.4) 3
[16:13:34.668]: (-1.8, 0.8, 1.4) 3
[16:13:34.691]: (-1.8, 0.8, 1.4) 3
[16:13:34.713]: (-1.8, 0.8, 1.4) 3
[16:13:34.735]: (-1.9, 0.8, 1.4) 3
[16:13:34.781]: (-1.9, 0.8, 1.4) 3
[16:13:35.459]: (-1.8, 0.8, 1.4) 3
[16:13:35.502]: (-1.8, 0.8, 1.4) 3
[16:13:35.524]: (-1.8, 0.8, 1.4) 3
[16:13:35.547]: (-1.8, 0.8, 1.4) 3
[16:13:35.569]: (-1.8, 0.8, 1.4) 3
[16:13:35.591]: (-1.8, 0.8, 1.4) 3
[16:13:35.613]: (-1.8, 0.8, 1.4) 3
[16:13:35.635]: (-1.8, 0.8, 1.4) 3
[16:13:35.657]: (-1.8, 0.8, 1.4) 3
[16:13:35.677]: (-1.8, 0.8, 1.4) 3
[16:13:35.696]: (-1.8, 0.8, 1.4) 3
[16:13:35.714]: (-1.8, 0.8, 1.4) 3
[16:13:35.732]: (-1.8, 0.8, 1.4) 3
[16:13:35.750]: (-1.8, 0.8, 1.4) 3
[16:13:35.766]: (-1.8, 0.8, 1.4) 3
[16:13:35.784]: (-1.8, 0.8, 1.4) 3
[16:13:35.801]: (-1.8, 0.8, 1.4) 3
[16:13:35.821]: (-1.8, 0.8, 1.4) 3
[16:13:35.838]: (-1.9, 0.8, 1.4) 3
[16:13:35.892]: (-1.1, 0.8, 1.0) 1
[16:13:35.911]: (-1.1, 0.8, 1.0) 1
[16:13:35.929]: (-1.1, 0.8, 1.0) 1
[16:13:35.947]: (-1.1, 0.8, 1.0) 1
[16:13:35.964]: (-1.1, 0.8, 1.0) 1
[16:13:35.981]: (-1.1, 0.8, 1.0) 1
[16:13:35.997]: (-1.1, 0.8, 1.0) 1
[16:13:36.015]: (-1.1, 0.8, 1.0) 1
[16:13:36.040]: (-1.1, 0.8, 1.0) 1
[16:13:36.060]: (-1.1, 0.8, 1.0) 1
[16:13:36.076]: (-1.1, 0.8, 1.0) 1
[16:13:36.093]: (-1.1, 0.8, 1.0) 1
[16:13:36.109]: (-1.1, 0.8, 1.0) 1
[16:13:36.127]: (-1.1, 0.8, 1.0) 1
[16:13:36.143]: (-1.1, 0.8, 1.0) 1
[16:13:36.160]: (-1.1, 0.8, 1.0) 1
[16:13:36.186]: (-1.1, 0.8, 1.0) 1
