[15:37:15.590]: (-0.5, -0.9, 1.3) 32
[15:37:15.636]: (-0.4, -0.8, 1.7) 18
[15:37:15.813]: (0.4, 0.2, 1.8) 16
[15:37:15.834]: (0.5, 0.3, 1.8) 27
[15:37:15.855]: (0.6, 0.2, 2.0) 19
[15:37:15.947]: (0.7, 0.4, 2.0) 19
[15:37:16.279]: (0.9, 1.4, 1.8) 31
[15:37:16.302]: (0.8, 1.4, 1.8) 31
[15:37:16.324]: (0.8, 1.4, 1.8) 31
[15:37:16.345]: (0.8, 1.4, 1.8) 31
[15:37:16.468]: (0.7, 1.7, 1.8) 26
[15:37:16.491]: (0.7, 1.8, 1.7) 16
[15:37:16.513]: (0.7, 1.8, 1.8) 26
[15:37:16.639]: (0.8, 1.9, 1.7) 26
[15:37:16.741]: (1.0, 2.1, 1.7) 19
[15:37:16.763]: (0.9, 2.1, 1.6) 21
[15:37:16.785]: (0.9, 2.0, 1.6) 21
[15:37:16.806]: (0.9, 2.0, 1.7) 21
[15:37:16.828]: (0.9, 2.0, 1.7) 21
[15:37:16.889]: (0.8, 1.7, 0.9) 8
[15:37:16.911]: (0.8, 1.7, 0.9) 8
[15:37:16.932]: (0.8, 1.7, 0.9) 8
[15:37:16.978]: (0.8, 1.8, 0.9) 8
[15:37:17.013]: (0.8, 1.8, 1.0) 0
[15:37:17.079]: (0.8, 1.7, 1.0) 0
[15:37:17.179]: (0.9, 1.7, 0.9) 1
[15:37:17.209]: (0.9, 1.7, 0.9) 1
[15:37:17.245]: (0.9, 1.7, 0.9) 1
[15:37:17.277]: (0.9, 1.7, 0.9) 1
[15:37:17.308]: (1.1, 1.8, 1.1) 9
[15:37:17.341]: (1.1, 1.7, 1.1) 9
[15:37:17.642]: (0.7, 2.1, 1.6) 31
[15:37:17.675]: (0.9, 2.3, 1.9) 20
[15:37:18.077]: (0.9, 2.4, 1.5) 32
[15:37:18.101]: (0.8, 2.4, 1.5) 32
[15:37:18.460]: (0.6, 2.1, 0.9) 8
[15:37:18.483]: (0.6, 2.1, 0.9) 8
[15:37:18.505]: (0.6, 2.0, 0.9) 8
[15:37:18.524]: (0.6, 2.0, 0.9) 8
[15:37:18.543]: (0.6, 2.1, 0.9) 8
[15:37:18.566]: (0.6, 2.0, 0.9) 8
[15:37:18.587]: (0.6, 2.0, 0.9) 8
[15:37:18.611]: (0.6, 2.0, 0.9) 8
[15:37:18.677]: (0.6, 2.0, 0.8) 8
[15:37:18.699]: (0.7, 2.0, 0.9) 0
[15:37:18.810]: (0.7, 2.0, 0.9) 0
[15:37:18.832]: (0.7, 2.0, 0.9) 0
[15:37:19.517]: (0.5, 2.6, 1.6) 22
[15:37:19.540]: (0.6, 2.6, 1.6) 22
[15:37:19.562]: (0.6, 2.6, 1.6) 22
[15:37:19.585]: (0.6, 2.6, 1.6) 22
[15:37:19.609]: (0.6, 2.6, 1.6) 22
[15:37:19.628]: (0.6, 2.6, 1.6) 22
[15:37:19.651]: (0.6, 2.6, 1.6) 22
[15:37:19.941]: (0.1, 2.4, 0.6) 10
[15:37:19.958]: (0.1, 2.3, 0.6) 10
[15:37:19.975]: (0.1, 2.3, 0.6) 10
[15:37:19.992]: (0.1, 2.3, 0.6) 10
[15:37:20.008]: (0.1, 2.3, 0.6) 10
[15:37:20.206]: (0.1, 2.3, 0.6) 10
[15:37:20.222]: (0.1, 2.3, 0.6) 10
[15:37:20.240]: (0.1, 2.3, 0.6) 10
[15:37:20.256]: (0.1, 2.3, 0.6) 10
[15:37:20.272]: (0.1, 2.3, 0.6) 10
[15:37:20.288]: (0.1, 2.3, 0.6) 10
[15:37:20.307]: (0.1, 2.3, 0.6) 10
[15:37:20.329]: (0.1, 2.3, 0.6) 10
[15:37:20.351]: (0.1, 2.3, 0.6) 10
[15:37:20.373]: (0.1, 2.3, 0.6) 10
[15:37:20.395]: (0.1, 2.3, 0.6) 10
[15:37:20.417]: (0.1, 2.3, 0.6) 10
[15:37:20.440]: (0.1, 2.3, 0.6) 10
[15:37:20.461]: (0.1, 2.3, 0.6) 10
[15:37:20.484]: (0.1, 2.3, 0.6) 10
[15:37:20.551]: (0.5, 2.4, 1.5) 31
[15:37:20.573]: (0.5, 2.4, 1.5) 31
[15:37:20.594]: (0.5, 2.4, 1.5) 31
[15:37:20.617]: (0.6, 2.4, 1.5) 31
[15:37:20.639]: (0.5, 2.4, 1.5) 31
[15:37:20.663]: (0.5, 2.4, 1.4) 31
[15:37:20.683]: (0.5, 2.4, 1.5) 31
[15:37:20.708]: (0.6, 2.4, 1.5) 31
[15:37:20.732]: (0.3, 2.2, 0.9) 8
[15:37:20.799]: (0.7, 2.3, 1.7) 32
[15:37:20.820]: (0.7, 2.2, 1.7) 32
[15:37:20.842]: (0.3, 1.9, 1.0) 8
[15:37:20.863]: (0.3, 1.9, 1.0) 8
[15:37:20.885]: (0.4, 2.0, 1.1) 0
[15:37:20.928]: (0.3, 1.9, 1.0) 10
[15:37:20.949]: (0.3, 1.9, 1.0) 10
[15:37:20.973]: (0.3, 1.9, 1.0) 10
[15:37:20.994]: (0.3, 1.9, 1.0) 10
[15:37:21.017]: (0.4, 1.9, 1.2) 0
[15:37:21.039]: (0.4, 1.8, 1.2) 0
[15:37:21.061]: (0.4, 1.8, 1.2) 0
[15:37:21.077]: (0.4, 1.8, 1.2) 0
[15:37:21.095]: (0.4, 1.8, 1.1) 8
[15:37:21.112]: (0.4, 1.8, 1.1) 8
[15:37:21.130]: (0.4, 1.8, 1.1) 8
[15:37:21.146]: (0.4, 1.8, 1.1) 8
[15:37:21.164]: (0.4, 1.8, 1.2) 0
[15:37:21.182]: (0.4, 1.8, 1.2) 0
[15:37:21.205]: (0.4, 1.8, 1.2) 0
[15:37:21.225]: (0.4, 1.8, 1.2) 0
[15:37:21.241]: (0.4, 1.8, 1.2) 0
[15:37:21.258]: (0.4, 1.8, 1.2) 0
[15:37:21.274]: (0.4, 1.8, 1.2) 0
[15:37:21.292]: (0.4, 1.8, 1.2) 0
[15:37:21.351]: (0.9, 1.8, 1.8) 32
[15:37:21.373]: (0.9, 1.8, 1.8) 32
[15:37:21.395]: (0.9, 1.8, 1.9) 32
[15:37:21.417]: (0.9, 1.8, 1.9) 22
[15:37:21.439]: (0.9, 1.8, 1.9) 22
[15:37:21.463]: (0.9, 1.8, 1.9) 22
[15:37:21.483]: (0.9, 1.9, 1.9) 22
[15:37:21.506]: (0.9, 1.9, 1.9) 22
[15:37:21.532]: (0.9, 1.9, 1.9) 22
[15:37:21.553]: (1.0, 2.0, 2.0) 30
[15:37:21.577]: (0.9, 1.9, 1.9) 22
[15:37:21.600]: (0.8, 1.9, 1.8) 22
[15:37:21.623]: (0.8, 2.0, 1.8) 22
[15:37:21.643]: (0.8, 2.0, 1.8) 22
[15:37:21.831]: (0.3, 2.0, 1.2) 14
[15:37:21.852]: (0.2, 2.1, 1.1) 0
[15:37:22.034]: (0.0, 2.1, 1.1) 1
[15:37:22.056]: (0.0, 1.9, 1.0) 10
[15:37:22.078]: (-0.1, 1.9, 1.0) 10
[15:37:22.100]: (-0.1, 1.9, 1.0) 10
[15:37:22.121]: (-0.1, 1.9, 1.0) 10
[15:37:22.144]: (-0.1, 1.9, 1.0) 10
[15:37:22.166]: (-0.1, 1.9, 1.0) 10
[15:37:22.189]: (-0.1, 2.0, 1.0) 10
[15:37:22.211]: (-0.1, 2.0, 1.0) 10
[15:37:22.305]: (0.0, 2.1, 1.1) 1
[15:37:22.328]: (0.0, 2.1, 1.1) 1
[15:37:22.354]: (0.0, 2.1, 1.1) 1
[15:37:22.376]: (0.0, 2.1, 1.1) 1
[15:37:22.394]: (0.0, 2.1, 1.1) 1
[15:37:22.416]: (0.0, 2.1, 1.1) 1
[15:37:22.439]: (0.0, 2.1, 1.1) 1
[15:37:22.461]: (0.0, 2.1, 1.1) 1
[15:37:22.483]: (0.0, 2.1, 1.1) 1
[15:37:22.505]: (0.0, 2.1, 1.1) 1
[15:37:22.527]: (0.0, 2.1, 1.1) 1
[15:37:22.549]: (0.0, 2.1, 1.1) 1
[15:37:22.572]: (0.0, 2.2, 1.1) 1
[15:37:22.594]: (0.0, 2.2, 1.1) 1
[15:37:22.616]: (0.0, 2.2, 1.1) 1
[15:37:22.640]: (0.0, 2.2, 1.1) 1
[15:37:22.661]: (0.0, 2.1, 1.1) 1
[15:37:22.683]: (0.0, 2.1, 1.1) 1
[15:37:22.706]: (0.0, 2.1, 1.1) 1
[15:37:22.728]: (0.0, 2.1, 1.1) 1
[15:37:22.750]: (0.0, 2.1, 1.1) 1
[15:37:22.772]: (0.0, 2.1, 1.1) 1
[15:37:22.794]: (0.0, 2.1, 1.1) 1
[15:37:22.811]: (0.0, 2.1, 1.1) 1
[15:37:22.830]: (0.0, 2.1, 1.1) 1
[15:37:22.847]: (0.0, 2.1, 1.1) 1
[15:37:22.865]: (0.0, 2.2, 1.1) 1
[15:37:22.882]: (0.0, 2.2, 1.2) 2
[15:37:22.900]: (0.0, 2.1, 1.1) 1
[15:37:22.919]: (0.0, 2.1, 1.1) 1
[15:37:22.936]: (0.0, 2.1, 1.1) 1
[15:37:22.956]: (0.0, 2.1, 1.1) 1
[15:37:22.980]: (0.0, 2.1, 1.1) 1
[15:37:23.002]: (0.0, 2.2, 1.1) 1
[15:37:23.026]: (0.0, 2.2, 1.2) 2
[15:37:23.047]: (0.0, 2.3, 1.3) 9
[15:37:23.069]: (0.0, 2.3, 1.3) 9
[15:37:23.332]: (0.7, 2.7, 1.4) 22
[15:37:23.354]: (0.8, 2.6, 1.4) 22
[15:37:23.376]: (0.8, 2.6, 1.4) 22
[15:37:23.400]: (0.8, 2.6, 1.4) 22
[15:37:23.421]: (0.8, 2.6, 1.4) 22
[15:37:23.445]: (0.8, 2.6, 1.4) 22
[15:37:23.466]: (0.8, 2.6, 1.4) 22
[15:37:23.487]: (0.8, 2.6, 1.4) 22
[15:37:23.607]: (0.9, 2.5, 1.3) 19
[15:37:23.628]: (0.9, 2.6, 1.2) 21
[15:37:23.649]: (0.8, 2.5, 1.2) 31
[15:37:23.671]: (1.0, 2.7, 1.3) 18
[15:37:23.694]: (1.0, 2.7, 1.4) 20
[15:37:23.714]: (0.9, 2.6, 1.2) 21
[15:37:23.735]: (0.9, 2.6, 1.2) 21
[15:37:23.758]: (0.9, 2.6, 1.2) 21
[15:37:23.781]: (0.3, 2.2, 1.0) 7
[15:37:23.801]: (0.2, 2.2, 1.0) 0
[15:37:23.825]: (0.2, 2.2, 1.0) 0
[15:37:23.933]: (0.1, 2.1, 0.8) 10
[15:37:23.956]: (0.1, 2.1, 0.8) 10
[15:37:23.979]: (0.1, 2.1, 0.8) 10
[15:37:24.001]: (0.1, 2.1, 0.8) 10
[15:37:24.025]: (0.1, 2.1, 0.8) 10
[15:37:24.046]: (0.1, 2.1, 0.8) 10
[15:37:24.066]: (0.1, 2.2, 0.7) 10
[15:37:24.111]: (0.3, 2.3, 0.7) 8
[15:37:24.132]: (0.3, 2.3, 0.8) 0
[15:37:24.153]: (0.3, 2.3, 0.8) 0
[15:37:24.176]: (0.3, 2.3, 0.8) 0
[15:37:24.199]: (0.3, 2.3, 0.8) 0
[15:37:24.221]: (0.3, 2.4, 0.8) 7
[15:37:24.242]: (0.3, 2.4, 0.8) 7
[15:37:24.266]: (0.3, 2.4, 0.8) 7
[15:37:24.288]: (0.3, 2.4, 0.8) 7
[15:37:24.310]: (0.3, 2.4, 0.8) 0
[15:37:24.332]: (0.3, 2.3, 0.7) 0
[15:37:24.353]: (0.3, 2.3, 0.7) 0
[15:37:24.374]: (0.3, 2.4, 0.7) 0
[15:37:24.397]: (0.3, 2.4, 0.7) 0
[15:37:24.419]: (0.3, 2.4, 0.7) 0
[15:37:24.439]: (0.3, 2.4, 0.7) 0
[15:37:24.461]: (0.3, 2.3, 0.7) 0
[15:37:24.483]: (0.3, 2.3, 0.7) 0
[15:37:24.505]: (0.3, 2.3, 0.7) 0
[15:37:24.526]: (0.3, 2.3, 0.7) 0
[15:37:24.606]: (1.0, 2.6, 0.7) 27
[15:37:24.628]: (1.0, 2.6, 0.7) 27
[15:37:24.650]: (1.0, 2.6, 0.7) 27
[15:37:24.672]: (1.0, 2.6, 0.7) 27
[15:37:24.697]: (1.0, 2.6, 0.7) 27
[15:37:24.731]: (1.0, 2.6, 0.7) 27
[15:37:24.764]: (1.0, 2.6, 0.8) 26
[15:37:25.064]: (0.8, 2.5, 1.5) 17
[15:37:25.102]: (0.8, 2.4, 1.5) 19
[15:37:25.130]: (0.8, 2.4, 1.5) 19
[15:37:25.160]: (0.7, 2.4, 1.5) 19
[15:37:25.228]: (-0.1, 2.1, 1.1) 0
[15:37:25.259]: (-0.1, 2.1, 1.1) 1
[15:37:25.327]: (-0.2, 2.2, 1.2) 2
[15:37:25.394]: (-0.2, 2.3, 1.2) 9
[15:37:25.419]: (-0.1, 2.3, 1.2) 9
[15:37:25.549]: (0.8, 2.4, 1.3) 26
[15:37:25.571]: (0.8, 2.4, 1.3) 26
[15:37:25.594]: (0.9, 2.5, 1.5) 23
[15:37:26.150]: (0.6, 2.3, 1.5) 28
[15:37:26.176]: (0.6, 2.4, 1.6) 24
[15:37:26.195]: (0.5, 2.4, 1.5) 26
[15:37:26.217]: (0.5, 2.4, 1.4) 26
[15:37:26.240]: (0.5, 2.4, 1.5) 26
[15:37:26.263]: (0.5, 2.4, 1.5) 26
[15:37:26.285]: (0.5, 2.4, 1.5) 16
[15:37:26.307]: (0.5, 2.3, 1.5) 16
[15:37:26.329]: (0.5, 2.3, 1.5) 16
[15:37:26.350]: (0.5, 2.4, 1.5) 26
[15:37:26.373]: (0.5, 2.4, 1.5) 26
[15:37:26.395]: (0.4, 2.4, 1.5) 26
[15:37:26.418]: (0.4, 2.4, 1.4) 26
[15:37:26.528]: (0.5, 2.7, 1.8) 29
[15:37:26.551]: (0.4, 2.5, 1.6) 19
[15:37:26.572]: (0.4, 2.5, 1.6) 19
[15:37:26.596]: (0.4, 2.4, 1.6) 19
[15:37:26.791]: (-0.3, 2.1, 1.1) 0
[15:37:26.810]: (-0.3, 2.1, 1.1) 0
[15:37:26.828]: (-0.3, 2.1, 1.1) 0
[15:37:26.845]: (-0.3, 2.1, 1.1) 0
[15:37:26.862]: (-0.3, 2.0, 1.1) 0
[15:37:26.879]: (-0.3, 2.1, 1.1) 0
[15:37:26.897]: (-0.2, 2.1, 1.1) 0
[15:37:26.914]: (-0.3, 2.1, 1.1) 0
[15:37:26.931]: (-0.2, 2.1, 1.2) 7
[15:37:26.948]: (-0.2, 2.1, 1.1) 0
[15:37:26.964]: (-0.3, 2.1, 1.1) 0
[15:37:26.982]: (-0.2, 2.1, 1.2) 7
[15:37:26.998]: (-0.2, 2.1, 1.2) 7
[15:37:27.014]: (-0.2, 2.1, 1.2) 7
[15:37:27.029]: (-0.2, 2.1, 1.2) 7
[15:37:27.046]: (-0.2, 2.1, 1.2) 7
[15:37:27.063]: (-0.2, 2.1, 1.2) 7
[15:37:27.079]: (-0.2, 2.1, 1.2) 7
[15:37:27.099]: (-0.2, 2.2, 1.2) 7
[15:37:27.163]: (0.2, 2.7, 1.8) 30
[15:37:27.513]: (0.5, 2.5, 1.7) 17
[15:37:27.536]: (0.5, 2.3, 1.5) 16
[15:37:27.561]: (0.5, 2.3, 1.5) 16
[15:37:27.581]: (0.5, 2.3, 1.5) 16
[15:37:27.604]: (0.5, 2.3, 1.5) 16
[15:37:27.626]: (0.4, 2.3, 1.5) 16
[15:37:27.649]: (0.4, 2.3, 1.5) 16
[15:37:27.668]: (0.4, 2.3, 1.5) 16
[15:37:27.687]: (0.4, 2.3, 1.5) 16
[15:37:27.707]: (0.4, 2.2, 1.5) 27
[15:37:27.724]: (0.4, 2.2, 1.5) 27
[15:37:27.740]: (0.4, 2.2, 1.5) 27
[15:37:27.756]: (0.4, 2.2, 1.5) 27
[15:37:27.774]: (0.4, 2.3, 1.5) 27
[15:37:27.792]: (0.4, 2.4, 1.6) 19
[15:37:27.809]: (0.4, 2.5, 1.6) 19
[15:37:27.826]: (0.4, 2.5, 1.8) 18
[15:37:27.844]: (0.4, 2.5, 1.8) 18
[15:37:27.861]: (0.4, 2.5, 1.8) 18
[15:37:27.878]: (0.4, 2.5, 1.8) 18
[15:37:27.895]: (0.3, 2.4, 1.6) 21
[15:37:27.912]: (0.3, 2.4, 1.6) 21
[15:37:27.930]: (0.4, 2.5, 1.8) 18
[15:37:27.948]: (0.4, 2.6, 1.7) 18
[15:37:27.964]: (0.4, 2.6, 1.7) 18
[15:37:27.982]: (0.5, 2.7, 1.8) 29
[15:37:27.998]: (0.4, 2.6, 1.7) 18
[15:37:28.014]: (0.3, 2.6, 1.8) 20
[15:37:28.030]: (0.4, 2.6, 1.7) 18
[15:37:28.046]: (0.4, 2.6, 1.7) 18
[15:37:28.063]: (0.4, 2.6, 1.7) 18
[15:37:28.079]: (0.4, 2.6, 1.7) 18
[15:37:28.096]: (0.4, 2.6, 1.7) 18
[15:37:28.115]: (0.4, 2.6, 1.7) 18
[15:37:28.135]: (0.4, 2.5, 1.6) 19
[15:37:28.643]: (0.3, 2.4, 1.6) 21
[15:37:28.677]: (0.3, 2.4, 1.6) 21
[15:37:28.695]: (0.3, 2.4, 1.6) 21
[15:37:28.819]: (0.3, 2.6, 1.8) 20
[15:37:28.834]: (0.3, 2.5, 1.6) 21
[15:37:28.852]: (0.3, 2.4, 1.6) 21
[15:37:28.868]: (0.2, 2.4, 1.5) 31
[15:37:28.884]: (0.2, 2.4, 1.5) 31
[15:37:28.901]: (0.3, 2.4, 1.6) 21
[15:37:28.918]: (0.3, 2.4, 1.6) 21
[15:37:29.181]: (-0.3, 2.0, 1.1) 0
[15:37:29.206]: (-0.4, 2.1, 1.1) 1
[15:37:29.225]: (-0.3, 2.0, 1.1) 0
[15:37:29.291]: (-0.2, 1.9, 1.1) 8
[15:37:29.314]: (-0.3, 2.0, 1.1) 8
[15:37:29.336]: (-0.3, 2.0, 1.1) 8
[15:37:29.358]: (-0.3, 1.9, 1.1) 8
[15:37:29.383]: (-0.3, 2.0, 1.1) 0
[15:37:29.403]: (-0.3, 2.0, 1.1) 0
[15:37:29.425]: (-0.3, 2.0, 1.1) 8
[15:37:29.448]: (-0.5, 2.2, 1.2) 2
[15:37:29.468]: (-0.3, 2.0, 1.2) 0
[15:37:29.485]: (-0.3, 2.0, 1.2) 0
[15:37:29.503]: (-0.3, 2.0, 1.1) 0
[15:37:29.521]: (-0.3, 2.0, 1.1) 0
[15:37:29.545]: (-0.3, 2.0, 1.1) 0
[15:37:29.565]: (-0.3, 2.0, 1.2) 0
[15:37:29.585]: (-0.3, 2.0, 1.1) 8
[15:37:29.603]: (-0.3, 2.0, 1.1) 8
[15:37:29.622]: (-0.3, 2.0, 1.1) 8
[15:37:29.640]: (-0.3, 2.0, 1.1) 8
[15:37:29.660]: (-0.3, 2.0, 1.1) 8
[15:37:29.677]: (-0.3, 2.0, 1.1) 8
[15:37:29.841]: (0.4, 2.3, 1.5) 16
[15:37:29.859]: (0.4, 2.3, 1.5) 27
[15:37:29.877]: (0.4, 2.3, 1.5) 27
[15:37:29.894]: (0.4, 2.3, 1.5) 27
[15:37:29.914]: (0.4, 2.3, 1.5) 27
[15:37:29.930]: (0.4, 2.3, 1.5) 27
[15:37:29.946]: (0.4, 2.3, 1.5) 27
[15:37:29.969]: (0.4, 2.3, 1.5) 27
[15:37:29.992]: (0.4, 2.3, 1.5) 27
[15:37:30.014]: (0.4, 2.3, 1.5) 27
[15:37:30.036]: (0.4, 2.3, 1.5) 27
[15:37:30.059]: (0.4, 2.2, 1.5) 27
[15:37:30.080]: (0.4, 2.2, 1.5) 27
[15:37:30.104]: (0.4, 2.3, 1.5) 27
[15:37:30.125]: (0.4, 2.3, 1.5) 27
[15:37:30.147]: (0.4, 2.3, 1.5) 27
[15:37:30.170]: (0.4, 2.3, 1.5) 27
[15:37:30.190]: (0.4, 2.3, 1.5) 27
[15:37:30.264]: (-0.3, 2.0, 1.1) 0
[15:37:30.286]: (-0.3, 2.0, 1.1) 0
[15:37:30.307]: (-0.3, 2.0, 1.1) 0
[15:37:30.324]: (-0.3, 2.0, 1.1) 0
[15:37:30.347]: (-0.3, 2.0, 1.1) 0
[15:37:30.374]: (-0.3, 2.0, 1.1) 0
