[16:20:35.747]: (-2.7, -0.6, 0.0) 26
[16:20:35.811]: (-2.7, -0.8, -0.1) 25
[16:20:35.855]: (-2.7, -0.8, -0.1) 25
[16:20:35.877]: (-2.7, -0.8, 0.0) 25
[16:20:35.899]: (-3.8, -1.8, -0.1) 24
[16:20:35.922]: (-3.7, -1.7, -0.1) 22
[16:20:35.960]: (-2.7, -0.8, -0.1) 25
[16:20:35.978]: (-2.7, -0.8, -0.1) 25
[16:20:35.998]: (-2.7, -0.8, -0.1) 25
[16:20:36.026]: (-2.7, -0.7, -0.1) 26
[16:20:36.047]: (-2.8, -0.9, 0.0) 27
[16:20:36.248]: (-2.7, -0.7, 0.2) 28
[16:20:36.269]: (-2.7, -0.7, 0.2) 28
[16:20:37.067]: (-2.3, 1.0, 3.6) 21
[16:20:37.346]: (-1.5, 1.1, 2.4) 26
[16:20:37.617]: (-1.3, 1.4, 2.6) 25
[16:20:37.641]: (-1.3, 1.4, 2.6) 25
[16:20:37.666]: (-1.3, 1.5, 2.6) 25
[16:20:37.737]: (-1.2, 1.5, 2.6) 28
[16:20:37.802]: (-1.2, 1.6, 2.6) 28
[16:20:38.449]: (-1.9, 2.2, 3.5) 19
[16:20:38.481]: (-1.9, 2.2, 3.6) 19
[16:20:38.857]: (-0.8, 2.3, 2.4) 29
[16:20:38.877]: (-0.7, 2.3, 2.3) 28
[16:20:38.899]: (-0.7, 2.3, 2.3) 28
[16:20:39.094]: (-0.6, 2.3, 2.3) 25
[16:20:39.113]: (-0.6, 2.3, 2.4) 25
[16:20:39.928]: (-0.7, 2.7, 3.2) 23
[16:20:40.242]: (-1.7, 2.2, 2.6) 31
[16:20:40.309]: (-1.8, 2.2, 2.6) 30
[16:20:40.702]: (-1.9, 1.9, 2.9) 45
[16:20:40.727]: (-1.9, 1.8, 2.7) 43
[16:20:40.750]: (-1.9, 1.9, 2.8) 41
[16:20:40.773]: (-1.9, 1.8, 2.8) 41
[16:20:40.816]: (-1.5, 1.7, 1.9) 15
[16:20:40.837]: (-1.5, 1.7, 1.9) 15
[16:20:40.862]: (-1.5, 1.8, 2.0) 17
[16:20:41.133]: (-1.6, 1.6, 1.6) 13
[16:20:41.158]: (-1.6, 1.6, 1.6) 13
[16:20:41.179]: (-1.6, 1.5, 1.8) 12
[16:20:41.197]: (-1.6, 1.6, 1.6) 13
[16:20:41.221]: (-1.6, 1.5, 1.6) 13
[16:20:41.243]: (-1.6, 1.5, 1.7) 13
[16:20:41.264]: (-1.6, 1.5, 1.7) 13
[16:20:41.287]: (-1.6, 1.5, 1.7) 13
[16:20:42.709]: (-2.9, 1.0, 1.9) 43
[16:20:42.908]: (-1.6, 0.8, 0.9) 4
[16:20:42.957]: (-1.6, 0.8, 1.0) 4
[16:20:42.981]: (-1.6, 0.8, 1.0) 4
[16:20:43.003]: (-1.6, 0.8, 1.0) 4
[16:20:43.024]: (-1.5, 0.9, 1.0) 4
[16:20:43.045]: (-1.5, 0.9, 0.9) 9
[16:20:43.089]: (-1.5, 0.8, 1.0) 4
[16:20:43.112]: (-1.5, 0.8, 1.0) 4
[16:20:43.245]: (-1.5, 0.8, 1.0) 4
[16:20:43.269]: (-1.4, 0.8, 0.9) 9
[16:20:43.401]: (-0.5, 1.9, 3.1) 23
[16:20:43.423]: (-0.5, 1.9, 3.1) 23
[16:20:43.445]: (-0.5, 1.9, 3.2) 19
[16:20:44.133]: (-0.6, 1.9, 3.1) 23
[16:20:44.963]: (-0.7, 2.4, 2.8) 23
[16:20:44.986]: (-0.7, 2.4, 2.8) 23
[16:20:45.007]: (-0.7, 2.4, 2.8) 23
[16:20:45.029]: (-0.8, 2.4, 2.8) 23
[16:20:45.052]: (-0.7, 2.4, 2.8) 23
[16:20:45.074]: (-0.7, 2.4, 2.8) 23
[16:20:45.096]: (-0.7, 2.3, 2.8) 23
[16:20:45.118]: (-0.7, 2.3, 2.9) 23
[16:20:45.140]: (-0.7, 2.3, 2.9) 23
[16:20:45.162]: (-0.7, 2.3, 2.9) 23
[16:20:45.186]: (-0.7, 2.3, 2.8) 23
[16:20:45.204]: (-0.7, 2.3, 2.8) 23
[16:20:45.222]: (-0.8, 2.3, 2.8) 23
[16:20:45.239]: (-0.8, 2.3, 2.8) 23
[16:20:45.256]: (-0.8, 2.3, 2.8) 23
[16:20:45.273]: (-0.8, 2.3, 2.8) 23
[16:20:45.291]: (-0.8, 2.3, 2.8) 23
[16:20:45.308]: (-0.8, 2.3, 2.8) 23
[16:20:45.325]: (-0.8, 2.3, 2.8) 23
[16:20:45.342]: (-0.8, 2.3, 2.8) 23
[16:20:45.359]: (-0.8, 2.3, 2.9) 23
[16:20:45.377]: (-0.8, 2.3, 2.9) 23
[16:20:45.395]: (-0.8, 2.4, 2.8) 23
[16:20:45.412]: (-0.8, 2.3, 2.8) 23
[16:20:45.429]: (-0.8, 2.3, 2.8) 23
[16:20:45.462]: (-0.8, 2.4, 2.9) 23
[16:20:45.479]: (-0.8, 2.3, 2.8) 23
[16:20:45.495]: (-0.8, 2.3, 2.9) 23
[16:20:47.813]: (-1.8, 1.4, 2.4) 34
[16:20:47.839]: (-1.7, 1.4, 2.4) 34
[16:20:47.912]: (-1.8, 0.7, 1.7) 18
