[15:16:29.407]: (-0.7, -1.1, 1.8) 11
[15:16:29.431]: (-0.7, -1.1, 1.9) 11
[15:16:30.044]: (-0.6, 1.8, 2.4) 5
[15:16:30.066]: (-0.5, 1.8, 2.4) 5
[15:16:30.133]: (-0.4, 1.9, 3.3) 9
[15:16:30.519]: (0.5, 1.7, 2.3) 3
[15:16:30.813]: (0.6, 1.5, 1.5) 2
[15:16:30.835]: (0.6, 1.4, 1.5) 2
[15:16:30.856]: (0.6, 1.4, 1.5) 2
[15:16:30.876]: (0.6, 1.5, 1.5) 2
[15:16:30.899]: (0.6, 1.5, 1.4) 2
[15:16:30.921]: (0.6, 1.5, 1.5) 2
[15:16:30.944]: (0.6, 1.5, 1.5) 2
[15:16:30.967]: (0.6, 1.5, 1.5) 2
[15:16:30.988]: (0.6, 1.5, 1.5) 2
[15:16:31.009]: (0.6, 1.5, 1.5) 2
[15:16:31.163]: (0.1, 2.7, 1.9) 5
[15:16:31.226]: (0.2, 2.7, 2.2) 6
[15:16:31.247]: (0.1, 2.8, 2.2) 6
[15:16:31.496]: (0.3, 2.3, 2.2) 5
[15:16:31.800]: (1.1, 2.0, 2.1) 4
[15:16:31.899]: (1.1, 2.0, 2.2) 4
[15:16:31.964]: (1.0, 2.0, 2.2) 4
[15:16:31.999]: (1.0, 1.9, 2.1) 3
[15:16:32.032]: (1.0, 1.9, 2.1) 3
[15:16:32.065]: (0.9, 1.9, 2.1) 3
[15:16:32.229]: (0.2, 2.1, 3.2) 9
[15:16:32.262]: (0.2, 2.1, 3.2) 9
[15:16:32.295]: (0.2, 2.1, 3.1) 9
[15:16:32.328]: (0.3, 2.1, 3.2) 9
[15:16:32.940]: (0.8, 1.6, 1.1) 1
[15:16:32.961]: (0.8, 1.7, 1.1) 1
[15:16:33.720]: (1.0, 1.9, 2.2) 4
[15:16:33.742]: (1.0, 1.9, 2.2) 4
[15:16:33.764]: (1.0, 1.8, 2.2) 4
[15:16:33.787]: (1.0, 1.9, 2.2) 4
[15:16:33.810]: (1.0, 1.9, 2.2) 4
[15:16:33.826]: (1.0, 1.9, 2.2) 4
[15:16:34.428]: (1.6, 2.0, 2.8) 9
[15:16:34.450]: (1.6, 2.0, 2.7) 9
[15:16:34.627]: (1.5, 1.9, 0.5) 2
[15:16:34.649]: (1.5, 1.8, 0.5) 2
[15:16:34.990]: (1.8, 2.0, 1.5) 3
[15:16:36.243]: (0.0, 2.4, 1.0) 0
[15:16:36.265]: (0.0, 2.4, 1.0) 0
[15:16:36.283]: (0.0, 2.4, 1.1) 0
[15:16:36.299]: (0.0, 2.4, 1.1) 0
[15:16:36.315]: (0.0, 2.4, 1.1) 0
[15:16:37.002]: (0.0, 2.3, 1.2) 0
[15:16:37.072]: (-0.2, 3.3, 1.8) 11
[15:16:37.771]: (0.7, 2.8, 3.0) 13
[15:16:38.434]: (0.8, 1.6, 3.4) 12
[15:16:39.181]: (0.9, 1.5, 3.4) 13
[15:16:39.953]: (0.8, 1.6, 3.4) 12
[15:16:39.969]: (0.8, 1.6, 3.4) 14
[15:16:39.992]: (0.8, 1.6, 3.4) 12
[15:16:40.498]: (0.9, 1.3, 3.4) 14
[15:16:41.148]: (1.0, 1.2, 3.3) 13
[15:16:41.174]: (1.0, 1.2, 3.3) 13
[15:16:41.196]: (1.0, 1.2, 3.3) 13
[15:16:41.219]: (1.0, 1.2, 3.3) 12
[15:16:41.432]: (0.6, 1.2, 2.3) 3
[15:16:41.691]: (1.0, 1.5, 3.2) 12
[15:16:41.713]: (1.0, 1.5, 3.3) 14
[15:16:41.733]: (1.0, 1.5, 3.3) 14
[15:16:41.756]: (1.0, 1.5, 3.3) 14
[15:16:41.775]: (1.0, 1.5, 3.3) 14
[15:16:41.798]: (1.0, 1.5, 3.3) 14
[15:16:41.819]: (1.0, 1.5, 3.3) 14
[15:16:41.841]: (1.0, 1.5, 3.3) 14
[15:16:41.862]: (1.0, 1.5, 3.3) 14
[15:16:41.883]: (1.0, 1.5, 3.3) 12
[15:16:41.906]: (0.9, 1.5, 3.2) 12
[15:16:41.927]: (0.9, 1.5, 3.2) 12
[15:16:41.947]: (0.9, 1.5, 3.2) 12
[15:16:41.970]: (0.9, 1.4, 3.3) 12
[15:16:41.990]: (0.9, 1.4, 3.4) 14
[15:16:42.092]: (1.0, 1.4, 3.2) 12
[15:16:42.125]: (0.9, 1.4, 3.2) 12
[15:16:42.162]: (1.0, 1.4, 3.2) 12
[15:16:42.196]: (1.0, 1.4, 3.2) 12
[15:16:42.225]: (0.9, 1.4, 3.2) 12
[15:16:42.258]: (0.9, 1.5, 3.2) 12
[15:16:42.291]: (0.9, 1.5, 3.3) 12
[15:16:42.325]: (0.9, 1.5, 3.3) 12
[15:16:42.359]: (0.9, 1.4, 3.3) 12
[15:16:42.425]: (1.0, 1.4, 3.3) 13
[15:16:42.458]: (1.0, 1.4, 3.2) 13
[15:16:42.493]: (1.0, 1.4, 3.3) 13
[15:16:42.524]: (1.1, 1.4, 3.3) 13
[15:16:42.692]: (1.0, 1.4, 3.2) 13
[15:16:42.725]: (1.0, 1.4, 3.2) 12
[15:16:42.757]: (1.0, 1.4, 3.2) 13
[15:16:42.802]: (0.9, 1.4, 3.3) 12
[15:16:42.824]: (0.9, 1.4, 3.3) 12
[15:16:42.846]: (0.9, 1.4, 3.3) 12
[15:16:42.869]: (0.9, 1.4, 3.3) 14
[15:16:42.890]: (0.9, 1.5, 3.3) 14
[15:16:42.915]: (0.9, 1.5, 3.3) 14
[15:16:42.935]: (0.9, 1.5, 3.3) 14
[15:16:42.957]: (0.9, 1.5, 3.3) 14
[15:16:42.980]: (0.9, 1.5, 3.3) 14
[15:16:43.001]: (0.9, 1.5, 3.4) 14
[15:16:43.024]: (0.9, 1.5, 3.3) 14
[15:16:43.047]: (0.9, 1.5, 3.4) 14
[15:16:43.068]: (0.9, 1.5, 3.3) 14
[15:16:43.091]: (0.9, 1.4, 3.3) 12
[15:16:43.113]: (0.9, 1.4, 3.3) 12
[15:16:43.135]: (0.9, 1.4, 3.3) 12
[15:16:43.157]: (0.9, 1.4, 3.2) 12
[15:16:43.181]: (0.9, 1.4, 3.2) 12
[15:16:43.201]: (0.9, 1.4, 3.2) 12
[15:16:43.224]: (0.9, 1.4, 3.2) 12
[15:16:43.246]: (0.9, 1.4, 3.2) 12
[15:16:43.268]: (0.9, 1.4, 3.2) 12
[15:16:43.290]: (0.9, 1.4, 3.2) 12
[15:16:43.313]: (1.0, 1.4, 3.2) 12
[15:16:43.335]: (1.0, 1.4, 3.2) 12
[15:16:43.358]: (1.0, 1.4, 3.2) 12
[15:16:43.380]: (1.0, 1.4, 3.2) 12
[15:16:43.402]: (1.0, 1.4, 3.2) 12
[15:16:43.424]: (1.0, 1.4, 3.2) 12
[15:16:43.446]: (1.0, 1.4, 3.2) 12
[15:16:43.469]: (1.0, 1.4, 3.2) 12
[15:16:43.492]: (1.0, 1.4, 3.2) 12
[15:16:43.515]: (1.0, 1.5, 3.2) 12
[15:16:43.537]: (1.0, 1.4, 3.2) 12
[15:16:43.649]: (0.2, 1.1, 1.3) 1
[15:16:43.672]: (0.9, 1.5, 3.2) 12
[15:16:43.695]: (0.9, 1.5, 3.2) 12
[15:16:43.716]: (1.0, 1.5, 3.2) 12
[15:16:43.739]: (1.0, 1.4, 3.3) 12
[15:16:43.760]: (1.0, 1.4, 3.3) 13
[15:16:43.783]: (1.0, 1.4, 3.2) 12
[15:16:43.806]: (1.0, 1.4, 3.2) 12
[15:16:43.829]: (1.0, 1.4, 3.3) 13
[15:16:43.850]: (1.0, 1.4, 3.3) 12
[15:16:43.873]: (1.0, 1.5, 3.2) 12
[15:16:43.894]: (1.0, 1.5, 3.2) 12
[15:16:43.917]: (1.0, 1.5, 3.2) 12
[15:16:43.939]: (1.0, 1.5, 3.2) 12
[15:16:43.961]: (1.0, 1.5, 3.2) 12
[15:16:43.983]: (1.0, 1.5, 3.2) 12
[15:16:44.006]: (1.0, 1.5, 3.2) 12
[15:16:44.024]: (1.0, 1.5, 3.2) 12
[15:16:44.040]: (1.0, 1.5, 3.2) 12
[15:16:44.058]: (1.0, 1.5, 3.2) 12
[15:16:44.074]: (0.9, 1.4, 3.2) 12
[15:16:44.091]: (0.9, 1.4, 3.2) 12
[15:16:44.109]: (0.9, 1.4, 3.2) 12
[15:16:44.126]: (0.9, 1.4, 3.2) 12
[15:16:44.142]: (0.9, 1.4, 3.2) 12
[15:16:44.158]: (0.9, 1.4, 3.2) 12
[15:16:44.174]: (1.0, 1.4, 3.2) 12
[15:16:44.191]: (0.9, 1.4, 3.2) 12
[15:16:44.209]: (0.9, 1.4, 3.2) 12
[15:16:44.225]: (0.9, 1.4, 3.2) 12
[15:16:44.241]: (0.9, 1.4, 3.2) 12
[15:16:44.258]: (0.9, 1.4, 3.2) 12
[15:16:44.274]: (0.9, 1.4, 3.2) 12
[15:16:44.291]: (0.9, 1.5, 3.2) 12
[15:16:44.307]: (0.9, 1.5, 3.2) 12
[15:16:44.324]: (0.9, 1.5, 3.2) 12
[15:16:44.341]: (0.9, 1.5, 3.4) 14
[15:16:44.357]: (0.9, 1.5, 3.3) 14
[15:16:44.374]: (0.9, 1.5, 3.3) 14
[15:16:44.391]: (0.9, 1.5, 3.3) 14
[15:16:44.407]: (0.9, 1.5, 3.3) 14
[15:16:44.424]: (0.9, 1.5, 3.3) 14
[15:16:44.441]: (0.9, 1.5, 3.3) 14
[15:16:44.457]: (0.9, 1.5, 3.3) 14
[15:16:44.479]: (0.9, 1.5, 3.3) 12
[15:16:44.503]: (0.9, 1.5, 3.3) 12
[15:16:44.524]: (0.9, 1.5, 3.3) 12
[15:16:44.547]: (0.9, 1.5, 3.3) 12
[15:16:44.569]: (0.9, 1.5, 3.3) 12
[15:16:44.591]: (0.9, 1.5, 3.3) 12
[15:16:44.612]: (0.9, 1.5, 3.2) 12
[15:16:44.634]: (0.9, 1.5, 3.2) 12
[15:16:44.657]: (0.9, 1.5, 3.3) 12
[15:16:44.679]: (0.9, 1.5, 3.3) 12
[15:16:44.702]: (0.9, 1.5, 3.3) 12
[15:16:44.723]: (0.9, 1.5, 3.3) 12
[15:16:44.746]: (0.9, 1.4, 3.3) 12
[15:16:44.879]: (1.0, 1.4, 3.2) 13
[15:16:44.901]: (1.0, 1.4, 3.2) 13
[15:16:44.919]: (1.0, 1.4, 3.2) 13
[15:16:44.935]: (1.0, 1.4, 3.2) 13
[15:16:44.950]: (1.0, 1.4, 3.2) 13
[15:16:44.966]: (1.0, 1.4, 3.2) 13
[15:16:44.983]: (1.0, 1.4, 3.2) 13
[15:16:45.030]: (1.8, 1.2, 2.7) 7
[15:16:45.446]: (1.0, 1.4, 3.3) 13
[15:16:45.491]: (1.0, 1.4, 3.3) 12
[15:16:45.536]: (1.0, 1.4, 3.3) 12
[15:16:45.558]: (0.9, 1.4, 3.3) 12
[15:16:45.579]: (0.9, 1.4, 3.3) 12
[15:16:45.601]: (1.0, 1.4, 3.4) 14
[15:16:45.772]: (0.9, 1.4, 3.3) 14
[15:16:45.789]: (0.9, 1.4, 3.4) 14
[15:16:45.821]: (0.9, 1.4, 3.3) 12
[15:16:45.837]: (0.9, 1.4, 3.3) 12
[15:16:45.857]: (0.9, 1.4, 3.3) 12
[15:16:45.874]: (0.9, 1.4, 3.3) 14
[15:16:46.131]: (-0.2, 1.3, 2.7) 10
[15:16:46.378]: (-0.2, 1.3, 2.6) 10
[15:16:46.400]: (-0.2, 1.3, 2.6) 10
[15:16:46.489]: (1.0, 1.4, 3.3) 13
