[15:39:00.988]: (1.2, 1.5, 2.7) 40
[15:39:01.060]: (1.2, 1.6, 2.5) 39
[15:39:01.108]: (1.3, 1.7, 2.5) 41
[15:39:01.131]: (1.3, 1.8, 2.5) 41
[15:39:01.156]: (1.2, 1.8, 2.3) 48
[15:39:01.251]: (1.4, 1.9, 2.2) 50
[15:39:01.281]: (1.0, 1.6, 1.4) 0
[15:39:01.310]: (1.1, 1.6, 1.3) 1
[15:39:01.345]: (1.0, 1.5, 1.1) 20
[15:39:01.377]: (1.0, 1.5, 1.1) 20
[15:39:01.411]: (1.0, 1.5, 1.1) 20
[15:39:01.610]: (1.1, 1.5, 1.3) 1
[15:39:01.646]: (1.1, 1.6, 1.3) 1
[15:39:01.678]: (1.2, 1.6, 1.5) 2
[15:39:01.712]: (1.3, 1.6, 1.7) 14
[15:39:01.743]: (0.9, 1.6, 1.3) 10
[15:39:02.086]: (1.3, 2.5, 2.7) 33
[15:39:02.110]: (1.2, 2.4, 2.6) 23
[15:39:02.133]: (1.2, 2.5, 2.6) 22
[15:39:02.203]: (1.2, 2.6, 2.5) 22
[15:39:02.227]: (1.2, 2.6, 2.5) 22
[15:39:02.251]: (1.1, 2.6, 2.4) 25
[15:39:02.276]: (1.1, 2.6, 2.4) 25
[15:39:02.297]: (1.2, 2.7, 2.5) 24
[15:39:02.347]: (1.4, 3.1, 1.6) 41
[15:39:02.366]: (1.3, 3.0, 1.5) 43
[15:39:02.387]: (1.2, 3.0, 1.4) 48
[15:39:02.410]: (1.2, 2.9, 1.4) 48
[15:39:02.429]: (1.3, 2.9, 1.4) 48
[15:39:02.446]: (1.3, 3.0, 1.4) 48
[15:39:02.489]: (1.3, 2.9, 1.5) 48
[15:39:02.510]: (1.3, 2.9, 1.5) 48
[15:39:02.555]: (1.3, 2.9, 1.5) 48
[15:39:03.449]: (0.2, 2.7, 0.7) 9
[15:39:03.474]: (1.7, 3.7, 2.2) 58
[15:39:03.498]: (1.4, 2.9, 1.7) 37
[15:39:03.519]: (1.4, 2.9, 1.7) 37
[15:39:03.536]: (1.4, 2.9, 1.7) 37
[15:39:03.555]: (1.4, 2.9, 1.7) 37
[15:39:03.572]: (1.4, 2.9, 1.7) 37
[15:39:03.589]: (1.4, 2.9, 1.7) 37
[15:39:03.718]: (1.4, 2.9, 1.7) 37
[15:39:03.734]: (1.4, 2.9, 1.7) 37
[15:39:03.785]: (1.8, 3.0, 2.1) 32
[15:39:03.901]: (1.6, 2.9, 1.8) 35
[15:39:03.953]: (1.7, 3.0, 1.9) 22
[15:39:03.977]: (1.7, 3.0, 1.9) 22
[15:39:04.002]: (1.7, 3.0, 1.9) 22
[15:39:04.066]: (1.6, 2.9, 1.8) 29
[15:39:04.087]: (1.6, 2.9, 1.8) 29
[15:39:04.109]: (1.6, 2.9, 1.8) 29
[15:39:04.132]: (1.6, 3.0, 2.0) 31
[15:39:04.303]: (1.4, 3.0, 1.7) 35
[15:39:04.330]: (1.6, 3.2, 1.8) 21
[15:39:04.352]: (1.6, 3.2, 1.7) 22
[15:39:04.375]: (1.6, 3.2, 1.7) 22
[15:39:04.482]: (1.5, 3.1, 1.6) 25
[15:39:04.609]: (1.3, 3.2, 1.6) 27
[15:39:04.632]: (1.3, 3.2, 1.6) 27
[15:39:04.654]: (1.4, 3.2, 1.6) 28
[15:39:04.681]: (1.4, 3.0, 1.5) 37
[15:39:04.704]: (1.5, 3.4, 2.2) 65
[15:39:04.728]: (0.9, 2.9, 2.0) 41
[15:39:04.836]: (0.1, 2.2, 1.2) 18
[15:39:04.901]: (0.2, 2.2, 1.2) 19
[15:39:05.073]: (0.1, 2.4, 0.7) 20
[15:39:05.095]: (0.1, 2.6, 0.7) 8
[15:39:05.236]: (0.1, 2.6, 0.6) 18
[15:39:05.272]: (0.1, 2.5, 0.6) 18
[15:39:05.303]: (0.1, 2.5, 0.7) 18
[15:39:05.336]: (0.1, 2.5, 0.7) 18
[15:39:05.371]: (0.2, 2.5, 0.7) 18
[15:39:05.603]: (0.3, 2.1, 1.1) 8
[15:39:05.637]: (0.3, 2.1, 1.0) 20
[15:39:05.669]: (0.3, 2.1, 1.0) 20
[15:39:05.699]: (0.3, 2.0, 1.0) 20
[15:39:05.731]: (0.3, 2.0, 1.0) 20
[15:39:05.766]: (0.3, 2.0, 1.0) 20
[15:39:05.798]: (0.3, 2.0, 1.0) 20
[15:39:05.832]: (0.3, 2.1, 1.0) 20
[15:39:05.865]: (0.3, 2.1, 1.0) 20
[15:39:05.886]: (0.3, 2.1, 1.1) 8
[15:39:05.908]: (0.5, 2.2, 1.0) 9
[15:39:05.998]: (1.2, 2.8, 1.6) 43
[15:39:06.019]: (1.2, 2.8, 1.6) 43
[15:39:06.043]: (1.2, 2.8, 1.6) 43
[15:39:06.064]: (1.2, 2.8, 1.6) 43
[15:39:06.114]: (0.7, 2.3, 1.0) 11
[15:39:06.136]: (0.6, 2.2, 0.8) 10
[15:39:06.292]: (0.6, 2.4, 0.9) 12
[15:39:06.315]: (0.5, 2.4, 0.8) 12
[15:39:06.337]: (0.5, 2.4, 0.8) 12
[15:39:06.359]: (0.5, 2.4, 0.8) 1
[15:39:06.692]: (1.5, 2.7, 2.4) 106
[15:39:06.715]: (1.5, 2.7, 2.5) 106
[15:39:06.738]: (1.6, 2.7, 2.7) 107
[15:39:06.763]: (1.6, 2.7, 2.7) 107
[15:39:06.784]: (1.7, 2.7, 2.7) 107
[15:39:06.805]: (1.7, 2.6, 2.7) 107
[15:39:06.827]: (0.8, 1.8, 1.6) 3
[15:39:06.849]: (0.8, 1.7, 1.5) 2
[15:39:06.872]: (0.6, 1.6, 1.3) 1
[15:39:06.895]: (0.6, 1.6, 1.3) 1
[15:39:06.940]: (0.6, 1.6, 1.3) 12
[15:39:06.960]: (0.6, 1.6, 1.3) 12
[15:39:07.072]: (0.6, 1.7, 1.3) 12
[15:39:07.093]: (0.6, 1.7, 1.3) 12
[15:39:07.116]: (0.6, 1.8, 1.2) 12
[15:39:07.390]: (1.1, 2.7, 1.5) 43
[15:39:07.412]: (1.1, 2.7, 1.5) 43
[15:39:07.785]: (1.3, 3.5, 1.8) 104
[15:39:07.820]: (1.2, 3.4, 1.8) 104
[15:39:07.854]: (1.2, 3.5, 1.8) 104
[15:39:07.890]: (1.2, 3.4, 1.8) 104
[15:39:07.921]: (1.2, 3.4, 1.8) 104
[15:39:07.953]: (1.1, 3.2, 1.6) 49
[15:39:07.986]: (1.1, 3.2, 1.6) 49
[15:39:08.019]: (1.4, 3.8, 2.0) 103
[15:39:08.119]: (1.3, 3.7, 1.9) 94
[15:39:08.152]: (1.3, 3.7, 1.9) 94
[15:39:08.186]: (1.3, 3.7, 2.0) 95
[15:39:08.219]: (1.3, 3.7, 2.0) 95
[15:39:08.254]: (1.3, 3.7, 2.0) 95
[15:39:08.353]: (0.5, 2.7, 0.9) 3
[15:39:08.391]: (0.3, 2.3, 0.6) 18
[15:39:08.422]: (0.4, 2.5, 0.7) 4
[15:39:08.456]: (0.3, 2.4, 0.6) 8
[15:39:08.493]: (0.3, 2.3, 0.5) 8
[15:39:08.516]: (0.3, 2.3, 0.5) 8
[15:39:08.539]: (0.3, 2.3, 0.5) 8
[15:39:08.560]: (0.4, 2.5, 0.6) 4
[15:39:08.581]: (0.4, 2.5, 0.6) 4
[15:39:08.604]: (0.4, 2.5, 0.6) 4
[15:39:08.889]: (0.4, 2.4, 1.0) 2
[15:39:08.957]: (0.4, 2.3, 0.9) 4
[15:39:08.978]: (0.4, 2.3, 0.9) 4
[15:39:09.003]: (0.4, 2.3, 0.9) 4
[15:39:09.023]: (0.4, 2.3, 0.9) 4
[15:39:09.041]: (0.4, 2.3, 0.9) 4
[15:39:09.065]: (0.3, 2.2, 1.0) 4
[15:39:09.086]: (0.3, 2.2, 1.0) 4
[15:39:09.107]: (0.3, 2.2, 1.0) 4
[15:39:09.131]: (0.3, 2.2, 1.0) 4
[15:39:09.152]: (0.3, 2.2, 1.0) 4
[15:39:09.174]: (0.3, 2.2, 1.0) 4
[15:39:09.196]: (0.3, 2.2, 1.0) 4
[15:39:09.218]: (0.3, 2.2, 1.0) 4
[15:39:09.242]: (0.2, 2.1, 0.8) 8
[15:39:09.263]: (0.3, 2.2, 1.0) 4
[15:39:09.286]: (0.2, 2.1, 0.8) 8
[15:39:09.307]: (0.2, 2.1, 0.8) 8
[15:39:09.330]: (0.2, 2.1, 0.8) 8
[15:39:09.352]: (0.2, 2.1, 0.8) 8
[15:39:09.375]: (0.2, 2.1, 0.8) 8
[15:39:09.398]: (0.2, 2.1, 0.8) 8
[15:39:09.420]: (0.2, 2.1, 0.8) 8
[15:39:09.443]: (0.2, 2.1, 0.8) 8
[15:39:09.464]: (0.3, 2.1, 0.8) 8
[15:39:09.488]: (0.3, 2.1, 0.8) 8
[15:39:09.511]: (0.3, 2.1, 0.8) 8
[15:39:09.532]: (0.2, 2.1, 0.7) 20
[15:39:09.555]: (0.2, 2.1, 0.7) 20
[15:39:09.692]: (0.3, 2.1, 0.5) 20
[15:39:10.001]: (0.4, 2.3, 0.5) 1
[15:39:10.045]: (0.3, 2.2, 0.5) 0
[15:39:10.069]: (0.3, 2.2, 0.5) 0
[15:39:10.094]: (0.3, 2.2, 0.5) 0
[15:39:10.116]: (0.3, 2.2, 0.5) 0
[15:39:10.139]: (0.3, 2.2, 0.5) 0
[15:39:10.204]: (0.3, 2.2, 0.6) 0
[15:39:10.227]: (0.3, 2.2, 0.5) 0
[15:39:10.249]: (0.3, 2.1, 0.6) 0
[15:39:10.274]: (0.3, 2.1, 0.6) 0
[15:39:10.378]: (0.4, 2.3, 1.0) 3
[15:39:10.403]: (0.4, 2.3, 1.0) 3
[15:39:10.425]: (0.4, 2.3, 1.0) 3
[15:39:10.447]: (0.4, 2.3, 1.1) 3
[15:39:10.471]: (0.4, 2.1, 1.0) 2
[15:39:10.493]: (0.4, 2.0, 1.0) 4
[15:39:10.515]: (0.4, 2.0, 1.0) 4
[15:39:10.537]: (0.4, 2.0, 1.0) 4
[15:39:10.560]: (0.4, 2.0, 1.0) 4
[15:39:10.589]: (0.3, 1.9, 0.9) 1
[15:39:10.624]: (0.3, 1.9, 0.9) 1
[15:39:10.656]: (0.3, 1.9, 0.9) 1
[15:39:10.687]: (0.3, 1.9, 0.9) 1
[15:39:10.720]: (0.3, 1.9, 0.9) 1
[15:39:10.756]: (0.3, 1.9, 0.9) 1
[15:39:10.789]: (0.3, 1.9, 0.9) 1
[15:39:10.818]: (0.3, 1.9, 0.9) 8
[15:39:10.853]: (0.3, 1.8, 0.8) 8
[15:39:10.886]: (0.2, 1.8, 0.8) 20
[15:39:10.920]: (0.3, 1.8, 0.8) 20
[15:39:10.951]: (0.2, 1.8, 0.8) 20
[15:39:11.052]: (0.2, 1.8, 0.8) 20
[15:39:11.086]: (0.2, 1.8, 0.8) 20
[15:39:11.118]: (0.2, 1.8, 0.9) 8
[15:39:11.152]: (0.2, 1.9, 0.9) 8
[15:39:11.185]: (0.2, 1.9, 0.9) 8
[15:39:11.208]: (0.2, 1.8, 0.8) 20
[15:39:11.229]: (0.2, 1.8, 0.8) 20
[15:39:11.251]: (0.2, 1.8, 0.8) 20
[15:39:11.274]: (0.2, 1.8, 0.8) 20
[15:39:11.296]: (0.2, 1.8, 0.8) 20
[15:39:11.318]: (0.3, 1.8, 0.8) 8
[15:39:11.341]: (0.2, 1.8, 0.8) 8
[15:39:11.406]: (0.4, 1.9, 0.9) 1
[15:39:11.452]: (0.4, 1.9, 0.9) 1
[15:39:11.519]: (0.4, 1.9, 0.9) 1
[15:39:11.541]: (0.4, 1.9, 0.9) 1
[15:39:11.563]: (0.4, 1.9, 0.9) 1
[15:39:11.629]: (0.4, 1.9, 0.9) 1
[15:39:11.651]: (0.4, 1.9, 0.9) 1
[15:39:11.674]: (0.4, 1.9, 0.9) 1
[15:39:11.696]: (0.3, 1.9, 0.9) 1
[15:39:11.718]: (0.3, 1.9, 0.9) 1
[15:39:11.741]: (0.3, 1.9, 0.9) 1
[15:39:11.763]: (0.3, 1.9, 0.9) 1
[15:39:11.784]: (0.3, 1.9, 0.9) 1
[15:39:11.806]: (0.3, 1.9, 0.9) 1
[15:39:11.829]: (0.3, 1.9, 0.9) 1
[15:39:11.851]: (0.4, 2.0, 1.0) 4
[15:39:11.896]: (0.8, 2.9, 1.3) 51
[15:39:11.939]: (0.8, 2.9, 1.0) 43
[15:39:11.963]: (0.9, 3.2, 1.2) 49
[15:39:11.985]: (1.0, 3.5, 1.4) 104
[15:39:12.008]: (1.0, 3.5, 1.3) 104
[15:39:12.030]: (1.1, 3.5, 1.3) 104
[15:39:12.055]: (0.9, 3.2, 1.2) 49
[15:39:12.077]: (0.9, 3.1, 1.1) 44
[15:39:12.100]: (1.0, 3.0, 1.2) 44
[15:39:12.145]: (0.8, 2.9, 1.0) 43
[15:39:12.168]: (0.8, 2.8, 1.0) 45
[15:39:12.189]: (0.9, 3.0, 1.2) 44
[15:39:12.233]: (0.9, 3.2, 1.2) 49
[15:39:12.255]: (0.9, 3.2, 1.2) 49
[15:39:12.300]: (0.9, 3.2, 1.2) 49
[15:39:12.321]: (0.9, 3.2, 1.2) 49
[15:39:12.344]: (0.9, 3.2, 1.2) 49
[15:39:12.367]: (0.9, 3.1, 1.1) 44
[15:39:12.388]: (0.9, 3.2, 1.2) 49
[15:39:12.411]: (1.1, 3.6, 1.2) 110
[15:39:12.433]: (1.1, 3.6, 1.2) 110
[15:39:12.453]: (1.1, 3.6, 1.2) 110
[15:39:12.471]: (1.1, 3.6, 1.2) 110
[15:39:12.488]: (1.1, 3.6, 1.2) 110
[15:39:12.537]: (1.2, 4.0, 1.5) 103
[15:39:12.621]: (1.2, 3.7, 1.3) 102
[15:39:13.162]: (1.0, 3.0, 0.8) 39
[15:39:13.185]: (1.0, 3.0, 0.8) 39
[15:39:13.207]: (1.1, 3.1, 0.8) 40
[15:39:13.317]: (1.0, 3.0, 0.9) 39
[15:39:13.334]: (1.0, 3.0, 0.9) 39
[15:39:13.353]: (1.0, 3.0, 0.9) 39
[15:39:13.370]: (1.0, 3.0, 0.9) 39
[15:39:13.388]: (1.0, 3.0, 0.9) 39
[15:39:13.438]: (0.9, 2.8, 1.0) 43
[15:39:13.599]: (1.6, 3.6, 0.6) 65
[15:39:14.299]: (0.2, 1.9, 0.8) 18
[15:39:14.318]: (0.2, 1.8, 0.9) 8
[15:39:14.336]: (0.2, 1.9, 0.8) 18
[15:39:14.352]: (0.2, 1.9, 0.8) 18
[15:39:14.370]: (0.2, 1.9, 0.8) 18
[15:39:14.387]: (0.4, 2.0, 1.0) 4
[15:39:14.420]: (0.3, 2.0, 1.0) 4
[15:39:14.438]: (0.3, 1.9, 0.9) 1
[15:39:14.455]: (0.3, 1.9, 0.9) 8
[15:39:14.475]: (0.4, 1.9, 0.9) 1
[15:39:14.492]: (0.2, 2.1, 1.2) 7
[15:39:14.509]: (0.3, 2.1, 1.2) 7
[15:39:14.527]: (0.2, 1.9, 0.8) 18
[15:39:14.545]: (0.2, 1.9, 0.8) 18
[15:39:14.563]: (0.2, 1.9, 0.8) 18
[15:39:14.580]: (0.2, 1.9, 0.8) 18
[15:39:14.597]: (0.2, 1.9, 0.8) 18
[15:39:14.614]: (0.2, 1.9, 0.8) 18
[15:39:14.632]: (0.2, 1.9, 0.8) 18
[15:39:14.652]: (0.2, 1.9, 0.8) 18
[15:39:14.670]: (0.2, 1.9, 0.8) 18
[15:39:14.688]: (0.2, 1.9, 0.8) 18
[15:39:14.794]: (0.4, 2.0, 1.1) 4
[15:39:14.817]: (0.3, 2.0, 1.0) 4
[15:39:14.838]: (0.3, 2.0, 1.0) 4
[15:39:14.861]: (0.3, 2.0, 1.0) 4
[15:39:14.883]: (0.3, 2.0, 1.0) 4
[15:39:14.905]: (0.3, 2.0, 1.0) 4
[15:39:14.928]: (0.3, 2.0, 1.0) 4
[15:39:14.950]: (0.3, 2.0, 1.0) 4
[15:39:14.973]: (0.4, 2.0, 1.0) 4
[15:39:14.995]: (0.3, 2.0, 1.0) 4
[15:39:15.016]: (0.3, 2.0, 1.0) 4
[15:39:15.040]: (0.3, 2.0, 1.0) 4
[15:39:15.061]: (0.3, 2.0, 1.0) 4
[15:39:15.084]: (0.4, 2.0, 1.0) 4
[15:39:15.105]: (0.3, 2.0, 1.0) 4
[15:39:15.128]: (0.3, 2.0, 1.0) 4
[15:39:15.150]: (0.3, 2.0, 1.0) 4
[15:39:15.170]: (0.3, 2.1, 1.0) 4
[15:39:15.187]: (0.3, 2.1, 1.0) 4
[15:39:15.204]: (0.3, 2.1, 1.0) 4
[15:39:15.221]: (0.3, 2.0, 1.0) 4
[15:39:15.239]: (0.3, 2.0, 1.0) 4
[15:39:15.256]: (0.3, 2.0, 1.0) 4
[15:39:15.275]: (0.3, 2.0, 1.0) 4
[15:39:15.293]: (0.3, 2.0, 1.0) 4
[15:39:15.310]: (0.3, 2.0, 1.0) 4
[15:39:15.329]: (0.3, 2.0, 1.0) 4
[15:39:15.346]: (0.3, 2.0, 1.0) 4
[15:39:15.365]: (0.3, 2.0, 1.0) 4
[15:39:15.383]: (0.3, 2.0, 1.0) 4
[15:39:15.400]: (0.3, 2.0, 1.0) 4
[15:39:15.420]: (0.3, 2.0, 1.0) 4
[15:39:15.437]: (0.3, 2.0, 1.0) 4
[15:39:15.455]: (0.3, 2.0, 1.0) 4
[15:39:15.472]: (0.3, 2.0, 1.0) 4
[15:39:15.489]: (0.3, 2.0, 1.0) 4
[15:39:15.507]: (0.3, 2.0, 1.0) 4
[15:39:15.524]: (0.3, 2.0, 1.0) 4
[15:39:15.541]: (0.3, 2.0, 1.0) 4
[15:39:15.561]: (0.3, 2.0, 1.0) 4
[15:39:15.580]: (0.3, 2.0, 1.0) 4
[15:39:15.597]: (0.3, 2.0, 1.0) 4
[15:39:15.618]: (0.3, 2.0, 1.0) 4
[15:39:15.635]: (0.3, 2.0, 1.0) 4
[15:39:15.653]: (0.3, 2.0, 1.0) 4
[15:39:15.739]: (0.4, 2.2, 1.2) 5
[15:39:15.783]: (0.3, 2.0, 1.0) 4
[15:39:15.805]: (0.3, 2.1, 1.0) 4
[15:39:15.827]: (0.3, 2.1, 1.0) 4
[15:39:15.849]: (0.3, 2.1, 1.0) 4
[15:39:15.872]: (0.3, 2.0, 1.0) 4
[15:39:15.895]: (0.3, 2.0, 1.0) 4
[15:39:15.916]: (0.3, 2.0, 1.0) 4
[15:39:15.939]: (0.3, 2.0, 1.0) 4
[15:39:15.962]: (0.3, 2.0, 1.0) 4
[15:39:15.983]: (0.3, 2.0, 1.0) 4
[15:39:16.005]: (0.3, 2.0, 1.0) 4
[15:39:16.027]: (0.3, 2.1, 1.0) 4
[15:39:16.050]: (0.3, 2.0, 1.0) 4
[15:39:16.072]: (0.3, 2.0, 1.0) 4
[15:39:16.096]: (0.3, 2.0, 1.0) 4
[15:39:16.113]: (0.3, 2.0, 1.0) 4
[15:39:16.131]: (0.4, 2.0, 1.0) 4
[15:39:16.171]: (0.3, 1.9, 0.9) 1
[15:39:16.191]: (0.3, 1.9, 0.9) 1
[15:39:16.208]: (0.3, 1.8, 0.8) 8
[15:39:16.274]: (0.2, 1.7, 0.8) 20
[15:39:16.290]: (0.4, 2.0, 1.0) 4
[15:39:16.324]: (0.3, 1.9, 0.9) 1
[15:39:16.342]: (0.3, 1.9, 0.9) 1
[15:39:16.359]: (0.3, 1.9, 0.9) 1
[15:39:16.379]: (0.3, 1.9, 0.9) 1
[15:39:16.397]: (0.3, 1.9, 0.9) 1
[15:39:16.414]: (0.3, 2.0, 0.9) 1
[15:39:16.432]: (0.3, 1.9, 0.9) 1
[15:39:16.450]: (0.4, 2.0, 1.0) 4
[15:39:16.470]: (0.4, 2.0, 1.0) 4
[15:39:16.488]: (0.4, 2.0, 1.0) 4
[15:39:16.507]: (0.4, 2.0, 1.0) 4
[15:39:16.662]: (0.2, 2.7, 1.7) 89
[15:39:16.683]: (0.2, 2.7, 1.6) 89
[15:39:16.706]: (0.2, 2.7, 1.7) 89
[15:39:16.730]: (0.2, 2.7, 1.7) 89
[15:39:16.751]: (0.2, 2.7, 1.7) 89
[15:39:16.774]: (0.2, 2.7, 1.7) 89
[15:39:16.795]: (0.2, 2.8, 1.9) 86
[15:39:16.816]: (0.2, 2.7, 1.7) 89
[15:39:16.840]: (0.2, 2.8, 1.9) 71
[15:39:16.860]: (0.2, 2.8, 1.9) 71
[15:39:16.884]: (0.2, 2.7, 1.6) 89
[15:39:16.907]: (0.2, 2.8, 1.5) 81
[15:39:16.930]: (0.2, 2.8, 1.5) 81
[15:39:16.954]: (0.2, 2.8, 1.5) 80
[15:39:16.976]: (0.2, 2.8, 1.5) 80
[15:39:16.999]: (0.2, 2.8, 1.5) 80
[15:39:17.025]: (0.2, 2.8, 1.5) 80
[15:39:17.044]: (0.2, 2.8, 1.5) 80
[15:39:17.065]: (0.2, 2.8, 1.5) 80
[15:39:17.086]: (0.2, 2.8, 1.5) 80
[15:39:17.105]: (0.2, 2.8, 1.5) 80
[15:39:17.124]: (0.2, 2.8, 1.5) 80
[15:39:17.144]: (0.3, 2.9, 1.7) 74
[15:39:17.162]: (0.3, 2.9, 1.7) 74
[15:39:17.183]: (0.3, 2.9, 1.7) 74
[15:39:17.202]: (0.2, 2.9, 1.7) 74
[15:39:17.222]: (0.2, 2.8, 1.6) 76
[15:39:17.241]: (0.2, 2.8, 1.6) 76
[15:39:17.264]: (0.2, 2.8, 1.6) 76
[15:39:17.320]: (0.4, 2.0, 1.0) 4
[15:39:17.339]: (0.4, 2.1, 1.0) 4
[15:39:17.362]: (0.3, 2.1, 1.0) 4
[15:39:17.381]: (0.3, 2.1, 1.0) 4
[15:39:17.400]: (0.3, 2.1, 1.0) 4
[15:39:17.421]: (0.3, 2.0, 1.0) 4
[15:39:17.570]: (0.3, 1.9, 0.9) 1
[15:39:17.590]: (0.3, 1.9, 0.9) 1
[15:39:17.615]: (0.3, 1.9, 0.9) 1
