[16:04:30.727]: (-0.3, -0.2, 0.1) 4
[16:04:30.746]: (-0.3, 0.0, 0.1) 5
[16:04:32.352]: (0.7, 2.4, 1.7) 4
[16:04:32.377]: (0.7, 2.4, 1.7) 4
[16:04:32.396]: (0.7, 2.4, 1.7) 4
[16:04:32.420]: (0.7, 2.4, 1.7) 4
[16:04:32.442]: (0.7, 2.4, 1.7) 4
[16:04:32.465]: (0.7, 2.4, 1.8) 4
[16:04:32.486]: (0.7, 2.4, 1.8) 4
[16:04:32.508]: (0.7, 2.4, 1.8) 4
[16:04:32.530]: (0.7, 2.4, 1.8) 4
[16:04:35.595]: (-1.4, -2.1, 0.5) 5
[16:04:35.618]: (-1.3, -2.1, 0.6) 5
[16:04:35.641]: (-1.3, -2.2, 0.6) 4
[16:04:35.659]: (-1.3, -2.2, 0.6) 4
[16:04:35.677]: (-1.3, -2.2, 0.6) 4
[16:04:35.694]: (-1.3, -2.3, 0.7) 4
[16:04:36.331]: (-1.4, -2.1, 0.8) 5
[16:04:36.354]: (-1.4, -2.1, 0.8) 5
[16:04:37.656]: (-0.5, -0.1, 2.8) 5
[16:04:37.693]: (-0.5, -0.1, 2.9) 5
[16:04:37.759]: (-0.5, 0.0, 2.9) 5
[16:04:37.788]: (-0.4, 0.1, 2.9) 5
[16:04:38.629]: (-0.4, 0.3, 3.0) 5
[16:04:38.673]: (-0.4, 0.3, 3.0) 5
[16:04:38.851]: (-0.4, 0.3, 3.2) 4
[16:04:38.873]: (-0.4, 0.3, 3.1) 4
[16:04:38.896]: (-0.4, 0.3, 3.1) 4
[16:04:38.918]: (-0.4, 0.3, 3.1) 4
[16:04:38.940]: (-0.4, 0.3, 3.1) 4
[16:04:38.962]: (-0.4, 0.3, 3.1) 4
[16:04:38.984]: (-0.4, 0.2, 3.1) 4
[16:04:39.006]: (-0.4, 0.2, 3.1) 4
[16:04:39.141]: (-0.4, 0.3, 3.2) 4
[16:04:39.256]: (-0.4, 0.3, 3.2) 4
[16:04:39.274]: (-0.4, 0.3, 3.2) 4
[16:04:39.291]: (-0.4, 0.3, 3.1) 4
[16:04:39.308]: (-0.4, 0.3, 3.0) 5
[16:04:39.341]: (-0.4, 0.3, 3.0) 5
[16:04:39.359]: (-0.4, 0.3, 3.0) 5
[16:04:39.376]: (-0.4, 0.3, 3.0) 5
[16:04:39.394]: (-0.4, 0.3, 3.0) 5
[16:04:39.413]: (-0.4, 0.3, 3.0) 5
[16:04:39.431]: (-0.4, 0.3, 3.2) 4
[16:04:39.449]: (-0.4, 0.3, 3.2) 4
[16:04:39.468]: (-0.4, 0.3, 3.2) 4
[16:04:39.486]: (-0.4, 0.3, 3.0) 5
[16:04:39.504]: (-0.4, 0.3, 3.0) 5
[16:04:39.521]: (-0.4, 0.3, 3.0) 5
[16:04:39.539]: (-0.4, 0.3, 3.0) 5
[16:04:39.556]: (-0.4, 0.3, 3.2) 4
[16:04:39.573]: (-0.4, 0.3, 3.2) 4
[16:04:39.591]: (-0.4, 0.3, 3.2) 4
[16:04:39.609]: (-0.4, 0.3, 3.2) 4
[16:04:39.628]: (-0.4, 0.3, 3.1) 4
[16:04:39.645]: (-0.4, 0.3, 3.1) 4
[16:04:39.662]: (-0.4, 0.3, 3.1) 4
[16:04:39.683]: (-0.4, 0.3, 3.1) 4
[16:04:39.700]: (-0.4, 0.3, 3.1) 4
[16:04:39.719]: (-0.4, 0.3, 3.1) 4
[16:04:39.739]: (-0.4, 0.3, 3.2) 4
[16:04:39.844]: (-0.3, 0.3, 3.1) 4
[16:04:39.864]: (-0.3, 0.3, 3.1) 4
[16:04:39.885]: (-0.4, 0.3, 3.1) 4
[16:04:39.903]: (-0.4, 0.3, 3.1) 4
[16:04:39.920]: (-0.3, 0.3, 3.1) 4
[16:04:39.938]: (-0.3, 0.3, 3.1) 4
[16:04:39.955]: (-0.4, 0.3, 3.1) 4
[16:04:39.972]: (-0.4, 0.3, 3.1) 4
[16:04:40.005]: (-0.4, 0.3, 3.1) 4
[16:04:40.040]: (-0.4, 0.3, 3.1) 4
[16:04:40.073]: (-0.4, 0.3, 3.1) 4
[16:04:40.105]: (-0.4, 0.3, 3.2) 4
[16:04:40.139]: (-0.4, 0.3, 3.1) 4
[16:04:40.172]: (-0.4, 0.3, 3.1) 4
[16:04:40.206]: (-0.4, 0.3, 3.1) 4
[16:04:40.239]: (-0.4, 0.3, 3.1) 4
[16:04:40.272]: (-0.4, 0.2, 3.1) 4
[16:04:40.340]: (-0.4, 0.2, 3.1) 4
[16:04:40.372]: (-0.4, 0.3, 3.1) 4
[16:04:40.405]: (-0.4, 0.3, 3.1) 4
[16:04:40.439]: (-0.4, 0.3, 3.0) 5
[16:04:40.505]: (-0.4, 0.3, 3.1) 4
[16:04:40.543]: (-0.4, 0.3, 3.1) 4
[16:04:40.575]: (-0.4, 0.3, 3.1) 4
[16:04:40.609]: (-0.4, 0.3, 3.1) 4
[16:04:40.742]: (-0.4, 0.4, 2.8) 0
[16:04:40.765]: (-0.4, 0.4, 2.8) 0
[16:04:40.789]: (-0.4, 0.4, 2.8) 0
[16:04:40.812]: (-0.4, 0.4, 2.8) 0
[16:04:41.248]: (-0.4, 1.1, 2.7) 1
[16:04:41.271]: (-0.4, 1.1, 2.7) 1
[16:04:41.293]: (-0.4, 1.1, 2.7) 1
[16:04:41.316]: (-0.4, 1.1, 2.7) 1
[16:04:41.341]: (-0.4, 1.1, 2.7) 1
[16:04:41.363]: (-0.4, 1.1, 2.7) 1
[16:04:41.382]: (-0.4, 1.1, 2.7) 1
[16:04:41.403]: (-0.4, 1.1, 2.7) 1
[16:04:41.428]: (-0.4, 1.1, 2.7) 1
[16:04:41.452]: (-0.4, 1.1, 2.7) 1
[16:04:41.473]: (-0.4, 1.1, 2.7) 1
[16:04:41.495]: (-0.4, 1.1, 2.7) 1
[16:04:41.518]: (-0.4, 1.1, 2.7) 1
[16:04:41.540]: (-0.4, 1.1, 2.7) 1
[16:04:41.562]: (-0.4, 1.1, 2.7) 1
[16:04:41.585]: (-0.4, 1.1, 2.7) 1
[16:04:41.606]: (-0.4, 1.1, 2.7) 1
[16:04:41.630]: (-0.4, 1.1, 2.7) 1
[16:04:41.652]: (-0.4, 1.1, 2.7) 1
[16:04:41.675]: (-0.4, 1.1, 2.7) 1
[16:04:41.719]: (-0.4, 1.0, 2.7) 1
[16:04:41.741]: (-0.4, 1.0, 2.7) 1
[16:04:41.763]: (-0.4, 1.0, 2.7) 1
[16:04:41.787]: (-0.4, 1.1, 2.7) 1
[16:04:41.807]: (-0.4, 1.1, 2.7) 1
[16:04:41.830]: (-0.4, 1.0, 2.7) 1
[16:04:41.852]: (-0.4, 1.0, 2.7) 1
[16:04:41.875]: (-0.4, 1.0, 2.7) 1
[16:04:41.897]: (-0.4, 1.1, 2.7) 1
[16:04:42.035]: (-0.4, 1.0, 2.8) 0
[16:04:42.057]: (-0.4, 1.0, 2.7) 2
[16:04:42.082]: (-0.4, 1.0, 2.7) 2
[16:04:42.297]: (-0.7, 1.0, 2.6) 2
[16:04:42.319]: (-0.7, 1.1, 2.6) 2
[16:04:43.126]: (-0.3, 1.1, 2.6) 1
[16:04:44.379]: (-0.3, 1.0, 2.6) 1
[16:04:44.402]: (-0.3, 1.0, 3.0) 4
[16:04:47.146]: (0.2, 0.9, 2.3) 0
[16:04:47.385]: (-0.1, 0.8, 2.3) 1
[16:04:47.429]: (-0.1, 0.8, 2.3) 1
[16:04:47.457]: (-0.1, 0.8, 2.4) 0
[16:04:47.480]: (-0.1, 0.8, 2.3) 1
[16:04:47.504]: (-0.1, 0.8, 2.3) 1
[16:04:47.522]: (-0.1, 0.8, 2.3) 1
[16:04:47.540]: (-0.1, 0.8, 2.3) 1
[16:04:47.564]: (-0.1, 0.8, 2.3) 1
[16:04:47.586]: (-0.1, 0.8, 2.3) 1
[16:04:47.604]: (-0.1, 0.8, 2.3) 1
[16:04:47.626]: (-0.1, 0.8, 2.3) 1
[16:04:47.665]: (-0.1, 0.8, 2.3) 1
[16:04:47.698]: (-0.1, 0.8, 2.3) 1
[16:04:47.716]: (-0.1, 0.8, 2.3) 1
[16:04:47.733]: (-0.1, 0.8, 2.3) 1
[16:04:47.751]: (-0.1, 0.8, 2.3) 1
[16:04:47.770]: (-0.1, 0.8, 2.3) 1
[16:04:47.788]: (-0.1, 0.8, 2.3) 1
[16:04:47.806]: (-0.1, 0.8, 2.3) 1
[16:04:48.235]: (-0.1, 0.7, 2.3) 1
[16:04:49.481]: (-0.2, 0.9, 2.7) 4
[16:04:49.500]: (-0.2, 0.9, 2.7) 4
[16:04:49.518]: (-0.2, 0.9, 2.7) 4
[16:04:49.536]: (-0.2, 0.9, 2.6) 5
[16:04:49.553]: (-0.2, 0.9, 2.7) 4
[16:04:49.571]: (-0.2, 0.9, 2.6) 5
[16:04:49.590]: (-0.3, 0.9, 2.6) 5
[16:04:49.608]: (-0.3, 0.9, 2.6) 5
[16:04:49.625]: (-0.3, 0.9, 2.6) 5
[16:04:49.691]: (-0.2, 0.9, 2.6) 5
[16:04:49.710]: (-0.2, 0.9, 2.6) 5
[16:04:49.730]: (-0.2, 0.9, 2.6) 5
[16:04:49.751]: (-0.3, 0.9, 2.5) 5
[16:04:49.769]: (-0.3, 0.9, 2.5) 5
[16:04:49.787]: (-0.3, 0.9, 2.5) 5
[16:04:49.808]: (-0.3, 0.9, 2.5) 5
[16:04:49.835]: (-0.3, 0.8, 2.6) 5
[16:04:49.859]: (-0.3, 0.8, 2.6) 5
[16:04:49.909]: (-0.3, 0.8, 2.6) 5
[16:04:50.116]: (-0.3, 0.8, 2.6) 5
[16:04:50.425]: (-0.2, 0.8, 2.3) 1
[16:04:50.459]: (-0.2, 0.8, 2.3) 1
[16:04:50.493]: (-0.2, 0.8, 2.3) 1
[16:04:50.525]: (-0.2, 0.8, 2.3) 1
[16:04:50.547]: (-0.2, 0.8, 2.3) 1
[16:04:50.570]: (-0.2, 0.8, 2.3) 1
[16:04:50.593]: (-0.2, 0.8, 2.3) 1
[16:04:50.613]: (-0.2, 0.8, 2.3) 1
[16:04:50.636]: (-0.2, 0.8, 2.3) 1
[16:04:50.658]: (-0.2, 0.8, 2.3) 1
[16:04:50.680]: (-0.2, 0.8, 2.3) 1
[16:04:50.705]: (-0.2, 0.8, 2.3) 1
[16:04:50.725]: (-0.2, 0.8, 2.3) 1
[16:04:50.746]: (-0.2, 0.8, 2.3) 1
[16:04:50.773]: (-0.2, 0.8, 2.3) 1
[16:04:50.794]: (-0.2, 0.8, 2.3) 1
[16:04:50.815]: (-0.2, 0.8, 2.3) 1
[16:04:50.838]: (-0.2, 0.8, 2.3) 1
[16:04:50.859]: (-0.2, 0.8, 2.3) 1
[16:04:56.336]: (0.6, 2.9, 1.3) 2
[16:04:56.359]: (0.6, 3.0, 1.4) 0
[16:04:56.382]: (0.5, 3.0, 1.3) 1
[16:04:56.408]: (0.5, 2.9, 1.3) 1
[16:04:56.436]: (0.5, 3.0, 1.4) 1
[16:04:56.507]: (0.5, 3.1, 1.6) 5
[16:04:56.532]: (0.4, 3.0, 1.7) 5
[16:04:56.557]: (0.4, 2.9, 1.7) 5
[16:04:56.582]: (0.4, 2.9, 1.7) 5
[16:04:56.605]: (0.4, 2.9, 1.7) 5
[16:04:56.629]: (0.4, 2.8, 1.7) 5
[16:04:56.653]: (0.4, 2.8, 1.7) 5
[16:04:56.675]: (0.4, 2.8, 1.8) 5
[16:04:58.272]: (0.2, 2.3, 1.7) 4
[16:04:58.296]: (0.2, 2.3, 1.7) 4
[16:04:58.318]: (0.2, 2.3, 1.7) 4
[16:04:58.341]: (0.2, 2.3, 1.7) 4
[16:04:58.364]: (0.2, 2.3, 1.7) 4
[16:04:58.470]: (0.2, 2.2, 1.7) 3
[16:04:58.491]: (0.2, 2.2, 1.7) 3
[16:04:58.626]: (0.2, 2.0, 1.7) 4
[16:04:58.654]: (0.2, 2.0, 1.7) 4
[16:04:58.675]: (0.3, 2.0, 1.7) 4
[16:04:58.698]: (0.3, 2.0, 1.6) 4
[16:04:58.724]: (0.2, 2.0, 1.6) 4
[16:04:58.840]: (0.1, 1.9, 1.3) 1
[16:04:58.860]: (0.1, 1.9, 1.3) 1
[16:04:59.565]: (0.0, 1.9, 1.6) 4
[16:04:59.586]: (0.0, 1.9, 1.7) 4
[16:04:59.609]: (0.0, 1.9, 1.6) 4
[16:04:59.632]: (0.0, 1.9, 1.7) 4
[16:04:59.652]: (0.0, 1.9, 1.7) 4
[16:05:00.376]: (0.2, 1.8, 1.3) 4
[16:05:00.436]: (0.2, 1.8, 1.2) 4
[16:05:00.469]: (0.2, 1.8, 1.2) 4
[16:05:00.503]: (0.2, 1.8, 1.2) 4
[16:05:01.043]: (0.0, 1.7, 1.2) 4
[16:05:02.180]: (0.0, 1.7, 0.8) 4
[16:05:02.478]: (-0.1, 1.6, 0.8) 4
[16:05:02.512]: (-0.1, 1.6, 0.8) 4
[16:05:02.545]: (-0.1, 1.6, 0.8) 4
[16:05:02.580]: (-0.1, 1.6, 0.8) 4
[16:05:02.730]: (-0.1, 1.6, 0.7) 4
[16:05:02.754]: (-0.1, 1.6, 0.7) 4
[16:05:02.775]: (-0.1, 1.6, 0.7) 4
[16:05:02.802]: (-0.1, 1.6, 0.7) 4
[16:05:02.824]: (-0.1, 1.6, 0.7) 4
[16:05:02.842]: (-0.1, 1.6, 0.7) 4
[16:05:02.863]: (-0.1, 1.6, 0.7) 4
[16:05:02.886]: (-0.1, 1.6, 0.7) 4
[16:05:02.907]: (-0.1, 1.6, 0.7) 4
[16:05:02.934]: (-0.1, 1.6, 0.7) 4
[16:05:02.962]: (-0.1, 1.6, 0.7) 4
[16:05:02.998]: (-0.1, 1.6, 0.7) 4
[16:05:03.060]: (-0.1, 1.6, 0.7) 4
[16:05:03.101]: (-0.2, 1.6, 0.7) 4
[16:05:03.168]: (-0.2, 1.7, 0.7) 4
[16:05:03.195]: (-0.2, 1.6, 0.7) 4
[16:05:03.217]: (-0.2, 1.7, 0.7) 4
[16:05:03.238]: (-0.2, 1.7, 0.7) 4
[16:05:03.257]: (-0.2, 1.6, 0.7) 4
[16:05:03.731]: (-0.1, 1.6, 0.7) 4
[16:05:03.751]: (-0.1, 1.7, 0.7) 4
[16:05:03.773]: (-0.1, 1.6, 0.7) 4
[16:05:03.796]: (-0.2, 1.6, 0.7) 4
[16:05:03.820]: (-0.2, 1.6, 0.7) 4
[16:05:03.840]: (-0.2, 1.6, 0.7) 4
[16:05:03.862]: (-0.2, 1.6, 0.7) 4
[16:05:03.885]: (-0.2, 1.6, 0.7) 4
[16:05:03.907]: (-0.2, 1.6, 0.7) 4
[16:05:03.931]: (-0.2, 1.6, 0.7) 4
[16:05:03.952]: (-0.2, 1.6, 0.7) 4
[16:05:03.975]: (-0.2, 1.6, 0.7) 4
[16:05:03.996]: (-0.2, 1.6, 0.7) 4
[16:05:04.018]: (-0.2, 1.6, 0.7) 4
[16:05:04.041]: (-0.2, 1.7, 0.7) 4
[16:05:04.062]: (-0.2, 1.7, 0.7) 4
[16:05:04.086]: (-0.2, 1.7, 0.7) 4
[16:05:04.108]: (-0.2, 1.7, 0.7) 4
[16:05:04.129]: (-0.1, 1.6, 0.7) 4
[16:05:04.753]: (-0.1, 1.6, 0.8) 4
[16:05:04.771]: (-0.1, 1.6, 0.7) 4
[16:05:04.790]: (-0.1, 1.6, 0.7) 4
[16:05:04.808]: (-0.1, 1.6, 0.7) 4
[16:05:04.828]: (-0.1, 1.6, 0.7) 4
[16:05:04.847]: (-0.1, 1.6, 0.7) 4
[16:05:04.866]: (-0.1, 1.6, 0.7) 4
[16:05:04.887]: (-0.1, 1.6, 0.7) 4
[16:05:04.911]: (-0.1, 1.6, 0.7) 4
[16:05:05.069]: (-0.2, 1.5, 0.6) 5
[16:05:05.090]: (-0.3, 1.5, 0.8) 4
[16:05:05.136]: (-0.3, 1.5, 0.6) 5
[16:05:05.160]: (-0.3, 1.5, 0.6) 5
[16:05:05.183]: (-0.3, 1.5, 0.6) 5
[16:05:05.207]: (-0.3, 1.5, 0.6) 5
[16:05:05.233]: (-0.3, 1.5, 0.6) 5
[16:05:05.258]: (-0.3, 1.5, 0.6) 5
[16:05:05.280]: (-0.3, 1.5, 0.6) 5
[16:05:05.306]: (-0.3, 1.5, 0.6) 5
[16:05:05.328]: (-0.3, 1.5, 0.6) 5
[16:05:05.352]: (-0.3, 1.5, 0.6) 5
[16:05:05.376]: (-0.3, 1.5, 0.6) 5
[16:05:05.399]: (-0.3, 1.5, 0.6) 5
[16:05:05.422]: (-0.3, 1.5, 0.6) 5
[16:05:05.446]: (-0.3, 1.5, 0.6) 5
[16:05:05.467]: (-0.3, 1.5, 0.6) 5
[16:05:05.489]: (-0.3, 1.4, 0.6) 5
[16:05:05.511]: (-0.3, 1.4, 0.6) 5
[16:05:05.548]: (-0.3, 1.4, 0.6) 5
[16:05:05.646]: (-0.4, 1.4, 0.7) 4
[16:05:05.676]: (-0.4, 1.4, 0.7) 4
[16:05:05.711]: (-0.4, 1.4, 0.7) 4
[16:05:05.745]: (-0.4, 1.4, 0.7) 4
[16:05:05.776]: (-0.3, 1.4, 0.7) 4
[16:05:05.811]: (-0.4, 1.4, 0.7) 4
[16:05:05.846]: (-0.3, 1.4, 0.7) 4
[16:05:05.878]: (-0.3, 1.4, 0.6) 4
[16:05:05.910]: (-0.3, 1.4, 0.6) 4
[16:05:05.946]: (-0.3, 1.5, 0.6) 4
[16:05:05.977]: (-0.3, 1.5, 0.6) 4
[16:05:06.014]: (-0.3, 1.5, 0.6) 4
[16:05:06.045]: (-0.3, 1.5, 0.6) 4
[16:05:06.109]: (-0.3, 1.5, 0.7) 4
[16:05:06.140]: (-0.3, 1.5, 0.6) 4
[16:05:06.161]: (-0.3, 1.5, 0.6) 4
[16:05:06.184]: (-0.3, 1.5, 0.6) 4
[16:05:06.206]: (-0.3, 1.5, 0.6) 4
[16:05:06.232]: (-0.3, 1.5, 0.6) 4
[16:05:06.253]: (-0.3, 1.5, 0.6) 4
[16:05:06.272]: (-0.3, 1.5, 0.6) 4
[16:05:06.294]: (-0.3, 1.5, 0.6) 4
[16:05:06.316]: (-0.3, 1.5, 0.6) 4
[16:05:06.340]: (-0.3, 1.5, 0.6) 4
[16:05:06.361]: (-0.3, 1.5, 0.6) 4
[16:05:06.383]: (-0.3, 1.5, 0.6) 4
[16:05:06.407]: (-0.3, 1.5, 0.6) 4
[16:05:06.429]: (-0.2, 1.5, 0.6) 4
[16:05:06.450]: (-0.2, 1.5, 0.6) 4
[16:05:06.471]: (-0.2, 1.5, 0.6) 4
[16:05:06.494]: (-0.2, 1.5, 0.7) 4
[16:05:06.520]: (-0.2, 1.5, 0.7) 4
[16:05:06.696]: (-0.2, 1.5, 0.7) 4
[16:05:06.717]: (-0.2, 1.5, 0.7) 4
[16:05:06.739]: (-0.2, 1.4, 0.7) 4
[16:05:06.872]: (-0.2, 1.4, 0.7) 4
[16:05:06.895]: (-0.2, 1.4, 0.6) 4
[16:05:06.917]: (-0.2, 1.5, 0.6) 4
[16:05:06.938]: (-0.2, 1.5, 0.6) 4
[16:05:06.964]: (-0.2, 1.5, 0.6) 4
[16:05:06.987]: (-0.2, 1.5, 0.6) 4
[16:05:07.010]: (-0.2, 1.5, 0.6) 4
[16:05:07.032]: (-0.2, 1.5, 0.6) 4
[16:05:07.053]: (-0.2, 1.5, 0.6) 4
[16:05:07.076]: (-0.2, 1.5, 0.6) 4
[16:05:07.098]: (-0.2, 1.5, 0.6) 4
[16:05:07.119]: (-0.3, 1.5, 0.6) 4
[16:05:07.144]: (-0.3, 1.4, 0.6) 4
[16:05:07.169]: (-0.3, 1.5, 0.6) 4
[16:05:07.193]: (-0.3, 1.5, 0.6) 4
[16:05:07.216]: (-0.3, 1.5, 0.6) 4
[16:05:07.240]: (-0.3, 1.5, 0.6) 4
[16:05:07.261]: (-0.3, 1.4, 0.6) 4
[16:05:07.284]: (-0.3, 1.4, 0.6) 4
[16:05:07.306]: (-0.3, 1.4, 0.6) 4
[16:05:07.329]: (-0.3, 1.4, 0.6) 4
[16:05:07.351]: (-0.3, 1.4, 0.5) 4
[16:05:07.373]: (-0.3, 1.4, 0.5) 4
[16:05:07.398]: (-0.3, 1.4, 0.5) 4
[16:05:07.420]: (-0.3, 1.4, 0.5) 4
[16:05:07.441]: (-0.3, 1.4, 0.5) 4
[16:05:07.466]: (-0.3, 1.4, 0.5) 4
[16:05:07.488]: (-0.3, 1.4, 0.5) 4
[16:05:07.512]: (-0.3, 1.4, 0.5) 4
[16:05:07.536]: (-0.3, 1.4, 0.5) 4
[16:05:07.558]: (-0.3, 1.4, 0.5) 4
[16:05:07.580]: (-0.3, 1.4, 0.5) 4
[16:05:07.602]: (-0.3, 1.5, 0.5) 4
[16:05:07.624]: (-0.3, 1.5, 0.5) 4
[16:05:07.650]: (-0.3, 1.5, 0.5) 4
[16:05:07.673]: (-0.3, 1.5, 0.5) 4
[16:05:07.698]: (-0.3, 1.5, 0.5) 4
[16:05:07.747]: (-0.3, 1.5, 0.5) 4
[16:05:07.772]: (-0.3, 1.5, 0.5) 4
[16:05:07.795]: (-0.3, 1.5, 0.4) 3
[16:05:07.817]: (-0.3, 1.5, 0.5) 4
[16:05:07.841]: (-0.3, 1.5, 0.5) 3
[16:05:07.865]: (-0.3, 1.5, 0.5) 4
[16:05:07.889]: (-0.3, 1.5, 0.5) 4
[16:05:07.912]: (-0.3, 1.4, 0.5) 4
[16:05:07.935]: (-0.3, 1.4, 0.5) 3
[16:05:07.961]: (-0.3, 1.4, 0.5) 3
[16:05:07.983]: (-0.3, 1.4, 0.5) 3
[16:05:08.026]: (-0.3, 1.4, 0.5) 3
[16:05:08.048]: (-0.3, 1.4, 0.4) 5
[16:05:08.070]: (-0.3, 1.4, 0.4) 5
[16:05:08.098]: (-0.3, 1.4, 0.4) 5
[16:05:08.133]: (-0.4, 1.4, 0.4) 5
[16:05:08.167]: (-0.4, 1.4, 0.4) 5
[16:05:08.200]: (-0.4, 1.4, 0.4) 5
[16:05:08.233]: (-0.4, 1.4, 0.4) 5
[16:05:08.265]: (-0.4, 1.4, 0.4) 5
[16:05:08.298]: (-0.4, 1.4, 0.4) 5
[16:05:08.333]: (-0.4, 1.4, 0.4) 5
[16:05:08.364]: (-0.4, 1.4, 0.4) 5
[16:05:08.431]: (-0.4, 1.4, 0.4) 5
[16:05:08.462]: (-0.4, 1.4, 0.4) 5
[16:05:08.499]: (-0.4, 1.4, 0.4) 5
[16:05:08.535]: (-0.4, 1.4, 0.4) 5
[16:05:08.560]: (-0.4, 1.4, 0.4) 5
[16:05:08.595]: (-0.4, 1.4, 0.4) 5
[16:05:08.627]: (-0.4, 1.4, 0.4) 5
[16:05:08.661]: (-0.4, 1.4, 0.4) 5
[16:05:08.694]: (-0.4, 1.4, 0.4) 5
[16:05:08.728]: (-0.4, 1.4, 0.4) 5
[16:05:08.761]: (-0.4, 1.4, 0.4) 5
[16:05:09.350]: (-0.4, 1.3, 0.5) 4
[16:05:09.372]: (-0.4, 1.3, 0.5) 4
[16:05:09.395]: (-0.4, 1.3, 0.5) 4
[16:05:09.418]: (-0.4, 1.3, 0.5) 4
[16:05:09.446]: (-0.4, 1.3, 0.5) 4
[16:05:09.471]: (-0.4, 1.3, 0.5) 4
[16:05:09.492]: (-0.4, 1.3, 0.5) 4
[16:05:09.516]: (-0.4, 1.4, 0.5) 4
[16:05:09.546]: (-0.4, 1.4, 0.5) 4
[16:05:09.754]: (-0.3, 1.4, 0.5) 4
[16:05:09.780]: (-0.3, 1.5, 0.5) 4
[16:05:09.805]: (-0.3, 1.4, 0.5) 4
[16:05:09.833]: (-0.3, 1.4, 0.5) 4
[16:05:09.858]: (-0.3, 1.4, 0.5) 4
[16:05:09.882]: (-0.3, 1.4, 0.5) 4
[16:05:09.906]: (-0.3, 1.4, 0.5) 4
[16:05:09.931]: (-0.3, 1.4, 0.5) 4
[16:05:09.954]: (-0.3, 1.4, 0.5) 4
[16:05:09.999]: (-0.3, 1.4, 0.4) 5
[16:05:10.021]: (-0.3, 1.4, 0.4) 5
[16:05:10.057]: (-0.3, 1.4, 0.4) 5
[16:05:10.087]: (-0.3, 1.4, 0.4) 5
[16:05:10.121]: (-0.4, 1.4, 0.4) 5
[16:05:10.150]: (-0.4, 1.4, 0.4) 5
[16:05:10.183]: (-0.4, 1.4, 0.4) 5
[16:05:10.289]: (-0.4, 1.4, 0.4) 5
[16:05:10.839]: (-0.3, 1.4, 0.4) 5
[16:05:10.890]: (-0.4, 1.5, 0.5) 3
[16:05:10.912]: (-0.4, 1.5, 0.5) 3
[16:05:10.936]: (-0.4, 1.5, 0.5) 3
[16:05:10.961]: (-0.4, 1.5, 0.5) 3
[16:05:11.006]: (-0.3, 1.5, 0.5) 4
[16:05:11.071]: (-0.3, 1.5, 0.5) 4
[16:05:11.095]: (-0.3, 1.5, 0.5) 4
[16:05:11.141]: (-0.3, 1.5, 0.5) 3
[16:05:11.164]: (-0.3, 1.5, 0.4) 3
[16:05:11.187]: (-0.3, 1.5, 0.4) 3
[16:05:11.209]: (-0.3, 1.5, 0.4) 3
[16:05:11.231]: (-0.3, 1.5, 0.4) 3
[16:05:11.249]: (-0.3, 1.5, 0.4) 3
[16:05:11.267]: (-0.3, 1.5, 0.4) 3
[16:05:11.285]: (-0.3, 1.5, 0.4) 3
[16:05:11.304]: (-0.3, 1.5, 0.4) 3
[16:05:11.326]: (-0.3, 1.5, 0.4) 3
[16:05:11.350]: (-0.3, 1.5, 0.4) 3
[16:05:11.371]: (-0.3, 1.5, 0.4) 3
[16:05:11.392]: (-0.3, 1.5, 0.4) 3
[16:05:11.416]: (-0.3, 1.5, 0.4) 3
[16:05:11.438]: (-0.3, 1.5, 0.4) 3
[16:05:11.459]: (-0.3, 1.5, 0.4) 3
[16:05:11.481]: (-0.3, 1.5, 0.4) 3
[16:05:11.505]: (-0.3, 1.5, 0.4) 3
[16:05:11.526]: (-0.3, 1.5, 0.4) 3
[16:05:11.547]: (-0.3, 1.5, 0.4) 3
[16:05:11.570]: (-0.3, 1.5, 0.4) 3
[16:05:11.593]: (-0.3, 1.5, 0.4) 3
[16:05:11.615]: (-0.3, 1.5, 0.4) 3
[16:05:11.639]: (-0.3, 1.5, 0.4) 3
[16:05:11.659]: (-0.3, 1.5, 0.4) 3
[16:05:11.681]: (-0.3, 1.5, 0.4) 3
[16:05:11.705]: (-0.4, 1.5, 0.4) 3
[16:05:11.727]: (-0.4, 1.5, 0.4) 3
[16:05:11.750]: (-0.4, 1.5, 0.4) 3
[16:05:11.771]: (-0.4, 1.5, 0.4) 3
[16:05:11.792]: (-0.3, 1.5, 0.4) 3
[16:05:11.817]: (-0.3, 1.5, 0.4) 3
[16:05:11.838]: (-0.3, 1.5, 0.4) 3
[16:05:11.859]: (-0.3, 1.5, 0.4) 3
[16:05:11.876]: (-0.3, 1.5, 0.4) 3
[16:05:11.894]: (-0.3, 1.5, 0.4) 3
[16:05:11.912]: (-0.3, 1.5, 0.4) 3
[16:05:11.933]: (-0.3, 1.5, 0.4) 3
[16:05:11.949]: (-0.3, 1.5, 0.4) 3
[16:05:11.965]: (-0.3, 1.5, 0.4) 3
[16:05:11.982]: (-0.3, 1.5, 0.4) 3
[16:05:11.998]: (-0.4, 1.5, 0.4) 3
[16:05:12.015]: (-0.4, 1.5, 0.4) 3
[16:05:12.032]: (-0.4, 1.5, 0.4) 3
[16:05:12.049]: (-0.4, 1.5, 0.4) 3
[16:05:12.066]: (-0.4, 1.5, 0.4) 3
[16:05:12.083]: (-0.4, 1.5, 0.4) 3
[16:05:12.101]: (-0.4, 1.5, 0.4) 3
[16:05:12.119]: (-0.4, 1.5, 0.4) 3
[16:05:12.137]: (-0.4, 1.5, 0.4) 3
[16:05:12.152]: (-0.4, 1.5, 0.4) 3
[16:05:12.168]: (-0.4, 1.5, 0.4) 3
[16:05:12.187]: (-0.4, 1.5, 0.4) 3
[16:05:12.204]: (-0.4, 1.5, 0.4) 3
[16:05:12.219]: (-0.4, 1.5, 0.4) 3
[16:05:12.237]: (-0.4, 1.5, 0.4) 3
[16:05:12.253]: (-0.4, 1.5, 0.4) 3
[16:05:12.270]: (-0.4, 1.5, 0.4) 3
[16:05:12.287]: (-0.3, 1.5, 0.5) 3
[16:05:12.304]: (-0.4, 1.5, 0.4) 3
[16:05:12.321]: (-0.4, 1.5, 0.5) 3
[16:05:12.338]: (-0.4, 1.5, 0.5) 3
[16:05:12.357]: (-0.4, 1.5, 0.5) 3
[16:05:12.381]: (-0.4, 1.5, 0.5) 3
[16:05:12.402]: (-0.4, 1.5, 0.5) 3
[16:05:12.424]: (-0.4, 1.5, 0.5) 3
[16:05:12.558]: (-0.4, 1.5, 0.5) 3
[16:05:12.580]: (-0.4, 1.5, 0.5) 3
[16:05:12.604]: (-0.4, 1.5, 0.5) 3
[16:05:12.625]: (-0.4, 1.5, 0.5) 3
[16:05:12.648]: (-0.4, 1.5, 0.4) 3
[16:05:12.669]: (-0.4, 1.5, 0.4) 3
[16:05:12.693]: (-0.4, 1.5, 0.4) 3
[16:05:12.714]: (-0.4, 1.5, 0.4) 3
[16:05:12.735]: (-0.4, 1.5, 0.4) 3
[16:05:12.759]: (-0.4, 1.5, 0.4) 3
[16:05:12.782]: (-0.4, 1.5, 0.4) 3
[16:05:12.801]: (-0.4, 1.5, 0.4) 3
[16:05:12.818]: (-0.4, 1.5, 0.4) 3
[16:05:12.835]: (-0.4, 1.5, 0.4) 3
[16:05:12.852]: (-0.4, 1.5, 0.4) 3
[16:05:12.869]: (-0.4, 1.5, 0.4) 3
[16:05:12.886]: (-0.4, 1.5, 0.4) 3
[16:05:12.903]: (-0.4, 1.5, 0.4) 3
[16:05:12.920]: (-0.4, 1.5, 0.4) 3
[16:05:12.938]: (-0.4, 1.5, 0.4) 3
[16:05:12.956]: (-0.4, 1.5, 0.4) 3
[16:05:12.972]: (-0.4, 1.5, 0.5) 3
[16:05:12.988]: (-0.4, 1.5, 0.5) 3
[16:05:13.006]: (-0.4, 1.5, 0.5) 3
[16:05:13.022]: (-0.4, 1.5, 0.5) 3
[16:05:13.039]: (-0.4, 1.5, 0.5) 3
[16:05:13.056]: (-0.4, 1.5, 0.5) 3
[16:05:13.480]: (-0.2, 1.5, 0.4) 5
[16:05:13.839]: (-0.1, 1.3, 0.5) 0
[16:05:13.856]: (-0.1, 1.3, 0.4) 0
[16:05:13.872]: (-0.1, 1.3, 0.4) 0
[16:05:13.888]: (-0.1, 1.3, 0.4) 0
[16:05:13.905]: (-0.1, 1.3, 0.4) 0
[16:05:13.921]: (-0.1, 1.3, 0.4) 0
[16:05:13.939]: (-0.1, 1.3, 0.4) 0
[16:05:13.955]: (-0.1, 1.3, 0.4) 0
[16:05:13.972]: (-0.1, 1.3, 0.4) 0
[16:05:13.990]: (-0.1, 1.3, 0.4) 0
[16:05:14.007]: (-0.1, 1.3, 0.4) 0
[16:05:14.023]: (-0.1, 1.3, 0.4) 0
[16:05:14.040]: (-0.1, 1.3, 0.4) 0
[16:05:14.056]: (-0.1, 1.3, 0.4) 0
[16:05:14.073]: (-0.1, 1.3, 0.4) 0
[16:05:14.089]: (-0.1, 1.3, 0.4) 0
[16:05:14.106]: (-0.1, 1.3, 0.4) 0
[16:05:14.124]: (-0.1, 1.3, 0.4) 0
[16:05:14.146]: (-0.1, 1.3, 0.4) 0
[16:05:14.169]: (-0.1, 1.3, 0.4) 0
[16:05:14.191]: (-0.1, 1.2, 0.4) 0
[16:05:14.213]: (-0.1, 1.2, 0.4) 0
[16:05:14.238]: (-0.1, 1.2, 0.4) 0
[16:05:14.257]: (-0.1, 1.3, 0.4) 0
[16:05:14.282]: (-0.1, 1.2, 0.4) 0
[16:05:14.301]: (-0.1, 1.2, 0.4) 0
[16:05:14.327]: (-0.1, 1.3, 0.4) 0
[16:05:14.346]: (-0.1, 1.3, 0.4) 0
[16:05:14.370]: (-0.1, 1.2, 0.4) 0
[16:05:14.393]: (-0.1, 1.2, 0.4) 0
[16:05:14.413]: (-0.1, 1.2, 0.4) 0
[16:05:14.436]: (-0.1, 1.2, 0.5) 0
[16:05:14.458]: (-0.1, 1.2, 0.5) 0
[16:05:14.482]: (-0.1, 1.3, 0.5) 0
[16:05:14.502]: (-0.1, 1.3, 0.5) 0
[16:05:14.523]: (-0.1, 1.3, 0.5) 0
[16:05:14.547]: (-0.1, 1.3, 0.5) 0
[16:05:14.608]: (-0.3, 1.4, 0.5) 4
[16:05:14.626]: (-0.3, 1.4, 0.5) 4
[16:05:14.645]: (-0.3, 1.4, 0.5) 4
[16:05:14.662]: (-0.3, 1.4, 0.5) 4
[16:05:14.681]: (-0.3, 1.4, 0.5) 4
[16:05:14.698]: (-0.3, 1.4, 0.5) 4
[16:05:14.716]: (-0.3, 1.4, 0.5) 4
[16:05:14.733]: (-0.3, 1.4, 0.5) 4
[16:05:14.751]: (-0.3, 1.4, 0.5) 4
[16:05:14.768]: (-0.3, 1.4, 0.5) 4
[16:05:14.785]: (-0.3, 1.4, 0.5) 4
[16:05:14.803]: (-0.3, 1.4, 0.5) 4
[16:05:14.822]: (-0.3, 1.4, 0.5) 4
[16:05:14.840]: (-0.3, 1.4, 0.5) 4
[16:05:14.857]: (-0.3, 1.4, 0.5) 4
[16:05:14.874]: (-0.3, 1.4, 0.5) 4
[16:05:14.892]: (-0.3, 1.4, 0.5) 4
[16:05:14.910]: (-0.3, 1.4, 0.5) 4
[16:05:14.931]: (-0.3, 1.4, 0.5) 4
[16:05:14.950]: (-0.3, 1.4, 0.5) 4
[16:05:14.967]: (-0.3, 1.4, 0.5) 4
[16:05:14.988]: (-0.3, 1.4, 0.5) 4
[16:05:15.007]: (-0.3, 1.4, 0.5) 4
[16:05:15.028]: (-0.3, 1.4, 0.5) 4
[16:05:15.046]: (-0.3, 1.5, 0.5) 4
[16:05:15.065]: (-0.4, 1.5, 0.5) 3
[16:05:15.083]: (-0.3, 1.5, 0.5) 3
[16:05:15.102]: (-0.4, 1.5, 0.5) 3
[16:05:15.119]: (-0.4, 1.5, 0.4) 3
[16:05:15.140]: (-0.4, 1.5, 0.5) 3
[16:05:15.511]: (-0.1, 1.3, 0.4) 0
[16:05:15.535]: (-0.1, 1.3, 0.4) 0
[16:05:15.569]: (-0.1, 1.3, 0.4) 0
[16:05:15.608]: (-0.1, 1.3, 0.4) 0
