[15:57:18.484]: (-0.9, -1.4, 0.1) 32
[15:57:18.754]: (-1.1, -2.5, 0.8) 59
[15:57:19.064]: (-0.9, -1.2, 2.3) 37
[15:57:19.107]: (-0.8, -1.0, 2.4) 37
[15:57:19.470]: (0.0, 0.8, 3.2) 41
[15:57:19.551]: (0.2, 1.1, 3.3) 35
[15:57:19.673]: (0.2, 1.4, 3.3) 41
[15:57:19.849]: (0.2, 1.7, 3.2) 36
[15:57:19.868]: (0.1, 1.7, 3.1) 42
[15:57:19.885]: (0.1, 1.8, 3.1) 42
[15:57:19.902]: (0.1, 1.8, 3.1) 42
[15:57:20.182]: (-0.6, 1.9, 2.8) 7
[15:57:20.214]: (-0.6, 1.9, 2.8) 7
[15:57:20.282]: (-0.7, 2.1, 4.6) 48
[15:57:20.615]: (0.6, 1.9, 3.0) 38
[15:57:20.636]: (0.6, 2.0, 3.0) 37
[15:57:20.659]: (0.6, 2.0, 3.0) 37
[15:57:21.151]: (0.7, 3.3, 2.3) 41
[15:57:21.175]: (0.6, 3.4, 2.2) 36
[15:57:21.218]: (0.6, 3.3, 2.2) 35
[15:57:21.241]: (0.6, 3.3, 2.2) 40
[15:57:21.263]: (0.5, 3.3, 2.2) 40
[15:57:21.662]: (0.4, 3.1, 2.4) 35
[15:57:21.706]: (0.4, 3.1, 2.4) 36
[15:57:21.728]: (0.4, 3.1, 2.4) 36
[15:57:21.751]: (0.4, 3.1, 2.4) 36
[15:57:21.773]: (0.3, 3.1, 2.4) 36
[15:57:21.795]: (0.3, 3.1, 2.4) 36
[15:57:21.818]: (0.3, 3.1, 2.4) 36
[15:57:21.840]: (0.3, 3.1, 2.4) 36
[15:57:21.863]: (0.3, 3.1, 2.4) 36
[15:57:21.879]: (0.4, 3.1, 2.4) 36
[15:57:21.897]: (0.4, 3.1, 2.4) 36
[15:57:21.915]: (0.4, 3.1, 2.5) 36
[15:57:21.947]: (0.4, 3.1, 2.4) 35
[15:57:21.964]: (0.4, 3.1, 2.4) 35
[15:57:21.981]: (0.4, 3.1, 2.4) 35
[15:57:21.999]: (0.4, 3.1, 2.4) 35
[15:57:22.014]: (0.4, 3.1, 2.4) 35
[15:57:22.029]: (0.4, 3.1, 2.4) 35
[15:57:22.046]: (0.4, 3.1, 2.4) 35
[15:57:22.062]: (0.4, 3.1, 2.4) 35
[15:57:22.078]: (0.4, 3.1, 2.4) 35
[15:57:22.095]: (0.4, 3.1, 2.4) 35
[15:57:22.113]: (0.4, 3.1, 2.4) 36
[15:57:22.131]: (0.4, 3.1, 2.4) 36
[15:57:22.149]: (0.4, 3.1, 2.4) 36
[15:57:22.213]: (0.4, 3.1, 2.4) 37
[15:57:22.234]: (0.3, 3.1, 2.3) 37
[15:57:22.256]: (0.3, 3.0, 2.3) 37
[15:57:22.279]: (0.3, 3.1, 2.3) 37
[15:57:22.345]: (0.2, 3.1, 2.3) 37
[15:57:22.390]: (0.2, 3.1, 2.2) 39
[15:57:22.412]: (0.1, 3.1, 2.1) 39
[15:57:22.435]: (0.1, 3.1, 2.1) 39
[15:57:22.458]: (0.1, 3.2, 2.3) 35
[15:57:22.481]: (0.1, 3.2, 2.3) 35
[15:57:22.506]: (0.1, 3.3, 2.4) 33
[15:57:22.540]: (0.1, 3.2, 2.4) 33
[15:57:22.574]: (0.0, 3.1, 2.3) 36
[15:57:22.607]: (0.0, 3.1, 2.3) 36
[15:57:22.640]: (0.0, 3.0, 2.3) 36
[15:57:22.673]: (0.0, 3.0, 2.3) 36
[15:57:22.707]: (0.0, 3.0, 2.3) 36
[15:57:22.739]: (0.0, 3.0, 2.3) 42
[15:57:22.774]: (-0.1, 3.0, 2.2) 42
[15:57:22.808]: (-0.1, 3.0, 2.2) 42
[15:57:22.874]: (-0.7, 2.6, 2.0) 2
[15:57:22.942]: (-0.7, 2.6, 2.0) 2
[15:57:22.971]: (-0.6, 2.6, 2.0) 2
[15:57:23.007]: (-0.7, 2.7, 2.0) 2
[15:57:23.070]: (-0.7, 2.7, 2.0) 2
[15:57:23.137]: (-0.7, 2.6, 2.0) 2
[15:57:23.203]: (-0.7, 2.6, 2.0) 8
[15:57:23.224]: (-0.7, 2.6, 1.9) 8
[15:57:23.513]: (-1.5, 3.1, 3.3) 10
[15:57:23.537]: (-1.4, 3.1, 3.1) 9
[15:57:23.557]: (-1.4, 3.1, 3.1) 9
[15:57:23.580]: (-1.4, 3.1, 3.1) 9
[15:57:23.603]: (-1.4, 3.1, 3.1) 9
[15:57:23.624]: (-1.4, 3.1, 3.1) 9
[15:57:23.646]: (-1.4, 3.1, 3.1) 9
[15:57:23.671]: (-1.4, 3.1, 3.1) 9
[15:57:23.713]: (-0.7, 2.7, 1.9) 7
[15:57:23.736]: (-0.7, 2.7, 2.0) 7
[15:57:23.759]: (-0.7, 2.7, 1.9) 2
[15:57:23.783]: (-0.7, 2.7, 1.9) 8
[15:57:23.807]: (-0.7, 2.7, 1.9) 2
[15:57:23.829]: (-0.6, 2.7, 1.9) 2
[15:57:23.849]: (-0.6, 2.7, 1.9) 8
[15:57:23.873]: (-0.6, 2.7, 1.9) 8
[15:57:23.894]: (-0.6, 2.8, 2.1) 3
[15:57:23.918]: (-0.6, 2.8, 2.0) 3
[15:57:23.942]: (-0.6, 2.8, 2.0) 3
[15:57:23.966]: (-0.6, 2.8, 2.0) 3
[15:57:23.988]: (-0.6, 2.9, 2.0) 3
[15:57:24.011]: (-0.6, 2.8, 1.8) 1
[15:57:24.032]: (-0.6, 2.8, 1.8) 1
[15:57:24.054]: (-0.6, 2.8, 1.8) 1
[15:57:24.077]: (-0.6, 2.9, 2.0) 3
[15:57:24.099]: (-0.6, 2.9, 1.9) 3
[15:57:24.142]: (-0.6, 2.9, 1.7) 1
[15:57:24.164]: (-0.6, 2.9, 1.9) 3
[15:57:24.187]: (-0.6, 3.0, 1.9) 3
[15:57:24.208]: (-0.6, 2.9, 1.7) 1
[15:57:24.231]: (-0.4, 2.9, 1.6) 6
[15:57:24.252]: (0.0, 3.3, 1.7) 42
[15:57:24.276]: (0.0, 3.3, 1.7) 42
[15:57:24.299]: (0.0, 3.4, 1.7) 42
[15:57:24.322]: (0.0, 3.4, 1.7) 42
[15:57:24.345]: (0.0, 3.4, 1.7) 42
[15:57:24.368]: (0.0, 3.3, 1.7) 42
[15:57:24.388]: (0.0, 3.4, 1.7) 42
[15:57:24.410]: (0.0, 3.3, 1.7) 42
[15:57:24.432]: (0.0, 3.3, 1.7) 42
[15:57:24.449]: (0.0, 3.3, 1.7) 42
[15:57:24.466]: (0.0, 3.3, 1.7) 42
[15:57:24.542]: (0.0, 3.3, 1.7) 42
[15:57:24.559]: (0.0, 3.3, 1.7) 42
[15:57:24.577]: (0.0, 3.3, 1.7) 42
[15:57:24.593]: (0.1, 3.4, 1.8) 36
[15:57:24.609]: (0.1, 3.4, 1.8) 36
[15:57:24.625]: (0.1, 3.4, 1.8) 36
[15:57:24.643]: (0.1, 3.4, 1.8) 36
[15:57:24.660]: (0.1, 3.4, 1.8) 36
[15:57:24.678]: (0.1, 3.4, 1.8) 36
[15:57:24.694]: (0.1, 3.4, 1.8) 36
[15:57:24.712]: (0.1, 3.4, 1.8) 36
[15:57:24.729]: (0.1, 3.4, 1.8) 36
[15:57:24.746]: (0.1, 3.4, 1.8) 36
[15:57:24.780]: (0.1, 3.4, 1.8) 36
[15:57:24.798]: (0.1, 3.4, 1.8) 36
[15:57:24.903]: (0.3, 3.3, 1.6) 38
[15:57:24.926]: (0.3, 3.4, 1.6) 34
[15:57:24.946]: (0.3, 3.3, 1.5) 39
[15:57:24.991]: (0.3, 3.4, 1.6) 34
[15:57:25.013]: (0.3, 3.4, 1.6) 38
[15:57:25.215]: (0.8, 3.7, 1.6) 59
[15:57:25.235]: (0.8, 3.7, 1.6) 59
[15:57:25.258]: (0.8, 3.7, 1.6) 59
[15:57:25.279]: (0.8, 3.7, 1.6) 59
[15:57:25.301]: (0.8, 3.7, 1.6) 59
[15:57:25.325]: (0.8, 3.8, 1.6) 59
[15:57:25.485]: (0.8, 3.8, 1.5) 59
[15:57:25.619]: (1.0, 3.7, 1.4) 58
[15:57:25.643]: (0.9, 3.7, 1.4) 58
[15:57:26.778]: (0.8, 3.7, 1.1) 55
[15:57:26.800]: (0.8, 3.7, 1.1) 55
[15:57:26.823]: (0.8, 3.7, 1.0) 55
[15:57:26.845]: (0.8, 3.7, 1.0) 55
[15:57:26.869]: (0.8, 3.7, 1.0) 55
[15:57:26.890]: (0.8, 3.7, 1.0) 55
[15:57:26.911]: (0.7, 3.7, 1.0) 57
[15:57:26.935]: (0.8, 3.7, 1.1) 55
[15:57:26.957]: (0.7, 3.7, 1.0) 57
[15:57:26.978]: (0.7, 3.7, 1.0) 57
[15:57:27.001]: (0.7, 3.7, 1.0) 57
[15:57:27.023]: (0.7, 3.7, 1.0) 57
[15:57:27.045]: (0.7, 3.6, 1.0) 57
[15:57:27.068]: (0.7, 3.7, 1.0) 57
[15:57:27.096]: (0.7, 3.7, 1.0) 57
[15:57:27.115]: (0.7, 3.6, 1.0) 57
[15:57:27.133]: (0.7, 3.6, 1.0) 57
[15:57:27.157]: (0.7, 3.6, 1.0) 57
[15:57:27.179]: (0.7, 3.6, 1.0) 57
[15:57:27.201]: (0.7, 3.7, 1.0) 57
[15:57:27.224]: (0.7, 3.7, 1.0) 57
[15:57:27.271]: (0.7, 3.7, 1.0) 57
[15:57:27.405]: (0.7, 3.6, 1.1) 57
[15:57:27.429]: (0.6, 3.6, 1.1) 57
[15:57:27.451]: (0.6, 3.5, 1.1) 57
[15:57:27.475]: (0.6, 3.5, 1.1) 57
[15:57:27.497]: (0.6, 3.5, 1.1) 57
[15:57:27.517]: (0.6, 3.5, 1.1) 57
[15:57:27.539]: (0.6, 3.5, 1.1) 57
[15:57:27.562]: (0.6, 3.5, 1.1) 57
[15:57:27.585]: (0.7, 3.6, 1.2) 55
[15:57:27.849]: (0.6, 3.6, 1.3) 59
[15:57:27.875]: (0.6, 3.6, 1.3) 59
[15:57:27.896]: (0.6, 3.6, 1.3) 59
[15:57:27.917]: (0.6, 3.6, 1.3) 59
[15:57:27.939]: (0.7, 3.6, 1.3) 59
[15:57:28.889]: (0.8, 3.6, 1.2) 58
[15:57:28.922]: (0.8, 3.6, 1.2) 58
[15:57:28.955]: (0.8, 3.6, 1.2) 58
[15:57:28.990]: (0.8, 3.6, 1.2) 58
[15:57:29.022]: (0.7, 3.5, 1.1) 57
[15:57:29.055]: (0.7, 3.5, 1.1) 57
[15:57:29.090]: (0.8, 3.6, 1.2) 58
[15:57:29.122]: (0.8, 3.6, 1.2) 58
[15:57:29.155]: (0.8, 3.6, 1.2) 58
[15:57:29.222]: (0.8, 3.6, 1.2) 58
[15:57:29.944]: (0.7, 3.6, 1.2) 58
[15:57:29.966]: (0.7, 3.6, 1.2) 58
[15:57:29.992]: (0.7, 3.6, 1.2) 58
[15:57:30.102]: (0.7, 3.6, 1.2) 58
[15:57:30.188]: (0.7, 3.6, 1.2) 58
[15:57:32.689]: (-0.1, 3.3, 1.3) 35
[15:57:32.708]: (-0.1, 3.3, 1.3) 35
[15:57:32.724]: (-0.1, 3.3, 1.3) 35
[15:57:32.742]: (-0.1, 3.3, 1.3) 35
[15:57:32.764]: (-0.1, 3.3, 1.3) 35
[15:57:33.011]: (-1.4, 4.2, 2.5) 52
[15:57:33.303]: (-1.7, 3.5, 2.0) 13
[15:57:33.334]: (-1.8, 3.4, 2.1) 14
[15:57:33.367]: (-1.8, 3.4, 2.1) 14
[15:57:33.383]: (-1.8, 3.4, 2.1) 9
[15:57:33.400]: (-1.9, 3.6, 2.2) 15
[15:57:33.554]: (0.6, 2.7, 0.6) 25
[15:57:33.571]: (0.6, 2.7, 0.6) 25
[15:57:33.588]: (0.6, 2.7, 0.6) 25
[15:57:33.606]: (0.6, 2.6, 0.6) 25
[15:57:33.622]: (0.6, 2.6, 0.6) 25
[15:57:33.639]: (0.6, 2.6, 0.6) 25
[15:57:33.657]: (0.6, 2.6, 0.6) 25
[15:57:33.675]: (0.6, 2.6, 0.6) 25
[15:57:33.698]: (0.6, 2.6, 0.6) 25
[15:57:33.720]: (0.7, 2.7, 0.6) 19
[15:57:33.743]: (0.8, 2.7, 0.6) 23
[15:57:33.763]: (0.8, 2.6, 0.6) 23
[15:57:33.833]: (0.6, 2.5, 0.5) 24
[15:57:33.855]: (0.6, 2.5, 0.6) 24
[15:57:33.876]: (0.6, 2.5, 0.5) 24
[15:57:33.899]: (0.6, 2.5, 0.6) 24
[15:57:33.920]: (0.5, 2.5, 0.5) 32
[15:57:34.008]: (-0.1, 3.2, 1.5) 41
[15:57:34.031]: (-0.1, 3.2, 1.5) 41
[15:57:34.053]: (-0.1, 3.2, 1.5) 41
[15:57:34.070]: (-0.1, 3.2, 1.5) 41
[15:57:34.088]: (-0.1, 3.2, 1.5) 41
[15:57:34.106]: (-0.1, 3.2, 1.5) 41
[15:57:34.122]: (-0.1, 3.2, 1.5) 41
[15:57:34.139]: (-0.1, 3.2, 1.4) 36
[15:57:34.158]: (-0.1, 3.2, 1.4) 36
[15:57:34.179]: (-0.1, 3.2, 1.4) 36
[15:57:34.196]: (-0.1, 3.3, 1.4) 36
[15:57:34.215]: (-0.1, 3.3, 1.4) 36
[15:57:34.234]: (-0.2, 3.3, 1.4) 36
[15:57:34.254]: (-0.2, 3.3, 1.4) 36
[15:57:34.274]: (-0.2, 3.3, 1.4) 36
[15:57:34.292]: (-0.2, 3.2, 1.3) 42
[15:57:34.312]: (-0.2, 3.2, 1.3) 42
[15:57:34.329]: (-0.1, 3.3, 1.4) 36
[15:57:34.345]: (-0.2, 3.3, 1.4) 36
[15:57:34.362]: (-0.2, 3.3, 1.4) 36
[15:57:34.380]: (-0.2, 3.3, 1.4) 36
[15:57:34.397]: (-0.2, 3.3, 1.4) 36
[15:57:34.414]: (-0.2, 3.3, 1.4) 36
[15:57:34.430]: (-0.2, 3.3, 1.4) 36
[15:57:34.478]: (-1.4, 4.2, 2.5) 52
[15:57:34.493]: (-1.4, 4.2, 2.5) 52
[15:57:34.511]: (-1.4, 4.2, 2.5) 52
[15:57:34.730]: (-1.7, 3.4, 2.2) 9
[15:57:34.754]: (-1.9, 3.4, 2.1) 14
[15:57:34.775]: (-1.9, 3.4, 2.1) 14
[15:57:34.799]: (-1.9, 3.3, 2.1) 14
[15:57:34.820]: (-1.8, 3.3, 2.1) 14
[15:57:34.841]: (-1.9, 3.3, 2.1) 14
[15:57:34.865]: (-2.0, 3.4, 2.2) 18
[15:57:34.886]: (-2.0, 3.4, 2.3) 18
[15:57:34.908]: (-2.0, 3.4, 2.2) 18
[15:57:34.930]: (-1.9, 3.4, 2.3) 17
[15:57:34.953]: (-1.9, 3.4, 2.1) 14
[15:57:34.976]: (-2.0, 3.5, 2.3) 11
[15:57:34.995]: (-2.0, 3.4, 2.2) 18
[15:57:35.013]: (-2.0, 3.5, 2.2) 18
[15:57:35.029]: (-1.8, 3.6, 2.2) 15
[15:57:35.060]: (-1.9, 3.5, 2.3) 11
[15:57:35.078]: (-1.8, 3.4, 2.1) 14
[15:57:35.095]: (-1.8, 3.4, 2.1) 14
[15:57:35.112]: (-1.9, 3.4, 2.1) 14
[15:57:35.128]: (-1.9, 3.4, 2.1) 14
[15:57:35.145]: (-1.8, 3.5, 2.4) 16
[15:57:35.163]: (-1.8, 3.3, 2.1) 14
[15:57:35.182]: (-1.7, 3.4, 2.2) 9
[15:57:35.201]: (-1.7, 3.4, 2.2) 9
[15:57:35.217]: (-1.7, 3.4, 2.1) 9
[15:57:35.236]: (-1.7, 3.4, 2.2) 9
[15:57:35.253]: (-1.7, 3.4, 2.2) 9
[15:57:35.274]: (-1.7, 3.4, 2.2) 9
[15:57:35.292]: (-1.7, 3.4, 2.2) 9
[15:57:35.310]: (-1.8, 3.5, 2.3) 16
[15:57:35.328]: (-1.7, 3.4, 2.2) 9
[15:57:35.345]: (-1.7, 3.4, 2.2) 9
[15:57:35.362]: (-1.7, 3.4, 2.2) 9
[15:57:35.379]: (-1.8, 3.4, 2.2) 9
[15:57:35.396]: (-1.7, 3.4, 2.2) 9
[15:57:35.413]: (-1.7, 3.4, 2.2) 9
[15:57:35.449]: (-1.8, 3.4, 2.1) 14
[15:57:35.466]: (-1.7, 3.3, 2.2) 12
[15:57:35.501]: (-1.8, 3.4, 2.2) 9
[15:57:35.519]: (-1.8, 3.3, 2.1) 14
[15:57:35.544]: (-1.8, 3.4, 2.1) 14
[15:57:35.563]: (-1.8, 3.4, 2.1) 14
[15:57:35.587]: (-1.8, 3.4, 2.2) 9
[15:57:35.609]: (-1.8, 3.4, 2.2) 9
[15:57:35.632]: (-1.7, 3.4, 2.2) 9
[15:57:35.654]: (-1.7, 3.4, 2.2) 9
[15:57:36.936]: (0.0, 3.2, 1.4) 37
[15:57:36.952]: (0.0, 3.2, 1.4) 37
[15:57:36.967]: (0.0, 3.2, 1.4) 37
[15:57:36.983]: (0.1, 3.2, 1.4) 37
[15:57:37.000]: (0.1, 3.2, 1.4) 37
[15:57:37.017]: (0.1, 3.2, 1.4) 37
[15:57:37.033]: (0.1, 3.2, 1.4) 37
[15:57:37.049]: (0.1, 3.2, 1.4) 37
[15:57:37.068]: (0.1, 3.2, 1.4) 37
[15:57:37.085]: (0.1, 3.2, 1.4) 37
[15:57:37.102]: (0.1, 3.2, 1.4) 37
[15:57:37.121]: (0.1, 3.2, 1.4) 37
[15:57:37.139]: (0.1, 3.2, 1.4) 37
[15:57:37.156]: (0.1, 3.2, 1.4) 37
[15:57:37.174]: (0.0, 3.2, 1.4) 37
[15:57:37.194]: (-0.1, 3.2, 1.5) 41
[15:57:37.211]: (-0.1, 3.2, 1.4) 36
[15:57:37.228]: (-0.2, 3.2, 1.4) 36
[15:57:37.245]: (-0.2, 3.2, 1.4) 42
[15:57:37.262]: (-0.2, 3.2, 1.3) 42
[15:57:37.286]: (-0.2, 3.2, 1.3) 42
[15:57:37.307]: (-0.2, 3.2, 1.3) 42
[15:57:37.374]: (-1.2, 4.1, 2.4) 51
[15:57:37.419]: (-1.2, 4.2, 2.4) 51
