[15:26:35.985]: (-1.2, -0.2, 2.1) 4
[15:26:36.105]: (-0.9, 0.2, 2.3) 2
[15:26:36.128]: (-0.8, 0.2, 2.3) 2
[15:26:36.436]: (-0.3, 1.2, 2.6) 4
[15:26:36.968]: (0.2, 2.3, 2.1) 2
[15:26:37.012]: (0.3, 2.5, 2.1) 0
[15:26:37.103]: (0.5, 3.2, 2.8) 23
[15:26:37.256]: (0.7, 3.3, 2.7) 23
[15:26:37.323]: (0.4, 2.7, 1.9) 1
[15:26:37.368]: (0.4, 2.6, 2.0) 0
[15:26:37.390]: (0.4, 2.7, 2.0) 0
[15:26:37.412]: (0.4, 2.7, 2.0) 0
[15:26:37.435]: (0.4, 2.7, 1.9) 0
[15:26:37.456]: (0.4, 2.7, 2.0) 0
[15:26:37.595]: (0.2, 2.9, 2.0) 3
[15:26:37.617]: (0.3, 3.4, 2.8) 22
[15:26:37.785]: (0.3, 3.5, 2.8) 22
[15:26:37.808]: (0.3, 3.4, 2.8) 22
[15:26:37.829]: (0.3, 3.4, 2.8) 22
[15:26:37.852]: (0.3, 3.4, 2.8) 22
[15:26:37.874]: (0.3, 3.4, 2.8) 22
[15:26:37.896]: (0.3, 3.4, 2.8) 22
[15:26:37.919]: (0.3, 3.4, 2.8) 22
[15:26:37.942]: (0.3, 3.4, 2.8) 22
[15:26:37.965]: (0.3, 3.4, 2.8) 22
[15:26:37.986]: (0.3, 3.4, 2.8) 22
[15:26:38.007]: (0.3, 3.4, 2.8) 22
[15:26:38.031]: (0.3, 3.4, 2.8) 22
[15:26:38.056]: (0.3, 3.4, 2.8) 22
[15:26:38.078]: (0.3, 3.4, 2.8) 22
[15:26:38.096]: (0.3, 3.4, 2.8) 22
[15:26:38.118]: (0.3, 3.4, 2.8) 22
[15:26:38.141]: (0.3, 3.4, 2.8) 22
[15:26:38.159]: (0.3, 3.4, 2.8) 22
[15:26:38.457]: (1.6, 3.1, 2.8) 20
[15:26:38.479]: (1.1, 2.6, 1.9) 5
[15:26:38.501]: (1.0, 2.6, 1.8) 0
[15:26:38.524]: (1.0, 2.6, 1.8) 0
[15:26:38.545]: (1.0, 2.6, 1.8) 0
[15:26:38.567]: (1.1, 2.6, 1.8) 0
[15:26:38.590]: (1.0, 2.5, 1.7) 2
[15:26:38.630]: (1.0, 2.6, 1.8) 2
[15:26:38.652]: (1.0, 2.6, 1.7) 2
[15:26:38.674]: (0.9, 2.6, 1.7) 2
[15:26:38.696]: (0.9, 2.6, 1.8) 4
[15:26:38.737]: (1.5, 2.2, 1.9) 18
[15:26:38.779]: (1.0, 1.9, 1.2) 12
[15:26:38.812]: (1.0, 1.9, 1.2) 12
[15:26:38.846]: (1.0, 1.9, 1.2) 15
[15:26:38.878]: (1.0, 1.9, 1.2) 15
[15:26:38.912]: (1.0, 1.9, 1.2) 15
[15:26:38.945]: (1.0, 2.0, 1.2) 12
[15:26:38.978]: (0.9, 2.0, 1.2) 12
[15:26:39.112]: (1.1, 1.9, 1.1) 10
[15:26:39.145]: (1.1, 1.9, 1.1) 10
[15:26:39.174]: (1.1, 1.9, 1.1) 10
[15:26:39.208]: (1.1, 1.9, 1.1) 10
[15:26:39.241]: (1.1, 1.9, 1.1) 10
[15:26:39.307]: (1.3, 1.9, 1.2) 14
[15:26:39.341]: (1.1, 1.8, 1.1) 6
[15:26:39.374]: (1.1, 1.8, 1.1) 6
[15:26:39.407]: (1.1, 1.8, 1.1) 6
[15:26:39.441]: (1.1, 1.8, 1.1) 6
[15:26:39.462]: (1.0, 1.8, 1.0) 7
[15:26:39.485]: (1.0, 1.8, 1.0) 7
[15:26:39.912]: (0.4, 3.3, 1.4) 4
[15:26:40.425]: (0.8, 2.6, 3.1) 23
[15:26:40.648]: (0.8, 2.2, 2.1) 4
[15:26:40.911]: (0.6, 2.4, 2.1) 0
[15:26:41.169]: (0.2, 1.4, 1.7) 12
[15:26:41.185]: (0.1, 1.4, 1.8) 12
[15:26:41.202]: (0.1, 1.4, 1.7) 15
[15:26:41.364]: (0.2, 1.3, 1.7) 10
[15:26:41.407]: (0.2, 1.3, 1.8) 10
[15:26:41.833]: (1.1, 2.0, 2.3) 18
[15:26:42.305]: (0.5, 2.3, 2.3) 19
[15:26:42.446]: (0.3, 2.3, 2.3) 19
[15:26:42.469]: (0.4, 2.3, 2.3) 19
[15:26:42.510]: (0.1, 2.0, 1.4) 7
[15:26:42.533]: (0.1, 2.0, 1.4) 7
[15:26:42.560]: (0.1, 2.0, 1.4) 7
[15:26:42.582]: (0.1, 2.0, 1.4) 7
[15:26:42.605]: (0.1, 2.0, 1.3) 7
[15:26:42.629]: (0.1, 2.0, 1.3) 7
[15:26:42.650]: (0.1, 2.0, 1.3) 7
[15:26:42.671]: (0.1, 2.0, 1.3) 7
[15:26:42.692]: (0.1, 2.1, 1.5) 6
[15:26:42.733]: (0.2, 2.3, 1.3) 15
[15:26:42.775]: (0.3, 2.3, 1.3) 15
[15:26:42.797]: (0.3, 2.4, 1.3) 15
[15:26:42.818]: (0.3, 2.4, 1.3) 15
[15:26:42.839]: (0.3, 2.4, 1.3) 15
[15:26:42.860]: (0.3, 2.4, 1.3) 15
[15:26:42.882]: (0.7, 2.9, 2.0) 18
[15:26:42.929]: (0.7, 2.9, 1.9) 18
[15:26:42.949]: (0.7, 2.9, 1.9) 18
[15:26:43.192]: (1.1, 3.0, 1.2) 2
[15:26:43.212]: (1.1, 3.0, 1.2) 2
[15:26:43.238]: (1.1, 3.0, 1.2) 2
[15:26:43.259]: (1.1, 3.0, 1.2) 2
[15:26:43.281]: (1.2, 3.0, 1.2) 2
[15:26:43.304]: (1.2, 3.0, 1.2) 0
[15:26:43.326]: (1.2, 3.0, 1.2) 0
[15:26:43.348]: (1.2, 3.0, 1.2) 0
[15:26:43.753]: (0.8, 3.1, 2.0) 16
[15:26:44.254]: (1.1, 2.5, 2.0) 18
[15:26:44.277]: (1.1, 2.5, 2.0) 18
[15:26:44.544]: (0.6, 2.1, 1.4) 12
[15:26:44.588]: (0.5, 2.2, 1.4) 15
[15:26:44.926]: (0.5, 2.1, 1.4) 12
[15:26:44.949]: (0.4, 2.1, 1.4) 15
[15:26:44.972]: (0.4, 2.1, 1.4) 15
[15:26:45.002]: (0.4, 2.1, 1.4) 15
[15:26:45.025]: (0.4, 2.1, 1.4) 15
[15:26:45.050]: (0.4, 2.1, 1.4) 15
[15:26:45.073]: (0.4, 2.1, 1.4) 15
[15:26:45.097]: (0.4, 2.1, 1.4) 15
[15:26:45.122]: (0.4, 2.1, 1.4) 15
[15:26:45.146]: (0.4, 2.1, 1.4) 15
[15:26:45.170]: (0.4, 2.1, 1.4) 15
[15:26:45.194]: (0.4, 2.1, 1.4) 15
[15:26:45.216]: (0.4, 2.1, 1.4) 15
[15:26:45.240]: (0.4, 2.1, 1.4) 15
[15:26:45.263]: (0.4, 2.1, 1.4) 15
[15:26:45.291]: (0.4, 2.1, 1.4) 15
[15:26:45.336]: (0.8, 2.6, 2.1) 18
[15:26:45.380]: (0.8, 2.6, 2.1) 18
[15:26:45.412]: (0.8, 2.6, 2.1) 18
[15:26:45.443]: (0.8, 2.6, 2.1) 18
[15:26:45.480]: (0.9, 2.7, 2.3) 17
[15:26:45.911]: (1.0, 2.3, 2.1) 19
[15:26:45.944]: (0.9, 2.3, 2.1) 19
[15:26:45.979]: (0.6, 2.1, 1.4) 12
[15:26:46.013]: (0.6, 2.1, 1.4) 12
[15:26:46.040]: (0.6, 2.1, 1.4) 12
[15:26:46.065]: (0.6, 2.1, 1.4) 12
[15:26:46.083]: (0.5, 2.1, 1.4) 12
[15:26:46.103]: (0.5, 2.1, 1.4) 12
[15:26:46.124]: (0.5, 2.1, 1.4) 12
[15:26:46.224]: (0.6, 2.1, 1.4) 12
[15:26:46.242]: (0.6, 2.1, 1.4) 12
[15:26:46.260]: (0.5, 2.1, 1.4) 12
[15:26:46.279]: (0.6, 2.1, 1.4) 12
[15:26:46.299]: (0.6, 2.1, 1.4) 12
[15:26:46.324]: (0.6, 2.1, 1.4) 12
[15:26:46.341]: (0.6, 2.1, 1.4) 12
[15:26:46.360]: (0.6, 2.1, 1.4) 12
[15:26:46.566]: (0.1, 3.2, 1.5) 1
[15:26:46.610]: (0.3, 3.8, 2.3) 23
[15:26:46.653]: (0.2, 3.1, 1.6) 1
[15:26:46.676]: (0.2, 3.1, 1.6) 1
[15:26:46.698]: (0.2, 3.0, 1.6) 1
[15:26:46.719]: (0.2, 3.0, 1.6) 1
[15:26:46.742]: (0.2, 3.0, 1.7) 1
[15:26:46.764]: (0.2, 3.0, 1.7) 1
[15:26:46.785]: (0.2, 3.0, 1.7) 1
[15:26:46.808]: (0.3, 3.1, 1.9) 3
[15:26:46.831]: (0.3, 3.0, 1.8) 0
[15:26:46.853]: (0.3, 3.0, 1.8) 0
[15:26:47.252]: (0.9, 2.2, 1.1) 15
[15:26:47.276]: (0.9, 2.2, 1.1) 15
[15:26:47.472]: (1.0, 2.2, 1.0) 6
[15:26:47.493]: (0.9, 2.1, 0.9) 7
[15:26:47.515]: (0.9, 2.1, 0.9) 7
[15:26:47.539]: (0.9, 2.1, 0.9) 7
[15:26:47.561]: (0.9, 2.1, 0.9) 7
[15:26:47.582]: (0.9, 2.1, 0.9) 7
[15:26:47.600]: (0.9, 2.1, 0.9) 7
[15:26:47.618]: (0.9, 2.1, 0.9) 7
[15:26:47.636]: (0.9, 2.1, 0.9) 7
[15:26:47.653]: (0.9, 2.1, 0.9) 7
[15:26:47.670]: (0.9, 2.1, 0.9) 7
[15:26:47.686]: (0.9, 2.1, 0.9) 7
[15:26:47.704]: (0.9, 2.1, 0.9) 7
[15:26:47.722]: (0.9, 2.1, 0.9) 7
[15:26:47.738]: (0.9, 2.1, 0.9) 7
[15:26:47.755]: (0.9, 2.1, 0.9) 7
[15:26:47.773]: (0.9, 2.1, 0.9) 7
[15:26:47.790]: (0.9, 2.1, 0.9) 7
[15:26:47.807]: (0.9, 2.1, 0.9) 7
[15:26:47.825]: (0.9, 2.1, 0.9) 7
[15:26:47.842]: (0.9, 2.1, 0.9) 7
[15:26:47.859]: (0.9, 2.1, 0.9) 7
[15:26:47.875]: (0.9, 2.1, 0.9) 7
[15:26:47.891]: (0.9, 2.1, 0.9) 7
[15:26:47.908]: (0.9, 2.1, 0.9) 7
[15:26:47.925]: (0.9, 2.1, 0.9) 7
[15:26:47.941]: (0.9, 2.1, 0.9) 7
[15:26:47.958]: (0.9, 2.1, 0.9) 7
[15:26:47.974]: (0.9, 2.1, 0.9) 7
[15:26:48.006]: (0.9, 2.2, 1.1) 15
[15:26:48.028]: (0.9, 2.2, 1.1) 15
[15:26:48.048]: (0.9, 2.1, 1.1) 15
[15:26:48.071]: (0.9, 2.1, 1.1) 15
[15:26:48.094]: (0.9, 2.1, 1.1) 15
[15:26:48.115]: (0.9, 2.1, 1.1) 15
[15:26:48.138]: (0.9, 2.1, 1.1) 15
[15:26:48.160]: (0.9, 2.2, 1.1) 15
[15:26:48.183]: (1.0, 2.2, 1.1) 15
[15:26:48.204]: (1.0, 2.2, 1.1) 15
[15:26:48.226]: (1.0, 2.2, 1.1) 15
[15:26:48.249]: (1.0, 2.2, 1.1) 15
[15:26:48.276]: (0.9, 2.2, 1.1) 15
[15:26:48.299]: (0.9, 2.2, 1.1) 15
[15:26:48.580]: (1.2, 3.0, 3.1) 20
[15:26:48.602]: (0.6, 2.4, 2.0) 2
[15:26:48.629]: (0.6, 2.4, 2.0) 2
[15:26:48.651]: (0.6, 2.4, 2.0) 2
[15:26:48.674]: (0.6, 2.4, 2.0) 2
[15:26:48.696]: (0.6, 2.4, 2.0) 2
[15:26:48.719]: (0.6, 2.4, 2.0) 2
[15:26:48.741]: (0.6, 2.4, 2.0) 2
[15:26:48.926]: (0.9, 2.4, 1.9) 2
[15:26:48.948]: (0.9, 2.4, 2.0) 4
[15:26:48.968]: (1.0, 2.4, 2.0) 4
[15:26:49.297]: (0.8, 2.4, 2.1) 4
[15:26:49.396]: (1.5, 2.8, 2.8) 22
[15:26:49.430]: (1.0, 2.4, 1.9) 0
[15:26:49.463]: (1.1, 2.4, 1.9) 0
[15:26:49.496]: (1.1, 2.4, 1.9) 0
[15:26:49.530]: (1.0, 2.4, 1.8) 2
[15:26:49.881]: (0.3, 2.6, 1.1) 10
[15:26:49.907]: (0.3, 2.6, 1.1) 10
[15:26:50.262]: (0.6, 2.9, 1.9) 18
[15:26:50.396]: (0.6, 3.0, 1.9) 18
[15:26:50.418]: (0.3, 2.4, 1.2) 10
[15:26:50.772]: (1.0, 2.6, 2.8) 26
[15:26:50.795]: (1.0, 2.6, 2.8) 26
[15:26:50.818]: (1.2, 2.8, 3.2) 20
[15:26:50.843]: (1.2, 2.7, 3.2) 20
[15:26:50.865]: (0.7, 2.3, 2.1) 4
[15:26:50.884]: (0.7, 2.2, 2.1) 2
[15:26:50.906]: (0.7, 2.2, 2.1) 2
[15:26:50.928]: (0.8, 2.1, 2.1) 2
[15:26:50.951]: (0.8, 2.1, 2.1) 2
[15:26:50.972]: (0.8, 2.1, 2.1) 2
[15:26:50.995]: (0.8, 2.1, 2.1) 2
[15:26:51.017]: (0.8, 2.1, 2.1) 2
[15:26:51.039]: (0.8, 2.2, 2.1) 2
[15:26:51.062]: (0.8, 2.2, 2.1) 2
[15:26:51.084]: (0.8, 2.2, 2.1) 2
[15:26:51.107]: (0.8, 2.2, 2.1) 2
[15:26:51.125]: (0.8, 2.2, 2.1) 2
[15:26:51.147]: (0.8, 2.1, 2.1) 2
[15:26:51.169]: (0.8, 2.1, 2.1) 2
[15:26:51.663]: (0.8, 3.2, 1.2) 0
[15:26:51.708]: (0.7, 3.3, 1.2) 0
[15:26:51.729]: (0.8, 3.4, 1.2) 3
[15:26:51.751]: (0.8, 3.3, 1.3) 3
[15:26:51.774]: (0.8, 3.3, 1.3) 3
[15:26:51.796]: (0.8, 3.4, 1.3) 3
[15:26:51.895]: (0.9, 3.3, 1.3) 3
[15:26:51.926]: (0.8, 3.2, 1.2) 0
[15:26:51.962]: (0.8, 3.1, 1.2) 0
[15:26:51.996]: (0.8, 3.1, 1.3) 0
[15:26:52.392]: (0.9, 3.2, 1.2) 0
[15:26:52.425]: (0.9, 3.1, 1.2) 1
[15:26:52.580]: (0.9, 3.1, 1.2) 1
[15:26:52.603]: (0.9, 3.1, 1.2) 1
[15:26:52.626]: (0.9, 3.1, 1.2) 1
[15:26:52.647]: (0.9, 3.1, 1.2) 1
[15:26:53.071]: (0.9, 2.4, 1.8) 2
[15:26:53.095]: (0.9, 2.4, 1.8) 2
[15:26:53.115]: (0.9, 2.4, 1.8) 2
[15:26:53.698]: (-0.1, 2.2, 1.0) 7
[15:26:54.212]: (0.6, 2.7, 1.9) 18
[15:26:54.235]: (0.6, 2.7, 1.9) 18
[15:26:54.257]: (0.6, 2.7, 1.9) 18
[15:26:54.302]: (0.6, 2.7, 1.9) 18
[15:26:54.324]: (0.6, 2.7, 1.9) 18
[15:26:54.346]: (0.6, 2.7, 1.9) 18
[15:26:54.368]: (0.6, 2.7, 1.9) 18
[15:26:54.392]: (0.6, 2.7, 1.9) 18
[15:26:54.412]: (0.6, 2.7, 1.9) 18
[15:26:54.435]: (0.6, 2.7, 1.9) 18
[15:26:54.459]: (0.6, 2.7, 1.9) 18
[15:26:54.480]: (0.7, 2.8, 2.1) 17
[15:26:54.506]: (0.6, 2.9, 2.1) 17
[15:26:54.663]: (0.2, 2.1, 1.1) 7
[15:26:54.810]: (0.3, 2.3, 1.5) 14
[15:26:55.047]: (0.2, 2.0, 1.1) 7
[15:26:55.070]: (0.2, 2.0, 1.1) 7
[15:26:55.092]: (0.2, 2.0, 1.1) 7
[15:26:55.116]: (0.2, 2.0, 1.1) 7
[15:26:55.138]: (0.2, 2.0, 1.1) 7
[15:26:55.160]: (0.2, 2.0, 1.2) 7
[15:26:55.184]: (0.2, 2.1, 1.3) 9
[15:26:55.207]: (0.2, 2.1, 1.3) 9
[15:26:55.229]: (0.2, 2.2, 1.3) 9
[15:26:55.250]: (0.2, 2.2, 1.3) 9
[15:26:55.649]: (0.2, 2.0, 1.4) 8
[15:26:55.681]: (0.2, 2.0, 1.4) 8
[15:26:55.717]: (0.1, 2.0, 1.4) 8
[15:26:55.750]: (0.2, 2.0, 1.4) 13
[15:26:55.783]: (0.1, 2.0, 1.4) 13
[15:26:55.816]: (0.1, 2.0, 1.4) 13
[15:26:55.851]: (0.1, 2.0, 1.4) 13
[15:26:55.881]: (0.0, 2.0, 1.3) 8
[15:26:55.915]: (0.0, 2.1, 1.3) 8
[15:26:55.950]: (0.1, 2.0, 1.3) 8
[15:26:55.982]: (0.1, 2.3, 1.5) 14
[15:26:56.170]: (0.1, 2.3, 1.5) 14
[15:26:56.192]: (0.1, 2.3, 1.5) 14
[15:26:56.416]: (0.2, 2.2, 1.5) 14
[15:26:56.438]: (0.2, 2.2, 1.5) 11
[15:26:56.459]: (0.2, 2.2, 1.5) 11
[15:26:56.481]: (0.2, 2.2, 1.5) 14
[15:26:56.504]: (0.2, 2.2, 1.5) 14
[15:26:56.527]: (0.2, 2.2, 1.5) 14
[15:26:56.550]: (0.2, 2.2, 1.5) 14
[15:26:56.572]: (0.2, 2.2, 1.5) 14
[15:26:56.594]: (0.2, 2.2, 1.5) 14
[15:26:56.617]: (0.2, 2.2, 1.5) 14
[15:26:56.639]: (0.2, 2.2, 1.5) 14
[15:26:56.659]: (0.2, 2.2, 1.5) 14
[15:26:56.681]: (0.2, 2.2, 1.5) 14
[15:26:56.703]: (0.2, 2.2, 1.5) 14
[15:26:56.726]: (0.1, 2.2, 1.5) 11
[15:26:56.748]: (0.1, 2.2, 1.5) 11
[15:26:56.771]: (0.1, 2.1, 1.2) 7
[15:26:56.793]: (0.1, 2.1, 1.2) 7
[15:26:56.818]: (0.1, 2.1, 1.2) 7
[15:26:56.840]: (0.1, 2.1, 1.2) 7
[15:26:56.862]: (0.1, 2.1, 1.2) 7
[15:26:56.887]: (0.1, 2.1, 1.1) 7
[15:26:57.393]: (0.0, 2.1, 1.1) 7
[15:26:57.415]: (0.0, 2.1, 1.1) 7
[15:26:57.439]: (0.1, 2.1, 1.3) 6
[15:26:57.462]: (0.1, 2.1, 1.3) 6
[15:26:57.485]: (0.1, 2.1, 1.3) 6
[15:26:57.506]: (0.1, 2.1, 1.3) 6
[15:26:57.528]: (0.1, 2.1, 1.3) 6
[15:26:57.551]: (0.1, 2.2, 1.5) 14
[15:26:57.574]: (0.1, 2.2, 1.5) 14
[15:26:57.596]: (0.1, 2.2, 1.5) 14
[15:26:57.681]: (0.2, 2.1, 1.2) 7
[15:26:57.704]: (0.2, 2.2, 1.3) 9
[15:26:57.724]: (0.2, 2.2, 1.3) 9
[15:26:57.748]: (0.2, 2.2, 1.3) 9
[15:26:57.886]: (0.3, 2.0, 1.3) 6
[15:26:57.906]: (0.3, 2.1, 1.3) 6
[15:26:57.928]: (0.3, 2.1, 1.3) 6
[15:26:57.949]: (0.3, 2.1, 1.3) 6
[15:26:57.971]: (0.3, 2.1, 1.3) 6
[15:26:57.993]: (0.3, 2.1, 1.3) 6
[15:26:58.292]: (0.2, 2.1, 1.1) 7
[15:26:58.315]: (0.2, 2.1, 1.1) 7
[15:26:58.336]: (0.2, 2.1, 1.3) 6
[15:26:58.359]: (0.2, 2.1, 1.3) 6
[15:26:58.383]: (0.2, 2.1, 1.3) 6
[15:26:58.404]: (0.2, 2.1, 1.3) 6
[15:26:58.425]: (0.2, 2.2, 1.3) 6
[15:26:58.610]: (0.1, 2.1, 1.1) 7
[15:26:58.633]: (0.1, 2.1, 1.1) 7
[15:26:58.653]: (0.1, 2.1, 1.1) 7
[15:26:58.674]: (0.1, 2.1, 1.1) 7
[15:26:58.695]: (0.1, 2.1, 1.1) 7
[15:26:58.717]: (0.1, 2.1, 1.1) 7
[15:26:58.740]: (0.1, 2.1, 1.1) 7
[15:26:58.764]: (0.1, 2.1, 1.1) 7
[15:26:58.784]: (0.1, 2.1, 1.1) 7
[15:26:58.806]: (0.1, 2.1, 1.1) 7
[15:26:58.828]: (0.1, 2.1, 1.1) 7
[15:26:58.850]: (0.1, 2.1, 1.1) 7
[15:26:58.871]: (0.1, 2.1, 1.1) 7
[15:26:58.895]: (0.1, 2.2, 1.1) 7
[15:26:58.916]: (0.1, 2.1, 1.1) 7
[15:26:59.039]: (0.1, 2.2, 1.1) 7
[15:26:59.060]: (0.1, 2.2, 1.1) 7
[15:26:59.083]: (0.1, 2.2, 1.1) 7
[15:26:59.116]: (0.1, 2.2, 1.1) 7
[15:26:59.149]: (0.1, 2.2, 1.1) 7
[15:26:59.182]: (0.1, 2.1, 1.1) 7
[15:26:59.214]: (0.1, 2.2, 1.1) 7
[15:26:59.248]: (0.0, 2.2, 1.1) 7
[15:26:59.281]: (0.0, 2.2, 1.1) 7
[15:26:59.314]: (0.0, 2.2, 1.1) 7
[15:26:59.748]: (0.0, 2.2, 1.1) 7
[15:26:59.771]: (0.1, 2.2, 1.1) 7
[15:26:59.791]: (0.0, 2.2, 1.1) 7
[15:26:59.814]: (0.0, 2.2, 1.0) 7
[15:26:59.836]: (0.0, 2.2, 1.0) 7
[15:26:59.860]: (0.0, 2.2, 1.0) 7
[15:26:59.882]: (0.0, 2.2, 1.1) 7
[15:26:59.903]: (0.0, 2.3, 1.1) 7
[15:26:59.926]: (0.0, 2.3, 1.2) 9
[15:26:59.949]: (0.0, 2.3, 1.2) 9
[15:26:59.969]: (0.0, 2.3, 1.2) 9
[15:26:59.992]: (0.0, 2.3, 1.2) 9
[15:27:00.016]: (0.0, 2.3, 1.2) 9
[15:27:00.041]: (0.0, 2.4, 1.2) 9
[15:27:00.062]: (0.0, 2.4, 1.2) 9
[15:27:00.084]: (0.0, 2.4, 1.2) 9
[15:27:00.105]: (0.0, 2.4, 1.2) 9
[15:27:00.126]: (0.0, 2.4, 1.2) 9
[15:27:00.147]: (0.0, 2.4, 1.2) 9
[15:27:00.169]: (0.0, 2.4, 1.2) 9
[15:27:00.193]: (0.0, 2.3, 1.2) 9
[15:27:00.215]: (0.0, 2.4, 1.2) 9
[15:27:00.236]: (0.0, 2.4, 1.2) 9
[15:27:00.259]: (0.0, 2.4, 1.2) 9
[15:27:00.278]: (0.0, 2.4, 1.2) 9
[15:27:00.303]: (0.0, 2.4, 1.2) 9
[15:27:00.325]: (0.0, 2.4, 1.2) 9
[15:27:00.347]: (0.0, 2.4, 1.2) 9
[15:27:00.638]: (0.0, 2.4, 1.2) 9
[15:27:00.659]: (0.0, 2.4, 1.2) 9
[15:27:00.681]: (0.0, 2.4, 1.2) 9
[15:27:00.704]: (0.0, 2.4, 1.2) 9
[15:27:00.727]: (0.0, 2.4, 1.2) 9
[15:27:00.749]: (0.0, 2.3, 1.0) 7
[15:27:00.771]: (0.0, 2.3, 1.0) 7
[15:27:00.791]: (0.0, 2.3, 1.0) 7
[15:27:00.814]: (0.0, 2.3, 1.0) 7
[15:27:00.838]: (0.0, 2.3, 1.0) 7
[15:27:00.860]: (0.0, 2.4, 1.2) 9
[15:27:00.886]: (0.0, 2.4, 1.2) 9
[15:27:00.912]: (0.0, 2.4, 1.2) 9
[15:27:01.230]: (0.6, 2.5, 2.0) 19
[15:27:01.476]: (0.4, 2.0, 1.3) 15
[15:27:01.502]: (0.4, 2.0, 1.3) 15
[15:27:01.526]: (0.5, 1.9, 1.4) 12
[15:27:01.549]: (0.5, 1.9, 1.4) 12
[15:27:01.573]: (0.5, 1.9, 1.4) 12
[15:27:01.596]: (0.5, 1.9, 1.4) 12
[15:27:01.621]: (0.5, 1.9, 1.4) 12
[15:27:01.644]: (0.5, 1.9, 1.4) 12
[15:27:01.667]: (0.5, 1.9, 1.4) 12
[15:27:01.691]: (0.5, 1.9, 1.4) 12
[15:27:01.871]: (0.4, 1.8, 1.4) 10
[15:27:02.231]: (1.0, 2.4, 2.0) 18
[15:27:02.265]: (0.9, 2.4, 2.0) 18
[15:27:02.298]: (1.0, 2.4, 2.0) 18
[15:27:02.364]: (1.5, 2.3, 1.3) 2
[15:27:02.398]: (1.6, 2.2, 1.4) 0
[15:27:02.497]: (2.4, 2.7, 1.7) 23
[15:27:02.519]: (2.4, 2.8, 1.7) 23
[15:27:02.565]: (1.8, 2.4, 1.4) 3
[15:27:02.680]: (1.8, 2.4, 1.4) 3
[15:27:02.703]: (1.7, 2.4, 1.4) 3
[15:27:02.768]: (1.5, 2.3, 1.3) 1
[15:27:02.791]: (1.5, 2.2, 1.4) 1
[15:27:02.813]: (1.5, 2.3, 1.4) 1
[15:27:03.012]: (2.2, 2.8, 2.6) 25
[15:27:03.187]: (1.6, 2.6, 2.5) 23
[15:27:03.208]: (1.6, 2.6, 2.5) 23
[15:27:03.233]: (1.6, 2.6, 2.5) 23
[15:27:03.255]: (1.6, 2.6, 2.5) 23
[15:27:03.278]: (1.6, 2.6, 2.5) 23
[15:27:03.302]: (1.6, 2.6, 2.5) 23
[15:27:03.322]: (1.6, 2.6, 2.5) 23
[15:27:03.345]: (1.6, 2.6, 2.5) 23
[15:27:03.368]: (1.6, 2.6, 2.5) 23
[15:27:03.686]: (0.8, 2.4, 1.9) 4
[15:27:04.059]: (0.8, 2.6, 1.6) 2
[15:27:04.080]: (0.7, 2.6, 1.5) 2
[15:27:04.103]: (0.8, 2.7, 1.5) 2
[15:27:04.204]: (0.8, 2.7, 1.5) 2
[15:27:04.226]: (0.8, 2.7, 1.5) 2
[15:27:04.247]: (0.8, 2.7, 1.5) 2
[15:27:04.350]: (0.0, 2.0, 1.3) 12
[15:27:04.371]: (0.0, 2.0, 1.3) 15
[15:27:04.393]: (0.0, 2.1, 1.3) 15
[15:27:04.413]: (0.0, 2.1, 1.3) 15
[15:27:04.435]: (0.0, 2.1, 1.3) 15
[15:27:04.458]: (0.0, 2.1, 1.3) 15
[15:27:04.480]: (0.0, 2.1, 1.3) 15
[15:27:04.501]: (0.0, 2.1, 1.3) 15
[15:27:04.523]: (0.1, 2.1, 1.3) 15
[15:27:04.819]: (0.2, 2.1, 1.2) 15
[15:27:04.836]: (0.2, 2.2, 1.2) 15
[15:27:04.991]: (0.2, 2.2, 1.3) 15
[15:27:05.010]: (0.2, 2.1, 1.2) 15
[15:27:05.026]: (0.2, 2.2, 1.2) 15
[15:27:05.044]: (0.2, 2.2, 1.2) 15
[15:27:05.195]: (0.6, 2.6, 2.0) 18
[15:27:05.217]: (0.6, 2.6, 1.9) 18
[15:27:05.239]: (0.6, 2.6, 1.9) 18
[15:27:05.262]: (0.6, 2.7, 2.1) 17
[15:27:05.488]: (0.2, 2.0, 1.2) 7
[15:27:05.512]: (0.3, 2.1, 1.5) 14
[15:27:05.533]: (0.3, 2.1, 1.5) 14
[15:27:05.556]: (0.3, 2.1, 1.5) 14
[15:27:05.581]: (0.3, 2.1, 1.5) 14
[15:27:05.601]: (0.3, 2.1, 1.5) 14
[15:27:05.618]: (0.3, 2.1, 1.5) 14
[15:27:05.642]: (0.3, 2.1, 1.5) 14
[15:27:05.663]: (0.3, 2.1, 1.5) 14
[15:27:05.691]: (0.3, 2.1, 1.5) 14
[15:27:05.875]: (0.4, 2.1, 1.5) 14
[15:27:05.892]: (0.4, 2.1, 1.5) 14
[15:27:05.910]: (0.4, 2.1, 1.5) 14
[15:27:05.927]: (0.4, 2.0, 1.3) 6
[15:27:06.196]: (0.2, 2.0, 1.2) 7
[15:27:06.352]: (0.3, 1.9, 1.3) 8
[15:27:06.374]: (0.3, 1.8, 1.4) 13
[15:27:06.396]: (0.3, 1.9, 1.4) 13
[15:27:06.419]: (0.3, 1.9, 1.4) 13
[15:27:06.442]: (0.3, 1.9, 1.4) 13
[15:27:06.463]: (0.3, 1.9, 1.4) 13
[15:27:06.485]: (0.3, 1.9, 1.4) 13
[15:27:06.508]: (0.3, 1.9, 1.4) 13
[15:27:06.530]: (0.3, 1.9, 1.4) 13
[15:27:06.551]: (0.3, 1.9, 1.4) 13
[15:27:06.567]: (0.3, 1.9, 1.4) 13
[15:27:06.583]: (0.3, 1.9, 1.4) 8
[15:27:06.600]: (0.3, 1.9, 1.4) 8
[15:27:06.616]: (0.3, 1.9, 1.4) 13
[15:27:06.633]: (0.3, 1.8, 1.4) 8
[15:27:06.649]: (0.3, 1.9, 1.4) 8
[15:27:06.666]: (0.3, 1.8, 1.4) 8
[15:27:06.683]: (0.3, 1.9, 1.4) 8
[15:27:06.699]: (0.3, 1.9, 1.3) 8
[15:27:06.716]: (0.3, 1.9, 1.3) 8
[15:27:06.732]: (0.3, 1.9, 1.3) 8
[15:27:07.385]: (0.2, 2.1, 1.3) 9
[15:27:07.538]: (0.2, 2.0, 1.1) 7
[15:27:07.557]: (0.3, 2.0, 1.1) 7
[15:27:07.573]: (0.3, 2.0, 1.1) 7
[15:27:07.590]: (0.3, 2.0, 1.1) 7
[15:27:07.607]: (0.3, 2.0, 1.1) 7
[15:27:07.625]: (0.3, 2.0, 1.1) 7
[15:27:07.643]: (0.3, 2.0, 1.1) 7
[15:27:07.660]: (0.3, 2.0, 1.1) 7
[15:27:07.676]: (0.3, 2.0, 1.1) 7
[15:27:07.693]: (0.3, 2.0, 1.1) 7
[15:27:07.709]: (0.3, 2.0, 1.1) 7
[15:27:07.726]: (0.3, 2.0, 1.1) 7
[15:27:07.743]: (0.3, 2.0, 1.1) 7
[15:27:07.759]: (0.3, 2.0, 1.1) 7
[15:27:07.918]: (0.3, 2.2, 1.5) 14
[15:27:08.030]: (0.3, 2.1, 1.5) 14
[15:27:08.051]: (0.3, 2.1, 1.5) 14
[15:27:08.140]: (0.3, 2.2, 1.5) 14
[15:27:08.184]: (0.3, 2.2, 1.5) 14
[15:27:08.335]: (0.3, 2.0, 1.1) 7
[15:27:08.352]: (0.3, 1.9, 1.1) 7
[15:27:08.369]: (0.3, 1.9, 1.1) 7
[15:27:08.387]: (0.3, 1.9, 1.1) 7
[15:27:08.403]: (0.2, 2.0, 1.1) 7
[15:27:08.422]: (0.3, 1.9, 1.1) 7
[15:27:08.439]: (0.3, 1.9, 1.1) 7
[15:27:08.458]: (0.3, 1.9, 1.1) 7
[15:27:08.476]: (0.3, 1.9, 1.1) 7
[15:27:08.493]: (0.3, 1.9, 1.1) 7
[15:27:08.510]: (0.3, 1.9, 1.1) 7
[15:27:08.528]: (0.3, 1.9, 1.1) 7
[15:27:08.545]: (0.3, 1.9, 1.1) 7
[15:27:08.561]: (0.3, 1.9, 1.1) 7
[15:27:08.577]: (0.3, 1.9, 1.1) 7
[15:27:08.594]: (0.3, 1.9, 1.1) 7
[15:27:08.853]: (0.4, 2.0, 1.3) 6
[15:27:08.874]: (0.4, 2.0, 1.3) 6
[15:27:08.895]: (0.4, 2.0, 1.3) 6
[15:27:08.940]: (0.4, 2.0, 1.3) 6
[15:27:08.964]: (0.4, 2.0, 1.3) 6
[15:27:08.984]: (0.4, 2.0, 1.3) 6
[15:27:09.006]: (0.4, 2.0, 1.3) 6
[15:27:09.029]: (0.4, 2.0, 1.3) 6
[15:27:09.053]: (0.4, 2.0, 1.3) 6
[15:27:09.075]: (0.4, 2.0, 1.3) 6
[15:27:09.096]: (0.4, 2.0, 1.3) 6
[15:27:09.118]: (0.4, 2.0, 1.3) 6
[15:27:09.142]: (0.4, 2.0, 1.3) 6
[15:27:09.162]: (0.2, 2.0, 1.1) 7
[15:27:09.186]: (0.2, 2.0, 1.1) 7
[15:27:09.204]: (0.2, 2.0, 1.1) 7
[15:27:09.223]: (0.3, 2.0, 1.1) 7
[15:27:09.242]: (0.3, 2.0, 1.1) 7
[15:27:09.259]: (0.3, 2.0, 1.1) 7
[15:27:09.277]: (0.3, 2.0, 1.1) 7
[15:27:09.294]: (0.3, 2.0, 1.1) 7
[15:27:09.312]: (0.3, 2.0, 1.1) 7
[15:27:09.332]: (0.3, 2.0, 1.1) 7
[15:27:09.352]: (0.2, 2.0, 1.1) 7
[15:27:09.369]: (0.2, 2.0, 1.1) 7
[15:27:09.390]: (0.3, 2.0, 1.1) 7
[15:27:09.406]: (0.3, 2.0, 1.1) 7
[15:27:09.425]: (0.2, 2.0, 1.1) 7
[15:27:09.443]: (0.2, 2.0, 1.1) 7
[15:27:09.462]: (0.2, 2.0, 1.1) 7
[15:27:09.481]: (0.2, 2.0, 1.1) 7
[15:27:09.499]: (0.2, 2.0, 1.1) 7
[15:27:09.516]: (0.2, 2.0, 1.1) 7
[15:27:09.535]: (0.2, 2.0, 1.1) 7
[15:27:09.554]: (0.2, 2.0, 1.1) 7
[15:27:09.571]: (0.2, 2.0, 1.1) 7
[15:27:09.589]: (0.2, 2.0, 1.1) 7
[15:27:09.607]: (0.2, 2.0, 1.1) 7
[15:27:09.626]: (0.2, 2.0, 1.1) 7
[15:27:09.644]: (0.2, 2.0, 1.1) 7
[15:27:09.661]: (0.2, 2.0, 1.1) 7
[15:27:09.680]: (0.2, 2.0, 1.1) 7
[15:27:09.699]: (0.2, 2.0, 1.1) 7
[15:27:09.716]: (0.2, 2.0, 1.1) 7
[15:27:09.733]: (0.2, 2.0, 1.2) 7
[15:27:09.751]: (0.2, 2.0, 1.2) 7
[15:27:09.774]: (0.3, 2.1, 1.5) 14
[15:27:09.797]: (0.3, 2.1, 1.5) 14
[15:27:09.818]: (0.3, 2.1, 1.5) 14
[15:27:09.840]: (0.3, 2.1, 1.5) 14
[15:27:09.863]: (0.3, 2.1, 1.5) 14
[15:27:09.886]: (0.3, 2.1, 1.5) 14
[15:27:09.908]: (0.3, 2.1, 1.5) 14
[15:27:09.930]: (0.3, 2.1, 1.5) 14
[15:27:09.951]: (0.3, 2.1, 1.5) 14
[15:27:09.973]: (0.3, 2.1, 1.5) 14
[15:27:09.995]: (0.2, 2.0, 1.2) 7
[15:27:10.024]: (0.2, 2.0, 1.2) 7
[15:27:10.044]: (0.2, 2.0, 1.2) 7
[15:27:10.061]: (0.3, 2.0, 1.1) 7
[15:27:10.084]: (0.6, 2.1, 1.1) 15
