[15:25:51.439]: (-0.4, 0.3, 2.4) 5
[15:25:51.829]: (0.7, 1.3, 2.4) 7
[15:25:51.850]: (0.7, 1.4, 2.4) 7
[15:25:51.872]: (0.7, 1.4, 2.3) 7
[15:25:51.893]: (0.7, 1.5, 2.3) 7
[15:25:52.689]: (0.3, 1.5, 1.8) 1
[15:25:52.713]: (0.2, 1.5, 1.7) 1
[15:25:52.993]: (0.2, 1.3, 1.7) 4
[15:25:53.029]: (0.2, 1.4, 1.8) 0
[15:25:53.060]: (0.2, 1.4, 1.8) 0
[15:25:53.095]: (0.2, 1.4, 1.8) 0
[15:25:53.126]: (0.2, 1.4, 1.8) 0
[15:25:53.160]: (0.2, 1.4, 1.7) 0
[15:25:53.194]: (0.2, 1.4, 1.7) 0
[15:25:53.227]: (0.2, 1.4, 1.7) 0
[15:25:53.260]: (0.2, 1.4, 1.7) 0
[15:25:53.293]: (0.2, 1.4, 1.8) 0
[15:25:53.326]: (0.2, 1.4, 1.7) 0
[15:25:53.360]: (0.2, 1.4, 1.7) 0
[15:25:53.393]: (0.2, 1.4, 1.8) 0
[15:25:53.427]: (0.2, 1.4, 1.8) 2
[15:25:53.665]: (0.2, 2.3, 2.2) 9
[15:25:53.907]: (0.6, 2.4, 2.0) 7
[15:25:53.931]: (0.7, 2.4, 2.0) 7
[15:25:53.973]: (0.7, 2.4, 2.0) 5
[15:25:53.996]: (0.7, 2.4, 2.0) 5
[15:25:54.018]: (0.7, 2.4, 2.0) 5
[15:25:54.042]: (0.7, 2.5, 2.0) 5
[15:25:54.063]: (0.7, 2.5, 2.0) 5
[15:25:54.086]: (0.7, 2.5, 2.0) 5
[15:25:54.107]: (0.7, 2.5, 2.0) 5
[15:25:54.127]: (0.6, 2.5, 2.0) 5
[15:25:54.147]: (0.6, 2.5, 2.0) 5
[15:25:54.170]: (0.7, 2.6, 2.1) 10
[15:25:54.191]: (0.7, 2.6, 2.1) 10
[15:25:54.214]: (0.6, 2.5, 2.0) 5
[15:25:54.236]: (0.7, 2.5, 2.0) 5
[15:25:54.258]: (0.7, 2.5, 2.0) 5
[15:25:54.910]: (0.6, 2.3, 2.2) 9
[15:25:54.933]: (0.6, 2.2, 2.2) 9
[15:25:54.955]: (0.6, 2.2, 2.2) 9
[15:25:54.977]: (0.6, 2.2, 2.2) 9
[15:25:54.999]: (0.6, 2.2, 2.2) 9
[15:25:55.022]: (0.6, 2.2, 2.2) 9
[15:25:55.042]: (0.6, 2.2, 2.2) 9
[15:25:55.064]: (0.6, 2.2, 2.2) 9
[15:25:55.086]: (0.6, 2.2, 2.2) 9
[15:25:55.145]: (0.3, 2.0, 1.5) 1
[15:25:55.166]: (0.3, 2.0, 1.5) 1
[15:25:55.189]: (0.3, 2.0, 1.5) 1
[15:25:55.209]: (0.4, 2.0, 1.5) 1
[15:25:55.654]: (1.1, 2.8, 1.5) 5
[15:25:55.677]: (1.1, 2.8, 1.4) 5
[15:25:55.829]: (1.1, 2.9, 1.3) 6
[15:25:56.037]: (1.0, 3.0, 1.3) 5
[15:25:56.058]: (1.0, 3.0, 1.3) 5
[15:25:56.078]: (1.0, 3.0, 1.3) 5
[15:25:56.101]: (1.0, 3.0, 1.3) 5
[15:25:56.123]: (1.0, 3.0, 1.3) 5
[15:25:56.143]: (1.0, 3.0, 1.3) 5
[15:25:56.166]: (1.0, 3.0, 1.3) 5
[15:25:56.188]: (1.0, 3.0, 1.3) 5
[15:25:56.210]: (1.0, 3.0, 1.3) 5
[15:25:56.232]: (1.0, 3.0, 1.3) 5
[15:25:56.274]: (1.0, 3.0, 1.3) 5
[15:25:56.296]: (1.0, 3.0, 1.3) 5
[15:25:56.318]: (1.0, 3.1, 1.3) 5
[15:25:56.340]: (1.0, 3.1, 1.3) 5
[15:25:56.361]: (1.0, 3.0, 1.3) 5
[15:25:56.380]: (1.1, 3.1, 1.3) 8
[15:25:56.605]: (1.1, 2.7, 1.6) 5
[15:25:56.626]: (1.2, 2.6, 1.6) 5
[15:25:56.983]: (0.9, 2.6, 1.7) 6
[15:25:57.009]: (0.9, 2.5, 1.9) 7
[15:25:57.043]: (0.9, 2.5, 1.9) 5
[15:25:57.060]: (0.9, 2.5, 1.9) 5
[15:25:57.078]: (0.9, 2.5, 1.9) 5
[15:25:57.097]: (0.8, 2.5, 1.9) 5
[15:25:57.122]: (0.8, 2.5, 1.9) 5
[15:25:57.145]: (0.8, 2.5, 1.9) 5
[15:25:57.164]: (0.8, 2.5, 1.9) 5
[15:25:57.184]: (0.8, 2.5, 1.9) 5
[15:25:57.205]: (0.9, 2.4, 1.9) 7
[15:25:57.224]: (0.9, 2.4, 1.9) 7
[15:25:57.243]: (0.9, 2.4, 1.9) 7
[15:25:57.263]: (0.9, 2.4, 1.9) 7
[15:25:57.280]: (0.9, 2.5, 1.9) 7
[15:25:57.296]: (0.8, 2.4, 1.9) 7
[15:25:57.314]: (0.9, 2.4, 1.9) 7
[15:25:57.332]: (0.9, 2.4, 1.9) 7
[15:25:57.349]: (0.9, 2.4, 1.9) 7
[15:25:57.367]: (0.9, 2.4, 1.9) 7
[15:25:57.384]: (0.9, 2.4, 1.9) 7
[15:25:57.403]: (0.9, 2.4, 1.9) 7
[15:25:57.421]: (0.9, 2.4, 1.9) 7
[15:25:57.445]: (0.9, 2.4, 1.9) 7
[15:25:57.471]: (0.9, 2.4, 1.9) 7
[15:25:57.493]: (0.9, 2.4, 1.9) 7
[15:25:57.520]: (0.8, 2.4, 1.9) 7
[15:25:57.541]: (0.8, 2.4, 1.9) 7
[15:25:57.563]: (0.8, 2.4, 1.9) 7
[15:25:57.586]: (0.9, 2.4, 1.9) 7
[15:25:57.610]: (0.9, 2.4, 1.9) 9
[15:25:57.632]: (0.9, 2.4, 1.9) 9
[15:25:57.654]: (0.9, 2.5, 1.9) 9
[15:25:57.677]: (0.8, 2.5, 1.9) 9
[15:25:57.702]: (0.9, 2.5, 1.9) 9
[15:25:57.888]: (0.7, 2.3, 1.3) 3
[15:25:57.922]: (0.6, 2.3, 1.3) 3
[15:25:57.961]: (0.6, 2.3, 1.3) 3
[15:25:57.985]: (0.6, 2.2, 1.3) 3
[15:25:58.019]: (0.6, 2.2, 1.3) 3
[15:25:58.055]: (0.5, 2.2, 1.3) 0
[15:25:58.089]: (0.5, 2.2, 1.3) 0
[15:25:58.120]: (0.5, 2.2, 1.3) 0
[15:25:58.158]: (0.6, 2.2, 1.3) 0
[15:25:58.189]: (0.6, 2.2, 1.4) 2
[15:25:58.222]: (0.6, 2.2, 1.4) 2
[15:25:58.536]: (0.5, 2.0, 1.4) 0
[15:25:58.559]: (0.5, 2.0, 1.4) 0
[15:25:58.580]: (0.5, 2.0, 1.4) 0
[15:25:58.605]: (0.5, 2.0, 1.4) 0
[15:25:58.624]: (0.6, 2.0, 1.4) 0
[15:25:58.646]: (0.6, 2.0, 1.4) 0
[15:25:58.668]: (0.6, 2.0, 1.4) 0
[15:25:58.690]: (0.6, 2.0, 1.4) 0
[15:25:58.713]: (0.6, 2.0, 1.4) 0
[15:25:58.735]: (0.6, 2.0, 1.4) 0
[15:25:58.757]: (0.6, 2.0, 1.4) 0
[15:25:58.779]: (0.6, 2.0, 1.4) 0
[15:25:58.803]: (0.6, 2.0, 1.4) 0
[15:25:58.824]: (0.6, 2.0, 1.4) 0
[15:25:58.846]: (0.6, 2.0, 1.4) 0
[15:25:58.870]: (0.6, 2.0, 1.4) 0
[15:25:58.891]: (0.5, 2.0, 1.4) 0
[15:25:58.912]: (0.5, 2.0, 1.4) 0
[15:25:58.935]: (0.5, 2.0, 1.4) 0
[15:25:58.957]: (0.5, 2.0, 1.4) 0
[15:25:58.979]: (0.5, 2.0, 1.4) 0
[15:25:59.002]: (0.5, 2.0, 1.4) 0
[15:25:59.024]: (0.5, 2.0, 1.4) 0
[15:25:59.046]: (0.5, 2.0, 1.4) 0
[15:25:59.073]: (0.5, 2.0, 1.4) 1
[15:25:59.098]: (0.5, 2.0, 1.4) 1
[15:25:59.628]: (0.5, 3.3, 1.2) 5
[15:25:59.865]: (0.4, 3.2, 1.2) 6
[15:25:59.888]: (0.6, 3.2, 1.2) 7
[15:25:59.949]: (0.6, 2.6, 0.8) 1
[15:25:59.990]: (0.6, 2.6, 0.8) 1
[15:26:00.013]: (0.6, 2.6, 0.8) 1
[15:26:00.039]: (0.6, 2.6, 0.8) 1
[15:26:00.064]: (0.6, 2.6, 0.8) 1
[15:26:00.086]: (0.6, 2.6, 0.8) 1
[15:26:00.108]: (0.6, 2.6, 0.8) 1
[15:26:00.310]: (0.7, 2.6, 0.8) 0
[15:26:00.333]: (0.7, 2.6, 0.8) 3
[15:26:00.355]: (0.7, 2.6, 0.9) 3
[15:26:00.379]: (0.7, 2.6, 0.9) 3
[15:26:00.398]: (0.8, 2.6, 0.9) 3
[15:26:01.428]: (0.5, 3.1, 1.4) 5
[15:26:01.452]: (0.5, 3.1, 1.4) 5
[15:26:01.472]: (0.5, 3.1, 1.4) 5
[15:26:01.493]: (0.5, 3.1, 1.4) 5
[15:26:01.514]: (0.5, 3.1, 1.4) 5
[15:26:01.537]: (0.5, 3.1, 1.4) 5
[15:26:01.559]: (0.5, 3.1, 1.4) 5
[15:26:01.581]: (0.5, 3.1, 1.4) 5
[15:26:01.605]: (0.5, 3.1, 1.4) 5
[15:26:01.627]: (0.5, 3.1, 1.4) 5
[15:26:01.649]: (0.5, 3.1, 1.4) 5
[15:26:01.672]: (0.5, 3.1, 1.4) 5
[15:26:01.693]: (0.5, 3.1, 1.5) 5
[15:26:01.715]: (0.5, 3.2, 1.5) 8
[15:26:01.736]: (0.5, 3.2, 1.5) 8
[15:26:01.759]: (0.5, 3.1, 1.4) 5
[15:26:01.780]: (0.5, 3.1, 1.4) 5
[15:26:01.804]: (0.5, 3.1, 1.4) 5
[15:26:01.827]: (0.5, 3.1, 1.4) 5
[15:26:01.849]: (0.5, 3.1, 1.4) 5
[15:26:01.869]: (0.5, 3.1, 1.4) 5
[15:26:01.893]: (0.5, 3.1, 1.4) 5
[15:26:01.938]: (0.6, 2.6, 0.9) 1
[15:26:02.097]: (0.7, 2.5, 0.9) 0
[15:26:02.118]: (0.7, 2.5, 0.9) 0
[15:26:02.140]: (0.7, 2.5, 0.9) 0
[15:26:02.427]: (0.7, 2.1, 1.4) 2
[15:26:02.450]: (0.7, 1.9, 1.4) 0
[15:26:02.472]: (0.7, 2.0, 1.5) 3
[15:26:02.493]: (0.7, 1.9, 1.5) 3
[15:26:02.514]: (0.7, 1.9, 1.5) 3
[15:26:02.535]: (0.7, 1.9, 1.5) 3
[15:26:02.575]: (0.7, 1.9, 1.5) 3
[15:26:02.593]: (0.7, 1.9, 1.5) 3
[15:26:03.011]: (0.8, 1.9, 1.4) 3
[15:26:03.032]: (0.7, 2.0, 1.3) 0
[15:26:03.055]: (0.7, 2.1, 1.4) 2
[15:26:03.233]: (0.7, 2.1, 1.4) 2
[15:26:03.255]: (0.7, 2.1, 1.4) 2
[15:26:03.277]: (0.6, 2.0, 1.4) 0
[15:26:03.304]: (0.6, 2.0, 1.3) 0
[15:26:03.321]: (0.6, 2.0, 1.3) 0
[15:26:03.338]: (0.6, 2.0, 1.3) 0
[15:26:03.355]: (0.6, 2.0, 1.3) 0
[15:26:03.372]: (0.6, 2.0, 1.4) 1
[15:26:03.390]: (0.6, 2.0, 1.4) 1
[15:26:03.406]: (0.7, 2.0, 1.5) 3
[15:26:03.426]: (0.7, 1.9, 1.4) 0
[15:26:03.442]: (0.7, 1.9, 1.4) 0
[15:26:03.459]: (0.7, 1.9, 1.4) 0
[15:26:03.477]: (0.7, 1.9, 1.4) 0
[15:26:03.494]: (0.7, 2.0, 1.4) 3
[15:26:03.511]: (0.7, 2.0, 1.4) 3
[15:26:03.528]: (0.7, 2.0, 1.4) 3
[15:26:03.545]: (0.7, 2.0, 1.4) 3
[15:26:03.561]: (0.7, 1.9, 1.4) 3
[15:26:03.578]: (0.7, 1.9, 1.4) 3
[15:26:03.595]: (0.7, 1.9, 1.4) 3
[15:26:03.613]: (0.7, 1.9, 1.4) 3
[15:26:03.628]: (0.7, 1.9, 1.4) 3
[15:26:03.645]: (0.7, 1.9, 1.4) 3
[15:26:03.662]: (0.7, 1.9, 1.4) 3
[15:26:03.679]: (0.7, 1.9, 1.4) 3
[15:26:03.695]: (0.7, 1.9, 1.4) 3
[15:26:03.710]: (0.7, 1.9, 1.4) 3
[15:26:03.727]: (0.7, 1.9, 1.4) 0
[15:26:03.743]: (0.7, 1.9, 1.4) 0
[15:26:03.759]: (0.7, 2.0, 1.3) 0
[15:26:03.775]: (0.7, 2.0, 1.3) 0
[15:26:03.791]: (0.7, 2.0, 1.3) 0
[15:26:03.808]: (0.7, 2.0, 1.3) 0
[15:26:03.824]: (0.7, 2.0, 1.3) 0
[15:26:03.843]: (0.6, 2.0, 1.4) 0
[15:26:03.866]: (0.6, 2.0, 1.4) 0
[15:26:04.067]: (0.6, 2.0, 1.4) 1
[15:26:04.087]: (0.6, 2.0, 1.4) 1
[15:26:04.110]: (0.6, 2.0, 1.3) 0
[15:26:04.132]: (0.6, 2.0, 1.3) 0
[15:26:04.155]: (0.6, 2.0, 1.3) 0
[15:26:04.177]: (0.7, 2.0, 1.3) 0
[15:26:04.198]: (0.7, 2.0, 1.3) 0
[15:26:04.221]: (0.7, 2.0, 1.3) 0
[15:26:04.244]: (0.7, 2.0, 1.3) 0
[15:26:04.266]: (0.6, 2.0, 1.3) 0
[15:26:04.283]: (0.6, 2.0, 1.3) 0
[15:26:04.299]: (0.6, 2.0, 1.3) 0
[15:26:04.316]: (0.6, 2.0, 1.3) 0
[15:26:04.332]: (0.6, 2.0, 1.3) 0
[15:26:04.350]: (0.6, 2.0, 1.3) 0
[15:26:04.368]: (0.6, 2.0, 1.3) 0
[15:26:04.385]: (0.6, 2.0, 1.3) 0
[15:26:04.401]: (0.6, 2.0, 1.3) 0
[15:26:04.418]: (0.6, 2.0, 1.3) 0
[15:26:04.436]: (0.6, 2.0, 1.3) 0
[15:26:04.453]: (0.7, 2.0, 1.3) 0
[15:26:04.470]: (0.7, 2.0, 1.3) 0
[15:26:04.490]: (0.7, 2.0, 1.3) 0
[15:26:04.509]: (0.6, 2.0, 1.4) 0
[15:26:04.606]: (0.7, 2.1, 1.4) 2
[15:26:04.624]: (0.7, 2.1, 1.4) 2
[15:26:04.640]: (0.6, 2.1, 1.4) 2
[15:26:04.744]: (0.6, 2.0, 1.4) 1
[15:26:04.767]: (0.6, 2.0, 1.4) 1
[15:26:05.077]: (0.7, 1.9, 1.5) 3
[15:26:05.100]: (0.7, 1.9, 1.3) 0
[15:26:05.120]: (0.7, 1.9, 1.3) 0
[15:26:05.143]: (0.7, 2.0, 1.3) 0
[15:26:05.166]: (0.7, 2.0, 1.3) 0
[15:26:05.189]: (0.6, 2.0, 1.3) 0
[15:26:05.209]: (0.6, 2.0, 1.3) 0
[15:26:05.226]: (0.6, 2.0, 1.3) 0
[15:26:05.242]: (0.6, 2.0, 1.3) 0
[15:26:05.260]: (0.7, 2.0, 1.3) 0
[15:26:05.277]: (0.7, 1.9, 1.3) 0
[15:26:05.295]: (0.7, 1.9, 1.3) 0
[15:26:05.312]: (0.7, 1.9, 1.3) 0
[15:26:05.328]: (0.7, 1.9, 1.3) 0
[15:26:05.346]: (0.7, 1.9, 1.3) 0
[15:26:05.363]: (0.7, 1.9, 1.3) 0
[15:26:05.380]: (0.7, 1.9, 1.3) 0
[15:26:05.397]: (0.7, 1.9, 1.3) 0
[15:26:05.416]: (0.7, 1.9, 1.3) 0
[15:26:05.435]: (0.7, 1.9, 1.3) 0
[15:26:05.451]: (0.7, 1.9, 1.3) 0
[15:26:05.469]: (0.7, 1.9, 1.3) 0
[15:26:05.487]: (0.7, 2.0, 1.3) 0
[15:26:05.505]: (0.7, 2.0, 1.3) 0
[15:26:05.523]: (0.7, 2.0, 1.3) 0
[15:26:05.540]: (0.6, 2.0, 1.3) 0
[15:26:05.558]: (0.6, 2.0, 1.3) 0
[15:26:05.577]: (0.6, 2.0, 1.3) 0
[15:26:05.600]: (0.6, 2.0, 1.3) 0
[15:26:05.620]: (0.7, 2.0, 1.3) 0
[15:26:05.637]: (0.7, 2.0, 1.3) 0
[15:26:05.653]: (0.7, 2.0, 1.3) 0
[15:26:05.671]: (0.7, 2.0, 1.3) 0
[15:26:05.688]: (0.7, 2.0, 1.3) 0
[15:26:05.705]: (0.7, 2.0, 1.3) 0
[15:26:05.721]: (0.7, 2.0, 1.3) 0
[15:26:05.747]: (0.7, 2.0, 1.3) 0
