[16:14:08.723]: (-2.2, -0.9, 0.0) 15
[16:14:08.747]: (-3.3, -2.0, 0.0) 39
[16:14:08.766]: (-3.4, -2.0, 0.0) 39
[16:14:08.788]: (-3.3, -2.0, 0.0) 39
[16:14:08.832]: (-2.4, -0.9, 0.0) 13
[16:14:08.877]: (-2.0, -0.4, 0.0) 11
[16:14:09.105]: (-2.1, -0.4, 0.3) 12
[16:14:09.129]: (-2.8, -1.2, 0.6) 25
[16:14:09.347]: (-2.6, -0.7, 2.4) 27
[16:14:09.680]: (-1.7, 0.5, 2.9) 25
[16:14:10.582]: (-1.4, 1.1, 2.7) 21
[16:14:10.605]: (-1.6, 1.1, 3.4) 27
[16:14:11.122]: (-1.0, 0.9, 2.5) 14
[16:14:11.141]: (-1.0, 0.9, 2.5) 14
[16:14:11.158]: (-1.0, 0.9, 2.4) 14
[16:14:11.179]: (-1.0, 0.9, 2.4) 14
[16:14:11.198]: (-1.0, 0.8, 2.4) 14
[16:14:11.218]: (-0.9, 0.9, 2.4) 14
[16:14:11.251]: (-0.8, 0.7, 1.6) 2
[16:14:11.283]: (-0.8, 0.7, 1.6) 2
[16:14:11.365]: (-1.0, 0.5, 1.9) 9
[16:14:11.388]: (-1.0, 0.6, 1.9) 9
[16:14:11.411]: (-1.0, 0.6, 2.0) 9
[16:14:11.432]: (-1.0, 0.6, 2.0) 9
[16:14:11.765]: (-0.9, 0.8, 1.6) 4
[16:14:11.787]: (-0.9, 0.8, 1.6) 4
[16:14:11.809]: (-0.9, 0.9, 1.6) 4
[16:14:11.830]: (-0.9, 0.9, 1.6) 4
[16:14:11.852]: (-0.9, 0.9, 1.6) 4
[16:14:11.874]: (-0.8, 0.9, 1.6) 4
[16:14:11.894]: (-0.8, 0.9, 1.6) 4
[16:14:12.487]: (-0.8, 1.2, 1.6) 2
[16:14:12.510]: (-1.5, 0.9, 1.9) 17
[16:14:12.576]: (-2.3, 0.6, 2.2) 41
[16:14:12.744]: (-1.8, 0.7, 1.6) 16
[16:14:12.762]: (-1.8, 0.7, 1.6) 16
[16:14:12.780]: (-1.8, 0.8, 1.6) 16
[16:14:12.800]: (-1.5, 0.9, 1.3) 7
[16:14:12.822]: (-1.8, 0.8, 1.6) 16
[16:14:12.845]: (-1.8, 0.8, 1.6) 16
[16:14:12.866]: (-1.5, 0.9, 1.2) 7
[16:14:12.887]: (-1.5, 0.9, 1.3) 7
[16:14:12.955]: (-1.8, 0.9, 1.6) 16
[16:14:13.047]: (-1.9, 0.9, 1.7) 29
[16:14:13.093]: (-1.9, 1.0, 1.7) 29
[16:14:13.117]: (-1.9, 1.0, 1.7) 29
[16:14:13.139]: (-1.9, 1.0, 1.6) 29
[16:14:13.162]: (-1.8, 1.1, 1.5) 16
[16:14:13.187]: (-1.8, 1.0, 1.6) 16
[16:14:13.211]: (-1.8, 1.1, 1.5) 16
[16:14:13.235]: (-1.8, 1.1, 1.5) 16
[16:14:13.261]: (-1.8, 1.1, 1.5) 16
[16:14:13.331]: (-1.8, 1.4, 2.1) 32
[16:14:13.353]: (-1.8, 1.4, 2.1) 32
[16:14:13.378]: (-1.8, 1.4, 2.1) 31
[16:14:13.406]: (-1.8, 1.5, 2.1) 31
[16:14:13.532]: (-1.8, 1.5, 2.1) 33
[16:14:13.632]: (-1.8, 1.5, 2.1) 33
[16:14:13.765]: (-0.7, 1.8, 2.2) 14
[16:14:13.832]: (-0.7, 1.8, 2.2) 14
[16:14:13.865]: (-0.7, 1.8, 2.2) 14
[16:14:14.000]: (-0.6, 1.7, 2.2) 15
[16:14:14.122]: (-0.6, 1.7, 2.2) 15
[16:14:14.143]: (-0.6, 1.7, 2.2) 15
[16:14:14.164]: (-0.6, 1.7, 2.2) 15
[16:14:14.211]: (-0.5, 2.2, 2.8) 25
[16:14:14.231]: (-0.5, 2.2, 2.8) 25
[16:14:14.302]: (-0.5, 2.2, 2.8) 25
[16:14:14.324]: (-0.5, 2.2, 2.8) 25
[16:14:14.347]: (-0.5, 2.2, 2.8) 25
[16:14:14.389]: (-0.5, 2.4, 3.3) 26
[16:14:14.411]: (-0.6, 2.4, 3.3) 26
[16:14:14.437]: (-0.6, 2.4, 3.3) 26
[16:14:14.482]: (-0.6, 2.5, 3.3) 26
[16:14:14.502]: (-0.5, 2.5, 3.3) 26
[16:14:14.811]: (0.2, 2.4, 3.0) 46
[16:14:14.834]: (0.2, 2.4, 3.0) 46
[16:14:15.122]: (-1.0, 2.0, 3.3) 40
[16:14:15.144]: (-1.0, 2.0, 3.3) 40
[16:14:15.165]: (-1.0, 2.0, 3.3) 40
[16:14:15.451]: (-0.6, 1.5, 2.2) 14
[16:14:15.467]: (-0.6, 1.5, 2.2) 14
[16:14:15.483]: (-0.6, 1.5, 2.2) 14
[16:14:15.500]: (-0.6, 1.5, 2.2) 14
[16:14:15.518]: (-0.6, 1.5, 2.2) 14
[16:14:15.535]: (-0.6, 1.5, 2.2) 14
[16:14:15.597]: (-1.1, 1.2, 1.7) 10
[16:14:15.808]: (-1.4, 1.0, 1.5) 18
[16:14:16.189]: (-1.4, 0.9, 1.1) 5
[16:14:16.211]: (-1.4, 0.9, 1.1) 5
[16:14:16.234]: (-1.4, 0.9, 1.1) 5
[16:14:16.256]: (-1.3, 0.9, 1.2) 5
[16:14:16.278]: (-1.3, 0.9, 1.2) 5
[16:14:16.302]: (-1.3, 1.0, 1.2) 5
[16:14:16.324]: (-1.3, 1.1, 1.1) 7
[16:14:16.574]: (-1.6, 1.1, 1.5) 16
[16:14:16.598]: (-1.6, 1.1, 1.5) 16
[16:14:16.622]: (-1.6, 1.1, 1.5) 16
[16:14:16.646]: (-1.6, 1.1, 1.5) 16
[16:14:16.668]: (-1.6, 1.2, 1.5) 16
[16:14:16.690]: (-1.6, 1.2, 1.5) 16
[16:14:16.714]: (-1.6, 1.2, 1.5) 16
[16:14:16.736]: (-1.6, 1.2, 1.5) 16
[16:14:16.760]: (-1.6, 1.2, 1.5) 16
[16:14:16.783]: (-1.6, 1.2, 1.5) 16
[16:14:16.806]: (-1.8, 1.1, 1.5) 29
[16:14:16.861]: (-2.1, 1.2, 1.6) 28
[16:14:16.877]: (-2.1, 1.2, 1.7) 28
[16:14:17.034]: (-2.1, 1.2, 1.6) 28
[16:14:17.062]: (-2.1, 1.2, 1.6) 28
[16:14:17.097]: (-2.1, 1.2, 1.6) 28
[16:14:17.131]: (-2.1, 1.2, 1.6) 28
[16:14:18.078]: (-1.5, 1.4, 2.0) 28
[16:14:18.100]: (-1.5, 1.4, 2.0) 28
[16:14:18.189]: (-1.5, 1.4, 2.0) 28
[16:14:18.459]: (-1.8, 1.5, 2.3) 41
[16:14:18.481]: (-1.8, 1.5, 2.3) 41
[16:14:18.726]: (-1.2, 1.3, 2.2) 31
[16:14:18.748]: (-1.2, 1.3, 2.2) 31
[16:14:18.768]: (-1.2, 1.3, 2.2) 31
[16:14:19.572]: (-1.0, 2.0, 2.4) 36
[16:14:19.595]: (-1.0, 1.9, 2.5) 36
[16:14:19.860]: (-0.4, 1.7, 2.0) 14
[16:14:19.884]: (-0.4, 1.7, 2.0) 14
[16:14:19.905]: (-0.4, 1.7, 2.0) 14
[16:14:19.950]: (-0.4, 1.7, 2.0) 14
[16:14:19.967]: (-0.4, 1.7, 2.0) 15
[16:14:19.984]: (-0.4, 1.7, 2.1) 14
[16:14:20.105]: (-0.4, 1.7, 2.0) 14
[16:14:20.142]: (-0.4, 1.7, 2.0) 15
[16:14:20.175]: (-0.4, 1.7, 2.0) 15
[16:14:20.223]: (-0.4, 1.7, 2.0) 15
[16:14:20.687]: (-0.8, 1.5, 1.5) 8
[16:14:20.711]: (-0.8, 1.5, 1.5) 8
[16:14:20.733]: (-0.8, 1.5, 1.5) 8
[16:14:20.755]: (-0.8, 1.5, 1.5) 8
[16:14:20.777]: (-0.8, 1.5, 1.5) 8
[16:14:20.800]: (-0.8, 1.5, 1.6) 8
[16:14:20.822]: (-0.8, 1.5, 1.5) 8
[16:14:20.844]: (-0.8, 1.5, 1.5) 8
[16:14:20.866]: (-0.8, 1.5, 1.5) 8
[16:14:20.909]: (-0.8, 1.5, 1.5) 8
[16:14:20.932]: (-0.8, 1.5, 1.5) 8
[16:14:20.956]: (-0.8, 1.5, 1.5) 8
[16:14:20.980]: (-0.8, 1.5, 1.5) 8
[16:14:21.549]: (-0.4, 2.2, 1.9) 13
[16:14:21.572]: (-0.4, 2.6, 2.3) 24
[16:14:21.594]: (-0.3, 2.9, 2.7) 26
[16:14:22.997]: (0.4, 2.6, 2.8) 27
[16:14:23.022]: (0.4, 2.6, 2.7) 27
[16:14:24.427]: (-1.2, 1.8, 2.0) 32
[16:14:24.448]: (-1.2, 1.8, 1.9) 32
[16:14:24.470]: (-1.2, 1.8, 1.9) 32
[16:14:24.493]: (-1.2, 1.8, 1.9) 32
[16:14:24.516]: (-1.2, 1.8, 1.9) 32
[16:14:24.536]: (-1.3, 1.9, 2.0) 34
[16:14:24.559]: (-1.3, 1.8, 1.9) 32
[16:14:24.803]: (-1.2, 1.4, 1.4) 18
[16:14:24.828]: (-1.1, 1.4, 1.4) 18
[16:14:24.848]: (-1.1, 1.4, 1.4) 18
[16:14:24.870]: (-1.1, 1.4, 1.4) 18
[16:14:24.893]: (-1.1, 1.4, 1.4) 18
[16:14:24.915]: (-1.1, 1.2, 1.1) 7
[16:14:25.774]: (-0.6, 1.5, 1.5) 8
[16:14:25.792]: (-0.6, 1.5, 1.5) 8
[16:14:25.809]: (-0.6, 1.5, 1.5) 8
[16:14:25.826]: (-0.6, 1.5, 1.5) 8
[16:14:25.842]: (-0.6, 1.5, 1.5) 8
[16:14:25.859]: (-0.5, 1.5, 1.5) 8
[16:14:25.883]: (-0.5, 1.5, 1.5) 8
[16:14:25.904]: (-0.5, 1.5, 1.5) 8
[16:14:25.926]: (-0.5, 1.5, 1.5) 8
[16:14:25.948]: (-0.6, 1.5, 1.5) 8
[16:14:25.969]: (-0.6, 1.5, 1.5) 8
[16:14:25.992]: (-0.6, 1.5, 1.5) 8
[16:14:26.014]: (-0.6, 1.5, 1.5) 8
[16:14:26.037]: (-0.6, 1.5, 1.5) 8
[16:14:26.059]: (-0.6, 1.5, 1.5) 8
[16:14:26.082]: (-0.6, 1.5, 1.5) 8
[16:14:26.103]: (-0.6, 1.5, 1.5) 8
[16:14:26.125]: (-0.6, 1.5, 1.5) 8
[16:14:26.148]: (-0.6, 1.5, 1.5) 8
[16:14:26.170]: (-0.6, 1.4, 1.5) 8
[16:14:26.192]: (-0.6, 1.4, 1.5) 8
[16:14:26.216]: (-0.6, 1.4, 1.5) 8
[16:14:26.236]: (-0.6, 1.4, 1.5) 8
[16:14:26.260]: (-0.6, 1.4, 1.5) 8
[16:14:26.280]: (-0.6, 1.4, 1.6) 8
[16:14:26.356]: (-0.6, 1.4, 1.6) 8
[16:14:26.389]: (-0.6, 1.4, 1.5) 8
[16:14:26.406]: (-0.6, 1.4, 1.5) 8
[16:14:26.424]: (-0.6, 1.4, 1.5) 8
[16:14:26.441]: (-0.6, 1.4, 1.5) 8
[16:14:26.460]: (-0.6, 1.4, 1.5) 8
[16:14:26.477]: (-0.6, 1.4, 1.5) 8
[16:14:27.335]: (-1.2, 1.8, 1.9) 32
[16:14:27.353]: (-1.2, 1.8, 2.0) 32
[16:14:27.370]: (-1.2, 1.8, 1.9) 32
[16:14:27.386]: (-1.2, 1.8, 1.9) 32
[16:14:27.403]: (-1.2, 1.8, 1.9) 32
[16:14:27.420]: (-1.2, 1.8, 1.9) 32
[16:14:27.963]: (-1.4, 1.6, 1.6) 29
[16:14:27.997]: (-1.4, 1.6, 1.6) 29
[16:14:28.062]: (-1.4, 1.6, 1.6) 29
[16:14:28.095]: (-1.5, 1.6, 1.6) 29
[16:14:28.130]: (-1.4, 1.6, 1.5) 16
[16:14:28.162]: (-1.4, 1.6, 1.5) 16
[16:14:28.229]: (-1.4, 1.6, 1.5) 16
[16:14:28.264]: (-1.4, 1.6, 1.4) 16
[16:14:28.296]: (-1.4, 1.6, 1.4) 16
[16:14:28.329]: (-1.1, 1.4, 1.1) 7
[16:14:28.364]: (-1.1, 1.2, 1.2) 5
[16:14:28.484]: (-1.1, 1.2, 1.2) 5
[16:14:28.551]: (-1.2, 1.2, 1.1) 5
[16:14:28.572]: (-1.2, 1.2, 1.1) 5
[16:14:28.596]: (-1.2, 1.2, 1.1) 5
[16:14:28.620]: (-1.2, 1.2, 1.1) 5
[16:14:28.642]: (-1.2, 1.2, 1.1) 5
[16:14:29.125]: (0.1, 1.3, 1.6) 11
[16:14:29.148]: (0.1, 1.3, 1.6) 11
[16:14:29.169]: (0.1, 1.3, 1.6) 11
[16:14:29.193]: (0.1, 1.3, 1.6) 11
[16:14:29.215]: (0.1, 1.3, 1.6) 11
[16:14:29.240]: (0.1, 1.3, 1.6) 11
[16:14:29.552]: (0.0, 1.6, 1.9) 15
[16:14:29.574]: (0.0, 1.6, 1.9) 15
[16:14:29.594]: (0.0, 1.6, 1.9) 15
[16:14:29.873]: (-0.5, 1.4, 1.5) 8
[16:14:29.891]: (-0.6, 1.4, 1.5) 8
[16:14:29.910]: (-0.6, 1.4, 1.5) 8
[16:14:29.930]: (-0.6, 1.4, 1.5) 8
[16:14:29.951]: (-0.6, 1.4, 1.5) 8
[16:14:29.969]: (-0.6, 1.4, 1.5) 8
[16:14:29.988]: (-0.6, 1.4, 1.5) 8
[16:14:30.007]: (-0.6, 1.4, 1.6) 9
[16:14:30.030]: (-0.6, 1.4, 1.6) 9
[16:14:30.055]: (-0.6, 1.4, 1.5) 9
[16:14:30.084]: (-0.6, 1.4, 1.5) 9
[16:14:30.110]: (-0.6, 1.4, 1.5) 9
[16:14:30.135]: (-0.6, 1.4, 1.5) 9
[16:14:30.162]: (-0.6, 1.4, 1.5) 9
[16:14:30.188]: (-0.6, 1.4, 1.5) 9
[16:14:30.210]: (-0.6, 1.4, 1.5) 9
[16:14:30.234]: (-0.6, 1.4, 1.5) 9
[16:14:30.255]: (-0.6, 1.4, 1.5) 9
[16:14:30.278]: (-0.7, 1.3, 1.5) 8
[16:14:30.299]: (-0.7, 1.3, 1.5) 8
[16:14:30.321]: (-0.7, 1.3, 1.5) 8
[16:14:30.345]: (-0.7, 1.3, 1.5) 8
[16:14:30.367]: (-0.7, 1.3, 1.5) 8
[16:14:30.389]: (-0.8, 1.3, 1.5) 8
[16:14:30.768]: (-0.8, 1.3, 1.5) 8
[16:14:30.802]: (-0.8, 1.3, 1.5) 8
[16:14:30.836]: (-0.8, 1.3, 1.5) 8
[16:14:30.869]: (-0.8, 1.3, 1.5) 8
[16:14:31.457]: (0.1, 1.9, 2.5) 24
[16:14:31.679]: (0.1, 1.9, 2.5) 24
[16:14:32.399]: (0.0, 1.8, 2.5) 25
[16:14:32.420]: (0.0, 1.8, 2.5) 25
[16:14:32.442]: (0.0, 1.8, 2.5) 25
[16:14:32.465]: (-0.1, 1.8, 2.5) 25
[16:14:33.745]: (-0.3, 1.6, 2.6) 24
[16:14:33.768]: (-0.3, 1.6, 2.6) 24
[16:14:33.789]: (-0.3, 1.5, 2.6) 24
[16:14:33.812]: (-0.3, 1.6, 2.6) 24
[16:14:34.191]: (-0.4, 1.1, 2.5) 24
[16:14:34.208]: (-0.4, 1.1, 2.5) 24
[16:14:34.225]: (-0.4, 1.2, 2.5) 24
[16:14:34.244]: (-0.4, 1.1, 2.5) 24
[16:14:34.261]: (-0.4, 1.1, 2.5) 24
[16:14:34.278]: (-0.5, 1.1, 2.5) 24
[16:14:34.295]: (-0.4, 1.1, 2.5) 24
[16:14:34.313]: (-0.4, 1.1, 2.5) 24
[16:14:34.497]: (-0.4, 1.1, 2.5) 24
[16:14:36.644]: (-0.5, 1.1, 2.5) 24
[16:14:36.667]: (-0.4, 1.1, 2.5) 24
[16:14:36.780]: (-0.4, 1.1, 2.5) 24
[16:14:40.442]: (-0.4, 1.2, 2.5) 24
[16:14:43.354]: (-0.5, 1.0, 1.9) 13
[16:14:43.374]: (-0.5, 1.0, 1.9) 13
[16:14:43.396]: (-0.5, 1.0, 1.9) 13
[16:14:43.420]: (-0.5, 1.0, 1.9) 13
[16:14:43.442]: (-0.5, 1.0, 1.9) 13
[16:14:43.463]: (-0.5, 1.0, 1.9) 13
[16:14:43.486]: (-0.5, 1.0, 1.9) 13
[16:14:43.508]: (-0.5, 1.0, 1.9) 13
[16:14:43.739]: (-0.5, 1.1, 1.9) 13
[16:14:43.755]: (-0.4, 1.1, 1.9) 13
[16:14:43.772]: (-0.5, 1.0, 1.9) 13
[16:14:43.788]: (-0.5, 1.0, 1.9) 13
[16:14:43.805]: (-0.5, 1.0, 1.9) 13
[16:14:43.821]: (-0.5, 1.0, 1.9) 13
[16:14:43.839]: (-0.5, 1.0, 1.9) 13
[16:14:43.856]: (-0.5, 1.0, 1.9) 13
[16:14:43.874]: (-0.5, 1.0, 1.9) 13
[16:14:43.891]: (-0.5, 1.0, 1.9) 13
[16:14:43.908]: (-0.5, 1.0, 1.9) 13
[16:14:43.927]: (-0.5, 1.0, 1.9) 13
[16:14:43.945]: (-0.5, 1.0, 1.9) 13
[16:14:43.963]: (-0.5, 1.0, 1.9) 13
[16:14:43.980]: (-0.5, 1.0, 1.9) 13
[16:14:43.998]: (-0.5, 1.0, 1.9) 13
[16:14:44.016]: (-0.5, 1.0, 1.9) 13
[16:14:44.033]: (-0.5, 1.0, 1.9) 13
[16:14:44.050]: (-0.5, 1.0, 1.9) 13
[16:14:46.069]: (-0.4, 1.1, 2.5) 24
[16:14:46.215]: (-0.3, 1.1, 2.4) 24
[16:14:46.279]: (-0.3, 1.1, 2.4) 24
[16:14:46.300]: (-0.3, 1.1, 2.4) 24
[16:14:46.323]: (-0.3, 1.1, 2.4) 24
[16:14:46.345]: (-0.4, 1.1, 2.3) 24
[16:14:46.370]: (-0.4, 1.1, 2.3) 24
[16:14:46.391]: (-0.4, 1.1, 2.3) 24
[16:14:46.413]: (-0.3, 1.1, 2.3) 24
[16:14:46.671]: (-0.3, 1.1, 2.4) 24
[16:14:46.705]: (-0.3, 1.1, 2.3) 24
[16:14:47.966]: (-0.3, 1.0, 2.3) 24
[16:14:47.988]: (-0.3, 1.0, 2.2) 24
[16:14:48.010]: (-0.3, 1.0, 2.2) 24
[16:14:48.033]: (-0.3, 1.0, 2.2) 24
[16:14:48.055]: (-0.3, 1.0, 2.2) 24
[16:14:48.078]: (-0.3, 1.0, 2.2) 24
[16:14:48.101]: (-0.3, 1.0, 2.2) 24
[16:14:48.260]: (-0.4, 1.0, 2.2) 24
[16:14:48.277]: (-0.4, 0.9, 2.2) 24
[16:14:48.326]: (-0.4, 0.9, 2.2) 24
[16:14:52.159]: (-0.4, 1.0, 2.2) 24
[16:14:52.239]: (-0.4, 0.9, 2.2) 24
[16:14:53.785]: (-0.4, 0.9, 2.2) 24
[16:14:53.808]: (-0.4, 0.9, 2.2) 24
[16:14:56.191]: (-0.4, 1.0, 2.2) 24
[16:14:56.350]: (-0.4, 0.9, 2.2) 24
[16:14:56.413]: (-0.4, 0.9, 2.2) 24
[16:14:56.546]: (-0.4, 0.9, 2.2) 24
[16:14:56.568]: (-0.4, 0.9, 2.2) 24
[16:14:56.614]: (-0.4, 0.9, 2.2) 24
[16:14:56.635]: (-0.4, 0.9, 2.2) 24
[16:14:56.659]: (-0.4, 0.9, 2.2) 24
[16:14:56.680]: (-0.4, 0.9, 2.2) 24
[16:14:58.436]: (-0.4, 0.9, 2.2) 24
[16:14:58.580]: (-0.4, 0.9, 2.2) 24
[16:14:58.598]: (-0.4, 1.0, 2.2) 24
[16:14:58.616]: (-0.4, 1.0, 2.2) 24
[16:14:58.633]: (-0.4, 1.0, 2.2) 24
[16:14:58.650]: (-0.4, 0.9, 2.2) 24
[16:14:59.555]: (-0.4, 0.9, 2.2) 24
[16:14:59.606]: (-0.4, 0.9, 2.2) 24
[16:14:59.624]: (-0.4, 0.9, 2.2) 24
[16:14:59.640]: (-0.4, 0.9, 2.2) 24
[16:14:59.658]: (-0.4, 0.9, 2.2) 24
[16:14:59.675]: (-0.4, 0.9, 2.2) 24
[16:14:59.692]: (-0.4, 0.9, 2.2) 24
[16:14:59.772]: (-0.4, 0.9, 2.2) 24
[16:14:59.789]: (-0.4, 0.9, 2.2) 24
[16:14:59.806]: (-0.4, 0.9, 2.2) 24
[16:14:59.822]: (-0.4, 0.9, 2.2) 24
[16:14:59.839]: (-0.4, 1.0, 2.2) 24
[16:14:59.856]: (-0.4, 1.0, 2.2) 24
[16:14:59.872]: (-0.4, 1.0, 2.2) 24
[16:14:59.891]: (-0.4, 1.0, 2.2) 24
[16:14:59.914]: (-0.4, 1.0, 2.2) 24
[16:14:59.935]: (-0.4, 1.0, 2.2) 24
[16:14:59.957]: (-0.4, 1.0, 2.2) 24
[16:14:59.979]: (-0.4, 0.9, 2.2) 24
[16:15:00.001]: (-0.4, 0.9, 2.2) 24
[16:15:00.223]: (-0.4, 0.9, 2.2) 24
[16:15:00.289]: (-0.4, 0.9, 2.2) 24
[16:15:00.321]: (-0.4, 0.9, 2.2) 24
[16:15:00.398]: (-0.4, 1.0, 2.2) 24
[16:15:00.524]: (-0.4, 0.9, 2.2) 24
[16:15:00.556]: (-0.4, 0.9, 2.2) 24
[16:15:00.574]: (-0.4, 0.9, 2.2) 24
[16:15:00.593]: (-0.4, 0.9, 2.2) 24
[16:15:00.610]: (-0.4, 0.9, 2.2) 24
[16:15:00.630]: (-0.4, 0.9, 2.2) 24
[16:15:00.649]: (-0.4, 0.9, 2.2) 24
[16:15:00.667]: (-0.4, 0.9, 2.2) 24
[16:15:00.735]: (-0.4, 0.9, 2.2) 24
[16:15:00.756]: (-0.4, 0.9, 2.2) 24
[16:15:00.778]: (-0.4, 0.9, 2.2) 24
[16:15:00.802]: (-0.4, 0.9, 2.2) 24
[16:15:00.823]: (-0.4, 0.9, 2.2) 24
[16:15:00.845]: (-0.4, 0.9, 2.2) 24
[16:15:00.869]: (-0.4, 0.9, 2.2) 24
[16:15:00.891]: (-0.4, 0.9, 2.2) 24
[16:15:00.913]: (-0.4, 0.9, 2.2) 24
[16:15:00.936]: (-0.4, 0.9, 2.2) 24
[16:15:00.961]: (-0.4, 0.9, 2.2) 24
[16:15:00.979]: (-0.4, 0.9, 2.2) 24
[16:15:01.003]: (-0.4, 0.9, 2.2) 24
[16:15:01.023]: (-0.4, 0.9, 2.2) 24
[16:15:01.048]: (-0.4, 0.9, 2.2) 24
[16:15:01.071]: (-0.4, 0.9, 2.2) 24
[16:15:01.091]: (-0.4, 0.9, 2.2) 24
[16:15:01.117]: (-0.4, 0.9, 2.2) 24
[16:15:01.137]: (-0.4, 0.9, 2.2) 24
[16:15:01.158]: (-0.4, 0.9, 2.2) 24
[16:15:01.694]: (-0.4, 0.9, 2.2) 24
[16:15:01.716]: (-0.4, 0.9, 2.2) 24
[16:15:01.738]: (-0.4, 0.9, 2.2) 24
[16:15:02.833]: (0.0, 0.8, 2.0) 21
[16:15:02.855]: (0.0, 0.9, 2.0) 21
[16:15:02.877]: (0.0, 0.9, 2.0) 21
[16:15:02.900]: (0.0, 0.9, 2.0) 21
[16:15:02.923]: (0.0, 0.9, 2.0) 21
[16:15:02.944]: (0.0, 0.9, 2.0) 21
[16:15:02.967]: (0.0, 0.9, 2.0) 21
[16:15:02.988]: (0.0, 0.9, 2.0) 21
[16:15:03.010]: (0.0, 0.9, 2.0) 21
[16:15:03.455]: (-0.4, 1.0, 2.2) 24
[16:15:03.472]: (-0.4, 0.9, 2.2) 24
[16:15:03.490]: (-0.4, 0.9, 2.2) 24
[16:15:03.522]: (-0.4, 0.9, 2.2) 24
[16:15:03.544]: (-0.4, 0.9, 2.2) 24
[16:15:03.568]: (-0.4, 0.9, 2.2) 24
[16:15:03.588]: (-0.4, 0.9, 2.2) 24
[16:15:03.616]: (-0.4, 0.9, 2.2) 24
