[15:44:49.652]: (-0.6, -0.8, 0.0) 0
[15:44:49.673]: (-0.8, -0.6, 0.0) 1
[15:44:49.793]: (-0.8, -0.6, -0.1) 1
[15:44:49.859]: (-0.8, -0.6, -0.1) 1
[15:44:49.883]: (-0.8, -0.6, 0.0) 1
[15:44:50.014]: (-0.8, -0.6, -0.1) 1
[15:44:50.082]: (-0.8, -0.6, -0.1) 1
[15:44:50.104]: (-0.8, -0.6, -0.1) 1
[15:44:50.940]: (-0.4, 0.9, 2.5) 3
[15:44:50.963]: (-0.5, 1.0, 2.5) 3
[15:44:51.669]: (-0.3, 2.3, 2.2) 3
[15:44:51.686]: (-0.3, 2.3, 2.2) 3
[15:44:51.703]: (-0.3, 2.3, 2.2) 3
[15:44:51.725]: (-0.3, 2.6, 3.2) 12
[15:44:51.748]: (-0.2, 2.6, 3.2) 12
[15:44:51.771]: (-0.2, 2.6, 3.2) 12
[15:44:51.793]: (-0.2, 2.6, 3.3) 12
[15:44:51.815]: (-0.3, 2.3, 2.2) 3
[15:44:51.836]: (-0.3, 2.2, 2.2) 3
[15:44:51.858]: (-0.3, 2.3, 2.2) 3
[15:44:51.881]: (-0.4, 2.2, 2.2) 3
[15:44:51.904]: (-0.4, 2.2, 2.2) 3
[15:44:51.926]: (-0.3, 2.2, 2.2) 3
[15:44:51.949]: (-0.3, 2.3, 2.2) 3
[15:44:51.970]: (-0.3, 2.3, 2.2) 3
[15:44:51.991]: (-0.3, 2.3, 2.2) 3
[15:44:52.015]: (-0.4, 2.3, 2.2) 3
[15:44:52.038]: (-0.4, 2.3, 2.2) 3
[15:44:52.711]: (-0.2, 2.9, 1.6) 3
[15:44:52.729]: (-0.2, 2.9, 1.6) 3
[15:44:52.748]: (-0.2, 2.9, 1.6) 3
[15:44:52.768]: (-0.2, 2.9, 1.6) 3
[15:44:52.788]: (-0.2, 2.9, 1.6) 3
[15:44:52.806]: (-0.2, 2.9, 1.6) 3
[15:44:52.824]: (-0.2, 2.9, 1.6) 3
[15:44:52.859]: (-0.2, 2.9, 1.8) 4
[15:44:53.163]: (-0.2, 2.9, 1.8) 4
[15:44:53.193]: (-0.2, 2.9, 1.7) 3
[15:44:53.227]: (-0.2, 2.9, 1.7) 4
[15:44:53.259]: (-0.3, 3.0, 1.7) 4
[15:44:53.292]: (-0.3, 3.0, 1.7) 4
[15:44:53.850]: (0.0, 3.6, 2.3) 13
[15:44:53.873]: (0.0, 3.6, 2.2) 13
[15:44:53.896]: (0.0, 3.5, 2.3) 13
[15:44:53.918]: (-0.1, 3.5, 2.3) 13
[15:44:53.942]: (-0.1, 3.5, 2.3) 13
[15:44:54.181]: (-1.0, 2.9, 2.4) 9
[15:44:54.204]: (-1.0, 2.9, 2.4) 9
[15:44:54.227]: (-1.0, 2.9, 2.5) 9
[15:44:54.314]: (-1.0, 2.9, 2.4) 9
[15:44:54.336]: (-1.0, 2.9, 2.4) 9
[15:44:54.691]: (0.1, 3.4, 2.3) 13
[15:44:54.803]: (-0.1, 2.8, 1.6) 4
[15:44:54.823]: (-0.1, 2.8, 1.6) 4
[15:44:54.844]: (-0.1, 2.8, 1.6) 4
[15:44:54.865]: (-0.1, 2.8, 1.6) 4
[15:44:54.886]: (-0.1, 2.8, 1.6) 4
[15:44:55.086]: (-0.1, 2.7, 1.4) 3
[15:44:55.109]: (-0.2, 2.8, 1.4) 4
[15:44:55.255]: (-0.2, 2.8, 1.4) 4
[15:44:55.278]: (-0.2, 2.8, 1.4) 4
[15:44:55.298]: (-0.2, 2.7, 1.3) 3
[15:44:55.321]: (-0.2, 2.8, 1.4) 4
[15:44:56.176]: (-0.2, 2.7, 1.4) 4
[15:44:56.236]: (-0.2, 2.7, 1.4) 4
[15:44:56.257]: (-0.2, 2.7, 1.4) 4
[15:44:56.280]: (-0.2, 2.7, 1.4) 4
[15:44:56.303]: (-0.2, 2.7, 1.4) 4
[15:44:56.325]: (-0.2, 2.7, 1.4) 4
[15:44:56.346]: (-0.2, 2.7, 1.4) 4
[15:44:56.369]: (-0.2, 2.7, 1.4) 4
[15:44:56.413]: (-0.2, 2.7, 1.4) 4
[15:44:56.435]: (-0.2, 2.7, 1.4) 4
[15:44:57.040]: (-0.2, 2.6, 1.4) 4
[15:44:57.063]: (-0.2, 2.5, 1.3) 3
[15:44:57.085]: (-0.2, 2.5, 1.3) 3
[15:44:57.107]: (-0.3, 2.5, 1.3) 3
[15:44:57.133]: (-0.3, 2.5, 1.3) 3
[15:44:57.153]: (-0.3, 2.5, 1.3) 3
[15:44:57.746]: (-0.3, 2.6, 1.4) 4
[15:44:58.737]: (-1.4, 2.3, 1.6) 6
[15:44:58.757]: (-1.4, 2.2, 1.6) 6
[15:44:58.777]: (-1.4, 2.2, 1.6) 6
[15:44:58.800]: (-1.4, 2.3, 1.6) 6
[15:44:58.822]: (-1.3, 2.2, 1.6) 6
[15:44:58.845]: (-1.3, 2.2, 1.6) 6
[15:44:58.866]: (-1.3, 2.2, 1.6) 6
[15:44:58.889]: (-1.4, 2.2, 1.6) 6
[15:44:58.912]: (-1.4, 2.2, 1.6) 6
[15:44:58.933]: (-1.3, 2.2, 1.6) 6
[15:44:58.955]: (-1.3, 2.2, 1.6) 6
[15:44:58.978]: (-1.4, 2.2, 1.6) 6
[15:44:59.000]: (-1.4, 2.2, 1.6) 6
[15:44:59.022]: (-1.4, 2.2, 1.6) 6
[15:44:59.044]: (-1.4, 2.2, 1.6) 6
[15:44:59.066]: (-1.4, 2.2, 1.6) 6
[15:44:59.089]: (-1.4, 2.2, 1.6) 6
[15:44:59.111]: (-1.4, 2.2, 1.6) 6
[15:44:59.134]: (-1.4, 2.2, 1.6) 6
[15:44:59.200]: (-1.4, 2.2, 1.6) 6
[15:44:59.216]: (-1.4, 2.2, 1.6) 6
[15:44:59.234]: (-1.4, 2.2, 1.6) 6
[15:44:59.253]: (-1.4, 2.2, 1.6) 6
[15:44:59.269]: (-1.3, 2.2, 1.6) 6
[15:44:59.285]: (-1.1, 2.2, 1.4) 5
[15:44:59.302]: (-1.1, 2.1, 1.4) 5
[15:44:59.319]: (-1.1, 2.1, 1.4) 5
[15:44:59.336]: (-1.1, 2.1, 1.4) 5
[15:44:59.352]: (-1.1, 2.1, 1.4) 5
[15:44:59.370]: (-1.1, 2.1, 1.4) 5
[15:44:59.388]: (-1.1, 2.2, 1.4) 5
[15:44:59.404]: (-1.1, 2.1, 1.4) 5
[15:44:59.423]: (-1.1, 2.1, 1.4) 5
[15:44:59.439]: (-1.1, 2.1, 1.4) 5
[15:44:59.457]: (-1.1, 2.1, 1.4) 5
[15:44:59.475]: (-1.1, 2.1, 1.4) 5
[15:44:59.516]: (-1.1, 2.1, 1.4) 5
[15:44:59.541]: (-1.1, 2.1, 1.4) 5
[15:44:59.565]: (-1.1, 2.1, 1.4) 5
[15:45:00.437]: (-0.1, 3.3, 1.8) 13
[15:45:00.636]: (-0.2, 3.3, 1.9) 13
[15:45:00.657]: (-0.2, 3.3, 1.9) 13
[15:45:00.679]: (-0.2, 3.3, 1.9) 13
[15:45:00.701]: (-0.2, 3.3, 1.9) 13
[15:45:00.723]: (-0.2, 3.3, 1.9) 12
[15:45:00.745]: (-0.1, 3.3, 1.9) 12
[15:45:02.954]: (-0.2, 2.4, 1.2) 3
[15:45:04.320]: (-0.3, 2.5, 1.3) 4
[15:45:04.342]: (-0.3, 2.5, 1.3) 4
[15:45:04.364]: (-0.3, 2.5, 1.3) 4
[15:45:04.702]: (-0.3, 2.4, 1.3) 4
[15:45:05.068]: (-0.2, 2.3, 1.3) 3
[15:45:05.085]: (-0.2, 2.3, 1.3) 3
[15:45:05.342]: (-0.3, 2.4, 1.4) 4
[15:45:05.682]: (-0.2, 2.4, 1.3) 4
[15:45:05.699]: (-0.2, 2.4, 1.3) 4
[15:45:06.053]: (-0.3, 2.4, 1.3) 4
[15:45:07.152]: (-1.0, 2.7, 1.8) 7
[15:45:07.241]: (-1.3, 2.6, 1.9) 9
[15:45:07.263]: (-1.3, 2.6, 1.9) 9
[15:45:07.286]: (-1.2, 2.6, 1.9) 9
[15:45:07.308]: (-1.2, 2.6, 1.9) 9
[15:45:07.332]: (-1.2, 2.6, 1.9) 9
[15:45:07.352]: (-1.2, 2.6, 1.9) 9
[15:45:07.549]: (-0.3, 2.4, 1.3) 4
