[17:15:05.067]: (-3.2, -0.4, -0.1) 22
[17:15:05.126]: (-3.5, -1.2, 0.0) 27
[17:15:05.156]: (-3.4, -1.3, 0.0) 27
[17:15:05.173]: (-3.5, -1.2, -0.1) 27
[17:15:05.190]: (-3.5, -1.2, 0.0) 27
[17:15:05.207]: (-3.5, -1.2, -0.1) 27
[17:15:05.281]: (-3.5, -1.2, 0.0) 27
[17:15:05.302]: (-3.5, -1.2, 0.0) 27
[17:15:05.334]: (-2.4, -0.9, 0.0) 13
[17:15:05.366]: (-2.9, -1.3, 0.0) 24
[17:15:05.389]: (-2.9, -1.3, 0.0) 24
[17:15:05.655]: (-2.4, -0.9, 0.0) 13
[17:15:05.833]: (-2.3, -0.9, 0.0) 14
[17:15:06.632]: (-2.1, -0.9, 0.0) 15
[17:15:06.655]: (-2.1, -0.9, 0.0) 15
[17:15:06.677]: (-2.1, -0.9, 0.0) 15
[17:15:06.700]: (-2.1, -0.9, 0.0) 15
[17:15:06.721]: (-2.2, -0.9, 0.1) 15
[17:15:06.739]: (-2.2, -0.9, 0.1) 15
[17:15:06.756]: (-2.2, -0.9, 0.1) 15
[17:15:06.774]: (-2.2, -0.9, 0.1) 15
[17:15:06.791]: (-2.2, -0.9, 0.1) 15
[17:15:06.809]: (-2.2, -0.9, 0.1) 15
[17:15:06.825]: (-2.2, -0.9, 0.1) 15
[17:15:06.840]: (-2.1, -0.9, 0.0) 15
[17:15:06.856]: (-2.1, -0.9, 0.0) 15
[17:15:06.877]: (-2.2, -0.8, 0.0) 15
[17:15:06.894]: (-2.1, -0.8, 0.0) 15
[17:15:06.915]: (-2.2, -0.8, 0.0) 15
[17:15:06.932]: (-2.2, -0.8, 0.0) 15
[17:15:06.949]: (-2.2, -0.8, 0.0) 15
[17:15:06.965]: (-2.2, -0.8, 0.0) 15
[17:15:06.981]: (-2.1, -0.9, 0.0) 15
[17:15:06.998]: (-2.2, -1.0, 0.0) 14
[17:15:07.015]: (-2.3, -0.9, 0.0) 14
[17:15:07.031]: (-2.3, -0.9, 0.0) 14
[17:15:07.047]: (-2.2, -0.9, 0.0) 14
[17:15:07.063]: (-2.3, -1.0, 0.0) 14
[17:15:07.521]: (-2.3, -1.0, 0.0) 13
[17:15:07.542]: (-2.3, -1.0, 0.0) 13
[17:15:07.565]: (-2.3, -0.9, 0.0) 14
[17:15:07.588]: (-2.3, -0.9, 0.0) 14
[17:15:07.610]: (-2.3, -1.0, 0.0) 14
[17:15:08.076]: (-2.9, -1.3, 0.0) 24
[17:15:08.100]: (-2.1, -0.4, -0.1) 11
[17:15:08.143]: (-2.1, -0.5, -0.1) 11
[17:15:08.165]: (-2.1, -0.5, -0.1) 11
[17:15:08.232]: (-2.1, -0.5, -0.1) 11
[17:15:08.433]: (-2.2, -0.8, 0.0) 15
[17:15:08.489]: (-1.6, -0.9, 0.0) 9
[17:15:08.507]: (-1.5, -0.9, 0.0) 8
[17:15:08.523]: (-1.5, -0.9, 0.0) 8
[17:15:08.539]: (-1.5, -0.9, 0.0) 8
[17:15:08.555]: (-1.6, -0.9, 0.0) 9
[17:15:08.572]: (-1.5, -0.9, 0.0) 8
[17:15:08.589]: (-1.5, -0.9, 0.0) 8
[17:15:08.606]: (-1.6, -0.9, 0.0) 8
[17:15:08.681]: (-1.6, -0.9, 0.0) 9
[17:15:08.712]: (-1.5, -0.9, 0.0) 8
[17:15:08.729]: (-1.5, -0.9, 0.0) 8
[17:15:08.746]: (-1.5, -0.9, 0.0) 8
[17:15:08.763]: (-1.5, -0.9, 0.0) 8
[17:15:08.778]: (-1.5, -0.9, 0.0) 8
[17:15:08.796]: (-1.5, -0.9, 0.0) 8
[17:15:08.811]: (-1.5, -0.9, 0.0) 8
[17:15:08.827]: (-1.5, -0.9, 0.0) 8
[17:15:08.844]: (-1.5, -0.9, 0.0) 8
[17:15:08.861]: (-1.5, -0.9, 0.0) 8
[17:15:08.877]: (-1.5, -0.9, 0.0) 8
[17:15:08.894]: (-1.5, -0.9, -0.1) 8
[17:15:08.910]: (-1.5, -1.0, -0.1) 10
[17:15:09.231]: (-1.5, -1.0, -0.1) 10
[17:15:09.253]: (-1.5, -0.9, -0.1) 8
[17:15:09.275]: (-1.5, -0.9, -0.1) 8
[17:15:09.298]: (-1.5, -0.9, -0.1) 8
[17:15:09.321]: (-1.5, -0.9, -0.1) 8
[17:15:09.343]: (-1.5, -0.9, -0.1) 8
[17:15:09.364]: (-1.5, -0.9, -0.1) 8
[17:15:09.382]: (-1.5, -0.9, -0.1) 8
[17:15:09.399]: (-1.5, -0.9, -0.1) 8
[17:15:09.415]: (-1.5, -0.9, -0.1) 8
[17:15:09.432]: (-1.6, -0.9, 0.0) 9
[17:15:09.449]: (-1.5, -0.6, -0.1) 2
[17:15:09.465]: (-1.4, -0.3, -0.1) 3
[17:15:09.496]: (-2.2, -0.8, 0.0) 15
[17:15:09.512]: (-2.2, -0.8, 0.0) 15
[17:15:09.529]: (-2.2, -0.8, 0.0) 15
[17:15:09.545]: (-2.2, -0.8, 0.0) 15
[17:15:09.563]: (-2.1, -0.9, 0.0) 15
[17:15:09.580]: (-2.1, -0.9, 0.0) 15
[17:15:09.597]: (-2.1, -0.9, 0.0) 15
[17:15:09.612]: (-2.1, -0.8, 0.0) 15
[17:15:09.628]: (-2.1, -0.8, 0.0) 15
[17:15:09.644]: (-2.1, -0.8, 0.0) 15
[17:15:09.661]: (-2.2, -0.8, 0.0) 15
[17:15:09.677]: (-2.1, -0.4, 0.0) 11
[17:15:09.737]: (-2.9, -0.5, 0.0) 23
[17:15:09.753]: (-3.8, -0.9, 0.0) 44
[17:15:09.769]: (-3.6, -0.8, 0.0) 46
[17:15:09.785]: (-3.0, -0.4, -0.1) 23
[17:15:09.802]: (-3.8, -0.8, 0.0) 44
[17:15:09.819]: (-3.8, -0.9, 0.0) 44
[17:15:09.842]: (-3.6, -0.8, 0.0) 46
[17:15:09.865]: (-3.6, -0.8, 0.0) 46
[17:15:09.887]: (-3.6, -0.8, 0.0) 46
[17:15:09.909]: (-2.9, -0.4, 0.0) 23
[17:15:09.931]: (-2.9, -0.4, 0.0) 23
[17:15:09.954]: (-2.9, -0.4, 0.0) 23
[17:15:09.975]: (-2.9, -0.5, 0.0) 23
[17:15:09.998]: (-2.9, -0.5, 0.0) 23
[17:15:10.023]: (-2.9, -0.5, 0.0) 23
[17:15:10.042]: (-2.9, -0.5, 0.0) 23
[17:15:10.064]: (-2.9, -0.5, 0.0) 23
[17:15:10.153]: (-2.9, -0.5, 0.0) 23
[17:15:10.175]: (-2.9, -0.4, 0.0) 23
[17:15:10.198]: (-2.9, -0.4, 0.0) 23
[17:15:10.220]: (-2.9, -0.5, 0.0) 23
[17:15:10.237]: (-2.9, -0.5, 0.0) 23
[17:15:10.254]: (-2.9, -0.5, 0.0) 23
[17:15:10.271]: (-2.9, -0.5, 0.0) 23
[17:15:10.288]: (-2.9, -0.5, 0.0) 23
[17:15:10.305]: (-2.9, -0.5, 0.0) 23
[17:15:10.321]: (-2.9, -0.5, 0.0) 23
[17:15:10.339]: (-2.9, -0.4, 0.0) 23
[17:15:10.355]: (-2.9, -0.5, 0.0) 23
[17:15:10.386]: (-2.9, -0.5, 0.0) 23
[17:15:10.584]: (-1.3, -1.3, 0.0) 17
[17:15:10.632]: (-0.9, -1.2, 0.0) 18
[17:15:10.651]: (-0.8, -0.9, -0.1) 7
[17:15:10.731]: (-0.5, -0.9, -0.1) 6
[17:15:10.797]: (-0.9, -2.5, 0.0) 42
[17:15:10.842]: (-1.0, -2.4, 0.0) 43
[17:15:10.931]: (-0.6, -1.9, -0.1) 30
[17:15:11.264]: (-0.7, -1.6, 0.0) 29
[17:15:11.282]: (-0.7, -1.6, 0.0) 29
[17:15:11.298]: (-0.7, -1.6, 0.0) 29
[17:15:11.315]: (-0.7, -1.6, 0.0) 29
[17:15:11.331]: (-0.7, -1.6, 0.0) 29
[17:15:11.348]: (-0.7, -1.6, 0.0) 29
[17:15:11.364]: (-0.7, -1.6, 0.0) 29
[17:15:11.381]: (-0.7, -1.6, 0.0) 29
[17:15:11.397]: (-0.7, -1.6, 0.0) 29
[17:15:11.414]: (-0.7, -1.6, 0.0) 29
[17:15:11.431]: (-0.7, -1.6, 0.0) 29
[17:15:11.448]: (-0.7, -1.6, 0.0) 29
[17:15:11.465]: (-0.7, -1.6, 0.0) 29
[17:15:11.482]: (-0.7, -1.6, 0.0) 29
[17:15:11.499]: (-0.7, -1.6, 0.0) 29
[17:15:11.542]: (-0.8, -0.9, -0.1) 7
[17:15:11.563]: (-1.2, -1.9, 0.0) 34
[17:15:11.587]: (-1.3, -1.3, 0.0) 17
[17:15:11.608]: (-1.4, -1.7, 0.0) 31
[17:15:11.630]: (-1.4, -1.8, 0.0) 31
[17:15:11.653]: (-1.4, -1.8, 0.0) 31
[17:15:11.675]: (-1.4, -1.7, 0.0) 31
[17:15:11.699]: (-1.4, -1.7, 0.0) 31
[17:15:11.720]: (-1.4, -1.7, 0.0) 31
[17:15:11.742]: (-1.4, -1.7, 0.0) 31
[17:15:11.765]: (-1.4, -1.7, 0.0) 31
[17:15:11.787]: (-1.4, -1.7, 0.0) 31
[17:15:11.809]: (-1.4, -1.7, 0.0) 31
[17:15:11.830]: (-1.4, -1.7, 0.0) 31
[17:15:11.852]: (-1.4, -1.7, 0.0) 31
[17:15:11.875]: (-1.4, -1.7, 0.0) 31
[17:15:11.898]: (-1.5, -1.7, 0.0) 31
[17:15:11.919]: (-1.5, -1.8, 0.0) 31
[17:15:11.941]: (-1.5, -0.9, -0.1) 8
[17:15:11.958]: (-1.5, -0.9, -0.1) 8
[17:15:11.975]: (-1.5, -0.9, -0.1) 8
[17:15:11.991]: (-1.5, -0.9, -0.1) 8
[17:15:12.008]: (-1.5, -0.9, -0.1) 8
[17:15:12.024]: (-1.5, -0.9, -0.1) 8
[17:15:12.041]: (-1.5, -0.9, -0.1) 8
[17:15:12.059]: (-1.5, -0.9, -0.1) 8
[17:15:12.075]: (-1.5, -0.9, 0.0) 8
[17:15:12.093]: (-1.5, -0.9, 0.0) 8
[17:15:12.109]: (-1.5, -0.9, -0.1) 8
[17:15:12.126]: (-1.5, -0.9, 0.0) 8
[17:15:12.143]: (-1.5, -0.9, -0.1) 8
[17:15:12.160]: (-1.5, -0.9, -0.1) 8
[17:15:12.177]: (-1.5, -0.9, -0.1) 8
[17:15:12.194]: (-1.5, -0.9, -0.1) 8
[17:15:12.211]: (-1.5, -0.9, -0.1) 8
[17:15:12.227]: (-1.5, -0.9, -0.1) 8
[17:15:12.245]: (-1.5, -0.9, -0.1) 8
[17:15:12.263]: (-1.5, -0.9, -0.1) 8
[17:15:12.279]: (-1.5, -0.9, -0.1) 8
[17:15:12.296]: (-1.5, -0.9, -0.1) 8
[17:15:12.314]: (-1.5, -0.9, 0.0) 8
[17:15:12.330]: (-1.5, -1.0, -0.1) 10
[17:15:12.347]: (-1.5, -0.9, -0.1) 8
[17:15:12.364]: (-1.5, -1.0, -0.1) 10
[17:15:12.383]: (-1.5, -1.0, -0.1) 10
[17:15:12.400]: (-1.5, -1.0, -0.1) 10
[17:15:12.419]: (-1.5, -1.0, -0.1) 10
[17:15:12.441]: (-1.5, -1.0, -0.1) 10
[17:15:12.463]: (-1.5, -1.0, -0.1) 10
[17:15:12.486]: (-1.5, -0.9, -0.1) 8
[17:15:12.509]: (-1.5, -0.9, -0.1) 8
[17:15:12.530]: (-1.5, -0.9, -0.1) 8
[17:15:12.553]: (-1.5, -0.9, -0.1) 8
[17:15:12.798]: (-0.9, -1.2, 0.0) 18
[17:15:15.601]: (-1.6, -0.9, -0.1) 9
[17:15:15.619]: (-2.2, -1.7, 0.0) 36
[17:15:15.635]: (-1.6, -0.9, -0.1) 9
[17:15:15.651]: (-1.6, -0.9, 0.0) 9
[17:15:15.668]: (-1.6, -0.9, 0.0) 9
[17:15:15.688]: (-1.6, -0.9, 0.0) 9
[17:15:15.706]: (-1.6, -0.9, 0.0) 9
[17:15:15.723]: (-1.6, -0.9, 0.0) 9
[17:15:15.740]: (-1.6, -0.9, 0.0) 9
[17:15:15.756]: (-1.6, -0.9, 0.0) 9
[17:15:15.773]: (-1.6, -0.9, 0.0) 9
[17:15:15.790]: (-1.6, -0.9, 0.0) 9
[17:15:15.807]: (-1.6, -0.9, 0.0) 9
[17:15:15.824]: (-1.6, -0.9, 0.0) 9
[17:15:15.842]: (-1.6, -0.9, 0.0) 9
[17:15:15.859]: (-1.6, -0.9, 0.0) 9
[17:15:15.876]: (-1.6, -0.9, 0.0) 9
[17:15:15.894]: (-1.6, -0.9, 0.0) 9
[17:15:15.911]: (-1.6, -0.9, 0.0) 9
[17:15:15.930]: (-1.6, -0.9, 0.0) 9
[17:15:15.951]: (-1.6, -0.9, 0.0) 9
[17:15:15.974]: (-1.6, -0.9, 0.0) 9
[17:15:15.996]: (-1.6, -0.9, 0.0) 9
[17:15:17.306]: (-3.1, -0.4, 1.6) 43
[17:15:17.445]: (-2.1, 0.8, 1.1) 7
[17:15:17.468]: (-3.0, 1.0, 1.7) 32
[17:15:17.490]: (-3.0, 1.3, 1.8) 31
[17:15:17.530]: (-3.4, 1.8, 2.1) 38
[17:15:17.808]: (-2.0, 2.7, 1.8) 17
[17:15:17.830]: (-2.0, 2.7, 1.8) 17
[17:15:17.851]: (-1.9, 2.7, 1.9) 17
[17:15:17.871]: (-2.2, 3.0, 2.2) 32
[17:15:17.892]: (-1.7, 2.9, 1.9) 17
[17:15:17.915]: (-1.3, 2.8, 1.5) 4
[17:15:17.977]: (-1.0, 2.9, 1.4) 3
[17:15:18.522]: (-1.5, 3.1, 2.2) 15
[17:15:18.555]: (-1.5, 2.3, 1.7) 4
[17:15:19.531]: (1.0, 3.1, 1.7) 8
[17:15:19.566]: (0.9, 3.1, 1.8) 8
[17:15:19.588]: (0.8, 3.1, 1.8) 8
[17:15:19.610]: (0.9, 3.1, 1.8) 8
[17:15:19.628]: (0.8, 3.1, 1.8) 8
[17:15:19.649]: (0.7, 2.9, 1.5) 4
[17:15:19.673]: (0.6, 2.9, 1.5) 4
[17:15:19.694]: (0.6, 2.9, 1.5) 4
[17:15:19.983]: (0.6, 2.9, 1.5) 4
[17:15:20.006]: (0.6, 2.9, 1.5) 4
[17:15:20.028]: (0.6, 2.9, 1.5) 4
[17:15:20.049]: (0.6, 2.9, 1.5) 4
[17:15:20.072]: (0.6, 2.9, 1.5) 4
[17:15:20.986]: (0.5, 3.1, 0.3) 4
[17:15:21.049]: (0.5, 3.1, 0.3) 4
[17:15:21.065]: (0.5, 3.1, 0.3) 4
[17:15:21.082]: (0.5, 3.1, 0.3) 4
[17:15:21.099]: (0.5, 3.1, 0.3) 4
[17:15:21.129]: (0.2, 2.8, 0.1) 0
[17:15:21.145]: (0.2, 2.8, 0.0) 0
[17:15:21.163]: (0.2, 2.8, 0.0) 0
[17:15:21.180]: (0.2, 2.8, 0.1) 0
[17:15:21.198]: (0.2, 2.8, 0.1) 0
[17:15:21.215]: (0.2, 2.8, 0.0) 0
[17:15:21.232]: (0.2, 2.8, 0.0) 0
[17:15:21.250]: (0.2, 2.8, 0.0) 0
[17:15:21.470]: (0.2, 3.5, 0.2) 10
[17:15:21.493]: (0.2, 3.4, 0.2) 10
[17:15:21.783]: (-0.1, 3.6, 0.7) 19
[17:15:21.807]: (-0.2, 3.5, 0.7) 19
[17:15:21.831]: (-0.2, 3.5, 0.8) 19
[17:15:21.853]: (-0.2, 3.5, 0.8) 19
[17:15:21.878]: (-0.2, 3.1, 0.6) 8
[17:15:21.903]: (-0.2, 2.7, 0.4) 4
[17:15:21.926]: (-0.2, 2.7, 0.4) 4
[17:15:21.949]: (-0.2, 2.7, 0.4) 4
[17:15:21.970]: (-0.2, 2.7, 0.4) 4
[17:15:21.988]: (-0.2, 2.7, 0.4) 4
[17:15:22.008]: (-0.2, 2.7, 0.4) 4
[17:15:22.091]: (-0.2, 2.7, 0.4) 4
[17:15:22.110]: (-0.2, 2.7, 0.4) 4
[17:15:22.127]: (-0.2, 2.7, 0.4) 4
[17:15:22.160]: (-0.2, 2.7, 0.4) 4
[17:15:22.180]: (-0.2, 2.7, 0.4) 4
[17:15:22.198]: (-0.2, 2.7, 0.4) 4
[17:15:22.216]: (-0.2, 2.7, 0.4) 4
[17:15:22.233]: (-0.2, 2.7, 0.4) 4
[17:15:22.253]: (-0.2, 2.7, 0.4) 4
[17:15:22.272]: (-0.2, 2.7, 0.4) 4
[17:15:22.295]: (-0.2, 2.7, 0.4) 4
[17:15:22.316]: (-0.2, 2.7, 0.4) 4
[17:15:22.784]: (0.2, 4.5, 1.8) 39
[17:15:22.806]: (0.1, 4.4, 1.8) 39
[17:15:23.249]: (-0.1, 2.3, 0.2) 4
[17:15:23.271]: (-0.1, 2.3, 0.2) 4
[17:15:23.294]: (-0.1, 2.3, 0.2) 4
[17:15:23.315]: (-0.1, 2.3, 0.2) 4
[17:15:23.337]: (-0.1, 2.3, 0.2) 4
[17:15:23.360]: (-0.1, 2.3, 0.2) 4
[17:15:23.382]: (-0.1, 2.3, 0.2) 4
[17:15:23.404]: (-0.1, 2.3, 0.2) 4
[17:15:23.427]: (-0.1, 2.3, 0.2) 4
[17:15:23.449]: (-0.1, 2.3, 0.2) 4
[17:15:23.471]: (-0.1, 2.3, 0.2) 4
[17:15:23.902]: (-0.3, 2.0, 0.7) 0
[17:15:24.236]: (-0.3, 1.5, 2.0) 20
[17:15:24.584]: (-0.4, 1.7, 1.5) 8
[17:15:24.618]: (-0.4, 1.7, 1.5) 8
[17:15:24.652]: (-0.4, 1.7, 1.5) 8
[17:15:24.886]: (-0.2, 1.7, 1.2) 2
[17:15:25.443]: (-0.7, 1.7, 1.3) 8
[17:15:25.463]: (-0.7, 1.7, 1.3) 8
[17:15:25.481]: (-0.7, 1.7, 1.3) 8
[17:15:25.503]: (-0.7, 1.7, 1.3) 8
[17:15:25.525]: (-0.7, 1.7, 1.3) 8
[17:15:25.547]: (-0.7, 1.7, 1.3) 8
[17:15:25.571]: (-0.7, 1.7, 1.3) 8
[17:15:25.598]: (-0.7, 1.7, 1.3) 8
[17:15:25.618]: (-0.7, 1.7, 1.3) 8
[17:15:25.637]: (-0.7, 1.7, 1.3) 8
[17:15:25.658]: (-0.7, 1.7, 1.3) 8
[17:15:25.681]: (-0.7, 1.7, 1.3) 8
[17:15:25.703]: (-0.7, 1.7, 1.3) 8
[17:15:25.725]: (-0.7, 1.7, 1.3) 8
[17:15:25.748]: (-0.7, 1.7, 1.3) 8
[17:15:25.770]: (-0.8, 1.7, 1.3) 8
[17:15:25.792]: (-0.7, 1.7, 1.3) 8
[17:15:25.814]: (-0.8, 1.7, 1.3) 8
[17:15:25.837]: (-0.7, 1.7, 1.3) 8
[17:15:25.859]: (-0.7, 1.7, 1.3) 8
[17:15:25.882]: (-0.7, 1.6, 1.3) 8
[17:15:25.906]: (-0.7, 1.6, 1.3) 8
[17:15:25.930]: (-0.7, 1.6, 1.3) 8
[17:15:25.952]: (-0.7, 1.6, 1.3) 8
[17:15:25.974]: (-0.7, 1.6, 1.3) 8
[17:15:25.996]: (-0.7, 1.6, 1.3) 8
[17:15:26.018]: (-0.7, 1.6, 1.3) 8
[17:15:26.040]: (-0.7, 1.6, 1.3) 8
[17:15:26.064]: (-0.7, 1.6, 1.3) 8
[17:15:26.085]: (-0.7, 1.6, 1.3) 8
[17:15:26.107]: (-0.7, 1.6, 1.3) 8
[17:15:26.130]: (-0.7, 1.6, 1.3) 8
[17:15:26.151]: (-0.7, 1.6, 1.3) 8
[17:15:26.175]: (-0.7, 1.6, 1.3) 8
[17:15:26.197]: (-0.7, 1.6, 1.3) 8
[17:15:26.218]: (-0.7, 1.6, 1.3) 8
[17:15:26.241]: (-0.7, 1.6, 1.3) 8
[17:15:26.263]: (-0.7, 1.6, 1.3) 8
[17:15:26.284]: (-0.7, 1.6, 1.3) 8
[17:15:26.307]: (-0.7, 1.6, 1.3) 8
[17:15:26.330]: (-0.7, 1.6, 1.3) 8
[17:15:26.380]: (-1.2, 1.5, 1.5) 19
[17:15:26.396]: (-1.1, 1.5, 1.5) 19
[17:15:26.414]: (-1.2, 1.5, 1.5) 19
[17:15:26.446]: (-1.2, 1.5, 1.6) 19
[17:15:26.464]: (-1.2, 1.5, 1.5) 19
[17:15:26.542]: (-1.2, 1.5, 1.6) 19
[17:15:26.560]: (-1.2, 1.5, 1.6) 19
[17:15:26.614]: (-1.2, 1.5, 1.6) 19
[17:15:26.837]: (-0.8, 1.6, 1.3) 9
[17:15:26.926]: (-0.7, 1.6, 1.3) 8
[17:15:26.993]: (-0.8, 1.6, 1.4) 10
[17:15:27.015]: (-0.7, 1.6, 1.3) 8
[17:15:27.037]: (-0.7, 1.6, 1.3) 8
[17:15:27.058]: (-0.7, 1.6, 1.3) 8
[17:15:27.081]: (-0.7, 1.6, 1.3) 8
[17:15:27.103]: (-0.7, 1.6, 1.3) 8
[17:15:27.126]: (-0.8, 1.6, 1.3) 8
[17:15:27.148]: (-0.8, 1.6, 1.3) 8
[17:15:27.168]: (-0.8, 1.6, 1.3) 8
[17:15:27.192]: (-0.8, 1.6, 1.3) 8
[17:15:27.214]: (-0.8, 1.6, 1.3) 8
[17:15:27.236]: (-0.7, 1.6, 1.3) 8
[17:15:27.255]: (-0.7, 1.6, 1.3) 8
[17:15:27.272]: (-0.7, 1.6, 1.3) 8
[17:15:27.289]: (-0.7, 1.6, 1.3) 8
[17:15:27.307]: (-0.7, 1.6, 1.3) 8
[17:15:27.323]: (-0.7, 1.6, 1.3) 8
[17:15:27.341]: (-0.7, 1.6, 1.3) 8
[17:15:27.358]: (-0.7, 1.6, 1.3) 8
[17:15:27.374]: (-0.7, 1.6, 1.3) 8
[17:15:27.392]: (-0.7, 1.6, 1.3) 8
[17:15:27.409]: (-0.7, 1.6, 1.3) 8
[17:15:27.427]: (-0.7, 1.6, 1.3) 8
[17:15:27.443]: (-0.7, 1.6, 1.3) 8
[17:15:27.505]: (-1.0, 1.9, 1.2) 17
[17:15:27.523]: (-1.0, 1.9, 1.2) 17
[17:15:27.539]: (-1.0, 1.9, 1.2) 17
[17:15:27.556]: (-1.0, 1.9, 1.2) 17
[17:15:27.573]: (-1.0, 1.9, 1.2) 17
[17:15:27.591]: (-1.0, 1.9, 1.2) 17
[17:15:27.608]: (-1.0, 1.9, 1.2) 17
[17:15:27.625]: (-1.0, 1.9, 1.2) 17
[17:15:27.642]: (-1.0, 1.9, 1.2) 17
[17:15:27.661]: (-1.0, 1.9, 1.2) 17
[17:15:27.679]: (-1.0, 1.9, 1.2) 17
[17:15:27.695]: (-1.0, 1.9, 1.2) 17
[17:15:27.714]: (-1.0, 2.1, 1.1) 18
[17:15:27.736]: (-1.0, 2.1, 1.0) 18
[17:15:27.757]: (-1.0, 2.1, 1.0) 18
[17:15:27.782]: (-1.0, 2.1, 1.0) 18
[17:15:27.806]: (-1.0, 2.1, 1.0) 18
[17:15:28.072]: (-0.8, 2.2, 1.1) 18
[17:15:28.096]: (-0.7, 2.2, 1.1) 18
[17:15:28.118]: (-0.7, 2.2, 1.1) 18
[17:15:28.509]: (-0.4, 2.3, 1.1) 18
[17:15:28.530]: (-0.4, 2.3, 1.1) 18
[17:15:28.553]: (-0.4, 2.3, 1.1) 18
[17:15:28.574]: (-0.3, 2.3, 1.2) 18
[17:15:28.600]: (-0.3, 2.3, 1.1) 18
[17:15:28.623]: (-0.3, 2.3, 1.1) 18
[17:15:28.928]: (-0.7, 2.5, 1.5) 31
[17:15:28.963]: (-0.7, 2.5, 1.5) 31
[17:15:30.179]: (-0.8, 1.8, 1.7) 20
[17:15:30.202]: (-0.9, 1.8, 1.7) 20
[17:15:30.224]: (-0.9, 1.8, 1.7) 20
[17:15:30.246]: (-0.9, 1.8, 1.7) 20
[17:15:30.268]: (-0.9, 1.8, 1.7) 20
[17:15:30.292]: (-0.9, 1.8, 1.7) 20
[17:15:30.314]: (-0.9, 1.8, 1.7) 20
[17:15:30.337]: (-0.9, 1.8, 1.7) 20
[17:15:30.360]: (-0.9, 1.8, 1.7) 20
[17:15:30.383]: (-0.9, 1.8, 1.7) 20
[17:15:30.406]: (-0.9, 1.8, 1.7) 20
[17:15:30.428]: (-0.9, 1.8, 1.7) 20
[17:15:30.449]: (-0.9, 1.8, 1.7) 20
[17:15:30.473]: (-0.9, 1.8, 1.7) 20
[17:15:30.493]: (-0.9, 1.8, 1.7) 20
[17:15:30.560]: (-0.4, 1.8, 1.5) 9
[17:15:30.583]: (-0.4, 1.8, 1.4) 9
[17:15:30.605]: (-0.4, 1.8, 1.5) 9
[17:15:30.628]: (-0.4, 1.8, 1.5) 9
[17:15:30.650]: (-0.4, 1.8, 1.5) 9
[17:15:30.907]: (-0.4, 1.8, 1.5) 9
[17:15:30.931]: (-0.4, 1.8, 1.4) 9
[17:15:30.952]: (-0.4, 1.8, 1.4) 9
[17:15:30.974]: (-0.4, 1.8, 1.4) 9
[17:15:32.267]: (-0.4, 2.4, 1.4) 19
[17:15:32.855]: (-0.3, 2.3, 1.4) 19
[17:15:33.822]: (-0.5, 2.3, 1.9) 36
[17:15:35.284]: (-0.2, 1.7, 1.5) 9
[17:15:35.306]: (-0.2, 1.6, 1.5) 9
[17:15:35.328]: (-0.2, 1.7, 1.5) 9
[17:15:35.350]: (-0.2, 1.7, 1.5) 9
[17:15:35.373]: (-0.2, 1.7, 1.5) 9
[17:15:35.394]: (-0.2, 1.7, 1.5) 9
[17:15:35.416]: (-0.2, 1.7, 1.5) 9
[17:15:35.438]: (-0.2, 1.7, 1.5) 9
[17:15:35.458]: (-0.2, 1.7, 1.5) 9
[17:15:35.481]: (-0.2, 1.7, 1.5) 9
[17:15:35.503]: (-0.2, 1.7, 1.5) 9
[17:15:35.526]: (-0.2, 1.7, 1.5) 9
[17:15:35.543]: (-0.2, 1.7, 1.5) 9
[17:15:35.560]: (-0.2, 1.8, 1.5) 9
[17:15:35.578]: (-0.2, 1.8, 1.5) 9
[17:15:35.594]: (-0.2, 1.8, 1.5) 9
[17:15:35.610]: (-0.2, 1.8, 1.5) 9
[17:15:35.630]: (-0.2, 1.7, 1.5) 9
[17:15:35.649]: (-0.2, 1.7, 1.5) 9
[17:15:35.665]: (-0.2, 1.7, 1.5) 9
[17:15:35.683]: (-0.2, 1.7, 1.5) 9
[17:15:35.715]: (-0.1, 1.7, 1.5) 8
[17:15:35.732]: (-0.1, 1.7, 1.5) 8
[17:15:35.748]: (-0.2, 1.7, 1.5) 8
[17:15:35.764]: (-0.1, 1.7, 1.5) 8
[17:15:35.781]: (-0.1, 1.7, 1.5) 8
[17:15:35.800]: (-0.1, 1.7, 1.5) 8
[17:15:35.816]: (-0.1, 1.7, 1.5) 8
[17:15:35.831]: (-0.1, 1.7, 1.5) 8
[17:15:35.847]: (-0.1, 1.7, 1.5) 10
[17:15:35.865]: (-0.1, 1.7, 1.5) 10
[17:15:35.887]: (-0.1, 1.7, 1.5) 8
[17:15:35.910]: (-0.1, 1.7, 1.5) 10
[17:15:35.932]: (-0.1, 1.7, 1.5) 8
[17:15:35.954]: (-0.1, 1.7, 1.5) 10
[17:15:35.977]: (-0.1, 1.7, 1.5) 8
[17:15:35.999]: (-0.1, 1.7, 1.5) 8
[17:15:36.332]: (0.2, 2.4, 1.6) 33
[17:15:36.348]: (0.2, 2.5, 1.5) 33
[17:15:36.364]: (0.2, 2.4, 1.5) 31
[17:15:36.380]: (0.2, 2.4, 1.5) 31
[17:15:36.396]: (0.2, 2.3, 1.5) 31
[17:15:36.413]: (0.2, 2.4, 1.6) 33
[17:15:36.430]: (0.2, 2.4, 1.5) 31
[17:15:36.446]: (0.2, 2.4, 1.5) 31
[17:15:36.464]: (0.2, 2.4, 1.6) 33
[17:15:36.479]: (0.2, 2.4, 1.6) 33
[17:15:36.496]: (0.2, 2.4, 1.5) 31
[17:15:36.511]: (0.2, 2.4, 1.5) 31
[17:15:36.529]: (0.2, 2.4, 1.4) 31
[17:15:36.545]: (0.2, 2.4, 1.4) 31
[17:15:36.562]: (0.2, 2.4, 1.4) 31
[17:15:36.578]: (0.2, 2.4, 1.4) 31
[17:15:36.596]: (0.2, 2.4, 1.4) 31
[17:15:36.613]: (0.2, 2.4, 1.4) 31
[17:15:36.629]: (0.2, 2.4, 1.4) 31
[17:15:36.722]: (0.4, 2.4, 1.4) 32
[17:15:36.739]: (0.4, 2.4, 1.4) 32
[17:15:36.773]: (0.4, 2.4, 1.4) 32
[17:15:36.809]: (0.4, 2.5, 1.5) 34
[17:15:36.832]: (0.4, 2.4, 1.4) 32
[17:15:36.854]: (0.4, 2.4, 1.4) 32
[17:15:36.898]: (0.4, 2.4, 1.4) 34
[17:15:36.965]: (0.3, 2.4, 1.4) 31
[17:15:36.986]: (0.3, 2.4, 1.4) 31
[17:15:37.009]: (0.2, 2.3, 1.4) 31
[17:15:37.031]: (0.2, 2.4, 1.4) 31
[17:15:37.054]: (0.2, 2.3, 1.5) 31
[17:15:37.076]: (0.3, 2.3, 1.4) 31
[17:15:37.099]: (0.3, 2.3, 1.5) 31
[17:15:37.121]: (0.3, 2.3, 1.5) 31
[17:15:37.143]: (0.3, 2.3, 1.5) 31
[17:15:37.165]: (0.3, 2.3, 1.5) 31
[17:15:37.422]: (0.3, 2.3, 1.4) 31
[17:15:37.440]: (0.2, 2.3, 1.4) 31
[17:15:37.459]: (0.2, 2.3, 1.4) 31
[17:15:37.476]: (0.2, 2.3, 1.4) 31
[17:15:37.492]: (0.2, 2.3, 1.4) 31
[17:15:37.509]: (0.2, 2.3, 1.5) 31
[17:15:37.527]: (0.2, 2.3, 1.4) 31
[17:15:37.544]: (0.2, 2.3, 1.4) 31
[17:15:37.562]: (0.2, 2.3, 1.4) 31
[17:15:37.579]: (0.2, 2.3, 1.4) 31
[17:15:37.597]: (0.2, 2.3, 1.4) 31
[17:15:37.615]: (0.2, 2.3, 1.4) 31
[17:15:37.632]: (0.2, 2.3, 1.4) 31
[17:15:37.652]: (0.2, 2.3, 1.4) 31
[17:15:38.022]: (0.3, 2.3, 1.4) 31
[17:15:38.043]: (0.3, 2.3, 1.4) 31
[17:15:38.064]: (0.3, 2.3, 1.5) 31
[17:15:38.088]: (0.3, 2.3, 1.5) 31
[17:15:38.109]: (0.3, 2.3, 1.4) 31
[17:15:38.132]: (0.3, 2.3, 1.4) 31
[17:15:38.154]: (0.3, 2.3, 1.4) 31
[17:15:38.176]: (0.3, 2.3, 1.4) 31
[17:15:38.194]: (0.3, 2.3, 1.4) 31
[17:15:38.211]: (0.3, 2.3, 1.5) 31
[17:15:38.229]: (0.3, 2.3, 1.4) 31
[17:15:38.247]: (0.3, 2.3, 1.4) 31
[17:15:38.266]: (0.3, 2.3, 1.5) 31
[17:15:38.298]: (0.2, 2.4, 1.6) 33
[17:15:38.688]: (0.2, 2.4, 1.6) 33
[17:15:39.123]: (0.2, 2.4, 1.6) 33
[17:15:39.139]: (0.2, 2.4, 1.6) 33
[17:15:39.155]: (0.2, 2.4, 1.6) 33
[17:15:39.171]: (0.2, 2.4, 1.6) 33
[17:15:39.188]: (0.2, 2.3, 1.5) 31
[17:15:39.204]: (0.2, 2.3, 1.5) 31
[17:15:39.220]: (0.2, 2.3, 1.5) 31
[17:15:39.236]: (0.2, 2.3, 1.5) 31
[17:15:39.697]: (-0.2, 3.0, 1.6) 37
[17:15:39.721]: (-0.2, 3.0, 1.6) 37
[17:15:39.741]: (-0.2, 3.0, 1.5) 37
[17:15:39.764]: (-0.2, 3.0, 1.5) 37
[17:15:39.787]: (-0.2, 3.0, 1.5) 37
[17:15:39.809]: (-0.2, 3.0, 1.5) 37
[17:15:39.830]: (-0.2, 3.0, 1.5) 37
[17:15:40.025]: (-0.2, 3.0, 1.6) 37
[17:15:40.057]: (-0.2, 3.0, 1.6) 37
[17:15:40.074]: (-0.2, 3.0, 1.5) 37
[17:15:40.091]: (-0.2, 3.0, 1.5) 37
[17:15:40.107]: (-0.2, 3.0, 1.6) 37
[17:15:40.125]: (-0.2, 3.0, 1.5) 37
[17:15:40.141]: (-0.2, 3.0, 1.6) 37
[17:15:40.486]: (-0.4, 2.7, 1.6) 36
[17:15:40.508]: (-0.4, 2.7, 1.6) 36
[17:15:40.642]: (-0.2, 1.7, 1.5) 9
[17:15:40.803]: (-0.2, 1.8, 1.5) 9
[17:15:40.821]: (-0.2, 1.8, 1.5) 9
[17:15:40.883]: (-0.8, 1.9, 1.5) 15
[17:15:42.692]: (-2.0, 2.4, 1.7) 46
[17:15:42.740]: (-1.7, 2.8, 1.8) 27
[17:15:44.096]: (-1.2, 2.5, 1.6) 24
[17:15:45.063]: (-0.2, 1.7, 1.6) 9
[17:15:45.082]: (-0.1, 1.7, 1.5) 8
[17:15:45.098]: (-0.1, 1.6, 1.5) 8
[17:15:45.130]: (-0.1, 1.6, 1.5) 8
[17:15:45.148]: (-0.2, 1.7, 1.6) 8
[17:15:45.181]: (-0.2, 1.7, 1.5) 9
[17:15:45.212]: (-0.2, 1.7, 1.5) 9
[17:15:45.230]: (-0.2, 1.7, 1.5) 9
[17:15:45.246]: (-0.2, 1.7, 1.5) 9
[17:15:45.310]: (-0.8, 1.9, 1.5) 15
[17:15:45.983]: (-0.8, 1.9, 1.6) 14
[17:15:45.999]: (-0.8, 1.9, 1.5) 15
[17:15:46.017]: (-0.8, 1.9, 1.5) 15
[17:15:46.093]: (-0.8, 1.9, 1.6) 14
[17:15:46.126]: (-0.8, 1.9, 1.6) 14
[17:15:46.265]: (-0.8, 1.9, 1.6) 14
[17:15:46.847]: (-2.3, 2.4, 1.8) 45
[17:15:46.865]: (-2.3, 2.4, 1.8) 45
[17:15:46.883]: (-2.3, 2.4, 1.8) 45
[17:15:46.899]: (-2.3, 2.4, 1.8) 45
[17:15:46.916]: (-2.3, 2.4, 1.8) 45
[17:15:47.261]: (-2.2, 2.4, 1.8) 44
[17:15:47.305]: (-1.8, 2.8, 1.7) 27
[17:15:47.698]: (-0.9, 2.1, 1.6) 13
[17:15:47.848]: (-0.8, 1.8, 1.6) 15
[17:15:48.272]: (-0.1, 1.6, 1.6) 8
[17:15:48.294]: (-0.1, 1.6, 1.5) 8
[17:15:48.316]: (-0.1, 1.7, 1.5) 8
[17:15:48.339]: (-0.1, 1.7, 1.5) 8
[17:15:48.362]: (-0.1, 1.7, 1.5) 8
[17:15:48.382]: (-0.1, 1.7, 1.5) 8
[17:15:48.681]: (-0.1, 1.7, 1.5) 8
[17:15:48.698]: (-0.1, 1.7, 1.5) 8
[17:15:48.715]: (-0.1, 1.7, 1.5) 8
[17:15:48.747]: (-0.2, 1.7, 1.6) 8
[17:15:48.763]: (-0.1, 1.7, 1.5) 8
[17:15:48.779]: (-0.1, 1.7, 1.5) 8
[17:15:48.796]: (-0.1, 1.7, 1.6) 8
[17:15:48.829]: (-0.2, 1.7, 1.5) 8
[17:15:48.846]: (-0.1, 1.7, 1.5) 8
[17:15:48.863]: (-0.1, 1.7, 1.5) 8
[17:15:48.880]: (-0.2, 1.7, 1.6) 8
[17:15:48.896]: (-0.2, 1.7, 1.6) 8
[17:15:48.944]: (-0.2, 1.7, 1.6) 8
[17:15:48.961]: (-0.1, 1.7, 1.5) 8
[17:15:48.982]: (-0.1, 1.7, 1.5) 8
[17:15:49.005]: (-0.1, 1.7, 1.5) 8
[17:15:49.028]: (-0.1, 1.7, 1.5) 8
[17:15:49.049]: (-0.1, 1.7, 1.5) 8
[17:15:49.072]: (-0.1, 1.7, 1.5) 8
[17:15:49.094]: (-0.1, 1.7, 1.5) 8
[17:15:49.116]: (-0.1, 1.7, 1.5) 8
[17:15:49.138]: (-0.1, 1.7, 1.5) 8
[17:15:49.162]: (-0.1, 1.7, 1.5) 8
[17:15:49.183]: (-0.1, 1.7, 1.5) 8
[17:15:49.205]: (-0.1, 1.7, 1.5) 8
[17:15:49.227]: (-0.1, 1.7, 1.5) 8
[17:15:49.249]: (-0.1, 1.7, 1.5) 8
[17:15:49.272]: (-0.2, 1.7, 1.5) 8
[17:15:49.293]: (-0.2, 1.7, 1.5) 8
[17:15:49.316]: (-0.1, 1.7, 1.5) 8
[17:15:49.339]: (-0.1, 1.7, 1.5) 8
[17:15:49.360]: (-0.1, 1.7, 1.5) 8
[17:15:49.382]: (-0.1, 1.7, 1.5) 8
[17:15:49.399]: (-0.1, 1.7, 1.5) 8
[17:15:49.416]: (-0.1, 1.7, 1.5) 8
[17:15:49.432]: (-0.1, 1.7, 1.5) 8
[17:15:49.449]: (-0.1, 1.7, 1.5) 8
[17:15:49.465]: (-0.1, 1.7, 1.5) 8
[17:15:49.482]: (-0.1, 1.7, 1.5) 8
[17:15:49.498]: (-0.1, 1.7, 1.5) 8
[17:15:49.514]: (-0.1, 1.7, 1.5) 8
[17:15:49.530]: (-0.1, 1.7, 1.5) 8
[17:15:49.548]: (-0.1, 1.7, 1.5) 8
[17:15:49.565]: (-0.2, 1.7, 1.5) 9
[17:15:49.582]: (-0.2, 1.7, 1.6) 8
[17:15:49.646]: (-0.2, 1.7, 1.6) 9
[17:15:49.694]: (-0.2, 1.7, 1.6) 9
[17:15:49.710]: (-0.2, 1.7, 1.6) 9
[17:15:49.727]: (-0.2, 1.7, 1.6) 9
[17:15:49.744]: (-0.2, 1.7, 1.6) 9
[17:15:49.762]: (-0.2, 1.7, 1.6) 9
[17:15:49.781]: (-0.2, 1.7, 1.6) 9
[17:15:49.797]: (-0.2, 1.7, 1.6) 9
[17:15:49.814]: (-0.1, 1.7, 1.5) 8
[17:15:49.831]: (-0.1, 1.7, 1.5) 8
[17:15:49.849]: (-0.1, 1.7, 1.5) 8
[17:15:49.865]: (-0.1, 1.7, 1.5) 8
[17:15:49.993]: (-0.1, 1.8, 1.5) 10
[17:15:50.081]: (0.3, 2.3, 1.5) 31
[17:15:50.105]: (0.3, 2.3, 1.5) 31
[17:15:50.127]: (0.3, 2.3, 1.5) 31
[17:15:50.393]: (0.4, 2.4, 1.5) 32
[17:15:50.410]: (0.4, 2.4, 1.5) 32
[17:15:50.429]: (0.4, 2.4, 1.5) 32
[17:15:50.445]: (0.4, 2.4, 1.5) 32
[17:15:50.461]: (0.4, 2.4, 1.5) 32
[17:15:50.477]: (0.4, 2.4, 1.5) 32
[17:15:50.495]: (0.4, 2.4, 1.5) 32
[17:15:50.510]: (0.3, 2.4, 1.5) 32
[17:15:50.541]: (0.3, 2.4, 1.5) 31
[17:15:50.558]: (0.3, 2.4, 1.5) 31
[17:15:50.576]: (0.3, 2.3, 1.4) 31
[17:15:50.593]: (0.3, 2.4, 1.4) 31
[17:15:51.282]: (-0.9, 1.5, 1.6) 12
[17:15:51.313]: (-0.9, 1.5, 1.6) 12
[17:15:51.332]: (-0.9, 1.5, 1.6) 12
[17:15:51.349]: (-0.9, 1.5, 1.6) 12
[17:15:51.366]: (-0.9, 1.5, 1.6) 12
[17:15:51.383]: (-0.9, 1.5, 1.6) 12
[17:15:51.491]: (-0.3, 1.1, 1.5) 3
[17:15:51.508]: (-0.3, 1.1, 1.5) 3
[17:15:51.539]: (-0.3, 1.1, 1.5) 3
[17:15:51.827]: (-0.8, 1.4, 1.6) 11
[17:15:51.849]: (-0.8, 1.4, 1.6) 11
[17:15:51.869]: (-0.8, 1.4, 1.6) 11
[17:15:51.959]: (-0.3, 1.3, 1.5) 2
[17:15:53.217]: (1.1, 2.1, 1.5) 30
[17:15:53.901]: (0.9, 2.0, 1.4) 29
[17:15:53.918]: (0.9, 2.0, 1.4) 29
[17:15:53.966]: (0.9, 2.0, 1.4) 29
[17:15:54.581]: (0.9, 2.0, 1.3) 29
[17:15:54.599]: (0.9, 2.0, 1.4) 29
[17:15:54.615]: (0.9, 1.9, 1.4) 29
[17:15:54.633]: (0.9, 2.0, 1.4) 29
[17:15:54.649]: (0.9, 2.0, 1.4) 29
[17:15:54.669]: (0.9, 1.9, 1.4) 29
[17:15:54.686]: (0.9, 2.0, 1.4) 29
[17:15:54.703]: (0.9, 2.0, 1.4) 29
[17:15:54.719]: (0.9, 1.9, 1.4) 29
[17:15:54.944]: (0.7, 2.1, 1.4) 29
[17:15:54.967]: (0.7, 2.1, 1.4) 29
[17:15:54.989]: (0.7, 2.1, 1.4) 29
[17:15:55.031]: (0.6, 2.2, 1.3) 29
[17:15:55.070]: (0.6, 2.2, 1.3) 29
[17:15:55.093]: (0.6, 2.3, 1.2) 29
[17:15:55.115]: (0.6, 2.3, 1.3) 29
[17:15:55.139]: (0.6, 2.3, 1.3) 29
[17:15:56.129]: (-0.4, 2.9, 1.0) 28
[17:15:56.152]: (-0.4, 2.9, 1.1) 28
[17:15:56.173]: (-0.4, 2.9, 1.1) 28
[17:15:56.194]: (-0.4, 2.9, 1.1) 28
[17:15:56.218]: (-0.4, 2.9, 1.1) 28
[17:15:56.239]: (-0.3, 3.0, 1.1) 28
[17:15:56.262]: (-0.3, 3.0, 1.1) 28
[17:15:56.286]: (-0.3, 3.0, 1.1) 28
[17:15:56.307]: (-0.3, 3.1, 1.2) 30
[17:15:56.328]: (-0.3, 3.1, 1.2) 30
[17:15:56.373]: (-0.3, 3.1, 1.2) 30
[17:15:56.394]: (-0.3, 3.0, 1.2) 28
[17:15:56.418]: (-0.3, 3.1, 1.3) 30
[17:15:56.440]: (-0.3, 3.0, 1.3) 30
[17:15:56.460]: (-0.3, 3.0, 1.3) 30
[17:15:56.502]: (-0.3, 2.8, 1.3) 29
[17:15:56.523]: (-0.3, 2.7, 1.3) 29
[17:15:57.232]: (-0.3, 3.0, 1.3) 28
[17:15:57.248]: (-0.3, 3.0, 1.3) 30
[17:15:57.266]: (-0.3, 3.0, 1.4) 30
[17:15:57.298]: (-0.3, 3.0, 1.4) 30
[17:15:57.360]: (-0.3, 3.0, 1.3) 30
[17:15:57.377]: (-0.3, 3.0, 1.3) 30
[17:15:57.393]: (-0.3, 3.0, 1.3) 30
[17:15:57.410]: (-0.3, 3.0, 1.3) 30
[17:15:57.428]: (-0.3, 3.0, 1.3) 30
[17:15:57.444]: (-0.3, 3.0, 1.3) 30
[17:15:57.461]: (-0.3, 3.0, 1.3) 30
[17:15:57.478]: (-0.3, 3.0, 1.3) 30
[17:15:57.494]: (-0.3, 3.0, 1.3) 30
[17:15:57.526]: (-0.3, 3.0, 1.3) 30
[17:15:57.545]: (-0.3, 3.0, 1.3) 30
[17:15:57.568]: (-0.3, 3.0, 1.3) 30
[17:15:57.590]: (-0.3, 3.0, 1.2) 28
[17:15:57.612]: (-0.3, 3.0, 1.3) 28
[17:15:58.013]: (-0.3, 2.8, 1.3) 29
[17:15:58.283]: (-0.3, 2.8, 1.3) 29
[17:15:58.314]: (-0.3, 2.8, 1.3) 29
[17:15:58.331]: (-0.4, 2.8, 1.3) 29
[17:15:58.347]: (-0.4, 2.8, 1.3) 29
[17:15:58.365]: (-0.3, 2.8, 1.3) 29
[17:15:58.381]: (-0.3, 2.8, 1.3) 29
[17:15:58.397]: (-0.3, 2.8, 1.3) 29
[17:15:58.415]: (-0.3, 2.8, 1.3) 29
[17:15:58.432]: (-0.3, 2.8, 1.3) 29
[17:15:58.448]: (-0.3, 2.7, 1.3) 29
[17:15:58.465]: (-0.3, 2.7, 1.3) 29
[17:15:58.481]: (-0.3, 2.7, 1.3) 29
[17:15:58.500]: (-0.3, 2.8, 1.3) 29
[17:15:58.523]: (-0.3, 2.8, 1.3) 29
[17:15:58.567]: (-0.4, 2.9, 1.2) 28
[17:15:58.590]: (-0.4, 2.9, 1.2) 28
[17:15:58.612]: (-0.4, 2.9, 1.2) 28
[17:15:58.634]: (-0.4, 2.9, 1.2) 28
[17:15:58.657]: (-0.4, 2.9, 1.2) 28
[17:15:58.678]: (-0.4, 2.9, 1.2) 28
[17:15:58.702]: (-0.4, 2.9, 1.2) 28
[17:15:58.723]: (-0.4, 2.9, 1.2) 28
[17:15:58.744]: (-0.4, 2.9, 1.2) 28
[17:15:58.767]: (-0.4, 2.9, 1.2) 28
[17:15:58.790]: (-0.4, 2.9, 1.2) 28
[17:15:58.813]: (-0.4, 2.9, 1.2) 28
[17:15:58.836]: (-0.4, 2.9, 1.2) 28
[17:15:58.859]: (-0.4, 2.9, 1.2) 28
[17:15:58.878]: (-0.4, 2.9, 1.2) 28
[17:15:58.900]: (-0.4, 2.9, 1.2) 28
[17:15:58.924]: (-0.4, 2.9, 1.2) 28
[17:15:58.967]: (-0.4, 3.0, 1.4) 30
[17:15:58.985]: (-0.3, 2.8, 1.3) 29
[17:15:59.001]: (-0.4, 2.8, 1.3) 29
[17:15:59.018]: (-0.3, 2.8, 1.3) 29
[17:15:59.035]: (-0.3, 2.8, 1.3) 29
[17:15:59.053]: (-0.3, 2.8, 1.3) 29
[17:15:59.070]: (-0.3, 2.8, 1.3) 29
[17:15:59.087]: (-0.3, 2.8, 1.3) 29
[17:15:59.104]: (-0.3, 2.8, 1.3) 29
[17:15:59.120]: (-0.3, 2.8, 1.3) 29
[17:15:59.137]: (-0.3, 2.8, 1.3) 29
[17:15:59.153]: (-0.3, 2.7, 1.3) 29
[17:15:59.171]: (-0.3, 2.7, 1.3) 29
[17:15:59.186]: (-0.3, 2.7, 1.3) 29
[17:15:59.203]: (-0.3, 2.7, 1.3) 29
[17:15:59.220]: (-0.3, 2.7, 1.3) 29
[17:15:59.239]: (-0.3, 2.7, 1.3) 29
[17:15:59.259]: (-0.3, 2.7, 1.3) 29
[17:15:59.276]: (-0.3, 2.7, 1.3) 29
[17:15:59.308]: (-0.4, 2.9, 1.2) 28
[17:15:59.325]: (-0.3, 3.0, 1.3) 30
[17:15:59.341]: (-0.3, 3.0, 1.3) 30
[17:15:59.360]: (-0.3, 3.0, 1.2) 28
[17:15:59.376]: (-0.3, 3.0, 1.2) 28
[17:15:59.391]: (-0.3, 3.0, 1.2) 28
[17:15:59.411]: (-0.3, 3.0, 1.2) 28
[17:15:59.435]: (-0.3, 3.0, 1.2) 28
[17:15:59.456]: (-0.3, 3.0, 1.2) 28
[17:15:59.478]: (-0.3, 3.0, 1.3) 30
[17:15:59.500]: (-0.3, 3.0, 1.3) 30
[17:15:59.523]: (-0.3, 3.0, 1.3) 30
[17:15:59.546]: (-0.3, 3.0, 1.3) 30
[17:15:59.566]: (-0.3, 3.0, 1.3) 30
[17:15:59.590]: (-0.3, 3.0, 1.3) 30
[17:15:59.611]: (-0.3, 3.0, 1.3) 30
[17:15:59.634]: (-0.3, 3.0, 1.3) 30
[17:15:59.656]: (-0.3, 3.0, 1.3) 30
[17:15:59.678]: (-0.3, 3.0, 1.3) 30
[17:15:59.700]: (-0.3, 3.0, 1.3) 30
[17:15:59.723]: (-0.3, 3.0, 1.4) 30
[17:15:59.789]: (-0.3, 2.8, 1.3) 29
[17:15:59.833]: (-0.4, 2.8, 1.3) 29
[17:15:59.855]: (-0.3, 2.8, 1.3) 29
[17:15:59.878]: (-0.4, 2.8, 1.3) 29
[17:15:59.896]: (-0.4, 2.8, 1.3) 29
[17:15:59.915]: (-0.4, 2.8, 1.3) 29
[17:15:59.933]: (-0.4, 2.8, 1.3) 29
[17:15:59.950]: (-0.4, 2.8, 1.3) 29
[17:15:59.966]: (-0.4, 2.8, 1.3) 29
[17:16:01.133]: (-0.7, 1.9, 1.8) 10
[17:16:01.156]: (-0.7, 1.9, 1.8) 10
[17:16:01.178]: (-0.7, 1.9, 1.8) 10
[17:16:01.200]: (-0.7, 1.9, 1.8) 10
[17:16:01.222]: (-0.7, 1.9, 1.8) 10
[17:16:01.556]: (-0.6, 1.9, 1.8) 8
[17:16:01.578]: (-0.6, 1.9, 1.8) 8
[17:16:01.597]: (-0.6, 1.9, 1.8) 8
[17:16:01.613]: (-0.6, 1.9, 1.8) 8
[17:16:01.630]: (-0.6, 1.9, 1.8) 8
[17:16:01.646]: (-0.6, 1.9, 1.8) 8
[17:16:01.663]: (-0.6, 1.9, 1.8) 8
[17:16:01.680]: (-0.6, 1.9, 1.8) 8
[17:16:01.952]: (-1.0, 2.0, 1.8) 19
[17:16:01.999]: (-1.1, 2.0, 1.8) 19
[17:16:02.665]: (-0.3, 2.3, 1.5) 18
[17:16:02.682]: (-0.3, 2.3, 1.5) 18
[17:16:02.698]: (-0.3, 2.3, 1.5) 18
[17:16:02.715]: (-0.3, 2.3, 1.5) 18
[17:16:02.732]: (-0.3, 2.3, 1.5) 18
[17:16:02.749]: (-0.3, 2.3, 1.5) 18
[17:16:02.765]: (-0.3, 2.3, 1.5) 18
[17:16:02.782]: (-0.3, 2.3, 1.5) 18
[17:16:02.798]: (-0.3, 2.3, 1.5) 18
[17:16:02.815]: (-0.3, 2.3, 1.5) 18
[17:16:02.833]: (-0.3, 2.3, 1.5) 18
[17:16:02.856]: (-0.3, 2.3, 1.5) 18
[17:16:02.877]: (-0.3, 2.3, 1.5) 18
[17:16:02.899]: (-0.3, 2.3, 1.5) 18
[17:16:02.922]: (-0.3, 2.3, 1.5) 18
[17:16:02.944]: (-0.3, 2.3, 1.5) 18
[17:16:02.966]: (-0.3, 2.3, 1.5) 18
[17:16:02.988]: (-0.3, 2.3, 1.5) 18
[17:16:03.010]: (-0.3, 2.3, 1.5) 18
[17:16:03.032]: (-0.3, 2.3, 1.5) 18
[17:16:03.054]: (-0.3, 2.3, 1.5) 18
[17:16:03.077]: (-0.3, 2.3, 1.5) 18
[17:16:03.099]: (-0.3, 2.3, 1.5) 18
[17:16:03.122]: (-0.3, 2.3, 1.5) 18
[17:16:03.143]: (-0.3, 2.3, 1.5) 18
[17:16:03.165]: (-0.3, 2.3, 1.5) 18
[17:16:03.187]: (-0.3, 2.3, 1.5) 18
[17:16:03.210]: (-0.3, 2.3, 1.5) 18
[17:16:03.233]: (-0.3, 2.3, 1.5) 18
[17:16:03.254]: (-0.3, 2.3, 1.5) 18
[17:16:03.276]: (-0.3, 2.3, 1.5) 18
[17:16:03.298]: (-0.3, 2.3, 1.5) 18
[17:16:03.315]: (-0.3, 2.3, 1.5) 18
[17:16:03.333]: (-0.3, 2.3, 1.5) 18
[17:16:03.350]: (-0.3, 2.3, 1.5) 18
[17:16:03.367]: (-0.3, 2.3, 1.5) 18
[17:16:03.386]: (-0.3, 2.3, 1.5) 18
[17:16:03.403]: (-0.3, 2.3, 1.5) 18
[17:16:03.419]: (-0.3, 2.3, 1.5) 18
[17:16:03.437]: (-0.3, 2.3, 1.5) 18
[17:16:03.454]: (-0.3, 2.3, 1.5) 18
[17:16:03.471]: (-0.3, 2.3, 1.5) 18
[17:16:03.487]: (-0.3, 2.3, 1.5) 18
[17:16:03.504]: (-0.3, 2.3, 1.5) 18
[17:16:03.520]: (-0.3, 2.3, 1.5) 18
[17:16:03.538]: (-0.3, 2.3, 1.5) 18
[17:16:03.553]: (-0.3, 2.3, 1.5) 18
[17:16:03.571]: (-0.3, 2.3, 1.5) 18
[17:16:03.586]: (-0.3, 2.3, 1.5) 18
[17:16:03.604]: (-0.3, 2.3, 1.5) 18
[17:16:03.622]: (-0.3, 2.3, 1.5) 18
[17:16:03.639]: (-0.3, 2.3, 1.5) 18
[17:16:03.656]: (-0.3, 2.3, 1.5) 18
[17:16:03.673]: (-0.3, 2.3, 1.5) 18
[17:16:05.176]: (-0.6, 1.9, 1.9) 10
[17:16:05.192]: (-0.6, 1.9, 1.8) 10
[17:16:05.239]: (-0.6, 1.9, 1.9) 10
[17:16:05.487]: (-0.6, 1.9, 1.8) 10
[17:16:05.967]: (-0.6, 1.9, 1.8) 10
[17:16:06.311]: (-1.2, 1.9, 2.0) 20
[17:16:06.331]: (-1.2, 1.9, 1.9) 20
[17:16:06.353]: (-1.2, 1.9, 2.0) 20
[17:16:06.375]: (-1.2, 1.9, 1.9) 20
[17:16:06.398]: (-1.2, 1.9, 1.9) 20
[17:16:06.420]: (-1.2, 1.9, 1.9) 20
[17:16:06.444]: (-1.2, 1.9, 1.9) 20
[17:16:06.465]: (-1.2, 1.8, 1.9) 20
[17:16:06.487]: (-1.2, 1.8, 1.9) 20
[17:16:06.511]: (-1.2, 1.8, 1.9) 20
[17:16:06.531]: (-1.2, 1.8, 1.9) 20
[17:16:06.553]: (-1.2, 1.8, 1.9) 20
[17:16:06.575]: (-1.2, 1.8, 1.9) 20
[17:16:06.598]: (-1.2, 1.8, 1.9) 20
[17:16:06.619]: (-1.2, 1.8, 1.9) 20
[17:16:07.177]: (-0.6, 1.9, 1.8) 10
[17:16:07.342]: (-1.2, 1.8, 2.0) 20
[17:16:07.409]: (-1.8, 1.5, 2.3) 24
[17:16:07.476]: (-1.8, 1.4, 2.4) 25
[17:16:07.496]: (-1.8, 1.4, 2.3) 25
