[20:47:56.841]: (-0.9, 2.3, 1.3) 7
[20:47:56.865]: (-0.8, 2.3, 1.4) 7
[20:47:56.888]: (-0.8, 2.3, 1.4) 7
[20:47:57.152]: (-0.6, 2.1, 1.6) 7
[20:47:57.172]: (-0.6, 2.0, 1.6) 7
[20:47:57.197]: (-0.6, 2.0, 1.6) 7
[20:47:57.530]: (-0.7, 2.1, 1.4) 8
[20:47:57.574]: (-0.7, 2.0, 1.5) 8
[20:47:57.597]: (-0.7, 2.1, 1.4) 8
[20:47:57.618]: (-0.7, 2.0, 1.4) 8
[20:47:57.642]: (-0.7, 2.1, 1.5) 8
[20:47:57.664]: (-0.7, 2.1, 1.6) 7
[20:47:57.754]: (-0.6, 2.0, 1.6) 7
[20:47:57.799]: (-0.6, 2.0, 1.6) 7
[20:47:57.821]: (-0.6, 2.0, 1.6) 7
[20:47:57.844]: (-0.6, 2.0, 1.6) 7
[20:47:57.866]: (-0.6, 2.0, 1.6) 7
[20:47:57.887]: (-0.6, 2.0, 1.6) 7
[20:47:57.910]: (-0.6, 2.0, 1.6) 7
[20:47:57.932]: (-0.6, 2.1, 1.6) 7
[20:47:57.949]: (-0.6, 2.1, 1.6) 7
[20:47:57.965]: (-0.6, 2.1, 1.6) 7
[20:47:57.999]: (-0.6, 2.1, 1.6) 7
[20:47:58.017]: (-0.6, 2.1, 1.6) 7
[20:47:58.080]: (-0.6, 2.1, 1.6) 7
[20:47:58.287]: (-0.4, 1.9, 1.2) 0
[20:47:58.397]: (-0.4, 1.9, 1.1) 0
[20:47:58.418]: (-0.4, 1.9, 1.1) 0
[20:47:58.480]: (-0.4, 1.8, 1.0) 0
[20:47:58.740]: (-0.4, 2.0, 1.2) 6
[20:47:58.808]: (-0.4, 2.0, 1.2) 6
[20:47:58.838]: (-0.5, 2.0, 1.2) 6
[20:47:58.940]: (-0.4, 2.0, 1.2) 6
[20:47:59.519]: (-0.2, 1.8, 1.0) 0
[20:47:59.541]: (-0.2, 1.8, 0.9) 0
[20:47:59.563]: (-0.2, 1.8, 0.9) 0
[20:47:59.585]: (-0.2, 1.8, 0.9) 0
[20:47:59.608]: (-0.2, 1.8, 0.9) 0
[20:47:59.628]: (-0.2, 1.8, 0.9) 0
[20:47:59.651]: (-0.2, 1.8, 0.9) 0
[20:47:59.673]: (-0.2, 1.8, 0.8) 0
[20:47:59.695]: (-0.2, 1.8, 0.8) 0
[20:47:59.717]: (-0.2, 1.8, 0.8) 0
[20:47:59.739]: (-0.2, 1.8, 0.8) 0
[20:48:01.160]: (0.0, 1.7, 0.6) 0
[20:48:01.406]: (0.0, 1.7, 0.6) 0
[20:48:02.204]: (-0.1, 1.7, 0.6) 0
[20:48:02.527]: (-0.1, 1.7, 0.6) 0
[20:48:02.543]: (-0.1, 1.7, 0.6) 0
[20:48:03.227]: (-0.1, 1.7, 0.6) 0
[20:48:03.246]: (-0.1, 1.7, 0.6) 0
[20:48:03.265]: (-0.1, 1.7, 0.6) 0
[20:48:03.282]: (-0.1, 1.7, 0.6) 0
[20:48:03.449]: (-0.1, 1.7, 0.6) 0
[20:48:03.467]: (-0.1, 1.7, 0.6) 0
[20:48:03.483]: (-0.1, 1.7, 0.6) 0
[20:48:03.501]: (-0.1, 1.7, 0.6) 0
[20:48:03.582]: (-0.1, 1.7, 0.6) 0
[20:48:03.604]: (-0.1, 1.7, 0.6) 0
[20:48:03.627]: (-0.1, 1.7, 0.6) 0
[20:48:03.651]: (-0.1, 1.7, 0.6) 0
[20:48:03.673]: (-0.1, 1.7, 0.6) 0
[20:48:03.693]: (-0.1, 1.7, 0.6) 0
[20:48:03.716]: (-0.1, 1.7, 0.6) 0
[20:48:03.738]: (-0.1, 1.7, 0.6) 0
[20:48:03.760]: (-0.1, 1.7, 0.6) 0
[20:48:03.783]: (-0.1, 1.7, 0.6) 0
[20:48:03.804]: (-0.1, 1.7, 0.6) 0
[20:48:03.826]: (-0.1, 1.7, 0.6) 0
[20:48:03.849]: (-0.1, 1.7, 0.6) 0
[20:48:03.871]: (-0.1, 1.7, 0.6) 0
[20:48:03.893]: (-0.1, 1.7, 0.6) 0
[20:48:03.917]: (-0.1, 1.7, 0.6) 0
[20:48:03.938]: (-0.1, 1.7, 0.6) 0
[20:48:03.964]: (-0.1, 1.7, 0.6) 0
[20:48:03.984]: (-0.1, 1.7, 0.6) 0
[20:48:04.005]: (-0.1, 1.7, 0.6) 0
[20:48:04.027]: (-0.1, 1.7, 0.6) 0
[20:48:04.046]: (-0.1, 1.7, 0.6) 0
[20:48:04.063]: (-0.1, 1.7, 0.6) 0
[20:48:04.079]: (-0.1, 1.7, 0.6) 0
[20:48:04.097]: (-0.1, 1.7, 0.6) 0
[20:48:04.116]: (-0.1, 1.7, 0.6) 0
[20:48:04.135]: (-0.1, 1.7, 0.6) 0
[20:48:04.154]: (-0.1, 1.7, 0.6) 0
[20:48:04.171]: (-0.1, 1.7, 0.6) 0
[20:48:04.190]: (-0.1, 1.7, 0.6) 0
[20:48:04.209]: (-0.1, 1.7, 0.6) 0
[20:48:04.225]: (-0.1, 1.7, 0.6) 0
[20:48:04.245]: (0.0, 1.7, 0.6) 0
[20:48:04.264]: (0.0, 1.7, 0.6) 0
[20:48:04.282]: (-0.1, 1.7, 0.6) 0
[20:48:04.299]: (-0.1, 1.7, 0.6) 0
[20:48:04.318]: (-0.1, 1.7, 0.6) 0
[20:48:04.335]: (-0.1, 1.7, 0.6) 0
[20:48:04.351]: (-0.1, 1.7, 0.6) 0
[20:48:04.369]: (-0.1, 1.7, 0.6) 0
[20:48:04.389]: (-0.1, 1.7, 0.6) 0
[20:48:04.408]: (-0.1, 1.7, 0.6) 0
[20:48:04.425]: (-0.1, 1.7, 0.6) 0
[20:48:04.445]: (-0.1, 1.7, 0.6) 0
[20:48:04.466]: (-0.1, 1.7, 0.6) 0
[20:48:04.485]: (-0.1, 1.7, 0.6) 0
[20:48:04.502]: (-0.1, 1.7, 0.6) 0
[20:48:04.521]: (-0.1, 1.7, 0.6) 0
[20:48:04.542]: (-0.1, 1.7, 0.6) 0
[20:48:04.561]: (0.0, 1.7, 0.6) 0
[20:48:04.582]: (0.0, 1.7, 0.6) 0
[20:48:04.603]: (0.0, 1.7, 0.6) 0
[20:48:04.622]: (0.0, 1.7, 0.6) 0
[20:48:04.641]: (0.0, 1.7, 0.6) 0
[20:48:04.662]: (0.0, 1.7, 0.6) 0
[20:48:04.685]: (0.0, 1.7, 0.6) 0
[20:48:04.707]: (0.0, 1.7, 0.6) 0
[20:48:04.727]: (0.0, 1.7, 0.6) 0
[20:48:04.749]: (0.0, 1.7, 0.6) 0
[20:48:04.773]: (0.0, 1.7, 0.6) 0
[20:48:04.794]: (0.0, 1.7, 0.6) 0
[20:48:04.820]: (0.0, 1.7, 0.6) 0
[20:48:04.844]: (0.0, 1.7, 0.6) 0
[20:48:04.871]: (0.0, 1.7, 0.6) 0
[20:48:04.894]: (0.0, 1.7, 0.6) 0
[20:48:04.921]: (0.0, 1.7, 0.6) 0
[20:48:04.943]: (0.0, 1.7, 0.6) 0
[20:48:04.966]: (0.0, 1.7, 0.6) 0
[20:48:04.988]: (0.0, 1.7, 0.6) 0
[20:48:05.012]: (-0.1, 1.7, 0.6) 0
[20:48:05.034]: (0.0, 1.7, 0.6) 0
[20:48:05.054]: (0.0, 1.7, 0.6) 0
[20:48:05.072]: (0.0, 1.7, 0.6) 0
[20:48:05.089]: (0.0, 1.7, 0.6) 0
[20:48:05.108]: (0.0, 1.7, 0.6) 0
[20:48:05.124]: (0.0, 1.7, 0.6) 0
[20:48:05.140]: (0.0, 1.7, 0.6) 0
[20:48:05.156]: (0.0, 1.7, 0.6) 0
[20:48:05.175]: (0.0, 1.7, 0.6) 0
[20:48:05.191]: (0.0, 1.7, 0.6) 0
[20:48:05.207]: (0.0, 1.7, 0.6) 0
[20:48:05.225]: (0.0, 1.7, 0.6) 0
[20:48:05.243]: (0.0, 1.7, 0.6) 0
[20:48:05.261]: (0.0, 1.7, 0.6) 0
[20:48:05.278]: (0.0, 1.7, 0.6) 0
[20:48:05.297]: (0.0, 1.7, 0.6) 0
[20:48:05.314]: (0.0, 1.7, 0.6) 0
[20:48:05.331]: (0.0, 1.7, 0.6) 0
[20:48:05.347]: (0.0, 1.7, 0.6) 0
[20:48:05.364]: (0.0, 1.7, 0.6) 0
[20:48:05.381]: (0.0, 1.7, 0.6) 0
[20:48:05.398]: (0.0, 1.7, 0.6) 0
[20:48:05.414]: (0.0, 1.7, 0.6) 0
[20:48:05.431]: (0.0, 1.7, 0.6) 0
[20:48:05.447]: (0.0, 1.7, 0.6) 0
[20:48:05.464]: (0.0, 1.7, 0.6) 0
[20:48:05.482]: (0.0, 1.7, 0.6) 0
[20:48:05.499]: (0.0, 1.7, 0.6) 0
[20:48:05.516]: (0.0, 1.7, 0.6) 0
[20:48:05.532]: (0.0, 1.7, 0.6) 0
[20:48:05.550]: (0.0, 1.7, 0.6) 0
[20:48:05.638]: (0.0, 1.7, 0.6) 0
[20:48:05.656]: (0.0, 1.7, 0.6) 0
[20:48:05.702]: (-0.2, 2.1, 0.7) 6
[20:48:05.725]: (-0.2, 2.0, 0.6) 8
[20:48:05.748]: (-0.2, 2.1, 0.6) 6
[20:48:05.792]: (-0.2, 2.1, 0.6) 6
[20:48:05.814]: (-0.2, 2.0, 0.6) 8
[20:48:05.835]: (-0.2, 2.0, 0.6) 8
[20:48:05.858]: (-0.2, 2.0, 0.6) 8
[20:48:05.881]: (-0.2, 2.0, 0.6) 8
[20:48:05.902]: (-0.2, 2.0, 0.6) 8
[20:48:05.924]: (-0.2, 2.0, 0.6) 8
[20:48:05.948]: (-0.2, 2.0, 0.6) 8
[20:48:05.970]: (-0.2, 2.0, 0.6) 8
[20:48:05.992]: (-0.2, 2.0, 0.6) 8
[20:48:06.015]: (-0.2, 2.0, 0.5) 8
[20:48:06.034]: (-0.3, 2.0, 0.5) 8
[20:48:06.050]: (-0.2, 2.0, 0.5) 8
[20:48:06.067]: (-0.3, 2.0, 0.5) 8
[20:48:06.083]: (-0.2, 2.0, 0.5) 8
[20:48:06.100]: (-0.3, 2.0, 0.5) 8
[20:48:06.116]: (-0.3, 2.0, 0.5) 8
[20:48:06.134]: (-0.3, 2.0, 0.5) 8
[20:48:06.152]: (-0.3, 2.0, 0.5) 8
[20:48:06.182]: (-0.3, 2.0, 0.5) 8
[20:48:06.200]: (-0.3, 2.0, 0.5) 8
[20:48:06.217]: (-0.2, 2.0, 0.5) 8
[20:48:06.233]: (-0.3, 2.0, 0.5) 8
[20:48:06.249]: (-0.3, 2.0, 0.5) 8
[20:48:06.268]: (-0.3, 2.0, 0.5) 8
[20:48:06.323]: (-0.3, 2.0, 0.5) 8
[20:48:06.356]: (-0.3, 2.0, 0.5) 8
[20:48:06.403]: (-0.3, 2.0, 0.5) 8
[20:48:06.421]: (-0.3, 2.0, 0.5) 8
[20:48:06.436]: (-0.3, 2.0, 0.5) 8
[20:48:06.453]: (-0.3, 2.0, 0.5) 8
[20:48:06.470]: (-0.3, 2.0, 0.5) 8
[20:48:06.487]: (-0.3, 2.0, 0.5) 8
[20:48:06.504]: (-0.3, 2.0, 0.5) 8
[20:48:06.527]: (-0.3, 2.0, 0.5) 8
[20:48:06.548]: (-0.3, 2.0, 0.5) 8
[20:48:06.569]: (-0.3, 2.0, 0.5) 8
[20:48:06.615]: (-0.3, 2.0, 0.5) 8
[20:48:06.635]: (-0.3, 2.0, 0.5) 8
[20:48:06.660]: (-0.3, 2.0, 0.5) 8
[20:48:06.680]: (-0.3, 2.0, 0.5) 8
[20:48:06.702]: (-0.3, 2.0, 0.5) 8
[20:48:06.724]: (-0.3, 2.0, 0.5) 8
[20:48:06.749]: (-0.3, 2.0, 0.5) 8
[20:48:06.769]: (-0.3, 2.0, 0.5) 8
[20:48:06.791]: (-0.3, 2.0, 0.5) 8
[20:48:06.815]: (-0.3, 2.0, 0.5) 8
[20:48:06.836]: (-0.3, 2.0, 0.5) 8
[20:48:06.858]: (-0.3, 2.0, 0.5) 8
[20:48:06.880]: (-0.3, 2.0, 0.5) 8
[20:48:06.902]: (-0.3, 2.0, 0.5) 8
[20:48:06.925]: (-0.3, 2.0, 0.5) 8
[20:48:07.015]: (-0.3, 2.0, 0.5) 8
[20:48:07.032]: (-0.3, 2.0, 0.5) 8
[20:48:07.092]: (-0.3, 2.0, 0.5) 8
[20:48:08.694]: (-0.1, 2.1, 0.6) 7
[20:48:08.845]: (-0.1, 2.1, 0.6) 7
[20:48:09.868]: (-0.2, 2.0, 0.5) 8
[20:48:09.886]: (-0.2, 2.0, 0.5) 8
[20:48:09.901]: (-0.2, 2.0, 0.5) 8
[20:48:09.923]: (-0.2, 2.0, 0.5) 8
[20:48:09.945]: (-0.2, 2.0, 0.5) 8
[20:48:09.968]: (-0.2, 2.0, 0.5) 8
[20:48:09.990]: (-0.2, 2.0, 0.5) 8
[20:48:10.013]: (-0.2, 2.0, 0.5) 8
[20:48:10.038]: (-0.2, 2.0, 0.5) 8
[20:48:10.056]: (-0.2, 2.0, 0.5) 8
[20:48:10.079]: (-0.2, 2.0, 0.5) 8
[20:48:10.101]: (-0.2, 2.0, 0.5) 8
[20:48:10.123]: (-0.2, 2.0, 0.5) 8
[20:48:10.146]: (-0.2, 2.0, 0.5) 8
[20:48:10.168]: (-0.2, 2.0, 0.5) 8
[20:48:10.190]: (-0.2, 2.0, 0.5) 8
[20:48:10.213]: (-0.2, 2.0, 0.5) 8
[20:48:10.234]: (-0.2, 2.0, 0.5) 8
[20:48:10.257]: (-0.2, 2.0, 0.5) 8
[20:48:10.279]: (-0.2, 2.0, 0.5) 8
[20:48:10.300]: (-0.2, 2.0, 0.5) 8
[20:48:10.324]: (-0.2, 2.0, 0.5) 8
[20:48:10.345]: (-0.2, 2.0, 0.5) 8
[20:48:10.362]: (-0.2, 2.0, 0.5) 8
[20:48:10.379]: (-0.2, 2.0, 0.5) 8
[20:48:10.396]: (-0.2, 2.0, 0.5) 8
[20:48:10.414]: (-0.2, 2.0, 0.5) 8
[20:48:10.432]: (-0.2, 2.0, 0.5) 8
[20:48:10.448]: (-0.2, 2.0, 0.5) 8
[20:48:10.464]: (-0.2, 2.0, 0.5) 8
[20:48:10.481]: (-0.2, 2.0, 0.5) 8
[20:48:10.499]: (-0.2, 2.0, 0.5) 8
[20:48:10.516]: (-0.2, 2.0, 0.5) 8
[20:48:10.533]: (-0.2, 2.0, 0.5) 8
[20:48:10.549]: (-0.2, 2.0, 0.5) 8
[20:48:10.567]: (-0.2, 2.0, 0.5) 8
[20:48:10.585]: (-0.2, 2.0, 0.5) 8
[20:48:10.601]: (-0.2, 2.0, 0.5) 8
[20:48:10.619]: (-0.2, 2.0, 0.5) 8
[20:48:10.635]: (-0.2, 2.0, 0.5) 8
[20:48:10.652]: (-0.2, 2.0, 0.5) 8
[20:48:10.668]: (-0.2, 2.0, 0.5) 8
[20:48:10.683]: (-0.2, 2.0, 0.5) 8
[20:48:10.700]: (-0.2, 2.0, 0.5) 8
[20:48:10.718]: (-0.2, 2.0, 0.5) 8
[20:48:10.735]: (-0.2, 2.0, 0.5) 8
[20:48:10.751]: (-0.2, 2.0, 0.5) 8
[20:48:10.767]: (-0.2, 2.0, 0.5) 8
[20:48:10.783]: (-0.2, 2.0, 0.5) 8
[20:48:10.801]: (-0.2, 2.0, 0.5) 8
[20:48:10.824]: (-0.2, 2.0, 0.5) 8
[20:48:10.845]: (-0.2, 2.0, 0.5) 8
[20:48:10.867]: (-0.2, 2.1, 0.5) 8
[20:48:10.891]: (-0.2, 2.0, 0.5) 8
[20:48:10.912]: (-0.2, 2.0, 0.5) 8
[20:48:10.933]: (-0.2, 2.0, 0.5) 8
[20:48:10.956]: (-0.2, 2.0, 0.6) 8
[20:48:10.978]: (-0.2, 2.0, 0.5) 8
[20:48:11.000]: (-0.2, 2.0, 0.5) 8
[20:48:11.023]: (-0.2, 2.0, 0.5) 8
[20:48:11.045]: (-0.2, 2.0, 0.5) 8
[20:48:11.068]: (-0.2, 2.0, 0.5) 8
[20:48:11.089]: (-0.2, 2.0, 0.5) 8
[20:48:11.113]: (-0.2, 2.0, 0.5) 8
[20:48:11.134]: (-0.2, 2.0, 0.5) 8
[20:48:11.156]: (-0.2, 2.0, 0.5) 8
[20:48:11.179]: (-0.2, 2.0, 0.5) 8
[20:48:11.200]: (-0.2, 2.0, 0.5) 8
[20:48:11.222]: (-0.2, 2.0, 0.5) 8
[20:48:11.245]: (-0.2, 2.0, 0.5) 8
[20:48:11.262]: (-0.2, 2.0, 0.5) 8
[20:48:11.278]: (-0.2, 2.0, 0.5) 8
[20:48:11.294]: (-0.2, 2.0, 0.5) 8
[20:48:11.311]: (-0.2, 2.0, 0.5) 8
[20:48:11.327]: (-0.2, 2.0, 0.5) 8
[20:48:11.343]: (-0.2, 2.0, 0.5) 8
[20:48:11.358]: (-0.2, 2.0, 0.5) 8
[20:48:11.374]: (-0.2, 2.0, 0.5) 8
[20:48:11.390]: (-0.2, 2.0, 0.5) 8
[20:48:11.405]: (-0.2, 2.0, 0.5) 8
[20:48:11.422]: (-0.2, 2.0, 0.5) 8
[20:48:11.439]: (-0.2, 2.0, 0.5) 8
[20:48:11.456]: (-0.2, 2.0, 0.5) 8
[20:48:11.471]: (-0.2, 2.0, 0.5) 8
[20:48:11.487]: (-0.2, 2.0, 0.5) 8
[20:48:11.503]: (-0.2, 2.0, 0.5) 8
[20:48:11.522]: (-0.2, 2.0, 0.5) 8
[20:48:11.539]: (-0.2, 2.0, 0.5) 8
