[20:49:08.704]: (-0.2, 1.1, -0.7) 1
[20:49:08.743]: (-0.2, 1.1, -0.7) 1
[20:49:08.798]: (-0.2, 1.1, -0.7) 1
[20:49:08.819]: (-0.1, 1.1, -0.7) 1
[20:49:11.166]: (-0.1, 1.2, -0.7) 1
[20:49:26.792]: (-0.6, 1.5, 1.1) 11
[20:49:26.815]: (-0.6, 1.6, 1.1) 11
[20:49:26.838]: (-0.8, 1.7, 1.5) 13
[20:49:42.005]: (0.0, -0.8, 0.7) 11
[20:49:45.353]: (-0.2, -0.5, 0.3) 3
[20:49:45.376]: (-0.2, -0.5, 0.3) 3
[20:49:45.805]: (-0.2, -0.5, 0.3) 3
[20:49:45.837]: (-0.2, -0.5, 0.3) 3
[20:49:45.854]: (-0.2, -0.5, 0.3) 3
[20:49:45.888]: (-0.2, -0.5, 0.3) 3
[20:49:45.904]: (-0.2, -0.5, 0.3) 3
[20:49:45.953]: (-0.2, -0.5, 0.3) 3
[20:49:45.969]: (-0.2, -0.5, 0.3) 3
[20:49:45.987]: (-0.2, -0.5, 0.3) 3
[20:49:46.007]: (-0.2, -0.5, 0.3) 3
[20:49:46.029]: (-0.2, -0.5, 0.3) 3
[20:49:47.072]: (-0.2, -1.0, 0.2) 2
[20:49:47.097]: (-0.2, -0.5, 0.2) 3
[20:49:47.117]: (-0.2, -0.5, 0.2) 3
[20:49:47.139]: (-0.2, -0.5, 0.2) 3
[20:49:47.162]: (-0.2, -0.5, 0.2) 3
[20:49:47.602]: (-0.2, -0.8, 0.1) 0
[20:49:48.381]: (-0.1, -0.7, 0.5) 7
[20:49:48.398]: (-0.1, -0.7, 0.5) 7
[20:49:48.415]: (-0.1, -0.7, 0.5) 7
[20:49:48.432]: (-0.1, -0.7, 0.5) 7
[20:49:48.447]: (-0.1, -0.7, 0.5) 7
[20:49:48.464]: (-0.1, -0.7, 0.5) 7
[20:49:48.480]: (-0.1, -0.7, 0.5) 7
[20:49:48.497]: (-0.1, -0.7, 0.5) 7
[20:49:48.513]: (-0.1, -0.7, 0.5) 7
[20:49:48.530]: (-0.1, -0.7, 0.5) 7
[20:49:48.550]: (-0.1, -0.7, 0.5) 7
[20:49:48.568]: (-0.1, -0.7, 0.5) 7
[20:49:48.586]: (-0.1, -0.7, 0.5) 7
[20:49:48.604]: (-0.1, -0.7, 0.5) 7
[20:49:48.620]: (-0.1, -0.7, 0.5) 7
[20:49:48.637]: (-0.1, -0.7, 0.5) 7
[20:49:48.653]: (-0.1, -0.7, 0.5) 7
[20:49:48.674]: (-0.1, -0.7, 0.5) 7
[20:49:48.695]: (-0.1, -0.7, 0.5) 7
[20:49:48.762]: (-0.1, -0.7, 0.5) 7
[20:49:48.786]: (-0.1, -0.7, 0.5) 7
[20:49:48.807]: (-0.1, -0.7, 0.5) 7
[20:49:48.827]: (-0.1, -0.7, 0.5) 7
[20:49:48.852]: (-0.1, -0.7, 0.5) 7
[20:49:48.873]: (-0.1, -0.7, 0.5) 7
[20:49:48.896]: (-0.1, -0.7, 0.5) 7
[20:49:48.917]: (-0.1, -0.7, 0.5) 7
[20:49:48.940]: (-0.1, -0.7, 0.5) 7
[20:49:48.962]: (-0.1, -0.7, 0.5) 7
[20:49:48.983]: (-0.1, -0.7, 0.5) 7
[20:49:49.007]: (-0.1, -0.7, 0.5) 7
[20:49:49.028]: (-0.1, -0.7, 0.5) 7
[20:49:49.050]: (-0.1, -0.7, 0.5) 7
