[20:14:03.872]: (-1.1, -0.9, -0.2) 1
[20:14:03.894]: (-1.0, -0.9, -0.2) 1
[20:14:03.913]: (-1.1, -0.9, -0.1) 1
[20:14:03.936]: (-1.0, -0.9, -0.1) 1
[20:14:03.958]: (-1.0, -0.9, -0.1) 1
[20:14:03.981]: (-1.0, -0.9, -0.1) 1
[20:14:04.002]: (-1.1, -0.9, -0.1) 1
[20:14:05.143]: (-1.1, -0.9, -0.2) 1
[20:14:05.438]: (-1.1, -0.9, -0.1) 1
[20:14:05.471]: (-1.1, -0.9, -0.2) 1
[20:14:05.501]: (-1.0, -0.9, -0.2) 1
[20:14:05.536]: (-1.1, -0.9, -0.2) 1
[20:14:05.703]: (-1.0, -1.4, -0.3) 7
[20:14:07.757]: (-1.1, -0.9, -0.1) 1
[20:14:10.035]: (-0.7, -1.4, -0.4) 6
[20:14:10.054]: (-0.7, -1.4, -0.4) 6
[20:14:10.073]: (-0.7, -1.4, -0.4) 6
[20:14:10.147]: (-0.7, -1.4, -0.4) 6
[20:14:10.180]: (-0.7, -1.4, -0.4) 6
[20:14:10.199]: (-0.7, -1.4, -0.4) 6
[20:14:10.217]: (-0.7, -1.4, -0.4) 6
[20:14:10.237]: (-0.7, -1.4, -0.4) 6
[20:14:10.255]: (-0.7, -1.4, -0.4) 6
[20:14:10.273]: (-0.7, -1.4, -0.4) 6
[20:14:10.634]: (-0.7, -1.4, -0.4) 6
[20:14:10.657]: (-0.7, -1.4, -0.4) 6
[20:14:12.268]: (-2.0, -0.8, 0.4) 7
[20:14:12.307]: (-2.0, -0.8, 0.4) 7
[20:14:12.341]: (-2.0, -0.8, 0.4) 7
[20:14:14.555]: (-3.4, 0.3, 1.0) 7
[20:14:14.578]: (-3.4, 0.3, 1.1) 7
[20:14:15.159]: (-3.4, 0.8, 1.1) 7
[20:14:15.195]: (-2.6, 1.3, 1.1) 1
[20:14:15.212]: (-2.6, 1.3, 1.1) 1
[20:14:15.230]: (-2.6, 1.4, 1.1) 1
[20:14:15.248]: (-2.6, 1.4, 1.1) 1
[20:14:15.266]: (-2.6, 1.4, 1.1) 1
[20:14:15.289]: (-2.6, 1.4, 1.1) 1
[20:14:15.311]: (-2.6, 1.4, 1.1) 1
[20:14:15.332]: (-2.6, 1.4, 1.1) 1
[20:14:15.355]: (-2.6, 1.4, 1.1) 1
[20:14:15.377]: (-2.6, 1.4, 1.1) 1
[20:14:15.399]: (-2.6, 1.4, 1.1) 1
[20:14:15.422]: (-2.6, 1.4, 1.1) 1
[20:14:15.445]: (-2.6, 1.3, 1.1) 1
[20:14:15.467]: (-2.6, 1.3, 1.1) 1
[20:14:15.488]: (-2.6, 1.3, 1.1) 1
[20:14:15.509]: (-2.6, 1.3, 1.1) 1
[20:14:15.528]: (-2.6, 1.3, 1.1) 1
[20:14:15.548]: (-2.6, 1.3, 1.1) 1
[20:14:15.567]: (-2.6, 1.3, 1.1) 1
[20:14:15.586]: (-2.6, 1.3, 1.1) 1
[20:14:15.604]: (-2.6, 1.3, 1.1) 1
[20:14:15.622]: (-2.6, 1.3, 1.1) 1
[20:14:15.639]: (-2.6, 1.3, 1.1) 1
[20:14:15.658]: (-2.6, 1.3, 1.1) 1
[20:14:15.677]: (-2.6, 1.3, 1.1) 1
[20:14:15.695]: (-2.6, 1.3, 1.1) 1
[20:14:15.712]: (-2.6, 1.3, 1.1) 1
[20:14:15.730]: (-2.6, 1.3, 1.1) 1
[20:14:15.749]: (-2.6, 1.3, 1.1) 1
[20:14:15.777]: (-2.6, 1.3, 1.1) 1
[20:14:15.795]: (-2.6, 1.3, 1.1) 1
[20:14:15.813]: (-2.6, 1.3, 1.1) 1
[20:14:15.831]: (-2.6, 1.3, 1.1) 1
[20:14:16.256]: (-3.7, 2.3, 1.7) 5
[20:14:16.275]: (-3.7, 2.3, 1.7) 5
[20:14:16.300]: (-3.7, 2.3, 1.7) 5
[20:14:16.321]: (-3.7, 2.3, 1.7) 5
[20:14:16.342]: (-3.7, 2.3, 1.7) 5
[20:14:17.020]: (-3.7, 2.3, 1.7) 5
[20:14:17.175]: (-3.7, 2.3, 1.7) 5
[20:14:17.221]: (-3.7, 2.3, 1.7) 5
[20:14:17.242]: (-3.7, 2.3, 1.7) 5
[20:14:17.264]: (-3.7, 2.3, 1.7) 5
[20:14:17.287]: (-3.7, 2.3, 1.7) 5
[20:14:17.309]: (-3.7, 2.3, 1.7) 5
[20:14:17.333]: (-3.6, 2.3, 1.7) 5
[20:14:17.353]: (-3.6, 2.3, 1.7) 5
[20:14:17.377]: (-3.6, 2.3, 1.7) 5
[20:14:17.395]: (-3.6, 2.3, 1.7) 5
[20:14:17.416]: (-3.6, 2.3, 1.7) 5
[20:14:17.432]: (-3.6, 2.3, 1.7) 5
[20:14:17.451]: (-3.6, 2.3, 1.7) 5
[20:14:17.468]: (-3.6, 2.3, 1.7) 5
[20:14:17.487]: (-3.6, 2.3, 1.7) 5
[20:14:17.505]: (-3.6, 2.3, 1.7) 5
[20:14:17.523]: (-3.6, 2.3, 1.7) 5
[20:14:17.542]: (-3.7, 2.3, 1.7) 5
[20:14:17.562]: (-3.7, 2.3, 1.7) 5
[20:14:17.581]: (-3.7, 2.3, 1.7) 5
[20:14:17.601]: (-3.7, 2.3, 1.7) 5
[20:14:17.620]: (-3.7, 2.3, 1.7) 5
[20:14:17.639]: (-3.7, 2.3, 1.7) 5
[20:14:17.658]: (-3.7, 2.3, 1.7) 5
[20:14:17.875]: (-3.7, 2.3, 1.7) 5
[20:14:18.298]: (-2.5, 1.4, 1.3) 1
[20:14:18.342]: (-2.6, 1.4, 1.3) 1
[20:14:18.360]: (-2.5, 1.4, 1.2) 1
[20:14:18.378]: (-2.5, 1.4, 1.2) 1
[20:14:18.465]: (-2.6, 1.4, 1.3) 1
[20:14:18.518]: (-2.5, 1.3, 1.2) 1
[20:14:19.564]: (-1.6, 0.6, 0.9) 0
[20:14:22.348]: (-2.5, 1.3, 1.3) 1
[20:14:22.365]: (-2.5, 1.3, 1.2) 1
[20:14:22.385]: (-2.5, 1.3, 1.2) 1
[20:14:22.403]: (-2.5, 1.3, 1.2) 1
[20:14:22.422]: (-2.5, 1.3, 1.2) 1
[20:14:22.441]: (-2.5, 1.3, 1.2) 1
[20:14:22.458]: (-2.5, 1.3, 1.2) 1
[20:14:22.476]: (-2.5, 1.3, 1.2) 1
[20:14:22.494]: (-2.5, 1.3, 1.2) 1
[20:14:22.512]: (-2.5, 1.3, 1.2) 1
[20:14:22.530]: (-2.5, 1.3, 1.2) 1
[20:14:22.551]: (-2.5, 1.3, 1.2) 1
[20:14:22.574]: (-2.5, 1.3, 1.2) 1
[20:14:22.596]: (-2.5, 1.3, 1.2) 1
[20:14:22.618]: (-2.5, 1.3, 1.2) 1
[20:14:22.641]: (-2.5, 1.3, 1.2) 1
[20:14:22.662]: (-2.5, 1.3, 1.2) 1
[20:14:22.686]: (-2.5, 1.3, 1.2) 1
[20:14:22.708]: (-2.5, 1.3, 1.2) 1
[20:14:22.729]: (-2.5, 1.3, 1.2) 1
[20:14:22.753]: (-2.5, 1.3, 1.2) 1
[20:14:22.773]: (-2.5, 1.3, 1.2) 1
[20:14:22.797]: (-2.5, 1.3, 1.2) 1
[20:14:22.817]: (-2.5, 1.3, 1.2) 1
[20:14:22.840]: (-2.5, 1.3, 1.2) 1
[20:14:22.862]: (-2.5, 1.3, 1.2) 1
[20:14:22.884]: (-2.5, 1.3, 1.2) 1
[20:14:22.909]: (-2.5, 1.3, 1.2) 1
[20:14:22.928]: (-2.5, 1.3, 1.2) 1
[20:14:23.563]: (-2.6, 1.9, 1.9) 2
[20:14:23.584]: (-2.6, 1.9, 1.8) 2
[20:14:23.808]: (-2.5, 1.9, 1.9) 2
[20:14:23.828]: (-2.5, 1.9, 1.9) 2
[20:14:23.851]: (-2.5, 1.9, 1.9) 2
[20:14:23.870]: (-2.5, 1.9, 1.9) 2
[20:14:23.907]: (-2.5, 1.9, 1.8) 2
[20:14:23.926]: (-2.5, 1.9, 1.8) 2
[20:14:23.942]: (-2.5, 1.9, 1.9) 2
[20:14:23.960]: (-2.5, 1.9, 1.9) 2
[20:14:24.651]: (-2.5, 2.4, 1.8) 3
[20:14:24.672]: (-2.5, 2.4, 1.8) 3
[20:14:24.695]: (-2.5, 2.4, 1.8) 3
[20:14:24.717]: (-2.5, 2.4, 1.8) 3
[20:14:25.229]: (-3.7, 2.3, 1.7) 5
[20:14:25.495]: (-3.7, 2.3, 1.7) 5
[20:14:25.560]: (-3.7, 2.3, 1.7) 5
[20:14:26.034]: (-3.3, 1.6, 1.6) 4
[20:14:26.111]: (-2.6, 1.3, 1.2) 1
[20:14:26.130]: (-2.5, 1.4, 1.2) 1
[20:14:26.151]: (-2.6, 1.4, 1.2) 1
[20:14:26.174]: (-2.5, 1.3, 1.2) 1
[20:14:26.194]: (-2.6, 1.3, 1.2) 1
[20:14:26.218]: (-2.5, 1.4, 1.2) 1
[20:14:26.239]: (-2.6, 1.3, 1.2) 1
[20:14:26.261]: (-2.5, 1.3, 1.2) 1
[20:14:26.284]: (-2.5, 1.3, 1.2) 1
[20:14:26.306]: (-2.5, 1.3, 1.2) 1
[20:14:26.328]: (-2.5, 1.3, 1.2) 1
[20:14:26.350]: (-2.5, 1.3, 1.2) 1
[20:14:26.373]: (-2.5, 1.3, 1.2) 1
[20:14:26.398]: (-2.5, 1.3, 1.2) 1
[20:14:26.417]: (-2.5, 1.3, 1.2) 1
[20:14:26.440]: (-2.5, 1.3, 1.2) 1
[20:14:26.460]: (-2.5, 1.4, 1.2) 1
[20:14:26.482]: (-2.5, 1.4, 1.3) 1
[20:14:26.506]: (-2.5, 1.4, 1.2) 1
[20:14:26.528]: (-2.5, 1.4, 1.2) 1
[20:14:26.550]: (-2.5, 1.4, 1.2) 1
[20:14:26.570]: (-2.5, 1.4, 1.2) 1
[20:14:26.589]: (-2.5, 1.4, 1.3) 1
[20:14:26.608]: (-2.5, 1.4, 1.2) 1
[20:14:26.628]: (-2.5, 1.4, 1.3) 1
[20:14:26.649]: (-2.5, 1.4, 1.2) 1
[20:14:26.669]: (-2.5, 1.4, 1.2) 1
[20:14:26.687]: (-2.5, 1.4, 1.3) 1
[20:14:26.708]: (-2.5, 1.3, 1.3) 1
[20:14:26.728]: (-2.5, 1.4, 1.3) 1
[20:14:26.749]: (-2.5, 1.4, 1.3) 1
[20:14:26.769]: (-2.5, 1.4, 1.3) 1
[20:14:26.790]: (-2.5, 1.3, 1.3) 1
[20:14:26.815]: (-2.5, 1.4, 1.3) 1
[20:14:26.835]: (-2.5, 1.4, 1.3) 1
[20:14:26.856]: (-2.5, 1.4, 1.3) 1
[20:14:26.875]: (-2.5, 1.4, 1.3) 1
[20:14:27.189]: (-3.4, 0.8, 1.1) 7
[20:14:27.209]: (-3.4, 0.9, 1.1) 7
[20:14:27.233]: (-3.4, 0.8, 1.1) 7
[20:14:27.252]: (-3.4, 0.8, 1.1) 7
[20:14:27.271]: (-3.4, 0.8, 1.1) 7
[20:14:27.289]: (-3.4, 0.8, 1.1) 7
[20:14:27.308]: (-3.4, 0.8, 1.1) 7
[20:14:27.328]: (-3.4, 0.8, 1.1) 7
[20:14:27.348]: (-3.4, 0.8, 1.1) 7
[20:14:27.371]: (-3.4, 0.8, 1.1) 7
[20:14:27.395]: (-3.4, 0.8, 1.1) 7
[20:14:27.415]: (-3.4, 0.8, 1.1) 7
[20:14:27.441]: (-3.4, 0.8, 1.1) 7
[20:14:27.460]: (-3.4, 0.8, 1.1) 7
[20:14:27.482]: (-3.4, 0.8, 1.1) 7
[20:14:27.506]: (-3.4, 0.8, 1.1) 7
[20:14:27.527]: (-3.4, 0.8, 1.1) 7
[20:14:27.548]: (-3.4, 0.8, 1.1) 7
[20:14:27.572]: (-3.4, 0.8, 1.1) 7
[20:14:27.594]: (-3.4, 0.8, 1.1) 7
[20:14:27.965]: (-3.4, 0.8, 1.1) 7
[20:14:27.982]: (-3.4, 0.8, 1.1) 7
[20:14:28.001]: (-3.4, 0.8, 1.1) 7
[20:14:28.020]: (-3.4, 0.8, 1.1) 7
[20:14:28.039]: (-3.4, 0.8, 1.1) 7
[20:14:28.057]: (-3.4, 0.8, 1.1) 7
[20:14:28.074]: (-3.4, 0.8, 1.0) 7
[20:14:28.092]: (-3.4, 0.8, 1.0) 7
[20:14:28.115]: (-3.2, 0.7, 0.8) 6
[20:14:28.138]: (-3.2, 0.7, 0.8) 6
[20:14:28.182]: (-3.2, 0.7, 0.8) 6
[20:14:28.226]: (-3.2, 0.7, 0.8) 6
[20:14:28.249]: (-3.2, 0.7, 0.8) 6
[20:14:28.634]: (-3.2, 0.7, 0.7) 6
[20:14:28.654]: (-3.2, 0.7, 0.7) 6
[20:14:28.677]: (-3.2, 0.7, 0.7) 6
[20:14:28.699]: (-3.2, 0.7, 0.7) 6
[20:14:28.720]: (-3.2, 0.7, 0.7) 6
[20:14:28.738]: (-3.2, 0.7, 0.7) 6
[20:14:28.759]: (-3.2, 0.7, 0.7) 6
[20:14:28.779]: (-3.2, 0.7, 0.7) 6
[20:14:28.797]: (-3.2, 0.7, 0.7) 6
[20:14:28.820]: (-3.2, 0.7, 0.7) 6
[20:14:28.840]: (-3.2, 0.7, 0.7) 6
[20:14:28.859]: (-3.2, 0.7, 0.7) 6
[20:14:28.886]: (-3.2, 0.7, 0.7) 6
[20:14:28.905]: (-3.2, 0.7, 0.7) 6
[20:14:28.925]: (-3.2, 0.7, 0.7) 6
[20:14:28.945]: (-3.2, 0.7, 0.7) 6
[20:14:28.965]: (-3.2, 0.7, 0.7) 6
[20:14:28.985]: (-3.2, 0.7, 0.7) 6
[20:14:29.006]: (-3.2, 0.7, 0.7) 6
[20:14:29.027]: (-3.2, 0.7, 0.7) 6
[20:14:29.048]: (-3.2, 0.7, 0.7) 6
[20:14:29.070]: (-3.2, 0.7, 0.7) 6
[20:14:29.090]: (-3.2, 0.7, 0.7) 6
[20:14:29.112]: (-3.2, 0.7, 0.7) 6
[20:14:29.136]: (-3.2, 0.7, 0.7) 6
[20:14:29.158]: (-3.2, 0.7, 0.7) 6
[20:14:29.179]: (-3.2, 0.7, 0.7) 6
[20:14:29.198]: (-3.2, 0.7, 0.7) 6
[20:14:29.219]: (-3.2, 0.7, 0.7) 6
[20:14:29.249]: (-3.2, 0.7, 0.7) 6
[20:14:29.282]: (-3.2, 0.7, 0.7) 6
[20:14:29.318]: (-3.2, 0.7, 0.7) 6
[20:14:29.349]: (-3.2, 0.7, 0.7) 6
[20:14:29.382]: (-3.2, 0.7, 0.7) 6
[20:14:29.418]: (-3.2, 0.7, 0.7) 6
[20:14:29.448]: (-3.2, 0.7, 0.7) 6
[20:14:29.482]: (-3.2, 0.7, 0.7) 6
[20:14:29.518]: (-3.2, 0.7, 0.7) 6
[20:14:29.550]: (-3.2, 0.7, 0.7) 6
[20:14:30.413]: (-2.5, 0.2, 1.0) 8
[20:14:30.439]: (-2.5, 0.2, 1.0) 8
[20:14:30.460]: (-2.5, 0.2, 1.0) 8
[20:14:30.481]: (-2.5, 0.2, 1.0) 8
[20:14:30.504]: (-2.5, 0.2, 0.9) 8
[20:14:30.525]: (-2.5, 0.2, 0.9) 8
[20:14:30.547]: (-2.5, 0.2, 1.0) 8
[20:14:30.572]: (-2.5, 0.2, 1.0) 8
[20:14:30.591]: (-2.5, 0.2, 1.0) 8
[20:14:30.615]: (-2.4, 0.2, 1.0) 8
[20:14:30.706]: (-2.4, 0.2, 1.0) 8
[20:14:30.728]: (-2.4, 0.2, 1.0) 8
[20:14:30.753]: (-2.5, 0.2, 1.0) 8
[20:14:30.773]: (-2.5, 0.2, 1.0) 8
[20:14:30.797]: (-2.5, 0.2, 1.0) 8
[20:14:30.819]: (-2.5, 0.2, 1.0) 8
[20:14:30.840]: (-2.4, 0.2, 1.0) 8
[20:14:30.863]: (-2.4, 0.2, 1.0) 8
[20:14:30.887]: (-2.4, 0.2, 1.0) 8
[20:14:30.909]: (-2.4, 0.2, 1.0) 8
[20:14:30.932]: (-2.4, 0.2, 1.0) 8
[20:14:30.951]: (-2.4, 0.2, 1.0) 8
[20:14:30.971]: (-2.5, 0.2, 1.0) 8
[20:14:30.995]: (-2.4, 0.2, 1.0) 8
[20:14:31.770]: (-3.4, 0.8, 1.1) 7
[20:14:31.791]: (-3.4, 0.8, 1.2) 7
[20:14:31.813]: (-3.4, 0.8, 1.1) 7
[20:14:31.836]: (-3.4, 0.8, 1.2) 7
[20:14:31.859]: (-3.4, 0.8, 1.2) 7
[20:14:31.881]: (-3.4, 0.8, 1.2) 7
[20:14:31.925]: (-2.5, 1.3, 1.2) 1
[20:14:31.949]: (-2.5, 1.3, 1.2) 1
[20:14:31.971]: (-2.5, 1.3, 1.2) 1
[20:14:31.991]: (-2.5, 1.3, 1.2) 1
[20:14:32.015]: (-2.5, 1.3, 1.2) 1
[20:14:32.037]: (-2.5, 1.3, 1.2) 1
[20:14:32.059]: (-2.5, 1.3, 1.2) 1
[20:14:32.080]: (-2.5, 1.3, 1.2) 1
[20:14:32.099]: (-2.5, 1.4, 1.2) 1
[20:14:32.118]: (-2.5, 1.4, 1.2) 1
[20:14:32.137]: (-2.5, 1.3, 1.2) 1
[20:14:32.156]: (-2.5, 1.4, 1.2) 1
[20:14:32.174]: (-2.5, 1.4, 1.2) 1
[20:14:32.194]: (-2.5, 1.4, 1.2) 1
[20:14:32.212]: (-2.5, 1.4, 1.2) 1
[20:14:32.229]: (-2.5, 1.4, 1.2) 1
[20:14:32.246]: (-2.5, 1.3, 1.2) 1
[20:14:32.263]: (-2.5, 1.3, 1.2) 1
[20:14:33.461]: (-2.5, 2.4, 1.8) 3
[20:14:33.480]: (-2.5, 2.4, 1.8) 3
[20:14:33.503]: (-2.5, 2.5, 1.7) 3
[20:14:33.524]: (-2.5, 2.5, 1.7) 3
[20:14:33.546]: (-2.5, 2.5, 1.8) 3
[20:14:33.570]: (-2.5, 2.4, 1.8) 3
[20:14:33.590]: (-2.5, 2.4, 1.8) 3
[20:14:33.612]: (-2.5, 2.5, 1.8) 3
[20:14:33.637]: (-2.5, 2.4, 1.8) 3
