[20:41:30.641]: (-1.9, -0.6, 0.0) 3
[20:41:41.623]: (-2.0, -1.1, -0.1) 5
[20:41:41.658]: (-2.0, -1.1, -0.1) 5
[20:41:41.691]: (-2.0, -1.1, -0.1) 5
[20:41:42.979]: (-2.0, -1.1, -0.1) 5
[20:41:45.661]: (-1.3, 1.4, 1.6) 2
[20:41:45.683]: (-1.3, 1.5, 1.7) 2
[20:41:45.703]: (-1.2, 1.5, 1.6) 2
[20:41:45.724]: (-1.2, 1.5, 1.7) 2
[20:41:45.744]: (-1.2, 1.5, 1.7) 2
[20:41:45.768]: (-1.2, 1.5, 1.7) 2
[20:41:45.790]: (-1.2, 1.5, 1.7) 2
[20:41:45.944]: (-1.2, 1.7, 1.6) 2
[20:41:45.987]: (-1.3, 1.8, 1.9) 4
[20:41:46.285]: (-0.9, 1.7, 2.3) 5
[20:41:47.299]: (-0.9, 1.4, 1.3) 1
[20:41:47.332]: (-0.9, 1.4, 1.3) 1
[20:41:47.365]: (-1.0, 1.3, 1.3) 1
[20:41:47.399]: (-1.0, 1.3, 1.3) 1
[20:41:47.432]: (-0.9, 1.3, 1.3) 1
[20:41:47.466]: (-0.9, 1.4, 1.3) 1
[20:41:47.898]: (-1.2, 1.4, 1.5) 7
[20:41:47.943]: (-1.2, 1.4, 1.5) 7
[20:41:47.964]: (-1.2, 1.4, 1.5) 7
[20:41:47.987]: (-1.2, 1.4, 1.6) 7
[20:41:48.234]: (-1.3, 1.4, 1.4) 8
[20:41:48.258]: (-1.3, 1.4, 1.4) 8
[20:41:48.280]: (-1.3, 1.4, 1.5) 7
[20:41:48.304]: (-1.3, 1.4, 1.5) 7
[20:41:48.325]: (-1.3, 1.4, 1.5) 7
[20:41:48.346]: (-1.3, 1.4, 1.4) 8
[20:41:48.369]: (-1.3, 1.4, 1.4) 8
[20:41:48.392]: (-1.3, 1.4, 1.4) 8
[20:41:48.413]: (-1.3, 1.4, 1.4) 8
[20:41:48.434]: (-1.3, 1.4, 1.4) 8
[20:41:48.459]: (-1.3, 1.4, 1.4) 8
[20:41:48.480]: (-1.3, 1.4, 1.4) 8
[20:41:48.524]: (-1.3, 1.4, 1.4) 8
[20:41:48.546]: (-1.3, 1.4, 1.4) 8
[20:41:48.569]: (-1.3, 1.4, 1.4) 8
[20:41:48.591]: (-1.3, 1.4, 1.4) 8
[20:41:48.613]: (-1.3, 1.4, 1.4) 8
[20:41:48.636]: (-1.3, 1.4, 1.4) 8
[20:41:48.659]: (-1.3, 1.4, 1.4) 8
[20:41:48.678]: (-1.3, 1.4, 1.4) 8
[20:41:48.701]: (-1.3, 1.4, 1.4) 8
[20:41:48.724]: (-1.3, 1.4, 1.4) 8
[20:41:48.745]: (-1.3, 1.4, 1.4) 8
[20:41:48.762]: (-1.3, 1.4, 1.4) 8
[20:41:48.779]: (-1.3, 1.4, 1.4) 8
[20:41:48.795]: (-1.3, 1.4, 1.4) 8
[20:41:48.813]: (-1.2, 1.4, 1.4) 8
[20:41:48.830]: (-1.2, 1.4, 1.4) 8
[20:41:48.848]: (-1.2, 1.4, 1.4) 8
[20:41:48.864]: (-1.3, 1.4, 1.4) 8
[20:41:48.882]: (-1.2, 1.4, 1.4) 8
[20:41:48.899]: (-1.2, 1.4, 1.4) 8
[20:41:48.917]: (-1.3, 1.4, 1.5) 7
[20:41:48.933]: (-1.2, 1.4, 1.4) 8
[20:41:48.950]: (-1.3, 1.4, 1.5) 7
[20:41:48.967]: (-1.3, 1.4, 1.5) 7
[20:41:48.984]: (-1.3, 1.4, 1.4) 8
[20:41:49.014]: (-1.3, 1.4, 1.4) 8
[20:41:49.075]: (-1.3, 1.4, 1.4) 8
[20:41:49.106]: (-1.3, 1.4, 1.4) 8
[20:41:49.123]: (-1.3, 1.4, 1.4) 8
[20:41:49.140]: (-1.3, 1.4, 1.4) 8
[20:41:49.156]: (-1.3, 1.4, 1.4) 8
[20:41:49.173]: (-1.3, 1.4, 1.4) 8
[20:41:49.718]: (-1.3, 1.4, 1.4) 8
[20:41:49.735]: (-1.3, 1.4, 1.4) 8
[20:41:49.961]: (-1.3, 1.4, 1.4) 8
[20:41:50.031]: (-1.3, 1.4, 1.5) 7
[20:41:50.054]: (-1.2, 1.4, 1.4) 8
[20:41:50.164]: (-1.3, 1.4, 1.4) 8
[20:41:50.275]: (-1.3, 1.4, 1.4) 8
[20:41:50.320]: (-1.3, 1.4, 1.4) 8
[20:41:50.342]: (-1.3, 1.4, 1.4) 8
[20:41:50.452]: (-1.2, 1.4, 1.4) 8
[20:41:50.476]: (-1.2, 1.4, 1.5) 7
[20:41:50.497]: (-1.3, 1.5, 1.5) 7
[20:41:50.514]: (-1.2, 1.4, 1.5) 7
[20:41:50.530]: (-1.2, 1.4, 1.5) 7
[20:41:50.547]: (-1.2, 1.4, 1.5) 7
[20:41:50.564]: (-1.2, 1.4, 1.5) 7
[20:41:50.581]: (-1.2, 1.4, 1.5) 7
[20:41:50.598]: (-1.2, 1.4, 1.5) 7
[20:41:50.616]: (-1.2, 1.4, 1.5) 7
[20:41:50.633]: (-1.2, 1.4, 1.5) 7
[20:41:50.650]: (-1.3, 1.4, 1.5) 7
[20:41:50.667]: (-1.3, 1.4, 1.5) 7
[20:41:50.972]: (-1.2, 1.5, 1.4) 8
[20:41:50.993]: (-1.2, 1.5, 1.4) 8
[20:41:51.018]: (-1.2, 1.5, 1.4) 8
[20:41:51.040]: (-1.2, 1.5, 1.4) 8
[20:41:51.062]: (-1.2, 1.5, 1.4) 8
[20:41:51.083]: (-1.1, 1.5, 1.6) 7
[20:41:51.108]: (-1.1, 1.5, 1.6) 7
[20:41:51.142]: (-1.1, 1.5, 1.6) 7
[20:41:51.309]: (-0.8, 1.6, 1.3) 0
[20:41:51.343]: (-0.7, 1.6, 1.3) 0
[20:41:51.375]: (-0.7, 1.6, 1.3) 0
[20:41:51.476]: (-0.7, 1.6, 1.3) 0
[20:41:51.541]: (-0.9, 1.8, 1.5) 7
[20:41:51.575]: (-0.8, 1.8, 1.5) 7
[20:41:51.641]: (-0.9, 1.8, 1.5) 7
[20:41:52.364]: (-0.9, 1.7, 1.4) 8
[20:41:52.386]: (-0.9, 1.8, 1.3) 8
[20:41:52.429]: (-0.9, 1.8, 1.4) 8
[20:41:52.452]: (-0.9, 1.8, 1.3) 8
[20:41:52.474]: (-0.9, 1.8, 1.3) 8
[20:41:52.495]: (-0.9, 1.8, 1.3) 8
[20:41:52.519]: (-0.9, 1.8, 1.3) 8
[20:41:52.541]: (-0.9, 1.8, 1.3) 8
[20:41:52.565]: (-0.9, 1.8, 1.3) 8
[20:41:52.587]: (-0.9, 1.8, 1.3) 8
[20:41:52.612]: (-0.9, 1.8, 1.3) 8
[20:41:52.634]: (-0.9, 1.7, 1.3) 8
[20:41:52.657]: (-0.9, 1.7, 1.3) 8
[20:41:52.678]: (-0.9, 1.7, 1.3) 8
[20:41:52.700]: (-0.9, 1.7, 1.3) 8
[20:41:53.111]: (-1.0, 1.7, 1.3) 8
[20:41:53.128]: (-1.0, 1.7, 1.3) 8
[20:41:53.144]: (-1.0, 1.7, 1.3) 8
[20:41:53.159]: (-1.1, 1.7, 1.4) 6
[20:41:53.176]: (-1.0, 1.7, 1.4) 6
[20:41:53.192]: (-1.0, 1.7, 1.3) 8
[20:41:53.209]: (-1.0, 1.7, 1.4) 6
[20:41:53.240]: (-0.7, 1.6, 1.3) 0
[20:41:53.257]: (-0.7, 1.5, 1.2) 0
[20:41:53.276]: (-0.7, 1.6, 1.3) 0
[20:41:53.292]: (-0.7, 1.5, 1.2) 0
[20:41:53.309]: (-0.7, 1.5, 1.2) 0
[20:41:53.326]: (-0.7, 1.6, 1.3) 0
[20:41:53.342]: (-0.7, 1.6, 1.3) 0
[20:41:53.359]: (-0.7, 1.6, 1.2) 0
[20:41:53.867]: (-0.7, 1.5, 1.3) 0
[20:41:54.024]: (-0.7, 1.5, 1.3) 0
[20:41:54.040]: (-0.7, 1.5, 1.2) 0
[20:41:54.088]: (-0.7, 1.6, 1.3) 0
[20:41:54.552]: (-0.7, 1.5, 1.3) 0
[20:41:54.730]: (-0.7, 1.6, 1.3) 0
[20:41:54.774]: (-0.7, 1.6, 1.3) 0
[20:41:54.797]: (-0.7, 1.5, 1.3) 0
[20:41:54.816]: (-0.7, 1.5, 1.3) 0
[20:41:54.832]: (-0.7, 1.5, 1.3) 0
[20:41:54.851]: (-0.7, 1.5, 1.3) 0
[20:41:54.885]: (-0.7, 1.5, 1.3) 0
[20:41:54.904]: (-0.7, 1.5, 1.3) 0
[20:41:54.922]: (-0.7, 1.5, 1.3) 0
[20:41:54.940]: (-0.7, 1.5, 1.3) 0
[20:41:55.023]: (-0.7, 1.5, 1.3) 0
[20:41:55.121]: (-0.8, 1.5, 1.2) 0
[20:41:55.140]: (-0.8, 1.5, 1.2) 0
[20:41:55.158]: (-0.8, 1.5, 1.2) 0
[20:41:55.176]: (-0.8, 1.5, 1.2) 0
[20:41:55.193]: (-0.8, 1.5, 1.2) 0
[20:41:55.210]: (-0.8, 1.5, 1.2) 0
[20:41:55.442]: (-0.8, 1.5, 1.2) 0
[20:41:55.486]: (-0.8, 1.5, 1.2) 0
[20:41:55.530]: (-0.8, 1.5, 1.2) 0
[20:41:56.256]: (-0.7, 1.5, 1.2) 0
[20:41:56.278]: (-0.7, 1.5, 1.2) 0
[20:41:56.730]: (-0.6, 1.5, 1.1) 0
[20:41:56.811]: (-0.6, 1.5, 1.1) 0
[20:41:57.036]: (-0.6, 1.5, 1.1) 0
[20:41:57.055]: (-0.6, 1.5, 1.1) 0
[20:41:57.074]: (-0.6, 1.5, 1.1) 0
[20:41:57.095]: (-0.6, 1.5, 1.1) 0
[20:41:57.111]: (-0.6, 1.5, 1.1) 0
[20:41:57.129]: (-0.6, 1.5, 1.1) 0
[20:41:57.272]: (-0.6, 1.5, 1.1) 0
[20:41:57.296]: (-0.6, 1.5, 1.1) 0
[20:41:57.361]: (-0.6, 1.5, 1.1) 0
[20:41:57.539]: (-0.8, 1.7, 1.2) 8
[20:41:57.556]: (-0.8, 1.7, 1.2) 8
[20:41:57.587]: (-0.8, 1.7, 1.2) 8
[20:41:57.603]: (-0.8, 1.7, 1.2) 8
[20:41:57.619]: (-0.8, 1.7, 1.2) 8
[20:41:57.637]: (-0.8, 1.7, 1.2) 8
[20:41:57.653]: (-0.8, 1.7, 1.2) 8
[20:41:57.669]: (-0.8, 1.7, 1.2) 8
[20:41:57.686]: (-0.8, 1.7, 1.2) 8
[20:41:57.701]: (-0.8, 1.7, 1.2) 8
[20:41:57.718]: (-0.8, 1.7, 1.2) 8
[20:41:57.734]: (-0.8, 1.7, 1.2) 8
[20:41:57.751]: (-0.8, 1.7, 1.2) 8
[20:41:57.768]: (-0.8, 1.7, 1.2) 8
[20:41:57.784]: (-0.8, 1.7, 1.2) 8
[20:41:57.801]: (-0.8, 1.7, 1.2) 8
[20:41:57.817]: (-0.8, 1.6, 1.2) 8
[20:41:57.833]: (-0.8, 1.7, 1.2) 8
[20:41:58.627]: (-0.9, 1.7, 1.3) 6
[20:41:58.643]: (-0.9, 1.8, 1.3) 6
[20:41:58.660]: (-0.9, 1.7, 1.3) 6
[20:41:58.677]: (-0.9, 1.7, 1.3) 6
[20:41:58.696]: (-0.9, 1.7, 1.3) 6
[20:41:58.712]: (-0.9, 1.7, 1.3) 6
[20:41:58.729]: (-0.9, 1.7, 1.3) 6
[20:41:58.744]: (-0.9, 1.7, 1.3) 6
[20:41:58.761]: (-0.9, 1.7, 1.3) 6
[20:41:58.778]: (-0.9, 1.7, 1.3) 6
[20:41:58.794]: (-0.9, 1.7, 1.3) 6
[20:41:58.810]: (-0.9, 1.7, 1.3) 6
[20:41:58.826]: (-0.8, 1.7, 1.2) 8
[20:41:58.929]: (0.0, 1.6, 2.0) 4
[20:41:59.282]: (0.0, 1.7, 2.0) 4
[20:41:59.299]: (0.0, 1.7, 2.0) 4
[20:41:59.316]: (0.0, 1.7, 2.0) 4
[20:41:59.332]: (0.0, 1.7, 2.0) 4
[20:41:59.364]: (0.0, 1.7, 2.1) 4
[20:41:59.429]: (0.0, 1.7, 2.1) 4
[20:41:59.446]: (0.0, 1.7, 2.1) 4
[20:41:59.463]: (0.0, 1.7, 2.0) 4
[20:41:59.481]: (0.0, 1.7, 2.0) 4
[20:41:59.498]: (0.0, 1.7, 2.1) 4
[20:41:59.515]: (0.0, 1.7, 2.1) 4
[20:41:59.532]: (0.0, 1.7, 2.0) 4
[20:41:59.548]: (-0.1, 1.7, 2.1) 4
[20:42:00.794]: (-0.1, 1.7, 2.1) 4
[20:42:00.814]: (-0.1, 1.7, 2.1) 4
[20:42:00.838]: (-0.1, 1.7, 2.1) 4
[20:42:00.861]: (-0.1, 1.7, 2.0) 4
[20:42:00.882]: (0.0, 1.7, 2.0) 4
[20:42:00.903]: (0.0, 1.7, 2.0) 4
[20:42:00.926]: (0.0, 1.7, 2.0) 4
[20:42:00.948]: (-0.1, 1.7, 2.0) 4
[20:42:00.970]: (-0.1, 1.7, 2.0) 4
[20:42:00.995]: (-0.1, 1.7, 2.0) 4
[20:42:01.071]: (-0.1, 1.7, 2.1) 4
[20:42:01.193]: (-0.1, 1.7, 2.1) 4
[20:42:01.299]: (-0.1, 1.7, 2.0) 4
[20:42:02.638]: (-0.7, 1.7, 1.4) 7
[20:42:02.661]: (-0.7, 1.8, 1.4) 7
[20:42:02.681]: (-0.7, 1.7, 1.4) 7
[20:42:02.703]: (-0.7, 1.7, 1.4) 7
[20:42:02.725]: (-0.7, 1.7, 1.4) 7
[20:42:02.748]: (-0.7, 1.7, 1.4) 7
[20:42:02.770]: (-0.7, 1.7, 1.4) 7
[20:42:02.788]: (-0.7, 1.7, 1.4) 7
[20:42:02.804]: (-0.7, 1.7, 1.4) 7
[20:42:02.821]: (-0.7, 1.7, 1.4) 7
[20:42:02.837]: (-0.7, 1.7, 1.4) 7
[20:42:02.853]: (-0.7, 1.7, 1.4) 7
[20:42:02.870]: (-0.7, 1.7, 1.4) 7
[20:42:02.887]: (-0.8, 1.7, 1.4) 7
[20:42:02.905]: (-0.8, 1.7, 1.4) 7
[20:42:02.921]: (-0.8, 1.7, 1.4) 7
[20:42:02.937]: (-0.8, 1.8, 1.3) 6
[20:42:02.970]: (-0.8, 1.8, 1.3) 6
[20:42:02.988]: (-0.8, 1.8, 1.3) 6
[20:42:03.049]: (-0.9, 1.8, 1.3) 6
[20:42:03.080]: (-0.9, 1.8, 1.3) 6
[20:42:03.112]: (-0.9, 1.8, 1.3) 6
[20:42:03.129]: (-0.9, 1.8, 1.3) 6
[20:42:03.146]: (-0.9, 1.8, 1.3) 6
[20:42:03.162]: (-0.9, 1.8, 1.3) 6
[20:42:03.179]: (-0.9, 1.8, 1.3) 6
[20:42:03.196]: (-0.9, 1.8, 1.3) 6
[20:42:03.214]: (-0.9, 1.8, 1.3) 6
[20:42:03.230]: (-0.9, 1.8, 1.3) 6
[20:42:03.270]: (-0.9, 1.8, 1.3) 6
[20:42:03.293]: (-0.9, 1.8, 1.3) 6
[20:42:03.314]: (-0.9, 1.8, 1.3) 6
[20:42:03.337]: (-0.9, 1.8, 1.3) 6
[20:42:03.358]: (-0.9, 1.8, 1.3) 6
[20:42:03.403]: (-0.9, 1.8, 1.3) 6
[20:42:03.425]: (-0.9, 1.8, 1.3) 6
[20:42:03.448]: (-0.9, 1.8, 1.3) 6
[20:42:03.470]: (-0.9, 1.8, 1.3) 6
[20:42:03.492]: (-0.9, 1.8, 1.3) 6
[20:42:04.159]: (-0.8, 1.8, 1.3) 6
[20:42:04.181]: (-0.9, 1.8, 1.3) 6
[20:42:04.203]: (-0.9, 1.8, 1.3) 6
[20:42:04.226]: (-0.8, 1.8, 1.3) 6
[20:42:04.247]: (-0.8, 1.8, 1.3) 6
[20:42:04.270]: (-0.8, 1.8, 1.3) 6
[20:42:04.291]: (-0.8, 1.8, 1.3) 6
[20:42:04.314]: (-0.8, 1.8, 1.3) 6
[20:42:04.336]: (-0.8, 1.8, 1.3) 6
[20:42:04.358]: (-0.8, 1.8, 1.3) 6
[20:42:04.381]: (-0.8, 1.8, 1.3) 6
[20:42:04.403]: (-0.8, 1.8, 1.3) 6
[20:42:04.426]: (-0.8, 1.8, 1.3) 6
[20:42:04.447]: (-0.8, 1.8, 1.3) 6
[20:42:04.469]: (-0.8, 1.8, 1.3) 6
[20:42:04.493]: (-0.8, 1.8, 1.3) 6
[20:42:04.514]: (-0.8, 1.8, 1.3) 6
[20:42:04.531]: (-0.8, 1.8, 1.3) 6
[20:42:04.548]: (-0.8, 1.8, 1.3) 6
[20:42:05.014]: (-0.7, 1.7, 1.2) 8
[20:42:05.036]: (-0.9, 1.8, 1.3) 6
[20:42:05.102]: (-0.8, 1.8, 1.4) 6
[20:42:05.125]: (-0.8, 1.8, 1.4) 6
[20:42:05.348]: (-0.7, 1.7, 1.2) 8
[20:42:05.370]: (-0.7, 1.7, 1.2) 8
[20:42:05.392]: (-0.7, 1.7, 1.2) 8
[20:42:05.413]: (-0.8, 1.8, 1.3) 6
[20:42:05.434]: (-0.8, 1.8, 1.3) 6
[20:42:05.455]: (-0.7, 1.7, 1.2) 8
[20:42:05.475]: (-0.7, 1.7, 1.2) 8
[20:42:05.498]: (-0.7, 1.7, 1.1) 8
[20:42:05.520]: (-0.7, 1.7, 1.1) 8
[20:42:05.543]: (-0.7, 1.7, 1.1) 8
[20:42:05.565]: (-0.7, 1.7, 1.1) 8
[20:42:05.588]: (-0.7, 1.7, 1.1) 8
[20:42:05.632]: (-0.7, 1.7, 1.1) 8
[20:42:05.697]: (-0.7, 1.7, 1.0) 8
[20:42:05.718]: (-0.7, 1.7, 1.0) 8
[20:42:05.818]: (-0.7, 1.8, 0.9) 8
[20:42:05.839]: (-0.7, 1.8, 0.9) 8
[20:42:05.860]: (-0.7, 1.8, 0.9) 8
[20:42:05.882]: (-0.6, 1.8, 0.9) 8
[20:42:05.903]: (-0.6, 1.8, 0.9) 8
[20:42:05.923]: (-0.6, 1.8, 0.9) 8
[20:42:05.944]: (-0.6, 1.8, 0.9) 8
[20:42:05.965]: (-0.7, 1.8, 0.9) 8
[20:42:05.989]: (-0.7, 1.8, 0.8) 8
[20:42:06.012]: (-0.6, 1.8, 0.8) 8
[20:42:06.035]: (-0.6, 1.8, 0.8) 8
[20:42:06.056]: (-0.6, 1.9, 0.8) 8
[20:42:06.078]: (-0.6, 1.9, 0.8) 8
[20:42:06.102]: (-0.8, 2.0, 1.0) 6
[20:42:06.756]: (-0.8, 2.0, 0.9) 6
[20:42:07.357]: (-0.8, 1.9, 0.9) 6
[20:42:07.379]: (-0.8, 1.9, 0.9) 6
[20:42:07.404]: (-0.8, 1.9, 0.9) 6
[20:42:07.424]: (-0.8, 1.9, 0.9) 6
[20:42:07.448]: (-0.8, 1.9, 0.9) 6
[20:42:07.469]: (-0.8, 1.9, 0.9) 6
[20:42:07.491]: (-0.8, 1.9, 0.9) 6
[20:42:07.513]: (-0.7, 1.9, 0.8) 8
[20:42:07.537]: (-0.8, 1.9, 0.9) 6
[20:42:07.559]: (-0.8, 1.9, 0.9) 6
[20:42:07.582]: (-0.8, 2.0, 0.9) 6
[20:42:07.606]: (-0.8, 2.0, 0.9) 6
[20:42:07.629]: (-0.7, 1.9, 0.8) 8
[20:42:07.651]: (-0.7, 1.9, 0.8) 8
[20:42:07.673]: (-0.7, 1.9, 0.8) 8
[20:42:07.696]: (-0.7, 1.9, 0.8) 8
[20:42:07.718]: (-0.7, 1.9, 0.8) 8
[20:42:07.740]: (-0.7, 1.9, 0.8) 8
[20:42:07.769]: (-0.7, 1.9, 0.8) 8
[20:42:07.792]: (-0.7, 1.9, 0.8) 8
[20:42:07.812]: (-0.7, 1.9, 0.8) 8
[20:42:07.833]: (-0.7, 1.9, 0.8) 8
[20:42:07.855]: (-0.8, 2.0, 0.9) 6
[20:42:07.874]: (-0.8, 2.0, 0.9) 6
[20:42:07.896]: (-0.8, 2.0, 0.9) 6
[20:42:07.918]: (-0.8, 2.0, 0.9) 6
[20:42:07.939]: (-0.8, 2.0, 0.9) 6
[20:42:07.959]: (-0.8, 2.0, 0.9) 6
[20:42:07.982]: (-0.7, 2.0, 0.9) 6
[20:42:08.003]: (-0.7, 2.0, 0.9) 6
[20:42:08.198]: (-0.6, 1.9, 0.8) 6
[20:42:08.241]: (-0.5, 1.8, 0.7) 8
[20:42:08.263]: (-0.5, 1.8, 0.6) 8
[20:42:08.286]: (-0.5, 1.8, 0.6) 8
[20:42:08.307]: (-0.5, 1.8, 0.6) 8
[20:42:08.330]: (-0.5, 1.8, 0.6) 8
[20:42:08.352]: (-0.5, 1.8, 0.6) 8
[20:42:08.373]: (-0.5, 1.8, 0.6) 8
[20:42:08.397]: (-0.5, 1.8, 0.6) 8
[20:42:08.437]: (-0.5, 1.9, 0.7) 7
[20:42:08.576]: (-0.6, 2.0, 0.6) 6
[20:42:08.695]: (-0.6, 2.0, 0.6) 6
[20:42:09.013]: (-0.7, 1.9, 0.7) 6
[20:42:09.048]: (-0.7, 1.9, 0.7) 6
[20:42:09.080]: (-0.7, 1.9, 0.7) 6
[20:42:09.112]: (-0.7, 2.0, 0.7) 6
[20:42:09.146]: (-0.7, 1.9, 0.7) 6
[20:42:09.179]: (-0.7, 1.9, 0.7) 6
[20:42:09.213]: (-0.7, 1.9, 0.7) 6
[20:42:09.245]: (-0.7, 1.9, 0.7) 6
[20:42:09.281]: (-0.7, 1.9, 0.7) 6
[20:42:09.312]: (-0.7, 1.9, 0.7) 6
[20:42:09.347]: (-0.7, 1.9, 0.7) 6
[20:42:09.379]: (-0.7, 1.9, 0.7) 6
[20:42:09.414]: (-0.7, 1.9, 0.7) 6
[20:42:09.446]: (-0.7, 1.9, 0.7) 6
[20:42:09.480]: (-0.7, 1.9, 0.7) 6
[20:42:09.512]: (-0.7, 1.9, 0.7) 6
[20:42:09.956]: (-0.7, 1.9, 0.6) 6
[20:42:09.979]: (-0.7, 1.9, 0.6) 6
[20:42:10.002]: (-0.7, 1.9, 0.7) 6
[20:42:10.022]: (-0.7, 1.9, 0.7) 6
[20:42:10.045]: (-0.7, 1.9, 0.7) 6
[20:42:10.068]: (-0.7, 1.9, 0.7) 6
[20:42:10.089]: (-0.7, 1.9, 0.7) 6
[20:42:10.111]: (-0.7, 1.9, 0.7) 6
[20:42:10.134]: (-0.7, 1.9, 0.7) 6
[20:42:10.155]: (-0.7, 1.9, 0.7) 6
[20:42:10.178]: (-0.7, 1.9, 0.7) 6
[20:42:10.201]: (-0.7, 1.9, 0.7) 6
[20:42:10.223]: (-0.7, 1.9, 0.7) 6
[20:42:10.245]: (-0.7, 1.9, 0.7) 6
[20:42:10.268]: (-0.7, 1.9, 0.7) 6
[20:42:10.290]: (-0.7, 1.9, 0.7) 6
[20:42:10.314]: (-0.7, 1.9, 0.7) 6
[20:42:10.338]: (-0.7, 1.9, 0.7) 6
[20:42:10.361]: (-0.7, 1.9, 0.7) 6
[20:42:10.385]: (-0.7, 1.9, 0.7) 6
[20:42:10.405]: (-0.7, 1.9, 0.7) 6
[20:42:10.429]: (-0.7, 1.9, 0.7) 6
[20:42:10.449]: (-0.6, 1.7, 0.6) 8
[20:42:10.763]: (-0.5, 1.6, 0.7) 0
[20:42:10.782]: (-0.5, 1.6, 0.6) 0
[20:42:12.707]: (0.1, 1.5, 1.6) 2
[20:42:12.725]: (0.1, 1.5, 1.5) 2
[20:42:12.743]: (0.1, 1.5, 1.6) 2
[20:42:12.760]: (0.1, 1.5, 1.6) 2
[20:42:12.778]: (0.1, 1.5, 1.5) 2
[20:42:12.793]: (0.1, 1.5, 1.5) 2
[20:42:12.811]: (0.1, 1.5, 1.5) 2
[20:42:12.827]: (0.1, 1.5, 1.5) 2
[20:42:12.844]: (0.1, 1.5, 1.5) 2
[20:42:12.910]: (-0.1, 1.9, 1.5) 4
[20:42:12.933]: (-0.1, 1.9, 1.5) 4
[20:42:12.955]: (-0.1, 1.9, 1.5) 4
[20:42:13.312]: (-0.7, 1.9, 0.6) 6
[20:42:13.328]: (-0.7, 1.9, 0.6) 6
[20:42:13.345]: (-0.7, 1.9, 0.7) 6
[20:42:13.362]: (-0.7, 1.9, 0.7) 6
[20:42:13.379]: (-0.7, 1.9, 0.7) 6
[20:42:13.398]: (-0.7, 1.9, 0.7) 6
[20:42:13.413]: (-0.7, 1.9, 0.7) 6
[20:42:13.431]: (-0.7, 1.9, 0.7) 6
[20:42:13.447]: (-0.7, 1.9, 0.7) 6
[20:42:13.465]: (-0.7, 1.9, 0.7) 6
[20:42:13.482]: (-0.7, 1.9, 0.7) 6
[20:42:13.499]: (-0.7, 1.9, 0.6) 6
[20:42:13.516]: (-0.7, 1.9, 0.6) 6
[20:42:13.533]: (-0.7, 1.9, 0.7) 6
[20:42:13.551]: (-0.7, 1.9, 0.7) 6
[20:42:13.568]: (-0.7, 1.9, 0.7) 6
[20:42:13.586]: (-0.7, 1.9, 0.7) 6
[20:42:13.603]: (-0.7, 1.9, 0.7) 6
[20:42:13.619]: (-0.7, 1.9, 0.7) 6
[20:42:13.635]: (-0.7, 1.9, 0.7) 6
[20:42:13.652]: (-0.7, 1.9, 0.7) 6
[20:42:13.668]: (-0.7, 1.9, 0.7) 6
[20:42:13.685]: (-0.7, 1.9, 0.7) 6
[20:42:13.702]: (-0.6, 1.8, 0.6) 8
[20:42:13.721]: (-0.6, 1.8, 0.6) 8
[20:42:13.738]: (-0.7, 1.9, 0.7) 6
[20:42:13.756]: (-0.7, 1.9, 0.7) 6
[20:42:13.772]: (-0.6, 1.8, 0.6) 8
[20:42:13.789]: (-0.7, 1.9, 0.7) 6
[20:42:13.806]: (-0.7, 1.9, 0.7) 6
[20:42:13.824]: (-0.6, 1.8, 0.6) 8
[20:42:14.021]: (-0.6, 1.7, 0.6) 8
[20:42:14.043]: (-0.7, 1.9, 0.7) 6
[20:42:14.066]: (-0.6, 1.8, 0.6) 8
[20:42:14.088]: (-0.6, 1.8, 0.6) 8
[20:42:14.110]: (-0.7, 1.9, 0.7) 6
[20:42:14.132]: (-0.7, 1.9, 0.7) 6
[20:42:14.154]: (-0.6, 1.8, 0.6) 8
[20:42:14.177]: (-0.6, 1.8, 0.6) 8
[20:42:14.199]: (-0.6, 1.7, 0.6) 8
[20:42:14.540]: (-0.5, 1.8, 0.6) 8
[20:42:14.559]: (-0.6, 1.8, 0.6) 8
[20:42:14.575]: (-0.6, 1.8, 0.6) 8
[20:42:14.590]: (-0.6, 1.8, 0.6) 8
[20:42:14.607]: (-0.6, 1.8, 0.6) 8
[20:42:14.625]: (-0.6, 1.8, 0.6) 8
[20:42:14.641]: (-0.6, 1.8, 0.6) 8
[20:42:14.656]: (-0.6, 1.8, 0.6) 8
[20:42:14.677]: (-0.6, 1.8, 0.6) 8
[20:42:14.698]: (-0.6, 1.7, 0.6) 8
[20:42:14.721]: (-0.6, 1.7, 0.6) 8
[20:42:14.744]: (-0.6, 1.7, 0.6) 8
[20:42:14.766]: (-0.6, 1.7, 0.6) 8
[20:42:14.788]: (-0.6, 1.7, 0.6) 8
[20:42:14.811]: (-0.6, 1.7, 0.6) 8
[20:42:14.832]: (-0.6, 1.7, 0.6) 8
[20:42:14.854]: (-0.6, 1.7, 0.6) 8
[20:42:14.879]: (-0.5, 1.5, 0.7) 0
[20:42:18.243]: (-0.3, 1.5, 0.7) 1
[20:42:19.232]: (-0.5, 1.6, 0.7) 0
[20:42:19.254]: (-0.5, 1.6, 0.7) 0
[20:42:19.274]: (-0.5, 1.6, 0.7) 0
[20:42:19.298]: (-0.5, 1.6, 0.7) 0
[20:42:19.342]: (-0.5, 1.6, 0.7) 0
[20:42:19.364]: (-0.5, 1.6, 0.7) 0
[20:42:19.387]: (-0.5, 1.6, 0.7) 0
[20:42:19.408]: (-0.5, 1.6, 0.7) 0
[20:42:19.430]: (-0.5, 1.6, 0.7) 0
[20:42:19.452]: (-0.5, 1.6, 0.7) 0
[20:42:19.468]: (-0.5, 1.6, 0.7) 0
[20:42:19.485]: (-0.5, 1.6, 0.7) 0
[20:42:19.502]: (-0.5, 1.6, 0.7) 0
[20:42:19.518]: (-0.5, 1.6, 0.7) 0
[20:42:19.534]: (-0.5, 1.6, 0.7) 0
[20:42:19.551]: (-0.5, 1.6, 0.7) 0
[20:42:19.569]: (-0.5, 1.6, 0.6) 0
[20:42:20.242]: (-0.5, 1.5, 0.6) 0
[20:42:20.264]: (-0.5, 1.5, 0.6) 0
[20:42:20.287]: (-0.5, 1.5, 0.6) 0
[20:42:20.307]: (-0.5, 1.5, 0.6) 0
[20:42:20.332]: (-0.5, 1.5, 0.6) 0
[20:42:20.352]: (-0.5, 1.5, 0.7) 0
[20:42:20.369]: (-0.5, 1.5, 0.6) 0
[20:42:20.387]: (-0.5, 1.5, 0.7) 0
[20:42:20.403]: (-0.5, 1.6, 0.6) 0
[20:42:20.421]: (-0.5, 1.6, 0.6) 0
[20:42:20.437]: (-0.5, 1.6, 0.6) 0
[20:42:20.453]: (-0.5, 1.6, 0.7) 0
[20:42:20.469]: (-0.5, 1.6, 0.6) 0
[20:42:20.488]: (-0.5, 1.6, 0.7) 0
[20:42:20.504]: (-0.5, 1.6, 0.7) 0
[20:42:20.521]: (-0.5, 1.6, 0.7) 0
[20:42:20.537]: (-0.5, 1.6, 0.7) 0
[20:42:20.554]: (-0.5, 1.6, 0.7) 0
[20:42:20.572]: (-0.5, 1.6, 0.7) 0
[20:42:20.588]: (-0.5, 1.6, 0.7) 0
[20:42:20.621]: (-0.5, 1.6, 0.7) 0
[20:42:20.639]: (-0.5, 1.6, 0.7) 0
[20:42:20.656]: (-0.5, 1.6, 0.7) 0
[20:42:20.673]: (-0.5, 1.6, 0.7) 0
[20:42:20.690]: (-0.5, 1.6, 0.7) 0
[20:42:20.706]: (-0.5, 1.6, 0.7) 0
[20:42:20.721]: (-0.5, 1.6, 0.7) 0
[20:42:20.738]: (-0.5, 1.6, 0.7) 0
[20:42:20.754]: (-0.5, 1.6, 0.7) 0
[20:42:20.772]: (-0.5, 1.6, 0.7) 0
[20:42:20.793]: (-0.5, 1.6, 0.7) 0
[20:42:20.810]: (-0.5, 1.6, 0.7) 0
[20:42:20.827]: (-0.5, 1.6, 0.7) 0
[20:42:20.843]: (-0.5, 1.6, 0.7) 0
[20:42:20.886]: (-0.5, 1.6, 0.7) 0
[20:42:20.999]: (-0.5, 1.6, 0.6) 0
[20:42:21.020]: (-0.5, 1.5, 0.6) 0
[20:42:21.042]: (-0.5, 1.5, 0.6) 0
[20:42:21.064]: (-0.5, 1.5, 0.6) 0
[20:42:21.086]: (-0.5, 1.5, 0.6) 0
[20:42:21.111]: (-0.5, 1.5, 0.6) 0
[20:42:21.136]: (-0.5, 1.5, 0.6) 0
[20:42:21.158]: (-0.5, 1.6, 0.6) 0
[20:42:21.179]: (-0.5, 1.6, 0.6) 0
[20:42:21.202]: (-0.5, 1.6, 0.6) 0
[20:42:21.223]: (-0.5, 1.6, 0.6) 0
[20:42:21.243]: (-0.5, 1.6, 0.6) 0
[20:42:21.265]: (-0.5, 1.5, 0.6) 0
[20:42:21.287]: (-0.5, 1.5, 0.6) 0
[20:42:21.307]: (-0.5, 1.5, 0.6) 0
[20:42:21.328]: (-0.5, 1.5, 0.6) 0
[20:42:21.349]: (-0.5, 1.5, 0.6) 0
[20:42:21.899]: (-0.1, 1.6, 0.6) 0
[20:42:21.922]: (-0.1, 1.6, 0.6) 0
[20:42:21.945]: (-0.1, 1.6, 0.6) 0
[20:42:22.330]: (-0.2, 1.6, 0.6) 0
[20:42:22.464]: (-0.2, 1.6, 0.6) 0
[20:42:22.531]: (-0.2, 1.6, 0.6) 0
[20:42:23.273]: (-0.3, 1.6, 0.6) 8
[20:42:23.296]: (-0.3, 1.6, 0.6) 8
[20:42:23.317]: (-0.3, 1.6, 0.6) 8
[20:42:23.339]: (-0.3, 1.6, 0.6) 8
[20:42:23.363]: (-0.3, 1.6, 0.6) 8
[20:42:23.386]: (-0.3, 1.6, 0.6) 8
[20:42:23.945]: (-0.3, 1.8, 0.7) 6
[20:42:23.977]: (-0.3, 1.8, 0.7) 6
[20:42:23.995]: (-0.3, 1.8, 0.7) 6
[20:42:24.059]: (-0.3, 1.8, 0.7) 6
[20:42:24.105]: (-0.3, 1.8, 0.7) 6
[20:42:24.122]: (-0.3, 1.8, 0.7) 6
[20:42:24.139]: (-0.4, 1.8, 0.7) 6
[20:42:24.157]: (-0.3, 1.8, 0.7) 6
[20:42:24.173]: (-0.3, 1.8, 0.7) 6
[20:42:24.190]: (-0.3, 1.8, 0.7) 6
[20:42:24.209]: (-0.3, 1.8, 0.7) 6
[20:42:24.225]: (-0.4, 1.9, 0.7) 6
[20:42:24.450]: (-0.4, 1.9, 0.7) 6
[20:42:24.472]: (-0.4, 1.9, 0.7) 6
[20:42:24.495]: (-0.4, 1.9, 0.7) 6
[20:42:24.517]: (-0.4, 1.9, 0.7) 6
[20:42:24.538]: (-0.3, 1.9, 0.7) 6
[20:42:24.562]: (-0.4, 1.9, 0.7) 6
[20:42:24.583]: (-0.4, 1.9, 0.7) 6
[20:42:24.606]: (-0.4, 1.9, 0.7) 6
[20:42:24.628]: (-0.3, 1.9, 0.7) 6
[20:42:24.650]: (-0.3, 1.9, 0.7) 6
[20:42:24.672]: (-0.4, 1.9, 0.7) 6
[20:42:24.694]: (-0.3, 1.9, 0.7) 6
[20:42:24.716]: (-0.4, 1.9, 0.7) 6
[20:42:24.738]: (-0.4, 1.9, 0.7) 6
[20:42:24.762]: (-0.4, 1.9, 0.7) 6
[20:42:24.784]: (-0.4, 1.9, 0.7) 6
[20:42:24.805]: (-0.4, 1.9, 0.7) 6
[20:42:24.822]: (-0.4, 1.9, 0.7) 6
[20:42:24.839]: (-0.4, 1.9, 0.7) 6
[20:42:24.855]: (-0.4, 1.9, 0.7) 6
[20:42:24.872]: (-0.4, 1.9, 0.7) 6
[20:42:24.889]: (-0.4, 1.9, 0.7) 6
[20:42:24.905]: (-0.4, 1.9, 0.7) 6
[20:42:24.921]: (-0.4, 1.9, 0.7) 6
[20:42:24.937]: (-0.4, 1.9, 0.7) 6
[20:42:24.955]: (-0.4, 1.9, 0.7) 6
[20:42:24.972]: (-0.4, 1.9, 0.7) 6
[20:42:24.988]: (-0.4, 1.9, 0.7) 6
[20:42:25.006]: (-0.4, 1.9, 0.7) 6
[20:42:25.024]: (-0.4, 1.9, 0.7) 6
[20:42:25.039]: (-0.4, 1.9, 0.7) 6
[20:42:25.055]: (-0.4, 1.9, 0.7) 6
[20:42:25.071]: (-0.4, 1.9, 0.7) 6
[20:42:25.088]: (-0.4, 1.9, 0.7) 6
[20:42:25.104]: (-0.4, 1.9, 0.7) 6
[20:42:25.121]: (-0.4, 1.9, 0.7) 6
[20:42:25.138]: (-0.3, 1.9, 0.7) 6
[20:42:25.155]: (-0.3, 1.9, 0.7) 6
[20:42:25.172]: (-0.4, 1.9, 0.7) 6
[20:42:25.188]: (-0.3, 1.9, 0.7) 6
[20:42:25.205]: (-0.3, 1.9, 0.7) 6
[20:42:25.283]: (-0.3, 1.8, 0.7) 7
[20:42:25.304]: (-0.2, 1.9, 0.7) 7
[20:42:25.328]: (-0.3, 1.8, 0.7) 7
[20:42:25.371]: (-0.2, 1.8, 0.7) 7
[20:42:25.395]: (-0.2, 1.8, 0.7) 7
[20:42:25.416]: (-0.2, 1.8, 0.7) 7
[20:42:25.438]: (-0.2, 1.8, 0.7) 7
[20:42:25.462]: (-0.2, 1.8, 0.7) 7
[20:42:25.483]: (-0.2, 1.8, 0.7) 7
[20:42:25.505]: (-0.2, 1.8, 0.7) 7
[20:42:25.662]: (0.7, 1.8, 1.6) 5
[20:42:25.799]: (0.5, 1.8, 1.5) 4
[20:42:25.816]: (0.5, 1.8, 1.5) 4
[20:42:25.832]: (0.4, 1.8, 1.5) 4
[20:42:25.850]: (0.4, 1.7, 1.5) 4
[20:42:25.869]: (0.5, 1.8, 1.5) 4
[20:42:25.885]: (0.5, 1.8, 1.5) 4
[20:42:25.902]: (0.4, 1.8, 1.5) 4
[20:42:25.919]: (0.5, 1.8, 1.5) 4
[20:42:26.059]: (0.5, 1.8, 1.5) 4
[20:42:26.283]: (0.5, 1.8, 1.5) 4
[20:42:26.309]: (0.5, 1.8, 1.5) 4
[20:42:26.327]: (0.5, 1.8, 1.5) 4
[20:42:26.349]: (0.5, 1.8, 1.5) 4
[20:42:26.372]: (0.5, 1.8, 1.5) 4
[20:42:26.395]: (0.5, 1.8, 1.5) 4
[20:42:26.416]: (0.5, 1.8, 1.5) 4
[20:42:26.439]: (0.5, 1.8, 1.5) 4
[20:42:27.727]: (0.4, 1.8, 1.5) 4
[20:42:27.775]: (0.4, 1.8, 1.5) 4
[20:42:27.790]: (0.4, 1.8, 1.5) 4
[20:42:27.806]: (0.4, 1.8, 1.5) 4
[20:42:27.822]: (0.4, 1.8, 1.5) 4
[20:42:27.838]: (0.4, 1.8, 1.5) 4
[20:42:29.037]: (0.5, 1.4, 1.5) 2
[20:42:29.060]: (0.5, 1.3, 1.5) 2
[20:42:29.081]: (0.5, 1.3, 1.5) 2
[20:42:29.103]: (0.5, 1.3, 1.5) 2
[20:42:29.125]: (0.5, 1.3, 1.5) 2
[20:42:29.237]: (0.5, 1.3, 1.5) 2
[20:42:29.255]: (0.5, 1.3, 1.5) 2
[20:42:29.271]: (0.5, 1.3, 1.5) 2
[20:42:29.287]: (0.5, 1.3, 1.5) 2
[20:42:29.303]: (0.5, 1.3, 1.5) 2
[20:42:29.319]: (0.5, 1.3, 1.5) 2
[20:42:29.335]: (0.5, 1.3, 1.5) 2
[20:42:29.351]: (0.5, 1.3, 1.5) 2
[20:42:29.367]: (0.5, 1.3, 1.5) 2
[20:42:29.384]: (0.5, 1.3, 1.5) 2
[20:42:29.403]: (0.5, 1.3, 1.5) 2
[20:42:29.419]: (0.5, 1.3, 1.5) 2
[20:42:29.436]: (0.5, 1.3, 1.5) 2
[20:42:29.451]: (0.5, 1.3, 1.5) 2
[20:42:29.467]: (0.5, 1.3, 1.5) 2
[20:42:29.483]: (0.5, 1.3, 1.5) 2
[20:42:29.500]: (0.5, 1.3, 1.5) 2
[20:42:29.533]: (0.6, 1.3, 1.5) 2
[20:42:30.189]: (-0.1, 1.5, 0.7) 0
[20:42:30.220]: (-0.1, 1.4, 0.7) 0
[20:42:30.236]: (-0.1, 1.5, 0.7) 0
[20:42:30.253]: (-0.1, 1.4, 0.7) 0
[20:42:30.269]: (-0.1, 1.4, 0.7) 0
[20:42:30.286]: (-0.1, 1.4, 0.7) 0
[20:42:30.303]: (-0.1, 1.4, 0.7) 0
[20:42:30.319]: (-0.1, 1.5, 0.7) 0
[20:42:30.334]: (-0.1, 1.4, 0.7) 0
[20:42:30.350]: (-0.1, 1.4, 0.7) 0
[20:42:30.367]: (-0.1, 1.5, 0.7) 0
[20:42:30.384]: (-0.2, 1.5, 0.7) 0
[20:42:30.402]: (-0.2, 1.5, 0.7) 0
[20:42:30.418]: (-0.2, 1.5, 0.7) 0
[20:42:30.435]: (-0.2, 1.5, 0.7) 0
[20:42:30.451]: (-0.2, 1.5, 0.7) 0
[20:42:30.469]: (-0.2, 1.5, 0.7) 0
[20:42:30.559]: (-0.2, 1.5, 0.7) 0
[20:42:30.581]: (-0.2, 1.5, 0.7) 0
[20:42:30.626]: (-0.2, 1.5, 0.7) 0
[20:42:30.647]: (-0.2, 1.5, 0.7) 0
[20:42:30.670]: (-0.2, 1.5, 0.7) 0
[20:42:30.692]: (-0.2, 1.5, 0.7) 0
[20:42:30.714]: (-0.2, 1.5, 0.7) 0
[20:42:30.736]: (-0.2, 1.6, 0.6) 8
[20:42:30.758]: (-0.2, 1.7, 0.6) 8
[20:42:31.138]: (-0.4, 1.8, 0.7) 6
[20:42:31.156]: (-0.4, 1.8, 0.7) 6
[20:42:31.171]: (-0.4, 1.8, 0.7) 6
[20:42:31.187]: (-0.4, 1.8, 0.7) 6
[20:42:31.204]: (-0.4, 1.8, 0.7) 6
[20:42:31.220]: (-0.4, 1.8, 0.7) 6
[20:42:31.237]: (-0.4, 1.8, 0.7) 6
[20:42:31.253]: (-0.4, 1.8, 0.7) 6
[20:42:31.271]: (-0.4, 1.8, 0.7) 6
[20:42:31.288]: (-0.4, 1.8, 0.7) 6
[20:42:31.306]: (-0.4, 1.8, 0.7) 6
[20:42:31.322]: (-0.4, 1.8, 0.7) 6
[20:42:31.338]: (-0.4, 1.8, 0.7) 6
[20:42:31.355]: (-0.4, 1.8, 0.7) 6
[20:42:31.492]: (-0.2, 1.6, 0.6) 8
[20:42:31.514]: (-0.2, 1.6, 0.6) 8
[20:42:31.536]: (-0.2, 1.6, 0.6) 8
[20:42:31.558]: (-0.1, 1.6, 0.6) 8
[20:42:31.580]: (-0.1, 1.6, 0.6) 8
[20:42:31.603]: (-0.1, 1.6, 0.6) 8
[20:42:31.626]: (-0.1, 1.6, 0.6) 8
[20:42:31.647]: (-0.1, 1.6, 0.6) 8
[20:42:31.669]: (-0.2, 1.6, 0.6) 8
[20:42:31.692]: (-0.2, 1.6, 0.6) 8
[20:42:32.311]: (-0.2, 1.4, 0.7) 0
[20:42:32.326]: (-0.2, 1.4, 0.7) 0
[20:42:32.343]: (-0.2, 1.4, 0.7) 0
[20:42:32.360]: (-0.2, 1.4, 0.7) 0
[20:42:32.376]: (-0.2, 1.4, 0.7) 0
[20:42:32.392]: (-0.2, 1.4, 0.7) 0
[20:42:32.409]: (-0.2, 1.4, 0.7) 0
[20:42:32.425]: (-0.2, 1.4, 0.7) 0
[20:42:32.447]: (-0.2, 1.4, 0.7) 0
[20:42:32.469]: (-0.2, 1.4, 0.7) 0
[20:42:32.491]: (-0.2, 1.4, 0.7) 0
[20:42:32.514]: (-0.2, 1.4, 0.7) 0
[20:42:32.535]: (-0.2, 1.4, 0.7) 0
[20:42:32.558]: (-0.2, 1.4, 0.7) 0
[20:42:32.580]: (-0.2, 1.4, 0.7) 0
[20:42:32.603]: (-0.2, 1.5, 0.7) 0
[20:42:32.625]: (-0.2, 1.5, 0.7) 0
[20:42:32.646]: (-0.2, 1.4, 0.7) 0
[20:42:32.670]: (-0.2, 1.4, 0.7) 0
[20:42:32.691]: (-0.2, 1.5, 0.7) 0
[20:42:32.713]: (-0.2, 1.5, 0.7) 0
[20:42:32.735]: (-0.2, 1.5, 0.7) 0
[20:42:32.758]: (-0.2, 1.5, 0.7) 0
[20:42:32.780]: (-0.2, 1.5, 0.7) 0
[20:42:32.899]: (-0.2, 1.5, 0.7) 0
[20:42:33.054]: (-0.2, 1.4, 0.7) 0
[20:42:33.070]: (-0.2, 1.4, 0.7) 0
[20:42:33.086]: (-0.2, 1.4, 0.7) 0
[20:42:33.103]: (-0.2, 1.4, 0.7) 0
[20:42:33.120]: (-0.2, 1.5, 0.7) 0
[20:42:33.137]: (-0.2, 1.5, 0.7) 0
[20:42:33.154]: (-0.2, 1.4, 0.7) 0
[20:42:33.170]: (-0.2, 1.4, 0.7) 0
[20:42:33.186]: (-0.2, 1.4, 0.7) 0
[20:42:33.203]: (-0.2, 1.4, 0.7) 0
[20:42:33.219]: (-0.2, 1.4, 0.7) 0
[20:42:33.234]: (-0.2, 1.4, 0.7) 0
[20:42:33.258]: (-0.2, 1.4, 0.7) 0
[20:42:33.280]: (-0.2, 1.4, 0.7) 0
[20:42:33.303]: (-0.2, 1.4, 0.7) 0
[20:42:33.324]: (-0.2, 1.4, 0.7) 0
[20:42:33.347]: (-0.2, 1.4, 0.7) 0
[20:42:33.369]: (-0.2, 1.4, 0.7) 0
[20:42:33.391]: (-0.2, 1.4, 0.7) 0
[20:42:33.413]: (-0.2, 1.4, 0.7) 0
[20:42:33.435]: (-0.2, 1.4, 0.7) 0
[20:42:33.458]: (-0.2, 1.4, 0.7) 0
[20:42:33.480]: (-0.2, 1.4, 0.7) 0
[20:42:33.502]: (-0.2, 1.4, 0.7) 0
[20:42:33.525]: (-0.2, 1.4, 0.7) 0
[20:42:33.547]: (-0.2, 1.4, 0.7) 0
[20:42:33.569]: (-0.2, 1.4, 0.7) 0
[20:42:33.590]: (-0.2, 1.4, 0.7) 0
[20:42:33.613]: (-0.2, 1.4, 0.7) 0
[20:42:33.635]: (-0.2, 1.4, 0.7) 0
[20:42:33.657]: (-0.2, 1.4, 0.7) 0
[20:42:33.682]: (-0.2, 1.4, 0.7) 0
[20:42:33.699]: (-0.2, 1.4, 0.7) 0
[20:42:33.716]: (-0.2, 1.4, 0.7) 0
[20:42:33.733]: (-0.2, 1.4, 0.7) 0
[20:42:33.750]: (-0.2, 1.4, 0.7) 0
[20:42:33.766]: (-0.2, 1.4, 0.7) 0
[20:42:33.782]: (-0.2, 1.4, 0.7) 0
[20:42:33.799]: (-0.2, 1.4, 0.7) 0
[20:42:33.816]: (-0.2, 1.4, 0.7) 0
[20:42:33.833]: (-0.2, 1.4, 0.7) 0
[20:42:33.849]: (-0.2, 1.4, 0.7) 0
[20:42:33.866]: (-0.2, 1.4, 0.7) 0
[20:42:33.883]: (-0.2, 1.4, 0.7) 0
[20:42:33.900]: (-0.2, 1.4, 0.7) 0
[20:42:33.917]: (-0.2, 1.5, 0.7) 0
[20:42:34.083]: (-0.2, 1.4, 0.7) 0
[20:42:34.116]: (-0.2, 1.4, 0.7) 0
[20:42:34.136]: (-0.2, 1.4, 0.7) 0
[20:42:34.269]: (-0.2, 1.4, 0.7) 0
[20:42:34.335]: (-0.2, 1.4, 0.7) 0
[20:42:34.357]: (-0.2, 1.4, 0.7) 0
[20:42:34.380]: (-0.2, 1.4, 0.7) 0
[20:42:34.402]: (-0.2, 1.4, 0.7) 0
