[21:03:03.950]: (-3.1, -2.4, -0.1) 34
[21:03:03.970]: (-3.2, -2.4, -0.1) 34
[21:03:03.985]: (-3.2, -2.4, 0.0) 34
[21:03:04.152]: (-2.6, -2.3, -0.1) 7
[21:03:04.231]: (-1.9, -1.3, 0.0) 18
[21:03:04.254]: (-2.6, -2.3, -0.1) 7
[21:03:04.276]: (-2.6, -2.3, 0.0) 7
[21:03:04.299]: (-1.8, -1.3, 0.0) 18
[21:03:04.321]: (-1.8, -1.3, 0.0) 18
[21:03:04.343]: (-1.8, -1.3, 0.0) 18
[21:03:07.351]: (-0.1, 0.1, 0.0) 15
[21:03:07.407]: (0.0, 0.3, 0.0) 14
[21:03:07.440]: (0.0, 0.1, -0.1) 15
[21:03:07.549]: (0.0, 0.3, -0.1) 14
[21:03:07.792]: (-1.1, -1.9, -0.9) 8
[21:03:07.957]: (-2.2, -1.0, -1.3) 8
[21:03:08.009]: (-0.7, 0.6, -0.5) 13
[21:03:08.275]: (-0.4, 1.2, -0.3) 14
[21:03:08.477]: (-1.2, 1.5, -0.2) 29
[21:03:09.174]: (-1.6, 1.8, 0.0) 20
[21:03:09.685]: (-0.9, 2.0, 0.1) 29
[21:03:09.839]: (-0.9, 2.0, 0.0) 29
[21:03:09.864]: (-0.9, 2.0, 0.0) 29
[21:03:09.886]: (-2.5, 2.7, 0.2) 35
[21:03:09.907]: (-1.9, 2.6, 0.2) 24
[21:03:10.044]: (-1.9, 2.6, 0.1) 24
[21:03:10.061]: (-1.7, 2.4, 0.1) 19
[21:03:10.078]: (-0.9, 1.9, 0.0) 29
[21:03:10.168]: (-0.9, 2.0, 0.1) 29
[21:03:10.215]: (-0.9, 2.0, 0.1) 29
[21:03:10.279]: (-0.9, 1.9, 0.1) 29
[21:03:10.295]: (-0.9, 1.9, 0.1) 29
[21:03:10.312]: (-0.9, 1.9, 0.0) 29
[21:03:10.330]: (-1.7, 2.3, 0.1) 19
[21:03:10.348]: (-1.9, 2.6, 0.2) 24
[21:03:10.531]: (-1.4, 2.0, 0.3) 20
[21:03:10.641]: (-1.4, 2.0, 0.2) 20
[21:03:10.707]: (-2.6, 2.4, 0.5) 36
[21:03:10.941]: (-1.0, 2.3, 0.4) 20
[21:03:10.964]: (-1.0, 2.3, 0.5) 20
[21:03:10.984]: (-0.9, 2.3, 0.5) 20
[21:03:11.010]: (-0.9, 2.3, 0.5) 20
[21:03:11.312]: (-0.3, 2.0, 0.6) 29
[21:03:11.517]: (-0.3, 2.7, 0.9) 2
[21:03:11.540]: (-0.2, 2.7, 0.9) 2
[21:03:12.068]: (0.1, 1.5, 0.5) 15
[21:03:12.461]: (0.1, 1.5, 0.5) 15
[21:03:12.506]: (0.1, 1.5, 0.5) 15
[21:03:12.529]: (0.0, 1.6, 0.5) 15
[21:03:12.550]: (0.0, 1.5, 0.5) 15
[21:03:12.617]: (0.0, 1.5, 0.5) 15
[21:03:14.617]: (0.0, 1.4, 0.4) 15
[21:03:14.650]: (0.0, 1.4, 0.4) 15
[21:03:15.017]: (0.0, 1.4, 0.5) 15
[21:03:15.117]: (0.0, 1.4, 0.5) 15
[21:03:15.294]: (0.0, 1.4, 0.5) 15
[21:03:15.317]: (0.0, 1.4, 0.5) 15
[21:03:15.339]: (0.0, 1.4, 0.5) 15
[21:03:15.361]: (0.0, 1.4, 0.5) 15
[21:03:15.382]: (0.0, 1.4, 0.5) 15
[21:03:15.405]: (0.0, 1.4, 0.5) 15
[21:03:15.428]: (0.0, 1.4, 0.5) 15
[21:03:15.472]: (0.0, 1.4, 0.5) 15
[21:03:15.495]: (0.0, 1.4, 0.5) 15
[21:03:15.538]: (0.1, 1.4, 0.4) 14
[21:03:15.583]: (0.1, 1.4, 0.4) 14
[21:03:15.607]: (0.1, 1.4, 0.4) 14
[21:03:15.629]: (0.1, 1.4, 0.4) 14
[21:03:15.650]: (0.1, 1.4, 0.4) 14
[21:03:15.673]: (0.1, 1.4, 0.4) 14
[21:03:15.695]: (0.1, 1.4, 0.4) 14
[21:03:15.716]: (0.1, 1.4, 0.4) 14
[21:03:15.739]: (0.1, 1.4, 0.4) 14
[21:03:15.762]: (0.1, 1.3, 0.4) 14
[21:03:15.783]: (0.1, 1.4, 0.4) 14
[21:03:15.805]: (0.0, 1.3, 0.4) 14
[21:03:15.827]: (0.1, 1.4, 0.4) 14
[21:03:15.851]: (0.1, 1.4, 0.4) 14
[21:03:15.873]: (0.1, 1.3, 0.4) 14
[21:03:15.899]: (0.1, 1.3, 0.4) 14
[21:03:15.944]: (0.1, 1.4, 0.4) 14
[21:03:15.965]: (0.1, 1.4, 0.4) 14
[21:03:15.986]: (0.0, 1.4, 0.5) 15
[21:03:16.009]: (0.0, 1.4, 0.5) 15
[21:03:16.032]: (0.0, 1.4, 0.5) 15
[21:03:16.052]: (0.0, 1.4, 0.4) 14
[21:03:16.076]: (0.1, 1.4, 0.4) 14
[21:03:16.099]: (0.1, 1.4, 0.4) 14
[21:03:16.121]: (0.0, 1.4, 0.4) 15
[21:03:16.144]: (0.0, 1.4, 0.4) 15
[21:03:16.166]: (0.0, 1.4, 0.4) 15
[21:03:16.187]: (0.0, 1.4, 0.4) 15
[21:03:16.231]: (0.0, 1.7, 0.5) 13
[21:03:16.253]: (0.0, 1.7, 0.5) 13
[21:03:16.413]: (0.0, 1.7, 0.5) 13
[21:03:16.649]: (0.0, 1.7, 0.5) 13
[21:03:16.665]: (0.0, 1.7, 0.5) 13
[21:03:16.684]: (0.0, 1.7, 0.5) 13
[21:03:16.703]: (0.0, 1.7, 0.5) 13
[21:03:16.721]: (0.0, 1.7, 0.5) 13
[21:03:16.740]: (0.0, 1.7, 0.5) 13
[21:03:16.761]: (0.0, 1.7, 0.5) 13
[21:03:16.830]: (0.0, 1.7, 0.5) 13
[21:03:16.851]: (0.0, 1.7, 0.5) 13
[21:03:17.093]: (0.0, 1.7, 0.5) 13
[21:03:17.116]: (0.0, 1.7, 0.5) 13
[21:03:17.182]: (0.0, 1.7, 0.5) 13
[21:03:17.205]: (0.0, 1.7, 0.5) 13
[21:03:17.227]: (0.0, 1.7, 0.5) 13
[21:03:17.248]: (0.0, 1.7, 0.5) 13
[21:03:17.265]: (0.0, 1.7, 0.5) 13
[21:03:17.281]: (0.0, 1.7, 0.5) 13
[21:03:17.298]: (0.0, 1.7, 0.5) 13
[21:03:17.315]: (0.0, 1.7, 0.5) 13
[21:03:17.332]: (0.0, 1.7, 0.5) 13
[21:03:17.350]: (0.0, 1.7, 0.5) 13
[21:03:17.369]: (0.0, 1.7, 0.5) 13
[21:03:17.388]: (0.0, 1.7, 0.5) 13
[21:03:17.404]: (0.0, 1.7, 0.5) 13
[21:03:17.420]: (0.0, 1.7, 0.5) 13
[21:03:17.467]: (0.0, 1.7, 0.5) 13
[21:03:17.484]: (0.0, 1.7, 0.5) 13
[21:03:17.501]: (0.0, 1.7, 0.5) 13
[21:03:18.037]: (-0.3, 1.8, 0.4) 31
[21:03:18.165]: (-0.4, 1.8, 0.4) 31
[21:03:18.256]: (-0.4, 1.8, 0.4) 31
[21:03:18.288]: (-0.4, 1.8, 0.5) 31
[21:03:18.305]: (-0.4, 1.8, 0.4) 31
[21:03:18.321]: (-0.3, 1.7, 0.5) 31
[21:03:18.585]: (-0.4, 1.8, 0.5) 31
[21:03:19.212]: (-0.4, 1.3, 0.2) 30
[21:03:19.400]: (-0.5, 1.3, 0.2) 30
[21:03:19.431]: (-0.5, 1.4, 0.2) 30
[21:03:19.448]: (-0.5, 1.3, 0.2) 30
[21:03:19.481]: (-0.5, 1.3, 0.2) 30
[21:03:19.526]: (-0.4, 1.3, 0.2) 30
[21:03:19.637]: (-0.5, 1.3, 0.2) 30
[21:03:19.658]: (-0.5, 1.3, 0.2) 30
[21:03:19.858]: (-0.4, 1.3, 0.2) 30
[21:03:22.423]: (-0.7, 2.8, 0.6) 1
[21:03:22.694]: (0.1, 2.2, 0.8) 22
[21:03:22.942]: (0.0, 1.7, 0.5) 13
[21:03:22.959]: (0.0, 1.7, 0.5) 13
[21:03:22.977]: (0.1, 1.7, 0.5) 13
[21:03:22.993]: (0.1, 1.7, 0.5) 13
[21:03:23.012]: (0.1, 1.7, 0.5) 13
[21:03:23.028]: (0.1, 1.7, 0.5) 13
[21:03:23.045]: (0.1, 1.7, 0.5) 13
[21:03:23.062]: (0.1, 1.7, 0.5) 13
[21:03:23.090]: (0.1, 1.7, 0.5) 13
[21:03:23.124]: (0.1, 1.7, 0.5) 13
[21:03:23.157]: (0.1, 1.7, 0.5) 13
[21:03:23.490]: (0.2, 2.1, 0.7) 21
[21:03:23.524]: (0.2, 2.1, 0.7) 21
[21:03:23.558]: (0.2, 2.1, 0.7) 21
[21:03:23.690]: (0.0, 1.7, 0.5) 13
[21:03:23.723]: (0.0, 1.7, 0.5) 13
[21:03:23.790]: (0.1, 1.7, 0.5) 13
[21:03:26.523]: (-0.2, 2.7, 0.8) 1
[21:03:26.545]: (-0.2, 2.7, 0.8) 1
[21:03:26.567]: (-0.2, 2.7, 0.8) 1
[21:03:26.589]: (-0.2, 2.7, 0.9) 1
[21:03:27.478]: (-0.4, 2.8, 0.8) 0
[21:03:28.466]: (-0.5, 2.5, 0.6) 2
[21:03:28.532]: (-0.6, 2.4, 0.6) 2
[21:03:29.064]: (-0.9, 2.5, 0.3) 19
[21:03:29.533]: (-0.2, 2.5, 0.7) 2
[21:03:29.555]: (-0.2, 2.5, 0.7) 2
[21:03:29.578]: (-0.2, 2.5, 0.7) 2
[21:03:29.621]: (-0.2, 2.5, 0.6) 2
[21:03:30.259]: (-0.1, 2.7, 0.7) 18
[21:03:30.281]: (-0.2, 2.7, 0.7) 18
[21:03:30.833]: (-0.1, 2.7, 0.7) 18
[21:03:30.849]: (-0.1, 2.7, 0.7) 18
[21:03:30.867]: (-0.1, 2.6, 0.7) 18
[21:03:30.886]: (-0.1, 2.6, 0.8) 18
[21:03:30.904]: (-0.1, 2.6, 0.7) 18
[21:03:32.023]: (0.0, 2.7, 0.9) 17
[21:03:32.041]: (0.0, 2.7, 0.9) 17
[21:03:32.075]: (0.2, 3.3, 1.3) 27
[21:03:32.248]: (0.0, 2.7, 0.9) 17
[21:03:32.312]: (0.0, 2.7, 0.9) 17
[21:03:32.338]: (0.0, 2.7, 0.9) 17
[21:03:32.399]: (0.0, 2.7, 0.9) 17
[21:03:32.818]: (0.2, 3.3, 1.3) 27
[21:03:32.982]: (0.1, 1.9, 0.7) 21
[21:03:32.998]: (0.2, 3.4, 1.2) 27
[21:03:33.014]: (0.2, 3.3, 1.3) 27
[21:03:33.033]: (0.2, 3.3, 1.3) 27
[21:03:33.210]: (0.5, 3.5, 1.5) 6
[21:03:33.232]: (0.5, 3.5, 1.5) 6
[21:03:33.254]: (0.5, 3.4, 1.5) 6
[21:03:34.053]: (0.5, 2.5, 1.3) 11
[21:03:34.211]: (0.0, 2.0, 0.7) 22
[21:03:34.231]: (0.0, 2.0, 0.7) 22
[21:03:34.253]: (0.0, 2.0, 0.6) 22
[21:03:34.275]: (0.0, 2.0, 0.7) 22
[21:03:34.297]: (0.0, 2.0, 0.7) 22
[21:03:34.319]: (0.0, 2.0, 0.7) 22
[21:03:34.357]: (0.1, 2.0, 0.7) 22
[21:03:34.562]: (0.0, 2.0, 0.7) 22
[21:03:34.580]: (0.0, 2.0, 0.7) 22
[21:03:34.599]: (0.0, 2.0, 0.7) 22
[21:03:34.614]: (0.0, 2.0, 0.7) 22
[21:03:34.631]: (0.0, 2.0, 0.7) 22
[21:03:34.648]: (0.0, 2.0, 0.6) 22
[21:03:34.667]: (0.0, 2.0, 0.7) 22
[21:03:34.684]: (0.0, 2.0, 0.7) 22
[21:03:34.701]: (0.0, 2.0, 0.7) 22
[21:03:34.746]: (0.0, 2.0, 0.7) 22
[21:03:34.831]: (0.0, 2.0, 0.7) 22
[21:03:34.852]: (0.0, 2.0, 0.7) 22
[21:03:34.874]: (0.0, 2.1, 0.7) 22
[21:03:34.897]: (0.0, 2.1, 0.7) 22
[21:03:34.920]: (0.0, 2.0, 0.7) 22
[21:03:34.941]: (0.0, 2.0, 0.7) 22
[21:03:34.965]: (0.0, 2.0, 0.7) 22
[21:03:34.987]: (0.0, 2.0, 0.7) 22
[21:03:35.121]: (0.0, 2.1, 0.6) 22
[21:03:35.207]: (0.0, 2.1, 0.6) 22
[21:03:35.231]: (0.0, 2.1, 0.6) 22
[21:03:35.253]: (0.0, 2.1, 0.6) 22
[21:03:35.479]: (0.0, 2.1, 0.6) 22
[21:03:35.499]: (0.0, 2.1, 0.6) 22
[21:03:35.515]: (0.0, 2.0, 0.7) 22
[21:03:35.549]: (0.0, 2.1, 0.7) 22
[21:03:35.567]: (0.0, 2.1, 0.6) 22
[21:03:35.584]: (0.0, 2.1, 0.6) 22
[21:03:35.602]: (0.0, 2.1, 0.7) 22
[21:03:35.618]: (-0.1, 2.1, 0.7) 22
[21:03:35.681]: (0.0, 2.1, 0.6) 22
[21:03:35.699]: (0.0, 2.1, 0.6) 22
[21:03:35.719]: (0.0, 2.0, 0.7) 22
[21:03:35.741]: (0.0, 2.0, 0.7) 22
[21:03:35.807]: (0.0, 2.0, 0.6) 22
[21:03:36.887]: (0.0, 1.5, 0.5) 13
[21:03:37.020]: (0.0, 1.5, 0.5) 13
[21:03:37.252]: (0.0, 1.5, 0.5) 13
[21:03:39.041]: (-0.5, 2.7, 0.3) 1
[21:03:39.063]: (-0.5, 2.7, 0.3) 1
[21:03:39.085]: (-0.6, 2.7, 0.4) 1
[21:03:39.577]: (-0.7, 2.7, 0.4) 0
[21:03:39.689]: (-0.6, 2.7, 0.3) 1
[21:03:39.710]: (-0.7, 2.8, 0.4) 0
[21:03:39.996]: (-1.0, 2.8, 0.1) 23
[21:03:41.517]: (-1.0, 2.8, 0.0) 23
[21:03:41.627]: (-1.0, 2.8, 0.0) 23
[21:03:42.716]: (-1.3, 2.6, -0.1) 24
[21:03:43.431]: (-1.8, 3.8, 0.0) 38
[21:03:43.453]: (-1.3, 2.5, -0.1) 24
[21:03:43.497]: (-1.3, 2.6, -0.1) 24
[21:03:43.521]: (-1.3, 2.6, -0.1) 24
[21:03:43.542]: (-1.3, 2.5, -0.1) 24
[21:03:43.560]: (-1.3, 2.6, -0.1) 24
[21:03:43.577]: (-1.3, 2.6, -0.1) 24
[21:03:43.595]: (-1.3, 2.6, -0.1) 24
[21:03:43.611]: (-1.3, 2.6, -0.1) 24
[21:03:43.626]: (-1.3, 2.6, -0.1) 24
[21:03:43.643]: (-1.3, 2.6, -0.1) 24
[21:03:43.658]: (-1.3, 2.6, -0.1) 24
[21:03:43.674]: (-1.3, 2.6, -0.1) 24
[21:03:43.691]: (-1.3, 2.6, -0.1) 24
[21:03:43.706]: (-1.3, 2.6, -0.1) 24
[21:03:43.722]: (-1.3, 2.6, -0.1) 24
[21:03:43.738]: (-1.3, 2.5, -0.1) 24
[21:03:43.754]: (-1.3, 2.5, -0.1) 24
[21:03:43.771]: (-1.3, 2.5, -0.1) 24
[21:03:43.787]: (-1.3, 2.5, -0.1) 24
[21:03:43.804]: (-1.3, 2.5, -0.1) 24
[21:03:43.820]: (-1.3, 2.5, -0.1) 24
[21:03:43.837]: (-1.3, 2.5, -0.1) 24
[21:03:43.854]: (-1.3, 2.6, -0.1) 24
[21:03:43.885]: (-1.3, 2.6, -0.1) 24
[21:03:43.902]: (-1.3, 2.5, -0.1) 24
[21:03:43.919]: (-1.3, 2.6, -0.1) 24
[21:03:43.994]: (-1.3, 2.6, -0.1) 24
[21:03:44.038]: (-1.3, 2.6, -0.1) 24
[21:03:44.126]: (-1.3, 2.6, -0.1) 24
[21:03:44.149]: (-1.3, 2.6, -0.1) 24
[21:03:44.170]: (-1.3, 2.5, -0.1) 24
[21:03:44.193]: (-1.3, 2.6, -0.1) 24
[21:03:44.372]: (-1.3, 2.5, -0.1) 24
[21:03:44.815]: (-1.8, 4.1, -0.2) 37
[21:03:44.916]: (-1.3, 2.5, -0.1) 24
[21:03:44.937]: (-1.3, 2.5, -0.1) 24
[21:03:44.959]: (-1.3, 2.5, -0.1) 24
[21:03:44.981]: (-1.3, 2.5, -0.1) 24
[21:03:45.003]: (-1.3, 2.5, -0.1) 24
[21:03:45.026]: (-1.3, 2.5, -0.1) 24
[21:03:45.048]: (-1.3, 2.5, -0.1) 24
[21:03:45.071]: (-1.3, 2.6, -0.1) 24
[21:03:45.093]: (-1.3, 2.5, -0.1) 24
[21:03:45.115]: (-1.3, 2.5, -0.1) 24
[21:03:45.138]: (-1.3, 2.5, -0.1) 24
[21:03:45.159]: (-1.3, 2.6, -0.1) 24
[21:03:45.182]: (-1.2, 2.6, -0.1) 24
[21:03:45.203]: (-1.2, 2.6, -0.1) 24
[21:03:45.225]: (-1.2, 2.6, -0.1) 24
[21:03:45.250]: (-1.2, 2.6, -0.1) 24
[21:03:45.270]: (-1.2, 2.6, -0.1) 24
[21:03:45.293]: (-1.2, 2.6, -0.1) 24
[21:03:45.315]: (-1.3, 2.6, -0.1) 24
[21:03:45.334]: (-1.2, 2.6, -0.1) 24
[21:03:45.351]: (-1.3, 2.5, -0.1) 24
[21:03:45.369]: (-1.3, 2.5, -0.1) 24
[21:03:45.390]: (-1.3, 2.5, -0.1) 24
[21:03:45.409]: (-1.3, 2.5, -0.1) 24
[21:03:45.426]: (-1.3, 2.5, -0.1) 24
[21:03:45.444]: (-1.3, 2.5, -0.1) 24
[21:03:45.461]: (-1.3, 2.5, -0.1) 24
[21:03:45.479]: (-1.3, 2.5, -0.1) 24
[21:03:45.497]: (-1.2, 2.5, -0.1) 24
[21:03:45.514]: (-1.3, 2.5, -0.1) 24
[21:03:45.531]: (-1.3, 2.5, -0.1) 24
[21:03:45.548]: (-1.1, 2.3, -0.2) 19
[21:03:45.565]: (-1.2, 2.2, -0.2) 19
[21:03:45.982]: (-1.0, 1.7, -0.2) 20
[21:03:46.004]: (-1.0, 1.7, -0.2) 20
[21:03:46.025]: (-1.0, 1.7, -0.2) 20
[21:03:46.048]: (-1.0, 1.7, -0.2) 20
[21:03:46.070]: (-1.0, 1.7, -0.2) 20
[21:03:46.114]: (-1.0, 1.7, -0.2) 20
[21:03:46.159]: (-1.0, 1.7, -0.2) 20
[21:03:46.181]: (-0.9, 1.7, -0.2) 20
[21:03:46.203]: (-0.9, 1.8, -0.2) 20
[21:03:46.226]: (-0.9, 1.8, -0.2) 20
[21:03:46.248]: (-0.9, 1.8, -0.2) 20
[21:03:46.270]: (-0.9, 1.8, -0.2) 20
[21:03:46.286]: (-0.9, 1.8, -0.2) 20
[21:03:46.303]: (-0.9, 1.8, -0.2) 20
[21:03:46.320]: (-0.9, 1.8, -0.2) 20
[21:03:46.338]: (-0.9, 1.8, -0.2) 20
[21:03:46.354]: (-0.9, 1.8, -0.2) 20
[21:03:46.370]: (-0.9, 1.8, -0.2) 20
[21:03:46.387]: (-0.9, 1.8, -0.2) 20
[21:03:46.404]: (-0.9, 1.8, -0.2) 20
[21:03:46.423]: (-0.9, 1.8, -0.2) 20
[21:03:46.439]: (-0.9, 1.8, -0.2) 20
[21:03:46.456]: (-0.9, 1.8, -0.2) 20
[21:03:46.472]: (-0.9, 1.8, -0.2) 20
[21:03:46.488]: (-0.9, 1.8, -0.2) 20
[21:03:46.505]: (-0.9, 1.8, -0.2) 20
[21:03:46.522]: (-0.9, 1.8, -0.2) 20
[21:03:46.538]: (-0.9, 1.8, -0.2) 20
[21:03:46.554]: (-0.9, 1.8, -0.2) 20
[21:03:46.571]: (-0.9, 1.8, -0.2) 20
[21:03:46.588]: (-0.9, 1.8, -0.2) 20
[21:03:46.604]: (-0.9, 1.8, -0.2) 20
[21:03:46.622]: (-0.9, 1.8, -0.2) 20
[21:03:46.639]: (-0.9, 1.8, -0.2) 20
[21:03:46.656]: (-0.9, 1.8, -0.2) 20
[21:03:47.004]: (-0.8, 2.3, 0.2) 2
[21:03:47.025]: (-0.8, 2.3, 0.2) 2
[21:03:47.070]: (-0.8, 2.4, 0.2) 2
[21:03:47.092]: (-0.8, 2.4, 0.2) 2
[21:03:47.114]: (-0.8, 2.4, 0.2) 2
[21:03:47.136]: (-0.8, 2.3, 0.2) 2
[21:03:47.158]: (-0.8, 2.3, 0.2) 2
[21:03:47.181]: (-0.8, 2.3, 0.2) 2
[21:03:47.202]: (-0.8, 2.3, 0.2) 2
[21:03:47.226]: (-0.8, 2.4, 0.2) 2
[21:03:47.683]: (-0.7, 2.8, 0.4) 0
[21:03:47.705]: (-0.6, 2.7, 0.4) 1
[21:03:47.727]: (-0.6, 2.7, 0.4) 1
[21:03:47.750]: (-0.6, 2.7, 0.3) 1
[21:03:47.770]: (-0.6, 2.7, 0.4) 1
[21:03:47.792]: (-0.6, 2.7, 0.3) 1
[21:03:47.816]: (-0.6, 2.7, 0.3) 1
[21:03:47.836]: (-0.6, 2.7, 0.3) 1
[21:03:47.860]: (-0.6, 2.7, 0.3) 1
[21:03:47.881]: (-0.6, 2.7, 0.3) 1
[21:03:47.902]: (-0.6, 2.7, 0.3) 1
[21:03:47.925]: (-0.6, 2.7, 0.3) 1
[21:03:47.948]: (-0.6, 2.7, 0.3) 1
[21:03:48.016]: (-0.7, 3.8, 0.7) 7
[21:03:48.059]: (-0.7, 3.8, 0.8) 7
[21:03:48.126]: (-0.6, 3.8, 0.8) 7
[21:03:48.230]: (-0.6, 3.8, 0.8) 7
[21:03:48.251]: (-0.6, 3.8, 0.7) 7
[21:03:48.271]: (-0.6, 3.8, 0.7) 7
[21:03:48.323]: (-0.7, 3.8, 0.8) 7
[21:03:48.340]: (-0.7, 3.8, 0.8) 7
[21:03:48.393]: (-0.6, 3.8, 0.7) 7
[21:03:48.412]: (-0.6, 3.8, 0.7) 7
[21:03:48.432]: (-0.6, 3.8, 0.7) 7
[21:03:48.500]: (-0.6, 3.8, 0.8) 7
[21:03:48.517]: (-0.7, 3.8, 0.7) 7
[21:03:48.534]: (-0.7, 3.8, 0.8) 7
[21:03:48.551]: (-0.7, 3.8, 0.8) 7
[21:03:48.587]: (-0.7, 3.8, 0.8) 7
[21:03:48.603]: (-0.7, 3.8, 0.8) 7
[21:03:48.622]: (-0.7, 3.8, 0.8) 7
[21:03:49.036]: (-0.7, 3.8, 0.7) 7
[21:03:49.280]: (-0.9, 4.1, 0.7) 33
[21:03:49.297]: (-0.9, 4.1, 0.7) 33
[21:03:49.329]: (-0.9, 4.1, 0.6) 33
[21:03:49.345]: (-0.9, 4.1, 0.7) 33
[21:03:49.361]: (-0.9, 4.1, 0.7) 33
[21:03:49.378]: (-0.9, 4.1, 0.7) 33
[21:03:49.395]: (-0.9, 4.1, 0.7) 33
[21:03:50.337]: (-0.9, 3.6, 0.4) 26
[21:03:50.818]: (-1.0, 4.1, 0.6) 33
[21:03:50.834]: (-0.9, 4.1, 0.6) 33
[21:03:50.850]: (-0.9, 4.1, 0.6) 33
[21:03:50.869]: (-0.9, 4.1, 0.6) 33
[21:03:50.888]: (-0.9, 4.1, 0.6) 33
[21:03:50.905]: (-0.9, 4.1, 0.6) 33
[21:03:50.982]: (-0.7, 3.7, 0.8) 7
[21:03:51.235]: (-0.1, 2.7, 0.8) 18
[21:03:51.258]: (-0.1, 2.7, 0.8) 18
[21:03:51.279]: (-0.1, 2.7, 0.8) 18
[21:03:51.980]: (-0.2, 2.8, 0.9) 16
[21:03:51.997]: (-0.2, 2.8, 0.9) 16
[21:03:52.537]: (-0.1, 2.0, 0.7) 22
[21:03:52.555]: (-0.1, 2.0, 0.7) 22
[21:03:54.056]: (0.0, 1.8, 0.7) 21
[21:03:54.078]: (0.0, 1.8, 0.7) 21
[21:03:54.101]: (0.0, 1.8, 0.7) 21
[21:03:54.146]: (0.0, 1.8, 0.7) 21
[21:03:54.802]: (-0.4, 1.7, 0.2) 31
[21:03:54.845]: (-0.4, 1.7, 0.2) 31
[21:03:54.971]: (-0.4, 1.7, 0.2) 31
[21:03:55.005]: (-0.4, 1.7, 0.2) 31
[21:03:55.022]: (-0.4, 1.6, 0.2) 31
[21:03:55.039]: (-0.4, 1.7, 0.2) 31
[21:03:55.055]: (-0.4, 1.7, 0.2) 31
[21:03:55.070]: (-0.4, 1.7, 0.2) 31
[21:03:55.101]: (-0.4, 1.6, 0.2) 31
[21:03:55.501]: (-0.4, 1.6, 0.3) 31
[21:03:55.701]: (-0.3, 1.2, 0.0) 30
[21:03:55.767]: (-0.4, 1.2, 0.0) 30
[21:03:55.801]: (-0.3, 1.2, 0.0) 30
[21:03:55.834]: (-0.3, 1.2, 0.0) 30
[21:03:55.855]: (-0.3, 1.2, 0.0) 30
[21:03:55.877]: (-0.3, 1.2, 0.0) 30
[21:03:55.901]: (-0.3, 1.2, 0.0) 30
[21:03:55.922]: (-0.4, 1.2, 0.0) 30
[21:03:55.945]: (-0.4, 1.2, 0.0) 30
[21:03:55.967]: (-0.4, 1.2, 0.0) 30
[21:03:56.012]: (-0.3, 1.2, 0.0) 30
[21:03:56.034]: (-0.3, 1.2, 0.0) 30
[21:03:56.055]: (-0.3, 1.2, 0.0) 30
[21:03:56.077]: (-0.3, 1.2, 0.0) 30
[21:03:56.101]: (-0.3, 1.2, 0.0) 30
[21:03:56.123]: (-0.3, 1.2, 0.0) 30
[21:03:56.145]: (-0.3, 1.2, 0.0) 30
[21:03:56.168]: (-0.3, 1.2, 0.0) 30
[21:03:56.189]: (-0.3, 1.2, 0.0) 30
[21:03:56.210]: (-0.3, 1.2, 0.0) 30
[21:03:56.233]: (-0.3, 1.2, 0.0) 30
[21:03:56.256]: (-0.3, 1.2, 0.0) 30
[21:03:56.278]: (-0.3, 1.2, 0.0) 30
[21:03:56.301]: (-0.3, 1.2, 0.0) 30
[21:03:56.323]: (-0.3, 1.2, 0.0) 30
[21:03:56.345]: (-0.3, 1.2, 0.0) 30
[21:03:56.368]: (-0.3, 1.2, 0.0) 30
[21:03:56.389]: (-0.3, 1.2, 0.0) 30
[21:03:56.410]: (-0.3, 1.2, 0.0) 30
[21:03:56.433]: (-0.3, 1.2, 0.0) 30
[21:03:56.455]: (-0.3, 1.2, 0.0) 30
[21:03:56.637]: (0.0, 1.0, 0.4) 14
[21:03:56.660]: (0.0, 1.1, 0.4) 14
[21:03:56.681]: (0.0, 1.1, 0.4) 14
[21:03:56.704]: (-0.1, 1.1, 0.4) 14
[21:03:56.726]: (-0.1, 1.1, 0.4) 14
[21:03:56.772]: (-0.1, 1.1, 0.4) 14
[21:03:56.792]: (-0.1, 1.1, 0.4) 14
[21:03:56.814]: (-0.1, 1.1, 0.4) 14
[21:03:56.948]: (0.0, 1.1, 0.4) 14
[21:03:56.970]: (0.0, 1.1, 0.4) 14
[21:03:56.992]: (0.0, 1.1, 0.4) 14
[21:03:57.015]: (0.0, 1.1, 0.4) 14
[21:03:57.037]: (0.0, 1.1, 0.4) 14
[21:03:57.063]: (-0.1, 1.1, 0.4) 14
[21:03:57.080]: (-0.1, 1.1, 0.4) 14
[21:03:57.100]: (-0.1, 1.1, 0.4) 14
[21:03:57.116]: (-0.1, 1.1, 0.4) 14
[21:03:57.134]: (-0.1, 1.1, 0.4) 14
[21:03:57.197]: (-0.1, 1.1, 0.4) 14
[21:03:57.214]: (-0.1, 1.1, 0.4) 14
[21:03:57.231]: (-0.1, 1.1, 0.4) 14
[21:03:57.247]: (-0.1, 1.1, 0.4) 14
[21:03:57.265]: (-0.1, 1.1, 0.4) 14
[21:03:57.283]: (-0.1, 1.1, 0.4) 14
[21:03:57.300]: (-0.1, 1.1, 0.4) 14
[21:03:57.317]: (-0.1, 1.1, 0.4) 14
[21:03:57.567]: (-0.1, 1.1, 0.4) 14
[21:03:57.589]: (-0.1, 1.1, 0.4) 14
[21:04:02.525]: (0.0, 1.4, 0.5) 13
[21:04:02.543]: (0.0, 1.4, 0.5) 13
[21:04:02.559]: (0.0, 1.4, 0.5) 13
[21:04:02.577]: (0.0, 1.4, 0.5) 13
[21:04:02.595]: (0.0, 1.4, 0.5) 13
[21:04:02.611]: (0.1, 1.5, 0.5) 13
[21:04:02.627]: (0.0, 1.4, 0.5) 13
[21:04:02.644]: (0.0, 1.4, 0.5) 13
[21:04:02.660]: (0.0, 1.4, 0.5) 13
[21:04:02.677]: (0.0, 1.4, 0.5) 13
[21:04:02.698]: (0.0, 1.4, 0.5) 13
[21:04:02.721]: (0.0, 1.4, 0.5) 13
[21:04:02.988]: (0.0, 1.4, 0.5) 13
[21:04:03.010]: (0.0, 1.4, 0.5) 13
[21:04:03.074]: (0.0, 1.4, 0.5) 13
[21:04:03.098]: (0.0, 1.4, 0.5) 13
[21:04:03.143]: (0.0, 1.4, 0.5) 13
[21:04:03.288]: (0.0, 1.4, 0.5) 13
[21:04:03.306]: (0.0, 1.4, 0.5) 13
[21:04:03.323]: (0.0, 1.4, 0.5) 13
[21:04:03.338]: (0.0, 1.4, 0.5) 13
[21:04:03.356]: (0.0, 1.4, 0.5) 13
[21:04:03.372]: (0.0, 1.4, 0.5) 13
[21:04:03.391]: (0.0, 1.4, 0.5) 13
[21:04:03.407]: (0.0, 1.4, 0.5) 13
[21:04:03.424]: (0.0, 1.4, 0.5) 13
[21:04:03.441]: (0.0, 1.4, 0.5) 13
[21:04:03.458]: (0.0, 1.4, 0.5) 13
[21:04:03.533]: (0.0, 1.4, 0.5) 13
[21:04:03.554]: (0.0, 1.4, 0.5) 13
[21:04:03.572]: (0.0, 1.4, 0.5) 13
[21:04:03.588]: (0.0, 1.4, 0.5) 13
[21:04:03.607]: (0.0, 1.4, 0.5) 13
[21:04:03.625]: (0.0, 1.4, 0.5) 13
[21:04:03.646]: (0.0, 1.4, 0.5) 13
[21:04:03.665]: (0.0, 1.4, 0.5) 13
[21:04:03.683]: (0.0, 1.4, 0.5) 13
[21:04:04.743]: (0.0, 1.4, 0.5) 13
[21:04:04.767]: (0.0, 1.4, 0.5) 13
[21:04:04.786]: (0.0, 1.4, 0.5) 13
[21:04:04.810]: (0.0, 1.4, 0.5) 13
[21:04:04.830]: (0.0, 1.4, 0.5) 13
[21:04:04.854]: (0.0, 1.4, 0.5) 13
[21:04:04.897]: (0.0, 1.4, 0.5) 13
[21:04:04.918]: (0.0, 1.4, 0.5) 13
[21:04:04.941]: (0.0, 1.4, 0.5) 13
[21:04:04.963]: (0.0, 1.4, 0.5) 13
[21:04:04.986]: (0.0, 1.4, 0.5) 13
[21:04:05.004]: (0.0, 1.4, 0.5) 13
[21:04:05.021]: (0.0, 1.4, 0.5) 13
[21:04:05.037]: (0.0, 1.4, 0.5) 13
[21:04:06.685]: (0.0, 1.4, 0.5) 13
[21:04:06.725]: (0.0, 1.4, 0.5) 13
[21:04:06.770]: (0.0, 1.4, 0.5) 13
[21:04:06.789]: (0.0, 1.4, 0.5) 13
[21:04:06.806]: (0.0, 1.4, 0.5) 13
[21:04:06.823]: (0.0, 1.4, 0.5) 13
[21:04:06.839]: (0.0, 1.4, 0.5) 13
[21:04:06.854]: (0.0, 1.4, 0.5) 13
[21:04:06.873]: (0.0, 1.4, 0.5) 13
[21:04:06.889]: (0.0, 1.4, 0.5) 13
[21:04:06.907]: (0.0, 1.4, 0.5) 13
[21:04:06.924]: (0.0, 1.4, 0.5) 13
[21:04:06.940]: (0.0, 1.4, 0.5) 13
[21:04:06.956]: (0.0, 1.4, 0.5) 13
[21:04:06.972]: (0.0, 1.4, 0.5) 13
[21:04:06.990]: (0.0, 1.4, 0.5) 13
[21:04:07.008]: (0.0, 1.4, 0.5) 13
[21:04:07.024]: (0.0, 1.4, 0.5) 13
[21:04:07.041]: (0.0, 1.4, 0.5) 13
[21:04:07.057]: (0.0, 1.4, 0.5) 13
[21:04:07.074]: (0.0, 1.4, 0.5) 13
[21:04:07.090]: (0.0, 1.4, 0.5) 13
[21:04:07.121]: (0.0, 1.4, 0.5) 13
[21:04:07.139]: (0.0, 1.4, 0.5) 13
[21:04:07.162]: (0.0, 1.4, 0.5) 13
[21:04:07.184]: (0.0, 1.4, 0.5) 13
[21:04:07.207]: (0.0, 1.4, 0.5) 13
[21:04:07.230]: (0.0, 1.4, 0.5) 13
[21:04:07.251]: (0.0, 1.4, 0.5) 13
[21:04:07.273]: (0.0, 1.4, 0.5) 13
[21:04:07.295]: (0.0, 1.4, 0.5) 13
[21:04:07.318]: (0.0, 1.4, 0.5) 13
[21:04:07.341]: (0.0, 1.4, 0.5) 13
[21:04:07.362]: (0.0, 1.4, 0.5) 13
[21:04:07.384]: (0.0, 1.4, 0.5) 13
[21:04:07.407]: (0.0, 1.4, 0.5) 13
[21:04:07.429]: (0.0, 1.4, 0.5) 13
[21:04:07.450]: (0.0, 1.4, 0.5) 13
[21:04:07.474]: (0.0, 1.4, 0.5) 13
[21:04:07.496]: (0.0, 1.4, 0.5) 13
[21:04:07.517]: (0.0, 1.4, 0.5) 13
[21:04:07.540]: (0.0, 1.4, 0.5) 13
[21:04:07.563]: (0.0, 1.4, 0.5) 13
[21:04:07.585]: (0.0, 1.4, 0.5) 13
[21:04:07.607]: (0.0, 1.4, 0.5) 13
[21:04:07.625]: (0.0, 1.4, 0.5) 13
[21:04:07.640]: (0.0, 1.4, 0.5) 13
[21:04:07.657]: (0.0, 1.4, 0.5) 13
[21:04:07.673]: (0.0, 1.4, 0.5) 13
[21:04:07.690]: (0.0, 1.4, 0.5) 13
[21:04:07.784]: (0.0, 1.4, 0.5) 13
[21:04:07.801]: (0.0, 1.4, 0.5) 13
[21:04:07.819]: (0.0, 1.4, 0.5) 13
[21:04:07.835]: (0.0, 1.4, 0.5) 13
[21:04:07.851]: (0.0, 1.4, 0.5) 13
[21:04:07.868]: (0.0, 1.4, 0.5) 13
[21:04:07.887]: (0.0, 1.4, 0.5) 13
[21:04:07.904]: (0.0, 1.4, 0.5) 13
[21:04:07.920]: (0.0, 1.4, 0.5) 13
[21:04:07.937]: (0.0, 1.4, 0.5) 13
[21:04:07.953]: (0.0, 1.4, 0.5) 13
[21:04:07.971]: (0.0, 1.4, 0.5) 13
[21:04:07.989]: (0.0, 1.4, 0.5) 13
[21:04:08.005]: (0.0, 1.4, 0.5) 13
[21:04:08.021]: (0.0, 1.4, 0.5) 13
[21:04:08.039]: (0.0, 1.4, 0.5) 13
[21:04:08.062]: (0.0, 1.4, 0.5) 13
[21:04:08.084]: (0.0, 1.4, 0.5) 13
[21:04:08.107]: (0.0, 1.4, 0.5) 13
[21:04:08.128]: (0.0, 1.4, 0.5) 13
[21:04:08.150]: (0.0, 1.4, 0.5) 13
[21:04:08.173]: (0.0, 1.4, 0.5) 13
[21:04:08.195]: (0.0, 1.4, 0.5) 13
[21:04:08.217]: (0.0, 1.4, 0.5) 13
[21:04:08.240]: (0.0, 1.4, 0.5) 13
[21:04:08.261]: (0.0, 1.4, 0.5) 13
[21:04:08.329]: (0.0, 1.4, 0.5) 13
