[20:51:49.505]: (-1.9, 2.3, 2.0) 12
[20:51:49.538]: (-1.9, 2.3, 2.1) 12
[20:51:49.803]: (-1.6, 1.6, 1.8) 21
[20:51:50.180]: (-1.0, 1.1, 1.9) 7
[20:51:50.674]: (-1.3, 1.6, 1.9) 25
[20:51:50.694]: (-1.4, 1.7, 1.9) 25
[20:51:50.717]: (-1.3, 1.6, 1.9) 25
[20:51:50.741]: (-1.4, 1.6, 1.9) 25
[20:51:50.761]: (-1.4, 1.6, 1.9) 25
[20:51:50.785]: (-1.3, 1.6, 1.9) 25
[20:51:50.851]: (-1.4, 1.6, 1.9) 25
[20:51:50.917]: (-1.3, 1.6, 1.9) 25
[20:51:50.933]: (-1.3, 1.6, 1.9) 25
[20:51:50.949]: (-1.3, 1.7, 2.0) 25
[20:51:50.965]: (-1.3, 1.6, 1.9) 25
[20:51:50.984]: (-1.3, 1.7, 1.9) 25
[20:51:51.004]: (-1.3, 1.6, 1.9) 25
[20:51:51.036]: (-1.3, 1.6, 1.9) 25
[20:51:51.053]: (-1.3, 1.6, 1.9) 25
[20:51:51.070]: (-1.3, 1.6, 1.9) 25
[20:51:51.181]: (-1.3, 1.6, 1.9) 25
[20:51:51.228]: (-1.3, 1.6, 1.9) 25
[20:51:51.293]: (-1.3, 1.7, 1.9) 25
[20:51:51.413]: (-1.4, 1.7, 1.9) 25
[20:51:51.435]: (-1.4, 1.7, 1.9) 25
[20:51:51.459]: (-1.4, 1.7, 1.9) 25
[20:51:51.480]: (-1.4, 1.7, 1.9) 25
[20:51:51.502]: (-1.4, 1.7, 1.9) 25
[20:51:51.524]: (-1.4, 1.7, 1.9) 25
[20:51:51.546]: (-1.4, 1.7, 1.9) 25
[20:51:51.568]: (-1.4, 1.6, 1.9) 25
[20:51:51.590]: (-1.3, 1.7, 1.9) 25
[20:51:51.613]: (-1.3, 1.7, 1.9) 25
[20:51:51.636]: (-1.4, 1.7, 1.9) 25
[20:51:51.657]: (-1.4, 1.7, 1.9) 25
[20:51:51.681]: (-1.4, 1.7, 1.9) 25
[20:51:51.746]: (-1.4, 1.7, 1.9) 25
[20:51:52.669]: (-1.3, 1.7, 1.9) 25
[20:51:52.691]: (-1.3, 1.7, 1.9) 25
[20:51:52.708]: (-1.3, 1.7, 1.9) 25
[20:51:52.725]: (-1.3, 1.7, 1.9) 25
[20:51:52.743]: (-1.3, 1.6, 1.9) 25
[20:51:52.761]: (-1.3, 1.7, 1.9) 25
[20:51:52.777]: (-1.3, 1.6, 1.9) 25
[20:51:52.794]: (-1.3, 1.6, 1.9) 25
[20:51:52.810]: (-1.3, 1.6, 1.9) 25
[20:51:52.827]: (-1.3, 1.7, 1.9) 25
[20:51:52.843]: (-1.3, 1.6, 1.9) 25
[20:51:52.860]: (-1.4, 1.6, 1.9) 25
[20:51:52.878]: (-1.4, 1.6, 1.9) 25
[20:51:52.895]: (-1.4, 1.6, 1.9) 25
[20:51:52.912]: (-1.4, 1.6, 1.9) 25
[20:51:52.928]: (-1.4, 1.6, 1.9) 25
[20:51:52.944]: (-1.4, 1.6, 1.9) 25
[20:51:52.962]: (-1.4, 1.7, 1.9) 25
[20:51:52.993]: (-1.3, 1.7, 1.9) 25
[20:51:53.009]: (-1.3, 1.7, 1.9) 25
[20:51:53.028]: (-1.4, 1.6, 1.9) 25
[20:51:53.046]: (-1.4, 1.6, 1.9) 25
[20:51:53.063]: (-1.3, 1.6, 1.9) 25
[20:51:53.081]: (-1.3, 1.7, 1.9) 25
[20:51:53.098]: (-1.3, 1.7, 1.9) 25
[20:51:53.115]: (-1.3, 1.7, 1.9) 25
[20:51:53.131]: (-1.3, 1.6, 1.9) 25
[20:51:53.147]: (-1.3, 1.6, 1.9) 25
[20:51:53.191]: (-1.3, 1.7, 1.9) 25
[20:51:53.212]: (-1.3, 1.7, 1.9) 25
[20:51:53.235]: (-1.3, 1.7, 1.9) 25
[20:51:53.256]: (-1.3, 1.7, 1.9) 25
[20:51:53.280]: (-1.3, 1.7, 1.9) 25
[20:51:53.301]: (-1.3, 1.7, 1.9) 25
[20:51:53.322]: (-1.3, 1.7, 1.9) 25
[20:51:53.346]: (-1.3, 1.7, 1.9) 25
[20:51:53.368]: (-1.3, 1.7, 1.9) 25
[20:51:53.389]: (-1.3, 1.7, 2.0) 25
[20:51:53.411]: (-1.3, 1.6, 1.9) 25
[20:51:53.435]: (-1.3, 1.7, 1.9) 25
[20:51:53.456]: (-1.3, 1.7, 1.9) 25
[20:51:53.478]: (-1.3, 1.7, 1.9) 25
[20:51:53.503]: (-1.3, 1.7, 1.9) 25
[20:51:53.544]: (-1.3, 1.7, 1.9) 25
[20:51:53.567]: (-1.3, 1.7, 1.9) 25
[20:51:53.590]: (-1.3, 1.7, 1.9) 25
[20:51:53.622]: (-1.3, 1.7, 1.9) 25
[20:51:53.640]: (-1.3, 1.7, 1.9) 25
[20:51:53.659]: (-1.3, 1.7, 1.9) 25
[20:51:53.676]: (-1.3, 1.7, 1.9) 25
[20:51:53.752]: (-1.3, 1.7, 1.9) 25
[20:51:54.912]: (-1.1, 2.7, 3.3) 29
[20:51:59.254]: (-1.1, 1.2, 1.8) 6
[20:51:59.366]: (-1.3, 1.5, 1.9) 26
[20:51:59.389]: (-1.3, 1.5, 1.9) 26
[20:51:59.433]: (-1.2, 1.5, 1.9) 26
[20:51:59.454]: (-1.2, 1.5, 1.9) 26
[20:51:59.498]: (-1.3, 1.5, 1.9) 26
[20:51:59.985]: (-1.3, 1.6, 1.9) 25
[20:52:00.002]: (-1.3, 1.6, 1.9) 25
[20:52:00.025]: (-1.3, 1.6, 1.9) 25
[20:52:00.043]: (-1.3, 1.6, 1.9) 25
[20:52:00.061]: (-1.3, 1.6, 1.9) 25
[20:52:00.077]: (-1.3, 1.7, 1.9) 25
[20:52:00.095]: (-1.3, 1.6, 1.9) 25
[20:52:00.113]: (-1.3, 1.6, 1.9) 25
[20:52:00.130]: (-1.3, 1.7, 1.9) 25
[20:52:00.153]: (-1.3, 1.7, 1.9) 25
[20:52:00.177]: (-1.3, 1.7, 1.9) 25
[20:52:00.197]: (-1.3, 1.6, 1.9) 25
[20:52:00.219]: (-1.3, 1.6, 1.9) 25
[20:52:00.242]: (-1.3, 1.6, 1.9) 25
[20:52:00.267]: (-1.3, 1.6, 1.9) 25
[20:52:00.286]: (-1.3, 1.6, 1.9) 25
[20:52:00.331]: (-1.3, 1.6, 1.9) 25
[20:52:09.761]: (-1.4, 1.7, 1.9) 25
[20:52:09.785]: (-1.4, 1.7, 1.9) 25
[20:52:09.805]: (-1.4, 1.7, 1.9) 25
[20:52:09.917]: (-1.4, 1.6, 1.9) 25
[20:52:09.934]: (-1.4, 1.6, 1.9) 25
[20:52:09.951]: (-1.4, 1.6, 1.9) 25
[20:52:09.968]: (-1.4, 1.6, 1.9) 25
[20:52:09.986]: (-1.4, 1.6, 1.9) 25
[20:52:10.004]: (-1.4, 1.6, 1.9) 25
[20:52:10.021]: (-1.4, 1.6, 1.9) 25
[20:52:10.282]: (-1.4, 1.6, 1.9) 25
[20:52:15.781]: (-1.3, 1.7, 1.9) 25
[20:52:15.803]: (-1.3, 1.7, 1.9) 25
[20:52:15.825]: (-1.3, 1.7, 1.9) 25
[20:52:15.847]: (-1.3, 1.7, 1.9) 25
[20:52:15.868]: (-1.4, 1.7, 1.9) 25
[20:52:15.891]: (-1.4, 1.7, 1.9) 25
[20:52:15.908]: (-1.4, 1.7, 1.9) 25
[20:52:19.756]: (-1.0, 2.7, 3.3) 29
