[20:36:02.622]: (-2.6, -1.2, -0.1) 1
[20:36:02.664]: (-2.7, -1.2, -0.1) 1
[20:36:03.182]: (-1.5, -0.3, 0.0) 6
[20:36:03.204]: (-1.5, -0.3, 0.0) 6
[20:36:03.271]: (-1.5, -0.3, 0.0) 6
[20:36:03.293]: (-1.5, -0.3, 0.0) 6
[20:36:03.316]: (-1.5, -0.3, 0.0) 6
[20:36:03.337]: (-1.5, -0.3, 0.0) 6
[20:36:03.360]: (-1.5, -0.3, 0.0) 6
[20:36:03.382]: (-1.5, -0.3, 0.0) 6
[20:36:03.404]: (-1.5, -0.3, 0.0) 6
[20:36:03.427]: (-1.5, -0.3, 0.0) 6
[20:36:03.446]: (-1.5, -0.3, 0.0) 6
[20:36:03.465]: (-1.5, -0.3, 0.0) 6
[20:36:03.482]: (-1.5, -0.3, 0.0) 6
[20:36:03.500]: (-1.5, -0.3, 0.0) 6
[20:36:03.735]: (-1.5, -0.3, 0.0) 6
[20:36:03.752]: (-1.5, -0.3, 0.0) 6
[20:36:03.772]: (-1.5, -0.3, 0.0) 6
[20:36:03.792]: (-1.5, -0.3, 0.0) 6
[20:36:03.809]: (-1.5, -0.3, 0.0) 6
[20:36:03.828]: (-1.5, -0.3, 0.0) 6
[20:36:03.845]: (-1.5, -0.3, 0.0) 6
[20:36:03.865]: (-1.5, -0.3, 0.0) 6
[20:36:03.883]: (-1.5, -0.3, 0.0) 6
[20:36:03.901]: (-1.5, -0.3, 0.1) 6
[20:36:03.924]: (-1.5, -0.3, 0.0) 6
[20:36:03.955]: (-1.5, -0.2, 0.1) 6
[20:36:03.975]: (-1.6, -0.3, 0.0) 7
[20:36:03.996]: (-1.5, -0.4, 0.0) 7
[20:36:04.020]: (-1.5, -0.3, 0.1) 7
[20:36:04.044]: (-1.5, -0.3, 0.1) 5
[20:36:04.067]: (-1.5, -0.3, 0.1) 5
[20:36:04.092]: (-1.6, -0.4, 0.1) 26
[20:36:04.116]: (-1.6, -0.4, 0.1) 26
[20:36:04.141]: (-1.6, -0.4, 0.1) 26
[20:36:04.383]: (-1.9, -0.2, 0.3) 25
[20:36:04.414]: (-1.8, -0.1, 0.4) 26
[20:36:04.449]: (-1.8, -0.1, 0.4) 26
[20:36:04.817]: (-3.5, -0.6, 0.7) 29
[20:36:05.270]: (-2.0, 0.0, 1.6) 30
[20:36:05.318]: (-1.4, 0.5, 1.3) 5
[20:36:05.341]: (-1.4, 0.5, 1.3) 5
[20:36:05.358]: (-1.3, 0.5, 1.3) 5
[20:36:05.381]: (-1.4, 0.5, 1.3) 5
[20:36:05.448]: (-1.4, 0.5, 1.3) 5
[20:36:05.469]: (-1.4, 0.5, 1.3) 5
[20:36:05.491]: (-1.3, 0.5, 1.3) 5
[20:36:05.516]: (-1.3, 0.5, 1.3) 5
[20:36:05.535]: (-1.3, 0.5, 1.3) 5
[20:36:05.559]: (-1.3, 0.5, 1.3) 5
[20:36:05.580]: (-1.3, 0.5, 1.3) 5
[20:36:05.602]: (-1.4, 0.5, 1.3) 5
[20:36:05.625]: (-1.4, 0.5, 1.3) 5
[20:36:05.649]: (-1.4, 0.5, 1.3) 7
[20:36:05.669]: (-1.4, 0.5, 1.3) 7
[20:36:05.713]: (-1.3, 0.6, 1.3) 6
[20:36:05.737]: (-1.3, 0.6, 1.3) 6
[20:36:05.759]: (-1.4, 0.6, 1.3) 7
[20:36:05.784]: (-1.4, 0.6, 1.3) 7
[20:36:05.852]: (-1.4, 0.6, 1.3) 5
[20:36:05.874]: (-1.5, 0.5, 1.4) 26
[20:36:05.899]: (-1.5, 0.5, 1.4) 26
[20:36:05.922]: (-1.6, 0.4, 1.5) 25
[20:36:06.092]: (-1.6, 0.7, 1.7) 21
[20:36:06.569]: (-1.3, 0.7, 2.2) 19
[20:36:06.586]: (-1.3, 0.7, 2.2) 19
[20:36:06.606]: (-1.3, 0.7, 2.2) 19
[20:36:06.662]: (-1.3, 0.7, 2.2) 19
[20:36:06.700]: (-1.3, 0.7, 2.2) 19
[20:36:06.717]: (-1.3, 0.7, 2.2) 19
[20:36:06.737]: (-1.3, 0.7, 2.2) 19
[20:36:06.757]: (-1.3, 0.7, 2.2) 19
[20:36:06.776]: (-1.3, 0.7, 2.2) 19
[20:36:06.796]: (-1.3, 0.7, 2.2) 19
[20:36:06.815]: (-1.3, 0.8, 2.2) 19
[20:36:06.835]: (-1.4, 0.7, 2.2) 19
[20:36:06.904]: (-1.2, 0.9, 1.9) 20
[20:36:07.343]: (-1.0, 1.8, 1.8) 26
[20:36:07.366]: (-0.9, 1.8, 1.8) 26
[20:36:07.388]: (-0.9, 1.8, 1.8) 26
[20:36:07.406]: (-0.9, 1.8, 1.8) 26
[20:36:07.424]: (-0.9, 1.8, 1.8) 26
[20:36:07.441]: (-0.9, 1.8, 1.8) 26
[20:36:07.460]: (-0.9, 1.8, 1.8) 26
[20:36:07.478]: (-0.9, 1.8, 1.8) 26
[20:36:07.498]: (-0.9, 1.8, 1.8) 26
[20:36:07.518]: (-0.9, 1.8, 1.8) 26
[20:36:07.537]: (-0.9, 1.8, 1.8) 26
[20:36:07.554]: (-0.9, 1.8, 1.8) 26
[20:36:07.572]: (-0.9, 1.8, 1.8) 26
[20:36:07.591]: (-0.9, 1.8, 1.8) 26
[20:36:07.608]: (-0.9, 1.8, 1.8) 26
[20:36:07.626]: (-0.9, 1.8, 1.8) 26
[20:36:07.649]: (-0.9, 1.8, 1.8) 26
[20:36:07.666]: (-0.9, 1.8, 1.8) 26
[20:36:07.683]: (-0.9, 1.8, 1.8) 26
[20:36:07.703]: (-0.9, 1.8, 1.8) 26
[20:36:07.722]: (-0.9, 1.8, 1.8) 26
[20:36:07.738]: (-0.9, 1.8, 1.8) 26
[20:36:07.756]: (-0.9, 1.8, 1.8) 26
[20:36:07.781]: (-0.9, 1.8, 1.8) 26
[20:36:07.801]: (-0.9, 1.8, 1.8) 26
[20:36:07.826]: (-0.9, 1.8, 1.8) 26
[20:36:07.845]: (-0.9, 1.8, 1.8) 26
[20:36:07.912]: (-0.9, 2.1, 1.9) 27
[20:36:07.961]: (-0.9, 2.1, 1.9) 27
[20:36:08.247]: (-0.8, 2.0, 2.0) 27
[20:36:08.295]: (-1.0, 2.0, 2.6) 31
[20:36:08.317]: (-1.0, 2.0, 2.6) 31
[20:36:08.340]: (-1.0, 2.0, 2.6) 31
[20:36:08.452]: (-0.5, 1.9, 1.7) 7
[20:36:08.475]: (-0.5, 1.9, 1.7) 7
[20:36:08.494]: (-0.5, 1.9, 1.7) 7
[20:36:08.513]: (-0.5, 1.9, 1.7) 7
[20:36:08.529]: (-0.5, 1.9, 1.7) 7
[20:36:08.634]: (-0.4, 1.9, 1.6) 6
[20:36:08.652]: (-0.4, 1.8, 1.6) 6
[20:36:08.670]: (-0.5, 1.8, 1.6) 6
[20:36:09.333]: (-0.7, 2.0, 1.9) 27
[20:36:10.491]: (-0.6, 1.7, 1.7) 5
[20:36:10.512]: (-0.5, 1.8, 1.7) 5
[20:36:10.547]: (-0.5, 1.8, 1.7) 5
[20:36:10.584]: (-0.5, 1.8, 1.7) 7
[20:36:10.623]: (-0.5, 1.8, 1.7) 5
[20:36:10.643]: (-0.5, 1.7, 1.7) 5
[20:36:10.663]: (-0.6, 1.7, 1.7) 5
[20:36:10.683]: (-0.6, 1.7, 1.7) 5
[20:36:10.703]: (-0.6, 1.7, 1.7) 5
[20:36:10.790]: (-0.6, 1.7, 1.7) 5
[20:36:10.812]: (-0.6, 1.7, 1.7) 5
[20:36:10.838]: (-0.6, 1.7, 1.7) 5
[20:36:10.860]: (-0.6, 1.7, 1.7) 5
[20:36:10.879]: (-0.5, 1.7, 1.7) 5
[20:36:10.901]: (-0.5, 1.8, 1.7) 5
[20:36:10.945]: (-0.5, 1.8, 1.7) 7
[20:36:11.002]: (-0.9, 1.8, 2.0) 25
[20:36:11.415]: (-0.9, 1.8, 2.1) 19
[20:36:11.445]: (-0.8, 1.7, 2.1) 19
[20:36:11.479]: (-0.8, 1.7, 2.1) 19
[20:36:12.059]: (-0.7, 1.8, 1.9) 21
[20:36:12.085]: (-0.7, 1.8, 1.9) 21
[20:36:13.033]: (-0.2, 2.0, 1.6) 27
[20:36:13.059]: (-0.2, 2.0, 1.6) 27
[20:36:13.084]: (-0.2, 2.0, 1.6) 27
[20:36:13.123]: (-0.2, 2.0, 1.6) 27
[20:36:13.346]: (-0.2, 2.0, 1.6) 27
[20:36:13.364]: (-0.3, 1.9, 1.6) 27
[20:36:14.196]: (-0.5, 1.8, 1.7) 25
[20:36:14.215]: (-0.5, 1.8, 1.7) 25
[20:36:14.233]: (-0.5, 1.8, 1.6) 25
[20:36:14.252]: (-0.5, 1.8, 1.6) 25
[20:36:14.268]: (-0.5, 1.8, 1.7) 25
[20:36:14.286]: (-0.5, 1.8, 1.7) 25
[20:36:14.303]: (-0.5, 1.8, 1.6) 25
[20:36:14.320]: (-0.5, 1.8, 1.6) 25
[20:36:14.337]: (-0.5, 1.8, 1.6) 25
[20:36:14.356]: (-0.5, 1.8, 1.6) 25
[20:36:14.374]: (-0.5, 1.8, 1.6) 25
[20:36:14.391]: (-0.5, 1.8, 1.6) 25
[20:36:14.409]: (-0.5, 1.8, 1.6) 25
[20:36:14.429]: (-0.5, 1.8, 1.6) 25
[20:36:14.447]: (-0.5, 1.8, 1.7) 25
[20:36:14.466]: (-0.5, 1.8, 1.6) 25
[20:36:14.485]: (-0.5, 1.8, 1.5) 26
[20:36:14.504]: (-0.5, 1.8, 1.5) 26
[20:36:14.523]: (-0.5, 1.8, 1.5) 26
[20:36:14.546]: (-0.5, 1.8, 1.5) 26
[20:36:14.570]: (-0.5, 1.8, 1.5) 26
[20:36:14.586]: (-0.5, 1.8, 1.5) 26
[20:36:14.603]: (-0.5, 1.8, 1.5) 26
[20:36:14.620]: (-0.5, 1.8, 1.5) 26
[20:36:14.640]: (-0.5, 1.8, 1.5) 26
[20:36:14.660]: (-0.5, 1.8, 1.5) 26
[20:36:14.679]: (-0.5, 1.8, 1.5) 26
[20:36:14.699]: (-0.5, 1.8, 1.5) 26
[20:36:14.732]: (-0.5, 1.8, 1.5) 26
[20:36:14.766]: (-0.5, 1.8, 1.5) 26
[20:36:14.800]: (-0.5, 1.8, 1.5) 26
[20:36:14.833]: (-0.5, 1.8, 1.5) 26
[20:36:14.867]: (-0.5, 1.8, 1.5) 26
[20:36:14.900]: (-0.5, 1.8, 1.7) 25
[20:36:14.966]: (-0.5, 1.8, 1.8) 21
[20:36:15.000]: (-0.5, 1.8, 1.7) 21
[20:36:15.677]: (-0.3, 1.9, 1.2) 26
[20:36:15.699]: (-0.3, 1.9, 1.2) 26
[20:36:15.721]: (-0.3, 1.9, 1.2) 26
[20:36:15.743]: (-0.3, 1.9, 1.2) 26
[20:36:15.766]: (-0.3, 1.9, 1.2) 26
[20:36:15.788]: (-0.3, 1.9, 1.2) 26
[20:36:15.811]: (-0.4, 1.9, 1.3) 25
[20:36:15.832]: (-0.3, 1.9, 1.2) 26
[20:36:15.855]: (-0.4, 1.9, 1.3) 25
[20:36:15.877]: (-0.3, 1.9, 1.2) 26
[20:36:15.900]: (-0.3, 1.9, 1.2) 26
[20:36:15.930]: (-0.3, 1.8, 1.1) 26
[20:36:15.950]: (-0.3, 1.8, 1.1) 26
[20:36:15.970]: (-0.3, 1.8, 1.1) 26
[20:36:15.993]: (-0.3, 1.9, 1.1) 26
[20:36:16.017]: (-0.3, 1.8, 1.0) 26
[20:36:16.039]: (-0.3, 1.8, 1.0) 26
[20:36:16.062]: (-0.3, 1.8, 1.0) 26
[20:36:16.192]: (-0.2, 1.8, 0.9) 27
[20:36:17.709]: (-0.2, 1.8, 1.0) 27
[20:36:17.733]: (-0.2, 1.8, 0.9) 27
[20:36:17.753]: (-0.2, 1.8, 0.9) 27
[20:36:17.778]: (-0.2, 1.8, 0.9) 27
[20:36:17.797]: (-0.2, 1.8, 0.9) 27
[20:36:17.821]: (-0.2, 1.8, 0.9) 27
[20:36:17.844]: (-0.2, 1.8, 0.9) 27
[20:36:17.864]: (-0.2, 1.8, 0.9) 27
[20:36:17.887]: (-0.2, 1.8, 0.9) 27
[20:36:17.911]: (-0.2, 1.8, 0.9) 27
[20:36:17.931]: (-0.2, 1.8, 0.9) 27
[20:36:17.953]: (-0.2, 1.8, 0.9) 27
[20:36:17.975]: (-0.2, 1.8, 1.0) 27
[20:36:17.999]: (-0.2, 1.8, 1.0) 27
[20:36:18.021]: (-0.2, 1.8, 0.9) 27
[20:36:18.043]: (-0.2, 1.8, 0.9) 27
[20:36:18.064]: (-0.2, 1.8, 0.9) 27
[20:36:18.087]: (-0.2, 1.8, 1.0) 27
[20:36:18.109]: (-0.2, 1.8, 1.0) 27
[20:36:18.131]: (-0.2, 1.8, 1.0) 27
[20:36:18.668]: (-0.2, 1.8, 1.0) 27
[20:36:18.690]: (-0.2, 1.8, 1.0) 27
[20:36:18.714]: (-0.2, 1.8, 1.0) 27
[20:36:18.736]: (-0.2, 1.8, 0.9) 27
[20:36:18.755]: (-0.2, 1.8, 0.9) 27
[20:36:18.772]: (-0.2, 1.8, 0.9) 27
[20:36:18.790]: (-0.2, 1.8, 0.9) 27
[20:36:18.810]: (-0.2, 1.8, 0.9) 27
[20:36:18.827]: (-0.2, 1.8, 0.9) 27
[20:36:18.844]: (-0.2, 1.8, 0.9) 27
[20:36:18.863]: (-0.2, 1.8, 0.9) 27
[20:36:18.882]: (-0.2, 1.8, 1.0) 27
[20:36:18.900]: (-0.2, 1.8, 0.9) 27
[20:36:18.967]: (-0.2, 1.8, 1.0) 27
[20:36:19.112]: (-0.2, 1.8, 0.9) 27
[20:36:19.135]: (-0.2, 1.8, 0.9) 27
[20:36:19.152]: (-0.2, 1.8, 0.9) 27
[20:36:19.169]: (-0.2, 1.8, 0.9) 27
[20:36:19.189]: (-0.2, 1.8, 0.9) 27
[20:36:19.208]: (-0.2, 1.8, 0.9) 27
[20:36:19.225]: (-0.2, 1.8, 0.9) 27
[20:36:19.245]: (-0.2, 1.8, 0.9) 27
[20:36:19.262]: (-0.2, 1.8, 0.9) 27
[20:36:19.286]: (-0.2, 1.8, 0.9) 27
[20:36:19.309]: (-0.2, 1.8, 0.9) 27
[20:36:20.208]: (-0.5, 2.0, 1.0) 19
[20:36:20.251]: (-0.5, 2.0, 1.0) 19
[20:36:20.564]: (-0.5, 2.0, 1.0) 19
[20:36:20.582]: (-0.5, 2.0, 1.0) 19
[20:36:20.912]: (-0.3, 1.9, 1.0) 25
[20:36:20.930]: (-0.3, 1.9, 1.0) 25
[20:36:20.948]: (-0.3, 1.9, 1.0) 25
[20:36:20.966]: (-0.3, 1.9, 1.0) 25
[20:36:20.983]: (-0.3, 1.9, 1.0) 25
[20:36:21.001]: (-0.3, 1.8, 0.9) 26
[20:36:21.020]: (-0.3, 1.9, 1.0) 25
[20:36:21.069]: (-0.3, 1.8, 0.9) 26
[20:36:21.089]: (-0.3, 1.8, 0.9) 26
[20:36:21.107]: (-0.3, 1.8, 0.9) 26
[20:36:21.130]: (-0.3, 1.8, 0.9) 26
[20:36:21.152]: (-0.3, 1.8, 0.9) 26
[20:36:21.173]: (-0.3, 1.8, 0.9) 26
[20:36:21.198]: (-0.3, 1.8, 0.9) 26
[20:36:21.243]: (-0.3, 1.8, 0.9) 26
[20:36:21.264]: (-0.3, 1.8, 0.9) 26
[20:36:21.285]: (-0.3, 1.8, 0.9) 26
[20:36:21.308]: (-0.3, 1.8, 0.9) 26
[20:36:21.330]: (-0.3, 1.8, 0.9) 26
[20:36:21.351]: (-0.3, 1.8, 0.9) 26
[20:36:21.375]: (-0.3, 1.8, 0.9) 26
[20:36:21.397]: (-0.3, 1.8, 0.9) 26
[20:36:21.418]: (-0.3, 1.8, 0.9) 26
[20:36:21.441]: (-0.3, 1.8, 0.9) 26
[20:36:21.463]: (-0.3, 1.8, 0.9) 26
[20:36:21.485]: (-0.3, 1.8, 0.9) 26
[20:36:21.502]: (-0.3, 1.8, 0.9) 26
[20:36:21.519]: (-0.3, 1.8, 0.9) 26
[20:36:21.537]: (-0.3, 1.8, 0.9) 26
[20:36:21.556]: (-0.3, 1.8, 0.9) 26
[20:36:21.574]: (-0.3, 1.8, 0.9) 26
[20:36:21.591]: (-0.3, 1.8, 0.9) 26
[20:36:21.609]: (-0.3, 1.8, 0.9) 26
[20:36:21.627]: (-0.3, 1.8, 0.9) 26
[20:36:21.661]: (-0.3, 1.8, 0.9) 26
[20:36:21.678]: (-0.3, 1.8, 0.9) 26
[20:36:21.698]: (-0.3, 1.8, 0.9) 26
[20:36:21.716]: (-0.3, 1.8, 0.9) 26
[20:36:21.737]: (-0.3, 1.8, 0.9) 26
[20:36:21.755]: (-0.3, 1.8, 0.9) 26
[20:36:21.927]: (-0.6, 1.7, 0.6) 14
[20:36:21.946]: (-0.6, 1.7, 0.6) 14
[20:36:21.964]: (-0.6, 1.7, 0.6) 14
[20:36:21.981]: (-0.6, 1.7, 0.6) 14
[20:36:21.999]: (-0.6, 1.7, 0.6) 14
[20:36:22.017]: (-0.6, 1.7, 0.6) 14
[20:36:22.041]: (-0.6, 1.7, 0.6) 14
[20:36:22.064]: (-0.6, 1.7, 0.6) 14
[20:36:22.083]: (-0.6, 1.7, 0.6) 14
[20:36:22.108]: (-0.6, 1.7, 0.6) 14
[20:36:22.130]: (-0.6, 1.7, 0.6) 14
[20:36:22.151]: (-0.6, 1.7, 0.6) 14
[20:36:22.174]: (-0.6, 1.7, 0.6) 14
[20:36:22.218]: (-0.6, 1.7, 0.6) 14
[20:36:22.241]: (-0.6, 1.7, 0.6) 14
[20:36:22.263]: (-0.6, 1.7, 0.6) 14
[20:36:22.284]: (-0.6, 1.7, 0.6) 14
[20:36:22.307]: (-0.6, 1.7, 0.6) 14
[20:36:22.329]: (-0.6, 1.7, 0.6) 14
[20:36:22.351]: (-0.6, 1.7, 0.6) 14
[20:36:22.375]: (-0.6, 1.7, 0.6) 14
[20:36:22.397]: (-0.6, 1.7, 0.6) 14
[20:36:22.415]: (-0.6, 1.7, 0.6) 14
[20:36:22.433]: (-0.6, 1.7, 0.6) 14
[20:36:22.450]: (-0.6, 1.7, 0.6) 14
[20:36:22.468]: (-0.6, 1.7, 0.6) 14
[20:36:22.487]: (-0.6, 1.7, 0.6) 14
[20:36:22.507]: (-0.6, 1.7, 0.6) 14
[20:36:22.528]: (-0.6, 1.7, 0.6) 14
[20:36:22.549]: (-0.6, 1.7, 0.6) 14
[20:36:22.567]: (-0.6, 1.7, 0.6) 14
[20:36:22.587]: (-0.6, 1.7, 0.6) 14
[20:36:22.607]: (-0.6, 1.7, 0.6) 14
[20:36:22.627]: (-0.6, 1.7, 0.6) 14
[20:36:22.647]: (-0.6, 1.7, 0.6) 14
[20:36:22.667]: (-0.6, 1.7, 0.6) 14
[20:36:22.683]: (-0.6, 1.7, 0.6) 14
[20:36:22.699]: (-0.6, 1.7, 0.6) 14
[20:36:22.716]: (-0.6, 1.7, 0.6) 14
[20:36:23.239]: (-0.7, 1.5, 0.6) 15
[20:36:23.263]: (-0.7, 1.6, 0.6) 15
[20:36:23.285]: (-0.7, 1.6, 0.6) 15
[20:36:23.306]: (-0.7, 1.6, 0.6) 15
[20:36:23.330]: (-0.7, 1.6, 0.6) 15
[20:36:23.350]: (-0.7, 1.6, 0.6) 15
[20:36:23.369]: (-0.7, 1.6, 0.6) 15
[20:36:23.386]: (-0.7, 1.6, 0.6) 15
[20:36:23.405]: (-0.7, 1.6, 0.6) 15
[20:36:23.423]: (-0.7, 1.6, 0.6) 15
[20:36:23.442]: (-0.7, 1.6, 0.6) 15
[20:36:23.460]: (-0.7, 1.6, 0.6) 15
[20:36:23.477]: (-0.7, 1.6, 0.6) 15
[20:36:23.494]: (-0.7, 1.6, 0.6) 15
[20:36:23.512]: (-0.7, 1.6, 0.6) 15
[20:36:23.530]: (-0.7, 1.6, 0.6) 15
[20:36:23.546]: (-0.7, 1.5, 0.6) 15
[20:36:23.563]: (-0.7, 1.5, 0.6) 15
[20:36:23.699]: (-0.6, 1.5, 0.6) 15
[20:36:23.717]: (-0.7, 1.5, 0.6) 15
[20:36:23.734]: (-0.6, 1.5, 0.6) 15
[20:36:23.752]: (-0.6, 1.5, 0.6) 15
[20:36:23.770]: (-0.6, 1.5, 0.6) 15
[20:36:23.788]: (-0.6, 1.5, 0.6) 15
[20:36:23.805]: (-0.7, 1.5, 0.6) 15
[20:36:23.822]: (-0.7, 1.5, 0.6) 15
[20:36:23.841]: (-0.7, 1.5, 0.6) 15
[20:36:23.858]: (-0.7, 1.5, 0.6) 15
[20:36:23.876]: (-0.7, 1.5, 0.6) 15
[20:36:23.894]: (-0.7, 1.5, 0.6) 15
[20:36:23.918]: (-0.6, 1.5, 0.6) 15
[20:36:23.940]: (-0.6, 1.5, 0.6) 15
[20:36:23.963]: (-0.6, 1.5, 0.6) 15
[20:36:23.984]: (-0.6, 1.6, 0.6) 15
[20:36:24.006]: (-0.6, 1.6, 0.6) 15
[20:36:24.031]: (-0.6, 1.6, 0.6) 15
[20:36:24.050]: (-0.6, 1.6, 0.6) 15
[20:36:24.073]: (-0.6, 1.6, 0.6) 15
[20:36:24.597]: (-0.6, 1.7, 0.6) 14
[20:36:24.615]: (-0.6, 1.7, 0.6) 14
[20:36:24.636]: (-0.6, 1.7, 0.6) 14
[20:36:24.652]: (-0.6, 1.7, 0.6) 14
[20:36:24.671]: (-0.6, 1.7, 0.6) 14
[20:36:24.687]: (-0.6, 1.7, 0.6) 14
[20:36:24.708]: (-0.6, 1.7, 0.6) 14
[20:36:24.730]: (-0.6, 1.7, 0.6) 14
[20:36:24.752]: (-0.6, 1.7, 0.6) 14
[20:36:24.774]: (-0.6, 1.7, 0.6) 14
[20:36:24.797]: (-0.6, 1.7, 0.6) 14
[20:36:24.817]: (-0.6, 1.7, 0.6) 14
[20:36:24.841]: (-0.6, 1.7, 0.6) 14
[20:36:24.864]: (-0.6, 1.7, 0.6) 14
[20:36:24.884]: (-0.6, 1.7, 0.6) 14
[20:36:24.906]: (-0.6, 1.7, 0.6) 14
[20:36:24.928]: (-0.6, 1.7, 0.6) 14
[20:36:24.950]: (-0.6, 1.7, 0.6) 14
[20:36:24.974]: (-0.6, 1.7, 0.6) 14
[20:36:24.997]: (-0.6, 1.7, 0.6) 14
[20:36:25.018]: (-0.6, 1.7, 0.6) 14
[20:36:25.040]: (-0.6, 1.7, 0.6) 14
[20:36:25.062]: (-0.6, 1.7, 0.6) 14
[20:36:25.083]: (-0.6, 1.7, 0.6) 14
[20:36:25.106]: (-0.6, 1.7, 0.6) 14
[20:36:25.128]: (-0.6, 1.7, 0.6) 14
[20:36:25.150]: (-0.6, 1.7, 0.6) 14
[20:36:25.170]: (-0.6, 1.7, 0.6) 14
[20:36:25.187]: (-0.6, 1.7, 0.6) 14
[20:36:25.205]: (-0.6, 1.7, 0.6) 14
[20:36:25.222]: (-0.6, 1.7, 0.6) 14
[20:36:25.242]: (-0.6, 1.7, 0.6) 14
[20:36:25.260]: (-0.6, 1.7, 0.6) 14
[20:36:25.277]: (-0.6, 1.7, 0.6) 14
[20:36:25.296]: (-0.6, 1.7, 0.6) 14
[20:36:25.314]: (-0.6, 1.7, 0.6) 14
[20:36:25.333]: (-0.6, 1.7, 0.6) 14
[20:36:25.350]: (-0.6, 1.7, 0.6) 14
[20:36:25.368]: (-0.6, 1.7, 0.6) 14
[20:36:25.385]: (-0.6, 1.7, 0.6) 14
[20:36:25.403]: (-0.6, 1.7, 0.6) 14
[20:36:25.419]: (-0.6, 1.7, 0.6) 14
[20:36:25.436]: (-0.6, 1.7, 0.6) 14
[20:36:25.453]: (-0.6, 1.7, 0.6) 14
[20:36:25.486]: (-0.7, 1.8, 0.7) 18
[20:36:25.503]: (-0.7, 1.8, 0.7) 18
[20:36:25.520]: (-0.7, 1.8, 0.7) 18
[20:36:25.538]: (-0.7, 1.8, 0.7) 18
[20:36:25.620]: (-0.7, 1.8, 0.7) 18
[20:36:25.645]: (-0.7, 1.8, 0.7) 18
[20:36:25.668]: (-0.7, 1.8, 0.7) 18
[20:36:25.689]: (-0.7, 1.8, 0.7) 18
[20:36:25.709]: (-0.7, 1.8, 0.7) 18
[20:36:25.729]: (-0.7, 1.8, 0.7) 18
[20:36:25.751]: (-0.7, 1.8, 0.7) 18
[20:36:25.771]: (-0.7, 1.8, 0.7) 18
[20:36:25.791]: (-0.7, 1.8, 0.7) 18
[20:36:25.818]: (-0.7, 1.8, 0.7) 18
[20:36:25.837]: (-0.7, 1.8, 0.7) 18
[20:36:25.862]: (-0.7, 1.8, 0.7) 18
[20:36:25.897]: (-0.7, 1.8, 0.7) 18
[20:36:25.929]: (-0.7, 1.8, 0.7) 18
[20:36:25.963]: (-0.7, 1.8, 0.7) 18
[20:36:25.996]: (-0.7, 1.8, 0.7) 18
[20:36:26.030]: (-0.7, 1.8, 0.7) 18
[20:36:26.063]: (-0.7, 1.8, 0.7) 18
[20:36:26.828]: (-0.8, 1.9, 0.8) 16
[20:36:26.853]: (-0.8, 1.9, 0.7) 16
[20:36:26.875]: (-0.7, 1.9, 0.8) 16
[20:36:26.918]: (-0.7, 2.1, 0.9) 13
[20:36:26.941]: (-0.7, 2.1, 0.9) 13
[20:36:26.964]: (-0.7, 2.1, 1.0) 13
[20:36:26.984]: (-0.7, 2.1, 1.0) 13
[20:36:27.004]: (-0.7, 2.1, 1.0) 13
[20:36:27.029]: (-0.7, 2.1, 1.0) 13
[20:36:27.049]: (-0.7, 2.2, 1.0) 13
[20:36:27.072]: (-0.7, 2.1, 1.0) 13
[20:36:27.095]: (-0.7, 2.2, 1.0) 13
[20:36:27.117]: (-0.7, 2.2, 1.0) 13
[20:36:27.138]: (-0.7, 2.2, 1.0) 13
[20:36:27.205]: (-0.7, 2.2, 1.0) 13
[20:36:27.630]: (-0.7, 2.1, 1.0) 13
[20:36:27.653]: (-0.7, 2.1, 1.0) 13
[20:36:27.676]: (-0.7, 2.1, 0.9) 13
[20:36:27.697]: (-0.7, 2.1, 0.9) 13
[20:36:27.720]: (-0.7, 2.1, 0.9) 13
[20:36:27.742]: (-0.7, 2.1, 0.9) 13
[20:36:27.765]: (-0.7, 2.1, 0.9) 13
[20:36:27.782]: (-0.7, 2.1, 0.9) 13
[20:36:27.802]: (-0.7, 2.1, 0.9) 13
[20:36:27.820]: (-0.7, 2.1, 0.9) 13
[20:36:27.840]: (-0.7, 2.1, 0.9) 13
[20:36:27.859]: (-0.7, 2.1, 0.9) 13
[20:36:27.877]: (-0.7, 2.1, 1.0) 13
[20:36:28.295]: (-0.7, 2.1, 1.0) 13
[20:36:28.317]: (-0.7, 2.1, 0.9) 13
[20:36:28.339]: (-0.7, 2.1, 0.9) 13
[20:36:28.363]: (-0.7, 2.1, 0.9) 13
[20:36:28.385]: (-0.7, 2.1, 0.9) 13
[20:36:28.406]: (-0.7, 2.1, 0.9) 13
[20:36:28.429]: (-0.7, 2.1, 0.9) 13
[20:36:28.451]: (-0.7, 2.1, 1.0) 13
[20:36:29.417]: (-0.3, 1.8, 0.9) 26
[20:36:29.439]: (-0.3, 1.8, 0.9) 26
[20:36:29.460]: (-0.3, 1.8, 0.9) 26
[20:36:29.482]: (-0.3, 1.8, 0.9) 26
[20:36:29.505]: (-0.3, 1.8, 0.9) 26
[20:36:29.527]: (-0.3, 1.8, 0.9) 26
[20:36:29.549]: (-0.3, 1.8, 0.9) 26
[20:36:29.568]: (-0.3, 1.8, 0.9) 26
[20:36:29.585]: (-0.3, 1.8, 0.9) 26
[20:36:29.602]: (-0.3, 1.8, 0.9) 26
[20:36:29.620]: (-0.3, 1.8, 0.9) 26
[20:36:29.640]: (-0.3, 1.8, 0.9) 26
[20:36:29.660]: (-0.3, 1.8, 0.9) 26
[20:36:29.677]: (-0.3, 1.8, 0.9) 26
[20:36:29.695]: (-0.3, 1.8, 0.9) 26
[20:36:29.713]: (-0.3, 1.8, 0.9) 26
[20:36:29.731]: (-0.3, 1.8, 0.9) 26
[20:36:29.751]: (-0.3, 1.8, 0.9) 26
[20:36:29.768]: (-0.3, 1.8, 0.9) 26
[20:36:29.785]: (-0.3, 1.8, 0.9) 26
[20:36:29.819]: (-0.2, 1.7, 0.9) 5
[20:36:29.838]: (-0.2, 1.7, 0.9) 5
[20:36:29.855]: (-0.2, 1.7, 0.9) 5
[20:36:29.873]: (-0.2, 1.7, 0.9) 5
[20:36:29.891]: (-0.2, 1.7, 0.9) 5
[20:36:29.910]: (-0.2, 1.7, 0.9) 5
[20:36:29.929]: (-0.2, 1.7, 0.9) 5
[20:36:29.947]: (-0.2, 1.7, 0.9) 5
[20:36:29.966]: (-0.2, 1.7, 0.9) 5
[20:36:29.983]: (-0.2, 1.7, 0.9) 5
[20:36:30.002]: (-0.2, 1.7, 0.9) 5
[20:36:30.018]: (-0.2, 1.7, 0.9) 5
[20:36:30.038]: (-0.2, 1.7, 0.9) 5
[20:36:30.060]: (-0.2, 1.7, 0.9) 5
[20:36:30.081]: (-0.2, 1.7, 0.9) 5
[20:36:30.104]: (-0.2, 1.7, 0.9) 5
[20:36:30.127]: (-0.2, 1.7, 0.9) 5
[20:36:30.150]: (-0.2, 1.7, 0.9) 5
[20:36:30.171]: (-0.2, 1.7, 0.9) 5
[20:36:30.193]: (-0.2, 1.7, 0.9) 5
[20:36:30.217]: (-0.2, 1.7, 0.9) 5
[20:36:30.237]: (-0.2, 1.6, 0.9) 5
[20:36:30.262]: (-0.2, 1.6, 0.9) 5
[20:36:30.304]: (-0.2, 1.6, 0.9) 5
[20:36:30.350]: (-0.2, 1.7, 0.9) 5
[20:36:30.370]: (-0.2, 1.6, 0.9) 5
[20:36:30.394]: (-0.2, 1.6, 0.9) 5
[20:36:30.416]: (-0.2, 1.6, 0.9) 5
[20:36:30.579]: (-0.2, 1.6, 0.9) 5
[20:36:30.598]: (-0.2, 1.7, 0.9) 5
[20:36:30.616]: (-0.2, 1.7, 0.9) 5
[20:36:30.635]: (-0.2, 1.6, 0.9) 5
[20:36:30.656]: (-0.2, 1.6, 0.9) 5
[20:36:30.673]: (-0.2, 1.6, 0.9) 5
[20:36:31.104]: (-0.1, 1.6, 0.9) 6
[20:36:31.259]: (-0.1, 1.6, 0.9) 6
[20:36:31.281]: (-0.1, 1.6, 0.9) 6
[20:36:31.304]: (-0.1, 1.6, 0.9) 6
[20:36:31.325]: (-0.1, 1.6, 0.9) 6
[20:36:31.371]: (-0.1, 1.6, 0.9) 6
[20:36:31.393]: (-0.1, 1.6, 0.9) 6
[20:36:31.416]: (-0.1, 1.6, 0.9) 6
[20:36:31.455]: (-0.1, 1.6, 0.9) 6
[20:36:31.655]: (-0.1, 1.6, 0.9) 6
[20:36:31.719]: (-0.1, 1.6, 0.9) 6
[20:36:31.738]: (-0.1, 1.6, 0.9) 6
[20:36:31.819]: (-0.1, 1.6, 0.9) 6
[20:36:31.838]: (-0.1, 1.6, 0.9) 6
[20:36:31.855]: (-0.1, 1.6, 0.9) 6
[20:36:31.874]: (-0.1, 1.6, 0.9) 6
[20:36:31.893]: (-0.1, 1.6, 0.9) 6
[20:36:31.912]: (-0.1, 1.6, 0.9) 6
[20:36:31.930]: (-0.1, 1.6, 0.9) 6
[20:36:31.949]: (-0.1, 1.6, 0.8) 6
[20:36:31.970]: (-0.1, 1.6, 0.8) 6
[20:36:31.993]: (-0.1, 1.6, 0.8) 6
[20:36:32.015]: (-0.1, 1.6, 0.8) 6
[20:36:32.036]: (-0.1, 1.6, 0.8) 6
[20:36:32.059]: (-0.1, 1.6, 0.8) 6
[20:36:32.081]: (-0.1, 1.6, 0.9) 6
[20:36:32.103]: (-0.1, 1.6, 0.8) 6
[20:36:32.126]: (-0.1, 1.6, 0.9) 6
[20:36:33.265]: (-0.1, 1.6, 0.9) 6
[20:36:33.400]: (-0.1, 1.6, 0.9) 6
[20:36:33.417]: (-0.1, 1.6, 0.9) 6
[20:36:34.117]: (-0.1, 1.6, 0.9) 6
[20:36:34.283]: (-0.1, 1.6, 0.8) 6
[20:36:34.299]: (-0.1, 1.6, 0.8) 6
[20:36:34.724]: (-0.2, 1.6, 0.9) 5
[20:36:34.758]: (-0.2, 1.6, 0.9) 5
[20:36:35.026]: (-0.2, 1.6, 0.9) 5
[20:36:35.057]: (-0.2, 1.7, 0.9) 5
[20:36:35.092]: (-0.2, 1.7, 0.9) 5
[20:36:35.124]: (-0.2, 1.7, 0.9) 5
[20:36:35.158]: (-0.2, 1.7, 0.9) 5
[20:36:35.193]: (-0.2, 1.7, 0.9) 5
[20:36:35.224]: (-0.2, 1.7, 0.9) 5
[20:36:35.257]: (-0.2, 1.7, 0.9) 5
[20:36:35.293]: (-0.2, 1.7, 0.9) 5
[20:36:35.325]: (-0.2, 1.7, 0.9) 5
[20:36:35.358]: (-0.2, 1.7, 0.9) 5
[20:36:35.392]: (-0.2, 1.7, 0.9) 5
[20:36:35.426]: (-0.2, 1.7, 0.9) 5
[20:36:35.457]: (-0.2, 1.7, 0.9) 5
[20:36:35.480]: (-0.2, 1.7, 0.9) 5
[20:36:35.503]: (-0.2, 1.7, 0.9) 5
[20:36:35.547]: (-0.2, 1.6, 0.9) 5
[20:36:35.568]: (-0.2, 1.6, 0.9) 5
[20:36:35.590]: (-0.2, 1.6, 0.9) 5
[20:36:35.613]: (-0.2, 1.6, 0.9) 5
[20:36:35.635]: (-0.2, 1.7, 0.9) 5
[20:36:35.658]: (-0.2, 1.7, 0.9) 5
[20:36:35.679]: (-0.2, 1.7, 0.9) 5
[20:36:35.701]: (-0.2, 1.7, 0.9) 5
[20:36:35.724]: (-0.2, 1.7, 0.9) 5
[20:36:35.745]: (-0.2, 1.7, 0.9) 5
[20:36:35.768]: (-0.2, 1.7, 0.9) 5
[20:36:35.792]: (-0.2, 1.7, 0.9) 5
[20:36:35.812]: (-0.2, 1.7, 0.9) 5
[20:36:35.835]: (-0.2, 1.7, 0.9) 5
[20:36:35.858]: (-0.2, 1.7, 0.9) 5
[20:36:35.879]: (-0.2, 1.7, 0.9) 5
[20:36:35.903]: (-0.2, 1.7, 0.9) 5
[20:36:35.924]: (-0.2, 1.7, 0.9) 5
[20:36:35.946]: (-0.2, 1.7, 0.9) 5
[20:36:35.967]: (-0.2, 1.7, 0.9) 5
[20:36:35.992]: (-0.2, 1.7, 0.9) 5
[20:36:36.013]: (-0.2, 1.7, 0.9) 5
[20:36:36.035]: (-0.2, 1.7, 0.9) 5
[20:36:36.057]: (-0.2, 1.7, 0.9) 5
[20:36:36.080]: (-0.2, 1.7, 0.9) 5
[20:36:36.101]: (-0.2, 1.7, 0.9) 5
[20:36:36.124]: (-0.2, 1.7, 0.9) 5
[20:36:36.146]: (-0.2, 1.7, 0.9) 5
[20:36:36.168]: (-0.2, 1.7, 0.9) 5
[20:36:36.193]: (-0.2, 1.7, 0.9) 5
[20:36:36.215]: (-0.2, 1.7, 0.9) 5
[20:36:36.236]: (-0.2, 1.7, 0.9) 5
[20:36:36.261]: (-0.2, 1.7, 0.9) 5
[20:36:36.283]: (-0.2, 1.7, 0.9) 5
[20:36:36.305]: (-0.2, 1.7, 0.9) 5
[20:36:36.327]: (-0.2, 1.7, 0.9) 5
[20:36:36.348]: (-0.2, 1.7, 0.9) 5
[20:36:36.369]: (-0.2, 1.7, 0.9) 5
[20:36:36.395]: (-0.2, 1.7, 0.9) 5
[20:36:36.415]: (-0.2, 1.7, 0.9) 5
[20:36:36.437]: (-0.2, 1.7, 0.9) 5
[20:36:36.459]: (-0.2, 1.7, 0.9) 5
[20:36:36.482]: (-0.2, 1.7, 0.9) 5
[20:36:36.503]: (-0.2, 1.7, 0.9) 5
[20:36:36.525]: (-0.2, 1.7, 0.9) 5
[20:36:36.550]: (-0.2, 1.7, 0.9) 5
[20:36:36.571]: (-0.2, 1.7, 0.9) 5
[20:36:39.714]: (-0.2, 1.6, 0.9) 5
[20:36:39.800]: (-0.2, 1.7, 0.9) 5
[20:36:39.818]: (-0.2, 1.7, 0.9) 5
[20:36:39.925]: (-0.2, 1.7, 0.9) 5
[20:36:40.348]: (-0.2, 1.7, 0.9) 5
[20:36:40.368]: (-0.2, 1.7, 0.9) 5
[20:36:40.385]: (-0.2, 1.7, 0.9) 5
[20:36:40.515]: (-0.2, 1.7, 0.9) 5
[20:36:40.534]: (-0.2, 1.7, 0.9) 5
[20:36:40.551]: (-0.2, 1.7, 0.9) 5
[20:36:40.569]: (-0.2, 1.7, 0.9) 5
[20:36:40.586]: (-0.2, 1.7, 0.9) 5
[20:36:40.603]: (-0.2, 1.7, 0.9) 5
[20:36:40.620]: (-0.2, 1.7, 0.9) 5
[20:36:40.638]: (-0.2, 1.7, 0.9) 5
[20:36:40.658]: (-0.2, 1.7, 0.9) 5
[20:36:40.680]: (-0.2, 1.7, 0.9) 5
[20:36:40.699]: (-0.2, 1.7, 0.9) 5
[20:36:40.716]: (-0.2, 1.7, 0.9) 5
[20:36:40.737]: (-0.2, 1.7, 0.9) 5
[20:36:40.757]: (-0.2, 1.7, 0.9) 5
[20:36:40.890]: (-0.2, 1.7, 0.9) 5
[20:36:40.912]: (-0.2, 1.7, 0.9) 5
[20:36:40.934]: (-0.2, 1.7, 0.9) 5
[20:36:40.956]: (-0.2, 1.7, 0.9) 5
[20:36:40.978]: (-0.2, 1.7, 0.9) 5
[20:36:41.001]: (-0.2, 1.7, 0.9) 5
[20:36:41.022]: (-0.2, 1.7, 0.9) 5
[20:36:41.044]: (-0.2, 1.7, 0.9) 5
[20:36:41.066]: (-0.2, 1.7, 0.9) 5
[20:36:41.088]: (-0.2, 1.7, 0.9) 5
[20:36:41.112]: (-0.2, 1.7, 0.9) 5
[20:36:41.134]: (-0.2, 1.7, 0.9) 5
[20:36:41.155]: (-0.2, 1.7, 0.9) 5
[20:36:41.179]: (-0.2, 1.7, 0.8) 7
[20:36:41.200]: (-0.2, 1.7, 0.9) 5
[20:36:41.221]: (-0.2, 1.7, 0.9) 5
[20:36:41.248]: (-0.2, 1.7, 0.8) 7
[20:36:41.268]: (-0.2, 1.7, 0.8) 7
[20:36:41.285]: (-0.2, 1.7, 0.8) 7
[20:36:41.304]: (-0.2, 1.7, 0.8) 7
[20:36:41.321]: (-0.2, 1.7, 0.8) 7
[20:36:41.374]: (-0.2, 1.7, 0.8) 7
[20:36:41.391]: (-0.2, 1.7, 0.9) 5
[20:36:41.410]: (-0.2, 1.7, 0.9) 5
[20:36:41.428]: (-0.2, 1.7, 0.9) 5
[20:36:41.445]: (-0.2, 1.7, 0.9) 5
[20:36:41.463]: (-0.2, 1.7, 0.9) 5
[20:36:41.483]: (-0.2, 1.7, 0.9) 5
[20:36:41.503]: (-0.2, 1.7, 0.9) 5
[20:36:41.520]: (-0.2, 1.7, 0.9) 5
[20:36:41.537]: (-0.1, 1.7, 0.8) 7
[20:36:42.451]: (-0.2, 1.6, 0.9) 6
[20:36:42.902]: (-0.2, 1.6, 0.9) 6
[20:36:43.585]: (-0.2, 1.7, 0.9) 5
[20:36:43.720]: (-0.1, 1.7, 0.8) 7
[20:36:43.877]: (-0.1, 1.8, 0.9) 27
[20:36:45.032]: (-0.3, 1.9, 1.0) 25
[20:36:45.066]: (-0.3, 1.9, 1.0) 25
[20:36:45.082]: (-0.3, 1.9, 1.0) 25
[20:36:45.100]: (-0.3, 1.9, 1.0) 25
[20:36:45.118]: (-0.3, 1.9, 1.0) 25
[20:36:45.135]: (-0.3, 1.9, 1.0) 25
[20:36:45.152]: (-0.3, 1.9, 1.0) 25
[20:36:45.169]: (-0.3, 1.9, 1.0) 25
[20:36:45.186]: (-0.3, 1.9, 1.0) 25
[20:36:45.204]: (-0.3, 1.9, 1.0) 25
[20:36:45.223]: (-0.3, 1.9, 1.0) 25
[20:36:45.240]: (-0.3, 1.9, 1.0) 25
[20:36:45.259]: (-0.3, 1.9, 1.0) 25
[20:36:45.277]: (-0.3, 1.9, 1.0) 25
[20:36:45.295]: (-0.3, 1.9, 1.0) 25
[20:36:45.313]: (-0.3, 1.9, 1.0) 25
[20:36:45.329]: (-0.3, 1.9, 1.0) 25
[20:36:45.655]: (-0.4, 1.9, 1.0) 21
[20:36:45.809]: (-0.3, 1.8, 0.9) 26
[20:36:45.831]: (-0.3, 1.8, 0.9) 26
[20:36:45.853]: (-0.3, 1.8, 0.9) 26
[20:36:45.876]: (-0.3, 1.8, 0.9) 26
[20:36:45.895]: (-0.3, 1.8, 0.9) 26
[20:36:45.914]: (-0.3, 1.8, 0.9) 26
[20:36:45.935]: (-0.3, 1.8, 0.9) 26
[20:36:45.955]: (-0.3, 1.8, 0.9) 26
[20:36:45.973]: (-0.3, 1.8, 0.9) 26
[20:36:45.991]: (-0.3, 1.8, 0.9) 26
[20:36:46.008]: (-0.3, 1.8, 0.9) 26
[20:36:46.026]: (-0.3, 1.8, 0.9) 26
[20:36:46.044]: (-0.3, 1.8, 0.9) 26
[20:36:46.063]: (-0.3, 1.8, 0.9) 26
[20:36:46.080]: (-0.3, 1.8, 0.9) 26
[20:36:46.097]: (-0.3, 1.8, 0.9) 26
[20:36:46.114]: (-0.3, 1.8, 0.9) 26
[20:36:46.134]: (-0.3, 1.8, 0.9) 26
[20:36:46.151]: (-0.3, 1.8, 0.9) 26
[20:36:46.172]: (-0.3, 1.8, 0.9) 26
[20:36:46.188]: (-0.3, 1.8, 0.9) 26
[20:36:47.016]: (-0.5, 2.0, 0.9) 19
[20:36:47.033]: (-0.5, 2.0, 0.9) 19
[20:36:47.051]: (-0.5, 2.0, 0.9) 19
[20:36:47.071]: (-0.5, 2.0, 0.9) 19
[20:36:47.087]: (-0.5, 2.0, 0.9) 19
[20:36:47.106]: (-0.5, 2.0, 0.9) 19
[20:36:47.124]: (-0.5, 2.0, 0.9) 19
[20:36:47.142]: (-0.6, 2.0, 0.9) 19
[20:36:47.176]: (-0.5, 2.0, 0.9) 19
[20:36:47.193]: (-0.5, 2.0, 0.9) 19
[20:36:47.211]: (-0.5, 2.0, 0.9) 19
[20:36:47.229]: (-0.5, 2.0, 0.9) 19
[20:36:47.247]: (-0.5, 2.0, 0.9) 19
[20:36:47.267]: (-0.6, 2.0, 0.9) 19
[20:36:47.284]: (-0.6, 2.0, 0.9) 19
[20:36:47.302]: (-0.5, 2.0, 0.9) 19
[20:36:47.319]: (-0.6, 2.0, 0.9) 19
[20:36:47.344]: (-0.5, 2.0, 0.9) 19
[20:36:47.375]: (-0.5, 2.0, 0.9) 19
[20:36:47.408]: (-0.5, 2.0, 0.9) 19
[20:36:47.442]: (-0.5, 2.0, 0.9) 19
[20:36:47.476]: (-0.5, 2.0, 0.9) 19
[20:36:48.119]: (-0.6, 2.3, 1.0) 12
[20:36:48.142]: (-0.6, 2.3, 1.0) 12
[20:36:48.167]: (-0.6, 2.3, 1.0) 12
[20:36:48.186]: (-0.6, 2.3, 1.0) 12
[20:36:48.209]: (-0.6, 2.3, 1.0) 12
[20:36:48.232]: (-0.6, 2.3, 1.0) 12
[20:36:48.252]: (-0.6, 2.3, 1.0) 12
[20:36:48.275]: (-0.6, 2.3, 1.0) 12
[20:36:48.296]: (-0.6, 2.3, 1.0) 12
[20:36:48.318]: (-0.6, 2.3, 1.0) 12
[20:36:48.341]: (-0.6, 2.3, 1.0) 12
[20:36:48.364]: (-0.6, 2.3, 1.0) 12
[20:36:48.386]: (-0.6, 2.3, 1.0) 12
[20:36:48.407]: (-0.6, 2.3, 1.0) 12
[20:36:48.431]: (-0.6, 2.3, 1.0) 12
[20:36:48.452]: (-0.6, 2.3, 1.0) 12
[20:36:48.477]: (-0.6, 2.3, 1.0) 12
[20:36:48.496]: (-0.6, 2.3, 1.0) 12
[20:36:48.631]: (-0.6, 2.3, 1.1) 12
[20:36:48.676]: (-0.6, 2.3, 1.0) 12
[20:36:49.078]: (-0.7, 2.3, 1.0) 11
[20:36:49.100]: (-0.7, 2.3, 1.0) 11
[20:36:49.121]: (-0.7, 2.3, 1.0) 11
[20:36:49.145]: (-0.7, 2.3, 1.0) 11
[20:36:49.167]: (-0.7, 2.3, 1.0) 11
[20:36:49.188]: (-0.7, 2.3, 1.0) 11
[20:36:49.212]: (-0.7, 2.3, 1.0) 11
[20:36:49.233]: (-0.7, 2.3, 1.0) 11
[20:36:49.255]: (-0.7, 2.3, 1.0) 11
[20:36:49.277]: (-0.7, 2.3, 1.0) 11
[20:36:49.301]: (-0.7, 2.3, 1.0) 11
[20:36:49.322]: (-0.7, 2.3, 1.0) 11
[20:36:49.339]: (-0.7, 2.3, 1.0) 11
[20:36:49.356]: (-0.7, 2.3, 1.0) 11
[20:36:49.373]: (-0.7, 2.3, 1.0) 11
[20:36:49.391]: (-0.7, 2.3, 1.0) 11
[20:36:49.409]: (-0.7, 2.3, 1.0) 11
[20:36:49.427]: (-0.7, 2.3, 1.0) 11
[20:36:49.445]: (-0.7, 2.3, 1.0) 11
[20:36:49.997]: (-0.2, 2.5, 1.5) 28
[20:36:50.018]: (-0.2, 2.5, 1.5) 28
[20:36:50.042]: (-0.2, 2.5, 1.5) 28
[20:36:50.065]: (-0.2, 2.5, 1.5) 28
[20:36:50.676]: (0.0, 2.5, 1.5) 29
[20:36:51.696]: (0.2, 2.1, 1.3) 9
[20:36:51.718]: (0.2, 2.1, 1.3) 9
[20:36:51.765]: (0.1, 1.9, 1.1) 8
[20:36:51.786]: (0.1, 1.9, 1.1) 8
[20:36:51.996]: (0.1, 1.9, 1.1) 8
[20:36:52.014]: (0.1, 1.9, 1.2) 8
[20:36:52.031]: (0.1, 1.9, 1.2) 8
[20:36:52.049]: (0.1, 1.9, 1.1) 8
[20:36:52.068]: (0.1, 1.9, 1.1) 8
[20:36:52.085]: (0.1, 1.9, 1.1) 8
[20:36:52.103]: (0.1, 1.9, 1.1) 8
[20:36:52.119]: (0.1, 1.9, 1.1) 8
[20:36:52.141]: (0.1, 1.9, 1.1) 8
[20:36:52.159]: (0.1, 1.9, 1.2) 8
[20:36:52.341]: (0.1, 1.9, 1.1) 4
