[21:03:26.427]: (-1.9, -1.2, 0.0) 5
[21:03:26.959]: (-2.0, -1.1, 0.0) 5
[21:03:28.301]: (-2.0, 0.2, 0.4) 0
[21:03:28.646]: (-2.1, 1.2, 0.9) 1
[21:03:28.669]: (-2.1, 1.2, 0.9) 1
[21:03:28.693]: (-2.1, 1.2, 0.9) 1
[21:03:28.756]: (-2.0, 1.4, 1.0) 1
[21:03:28.779]: (-2.0, 1.4, 1.0) 1
[21:03:28.823]: (-1.4, 1.6, 0.7) 0
[21:03:29.133]: (-1.3, 1.9, 0.9) 0
[21:03:29.154]: (-1.3, 1.9, 1.0) 1
[21:03:29.179]: (-1.3, 1.9, 0.9) 0
[21:03:29.200]: (-1.3, 1.9, 0.9) 0
[21:03:29.222]: (-1.2, 1.9, 0.9) 0
[21:03:29.244]: (-1.3, 2.0, 0.9) 1
[21:03:29.267]: (-1.2, 1.9, 0.9) 0
[21:03:29.291]: (-1.2, 1.9, 0.9) 0
[21:03:29.315]: (-1.2, 1.9, 0.9) 0
[21:03:29.339]: (-1.2, 2.0, 0.9) 1
[21:03:29.362]: (-1.2, 1.9, 0.9) 0
[21:03:29.383]: (-1.4, 2.1, 1.2) 7
[21:03:29.405]: (-1.2, 1.9, 0.9) 0
[21:03:29.428]: (-1.2, 1.9, 0.8) 0
[21:03:29.449]: (-1.3, 1.9, 0.8) 0
[21:03:29.471]: (-1.2, 1.9, 0.9) 0
[21:03:29.491]: (-1.2, 1.9, 0.8) 0
[21:03:29.512]: (-1.3, 1.9, 0.8) 0
[21:03:29.533]: (-1.2, 2.0, 0.8) 0
[21:03:29.554]: (-1.3, 2.0, 0.8) 0
[21:03:29.583]: (-1.3, 2.0, 0.9) 0
[21:03:29.609]: (-1.3, 2.0, 0.8) 0
[21:03:29.630]: (-1.5, 2.1, 1.1) 7
[21:03:29.651]: (-1.3, 2.0, 0.8) 0
[21:03:29.670]: (-1.3, 2.0, 0.8) 0
[21:03:29.902]: (-1.5, 2.2, 1.1) 7
[21:03:29.922]: (-1.5, 2.1, 1.1) 7
[21:03:29.938]: (-1.5, 2.1, 1.1) 7
[21:03:29.955]: (-1.3, 2.0, 0.8) 0
[21:03:29.971]: (-1.3, 2.0, 0.8) 0
[21:03:29.987]: (-1.3, 2.0, 0.8) 0
[21:03:30.004]: (-1.3, 2.0, 0.8) 0
[21:03:30.022]: (-1.3, 2.0, 0.8) 0
[21:03:30.040]: (-1.3, 1.9, 0.8) 0
[21:03:30.057]: (-1.3, 1.9, 0.8) 0
[21:03:30.073]: (-1.3, 1.9, 0.8) 0
[21:03:30.091]: (-1.3, 1.9, 0.8) 0
[21:03:30.109]: (-1.3, 1.9, 0.8) 0
[21:03:30.126]: (-1.3, 2.0, 0.8) 0
[21:03:30.144]: (-1.3, 2.0, 0.8) 0
[21:03:30.160]: (-1.3, 2.0, 0.8) 0
[21:03:30.178]: (-1.3, 2.0, 0.8) 0
[21:03:30.195]: (-1.3, 2.0, 0.8) 0
[21:03:30.212]: (-1.3, 2.0, 0.8) 0
[21:03:30.230]: (-1.3, 2.0, 0.8) 0
[21:03:30.248]: (-1.3, 1.9, 0.8) 0
[21:03:30.266]: (-1.3, 1.9, 0.8) 0
[21:03:30.282]: (-1.3, 1.9, 0.8) 0
[21:03:30.298]: (-1.3, 2.0, 0.8) 0
[21:03:30.321]: (-1.5, 2.2, 1.1) 7
[21:03:30.344]: (-1.3, 2.0, 0.8) 0
[21:03:30.365]: (-1.3, 1.9, 0.8) 0
[21:03:30.387]: (-1.3, 1.9, 0.8) 0
[21:03:30.412]: (-1.3, 2.0, 0.8) 0
[21:03:30.431]: (-1.3, 2.0, 0.8) 0
[21:03:30.454]: (-1.3, 2.0, 0.8) 0
[21:03:30.477]: (-1.3, 2.0, 0.8) 0
[21:03:30.498]: (-1.3, 2.0, 0.8) 0
[21:03:30.522]: (-1.5, 2.1, 1.1) 7
[21:03:30.654]: (-0.6, 2.6, 1.2) 2
[21:03:30.677]: (-0.6, 2.6, 1.2) 2
[21:03:30.698]: (-0.6, 2.6, 1.2) 2
[21:03:30.721]: (-0.6, 2.6, 1.2) 2
[21:03:33.714]: (-1.2, 1.9, 0.9) 0
[21:03:33.733]: (-1.2, 1.9, 0.9) 0
[21:03:33.750]: (-1.2, 1.9, 0.9) 0
[21:03:33.768]: (-1.2, 1.9, 0.9) 0
[21:03:33.787]: (-1.2, 1.9, 0.9) 0
[21:03:33.804]: (-1.2, 1.9, 0.9) 0
[21:03:33.821]: (-1.2, 1.9, 0.9) 0
[21:03:33.839]: (-1.2, 1.9, 0.8) 0
[21:03:33.857]: (-1.2, 1.9, 0.8) 0
[21:03:33.874]: (-1.2, 1.9, 0.8) 0
[21:03:33.892]: (-1.2, 1.9, 0.8) 0
[21:03:33.908]: (-1.3, 1.9, 0.8) 0
[21:03:33.930]: (-1.2, 1.9, 0.8) 0
[21:03:33.952]: (-1.2, 1.9, 0.9) 0
[21:03:33.975]: (-1.2, 1.9, 0.9) 0
[21:03:33.997]: (-1.2, 1.9, 0.9) 0
[21:03:34.019]: (-1.2, 1.9, 0.9) 0
[21:03:34.042]: (-1.2, 1.9, 0.9) 0
[21:03:34.063]: (-1.2, 1.9, 0.9) 0
[21:03:34.086]: (-1.2, 1.9, 0.9) 0
[21:03:34.107]: (-1.2, 1.9, 0.9) 0
[21:03:34.130]: (-1.2, 1.9, 0.9) 0
[21:03:34.152]: (-1.2, 1.9, 0.9) 0
[21:03:34.175]: (-1.2, 1.9, 0.9) 0
[21:03:34.197]: (-1.2, 1.9, 0.9) 0
[21:03:34.219]: (-1.4, 2.1, 1.1) 8
[21:03:34.241]: (-1.2, 1.9, 0.9) 0
[21:03:34.264]: (-1.2, 1.9, 0.9) 0
[21:03:34.286]: (-1.2, 1.9, 0.9) 0
[21:03:34.331]: (-1.4, 2.1, 1.1) 7
[21:03:34.353]: (-1.4, 2.1, 1.1) 7
[21:03:34.374]: (-1.4, 2.1, 1.1) 7
[21:03:34.394]: (-1.4, 2.1, 1.1) 7
[21:03:34.411]: (-1.4, 2.1, 1.1) 7
[21:03:34.429]: (-1.4, 2.1, 1.1) 7
[21:03:34.446]: (-1.4, 2.1, 1.1) 7
[21:03:34.464]: (-1.4, 2.1, 1.1) 7
[21:03:34.481]: (-1.4, 2.1, 1.1) 7
[21:03:34.499]: (-1.4, 2.1, 1.1) 7
[21:03:34.517]: (-1.4, 2.1, 1.1) 7
[21:03:34.534]: (-1.2, 1.9, 0.9) 0
[21:03:34.551]: (-1.4, 2.1, 1.1) 7
[21:03:34.567]: (-1.4, 2.1, 1.1) 7
[21:03:34.584]: (-1.2, 1.9, 0.9) 0
[21:03:34.602]: (-1.4, 2.1, 1.1) 7
[21:03:34.619]: (-1.4, 2.1, 1.1) 7
[21:03:34.635]: (-1.4, 2.1, 1.1) 7
[21:03:34.653]: (-1.4, 2.0, 1.1) 7
[21:03:34.669]: (-1.4, 2.0, 1.1) 7
[21:03:34.686]: (-1.2, 1.9, 0.9) 0
[21:03:34.703]: (-1.2, 1.9, 0.9) 0
[21:03:34.731]: (-1.2, 1.9, 0.9) 0
[21:03:34.747]: (-1.2, 1.9, 0.9) 0
[21:03:34.765]: (-1.4, 2.0, 1.1) 7
[21:03:34.784]: (-1.4, 2.0, 1.1) 7
[21:03:34.806]: (-1.2, 1.9, 0.9) 0
[21:03:34.826]: (-1.2, 1.9, 0.9) 0
[21:03:35.166]: (-0.8, 1.9, 0.4) 8
[21:03:37.185]: (-0.7, 1.6, 0.4) 5
[21:03:37.207]: (-0.7, 1.6, 0.3) 7
[21:03:37.229]: (-0.7, 1.6, 0.3) 7
[21:03:37.251]: (-0.7, 1.6, 0.3) 7
[21:03:37.280]: (-0.7, 1.6, 0.3) 7
[21:03:37.299]: (-0.7, 1.6, 0.3) 7
[21:03:37.317]: (-0.7, 1.6, 0.3) 7
[21:03:37.340]: (-0.7, 1.6, 0.4) 6
[21:03:37.362]: (-0.7, 1.6, 0.4) 6
[21:03:37.385]: (-0.7, 1.6, 0.4) 6
[21:03:37.406]: (-0.7, 1.6, 0.4) 6
[21:03:37.428]: (-0.7, 1.6, 0.4) 6
[21:03:37.451]: (-0.7, 1.6, 0.4) 6
[21:03:37.473]: (-0.7, 1.6, 0.4) 6
[21:03:37.501]: (-0.7, 1.6, 0.4) 6
[21:03:37.522]: (-0.7, 1.6, 0.4) 6
[21:03:37.545]: (-0.7, 1.6, 0.4) 6
[21:03:37.564]: (-0.7, 1.6, 0.4) 6
[21:03:37.584]: (-0.7, 1.6, 0.4) 6
[21:03:37.608]: (-0.7, 1.6, 0.4) 6
[21:03:37.628]: (-0.7, 1.6, 0.4) 6
[21:03:37.648]: (-0.7, 1.6, 0.4) 6
[21:03:37.666]: (-0.7, 1.6, 0.4) 6
[21:03:37.686]: (-0.7, 1.6, 0.4) 6
[21:03:37.712]: (-0.7, 1.6, 0.4) 6
[21:03:37.732]: (-0.7, 1.6, 0.4) 6
[21:03:37.756]: (-0.8, 1.6, 0.4) 6
[21:03:37.798]: (-0.8, 1.6, 0.4) 6
[21:03:37.817]: (-0.8, 1.6, 0.4) 6
[21:03:37.841]: (-0.8, 1.6, 0.4) 6
[21:03:37.859]: (-0.8, 1.6, 0.4) 6
[21:03:37.878]: (-0.8, 1.6, 0.4) 6
[21:03:37.897]: (-0.8, 1.6, 0.4) 6
[21:03:37.940]: (-0.8, 1.6, 0.4) 6
[21:03:37.960]: (-0.8, 1.6, 0.4) 6
[21:03:37.979]: (-0.8, 1.6, 0.4) 6
[21:03:38.000]: (-0.8, 1.6, 0.4) 6
[21:03:38.018]: (-0.8, 1.6, 0.4) 6
[21:03:38.038]: (-0.8, 1.6, 0.4) 6
[21:03:38.056]: (-0.7, 1.6, 0.4) 6
[21:03:38.074]: (-0.7, 1.6, 0.4) 6
[21:03:38.093]: (-0.7, 1.6, 0.4) 6
[21:03:38.112]: (-0.7, 1.6, 0.4) 6
[21:03:38.137]: (-0.7, 1.6, 0.4) 6
[21:03:38.154]: (-0.7, 1.6, 0.4) 6
[21:03:38.176]: (-0.7, 1.6, 0.4) 6
[21:03:38.195]: (-0.7, 1.6, 0.4) 6
[21:03:38.214]: (-0.7, 1.6, 0.4) 6
[21:03:38.234]: (-0.7, 1.6, 0.4) 6
[21:03:38.252]: (-0.7, 1.6, 0.4) 6
[21:03:38.271]: (-0.7, 1.6, 0.4) 6
[21:03:38.289]: (-0.7, 1.6, 0.4) 6
[21:03:38.308]: (-0.7, 1.6, 0.4) 6
[21:03:38.329]: (-0.7, 1.6, 0.4) 6
[21:03:38.355]: (-0.7, 1.6, 0.4) 6
[21:03:38.374]: (-0.7, 1.6, 0.4) 6
[21:03:38.396]: (-0.7, 1.6, 0.4) 7
[21:03:38.418]: (-0.7, 1.6, 0.4) 6
[21:03:38.441]: (-0.7, 1.6, 0.4) 7
[21:03:38.462]: (-0.7, 1.6, 0.4) 7
[21:03:38.484]: (-0.7, 1.6, 0.4) 7
[21:03:38.506]: (-0.7, 1.6, 0.4) 7
[21:03:38.529]: (-0.6, 1.6, 0.3) 7
[21:03:38.553]: (-0.6, 1.6, 0.3) 7
[21:03:38.578]: (-0.6, 1.6, 0.3) 7
[21:03:38.596]: (-0.6, 1.6, 0.3) 7
[21:03:38.617]: (-0.6, 1.6, 0.3) 7
[21:03:38.640]: (-0.6, 1.6, 0.4) 7
[21:03:38.662]: (-0.6, 1.6, 0.3) 7
[21:03:38.682]: (-0.6, 1.6, 0.3) 7
[21:03:38.700]: (-0.6, 1.6, 0.4) 7
[21:03:38.720]: (-0.6, 1.6, 0.3) 7
[21:03:38.740]: (-0.6, 1.6, 0.3) 7
[21:03:38.758]: (-0.7, 1.6, 0.3) 7
[21:03:38.782]: (-0.6, 1.6, 0.3) 7
[21:03:38.800]: (-0.6, 1.6, 0.3) 7
[21:03:38.819]: (-0.6, 1.6, 0.3) 7
[21:03:38.837]: (-0.6, 1.6, 0.4) 7
[21:03:40.029]: (-0.6, 1.9, 0.4) 8
[21:03:40.057]: (-0.6, 1.9, 0.4) 8
[21:03:40.077]: (-0.6, 1.9, 0.4) 8
[21:03:40.098]: (-0.6, 1.9, 0.4) 8
[21:03:40.123]: (-0.6, 1.9, 0.4) 8
[21:03:40.150]: (-0.6, 1.9, 0.4) 8
[21:03:40.216]: (-0.6, 1.9, 0.4) 8
[21:03:40.239]: (-0.6, 1.9, 0.3) 8
[21:03:40.268]: (-0.6, 1.9, 0.3) 8
[21:03:40.292]: (-0.6, 1.9, 0.3) 8
[21:03:40.318]: (-0.6, 1.9, 0.3) 8
[21:03:40.351]: (-0.6, 1.9, 0.3) 8
[21:03:40.385]: (-0.6, 1.9, 0.3) 8
[21:03:40.587]: (-0.6, 1.9, 0.2) 8
[21:03:40.617]: (-0.6, 1.9, 0.2) 8
[21:03:40.651]: (-0.6, 1.8, 0.2) 8
[21:03:40.689]: (-0.6, 1.9, 0.2) 8
[21:03:40.718]: (-0.6, 1.9, 0.2) 8
[21:03:40.752]: (-0.6, 1.8, 0.2) 8
[21:03:40.786]: (-0.5, 1.9, 0.3) 8
[21:03:41.770]: (-0.6, 1.8, 0.3) 8
[21:03:41.788]: (-0.6, 1.8, 0.3) 8
[21:03:41.809]: (-0.5, 1.9, 0.2) 8
[21:03:41.831]: (-0.6, 1.9, 0.2) 8
[21:03:41.853]: (-0.6, 1.8, 0.2) 8
[21:03:41.876]: (-0.6, 1.8, 0.3) 8
[21:03:41.898]: (-0.6, 1.8, 0.3) 8
[21:03:41.920]: (-0.6, 1.9, 0.3) 8
[21:03:41.970]: (-0.6, 1.8, 0.3) 8
[21:03:42.008]: (-0.7, 1.6, 0.2) 6
[21:03:42.033]: (-0.7, 1.6, 0.2) 6
[21:03:42.053]: (-0.7, 1.6, 0.2) 6
[21:03:42.075]: (-0.7, 1.6, 0.2) 6
[21:03:42.098]: (-0.7, 1.6, 0.2) 6
[21:03:42.120]: (-0.7, 1.6, 0.2) 6
[21:03:42.142]: (-0.7, 1.6, 0.2) 6
[21:03:42.171]: (-0.7, 1.6, 0.2) 6
[21:03:42.190]: (-0.7, 1.6, 0.2) 6
[21:03:42.208]: (-0.7, 1.6, 0.2) 6
[21:03:42.226]: (-0.7, 1.6, 0.2) 6
[21:03:42.245]: (-0.7, 1.6, 0.2) 6
[21:03:42.264]: (-0.7, 1.6, 0.2) 6
[21:03:42.282]: (-0.7, 1.6, 0.2) 6
[21:03:42.302]: (-0.7, 1.6, 0.2) 6
[21:03:42.321]: (-0.7, 1.6, 0.2) 6
[21:03:42.340]: (-0.7, 1.6, 0.2) 6
[21:03:42.357]: (-0.7, 1.6, 0.2) 6
[21:03:42.382]: (-0.7, 1.6, 0.2) 6
[21:03:42.403]: (-0.7, 1.6, 0.2) 6
[21:03:42.422]: (-0.7, 1.6, 0.2) 6
[21:03:42.442]: (-0.7, 1.6, 0.2) 6
[21:03:42.461]: (-0.7, 1.6, 0.2) 6
[21:03:42.480]: (-0.7, 1.6, 0.2) 6
[21:03:42.498]: (-0.7, 1.6, 0.2) 6
[21:03:42.517]: (-0.7, 1.6, 0.2) 6
[21:03:42.536]: (-0.7, 1.6, 0.2) 6
[21:03:42.553]: (-0.7, 1.6, 0.2) 6
[21:03:42.572]: (-0.7, 1.6, 0.2) 6
[21:03:42.595]: (-0.7, 1.6, 0.2) 6
[21:03:42.613]: (-0.7, 1.6, 0.2) 6
[21:03:42.634]: (-0.7, 1.6, 0.2) 6
[21:03:42.654]: (-0.7, 1.6, 0.2) 7
[21:03:42.673]: (-0.7, 1.6, 0.2) 7
[21:03:42.693]: (-0.7, 1.6, 0.2) 7
[21:03:42.712]: (-0.7, 1.6, 0.2) 6
[21:03:42.731]: (-0.7, 1.6, 0.2) 6
[21:03:42.750]: (-0.7, 1.6, 0.3) 6
[21:03:42.770]: (-0.7, 1.6, 0.2) 7
[21:03:42.789]: (-0.7, 1.6, 0.2) 7
[21:03:42.814]: (-0.7, 1.6, 0.2) 7
[21:03:42.832]: (-0.7, 1.5, 0.2) 7
[21:03:42.850]: (-0.7, 1.6, 0.2) 7
[21:03:42.869]: (-0.7, 1.5, 0.2) 7
[21:03:42.889]: (-0.7, 1.5, 0.2) 7
[21:03:42.907]: (-0.7, 1.5, 0.2) 7
[21:03:42.927]: (-0.7, 1.5, 0.2) 7
[21:03:42.950]: (-0.7, 1.6, 0.2) 7
[21:03:42.971]: (-0.6, 1.6, 0.2) 7
[21:03:42.996]: (-0.6, 1.6, 0.2) 7
[21:03:43.021]: (-0.6, 1.6, 0.2) 7
[21:03:43.040]: (-0.6, 1.6, 0.2) 5
[21:03:43.061]: (-0.6, 1.6, 0.2) 5
[21:03:43.082]: (-0.6, 1.6, 0.2) 5
[21:03:43.106]: (-0.6, 1.6, 0.2) 5
[21:03:43.129]: (-0.6, 1.6, 0.2) 5
[21:03:43.150]: (-0.6, 1.6, 0.2) 5
[21:03:43.171]: (-0.6, 1.6, 0.2) 5
[21:03:43.194]: (-0.6, 1.6, 0.2) 5
[21:03:43.216]: (-0.6, 1.6, 0.2) 5
[21:03:43.240]: (-0.6, 1.6, 0.2) 5
[21:03:43.260]: (-0.6, 1.6, 0.2) 5
[21:03:43.280]: (-0.6, 1.6, 0.2) 5
[21:03:43.297]: (-0.6, 1.6, 0.2) 5
[21:03:43.317]: (-0.6, 1.6, 0.2) 5
[21:03:43.335]: (-0.6, 1.6, 0.2) 5
[21:03:43.354]: (-0.6, 1.6, 0.2) 5
[21:03:43.374]: (-0.6, 1.6, 0.2) 5
[21:03:43.393]: (-0.6, 1.6, 0.2) 5
[21:03:43.411]: (-0.6, 1.6, 0.2) 5
[21:03:43.429]: (-0.6, 1.6, 0.2) 5
[21:03:43.453]: (-0.6, 1.6, 0.2) 5
[21:03:43.472]: (-0.6, 1.6, 0.2) 5
[21:03:43.489]: (-0.6, 1.6, 0.2) 5
[21:03:43.508]: (-0.6, 1.6, 0.2) 5
[21:03:43.527]: (-0.6, 1.6, 0.2) 5
[21:03:43.546]: (-0.6, 1.6, 0.2) 5
[21:03:43.566]: (-0.6, 1.6, 0.2) 5
[21:03:43.585]: (-0.6, 1.6, 0.2) 5
[21:03:43.602]: (-0.6, 1.6, 0.2) 5
[21:03:43.620]: (-0.6, 1.6, 0.2) 5
[21:03:46.149]: (-0.4, 1.7, 0.1) 5
[21:03:46.182]: (-0.5, 1.7, 0.1) 7
[21:03:46.219]: (-0.5, 1.7, 0.1) 7
[21:03:46.249]: (-0.5, 1.7, 0.1) 7
[21:03:46.282]: (-0.5, 1.7, 0.1) 5
[21:03:46.481]: (-0.5, 1.7, 0.1) 5
[21:03:46.515]: (-0.5, 1.7, 0.1) 5
[21:03:46.549]: (-0.5, 1.7, 0.1) 5
[21:03:46.615]: (-0.4, 1.9, 0.1) 8
[21:03:46.642]: (-0.4, 1.9, 0.1) 8
[21:03:46.703]: (-0.4, 1.9, 0.1) 8
[21:03:46.727]: (-0.4, 1.9, 0.1) 8
[21:03:46.747]: (-0.4, 1.9, 0.1) 8
[21:03:46.771]: (-0.4, 1.9, 0.1) 8
[21:03:46.792]: (-0.4, 1.9, 0.1) 8
[21:03:46.815]: (-0.4, 1.9, 0.1) 8
[21:03:46.842]: (-0.4, 1.9, 0.1) 8
[21:03:46.860]: (-0.4, 1.9, 0.1) 8
[21:03:46.882]: (-0.4, 1.9, 0.1) 8
[21:03:46.904]: (-0.4, 1.9, 0.1) 8
[21:03:46.926]: (-0.4, 1.9, 0.1) 8
[21:03:47.069]: (-0.6, 2.1, 0.0) 0
[21:03:47.092]: (-0.6, 2.0, 0.0) 0
[21:03:47.115]: (-0.6, 2.0, 0.0) 0
[21:03:47.139]: (-0.6, 2.0, 0.0) 0
[21:03:47.163]: (-0.6, 2.0, 0.0) 0
[21:03:47.187]: (-0.6, 2.0, 0.0) 1
[21:03:47.213]: (-0.6, 2.0, 0.0) 0
[21:03:47.236]: (-0.6, 2.0, 0.0) 1
[21:03:47.267]: (-0.6, 2.0, 0.0) 1
[21:03:47.291]: (-0.6, 2.0, 0.0) 1
[21:03:47.313]: (-0.6, 2.0, 0.0) 1
[21:03:47.337]: (-0.6, 2.0, 0.0) 1
[21:03:47.360]: (-0.6, 2.0, 0.0) 1
[21:03:47.382]: (-0.6, 2.0, 0.0) 1
[21:03:47.501]: (-0.6, 2.0, 0.1) 1
[21:03:47.526]: (-0.6, 2.0, 0.0) 1
[21:03:47.549]: (-0.6, 1.9, 0.1) 1
[21:03:47.573]: (-0.6, 1.9, 0.1) 1
[21:03:47.598]: (-0.5, 2.0, 0.1) 1
[21:03:47.623]: (-0.5, 2.0, 0.1) 2
[21:03:48.644]: (-0.4, 1.6, 0.2) 5
[21:03:51.971]: (-1.0, 2.4, 0.2) 1
[21:03:52.006]: (-1.0, 2.4, 0.2) 1
[21:03:52.038]: (-1.0, 2.3, 0.2) 1
[21:03:52.060]: (-1.0, 2.3, 0.2) 0
[21:03:52.079]: (-1.0, 2.3, 0.2) 1
[21:03:52.102]: (-1.0, 2.3, 0.2) 0
[21:03:52.124]: (-1.0, 2.3, 0.2) 1
[21:03:52.147]: (-1.0, 2.3, 0.2) 0
[21:03:52.169]: (-1.0, 2.4, 0.2) 1
[21:03:52.301]: (-0.9, 2.4, 0.2) 0
[21:03:52.325]: (-1.0, 2.4, 0.2) 0
[21:03:52.346]: (-1.0, 2.3, 0.2) 0
[21:03:52.368]: (-1.0, 2.4, 0.2) 0
[21:03:52.390]: (-1.0, 2.4, 0.2) 0
[21:03:52.420]: (-1.0, 2.4, 0.2) 1
[21:03:52.440]: (-1.0, 2.4, 0.2) 1
[21:03:52.463]: (-1.0, 2.4, 0.2) 1
[21:03:52.487]: (-1.0, 2.4, 0.2) 0
[21:03:52.512]: (-1.0, 2.4, 0.2) 1
[21:03:52.535]: (-1.0, 2.3, 0.2) 0
[21:03:52.559]: (-1.0, 2.3, 0.2) 0
[21:03:52.583]: (-1.0, 2.3, 0.2) 0
[21:03:52.609]: (-1.0, 2.3, 0.2) 0
[21:03:52.639]: (-1.0, 2.3, 0.2) 0
[21:03:52.663]: (-1.0, 2.4, 0.1) 1
[21:03:52.690]: (-1.0, 2.3, 0.1) 0
[21:03:52.715]: (-1.0, 2.3, 0.1) 0
[21:03:52.737]: (-0.9, 2.3, 0.1) 0
[21:03:52.762]: (-1.0, 2.3, 0.1) 0
[21:03:52.787]: (-0.9, 2.3, 0.1) 0
[21:03:52.810]: (-0.9, 2.3, 0.1) 0
[21:03:52.842]: (-0.9, 2.3, 0.2) 0
[21:03:52.870]: (-0.9, 2.3, 0.1) 0
[21:03:54.389]: (-0.9, 2.2, 0.1) 0
[21:03:54.527]: (-1.0, 2.3, 0.1) 1
[21:03:54.566]: (-1.0, 2.3, 0.1) 1
[21:03:54.588]: (-1.0, 2.3, 0.1) 1
[21:03:54.613]: (-1.0, 2.3, 0.1) 1
[21:03:54.682]: (-1.0, 2.3, 0.1) 1
[21:03:54.730]: (-1.0, 2.3, 0.1) 1
[21:03:54.770]: (-1.0, 2.3, 0.1) 1
[21:03:55.036]: (-1.0, 2.3, 0.1) 1
[21:03:55.059]: (-1.0, 2.3, 0.1) 1
[21:03:55.080]: (-1.0, 2.3, 0.1) 1
[21:03:55.102]: (-1.0, 2.3, 0.1) 1
[21:03:55.125]: (-1.0, 2.3, 0.1) 1
[21:03:55.152]: (-1.0, 2.3, 0.1) 1
[21:03:55.170]: (-1.0, 2.3, 0.1) 1
[21:03:55.189]: (-1.0, 2.3, 0.1) 1
[21:03:55.207]: (-1.0, 2.3, 0.1) 1
[21:03:55.226]: (-1.0, 2.3, 0.1) 1
[21:03:55.247]: (-1.0, 2.3, 0.1) 1
[21:03:55.268]: (-1.0, 2.3, 0.1) 1
[21:03:55.287]: (-1.0, 2.3, 0.1) 1
[21:03:55.306]: (-1.0, 2.3, 0.1) 1
[21:03:55.327]: (-1.0, 2.3, 0.1) 1
[21:03:55.351]: (-1.0, 2.3, 0.1) 1
[21:03:55.369]: (-1.0, 2.3, 0.1) 1
[21:03:55.388]: (-1.0, 2.3, 0.1) 1
[21:03:55.408]: (-1.0, 2.3, 0.1) 1
[21:03:55.427]: (-1.0, 2.3, 0.1) 1
[21:03:55.448]: (-1.0, 2.3, 0.1) 1
[21:03:55.467]: (-1.0, 2.3, 0.1) 1
[21:03:55.484]: (-1.0, 2.3, 0.1) 1
[21:03:55.505]: (-1.0, 2.3, 0.1) 1
[21:03:55.524]: (-1.0, 2.3, 0.1) 1
[21:03:55.542]: (-1.0, 2.3, 0.1) 1
[21:03:55.568]: (-1.0, 2.3, 0.1) 1
[21:03:55.585]: (-1.0, 2.3, 0.1) 1
[21:03:55.604]: (-1.0, 2.3, 0.1) 1
[21:03:55.625]: (-0.9, 2.3, 0.1) 0
[21:03:57.811]: (-0.9, 2.3, 0.1) 0
[21:03:57.833]: (-0.9, 2.3, 0.1) 0
[21:03:57.854]: (-0.9, 2.2, 0.1) 0
[21:03:57.921]: (-1.0, 2.2, 0.1) 0
[21:03:57.943]: (-1.0, 2.2, 0.1) 0
[21:03:57.969]: (-0.9, 2.2, 0.1) 0
[21:03:57.992]: (-0.9, 2.2, 0.1) 0
[21:03:58.013]: (-0.9, 2.2, 0.1) 0
[21:03:58.034]: (-0.9, 2.2, 0.1) 0
[21:03:58.054]: (-0.9, 2.2, 0.1) 0
[21:03:58.081]: (-0.9, 2.2, 0.1) 0
[21:03:58.103]: (-0.9, 2.2, 0.1) 0
[21:03:58.125]: (-0.9, 2.2, 0.1) 0
[21:03:58.148]: (-0.9, 2.2, 0.1) 0
[21:03:58.173]: (-0.9, 2.2, 0.1) 0
[21:03:58.195]: (-0.9, 2.2, 0.1) 0
[21:03:58.215]: (-0.9, 2.2, 0.1) 0
[21:03:58.240]: (-0.9, 2.2, 0.1) 0
[21:03:58.262]: (-0.9, 2.2, 0.1) 0
[21:03:58.291]: (-0.9, 2.2, 0.1) 0
[21:03:58.312]: (-0.9, 2.2, 0.1) 0
[21:03:58.332]: (-0.9, 2.2, 0.1) 0
[21:03:58.357]: (-0.9, 2.2, 0.1) 0
[21:03:58.380]: (-0.9, 2.2, 0.1) 0
[21:03:58.403]: (-0.9, 2.2, 0.1) 0
[21:03:58.427]: (-0.9, 2.2, 0.1) 0
[21:03:58.447]: (-0.9, 2.2, 0.1) 0
[21:03:58.474]: (-0.9, 2.2, 0.1) 0
[21:03:58.501]: (-0.9, 2.2, 0.1) 0
[21:03:58.519]: (-0.9, 2.2, 0.1) 0
[21:03:58.540]: (-0.9, 2.2, 0.1) 0
[21:03:58.559]: (-0.9, 2.2, 0.1) 0
[21:03:58.577]: (-0.9, 2.2, 0.1) 0
[21:03:58.595]: (-0.9, 2.2, 0.1) 0
[21:03:58.615]: (-0.9, 2.2, 0.1) 0
[21:03:58.634]: (-0.9, 2.2, 0.1) 0
[21:03:58.653]: (-0.9, 2.2, 0.1) 0
[21:03:58.671]: (-0.9, 2.2, 0.1) 0
[21:03:58.696]: (-0.9, 2.2, 0.1) 0
[21:03:58.714]: (-0.9, 2.2, 0.1) 0
[21:03:58.736]: (-0.9, 2.2, 0.1) 0
[21:03:58.756]: (-0.9, 2.3, 0.1) 0
[21:03:59.787]: (-1.0, 2.3, 0.1) 1
[21:03:59.809]: (-1.0, 2.3, 0.1) 1
[21:03:59.831]: (-1.0, 2.3, 0.1) 1
[21:03:59.854]: (-0.9, 2.3, 0.1) 1
[21:03:59.876]: (-1.0, 2.3, 0.1) 0
[21:03:59.948]: (-0.9, 2.2, 0.1) 0
[21:03:59.987]: (-1.0, 2.3, 0.0) 1
[21:04:00.010]: (-1.0, 2.3, 0.1) 1
[21:04:00.032]: (-1.0, 2.3, 0.1) 1
[21:04:00.055]: (-1.0, 2.3, 0.1) 1
[21:04:00.075]: (-1.0, 2.3, 0.1) 1
[21:04:00.099]: (-1.0, 2.3, 0.1) 1
[21:04:00.120]: (-1.0, 2.3, 0.1) 1
[21:04:00.142]: (-1.0, 2.3, 0.1) 1
[21:04:00.165]: (-1.0, 2.3, 0.1) 1
[21:04:00.201]: (-1.0, 2.3, 0.1) 1
[21:04:00.218]: (-1.0, 2.3, 0.1) 1
[21:04:00.356]: (-1.0, 2.3, 0.1) 1
[21:04:00.382]: (-1.0, 2.3, 0.1) 1
[21:04:00.402]: (-1.0, 2.3, 0.1) 1
[21:04:00.421]: (-1.0, 2.3, 0.1) 1
[21:04:00.442]: (-1.0, 2.3, 0.1) 1
[21:04:00.460]: (-1.0, 2.3, 0.1) 1
[21:04:00.479]: (-1.0, 2.3, 0.1) 1
[21:04:00.499]: (-1.0, 2.3, 0.1) 1
[21:04:00.519]: (-1.0, 2.3, 0.1) 1
[21:04:00.538]: (-1.0, 2.3, 0.1) 1
[21:04:00.557]: (-1.0, 2.3, 0.1) 1
[21:04:00.581]: (-1.0, 2.3, 0.1) 1
[21:04:00.598]: (-0.9, 2.3, 0.1) 1
[21:04:00.616]: (-0.9, 2.3, 0.1) 1
[21:04:00.634]: (-1.0, 2.3, 0.1) 1
[21:04:00.654]: (-1.0, 2.3, 0.1) 1
[21:04:00.672]: (-0.9, 2.3, 0.1) 1
[21:04:00.692]: (-0.9, 2.3, 0.1) 1
[21:04:00.709]: (-0.9, 2.3, 0.1) 1
[21:04:00.727]: (-0.9, 2.3, 0.1) 1
[21:04:00.747]: (-0.9, 2.3, 0.1) 1
[21:04:00.768]: (-0.9, 2.3, 0.1) 1
[21:04:00.792]: (-0.9, 2.3, 0.1) 1
[21:04:00.813]: (-0.9, 2.3, 0.1) 1
[21:04:00.832]: (-0.9, 2.3, 0.1) 1
[21:04:00.853]: (-0.9, 2.3, 0.1) 1
[21:04:00.876]: (-0.9, 2.4, 0.0) 1
[21:04:00.898]: (-0.9, 2.3, 0.1) 1
[21:04:00.921]: (-0.9, 2.3, 0.0) 1
[21:04:00.942]: (-0.9, 2.3, 0.1) 1
[21:04:00.965]: (-0.9, 2.3, 0.1) 1
[21:04:01.189]: (-0.7, 3.1, 0.2) 5
[21:04:01.213]: (-0.7, 3.1, 0.2) 5
[21:04:01.231]: (-0.7, 3.1, 0.2) 5
[21:04:01.251]: (-0.7, 3.1, 0.2) 5
[21:04:01.270]: (-0.7, 3.1, 0.2) 5
[21:04:01.290]: (-0.7, 3.1, 0.2) 5
[21:04:01.310]: (-0.7, 3.1, 0.2) 5
[21:04:01.328]: (-0.7, 3.1, 0.2) 5
[21:04:02.974]: (-0.4, 2.4, 0.4) 6
[21:04:03.506]: (-0.4, 2.4, 0.4) 6
[21:04:03.524]: (-0.3, 2.4, 0.4) 6
[21:04:03.544]: (-0.3, 2.4, 0.4) 6
[21:04:03.562]: (-0.3, 2.4, 0.4) 6
[21:04:03.585]: (-0.3, 2.4, 0.4) 6
[21:04:03.607]: (-0.3, 2.4, 0.4) 6
[21:04:03.630]: (-0.3, 2.4, 0.4) 6
[21:04:03.653]: (-0.3, 2.4, 0.4) 6
[21:04:03.675]: (-0.3, 2.4, 0.4) 6
[21:04:03.696]: (-0.3, 2.4, 0.4) 6
[21:04:03.725]: (-0.4, 2.4, 0.4) 6
[21:04:03.746]: (-0.3, 2.4, 0.4) 6
[21:04:03.765]: (-0.3, 2.4, 0.4) 6
[21:04:03.786]: (-0.4, 2.4, 0.4) 6
[21:04:03.807]: (-0.4, 2.4, 0.4) 6
[21:04:03.829]: (-0.4, 2.4, 0.4) 6
[21:04:03.853]: (-0.4, 2.4, 0.4) 6
[21:04:04.073]: (-0.4, 2.4, 0.4) 6
[21:04:04.093]: (-0.4, 2.4, 0.4) 6
[21:04:04.112]: (-0.4, 2.4, 0.4) 6
[21:04:04.137]: (-0.4, 2.4, 0.4) 6
[21:04:04.155]: (-0.4, 2.4, 0.4) 6
[21:04:04.208]: (-0.4, 2.4, 0.4) 6
[21:04:04.261]: (-0.4, 2.4, 0.4) 6
[21:04:04.279]: (-0.4, 2.4, 0.4) 6
[21:04:04.298]: (-0.4, 2.4, 0.4) 6
[21:04:04.317]: (-0.4, 2.4, 0.4) 6
[21:04:04.341]: (-0.4, 2.4, 0.4) 6
[21:04:04.361]: (-0.4, 2.4, 0.4) 6
[21:04:04.379]: (-0.4, 2.4, 0.4) 6
[21:04:04.397]: (-0.4, 2.4, 0.4) 6
[21:04:04.416]: (-0.4, 2.4, 0.4) 6
[21:04:04.435]: (-0.4, 2.4, 0.4) 6
[21:04:04.454]: (-0.4, 2.4, 0.4) 6
[21:04:04.472]: (-0.4, 2.4, 0.4) 6
[21:04:04.492]: (-0.4, 2.4, 0.4) 6
[21:04:04.512]: (-0.4, 2.4, 0.4) 6
[21:04:04.533]: (-0.4, 2.4, 0.4) 6
[21:04:09.705]: (1.7, 1.3, -1.7) 7
[21:04:11.938]: (-1.0, 2.5, 1.3) 0
[21:04:11.976]: (-1.0, 2.6, 1.3) 0
[21:04:12.238]: (-1.0, 2.6, 1.2) 0
[21:04:12.262]: (-1.1, 2.6, 1.2) 0
[21:04:12.283]: (-1.1, 2.6, 1.2) 0
[21:04:12.304]: (-1.1, 2.6, 1.2) 0
[21:04:12.329]: (-1.1, 2.6, 1.2) 0
[21:04:12.349]: (-1.1, 2.6, 1.2) 0
[21:04:13.224]: (-1.1, 2.6, 1.2) 0
[21:04:13.662]: (-1.4, 2.4, 0.9) 8
[21:04:16.013]: (-1.0, 2.6, 1.2) 0
[21:04:16.037]: (-1.0, 2.6, 1.2) 0
[21:04:16.058]: (-1.0, 2.6, 1.2) 0
[21:04:16.081]: (-1.0, 2.6, 1.2) 0
[21:04:16.103]: (-1.0, 2.6, 1.3) 2
[21:04:16.124]: (-1.0, 2.7, 1.3) 2
[21:04:16.148]: (-1.0, 2.7, 1.3) 2
[21:04:16.180]: (-1.0, 2.6, 1.3) 2
[21:04:16.203]: (-1.0, 2.7, 1.3) 2
[21:04:16.221]: (-1.0, 2.7, 1.3) 2
[21:04:16.246]: (-1.0, 2.7, 1.3) 2
[21:04:16.269]: (-1.0, 2.7, 1.3) 2
[21:04:16.288]: (-1.0, 2.7, 1.3) 1
[21:04:16.307]: (-1.0, 2.7, 1.3) 1
[21:04:16.325]: (-1.0, 2.7, 1.3) 2
[21:04:16.345]: (-1.0, 2.6, 1.3) 2
[21:04:16.366]: (-1.0, 2.6, 1.3) 2
[21:04:16.387]: (-1.0, 2.7, 1.3) 2
[21:04:16.406]: (-1.0, 2.6, 1.3) 2
[21:04:16.425]: (-1.0, 2.7, 1.3) 2
[21:04:16.444]: (-1.0, 2.7, 1.3) 2
[21:04:16.464]: (-1.0, 2.6, 1.3) 0
[21:04:16.559]: (-1.0, 2.7, 1.3) 2
[21:04:16.578]: (-1.0, 2.7, 1.3) 1
[21:04:16.602]: (-1.0, 2.7, 1.3) 1
[21:04:16.621]: (-1.0, 2.7, 1.3) 1
[21:04:16.640]: (-1.0, 2.7, 1.3) 1
[21:04:16.661]: (-1.0, 2.7, 1.3) 1
[21:04:16.681]: (-1.0, 2.7, 1.3) 1
[21:04:16.700]: (-1.0, 2.7, 1.3) 1
[21:04:16.719]: (-1.0, 2.7, 1.3) 1
[21:04:16.738]: (-1.0, 2.7, 1.3) 1
[21:04:16.758]: (-1.0, 2.7, 1.3) 2
[21:04:16.777]: (-1.0, 2.7, 1.3) 2
[21:04:16.796]: (-1.0, 2.7, 1.3) 2
[21:04:16.821]: (-1.0, 2.7, 1.3) 2
[21:04:16.839]: (-1.0, 2.7, 1.3) 2
[21:04:16.859]: (-1.0, 2.7, 1.3) 2
[21:04:16.877]: (-1.0, 2.7, 1.3) 2
[21:04:16.897]: (-1.0, 2.7, 1.3) 2
[21:04:16.917]: (-1.0, 2.7, 1.3) 2
[21:04:16.937]: (-1.0, 2.7, 1.3) 2
[21:04:16.957]: (-1.0, 2.7, 1.3) 2
[21:04:16.975]: (-1.0, 2.7, 1.3) 2
[21:04:16.995]: (-1.0, 2.7, 1.3) 2
[21:04:17.017]: (-1.0, 2.7, 1.3) 2
[21:04:17.041]: (-1.0, 2.7, 1.3) 2
[21:04:17.062]: (-1.0, 2.7, 1.3) 2
[21:04:17.082]: (-1.0, 2.7, 1.3) 2
[21:04:17.103]: (-1.0, 2.7, 1.3) 2
[21:04:17.121]: (-1.0, 2.7, 1.3) 2
[21:04:17.140]: (-1.0, 2.7, 1.3) 2
[21:04:17.158]: (-1.0, 2.7, 1.3) 2
[21:04:17.180]: (-1.0, 2.7, 1.3) 2
[21:04:17.203]: (-1.0, 2.6, 1.3) 2
[21:04:17.224]: (-1.0, 2.7, 1.3) 2
[21:04:17.251]: (-1.0, 2.7, 1.3) 2
[21:04:17.275]: (-1.0, 2.6, 1.3) 2
[21:04:17.295]: (-1.0, 2.6, 1.3) 2
[21:04:17.313]: (-1.0, 2.6, 1.3) 2
[21:04:17.336]: (-1.0, 2.7, 1.3) 2
[21:04:17.358]: (-1.0, 2.6, 1.3) 2
[21:04:17.381]: (-1.0, 2.7, 1.3) 2
[21:04:17.404]: (-1.0, 2.7, 1.3) 2
[21:04:17.425]: (-1.0, 2.7, 1.3) 2
[21:04:17.447]: (-1.0, 2.6, 1.3) 2
[21:04:17.473]: (-1.0, 2.6, 1.3) 2
[21:04:17.494]: (-1.0, 2.6, 1.3) 2
[21:04:17.515]: (-1.0, 2.6, 1.3) 2
[21:04:17.538]: (-1.0, 2.6, 1.3) 2
[21:04:17.558]: (-1.0, 2.7, 1.3) 2
[21:04:17.579]: (-1.0, 2.7, 1.3) 2
[21:04:17.598]: (-1.0, 2.7, 1.3) 2
[21:04:17.617]: (-1.0, 2.7, 1.3) 2
[21:04:17.639]: (-1.0, 2.7, 1.3) 2
[21:04:17.657]: (-1.0, 2.7, 1.3) 2
[21:04:17.680]: (-1.0, 2.6, 1.3) 2
[21:04:17.700]: (-1.0, 2.6, 1.3) 2
[21:04:17.720]: (-1.0, 2.6, 1.3) 2
[21:04:17.739]: (-1.0, 2.6, 1.3) 2
[21:04:17.757]: (-1.0, 2.6, 1.3) 2
[21:04:17.776]: (-1.0, 2.6, 1.3) 2
[21:04:17.795]: (-1.0, 2.6, 1.3) 2
[21:04:17.812]: (-1.0, 2.6, 1.2) 0
[21:04:17.830]: (-1.0, 2.6, 1.2) 0
[21:04:17.850]: (-1.0, 2.6, 1.2) 0
[21:04:17.870]: (-1.0, 2.6, 1.2) 0
[21:04:17.896]: (-1.0, 2.6, 1.2) 0
[21:04:17.915]: (-1.0, 2.6, 1.2) 0
[21:04:17.932]: (-1.0, 2.6, 1.2) 0
[21:04:17.954]: (-1.0, 2.6, 1.2) 0
[21:04:17.972]: (-1.0, 2.6, 1.2) 0
[21:04:17.990]: (-1.0, 2.6, 1.2) 0
[21:04:18.008]: (-1.0, 2.6, 1.2) 0
[21:04:18.029]: (-1.0, 2.6, 1.2) 0
[21:04:18.047]: (-1.0, 2.6, 1.2) 0
[21:04:18.064]: (-1.0, 2.6, 1.2) 0
[21:04:18.083]: (-1.0, 2.6, 1.2) 0
[21:04:18.106]: (-1.0, 2.6, 1.2) 0
[21:04:18.126]: (-1.0, 2.6, 1.2) 0
[21:04:18.147]: (-1.0, 2.6, 1.2) 0
[21:04:18.170]: (-1.0, 2.6, 1.2) 0
[21:04:18.191]: (-1.1, 2.6, 1.2) 0
[21:04:18.213]: (-1.0, 2.7, 1.3) 2
[21:04:23.301]: (-0.7, 2.1, 1.2) 5
[21:04:23.335]: (-0.7, 2.1, 1.2) 6
[21:04:23.367]: (-0.7, 2.1, 1.2) 5
[21:04:23.402]: (-0.7, 2.1, 1.2) 5
[21:04:23.789]: (-0.7, 2.1, 1.2) 5
[21:04:23.813]: (-0.8, 2.1, 1.2) 5
[21:04:23.833]: (-0.7, 2.1, 1.2) 5
[21:04:23.864]: (-0.7, 2.1, 1.2) 5
[21:04:23.886]: (-0.7, 2.1, 1.2) 5
[21:04:23.908]: (-0.7, 2.1, 1.2) 5
[21:04:23.933]: (-0.8, 2.0, 1.2) 5
[21:04:23.953]: (-0.8, 2.1, 1.2) 5
[21:04:23.971]: (-0.7, 2.0, 1.2) 5
[21:04:23.990]: (-0.8, 2.0, 1.2) 5
[21:04:24.010]: (-0.7, 2.0, 1.2) 5
[21:04:24.062]: (-0.7, 2.0, 1.2) 5
[21:04:24.085]: (-0.7, 2.1, 1.2) 5
[21:04:24.105]: (-0.8, 2.1, 1.2) 5
[21:04:24.126]: (-0.8, 2.1, 1.2) 5
[21:04:24.144]: (-0.8, 2.1, 1.2) 5
[21:04:24.170]: (-0.8, 2.1, 1.2) 5
[21:04:24.188]: (-0.7, 2.1, 1.2) 5
[21:04:24.211]: (-0.7, 2.1, 1.2) 5
[21:04:24.233]: (-0.7, 2.1, 1.2) 5
[21:04:24.255]: (-0.7, 2.1, 1.2) 5
[21:04:24.278]: (-0.7, 2.1, 1.2) 5
[21:04:24.305]: (-0.7, 2.1, 1.2) 5
[21:04:24.324]: (-0.7, 2.1, 1.2) 5
[21:04:24.344]: (-0.7, 2.1, 1.2) 5
[21:04:24.369]: (-0.7, 2.1, 1.2) 5
[21:04:24.389]: (-0.7, 2.1, 1.2) 5
[21:04:24.412]: (-0.7, 2.1, 1.2) 5
[21:04:24.436]: (-0.7, 2.1, 1.2) 5
[21:04:24.454]: (-0.7, 2.1, 1.2) 5
[21:04:24.477]: (-0.7, 2.1, 1.2) 5
[21:04:24.500]: (-0.7, 2.1, 1.2) 5
[21:04:24.527]: (-0.7, 2.1, 1.2) 6
[21:04:24.547]: (-0.7, 2.1, 1.2) 6
[21:04:24.566]: (-0.7, 2.1, 1.2) 6
[21:04:24.589]: (-0.7, 2.1, 1.2) 6
[21:04:24.611]: (-0.7, 2.1, 1.2) 6
[21:04:24.633]: (-0.7, 2.1, 1.2) 6
[21:04:24.656]: (-0.7, 2.1, 1.2) 6
[21:04:24.679]: (-0.7, 2.1, 1.2) 6
[21:04:24.699]: (-0.7, 2.1, 1.2) 5
[21:04:24.722]: (-0.7, 2.1, 1.2) 5
[21:04:24.748]: (-0.7, 2.1, 1.2) 5
[21:04:24.769]: (-0.7, 2.1, 1.2) 5
[21:04:24.789]: (-0.7, 2.1, 1.2) 5
[21:04:29.231]: (-0.6, 2.4, 1.0) 5
[21:04:29.253]: (-0.6, 2.4, 1.0) 5
[21:04:29.275]: (-0.5, 2.4, 1.0) 5
[21:04:29.298]: (-0.5, 2.4, 1.0) 5
[21:04:29.319]: (-0.5, 2.4, 1.0) 5
[21:04:29.343]: (-0.5, 2.5, 1.0) 5
[21:04:29.369]: (-0.6, 2.4, 1.0) 5
[21:04:29.387]: (-0.6, 2.4, 1.0) 5
[21:04:29.409]: (-0.6, 2.4, 1.0) 5
[21:04:29.430]: (-0.6, 2.4, 1.0) 5
[21:04:29.453]: (-0.6, 2.4, 1.0) 5
[21:04:29.475]: (-0.6, 2.4, 1.0) 5
[21:04:29.497]: (-0.6, 2.4, 1.0) 5
[21:04:29.522]: (-0.6, 2.4, 1.0) 5
[21:04:29.591]: (-0.6, 2.4, 1.0) 5
[21:04:29.610]: (-0.6, 2.4, 1.0) 5
[21:04:29.630]: (-0.6, 2.4, 1.0) 5
[21:04:29.676]: (-0.6, 2.4, 1.0) 5
[21:04:29.699]: (-0.5, 2.4, 1.0) 5
[21:04:29.719]: (-0.5, 2.4, 1.0) 5
[21:04:29.742]: (-0.5, 2.4, 1.0) 5
[21:04:29.765]: (-0.5, 2.4, 1.0) 5
[21:04:29.794]: (-0.5, 2.4, 1.0) 5
[21:04:29.812]: (-0.5, 2.4, 1.0) 5
[21:04:29.834]: (-0.5, 2.4, 1.0) 5
[21:04:29.857]: (-0.5, 2.4, 1.0) 5
[21:04:29.879]: (-0.5, 2.4, 1.0) 5
[21:04:29.902]: (-0.5, 2.4, 1.0) 6
[21:04:29.925]: (-0.5, 2.4, 1.0) 6
[21:04:29.945]: (-0.5, 2.4, 1.0) 6
[21:04:30.430]: (-0.4, 2.5, 0.9) 7
[21:04:30.448]: (-0.5, 2.4, 0.9) 6
[21:04:30.469]: (-0.5, 2.4, 0.9) 6
[21:04:30.488]: (-0.5, 2.4, 0.9) 6
[21:04:30.507]: (-0.5, 2.4, 0.9) 6
[21:04:30.526]: (-0.5, 2.4, 0.9) 6
[21:04:30.545]: (-0.5, 2.4, 0.9) 6
[21:04:30.566]: (-0.5, 2.4, 0.9) 6
[21:04:30.583]: (-0.5, 2.4, 0.9) 6
[21:04:30.609]: (-0.5, 2.4, 0.9) 6
[21:04:30.629]: (-0.5, 2.4, 0.9) 6
[21:04:30.649]: (-0.5, 2.4, 0.9) 6
[21:04:30.670]: (-0.5, 2.4, 1.0) 6
[21:04:30.689]: (-0.5, 2.4, 1.0) 6
[21:04:30.706]: (-0.5, 2.4, 1.0) 6
[21:04:30.724]: (-0.5, 2.4, 1.0) 6
[21:04:30.745]: (-0.5, 2.4, 1.0) 6
[21:04:30.764]: (-0.5, 2.4, 1.0) 6
[21:04:30.783]: (-0.5, 2.4, 1.0) 6
[21:04:30.801]: (-0.5, 2.4, 1.0) 6
[21:04:30.824]: (-0.5, 2.4, 1.0) 6
[21:04:30.841]: (-0.5, 2.4, 1.0) 6
[21:04:30.862]: (-0.5, 2.4, 1.0) 6
[21:04:32.147]: (-0.6, 2.5, 1.0) 5
[21:04:32.176]: (-0.6, 2.5, 1.0) 5
[21:04:32.542]: (-0.5, 2.4, 1.0) 5
[21:04:40.399]: (-0.3, 2.1, 1.0) 7
[21:04:40.417]: (-0.3, 2.1, 1.0) 7
[21:04:40.574]: (-0.3, 2.0, 1.0) 5
[21:04:40.611]: (-0.3, 2.0, 1.0) 5
[21:04:40.629]: (-0.3, 2.0, 1.0) 5
[21:04:40.649]: (-0.3, 2.0, 1.0) 5
[21:04:40.815]: (-0.3, 1.9, 1.0) 5
[21:04:40.850]: (-0.3, 1.9, 1.0) 5
[21:04:40.886]: (-0.3, 1.9, 1.0) 5
[21:04:40.915]: (-0.3, 2.0, 1.0) 5
[21:04:40.949]: (-0.3, 2.0, 1.0) 5
[21:04:40.982]: (-0.3, 2.0, 1.0) 5
[21:04:41.015]: (-0.3, 2.0, 1.0) 5
[21:04:41.087]: (-0.3, 2.0, 1.0) 5
[21:04:41.115]: (-0.3, 2.0, 1.0) 5
[21:04:41.152]: (-0.3, 2.0, 1.0) 5
[21:04:41.182]: (-0.2, 1.9, 1.0) 5
[21:04:41.216]: (-0.2, 1.9, 1.0) 5
[21:04:41.252]: (-0.2, 1.9, 1.0) 5
[21:04:41.286]: (-0.2, 1.9, 1.0) 6
[21:04:41.314]: (-0.1, 1.9, 1.0) 6
[21:04:41.348]: (-0.1, 1.9, 1.0) 6
[21:04:41.382]: (-0.1, 2.0, 1.0) 6
[21:04:41.521]: (-0.2, 2.0, 1.0) 7
[21:04:41.539]: (-0.2, 2.0, 1.0) 7
[21:04:41.581]: (-0.2, 2.0, 1.0) 5
[21:04:41.603]: (-0.2, 2.0, 1.0) 5
[21:04:41.626]: (-0.2, 2.0, 1.0) 5
[21:04:41.648]: (-0.2, 2.0, 1.0) 5
[21:04:41.671]: (-0.2, 2.0, 1.0) 5
[21:04:41.692]: (-0.2, 2.0, 1.0) 5
[21:04:41.720]: (-0.2, 1.9, 1.0) 5
[21:04:41.738]: (-0.2, 1.9, 1.0) 5
[21:04:41.759]: (-0.2, 1.9, 1.0) 5
[21:04:41.782]: (-0.2, 1.9, 1.0) 5
[21:04:41.803]: (-0.2, 1.9, 1.0) 5
[21:04:41.826]: (-0.2, 1.9, 1.0) 5
[21:04:41.849]: (-0.2, 2.0, 1.0) 7
[21:04:44.314]: (-0.1, 2.0, 0.9) 5
[21:04:44.359]: (-0.1, 2.0, 0.9) 5
[21:04:44.382]: (-0.2, 2.0, 1.0) 5
[21:04:44.407]: (-0.1, 2.0, 1.0) 5
[21:04:44.433]: (-0.1, 2.0, 0.9) 5
[21:04:44.455]: (-0.1, 2.0, 0.9) 5
[21:04:44.484]: (-0.2, 2.0, 1.0) 5
[21:04:44.508]: (-0.2, 2.0, 1.0) 5
[21:04:44.533]: (-0.2, 1.9, 1.0) 5
[21:04:44.559]: (-0.2, 1.9, 1.0) 5
[21:04:44.666]: (-0.2, 1.9, 1.0) 5
[21:04:50.215]: (0.1, 1.9, 1.1) 7
[21:04:50.238]: (0.1, 1.9, 1.1) 7
[21:04:50.261]: (0.1, 1.9, 1.1) 7
[21:04:50.282]: (0.1, 1.9, 1.1) 7
[21:04:50.332]: (0.0, 1.9, 1.1) 5
[21:04:50.542]: (0.0, 1.9, 1.1) 5
[21:04:50.561]: (0.0, 1.8, 1.1) 5
[21:04:50.579]: (0.0, 1.9, 1.1) 5
[21:04:50.596]: (0.0, 1.9, 1.1) 5
[21:04:50.615]: (0.0, 1.9, 1.1) 5
[21:04:50.635]: (0.0, 1.9, 1.1) 5
[21:04:50.670]: (0.0, 1.9, 1.1) 5
[21:04:50.708]: (0.0, 1.9, 1.1) 5
[21:04:50.726]: (0.0, 1.9, 1.1) 5
[21:04:50.749]: (0.0, 1.9, 1.1) 5
[21:04:50.768]: (0.0, 1.9, 1.1) 5
[21:04:50.786]: (0.0, 1.8, 1.1) 5
[21:04:50.804]: (0.0, 1.8, 1.1) 5
[21:04:50.825]: (0.0, 1.8, 1.1) 5
[21:04:50.842]: (0.0, 1.8, 1.1) 5
[21:04:50.860]: (0.0, 1.8, 1.1) 5
[21:04:50.879]: (0.0, 1.8, 1.1) 5
[21:04:50.899]: (0.0, 1.8, 1.1) 5
[21:04:50.918]: (0.0, 1.8, 1.2) 6
[21:04:57.211]: (-0.1, 2.0, 1.0) 7
[21:04:59.314]: (-0.3, 2.4, 0.9) 6
[21:04:59.950]: (-1.1, 2.8, 0.6) 1
[21:04:59.974]: (-1.1, 2.8, 0.7) 1
[21:04:59.996]: (-1.2, 2.8, 0.7) 1
[21:05:00.019]: (-1.2, 2.8, 0.7) 1
[21:05:00.042]: (-1.2, 2.8, 0.7) 1
[21:05:00.062]: (-1.2, 2.8, 0.7) 1
[21:05:00.084]: (-1.2, 2.8, 0.7) 1
[21:05:00.846]: (-1.4, 2.9, 0.6) 0
[21:05:00.865]: (-1.4, 2.8, 0.6) 0
[21:05:00.885]: (-1.4, 2.8, 0.6) 0
[21:05:00.905]: (-1.4, 2.8, 0.6) 0
[21:05:00.924]: (-1.4, 2.8, 0.6) 0
[21:05:01.118]: (-1.4, 2.8, 0.6) 0
[21:05:02.139]: (-0.7, 3.2, 0.7) 3
[21:05:02.162]: (-0.7, 3.2, 0.7) 3
[21:05:02.184]: (-0.7, 3.2, 0.7) 3
[21:05:02.206]: (-0.7, 3.2, 0.7) 3
[21:05:02.228]: (-0.7, 3.2, 0.7) 3
[21:05:02.247]: (-0.7, 3.2, 0.7) 3
[21:05:02.272]: (-0.7, 3.2, 0.7) 3
[21:05:02.293]: (-0.7, 3.2, 0.7) 3
[21:05:02.312]: (-0.7, 3.2, 0.7) 3
[21:05:02.331]: (-0.7, 3.2, 0.7) 3
[21:05:02.352]: (-0.7, 3.2, 0.7) 3
[21:05:02.372]: (-0.7, 3.2, 0.7) 3
[21:05:02.391]: (-0.7, 3.2, 0.7) 3
[21:05:02.408]: (-0.8, 3.2, 0.7) 3
[21:05:02.428]: (-0.7, 3.2, 0.7) 3
[21:05:02.449]: (-0.7, 3.2, 0.7) 3
[21:05:02.472]: (-0.8, 3.3, 0.7) 3
[21:05:02.492]: (-0.7, 3.3, 0.7) 3
[21:05:02.509]: (-0.7, 3.3, 0.7) 3
[21:05:02.528]: (-0.7, 3.3, 0.7) 3
[21:05:02.548]: (-0.7, 3.3, 0.7) 3
[21:05:02.567]: (-0.7, 3.3, 0.7) 3
[21:05:02.586]: (-0.7, 3.4, 0.7) 4
[21:05:02.624]: (-0.7, 3.3, 0.7) 3
[21:05:02.642]: (-0.7, 3.3, 0.7) 3
[21:05:02.659]: (-0.7, 3.3, 0.6) 3
[21:05:07.859]: (-1.1, 2.8, 0.7) 1
[21:05:08.193]: (-1.4, 2.9, 0.6) 0
[21:05:08.507]: (-1.4, 2.8, 0.6) 0
[21:05:08.529]: (-1.4, 2.8, 0.6) 0
[21:05:08.556]: (-1.5, 2.8, 0.6) 0
[21:05:08.577]: (-1.4, 2.8, 0.6) 0
[21:05:08.597]: (-1.5, 2.8, 0.6) 0
[21:05:14.821]: (-0.7, 3.2, 0.7) 3
[21:05:14.839]: (-0.7, 3.2, 0.7) 3
[21:05:15.102]: (-0.7, 3.2, 0.7) 3
[21:05:15.123]: (-0.7, 3.2, 0.7) 3
[21:05:15.146]: (-0.7, 3.2, 0.7) 3
[21:05:15.169]: (-0.7, 3.2, 0.7) 3
[21:05:15.565]: (-0.8, 3.2, 0.6) 3
[21:05:15.585]: (-0.7, 3.2, 0.6) 3
[21:05:15.604]: (-0.8, 3.2, 0.6) 3
[21:05:15.622]: (-0.8, 3.2, 0.6) 3
[21:05:15.643]: (-0.8, 3.2, 0.6) 3
[21:05:15.801]: (-1.4, 2.8, 0.6) 0
[21:05:48.358]: (-0.3, 2.3, 0.9) 6
[21:05:48.375]: (-0.3, 2.3, 0.9) 6
[21:05:49.724]: (-0.3, 2.3, 0.9) 6
[21:06:01.441]: (-0.2, 2.3, 1.1) 7
[21:06:01.590]: (-0.3, 2.3, 0.9) 6
[21:06:01.609]: (-0.3, 2.3, 0.9) 6
[21:06:01.628]: (-0.3, 2.4, 0.9) 6
[21:06:01.650]: (-0.3, 2.3, 0.9) 6
[21:06:01.673]: (-0.3, 2.3, 0.9) 6
[21:06:01.702]: (-0.3, 2.3, 0.9) 6
[21:06:01.721]: (-0.3, 2.3, 0.9) 6
[21:06:01.742]: (-0.3, 2.3, 0.9) 6
[21:06:01.761]: (-0.3, 2.3, 0.9) 6
[21:06:01.783]: (-0.3, 2.3, 0.9) 6
[21:06:01.806]: (-0.3, 2.3, 0.9) 6
[21:06:01.827]: (-0.3, 2.3, 0.9) 6
[21:06:01.849]: (-0.3, 2.3, 0.9) 6
[21:06:01.872]: (-0.3, 2.3, 0.9) 6
[21:06:01.894]: (-0.3, 2.3, 0.9) 6
[21:06:01.922]: (-0.3, 2.3, 0.9) 6
[21:06:01.944]: (-0.3, 2.3, 0.9) 6
[21:06:01.963]: (-0.3, 2.3, 0.9) 6
[21:06:01.982]: (-0.3, 2.3, 0.9) 6
[21:06:02.005]: (-0.3, 2.3, 0.9) 6
[21:06:02.026]: (-0.3, 2.3, 0.9) 6
[21:06:02.043]: (-0.3, 2.3, 0.9) 6
[21:06:02.062]: (-0.3, 2.3, 0.9) 6
[21:06:02.081]: (-0.3, 2.3, 0.9) 6
[21:06:02.099]: (-0.3, 2.3, 0.9) 6
[21:06:02.124]: (-0.3, 2.3, 0.9) 6
[21:06:02.144]: (-0.3, 2.3, 0.9) 6
[21:06:02.163]: (-0.3, 2.3, 0.9) 6
[21:06:02.182]: (-0.3, 2.3, 0.9) 6
[21:06:02.202]: (-0.3, 2.3, 0.9) 6
[21:06:02.219]: (-0.3, 2.3, 0.9) 6
[21:06:02.238]: (-0.3, 2.3, 0.9) 6
[21:06:02.257]: (-0.3, 2.3, 0.9) 6
[21:06:02.276]: (-0.3, 2.3, 0.9) 6
[21:06:02.294]: (-0.3, 2.3, 0.9) 6
[21:06:02.313]: (-0.3, 2.3, 0.9) 6
[21:06:02.336]: (-0.3, 2.3, 0.9) 6
[21:06:02.354]: (-0.3, 2.3, 0.9) 6
[21:06:02.372]: (-0.3, 2.3, 0.9) 6
[21:06:02.392]: (-0.3, 2.3, 0.9) 6
[21:06:02.411]: (-0.3, 2.3, 0.9) 6
[21:06:02.429]: (-0.3, 2.3, 0.9) 6
[21:06:02.450]: (-0.3, 2.3, 0.9) 6
[21:06:02.468]: (-0.3, 2.3, 0.9) 6
[21:06:02.491]: (-0.3, 2.3, 0.9) 6
[21:06:02.736]: (-0.3, 2.4, 0.9) 6
[21:06:02.765]: (-0.3, 2.4, 0.9) 6
[21:06:02.787]: (-0.3, 2.4, 0.9) 6
[21:06:02.809]: (-0.3, 2.4, 0.9) 6
[21:06:02.843]: (-0.3, 2.4, 0.9) 6
[21:06:02.873]: (-0.3, 2.4, 0.9) 6
[21:06:02.909]: (-0.3, 2.3, 0.9) 6
