[21:13:12.266]: (-0.7, -1.2, 2.0) 4
[21:13:12.348]: (-0.7, -1.2, 2.0) 4
[21:13:12.787]: (-0.7, -1.2, 2.0) 4
[21:13:12.811]: (-0.7, -1.2, 2.0) 4
[21:13:12.833]: (-0.7, -1.3, 2.0) 4
[21:13:12.855]: (-0.7, -1.2, 2.0) 4
[21:13:12.877]: (-0.7, -1.2, 2.0) 4
[21:13:12.899]: (-0.8, -1.2, 2.0) 4
[21:13:13.056]: (-0.7, -1.2, 2.0) 4
[21:13:19.551]: (-0.6, -1.3, 2.0) 5
[21:13:21.235]: (-0.7, -1.2, 2.0) 4
[21:13:26.215]: (-0.7, -1.2, 2.0) 4
[21:13:26.238]: (-0.7, -1.2, 2.0) 4
[21:13:33.035]: (-1.1, 0.6, 2.2) 2
[21:13:33.733]: (-0.7, 2.1, 2.7) 4
[21:13:33.777]: (-0.9, 1.9, 2.7) 5
[21:13:36.223]: (-0.9, 2.3, 1.2) 1
[21:13:36.256]: (-0.9, 2.3, 1.3) 1
[21:13:36.290]: (-0.9, 2.3, 1.3) 1
[21:13:36.324]: (-1.0, 2.3, 1.3) 1
[21:13:36.489]: (-0.9, 2.3, 1.3) 1
[21:13:36.512]: (-0.9, 2.2, 1.3) 1
[21:13:36.534]: (-0.9, 2.3, 1.3) 1
[21:13:36.556]: (-0.9, 2.3, 1.3) 1
[21:13:36.577]: (-0.9, 2.3, 1.3) 1
[21:13:36.600]: (-0.9, 2.3, 1.2) 1
[21:13:36.622]: (-0.9, 2.3, 1.3) 1
[21:13:36.645]: (-0.9, 2.3, 1.3) 1
[21:13:36.667]: (-0.9, 2.3, 1.3) 1
[21:13:36.689]: (-0.9, 2.3, 1.3) 1
[21:13:36.711]: (-0.9, 2.3, 1.3) 1
[21:13:36.734]: (-0.9, 2.3, 1.3) 1
[21:13:36.755]: (-0.9, 2.3, 1.3) 1
[21:13:36.778]: (-0.9, 2.3, 1.3) 1
[21:13:38.153]: (-1.0, 2.6, 1.3) 0
[21:13:40.014]: (-1.4, 2.3, 1.1) 0
[21:13:40.036]: (-1.4, 2.3, 1.1) 0
[21:13:40.059]: (-1.4, 2.4, 1.1) 0
[21:13:40.080]: (-1.4, 2.3, 1.1) 0
[21:13:40.103]: (-1.4, 2.4, 1.1) 0
[21:13:40.125]: (-1.4, 2.4, 1.1) 0
[21:13:40.149]: (-1.4, 2.4, 1.1) 0
[21:13:40.169]: (-1.4, 2.4, 1.1) 0
[21:13:40.187]: (-1.4, 2.4, 1.1) 0
[21:13:40.204]: (-1.3, 2.4, 1.1) 0
[21:13:40.221]: (-1.4, 2.3, 1.2) 0
[21:13:40.238]: (-1.4, 2.3, 1.1) 0
[21:13:40.256]: (-1.4, 2.3, 1.1) 0
[21:13:40.273]: (-1.4, 2.3, 1.1) 0
[21:13:40.289]: (-1.4, 2.3, 1.1) 0
[21:13:40.536]: (-1.4, 2.4, 1.1) 0
[21:13:40.569]: (-1.5, 2.7, 1.1) 6
[21:13:40.588]: (-1.5, 2.8, 1.2) 8
[21:13:40.609]: (-1.4, 2.7, 1.1) 7
[21:13:40.634]: (-1.4, 2.7, 1.1) 7
[21:13:40.653]: (-1.4, 2.7, 1.1) 7
[21:13:40.677]: (-1.4, 2.6, 1.2) 7
[21:13:40.900]: (-1.4, 2.6, 1.2) 7
[21:13:41.096]: (-1.3, 2.4, 1.0) 0
[21:13:41.119]: (-1.3, 2.4, 1.0) 0
[21:13:41.141]: (-1.3, 2.4, 1.0) 0
[21:13:41.162]: (-1.3, 2.4, 1.0) 0
[21:13:41.206]: (-1.3, 2.4, 1.0) 0
[21:13:41.530]: (-1.3, 2.6, 1.0) 6
[21:13:44.507]: (-0.5, 2.2, 1.8) 3
[21:13:44.525]: (-0.5, 2.2, 1.8) 3
[21:13:44.545]: (-0.5, 2.2, 1.8) 3
[21:13:44.565]: (-0.5, 2.2, 1.8) 3
[21:13:44.585]: (-0.5, 2.2, 1.8) 3
[21:13:44.602]: (-0.5, 2.2, 1.8) 3
[21:13:44.642]: (-0.5, 2.2, 1.8) 3
[21:13:44.665]: (-0.5, 2.2, 1.8) 3
[21:13:44.688]: (-0.5, 2.2, 1.8) 3
[21:13:44.710]: (-0.5, 2.2, 1.8) 3
[21:13:44.733]: (-0.5, 2.1, 1.9) 3
[21:13:45.065]: (-0.5, 2.1, 1.7) 2
[21:13:45.083]: (-0.5, 2.1, 1.7) 2
[21:13:45.099]: (-0.5, 2.2, 1.9) 3
[21:13:45.131]: (-0.5, 2.1, 1.7) 2
[21:13:45.146]: (-0.5, 2.1, 1.7) 2
[21:13:45.164]: (-0.5, 2.1, 1.7) 2
[21:13:45.180]: (-0.5, 2.1, 1.7) 2
[21:13:45.197]: (-0.5, 2.1, 1.7) 2
[21:13:45.213]: (-0.5, 2.1, 1.7) 2
[21:13:45.230]: (-0.5, 2.1, 1.7) 2
[21:13:45.246]: (-0.5, 2.1, 1.7) 2
[21:13:45.263]: (-0.5, 2.1, 1.7) 2
[21:13:45.280]: (-0.4, 2.1, 1.7) 2
[21:13:45.297]: (-0.4, 2.1, 1.7) 2
[21:13:45.314]: (-0.4, 2.1, 1.7) 2
[21:13:45.331]: (-0.4, 2.1, 1.7) 2
[21:13:45.352]: (-0.4, 2.1, 1.7) 2
[21:13:45.376]: (-0.5, 2.1, 1.7) 2
[21:13:45.420]: (-0.5, 2.1, 1.7) 2
[21:13:45.442]: (-0.5, 2.1, 1.7) 2
[21:13:45.463]: (-0.5, 2.1, 1.7) 2
[21:13:45.486]: (-0.5, 2.1, 1.7) 2
[21:13:45.509]: (-0.5, 2.1, 1.7) 2
[21:13:45.530]: (-0.5, 2.1, 1.7) 2
[21:13:45.666]: (-0.5, 2.2, 1.9) 3
[21:13:45.687]: (-0.6, 2.2, 1.9) 3
[21:13:45.709]: (-0.6, 2.2, 1.8) 3
[21:13:45.730]: (-0.6, 2.2, 1.8) 3
[21:13:45.750]: (-0.6, 2.2, 1.8) 3
[21:13:45.767]: (-0.6, 2.2, 1.9) 3
[21:13:46.016]: (-0.8, 2.6, 2.1) 5
[21:13:46.034]: (-0.8, 2.6, 2.1) 5
[21:13:49.559]: (-1.1, 1.9, 1.0) 1
[21:13:49.729]: (-0.5, 2.1, 1.9) 3
[21:13:49.843]: (-0.6, 2.1, 1.9) 3
[21:13:50.822]: (-0.9, 2.0, 0.8) 1
