[21:10:33.610]: (-2.0, -1.2, 0.0) 5
[21:10:33.645]: (-1.8, -1.1, -0.1) 4
[21:10:34.234]: (-1.3, -0.9, 0.1) 6
[21:10:34.927]: (-1.8, 0.3, 0.6) 8
[21:10:34.949]: (-1.8, 0.4, 0.7) 8
[21:10:34.971]: (-1.7, 0.4, 0.7) 8
[21:10:34.993]: (-1.8, 0.5, 0.8) 8
[21:10:35.014]: (-1.9, 0.5, 0.9) 6
[21:10:35.035]: (-1.9, 0.5, 1.0) 6
[21:10:35.059]: (-1.9, 0.6, 1.0) 6
[21:10:35.081]: (-1.9, 0.7, 1.1) 6
[21:10:35.126]: (-1.9, 0.7, 1.2) 6
[21:10:35.276]: (-1.7, 1.1, 1.3) 7
[21:10:35.306]: (-1.6, 1.1, 1.3) 7
[21:10:35.331]: (-1.6, 1.2, 1.3) 7
[21:10:35.386]: (-1.7, 1.2, 1.5) 6
[21:10:35.613]: (-1.4, 1.6, 1.5) 7
[21:10:35.680]: (-1.3, 1.7, 1.5) 7
[21:10:35.704]: (-1.3, 1.7, 1.5) 7
[21:10:35.726]: (-1.3, 1.7, 1.5) 7
[21:10:35.748]: (-1.2, 1.7, 1.5) 7
[21:10:35.771]: (-1.2, 1.7, 1.5) 7
[21:10:35.795]: (-1.2, 1.7, 1.5) 7
[21:10:35.818]: (-1.2, 1.7, 1.5) 7
[21:10:35.841]: (-1.2, 1.8, 1.5) 7
[21:10:35.863]: (-1.2, 1.8, 1.5) 7
[21:10:35.886]: (-1.2, 1.8, 1.5) 7
[21:10:35.908]: (-1.2, 1.8, 1.5) 7
[21:10:35.939]: (-1.2, 1.8, 1.5) 7
[21:10:35.965]: (-1.2, 1.8, 1.5) 7
[21:10:35.988]: (-1.2, 1.8, 1.5) 7
[21:10:36.006]: (-1.2, 1.8, 1.5) 7
[21:10:36.021]: (-1.2, 1.8, 1.5) 7
[21:10:36.039]: (-1.2, 1.8, 1.5) 7
[21:10:36.057]: (-1.2, 1.8, 1.5) 7
[21:10:36.076]: (-1.2, 1.8, 1.4) 7
[21:10:36.096]: (-1.2, 1.8, 1.5) 7
[21:10:36.130]: (-1.2, 1.8, 1.5) 7
[21:10:36.162]: (-1.2, 1.8, 1.5) 7
[21:10:36.197]: (-1.2, 1.8, 1.5) 7
[21:10:36.230]: (-1.2, 1.8, 1.5) 7
[21:10:36.264]: (-1.2, 1.8, 1.5) 7
[21:10:36.297]: (-1.2, 1.7, 1.5) 7
[21:10:36.328]: (-1.2, 1.8, 1.5) 7
[21:10:36.362]: (-1.2, 1.8, 1.5) 7
[21:10:36.395]: (-1.2, 1.8, 1.5) 7
[21:10:36.430]: (-1.2, 1.8, 1.4) 7
[21:10:36.462]: (-1.2, 1.8, 1.5) 7
[21:10:36.495]: (-1.2, 1.8, 1.5) 7
[21:10:36.530]: (-1.2, 1.8, 1.5) 7
[21:10:36.563]: (-1.2, 1.8, 1.5) 7
[21:10:36.600]: (-1.2, 1.8, 1.5) 7
[21:10:36.629]: (-1.3, 1.8, 1.5) 7
[21:10:41.150]: (-1.2, 1.8, 1.4) 7
[21:10:41.238]: (-1.2, 1.7, 1.4) 8
[21:10:41.348]: (-1.3, 1.6, 1.4) 8
[21:10:41.371]: (-1.3, 1.6, 1.5) 8
[21:10:41.393]: (-1.3, 1.6, 1.4) 8
[21:10:41.415]: (-1.2, 1.6, 1.4) 8
[21:10:41.438]: (-1.2, 1.6, 1.4) 8
[21:10:41.459]: (-1.2, 1.7, 1.5) 8
[21:10:41.481]: (-1.2, 1.7, 1.5) 8
[21:10:41.526]: (-1.4, 1.7, 1.5) 6
[21:10:41.547]: (-1.3, 1.7, 1.4) 8
[21:10:41.572]: (-1.3, 1.7, 1.4) 8
[21:10:41.590]: (-1.3, 1.7, 1.4) 8
[21:10:41.607]: (-1.3, 1.7, 1.4) 8
[21:10:41.624]: (-1.4, 1.7, 1.5) 6
[21:10:41.641]: (-1.4, 1.7, 1.5) 6
[21:10:41.658]: (-1.4, 1.7, 1.5) 6
[21:10:41.675]: (-1.4, 1.7, 1.5) 6
[21:10:41.693]: (-1.3, 1.7, 1.4) 8
[21:10:41.710]: (-1.3, 1.7, 1.4) 8
[21:10:41.727]: (-1.3, 1.7, 1.4) 8
[21:10:41.934]: (-0.6, 2.8, 1.8) 5
[21:10:41.952]: (-0.6, 2.8, 1.8) 5
[21:10:41.983]: (-0.6, 2.8, 1.8) 5
[21:10:42.016]: (-0.6, 2.8, 1.8) 5
[21:10:42.082]: (-0.6, 2.8, 1.8) 5
[21:10:43.505]: (-0.9, 1.6, 1.1) 0
[21:10:43.697]: (-1.2, 1.7, 1.5) 8
[21:10:43.714]: (-1.2, 1.7, 1.5) 8
[21:10:43.731]: (-1.2, 1.7, 1.4) 8
[21:10:43.749]: (-1.2, 1.7, 1.5) 8
[21:10:43.766]: (-1.2, 1.7, 1.5) 8
[21:10:43.786]: (-1.2, 1.7, 1.4) 8
[21:10:43.804]: (-1.2, 1.7, 1.5) 8
[21:10:43.959]: (-1.3, 1.7, 1.4) 8
[21:10:43.981]: (-1.3, 1.7, 1.4) 8
[21:10:44.004]: (-1.3, 1.7, 1.4) 8
[21:10:44.026]: (-1.3, 1.7, 1.4) 8
[21:10:44.048]: (-1.3, 1.7, 1.4) 8
[21:10:44.070]: (-1.3, 1.7, 1.4) 8
[21:10:44.098]: (-1.4, 1.8, 1.5) 6
[21:10:44.117]: (-1.4, 1.8, 1.5) 6
[21:10:44.135]: (-1.4, 1.8, 1.5) 6
[21:10:44.158]: (-1.4, 1.8, 1.5) 6
[21:10:44.185]: (-1.4, 1.8, 1.5) 6
[21:10:44.263]: (-1.4, 1.8, 1.5) 6
[21:10:44.553]: (-1.4, 1.8, 1.5) 6
[21:10:44.573]: (-1.4, 1.8, 1.5) 6
[21:10:44.592]: (-1.4, 1.8, 1.5) 6
[21:10:44.859]: (-1.4, 1.8, 1.5) 6
[21:10:45.344]: (-1.4, 1.8, 1.5) 6
[21:10:45.367]: (-1.3, 1.7, 1.4) 8
[21:10:45.392]: (-1.3, 1.7, 1.4) 8
[21:10:45.413]: (-1.3, 1.7, 1.4) 8
[21:10:45.434]: (-1.3, 1.7, 1.4) 8
[21:10:45.599]: (-1.3, 2.1, 1.4) 6
[21:10:45.622]: (-1.3, 2.1, 1.4) 6
[21:10:45.729]: (-1.2, 2.1, 1.3) 7
[21:10:45.752]: (-1.2, 2.1, 1.3) 7
[21:10:45.777]: (-1.2, 2.2, 1.2) 7
[21:10:45.799]: (-1.2, 2.2, 1.2) 7
[21:10:45.823]: (-1.2, 2.1, 1.2) 7
[21:10:45.844]: (-1.2, 2.2, 1.2) 7
[21:10:45.864]: (-1.2, 2.2, 1.2) 7
[21:10:45.886]: (-1.2, 2.2, 1.2) 7
[21:10:45.911]: (-1.2, 2.2, 1.2) 7
[21:10:46.247]: (-1.2, 2.2, 1.2) 7
[21:10:46.271]: (-1.2, 2.1, 1.2) 7
[21:10:46.294]: (-1.2, 2.2, 1.2) 7
[21:10:46.880]: (-0.6, 2.9, 1.4) 4
[21:10:46.903]: (-0.6, 2.9, 1.4) 4
[21:10:46.925]: (-0.6, 2.9, 1.3) 4
[21:10:46.950]: (-0.6, 2.9, 1.4) 4
[21:10:46.969]: (-0.6, 2.9, 1.4) 4
[21:10:46.992]: (-0.6, 2.9, 1.4) 4
[21:10:47.014]: (-0.6, 2.9, 1.4) 4
[21:10:47.036]: (-0.6, 2.9, 1.3) 4
[21:10:47.059]: (-0.6, 2.9, 1.3) 4
[21:10:47.081]: (-0.6, 2.9, 1.3) 4
[21:10:47.103]: (-0.6, 2.9, 1.3) 4
[21:10:47.124]: (-0.6, 2.9, 1.4) 4
[21:10:47.147]: (-0.6, 2.9, 1.4) 4
[21:10:47.168]: (-0.6, 2.9, 1.4) 4
[21:10:47.191]: (-0.6, 2.9, 1.4) 4
[21:10:47.216]: (-0.6, 2.9, 1.4) 4
[21:10:47.236]: (-0.6, 2.9, 1.4) 4
[21:10:47.259]: (-0.6, 2.9, 1.4) 4
[21:10:47.278]: (-0.5, 3.0, 1.4) 4
[21:10:47.296]: (-0.6, 2.9, 1.4) 4
[21:10:47.312]: (-0.6, 2.9, 1.4) 4
[21:10:47.330]: (-0.5, 3.0, 1.4) 4
[21:10:47.416]: (-0.5, 3.0, 1.5) 5
[21:10:47.435]: (-0.5, 3.0, 1.5) 5
[21:10:47.454]: (-0.5, 3.0, 1.5) 5
[21:10:47.472]: (-0.5, 3.0, 1.5) 5
[21:10:47.491]: (-0.5, 3.0, 1.5) 5
[21:10:47.509]: (-0.5, 3.0, 1.5) 5
[21:10:47.526]: (-0.5, 3.0, 1.5) 5
[21:10:47.562]: (-0.5, 3.0, 1.5) 5
[21:10:47.581]: (-0.5, 3.0, 1.5) 5
[21:10:47.600]: (-0.5, 3.0, 1.5) 5
[21:10:47.622]: (-0.5, 3.0, 1.4) 5
[21:10:47.643]: (-0.5, 3.0, 1.5) 5
[21:10:47.662]: (-0.5, 3.0, 1.5) 5
[21:10:47.682]: (-0.5, 3.0, 1.5) 5
[21:10:47.701]: (-0.5, 3.0, 1.5) 5
[21:10:47.720]: (-0.5, 3.0, 1.5) 5
[21:10:47.738]: (-0.5, 3.0, 1.5) 5
[21:10:47.756]: (-0.5, 3.0, 1.5) 5
[21:10:47.772]: (-0.5, 3.0, 1.5) 5
[21:10:47.791]: (-0.5, 3.0, 1.5) 5
[21:10:47.808]: (-0.5, 3.0, 1.5) 5
[21:10:47.827]: (-0.5, 3.0, 1.5) 5
[21:10:47.846]: (-0.5, 3.0, 1.5) 5
[21:10:47.869]: (-0.5, 3.0, 1.4) 5
[21:10:47.891]: (-0.5, 3.0, 1.4) 5
[21:10:47.963]: (-0.4, 2.7, 1.1) 2
[21:10:47.984]: (-0.4, 2.7, 1.2) 2
[21:10:48.006]: (-0.4, 2.6, 1.1) 2
[21:10:48.023]: (-0.4, 2.6, 1.1) 2
[21:10:48.045]: (-0.4, 2.6, 1.1) 2
[21:10:48.179]: (-0.4, 2.6, 1.2) 2
[21:10:48.260]: (-0.3, 2.6, 1.1) 2
[21:10:48.278]: (-0.3, 2.6, 1.1) 2
[21:10:48.296]: (-0.3, 2.6, 1.1) 2
[21:10:48.313]: (-0.3, 2.6, 1.1) 2
[21:10:48.330]: (-0.3, 2.8, 1.1) 3
[21:10:48.362]: (-0.3, 2.8, 1.1) 3
[21:10:48.378]: (-0.3, 2.8, 1.1) 3
[21:10:48.395]: (-0.3, 2.8, 1.1) 3
[21:10:48.413]: (-0.3, 2.8, 1.2) 3
[21:10:48.431]: (-0.3, 2.8, 1.2) 3
[21:10:48.479]: (-0.3, 2.8, 1.1) 3
[21:10:48.496]: (-0.3, 2.8, 1.1) 3
[21:10:48.514]: (-0.3, 2.8, 1.1) 3
[21:10:48.533]: (-0.3, 2.8, 1.1) 3
[21:10:48.551]: (-0.3, 2.8, 1.1) 3
[21:10:48.569]: (-0.3, 2.8, 1.1) 3
[21:10:48.585]: (-0.3, 2.8, 1.1) 3
[21:10:48.603]: (-0.3, 2.8, 1.1) 3
[21:10:48.621]: (-0.3, 2.8, 1.1) 3
[21:10:48.639]: (-0.3, 2.8, 1.1) 3
[21:10:48.658]: (-0.3, 2.8, 1.1) 3
[21:10:48.677]: (-0.3, 2.8, 1.1) 3
[21:10:48.695]: (-0.3, 2.8, 1.1) 3
[21:10:48.712]: (-0.3, 2.8, 1.1) 3
[21:10:48.735]: (-0.3, 2.8, 1.1) 3
[21:10:48.757]: (-0.3, 2.8, 1.1) 3
[21:10:48.778]: (-0.3, 2.8, 1.1) 3
[21:10:48.802]: (-0.3, 2.8, 1.1) 3
[21:10:48.935]: (-0.9, 1.9, 0.9) 0
[21:10:48.978]: (-0.9, 1.9, 0.9) 0
[21:10:49.002]: (-1.0, 1.9, 1.0) 0
[21:10:49.135]: (-1.0, 1.9, 0.9) 0
[21:10:49.157]: (-0.9, 1.9, 0.9) 0
[21:10:49.176]: (-0.9, 1.9, 0.9) 0
[21:10:49.193]: (-0.9, 1.9, 0.9) 0
[21:10:49.209]: (-0.9, 1.9, 0.9) 0
[21:10:49.226]: (-0.9, 1.9, 1.0) 0
[21:10:49.288]: (-0.9, 1.9, 1.0) 0
[21:10:49.305]: (-0.9, 1.9, 1.0) 0
[21:10:49.321]: (-0.9, 1.9, 0.9) 0
[21:10:49.337]: (-0.9, 1.9, 0.9) 0
[21:10:49.353]: (-0.9, 1.9, 0.9) 0
[21:10:49.370]: (-0.9, 1.9, 0.9) 0
[21:10:49.387]: (-0.9, 1.9, 0.9) 0
[21:10:49.405]: (-0.9, 1.9, 0.9) 0
[21:10:49.422]: (-0.9, 1.9, 1.0) 0
[21:10:49.440]: (-0.9, 1.9, 1.0) 0
[21:10:49.457]: (-0.9, 1.9, 0.9) 0
[21:10:49.476]: (-0.9, 1.9, 0.9) 0
[21:10:49.496]: (-0.9, 1.9, 0.9) 0
[21:10:49.513]: (-0.9, 1.9, 1.0) 0
[21:10:49.531]: (-0.9, 1.9, 1.0) 0
[21:10:49.547]: (-0.9, 1.9, 1.0) 0
[21:10:49.565]: (-0.9, 1.9, 1.0) 1
[21:10:49.583]: (-0.9, 1.9, 1.0) 1
[21:10:49.602]: (-0.9, 1.9, 1.0) 1
[21:10:49.621]: (-0.9, 1.9, 1.0) 1
[21:10:49.644]: (-0.9, 1.9, 1.0) 1
[21:10:49.661]: (-0.9, 1.9, 1.0) 1
[21:10:49.678]: (-0.9, 1.9, 1.0) 1
[21:10:49.701]: (-0.8, 1.9, 1.0) 1
[21:10:49.725]: (-0.8, 1.9, 1.0) 1
[21:10:49.745]: (-0.8, 1.9, 1.0) 1
[21:10:49.770]: (-0.9, 1.9, 1.0) 1
[21:10:49.792]: (-0.8, 1.9, 1.0) 1
[21:10:49.811]: (-0.9, 1.9, 1.0) 1
[21:10:49.835]: (-0.9, 1.9, 1.0) 1
[21:10:49.855]: (-0.9, 1.9, 1.0) 1
[21:10:49.879]: (-0.9, 1.9, 1.0) 1
[21:10:49.901]: (-0.9, 1.9, 1.0) 1
[21:10:49.922]: (-0.9, 1.9, 1.0) 1
[21:10:49.945]: (-0.9, 1.9, 1.0) 1
[21:10:49.968]: (-0.9, 1.9, 1.0) 1
[21:10:49.991]: (-0.9, 1.9, 1.0) 0
[21:10:50.011]: (-0.9, 1.9, 1.0) 0
[21:10:50.035]: (-0.9, 1.9, 0.9) 0
[21:10:50.056]: (-0.9, 1.9, 0.9) 0
[21:10:50.073]: (-0.9, 1.9, 1.0) 0
[21:10:50.093]: (-0.9, 1.9, 0.9) 0
[21:10:50.109]: (-0.9, 1.9, 0.9) 0
[21:10:50.129]: (-0.9, 1.9, 0.9) 0
[21:10:50.148]: (-0.9, 1.9, 0.9) 0
[21:10:50.165]: (-0.9, 1.9, 0.9) 0
[21:10:50.182]: (-0.9, 1.9, 0.9) 0
[21:10:50.199]: (-0.9, 1.9, 0.9) 0
[21:10:50.216]: (-0.9, 1.9, 0.9) 0
[21:10:50.234]: (-0.9, 1.9, 0.9) 0
[21:10:50.252]: (-0.9, 1.9, 0.9) 0
[21:10:50.268]: (-0.9, 1.9, 0.9) 0
[21:10:50.286]: (-0.9, 1.9, 0.9) 0
[21:10:50.303]: (-0.9, 1.9, 0.9) 0
[21:10:50.320]: (-0.9, 1.9, 0.9) 0
[21:10:50.336]: (-0.9, 1.9, 0.9) 0
[21:10:50.353]: (-0.9, 1.9, 0.9) 0
[21:10:50.371]: (-0.9, 1.9, 0.9) 0
[21:10:50.389]: (-0.9, 1.9, 0.9) 0
[21:10:50.406]: (-0.9, 1.9, 0.9) 0
[21:10:50.453]: (-1.3, 2.0, 1.1) 8
[21:10:50.474]: (-1.3, 2.0, 1.1) 8
[21:10:50.505]: (-1.4, 2.1, 1.2) 6
[21:10:50.523]: (-1.4, 2.1, 1.2) 6
[21:10:50.540]: (-1.4, 2.1, 1.2) 6
[21:10:50.557]: (-1.4, 2.1, 1.2) 6
[21:10:50.577]: (-1.4, 2.1, 1.2) 6
[21:10:50.601]: (-1.4, 2.1, 1.2) 6
[21:10:50.622]: (-1.4, 2.1, 1.2) 6
[21:10:50.645]: (-1.4, 2.1, 1.2) 6
[21:10:50.667]: (-1.4, 2.1, 1.2) 6
[21:10:50.689]: (-1.4, 2.1, 1.2) 6
[21:10:50.713]: (-1.4, 2.1, 1.2) 6
[21:10:50.734]: (-1.4, 2.1, 1.2) 6
[21:10:50.755]: (-1.3, 2.1, 1.2) 6
[21:10:50.778]: (-1.4, 2.1, 1.2) 6
[21:10:50.800]: (-1.4, 2.1, 1.2) 6
[21:10:50.912]: (-1.4, 2.1, 1.2) 6
[21:10:51.016]: (-1.4, 2.1, 1.2) 6
[21:10:51.066]: (-1.4, 2.1, 1.2) 6
[21:10:51.252]: (-1.2, 2.0, 1.2) 8
[21:10:51.444]: (-1.2, 2.2, 1.2) 7
[21:10:51.466]: (-1.2, 2.2, 1.2) 7
[21:10:51.490]: (-1.2, 2.2, 1.2) 7
[21:10:51.512]: (-1.2, 2.2, 1.2) 7
[21:10:51.534]: (-1.2, 2.2, 1.2) 7
[21:10:51.555]: (-1.2, 2.2, 1.2) 7
[21:10:51.577]: (-1.2, 2.2, 1.2) 7
[21:10:51.600]: (-1.2, 2.2, 1.2) 7
[21:10:51.621]: (-1.2, 2.1, 1.2) 7
[21:10:51.646]: (-1.2, 2.2, 1.2) 7
[21:10:51.667]: (-1.2, 2.1, 1.2) 7
[21:10:51.689]: (-1.2, 2.1, 1.2) 7
[21:10:51.712]: (-1.2, 2.1, 1.2) 7
[21:10:51.733]: (-1.2, 2.1, 1.2) 7
