[20:34:20.209]: (-1.7, -1.2, -0.1) 4
[20:34:20.252]: (-1.7, -1.2, 0.0) 4
[20:34:20.286]: (-1.7, -1.2, 0.0) 4
[20:34:20.863]: (-0.8, -0.7, 0.0) 1
[20:34:24.718]: (-1.2, -0.5, 0.0) 1
[20:34:24.741]: (-1.2, -0.5, 0.0) 1
[20:34:24.762]: (-1.2, -0.4, 0.0) 0
[20:34:24.784]: (-1.2, -0.4, 0.0) 0
[20:34:24.931]: (-1.9, -0.4, 0.3) 6
[20:34:24.954]: (-2.0, -0.3, 0.3) 6
[20:34:25.098]: (-1.6, 0.6, 0.5) 0
[20:34:25.142]: (-1.7, 0.9, 0.6) 1
[20:34:25.165]: (-1.7, 0.9, 0.7) 1
[20:34:25.186]: (-1.6, 0.9, 0.7) 1
[20:34:25.209]: (-1.6, 1.0, 0.7) 1
[20:34:25.336]: (-1.4, 1.3, 0.7) 0
[20:34:25.360]: (-1.4, 1.3, 0.7) 0
[20:34:25.382]: (-1.4, 1.4, 0.8) 0
[20:34:25.446]: (-1.3, 1.5, 0.8) 0
[20:34:25.468]: (-1.2, 1.6, 0.8) 0
[20:34:25.490]: (-1.2, 1.6, 0.8) 0
[20:34:25.974]: (-0.9, 2.0, 1.2) 8
[20:34:26.007]: (-0.9, 2.0, 1.2) 8
[20:34:26.039]: (-0.8, 2.1, 1.2) 8
[20:34:26.073]: (-0.9, 2.2, 1.3) 7
[20:34:26.106]: (-0.9, 2.2, 1.3) 7
[20:34:26.140]: (-0.8, 2.1, 1.2) 8
[20:34:26.181]: (-0.8, 2.1, 1.2) 8
[20:34:26.204]: (-0.8, 2.1, 1.2) 8
[20:34:26.328]: (-0.8, 2.1, 1.2) 8
[20:34:27.983]: (-0.6, 1.8, 1.1) 0
[20:34:28.071]: (-0.6, 1.8, 1.0) 0
[20:34:28.093]: (-0.6, 1.8, 1.0) 0
[20:34:28.116]: (-0.6, 1.8, 1.0) 0
[20:34:28.138]: (-0.6, 1.8, 1.0) 0
[20:34:28.160]: (-0.6, 1.8, 1.0) 0
[20:34:28.183]: (-0.6, 1.8, 1.0) 0
[20:34:28.204]: (-0.7, 1.9, 1.0) 0
[20:34:28.227]: (-0.6, 1.9, 1.0) 0
[20:34:28.249]: (-0.6, 1.9, 1.0) 0
[20:34:28.271]: (-0.6, 1.9, 1.0) 0
[20:34:28.287]: (-0.6, 1.9, 1.0) 0
[20:34:28.306]: (-0.6, 1.8, 1.0) 0
[20:34:28.324]: (-0.6, 1.8, 1.0) 0
[20:34:28.340]: (-0.6, 1.9, 1.0) 0
[20:34:28.358]: (-0.6, 1.9, 1.0) 0
[20:34:28.957]: (-0.5, 2.0, 0.8) 0
[20:34:29.182]: (-0.5, 2.2, 1.1) 7
[20:34:29.282]: (-0.5, 2.0, 0.9) 8
[20:34:29.316]: (-0.5, 2.0, 0.9) 8
[20:34:29.349]: (-0.5, 2.0, 0.9) 8
[20:34:29.383]: (-0.6, 2.1, 0.9) 8
[20:34:29.416]: (-0.6, 2.1, 0.9) 8
[20:34:29.449]: (-0.6, 2.1, 0.9) 8
[20:34:29.482]: (-0.6, 2.1, 0.9) 8
[20:34:29.516]: (-0.5, 2.1, 0.9) 8
[20:34:29.548]: (-0.5, 2.1, 0.9) 8
[20:34:29.581]: (-0.5, 2.1, 0.9) 8
[20:34:29.615]: (-0.5, 2.1, 0.9) 8
[20:34:29.649]: (-0.5, 2.1, 0.9) 8
[20:34:29.682]: (-0.5, 2.1, 0.9) 8
[20:34:29.715]: (-0.5, 2.1, 0.9) 8
[20:34:29.750]: (-0.5, 2.1, 0.9) 8
[20:34:29.781]: (-0.5, 2.1, 0.9) 8
[20:34:29.815]: (-0.5, 2.1, 0.9) 8
[20:34:29.836]: (-0.5, 2.1, 0.9) 8
[20:34:29.858]: (-0.5, 2.1, 0.9) 8
[20:34:29.881]: (-0.5, 2.1, 0.9) 8
[20:34:29.904]: (-0.5, 2.1, 0.9) 8
[20:34:29.926]: (-0.5, 2.1, 0.9) 8
[20:34:29.948]: (-0.5, 2.1, 0.9) 8
[20:34:29.970]: (-0.5, 2.1, 0.9) 8
[20:34:29.993]: (-0.5, 2.1, 0.9) 8
[20:34:30.015]: (-0.5, 2.1, 0.9) 8
[20:34:30.037]: (-0.5, 2.1, 0.9) 8
[20:34:30.059]: (-0.5, 2.1, 0.9) 8
[20:34:30.081]: (-0.5, 2.1, 0.9) 8
[20:34:30.103]: (-0.5, 2.1, 0.9) 8
[20:34:30.126]: (-0.5, 2.1, 0.9) 8
[20:34:30.148]: (-0.5, 2.1, 0.9) 8
[20:34:30.170]: (-0.5, 2.1, 0.9) 8
[20:34:30.191]: (-0.5, 2.1, 0.9) 8
[20:34:30.214]: (-0.5, 2.1, 0.9) 8
[20:34:30.237]: (-0.5, 2.1, 0.9) 8
[20:34:30.259]: (-0.5, 2.1, 0.9) 8
[20:34:30.281]: (-0.5, 2.1, 0.9) 8
[20:34:30.303]: (-0.5, 2.1, 0.9) 8
[20:34:30.325]: (-0.5, 2.1, 0.9) 8
[20:34:30.347]: (-0.5, 2.1, 0.9) 8
[20:34:30.370]: (-0.5, 2.1, 0.9) 8
[20:34:30.393]: (-0.5, 2.1, 0.9) 8
[20:34:30.414]: (-0.5, 2.1, 0.9) 8
[20:34:30.437]: (-0.5, 2.1, 0.9) 8
[20:34:30.459]: (-0.5, 2.1, 0.9) 8
[20:34:30.480]: (-0.5, 2.1, 0.9) 8
[20:34:30.505]: (-0.5, 2.1, 0.9) 8
[20:34:30.527]: (-0.5, 2.1, 0.9) 8
[20:34:30.549]: (-0.5, 2.1, 0.9) 8
[20:34:30.574]: (-0.5, 2.1, 0.9) 8
[20:34:30.597]: (-0.5, 2.1, 0.9) 8
[20:34:30.619]: (-0.5, 2.1, 0.9) 8
[20:34:30.641]: (-0.5, 2.1, 0.9) 8
[20:34:30.667]: (-0.5, 2.1, 0.9) 8
[20:34:30.684]: (-0.5, 2.1, 0.9) 8
[20:34:30.707]: (-0.5, 2.1, 0.9) 8
[20:34:30.730]: (-0.5, 2.1, 0.9) 8
[20:34:30.751]: (-0.5, 2.1, 0.9) 8
[20:34:30.773]: (-0.5, 2.1, 0.9) 8
[20:34:30.796]: (-0.5, 2.1, 0.9) 8
[20:34:30.818]: (-0.5, 2.1, 0.9) 8
[20:34:30.840]: (-0.5, 2.1, 0.9) 8
[20:34:30.861]: (-0.5, 2.1, 0.9) 8
[20:34:30.887]: (-0.5, 2.1, 0.9) 8
[20:34:30.906]: (-0.5, 2.1, 0.9) 8
[20:34:30.930]: (-0.5, 2.1, 0.9) 8
[20:34:30.951]: (-0.5, 2.1, 0.9) 8
[20:34:30.973]: (-0.5, 2.1, 0.9) 8
[20:34:30.996]: (-0.5, 2.1, 0.9) 8
[20:34:31.160]: (-0.4, 1.8, 0.7) 0
[20:34:31.178]: (-0.4, 1.8, 0.8) 0
[20:34:31.195]: (-0.4, 1.8, 0.8) 0
[20:34:31.211]: (-0.4, 1.9, 0.8) 0
[20:34:31.228]: (-0.4, 1.9, 0.8) 0
[20:34:31.247]: (-0.4, 1.8, 0.8) 0
[20:34:31.267]: (-0.4, 1.8, 0.8) 0
[20:34:31.283]: (-0.4, 1.8, 0.8) 0
[20:34:31.303]: (-0.4, 1.8, 0.8) 0
[20:34:31.326]: (-0.4, 1.8, 0.8) 0
[20:34:31.345]: (-0.4, 1.8, 0.8) 0
[20:34:31.367]: (-0.4, 1.8, 0.8) 0
[20:34:31.385]: (-0.4, 1.8, 0.7) 0
[20:34:31.407]: (-0.4, 1.8, 0.7) 0
[20:34:31.429]: (-0.4, 1.8, 0.7) 0
[20:34:31.446]: (-0.4, 1.8, 0.7) 0
[20:34:31.463]: (-0.4, 1.8, 0.7) 0
[20:34:31.481]: (-0.4, 1.8, 0.7) 0
[20:34:31.499]: (-0.4, 1.8, 0.7) 0
[20:34:31.522]: (-0.4, 1.8, 0.7) 0
[20:34:31.540]: (-0.4, 1.8, 0.7) 0
[20:34:31.558]: (-0.4, 1.8, 0.7) 0
[20:34:31.574]: (-0.4, 1.8, 0.7) 0
[20:34:31.591]: (-0.4, 1.8, 0.7) 0
[20:34:31.614]: (-0.4, 1.8, 0.7) 0
[20:34:31.636]: (-0.4, 1.8, 0.7) 0
[20:34:31.658]: (-0.4, 1.8, 0.7) 0
[20:34:31.680]: (-0.4, 1.8, 0.7) 0
[20:34:31.704]: (-0.4, 1.8, 0.7) 0
[20:34:31.726]: (-0.4, 1.8, 0.7) 0
[20:34:31.747]: (-0.4, 1.8, 0.7) 0
[20:34:31.770]: (-0.4, 1.8, 0.7) 0
[20:34:31.791]: (-0.4, 1.8, 0.7) 0
[20:34:31.813]: (-0.4, 1.8, 0.7) 0
[20:34:31.838]: (-0.4, 1.8, 0.7) 0
[20:34:31.857]: (-0.4, 1.8, 0.7) 0
[20:34:31.880]: (-0.4, 1.8, 0.7) 0
[20:34:31.903]: (-0.4, 1.8, 0.7) 0
[20:34:31.924]: (-0.4, 1.8, 0.7) 0
[20:34:31.947]: (-0.4, 1.8, 0.7) 0
[20:34:31.970]: (-0.4, 1.8, 0.7) 0
[20:34:31.992]: (-0.4, 1.8, 0.7) 0
[20:34:32.014]: (-0.4, 1.8, 0.7) 0
[20:34:32.033]: (-0.4, 1.8, 0.7) 0
[20:34:32.050]: (-0.4, 1.8, 0.7) 0
[20:34:32.068]: (-0.4, 1.8, 0.7) 0
[20:34:32.085]: (-0.4, 1.8, 0.7) 0
[20:34:32.101]: (-0.4, 1.8, 0.7) 0
[20:34:32.118]: (-0.4, 1.8, 0.7) 0
[20:34:32.136]: (-0.4, 1.8, 0.7) 0
[20:34:32.154]: (-0.4, 1.8, 0.7) 0
[20:34:32.171]: (-0.4, 1.8, 0.7) 0
[20:34:32.189]: (-0.4, 1.8, 0.7) 0
[20:34:32.205]: (-0.4, 1.8, 0.7) 0
[20:34:32.223]: (-0.4, 1.8, 0.7) 0
[20:34:32.239]: (-0.4, 1.8, 0.7) 0
[20:34:32.255]: (-0.4, 1.8, 0.7) 0
[20:34:32.273]: (-0.4, 1.8, 0.7) 0
[20:34:32.290]: (-0.4, 1.8, 0.7) 0
[20:34:32.308]: (-0.4, 1.8, 0.7) 0
[20:34:32.325]: (-0.4, 1.8, 0.7) 0
[20:34:32.342]: (-0.4, 1.8, 0.7) 0
[20:34:32.358]: (-0.4, 1.8, 0.7) 0
[20:34:32.374]: (-0.4, 1.8, 0.7) 0
[20:34:32.393]: (-0.4, 1.8, 0.7) 0
[20:34:32.412]: (-0.4, 1.8, 0.7) 0
[20:34:32.428]: (-0.4, 1.8, 0.7) 0
[20:34:32.445]: (-0.4, 1.8, 0.7) 0
[20:34:32.461]: (-0.4, 1.8, 0.7) 0
[20:34:32.480]: (-0.4, 1.8, 0.7) 0
[20:34:32.504]: (-0.4, 1.8, 0.7) 0
[20:34:32.525]: (-0.4, 1.8, 0.7) 0
[20:34:32.548]: (-0.4, 1.8, 0.7) 0
[20:34:32.569]: (-0.4, 1.8, 0.7) 0
[20:34:32.592]: (-0.4, 1.8, 0.7) 0
[20:34:32.613]: (-0.4, 1.8, 0.7) 0
[20:34:32.636]: (-0.4, 1.8, 0.8) 0
[20:34:32.659]: (-0.4, 1.8, 0.8) 0
[20:34:32.682]: (-0.4, 1.8, 0.8) 0
[20:34:32.703]: (-0.4, 1.8, 0.8) 0
[20:34:32.814]: (-0.4, 1.8, 0.8) 0
[20:34:32.836]: (-0.4, 1.8, 0.8) 0
[20:34:32.859]: (-0.4, 1.8, 0.7) 0
[20:34:32.882]: (-0.4, 1.8, 0.7) 0
[20:34:32.905]: (-0.4, 1.8, 0.7) 0
[20:34:32.925]: (-0.4, 1.9, 0.8) 0
[20:34:32.947]: (-0.4, 1.8, 0.7) 0
[20:34:32.966]: (-0.4, 1.8, 0.7) 0
[20:34:32.984]: (-0.4, 1.9, 0.8) 0
[20:34:33.001]: (-0.4, 1.9, 0.8) 0
[20:34:33.018]: (-0.4, 1.9, 0.8) 0
[20:34:33.035]: (-0.4, 1.9, 0.8) 0
[20:34:33.052]: (-0.4, 1.8, 0.8) 0
[20:34:33.070]: (-0.4, 1.9, 0.8) 0
[20:34:33.087]: (-0.4, 1.8, 0.8) 0
[20:34:33.103]: (-0.4, 1.8, 0.8) 0
[20:34:33.119]: (-0.4, 1.8, 0.8) 0
[20:34:33.137]: (-0.4, 1.8, 0.8) 0
[20:34:33.155]: (-0.4, 1.8, 0.8) 0
[20:34:33.172]: (-0.4, 1.9, 0.8) 0
[20:34:33.189]: (-0.4, 1.9, 0.8) 0
[20:34:33.207]: (-0.4, 1.8, 0.8) 0
[20:34:33.224]: (-0.4, 1.9, 0.8) 0
[20:34:33.240]: (-0.4, 1.9, 0.8) 0
[20:34:33.258]: (-0.4, 1.9, 0.8) 0
[20:34:33.275]: (-0.4, 1.9, 0.8) 0
[20:34:33.293]: (-0.4, 1.8, 0.8) 0
[20:34:33.311]: (-0.4, 1.8, 0.8) 0
[20:34:33.330]: (-0.4, 1.8, 0.8) 0
[20:34:33.349]: (-0.4, 1.8, 0.8) 0
[20:34:33.367]: (-0.4, 1.8, 0.8) 0
[20:34:33.384]: (-0.4, 1.9, 0.8) 0
[20:34:33.402]: (-0.4, 1.9, 0.8) 0
[20:34:33.419]: (-0.4, 1.9, 0.8) 0
[20:34:33.436]: (-0.4, 1.9, 0.8) 0
[20:34:33.457]: (-0.4, 1.9, 0.8) 0
[20:34:33.481]: (-0.5, 2.1, 0.9) 8
[20:34:33.502]: (-0.5, 2.1, 0.9) 8
[20:34:33.525]: (-0.5, 2.1, 0.9) 8
[20:34:33.547]: (-0.5, 2.1, 0.9) 8
[20:34:33.568]: (-0.5, 2.1, 0.9) 8
[20:34:33.592]: (-0.5, 2.1, 0.9) 8
[20:34:33.613]: (-0.5, 2.1, 0.9) 8
[20:34:33.635]: (-0.5, 2.1, 0.9) 8
[20:34:33.658]: (-0.5, 2.1, 0.9) 8
[20:34:33.680]: (-0.5, 2.1, 0.9) 8
[20:34:33.702]: (-0.5, 2.1, 0.9) 8
[20:34:33.724]: (-0.5, 2.1, 0.9) 8
[20:34:33.746]: (-0.5, 2.1, 0.9) 8
[20:34:33.769]: (-0.5, 2.1, 0.9) 8
[20:34:33.791]: (-0.5, 2.1, 0.9) 8
[20:34:33.813]: (-0.5, 2.1, 0.9) 8
[20:34:33.835]: (-0.5, 2.1, 0.9) 8
[20:34:33.857]: (-0.5, 2.1, 0.9) 8
[20:34:33.876]: (-0.5, 2.1, 0.9) 8
[20:34:33.894]: (-0.6, 2.1, 0.9) 8
[20:34:33.911]: (-0.5, 2.1, 0.9) 8
[20:34:33.928]: (-0.5, 2.1, 0.9) 8
[20:34:33.944]: (-0.5, 2.1, 0.9) 8
[20:34:33.961]: (-0.5, 2.1, 0.9) 8
[20:34:33.978]: (-0.5, 2.1, 0.9) 8
[20:34:33.996]: (-0.5, 2.1, 0.9) 8
[20:34:34.014]: (-0.5, 2.1, 0.9) 8
[20:34:34.030]: (-0.5, 2.1, 0.9) 8
[20:34:34.047]: (-0.5, 2.1, 0.9) 8
[20:34:34.066]: (-0.5, 2.1, 0.9) 8
[20:34:34.083]: (-0.5, 2.1, 0.9) 8
[20:34:34.101]: (-0.5, 2.1, 0.9) 8
[20:34:34.118]: (-0.5, 2.1, 0.9) 8
[20:34:34.135]: (-0.6, 2.1, 0.9) 8
[20:34:34.152]: (-0.6, 2.1, 0.9) 8
[20:34:34.171]: (-0.6, 2.1, 0.9) 8
[20:34:34.189]: (-0.6, 2.1, 0.9) 8
[20:34:34.207]: (-0.6, 2.1, 0.9) 8
[20:34:34.224]: (-0.6, 2.1, 0.9) 8
[20:34:34.240]: (-0.6, 2.1, 0.9) 8
[20:34:34.257]: (-0.6, 2.1, 0.9) 8
[20:34:34.275]: (-0.5, 2.1, 0.9) 8
[20:34:34.292]: (-0.5, 2.1, 0.9) 8
[20:34:34.310]: (-0.5, 2.1, 0.9) 8
[20:34:34.326]: (-0.5, 2.1, 0.9) 8
[20:34:34.342]: (-0.5, 2.1, 0.9) 8
[20:34:34.358]: (-0.5, 2.1, 0.9) 8
[20:34:34.377]: (-0.5, 2.1, 0.9) 8
[20:34:34.395]: (-0.5, 2.1, 0.9) 8
[20:34:34.414]: (-0.5, 2.1, 0.9) 8
[20:34:34.436]: (-0.5, 2.1, 0.9) 8
[20:34:34.458]: (-0.5, 2.1, 0.9) 8
[20:34:34.479]: (-0.5, 2.1, 0.9) 8
[20:34:34.502]: (-0.5, 2.1, 0.9) 8
[20:34:34.526]: (-0.5, 2.1, 0.9) 8
[20:34:34.548]: (-0.5, 2.1, 0.9) 8
[20:34:35.201]: (0.4, 2.1, 1.1) 2
