[20:27:25.559]: (-1.6, -0.4, 0.0) 0
[20:27:27.225]: (-0.8, 1.6, 1.5) 0
[20:27:27.665]: (-1.0, 1.7, 2.0) 6
[20:27:30.456]: (-0.6, 1.6, 1.6) 1
[20:27:30.785]: (-0.6, 1.7, 1.6) 1
[20:27:34.498]: (-0.4, 1.7, 1.4) 0
[20:27:34.526]: (-0.4, 1.7, 1.4) 0
[20:27:34.550]: (-0.4, 1.7, 1.4) 0
[20:27:34.577]: (-0.4, 1.7, 1.4) 0
[20:27:34.645]: (-0.4, 1.7, 1.7) 7
[20:27:34.667]: (-0.4, 1.7, 1.7) 7
[20:27:34.690]: (-0.4, 1.8, 1.7) 7
[20:27:34.778]: (-0.4, 1.5, 1.4) 0
[20:27:34.796]: (-0.4, 1.6, 1.4) 0
[20:27:34.815]: (-0.4, 1.6, 1.4) 0
[20:27:34.832]: (-0.4, 1.6, 1.4) 0
[20:27:34.849]: (-0.5, 1.7, 1.8) 8
[20:27:34.869]: (-0.4, 1.6, 1.9) 8
[20:27:34.894]: (-0.5, 1.7, 1.9) 8
[20:27:34.927]: (-0.5, 1.7, 1.9) 8
[20:27:34.961]: (-0.5, 1.7, 1.9) 8
[20:27:34.994]: (-0.5, 1.7, 1.9) 8
[20:27:35.125]: (-0.5, 1.7, 1.9) 8
[20:27:35.144]: (-0.5, 1.7, 1.8) 8
[20:27:35.166]: (-0.5, 1.7, 1.9) 8
[20:27:35.186]: (-0.4, 1.6, 1.4) 0
[20:27:35.204]: (-0.5, 1.6, 1.4) 0
[20:27:35.227]: (-0.4, 1.5, 1.4) 0
[20:27:35.327]: (-0.5, 1.5, 1.4) 0
[20:27:35.427]: (-0.4, 1.5, 1.4) 0
[20:27:35.461]: (-0.5, 1.5, 1.4) 0
[20:27:35.495]: (-0.5, 1.5, 1.4) 0
[20:27:35.528]: (-0.5, 1.5, 1.4) 0
[20:27:35.594]: (-0.5, 1.5, 1.4) 0
[20:27:35.627]: (-0.5, 1.6, 1.4) 0
[20:27:35.648]: (-0.5, 1.6, 1.4) 0
[20:27:35.673]: (-0.4, 1.6, 1.4) 0
[20:27:35.693]: (-0.4, 1.6, 1.3) 0
[20:27:35.715]: (-0.4, 1.6, 1.3) 0
[20:27:35.738]: (-0.4, 1.6, 1.3) 0
[20:27:35.760]: (-0.5, 1.6, 1.3) 0
[20:27:35.783]: (-0.5, 1.6, 1.3) 0
[20:27:35.808]: (-0.5, 1.6, 1.3) 0
[20:27:35.831]: (-0.5, 1.6, 1.3) 0
[20:27:36.205]: (-0.3, 2.0, 1.0) 0
[20:27:36.536]: (-0.4, 2.0, 1.5) 8
[20:27:36.559]: (-0.4, 2.0, 1.5) 8
[20:27:36.583]: (-0.4, 2.0, 1.5) 8
[20:27:36.604]: (-0.3, 2.0, 1.5) 8
[20:27:36.626]: (-0.4, 2.0, 1.5) 8
[20:27:36.648]: (-0.4, 2.0, 1.5) 8
[20:27:36.671]: (-0.4, 2.0, 1.5) 8
[20:27:36.695]: (-0.4, 2.0, 1.5) 8
[20:27:36.717]: (-0.4, 2.0, 1.5) 8
[20:27:36.740]: (-0.4, 2.0, 1.5) 8
[20:27:36.762]: (-0.4, 2.0, 1.5) 8
[20:27:36.784]: (-0.4, 2.0, 1.5) 8
[20:27:36.807]: (-0.4, 2.0, 1.5) 8
[20:27:36.829]: (-0.4, 2.0, 1.5) 8
[20:27:36.851]: (-0.4, 2.0, 1.5) 8
[20:27:36.944]: (-0.4, 1.8, 1.0) 0
[20:27:36.966]: (-0.3, 1.8, 1.0) 0
[20:27:36.988]: (-0.4, 1.8, 1.0) 0
[20:27:37.013]: (-0.4, 1.8, 1.0) 0
[20:27:37.039]: (-0.4, 1.8, 0.9) 0
[20:27:37.062]: (-0.4, 1.8, 0.9) 0
[20:27:37.085]: (-0.4, 1.9, 0.9) 0
[20:27:37.109]: (-0.4, 1.9, 0.9) 0
[20:27:37.132]: (-0.4, 1.9, 0.9) 0
[20:27:37.156]: (-0.4, 1.9, 0.9) 0
[20:27:37.177]: (-0.4, 1.9, 0.9) 0
[20:27:37.201]: (-0.4, 1.9, 0.9) 0
[20:27:37.224]: (-0.4, 1.9, 0.9) 0
[20:27:37.247]: (-0.4, 1.9, 0.8) 0
[20:27:37.272]: (-0.4, 1.9, 0.8) 0
[20:27:37.298]: (-0.4, 1.9, 0.8) 0
[20:27:37.323]: (-0.4, 1.9, 0.8) 0
[20:27:37.347]: (-0.4, 1.9, 0.8) 0
[20:27:37.368]: (-0.4, 1.9, 0.8) 0
[20:27:37.392]: (-0.3, 1.9, 0.8) 0
[20:27:37.768]: (-0.6, 2.1, 1.2) 8
[20:27:37.792]: (-0.6, 2.2, 1.2) 8
[20:27:37.854]: (-0.6, 2.1, 1.2) 8
[20:27:37.877]: (-0.6, 2.1, 1.2) 8
[20:27:37.900]: (-0.6, 2.1, 1.2) 8
[20:27:37.928]: (-0.6, 2.1, 1.2) 8
[20:27:37.949]: (-0.6, 2.1, 1.2) 8
[20:27:37.975]: (-0.6, 2.1, 1.2) 8
[20:27:37.999]: (-0.6, 2.1, 1.2) 8
[20:27:38.022]: (-0.6, 2.1, 1.2) 8
[20:27:38.046]: (-0.6, 2.1, 1.2) 8
[20:27:38.359]: (-0.6, 1.8, 0.8) 0
[20:27:38.593]: (-0.5, 1.9, 0.7) 0
[20:27:38.626]: (-0.5, 1.9, 0.7) 0
[20:27:38.662]: (-0.5, 1.9, 0.7) 0
[20:27:38.692]: (-0.5, 1.9, 0.6) 0
[20:27:38.726]: (-0.5, 1.9, 0.6) 0
[20:27:38.759]: (-0.5, 1.9, 0.7) 0
[20:27:38.793]: (-0.5, 1.9, 0.6) 0
[20:27:38.816]: (-0.4, 1.9, 0.8) 1
[20:27:38.881]: (-0.4, 2.0, 0.7) 1
[20:27:39.080]: (-0.4, 2.0, 0.5) 0
[20:27:39.104]: (-0.4, 2.0, 0.5) 0
[20:27:39.125]: (-0.4, 2.1, 0.5) 0
[20:27:39.151]: (-0.4, 2.1, 0.5) 0
[20:27:39.174]: (-0.4, 2.1, 0.5) 0
[20:27:39.197]: (-0.3, 2.1, 0.5) 0
[20:27:39.219]: (-0.4, 2.1, 0.5) 0
[20:27:39.243]: (-0.4, 2.1, 0.5) 0
[20:27:39.272]: (-0.3, 2.1, 0.4) 0
[20:27:39.295]: (-0.3, 2.1, 0.4) 0
[20:27:39.449]: (-0.3, 2.5, 0.9) 8
[20:27:39.471]: (-0.3, 2.1, 0.5) 0
[20:27:39.880]: (-0.2, 2.0, 0.7) 1
[20:27:40.163]: (-0.5, 2.3, 0.7) 7
[20:27:40.186]: (-0.5, 2.3, 0.7) 7
[20:27:40.208]: (-0.5, 2.3, 0.7) 7
[20:27:40.234]: (-0.4, 2.3, 0.7) 7
[20:27:40.936]: (-0.2, 1.9, 0.4) 0
[20:27:40.970]: (-0.2, 1.8, 0.4) 0
[20:27:41.002]: (-0.2, 1.9, 0.4) 0
[20:27:41.037]: (-0.2, 1.9, 0.4) 0
[20:27:41.172]: (-0.3, 2.1, 0.7) 7
[20:27:41.204]: (-0.3, 2.1, 0.7) 7
[20:27:41.235]: (-0.3, 2.1, 0.7) 7
[20:27:41.268]: (-0.3, 2.1, 0.7) 7
[20:27:41.396]: (-0.3, 2.1, 0.7) 7
[20:27:41.422]: (-0.3, 2.1, 0.6) 7
[20:27:41.446]: (-0.3, 1.9, 0.4) 1
[20:27:41.471]: (-0.2, 1.8, 0.3) 1
[20:27:41.493]: (-0.2, 1.8, 0.3) 1
[20:27:41.520]: (-0.2, 1.8, 0.3) 1
[20:27:41.543]: (-0.2, 1.8, 0.3) 1
[20:27:41.567]: (-0.2, 1.8, 0.3) 1
[20:27:41.590]: (-0.2, 1.8, 0.3) 1
[20:27:41.614]: (-0.2, 1.8, 0.3) 1
[20:27:42.072]: (-0.7, 2.2, 0.5) 2
[20:27:43.112]: (-0.6, 2.2, 0.8) 2
[20:27:43.134]: (-0.6, 2.2, 0.8) 2
[20:27:43.157]: (-0.6, 2.2, 0.8) 2
[20:27:43.180]: (-0.6, 2.2, 0.8) 2
[20:27:43.203]: (-0.6, 2.2, 0.8) 2
[20:27:43.235]: (-0.6, 2.1, 0.8) 2
[20:27:43.284]: (-0.6, 2.2, 0.8) 2
[20:27:43.314]: (-0.6, 2.2, 0.9) 2
[20:27:43.338]: (-0.6, 2.1, 0.8) 3
[20:27:43.398]: (-0.6, 2.1, 0.9) 2
[20:27:43.439]: (-0.5, 2.1, 0.9) 2
[20:27:43.461]: (-0.5, 2.1, 0.9) 2
[20:27:43.482]: (-0.5, 2.1, 0.9) 2
[20:27:43.503]: (-0.5, 2.1, 0.9) 2
[20:27:43.524]: (-0.5, 2.1, 0.9) 2
[20:27:43.543]: (-0.5, 2.1, 0.9) 2
[20:27:43.671]: (-0.5, 2.1, 0.9) 2
[20:27:43.691]: (-0.5, 2.1, 0.9) 2
[20:27:43.712]: (-0.5, 2.1, 0.9) 2
[20:27:43.736]: (-0.5, 2.1, 0.9) 2
[20:27:43.761]: (-0.5, 2.1, 0.9) 2
[20:27:43.782]: (-0.5, 2.1, 0.9) 2
[20:27:43.802]: (-0.5, 2.1, 0.9) 2
[20:27:43.823]: (-0.5, 2.1, 0.8) 2
[20:27:43.848]: (-0.5, 2.1, 0.8) 2
[20:27:43.867]: (-0.5, 2.1, 0.8) 2
[20:27:43.890]: (-0.5, 2.1, 0.8) 2
[20:27:43.915]: (-0.5, 2.1, 0.8) 2
[20:27:44.092]: (-0.5, 2.1, 0.6) 3
[20:27:44.121]: (-0.5, 2.1, 0.6) 3
[20:27:44.145]: (-0.5, 2.1, 0.6) 3
[20:27:44.170]: (-0.5, 2.1, 0.6) 3
[20:27:44.191]: (-0.5, 2.1, 0.5) 3
[20:27:44.214]: (-0.4, 2.1, 0.5) 3
[20:27:44.242]: (-0.4, 2.1, 0.5) 3
[20:27:44.268]: (-0.4, 2.1, 0.5) 3
[20:27:44.297]: (-0.4, 2.0, 0.5) 3
[20:27:44.323]: (-0.4, 2.0, 0.5) 3
[20:27:44.632]: (-0.4, 2.1, 0.5) 2
[20:27:44.657]: (-0.4, 2.1, 0.5) 2
[20:27:44.757]: (-0.4, 2.2, 0.6) 4
[20:27:44.792]: (-0.5, 2.1, 0.5) 2
[20:27:44.823]: (-0.5, 2.0, 0.5) 2
[20:27:44.857]: (-0.5, 2.0, 0.5) 2
[20:27:44.889]: (-0.5, 2.0, 0.5) 2
[20:27:44.925]: (-0.5, 2.0, 0.5) 2
[20:27:44.961]: (-0.5, 2.0, 0.5) 2
[20:27:44.991]: (-0.5, 2.0, 0.5) 2
[20:27:45.025]: (-0.5, 2.0, 0.5) 2
[20:27:45.056]: (-0.5, 2.0, 0.5) 2
[20:27:45.091]: (-0.5, 2.0, 0.5) 2
[20:27:45.256]: (-0.5, 1.9, 0.5) 3
[20:27:45.283]: (-0.5, 1.9, 0.4) 3
[20:27:45.309]: (-0.5, 1.9, 0.4) 3
[20:27:45.333]: (-0.5, 1.9, 0.4) 3
[20:27:45.357]: (-0.5, 1.9, 0.4) 3
[20:27:45.378]: (-0.5, 1.9, 0.4) 3
[20:27:45.399]: (-0.5, 1.9, 0.5) 3
[20:27:45.423]: (-0.5, 1.9, 0.5) 3
[20:27:45.490]: (-0.5, 1.9, 0.5) 3
[20:27:45.513]: (-0.5, 1.9, 0.5) 3
[20:27:45.537]: (-0.5, 1.9, 0.5) 3
[20:27:45.560]: (-0.5, 2.0, 0.5) 3
[20:27:45.583]: (-0.5, 1.9, 0.5) 3
[20:27:45.607]: (-0.5, 1.9, 0.5) 3
[20:27:45.631]: (-0.4, 1.9, 0.4) 3
[20:27:45.653]: (-0.4, 2.0, 0.4) 3
[20:27:45.697]: (-0.3, 2.1, 0.5) 2
[20:27:45.720]: (-0.3, 2.1, 0.5) 2
[20:27:45.763]: (-0.3, 2.1, 0.5) 2
[20:27:45.788]: (-0.3, 2.1, 0.5) 2
[20:27:45.812]: (-0.3, 2.1, 0.5) 2
[20:27:45.837]: (-0.3, 2.1, 0.5) 2
[20:27:45.859]: (-0.3, 2.1, 0.5) 2
[20:27:45.884]: (-0.3, 2.1, 0.5) 2
[20:27:45.909]: (-0.3, 2.1, 0.5) 2
[20:27:45.932]: (-0.3, 2.1, 0.5) 2
[20:27:45.954]: (-0.3, 2.1, 0.5) 2
[20:27:45.976]: (-0.3, 2.1, 0.5) 2
[20:27:45.998]: (-0.3, 2.1, 0.5) 2
[20:27:46.022]: (-0.4, 2.0, 0.5) 3
[20:27:46.207]: (-0.4, 2.0, 0.5) 3
[20:27:46.231]: (-0.4, 2.0, 0.5) 3
[20:27:46.257]: (-0.4, 2.0, 0.5) 3
[20:27:46.357]: (-0.4, 1.9, 0.4) 3
[20:27:46.390]: (-0.4, 1.9, 0.4) 3
[20:27:46.424]: (-0.4, 1.9, 0.4) 3
[20:27:46.456]: (-0.4, 1.9, 0.4) 3
[20:27:46.489]: (-0.4, 1.9, 0.5) 3
[20:27:46.523]: (-0.4, 1.9, 0.5) 3
[20:27:46.556]: (-0.4, 1.9, 0.5) 3
[20:27:46.592]: (-0.4, 1.9, 0.5) 3
[20:27:46.623]: (-0.4, 1.9, 0.5) 3
[20:27:46.657]: (-0.4, 1.9, 0.5) 3
[20:27:46.690]: (-0.4, 1.9, 0.5) 3
[20:27:46.722]: (-0.4, 1.9, 0.5) 3
[20:27:46.759]: (-0.4, 1.9, 0.5) 3
[20:27:46.789]: (-0.4, 1.9, 0.5) 3
[20:27:47.091]: (-0.5, 2.0, 0.5) 2
[20:27:47.113]: (-0.5, 2.0, 0.5) 2
[20:27:47.136]: (-0.5, 2.0, 0.5) 2
[20:27:47.158]: (-0.5, 2.0, 0.5) 2
[20:27:47.292]: (0.2, 1.9, 0.4) 7
[20:27:47.315]: (0.1, 1.7, 0.2) 1
[20:27:47.408]: (0.0, 1.7, 0.2) 1
[20:27:47.436]: (0.0, 1.7, 0.2) 1
[20:27:47.460]: (0.0, 1.7, 0.2) 1
[20:27:47.487]: (0.0, 1.7, 0.2) 1
[20:27:47.509]: (0.0, 1.7, 0.2) 1
[20:27:47.536]: (0.0, 1.7, 0.2) 1
[20:27:47.558]: (0.0, 1.7, 0.2) 1
[20:27:47.582]: (0.0, 1.7, 0.2) 1
[20:27:47.608]: (0.0, 1.7, 0.2) 1
[20:27:47.633]: (0.0, 1.7, 0.2) 1
[20:27:47.654]: (0.0, 1.7, 0.2) 1
[20:27:47.677]: (0.0, 1.7, 0.2) 1
[20:27:47.702]: (0.0, 1.7, 0.2) 1
[20:27:47.732]: (-0.1, 1.6, 0.2) 1
[20:27:47.754]: (-0.1, 1.6, 0.2) 1
[20:27:47.780]: (-0.1, 1.6, 0.2) 1
[20:27:47.800]: (-0.1, 1.6, 0.2) 1
[20:27:47.817]: (-0.1, 1.6, 0.2) 1
[20:27:47.836]: (-0.1, 1.6, 0.2) 1
[20:27:47.858]: (-0.1, 1.6, 0.2) 1
[20:27:47.877]: (-0.1, 1.6, 0.2) 1
[20:27:47.913]: (-0.1, 1.6, 0.3) 1
[20:27:48.077]: (0.0, 1.6, 0.3) 1
[20:27:48.111]: (0.0, 1.6, 0.3) 1
[20:27:48.145]: (-0.1, 1.6, 0.3) 1
[20:27:48.178]: (-0.1, 1.6, 0.3) 1
[20:27:48.211]: (-0.1, 1.6, 0.3) 1
[20:27:48.245]: (-0.1, 1.6, 0.3) 1
[20:27:48.278]: (0.0, 1.6, 0.3) 1
[20:27:48.311]: (0.0, 1.6, 0.3) 1
[20:27:48.343]: (0.0, 1.6, 0.3) 1
[20:27:48.378]: (0.0, 1.6, 0.3) 1
[20:27:48.412]: (-0.1, 1.6, 0.2) 1
[20:27:48.445]: (0.0, 1.9, 0.4) 7
[20:27:48.477]: (0.0, 1.9, 0.4) 7
[20:27:48.511]: (0.0, 1.9, 0.4) 7
[20:27:48.544]: (0.0, 1.9, 0.4) 7
[20:27:48.578]: (0.0, 1.9, 0.4) 7
[20:27:48.611]: (0.0, 1.9, 0.4) 7
[20:27:48.633]: (0.0, 1.9, 0.4) 7
[20:27:48.654]: (0.0, 1.9, 0.4) 7
[20:27:48.677]: (0.0, 1.9, 0.4) 7
[20:27:48.699]: (0.0, 1.9, 0.4) 7
[20:27:48.722]: (0.0, 1.9, 0.4) 7
[20:27:48.744]: (0.0, 1.9, 0.4) 7
[20:27:48.767]: (0.0, 1.9, 0.4) 7
[20:27:48.788]: (0.0, 1.9, 0.5) 7
[20:27:48.810]: (0.0, 1.9, 0.5) 7
[20:27:48.833]: (0.0, 1.9, 0.5) 7
[20:27:48.854]: (0.0, 1.9, 0.5) 7
[20:27:48.878]: (0.0, 1.9, 0.5) 7
[20:27:48.899]: (0.0, 1.9, 0.5) 7
[20:27:48.922]: (0.0, 1.9, 0.5) 7
[20:27:48.944]: (0.0, 1.9, 0.5) 7
[20:27:48.966]: (0.0, 1.9, 0.5) 7
[20:27:48.988]: (0.0, 1.9, 0.5) 7
[20:27:49.010]: (0.0, 1.9, 0.5) 7
[20:27:49.033]: (0.0, 1.9, 0.5) 7
[20:27:49.054]: (0.0, 1.9, 0.5) 7
[20:27:49.076]: (0.0, 1.9, 0.5) 7
[20:27:49.098]: (0.0, 1.9, 0.5) 7
[20:27:49.120]: (0.0, 1.9, 0.5) 7
[20:27:49.146]: (0.0, 1.9, 0.5) 7
[20:27:49.165]: (0.0, 1.9, 0.5) 7
[20:27:49.188]: (0.0, 1.9, 0.5) 7
[20:27:49.211]: (0.0, 1.9, 0.5) 7
[20:27:49.232]: (0.0, 1.9, 0.5) 7
[20:27:49.255]: (0.0, 1.9, 0.5) 7
[20:27:49.278]: (0.0, 1.9, 0.5) 7
[20:27:49.299]: (0.0, 1.9, 0.5) 7
[20:27:49.323]: (0.0, 1.9, 0.5) 7
[20:27:49.347]: (0.0, 1.9, 0.5) 7
[20:27:49.370]: (0.0, 1.9, 0.5) 7
[20:27:49.391]: (-0.1, 1.6, 0.2) 1
[20:27:49.414]: (-0.1, 1.6, 0.2) 1
[20:27:49.436]: (-0.1, 1.6, 0.2) 1
[20:27:49.458]: (-0.1, 1.6, 0.2) 1
[20:27:49.482]: (-0.1, 1.6, 0.2) 1
[20:27:49.505]: (-0.1, 1.6, 0.2) 1
[20:27:49.524]: (-0.1, 1.6, 0.2) 1
[20:27:49.546]: (-0.1, 1.6, 0.2) 1
[20:27:49.568]: (-0.1, 1.6, 0.2) 1
[20:27:49.590]: (-0.1, 1.6, 0.2) 1
[20:27:49.614]: (-0.1, 1.6, 0.2) 1
[20:27:49.637]: (-0.1, 1.6, 0.2) 1
[20:27:49.657]: (-0.1, 1.6, 0.2) 1
[20:27:49.681]: (-0.1, 1.6, 0.2) 1
[20:27:49.703]: (-0.1, 1.6, 0.2) 1
[20:27:49.725]: (-0.1, 1.6, 0.3) 1
[20:27:50.196]: (0.0, 1.9, 0.5) 7
[20:27:50.215]: (0.0, 1.9, 0.5) 7
[20:27:50.250]: (0.0, 1.9, 0.5) 7
[20:27:50.487]: (0.0, 1.9, 0.5) 7
[20:27:50.665]: (0.0, 1.9, 0.4) 7
[20:27:50.688]: (0.0, 1.9, 0.4) 7
[20:27:50.709]: (0.0, 2.0, 0.4) 7
[20:27:50.732]: (0.0, 2.0, 0.4) 7
[20:27:50.752]: (0.0, 2.0, 0.4) 7
[20:27:50.787]: (0.0, 2.0, 0.4) 7
[20:27:50.804]: (0.0, 2.0, 0.4) 7
[20:27:50.821]: (0.0, 2.0, 0.4) 7
[20:27:50.856]: (0.0, 2.0, 0.4) 7
[20:27:50.910]: (0.0, 2.0, 0.4) 7
[20:27:50.929]: (0.0, 2.0, 0.4) 7
[20:27:53.220]: (0.0, 1.6, 0.3) 1
[20:27:53.264]: (0.0, 1.6, 0.3) 1
[20:27:53.288]: (0.0, 1.6, 0.3) 1
[20:27:53.309]: (0.0, 1.6, 0.3) 1
[20:27:53.332]: (0.0, 1.6, 0.3) 1
[20:27:53.353]: (0.0, 1.6, 0.3) 1
[20:27:53.370]: (0.0, 1.6, 0.3) 1
[20:27:53.391]: (0.0, 1.6, 0.3) 1
[20:27:53.409]: (0.0, 1.6, 0.3) 1
[20:27:53.428]: (0.0, 1.6, 0.3) 1
[20:27:53.446]: (-0.1, 1.6, 0.3) 1
[20:27:53.463]: (-0.1, 1.6, 0.3) 1
[20:27:53.481]: (-0.1, 1.6, 0.3) 1
[20:27:53.498]: (-0.1, 1.6, 0.3) 1
[20:27:53.516]: (-0.1, 1.6, 0.3) 1
[20:27:53.533]: (-0.1, 1.6, 0.3) 1
[20:27:53.553]: (-0.1, 1.6, 0.3) 1
[20:27:53.570]: (-0.1, 1.6, 0.3) 1
[20:27:53.587]: (-0.1, 1.6, 0.3) 1
[20:27:53.605]: (-0.1, 1.6, 0.3) 1
[20:27:53.622]: (-0.1, 1.6, 0.3) 1
[20:27:53.641]: (-0.1, 1.6, 0.3) 1
[20:27:53.661]: (-0.1, 1.6, 0.3) 1
[20:27:53.679]: (-0.1, 1.6, 0.3) 1
[20:27:53.695]: (-0.1, 1.6, 0.3) 1
[20:27:53.713]: (-0.1, 1.6, 0.3) 1
[20:27:53.733]: (-0.1, 1.6, 0.3) 1
[20:27:53.750]: (-0.1, 1.6, 0.3) 1
[20:27:53.769]: (-0.1, 1.6, 0.3) 1
[20:27:53.786]: (-0.1, 1.6, 0.3) 1
[20:27:53.805]: (-0.1, 1.6, 0.3) 1
[20:27:53.823]: (-0.1, 1.6, 0.3) 1
[20:27:53.843]: (-0.1, 1.6, 0.3) 1
[20:27:53.861]: (-0.1, 1.6, 0.3) 1
[20:27:53.881]: (-0.1, 1.6, 0.3) 1
[20:27:53.898]: (-0.1, 1.6, 0.3) 1
[20:27:53.922]: (-0.1, 1.6, 0.3) 1
[20:27:53.944]: (-0.1, 1.6, 0.3) 1
[20:27:53.965]: (-0.1, 1.6, 0.3) 1
[20:27:53.989]: (-0.1, 1.6, 0.3) 1
[20:27:54.009]: (-0.1, 1.6, 0.3) 1
[20:27:54.031]: (-0.1, 1.6, 0.3) 1
[20:27:54.053]: (-0.1, 1.6, 0.3) 1
[20:27:54.076]: (-0.1, 1.6, 0.3) 1
[20:27:54.098]: (-0.1, 1.6, 0.3) 1
[20:27:54.119]: (-0.1, 1.6, 0.3) 1
[20:27:54.141]: (-0.1, 1.6, 0.3) 1
[20:27:54.298]: (-0.1, 1.6, 0.3) 1
[20:27:54.315]: (-0.1, 1.6, 0.3) 1
[20:27:54.332]: (-0.1, 1.6, 0.3) 1
[20:27:54.350]: (-0.1, 1.6, 0.3) 1
[20:27:54.367]: (-0.1, 1.6, 0.3) 1
[20:27:54.385]: (-0.1, 1.6, 0.3) 1
[20:27:54.406]: (-0.1, 1.6, 0.3) 1
[20:27:54.423]: (-0.1, 1.6, 0.3) 1
[20:27:54.442]: (-0.1, 1.6, 0.3) 1
[20:27:54.460]: (-0.1, 1.6, 0.3) 1
[20:27:54.477]: (-0.1, 1.6, 0.2) 1
[20:27:54.495]: (-0.1, 1.6, 0.2) 1
[20:27:54.514]: (-0.1, 1.6, 0.2) 1
[20:27:54.532]: (-0.1, 1.6, 0.2) 1
[20:27:54.551]: (-0.1, 1.6, 0.3) 1
[20:27:54.569]: (-0.1, 1.6, 0.3) 1
[20:27:54.586]: (-0.1, 1.6, 0.3) 1
[20:27:54.606]: (-0.1, 1.6, 0.3) 1
[20:27:54.623]: (-0.1, 1.6, 0.3) 1
[20:27:54.642]: (-0.1, 1.6, 0.3) 1
[20:27:54.661]: (-0.1, 1.6, 0.3) 1
[20:27:54.681]: (-0.1, 1.6, 0.3) 1
[20:27:54.699]: (-0.1, 1.6, 0.3) 1
[20:27:54.718]: (-0.1, 1.6, 0.3) 1
[20:27:54.739]: (-0.1, 1.6, 0.3) 1
[20:27:54.757]: (-0.1, 1.6, 0.3) 1
[20:27:54.776]: (-0.1, 1.6, 0.3) 1
[20:27:54.793]: (-0.1, 1.6, 0.3) 1
[20:27:54.811]: (-0.1, 1.6, 0.3) 1
[20:27:54.828]: (-0.1, 1.6, 0.3) 1
[20:27:54.846]: (-0.1, 1.6, 0.3) 1
[20:27:54.863]: (-0.1, 1.6, 0.3) 1
[20:27:54.886]: (-0.1, 1.6, 0.3) 1
[20:27:54.908]: (-0.1, 1.7, 0.3) 1
[20:27:54.930]: (-0.1, 1.6, 0.2) 1
[20:27:54.952]: (-0.1, 1.6, 0.2) 1
[20:27:54.975]: (-0.1, 1.6, 0.3) 1
[20:27:54.998]: (-0.1, 1.6, 0.3) 1
[20:27:55.020]: (-0.1, 1.6, 0.3) 1
[20:27:55.043]: (-0.1, 1.6, 0.3) 1
[20:27:55.064]: (-0.1, 1.6, 0.3) 1
[20:27:55.086]: (-0.1, 1.6, 0.3) 1
[20:27:55.109]: (-0.1, 1.6, 0.3) 1
[20:27:55.130]: (-0.1, 1.6, 0.2) 1
[20:27:55.153]: (-0.1, 1.6, 0.2) 1
[20:27:55.175]: (-0.1, 1.6, 0.2) 1
[20:27:55.197]: (-0.1, 1.6, 0.2) 1
[20:27:55.219]: (-0.1, 1.6, 0.2) 1
[20:27:55.243]: (-0.1, 1.6, 0.2) 1
[20:27:55.265]: (-0.1, 1.6, 0.2) 1
[20:27:55.284]: (-0.1, 1.6, 0.2) 1
[20:27:55.304]: (-0.1, 1.6, 0.2) 1
[20:27:55.321]: (-0.1, 1.6, 0.2) 1
[20:27:55.339]: (-0.1, 1.6, 0.2) 1
[20:27:55.357]: (-0.1, 1.7, 0.2) 1
[20:27:55.378]: (-0.1, 1.7, 0.2) 1
[20:27:55.395]: (-0.1, 1.7, 0.2) 1
[20:27:55.414]: (-0.1, 1.7, 0.2) 1
[20:27:55.432]: (-0.1, 1.7, 0.2) 1
[20:27:55.450]: (-0.1, 1.7, 0.2) 1
[20:27:55.466]: (-0.1, 1.7, 0.2) 1
[20:27:55.485]: (-0.1, 1.7, 0.2) 1
[20:27:55.552]: (0.0, 1.7, 0.2) 1
[20:27:55.716]: (0.0, 1.7, 0.2) 1
[20:27:55.803]: (0.0, 1.6, 0.2) 1
[20:27:55.823]: (0.0, 1.6, 0.2) 1
[20:27:55.843]: (0.0, 1.7, 0.2) 1
[20:27:55.861]: (0.0, 1.7, 0.2) 1
[20:27:55.879]: (0.0, 1.7, 0.2) 1
[20:27:55.897]: (0.0, 1.7, 0.2) 1
[20:27:55.915]: (0.0, 1.7, 0.2) 1
[20:27:55.931]: (0.0, 1.6, 0.2) 1
[20:27:56.020]: (0.0, 1.6, 0.2) 1
[20:27:56.053]: (0.0, 1.6, 0.2) 1
[20:27:56.086]: (0.0, 1.6, 0.2) 1
[20:27:56.120]: (0.0, 1.6, 0.2) 1
[20:27:56.219]: (0.0, 1.7, 0.2) 1
[20:27:56.251]: (0.0, 1.6, 0.2) 1
[20:27:56.285]: (0.0, 1.6, 0.2) 1
[20:27:56.319]: (0.0, 1.6, 0.2) 1
[20:27:56.351]: (0.0, 1.7, 0.2) 1
[20:27:56.486]: (-0.1, 1.6, 0.2) 1
[20:27:56.522]: (0.0, 1.6, 0.2) 1
[20:27:56.553]: (-0.1, 1.6, 0.2) 1
[20:27:56.585]: (-0.1, 1.6, 0.2) 1
[20:27:56.619]: (-0.1, 1.6, 0.2) 1
[20:27:56.652]: (-0.1, 1.6, 0.2) 1
[20:27:56.674]: (-0.1, 1.6, 0.2) 1
[20:27:56.697]: (-0.1, 1.6, 0.2) 1
[20:27:56.720]: (-0.1, 1.6, 0.2) 1
[20:27:56.740]: (-0.1, 1.6, 0.2) 1
[20:27:56.763]: (-0.1, 1.6, 0.2) 1
[20:27:56.785]: (-0.1, 1.6, 0.2) 1
[20:27:56.807]: (-0.1, 1.6, 0.2) 1
[20:27:56.829]: (-0.1, 1.6, 0.2) 1
[20:27:56.851]: (-0.1, 1.6, 0.2) 1
[20:27:56.985]: (-0.1, 1.6, 0.2) 1
[20:27:57.007]: (-0.1, 1.6, 0.2) 1
[20:27:57.029]: (-0.1, 1.6, 0.2) 1
[20:27:57.052]: (-0.1, 1.6, 0.2) 1
[20:27:57.073]: (-0.1, 1.6, 0.2) 1
[20:27:57.095]: (-0.1, 1.6, 0.2) 1
[20:27:57.117]: (-0.1, 1.6, 0.2) 1
[20:27:57.141]: (-0.1, 1.6, 0.2) 1
[20:27:57.163]: (-0.1, 1.6, 0.2) 1
[20:27:57.184]: (-0.1, 1.6, 0.2) 1
[20:27:57.207]: (-0.1, 1.6, 0.2) 1
[20:27:57.229]: (-0.1, 1.6, 0.2) 1
[20:27:57.250]: (-0.1, 1.6, 0.2) 1
[20:27:57.273]: (0.0, 1.6, 0.2) 1
[20:27:57.298]: (-0.1, 1.6, 0.2) 1
[20:27:57.317]: (-0.1, 1.6, 0.2) 1
[20:27:57.340]: (-0.1, 1.6, 0.2) 1
[20:27:57.362]: (0.0, 1.6, 0.2) 1
[20:27:57.384]: (-0.1, 1.6, 0.2) 1
[20:27:57.477]: (0.1, 1.6, 0.2) 0
[20:27:57.566]: (0.1, 1.6, 0.2) 0
[20:27:57.610]: (0.1, 1.6, 0.2) 0
[20:27:57.631]: (0.1, 1.6, 0.2) 0
[20:27:57.654]: (0.1, 1.6, 0.2) 0
[20:27:57.677]: (0.1, 1.6, 0.2) 0
[20:27:57.697]: (0.1, 1.6, 0.2) 0
[20:27:57.744]: (0.0, 1.6, 0.2) 0
[20:27:57.766]: (0.1, 1.6, 0.2) 0
[20:27:57.787]: (0.1, 1.6, 0.2) 0
[20:27:57.809]: (0.1, 1.6, 0.2) 0
[20:27:57.832]: (0.1, 1.6, 0.2) 0
[20:27:57.853]: (0.1, 1.6, 0.2) 0
[20:27:57.875]: (0.1, 1.6, 0.2) 0
[20:27:57.899]: (0.1, 1.6, 0.2) 0
[20:27:58.168]: (0.1, 1.5, 0.2) 0
[20:27:58.187]: (0.1, 1.5, 0.2) 0
[20:27:58.209]: (0.1, 1.5, 0.2) 0
[20:27:58.226]: (0.1, 1.5, 0.2) 0
[20:27:58.247]: (0.1, 1.5, 0.2) 0
[20:27:58.267]: (0.1, 1.5, 0.2) 0
[20:27:58.287]: (0.1, 1.5, 0.2) 0
[20:27:58.304]: (0.1, 1.5, 0.2) 0
[20:27:58.322]: (0.1, 1.5, 0.2) 0
[20:27:58.344]: (0.1, 1.5, 0.2) 0
[20:27:58.362]: (0.1, 1.5, 0.2) 0
[20:27:58.380]: (0.1, 1.5, 0.2) 0
[20:27:58.397]: (0.1, 1.5, 0.2) 0
[20:27:58.416]: (0.1, 1.5, 0.2) 0
[20:27:58.437]: (0.1, 1.5, 0.2) 0
[20:27:58.455]: (0.1, 1.5, 0.2) 0
[20:27:58.474]: (0.1, 1.5, 0.2) 0
[20:27:58.496]: (0.1, 1.5, 0.2) 0
[20:27:58.517]: (0.1, 1.5, 0.2) 0
[20:27:58.541]: (0.1, 1.5, 0.2) 0
[20:27:58.561]: (0.1, 1.6, 0.2) 0
[20:27:58.584]: (0.1, 1.6, 0.2) 0
[20:27:58.606]: (0.1, 1.6, 0.2) 0
[20:27:58.628]: (0.1, 1.6, 0.2) 0
[20:27:58.651]: (0.1, 1.6, 0.2) 0
[20:27:58.673]: (0.1, 1.6, 0.2) 0
[20:27:58.697]: (0.1, 1.6, 0.2) 0
[20:27:58.717]: (0.1, 1.6, 0.2) 0
[20:27:58.739]: (0.1, 1.6, 0.2) 0
[20:27:58.764]: (0.1, 1.6, 0.2) 0
[20:27:58.784]: (0.1, 1.6, 0.2) 0
[20:27:58.806]: (0.1, 1.6, 0.2) 0
[20:27:58.829]: (0.1, 1.5, 0.2) 0
[20:27:58.851]: (0.1, 1.6, 0.2) 0
[20:27:58.868]: (0.1, 1.6, 0.2) 0
[20:27:58.885]: (0.1, 1.6, 0.2) 0
[20:27:58.903]: (0.1, 1.6, 0.2) 0
[20:27:58.921]: (0.1, 1.6, 0.2) 0
[20:27:58.938]: (0.1, 1.6, 0.2) 0
[20:27:58.955]: (0.1, 1.6, 0.2) 0
[20:27:58.973]: (0.1, 1.6, 0.2) 0
[20:27:58.991]: (0.1, 1.6, 0.2) 0
[20:27:59.024]: (0.1, 1.6, 0.2) 0
[20:27:59.043]: (0.1, 1.6, 0.2) 0
[20:27:59.063]: (0.1, 1.6, 0.2) 0
[20:27:59.081]: (0.1, 1.6, 0.2) 0
[20:27:59.102]: (0.1, 1.6, 0.2) 0
[20:27:59.120]: (0.1, 1.6, 0.2) 0
[20:27:59.139]: (0.1, 1.6, 0.2) 0
[20:27:59.158]: (0.1, 1.5, 0.2) 0
[20:27:59.176]: (0.1, 1.5, 0.2) 0
[20:27:59.195]: (0.1, 1.6, 0.2) 0
[20:27:59.222]: (0.1, 1.6, 0.2) 0
[20:27:59.243]: (0.1, 1.6, 0.2) 0
[20:27:59.266]: (0.1, 1.6, 0.2) 0
[20:27:59.284]: (0.1, 1.6, 0.2) 0
[20:27:59.307]: (0.1, 1.6, 0.2) 0
[20:27:59.325]: (0.1, 1.6, 0.2) 0
[20:27:59.449]: (0.0, 1.6, 0.3) 1
[20:27:59.474]: (-0.1, 1.6, 0.2) 1
[20:27:59.496]: (-0.1, 1.7, 0.2) 1
[20:27:59.519]: (-0.1, 1.7, 0.3) 1
[20:27:59.542]: (-0.1, 1.7, 0.2) 1
[20:27:59.563]: (-0.1, 1.7, 0.3) 1
[20:27:59.584]: (-0.1, 1.7, 0.3) 1
[20:27:59.608]: (-0.1, 1.7, 0.3) 1
[20:27:59.628]: (-0.1, 1.7, 0.2) 1
[20:27:59.651]: (-0.1, 1.7, 0.2) 1
[20:27:59.681]: (-0.1, 1.7, 0.3) 1
[20:27:59.703]: (-0.1, 1.7, 0.2) 1
[20:27:59.723]: (-0.1, 1.7, 0.2) 1
[20:27:59.744]: (-0.1, 1.7, 0.2) 1
[20:27:59.762]: (-0.1, 1.7, 0.2) 1
[20:27:59.783]: (-0.1, 1.7, 0.2) 1
[20:27:59.806]: (-0.1, 1.7, 0.2) 1
[20:27:59.828]: (-0.1, 1.7, 0.2) 1
[20:27:59.852]: (-0.1, 1.6, 0.3) 1
[20:27:59.873]: (-0.1, 1.6, 0.3) 1
[20:28:00.091]: (-0.1, 2.0, 0.5) 7
[20:28:00.200]: (-0.1, 2.0, 0.5) 7
[20:28:00.217]: (-0.1, 2.0, 0.5) 7
[20:28:00.236]: (-0.1, 2.0, 0.5) 7
[20:28:00.256]: (-0.1, 2.0, 0.5) 7
[20:28:00.274]: (0.0, 1.9, 0.5) 7
[20:28:00.295]: (0.0, 1.9, 0.5) 7
[20:28:00.347]: (-0.1, 2.0, 0.5) 7
[20:28:00.384]: (-0.1, 2.0, 0.5) 7
[20:28:00.406]: (-0.1, 2.0, 0.5) 7
[20:28:00.428]: (-0.1, 2.0, 0.5) 7
[20:28:01.151]: (0.0, 2.0, 0.5) 7
[20:28:01.650]: (-0.9, 1.7, 0.6) 3
[20:28:01.693]: (-0.9, 1.7, 0.6) 3
[20:28:01.713]: (-0.9, 1.7, 0.6) 3
[20:28:01.730]: (-0.9, 1.7, 0.6) 3
[20:28:01.845]: (-0.9, 1.7, 0.5) 3
[20:28:01.944]: (-0.9, 1.7, 0.5) 3
[20:28:02.029]: (-1.0, 1.7, 0.5) 3
[20:28:02.047]: (-1.0, 1.7, 0.5) 3
[20:28:02.084]: (-0.9, 1.7, 0.5) 3
[20:28:02.105]: (-1.0, 1.7, 0.5) 3
[20:28:02.128]: (-0.9, 1.7, 0.5) 3
[20:28:02.154]: (-0.9, 1.7, 0.5) 3
[20:28:02.175]: (-0.9, 1.7, 0.5) 3
[20:28:02.199]: (-0.9, 1.7, 0.5) 3
[20:28:02.793]: (-0.9, 1.7, 0.5) 3
[20:28:03.327]: (-0.9, 1.7, 0.5) 3
[20:28:03.371]: (-0.9, 1.7, 0.5) 3
[20:28:03.393]: (-0.9, 1.7, 0.5) 3
[20:28:03.415]: (-0.9, 1.7, 0.5) 3
[20:28:03.438]: (-0.9, 1.7, 0.5) 3
[20:28:03.459]: (-0.9, 1.7, 0.5) 3
[20:28:03.481]: (-0.9, 1.7, 0.5) 3
[20:28:03.504]: (-0.9, 1.7, 0.5) 3
[20:28:03.526]: (-0.9, 1.7, 0.5) 3
[20:28:03.549]: (-0.9, 1.7, 0.5) 3
[20:28:03.571]: (-0.9, 1.7, 0.5) 3
[20:28:03.593]: (-0.9, 1.7, 0.5) 3
[20:28:03.615]: (-0.9, 1.7, 0.5) 3
[20:28:03.637]: (-0.9, 1.7, 0.5) 3
[20:28:03.661]: (-0.9, 1.7, 0.5) 3
[20:28:03.681]: (-0.9, 1.7, 0.5) 3
[20:28:03.704]: (-0.9, 1.7, 0.5) 3
[20:28:03.725]: (-0.9, 1.7, 0.5) 3
[20:28:03.748]: (-0.9, 1.7, 0.5) 3
[20:28:03.771]: (-0.9, 1.7, 0.5) 3
[20:28:03.795]: (-0.9, 1.7, 0.5) 3
[20:28:03.817]: (-0.9, 1.7, 0.5) 3
[20:28:03.841]: (-0.9, 1.7, 0.5) 3
[20:28:03.863]: (-0.9, 1.7, 0.5) 3
[20:28:03.885]: (-0.9, 1.7, 0.5) 3
[20:28:03.908]: (-0.9, 1.7, 0.5) 3
[20:28:03.931]: (-0.9, 1.7, 0.5) 3
[20:28:03.951]: (-0.9, 1.7, 0.5) 3
[20:28:03.974]: (-0.9, 1.7, 0.5) 3
[20:28:03.995]: (-0.9, 1.7, 0.5) 3
[20:28:04.020]: (-0.9, 1.7, 0.5) 3
[20:28:04.040]: (-0.9, 1.7, 0.5) 3
[20:28:04.062]: (-0.9, 1.7, 0.5) 3
[20:28:04.086]: (-0.9, 1.7, 0.5) 3
[20:28:04.106]: (-0.9, 1.7, 0.5) 3
[20:28:04.129]: (-0.9, 1.7, 0.5) 3
[20:28:04.152]: (-0.9, 1.7, 0.5) 3
[20:28:04.173]: (-0.9, 1.7, 0.5) 3
[20:28:04.195]: (-0.9, 1.7, 0.5) 3
[20:28:04.220]: (-0.9, 1.7, 0.5) 3
[20:28:04.239]: (-0.9, 1.7, 0.5) 3
[20:28:04.262]: (-0.9, 1.7, 0.5) 3
[20:28:04.286]: (-0.9, 1.7, 0.5) 3
[20:28:04.307]: (-0.9, 1.7, 0.5) 3
[20:28:04.324]: (-0.9, 1.7, 0.5) 3
[20:28:04.340]: (-0.9, 1.7, 0.5) 3
[20:28:04.359]: (-0.9, 1.7, 0.5) 3
[20:28:04.377]: (-0.9, 1.7, 0.5) 3
[20:28:04.394]: (-0.9, 1.7, 0.5) 3
[20:28:04.412]: (-0.9, 1.7, 0.5) 3
[20:28:04.429]: (-0.9, 1.7, 0.5) 3
[20:28:04.449]: (-0.9, 1.7, 0.5) 3
[20:28:04.470]: (-0.9, 1.7, 0.5) 3
[20:28:04.486]: (-0.9, 1.7, 0.6) 3
[20:28:04.695]: (-0.8, 1.8, 0.7) 2
[20:28:04.714]: (-0.8, 1.8, 0.7) 2
[20:28:04.766]: (-0.8, 1.8, 0.7) 2
[20:28:04.783]: (-0.8, 1.8, 0.7) 2
[20:28:04.799]: (-0.8, 1.8, 0.6) 2
[20:28:04.819]: (-0.8, 1.8, 0.6) 2
[20:28:04.838]: (-0.8, 1.8, 0.6) 2
[20:28:04.858]: (-0.8, 1.8, 0.6) 2
[20:28:04.943]: (-0.8, 1.8, 0.6) 2
[20:28:04.960]: (-0.8, 1.8, 0.6) 2
[20:28:04.978]: (-0.8, 1.8, 0.6) 2
[20:28:04.995]: (-0.8, 1.8, 0.7) 2
[20:28:05.013]: (-0.8, 1.8, 0.6) 2
[20:28:05.031]: (-0.8, 1.8, 0.7) 2
[20:28:05.049]: (-0.8, 1.8, 0.7) 2
[20:28:05.070]: (-0.8, 1.8, 0.7) 2
[20:28:05.103]: (-0.8, 1.8, 0.7) 2
[20:28:05.137]: (-0.8, 1.8, 0.7) 2
[20:28:05.170]: (-0.8, 1.8, 0.7) 2
[20:28:05.203]: (-0.8, 1.8, 0.7) 2
[20:28:05.238]: (-0.8, 1.8, 0.7) 2
[20:28:05.270]: (-0.8, 1.8, 0.7) 2
[20:28:05.305]: (-0.8, 1.8, 0.7) 2
[20:28:05.438]: (-0.8, 1.8, 0.7) 2
[20:28:05.470]: (-0.8, 1.8, 0.7) 2
[20:28:05.503]: (-0.8, 1.8, 0.7) 2
[20:28:05.538]: (-0.8, 1.8, 0.7) 2
[20:28:05.570]: (-0.8, 1.8, 0.7) 2
[20:28:05.604]: (-0.8, 1.8, 0.7) 2
[20:28:05.636]: (-0.8, 1.8, 0.7) 2
[20:28:05.803]: (-0.8, 1.8, 0.7) 2
[20:28:05.869]: (-0.8, 1.8, 0.7) 2
[20:28:05.892]: (-0.8, 1.8, 0.7) 2
[20:28:06.314]: (-0.8, 1.8, 0.7) 2
[20:28:06.469]: (-0.8, 1.8, 0.7) 2
[20:28:06.491]: (-0.8, 1.8, 0.7) 2
[20:28:06.516]: (-0.8, 1.8, 0.7) 2
[20:28:06.538]: (-0.8, 1.8, 0.7) 2
[20:28:06.563]: (-0.8, 1.8, 0.7) 2
[20:28:06.628]: (-0.8, 1.8, 0.7) 2
[20:28:06.718]: (-0.8, 1.8, 0.7) 2
[20:28:06.739]: (-0.8, 1.8, 0.7) 2
[20:28:06.761]: (-0.8, 1.8, 0.7) 2
[20:28:06.829]: (-0.8, 1.8, 0.7) 2
[20:28:06.851]: (-0.8, 1.8, 0.7) 2
[20:28:07.289]: (-0.8, 1.8, 0.7) 2
[20:28:07.323]: (-0.8, 1.8, 0.7) 2
[20:28:07.341]: (-0.8, 1.8, 0.7) 2
[20:28:07.359]: (-0.8, 1.8, 0.7) 2
[20:28:07.375]: (-0.8, 1.8, 0.7) 2
[20:28:07.393]: (-0.8, 1.8, 0.7) 2
[20:28:07.411]: (-0.8, 1.8, 0.7) 2
[20:28:07.429]: (-0.8, 1.8, 0.7) 2
[20:28:07.480]: (-0.8, 1.8, 0.7) 2
[20:28:07.502]: (-0.8, 1.8, 0.7) 2
[20:28:07.526]: (-0.8, 1.8, 0.7) 2
[20:28:08.725]: (-0.9, 1.7, 0.5) 3
[20:28:08.748]: (-0.9, 1.7, 0.5) 3
[20:28:08.773]: (-0.9, 1.7, 0.5) 3
[20:28:08.793]: (-0.9, 1.7, 0.5) 3
[20:28:08.813]: (-0.9, 1.7, 0.5) 3
[20:28:08.836]: (-0.9, 1.7, 0.5) 3
[20:28:08.855]: (-0.9, 1.7, 0.5) 3
[20:28:08.871]: (-0.9, 1.7, 0.5) 3
[20:28:08.888]: (-0.9, 1.7, 0.5) 3
[20:28:08.905]: (-0.9, 1.7, 0.5) 3
[20:28:08.923]: (-0.9, 1.7, 0.5) 3
[20:28:08.939]: (-0.9, 1.7, 0.5) 3
[20:28:08.959]: (-0.9, 1.7, 0.5) 3
[20:28:08.976]: (-0.9, 1.7, 0.5) 3
[20:28:08.993]: (-0.9, 1.7, 0.5) 3
[20:28:09.011]: (-0.9, 1.7, 0.5) 3
[20:28:09.028]: (-0.9, 1.7, 0.5) 3
[20:28:09.046]: (-0.9, 1.7, 0.5) 3
[20:28:09.066]: (-0.9, 1.7, 0.5) 3
[20:28:09.083]: (-0.9, 1.7, 0.5) 3
[20:28:09.103]: (-0.9, 1.7, 0.5) 3
[20:28:09.121]: (-0.9, 1.7, 0.5) 3
[20:28:09.140]: (-0.9, 1.7, 0.5) 3
[20:28:09.160]: (-0.9, 1.7, 0.5) 3
[20:28:09.177]: (-0.9, 1.7, 0.5) 3
[20:28:09.195]: (-0.9, 1.7, 0.5) 3
[20:28:09.212]: (-0.9, 1.7, 0.5) 3
[20:28:09.229]: (-0.9, 1.7, 0.5) 3
[20:28:09.249]: (-0.9, 1.7, 0.5) 3
[20:28:09.267]: (-0.9, 1.7, 0.5) 3
[20:28:09.285]: (-0.9, 1.7, 0.5) 3
[20:28:09.304]: (-0.9, 1.7, 0.5) 3
[20:28:09.322]: (-0.9, 1.7, 0.5) 3
[20:28:09.341]: (-0.9, 1.7, 0.5) 3
[20:28:09.358]: (-0.9, 1.7, 0.5) 3
[20:28:09.380]: (-0.9, 1.7, 0.5) 3
[20:28:09.401]: (-0.9, 1.7, 0.5) 3
[20:28:09.426]: (-0.9, 1.7, 0.5) 3
[20:28:09.447]: (-0.9, 1.7, 0.5) 3
[20:28:11.105]: (-0.9, 2.0, 0.7) 4
[20:28:11.140]: (-0.9, 2.0, 0.7) 4
[20:28:11.202]: (-0.9, 2.0, 0.7) 4
[20:28:11.223]: (-0.9, 2.0, 0.7) 4
[20:28:11.246]: (-0.9, 2.0, 0.7) 4
[20:28:11.269]: (-0.9, 2.0, 0.7) 4
[20:28:11.291]: (-0.9, 2.0, 0.7) 4
[20:28:11.358]: (-0.9, 2.0, 0.7) 4
[20:28:11.381]: (-0.9, 2.0, 0.7) 4
[20:28:11.402]: (-1.1, 2.2, 1.0) 5
[20:28:11.423]: (-0.9, 2.0, 0.7) 4
[20:28:11.448]: (-0.9, 2.0, 0.7) 4
[20:28:11.467]: (-0.9, 2.0, 0.7) 4
[20:28:11.968]: (-0.9, 2.0, 0.7) 4
[20:28:11.985]: (-0.9, 2.0, 0.7) 4
[20:28:12.004]: (-0.9, 2.0, 0.7) 4
[20:28:12.021]: (-0.9, 2.0, 0.7) 4
[20:28:12.038]: (-0.9, 2.0, 0.7) 4
[20:28:12.057]: (-0.9, 2.0, 0.7) 4
[20:28:12.149]: (-0.8, 1.9, 0.6) 2
[20:28:12.168]: (-0.8, 1.9, 0.6) 2
[20:28:12.190]: (-0.8, 1.9, 0.6) 2
[20:28:12.211]: (-0.8, 1.9, 0.6) 2
[20:28:12.234]: (-0.8, 1.9, 0.6) 2
[20:28:12.258]: (-0.8, 1.9, 0.6) 2
[20:28:12.279]: (-0.8, 1.9, 0.6) 2
[20:28:12.326]: (-0.8, 1.9, 0.6) 2
[20:28:12.344]: (-0.8, 1.9, 0.6) 2
[20:28:12.392]: (-0.8, 1.9, 0.6) 2
[20:28:12.468]: (-0.8, 1.9, 0.6) 2
[20:28:12.488]: (-0.8, 1.9, 0.6) 2
[20:28:12.509]: (-0.8, 1.9, 0.6) 2
[20:28:12.530]: (-0.8, 1.9, 0.6) 2
[20:28:12.548]: (-0.8, 1.9, 0.6) 2
[20:28:12.566]: (-0.8, 1.9, 0.6) 2
[20:28:12.584]: (-0.8, 1.9, 0.6) 2
[20:28:12.602]: (-0.8, 1.9, 0.6) 2
[20:28:12.620]: (-1.0, 2.2, 1.0) 5
[20:28:12.639]: (-0.9, 2.0, 0.7) 4
[20:28:12.658]: (-0.9, 2.0, 0.8) 4
[20:28:12.675]: (-0.9, 2.0, 0.7) 4
[20:28:12.709]: (-1.0, 2.2, 1.0) 5
[20:28:12.727]: (-1.0, 2.2, 1.0) 5
[20:28:12.745]: (-1.0, 2.2, 1.1) 5
[20:28:12.761]: (-1.1, 2.2, 1.1) 5
[20:28:12.780]: (-0.9, 2.0, 0.8) 4
[20:28:12.815]: (-1.0, 2.2, 1.0) 5
[20:28:12.834]: (-1.0, 2.2, 1.0) 5
[20:28:12.851]: (-0.9, 2.0, 0.7) 4
[20:28:12.869]: (-1.0, 2.2, 1.0) 5
[20:28:12.888]: (-1.1, 2.2, 1.0) 5
[20:28:12.906]: (-0.9, 2.0, 0.7) 4
[20:28:12.925]: (-0.9, 2.0, 0.7) 4
[20:28:12.944]: (-1.1, 2.2, 1.1) 5
[20:28:12.960]: (-0.9, 2.0, 0.7) 4
[20:28:12.979]: (-0.9, 2.0, 0.7) 4
[20:28:13.002]: (-0.9, 2.0, 0.7) 4
[20:28:13.023]: (-0.9, 2.1, 0.7) 4
[20:28:13.045]: (-0.9, 2.1, 0.7) 4
[20:28:13.089]: (-0.9, 2.1, 0.7) 4
[20:28:13.245]: (-0.9, 2.0, 0.7) 4
[20:28:13.356]: (-0.8, 1.9, 0.6) 2
[20:28:13.378]: (-0.8, 1.8, 0.6) 2
[20:28:13.412]: (-0.8, 1.9, 0.6) 2
[20:28:13.431]: (-1.1, 2.2, 1.0) 5
[20:28:13.468]: (-0.7, 1.9, 0.6) 2
[20:28:13.486]: (-0.8, 1.9, 0.6) 2
[20:28:13.576]: (-0.8, 1.9, 0.6) 2
[20:28:13.595]: (-0.8, 1.8, 0.6) 2
[20:28:13.625]: (-0.8, 1.8, 0.6) 2
[20:28:13.645]: (-0.8, 1.8, 0.6) 2
[20:28:13.665]: (-0.8, 1.8, 0.6) 2
[20:28:13.685]: (-0.8, 1.8, 0.6) 2
[20:28:13.705]: (-0.8, 1.8, 0.6) 2
[20:28:13.725]: (-0.8, 1.8, 0.6) 2
[20:28:13.743]: (-0.8, 1.8, 0.6) 2
[20:28:13.762]: (-1.1, 2.2, 1.0) 5
[20:28:13.847]: (-0.8, 1.9, 0.6) 2
[20:28:13.865]: (-0.8, 1.9, 0.6) 2
[20:28:13.888]: (-0.8, 1.8, 0.6) 2
[20:28:13.907]: (-0.8, 1.8, 0.6) 2
[20:28:18.876]: (-0.1, 1.7, 0.3) 1
[20:28:18.900]: (-0.1, 1.7, 0.2) 1
[20:28:18.921]: (-0.1, 1.7, 0.2) 1
[20:28:18.943]: (-0.1, 1.7, 0.2) 1
[20:28:18.966]: (-0.1, 1.7, 0.2) 1
[20:28:18.987]: (-0.1, 1.7, 0.2) 1
[20:28:19.008]: (-0.1, 1.7, 0.2) 1
[20:28:19.031]: (-0.1, 1.7, 0.2) 1
[20:28:19.050]: (-0.1, 1.7, 0.2) 1
[20:28:19.069]: (-0.1, 1.7, 0.2) 1
[20:28:19.088]: (-0.1, 1.7, 0.2) 1
[20:28:19.106]: (-0.1, 1.7, 0.2) 1
[20:28:19.125]: (-0.1, 1.7, 0.2) 1
[20:28:19.145]: (-0.1, 1.7, 0.2) 1
[20:28:19.164]: (-0.1, 1.7, 0.2) 1
[20:28:19.183]: (-0.1, 1.7, 0.2) 1
[20:28:19.201]: (-0.1, 1.7, 0.2) 1
[20:28:19.220]: (-0.1, 1.7, 0.2) 1
[20:28:19.238]: (-0.1, 1.7, 0.2) 1
[20:28:19.254]: (-0.1, 1.7, 0.2) 1
[20:28:19.272]: (-0.1, 1.7, 0.2) 1
[20:28:19.289]: (-0.1, 1.7, 0.2) 1
[20:28:19.310]: (-0.1, 1.7, 0.2) 1
[20:28:19.327]: (-0.1, 1.7, 0.2) 1
[20:28:19.346]: (-0.1, 1.7, 0.2) 1
[20:28:19.365]: (-0.1, 1.7, 0.2) 1
[20:28:19.383]: (-0.1, 1.7, 0.2) 1
[20:28:19.400]: (-0.1, 1.7, 0.2) 1
[20:28:19.419]: (-0.1, 1.7, 0.2) 1
[20:28:19.438]: (-0.1, 1.7, 0.2) 1
[20:28:19.457]: (-0.1, 1.7, 0.2) 1
[20:28:19.476]: (-0.1, 1.7, 0.2) 1
[20:28:19.495]: (-0.1, 1.7, 0.2) 1
[20:28:19.513]: (-0.1, 1.7, 0.3) 1
[20:28:19.608]: (-0.1, 1.7, 0.3) 1
[20:28:19.631]: (-0.1, 1.7, 0.3) 1
[20:28:19.655]: (-0.1, 1.7, 0.3) 1
[20:28:19.675]: (-0.1, 1.7, 0.3) 1
[20:28:19.697]: (-0.1, 1.7, 0.3) 1
[20:28:19.721]: (-0.1, 1.7, 0.3) 1
[20:28:19.741]: (-0.1, 1.7, 0.3) 1
[20:28:19.765]: (-0.1, 1.7, 0.3) 1
[20:28:19.788]: (-0.1, 1.7, 0.3) 1
[20:28:19.809]: (-0.1, 1.7, 0.3) 1
[20:28:19.832]: (-0.1, 1.7, 0.3) 1
[20:28:19.854]: (-0.1, 1.7, 0.3) 1
[20:28:19.876]: (-0.1, 1.7, 0.3) 1
[20:28:19.898]: (-0.1, 1.7, 0.3) 1
[20:28:19.920]: (-0.1, 1.7, 0.3) 1
[20:28:19.942]: (-0.1, 1.7, 0.3) 1
[20:28:19.965]: (-0.1, 1.7, 0.3) 1
[20:28:19.987]: (-0.1, 1.7, 0.3) 1
[20:28:20.009]: (-0.1, 1.7, 0.3) 1
[20:28:20.026]: (-0.1, 1.7, 0.3) 1
[20:28:20.043]: (-0.1, 1.7, 0.3) 1
[20:28:20.198]: (-0.1, 1.7, 0.3) 1
[20:28:20.216]: (-0.1, 1.7, 0.3) 1
[20:28:20.235]: (-0.1, 1.7, 0.3) 1
[20:28:20.254]: (-0.1, 1.7, 0.3) 1
[20:28:20.272]: (-0.1, 1.7, 0.3) 1
[20:28:20.292]: (-0.1, 1.7, 0.3) 1
[20:28:20.312]: (-0.1, 1.7, 0.3) 1
[20:28:20.331]: (-0.1, 1.7, 0.3) 1
[20:28:20.350]: (-0.1, 1.7, 0.3) 1
[20:28:20.368]: (-0.1, 1.7, 0.3) 1
[20:28:20.388]: (-0.1, 1.7, 0.3) 1
[20:28:20.408]: (-0.1, 1.7, 0.3) 1
[20:28:20.425]: (-0.1, 1.7, 0.3) 1
[20:28:20.444]: (-0.1, 1.7, 0.3) 1
[20:28:20.462]: (-0.1, 1.7, 0.3) 1
[20:28:20.482]: (-0.1, 1.7, 0.3) 1
[20:28:20.498]: (-0.1, 1.7, 0.3) 1
[20:28:20.516]: (-0.1, 1.7, 0.3) 1
[20:28:20.618]: (-0.1, 1.7, 0.3) 1
[20:28:20.641]: (-0.1, 1.7, 0.3) 1
[20:28:20.664]: (-0.1, 1.7, 0.3) 1
[20:28:20.687]: (-0.1, 1.7, 0.3) 1
[20:28:20.708]: (-0.1, 1.7, 0.3) 1
[20:28:20.775]: (-0.1, 1.7, 0.3) 1
[20:28:20.798]: (-0.1, 1.7, 0.3) 1
[20:28:20.819]: (-0.1, 1.7, 0.3) 1
[20:28:20.841]: (-0.1, 1.7, 0.3) 1
[20:28:20.864]: (-0.1, 1.7, 0.3) 1
[20:28:20.888]: (-0.1, 1.7, 0.3) 1
[20:28:20.908]: (-0.1, 1.7, 0.3) 1
[20:28:20.931]: (-0.1, 1.7, 0.3) 1
[20:28:20.954]: (-0.1, 1.7, 0.3) 1
[20:28:20.975]: (-0.1, 1.7, 0.3) 1
[20:28:20.995]: (-0.1, 1.7, 0.3) 1
[20:28:21.206]: (-0.1, 1.7, 0.3) 1
[20:28:21.223]: (-0.1, 1.7, 0.3) 1
[20:28:21.240]: (-0.1, 1.7, 0.3) 1
[20:28:21.258]: (-0.1, 1.7, 0.3) 1
[20:28:21.275]: (-0.1, 1.7, 0.3) 1
[20:28:21.310]: (-0.1, 1.7, 0.3) 1
