[20:49:03.122]: (-1.1, 0.4, 0.4) 15
[20:49:03.435]: (-1.1, 0.4, 0.4) 15
[20:49:03.454]: (-1.1, 0.4, 0.4) 15
[20:49:03.472]: (-1.1, 0.4, 0.4) 15
[20:49:03.490]: (-1.1, 0.4, 0.4) 15
[20:49:03.509]: (-1.1, 0.4, 0.4) 15
[20:49:03.528]: (-1.1, 0.4, 0.4) 15
[20:49:03.546]: (-1.1, 0.4, 0.4) 15
[20:49:03.564]: (-1.1, 0.4, 0.4) 15
[20:49:03.583]: (-1.1, 0.4, 0.4) 15
[20:49:03.607]: (-1.1, 0.4, 0.4) 15
[20:49:03.624]: (-1.1, 0.4, 0.4) 15
[20:49:03.643]: (-1.1, 0.4, 0.4) 15
[20:49:03.662]: (-1.1, 0.4, 0.4) 15
[20:49:03.680]: (-1.1, 0.4, 0.4) 15
[20:49:03.699]: (-1.1, 0.4, 0.4) 15
[20:49:03.718]: (-1.1, 0.4, 0.4) 15
[20:49:03.735]: (-1.1, 0.4, 0.4) 15
[20:49:03.755]: (-1.1, 0.4, 0.4) 15
[20:49:03.775]: (-1.1, 0.4, 0.4) 15
[20:49:03.799]: (-1.1, 0.4, 0.4) 15
[20:49:03.820]: (-1.1, 0.4, 0.4) 15
[20:49:03.844]: (-1.1, 0.4, 0.4) 15
[20:49:03.863]: (-1.1, 0.4, 0.4) 15
[20:49:09.370]: (-1.3, 1.0, 0.4) 8
[20:49:09.633]: (-1.4, 1.0, 0.6) 6
[20:49:09.679]: (-1.4, 1.0, 0.6) 6
[20:49:09.703]: (-1.3, 1.0, 0.5) 7
[20:49:09.730]: (-1.3, 1.0, 0.5) 7
[20:49:09.782]: (-1.3, 1.0, 0.4) 8
[20:49:09.805]: (-1.3, 1.1, 0.4) 8
[20:49:09.822]: (-1.3, 1.0, 0.4) 8
[20:49:09.841]: (-1.3, 1.0, 0.4) 8
[20:49:09.857]: (-1.3, 1.0, 0.4) 8
[20:49:09.877]: (-1.3, 1.0, 0.4) 8
[20:49:09.897]: (-1.3, 1.0, 0.4) 8
[20:49:09.929]: (-1.3, 1.0, 0.4) 8
[20:49:09.963]: (-1.3, 1.0, 0.4) 8
[20:49:09.996]: (-1.3, 1.0, 0.4) 8
[20:49:10.030]: (-1.3, 1.0, 0.4) 8
[20:49:10.062]: (-1.3, 1.1, 0.4) 8
[20:49:10.104]: (-1.3, 1.0, 0.4) 8
[20:49:10.134]: (-1.3, 1.0, 0.4) 8
[20:49:10.167]: (-1.3, 1.0, 0.4) 8
[20:49:10.196]: (-1.3, 1.0, 0.4) 8
[20:49:10.241]: (-1.3, 1.0, 0.5) 8
[20:49:47.860]: (-0.7, 0.5, 0.9) 9
[20:49:48.270]: (-0.7, 0.5, 0.9) 9
[20:49:48.346]: (-0.8, 0.6, 0.9) 9
[20:49:48.897]: (-0.8, 0.6, 0.9) 9
[20:49:52.213]: (-0.6, 0.0, 1.2) 0
[20:49:52.234]: (-0.6, 0.0, 1.3) 0
[20:49:52.538]: (-0.5, -0.1, 1.7) 16
[20:49:52.822]: (-0.5, 0.0, 1.7) 16
[20:49:52.844]: (-0.5, -0.1, 1.7) 16
[20:49:52.866]: (-0.5, -0.1, 1.7) 16
[20:49:53.132]: (-0.5, 0.0, 1.6) 16
[20:49:53.155]: (-0.5, 0.0, 1.6) 16
[20:49:53.200]: (-0.6, 0.1, 1.3) 0
[20:49:53.777]: (-0.8, -0.2, 1.4) 14
[20:49:54.234]: (-0.7, 0.1, 1.4) 1
[20:49:54.268]: (-0.7, 0.1, 1.4) 1
[20:50:55.876]: (0.4, -0.3, 2.1) 7
[20:50:55.957]: (0.5, -0.3, 2.1) 7
[20:50:55.990]: (0.3, 0.0, 1.7) 15
[20:50:56.010]: (0.3, 0.0, 1.7) 15
[20:50:56.029]: (0.3, 0.0, 1.7) 15
[20:50:56.063]: (0.3, 0.0, 1.7) 15
[20:50:56.663]: (0.3, -0.2, 2.4) 16
[20:50:56.709]: (0.3, -0.2, 2.4) 16
[20:50:56.730]: (0.3, -0.2, 2.4) 16
[20:50:56.753]: (0.4, -0.1, 2.4) 16
[20:50:56.775]: (0.3, -0.2, 2.4) 16
[20:51:00.515]: (-0.3, 0.2, 2.2) 12
[20:51:00.597]: (-0.1, -0.7, 3.2) 4
[20:51:00.666]: (0.0, -0.7, 3.2) 4
[20:51:00.686]: (-0.1, -0.6, 3.2) 4
[20:51:00.703]: (0.0, -0.7, 3.2) 4
[20:51:00.737]: (0.0, -0.7, 3.2) 4
[20:51:01.385]: (-0.3, 0.3, 1.8) 11
[20:51:02.597]: (-0.3, 0.0, 1.6) 9
[20:51:02.631]: (-0.3, 0.2, 2.2) 12
[20:51:07.703]: (0.0, -0.3, 2.1) 1
[20:51:07.748]: (0.0, -0.3, 2.1) 1
[20:51:08.629]: (0.0, -0.7, 3.2) 4
[20:51:14.434]: (0.0, -0.7, 3.3) 4
[20:51:14.805]: (-0.1, -0.7, 3.3) 4
[20:51:14.919]: (0.0, -0.7, 3.3) 4
[20:51:15.300]: (-0.1, -0.7, 3.4) 5
[20:51:15.323]: (-0.1, -0.7, 3.4) 5
[20:51:15.345]: (-0.1, -0.6, 3.4) 5
[20:51:15.367]: (-0.1, -0.6, 3.4) 5
[20:51:15.389]: (-0.2, -0.6, 3.4) 5
[20:51:15.411]: (-0.2, -0.6, 3.5) 5
[20:51:15.433]: (-0.1, -0.6, 3.5) 5
[20:51:15.456]: (-0.1, -0.6, 3.5) 5
[20:51:15.478]: (-0.1, -0.6, 3.5) 5
[20:51:15.524]: (-0.1, -0.6, 3.5) 5
[20:51:15.545]: (-0.1, -0.6, 3.4) 5
[20:51:15.566]: (-0.1, -0.7, 3.4) 5
[20:51:15.589]: (-0.1, -0.6, 3.4) 5
[20:51:16.233]: (-0.3, 0.3, 1.8) 11
[20:51:16.256]: (-0.3, 0.2, 1.8) 11
[20:51:16.277]: (-0.3, 0.3, 1.8) 11
[20:51:16.300]: (-0.3, 0.3, 1.8) 11
[20:51:16.322]: (-0.3, 0.3, 1.8) 11
[20:51:16.344]: (-0.3, 0.3, 1.8) 11
[20:51:16.366]: (-0.4, 0.3, 1.8) 11
[20:51:16.390]: (-0.4, 0.3, 1.8) 11
[20:51:17.410]: (-0.3, 0.3, 1.8) 11
[20:51:17.428]: (-0.3, 0.3, 1.8) 11
[20:51:17.445]: (-0.3, 0.3, 1.8) 11
[20:51:21.979]: (-0.2, -0.7, 3.4) 5
[20:51:23.128]: (-0.2, 0.2, 2.2) 12
[20:51:23.146]: (-0.2, 0.3, 2.2) 12
[20:51:23.165]: (-0.2, 0.3, 2.2) 12
[20:51:23.183]: (-0.2, 0.3, 2.2) 12
[20:51:23.201]: (-0.2, 0.3, 2.2) 12
[20:51:23.244]: (-0.2, 0.2, 2.2) 12
[20:51:23.264]: (-0.2, 0.3, 2.2) 12
[20:51:23.287]: (-0.2, 0.3, 2.2) 12
[20:51:23.312]: (-0.2, 0.2, 2.2) 12
[20:51:23.357]: (-0.2, 0.2, 2.2) 12
[20:52:32.488]: (-0.4, 3.8, 1.3) 1
[20:52:32.510]: (-0.3, 3.8, 1.3) 0
[20:52:32.535]: (-0.3, 3.8, 1.3) 0
[20:52:32.556]: (-0.3, 3.8, 1.3) 0
[20:52:32.577]: (-0.3, 3.8, 1.3) 0
[20:52:32.599]: (-0.2, 3.9, 1.4) 8
[20:52:32.621]: (-0.2, 3.9, 1.4) 8
[20:52:32.645]: (-0.3, 3.9, 1.4) 8
[20:52:32.903]: (-0.4, 4.0, 1.3) 7
[20:52:32.925]: (-0.4, 4.0, 1.3) 7
[20:52:32.947]: (-0.4, 4.0, 1.3) 7
[20:52:33.191]: (-0.6, 4.0, 1.3) 16
[20:52:33.215]: (-0.6, 4.0, 1.3) 16
[20:52:33.238]: (-0.6, 4.0, 1.3) 16
[20:52:33.259]: (-0.6, 4.0, 1.3) 16
[20:52:33.281]: (-0.6, 4.0, 1.3) 16
[20:52:33.302]: (-0.6, 4.0, 1.3) 16
[20:52:33.326]: (-0.6, 4.0, 1.3) 16
[20:52:33.414]: (-0.4, 4.0, 1.4) 7
[20:52:33.460]: (-0.6, 4.0, 1.2) 16
[20:52:33.481]: (-0.6, 4.1, 1.2) 16
[20:52:33.504]: (-0.6, 4.0, 1.2) 16
[20:52:33.530]: (-0.6, 4.0, 1.2) 16
[20:52:33.617]: (-0.6, 4.0, 1.2) 16
[20:52:33.644]: (-0.6, 4.0, 1.2) 16
[20:52:33.671]: (-0.6, 4.0, 1.2) 16
[20:52:33.705]: (-0.6, 4.0, 1.2) 16
[20:52:33.727]: (-0.6, 4.0, 1.2) 16
[20:52:33.775]: (-0.6, 4.0, 1.2) 16
[20:52:33.829]: (-0.6, 4.1, 1.2) 16
[20:52:33.887]: (-0.6, 4.1, 1.2) 16
[20:52:34.398]: (-0.6, 3.9, 1.1) 0
[20:52:34.425]: (-0.6, 3.9, 1.1) 0
[20:52:34.448]: (-0.6, 3.9, 1.0) 1
[20:52:34.935]: (-0.6, 4.0, 0.9) 1
[20:52:35.072]: (-0.6, 4.2, 1.0) 16
[20:52:35.846]: (-0.6, 4.0, 1.0) 8
[20:52:35.868]: (-0.6, 4.0, 1.0) 8
[20:52:36.271]: (-0.6, 4.1, 0.8) 8
[20:52:36.294]: (-0.6, 4.1, 0.8) 8
[20:52:36.539]: (-0.7, 4.2, 0.9) 16
[20:52:36.570]: (-0.6, 4.1, 0.9) 16
[20:52:36.598]: (-0.6, 4.1, 0.9) 16
[20:52:36.626]: (-0.6, 4.2, 0.9) 16
[20:52:37.035]: (-0.5, 3.0, 0.9) 4
[20:52:37.154]: (-0.5, 3.0, 0.8) 4
[20:52:37.177]: (-0.5, 3.0, 0.8) 4
[20:52:37.198]: (-0.5, 3.0, 0.8) 3
[20:52:37.221]: (-0.5, 2.9, 0.8) 3
[20:52:38.356]: (-0.6, 3.9, 0.8) 14
[20:52:38.469]: (-0.7, 4.1, 0.8) 16
[20:52:38.499]: (-0.5, 3.4, 0.9) 0
[20:52:38.604]: (-0.4, 3.1, 0.8) 4
[20:52:38.626]: (-0.4, 3.1, 0.8) 4
[20:52:38.649]: (-0.4, 3.1, 0.8) 4
[20:52:38.671]: (-0.4, 3.1, 0.8) 4
[20:52:38.695]: (-0.3, 3.0, 0.7) 3
[20:52:38.863]: (-0.3, 3.0, 0.7) 3
[20:52:39.400]: (-0.4, 3.0, 0.7) 3
[20:53:45.942]: (-0.4, 3.3, 1.2) 27
[20:53:45.966]: (-0.4, 3.3, 1.2) 27
[20:53:45.988]: (-0.4, 3.3, 1.2) 27
[20:53:46.207]: (-0.4, 3.3, 0.9) 26
[20:53:46.229]: (-0.4, 3.3, 0.9) 26
[20:53:46.254]: (-0.3, 3.4, 0.9) 0
[20:53:46.712]: (-0.4, 3.3, 1.0) 1
[20:53:46.736]: (-0.4, 3.3, 1.0) 1
[20:53:46.760]: (-0.4, 3.3, 1.0) 1
[20:53:46.783]: (-0.5, 3.3, 1.0) 1
[20:53:46.912]: (-0.4, 3.2, 0.9) 28
[20:53:46.937]: (-0.4, 3.2, 0.9) 28
[20:53:50.894]: (-0.2, 2.9, 1.1) 24
[20:53:50.969]: (-0.2, 2.9, 1.1) 24
