[17:25:42.215]: (-1.4, -0.8, 0.0) 22
[17:25:42.638]: (-1.4, -0.9, -0.1) 21
[17:25:42.683]: (-0.7, -0.4, 0.0) 14
[17:25:42.705]: (-0.7, -0.4, 0.0) 14
[17:25:42.728]: (-0.7, -0.4, 0.0) 14
[17:25:42.837]: (-0.7, -0.4, 0.0) 14
[17:25:43.061]: (-0.7, -0.4, -0.1) 14
[17:25:44.650]: (-0.6, -0.6, -0.1) 15
[17:25:44.767]: (-0.7, -0.4, -0.1) 14
[17:25:44.799]: (-0.6, -0.4, -0.1) 14
[17:25:44.815]: (-0.7, -0.4, -0.1) 14
[17:25:44.832]: (-0.7, -0.4, -0.1) 14
[17:25:44.848]: (-0.7, -0.4, -0.1) 14
[17:25:44.867]: (-0.7, -0.4, -0.1) 14
[17:25:44.883]: (-0.6, -0.5, -0.1) 14
[17:25:44.901]: (-0.6, -0.4, -0.1) 14
[17:25:44.919]: (-0.6, -0.4, -0.1) 14
[17:25:44.934]: (-0.6, -0.4, -0.1) 14
[17:25:44.958]: (-0.7, -0.4, -0.1) 14
[17:25:44.980]: (-0.7, -0.4, -0.1) 14
[17:25:45.025]: (-0.7, -0.4, -0.1) 14
[17:25:45.044]: (-0.7, -0.4, -0.1) 14
[17:25:45.090]: (-0.7, -0.4, -0.1) 14
[17:25:45.156]: (-0.7, -0.4, 0.0) 14
[17:25:45.178]: (-0.7, -0.4, 0.0) 14
[17:25:45.200]: (-0.7, -0.4, 0.0) 14
[17:25:45.223]: (-0.7, -0.4, 0.0) 14
[17:25:45.245]: (-0.7, -0.4, 0.0) 14
[17:25:45.267]: (-0.7, -0.4, 0.0) 14
[17:25:45.289]: (-0.7, -0.4, 0.0) 14
[17:25:45.311]: (-0.7, -0.4, 0.0) 14
[17:25:45.339]: (-0.7, -0.4, 0.0) 14
[17:25:45.365]: (-0.7, -0.4, 0.0) 14
[17:25:45.382]: (-0.7, -0.4, 0.0) 14
[17:25:45.398]: (-0.7, -0.4, 0.0) 14
[17:25:45.414]: (-0.7, -0.4, 0.0) 14
[17:25:45.431]: (-0.7, -0.4, 0.0) 14
[17:25:45.447]: (-0.7, -0.4, 0.0) 14
[17:25:45.465]: (-0.7, -0.4, 0.0) 14
[17:25:45.482]: (-0.7, -0.4, 0.0) 14
[17:25:45.499]: (-0.7, -0.4, 0.0) 14
[17:25:45.515]: (-0.7, -0.4, 0.0) 14
[17:25:45.532]: (-0.7, -0.4, 0.0) 14
[17:25:45.548]: (-0.7, -0.4, 0.0) 14
[17:25:45.565]: (-0.7, -0.4, 0.0) 14
[17:25:45.581]: (-0.7, -0.4, 0.0) 14
[17:25:45.598]: (-0.7, -0.4, 0.0) 14
[17:25:45.615]: (-0.7, -0.4, 0.0) 14
[17:25:45.632]: (-0.7, -0.4, 0.0) 14
[17:25:45.647]: (-0.7, -0.4, 0.0) 14
[17:25:45.665]: (-0.7, -0.4, 0.0) 14
[17:25:45.682]: (-0.7, -0.4, 0.0) 14
[17:25:45.699]: (-0.7, -0.4, 0.0) 14
[17:25:45.714]: (-0.7, -0.4, 0.0) 14
[17:25:45.732]: (-0.7, -0.4, 0.0) 14
[17:25:45.750]: (-0.7, -0.4, 0.0) 14
[17:25:45.767]: (-0.7, -0.4, 0.0) 14
[17:25:45.783]: (-0.7, -0.4, 0.0) 14
[17:25:52.410]: (-3.5, 1.6, 2.2) 4
[17:25:52.527]: (-3.2, 1.9, 2.5) 4
[17:25:52.588]: (-1.9, 1.7, 1.3) 22
[17:25:52.610]: (-1.9, 1.7, 1.3) 22
[17:25:52.748]: (-2.1, 2.0, 2.1) 18
[17:25:52.790]: (-1.7, 1.9, 1.5) 21
[17:25:52.811]: (-1.7, 1.9, 1.6) 21
[17:25:52.854]: (-1.2, 1.7, 1.0) 14
[17:25:52.894]: (-1.2, 1.7, 1.0) 14
[17:25:52.916]: (-1.2, 1.7, 1.0) 14
[17:25:52.937]: (-1.1, 1.7, 1.1) 14
[17:25:54.686]: (-0.7, 2.1, 1.0) 14
[17:25:54.709]: (-0.7, 2.1, 0.9) 14
[17:25:54.730]: (-0.7, 2.1, 0.9) 14
[17:25:54.753]: (-0.7, 2.1, 0.9) 14
[17:25:54.775]: (-0.7, 2.1, 0.9) 14
[17:25:54.797]: (-0.7, 2.1, 0.9) 14
[17:25:54.818]: (-0.7, 2.1, 0.9) 14
[17:25:54.843]: (-0.7, 2.1, 0.9) 14
[17:25:54.864]: (-0.7, 2.1, 0.9) 14
[17:25:55.196]: (-0.7, 2.1, 0.9) 14
[17:25:55.219]: (-0.7, 2.1, 0.9) 14
[17:25:55.242]: (-0.6, 2.1, 1.0) 14
[17:25:55.573]: (-0.6, 2.1, 0.8) 14
[17:25:55.595]: (-0.6, 2.1, 0.8) 14
[17:25:55.919]: (-1.2, 2.1, 1.0) 31
[17:25:55.942]: (-1.2, 2.0, 1.0) 31
[17:25:55.963]: (-1.3, 2.0, 1.0) 31
[17:25:56.185]: (-1.3, 1.9, 1.0) 31
[17:25:56.208]: (-1.3, 1.9, 1.0) 31
[17:26:01.139]: (-0.1, 1.9, 1.2) 22
[17:26:01.384]: (-1.0, 2.2, 1.5) 2
[17:26:01.428]: (-1.0, 2.3, 1.5) 2
[17:26:01.450]: (-1.0, 2.3, 1.5) 2
[17:26:01.472]: (-1.0, 2.3, 1.5) 2
[17:26:01.850]: (-0.6, 1.5, 0.6) 15
[17:26:01.873]: (-0.5, 1.5, 0.6) 15
[17:26:01.894]: (-0.5, 1.5, 0.6) 15
[17:26:01.918]: (-0.5, 1.5, 0.6) 15
[17:26:01.940]: (-0.5, 1.5, 0.6) 15
[17:26:01.963]: (-0.5, 1.5, 0.6) 15
[17:26:01.988]: (-0.5, 1.5, 0.6) 15
[17:26:02.010]: (-0.5, 1.5, 0.6) 15
[17:26:02.031]: (-0.5, 1.5, 0.6) 15
[17:26:02.054]: (-0.5, 1.5, 0.6) 15
[17:26:02.075]: (-0.5, 1.5, 0.6) 15
[17:26:02.098]: (-0.5, 1.5, 0.7) 15
[17:26:02.122]: (-0.5, 1.5, 0.7) 15
[17:26:02.143]: (-0.4, 1.5, 0.7) 15
[17:26:02.321]: (-0.4, 1.4, 0.7) 15
[17:26:02.344]: (-0.4, 1.4, 0.7) 15
[17:26:02.366]: (-0.4, 1.4, 0.7) 15
[17:26:02.388]: (-0.4, 1.4, 0.7) 15
[17:26:03.933]: (-0.3, 2.7, 2.1) 25
[17:26:03.955]: (-0.3, 2.7, 2.1) 25
[17:26:03.976]: (-0.3, 2.7, 2.1) 25
[17:26:04.000]: (-0.3, 2.7, 2.1) 25
[17:26:04.022]: (-0.3, 2.7, 2.1) 25
[17:26:04.043]: (-0.3, 2.7, 2.1) 25
[17:26:04.064]: (-0.3, 2.7, 2.1) 25
[17:26:04.104]: (-0.4, 2.7, 2.1) 25
[17:26:04.127]: (-0.4, 2.7, 2.1) 25
[17:26:04.350]: (-0.5, 2.2, 1.8) 0
[17:26:04.373]: (-0.5, 2.2, 1.8) 0
[17:26:04.453]: (-0.5, 1.1, 0.7) 15
[17:26:04.469]: (-0.5, 1.1, 0.7) 15
[17:26:04.485]: (-0.5, 1.1, 0.7) 15
[17:26:04.501]: (-0.5, 1.1, 0.7) 15
[17:26:06.514]: (-0.3, 2.1, 1.7) 1
[17:26:07.057]: (-0.3, 2.7, 2.1) 25
[17:26:07.994]: (-0.6, 1.2, 1.0) 13
[17:26:08.011]: (-0.6, 1.2, 1.0) 13
[17:26:08.028]: (-0.6, 1.2, 1.0) 13
[17:26:08.045]: (-0.6, 1.2, 1.0) 13
[17:26:08.076]: (-0.6, 1.2, 1.0) 13
[17:26:08.093]: (-0.6, 1.2, 1.0) 13
[17:26:08.111]: (-0.6, 1.2, 1.0) 13
[17:26:08.128]: (-0.6, 1.2, 1.0) 13
[17:26:08.145]: (-0.6, 1.2, 0.6) 15
[17:26:08.176]: (-0.6, 1.1, 0.6) 15
[17:26:08.192]: (-0.6, 1.1, 0.6) 15
[17:26:08.209]: (-0.6, 1.1, 0.6) 15
[17:26:08.226]: (-0.6, 1.1, 0.6) 15
[17:26:08.242]: (-0.6, 1.1, 0.6) 15
[17:26:08.259]: (-0.5, 1.1, 0.6) 15
[17:26:08.275]: (-0.5, 1.1, 0.6) 15
[17:26:08.292]: (-0.5, 1.1, 0.6) 15
[17:26:08.314]: (-0.5, 1.1, 0.6) 15
[17:26:08.336]: (-0.5, 1.1, 0.6) 15
[17:26:08.360]: (-0.5, 1.1, 0.6) 15
[17:26:08.381]: (-0.5, 1.1, 0.6) 15
[17:26:08.404]: (-0.5, 1.1, 0.6) 15
[17:26:08.425]: (-0.5, 1.1, 0.6) 15
[17:26:08.448]: (-0.5, 1.1, 0.7) 15
[17:26:08.469]: (-0.5, 1.1, 0.6) 15
[17:26:08.558]: (-0.5, 1.1, 0.6) 15
[17:26:08.581]: (-0.5, 1.1, 0.6) 15
[17:26:08.603]: (-0.5, 1.1, 0.6) 15
[17:26:08.625]: (-0.5, 1.1, 0.7) 15
[17:26:08.647]: (-0.5, 1.1, 0.7) 15
[17:26:08.670]: (-0.5, 1.1, 0.7) 15
[17:26:08.957]: (-0.5, 1.1, 0.7) 15
[17:26:09.067]: (-0.5, 1.1, 0.7) 15
[17:26:09.084]: (-0.5, 1.1, 0.7) 15
[17:26:09.102]: (-0.5, 1.1, 0.7) 15
[17:26:09.122]: (-0.5, 1.1, 0.7) 15
[17:26:09.139]: (-0.5, 1.1, 0.7) 15
[17:26:09.156]: (-0.5, 1.1, 0.6) 15
[17:26:09.172]: (-0.5, 1.1, 0.6) 15
[17:26:09.192]: (-0.5, 1.1, 0.7) 15
[17:26:09.213]: (-0.5, 1.1, 0.7) 15
[17:26:09.237]: (-0.5, 1.1, 0.7) 15
[17:26:09.303]: (-0.5, 1.2, 1.0) 13
[17:26:09.326]: (-0.6, 1.2, 1.0) 13
[17:26:09.347]: (-0.6, 1.2, 1.0) 13
[17:26:09.370]: (-0.6, 1.2, 1.0) 13
[17:26:09.392]: (-0.6, 1.2, 1.0) 13
[17:26:09.414]: (-0.6, 1.2, 1.0) 13
[17:26:09.436]: (-0.6, 1.2, 1.0) 13
[17:26:09.458]: (-0.6, 1.2, 1.0) 13
[17:26:09.480]: (-0.6, 1.2, 1.0) 13
[17:26:09.504]: (-0.6, 1.2, 1.0) 13
[17:26:09.525]: (-0.6, 1.2, 1.0) 13
[17:26:09.547]: (-0.6, 1.2, 1.0) 13
[17:26:09.569]: (-0.6, 1.2, 1.0) 13
[17:26:09.591]: (-0.6, 1.2, 1.0) 13
[17:26:09.610]: (-0.6, 1.2, 1.0) 13
[17:26:09.628]: (-0.6, 1.2, 1.0) 13
[17:26:09.644]: (-0.6, 1.2, 1.0) 13
[17:26:09.660]: (-0.6, 1.2, 1.0) 13
[17:26:09.677]: (-0.6, 1.2, 1.0) 13
[17:26:09.693]: (-0.6, 1.2, 1.0) 13
[17:26:09.726]: (-0.6, 1.2, 1.0) 13
[17:26:09.744]: (-0.6, 1.2, 1.0) 13
[17:26:10.014]: (-0.6, 1.2, 1.1) 13
