[17:10:25.350]: (0.0, -0.1, 0.0) 3
[17:10:25.481]: (-0.3, -0.7, 0.1) 2
[17:10:25.571]: (-0.4, 0.0, -0.1) 6
[17:10:25.588]: (-0.4, 0.0, -0.1) 6
[17:10:25.604]: (-0.4, 0.0, -0.1) 6
[17:10:25.620]: (-0.4, 0.0, -0.1) 6
[17:10:25.650]: (-0.6, 0.1, -0.1) 7
[17:10:25.826]: (-0.8, -0.3, -0.1) 10
[17:10:25.849]: (-0.8, -0.3, 0.0) 10
[17:10:25.870]: (-0.8, -0.3, 0.0) 10
[17:10:25.892]: (-0.7, -0.2, -0.1) 9
[17:10:25.914]: (-0.7, -0.2, -0.1) 9
[17:10:25.938]: (-0.6, 0.1, -0.1) 7
[17:10:25.960]: (-0.5, 0.1, 0.0) 7
[17:10:25.982]: (-0.6, 0.1, 0.0) 7
[17:10:26.004]: (-0.6, 0.1, 0.0) 7
[17:10:26.025]: (-0.6, 0.1, 0.0) 7
[17:10:26.048]: (-0.6, 0.1, 0.0) 7
[17:10:26.070]: (-0.6, 0.1, 0.0) 7
[17:10:26.092]: (-0.6, 0.1, 0.0) 7
[17:10:26.114]: (-0.6, 0.1, 0.0) 7
[17:10:26.137]: (-0.6, 0.1, 0.0) 7
[17:10:26.160]: (-0.6, 0.1, -0.1) 7
[17:10:26.182]: (-0.6, 0.1, -0.1) 7
[17:10:26.204]: (-0.6, 0.1, -0.1) 7
[17:10:26.227]: (-0.6, 0.1, -0.1) 7
[17:10:26.246]: (-0.6, 0.1, -0.1) 7
[17:10:26.270]: (-0.6, 0.1, -0.1) 7
[17:10:26.292]: (-0.6, 0.1, 0.0) 7
[17:10:26.310]: (-0.6, 0.1, 0.0) 7
[17:10:26.326]: (-0.6, 0.1, 0.0) 7
[17:10:26.343]: (-0.6, 0.1, 0.0) 7
[17:10:26.360]: (-0.6, 0.1, -0.1) 7
[17:10:26.378]: (-0.6, 0.1, 0.0) 7
[17:10:26.393]: (-0.6, 0.1, 0.0) 7
[17:10:26.410]: (-0.6, 0.1, 0.0) 7
[17:10:26.425]: (-0.6, 0.1, 0.0) 7
[17:10:26.441]: (-0.6, 0.1, 0.0) 7
[17:10:26.457]: (-0.6, 0.1, 0.0) 7
[17:10:26.474]: (-0.6, 0.1, 0.0) 7
[17:10:26.490]: (-0.6, 0.1, 0.0) 7
[17:10:26.506]: (-0.6, 0.1, 0.0) 7
[17:10:26.522]: (-0.6, 0.1, 0.0) 7
[17:10:26.540]: (-0.6, 0.1, 0.0) 7
[17:10:26.556]: (-0.6, 0.1, 0.0) 7
[17:10:26.572]: (-0.6, 0.1, 0.0) 7
[17:10:26.589]: (-0.6, 0.1, 0.0) 7
[17:10:26.606]: (-0.6, 0.1, -0.1) 7
[17:10:26.622]: (-0.6, 0.1, 0.0) 7
[17:10:26.638]: (-0.6, 0.1, 0.0) 7
[17:10:26.657]: (-0.6, 0.1, 0.0) 7
[17:10:26.678]: (-0.6, 0.1, 0.0) 7
[17:10:26.697]: (-0.6, 0.1, 0.0) 7
[17:10:26.713]: (-0.6, 0.1, 0.0) 7
[17:10:26.732]: (-0.6, 0.1, 0.0) 7
[17:10:26.748]: (-0.6, 0.1, 0.0) 7
[17:10:26.769]: (-0.6, 0.1, -0.1) 7
[17:10:26.792]: (-0.6, 0.1, 0.0) 7
[17:10:26.818]: (-0.6, 0.1, 0.0) 7
[17:10:26.849]: (-0.6, 0.1, 0.0) 7
[17:10:26.870]: (-0.6, 0.1, 0.0) 7
[17:10:26.888]: (-0.6, 0.1, 0.0) 7
[17:10:26.904]: (-0.6, 0.1, 0.0) 7
[17:10:26.928]: (-0.6, 0.1, 0.0) 7
[17:10:26.948]: (-0.6, 0.1, 0.0) 7
[17:10:26.970]: (-0.6, 0.1, 0.0) 7
[17:10:27.486]: (-0.6, 0.1, 0.0) 7
[17:10:27.516]: (-0.6, 0.1, 0.0) 7
[17:10:27.534]: (-0.6, 0.1, 0.0) 7
[17:10:27.556]: (-0.6, 0.1, 0.0) 7
[17:10:27.572]: (-0.6, 0.1, 0.0) 7
[17:10:27.588]: (-0.6, 0.1, 0.0) 7
[17:10:27.611]: (-0.6, 0.1, 0.0) 7
[17:10:27.628]: (-0.6, 0.1, -0.1) 7
[17:10:27.648]: (-0.6, 0.1, -0.1) 7
[17:10:27.669]: (-0.6, 0.1, -0.1) 7
[17:10:27.692]: (-0.6, 0.1, 0.0) 7
[17:10:27.713]: (-0.6, 0.1, 0.0) 7
[17:10:27.737]: (-0.6, 0.1, 0.0) 7
[17:10:27.761]: (-0.6, 0.1, 0.0) 7
[17:10:27.782]: (-0.6, 0.1, 0.0) 7
[17:10:27.803]: (-0.6, 0.1, 0.0) 7
[17:10:27.826]: (-0.6, 0.1, 0.0) 7
[17:10:27.846]: (-0.6, 0.1, 0.0) 7
[17:10:27.870]: (-0.6, 0.1, 0.0) 7
[17:10:27.892]: (-0.6, 0.1, 0.0) 7
[17:10:27.913]: (-0.6, 0.1, 0.0) 7
[17:10:27.938]: (-0.6, 0.1, -0.1) 7
[17:10:27.958]: (-0.6, 0.1, -0.1) 7
[17:10:27.981]: (-0.6, 0.1, -0.1) 7
[17:10:28.003]: (-0.6, 0.1, -0.1) 7
[17:10:28.024]: (-0.6, 0.1, -0.1) 7
[17:10:28.048]: (-0.6, 0.1, -0.1) 7
[17:10:28.068]: (-0.6, 0.1, -0.1) 7
[17:10:28.086]: (-0.6, 0.1, -0.1) 7
[17:10:28.102]: (-0.6, 0.1, -0.1) 7
[17:10:28.120]: (-0.6, 0.1, -0.1) 7
[17:10:28.135]: (-0.6, 0.1, -0.1) 7
[17:10:28.153]: (-0.6, 0.1, -0.1) 7
[17:10:28.170]: (-0.6, 0.1, -0.1) 7
[17:10:28.186]: (-0.6, 0.1, -0.1) 7
[17:10:28.201]: (-0.6, 0.1, -0.1) 7
[17:10:28.219]: (-0.6, 0.1, -0.1) 7
[17:10:28.237]: (-0.6, 0.1, -0.1) 7
[17:10:28.254]: (-0.6, 0.1, -0.1) 7
[17:10:28.270]: (-0.6, 0.1, -0.1) 7
[17:10:28.288]: (-0.6, 0.1, -0.1) 7
[17:10:28.305]: (-0.6, 0.1, -0.1) 7
[17:10:28.322]: (-0.6, 0.1, -0.1) 7
[17:10:28.338]: (-0.6, 0.1, -0.1) 7
[17:10:28.355]: (-0.6, 0.1, -0.1) 7
[17:10:28.374]: (-0.6, 0.1, -0.1) 7
[17:10:28.390]: (-0.6, 0.1, -0.1) 7
[17:10:28.408]: (-0.6, 0.1, -0.1) 7
[17:10:28.426]: (-0.6, 0.1, -0.1) 7
[17:10:28.442]: (-0.6, 0.1, -0.1) 7
[17:10:28.458]: (-0.6, 0.1, -0.1) 7
[17:10:28.476]: (-0.5, 0.1, -0.1) 7
[17:10:28.492]: (-0.5, 0.1, -0.1) 7
[17:10:28.508]: (-0.6, 0.1, -0.1) 7
[17:10:28.526]: (-0.6, 0.1, -0.1) 7
[17:10:28.542]: (-0.5, 0.1, -0.1) 7
[17:10:28.560]: (-0.5, 0.1, -0.1) 7
[17:10:28.580]: (-0.6, 0.1, -0.1) 7
[17:10:28.602]: (-0.6, 0.1, -0.1) 7
[17:10:28.625]: (-0.5, 0.1, -0.1) 7
[17:10:28.647]: (-0.6, 0.1, -0.1) 7
[17:10:28.668]: (-0.6, 0.1, -0.1) 7
[17:10:28.692]: (-0.5, 0.1, -0.1) 7
[17:10:28.714]: (-0.5, 0.1, -0.1) 7
[17:10:28.736]: (-0.5, -0.1, 0.0) 5
[17:10:28.758]: (-0.5, -0.1, 0.0) 5
[17:10:28.780]: (-0.5, -0.1, 0.0) 5
[17:10:28.802]: (-0.5, -0.1, 0.0) 5
[17:10:28.825]: (-0.5, -0.1, 0.0) 5
[17:10:28.848]: (-0.5, -0.1, 0.0) 5
[17:10:28.868]: (-0.5, -0.1, 0.0) 5
[17:10:28.892]: (-0.5, -0.1, 0.0) 5
[17:10:28.913]: (-0.5, -0.1, 0.0) 5
[17:10:28.936]: (-0.5, -0.1, 0.0) 5
[17:10:28.958]: (-0.5, -0.1, 0.0) 5
[17:10:28.975]: (-0.5, -0.1, 0.0) 5
[17:10:28.993]: (-0.5, -0.1, 0.0) 5
[17:10:29.012]: (-0.5, 0.1, 0.0) 7
[17:10:29.028]: (-0.5, 0.0, -0.1) 7
[17:10:29.044]: (-0.5, 0.0, -0.1) 7
[17:10:29.060]: (-0.5, -0.1, 0.0) 5
[17:10:29.078]: (-0.5, -0.1, 0.0) 5
[17:10:29.094]: (-0.5, 0.0, 0.0) 7
[17:10:29.110]: (-0.5, 0.0, 0.0) 7
[17:10:29.125]: (-0.5, 0.0, 0.0) 7
[17:10:29.142]: (-0.5, 0.0, 0.0) 7
[17:10:29.160]: (-0.5, -0.1, 0.0) 5
[17:10:29.178]: (-0.5, -0.1, 0.0) 5
[17:10:29.196]: (-0.5, -0.1, 0.0) 5
[17:10:29.212]: (-0.5, -0.1, 0.0) 5
[17:10:29.230]: (-0.5, -0.1, 0.0) 5
[17:10:29.246]: (-0.5, -0.1, 0.0) 5
[17:10:29.265]: (-0.5, -0.1, 0.0) 5
[17:10:29.282]: (-0.5, -0.1, 0.0) 5
[17:10:29.298]: (-0.5, -0.1, 0.0) 5
[17:10:29.314]: (-0.5, -0.1, 0.0) 5
[17:10:29.329]: (-0.5, -0.1, 0.0) 5
[17:10:29.346]: (-0.5, -0.1, 0.0) 5
[17:10:29.362]: (-0.5, -0.1, 0.0) 5
[17:10:29.378]: (-0.5, -0.1, 0.0) 5
[17:10:29.394]: (-0.5, -0.1, 0.0) 5
[17:10:29.410]: (-0.5, -0.1, 0.0) 5
[17:10:29.426]: (-0.5, 0.1, 0.0) 7
[17:10:29.446]: (-0.5, 0.1, 0.0) 7
[17:10:29.470]: (-0.5, 0.1, 0.0) 7
[17:10:29.492]: (-0.5, 0.1, 0.0) 7
[17:10:29.514]: (-0.5, 0.1, 0.0) 7
[17:10:29.534]: (-0.5, 0.1, 0.0) 7
[17:10:29.558]: (-0.5, 0.1, 0.0) 7
[17:10:29.579]: (-0.5, 0.1, 0.0) 7
[17:10:29.602]: (-0.5, 0.1, -0.1) 7
[17:10:29.625]: (-0.5, 0.1, -0.1) 7
[17:10:29.646]: (-0.5, 0.0, -0.1) 7
[17:10:29.668]: (-0.5, 0.0, -0.1) 7
[17:10:29.690]: (-0.5, 0.0, -0.1) 7
[17:10:29.712]: (-0.6, -0.2, 0.0) 8
[17:10:29.735]: (-0.5, 0.0, -0.1) 7
[17:10:29.756]: (-0.5, 0.0, -0.1) 7
[17:10:29.780]: (-0.5, 0.1, -0.1) 7
[17:10:29.801]: (-0.6, -0.2, 0.0) 8
[17:10:29.824]: (-0.6, -0.2, 0.0) 8
[17:10:29.846]: (-0.6, -0.2, 0.0) 8
[17:10:29.868]: (-0.5, 0.0, -0.1) 7
[17:10:29.885]: (-0.5, 0.0, -0.1) 7
[17:10:29.902]: (-0.5, 0.0, -0.1) 7
[17:10:29.917]: (-0.6, -0.1, 0.0) 5
[17:10:29.933]: (-0.5, 0.0, -0.1) 7
[17:10:29.948]: (-0.6, -0.1, 0.0) 5
[17:10:29.965]: (-0.6, -0.1, 0.0) 5
[17:10:29.981]: (-0.6, -0.2, 0.0) 5
[17:10:29.997]: (-0.6, -0.2, 0.0) 8
[17:10:30.015]: (-0.6, -0.2, 0.0) 8
[17:10:30.031]: (-0.5, 0.0, -0.1) 7
[17:10:30.047]: (-0.6, -0.2, 0.0) 5
[17:10:30.065]: (-0.5, 0.0, -0.1) 7
[17:10:30.084]: (-0.5, 0.0, -0.1) 7
[17:10:30.104]: (-0.5, 0.0, -0.1) 7
[17:10:30.122]: (-0.5, 0.0, -0.1) 7
[17:10:30.137]: (-0.6, -0.2, 0.0) 8
[17:10:30.155]: (-0.5, 0.0, -0.1) 7
[17:10:30.173]: (-0.5, 0.0, -0.1) 7
[17:10:30.192]: (-0.5, 0.0, -0.1) 7
[17:10:30.210]: (-0.5, 0.0, -0.1) 7
[17:10:30.229]: (-0.5, 0.0, -0.1) 7
[17:10:30.248]: (-0.5, 0.0, -0.1) 7
[17:10:30.266]: (-0.5, 0.0, -0.1) 7
[17:10:30.287]: (-0.6, -0.1, 0.0) 5
[17:10:30.305]: (-0.5, 0.0, -0.1) 7
[17:10:30.326]: (-0.5, -0.2, 0.0) 5
[17:10:30.345]: (-0.5, 0.0, -0.1) 7
[17:10:30.363]: (-0.6, -0.2, 0.0) 8
[17:10:30.381]: (-0.5, -0.1, 0.0) 5
[17:10:30.403]: (-0.5, -0.1, 0.0) 5
[17:10:30.424]: (-0.5, -0.1, 0.0) 5
[17:10:30.446]: (-0.5, 0.0, -0.1) 7
[17:10:30.469]: (-0.5, 0.0, -0.1) 7
[17:10:30.491]: (-0.5, 0.0, -0.1) 7
[17:10:30.513]: (-0.5, 0.0, -0.1) 7
[17:10:30.535]: (-0.5, 0.0, -0.1) 7
[17:10:30.558]: (-0.5, 0.0, -0.1) 7
[17:10:30.580]: (-0.5, -0.1, 0.0) 5
[17:10:30.602]: (-0.5, -0.1, 0.0) 5
[17:10:30.626]: (-0.5, 0.0, -0.1) 7
[17:10:30.647]: (-0.5, 0.0, -0.1) 7
[17:10:30.668]: (-0.5, 0.0, -0.1) 7
[17:10:30.691]: (-0.5, 0.0, -0.1) 7
[17:10:30.713]: (-0.5, 0.0, -0.1) 7
[17:10:30.735]: (-0.5, 0.0, -0.1) 7
[17:10:30.757]: (-0.5, 0.0, -0.1) 7
[17:10:30.781]: (-0.5, 0.0, -0.1) 7
[17:10:30.802]: (-0.5, 0.1, -0.1) 7
[17:10:30.820]: (-0.5, 0.0, -0.1) 7
[17:10:30.837]: (-0.5, 0.0, -0.1) 7
[17:10:30.857]: (-0.7, -0.3, 0.0) 10
[17:10:30.911]: (-0.8, -0.3, 0.0) 10
[17:10:30.944]: (-0.8, -0.3, 0.0) 10
[17:10:30.970]: (-0.8, -0.3, 0.0) 10
[17:10:30.991]: (-0.8, -0.3, 0.0) 10
[17:10:31.009]: (-0.8, -0.3, 0.0) 10
[17:10:31.025]: (-0.8, -0.3, 0.0) 10
[17:10:31.043]: (-0.8, -0.3, 0.0) 10
[17:10:31.061]: (-0.8, -0.3, 0.0) 10
[17:10:31.081]: (-0.8, -0.3, 0.0) 10
[17:10:31.099]: (-0.8, -0.3, 0.0) 10
[17:10:31.115]: (-0.8, -0.7, 0.1) 16
[17:10:31.132]: (-0.5, 0.1, 0.0) 7
[17:10:31.149]: (-0.5, 0.1, 0.0) 7
[17:10:31.166]: (-0.5, 0.1, 0.0) 7
[17:10:31.183]: (-0.5, 0.1, 0.0) 7
[17:10:31.205]: (-0.5, 0.1, -0.1) 7
[17:10:31.227]: (-0.5, 0.1, -0.1) 7
[17:10:31.246]: (-0.5, 0.1, 0.0) 7
[17:10:31.264]: (-0.5, 0.1, 0.0) 7
[17:10:31.282]: (-0.5, 0.1, 0.0) 7
[17:10:31.511]: (-0.6, -0.8, 0.0) 15
[17:10:31.534]: (-0.6, -0.3, -0.1) 8
[17:10:31.556]: (-0.6, -0.3, -0.1) 8
[17:10:31.579]: (-0.5, 0.0, -0.1) 7
[17:10:31.601]: (-0.6, -0.2, 0.0) 8
[17:10:31.623]: (-0.5, 0.0, -0.1) 7
[17:10:31.645]: (-0.5, 0.0, -0.1) 7
[17:10:31.667]: (-0.5, 0.0, -0.1) 7
[17:10:31.690]: (-0.5, 0.0, -0.1) 7
[17:10:31.711]: (-0.5, 0.0, -0.1) 7
[17:10:31.728]: (-0.5, 0.0, -0.1) 7
[17:10:31.746]: (-0.5, 0.0, -0.1) 7
[17:10:31.762]: (-0.5, 0.0, -0.1) 7
[17:10:31.780]: (-0.5, 0.0, -0.1) 7
[17:10:31.798]: (-0.5, 0.0, -0.1) 7
[17:10:31.813]: (-0.5, 0.0, -0.1) 7
[17:10:31.829]: (-0.5, 0.0, -0.1) 7
[17:10:31.847]: (-0.5, 0.0, -0.1) 7
[17:10:31.865]: (-0.5, 0.0, -0.1) 7
[17:10:31.883]: (-0.5, 0.0, -0.1) 7
[17:10:31.900]: (-0.5, 0.0, -0.1) 7
[17:10:31.918]: (-0.5, 0.1, -0.1) 7
[17:10:31.936]: (-0.5, 0.1, -0.1) 7
[17:10:31.954]: (-0.5, 0.1, -0.1) 7
[17:10:31.972]: (-0.5, 0.0, -0.1) 7
[17:10:31.990]: (-0.5, 0.0, -0.1) 7
[17:10:32.007]: (-0.5, 0.1, -0.1) 7
[17:10:32.024]: (-0.5, 0.1, -0.1) 7
[17:10:32.040]: (-0.5, 0.1, -0.1) 7
[17:10:32.056]: (-0.5, 0.1, -0.1) 7
[17:10:32.075]: (-0.5, 0.1, -0.1) 7
[17:10:32.091]: (-0.5, 0.0, -0.1) 7
[17:10:32.108]: (-0.5, 0.1, -0.1) 7
[17:10:32.124]: (-0.5, 0.1, -0.1) 7
[17:10:32.140]: (-0.5, 0.0, -0.1) 7
[17:10:32.158]: (-0.5, 0.1, -0.1) 7
[17:10:32.178]: (-0.5, 0.1, -0.1) 7
[17:10:32.201]: (-0.5, 0.1, -0.1) 7
[17:10:32.223]: (-0.5, 0.1, -0.1) 7
[17:10:32.245]: (-0.6, 0.1, -0.1) 7
[17:10:32.267]: (-0.6, 0.1, -0.1) 7
[17:10:32.289]: (-0.6, 0.1, -0.1) 7
[17:10:32.312]: (-0.6, 0.1, -0.1) 7
[17:10:32.333]: (-0.6, 0.1, -0.1) 7
[17:10:32.356]: (-0.6, 0.1, -0.1) 7
[17:10:32.379]: (-0.6, 0.1, -0.1) 7
[17:10:32.400]: (-0.6, 0.1, -0.1) 7
[17:10:32.423]: (-0.6, 0.1, -0.1) 7
[17:10:32.444]: (-0.5, 0.1, -0.1) 7
[17:10:32.468]: (-0.6, 0.1, -0.1) 7
[17:10:32.489]: (-0.6, 0.1, -0.1) 7
[17:10:32.512]: (-0.6, 0.1, -0.1) 7
[17:10:32.535]: (-0.6, 0.1, -0.1) 7
[17:10:32.555]: (-0.6, 0.1, -0.1) 7
[17:10:32.579]: (-0.6, 0.1, -0.1) 7
[17:10:32.601]: (-0.6, 0.1, -0.1) 7
[17:10:32.623]: (-0.6, 0.1, -0.1) 7
[17:10:32.646]: (-0.5, 0.1, -0.1) 7
[17:10:32.662]: (-0.5, 0.1, -0.1) 7
[17:10:32.681]: (-0.6, 0.1, -0.1) 7
[17:10:32.698]: (-0.6, 0.1, -0.1) 7
[17:10:32.714]: (-0.6, 0.1, -0.1) 7
[17:10:32.731]: (-0.6, 0.1, -0.1) 7
[17:10:32.748]: (-0.6, 0.1, -0.1) 7
[17:10:32.766]: (-0.6, 0.1, -0.1) 7
[17:10:32.783]: (-0.6, 0.1, -0.1) 7
[17:10:32.800]: (-0.6, 0.1, -0.1) 7
[17:10:32.816]: (-0.6, 0.1, -0.1) 7
[17:10:32.833]: (-0.6, 0.1, -0.1) 7
[17:10:32.849]: (-0.6, 0.1, -0.1) 7
[17:10:32.865]: (-0.6, 0.1, -0.1) 7
[17:10:32.881]: (-0.6, 0.1, -0.1) 7
[17:10:32.899]: (-0.6, 0.1, -0.1) 7
[17:10:32.917]: (-0.6, 0.1, -0.1) 7
[17:10:32.935]: (-0.6, 0.1, -0.1) 7
[17:10:32.954]: (-0.6, 0.1, -0.1) 7
[17:10:32.971]: (-0.5, 0.1, -0.1) 7
[17:10:32.988]: (-0.5, 0.1, -0.1) 7
[17:10:33.005]: (-0.5, 0.1, -0.1) 7
[17:10:33.022]: (-0.5, -0.1, 0.0) 5
[17:10:33.037]: (-0.5, -0.1, 0.0) 5
[17:10:33.054]: (-0.5, -0.1, 0.0) 5
[17:10:33.069]: (-0.5, -0.1, 0.0) 5
[17:10:33.090]: (-0.5, -0.1, 0.0) 5
[17:10:33.171]: (-0.5, -0.1, 0.0) 5
[17:10:33.188]: (-0.5, -0.1, 0.0) 5
[17:10:33.205]: (-0.5, -0.1, 0.0) 5
[17:10:33.223]: (-0.5, -0.1, 0.0) 5
[17:10:33.241]: (-0.5, -0.1, 0.0) 5
[17:10:33.257]: (-0.5, -0.1, 0.0) 5
[17:10:33.273]: (-0.5, -0.1, 0.0) 5
[17:10:33.302]: (-0.5, -0.1, 0.0) 5
[17:10:33.334]: (-0.5, -0.1, 0.0) 5
[17:10:33.368]: (-0.5, -0.1, 0.0) 5
[17:10:33.400]: (-0.4, 0.1, 0.0) 6
[17:10:33.433]: (-0.4, 0.0, -0.1) 6
[17:10:33.468]: (-0.5, 0.0, 0.0) 7
[17:10:33.501]: (-0.5, 0.0, -0.1) 7
[17:10:33.534]: (-0.5, -0.1, 0.0) 5
[17:10:33.567]: (-0.5, 0.0, -0.1) 7
[17:10:33.601]: (-0.5, 0.0, -0.1) 7
[17:10:33.633]: (-0.5, 0.0, -0.1) 7
[17:10:33.668]: (-0.5, 0.0, 0.0) 7
[17:10:33.700]: (-0.5, 0.0, -0.1) 7
[17:10:33.734]: (-0.5, 0.0, -0.1) 7
[17:10:33.767]: (-0.5, 0.0, -0.1) 7
[17:10:33.801]: (-0.5, -0.1, 0.0) 5
[17:10:33.834]: (-0.5, -0.1, 0.0) 5
[17:10:33.867]: (-0.5, -0.1, 0.0) 5
[17:10:33.901]: (-0.5, -0.1, 0.0) 5
[17:10:33.934]: (-0.6, 0.1, -0.1) 7
[17:10:33.967]: (-0.6, 0.1, -0.1) 7
[17:10:34.001]: (-0.6, 0.1, -0.1) 7
[17:10:34.033]: (-0.6, 0.1, 0.0) 7
[17:10:34.055]: (-0.6, 0.1, -0.1) 7
[17:10:34.077]: (-0.6, 0.1, -0.1) 7
[17:10:34.101]: (-0.6, 0.1, -0.1) 7
[17:10:34.123]: (-0.6, 0.1, -0.1) 7
[17:10:34.144]: (-0.6, 0.1, -0.1) 7
[17:10:34.167]: (-0.6, 0.1, -0.1) 7
[17:10:34.189]: (-0.6, 0.1, -0.1) 7
[17:10:34.210]: (-0.6, 0.1, -0.1) 7
[17:10:34.234]: (-0.6, 0.1, -0.1) 7
[17:10:34.255]: (-0.6, 0.1, -0.1) 7
[17:10:34.277]: (-0.6, 0.1, 0.0) 7
[17:10:34.300]: (-0.6, 0.1, -0.1) 7
[17:10:34.322]: (-0.6, 0.1, 0.0) 7
[17:10:34.344]: (-0.6, 0.1, -0.1) 7
[17:10:34.367]: (-0.6, 0.1, 0.0) 7
[17:10:34.388]: (-0.6, 0.1, 0.0) 7
[17:10:34.410]: (-0.6, 0.1, 0.0) 7
[17:10:34.433]: (-0.6, 0.1, 0.0) 7
[17:10:34.456]: (-0.6, 0.1, 0.0) 7
[17:10:34.478]: (-0.6, 0.1, -0.1) 7
[17:10:34.499]: (-0.6, 0.1, -0.1) 7
[17:10:34.522]: (-0.6, 0.1, -0.1) 7
[17:10:34.544]: (-0.5, -0.1, 0.0) 5
[17:10:34.567]: (-0.5, 0.1, 0.0) 7
[17:10:34.589]: (-0.5, 0.1, 0.0) 7
[17:10:34.611]: (-0.5, 0.1, 0.0) 7
[17:10:34.634]: (-0.5, 0.1, 0.0) 7
[17:10:34.655]: (-0.5, 0.1, 0.0) 7
[17:10:34.678]: (-0.5, -0.1, 0.0) 5
[17:10:34.699]: (-0.5, 0.0, -0.1) 7
[17:10:34.722]: (-0.5, -0.1, 0.0) 5
[17:10:34.745]: (-0.5, 0.0, 0.0) 7
[17:10:34.769]: (-0.5, 0.0, 0.0) 7
[17:10:34.793]: (-0.5, 0.0, 0.0) 7
[17:10:34.816]: (-0.5, 0.1, 0.0) 7
[17:10:34.837]: (-0.5, 0.1, 0.0) 7
[17:10:34.860]: (-0.5, 0.0, 0.0) 7
[17:10:34.883]: (-0.5, 0.0, 0.0) 7
[17:10:34.905]: (-0.5, 0.0, 0.0) 7
[17:10:34.926]: (-0.5, 0.1, -0.1) 7
[17:10:34.949]: (-0.5, 0.1, 0.0) 7
[17:10:34.970]: (-0.5, 0.1, 0.0) 7
[17:10:34.994]: (-0.5, 0.1, 0.0) 7
[17:10:35.016]: (-0.5, 0.0, 0.0) 7
[17:10:35.038]: (-0.5, 0.1, -0.1) 7
[17:10:35.059]: (-0.5, -0.1, 0.0) 5
[17:10:35.082]: (-0.5, -0.1, 0.0) 5
[17:10:35.104]: (-0.7, -0.3, 0.0) 9
[17:10:35.127]: (-0.6, -0.2, 0.0) 8
[17:10:35.148]: (-0.6, -0.2, 0.0) 8
[17:10:35.170]: (-0.6, -0.3, 0.0) 8
[17:10:35.192]: (-0.6, -0.3, 0.0) 8
[17:10:35.220]: (-0.7, -0.3, 0.0) 9
[17:10:35.238]: (-0.6, 0.0, -0.1) 7
[17:10:35.263]: (-0.6, 0.0, -0.1) 7
[17:10:35.280]: (-0.6, 0.0, -0.1) 7
[17:10:35.297]: (-0.6, 0.1, -0.1) 7
[17:10:35.314]: (-0.6, 0.0, -0.1) 7
[17:10:35.330]: (-0.6, 0.0, -0.1) 7
[17:10:35.346]: (-0.6, 0.0, -0.1) 7
[17:10:35.363]: (-0.6, 0.0, -0.1) 7
[17:10:35.380]: (-0.6, 0.1, -0.1) 7
[17:10:35.400]: (-0.6, -0.3, 0.0) 8
[17:10:35.416]: (-0.6, -0.2, -0.1) 8
[17:10:35.433]: (-0.6, 0.0, -0.1) 7
[17:10:35.449]: (-0.6, 0.0, -0.1) 7
[17:10:35.466]: (-0.6, -0.2, 0.0) 8
[17:10:35.483]: (-0.6, -0.2, 0.0) 8
[17:10:35.502]: (-0.6, 0.0, -0.1) 7
[17:10:35.519]: (-0.6, 0.0, -0.1) 7
[17:10:35.535]: (-0.6, 0.0, -0.1) 7
[17:10:35.552]: (-0.6, 0.0, -0.1) 7
[17:10:35.569]: (-0.6, 0.0, -0.1) 7
[17:10:35.586]: (-0.6, -0.2, 0.0) 8
[17:10:35.604]: (-0.6, -0.2, 0.0) 8
[17:10:35.621]: (-0.6, -0.2, 0.0) 8
[17:10:35.638]: (-0.6, -0.2, 0.0) 8
[17:10:35.656]: (-0.6, -0.2, 0.0) 8
[17:10:35.675]: (-0.6, -0.2, 0.0) 8
[17:10:35.692]: (-0.7, -0.2, 0.0) 9
[17:10:35.710]: (-0.8, -0.1, -0.1) 11
[17:10:35.743]: (-0.8, -0.1, -0.1) 11
[17:10:35.760]: (-0.8, -0.1, -0.1) 11
[17:10:36.512]: (-0.9, 0.0, 0.0) 12
[17:10:36.560]: (-0.9, 0.0, -0.1) 12
[17:10:36.577]: (-0.9, 0.0, -0.1) 12
[17:10:36.594]: (-0.9, 0.0, -0.1) 12
[17:10:36.611]: (-0.9, 0.0, -0.1) 12
[17:10:36.628]: (-0.9, 0.0, -0.1) 12
[17:10:36.645]: (-0.9, 0.0, -0.1) 12
[17:10:36.665]: (-0.9, 0.0, 0.0) 12
[17:10:36.688]: (-0.9, 0.0, -0.1) 12
[17:10:36.712]: (-0.9, 0.0, 0.0) 12
[17:10:36.733]: (-0.9, 0.0, 0.0) 12
[17:10:36.754]: (-0.9, 0.0, 0.0) 12
[17:10:36.776]: (-0.9, 0.0, 0.0) 12
[17:10:36.799]: (-0.9, 0.0, 0.0) 12
[17:10:36.821]: (-0.9, 0.0, 0.0) 12
[17:10:36.844]: (-0.9, 0.0, 0.0) 12
[17:10:36.865]: (-0.9, 0.0, 0.0) 12
[17:10:36.888]: (-0.9, 0.0, 0.0) 12
[17:10:36.932]: (-0.8, 0.0, 0.0) 11
[17:10:37.230]: (-0.9, -0.7, 0.1) 16
[17:10:37.262]: (-0.9, -0.6, 0.1) 16
[17:10:37.279]: (-0.9, -0.6, 0.1) 16
[17:10:37.296]: (-0.9, -0.6, 0.1) 16
[17:10:37.313]: (-0.9, -0.6, 0.1) 16
[17:10:37.329]: (-0.9, -0.6, 0.1) 16
[17:10:37.345]: (-0.9, -0.7, 0.1) 16
[17:10:37.437]: (-0.6, 0.1, -0.1) 7
[17:10:37.453]: (-0.6, 0.1, 0.0) 7
[17:10:37.470]: (-0.6, 0.1, 0.0) 7
[17:10:38.632]: (-0.5, 0.1, -0.1) 7
[17:10:38.653]: (-0.6, -0.2, -0.1) 9
[17:10:38.678]: (-0.6, 0.1, -0.1) 7
[17:10:38.698]: (-0.6, 0.1, -0.1) 7
[17:10:38.722]: (-0.6, 0.1, -0.1) 7
[17:10:38.743]: (-0.6, 0.1, -0.1) 7
[17:10:38.760]: (-0.6, 0.1, -0.1) 7
[17:10:38.777]: (-0.6, 0.1, -0.1) 7
[17:10:38.793]: (-0.6, 0.1, -0.1) 7
[17:10:38.811]: (-0.6, 0.1, -0.1) 7
[17:10:38.828]: (-0.6, 0.1, -0.1) 7
[17:10:38.846]: (-0.6, 0.1, -0.1) 7
[17:10:38.865]: (-0.6, 0.1, -0.1) 7
[17:10:38.881]: (-0.6, 0.1, -0.1) 7
[17:10:38.899]: (-0.6, 0.1, -0.1) 7
[17:10:38.916]: (-0.6, 0.1, -0.1) 7
[17:10:38.934]: (-0.6, 0.1, -0.1) 7
[17:10:38.951]: (-0.6, 0.1, -0.1) 7
[17:10:38.966]: (-0.6, 0.1, -0.1) 7
[17:10:38.983]: (-0.6, 0.1, -0.1) 7
[17:10:39.000]: (-0.6, 0.1, -0.1) 7
[17:10:39.018]: (-0.6, 0.1, -0.1) 7
[17:10:39.034]: (-0.6, 0.0, -0.1) 7
[17:10:39.051]: (-0.6, 0.1, -0.1) 7
[17:10:39.069]: (-0.6, 0.1, -0.1) 7
[17:10:39.087]: (-0.6, 0.0, -0.1) 7
[17:10:39.103]: (-0.6, 0.0, -0.1) 7
[17:10:39.120]: (-0.5, 0.0, -0.1) 7
[17:10:39.139]: (-0.5, 0.0, -0.1) 7
[17:10:39.157]: (-0.5, 0.0, -0.1) 7
[17:10:39.173]: (-0.5, 0.0, -0.1) 7
[17:10:39.190]: (-0.5, 0.0, -0.1) 7
[17:10:39.208]: (-0.6, -0.1, 0.0) 5
[17:10:39.226]: (-0.6, -0.1, 0.0) 5
[17:10:39.243]: (-0.5, 0.0, -0.1) 7
[17:10:39.264]: (-0.6, -0.1, 0.0) 5
[17:10:39.287]: (-0.5, 0.0, -0.1) 7
[17:10:39.309]: (-0.5, 0.0, -0.1) 7
[17:10:39.332]: (-0.5, 0.0, -0.1) 7
[17:10:39.355]: (-0.5, 0.0, -0.1) 7
[17:10:39.376]: (-0.5, 0.0, -0.1) 7
[17:10:39.398]: (-0.5, 0.0, -0.1) 7
[17:10:39.421]: (-0.5, 0.0, -0.1) 7
[17:10:39.443]: (-0.5, 0.1, -0.1) 7
[17:10:39.466]: (-0.5, 0.0, -0.1) 7
[17:10:39.489]: (-0.5, 0.1, -0.1) 7
[17:10:39.509]: (-0.5, 0.0, -0.1) 7
[17:10:40.498]: (-1.1, -0.1, 0.3) 10
[17:10:40.542]: (-1.1, -0.1, 0.2) 9
[17:10:40.565]: (-1.1, -0.1, 0.3) 9
[17:10:40.875]: (-1.0, 0.3, 0.5) 7
[17:10:40.896]: (-1.0, 0.3, 0.5) 7
[17:10:40.918]: (-1.0, 0.3, 0.5) 7
[17:10:40.937]: (-1.0, 0.3, 0.5) 7
[17:10:40.958]: (-1.1, 0.3, 0.5) 7
[17:10:40.981]: (-1.1, 0.3, 0.5) 7
[17:10:41.004]: (-1.1, 0.3, 0.5) 7
[17:10:41.087]: (-1.5, -0.3, 1.0) 14
[17:10:41.297]: (-1.0, 0.5, 0.5) 4
[17:10:41.320]: (-1.0, 0.5, 0.5) 4
[17:10:41.342]: (-1.0, 0.5, 0.5) 4
[17:10:41.364]: (-1.0, 0.5, 0.5) 4
[17:10:41.475]: (-1.0, 0.2, 1.1) 0
[17:10:41.501]: (-0.7, 0.7, 0.7) 6
[17:10:41.587]: (-0.8, 0.5, 1.6) 16
[17:10:41.609]: (-0.8, 0.5, 1.6) 16
[17:10:41.626]: (-0.8, 0.5, 1.6) 16
[17:10:41.642]: (-0.8, 0.5, 1.6) 16
[17:10:41.658]: (-0.8, 0.4, 1.6) 16
[17:10:41.675]: (-0.8, 0.4, 1.6) 16
[17:10:41.692]: (-0.6, 0.8, 0.9) 7
[17:10:41.709]: (-0.6, 0.7, 0.9) 7
[17:10:41.725]: (-0.8, 0.5, 1.6) 16
[17:10:41.747]: (-0.6, 0.8, 0.9) 7
[17:10:41.767]: (-0.6, 0.8, 0.9) 7
[17:10:41.783]: (-0.7, 0.7, 1.2) 10
[17:10:41.801]: (-0.7, 0.7, 1.2) 10
[17:10:41.816]: (-0.8, 0.7, 1.2) 10
[17:10:41.836]: (-0.8, 0.7, 1.2) 10
[17:10:41.896]: (-0.7, 0.8, 1.2) 11
[17:10:41.913]: (-0.7, 0.8, 1.1) 11
[17:10:41.929]: (-0.7, 0.8, 1.1) 11
[17:10:41.944]: (-0.6, 0.8, 1.2) 11
[17:10:41.962]: (-0.6, 0.8, 1.2) 11
[17:10:42.696]: (-0.4, 0.9, 1.2) 11
[17:10:42.717]: (-0.5, 0.9, 1.2) 11
[17:10:42.738]: (-0.4, 0.9, 1.3) 11
[17:10:42.759]: (-0.4, 1.0, 1.3) 11
[17:10:42.780]: (-0.4, 0.9, 1.4) 10
[17:10:42.803]: (-0.4, 1.0, 1.0) 7
[17:10:42.823]: (-0.4, 1.0, 1.0) 7
[17:10:42.845]: (-0.4, 1.0, 1.0) 7
[17:10:42.869]: (-0.4, 1.0, 1.0) 7
[17:10:42.889]: (-0.4, 1.0, 1.1) 7
[17:10:42.946]: (-0.4, 0.9, 1.3) 5
[17:10:42.967]: (-0.4, 0.9, 1.3) 5
[17:10:43.012]: (-0.4, 0.9, 1.4) 5
[17:10:43.033]: (-0.4, 0.9, 1.3) 5
[17:10:43.072]: (-0.4, 0.9, 1.4) 5
[17:10:43.092]: (-0.3, 0.9, 1.4) 5
[17:10:43.114]: (-0.3, 0.9, 1.4) 5
[17:10:43.135]: (-0.3, 0.9, 1.4) 5
[17:10:43.166]: (-0.3, 1.0, 1.4) 5
[17:10:43.197]: (-0.3, 1.0, 1.4) 5
[17:10:43.231]: (-0.3, 1.0, 1.4) 5
[17:10:43.266]: (-0.3, 1.0, 1.4) 5
[17:10:43.297]: (-0.2, 0.9, 1.4) 5
[17:10:43.331]: (-0.2, 0.9, 1.4) 5
[17:10:43.364]: (-0.2, 0.9, 1.4) 5
[17:10:43.398]: (-0.3, 0.8, 2.0) 15
[17:10:43.598]: (-0.1, 1.1, 1.3) 7
[17:10:43.829]: (-0.1, 1.1, 1.2) 7
[17:10:43.866]: (-0.1, 1.1, 1.2) 7
[17:10:43.884]: (-0.1, 1.1, 1.2) 7
[17:10:43.908]: (-0.1, 1.1, 1.2) 7
[17:10:43.929]: (-0.1, 1.1, 1.2) 7
[17:10:43.952]: (-0.1, 1.1, 1.2) 7
[17:10:43.974]: (-0.1, 1.1, 1.2) 7
[17:10:43.998]: (-0.1, 1.1, 1.2) 7
[17:10:44.021]: (-0.1, 1.1, 1.2) 7
[17:10:44.039]: (-0.1, 1.1, 1.2) 7
[17:10:44.063]: (-0.1, 1.1, 1.2) 7
[17:10:44.085]: (-0.1, 1.1, 1.2) 7
[17:10:44.108]: (-0.1, 1.1, 1.2) 7
[17:10:44.129]: (-0.2, 1.0, 1.4) 5
[17:10:44.153]: (-0.2, 1.0, 1.4) 5
[17:10:44.173]: (-0.2, 0.9, 2.1) 14
[17:10:44.196]: (-0.2, 0.9, 2.1) 14
[17:10:44.218]: (-0.2, 0.9, 2.1) 14
[17:10:45.021]: (0.1, 1.5, 1.1) 7
[17:10:47.106]: (-0.3, 1.7, 0.3) 6
[17:10:47.129]: (-0.3, 1.7, 0.3) 6
[17:10:47.152]: (-0.3, 1.7, 0.3) 6
[17:10:47.172]: (-0.3, 1.7, 0.3) 6
[17:10:47.196]: (-0.3, 1.7, 0.3) 6
[17:10:47.220]: (-0.3, 1.7, 0.3) 6
[17:10:47.244]: (-0.4, 1.7, 0.3) 6
[17:10:47.271]: (-0.3, 1.7, 0.3) 6
[17:10:47.296]: (-0.4, 1.7, 0.4) 6
[17:10:47.320]: (-0.3, 1.7, 0.4) 6
[17:10:47.346]: (-0.3, 1.7, 0.4) 6
[17:10:47.370]: (-0.3, 1.7, 0.4) 6
[17:10:47.393]: (-0.3, 1.7, 0.4) 6
[17:10:47.414]: (-0.3, 1.7, 0.4) 6
[17:10:47.434]: (-0.3, 1.7, 0.5) 6
[17:10:47.454]: (-0.3, 1.7, 0.4) 6
[17:10:47.476]: (-0.3, 1.7, 0.4) 6
[17:10:47.501]: (-0.3, 1.6, 0.5) 6
[17:10:48.583]: (-0.3, 1.6, 0.5) 6
[17:10:48.606]: (-0.3, 1.6, 0.5) 6
[17:10:48.629]: (-0.3, 1.6, 0.5) 6
[17:10:48.652]: (-0.3, 1.6, 0.5) 6
[17:10:48.695]: (-0.3, 1.5, 0.5) 6
[17:10:48.717]: (-0.3, 1.5, 0.5) 6
[17:10:48.739]: (-0.3, 1.5, 0.5) 6
[17:10:48.761]: (-0.3, 1.5, 0.5) 6
[17:10:48.782]: (-0.3, 1.5, 0.5) 6
[17:10:48.807]: (-0.3, 1.5, 0.5) 6
[17:10:48.828]: (-0.3, 1.5, 0.5) 6
[17:10:48.851]: (-0.3, 1.5, 0.5) 6
[17:10:48.874]: (-0.3, 1.5, 0.5) 6
[17:10:48.900]: (-0.2, 1.5, 0.5) 6
[17:10:48.926]: (-0.2, 1.5, 0.5) 6
[17:10:48.947]: (-0.2, 1.5, 0.5) 6
[17:10:48.968]: (-0.2, 1.5, 0.5) 6
[17:10:48.991]: (-0.2, 1.4, 0.5) 6
[17:10:49.012]: (-0.2, 1.4, 0.5) 6
[17:10:49.034]: (-0.2, 1.4, 0.5) 6
[17:10:49.317]: (-0.1, 1.5, 0.5) 6
[17:10:49.338]: (-0.1, 1.5, 0.5) 6
[17:10:49.362]: (-0.1, 1.5, 0.5) 6
[17:10:49.428]: (-0.1, 1.5, 0.5) 6
[17:10:49.494]: (-0.1, 1.5, 0.5) 6
[17:10:49.516]: (-0.1, 1.5, 0.5) 6
[17:10:49.539]: (-0.1, 1.5, 0.5) 6
[17:10:49.560]: (-0.1, 1.5, 0.5) 6
[17:10:49.583]: (-0.1, 1.5, 0.5) 6
[17:10:49.606]: (-0.1, 1.5, 0.5) 6
[17:10:49.892]: (0.0, 1.5, 0.5) 6
[17:10:49.925]: (0.0, 1.5, 0.5) 6
[17:10:49.942]: (-0.1, 1.5, 0.5) 6
[17:10:49.959]: (-0.1, 1.5, 0.5) 6
[17:10:50.216]: (-0.1, 1.5, 0.5) 6
[17:10:50.305]: (0.0, 1.6, 0.5) 6
[17:10:50.328]: (0.0, 1.5, 0.5) 6
[17:10:50.349]: (-0.1, 1.5, 0.5) 6
[17:10:50.372]: (-0.1, 1.5, 0.5) 6
[17:10:51.103]: (-0.1, 1.7, 0.5) 5
[17:10:51.120]: (-0.1, 1.6, 0.5) 5
[17:10:51.137]: (-0.1, 1.6, 0.5) 5
[17:10:51.160]: (-0.1, 1.6, 0.5) 5
[17:10:51.183]: (-0.1, 1.6, 0.5) 5
[17:10:51.204]: (-0.1, 1.6, 0.5) 5
[17:10:51.228]: (-0.1, 1.6, 0.5) 5
[17:10:51.249]: (-0.1, 1.6, 0.5) 5
[17:10:51.270]: (-0.1, 1.6, 0.5) 5
[17:10:51.294]: (-0.1, 1.6, 0.5) 5
[17:10:51.315]: (-0.1, 1.6, 0.5) 5
[17:10:51.338]: (-0.1, 1.6, 0.5) 5
[17:10:51.362]: (-0.1, 1.6, 0.5) 5
[17:10:51.382]: (-0.1, 1.6, 0.5) 5
[17:10:51.405]: (-0.1, 1.6, 0.5) 5
[17:10:51.427]: (-0.1, 1.6, 0.5) 5
[17:10:51.582]: (-0.1, 1.7, 0.5) 5
[17:10:52.054]: (-0.1, 1.6, 0.5) 8
[17:10:52.075]: (-0.1, 1.6, 0.5) 8
[17:10:52.096]: (-0.1, 1.6, 0.5) 8
[17:10:52.117]: (-0.1, 1.6, 0.5) 8
[17:10:52.140]: (-0.1, 1.6, 0.5) 8
[17:10:52.162]: (-0.1, 1.6, 0.5) 8
[17:10:52.182]: (-0.1, 1.6, 0.5) 8
[17:10:52.204]: (-0.1, 1.6, 0.5) 9
[17:10:52.225]: (-0.1, 1.6, 0.5) 8
[17:10:52.246]: (-0.1, 1.6, 0.5) 8
[17:10:52.269]: (-0.1, 1.6, 0.5) 8
[17:10:52.289]: (-0.1, 1.6, 0.5) 8
[17:10:52.309]: (-0.1, 1.5, 0.6) 8
[17:10:53.137]: (0.1, 1.4, 0.6) 11
[17:10:53.171]: (0.1, 1.4, 0.6) 11
[17:10:53.204]: (0.1, 1.4, 0.7) 11
[17:10:53.272]: (-0.1, 1.5, 0.5) 9
[17:10:53.305]: (-0.1, 1.5, 0.5) 9
[17:10:53.326]: (-0.1, 1.5, 0.5) 9
[17:10:53.347]: (-0.1, 1.5, 0.5) 9
[17:10:53.370]: (-0.1, 1.5, 0.5) 9
[17:10:53.395]: (-0.1, 1.5, 0.5) 9
[17:10:53.416]: (-0.1, 1.5, 0.5) 9
[17:10:53.438]: (-0.1, 1.5, 0.5) 9
[17:10:53.461]: (-0.1, 1.5, 0.5) 9
[17:10:53.483]: (-0.1, 1.5, 0.5) 9
[17:10:53.503]: (-0.1, 1.4, 0.5) 9
[17:10:53.904]: (-0.2, 1.3, 0.6) 5
[17:10:53.926]: (-0.2, 1.3, 0.5) 5
[17:10:54.439]: (-0.4, 1.2, 0.4) 4
[17:10:54.462]: (-0.4, 1.2, 0.3) 4
[17:10:54.487]: (-0.4, 1.2, 0.3) 4
[17:10:54.508]: (-0.4, 1.2, 0.3) 4
[17:10:54.529]: (-0.4, 1.2, 0.3) 4
[17:10:54.667]: (-0.4, 1.2, 0.3) 4
[17:10:54.841]: (-0.4, 1.3, 0.3) 4
[17:10:54.865]: (-0.5, 1.3, 0.3) 4
[17:10:54.887]: (-0.4, 1.3, 0.3) 4
[17:10:54.908]: (-0.4, 1.3, 0.3) 4
[17:10:54.930]: (-0.4, 1.3, 0.3) 4
[17:10:54.951]: (-0.4, 1.3, 0.3) 4
[17:10:54.973]: (-0.5, 1.3, 0.3) 4
[17:10:54.994]: (-0.4, 1.3, 0.3) 4
[17:10:55.016]: (-0.4, 1.3, 0.3) 4
[17:10:55.037]: (-0.5, 1.3, 0.3) 4
[17:10:55.057]: (-0.4, 1.3, 0.3) 4
[17:10:55.078]: (-0.5, 1.3, 0.3) 4
[17:10:55.100]: (-0.4, 1.3, 0.3) 4
[17:10:55.121]: (-0.4, 1.3, 0.3) 4
[17:10:55.143]: (-0.4, 1.3, 0.3) 4
[17:10:55.165]: (-0.4, 1.3, 0.3) 4
[17:10:57.477]: (-0.1, 1.2, 0.5) 6
[17:10:57.498]: (-0.1, 1.2, 0.5) 6
[17:10:57.519]: (-0.1, 1.2, 0.5) 6
[17:10:57.542]: (-0.1, 1.2, 0.5) 6
[17:10:57.564]: (-0.1, 1.2, 0.5) 6
[17:10:57.586]: (-0.1, 1.2, 0.5) 6
[17:10:57.609]: (-0.1, 1.2, 0.5) 6
[17:10:57.631]: (-0.1, 1.2, 0.5) 6
[17:10:57.652]: (-0.1, 1.2, 0.5) 6
[17:10:57.673]: (-0.1, 1.2, 0.5) 6
[17:10:57.694]: (-0.1, 1.2, 0.5) 6
[17:10:57.716]: (-0.1, 1.2, 0.5) 6
[17:10:57.738]: (-0.1, 1.2, 0.5) 6
[17:10:58.892]: (-0.1, 1.4, 0.5) 5
[17:11:00.309]: (-0.2, 1.2, 0.5) 6
[17:11:00.329]: (-0.2, 1.2, 0.5) 6
[17:11:00.351]: (-0.2, 1.2, 0.5) 6
[17:11:00.372]: (-0.2, 1.2, 0.5) 6
[17:11:00.394]: (-0.2, 1.2, 0.5) 6
[17:11:00.416]: (-0.2, 1.2, 0.5) 6
[17:11:00.438]: (-0.2, 1.2, 0.5) 6
[17:11:00.968]: (-0.1, 1.6, 0.5) 8
[17:11:02.302]: (-0.4, 1.2, 0.4) 4
[17:11:02.326]: (-0.4, 1.2, 0.4) 4
[17:11:02.351]: (-0.4, 1.2, 0.4) 4
[17:11:02.378]: (-0.4, 1.2, 0.4) 4
[17:11:02.402]: (-0.4, 1.2, 0.4) 4
[17:11:02.424]: (-0.4, 1.2, 0.4) 4
[17:11:02.447]: (-0.4, 1.2, 0.4) 4
[17:11:02.464]: (-0.4, 1.2, 0.4) 4
[17:11:02.481]: (-0.4, 1.2, 0.4) 4
[17:11:02.501]: (-0.4, 1.2, 0.4) 4
[17:11:02.523]: (-0.4, 1.2, 0.4) 4
[17:11:02.545]: (-0.4, 1.2, 0.4) 4
[17:11:02.564]: (-0.5, 1.1, 0.7) 3
[17:11:02.588]: (-0.4, 1.1, 0.7) 3
[17:11:03.090]: (-0.4, 1.7, 0.7) 1
[17:11:03.112]: (-0.4, 1.7, 0.6) 1
[17:11:03.135]: (-0.4, 1.7, 0.7) 1
[17:11:03.156]: (-0.4, 1.7, 0.7) 1
[17:11:03.179]: (-0.4, 1.7, 0.6) 1
[17:11:03.201]: (-0.4, 1.7, 0.6) 1
[17:11:03.223]: (-0.4, 1.7, 0.7) 1
[17:11:03.248]: (-0.4, 1.7, 0.7) 1
[17:11:03.267]: (-0.4, 1.7, 0.6) 1
[17:11:03.291]: (-0.4, 1.7, 0.6) 1
[17:11:03.313]: (-0.4, 1.7, 0.6) 1
[17:11:03.336]: (-0.4, 1.7, 0.6) 1
[17:11:03.356]: (-0.4, 1.7, 0.6) 1
[17:11:03.378]: (-0.4, 1.7, 0.6) 1
[17:11:03.400]: (-0.4, 1.7, 0.7) 1
[17:11:03.421]: (-0.4, 1.7, 0.6) 1
[17:11:03.445]: (-0.4, 1.7, 0.7) 1
[17:11:03.461]: (-0.4, 1.7, 0.7) 1
[17:11:03.478]: (-0.4, 1.7, 0.7) 1
[17:11:03.498]: (-0.4, 1.7, 0.7) 1
[17:11:03.515]: (-0.4, 1.7, 0.7) 1
[17:11:03.531]: (-0.4, 1.7, 0.7) 1
[17:11:03.548]: (-0.4, 1.7, 0.6) 1
[17:11:03.564]: (-0.4, 1.7, 0.7) 1
[17:11:03.580]: (-0.4, 1.7, 0.7) 1
[17:11:03.596]: (-0.4, 1.7, 0.7) 1
[17:11:03.612]: (-0.4, 1.7, 0.7) 1
[17:11:03.629]: (-0.4, 1.7, 0.7) 1
[17:11:03.646]: (-0.4, 1.7, 0.6) 1
[17:11:03.662]: (-0.4, 1.7, 0.7) 1
[17:11:03.681]: (-0.4, 1.7, 0.6) 1
[17:11:03.698]: (-0.4, 1.7, 0.6) 1
[17:11:03.715]: (-0.4, 1.7, 0.6) 1
[17:11:03.733]: (-0.4, 1.7, 0.6) 1
[17:11:03.750]: (-0.4, 1.7, 0.6) 1
[17:11:03.767]: (-0.4, 1.7, 0.6) 1
[17:11:03.783]: (-0.4, 1.7, 0.7) 1
[17:11:03.801]: (-0.4, 1.7, 0.6) 1
[17:11:03.817]: (-0.4, 1.7, 0.7) 1
[17:11:03.836]: (-0.4, 1.7, 0.7) 1
[17:11:03.853]: (-0.4, 1.7, 0.7) 1
[17:11:03.871]: (-0.4, 1.7, 0.6) 1
[17:11:03.888]: (-0.4, 1.7, 0.6) 1
[17:11:03.904]: (-0.4, 1.7, 0.6) 1
[17:11:03.921]: (-0.4, 1.7, 0.6) 1
[17:11:03.938]: (-0.4, 1.7, 0.6) 1
[17:11:03.954]: (-0.4, 1.7, 0.6) 1
[17:11:03.978]: (-0.4, 1.7, 0.6) 1
[17:11:04.000]: (-0.4, 1.7, 0.6) 1
[17:11:04.021]: (-0.4, 1.7, 0.6) 1
[17:11:04.044]: (-0.4, 1.7, 0.6) 1
[17:11:04.066]: (-0.4, 1.7, 0.6) 1
[17:11:04.088]: (-0.4, 1.7, 0.6) 1
[17:11:04.111]: (-0.4, 1.7, 0.6) 1
[17:11:04.133]: (-0.4, 1.7, 0.6) 1
[17:11:04.156]: (-0.4, 1.7, 0.6) 1
[17:11:04.177]: (-0.4, 1.7, 0.6) 1
[17:11:04.199]: (-0.4, 1.7, 0.6) 1
[17:11:04.223]: (-0.4, 1.7, 0.7) 1
[17:11:04.244]: (-0.4, 1.7, 0.7) 1
[17:11:04.866]: (-0.4, 1.7, 0.7) 1
[17:11:04.888]: (-0.4, 1.7, 0.7) 1
[17:11:04.910]: (-0.4, 1.7, 0.7) 1
[17:11:04.934]: (-0.4, 1.7, 0.7) 1
[17:11:04.978]: (-0.4, 1.7, 0.7) 1
[17:11:04.999]: (-0.4, 1.7, 0.7) 1
[17:11:05.021]: (-0.4, 1.7, 0.7) 1
[17:11:05.045]: (-0.4, 1.7, 0.7) 1
[17:11:05.067]: (-0.4, 1.7, 0.6) 1
[17:11:05.088]: (-0.4, 1.7, 0.6) 1
[17:11:05.111]: (-0.4, 1.7, 0.7) 1
[17:11:05.155]: (-0.4, 1.7, 0.7) 1
[17:11:05.176]: (-0.4, 1.7, 0.7) 1
[17:11:05.195]: (-0.4, 1.7, 0.7) 1
[17:11:05.213]: (-0.4, 1.7, 0.7) 1
[17:11:05.229]: (-0.4, 1.7, 0.7) 1
[17:11:05.245]: (-0.4, 1.7, 0.7) 1
[17:11:05.261]: (-0.4, 1.7, 0.7) 1
[17:11:05.278]: (-0.4, 1.7, 0.7) 1
[17:11:05.294]: (-0.4, 1.7, 0.7) 1
[17:11:05.312]: (-0.4, 1.7, 0.7) 1
[17:11:05.327]: (-0.4, 1.7, 0.7) 1
[17:11:05.344]: (-0.4, 1.7, 0.7) 1
[17:11:05.360]: (-0.4, 1.7, 0.7) 1
[17:11:05.376]: (-0.4, 1.7, 0.7) 1
[17:11:05.393]: (-0.4, 1.7, 0.7) 1
[17:11:05.411]: (-0.4, 1.7, 0.7) 1
[17:11:05.428]: (-0.4, 1.7, 0.7) 1
[17:11:05.448]: (-0.4, 1.7, 0.7) 1
[17:11:05.469]: (-0.4, 1.7, 0.7) 1
[17:11:05.489]: (-0.4, 1.7, 0.7) 1
[17:11:05.509]: (-0.4, 1.7, 0.7) 1
[17:11:05.529]: (-0.4, 1.7, 0.7) 1
[17:11:05.549]: (-0.4, 1.7, 0.7) 1
[17:11:05.570]: (-0.4, 1.7, 0.7) 1
[17:11:05.592]: (-0.4, 1.7, 0.7) 1
[17:11:05.615]: (-0.4, 1.7, 0.7) 1
[17:11:05.636]: (-0.4, 1.7, 0.7) 1
[17:11:05.651]: (-0.4, 1.7, 0.7) 1
[17:11:05.668]: (-0.4, 1.7, 0.7) 1
[17:11:05.686]: (-0.4, 1.7, 0.7) 1
[17:11:05.702]: (-0.4, 1.7, 0.7) 1
[17:11:05.719]: (-0.4, 1.7, 0.7) 1
[17:11:05.744]: (-0.4, 1.7, 0.7) 1
[17:11:05.777]: (-0.4, 1.7, 0.7) 1
[17:11:05.812]: (-0.4, 1.7, 0.7) 1
[17:11:05.844]: (-0.4, 1.7, 0.7) 1
[17:11:05.877]: (-0.4, 1.7, 0.7) 1
[17:11:05.911]: (-0.4, 1.7, 0.7) 1
[17:11:05.942]: (-0.4, 1.7, 0.7) 1
[17:11:06.009]: (-0.4, 1.7, 0.7) 1
[17:11:06.043]: (-0.4, 1.6, 0.7) 1
[17:11:06.076]: (-0.4, 1.7, 0.7) 1
[17:11:06.143]: (-0.4, 1.7, 0.7) 1
[17:11:06.176]: (-0.4, 1.6, 0.7) 1
[17:11:06.210]: (-0.4, 1.6, 0.7) 1
[17:11:06.276]: (-0.4, 1.6, 0.7) 1
[17:11:06.309]: (-0.4, 1.6, 0.7) 1
[17:11:06.343]: (-0.4, 1.6, 0.7) 1
[17:11:06.376]: (-0.4, 1.6, 0.7) 1
[17:11:06.410]: (-0.4, 1.6, 0.7) 1
[17:11:06.442]: (-0.4, 1.6, 0.7) 1
[17:11:06.475]: (-0.4, 1.6, 0.7) 1
[17:11:06.497]: (-0.4, 1.6, 0.7) 1
[17:11:06.520]: (-0.4, 1.6, 0.7) 1
[17:11:06.542]: (-0.4, 1.6, 0.7) 1
[17:11:06.565]: (-0.4, 1.6, 0.7) 1
[17:11:06.587]: (-0.4, 1.6, 0.7) 1
[17:11:06.611]: (-0.4, 1.6, 0.7) 1
[17:11:06.631]: (-0.4, 1.6, 0.7) 1
[17:11:06.654]: (-0.4, 1.6, 0.7) 1
[17:11:06.675]: (-0.4, 1.6, 0.7) 1
[17:11:06.698]: (-0.4, 1.6, 0.7) 1
[17:11:06.721]: (-0.4, 1.6, 0.7) 1
[17:11:06.742]: (-0.4, 1.6, 0.7) 1
[17:11:06.764]: (-0.4, 1.6, 0.7) 1
[17:11:06.786]: (-0.4, 1.6, 0.7) 1
[17:11:06.810]: (-0.4, 1.6, 0.7) 1
[17:11:06.830]: (-0.4, 1.6, 0.7) 1
[17:11:06.853]: (-0.4, 1.6, 0.7) 1
[17:11:06.876]: (-0.4, 1.6, 0.7) 1
[17:11:06.897]: (-0.4, 1.6, 0.7) 1
[17:11:06.920]: (-0.4, 1.6, 0.7) 1
[17:11:06.942]: (-0.4, 1.6, 0.7) 1
[17:11:06.964]: (-0.4, 1.6, 0.7) 1
[17:11:06.986]: (-0.4, 1.6, 0.7) 1
[17:11:07.009]: (-0.4, 1.6, 0.7) 1
[17:11:07.030]: (-0.4, 1.6, 0.7) 1
[17:11:08.860]: (-0.3, 1.6, 0.7) 1
[17:11:08.877]: (-0.4, 1.6, 0.7) 1
[17:11:08.909]: (-0.4, 1.6, 0.7) 1
[17:11:08.925]: (-0.4, 1.6, 0.7) 1
[17:11:08.941]: (-0.4, 1.6, 0.7) 1
[17:11:08.963]: (-0.4, 1.6, 0.7) 1
[17:11:08.986]: (-0.4, 1.6, 0.7) 1
[17:11:09.009]: (-0.4, 1.6, 0.7) 1
[17:11:09.030]: (-0.4, 1.6, 0.7) 1
[17:11:09.052]: (-0.4, 1.6, 0.7) 1
[17:11:09.074]: (-0.4, 1.6, 0.7) 1
[17:11:09.097]: (-0.4, 1.6, 0.7) 1
[17:11:09.119]: (-0.4, 1.6, 0.7) 1
[17:11:09.142]: (-0.4, 1.6, 0.7) 1
[17:11:09.163]: (-0.4, 1.6, 0.7) 1
[17:11:09.187]: (-0.4, 1.6, 0.7) 1
[17:11:12.195]: (-0.3, 1.7, 0.7) 1
[17:11:13.106]: (0.3, 1.6, 0.5) 10
[17:11:13.697]: (0.3, 1.6, 0.5) 10
[17:11:13.850]: (0.3, 1.5, 0.5) 10
[17:11:13.881]: (0.3, 1.5, 0.5) 10
[17:11:13.897]: (0.3, 1.5, 0.5) 10
[17:11:13.914]: (0.3, 1.6, 0.5) 10
[17:11:15.465]: (0.2, 1.4, 0.5) 11
[17:11:15.481]: (0.2, 1.4, 0.5) 11
[17:11:15.497]: (0.2, 1.4, 0.5) 11
[17:11:15.513]: (0.2, 1.4, 0.5) 11
[17:11:15.530]: (0.2, 1.4, 0.5) 11
[17:11:15.545]: (0.2, 1.4, 0.5) 11
[17:11:15.562]: (0.2, 1.4, 0.5) 11
[17:11:15.578]: (0.2, 1.4, 0.5) 11
[17:11:15.594]: (0.2, 1.4, 0.5) 11
[17:11:15.611]: (0.2, 1.4, 0.5) 11
[17:11:15.627]: (0.2, 1.4, 0.5) 11
[17:11:15.645]: (0.2, 1.4, 0.5) 11
[17:11:15.663]: (0.2, 1.4, 0.5) 11
[17:11:15.679]: (0.2, 1.4, 0.5) 11
[17:11:15.697]: (0.2, 1.4, 0.5) 11
[17:11:15.713]: (0.2, 1.4, 0.5) 11
[17:11:15.730]: (0.2, 1.4, 0.5) 11
[17:11:15.746]: (0.2, 1.4, 0.5) 11
[17:11:15.763]: (0.2, 1.4, 0.5) 11
[17:11:15.779]: (0.2, 1.4, 0.5) 11
[17:11:15.795]: (0.2, 1.4, 0.5) 11
[17:11:15.811]: (0.2, 1.4, 0.5) 11
[17:11:15.940]: (0.4, 1.3, 0.6) 12
[17:11:15.961]: (0.4, 1.3, 0.6) 12
[17:11:16.207]: (0.3, 1.3, 0.6) 12
[17:11:16.631]: (0.0, 1.2, 0.5) 7
[17:11:16.793]: (-0.1, 1.1, 0.4) 6
[17:11:16.817]: (-0.1, 1.1, 0.4) 6
[17:11:16.838]: (-0.1, 1.1, 0.4) 6
[17:11:16.861]: (-0.1, 1.1, 0.4) 6
[17:11:16.883]: (-0.1, 1.1, 0.4) 6
[17:11:16.905]: (-0.1, 1.2, 0.4) 6
[17:11:16.927]: (-0.1, 1.2, 0.4) 6
[17:11:16.949]: (-0.1, 1.2, 0.4) 6
[17:11:16.971]: (-0.1, 1.2, 0.4) 6
[17:11:16.993]: (-0.1, 1.1, 0.4) 6
[17:11:17.037]: (-0.4, 1.0, 0.7) 3
[17:11:17.060]: (-0.4, 1.1, 0.7) 3
[17:11:17.081]: (-0.4, 1.0, 0.7) 3
[17:11:17.106]: (-0.4, 1.0, 0.7) 3
[17:11:17.127]: (-0.3, 1.1, 0.4) 4
[17:11:17.149]: (-0.3, 1.1, 0.4) 4
[17:11:17.172]: (-0.4, 1.1, 0.3) 4
[17:11:17.188]: (-0.3, 1.1, 0.3) 4
[17:11:17.205]: (-0.3, 1.1, 0.3) 4
[17:11:17.224]: (-0.3, 1.1, 0.3) 4
[17:11:17.241]: (-0.3, 1.1, 0.3) 4
[17:11:17.258]: (-0.3, 1.1, 0.3) 4
[17:11:17.274]: (-0.3, 1.1, 0.3) 4
[17:11:17.291]: (-0.3, 1.1, 0.3) 4
[17:11:17.308]: (-0.3, 1.1, 0.3) 4
[17:11:17.324]: (-0.3, 1.1, 0.3) 4
[17:11:17.339]: (-0.3, 1.1, 0.3) 4
[17:11:17.356]: (-0.3, 1.1, 0.3) 4
[17:11:17.373]: (-0.3, 1.1, 0.3) 4
[17:11:17.389]: (-0.3, 1.1, 0.3) 4
[17:11:17.408]: (-0.3, 1.1, 0.3) 4
[17:11:17.424]: (-0.3, 1.1, 0.3) 4
[17:11:17.440]: (-0.3, 1.1, 0.3) 4
[17:11:17.456]: (-0.3, 1.1, 0.3) 4
[17:11:17.474]: (-0.3, 1.1, 0.3) 4
[17:11:17.491]: (-0.3, 1.1, 0.3) 4
[17:11:17.507]: (-0.3, 1.1, 0.3) 4
[17:11:17.523]: (-0.3, 1.1, 0.3) 4
[17:11:17.539]: (-0.3, 1.1, 0.3) 4
[17:11:18.004]: (-0.1, 1.5, 0.4) 8
[17:11:18.048]: (0.2, 1.5, 0.5) 10
[17:11:18.071]: (0.2, 1.5, 0.5) 10
[17:11:18.091]: (0.2, 1.5, 0.5) 10
[17:11:18.113]: (0.2, 1.5, 0.5) 9
[17:11:18.133]: (0.2, 1.5, 0.5) 9
[17:11:18.151]: (0.2, 1.5, 0.5) 9
[17:11:18.169]: (0.2, 1.5, 0.5) 9
[17:11:18.184]: (0.2, 1.5, 0.5) 9
[17:11:18.201]: (0.2, 1.5, 0.5) 9
[17:11:19.769]: (-0.4, 1.1, 0.4) 4
[17:11:19.793]: (-0.4, 1.1, 0.4) 4
[17:11:19.815]: (-0.4, 1.1, 0.3) 4
[17:11:19.837]: (-0.4, 1.1, 0.3) 4
[17:11:19.860]: (-0.4, 1.1, 0.3) 4
[17:11:19.895]: (-0.4, 1.1, 0.3) 4
[17:11:19.912]: (-0.4, 1.1, 0.3) 4
[17:11:19.928]: (-0.4, 1.1, 0.3) 4
[17:11:19.946]: (-0.4, 1.1, 0.3) 4
[17:11:19.963]: (-0.4, 1.1, 0.3) 4
[17:11:19.979]: (-0.4, 1.1, 0.3) 4
[17:11:19.997]: (-0.4, 1.1, 0.3) 4
[17:11:20.013]: (-0.4, 1.1, 0.3) 4
[17:11:20.030]: (-0.4, 1.1, 0.3) 4
[17:11:20.046]: (-0.4, 1.1, 0.3) 4
[17:11:20.064]: (-0.4, 1.1, 0.3) 4
[17:11:20.081]: (-0.4, 1.1, 0.3) 4
[17:11:20.099]: (-0.4, 1.1, 0.3) 4
[17:11:20.116]: (-0.4, 1.1, 0.3) 4
[17:11:20.132]: (-0.4, 1.1, 0.3) 4
[17:11:20.148]: (-0.4, 1.1, 0.3) 4
[17:11:20.164]: (-0.4, 1.1, 0.3) 4
[17:11:20.180]: (-0.4, 1.1, 0.3) 4
[17:11:20.197]: (-0.4, 1.1, 0.3) 4
[17:11:20.214]: (-0.4, 1.1, 0.3) 4
[17:11:20.231]: (-0.4, 1.1, 0.3) 4
[17:11:20.249]: (-0.4, 1.1, 0.3) 4
[17:11:20.265]: (-0.4, 1.1, 0.3) 4
[17:11:20.283]: (-0.4, 1.1, 0.3) 4
[17:11:20.299]: (-0.4, 1.1, 0.3) 4
[17:11:20.316]: (-0.4, 1.1, 0.3) 4
[17:11:20.335]: (-0.4, 1.1, 0.3) 4
[17:11:20.352]: (-0.4, 1.1, 0.3) 4
[17:11:20.369]: (-0.4, 1.1, 0.3) 4
[17:11:20.385]: (-0.4, 1.1, 0.3) 4
[17:11:20.402]: (-0.4, 1.1, 0.3) 4
[17:11:20.426]: (-0.4, 1.1, 0.3) 4
[17:11:20.448]: (-0.4, 1.1, 0.3) 4
[17:11:20.470]: (-0.4, 1.1, 0.3) 4
[17:11:20.493]: (-0.4, 1.1, 0.3) 4
[17:11:20.514]: (-0.4, 1.1, 0.3) 4
[17:11:20.537]: (-0.4, 1.1, 0.3) 4
[17:11:20.559]: (-0.4, 1.1, 0.3) 4
[17:11:20.580]: (-0.4, 1.1, 0.3) 4
[17:11:20.604]: (-0.4, 1.1, 0.3) 4
[17:11:20.626]: (-0.4, 1.1, 0.3) 4
[17:11:20.648]: (-0.4, 1.1, 0.3) 4
[17:11:20.670]: (-0.4, 1.1, 0.3) 4
[17:11:20.691]: (-0.4, 1.1, 0.3) 4
[17:11:20.715]: (-0.4, 1.1, 0.3) 4
[17:11:20.736]: (-0.4, 1.1, 0.3) 4
[17:11:20.758]: (-0.4, 1.1, 0.3) 4
[17:11:20.781]: (-0.4, 1.1, 0.3) 4
[17:11:20.803]: (-0.4, 1.1, 0.3) 4
[17:11:20.820]: (-0.4, 1.1, 0.3) 4
[17:11:20.836]: (-0.4, 1.1, 0.3) 4
[17:11:20.854]: (-0.4, 1.1, 0.3) 4
[17:11:20.872]: (-0.4, 1.1, 0.3) 4
[17:11:20.889]: (-0.4, 1.1, 0.3) 4
[17:11:20.905]: (-0.4, 1.1, 0.3) 4
[17:11:20.922]: (-0.4, 1.1, 0.3) 4
[17:11:20.939]: (-0.4, 1.1, 0.3) 4
[17:11:20.957]: (-0.4, 1.1, 0.3) 4
[17:11:20.974]: (-0.4, 1.1, 0.3) 4
[17:11:20.991]: (-0.4, 1.1, 0.3) 4
[17:11:21.010]: (-0.4, 1.1, 0.3) 4
[17:11:21.027]: (-0.4, 1.1, 0.3) 4
[17:11:21.045]: (-0.4, 1.1, 0.3) 4
[17:11:21.062]: (-0.4, 1.1, 0.3) 4
[17:11:21.079]: (-0.4, 1.1, 0.3) 4
[17:11:21.096]: (-0.4, 1.1, 0.3) 4
[17:11:21.114]: (-0.4, 1.1, 0.3) 4
[17:11:21.131]: (-0.4, 1.1, 0.3) 4
[17:11:21.150]: (-0.5, 1.0, 0.7) 3
[17:11:21.168]: (-0.5, 1.0, 0.7) 3
[17:11:21.183]: (-0.5, 1.1, 0.7) 3
[17:11:21.199]: (-0.5, 1.1, 0.7) 3
[17:11:21.216]: (-0.5, 1.1, 0.7) 3
[17:11:21.233]: (-0.5, 1.1, 0.7) 3
[17:11:21.251]: (-0.5, 1.1, 0.7) 3
[17:11:21.271]: (-0.5, 1.1, 0.7) 3
[17:11:21.293]: (-0.5, 1.1, 0.7) 3
[17:11:21.315]: (-0.5, 1.1, 0.7) 3
[17:11:21.335]: (-0.5, 1.1, 0.7) 3
[17:11:21.359]: (-0.5, 1.1, 0.7) 3
[17:11:21.379]: (-0.5, 1.1, 0.7) 3
[17:11:21.418]: (-0.5, 1.2, 0.7) 3
[17:11:21.559]: (-0.5, 1.2, 0.7) 3
[17:11:21.582]: (-0.5, 1.1, 0.6) 3
[17:11:21.604]: (-0.5, 1.1, 0.6) 3
[17:11:21.625]: (-0.4, 1.1, 0.7) 3
[17:11:21.647]: (-0.4, 1.1, 0.7) 3
[17:11:21.669]: (-0.4, 1.1, 0.7) 3
[17:11:21.691]: (-0.4, 1.1, 0.7) 3
[17:11:21.713]: (-0.4, 1.1, 0.7) 3
[17:11:21.736]: (-0.4, 1.2, 0.3) 4
[17:11:21.758]: (-0.4, 1.1, 0.7) 3
[17:11:21.780]: (-0.4, 1.1, 0.7) 3
[17:11:21.803]: (-0.4, 1.1, 0.7) 3
[17:11:21.825]: (-0.4, 1.1, 0.7) 3
[17:11:21.841]: (-0.4, 1.1, 0.7) 3
[17:11:21.858]: (-0.4, 1.1, 0.6) 3
[17:11:21.874]: (-0.4, 1.1, 0.6) 3
[17:11:21.917]: (-0.4, 1.2, 0.7) 3
[17:11:21.946]: (-0.4, 1.2, 0.7) 3
[17:11:21.963]: (-0.4, 1.2, 0.7) 3
[17:11:21.981]: (-0.5, 1.1, 0.6) 3
[17:11:21.999]: (-0.5, 1.1, 0.6) 3
[17:11:22.015]: (-0.5, 1.2, 0.7) 3
[17:11:22.031]: (-0.5, 1.2, 0.7) 3
[17:11:22.048]: (-0.5, 1.2, 0.7) 3
[17:11:22.063]: (-0.5, 1.2, 0.7) 3
[17:11:22.079]: (-0.5, 1.1, 0.7) 3
[17:11:22.094]: (-0.5, 1.2, 0.7) 3
[17:11:22.111]: (-0.4, 1.2, 0.7) 3
[17:11:22.126]: (-0.5, 1.2, 0.7) 3
[17:11:22.142]: (-0.5, 1.2, 0.7) 3
[17:11:22.159]: (-0.4, 1.2, 0.7) 3
[17:11:22.175]: (-0.4, 1.2, 0.7) 3
[17:11:22.190]: (-0.5, 1.2, 0.7) 3
[17:11:22.206]: (-0.5, 1.1, 0.7) 3
[17:11:22.223]: (-0.5, 1.1, 0.7) 3
[17:11:22.240]: (-0.5, 1.1, 0.6) 3
[17:11:22.256]: (-0.5, 1.1, 0.6) 3
[17:11:22.272]: (-0.5, 1.1, 0.6) 3
[17:11:22.291]: (-0.5, 1.1, 0.6) 3
[17:11:22.313]: (-0.5, 1.1, 0.6) 3
[17:11:22.335]: (-0.5, 1.1, 0.6) 3
[17:11:22.358]: (-0.5, 1.1, 0.6) 3
[17:11:22.380]: (-0.5, 1.1, 0.6) 3
[17:11:22.402]: (-0.5, 1.1, 0.6) 3
[17:11:22.424]: (-0.5, 1.1, 0.6) 3
[17:11:22.447]: (-0.5, 1.1, 0.6) 3
[17:11:22.469]: (-0.5, 1.1, 0.6) 3
[17:11:22.493]: (-0.5, 1.1, 0.6) 3
[17:11:22.514]: (-0.5, 1.1, 0.6) 3
[17:11:22.535]: (-0.5, 1.1, 0.6) 3
[17:11:22.557]: (-0.5, 1.2, 0.6) 3
[17:11:22.580]: (-0.5, 1.2, 0.7) 3
[17:11:22.602]: (-0.5, 1.2, 0.7) 3
[17:11:22.625]: (-0.5, 1.2, 0.7) 3
[17:11:22.646]: (-0.5, 1.2, 0.7) 3
[17:11:22.692]: (-0.5, 1.2, 0.7) 3
[17:11:22.714]: (-0.5, 1.2, 0.7) 3
[17:11:22.731]: (-0.5, 1.2, 0.7) 3
[17:11:22.747]: (-0.5, 1.1, 0.6) 3
[17:11:22.762]: (-0.5, 1.1, 0.6) 3
[17:11:22.779]: (-0.5, 1.2, 0.7) 3
[17:11:22.793]: (-0.5, 1.2, 0.7) 3
[17:11:22.810]: (-0.5, 1.2, 0.7) 3
[17:11:22.826]: (-0.5, 1.1, 0.6) 3
[17:11:22.841]: (-0.5, 1.2, 0.7) 3
[17:11:22.859]: (-0.5, 1.2, 0.7) 3
[17:11:23.023]: (-0.5, 1.2, 0.7) 3
[17:11:23.039]: (-0.5, 1.2, 0.7) 3
[17:11:23.069]: (-0.5, 1.2, 0.7) 3
[17:11:23.084]: (-0.5, 1.2, 0.7) 3
[17:11:23.101]: (-0.5, 1.1, 0.6) 3
[17:11:23.124]: (-0.5, 1.1, 0.6) 3
[17:11:23.146]: (-0.5, 1.1, 0.6) 3
[17:11:23.168]: (-0.5, 1.1, 0.6) 3
[17:11:23.191]: (-0.5, 1.2, 0.7) 3
[17:11:23.214]: (-0.5, 1.2, 0.6) 3
[17:11:23.236]: (-0.5, 1.2, 0.6) 3
[17:11:24.823]: (0.0, 1.2, 0.4) 7
[17:11:24.846]: (0.0, 1.2, 0.4) 7
[17:11:24.869]: (0.0, 1.2, 0.4) 7
[17:11:25.069]: (0.3, 1.4, 0.5) 12
[17:11:25.156]: (0.3, 1.5, 0.4) 9
[17:11:25.179]: (0.2, 1.5, 0.4) 9
[17:11:25.201]: (0.2, 1.4, 0.4) 9
[17:11:26.276]: (0.2, 1.4, 0.5) 11
[17:11:26.306]: (0.2, 1.5, 0.5) 11
[17:11:26.339]: (0.2, 1.5, 0.5) 11
[17:11:26.400]: (0.2, 1.4, 0.5) 11
[17:11:26.486]: (0.2, 1.4, 0.5) 11
[17:11:26.546]: (0.2, 1.4, 0.5) 11
[17:11:26.878]: (0.2, 1.5, 0.5) 11
[17:11:26.924]: (0.1, 1.5, 0.4) 8
[17:11:27.132]: (0.2, 1.4, 0.5) 11
[17:11:27.148]: (0.3, 1.5, 0.4) 9
[17:11:27.321]: (0.3, 1.4, 0.5) 11
[17:11:27.336]: (0.3, 1.4, 0.5) 11
[17:11:27.356]: (0.3, 1.4, 0.5) 11
[17:11:27.378]: (0.3, 1.4, 0.5) 11
[17:11:27.401]: (0.3, 1.4, 0.5) 11
[17:11:27.422]: (0.2, 1.4, 0.5) 11
[17:11:27.445]: (0.2, 1.4, 0.5) 11
[17:11:27.468]: (0.3, 1.4, 0.5) 11
[17:11:27.489]: (0.3, 1.4, 0.5) 11
[17:11:27.513]: (0.2, 1.4, 0.5) 11
[17:11:27.534]: (0.2, 1.4, 0.5) 11
[17:11:27.556]: (0.2, 1.4, 0.5) 11
[17:11:27.578]: (0.2, 1.4, 0.5) 11
[17:11:28.003]: (0.3, 1.3, 0.5) 12
[17:11:28.107]: (0.3, 1.3, 0.5) 12
[17:11:28.123]: (0.3, 1.3, 0.5) 12
[17:11:28.154]: (0.3, 1.4, 0.5) 12
[17:11:28.199]: (0.3, 1.4, 0.5) 11
[17:11:28.289]: (0.3, 1.4, 0.5) 11
[17:11:28.311]: (0.2, 1.4, 0.5) 11
[17:11:28.378]: (0.2, 1.4, 0.4) 9
[17:11:28.401]: (0.3, 1.5, 0.4) 9
[17:11:28.422]: (0.3, 1.5, 0.4) 9
[17:11:28.445]: (0.2, 1.5, 0.4) 9
[17:11:28.467]: (0.2, 1.5, 0.4) 9
[17:11:28.489]: (0.2, 1.5, 0.4) 10
[17:11:28.514]: (0.2, 1.5, 0.4) 9
[17:11:28.533]: (0.3, 1.5, 0.4) 10
[17:11:28.555]: (0.2, 1.5, 0.4) 9
[17:11:28.579]: (0.2, 1.5, 0.4) 9
[17:11:28.600]: (0.2, 1.5, 0.4) 9
[17:11:28.623]: (0.2, 1.5, 0.4) 9
[17:11:28.646]: (0.2, 1.5, 0.4) 9
[17:11:28.662]: (0.3, 1.4, 0.5) 9
[17:11:28.679]: (0.2, 1.5, 0.4) 9
[17:11:28.694]: (0.2, 1.5, 0.4) 9
[17:11:28.711]: (0.2, 1.5, 0.4) 9
[17:11:28.727]: (0.3, 1.5, 0.4) 9
[17:11:28.788]: (0.2, 1.5, 0.4) 9
[17:11:28.805]: (0.2, 1.5, 0.4) 9
[17:11:28.822]: (0.2, 1.5, 0.4) 9
[17:11:28.838]: (0.2, 1.5, 0.4) 9
[17:11:28.854]: (0.2, 1.5, 0.4) 9
[17:11:28.869]: (0.2, 1.5, 0.4) 9
[17:11:28.885]: (0.2, 1.5, 0.4) 10
[17:11:28.902]: (0.2, 1.5, 0.4) 10
[17:11:28.918]: (0.2, 1.5, 0.4) 10
[17:11:28.934]: (0.2, 1.5, 0.4) 9
[17:11:28.950]: (0.2, 1.5, 0.4) 9
[17:11:28.967]: (0.2, 1.5, 0.4) 9
[17:11:28.984]: (0.2, 1.5, 0.4) 9
[17:11:29.001]: (0.2, 1.5, 0.4) 9
[17:11:29.018]: (0.2, 1.5, 0.4) 9
[17:11:29.033]: (0.2, 1.5, 0.4) 10
[17:11:29.048]: (0.2, 1.5, 0.4) 9
[17:11:29.067]: (0.2, 1.5, 0.4) 10
[17:11:29.112]: (0.2, 1.4, 0.4) 9
[17:11:29.178]: (0.3, 1.4, 0.5) 11
[17:11:29.200]: (0.2, 1.4, 0.5) 11
[17:11:29.222]: (0.2, 1.4, 0.5) 11
[17:11:29.245]: (0.2, 1.4, 0.5) 9
[17:11:29.266]: (0.2, 1.4, 0.5) 9
[17:11:29.289]: (0.2, 1.4, 0.5) 11
[17:11:29.311]: (0.2, 1.4, 0.5) 11
[17:11:29.334]: (0.2, 1.5, 0.4) 9
[17:11:29.356]: (0.2, 1.5, 0.4) 9
[17:11:29.378]: (0.2, 1.5, 0.4) 9
[17:11:29.423]: (0.3, 1.4, 0.5) 9
[17:11:29.445]: (0.3, 1.4, 0.5) 11
[17:11:29.466]: (0.3, 1.4, 0.5) 11
[17:11:29.489]: (0.3, 1.4, 0.5) 11
[17:11:29.558]: (0.3, 1.4, 0.5) 11
[17:11:29.575]: (0.2, 1.5, 0.4) 9
[17:11:29.624]: (0.3, 1.5, 0.4) 9
[17:11:29.640]: (0.3, 1.5, 0.4) 9
[17:11:29.700]: (0.3, 1.5, 0.4) 9
[17:11:29.873]: (0.2, 1.5, 0.4) 10
[17:11:29.890]: (0.2, 1.5, 0.4) 10
[17:11:29.905]: (0.2, 1.5, 0.4) 10
[17:11:30.144]: (0.4, 1.4, 0.5) 12
[17:11:30.235]: (0.4, 1.4, 0.5) 12
[17:11:30.255]: (0.4, 1.4, 0.5) 12
[17:11:30.278]: (0.4, 1.4, 0.5) 12
[17:11:30.322]: (0.4, 1.4, 0.5) 12
[17:11:30.345]: (0.4, 1.4, 0.5) 12
[17:11:30.366]: (0.4, 1.4, 0.5) 12
[17:11:30.382]: (0.4, 1.4, 0.5) 12
[17:11:30.398]: (0.4, 1.4, 0.5) 12
[17:11:30.414]: (0.4, 1.4, 0.5) 12
[17:11:30.430]: (0.4, 1.4, 0.5) 12
[17:11:30.446]: (0.4, 1.4, 0.5) 12
[17:11:30.609]: (0.4, 1.4, 0.5) 12
[17:11:30.641]: (0.4, 1.4, 0.5) 12
[17:11:30.657]: (0.4, 1.4, 0.5) 12
[17:11:30.703]: (0.4, 1.4, 0.5) 12
[17:11:30.719]: (0.4, 1.4, 0.5) 12
[17:11:30.735]: (0.4, 1.4, 0.5) 12
[17:11:30.751]: (0.4, 1.4, 0.5) 12
[17:11:30.768]: (0.4, 1.4, 0.5) 12
[17:11:30.785]: (0.4, 1.4, 0.5) 12
[17:11:30.801]: (0.4, 1.4, 0.5) 12
[17:11:30.820]: (0.4, 1.4, 0.5) 12
[17:11:30.844]: (0.4, 1.4, 0.5) 12
[17:11:30.866]: (0.4, 1.4, 0.5) 12
[17:11:30.887]: (0.4, 1.4, 0.5) 12
[17:11:30.910]: (0.4, 1.4, 0.5) 12
[17:11:30.932]: (0.4, 1.4, 0.5) 12
[17:11:30.954]: (0.4, 1.4, 0.5) 12
[17:11:30.976]: (0.4, 1.3, 0.5) 12
[17:11:30.998]: (0.4, 1.4, 0.5) 12
[17:11:31.348]: (0.4, 1.4, 0.5) 12
[17:11:31.436]: (0.4, 1.4, 0.6) 12
[17:11:31.452]: (0.4, 1.4, 0.5) 12
[17:11:31.468]: (0.4, 1.4, 0.5) 12
[17:11:31.485]: (0.4, 1.4, 0.5) 12
[17:11:31.500]: (0.4, 1.3, 0.6) 12
[17:11:31.516]: (0.4, 1.3, 0.6) 12
[17:11:31.533]: (0.4, 1.3, 0.6) 12
[17:11:31.548]: (0.4, 1.3, 0.6) 12
[17:11:31.698]: (0.4, 1.3, 0.6) 12
[17:11:31.987]: (0.0, 1.3, 0.5) 5
[17:11:32.832]: (-0.1, 1.2, 0.4) 6
[17:11:32.854]: (0.0, 1.2, 0.5) 6
[17:11:32.899]: (-0.1, 1.2, 0.4) 6
[17:11:32.962]: (0.0, 1.2, 0.5) 6
[17:11:32.979]: (0.0, 1.2, 0.5) 7
[17:11:32.995]: (0.0, 1.2, 0.5) 7
[17:11:33.014]: (0.0, 1.2, 0.5) 7
[17:11:33.031]: (0.0, 1.2, 0.5) 7
[17:11:33.047]: (0.0, 1.2, 0.5) 7
[17:11:33.064]: (0.0, 1.2, 0.5) 7
[17:11:33.080]: (-0.1, 1.1, 0.4) 6
[17:11:33.097]: (-0.1, 1.2, 0.4) 6
[17:11:33.620]: (0.0, 1.3, 0.5) 5
[17:11:33.709]: (0.1, 1.3, 0.5) 5
[17:11:33.731]: (0.1, 1.3, 0.5) 5
[17:11:33.753]: (0.1, 1.3, 0.5) 5
[17:11:33.798]: (0.2, 1.4, 0.5) 11
[17:11:33.815]: (0.2, 1.3, 0.5) 11
[17:11:33.832]: (0.2, 1.3, 0.5) 11
[17:11:33.848]: (0.2, 1.3, 0.5) 11
[17:11:33.866]: (0.2, 1.4, 0.5) 11
[17:11:33.884]: (0.2, 1.3, 0.5) 11
[17:11:33.900]: (0.2, 1.3, 0.5) 11
[17:11:33.916]: (0.2, 1.3, 0.5) 11
[17:11:33.933]: (0.2, 1.4, 0.5) 11
[17:11:33.949]: (0.2, 1.3, 0.5) 11
[17:11:33.966]: (0.2, 1.3, 0.5) 11
[17:11:33.984]: (0.2, 1.3, 0.5) 11
[17:11:34.000]: (0.2, 1.3, 0.5) 11
[17:11:34.017]: (0.2, 1.3, 0.5) 11
[17:11:34.035]: (0.2, 1.3, 0.5) 11
[17:11:34.052]: (0.2, 1.3, 0.5) 11
[17:11:34.068]: (0.2, 1.3, 0.5) 11
[17:11:34.086]: (0.2, 1.3, 0.5) 11
[17:11:34.598]: (0.4, 1.3, 0.6) 12
[17:11:34.621]: (0.4, 1.3, 0.5) 12
[17:11:34.642]: (0.4, 1.3, 0.5) 12
[17:11:35.509]: (0.4, 1.3, 0.5) 12
[17:11:35.530]: (0.4, 1.3, 0.5) 12
[17:11:35.552]: (0.4, 1.3, 0.5) 12
[17:11:35.575]: (0.4, 1.3, 0.5) 12
[17:11:35.597]: (0.4, 1.3, 0.5) 12
[17:11:35.619]: (0.4, 1.3, 0.5) 12
[17:11:35.641]: (0.4, 1.3, 0.5) 12
[17:11:35.664]: (0.4, 1.3, 0.5) 12
[17:11:35.686]: (0.4, 1.3, 0.5) 12
[17:11:35.708]: (0.4, 1.3, 0.5) 12
[17:11:35.726]: (0.4, 1.3, 0.5) 12
[17:11:35.742]: (0.4, 1.3, 0.5) 12
[17:11:35.757]: (0.4, 1.3, 0.5) 12
[17:11:35.775]: (0.4, 1.3, 0.5) 12
[17:11:35.791]: (0.4, 1.3, 0.5) 12
[17:11:35.808]: (0.4, 1.3, 0.5) 12
[17:11:35.824]: (0.4, 1.3, 0.5) 12
[17:11:35.841]: (0.4, 1.3, 0.5) 12
[17:11:35.859]: (0.4, 1.3, 0.5) 12
[17:11:35.876]: (0.4, 1.3, 0.5) 12
[17:11:35.892]: (0.4, 1.3, 0.5) 12
[17:11:35.910]: (0.4, 1.3, 0.5) 12
[17:11:35.926]: (0.4, 1.3, 0.5) 12
[17:11:35.943]: (0.4, 1.3, 0.5) 12
[17:11:35.959]: (0.4, 1.3, 0.5) 12
[17:11:35.977]: (0.4, 1.3, 0.5) 12
[17:11:35.992]: (0.4, 1.3, 0.5) 12
[17:11:36.009]: (0.4, 1.3, 0.5) 12
[17:11:36.024]: (0.4, 1.3, 0.5) 12
[17:11:36.041]: (0.4, 1.3, 0.5) 12
[17:11:36.057]: (0.4, 1.3, 0.5) 12
[17:11:36.074]: (0.4, 1.3, 0.5) 12
[17:11:36.090]: (0.4, 1.3, 0.5) 12
[17:11:36.107]: (0.4, 1.3, 0.5) 12
[17:11:36.123]: (0.4, 1.3, 0.5) 12
[17:11:36.139]: (0.4, 1.3, 0.5) 12
[17:11:36.154]: (0.4, 1.3, 0.5) 12
[17:11:36.171]: (0.4, 1.3, 0.5) 12
[17:11:36.187]: (0.4, 1.3, 0.5) 12
[17:11:36.209]: (0.4, 1.3, 0.5) 12
[17:11:36.231]: (0.4, 1.3, 0.5) 12
[17:11:36.252]: (0.4, 1.3, 0.5) 12
[17:11:36.274]: (0.4, 1.3, 0.5) 12
[17:11:36.297]: (0.4, 1.3, 0.5) 12
[17:11:36.319]: (0.4, 1.3, 0.5) 12
[17:11:36.341]: (0.4, 1.3, 0.5) 12
[17:11:36.364]: (0.4, 1.3, 0.5) 12
[17:11:36.386]: (0.4, 1.3, 0.5) 12
[17:11:36.407]: (0.4, 1.3, 0.5) 12
[17:11:36.430]: (0.4, 1.3, 0.5) 12
[17:11:36.452]: (0.4, 1.3, 0.5) 12
[17:11:36.474]: (0.4, 1.3, 0.6) 12
[17:11:36.496]: (0.4, 1.3, 0.6) 12
[17:11:36.519]: (0.4, 1.3, 0.5) 12
[17:11:36.541]: (0.4, 1.3, 0.5) 12
[17:11:36.563]: (0.4, 1.3, 0.5) 12
[17:11:36.585]: (0.4, 1.3, 0.5) 12
[17:11:36.608]: (0.4, 1.3, 0.5) 12
[17:11:36.625]: (0.4, 1.3, 0.5) 12
[17:11:36.643]: (0.4, 1.3, 0.6) 12
[17:11:36.659]: (0.4, 1.3, 0.6) 12
[17:11:36.677]: (0.4, 1.3, 0.5) 12
[17:11:36.693]: (0.4, 1.3, 0.5) 12
[17:11:36.710]: (0.4, 1.3, 0.5) 12
[17:11:36.726]: (0.4, 1.3, 0.6) 12
[17:11:36.743]: (0.4, 1.3, 0.6) 12
[17:11:36.758]: (0.4, 1.3, 0.6) 12
[17:11:36.774]: (0.4, 1.3, 0.6) 12
[17:11:36.790]: (0.4, 1.3, 0.6) 12
[17:11:36.806]: (0.4, 1.3, 0.6) 12
[17:11:36.822]: (0.4, 1.3, 0.6) 12
[17:11:36.838]: (0.4, 1.3, 0.6) 12
[17:11:36.857]: (0.4, 1.3, 0.6) 12
[17:11:36.875]: (0.4, 1.3, 0.6) 12
[17:11:36.891]: (0.4, 1.3, 0.6) 12
[17:11:36.907]: (0.4, 1.3, 0.6) 12
[17:11:36.924]: (0.4, 1.3, 0.6) 12
[17:11:36.940]: (0.4, 1.3, 0.6) 12
[17:11:36.956]: (0.4, 1.3, 0.6) 12
[17:11:36.974]: (0.4, 1.3, 0.6) 12
[17:11:36.991]: (0.4, 1.3, 0.6) 12
[17:11:37.009]: (0.4, 1.3, 0.6) 12
[17:11:37.027]: (0.4, 1.3, 0.6) 12
[17:11:37.046]: (0.4, 1.3, 0.6) 12
[17:11:37.063]: (0.4, 1.3, 0.6) 12
[17:11:37.085]: (0.4, 1.3, 0.6) 12
[17:11:37.108]: (0.3, 1.3, 0.6) 12
[17:11:37.130]: (0.4, 1.3, 0.6) 12
[17:11:37.153]: (0.4, 1.3, 0.6) 12
[17:11:37.175]: (0.4, 1.3, 0.6) 12
[17:11:37.196]: (0.4, 1.3, 0.6) 12
[17:11:37.218]: (0.4, 1.3, 0.5) 12
[17:11:37.241]: (0.4, 1.3, 0.6) 12
[17:11:37.262]: (0.4, 1.3, 0.6) 12
[17:11:37.285]: (0.4, 1.3, 0.5) 12
[17:11:37.307]: (0.4, 1.3, 0.5) 12
[17:11:37.330]: (0.4, 1.3, 0.5) 12
[17:11:37.351]: (0.4, 1.3, 0.5) 12
[17:11:37.375]: (0.4, 1.3, 0.5) 12
[17:11:37.396]: (0.3, 1.3, 0.5) 12
[17:11:37.419]: (0.3, 1.3, 0.5) 12
[17:11:37.441]: (0.3, 1.3, 0.5) 12
[17:11:37.463]: (0.3, 1.3, 0.5) 12
[17:11:37.484]: (0.3, 1.3, 0.5) 12
[17:11:37.507]: (0.3, 1.3, 0.5) 12
[17:11:37.524]: (0.3, 1.3, 0.5) 12
[17:11:37.540]: (0.3, 1.3, 0.5) 12
[17:11:37.557]: (0.3, 1.3, 0.5) 12
[17:11:37.574]: (0.4, 1.3, 0.5) 12
[17:11:37.591]: (0.4, 1.3, 0.6) 12
[17:11:37.608]: (0.4, 1.3, 0.6) 12
[17:11:37.626]: (0.4, 1.3, 0.6) 12
[17:11:37.641]: (0.4, 1.3, 0.5) 12
[17:11:37.657]: (0.4, 1.3, 0.5) 12
[17:11:37.673]: (0.4, 1.3, 0.5) 12
[17:11:37.689]: (0.4, 1.3, 0.5) 12
[17:11:37.704]: (0.4, 1.3, 0.5) 12
[17:11:37.721]: (0.4, 1.3, 0.5) 12
[17:11:37.738]: (0.4, 1.3, 0.5) 12
[17:11:37.754]: (0.4, 1.3, 0.5) 12
[17:11:37.770]: (0.4, 1.3, 0.5) 12
[17:11:37.788]: (0.4, 1.3, 0.5) 12
[17:11:37.805]: (0.4, 1.3, 0.5) 12
[17:11:37.821]: (0.4, 1.3, 0.5) 12
[17:11:37.837]: (0.4, 1.3, 0.5) 12
[17:11:37.854]: (0.4, 1.3, 0.5) 12
[17:11:37.871]: (0.4, 1.3, 0.5) 12
[17:11:37.888]: (0.4, 1.3, 0.5) 12
[17:11:37.904]: (0.4, 1.3, 0.5) 12
[17:11:37.921]: (0.3, 1.3, 0.5) 12
[17:11:37.940]: (0.3, 1.3, 0.5) 12
[17:11:37.963]: (0.3, 1.3, 0.5) 12
[17:11:37.985]: (0.3, 1.3, 0.5) 12
[17:11:38.007]: (0.3, 1.3, 0.5) 12
[17:11:38.030]: (0.4, 1.3, 0.6) 12
[17:11:38.052]: (0.4, 1.3, 0.6) 12
[17:11:38.583]: (0.4, 1.3, 0.5) 12
[17:11:38.600]: (0.3, 1.3, 0.5) 12
[17:11:38.621]: (0.4, 1.3, 0.5) 12
