[17:13:22.090]: (-1.8, -1.0, 0.0) 2
[17:13:22.112]: (-1.7, -0.9, 0.0) 0
[17:13:22.133]: (-1.7, -0.9, 0.0) 0
[17:13:22.154]: (-1.7, -0.9, 0.0) 0
[17:13:22.177]: (-1.7, -0.9, 0.0) 0
[17:13:22.199]: (-1.6, -0.9, 0.0) 0
[17:13:22.221]: (-1.7, -0.9, 0.0) 0
[17:13:22.266]: (-1.7, -0.9, 0.1) 0
[17:13:22.288]: (-1.7, -0.9, 0.0) 0
[17:13:22.369]: (-1.6, -0.9, 0.0) 0
[17:13:22.386]: (-1.7, -0.9, -0.1) 0
[17:13:22.402]: (-1.7, -0.9, 0.0) 0
[17:13:22.418]: (-1.6, -0.9, 0.0) 0
[17:13:22.434]: (-1.7, -0.9, 0.0) 0
[17:13:22.452]: (-1.6, -0.9, 0.0) 0
[17:13:22.468]: (-1.6, -0.9, 0.0) 0
[17:13:22.485]: (-1.6, -0.9, 0.0) 0
[17:13:22.501]: (-1.6, -0.9, 0.0) 0
[17:13:22.517]: (-1.6, -0.9, 0.0) 0
[17:13:22.533]: (-1.6, -0.9, 0.0) 0
[17:13:22.551]: (-1.6, -0.9, 0.0) 0
[17:13:22.567]: (-1.6, -0.9, 0.0) 0
[17:13:23.599]: (-2.0, -0.6, 0.1) 23
[17:13:23.643]: (-2.1, -0.6, 0.0) 7
[17:13:23.753]: (-1.9, -0.6, 0.0) 22
[17:13:23.844]: (-1.4, -0.3, 0.0) 12
[17:13:23.866]: (-1.4, -0.3, 0.0) 12
[17:13:23.886]: (-1.4, -0.3, 0.0) 12
[17:13:23.909]: (-1.4, -0.3, 0.0) 12
[17:13:23.931]: (-1.4, -0.3, 0.0) 12
[17:13:23.954]: (-1.4, -0.3, 0.0) 12
[17:13:23.976]: (-1.4, -0.3, 0.0) 12
[17:13:23.992]: (-1.4, -0.3, 0.0) 12
[17:13:24.008]: (-1.4, -0.3, 0.0) 12
[17:13:24.025]: (-1.5, -0.4, 0.0) 11
[17:13:24.042]: (-1.5, -0.4, 0.0) 11
[17:13:24.058]: (-1.4, -0.3, 0.0) 12
[17:13:24.074]: (-1.4, -0.3, 0.0) 12
[17:13:24.091]: (-1.4, -0.3, 0.0) 12
[17:13:24.107]: (-1.4, -0.3, 0.0) 12
[17:13:24.123]: (-1.4, -0.3, 0.0) 12
[17:13:24.139]: (-1.4, -0.3, 0.0) 12
[17:13:24.156]: (-1.4, -0.3, 0.0) 12
[17:13:24.172]: (-1.4, -0.3, 0.0) 12
[17:13:24.190]: (-1.4, -0.3, 0.0) 12
[17:13:24.206]: (-1.4, -0.3, 0.0) 12
[17:13:24.223]: (-1.4, -0.3, 0.0) 12
[17:13:24.240]: (-1.4, -0.3, 0.0) 12
[17:13:24.343]: (-1.5, -0.4, 0.0) 11
[17:13:24.359]: (-1.5, -0.4, 0.0) 11
[17:13:24.375]: (-1.5, -0.4, 0.0) 11
[17:13:24.392]: (-1.5, -0.4, 0.0) 11
[17:13:24.408]: (-1.5, -0.4, 0.0) 11
[17:13:24.431]: (-1.5, -0.4, 0.0) 11
[17:13:24.453]: (-1.4, -0.3, 0.0) 12
[17:13:24.476]: (-1.4, -0.3, 0.0) 12
[17:13:24.497]: (-1.4, -0.3, 0.0) 12
[17:13:24.520]: (-1.4, -0.3, 0.0) 12
[17:13:24.542]: (-1.4, -0.3, 0.0) 12
[17:13:24.564]: (-1.4, -0.3, 0.0) 12
[17:13:24.588]: (-1.4, -0.3, 0.0) 12
[17:13:24.608]: (-1.4, -0.3, 0.0) 12
[17:13:24.698]: (-1.4, -0.3, 0.0) 12
[17:13:24.720]: (-1.4, -0.3, 0.0) 12
[17:13:24.742]: (-1.4, -0.3, 0.0) 12
[17:13:24.766]: (-1.4, -0.3, 0.0) 12
[17:13:24.786]: (-1.4, -0.3, 0.0) 12
[17:13:24.810]: (-1.4, -0.3, 0.0) 12
[17:13:24.830]: (-1.4, -0.3, 0.0) 12
[17:13:24.853]: (-1.4, -0.3, 0.0) 12
[17:13:24.869]: (-1.4, -0.3, 0.0) 12
[17:13:24.884]: (-1.4, -0.3, 0.0) 12
[17:13:24.903]: (-1.4, -0.3, 0.0) 12
[17:13:24.919]: (-1.4, -0.3, 0.0) 12
[17:13:24.936]: (-1.4, -0.3, 0.0) 12
[17:13:24.953]: (-1.4, -0.3, 0.0) 12
[17:13:24.970]: (-1.4, -0.3, 0.0) 12
[17:13:24.987]: (-1.4, -0.3, 0.0) 12
[17:13:25.003]: (-1.4, -0.3, 0.0) 12
[17:13:25.019]: (-1.4, -0.3, 0.0) 12
[17:13:25.036]: (-1.4, -0.3, 0.0) 12
[17:13:25.053]: (-1.4, -0.3, 0.0) 12
[17:13:25.069]: (-1.4, -0.3, 0.0) 12
[17:13:25.086]: (-1.4, -0.3, 0.0) 12
[17:13:25.103]: (-1.4, -0.3, 0.0) 12
[17:13:25.119]: (-1.4, -0.3, 0.0) 12
[17:13:25.136]: (-1.4, -0.3, 0.0) 12
[17:13:25.152]: (-1.4, -0.3, 0.0) 12
[17:13:25.168]: (-1.4, -0.3, 0.0) 12
[17:13:25.183]: (-1.4, -0.3, 0.0) 12
[17:13:25.200]: (-1.4, -0.3, 0.0) 12
[17:13:25.215]: (-1.4, -0.3, 0.0) 12
[17:13:25.445]: (-1.4, -0.3, 0.0) 12
[17:13:25.471]: (-1.9, -0.7, 0.1) 21
[17:13:25.490]: (-1.9, -0.6, 0.1) 21
[17:13:25.508]: (-1.8, -0.6, 0.1) 22
[17:13:25.530]: (-1.8, -0.6, 0.1) 22
[17:13:25.553]: (-1.8, -0.6, 0.1) 22
[17:13:25.575]: (-1.8, -0.6, 0.1) 22
[17:13:25.664]: (-1.6, -0.4, 0.0) 13
[17:13:25.708]: (-1.6, -0.4, 0.0) 13
[17:13:25.731]: (-1.6, -0.4, 0.0) 13
[17:13:25.753]: (-1.6, -0.4, 0.0) 13
[17:13:25.772]: (-1.6, -0.4, 0.0) 13
[17:13:25.790]: (-1.5, -0.3, 0.0) 12
[17:13:25.807]: (-1.6, -0.4, 0.0) 13
[17:13:25.824]: (-1.6, -0.4, 0.0) 13
[17:13:25.842]: (-1.6, -0.4, 0.0) 13
[17:13:25.860]: (-1.5, -0.3, 0.0) 12
[17:13:25.876]: (-1.5, -0.3, 0.0) 12
[17:13:25.893]: (-1.6, -0.4, 0.1) 13
[17:13:25.923]: (-1.5, -0.3, 0.0) 12
[17:13:25.938]: (-1.6, -0.4, 0.0) 13
[17:13:25.955]: (-1.5, -0.3, 0.0) 12
[17:13:25.971]: (-1.5, -0.3, 0.0) 12
[17:13:25.987]: (-1.5, -0.3, 0.0) 12
[17:13:26.003]: (-1.5, -0.3, 0.0) 12
[17:13:26.021]: (-1.6, -0.4, 0.0) 13
[17:13:26.053]: (-1.5, -0.3, 0.0) 12
[17:13:26.071]: (-1.5, -0.2, 0.0) 12
[17:13:26.097]: (-1.4, -0.2, 0.0) 12
[17:13:26.117]: (-1.5, -0.2, 0.0) 12
[17:13:26.133]: (-1.5, -0.2, 0.0) 12
[17:13:26.155]: (-1.5, -0.3, 0.0) 12
[17:13:26.173]: (-1.6, -0.4, 0.1) 13
[17:13:26.189]: (-1.6, -0.4, 0.1) 13
[17:13:26.206]: (-1.6, -0.4, 0.1) 13
[17:13:26.224]: (-1.6, -0.4, 0.1) 13
[17:13:26.244]: (-1.6, -0.4, 0.1) 13
[17:13:26.262]: (-1.6, -0.4, 0.1) 13
[17:13:26.320]: (-1.6, -0.4, 0.1) 13
[17:13:26.344]: (-1.5, -0.3, 0.0) 12
[17:13:26.364]: (-1.6, -0.4, 0.1) 13
[17:13:26.387]: (-1.5, -0.2, 0.0) 12
[17:13:26.411]: (-1.5, -0.2, 0.0) 12
[17:13:26.430]: (-1.5, -0.2, 0.0) 12
[17:13:26.453]: (-1.5, -0.2, 0.0) 12
[17:13:26.476]: (-1.5, -0.2, 0.0) 12
[17:13:26.497]: (-1.5, -0.2, 0.0) 12
[17:13:26.520]: (-1.5, -0.3, 0.0) 12
[17:13:26.542]: (-1.8, -0.6, 0.1) 22
[17:13:26.586]: (-1.5, -0.3, 0.0) 12
[17:13:26.608]: (-1.5, -0.3, 0.0) 12
[17:13:26.631]: (-1.5, -0.2, 0.0) 12
[17:13:26.655]: (-1.4, -0.3, 0.0) 12
[17:13:26.673]: (-1.4, -0.2, 0.0) 12
[17:13:26.690]: (-1.4, -0.2, 0.0) 12
[17:13:26.706]: (-1.4, -0.2, 0.0) 12
[17:13:26.725]: (-1.4, -0.2, 0.0) 12
[17:13:27.618]: (-2.8, -0.6, 0.5) 27
[17:13:27.698]: (-2.7, -0.5, 0.6) 28
[17:13:27.721]: (-2.7, -0.5, 0.6) 28
[17:13:27.743]: (-2.7, -0.4, 0.7) 28
[17:13:27.765]: (-2.7, -0.4, 0.7) 28
[17:13:28.215]: (-1.5, 1.2, 1.5) 12
[17:13:28.237]: (-1.5, 1.2, 1.4) 12
[17:13:28.258]: (-1.6, 1.1, 1.6) 13
[17:13:28.279]: (-1.6, 1.2, 1.6) 13
[17:13:28.302]: (-1.5, 1.2, 1.5) 12
[17:13:28.324]: (-1.6, 1.2, 1.6) 13
[17:13:28.345]: (-1.6, 1.2, 1.6) 13
[17:13:28.366]: (-1.5, 1.3, 1.6) 11
[17:13:28.388]: (-1.5, 1.3, 1.6) 11
[17:13:28.410]: (-1.5, 1.3, 1.6) 11
[17:13:28.431]: (-1.5, 1.3, 1.6) 11
[17:13:28.454]: (-1.5, 1.3, 1.6) 11
[17:13:28.475]: (-1.5, 1.3, 1.7) 13
[17:13:28.496]: (-1.4, 1.3, 1.8) 13
[17:13:28.517]: (-1.4, 1.3, 1.8) 13
[17:13:30.222]: (-0.5, 1.8, 1.9) 11
[17:13:30.239]: (-0.5, 1.8, 1.9) 11
[17:13:30.258]: (-0.4, 1.8, 1.9) 11
[17:13:30.273]: (-0.5, 1.8, 1.9) 11
[17:13:30.296]: (-0.5, 1.8, 1.9) 11
[17:13:30.317]: (-0.5, 1.8, 1.9) 11
[17:13:30.340]: (-0.4, 1.7, 2.0) 11
[17:13:30.362]: (-0.5, 1.7, 2.1) 13
[17:13:30.384]: (-0.5, 1.7, 2.1) 13
[17:13:32.077]: (-0.6, 2.0, 1.4) 12
[17:13:32.099]: (-0.6, 2.0, 1.4) 12
[17:13:32.119]: (-0.6, 2.0, 1.4) 12
[17:13:32.144]: (-0.6, 2.0, 1.4) 12
[17:13:32.165]: (-0.6, 1.9, 1.4) 12
[17:13:32.245]: (-0.6, 1.9, 1.4) 12
[17:13:32.271]: (-0.7, 1.9, 1.6) 13
[17:13:37.357]: (0.0, 2.1, 1.5) 22
[17:13:37.378]: (0.2, 2.2, 1.6) 23
[17:13:37.437]: (0.2, 2.2, 1.6) 23
[17:13:37.648]: (0.1, 2.2, 1.6) 23
[17:13:37.715]: (0.1, 2.2, 1.5) 21
[17:13:37.916]: (-0.3, 2.2, 1.3) 0
[17:13:37.949]: (-0.4, 2.4, 1.6) 2
[17:13:37.982]: (-0.3, 2.3, 1.3) 0
[17:13:38.016]: (-0.4, 2.4, 1.5) 2
[17:13:38.049]: (-0.4, 2.4, 1.5) 2
[17:13:38.081]: (-0.4, 2.4, 1.5) 2
[17:13:38.115]: (-0.4, 2.4, 1.5) 2
[17:13:38.149]: (-0.4, 2.4, 1.6) 2
[17:13:38.181]: (-0.4, 2.4, 1.6) 2
[17:13:38.349]: (-0.5, 2.3, 1.4) 1
[17:13:38.371]: (-0.5, 2.3, 1.4) 1
[17:13:38.416]: (-0.4, 2.3, 1.5) 1
[17:13:40.470]: (-0.4, 2.0, 1.2) 0
[17:13:40.492]: (-0.4, 2.0, 1.2) 0
[17:13:40.513]: (-0.4, 2.0, 1.2) 0
[17:13:40.536]: (-0.4, 2.0, 1.2) 0
[17:13:40.558]: (-0.4, 2.0, 1.1) 0
[17:13:40.578]: (-0.4, 2.0, 1.1) 0
[17:13:40.598]: (-0.4, 1.9, 1.2) 0
[17:13:42.539]: (-0.5, 1.8, 1.1) 0
[17:13:42.630]: (-0.6, 1.8, 1.3) 2
[17:13:42.656]: (-0.6, 1.8, 1.3) 2
[17:13:42.678]: (-0.5, 1.8, 1.3) 2
[17:13:42.701]: (-0.5, 1.8, 1.3) 2
[17:13:42.724]: (-0.5, 1.8, 1.3) 2
[17:13:42.746]: (-0.5, 1.8, 1.3) 2
[17:13:42.769]: (-0.5, 1.8, 1.3) 2
[17:13:42.792]: (-0.5, 1.8, 1.3) 2
[17:13:42.814]: (-0.5, 1.7, 1.1) 0
[17:13:43.502]: (0.2, 1.6, 1.2) 6
[17:13:43.770]: (-0.1, 1.7, 1.2) 22
[17:13:43.802]: (-0.2, 1.7, 1.1) 22
[17:13:43.824]: (-0.2, 1.7, 1.1) 22
[17:13:43.846]: (-0.2, 1.7, 1.2) 22
[17:13:43.870]: (-0.2, 1.7, 1.2) 22
[17:13:44.024]: (-0.1, 1.3, 1.1) 12
[17:13:44.138]: (-0.1, 1.3, 1.1) 13
[17:13:44.159]: (-0.1, 1.3, 1.1) 13
[17:13:44.692]: (-0.5, 1.9, 1.2) 2
[17:13:44.961]: (0.0, 1.2, 1.0) 12
[17:13:44.984]: (0.0, 1.2, 1.0) 12
[17:13:45.008]: (0.0, 1.2, 1.0) 12
[17:13:45.026]: (0.0, 1.2, 1.0) 12
[17:13:45.048]: (0.0, 1.3, 1.0) 12
[17:13:45.066]: (0.0, 1.2, 1.0) 12
[17:13:45.082]: (0.0, 1.2, 1.0) 12
[17:13:45.099]: (0.0, 1.2, 1.0) 12
[17:13:45.116]: (0.0, 1.2, 1.0) 12
[17:13:45.133]: (0.0, 1.2, 1.0) 12
[17:13:45.149]: (-0.1, 1.2, 1.0) 12
[17:13:45.165]: (0.0, 1.2, 1.0) 12
[17:13:45.184]: (0.0, 1.2, 1.0) 12
[17:13:45.201]: (-0.1, 1.2, 1.0) 12
[17:13:45.218]: (-0.1, 1.2, 1.0) 12
[17:13:45.234]: (-0.1, 1.2, 1.0) 12
[17:13:45.294]: (-0.1, 1.2, 1.0) 12
[17:13:45.312]: (-0.1, 1.2, 1.0) 12
[17:13:45.327]: (-0.1, 1.2, 1.0) 12
[17:13:45.344]: (-0.1, 1.2, 1.0) 12
[17:13:45.361]: (-0.1, 1.2, 1.0) 12
[17:13:45.378]: (-0.1, 1.2, 1.0) 12
[17:13:45.395]: (-0.1, 1.2, 1.0) 12
[17:13:45.412]: (0.0, 1.2, 1.0) 12
[17:13:45.428]: (0.0, 1.2, 1.0) 12
[17:13:45.445]: (-0.1, 1.2, 1.0) 12
[17:13:45.462]: (-0.1, 1.2, 1.0) 12
[17:13:45.479]: (0.0, 1.2, 1.0) 12
[17:13:45.501]: (0.0, 1.2, 1.0) 12
[17:13:45.523]: (0.0, 1.2, 1.0) 12
[17:13:45.545]: (-0.1, 1.2, 1.0) 12
[17:13:45.568]: (-0.1, 1.2, 1.0) 12
[17:13:45.613]: (-0.1, 1.2, 1.0) 12
[17:13:45.973]: (-0.1, 1.7, 1.2) 21
[17:13:45.990]: (0.0, 1.9, 1.2) 23
[17:13:46.007]: (0.0, 1.9, 1.2) 7
[17:13:48.367]: (-0.8, 1.5, 0.9) 10
[17:13:48.388]: (-0.8, 1.5, 0.9) 10
[17:13:48.412]: (-0.8, 1.5, 0.9) 10
[17:13:48.433]: (-0.8, 1.5, 0.9) 10
[17:13:48.455]: (-0.8, 1.5, 0.9) 10
[17:13:48.472]: (-0.8, 1.5, 0.9) 10
[17:13:48.489]: (-0.8, 1.5, 0.9) 10
[17:13:48.506]: (-0.8, 1.5, 0.9) 10
[17:13:48.522]: (-0.8, 1.5, 0.9) 10
[17:13:48.539]: (-0.8, 1.5, 0.9) 10
[17:13:48.557]: (-0.8, 1.5, 0.9) 10
[17:13:48.574]: (-0.8, 1.5, 0.9) 10
[17:13:48.590]: (-0.8, 1.5, 0.9) 10
[17:13:48.606]: (-0.8, 1.5, 0.9) 10
[17:13:48.624]: (-0.8, 1.5, 0.9) 10
[17:13:48.640]: (-0.8, 1.5, 0.9) 10
[17:13:48.658]: (-0.8, 1.5, 0.9) 10
[17:13:48.675]: (-0.8, 1.5, 0.9) 10
[17:13:48.692]: (-0.8, 1.5, 0.9) 10
[17:13:48.709]: (-0.8, 1.5, 0.9) 10
[17:13:48.726]: (-0.8, 1.5, 0.9) 10
[17:13:48.743]: (-0.8, 1.5, 0.9) 10
[17:13:48.759]: (-0.8, 1.5, 0.9) 10
[17:13:48.775]: (-0.8, 1.5, 0.9) 10
[17:13:48.791]: (-0.8, 1.5, 0.9) 10
[17:13:48.809]: (-0.8, 1.5, 0.9) 10
[17:13:48.825]: (-0.8, 1.5, 0.9) 10
[17:13:48.842]: (-0.8, 1.5, 0.9) 10
[17:13:48.860]: (-0.8, 1.5, 0.9) 10
[17:13:48.877]: (-0.8, 1.5, 0.9) 10
[17:13:49.514]: (-0.2, 1.6, 1.2) 22
[17:13:50.077]: (0.2, 1.7, 1.2) 6
[17:13:50.211]: (0.2, 1.7, 1.1) 6
[17:13:51.921]: (-0.2, 1.6, 1.2) 22
[17:13:51.943]: (-0.2, 1.6, 1.2) 22
[17:13:52.398]: (-0.5, 1.7, 1.1) 0
[17:13:52.420]: (-0.5, 1.7, 1.1) 0
[17:13:52.443]: (-0.5, 1.7, 1.1) 0
[17:13:52.465]: (-0.5, 1.7, 1.1) 0
[17:13:52.487]: (-0.5, 1.7, 1.1) 0
[17:13:52.510]: (-0.5, 1.7, 1.1) 0
[17:13:52.531]: (-0.5, 1.7, 1.1) 0
[17:13:52.553]: (-0.4, 1.7, 1.1) 0
[17:13:52.579]: (-0.4, 1.7, 1.1) 0
[17:13:52.597]: (-0.4, 1.7, 1.1) 0
[17:13:52.621]: (-0.4, 1.7, 1.1) 0
[17:13:52.642]: (-0.4, 1.7, 1.1) 0
[17:13:52.666]: (-0.4, 1.7, 1.1) 0
[17:13:52.687]: (-0.4, 1.7, 1.1) 0
[17:13:52.709]: (-0.4, 1.7, 1.1) 0
[17:13:52.732]: (-0.4, 1.7, 1.1) 0
[17:13:52.754]: (-0.4, 1.7, 1.1) 0
[17:13:52.776]: (-0.4, 1.7, 1.1) 0
[17:13:52.798]: (-0.4, 1.7, 1.1) 0
[17:13:52.820]: (-0.4, 1.7, 1.1) 0
[17:13:52.843]: (-0.4, 1.7, 1.1) 0
[17:13:52.860]: (-0.4, 1.7, 1.1) 0
[17:13:52.876]: (-0.4, 1.7, 1.1) 0
[17:13:52.893]: (-0.4, 1.7, 1.1) 0
[17:13:52.911]: (-0.4, 1.7, 1.1) 0
[17:13:52.930]: (-0.4, 1.7, 1.1) 0
[17:13:52.946]: (-0.4, 1.7, 1.1) 0
[17:13:52.962]: (-0.4, 1.7, 1.1) 0
[17:13:52.980]: (-0.5, 1.7, 1.1) 0
[17:13:52.996]: (-0.4, 1.7, 1.1) 0
[17:13:53.013]: (-0.5, 1.7, 1.1) 0
[17:13:53.029]: (-0.5, 1.7, 1.1) 0
[17:13:53.045]: (-0.5, 1.7, 1.1) 0
[17:13:53.062]: (-0.4, 1.7, 1.1) 0
[17:13:53.212]: (-0.4, 1.6, 1.1) 0
[17:13:53.228]: (-0.4, 1.6, 1.1) 0
[17:13:53.277]: (-0.5, 1.6, 1.1) 0
[17:13:53.298]: (-0.4, 1.6, 1.1) 0
[17:13:53.320]: (-0.4, 1.7, 1.1) 0
[17:13:53.342]: (-0.5, 1.7, 1.1) 0
[17:13:53.364]: (-0.5, 1.7, 1.0) 0
[17:13:53.386]: (-0.5, 1.7, 1.1) 0
[17:13:53.453]: (-0.5, 1.7, 1.1) 0
[17:13:53.476]: (-0.5, 1.7, 1.1) 0
[17:13:53.498]: (-0.5, 1.7, 1.0) 0
[17:13:53.521]: (-0.4, 1.7, 1.1) 0
[17:13:53.543]: (-0.4, 1.7, 1.1) 0
[17:13:53.565]: (-0.4, 1.7, 1.1) 0
[17:13:53.587]: (-0.4, 1.7, 1.1) 0
[17:13:53.720]: (-0.5, 1.9, 1.2) 2
[17:13:53.752]: (-0.6, 1.9, 1.2) 2
[17:13:53.769]: (-0.5, 1.9, 1.2) 2
[17:13:53.785]: (-0.5, 1.9, 1.2) 2
[17:13:53.801]: (-0.5, 1.9, 1.2) 2
[17:13:53.817]: (-0.5, 1.9, 1.2) 2
[17:13:53.835]: (-0.5, 1.9, 1.2) 2
[17:13:53.851]: (-0.5, 1.9, 1.2) 2
[17:13:53.870]: (-0.5, 1.9, 1.2) 2
[17:13:53.890]: (-0.6, 1.9, 1.2) 2
[17:13:53.907]: (-0.6, 1.9, 1.3) 2
[17:13:53.928]: (-0.6, 1.9, 1.2) 2
[17:13:53.969]: (-0.5, 1.8, 1.3) 2
[17:13:53.990]: (-0.6, 1.8, 1.3) 2
[17:13:54.011]: (-0.6, 1.8, 1.3) 2
[17:13:54.031]: (-0.6, 1.8, 1.3) 2
[17:13:55.287]: (-0.4, 1.7, 1.0) 0
[17:13:55.620]: (-0.4, 1.6, 1.1) 0
[17:13:56.250]: (-0.4, 1.6, 1.1) 0
[17:13:56.269]: (-0.4, 1.6, 1.1) 0
[17:13:56.286]: (-0.4, 1.6, 1.1) 0
[17:13:56.302]: (-0.4, 1.6, 1.1) 0
[17:13:56.319]: (-0.4, 1.6, 1.1) 0
[17:13:56.337]: (-0.4, 1.6, 1.1) 0
[17:13:56.354]: (-0.4, 1.6, 1.1) 0
[17:13:56.370]: (-0.4, 1.6, 1.1) 0
[17:13:56.386]: (-0.4, 1.6, 1.1) 0
[17:13:56.402]: (-0.4, 1.6, 1.1) 0
[17:13:56.419]: (-0.4, 1.6, 1.1) 0
[17:13:56.441]: (-0.4, 1.6, 1.1) 0
[17:13:56.463]: (-0.4, 1.6, 1.1) 0
[17:13:56.486]: (-0.4, 1.6, 1.1) 0
[17:13:56.508]: (-0.4, 1.6, 1.1) 0
[17:13:56.529]: (-0.4, 1.6, 1.1) 0
[17:13:56.552]: (-0.4, 1.5, 1.1) 0
[17:13:56.575]: (-0.4, 1.5, 1.1) 0
[17:13:56.596]: (-0.4, 1.5, 1.1) 0
[17:13:56.619]: (-0.4, 1.5, 1.1) 0
[17:13:56.641]: (-0.4, 1.5, 1.1) 0
[17:13:56.662]: (-0.4, 1.5, 1.1) 0
[17:13:56.685]: (-0.4, 1.5, 1.1) 0
[17:13:56.730]: (-0.4, 1.5, 1.1) 0
[17:13:56.752]: (-0.4, 1.5, 1.1) 0
[17:13:56.774]: (-0.4, 1.5, 1.1) 0
[17:13:56.797]: (-0.4, 1.5, 1.1) 0
[17:13:56.818]: (-0.4, 1.5, 1.1) 0
[17:13:56.835]: (-0.4, 1.5, 1.1) 0
[17:13:56.852]: (-0.4, 1.5, 1.1) 0
[17:13:56.869]: (-0.4, 1.5, 1.1) 0
[17:13:56.886]: (-0.4, 1.5, 1.1) 0
[17:13:56.903]: (-0.4, 1.5, 1.1) 0
[17:13:56.920]: (-0.4, 1.5, 1.1) 0
[17:13:56.939]: (-0.4, 1.5, 1.1) 0
[17:13:56.956]: (-0.4, 1.5, 1.1) 0
[17:13:56.972]: (-0.4, 1.5, 1.1) 0
[17:13:56.990]: (-0.4, 1.5, 1.1) 0
[17:13:57.007]: (-0.4, 1.5, 1.1) 0
[17:13:57.023]: (-0.4, 1.5, 1.1) 0
[17:13:57.039]: (-0.4, 1.5, 1.1) 0
[17:13:57.055]: (-0.4, 1.6, 1.1) 0
[17:13:57.071]: (-0.4, 1.6, 1.1) 0
[17:13:57.088]: (-0.4, 1.6, 1.1) 0
[17:13:57.104]: (-0.4, 1.6, 1.1) 0
[17:13:57.120]: (-0.4, 1.6, 1.1) 0
[17:13:57.137]: (-0.4, 1.6, 1.1) 0
[17:13:57.153]: (-0.4, 1.6, 1.1) 0
[17:13:57.170]: (-0.4, 1.6, 1.1) 0
[17:13:57.186]: (-0.4, 1.6, 1.1) 0
[17:13:57.203]: (-0.4, 1.6, 1.1) 0
[17:13:57.220]: (-0.4, 1.6, 1.1) 0
[17:13:57.237]: (-0.4, 1.6, 1.1) 0
[17:13:57.255]: (-0.4, 1.6, 1.1) 0
[17:13:57.272]: (-0.4, 1.6, 1.1) 0
[17:13:57.289]: (-0.4, 1.6, 1.1) 0
[17:13:57.340]: (-0.4, 1.6, 1.1) 0
[17:13:57.363]: (-0.4, 1.6, 1.1) 0
[17:13:57.386]: (-0.4, 1.6, 1.1) 0
[17:13:57.407]: (-0.4, 1.6, 1.1) 0
[17:13:57.429]: (-0.4, 1.6, 1.1) 0
[17:13:57.453]: (-0.4, 1.6, 1.1) 0
[17:13:57.474]: (-0.4, 1.6, 1.1) 0
[17:13:57.934]: (-0.4, 1.6, 1.1) 0
[17:13:57.950]: (-0.4, 1.6, 1.1) 0
[17:13:57.967]: (-0.4, 1.6, 1.1) 0
[17:13:58.159]: (-0.4, 1.5, 1.1) 0
[17:13:58.178]: (-0.4, 1.6, 1.1) 0
[17:13:58.196]: (-0.4, 1.6, 1.1) 0
[17:13:58.219]: (-0.4, 1.6, 1.1) 0
[17:13:58.242]: (-0.4, 1.6, 1.1) 0
[17:13:58.553]: (-0.6, 1.5, 1.2) 1
[17:13:58.574]: (-0.6, 1.5, 1.2) 1
[17:13:58.596]: (-0.6, 1.5, 1.2) 1
[17:13:58.616]: (-0.6, 1.5, 1.2) 1
[17:13:58.635]: (-0.6, 1.5, 1.2) 1
[17:13:58.652]: (-0.6, 1.5, 1.2) 1
[17:13:58.672]: (-0.6, 1.5, 1.2) 1
[17:13:59.022]: (-0.7, 1.4, 1.0) 10
[17:13:59.039]: (-0.7, 1.4, 1.0) 10
[17:13:59.119]: (-0.7, 1.4, 1.0) 10
[17:13:59.140]: (-0.7, 1.4, 1.0) 10
[17:13:59.162]: (-0.7, 1.4, 1.0) 10
[17:13:59.186]: (-0.7, 1.4, 1.0) 10
[17:13:59.208]: (-0.7, 1.4, 1.0) 10
[17:13:59.230]: (-0.7, 1.4, 1.0) 10
[17:13:59.254]: (-0.7, 1.4, 1.0) 10
[17:13:59.274]: (-0.7, 1.4, 1.0) 10
[17:13:59.297]: (-0.7, 1.4, 1.0) 10
[17:13:59.319]: (-0.7, 1.4, 1.0) 10
[17:13:59.340]: (-0.7, 1.4, 1.0) 10
[17:13:59.362]: (-0.7, 1.4, 1.0) 10
[17:14:00.094]: (-0.4, 1.6, 1.1) 0
[17:14:00.117]: (-0.4, 1.6, 1.1) 0
[17:14:00.139]: (-0.4, 1.6, 1.1) 0
[17:14:00.161]: (-0.4, 1.6, 1.1) 0
[17:14:00.185]: (-0.4, 1.6, 1.1) 0
[17:14:00.205]: (-0.4, 1.6, 1.1) 0
[17:14:00.228]: (-0.4, 1.6, 1.1) 0
[17:14:00.250]: (-0.4, 1.6, 1.1) 0
[17:14:00.273]: (-0.4, 1.6, 1.1) 0
[17:14:00.295]: (-0.4, 1.6, 1.1) 0
[17:14:00.316]: (-0.4, 1.6, 1.1) 0
[17:14:00.339]: (-0.4, 1.6, 1.1) 0
[17:14:00.362]: (-0.4, 1.6, 1.1) 0
[17:14:00.379]: (-0.4, 1.6, 1.1) 0
[17:14:00.396]: (-0.4, 1.6, 1.1) 0
[17:14:00.412]: (-0.4, 1.6, 1.1) 0
[17:14:00.428]: (-0.4, 1.6, 1.1) 0
[17:14:00.697]: (-0.4, 1.6, 1.1) 0
[17:14:00.714]: (-0.4, 1.6, 1.1) 0
[17:14:00.731]: (-0.4, 1.6, 1.1) 0
[17:14:00.748]: (-0.4, 1.6, 1.1) 0
[17:14:00.764]: (-0.4, 1.6, 1.1) 0
[17:14:00.781]: (-0.4, 1.6, 1.1) 0
[17:14:00.862]: (-0.4, 1.8, 1.3) 2
[17:14:00.884]: (-0.4, 1.8, 1.3) 2
[17:14:00.905]: (-0.4, 1.8, 1.3) 2
[17:14:00.927]: (-0.4, 1.8, 1.3) 2
[17:14:00.951]: (-0.4, 1.8, 1.3) 2
[17:14:00.973]: (-0.4, 1.8, 1.3) 2
[17:14:00.995]: (-0.4, 1.8, 1.3) 2
[17:14:02.049]: (-0.4, 1.8, 1.3) 2
[17:14:02.474]: (-0.4, 1.6, 1.1) 0
[17:14:02.511]: (-0.4, 1.6, 1.1) 0
[17:14:02.529]: (-0.4, 1.6, 1.1) 0
[17:14:03.203]: (-0.5, 1.6, 1.2) 1
[17:14:04.426]: (-0.4, 1.6, 1.1) 0
[17:14:04.448]: (-0.4, 1.6, 1.1) 0
[17:14:04.472]: (-0.4, 1.6, 1.1) 0
[17:14:04.493]: (-0.4, 1.6, 1.1) 0
[17:14:05.571]: (-0.5, 1.6, 1.2) 1
[17:14:05.592]: (-0.5, 1.6, 1.2) 1
[17:14:05.614]: (-0.5, 1.6, 1.2) 1
[17:14:05.638]: (-0.5, 1.6, 1.2) 1
[17:14:05.657]: (-0.5, 1.6, 1.2) 1
[17:14:05.673]: (-0.5, 1.6, 1.2) 1
[17:14:05.690]: (-0.5, 1.6, 1.2) 1
[17:14:05.707]: (-0.5, 1.6, 1.2) 1
[17:14:05.724]: (-0.5, 1.6, 1.2) 1
[17:14:05.740]: (-0.5, 1.6, 1.2) 1
[17:14:05.757]: (-0.5, 1.6, 1.2) 1
[17:14:05.774]: (-0.5, 1.6, 1.2) 1
[17:14:05.790]: (-0.5, 1.6, 1.2) 1
[17:14:05.823]: (-0.5, 1.6, 1.2) 1
[17:14:08.113]: (-0.5, 1.5, 1.2) 1
[17:14:08.136]: (-0.5, 1.5, 1.2) 1
[17:14:08.157]: (-0.6, 1.5, 1.2) 1
[17:14:08.180]: (-0.5, 1.6, 1.2) 1
[17:14:08.203]: (-0.5, 1.6, 1.2) 1
[17:14:08.265]: (-0.5, 1.6, 1.2) 1
[17:14:08.281]: (-0.5, 1.6, 1.2) 1
[17:14:08.312]: (-0.6, 1.6, 1.2) 1
[17:14:08.328]: (-0.6, 1.6, 1.2) 1
[17:14:08.360]: (-0.6, 1.6, 1.2) 1
[17:14:08.377]: (-0.6, 1.6, 1.2) 1
[17:14:08.394]: (-0.5, 1.6, 1.2) 1
[17:14:08.585]: (-0.5, 1.8, 1.3) 2
[17:14:08.606]: (-0.5, 1.8, 1.3) 2
[17:14:08.625]: (-0.5, 1.8, 1.3) 2
[17:14:08.642]: (-0.4, 1.8, 1.3) 2
[17:14:08.658]: (-0.5, 1.8, 1.3) 2
[17:14:08.675]: (-0.5, 1.8, 1.3) 2
[17:14:08.692]: (-0.5, 1.8, 1.3) 2
[17:14:08.713]: (-0.5, 1.8, 1.3) 2
[17:14:08.738]: (-0.5, 1.8, 1.3) 2
