[17:30:24.059]: (-1.7, -1.4, -0.1) 8
[17:30:24.190]: (-1.2, -0.4, -0.1) 37
[17:30:24.212]: (-1.1, -0.5, -0.1) 37
[17:30:32.174]: (-7.3, -3.5, 1.3) 14
[17:30:32.197]: (-7.3, -3.4, 1.5) 14
[17:30:32.264]: (-7.4, -3.1, 1.6) 14
[17:30:32.286]: (-7.5, -3.0, 1.6) 14
[17:30:32.309]: (-7.5, -3.0, 1.7) 14
[17:30:32.332]: (-7.5, -2.9, 1.7) 14
[17:30:32.352]: (-7.6, -2.8, 1.7) 14
[17:30:32.533]: (-4.0, 0.0, 0.8) 0
[17:30:32.555]: (-4.0, 0.0, 0.8) 0
[17:30:32.578]: (-4.1, 0.0, 0.8) 0
[17:30:32.822]: (-3.8, 1.2, 0.1) 7
[17:30:33.348]: (-1.3, 2.2, 0.1) 36
[17:30:33.388]: (-1.3, 2.2, 0.1) 36
[17:30:34.618]: (-1.2, 2.3, 0.1) 36
[17:30:34.640]: (-1.2, 2.3, 0.1) 36
[17:30:34.663]: (-1.2, 2.3, 0.2) 36
[17:30:34.685]: (-1.2, 2.3, 0.2) 36
[17:30:34.707]: (-1.3, 2.3, 0.2) 36
[17:30:34.730]: (-1.2, 2.2, 0.1) 36
[17:30:34.751]: (-1.3, 2.2, 0.1) 36
[17:30:34.774]: (-1.3, 2.2, 0.1) 36
[17:30:34.796]: (-1.3, 2.2, 0.1) 36
[17:30:34.818]: (-1.3, 2.2, 0.1) 36
[17:30:34.841]: (-1.3, 2.2, 0.1) 36
[17:30:34.858]: (-1.3, 2.2, 0.1) 36
[17:30:34.875]: (-1.3, 2.2, 0.1) 36
[17:30:34.891]: (-1.3, 2.2, 0.1) 36
[17:30:34.906]: (-1.3, 2.2, 0.1) 36
[17:30:34.923]: (-1.2, 2.2, 0.1) 36
[17:30:34.940]: (-1.3, 2.2, 0.1) 36
[17:30:34.956]: (-1.3, 2.2, 0.1) 36
[17:30:34.973]: (-1.2, 2.2, 0.1) 36
[17:30:34.989]: (-1.2, 2.2, 0.1) 36
[17:30:35.006]: (-1.3, 2.2, 0.1) 36
[17:30:35.022]: (-1.9, 2.4, 0.1) 35
[17:30:37.880]: (-0.7, 2.7, 1.2) 35
[17:30:37.901]: (-0.7, 2.7, 1.2) 35
[17:30:37.923]: (-0.7, 2.7, 1.2) 35
[17:30:37.945]: (-0.7, 2.7, 1.2) 35
[17:30:37.967]: (-0.7, 2.7, 1.2) 35
[17:30:37.988]: (-0.7, 2.7, 1.2) 35
[17:30:38.010]: (-0.7, 2.7, 1.2) 35
[17:30:38.031]: (-0.7, 2.6, 1.2) 35
[17:30:38.053]: (-0.7, 2.6, 1.2) 35
[17:30:38.073]: (-0.7, 2.6, 1.3) 35
[17:30:38.094]: (-0.7, 2.6, 1.2) 35
[17:30:38.117]: (-0.7, 2.6, 1.3) 35
[17:30:38.140]: (-0.7, 2.5, 1.2) 35
[17:30:38.160]: (-0.7, 2.5, 1.3) 35
[17:30:38.182]: (-0.7, 2.5, 1.3) 35
[17:30:38.540]: (-0.8, 2.4, 1.3) 35
[17:30:38.572]: (-0.8, 2.4, 1.3) 35
[17:30:38.606]: (-0.8, 2.4, 1.3) 35
[17:30:38.739]: (-0.8, 2.4, 1.3) 35
[17:30:39.797]: (-1.0, 2.7, 3.0) 7
[17:30:39.821]: (-1.0, 2.7, 3.0) 7
[17:30:39.841]: (-1.0, 2.7, 3.0) 7
[17:30:39.953]: (-0.4, 2.7, 3.1) 8
[17:30:40.020]: (-0.5, 2.4, 2.7) 9
[17:30:41.983]: (-0.2, 2.8, 3.0) 8
[17:30:42.005]: (-0.1, 2.8, 2.9) 8
[17:30:44.075]: (0.8, 3.6, 4.8) 38
[17:30:44.096]: (0.8, 3.5, 4.8) 38
[17:30:50.860]: (-0.4, 2.6, 3.0) 8
[17:30:50.882]: (-0.5, 2.6, 2.9) 8
[17:30:50.905]: (-0.5, 2.6, 2.9) 8
[17:30:50.928]: (-0.4, 2.6, 2.9) 8
[17:30:51.333]: (-0.9, 2.3, 2.9) 9
[17:30:51.378]: (-0.9, 2.2, 3.0) 9
[17:30:54.243]: (-0.7, 2.3, 2.8) 9
[17:30:54.265]: (-0.7, 2.4, 2.8) 9
[17:30:55.809]: (-0.4, 5.2, 4.3) 3
[17:30:55.833]: (-0.5, 5.2, 4.2) 3
[17:30:55.854]: (-0.5, 5.2, 4.2) 3
[17:30:55.877]: (-0.5, 5.2, 4.2) 3
[17:30:55.899]: (-0.5, 5.2, 4.2) 3
[17:30:55.920]: (-0.5, 5.3, 4.2) 3
[17:30:56.419]: (-3.3, 4.5, 3.3) 5
[17:30:57.991]: (-0.9, 2.3, 2.7) 9
[17:30:59.043]: (-2.4, 6.3, 4.1) 49
[17:31:04.181]: (4.4, 6.8, 7.2) 25
[17:31:04.201]: (4.5, 6.8, 7.2) 25
[17:31:04.222]: (5.0, 7.7, 8.5) 45
[17:31:04.262]: (4.4, 6.5, 7.5) 25
[17:31:04.284]: (4.3, 6.5, 7.4) 25
[17:31:04.306]: (4.2, 6.6, 7.4) 25
[17:31:05.212]: (3.3, 6.3, 7.1) 26
[17:31:08.627]: (4.2, 5.4, 7.5) 40
[17:31:09.559]: (2.0, 3.2, 5.5) 22
[17:31:10.095]: (3.2, 4.0, 4.6) 22
[17:31:11.283]: (1.8, 3.0, 3.7) 19
[17:31:21.057]: (-2.5, 5.9, -1.1) 41
[17:31:21.117]: (-2.3, 5.6, -1.1) 42
[17:31:24.024]: (-1.0, 3.4, 0.2) 23
[17:31:24.048]: (-1.0, 3.4, 0.2) 23
[17:31:24.068]: (-1.0, 3.4, 0.2) 23
[17:31:33.973]: (-0.5, 3.8, 1.8) 26
[17:31:33.994]: (-0.5, 3.9, 1.8) 26
[17:31:34.016]: (-0.5, 3.9, 1.8) 26
[17:31:34.038]: (-0.5, 3.8, 1.8) 26
[17:31:34.062]: (-0.5, 3.8, 1.8) 26
[17:31:34.085]: (-0.5, 3.8, 1.8) 26
[17:31:34.108]: (-0.5, 3.8, 1.9) 26
[17:31:34.150]: (-0.5, 3.8, 1.9) 26
[17:31:36.531]: (-0.7, 3.8, 1.5) 26
[17:31:36.588]: (-0.7, 3.9, 1.5) 26
[17:31:36.630]: (-0.7, 3.9, 1.5) 26
[17:31:36.694]: (-0.7, 3.8, 1.5) 26
[17:31:36.717]: (-0.6, 3.9, 1.4) 26
[17:31:36.738]: (-0.6, 3.8, 1.4) 26
[17:31:36.760]: (-0.6, 3.9, 1.4) 26
[17:31:36.805]: (-0.6, 3.9, 1.4) 26
[17:31:37.660]: (-0.6, 3.9, 1.1) 26
[17:31:37.683]: (-0.6, 3.9, 1.1) 26
[17:31:37.815]: (-0.6, 4.0, 1.1) 26
[17:31:37.950]: (-0.6, 3.9, 1.1) 26
[17:31:37.970]: (-0.5, 4.0, 1.0) 26
