[18:14:12.588]: (-2.2, -1.5, 0.0) 18
[18:14:12.769]: (-2.4, -1.7, -0.2) 24
[18:14:13.003]: (-2.3, -1.2, 0.0) 5
[18:14:13.025]: (-2.3, -1.2, 0.0) 5
[18:14:13.047]: (-2.3, -1.2, 0.0) 5
[18:14:13.070]: (-2.3, -1.2, 0.0) 5
[18:14:13.092]: (-2.3, -1.2, 0.0) 5
[18:14:13.115]: (-2.3, -1.2, 0.0) 5
[18:14:13.137]: (-1.8, -0.7, 0.0) 21
[18:14:13.497]: (-2.4, -1.6, -0.2) 24
[18:14:13.668]: (-1.6, -0.3, 0.0) 12
[18:14:13.686]: (-1.6, -0.3, 0.1) 12
[18:14:13.748]: (-1.6, -0.3, 0.1) 12
[18:14:13.769]: (-1.6, -0.3, 0.1) 12
[18:14:13.792]: (-1.6, -0.3, 0.1) 12
[18:14:13.815]: (-1.6, -0.3, 0.1) 12
[18:14:13.836]: (-1.6, -0.3, 0.1) 12
[18:14:13.858]: (-1.6, -0.3, 0.1) 12
[18:14:13.881]: (-1.6, -0.3, 0.1) 12
[18:14:13.903]: (-1.6, -0.3, 0.1) 12
[18:14:13.926]: (-1.6, -0.3, 0.1) 12
[18:14:13.947]: (-1.6, -0.3, 0.1) 12
[18:14:13.969]: (-1.6, -0.3, 0.1) 12
[18:14:13.992]: (-1.5, -0.3, 0.1) 12
[18:14:14.015]: (-1.5, -0.3, 0.1) 12
[18:14:14.036]: (-1.5, -0.3, 0.0) 12
[18:14:14.058]: (-1.5, -0.3, 0.0) 12
[18:14:14.081]: (-1.5, -0.3, 0.0) 12
[18:14:14.103]: (-1.5, -0.3, 0.0) 12
[18:14:14.125]: (-1.6, -0.3, 0.1) 12
[18:14:14.147]: (-1.6, -0.3, 0.1) 12
[18:14:14.615]: (-1.6, -0.3, 0.1) 12
[18:14:14.636]: (-1.6, -0.3, 0.1) 12
[18:14:14.658]: (-1.6, -0.3, 0.1) 12
[18:14:14.681]: (-1.6, -0.3, 0.1) 12
[18:14:14.702]: (-1.6, -0.3, 0.1) 12
[18:14:14.770]: (-1.6, -0.3, 0.1) 12
[18:14:14.792]: (-1.6, -0.3, 0.1) 12
[18:14:14.813]: (-1.6, -0.3, 0.1) 12
[18:14:14.836]: (-1.6, -0.3, 0.1) 12
[18:14:14.858]: (-1.6, -0.3, 0.1) 12
[18:14:14.881]: (-1.6, -0.3, 0.0) 12
[18:14:14.903]: (-1.6, -0.3, 0.1) 12
[18:14:14.925]: (-1.6, -0.3, 0.0) 12
[18:14:14.947]: (-1.6, -0.3, 0.0) 12
[18:14:15.424]: (-2.4, -1.6, -0.2) 24
[18:14:15.447]: (-2.4, -1.7, -0.2) 24
[18:14:15.469]: (-2.4, -1.7, -0.2) 24
[18:14:15.913]: (-1.9, -0.7, -0.1) 21
[18:14:16.065]: (-2.0, -0.6, 0.0) 23
[18:14:16.098]: (-2.0, -0.6, 0.0) 23
[18:14:16.117]: (-2.0, -0.6, 0.0) 23
[18:14:16.133]: (-2.0, -0.6, 0.0) 23
[18:14:16.150]: (-2.0, -0.6, 0.0) 23
[18:14:16.166]: (-2.0, -0.6, 0.0) 23
[18:14:16.181]: (-2.0, -0.6, 0.0) 23
[18:14:16.197]: (-2.0, -0.6, 0.0) 23
[18:14:16.214]: (-1.9, -0.5, 0.0) 22
[18:14:16.231]: (-1.8, -0.5, 0.0) 22
[18:14:16.248]: (-1.9, -0.6, 0.0) 23
[18:14:16.263]: (-1.9, -0.5, 0.0) 22
[18:14:16.280]: (-1.8, -0.5, 0.0) 22
[18:14:16.298]: (-1.8, -0.5, 0.0) 22
[18:14:16.315]: (-1.8, -0.5, 0.0) 22
[18:14:16.335]: (-1.8, -0.5, 0.1) 22
[18:14:16.357]: (-1.8, -0.5, 0.0) 22
[18:14:16.380]: (-1.8, -0.5, 0.0) 22
