[17:57:59.705]: (1.0, 0.2, 1.1) 1
[17:57:59.725]: (1.0, 0.2, 1.1) 1
[17:57:59.748]: (0.9, 0.1, 1.1) 1
[17:58:03.372]: (-0.7, 1.3, 1.7) 3
[17:58:03.439]: (-0.7, 1.3, 1.7) 3
[17:58:03.461]: (-0.7, 1.4, 1.7) 3
[17:58:03.483]: (-0.7, 1.3, 1.7) 3
[17:58:03.505]: (-0.7, 1.3, 1.7) 3
[17:58:03.529]: (-0.7, 1.4, 1.7) 3
[17:58:03.551]: (-0.7, 1.4, 1.7) 2
[17:58:04.339]: (-1.3, 1.5, 1.7) 4
[17:58:04.883]: (0.0, 0.8, 1.6) 1
[17:58:04.902]: (0.0, 0.7, 1.5) 1
[17:58:04.923]: (0.1, 0.7, 1.5) 1
[17:58:04.948]: (0.0, 0.7, 1.5) 1
[17:58:04.972]: (0.0, 0.7, 1.5) 1
[17:58:04.994]: (0.0, 0.7, 1.5) 1
[17:58:05.012]: (0.0, 0.7, 1.5) 1
[17:58:05.035]: (0.0, 0.7, 1.6) 1
[17:58:05.057]: (0.0, 0.7, 1.5) 1
[17:58:05.093]: (0.0, 0.7, 1.5) 1
[17:58:05.110]: (0.0, 0.7, 1.5) 1
[17:58:05.126]: (0.0, 0.7, 1.5) 1
[17:58:05.142]: (0.0, 0.7, 1.5) 1
[17:58:05.158]: (0.0, 0.7, 1.5) 1
[17:58:05.173]: (0.0, 0.7, 1.5) 1
[17:58:05.189]: (0.0, 0.7, 1.5) 1
[17:58:05.205]: (0.0, 0.7, 1.5) 1
[17:58:05.222]: (0.0, 0.7, 1.5) 1
[17:58:05.238]: (0.0, 0.7, 1.5) 1
[17:58:05.254]: (0.0, 0.7, 1.5) 1
[17:58:05.270]: (0.0, 0.7, 1.5) 1
[17:58:05.290]: (0.0, 0.7, 1.5) 1
[17:58:05.305]: (0.0, 0.7, 1.5) 1
[17:58:05.321]: (0.0, 0.7, 1.5) 1
[17:58:07.259]: (0.2, 0.8, 1.9) 7
[17:58:08.389]: (-0.8, 1.1, 1.7) 2
[17:58:09.311]: (-0.9, 1.1, 1.7) 3
[17:58:09.333]: (-0.9, 1.1, 1.7) 3
[17:58:09.718]: (-0.8, 1.1, 1.7) 2
[17:58:09.734]: (-0.8, 1.1, 1.7) 3
[17:58:10.121]: (-0.9, 1.1, 1.7) 3
[17:58:10.144]: (-0.9, 1.1, 1.7) 3
[17:58:10.166]: (-0.9, 1.1, 1.7) 3
[17:58:10.321]: (-0.9, 1.1, 1.7) 3
[17:58:10.464]: (-0.8, 1.1, 1.8) 3
[17:58:11.357]: (0.1, 0.8, 2.3) 5
[17:58:11.381]: (0.1, 0.8, 2.3) 5
[17:58:11.401]: (0.1, 0.8, 2.3) 5
[17:58:11.423]: (0.1, 0.8, 2.3) 5
[17:58:11.824]: (0.7, 0.4, 1.3) 1
[17:58:13.249]: (0.0, 0.8, 2.3) 5
[17:58:13.353]: (-0.1, 0.8, 1.9) 3
[17:58:13.644]: (0.0, 0.8, 1.8) 2
[17:58:13.688]: (-0.1, 0.8, 1.8) 3
[17:58:13.841]: (0.0, 0.7, 1.8) 2
[17:58:13.886]: (-0.1, 0.8, 1.8) 3
[17:58:13.909]: (-0.1, 0.8, 1.8) 3
[17:58:13.930]: (0.0, 0.8, 1.8) 2
[17:58:13.983]: (0.0, 0.8, 1.8) 2
[17:58:14.000]: (-0.1, 0.8, 1.8) 3
[17:58:14.014]: (-0.1, 0.8, 1.8) 3
[17:58:14.029]: (-0.1, 0.8, 1.8) 3
[17:58:14.047]: (-0.1, 0.8, 1.8) 3
[17:58:14.063]: (-0.1, 0.8, 1.8) 3
[17:58:14.080]: (-0.1, 0.8, 1.8) 3
[17:58:14.096]: (-0.1, 0.8, 1.8) 3
[17:58:14.113]: (-0.1, 0.8, 1.8) 3
[17:58:14.129]: (-0.1, 0.8, 1.8) 3
[17:58:14.147]: (0.0, 0.8, 1.8) 2
[17:58:14.163]: (-0.1, 0.8, 1.8) 3
[17:58:14.195]: (-0.1, 0.8, 1.8) 3
[17:58:14.213]: (-0.1, 0.8, 1.8) 3
[17:58:14.230]: (-0.1, 0.8, 1.8) 3
[17:58:17.152]: (0.0, 0.8, 2.3) 5
[17:58:17.196]: (0.0, 0.8, 2.3) 5
[17:58:17.218]: (0.0, 0.8, 2.3) 5
[17:58:18.365]: (-0.1, 0.8, 1.8) 3
[17:58:18.382]: (-0.1, 0.7, 1.8) 3
[17:58:18.398]: (-0.1, 0.8, 1.8) 3
[17:58:18.415]: (-0.1, 0.7, 1.8) 3
[17:58:18.431]: (-0.1, 0.8, 1.8) 3
[17:58:18.447]: (-0.1, 0.8, 1.8) 3
[17:58:18.464]: (-0.1, 0.8, 1.8) 3
[17:58:18.481]: (-0.1, 0.8, 1.8) 3
[17:58:18.513]: (-0.1, 0.8, 1.8) 3
[17:58:18.829]: (0.0, 0.8, 2.4) 5
[17:58:19.761]: (0.3, 0.8, 2.1) 4
[17:58:19.828]: (0.8, 0.4, 1.3) 1
[17:58:20.486]: (0.8, 0.5, 1.3) 1
[17:58:21.178]: (1.0, 0.5, 1.5) 7
[17:58:21.211]: (1.0, 0.6, 1.6) 7
[17:58:21.228]: (1.0, 0.6, 1.5) 7
[17:58:21.245]: (1.0, 0.6, 1.6) 7
[17:58:21.262]: (1.0, 0.5, 1.5) 7
[17:58:21.284]: (1.0, 0.6, 1.6) 7
[17:58:21.305]: (1.0, 0.6, 1.6) 7
[17:58:23.591]: (0.4, 0.7, 2.0) 4
[17:58:25.653]: (0.3, 0.4, 2.2) 5
[17:58:25.894]: (0.2, 0.5, 2.2) 5
[17:58:28.304]: (0.2, 0.6, 2.2) 5
[17:58:28.469]: (0.2, 0.5, 2.2) 5
[17:58:28.492]: (0.2, 0.5, 2.2) 5
[17:58:28.603]: (0.1, 0.6, 1.7) 2
[17:58:28.867]: (0.2, 0.5, 2.2) 5
[17:58:28.884]: (0.2, 0.5, 2.2) 5
[17:58:28.901]: (0.2, 0.5, 2.2) 5
[17:58:28.918]: (0.2, 0.5, 2.2) 5
[17:58:28.935]: (0.2, 0.5, 2.2) 5
[17:58:28.951]: (0.2, 0.5, 2.2) 5
[17:58:28.969]: (0.2, 0.5, 2.2) 5
[17:58:28.986]: (0.2, 0.5, 2.2) 5
[17:58:29.192]: (0.2, 0.5, 2.2) 5
[17:58:29.414]: (0.1, 0.6, 1.7) 2
[17:58:30.641]: (0.2, 0.5, 2.2) 5
[17:58:30.673]: (0.2, 0.5, 2.2) 5
[17:58:35.057]: (0.2, 0.5, 2.2) 5
[17:58:35.078]: (0.2, 0.5, 2.2) 5
[17:58:35.101]: (0.2, 0.5, 2.2) 5
[17:58:35.123]: (0.2, 0.5, 2.2) 5
[17:58:35.145]: (0.2, 0.5, 2.2) 5
[17:58:35.167]: (0.2, 0.5, 2.2) 5
[17:58:35.190]: (0.2, 0.5, 2.2) 5
[17:58:35.212]: (0.2, 0.5, 2.2) 5
[17:58:35.233]: (0.2, 0.5, 2.2) 5
[17:58:35.256]: (0.2, 0.5, 2.2) 5
[17:58:35.278]: (0.2, 0.5, 2.2) 5
[17:58:35.300]: (0.2, 0.5, 2.2) 5
[17:58:35.323]: (0.2, 0.5, 2.2) 5
[17:58:35.344]: (0.2, 0.5, 2.2) 5
[17:58:35.367]: (0.2, 0.5, 2.2) 5
[17:58:36.355]: (1.2, 0.2, 1.3) 8
[17:58:42.062]: (0.4, 0.0, 1.7) 4
[17:58:43.300]: (0.7, -0.1, 0.8) 1
[17:58:43.643]: (0.1, 0.6, 1.5) 2
[17:58:43.667]: (0.0, 0.7, 1.5) 3
[17:58:43.773]: (0.0, 0.7, 1.5) 3
[17:58:43.814]: (0.1, 0.6, 2.1) 5
[17:58:43.834]: (0.1, 0.6, 2.1) 5
[17:58:43.916]: (0.0, 0.7, 2.1) 5
[17:58:43.937]: (0.0, 0.7, 2.1) 5
[17:58:44.076]: (0.0, 0.7, 2.1) 5
[17:58:44.156]: (0.1, 0.7, 2.1) 5
[17:58:44.235]: (0.1, 0.7, 2.1) 5
[17:58:44.397]: (0.1, 0.7, 2.1) 5
[17:58:45.444]: (0.2, 0.7, 2.1) 5
[17:58:45.982]: (0.1, 0.6, 2.1) 5
[17:58:46.219]: (0.0, 0.7, 1.5) 3
[17:58:46.307]: (0.0, 0.7, 1.5) 3
[17:58:46.374]: (0.0, 0.7, 1.5) 3
[17:58:46.418]: (0.0, 0.7, 1.5) 3
[17:58:46.817]: (0.1, 0.7, 1.5) 2
[17:58:46.838]: (0.2, 0.6, 1.9) 4
[17:58:47.112]: (1.1, 0.4, 1.1) 7
[17:58:47.133]: (1.1, 0.4, 1.2) 7
[17:58:47.157]: (1.1, 0.3, 1.1) 7
[17:58:47.254]: (1.1, 0.3, 1.1) 7
[17:58:47.299]: (0.8, 0.2, 0.9) 1
[17:58:52.783]: (0.1, 0.6, 1.9) 5
[17:58:53.387]: (0.1, 0.6, 1.9) 5
[17:58:53.632]: (0.1, 0.6, 1.9) 5
[17:58:53.653]: (0.0, 0.6, 1.9) 5
[17:58:53.809]: (0.1, 0.6, 1.4) 2
[17:58:53.915]: (0.0, 0.7, 1.3) 3
[17:58:53.933]: (0.1, 0.6, 1.4) 2
[17:58:53.952]: (0.1, 0.7, 1.9) 5
[17:58:53.969]: (0.0, 0.6, 1.9) 5
[17:58:53.987]: (0.0, 0.6, 1.9) 5
[17:58:54.136]: (0.1, 0.7, 1.9) 5
[17:58:54.152]: (0.1, 0.7, 1.9) 5
[17:58:54.394]: (-0.1, 0.6, 1.3) 3
[17:58:54.839]: (0.0, 0.7, 1.9) 5
[17:58:55.327]: (0.0, 0.6, 1.9) 5
[17:58:56.881]: (0.0, 0.7, 1.9) 5
[17:59:03.833]: (-0.1, 0.7, 1.3) 3
[17:59:03.856]: (-0.1, 0.6, 1.3) 3
[17:59:03.872]: (0.0, 0.6, 1.4) 3
[17:59:03.889]: (0.0, 0.7, 1.4) 3
[17:59:03.905]: (0.0, 0.6, 1.4) 3
[17:59:03.951]: (0.0, 0.7, 1.3) 3
[17:59:03.968]: (0.0, 0.6, 1.4) 3
[17:59:04.072]: (0.0, 0.6, 1.4) 2
[17:59:04.148]: (0.0, 0.6, 1.3) 3
[17:59:04.164]: (0.0, 0.6, 1.3) 3
[17:59:04.181]: (0.0, 0.6, 1.3) 3
[17:59:04.196]: (0.0, 0.6, 1.3) 3
[17:59:04.213]: (0.0, 0.6, 1.3) 3
[17:59:04.230]: (0.0, 0.6, 1.3) 3
[17:59:04.247]: (0.0, 0.6, 1.3) 3
[17:59:04.263]: (0.0, 0.6, 1.3) 3
[17:59:04.279]: (0.0, 0.6, 1.3) 3
[17:59:04.296]: (0.0, 0.6, 1.3) 3
[17:59:04.312]: (0.0, 0.6, 1.3) 3
[17:59:04.333]: (0.0, 0.6, 1.3) 3
[17:59:04.356]: (0.0, 0.6, 1.4) 3
[17:59:04.378]: (0.0, 0.6, 1.3) 3
[17:59:04.400]: (0.0, 0.6, 1.3) 3
[17:59:04.422]: (0.0, 0.6, 1.3) 3
[17:59:05.113]: (-0.1, 0.6, 1.4) 3
[17:59:05.133]: (-0.1, 0.6, 1.4) 3
[17:59:05.154]: (-0.1, 0.6, 1.4) 3
[17:59:05.177]: (-0.1, 0.6, 1.4) 3
[17:59:05.200]: (-0.1, 0.6, 1.4) 3
[17:59:05.222]: (-0.1, 0.6, 1.4) 3
[17:59:05.243]: (-0.1, 0.6, 1.4) 3
[17:59:05.266]: (-0.1, 0.6, 1.4) 3
[17:59:05.288]: (-0.1, 0.6, 1.4) 3
[17:59:05.310]: (-0.1, 0.6, 1.4) 3
[17:59:05.332]: (-0.1, 0.6, 1.4) 3
[17:59:05.356]: (-0.1, 0.6, 1.4) 3
[17:59:05.377]: (-0.1, 0.6, 1.4) 3
[17:59:05.664]: (-0.1, 0.6, 1.3) 3
[17:59:06.511]: (0.0, 0.7, 1.3) 3
[17:59:06.550]: (0.1, 0.7, 1.3) 2
[17:59:06.583]: (0.2, 0.7, 1.3) 2
[17:59:06.662]: (0.1, 0.7, 1.3) 2
[17:59:06.688]: (0.1, 0.7, 1.3) 2
[17:59:06.709]: (0.1, 0.7, 1.3) 2
[17:59:06.726]: (0.1, 0.7, 1.3) 2
[17:59:06.744]: (0.1, 0.7, 1.3) 2
[17:59:06.760]: (0.1, 0.7, 1.3) 2
[17:59:06.777]: (0.1, 0.7, 1.3) 2
[17:59:06.793]: (0.1, 0.7, 1.3) 2
[17:59:06.811]: (0.1, 0.7, 1.3) 2
[17:59:06.827]: (0.1, 0.7, 1.3) 2
[17:59:06.845]: (0.1, 0.7, 1.3) 2
[17:59:06.863]: (0.1, 0.7, 1.3) 2
[17:59:06.880]: (0.1, 0.7, 1.3) 2
[17:59:06.898]: (0.1, 0.7, 1.3) 2
[17:59:06.914]: (0.1, 0.7, 1.3) 2
[17:59:06.932]: (0.1, 0.7, 1.3) 2
[17:59:06.948]: (0.2, 0.7, 1.3) 2
[17:59:06.965]: (0.2, 0.7, 1.3) 2
[17:59:06.981]: (0.2, 0.7, 1.3) 2
[17:59:07.342]: (0.1, 0.7, 1.3) 2
[17:59:07.387]: (0.2, 0.7, 1.3) 2
[17:59:07.868]: (0.8, 0.5, 0.8) 1
[17:59:09.386]: (0.0, 0.7, 1.3) 3
[17:59:09.402]: (0.0, 0.6, 1.4) 3
[17:59:09.418]: (0.0, 0.7, 1.4) 3
[17:59:09.435]: (0.0, 0.7, 1.4) 3
[17:59:09.545]: (0.0, 0.7, 1.4) 3
[17:59:09.562]: (0.0, 0.7, 1.4) 3
[17:59:10.613]: (0.1, 0.7, 1.4) 3
[17:59:10.952]: (0.2, 0.7, 1.9) 5
[17:59:11.005]: (0.2, 0.7, 1.9) 5
[17:59:11.039]: (0.2, 0.7, 1.9) 5
[17:59:11.057]: (0.2, 0.7, 1.9) 5
[17:59:11.351]: (0.7, 0.4, 0.8) 1
[17:59:13.374]: (0.2, 0.8, 1.9) 5
[17:59:13.728]: (0.2, 0.7, 1.9) 5
[17:59:13.745]: (0.2, 0.7, 1.9) 5
[17:59:14.074]: (0.1, 0.7, 1.9) 5
[17:59:14.096]: (0.2, 0.8, 1.9) 5
[17:59:14.185]: (1.1, 0.3, 1.0) 8
[17:59:14.251]: (1.1, 0.4, 1.0) 8
[17:59:14.273]: (1.1, 0.3, 1.0) 8
[17:59:14.295]: (1.1, 0.4, 1.1) 8
[17:59:14.318]: (1.1, 0.4, 1.0) 8
[17:59:14.454]: (1.1, 0.4, 1.1) 8
[17:59:14.470]: (0.8, 0.5, 0.8) 1
[17:59:17.029]: (0.2, 0.7, 1.9) 5
[17:59:17.089]: (0.2, 0.8, 1.9) 5
[17:59:18.767]: (1.0, 0.5, 1.0) 7
[17:59:24.115]: (0.8, 0.6, 1.2) 7
[17:59:24.147]: (0.8, 0.6, 1.2) 7
[17:59:24.182]: (0.8, 0.6, 1.2) 7
[17:59:24.216]: (0.8, 0.6, 1.2) 7
[17:59:28.068]: (0.8, 0.6, 1.2) 7
[17:59:28.223]: (0.8, 0.6, 1.2) 7
[17:59:28.379]: (0.8, 0.6, 1.2) 7
[17:59:28.417]: (0.8, 0.6, 1.2) 7
[17:59:28.435]: (0.8, 0.6, 1.2) 7
[17:59:28.451]: (0.8, 0.6, 1.2) 7
[17:59:28.467]: (0.8, 0.5, 1.2) 7
[17:59:28.621]: (0.8, 0.6, 1.2) 7
[17:59:28.639]: (0.8, 0.6, 1.2) 7
[17:59:28.656]: (0.8, 0.5, 1.2) 7
[17:59:31.871]: (-0.2, 0.9, 1.8) 5
[17:59:31.888]: (-0.2, 0.9, 1.8) 5
[17:59:31.904]: (-0.1, 0.9, 1.8) 5
[17:59:31.922]: (-0.2, 0.8, 1.8) 5
[17:59:31.951]: (-0.2, 0.9, 1.8) 5
[17:59:31.982]: (-0.2, 0.9, 1.9) 5
[17:59:32.013]: (-0.2, 0.9, 1.9) 5
[17:59:32.089]: (-0.2, 0.9, 1.9) 5
[17:59:37.586]: (-0.1, 0.9, 1.8) 5
