[16:33:07.722]: (-1.5, -0.5, -0.2) 8
[16:33:07.861]: (-2.1, 0.3, -0.1) 7
[16:33:07.883]: (-2.1, 0.4, 0.0) 7
[16:33:07.904]: (-2.1, 0.5, 0.0) 7
[16:33:08.448]: (-1.7, 1.7, 0.4) 1
[16:33:08.546]: (-2.1, 1.6, 0.4) 7
[16:33:08.567]: (-2.1, 1.7, 0.5) 7
[16:33:08.588]: (-2.1, 1.7, 0.4) 7
[16:33:08.612]: (-2.1, 1.7, 0.5) 7
[16:33:08.634]: (-2.1, 1.7, 0.4) 7
[16:33:08.654]: (-1.6, 1.5, 0.3) 0
[16:33:08.799]: (-1.5, 1.5, 0.3) 0
[16:33:08.846]: (-2.1, 1.7, 0.4) 7
[16:33:08.869]: (-2.1, 1.7, 0.4) 7
[16:33:08.890]: (-2.1, 1.7, 0.4) 7
[16:33:08.906]: (-2.1, 1.6, 0.4) 7
[16:33:08.923]: (-2.1, 1.6, 0.4) 7
[16:33:08.939]: (-2.1, 1.7, 0.4) 7
[16:33:08.956]: (-2.1, 1.7, 0.4) 7
[16:33:08.972]: (-2.1, 1.7, 0.4) 7
[16:33:09.336]: (-2.1, 1.7, 0.4) 7
[16:33:09.358]: (-2.1, 1.7, 0.4) 7
[16:33:09.380]: (-2.1, 1.7, 0.4) 7
[16:33:09.403]: (-2.1, 1.7, 0.4) 7
[16:33:09.424]: (-2.1, 1.7, 0.4) 7
[16:33:09.448]: (-2.1, 1.7, 0.4) 7
[16:33:09.470]: (-2.1, 1.7, 0.4) 7
[16:33:09.491]: (-2.1, 1.7, 0.4) 7
[16:33:09.507]: (-2.1, 1.7, 0.4) 7
[16:33:09.524]: (-2.1, 1.7, 0.4) 7
[16:33:09.539]: (-2.1, 1.7, 0.4) 7
[16:33:09.555]: (-2.1, 1.7, 0.4) 7
[16:33:09.571]: (-2.1, 1.7, 0.4) 7
[16:33:09.587]: (-2.1, 1.7, 0.4) 7
[16:33:09.604]: (-2.1, 1.7, 0.4) 7
[16:33:09.623]: (-2.0, 1.7, 0.4) 7
[16:33:09.644]: (-2.1, 1.7, 0.4) 7
[16:33:09.665]: (-1.5, 1.7, 0.3) 0
[16:33:10.203]: (-1.6, 2.6, 1.4) 5
[16:33:10.221]: (-1.6, 2.6, 1.4) 5
[16:33:10.240]: (-1.6, 2.6, 1.5) 5
[16:33:10.259]: (-1.6, 2.6, 1.5) 5
[16:33:10.285]: (-1.6, 2.6, 1.5) 5
[16:33:10.308]: (-1.6, 2.6, 1.5) 5
[16:33:10.325]: (-1.6, 2.6, 1.5) 5
[16:33:10.416]: (-1.6, 2.6, 1.5) 5
[16:33:10.459]: (-1.6, 2.6, 1.5) 5
[16:33:10.515]: (-1.6, 2.6, 1.5) 5
[16:33:10.547]: (-1.6, 2.6, 1.5) 5
[16:33:10.566]: (-1.6, 2.6, 1.5) 5
[16:33:10.583]: (-1.2, 2.4, 1.2) 2
[16:33:10.617]: (-1.1, 2.4, 1.2) 2
[16:33:10.799]: (-1.6, 2.6, 1.5) 5
[16:33:10.884]: (-1.6, 2.6, 1.5) 5
[16:33:11.432]: (-1.8, 2.7, 1.3) 4
[16:33:11.448]: (-1.9, 2.7, 1.3) 4
[16:33:11.463]: (-1.9, 2.7, 1.3) 4
[16:33:11.556]: (-1.9, 2.0, 0.4) 6
[16:33:11.572]: (-1.9, 1.9, 0.4) 6
[16:33:11.592]: (-1.9, 1.9, 0.4) 6
[16:33:11.608]: (-1.9, 1.9, 0.4) 6
[16:33:11.624]: (-1.9, 2.0, 0.4) 6
[16:33:11.715]: (-1.9, 1.9, 0.4) 6
[16:33:11.732]: (-1.9, 1.9, 0.3) 6
[16:33:11.763]: (-1.9, 1.9, 0.4) 6
[16:33:11.779]: (-1.8, 1.9, 0.4) 8
[16:33:11.795]: (-1.9, 2.0, 0.3) 6
[16:33:11.811]: (-1.9, 2.0, 0.4) 6
[16:33:11.827]: (-1.9, 1.9, 0.4) 6
[16:33:11.843]: (-1.9, 1.9, 0.4) 6
[16:33:11.863]: (-1.9, 1.9, 0.4) 6
[16:33:11.881]: (-1.9, 2.0, 0.4) 6
[16:33:11.901]: (-2.0, 1.9, 0.3) 6
[16:33:12.101]: (-2.0, 1.9, 0.3) 6
[16:33:12.124]: (-1.9, 1.9, 0.3) 6
[16:33:12.145]: (-1.9, 1.9, 0.4) 6
[16:33:12.169]: (-1.9, 1.9, 0.4) 6
[16:33:12.190]: (-1.9, 1.9, 0.4) 6
[16:33:12.214]: (-1.9, 1.9, 0.4) 6
[16:33:12.235]: (-1.9, 1.9, 0.4) 6
[16:33:12.258]: (-1.8, 1.9, 0.4) 8
[16:33:12.280]: (-1.8, 1.9, 0.4) 8
[16:33:12.301]: (-1.8, 1.9, 0.4) 8
[16:33:12.324]: (-1.9, 1.9, 0.4) 6
[16:33:12.346]: (-1.8, 1.9, 0.4) 8
[16:33:12.363]: (-1.8, 1.9, 0.4) 8
[16:33:12.379]: (-1.8, 1.9, 0.4) 8
[16:33:12.395]: (-1.8, 1.9, 0.4) 8
[16:33:12.413]: (-1.8, 1.9, 0.4) 8
[16:33:12.429]: (-1.8, 1.9, 0.4) 8
[16:33:12.448]: (-1.8, 1.9, 0.4) 8
[16:33:12.464]: (-1.8, 1.9, 0.4) 8
[16:33:12.482]: (-1.8, 1.9, 0.4) 8
[16:33:12.499]: (-1.9, 1.9, 0.3) 6
[16:33:12.515]: (-1.9, 1.9, 0.3) 6
[16:33:12.530]: (-1.9, 1.9, 0.3) 6
[16:33:12.547]: (-1.9, 1.9, 0.3) 6
[16:33:12.563]: (-1.9, 1.9, 0.3) 6
[16:33:12.581]: (-1.9, 1.9, 0.3) 6
[16:33:12.597]: (-1.9, 1.9, 0.3) 6
[16:33:12.615]: (-1.9, 1.9, 0.3) 6
[16:33:12.632]: (-1.9, 1.9, 0.3) 6
[16:33:12.648]: (-1.9, 1.9, 0.3) 6
[16:33:12.663]: (-1.9, 1.9, 0.3) 6
[16:33:12.682]: (-1.9, 1.9, 0.3) 6
[16:33:12.698]: (-1.9, 1.9, 0.3) 6
[16:33:12.729]: (-1.9, 1.9, 0.3) 6
[16:33:12.912]: (-1.8, 1.9, 0.4) 8
[16:33:12.935]: (-1.8, 1.9, 0.4) 8
[16:33:13.068]: (-1.3, 2.0, 0.5) 1
[16:33:13.669]: (-1.6, 2.7, 1.5) 5
[16:33:13.712]: (-1.6, 2.6, 1.5) 5
[16:33:13.734]: (-1.6, 2.6, 1.5) 5
[16:33:13.758]: (-1.6, 2.6, 1.5) 5
[16:33:13.779]: (-1.6, 2.6, 1.5) 5
[16:33:15.236]: (-1.6, 2.6, 1.5) 5
[16:33:15.252]: (-1.6, 2.6, 1.5) 5
[16:33:15.269]: (-1.6, 2.6, 1.4) 5
[16:33:15.285]: (-1.6, 2.6, 1.4) 5
[16:33:15.301]: (-1.7, 2.6, 1.4) 5
[16:33:15.767]: (-1.8, 1.9, 0.4) 8
[16:33:15.820]: (-1.8, 1.9, 0.4) 8
[16:33:15.836]: (-1.9, 2.0, 0.4) 6
[16:33:15.867]: (-1.8, 1.9, 0.4) 8
[16:33:15.898]: (-1.8, 1.9, 0.4) 8
[16:33:15.916]: (-1.8, 1.9, 0.4) 8
[16:33:15.934]: (-1.9, 2.0, 0.4) 6
[16:33:15.951]: (-1.9, 1.9, 0.4) 6
[16:33:15.968]: (-1.9, 1.9, 0.4) 6
[16:33:15.985]: (-1.8, 1.9, 0.4) 8
[16:33:16.002]: (-1.9, 1.9, 0.4) 6
[16:33:16.033]: (-1.9, 1.9, 0.4) 6
[16:33:16.750]: (-1.8, 1.9, 0.4) 8
[16:33:16.767]: (-1.8, 1.9, 0.4) 8
[16:33:16.783]: (-1.8, 1.9, 0.4) 8
[16:33:16.800]: (-1.8, 1.8, 0.4) 8
[16:33:16.816]: (-1.8, 1.8, 0.4) 8
[16:33:16.832]: (-1.8, 1.9, 0.4) 8
[16:33:16.849]: (-1.8, 1.9, 0.4) 8
[16:33:16.868]: (-1.8, 1.9, 0.4) 8
[16:33:16.885]: (-1.8, 1.9, 0.4) 8
[16:33:16.931]: (-1.9, 1.9, 0.4) 6
[16:33:16.948]: (-1.9, 1.9, 0.3) 6
[16:33:16.964]: (-1.9, 1.9, 0.3) 6
[16:33:17.344]: (-1.8, 2.0, 0.6) 7
[16:33:17.456]: (-1.8, 2.0, 0.6) 7
[16:33:17.631]: (-1.8, 2.1, 0.6) 7
[16:33:17.647]: (-1.8, 2.1, 0.5) 7
[16:33:17.664]: (-1.8, 2.1, 0.5) 7
[16:33:17.681]: (-1.8, 2.1, 0.5) 7
[16:33:17.697]: (-1.8, 2.0, 0.5) 7
[16:33:17.731]: (-1.8, 2.0, 0.5) 7
[16:33:17.748]: (-1.8, 2.0, 0.5) 7
[16:33:17.764]: (-1.8, 2.0, 0.5) 7
[16:33:17.780]: (-1.8, 2.0, 0.5) 7
[16:33:17.797]: (-1.8, 2.0, 0.5) 7
[16:33:17.813]: (-1.8, 2.0, 0.5) 7
[16:33:17.830]: (-1.8, 2.0, 0.5) 7
[16:33:17.847]: (-1.8, 2.0, 0.5) 7
[16:33:17.864]: (-1.8, 2.0, 0.5) 7
[16:33:17.880]: (-1.8, 2.0, 0.5) 7
[16:33:17.897]: (-1.8, 2.0, 0.5) 7
[16:33:17.914]: (-1.8, 2.0, 0.5) 7
[16:33:17.930]: (-1.8, 2.0, 0.5) 7
[16:33:17.946]: (-1.8, 2.0, 0.5) 7
[16:33:17.966]: (-1.8, 2.0, 0.5) 7
[16:33:18.055]: (-1.9, 2.0, 0.4) 6
[16:33:18.077]: (-1.9, 2.0, 0.4) 6
[16:33:18.121]: (-1.9, 2.0, 0.4) 6
[16:33:18.143]: (-1.9, 2.0, 0.4) 6
[16:33:18.381]: (-1.9, 2.0, 0.4) 6
[16:33:18.591]: (-1.8, 1.9, 0.4) 8
[16:33:18.679]: (-1.9, 2.0, 0.4) 6
[16:33:18.709]: (-1.9, 2.0, 0.4) 6
[16:33:18.726]: (-1.9, 2.0, 0.4) 6
[16:33:18.742]: (-1.9, 2.0, 0.4) 6
[16:33:18.758]: (-1.9, 2.0, 0.4) 6
[16:33:18.774]: (-1.9, 2.0, 0.4) 6
[16:33:18.790]: (-1.9, 2.0, 0.4) 6
[16:33:18.832]: (-1.9, 2.0, 0.4) 6
[16:33:18.855]: (-1.9, 2.0, 0.4) 6
[16:33:18.877]: (-1.9, 2.0, 0.4) 6
[16:33:18.899]: (-1.9, 2.0, 0.4) 6
[16:33:18.943]: (-1.9, 2.0, 0.4) 6
[16:33:18.990]: (-1.9, 2.0, 0.4) 6
[16:33:19.055]: (-1.9, 2.0, 0.4) 6
[16:33:19.166]: (-1.8, 1.9, 0.5) 8
[16:33:19.743]: (-1.8, 2.0, 0.4) 8
[16:33:19.768]: (-1.3, 2.1, 0.5) 1
[16:33:21.054]: (-2.0, 2.2, 0.8) 5
[16:33:21.210]: (-2.1, 2.2, 0.8) 5
[16:33:21.231]: (-2.1, 2.2, 0.8) 5
[16:33:21.253]: (-2.0, 2.2, 0.8) 5
[16:33:21.276]: (-2.1, 2.2, 0.8) 5
[16:33:21.392]: (-0.9, 2.4, 0.5) 1
[16:33:21.412]: (-0.9, 2.4, 0.5) 1
[16:33:22.036]: (-0.7, 2.5, 0.3) 1
[16:33:22.468]: (-1.0, 2.7, 0.3) 7
[16:33:23.418]: (-1.1, 3.1, 1.2) 4
[16:33:23.479]: (-1.1, 3.1, 1.3) 4
[16:33:23.519]: (-1.1, 3.1, 1.3) 4
[16:33:23.541]: (-1.1, 3.1, 1.3) 4
[16:33:23.564]: (-1.1, 3.1, 1.3) 4
[16:33:23.586]: (-1.1, 3.2, 1.2) 4
[16:33:23.608]: (-1.1, 3.1, 1.2) 4
[16:33:23.630]: (-1.1, 3.2, 1.2) 4
