[18:00:49.239]: (-0.5, 0.0, 0.0) 7
[18:00:49.258]: (-0.5, 0.0, -0.1) 7
[18:00:49.280]: (-0.5, 0.0, -0.1) 7
[18:00:49.296]: (-0.5, 0.0, 0.0) 7
[18:00:49.311]: (-0.6, -0.3, 0.0) 9
[18:00:49.327]: (-0.5, 0.0, 0.0) 7
[18:00:49.343]: (-0.5, 0.1, 0.0) 7
[18:00:49.359]: (-0.5, 0.1, 0.0) 7
[18:00:49.375]: (-0.5, 0.0, 0.0) 7
[18:00:49.392]: (-0.5, 0.0, 0.0) 7
[18:00:49.407]: (-0.5, 0.0, 0.0) 7
[18:00:49.423]: (-0.5, 0.0, 0.0) 7
[18:00:49.439]: (-0.5, 0.0, 0.0) 7
[18:00:49.454]: (-0.5, 0.0, 0.0) 7
[18:00:49.471]: (-0.5, 0.0, 0.0) 7
[18:00:49.488]: (-0.5, 0.0, 0.0) 7
[18:00:49.505]: (-0.5, 0.0, 0.0) 7
[18:00:49.522]: (-0.7, -0.3, 0.0) 10
[18:00:49.554]: (-0.7, 0.0, 0.0) 11
[18:00:49.572]: (-0.7, 0.0, -0.1) 11
[18:00:49.619]: (-0.7, 0.0, -0.1) 11
[18:00:49.637]: (-0.7, 0.0, 0.0) 11
[18:00:49.652]: (-0.7, 0.0, -0.1) 11
[18:00:49.683]: (-0.7, 0.0, -0.1) 11
[18:00:50.295]: (-1.0, -0.8, 0.0) 16
[18:00:50.490]: (-0.5, 0.0, 0.0) 7
[18:00:50.523]: (-0.5, 0.0, 0.0) 7
[18:01:18.128]: (-2.1, 0.7, 0.4) 16
[18:01:18.145]: (-2.1, 0.7, 0.4) 16
[18:01:18.162]: (-2.1, 0.7, 0.4) 16
[18:01:18.907]: (-1.8, 0.5, 0.4) 15
[18:01:18.925]: (-1.8, 0.5, 0.4) 15
[18:01:18.958]: (-1.8, 0.5, 0.4) 15
[18:01:19.045]: (-1.8, 0.5, 0.4) 15
[18:01:19.064]: (-1.8, 0.6, 0.4) 15
[18:01:19.082]: (-1.8, 0.6, 0.4) 15
[18:01:19.100]: (-1.8, 0.6, 0.4) 15
[18:01:19.116]: (-1.8, 0.6, 0.3) 15
[18:01:19.134]: (-1.8, 0.6, 0.3) 15
[18:01:19.157]: (-1.8, 0.6, 0.3) 15
[18:01:19.180]: (-1.8, 0.6, 0.3) 14
[18:01:19.202]: (-1.8, 0.6, 0.3) 15
[18:01:19.223]: (-1.8, 0.5, 0.3) 15
[18:01:19.246]: (-1.8, 0.5, 0.3) 15
[18:01:19.268]: (-1.8, 0.6, 0.3) 15
[18:01:19.290]: (-1.8, 0.6, 0.4) 15
[18:01:19.312]: (-1.8, 0.5, 0.4) 15
[18:01:19.336]: (-1.8, 0.5, 0.3) 15
[18:01:19.596]: (-1.9, 0.6, 0.3) 14
[18:01:19.773]: (-1.9, 0.6, 0.3) 14
[18:01:19.791]: (-1.8, 0.6, 0.4) 15
[18:01:19.807]: (-1.8, 0.6, 0.4) 15
[18:01:19.902]: (-2.1, 0.7, 0.4) 16
[18:01:31.937]: (-0.7, 1.0, 1.7) 2
[18:01:31.997]: (-0.8, 1.2, 1.9) 15
[18:01:32.016]: (-0.8, 1.2, 1.9) 15
[18:01:32.036]: (-0.8, 1.2, 1.9) 15
[18:01:32.058]: (-0.8, 1.2, 1.9) 15
[18:01:32.079]: (-0.7, 1.2, 1.9) 14
[18:01:32.100]: (-0.8, 1.2, 1.9) 15
[18:01:32.116]: (-0.7, 1.2, 1.9) 15
[18:01:32.132]: (-0.8, 1.2, 1.9) 15
[18:01:32.152]: (-0.8, 1.2, 1.9) 15
[18:01:32.219]: (-0.7, 1.2, 1.9) 14
[18:01:32.690]: (-0.7, 1.3, 1.9) 14
[18:01:32.714]: (-0.7, 1.3, 1.9) 15
[18:01:32.735]: (-0.7, 1.3, 1.9) 15
[18:01:32.757]: (-0.7, 1.3, 1.9) 15
[18:01:32.780]: (-0.7, 1.3, 1.9) 15
[18:01:32.801]: (-0.7, 1.3, 1.9) 15
[18:01:32.820]: (-0.7, 1.3, 1.9) 15
[18:01:32.843]: (-0.7, 1.3, 1.9) 15
[18:01:32.865]: (-0.7, 1.3, 1.9) 15
[18:01:32.887]: (-0.7, 1.3, 1.9) 15
[18:01:32.908]: (-0.7, 1.3, 1.9) 15
[18:01:33.155]: (-0.4, 1.3, 1.5) 8
[18:01:33.190]: (-0.4, 1.4, 1.4) 8
[18:01:33.223]: (-0.4, 1.4, 1.4) 8
[18:01:33.258]: (-0.4, 1.4, 1.4) 8
[18:01:33.291]: (-0.4, 1.4, 1.4) 8
[18:01:33.320]: (-0.4, 1.4, 1.4) 8
[18:01:33.353]: (-0.4, 1.4, 1.4) 8
[18:01:33.389]: (-0.4, 1.4, 1.4) 8
[18:01:33.423]: (-0.4, 1.4, 1.4) 8
[18:01:33.520]: (-0.4, 1.4, 1.4) 8
[18:01:33.552]: (-0.4, 1.4, 1.4) 8
[18:01:33.586]: (-0.4, 1.4, 1.4) 8
[18:01:33.619]: (-0.4, 1.3, 1.4) 8
[18:01:33.652]: (-0.4, 1.3, 1.4) 8
[18:01:33.687]: (-0.4, 1.4, 1.4) 8
[18:01:33.718]: (-0.4, 1.4, 1.4) 8
[18:01:33.742]: (-0.4, 1.4, 1.4) 8
[18:01:33.762]: (-0.4, 1.4, 1.4) 8
[18:01:33.784]: (-0.4, 1.4, 1.4) 8
[18:01:33.809]: (-0.4, 1.4, 1.4) 8
[18:01:33.829]: (-0.4, 1.4, 1.4) 8
[18:01:33.852]: (-0.4, 1.4, 1.4) 8
[18:01:33.877]: (-0.4, 1.4, 1.4) 8
[18:01:33.901]: (-0.4, 1.4, 1.3) 5
[18:01:33.925]: (-0.4, 1.4, 1.4) 8
[18:01:34.542]: (-0.5, 1.6, 1.7) 14
[18:01:34.564]: (-0.5, 1.5, 1.7) 14
[18:01:34.608]: (-0.5, 1.6, 1.6) 14
[18:01:34.631]: (-0.5, 1.6, 1.6) 14
[18:01:34.674]: (-0.5, 1.5, 1.6) 14
[18:01:34.944]: (-0.3, 1.5, 1.2) 8
[18:01:34.971]: (-0.3, 1.5, 1.1) 8
[18:01:34.997]: (-0.3, 1.5, 1.1) 8
[18:01:35.458]: (-0.3, 1.4, 1.0) 8
[18:01:35.481]: (-0.4, 1.4, 0.9) 8
[18:01:35.496]: (-0.4, 1.4, 0.9) 8
[18:01:35.514]: (-0.4, 1.4, 0.9) 8
[18:01:35.532]: (-0.4, 1.4, 0.9) 8
[18:01:35.548]: (-0.4, 1.4, 0.9) 8
[18:01:35.563]: (-0.4, 1.4, 0.9) 8
[18:01:35.580]: (-0.4, 1.4, 0.9) 8
[18:01:35.607]: (-0.4, 1.4, 0.9) 8
[18:01:35.644]: (-0.4, 1.4, 0.9) 8
[18:01:35.675]: (-0.4, 1.4, 0.9) 8
[18:01:35.706]: (-0.4, 1.4, 0.9) 8
[18:01:35.741]: (-0.4, 1.4, 0.9) 8
[18:01:35.774]: (-0.4, 1.4, 0.9) 8
[18:01:36.672]: (-0.5, 1.7, 1.0) 15
[18:01:36.694]: (-0.5, 1.6, 0.9) 15
[18:01:36.716]: (-0.5, 1.7, 1.0) 14
[18:01:36.739]: (-0.5, 1.6, 1.0) 15
[18:01:36.828]: (-0.5, 1.6, 1.0) 15
[18:01:36.849]: (-0.5, 1.6, 1.0) 15
[18:01:36.872]: (-0.5, 1.7, 1.0) 14
[18:01:36.895]: (-0.6, 1.7, 0.9) 15
[18:01:36.921]: (-0.5, 1.6, 0.9) 15
[18:01:36.943]: (-0.5, 1.6, 0.9) 15
[18:01:36.964]: (-0.5, 1.7, 0.9) 15
[18:01:36.987]: (-0.5, 1.6, 0.9) 15
[18:01:37.009]: (-0.5, 1.7, 0.9) 15
[18:01:37.891]: (0.2, -0.5, 0.7) 1
[18:01:38.048]: (0.3, -0.5, 0.7) 0
[18:01:38.093]: (0.1, -0.4, 0.3) 3
[18:01:38.820]: (0.1, -0.4, 0.3) 3
[18:01:38.837]: (0.1, -0.4, 0.3) 3
[18:01:41.046]: (0.3, 0.1, 0.6) 10
[18:01:41.063]: (0.3, 0.1, 0.6) 10
[18:01:41.245]: (0.3, 0.1, 0.6) 10
[18:01:44.935]: (0.3, -0.2, 1.0) 14
[18:01:44.957]: (0.3, -0.1, 1.0) 14
[18:01:45.246]: (0.3, -0.2, 1.0) 14
[18:01:45.263]: (0.3, -0.2, 1.0) 14
[18:01:45.280]: (0.3, -0.2, 1.0) 14
[18:01:45.296]: (0.3, -0.2, 1.0) 14
[18:01:45.312]: (0.3, -0.2, 1.0) 14
[18:01:45.573]: (0.3, -0.1, 1.0) 14
[18:01:45.608]: (0.2, -0.2, 1.0) 15
[18:01:45.626]: (0.2, -0.1, 1.0) 15
[18:01:45.644]: (0.2, -0.1, 1.0) 15
[18:01:45.663]: (0.2, -0.1, 1.0) 15
[18:01:45.679]: (0.2, -0.2, 1.0) 15
[18:01:45.695]: (0.2, -0.1, 1.0) 15
[18:01:45.712]: (0.2, -0.1, 1.0) 15
[18:01:45.735]: (0.2, -0.1, 1.0) 15
[18:01:45.758]: (0.2, -0.1, 1.0) 15
[18:01:45.778]: (0.2, -0.2, 1.0) 15
[18:01:45.802]: (0.2, -0.2, 1.0) 15
[18:01:45.959]: (0.2, -0.2, 1.0) 15
[18:01:45.979]: (0.2, -0.2, 1.0) 15
[18:01:46.001]: (0.2, -0.2, 1.0) 15
[18:01:46.868]: (0.1, 0.5, 0.3) 8
[18:01:46.892]: (0.1, 0.5, 0.3) 8
[18:01:46.912]: (0.1, 0.5, 0.3) 8
[18:01:46.935]: (0.0, 0.5, 0.3) 8
[18:01:46.958]: (0.0, 0.5, 0.3) 8
[18:01:46.980]: (0.0, 0.5, 0.3) 8
[18:01:47.007]: (0.0, 0.5, 0.3) 8
[18:01:47.027]: (0.0, 0.5, 0.3) 8
[18:01:47.045]: (0.0, 0.5, 0.3) 8
[18:01:47.068]: (0.0, 0.5, 0.3) 8
[18:01:47.329]: (0.0, 0.5, 0.3) 8
[18:01:47.345]: (0.0, 0.5, 0.3) 8
[18:01:47.362]: (0.0, 0.5, 0.3) 8
[18:01:47.379]: (0.0, 0.5, 0.3) 8
[18:01:47.396]: (0.0, 0.5, 0.3) 8
[18:01:47.413]: (0.0, 0.5, 0.3) 8
[18:01:47.430]: (0.0, 0.5, 0.3) 8
[18:01:47.447]: (0.0, 0.5, 0.3) 8
[18:01:47.464]: (0.0, 0.5, 0.3) 8
[18:01:47.480]: (0.0, 0.5, 0.3) 8
[18:01:47.501]: (0.0, 0.6, 0.4) 8
[18:01:47.524]: (0.0, 0.5, 0.4) 8
[18:01:47.545]: (0.0, 0.5, 0.4) 8
[18:01:47.567]: (0.0, 0.5, 0.4) 8
[18:01:47.589]: (0.0, 0.5, 0.4) 8
[18:01:47.613]: (0.0, 0.5, 0.4) 8
[18:01:47.634]: (0.0, 0.5, 0.4) 8
[18:01:47.656]: (0.0, 0.5, 0.4) 8
[18:01:47.680]: (0.0, 0.5, 0.4) 8
[18:01:47.701]: (0.0, 0.5, 0.4) 8
[18:01:50.167]: (0.6, 1.8, 0.1) 7
[18:01:50.189]: (0.6, 1.8, 0.1) 6
[18:01:50.212]: (0.6, 1.8, 0.1) 6
[18:01:50.235]: (0.5, 1.8, 0.1) 6
[18:01:50.258]: (0.5, 1.8, 0.1) 6
[18:01:50.278]: (0.5, 1.8, 0.1) 6
[18:01:50.302]: (0.5, 1.9, 0.1) 6
[18:01:50.324]: (0.6, 2.0, 0.2) 8
[18:01:50.344]: (0.5, 2.1, 0.2) 8
[18:01:50.545]: (0.6, 2.4, 0.4) 14
[18:01:50.590]: (0.4, 2.3, 0.3) 2
[18:01:50.739]: (0.6, 2.5, 0.4) 14
[18:01:50.822]: (0.6, 2.4, 0.4) 14
[18:01:50.839]: (0.6, 2.4, 0.4) 14
[18:01:50.857]: (0.6, 2.4, 0.4) 14
[18:01:50.876]: (0.6, 2.4, 0.4) 14
[18:02:05.658]: (-5.8, -0.2, 0.2) 3
[18:02:05.681]: (-5.8, -0.1, 0.1) 3
[18:02:05.700]: (-5.8, -0.1, 0.2) 4
[18:02:05.719]: (-5.5, 0.0, 0.2) 8
[18:02:05.736]: (-5.5, 0.1, 0.2) 8
[18:02:05.753]: (-5.5, 0.1, 0.2) 8
[18:02:05.793]: (-5.5, 0.1, 0.2) 8
[18:02:05.809]: (-5.5, 0.1, 0.1) 8
[18:02:05.983]: (-5.5, 0.1, 0.2) 8
[18:02:06.027]: (-5.5, 0.1, 0.1) 8
[18:02:06.093]: (-5.5, 0.0, 0.1) 8
[18:02:06.118]: (-5.5, 0.1, 0.1) 8
[18:02:06.138]: (-5.5, 0.1, 0.2) 8
[18:02:06.161]: (-5.8, -0.1, 0.2) 4
[18:02:06.183]: (-5.5, 0.0, 0.2) 8
[18:02:06.205]: (-5.1, 0.1, 0.2) 9
[18:02:06.249]: (-5.1, 0.0, 0.2) 9
[18:02:06.271]: (-5.2, -0.1, 0.2) 10
[18:02:06.294]: (-5.2, 0.0, 0.2) 10
[18:02:06.316]: (-5.5, -0.1, 0.5) 6
[18:02:06.869]: (-5.4, -0.1, 1.1) 6
[18:02:06.912]: (-5.7, -0.2, 1.1) 3
[18:02:07.086]: (-5.1, 0.0, 1.1) 10
[18:02:07.118]: (-5.0, 0.1, 1.1) 9
[18:02:07.139]: (-5.4, 0.1, 1.2) 5
[18:02:07.171]: (-5.0, 0.1, 1.0) 9
[18:02:07.205]: (-4.8, 0.0, 1.4) 12
[18:02:07.538]: (-5.1, 0.0, 1.2) 10
[18:02:07.570]: (-5.7, -0.1, 1.1) 3
[18:02:07.604]: (-5.7, -0.1, 1.2) 4
[18:02:07.705]: (-4.8, 0.3, 0.7) 16
[18:02:08.174]: (-5.2, 1.8, 1.9) 5
[18:02:08.196]: (-5.2, 1.9, 2.0) 6
[18:02:09.046]: (-5.0, 1.6, 1.2) 15
[18:02:09.267]: (-4.6, 1.7, 1.0) 16
[18:02:09.287]: (-4.6, 1.7, 1.1) 16
[18:02:09.308]: (-5.3, 1.8, 1.3) 1
[18:02:09.692]: (-4.6, 1.7, 2.0) 10
[18:02:09.714]: (-4.9, 1.7, 2.3) 7
[18:02:09.739]: (-4.8, 1.7, 2.3) 7
[18:02:09.758]: (-4.9, 1.7, 2.2) 7
[18:02:10.064]: (-5.1, 1.8, 1.7) 2
[18:02:10.084]: (-5.2, 1.7, 1.7) 1
[18:02:10.116]: (-5.1, 1.8, 1.7) 2
[18:02:10.146]: (-4.4, 1.6, 1.4) 16
[18:02:10.163]: (-4.6, 1.7, 2.0) 10
[18:02:10.209]: (-5.2, 1.8, 1.7) 0
[18:02:10.240]: (-5.0, 1.7, 2.0) 8
[18:02:10.256]: (-5.0, 1.7, 1.9) 8
[18:02:10.387]: (-4.9, 1.9, 2.0) 5
[18:02:10.409]: (-4.6, 1.8, 2.0) 10
[18:02:10.894]: (-4.4, 2.5, 1.4) 11
[18:02:11.281]: (-4.6, 1.8, 1.8) 6
[18:02:11.327]: (-4.6, 1.8, 1.8) 6
[18:02:11.379]: (-4.6, 1.8, 1.8) 7
[18:02:11.395]: (-4.6, 1.8, 1.8) 7
[18:02:11.427]: (-4.6, 1.8, 1.8) 6
[18:02:11.443]: (-4.7, 1.8, 1.8) 6
[18:02:11.503]: (-4.4, 1.7, 1.6) 10
[18:02:11.547]: (-4.4, 1.6, 1.6) 10
[18:02:11.614]: (-4.7, 1.7, 1.8) 7
[18:02:11.658]: (-4.3, 1.7, 1.5) 9
[18:02:11.702]: (-5.0, 1.7, 1.3) 1
[18:02:11.859]: (-4.2, 1.6, 1.1) 16
[18:02:11.881]: (-4.2, 1.6, 1.1) 16
[18:02:12.433]: (-4.3, 2.0, 1.1) 10
[18:02:12.453]: (-4.2, 2.1, 0.9) 9
[18:02:12.586]: (-4.2, 2.1, 1.0) 10
[18:02:12.750]: (-3.8, 2.4, 0.2) 16
[18:02:12.817]: (-4.0, 2.4, 0.4) 9
[18:02:12.885]: (-4.0, 2.4, 0.4) 9
[18:02:13.213]: (-4.6, 2.6, 0.2) 1
[18:02:13.435]: (-4.4, 2.7, 0.1) 2
[18:02:13.481]: (-3.7, 2.5, 0.1) 16
[18:02:13.706]: (-4.1, 3.0, 0.5) 6
[18:02:13.950]: (-4.0, 3.0, 0.2) 5
[18:02:14.015]: (-4.2, 3.0, -0.3) 0
[18:02:14.039]: (-4.2, 3.0, -0.4) 0
[18:02:14.060]: (-4.2, 3.0, -0.4) 0
[18:02:14.639]: (-3.4, 2.5, -0.5) 16
[18:02:15.017]: (-3.4, 3.4, -0.9) 8
[18:02:16.205]: (-2.0, 3.3, -1.8) 11
[18:02:16.627]: (-2.4, 3.1, -2.4) 1
[18:02:16.781]: (-2.3, 3.2, -2.4) 2
[18:02:16.917]: (-2.4, 3.1, -2.5) 1
[18:02:16.938]: (-2.3, 3.1, -2.5) 2
[18:02:16.961]: (-2.2, 3.1, -2.4) 2
[18:02:17.477]: (-2.2, 3.2, -2.1) 5
[18:02:17.493]: (-2.1, 3.0, -1.9) 9
[18:02:17.509]: (-2.1, 3.0, -1.9) 9
[18:02:17.573]: (-2.2, 3.3, -2.1) 5
[18:02:17.912]: (-2.2, 3.1, -1.9) 10
[18:02:18.024]: (-2.1, 2.9, -2.0) 9
[18:02:18.259]: (-2.2, 3.2, -2.1) 5
[18:02:18.467]: (-2.2, 3.3, -2.1) 5
[18:02:18.484]: (-2.2, 3.2, -2.1) 5
[18:02:18.515]: (-2.5, 3.6, -2.2) 3
[18:02:18.559]: (-2.4, 3.6, -2.2) 3
[18:02:18.600]: (-2.2, 3.3, -2.1) 5
[18:02:18.622]: (-2.2, 3.3, -2.1) 5
[18:02:19.100]: (-2.4, 3.2, -2.1) 2
[18:02:19.217]: (-2.4, 3.4, -2.2) 0
[18:02:19.239]: (-2.3, 3.3, -2.1) 2
[18:02:19.276]: (-2.4, 3.3, -2.1) 2
[18:02:19.298]: (-2.5, 3.4, -2.1) 1
[18:02:19.729]: (-2.3, 4.0, -1.1) 2
[18:02:19.751]: (-2.3, 4.0, -1.0) 2
[18:02:19.772]: (-2.3, 4.0, -1.0) 2
[18:02:20.602]: (-3.5, 2.8, -0.6) 0
[18:02:20.622]: (-3.4, 2.7, -0.6) 2
[18:02:20.643]: (-3.4, 2.7, -0.6) 2
[18:02:20.740]: (-3.5, 2.6, -0.6) 1
[18:02:20.825]: (-3.0, 2.3, -0.4) 9
[18:02:20.847]: (-3.0, 2.3, -0.4) 9
[18:02:21.366]: (-3.0, 2.3, -0.4) 9
[18:02:21.400]: (-3.0, 2.3, -0.4) 9
[18:02:21.417]: (-3.0, 2.3, -0.4) 9
[18:02:21.447]: (-3.0, 2.3, -0.4) 9
[18:02:21.495]: (-3.0, 2.3, -0.4) 9
[18:02:21.512]: (-3.0, 2.3, -0.4) 9
[18:02:21.743]: (-3.0, 2.3, -0.4) 9
[18:02:21.765]: (-3.0, 2.4, -0.4) 9
[18:02:21.787]: (-3.4, 2.5, -0.3) 8
[18:02:21.810]: (-3.0, 2.3, -0.4) 9
[18:02:21.832]: (-3.0, 2.4, -0.4) 9
[18:02:21.861]: (-3.0, 2.3, -0.4) 9
[18:02:21.882]: (-3.0, 2.4, -0.3) 9
[18:02:22.385]: (-3.2, 1.4, -0.4) 10
[18:02:22.700]: (-3.2, 1.6, -0.3) 10
[18:02:22.904]: (-3.6, 2.0, -0.6) 1
[18:02:23.690]: (-3.6, 1.9, -0.6) 1
[18:02:23.713]: (-3.5, 1.9, -0.7) 2
[18:02:23.935]: (-3.5, 1.7, -0.8) 1
[18:02:24.001]: (-3.5, 1.6, -0.9) 1
[18:02:24.024]: (-3.5, 1.7, -0.8) 1
[18:02:24.045]: (-3.6, 1.7, -0.9) 0
[18:02:24.248]: (-3.4, 1.5, -1.1) 2
[18:02:24.273]: (-3.5, 1.4, -1.1) 1
[18:02:24.429]: (-2.8, 1.2, -1.0) 9
[18:02:24.515]: (-3.0, 1.2, -1.4) 14
[18:02:24.539]: (-2.5, 1.2, -1.2) 16
[18:02:24.559]: (-3.0, 1.1, -1.3) 14
[18:02:24.716]: (-3.3, 1.0, -1.3) 2
[18:02:24.755]: (-3.3, 1.0, -1.3) 1
[18:02:24.776]: (-3.3, 0.9, -1.3) 1
[18:02:24.798]: (-3.3, 0.9, -1.3) 1
[18:02:24.819]: (-3.3, 0.9, -1.3) 1
[18:02:24.969]: (-3.2, 0.7, -1.1) 8
[18:02:25.254]: (-2.8, 0.9, -1.0) 9
[18:02:25.275]: (-2.8, 0.9, -1.1) 9
[18:02:25.320]: (-3.3, 1.0, -1.3) 1
[18:02:25.431]: (-3.1, 0.9, -1.0) 5
[18:02:25.497]: (-3.1, 0.8, -1.0) 5
[18:02:25.520]: (-3.1, 0.9, -1.0) 5
[18:02:25.542]: (-3.1, 0.9, -1.0) 5
[18:02:25.594]: (-2.8, 0.9, -1.0) 9
[18:02:25.610]: (-2.8, 0.9, -1.0) 9
[18:02:25.644]: (-3.1, 0.9, -1.0) 5
[18:02:25.660]: (-2.8, 0.9, -1.0) 9
[18:02:25.677]: (-2.8, 0.9, -1.0) 9
[18:02:25.695]: (-2.8, 0.9, -1.0) 9
[18:02:25.710]: (-2.8, 0.9, -1.0) 9
[18:02:25.728]: (-3.1, 0.9, -1.0) 5
[18:02:25.744]: (-2.8, 0.9, -1.0) 9
[18:02:25.761]: (-2.8, 0.9, -1.0) 9
[18:02:25.776]: (-3.1, 0.8, -1.0) 5
[18:02:25.794]: (-2.8, 0.9, -1.0) 9
[18:02:25.809]: (-2.8, 0.9, -1.0) 9
[18:02:25.825]: (-2.8, 0.9, -1.0) 9
[18:02:25.858]: (-3.2, 0.9, -0.9) 5
[18:02:25.875]: (-3.5, 0.8, -1.0) 4
[18:02:25.891]: (-3.5, 0.8, -1.0) 4
[18:02:25.979]: (-2.8, 0.9, -1.0) 9
[18:02:26.012]: (-2.8, 0.9, -1.1) 9
[18:02:26.031]: (-2.8, 0.9, -1.1) 9
[18:02:26.074]: (-2.8, 0.9, -1.1) 9
[18:02:26.096]: (-2.8, 0.9, -1.1) 9
[18:02:26.119]: (-2.8, 0.9, -1.0) 9
[18:02:26.163]: (-2.8, 0.9, -1.0) 9
[18:02:26.185]: (-2.8, 0.9, -1.1) 9
[18:02:26.207]: (-2.8, 0.9, -1.1) 9
[18:02:26.363]: (-2.8, 0.9, -1.0) 9
[18:02:26.385]: (-2.8, 0.9, -1.0) 9
[18:02:26.408]: (-2.8, 0.9, -1.0) 9
[18:02:26.430]: (-2.8, 0.9, -1.0) 9
[18:02:26.452]: (-2.8, 0.9, -1.0) 9
[18:02:26.469]: (-2.8, 0.9, -1.0) 9
[18:02:26.486]: (-2.8, 0.9, -1.0) 9
[18:02:26.502]: (-2.8, 0.9, -1.0) 9
[18:02:26.522]: (-2.8, 0.9, -1.0) 9
[18:02:26.539]: (-2.8, 0.9, -1.1) 9
[18:02:26.554]: (-2.8, 0.9, -1.1) 9
[18:02:26.617]: (-2.8, 0.9, -1.0) 9
[18:02:26.830]: (-3.5, 0.7, -1.0) 4
[18:02:26.865]: (-3.4, 1.0, -1.2) 0
[18:02:26.896]: (-2.8, 0.9, -1.0) 9
[18:02:26.942]: (-3.3, 1.0, -1.3) 2
[18:02:26.963]: (-3.3, 1.0, -1.3) 2
[18:02:26.985]: (-3.3, 1.0, -1.2) 2
[18:02:27.008]: (-3.1, 0.9, -1.0) 5
[18:02:27.074]: (-2.8, 0.9, -1.0) 9
[18:02:27.097]: (-3.1, 0.9, -1.0) 5
[18:02:27.118]: (-2.9, 0.9, -1.0) 9
[18:02:27.141]: (-2.9, 0.9, -1.0) 9
[18:02:27.163]: (-2.8, 0.9, -1.0) 9
[18:02:27.185]: (-2.8, 0.9, -1.0) 9
[18:02:35.080]: (-0.7, 0.8, -1.8) 13
[18:02:35.156]: (-0.7, 0.7, -2.1) 11
[18:02:35.218]: (-0.7, 0.7, -2.1) 11
[18:02:35.249]: (-0.6, 0.7, -2.1) 11
[18:02:35.265]: (-0.6, 0.7, -2.1) 11
[18:02:36.343]: (-1.9, 0.8, -1.1) 11
[18:02:36.365]: (-1.9, 0.8, -1.1) 11
[18:02:36.388]: (-1.9, 0.8, -1.2) 11
[18:02:36.410]: (-1.9, 0.8, -1.1) 11
[18:02:36.430]: (-1.9, 0.8, -1.1) 11
[18:02:36.454]: (-1.9, 0.8, -1.1) 11
[18:02:36.496]: (-2.5, 0.6, -1.3) 3
[18:02:36.518]: (-1.7, 0.9, -0.9) 13
[18:02:36.545]: (-2.3, 0.6, -1.1) 8
[18:02:37.030]: (-2.6, 0.4, -0.8) 2
[18:02:37.096]: (-2.6, 0.4, -0.8) 2
[18:02:37.120]: (-2.7, 0.4, -0.7) 2
[18:02:37.162]: (-2.5, 0.7, -0.8) 5
[18:02:37.183]: (-2.4, 0.6, -0.7) 5
[18:02:37.205]: (-2.1, 0.8, -0.7) 11
[18:02:37.226]: (-2.2, 0.8, -0.7) 11
[18:02:37.569]: (-2.2, 0.7, -0.5) 9
[18:02:37.585]: (-2.2, 0.7, -0.5) 9
[18:02:37.625]: (-2.2, 0.7, -0.4) 9
[18:02:37.693]: (-2.2, 0.7, -0.4) 9
[18:02:37.737]: (-2.2, 0.7, -0.4) 9
[18:02:37.760]: (-2.2, 0.7, -0.4) 9
[18:02:37.781]: (-2.2, 0.7, -0.5) 9
[18:02:37.804]: (-2.2, 0.7, -0.5) 9
[18:02:37.826]: (-2.2, 0.6, -0.5) 9
[18:02:37.870]: (-2.2, 0.7, -0.5) 9
[18:02:37.892]: (-2.2, 0.7, -0.5) 9
[18:02:37.917]: (-2.2, 0.7, -0.5) 9
[18:02:37.983]: (-2.1, 0.9, -0.7) 11
[18:02:38.003]: (-2.5, 0.9, -0.8) 6
[18:02:38.058]: (-2.5, 0.9, -0.8) 6
[18:02:38.095]: (-2.2, 0.9, -0.7) 11
[18:02:38.162]: (-2.5, 0.8, -0.8) 6
[18:02:38.179]: (-2.5, 0.8, -0.7) 6
[18:02:38.250]: (-2.5, 0.8, -0.8) 6
[18:02:38.283]: (-2.5, 0.8, -0.8) 6
[18:02:38.316]: (-1.8, 1.1, -0.6) 13
[18:02:38.383]: (-2.5, 0.9, -0.8) 6
[18:02:38.418]: (-2.5, 0.8, -0.5) 5
[18:02:38.677]: (-2.2, 0.9, -0.5) 11
[18:02:38.742]: (-2.1, 0.9, -0.6) 11
[18:02:38.809]: (-2.2, 0.7, -0.3) 10
[18:02:39.010]: (-2.7, 0.5, -0.6) 3
[18:02:39.045]: (-2.7, 0.4, -0.6) 3
[18:02:39.077]: (-2.7, 0.4, -0.6) 3
[18:02:39.202]: (-1.7, 0.7, -0.4) 13
[18:02:39.236]: (-1.7, 0.7, -0.5) 13
[18:02:39.271]: (-1.8, 0.6, -0.4) 12
[18:02:39.292]: (-1.8, 0.6, -0.4) 12
[18:02:39.314]: (-1.7, 0.7, -0.4) 13
[18:02:39.336]: (-1.7, 0.7, -0.4) 13
[18:02:39.359]: (-1.7, 0.7, -0.4) 13
[18:02:39.381]: (-1.8, 0.7, -0.4) 13
[18:02:39.670]: (-1.7, 0.7, -0.4) 13
[18:02:39.692]: (-2.4, 0.5, -0.5) 7
[18:02:40.074]: (-2.8, 0.6, 0.7) 2
[18:02:40.097]: (-2.8, 0.6, 0.7) 2
[18:02:40.119]: (-2.3, 0.8, 0.5) 10
[18:02:40.145]: (-2.3, 0.8, 0.5) 10
[18:02:40.431]: (-2.3, 0.8, 0.3) 10
[18:02:40.454]: (-2.9, 0.7, 0.5) 1
[18:02:40.477]: (-2.8, 0.7, 0.5) 1
[18:02:40.499]: (-2.8, 0.7, 0.5) 1
[18:02:40.542]: (-2.9, 0.8, 0.1) 3
[18:02:40.563]: (-2.9, 0.8, 0.0) 3
[18:02:40.668]: (-2.9, 0.8, 0.0) 3
[18:02:41.102]: (-2.9, 0.7, 0.0) 3
[18:02:41.147]: (-2.9, 0.8, 0.0) 3
[18:02:41.478]: (-1.9, 0.9, 0.0) 13
[18:02:41.521]: (-2.0, 0.9, 0.1) 12
[18:02:41.696]: (-2.3, 1.1, 0.3) 9
[18:02:42.034]: (-2.2, 1.2, 0.1) 10
[18:02:42.055]: (-2.8, 1.2, -0.2) 3
[18:02:42.258]: (-2.8, 1.1, -0.2) 3
[18:02:42.302]: (-2.8, 1.1, -0.2) 3
[18:02:42.324]: (-2.8, 1.1, -0.2) 3
[18:02:42.632]: (-2.9, 1.2, -0.1) 3
[18:02:42.655]: (-2.8, 1.2, -0.1) 3
[18:02:42.715]: (-2.5, 1.1, -0.1) 7
[18:02:43.205]: (-2.7, 1.4, -0.5) 3
[18:02:43.250]: (-2.7, 1.4, -0.4) 3
[18:02:43.334]: (-2.7, 1.4, -0.5) 3
[18:02:43.379]: (-2.7, 1.4, -0.5) 3
[18:02:43.494]: (-2.7, 1.4, -0.5) 3
[18:02:43.511]: (-2.7, 1.4, -0.5) 3
[18:02:43.544]: (-2.7, 1.3, -0.5) 3
[18:02:43.559]: (-2.7, 1.3, -0.5) 3
[18:02:43.592]: (-2.7, 1.4, -0.4) 3
[18:02:43.610]: (-2.7, 1.3, -0.5) 3
[18:02:43.626]: (-2.7, 1.4, -0.4) 3
[18:02:43.643]: (-2.7, 1.3, -0.4) 3
[18:02:43.659]: (-2.7, 1.3, -0.5) 3
[18:02:43.765]: (-2.4, 1.3, -0.3) 7
[18:02:44.049]: (-2.0, 1.5, -0.3) 10
[18:02:44.138]: (-2.6, 1.7, -0.4) 2
[18:02:44.294]: (-2.0, 1.5, -0.4) 10
[18:02:44.318]: (-2.3, 1.6, -0.5) 5
[18:02:44.339]: (-2.3, 1.6, -0.5) 5
[18:02:44.361]: (-2.3, 1.6, -0.5) 5
[18:02:44.382]: (-2.3, 1.6, -0.5) 5
[18:02:45.855]: (-2.3, 1.5, -0.5) 5
[18:02:45.878]: (-2.3, 1.5, -0.4) 5
[18:02:45.900]: (-2.3, 1.5, -0.4) 5
[18:02:45.923]: (-2.3, 1.5, -0.4) 5
[18:02:45.988]: (-2.3, 1.5, -0.4) 5
[18:02:46.011]: (-2.3, 1.5, -0.4) 5
[18:02:46.034]: (-2.3, 1.5, -0.4) 5
[18:02:46.078]: (-2.3, 1.5, -0.4) 5
[18:02:46.204]: (-2.3, 1.6, -0.4) 5
[18:02:46.220]: (-2.3, 1.5, -0.4) 5
[18:02:46.236]: (-2.3, 1.6, -0.4) 5
[18:02:46.252]: (-2.3, 1.6, -0.4) 5
[18:02:46.269]: (-2.3, 1.6, -0.4) 5
[18:02:46.286]: (-2.3, 1.6, -0.4) 5
[18:02:46.302]: (-2.3, 1.6, -0.4) 5
[18:02:46.319]: (-2.3, 1.6, -0.4) 5
[18:02:46.335]: (-2.3, 1.6, -0.4) 5
[18:02:46.412]: (-2.3, 1.6, -0.4) 5
[18:02:46.428]: (-2.3, 1.6, -0.5) 5
[18:02:46.476]: (-2.3, 1.6, -0.5) 5
[18:02:46.493]: (-2.3, 1.6, -0.4) 5
[18:02:46.509]: (-2.3, 1.6, -0.4) 5
[18:02:46.526]: (-2.3, 1.6, -0.4) 5
[18:02:46.543]: (-2.3, 1.6, -0.4) 5
[18:02:46.559]: (-2.3, 1.6, -0.4) 5
[18:02:46.799]: (-2.3, 1.6, -0.4) 5
[18:02:46.845]: (-2.3, 1.6, -0.4) 5
[18:02:46.867]: (-2.3, 1.6, -0.4) 5
[18:02:46.888]: (-2.3, 1.6, -0.4) 5
[18:02:46.911]: (-2.3, 1.6, -0.4) 5
[18:02:46.933]: (-2.3, 1.6, -0.4) 5
[18:02:46.955]: (-2.3, 1.6, -0.4) 5
[18:02:47.184]: (-2.2, 2.0, -0.3) 15
[18:02:47.216]: (-2.2, 2.0, -0.3) 15
[18:02:47.262]: (-2.2, 2.0, -0.3) 15
[18:02:47.279]: (-2.2, 2.0, -0.3) 15
[18:02:47.295]: (-2.2, 2.0, -0.3) 15
[18:02:47.312]: (-2.2, 2.0, -0.3) 15
[18:02:47.329]: (-2.2, 2.0, -0.3) 15
[18:02:47.346]: (-2.2, 2.0, -0.3) 15
[18:02:47.362]: (-2.2, 2.0, -0.3) 15
[18:02:47.377]: (-2.2, 2.0, -0.3) 15
[18:02:47.394]: (-2.2, 2.0, -0.3) 15
[18:02:48.291]: (-2.3, 1.4, -0.5) 7
