[12:49:37.156]: (-0.8, 1.8, 1.8) 4
[12:49:37.180]: (-0.8, 1.8, 1.8) 0
[12:49:37.201]: (-0.8, 1.8, 1.8) 0
[12:49:37.223]: (-0.8, 1.9, 1.7) 3
[12:49:37.245]: (-0.8, 1.8, 1.8) 3
[12:49:37.884]: (-0.3, 2.0, 2.5) 9
[12:49:37.906]: (-0.3, 2.0, 2.5) 9
[12:49:37.929]: (-0.3, 2.0, 2.5) 9
[12:49:37.973]: (-0.3, 2.0, 2.5) 9
[12:49:37.996]: (-0.3, 2.0, 2.5) 9
[12:49:38.179]: (-0.3, 2.0, 2.5) 9
[12:49:38.197]: (-0.3, 2.0, 2.5) 9
[12:49:38.806]: (0.1, 2.1, 1.6) 3
[12:49:39.018]: (0.2, 2.5, 2.1) 9
[12:49:39.052]: (0.2, 2.5, 2.1) 9
[12:49:39.519]: (0.1, 2.5, 1.9) 5
[12:49:39.620]: (0.1, 2.5, 1.9) 7
[12:49:40.175]: (-0.1, 2.5, 1.6) 9
[12:49:40.198]: (0.0, 2.4, 1.6) 7
[12:49:40.221]: (0.0, 2.4, 1.6) 7
[12:49:40.242]: (0.0, 2.4, 1.6) 7
[12:49:40.264]: (0.0, 2.4, 1.6) 7
[12:49:40.288]: (0.0, 2.4, 1.6) 7
[12:49:40.310]: (0.0, 2.4, 1.6) 7
[12:49:40.332]: (0.0, 2.4, 1.6) 7
[12:49:40.356]: (0.0, 2.4, 1.6) 7
[12:49:40.662]: (-0.3, 2.1, 1.1) 2
[12:49:40.684]: (-0.3, 2.1, 1.1) 4
[12:49:40.705]: (-0.3, 2.1, 1.1) 4
[12:49:40.728]: (-0.3, 2.1, 1.1) 4
[12:49:40.750]: (-0.3, 2.1, 1.1) 4
[12:49:40.772]: (-0.3, 2.1, 1.1) 4
[12:49:40.794]: (-0.3, 2.1, 1.1) 0
[12:49:40.816]: (-0.3, 2.1, 1.1) 0
[12:49:40.840]: (-0.3, 2.1, 1.1) 0
[12:49:40.861]: (-0.3, 2.1, 1.1) 4
[12:49:40.885]: (-0.2, 2.1, 1.1) 0
[12:49:40.908]: (-0.2, 2.1, 1.1) 4
[12:49:40.928]: (-0.2, 2.1, 1.1) 4
[12:49:40.949]: (-0.2, 2.1, 1.1) 4
[12:49:40.972]: (-0.2, 2.1, 1.1) 4
[12:49:40.996]: (-0.2, 2.1, 1.1) 4
[12:49:41.017]: (-0.2, 2.1, 1.1) 4
[12:49:41.038]: (-0.2, 2.1, 1.1) 4
[12:49:41.141]: (-0.3, 2.1, 1.1) 4
[12:49:41.185]: (-0.3, 2.1, 1.1) 4
[12:49:41.207]: (-0.3, 2.1, 1.1) 4
[12:49:41.521]: (-0.1, 2.1, 1.0) 1
[12:49:41.861]: (0.3, 2.5, 1.5) 7
[12:49:41.882]: (0.3, 2.5, 1.5) 7
[12:49:41.927]: (0.3, 2.5, 1.5) 7
[12:49:41.950]: (0.3, 2.5, 1.5) 7
[12:49:41.971]: (0.3, 2.5, 1.5) 7
[12:49:41.995]: (0.3, 2.5, 1.5) 7
[12:49:42.493]: (0.3, 2.5, 1.4) 7
[12:49:42.528]: (0.3, 2.5, 1.5) 7
[12:49:42.549]: (0.3, 2.5, 1.5) 7
[12:49:42.660]: (0.3, 2.5, 1.5) 7
[12:49:42.883]: (0.1, 2.1, 0.9) 1
[12:49:43.130]: (0.1, 2.0, 0.8) 0
[12:49:43.151]: (0.1, 1.9, 0.9) 4
[12:49:43.172]: (0.0, 1.9, 0.9) 4
[12:49:43.192]: (0.1, 1.9, 0.9) 4
[12:49:43.213]: (0.1, 1.9, 0.9) 4
[12:49:43.254]: (0.1, 1.9, 0.9) 4
[12:49:43.277]: (0.1, 1.9, 0.9) 4
[12:49:43.298]: (0.1, 1.9, 0.9) 4
[12:49:43.319]: (0.1, 1.9, 0.9) 4
[12:49:43.340]: (0.1, 1.9, 0.9) 4
[12:49:43.361]: (0.1, 1.9, 0.9) 4
[12:49:43.514]: (0.1, 1.8, 0.9) 2
[12:49:43.535]: (0.1, 1.8, 0.9) 2
[12:49:43.576]: (0.1, 1.8, 0.9) 2
[12:49:43.599]: (0.1, 1.8, 0.9) 2
[12:49:43.623]: (0.1, 1.8, 0.8) 2
[12:49:43.645]: (0.1, 1.8, 0.8) 2
[12:49:43.665]: (0.1, 1.8, 0.9) 2
[12:49:43.688]: (0.1, 1.8, 0.8) 2
[12:49:43.709]: (0.1, 1.9, 0.9) 2
[12:49:43.733]: (0.1, 1.9, 0.9) 2
[12:49:43.755]: (0.1, 1.9, 0.9) 2
[12:49:43.778]: (0.1, 1.8, 0.8) 2
[12:49:43.798]: (0.1, 1.9, 0.8) 2
[12:49:43.841]: (0.1, 1.9, 0.8) 2
[12:49:43.864]: (0.1, 1.9, 0.8) 2
[12:49:43.886]: (0.1, 1.9, 0.8) 2
[12:49:43.927]: (0.1, 1.9, 0.8) 2
[12:49:43.949]: (0.1, 1.9, 0.8) 2
[12:49:43.971]: (0.1, 1.9, 0.8) 2
[12:49:43.994]: (0.1, 1.9, 0.8) 2
[12:49:44.015]: (0.1, 1.9, 0.8) 2
[12:49:44.036]: (0.1, 1.9, 0.8) 2
[12:49:44.058]: (0.1, 1.9, 0.7) 2
[12:49:44.079]: (0.1, 1.9, 0.7) 2
[12:49:44.099]: (0.1, 1.9, 0.7) 2
[12:49:44.121]: (0.1, 1.9, 0.7) 2
[12:49:44.143]: (0.1, 1.9, 0.7) 2
[12:49:44.164]: (0.1, 1.9, 0.7) 2
[12:49:44.186]: (0.1, 1.9, 0.7) 2
[12:49:44.207]: (0.1, 1.9, 0.7) 2
[12:49:44.226]: (0.1, 1.9, 0.7) 2
[12:49:44.249]: (0.1, 1.9, 0.7) 2
[12:49:44.272]: (0.1, 1.9, 0.7) 2
[12:49:44.295]: (0.1, 1.9, 0.7) 2
[12:49:44.316]: (0.1, 1.9, 0.7) 2
[12:49:44.339]: (0.1, 1.9, 0.7) 2
[12:49:44.358]: (0.1, 1.9, 0.7) 2
[12:49:44.379]: (0.1, 1.9, 0.7) 2
[12:49:44.401]: (0.1, 1.9, 0.7) 2
[12:49:44.422]: (0.1, 1.9, 0.7) 2
[12:49:44.442]: (0.1, 1.9, 0.7) 2
[12:49:44.463]: (0.1, 1.9, 0.7) 2
[12:49:44.483]: (0.1, 1.9, 0.7) 2
[12:49:44.505]: (0.1, 1.9, 0.8) 2
[12:49:44.524]: (0.1, 1.9, 0.8) 2
[12:49:44.546]: (0.1, 1.9, 0.8) 2
[12:49:44.568]: (0.1, 1.9, 0.8) 2
[12:49:44.589]: (0.1, 1.9, 0.8) 2
[12:49:44.609]: (0.1, 1.9, 0.8) 2
[12:49:44.631]: (0.1, 1.9, 0.8) 2
[12:49:44.652]: (0.1, 1.9, 0.8) 2
[12:49:44.674]: (0.1, 1.9, 0.8) 2
[12:49:44.696]: (0.1, 1.9, 0.8) 2
[12:49:44.719]: (0.1, 1.9, 0.8) 2
[12:49:44.740]: (0.1, 1.9, 0.8) 2
[12:49:44.764]: (0.1, 1.9, 0.8) 2
[12:49:44.785]: (0.1, 1.9, 0.8) 2
[12:49:45.315]: (0.5, 2.1, 1.2) 7
[12:49:45.350]: (0.5, 2.1, 1.2) 7
[12:49:45.382]: (0.5, 2.1, 1.2) 7
[12:49:45.415]: (0.5, 2.1, 1.2) 7
[12:49:45.860]: (0.4, 2.1, 1.2) 7
[12:49:46.531]: (0.3, 2.2, 1.2) 7
[12:49:46.553]: (0.3, 2.2, 1.2) 7
[12:49:46.575]: (0.3, 2.2, 1.2) 7
[12:49:46.597]: (0.3, 2.2, 1.2) 7
[12:49:46.620]: (0.3, 2.2, 1.2) 7
[12:49:46.641]: (0.3, 2.2, 1.2) 7
[12:49:46.729]: (0.4, 2.2, 1.1) 7
[12:49:46.751]: (0.4, 2.2, 1.1) 7
[12:49:46.774]: (0.4, 2.2, 1.1) 7
[12:49:46.796]: (0.4, 2.2, 1.1) 7
[12:49:46.818]: (0.4, 2.2, 1.2) 7
[12:49:46.841]: (0.4, 2.2, 1.2) 7
[12:49:47.128]: (0.0, 1.8, 0.8) 4
[12:49:47.145]: (0.0, 1.8, 0.8) 4
[12:49:47.161]: (0.0, 1.8, 0.8) 4
[12:49:47.177]: (0.0, 1.8, 0.8) 4
[12:49:47.194]: (0.0, 1.8, 0.8) 4
[12:49:47.210]: (0.0, 1.8, 0.8) 4
[12:49:47.226]: (0.0, 1.8, 0.8) 4
[12:49:47.244]: (0.0, 1.8, 0.8) 4
[12:49:47.263]: (0.0, 1.8, 0.8) 4
[12:49:47.283]: (0.0, 1.8, 0.8) 4
[12:49:47.300]: (0.0, 1.8, 0.8) 4
[12:49:47.317]: (0.0, 1.8, 0.8) 4
[12:49:47.333]: (0.0, 1.8, 0.8) 4
[12:49:47.350]: (0.0, 1.8, 0.8) 4
[12:49:47.368]: (0.0, 1.8, 0.8) 4
[12:49:47.385]: (0.0, 1.8, 0.8) 4
[12:49:47.401]: (0.0, 1.8, 0.8) 4
[12:49:47.418]: (0.0, 1.8, 0.8) 4
[12:49:47.436]: (0.0, 1.8, 0.8) 4
[12:49:47.457]: (0.0, 1.8, 0.8) 4
[12:49:47.480]: (-0.1, 1.8, 0.8) 4
[12:49:47.503]: (-0.1, 1.8, 0.8) 4
[12:49:47.525]: (-0.1, 1.9, 0.8) 4
[12:49:47.547]: (-0.1, 1.8, 0.8) 4
[12:49:47.571]: (-0.1, 1.8, 0.8) 4
[12:49:47.591]: (-0.1, 1.8, 0.8) 4
[12:49:47.615]: (-0.1, 1.8, 0.8) 4
[12:49:47.636]: (-0.1, 1.8, 0.8) 4
[12:49:47.658]: (-0.1, 1.8, 0.8) 4
[12:49:47.681]: (-0.1, 1.8, 0.8) 4
[12:49:47.703]: (-0.1, 1.8, 0.8) 4
[12:49:47.725]: (-0.1, 1.8, 0.8) 4
[12:49:47.747]: (-0.1, 1.8, 0.8) 4
[12:49:47.769]: (-0.1, 1.9, 0.8) 4
[12:49:47.791]: (-0.1, 1.8, 0.8) 4
[12:49:48.000]: (0.0, 1.8, 0.8) 4
[12:49:48.022]: (0.0, 1.8, 0.8) 4
[12:49:48.044]: (0.0, 1.8, 0.8) 4
[12:49:48.066]: (0.0, 1.8, 0.8) 4
[12:49:48.089]: (0.0, 1.8, 0.8) 4
[12:49:48.869]: (0.4, 2.1, 0.9) 7
[12:49:48.892]: (0.4, 2.1, 0.9) 7
[12:49:48.911]: (0.4, 2.1, 0.9) 7
[12:49:48.931]: (0.4, 2.1, 0.9) 7
[12:49:48.952]: (0.4, 2.1, 0.9) 7
[12:49:48.974]: (0.4, 2.1, 0.9) 7
[12:49:48.996]: (0.4, 2.1, 0.9) 7
[12:49:49.017]: (0.4, 2.1, 0.9) 7
[12:49:49.038]: (0.4, 2.1, 0.9) 7
[12:49:49.058]: (0.4, 2.1, 0.9) 7
[12:49:49.079]: (0.4, 2.1, 0.9) 7
[12:49:49.101]: (0.4, 2.1, 0.9) 7
[12:49:49.238]: (-0.1, 1.6, 0.7) 2
[12:49:49.255]: (-0.1, 1.6, 0.7) 2
[12:49:49.270]: (-0.1, 1.6, 0.7) 2
[12:49:49.285]: (-0.1, 1.6, 0.7) 2
[12:49:49.316]: (-0.1, 1.6, 0.7) 2
[12:49:49.335]: (-0.1, 1.6, 0.7) 2
[12:49:49.355]: (-0.1, 1.6, 0.7) 2
[12:49:49.371]: (-0.1, 1.6, 0.7) 2
[12:49:49.388]: (-0.1, 1.6, 0.7) 2
[12:49:49.403]: (-0.1, 1.6, 0.8) 2
[12:49:49.424]: (-0.1, 1.6, 0.8) 2
[12:49:49.491]: (-0.1, 1.6, 0.8) 2
[12:49:49.557]: (-0.1, 1.6, 0.8) 2
[12:49:49.579]: (-0.1, 1.6, 0.8) 2
[12:49:49.942]: (-0.1, 1.6, 0.8) 2
[12:49:49.958]: (-0.1, 1.6, 0.8) 2
[12:49:49.975]: (-0.1, 1.6, 0.7) 2
[12:49:50.007]: (-0.1, 1.6, 0.7) 2
[12:49:50.023]: (-0.1, 1.6, 0.8) 2
[12:49:50.052]: (-0.1, 1.6, 0.8) 2
[12:49:50.069]: (-0.1, 1.6, 0.8) 2
[12:49:50.132]: (-0.1, 1.6, 0.8) 2
[12:49:50.181]: (-0.1, 1.6, 0.7) 2
[12:49:50.198]: (-0.1, 1.6, 0.8) 2
[12:49:50.215]: (-0.1, 1.6, 0.8) 2
[12:49:50.231]: (-0.1, 1.6, 0.8) 2
[12:49:50.249]: (-0.1, 1.6, 0.8) 2
[12:49:50.266]: (-0.1, 1.6, 0.8) 2
[12:49:50.283]: (-0.1, 1.6, 0.8) 2
[12:49:50.300]: (-0.1, 1.6, 0.8) 2
[12:49:50.317]: (-0.1, 1.6, 0.8) 2
[12:49:50.333]: (-0.1, 1.6, 0.8) 2
[12:49:50.439]: (0.4, 2.1, 0.9) 7
[12:49:50.455]: (0.4, 2.1, 0.9) 7
[12:49:50.473]: (0.4, 2.1, 0.9) 7
[12:49:50.490]: (0.4, 2.1, 0.8) 7
[12:49:50.547]: (0.4, 2.1, 0.9) 7
[12:49:50.779]: (0.4, 2.1, 0.8) 7
[12:49:50.814]: (0.5, 2.1, 0.8) 7
[12:49:50.846]: (0.4, 2.1, 0.8) 7
[12:49:50.879]: (0.5, 2.1, 0.8) 7
[12:49:50.946]: (0.4, 2.1, 0.8) 7
[12:49:50.980]: (0.4, 2.1, 0.8) 7
[12:49:51.014]: (0.5, 2.1, 0.8) 7
[12:49:51.081]: (0.5, 2.1, 0.8) 7
[12:49:51.112]: (0.4, 2.1, 0.8) 7
[12:49:51.147]: (0.4, 2.1, 0.8) 7
[12:49:51.179]: (0.4, 2.1, 0.8) 7
[12:49:51.215]: (0.4, 2.0, 0.8) 7
[12:49:51.583]: (0.5, 2.1, 0.8) 7
[12:49:51.601]: (0.5, 2.0, 0.8) 7
[12:49:51.622]: (0.5, 2.1, 0.8) 7
[12:49:51.646]: (0.5, 2.1, 0.8) 7
[12:49:51.667]: (0.5, 2.1, 0.8) 7
[12:49:51.689]: (0.5, 2.1, 0.8) 7
[12:49:51.713]: (0.5, 2.1, 0.8) 7
[12:49:51.734]: (0.5, 2.1, 0.8) 7
[12:49:51.757]: (0.5, 2.1, 0.8) 7
[12:49:51.779]: (0.5, 2.1, 0.8) 7
[12:49:51.801]: (0.5, 2.1, 0.8) 7
[12:49:51.823]: (0.5, 2.1, 0.8) 7
[12:49:51.846]: (0.5, 2.1, 0.8) 7
[12:49:51.868]: (0.5, 2.1, 0.8) 7
[12:49:51.890]: (0.5, 2.1, 0.8) 7
[12:49:51.912]: (0.5, 2.1, 0.8) 7
[12:49:51.935]: (0.5, 2.1, 0.8) 7
[12:49:51.956]: (0.5, 2.1, 0.8) 7
[12:49:51.979]: (0.5, 2.1, 0.8) 7
[12:49:52.003]: (0.5, 2.1, 0.8) 7
[12:49:52.027]: (0.5, 2.1, 0.8) 7
[12:49:52.050]: (0.5, 2.1, 0.8) 7
[12:49:52.072]: (0.5, 2.1, 0.8) 7
[12:49:52.094]: (0.5, 2.1, 0.8) 7
[12:49:52.116]: (0.5, 2.1, 0.8) 7
[12:49:52.138]: (0.5, 2.1, 0.8) 7
[12:49:52.161]: (0.4, 2.1, 0.8) 7
[12:49:52.184]: (0.5, 2.1, 0.8) 7
[12:49:52.271]: (0.4, 2.1, 0.9) 7
[12:49:52.384]: (0.4, 2.1, 0.9) 7
[12:49:52.405]: (0.4, 2.1, 0.9) 7
[12:49:52.427]: (0.4, 2.1, 0.9) 7
[12:49:52.449]: (0.4, 2.1, 0.9) 7
[12:49:52.471]: (0.4, 2.1, 0.9) 7
[12:49:52.495]: (0.4, 2.1, 0.9) 7
[12:49:52.511]: (0.4, 2.1, 0.9) 7
[12:49:52.528]: (0.4, 2.1, 0.9) 7
[12:49:52.754]: (0.4, 2.0, 0.9) 7
[12:49:52.770]: (0.4, 2.0, 0.9) 7
[12:49:52.787]: (0.4, 2.1, 0.9) 7
[12:49:52.804]: (0.4, 2.1, 0.9) 7
[12:49:52.820]: (0.4, 2.1, 0.9) 7
[12:49:52.837]: (0.4, 2.1, 0.8) 7
[12:49:52.855]: (0.4, 2.1, 0.8) 7
[12:49:52.872]: (0.4, 2.1, 0.8) 7
[12:49:52.889]: (0.4, 2.1, 0.8) 7
[12:49:52.913]: (0.4, 2.1, 0.9) 7
[12:49:52.934]: (0.4, 2.1, 0.9) 7
[12:49:52.957]: (0.4, 2.1, 0.9) 7
[12:49:52.979]: (0.4, 2.1, 0.9) 7
[12:49:53.000]: (0.4, 2.1, 0.9) 7
[12:49:53.654]: (0.4, 2.1, 0.8) 7
[12:49:53.670]: (0.5, 2.1, 0.8) 7
[12:49:53.686]: (0.5, 2.1, 0.8) 7
[12:49:53.703]: (0.4, 2.1, 0.8) 7
[12:49:53.721]: (0.5, 2.1, 0.8) 7
[12:49:53.737]: (0.5, 2.1, 0.8) 7
[12:49:53.755]: (0.5, 2.1, 0.8) 7
[12:49:53.778]: (0.5, 2.1, 0.8) 7
[12:49:53.800]: (0.4, 2.1, 0.8) 7
[12:49:53.822]: (0.5, 2.1, 0.8) 7
[12:49:53.845]: (0.4, 2.1, 0.8) 7
[12:49:53.866]: (0.4, 2.1, 0.8) 7
[12:49:53.890]: (0.4, 2.1, 0.8) 7
[12:49:53.911]: (0.4, 2.1, 0.8) 7
[12:49:53.933]: (0.4, 2.1, 0.8) 7
[12:49:53.956]: (0.4, 2.1, 0.8) 7
[12:49:53.977]: (0.5, 2.1, 0.8) 7
[12:49:54.000]: (0.4, 2.1, 0.8) 7
[12:49:54.021]: (0.5, 2.1, 0.8) 7
[12:49:54.045]: (0.5, 2.1, 0.8) 7
[12:49:54.067]: (0.5, 2.1, 0.8) 7
[12:49:54.089]: (0.5, 2.1, 0.8) 7
[12:49:54.111]: (0.5, 2.1, 0.8) 7
[12:49:54.133]: (0.5, 2.1, 0.8) 7
[12:49:54.155]: (0.5, 2.1, 0.8) 7
[12:49:54.177]: (0.5, 2.1, 0.8) 7
[12:49:54.911]: (0.4, 2.1, 0.8) 7
[12:49:54.933]: (0.4, 2.1, 0.8) 7
[12:49:54.956]: (0.4, 2.1, 0.8) 7
[12:49:54.978]: (0.4, 2.1, 0.8) 7
[12:49:54.999]: (0.4, 2.1, 0.8) 7
[12:49:55.022]: (0.4, 2.1, 0.8) 7
[12:49:55.043]: (0.4, 2.1, 0.8) 7
[12:49:55.059]: (0.4, 2.1, 0.8) 7
[12:49:55.075]: (0.4, 2.1, 0.8) 7
[12:49:55.092]: (0.4, 2.1, 0.8) 7
[12:49:55.108]: (0.4, 2.1, 0.8) 7
[12:49:55.125]: (0.4, 2.1, 0.8) 7
[12:49:55.141]: (0.4, 2.1, 0.8) 7
[12:49:55.157]: (0.4, 2.1, 0.8) 7
[12:49:55.174]: (0.4, 2.1, 0.8) 7
[12:49:55.191]: (0.4, 2.1, 0.8) 7
[12:49:55.208]: (0.4, 2.1, 0.8) 7
[12:49:55.225]: (0.4, 2.1, 0.8) 7
[12:49:55.240]: (0.4, 2.1, 0.8) 7
[12:49:55.257]: (0.4, 2.1, 0.8) 7
[12:49:55.275]: (0.4, 2.1, 0.8) 7
[12:49:55.292]: (0.4, 2.1, 0.8) 7
[12:49:55.309]: (0.4, 2.1, 0.8) 7
[12:49:55.328]: (0.4, 2.1, 0.8) 7
[12:49:55.347]: (0.4, 2.1, 0.8) 7
[12:49:55.364]: (0.4, 2.1, 0.8) 7
[12:49:55.382]: (0.4, 2.1, 0.8) 7
[12:49:55.401]: (0.4, 2.1, 0.8) 7
[12:49:55.419]: (0.4, 2.1, 0.8) 7
[12:49:55.436]: (0.4, 2.1, 0.8) 7
[12:49:55.452]: (0.4, 2.1, 0.8) 7
[12:49:55.470]: (0.4, 2.1, 0.8) 7
[12:49:55.488]: (0.4, 2.1, 0.8) 7
[12:49:55.505]: (0.4, 2.1, 0.8) 7
[12:49:55.523]: (0.5, 2.1, 0.8) 7
[12:49:55.545]: (0.5, 2.1, 0.8) 7
[12:49:55.567]: (0.5, 2.1, 0.8) 7
[12:49:55.588]: (0.4, 2.1, 0.8) 7
[12:49:55.613]: (0.4, 2.1, 0.8) 7
[12:49:55.981]: (0.4, 2.1, 0.8) 7
[12:49:55.999]: (0.5, 2.1, 0.8) 7
[12:49:56.017]: (0.5, 2.1, 0.8) 7
[12:49:56.035]: (0.5, 2.1, 0.8) 7
[12:49:56.053]: (0.5, 2.1, 0.8) 7
[12:49:56.071]: (0.5, 2.1, 0.8) 7
[12:49:56.089]: (0.5, 2.1, 0.8) 7
[12:49:56.106]: (0.5, 2.1, 0.8) 7
[12:49:56.123]: (0.5, 2.1, 0.8) 7
[12:49:56.141]: (0.5, 2.1, 0.8) 7
[12:49:56.159]: (0.5, 2.1, 0.8) 7
[12:49:56.177]: (0.5, 2.1, 0.8) 7
[12:49:56.194]: (0.5, 2.1, 0.8) 7
[12:49:56.212]: (0.5, 2.1, 0.8) 7
[12:49:56.228]: (0.5, 2.1, 0.8) 7
[12:49:56.247]: (0.5, 2.1, 0.8) 7
[12:49:56.264]: (0.5, 2.1, 0.8) 7
[12:49:56.283]: (0.5, 2.1, 0.8) 7
[12:49:56.302]: (0.5, 2.1, 0.8) 7
[12:49:56.318]: (0.5, 2.1, 0.8) 7
[12:49:56.337]: (0.5, 2.1, 0.8) 7
[12:49:56.353]: (0.5, 2.1, 0.8) 7
[12:49:56.371]: (0.5, 2.1, 0.8) 7
[12:49:56.388]: (0.5, 2.1, 0.8) 7
[12:49:56.405]: (0.5, 2.1, 0.8) 7
[12:49:56.421]: (0.5, 2.1, 0.8) 7
[12:49:56.446]: (0.5, 2.1, 0.8) 7
[12:49:56.468]: (0.5, 2.1, 0.8) 7
[12:49:56.490]: (0.5, 2.1, 0.8) 7
[12:49:56.512]: (0.5, 2.1, 0.8) 7
[12:49:56.532]: (0.5, 2.1, 0.8) 7
[12:49:56.555]: (0.5, 2.1, 0.8) 7
[12:49:57.001]: (0.5, 2.0, 0.8) 7
[12:49:57.016]: (0.5, 2.0, 0.8) 7
[12:49:57.034]: (0.5, 2.0, 0.8) 7
[12:49:57.049]: (0.5, 2.0, 0.8) 7
[12:49:57.065]: (0.5, 2.0, 0.8) 7
[12:49:57.082]: (0.5, 2.0, 0.8) 7
[12:49:57.099]: (0.5, 2.0, 0.8) 7
[12:49:57.115]: (0.5, 2.0, 0.8) 7
[12:49:57.133]: (0.5, 2.0, 0.8) 7
[12:49:57.148]: (0.5, 2.0, 0.8) 7
[12:49:57.165]: (0.5, 2.0, 0.8) 7
[12:49:57.182]: (0.5, 2.0, 0.8) 7
[12:49:57.198]: (0.5, 2.0, 0.8) 7
[12:49:57.216]: (0.5, 2.0, 0.8) 7
[12:49:57.234]: (0.5, 2.0, 0.8) 7
[12:49:57.251]: (0.5, 2.0, 0.8) 7
[12:49:57.273]: (0.5, 2.0, 0.8) 7
[12:49:57.289]: (0.5, 2.0, 0.8) 7
[12:49:57.305]: (0.5, 2.0, 0.8) 7
[12:49:57.321]: (0.5, 2.1, 0.8) 7
[12:49:57.862]: (0.5, 2.1, 0.8) 7
[12:49:57.879]: (0.5, 2.1, 0.8) 7
[12:49:58.133]: (0.5, 2.0, 0.8) 7
[12:49:58.256]: (0.4, 2.0, 0.8) 7
[12:49:58.320]: (0.5, 2.0, 0.8) 7
[12:49:58.344]: (0.5, 2.0, 0.8) 7
[12:49:58.366]: (0.5, 2.0, 0.9) 7
[12:49:58.387]: (0.4, 2.0, 0.9) 7
[12:49:58.409]: (0.4, 2.0, 0.9) 7
[12:49:58.432]: (0.4, 2.0, 0.9) 7
[12:49:58.453]: (0.4, 2.0, 0.9) 7
[12:49:58.477]: (0.4, 2.0, 0.9) 7
[12:49:58.500]: (0.4, 2.0, 0.9) 7
[12:49:58.519]: (0.4, 2.0, 0.9) 7
[12:49:58.543]: (0.4, 2.0, 0.9) 7
[12:49:58.566]: (0.4, 2.1, 0.8) 7
[12:49:59.590]: (0.4, 2.1, 0.8) 7
[12:49:59.897]: (0.5, 2.1, 0.8) 7
[12:49:59.914]: (0.5, 2.1, 0.8) 7
[12:49:59.932]: (0.5, 2.1, 0.8) 7
[12:49:59.949]: (0.5, 2.1, 0.8) 7
[12:49:59.964]: (0.5, 2.1, 0.8) 7
[12:49:59.988]: (0.5, 2.1, 0.8) 7
[12:50:00.210]: (0.5, 2.1, 0.8) 7
[12:50:00.253]: (0.4, 2.1, 0.8) 7
[12:50:00.442]: (0.0, 1.7, 0.6) 0
[12:50:00.458]: (0.0, 1.7, 0.6) 0
[12:50:01.042]: (0.0, 1.7, 0.8) 2
[12:50:01.065]: (0.0, 1.7, 0.8) 2
[12:50:01.086]: (0.0, 1.7, 0.8) 2
[12:50:01.108]: (0.0, 1.7, 0.8) 2
[12:50:01.130]: (0.0, 1.7, 0.8) 2
[12:50:01.153]: (0.0, 1.7, 0.8) 2
[12:50:01.197]: (0.0, 1.7, 0.8) 2
[12:50:01.219]: (0.0, 1.7, 0.8) 2
[12:50:01.237]: (0.0, 1.7, 0.8) 2
[12:50:01.255]: (0.0, 1.7, 0.8) 2
[12:50:01.272]: (0.0, 1.6, 0.8) 2
[12:50:01.288]: (0.0, 1.6, 0.8) 2
[12:50:01.381]: (0.5, 2.0, 0.9) 7
[12:50:01.413]: (0.4, 2.0, 0.9) 7
[12:50:01.445]: (0.4, 2.0, 0.9) 7
[12:50:01.460]: (0.4, 2.0, 0.9) 7
[12:50:01.476]: (0.4, 2.0, 0.9) 7
[12:50:01.493]: (0.4, 2.0, 0.9) 7
[12:50:01.509]: (0.4, 2.0, 0.9) 7
[12:50:01.525]: (0.4, 2.0, 0.9) 7
[12:50:01.541]: (0.4, 2.0, 0.9) 7
[12:50:01.557]: (0.4, 2.0, 0.9) 7
[12:50:01.574]: (0.4, 2.1, 0.9) 7
[12:50:01.591]: (0.4, 2.0, 0.9) 7
[12:50:01.608]: (0.4, 2.0, 0.9) 7
[12:50:01.625]: (0.4, 2.0, 0.8) 7
[12:50:01.641]: (0.4, 2.0, 0.9) 7
[12:50:01.664]: (0.4, 2.0, 0.9) 7
[12:50:01.685]: (0.4, 2.0, 0.9) 7
[12:50:01.707]: (0.4, 2.0, 0.9) 7
[12:50:01.730]: (0.4, 2.0, 0.8) 7
[12:50:01.753]: (0.4, 2.0, 0.8) 7
[12:50:01.774]: (0.4, 2.0, 0.9) 7
[12:50:01.798]: (0.4, 2.0, 0.9) 7
[12:50:03.205]: (0.5, 2.1, 0.8) 7
[12:50:03.220]: (0.5, 2.1, 0.8) 7
[12:50:03.237]: (0.5, 2.1, 0.8) 7
[12:50:03.254]: (0.5, 2.1, 0.8) 7
[12:50:03.272]: (0.5, 2.1, 0.8) 7
[12:50:03.289]: (0.5, 2.1, 0.8) 7
[12:50:03.306]: (0.5, 2.1, 0.8) 7
[12:50:03.325]: (0.5, 2.1, 0.8) 7
[12:50:03.341]: (0.5, 2.1, 0.8) 7
[12:50:03.357]: (0.5, 2.1, 0.8) 7
[12:50:03.373]: (0.5, 2.1, 0.8) 7
[12:50:03.397]: (0.5, 2.1, 0.8) 7
[12:50:03.418]: (0.5, 2.1, 0.8) 7
[12:50:03.441]: (0.5, 2.1, 0.8) 7
[12:50:03.463]: (0.5, 2.1, 0.8) 7
[12:50:03.485]: (0.5, 2.1, 0.8) 7
[12:50:03.507]: (0.5, 2.1, 0.8) 7
[12:50:03.529]: (0.5, 2.1, 0.8) 7
[12:50:04.307]: (0.4, 2.1, 0.9) 7
[12:50:04.329]: (0.4, 2.1, 0.9) 7
[12:50:04.351]: (0.4, 2.1, 0.9) 7
[12:50:04.374]: (0.4, 2.1, 0.9) 7
[12:50:04.396]: (0.4, 2.1, 0.9) 7
[12:50:04.418]: (0.4, 2.1, 0.9) 7
[12:50:04.440]: (0.4, 2.1, 0.9) 7
[12:50:04.462]: (0.4, 2.1, 0.9) 7
[12:50:04.486]: (0.4, 2.1, 0.9) 7
[12:50:04.508]: (0.4, 2.1, 0.9) 7
[12:50:04.529]: (0.4, 2.1, 0.9) 7
[12:50:04.551]: (0.4, 2.1, 0.9) 7
[12:50:04.573]: (0.4, 2.1, 0.9) 7
[12:50:04.596]: (0.4, 2.1, 0.9) 7
[12:50:05.206]: (0.5, 2.1, 0.8) 7
[12:50:05.229]: (0.5, 2.1, 0.8) 7
[12:50:05.251]: (0.5, 2.1, 0.8) 7
[12:50:05.273]: (0.5, 2.1, 0.8) 7
[12:50:05.295]: (0.5, 2.1, 0.8) 7
[12:50:05.317]: (0.5, 2.1, 0.8) 7
[12:50:05.339]: (0.5, 2.1, 0.8) 7
[12:50:05.362]: (0.5, 2.1, 0.8) 7
[12:50:05.384]: (0.5, 2.1, 0.8) 7
[12:50:05.407]: (0.4, 2.1, 0.8) 7
[12:50:05.562]: (0.5, 2.1, 0.8) 7
[12:50:05.585]: (0.5, 2.1, 0.8) 7
[12:50:05.602]: (0.5, 2.1, 0.8) 7
[12:50:05.619]: (0.5, 2.1, 0.8) 7
[12:50:05.635]: (0.5, 2.1, 0.8) 7
[12:50:05.652]: (0.5, 2.1, 0.8) 7
[12:50:05.669]: (0.5, 2.1, 0.8) 7
[12:50:05.686]: (0.5, 2.1, 0.8) 7
[12:50:05.702]: (0.5, 2.1, 0.8) 7
[12:50:05.719]: (0.5, 2.1, 0.8) 7
[12:50:05.735]: (0.5, 2.1, 0.8) 7
[12:50:05.751]: (0.5, 2.1, 0.8) 7
[12:50:05.769]: (0.4, 2.1, 0.9) 7
[12:50:05.785]: (0.4, 2.1, 0.9) 7
[12:50:05.801]: (0.4, 2.1, 0.9) 7
[12:50:05.817]: (0.4, 2.1, 0.9) 7
[12:50:05.834]: (0.4, 2.1, 0.9) 7
[12:50:05.850]: (0.4, 2.1, 0.9) 7
[12:50:05.866]: (0.4, 2.1, 0.9) 7
[12:50:05.882]: (0.4, 2.1, 0.9) 7
[12:50:05.898]: (0.4, 2.1, 0.9) 7
[12:50:05.914]: (0.4, 2.1, 0.9) 7
[12:50:05.931]: (0.4, 2.1, 0.9) 7
[12:50:05.948]: (0.4, 2.1, 0.9) 7
[12:50:05.965]: (0.5, 2.1, 0.8) 7
[12:50:05.982]: (0.5, 2.1, 0.8) 7
[12:50:05.999]: (0.4, 2.1, 0.9) 7
[12:50:06.030]: (0.0, 1.7, 0.6) 0
[12:50:06.061]: (0.0, 1.7, 0.7) 4
[12:50:06.085]: (0.0, 1.7, 0.7) 4
[12:50:06.106]: (0.0, 1.7, 0.7) 4
[12:50:06.151]: (0.0, 1.7, 0.7) 4
[12:50:06.173]: (0.0, 1.7, 0.7) 4
[12:50:06.195]: (0.0, 1.7, 0.7) 4
[12:50:06.218]: (0.0, 1.7, 0.7) 4
[12:50:06.239]: (0.0, 1.7, 0.7) 4
[12:50:06.261]: (0.0, 1.7, 0.7) 4
[12:50:06.284]: (0.0, 1.7, 0.7) 4
[12:50:06.306]: (0.0, 1.7, 0.7) 4
[12:50:06.329]: (0.0, 1.7, 0.7) 4
[12:50:06.352]: (0.0, 1.7, 0.7) 4
[12:50:06.374]: (0.0, 1.7, 0.7) 4
[12:50:06.395]: (0.0, 1.6, 0.6) 3
[12:50:06.573]: (0.0, 1.7, 0.8) 2
[12:50:06.590]: (0.0, 1.7, 0.8) 2
[12:50:06.606]: (0.0, 1.6, 0.8) 2
[12:50:06.622]: (0.0, 1.7, 0.8) 2
[12:50:06.639]: (0.0, 1.7, 0.8) 2
[12:50:06.655]: (0.0, 1.7, 0.8) 2
[12:50:06.672]: (0.0, 1.7, 0.8) 2
[12:50:06.689]: (0.0, 1.7, 0.8) 2
[12:50:06.706]: (0.0, 1.7, 0.8) 2
[12:50:06.782]: (0.0, 1.7, 0.8) 2
[12:50:06.800]: (0.0, 1.7, 0.8) 2
[12:50:06.818]: (0.0, 1.7, 0.8) 2
[12:50:06.835]: (0.0, 1.7, 0.8) 2
[12:50:06.852]: (0.0, 1.6, 0.8) 2
[12:50:06.869]: (-0.1, 1.6, 0.8) 2
[12:50:06.886]: (0.0, 1.7, 0.8) 2
[12:50:06.902]: (0.0, 1.6, 0.8) 2
[12:50:06.919]: (0.0, 1.6, 0.8) 2
[12:50:06.936]: (0.0, 1.6, 0.8) 2
[12:50:06.953]: (0.0, 1.6, 0.8) 2
[12:50:06.970]: (0.0, 1.6, 0.8) 2
[12:50:06.989]: (0.0, 1.6, 0.8) 2
[12:50:07.007]: (0.0, 1.6, 0.8) 2
[12:50:07.028]: (0.0, 1.6, 0.8) 2
[12:50:07.050]: (0.0, 1.6, 0.8) 2
[12:50:07.072]: (0.0, 1.6, 0.8) 2
[12:50:07.095]: (0.0, 1.6, 0.8) 2
[12:50:07.117]: (0.0, 1.6, 0.8) 2
[12:50:07.139]: (0.0, 1.6, 0.8) 2
[12:50:07.161]: (0.0, 1.6, 0.8) 2
[12:50:07.184]: (0.0, 1.6, 0.8) 2
[12:50:07.205]: (0.0, 1.6, 0.8) 2
[12:50:07.229]: (0.0, 1.6, 0.8) 2
[12:50:07.250]: (0.0, 1.6, 0.8) 2
[12:50:07.272]: (0.0, 1.6, 0.8) 2
[12:50:07.295]: (0.0, 1.6, 0.8) 2
[12:50:07.316]: (0.0, 1.6, 0.8) 2
[12:50:07.339]: (0.0, 1.6, 0.8) 2
[12:50:07.826]: (0.4, 2.1, 0.8) 7
[12:50:07.843]: (0.5, 2.1, 0.8) 7
[12:50:07.877]: (0.5, 2.1, 0.8) 7
[12:50:07.894]: (0.5, 2.1, 0.8) 7
[12:50:07.917]: (0.5, 2.1, 0.8) 7
[12:50:07.939]: (0.5, 2.1, 0.8) 7
[12:50:07.961]: (0.5, 2.1, 0.8) 7
[12:50:07.984]: (0.5, 2.1, 0.8) 7
[12:50:08.005]: (0.5, 2.1, 0.8) 7
[12:50:08.028]: (0.5, 2.1, 0.8) 7
[12:50:08.050]: (0.5, 2.1, 0.8) 7
[12:50:08.073]: (0.5, 2.1, 0.8) 7
[12:50:08.095]: (0.5, 2.1, 0.8) 7
[12:50:08.116]: (0.5, 2.1, 0.8) 7
[12:50:08.138]: (0.5, 2.1, 0.8) 7
[12:50:08.162]: (0.5, 2.1, 0.8) 7
[12:50:08.184]: (0.5, 2.1, 0.8) 7
[12:50:08.205]: (0.5, 2.1, 0.8) 7
[12:50:08.227]: (0.5, 2.1, 0.8) 7
[12:50:08.250]: (0.5, 2.1, 0.8) 7
[12:50:08.273]: (0.5, 2.1, 0.8) 7
[12:50:08.294]: (0.5, 2.1, 0.8) 7
[12:50:08.317]: (0.5, 2.1, 0.8) 7
[12:50:08.335]: (0.5, 2.1, 0.8) 7
[12:50:08.352]: (0.5, 2.1, 0.8) 7
[12:50:08.368]: (0.5, 2.1, 0.8) 7
[12:50:08.385]: (0.5, 2.1, 0.8) 7
[12:50:08.402]: (0.5, 2.1, 0.8) 7
[12:50:08.418]: (0.5, 2.1, 0.8) 7
[12:50:08.434]: (0.5, 2.1, 0.8) 7
[12:50:08.451]: (0.5, 2.1, 0.8) 7
[12:50:08.468]: (0.5, 2.1, 0.8) 7
[12:50:08.486]: (0.5, 2.1, 0.8) 7
[12:50:08.503]: (0.5, 2.1, 0.8) 7
[12:50:08.520]: (0.5, 2.1, 0.8) 7
[12:50:08.537]: (0.5, 2.1, 0.8) 7
[12:50:08.553]: (0.5, 2.1, 0.8) 7
[12:50:08.570]: (0.5, 2.1, 0.8) 7
[12:50:08.589]: (0.4, 2.0, 0.9) 7
