[12:38:33.947]: (-1.7, 1.6, 1.1) 9
[12:38:33.990]: (-1.5, 1.8, 1.2) 16
[12:38:34.014]: (-1.4, 1.8, 1.2) 10
[12:38:34.036]: (-1.4, 1.8, 1.3) 16
[12:38:34.061]: (-1.4, 1.8, 1.3) 16
[12:38:34.081]: (-1.9, 2.1, 1.9) 37
[12:38:34.104]: (-1.3, 1.8, 1.3) 10
[12:38:34.127]: (-1.3, 1.9, 1.3) 16
[12:38:34.149]: (-1.3, 1.9, 1.3) 16
[12:38:34.172]: (-1.3, 1.8, 1.3) 10
[12:38:34.194]: (-1.2, 1.8, 1.3) 10
[12:38:34.215]: (-1.2, 1.8, 1.4) 10
[12:38:34.237]: (-1.3, 1.9, 1.3) 16
[12:38:34.280]: (-1.4, 1.8, 1.5) 18
[12:38:34.302]: (-1.4, 1.8, 1.5) 18
[12:38:34.324]: (-1.4, 1.8, 1.5) 18
[12:38:34.349]: (-1.4, 1.9, 1.5) 18
[12:38:34.390]: (-1.3, 1.9, 1.5) 18
[12:38:34.412]: (-1.3, 1.9, 1.5) 18
[12:38:34.433]: (-1.2, 1.9, 1.3) 10
[12:38:34.455]: (-1.1, 1.9, 1.3) 10
[12:38:34.486]: (-1.2, 1.9, 1.3) 16
[12:38:34.520]: (-1.2, 2.0, 1.3) 16
[12:38:34.554]: (-1.2, 2.0, 1.3) 16
[12:38:34.652]: (-1.2, 1.9, 1.4) 13
[12:38:34.720]: (-1.2, 1.8, 1.3) 19
[12:38:34.753]: (-1.2, 1.9, 1.4) 13
[12:38:34.785]: (-1.2, 1.9, 1.4) 13
[12:38:34.818]: (-1.2, 1.9, 1.4) 13
[12:38:34.854]: (-1.2, 1.8, 1.5) 13
[12:38:34.886]: (-1.2, 1.8, 1.5) 13
[12:38:34.919]: (-1.2, 1.8, 1.5) 13
[12:38:34.987]: (-1.1, 1.8, 1.5) 13
[12:38:35.020]: (-1.2, 1.8, 1.6) 18
[12:38:35.230]: (-0.1, 2.3, 2.4) 6
[12:38:35.252]: (-0.1, 2.3, 2.4) 6
[12:38:35.273]: (0.0, 2.3, 2.4) 6
[12:38:35.296]: (-0.1, 2.3, 2.4) 6
[12:38:35.652]: (-0.1, 2.5, 2.3) 6
[12:38:36.101]: (0.0, 2.7, 2.1) 8
[12:38:37.759]: (-1.0, 2.2, 1.2) 13
[12:38:37.801]: (-0.8, 2.3, 1.2) 16
[12:38:37.827]: (-0.8, 2.2, 1.2) 10
[12:38:37.853]: (-1.0, 2.7, 1.7) 33
[12:38:37.870]: (-0.8, 2.3, 1.2) 16
[12:38:37.886]: (-0.8, 2.2, 1.2) 10
[12:38:37.903]: (-1.2, 3.0, 2.2) 38
[12:38:37.920]: (-0.8, 2.2, 1.2) 10
[12:38:37.940]: (-0.8, 2.2, 1.2) 10
[12:38:37.960]: (-0.8, 2.2, 1.2) 10
[12:38:37.977]: (-0.8, 2.2, 1.2) 10
[12:38:37.995]: (-0.8, 2.2, 1.2) 10
[12:38:38.012]: (-0.8, 2.2, 1.2) 10
[12:38:38.029]: (-0.8, 2.1, 1.2) 10
[12:38:38.150]: (-0.9, 2.3, 1.2) 16
[12:38:38.195]: (-1.0, 2.2, 1.2) 13
[12:38:38.216]: (-1.0, 2.2, 1.3) 13
[12:38:38.239]: (-1.0, 2.2, 1.2) 13
[12:38:38.262]: (-1.0, 2.2, 1.2) 13
[12:38:38.283]: (-1.0, 2.2, 1.2) 13
[12:38:38.306]: (-1.0, 2.2, 1.2) 13
[12:38:38.328]: (-1.0, 2.2, 1.2) 13
[12:38:38.350]: (-1.0, 2.2, 1.2) 13
[12:38:38.574]: (-1.0, 2.3, 1.2) 16
[12:38:38.595]: (-0.9, 2.3, 1.2) 16
[12:38:38.617]: (-0.9, 2.3, 1.2) 16
[12:38:38.638]: (-0.9, 2.3, 1.1) 16
[12:38:38.660]: (-0.9, 2.3, 1.1) 16
[12:38:38.680]: (-0.9, 2.3, 1.1) 16
[12:38:38.701]: (-1.2, 2.7, 1.7) 33
[12:38:38.723]: (-1.0, 2.2, 1.0) 10
[12:38:38.764]: (-1.7, 2.9, 1.8) 38
[12:38:38.807]: (-1.0, 2.2, 1.0) 10
[12:38:38.828]: (-0.9, 2.3, 0.9) 10
[12:38:38.850]: (-0.9, 2.3, 0.9) 10
[12:38:38.870]: (-0.9, 2.3, 0.9) 10
[12:38:38.892]: (-1.0, 2.4, 1.1) 17
[12:38:38.915]: (-1.0, 2.4, 1.1) 17
[12:38:38.955]: (-0.9, 2.5, 1.1) 17
[12:38:38.994]: (-1.1, 2.9, 1.3) 33
[12:38:39.037]: (-1.0, 3.2, 1.4) 32
[12:38:39.057]: (-1.0, 3.2, 1.3) 37
[12:38:39.083]: (-0.9, 3.2, 1.3) 37
[12:38:39.116]: (-0.8, 3.2, 1.3) 37
[12:38:39.151]: (-0.8, 3.3, 1.4) 32
[12:38:39.183]: (-0.8, 3.3, 1.4) 32
[12:38:39.218]: (-0.5, 2.6, 0.9) 18
[12:38:39.250]: (-0.5, 2.6, 0.9) 18
[12:38:39.285]: (-0.5, 2.5, 0.8) 13
[12:38:39.317]: (-0.5, 2.5, 0.8) 13
[12:38:39.385]: (-0.4, 2.5, 0.9) 13
[12:38:39.417]: (-0.4, 2.5, 0.9) 13
[12:38:39.450]: (-0.4, 2.5, 0.9) 13
[12:38:39.483]: (-0.4, 2.5, 0.9) 13
[12:38:39.585]: (-0.4, 2.3, 1.0) 10
[12:38:39.617]: (-0.4, 2.3, 1.0) 10
[12:38:39.650]: (-0.4, 2.3, 1.0) 10
[12:38:39.683]: (-0.4, 2.3, 1.0) 10
[12:38:39.718]: (-0.4, 2.3, 1.0) 10
[12:38:39.749]: (-0.5, 2.8, 1.6) 33
[12:38:39.784]: (-0.6, 3.2, 1.9) 38
[12:38:39.805]: (-0.7, 3.2, 1.9) 38
[12:38:39.828]: (-0.6, 2.8, 1.6) 33
[12:38:39.850]: (-0.4, 2.3, 1.0) 10
[12:38:39.873]: (-0.4, 2.3, 1.0) 10
[12:38:39.895]: (-0.4, 2.3, 1.0) 10
[12:38:39.916]: (-0.4, 2.3, 1.0) 10
[12:38:39.938]: (-0.4, 2.3, 1.0) 10
[12:38:39.961]: (-0.4, 2.3, 1.0) 10
[12:38:39.984]: (-0.4, 2.3, 1.0) 10
[12:38:40.008]: (-0.4, 2.3, 1.0) 10
[12:38:40.028]: (-0.4, 2.4, 1.0) 10
[12:38:40.050]: (-0.4, 2.5, 1.1) 17
[12:38:40.072]: (-0.5, 2.5, 1.1) 17
[12:38:40.095]: (-0.4, 2.5, 1.1) 17
[12:38:40.116]: (-0.4, 2.5, 1.1) 17
[12:38:40.697]: (0.1, 2.1, 0.9) 10
[12:38:40.718]: (0.1, 2.0, 0.9) 10
[12:38:40.741]: (0.1, 2.0, 0.9) 10
[12:38:40.764]: (0.1, 2.0, 0.9) 10
[12:38:40.785]: (0.1, 2.0, 0.9) 10
[12:38:40.809]: (0.1, 2.0, 0.9) 10
[12:38:40.830]: (0.1, 2.0, 0.9) 10
[12:38:40.852]: (0.1, 2.0, 0.9) 10
[12:38:40.875]: (0.1, 2.0, 0.9) 10
[12:38:40.897]: (0.1, 2.0, 0.9) 10
[12:38:40.919]: (0.1, 2.0, 0.9) 10
[12:38:40.942]: (0.1, 2.0, 0.9) 10
[12:38:40.965]: (0.1, 2.0, 0.9) 10
[12:38:40.986]: (0.1, 2.0, 0.9) 10
[12:38:41.009]: (0.1, 2.0, 0.9) 10
[12:38:41.032]: (0.1, 2.0, 0.9) 10
[12:38:41.051]: (0.1, 2.1, 0.9) 10
[12:38:41.070]: (0.1, 2.1, 0.9) 10
[12:38:41.087]: (0.1, 2.0, 0.9) 10
[12:38:41.105]: (0.1, 2.1, 0.9) 10
[12:38:41.262]: (0.2, 2.2, 0.9) 15
[12:38:41.343]: (0.2, 2.2, 0.8) 15
[12:38:41.365]: (0.2, 2.2, 0.8) 15
[12:38:41.387]: (0.1, 2.1, 0.6) 10
[12:38:41.409]: (0.1, 2.1, 0.6) 10
[12:38:41.430]: (0.1, 2.3, 0.6) 11
[12:38:41.492]: (0.1, 2.3, 0.5) 18
[12:38:41.512]: (0.1, 2.1, 0.4) 13
[12:38:41.534]: (0.1, 2.1, 0.4) 13
[12:38:41.558]: (0.1, 2.2, 0.5) 18
[12:38:41.581]: (0.1, 2.2, 0.5) 18
[12:38:41.606]: (0.1, 2.2, 0.5) 18
[12:38:41.626]: (0.1, 2.2, 0.5) 18
[12:38:41.647]: (0.1, 2.2, 0.5) 18
[12:38:41.665]: (0.1, 2.2, 0.6) 18
[12:38:41.681]: (0.1, 2.2, 0.5) 18
[12:38:41.698]: (0.2, 2.2, 0.5) 18
[12:38:41.727]: (0.2, 2.2, 0.5) 18
[12:38:41.762]: (0.1, 2.1, 0.5) 13
[12:38:41.795]: (0.2, 2.1, 0.5) 13
[12:38:41.927]: (0.2, 2.1, 0.7) 11
[12:38:41.960]: (0.2, 2.0, 0.6) 10
[12:38:41.994]: (0.2, 2.0, 0.6) 10
[12:38:42.027]: (0.2, 2.0, 0.6) 10
[12:38:42.060]: (0.2, 2.0, 0.6) 10
[12:38:42.094]: (0.2, 2.0, 0.6) 10
[12:38:42.127]: (0.2, 2.0, 0.6) 10
[12:38:42.160]: (0.2, 2.0, 0.6) 10
[12:38:42.195]: (0.2, 2.0, 0.6) 10
[12:38:42.228]: (0.2, 2.0, 0.6) 10
[12:38:42.393]: (0.2, 2.0, 0.5) 10
[12:38:42.416]: (0.2, 2.0, 0.5) 10
[12:38:42.438]: (0.2, 2.0, 0.5) 10
[12:38:42.459]: (0.2, 2.0, 0.4) 10
[12:38:42.483]: (0.2, 2.0, 0.4) 10
[12:38:42.505]: (0.2, 2.0, 0.4) 10
[12:38:42.526]: (0.1, 2.0, 0.4) 10
[12:38:42.549]: (0.2, 2.0, 0.4) 10
[12:38:42.571]: (0.1, 1.9, 0.4) 10
[12:38:42.594]: (0.1, 1.9, 0.4) 10
[12:38:42.615]: (0.1, 1.9, 0.4) 10
[12:38:42.638]: (0.1, 1.9, 0.4) 10
[12:38:42.660]: (0.1, 1.9, 0.4) 10
[12:38:42.681]: (0.1, 1.9, 0.4) 10
[12:38:42.705]: (0.1, 1.9, 0.4) 10
[12:38:42.728]: (0.1, 1.9, 0.4) 10
[12:38:42.748]: (0.1, 1.9, 0.4) 10
[12:38:42.771]: (0.1, 1.9, 0.4) 10
[12:38:42.793]: (0.1, 1.9, 0.4) 10
[12:38:42.879]: (0.1, 1.8, 0.4) 10
[12:38:42.900]: (0.1, 1.8, 0.4) 10
[12:38:42.922]: (0.1, 1.8, 0.4) 10
[12:38:42.943]: (0.1, 1.8, 0.5) 10
[12:38:42.960]: (0.1, 1.8, 0.5) 10
[12:38:42.976]: (0.1, 1.8, 0.5) 10
[12:38:42.995]: (0.1, 1.8, 0.5) 10
[12:38:43.013]: (0.1, 1.8, 0.4) 10
[12:38:43.031]: (0.0, 1.9, 0.2) 13
[12:38:43.048]: (0.0, 1.9, 0.2) 13
[12:38:43.066]: (0.0, 1.9, 0.2) 13
[12:38:43.086]: (0.0, 2.0, 0.3) 18
[12:38:43.104]: (0.0, 2.1, 0.3) 18
[12:38:43.126]: (0.0, 2.1, 0.3) 18
[12:38:43.148]: (0.0, 2.1, 0.3) 18
[12:38:43.170]: (0.0, 2.1, 0.3) 18
[12:38:43.193]: (0.0, 2.1, 0.3) 18
[12:38:43.215]: (0.1, 2.6, 0.6) 33
[12:38:43.238]: (0.0, 2.1, 0.3) 18
[12:38:43.259]: (0.0, 2.1, 0.3) 18
[12:38:43.285]: (0.0, 2.0, 0.2) 18
[12:38:43.305]: (0.1, 2.7, 0.5) 33
[12:38:43.371]: (0.1, 2.6, 0.4) 33
[12:38:43.420]: (0.1, 2.6, 0.4) 33
[12:38:43.487]: (0.1, 2.6, 0.4) 33
[12:38:43.510]: (0.1, 2.6, 0.4) 33
[12:38:43.532]: (0.1, 2.6, 0.4) 33
[12:38:43.620]: (0.1, 1.8, 0.2) 13
[12:38:43.641]: (0.1, 1.7, 0.2) 13
[12:38:43.666]: (0.1, 1.7, 0.2) 13
[12:38:43.690]: (0.1, 1.7, 0.2) 13
[12:38:43.716]: (0.1, 1.7, 0.2) 13
[12:38:43.738]: (0.1, 1.7, 0.3) 13
[12:38:43.761]: (0.1, 1.7, 0.3) 13
[12:38:43.784]: (0.1, 1.7, 0.3) 13
[12:38:43.807]: (0.1, 1.7, 0.3) 13
[12:38:43.829]: (0.1, 1.7, 0.3) 13
[12:38:43.855]: (0.2, 1.7, 0.4) 16
[12:38:43.878]: (0.2, 1.7, 0.4) 16
[12:38:43.902]: (0.2, 1.7, 0.4) 16
[12:38:43.925]: (0.2, 1.7, 0.4) 16
[12:38:43.946]: (0.2, 1.7, 0.4) 16
[12:38:43.968]: (0.3, 1.8, 0.6) 15
[12:38:43.991]: (0.3, 1.8, 0.6) 15
[12:38:44.014]: (0.1, 1.7, 0.4) 16
[12:38:44.037]: (0.2, 1.7, 0.4) 16
[12:38:44.059]: (0.2, 1.7, 0.4) 16
[12:38:44.083]: (0.1, 1.7, 0.4) 16
[12:38:44.109]: (0.2, 1.7, 0.4) 16
[12:38:44.132]: (0.2, 1.7, 0.4) 16
[12:38:44.156]: (0.2, 1.7, 0.4) 16
[12:38:44.179]: (0.2, 1.7, 0.4) 16
[12:38:44.202]: (0.2, 1.7, 0.4) 16
[12:38:44.225]: (0.2, 1.7, 0.4) 16
[12:38:44.248]: (0.2, 1.7, 0.4) 16
[12:38:44.270]: (0.2, 1.7, 0.4) 16
[12:38:44.293]: (0.2, 1.7, 0.4) 16
[12:38:44.314]: (0.1, 1.7, 0.5) 16
[12:38:44.350]: (0.1, 1.7, 0.5) 10
[12:38:44.383]: (0.1, 1.7, 0.4) 10
[12:38:44.415]: (0.1, 1.7, 0.5) 10
[12:38:44.449]: (0.1, 1.7, 0.4) 10
[12:38:44.483]: (0.1, 1.7, 0.4) 10
[12:38:44.519]: (0.1, 1.7, 0.4) 10
[12:38:44.553]: (0.1, 1.7, 0.4) 10
[12:38:44.583]: (0.1, 1.7, 0.4) 10
[12:38:44.615]: (0.1, 1.7, 0.4) 10
[12:38:44.648]: (0.1, 1.7, 0.4) 10
[12:38:44.683]: (0.1, 1.7, 0.4) 10
[12:38:44.948]: (0.1, 1.7, 0.4) 10
[12:38:45.193]: (-0.4, 2.8, 0.5) 6
[12:38:45.215]: (-0.3, 2.8, 0.5) 6
[12:38:45.236]: (-0.3, 2.8, 0.6) 6
[12:38:45.259]: (-0.4, 2.8, 0.6) 6
[12:38:45.281]: (-0.3, 2.7, 0.6) 6
[12:38:45.303]: (-0.3, 2.7, 0.6) 6
[12:38:45.325]: (-0.4, 2.7, 0.7) 6
[12:38:45.392]: (-0.6, 2.7, 0.8) 8
[12:38:45.415]: (-0.6, 2.7, 0.9) 8
[12:38:45.437]: (-0.6, 2.7, 0.9) 8
[12:38:45.459]: (-0.6, 2.7, 0.9) 8
[12:38:45.481]: (-0.6, 2.7, 0.9) 8
[12:38:45.726]: (-0.5, 2.8, 1.1) 0
[12:38:45.748]: (-0.5, 2.9, 1.2) 3
[12:38:45.795]: (-0.4, 2.6, 0.8) 6
[12:38:45.818]: (-0.4, 2.6, 0.8) 6
[12:38:45.841]: (-0.4, 2.6, 0.8) 6
[12:38:45.864]: (-0.4, 2.6, 0.8) 6
[12:38:45.886]: (-0.4, 2.6, 0.8) 6
[12:38:45.909]: (-0.4, 2.6, 0.8) 6
[12:38:45.928]: (-0.4, 2.6, 0.9) 6
[12:38:45.973]: (-0.5, 2.9, 0.9) 2
[12:38:46.020]: (-0.5, 2.6, 1.0) 1
[12:38:46.045]: (-0.4, 2.7, 1.0) 1
[12:38:46.071]: (-0.5, 2.7, 1.0) 1
[12:38:46.095]: (-0.5, 2.6, 1.0) 1
[12:38:46.115]: (-0.5, 2.6, 1.0) 1
[12:38:46.137]: (-0.4, 2.7, 1.0) 1
[12:38:46.314]: (0.5, 2.3, 0.6) 33
[12:38:46.334]: (0.5, 2.3, 0.6) 33
[12:38:46.375]: (0.5, 2.3, 0.6) 33
[12:38:46.396]: (0.4, 2.3, 0.7) 33
[12:38:46.417]: (0.5, 2.2, 0.7) 33
[12:38:46.437]: (0.5, 2.2, 0.7) 33
[12:38:46.459]: (0.5, 2.2, 0.7) 33
[12:38:46.480]: (0.4, 2.2, 0.7) 33
[12:38:46.502]: (0.4, 2.3, 0.7) 33
[12:38:46.523]: (0.5, 2.3, 0.7) 33
[12:38:46.545]: (0.4, 2.2, 0.7) 33
[12:38:46.846]: (0.2, 2.3, 0.7) 31
[12:38:47.125]: (0.0, 1.5, 0.5) 10
[12:38:47.146]: (0.0, 1.5, 0.5) 10
[12:38:47.169]: (0.0, 1.5, 0.5) 10
[12:38:47.192]: (0.0, 1.5, 0.5) 10
[12:38:47.213]: (0.0, 1.5, 0.5) 10
[12:38:47.230]: (0.0, 1.5, 0.5) 10
[12:38:47.247]: (0.0, 1.5, 0.5) 10
[12:38:47.265]: (0.0, 1.5, 0.5) 10
[12:38:47.285]: (0.0, 1.5, 0.5) 10
[12:38:47.306]: (0.0, 1.5, 0.5) 10
[12:38:47.324]: (0.0, 1.5, 0.7) 15
[12:38:48.923]: (0.0, 1.5, 0.6) 10
[12:38:48.945]: (0.0, 1.6, 0.5) 16
[12:38:48.968]: (0.0, 1.5, 0.5) 10
[12:38:48.989]: (0.0, 1.5, 0.5) 10
[12:38:49.014]: (0.0, 1.5, 0.5) 10
[12:38:49.034]: (0.0, 1.5, 0.5) 10
[12:38:49.056]: (0.0, 1.5, 0.5) 10
[12:38:49.074]: (0.0, 1.5, 0.5) 10
[12:38:49.095]: (0.0, 1.5, 0.5) 10
[12:38:49.112]: (0.0, 1.5, 0.5) 10
[12:38:49.130]: (0.0, 1.5, 0.5) 10
[12:38:49.147]: (0.0, 1.5, 0.5) 10
[12:38:49.164]: (0.0, 1.5, 0.5) 10
[12:38:49.183]: (0.0, 1.5, 0.5) 10
[12:38:49.200]: (0.0, 1.5, 0.5) 10
[12:38:49.217]: (0.0, 1.5, 0.5) 10
[12:38:49.234]: (0.0, 1.5, 0.5) 10
[12:38:49.251]: (0.0, 1.5, 0.5) 10
[12:38:49.268]: (0.0, 1.5, 0.5) 10
[12:38:49.285]: (0.0, 1.5, 0.5) 10
[12:38:49.303]: (0.0, 1.5, 0.5) 10
[12:38:49.320]: (0.0, 1.5, 0.5) 10
[12:38:49.337]: (-0.1, 1.5, 0.5) 10
[12:38:49.354]: (-0.1, 1.5, 0.5) 10
[12:38:49.370]: (-0.1, 1.5, 0.5) 10
[12:38:49.387]: (-0.1, 1.5, 0.5) 10
[12:38:49.403]: (-0.1, 1.5, 0.5) 10
[12:38:49.418]: (-0.1, 1.5, 0.5) 10
[12:38:49.435]: (-0.1, 1.5, 0.5) 10
[12:38:49.451]: (-0.1, 1.5, 0.5) 10
[12:38:49.469]: (-0.1, 1.5, 0.5) 10
[12:38:49.486]: (-0.1, 1.5, 0.5) 10
[12:38:49.501]: (-0.1, 1.5, 0.5) 10
[12:38:49.518]: (-0.1, 1.5, 0.5) 10
[12:38:49.535]: (-0.1, 1.5, 0.5) 10
[12:38:49.557]: (-0.1, 1.6, 0.5) 10
[12:38:49.579]: (-0.1, 1.5, 0.5) 10
[12:38:49.601]: (-0.1, 1.5, 0.5) 10
[12:38:49.622]: (-0.1, 1.5, 0.5) 10
[12:38:49.646]: (-0.1, 1.5, 0.5) 10
[12:38:49.667]: (0.0, 1.5, 0.5) 10
[12:38:49.689]: (0.0, 1.5, 0.5) 10
[12:38:49.714]: (0.0, 1.5, 0.5) 10
[12:38:49.734]: (0.0, 1.5, 0.5) 10
[12:38:49.756]: (0.0, 1.5, 0.5) 10
[12:38:49.778]: (0.0, 1.5, 0.5) 10
[12:38:49.801]: (0.0, 1.5, 0.5) 10
[12:38:49.822]: (0.0, 1.5, 0.5) 10
[12:38:49.845]: (0.0, 1.5, 0.5) 10
[12:38:49.869]: (0.0, 1.5, 0.5) 10
[12:38:49.889]: (0.0, 1.5, 0.5) 10
[12:38:49.913]: (0.0, 1.5, 0.5) 10
[12:38:49.934]: (0.0, 1.5, 0.5) 10
[12:38:49.956]: (0.0, 1.5, 0.5) 10
[12:38:49.978]: (0.0, 1.5, 0.5) 10
[12:38:49.994]: (0.0, 1.5, 0.5) 10
[12:38:50.011]: (0.0, 1.5, 0.5) 10
[12:38:50.029]: (0.0, 1.5, 0.5) 10
[12:38:50.045]: (-0.1, 1.5, 0.5) 10
[12:38:50.063]: (-0.1, 1.5, 0.5) 10
[12:38:50.080]: (0.0, 1.5, 0.5) 10
[12:38:50.097]: (0.0, 1.5, 0.5) 10
[12:38:50.114]: (0.0, 1.5, 0.5) 10
[12:38:50.131]: (0.0, 1.5, 0.5) 10
[12:38:50.147]: (-0.1, 1.5, 0.5) 10
[12:38:50.165]: (-0.1, 1.5, 0.5) 10
[12:38:50.182]: (0.0, 1.5, 0.5) 10
[12:38:50.199]: (0.0, 1.5, 0.5) 10
[12:38:50.216]: (0.0, 1.5, 0.5) 10
[12:38:50.233]: (-0.1, 1.5, 0.5) 10
[12:38:50.249]: (0.0, 1.5, 0.5) 10
[12:38:50.266]: (0.0, 1.5, 0.5) 10
[12:38:50.282]: (0.0, 1.5, 0.5) 10
[12:38:54.545]: (0.0, 1.5, 0.3) 13
[12:38:54.610]: (0.2, 1.5, 0.3) 19
[12:38:54.627]: (-0.1, 1.5, 0.3) 13
[12:38:54.644]: (0.1, 1.5, 0.3) 19
[12:38:54.661]: (0.1, 1.5, 0.3) 19
[12:38:54.710]: (0.0, 1.7, 0.4) 18
[12:38:54.727]: (0.0, 1.7, 0.4) 18
[12:38:54.743]: (-0.1, 1.7, 0.4) 18
[12:38:54.778]: (-0.1, 1.5, 0.3) 13
[12:38:54.811]: (-0.1, 1.5, 0.3) 13
[12:38:54.844]: (-0.1, 1.5, 0.3) 13
[12:38:54.876]: (-0.1, 1.5, 0.3) 13
[12:38:54.910]: (-0.1, 1.5, 0.3) 13
[12:38:54.943]: (-0.1, 1.5, 0.3) 13
[12:38:54.978]: (-0.1, 1.5, 0.3) 13
[12:38:55.012]: (-0.1, 1.5, 0.3) 13
[12:38:55.044]: (-0.1, 1.5, 0.3) 13
[12:38:55.077]: (-0.1, 1.5, 0.3) 13
[12:38:55.110]: (-0.1, 1.5, 0.3) 13
[12:38:55.145]: (-0.1, 1.5, 0.3) 13
[12:38:55.177]: (-0.1, 1.5, 0.3) 13
[12:38:55.211]: (-0.1, 1.5, 0.3) 13
[12:38:55.244]: (-0.1, 1.5, 0.3) 13
[12:38:55.277]: (-0.1, 1.5, 0.3) 13
[12:39:02.285]: (-0.1, 1.5, 0.3) 13
[12:39:02.301]: (-0.1, 1.5, 0.3) 13
[12:39:02.318]: (-0.1, 1.5, 0.3) 13
[12:39:02.337]: (-0.1, 1.5, 0.3) 13
[12:39:02.352]: (0.0, 1.7, 0.4) 18
[12:39:02.368]: (0.0, 1.7, 0.4) 18
[12:39:02.385]: (0.0, 1.7, 0.4) 18
[12:39:02.673]: (0.0, 2.3, 0.8) 33
[12:39:02.697]: (0.0, 2.3, 0.8) 33
[12:39:02.829]: (-1.2, 2.0, 1.2) 8
[12:39:03.797]: (-1.2, 2.0, 1.3) 8
[12:39:03.817]: (-1.2, 2.0, 1.3) 8
[12:39:03.840]: (-1.2, 2.0, 1.3) 8
[12:39:03.862]: (-1.2, 2.0, 1.3) 8
[12:39:03.883]: (-1.2, 2.0, 1.3) 8
[12:39:03.900]: (-1.2, 2.0, 1.3) 8
[12:39:03.919]: (-1.2, 2.0, 1.3) 8
[12:39:03.935]: (-1.2, 2.0, 1.3) 8
[12:39:03.953]: (-1.2, 2.0, 1.3) 8
[12:39:03.987]: (-1.2, 2.0, 1.3) 8
[12:39:04.002]: (-1.2, 2.0, 1.3) 8
[12:39:04.019]: (-1.2, 2.0, 1.3) 8
[12:39:04.035]: (-1.2, 2.0, 1.3) 8
[12:39:04.052]: (-1.2, 2.0, 1.3) 8
[12:39:04.068]: (-1.2, 2.0, 1.3) 8
[12:39:04.087]: (-1.2, 2.0, 1.3) 8
[12:39:04.104]: (-1.2, 2.0, 1.3) 8
[12:39:04.121]: (-1.2, 2.0, 1.3) 8
[12:39:04.137]: (-1.2, 2.0, 1.3) 8
[12:39:04.154]: (-1.3, 2.0, 1.3) 8
[12:39:04.171]: (-1.3, 2.0, 1.3) 8
[12:39:04.188]: (-1.3, 2.0, 1.3) 8
[12:39:04.206]: (-1.3, 2.0, 1.3) 8
[12:39:04.223]: (-1.2, 2.0, 1.3) 8
[12:39:04.241]: (-1.2, 2.0, 1.3) 8
[12:39:04.257]: (-1.2, 2.0, 1.3) 8
[12:39:04.272]: (-1.2, 2.0, 1.3) 8
[12:39:04.289]: (-1.2, 2.0, 1.3) 8
[12:39:04.305]: (-1.2, 2.0, 1.3) 8
[12:39:04.321]: (-1.2, 2.0, 1.3) 8
[12:39:04.339]: (-1.2, 2.0, 1.3) 8
[12:39:04.360]: (-1.2, 2.0, 1.3) 8
[12:39:04.383]: (-1.2, 2.0, 1.3) 8
[12:39:04.405]: (-1.2, 2.0, 1.3) 8
[12:39:04.427]: (-1.2, 2.0, 1.3) 8
[12:39:04.805]: (0.0, 2.3, 0.7) 33
[12:39:04.837]: (0.1, 2.6, 0.9) 34
[12:39:04.853]: (0.1, 2.5, 0.8) 32
[12:39:04.897]: (0.1, 2.6, 0.9) 34
[12:39:04.913]: (0.0, 2.3, 0.7) 33
[12:39:04.929]: (0.0, 2.3, 0.8) 33
[12:39:04.945]: (0.0, 2.3, 0.7) 33
[12:39:04.960]: (0.0, 2.3, 0.7) 33
[12:39:05.055]: (0.0, 2.3, 0.7) 33
[12:39:05.073]: (0.0, 2.3, 0.7) 33
[12:39:05.089]: (0.0, 2.3, 0.7) 33
[12:39:05.105]: (0.1, 2.5, 0.9) 34
[12:39:05.121]: (0.1, 2.5, 0.9) 34
[12:39:05.137]: (0.1, 2.5, 0.9) 34
[12:39:05.154]: (0.0, 2.3, 0.8) 33
[12:39:05.169]: (0.0, 2.3, 0.7) 33
[12:39:05.186]: (0.0, 2.3, 0.7) 33
[12:39:05.203]: (0.0, 2.3, 0.7) 33
[12:39:05.220]: (0.0, 2.3, 0.7) 33
[12:39:05.237]: (0.0, 2.3, 0.7) 33
[12:39:05.254]: (0.0, 2.3, 0.7) 33
[12:39:05.270]: (0.0, 2.3, 0.7) 33
[12:39:05.287]: (0.0, 2.3, 0.7) 33
[12:39:05.304]: (0.0, 2.3, 0.8) 33
[12:39:05.338]: (0.0, 2.3, 0.8) 33
[12:39:05.362]: (0.0, 2.3, 0.7) 33
[12:39:05.382]: (0.0, 2.3, 0.8) 33
[12:39:05.405]: (0.0, 2.3, 0.7) 33
[12:39:05.428]: (0.0, 2.3, 0.8) 33
[12:39:05.449]: (0.0, 2.3, 0.8) 33
[12:39:05.472]: (0.0, 2.3, 0.8) 33
[12:39:05.494]: (0.0, 2.3, 0.8) 33
[12:39:05.627]: (0.0, 2.3, 0.8) 33
[12:39:05.674]: (0.0, 1.8, 0.5) 18
[12:39:07.396]: (0.0, 1.5, 0.3) 13
[12:39:07.416]: (0.0, 1.7, 0.5) 18
[12:39:07.437]: (0.0, 1.7, 0.5) 18
[12:39:07.454]: (0.0, 1.6, 0.3) 13
[12:39:07.470]: (0.0, 2.6, 0.9) 34
[12:39:07.487]: (0.0, 2.6, 0.9) 34
[12:39:07.504]: (0.0, 1.5, 0.3) 13
[12:39:07.522]: (0.0, 1.6, 0.3) 13
[12:39:07.538]: (0.0, 1.7, 0.5) 18
[12:39:07.555]: (0.0, 1.7, 0.5) 18
[12:39:07.587]: (0.0, 1.8, 0.5) 18
[12:39:07.602]: (0.0, 1.7, 0.5) 18
