[20:16:57.291]: (-0.7, -1.2, -0.1) 13
[20:16:58.625]: (-2.5, -1.8, -0.1) 26
[20:16:58.642]: (-2.5, -1.8, -0.1) 26
[20:16:58.689]: (-2.5, -1.5, 0.0) 24
[20:17:06.497]: (-2.6, 0.2, 1.2) 18
[20:17:06.518]: (-2.6, 0.3, 1.3) 18
[20:17:06.539]: (-2.6, 0.4, 1.4) 18
[20:17:06.986]: (-2.9, 2.2, 2.7) 27
[20:17:07.086]: (-3.0, 2.4, 3.1) 31
[20:17:07.119]: (-3.0, 2.4, 3.1) 31
[20:17:07.220]: (-2.4, 2.1, 2.4) 25
[20:17:07.241]: (-2.4, 2.1, 2.4) 25
[20:17:07.263]: (-2.4, 2.1, 2.4) 25
[20:17:07.308]: (-2.9, 2.1, 2.8) 27
[20:17:07.374]: (-2.4, 2.1, 2.4) 25
[20:17:07.712]: (-2.5, 2.7, 2.8) 28
[20:17:07.736]: (-2.4, 2.8, 2.8) 28
[20:17:07.756]: (-2.6, 2.9, 3.0) 32
[20:17:07.778]: (-2.6, 2.9, 3.0) 32
[20:17:07.800]: (-2.5, 2.9, 2.9) 29
[20:17:07.893]: (-2.6, 2.8, 3.1) 32
[20:17:08.174]: (-1.8, 1.8, 1.0) 10
[20:17:08.352]: (-1.7, 1.8, 0.9) 10
[20:17:08.374]: (-1.8, 1.8, 1.0) 10
[20:17:08.621]: (-1.9, 1.9, 1.2) 13
[20:17:08.637]: (-1.9, 1.9, 1.2) 13
[20:17:08.654]: (-1.9, 1.9, 1.2) 13
[20:17:08.672]: (-1.9, 1.9, 1.2) 13
[20:17:08.701]: (-1.9, 1.8, 1.2) 13
[20:17:08.719]: (-1.9, 1.8, 1.2) 13
[20:17:08.823]: (-1.9, 1.8, 1.2) 13
[20:17:08.841]: (-1.9, 1.8, 1.2) 13
[20:17:08.860]: (-1.9, 1.9, 1.2) 13
[20:17:08.876]: (-1.9, 1.9, 1.2) 13
[20:17:08.892]: (-1.9, 1.8, 1.2) 13
[20:17:08.909]: (-1.9, 1.8, 1.2) 13
[20:17:08.929]: (-1.9, 1.8, 1.2) 13
[20:17:08.950]: (-1.9, 1.9, 1.2) 13
[20:17:08.974]: (-1.9, 1.9, 1.2) 13
[20:17:08.996]: (-1.9, 1.9, 1.2) 13
[20:17:09.018]: (-1.9, 1.9, 1.2) 13
[20:17:09.041]: (-1.9, 1.9, 1.2) 13
[20:17:09.062]: (-1.9, 1.9, 1.2) 13
[20:17:09.084]: (-1.9, 1.9, 1.2) 13
[20:17:09.107]: (-1.9, 1.9, 1.2) 13
[20:17:09.129]: (-1.9, 1.9, 1.2) 13
[20:17:09.151]: (-1.9, 1.9, 1.2) 13
[20:17:09.174]: (-1.9, 1.9, 1.2) 13
[20:17:09.195]: (-1.9, 1.9, 1.2) 13
[20:17:09.218]: (-1.9, 1.9, 1.2) 13
[20:17:09.240]: (-1.9, 1.9, 1.2) 13
[20:17:09.387]: (-2.2, 2.2, 1.7) 18
[20:17:09.405]: (-2.2, 2.2, 1.7) 18
[20:17:09.421]: (-2.2, 2.1, 1.7) 18
[20:17:09.439]: (-2.2, 2.1, 1.7) 18
[20:17:09.456]: (-2.2, 2.2, 1.7) 18
[20:17:09.472]: (-2.2, 2.2, 1.7) 18
[20:17:09.488]: (-2.2, 2.2, 1.7) 18
[20:17:09.506]: (-2.2, 2.2, 1.7) 18
[20:17:09.523]: (-2.2, 2.1, 1.7) 18
[20:17:09.541]: (-2.2, 2.1, 1.7) 18
[20:17:09.558]: (-2.2, 2.1, 1.7) 18
[20:17:09.575]: (-2.2, 2.1, 1.7) 18
[20:17:09.593]: (-2.2, 2.1, 1.7) 18
[20:17:09.612]: (-2.2, 2.1, 1.7) 18
[20:17:09.631]: (-2.2, 2.1, 1.7) 18
[20:17:09.647]: (-2.2, 2.1, 1.7) 18
[20:17:09.664]: (-2.2, 2.2, 1.7) 18
[20:17:09.682]: (-2.2, 2.2, 1.7) 18
[20:17:09.699]: (-2.2, 2.2, 1.7) 18
[20:17:09.716]: (-2.2, 2.2, 1.7) 18
[20:17:09.733]: (-2.2, 2.2, 1.7) 18
[20:17:09.750]: (-2.2, 2.2, 1.7) 18
[20:17:09.774]: (-2.2, 2.2, 1.7) 18
[20:17:09.795]: (-2.2, 2.2, 1.7) 18
[20:17:09.818]: (-2.2, 2.2, 1.7) 18
[20:17:09.841]: (-2.2, 2.2, 1.7) 18
[20:17:09.861]: (-2.2, 2.2, 1.7) 18
[20:17:09.885]: (-2.2, 2.2, 1.7) 18
[20:17:09.951]: (-1.6, 2.3, 2.9) 23
[20:17:09.996]: (-0.8, 2.2, 3.1) 8
[20:17:10.061]: (-1.0, 2.1, 3.2) 4
[20:17:10.942]: (-1.5, 2.2, 0.9) 10
[20:17:10.987]: (-1.5, 2.2, 0.9) 10
[20:17:11.028]: (-1.5, 2.2, 0.9) 10
[20:17:11.050]: (-1.5, 2.2, 0.9) 10
[20:17:11.073]: (-1.5, 2.1, 0.9) 10
[20:17:11.095]: (-1.5, 2.1, 0.9) 10
[20:17:11.117]: (-1.5, 2.1, 0.9) 10
[20:17:11.141]: (-1.5, 2.1, 1.0) 10
[20:17:11.161]: (-1.5, 2.1, 0.9) 10
[20:17:11.184]: (-1.5, 2.1, 0.9) 10
[20:17:11.206]: (-1.5, 2.1, 0.9) 10
[20:17:11.228]: (-1.5, 2.1, 0.9) 10
[20:17:11.251]: (-1.5, 2.1, 1.0) 10
[20:17:11.268]: (-1.4, 2.1, 1.0) 10
[20:17:11.285]: (-1.4, 2.1, 1.0) 10
[20:17:11.302]: (-1.4, 2.1, 1.0) 10
[20:17:11.321]: (-1.5, 2.1, 1.0) 10
[20:17:12.595]: (-1.9, 2.5, 1.8) 15
[20:17:12.617]: (-1.9, 2.5, 1.8) 15
[20:17:12.639]: (-1.9, 2.5, 1.8) 15
[20:17:12.661]: (-1.9, 2.5, 1.8) 15
[20:17:12.684]: (-1.9, 2.5, 1.8) 15
[20:17:12.705]: (-1.9, 2.5, 1.8) 15
[20:17:12.727]: (-1.9, 2.5, 1.8) 15
[20:17:12.750]: (-1.9, 2.5, 1.8) 15
[20:17:12.772]: (-1.9, 2.5, 1.8) 15
[20:17:12.794]: (-1.9, 2.5, 1.8) 15
[20:17:12.817]: (-1.9, 2.5, 1.8) 15
[20:17:12.839]: (-1.9, 2.5, 1.8) 15
[20:17:13.227]: (-1.6, 2.3, 1.3) 13
[20:17:13.245]: (-1.6, 2.3, 1.3) 13
[20:17:13.264]: (-1.6, 2.3, 1.3) 13
[20:17:13.282]: (-1.6, 2.3, 1.3) 13
[20:17:13.298]: (-1.6, 2.3, 1.3) 13
[20:17:13.315]: (-1.6, 2.3, 1.3) 13
[20:17:13.332]: (-1.6, 2.3, 1.3) 13
[20:17:13.349]: (-1.6, 2.3, 1.3) 13
[20:17:13.366]: (-1.6, 2.3, 1.3) 13
[20:17:13.384]: (-1.6, 2.3, 1.3) 13
[20:17:13.402]: (-1.6, 2.3, 1.3) 13
[20:17:13.419]: (-1.6, 2.3, 1.3) 13
[20:17:13.492]: (-1.5, 2.3, 1.3) 13
[20:17:14.606]: (-1.8, 2.4, 1.6) 20
[20:17:16.010]: (-1.4, 2.5, 0.9) 13
[20:17:16.028]: (-1.4, 2.5, 0.8) 13
[20:17:16.049]: (-1.4, 2.5, 0.9) 13
[20:17:16.070]: (-1.4, 2.3, 0.9) 11
[20:17:16.087]: (-1.4, 2.3, 0.9) 11
[20:17:16.104]: (-1.4, 2.3, 0.9) 11
[20:17:16.121]: (-1.4, 2.3, 0.9) 11
[20:17:16.138]: (-1.4, 2.3, 0.9) 11
[20:17:16.155]: (-1.4, 2.3, 0.9) 11
[20:17:16.758]: (-1.2, 2.3, 0.8) 12
[20:17:16.843]: (-1.6, 2.7, 1.1) 20
[20:17:17.166]: (-1.6, 2.6, 1.1) 20
[20:17:17.187]: (-1.6, 2.6, 1.1) 20
[20:17:17.205]: (-1.6, 2.6, 1.1) 20
[20:17:17.222]: (-1.6, 2.6, 1.1) 20
[20:17:17.238]: (-1.6, 2.6, 1.1) 20
[20:17:17.255]: (-1.6, 2.6, 1.1) 20
[20:17:17.273]: (-1.6, 2.5, 1.1) 20
[20:17:17.291]: (-1.6, 2.5, 1.2) 20
[20:17:17.308]: (-1.6, 2.5, 1.1) 20
[20:17:17.326]: (-1.6, 2.6, 1.1) 20
[20:17:17.349]: (-1.6, 2.5, 1.1) 20
[20:17:17.370]: (-1.6, 2.6, 1.1) 20
[20:17:17.394]: (-1.6, 2.6, 1.2) 20
[20:17:18.007]: (-1.0, 2.3, 0.4) 13
[20:17:18.029]: (-0.9, 2.2, 0.2) 10
[20:17:18.148]: (-0.9, 2.2, 0.2) 10
[20:17:18.165]: (-0.8, 2.2, 0.2) 10
[20:17:18.197]: (-0.8, 2.2, 0.2) 10
[20:17:18.215]: (-0.8, 2.2, 0.2) 10
[20:17:18.233]: (-0.8, 2.2, 0.2) 10
[20:17:18.250]: (-0.8, 2.2, 0.2) 10
[20:17:18.267]: (-0.8, 2.2, 0.2) 10
[20:17:18.283]: (-0.8, 2.2, 0.2) 10
[20:17:18.302]: (-0.8, 2.2, 0.2) 10
[20:17:18.318]: (-0.8, 2.2, 0.2) 10
[20:17:18.337]: (-0.8, 2.2, 0.2) 10
[20:17:18.359]: (-0.8, 2.2, 0.2) 10
[20:17:18.381]: (-0.8, 2.2, 0.2) 10
[20:17:18.403]: (-0.8, 2.2, 0.2) 10
[20:17:18.427]: (-0.8, 2.2, 0.2) 10
[20:17:18.603]: (-1.2, 2.8, 0.7) 15
[20:17:18.670]: (-1.1, 2.7, 0.7) 20
[20:17:18.693]: (-1.1, 2.7, 0.7) 20
[20:17:18.716]: (-1.1, 2.7, 0.7) 20
[20:17:19.022]: (-0.8, 2.6, 0.4) 19
[20:17:19.045]: (-0.8, 2.6, 0.4) 19
[20:17:19.692]: (-0.6, 2.1, 0.2) 13
[20:17:20.562]: (-0.5, 1.9, 0.1) 11
[20:17:20.585]: (-0.5, 1.9, 0.1) 11
[20:17:20.605]: (-0.5, 1.9, 0.1) 11
[20:17:20.624]: (-0.5, 1.9, 0.1) 11
[20:17:20.649]: (-0.5, 1.9, 0.1) 11
[20:17:20.668]: (-0.5, 1.9, 0.1) 11
[20:17:20.692]: (-0.5, 1.9, 0.1) 11
[20:17:20.720]: (-0.5, 1.9, 0.1) 11
[20:17:20.739]: (-0.5, 1.9, 0.1) 11
[20:17:20.759]: (-0.5, 1.9, 0.1) 11
[20:17:20.781]: (-0.5, 1.9, 0.1) 11
[20:17:20.802]: (-0.5, 1.9, 0.1) 11
[20:17:20.824]: (-0.5, 1.9, 0.1) 11
[20:17:20.849]: (-0.5, 1.9, 0.1) 11
[20:17:20.869]: (-0.5, 1.9, 0.1) 11
[20:17:20.891]: (-0.5, 1.9, 0.1) 11
[20:17:21.074]: (-0.3, 1.9, 0.0) 10
[20:17:21.189]: (-0.5, 1.9, 0.0) 11
[20:17:21.216]: (-0.5, 1.9, 0.0) 11
[20:17:21.238]: (-0.5, 1.9, 0.0) 11
[20:17:21.259]: (-0.5, 1.9, 0.0) 11
[20:17:21.280]: (-0.5, 1.9, 0.0) 11
[20:17:21.384]: (-0.5, 2.0, 0.0) 11
[20:17:21.451]: (-0.4, 2.0, 0.0) 11
[20:17:21.475]: (-0.4, 2.0, 0.0) 11
[20:17:21.500]: (-0.4, 2.0, 0.0) 11
[20:17:21.744]: (-0.3, 1.9, 0.0) 11
[20:17:21.766]: (-0.3, 1.9, 0.0) 11
[20:17:21.788]: (-0.3, 1.9, 0.0) 11
[20:17:21.812]: (-0.3, 1.9, 0.0) 11
[20:17:21.854]: (-0.1, 1.8, 0.0) 10
[20:17:21.872]: (-0.1, 1.8, 0.0) 10
[20:17:21.889]: (-0.4, 2.1, 0.4) 14
[20:17:21.907]: (-0.4, 2.1, 0.4) 14
[20:17:21.923]: (-0.4, 2.1, 0.4) 14
[20:17:21.939]: (-0.4, 2.1, 0.4) 14
[20:17:21.958]: (-0.4, 2.1, 0.4) 14
[20:17:21.976]: (-0.4, 2.1, 0.4) 14
[20:17:22.002]: (-0.4, 2.1, 0.4) 14
[20:17:22.022]: (-0.4, 2.1, 0.4) 14
[20:17:22.039]: (-0.4, 2.1, 0.4) 14
[20:17:22.057]: (-0.4, 2.1, 0.4) 14
[20:17:22.081]: (-0.4, 2.1, 0.4) 14
[20:17:22.102]: (-0.4, 2.2, 0.4) 14
[20:17:22.258]: (-0.2, 2.5, 0.5) 2
[20:17:23.040]: (-0.2, 2.0, 0.3) 16
[20:17:23.062]: (-0.2, 2.0, 0.3) 16
[20:17:23.085]: (-0.3, 2.0, 0.4) 16
[20:17:23.257]: (-0.3, 2.0, 0.4) 17
[20:17:23.279]: (-0.3, 2.0, 0.4) 17
[20:17:23.561]: (-0.3, 2.0, 0.4) 16
[20:17:23.684]: (-0.2, 2.0, 0.4) 16
[20:17:23.701]: (-0.2, 2.0, 0.4) 16
[20:17:23.718]: (-0.2, 2.0, 0.4) 16
[20:17:23.735]: (-0.2, 2.0, 0.4) 16
[20:17:23.753]: (-0.2, 2.0, 0.4) 16
[20:17:23.770]: (-0.2, 2.0, 0.4) 16
[20:17:23.789]: (-0.2, 2.0, 0.3) 20
[20:17:23.806]: (-0.2, 2.0, 0.3) 20
[20:17:23.823]: (-0.2, 2.0, 0.3) 20
[20:17:23.843]: (-0.2, 2.0, 0.3) 20
[20:17:23.862]: (-0.2, 2.0, 0.3) 20
[20:17:23.880]: (-0.2, 1.9, 0.3) 20
[20:17:23.899]: (-0.2, 1.9, 0.3) 20
[20:17:23.916]: (-0.2, 1.9, 0.3) 20
[20:17:23.940]: (-0.2, 1.9, 0.3) 20
[20:17:23.961]: (-0.2, 1.9, 0.3) 20
[20:17:23.985]: (-0.3, 2.0, 0.4) 21
[20:17:24.007]: (-0.2, 2.0, 0.3) 17
[20:17:24.030]: (-0.2, 2.0, 0.3) 17
[20:17:24.054]: (-0.2, 2.0, 0.3) 17
[20:17:24.077]: (-0.2, 2.0, 0.3) 17
[20:17:24.099]: (-0.2, 2.0, 0.3) 17
[20:17:24.120]: (-0.2, 2.0, 0.3) 17
[20:17:24.143]: (-0.2, 2.0, 0.3) 17
[20:17:24.735]: (-0.7, 2.1, 0.2) 4
[20:17:24.933]: (-0.6, 2.1, 0.2) 5
[20:17:24.956]: (-0.6, 2.1, 0.2) 5
[20:17:24.977]: (-0.6, 2.1, 0.2) 5
[20:17:25.045]: (-0.6, 2.1, 0.2) 5
[20:17:25.250]: (-0.5, 2.1, 0.2) 23
[20:17:25.272]: (-0.5, 2.1, 0.2) 23
[20:17:25.294]: (-0.5, 2.1, 0.2) 23
[20:17:25.314]: (-0.5, 2.0, 0.2) 23
[20:17:25.337]: (-0.5, 2.0, 0.2) 23
[20:17:25.359]: (-0.5, 2.0, 0.2) 23
[20:17:25.971]: (-0.4, 2.0, -0.1) 23
[20:17:26.004]: (-0.4, 2.0, 0.0) 23
[20:17:26.038]: (-0.3, 2.0, 0.0) 23
[20:17:26.073]: (-0.4, 2.0, -0.1) 23
[20:17:26.167]: (-0.4, 2.0, 0.0) 23
[20:17:27.178]: (-0.3, 2.0, 0.0) 22
[20:17:27.270]: (-0.3, 2.0, 0.0) 22
[20:17:27.292]: (-0.3, 1.9, 0.0) 22
[20:17:27.582]: (0.0, 1.8, 0.1) 17
[20:17:27.604]: (0.0, 1.8, 0.1) 17
[20:17:27.626]: (0.0, 1.8, 0.1) 17
[20:17:27.693]: (0.0, 1.8, 0.1) 17
[20:17:27.729]: (0.0, 1.8, 0.1) 17
[20:17:27.747]: (0.0, 1.8, 0.1) 17
[20:17:27.766]: (0.0, 1.8, 0.1) 17
[20:17:27.783]: (0.0, 1.8, 0.1) 17
[20:17:27.800]: (0.0, 1.8, 0.1) 17
[20:17:27.817]: (0.0, 1.8, 0.1) 17
[20:17:27.836]: (0.0, 1.8, 0.1) 17
[20:17:27.855]: (0.0, 1.8, 0.1) 17
[20:17:27.872]: (0.0, 1.8, 0.1) 17
[20:17:27.889]: (0.0, 1.8, 0.1) 17
[20:17:27.906]: (0.0, 1.8, 0.1) 17
[20:17:27.932]: (0.0, 1.8, 0.1) 17
[20:17:27.954]: (0.0, 1.8, 0.1) 17
[20:17:27.979]: (0.0, 1.8, 0.1) 17
[20:17:27.999]: (0.0, 1.8, 0.1) 17
[20:17:28.020]: (0.0, 1.8, 0.1) 17
[20:17:28.045]: (0.0, 1.8, 0.1) 17
[20:17:28.358]: (0.1, 1.8, 0.1) 17
[20:17:28.392]: (0.1, 1.8, 0.1) 17
[20:17:28.425]: (0.1, 1.8, 0.1) 17
[20:17:28.458]: (0.1, 1.8, 0.1) 17
[20:17:28.525]: (0.2, 1.7, 0.1) 20
[20:17:28.556]: (0.2, 1.7, 0.1) 20
[20:17:28.592]: (0.2, 1.7, 0.1) 20
[20:17:28.626]: (0.2, 1.7, 0.1) 20
[20:17:28.655]: (0.2, 1.7, 0.1) 20
[20:17:28.689]: (0.1, 1.7, 0.1) 20
[20:17:28.722]: (0.1, 1.7, 0.1) 20
[20:17:28.755]: (0.1, 1.7, 0.1) 18
[20:17:28.789]: (0.1, 1.7, 0.1) 18
[20:17:28.822]: (0.1, 1.8, 0.1) 18
[20:17:28.855]: (0.1, 1.7, 0.1) 18
[20:17:28.889]: (0.1, 1.7, 0.1) 18
[20:17:28.921]: (0.1, 1.8, 0.1) 18
[20:17:28.955]: (0.1, 1.7, 0.1) 18
[20:17:28.988]: (0.1, 1.7, 0.1) 18
[20:17:29.021]: (0.1, 1.7, 0.1) 18
[20:17:29.044]: (0.1, 1.7, 0.1) 18
[20:17:29.065]: (0.1, 1.7, 0.1) 18
[20:17:29.087]: (0.1, 1.8, 0.1) 18
[20:17:29.110]: (0.1, 1.8, 0.1) 18
[20:17:30.158]: (0.1, 1.8, 0.1) 14
[20:17:30.179]: (0.1, 1.8, 0.1) 14
[20:17:30.202]: (0.1, 1.8, 0.1) 14
[20:17:30.226]: (0.1, 1.8, 0.1) 14
[20:17:30.246]: (0.1, 1.8, 0.1) 14
[20:17:30.268]: (0.1, 1.8, 0.1) 14
[20:17:30.286]: (0.1, 1.8, 0.1) 14
[20:17:30.395]: (0.1, 1.8, 0.1) 17
[20:17:30.412]: (0.1, 1.8, 0.1) 17
[20:17:30.429]: (0.1, 1.8, 0.1) 17
[20:17:30.446]: (0.1, 1.8, 0.1) 17
[20:17:30.463]: (0.1, 1.8, 0.1) 17
[20:17:30.480]: (0.1, 1.8, 0.1) 17
[20:17:30.501]: (0.1, 1.8, 0.1) 17
[20:17:30.518]: (0.1, 1.8, 0.1) 17
[20:17:30.535]: (0.1, 1.8, 0.1) 17
[20:17:30.554]: (0.1, 1.8, 0.1) 17
[20:17:30.569]: (0.1, 1.8, 0.1) 17
[20:17:30.586]: (0.1, 1.8, 0.1) 17
[20:17:30.604]: (0.1, 1.8, 0.1) 17
[20:17:30.623]: (0.1, 1.8, 0.1) 17
[20:17:30.639]: (0.1, 1.8, 0.1) 17
[20:17:30.658]: (0.1, 1.8, 0.1) 17
[20:17:30.675]: (0.1, 1.8, 0.1) 17
[20:17:30.693]: (0.1, 1.8, 0.1) 17
[20:17:31.320]: (-0.2, 2.0, -0.1) 23
[20:17:31.337]: (-0.2, 2.0, -0.1) 23
[20:17:31.559]: (-0.4, 2.0, -0.4) 8
[20:17:31.576]: (-0.4, 2.0, -0.4) 8
[20:17:31.731]: (-0.4, 2.0, -0.3) 8
[20:17:31.753]: (-0.2, 1.9, -0.3) 9
[20:17:31.777]: (-0.2, 1.9, -0.3) 9
[20:17:31.797]: (-0.2, 1.9, -0.3) 9
[20:17:31.819]: (-0.2, 1.9, -0.3) 9
[20:17:31.844]: (-0.2, 1.9, -0.3) 9
[20:17:31.866]: (-0.2, 1.9, -0.3) 9
[20:17:31.891]: (-0.2, 1.9, -0.3) 9
[20:17:31.913]: (-0.2, 1.9, -0.3) 9
[20:17:31.934]: (-0.2, 1.9, -0.3) 9
[20:17:31.959]: (-0.2, 1.9, -0.3) 9
[20:17:32.130]: (-0.2, 2.0, -0.1) 24
[20:17:32.147]: (-0.2, 2.0, -0.1) 24
[20:17:32.165]: (-0.2, 2.0, -0.1) 24
[20:17:32.184]: (-0.2, 2.0, -0.1) 24
[20:17:32.201]: (-0.2, 2.0, -0.1) 24
[20:17:32.218]: (-0.2, 2.0, -0.1) 24
[20:17:32.233]: (-0.2, 2.0, -0.1) 24
[20:17:32.251]: (-0.2, 2.0, -0.1) 24
[20:17:32.267]: (-0.2, 2.0, -0.1) 24
[20:17:32.285]: (-0.2, 2.0, -0.1) 24
[20:17:32.301]: (-0.2, 2.0, -0.1) 24
[20:17:32.318]: (-0.2, 2.0, -0.1) 24
[20:17:32.336]: (-0.2, 2.0, -0.1) 24
[20:17:32.355]: (-0.2, 2.0, -0.1) 24
[20:17:32.372]: (-0.2, 2.0, -0.1) 24
[20:17:32.389]: (-0.2, 2.0, -0.1) 24
[20:17:32.406]: (-0.2, 2.0, -0.1) 23
[20:17:32.423]: (-0.2, 2.0, -0.1) 24
[20:17:32.441]: (-0.2, 2.0, -0.1) 24
[20:17:32.459]: (-0.2, 2.0, -0.1) 23
[20:17:33.076]: (-0.1, 2.0, -0.1) 23
[20:17:33.098]: (-0.2, 2.0, -0.1) 23
[20:17:33.115]: (-0.1, 2.0, -0.1) 23
[20:17:33.132]: (-0.2, 2.0, -0.1) 23
[20:17:33.149]: (-0.2, 2.0, -0.1) 23
[20:17:33.175]: (-0.2, 2.0, -0.1) 23
[20:17:34.101]: (0.0, 2.2, 0.1) 27
[20:17:34.123]: (0.1, 2.2, 0.1) 27
[20:17:34.145]: (0.1, 2.2, 0.1) 27
[20:17:34.612]: (0.0, 2.0, -0.1) 23
[20:17:34.635]: (0.0, 2.0, -0.1) 23
[20:17:34.785]: (0.0, 2.0, 0.0) 23
[20:17:34.805]: (0.0, 2.0, 0.0) 23
[20:17:34.824]: (0.0, 2.0, 0.0) 24
[20:17:34.842]: (0.0, 2.0, 0.0) 24
[20:17:34.861]: (0.0, 2.0, 0.0) 24
[20:17:35.452]: (-0.1, 1.9, -0.2) 9
[20:17:35.563]: (-0.2, 1.9, -0.3) 6
[20:17:35.767]: (-0.1, 1.9, -0.2) 9
[20:17:36.256]: (-0.2, 1.9, -0.3) 6
[20:17:37.053]: (-0.2, 2.1, -0.3) 7
[20:17:37.076]: (-0.1, 2.1, -0.3) 6
[20:17:38.054]: (0.1, 2.0, -0.2) 9
[20:17:38.077]: (0.1, 1.9, -0.2) 9
[20:17:38.100]: (0.1, 1.9, -0.2) 9
[20:17:38.116]: (0.1, 1.9, -0.2) 9
[20:17:38.132]: (0.1, 1.9, -0.2) 9
[20:17:38.149]: (0.1, 1.9, -0.2) 9
[20:17:38.165]: (0.1, 1.9, -0.2) 9
[20:17:38.183]: (0.1, 1.9, -0.2) 9
[20:17:38.201]: (0.1, 1.9, -0.2) 9
[20:17:38.217]: (0.1, 1.9, -0.2) 9
[20:17:38.234]: (0.1, 1.9, -0.2) 9
[20:17:38.251]: (0.1, 1.9, -0.2) 9
[20:17:38.267]: (0.1, 1.9, -0.2) 9
[20:17:38.284]: (0.1, 1.9, -0.2) 9
[20:17:38.300]: (0.1, 1.9, -0.2) 9
[20:17:38.317]: (0.1, 1.9, -0.2) 9
[20:17:38.333]: (0.1, 1.9, -0.2) 9
[20:17:38.350]: (0.1, 1.9, -0.2) 9
[20:17:38.367]: (0.1, 1.9, -0.2) 9
[20:17:38.384]: (0.1, 1.9, -0.2) 9
[20:17:38.400]: (0.1, 1.9, -0.2) 9
[20:17:38.417]: (0.1, 1.9, -0.2) 9
[20:17:38.433]: (0.1, 1.9, -0.2) 9
[20:17:38.449]: (0.1, 2.0, -0.2) 9
[20:17:38.583]: (0.1, 2.0, -0.2) 9
[20:17:38.606]: (0.1, 2.0, -0.2) 9
[20:17:38.627]: (0.1, 2.0, -0.2) 9
[20:17:38.650]: (0.1, 2.0, -0.2) 9
[20:17:38.672]: (0.1, 2.0, -0.2) 9
[20:17:38.694]: (0.1, 2.0, -0.2) 9
[20:17:38.775]: (0.1, 2.0, -0.2) 9
[20:17:38.793]: (0.1, 2.0, -0.2) 9
[20:17:38.810]: (0.1, 1.9, -0.2) 9
[20:17:38.827]: (0.1, 2.0, -0.2) 9
[20:17:38.847]: (0.1, 2.0, -0.2) 9
[20:17:38.863]: (0.1, 1.9, -0.2) 9
[20:17:38.879]: (0.1, 1.9, -0.2) 9
[20:17:38.905]: (0.1, 1.9, -0.2) 9
[20:17:38.939]: (0.1, 1.9, -0.2) 9
[20:17:38.973]: (0.1, 1.9, -0.2) 9
[20:17:39.005]: (0.1, 1.9, -0.2) 9
[20:17:39.039]: (0.1, 1.9, -0.2) 9
[20:17:39.140]: (0.1, 2.0, -0.3) 9
[20:17:39.173]: (0.1, 2.0, -0.3) 9
[20:17:39.206]: (0.1, 2.0, -0.3) 9
[20:17:39.238]: (0.1, 2.0, -0.3) 9
[20:17:39.274]: (0.1, 1.9, -0.3) 9
[20:17:39.306]: (0.1, 1.9, -0.3) 9
[20:17:39.339]: (0.1, 1.9, -0.3) 9
[20:17:39.372]: (0.1, 1.9, -0.3) 9
[20:17:39.406]: (0.1, 1.9, -0.3) 9
[20:17:39.439]: (0.1, 1.9, -0.3) 9
[20:17:39.472]: (0.1, 1.9, -0.3) 9
[20:17:39.506]: (0.1, 1.9, -0.3) 9
[20:17:39.539]: (0.1, 2.0, -0.2) 9
[20:17:39.706]: (0.2, 2.0, 0.0) 23
[20:17:39.816]: (0.2, 2.0, 0.0) 23
[20:17:39.838]: (0.2, 2.0, 0.0) 23
[20:17:39.862]: (0.2, 2.0, 0.0) 23
[20:17:42.060]: (0.1, 1.9, 0.0) 23
[20:17:42.598]: (0.1, 1.8, -0.1) 23
[20:17:42.622]: (0.1, 1.8, -0.1) 23
[20:17:42.646]: (0.1, 1.8, -0.1) 23
[20:17:42.752]: (0.1, 1.8, -0.1) 23
[20:17:42.775]: (0.1, 1.8, -0.1) 23
[20:17:42.799]: (0.1, 1.8, -0.1) 23
[20:17:42.821]: (0.1, 1.8, -0.1) 23
[20:17:42.843]: (0.1, 1.8, -0.1) 23
[20:17:42.952]: (0.1, 1.8, -0.1) 23
[20:17:42.974]: (0.1, 1.8, -0.1) 23
[20:17:42.996]: (0.1, 1.8, -0.1) 23
[20:17:43.019]: (0.1, 1.8, -0.1) 23
[20:17:43.042]: (0.1, 1.8, -0.1) 23
[20:17:43.151]: (0.1, 1.8, -0.1) 23
[20:17:43.171]: (0.1, 1.8, -0.1) 23
[20:17:43.393]: (0.1, 1.8, -0.1) 23
[20:17:43.416]: (0.1, 1.8, -0.1) 23
[20:17:43.436]: (0.1, 1.8, -0.1) 23
[20:17:43.460]: (0.1, 1.8, -0.1) 23
[20:17:43.482]: (0.1, 1.8, -0.1) 23
[20:17:43.503]: (0.1, 1.8, -0.1) 23
[20:17:43.526]: (0.1, 1.8, -0.1) 23
[20:17:43.547]: (0.1, 1.8, -0.1) 23
[20:17:43.571]: (0.1, 1.8, -0.1) 23
[20:17:43.593]: (0.1, 1.8, -0.1) 23
[20:17:43.616]: (0.1, 1.8, -0.1) 23
[20:17:43.637]: (0.1, 1.8, -0.1) 23
[20:17:43.660]: (0.1, 1.8, -0.1) 23
[20:17:43.681]: (0.1, 1.8, -0.1) 23
[20:17:43.704]: (0.1, 1.8, -0.1) 23
[20:17:43.727]: (0.1, 1.8, -0.1) 23
[20:17:43.748]: (0.1, 1.8, -0.1) 23
[20:17:43.770]: (0.1, 1.8, -0.1) 23
[20:17:43.793]: (0.1, 1.8, -0.1) 23
[20:17:43.814]: (0.1, 1.8, -0.1) 23
[20:17:43.831]: (0.1, 1.8, -0.1) 23
[20:17:43.850]: (0.1, 1.8, -0.1) 23
[20:17:43.867]: (0.1, 1.8, -0.1) 23
[20:17:43.884]: (0.1, 1.8, -0.1) 23
[20:17:43.900]: (0.1, 1.8, -0.1) 23
[20:17:43.917]: (0.1, 1.8, -0.1) 23
[20:17:43.933]: (0.1, 1.8, -0.1) 23
[20:17:43.949]: (0.1, 1.8, -0.1) 23
[20:17:43.966]: (0.1, 1.8, -0.1) 23
[20:17:43.983]: (0.1, 1.8, -0.1) 23
[20:17:44.000]: (0.1, 1.8, -0.1) 23
[20:17:44.016]: (0.1, 1.8, -0.1) 23
[20:17:44.031]: (0.1, 1.8, -0.1) 23
[20:17:44.049]: (0.1, 1.8, -0.1) 23
[20:17:44.066]: (0.1, 1.8, -0.1) 23
[20:17:44.083]: (0.1, 1.8, -0.1) 23
[20:17:44.101]: (0.1, 1.8, -0.1) 23
[20:17:44.117]: (0.1, 1.8, -0.1) 23
[20:17:44.133]: (0.1, 1.8, -0.1) 23
[20:17:44.149]: (0.1, 1.8, -0.1) 23
[20:17:44.167]: (0.1, 1.8, -0.1) 23
[20:17:44.183]: (0.1, 1.8, -0.1) 23
[20:17:44.202]: (0.1, 1.8, -0.1) 23
[20:17:44.218]: (0.1, 1.8, -0.1) 23
[20:17:44.234]: (0.1, 1.8, -0.1) 23
[20:17:44.252]: (0.1, 1.8, -0.1) 23
[20:17:44.268]: (0.1, 1.8, -0.1) 23
[20:17:44.285]: (0.1, 1.8, -0.1) 23
[20:17:44.303]: (0.1, 1.8, -0.1) 23
[20:17:44.326]: (0.1, 1.8, -0.1) 23
[20:17:45.095]: (0.1, 1.7, 0.0) 22
[20:17:45.113]: (0.1, 1.7, 0.0) 22
[20:17:45.130]: (0.1, 1.7, 0.0) 22
[20:17:45.148]: (0.1, 1.7, 0.0) 22
[20:17:45.166]: (0.2, 1.7, 0.0) 22
[20:17:45.181]: (0.2, 1.7, 0.0) 22
[20:17:45.204]: (0.2, 1.7, 0.0) 22
[20:17:45.226]: (0.2, 1.7, 0.0) 22
[20:17:45.247]: (0.2, 1.7, 0.0) 22
[20:17:45.269]: (0.2, 1.7, 0.0) 22
[20:17:45.292]: (0.1, 1.7, 0.0) 22
[20:17:45.314]: (0.1, 1.8, 0.0) 22
[20:17:46.160]: (0.2, 1.6, 0.3) 21
[20:17:46.223]: (0.2, 1.6, 0.3) 21
[20:17:48.268]: (0.2, 1.5, 0.3) 18
[20:17:48.291]: (0.2, 1.5, 0.3) 18
[20:17:48.312]: (0.2, 1.5, 0.3) 18
[20:17:48.336]: (0.2, 1.5, 0.3) 18
[20:17:48.358]: (0.2, 1.5, 0.3) 18
[20:17:48.379]: (0.2, 1.5, 0.3) 18
[20:17:48.396]: (0.2, 1.5, 0.3) 18
[20:17:48.414]: (0.2, 1.5, 0.3) 18
[20:17:48.431]: (0.2, 1.5, 0.3) 18
[20:17:48.447]: (0.2, 1.5, 0.3) 18
[20:17:48.466]: (0.2, 1.5, 0.3) 18
[20:17:48.484]: (0.2, 1.5, 0.3) 18
[20:17:48.500]: (0.2, 1.5, 0.3) 18
[20:17:48.516]: (0.2, 1.5, 0.3) 18
[20:17:48.534]: (0.2, 1.5, 0.3) 18
[20:17:48.550]: (0.2, 1.5, 0.3) 18
[20:17:48.625]: (0.2, 1.5, 0.3) 18
[20:17:48.644]: (0.2, 1.5, 0.3) 18
[20:17:48.662]: (0.2, 1.5, 0.3) 18
[20:17:48.678]: (0.2, 1.5, 0.3) 18
[20:17:48.710]: (0.2, 1.5, 0.2) 17
[20:17:48.728]: (0.2, 1.6, 0.2) 17
[20:17:48.745]: (0.2, 1.6, 0.2) 14
[20:17:48.762]: (0.2, 1.6, 0.2) 14
[20:17:48.779]: (0.2, 1.6, 0.2) 14
[20:17:48.798]: (0.2, 1.6, 0.2) 14
[20:17:48.815]: (0.2, 1.6, 0.2) 14
[20:17:48.833]: (0.2, 1.6, 0.2) 14
[20:17:48.850]: (0.2, 1.6, 0.2) 14
[20:17:48.868]: (0.2, 1.6, 0.2) 14
[20:17:48.885]: (0.2, 1.6, 0.2) 14
[20:17:48.902]: (0.2, 1.6, 0.2) 14
[20:17:48.990]: (0.5, 1.7, 0.6) 0
[20:17:49.012]: (0.5, 1.7, 0.6) 0
[20:17:49.034]: (0.5, 1.7, 0.6) 0
[20:17:50.446]: (0.2, 1.5, 0.2) 14
[20:17:50.464]: (0.2, 1.5, 0.2) 14
[20:17:50.481]: (0.2, 1.5, 0.2) 14
[20:17:50.499]: (0.2, 1.5, 0.2) 14
[20:17:50.516]: (0.2, 1.6, 0.2) 14
[20:17:50.532]: (0.2, 1.5, 0.2) 14
[20:17:50.548]: (0.2, 1.5, 0.2) 14
[20:17:50.568]: (0.2, 1.5, 0.2) 14
[20:17:50.591]: (0.2, 1.5, 0.2) 14
[20:17:50.612]: (0.2, 1.5, 0.2) 14
[20:17:55.931]: (0.1, 2.2, 0.2) 30
[20:17:55.954]: (0.1, 2.1, 0.2) 30
[20:17:55.976]: (0.1, 2.1, 0.2) 30
[20:17:55.999]: (0.1, 2.1, 0.2) 30
[20:17:57.255]: (0.1, 2.0, 0.2) 28
[20:17:57.272]: (0.1, 2.0, 0.2) 28
[20:18:00.831]: (0.3, 1.6, 0.2) 16
[20:18:00.847]: (0.3, 1.6, 0.2) 16
[20:18:00.864]: (0.3, 1.6, 0.2) 16
[20:18:00.880]: (0.3, 1.6, 0.2) 16
[20:18:00.911]: (0.3, 1.6, 0.2) 16
[20:18:00.975]: (0.3, 1.6, 0.2) 16
[20:18:00.997]: (0.3, 1.6, 0.2) 16
[20:18:01.020]: (0.2, 1.6, 0.2) 14
[20:18:01.907]: (0.2, 1.5, 0.2) 17
[20:18:01.930]: (0.2, 1.5, 0.2) 17
[20:18:01.952]: (0.2, 1.5, 0.2) 17
[20:18:01.974]: (0.2, 1.5, 0.2) 17
[20:18:01.996]: (0.2, 1.5, 0.2) 17
[20:18:02.018]: (0.2, 1.5, 0.2) 17
[20:18:03.182]: (0.3, 1.2, 0.1) 12
[20:18:03.199]: (0.3, 1.2, 0.1) 12
[20:18:03.232]: (0.3, 1.2, 0.1) 12
[20:18:04.320]: (0.3, 1.2, 0.1) 12
[20:18:04.337]: (0.3, 1.2, 0.1) 12
[20:18:04.353]: (0.3, 1.2, 0.1) 12
[20:18:04.369]: (0.3, 1.2, 0.1) 12
[20:18:04.385]: (0.3, 1.2, 0.1) 12
[20:18:04.402]: (0.3, 1.2, 0.1) 12
[20:18:04.418]: (0.3, 1.2, 0.1) 12
[20:18:04.434]: (0.3, 1.2, 0.1) 12
[20:18:04.452]: (0.3, 1.2, 0.1) 12
[20:18:04.468]: (0.3, 1.2, 0.1) 12
[20:18:04.485]: (0.3, 1.2, 0.1) 12
[20:18:04.507]: (0.3, 1.2, 0.1) 12
[20:18:04.529]: (0.3, 1.2, 0.1) 12
[20:18:04.551]: (0.3, 1.2, 0.1) 12
[20:18:04.574]: (0.3, 1.2, 0.1) 12
[20:18:04.597]: (0.3, 1.2, 0.1) 12
[20:18:04.618]: (0.3, 1.2, 0.1) 12
[20:18:04.641]: (0.3, 1.2, 0.1) 12
[20:18:04.662]: (0.3, 1.2, 0.1) 12
[20:18:04.684]: (0.3, 1.2, 0.1) 12
[20:18:04.706]: (0.3, 1.2, 0.1) 12
[20:18:04.731]: (0.3, 1.2, 0.1) 12
[20:18:04.750]: (0.3, 1.2, 0.1) 12
[20:18:04.774]: (0.3, 1.2, 0.1) 12
[20:18:04.795]: (0.3, 1.2, 0.1) 12
[20:18:04.817]: (0.3, 1.2, 0.1) 12
[20:18:04.861]: (0.2, 1.2, 0.1) 12
[20:18:05.518]: (0.2, 1.5, 0.2) 14
[20:18:05.539]: (0.2, 1.5, 0.2) 14
[20:18:05.564]: (0.2, 1.5, 0.2) 17
[20:18:05.583]: (0.2, 1.5, 0.2) 17
[20:18:05.607]: (0.2, 1.5, 0.2) 17
[20:18:05.628]: (0.2, 1.5, 0.2) 17
[20:18:05.650]: (0.2, 1.5, 0.2) 17
[20:18:05.674]: (0.2, 1.5, 0.2) 17
[20:18:05.695]: (0.2, 1.5, 0.2) 17
[20:18:05.718]: (0.2, 1.5, 0.2) 17
[20:18:05.740]: (0.2, 1.5, 0.2) 17
[20:18:05.758]: (0.2, 1.5, 0.2) 17
[20:18:05.774]: (0.2, 1.5, 0.2) 17
[20:18:05.789]: (0.2, 1.5, 0.2) 17
[20:18:05.804]: (0.2, 1.5, 0.2) 17
[20:18:05.822]: (0.2, 1.5, 0.2) 17
[20:18:05.840]: (0.2, 1.5, 0.2) 17
[20:18:05.857]: (0.2, 1.5, 0.2) 17
[20:18:05.876]: (0.2, 1.5, 0.2) 17
[20:18:05.893]: (0.2, 1.5, 0.2) 17
[20:18:05.910]: (0.2, 1.5, 0.2) 17
[20:18:05.926]: (0.2, 1.5, 0.2) 17
[20:18:05.944]: (0.2, 1.5, 0.2) 17
[20:18:05.962]: (0.2, 1.5, 0.2) 17
[20:18:05.980]: (0.2, 1.5, 0.2) 17
[20:18:05.998]: (0.2, 1.5, 0.2) 17
[20:18:06.015]: (0.2, 1.5, 0.2) 17
[20:18:06.031]: (0.2, 1.5, 0.2) 17
[20:18:06.047]: (0.2, 1.5, 0.2) 17
[20:18:06.064]: (0.2, 1.5, 0.2) 17
[20:18:06.081]: (0.2, 1.5, 0.2) 17
[20:18:06.098]: (0.2, 1.5, 0.2) 17
[20:18:06.114]: (0.2, 1.5, 0.2) 17
[20:18:06.131]: (0.2, 1.5, 0.2) 17
[20:18:06.149]: (0.2, 1.5, 0.2) 17
[20:18:06.166]: (0.2, 1.5, 0.2) 17
[20:18:06.183]: (0.2, 1.5, 0.2) 17
[20:18:06.202]: (0.2, 1.5, 0.2) 17
[20:18:06.220]: (0.2, 1.5, 0.2) 17
[20:18:06.236]: (0.2, 1.5, 0.2) 17
[20:18:06.254]: (0.2, 1.5, 0.2) 17
[20:18:06.274]: (0.2, 1.5, 0.2) 17
[20:18:06.297]: (0.2, 1.5, 0.2) 17
[20:18:06.316]: (0.2, 1.5, 0.2) 17
[20:18:06.339]: (0.2, 1.5, 0.2) 17
[20:18:06.362]: (0.2, 1.5, 0.2) 17
[20:18:06.383]: (0.2, 1.5, 0.2) 17
[20:18:06.405]: (0.2, 1.5, 0.2) 17
[20:18:06.429]: (0.2, 1.5, 0.2) 17
[20:18:07.472]: (0.3, 1.6, 0.2) 16
[20:18:08.185]: (0.3, 1.5, 0.2) 20
[20:18:08.207]: (0.3, 1.5, 0.2) 20
[20:18:08.227]: (0.3, 1.5, 0.2) 20
[20:18:08.250]: (0.3, 1.5, 0.2) 20
[20:18:08.272]: (0.2, 1.5, 0.2) 20
[20:18:18.360]: (0.2, 1.2, 0.1) 12
[20:18:18.445]: (0.2, 1.2, 0.1) 12
[20:18:18.467]: (0.2, 1.2, 0.1) 12
[20:18:18.491]: (0.2, 1.2, 0.1) 12
[20:18:18.512]: (0.2, 1.2, 0.1) 12
[20:18:20.167]: (0.2, 1.5, 0.2) 17
[20:18:20.190]: (0.2, 1.5, 0.2) 17
[20:18:20.212]: (0.2, 1.5, 0.2) 17
[20:18:20.233]: (0.2, 1.5, 0.2) 17
[20:18:20.255]: (0.2, 1.5, 0.2) 17
[20:18:20.277]: (0.2, 1.5, 0.2) 17
[20:18:20.299]: (0.2, 1.5, 0.2) 17
[20:18:20.323]: (0.2, 1.5, 0.2) 17
[20:18:20.344]: (0.2, 1.5, 0.2) 17
[20:18:20.366]: (0.2, 1.5, 0.2) 17
[20:18:20.389]: (0.2, 1.5, 0.2) 17
[20:18:20.411]: (0.2, 1.5, 0.2) 17
[20:18:20.433]: (0.2, 1.5, 0.2) 17
[20:18:20.455]: (0.2, 1.5, 0.2) 17
[20:18:20.492]: (0.2, 1.5, 0.2) 14
[20:18:20.509]: (0.2, 1.5, 0.2) 14
[20:18:20.526]: (0.2, 1.5, 0.2) 14
[20:18:20.545]: (0.2, 1.5, 0.2) 14
[20:18:20.561]: (0.2, 1.5, 0.2) 14
[20:18:20.579]: (0.2, 1.5, 0.2) 14
[20:18:20.597]: (0.2, 1.5, 0.2) 14
[20:18:20.613]: (0.2, 1.5, 0.2) 14
[20:18:23.995]: (0.3, 1.5, 0.3) 15
[20:18:24.010]: (0.3, 1.5, 0.3) 15
[20:18:24.057]: (0.3, 1.5, 0.3) 15
[20:18:24.074]: (0.3, 1.5, 0.3) 15
[20:18:24.090]: (0.3, 1.5, 0.3) 15
[20:18:24.105]: (0.3, 1.5, 0.3) 15
[20:18:24.122]: (0.3, 1.5, 0.3) 15
[20:18:24.138]: (0.3, 1.5, 0.3) 15
[20:18:24.154]: (0.3, 1.5, 0.3) 15
[20:18:24.170]: (0.3, 1.5, 0.3) 15
[20:18:24.188]: (0.3, 1.5, 0.3) 15
[20:18:24.207]: (0.3, 1.5, 0.3) 15
[20:18:25.659]: (0.3, 1.5, 0.3) 15
[20:18:25.676]: (0.3, 1.5, 0.3) 15
[20:18:25.693]: (0.3, 1.5, 0.3) 15
[20:18:25.708]: (0.3, 1.5, 0.3) 15
[20:18:25.723]: (0.3, 1.5, 0.3) 15
[20:18:25.740]: (0.3, 1.5, 0.3) 15
[20:18:25.754]: (0.3, 1.5, 0.3) 15
[20:18:25.771]: (0.3, 1.5, 0.3) 15
[20:18:25.787]: (0.3, 1.5, 0.3) 15
[20:18:25.802]: (0.3, 1.5, 0.3) 15
