[20:40:10.424]: (-2.8, 0.0, 1.3) 21
[20:40:10.642]: (-2.0, 1.2, 0.9) 12
[20:40:10.662]: (-2.0, 1.3, 0.9) 12
[20:40:10.704]: (-2.0, 1.6, 1.0) 13
[20:40:10.747]: (-2.0, 1.7, 1.0) 13
[20:40:10.771]: (-1.8, 1.8, 1.0) 11
[20:40:10.791]: (-1.8, 1.9, 1.0) 11
[20:40:10.837]: (-1.7, 2.0, 1.0) 11
[20:40:10.945]: (-1.6, 2.2, 0.9) 12
[20:40:10.967]: (-1.5, 2.2, 0.9) 12
[20:40:11.057]: (-1.5, 2.4, 0.9) 13
[20:40:11.487]: (-1.5, 2.2, 0.9) 12
[20:40:11.520]: (-1.5, 2.2, 0.8) 12
[20:40:11.554]: (-1.5, 2.2, 0.8) 12
[20:40:11.588]: (-1.5, 2.2, 0.8) 12
[20:40:11.619]: (-1.5, 2.2, 0.8) 12
[20:40:11.654]: (-1.5, 2.2, 0.8) 12
[20:40:11.675]: (-1.5, 2.2, 0.8) 12
[20:40:11.697]: (-1.5, 2.2, 0.8) 12
[20:40:11.720]: (-1.5, 2.3, 0.8) 12
[20:40:11.742]: (-1.5, 2.2, 0.8) 12
[20:40:11.764]: (-1.5, 2.4, 0.9) 13
[20:40:11.787]: (-1.7, 3.0, 1.2) 15
[20:40:11.830]: (-1.7, 3.0, 1.2) 15
[20:40:11.875]: (-1.7, 2.9, 1.2) 15
[20:40:11.897]: (-1.7, 2.9, 1.2) 20
[20:40:11.919]: (-1.7, 2.9, 1.2) 20
[20:40:11.941]: (-1.7, 2.9, 1.2) 20
[20:40:11.964]: (-1.6, 2.9, 1.2) 20
[20:40:11.986]: (-1.6, 2.9, 1.2) 20
[20:40:12.008]: (-1.6, 2.9, 1.2) 20
[20:40:12.031]: (-1.6, 2.9, 1.2) 20
[20:40:12.052]: (-1.7, 3.0, 1.3) 19
[20:40:12.074]: (-1.7, 2.8, 1.2) 20
[20:40:13.977]: (-1.3, 3.4, 1.6) 30
[20:40:14.094]: (-1.4, 3.1, 1.7) 29
[20:40:15.002]: (-0.8, 2.6, 1.1) 25
[20:40:15.519]: (-1.5, 2.0, 1.0) 19
[20:40:15.540]: (-1.5, 2.0, 1.0) 19
[20:40:15.564]: (-1.6, 2.0, 1.0) 19
[20:40:15.585]: (-1.5, 2.0, 0.8) 20
[20:40:15.607]: (-1.4, 1.9, 0.8) 20
[20:40:15.630]: (-1.6, 2.0, 1.0) 19
[20:40:15.652]: (-1.5, 2.0, 1.0) 19
[20:40:15.674]: (-1.5, 2.0, 0.9) 15
[20:40:15.696]: (-1.5, 2.0, 0.9) 15
[20:40:15.719]: (-1.5, 2.0, 1.0) 19
[20:40:16.195]: (-1.0, 2.8, 0.9) 28
[20:40:16.216]: (-1.0, 2.8, 0.9) 28
[20:40:17.160]: (-0.8, 2.1, 0.6) 25
[20:40:17.183]: (-0.7, 2.1, 0.7) 25
[20:40:17.205]: (-0.7, 2.0, 0.7) 25
[20:40:17.227]: (-0.7, 2.0, 0.6) 25
[20:40:17.249]: (-0.7, 2.0, 0.6) 25
[20:40:17.271]: (-0.7, 2.0, 0.6) 25
[20:40:17.294]: (-0.7, 2.0, 0.7) 25
[20:40:17.315]: (-0.7, 2.0, 0.7) 25
[20:40:17.334]: (-0.7, 2.0, 0.7) 25
[20:40:17.353]: (-0.7, 2.0, 0.7) 25
[20:40:17.371]: (-0.7, 2.0, 0.7) 25
[20:40:17.388]: (-0.7, 2.0, 0.7) 25
[20:40:17.405]: (-0.7, 2.0, 0.7) 25
[20:40:17.426]: (-0.7, 2.0, 0.7) 25
[20:40:17.447]: (-0.7, 2.0, 0.7) 25
[20:40:17.518]: (-0.7, 2.0, 0.7) 22
[20:40:17.540]: (-0.6, 2.0, 0.7) 22
[20:40:17.828]: (-0.7, 2.0, 0.7) 25
[20:40:17.851]: (-0.8, 2.0, 0.7) 25
[20:40:18.148]: (-1.1, 2.0, 0.8) 28
[20:40:18.254]: (-1.1, 1.9, 0.9) 29
[20:40:18.276]: (-1.2, 1.9, 0.9) 29
[20:40:18.293]: (-1.1, 1.9, 0.9) 29
[20:40:18.309]: (-1.1, 1.9, 0.9) 29
[20:40:18.325]: (-1.1, 1.9, 0.9) 29
[20:40:18.342]: (-1.1, 1.9, 1.0) 29
[20:40:19.528]: (-0.8, 2.0, 0.5) 28
[20:40:19.550]: (-0.8, 2.0, 0.5) 28
[20:40:19.660]: (-1.0, 2.0, 0.5) 29
[20:40:19.683]: (-1.0, 2.0, 0.5) 29
[20:40:19.941]: (-1.0, 2.0, 0.5) 29
[20:40:19.979]: (-0.8, 2.0, 0.4) 28
[20:40:20.231]: (-0.8, 2.1, 0.4) 29
[20:40:20.292]: (-0.8, 2.1, 0.4) 29
[20:40:20.313]: (-0.8, 2.1, 0.4) 29
[20:40:20.337]: (-0.7, 2.1, 0.4) 27
[20:40:20.361]: (-0.7, 2.1, 0.3) 28
[20:40:20.385]: (-0.7, 2.1, 0.4) 27
[20:40:20.406]: (-0.7, 2.1, 0.4) 27
[20:40:20.428]: (-0.7, 2.1, 0.3) 27
[20:40:20.448]: (-0.7, 2.1, 0.3) 27
[20:40:20.968]: (-0.4, 1.6, 0.3) 25
[20:40:20.987]: (-0.4, 1.6, 0.3) 25
[20:40:21.169]: (-0.4, 1.6, 0.3) 25
[20:40:21.185]: (-0.4, 1.5, 0.3) 25
[20:40:21.203]: (-0.3, 1.5, 0.3) 25
[20:40:21.219]: (-0.3, 1.5, 0.3) 25
[20:40:21.237]: (-0.3, 1.5, 0.3) 25
[20:40:21.268]: (-0.4, 1.6, 0.3) 25
[20:40:21.285]: (-0.3, 1.5, 0.3) 25
[20:40:21.303]: (-0.4, 1.5, 0.4) 25
[20:40:21.319]: (-0.3, 1.5, 0.3) 25
[20:40:21.483]: (-0.3, 1.5, 0.4) 23
[20:40:21.505]: (-0.3, 1.5, 0.4) 23
[20:40:21.526]: (-0.2, 1.5, 0.4) 23
[20:40:21.815]: (-0.2, 1.5, 0.4) 23
[20:40:21.837]: (-0.2, 1.5, 0.4) 23
[20:40:21.855]: (-0.2, 1.5, 0.4) 23
[20:40:21.872]: (-0.2, 1.5, 0.4) 23
[20:40:21.888]: (-0.2, 1.5, 0.3) 23
[20:40:21.905]: (-0.2, 1.5, 0.3) 23
[20:40:21.924]: (-0.2, 1.5, 0.3) 23
[20:40:21.940]: (-0.2, 1.5, 0.3) 23
[20:40:21.957]: (-0.3, 1.5, 0.3) 23
[20:40:21.973]: (-0.3, 1.5, 0.4) 23
[20:40:21.990]: (-0.3, 1.5, 0.4) 23
[20:40:22.007]: (-0.3, 1.5, 0.4) 23
[20:40:22.071]: (-0.3, 1.5, 0.4) 23
[20:40:22.090]: (-0.3, 1.5, 0.4) 23
[20:40:22.123]: (-0.3, 1.5, 0.4) 23
[20:40:22.140]: (-0.3, 1.5, 0.4) 23
[20:40:22.157]: (-0.3, 1.5, 0.4) 23
[20:40:22.173]: (-0.3, 1.5, 0.4) 23
[20:40:22.190]: (-0.3, 1.5, 0.3) 23
[20:40:22.315]: (0.5, 0.9, 0.4) 7
[20:40:22.382]: (0.4, 1.0, 0.4) 6
[20:40:22.404]: (0.4, 1.0, 0.4) 6
[20:40:22.448]: (0.4, 1.0, 0.4) 6
[20:40:22.560]: (0.5, 0.9, 0.5) 7
[20:40:22.582]: (0.4, 0.9, 0.5) 7
[20:40:22.993]: (-0.2, 1.5, 0.3) 23
[20:40:23.010]: (-0.2, 1.4, 0.4) 23
[20:40:23.029]: (-0.3, 1.5, 0.3) 23
[20:40:23.046]: (-0.3, 1.5, 0.4) 23
[20:40:23.314]: (-0.3, 1.5, 0.3) 22
[20:40:23.359]: (-0.3, 1.6, 0.3) 22
[20:40:23.493]: (-0.4, 1.6, 0.3) 25
[20:40:23.515]: (-0.4, 1.6, 0.3) 25
[20:40:23.537]: (-0.4, 1.6, 0.3) 25
[20:40:23.559]: (-0.4, 1.6, 0.3) 25
[20:40:23.581]: (-0.4, 1.6, 0.3) 25
[20:40:23.604]: (-0.3, 1.6, 0.3) 25
[20:40:23.625]: (-0.3, 1.6, 0.3) 25
[20:40:23.740]: (-0.6, 2.2, 0.2) 29
[20:40:23.772]: (-0.6, 2.1, 0.2) 29
[20:40:23.788]: (-0.6, 2.1, 0.2) 29
[20:40:23.820]: (-0.6, 2.1, 0.2) 29
[20:40:23.852]: (-0.6, 2.1, 0.2) 29
[20:40:23.917]: (-0.6, 2.1, 0.3) 29
[20:40:23.947]: (-0.6, 2.1, 0.2) 29
[20:40:23.964]: (-0.6, 2.1, 0.2) 29
[20:40:24.011]: (-0.6, 2.1, 0.2) 27
[20:40:24.027]: (-0.6, 2.2, 0.2) 27
[20:40:24.043]: (-0.6, 2.2, 0.2) 27
[20:40:24.060]: (-0.6, 2.1, 0.2) 27
[20:40:24.081]: (-0.6, 2.1, 0.2) 29
[20:40:24.147]: (-0.6, 2.1, 0.2) 27
[20:40:24.169]: (-0.6, 2.1, 0.2) 27
[20:40:24.193]: (-0.7, 2.1, 0.2) 29
[20:40:24.214]: (-0.7, 2.1, 0.2) 29
[20:40:24.236]: (-0.7, 2.1, 0.2) 29
[20:40:24.259]: (-0.7, 2.1, 0.2) 29
[20:40:24.281]: (-0.7, 2.1, 0.2) 29
[20:40:24.303]: (-0.7, 2.1, 0.2) 29
[20:40:24.324]: (-0.7, 2.1, 0.2) 29
[20:40:24.349]: (-0.7, 2.1, 0.2) 29
[20:40:24.371]: (-0.7, 2.1, 0.2) 29
[20:40:24.863]: (-0.5, 1.9, 0.0) 28
[20:40:24.883]: (-0.5, 1.9, 0.0) 28
[20:40:24.905]: (-0.5, 1.9, 0.0) 28
[20:40:24.925]: (-0.5, 1.9, 0.0) 28
[20:40:24.945]: (-0.5, 1.9, 0.0) 28
[20:40:24.966]: (-0.5, 1.8, -0.1) 28
[20:40:24.988]: (-0.5, 1.8, -0.1) 28
[20:40:25.012]: (-0.5, 1.8, -0.1) 28
[20:40:25.034]: (-0.5, 1.8, -0.1) 28
[20:40:25.056]: (-0.5, 1.8, -0.1) 28
[20:40:25.079]: (-0.5, 1.8, -0.1) 28
[20:40:25.101]: (-0.5, 1.8, -0.1) 28
[20:40:25.124]: (-0.5, 1.8, -0.1) 28
[20:40:25.147]: (-0.5, 1.8, -0.1) 28
[20:40:25.341]: (-1.1, 1.3, 0.4) 17
[20:40:25.440]: (-1.3, 1.3, 0.6) 19
[20:40:25.507]: (-1.3, 1.3, 0.6) 19
[20:40:25.607]: (-1.3, 1.2, 0.5) 18
[20:40:25.673]: (-1.2, 1.2, 0.5) 18
[20:40:25.707]: (-1.2, 1.2, 0.5) 18
[20:40:25.741]: (-1.2, 1.2, 0.5) 18
[20:40:25.774]: (-1.2, 1.2, 0.6) 18
[20:40:25.840]: (-1.2, 1.2, 0.7) 20
[20:40:25.875]: (-1.1, 1.2, 0.7) 20
[20:40:25.908]: (-1.1, 1.2, 0.7) 20
[20:40:25.974]: (-1.0, 1.2, 0.5) 16
[20:40:25.995]: (-1.0, 1.2, 0.5) 16
[20:40:26.018]: (-1.0, 1.2, 0.5) 16
[20:40:26.040]: (-1.0, 1.2, 0.5) 16
[20:40:26.064]: (-1.0, 1.2, 0.5) 16
[20:40:26.085]: (-1.0, 1.2, 0.5) 16
[20:40:26.194]: (-1.3, 1.2, 0.6) 20
[20:40:26.213]: (-1.3, 1.2, 0.6) 20
[20:40:26.237]: (-1.2, 1.2, 0.6) 20
[20:40:26.257]: (-1.2, 1.2, 0.6) 20
[20:40:26.280]: (-1.2, 1.2, 0.6) 20
[20:40:26.303]: (-1.2, 1.2, 0.6) 20
[20:40:26.325]: (-1.2, 1.2, 0.6) 20
[20:40:26.347]: (-1.2, 1.2, 0.6) 20
[20:40:26.370]: (-1.2, 1.2, 0.6) 20
[20:40:26.390]: (-1.2, 1.2, 0.6) 20
[20:40:26.414]: (-1.2, 1.2, 0.6) 20
[20:40:26.437]: (-1.2, 1.2, 0.6) 20
[20:40:26.457]: (-1.1, 1.3, 0.5) 15
[20:40:26.480]: (-1.1, 1.3, 0.5) 14
[20:40:26.503]: (-1.1, 1.3, 0.5) 14
[20:40:26.524]: (-1.1, 1.3, 0.5) 14
[20:40:26.549]: (-1.1, 1.3, 0.5) 14
[20:40:26.568]: (-1.0, 1.3, 0.5) 14
[20:40:26.593]: (-1.1, 1.3, 0.5) 14
[20:40:26.615]: (-1.1, 1.3, 0.5) 14
[20:40:26.635]: (-1.1, 1.3, 0.5) 14
[20:40:26.658]: (-1.1, 1.3, 0.5) 14
[20:40:26.680]: (-1.1, 1.3, 0.5) 14
[20:40:26.704]: (-1.1, 1.3, 0.5) 14
[20:40:26.726]: (-1.1, 1.3, 0.5) 14
[20:40:26.749]: (-1.1, 1.3, 0.5) 14
[20:40:26.862]: (-1.2, 1.2, 0.6) 20
[20:40:26.885]: (-1.2, 1.2, 0.6) 20
[20:40:26.906]: (-1.2, 1.2, 0.6) 20
[20:40:26.929]: (-1.2, 1.2, 0.6) 20
[20:40:26.951]: (-1.2, 1.2, 0.6) 20
[20:40:26.996]: (-1.3, 1.2, 0.6) 20
[20:40:27.041]: (-1.3, 1.2, 0.6) 20
[20:40:27.063]: (-1.2, 1.2, 0.5) 15
[20:40:27.085]: (-1.2, 1.2, 0.5) 15
[20:40:27.241]: (-1.2, 1.3, 0.6) 20
[20:40:27.263]: (-1.2, 1.3, 0.6) 20
[20:40:27.284]: (-1.1, 1.3, 0.6) 20
[20:40:27.307]: (-1.1, 1.4, 0.5) 15
[20:40:27.328]: (-1.1, 1.4, 0.6) 15
[20:40:27.352]: (-1.1, 1.4, 0.6) 20
[20:40:27.374]: (-1.1, 1.4, 0.6) 20
[20:40:27.397]: (-1.1, 1.4, 0.6) 20
[20:40:27.418]: (-1.1, 1.4, 0.6) 20
[20:40:27.441]: (-1.1, 1.4, 0.6) 20
[20:40:27.461]: (-1.1, 1.4, 0.6) 20
[20:40:27.484]: (-1.1, 1.4, 0.6) 20
[20:40:27.507]: (-1.1, 1.4, 0.6) 20
[20:40:27.530]: (-1.1, 1.4, 0.6) 20
[20:40:27.554]: (-1.1, 1.5, 0.6) 20
[20:40:27.575]: (-1.1, 1.5, 0.6) 20
[20:40:27.600]: (-1.1, 1.5, 0.6) 20
[20:40:27.622]: (-1.1, 1.5, 0.6) 20
[20:40:27.682]: (-1.0, 1.4, 0.4) 16
[20:40:27.705]: (-1.0, 1.4, 0.4) 16
[20:40:27.726]: (-1.0, 1.4, 0.4) 16
[20:40:27.767]: (-0.8, 1.6, 0.3) 21
[20:40:28.135]: (-0.3, 2.1, 0.2) 32
[20:40:28.169]: (-0.3, 2.1, 0.2) 32
[20:40:28.203]: (-0.3, 2.0, 0.2) 29
[20:40:28.271]: (-0.3, 2.1, 0.2) 32
[20:40:28.302]: (-0.3, 2.0, 0.2) 29
[20:40:28.335]: (-0.1, 1.8, 0.2) 28
[20:40:28.369]: (-0.1, 1.8, 0.2) 28
[20:40:28.402]: (-0.2, 1.9, 0.2) 28
[20:40:28.435]: (-0.2, 1.9, 0.2) 27
[20:40:28.469]: (-0.2, 1.9, 0.2) 27
[20:40:28.502]: (-0.2, 1.9, 0.2) 27
[20:40:28.534]: (-0.2, 1.9, 0.2) 27
[20:40:28.624]: (-0.2, 1.9, 0.2) 28
[20:40:28.668]: (-0.2, 1.9, 0.2) 27
[20:40:28.691]: (-0.2, 1.9, 0.2) 27
[20:40:28.717]: (-0.2, 1.9, 0.2) 28
[20:40:28.740]: (-0.2, 1.9, 0.2) 28
[20:40:28.761]: (-0.2, 1.9, 0.2) 28
[20:40:29.145]: (-0.5, 1.8, 0.1) 28
[20:40:30.244]: (-0.6, 1.7, 0.1) 28
[20:40:30.268]: (-0.5, 1.8, 0.1) 28
[20:40:30.288]: (-0.5, 1.8, 0.1) 28
[20:40:30.312]: (-0.5, 1.8, 0.1) 28
[20:40:30.335]: (-0.6, 1.8, 0.1) 28
[20:40:30.356]: (-0.6, 1.8, 0.1) 28
[20:40:30.378]: (-0.6, 1.8, 0.1) 28
[20:40:30.402]: (-0.5, 1.8, 0.1) 28
[20:40:30.422]: (-0.6, 1.8, 0.1) 28
[20:40:30.446]: (-0.5, 1.8, 0.1) 28
[20:40:30.468]: (-0.6, 1.8, 0.1) 28
[20:40:30.485]: (-0.5, 1.8, 0.1) 28
[20:40:30.502]: (-0.5, 1.8, 0.1) 28
[20:40:30.518]: (-0.5, 1.8, 0.1) 28
[20:40:30.536]: (-0.5, 1.8, 0.1) 28
[20:40:30.553]: (-0.5, 1.8, 0.1) 28
[20:40:30.570]: (-0.5, 1.8, 0.1) 28
[20:40:30.588]: (-0.5, 1.8, 0.1) 28
[20:40:30.605]: (-0.5, 1.8, 0.1) 28
[20:40:30.622]: (-0.5, 1.8, 0.1) 28
[20:40:30.638]: (-0.5, 1.8, 0.1) 28
[20:40:30.656]: (-0.5, 1.8, 0.1) 28
[20:40:30.671]: (-0.5, 1.8, 0.1) 28
[20:40:30.687]: (-0.5, 1.8, 0.1) 28
[20:40:30.704]: (-0.5, 1.8, 0.1) 28
[20:40:30.722]: (-0.5, 1.8, 0.1) 28
[20:40:30.738]: (-0.5, 1.8, 0.1) 28
[20:40:30.754]: (-0.6, 1.7, 0.1) 28
[20:40:30.771]: (-0.6, 1.7, 0.1) 28
[20:40:30.788]: (-0.6, 1.7, 0.1) 28
[20:40:30.805]: (-0.6, 1.8, 0.1) 28
[20:40:30.823]: (-0.6, 1.8, 0.1) 28
[20:40:30.841]: (-0.6, 1.8, 0.1) 28
[20:40:30.856]: (-0.6, 1.8, 0.1) 28
[20:40:30.874]: (-0.6, 1.8, 0.1) 28
[20:40:30.890]: (-0.6, 1.8, 0.1) 28
[20:40:30.908]: (-0.6, 1.8, 0.1) 28
[20:40:30.925]: (-0.6, 1.8, 0.1) 28
[20:40:30.942]: (-0.6, 1.8, 0.1) 28
[20:40:30.959]: (-0.6, 1.8, 0.1) 28
[20:40:30.976]: (-0.6, 1.8, 0.1) 28
[20:40:31.000]: (-0.6, 1.8, 0.1) 28
[20:40:31.022]: (-0.6, 1.8, 0.1) 28
[20:40:31.046]: (-0.6, 1.8, 0.1) 28
[20:40:31.066]: (-0.6, 1.8, 0.1) 27
[20:40:31.089]: (-0.7, 1.8, 0.1) 29
[20:40:31.111]: (-0.7, 1.8, 0.1) 29
[20:40:31.134]: (-0.7, 1.8, 0.1) 29
[20:40:31.156]: (-0.7, 1.8, 0.1) 29
[20:40:31.177]: (-0.7, 1.8, 0.1) 29
[20:40:31.201]: (-0.7, 1.8, 0.1) 29
[20:40:31.222]: (-0.7, 1.8, 0.1) 29
[20:40:33.565]: (-0.6, 1.8, 0.1) 28
[20:40:33.587]: (-0.6, 1.8, 0.1) 28
[20:40:33.610]: (-0.6, 1.7, 0.1) 28
[20:40:33.633]: (-0.6, 1.8, 0.1) 28
[20:40:33.654]: (-0.6, 1.8, 0.1) 28
[20:40:33.677]: (-0.6, 1.8, 0.1) 28
[20:40:33.699]: (-0.6, 1.8, 0.1) 28
[20:40:33.721]: (-0.6, 1.8, 0.1) 28
[20:40:33.744]: (-0.6, 1.7, 0.1) 28
[20:40:33.765]: (-0.6, 1.8, 0.1) 28
[20:40:33.788]: (-0.6, 1.8, 0.1) 28
[20:40:33.810]: (-0.6, 1.8, 0.1) 28
[20:40:33.833]: (-0.6, 1.8, 0.1) 28
[20:40:33.855]: (-0.6, 1.8, 0.1) 28
[20:40:33.876]: (-0.6, 1.8, 0.1) 28
[20:40:33.899]: (-0.6, 1.8, 0.1) 28
[20:40:33.920]: (-0.6, 1.8, 0.1) 28
[20:40:33.938]: (-0.6, 1.8, 0.1) 28
[20:40:33.955]: (-0.6, 1.8, 0.1) 28
[20:40:33.972]: (-0.6, 1.8, 0.1) 28
[20:40:33.989]: (-0.6, 1.8, 0.1) 28
[20:40:34.007]: (-0.6, 1.8, 0.1) 28
[20:40:34.024]: (-0.6, 1.8, 0.1) 28
[20:40:34.040]: (-0.6, 1.8, 0.1) 28
[20:40:34.057]: (-0.6, 1.8, 0.1) 28
[20:40:34.074]: (-0.6, 1.8, 0.1) 28
[20:40:34.090]: (-0.6, 1.8, 0.2) 27
[20:40:34.151]: (-0.6, 1.8, 0.2) 27
[20:40:36.664]: (-0.4, 1.3, 0.3) 22
[20:40:36.711]: (-0.4, 1.3, 0.3) 22
[20:40:36.836]: (-0.4, 1.3, 0.3) 22
[20:40:36.852]: (-0.5, 1.2, 0.3) 22
[20:40:36.869]: (-0.5, 1.2, 0.3) 22
[20:40:36.901]: (-0.5, 1.2, 0.4) 23
[20:40:37.054]: (-0.5, 1.2, 0.4) 23
[20:40:37.075]: (-0.5, 1.2, 0.3) 22
[20:40:37.099]: (-0.5, 1.2, 0.4) 23
[20:40:37.121]: (-0.5, 1.2, 0.3) 22
[20:40:37.299]: (-0.4, 1.1, 0.4) 23
[20:40:37.320]: (-0.4, 1.1, 0.4) 23
[20:40:37.343]: (-0.4, 1.2, 0.4) 23
[20:40:37.368]: (-0.4, 1.1, 0.4) 23
[20:40:37.387]: (-0.4, 1.2, 0.4) 23
[20:40:37.404]: (-0.4, 1.2, 0.4) 23
[20:40:37.421]: (-0.5, 1.2, 0.4) 23
[20:40:37.438]: (-0.4, 1.2, 0.3) 22
[20:40:37.456]: (-0.4, 1.2, 0.3) 22
[20:40:37.474]: (-0.4, 1.2, 0.3) 22
[20:40:37.491]: (-0.4, 1.2, 0.3) 22
[20:40:37.508]: (-0.4, 1.2, 0.3) 22
[20:40:37.524]: (-0.5, 1.2, 0.3) 22
[20:40:37.542]: (-0.4, 1.2, 0.3) 22
[20:40:37.558]: (-0.4, 1.2, 0.3) 22
[20:40:37.574]: (-0.4, 1.2, 0.3) 22
[20:40:37.590]: (-0.4, 1.2, 0.3) 22
[20:40:37.608]: (-0.4, 1.2, 0.3) 22
[20:40:37.624]: (-0.4, 1.2, 0.3) 22
[20:40:37.642]: (-0.5, 1.2, 0.3) 22
[20:40:37.659]: (-0.4, 1.2, 0.3) 22
[20:40:37.677]: (-0.5, 1.2, 0.3) 22
[20:40:37.694]: (-0.5, 1.2, 0.3) 25
[20:40:37.742]: (-0.5, 1.2, 0.3) 25
[20:40:37.774]: (-0.5, 1.2, 0.3) 25
[20:40:37.791]: (-0.5, 1.2, 0.3) 25
[20:40:37.838]: (-0.5, 1.2, 0.3) 25
[20:40:37.856]: (-0.5, 1.2, 0.3) 25
[20:40:37.873]: (-0.5, 1.2, 0.3) 25
[20:40:37.889]: (-0.5, 1.2, 0.3) 25
[20:40:37.909]: (-0.5, 1.2, 0.3) 25
[20:40:37.932]: (-0.5, 1.2, 0.3) 25
[20:40:37.954]: (-0.5, 1.2, 0.3) 25
[20:40:37.976]: (-0.5, 1.2, 0.3) 25
[20:40:37.998]: (-0.5, 1.2, 0.3) 25
[20:40:38.020]: (-0.5, 1.2, 0.3) 25
[20:40:38.043]: (-0.5, 1.2, 0.3) 25
[20:40:38.065]: (-0.5, 1.2, 0.3) 25
[20:40:38.086]: (-0.5, 1.2, 0.3) 25
[20:40:38.986]: (-0.6, 1.7, 0.2) 28
[20:40:39.008]: (-0.6, 1.7, 0.2) 28
[20:40:39.665]: (-0.6, 1.8, 0.1) 28
[20:40:39.687]: (-0.6, 1.7, 0.1) 28
[20:40:39.709]: (-0.6, 1.7, 0.1) 28
[20:40:39.732]: (-0.6, 1.8, 0.1) 28
[20:40:39.753]: (-0.6, 1.8, 0.1) 28
[20:40:39.776]: (-0.6, 1.8, 0.1) 28
[20:40:39.798]: (-0.6, 1.7, 0.1) 28
[20:40:39.821]: (-0.6, 1.7, 0.1) 28
[20:40:39.843]: (-0.6, 1.7, 0.1) 28
[20:40:39.864]: (-0.6, 1.7, 0.1) 28
[20:40:39.887]: (-0.6, 1.7, 0.1) 28
[20:40:39.909]: (-0.6, 1.7, 0.1) 28
[20:40:39.931]: (-0.6, 1.7, 0.1) 28
[20:40:39.953]: (-0.6, 1.7, 0.1) 28
[20:40:39.976]: (-0.6, 1.7, 0.1) 28
[20:40:39.997]: (-0.6, 1.7, 0.1) 28
[20:40:40.019]: (-0.6, 1.7, 0.1) 28
[20:40:40.036]: (-0.6, 1.8, 0.1) 28
[20:40:40.184]: (-0.5, 1.2, 0.4) 23
[20:40:40.204]: (-0.5, 1.2, 0.4) 23
[20:40:40.222]: (-0.5, 1.2, 0.4) 23
[20:40:40.240]: (-0.5, 1.2, 0.3) 22
[20:40:40.257]: (-0.5, 1.2, 0.3) 22
[20:40:40.274]: (-0.5, 1.2, 0.3) 22
[20:40:40.291]: (-0.5, 1.2, 0.3) 22
[20:40:40.308]: (-0.5, 1.2, 0.3) 22
[20:40:40.327]: (-0.5, 1.2, 0.3) 22
[20:40:40.345]: (-0.5, 1.2, 0.3) 22
[20:40:40.362]: (-0.5, 1.2, 0.3) 22
[20:40:40.378]: (-0.5, 1.2, 0.3) 22
[20:40:40.395]: (-0.5, 1.2, 0.3) 22
[20:40:40.413]: (-0.5, 1.2, 0.3) 22
[20:40:40.433]: (-0.5, 1.3, 0.3) 22
[20:40:40.451]: (-0.5, 1.3, 0.3) 22
[20:40:40.470]: (-0.5, 1.3, 0.3) 22
[20:40:40.630]: (-0.5, 1.2, 0.3) 25
[20:40:40.652]: (-0.5, 1.2, 0.3) 25
[20:40:40.675]: (-0.5, 1.2, 0.3) 25
[20:40:40.697]: (-0.5, 1.2, 0.3) 25
[20:40:40.719]: (-0.5, 1.2, 0.3) 25
[20:40:40.742]: (-0.5, 1.2, 0.3) 25
[20:40:40.765]: (-0.5, 1.2, 0.3) 25
[20:40:40.787]: (-0.5, 1.2, 0.3) 25
[20:40:40.808]: (-0.5, 1.2, 0.3) 25
[20:40:40.831]: (-0.5, 1.2, 0.3) 25
[20:40:40.853]: (-0.5, 1.2, 0.3) 25
[20:40:40.875]: (-0.5, 1.2, 0.3) 25
[20:40:40.897]: (-0.5, 1.2, 0.3) 25
[20:40:40.920]: (-0.5, 1.2, 0.3) 25
[20:40:40.942]: (-0.5, 1.2, 0.3) 25
[20:40:40.960]: (-0.5, 1.2, 0.3) 25
[20:40:40.977]: (-0.5, 1.2, 0.3) 25
[20:40:40.996]: (-0.5, 1.2, 0.3) 25
[20:40:41.015]: (-0.5, 1.2, 0.3) 25
[20:40:41.032]: (-0.5, 1.2, 0.3) 25
[20:40:41.049]: (-0.5, 1.2, 0.3) 25
[20:40:41.542]: (-0.4, 1.1, 0.4) 23
[20:40:41.565]: (-0.4, 1.2, 0.3) 22
[20:40:41.587]: (-0.4, 1.2, 0.3) 22
[20:40:41.607]: (-0.4, 1.2, 0.3) 22
[20:40:41.630]: (-0.4, 1.2, 0.3) 22
[20:40:41.653]: (-0.4, 1.2, 0.3) 22
[20:40:41.674]: (-0.4, 1.2, 0.3) 22
[20:40:41.697]: (-0.4, 1.2, 0.3) 22
[20:40:41.720]: (-0.4, 1.2, 0.3) 22
[20:40:41.743]: (-0.4, 1.2, 0.3) 22
[20:40:41.763]: (-0.4, 1.2, 0.3) 22
[20:40:41.786]: (-0.4, 1.2, 0.3) 22
[20:40:41.809]: (-0.4, 1.2, 0.3) 22
[20:40:41.826]: (-0.4, 1.2, 0.3) 22
[20:40:41.843]: (-0.4, 1.2, 0.3) 22
[20:40:41.860]: (-0.4, 1.2, 0.3) 22
[20:40:41.880]: (-0.4, 1.2, 0.3) 22
[20:40:41.906]: (-0.4, 1.2, 0.3) 22
[20:40:41.928]: (-0.4, 1.2, 0.3) 22
[20:40:41.951]: (-0.4, 1.2, 0.3) 22
[20:40:41.971]: (-0.4, 1.2, 0.3) 22
[20:40:41.993]: (-0.4, 1.2, 0.3) 22
[20:40:42.016]: (-0.4, 1.2, 0.3) 22
[20:40:42.038]: (-0.5, 1.2, 0.2) 22
[20:40:42.059]: (-0.4, 1.2, 0.2) 22
[20:40:42.084]: (-0.5, 1.2, 0.2) 22
[20:40:42.106]: (-0.5, 1.2, 0.2) 22
[20:40:42.129]: (-0.5, 1.2, 0.2) 22
[20:40:42.152]: (-0.5, 1.2, 0.2) 22
[20:40:42.174]: (-0.5, 1.3, 0.1) 22
[20:40:42.198]: (-0.5, 1.3, 0.1) 22
[20:40:42.223]: (-0.5, 1.3, 0.1) 22
[20:40:42.246]: (-0.5, 1.3, 0.1) 22
[20:40:42.269]: (-0.5, 1.3, 0.1) 22
[20:40:42.291]: (-0.5, 1.3, 0.1) 22
[20:40:42.314]: (-0.5, 1.3, 0.1) 22
[20:40:42.335]: (-0.5, 1.3, 0.1) 22
[20:40:42.356]: (-0.5, 1.3, 0.1) 22
[20:40:42.378]: (-0.5, 1.3, 0.1) 22
[20:40:42.401]: (-0.5, 1.3, 0.0) 22
[20:40:42.425]: (-0.5, 1.3, 0.0) 22
[20:40:42.445]: (-0.5, 1.3, 0.0) 22
[20:40:42.469]: (-0.5, 1.3, 0.0) 22
[20:40:42.492]: (-0.5, 1.3, 0.0) 22
[20:40:42.508]: (-0.5, 1.3, 0.0) 22
[20:40:42.545]: (-0.5, 1.3, 0.0) 22
[20:40:42.577]: (-0.5, 1.3, 0.0) 22
[20:40:42.608]: (-0.5, 1.3, 0.0) 22
[20:40:42.641]: (-0.5, 1.3, 0.0) 22
[20:40:42.675]: (-0.5, 1.3, 0.0) 22
[20:40:42.708]: (-0.5, 1.3, 0.0) 22
[20:40:42.741]: (-0.5, 1.3, 0.0) 22
[20:40:42.773]: (-0.5, 1.3, 0.0) 22
[20:40:42.808]: (-0.5, 1.3, 0.0) 22
[20:40:42.842]: (-0.5, 1.3, 0.0) 22
[20:40:42.874]: (-0.5, 1.3, 0.0) 22
[20:40:42.907]: (-0.5, 1.3, 0.0) 22
[20:40:42.940]: (-0.5, 1.3, 0.0) 22
[20:40:42.974]: (-0.5, 1.3, 0.0) 22
[20:40:43.008]: (-0.5, 1.3, 0.0) 22
[20:40:43.042]: (-0.5, 1.3, 0.1) 22
[20:40:43.075]: (-0.5, 1.3, 0.1) 22
[20:40:43.108]: (-0.5, 1.3, 0.1) 22
[20:40:43.141]: (-0.5, 1.3, 0.1) 22
[20:40:43.163]: (-0.5, 1.3, 0.1) 22
[20:40:43.189]: (-0.5, 1.3, 0.1) 22
[20:40:43.214]: (-0.5, 1.3, 0.1) 22
[20:40:43.235]: (-0.5, 1.3, 0.1) 22
[20:40:43.255]: (-0.5, 1.3, 0.1) 22
[20:40:43.276]: (-0.5, 1.3, 0.1) 22
[20:40:43.299]: (-0.5, 1.4, 0.1) 22
[20:40:43.322]: (-0.5, 1.4, 0.1) 22
[20:40:43.523]: (-0.4, 1.3, 0.1) 22
[20:40:43.544]: (-0.4, 1.3, 0.1) 22
[20:40:43.565]: (-0.4, 1.4, 0.1) 22
[20:40:43.587]: (-0.4, 1.4, 0.1) 22
[20:40:43.611]: (-0.4, 1.4, 0.1) 22
[20:40:43.632]: (-0.4, 1.4, 0.1) 22
[20:40:43.655]: (-0.4, 1.4, 0.1) 22
[20:40:43.676]: (-0.4, 1.4, 0.1) 22
[20:40:43.698]: (-0.4, 1.4, 0.1) 22
[20:40:43.722]: (-0.4, 1.4, 0.1) 22
[20:40:43.745]: (-0.4, 1.4, 0.1) 22
[20:40:43.766]: (-0.4, 1.4, 0.2) 25
[20:40:43.790]: (-0.4, 1.4, 0.1) 25
[20:40:43.812]: (-0.4, 1.4, 0.2) 25
[20:40:43.833]: (-0.4, 1.4, 0.2) 25
[20:40:43.854]: (-0.3, 1.4, 0.2) 25
[20:40:43.875]: (-0.3, 1.4, 0.1) 25
[20:40:43.967]: (-0.3, 1.4, 0.1) 22
[20:40:43.990]: (-0.3, 1.4, 0.1) 22
[20:40:44.016]: (-0.3, 1.4, 0.1) 22
[20:40:44.037]: (-0.3, 1.4, 0.1) 22
[20:40:44.058]: (-0.3, 1.4, 0.1) 22
[20:40:44.078]: (-0.3, 1.4, 0.1) 22
[20:40:44.103]: (-0.3, 1.5, 0.2) 23
[20:40:44.125]: (-0.3, 1.5, 0.2) 23
[20:40:44.144]: (-0.3, 1.5, 0.2) 23
[20:40:44.169]: (-0.3, 1.5, 0.2) 23
[20:40:44.193]: (-0.3, 1.5, 0.2) 23
[20:40:44.215]: (-0.3, 1.5, 0.1) 23
[20:40:44.237]: (-0.3, 1.5, 0.1) 23
[20:40:44.260]: (-0.3, 1.5, 0.1) 23
[20:40:44.282]: (-0.3, 1.5, 0.2) 23
[20:40:44.779]: (-0.3, 1.6, 0.2) 24
[20:40:44.842]: (-0.3, 1.6, 0.2) 24
[20:40:44.867]: (-0.3, 1.6, 0.2) 24
[20:40:44.886]: (-0.3, 1.6, 0.2) 24
[20:40:44.971]: (-0.3, 1.6, 0.2) 24
[20:40:44.993]: (-0.3, 1.6, 0.2) 24
[20:40:45.017]: (-0.3, 1.6, 0.2) 24
[20:40:45.039]: (-0.2, 1.6, 0.2) 24
[20:40:45.265]: (-0.3, 1.5, 0.1) 22
[20:40:45.299]: (-0.3, 1.5, 0.1) 22
[20:40:45.332]: (-0.3, 1.5, 0.1) 22
[20:40:45.367]: (-0.3, 1.5, 0.1) 22
[20:40:45.398]: (-0.3, 1.5, 0.1) 22
[20:40:45.433]: (-0.3, 1.5, 0.1) 22
[20:40:45.465]: (-0.3, 1.5, 0.1) 22
[20:40:45.498]: (-0.3, 1.5, 0.1) 22
[20:40:45.532]: (-0.3, 1.5, 0.1) 22
[20:40:45.564]: (-0.3, 1.5, 0.1) 22
[20:40:45.598]: (-0.4, 1.5, 0.1) 22
[20:40:45.632]: (-0.4, 1.5, 0.1) 22
[20:40:45.666]: (-0.4, 1.5, 0.1) 22
[20:40:45.698]: (-0.4, 1.5, 0.1) 22
[20:40:45.734]: (-0.4, 1.5, 0.1) 22
[20:40:45.765]: (-0.4, 1.5, 0.2) 25
[20:40:45.809]: (-0.4, 1.4, 0.2) 25
[20:40:45.830]: (-0.4, 1.4, 0.2) 25
[20:40:45.854]: (-0.4, 1.4, 0.2) 25
[20:40:45.877]: (-0.4, 1.4, 0.2) 25
[20:40:45.900]: (-0.4, 1.4, 0.2) 25
[20:40:45.922]: (-0.4, 1.4, 0.2) 25
[20:40:45.945]: (-0.4, 1.4, 0.2) 25
[20:40:45.968]: (-0.4, 1.4, 0.2) 25
[20:40:45.989]: (-0.4, 1.4, 0.2) 25
[20:40:46.012]: (-0.4, 1.4, 0.2) 25
[20:40:46.034]: (-0.4, 1.4, 0.2) 25
[20:40:46.058]: (-0.4, 1.4, 0.2) 25
[20:40:46.080]: (-0.4, 1.4, 0.2) 25
[20:40:46.100]: (-0.4, 1.4, 0.2) 25
[20:40:46.124]: (-0.4, 1.4, 0.2) 25
[20:40:46.145]: (-0.4, 1.4, 0.2) 25
[20:40:46.168]: (-0.4, 1.4, 0.2) 25
[20:40:46.189]: (-0.4, 1.4, 0.2) 25
[20:40:46.214]: (-0.4, 1.4, 0.1) 25
[20:40:46.235]: (-0.4, 1.4, 0.1) 25
[20:40:46.257]: (-0.4, 1.4, 0.1) 25
[20:40:46.278]: (-0.4, 1.5, 0.1) 25
[20:40:46.299]: (-0.4, 1.4, 0.1) 25
[20:40:46.320]: (-0.4, 1.5, 0.1) 25
[20:40:46.343]: (-0.4, 1.5, 0.1) 25
[20:40:46.365]: (-0.4, 1.5, 0.1) 25
[20:40:46.388]: (-0.4, 1.5, 0.1) 25
[20:40:46.742]: (-0.4, 1.5, 0.1) 25
[20:40:47.050]: (-0.4, 1.4, 0.1) 25
[20:40:47.210]: (-0.4, 1.4, 0.2) 23
[20:40:47.233]: (-0.4, 1.4, 0.2) 23
[20:40:47.257]: (-0.4, 1.4, 0.1) 23
[20:40:47.279]: (-0.4, 1.4, 0.1) 23
[20:40:47.300]: (-0.4, 1.4, 0.1) 23
[20:40:47.322]: (-0.4, 1.4, 0.1) 23
[20:40:47.346]: (-0.4, 1.4, 0.1) 23
[20:40:47.369]: (-0.4, 1.4, 0.1) 23
[20:40:47.391]: (-0.4, 1.4, 0.1) 23
[20:40:47.414]: (-0.4, 1.4, 0.1) 23
[20:40:47.437]: (-0.4, 1.4, 0.1) 23
[20:40:47.458]: (-0.4, 1.4, 0.1) 23
[20:40:47.480]: (-0.4, 1.4, 0.1) 23
[20:40:47.502]: (-0.4, 1.4, 0.1) 23
[20:40:47.524]: (-0.4, 1.4, 0.1) 23
[20:40:47.546]: (-0.4, 1.4, 0.1) 23
[20:40:47.568]: (-0.4, 1.4, 0.1) 23
[20:40:47.592]: (-0.4, 1.4, 0.1) 23
[20:40:47.616]: (-0.4, 1.4, 0.1) 23
[20:40:47.637]: (-0.4, 1.4, 0.1) 23
[20:40:47.660]: (-0.4, 1.4, 0.1) 23
[20:40:48.197]: (-0.1, 1.4, 0.2) 24
[20:40:48.230]: (-0.2, 1.4, 0.0) 22
[20:40:48.265]: (-0.2, 1.4, 0.0) 22
[20:40:48.298]: (-0.2, 1.4, 0.0) 22
[20:40:48.331]: (-0.2, 1.4, 0.0) 22
[20:40:48.364]: (-0.2, 1.4, 0.0) 22
[20:40:48.397]: (-0.2, 1.4, 0.0) 22
[20:40:48.419]: (-0.2, 1.4, 0.0) 22
[20:40:48.441]: (-0.2, 1.4, 0.0) 22
[20:40:48.466]: (-0.2, 1.4, 0.0) 22
[20:40:48.488]: (-0.2, 1.4, 0.0) 22
[20:40:48.508]: (-0.2, 1.4, 0.0) 22
[20:40:48.532]: (-0.2, 1.4, 0.0) 22
[20:40:48.554]: (-0.2, 1.4, 0.0) 22
[20:40:48.575]: (-0.2, 1.4, 0.2) 24
[20:40:48.600]: (-0.2, 1.4, 0.2) 24
[20:40:48.753]: (-0.2, 1.4, 0.2) 24
[20:40:48.776]: (-0.2, 1.4, 0.2) 24
[20:40:48.798]: (-0.2, 1.4, 0.2) 24
[20:40:48.820]: (-0.2, 1.4, 0.2) 24
[20:40:48.842]: (-0.2, 1.4, 0.2) 24
[20:40:48.864]: (-0.2, 1.4, 0.2) 24
[20:40:48.886]: (-0.2, 1.4, 0.2) 24
[20:40:48.908]: (-0.2, 1.4, 0.0) 22
[20:40:48.930]: (-0.2, 1.4, 0.0) 22
[20:40:48.955]: (-0.2, 1.4, 0.0) 22
[20:40:48.975]: (-0.2, 1.4, 0.0) 22
[20:40:48.997]: (-0.2, 1.4, 0.0) 22
[20:40:49.019]: (-0.2, 1.4, 0.0) 22
[20:40:49.043]: (-0.2, 1.4, 0.0) 22
[20:40:49.137]: (-0.2, 1.4, 0.0) 22
[20:40:49.160]: (-0.2, 1.4, 0.0) 22
[20:40:49.180]: (-0.2, 1.4, 0.0) 22
[20:40:49.203]: (-0.2, 1.4, 0.0) 22
[20:40:49.223]: (-0.2, 1.4, 0.0) 22
[20:40:49.245]: (-0.2, 1.4, 0.0) 22
[20:40:49.266]: (-0.2, 1.4, 0.0) 22
[20:40:49.289]: (-0.2, 1.4, 0.0) 22
[20:40:49.312]: (-0.2, 1.4, 0.0) 22
[20:40:49.332]: (-0.2, 1.4, 0.0) 22
[20:40:49.354]: (-0.2, 1.4, 0.0) 22
[20:40:49.376]: (-0.2, 1.4, 0.0) 22
[20:40:49.408]: (-0.2, 1.4, 0.0) 22
[20:40:49.442]: (-0.2, 1.4, 0.0) 22
[20:40:49.476]: (-0.2, 1.4, 0.0) 22
[20:40:49.509]: (-0.2, 1.4, 0.0) 22
[20:40:49.542]: (-0.2, 1.4, 0.0) 22
[20:40:49.575]: (-0.2, 1.4, 0.0) 22
[20:40:49.610]: (-0.3, 1.4, 0.1) 23
[20:40:49.875]: (-0.3, 1.4, 0.1) 23
[20:40:49.907]: (-0.3, 1.4, 0.0) 23
[20:40:49.942]: (-0.3, 1.4, 0.0) 23
[20:40:49.974]: (-0.3, 1.4, 0.0) 23
[20:40:50.008]: (-0.3, 1.4, 0.0) 23
[20:40:50.043]: (-0.2, 1.4, 0.0) 22
[20:40:50.065]: (-0.2, 1.4, 0.0) 22
[20:40:50.087]: (-0.2, 1.4, 0.0) 22
[20:40:50.109]: (-0.2, 1.4, 0.0) 22
[20:40:50.129]: (-0.2, 1.4, 0.0) 22
[20:40:50.152]: (-0.2, 1.4, 0.0) 22
[20:40:50.173]: (-0.2, 1.4, 0.0) 22
[20:40:50.196]: (-0.2, 1.4, 0.0) 22
[20:40:50.218]: (-0.2, 1.4, 0.0) 22
[20:40:50.241]: (-0.2, 1.4, 0.0) 22
[20:40:50.265]: (-0.2, 1.4, 0.0) 22
[20:40:50.287]: (-0.2, 1.4, 0.0) 22
[20:40:50.314]: (-0.2, 1.4, 0.0) 22
[20:40:50.339]: (-0.2, 1.4, 0.1) 22
[20:40:50.365]: (-0.2, 1.4, 0.1) 22
[20:40:50.390]: (-0.3, 1.4, 0.1) 22
[20:40:50.545]: (-0.3, 1.3, 0.1) 22
[20:40:50.568]: (-0.3, 1.3, 0.1) 22
[20:40:50.589]: (-0.3, 1.3, 0.1) 22
[20:40:50.613]: (-0.3, 1.3, 0.1) 22
[20:40:50.636]: (-0.3, 1.3, 0.1) 22
[20:40:50.657]: (-0.3, 1.3, 0.1) 22
[20:40:50.679]: (-0.3, 1.3, 0.1) 22
[20:40:50.699]: (-0.3, 1.3, 0.1) 22
[20:40:50.722]: (-0.3, 1.3, 0.1) 22
[20:40:50.746]: (-0.3, 1.3, 0.1) 22
[20:40:50.767]: (-0.3, 1.3, 0.1) 22
[20:40:50.789]: (-0.3, 1.3, 0.1) 22
[20:40:50.811]: (-0.3, 1.3, 0.1) 25
[20:40:50.835]: (-0.3, 1.3, 0.1) 25
[20:40:50.857]: (-0.3, 1.3, 0.1) 25
[20:40:50.879]: (-0.3, 1.3, 0.1) 25
[20:40:50.900]: (-0.4, 1.3, 0.1) 25
[20:40:50.923]: (-0.4, 1.3, 0.1) 25
[20:40:51.045]: (-0.4, 1.3, 0.1) 25
[20:40:51.068]: (-0.4, 1.3, 0.1) 25
[20:40:51.091]: (-0.4, 1.3, 0.1) 25
[20:40:51.112]: (-0.3, 1.3, 0.1) 25
[20:40:51.133]: (-0.3, 1.3, 0.1) 25
[20:40:51.155]: (-0.3, 1.3, 0.1) 25
[20:40:51.178]: (-0.3, 1.3, 0.1) 25
[20:40:51.198]: (-0.3, 1.3, 0.1) 25
[20:40:51.221]: (-0.3, 1.3, 0.1) 25
[20:40:51.243]: (-0.3, 1.3, 0.1) 25
[20:40:51.265]: (-0.3, 1.3, 0.1) 25
[20:40:51.285]: (-0.3, 1.3, 0.1) 22
[20:40:51.306]: (-0.3, 1.3, 0.1) 22
[20:40:51.915]: (-0.4, 1.4, 0.1) 22
[20:40:51.936]: (-0.4, 1.3, 0.1) 22
[20:40:51.957]: (-0.4, 1.4, 0.1) 25
[20:40:51.978]: (-0.4, 1.4, 0.1) 25
[20:40:51.999]: (-0.4, 1.4, 0.1) 25
[20:40:52.022]: (-0.4, 1.4, 0.1) 25
[20:40:52.053]: (-0.3, 1.4, 0.1) 25
[20:40:52.086]: (-0.3, 1.4, 0.1) 25
[20:40:52.120]: (-0.3, 1.4, 0.1) 25
[20:40:52.152]: (-0.3, 1.4, 0.1) 25
[20:40:52.185]: (-0.3, 1.4, 0.1) 25
[20:40:52.218]: (-0.3, 1.4, 0.1) 25
[20:40:52.250]: (-0.3, 1.4, 0.1) 25
[20:40:52.284]: (-0.3, 1.4, 0.2) 23
[20:40:52.319]: (-0.3, 1.4, 0.1) 23
[20:40:52.353]: (-0.3, 1.4, 0.1) 23
[20:40:52.386]: (-0.3, 1.4, 0.1) 23
[20:40:52.420]: (-0.3, 1.4, 0.1) 23
[20:40:52.451]: (-0.3, 1.4, 0.1) 23
[20:40:52.486]: (-0.3, 1.4, 0.1) 23
[20:40:52.518]: (-0.3, 1.4, 0.1) 23
[20:40:52.553]: (-0.3, 1.4, 0.1) 23
[20:40:52.585]: (-0.3, 1.4, 0.1) 23
[20:40:52.619]: (-0.3, 1.4, 0.1) 23
[20:40:52.753]: (-0.3, 1.3, 0.3) 24
[20:40:52.907]: (-0.3, 1.4, 0.3) 24
[20:40:52.930]: (-0.3, 1.4, 0.3) 24
[20:40:52.952]: (-0.3, 1.4, 0.2) 24
[20:40:52.977]: (-0.3, 1.4, 0.2) 24
[20:40:53.004]: (-0.3, 1.4, 0.2) 24
[20:40:53.027]: (-0.3, 1.4, 0.2) 24
[20:40:53.050]: (-0.3, 1.4, 0.2) 24
[20:40:53.073]: (-0.3, 1.4, 0.2) 24
[20:40:53.094]: (-0.3, 1.4, 0.2) 24
[20:40:53.118]: (-0.3, 1.4, 0.2) 24
[20:40:53.139]: (-0.3, 1.4, 0.2) 24
[20:40:53.160]: (-0.3, 1.4, 0.2) 24
[20:40:53.179]: (-0.3, 1.4, 0.2) 24
[20:40:53.201]: (-0.3, 1.4, 0.2) 24
[20:40:53.223]: (-0.3, 1.4, 0.2) 24
[20:40:53.245]: (-0.3, 1.4, 0.1) 22
[20:40:53.267]: (-0.3, 1.4, 0.1) 22
[20:40:53.289]: (-0.3, 1.4, 0.1) 22
[20:40:53.311]: (-0.3, 1.4, 0.2) 24
[20:40:53.335]: (-0.3, 1.4, 0.1) 22
[20:40:53.356]: (-0.3, 1.4, 0.1) 22
[20:40:53.379]: (-0.3, 1.4, 0.1) 22
[20:40:53.400]: (-0.3, 1.4, 0.0) 22
[20:40:53.423]: (-0.3, 1.4, 0.0) 22
[20:40:53.445]: (-0.3, 1.4, 0.0) 22
[20:40:53.466]: (-0.3, 1.4, 0.0) 22
[20:40:53.488]: (-0.3, 1.4, 0.0) 22
[20:40:53.510]: (-0.3, 1.4, 0.0) 22
[20:40:53.661]: (-0.3, 1.3, 0.1) 22
[20:40:53.684]: (-0.3, 1.3, 0.1) 22
[20:40:53.709]: (-0.3, 1.3, 0.1) 22
[20:40:53.731]: (-0.3, 1.3, 0.1) 22
[20:40:53.751]: (-0.3, 1.3, 0.1) 22
[20:40:53.774]: (-0.3, 1.3, 0.1) 22
[20:40:53.795]: (-0.3, 1.4, 0.1) 22
[20:40:53.818]: (-0.3, 1.4, 0.1) 22
[20:40:53.840]: (-0.3, 1.4, 0.1) 22
[20:40:53.862]: (-0.3, 1.3, 0.1) 22
[20:40:53.883]: (-0.3, 1.3, 0.1) 22
[20:40:53.907]: (-0.3, 1.4, 0.1) 22
[20:40:53.929]: (-0.3, 1.4, 0.1) 22
[20:40:53.951]: (-0.3, 1.4, 0.1) 22
[20:40:53.973]: (-0.3, 1.3, 0.1) 22
[20:40:53.994]: (-0.3, 1.4, 0.1) 22
[20:40:54.017]: (-0.3, 1.4, 0.1) 25
[20:40:54.039]: (-0.3, 1.4, 0.1) 25
[20:40:54.062]: (-0.3, 1.4, 0.1) 25
[20:40:54.085]: (-0.3, 1.4, 0.1) 25
[20:40:54.107]: (-0.3, 1.4, 0.1) 25
[20:40:54.130]: (-0.4, 1.4, 0.1) 25
[20:40:54.151]: (-0.4, 1.4, 0.1) 25
[20:40:54.174]: (-0.4, 1.4, 0.1) 25
[20:40:54.194]: (-0.4, 1.4, 0.1) 22
[20:40:54.218]: (-0.4, 1.3, 0.1) 22
[20:40:54.240]: (-0.4, 1.3, 0.1) 22
[20:40:54.262]: (-0.4, 1.3, 0.1) 22
[20:40:54.283]: (-0.4, 1.3, 0.1) 22
[20:40:54.305]: (-0.4, 1.3, 0.1) 22
[20:40:54.327]: (-0.4, 1.3, 0.1) 22
[20:40:54.350]: (-0.4, 1.3, 0.1) 22
[20:40:54.372]: (-0.4, 1.3, 0.1) 22
[20:40:54.396]: (-0.4, 1.3, 0.1) 22
[20:40:54.415]: (-0.4, 1.3, 0.1) 22
[20:40:54.437]: (-0.4, 1.3, 0.1) 22
[20:40:54.459]: (-0.4, 1.3, 0.1) 25
[20:40:54.482]: (-0.4, 1.3, 0.1) 25
[20:40:54.505]: (-0.4, 1.3, 0.1) 25
[20:40:54.528]: (-0.4, 1.3, 0.1) 25
[20:40:54.550]: (-0.4, 1.3, 0.1) 25
[20:40:54.571]: (-0.4, 1.3, 0.1) 25
[20:40:54.593]: (-0.4, 1.3, 0.1) 25
[20:40:54.616]: (-0.4, 1.3, 0.1) 25
[20:40:54.639]: (-0.4, 1.3, 0.1) 25
[20:40:54.675]: (-0.4, 1.3, 0.1) 25
[20:40:54.709]: (-0.4, 1.3, 0.1) 25
[20:40:54.740]: (-0.4, 1.3, 0.1) 25
[20:40:54.773]: (-0.4, 1.3, 0.1) 25
[20:40:54.807]: (-0.4, 1.3, 0.1) 25
[20:40:54.840]: (-0.4, 1.3, 0.1) 25
[20:40:54.876]: (-0.4, 1.3, 0.1) 25
[20:40:54.908]: (-0.4, 1.3, 0.1) 25
[20:40:54.942]: (-0.4, 1.3, 0.1) 25
[20:40:54.974]: (-0.4, 1.3, 0.1) 25
[20:40:55.006]: (-0.4, 1.3, 0.1) 25
[20:40:55.042]: (-0.3, 1.3, 0.1) 22
[20:40:55.073]: (-0.3, 1.3, 0.1) 22
[20:40:55.108]: (-0.3, 1.3, 0.1) 22
[20:40:55.170]: (-0.3, 1.3, 0.1) 22
[20:40:55.203]: (-0.3, 1.3, 0.1) 22
[20:40:55.242]: (-0.3, 1.3, 0.1) 22
[20:40:55.273]: (-0.3, 1.3, 0.1) 22
[20:40:55.292]: (-0.3, 1.3, 0.1) 22
[20:40:55.425]: (-0.3, 1.3, 0.1) 22
[20:40:55.446]: (-0.3, 1.3, 0.1) 22
[20:40:55.468]: (-0.3, 1.3, 0.1) 22
[20:40:55.491]: (-0.3, 1.3, 0.1) 22
[20:40:55.516]: (-0.3, 1.3, 0.1) 22
[20:40:55.535]: (-0.3, 1.3, 0.1) 22
[20:40:55.558]: (-0.3, 1.3, 0.1) 22
[20:40:55.579]: (-0.4, 1.3, 0.1) 25
[20:40:55.625]: (-0.4, 1.3, 0.1) 25
[20:40:55.646]: (-0.4, 1.3, 0.1) 25
[20:40:55.669]: (-0.4, 1.3, 0.1) 25
[20:40:55.691]: (-0.4, 1.3, 0.1) 25
[20:40:55.714]: (-0.4, 1.3, 0.1) 25
[20:40:55.736]: (-0.4, 1.3, 0.1) 25
[20:40:55.757]: (-0.4, 1.3, 0.1) 25
[20:40:56.404]: (-0.3, 1.3, 0.1) 22
[20:40:56.426]: (-0.3, 1.3, 0.1) 22
[20:40:56.448]: (-0.3, 1.4, 0.0) 22
[20:40:56.470]: (-0.3, 1.4, 0.1) 22
[20:40:56.492]: (-0.3, 1.4, 0.0) 22
[20:40:56.517]: (-0.3, 1.4, 0.0) 22
[20:40:56.534]: (-0.3, 1.4, 0.0) 22
[20:40:56.552]: (-0.3, 1.4, 0.0) 22
[20:40:56.568]: (-0.3, 1.4, 0.0) 22
[20:40:56.587]: (-0.3, 1.4, 0.0) 22
[20:40:56.607]: (-0.3, 1.4, 0.0) 22
[20:40:56.630]: (-0.3, 1.4, 0.0) 22
[20:40:56.652]: (-0.3, 1.4, 0.0) 22
[20:40:56.674]: (-0.3, 1.4, 0.1) 22
[20:40:56.694]: (-0.3, 1.4, 0.1) 22
[20:40:56.721]: (-0.3, 1.4, 0.1) 22
[20:40:57.265]: (-0.4, 1.4, 0.1) 22
[20:40:57.287]: (-0.4, 1.4, 0.1) 22
[20:40:57.309]: (-0.4, 1.4, 0.1) 22
[20:40:57.330]: (-0.4, 1.3, 0.1) 22
[20:40:57.438]: (-0.4, 1.3, 0.1) 22
[20:40:57.461]: (-0.4, 1.3, 0.1) 22
[20:40:57.482]: (-0.4, 1.3, 0.1) 22
[20:40:57.501]: (-0.4, 1.3, 0.1) 22
[20:40:57.523]: (-0.4, 1.3, 0.1) 22
[20:40:57.546]: (-0.4, 1.3, 0.1) 22
[20:40:57.569]: (-0.4, 1.3, 0.1) 22
[20:40:57.594]: (-0.4, 1.3, 0.1) 22
[20:40:57.616]: (-0.4, 1.3, 0.1) 22
[20:40:57.632]: (-0.4, 1.3, 0.1) 22
[20:40:57.648]: (-0.4, 1.3, 0.2) 25
[20:40:57.913]: (-0.4, 1.3, 0.1) 22
[20:40:57.930]: (-0.4, 1.3, 0.1) 22
[20:40:57.962]: (-0.4, 1.3, 0.1) 22
[20:40:57.978]: (-0.4, 1.3, 0.1) 22
[20:40:58.068]: (-0.4, 1.3, 0.1) 22
[20:40:58.089]: (-0.4, 1.3, 0.1) 22
[20:40:58.156]: (-0.4, 1.4, 0.1) 22
[20:40:58.506]: (-0.5, 1.4, 0.0) 24
[20:40:58.524]: (-0.5, 1.4, 0.0) 24
[20:40:58.559]: (-0.5, 1.4, 0.0) 24
[20:40:58.574]: (-0.5, 1.4, 0.0) 24
[20:40:58.592]: (-0.5, 1.4, 0.0) 24
[20:40:58.610]: (-0.5, 1.4, 0.0) 24
[20:40:58.626]: (-0.5, 1.4, 0.0) 24
[20:40:58.791]: (-0.4, 1.4, 0.1) 22
[20:40:58.816]: (-0.4, 1.4, 0.1) 22
[20:40:58.837]: (-0.4, 1.4, 0.1) 22
[20:40:58.980]: (-0.4, 1.4, 0.1) 22
[20:40:59.000]: (-0.4, 1.4, 0.1) 22
[20:40:59.216]: (-0.4, 1.4, 0.1) 22
[20:40:59.238]: (-0.4, 1.4, 0.1) 22
[20:40:59.258]: (-0.4, 1.4, 0.1) 22
[20:40:59.306]: (-0.4, 1.4, 0.1) 22
[20:40:59.635]: (-0.6, 1.4, 0.1) 26
[20:40:59.653]: (-0.6, 1.4, 0.1) 26
[20:40:59.670]: (-0.6, 1.4, 0.1) 26
[20:40:59.687]: (-0.6, 1.4, 0.1) 26
[20:40:59.703]: (-0.6, 1.4, 0.1) 26
[20:40:59.719]: (-0.6, 1.4, 0.1) 26
[20:40:59.737]: (-0.6, 1.4, 0.1) 26
[20:40:59.754]: (-0.6, 1.4, 0.1) 26
[20:40:59.771]: (-0.6, 1.4, 0.1) 26
[20:40:59.790]: (-0.6, 1.4, 0.1) 26
[20:40:59.812]: (-0.6, 1.4, 0.1) 26
[20:40:59.835]: (-0.6, 1.4, 0.1) 26
[20:40:59.856]: (-0.6, 1.4, 0.1) 26
[20:40:59.877]: (-0.6, 1.4, 0.1) 26
[20:40:59.901]: (-0.6, 1.4, 0.1) 26
[20:40:59.922]: (-0.6, 1.4, 0.1) 26
[20:40:59.944]: (-0.6, 1.4, 0.1) 26
[20:40:59.967]: (-0.6, 1.4, 0.1) 26
[20:41:00.300]: (-0.6, 1.4, 0.1) 26
[20:41:00.317]: (-0.6, 1.4, 0.1) 26
[20:41:00.334]: (-0.6, 1.4, 0.1) 26
[20:41:00.350]: (-0.6, 1.4, 0.1) 26
[20:41:00.369]: (-0.6, 1.4, 0.1) 26
[20:41:00.386]: (-0.6, 1.4, 0.1) 26
[20:41:00.402]: (-0.6, 1.4, 0.1) 26
[20:41:00.420]: (-0.6, 1.4, 0.1) 26
[20:41:00.439]: (-0.6, 1.4, 0.1) 26
[20:41:00.455]: (-0.6, 1.4, 0.1) 26
[20:41:00.473]: (-0.6, 1.4, 0.1) 26
[20:41:00.489]: (-0.6, 1.4, 0.1) 26
[20:41:00.506]: (-0.6, 1.4, 0.1) 26
[20:41:00.524]: (-0.6, 1.4, 0.1) 26
[20:41:00.540]: (-0.6, 1.4, 0.1) 26
[20:41:00.557]: (-0.6, 1.4, 0.1) 26
[20:41:00.574]: (-0.6, 1.4, 0.1) 26
[20:41:00.595]: (-0.6, 1.4, 0.1) 26
[20:41:00.612]: (-0.6, 1.4, 0.1) 26
[20:41:00.629]: (-0.6, 1.4, 0.1) 26
[20:41:00.646]: (-0.6, 1.4, 0.1) 26
[20:41:00.665]: (-0.6, 1.4, 0.1) 26
[20:41:00.755]: (-0.6, 1.4, 0.1) 26
[20:41:00.777]: (-0.6, 1.4, 0.1) 26
[20:41:00.800]: (-0.6, 1.4, 0.1) 26
[20:41:00.822]: (-0.6, 1.4, 0.1) 26
[20:41:00.845]: (-0.6, 1.4, 0.1) 26
[20:41:00.867]: (-0.6, 1.4, 0.1) 26
[20:41:00.888]: (-0.6, 1.4, 0.1) 26
[20:41:00.912]: (-0.6, 1.4, 0.1) 26
[20:41:00.933]: (-0.6, 1.4, 0.1) 26
[20:41:00.956]: (-0.6, 1.4, 0.1) 26
[20:41:00.979]: (-0.6, 1.4, 0.1) 26
[20:41:01.000]: (-0.6, 1.4, 0.1) 26
[20:41:01.434]: (-0.6, 1.4, 0.1) 26
[20:41:01.451]: (-0.6, 1.4, 0.1) 26
[20:41:01.469]: (-0.6, 1.4, 0.1) 26
[20:41:01.485]: (-0.6, 1.4, 0.1) 26
[20:41:01.502]: (-0.6, 1.4, 0.1) 26
[20:41:01.520]: (-0.6, 1.4, 0.1) 26
[20:41:01.538]: (-0.6, 1.4, 0.1) 26
[20:41:01.556]: (-0.6, 1.4, 0.1) 26
[20:41:01.572]: (-0.6, 1.4, 0.1) 26
[20:41:01.589]: (-0.6, 1.4, 0.1) 26
[20:41:01.609]: (-0.6, 1.4, 0.1) 26
[20:41:01.626]: (-0.6, 1.4, 0.1) 26
[20:41:01.642]: (-0.6, 1.4, 0.1) 26
[20:41:01.666]: (-0.6, 1.4, 0.1) 26
[20:41:01.688]: (-0.6, 1.4, 0.1) 26
[20:41:01.709]: (-0.6, 1.4, 0.1) 26
[20:41:01.732]: (-0.6, 1.4, 0.1) 26
[20:41:01.755]: (-0.6, 1.4, 0.1) 26
[20:41:01.776]: (-0.6, 1.4, 0.1) 26
[20:41:01.799]: (-0.6, 1.4, 0.1) 26
[20:41:01.821]: (-0.6, 1.4, 0.1) 26
[20:41:01.846]: (-0.6, 1.4, 0.1) 26
[20:41:01.865]: (-0.6, 1.4, 0.1) 26
[20:41:01.888]: (-0.6, 1.4, 0.1) 26
[20:41:01.909]: (-0.6, 1.4, 0.1) 26
[20:41:03.067]: (-0.4, 1.3, 0.1) 22
[20:41:03.085]: (-0.4, 1.3, 0.1) 22
[20:41:03.103]: (-0.4, 1.3, 0.1) 22
[20:41:03.120]: (-0.4, 1.3, 0.1) 22
[20:41:03.137]: (-0.4, 1.3, 0.1) 22
[20:41:03.154]: (-0.4, 1.3, 0.1) 22
[20:41:03.171]: (-0.4, 1.3, 0.1) 22
[20:41:03.189]: (-0.4, 1.3, 0.1) 22
[20:41:03.326]: (-0.4, 1.3, 0.1) 22
[20:41:03.343]: (-0.4, 1.3, 0.1) 22
[20:41:03.361]: (-0.4, 1.3, 0.1) 22
[20:41:03.376]: (-0.4, 1.3, 0.1) 22
[20:41:03.394]: (-0.4, 1.3, 0.1) 22
[20:41:03.409]: (-0.4, 1.3, 0.1) 22
[20:41:03.433]: (-0.4, 1.3, 0.1) 22
[20:41:04.343]: (-0.6, 1.4, 0.1) 26
[20:41:04.365]: (-0.6, 1.4, 0.1) 26
[20:41:04.387]: (-0.6, 1.4, 0.1) 26
[20:41:04.409]: (-0.6, 1.4, 0.1) 26
[20:41:04.433]: (-0.6, 1.4, 0.1) 26
[20:41:04.454]: (-0.6, 1.4, 0.1) 26
[20:41:04.475]: (-0.6, 1.4, 0.1) 26
[20:41:04.498]: (-0.6, 1.4, 0.1) 26
[20:41:04.521]: (-0.6, 1.4, 0.1) 26
[20:41:04.542]: (-0.6, 1.4, 0.1) 26
[20:41:04.564]: (-0.6, 1.4, 0.1) 26
[20:41:04.588]: (-0.6, 1.4, 0.1) 26
[20:41:04.609]: (-0.6, 1.4, 0.1) 26
[20:41:04.766]: (-0.6, 1.4, 0.1) 26
[20:41:04.783]: (-0.6, 1.4, 0.1) 26
[20:41:04.800]: (-0.6, 1.4, 0.1) 26
[20:41:04.817]: (-0.6, 1.4, 0.1) 26
[20:41:04.833]: (-0.6, 1.4, 0.1) 26
[20:41:04.851]: (-0.6, 1.4, 0.1) 26
[20:41:04.868]: (-0.6, 1.4, 0.1) 26
[20:41:04.885]: (-0.6, 1.4, 0.1) 26
[20:41:04.905]: (-0.6, 1.4, 0.1) 26
[20:41:04.921]: (-0.6, 1.4, 0.1) 26
[20:41:04.938]: (-0.6, 1.4, 0.1) 26
[20:41:04.954]: (-0.6, 1.4, 0.1) 26
[20:41:04.973]: (-0.6, 1.4, 0.1) 26
[20:41:04.990]: (-0.6, 1.4, 0.1) 26
[20:41:05.009]: (-0.6, 1.4, 0.1) 26
[20:41:05.025]: (-0.6, 1.4, 0.1) 26
[20:41:05.043]: (-0.6, 1.4, 0.1) 26
[20:41:05.061]: (-0.6, 1.4, 0.1) 26
[20:41:05.077]: (-0.6, 1.4, 0.1) 26
[20:41:05.187]: (-0.6, 1.4, 0.1) 26
[20:41:05.209]: (-0.6, 1.4, 0.1) 26
[20:41:05.231]: (-0.6, 1.4, 0.1) 26
[20:41:05.253]: (-0.6, 1.4, 0.1) 26
[20:41:05.276]: (-0.6, 1.4, 0.1) 26
[20:41:05.298]: (-0.6, 1.4, 0.1) 26
[20:41:05.320]: (-0.6, 1.4, 0.1) 26
[20:41:05.342]: (-0.6, 1.4, 0.1) 26
[20:41:05.802]: (-0.6, 1.4, 0.1) 26
[20:41:05.820]: (-0.6, 1.4, 0.1) 26
[20:41:05.837]: (-0.6, 1.4, 0.1) 26
[20:41:05.854]: (-0.6, 1.4, 0.1) 26
[20:41:05.871]: (-0.6, 1.4, 0.1) 26
[20:41:05.888]: (-0.6, 1.4, 0.1) 26
[20:41:05.906]: (-0.6, 1.4, 0.1) 26
[20:41:05.923]: (-0.6, 1.4, 0.1) 26
[20:41:05.940]: (-0.6, 1.4, 0.1) 26
[20:41:06.164]: (-0.6, 1.4, 0.1) 26
[20:41:06.209]: (-0.6, 1.4, 0.1) 26
[20:41:06.231]: (-0.6, 1.4, 0.1) 26
[20:41:06.254]: (-0.6, 1.4, 0.1) 26
[20:41:06.275]: (-0.6, 1.4, 0.1) 26
[20:41:06.296]: (-0.6, 1.4, 0.1) 26
[20:41:06.320]: (-0.6, 1.4, 0.1) 26
[20:41:06.342]: (-0.6, 1.4, 0.1) 26
[20:41:06.364]: (-0.6, 1.4, 0.1) 26
[20:41:06.388]: (-0.6, 1.4, 0.1) 26
[20:41:06.759]: (-0.6, 1.4, 0.1) 26
[20:41:06.776]: (-0.6, 1.4, 0.1) 26
[20:41:06.793]: (-0.6, 1.4, 0.1) 26
[20:41:06.810]: (-0.6, 1.4, 0.1) 26
[20:41:06.827]: (-0.6, 1.4, 0.1) 26
[20:41:06.845]: (-0.6, 1.4, 0.1) 26
[20:41:06.863]: (-0.6, 1.4, 0.1) 26
[20:41:06.880]: (-0.6, 1.4, 0.1) 26
[20:41:06.898]: (-0.6, 1.4, 0.1) 26
[20:41:06.916]: (-0.6, 1.4, 0.1) 26
[20:41:06.932]: (-0.6, 1.4, 0.1) 26
[20:41:06.953]: (-0.6, 1.4, 0.1) 26
[20:41:06.975]: (-0.6, 1.4, 0.1) 26
[20:41:06.996]: (-0.6, 1.4, 0.1) 26
[20:41:07.020]: (-0.6, 1.4, 0.1) 26
[20:41:07.042]: (-0.6, 1.4, 0.1) 26
[20:41:07.220]: (-0.6, 1.4, 0.1) 26
[20:41:07.242]: (-0.6, 1.4, 0.1) 26
[20:41:07.263]: (-0.6, 1.4, 0.1) 26
[20:41:07.287]: (-0.6, 1.4, 0.1) 26
[20:41:07.307]: (-0.6, 1.4, 0.1) 26
[20:41:07.331]: (-0.6, 1.4, 0.1) 26
[20:41:07.348]: (-0.6, 1.4, 0.1) 26
[20:41:07.365]: (-0.6, 1.4, 0.1) 26
[20:41:07.382]: (-0.6, 1.4, 0.1) 26
[20:41:07.398]: (-0.6, 1.4, 0.1) 26
[20:41:07.415]: (-0.6, 1.4, 0.1) 26
[20:41:07.432]: (-0.6, 1.4, 0.1) 26
[20:41:07.448]: (-0.6, 1.4, 0.1) 26
[20:41:07.466]: (-0.6, 1.4, 0.1) 26
[20:41:07.482]: (-0.6, 1.4, 0.1) 26
[20:41:07.499]: (-0.6, 1.4, 0.1) 26
[20:41:07.515]: (-0.6, 1.4, 0.1) 26
[20:41:07.530]: (-0.6, 1.4, 0.1) 26
[20:41:07.545]: (-0.6, 1.4, 0.1) 26
[20:41:07.562]: (-0.6, 1.4, 0.1) 26
[20:41:07.579]: (-0.6, 1.4, 0.1) 26
[20:41:07.596]: (-0.6, 1.4, 0.1) 26
[20:41:07.613]: (-0.6, 1.4, 0.1) 26
[20:41:07.630]: (-0.6, 1.4, 0.1) 26
[20:41:07.647]: (-0.6, 1.4, 0.1) 26
[20:41:07.664]: (-0.6, 1.4, 0.1) 26
[20:41:07.682]: (-0.6, 1.4, 0.1) 26
[20:41:07.699]: (-0.6, 1.4, 0.1) 26
[20:41:07.716]: (-0.6, 1.4, 0.1) 26
[20:41:07.734]: (-0.6, 1.4, 0.1) 26
[20:41:07.875]: (-0.6, 1.4, 0.1) 26
[20:41:07.897]: (-0.6, 1.4, 0.1) 26
[20:41:07.919]: (-0.6, 1.4, 0.1) 26
[20:41:07.941]: (-0.6, 1.4, 0.1) 26
[20:41:07.964]: (-0.6, 1.4, 0.1) 26
[20:41:07.985]: (-0.6, 1.4, 0.1) 26
[20:41:08.009]: (-0.6, 1.4, 0.1) 26
[20:41:08.032]: (-0.6, 1.4, 0.1) 26
[20:41:08.057]: (-0.6, 1.4, 0.1) 26
[20:41:08.075]: (-0.6, 1.4, 0.1) 26
[20:41:08.096]: (-0.6, 1.4, 0.1) 26
[20:41:08.120]: (-0.6, 1.4, 0.1) 26
[20:41:08.140]: (-0.6, 1.4, 0.1) 26
[20:41:08.163]: (-0.6, 1.4, 0.1) 26
[20:41:08.185]: (-0.6, 1.4, 0.1) 26
[20:41:08.280]: (-0.6, 1.4, 0.1) 26
[20:41:08.852]: (-0.4, 1.4, 0.1) 22
[20:41:08.874]: (-0.4, 1.4, 0.1) 22
[20:41:08.896]: (-0.4, 1.4, 0.1) 22
[20:41:08.920]: (-0.4, 1.4, 0.1) 22
[20:41:08.940]: (-0.4, 1.4, 0.1) 22
[20:41:08.962]: (-0.4, 1.4, 0.1) 22
[20:41:09.053]: (-0.6, 1.4, 0.1) 26
[20:41:09.074]: (-0.6, 1.4, 0.1) 26
[20:41:09.096]: (-0.6, 1.4, 0.1) 26
[20:41:09.120]: (-0.6, 1.4, 0.1) 26
[20:41:09.140]: (-0.6, 1.4, 0.1) 26
[20:41:09.283]: (-0.6, 1.4, 0.1) 26
[20:41:09.299]: (-0.6, 1.4, 0.1) 26
[20:41:09.317]: (-0.6, 1.4, 0.1) 26
[20:41:09.333]: (-0.6, 1.4, 0.1) 26
[20:41:09.350]: (-0.6, 1.4, 0.1) 26
[20:41:09.367]: (-0.6, 1.4, 0.1) 26
[20:41:09.385]: (-0.6, 1.4, 0.1) 26
[20:41:09.403]: (-0.6, 1.4, 0.1) 26
[20:41:09.420]: (-0.6, 1.4, 0.1) 26
[20:41:09.437]: (-0.6, 1.4, 0.1) 26
[20:41:09.453]: (-0.6, 1.4, 0.1) 26
[20:41:09.470]: (-0.6, 1.4, 0.1) 26
[20:41:09.487]: (-0.6, 1.4, 0.1) 26
[20:41:09.504]: (-0.6, 1.4, 0.1) 26
[20:41:09.521]: (-0.6, 1.4, 0.1) 26
[20:41:09.538]: (-0.6, 1.4, 0.1) 26
[20:41:09.555]: (-0.6, 1.4, 0.1) 26
[20:41:09.572]: (-0.6, 1.4, 0.1) 26
[20:41:09.590]: (-0.6, 1.4, 0.1) 26
[20:41:09.608]: (-0.6, 1.4, 0.1) 26
[20:41:09.629]: (-0.6, 1.4, 0.1) 26
[20:41:09.652]: (-0.6, 1.4, 0.1) 26
[20:41:09.674]: (-0.6, 1.4, 0.1) 26
[20:41:09.695]: (-0.6, 1.4, 0.1) 26
[20:41:09.720]: (-0.6, 1.4, 0.1) 26
[20:41:09.739]: (-0.6, 1.4, 0.1) 26
[20:41:09.763]: (-0.6, 1.4, 0.1) 26
[20:41:09.784]: (-0.6, 1.4, 0.1) 26
[20:41:09.806]: (-0.6, 1.4, 0.1) 26
[20:41:09.829]: (-0.6, 1.4, 0.1) 26
[20:41:09.852]: (-0.6, 1.4, 0.1) 26
[20:41:09.873]: (-0.6, 1.4, 0.1) 26
[20:41:09.896]: (-0.6, 1.4, 0.1) 26
[20:41:09.920]: (-0.6, 1.4, 0.1) 26
[20:41:09.940]: (-0.6, 1.4, 0.1) 26
[20:41:09.962]: (-0.6, 1.4, 0.1) 26
[20:41:09.986]: (-0.6, 1.4, 0.1) 26
[20:41:10.007]: (-0.6, 1.4, 0.1) 26
[20:41:10.030]: (-0.6, 1.4, 0.1) 26
[20:41:10.051]: (-0.6, 1.4, 0.1) 26
[20:41:10.075]: (-0.6, 1.4, 0.1) 26
[20:41:10.092]: (-0.6, 1.4, 0.1) 26
[20:41:10.108]: (-0.6, 1.4, 0.1) 26
[20:41:10.932]: (-0.4, 1.3, 0.1) 22
[20:41:10.949]: (-0.4, 1.3, 0.1) 22
[20:41:10.966]: (-0.4, 1.3, 0.1) 22
[20:41:10.983]: (-0.4, 1.3, 0.1) 22
[20:41:10.999]: (-0.4, 1.3, 0.1) 22
[20:41:11.019]: (-0.4, 1.3, 0.1) 22
[20:41:11.035]: (-0.4, 1.3, 0.1) 22
[20:41:11.052]: (-0.4, 1.3, 0.1) 22
[20:41:11.070]: (-0.4, 1.3, 0.1) 22
[20:41:11.087]: (-0.4, 1.3, 0.1) 22
[20:41:11.104]: (-0.4, 1.3, 0.1) 22
[20:41:11.122]: (-0.4, 1.3, 0.1) 22
[20:41:11.139]: (-0.4, 1.3, 0.1) 22
[20:41:11.155]: (-0.4, 1.3, 0.1) 22
[20:41:11.172]: (-0.4, 1.3, 0.1) 22
[20:41:11.190]: (-0.4, 1.3, 0.1) 22
[20:41:11.209]: (-0.4, 1.3, 0.1) 22
[20:41:11.226]: (-0.4, 1.3, 0.1) 22
[20:41:11.243]: (-0.4, 1.3, 0.1) 22
[20:41:11.261]: (-0.4, 1.3, 0.1) 22
[20:41:11.278]: (-0.4, 1.3, 0.1) 22
[20:41:11.294]: (-0.4, 1.3, 0.1) 22
[20:41:11.310]: (-0.4, 1.3, 0.1) 22
[20:41:11.328]: (-0.4, 1.3, 0.1) 22
[20:41:11.344]: (-0.4, 1.3, 0.1) 22
[20:41:11.361]: (-0.4, 1.3, 0.1) 22
[20:41:11.377]: (-0.4, 1.3, 0.1) 22
[20:41:11.395]: (-0.4, 1.3, 0.1) 22
[20:41:12.706]: (-0.4, 1.4, 0.1) 22
[20:41:13.981]: (-1.0, 1.1, 0.3) 27
[20:41:14.003]: (-1.0, 1.1, 0.3) 27
[20:41:14.026]: (-1.0, 1.1, 0.4) 32
[20:41:14.242]: (-1.0, 1.4, 0.3) 32
[20:41:14.278]: (-0.9, 1.4, 0.2) 27
[20:41:14.309]: (-0.9, 1.4, 0.2) 29
[20:41:14.343]: (-0.9, 1.4, 0.2) 29
[20:41:14.377]: (-0.8, 1.4, 0.2) 29
[20:41:14.409]: (-0.8, 1.5, 0.1) 29
[20:41:14.443]: (-0.8, 1.5, 0.1) 29
[20:41:14.476]: (-0.8, 1.5, 0.1) 29
[20:41:14.510]: (-0.8, 1.5, 0.1) 29
[20:41:14.542]: (-0.8, 1.5, 0.1) 29
[20:41:14.576]: (-0.8, 1.5, 0.1) 29
[20:41:14.610]: (-0.8, 1.5, 0.1) 29
[20:41:14.642]: (-0.8, 1.6, 0.1) 29
[20:41:14.672]: (-0.8, 1.6, 0.1) 29
[20:41:14.706]: (-0.8, 1.6, 0.1) 29
[20:41:14.816]: (-0.8, 1.5, 0.1) 29
[20:41:14.838]: (-0.8, 1.5, 0.1) 29
[20:41:14.860]: (-0.9, 1.6, 0.1) 32
[20:41:14.882]: (-0.9, 1.6, 0.1) 32
[20:41:14.905]: (-0.9, 1.6, 0.1) 32
[20:41:14.927]: (-0.9, 1.6, 0.1) 32
[20:41:14.948]: (-0.9, 1.6, 0.1) 32
[20:41:14.971]: (-0.9, 1.6, 0.1) 32
[20:41:14.994]: (-0.9, 1.6, 0.1) 32
[20:41:15.015]: (-0.9, 1.6, 0.1) 32
[20:41:15.038]: (-0.8, 1.6, 0.1) 29
[20:41:15.062]: (-0.8, 1.6, 0.1) 29
[20:41:15.087]: (-0.8, 1.6, 0.1) 29
[20:41:15.109]: (-0.8, 1.6, 0.1) 29
[20:41:15.129]: (-0.8, 1.6, 0.1) 29
[20:41:15.152]: (-0.8, 1.6, 0.1) 29
[20:41:15.176]: (-0.8, 1.6, 0.1) 29
[20:41:15.197]: (-0.8, 1.6, 0.1) 29
[20:41:15.221]: (-0.8, 1.6, 0.0) 29
[20:41:15.246]: (-0.8, 1.6, 0.0) 29
[20:41:15.266]: (-0.8, 1.6, 0.0) 29
[20:41:15.287]: (-0.8, 1.6, 0.0) 29
[20:41:15.307]: (-0.8, 1.6, 0.0) 29
[20:41:15.332]: (-0.8, 1.6, 0.1) 29
[20:41:15.353]: (-0.8, 1.6, 0.1) 29
[20:41:15.377]: (-0.8, 1.6, 0.1) 29
[20:41:15.400]: (-0.8, 1.6, 0.1) 29
[20:41:15.421]: (-0.8, 1.6, 0.1) 29
[20:41:15.438]: (-0.8, 1.6, 0.1) 29
[20:41:15.460]: (-0.8, 1.6, 0.1) 29
[20:41:15.482]: (-0.8, 1.6, 0.1) 29
[20:41:15.504]: (-0.8, 1.6, 0.1) 29
[20:41:15.527]: (-0.8, 1.6, 0.1) 29
[20:41:15.550]: (-0.8, 1.6, 0.1) 29
[20:41:15.573]: (-0.8, 1.6, 0.1) 29
[20:41:15.596]: (-0.8, 1.6, 0.1) 29
[20:41:15.619]: (-0.8, 1.6, 0.1) 29
[20:41:15.640]: (-0.8, 1.6, 0.1) 29
[20:41:15.663]: (-0.8, 1.6, 0.1) 29
[20:41:15.685]: (-0.8, 1.6, 0.1) 29
[20:41:15.706]: (-0.8, 1.6, 0.1) 29
[20:41:15.730]: (-0.8, 1.6, 0.1) 29
[20:41:15.751]: (-0.8, 1.6, 0.1) 29
[20:41:15.773]: (-0.8, 1.6, 0.1) 29
[20:41:15.796]: (-0.8, 1.6, 0.1) 29
[20:41:15.817]: (-0.8, 1.6, 0.1) 29
[20:41:15.842]: (-0.8, 1.6, 0.1) 29
[20:41:15.862]: (-0.8, 1.6, 0.1) 29
[20:41:15.885]: (-0.8, 1.6, 0.1) 29
[20:41:15.908]: (-0.8, 1.6, 0.1) 29
[20:41:15.928]: (-0.8, 1.6, 0.1) 29
[20:41:15.951]: (-0.8, 1.6, 0.1) 29
[20:41:15.973]: (-0.8, 1.6, 0.1) 29
[20:41:15.996]: (-0.8, 1.6, 0.1) 29
[20:41:16.019]: (-0.8, 1.6, 0.1) 29
[20:41:16.036]: (-0.7, 1.6, 0.1) 29
[20:41:16.053]: (-0.7, 1.6, 0.1) 29
[20:41:16.069]: (-0.7, 1.6, 0.1) 29
[20:41:16.086]: (-0.7, 1.6, 0.0) 27
[20:41:16.120]: (-0.7, 1.6, 0.0) 27
[20:41:16.153]: (-0.7, 1.6, 0.0) 27
[20:41:16.170]: (-0.7, 1.6, 0.0) 27
[20:41:16.187]: (-0.7, 1.6, 0.0) 27
[20:41:16.205]: (-0.7, 1.6, 0.0) 27
[20:41:16.223]: (-0.7, 1.6, 0.0) 27
[20:41:16.242]: (-0.7, 1.6, 0.0) 27
[20:41:16.259]: (-0.7, 1.6, 0.0) 27
[20:41:16.276]: (-0.7, 1.6, 0.0) 27
[20:41:16.293]: (-0.7, 1.6, 0.0) 27
[20:41:16.392]: (-0.7, 1.6, 0.1) 27
[20:41:16.408]: (-0.6, 1.6, 0.0) 27
[20:41:16.426]: (-0.7, 1.6, 0.0) 27
[20:41:16.442]: (-0.7, 1.6, 0.0) 27
[20:41:16.460]: (-0.7, 1.6, 0.0) 27
[20:41:16.482]: (-0.7, 1.6, 0.0) 27
[20:41:16.504]: (-0.7, 1.6, 0.0) 27
[20:41:16.526]: (-0.7, 1.6, 0.0) 27
[20:41:16.548]: (-0.7, 1.6, 0.0) 27
[20:41:16.570]: (-0.7, 1.6, 0.0) 27
[20:41:16.593]: (-0.7, 1.6, 0.0) 27
[20:41:16.615]: (-0.7, 1.6, 0.0) 27
[20:41:16.637]: (-0.7, 1.6, 0.0) 27
[20:41:16.659]: (-0.7, 1.6, 0.0) 27
[20:41:16.682]: (-0.7, 1.6, 0.0) 27
[20:41:16.748]: (-0.7, 1.6, 0.0) 27
[20:41:17.046]: (-0.8, 1.6, 0.1) 32
[20:41:17.063]: (-0.8, 1.6, 0.1) 32
[20:41:17.079]: (-0.8, 1.6, 0.1) 32
[20:41:17.096]: (-0.8, 1.6, 0.1) 32
[20:41:17.113]: (-0.8, 1.6, 0.1) 32
[20:41:17.132]: (-0.8, 1.6, 0.1) 32
[20:41:17.148]: (-0.8, 1.6, 0.1) 32
[20:41:17.165]: (-0.8, 1.6, 0.1) 32
[20:41:17.182]: (-0.8, 1.6, 0.1) 32
[20:41:17.201]: (-0.8, 1.6, 0.1) 32
[20:41:17.217]: (-0.9, 1.6, 0.1) 32
[20:41:17.293]: (-0.9, 1.6, 0.1) 32
[20:41:17.309]: (-0.8, 1.6, 0.1) 32
[20:41:17.326]: (-0.8, 1.6, 0.1) 32
[20:41:17.343]: (-0.8, 1.6, 0.1) 32
[20:41:17.361]: (-0.8, 1.6, 0.1) 32
[20:41:17.378]: (-0.8, 1.6, 0.1) 32
[20:41:17.396]: (-0.8, 1.6, 0.1) 32
[20:41:17.415]: (-0.8, 1.6, 0.1) 32
[20:41:17.437]: (-0.8, 1.6, 0.1) 32
[20:41:17.458]: (-0.8, 1.6, 0.1) 32
[20:41:17.482]: (-0.8, 1.6, 0.1) 32
[20:41:17.503]: (-0.8, 1.6, 0.1) 32
[20:41:17.528]: (-0.8, 1.6, 0.1) 32
[20:41:17.547]: (-0.8, 1.6, 0.1) 32
[20:41:17.571]: (-0.8, 1.6, 0.1) 32
[20:41:17.592]: (-0.8, 1.6, 0.1) 32
[20:41:17.615]: (-0.8, 1.6, 0.1) 32
[20:41:17.637]: (-0.8, 1.6, 0.1) 32
[20:41:17.658]: (-0.9, 1.6, 0.1) 32
[20:41:31.652]: (-0.7, 1.6, 0.1) 29
[20:41:31.688]: (-0.7, 1.5, 0.1) 27
[20:41:31.706]: (-0.7, 1.5, 0.1) 27
[20:41:31.723]: (-0.6, 1.6, 0.0) 27
[20:41:31.740]: (-0.6, 1.5, 0.1) 27
[20:41:31.757]: (-0.7, 1.5, 0.1) 27
[20:41:31.773]: (-0.7, 1.5, 0.1) 27
[20:41:31.790]: (-0.7, 1.5, 0.0) 27
[20:41:31.810]: (-0.7, 1.5, 0.1) 27
[20:41:31.827]: (-0.6, 1.6, 0.0) 27
[20:41:31.844]: (-0.7, 1.6, 0.0) 27
[20:41:31.861]: (-0.6, 1.6, 0.0) 27
[20:41:31.878]: (-0.6, 1.6, 0.0) 27
[20:41:31.894]: (-0.7, 1.5, 0.0) 27
[20:41:31.911]: (-0.7, 1.5, 0.1) 27
[20:41:31.927]: (-0.7, 1.5, 0.1) 27
[20:41:31.944]: (-0.7, 1.5, 0.0) 27
[20:41:31.963]: (-0.7, 1.6, 0.0) 27
[20:41:31.979]: (-0.7, 1.6, 0.0) 27
[20:41:31.996]: (-0.7, 1.6, 0.0) 27
[20:41:32.012]: (-0.7, 1.5, 0.0) 27
[20:41:32.028]: (-0.7, 1.5, 0.1) 27
[20:41:32.045]: (-0.7, 1.5, 0.0) 27
[20:41:32.064]: (-0.7, 1.5, 0.1) 27
[20:41:32.088]: (-0.7, 1.5, 0.1) 29
[20:41:32.177]: (-0.7, 1.6, 0.1) 29
[20:41:32.198]: (-0.7, 1.6, 0.1) 27
[20:41:32.221]: (-0.7, 1.6, 0.0) 27
[20:41:32.242]: (-0.7, 1.6, 0.0) 27
[20:41:32.264]: (-0.7, 1.6, 0.0) 27
[20:41:32.287]: (-0.7, 1.6, 0.0) 27
[20:41:32.309]: (-0.7, 1.6, 0.0) 27
[20:41:32.333]: (-0.7, 1.6, 0.0) 27
[20:41:32.353]: (-0.7, 1.6, 0.0) 27
[20:41:32.377]: (-0.7, 1.6, 0.0) 27
[20:41:32.397]: (-0.7, 1.6, 0.0) 27
[20:41:32.420]: (-0.7, 1.6, 0.0) 27
[20:41:32.443]: (-0.7, 1.6, 0.0) 27
[20:41:32.464]: (-0.7, 1.6, 0.0) 27
[20:41:32.488]: (-0.7, 1.6, 0.0) 27
[20:41:32.508]: (-0.7, 1.6, 0.0) 27
[20:41:32.532]: (-0.7, 1.6, 0.0) 27
[20:41:32.549]: (-0.7, 1.6, 0.0) 27
[20:41:32.567]: (-0.7, 1.6, 0.0) 27
[20:41:32.585]: (-0.7, 1.6, 0.1) 29
[20:41:32.603]: (-0.7, 1.6, 0.1) 29
[20:41:32.668]: (-0.7, 1.5, 0.1) 29
[20:41:32.686]: (-0.7, 1.6, 0.1) 29
[20:41:32.703]: (-0.7, 1.6, 0.1) 27
[20:41:32.720]: (-0.7, 1.6, 0.0) 27
[20:41:32.737]: (-0.7, 1.6, 0.0) 27
[20:41:32.755]: (-0.7, 1.6, 0.1) 29
[20:41:32.771]: (-0.7, 1.6, 0.0) 27
[20:41:32.787]: (-0.7, 1.6, 0.1) 29
[20:41:32.806]: (-0.7, 1.6, 0.1) 27
[20:41:32.824]: (-0.7, 1.6, 0.0) 27
[20:41:32.843]: (-0.7, 1.6, 0.0) 27
[20:41:32.860]: (-0.7, 1.6, 0.0) 27
[20:41:32.878]: (-0.7, 1.6, 0.0) 27
[20:41:32.895]: (-0.7, 1.6, 0.0) 27
[20:41:32.912]: (-0.7, 1.6, 0.0) 27
[20:41:32.928]: (-0.7, 1.6, 0.0) 27
[20:41:32.945]: (-0.7, 1.6, 0.1) 27
[20:41:32.962]: (-0.7, 1.6, 0.1) 27
[20:41:32.979]: (-0.7, 1.6, 0.0) 27
[20:41:32.998]: (-0.7, 1.6, 0.0) 27
[20:41:33.021]: (-0.7, 1.6, 0.1) 27
[20:41:33.042]: (-0.7, 1.6, 0.1) 29
[20:41:33.064]: (-0.7, 1.6, 0.1) 27
[20:41:33.087]: (-0.7, 1.6, 0.1) 27
[20:41:33.108]: (-0.7, 1.5, 0.1) 29
[20:41:33.222]: (-0.8, 1.5, 0.1) 29
[20:41:33.264]: (-0.8, 1.5, 0.1) 29
[20:41:33.286]: (-0.8, 1.5, 0.1) 29
[20:41:33.308]: (-0.8, 1.5, 0.1) 29
[20:41:33.331]: (-0.8, 1.6, 0.1) 29
[20:41:33.353]: (-0.8, 1.6, 0.1) 29
[20:41:33.377]: (-0.8, 1.6, 0.1) 29
[20:41:33.398]: (-0.8, 1.5, 0.1) 29
[20:41:33.443]: (-0.8, 1.5, 0.1) 29
[20:41:33.465]: (-0.8, 1.5, 0.1) 29
[20:41:33.483]: (-0.8, 1.5, 0.1) 29
[20:41:33.499]: (-0.8, 1.5, 0.1) 29
[20:41:33.517]: (-0.8, 1.5, 0.1) 29
[20:41:33.535]: (-0.8, 1.5, 0.1) 29
[20:41:33.552]: (-0.8, 1.5, 0.1) 29
[20:41:33.570]: (-0.8, 1.6, 0.1) 29
[20:41:33.588]: (-0.8, 1.5, 0.1) 29
[20:41:33.605]: (-0.8, 1.5, 0.1) 29
[20:41:33.622]: (-0.8, 1.5, 0.1) 29
[20:41:33.639]: (-0.8, 1.5, 0.1) 29
[20:41:33.656]: (-0.8, 1.5, 0.1) 29
[20:41:33.674]: (-0.8, 1.6, 0.1) 29
[20:41:33.691]: (-0.8, 1.6, 0.1) 29
[20:41:33.709]: (-0.8, 1.5, 0.1) 29
[20:41:33.728]: (-0.8, 1.5, 0.1) 29
[20:41:33.744]: (-0.8, 1.5, 0.1) 29
[20:42:06.862]: (-0.7, 1.6, 0.1) 27
[20:42:06.884]: (-0.7, 1.6, 0.1) 27
[20:42:06.906]: (-0.7, 1.6, 0.1) 27
[20:42:06.928]: (-0.7, 1.6, 0.1) 27
[20:42:06.945]: (-0.7, 1.6, 0.1) 27
[20:42:06.962]: (-0.7, 1.6, 0.1) 27
[20:42:06.979]: (-0.7, 1.6, 0.1) 27
[20:42:06.996]: (-0.6, 1.5, 0.1) 28
[20:42:07.012]: (-0.6, 1.6, 0.1) 28
[20:42:07.030]: (-0.7, 1.6, 0.0) 27
[20:42:07.048]: (-0.6, 1.6, 0.0) 27
[20:42:07.064]: (-0.6, 1.6, 0.0) 27
[20:42:07.082]: (-0.6, 1.6, 0.0) 27
[20:42:07.099]: (-0.7, 1.6, 0.0) 27
[20:42:07.116]: (-0.6, 1.6, 0.0) 27
[20:42:07.132]: (-0.7, 1.6, 0.0) 27
[20:42:07.148]: (-0.6, 1.6, 0.0) 27
[20:42:07.166]: (-0.7, 1.6, 0.0) 27
[20:42:07.182]: (-0.7, 1.6, 0.0) 27
[20:42:07.199]: (-0.7, 1.6, 0.0) 27
[20:42:07.215]: (-0.7, 1.6, 0.0) 27
[20:42:07.231]: (-0.7, 1.6, 0.0) 27
[20:42:07.246]: (-0.7, 1.6, 0.0) 27
[20:42:07.263]: (-0.7, 1.6, 0.0) 27
[20:42:07.279]: (-0.7, 1.6, 0.0) 27
[20:42:07.296]: (-0.7, 1.6, 0.0) 27
[20:42:07.312]: (-0.7, 1.6, 0.0) 27
[20:42:07.330]: (-0.7, 1.6, 0.0) 27
[20:42:07.346]: (-0.7, 1.6, 0.0) 27
[20:42:07.364]: (-0.7, 1.6, 0.0) 27
[20:42:07.381]: (-0.7, 1.6, 0.0) 27
[20:42:07.398]: (-0.7, 1.6, 0.0) 27
[20:42:07.417]: (-0.7, 1.6, 0.0) 27
[20:42:07.439]: (-0.7, 1.6, 0.0) 27
[20:42:07.461]: (-0.7, 1.6, 0.0) 27
[20:42:07.484]: (-0.7, 1.6, 0.0) 27
[20:42:07.507]: (-0.7, 1.6, 0.0) 27
[20:42:07.529]: (-0.7, 1.6, 0.0) 27
[20:42:07.551]: (-0.6, 1.6, 0.0) 27
[20:42:07.573]: (-0.6, 1.6, 0.1) 28
[20:42:07.595]: (-0.6, 1.6, 0.1) 28
[20:42:07.617]: (-0.6, 1.6, 0.1) 28
[20:42:07.639]: (-0.6, 1.6, 0.1) 28
[20:42:07.663]: (-0.6, 1.6, 0.1) 28
[20:42:08.816]: (-0.7, 1.6, 0.0) 27
[20:42:08.832]: (-0.7, 1.6, 0.0) 27
[20:42:08.849]: (-0.7, 1.6, 0.0) 27
[20:42:08.866]: (-0.7, 1.6, 0.0) 27
[20:42:08.884]: (-0.7, 1.6, 0.0) 27
[20:42:08.900]: (-0.7, 1.6, 0.0) 27
[20:42:08.918]: (-0.7, 1.6, 0.0) 27
[20:42:08.936]: (-0.7, 1.6, 0.0) 27
[20:42:08.955]: (-0.7, 1.6, 0.0) 27
[20:42:08.972]: (-0.7, 1.6, 0.0) 27
[20:42:08.988]: (-0.7, 1.6, 0.0) 27
[20:42:09.004]: (-0.7, 1.6, 0.0) 27
[20:42:09.021]: (-0.7, 1.6, 0.0) 27
[20:42:09.038]: (-0.7, 1.6, 0.0) 27
[20:42:09.055]: (-0.7, 1.6, 0.0) 27
[20:42:09.072]: (-0.7, 1.6, 0.0) 27
[20:42:09.089]: (-0.7, 1.6, 0.0) 27
[20:42:09.261]: (-0.7, 1.6, 0.1) 27
[20:42:09.283]: (-0.7, 1.6, 0.1) 27
[20:42:09.306]: (-0.7, 1.6, 0.0) 27
[20:42:09.328]: (-0.7, 1.6, 0.0) 27
[20:42:09.375]: (-0.6, 1.6, 0.1) 28
[20:42:09.394]: (-0.6, 1.6, 0.0) 28
[20:42:09.417]: (-0.6, 1.6, 0.0) 28
[20:42:09.441]: (-0.6, 1.6, 0.0) 28
[20:42:09.462]: (-0.6, 1.6, 0.0) 27
[20:42:09.483]: (-0.6, 1.6, 0.0) 27
[20:42:09.505]: (-0.6, 1.6, 0.0) 27
[20:42:09.528]: (-0.7, 1.6, 0.0) 27
[20:42:09.551]: (-0.7, 1.6, 0.0) 27
[20:42:09.572]: (-0.7, 1.6, 0.0) 27
[20:42:09.589]: (-0.7, 1.6, 0.0) 27
[20:42:09.606]: (-0.7, 1.6, 0.0) 27
[20:42:09.623]: (-0.7, 1.6, 0.0) 27
[20:42:09.640]: (-0.7, 1.6, 0.0) 27
[20:42:09.658]: (-0.7, 1.6, 0.0) 27
[20:42:09.675]: (-0.7, 1.6, 0.0) 27
[20:42:09.692]: (-0.7, 1.6, 0.0) 27
[20:42:09.709]: (-0.7, 1.6, 0.0) 27
[20:42:09.726]: (-0.7, 1.6, 0.0) 27
[20:42:09.742]: (-0.7, 1.6, 0.0) 27
[20:42:09.759]: (-0.7, 1.6, 0.0) 27
[20:42:09.776]: (-0.7, 1.6, 0.0) 27
[20:42:09.793]: (-0.7, 1.6, 0.0) 27
[20:42:09.810]: (-0.7, 1.6, 0.0) 27
[20:42:09.828]: (-0.7, 1.6, 0.0) 27
[20:42:09.846]: (-0.7, 1.6, 0.0) 27
[20:42:09.863]: (-0.7, 1.6, 0.0) 27
[20:42:09.879]: (-0.6, 1.6, 0.0) 27
[20:42:09.896]: (-0.6, 1.6, 0.0) 27
[20:42:09.913]: (-0.6, 1.6, 0.0) 27
[20:42:09.931]: (-0.6, 1.6, 0.0) 27
[20:42:09.949]: (-0.6, 1.6, 0.0) 27
[20:42:09.965]: (-0.6, 1.6, 0.0) 27
[20:42:09.983]: (-0.6, 1.6, 0.0) 27
[20:42:09.999]: (-0.6, 1.6, 0.0) 27
[20:42:10.016]: (-0.7, 1.6, 0.0) 27
[20:42:10.032]: (-0.7, 1.6, 0.0) 27
[20:42:10.053]: (-0.7, 1.6, 0.0) 27
[20:42:10.075]: (-0.7, 1.6, 0.0) 27
[20:42:10.094]: (-0.7, 1.6, 0.0) 27
[20:42:10.116]: (-0.7, 1.6, 0.0) 27
[20:42:10.139]: (-0.7, 1.6, 0.0) 27
[20:42:10.160]: (-0.7, 1.6, 0.0) 27
[20:42:10.183]: (-0.7, 1.6, 0.0) 27
[20:42:10.205]: (-0.7, 1.6, 0.0) 27
[20:42:10.227]: (-0.7, 1.6, 0.0) 27
[20:42:10.249]: (-0.7, 1.6, 0.0) 27
[20:42:10.271]: (-0.7, 1.6, 0.0) 27
[20:42:10.367]: (-0.6, 1.6, 0.0) 27
[20:42:10.391]: (-0.6, 1.6, 0.0) 27
[20:42:10.408]: (-0.6, 1.6, 0.0) 27
[20:42:10.426]: (-0.6, 1.6, 0.0) 27
[20:42:10.449]: (-0.6, 1.6, 0.0) 27
[20:42:10.472]: (-0.6, 1.6, 0.0) 27
[20:42:10.495]: (-0.6, 1.6, 0.0) 27
[20:42:10.516]: (-0.6, 1.6, 0.0) 27
[20:42:10.533]: (-0.6, 1.6, 0.0) 27
[20:42:10.549]: (-0.7, 1.6, 0.0) 27
[20:42:10.564]: (-0.7, 1.6, 0.0) 27
[20:42:10.581]: (-0.7, 1.6, 0.0) 27
[20:42:10.598]: (-0.7, 1.6, 0.0) 27
[20:42:10.615]: (-0.7, 1.6, 0.0) 27
[20:42:10.631]: (-0.7, 1.6, 0.0) 27
[20:42:10.649]: (-0.7, 1.6, 0.0) 27
[20:42:10.665]: (-0.7, 1.6, 0.0) 27
[20:42:10.682]: (-0.7, 1.6, 0.0) 27
[20:42:10.699]: (-0.7, 1.6, 0.0) 27
[20:42:10.717]: (-0.7, 1.6, 0.0) 27
[20:42:10.733]: (-0.7, 1.6, 0.0) 27
[20:42:10.751]: (-0.7, 1.6, 0.0) 27
[20:42:10.769]: (-0.7, 1.6, 0.0) 27
[20:42:10.786]: (-0.7, 1.6, 0.0) 27
[20:42:10.804]: (-0.7, 1.6, 0.0) 27
[20:42:10.821]: (-0.7, 1.6, 0.0) 27
[20:42:10.839]: (-0.7, 1.6, 0.0) 27
[20:42:10.857]: (-0.7, 1.6, 0.0) 27
[20:42:10.874]: (-0.7, 1.6, 0.0) 27
[20:42:10.891]: (-0.7, 1.6, 0.0) 27
[20:42:10.908]: (-0.7, 1.6, 0.0) 27
[20:42:10.924]: (-0.7, 1.6, 0.0) 27
[20:42:10.942]: (-0.7, 1.6, 0.0) 27
[20:42:10.961]: (-0.7, 1.6, 0.0) 27
[20:42:10.983]: (-0.7, 1.6, 0.0) 27
[20:42:11.005]: (-0.7, 1.6, 0.0) 27
[20:42:11.028]: (-0.7, 1.6, 0.0) 27
[20:42:11.049]: (-0.7, 1.6, 0.0) 27
[20:42:11.072]: (-0.7, 1.6, 0.0) 27
[20:42:11.096]: (-0.7, 1.6, 0.0) 27
[20:42:11.116]: (-0.7, 1.6, 0.0) 27
[20:42:11.138]: (-0.7, 1.6, 0.0) 27
[20:42:11.161]: (-0.7, 1.6, 0.0) 27
[20:42:11.183]: (-0.7, 1.6, 0.0) 27
[20:42:11.205]: (-0.7, 1.6, 0.0) 27
[20:42:11.226]: (-0.7, 1.6, 0.0) 27
[20:42:11.249]: (-0.7, 1.6, 0.0) 27
[20:42:11.272]: (-0.7, 1.6, 0.0) 27
[20:42:11.293]: (-0.7, 1.6, 0.0) 27
[20:42:11.315]: (-0.7, 1.6, 0.0) 27
[20:42:11.338]: (-0.7, 1.6, 0.0) 27
[20:42:11.360]: (-0.7, 1.6, 0.0) 27
[20:42:11.382]: (-0.7, 1.6, 0.0) 27
[20:42:11.406]: (-0.7, 1.6, 0.0) 27
[20:42:11.428]: (-0.7, 1.6, 0.0) 27
[20:42:11.444]: (-0.7, 1.6, 0.0) 27
[20:42:11.462]: (-0.7, 1.6, 0.0) 27
[20:42:11.477]: (-0.7, 1.6, 0.0) 27
[20:42:11.494]: (-0.7, 1.6, 0.0) 27
[20:42:11.724]: (-0.4, 1.2, 0.3) 25
[20:42:11.742]: (-0.4, 1.2, 0.3) 25
[20:42:11.766]: (-0.4, 1.2, 0.3) 25
[20:42:12.038]: (-0.4, 1.2, 0.3) 25
[20:42:12.061]: (-0.4, 1.2, 0.3) 25
[20:42:12.083]: (-0.4, 1.2, 0.3) 25
[20:42:12.105]: (-0.4, 1.1, 0.3) 25
[20:42:12.126]: (-0.4, 1.1, 0.3) 25
[20:42:12.148]: (-0.4, 1.1, 0.3) 25
[20:42:12.172]: (-0.4, 1.2, 0.3) 25
[20:42:12.970]: (-0.3, 1.2, 0.3) 22
[20:42:13.171]: (-0.3, 1.2, 0.3) 25
[20:42:13.197]: (-0.4, 1.2, 0.3) 25
[20:42:13.218]: (-0.4, 1.2, 0.3) 25
[20:42:13.239]: (-0.4, 1.2, 0.3) 25
[20:42:13.342]: (-0.6, 1.5, 0.1) 28
[20:42:13.365]: (-0.7, 1.6, 0.1) 27
[20:42:13.387]: (-0.7, 1.6, 0.1) 27
[20:42:13.409]: (-0.7, 1.6, 0.1) 27
[20:42:13.431]: (-0.7, 1.6, 0.1) 27
[20:42:13.453]: (-0.7, 1.6, 0.1) 27
[20:42:13.477]: (-0.7, 1.6, 0.1) 27
[20:42:13.500]: (-0.7, 1.6, 0.1) 27
[20:42:13.521]: (-0.7, 1.6, 0.1) 27
[20:42:13.542]: (-0.7, 1.6, 0.1) 27
[20:42:13.565]: (-0.7, 1.6, 0.1) 27
[20:42:13.824]: (-0.7, 1.6, 0.0) 27
[20:42:13.847]: (-0.7, 1.6, 0.0) 27
[20:42:13.869]: (-0.7, 1.6, 0.0) 27
[20:42:13.966]: (-0.6, 1.6, 0.1) 28
[20:42:13.989]: (-0.7, 1.6, 0.0) 27
[20:42:14.009]: (-0.7, 1.6, 0.0) 27
[20:42:14.033]: (-0.7, 1.6, 0.0) 27
[20:42:14.055]: (-0.7, 1.6, 0.0) 27
[20:42:14.079]: (-0.7, 1.6, 0.0) 27
[20:42:14.100]: (-0.7, 1.6, 0.0) 27
[20:42:14.122]: (-0.7, 1.6, 0.0) 27
[20:42:14.144]: (-0.7, 1.6, 0.0) 27
[20:42:14.167]: (-0.7, 1.6, 0.0) 27
[20:42:14.187]: (-0.7, 1.6, 0.0) 27
[20:42:14.221]: (-0.7, 1.6, 0.0) 27
[20:42:14.252]: (-0.7, 1.6, 0.0) 27
[20:42:14.286]: (-0.7, 1.6, 0.0) 27
[20:42:14.320]: (-0.7, 1.6, 0.0) 27
[20:42:14.353]: (-0.7, 1.6, 0.0) 27
[20:42:14.386]: (-0.7, 1.6, 0.0) 27
[20:42:14.419]: (-0.7, 1.6, 0.0) 27
[20:42:14.453]: (-0.7, 1.6, 0.0) 27
[20:42:14.485]: (-0.7, 1.6, 0.0) 27
[20:42:14.520]: (-0.7, 1.6, 0.0) 27
[20:42:14.552]: (-0.6, 1.6, 0.0) 28
[20:42:14.786]: (-0.2, 1.3, 0.3) 22
[20:42:14.818]: (-0.2, 1.3, 0.3) 22
[20:42:14.884]: (-0.7, 1.6, 0.1) 27
[20:42:14.907]: (-0.7, 1.6, 0.1) 27
[20:42:14.929]: (-0.7, 1.6, 0.1) 27
[20:42:14.951]: (-0.7, 1.6, 0.1) 27
[20:42:14.975]: (-0.8, 1.6, 0.1) 27
[20:42:15.000]: (-0.8, 1.6, 0.1) 27
[20:42:15.022]: (-0.8, 1.6, 0.1) 27
[20:42:15.045]: (-0.8, 1.6, 0.1) 27
[20:42:15.070]: (-0.8, 1.6, 0.1) 27
[20:42:15.093]: (-0.8, 1.5, 0.1) 27
[20:42:15.115]: (-0.8, 1.5, 0.1) 27
[20:42:15.138]: (-0.8, 1.5, 0.1) 27
[20:42:15.162]: (-0.8, 1.5, 0.1) 27
[20:42:15.183]: (-0.8, 1.5, 0.1) 27
[20:42:16.274]: (-0.2, 1.3, 0.4) 24
[20:42:16.296]: (-0.2, 1.3, 0.3) 24
[20:42:16.318]: (-0.2, 1.3, 0.4) 24
[20:42:16.342]: (-0.2, 1.3, 0.4) 24
[20:42:16.529]: (-0.2, 1.3, 0.4) 24
[20:42:16.549]: (-0.3, 1.3, 0.4) 24
[20:42:16.574]: (-0.3, 1.3, 0.4) 24
[20:42:16.596]: (-0.3, 1.4, 0.3) 26
[20:42:16.618]: (-0.3, 1.4, 0.3) 26
[20:42:16.641]: (-0.3, 1.4, 0.3) 26
[20:42:16.663]: (-0.3, 1.4, 0.3) 26
[20:42:17.183]: (-0.6, 1.6, 0.1) 28
[20:42:17.218]: (-0.7, 1.6, 0.1) 27
[20:42:17.251]: (-0.7, 1.6, 0.1) 27
[20:42:17.283]: (-0.7, 1.6, 0.1) 27
[20:42:17.317]: (-0.7, 1.6, 0.1) 27
[20:42:17.352]: (-0.7, 1.6, 0.1) 27
[20:42:17.385]: (-0.7, 1.6, 0.1) 27
[20:42:17.418]: (-0.7, 1.6, 0.1) 27
[20:42:17.450]: (-0.7, 1.6, 0.1) 27
[20:42:17.472]: (-0.7, 1.6, 0.1) 27
[20:42:17.496]: (-0.7, 1.6, 0.1) 27
[20:42:17.517]: (-0.7, 1.6, 0.1) 28
[20:42:18.227]: (-0.4, 1.7, 0.2) 26
[20:42:18.251]: (-0.4, 1.7, 0.2) 26
[20:42:18.274]: (-0.4, 1.7, 0.2) 26
[20:42:18.300]: (-0.3, 1.7, 0.2) 26
[20:42:18.323]: (-0.3, 1.7, 0.3) 24
[20:42:18.561]: (0.2, 1.6, 0.5) 5
[20:42:18.583]: (0.2, 1.6, 0.5) 5
[20:42:18.606]: (0.2, 1.6, 0.5) 5
[20:42:18.627]: (0.2, 1.6, 0.5) 5
[20:42:18.650]: (0.2, 1.6, 0.5) 5
[20:42:18.673]: (0.2, 1.6, 0.5) 5
[20:42:18.696]: (0.2, 1.6, 0.5) 5
[20:42:18.721]: (0.2, 1.5, 0.6) 5
[20:42:18.742]: (0.2, 1.5, 0.6) 5
[20:42:19.033]: (0.4, 1.2, 0.9) 8
[20:42:19.055]: (0.4, 1.2, 0.9) 8
[20:42:19.077]: (0.4, 1.2, 0.9) 8
[20:42:19.099]: (0.4, 1.2, 0.9) 8
[20:42:19.141]: (0.3, 1.2, 0.8) 4
[20:42:19.939]: (0.3, 0.9, 0.9) 8
[20:42:19.972]: (0.3, 1.0, 0.9) 8
[20:42:20.005]: (0.3, 1.0, 0.9) 8
[20:42:20.237]: (-0.7, 1.6, 0.1) 30
[20:42:20.263]: (-0.7, 1.6, 0.1) 30
[20:42:20.283]: (-0.7, 1.6, 0.1) 30
[20:42:20.303]: (-0.7, 1.6, 0.1) 30
[20:42:20.329]: (-0.7, 1.6, 0.1) 30
[20:42:20.352]: (-0.7, 1.6, 0.1) 30
[20:42:20.376]: (-0.7, 1.6, 0.1) 30
[20:42:20.417]: (-0.7, 1.6, 0.1) 30
[20:42:20.439]: (-0.7, 1.6, 0.1) 30
[20:42:20.573]: (-0.7, 1.6, 0.1) 27
[20:42:20.596]: (-0.8, 1.6, 0.1) 27
[20:42:20.617]: (-0.8, 1.6, 0.1) 27
[20:42:20.638]: (-0.8, 1.6, 0.1) 27
[20:42:20.660]: (-0.8, 1.6, 0.1) 27
[20:42:20.681]: (-0.8, 1.6, 0.1) 27
[20:42:20.703]: (-0.8, 1.6, 0.1) 27
[20:42:20.729]: (-0.8, 1.6, 0.1) 27
[20:42:20.750]: (-0.8, 1.6, 0.1) 27
[20:42:20.772]: (-0.8, 1.6, 0.1) 27
[20:42:20.792]: (-0.8, 1.6, 0.1) 27
[20:42:20.815]: (-0.8, 1.6, 0.1) 27
[20:42:20.838]: (-0.8, 1.6, 0.1) 27
[20:42:20.861]: (-0.8, 1.5, 0.1) 27
[20:42:20.883]: (-0.8, 1.5, 0.1) 27
[20:42:20.906]: (-0.8, 1.5, 0.1) 27
[20:42:20.929]: (-0.8, 1.5, 0.1) 27
[20:42:20.950]: (-0.8, 1.5, 0.1) 27
[20:42:20.972]: (-0.8, 1.6, 0.1) 27
[20:42:20.995]: (-0.8, 1.6, 0.1) 27
[20:42:21.018]: (-0.8, 1.6, 0.1) 27
[20:42:21.044]: (-0.8, 1.6, 0.1) 27
[20:42:21.067]: (-0.8, 1.6, 0.1) 27
[20:42:21.091]: (-0.8, 1.6, 0.1) 27
[20:42:21.113]: (-0.8, 1.6, 0.1) 27
[20:42:21.133]: (-0.8, 1.5, 0.1) 27
[20:42:21.155]: (-0.8, 1.5, 0.1) 27
[20:42:21.176]: (-0.8, 1.5, 0.1) 27
[20:42:21.198]: (-0.8, 1.5, 0.1) 27
[20:42:21.328]: (-0.8, 1.5, 0.1) 27
[20:42:21.353]: (-0.8, 1.5, 0.1) 27
[20:42:21.378]: (-0.8, 1.5, 0.1) 27
[20:42:21.400]: (-0.8, 1.5, 0.1) 27
[20:42:21.421]: (-0.8, 1.5, 0.1) 27
[20:42:21.441]: (-0.8, 1.5, 0.1) 27
[20:42:21.466]: (-0.8, 1.5, 0.1) 27
[20:42:21.487]: (-0.8, 1.5, 0.1) 27
[20:42:21.509]: (-0.8, 1.5, 0.1) 27
[20:42:21.532]: (-0.8, 1.5, 0.1) 27
[20:42:21.554]: (-0.8, 1.5, 0.1) 27
[20:42:21.578]: (-0.8, 1.5, 0.1) 27
[20:42:21.602]: (-0.8, 1.5, 0.1) 27
[20:42:21.625]: (-0.8, 1.5, 0.1) 27
[20:42:21.649]: (-0.8, 1.5, 0.1) 27
[20:42:21.672]: (-0.5, 1.3, 0.4) 26
[20:42:21.990]: (-0.7, 1.5, 0.1) 28
[20:42:22.011]: (-0.8, 1.5, 0.1) 27
[20:42:22.031]: (-0.8, 1.5, 0.1) 27
[20:42:22.052]: (-0.8, 1.5, 0.1) 27
[20:42:22.074]: (-0.8, 1.5, 0.1) 27
[20:42:22.097]: (-0.8, 1.5, 0.1) 27
[20:42:22.119]: (-0.8, 1.5, 0.1) 27
[20:42:22.139]: (-0.8, 1.5, 0.1) 27
[20:42:22.161]: (-0.8, 1.5, 0.1) 27
[20:42:22.183]: (-0.8, 1.5, 0.1) 27
[20:42:22.204]: (-0.8, 1.5, 0.1) 27
[20:42:22.225]: (-0.8, 1.5, 0.1) 27
[20:42:22.250]: (-0.8, 1.6, 0.1) 27
[20:42:22.273]: (-0.8, 1.6, 0.1) 27
[20:42:22.296]: (-0.7, 1.6, 0.1) 27
[20:42:22.382]: (-0.8, 1.6, 0.1) 30
[20:42:22.404]: (-0.8, 1.6, 0.1) 30
[20:42:22.425]: (-0.8, 1.6, 0.1) 30
[20:42:22.447]: (-0.8, 1.6, 0.1) 30
[20:42:22.472]: (-0.8, 1.6, 0.1) 30
[20:42:22.494]: (-0.8, 1.6, 0.1) 30
[20:42:22.515]: (-0.8, 1.6, 0.1) 30
[20:42:22.536]: (-0.8, 1.6, 0.1) 30
[20:42:22.557]: (-0.8, 1.6, 0.1) 30
[20:42:22.578]: (-0.7, 1.6, 0.1) 30
[20:42:22.600]: (-0.7, 1.6, 0.1) 30
[20:42:22.623]: (-0.7, 1.6, 0.1) 30
[20:42:22.646]: (-0.7, 1.6, 0.1) 30
[20:42:22.668]: (-0.7, 1.6, 0.1) 30
[20:42:22.690]: (-0.7, 1.6, 0.1) 30
[20:42:22.713]: (-0.7, 1.6, 0.1) 30
[20:42:22.735]: (-0.7, 1.6, 0.1) 30
[20:42:23.266]: (-0.7, 1.5, 0.1) 27
[20:42:23.289]: (-0.8, 1.5, 0.1) 27
[20:42:23.310]: (-0.8, 1.5, 0.1) 27
[20:42:23.333]: (-0.8, 1.5, 0.1) 27
[20:42:23.357]: (-0.8, 1.5, 0.1) 27
[20:42:23.379]: (-0.8, 1.5, 0.1) 27
[20:42:23.400]: (-0.8, 1.5, 0.1) 27
[20:42:23.416]: (-0.8, 1.5, 0.1) 27
[20:42:23.433]: (-0.8, 1.5, 0.1) 27
[20:42:23.450]: (-0.8, 1.5, 0.1) 27
[20:42:23.468]: (-0.8, 1.5, 0.1) 27
[20:42:23.484]: (-0.8, 1.5, 0.1) 27
[20:42:23.501]: (-0.8, 1.5, 0.1) 27
[20:42:23.517]: (-0.8, 1.5, 0.1) 27
[20:42:23.534]: (-0.8, 1.5, 0.1) 27
[20:42:23.550]: (-0.8, 1.5, 0.1) 27
[20:42:23.567]: (-0.8, 1.5, 0.1) 27
[20:42:23.583]: (-0.8, 1.5, 0.1) 27
[20:42:23.600]: (-0.7, 1.5, 0.1) 28
[20:42:23.631]: (-0.3, 1.3, 0.3) 25
[20:42:23.646]: (-0.3, 1.3, 0.3) 25
[20:42:23.664]: (-0.3, 1.3, 0.3) 25
[20:42:23.680]: (-0.3, 1.3, 0.3) 25
[20:42:23.697]: (-0.3, 1.3, 0.3) 25
[20:42:23.713]: (-0.3, 1.3, 0.3) 25
[20:42:23.731]: (-0.3, 1.3, 0.3) 25
[20:42:23.748]: (-0.3, 1.3, 0.3) 25
[20:42:23.764]: (-0.3, 1.3, 0.3) 25
[20:42:23.781]: (-0.3, 1.3, 0.3) 25
[20:42:23.798]: (-0.3, 1.3, 0.3) 25
[20:42:23.815]: (-0.3, 1.3, 0.3) 25
[20:42:23.831]: (-0.3, 1.3, 0.3) 25
[20:42:23.854]: (-0.3, 1.3, 0.3) 25
[20:42:23.877]: (-0.3, 1.3, 0.3) 25
[20:42:23.899]: (-0.3, 1.3, 0.3) 25
[20:42:23.923]: (-0.3, 1.3, 0.3) 25
[20:42:23.944]: (-0.3, 1.3, 0.3) 25
[20:42:23.965]: (-0.3, 1.3, 0.3) 25
[20:42:23.987]: (-0.3, 1.3, 0.2) 25
[20:42:24.010]: (-0.3, 1.3, 0.3) 25
[20:42:24.032]: (-0.3, 1.3, 0.2) 25
[20:42:24.059]: (-0.3, 1.3, 0.3) 25
[20:42:24.077]: (-0.3, 1.3, 0.3) 25
[20:42:24.099]: (-0.3, 1.3, 0.3) 25
[20:42:24.122]: (-0.3, 1.3, 0.3) 25
[20:42:24.144]: (-0.3, 1.3, 0.2) 25
[20:42:24.165]: (-0.3, 1.3, 0.2) 25
[20:42:24.188]: (-0.3, 1.3, 0.2) 25
[20:42:24.210]: (-0.3, 1.3, 0.2) 25
[20:42:24.232]: (-0.3, 1.3, 0.2) 25
[20:42:24.255]: (-0.3, 1.3, 0.2) 25
[20:42:24.276]: (-0.3, 1.3, 0.2) 25
[20:42:24.299]: (-0.3, 1.3, 0.2) 25
[20:42:24.315]: (-0.3, 1.3, 0.2) 25
[20:42:24.332]: (-0.3, 1.3, 0.2) 25
[20:42:24.349]: (-0.3, 1.3, 0.2) 25
[20:42:24.367]: (-0.3, 1.3, 0.3) 25
[20:42:24.384]: (-0.3, 1.3, 0.2) 25
[20:42:24.401]: (-0.3, 1.3, 0.3) 25
[20:42:24.418]: (-0.3, 1.2, 0.3) 25
[20:42:24.434]: (-0.3, 1.2, 0.3) 25
[20:42:24.452]: (-0.3, 1.2, 0.3) 25
[20:42:24.469]: (-0.3, 1.2, 0.3) 25
[20:42:24.486]: (-0.3, 1.2, 0.3) 25
[20:42:24.503]: (-0.3, 1.2, 0.3) 25
[20:42:24.519]: (-0.3, 1.2, 0.3) 25
[20:42:24.535]: (-0.3, 1.2, 0.3) 25
[20:42:24.552]: (-0.3, 1.2, 0.3) 25
[20:42:24.570]: (-0.3, 1.2, 0.3) 25
[20:42:24.588]: (-0.3, 1.2, 0.3) 25
[20:42:24.604]: (-0.3, 1.2, 0.3) 25
[20:42:24.620]: (-0.3, 1.2, 0.3) 25
[20:42:24.639]: (-0.3, 1.2, 0.3) 25
[20:42:24.656]: (-0.3, 1.2, 0.3) 25
[20:42:24.674]: (-0.3, 1.2, 0.3) 25
[20:42:24.690]: (-0.3, 1.2, 0.3) 25
[20:42:24.708]: (-0.3, 1.2, 0.3) 25
[20:42:24.725]: (-0.3, 1.2, 0.3) 25
[20:42:24.741]: (-0.3, 1.2, 0.3) 25
[20:42:24.760]: (-0.3, 1.2, 0.3) 25
[20:42:24.776]: (-0.3, 1.2, 0.3) 25
[20:42:24.800]: (-0.3, 1.2, 0.2) 25
[20:42:24.821]: (-0.3, 1.2, 0.2) 25
[20:42:24.844]: (-0.3, 1.2, 0.2) 25
[20:42:24.866]: (-0.3, 1.2, 0.2) 25
[20:42:24.888]: (-0.3, 1.2, 0.2) 25
[20:42:24.910]: (-0.3, 1.2, 0.2) 25
[20:42:24.932]: (-0.3, 1.2, 0.2) 25
[20:42:24.955]: (-0.3, 1.2, 0.3) 25
[20:42:24.976]: (-0.3, 1.2, 0.2) 25
[20:42:24.999]: (-0.3, 1.2, 0.3) 25
[20:42:25.027]: (-0.3, 1.2, 0.3) 25
[20:42:25.050]: (-0.3, 1.2, 0.3) 25
[20:42:25.071]: (-0.3, 1.2, 0.3) 25
[20:42:25.093]: (-0.3, 1.2, 0.3) 25
[20:42:25.114]: (-0.3, 1.2, 0.3) 25
[20:42:25.136]: (-0.3, 1.2, 0.3) 25
[20:42:25.159]: (-0.3, 1.2, 0.3) 25
[20:42:25.182]: (-0.3, 1.2, 0.3) 25
[20:42:25.202]: (-0.3, 1.2, 0.3) 25
[20:42:25.226]: (-0.3, 1.2, 0.3) 25
[20:42:25.248]: (-0.3, 1.2, 0.3) 25
[20:42:25.269]: (-0.3, 1.2, 0.3) 25
[20:42:25.292]: (-0.3, 1.2, 0.3) 25
[20:42:25.316]: (-0.4, 1.2, 0.2) 25
[20:42:25.338]: (-0.3, 1.3, 0.3) 25
[20:42:25.361]: (-0.3, 1.3, 0.3) 22
[20:42:25.383]: (-0.3, 1.3, 0.3) 22
[20:42:25.404]: (-0.3, 1.3, 0.3) 22
[20:42:25.429]: (-0.3, 1.3, 0.3) 22
[20:42:25.453]: (-0.3, 1.3, 0.3) 22
[20:42:25.476]: (-0.3, 1.3, 0.3) 22
[20:42:25.498]: (-0.3, 1.3, 0.3) 22
[20:42:25.660]: (-0.4, 1.3, 0.3) 22
[20:42:25.682]: (-0.4, 1.3, 0.3) 22
[20:42:25.703]: (-0.4, 1.3, 0.2) 22
[20:42:25.744]: (-0.4, 1.3, 0.2) 22
[20:42:25.765]: (-0.4, 1.3, 0.2) 22
[20:42:25.786]: (-0.4, 1.3, 0.2) 22
[20:42:25.809]: (-0.5, 1.3, 0.2) 22
[20:42:25.831]: (-0.5, 1.3, 0.2) 22
[20:42:25.852]: (-0.5, 1.3, 0.2) 22
[20:42:25.875]: (-0.5, 1.3, 0.2) 22
[20:42:25.896]: (-0.5, 1.3, 0.2) 22
[20:42:25.918]: (-0.5, 1.3, 0.2) 22
[20:42:25.946]: (-0.5, 1.3, 0.1) 22
[20:42:25.981]: (-0.5, 1.3, 0.2) 25
[20:42:26.013]: (-0.6, 1.3, 0.2) 25
[20:42:26.048]: (-0.6, 1.3, 0.2) 25
[20:42:26.080]: (-0.6, 1.3, 0.2) 25
[20:42:26.413]: (-0.7, 1.5, 0.2) 25
[20:42:26.447]: (-0.7, 1.5, 0.2) 22
[20:42:26.482]: (-0.7, 1.6, 0.2) 22
[20:42:26.515]: (-0.7, 1.6, 0.2) 22
[20:42:26.547]: (-0.7, 1.6, 0.2) 22
[20:42:26.580]: (-0.8, 1.6, 0.2) 22
[20:42:26.602]: (-0.8, 1.6, 0.2) 22
[20:42:26.624]: (-0.8, 1.6, 0.2) 22
[20:42:26.647]: (-0.8, 1.6, 0.2) 22
[20:42:26.668]: (-0.8, 1.6, 0.2) 22
[20:42:26.693]: (-0.8, 1.6, 0.2) 22
[20:42:26.714]: (-0.8, 1.6, 0.2) 22
[20:42:26.735]: (-0.8, 1.6, 0.2) 22
[20:42:26.759]: (-0.8, 1.6, 0.2) 22
[20:42:26.781]: (-0.8, 1.6, 0.2) 22
[20:42:26.801]: (-0.8, 1.6, 0.2) 22
[20:42:26.824]: (-0.8, 1.6, 0.2) 22
[20:42:26.846]: (-0.8, 1.6, 0.2) 22
[20:42:26.870]: (-0.8, 1.6, 0.2) 22
[20:42:26.890]: (-0.8, 1.6, 0.2) 22
[20:42:26.912]: (-0.8, 1.6, 0.2) 22
[20:42:26.935]: (-0.8, 1.6, 0.2) 22
[20:42:26.958]: (-0.8, 1.6, 0.2) 22
[20:42:26.981]: (-0.8, 1.6, 0.2) 22
[20:42:27.003]: (-0.8, 1.6, 0.2) 22
[20:42:27.023]: (-0.8, 1.6, 0.2) 22
[20:42:27.046]: (-0.8, 1.6, 0.2) 22
[20:42:27.069]: (-0.8, 1.6, 0.2) 22
[20:42:27.094]: (-0.8, 1.6, 0.2) 22
[20:42:27.115]: (-0.9, 1.6, 0.2) 22
[20:42:27.270]: (-0.8, 1.7, 0.3) 23
[20:42:27.291]: (-0.8, 1.7, 0.3) 23
[20:42:27.313]: (-0.8, 1.7, 0.2) 22
[20:42:27.333]: (-0.8, 1.7, 0.2) 22
[20:42:27.359]: (-0.8, 1.7, 0.2) 22
[20:42:27.382]: (-0.8, 1.7, 0.2) 22
[20:42:27.405]: (-0.8, 1.7, 0.2) 22
[20:42:27.427]: (-0.8, 1.7, 0.2) 22
[20:42:27.449]: (-0.8, 1.7, 0.2) 22
[20:42:27.480]: (-0.8, 1.7, 0.2) 22
[20:42:27.501]: (-0.8, 1.7, 0.2) 22
[20:42:27.523]: (-0.8, 1.7, 0.2) 22
[20:42:27.545]: (-0.8, 1.7, 0.2) 22
[20:42:27.566]: (-0.8, 1.7, 0.2) 22
[20:42:27.589]: (-0.8, 1.7, 0.1) 22
[20:42:27.610]: (-0.8, 1.7, 0.1) 22
[20:42:27.631]: (-0.8, 1.7, 0.1) 22
[20:42:27.651]: (-0.8, 1.7, 0.1) 22
[20:42:27.674]: (-0.8, 1.7, 0.1) 22
[20:42:27.695]: (-0.8, 1.7, 0.1) 22
[20:42:27.717]: (-0.8, 1.7, 0.1) 22
[20:42:27.737]: (-0.7, 1.7, 0.1) 22
[20:42:27.760]: (-0.7, 1.7, 0.1) 22
[20:42:27.782]: (-0.7, 1.7, 0.1) 22
[20:42:27.803]: (-0.7, 1.7, 0.1) 22
[20:42:27.824]: (-0.7, 1.7, 0.1) 22
[20:42:27.848]: (-0.7, 1.7, 0.1) 22
[20:42:27.868]: (-0.7, 1.7, 0.2) 23
[20:42:27.993]: (-0.6, 1.8, 0.1) 23
[20:42:28.017]: (-0.6, 1.8, 0.1) 23
[20:42:28.038]: (-0.6, 1.7, 0.1) 23
[20:42:28.059]: (-0.6, 1.7, 0.1) 23
[20:42:28.082]: (-0.6, 1.7, 0.1) 23
[20:42:28.105]: (-0.6, 1.7, 0.1) 23
[20:42:28.129]: (-0.7, 1.7, 0.1) 22
[20:42:28.151]: (-0.7, 1.7, 0.1) 22
[20:42:28.173]: (-0.7, 1.6, 0.1) 22
[20:42:28.197]: (-0.7, 1.6, 0.1) 22
[20:42:28.217]: (-0.7, 1.6, 0.1) 22
[20:42:28.240]: (-0.8, 1.6, 0.1) 22
[20:42:28.263]: (-0.8, 1.6, 0.1) 22
[20:42:28.285]: (-0.8, 1.6, 0.1) 22
[20:42:28.305]: (-0.8, 1.6, 0.1) 22
[20:42:28.329]: (-0.8, 1.6, 0.1) 22
[20:42:28.350]: (-0.8, 1.6, 0.1) 22
[20:42:28.373]: (-0.8, 1.6, 0.1) 22
[20:42:28.395]: (-0.8, 1.6, 0.1) 22
[20:42:28.415]: (-0.8, 1.6, 0.1) 22
[20:42:28.435]: (-0.8, 1.6, 0.1) 22
[20:42:28.457]: (-0.8, 1.6, 0.1) 22
[20:42:28.480]: (-0.8, 1.6, 0.1) 22
[20:42:28.612]: (-0.8, 1.7, 0.1) 22
[20:42:28.647]: (-0.8, 1.7, 0.1) 22
[20:42:28.679]: (-0.8, 1.7, 0.1) 22
[20:42:28.714]: (-0.8, 1.7, 0.1) 22
[20:42:28.747]: (-0.8, 1.7, 0.1) 22
[20:42:28.781]: (-0.8, 1.7, 0.1) 22
[20:42:29.180]: (-0.8, 1.7, 0.1) 22
[20:42:29.202]: (-0.8, 1.7, 0.1) 22
[20:42:29.226]: (-0.8, 1.7, 0.1) 22
[20:42:29.248]: (-0.8, 1.7, 0.1) 22
[20:42:29.270]: (-0.8, 1.7, 0.1) 22
[20:42:29.292]: (-0.8, 1.7, 0.1) 22
[20:42:29.312]: (-0.8, 1.7, 0.1) 22
[20:42:29.334]: (-0.8, 1.7, 0.1) 22
[20:42:29.357]: (-0.8, 1.7, 0.1) 22
[20:42:29.380]: (-0.8, 1.7, 0.1) 22
[20:42:29.401]: (-0.8, 1.7, 0.1) 22
[20:42:29.423]: (-0.8, 1.7, 0.1) 22
[20:42:29.446]: (-0.8, 1.7, 0.1) 22
[20:42:29.467]: (-0.8, 1.7, 0.1) 22
[20:42:29.492]: (-0.8, 1.7, 0.1) 22
[20:42:29.516]: (-0.8, 1.7, 0.1) 22
[20:42:29.538]: (-0.8, 1.7, 0.1) 22
[20:42:29.562]: (-0.8, 1.7, 0.1) 22
[20:42:29.585]: (-0.8, 1.7, 0.1) 22
[20:42:29.609]: (-0.8, 1.6, 0.1) 22
[20:42:29.630]: (-0.8, 1.7, 0.1) 22
[20:42:29.651]: (-0.8, 1.7, 0.1) 22
[20:42:29.673]: (-0.8, 1.7, 0.1) 22
[20:42:29.695]: (-0.8, 1.7, 0.1) 22
[20:42:29.716]: (-0.8, 1.7, 0.1) 22
[20:42:29.737]: (-0.8, 1.7, 0.1) 22
[20:42:29.757]: (-0.8, 1.7, 0.1) 22
[20:42:29.779]: (-0.8, 1.7, 0.1) 22
[20:42:29.801]: (-0.8, 1.7, 0.1) 22
[20:42:29.824]: (-0.8, 1.7, 0.1) 22
[20:42:29.848]: (-0.8, 1.7, 0.1) 22
[20:42:29.870]: (-0.8, 1.7, 0.1) 22
[20:42:29.887]: (-0.8, 1.7, 0.1) 22
[20:42:29.907]: (-0.8, 1.7, 0.1) 22
[20:42:29.930]: (-0.8, 1.7, 0.1) 22
[20:42:29.952]: (-0.8, 1.7, 0.1) 22
[20:42:29.975]: (-0.8, 1.7, 0.1) 22
[20:42:29.997]: (-0.8, 1.7, 0.1) 22
[20:42:30.019]: (-0.8, 1.7, 0.1) 22
[20:42:30.041]: (-0.8, 1.7, 0.1) 22
[20:42:30.063]: (-0.8, 1.7, 0.1) 22
[20:42:30.086]: (-0.8, 1.7, 0.1) 22
[20:42:30.109]: (-0.8, 1.7, 0.1) 22
[20:42:30.130]: (-0.8, 1.7, 0.1) 22
[20:42:30.153]: (-0.8, 1.7, 0.1) 22
[20:42:30.175]: (-0.8, 1.7, 0.1) 22
[20:42:30.197]: (-0.8, 1.7, 0.1) 22
[20:42:30.219]: (-0.8, 1.7, 0.1) 22
[20:42:30.241]: (-0.8, 1.7, 0.1) 22
[20:42:30.264]: (-0.8, 1.7, 0.1) 22
[20:42:30.286]: (-0.8, 1.7, 0.1) 22
[20:42:30.308]: (-0.8, 1.7, 0.1) 22
[20:42:30.330]: (-0.8, 1.7, 0.1) 22
[20:42:30.352]: (-0.8, 1.7, 0.1) 22
[20:42:30.375]: (-0.8, 1.7, 0.1) 22
[20:42:30.396]: (-0.8, 1.7, 0.1) 22
[20:42:30.419]: (-0.8, 1.7, 0.1) 22
[20:42:30.436]: (-0.8, 1.7, 0.1) 22
[20:42:30.453]: (-0.8, 1.6, 0.1) 22
[20:42:30.470]: (-0.8, 1.6, 0.1) 25
[20:42:30.486]: (-0.8, 1.6, 0.1) 25
[20:42:30.505]: (-0.8, 1.6, 0.1) 25
[20:42:30.523]: (-0.8, 1.6, 0.1) 25
[20:42:30.542]: (-0.8, 1.6, 0.1) 25
[20:42:30.558]: (-0.8, 1.6, 0.1) 25
[20:42:30.575]: (-0.8, 1.6, 0.1) 25
[20:42:30.593]: (-0.8, 1.6, 0.1) 25
[20:42:30.611]: (-0.8, 1.6, 0.1) 25
[20:42:30.630]: (-0.8, 1.6, 0.1) 25
[20:42:30.649]: (-0.8, 1.6, 0.1) 25
[20:42:30.665]: (-0.8, 1.6, 0.1) 25
[20:42:30.680]: (-0.8, 1.6, 0.1) 25
[20:42:30.697]: (-0.8, 1.6, 0.1) 25
[20:42:30.714]: (-0.8, 1.6, 0.1) 25
[20:42:30.730]: (-0.8, 1.6, 0.1) 25
[20:42:30.747]: (-0.8, 1.6, 0.1) 25
[20:42:30.764]: (-0.8, 1.6, 0.1) 25
[20:42:30.782]: (-0.8, 1.6, 0.1) 25
[20:42:30.797]: (-0.8, 1.6, 0.1) 25
[20:42:30.812]: (-0.8, 1.6, 0.1) 25
[20:42:30.830]: (-0.8, 1.6, 0.1) 25
[20:42:30.846]: (-0.8, 1.6, 0.1) 25
[20:42:30.864]: (-0.8, 1.6, 0.1) 25
[20:42:30.885]: (-0.8, 1.6, 0.1) 25
[20:42:30.908]: (-0.8, 1.6, 0.1) 25
[20:42:30.930]: (-0.8, 1.6, 0.1) 25
[20:42:30.951]: (-0.8, 1.6, 0.1) 25
[20:42:30.976]: (-0.8, 1.6, 0.1) 25
[20:42:30.996]: (-0.8, 1.6, 0.1) 25
[20:42:31.019]: (-0.8, 1.6, 0.1) 25
[20:42:31.042]: (-0.8, 1.6, 0.1) 25
[20:42:31.086]: (-0.9, 1.6, 0.1) 26
[20:42:31.107]: (-0.9, 1.6, 0.1) 26
[20:42:31.130]: (-0.9, 1.6, 0.1) 26
[20:42:31.152]: (-0.9, 1.6, 0.1) 26
[20:42:31.175]: (-0.9, 1.6, 0.1) 26
[20:42:31.197]: (-0.9, 1.6, 0.1) 26
[20:42:31.219]: (-0.9, 1.6, 0.1) 26
[20:42:31.241]: (-0.9, 1.6, 0.1) 26
[20:42:31.264]: (-0.9, 1.6, 0.1) 26
[20:42:31.286]: (-0.9, 1.6, 0.1) 26
[20:42:31.307]: (-0.9, 1.6, 0.1) 26
[20:42:31.330]: (-0.9, 1.6, 0.1) 26
[20:42:31.348]: (-0.9, 1.6, 0.1) 26
[20:42:31.366]: (-0.9, 1.6, 0.1) 26
[20:42:31.383]: (-0.9, 1.6, 0.1) 26
[20:42:31.399]: (-0.9, 1.6, 0.1) 26
[20:42:31.416]: (-0.9, 1.6, 0.1) 26
[20:42:31.432]: (-0.9, 1.6, 0.1) 26
[20:42:31.448]: (-0.9, 1.6, 0.1) 26
[20:42:31.464]: (-0.9, 1.6, 0.1) 26
[20:42:31.481]: (-0.9, 1.6, 0.1) 26
[20:42:31.497]: (-0.9, 1.6, 0.1) 26
[20:42:31.514]: (-0.9, 1.6, 0.1) 26
[20:42:31.530]: (-0.9, 1.6, 0.1) 26
[20:42:31.549]: (-0.9, 1.6, 0.1) 26
[20:42:31.565]: (-1.0, 1.6, 0.1) 26
[20:42:31.582]: (-1.0, 1.6, 0.1) 26
[20:42:31.598]: (-1.0, 1.6, 0.1) 26
[20:42:31.616]: (-1.0, 1.6, 0.1) 26
[20:42:31.632]: (-1.0, 1.6, 0.1) 26
[20:42:31.649]: (-1.0, 1.6, 0.1) 26
[20:42:31.664]: (-1.0, 1.6, 0.1) 26
[20:42:31.682]: (-1.0, 1.6, 0.1) 26
[20:42:31.698]: (-1.0, 1.6, 0.1) 26
[20:42:31.716]: (-1.0, 1.6, 0.1) 26
[20:42:31.734]: (-1.0, 1.6, 0.1) 26
[20:42:31.752]: (-1.0, 1.6, 0.1) 26
[20:42:31.771]: (-1.0, 1.6, 0.1) 26
[20:42:31.788]: (-1.0, 1.6, 0.1) 26
[20:42:31.806]: (-1.0, 1.6, 0.1) 26
[20:42:31.822]: (-1.0, 1.6, 0.1) 26
[20:42:31.842]: (-1.0, 1.6, 0.1) 26
[20:42:31.862]: (-1.0, 1.6, 0.1) 26
[20:42:31.886]: (-1.0, 1.6, 0.1) 26
[20:42:31.913]: (-1.0, 1.6, 0.1) 26
[20:42:32.780]: (-0.8, 1.6, 0.1) 22
[20:42:32.813]: (-0.8, 1.6, 0.1) 22
[20:42:32.847]: (-0.8, 1.6, 0.1) 22
[20:42:32.880]: (-0.8, 1.6, 0.1) 22
[20:42:32.901]: (-0.8, 1.6, 0.1) 23
[20:42:32.923]: (-0.8, 1.6, 0.1) 23
[20:42:33.167]: (-0.8, 1.6, 0.1) 23
[20:42:33.188]: (-0.8, 1.5, 0.1) 22
[20:42:33.210]: (-0.8, 1.5, 0.1) 22
[20:42:33.232]: (-0.8, 1.5, 0.1) 22
[20:42:33.255]: (-0.8, 1.5, 0.1) 22
[20:42:33.279]: (-0.8, 1.5, 0.1) 22
[20:42:33.301]: (-0.8, 1.5, 0.1) 22
[20:42:33.322]: (-0.8, 1.5, 0.1) 22
[20:42:33.345]: (-0.8, 1.5, 0.1) 22
[20:42:33.371]: (-0.8, 1.5, 0.1) 22
[20:42:33.393]: (-0.8, 1.5, 0.0) 22
[20:42:33.414]: (-0.8, 1.5, 0.0) 22
[20:42:33.433]: (-0.8, 1.5, 0.0) 22
[20:42:33.455]: (-0.8, 1.5, 0.0) 22
[20:42:33.477]: (-0.8, 1.5, 0.0) 22
[20:42:33.499]: (-0.8, 1.5, 0.0) 22
[20:42:33.524]: (-0.8, 1.5, 0.0) 22
[20:42:33.547]: (-0.8, 1.5, 0.0) 22
[20:42:33.568]: (-0.8, 1.5, 0.0) 22
[20:42:33.592]: (-0.8, 1.5, 0.0) 22
[20:42:33.613]: (-0.8, 1.5, 0.0) 22
[20:42:33.634]: (-0.8, 1.5, 0.0) 22
[20:42:33.899]: (-0.8, 1.5, 0.0) 22
[20:42:33.922]: (-0.8, 1.5, 0.0) 22
[20:42:33.946]: (-0.8, 1.5, 0.0) 22
[20:42:33.966]: (-0.8, 1.5, 0.0) 22
[20:42:33.990]: (-0.8, 1.5, 0.0) 22
[20:42:34.012]: (-0.8, 1.5, 0.0) 22
[20:42:34.032]: (-0.8, 1.5, 0.0) 22
[20:42:34.052]: (-0.8, 1.5, 0.0) 22
[20:42:34.074]: (-0.8, 1.5, 0.0) 22
[20:42:34.097]: (-0.8, 1.5, 0.0) 22
[20:42:34.118]: (-0.8, 1.5, 0.0) 22
[20:42:34.139]: (-0.8, 1.5, 0.0) 22
[20:42:34.160]: (-0.8, 1.5, 0.0) 22
[20:42:34.177]: (-0.8, 1.5, 0.0) 22
[20:42:34.193]: (-0.8, 1.5, 0.0) 22
[20:42:34.210]: (-0.8, 1.5, 0.0) 22
[20:42:34.227]: (-0.8, 1.5, 0.0) 22
[20:42:34.243]: (-0.8, 1.5, 0.0) 22
[20:42:34.259]: (-0.8, 1.5, 0.0) 22
[20:42:34.276]: (-0.8, 1.5, 0.0) 22
[20:42:34.295]: (-0.8, 1.5, 0.0) 22
[20:42:34.313]: (-0.8, 1.5, 0.0) 22
[20:42:34.330]: (-0.8, 1.5, 0.0) 22
[20:42:34.348]: (-0.8, 1.5, 0.0) 22
[20:42:34.364]: (-0.8, 1.5, 0.0) 22
[20:42:34.382]: (-0.8, 1.5, 0.0) 22
[20:42:34.398]: (-0.8, 1.5, 0.0) 22
[20:42:34.415]: (-0.8, 1.5, 0.0) 22
[20:42:34.431]: (-0.8, 1.5, 0.0) 22
[20:42:34.448]: (-0.8, 1.5, 0.0) 22
[20:42:34.464]: (-0.8, 1.5, 0.0) 22
[20:42:34.480]: (-0.8, 1.5, 0.0) 22
[20:42:34.497]: (-0.8, 1.5, 0.0) 22
[20:42:34.514]: (-0.8, 1.5, 0.0) 22
[20:42:34.530]: (-0.8, 1.5, 0.0) 22
[20:42:34.548]: (-0.8, 1.5, 0.0) 22
[20:42:34.564]: (-0.8, 1.5, 0.0) 22
[20:42:34.582]: (-0.8, 1.5, 0.0) 22
[20:42:34.598]: (-0.8, 1.5, 0.0) 22
[20:42:34.617]: (-0.8, 1.5, 0.0) 22
[20:42:34.639]: (-0.8, 1.5, 0.0) 22
[20:42:34.661]: (-0.8, 1.5, 0.0) 22
[20:42:34.684]: (-0.8, 1.5, 0.0) 22
[20:42:34.706]: (-0.8, 1.5, 0.0) 22
[20:42:34.729]: (-0.8, 1.5, 0.0) 22
[20:42:34.750]: (-0.8, 1.5, 0.0) 22
[20:42:34.773]: (-0.8, 1.5, 0.0) 22
[20:42:34.795]: (-0.8, 1.5, 0.0) 22
[20:42:34.816]: (-0.8, 1.5, 0.0) 22
[20:42:34.840]: (-0.8, 1.5, 0.0) 22
[20:42:34.861]: (-0.8, 1.5, 0.0) 22
[20:42:34.884]: (-0.8, 1.5, 0.0) 22
[20:42:34.908]: (-0.8, 1.5, 0.0) 22
[20:42:34.928]: (-0.8, 1.5, 0.0) 22
[20:42:34.951]: (-0.8, 1.5, 0.0) 22
[20:42:34.974]: (-0.8, 1.5, 0.0) 22
[20:42:34.994]: (-0.8, 1.5, 0.0) 22
[20:42:35.017]: (-0.8, 1.5, 0.0) 22
[20:42:35.040]: (-0.8, 1.5, 0.0) 22
[20:42:35.063]: (-0.8, 1.5, 0.0) 22
[20:42:35.088]: (-0.8, 1.5, 0.0) 22
[20:42:35.111]: (-0.8, 1.5, 0.0) 22
[20:42:35.132]: (-0.8, 1.5, 0.0) 22
[20:42:35.154]: (-0.8, 1.5, 0.0) 22
[20:42:35.177]: (-0.8, 1.5, 0.0) 22
[20:42:35.199]: (-0.8, 1.5, 0.0) 22
[20:42:35.220]: (-0.8, 1.5, 0.0) 22
[20:42:35.242]: (-0.8, 1.5, 0.0) 22
[20:42:35.263]: (-0.8, 1.5, 0.0) 22
[20:42:35.284]: (-0.8, 1.5, 0.0) 22
[20:42:35.305]: (-0.8, 1.5, 0.0) 22
[20:42:35.330]: (-0.8, 1.5, 0.0) 22
[20:42:35.352]: (-0.8, 1.5, 0.1) 22
[20:42:35.377]: (-0.8, 1.5, 0.1) 22
[20:42:35.399]: (-0.8, 1.5, 0.1) 22
[20:42:35.540]: (-0.8, 1.4, 0.1) 22
[20:42:35.561]: (-0.8, 1.4, 0.1) 22
[20:42:35.582]: (-0.8, 1.4, 0.1) 22
[20:42:35.603]: (-0.8, 1.4, 0.1) 22
[20:42:35.623]: (-0.8, 1.4, 0.1) 22
[20:42:35.644]: (-0.8, 1.4, 0.1) 22
[20:42:35.666]: (-0.8, 1.4, 0.1) 22
[20:42:35.688]: (-0.8, 1.4, 0.1) 22
[20:42:35.709]: (-0.8, 1.4, 0.1) 22
[20:42:35.731]: (-0.8, 1.4, 0.1) 22
[20:42:35.755]: (-0.8, 1.4, 0.1) 22
[20:42:36.010]: (0.0, 1.8, 0.5) 16
[20:42:36.043]: (0.1, 1.8, 0.5) 15
[20:42:36.076]: (0.1, 1.8, 0.5) 15
[20:42:36.110]: (0.2, 1.8, 0.6) 15
[20:42:36.697]: (0.0, 1.5, 0.7) 16
[20:42:37.566]: (-0.5, 2.0, 0.6) 16
[20:42:37.589]: (-0.5, 2.0, 0.6) 16
[20:42:37.611]: (-0.5, 1.9, 0.6) 16
[20:42:37.634]: (-0.5, 1.9, 0.7) 16
[20:42:37.659]: (-0.4, 1.9, 0.7) 16
[20:42:37.682]: (-0.3, 2.0, 0.9) 20
[20:42:38.262]: (0.7, 1.9, 0.3) 1
[20:42:38.285]: (0.7, 1.9, 0.3) 1
[20:42:38.552]: (0.1, 1.4, 0.6) 16
[20:42:38.575]: (0.1, 1.4, 0.6) 16
[20:42:38.599]: (0.1, 1.4, 0.6) 16
[20:42:38.621]: (0.1, 1.4, 0.6) 16
[20:42:38.643]: (0.1, 1.4, 0.6) 16
[20:42:38.665]: (0.0, 1.4, 0.6) 16
[20:42:38.687]: (0.0, 1.4, 0.6) 16
[20:42:38.708]: (0.0, 1.4, 0.6) 16
[20:42:38.731]: (0.0, 1.4, 0.6) 16
[20:42:38.753]: (0.0, 1.4, 0.6) 16
[20:42:38.776]: (0.0, 1.4, 0.6) 16
[20:42:38.799]: (0.1, 1.4, 0.6) 16
[20:42:38.820]: (0.1, 1.3, 0.6) 16
[20:42:38.865]: (0.2, 1.3, 0.7) 20
[20:42:38.887]: (0.2, 1.3, 0.7) 20
[20:42:38.908]: (0.2, 1.3, 0.7) 20
[20:42:38.929]: (0.2, 1.3, 0.7) 20
[20:42:38.949]: (0.2, 1.3, 0.7) 20
[20:42:38.971]: (0.1, 1.3, 0.6) 16
[20:42:38.993]: (0.0, 1.3, 0.6) 16
[20:42:39.014]: (0.0, 1.3, 0.6) 16
[20:42:39.034]: (0.0, 1.3, 0.6) 16
[20:42:39.057]: (0.0, 1.3, 0.6) 16
[20:42:39.081]: (0.0, 1.3, 0.6) 16
[20:42:39.105]: (0.0, 1.3, 0.6) 14
[20:42:39.125]: (0.0, 1.3, 0.6) 14
[20:42:39.147]: (0.1, 1.3, 0.7) 15
[20:42:39.167]: (0.0, 1.3, 0.7) 15
[20:42:39.197]: (0.0, 1.3, 0.6) 14
[20:42:39.475]: (-0.1, 1.3, 0.7) 16
[20:42:39.511]: (-0.1, 1.4, 0.7) 16
[20:42:39.541]: (-0.1, 1.4, 0.7) 16
[20:42:39.576]: (-0.1, 1.4, 0.7) 16
[20:42:40.287]: (-0.4, 1.9, 0.3) 21
[20:42:40.598]: (-0.5, 1.9, 0.2) 21
[20:42:40.978]: (-0.4, 1.9, 0.5) 14
[20:42:42.141]: (-0.4, 1.8, 0.4) 17
[20:42:42.184]: (-0.5, 1.8, 0.4) 17
[20:42:42.207]: (-0.5, 1.8, 0.4) 17
[20:42:42.231]: (-0.5, 1.8, 0.4) 17
[20:42:42.253]: (-0.5, 1.8, 0.4) 17
[20:42:42.275]: (-0.5, 1.8, 0.4) 17
[20:42:42.297]: (-0.5, 1.8, 0.4) 17
[20:42:42.318]: (-0.5, 1.8, 0.4) 17
[20:42:42.341]: (-0.5, 1.8, 0.5) 14
[20:42:42.364]: (-0.5, 1.8, 0.5) 14
[20:42:42.385]: (-0.5, 1.8, 0.5) 14
[20:42:42.409]: (-0.5, 1.8, 0.5) 14
[20:42:42.454]: (-0.5, 1.7, 0.5) 14
[20:42:42.475]: (-0.6, 1.7, 0.5) 14
[20:42:42.498]: (-0.6, 1.7, 0.5) 14
[20:42:42.555]: (-0.6, 1.7, 0.4) 14
[20:42:42.577]: (-0.6, 1.7, 0.4) 14
[20:42:42.659]: (-0.6, 1.7, 0.4) 14
[20:42:42.679]: (-0.6, 1.7, 0.4) 14
[20:42:42.738]: (-0.7, 1.7, 0.4) 14
[20:42:43.097]: (-0.7, 1.6, 0.1) 17
[20:42:43.120]: (-0.7, 1.6, 0.1) 17
[20:42:43.141]: (-0.7, 1.6, 0.1) 17
[20:42:43.162]: (-0.7, 1.6, 0.1) 17
[20:42:43.184]: (-0.7, 1.6, 0.1) 17
[20:42:43.207]: (-0.8, 1.6, 0.1) 17
[20:42:43.229]: (-0.8, 1.6, 0.1) 17
[20:42:43.250]: (-0.8, 1.6, 0.1) 17
[20:42:43.273]: (-0.8, 1.6, 0.1) 17
[20:42:43.296]: (-0.8, 1.6, 0.1) 17
[20:42:43.376]: (-0.8, 1.7, 0.2) 14
[20:42:43.399]: (-0.8, 1.7, 0.2) 14
[20:42:43.421]: (-0.8, 1.7, 0.2) 14
[20:42:43.441]: (-0.8, 1.7, 0.2) 14
[20:42:43.462]: (-0.8, 1.7, 0.2) 14
[20:42:43.483]: (-0.8, 1.7, 0.2) 14
[20:42:43.505]: (-0.8, 1.7, 0.2) 14
[20:42:43.526]: (-0.8, 1.7, 0.2) 14
[20:42:43.547]: (-0.8, 1.7, 0.2) 14
[20:42:43.568]: (-0.8, 1.7, 0.2) 14
[20:42:43.592]: (-0.8, 1.7, 0.2) 14
[20:42:43.614]: (-0.8, 1.7, 0.2) 14
[20:42:43.636]: (-0.8, 1.7, 0.2) 14
[20:42:43.657]: (-0.8, 1.7, 0.2) 14
[20:42:43.678]: (-0.8, 1.7, 0.2) 14
[20:42:43.699]: (-0.8, 1.7, 0.2) 14
[20:42:43.723]: (-0.8, 1.7, 0.2) 14
[20:42:43.745]: (-0.8, 1.7, 0.2) 14
[20:42:43.768]: (-0.8, 1.7, 0.2) 14
[20:42:43.792]: (-0.8, 1.7, 0.2) 14
[20:42:43.812]: (-0.8, 1.7, 0.2) 14
[20:42:43.833]: (-0.8, 1.7, 0.2) 14
[20:42:43.854]: (-0.8, 1.7, 0.2) 14
[20:42:43.877]: (-0.8, 1.7, 0.2) 14
[20:42:43.899]: (-0.8, 1.7, 0.2) 14
[20:42:43.974]: (-0.8, 1.6, 0.1) 17
[20:42:44.007]: (-0.8, 1.6, 0.1) 17
[20:42:44.041]: (-0.8, 1.6, 0.1) 17
[20:42:44.074]: (-0.8, 1.6, 0.1) 17
[20:42:44.107]: (-0.8, 1.6, 0.1) 17
[20:42:44.140]: (-0.8, 1.6, 0.1) 17
[20:42:44.175]: (-0.8, 1.6, 0.1) 17
[20:42:44.207]: (-0.8, 1.6, 0.1) 17
[20:42:44.240]: (-0.8, 1.6, 0.2) 14
[20:42:44.273]: (-0.8, 1.6, 0.2) 14
[20:42:44.303]: (-0.8, 1.6, 0.2) 14
[20:42:44.336]: (-0.8, 1.7, 0.2) 14
[20:42:44.370]: (-0.8, 1.7, 0.2) 14
[20:42:44.404]: (-0.8, 1.7, 0.2) 14
[20:42:44.436]: (-0.8, 1.7, 0.2) 14
[20:42:44.470]: (-0.8, 1.7, 0.2) 14
[20:42:44.503]: (-0.8, 1.7, 0.2) 14
[20:42:44.537]: (-0.8, 1.7, 0.2) 14
[20:42:44.569]: (-0.8, 1.7, 0.2) 14
[20:42:44.603]: (-0.8, 1.6, 0.1) 17
[20:42:45.292]: (-0.8, 1.6, 0.0) 21
[20:42:45.314]: (-0.8, 1.6, 0.0) 21
[20:42:45.335]: (-0.8, 1.6, 0.0) 21
[20:42:45.358]: (-0.8, 1.6, 0.0) 21
[20:42:45.381]: (-0.8, 1.6, 0.0) 21
[20:42:45.404]: (-0.8, 1.6, 0.0) 21
[20:42:45.427]: (-0.8, 1.6, 0.0) 21
[20:42:45.450]: (-0.8, 1.6, 0.0) 21
[20:42:45.474]: (-0.7, 1.6, 0.0) 21
[20:42:45.495]: (-0.7, 1.6, 0.0) 21
[20:42:45.517]: (-0.7, 1.6, 0.0) 21
[20:42:45.540]: (-0.7, 1.6, 0.0) 21
[20:42:45.562]: (-0.7, 1.6, 0.0) 21
[20:42:45.585]: (-0.8, 1.6, 0.0) 21
[20:42:45.607]: (-0.8, 1.6, 0.0) 21
[20:42:45.629]: (-0.8, 1.6, 0.0) 21
[20:42:45.651]: (-0.8, 1.6, 0.0) 21
[20:42:45.674]: (-0.8, 1.6, 0.0) 21
[20:42:45.695]: (-0.8, 1.6, 0.0) 21
[20:42:45.717]: (-0.8, 1.5, 0.0) 21
[20:42:45.740]: (-0.8, 1.5, 0.0) 21
[20:42:45.762]: (-0.8, 1.5, 0.0) 21
[20:42:45.785]: (-0.8, 1.5, 0.0) 21
[20:42:45.807]: (-0.8, 1.5, 0.0) 21
[20:42:45.829]: (-0.8, 1.5, 0.0) 21
[20:42:45.851]: (-0.8, 1.5, 0.0) 21
[20:42:45.870]: (-0.8, 1.5, 0.0) 21
[20:42:45.887]: (-0.8, 1.5, 0.0) 21
[20:42:45.904]: (-0.8, 1.5, 0.0) 21
[20:42:45.919]: (-0.8, 1.5, 0.0) 21
[20:42:45.937]: (-0.8, 1.6, 0.0) 21
[20:42:45.959]: (-0.8, 1.6, 0.0) 21
[20:42:45.980]: (-0.8, 1.6, 0.0) 21
[20:42:46.001]: (-0.8, 1.6, 0.0) 21
[20:42:46.022]: (-0.8, 1.6, 0.0) 21
[20:42:46.045]: (-0.8, 1.6, 0.0) 21
[20:42:46.067]: (-0.8, 1.6, 0.0) 21
[20:42:46.090]: (-0.8, 1.5, 0.0) 21
[20:42:46.111]: (-0.8, 1.6, 0.0) 17
[20:42:46.133]: (-0.8, 1.6, 0.0) 17
[20:42:46.155]: (-0.8, 1.6, 0.0) 17
[20:42:46.176]: (-0.8, 1.6, 0.0) 17
[20:42:46.199]: (-0.8, 1.6, 0.0) 17
[20:42:46.218]: (-0.8, 1.6, 0.0) 17
[20:42:46.239]: (-0.8, 1.6, 0.0) 17
[20:42:46.261]: (-0.8, 1.6, 0.0) 17
[20:42:46.280]: (-0.8, 1.6, 0.0) 17
[20:42:46.303]: (-0.8, 1.6, 0.0) 17
[20:42:46.324]: (-0.8, 1.6, 0.0) 17
[20:42:46.346]: (-0.8, 1.6, 0.0) 17
[20:42:46.368]: (-0.8, 1.6, 0.0) 17
[20:42:46.389]: (-0.8, 1.6, 0.1) 14
[20:42:46.409]: (-0.8, 1.6, 0.1) 14
[20:42:46.432]: (-0.8, 1.6, 0.1) 14
[20:42:46.453]: (-0.8, 1.6, 0.1) 14
[20:42:46.474]: (-0.8, 1.6, 0.1) 14
[20:42:46.496]: (-0.8, 1.6, 0.1) 14
[20:42:46.527]: (-0.8, 1.6, 0.1) 14
[20:42:46.562]: (-0.9, 1.6, 0.1) 14
[20:42:46.595]: (-0.9, 1.6, 0.1) 14
[20:42:46.628]: (-0.9, 1.6, 0.1) 14
[20:42:46.661]: (-0.9, 1.6, 0.1) 14
[20:42:46.695]: (-0.9, 1.6, 0.1) 14
[20:42:46.729]: (-0.9, 1.6, 0.1) 14
[20:42:46.761]: (-0.9, 1.6, 0.0) 14
[20:42:46.795]: (-0.9, 1.6, 0.0) 14
[20:42:46.827]: (-0.9, 1.6, 0.0) 14
[20:42:46.861]: (-0.9, 1.6, 0.0) 14
[20:42:46.895]: (-0.9, 1.6, 0.0) 14
[20:42:46.929]: (-0.9, 1.6, 0.0) 14
[20:42:46.962]: (-0.9, 1.6, 0.0) 14
[20:42:46.997]: (-0.9, 1.6, 0.0) 14
[20:42:47.027]: (-0.9, 1.6, 0.0) 14
[20:42:47.061]: (-0.9, 1.6, 0.0) 14
[20:42:47.128]: (-0.9, 1.6, 0.0) 14
[20:42:47.161]: (-0.9, 1.6, 0.1) 14
[20:42:47.183]: (-0.9, 1.6, 0.1) 14
[20:42:47.206]: (-0.9, 1.6, 0.1) 14
[20:42:47.227]: (-0.9, 1.6, 0.1) 14
[20:42:47.449]: (-0.9, 1.5, 0.0) 17
[20:42:47.471]: (-0.9, 1.5, 0.0) 17
[20:42:47.494]: (-0.9, 1.5, 0.0) 17
[20:42:47.516]: (-0.9, 1.5, 0.0) 17
[20:42:47.538]: (-0.9, 1.5, 0.0) 17
[20:42:47.561]: (-0.9, 1.5, 0.0) 17
[20:42:47.582]: (-0.9, 1.5, 0.0) 17
[20:42:47.605]: (-0.9, 1.5, 0.0) 17
[20:42:47.626]: (-0.9, 1.6, 0.0) 17
[20:42:47.648]: (-0.8, 1.6, 0.0) 17
[20:42:47.672]: (-0.8, 1.6, 0.0) 17
[20:42:47.716]: (-0.8, 1.6, 0.1) 14
[20:42:47.738]: (-0.8, 1.6, 0.1) 14
[20:42:47.760]: (-0.8, 1.6, 0.1) 14
[20:42:47.782]: (-0.8, 1.6, 0.1) 16
[20:42:47.805]: (-0.8, 1.6, 0.1) 16
[20:42:47.827]: (-0.8, 1.7, 0.1) 16
[20:42:47.849]: (-0.8, 1.7, 0.1) 16
[20:42:47.874]: (-0.8, 1.7, 0.2) 16
[20:42:47.896]: (-0.8, 1.7, 0.2) 16
[20:42:47.918]: (-0.8, 1.7, 0.2) 16
[20:42:47.939]: (-0.8, 1.7, 0.1) 14
[20:42:47.962]: (-0.8, 1.7, 0.1) 14
[20:42:47.988]: (-0.8, 1.7, 0.1) 14
[20:42:48.008]: (-0.8, 1.7, 0.1) 14
[20:42:48.029]: (-0.8, 1.7, 0.1) 14
[20:42:48.051]: (-0.8, 1.7, 0.1) 14
[20:42:48.074]: (-0.8, 1.7, 0.1) 14
[20:42:48.186]: (-0.8, 1.6, 0.1) 14
[20:42:48.208]: (-0.8, 1.6, 0.1) 14
[20:42:48.232]: (-0.8, 1.6, 0.1) 14
[20:42:48.251]: (-0.8, 1.6, 0.1) 14
[20:42:48.276]: (-0.8, 1.6, 0.1) 14
[20:42:48.299]: (-0.8, 1.6, 0.1) 14
[20:42:48.322]: (-0.8, 1.6, 0.1) 14
[20:42:48.342]: (-0.8, 1.6, 0.2) 16
[20:42:48.366]: (-0.8, 1.6, 0.2) 16
[20:42:48.386]: (-0.8, 1.6, 0.2) 16
[20:42:48.407]: (-0.8, 1.6, 0.3) 16
[20:42:48.430]: (-0.8, 1.6, 0.3) 16
[20:42:48.450]: (-0.8, 1.6, 0.3) 16
[20:42:48.471]: (-0.8, 1.6, 0.3) 16
[20:42:48.494]: (-0.8, 1.6, 0.3) 16
[20:42:48.516]: (-0.8, 1.6, 0.3) 16
[20:42:48.537]: (-0.8, 1.6, 0.3) 16
[20:42:49.040]: (-0.8, 1.7, 0.3) 16
[20:42:49.062]: (-0.7, 1.7, 0.3) 16
[20:42:49.084]: (-0.7, 1.7, 0.3) 15
[20:42:49.105]: (-0.7, 1.7, 0.3) 15
[20:42:49.127]: (-0.7, 1.7, 0.3) 15
[20:42:49.150]: (-0.7, 1.7, 0.3) 15
[20:42:49.171]: (-0.7, 1.7, 0.3) 15
[20:42:49.193]: (-0.7, 1.7, 0.3) 15
[20:42:49.213]: (-0.7, 1.7, 0.3) 14
[20:42:49.234]: (-0.7, 1.7, 0.2) 14
[20:42:49.256]: (-0.7, 1.7, 0.2) 14
[20:42:49.277]: (-0.7, 1.7, 0.2) 14
[20:42:49.299]: (-0.7, 1.7, 0.2) 14
[20:42:49.321]: (-0.7, 1.7, 0.2) 14
[20:42:49.342]: (-0.7, 1.7, 0.2) 14
[20:42:49.364]: (-0.7, 1.7, 0.2) 14
[20:42:49.385]: (-0.8, 1.7, 0.2) 14
[20:42:49.407]: (-0.8, 1.7, 0.2) 14
[20:42:49.428]: (-0.8, 1.7, 0.2) 14
[20:42:49.449]: (-0.8, 1.7, 0.2) 14
[20:42:49.471]: (-0.8, 1.7, 0.2) 14
[20:42:49.495]: (-0.8, 1.7, 0.2) 14
[20:42:49.517]: (-0.8, 1.7, 0.2) 14
[20:42:49.537]: (-0.8, 1.7, 0.2) 14
[20:42:49.557]: (-0.8, 1.7, 0.2) 14
[20:42:49.579]: (-0.8, 1.7, 0.2) 14
[20:42:49.602]: (-0.7, 1.7, 0.2) 14
[20:42:49.625]: (-0.7, 1.6, 0.2) 14
[20:42:49.646]: (-0.7, 1.6, 0.2) 14
[20:42:49.667]: (-0.7, 1.6, 0.2) 14
[20:42:49.689]: (-0.7, 1.6, 0.2) 14
[20:42:49.711]: (-0.7, 1.6, 0.2) 14
[20:42:49.732]: (-0.7, 1.6, 0.2) 14
[20:42:49.754]: (-0.7, 1.6, 0.2) 15
[20:42:49.776]: (-0.7, 1.6, 0.2) 15
[20:42:49.799]: (-0.7, 1.6, 0.2) 15
[20:42:49.820]: (-0.7, 1.6, 0.2) 15
[20:42:49.843]: (-0.7, 1.6, 0.2) 15
[20:42:49.865]: (-0.7, 1.6, 0.2) 15
[20:42:49.887]: (-0.7, 1.6, 0.2) 15
[20:42:49.911]: (-0.6, 1.6, 0.2) 15
[20:42:49.934]: (-0.6, 1.6, 0.2) 15
[20:42:49.956]: (-0.6, 1.6, 0.2) 15
[20:42:49.979]: (-0.6, 1.6, 0.2) 15
[20:42:49.999]: (-0.6, 1.6, 0.2) 15
[20:42:50.019]: (-0.6, 1.6, 0.2) 15
[20:42:50.040]: (-0.6, 1.6, 0.2) 15
[20:42:50.062]: (-0.6, 1.6, 0.2) 15
[20:42:50.083]: (-0.6, 1.6, 0.2) 14
[20:42:50.761]: (-0.1, 1.8, 0.3) 0
[20:42:50.978]: (-0.2, 1.7, 0.4) 0
[20:42:51.220]: (-0.2, 1.7, 0.5) 0
[20:42:51.249]: (-0.2, 1.7, 0.5) 0
[20:42:51.281]: (-0.2, 1.7, 0.5) 0
[20:42:51.843]: (-0.2, 1.7, 0.4) 0
[20:42:52.188]: (-0.3, 1.7, 0.5) 0
[20:42:52.215]: (-0.3, 1.7, 0.5) 0
[20:42:52.235]: (-0.3, 1.7, 0.5) 0
[20:42:52.259]: (-0.3, 1.7, 0.5) 0
[20:42:52.281]: (-0.3, 1.7, 0.5) 0
[20:42:52.302]: (-0.3, 1.7, 0.4) 0
[20:42:52.326]: (-0.3, 1.7, 0.4) 0
[20:42:52.348]: (-0.3, 1.7, 0.4) 0
[20:42:52.371]: (-0.3, 1.7, 0.4) 0
[20:42:52.394]: (-0.3, 1.7, 0.4) 0
[20:42:52.415]: (-0.3, 1.6, 0.4) 0
[20:42:52.435]: (-0.3, 1.7, 0.4) 2
[20:42:52.460]: (-0.4, 1.7, 0.5) 0
[20:42:52.481]: (-0.4, 1.6, 0.5) 0
[20:42:52.503]: (-0.4, 1.6, 0.5) 0
[20:42:52.595]: (-0.4, 1.6, 0.4) 0
[20:42:53.233]: (-0.8, 1.7, 0.1) 2
[20:42:53.254]: (-0.8, 1.7, 0.1) 2
[20:42:53.274]: (-0.8, 1.7, 0.1) 2
[20:42:53.297]: (-0.8, 1.7, 0.1) 2
[20:42:53.320]: (-0.8, 1.7, 0.1) 2
[20:42:53.341]: (-0.8, 1.7, 0.1) 2
[20:42:53.366]: (-0.8, 1.7, 0.1) 2
[20:42:53.387]: (-0.8, 1.7, 0.1) 2
[20:42:53.409]: (-0.8, 1.7, 0.1) 2
[20:42:53.431]: (-0.8, 1.7, 0.1) 2
[20:42:53.452]: (-0.8, 1.7, 0.1) 2
[20:42:53.533]: (-0.8, 1.6, 0.1) 2
[20:42:53.555]: (-0.7, 1.6, 0.0) 2
[20:42:53.575]: (-0.7, 1.6, 0.0) 2
[20:42:53.597]: (-0.7, 1.6, 0.0) 2
[20:42:53.619]: (-0.7, 1.6, 0.1) 2
[20:42:53.641]: (-0.7, 1.6, 0.1) 2
[20:42:53.661]: (-0.7, 1.6, 0.1) 2
[20:42:53.684]: (-0.7, 1.6, 0.1) 2
[20:42:53.707]: (-0.7, 1.6, 0.1) 2
[20:42:53.729]: (-0.7, 1.6, 0.1) 2
[20:42:53.751]: (-0.7, 1.6, 0.1) 2
[20:42:53.773]: (-0.7, 1.6, 0.1) 2
[20:42:53.795]: (-0.7, 1.6, 0.1) 2
[20:42:53.815]: (-0.7, 1.6, 0.1) 2
[20:42:53.838]: (-0.7, 1.6, 0.1) 2
[20:42:53.860]: (-0.7, 1.6, 0.1) 2
[20:42:53.881]: (-0.7, 1.6, 0.1) 2
[20:42:53.903]: (-0.6, 1.6, 0.1) 2
[20:42:53.923]: (-0.6, 1.6, 0.2) 2
[20:42:53.957]: (-0.6, 1.6, 0.2) 2
[20:42:53.992]: (-0.6, 1.6, 0.2) 2
[20:42:54.024]: (-0.6, 1.6, 0.2) 2
[20:42:54.058]: (-0.5, 1.6, 0.3) 2
[20:42:54.094]: (-0.5, 1.6, 0.3) 2
[20:42:54.124]: (-0.5, 1.6, 0.3) 2
[20:42:54.159]: (-0.5, 1.6, 0.3) 0
[20:42:54.190]: (-0.4, 1.6, 0.3) 0
[20:42:54.224]: (-0.4, 1.6, 0.3) 0
[20:42:54.331]: (-0.3, 1.7, 0.4) 0
[20:42:54.757]: (-0.9, 1.5, 0.2) 17
[20:42:54.779]: (-0.9, 1.4, 0.1) 17
[20:42:54.797]: (-0.9, 1.4, 0.1) 17
[20:42:54.820]: (-0.9, 1.4, 0.1) 17
[20:42:54.842]: (-0.9, 1.4, 0.1) 17
[20:42:54.865]: (-0.9, 1.4, 0.1) 17
[20:42:54.887]: (-0.9, 1.4, 0.1) 17
[20:42:54.909]: (-0.9, 1.4, 0.1) 17
[20:42:54.931]: (-0.9, 1.4, 0.1) 17
[20:42:54.953]: (-0.9, 1.4, 0.1) 17
[20:42:54.975]: (-0.9, 1.4, 0.1) 17
[20:42:54.998]: (-0.9, 1.4, 0.1) 17
[20:42:55.019]: (-0.9, 1.4, 0.1) 17
[20:42:55.042]: (-0.9, 1.4, 0.1) 17
[20:42:55.064]: (-0.9, 1.4, 0.1) 17
[20:42:55.243]: (-0.9, 1.3, 0.0) 21
[20:42:55.265]: (-0.9, 1.3, 0.0) 21
[20:42:55.286]: (-0.9, 1.4, 0.1) 21
[20:42:55.308]: (-0.9, 1.4, 0.1) 21
[20:42:55.331]: (-0.9, 1.4, 0.1) 21
[20:42:55.353]: (-0.9, 1.4, 0.1) 21
[20:42:55.380]: (-0.9, 1.4, 0.1) 21
[20:42:55.400]: (-0.9, 1.4, 0.1) 21
[20:42:55.425]: (-0.9, 1.4, 0.1) 21
[20:42:55.446]: (-0.9, 1.4, 0.1) 21
[20:42:55.467]: (-0.9, 1.4, 0.1) 21
[20:42:55.489]: (-0.9, 1.4, 0.1) 21
[20:42:55.539]: (-0.9, 1.4, 0.1) 21
[20:42:55.604]: (-0.9, 1.4, 0.1) 21
[20:42:55.626]: (-0.9, 1.4, 0.1) 21
[20:42:55.759]: (-0.8, 1.5, 0.2) 17
[20:42:56.004]: (-0.6, 1.6, 0.2) 17
[20:42:56.046]: (-0.6, 1.6, 0.2) 17
[20:42:56.069]: (-0.6, 1.6, 0.2) 17
[20:42:56.093]: (-0.6, 1.6, 0.2) 17
[20:42:56.116]: (-0.7, 1.6, 0.2) 17
[20:42:56.139]: (-0.7, 1.6, 0.2) 17
[20:42:56.162]: (-0.7, 1.6, 0.1) 17
[20:42:56.183]: (-0.7, 1.6, 0.1) 17
[20:42:56.200]: (-0.7, 1.6, 0.1) 17
[20:42:56.217]: (-0.7, 1.6, 0.1) 17
[20:42:56.233]: (-0.7, 1.6, 0.1) 17
[20:42:56.250]: (-0.7, 1.6, 0.1) 17
[20:42:56.266]: (-0.7, 1.6, 0.1) 17
[20:42:56.283]: (-0.7, 1.6, 0.1) 17
[20:42:56.301]: (-0.7, 1.6, 0.1) 17
[20:42:56.321]: (-0.7, 1.6, 0.1) 17
[20:42:56.342]: (-0.7, 1.6, 0.1) 17
[20:42:56.360]: (-0.7, 1.6, 0.1) 17
[20:42:56.379]: (-0.7, 1.6, 0.1) 17
[20:42:56.397]: (-0.7, 1.6, 0.1) 17
[20:42:56.414]: (-0.7, 1.6, 0.1) 17
[20:42:56.430]: (-0.7, 1.6, 0.1) 17
[20:42:56.447]: (-0.7, 1.6, 0.1) 17
[20:42:56.475]: (-0.7, 1.6, 0.1) 17
[20:42:56.509]: (-0.7, 1.6, 0.1) 17
[20:42:56.543]: (-0.6, 1.6, 0.1) 17
