[12:06:59.173]: (-0.6, -0.4, -0.1) 10
[12:06:59.396]: (-0.6, -0.4, 0.2) 9
[12:07:00.121]: (-0.5, -0.1, -0.2) 6
[12:07:01.934]: (-0.4, -0.1, -0.2) 6
[12:07:02.025]: (-0.1, -0.6, -0.2) 1
[12:07:02.191]: (-0.3, -0.2, -0.1) 5
[12:07:02.713]: (-0.3, -0.2, -0.1) 5
[12:07:02.818]: (-0.4, -0.2, -0.1) 5
[12:07:02.836]: (-0.3, -0.2, -0.1) 5
[12:07:03.090]: (-0.2, -0.5, -0.1) 0
[12:07:03.381]: (-0.1, -0.5, 0.0) 0
[12:07:03.634]: (-0.2, -0.4, -0.1) 0
[12:07:04.256]: (-0.3, -0.4, 0.1) 2
[12:07:04.302]: (-0.3, -0.4, 0.1) 2
[12:07:04.534]: (-0.2, 0.2, 0.1) 7
[12:07:06.246]: (-0.4, -0.2, -0.1) 5
[12:07:06.295]: (-0.5, -0.4, 0.0) 10
[12:07:06.317]: (-0.5, -0.4, 0.0) 10
[12:07:06.448]: (-0.4, -0.2, -0.1) 5
[12:07:07.089]: (-1.0, -0.1, -0.1) 0
[12:07:07.172]: (-1.2, 0.0, 0.1) 0
[12:07:07.238]: (-1.3, 0.1, 0.2) 0
[12:07:07.356]: (-1.4, 0.4, 0.4) 0
[12:07:07.376]: (-1.6, 0.4, 0.4) 1
[12:07:07.398]: (-1.5, 0.4, 0.5) 0
[12:07:07.441]: (-1.4, 0.6, 0.6) 0
[12:07:07.463]: (-1.4, 0.6, 0.6) 0
[12:07:07.487]: (-1.4, 0.7, 0.7) 0
[12:07:08.012]: (-0.7, 1.9, 1.5) 10
[12:07:08.046]: (-0.7, 1.9, 1.6) 10
[12:07:08.113]: (-0.6, 2.0, 1.5) 10
[12:07:08.305]: (-0.4, 1.9, 1.3) 5
[12:07:08.744]: (-0.8, 1.9, 1.5) 0
[12:07:08.766]: (-0.8, 1.9, 1.5) 0
[12:07:08.790]: (-0.8, 1.9, 1.4) 0
[12:07:08.811]: (-0.7, 1.9, 1.4) 0
[12:07:08.834]: (-0.7, 1.9, 1.5) 0
[12:07:08.855]: (-0.4, 1.9, 1.3) 5
[12:07:08.877]: (-0.4, 1.9, 1.3) 5
[12:07:08.900]: (-0.4, 1.9, 1.3) 5
[12:07:08.921]: (-0.4, 1.9, 1.3) 5
[12:07:08.944]: (-0.4, 1.9, 1.3) 5
[12:07:08.966]: (-0.4, 1.9, 1.3) 5
[12:07:08.989]: (-0.4, 1.9, 1.3) 5
[12:07:11.126]: (-0.2, 2.4, 1.3) 10
[12:07:11.147]: (-0.2, 2.4, 1.3) 10
[12:07:11.169]: (-0.2, 2.4, 1.3) 10
[12:07:11.190]: (-0.2, 2.4, 1.3) 10
[12:07:11.210]: (-0.2, 2.4, 1.3) 10
[12:07:11.232]: (-0.2, 2.4, 1.3) 10
[12:07:11.252]: (-0.2, 2.4, 1.3) 10
[12:07:11.274]: (-0.2, 2.4, 1.3) 10
[12:07:11.655]: (-0.2, 2.1, 1.6) 1
[12:07:11.755]: (-0.2, 2.2, 1.6) 1
[12:07:11.788]: (-0.2, 2.1, 1.6) 1
[12:07:12.287]: (-0.5, 2.6, 1.7) 16
[12:07:12.309]: (-0.6, 2.6, 1.7) 14
[12:07:12.332]: (-0.6, 2.6, 1.7) 14
[12:07:12.620]: (-0.6, 2.6, 1.7) 14
[12:07:12.642]: (-0.6, 2.6, 1.7) 14
[12:07:12.664]: (-0.6, 2.6, 1.7) 14
[12:07:12.687]: (-0.6, 2.6, 1.7) 14
[12:07:12.709]: (-0.6, 2.6, 1.7) 14
[12:07:12.731]: (-0.6, 2.5, 1.7) 16
[12:07:12.822]: (-0.4, 2.1, 1.2) 5
[12:07:12.846]: (-0.4, 2.2, 1.3) 10
[12:07:12.869]: (-0.4, 2.2, 1.3) 10
[12:07:12.891]: (-0.4, 2.2, 1.3) 10
[12:07:12.913]: (-0.4, 2.2, 1.3) 10
[12:07:12.935]: (-0.4, 2.2, 1.3) 10
[12:07:12.959]: (-0.4, 2.2, 1.4) 10
[12:07:13.091]: (-0.4, 2.1, 1.2) 5
[12:07:13.112]: (-0.4, 2.1, 1.2) 5
[12:07:13.135]: (-0.4, 2.1, 1.2) 5
[12:07:14.597]: (-0.7, 2.3, 1.1) 0
[12:07:14.776]: (-0.7, 2.3, 1.1) 0
[12:07:14.797]: (-0.7, 2.3, 1.1) 0
[12:07:14.819]: (-0.7, 2.3, 1.1) 0
[12:07:14.842]: (-0.7, 2.3, 1.1) 0
[12:07:14.999]: (-0.6, 2.3, 0.9) 5
[12:07:15.046]: (-0.6, 2.3, 0.9) 5
[12:07:15.475]: (-0.7, 2.2, 1.1) 0
[12:07:15.497]: (-0.7, 2.3, 1.1) 0
[12:07:15.520]: (-0.7, 2.3, 1.1) 0
[12:07:15.541]: (-0.7, 2.3, 1.1) 0
[12:07:15.565]: (-0.7, 2.3, 1.1) 0
[12:07:15.587]: (-0.7, 2.3, 1.1) 0
[12:07:15.607]: (-0.7, 2.3, 1.1) 0
[12:07:15.630]: (-0.7, 2.3, 1.1) 0
[12:07:15.652]: (-0.7, 2.3, 1.1) 0
[12:07:15.674]: (-0.6, 2.3, 1.1) 0
[12:07:15.698]: (-0.6, 2.3, 1.1) 0
[12:07:15.720]: (-0.6, 2.3, 1.1) 0
[12:07:15.741]: (-0.6, 2.3, 1.2) 0
[12:07:15.764]: (-0.6, 2.3, 1.1) 0
[12:07:15.785]: (-0.6, 2.2, 1.1) 0
[12:07:15.808]: (-0.7, 2.3, 1.1) 0
[12:07:15.824]: (-0.7, 2.3, 1.1) 0
[12:07:15.842]: (-0.7, 2.3, 1.1) 0
[12:07:15.859]: (-0.7, 2.3, 1.1) 0
[12:07:15.875]: (-0.7, 2.3, 1.1) 0
[12:07:15.891]: (-0.7, 2.3, 1.1) 0
[12:07:15.909]: (-0.7, 2.3, 1.1) 0
[12:07:15.926]: (-0.7, 2.3, 1.1) 0
[12:07:15.942]: (-0.7, 2.3, 1.1) 0
[12:07:15.958]: (-0.7, 2.3, 1.1) 0
[12:07:15.976]: (-0.7, 2.3, 1.1) 0
[12:07:15.992]: (-0.7, 2.3, 1.1) 0
[12:07:16.008]: (-0.7, 2.3, 1.1) 0
[12:07:16.025]: (-0.7, 2.3, 1.1) 0
[12:07:16.042]: (-0.7, 2.3, 1.1) 0
[12:07:16.058]: (-0.7, 2.3, 1.1) 0
[12:07:16.075]: (-0.7, 2.2, 1.1) 0
[12:07:16.092]: (-0.7, 2.2, 1.1) 0
[12:07:16.109]: (-0.7, 2.3, 1.1) 0
[12:07:16.508]: (-0.6, 2.3, 1.2) 0
[12:07:16.553]: (-0.6, 2.3, 1.2) 0
[12:07:16.574]: (-0.6, 2.3, 1.2) 0
[12:07:16.597]: (-0.6, 2.2, 1.2) 0
[12:07:16.618]: (-0.6, 2.3, 1.2) 0
[12:07:16.641]: (-0.6, 2.3, 1.2) 0
[12:07:16.664]: (-0.6, 2.3, 1.2) 0
[12:07:16.685]: (-0.6, 2.3, 1.2) 0
[12:07:16.707]: (-0.6, 2.3, 1.2) 0
[12:07:16.723]: (-0.6, 2.3, 1.2) 0
[12:07:16.971]: (-0.6, 2.3, 1.2) 0
[12:07:16.989]: (-0.7, 2.3, 1.1) 0
[12:07:17.005]: (-0.7, 2.2, 1.1) 0
[12:07:17.020]: (-0.7, 2.2, 1.1) 0
[12:07:17.036]: (-0.7, 2.2, 1.1) 0
[12:07:17.053]: (-0.7, 2.2, 1.1) 0
[12:07:17.069]: (-0.7, 2.2, 1.1) 0
[12:07:17.087]: (-0.7, 2.2, 1.1) 0
[12:07:17.105]: (-0.7, 2.2, 1.1) 0
[12:07:17.121]: (-0.7, 2.2, 1.1) 0
[12:07:17.139]: (-0.7, 2.2, 1.1) 0
[12:07:17.156]: (-0.7, 2.2, 1.1) 0
[12:07:17.173]: (-0.7, 2.2, 1.1) 0
[12:07:17.189]: (-0.7, 2.2, 1.1) 0
[12:07:17.207]: (-0.7, 2.2, 1.1) 0
[12:07:17.230]: (-0.7, 2.2, 1.1) 0
[12:07:17.252]: (-0.7, 2.2, 1.1) 0
[12:07:17.274]: (-0.7, 2.2, 1.1) 0
[12:07:17.296]: (-0.7, 2.2, 1.1) 0
[12:07:17.318]: (-0.7, 2.2, 1.1) 0
[12:07:17.341]: (-0.7, 2.2, 1.1) 0
[12:07:17.363]: (-0.7, 2.2, 1.1) 0
[12:07:17.386]: (-0.7, 2.2, 1.1) 0
[12:07:17.407]: (-0.7, 2.2, 1.1) 0
[12:07:17.429]: (-0.7, 2.2, 1.1) 0
[12:07:17.453]: (-0.7, 2.2, 1.1) 0
[12:07:17.473]: (-0.7, 2.2, 1.1) 0
[12:07:17.497]: (-0.7, 2.2, 1.1) 0
[12:07:17.517]: (-0.7, 2.2, 1.1) 0
[12:07:17.540]: (-0.7, 2.2, 1.2) 0
[12:07:17.562]: (-0.7, 2.2, 1.2) 0
[12:07:17.586]: (-0.7, 2.2, 1.2) 0
[12:07:17.608]: (-0.7, 2.3, 1.1) 0
[12:07:17.629]: (-0.7, 2.2, 1.2) 0
[12:07:17.723]: (-0.7, 2.2, 1.1) 0
[12:07:17.739]: (-0.7, 2.2, 1.1) 0
[12:07:17.760]: (-0.7, 2.2, 1.2) 0
[12:07:17.782]: (-0.7, 2.2, 1.2) 0
[12:07:17.798]: (-0.7, 2.2, 1.2) 0
[12:07:17.816]: (-0.7, 2.2, 1.1) 0
[12:07:17.833]: (-0.7, 2.2, 1.1) 0
[12:07:17.879]: (-0.7, 2.2, 1.2) 0
[12:07:18.184]: (-0.7, 2.2, 1.1) 0
[12:07:18.207]: (-0.8, 2.3, 1.2) 1
[12:07:18.286]: (-0.8, 2.3, 1.2) 1
[12:07:18.302]: (-0.8, 2.3, 1.2) 1
[12:07:18.319]: (-0.8, 2.3, 1.2) 1
[12:07:18.337]: (-0.8, 2.3, 1.2) 1
[12:07:18.353]: (-0.9, 2.3, 1.2) 1
[12:07:18.429]: (-0.8, 2.3, 1.2) 1
[12:07:18.453]: (-0.9, 2.4, 1.2) 1
[12:07:18.473]: (-0.7, 2.2, 1.1) 0
[12:07:18.494]: (-0.8, 2.2, 1.1) 0
[12:07:18.517]: (-0.8, 2.3, 1.2) 1
[12:07:18.540]: (-0.8, 2.3, 1.2) 1
[12:07:18.556]: (-0.8, 2.3, 1.2) 1
[12:07:18.576]: (-0.8, 2.3, 1.2) 1
[12:07:18.594]: (-0.8, 2.3, 1.2) 1
[12:07:18.611]: (-0.8, 2.3, 1.2) 1
[12:07:18.629]: (-0.8, 2.3, 1.2) 1
[12:07:18.644]: (-0.8, 2.3, 1.2) 1
[12:07:18.662]: (-0.8, 2.3, 1.2) 1
[12:07:18.678]: (-0.8, 2.3, 1.2) 1
[12:07:18.696]: (-0.8, 2.3, 1.2) 1
[12:07:18.711]: (-0.8, 2.3, 1.2) 1
[12:07:18.728]: (-0.8, 2.3, 1.2) 1
[12:07:18.744]: (-0.8, 2.3, 1.2) 1
[12:07:18.760]: (-0.8, 2.3, 1.2) 1
[12:07:18.776]: (-0.8, 2.3, 1.2) 1
[12:07:18.792]: (-0.8, 2.3, 1.2) 1
[12:07:18.809]: (-0.8, 2.3, 1.2) 1
[12:07:18.826]: (-0.8, 2.2, 1.1) 0
[12:07:18.842]: (-0.8, 2.3, 1.2) 1
[12:07:18.859]: (-0.8, 2.3, 1.2) 1
[12:07:18.875]: (-0.8, 2.3, 1.2) 1
[12:07:18.892]: (-0.8, 2.3, 1.2) 1
[12:07:18.907]: (-0.8, 2.3, 1.2) 1
[12:07:18.922]: (-0.8, 2.3, 1.2) 1
[12:07:18.939]: (-0.8, 2.3, 1.2) 1
[12:07:18.972]: (-0.6, 2.3, 0.8) 5
[12:07:18.989]: (-0.6, 2.3, 0.8) 5
[12:07:19.005]: (-0.6, 2.3, 0.8) 5
[12:07:19.028]: (-0.6, 2.3, 0.8) 5
[12:07:19.051]: (-0.6, 2.3, 0.8) 5
[12:07:19.072]: (-0.6, 2.3, 0.8) 5
[12:07:19.095]: (-0.6, 2.3, 0.9) 5
[12:07:19.117]: (-0.6, 2.3, 0.8) 5
[12:07:19.139]: (-0.6, 2.3, 0.8) 5
[12:07:19.161]: (-0.6, 2.2, 0.9) 5
[12:07:19.295]: (-0.9, 2.3, 1.2) 1
[12:07:19.317]: (-0.9, 2.3, 1.1) 1
[12:07:19.340]: (-0.9, 2.3, 1.2) 1
[12:07:19.361]: (-0.9, 2.3, 1.2) 1
[12:07:19.383]: (-0.9, 2.3, 1.2) 1
[12:07:19.405]: (-0.9, 2.3, 1.2) 1
[12:07:19.420]: (-0.9, 2.3, 1.1) 1
[12:07:19.436]: (-0.9, 2.3, 1.1) 1
[12:07:19.452]: (-0.9, 2.3, 1.1) 1
[12:07:19.468]: (-0.9, 2.3, 1.1) 1
[12:07:19.485]: (-0.9, 2.3, 1.1) 1
[12:07:19.502]: (-0.9, 2.3, 1.1) 1
[12:07:19.518]: (-0.9, 2.3, 1.1) 1
[12:07:19.535]: (-0.9, 2.3, 1.1) 1
[12:07:19.552]: (-0.9, 2.3, 1.1) 1
[12:07:19.568]: (-0.9, 2.3, 1.1) 1
[12:07:19.586]: (-0.9, 2.3, 1.1) 1
[12:07:19.602]: (-0.9, 2.3, 1.1) 1
[12:07:19.619]: (-0.9, 2.3, 1.1) 1
[12:07:19.635]: (-0.9, 2.3, 1.1) 1
[12:07:19.653]: (-0.9, 2.3, 1.1) 1
[12:07:19.671]: (-0.9, 2.3, 1.1) 1
[12:07:19.687]: (-0.9, 2.3, 1.1) 1
[12:07:19.704]: (-0.9, 2.3, 1.1) 1
[12:07:19.720]: (-0.9, 2.3, 1.1) 1
[12:07:19.735]: (-0.9, 2.3, 1.1) 1
[12:07:19.752]: (-0.9, 2.3, 1.1) 1
[12:07:19.767]: (-0.9, 2.3, 1.1) 1
[12:07:19.784]: (-0.9, 2.3, 1.1) 1
[12:07:19.800]: (-0.9, 2.3, 1.1) 1
[12:07:19.817]: (-0.9, 2.3, 1.2) 1
[12:07:19.834]: (-0.9, 2.3, 1.2) 1
[12:07:19.851]: (-0.9, 2.3, 1.1) 1
[12:07:19.866]: (-0.9, 2.3, 1.2) 1
[12:07:20.150]: (-0.8, 2.2, 1.2) 0
[12:07:20.283]: (-0.8, 2.3, 1.1) 0
[12:07:20.320]: (-0.6, 2.2, 0.9) 5
[12:07:20.517]: (-0.6, 2.2, 0.9) 5
[12:07:20.534]: (-0.6, 2.2, 0.9) 5
[12:07:20.552]: (-0.6, 2.2, 0.9) 5
[12:07:20.570]: (-0.6, 2.2, 0.9) 5
[12:07:21.060]: (-0.8, 2.3, 1.2) 1
[12:07:21.172]: (-0.7, 2.2, 1.2) 0
[12:07:21.189]: (-0.7, 2.3, 1.2) 0
[12:07:21.210]: (-0.7, 2.3, 1.2) 0
[12:07:21.232]: (-0.7, 2.3, 1.2) 0
[12:07:21.251]: (-0.7, 2.3, 1.1) 0
[12:07:21.270]: (-0.7, 2.2, 1.2) 0
[12:07:21.291]: (-0.7, 2.2, 1.2) 0
[12:07:21.311]: (-0.7, 2.2, 1.2) 0
[12:07:21.331]: (-0.7, 2.2, 1.2) 0
[12:07:21.350]: (-0.7, 2.2, 1.2) 0
[12:07:21.367]: (-0.7, 2.2, 1.2) 0
[12:07:21.386]: (-0.7, 2.2, 1.2) 0
[12:07:21.404]: (-0.7, 2.3, 1.2) 0
[12:07:21.420]: (-0.7, 2.2, 1.2) 0
[12:07:21.437]: (-0.7, 2.3, 1.2) 0
[12:07:21.455]: (-0.7, 2.2, 1.2) 0
[12:07:21.739]: (-0.7, 2.2, 1.2) 0
[12:07:22.397]: (-0.8, 2.3, 1.1) 0
[12:07:22.638]: (-0.8, 2.3, 1.2) 1
[12:07:22.661]: (-0.8, 2.3, 1.2) 1
[12:07:22.683]: (-0.8, 2.3, 1.2) 1
[12:07:22.704]: (-0.9, 2.3, 1.2) 1
[12:07:24.991]: (-0.5, 1.8, 1.2) 3
[12:07:26.092]: (-0.5, 1.8, 1.2) 3
[12:07:26.159]: (-0.5, 1.8, 1.2) 3
[12:07:26.452]: (-0.5, 1.8, 1.2) 3
[12:07:31.158]: (-0.7, 2.3, 1.1) 0
[12:07:31.181]: (-0.7, 2.3, 1.1) 0
[12:07:31.203]: (-0.7, 2.3, 1.1) 0
[12:07:31.223]: (-0.7, 2.3, 1.1) 0
[12:07:31.246]: (-0.7, 2.3, 1.1) 0
[12:07:31.269]: (-0.7, 2.3, 1.1) 0
[12:07:31.291]: (-0.7, 2.3, 1.1) 0
[12:07:31.313]: (-0.7, 2.3, 1.1) 0
[12:07:31.336]: (-0.7, 2.3, 1.1) 0
[12:07:31.491]: (-0.7, 2.5, 0.7) 8
[12:07:31.513]: (-0.7, 2.5, 0.7) 8
[12:07:31.535]: (-0.8, 2.5, 0.9) 10
[12:07:31.558]: (-0.8, 2.6, 0.9) 10
[12:07:31.575]: (-0.8, 2.5, 0.9) 10
[12:07:31.594]: (-0.8, 2.5, 0.9) 10
[12:07:31.610]: (-0.8, 2.5, 0.8) 10
[12:07:31.626]: (-0.8, 2.5, 0.8) 10
[12:07:31.641]: (-0.8, 2.5, 0.8) 10
[12:07:31.656]: (-0.8, 2.5, 0.8) 10
[12:07:31.673]: (-0.8, 2.5, 0.8) 10
[12:07:31.776]: (-0.8, 2.5, 0.9) 10
[12:07:31.793]: (-0.8, 2.5, 0.9) 10
[12:07:31.824]: (-0.7, 2.6, 0.7) 8
[12:07:32.680]: (-0.5, 2.5, 0.4) 12
[12:07:32.697]: (-0.4, 2.5, 0.4) 12
[12:07:32.714]: (-0.4, 2.5, 0.4) 12
[12:07:32.731]: (-0.4, 2.5, 0.4) 12
[12:07:32.747]: (-0.5, 2.5, 0.4) 12
[12:07:32.765]: (-0.5, 2.5, 0.4) 12
[12:07:32.967]: (-0.5, 2.5, 0.4) 12
[12:07:32.990]: (-0.4, 2.5, 0.4) 12
[12:07:33.012]: (-0.4, 2.5, 0.4) 12
[12:07:33.035]: (-0.4, 2.5, 0.4) 12
[12:07:33.056]: (-0.4, 2.5, 0.4) 12
[12:07:33.079]: (-0.4, 2.5, 0.4) 12
[12:07:33.102]: (-0.4, 2.5, 0.4) 12
[12:07:33.123]: (-0.4, 2.5, 0.4) 12
[12:07:33.145]: (-0.4, 2.5, 0.4) 12
[12:07:33.168]: (-0.4, 2.5, 0.4) 12
[12:07:33.190]: (-0.4, 2.5, 0.4) 12
[12:07:33.212]: (-0.4, 2.5, 0.4) 12
[12:07:33.236]: (-0.4, 2.5, 0.4) 12
[12:07:33.257]: (-0.4, 2.5, 0.4) 12
[12:07:33.278]: (-0.4, 2.5, 0.4) 12
[12:07:33.300]: (-0.5, 2.5, 0.4) 12
[12:07:33.332]: (-0.4, 2.5, 0.4) 12
[12:07:33.498]: (-0.8, 2.5, 0.9) 10
[12:07:33.648]: (-0.7, 2.3, 0.8) 5
[12:07:33.665]: (-0.7, 2.3, 0.8) 5
[12:07:33.681]: (-0.7, 2.3, 0.8) 5
[12:07:33.714]: (-0.9, 2.4, 1.1) 1
[12:07:34.023]: (-0.8, 2.3, 1.1) 0
[12:07:39.754]: (-0.7, 2.2, 1.1) 0
[12:07:39.776]: (-0.7, 2.2, 1.1) 0
[12:07:39.798]: (-0.7, 2.2, 1.1) 0
[12:07:39.820]: (-0.7, 2.2, 1.1) 0
[12:07:40.664]: (-0.9, 2.3, 1.2) 1
[12:07:40.710]: (-0.9, 2.4, 1.2) 1
[12:07:40.753]: (-0.9, 2.3, 1.2) 1
[12:07:40.775]: (-0.9, 2.3, 1.2) 1
[12:07:40.798]: (-0.9, 2.3, 1.2) 1
[12:07:40.820]: (-0.9, 2.3, 1.2) 1
[12:07:41.020]: (-0.9, 2.3, 1.2) 1
[12:07:41.775]: (-1.0, 2.3, 1.2) 1
[12:07:41.841]: (-0.9, 2.3, 1.2) 1
[12:07:42.249]: (-0.9, 2.3, 1.1) 1
[12:07:42.266]: (-0.9, 2.3, 1.1) 1
[12:07:42.281]: (-1.0, 2.3, 1.1) 1
[12:07:42.298]: (-0.9, 2.3, 1.1) 1
[12:07:42.331]: (-0.9, 2.3, 1.1) 1
[12:07:42.353]: (-0.9, 2.3, 1.1) 1
[12:07:42.374]: (-0.9, 2.3, 1.1) 1
[12:07:42.398]: (-0.9, 2.3, 1.1) 1
[12:07:42.441]: (-0.9, 2.3, 1.2) 1
[12:07:43.728]: (-0.9, 2.3, 1.2) 1
[12:07:43.744]: (-0.9, 2.3, 1.2) 1
[12:07:43.774]: (-0.9, 2.3, 1.2) 1
[12:07:43.789]: (-0.9, 2.3, 1.2) 1
[12:07:43.895]: (-0.9, 2.3, 1.2) 1
[12:07:43.911]: (-0.9, 2.3, 1.2) 1
[12:07:43.927]: (-0.9, 2.3, 1.2) 1
[12:07:44.107]: (-0.7, 2.5, 0.7) 8
[12:07:44.152]: (-0.7, 2.6, 0.7) 8
[12:07:44.262]: (-0.7, 2.6, 0.7) 8
[12:07:44.582]: (-0.8, 2.6, 0.7) 8
[12:07:44.598]: (-0.8, 2.6, 0.7) 8
[12:07:44.616]: (-0.8, 2.6, 0.7) 8
[12:07:44.633]: (-0.8, 2.5, 0.7) 8
[12:07:44.649]: (-0.8, 2.6, 0.7) 8
[12:07:44.665]: (-0.7, 2.6, 0.7) 8
[12:07:44.681]: (-0.7, 2.6, 0.7) 8
[12:07:44.698]: (-0.7, 2.6, 0.7) 8
[12:07:44.714]: (-0.8, 2.6, 0.7) 8
[12:07:44.730]: (-0.8, 2.6, 0.7) 8
[12:07:44.746]: (-0.8, 2.6, 0.7) 8
[12:07:44.762]: (-0.8, 2.6, 0.7) 8
[12:07:44.777]: (-0.8, 2.6, 0.7) 8
[12:07:44.792]: (-0.8, 2.6, 0.7) 8
[12:07:44.808]: (-0.8, 2.6, 0.7) 8
[12:07:45.128]: (-0.8, 2.6, 0.7) 8
[12:07:45.217]: (-0.8, 2.6, 0.7) 8
[12:07:45.240]: (-0.8, 2.6, 0.7) 8
[12:07:45.261]: (-0.8, 2.6, 0.7) 8
[12:07:45.284]: (-0.8, 2.5, 0.7) 8
[12:07:45.307]: (-0.8, 2.5, 0.7) 8
[12:07:45.323]: (-0.8, 2.6, 0.7) 8
[12:07:45.340]: (-0.8, 2.6, 0.7) 8
[12:07:45.356]: (-0.8, 2.6, 0.7) 8
[12:07:45.374]: (-0.8, 2.6, 0.7) 8
[12:07:45.389]: (-0.8, 2.6, 0.7) 8
[12:07:45.406]: (-0.8, 2.6, 0.7) 8
[12:07:45.421]: (-0.8, 2.6, 0.7) 8
[12:07:45.438]: (-0.8, 2.6, 0.7) 8
[12:07:45.456]: (-0.8, 2.6, 0.7) 8
[12:07:45.473]: (-0.8, 2.6, 0.7) 8
[12:07:45.488]: (-0.8, 2.6, 0.7) 8
[12:07:45.712]: (-0.8, 2.6, 0.7) 8
[12:07:45.773]: (-0.8, 2.6, 0.7) 8
[12:07:46.974]: (-0.7, 2.1, 0.7) 6
[12:07:47.007]: (-0.8, 2.1, 0.7) 6
[12:07:47.023]: (-0.8, 2.1, 0.7) 6
[12:07:47.039]: (-0.8, 2.1, 0.7) 6
[12:07:47.069]: (-0.8, 2.1, 0.7) 6
[12:07:47.174]: (-0.8, 2.2, 0.7) 6
[12:07:47.337]: (-0.8, 2.2, 0.7) 6
[12:07:47.366]: (-0.9, 2.4, 1.2) 1
[12:07:47.383]: (-0.7, 2.3, 1.1) 0
[12:07:47.416]: (-0.6, 2.3, 1.2) 0
[12:07:47.438]: (-0.7, 2.3, 1.2) 0
[12:07:47.527]: (-0.6, 2.3, 1.1) 0
[12:07:48.968]: (-0.9, 2.3, 1.2) 1
[12:07:49.127]: (-0.9, 2.3, 1.2) 1
[12:07:49.171]: (-0.9, 2.3, 1.2) 1
[12:07:49.193]: (-0.9, 2.3, 1.2) 1
[12:07:49.216]: (-0.9, 2.3, 1.2) 1
[12:07:49.260]: (-0.9, 2.3, 1.2) 1
[12:07:49.282]: (-0.9, 2.3, 1.2) 1
[12:07:49.305]: (-0.9, 2.3, 1.2) 1
[12:07:49.326]: (-0.9, 2.3, 1.2) 1
[12:07:49.393]: (-0.9, 2.3, 1.2) 1
[12:07:49.416]: (-0.9, 2.3, 1.2) 1
[12:07:50.038]: (-0.9, 2.3, 1.2) 1
[12:07:50.059]: (-0.9, 2.3, 1.2) 1
[12:07:50.082]: (-0.9, 2.3, 1.2) 1
[12:07:50.105]: (-0.9, 2.3, 1.2) 1
[12:07:50.126]: (-0.9, 2.3, 1.2) 1
[12:07:50.326]: (-1.0, 2.3, 1.2) 1
[12:07:50.349]: (-1.0, 2.3, 1.2) 1
[12:07:50.370]: (-1.0, 2.3, 1.2) 1
[12:07:50.393]: (-1.0, 2.3, 1.2) 1
[12:07:50.416]: (-1.0, 2.3, 1.2) 1
[12:07:50.893]: (-0.9, 2.3, 1.1) 1
[12:07:51.781]: (-0.9, 2.3, 1.2) 1
[12:07:51.849]: (-0.7, 2.3, 0.8) 5
[12:07:51.869]: (-0.8, 2.5, 0.9) 10
[12:07:51.892]: (-0.8, 2.6, 0.9) 10
[12:07:51.915]: (-0.7, 2.5, 0.8) 8
[12:07:51.936]: (-0.8, 2.5, 0.8) 8
[12:07:51.960]: (-0.8, 2.5, 0.7) 8
[12:07:51.981]: (-0.8, 2.5, 0.9) 10
[12:07:52.150]: (-0.8, 2.5, 0.9) 10
[12:07:52.167]: (-0.8, 2.5, 0.9) 10
[12:07:52.199]: (-0.8, 2.5, 0.9) 10
[12:07:52.215]: (-0.8, 2.6, 0.9) 10
[12:07:52.244]: (-0.8, 2.6, 0.9) 10
[12:07:52.703]: (-0.5, 2.5, 0.5) 12
[12:07:52.726]: (-0.5, 2.5, 0.4) 11
[12:07:52.747]: (-0.4, 2.6, 0.4) 11
[12:07:53.257]: (-0.7, 2.7, 0.3) 13
[12:07:53.515]: (-0.7, 2.7, 0.3) 13
[12:07:53.537]: (-0.7, 2.7, 0.3) 13
[12:07:53.563]: (-0.7, 2.7, 0.3) 13
[12:07:53.581]: (-0.7, 2.7, 0.3) 13
[12:07:53.604]: (-0.7, 2.7, 0.3) 13
[12:07:53.627]: (-0.7, 2.7, 0.3) 13
[12:07:53.647]: (-0.7, 2.7, 0.3) 13
[12:07:53.670]: (-0.7, 2.7, 0.3) 13
[12:07:53.692]: (-0.7, 2.7, 0.3) 13
[12:07:53.715]: (-0.7, 2.7, 0.3) 13
[12:07:53.737]: (-0.7, 2.7, 0.3) 13
[12:07:53.758]: (-0.7, 2.7, 0.3) 13
[12:07:53.782]: (-0.7, 2.7, 0.3) 13
[12:07:53.804]: (-0.7, 2.7, 0.3) 13
[12:07:53.825]: (-0.7, 2.7, 0.3) 13
[12:07:53.842]: (-0.7, 2.7, 0.4) 13
[12:07:53.859]: (-0.7, 2.7, 0.4) 13
[12:07:53.875]: (-0.7, 2.7, 0.4) 13
[12:07:53.958]: (-0.7, 2.5, 0.8) 8
[12:07:53.976]: (-0.7, 2.5, 0.8) 8
[12:07:53.994]: (-0.7, 2.5, 0.8) 8
[12:07:54.011]: (-0.7, 2.5, 0.8) 8
[12:07:54.028]: (-0.7, 2.5, 0.8) 8
[12:07:54.044]: (-0.7, 2.5, 0.8) 8
[12:07:54.061]: (-0.7, 2.5, 0.8) 8
[12:07:54.077]: (-0.7, 2.5, 0.8) 8
[12:07:54.096]: (-0.7, 2.5, 0.8) 8
[12:07:54.115]: (-0.7, 2.5, 0.8) 8
[12:07:54.132]: (-0.7, 2.5, 0.8) 8
[12:07:54.151]: (-0.7, 2.5, 0.8) 8
[12:07:54.167]: (-0.7, 2.5, 0.8) 8
[12:07:54.185]: (-0.7, 2.5, 0.8) 8
[12:07:54.202]: (-0.7, 2.5, 0.8) 8
[12:07:54.219]: (-0.7, 2.5, 0.8) 8
[12:07:54.238]: (-0.7, 2.5, 0.8) 8
[12:07:54.255]: (-0.7, 2.5, 0.8) 8
[12:07:54.274]: (-0.7, 2.5, 0.8) 8
[12:07:54.294]: (-0.7, 2.5, 0.8) 8
[12:07:54.381]: (-0.8, 2.6, 0.7) 8
[12:07:54.404]: (-0.7, 2.6, 0.7) 8
[12:07:54.424]: (-0.7, 2.5, 0.7) 8
[12:07:54.448]: (-0.7, 2.5, 0.7) 8
[12:07:54.470]: (-0.7, 2.5, 0.7) 8
[12:07:54.492]: (-0.7, 2.5, 0.7) 8
[12:07:54.513]: (-0.7, 2.5, 0.7) 8
[12:07:54.536]: (-0.7, 2.5, 0.7) 8
[12:07:54.558]: (-0.7, 2.5, 0.7) 8
[12:07:54.580]: (-0.7, 2.6, 0.7) 8
[12:07:54.604]: (-0.7, 2.5, 0.7) 8
[12:07:54.625]: (-0.7, 2.5, 0.7) 8
[12:07:54.648]: (-0.7, 2.5, 0.7) 8
[12:07:54.668]: (-0.7, 2.5, 0.7) 8
[12:07:54.691]: (-0.7, 2.5, 0.7) 8
[12:07:54.714]: (-0.7, 2.5, 0.7) 8
[12:07:54.736]: (-0.7, 2.5, 0.7) 8
[12:07:54.752]: (-0.7, 2.5, 0.7) 8
[12:07:54.767]: (-0.7, 2.5, 0.7) 8
[12:07:54.784]: (-0.8, 2.5, 0.7) 8
[12:07:54.802]: (-0.8, 2.5, 0.7) 8
[12:07:54.820]: (-0.8, 2.5, 0.7) 8
[12:07:54.836]: (-0.8, 2.5, 0.7) 8
[12:07:54.853]: (-0.8, 2.5, 0.7) 8
[12:07:54.869]: (-0.8, 2.5, 0.7) 8
[12:07:54.885]: (-0.8, 2.5, 0.7) 8
[12:07:54.901]: (-0.8, 2.6, 0.7) 8
[12:07:54.918]: (-0.8, 2.5, 0.7) 8
[12:07:54.935]: (-0.8, 2.5, 0.7) 8
[12:07:54.951]: (-0.7, 2.5, 0.7) 8
[12:07:55.042]: (-0.8, 2.5, 0.9) 10
[12:07:55.072]: (-0.8, 2.5, 0.8) 10
[12:07:55.088]: (-0.8, 2.5, 0.8) 10
[12:07:55.105]: (-0.8, 2.5, 0.8) 10
[12:07:55.121]: (-0.8, 2.5, 0.8) 10
[12:07:55.138]: (-0.8, 2.5, 0.8) 10
[12:07:55.159]: (-0.8, 2.5, 0.8) 10
[12:07:55.180]: (-0.8, 2.5, 0.8) 10
[12:07:55.203]: (-0.8, 2.5, 0.8) 10
[12:07:55.225]: (-0.8, 2.5, 0.8) 10
[12:07:55.246]: (-0.8, 2.5, 0.8) 10
[12:07:55.269]: (-0.8, 2.5, 0.8) 10
[12:07:55.291]: (-0.8, 2.5, 0.8) 10
[12:07:55.313]: (-0.8, 2.5, 0.8) 10
[12:07:55.336]: (-0.8, 2.5, 0.8) 10
[12:07:55.358]: (-0.8, 2.5, 0.8) 10
[12:07:55.381]: (-0.8, 2.5, 0.9) 10
[12:07:55.402]: (-0.8, 2.5, 0.9) 10
[12:07:55.424]: (-0.8, 2.5, 0.8) 10
[12:07:55.637]: (-0.8, 2.5, 0.9) 10
[12:07:55.656]: (-0.7, 2.3, 0.8) 5
[12:08:12.341]: (-0.6, 2.3, 0.9) 5
[12:08:12.429]: (-0.9, 2.4, 1.1) 1
[12:08:12.607]: (-0.7, 2.3, 0.8) 5
[12:08:12.623]: (-0.7, 2.3, 0.8) 5
[12:08:12.639]: (-0.7, 2.3, 0.8) 5
[12:08:12.655]: (-0.7, 2.3, 0.8) 5
[12:08:12.672]: (-0.7, 2.3, 0.8) 5
[12:08:12.689]: (-0.7, 2.3, 0.8) 5
[12:08:12.706]: (-0.7, 2.3, 0.8) 5
[12:08:12.723]: (-0.7, 2.3, 0.8) 5
[12:08:12.739]: (-0.7, 2.3, 0.8) 5
[12:08:12.756]: (-0.6, 2.3, 0.8) 5
[12:08:12.772]: (-0.7, 2.2, 0.9) 5
[12:08:12.862]: (-0.6, 2.3, 0.9) 5
[12:08:12.877]: (-0.6, 2.3, 0.9) 5
[12:08:12.893]: (-0.6, 2.3, 0.9) 5
[12:08:12.910]: (-0.6, 2.3, 0.8) 5
[12:08:12.928]: (-0.6, 2.3, 0.8) 5
[12:08:12.943]: (-0.7, 2.3, 0.8) 5
[12:08:12.959]: (-0.7, 2.3, 0.8) 5
[12:08:12.975]: (-0.7, 2.3, 0.8) 5
[12:08:12.991]: (-0.7, 2.3, 0.8) 5
[12:08:13.008]: (-0.7, 2.3, 0.8) 5
[12:08:13.028]: (-0.7, 2.3, 0.8) 5
[12:08:13.051]: (-0.7, 2.3, 0.8) 5
[12:08:13.073]: (-0.7, 2.3, 0.8) 5
[12:08:13.096]: (-0.7, 2.3, 0.8) 5
[12:08:13.118]: (-0.7, 2.3, 0.8) 5
[12:08:13.140]: (-0.7, 2.3, 0.8) 5
[12:08:13.162]: (-0.7, 2.3, 0.8) 5
[12:08:13.185]: (-0.7, 2.3, 0.8) 5
[12:08:13.207]: (-0.7, 2.3, 0.8) 5
[12:08:13.228]: (-0.7, 2.3, 0.8) 5
[12:08:13.251]: (-0.7, 2.3, 0.8) 5
[12:08:13.273]: (-0.7, 2.3, 0.8) 5
[12:08:13.295]: (-0.7, 2.3, 0.8) 5
[12:08:13.709]: (-0.6, 2.3, 0.9) 5
[12:08:13.726]: (-0.7, 2.3, 0.8) 5
[12:08:13.742]: (-0.7, 2.3, 0.8) 5
[12:08:13.759]: (-0.7, 2.3, 0.8) 5
[12:08:13.775]: (-0.7, 2.3, 0.8) 5
[12:08:13.792]: (-0.7, 2.3, 0.8) 5
[12:08:13.809]: (-0.7, 2.3, 0.8) 5
[12:08:13.825]: (-0.7, 2.3, 0.8) 5
[12:08:13.841]: (-0.7, 2.3, 0.8) 5
[12:08:13.857]: (-0.7, 2.3, 0.8) 5
[12:08:13.873]: (-0.7, 2.3, 0.8) 5
[12:08:13.889]: (-0.7, 2.3, 0.8) 5
[12:08:13.905]: (-0.7, 2.3, 0.8) 5
[12:08:13.928]: (-0.7, 2.3, 0.8) 5
[12:08:13.950]: (-0.7, 2.3, 0.8) 5
[12:08:13.974]: (-0.7, 2.3, 0.8) 5
[12:08:14.055]: (-0.7, 2.3, 0.8) 5
[12:08:14.072]: (-0.7, 2.3, 0.8) 5
[12:08:14.088]: (-0.7, 2.3, 0.8) 5
[12:08:14.108]: (-0.7, 2.3, 0.8) 5
[12:08:14.123]: (-0.7, 2.3, 0.8) 5
[12:08:14.140]: (-0.7, 2.3, 0.8) 5
[12:08:14.156]: (-0.7, 2.3, 0.8) 5
[12:08:14.184]: (-0.7, 2.3, 0.8) 5
[12:08:14.751]: (-0.7, 2.3, 0.8) 5
[12:08:14.818]: (-0.7, 2.3, 0.8) 5
[12:08:14.850]: (-0.7, 2.3, 0.8) 5
[12:08:14.884]: (-0.7, 2.3, 0.8) 5
[12:08:14.918]: (-0.7, 2.3, 0.8) 5
[12:08:14.940]: (-0.7, 2.3, 0.8) 5
[12:08:14.961]: (-0.7, 2.3, 0.8) 5
[12:08:14.985]: (-0.7, 2.3, 0.8) 5
[12:08:15.050]: (-0.6, 2.3, 0.8) 5
[12:08:15.072]: (-0.7, 2.3, 0.8) 5
[12:08:15.094]: (-0.7, 2.3, 0.8) 5
[12:08:15.116]: (-0.7, 2.3, 0.8) 5
[12:08:15.139]: (-0.7, 2.3, 0.8) 5
[12:08:15.161]: (-0.7, 2.3, 0.8) 5
[12:08:23.901]: (-0.5, 1.9, 1.1) 3
[12:08:24.062]: (-0.3, 2.1, 0.7) 7
[12:08:24.246]: (-0.7, 2.5, 0.8) 8
[12:08:24.269]: (-0.7, 2.5, 0.8) 8
[12:08:24.292]: (-0.7, 2.5, 0.8) 8
[12:08:24.314]: (-0.7, 2.5, 0.8) 8
[12:08:24.335]: (-0.7, 2.5, 0.9) 8
[12:08:24.358]: (-0.7, 2.5, 0.8) 8
[12:08:24.380]: (-0.7, 2.5, 0.9) 8
[12:08:24.403]: (-0.7, 2.5, 0.8) 8
[12:08:24.424]: (-0.7, 2.5, 0.8) 8
[12:08:24.447]: (-0.7, 2.5, 0.9) 8
[12:08:24.469]: (-0.7, 2.5, 0.9) 8
[12:08:24.560]: (-0.7, 2.6, 0.8) 8
[12:08:24.578]: (-0.7, 2.5, 0.8) 8
[12:08:24.595]: (-0.7, 2.5, 0.8) 8
[12:08:24.613]: (-0.7, 2.5, 0.8) 8
[12:08:24.629]: (-0.7, 2.5, 0.8) 8
[12:08:24.644]: (-0.7, 2.5, 0.8) 8
[12:08:24.659]: (-0.7, 2.5, 0.8) 8
[12:08:24.675]: (-0.7, 2.5, 0.8) 8
[12:08:24.691]: (-0.7, 2.5, 0.8) 8
[12:08:24.707]: (-0.7, 2.5, 0.8) 8
[12:08:24.723]: (-0.7, 2.5, 0.8) 8
[12:08:24.740]: (-0.7, 2.5, 0.8) 8
[12:08:24.756]: (-0.7, 2.5, 0.8) 8
[12:08:24.773]: (-0.7, 2.5, 0.8) 8
[12:08:24.792]: (-0.7, 2.5, 0.8) 8
[12:08:24.808]: (-0.7, 2.5, 0.8) 8
[12:08:24.824]: (-0.7, 2.5, 0.8) 8
[12:08:24.841]: (-0.7, 2.5, 0.8) 8
[12:08:24.858]: (-0.7, 2.5, 0.8) 8
[12:08:24.875]: (-0.7, 2.5, 0.8) 8
[12:08:25.216]: (-1.0, 2.9, 1.0) 14
[12:08:25.237]: (-1.0, 2.9, 1.0) 14
[12:08:25.262]: (-1.0, 2.9, 1.0) 14
[12:08:25.284]: (-1.0, 2.9, 1.0) 16
[12:08:25.305]: (-1.0, 2.9, 1.1) 14
[12:08:25.326]: (-1.0, 2.9, 1.0) 14
[12:08:25.351]: (-1.0, 2.9, 1.1) 14
[12:08:25.371]: (-1.0, 2.9, 1.0) 16
[12:08:25.392]: (-1.0, 2.9, 1.0) 16
[12:08:25.417]: (-1.0, 2.9, 1.0) 16
[12:08:25.437]: (-1.0, 2.9, 1.0) 16
[12:08:25.459]: (-1.0, 2.9, 1.0) 16
[12:08:25.478]: (-1.0, 2.9, 1.0) 16
[12:08:25.496]: (-1.0, 2.9, 1.0) 16
[12:08:25.518]: (-1.0, 2.9, 1.0) 16
[12:08:25.537]: (-1.0, 2.9, 1.0) 14
[12:08:25.557]: (-1.0, 2.9, 1.0) 14
[12:08:25.578]: (-1.0, 2.9, 1.0) 16
[12:08:25.602]: (-1.0, 2.9, 1.0) 16
[12:08:25.621]: (-1.0, 2.9, 1.0) 16
[12:08:25.639]: (-1.0, 2.9, 1.0) 14
[12:08:25.659]: (-1.0, 2.9, 1.0) 14
[12:08:25.680]: (-1.0, 2.9, 1.0) 14
[12:08:25.698]: (-1.0, 2.9, 1.0) 14
[12:08:25.717]: (-1.0, 2.9, 1.0) 16
[12:08:25.735]: (-1.0, 2.9, 1.0) 16
[12:08:25.755]: (-1.0, 2.9, 1.0) 16
[12:08:25.775]: (-1.0, 2.9, 1.0) 16
[12:08:25.794]: (-1.0, 2.9, 1.0) 16
[12:08:25.816]: (-1.0, 2.9, 1.0) 16
[12:08:26.007]: (-1.1, 2.8, 1.0) 16
[12:08:26.062]: (-1.1, 2.8, 1.0) 16
[12:08:26.125]: (-1.1, 2.8, 1.0) 16
[12:08:26.148]: (-1.1, 2.9, 1.0) 16
[12:08:26.171]: (-1.1, 2.9, 1.0) 14
[12:08:26.191]: (-1.1, 2.9, 0.9) 14
[12:08:26.214]: (-1.1, 2.9, 1.0) 14
[12:08:26.240]: (-1.0, 2.9, 1.0) 14
[12:08:26.261]: (-1.1, 2.9, 0.9) 14
[12:08:26.303]: (-1.1, 2.9, 0.9) 14
[12:08:26.438]: (-1.1, 2.9, 0.9) 14
[12:08:26.459]: (-1.1, 2.9, 0.9) 14
[12:08:26.499]: (-1.1, 2.9, 0.9) 14
[12:08:26.595]: (-1.1, 2.9, 0.9) 14
[12:08:28.168]: (-0.7, 2.7, 0.3) 13
[12:08:28.189]: (-0.7, 2.7, 0.3) 13
[12:08:28.211]: (-0.7, 2.7, 0.3) 13
[12:08:28.234]: (-0.7, 2.7, 0.3) 13
[12:08:28.255]: (-0.7, 2.7, 0.3) 13
[12:08:28.278]: (-0.7, 2.7, 0.3) 13
[12:08:28.302]: (-0.7, 2.7, 0.3) 13
[12:08:28.323]: (-0.7, 2.6, 0.3) 13
[12:08:28.346]: (-0.7, 2.7, 0.3) 13
[12:08:28.363]: (-0.7, 2.6, 0.3) 13
[12:08:28.379]: (-0.7, 2.6, 0.3) 13
[12:08:28.395]: (-0.7, 2.6, 0.3) 13
[12:08:28.412]: (-0.7, 2.6, 0.3) 13
[12:08:28.429]: (-0.7, 2.6, 0.3) 13
[12:08:28.446]: (-0.7, 2.6, 0.3) 13
[12:08:28.462]: (-0.7, 2.6, 0.3) 13
[12:08:28.477]: (-0.7, 2.6, 0.3) 13
[12:08:28.494]: (-0.7, 2.6, 0.3) 13
[12:08:28.510]: (-0.7, 2.7, 0.3) 13
[12:08:28.525]: (-0.7, 2.6, 0.3) 13
[12:08:28.540]: (-0.7, 2.7, 0.3) 13
[12:08:29.134]: (-1.0, 2.4, 1.2) 1
[12:08:29.155]: (-1.0, 2.4, 1.2) 1
[12:08:29.177]: (-1.0, 2.4, 1.2) 1
[12:08:29.200]: (-1.0, 2.4, 1.2) 1
[12:08:29.222]: (-0.9, 2.4, 1.2) 1
[12:08:29.245]: (-0.9, 2.4, 1.2) 1
[12:08:29.262]: (-0.9, 2.4, 1.2) 1
[12:08:29.284]: (-0.9, 2.4, 1.2) 1
[12:08:29.300]: (-1.0, 2.4, 1.2) 1
[12:08:29.317]: (-1.0, 2.4, 1.2) 1
[12:08:29.364]: (-1.0, 2.4, 1.2) 1
[12:08:29.486]: (-0.9, 2.4, 1.2) 1
[12:08:57.466]: (-0.6, 2.2, 1.2) 0
[12:08:57.490]: (-0.7, 2.2, 1.1) 0
[12:08:57.510]: (-0.7, 2.3, 1.1) 0
[12:08:57.528]: (-0.7, 2.2, 1.1) 0
[12:08:57.549]: (-0.6, 2.2, 1.1) 0
[12:08:57.576]: (-0.7, 2.2, 1.1) 0
[12:08:57.595]: (-0.6, 2.2, 1.1) 0
[12:08:57.613]: (-0.7, 2.2, 1.1) 0
[12:08:57.632]: (-0.7, 2.2, 1.1) 0
[12:08:57.650]: (-0.7, 2.2, 1.1) 0
[12:08:57.667]: (-0.7, 2.2, 1.1) 0
[12:08:57.684]: (-0.6, 2.2, 1.1) 0
[12:08:57.702]: (-0.6, 2.2, 1.1) 0
[12:08:57.719]: (-0.6, 2.2, 1.1) 0
[12:08:57.738]: (-0.6, 2.2, 1.1) 0
[12:08:57.759]: (-0.6, 2.2, 1.1) 0
[12:08:57.777]: (-0.7, 2.2, 1.1) 0
[12:08:57.794]: (-0.7, 2.2, 1.1) 0
[12:08:57.810]: (-0.7, 2.2, 1.1) 0
[12:08:57.828]: (-0.7, 2.2, 1.1) 0
[12:08:57.846]: (-0.7, 2.2, 1.1) 0
[12:08:57.864]: (-0.7, 2.2, 1.1) 0
[12:08:57.881]: (-0.7, 2.2, 1.1) 0
[12:08:57.898]: (-0.7, 2.3, 1.1) 0
[12:08:58.200]: (-0.9, 2.5, 0.9) 10
[12:08:58.222]: (-0.9, 2.5, 0.9) 10
[12:08:58.245]: (-0.9, 2.5, 0.9) 10
[12:08:58.267]: (-0.9, 2.5, 0.9) 10
[12:08:58.289]: (-0.9, 2.5, 0.9) 10
[12:08:58.311]: (-0.9, 2.5, 0.9) 10
[12:08:58.334]: (-0.9, 2.5, 0.9) 10
[12:08:58.357]: (-0.9, 2.5, 0.9) 10
[12:08:58.378]: (-0.9, 2.5, 0.9) 10
[12:08:58.401]: (-0.9, 2.5, 0.9) 10
[12:08:58.422]: (-0.9, 2.5, 0.9) 10
[12:08:58.458]: (-0.9, 2.5, 0.9) 10
[12:08:58.474]: (-0.9, 2.5, 0.9) 10
[12:08:58.490]: (-0.9, 2.5, 0.9) 10
[12:08:58.506]: (-0.9, 2.5, 0.9) 10
[12:08:58.523]: (-0.9, 2.5, 0.9) 10
[12:08:58.539]: (-0.9, 2.5, 0.9) 10
[12:08:58.557]: (-0.9, 2.5, 0.9) 10
[12:08:59.056]: (-0.8, 2.2, 0.7) 6
[12:08:59.078]: (-0.8, 2.2, 0.7) 6
[12:08:59.099]: (-0.8, 2.2, 0.7) 6
[12:08:59.122]: (-0.8, 2.2, 0.7) 6
[12:09:02.312]: (-0.6, 2.2, 1.2) 0
[12:09:02.328]: (-0.6, 2.2, 1.1) 0
[12:09:02.344]: (-0.7, 2.2, 1.1) 0
[12:09:02.359]: (-0.7, 2.2, 1.1) 0
[12:09:02.375]: (-0.7, 2.2, 1.1) 0
[12:09:02.391]: (-0.7, 2.2, 1.1) 0
[12:09:02.409]: (-0.7, 2.2, 1.1) 0
[12:09:02.431]: (-0.7, 2.2, 1.1) 0
[12:09:02.454]: (-0.7, 2.2, 1.2) 0
[12:09:02.498]: (-0.7, 2.2, 1.2) 0
[12:09:02.522]: (-0.7, 2.2, 1.2) 0
[12:09:02.907]: (-0.7, 2.2, 1.1) 0
[12:09:02.940]: (-0.7, 2.2, 1.2) 0
[12:09:03.006]: (-0.7, 2.2, 1.2) 0
[12:09:03.113]: (-0.7, 2.2, 1.2) 0
[12:09:03.192]: (-0.7, 2.2, 1.2) 0
[12:09:03.209]: (-0.7, 2.2, 1.2) 0
[12:09:03.226]: (-0.7, 2.2, 1.2) 0
[12:09:03.521]: (-0.6, 2.0, 1.0) 3
[12:09:03.543]: (-0.6, 2.0, 1.0) 3
[12:09:03.569]: (-0.6, 2.0, 0.9) 3
[12:09:03.591]: (-0.6, 2.0, 0.9) 3
[12:09:03.612]: (-0.6, 2.0, 0.9) 3
[12:09:03.634]: (-0.6, 2.0, 0.9) 3
[12:09:03.741]: (-0.6, 2.0, 0.9) 3
[12:09:03.762]: (-0.6, 2.0, 0.9) 3
[12:09:03.784]: (-0.6, 2.0, 0.9) 3
[12:09:03.804]: (-0.6, 2.1, 0.9) 3
[12:09:04.009]: (-0.7, 2.2, 1.1) 5
[12:09:04.073]: (-0.6, 2.1, 1.1) 5
[12:09:04.094]: (-0.6, 2.1, 1.1) 5
[12:09:04.117]: (-0.6, 2.1, 1.2) 5
[12:09:04.237]: (-0.5, 2.0, 1.5) 1
[12:09:04.259]: (-0.5, 2.0, 1.5) 1
[12:09:04.281]: (-0.5, 1.9, 1.6) 1
[12:09:04.304]: (-0.5, 1.9, 1.6) 1
[12:09:04.337]: (-0.4, 1.9, 1.6) 1
[12:09:04.364]: (-0.4, 1.8, 1.6) 1
[12:09:04.401]: (-0.3, 1.7, 1.5) 0
[12:09:04.419]: (-0.3, 1.7, 1.5) 0
[12:09:04.520]: (-0.3, 1.7, 1.5) 0
[12:09:04.621]: (-0.3, 1.7, 1.5) 0
[12:09:04.653]: (-0.3, 1.7, 1.5) 0
[12:09:04.687]: (-0.2, 1.7, 1.5) 0
[12:09:04.719]: (-0.3, 1.7, 1.4) 0
[12:09:04.753]: (-0.3, 1.8, 1.5) 0
[12:09:04.786]: (-0.3, 1.9, 1.3) 5
[12:09:04.853]: (-0.4, 2.0, 1.2) 5
[12:09:04.886]: (-0.4, 2.0, 1.2) 5
[12:09:04.954]: (-0.4, 2.0, 1.3) 0
[12:09:04.987]: (-0.4, 2.0, 1.3) 0
[12:09:05.021]: (-0.4, 2.0, 1.4) 0
[12:09:05.053]: (-0.4, 2.0, 1.4) 0
[12:09:05.174]: (-0.4, 1.9, 1.3) 5
[12:09:05.197]: (-0.3, 1.9, 1.3) 5
[12:09:05.219]: (-0.3, 1.9, 1.3) 5
[12:09:05.242]: (-0.3, 1.8, 1.4) 5
[12:09:05.263]: (-0.3, 1.8, 1.4) 5
[12:09:05.286]: (-0.3, 1.8, 1.4) 5
[12:09:05.308]: (-0.3, 1.7, 1.4) 5
[12:09:05.331]: (-0.3, 1.7, 1.4) 5
[12:09:05.352]: (-0.3, 1.7, 1.4) 5
[12:09:05.796]: (-0.3, 1.8, 1.7) 1
[12:09:05.820]: (-0.3, 1.8, 1.6) 1
[12:09:05.841]: (-0.3, 1.8, 1.6) 1
[12:09:06.154]: (-0.1, 2.0, 1.4) 2
[12:09:06.309]: (-0.2, 2.1, 1.3) 2
[12:09:06.333]: (-0.2, 2.1, 1.3) 2
[12:09:06.354]: (-0.2, 2.1, 1.2) 2
[12:09:06.377]: (-0.2, 2.1, 1.2) 2
[12:09:06.398]: (-0.2, 1.9, 0.9) 3
[12:09:06.419]: (-0.2, 1.9, 0.9) 3
[12:09:06.441]: (-0.2, 1.9, 0.9) 3
[12:09:06.464]: (-0.2, 2.1, 1.2) 2
[12:09:07.863]: (-0.4, 2.5, 1.0) 10
[12:09:07.968]: (-0.4, 2.5, 1.0) 10
[12:09:08.111]: (-0.4, 2.8, 1.3) 16
[12:09:08.132]: (-0.4, 2.8, 1.3) 16
[12:09:08.154]: (-0.4, 2.7, 1.3) 14
[12:09:08.175]: (-0.4, 2.8, 1.3) 14
[12:09:08.196]: (-0.4, 2.8, 1.3) 14
[12:09:08.216]: (-0.4, 2.7, 1.3) 14
[12:09:08.238]: (-0.4, 2.7, 1.3) 14
[12:09:08.260]: (-0.4, 2.7, 1.3) 14
[12:09:08.282]: (-0.4, 2.7, 1.3) 14
[12:09:08.302]: (-0.3, 2.7, 1.3) 16
[12:09:08.323]: (-0.3, 2.7, 1.3) 16
[12:09:08.348]: (-0.4, 2.7, 1.3) 14
[12:09:08.369]: (-0.3, 2.7, 1.3) 16
[12:09:08.389]: (-0.4, 2.7, 1.3) 14
[12:09:08.411]: (-0.3, 2.7, 1.3) 16
[12:09:08.431]: (-0.3, 2.7, 1.3) 16
[12:09:08.454]: (-0.4, 2.7, 1.3) 16
[12:09:08.475]: (-0.3, 2.8, 1.3) 16
[12:09:08.496]: (-0.3, 2.8, 1.3) 16
[12:09:08.517]: (-0.3, 2.8, 1.3) 16
[12:09:08.539]: (-0.3, 2.8, 1.3) 16
[12:09:08.561]: (-0.3, 2.8, 1.3) 16
[12:09:08.583]: (-0.3, 2.8, 1.3) 16
[12:09:08.605]: (-0.3, 2.8, 1.3) 16
[12:09:08.626]: (-0.3, 2.7, 1.3) 16
[12:09:08.648]: (-0.3, 2.7, 1.3) 16
[12:09:08.668]: (-0.3, 2.7, 1.3) 16
[12:09:08.690]: (-0.3, 2.7, 1.3) 14
[12:09:08.711]: (-0.3, 2.7, 1.3) 16
[12:09:08.751]: (-0.2, 2.2, 1.3) 1
[12:09:08.796]: (-0.1, 2.0, 1.2) 0
[12:09:08.817]: (-0.1, 2.0, 1.2) 0
[12:09:08.841]: (-0.1, 2.0, 1.2) 0
[12:09:08.863]: (-0.1, 2.0, 1.2) 0
[12:09:08.884]: (-0.1, 2.0, 1.2) 0
[12:09:08.907]: (-0.1, 2.0, 1.2) 0
[12:09:08.930]: (-0.1, 2.0, 1.2) 0
[12:09:08.950]: (-0.1, 2.0, 1.3) 0
[12:09:08.973]: (-0.1, 1.9, 1.3) 0
[12:09:08.995]: (-0.1, 1.9, 1.3) 0
[12:09:09.940]: (0.1, 2.2, 0.5) 12
[12:09:09.983]: (0.1, 2.2, 0.5) 12
[12:09:10.006]: (0.1, 2.2, 0.5) 12
[12:09:10.028]: (0.1, 2.2, 0.5) 12
[12:09:10.050]: (0.1, 2.2, 0.5) 12
[12:09:10.073]: (0.1, 2.2, 0.5) 12
[12:09:10.095]: (0.1, 2.2, 0.5) 12
[12:09:10.117]: (0.1, 2.2, 0.5) 12
[12:09:10.139]: (0.1, 2.2, 0.5) 12
[12:09:10.161]: (0.1, 2.2, 0.5) 12
[12:09:10.183]: (0.1, 2.2, 0.5) 12
[12:09:10.206]: (0.1, 2.2, 0.5) 12
[12:09:10.223]: (0.1, 2.3, 0.5) 11
[12:09:10.242]: (0.1, 2.3, 0.5) 11
[12:09:10.274]: (0.1, 2.3, 0.5) 11
[12:09:10.290]: (0.1, 2.3, 0.5) 11
[12:09:10.306]: (0.1, 2.3, 0.5) 11
[12:09:10.323]: (0.1, 2.2, 0.5) 12
[12:09:10.342]: (0.1, 2.2, 0.5) 12
[12:09:10.359]: (0.1, 2.2, 0.5) 12
[12:09:10.375]: (0.1, 2.2, 0.5) 12
[12:09:10.391]: (0.1, 2.2, 0.5) 12
[12:09:10.409]: (0.1, 2.3, 0.5) 11
[12:09:10.427]: (0.1, 2.2, 0.5) 12
[12:09:10.443]: (0.1, 2.2, 0.5) 12
[12:09:10.460]: (0.1, 2.2, 0.5) 12
[12:09:10.477]: (0.1, 2.2, 0.5) 12
[12:09:10.494]: (0.1, 2.2, 0.5) 12
[12:09:11.385]: (-0.3, 2.4, 1.1) 10
[12:09:11.562]: (-0.2, 2.4, 1.1) 10
[12:09:11.582]: (-0.3, 2.4, 1.1) 10
[12:09:11.606]: (-0.3, 2.4, 1.1) 10
[12:09:11.627]: (-0.2, 2.4, 1.1) 10
[12:09:11.649]: (-0.3, 2.4, 1.1) 10
[12:09:11.672]: (-0.2, 2.4, 1.1) 10
[12:09:11.694]: (-0.2, 2.4, 1.1) 10
[12:09:11.716]: (-0.2, 2.4, 1.1) 10
[12:09:11.739]: (-0.2, 2.5, 1.1) 10
[12:09:11.760]: (-0.3, 2.4, 1.0) 10
[12:09:11.783]: (-0.3, 2.4, 1.1) 10
[12:09:12.145]: (-0.4, 2.7, 1.4) 16
[12:09:12.163]: (-0.4, 2.7, 1.3) 16
[12:09:12.383]: (-0.3, 2.1, 0.8) 6
[12:09:12.405]: (-0.3, 2.1, 0.8) 6
[12:09:12.428]: (-0.3, 2.1, 0.9) 6
[12:09:12.451]: (-0.3, 2.1, 0.9) 6
[12:09:12.471]: (-0.3, 2.1, 0.9) 6
[12:09:12.493]: (-0.3, 2.1, 0.9) 6
[12:09:12.515]: (-0.3, 2.1, 0.9) 6
[12:09:12.538]: (-0.3, 2.1, 0.9) 6
[12:09:12.826]: (-0.1, 2.2, 1.4) 1
[12:09:13.150]: (-0.1, 2.1, 1.3) 0
[12:09:13.180]: (-0.1, 2.1, 1.3) 0
[12:09:13.197]: (0.0, 2.0, 1.3) 0
