[12:23:04.948]: (-4.5, -1.9, 0.0) 31
[12:23:05.198]: (-4.8, -0.5, -0.1) 33
[12:23:05.240]: (-4.8, -0.5, -0.1) 34
[12:23:05.307]: (-7.9, -1.5, 0.2) 45
[12:23:05.380]: (-7.4, -0.9, 0.3) 42
[12:23:05.473]: (-6.7, 1.9, 0.8) 39
[12:23:06.559]: (-2.9, 2.6, 1.9) 3
[12:23:06.579]: (-2.9, 2.6, 1.9) 3
[12:23:06.605]: (-2.9, 2.6, 1.9) 3
[12:23:06.705]: (-2.7, 2.6, 1.7) 2
[12:23:07.522]: (-2.2, 4.0, 2.5) 5
[12:23:08.034]: (-0.7, 3.3, 2.7) 3
[12:23:08.078]: (-0.7, 3.3, 2.6) 3
[12:23:08.102]: (-0.7, 3.3, 2.6) 3
[12:23:08.122]: (-0.7, 3.3, 2.6) 3
[12:23:08.168]: (-0.7, 3.3, 2.6) 3
[12:23:08.188]: (-0.7, 3.3, 2.6) 3
[12:23:08.211]: (-0.7, 3.3, 2.6) 3
[12:23:08.235]: (-0.7, 3.3, 2.6) 3
[12:23:08.257]: (-0.7, 3.3, 2.6) 3
[12:23:08.303]: (-0.7, 3.3, 2.7) 3
[12:23:08.325]: (-0.7, 3.3, 2.7) 3
[12:23:10.357]: (-1.2, 2.2, 2.0) 12
[12:23:10.378]: (-1.2, 2.2, 2.0) 12
[12:23:10.399]: (-1.2, 2.3, 2.0) 12
[12:23:12.818]: (0.3, 5.2, 5.2) 42
[12:23:13.781]: (-1.3, 3.2, 3.3) 11
[12:23:13.908]: (-1.7, 3.4, 3.5) 9
[12:23:13.972]: (-1.7, 3.4, 3.5) 9
[12:23:13.995]: (-1.6, 3.4, 3.5) 9
[12:23:14.039]: (-1.6, 3.4, 3.5) 9
[12:23:17.075]: (1.9, 2.6, 3.2) 34
[12:23:17.096]: (1.9, 2.6, 3.2) 34
[12:23:17.119]: (1.9, 2.7, 3.2) 34
[12:23:17.229]: (1.9, 2.7, 3.2) 34
[12:23:17.252]: (1.9, 2.7, 3.2) 34
[12:23:17.274]: (1.9, 2.7, 3.2) 34
[12:23:17.296]: (1.9, 2.7, 3.2) 34
[12:23:17.318]: (1.9, 2.7, 3.2) 34
[12:23:17.341]: (1.9, 2.7, 3.2) 34
[12:23:17.632]: (1.6, 3.9, 3.7) 30
[12:23:19.676]: (-0.6, 2.2, 2.1) 12
[12:23:19.698]: (-0.6, 2.2, 2.1) 12
[12:23:19.722]: (-0.6, 2.2, 2.1) 12
[12:23:19.745]: (-0.6, 2.2, 2.1) 12
[12:23:19.766]: (-0.6, 2.2, 2.1) 12
[12:23:19.786]: (-0.6, 2.2, 2.1) 12
[12:23:19.809]: (-0.6, 2.2, 2.1) 12
[12:23:19.833]: (-0.6, 2.2, 2.1) 12
[12:23:19.854]: (-0.6, 2.2, 2.1) 12
[12:23:19.877]: (-0.6, 2.2, 2.1) 12
[12:23:19.898]: (-0.6, 2.2, 2.1) 12
[12:23:19.921]: (-0.6, 2.2, 2.1) 12
[12:23:19.943]: (-0.6, 2.2, 2.1) 12
[12:23:19.965]: (-0.6, 2.2, 2.1) 12
[12:23:19.987]: (-0.6, 2.2, 2.1) 12
[12:23:22.974]: (0.9, 5.4, 4.7) 43
[12:23:24.271]: (2.7, 4.9, 4.9) 44
[12:23:25.083]: (-1.5, 0.9, 1.4) 47
[12:23:25.105]: (-1.4, 0.8, 1.4) 47
[12:23:25.126]: (-1.4, 0.8, 1.4) 47
[12:23:27.396]: (-0.3, 3.5, 3.3) 4
[12:23:28.216]: (-1.6, 5.1, 3.7) 19
[12:23:29.186]: (-1.0, 1.3, 1.7) 47
[12:23:29.208]: (-1.0, 1.3, 1.7) 47
[12:23:29.229]: (-1.0, 1.3, 1.7) 47
[12:23:30.548]: (1.6, 2.1, 3.5) 34
[12:23:30.946]: (0.3, 1.3, 2.3) 17
[12:23:32.534]: (1.4, 4.5, 5.3) 43
[12:23:32.568]: (1.4, 4.5, 5.3) 43
[12:23:32.601]: (1.4, 4.4, 5.3) 43
[12:23:32.636]: (1.4, 4.4, 5.3) 43
[12:23:32.668]: (1.4, 4.4, 5.3) 43
[12:23:32.702]: (1.4, 4.4, 5.3) 43
[12:23:32.736]: (1.3, 4.4, 5.3) 43
[12:23:32.768]: (1.3, 4.4, 5.3) 43
[12:23:32.803]: (1.4, 4.4, 5.3) 43
[12:23:32.834]: (1.3, 4.4, 5.3) 43
[12:23:32.868]: (1.3, 4.4, 5.3) 43
[12:23:32.902]: (1.3, 4.5, 5.3) 43
[12:23:36.788]: (-1.0, 4.1, 3.1) 9
[12:23:38.568]: (-1.8, 2.3, 2.2) 1
[12:23:40.943]: (2.2, 4.5, 3.8) 39
[12:23:42.864]: (0.2, 3.8, 2.7) 5
[12:23:42.925]: (0.6, 3.9, 2.4) 6
[12:23:43.764]: (-2.3, 3.3, 2.5) 8
[12:23:44.997]: (3.4, 4.1, 3.6) 38
[12:23:46.429]: (1.2, 5.6, 4.4) 43
[12:23:46.450]: (1.2, 5.6, 4.4) 43
[12:23:46.473]: (1.2, 5.6, 4.4) 43
[12:23:46.496]: (1.3, 5.5, 4.4) 43
[12:23:46.518]: (1.2, 5.5, 4.4) 43
[12:23:49.110]: (0.2, 2.9, 6.0) 43
[12:23:49.132]: (0.2, 2.9, 6.0) 43
[12:23:49.153]: (0.2, 2.9, 6.0) 43
[12:23:49.175]: (0.2, 2.9, 6.0) 43
[12:23:49.198]: (0.2, 2.9, 6.0) 43
[12:23:49.994]: (-0.3, 2.1, 4.6) 24
[12:23:50.015]: (-0.3, 2.1, 4.7) 24
[12:23:50.960]: (-0.1, 2.8, 6.3) 41
[12:23:53.218]: (-0.1, 2.5, 6.0) 43
[12:23:53.584]: (-0.1, 2.6, 6.0) 43
[12:23:53.618]: (-0.1, 2.6, 6.0) 43
[12:23:53.649]: (-0.1, 2.6, 6.0) 43
[12:23:53.685]: (-0.1, 2.6, 6.0) 43
[12:23:53.717]: (-0.1, 2.6, 6.0) 43
[12:23:53.751]: (-0.1, 2.6, 6.0) 43
[12:23:53.783]: (-0.1, 2.6, 6.0) 43
[12:23:53.816]: (-0.1, 2.6, 6.0) 43
[12:23:53.850]: (-0.1, 2.6, 6.0) 43
[12:23:53.885]: (-0.1, 2.6, 6.0) 43
[12:23:53.917]: (-0.1, 2.6, 6.0) 43
[12:23:53.951]: (-0.1, 2.6, 6.0) 43
[12:23:53.988]: (-0.1, 2.6, 6.0) 43
[12:23:54.017]: (-0.1, 2.6, 6.0) 43
[12:23:54.051]: (-0.1, 2.6, 6.0) 43
[12:23:54.116]: (-0.1, 2.6, 6.0) 43
[12:23:54.150]: (-0.1, 2.6, 6.0) 43
[12:23:54.182]: (-0.1, 2.6, 6.0) 43
[12:23:54.217]: (-0.1, 2.6, 6.0) 43
[12:23:54.248]: (-0.1, 2.6, 6.0) 43
[12:23:54.281]: (-0.1, 2.6, 6.0) 43
[12:23:54.315]: (-0.1, 2.6, 6.0) 43
[12:23:54.340]: (-0.1, 2.6, 6.0) 43
[12:23:54.359]: (-0.1, 2.6, 6.0) 43
[12:23:54.383]: (-0.1, 2.6, 6.0) 43
[12:23:54.403]: (-0.1, 2.6, 6.0) 43
[12:23:54.426]: (-0.1, 2.5, 6.0) 43
[12:23:54.447]: (-0.1, 2.5, 6.0) 43
[12:23:54.469]: (-0.1, 2.5, 6.0) 43
[12:23:54.493]: (-0.1, 2.5, 6.0) 43
[12:23:54.515]: (-0.1, 2.5, 6.0) 43
[12:23:54.538]: (-0.1, 2.5, 6.0) 43
[12:23:54.559]: (-0.1, 2.5, 6.0) 43
[12:23:54.582]: (-0.1, 2.6, 6.0) 43
[12:23:54.603]: (-0.1, 2.5, 6.0) 43
[12:23:54.625]: (-0.1, 2.5, 6.0) 43
[12:23:54.648]: (-0.1, 2.5, 6.0) 43
[12:23:54.670]: (-0.1, 2.5, 6.0) 43
[12:23:54.693]: (-0.1, 2.5, 6.0) 43
[12:23:54.715]: (-0.1, 2.5, 6.0) 43
[12:23:54.736]: (-0.1, 2.5, 6.0) 43
[12:23:54.759]: (-0.1, 2.5, 6.0) 43
[12:23:54.780]: (-0.1, 2.5, 6.0) 43
[12:23:54.803]: (-0.1, 2.5, 6.0) 43
[12:23:54.826]: (-0.1, 2.5, 6.0) 43
[12:23:54.848]: (-0.1, 2.5, 6.0) 43
[12:23:54.869]: (-0.1, 2.5, 6.0) 43
