[12:20:49.106]: (-3.1, -1.8, 0.0) 10
[12:20:49.125]: (-3.0, -1.8, 0.0) 10
[12:20:49.143]: (-3.0, -1.8, 0.0) 9
[12:20:49.160]: (-2.9, -1.8, 0.0) 9
[12:20:49.179]: (-2.9, -1.8, 0.0) 9
[12:20:49.195]: (-2.9, -1.8, 0.0) 9
[12:20:49.214]: (-3.0, -1.8, -0.1) 9
[12:20:49.412]: (-2.3, -0.9, -0.2) 14
[12:20:50.125]: (-1.4, 2.1, 1.2) 7
[12:20:50.153]: (-1.4, 2.1, 1.2) 7
[12:20:50.174]: (-1.4, 2.1, 1.2) 7
[12:20:50.311]: (-1.4, 2.1, 1.2) 7
[12:20:50.332]: (-1.4, 2.1, 1.2) 7
[12:20:50.545]: (-1.4, 2.2, 1.1) 7
[12:20:52.647]: (-0.3, 1.9, 1.7) 7
[12:20:52.691]: (-0.3, 1.9, 1.7) 7
[12:20:52.837]: (-1.1, 2.6, 2.2) 1
[12:20:52.860]: (-1.0, 2.6, 2.2) 1
[12:20:52.882]: (-1.0, 2.6, 2.2) 1
[12:20:53.367]: (-1.6, 2.6, 2.8) 26
[12:20:54.399]: (-1.4, 3.0, 2.2) 27
[12:20:54.668]: (-1.3, 2.8, 2.5) 26
[12:20:54.691]: (-1.3, 2.8, 2.6) 26
[12:20:55.831]: (1.1, 2.0, 2.1) 16
[12:20:55.853]: (1.1, 2.0, 2.1) 16
[12:20:55.897]: (1.1, 2.0, 2.2) 16
[12:20:56.620]: (-0.9, 1.9, 2.2) 2
[12:20:56.753]: (-0.9, 2.0, 2.2) 2
[12:20:56.775]: (-0.9, 1.9, 2.2) 2
[12:20:56.797]: (-0.9, 1.9, 2.2) 2
[12:20:56.819]: (-0.9, 1.9, 2.2) 2
[12:20:56.843]: (-0.9, 1.9, 2.2) 2
[12:20:56.863]: (-0.9, 1.9, 2.2) 2
[12:20:56.880]: (-0.9, 1.9, 2.2) 2
[12:20:56.901]: (-0.9, 1.9, 2.2) 2
[12:20:56.919]: (-0.9, 1.9, 2.2) 2
[12:20:56.939]: (-0.9, 1.9, 2.2) 2
[12:20:56.956]: (-0.9, 1.9, 2.2) 2
[12:20:56.976]: (-0.9, 1.9, 2.2) 2
[12:20:56.997]: (-0.8, 2.0, 2.2) 2
[12:20:57.014]: (-0.9, 2.0, 2.2) 2
[12:20:57.034]: (-0.9, 2.0, 2.2) 2
[12:20:57.054]: (-0.9, 1.9, 2.2) 2
[12:20:57.073]: (-0.9, 1.9, 2.2) 2
[12:20:57.095]: (-0.9, 1.9, 2.2) 2
[12:20:57.113]: (-0.9, 1.9, 2.2) 2
[12:20:57.134]: (-0.9, 1.9, 2.2) 2
[12:20:57.152]: (-0.9, 1.9, 2.1) 2
[12:20:57.173]: (-0.9, 1.9, 2.2) 2
[12:20:57.190]: (-0.9, 1.9, 2.2) 2
[12:20:57.210]: (-0.8, 1.9, 2.2) 2
[12:20:57.229]: (-0.8, 2.0, 2.2) 2
[12:20:57.246]: (-0.8, 2.0, 2.2) 2
[12:20:57.264]: (-0.8, 2.0, 2.2) 2
[12:20:57.281]: (-0.8, 2.0, 2.2) 2
[12:20:57.300]: (-0.8, 2.0, 2.2) 2
[12:20:57.317]: (-0.8, 2.0, 2.2) 2
[12:20:57.709]: (-0.1, 1.6, 1.7) 6
[12:20:57.732]: (-0.1, 1.6, 1.7) 6
[12:20:57.753]: (-0.1, 1.6, 1.7) 6
[12:20:57.777]: (-0.1, 1.6, 1.7) 6
[12:20:57.798]: (-0.1, 1.6, 1.7) 6
[12:20:57.864]: (-0.1, 1.6, 1.7) 6
[12:20:57.883]: (-0.1, 1.6, 1.7) 6
[12:20:57.903]: (-0.1, 1.6, 1.7) 6
[12:20:57.921]: (-0.1, 1.6, 1.7) 6
[12:20:57.939]: (-0.1, 1.6, 1.7) 6
[12:20:57.957]: (-0.1, 1.6, 1.7) 6
[12:20:57.975]: (-0.1, 1.6, 1.7) 6
[12:20:57.995]: (-0.1, 1.6, 1.7) 6
[12:20:58.014]: (-0.1, 1.6, 1.7) 6
[12:20:58.035]: (-0.1, 1.6, 1.7) 6
[12:20:58.054]: (-0.1, 1.6, 1.7) 6
[12:20:58.077]: (-0.1, 1.6, 1.7) 6
[12:20:58.096]: (-0.1, 1.6, 1.7) 6
[12:20:58.115]: (-0.1, 1.6, 1.7) 6
[12:20:58.135]: (-0.1, 1.6, 1.7) 6
[12:20:58.154]: (-0.1, 1.6, 1.7) 6
[12:20:58.172]: (-0.1, 1.6, 1.7) 6
[12:20:58.188]: (-0.1, 1.6, 1.7) 6
[12:20:58.205]: (-0.1, 1.6, 1.7) 6
[12:20:58.222]: (-0.1, 1.6, 1.7) 6
[12:20:58.239]: (-0.1, 1.6, 1.7) 6
[12:20:58.254]: (-0.1, 1.6, 1.7) 6
[12:20:58.271]: (-0.1, 1.6, 1.7) 6
[12:20:58.288]: (-0.1, 1.6, 1.7) 6
[12:20:58.308]: (-0.1, 1.6, 1.7) 6
[12:20:58.329]: (-0.1, 1.6, 1.7) 6
[12:21:00.429]: (-1.5, 2.1, 2.4) 23
[12:21:00.452]: (-1.5, 2.0, 2.4) 23
[12:21:00.474]: (-1.5, 2.0, 2.4) 23
[12:21:00.495]: (-1.5, 2.0, 2.4) 23
[12:21:00.518]: (-1.5, 2.0, 2.4) 23
[12:21:00.852]: (-1.5, 2.1, 2.4) 23
[12:21:00.873]: (-1.5, 2.1, 2.4) 23
[12:21:00.897]: (-1.5, 2.1, 2.4) 23
[12:21:02.611]: (-0.7, 1.9, 2.2) 1
[12:21:02.633]: (-0.7, 1.9, 2.2) 1
[12:21:03.140]: (-0.2, 1.2, 1.4) 7
[12:21:03.173]: (-0.2, 1.4, 1.6) 6
[12:21:03.207]: (-0.1, 1.4, 1.6) 6
[12:21:03.241]: (-0.1, 1.4, 1.6) 6
[12:21:03.273]: (-0.1, 1.4, 1.6) 6
[12:21:03.307]: (-0.1, 1.4, 1.6) 6
[12:21:03.339]: (-0.1, 1.4, 1.6) 6
[12:21:03.373]: (-0.1, 1.4, 1.6) 6
[12:21:03.407]: (-0.1, 1.4, 1.6) 6
[12:21:03.440]: (-0.1, 1.4, 1.6) 6
[12:21:03.473]: (-0.1, 1.4, 1.6) 6
[12:21:03.506]: (-0.1, 1.4, 1.6) 6
[12:21:04.051]: (-0.8, 1.9, 2.0) 2
[12:21:04.095]: (-0.8, 1.9, 2.0) 2
[12:21:04.117]: (-0.8, 1.9, 2.0) 2
[12:21:04.139]: (-0.8, 1.9, 2.0) 2
[12:21:04.161]: (-0.9, 1.9, 2.0) 2
[12:21:04.183]: (-0.9, 1.9, 2.0) 2
[12:21:04.206]: (-0.9, 1.9, 2.0) 2
[12:21:04.228]: (-0.8, 1.9, 2.0) 2
[12:21:04.250]: (-0.9, 1.9, 2.0) 2
[12:21:04.272]: (-0.9, 1.9, 2.0) 2
[12:21:04.876]: (-0.1, 1.3, 1.6) 6
[12:21:04.898]: (-0.1, 1.3, 1.6) 6
[12:21:04.921]: (-0.1, 1.3, 1.6) 6
[12:21:04.944]: (-0.1, 1.3, 1.6) 6
[12:21:04.965]: (-0.1, 1.3, 1.6) 6
[12:21:04.990]: (-0.1, 1.3, 1.6) 6
[12:21:05.011]: (-0.1, 1.3, 1.6) 6
[12:21:05.031]: (-0.1, 1.3, 1.6) 6
[12:21:05.054]: (-0.1, 1.3, 1.6) 6
[12:21:05.072]: (-0.1, 1.3, 1.6) 6
[12:21:05.088]: (-0.1, 1.3, 1.6) 6
[12:21:05.106]: (-0.1, 1.4, 1.6) 6
[12:21:05.123]: (-0.1, 1.4, 1.6) 6
[12:21:05.144]: (-0.1, 1.4, 1.6) 6
[12:21:05.162]: (-0.1, 1.4, 1.6) 6
[12:21:05.179]: (-0.1, 1.4, 1.6) 6
[12:21:05.196]: (-0.1, 1.4, 1.6) 6
[12:21:05.211]: (-0.1, 1.4, 1.6) 6
[12:21:05.245]: (0.0, 1.8, 1.9) 11
[12:21:05.507]: (0.7, 2.3, 2.6) 9
[12:21:05.525]: (0.7, 2.3, 2.6) 9
[12:21:05.541]: (0.7, 2.3, 2.6) 9
[12:21:05.557]: (0.7, 2.3, 2.6) 9
[12:21:05.575]: (0.7, 2.3, 2.6) 9
[12:21:05.593]: (0.7, 2.3, 2.6) 9
[12:21:05.617]: (0.7, 2.3, 2.6) 9
[12:21:05.639]: (0.7, 2.3, 2.6) 9
[12:21:05.661]: (0.7, 2.3, 2.6) 9
[12:21:05.683]: (0.7, 2.3, 2.6) 9
[12:21:05.705]: (0.7, 2.3, 2.6) 9
[12:21:05.727]: (0.7, 2.3, 2.6) 9
[12:21:05.750]: (0.7, 2.3, 2.6) 9
[12:21:05.772]: (0.7, 2.3, 2.6) 9
[12:21:05.794]: (0.8, 2.3, 2.6) 9
[12:21:05.816]: (1.1, 1.7, 2.0) 16
[12:21:10.526]: (-0.9, 1.2, 1.3) 18
[12:21:10.981]: (-0.1, 1.4, 1.6) 6
[12:21:11.158]: (-0.1, 1.4, 1.6) 6
[12:21:11.175]: (-0.1, 1.4, 1.6) 6
[12:21:11.191]: (-0.1, 1.4, 1.6) 6
[12:21:11.208]: (-0.1, 1.4, 1.6) 6
[12:21:11.224]: (-0.1, 1.4, 1.6) 6
[12:21:11.242]: (-0.1, 1.4, 1.6) 6
[12:21:11.261]: (-0.2, 1.4, 1.6) 6
[12:21:12.374]: (0.7, 2.4, 2.6) 9
[12:21:12.392]: (0.7, 2.4, 2.6) 9
[12:21:12.409]: (0.7, 2.4, 2.5) 9
[12:21:12.859]: (0.2, 2.5, 2.7) 21
[12:21:13.034]: (-1.2, 2.5, 2.4) 27
[12:21:13.150]: (-1.2, 2.5, 2.4) 27
[12:21:13.208]: (-1.2, 2.5, 2.4) 27
[12:21:13.961]: (-1.2, 2.5, 2.4) 27
[12:21:13.979]: (-1.2, 2.5, 2.4) 27
[12:21:14.614]: (-0.4, 1.7, 3.0) 26
[12:21:16.016]: (-1.0, 1.3, 2.2) 25
[12:21:16.038]: (-0.9, 1.2, 2.2) 25
[12:21:16.060]: (-1.0, 1.3, 2.3) 25
[12:21:16.081]: (-1.0, 1.4, 2.5) 24
[12:21:16.127]: (-1.1, 1.4, 2.5) 24
[12:21:16.509]: (-1.0, 1.2, 2.2) 25
[12:21:17.822]: (-0.4, 1.3, 3.0) 26
[12:21:17.889]: (-0.4, 1.4, 2.5) 0
[12:21:18.960]: (0.0, 1.2, 1.5) 6
[12:21:18.983]: (0.0, 1.2, 1.6) 6
[12:21:19.008]: (0.0, 1.2, 1.5) 6
[12:21:19.146]: (0.5, 1.8, 2.3) 5
[12:21:19.168]: (0.6, 1.9, 2.3) 5
[12:21:19.211]: (0.5, 1.8, 2.3) 5
[12:21:19.233]: (0.5, 1.9, 2.3) 5
[12:21:19.254]: (0.5, 1.8, 2.3) 5
[12:21:19.281]: (0.5, 1.8, 2.3) 5
[12:21:19.563]: (-0.9, 2.2, 2.6) 27
[12:21:20.073]: (-0.5, 1.9, 2.4) 0
[12:21:22.520]: (1.5, 1.5, 2.0) 15
[12:21:22.543]: (1.5, 1.5, 2.0) 15
[12:21:22.565]: (1.3, 1.4, 1.8) 16
[12:21:22.588]: (1.3, 1.4, 1.8) 16
[12:21:22.611]: (1.3, 1.4, 1.8) 16
[12:21:22.632]: (1.3, 1.4, 1.8) 16
[12:21:22.655]: (1.3, 1.4, 1.8) 16
[12:21:22.676]: (1.3, 1.4, 1.8) 16
[12:21:22.699]: (1.3, 1.3, 1.8) 16
[12:21:22.722]: (1.3, 1.3, 1.8) 16
[12:21:22.744]: (1.3, 1.3, 1.8) 16
[12:21:22.767]: (1.3, 1.3, 1.8) 16
[12:21:22.813]: (1.2, 2.0, 2.5) 10
[12:21:24.977]: (-0.2, 2.4, 2.5) 27
[12:21:25.008]: (-0.2, 2.4, 2.5) 27
[12:21:26.534]: (-0.4, 1.7, 2.8) 27
[12:21:26.556]: (-0.4, 1.7, 2.8) 27
[12:21:26.580]: (-0.4, 1.7, 2.8) 27
[12:21:26.603]: (-0.3, 1.7, 2.7) 27
[12:21:26.623]: (-0.3, 1.7, 2.7) 27
[12:21:26.646]: (-0.3, 1.7, 2.7) 27
[12:21:26.667]: (-0.3, 1.7, 2.7) 27
[12:21:26.688]: (-0.3, 1.7, 2.7) 27
[12:21:26.711]: (-0.3, 1.7, 2.7) 27
[12:21:26.733]: (-0.3, 1.7, 2.7) 27
[12:21:26.755]: (-0.3, 1.8, 2.8) 27
[12:21:28.374]: (-0.3, 1.7, 2.8) 27
[12:21:29.166]: (0.1, 2.3, 2.0) 3
[12:21:30.272]: (-0.6, 2.4, 2.0) 0
