[12:52:29.308]: (-2.5, -2.4, 0.1) 30
[12:52:29.361]: (-2.5, -2.4, 0.0) 30
[12:52:29.378]: (-2.5, -2.4, 0.0) 30
[12:52:29.410]: (-2.4, -2.2, 0.0) 28
[12:52:29.426]: (-2.4, -2.2, 0.0) 28
[12:52:29.443]: (-2.4, -2.2, 0.0) 28
[12:52:29.475]: (-2.4, -2.3, 0.0) 27
[12:52:29.491]: (-2.5, -2.3, 0.0) 30
[12:52:29.508]: (-2.5, -2.2, 0.0) 28
[12:52:29.604]: (-2.7, -2.3, -0.1) 31
[12:52:29.627]: (-2.7, -2.3, -0.1) 31
[12:52:29.650]: (-2.7, -2.3, 0.0) 31
[12:52:29.671]: (-2.7, -2.3, 0.0) 31
[12:52:29.693]: (-2.3, -1.6, -0.1) 25
[12:52:29.716]: (-2.2, -1.6, 0.0) 25
[12:52:29.741]: (-2.3, -1.6, 0.0) 25
[12:52:29.770]: (-2.7, -2.3, 0.1) 31
[12:52:29.828]: (-2.3, -1.7, 0.0) 22
[12:52:29.851]: (-2.3, -1.7, 0.0) 25
[12:52:29.872]: (-2.7, -2.3, 0.0) 30
[12:52:30.471]: (-2.4, 1.8, 1.5) 21
[12:52:30.492]: (-2.3, 1.9, 1.5) 21
[12:52:30.571]: (-1.7, 2.8, 2.5) 27
[12:52:30.592]: (-1.5, 2.9, 2.4) 28
[12:52:31.037]: (0.3, 1.9, 3.2) 27
[12:52:31.405]: (-0.5, 1.7, 2.2) 20
[12:52:31.426]: (-0.5, 1.6, 2.2) 20
[12:52:31.447]: (-0.5, 1.6, 2.2) 20
[12:52:31.469]: (-0.5, 1.6, 2.1) 20
[12:52:31.490]: (-0.5, 1.6, 2.1) 20
[12:52:31.511]: (-0.5, 1.6, 2.1) 20
[12:52:31.533]: (-0.5, 1.6, 2.1) 20
[12:52:31.555]: (-0.5, 1.6, 2.1) 20
[12:52:31.577]: (-0.5, 1.6, 2.2) 20
[12:52:31.601]: (-0.5, 1.6, 2.3) 15
[12:52:31.621]: (-0.5, 1.6, 2.3) 15
[12:52:31.643]: (-0.5, 1.6, 2.3) 18
[12:52:32.454]: (0.4, 1.9, 3.1) 27
[12:52:32.596]: (0.6, 2.3, 3.2) 31
[12:52:32.638]: (0.6, 2.4, 3.1) 31
[12:52:32.659]: (0.4, 2.2, 2.4) 25
[12:52:32.682]: (0.4, 2.2, 2.3) 25
[12:52:32.703]: (0.3, 2.3, 2.3) 25
[12:52:32.725]: (0.3, 2.3, 2.3) 25
[12:52:32.747]: (0.3, 2.3, 2.3) 25
[12:52:32.789]: (0.3, 2.4, 2.3) 25
[12:52:32.811]: (0.3, 2.4, 2.2) 25
[12:52:32.856]: (0.3, 2.8, 2.9) 30
[12:52:32.875]: (0.2, 2.7, 2.7) 28
[12:52:32.898]: (0.2, 2.7, 2.7) 28
[12:52:32.920]: (0.3, 2.6, 2.8) 28
[12:52:33.170]: (-0.6, 1.7, 2.4) 17
[12:52:33.192]: (-0.6, 1.7, 2.4) 17
[12:52:33.404]: (-0.7, 1.6, 2.2) 15
[12:52:33.420]: (-0.7, 1.6, 2.2) 15
[12:52:33.436]: (-0.7, 1.5, 2.1) 20
[12:52:33.453]: (-0.7, 1.5, 2.1) 20
[12:52:33.471]: (-0.7, 1.6, 2.1) 20
[12:52:33.488]: (-0.7, 1.5, 2.1) 20
[12:52:33.508]: (-0.7, 1.5, 2.1) 20
[12:52:33.528]: (-0.6, 1.5, 2.1) 20
[12:52:33.547]: (-0.6, 1.5, 2.1) 20
[12:52:33.564]: (-0.7, 1.5, 2.1) 20
[12:52:33.581]: (-0.7, 1.6, 2.2) 20
[12:52:33.600]: (-0.6, 1.6, 2.2) 15
[12:52:33.615]: (-0.7, 1.6, 2.2) 15
[12:52:33.631]: (-0.6, 1.6, 2.2) 15
[12:52:33.649]: (-0.8, 1.7, 2.2) 18
[12:52:33.792]: (-1.2, 1.9, 2.9) 0
[12:52:33.809]: (-1.2, 1.9, 2.9) 0
[12:52:33.825]: (-1.2, 1.9, 2.9) 0
[12:52:33.849]: (-1.2, 1.9, 2.9) 0
[12:52:33.869]: (-1.2, 1.9, 2.9) 0
[12:52:33.915]: (-1.2, 1.9, 2.9) 0
[12:52:33.936]: (-1.2, 1.8, 2.9) 0
[12:52:33.959]: (-1.2, 1.9, 2.9) 0
[12:52:33.981]: (-1.2, 1.9, 2.9) 0
[12:52:34.002]: (-1.2, 1.8, 2.9) 0
[12:52:34.137]: (-1.2, 1.9, 2.9) 0
[12:52:34.158]: (-1.2, 1.9, 2.9) 0
[12:52:34.180]: (-1.2, 1.9, 2.9) 0
[12:52:34.202]: (-1.2, 1.9, 2.9) 0
[12:52:34.224]: (-1.2, 1.9, 2.9) 0
[12:52:34.239]: (-1.2, 1.9, 2.9) 0
[12:52:34.256]: (-1.2, 1.9, 2.9) 0
[12:52:34.272]: (-1.2, 1.8, 2.9) 0
[12:52:34.518]: (1.2, 1.6, 2.0) 6
[12:52:34.535]: (1.3, 1.6, 2.3) 4
[12:52:34.551]: (1.1, 1.6, 2.0) 6
[12:52:34.568]: (1.1, 1.5, 2.0) 6
[12:52:34.600]: (1.2, 1.6, 2.0) 6
[12:52:34.617]: (1.3, 1.6, 2.3) 4
[12:52:34.635]: (1.2, 1.6, 2.3) 4
[12:52:34.658]: (1.2, 1.6, 2.3) 4
[12:52:34.925]: (1.3, 1.6, 2.3) 4
[12:52:34.947]: (1.3, 1.6, 2.3) 4
[12:52:34.969]: (1.3, 1.6, 2.3) 4
[12:52:34.991]: (1.2, 1.6, 2.3) 4
[12:52:35.014]: (1.2, 1.6, 2.3) 4
[12:52:35.035]: (1.2, 1.6, 2.3) 4
[12:52:35.058]: (1.3, 1.6, 2.3) 4
[12:52:35.080]: (1.2, 1.6, 2.3) 4
[12:52:35.102]: (1.3, 1.6, 2.3) 4
[12:52:35.119]: (1.3, 1.6, 2.3) 4
[12:52:35.136]: (1.3, 1.6, 2.3) 4
[12:52:35.153]: (1.3, 1.6, 2.3) 4
[12:52:35.169]: (1.2, 1.6, 2.3) 4
[12:52:35.185]: (1.2, 1.6, 2.3) 4
[12:52:35.202]: (1.2, 1.6, 2.3) 4
[12:52:35.218]: (1.2, 1.6, 2.3) 4
[12:52:35.235]: (1.2, 1.6, 2.3) 4
[12:52:35.252]: (1.2, 1.6, 2.3) 4
[12:52:35.270]: (1.2, 1.6, 2.3) 4
[12:52:35.287]: (1.2, 1.6, 2.3) 4
[12:52:35.304]: (1.2, 1.6, 2.3) 4
[12:52:35.336]: (1.3, 1.6, 2.3) 4
[12:52:35.580]: (0.9, 1.6, 2.3) 5
[12:52:35.603]: (0.9, 1.6, 2.3) 5
[12:52:35.624]: (0.9, 1.6, 2.3) 5
[12:52:35.647]: (0.9, 1.6, 2.3) 5
[12:52:35.669]: (0.9, 1.6, 2.3) 5
[12:52:35.691]: (0.9, 1.6, 2.3) 5
[12:52:35.714]: (0.9, 1.6, 2.3) 5
[12:52:35.735]: (0.9, 1.6, 2.3) 5
[12:52:35.757]: (0.9, 1.6, 2.3) 5
[12:52:35.780]: (0.9, 1.6, 2.3) 5
[12:52:35.802]: (0.9, 1.5, 2.3) 5
[12:52:35.846]: (0.5, 1.6, 2.5) 23
[12:52:35.870]: (0.5, 1.6, 2.5) 23
[12:52:35.892]: (0.5, 1.6, 2.5) 23
[12:52:35.913]: (0.5, 1.6, 2.5) 23
[12:52:35.934]: (0.5, 1.6, 2.5) 23
[12:52:35.958]: (0.5, 1.6, 2.5) 23
[12:52:35.976]: (0.5, 1.6, 2.5) 23
[12:52:35.994]: (0.5, 1.6, 2.5) 23
[12:52:36.012]: (0.5, 1.6, 2.5) 23
[12:52:36.030]: (0.5, 1.6, 2.5) 23
[12:52:36.048]: (0.5, 1.6, 2.5) 23
[12:52:36.065]: (0.5, 1.6, 2.5) 23
[12:52:36.082]: (0.5, 1.6, 2.5) 23
[12:52:36.099]: (0.5, 1.6, 2.5) 23
[12:52:36.148]: (0.5, 1.6, 2.5) 23
[12:52:36.199]: (0.5, 1.6, 2.6) 22
[12:52:36.215]: (0.4, 1.7, 2.6) 25
[12:52:36.246]: (0.4, 1.9, 3.3) 30
[12:52:36.263]: (0.4, 1.9, 3.2) 27
[12:52:36.280]: (0.4, 1.9, 3.2) 27
[12:52:36.297]: (0.4, 1.9, 3.3) 30
[12:52:36.490]: (-0.5, 1.6, 2.2) 14
[12:52:36.534]: (-0.6, 1.6, 2.2) 15
[12:52:36.557]: (-0.7, 1.6, 2.2) 15
[12:52:36.579]: (-0.7, 1.6, 2.2) 15
[12:52:36.602]: (-0.7, 1.6, 2.2) 15
[12:52:36.690]: (-0.8, 1.6, 2.3) 19
[12:52:36.714]: (-0.7, 1.6, 2.2) 15
[12:52:36.735]: (-0.7, 1.6, 2.2) 20
[12:52:36.756]: (-0.6, 1.5, 2.1) 20
[12:52:36.868]: (-0.6, 1.5, 2.2) 20
[12:52:36.885]: (-0.7, 1.5, 2.1) 20
[12:52:36.901]: (-0.7, 1.5, 2.1) 20
[12:52:36.917]: (-0.7, 1.5, 2.1) 20
[12:52:36.936]: (-0.7, 1.5, 2.1) 20
[12:52:36.953]: (-0.7, 1.5, 2.1) 20
[12:52:36.970]: (-0.7, 1.5, 2.1) 20
[12:52:36.989]: (-0.7, 1.5, 2.1) 20
[12:52:37.004]: (-0.7, 1.5, 2.1) 20
[12:52:37.021]: (-0.7, 1.5, 2.1) 20
[12:52:37.037]: (-0.7, 1.5, 2.1) 20
[12:52:37.056]: (-0.7, 1.5, 2.1) 20
[12:52:37.073]: (-0.7, 1.5, 2.1) 20
[12:52:37.090]: (-0.7, 1.5, 2.1) 20
[12:52:37.106]: (-0.7, 1.5, 2.1) 20
[12:52:37.124]: (-0.5, 1.6, 2.2) 14
[12:52:37.447]: (0.5, 1.6, 2.6) 22
[12:52:37.467]: (0.5, 1.6, 2.5) 23
[12:52:37.490]: (0.5, 1.6, 2.5) 23
[12:52:37.512]: (0.6, 1.7, 2.5) 23
[12:52:37.788]: (0.5, 1.6, 2.5) 23
[12:52:37.803]: (0.6, 1.6, 2.5) 23
[12:52:38.323]: (-0.7, 1.4, 1.5) 11
[12:52:38.347]: (-0.9, 1.4, 1.4) 10
[12:52:38.368]: (-0.9, 1.3, 1.4) 10
[12:52:38.391]: (-0.9, 1.3, 1.4) 10
[12:52:38.413]: (-0.9, 1.3, 1.4) 10
[12:52:38.434]: (-0.9, 1.3, 1.5) 10
[12:52:38.456]: (-0.9, 1.3, 1.5) 10
[12:52:38.501]: (-0.8, 1.3, 1.4) 12
[12:52:38.524]: (-0.8, 1.3, 1.4) 12
[12:52:38.546]: (-0.8, 1.3, 1.4) 12
[12:52:38.568]: (-0.7, 1.3, 1.4) 12
[12:52:38.591]: (-0.7, 1.3, 1.4) 12
[12:52:38.612]: (-0.7, 1.3, 1.5) 12
[12:52:38.664]: (-0.7, 1.3, 1.6) 13
[12:52:38.772]: (-0.7, 1.3, 1.4) 12
[12:52:38.788]: (-0.7, 1.3, 1.4) 12
[12:52:38.804]: (-0.7, 1.3, 1.4) 12
[12:52:38.821]: (-0.7, 1.3, 1.4) 12
[12:52:38.836]: (-0.7, 1.3, 1.4) 12
[12:52:38.855]: (-0.7, 1.3, 1.4) 12
[12:52:38.871]: (-0.7, 1.3, 1.4) 12
[12:52:38.888]: (-0.7, 1.3, 1.4) 12
[12:52:38.905]: (-0.7, 1.3, 1.4) 12
[12:52:38.921]: (-0.7, 1.3, 1.4) 12
[12:52:38.938]: (-0.7, 1.3, 1.4) 12
[12:52:39.031]: (-0.7, 1.3, 1.4) 12
[12:52:39.049]: (-0.7, 1.3, 1.4) 12
[12:52:39.067]: (-0.7, 1.3, 1.4) 12
[12:52:39.083]: (-0.7, 1.3, 1.4) 12
[12:52:39.102]: (-0.7, 1.3, 1.4) 12
[12:52:39.120]: (-0.7, 1.3, 1.5) 12
[12:52:39.136]: (-0.7, 1.3, 1.4) 12
[12:52:39.152]: (-0.7, 1.3, 1.5) 12
[12:52:39.168]: (-0.7, 1.3, 1.5) 12
[12:52:39.192]: (-0.7, 1.3, 1.5) 12
[12:52:40.023]: (-0.7, 1.3, 1.5) 11
[12:52:40.111]: (-0.6, 1.5, 2.1) 20
[12:52:40.136]: (-0.6, 1.5, 2.1) 20
[12:52:40.157]: (-0.6, 1.5, 2.2) 20
[12:52:40.179]: (-0.6, 1.5, 2.2) 20
[12:52:40.200]: (-0.6, 1.5, 2.2) 20
[12:52:40.222]: (-0.6, 1.5, 2.2) 20
[12:52:40.245]: (-0.6, 1.5, 2.2) 20
[12:52:40.379]: (-0.6, 1.5, 2.2) 20
[12:52:40.400]: (-0.7, 1.5, 2.2) 20
[12:52:40.422]: (-0.7, 1.5, 2.2) 20
[12:52:40.446]: (-0.7, 1.5, 2.2) 20
[12:52:40.462]: (-0.7, 1.5, 2.2) 20
[12:52:40.481]: (-0.7, 1.5, 2.2) 20
[12:52:40.498]: (-0.7, 1.5, 2.2) 20
[12:52:40.515]: (-0.7, 1.5, 2.2) 20
[12:52:40.532]: (-0.7, 1.5, 2.2) 20
[12:52:40.547]: (-0.7, 1.5, 2.2) 20
[12:52:40.564]: (-0.7, 1.5, 2.2) 20
[12:52:40.580]: (-0.7, 1.5, 2.2) 20
[12:52:40.598]: (-0.7, 1.5, 2.2) 20
[12:52:40.614]: (-0.7, 1.5, 2.2) 20
[12:52:40.631]: (-0.7, 1.5, 2.2) 20
[12:52:40.648]: (-0.7, 1.5, 2.2) 20
[12:52:40.665]: (-0.7, 1.5, 2.2) 20
[12:52:40.681]: (-0.7, 1.5, 2.2) 20
[12:52:40.697]: (-0.7, 1.5, 2.2) 20
[12:52:40.713]: (-0.7, 1.5, 2.2) 20
[12:52:40.730]: (-0.7, 1.5, 2.1) 20
[12:52:40.748]: (-0.7, 1.5, 2.1) 20
[12:52:40.764]: (-0.7, 1.5, 2.1) 20
[12:52:40.780]: (-0.7, 1.5, 2.1) 20
[12:52:40.796]: (-0.7, 1.5, 2.1) 20
[12:52:40.815]: (-0.7, 1.5, 2.1) 20
[12:52:40.832]: (-0.7, 1.5, 2.1) 20
[12:52:40.849]: (-0.7, 1.5, 2.1) 20
[12:52:40.866]: (-0.7, 1.5, 2.1) 20
[12:52:40.882]: (-0.7, 1.5, 2.1) 20
[12:52:40.900]: (-0.7, 1.5, 2.1) 20
[12:52:40.924]: (-0.7, 1.5, 2.1) 20
[12:52:40.949]: (-0.7, 1.5, 2.1) 20
[12:52:40.968]: (-0.7, 1.5, 2.1) 20
[12:52:40.990]: (-0.7, 1.5, 2.1) 20
[12:52:41.013]: (-0.7, 1.6, 2.1) 20
[12:52:41.034]: (-0.7, 1.6, 2.1) 20
[12:52:41.056]: (-0.7, 1.6, 2.1) 20
[12:52:41.079]: (-0.7, 1.6, 2.1) 20
[12:52:41.101]: (-0.7, 1.6, 2.1) 20
[12:52:41.123]: (-0.7, 1.6, 2.1) 20
[12:52:41.147]: (-0.7, 1.6, 2.1) 20
[12:52:41.170]: (-0.7, 1.6, 2.1) 20
[12:52:41.190]: (-0.7, 1.5, 2.1) 20
[12:52:41.215]: (-0.7, 1.5, 2.1) 20
[12:52:41.234]: (-0.7, 1.5, 2.1) 20
[12:52:41.257]: (-0.5, 1.6, 2.3) 14
[12:52:41.279]: (-0.4, 1.6, 2.2) 16
[12:52:41.301]: (-0.4, 1.5, 2.2) 16
[12:52:41.323]: (-0.4, 1.6, 2.2) 16
[12:52:41.347]: (-0.5, 1.6, 2.2) 16
[12:52:41.368]: (-0.5, 1.6, 2.2) 16
[12:52:41.386]: (-0.4, 1.6, 2.2) 16
[12:52:41.405]: (-0.5, 1.6, 2.2) 16
[12:52:41.423]: (-0.5, 1.6, 2.2) 16
[12:52:41.439]: (-0.5, 1.6, 2.2) 16
[12:52:41.457]: (-0.5, 1.6, 2.2) 16
[12:52:41.475]: (-0.5, 1.6, 2.2) 16
[12:52:41.493]: (-0.5, 1.6, 2.2) 16
[12:52:41.512]: (-0.4, 1.6, 2.2) 16
[12:52:41.531]: (-0.4, 1.6, 2.2) 16
[12:52:41.549]: (-0.4, 1.6, 2.2) 16
[12:52:41.567]: (-0.4, 1.6, 2.2) 16
[12:52:41.586]: (-0.4, 1.6, 2.2) 16
[12:52:41.607]: (-0.4, 1.6, 2.2) 16
[12:52:41.673]: (-0.4, 1.5, 2.2) 16
[12:52:41.691]: (-0.4, 1.5, 2.2) 16
[12:52:41.709]: (-0.4, 1.5, 2.2) 16
[12:52:41.727]: (-0.4, 1.6, 2.2) 16
[12:52:41.745]: (-0.4, 1.6, 2.2) 16
[12:52:41.762]: (-0.5, 1.6, 2.2) 16
[12:52:41.780]: (-0.5, 1.6, 2.2) 16
[12:52:41.798]: (-0.5, 1.6, 2.3) 14
[12:52:41.815]: (-0.5, 1.7, 2.3) 14
[12:52:41.834]: (-0.5, 1.7, 2.3) 14
[12:52:41.853]: (-0.5, 1.6, 2.2) 14
[12:52:41.871]: (-0.5, 1.6, 2.2) 16
[12:52:41.889]: (-0.4, 1.6, 2.2) 16
[12:52:41.911]: (-0.5, 1.7, 2.4) 17
[12:52:41.935]: (-0.5, 1.7, 2.4) 17
[12:52:41.955]: (-0.4, 1.6, 2.2) 16
[12:52:41.980]: (-0.4, 1.6, 2.2) 16
[12:52:42.001]: (-0.4, 1.6, 2.2) 16
[12:52:42.023]: (-0.4, 1.7, 2.4) 21
[12:52:42.200]: (0.6, 1.9, 3.3) 31
[12:52:42.224]: (0.6, 1.9, 3.3) 31
[12:52:42.475]: (0.4, 1.9, 3.3) 30
[12:52:42.493]: (0.4, 1.9, 3.3) 30
[12:52:42.509]: (0.4, 1.9, 3.3) 30
[12:52:42.541]: (0.4, 1.8, 2.6) 25
[12:52:42.900]: (0.6, 1.7, 2.6) 24
[12:52:42.921]: (0.4, 1.7, 2.6) 25
[12:52:42.945]: (0.4, 1.7, 2.6) 25
[12:52:42.967]: (0.4, 1.7, 2.5) 25
[12:52:42.988]: (0.4, 1.7, 2.6) 25
[12:52:43.012]: (0.4, 1.7, 2.5) 25
[12:52:43.032]: (0.4, 1.7, 2.5) 25
[12:52:43.055]: (0.4, 1.7, 2.6) 25
[12:52:43.078]: (0.4, 1.7, 2.6) 25
[12:52:43.122]: (0.6, 1.9, 3.3) 31
[12:52:43.581]: (-0.5, 1.7, 2.4) 17
[12:52:44.521]: (-0.8, 1.6, 2.3) 19
[12:52:44.788]: (-0.7, 1.5, 2.1) 20
[12:52:44.810]: (-0.4, 1.5, 2.2) 16
[12:52:45.776]: (-0.5, 1.5, 2.2) 16
[12:52:45.793]: (-0.5, 1.6, 2.3) 14
[12:52:45.811]: (-0.5, 1.6, 2.2) 16
[12:52:45.828]: (-0.5, 1.6, 2.3) 14
[12:52:45.846]: (-0.5, 1.6, 2.2) 16
[12:52:45.863]: (-0.5, 1.6, 2.2) 16
[12:52:45.880]: (-0.5, 1.6, 2.2) 16
[12:52:45.897]: (-0.5, 1.6, 2.2) 16
[12:52:45.913]: (-0.5, 1.6, 2.2) 16
[12:52:45.931]: (-0.5, 1.6, 2.2) 16
[12:52:45.947]: (-0.5, 1.6, 2.2) 16
[12:52:45.964]: (-0.5, 1.6, 2.2) 16
[12:52:45.981]: (-0.5, 1.6, 2.2) 16
[12:52:45.997]: (-0.5, 1.6, 2.2) 16
[12:52:46.013]: (-0.5, 1.6, 2.3) 14
[12:52:46.029]: (-0.7, 1.6, 2.2) 15
[12:52:46.299]: (-0.7, 1.4, 1.5) 11
[12:52:46.320]: (-0.7, 1.4, 1.5) 11
[12:52:46.343]: (-0.7, 1.4, 1.5) 11
[12:52:46.364]: (-0.7, 1.4, 1.5) 11
[12:52:46.387]: (-0.7, 1.4, 1.5) 11
[12:52:46.409]: (-0.7, 1.4, 1.5) 11
[12:52:46.431]: (-0.7, 1.4, 1.5) 11
[12:52:46.454]: (-0.7, 1.4, 1.5) 11
[12:52:46.631]: (1.0, 1.6, 2.2) 5
[12:52:46.669]: (1.0, 1.6, 2.2) 5
[12:52:46.686]: (1.0, 1.6, 2.3) 5
[12:52:46.805]: (1.0, 1.5, 2.0) 9
[12:52:47.354]: (1.0, 1.4, 2.1) 9
[12:52:47.377]: (1.0, 1.4, 2.0) 9
[12:52:47.397]: (1.0, 1.4, 2.0) 9
[12:52:47.420]: (1.0, 1.5, 2.0) 9
[12:52:47.442]: (1.0, 1.5, 2.0) 9
[12:52:47.464]: (1.0, 1.5, 2.0) 9
[12:52:47.486]: (1.0, 1.5, 2.0) 9
[12:52:47.508]: (1.0, 1.4, 2.0) 9
[12:52:47.525]: (1.0, 1.4, 2.0) 9
[12:52:47.543]: (1.0, 1.4, 2.0) 9
[12:52:47.559]: (1.0, 1.4, 2.0) 9
[12:52:47.578]: (1.0, 1.4, 2.0) 9
[12:52:47.595]: (1.0, 1.4, 2.0) 9
[12:52:47.612]: (1.0, 1.4, 2.0) 9
[12:52:47.629]: (1.0, 1.4, 2.0) 9
[12:52:47.647]: (1.0, 1.4, 2.0) 9
[12:52:47.664]: (1.0, 1.4, 2.0) 9
[12:52:47.680]: (1.0, 1.4, 2.0) 9
[12:52:47.697]: (1.0, 1.4, 2.0) 9
[12:52:47.714]: (1.0, 1.4, 2.0) 9
[12:52:47.731]: (1.0, 1.4, 2.0) 9
[12:52:47.748]: (1.0, 1.4, 2.0) 9
[12:52:47.765]: (1.0, 1.4, 2.0) 9
[12:52:47.782]: (1.0, 1.4, 2.0) 9
[12:52:47.799]: (1.0, 1.4, 2.0) 9
[12:52:47.817]: (1.0, 1.4, 2.0) 9
[12:52:47.835]: (1.0, 1.4, 2.0) 9
[12:52:47.853]: (1.0, 1.4, 2.0) 9
[12:52:47.870]: (1.0, 1.4, 2.0) 9
[12:52:47.888]: (1.0, 1.4, 2.0) 9
[12:52:47.905]: (1.0, 1.4, 2.0) 9
[12:52:47.922]: (1.0, 1.4, 2.0) 9
[12:52:47.939]: (1.0, 1.4, 2.0) 9
[12:52:47.955]: (1.0, 1.4, 2.0) 9
[12:52:47.971]: (1.0, 1.4, 2.0) 9
[12:52:47.987]: (1.0, 1.4, 2.0) 9
[12:52:48.003]: (1.0, 1.4, 2.0) 9
[12:52:48.020]: (1.0, 1.4, 2.0) 9
[12:52:48.042]: (1.0, 1.4, 2.0) 9
[12:52:48.064]: (1.0, 1.4, 2.0) 9
[12:52:48.086]: (1.0, 1.4, 2.0) 9
[12:52:48.110]: (1.0, 1.4, 2.0) 9
[12:52:48.132]: (1.0, 1.4, 2.0) 9
[12:52:48.154]: (1.0, 1.4, 2.0) 9
[12:52:48.175]: (1.0, 1.4, 2.0) 9
[12:52:48.198]: (1.0, 1.4, 2.0) 9
[12:52:48.219]: (1.0, 1.4, 2.0) 9
[12:52:48.241]: (1.0, 1.4, 2.0) 9
[12:52:48.265]: (1.0, 1.4, 2.0) 9
[12:52:48.287]: (1.0, 1.4, 2.0) 9
[12:52:48.309]: (1.0, 1.4, 2.0) 9
[12:52:48.330]: (1.0, 1.4, 2.0) 9
[12:52:48.354]: (1.0, 1.4, 2.0) 9
[12:52:48.376]: (1.0, 1.4, 2.0) 9
[12:52:48.398]: (1.0, 1.4, 2.0) 9
[12:52:48.419]: (1.0, 1.4, 2.0) 9
[12:52:48.441]: (1.0, 1.5, 2.0) 9
[12:52:49.419]: (-0.7, 1.7, 2.2) 18
[12:52:49.452]: (-0.7, 1.7, 2.1) 18
[12:52:49.468]: (-0.7, 1.7, 2.2) 18
[12:52:49.708]: (-1.2, 1.9, 2.9) 0
[12:52:49.730]: (-1.2, 1.9, 2.8) 1
[12:52:49.929]: (-1.2, 1.9, 2.9) 0
[12:52:50.018]: (-1.2, 1.9, 2.8) 1
[12:52:50.042]: (-1.2, 1.8, 2.8) 1
[12:52:50.063]: (-1.2, 1.9, 2.9) 0
[12:52:50.085]: (-1.2, 1.9, 2.9) 0
[12:52:50.314]: (-0.4, 1.5, 2.2) 16
[12:52:50.473]: (0.2, 1.9, 3.2) 29
[12:52:50.489]: (0.2, 1.9, 3.2) 29
[12:52:50.506]: (0.2, 1.9, 3.2) 29
[12:52:50.653]: (0.3, 1.9, 3.2) 29
[12:52:50.673]: (0.2, 1.9, 3.2) 29
[12:52:50.785]: (-0.7, 1.3, 1.5) 12
[12:52:50.806]: (-0.8, 1.3, 1.4) 12
[12:52:50.829]: (-0.8, 1.3, 1.4) 12
[12:52:50.853]: (-0.8, 1.3, 1.4) 12
[12:52:50.874]: (-0.8, 1.3, 1.4) 12
[12:52:50.895]: (-0.7, 1.3, 1.4) 12
[12:52:50.918]: (-0.8, 1.3, 1.4) 12
[12:52:50.939]: (-0.7, 1.3, 1.4) 12
[12:52:50.963]: (-0.7, 1.3, 1.4) 12
[12:52:50.984]: (-0.7, 1.3, 1.5) 11
[12:52:51.233]: (0.2, 1.9, 3.2) 29
[12:52:51.265]: (0.2, 1.9, 3.2) 29
[12:52:51.301]: (0.2, 1.9, 3.2) 29
[12:52:51.318]: (0.2, 1.9, 3.2) 29
[12:52:51.334]: (0.2, 1.9, 3.2) 29
[12:52:51.485]: (0.2, 1.9, 3.2) 29
[12:52:51.507]: (0.2, 1.9, 3.2) 29
[12:52:51.529]: (0.2, 1.9, 3.3) 32
[12:52:51.551]: (0.2, 1.9, 3.3) 32
[12:52:51.573]: (0.2, 1.9, 3.2) 29
[12:52:51.640]: (-0.5, 1.6, 2.3) 14
[12:52:51.664]: (-0.6, 1.6, 2.3) 14
[12:52:51.683]: (-0.6, 1.6, 2.3) 14
[12:52:51.707]: (-0.6, 1.6, 2.3) 14
[12:52:51.753]: (-0.5, 1.6, 2.3) 14
[12:52:51.772]: (-0.5, 1.6, 2.3) 14
[12:52:51.796]: (-0.5, 1.6, 2.3) 14
[12:52:51.971]: (-0.5, 1.5, 2.3) 14
[12:52:51.988]: (-0.5, 1.6, 2.3) 14
[12:52:52.003]: (-0.5, 1.6, 2.3) 14
[12:52:52.021]: (-0.5, 1.6, 2.3) 14
[12:52:52.038]: (-0.4, 1.5, 2.2) 16
[12:52:52.055]: (-0.4, 1.5, 2.2) 16
[12:52:52.071]: (-0.4, 1.5, 2.2) 16
[12:52:52.087]: (-0.4, 1.5, 2.2) 16
[12:52:52.105]: (-0.4, 1.5, 2.2) 16
[12:52:52.123]: (-0.4, 1.5, 2.2) 16
[12:52:52.139]: (-0.4, 1.5, 2.2) 16
[12:52:52.155]: (-0.4, 1.5, 2.2) 16
[12:52:52.172]: (-0.4, 1.5, 2.2) 16
[12:52:52.188]: (-0.4, 1.5, 2.2) 16
[12:52:52.235]: (-0.5, 1.5, 2.2) 16
[12:52:52.251]: (-0.5, 1.5, 2.2) 16
[12:52:52.268]: (-0.5, 1.5, 2.2) 16
[12:52:52.284]: (-0.5, 1.5, 2.2) 16
[12:52:52.301]: (-0.5, 1.5, 2.2) 16
[12:52:52.317]: (-0.5, 1.6, 2.2) 16
[12:52:52.340]: (-0.5, 1.6, 2.3) 14
[12:52:52.519]: (-0.6, 1.6, 2.3) 15
[12:52:52.539]: (-0.6, 1.6, 2.2) 15
[12:52:52.561]: (-0.6, 1.6, 2.2) 20
[12:52:52.584]: (-0.6, 1.5, 2.1) 20
[12:52:52.607]: (-0.6, 1.6, 2.2) 20
[12:52:52.628]: (-0.6, 1.5, 2.1) 20
[12:52:52.652]: (-0.6, 1.5, 2.2) 20
[12:52:52.673]: (-0.6, 1.5, 2.2) 20
[12:52:52.695]: (-0.6, 1.6, 2.2) 20
[12:52:52.717]: (-0.6, 1.6, 2.2) 20
[12:52:52.735]: (-0.6, 1.6, 2.2) 15
[12:52:52.752]: (-0.6, 1.6, 2.2) 15
[12:52:52.768]: (-0.5, 1.6, 2.2) 14
[12:52:52.786]: (-0.5, 1.6, 2.2) 16
[12:52:52.802]: (-0.5, 1.6, 2.2) 16
[12:52:52.819]: (-0.5, 1.6, 2.2) 16
[12:52:52.835]: (-0.5, 1.6, 2.2) 16
[12:52:52.852]: (-0.5, 1.6, 2.2) 16
[12:52:52.868]: (-0.5, 1.6, 2.2) 16
[12:52:52.884]: (-0.5, 1.5, 2.2) 16
[12:52:52.900]: (-0.5, 1.5, 2.2) 16
[12:52:52.916]: (-0.5, 1.6, 2.2) 16
[12:52:53.496]: (-0.4, 1.6, 2.2) 16
[12:52:53.519]: (-0.6, 1.6, 2.2) 15
[12:52:53.542]: (-0.7, 1.6, 2.2) 15
[12:52:53.564]: (-0.7, 1.6, 2.2) 15
[12:52:53.586]: (-0.7, 1.6, 2.1) 20
[12:52:53.608]: (-0.7, 1.6, 2.1) 20
[12:52:53.626]: (-0.7, 1.6, 2.1) 20
[12:52:53.643]: (-0.7, 1.6, 2.1) 20
[12:52:53.658]: (-0.7, 1.5, 2.1) 20
[12:52:53.675]: (-0.7, 1.6, 2.2) 20
[12:52:53.691]: (-0.7, 1.6, 2.1) 20
[12:52:53.708]: (-0.6, 1.6, 2.1) 20
[12:52:53.726]: (-0.7, 1.6, 2.1) 20
[12:52:53.744]: (-0.7, 1.5, 2.1) 20
[12:52:53.762]: (-0.6, 1.5, 2.1) 20
[12:52:53.780]: (-0.7, 1.6, 2.1) 20
[12:52:53.797]: (-0.6, 1.6, 2.2) 15
[12:52:53.814]: (-0.6, 1.6, 2.2) 20
[12:52:53.831]: (-0.6, 1.6, 2.2) 15
[12:52:53.848]: (-0.7, 1.6, 2.2) 15
[12:52:53.864]: (-0.7, 1.6, 2.2) 15
[12:52:53.881]: (-0.7, 1.6, 2.2) 15
[12:52:53.898]: (-0.6, 1.6, 2.2) 15
[12:52:53.928]: (-0.5, 1.6, 2.2) 14
[12:52:53.945]: (-0.5, 1.6, 2.2) 14
[12:52:53.961]: (-0.5, 1.6, 2.3) 14
[12:52:53.979]: (-0.5, 1.6, 2.3) 14
[12:52:53.995]: (-0.5, 1.6, 2.3) 14
[12:52:54.012]: (-0.5, 1.7, 2.4) 17
[12:52:54.030]: (-0.5, 1.7, 2.4) 17
[12:52:54.047]: (-0.5, 1.6, 2.3) 14
[12:52:54.064]: (-0.5, 1.6, 2.3) 14
[12:52:54.083]: (-0.4, 1.6, 2.2) 16
[12:52:54.107]: (-0.4, 1.6, 2.2) 16
[12:52:54.128]: (-0.4, 1.6, 2.2) 16
[12:52:54.150]: (-0.4, 1.6, 2.2) 16
[12:52:54.173]: (-0.4, 1.6, 2.2) 16
[12:52:54.195]: (-0.4, 1.6, 2.2) 16
[12:52:54.218]: (-0.5, 1.6, 2.2) 14
[12:52:54.239]: (-0.4, 1.6, 2.2) 16
[12:52:54.261]: (-0.4, 1.6, 2.2) 14
[12:52:54.283]: (-0.4, 1.6, 2.2) 14
[12:52:54.307]: (-0.4, 1.6, 2.2) 14
[12:52:54.375]: (0.3, 1.9, 3.1) 29
[12:52:54.462]: (0.3, 1.8, 3.2) 29
[12:52:55.295]: (-0.5, 1.4, 2.2) 14
[12:52:55.316]: (-0.5, 1.4, 2.2) 14
[12:52:55.339]: (-0.5, 1.4, 2.2) 14
[12:52:55.361]: (-0.5, 1.4, 2.2) 14
[12:52:55.384]: (-0.5, 1.4, 2.2) 14
[12:52:55.404]: (-0.5, 1.4, 2.2) 14
[12:52:55.427]: (-0.5, 1.4, 2.2) 14
[12:52:55.449]: (-0.5, 1.4, 2.2) 14
[12:52:55.472]: (-0.5, 1.3, 2.2) 14
[12:52:55.495]: (-0.5, 1.3, 2.2) 14
[12:52:55.516]: (-0.5, 1.3, 2.2) 14
[12:52:55.538]: (-0.5, 1.3, 2.2) 14
[12:52:55.561]: (-0.5, 1.4, 2.2) 14
[12:52:55.594]: (-0.6, 1.4, 2.1) 20
[12:52:55.644]: (-0.6, 1.4, 2.2) 15
[12:52:55.661]: (-0.6, 1.4, 2.2) 15
[12:52:55.680]: (-0.6, 1.3, 2.1) 20
[12:52:55.987]: (-0.6, 1.3, 2.1) 20
[12:52:56.004]: (-0.6, 1.3, 2.1) 20
[12:52:56.027]: (-0.6, 1.3, 2.1) 20
[12:52:56.050]: (-0.6, 1.3, 2.1) 20
[12:52:56.071]: (-0.6, 1.3, 2.1) 20
[12:52:56.094]: (-0.6, 1.3, 2.1) 20
[12:52:56.405]: (0.4, 1.4, 2.6) 25
[12:52:56.427]: (0.4, 1.4, 2.5) 25
[12:52:56.449]: (0.4, 1.4, 2.5) 25
[12:52:56.468]: (0.4, 1.4, 2.5) 25
[12:52:56.484]: (0.4, 1.4, 2.5) 25
[12:52:56.501]: (0.4, 1.4, 2.5) 25
[12:52:56.519]: (0.4, 1.4, 2.5) 25
[12:52:56.535]: (0.4, 1.4, 2.5) 25
[12:52:56.552]: (0.4, 1.4, 2.5) 25
[12:52:56.570]: (0.4, 1.4, 2.5) 25
[12:52:56.602]: (0.4, 1.4, 2.6) 25
[12:52:56.619]: (0.4, 1.4, 2.6) 25
[12:52:56.636]: (0.4, 1.4, 2.6) 25
[12:52:57.062]: (-0.5, 1.4, 2.1) 16
[12:52:57.084]: (-0.6, 1.4, 2.2) 14
[12:52:57.106]: (-0.5, 1.4, 2.2) 14
[12:52:57.128]: (-0.5, 1.4, 2.2) 14
[12:52:57.149]: (-0.5, 1.4, 2.2) 14
[12:52:57.171]: (-0.6, 1.4, 2.2) 14
[12:52:57.195]: (-0.6, 1.4, 2.2) 14
[12:52:57.216]: (-0.6, 1.4, 2.2) 14
[12:52:57.242]: (-0.6, 1.3, 2.2) 14
[12:52:57.263]: (-0.6, 1.4, 2.2) 14
[12:52:57.285]: (-0.5, 1.4, 2.2) 14
[12:52:57.304]: (-0.6, 1.3, 2.2) 14
[12:52:57.330]: (-0.6, 1.4, 2.2) 14
[12:52:57.358]: (-0.6, 1.4, 2.2) 14
[12:52:57.376]: (-0.6, 1.4, 2.2) 14
[12:52:57.396]: (-0.6, 1.4, 2.2) 14
[12:52:57.413]: (-0.5, 1.5, 2.4) 17
[12:52:57.431]: (-0.5, 1.4, 2.2) 14
[12:52:57.500]: (0.4, 1.4, 2.5) 25
[12:52:57.520]: (0.4, 1.4, 2.6) 25
[12:52:57.781]: (0.4, 1.4, 2.5) 25
[12:52:57.798]: (0.4, 1.4, 2.5) 25
[12:52:57.816]: (0.5, 1.4, 2.6) 22
[12:52:57.863]: (0.5, 1.4, 2.5) 22
[12:52:57.882]: (0.5, 1.4, 2.5) 22
[12:52:58.016]: (0.5, 1.4, 2.5) 22
[12:52:58.040]: (0.5, 1.4, 2.5) 22
[12:52:58.063]: (0.5, 1.4, 2.4) 23
[12:52:58.083]: (0.5, 1.4, 2.4) 23
[12:52:58.107]: (0.5, 1.4, 2.4) 23
[12:52:58.129]: (0.5, 1.4, 2.4) 23
[12:52:58.151]: (0.5, 1.4, 2.4) 23
[12:52:58.170]: (0.5, 1.4, 2.4) 23
[12:52:58.193]: (0.5, 1.4, 2.4) 23
[12:52:58.215]: (0.5, 1.4, 2.4) 23
[12:52:58.237]: (0.5, 1.4, 2.4) 23
[12:52:58.260]: (0.5, 1.4, 2.4) 23
[12:52:58.283]: (0.5, 1.4, 2.4) 23
[12:52:58.301]: (0.5, 1.4, 2.4) 23
[12:52:58.320]: (0.5, 1.3, 2.4) 23
[12:52:58.337]: (0.5, 1.4, 2.4) 23
[12:52:58.354]: (0.5, 1.4, 2.4) 23
[12:52:58.371]: (0.5, 1.3, 2.5) 23
[12:52:58.403]: (0.5, 1.4, 2.5) 23
[12:52:58.421]: (0.5, 1.4, 2.4) 23
[12:52:58.438]: (0.5, 1.4, 2.4) 23
[12:52:58.457]: (0.5, 1.4, 2.4) 23
[12:52:58.475]: (0.5, 1.4, 2.4) 23
[12:52:58.508]: (0.4, 1.4, 2.5) 25
[12:52:58.524]: (0.4, 1.4, 2.5) 25
[12:52:58.541]: (0.4, 1.4, 2.5) 25
[12:52:58.558]: (0.4, 1.4, 2.5) 25
[12:52:58.575]: (0.4, 1.4, 2.5) 25
[12:52:58.592]: (0.4, 1.4, 2.5) 25
[12:52:58.610]: (0.4, 1.4, 2.5) 25
[12:52:58.627]: (0.4, 1.4, 2.5) 25
[12:52:58.644]: (0.4, 1.4, 2.5) 25
[12:52:58.661]: (0.4, 1.4, 2.5) 25
[12:52:58.680]: (0.4, 1.4, 2.5) 25
[12:52:58.697]: (0.4, 1.4, 2.5) 25
[12:52:59.384]: (-0.5, 1.4, 2.3) 17
[12:52:59.402]: (-0.5, 1.5, 2.3) 17
[12:52:59.419]: (-0.5, 1.4, 2.1) 16
[12:52:59.435]: (-0.5, 1.4, 2.1) 16
[12:52:59.452]: (-0.5, 1.4, 2.2) 14
[12:52:59.469]: (-0.5, 1.4, 2.2) 14
[12:52:59.487]: (-0.5, 1.4, 2.2) 14
[12:52:59.503]: (-0.5, 1.4, 2.1) 16
[12:52:59.521]: (-0.5, 1.4, 2.1) 16
[12:52:59.538]: (-0.4, 1.4, 2.1) 16
[12:52:59.555]: (-0.5, 1.3, 2.1) 16
[12:52:59.571]: (-0.5, 1.3, 2.1) 16
[12:52:59.588]: (-0.5, 1.3, 2.1) 16
[12:52:59.604]: (-0.5, 1.3, 2.1) 16
[12:52:59.621]: (-0.5, 1.3, 2.1) 16
[12:52:59.681]: (-0.5, 1.3, 2.1) 16
[12:52:59.794]: (0.2, 1.6, 3.2) 29
[12:52:59.815]: (0.2, 1.6, 3.1) 29
[12:52:59.837]: (0.3, 1.6, 3.1) 29
[12:52:59.862]: (0.2, 1.6, 3.1) 29
[12:52:59.883]: (0.3, 1.6, 3.1) 29
[12:52:59.904]: (0.3, 1.6, 3.1) 27
[12:52:59.926]: (0.3, 1.6, 3.2) 27
[12:52:59.948]: (0.3, 1.6, 3.2) 27
[12:52:59.970]: (0.3, 1.6, 3.1) 27
[12:52:59.993]: (0.3, 1.6, 3.2) 27
[12:53:00.014]: (0.3, 1.6, 3.1) 27
[12:53:00.039]: (0.3, 1.6, 3.1) 27
[12:53:00.059]: (0.3, 1.6, 3.2) 27
[12:53:00.213]: (0.2, 1.6, 3.2) 29
[12:53:00.467]: (0.2, 1.6, 3.1) 29
[12:53:00.485]: (0.1, 1.6, 3.3) 32
[12:53:00.502]: (0.1, 1.6, 3.3) 32
[12:53:00.519]: (0.1, 1.6, 3.3) 32
[12:53:00.536]: (0.2, 1.6, 3.3) 32
[12:53:00.559]: (0.2, 1.6, 3.3) 32
[12:53:00.581]: (0.2, 1.6, 3.3) 32
[12:53:00.604]: (0.2, 1.6, 3.3) 32
[12:53:00.625]: (0.2, 1.6, 3.3) 32
[12:53:00.648]: (0.2, 1.6, 3.3) 32
[12:53:00.671]: (0.2, 1.6, 3.3) 32
[12:53:00.692]: (0.2, 1.6, 3.3) 32
[12:53:00.715]: (0.2, 1.6, 3.3) 32
[12:53:00.740]: (0.2, 1.6, 3.3) 32
[12:53:00.759]: (0.2, 1.6, 3.3) 32
[12:53:00.782]: (0.2, 1.6, 3.3) 32
[12:53:00.805]: (0.1, 1.6, 3.3) 32
[12:53:00.847]: (-0.5, 1.4, 2.1) 16
[12:53:01.065]: (-0.6, 1.4, 2.2) 14
[12:53:01.082]: (-0.6, 1.4, 2.2) 14
[12:53:01.100]: (-0.6, 1.4, 2.2) 14
[12:53:01.117]: (-0.6, 1.4, 2.2) 14
[12:53:01.133]: (-0.6, 1.4, 2.2) 14
[12:53:01.149]: (-0.4, 1.3, 2.1) 16
[12:53:01.166]: (-0.4, 1.3, 2.1) 16
[12:53:01.183]: (-0.4, 1.3, 2.1) 16
[12:53:01.200]: (-0.4, 1.3, 2.1) 16
[12:53:01.217]: (-0.4, 1.3, 2.1) 16
[12:53:01.235]: (-0.4, 1.3, 2.1) 16
[12:53:01.253]: (-0.4, 1.3, 2.1) 16
[12:53:01.270]: (-0.4, 1.3, 2.1) 16
[12:53:01.287]: (-0.4, 1.3, 2.1) 16
[12:53:01.305]: (-0.4, 1.3, 2.1) 16
[12:53:01.322]: (-0.4, 1.3, 2.1) 16
[12:53:01.338]: (-0.4, 1.3, 2.1) 16
[12:53:01.355]: (-0.4, 1.3, 2.1) 16
[12:53:01.372]: (-0.4, 1.3, 2.1) 16
[12:53:01.390]: (-0.4, 1.3, 2.1) 16
[12:53:01.425]: (0.1, 1.6, 3.3) 32
[12:53:01.447]: (0.2, 1.6, 3.3) 32
[12:53:01.536]: (0.1, 1.6, 3.3) 32
[12:53:01.560]: (0.1, 1.6, 3.3) 32
[12:53:01.581]: (0.1, 1.6, 3.3) 32
[12:53:01.604]: (0.1, 1.6, 3.3) 32
[12:53:01.626]: (0.1, 1.6, 3.3) 32
[12:53:01.647]: (0.1, 1.6, 3.3) 32
[12:53:01.669]: (0.2, 1.6, 3.3) 32
[12:53:01.692]: (0.1, 1.6, 3.3) 32
[12:53:01.737]: (0.1, 1.6, 3.3) 32
[12:53:01.759]: (0.1, 1.6, 3.3) 32
[12:53:01.781]: (0.1, 1.6, 3.3) 32
[12:53:01.803]: (0.1, 1.6, 3.3) 32
[12:53:01.825]: (0.1, 1.6, 3.3) 32
[12:53:01.879]: (-0.4, 1.4, 2.1) 16
[12:53:02.280]: (-0.7, 1.4, 2.2) 15
[12:53:02.303]: (-0.7, 1.4, 2.2) 15
[12:53:02.325]: (-0.7, 1.4, 2.2) 15
[12:53:02.347]: (-0.7, 1.4, 2.2) 15
[12:53:02.370]: (-0.7, 1.4, 2.2) 15
[12:53:02.391]: (-0.7, 1.4, 2.1) 15
[12:53:02.415]: (-0.7, 1.4, 2.1) 15
[12:53:02.436]: (-0.7, 1.4, 2.1) 15
[12:53:02.458]: (-0.7, 1.4, 2.1) 15
[12:53:02.525]: (-0.7, 1.4, 2.2) 15
[12:53:02.890]: (-0.5, 1.5, 2.4) 17
[12:53:02.906]: (-0.5, 1.4, 2.3) 17
[12:53:02.923]: (-0.4, 1.4, 2.4) 17
[12:53:02.970]: (0.2, 1.6, 3.1) 29
[12:53:02.988]: (0.3, 1.6, 3.2) 29
[12:53:03.003]: (0.2, 1.6, 3.1) 29
[12:53:03.082]: (0.3, 1.6, 3.1) 27
[12:53:03.447]: (0.3, 1.6, 3.2) 27
[12:53:03.558]: (0.2, 1.6, 3.1) 29
[12:53:03.581]: (0.2, 1.6, 3.2) 29
[12:53:03.603]: (0.2, 1.6, 3.2) 29
[12:53:03.621]: (0.2, 1.6, 3.2) 29
[12:53:03.638]: (0.2, 1.6, 3.1) 29
[12:53:03.656]: (0.2, 1.6, 3.2) 29
[12:53:03.673]: (0.2, 1.6, 3.1) 29
[12:53:03.690]: (0.2, 1.6, 3.1) 29
[12:53:03.707]: (0.2, 1.6, 3.1) 29
[12:53:03.725]: (0.2, 1.6, 3.1) 29
[12:53:03.743]: (0.2, 1.6, 3.1) 29
[12:53:03.760]: (0.2, 1.6, 3.1) 29
[12:53:03.778]: (0.2, 1.6, 3.1) 29
[12:53:03.794]: (0.2, 1.6, 3.1) 29
[12:53:03.812]: (0.2, 1.6, 3.1) 29
[12:53:03.829]: (0.2, 1.6, 3.1) 29
[12:53:03.847]: (0.2, 1.6, 3.1) 29
[12:53:03.865]: (0.2, 1.6, 3.1) 29
[12:53:03.881]: (0.2, 1.6, 3.1) 29
[12:53:03.899]: (0.2, 1.6, 3.1) 29
[12:53:03.916]: (0.2, 1.6, 3.1) 29
[12:53:03.933]: (0.2, 1.6, 3.1) 29
[12:53:03.950]: (0.2, 1.6, 3.1) 29
[12:53:03.968]: (0.2, 1.6, 3.1) 29
[12:53:03.986]: (0.2, 1.6, 3.1) 29
[12:53:04.004]: (0.2, 1.6, 3.1) 29
[12:53:04.022]: (0.2, 1.6, 3.1) 29
[12:53:04.038]: (0.2, 1.6, 3.1) 29
[12:53:04.072]: (0.3, 1.6, 3.2) 27
[12:53:04.946]: (-0.7, 1.3, 2.1) 20
[12:53:04.968]: (-0.7, 1.3, 2.1) 20
[12:53:05.013]: (-0.8, 1.3, 2.3) 19
[12:53:05.080]: (-0.8, 1.3, 2.3) 19
[12:53:05.191]: (-0.7, 1.3, 2.1) 20
[12:53:05.213]: (-0.7, 1.3, 2.1) 20
[12:53:05.235]: (-0.7, 1.3, 2.1) 20
[12:53:05.257]: (-0.7, 1.3, 2.1) 20
[12:53:05.279]: (-0.7, 1.3, 2.1) 20
[12:53:05.302]: (-0.6, 1.3, 2.1) 20
[12:53:05.324]: (-0.6, 1.3, 2.1) 20
[12:53:05.346]: (-0.6, 1.3, 2.1) 20
[12:53:05.369]: (-0.6, 1.3, 2.1) 20
[12:53:05.547]: (-0.6, 1.3, 2.1) 20
[12:53:05.570]: (-0.6, 1.3, 2.2) 14
[12:53:05.593]: (-0.5, 1.3, 2.2) 14
[12:53:05.615]: (-0.5, 1.3, 2.2) 14
[12:53:05.639]: (-0.5, 1.3, 2.2) 14
[12:53:05.662]: (-0.5, 1.3, 2.2) 14
[12:53:05.683]: (-0.5, 1.3, 2.2) 14
[12:53:05.706]: (-0.5, 1.3, 2.2) 14
[12:53:05.730]: (-0.6, 1.3, 2.2) 14
[12:53:05.752]: (-0.5, 1.3, 2.2) 14
[12:53:05.774]: (-0.6, 1.3, 2.2) 14
[12:53:05.795]: (-0.6, 1.3, 2.2) 14
[12:53:05.817]: (-0.6, 1.4, 2.2) 14
[12:53:05.840]: (-0.6, 1.4, 2.2) 14
[12:53:05.862]: (-0.6, 1.3, 2.2) 14
[12:53:05.883]: (-0.5, 1.4, 2.2) 14
[12:53:05.906]: (-0.5, 1.4, 2.2) 14
[12:53:05.929]: (-0.5, 1.4, 2.2) 14
[12:53:05.952]: (-0.6, 1.4, 2.2) 14
[12:53:05.972]: (-0.6, 1.4, 2.2) 14
[12:53:05.995]: (-0.6, 1.4, 2.2) 14
[12:53:06.017]: (-0.6, 1.4, 2.2) 14
[12:53:06.084]: (-0.7, 1.3, 2.1) 20
[12:53:06.107]: (-0.7, 1.3, 2.1) 20
[12:53:06.129]: (-0.7, 1.3, 2.1) 20
[12:53:06.150]: (-0.7, 1.3, 2.1) 20
[12:53:06.169]: (-0.7, 1.3, 2.1) 20
[12:53:06.187]: (-0.7, 1.3, 2.1) 20
[12:53:06.203]: (-0.7, 1.3, 2.1) 20
[12:53:06.221]: (-0.7, 1.3, 2.1) 20
[12:53:06.238]: (-0.7, 1.3, 2.1) 20
[12:53:06.255]: (-0.7, 1.3, 2.1) 20
[12:53:06.271]: (-0.7, 1.3, 2.1) 20
[12:53:06.288]: (-0.7, 1.3, 2.1) 20
[12:53:06.336]: (-0.7, 1.3, 2.1) 20
[12:53:06.353]: (-0.7, 1.3, 2.1) 20
[12:53:06.372]: (-0.7, 1.3, 2.1) 20
[12:53:06.388]: (-0.7, 1.3, 2.1) 20
[12:53:06.405]: (-0.7, 1.3, 2.1) 20
[12:53:06.424]: (-0.7, 1.3, 2.1) 20
[12:53:06.442]: (-0.7, 1.3, 2.1) 20
[12:53:06.461]: (-0.7, 1.3, 2.1) 20
[12:53:06.478]: (-0.7, 1.3, 2.1) 20
[12:53:06.494]: (-0.7, 1.3, 2.1) 20
[12:53:06.511]: (-0.7, 1.3, 2.1) 20
[12:53:06.528]: (-0.5, 1.4, 2.2) 14
[12:53:06.545]: (-0.5, 1.4, 2.2) 14
[12:53:06.562]: (-0.5, 1.4, 2.2) 14
[12:53:06.581]: (-0.5, 1.4, 2.2) 14
[12:53:06.599]: (-0.5, 1.4, 2.2) 14
[12:53:06.617]: (-0.5, 1.4, 2.2) 14
[12:53:06.634]: (-0.5, 1.4, 2.2) 14
[12:53:06.650]: (-0.5, 1.4, 2.2) 14
[12:53:06.667]: (-0.5, 1.3, 2.2) 14
[12:53:06.691]: (-0.5, 1.3, 2.2) 14
[12:53:06.713]: (-0.5, 1.3, 2.2) 14
[12:53:06.736]: (-0.5, 1.3, 2.2) 14
[12:53:06.756]: (-0.5, 1.3, 2.2) 14
[12:53:06.779]: (-0.5, 1.3, 2.2) 14
[12:53:06.802]: (-0.5, 1.3, 2.2) 14
[12:53:06.823]: (-0.5, 1.3, 2.1) 16
[12:53:06.846]: (-0.5, 1.3, 2.2) 14
[12:53:06.868]: (-0.5, 1.3, 2.2) 14
[12:53:06.890]: (-0.5, 1.3, 2.2) 14
[12:53:06.912]: (-0.5, 1.3, 2.2) 14
[12:53:06.934]: (-0.5, 1.3, 2.2) 14
[12:53:06.957]: (-0.5, 1.3, 2.2) 14
[12:53:06.979]: (-0.5, 1.3, 2.2) 14
[12:53:07.001]: (-0.5, 1.3, 2.2) 14
[12:53:07.022]: (-0.5, 1.3, 2.2) 14
[12:53:07.045]: (-0.5, 1.3, 2.2) 14
[12:53:07.061]: (-0.5, 1.3, 2.2) 14
[12:53:07.078]: (-0.5, 1.3, 2.1) 16
[12:53:07.096]: (-0.5, 1.3, 2.2) 14
[12:53:07.130]: (-0.7, 1.3, 2.1) 20
[12:53:07.147]: (-0.7, 1.3, 2.1) 20
[12:53:07.242]: (-0.8, 1.3, 2.3) 19
[12:53:07.260]: (-0.7, 1.3, 2.1) 20
[12:53:07.278]: (-0.7, 1.3, 2.1) 20
[12:53:07.296]: (-0.7, 1.3, 2.1) 20
[12:53:07.312]: (-0.7, 1.3, 2.1) 20
[12:53:07.331]: (-0.7, 1.3, 2.1) 20
[12:53:07.347]: (-0.7, 1.3, 2.1) 20
[12:53:07.366]: (-0.7, 1.3, 2.1) 20
[12:53:07.383]: (-0.7, 1.3, 2.1) 20
[12:53:07.400]: (-0.8, 1.3, 2.3) 19
[12:53:08.031]: (-0.7, 1.3, 2.1) 20
[12:53:08.048]: (-0.8, 1.3, 2.2) 19
[12:53:08.065]: (-0.7, 1.3, 2.1) 20
[12:53:08.083]: (-0.8, 1.3, 2.2) 19
[12:53:08.102]: (-0.8, 1.3, 2.2) 19
[12:53:08.118]: (-0.8, 1.3, 2.3) 19
[12:53:08.134]: (-0.8, 1.3, 2.3) 19
[12:53:08.303]: (-0.8, 1.3, 2.3) 19
[12:53:08.321]: (-0.8, 1.3, 2.2) 19
[12:53:08.338]: (-0.8, 1.3, 2.2) 19
[12:53:08.355]: (-0.8, 1.3, 2.2) 19
[12:53:08.372]: (-0.8, 1.3, 2.2) 19
[12:53:08.389]: (-0.8, 1.3, 2.2) 19
[12:53:08.412]: (-0.8, 1.3, 2.2) 19
[12:53:08.433]: (-0.8, 1.3, 2.2) 19
[12:53:08.456]: (-0.8, 1.3, 2.2) 19
[12:53:08.478]: (-0.7, 1.3, 2.1) 20
[12:53:08.500]: (-0.7, 1.3, 2.1) 20
[12:53:08.523]: (-0.7, 1.3, 2.1) 20
[12:53:08.545]: (-0.7, 1.3, 2.1) 20
[12:53:08.569]: (-0.7, 1.3, 2.1) 20
[12:53:08.589]: (-0.7, 1.3, 2.1) 20
[12:53:08.612]: (-0.7, 1.3, 2.1) 20
[12:53:08.633]: (-0.7, 1.3, 2.1) 20
[12:53:08.656]: (-0.7, 1.3, 2.1) 20
[12:53:08.790]: (-0.8, 1.3, 2.3) 19
[12:53:08.811]: (-0.8, 1.3, 2.2) 19
[12:53:08.833]: (-0.8, 1.3, 2.3) 19
[12:53:08.856]: (-0.8, 1.3, 2.3) 19
[12:53:08.875]: (-0.7, 1.3, 2.1) 20
[12:53:08.892]: (-0.7, 1.3, 2.1) 20
[12:53:08.909]: (-0.7, 1.3, 2.1) 20
[12:53:08.926]: (-0.7, 1.3, 2.1) 20
[12:53:08.942]: (-0.7, 1.3, 2.1) 20
[12:53:08.959]: (-0.7, 1.3, 2.1) 20
[12:53:08.976]: (-0.7, 1.3, 2.1) 20
[12:53:08.992]: (-0.7, 1.3, 2.1) 20
[12:53:09.043]: (-0.7, 1.3, 2.1) 20
[12:53:09.139]: (-0.8, 1.3, 2.3) 19
[12:53:09.155]: (-0.8, 1.3, 2.3) 19
[12:53:09.172]: (-0.8, 1.3, 2.3) 19
[12:53:09.219]: (-0.7, 1.3, 2.1) 20
[12:53:09.236]: (-0.7, 1.3, 2.1) 20
[12:53:09.254]: (-0.7, 1.3, 2.1) 20
[12:53:09.270]: (-0.7, 1.3, 2.1) 20
[12:53:09.445]: (-0.5, 1.3, 2.2) 14
[12:53:09.468]: (-0.5, 1.3, 2.2) 14
[12:53:10.421]: (-0.6, 1.3, 2.2) 14
[12:53:10.443]: (-0.5, 1.3, 2.2) 14
[12:53:10.467]: (-0.5, 1.3, 2.2) 14
[12:53:10.487]: (-0.5, 1.3, 2.2) 14
[12:53:10.533]: (-0.5, 1.3, 2.2) 14
[12:53:10.599]: (-0.5, 1.3, 2.2) 14
[12:53:10.621]: (-0.5, 1.3, 2.2) 14
[12:53:10.643]: (-0.5, 1.3, 2.2) 14
[12:53:11.074]: (-0.5, 1.3, 2.1) 16
[12:53:11.091]: (-0.5, 1.3, 2.1) 16
[12:53:11.108]: (-0.5, 1.3, 2.1) 16
[12:53:11.124]: (-0.5, 1.3, 2.1) 16
[12:53:11.142]: (-0.5, 1.3, 2.1) 16
[12:53:11.166]: (-0.5, 1.3, 2.1) 16
[12:53:11.187]: (-0.5, 1.3, 2.1) 16
[12:53:11.209]: (-0.5, 1.3, 2.1) 16
[12:53:11.232]: (-0.5, 1.3, 2.1) 16
[12:53:11.277]: (-0.5, 1.3, 2.1) 16
[12:53:11.298]: (-0.5, 1.3, 2.1) 16
[12:53:11.321]: (-0.5, 1.3, 2.1) 16
[12:53:11.520]: (-0.5, 1.3, 2.1) 16
[12:53:11.544]: (-0.5, 1.3, 2.1) 16
[12:53:11.597]: (-0.5, 1.3, 2.1) 16
[12:53:11.720]: (-0.5, 1.3, 2.2) 14
[12:53:11.737]: (-0.5, 1.3, 2.2) 14
[12:53:11.754]: (-0.5, 1.3, 2.1) 16
[12:53:11.771]: (-0.5, 1.4, 2.1) 16
[12:53:11.788]: (-0.5, 1.4, 2.1) 16
[12:53:11.805]: (-0.5, 1.4, 2.1) 16
[12:53:11.822]: (-0.5, 1.4, 2.1) 16
[12:53:11.838]: (-0.6, 1.4, 2.2) 14
[12:53:11.856]: (-0.6, 1.4, 2.2) 14
[12:53:11.919]: (-0.5, 1.4, 2.2) 14
[12:53:11.983]: (-0.5, 1.4, 2.2) 14
[12:53:12.001]: (-0.5, 1.4, 2.2) 14
[12:53:12.020]: (-0.6, 1.4, 2.2) 14
[12:53:12.043]: (-0.6, 1.4, 2.2) 14
[12:53:12.088]: (-0.5, 1.4, 2.2) 14
[12:53:12.288]: (-0.5, 1.5, 2.4) 17
[12:53:12.331]: (-0.6, 1.4, 2.2) 14
[12:53:12.354]: (-0.7, 1.4, 2.2) 15
[12:53:12.376]: (-0.7, 1.3, 2.1) 20
[12:53:12.397]: (-0.7, 1.3, 2.1) 20
[12:53:12.421]: (-0.7, 1.3, 2.1) 20
[12:53:12.443]: (-0.7, 1.3, 2.1) 20
[12:53:12.461]: (-0.7, 1.4, 2.1) 20
[12:53:12.479]: (-0.7, 1.3, 2.1) 20
[12:53:12.496]: (-0.7, 1.3, 2.1) 20
[12:53:12.513]: (-0.7, 1.3, 2.1) 20
[12:53:12.530]: (-0.7, 1.4, 2.1) 20
[12:53:12.547]: (-0.7, 1.4, 2.1) 20
[12:53:12.566]: (-0.7, 1.4, 2.1) 20
[12:53:12.583]: (-0.7, 1.4, 2.1) 20
[12:53:12.602]: (-0.7, 1.4, 2.1) 20
[12:53:12.618]: (-0.7, 1.3, 2.1) 20
[12:53:12.635]: (-0.7, 1.3, 2.1) 20
[12:53:12.652]: (-0.6, 1.4, 2.2) 15
[12:53:12.669]: (-0.7, 1.3, 2.1) 20
[12:53:12.687]: (-0.7, 1.3, 2.1) 20
[12:53:12.704]: (-0.7, 1.3, 2.1) 20
[12:53:12.722]: (-0.6, 1.3, 2.1) 20
[12:53:12.740]: (-0.6, 1.3, 2.2) 14
[12:53:12.757]: (-0.5, 1.4, 2.2) 14
[12:53:12.775]: (-0.5, 1.4, 2.2) 14
[12:53:12.791]: (-0.5, 1.4, 2.3) 17
[12:53:12.808]: (-0.5, 1.4, 2.2) 14
[12:53:12.825]: (-0.5, 1.5, 2.3) 17
[12:53:12.843]: (-0.5, 1.4, 2.2) 14
[12:53:12.859]: (-0.5, 1.4, 2.2) 14
[12:53:12.878]: (-0.5, 1.4, 2.2) 14
[12:53:12.897]: (-0.5, 1.4, 2.1) 16
[12:53:12.914]: (-0.5, 1.4, 2.1) 16
[12:53:12.934]: (-0.5, 1.4, 2.2) 14
[12:53:12.954]: (-0.5, 1.4, 2.2) 14
[12:53:12.978]: (-0.5, 1.4, 2.2) 14
[12:53:13.000]: (-0.5, 1.4, 2.2) 14
[12:53:13.153]: (-0.7, 1.3, 2.1) 20
[12:53:13.177]: (-0.6, 1.3, 2.1) 20
[12:53:13.199]: (-0.7, 1.3, 2.1) 20
[12:53:13.221]: (-0.6, 1.3, 2.1) 20
[12:53:13.243]: (-0.7, 1.3, 2.1) 20
[12:53:13.267]: (-0.7, 1.3, 2.1) 20
[12:53:13.289]: (-0.7, 1.3, 2.1) 20
[12:53:13.584]: (0.4, 1.4, 2.5) 25
[12:53:13.620]: (0.4, 1.4, 2.6) 25
[12:53:13.639]: (0.4, 1.4, 2.5) 25
[12:53:13.658]: (0.5, 1.4, 2.5) 25
[12:53:14.747]: (-0.2, 1.8, 3.2) 32
[12:53:14.768]: (-0.2, 1.8, 3.2) 32
[12:53:14.790]: (-0.2, 1.8, 3.2) 32
[12:53:14.812]: (-0.2, 1.8, 3.2) 32
[12:53:14.835]: (-0.2, 1.8, 3.1) 29
[12:53:15.131]: (-0.4, 1.8, 3.0) 29
[12:53:15.366]: (-0.7, 1.8, 3.0) 29
[12:53:15.398]: (-0.7, 1.8, 2.9) 29
[12:53:15.430]: (-0.8, 1.8, 2.9) 29
[12:53:15.464]: (-0.8, 1.8, 2.9) 29
[12:53:15.500]: (-0.8, 1.8, 2.9) 29
[12:53:15.531]: (-0.8, 1.9, 2.9) 29
[12:53:15.564]: (-0.8, 1.9, 3.0) 32
[12:53:15.599]: (-0.8, 2.0, 3.0) 32
[12:53:16.544]: (-0.3, 1.0, 2.5) 25
[12:53:17.481]: (0.7, 1.9, 1.8) 15
[12:53:17.502]: (0.7, 1.9, 1.8) 15
[12:53:17.523]: (0.7, 1.9, 1.7) 20
[12:53:17.566]: (0.7, 1.8, 1.8) 15
[12:53:17.587]: (0.7, 1.8, 1.8) 15
[12:53:17.608]: (0.7, 1.8, 1.7) 20
[12:53:17.674]: (0.7, 1.8, 1.8) 15
[12:53:17.707]: (0.7, 1.8, 1.8) 15
[12:53:17.742]: (0.5, 1.8, 2.1) 21
[12:53:17.807]: (0.5, 1.8, 2.1) 21
[12:53:17.841]: (0.4, 1.8, 2.1) 21
[12:53:18.009]: (-0.6, 1.6, 2.6) 24
[12:53:18.042]: (-0.6, 1.5, 2.5) 24
[12:53:18.108]: (-0.6, 1.5, 2.5) 24
[12:53:18.140]: (-0.5, 1.4, 2.3) 23
[12:53:18.176]: (-0.6, 1.5, 2.3) 23
[12:53:18.207]: (-0.5, 1.5, 2.3) 23
[12:53:18.242]: (-0.5, 1.5, 2.3) 23
[12:53:18.307]: (-0.6, 1.5, 2.6) 24
[12:53:18.342]: (-0.6, 1.5, 2.6) 24
[12:53:18.362]: (-0.6, 1.5, 2.5) 24
[12:53:18.408]: (-0.7, 1.5, 2.6) 24
[12:53:18.430]: (-0.6, 1.5, 2.6) 24
[12:53:18.450]: (-0.6, 1.5, 2.6) 24
[12:53:18.522]: (-1.1, 1.4, 2.0) 9
[12:53:18.630]: (-1.1, 1.4, 2.0) 9
[12:53:18.652]: (-1.1, 1.4, 2.0) 9
[12:53:18.673]: (-1.1, 1.4, 2.0) 9
[12:53:18.740]: (-1.1, 1.4, 2.0) 9
[12:53:18.763]: (-1.1, 1.4, 2.0) 9
[12:53:18.784]: (-1.1, 1.4, 2.0) 9
[12:53:18.806]: (-1.1, 1.4, 2.0) 9
[12:53:18.830]: (-1.1, 1.4, 2.0) 9
[12:53:18.850]: (-1.0, 1.4, 2.0) 9
[12:53:18.895]: (-0.5, 1.5, 2.3) 23
[12:53:18.919]: (-0.5, 1.5, 2.4) 23
[12:53:18.940]: (-0.5, 1.5, 2.5) 22
[12:53:18.963]: (-0.5, 1.5, 2.5) 22
[12:53:18.984]: (-0.4, 1.5, 2.5) 25
[12:53:19.006]: (-0.4, 1.5, 2.4) 25
[12:53:19.031]: (-0.4, 1.6, 2.5) 25
[12:53:19.050]: (-0.4, 1.5, 2.5) 25
[12:53:19.076]: (-0.4, 1.5, 2.4) 25
[12:53:19.097]: (-0.4, 1.5, 2.4) 25
[12:53:19.188]: (-1.2, 1.3, 2.3) 4
[12:53:19.210]: (-1.2, 1.3, 2.3) 4
[12:53:19.232]: (-1.2, 1.3, 2.3) 4
[12:53:19.254]: (-1.1, 1.2, 2.0) 6
[12:53:19.277]: (-1.2, 1.2, 2.3) 4
[12:53:19.298]: (-1.2, 1.3, 2.3) 4
[12:53:19.321]: (-1.2, 1.2, 2.3) 4
[12:53:19.345]: (-1.2, 1.2, 2.4) 4
[12:53:19.366]: (-1.2, 1.3, 2.4) 4
[12:53:19.388]: (-1.2, 1.3, 2.4) 4
[12:53:19.456]: (-1.2, 1.2, 2.4) 4
[12:53:19.770]: (0.6, 1.7, 1.9) 15
[12:53:19.786]: (0.6, 1.7, 1.8) 20
[12:53:19.803]: (0.6, 1.7, 1.8) 20
[12:53:19.821]: (0.6, 1.7, 1.9) 15
[12:53:19.838]: (0.6, 1.7, 1.9) 15
[12:53:19.856]: (0.6, 1.7, 1.9) 15
[12:53:19.874]: (0.6, 1.7, 1.9) 15
[12:53:19.919]: (0.6, 1.7, 1.9) 15
[12:53:19.935]: (0.6, 1.7, 1.9) 15
[12:53:20.095]: (0.4, 1.7, 1.9) 16
[12:53:20.117]: (0.3, 1.7, 1.9) 16
[12:53:20.140]: (0.3, 1.7, 1.8) 16
[12:53:20.162]: (0.4, 1.7, 1.8) 16
[12:53:20.186]: (0.3, 1.7, 1.8) 16
[12:53:20.206]: (0.4, 1.7, 1.8) 16
[12:53:20.230]: (0.3, 1.7, 1.8) 16
[12:53:20.251]: (0.3, 1.7, 1.9) 16
[12:53:20.274]: (0.4, 1.7, 1.8) 16
[12:53:20.297]: (0.4, 1.7, 1.8) 16
[12:53:20.318]: (0.4, 1.7, 1.8) 16
[12:53:20.340]: (0.4, 1.7, 1.8) 16
[12:53:20.362]: (0.4, 1.7, 1.8) 16
[12:53:20.385]: (0.4, 1.7, 1.9) 16
[12:53:20.406]: (0.4, 1.7, 1.9) 16
[12:53:20.473]: (-0.2, 1.7, 3.1) 27
[12:53:20.490]: (-0.2, 1.7, 3.1) 27
[12:53:20.506]: (-0.2, 1.7, 3.1) 27
[12:53:20.522]: (-0.2, 1.7, 3.0) 27
[12:53:20.538]: (-0.2, 1.6, 3.0) 27
[12:53:20.555]: (-0.2, 1.6, 3.1) 27
[12:53:20.572]: (-0.2, 1.6, 3.0) 27
[12:53:20.589]: (-0.2, 1.6, 3.0) 27
[12:53:20.606]: (-0.2, 1.6, 3.1) 27
[12:53:20.623]: (-0.2, 1.7, 3.1) 27
[12:53:20.639]: (-0.2, 1.7, 3.1) 27
[12:53:20.656]: (-0.3, 1.7, 3.2) 30
[12:53:20.672]: (-0.5, 1.7, 3.2) 31
[12:53:20.718]: (-0.5, 1.6, 3.2) 31
[12:53:20.750]: (-0.4, 1.7, 3.2) 31
[12:53:20.798]: (-0.5, 1.7, 3.3) 31
[12:53:20.831]: (-0.4, 1.7, 3.3) 31
[12:53:20.895]: (-0.4, 1.7, 3.2) 31
[12:53:20.912]: (-0.4, 1.7, 3.2) 31
[12:53:20.929]: (-0.4, 1.7, 3.2) 31
[12:53:20.951]: (-0.4, 1.7, 3.2) 31
[12:53:20.973]: (-0.4, 1.7, 3.2) 31
[12:53:20.995]: (-0.4, 1.6, 3.3) 31
[12:53:21.086]: (-0.3, 1.6, 3.2) 30
[12:53:21.106]: (-0.3, 1.6, 3.2) 30
[12:53:21.130]: (-0.2, 1.6, 3.2) 30
[12:53:21.150]: (-0.2, 1.6, 3.1) 27
[12:53:21.173]: (-0.2, 1.6, 3.0) 28
[12:53:21.195]: (-0.2, 1.6, 3.0) 27
[12:53:21.218]: (-0.2, 1.6, 3.0) 28
[12:53:21.240]: (-0.2, 1.6, 3.0) 28
[12:53:21.261]: (-0.2, 1.6, 3.0) 28
[12:53:21.284]: (-0.2, 1.6, 3.0) 27
[12:53:21.307]: (-0.2, 1.6, 3.0) 27
[12:53:21.329]: (-0.1, 1.6, 3.1) 27
[12:53:21.350]: (-0.2, 1.6, 3.0) 28
[12:53:21.369]: (-0.2, 1.6, 3.0) 28
[12:53:21.387]: (-0.2, 1.5, 3.0) 28
[12:53:21.403]: (-0.2, 1.5, 3.0) 28
[12:53:21.420]: (-0.2, 1.5, 3.0) 28
[12:53:21.437]: (-0.2, 1.5, 3.0) 28
[12:53:21.453]: (-0.3, 1.5, 3.0) 28
[12:53:21.468]: (-0.2, 1.5, 3.0) 28
[12:53:21.486]: (-0.2, 1.5, 3.0) 28
[12:53:21.503]: (-0.2, 1.5, 3.0) 28
[12:53:21.520]: (-0.2, 1.5, 3.0) 28
[12:53:21.555]: (-0.3, 1.6, 3.0) 28
[12:53:21.588]: (-0.3, 1.6, 3.0) 28
[12:53:21.604]: (-0.3, 1.6, 3.1) 27
[12:53:21.623]: (-0.3, 1.6, 3.2) 30
[12:53:21.639]: (-0.3, 1.6, 3.2) 30
[12:53:21.656]: (-0.3, 1.6, 3.3) 30
[12:53:21.728]: (-0.3, 1.5, 2.5) 25
[12:53:21.750]: (-0.3, 1.5, 2.5) 25
[12:53:22.261]: (0.4, 1.6, 1.8) 14
[12:53:22.304]: (0.3, 1.5, 1.7) 16
[12:53:22.406]: (0.4, 1.5, 1.8) 14
[12:53:22.549]: (0.4, 1.4, 1.7) 20
[12:53:22.572]: (0.4, 1.4, 1.8) 15
[12:53:22.595]: (0.4, 1.4, 1.7) 15
[12:53:22.612]: (0.4, 1.4, 1.7) 20
[12:53:22.830]: (0.4, 1.5, 1.8) 14
[12:53:22.849]: (0.3, 1.4, 1.8) 14
[12:53:22.872]: (0.2, 1.4, 1.7) 16
[12:53:22.917]: (-0.4, 1.4, 2.8) 29
[12:53:22.939]: (-0.4, 1.5, 2.8) 27
[12:53:22.961]: (-0.4, 1.4, 2.8) 28
[12:53:22.983]: (-0.4, 1.5, 2.8) 27
[12:53:23.006]: (-0.5, 1.5, 2.8) 27
[12:53:23.028]: (-0.5, 1.5, 2.8) 27
[12:53:23.050]: (-0.5, 1.5, 2.8) 27
[12:53:23.072]: (-0.5, 1.5, 2.8) 27
[12:53:23.094]: (-0.5, 1.4, 2.7) 28
[12:53:23.116]: (-0.5, 1.4, 3.0) 30
[12:53:23.140]: (-0.5, 1.4, 2.7) 28
[12:53:23.161]: (-0.5, 1.4, 2.7) 28
[12:53:23.183]: (-0.4, 1.4, 2.7) 28
[12:53:23.205]: (-0.5, 1.4, 2.7) 28
[12:53:23.227]: (-0.5, 1.4, 2.7) 28
[12:53:23.244]: (-0.5, 1.4, 2.7) 28
[12:53:23.262]: (-0.4, 1.4, 2.7) 28
[12:53:23.280]: (-0.4, 1.4, 2.7) 28
[12:53:23.312]: (-0.5, 1.4, 2.2) 25
[12:53:23.331]: (-0.6, 1.4, 2.2) 25
[12:53:23.349]: (-0.6, 1.4, 2.2) 25
[12:53:23.366]: (-0.6, 1.4, 2.2) 25
[12:53:23.383]: (-0.6, 1.4, 2.2) 25
[12:53:23.400]: (-0.7, 1.5, 3.0) 31
[12:53:23.417]: (-0.6, 1.4, 2.2) 25
[12:53:23.437]: (-0.6, 1.4, 2.2) 25
[12:53:23.454]: (-0.6, 1.4, 2.2) 25
[12:53:23.470]: (-0.6, 1.4, 2.2) 25
[12:53:23.487]: (-0.6, 1.4, 2.2) 25
[12:53:23.504]: (-0.6, 1.4, 2.2) 25
[12:53:23.521]: (-0.6, 1.4, 2.2) 25
[12:53:23.537]: (-0.6, 1.4, 2.2) 25
[12:53:23.554]: (-0.6, 1.4, 2.2) 25
[12:53:23.571]: (-0.6, 1.4, 2.2) 25
[12:53:23.589]: (-0.6, 1.3, 2.2) 25
[12:53:23.611]: (-0.6, 1.4, 2.2) 22
[12:53:23.634]: (-0.6, 1.4, 2.1) 23
[12:53:23.658]: (-0.6, 1.4, 2.1) 23
[12:53:23.679]: (-0.6, 1.4, 2.1) 23
[12:53:23.702]: (-0.6, 1.4, 2.1) 23
[12:53:23.722]: (-0.6, 1.4, 2.1) 23
[12:53:23.743]: (-0.6, 1.4, 2.1) 23
[12:53:23.766]: (-0.6, 1.5, 2.1) 23
[12:53:23.906]: (-0.4, 1.8, 2.1) 25
[12:53:23.941]: (-0.4, 1.9, 2.1) 25
[12:53:23.972]: (-0.3, 2.0, 2.0) 25
[12:53:24.139]: (-0.3, 2.7, 2.2) 29
[12:53:24.211]: (-0.3, 2.9, 2.1) 29
[12:53:24.242]: (-0.3, 2.9, 2.1) 29
[12:53:24.273]: (-0.4, 2.9, 2.0) 29
[12:53:24.372]: (-0.5, 3.0, 2.0) 27
[12:53:24.406]: (-0.5, 3.1, 1.9) 27
[12:53:24.472]: (-0.5, 3.0, 1.9) 28
[12:53:24.560]: (-0.5, 3.1, 1.8) 29
[12:53:24.585]: (-0.5, 3.2, 1.7) 29
[12:53:24.608]: (-0.5, 3.2, 1.7) 29
[12:53:24.629]: (-0.5, 3.2, 1.7) 29
[12:53:24.715]: (-0.6, 3.2, 1.7) 29
[12:53:24.739]: (-0.6, 3.2, 1.7) 29
[12:53:25.183]: (-0.4, 3.3, 1.9) 30
[12:53:25.363]: (-0.4, 3.2, 1.9) 30
[12:53:25.386]: (-0.5, 3.3, 1.9) 30
[12:53:25.408]: (-0.5, 3.3, 1.9) 30
[12:53:25.453]: (-0.4, 3.2, 1.9) 30
[12:53:25.476]: (-0.5, 3.3, 1.9) 30
[12:53:25.542]: (-0.5, 2.7, 1.5) 25
[12:53:25.564]: (-0.6, 2.7, 1.5) 22
[12:53:25.609]: (-0.6, 2.6, 1.5) 22
[12:53:25.631]: (-0.6, 2.6, 1.5) 22
[12:53:25.654]: (-0.6, 2.6, 1.5) 22
[12:53:25.675]: (-0.6, 2.6, 1.5) 22
[12:53:25.700]: (-0.6, 2.6, 1.5) 22
[12:53:25.721]: (-0.6, 2.6, 1.5) 22
[12:53:25.739]: (-0.6, 2.5, 1.4) 23
[12:53:25.755]: (-0.6, 2.5, 1.4) 23
[12:53:25.772]: (-0.5, 2.6, 1.5) 25
[12:53:25.789]: (-0.5, 2.6, 1.5) 22
[12:53:25.806]: (-0.5, 2.6, 1.5) 25
[12:53:25.822]: (-0.5, 2.7, 1.5) 22
[12:53:25.855]: (-0.5, 2.6, 1.5) 25
[12:53:25.872]: (-0.5, 2.6, 1.5) 22
[12:53:25.888]: (-0.5, 2.6, 1.5) 22
[12:53:25.904]: (-0.5, 2.6, 1.5) 22
[12:53:25.920]: (-0.5, 2.6, 1.5) 25
[12:53:25.949]: (-0.4, 3.1, 1.8) 28
[12:53:25.965]: (-0.3, 3.0, 1.8) 28
[12:53:25.985]: (-0.3, 3.0, 1.8) 28
[12:53:26.004]: (-0.3, 3.1, 1.8) 28
[12:53:26.083]: (-0.3, 2.7, 1.4) 25
[12:53:26.790]: (-0.4, 3.0, 0.3) 25
[12:53:26.812]: (-0.4, 3.0, 0.3) 25
[12:53:27.210]: (-0.5, 3.5, 0.3) 28
[12:53:27.231]: (-0.5, 3.5, 0.3) 28
[12:53:27.247]: (-0.5, 3.5, 0.2) 28
[12:53:27.263]: (-0.5, 3.5, 0.3) 28
[12:53:27.280]: (-0.5, 3.5, 0.2) 28
[12:53:27.338]: (-0.5, 3.5, 0.3) 28
[12:53:27.847]: (-0.7, 3.0, 0.2) 25
[12:53:27.897]: (-0.7, 2.9, 0.3) 25
[12:53:27.914]: (-0.7, 2.9, 0.3) 25
[12:53:27.931]: (-0.7, 2.9, 0.3) 25
[12:53:27.948]: (-0.7, 2.9, 0.3) 25
[12:53:27.965]: (-0.7, 3.0, 0.3) 22
[12:53:27.982]: (-0.7, 2.9, 0.3) 23
[12:53:27.999]: (-0.7, 2.9, 0.3) 23
[12:53:28.018]: (-0.7, 3.0, 0.3) 22
[12:53:28.037]: (-0.8, 3.1, 0.4) 26
[12:53:28.056]: (-0.8, 3.1, 0.4) 26
[12:53:28.072]: (-0.8, 3.1, 0.4) 24
[12:53:28.089]: (-0.8, 3.1, 0.4) 24
[12:53:28.106]: (-0.7, 3.1, 0.4) 24
[12:53:28.129]: (-0.7, 3.1, 0.4) 24
[12:53:28.233]: (-0.7, 3.0, 0.4) 24
[12:53:28.254]: (-0.7, 3.0, 0.4) 24
[12:53:28.276]: (-0.7, 3.0, 0.4) 24
[12:53:28.300]: (-0.7, 3.0, 0.4) 24
[12:53:28.321]: (-0.7, 3.0, 0.4) 24
[12:53:28.343]: (-0.7, 3.0, 0.4) 24
[12:53:28.367]: (-0.7, 3.0, 0.4) 24
[12:53:28.390]: (-0.7, 3.0, 0.5) 26
[12:53:28.411]: (-0.7, 2.9, 0.5) 26
[12:53:28.432]: (-0.7, 2.9, 0.5) 26
[12:53:28.593]: (-0.5, 2.5, 0.9) 25
[12:53:28.857]: (-0.4, 2.3, 1.1) 25
[12:53:29.189]: (-0.3, 2.4, 1.5) 28
[12:53:29.212]: (-0.3, 2.4, 1.4) 28
[12:53:29.235]: (-0.3, 2.5, 1.5) 28
[12:53:29.259]: (-0.3, 2.4, 1.5) 28
[12:53:29.281]: (-0.3, 2.3, 1.5) 28
[12:53:29.303]: (-0.3, 2.3, 1.5) 28
[12:53:29.327]: (-0.3, 2.3, 1.5) 28
[12:53:29.351]: (-0.3, 2.3, 1.5) 28
[12:53:29.373]: (-0.3, 2.3, 1.5) 28
[12:53:29.398]: (-0.4, 2.3, 1.5) 28
[12:53:29.422]: (-0.3, 2.3, 1.5) 28
[12:53:29.446]: (-0.3, 2.3, 1.5) 28
[12:53:29.470]: (-0.3, 2.3, 1.5) 28
[12:53:29.494]: (-0.3, 2.3, 1.5) 28
[12:53:29.516]: (-0.3, 2.2, 1.5) 28
[12:53:30.049]: (0.4, 1.6, 0.7) 14
[12:53:30.082]: (0.4, 1.6, 0.7) 14
[12:53:30.119]: (0.3, 1.6, 0.7) 14
[12:53:30.149]: (0.4, 1.5, 0.7) 14
[12:53:30.183]: (0.4, 1.5, 0.7) 14
[12:53:30.214]: (0.4, 1.5, 0.7) 14
[12:53:30.236]: (0.4, 1.5, 0.7) 14
[12:53:30.259]: (0.3, 1.5, 0.7) 14
[12:53:30.281]: (0.3, 1.5, 0.7) 14
[12:53:30.302]: (0.3, 1.5, 0.7) 14
[12:53:30.327]: (0.3, 1.5, 0.7) 14
[12:53:30.347]: (0.3, 1.5, 0.7) 14
[12:53:30.370]: (0.3, 1.5, 0.7) 14
[12:53:30.392]: (0.3, 1.5, 0.7) 14
[12:53:30.414]: (0.3, 1.5, 0.7) 14
[12:53:30.436]: (0.3, 1.5, 0.7) 14
[12:53:30.459]: (0.3, 1.5, 0.7) 14
[12:53:30.481]: (0.3, 1.5, 0.7) 14
[12:53:30.503]: (0.3, 1.5, 0.7) 14
[12:53:30.526]: (0.3, 1.5, 0.7) 14
[12:53:30.548]: (0.3, 1.5, 0.7) 14
[12:53:30.570]: (0.3, 1.5, 0.7) 14
[12:53:30.592]: (0.3, 1.5, 0.7) 14
[12:53:30.614]: (0.3, 1.5, 0.7) 14
[12:53:30.637]: (0.3, 1.5, 0.7) 14
[12:53:30.659]: (0.3, 1.5, 0.7) 14
[12:53:30.682]: (0.3, 1.5, 0.7) 14
[12:53:30.703]: (0.4, 1.5, 0.8) 17
[12:53:30.724]: (0.4, 1.5, 0.8) 17
[12:53:30.747]: (0.4, 1.5, 0.8) 17
[12:53:30.769]: (0.3, 1.5, 0.8) 17
[12:53:30.791]: (0.3, 1.5, 0.8) 17
[12:53:30.814]: (0.3, 1.5, 0.8) 17
[12:53:30.836]: (0.3, 1.5, 0.8) 17
[12:53:30.858]: (0.3, 1.5, 0.8) 17
[12:53:30.882]: (0.3, 1.5, 0.8) 17
[12:53:30.903]: (0.3, 1.5, 0.8) 17
[12:53:30.924]: (0.3, 1.5, 0.7) 17
[12:53:30.946]: (0.4, 1.5, 0.7) 17
[12:53:30.968]: (0.3, 1.4, 0.7) 17
[12:53:30.993]: (0.3, 1.4, 0.7) 17
[12:53:31.016]: (0.3, 1.4, 0.7) 17
[12:53:31.039]: (0.3, 1.4, 0.7) 17
[12:53:31.061]: (0.3, 1.4, 0.7) 17
[12:53:31.150]: (-0.2, 2.1, 1.4) 27
[12:53:31.172]: (-0.4, 2.3, 1.4) 31
[12:53:31.327]: (-0.4, 2.3, 1.5) 31
[12:53:31.626]: (-0.3, 2.0, 1.6) 30
[12:53:31.647]: (-0.3, 2.0, 1.6) 30
[12:53:31.667]: (-0.3, 2.0, 1.6) 30
[12:53:31.703]: (-0.3, 2.0, 1.5) 27
[12:53:31.722]: (-0.3, 1.9, 1.5) 27
[12:53:31.739]: (-0.3, 1.9, 1.5) 27
[12:53:31.759]: (-0.3, 1.9, 1.4) 27
[12:53:31.882]: (-0.3, 2.0, 1.6) 30
[12:53:31.898]: (-0.3, 2.0, 1.6) 30
[12:53:31.914]: (-0.3, 2.0, 1.6) 30
[12:53:31.935]: (-0.3, 2.0, 1.6) 30
[12:53:31.956]: (-0.3, 2.0, 1.6) 30
[12:53:31.979]: (-0.3, 2.0, 1.6) 30
[12:53:32.003]: (-0.3, 2.0, 1.6) 30
[12:53:32.023]: (-0.3, 2.0, 1.6) 30
[12:53:32.046]: (-0.2, 2.0, 1.4) 27
[12:53:32.068]: (-0.2, 1.9, 1.4) 27
[12:53:32.090]: (-0.2, 1.9, 1.4) 27
[12:53:32.113]: (-0.2, 1.9, 1.4) 27
[12:53:32.135]: (-0.2, 2.0, 1.4) 27
[12:53:32.157]: (-0.3, 2.0, 1.6) 30
[12:53:32.179]: (-0.3, 2.0, 1.4) 27
[12:53:32.350]: (-0.4, 2.0, 1.6) 31
[12:53:32.368]: (-0.4, 2.1, 1.6) 31
[12:53:32.385]: (-0.4, 2.1, 1.6) 31
[12:53:32.402]: (-0.4, 2.1, 1.6) 31
[12:53:32.420]: (-0.4, 2.1, 1.6) 31
[12:53:32.452]: (-0.4, 2.1, 1.6) 31
[12:53:32.530]: (-0.4, 2.1, 1.6) 31
[12:53:32.546]: (-0.4, 2.1, 1.6) 31
[12:53:32.563]: (-0.4, 2.1, 1.6) 31
[12:53:32.579]: (-0.4, 2.1, 1.6) 31
[12:53:32.598]: (-0.4, 2.1, 1.6) 31
[12:53:32.615]: (-0.4, 2.1, 1.6) 31
[12:53:32.791]: (-0.3, 2.0, 1.5) 30
[12:53:32.812]: (-0.3, 2.0, 1.6) 30
[12:53:33.012]: (-0.3, 2.0, 1.6) 30
[12:53:33.102]: (-0.3, 2.0, 1.6) 30
[12:53:33.327]: (-0.3, 2.0, 1.6) 30
[12:53:33.345]: (-0.2, 1.9, 1.5) 27
[12:53:33.361]: (-0.2, 1.9, 1.5) 27
[12:53:33.379]: (-0.2, 1.9, 1.5) 27
[12:53:33.396]: (-0.2, 1.9, 1.5) 27
[12:53:33.413]: (-0.3, 1.9, 1.5) 27
[12:53:33.611]: (-0.2, 1.9, 1.5) 27
[12:53:33.635]: (-0.2, 1.9, 1.5) 27
[12:53:33.659]: (-0.2, 1.9, 1.4) 27
[12:53:33.679]: (-0.2, 1.9, 1.4) 27
[12:53:33.700]: (-0.2, 1.9, 1.4) 27
[12:53:33.722]: (-0.2, 1.9, 1.4) 27
[12:53:33.746]: (-0.2, 1.9, 1.4) 27
[12:53:33.767]: (-0.2, 1.9, 1.5) 27
[12:53:33.790]: (-0.2, 1.9, 1.4) 27
[12:53:33.812]: (-0.2, 1.9, 1.4) 27
[12:53:33.835]: (-0.2, 1.9, 1.4) 27
[12:53:33.856]: (-0.3, 1.9, 1.5) 27
[12:53:33.878]: (-0.2, 1.9, 1.4) 27
[12:53:34.236]: (-0.3, 1.9, 1.5) 27
[12:53:34.253]: (-0.3, 1.9, 1.5) 27
[12:53:34.270]: (-0.3, 1.9, 1.4) 27
[12:53:34.286]: (-0.3, 1.9, 1.4) 27
[12:53:34.302]: (-0.3, 1.9, 1.4) 27
[12:53:34.363]: (-0.3, 1.9, 1.5) 27
[12:53:34.379]: (-0.3, 1.9, 1.5) 27
[12:53:34.396]: (-0.3, 1.9, 1.5) 27
[12:53:34.412]: (-0.3, 1.9, 1.5) 27
[12:53:34.430]: (-0.3, 1.9, 1.5) 27
[12:53:34.446]: (-0.3, 1.9, 1.5) 27
[12:53:34.462]: (-0.3, 1.9, 1.5) 27
[12:53:34.546]: (-0.3, 1.8, 1.5) 28
[12:53:34.812]: (-0.3, 1.9, 1.5) 27
[12:53:34.833]: (-0.2, 1.9, 1.4) 27
[12:53:34.855]: (-0.2, 1.9, 1.4) 27
[12:53:34.878]: (-0.2, 1.9, 1.4) 27
[12:53:34.897]: (-0.2, 1.9, 1.4) 27
[12:53:34.913]: (-0.2, 1.9, 1.4) 27
[12:53:34.931]: (-0.2, 1.9, 1.4) 27
[12:53:34.948]: (-0.2, 1.9, 1.4) 27
[12:53:34.964]: (-0.2, 1.9, 1.4) 27
[12:53:34.980]: (-0.2, 1.9, 1.4) 27
[12:53:34.996]: (-0.2, 1.9, 1.4) 27
[12:53:35.014]: (-0.2, 1.9, 1.4) 27
[12:53:35.031]: (-0.2, 1.9, 1.4) 27
[12:53:36.189]: (-0.2, 1.9, 1.4) 27
[12:53:36.212]: (-0.2, 1.9, 1.4) 27
[12:53:36.232]: (-0.2, 1.9, 1.4) 27
[12:53:36.256]: (-0.2, 1.9, 1.4) 27
[12:53:36.279]: (-0.2, 1.9, 1.4) 27
[12:53:36.300]: (-0.2, 1.9, 1.4) 27
[12:53:36.322]: (-0.2, 1.9, 1.4) 27
[12:53:36.344]: (-0.2, 1.9, 1.4) 27
[12:53:36.366]: (-0.2, 1.9, 1.4) 27
[12:53:36.389]: (-0.2, 1.9, 1.4) 27
[12:53:36.455]: (-0.5, 1.5, 1.1) 22
[12:53:36.478]: (-0.5, 1.5, 1.1) 22
[12:53:36.500]: (-0.5, 1.5, 1.1) 22
[12:53:36.522]: (-0.5, 1.5, 1.1) 22
[12:53:36.543]: (-0.5, 1.5, 1.0) 22
[12:53:36.566]: (-0.5, 1.5, 1.0) 22
[12:53:36.589]: (-0.5, 1.5, 1.1) 22
[12:53:36.610]: (-0.6, 1.5, 1.0) 22
[12:53:36.633]: (-0.5, 1.5, 1.0) 22
[12:53:36.652]: (-0.5, 1.5, 1.0) 22
[12:53:36.670]: (-0.6, 1.5, 1.0) 22
[12:53:36.689]: (-0.6, 1.4, 1.0) 23
[12:53:36.705]: (-0.6, 1.4, 1.0) 23
[12:53:36.722]: (-0.6, 1.4, 1.0) 23
[12:53:36.738]: (-0.6, 1.4, 1.0) 23
[12:53:36.756]: (-0.6, 1.4, 1.0) 23
[12:53:36.772]: (-0.6, 1.4, 1.0) 23
[12:53:36.789]: (-0.6, 1.4, 1.0) 23
[12:53:36.806]: (-0.6, 1.4, 1.0) 23
[12:53:36.824]: (-0.6, 1.4, 1.0) 23
[12:53:36.842]: (-0.6, 1.4, 1.0) 23
[12:53:36.858]: (-0.6, 1.4, 1.0) 23
[12:53:36.875]: (-0.6, 1.4, 1.0) 23
[12:53:36.892]: (-0.6, 1.4, 1.0) 23
[12:53:37.010]: (0.5, 1.1, 0.5) 15
[12:53:37.043]: (0.4, 1.1, 0.4) 20
[12:53:37.060]: (0.4, 1.1, 0.5) 20
[12:53:37.077]: (0.4, 1.1, 0.5) 20
[12:53:37.100]: (0.4, 1.1, 0.6) 15
[12:53:37.122]: (0.4, 1.1, 0.6) 15
[12:53:37.144]: (0.4, 1.1, 0.6) 15
[12:53:37.300]: (0.4, 1.1, 0.6) 14
[12:53:37.411]: (0.4, 1.1, 0.5) 20
[12:53:37.432]: (0.4, 1.1, 0.5) 20
[12:53:37.477]: (0.4, 1.1, 0.5) 20
[12:53:37.499]: (0.4, 1.1, 0.5) 20
[12:53:37.734]: (0.4, 1.1, 0.5) 20
[12:53:37.912]: (0.3, 0.6, 0.0) 11
[12:53:37.954]: (0.3, 0.6, 0.0) 11
[12:53:37.978]: (0.3, 0.6, 0.1) 11
[12:53:37.999]: (0.3, 0.6, 0.1) 11
[12:53:38.221]: (0.3, 0.6, 0.0) 11
[12:53:38.243]: (0.3, 0.6, 0.1) 11
[12:53:38.265]: (0.3, 0.6, 0.1) 11
[12:53:38.288]: (0.3, 0.6, 0.1) 11
[12:53:38.310]: (0.3, 0.6, 0.1) 11
[12:53:38.332]: (0.3, 0.6, 0.1) 11
[12:53:38.354]: (0.3, 0.6, 0.1) 11
[12:53:38.376]: (0.3, 0.6, 0.1) 11
[12:53:38.532]: (0.3, 1.2, 0.7) 14
[12:53:38.548]: (0.3, 1.2, 0.6) 14
[12:53:38.566]: (0.3, 1.2, 0.6) 14
[12:53:38.583]: (0.3, 1.2, 0.6) 14
[12:53:38.601]: (0.3, 1.2, 0.6) 14
[12:53:38.618]: (0.3, 1.2, 0.6) 14
[12:53:38.635]: (0.3, 1.2, 0.6) 14
[12:53:38.652]: (0.3, 1.2, 0.6) 14
[12:53:38.670]: (0.3, 1.2, 0.6) 14
[12:53:38.688]: (0.3, 1.2, 0.6) 14
[12:53:38.703]: (0.3, 1.1, 0.6) 14
[12:53:38.719]: (0.3, 1.1, 0.6) 14
[12:53:38.736]: (0.3, 1.1, 0.6) 14
[12:53:38.798]: (0.3, 1.1, 0.7) 14
[12:53:38.815]: (0.3, 1.1, 0.6) 14
[12:53:38.831]: (0.3, 1.1, 0.6) 14
[12:53:38.910]: (0.3, 1.1, 0.6) 14
[12:53:38.932]: (0.4, 1.1, 0.6) 14
[12:53:38.954]: (0.3, 1.1, 0.6) 14
[12:53:38.977]: (0.3, 1.1, 0.6) 14
[12:53:38.998]: (0.3, 1.1, 0.6) 14
[12:53:39.021]: (0.4, 1.1, 0.6) 14
[12:53:39.065]: (0.3, 1.1, 0.6) 14
[12:53:39.088]: (0.3, 1.1, 0.6) 14
[12:53:39.111]: (0.3, 1.1, 0.6) 14
[12:53:39.132]: (0.3, 1.2, 0.6) 14
[12:53:39.154]: (0.3, 1.2, 0.6) 14
[12:53:39.176]: (0.3, 1.1, 0.6) 14
[12:53:39.198]: (0.3, 1.1, 0.6) 14
[12:53:39.222]: (0.3, 1.1, 0.6) 14
[12:53:39.242]: (0.3, 1.1, 0.6) 14
[12:53:39.266]: (0.3, 1.1, 0.6) 14
[12:53:39.282]: (0.3, 1.1, 0.6) 14
[12:53:39.301]: (0.3, 1.1, 0.6) 14
[12:53:39.318]: (0.3, 1.1, 0.6) 14
[12:53:39.335]: (0.3, 1.1, 0.6) 14
[12:53:39.354]: (0.3, 1.1, 0.6) 14
[12:53:39.372]: (0.3, 1.1, 0.6) 14
[12:53:39.389]: (0.3, 1.1, 0.6) 14
[12:53:39.485]: (0.3, 1.1, 0.6) 14
[12:53:39.548]: (0.2, 1.1, 0.6) 16
[12:53:39.595]: (0.3, 1.2, 0.6) 14
[12:53:39.612]: (0.3, 1.2, 0.6) 14
[12:53:39.629]: (0.3, 1.2, 0.6) 14
[12:53:39.647]: (0.3, 1.2, 0.6) 14
[12:53:39.663]: (0.3, 1.2, 0.6) 14
[12:53:39.681]: (0.3, 1.2, 0.6) 14
[12:53:39.699]: (0.3, 1.2, 0.6) 14
[12:53:39.717]: (0.3, 1.2, 0.6) 14
[12:53:39.735]: (0.3, 1.2, 0.6) 14
[12:53:39.753]: (0.3, 1.2, 0.6) 14
[12:53:39.769]: (0.3, 1.2, 0.6) 14
[12:53:39.786]: (0.3, 1.2, 0.6) 14
[12:53:39.803]: (0.3, 1.2, 0.6) 14
[12:53:39.820]: (0.3, 1.2, 0.6) 14
[12:53:41.876]: (0.3, 1.2, 0.6) 14
[12:53:42.085]: (0.3, 1.2, 0.7) 14
[12:53:42.102]: (0.3, 1.2, 0.7) 14
[12:53:42.119]: (0.3, 1.2, 0.7) 14
[12:53:42.151]: (0.3, 1.2, 0.7) 14
[12:53:42.168]: (0.3, 1.2, 0.6) 14
[12:53:42.185]: (0.3, 1.2, 0.6) 14
[12:53:42.201]: (0.3, 1.2, 0.6) 14
[12:53:42.220]: (0.3, 1.2, 0.6) 14
[12:53:42.236]: (0.3, 1.2, 0.6) 14
[12:53:42.253]: (0.3, 1.2, 0.6) 14
[12:53:42.269]: (0.3, 1.2, 0.6) 14
[12:53:42.286]: (0.3, 1.2, 0.7) 14
[12:53:42.303]: (0.3, 1.2, 0.7) 14
[12:53:42.320]: (0.3, 1.2, 0.7) 14
[12:53:42.336]: (0.3, 1.2, 0.7) 14
[12:53:42.353]: (0.3, 1.2, 0.7) 14
[12:53:42.370]: (0.3, 1.2, 0.7) 14
[12:53:42.519]: (0.3, 1.2, 0.7) 14
[12:53:45.722]: (0.2, 1.1, 0.6) 16
[12:53:45.745]: (0.2, 1.1, 0.6) 16
[12:53:45.767]: (0.2, 1.1, 0.6) 16
[12:53:45.786]: (0.2, 1.1, 0.6) 16
[12:53:45.805]: (0.2, 1.1, 0.6) 16
[12:53:45.823]: (0.2, 1.1, 0.6) 16
[12:53:45.842]: (0.2, 1.1, 0.6) 16
[12:53:45.860]: (0.2, 1.1, 0.6) 16
[12:53:45.877]: (0.2, 1.1, 0.6) 16
[12:53:45.897]: (0.2, 1.1, 0.6) 16
[12:53:45.919]: (0.2, 1.1, 0.6) 16
[12:53:45.942]: (0.2, 1.1, 0.6) 16
[12:53:45.963]: (0.2, 1.1, 0.6) 16
[12:53:45.986]: (0.2, 1.1, 0.6) 16
[12:53:46.008]: (0.2, 1.1, 0.6) 16
[12:53:46.030]: (0.2, 1.1, 0.6) 16
[12:53:46.054]: (0.2, 1.1, 0.6) 16
[12:53:46.075]: (0.2, 1.1, 0.6) 16
[12:53:46.098]: (0.2, 1.1, 0.6) 16
[12:53:46.252]: (-0.5, 2.1, 1.6) 31
[12:53:46.552]: (-0.6, 1.6, 1.1) 24
[12:53:46.568]: (-0.6, 1.5, 1.1) 24
[12:53:46.585]: (-0.7, 1.5, 1.1) 24
[12:53:46.603]: (-0.6, 1.5, 1.1) 24
[12:53:46.621]: (-0.6, 1.5, 1.1) 24
[12:53:46.651]: (-0.7, 1.5, 1.1) 24
[12:53:46.683]: (-0.7, 1.5, 1.1) 24
[12:53:46.729]: (-0.6, 1.5, 1.0) 23
[12:53:46.753]: (-0.6, 1.4, 1.0) 23
[12:53:46.773]: (-0.6, 1.4, 1.0) 23
[12:53:46.795]: (-0.6, 1.4, 1.0) 23
[12:53:46.973]: (-0.6, 1.4, 1.0) 23
[12:53:46.996]: (-0.6, 1.4, 1.0) 23
[12:53:47.018]: (-0.7, 1.4, 1.0) 23
[12:53:47.040]: (-0.7, 1.4, 1.0) 23
[12:53:47.062]: (-0.7, 1.4, 1.0) 23
[12:53:47.107]: (-0.6, 1.5, 1.0) 23
[12:53:47.130]: (-0.6, 1.5, 1.0) 23
[12:53:47.147]: (-0.6, 1.5, 1.0) 23
[12:53:47.164]: (-0.6, 1.5, 1.0) 23
[12:53:47.181]: (-0.6, 1.5, 1.0) 23
[12:53:47.198]: (-0.6, 1.5, 1.0) 23
[12:53:47.215]: (-0.6, 1.5, 1.0) 23
[12:53:47.234]: (-0.6, 1.5, 1.0) 23
[12:53:47.251]: (-0.6, 1.5, 1.0) 23
[12:53:47.266]: (-0.6, 1.5, 1.0) 23
[12:53:47.282]: (-0.6, 1.5, 1.0) 23
[12:53:47.299]: (-0.6, 1.4, 1.0) 23
[12:53:47.314]: (-0.6, 1.4, 1.0) 23
[12:53:47.331]: (-0.6, 1.4, 1.0) 23
[12:53:47.348]: (-0.6, 1.4, 1.0) 23
[12:53:47.366]: (-0.6, 1.5, 1.0) 23
[12:53:47.382]: (-0.6, 1.5, 1.0) 23
[12:53:47.399]: (-0.6, 1.5, 1.0) 23
[12:53:47.415]: (-0.6, 1.5, 1.0) 23
[12:53:47.433]: (-0.6, 1.5, 1.0) 23
[12:53:47.449]: (-0.6, 1.5, 1.0) 23
[12:53:47.466]: (-0.6, 1.5, 1.0) 23
[12:53:47.482]: (-0.6, 1.5, 1.0) 23
[12:53:47.499]: (-0.6, 1.5, 1.0) 23
[12:53:47.515]: (-0.6, 1.5, 1.0) 23
[12:53:47.533]: (-0.6, 1.5, 1.0) 23
[12:53:47.549]: (-0.6, 1.5, 1.1) 22
[12:53:47.566]: (-0.6, 1.5, 1.1) 22
[12:53:47.584]: (-0.6, 1.5, 1.0) 23
[12:53:47.607]: (-0.6, 1.5, 1.1) 22
[12:53:47.628]: (-0.6, 1.5, 1.1) 22
[12:53:47.652]: (-0.6, 1.5, 1.1) 22
[12:53:47.673]: (-0.6, 1.5, 1.1) 22
[12:53:47.696]: (-0.6, 1.5, 1.1) 22
[12:53:47.719]: (-0.6, 1.5, 1.1) 22
[12:53:47.739]: (-0.6, 1.5, 1.1) 22
[12:53:47.763]: (-0.6, 1.5, 1.1) 22
[12:53:47.784]: (-0.6, 1.5, 1.1) 22
[12:53:47.807]: (-0.6, 1.5, 1.1) 22
[12:53:47.829]: (-0.6, 1.5, 1.1) 22
[12:53:47.851]: (-0.6, 1.5, 1.1) 22
[12:53:47.873]: (-0.6, 1.5, 1.1) 22
[12:53:47.895]: (-0.5, 1.5, 1.1) 22
[12:53:47.940]: (-0.3, 1.9, 1.4) 27
[12:53:47.962]: (-0.3, 2.0, 1.6) 30
[12:53:48.081]: (-0.2, 1.9, 1.4) 27
[12:53:48.098]: (-0.2, 1.9, 1.4) 27
[12:53:48.116]: (-0.2, 1.9, 1.4) 27
[12:53:48.132]: (-0.2, 1.9, 1.5) 27
[12:53:48.148]: (-0.2, 1.9, 1.5) 27
[12:53:48.165]: (-0.2, 1.9, 1.5) 27
[12:53:48.182]: (-0.2, 1.9, 1.5) 28
[12:53:48.199]: (-0.2, 1.8, 1.4) 28
[12:53:48.215]: (-0.2, 1.8, 1.4) 28
[12:53:48.233]: (-0.2, 1.8, 1.4) 28
[12:53:48.251]: (-0.3, 1.8, 1.4) 28
[12:53:48.268]: (-0.3, 1.8, 1.5) 28
[12:53:48.284]: (-0.3, 1.8, 1.5) 28
[12:53:48.301]: (-0.3, 1.8, 1.5) 28
[12:53:48.317]: (-0.3, 1.8, 1.5) 28
[12:53:48.349]: (-0.3, 1.8, 1.5) 28
[12:53:48.616]: (-0.3, 1.9, 1.5) 28
[12:53:48.639]: (-0.3, 1.9, 1.5) 28
[12:53:48.661]: (-0.3, 1.9, 1.5) 28
[12:53:48.684]: (-0.3, 1.9, 1.5) 28
[12:53:48.706]: (-0.3, 1.9, 1.5) 28
[12:53:48.730]: (-0.3, 1.8, 1.5) 28
[12:53:48.752]: (-0.3, 1.8, 1.5) 28
[12:53:48.773]: (-0.3, 1.8, 1.5) 28
[12:53:49.071]: (-0.3, 1.8, 1.5) 28
[12:53:49.087]: (-0.3, 1.8, 1.4) 28
[12:53:49.106]: (-0.3, 1.8, 1.5) 28
[12:53:49.121]: (-0.3, 1.8, 1.5) 28
[12:53:49.138]: (-0.3, 1.8, 1.5) 28
[12:53:49.154]: (-0.3, 1.8, 1.5) 28
[12:53:49.171]: (-0.3, 1.8, 1.4) 28
[12:53:49.187]: (-0.3, 1.8, 1.5) 28
[12:53:49.203]: (-0.2, 1.8, 1.4) 28
[12:53:49.220]: (-0.2, 1.8, 1.4) 28
[12:53:49.237]: (-0.3, 1.8, 1.5) 28
[12:53:49.254]: (-0.2, 1.8, 1.4) 28
[12:53:49.272]: (-0.2, 1.8, 1.4) 28
[12:53:49.289]: (-0.2, 1.8, 1.4) 28
[12:53:49.305]: (-0.3, 1.8, 1.4) 28
[12:53:49.322]: (-0.3, 1.9, 1.5) 27
[12:53:49.338]: (-0.3, 1.9, 1.5) 27
[12:53:49.354]: (-0.3, 1.9, 1.5) 27
[12:53:49.372]: (-0.3, 1.9, 1.5) 27
[12:53:49.396]: (-0.3, 1.9, 1.5) 27
[12:53:49.483]: (-0.3, 2.0, 1.6) 30
[12:53:49.507]: (-0.3, 2.0, 1.6) 30
[12:53:49.528]: (-0.3, 2.0, 1.6) 30
[12:53:49.551]: (-0.2, 2.0, 1.6) 30
[12:53:49.572]: (-0.3, 1.9, 1.5) 27
[12:53:49.595]: (-0.2, 1.9, 1.4) 27
[12:53:49.617]: (-0.2, 1.9, 1.4) 27
[12:53:49.640]: (-0.2, 1.9, 1.4) 27
[12:53:49.661]: (-0.2, 1.9, 1.4) 27
[12:53:49.683]: (-0.2, 1.9, 1.4) 27
[12:53:49.706]: (-0.2, 1.9, 1.4) 27
[12:53:49.789]: (-0.3, 1.9, 1.5) 27
[12:53:49.805]: (-0.3, 1.9, 1.5) 27
[12:53:49.881]: (-0.3, 1.9, 1.5) 27
[12:53:49.958]: (-0.3, 1.9, 1.5) 27
[12:53:49.990]: (-0.3, 1.9, 1.5) 27
[12:53:50.006]: (-0.3, 1.9, 1.5) 27
[12:53:50.098]: (-0.2, 1.9, 1.4) 27
[12:53:50.114]: (-0.2, 1.9, 1.4) 27
[12:53:50.131]: (-0.2, 1.9, 1.4) 27
[12:53:50.146]: (-0.2, 1.9, 1.4) 27
[12:53:50.163]: (-0.2, 1.9, 1.4) 27
[12:53:50.180]: (-0.2, 1.9, 1.5) 27
[12:53:50.196]: (-0.2, 1.9, 1.5) 27
[12:53:50.212]: (-0.2, 1.9, 1.5) 27
[12:53:50.231]: (-0.2, 1.9, 1.5) 28
[12:53:50.250]: (-0.2, 1.9, 1.4) 27
[12:53:50.272]: (-0.2, 1.9, 1.5) 27
[12:53:50.295]: (-0.2, 1.9, 1.5) 27
[12:53:50.317]: (-0.2, 1.9, 1.5) 27
[12:53:50.339]: (-0.2, 1.9, 1.5) 28
[12:53:50.362]: (-0.2, 1.9, 1.5) 28
[12:53:50.383]: (-0.2, 1.9, 1.5) 28
[12:53:50.405]: (-0.2, 1.9, 1.5) 28
[12:53:50.427]: (-0.3, 1.9, 1.5) 27
[12:53:50.451]: (-0.2, 1.9, 1.4) 27
[12:53:50.472]: (-0.2, 1.9, 1.5) 27
[12:53:50.495]: (-0.3, 1.9, 1.5) 27
[12:53:50.516]: (-0.3, 1.9, 1.5) 27
[12:53:50.539]: (-0.3, 1.9, 1.5) 28
[12:53:50.561]: (-0.2, 1.9, 1.5) 28
[12:53:50.583]: (-0.2, 1.9, 1.5) 28
[12:53:50.606]: (-0.2, 1.9, 1.5) 28
[12:53:50.628]: (-0.2, 1.9, 1.5) 28
[12:53:50.652]: (-0.2, 1.9, 1.5) 28
[12:53:50.670]: (-0.2, 1.9, 1.4) 27
[12:53:50.687]: (-0.2, 1.9, 1.4) 29
[12:53:50.704]: (-0.2, 1.9, 1.4) 29
[12:53:50.722]: (-0.2, 1.9, 1.4) 29
[12:53:50.739]: (-0.2, 1.9, 1.4) 29
[12:53:50.756]: (-0.2, 1.9, 1.4) 29
[12:53:50.774]: (-0.1, 1.9, 1.4) 29
[12:53:50.790]: (-0.1, 1.9, 1.4) 29
[12:53:50.806]: (-0.1, 1.9, 1.4) 29
[12:53:50.823]: (-0.1, 1.9, 1.4) 29
[12:53:50.840]: (-0.1, 1.9, 1.4) 29
[12:53:50.857]: (-0.1, 1.9, 1.4) 29
[12:53:50.874]: (-0.1, 1.9, 1.4) 29
[12:53:50.892]: (-0.1, 1.9, 1.4) 29
[12:53:50.908]: (-0.1, 1.9, 1.4) 29
[12:53:50.925]: (-0.1, 1.9, 1.4) 29
[12:53:50.942]: (-0.1, 1.9, 1.4) 29
[12:53:50.959]: (-0.1, 1.9, 1.4) 29
[12:53:50.975]: (-0.1, 1.9, 1.4) 29
[12:53:50.993]: (-0.1, 1.9, 1.4) 29
[12:53:51.009]: (-0.1, 1.9, 1.4) 29
[12:53:51.024]: (-0.1, 1.9, 1.4) 29
[12:53:51.041]: (-0.1, 1.9, 1.4) 29
[12:53:51.057]: (-0.1, 1.9, 1.4) 29
[12:53:51.073]: (-0.1, 1.9, 1.4) 29
[12:53:51.095]: (-0.1, 1.9, 1.4) 29
[12:53:51.118]: (-0.1, 1.9, 1.4) 29
[12:53:51.138]: (-0.2, 1.9, 1.4) 29
[12:53:51.161]: (-0.2, 1.9, 1.4) 29
[12:53:51.205]: (-0.3, 1.9, 1.5) 27
[12:53:51.294]: (-0.3, 1.9, 1.5) 28
[12:53:51.340]: (-0.3, 1.9, 1.5) 27
[12:53:51.384]: (-0.3, 1.9, 1.5) 27
[12:53:51.405]: (-0.3, 1.9, 1.5) 27
[12:53:51.800]: (-0.3, 1.9, 1.5) 27
[12:53:51.820]: (-0.3, 1.9, 1.5) 27
[12:53:51.837]: (-0.3, 1.9, 1.5) 27
[12:53:51.855]: (-0.3, 1.9, 1.5) 27
[12:53:52.518]: (-0.2, 1.9, 1.4) 27
[12:53:52.535]: (-0.2, 1.9, 1.4) 27
[12:53:52.554]: (-0.3, 1.9, 1.4) 27
[12:53:52.570]: (-0.3, 1.9, 1.4) 27
