[13:06:40.023]: (-2.5, -1.7, 0.0) 26
[13:06:40.629]: (-2.5, -2.3, 0.0) 32
[13:06:40.649]: (-2.5, -2.2, 0.0) 29
[13:06:40.692]: (-3.1, -1.9, 0.0) 31
[13:06:40.713]: (-2.7, -1.3, 0.1) 25
[13:06:40.737]: (-2.7, -1.3, 0.1) 25
[13:06:40.759]: (-3.2, -1.8, 0.3) 30
[13:06:40.780]: (-3.2, -1.6, 0.3) 27
[13:06:40.824]: (-3.2, -1.5, 0.5) 29
[13:06:41.169]: (-2.2, 1.1, 2.4) 25
[13:06:41.191]: (-2.0, 1.2, 2.4) 23
[13:06:41.212]: (-2.0, 1.3, 2.5) 22
[13:06:41.233]: (-1.9, 1.4, 2.5) 25
[13:06:41.254]: (-1.8, 1.5, 2.5) 25
[13:06:41.275]: (-1.7, 1.5, 2.6) 25
[13:06:41.298]: (-1.7, 1.6, 2.6) 25
[13:06:41.321]: (-1.6, 1.7, 2.6) 25
[13:06:42.196]: (-1.2, 2.0, 2.1) 16
[13:06:42.308]: (-1.5, 2.0, 2.1) 19
[13:06:42.421]: (-1.2, 1.9, 1.5) 13
[13:06:42.444]: (-1.2, 1.9, 1.5) 13
[13:06:42.467]: (-1.2, 1.9, 1.5) 13
[13:06:42.491]: (-1.1, 1.9, 1.5) 13
[13:06:42.513]: (-1.1, 1.9, 1.5) 13
[13:06:42.537]: (-1.1, 1.9, 1.5) 13
[13:06:42.558]: (-1.1, 1.9, 1.5) 13
[13:06:42.580]: (-1.1, 1.9, 1.5) 13
[13:06:42.603]: (-1.1, 1.9, 1.5) 13
[13:06:42.625]: (-1.0, 1.9, 1.4) 11
[13:06:42.648]: (-1.0, 1.9, 1.4) 11
[13:06:42.670]: (-1.0, 1.9, 1.4) 11
[13:06:42.692]: (-1.0, 1.9, 1.4) 11
[13:06:42.715]: (-0.9, 1.9, 1.4) 11
[13:06:42.739]: (-0.9, 2.0, 1.4) 11
[13:06:42.821]: (-0.9, 2.0, 1.4) 13
[13:06:42.843]: (-0.9, 2.0, 1.4) 13
[13:06:42.865]: (-0.9, 2.0, 1.4) 13
[13:06:42.888]: (-0.9, 2.0, 1.3) 13
[13:06:42.911]: (-0.9, 2.0, 1.3) 13
[13:06:43.057]: (-0.7, 2.4, 1.9) 14
[13:06:44.185]: (-0.1, 2.5, 2.0) 25
[13:06:44.207]: (-0.1, 2.4, 1.9) 22
[13:06:44.231]: (-0.1, 2.4, 2.0) 25
[13:06:44.254]: (-0.2, 2.4, 2.0) 25
[13:06:44.274]: (-0.2, 2.4, 2.0) 22
[13:06:44.296]: (-0.2, 2.4, 1.9) 22
[13:06:44.319]: (-0.2, 2.3, 1.9) 22
[13:06:44.341]: (-0.2, 2.3, 2.0) 22
[13:06:44.362]: (-0.2, 2.3, 2.0) 22
[13:06:44.384]: (-0.2, 2.3, 1.9) 23
[13:06:44.407]: (-0.1, 2.3, 1.9) 23
[13:06:44.429]: (-0.1, 2.3, 1.9) 23
[13:06:44.452]: (-0.2, 2.3, 1.9) 22
[13:06:44.474]: (-0.2, 2.3, 2.0) 22
[13:06:46.474]: (0.2, 2.5, 1.6) 23
[13:06:46.494]: (0.2, 2.5, 1.5) 23
[13:06:46.516]: (0.2, 2.5, 1.5) 23
[13:06:46.539]: (0.2, 2.5, 1.5) 23
[13:06:46.673]: (0.2, 2.4, 1.6) 23
[13:06:46.695]: (0.2, 2.4, 1.6) 23
[13:06:46.717]: (0.2, 2.4, 1.6) 23
[13:06:47.524]: (-0.4, 2.4, 1.3) 25
[13:06:47.880]: (-0.3, 2.2, 1.3) 23
[13:06:47.897]: (-0.3, 2.2, 1.3) 23
[13:06:47.962]: (-0.3, 2.2, 1.3) 23
[13:06:48.249]: (-0.3, 2.2, 1.1) 23
[13:06:48.271]: (-0.3, 2.1, 1.1) 23
[13:06:48.462]: (-0.5, 2.1, 1.1) 25
[13:06:48.486]: (-0.5, 2.1, 1.1) 25
[13:06:48.506]: (-0.4, 2.1, 1.1) 25
[13:06:48.527]: (-0.4, 2.1, 1.1) 25
[13:06:48.551]: (-0.4, 2.1, 1.1) 25
[13:06:48.570]: (-0.4, 2.1, 1.1) 25
[13:06:48.593]: (-0.4, 2.1, 1.1) 25
[13:06:48.615]: (-0.4, 2.0, 1.2) 25
[13:06:48.637]: (-0.4, 2.0, 1.2) 25
[13:06:50.927]: (-0.4, 2.0, 1.1) 22
[13:06:51.038]: (-0.4, 1.9, 1.1) 22
[13:06:53.647]: (-0.4, 1.8, 1.0) 23
[13:06:53.662]: (-0.4, 1.8, 0.9) 23
[13:06:53.680]: (-0.4, 1.8, 0.9) 23
[13:06:53.697]: (-0.4, 1.8, 0.9) 23
[13:06:53.713]: (-0.4, 1.8, 0.9) 23
[13:06:53.731]: (-0.4, 1.8, 0.9) 23
[13:06:53.747]: (-0.4, 1.8, 0.9) 23
[13:06:53.765]: (-0.4, 1.8, 0.9) 23
[13:06:53.781]: (-0.4, 1.8, 0.9) 23
[13:06:53.800]: (-0.4, 1.8, 0.9) 23
[13:06:53.816]: (-0.4, 1.8, 0.9) 23
[13:06:53.832]: (-0.4, 1.8, 0.9) 23
[13:06:53.847]: (-0.4, 1.8, 0.9) 23
[13:06:53.867]: (-0.4, 1.8, 1.0) 23
[13:06:53.883]: (-0.4, 1.8, 1.0) 23
[13:06:54.403]: (-0.4, 1.8, 1.0) 23
[13:06:54.425]: (-0.4, 1.7, 1.0) 23
[13:06:54.442]: (-0.4, 1.7, 1.0) 23
[13:06:54.460]: (-0.4, 1.7, 1.0) 23
[13:06:54.476]: (-0.4, 1.7, 1.0) 23
[13:06:54.493]: (-0.4, 1.7, 1.0) 23
[13:06:54.511]: (-0.4, 1.7, 1.0) 23
[13:06:54.526]: (-0.4, 1.7, 1.0) 23
[13:06:54.543]: (-0.4, 1.7, 1.0) 23
[13:06:54.561]: (-0.4, 1.7, 1.0) 23
[13:06:54.578]: (-0.4, 1.7, 1.0) 23
[13:06:54.595]: (-0.4, 1.7, 1.0) 23
[13:06:54.612]: (-0.4, 1.7, 1.0) 23
[13:06:54.628]: (-0.4, 1.7, 1.0) 23
[13:06:54.646]: (-0.4, 1.7, 1.0) 23
[13:06:54.664]: (-0.4, 1.7, 1.0) 23
[13:06:54.682]: (-0.4, 1.7, 1.0) 23
[13:06:54.697]: (-0.4, 1.7, 1.0) 23
[13:06:54.714]: (-0.4, 1.7, 1.0) 23
[13:06:54.730]: (-0.4, 1.7, 1.0) 23
[13:06:54.749]: (-0.4, 1.7, 1.0) 23
[13:06:54.772]: (-0.4, 1.7, 1.0) 23
[13:06:54.791]: (-0.4, 1.7, 1.0) 23
[13:06:54.809]: (-0.4, 1.7, 1.0) 23
[13:06:54.841]: (-0.4, 1.7, 1.0) 23
[13:06:54.860]: (-0.4, 1.7, 1.0) 23
[13:06:54.877]: (-0.4, 1.7, 1.0) 23
[13:06:54.894]: (-0.4, 1.7, 1.0) 23
[13:06:54.917]: (-0.4, 1.7, 1.0) 23
