[12:54:33.503]: (-2.2, -1.2, -0.1) 4
[12:54:33.568]: (-2.5, -1.3, -0.1) 3
[12:54:33.655]: (-2.4, -1.2, 0.0) 2
[12:54:33.725]: (-2.4, -1.2, 0.0) 2
[12:54:33.765]: (-2.3, -1.2, -0.1) 1
[12:54:33.789]: (-2.3, -1.2, -0.1) 1
[12:54:33.812]: (-2.3, -1.2, -0.1) 1
[12:54:33.856]: (-1.4, -1.9, 0.0) 38
[12:54:33.877]: (-1.2, -1.7, 0.0) 33
[12:54:33.900]: (-1.0, -1.2, -0.1) 17
[12:54:33.923]: (-1.0, -1.2, -0.1) 17
[12:54:33.951]: (-0.9, -0.9, -0.1) 16
[12:54:33.971]: (-0.9, -0.9, -0.1) 16
[12:54:33.991]: (-0.9, -0.9, -0.1) 16
[12:54:34.084]: (-1.0, -1.1, 0.0) 18
[12:54:34.109]: (-1.0, -1.1, -0.1) 18
[12:54:34.139]: (-1.0, -0.9, -0.1) 13
[12:54:34.391]: (-1.8, -0.1, 0.5) 13
[12:54:34.414]: (-1.8, 0.0, 0.5) 9
[12:54:34.435]: (-1.8, 0.2, 0.5) 9
[12:54:34.457]: (-1.9, 0.3, 0.6) 9
[12:54:34.481]: (-1.9, 0.4, 0.8) 12
[12:54:34.504]: (-1.9, 0.5, 0.9) 12
[12:54:34.544]: (-1.8, 0.8, 0.9) 15
[12:54:34.565]: (-1.7, 0.9, 0.9) 15
[12:54:34.588]: (-1.7, 1.0, 1.0) 15
[12:54:34.628]: (-2.2, 1.1, 1.8) 32
[12:54:34.671]: (-2.1, 1.3, 2.0) 34
[12:54:34.733]: (-1.8, 1.5, 2.2) 38
[12:54:34.767]: (-1.8, 1.5, 2.2) 38
[12:54:34.799]: (-1.6, 1.5, 2.0) 33
[12:54:34.833]: (-1.5, 1.5, 2.1) 33
[12:54:34.968]: (-0.1, 2.2, 2.2) 2
[12:54:35.266]: (-0.2, 2.4, 2.0) 8
[12:54:35.355]: (-0.4, 2.5, 2.1) 7
[12:54:35.377]: (-0.4, 2.5, 2.0) 7
[12:54:35.399]: (-0.4, 2.5, 2.0) 7
[12:54:35.443]: (-0.3, 2.6, 2.0) 2
[12:54:35.467]: (-0.3, 2.6, 2.0) 7
[12:54:35.644]: (-1.3, 2.5, 1.7) 32
[12:54:35.666]: (-0.9, 2.1, 0.9) 15
[12:54:35.688]: (-0.9, 2.1, 0.9) 15
[12:54:35.711]: (-0.9, 2.2, 0.9) 15
[12:54:35.733]: (-0.9, 2.1, 0.9) 15
[12:54:35.755]: (-0.8, 2.2, 1.0) 15
[12:54:35.776]: (-0.8, 2.1, 1.0) 15
[12:54:35.800]: (-0.7, 2.1, 1.0) 15
[12:54:35.822]: (-0.7, 2.1, 1.0) 15
[12:54:35.843]: (-0.8, 2.6, 1.8) 35
[12:54:35.864]: (-0.8, 2.6, 1.9) 31
[12:54:35.888]: (-0.6, 2.1, 1.1) 15
[12:54:35.910]: (-0.7, 2.5, 2.0) 31
[12:54:35.976]: (-0.6, 2.0, 1.2) 15
[12:54:35.999]: (-0.6, 1.9, 1.2) 10
[12:54:36.021]: (-0.6, 1.9, 1.2) 15
[12:54:36.043]: (-0.6, 1.9, 1.2) 15
[12:54:36.065]: (-0.6, 1.8, 1.3) 15
[12:54:36.087]: (-0.6, 1.8, 1.3) 15
[12:54:36.112]: (-0.7, 2.0, 2.1) 37
[12:54:36.133]: (-0.7, 2.0, 2.1) 37
[12:54:36.156]: (-0.7, 2.0, 2.1) 37
[12:54:36.180]: (-0.7, 2.0, 2.1) 37
[12:54:36.447]: (-0.4, 1.7, 1.3) 15
[12:54:36.469]: (-0.3, 2.0, 2.2) 32
[12:54:36.492]: (-0.3, 2.0, 2.2) 32
[12:54:36.536]: (-0.1, 2.0, 2.4) 38
[12:54:36.558]: (-0.1, 2.0, 2.4) 38
[12:54:36.578]: (-0.1, 2.0, 2.3) 38
[12:54:36.601]: (-0.2, 1.9, 2.1) 33
[12:54:36.624]: (-0.2, 1.9, 2.1) 33
[12:54:36.646]: (-0.2, 1.9, 2.1) 33
[12:54:36.666]: (-0.2, 1.9, 2.1) 33
[12:54:36.690]: (-0.2, 1.9, 2.1) 33
[12:54:36.711]: (-0.2, 1.9, 2.1) 33
[12:54:36.734]: (-0.2, 1.9, 2.1) 33
[12:54:36.756]: (-0.2, 1.9, 2.1) 33
[12:54:36.777]: (-0.2, 1.9, 2.1) 33
[12:54:36.798]: (-0.2, 1.8, 2.2) 33
[12:54:36.821]: (-0.4, 1.7, 1.4) 15
[12:54:36.862]: (-0.5, 1.6, 1.4) 9
[12:54:36.884]: (-0.5, 1.6, 1.4) 9
[12:54:36.907]: (-0.5, 1.6, 1.4) 9
[12:54:36.928]: (-0.5, 1.6, 1.5) 12
[12:54:36.950]: (-0.5, 1.6, 1.4) 9
[12:54:36.972]: (-0.5, 1.6, 1.4) 9
[12:54:36.993]: (-0.5, 1.5, 1.4) 9
[12:54:37.016]: (-0.5, 1.6, 1.4) 9
[12:54:37.059]: (-0.5, 1.6, 1.4) 9
[12:54:37.081]: (-0.5, 1.5, 1.4) 9
[12:54:37.104]: (-0.4, 1.5, 1.4) 9
[12:54:37.127]: (-0.5, 1.6, 1.4) 9
[12:54:37.158]: (-0.5, 1.6, 1.4) 9
[12:54:37.181]: (-0.5, 1.6, 1.4) 9
[12:54:37.202]: (-0.5, 1.6, 1.4) 9
[12:54:37.222]: (-0.5, 1.5, 1.4) 9
[12:54:37.243]: (-0.5, 1.5, 1.4) 9
[12:54:37.261]: (-0.5, 1.5, 1.4) 9
[12:54:37.277]: (-0.5, 1.5, 1.4) 9
[12:54:37.297]: (-0.5, 1.5, 1.4) 9
[12:54:37.332]: (-0.5, 1.5, 1.4) 9
[12:54:37.365]: (-0.5, 1.6, 1.4) 9
[12:54:37.466]: (2.4, 1.9, 2.6) 26
[12:54:37.798]: (1.2, 1.7, 1.9) 8
[12:54:37.833]: (1.1, 1.7, 2.0) 7
[12:54:37.867]: (1.1, 1.7, 2.0) 7
[12:54:38.275]: (1.1, 1.7, 1.9) 8
[12:54:38.342]: (0.0, 2.0, 2.4) 38
[12:54:38.452]: (-0.6, 1.7, 1.5) 12
[12:54:38.477]: (-0.5, 1.7, 1.5) 12
[12:54:38.520]: (-0.4, 1.6, 1.4) 10
[12:54:38.541]: (-0.4, 1.6, 1.4) 10
[12:54:38.565]: (-0.3, 1.7, 1.4) 10
[12:54:38.586]: (-0.3, 1.7, 1.6) 17
[12:54:38.610]: (-0.3, 1.7, 1.6) 17
[12:54:38.631]: (-0.3, 1.7, 1.6) 17
[12:54:38.654]: (-0.3, 1.7, 1.6) 17
[12:54:38.675]: (-0.3, 1.7, 1.6) 17
[12:54:38.696]: (-0.3, 1.7, 1.6) 17
[12:54:38.719]: (-0.3, 1.7, 1.6) 17
[12:54:38.741]: (-0.3, 1.7, 1.6) 17
[12:54:38.766]: (-0.3, 1.7, 1.6) 17
[12:54:38.790]: (-0.3, 1.7, 1.6) 17
[12:54:38.815]: (-0.3, 1.6, 1.4) 10
[12:54:38.834]: (-0.3, 1.6, 1.4) 10
[12:54:38.858]: (-0.4, 1.6, 1.4) 10
[12:54:38.881]: (-0.5, 1.6, 1.4) 14
[12:54:38.901]: (-0.5, 1.6, 1.4) 9
[12:54:38.923]: (-0.5, 1.6, 1.3) 14
[12:54:38.946]: (-0.5, 1.6, 1.3) 14
[12:54:38.968]: (-0.5, 1.6, 1.3) 14
[12:54:38.989]: (-0.5, 1.6, 1.3) 14
[12:54:39.013]: (-0.5, 1.5, 1.4) 9
[12:54:39.035]: (-0.5, 1.6, 1.4) 9
[12:54:39.056]: (-0.5, 1.6, 1.4) 9
[12:54:39.079]: (-0.5, 1.5, 1.4) 9
[12:54:39.101]: (-0.5, 1.5, 1.4) 9
[12:54:39.122]: (-0.5, 1.5, 1.4) 9
[12:54:39.145]: (-0.5, 1.5, 1.4) 9
[12:54:39.168]: (-0.5, 1.5, 1.4) 9
[12:54:39.190]: (-0.5, 1.5, 1.4) 9
[12:54:39.213]: (-0.5, 1.5, 1.4) 9
[12:54:39.235]: (-0.5, 1.5, 1.4) 9
[12:54:39.255]: (-0.5, 1.5, 1.4) 9
[12:54:39.280]: (-0.5, 1.5, 1.4) 9
[12:54:39.297]: (-0.5, 1.5, 1.4) 9
[12:54:39.314]: (-0.5, 1.5, 1.4) 9
[12:54:39.331]: (-0.5, 1.6, 1.4) 9
[12:54:39.349]: (-0.5, 1.6, 1.4) 9
[12:54:39.365]: (-0.5, 1.6, 1.4) 9
[12:54:39.383]: (-0.5, 1.6, 1.4) 9
[12:54:39.399]: (-0.5, 1.6, 1.4) 9
[12:54:39.417]: (-0.4, 1.6, 1.6) 18
[12:54:39.435]: (-0.4, 1.6, 1.5) 11
[12:54:39.453]: (-0.4, 1.6, 1.5) 11
[12:54:39.471]: (-0.3, 1.5, 1.3) 16
[12:54:39.808]: (1.2, 1.7, 1.8) 8
[12:54:39.830]: (1.1, 1.8, 1.9) 2
[12:54:40.009]: (1.0, 1.7, 1.8) 6
[12:54:40.031]: (1.1, 1.7, 1.8) 1
[12:54:40.052]: (1.1, 1.8, 1.8) 1
[12:54:40.075]: (1.1, 1.8, 1.8) 1
[12:54:40.097]: (1.1, 1.8, 1.8) 1
[12:54:40.360]: (0.9, 1.8, 1.8) 1
[12:54:40.422]: (0.8, 1.9, 1.8) 4
[12:54:40.444]: (0.8, 1.9, 1.8) 1
[12:54:40.465]: (0.8, 1.9, 1.8) 1
[12:54:40.486]: (0.8, 1.8, 1.8) 1
[12:54:40.503]: (0.8, 1.9, 1.8) 4
[12:54:40.522]: (0.8, 1.9, 1.8) 1
[12:54:40.698]: (2.0, 2.3, 2.6) 25
[12:54:40.763]: (2.0, 2.3, 2.6) 25
[12:54:40.786]: (2.1, 2.3, 2.5) 21
[12:54:40.807]: (2.1, 2.3, 2.5) 21
[12:54:40.830]: (2.1, 2.3, 2.5) 21
[12:54:40.853]: (2.1, 2.3, 2.5) 21
[12:54:40.896]: (2.0, 2.4, 2.4) 24
[12:54:40.918]: (2.1, 2.3, 2.5) 21
[12:54:40.940]: (2.0, 2.3, 2.5) 25
[12:54:40.986]: (2.0, 2.3, 2.5) 25
[12:54:41.008]: (2.0, 2.3, 2.5) 25
[12:54:41.030]: (2.0, 2.2, 2.5) 25
[12:54:41.074]: (2.2, 2.4, 2.7) 27
[12:54:41.197]: (-0.2, 1.8, 2.3) 38
[12:54:41.213]: (-0.3, 1.8, 2.3) 34
[12:54:41.228]: (-0.4, 1.7, 2.1) 32
[12:54:41.244]: (-0.4, 1.7, 2.1) 32
[12:54:41.261]: (-0.4, 1.7, 2.1) 32
[12:54:41.277]: (-0.4, 1.8, 2.1) 32
[12:54:41.294]: (-0.4, 1.8, 2.1) 32
[12:54:41.379]: (-0.4, 1.8, 2.2) 34
[12:54:41.400]: (-0.3, 1.8, 2.2) 34
[12:54:41.420]: (-0.3, 1.9, 2.3) 38
[12:54:41.442]: (-0.3, 1.8, 2.2) 38
[12:54:41.464]: (-0.3, 1.9, 2.2) 38
[12:54:41.486]: (-0.3, 1.9, 2.2) 38
[12:54:41.506]: (-0.2, 1.9, 2.2) 38
[12:54:41.633]: (2.1, 2.9, 2.2) 30
[12:54:42.152]: (1.4, 3.4, 2.2) 22
[12:54:42.185]: (1.3, 3.3, 2.2) 25
[12:54:42.252]: (1.2, 3.2, 2.2) 25
[12:54:42.285]: (1.2, 3.2, 2.2) 25
[12:54:42.663]: (-0.9, 1.5, 2.0) 35
[12:54:42.685]: (-0.9, 1.5, 2.0) 35
[12:54:42.707]: (-0.8, 1.5, 2.0) 31
[12:54:42.729]: (-0.8, 1.5, 2.1) 31
[12:54:42.752]: (-0.8, 1.5, 2.0) 31
[12:54:42.774]: (-0.9, 1.5, 2.0) 35
[12:54:42.795]: (-0.8, 1.5, 2.0) 31
[12:54:42.819]: (-0.8, 1.5, 2.0) 31
[12:54:42.885]: (-0.8, 1.5, 2.0) 31
[12:54:42.929]: (-0.8, 1.5, 2.2) 36
[12:54:42.951]: (-0.8, 1.5, 2.0) 31
[12:54:42.974]: (-0.8, 1.5, 2.0) 31
[12:54:42.996]: (-0.8, 1.5, 2.2) 36
[12:54:43.018]: (-0.8, 1.5, 2.1) 31
[12:54:43.040]: (-0.8, 1.5, 2.1) 31
[12:54:43.064]: (-0.8, 1.5, 2.0) 31
[12:54:43.084]: (-0.8, 1.5, 2.0) 31
[12:54:43.107]: (-0.9, 1.4, 2.0) 37
[12:54:43.129]: (-0.9, 1.4, 2.0) 37
[12:54:43.152]: (-0.9, 1.4, 2.0) 37
[12:54:43.355]: (-0.6, 1.2, 1.5) 17
[12:54:43.378]: (-0.5, 1.1, 1.2) 15
[12:54:43.398]: (-0.5, 1.1, 1.2) 15
[12:54:43.420]: (-0.4, 1.1, 1.2) 15
[12:54:43.443]: (-0.4, 1.1, 1.4) 11
[12:54:43.643]: (-0.5, 1.2, 1.2) 10
[12:54:43.666]: (-0.5, 1.3, 1.1) 15
[12:54:43.688]: (-0.5, 1.3, 1.1) 15
[12:54:43.710]: (-0.5, 1.3, 1.2) 10
[12:54:43.732]: (-0.5, 1.3, 1.2) 10
[12:54:43.756]: (-0.5, 1.3, 1.1) 10
[12:54:43.778]: (-0.5, 1.3, 1.1) 10
[12:54:43.801]: (-0.5, 1.3, 1.1) 10
[12:54:44.026]: (-0.8, 1.7, 1.1) 17
[12:54:44.047]: (-0.9, 1.8, 1.1) 17
[12:54:44.069]: (-0.9, 1.8, 1.1) 17
[12:54:44.092]: (-0.8, 1.7, 0.8) 15
[12:54:44.115]: (-0.9, 1.8, 1.0) 17
[12:54:44.136]: (-0.9, 1.9, 1.0) 17
[12:54:44.159]: (-1.0, 1.9, 1.0) 17
[12:54:44.256]: (-0.9, 1.9, 0.6) 15
[12:54:44.338]: (-1.0, 2.0, 0.5) 10
[12:54:44.360]: (-1.0, 2.0, 0.5) 10
[12:54:44.382]: (-1.0, 2.0, 0.5) 10
[12:54:44.461]: (-1.0, 2.1, 0.3) 10
[12:54:44.482]: (-1.0, 2.3, 0.4) 11
[12:54:44.502]: (-1.1, 2.3, 0.3) 11
[12:54:44.524]: (-1.0, 2.3, 0.3) 11
[12:54:44.544]: (-1.0, 2.3, 0.3) 11
[12:54:44.585]: (-1.0, 2.4, 0.3) 11
[12:54:44.608]: (-0.9, 2.4, 0.3) 11
[12:54:44.630]: (-0.9, 2.2, 0.2) 10
[12:54:44.651]: (-0.8, 2.2, 0.2) 10
[12:54:44.673]: (-0.8, 2.2, 0.2) 10
[12:54:44.695]: (-0.8, 2.2, 0.2) 10
[12:54:44.717]: (-0.8, 2.2, 0.1) 16
[12:54:44.741]: (-0.7, 2.2, 0.1) 16
[12:54:44.763]: (-0.7, 2.2, 0.1) 16
[12:54:44.783]: (-0.7, 2.2, 0.1) 16
[12:54:44.805]: (-0.7, 2.2, 0.1) 16
[12:54:44.969]: (-0.4, 2.3, 0.2) 16
[12:54:45.110]: (-0.3, 2.5, 0.4) 18
[12:54:45.132]: (-0.3, 2.5, 0.4) 18
[12:54:45.154]: (-0.2, 2.4, 0.5) 18
[12:54:45.175]: (-0.2, 2.2, 0.4) 10
[12:54:45.195]: (-0.1, 2.2, 0.4) 10
[12:54:45.216]: (-0.1, 2.2, 0.4) 10
[12:54:45.237]: (-0.1, 2.2, 0.4) 10
[12:54:45.259]: (-0.1, 2.2, 0.4) 10
[12:54:45.281]: (-0.1, 2.2, 0.4) 10
[12:54:45.297]: (-0.1, 2.2, 0.4) 10
[12:54:45.314]: (-0.1, 2.2, 0.4) 10
[12:54:45.331]: (-0.1, 2.2, 0.5) 10
[12:54:45.428]: (-0.1, 2.2, 0.4) 10
[12:54:45.450]: (-0.1, 2.2, 0.4) 10
[12:54:45.474]: (-0.1, 2.2, 0.4) 10
[12:54:45.495]: (-0.1, 2.2, 0.4) 10
[12:54:45.517]: (-0.1, 2.2, 0.4) 10
[12:54:45.538]: (-0.1, 2.2, 0.4) 10
[12:54:45.561]: (-0.2, 2.2, 0.4) 16
[12:54:45.584]: (-0.2, 2.3, 0.7) 17
[12:54:45.607]: (-0.2, 2.3, 0.7) 17
[12:54:45.627]: (-0.2, 2.8, 1.2) 31
[12:54:45.926]: (-0.2, 2.4, 0.7) 17
[12:54:45.942]: (-0.3, 2.7, 1.2) 32
[12:54:45.973]: (-0.3, 2.6, 1.2) 33
[12:54:45.991]: (-0.3, 2.6, 1.2) 33
[12:54:46.008]: (-0.3, 2.6, 1.2) 33
[12:54:46.025]: (-0.4, 2.6, 1.2) 33
[12:54:46.042]: (-0.4, 2.7, 1.4) 34
[12:54:46.059]: (-0.3, 2.6, 1.2) 33
[12:54:46.076]: (-0.4, 2.7, 1.4) 38
[12:54:46.235]: (-1.4, 1.8, 1.3) 8
[12:54:46.251]: (-1.4, 1.8, 1.3) 8
[12:54:46.268]: (-1.4, 1.8, 1.3) 8
[12:54:46.284]: (-1.4, 1.8, 1.3) 8
[12:54:46.300]: (-1.4, 1.9, 1.3) 8
[12:54:46.318]: (-1.4, 1.8, 1.3) 8
[12:54:46.361]: (-1.4, 2.0, 1.3) 7
[12:54:46.383]: (-1.4, 2.0, 1.3) 7
[12:54:46.450]: (-1.4, 1.8, 1.3) 8
[12:54:46.472]: (-2.6, 1.9, 2.5) 27
[12:54:46.493]: (-2.4, 1.8, 2.3) 21
[12:54:46.517]: (-2.5, 1.9, 2.5) 27
[12:54:46.538]: (-2.4, 1.8, 2.3) 21
[12:54:46.561]: (-2.4, 1.8, 2.3) 21
[12:54:46.583]: (-2.4, 1.8, 2.3) 21
[12:54:46.606]: (-2.4, 1.8, 2.4) 21
[12:54:46.629]: (-2.3, 1.9, 2.3) 25
[12:54:46.649]: (-2.3, 1.9, 2.4) 25
[12:54:46.825]: (-0.2, 2.1, 0.4) 16
[12:54:46.841]: (-0.1, 2.2, 0.4) 10
[12:54:46.859]: (0.0, 2.3, 0.5) 12
[12:54:46.874]: (0.0, 2.3, 0.5) 12
[12:54:46.891]: (0.0, 2.3, 0.5) 12
[12:54:46.908]: (-0.1, 2.2, 0.4) 10
[12:54:46.925]: (-0.1, 2.2, 0.4) 10
[12:54:46.940]: (-0.1, 2.2, 0.4) 10
[12:54:46.957]: (-0.1, 2.2, 0.5) 10
[12:54:46.974]: (-0.1, 2.2, 0.5) 10
[12:54:46.990]: (-0.1, 2.2, 0.5) 10
[12:54:47.006]: (-0.1, 2.2, 0.5) 15
[12:54:47.025]: (-0.1, 2.2, 0.5) 10
[12:54:47.041]: (-0.1, 2.2, 0.5) 10
[12:54:47.058]: (-0.1, 2.2, 0.5) 10
[12:54:47.074]: (-0.1, 2.2, 0.5) 10
[12:54:47.091]: (-0.1, 2.2, 0.5) 10
[12:54:47.107]: (-0.1, 2.2, 0.5) 10
[12:54:47.124]: (-0.2, 2.2, 0.4) 10
[12:54:47.140]: (-0.2, 2.2, 0.4) 10
[12:54:47.158]: (-0.2, 2.2, 0.4) 16
[12:54:47.173]: (-0.2, 2.2, 0.4) 10
[12:54:47.191]: (-0.2, 2.2, 0.4) 10
[12:54:47.207]: (-0.2, 2.2, 0.4) 10
[12:54:47.225]: (-0.2, 2.2, 0.4) 10
[12:54:47.243]: (-0.1, 2.2, 0.4) 10
[12:54:47.260]: (-0.1, 2.2, 0.4) 10
[12:54:47.284]: (-0.1, 2.2, 0.4) 10
[12:54:47.304]: (-0.1, 2.2, 0.4) 10
[12:54:47.327]: (-0.2, 2.2, 0.4) 10
[12:54:47.350]: (-0.1, 2.2, 0.4) 10
[12:54:47.371]: (-0.1, 2.2, 0.4) 10
[12:54:47.394]: (-0.1, 2.2, 0.4) 10
[12:54:47.416]: (-0.1, 2.2, 0.4) 10
[12:54:47.439]: (-0.2, 2.2, 0.4) 10
[12:54:47.460]: (-0.2, 2.2, 0.4) 10
[12:54:47.483]: (-0.2, 2.2, 0.4) 16
[12:54:47.505]: (-0.2, 2.1, 0.4) 16
[12:54:47.550]: (-0.3, 2.6, 1.2) 33
[12:54:47.571]: (-0.3, 2.6, 1.2) 33
[12:54:47.594]: (-0.3, 2.6, 1.2) 33
[12:54:47.616]: (-0.3, 2.7, 1.4) 38
[12:54:47.638]: (-0.3, 2.7, 1.4) 38
[12:54:47.660]: (-0.3, 2.7, 1.4) 38
[12:54:47.680]: (-0.3, 2.7, 1.4) 38
[12:54:47.701]: (-0.3, 2.7, 1.3) 38
[12:54:47.724]: (-0.3, 2.7, 1.4) 38
[12:54:47.747]: (-0.3, 2.6, 1.4) 38
[12:54:47.872]: (-1.4, 1.9, 1.3) 2
[12:54:47.894]: (-1.3, 2.0, 1.3) 7
[12:54:48.262]: (-1.2, 1.7, 1.4) 8
[12:54:48.285]: (-1.2, 1.7, 1.4) 8
[12:54:48.307]: (-1.2, 1.6, 1.6) 0
[12:54:48.329]: (-1.2, 1.6, 1.6) 0
[12:54:48.353]: (-1.2, 1.6, 1.6) 0
[12:54:48.373]: (-1.2, 1.6, 1.6) 0
[12:54:48.395]: (-1.2, 1.6, 1.6) 0
[12:54:48.417]: (-1.1, 1.6, 1.6) 3
[12:54:48.439]: (-1.1, 1.6, 1.6) 3
[12:54:48.462]: (-1.2, 1.6, 1.6) 0
[12:54:48.483]: (-1.2, 1.6, 1.6) 0
[12:54:48.500]: (-1.2, 1.6, 1.6) 0
[12:54:48.538]: (-2.2, 1.7, 2.4) 21
[12:54:48.561]: (-2.2, 1.6, 2.4) 21
[12:54:48.583]: (-2.2, 1.6, 2.4) 21
[12:54:48.605]: (-2.2, 1.6, 2.4) 21
[12:54:48.626]: (-2.2, 1.6, 2.4) 21
[12:54:48.649]: (-2.2, 1.6, 2.4) 21
[12:54:48.671]: (-2.2, 1.6, 2.4) 24
[12:54:48.694]: (-2.2, 1.6, 2.4) 24
[12:54:48.733]: (-2.2, 1.6, 2.4) 24
[12:54:48.750]: (-2.2, 1.6, 2.4) 24
[12:54:48.796]: (-2.3, 1.6, 2.5) 22
[12:54:48.827]: (-2.4, 1.6, 2.5) 22
[12:54:48.843]: (-2.3, 1.6, 2.5) 22
[12:54:48.922]: (-2.2, 1.6, 2.4) 21
[12:54:48.961]: (-2.2, 1.6, 2.4) 21
[12:54:49.010]: (-0.9, 1.8, 1.6) 5
[12:54:49.127]: (0.4, 1.8, 0.6) 9
[12:54:49.164]: (0.5, 1.8, 0.6) 14
[12:54:49.184]: (0.4, 1.7, 0.6) 14
[12:54:49.206]: (0.4, 1.7, 0.6) 14
[12:54:49.228]: (0.4, 1.8, 0.6) 14
[12:54:49.271]: (0.5, 1.8, 0.8) 12
[12:54:49.294]: (0.4, 1.8, 0.8) 12
[12:54:49.317]: (0.4, 1.8, 0.8) 12
[12:54:49.338]: (0.4, 1.8, 0.8) 12
[12:54:49.361]: (0.4, 1.8, 0.8) 12
[12:54:49.384]: (0.4, 1.8, 0.8) 12
[12:54:49.406]: (0.4, 1.8, 0.8) 12
[12:54:49.428]: (0.3, 1.7, 0.7) 10
[12:54:49.450]: (0.2, 1.7, 0.7) 10
[12:54:49.471]: (0.2, 1.7, 0.7) 10
[12:54:49.496]: (0.2, 1.7, 0.7) 10
[12:54:49.517]: (0.2, 1.7, 0.7) 10
[12:54:49.538]: (0.3, 1.8, 1.0) 17
[12:54:49.561]: (0.4, 2.0, 1.6) 35
[12:54:50.006]: (0.3, 1.9, 1.6) 32
[12:54:50.025]: (0.2, 1.9, 1.6) 32
[12:54:50.042]: (0.3, 1.9, 1.6) 32
[12:54:50.064]: (0.3, 1.9, 1.6) 32
[12:54:50.082]: (0.2, 1.9, 1.6) 32
[12:54:50.104]: (0.2, 1.9, 1.6) 32
[12:54:50.128]: (0.2, 1.9, 1.6) 32
[12:54:50.150]: (0.3, 1.9, 1.6) 32
[12:54:50.174]: (0.3, 1.9, 1.6) 32
[12:54:50.301]: (0.2, 1.9, 1.5) 32
[12:54:50.904]: (-1.2, 1.4, 1.5) 0
[12:54:51.003]: (-1.2, 1.4, 1.5) 0
[12:54:51.336]: (-2.2, 1.2, 2.3) 24
[12:54:51.691]: (-1.2, 1.4, 1.5) 0
[12:54:51.714]: (-1.2, 1.4, 1.5) 0
[12:54:51.737]: (-1.2, 1.4, 1.5) 0
[12:54:51.760]: (-1.2, 1.4, 1.5) 0
[12:54:51.782]: (-1.2, 1.4, 1.5) 0
[12:54:51.806]: (-1.2, 1.4, 1.5) 0
[12:54:51.827]: (-1.2, 1.4, 1.5) 0
[12:54:51.851]: (-1.2, 1.4, 1.5) 0
[12:54:51.876]: (-1.1, 1.5, 1.4) 2
[12:54:51.894]: (-1.1, 1.5, 1.4) 2
[12:54:51.917]: (-1.1, 1.5, 1.4) 2
[12:54:51.962]: (-1.1, 1.5, 1.4) 2
[12:54:52.007]: (-1.1, 1.5, 1.5) 2
[12:54:52.095]: (-1.1, 1.5, 1.4) 2
[12:54:52.119]: (-1.1, 1.5, 1.4) 2
[12:54:52.141]: (-1.1, 1.5, 1.4) 2
[12:54:52.163]: (-1.1, 1.5, 1.4) 2
[12:54:52.185]: (-1.1, 1.5, 1.4) 2
[12:54:52.207]: (-1.1, 1.5, 1.4) 2
[12:54:52.229]: (-1.1, 1.5, 1.4) 2
[12:54:52.252]: (-1.1, 1.5, 1.3) 8
[12:54:52.275]: (-1.1, 1.5, 1.3) 8
[12:54:52.342]: (-2.2, 1.8, 2.1) 24
[12:54:52.363]: (-2.2, 1.9, 2.1) 24
[12:54:52.608]: (-1.8, 2.7, 2.2) 29
[12:54:52.631]: (-1.7, 2.8, 2.2) 29
[12:54:52.652]: (-1.6, 2.8, 2.2) 23
[12:54:52.673]: (-1.5, 2.8, 2.2) 30
[12:54:52.696]: (-1.5, 2.8, 2.1) 26
[12:54:52.718]: (-1.4, 2.8, 2.0) 26
[12:54:52.947]: (-1.6, 2.7, 2.0) 21
[12:54:52.968]: (-1.7, 2.6, 2.0) 21
[12:54:52.992]: (-1.7, 2.6, 2.1) 21
[12:54:53.014]: (-1.8, 2.7, 2.1) 22
[12:54:53.059]: (-1.8, 2.7, 2.1) 22
[12:54:53.080]: (-1.7, 2.7, 2.1) 22
[12:54:53.102]: (-1.7, 2.6, 2.0) 24
[12:54:53.125]: (-1.7, 2.7, 2.1) 22
[12:54:53.146]: (-1.8, 2.7, 2.1) 22
[12:54:53.169]: (-1.7, 2.6, 2.0) 21
[12:54:53.191]: (-1.7, 2.7, 2.0) 21
[12:54:53.213]: (-1.6, 2.7, 2.0) 21
[12:54:53.236]: (-1.7, 2.7, 2.0) 21
[12:54:53.257]: (-1.7, 2.6, 2.0) 24
[12:54:53.279]: (-1.7, 2.6, 2.0) 24
[12:54:53.302]: (-1.7, 2.6, 2.0) 24
[12:54:53.324]: (-1.7, 2.6, 2.0) 24
[12:54:53.341]: (-1.7, 2.6, 2.0) 24
[12:54:53.357]: (-1.7, 2.6, 2.0) 24
[12:54:53.374]: (-1.6, 2.6, 2.0) 24
[12:54:53.391]: (-1.7, 2.6, 2.1) 21
[12:54:53.408]: (-1.6, 2.6, 2.0) 24
[12:54:53.426]: (-1.7, 2.6, 2.0) 24
[12:54:53.443]: (-1.7, 2.6, 2.0) 24
[12:54:53.491]: (-1.7, 2.5, 2.0) 24
[12:54:53.537]: (-1.7, 2.6, 2.0) 24
[12:54:53.553]: (-1.7, 2.6, 2.0) 24
[12:54:53.572]: (-1.7, 2.6, 1.9) 24
[12:54:53.589]: (-1.7, 2.6, 2.0) 24
[12:54:53.606]: (-1.7, 2.6, 2.0) 24
[12:54:53.701]: (-1.7, 2.6, 2.0) 24
[12:54:53.723]: (-1.7, 2.6, 2.0) 24
[12:54:53.744]: (-1.7, 2.6, 2.0) 24
[12:54:53.768]: (-1.7, 2.6, 2.0) 24
[12:54:53.890]: (-1.5, 2.8, 2.0) 25
[12:54:53.911]: (-1.4, 2.9, 1.9) 25
[12:54:54.003]: (-1.2, 3.0, 1.9) 21
[12:54:54.036]: (-1.2, 3.0, 1.8) 21
[12:54:54.069]: (-1.1, 3.0, 1.8) 24
[12:54:54.102]: (-1.1, 3.0, 1.8) 24
[12:54:54.169]: (-1.1, 2.9, 1.8) 24
[12:54:54.203]: (-1.0, 2.9, 1.8) 24
[12:54:54.236]: (-1.0, 2.9, 1.8) 24
[12:54:54.735]: (-0.7, 2.3, 1.2) 3
[12:54:54.760]: (-0.5, 2.2, 1.0) 6
[12:54:55.202]: (0.3, 0.9, 1.8) 37
[12:54:55.224]: (0.3, 1.0, 1.8) 37
[12:54:55.246]: (0.3, 0.9, 1.8) 37
[12:54:55.268]: (0.2, 0.9, 1.8) 37
[12:54:55.314]: (0.2, 0.9, 1.8) 37
[12:54:55.380]: (0.0, 0.9, 1.8) 32
[12:54:55.403]: (0.0, 0.9, 1.8) 32
[12:54:55.425]: (0.0, 0.9, 1.8) 32
[12:54:55.447]: (0.0, 0.9, 1.8) 32
[12:54:55.469]: (0.0, 0.9, 1.8) 32
[12:54:55.493]: (0.0, 0.9, 1.8) 32
[12:54:55.514]: (0.0, 0.9, 1.9) 32
[12:54:55.537]: (0.0, 0.9, 1.8) 32
[12:54:55.559]: (0.0, 0.9, 1.7) 33
[12:54:55.581]: (0.0, 0.9, 1.8) 32
[12:54:55.605]: (0.0, 0.9, 1.8) 32
[12:54:55.626]: (0.0, 0.9, 1.8) 32
[12:54:55.648]: (0.0, 1.0, 1.7) 33
[12:54:55.671]: (0.0, 1.0, 1.7) 33
[12:54:55.692]: (0.0, 0.9, 1.7) 33
[12:54:55.716]: (0.0, 1.0, 1.7) 33
[12:54:55.737]: (0.0, 1.0, 1.7) 33
[12:54:55.760]: (0.0, 1.0, 1.7) 33
[12:54:55.781]: (0.0, 1.0, 1.7) 33
[12:54:55.805]: (0.0, 1.0, 1.7) 33
[12:54:55.826]: (0.0, 1.0, 1.7) 33
[12:54:55.848]: (0.0, 1.0, 1.7) 33
[12:54:55.865]: (0.0, 1.0, 1.7) 33
[12:54:55.883]: (0.0, 1.0, 1.7) 33
[12:54:55.901]: (0.0, 1.0, 1.7) 33
[12:54:55.919]: (0.0, 1.0, 1.7) 33
[12:54:55.937]: (0.0, 1.0, 1.7) 33
[12:54:55.955]: (0.0, 1.0, 1.7) 33
[12:54:55.974]: (0.0, 1.0, 1.7) 33
[12:54:55.991]: (0.0, 1.0, 1.7) 33
[12:54:56.006]: (0.0, 1.0, 1.7) 33
[12:54:56.024]: (0.0, 1.0, 1.7) 33
[12:54:56.042]: (0.0, 1.0, 1.7) 33
[12:54:56.060]: (-0.1, 1.0, 1.7) 33
[12:54:56.092]: (-0.1, 0.9, 1.9) 34
[12:54:56.109]: (-0.1, 0.9, 1.9) 34
[12:54:56.126]: (-0.1, 0.9, 1.9) 34
[12:54:56.143]: (-0.1, 0.9, 1.9) 34
[12:54:56.161]: (-0.1, 0.9, 1.9) 34
[12:54:56.179]: (-0.1, 0.9, 1.9) 34
[12:54:56.646]: (0.1, 2.4, 1.4) 34
[12:54:57.013]: (0.0, 2.4, 1.1) 33
[12:54:57.146]: (0.1, 2.5, 1.4) 36
[12:54:57.180]: (0.1, 2.4, 1.3) 31
[12:54:57.202]: (0.0, 2.4, 1.3) 31
[12:54:57.223]: (0.0, 2.4, 1.2) 32
[12:54:57.244]: (-0.1, 2.3, 1.2) 33
[12:54:57.269]: (-0.1, 2.3, 1.2) 33
[12:54:57.491]: (-0.2, 2.3, 1.4) 34
[12:54:57.512]: (-0.2, 2.3, 1.4) 34
[12:54:57.534]: (-0.2, 2.4, 1.4) 34
[12:54:57.644]: (-0.1, 2.3, 1.3) 32
[12:54:57.711]: (0.0, 2.4, 1.2) 32
[12:54:57.735]: (0.0, 2.4, 1.2) 32
[12:54:57.755]: (0.0, 2.4, 1.2) 32
[12:54:57.778]: (0.0, 2.4, 1.2) 32
[12:54:57.801]: (0.0, 2.4, 1.2) 32
[12:54:57.824]: (0.0, 2.4, 1.2) 32
[12:54:57.845]: (0.0, 2.4, 1.2) 32
[12:54:57.868]: (0.0, 2.4, 1.3) 32
[12:54:57.889]: (-0.1, 2.3, 1.3) 32
[12:54:58.270]: (0.0, 2.4, 1.3) 31
[12:54:58.470]: (0.2, 2.0, 0.4) 16
[12:54:58.487]: (0.2, 1.9, 0.4) 16
[12:54:58.503]: (0.4, 2.1, 0.6) 12
[12:54:58.521]: (0.2, 1.9, 0.4) 16
[12:54:58.537]: (0.4, 2.1, 0.6) 12
[12:54:58.554]: (0.3, 2.1, 0.6) 12
[12:54:58.572]: (0.2, 1.9, 0.4) 16
[12:54:58.590]: (0.2, 1.9, 0.4) 16
[12:54:58.608]: (0.2, 1.9, 0.4) 16
[12:54:58.626]: (0.2, 1.9, 0.4) 16
[12:54:58.643]: (0.2, 1.9, 0.4) 16
[12:54:58.659]: (0.2, 1.9, 0.4) 16
[12:54:58.676]: (0.2, 1.9, 0.4) 16
[12:54:58.693]: (0.2, 1.9, 0.4) 16
[12:54:58.710]: (0.1, 1.9, 0.4) 16
[12:54:58.727]: (0.1, 1.9, 0.5) 16
[12:54:58.743]: (0.2, 1.9, 0.5) 10
[12:54:58.760]: (0.2, 1.9, 0.5) 10
[12:54:58.776]: (0.2, 1.9, 0.5) 10
[12:54:58.793]: (0.2, 1.9, 0.5) 10
[12:54:58.809]: (0.2, 1.9, 0.5) 10
[12:54:58.968]: (0.2, 1.9, 0.6) 10
[12:54:58.988]: (0.2, 1.9, 0.5) 10
[12:54:59.011]: (0.2, 1.9, 0.5) 10
[12:54:59.033]: (0.2, 1.9, 0.5) 10
[12:54:59.055]: (0.2, 1.9, 0.5) 10
[12:54:59.078]: (0.2, 1.9, 0.5) 10
[12:54:59.100]: (0.2, 1.9, 0.5) 10
[12:54:59.122]: (0.2, 1.9, 0.5) 10
[12:54:59.145]: (0.2, 1.9, 0.5) 10
[12:54:59.168]: (0.2, 1.9, 0.5) 10
[12:54:59.189]: (0.2, 1.9, 0.5) 10
[12:54:59.210]: (0.2, 1.9, 0.5) 10
[12:54:59.233]: (0.2, 1.9, 0.5) 10
[12:54:59.255]: (0.2, 1.9, 0.5) 10
[12:54:59.276]: (0.2, 1.9, 0.5) 10
[12:54:59.300]: (0.2, 1.9, 0.5) 10
[12:54:59.322]: (0.2, 1.9, 0.5) 10
[12:54:59.345]: (0.2, 1.9, 0.5) 10
[12:54:59.362]: (0.2, 1.9, 0.5) 10
[12:54:59.381]: (0.2, 1.9, 0.5) 10
[12:54:59.399]: (0.2, 1.9, 0.5) 10
[12:54:59.415]: (0.2, 1.9, 0.5) 10
[12:54:59.432]: (0.2, 1.9, 0.5) 10
[12:54:59.450]: (0.2, 1.9, 0.5) 10
[12:54:59.468]: (0.2, 1.9, 0.5) 10
[12:54:59.485]: (0.2, 1.9, 0.5) 10
[12:54:59.503]: (0.2, 1.9, 0.5) 10
[12:54:59.520]: (0.2, 1.9, 0.5) 10
[12:54:59.537]: (0.2, 1.9, 0.5) 10
[12:54:59.555]: (0.2, 1.9, 0.5) 10
[12:54:59.573]: (0.2, 1.9, 0.5) 10
[12:54:59.591]: (0.2, 1.9, 0.5) 10
[12:54:59.608]: (0.2, 1.9, 0.5) 10
[12:54:59.624]: (0.2, 1.9, 0.5) 10
[12:54:59.639]: (0.2, 1.9, 0.5) 10
[12:54:59.655]: (0.2, 1.9, 0.5) 10
[12:54:59.672]: (0.2, 1.9, 0.5) 10
[12:54:59.688]: (0.2, 1.9, 0.5) 10
[12:54:59.707]: (0.2, 1.9, 0.5) 10
[12:54:59.724]: (0.2, 1.9, 0.5) 10
[12:54:59.741]: (0.2, 1.9, 0.5) 10
[12:54:59.758]: (0.2, 1.9, 0.5) 15
[12:54:59.775]: (0.2, 1.9, 0.5) 15
[12:54:59.791]: (0.2, 1.9, 0.5) 10
[12:54:59.810]: (0.2, 1.9, 0.5) 10
[12:54:59.833]: (0.2, 1.9, 0.5) 10
[12:54:59.856]: (0.2, 1.9, 0.5) 10
[12:54:59.878]: (0.2, 1.9, 0.5) 10
[12:54:59.899]: (0.2, 1.9, 0.5) 10
[12:54:59.922]: (0.2, 1.9, 0.5) 10
[12:54:59.944]: (0.2, 1.9, 0.5) 10
[12:54:59.966]: (0.2, 1.9, 0.5) 10
[12:54:59.988]: (0.2, 1.9, 0.5) 10
[12:55:00.010]: (0.2, 1.9, 0.5) 10
[12:55:00.033]: (0.2, 1.9, 0.5) 10
[12:55:00.057]: (0.2, 1.9, 0.5) 10
[12:55:00.077]: (0.2, 1.9, 0.5) 10
[12:55:00.101]: (0.2, 1.9, 0.5) 10
[12:55:00.122]: (0.2, 1.9, 0.5) 10
[12:55:00.144]: (0.2, 1.9, 0.5) 10
[12:55:00.167]: (0.2, 1.9, 0.5) 10
[12:55:00.189]: (0.2, 1.9, 0.5) 10
[12:55:00.210]: (0.2, 1.9, 0.5) 10
[12:55:00.233]: (0.2, 1.9, 0.5) 10
[12:55:00.255]: (0.2, 1.9, 0.5) 10
[12:55:00.277]: (0.2, 1.9, 0.5) 10
[12:55:00.298]: (0.2, 1.9, 0.5) 10
[12:55:00.321]: (0.2, 1.9, 0.5) 10
[12:55:00.343]: (0.2, 1.9, 0.5) 10
[12:55:00.385]: (0.2, 1.9, 0.5) 15
[12:55:00.483]: (0.1, 1.9, 0.4) 10
[12:55:00.505]: (0.1, 1.9, 0.4) 10
[12:55:00.529]: (0.1, 1.9, 0.3) 16
[12:55:00.549]: (0.1, 1.9, 0.3) 16
[12:55:00.571]: (0.1, 1.9, 0.3) 16
[12:55:00.593]: (0.1, 1.9, 0.3) 16
[12:55:00.615]: (0.1, 1.9, 0.3) 16
[12:55:00.636]: (0.1, 1.9, 0.3) 16
[12:55:00.658]: (0.1, 1.9, 0.3) 16
[12:55:00.680]: (0.1, 1.8, 0.3) 16
[12:55:00.701]: (0.0, 1.8, 0.3) 16
[12:55:00.723]: (0.0, 1.8, 0.3) 16
[12:55:00.747]: (0.1, 2.0, 0.4) 11
[12:55:00.828]: (0.1, 2.0, 0.5) 12
[12:55:00.850]: (0.1, 2.0, 0.5) 12
[12:55:00.871]: (0.1, 2.0, 0.5) 12
[12:55:00.894]: (0.1, 2.0, 0.5) 12
[12:55:00.916]: (0.1, 1.9, 0.5) 12
[12:55:00.937]: (0.0, 1.8, 0.3) 10
[12:55:00.958]: (0.0, 1.8, 0.3) 10
[12:55:00.989]: (0.0, 1.8, 0.3) 10
[12:55:01.023]: (-0.1, 1.8, 0.3) 10
[12:55:01.056]: (-0.1, 1.8, 0.3) 10
[12:55:01.089]: (-0.1, 1.8, 0.3) 10
[12:55:01.123]: (0.0, 1.9, 0.6) 17
[12:55:01.155]: (-0.1, 1.8, 0.3) 10
[12:55:01.188]: (-0.1, 1.8, 0.3) 10
[12:55:01.223]: (-0.1, 1.8, 0.3) 10
[12:55:01.256]: (-0.2, 1.8, 0.3) 16
[12:55:01.288]: (-0.2, 1.8, 0.2) 16
[12:55:01.324]: (-0.2, 1.8, 0.2) 16
[12:55:01.355]: (-0.2, 1.8, 0.2) 16
[12:55:01.388]: (-0.2, 1.8, 0.3) 16
[12:55:01.422]: (-0.2, 1.8, 0.3) 16
[12:55:01.455]: (-0.2, 1.8, 0.3) 16
[12:55:01.489]: (-0.2, 1.9, 0.4) 11
[12:55:01.521]: (-0.2, 1.8, 0.3) 16
[12:55:01.555]: (-0.2, 1.8, 0.2) 16
[12:55:01.589]: (-0.2, 1.8, 0.2) 16
[12:55:01.622]: (-0.2, 1.8, 0.2) 16
[12:55:01.643]: (-0.2, 1.8, 0.3) 16
[12:55:01.665]: (-0.2, 1.8, 0.3) 16
[12:55:01.688]: (-0.2, 1.8, 0.3) 16
[12:55:01.710]: (-0.2, 1.8, 0.3) 16
[12:55:01.732]: (-0.2, 1.8, 0.3) 10
[12:55:01.754]: (-0.2, 1.8, 0.3) 10
[12:55:01.777]: (-0.2, 1.9, 0.3) 10
[12:55:02.242]: (-0.2, 2.0, 0.4) 11
[12:55:02.266]: (-0.2, 2.0, 0.4) 11
[12:55:02.287]: (-0.2, 2.0, 0.4) 11
[12:55:02.445]: (-0.2, 2.0, 0.4) 11
[12:55:02.468]: (-0.2, 2.0, 0.4) 11
[12:55:02.492]: (-0.2, 2.0, 0.4) 11
[12:55:02.514]: (-0.2, 2.0, 0.4) 11
[12:55:02.537]: (-0.2, 2.0, 0.4) 11
[12:55:02.558]: (-0.2, 2.0, 0.4) 11
[12:55:02.580]: (-0.2, 2.0, 0.4) 11
[12:55:02.603]: (-0.2, 2.0, 0.4) 11
[12:55:02.625]: (-0.2, 2.0, 0.4) 11
[12:55:02.651]: (-0.2, 2.0, 0.4) 11
[12:55:02.669]: (-0.2, 2.0, 0.4) 11
[12:55:02.692]: (-0.2, 2.0, 0.4) 11
[12:55:02.714]: (-0.2, 2.0, 0.4) 11
[12:55:02.736]: (-0.2, 2.0, 0.4) 11
[12:55:02.759]: (-0.2, 2.0, 0.4) 11
[12:55:02.781]: (-0.2, 2.0, 0.4) 11
[12:55:02.803]: (-0.2, 2.0, 0.4) 11
[12:55:02.827]: (-0.2, 2.0, 0.4) 11
[12:55:02.847]: (-0.2, 2.0, 0.4) 11
[12:55:02.872]: (-0.2, 2.0, 0.4) 11
[12:55:02.891]: (-0.2, 2.0, 0.4) 11
[12:55:02.908]: (-0.2, 2.0, 0.4) 11
[12:55:02.926]: (-0.2, 2.0, 0.4) 11
[12:55:02.943]: (-0.2, 1.8, 0.2) 16
[12:55:02.960]: (-0.2, 1.8, 0.2) 16
[12:55:02.976]: (-0.2, 1.8, 0.2) 16
[12:55:02.993]: (-0.2, 1.8, 0.2) 16
[12:55:03.011]: (-0.2, 1.8, 0.2) 16
[12:55:03.029]: (-0.2, 1.8, 0.2) 16
[12:55:03.048]: (-0.2, 1.8, 0.2) 16
[12:55:03.066]: (-0.2, 1.8, 0.2) 16
[12:55:03.084]: (-0.2, 1.8, 0.2) 16
[12:55:03.102]: (-0.2, 1.8, 0.2) 16
[12:55:03.121]: (-0.2, 1.8, 0.2) 16
[12:55:03.141]: (-0.2, 1.8, 0.2) 16
[12:55:03.158]: (-0.2, 1.8, 0.2) 16
[12:55:03.175]: (-0.2, 1.8, 0.2) 16
[12:55:03.192]: (-0.2, 1.8, 0.2) 16
[12:55:03.210]: (-0.2, 1.8, 0.2) 16
[12:55:03.229]: (-0.2, 1.8, 0.2) 16
[12:55:03.251]: (-0.2, 1.8, 0.2) 16
[12:55:03.269]: (-0.2, 1.8, 0.2) 16
[12:55:03.285]: (-0.2, 1.8, 0.2) 16
[12:55:03.303]: (-0.2, 1.8, 0.2) 16
[12:55:03.324]: (-0.2, 1.8, 0.2) 16
[12:55:03.341]: (-0.2, 1.8, 0.2) 16
[12:55:03.358]: (-0.2, 1.8, 0.2) 16
[12:55:03.375]: (-0.2, 1.8, 0.2) 16
[12:55:03.395]: (-0.2, 1.8, 0.2) 16
[12:55:03.412]: (-0.2, 1.8, 0.3) 16
[12:55:03.431]: (-0.2, 1.8, 0.3) 16
[12:55:03.455]: (-0.2, 1.8, 0.3) 16
[12:55:03.475]: (-0.2, 1.8, 0.3) 16
[12:55:03.499]: (-0.2, 1.8, 0.3) 16
[12:55:03.523]: (-0.2, 1.8, 0.3) 16
[12:55:03.542]: (-0.2, 1.8, 0.3) 16
[12:55:03.564]: (-0.2, 1.8, 0.3) 16
[12:55:03.588]: (-0.2, 1.8, 0.3) 16
[12:55:03.611]: (-0.2, 1.8, 0.3) 16
[12:55:03.632]: (-0.2, 1.8, 0.3) 16
[12:55:03.653]: (-0.2, 1.8, 0.3) 16
[12:55:03.675]: (-0.2, 1.8, 0.3) 16
[12:55:03.699]: (-0.2, 1.8, 0.3) 16
[12:55:03.720]: (-0.2, 1.8, 0.3) 16
[12:55:03.743]: (-0.2, 1.8, 0.3) 16
[12:55:03.765]: (-0.2, 1.8, 0.3) 16
[12:55:03.786]: (-0.2, 1.8, 0.3) 16
[12:55:03.810]: (-0.2, 1.8, 0.3) 16
[12:55:03.828]: (-0.2, 1.8, 0.3) 16
[12:55:03.845]: (-0.2, 1.8, 0.3) 16
[12:55:03.862]: (-0.2, 1.8, 0.3) 16
[12:55:03.878]: (-0.2, 1.8, 0.3) 16
[12:55:03.894]: (-0.2, 1.8, 0.3) 16
[12:55:03.910]: (-0.2, 1.8, 0.3) 16
[12:55:03.934]: (-0.2, 1.8, 0.3) 16
[12:55:03.955]: (-0.2, 1.8, 0.3) 16
[12:55:03.971]: (-0.2, 1.8, 0.3) 16
[12:55:03.987]: (-0.2, 1.8, 0.3) 16
[12:55:04.004]: (-0.2, 1.8, 0.3) 16
[12:55:04.023]: (-0.2, 1.8, 0.3) 16
[12:55:04.039]: (-0.2, 1.8, 0.3) 16
[12:55:04.055]: (-0.2, 1.8, 0.3) 16
[12:55:04.077]: (-0.2, 1.8, 0.3) 16
