[13:00:02.801]: (-1.2, -1.1, 0.0) 20
[13:00:02.821]: (-1.1, -1.1, 0.0) 20
[13:00:02.839]: (-1.1, -1.1, 0.0) 20
[13:00:02.857]: (-1.1, -1.1, 0.0) 20
[13:00:02.873]: (-1.1, -1.2, -0.1) 20
[13:00:02.935]: (-1.4, -2.1, 0.0) 11
[13:00:02.968]: (-1.4, -2.0, 0.0) 11
[13:00:03.001]: (-1.4, -2.0, 0.0) 11
[13:00:03.035]: (-1.4, -2.0, 0.0) 11
[13:00:03.068]: (-1.4, -2.0, 0.0) 11
[13:00:03.101]: (-1.4, -2.0, 0.0) 11
[13:00:03.135]: (-1.4, -2.0, 0.0) 11
[13:00:03.169]: (-1.5, -1.2, 0.0) 19
[13:00:03.368]: (-1.4, -0.3, 0.0) 6
[13:00:03.402]: (-1.4, -0.3, -0.1) 6
[13:00:03.501]: (-2.1, -1.3, 0.1) 31
[13:00:03.535]: (-2.0, -1.3, 0.1) 31
[13:00:03.568]: (-2.0, -1.3, 0.1) 31
[13:00:04.863]: (-2.3, -0.6, 1.5) 30
[13:00:04.906]: (-2.7, -0.7, 1.8) 22
[13:00:04.931]: (-2.7, -0.7, 1.9) 22
[13:00:04.953]: (-1.6, 0.3, 0.8) 5
[13:00:05.038]: (-2.0, 0.1, 1.3) 25
[13:00:05.141]: (-2.7, -0.1, 2.3) 22
[13:00:05.343]: (-2.6, 0.9, 2.8) 1
[13:00:05.386]: (-2.5, 1.1, 2.9) 1
[13:00:05.406]: (-1.9, 1.1, 2.1) 4
[13:00:05.667]: (-1.2, 1.3, 1.6) 7
[13:00:05.702]: (-1.2, 1.4, 1.4) 6
[13:00:05.733]: (-1.1, 1.4, 1.4) 6
[13:00:05.767]: (-1.1, 1.4, 1.4) 6
[13:00:05.801]: (-1.0, 1.5, 1.4) 6
[13:00:05.836]: (-1.0, 1.5, 1.4) 6
[13:00:05.870]: (-1.0, 1.6, 1.3) 6
[13:00:05.902]: (-1.0, 1.6, 1.4) 6
[13:00:05.935]: (-1.0, 1.6, 1.4) 5
[13:00:05.969]: (-0.9, 1.7, 1.4) 5
[13:00:06.000]: (-0.9, 1.7, 1.4) 5
[13:00:06.034]: (-1.3, 2.2, 2.3) 31
[13:00:06.067]: (-1.3, 2.2, 2.3) 31
[13:00:06.100]: (-1.2, 2.2, 2.3) 31
[13:00:06.135]: (-1.1, 2.3, 2.4) 31
[13:00:06.445]: (-0.7, 2.3, 2.4) 30
[13:00:06.489]: (-0.7, 2.3, 2.5) 31
[13:00:06.511]: (-0.7, 2.3, 2.4) 31
[13:00:06.556]: (-0.4, 1.9, 1.4) 6
[13:00:06.577]: (-0.3, 1.9, 1.4) 6
[13:00:06.600]: (-0.3, 1.9, 1.4) 6
[13:00:06.622]: (-0.3, 1.9, 1.4) 6
[13:00:06.644]: (-0.3, 2.0, 1.5) 7
[13:00:06.666]: (-0.4, 2.0, 1.5) 7
[13:00:06.689]: (-0.3, 2.0, 1.5) 7
[13:00:06.710]: (-0.3, 2.0, 1.4) 6
[13:00:06.956]: (-0.4, 2.3, 2.4) 31
[13:00:06.977]: (-0.4, 2.3, 2.4) 31
[13:00:06.999]: (-0.4, 2.3, 2.4) 31
[13:00:07.045]: (-0.6, 2.0, 2.1) 19
[13:00:07.404]: (-0.4, 1.9, 1.8) 21
[13:00:07.426]: (-0.4, 1.9, 1.8) 21
[13:00:07.461]: (-0.3, 2.1, 2.0) 19
[13:00:07.495]: (-0.3, 2.1, 2.0) 19
[13:00:07.512]: (-0.3, 2.1, 2.0) 19
[13:00:07.528]: (-0.3, 2.1, 2.0) 19
[13:00:07.545]: (-0.3, 2.1, 2.0) 19
[13:00:07.563]: (-0.3, 2.1, 1.9) 19
[13:00:07.580]: (-0.3, 2.1, 1.9) 19
[13:00:07.598]: (-0.3, 2.1, 1.9) 19
[13:00:07.614]: (-0.3, 2.1, 1.9) 19
[13:00:07.631]: (-0.3, 2.1, 1.9) 19
[13:00:07.648]: (-0.3, 2.1, 2.0) 19
[13:00:07.665]: (-0.3, 2.1, 2.0) 19
[13:00:07.681]: (-0.3, 2.1, 1.9) 19
[13:00:07.699]: (-0.3, 2.1, 1.9) 19
[13:00:07.718]: (-0.3, 2.1, 1.9) 19
[13:00:07.735]: (-0.3, 2.1, 1.9) 19
[13:00:07.754]: (-0.3, 2.1, 1.9) 19
[13:00:08.088]: (-0.5, 2.2, 1.7) 21
[13:00:08.111]: (-0.4, 2.2, 1.7) 21
[13:00:09.199]: (-0.2, 2.3, 1.7) 19
[13:00:09.243]: (-0.2, 2.2, 1.7) 19
[13:00:09.265]: (-0.2, 2.2, 1.7) 19
[13:00:09.288]: (-0.2, 2.2, 1.7) 19
[13:00:09.311]: (-0.3, 2.2, 1.7) 19
[13:00:09.331]: (-0.2, 2.2, 1.7) 19
[13:00:09.356]: (-0.2, 2.2, 1.7) 19
[13:00:09.378]: (-0.2, 2.2, 1.7) 19
[13:00:09.397]: (-0.2, 2.2, 1.7) 19
[13:00:09.413]: (-0.2, 2.2, 1.7) 19
[13:00:09.430]: (-0.2, 2.2, 1.7) 19
[13:00:09.871]: (-0.3, 2.1, 1.4) 21
[13:00:09.896]: (-0.3, 2.1, 1.4) 21
[13:00:09.919]: (-0.3, 2.0, 1.5) 21
[13:00:09.942]: (-0.3, 2.0, 1.5) 21
[13:00:09.965]: (-0.3, 2.0, 1.5) 21
[13:00:09.988]: (-0.3, 2.0, 1.5) 21
[13:00:10.012]: (-0.3, 2.0, 1.5) 21
[13:00:10.035]: (-0.3, 2.0, 1.5) 21
[13:00:10.067]: (-0.3, 2.0, 1.5) 21
[13:00:10.531]: (-0.2, 1.5, 1.6) 25
[13:00:10.565]: (-0.2, 1.5, 1.6) 25
[13:00:10.755]: (-0.2, 1.6, 1.5) 25
[13:00:10.820]: (-0.2, 1.6, 1.6) 25
[13:00:10.842]: (-0.2, 1.6, 1.5) 25
[13:00:10.864]: (-0.2, 1.6, 1.5) 25
[13:00:11.846]: (-0.9, 1.7, 1.3) 18
[13:00:13.664]: (-0.2, 1.4, 1.3) 26
[13:00:13.731]: (-0.2, 1.4, 1.3) 26
[13:00:13.765]: (-0.2, 1.4, 1.3) 26
[13:00:13.797]: (-0.2, 1.4, 1.3) 26
[13:00:13.831]: (-0.2, 1.4, 1.3) 26
[13:00:13.864]: (-0.2, 1.3, 1.3) 26
[13:00:13.898]: (-0.2, 1.3, 1.3) 26
[13:00:13.930]: (-0.2, 1.3, 1.3) 26
[13:00:13.964]: (-0.2, 1.3, 1.3) 26
[13:00:13.997]: (-0.2, 1.4, 1.3) 26
[13:00:14.031]: (-0.2, 1.4, 1.3) 26
[13:00:14.064]: (-0.2, 1.4, 1.3) 26
[13:00:14.099]: (-0.2, 1.4, 1.3) 26
[13:00:14.130]: (-0.2, 1.4, 1.3) 26
[13:00:15.311]: (-1.1, 1.7, 1.4) 17
[13:00:15.334]: (-1.1, 1.7, 1.4) 17
[13:00:15.378]: (-1.1, 1.7, 1.4) 17
[13:00:15.400]: (-1.1, 1.7, 1.4) 17
[13:00:15.422]: (-1.1, 1.7, 1.4) 17
[13:00:15.445]: (-1.1, 1.7, 1.4) 17
[13:00:15.467]: (-1.1, 1.7, 1.4) 17
[13:00:15.488]: (-1.1, 1.7, 1.4) 17
[13:00:15.511]: (-1.1, 1.7, 1.4) 17
[13:00:15.533]: (-1.1, 1.7, 1.4) 17
[13:00:15.556]: (-1.1, 1.7, 1.4) 17
[13:00:15.577]: (-1.1, 1.7, 1.4) 17
[13:00:15.672]: (-1.1, 1.7, 1.4) 17
[13:00:15.688]: (-1.1, 1.7, 1.4) 17
[13:00:15.704]: (-1.1, 1.7, 1.4) 17
[13:00:15.722]: (-1.1, 1.7, 1.4) 17
[13:00:15.739]: (-1.1, 1.7, 1.4) 17
[13:00:15.755]: (-1.1, 1.7, 1.4) 17
[13:00:15.771]: (-1.1, 1.7, 1.4) 17
[13:00:15.789]: (-1.1, 1.7, 1.4) 17
[13:00:15.806]: (-1.1, 1.7, 1.4) 17
[13:00:15.823]: (-1.1, 1.7, 1.4) 17
[13:00:17.006]: (-0.1, 1.1, 1.2) 5
[13:00:17.028]: (-0.1, 1.1, 1.2) 5
[13:00:17.050]: (-0.1, 1.1, 1.2) 5
[13:00:17.073]: (-0.1, 1.1, 1.2) 5
[13:00:17.096]: (-0.2, 1.1, 1.2) 5
[13:00:17.117]: (-0.2, 1.1, 1.2) 5
[13:00:17.139]: (-0.2, 1.1, 1.2) 5
[13:00:17.161]: (-0.2, 1.1, 1.2) 5
[13:00:17.184]: (-0.2, 1.1, 1.2) 5
[13:00:19.195]: (-0.9, 1.6, 1.3) 18
[13:00:19.861]: (0.0, 1.6, 1.4) 25
[13:00:20.115]: (0.1, 1.9, 1.7) 30
[13:00:20.628]: (0.3, 1.9, 1.8) 31
[13:00:24.115]: (-0.6, 1.7, 1.5) 20
[13:00:24.859]: (-0.1, 1.5, 1.5) 25
[13:00:27.446]: (-0.9, 1.6, 1.3) 18
[13:00:27.669]: (-0.2, 1.4, 1.3) 26
[13:00:27.690]: (-0.2, 1.4, 1.3) 26
[13:00:27.713]: (-0.2, 1.4, 1.3) 26
[13:00:27.737]: (-0.2, 1.4, 1.3) 26
[13:00:27.759]: (-0.2, 1.4, 1.3) 26
[13:00:27.780]: (-0.2, 1.4, 1.3) 26
[13:00:27.803]: (-0.2, 1.4, 1.3) 26
[13:00:27.824]: (-0.2, 1.4, 1.3) 26
[13:00:27.843]: (-0.2, 1.4, 1.3) 26
[13:00:27.859]: (-0.2, 1.4, 1.3) 26
[13:00:27.878]: (-0.2, 1.4, 1.3) 26
[13:00:27.895]: (-0.2, 1.4, 1.3) 26
[13:00:27.912]: (-0.2, 1.4, 1.3) 26
[13:00:27.930]: (-0.2, 1.4, 1.3) 26
[13:00:27.947]: (-0.2, 1.4, 1.3) 26
[13:00:27.966]: (-0.2, 1.4, 1.3) 26
[13:00:27.981]: (-0.2, 1.4, 1.3) 26
[13:00:28.003]: (-0.2, 1.4, 1.3) 26
[13:00:28.022]: (-0.2, 1.4, 1.3) 26
[13:00:28.040]: (-0.2, 1.4, 1.3) 26
[13:00:28.057]: (-0.2, 1.4, 1.3) 26
[13:00:28.074]: (-0.2, 1.4, 1.3) 26
[13:00:28.091]: (-0.2, 1.4, 1.3) 26
[13:00:28.110]: (-0.2, 1.4, 1.3) 26
[13:00:28.126]: (-0.2, 1.4, 1.3) 26
[13:00:28.143]: (-0.2, 1.4, 1.3) 26
[13:00:30.234]: (-0.9, 1.6, 1.3) 18
[13:00:31.901]: (-1.0, 1.7, 1.5) 17
[13:00:31.922]: (-1.0, 1.7, 1.5) 17
[13:00:31.944]: (-1.0, 1.7, 1.5) 17
[13:00:31.967]: (-1.0, 1.7, 1.5) 17
[13:00:31.989]: (-1.0, 1.7, 1.5) 17
[13:00:33.400]: (0.3, 1.2, 1.2) 26
[13:00:33.417]: (0.3, 1.2, 1.2) 26
[13:00:33.530]: (0.4, 1.3, 1.3) 25
[13:00:33.578]: (0.8, 1.6, 1.5) 30
[13:00:33.597]: (0.8, 1.6, 1.4) 30
[13:00:33.614]: (0.8, 1.6, 1.4) 30
[13:00:33.631]: (0.8, 1.6, 1.5) 30
[13:00:33.648]: (0.9, 1.6, 1.5) 30
[13:00:33.680]: (0.8, 1.6, 1.5) 30
[13:00:33.699]: (0.8, 1.6, 1.4) 30
[13:00:33.722]: (0.8, 1.6, 1.5) 30
[13:00:33.743]: (0.8, 1.7, 1.5) 30
[13:00:33.767]: (0.8, 1.6, 1.5) 30
[13:00:33.789]: (0.8, 1.6, 1.5) 30
[13:00:33.834]: (0.4, 1.3, 1.3) 25
[13:00:34.466]: (0.1, 1.3, 1.3) 27
[13:00:34.726]: (-0.4, 1.3, 1.2) 26
[13:00:34.977]: (-0.4, 1.3, 1.2) 26
[13:00:34.999]: (-0.4, 1.3, 1.2) 26
[13:00:35.021]: (-0.4, 1.3, 1.2) 26
[13:00:35.043]: (-0.4, 1.3, 1.2) 26
[13:00:35.111]: (-0.4, 1.3, 1.2) 26
[13:00:35.132]: (-0.4, 1.3, 1.2) 26
[13:00:35.155]: (-0.4, 1.3, 1.2) 26
[13:00:35.172]: (-0.4, 1.3, 1.2) 26
[13:00:35.190]: (-0.4, 1.3, 1.2) 26
[13:00:35.208]: (-0.4, 1.3, 1.2) 26
[13:00:35.225]: (-0.4, 1.3, 1.2) 26
[13:00:35.243]: (-0.4, 1.3, 1.2) 26
[13:00:35.509]: (-0.4, 1.3, 1.2) 26
[13:00:35.526]: (-0.4, 1.3, 1.2) 26
[13:00:35.542]: (-0.4, 1.3, 1.2) 26
[13:00:35.559]: (-0.4, 1.3, 1.2) 26
[13:00:35.576]: (-0.4, 1.3, 1.2) 26
[13:00:35.598]: (-0.4, 1.3, 1.2) 26
[13:00:35.622]: (-0.4, 1.3, 1.2) 26
[13:00:35.911]: (-0.4, 1.2, 1.2) 26
[13:00:35.932]: (-0.4, 1.3, 1.2) 26
[13:00:35.956]: (-0.4, 1.3, 1.2) 26
[13:00:35.976]: (-0.4, 1.3, 1.2) 26
[13:00:35.999]: (-0.4, 1.3, 1.2) 26
[13:00:36.022]: (-0.4, 1.3, 1.2) 26
[13:00:36.043]: (-0.4, 1.3, 1.2) 26
