[13:09:42.560]: (-1.7, -0.3, 0.3) 17
[13:09:42.584]: (-1.9, -0.3, 0.3) 9
[13:09:42.610]: (-1.9, -0.2, 0.4) 9
[13:09:42.632]: (-1.8, -0.1, 0.4) 17
[13:09:42.653]: (-1.8, 0.0, 0.4) 17
[13:09:42.677]: (-1.8, 0.0, 0.5) 17
[13:09:42.698]: (-1.8, 0.1, 0.5) 17
[13:09:42.720]: (-1.8, 0.1, 0.6) 17
[13:09:42.742]: (-1.8, 0.2, 0.6) 17
[13:09:42.966]: (-1.9, 1.6, 1.8) 6
[13:09:42.988]: (-1.8, 1.6, 1.8) 6
[13:09:43.011]: (-1.8, 1.7, 1.9) 6
[13:09:43.034]: (-1.7, 1.7, 1.9) 6
[13:09:43.076]: (-1.6, 1.8, 2.0) 6
[13:09:45.051]: (-0.6, 2.1, 1.1) 17
[13:09:45.076]: (-0.5, 2.1, 1.1) 17
[13:09:45.099]: (-0.5, 2.1, 1.1) 17
[13:09:45.123]: (-0.6, 2.1, 1.2) 17
[13:09:45.146]: (-0.6, 2.1, 1.3) 11
[13:09:45.170]: (-0.6, 2.2, 1.4) 10
[13:09:45.192]: (-0.6, 2.2, 1.5) 10
[13:09:45.283]: (-0.6, 2.2, 1.5) 10
[13:09:45.313]: (-0.6, 2.2, 1.5) 10
[13:09:45.348]: (-0.6, 2.1, 1.5) 10
[13:09:46.847]: (-0.8, 1.7, 1.1) 19
[13:09:47.204]: (-0.7, 1.8, 1.1) 11
[13:09:47.222]: (-0.6, 1.8, 1.1) 17
[13:09:47.240]: (-0.6, 1.8, 1.1) 17
[13:09:47.257]: (-0.6, 1.8, 1.1) 17
[13:09:47.273]: (-0.6, 1.8, 1.1) 17
[13:09:47.292]: (-0.6, 1.8, 1.1) 17
[13:09:47.308]: (-0.6, 1.8, 1.1) 17
[13:09:47.326]: (-0.6, 1.8, 1.1) 17
[13:09:47.343]: (-0.6, 1.8, 1.1) 17
[13:09:48.469]: (-0.3, 1.9, 0.9) 17
[13:09:48.504]: (-0.3, 2.0, 1.1) 9
[13:09:48.525]: (-0.3, 2.0, 1.1) 9
[13:09:48.921]: (-0.6, 1.5, 1.2) 9
[13:09:48.945]: (-0.7, 1.5, 1.2) 11
[13:09:49.404]: (-0.6, 1.5, 1.2) 11
[13:09:49.432]: (-0.6, 1.5, 1.2) 11
[13:09:49.453]: (-0.6, 1.5, 1.2) 11
[13:09:49.476]: (-0.6, 1.5, 1.1) 11
[13:09:49.499]: (-0.6, 1.5, 1.1) 11
[13:09:49.520]: (-0.6, 1.5, 1.1) 11
[13:09:49.538]: (-0.6, 1.5, 1.1) 11
[13:09:49.556]: (-0.6, 1.5, 1.1) 11
[13:09:49.572]: (-0.6, 1.5, 1.1) 11
[13:09:49.588]: (-0.6, 1.5, 1.1) 11
[13:09:49.604]: (-0.6, 1.5, 1.1) 11
[13:09:49.621]: (-0.6, 1.5, 1.1) 11
[13:09:49.644]: (-0.6, 1.5, 1.1) 11
[13:09:49.665]: (-0.6, 1.5, 1.1) 11
[13:09:49.687]: (-0.6, 1.5, 1.1) 11
[13:09:49.709]: (-0.6, 1.5, 1.1) 11
[13:09:49.800]: (0.3, 1.7, 1.7) 6
[13:09:49.866]: (0.4, 1.6, 1.7) 6
[13:09:50.299]: (0.4, 1.7, 1.7) 6
[13:09:50.316]: (0.4, 1.7, 1.7) 6
[13:09:50.332]: (0.4, 1.7, 1.6) 6
[13:09:50.350]: (0.4, 1.7, 1.6) 6
[13:09:50.367]: (0.4, 1.7, 1.6) 6
[13:09:50.384]: (0.4, 1.7, 1.6) 6
[13:09:50.402]: (0.4, 1.7, 1.6) 6
[13:09:50.420]: (0.4, 1.7, 1.6) 6
[13:09:50.439]: (0.4, 1.7, 1.6) 6
[13:09:50.455]: (0.4, 1.7, 1.6) 6
[13:09:50.475]: (0.4, 1.7, 1.6) 6
[13:09:50.498]: (0.4, 1.7, 1.6) 6
[13:09:50.520]: (0.4, 1.7, 1.6) 6
[13:09:50.546]: (0.4, 1.7, 1.6) 6
[13:09:50.564]: (0.4, 1.7, 1.6) 6
[13:09:50.588]: (0.4, 1.7, 1.6) 6
[13:09:50.612]: (0.4, 1.7, 1.6) 6
[13:09:50.632]: (0.4, 1.7, 1.6) 6
[13:09:50.655]: (0.4, 1.7, 1.7) 6
[13:09:50.677]: (0.4, 1.7, 1.6) 6
[13:09:50.698]: (0.4, 1.7, 1.6) 6
[13:09:50.720]: (0.4, 1.7, 1.6) 6
[13:09:50.742]: (0.4, 1.7, 1.6) 6
[13:09:50.765]: (0.4, 1.7, 1.6) 6
[13:09:50.810]: (0.3, 1.7, 1.7) 6
[13:09:50.832]: (0.4, 1.7, 1.7) 6
[13:09:50.854]: (0.4, 1.7, 1.6) 6
[13:09:50.875]: (0.4, 1.7, 1.7) 6
[13:09:50.898]: (0.4, 1.7, 1.7) 6
[13:09:50.922]: (0.4, 1.7, 1.7) 6
[13:09:50.938]: (0.4, 1.7, 1.7) 6
[13:09:50.955]: (0.4, 1.7, 1.6) 6
[13:09:50.971]: (0.4, 1.7, 1.7) 6
[13:09:50.991]: (0.4, 1.7, 1.6) 6
[13:09:51.143]: (0.4, 1.7, 1.7) 6
[13:09:51.159]: (0.4, 1.7, 1.7) 6
[13:09:51.177]: (0.3, 1.7, 1.7) 6
[13:09:51.193]: (0.4, 1.8, 1.8) 5
[13:09:51.209]: (0.4, 1.8, 1.8) 5
[13:09:51.225]: (0.4, 1.8, 1.8) 5
[13:09:51.243]: (0.4, 1.8, 1.8) 5
[13:09:51.260]: (0.4, 1.8, 1.8) 5
[13:09:51.278]: (0.4, 1.8, 1.8) 5
[13:09:51.294]: (0.4, 1.8, 1.8) 5
[13:09:51.312]: (0.4, 1.8, 1.8) 5
[13:09:51.329]: (0.4, 1.8, 1.8) 5
[13:09:51.347]: (0.4, 1.8, 1.8) 5
[13:09:51.365]: (0.4, 1.8, 1.8) 5
[13:09:51.381]: (0.4, 1.8, 1.8) 5
[13:09:51.397]: (0.4, 1.8, 1.8) 5
[13:09:51.413]: (0.4, 1.8, 1.8) 5
[13:09:51.444]: (0.4, 1.8, 1.8) 5
[13:09:58.604]: (-0.6, 1.4, 1.1) 17
[13:09:58.886]: (-0.7, 1.6, 1.2) 13
[13:09:58.906]: (-0.7, 1.6, 1.2) 13
[13:09:58.928]: (-0.7, 1.6, 1.1) 13
[13:09:58.951]: (-0.7, 1.6, 1.1) 13
[13:09:58.973]: (-0.7, 1.6, 1.1) 13
[13:09:58.996]: (-0.7, 1.6, 1.1) 13
[13:09:59.017]: (-0.7, 1.6, 1.1) 13
[13:09:59.039]: (-0.7, 1.6, 1.1) 13
[13:09:59.062]: (-0.7, 1.6, 1.1) 13
[13:09:59.084]: (-0.7, 1.6, 1.1) 13
[13:09:59.107]: (-0.7, 1.6, 1.1) 13
[13:09:59.128]: (-0.7, 1.6, 1.1) 13
[13:09:59.150]: (-0.7, 1.6, 1.1) 13
[13:09:59.174]: (-0.7, 1.6, 1.1) 13
[13:09:59.194]: (-0.7, 1.6, 1.1) 13
[13:09:59.218]: (-0.7, 1.6, 1.1) 13
[13:09:59.242]: (-0.7, 1.6, 1.1) 13
[13:09:59.261]: (-0.7, 1.6, 1.1) 13
[13:09:59.284]: (-0.7, 1.6, 1.1) 13
[13:09:59.307]: (-0.7, 1.6, 1.1) 13
[13:09:59.325]: (-0.7, 1.6, 1.1) 13
[13:09:59.342]: (-0.8, 1.5, 1.1) 13
[13:09:59.359]: (-0.8, 1.5, 1.1) 19
[13:09:59.375]: (-0.7, 1.5, 1.1) 19
[13:09:59.391]: (-0.7, 1.5, 1.1) 19
[13:09:59.408]: (-0.7, 1.5, 1.1) 19
[13:09:59.426]: (-0.7, 1.5, 1.1) 19
[13:09:59.443]: (-0.7, 1.5, 1.1) 19
[13:09:59.460]: (-0.7, 1.5, 1.1) 19
[13:09:59.479]: (-0.7, 1.5, 1.1) 19
[13:09:59.497]: (-0.7, 1.5, 1.1) 19
[13:09:59.515]: (-0.7, 1.5, 1.1) 19
[13:09:59.531]: (-0.7, 1.5, 1.1) 19
[13:09:59.547]: (-0.7, 1.5, 1.1) 19
[13:09:59.563]: (-0.7, 1.5, 1.1) 19
[13:09:59.581]: (-0.7, 1.5, 1.1) 19
[13:09:59.597]: (-0.7, 1.5, 1.1) 19
[13:09:59.616]: (-0.7, 1.5, 1.1) 19
[13:09:59.634]: (-0.7, 1.5, 1.1) 19
[13:09:59.651]: (-0.7, 1.5, 1.1) 19
[13:09:59.668]: (-0.7, 1.5, 1.1) 19
[13:09:59.685]: (-0.7, 1.5, 1.1) 19
[13:09:59.703]: (-0.7, 1.5, 1.1) 19
[13:09:59.720]: (-0.7, 1.5, 1.2) 13
[13:09:59.737]: (-0.6, 1.5, 1.1) 11
[13:09:59.752]: (-0.6, 1.5, 1.1) 11
[13:09:59.770]: (-0.6, 1.5, 1.1) 11
[13:09:59.786]: (-0.6, 1.5, 1.1) 11
[13:09:59.803]: (-0.6, 1.5, 1.1) 11
[13:09:59.819]: (-0.6, 1.5, 1.1) 11
[13:09:59.839]: (-0.6, 1.5, 1.1) 11
[13:09:59.861]: (-0.6, 1.5, 1.1) 11
[13:09:59.884]: (-0.6, 1.5, 1.1) 11
[13:09:59.906]: (-0.6, 1.5, 1.1) 11
[13:09:59.928]: (-0.6, 1.5, 1.1) 11
[13:09:59.950]: (-0.6, 1.5, 1.1) 11
[13:09:59.972]: (-0.6, 1.5, 1.1) 11
[13:09:59.994]: (-0.6, 1.5, 1.1) 11
[13:10:00.021]: (-0.6, 1.5, 1.1) 11
[13:10:00.042]: (-0.6, 1.5, 1.1) 11
[13:10:00.060]: (-0.6, 1.5, 1.1) 11
[13:10:00.084]: (-0.6, 1.5, 1.1) 11
[13:10:00.107]: (-0.6, 1.5, 1.1) 11
[13:10:00.128]: (-0.6, 1.5, 1.1) 11
[13:10:00.150]: (-0.6, 1.5, 1.1) 11
[13:10:00.172]: (-0.6, 1.5, 1.1) 11
[13:10:00.194]: (-0.6, 1.5, 1.1) 11
[13:10:00.216]: (-0.6, 1.5, 1.1) 11
[13:10:00.240]: (-0.6, 1.5, 1.1) 11
[13:10:00.262]: (-0.6, 1.5, 1.1) 11
[13:10:00.284]: (-0.6, 1.5, 1.1) 11
[13:10:00.305]: (-0.6, 1.5, 1.1) 11
[13:10:00.322]: (-0.6, 1.5, 1.1) 11
[13:10:00.343]: (-0.6, 1.5, 1.1) 11
[13:10:00.364]: (-0.6, 1.5, 1.1) 11
[13:10:00.382]: (-0.6, 1.5, 1.1) 11
[13:10:00.400]: (-0.6, 1.5, 1.1) 11
[13:10:00.425]: (-0.6, 1.5, 1.1) 11
[13:10:00.446]: (-0.6, 1.5, 1.2) 11
[13:10:00.507]: (-0.7, 1.6, 1.4) 12
[13:10:00.527]: (-0.7, 1.6, 1.4) 12
[13:10:00.548]: (-0.7, 1.6, 1.4) 12
[13:10:00.569]: (-0.7, 1.6, 1.4) 12
[13:10:00.591]: (-0.7, 1.6, 1.4) 12
[13:10:00.613]: (-0.7, 1.6, 1.4) 14
[13:10:00.732]: (-0.7, 1.6, 1.5) 18
[13:10:00.755]: (-0.7, 1.6, 1.5) 18
[13:10:00.776]: (-0.7, 1.6, 1.5) 18
[13:10:00.798]: (-0.7, 1.6, 1.5) 18
[13:10:01.119]: (-0.8, 1.5, 1.5) 16
[13:10:01.151]: (-0.8, 1.4, 1.4) 16
[13:10:01.185]: (-0.8, 1.4, 1.5) 16
[13:10:01.217]: (-0.8, 1.4, 1.5) 16
[13:10:01.250]: (-0.8, 1.4, 1.5) 16
[13:10:01.351]: (-0.7, 1.4, 1.3) 15
[13:10:01.386]: (-0.8, 1.3, 1.3) 15
[13:10:01.417]: (-0.8, 1.3, 1.3) 15
[13:10:01.484]: (-0.9, 1.3, 1.2) 15
[13:10:01.517]: (-0.9, 1.3, 1.2) 15
[13:10:01.551]: (-0.9, 1.3, 1.2) 15
[13:10:01.585]: (-0.9, 1.3, 1.2) 15
[13:10:01.617]: (-0.9, 1.3, 1.2) 15
[13:10:01.762]: (-1.0, 1.3, 1.2) 15
[13:10:01.785]: (-1.0, 1.3, 1.1) 15
[13:10:01.806]: (-1.1, 1.4, 1.1) 9
[13:10:01.829]: (-1.1, 1.3, 1.0) 11
[13:10:01.917]: (-1.1, 1.4, 1.0) 11
[13:10:01.940]: (-1.1, 1.4, 1.0) 11
[13:10:01.966]: (-1.1, 1.4, 1.0) 11
[13:10:01.989]: (-1.1, 1.4, 1.0) 11
[13:10:02.013]: (-1.0, 1.4, 1.0) 11
[13:10:02.035]: (-1.0, 1.4, 1.0) 11
[13:10:02.060]: (-1.0, 1.4, 1.0) 11
[13:10:02.114]: (-1.0, 1.4, 1.0) 11
[13:10:02.162]: (-1.0, 1.4, 1.0) 11
[13:10:02.463]: (-0.9, 1.5, 1.2) 13
[13:10:02.507]: (-0.8, 1.5, 1.2) 13
[13:10:02.549]: (-0.8, 1.5, 1.2) 13
[13:10:02.569]: (-0.8, 1.5, 1.2) 13
[13:10:02.610]: (-0.7, 1.5, 1.2) 13
[13:10:02.872]: (-0.4, 1.6, 1.3) 15
[13:10:06.147]: (0.1, 1.7, 1.8) 6
[13:10:07.448]: (-0.9, 1.5, 1.1) 13
[13:10:08.105]: (-0.7, 1.5, 1.1) 11
[13:10:08.122]: (-0.7, 1.5, 1.2) 9
[13:10:08.139]: (-0.7, 1.5, 1.2) 9
[13:10:08.157]: (-0.7, 1.5, 1.2) 9
[13:10:08.174]: (-0.7, 1.5, 1.2) 9
[13:10:08.191]: (-0.7, 1.5, 1.2) 9
[13:10:08.207]: (-0.7, 1.5, 1.2) 9
[13:10:08.223]: (-0.7, 1.5, 1.2) 9
[13:10:08.240]: (-0.7, 1.5, 1.2) 9
[13:10:08.256]: (-0.7, 1.5, 1.2) 9
[13:10:08.351]: (-0.7, 1.5, 1.2) 9
[13:10:08.371]: (-0.8, 1.5, 1.2) 9
[13:10:08.387]: (-0.7, 1.5, 1.2) 9
[13:10:08.405]: (-0.8, 1.5, 1.1) 11
[13:10:08.848]: (-0.6, 1.5, 1.2) 15
[13:10:09.480]: (-0.2, 1.6, 2.1) 0
[13:10:09.567]: (-0.4, 1.6, 1.9) 4
[13:10:09.592]: (-0.4, 1.5, 1.9) 1
[13:10:09.615]: (-0.5, 1.6, 1.8) 4
[13:10:09.637]: (-0.5, 1.6, 1.8) 4
[13:10:09.659]: (-0.5, 1.6, 1.8) 4
[13:10:09.681]: (-0.6, 1.6, 2.0) 5
[13:10:09.835]: (-0.6, 1.4, 1.8) 6
[13:10:09.858]: (-0.6, 1.5, 1.8) 6
[13:10:10.195]: (-0.5, 1.7, 1.7) 6
[13:10:10.216]: (-0.5, 1.7, 1.7) 6
[13:10:10.238]: (-0.5, 1.7, 1.7) 6
[13:10:10.262]: (-0.5, 1.7, 1.7) 6
[13:10:10.284]: (-0.5, 1.7, 1.7) 6
[13:10:10.306]: (-0.5, 1.7, 1.7) 6
[13:10:10.329]: (-0.5, 1.7, 1.7) 6
[13:10:10.354]: (-0.5, 1.7, 1.7) 6
[13:10:10.375]: (-0.5, 1.7, 1.8) 6
[13:10:10.398]: (-0.5, 1.7, 1.8) 1
[13:10:10.419]: (-0.5, 1.7, 1.8) 1
[13:10:10.442]: (-0.5, 1.7, 1.8) 1
[13:10:10.464]: (-0.5, 1.7, 1.8) 1
[13:10:10.487]: (-0.5, 1.7, 1.8) 1
[13:10:10.508]: (-0.5, 1.7, 1.8) 1
[13:10:10.531]: (-0.5, 1.7, 1.8) 1
[13:10:10.555]: (-0.5, 1.6, 1.8) 1
[13:10:10.575]: (-0.5, 1.6, 1.8) 1
[13:10:10.596]: (-0.6, 1.6, 1.8) 6
[13:10:10.619]: (-0.6, 1.6, 1.7) 6
[13:10:10.640]: (-0.6, 1.6, 1.7) 6
[13:10:10.663]: (-0.6, 1.6, 1.7) 6
[13:10:10.705]: (-0.6, 1.6, 1.8) 6
[13:10:10.721]: (-0.6, 1.6, 1.8) 6
[13:10:10.738]: (-0.6, 1.6, 1.8) 6
[13:10:10.810]: (-0.6, 1.6, 1.7) 6
[13:10:10.827]: (-0.6, 1.6, 1.7) 6
[13:10:10.843]: (-0.6, 1.6, 1.7) 6
[13:10:10.859]: (-0.6, 1.6, 1.7) 6
[13:10:10.876]: (-0.6, 1.6, 1.7) 6
[13:10:10.893]: (-0.7, 1.6, 1.7) 6
[13:10:10.910]: (-0.6, 1.6, 1.7) 6
[13:10:11.069]: (-0.6, 1.6, 1.7) 6
[13:10:11.090]: (-0.6, 1.6, 1.7) 6
[13:10:11.112]: (-0.6, 1.6, 1.7) 6
[13:10:11.135]: (-0.6, 1.6, 1.7) 6
[13:10:11.156]: (-0.6, 1.6, 1.7) 6
[13:10:11.179]: (-0.6, 1.6, 1.7) 6
[13:10:11.224]: (-0.7, 1.6, 1.7) 6
[13:10:11.267]: (-0.7, 1.6, 1.7) 6
