[13:05:41.868]: (-2.1, -1.6, 0.0) 16
[13:05:41.899]: (-2.1, -1.6, 0.0) 16
[13:05:42.431]: (-2.1, -1.6, 0.0) 16
[13:05:42.453]: (-2.1, -1.6, 0.0) 16
[13:05:42.476]: (-2.1, -1.6, 0.0) 16
[13:05:42.498]: (-2.1, -1.6, 0.0) 16
[13:05:42.521]: (-2.1, -1.6, 0.0) 16
[13:05:42.542]: (-2.1, -1.6, 0.0) 16
[13:05:42.566]: (-2.1, -1.6, -0.1) 16
[13:05:42.588]: (-2.1, -1.6, -0.1) 16
[13:05:42.609]: (-2.1, -1.6, 0.0) 16
[13:05:42.632]: (-2.1, -1.6, 0.0) 16
[13:05:42.654]: (-2.1, -1.6, 0.0) 16
[13:05:42.675]: (-2.1, -1.6, 0.0) 16
[13:05:42.698]: (-2.1, -1.6, 0.0) 16
[13:05:42.722]: (-2.1, -1.6, 0.0) 16
[13:05:42.743]: (-2.1, -1.6, 0.0) 16
[13:05:42.764]: (-2.1, -1.6, 0.0) 16
[13:05:42.837]: (-2.2, -1.5, 0.0) 16
[13:05:42.856]: (-2.2, -1.5, 0.0) 16
[13:05:42.876]: (-2.2, -1.5, 0.0) 16
[13:05:42.898]: (-2.2, -1.5, 0.0) 16
[13:05:42.920]: (-2.2, -1.5, 0.0) 16
[13:05:42.942]: (-2.2, -1.5, 0.0) 16
[13:05:42.965]: (-2.2, -1.5, 0.1) 16
[13:05:43.276]: (-2.7, -0.7, 0.6) 17
[13:05:43.298]: (-2.7, -0.7, 0.7) 17
[13:05:43.321]: (-2.7, -0.6, 0.8) 17
[13:05:43.363]: (-1.8, 0.2, 0.5) 15
[13:05:43.386]: (-1.8, 0.2, 0.5) 15
[13:05:43.407]: (-1.8, 0.2, 0.6) 15
[13:05:43.427]: (-1.8, 0.3, 0.6) 15
[13:05:43.448]: (-2.4, 0.0, 1.1) 19
[13:05:43.470]: (-2.4, 0.0, 1.2) 19
[13:05:43.493]: (-1.7, 0.5, 0.8) 15
[13:05:43.733]: (-1.1, 1.6, 2.1) 2
[13:05:43.754]: (-1.1, 1.6, 2.2) 4
[13:05:43.774]: (-1.1, 1.6, 2.2) 4
[13:05:43.796]: (-1.0, 1.6, 2.1) 2
[13:05:43.981]: (-0.8, 1.7, 2.1) 1
[13:05:45.558]: (-1.0, 1.6, 2.2) 0
[13:05:45.579]: (-1.0, 1.6, 2.2) 0
[13:05:45.602]: (-1.0, 1.7, 2.2) 0
[13:05:45.627]: (-1.1, 1.7, 2.4) 5
[13:05:45.650]: (-1.0, 1.7, 2.1) 2
[13:05:51.885]: (-0.2, 2.4, 1.2) 18
[13:05:52.406]: (0.3, 1.8, 1.3) 4
[13:05:52.427]: (0.2, 1.8, 1.3) 2
[13:05:52.450]: (0.2, 1.7, 1.3) 2
[13:05:53.616]: (0.3, 2.0, 1.1) 4
[13:05:53.790]: (-0.7, 1.4, 0.8) 6
[13:05:53.852]: (-0.7, 1.4, 0.8) 6
[13:05:53.874]: (-0.7, 1.4, 0.8) 6
[13:05:53.915]: (-0.7, 1.5, 0.8) 6
[13:05:53.936]: (-0.7, 1.5, 0.8) 6
[13:05:54.172]: (-0.7, 1.6, 0.8) 6
[13:05:54.193]: (-0.7, 1.6, 0.7) 9
[13:05:54.215]: (-0.7, 1.6, 0.7) 9
[13:05:54.236]: (-0.7, 1.6, 0.7) 9
[13:05:54.258]: (-0.7, 1.6, 0.7) 9
[13:05:54.279]: (-0.7, 1.6, 0.7) 9
[13:05:54.302]: (-0.7, 1.6, 0.8) 9
[13:05:54.324]: (-0.7, 1.6, 0.8) 9
[13:05:54.538]: (-0.7, 1.6, 0.8) 9
[13:05:54.560]: (-0.7, 1.6, 0.8) 6
[13:05:54.582]: (-0.7, 1.6, 0.8) 6
[13:05:54.601]: (-0.7, 1.6, 0.8) 9
[13:05:54.618]: (-0.7, 1.6, 0.7) 9
[13:05:54.634]: (-0.7, 1.6, 0.7) 9
[13:05:55.863]: (0.0, 2.0, 1.2) 2
[13:05:55.885]: (0.0, 2.0, 1.2) 2
[13:05:55.908]: (0.0, 2.0, 1.1) 2
[13:05:55.930]: (0.0, 2.0, 1.1) 2
[13:05:55.953]: (0.0, 2.0, 1.1) 2
[13:05:55.977]: (-0.1, 2.0, 1.2) 2
[13:05:55.998]: (-0.1, 2.0, 1.2) 2
[13:05:57.940]: (0.0, 2.3, 1.2) 5
[13:05:57.984]: (-0.1, 2.0, 1.2) 2
[13:05:58.007]: (-0.1, 2.0, 1.2) 2
[13:05:58.029]: (-0.1, 2.0, 1.2) 2
[13:05:58.051]: (-0.1, 2.0, 1.2) 2
[13:05:58.074]: (-0.1, 2.0, 1.2) 2
[13:05:58.111]: (-0.1, 2.0, 1.2) 2
[13:05:58.127]: (-0.1, 2.0, 1.2) 2
[13:05:58.145]: (-0.1, 2.0, 1.2) 2
[13:05:58.163]: (-0.1, 2.0, 1.2) 2
[13:05:58.180]: (-0.1, 2.0, 1.2) 2
[13:05:58.200]: (-0.1, 2.0, 1.2) 2
[13:05:58.216]: (-0.1, 2.0, 1.2) 2
[13:05:58.233]: (-0.1, 2.0, 1.2) 2
[13:05:58.249]: (-0.1, 2.0, 1.2) 2
[13:05:58.267]: (-0.1, 2.0, 1.2) 2
[13:05:58.283]: (-0.1, 2.0, 1.2) 2
[13:05:58.936]: (-0.2, 2.0, 1.1) 2
[13:05:59.025]: (-0.3, 2.0, 1.1) 2
[13:05:59.047]: (-0.3, 2.0, 1.1) 2
[13:05:59.069]: (-0.3, 2.0, 1.0) 2
[13:05:59.090]: (-0.3, 2.0, 1.0) 2
[13:05:59.113]: (-0.3, 2.0, 1.0) 2
[13:05:59.135]: (-0.3, 2.0, 1.0) 2
[13:05:59.156]: (-0.3, 2.0, 1.0) 2
[13:05:59.176]: (-0.3, 1.9, 1.0) 2
[13:05:59.197]: (-0.3, 1.9, 1.0) 2
[13:05:59.221]: (-0.3, 1.9, 1.0) 2
[13:05:59.244]: (-0.3, 1.9, 1.0) 2
[13:06:01.482]: (-0.3, 1.9, 0.9) 2
[13:06:01.503]: (-0.3, 1.9, 0.9) 2
[13:06:01.527]: (-0.3, 1.9, 0.9) 2
[13:06:01.548]: (-0.3, 1.9, 0.9) 2
[13:06:01.569]: (-0.3, 1.9, 0.9) 2
[13:06:01.592]: (-0.3, 1.9, 0.9) 2
[13:06:01.613]: (-0.3, 1.9, 0.9) 2
[13:06:01.635]: (-0.3, 1.9, 1.0) 2
[13:06:02.955]: (-0.4, 1.8, 0.9) 2
[13:06:02.978]: (-0.4, 1.8, 0.9) 2
[13:06:02.999]: (-0.4, 1.8, 0.9) 2
[13:06:03.020]: (-0.4, 1.8, 0.9) 2
[13:06:03.042]: (-0.4, 1.8, 0.9) 2
[13:06:03.065]: (-0.4, 1.8, 0.9) 2
[13:06:03.088]: (-0.4, 1.8, 0.9) 2
[13:06:03.111]: (-0.4, 1.8, 0.9) 2
[13:06:03.133]: (-0.4, 1.8, 0.9) 2
[13:06:03.154]: (-0.4, 1.8, 0.9) 2
[13:06:03.177]: (-0.4, 1.8, 0.9) 2
[13:06:03.200]: (-0.4, 1.7, 0.9) 2
[13:06:03.221]: (-0.4, 1.7, 0.9) 2
[13:06:03.242]: (-0.4, 1.7, 0.9) 2
[13:06:03.265]: (-0.4, 1.7, 0.9) 2
[13:06:03.306]: (-0.4, 1.7, 0.9) 2
[13:06:03.332]: (-0.4, 1.7, 0.9) 2
[13:06:03.535]: (-0.4, 1.7, 0.9) 2
[13:06:03.568]: (-0.4, 1.7, 0.9) 2
[13:06:03.602]: (-0.4, 1.7, 0.9) 2
[13:06:05.107]: (-0.4, 1.7, 0.6) 2
[13:06:05.131]: (-0.4, 1.7, 0.6) 2
[13:06:05.256]: (-0.4, 1.6, 0.6) 2
[13:06:05.278]: (-0.4, 1.6, 0.6) 2
[13:06:05.368]: (-0.4, 1.6, 0.5) 2
[13:06:05.390]: (-0.4, 1.6, 0.6) 2
[13:06:05.433]: (-0.4, 1.6, 0.5) 2
[13:06:05.453]: (-0.4, 1.6, 0.5) 2
[13:06:05.475]: (-0.4, 1.6, 0.5) 2
[13:06:05.495]: (-0.4, 1.6, 0.5) 2
[13:06:05.811]: (-0.4, 1.6, 0.5) 2
[13:06:06.076]: (-0.4, 1.6, 0.5) 2
[13:06:06.654]: (-0.3, 1.6, 0.5) 2
[13:06:06.673]: (-0.3, 1.6, 0.5) 2
[13:06:06.690]: (-0.3, 1.6, 0.5) 2
[13:06:06.708]: (-0.3, 1.6, 0.5) 2
[13:06:06.725]: (-0.3, 1.6, 0.5) 2
[13:06:06.745]: (-0.3, 1.6, 0.5) 2
[13:06:06.762]: (-0.3, 1.6, 0.5) 2
[13:06:06.780]: (-0.3, 1.6, 0.5) 2
[13:06:06.799]: (-0.3, 1.6, 0.5) 2
[13:06:06.815]: (-0.3, 1.6, 0.5) 2
[13:06:07.486]: (-0.3, 1.8, 0.6) 5
[13:06:07.910]: (-0.4, 1.7, 0.5) 4
[13:06:07.938]: (-0.4, 1.6, 0.5) 2
[13:06:07.956]: (-0.4, 1.6, 0.5) 2
[13:06:07.976]: (-0.4, 1.6, 0.5) 2
[13:06:07.999]: (-0.4, 1.6, 0.5) 2
[13:06:08.021]: (-0.4, 1.6, 0.5) 2
[13:06:08.049]: (-0.4, 1.6, 0.5) 2
