[12:55:34.315]: (-2.4, -1.1, 0.0) 2
[12:55:34.470]: (-2.3, -1.2, -0.1) 1
[12:55:34.490]: (-2.3, -1.2, 0.0) 1
[12:55:34.764]: (-2.4, -1.0, -0.1) 8
[12:55:34.782]: (-2.4, -1.0, -0.1) 8
[12:55:34.799]: (-2.4, -1.0, -0.1) 8
[12:55:34.816]: (-2.4, -1.0, -0.1) 8
[12:55:34.834]: (-2.5, -1.2, -0.1) 0
[12:55:34.851]: (-2.5, -1.2, -0.1) 0
[12:55:34.869]: (-2.5, -1.2, -0.1) 0
[12:55:34.887]: (-2.5, -1.2, -0.1) 0
[12:55:34.903]: (-2.5, -1.2, -0.1) 0
[12:55:34.920]: (-2.5, -1.2, -0.1) 0
[12:55:34.936]: (-2.5, -1.2, -0.1) 0
[12:55:34.952]: (-2.5, -1.2, -0.1) 0
[12:55:34.974]: (-2.4, -1.1, -0.1) 2
[12:55:35.003]: (-2.5, -1.2, -0.1) 0
[12:55:35.022]: (-3.7, -2.6, 0.1) 46
[12:55:35.046]: (-3.6, -2.6, 0.1) 46
[12:55:35.068]: (-3.7, -2.6, 0.1) 46
[12:55:35.091]: (-3.7, -2.6, 0.2) 46
[12:55:35.112]: (-2.5, -1.2, -0.1) 3
[12:55:35.135]: (-2.5, -1.2, 0.0) 3
[12:55:35.158]: (-2.4, -1.1, 0.0) 7
[12:55:35.565]: (-3.1, 0.9, 0.8) 39
[12:55:35.798]: (-3.0, 1.8, 1.8) 56
[12:55:35.832]: (-2.8, 2.0, 1.9) 56
[12:55:35.897]: (-2.6, 2.2, 2.0) 56
[12:55:36.030]: (-1.1, 2.6, 2.0) 39
[12:55:36.053]: (-1.1, 2.6, 2.1) 39
[12:55:36.074]: (-1.1, 2.6, 2.1) 39
[12:55:36.119]: (-1.0, 2.6, 2.1) 39
[12:55:36.141]: (-0.9, 2.6, 2.2) 39
[12:55:36.165]: (-0.9, 2.6, 2.1) 39
[12:55:36.453]: (-0.4, 2.4, 2.7) 43
[12:55:36.475]: (-0.4, 2.3, 2.5) 42
[12:55:36.497]: (-0.3, 2.3, 2.7) 43
[12:55:36.542]: (0.2, 2.0, 2.1) 1
[12:55:36.565]: (0.2, 2.0, 2.1) 1
[12:55:36.585]: (0.2, 2.0, 2.1) 1
[12:55:36.833]: (0.3, 1.9, 2.2) 5
[12:55:36.877]: (-0.2, 2.0, 2.6) 42
[12:55:36.922]: (-0.2, 2.1, 2.6) 36
[12:55:36.968]: (-0.2, 2.1, 2.7) 36
[12:55:37.017]: (-0.2, 2.1, 2.6) 36
[12:55:37.041]: (-0.2, 2.1, 2.6) 36
[12:55:37.099]: (-0.3, 2.1, 2.7) 35
[12:55:37.187]: (-0.3, 2.0, 2.4) 39
[12:55:37.208]: (-0.4, 2.0, 2.4) 39
[12:55:37.229]: (-0.3, 2.0, 2.4) 39
[12:55:37.254]: (-0.3, 2.0, 2.4) 39
[12:55:37.276]: (-0.3, 2.0, 2.4) 39
[12:55:37.298]: (-0.3, 2.0, 2.4) 39
[12:55:37.317]: (-0.3, 2.0, 2.4) 39
[12:55:37.339]: (-0.3, 2.0, 2.4) 39
[12:55:37.357]: (-0.3, 2.0, 2.4) 39
[12:55:37.378]: (-0.3, 2.0, 2.4) 39
[12:55:37.396]: (-0.3, 2.0, 2.4) 39
[12:55:37.416]: (-0.3, 2.0, 2.4) 39
[12:55:37.433]: (-0.3, 2.0, 2.4) 39
[12:55:37.451]: (-0.3, 2.0, 2.4) 39
[12:55:37.469]: (-0.5, 2.1, 2.6) 38
[12:55:37.574]: (-1.2, 2.2, 2.9) 58
[12:55:37.610]: (-1.1, 2.1, 2.7) 57
[12:55:37.631]: (-1.2, 2.3, 2.9) 58
[12:55:37.650]: (-1.2, 2.2, 2.9) 58
[12:55:37.669]: (-1.2, 2.2, 2.9) 58
[12:55:37.687]: (-1.2, 2.2, 2.8) 58
[12:55:37.705]: (-1.2, 2.2, 2.9) 58
[12:55:37.740]: (-1.5, 2.0, 2.7) 62
[12:55:37.758]: (-1.2, 1.7, 1.6) 29
[12:55:37.776]: (-1.3, 1.8, 1.9) 31
[12:55:37.794]: (-1.3, 1.8, 1.8) 31
[12:55:37.830]: (-1.4, 1.7, 1.7) 26
[12:55:38.359]: (-1.2, 1.7, 1.9) 31
[12:55:38.421]: (-1.0, 1.8, 2.8) 57
[12:55:38.506]: (-0.8, 1.8, 3.0) 59
[12:55:38.528]: (-0.8, 1.8, 3.0) 59
[12:55:38.551]: (-0.8, 1.8, 3.0) 59
[12:55:38.614]: (-0.8, 1.7, 3.0) 59
[12:55:38.676]: (-0.4, 1.6, 2.5) 39
[12:55:38.697]: (-0.2, 1.6, 2.7) 35
[12:55:38.787]: (-0.2, 1.6, 2.7) 35
[12:55:38.804]: (-0.2, 1.6, 2.7) 35
[12:55:38.820]: (-0.2, 1.6, 2.7) 35
[12:55:38.841]: (-0.2, 1.6, 2.7) 35
[12:55:38.863]: (-0.2, 1.6, 2.7) 35
[12:55:38.884]: (-0.2, 1.6, 2.7) 35
[12:55:38.907]: (-0.2, 1.6, 2.7) 35
[12:55:38.928]: (-0.3, 1.6, 2.7) 35
[12:55:38.951]: (-0.3, 1.6, 2.7) 35
[12:55:38.973]: (-0.2, 1.7, 2.9) 33
[12:55:39.062]: (1.1, 2.1, 3.8) 45
[12:55:39.262]: (0.6, 1.6, 2.2) 3
[12:55:39.306]: (0.6, 1.6, 2.2) 3
[12:55:39.340]: (0.6, 1.7, 2.2) 3
[12:55:39.357]: (1.2, 1.9, 3.9) 54
[12:55:39.376]: (0.6, 1.7, 2.2) 3
[12:55:39.393]: (1.2, 2.0, 3.9) 54
[12:55:39.409]: (1.2, 2.0, 3.9) 54
[12:55:39.427]: (1.1, 1.9, 3.7) 49
[12:55:39.445]: (0.6, 1.7, 2.2) 3
[12:55:39.462]: (0.6, 1.7, 2.2) 3
[12:55:39.481]: (0.6, 1.6, 2.2) 3
[12:55:39.499]: (0.6, 1.7, 2.2) 3
[12:55:39.515]: (0.6, 1.7, 2.2) 3
[12:55:39.531]: (0.6, 1.6, 2.2) 3
[12:55:39.548]: (0.6, 1.6, 2.2) 3
[12:55:39.564]: (0.6, 1.7, 2.2) 3
[12:55:39.582]: (0.4, 1.6, 2.0) 4
[12:55:39.677]: (-0.3, 1.6, 2.5) 39
[12:55:39.694]: (-0.3, 1.6, 2.5) 39
[12:55:39.711]: (-0.3, 1.6, 2.4) 39
[12:55:39.728]: (-0.3, 1.6, 2.4) 39
[12:55:39.745]: (-0.3, 1.6, 2.4) 39
[12:55:39.761]: (-0.4, 1.6, 2.4) 39
[12:55:39.779]: (-0.4, 1.6, 2.6) 38
[12:55:39.796]: (-0.5, 1.6, 2.6) 38
[12:55:39.851]: (-1.1, 1.7, 2.9) 58
[12:55:39.874]: (-1.3, 1.6, 2.8) 55
[12:55:39.897]: (-1.3, 1.6, 2.8) 56
[12:55:39.963]: (-1.2, 1.6, 2.8) 55
[12:55:40.029]: (-1.1, 1.6, 2.7) 57
[12:55:40.050]: (-1.1, 1.6, 2.7) 57
[12:55:40.073]: (-1.1, 1.6, 2.7) 57
[12:55:40.207]: (-1.1, 1.6, 2.7) 57
[12:55:40.228]: (-1.1, 1.6, 2.7) 57
[12:55:40.246]: (-1.1, 1.6, 2.8) 57
[12:55:40.293]: (-1.1, 1.6, 2.8) 57
[12:55:40.373]: (-1.1, 1.7, 2.9) 58
[12:55:40.390]: (-1.1, 1.7, 2.9) 58
[12:55:40.407]: (-1.1, 1.7, 2.9) 58
[12:55:40.423]: (-1.1, 1.7, 2.9) 58
[12:55:40.439]: (-1.1, 1.7, 2.9) 58
[12:55:40.456]: (-1.1, 1.6, 2.9) 58
[12:55:40.473]: (-1.1, 1.7, 2.9) 58
[12:55:40.490]: (-1.1, 1.7, 2.9) 58
[12:55:40.525]: (-0.9, 1.7, 3.0) 59
[12:55:40.795]: (-0.2, 1.7, 2.7) 36
[12:55:40.817]: (-0.1, 1.7, 2.6) 41
[12:55:40.839]: (-0.1, 1.7, 2.6) 36
[12:55:40.861]: (-0.1, 1.7, 2.6) 41
[12:55:40.885]: (-0.1, 1.7, 2.6) 36
[12:55:40.906]: (0.0, 1.7, 2.7) 43
[12:55:40.996]: (0.4, 1.6, 2.0) 4
[12:55:41.017]: (0.4, 1.6, 2.0) 4
[12:55:41.039]: (0.4, 1.6, 2.0) 4
[12:55:41.063]: (0.4, 1.6, 2.0) 4
[12:55:41.083]: (0.4, 1.6, 2.0) 4
[12:55:41.107]: (0.4, 1.6, 2.0) 4
[12:55:41.128]: (0.4, 1.6, 2.0) 4
[12:55:41.147]: (0.4, 1.6, 2.0) 4
[12:55:41.163]: (0.4, 1.6, 2.0) 4
[12:55:41.179]: (0.4, 1.6, 2.0) 4
[12:55:41.197]: (0.4, 1.6, 2.0) 4
[12:55:41.214]: (0.4, 1.6, 2.0) 4
[12:55:41.230]: (0.4, 1.6, 2.0) 4
[12:55:41.248]: (0.4, 1.6, 2.0) 4
[12:55:41.264]: (0.4, 1.6, 2.0) 4
[12:55:41.281]: (0.4, 1.6, 2.0) 4
[12:55:41.298]: (0.4, 1.6, 2.0) 4
[12:55:41.316]: (0.4, 1.6, 2.0) 4
[12:55:41.334]: (0.4, 1.6, 2.0) 4
[12:55:41.353]: (0.4, 1.6, 2.0) 4
[12:55:41.370]: (0.4, 1.6, 2.0) 4
[12:55:41.387]: (0.4, 1.6, 2.0) 4
[12:55:41.406]: (0.4, 1.6, 2.0) 4
[12:55:41.423]: (0.4, 1.6, 2.0) 4
[12:55:41.440]: (0.4, 1.6, 2.0) 4
[12:55:41.457]: (0.5, 1.7, 2.2) 3
[12:55:41.475]: (0.5, 1.6, 2.2) 3
[12:55:41.492]: (0.5, 1.6, 2.2) 3
[12:55:41.508]: (0.5, 1.6, 2.2) 3
[12:55:41.526]: (0.5, 1.6, 2.2) 3
[12:55:41.545]: (0.5, 1.6, 2.2) 3
[12:55:41.562]: (0.5, 1.6, 2.2) 3
[12:55:41.579]: (0.5, 1.6, 2.2) 3
[12:55:41.596]: (0.5, 1.6, 2.2) 3
[12:55:41.614]: (0.6, 1.6, 2.2) 3
[12:55:41.631]: (0.6, 1.6, 2.2) 0
[12:55:41.883]: (1.8, 1.8, 3.0) 18
[12:55:41.928]: (1.7, 1.7, 2.9) 14
[12:55:41.950]: (1.6, 1.7, 2.9) 14
[12:55:41.973]: (1.6, 1.7, 2.9) 14
[12:55:41.995]: (1.6, 1.7, 2.9) 14
[12:55:42.016]: (1.6, 1.7, 2.9) 14
[12:55:42.262]: (1.5, 1.7, 3.0) 13
[12:55:42.494]: (0.6, 1.6, 2.2) 3
[12:55:42.517]: (1.2, 2.0, 3.7) 53
[12:55:42.539]: (1.1, 1.9, 3.6) 49
[12:55:42.562]: (0.6, 1.7, 2.2) 3
[12:55:42.583]: (0.6, 1.7, 2.2) 3
[12:55:42.606]: (0.6, 1.7, 2.2) 3
[12:55:42.628]: (0.6, 1.6, 2.2) 3
[12:55:42.650]: (0.6, 1.7, 2.2) 3
[12:55:42.673]: (0.6, 1.6, 2.2) 3
[12:55:42.694]: (0.6, 1.6, 2.2) 3
[12:55:42.717]: (0.6, 1.6, 2.2) 3
[12:55:42.739]: (0.6, 1.6, 2.2) 3
[12:55:42.761]: (0.6, 1.6, 2.2) 3
[12:55:42.783]: (0.6, 1.7, 2.2) 3
[12:55:42.806]: (0.6, 1.6, 2.2) 3
[12:55:42.828]: (0.6, 1.6, 2.2) 3
[12:55:42.851]: (0.6, 1.6, 2.2) 3
[12:55:42.872]: (0.6, 1.6, 2.2) 3
[12:55:42.894]: (0.6, 1.6, 2.2) 3
[12:55:42.917]: (0.6, 1.6, 2.2) 3
[12:55:42.939]: (0.6, 1.6, 2.2) 3
[12:55:42.956]: (0.6, 1.6, 2.2) 3
[12:55:42.973]: (0.6, 1.6, 2.2) 3
[12:55:42.989]: (0.6, 1.7, 2.2) 3
[12:55:43.007]: (0.6, 1.6, 2.2) 3
[12:55:43.024]: (0.6, 1.6, 2.2) 3
[12:55:43.041]: (0.6, 1.6, 2.2) 3
[12:55:43.059]: (0.6, 1.6, 2.2) 3
[12:55:43.076]: (0.6, 1.6, 2.2) 3
[12:55:43.094]: (0.6, 1.6, 2.2) 3
[12:55:43.110]: (0.6, 1.6, 2.2) 3
[12:55:43.127]: (0.6, 1.6, 2.2) 3
[12:55:43.143]: (0.6, 1.6, 2.2) 3
[12:55:43.161]: (0.6, 1.6, 2.2) 3
[12:55:43.177]: (0.5, 1.6, 2.2) 3
[12:55:43.193]: (0.6, 1.6, 2.2) 3
[12:55:43.209]: (0.6, 1.6, 2.2) 3
[12:55:43.228]: (0.6, 1.6, 2.2) 3
[12:55:43.245]: (0.6, 1.6, 2.2) 3
[12:55:43.261]: (0.6, 1.6, 2.2) 3
[12:55:43.277]: (0.6, 1.7, 2.2) 3
[12:55:43.295]: (1.1, 1.9, 3.6) 49
[12:55:43.312]: (0.6, 1.7, 2.2) 3
[12:55:43.330]: (1.0, 1.9, 3.7) 49
[12:55:43.349]: (0.6, 1.7, 2.2) 3
[12:55:43.366]: (0.5, 1.5, 2.0) 2
[12:55:43.384]: (0.5, 1.5, 2.0) 2
[12:55:43.401]: (0.5, 1.4, 2.0) 2
[12:55:43.419]: (0.5, 1.4, 2.1) 7
[12:55:43.452]: (0.5, 1.3, 2.1) 7
[12:55:43.493]: (0.5, 1.3, 2.1) 7
[12:55:44.438]: (-1.1, 1.6, 2.7) 57
[12:55:44.461]: (-1.2, 1.6, 2.9) 55
[12:55:44.550]: (-1.2, 1.6, 2.8) 55
[12:55:44.571]: (-1.2, 1.6, 2.8) 55
[12:55:44.595]: (-1.2, 1.6, 2.8) 55
[12:55:44.615]: (-1.2, 1.6, 2.8) 55
[12:55:44.638]: (-1.2, 1.6, 2.8) 55
[12:55:44.660]: (-1.2, 1.6, 2.8) 55
[12:55:44.682]: (-1.2, 1.6, 2.8) 55
[12:55:44.705]: (-1.2, 1.6, 2.8) 55
[12:55:44.728]: (-1.2, 1.6, 2.8) 55
[12:55:44.746]: (-1.2, 1.6, 2.8) 55
[12:55:44.763]: (-1.2, 1.6, 2.8) 55
[12:55:44.780]: (-1.2, 1.6, 2.8) 55
[12:55:44.826]: (-0.4, 1.6, 2.4) 39
[12:55:44.913]: (-0.3, 1.6, 2.5) 39
[12:55:44.932]: (-0.3, 1.6, 2.4) 39
[12:55:44.950]: (-0.3, 1.6, 2.7) 35
[12:55:44.967]: (-0.3, 1.6, 2.7) 35
[12:55:44.983]: (-0.3, 1.6, 2.5) 39
[12:55:45.045]: (-0.2, 1.6, 2.7) 35
[12:55:45.137]: (-0.2, 1.6, 2.7) 35
[12:55:45.153]: (-0.2, 1.6, 2.7) 35
[12:55:45.170]: (-0.2, 1.6, 2.7) 35
[12:55:45.188]: (-0.2, 1.6, 2.7) 35
[12:55:45.205]: (-0.3, 1.6, 2.4) 39
[12:55:45.222]: (-0.3, 1.6, 2.4) 39
[12:55:45.238]: (-0.3, 1.6, 2.4) 39
[12:55:45.261]: (-0.3, 1.6, 2.4) 39
[12:55:45.281]: (-0.3, 1.6, 2.4) 39
[12:55:45.305]: (-0.3, 1.6, 2.4) 39
[12:55:45.326]: (-0.3, 1.6, 2.4) 39
[12:55:45.349]: (-0.3, 1.7, 2.8) 33
[12:55:45.371]: (-0.3, 1.7, 2.8) 33
[12:55:45.393]: (-0.3, 1.7, 2.8) 33
[12:55:45.417]: (-0.3, 1.6, 2.7) 35
[12:55:45.437]: (-0.3, 1.7, 2.8) 33
[12:55:45.460]: (-0.3, 1.6, 2.7) 35
[12:55:45.482]: (-0.3, 1.6, 2.7) 35
[12:55:45.505]: (-0.3, 1.7, 2.8) 33
[12:55:45.527]: (-0.3, 1.7, 2.8) 33
[12:55:45.548]: (-0.3, 1.7, 2.8) 33
[12:55:45.571]: (-0.3, 1.7, 2.8) 33
[12:55:45.592]: (-0.3, 1.7, 2.8) 33
[12:55:45.616]: (-0.3, 1.7, 2.8) 33
[12:55:45.638]: (-0.3, 1.7, 2.8) 33
[12:55:45.660]: (-0.3, 1.7, 2.8) 33
[12:55:45.682]: (-0.3, 1.7, 2.8) 33
[12:55:45.704]: (-0.3, 1.7, 2.8) 33
[12:55:45.721]: (-0.3, 1.7, 2.8) 33
[12:55:45.738]: (-0.3, 1.7, 2.8) 33
[12:55:45.755]: (-0.3, 1.6, 2.4) 39
[12:55:45.774]: (-0.1, 1.7, 2.6) 36
[12:55:46.150]: (0.3, 1.5, 2.2) 5
[12:55:46.170]: (0.3, 1.5, 2.2) 5
[12:55:46.193]: (0.3, 1.5, 2.2) 5
[12:55:46.215]: (0.3, 1.5, 2.2) 5
[12:55:46.238]: (0.3, 1.5, 2.2) 5
[12:55:46.260]: (0.3, 1.5, 2.1) 5
[12:55:46.326]: (0.4, 1.5, 2.1) 1
[12:55:46.349]: (0.4, 1.5, 2.0) 1
[12:55:46.370]: (0.4, 1.5, 2.0) 1
[12:55:46.438]: (1.3, 2.0, 3.7) 53
[12:55:46.723]: (0.6, 1.6, 2.2) 0
[12:55:47.018]: (1.6, 1.7, 2.9) 14
[12:55:47.148]: (1.7, 1.7, 3.2) 15
[12:55:47.170]: (1.7, 1.7, 3.1) 15
[12:55:47.192]: (1.7, 1.8, 3.1) 15
[12:55:47.214]: (1.6, 1.8, 3.0) 9
[12:55:47.237]: (1.7, 1.8, 3.1) 15
[12:55:47.260]: (1.5, 1.8, 3.0) 13
[12:55:47.303]: (0.6, 1.6, 2.2) 3
[12:55:47.325]: (0.6, 1.6, 2.2) 3
[12:55:47.348]: (0.6, 1.6, 2.2) 3
[12:55:47.370]: (0.6, 1.6, 2.2) 3
[12:55:47.392]: (0.6, 1.6, 2.2) 3
[12:55:47.414]: (0.6, 1.6, 2.2) 3
[12:55:47.438]: (0.6, 1.6, 2.2) 3
[12:55:47.456]: (0.6, 1.6, 2.2) 3
[12:55:47.472]: (0.6, 1.6, 2.2) 3
[12:55:47.488]: (0.6, 1.6, 2.2) 3
[12:55:47.505]: (0.6, 1.6, 2.2) 3
[12:55:47.522]: (0.6, 1.6, 2.2) 3
[12:55:47.538]: (0.5, 1.6, 2.2) 3
[12:55:47.555]: (0.6, 1.6, 2.2) 3
[12:55:47.573]: (0.5, 1.6, 2.2) 3
[12:55:47.592]: (0.5, 1.6, 2.2) 3
[12:55:47.610]: (0.6, 1.6, 2.2) 3
[12:55:47.627]: (0.5, 1.6, 2.2) 3
[12:55:47.646]: (0.5, 1.6, 2.2) 3
[12:55:47.662]: (0.5, 1.7, 2.2) 3
[12:55:47.680]: (0.5, 1.7, 2.2) 3
[12:55:47.697]: (0.5, 1.7, 2.2) 3
[12:55:47.730]: (1.0, 1.9, 3.7) 44
[12:55:47.762]: (1.0, 1.9, 3.7) 44
[12:55:47.781]: (1.0, 2.0, 3.7) 44
[12:55:47.797]: (1.0, 2.0, 3.7) 47
[12:55:47.814]: (1.0, 2.0, 3.7) 44
[12:55:47.830]: (1.1, 2.1, 3.9) 50
[12:55:47.992]: (1.7, 2.0, 3.1) 16
[12:55:48.015]: (1.5, 1.9, 2.9) 12
[12:55:48.036]: (1.6, 1.9, 2.9) 12
[12:55:48.059]: (1.5, 1.9, 2.9) 12
[12:55:48.082]: (1.6, 1.9, 2.9) 12
[12:55:48.126]: (1.2, 2.1, 3.8) 45
[12:55:48.149]: (1.1, 2.1, 3.7) 45
[12:55:48.172]: (1.1, 2.1, 3.7) 45
[12:55:48.191]: (1.1, 2.1, 3.8) 45
[12:55:48.214]: (1.1, 2.1, 3.7) 51
[12:55:48.237]: (1.1, 2.1, 3.8) 45
[12:55:48.281]: (1.1, 2.1, 3.9) 50
[12:55:48.563]: (1.1, 2.1, 3.9) 50
[12:55:48.582]: (1.1, 2.1, 3.9) 50
[12:55:48.600]: (1.1, 2.1, 3.9) 50
[12:55:48.616]: (1.1, 2.1, 3.9) 50
[12:55:48.633]: (1.0, 2.1, 3.7) 47
[12:55:48.652]: (1.0, 2.1, 3.6) 47
[12:55:48.672]: (1.0, 2.1, 3.6) 47
[12:55:48.689]: (0.9, 2.0, 3.6) 47
[12:55:48.706]: (0.9, 2.0, 3.6) 47
[12:55:48.723]: (1.0, 2.0, 3.6) 47
[12:55:48.739]: (1.0, 2.0, 3.6) 47
[12:55:48.756]: (1.0, 2.0, 3.6) 47
[12:55:48.773]: (1.0, 2.0, 3.6) 47
[12:55:48.792]: (1.0, 2.0, 3.6) 47
[12:55:48.814]: (1.0, 2.0, 3.6) 47
[12:55:49.619]: (-1.0, 1.3, 1.7) 24
[12:55:49.636]: (-1.0, 1.2, 1.7) 24
[12:55:49.658]: (-1.0, 1.3, 1.7) 24
[12:55:49.681]: (-1.1, 1.3, 1.9) 19
[12:55:49.703]: (-1.0, 1.3, 1.7) 24
[12:55:49.728]: (-1.0, 1.3, 1.7) 24
[12:55:49.748]: (-1.1, 1.3, 1.9) 19
[12:55:49.769]: (-1.1, 1.3, 1.9) 19
[12:55:49.859]: (-1.1, 1.3, 1.7) 22
[12:55:49.880]: (-1.1, 1.3, 1.7) 22
[12:55:49.902]: (-1.1, 1.3, 1.7) 22
[12:55:49.947]: (-1.1, 1.3, 1.7) 22
[12:55:49.969]: (-1.1, 1.3, 1.7) 22
[12:55:49.991]: (-1.1, 1.3, 1.7) 22
[12:55:50.013]: (-1.1, 1.3, 1.7) 22
[12:55:50.036]: (-1.1, 1.3, 1.7) 22
[12:55:50.058]: (-1.1, 1.3, 1.7) 22
[12:55:50.080]: (-1.1, 1.3, 1.7) 24
[12:55:50.099]: (-1.1, 1.3, 1.7) 22
[12:55:50.116]: (-1.1, 1.3, 1.7) 22
[12:55:50.132]: (-1.1, 1.3, 1.7) 22
[12:55:50.150]: (-1.1, 1.3, 1.7) 22
[12:55:50.167]: (-1.2, 1.3, 1.9) 23
[12:55:50.184]: (-1.1, 1.3, 1.7) 22
[12:55:50.201]: (-1.1, 1.3, 1.7) 22
[12:55:50.218]: (-1.1, 1.3, 1.7) 22
[12:55:50.236]: (-1.1, 1.3, 1.7) 22
[12:55:50.253]: (-1.2, 1.3, 1.9) 23
[12:55:50.270]: (-1.2, 1.3, 1.9) 23
[12:55:50.287]: (-1.2, 1.3, 1.9) 19
[12:55:50.304]: (-1.1, 1.3, 1.7) 22
[12:55:50.323]: (-1.1, 1.3, 1.7) 22
[12:55:50.340]: (-1.1, 1.3, 1.7) 22
[12:55:50.358]: (-1.1, 1.3, 1.7) 22
[12:55:50.374]: (-1.1, 1.3, 1.7) 22
[12:55:50.391]: (-1.1, 1.3, 1.7) 22
[12:55:50.407]: (-1.1, 1.3, 1.7) 22
[12:55:50.425]: (-1.1, 1.3, 1.7) 22
[12:55:50.442]: (-1.1, 1.3, 1.7) 22
[12:55:50.461]: (-1.1, 1.3, 1.7) 22
[12:55:50.477]: (-1.1, 1.3, 1.7) 22
[12:55:50.495]: (-1.1, 1.3, 1.7) 22
[12:55:50.512]: (-1.1, 1.3, 1.7) 22
[12:55:50.530]: (-1.1, 1.3, 1.7) 22
[12:55:50.546]: (-1.1, 1.3, 1.7) 22
[12:55:50.569]: (-1.1, 1.3, 1.7) 22
[12:55:50.591]: (-1.1, 1.3, 1.7) 22
[12:55:50.614]: (-1.1, 1.3, 1.7) 22
[12:55:50.635]: (-1.1, 1.3, 1.7) 22
[12:55:50.658]: (-1.1, 1.3, 1.7) 22
[12:55:50.680]: (-1.1, 1.3, 1.7) 22
[12:55:50.702]: (-1.1, 1.3, 1.7) 22
[12:55:50.725]: (-1.1, 1.3, 1.7) 22
[12:55:50.747]: (-1.1, 1.3, 1.7) 22
[12:55:50.769]: (-1.1, 1.3, 1.7) 22
[12:55:50.791]: (-1.1, 1.3, 1.7) 22
[12:55:50.814]: (-1.1, 1.3, 1.7) 22
[12:55:50.835]: (-1.1, 1.3, 1.7) 22
[12:55:50.858]: (-1.1, 1.3, 1.7) 22
[12:55:50.880]: (-1.1, 1.3, 1.7) 22
[12:55:50.902]: (-1.1, 1.3, 1.7) 22
[12:55:50.925]: (-1.1, 1.3, 1.6) 22
[12:55:50.947]: (-1.1, 1.3, 1.6) 22
[12:55:50.968]: (-1.1, 1.3, 1.6) 22
[12:55:50.985]: (-1.1, 1.3, 1.6) 22
[12:55:51.004]: (-1.1, 1.3, 1.6) 22
[12:55:51.019]: (-1.1, 1.3, 1.7) 22
[12:55:51.037]: (-1.1, 1.3, 1.7) 22
[12:55:51.054]: (-1.1, 1.3, 1.7) 22
[12:55:51.071]: (-1.1, 1.3, 1.7) 22
[12:55:51.088]: (-1.1, 1.3, 1.7) 22
[12:55:51.105]: (-1.1, 1.3, 1.7) 22
[12:55:51.123]: (-1.1, 1.3, 1.7) 22
[12:55:51.140]: (-1.1, 1.3, 1.7) 24
[12:55:51.157]: (-1.0, 1.3, 1.7) 24
[12:55:51.173]: (-1.0, 1.3, 1.7) 24
[12:55:51.190]: (-1.0, 1.3, 1.7) 24
[12:55:51.207]: (-1.0, 1.3, 1.7) 24
[12:55:51.223]: (-1.0, 1.3, 1.7) 24
[12:55:51.239]: (-1.0, 1.3, 1.7) 24
[12:55:51.257]: (-1.0, 1.3, 1.7) 24
[12:55:51.274]: (-1.0, 1.3, 1.7) 24
[12:55:51.291]: (-1.0, 1.3, 1.7) 24
[12:55:51.308]: (-1.0, 1.3, 1.7) 24
[12:55:51.326]: (-1.0, 1.3, 1.7) 24
[12:55:51.343]: (-1.0, 1.3, 1.7) 24
[12:55:51.361]: (-1.0, 1.3, 1.7) 24
[12:55:51.378]: (-1.0, 1.3, 1.7) 24
[12:55:51.393]: (-1.0, 1.3, 1.7) 24
[12:55:51.409]: (-1.0, 1.3, 1.7) 24
[12:55:51.426]: (-1.0, 1.3, 1.7) 24
[12:55:51.447]: (-1.0, 1.3, 1.7) 24
[12:55:51.468]: (-1.0, 1.3, 1.7) 24
[12:55:51.491]: (-1.0, 1.3, 1.7) 24
[12:55:51.513]: (-1.0, 1.3, 1.7) 32
[12:55:51.535]: (-1.0, 1.3, 1.7) 32
[12:55:51.559]: (-1.0, 1.3, 1.7) 32
[12:55:51.579]: (-1.0, 1.3, 1.7) 32
[12:55:51.602]: (-1.0, 1.3, 1.9) 25
[12:55:51.624]: (-1.0, 1.3, 1.9) 25
[12:55:51.646]: (-1.0, 1.3, 1.9) 25
[12:55:51.668]: (-1.0, 1.3, 1.9) 25
[12:55:51.691]: (-1.0, 1.3, 1.9) 25
[12:55:51.713]: (-1.0, 1.3, 1.9) 25
[12:55:51.735]: (-1.0, 1.3, 1.9) 25
[12:55:51.757]: (-1.0, 1.3, 2.0) 25
[12:55:51.959]: (-1.1, 1.3, 2.0) 19
[12:55:51.992]: (-1.2, 1.4, 1.9) 23
[12:55:52.025]: (-1.2, 1.3, 1.9) 23
[12:55:52.042]: (-1.1, 1.3, 1.7) 22
[12:55:52.073]: (-1.1, 1.3, 1.7) 22
[12:55:52.090]: (-1.1, 1.3, 1.7) 22
[12:55:52.107]: (-1.1, 1.3, 1.7) 22
[12:55:52.124]: (-1.1, 1.3, 1.7) 22
[12:55:52.141]: (-1.1, 1.3, 1.7) 22
[12:55:52.159]: (-1.1, 1.3, 1.7) 22
[12:55:52.176]: (-1.1, 1.3, 1.7) 22
[12:55:52.193]: (-1.1, 1.3, 1.7) 22
[12:55:52.210]: (-1.1, 1.3, 1.7) 22
[12:55:52.227]: (-1.1, 1.3, 1.7) 22
[12:55:52.243]: (-1.1, 1.3, 1.7) 22
[12:55:52.261]: (-1.1, 1.3, 1.7) 22
[12:55:52.278]: (-1.1, 1.3, 1.6) 22
[12:55:52.294]: (-1.3, 1.3, 1.8) 21
[12:55:52.311]: (-1.3, 1.3, 1.7) 21
[12:55:52.412]: (-1.3, 1.3, 1.7) 21
[12:55:52.435]: (-1.3, 1.3, 1.7) 21
[12:55:52.458]: (-1.3, 1.3, 1.7) 21
[12:55:52.479]: (-1.3, 1.3, 1.7) 21
[12:55:52.502]: (-1.3, 1.3, 1.7) 21
[12:55:52.593]: (-0.4, 1.6, 2.6) 38
[12:55:52.612]: (-0.4, 1.7, 2.6) 38
[12:55:52.635]: (-0.4, 1.6, 2.5) 34
[12:55:52.658]: (-0.4, 1.6, 2.6) 38
[12:55:52.680]: (-0.4, 1.6, 2.5) 34
[12:55:52.702]: (-0.4, 1.6, 2.5) 39
[12:55:52.724]: (-0.4, 1.6, 2.4) 39
[12:55:52.748]: (-0.3, 1.6, 2.4) 39
[12:55:52.769]: (-0.3, 1.6, 2.4) 39
[12:55:52.791]: (-0.3, 1.6, 2.4) 39
[12:55:52.813]: (-0.3, 1.6, 2.4) 39
[12:55:52.830]: (-0.3, 1.6, 2.4) 39
[12:55:52.847]: (-0.3, 1.6, 2.4) 39
[12:55:52.863]: (-0.3, 1.6, 2.4) 39
[12:55:52.880]: (-0.3, 1.6, 2.4) 39
[12:55:52.896]: (-0.3, 1.6, 2.4) 39
[12:55:52.915]: (-0.4, 1.6, 2.4) 39
[12:55:52.935]: (-0.4, 1.6, 2.4) 39
[12:55:52.955]: (-0.4, 1.6, 2.4) 39
[12:55:52.978]: (-0.4, 1.6, 2.4) 39
[12:55:52.996]: (-0.3, 1.6, 2.4) 39
[12:55:53.016]: (-0.3, 1.6, 2.4) 39
[12:55:53.035]: (-0.3, 1.6, 2.7) 35
[12:55:53.053]: (-0.3, 1.6, 2.4) 39
[12:55:53.072]: (-0.3, 1.6, 2.5) 39
[12:55:53.091]: (-0.3, 1.6, 2.5) 39
[12:55:53.110]: (-0.3, 1.6, 2.4) 39
[12:55:53.129]: (-0.3, 1.6, 2.4) 39
[12:55:53.147]: (-0.3, 1.6, 2.4) 39
[12:55:53.164]: (-0.3, 1.6, 2.4) 39
[12:55:53.182]: (-0.3, 1.6, 2.4) 39
[12:55:53.199]: (-0.3, 1.6, 2.4) 39
[12:55:53.216]: (-0.3, 1.6, 2.4) 39
[12:55:53.233]: (-0.3, 1.6, 2.4) 39
[12:55:53.250]: (-0.3, 1.6, 2.4) 39
[12:55:53.269]: (-0.3, 1.6, 2.4) 39
[12:55:53.288]: (-0.3, 1.6, 2.4) 39
[12:55:53.305]: (-0.3, 1.5, 2.4) 39
[12:55:53.325]: (-0.3, 1.6, 2.4) 39
[12:55:53.347]: (-0.3, 1.6, 2.4) 39
[12:55:53.368]: (-0.3, 1.6, 2.4) 39
[12:55:53.391]: (-0.4, 1.6, 2.5) 39
[12:55:53.413]: (-0.3, 1.6, 2.4) 39
[12:55:53.435]: (-0.3, 1.6, 2.4) 39
[12:55:53.458]: (-0.3, 1.6, 2.5) 39
[12:55:53.480]: (-0.3, 1.6, 2.4) 39
[12:55:53.501]: (-0.3, 1.6, 2.4) 39
[12:55:53.524]: (-0.3, 1.6, 2.4) 39
[12:55:53.546]: (-0.3, 1.6, 2.4) 39
[12:55:53.568]: (-0.3, 1.6, 2.4) 39
[12:55:53.591]: (-0.3, 1.6, 2.4) 39
[12:55:53.614]: (-0.3, 1.6, 2.4) 39
[12:55:53.635]: (-0.3, 1.6, 2.4) 39
[12:55:53.657]: (-0.3, 1.6, 2.4) 39
[12:55:53.680]: (-0.3, 1.6, 2.4) 39
[12:55:53.701]: (-0.3, 1.6, 2.4) 39
[12:55:53.725]: (-0.3, 1.6, 2.4) 39
[12:55:53.745]: (-0.3, 1.6, 2.4) 39
[12:55:53.770]: (-0.3, 1.6, 2.4) 39
[12:55:53.789]: (-0.3, 1.6, 2.4) 39
[12:55:53.807]: (-0.3, 1.6, 2.4) 39
[12:55:53.824]: (-0.3, 1.6, 2.4) 39
[12:55:53.842]: (-0.4, 1.6, 2.5) 39
[12:55:53.862]: (-0.4, 1.6, 2.6) 38
[12:55:54.114]: (-0.4, 1.6, 2.5) 34
[12:55:54.135]: (-0.3, 1.6, 2.4) 39
[12:55:54.155]: (-0.3, 1.6, 2.4) 39
[12:55:54.172]: (-0.3, 1.6, 2.4) 39
[12:55:54.192]: (-0.3, 1.6, 2.4) 39
[12:55:54.209]: (-0.3, 1.6, 2.4) 39
[12:55:54.225]: (-0.3, 1.6, 2.4) 39
[12:55:54.242]: (-0.3, 1.6, 2.4) 39
[12:55:54.259]: (-0.3, 1.6, 2.4) 39
[12:55:54.278]: (-0.3, 1.6, 2.4) 39
[12:55:54.302]: (-0.3, 1.6, 2.4) 39
[12:55:54.325]: (-0.3, 1.6, 2.4) 39
[12:55:54.346]: (-0.3, 1.6, 2.4) 39
[12:55:54.368]: (-0.3, 1.6, 2.4) 39
[12:55:54.389]: (-0.3, 1.6, 2.4) 39
[12:55:54.412]: (-0.3, 1.6, 2.4) 39
[12:55:54.434]: (-0.3, 1.6, 2.4) 39
[12:55:54.457]: (-0.3, 1.6, 2.4) 39
[12:55:54.479]: (-0.3, 1.6, 2.4) 39
[12:55:54.500]: (-0.3, 1.6, 2.4) 39
[12:55:54.523]: (-0.3, 1.6, 2.4) 39
[12:55:54.544]: (-0.3, 1.6, 2.4) 39
[12:55:54.567]: (-0.3, 1.6, 2.4) 39
[12:55:54.590]: (-0.3, 1.6, 2.4) 39
[12:55:54.612]: (-0.3, 1.6, 2.4) 39
[12:55:54.636]: (-0.3, 1.6, 2.4) 39
[12:55:54.656]: (-0.3, 1.6, 2.4) 39
[12:55:54.678]: (-0.3, 1.6, 2.4) 39
[12:55:54.700]: (-0.3, 1.6, 2.4) 39
[12:55:54.718]: (-0.3, 1.6, 2.4) 39
[12:55:54.735]: (-0.3, 1.6, 2.4) 39
[12:55:54.751]: (-0.3, 1.6, 2.4) 39
[12:55:54.767]: (-0.3, 1.6, 2.4) 39
[12:55:54.786]: (-0.3, 1.6, 2.4) 39
[12:55:54.805]: (-0.3, 1.6, 2.4) 39
[12:55:54.822]: (-0.3, 1.6, 2.4) 39
[12:55:54.839]: (-0.3, 1.6, 2.4) 39
[12:55:54.857]: (-0.3, 1.6, 2.4) 39
[12:55:54.874]: (-0.3, 1.6, 2.4) 39
[12:55:54.890]: (-0.3, 1.6, 2.4) 39
[12:55:54.907]: (-0.4, 1.6, 2.5) 34
[12:55:54.986]: (-1.1, 1.7, 2.9) 58
[12:55:55.002]: (-1.1, 1.7, 2.9) 58
[12:55:55.018]: (-1.1, 1.7, 2.9) 58
[12:55:55.036]: (-1.1, 1.7, 2.9) 58
[12:55:55.053]: (-1.1, 1.7, 3.0) 58
[12:55:55.131]: (-1.1, 1.6, 2.8) 57
[12:55:55.163]: (-1.1, 1.6, 2.8) 57
[12:55:55.222]: (-1.1, 1.6, 2.8) 57
[12:55:55.244]: (-1.1, 1.6, 2.8) 57
[12:55:55.266]: (-1.1, 1.6, 2.8) 57
[12:55:55.422]: (0.4, 1.5, 2.0) 1
[12:55:55.443]: (0.4, 1.5, 2.0) 1
[12:55:55.466]: (0.4, 1.5, 2.0) 1
[12:55:55.511]: (0.5, 1.5, 2.1) 2
[12:55:55.556]: (0.5, 1.5, 2.1) 2
[12:55:55.579]: (0.5, 1.5, 2.0) 2
[12:55:55.602]: (0.5, 1.5, 2.1) 2
[12:55:55.680]: (0.5, 1.5, 2.1) 2
[12:55:55.756]: (0.5, 1.5, 2.1) 2
[12:55:55.774]: (0.5, 1.5, 2.1) 2
[12:55:55.794]: (0.5, 1.5, 2.1) 2
[12:55:55.811]: (0.5, 1.5, 2.0) 2
[12:55:55.830]: (0.5, 1.5, 2.1) 2
[12:55:55.910]: (0.4, 1.5, 2.0) 1
[12:55:55.973]: (-0.3, 1.6, 2.5) 39
[12:55:55.991]: (-0.3, 1.6, 2.4) 39
[12:55:56.007]: (-0.3, 1.5, 2.4) 39
[12:55:56.024]: (-0.3, 1.5, 2.4) 39
[12:55:56.041]: (-0.3, 1.5, 2.4) 39
[12:55:56.058]: (-0.3, 1.5, 2.4) 39
[12:55:56.075]: (-0.3, 1.5, 2.4) 39
[12:55:56.092]: (-0.3, 1.5, 2.4) 39
[12:55:56.110]: (-0.3, 1.5, 2.4) 39
[12:55:56.132]: (-0.3, 1.6, 2.4) 39
[12:55:56.156]: (-0.3, 1.6, 2.4) 39
[12:55:56.179]: (-0.3, 1.5, 2.4) 39
[12:55:56.200]: (-0.3, 1.5, 2.4) 39
[12:55:56.222]: (-0.3, 1.5, 2.4) 39
[12:55:56.244]: (-0.3, 1.6, 2.4) 39
[12:55:56.266]: (-0.3, 1.6, 2.4) 39
[12:55:56.288]: (-0.3, 1.6, 2.4) 39
[12:55:56.310]: (-0.2, 1.6, 2.7) 35
[12:55:56.334]: (-0.3, 1.6, 2.7) 35
[12:55:56.355]: (-0.3, 1.6, 2.5) 39
[12:55:56.377]: (-0.3, 1.6, 2.5) 39
[12:55:56.399]: (-0.3, 1.6, 2.5) 39
[12:55:56.421]: (-0.3, 1.6, 2.7) 35
[12:55:56.443]: (-0.3, 1.6, 2.7) 35
[12:55:56.466]: (-0.3, 1.6, 2.5) 39
[12:55:56.490]: (-0.3, 1.6, 2.5) 39
[12:55:56.510]: (-0.3, 1.6, 2.5) 39
[12:55:56.527]: (-0.3, 1.6, 2.5) 39
[12:55:56.545]: (-0.3, 1.6, 2.4) 39
[12:55:56.561]: (-0.3, 1.6, 2.4) 39
[12:55:56.579]: (-0.3, 1.6, 2.4) 39
[12:55:56.595]: (-0.3, 1.5, 2.4) 39
[12:55:56.612]: (-0.3, 1.5, 2.4) 39
[12:55:56.630]: (-0.3, 1.5, 2.4) 39
[12:55:56.648]: (-0.3, 1.5, 2.4) 39
[12:55:56.664]: (-0.3, 1.5, 2.5) 39
[12:55:56.823]: (-0.3, 1.5, 2.5) 39
[12:55:56.840]: (-0.3, 1.5, 2.5) 39
[12:55:56.858]: (-0.3, 1.5, 2.5) 39
[12:55:56.874]: (-0.3, 1.5, 2.4) 39
[12:55:56.892]: (-0.3, 1.5, 2.4) 39
[12:55:56.909]: (-0.3, 1.5, 2.4) 39
[12:55:56.926]: (-0.3, 1.5, 2.4) 39
[12:55:56.942]: (-0.3, 1.5, 2.4) 39
[12:55:56.959]: (-0.3, 1.5, 2.4) 39
[12:55:56.989]: (-0.4, 1.6, 2.6) 38
[12:55:57.054]: (-0.4, 1.6, 2.6) 38
[12:55:57.099]: (-0.4, 1.6, 2.6) 38
[12:55:57.123]: (-0.4, 1.6, 2.6) 38
[12:55:57.144]: (-0.4, 1.6, 2.6) 38
[12:55:57.189]: (-0.3, 1.6, 2.4) 39
[12:55:57.209]: (-0.3, 1.6, 2.4) 39
[12:55:57.233]: (-0.4, 1.6, 2.4) 39
[12:55:57.255]: (-0.3, 1.6, 2.4) 39
[12:55:57.278]: (-0.3, 1.6, 2.4) 39
[12:55:57.299]: (-0.4, 1.6, 2.6) 38
[12:55:57.366]: (-1.1, 1.5, 2.7) 57
[12:55:57.391]: (-1.1, 1.5, 2.7) 57
[12:55:57.470]: (-1.2, 1.6, 2.8) 55
[12:55:57.487]: (-1.2, 1.6, 2.8) 55
[12:55:57.503]: (-1.2, 1.6, 2.8) 55
[12:55:57.534]: (-1.1, 1.3, 1.7) 22
[12:55:57.552]: (-1.1, 1.3, 1.7) 22
[12:55:57.570]: (-1.2, 1.3, 1.7) 22
[12:55:57.586]: (-1.2, 1.3, 1.7) 22
[12:55:57.604]: (-1.2, 1.3, 1.7) 22
[12:55:57.621]: (-1.2, 1.3, 1.7) 22
[12:55:57.637]: (-1.2, 1.3, 1.7) 22
[12:55:57.655]: (-1.1, 1.3, 1.7) 22
[12:55:57.672]: (-1.1, 1.3, 1.7) 22
[12:55:57.689]: (-1.1, 1.3, 1.7) 22
[12:55:57.706]: (-1.1, 1.3, 1.7) 22
[12:55:57.724]: (-1.1, 1.3, 1.7) 22
[12:55:57.740]: (-1.1, 1.3, 1.7) 22
[12:55:57.757]: (-1.1, 1.3, 1.7) 22
[12:55:57.774]: (-1.1, 1.3, 1.7) 22
[12:55:57.791]: (-1.1, 1.3, 1.7) 22
[12:55:57.853]: (-1.4, 1.6, 2.7) 62
[12:55:57.870]: (-1.3, 1.6, 2.7) 62
[12:55:57.889]: (-1.3, 1.5, 2.7) 62
[12:55:57.909]: (-1.3, 1.5, 2.7) 62
[12:55:57.932]: (-1.3, 1.5, 2.7) 62
[12:55:57.955]: (-1.3, 1.5, 2.7) 62
[12:55:57.977]: (-1.3, 1.5, 2.7) 62
[12:55:57.998]: (-1.3, 1.6, 2.7) 62
[12:55:58.021]: (-1.3, 1.6, 2.7) 62
[12:55:58.044]: (-1.3, 1.6, 2.7) 62
[12:55:58.065]: (-1.3, 1.6, 2.7) 62
[12:55:58.087]: (-1.3, 1.6, 2.7) 62
[12:55:58.110]: (-1.1, 1.6, 2.7) 57
[12:55:58.343]: (-0.9, 1.7, 3.0) 59
[12:55:58.375]: (-0.4, 1.7, 2.5) 37
[12:55:58.392]: (-0.4, 1.7, 2.5) 37
[12:55:58.439]: (-0.4, 1.6, 2.6) 38
[12:55:58.457]: (-0.4, 1.6, 2.6) 34
[12:55:58.474]: (-0.4, 1.6, 2.6) 34
[12:55:58.491]: (-0.4, 1.6, 2.6) 34
[12:55:58.507]: (-0.4, 1.6, 2.6) 34
[12:55:58.525]: (-0.4, 1.6, 2.5) 34
[12:55:58.542]: (-0.3, 1.6, 2.4) 39
[12:55:58.560]: (-0.3, 1.6, 2.4) 39
[12:55:58.577]: (-0.4, 1.6, 2.5) 39
[12:55:58.595]: (-0.4, 1.6, 2.5) 34
[12:55:58.611]: (-0.3, 1.6, 2.4) 39
[12:55:58.629]: (-0.3, 1.6, 2.4) 39
[12:55:58.645]: (-0.3, 1.5, 2.4) 39
[12:55:58.662]: (-0.3, 1.5, 2.4) 39
[12:55:58.696]: (-0.3, 1.5, 2.4) 39
[12:55:58.712]: (-0.3, 1.5, 2.5) 39
[12:55:58.728]: (-0.3, 1.5, 2.4) 39
[12:55:58.745]: (-0.3, 1.5, 2.4) 39
[12:55:58.765]: (-0.3, 1.5, 2.5) 39
[12:55:59.009]: (1.2, 2.0, 3.8) 46
[12:55:59.054]: (1.1, 2.1, 3.7) 45
[12:55:59.077]: (1.1, 2.1, 3.8) 45
[12:55:59.098]: (1.1, 2.0, 3.7) 44
[12:55:59.144]: (1.1, 2.0, 3.7) 44
[12:55:59.165]: (1.1, 1.9, 3.6) 49
[12:55:59.187]: (1.0, 2.0, 3.7) 44
[12:55:59.210]: (1.0, 1.9, 3.7) 44
[12:55:59.292]: (1.1, 1.9, 3.7) 49
[12:55:59.309]: (0.4, 1.6, 2.0) 4
[12:55:59.328]: (0.5, 1.6, 2.2) 3
[12:55:59.345]: (0.5, 1.6, 2.2) 3
[12:55:59.361]: (0.6, 1.6, 2.2) 3
[12:55:59.377]: (0.5, 1.5, 2.1) 2
[12:55:59.425]: (0.5, 1.5, 2.1) 2
[12:55:59.442]: (0.5, 1.5, 2.1) 2
[12:55:59.460]: (0.5, 1.5, 2.1) 2
[12:55:59.477]: (0.6, 1.5, 2.1) 2
[12:55:59.493]: (0.6, 1.5, 2.1) 2
[12:55:59.510]: (0.6, 1.5, 2.0) 2
[12:55:59.527]: (0.6, 1.5, 2.0) 2
[12:55:59.544]: (0.6, 1.5, 2.0) 2
[12:55:59.561]: (0.6, 1.5, 2.0) 2
[12:55:59.578]: (0.5, 1.5, 2.0) 2
[12:55:59.596]: (0.5, 1.5, 2.1) 2
[12:55:59.613]: (0.5, 1.5, 2.1) 2
[12:55:59.629]: (0.5, 1.5, 2.1) 2
[12:55:59.646]: (0.5, 1.5, 2.1) 2
[12:55:59.662]: (0.5, 1.5, 2.1) 2
[12:55:59.679]: (0.5, 1.5, 2.1) 2
[12:55:59.694]: (0.5, 1.5, 2.1) 2
[12:55:59.711]: (0.5, 1.5, 2.1) 2
[12:55:59.731]: (0.5, 1.5, 2.1) 2
[12:55:59.754]: (0.5, 1.5, 2.1) 2
[12:55:59.778]: (0.5, 1.5, 2.1) 2
[12:55:59.799]: (0.5, 1.5, 2.1) 2
[12:55:59.820]: (0.5, 1.5, 2.1) 2
[12:55:59.842]: (0.5, 1.5, 2.1) 2
[12:55:59.864]: (0.5, 1.5, 2.1) 2
[12:55:59.887]: (0.4, 1.5, 2.0) 1
[12:55:59.956]: (-0.2, 1.6, 2.6) 35
[12:55:59.974]: (-0.3, 1.6, 2.5) 39
[12:55:59.998]: (-0.3, 1.5, 2.4) 39
[12:56:00.022]: (-0.3, 1.6, 2.4) 39
[12:56:00.044]: (-0.3, 1.6, 2.4) 39
[12:56:00.088]: (-0.4, 1.6, 2.6) 38
[12:56:00.109]: (-0.4, 1.5, 2.6) 38
[12:56:00.254]: (-1.1, 1.6, 2.7) 57
[12:56:00.272]: (-1.2, 1.6, 2.8) 57
[12:56:00.289]: (-1.1, 1.6, 2.7) 57
[12:56:00.336]: (-1.2, 1.6, 2.8) 55
[12:56:00.354]: (-1.1, 1.6, 2.7) 57
[12:56:00.643]: (-1.1, 1.3, 1.7) 22
[12:56:00.665]: (-1.2, 1.3, 1.7) 22
[12:56:00.687]: (-1.2, 1.3, 1.7) 22
[12:56:00.709]: (-1.2, 1.3, 1.7) 21
[12:56:00.734]: (-1.3, 1.3, 1.8) 21
[12:56:00.753]: (-1.3, 1.3, 1.7) 21
[12:56:00.775]: (-1.3, 1.3, 1.7) 21
[12:56:00.797]: (-1.2, 1.3, 1.7) 21
[12:56:00.822]: (-1.2, 1.3, 1.7) 21
[12:56:00.841]: (-1.2, 1.3, 1.7) 22
[12:56:00.865]: (-1.2, 1.3, 1.6) 30
[12:56:00.886]: (-1.2, 1.3, 1.7) 21
[12:56:00.910]: (-1.2, 1.3, 1.7) 22
[12:56:00.930]: (-1.2, 1.3, 1.7) 21
[12:56:00.954]: (-1.2, 1.3, 1.7) 21
[12:56:00.975]: (-1.2, 1.3, 1.7) 21
[12:56:00.997]: (-1.2, 1.3, 1.7) 21
[12:56:01.020]: (-1.2, 1.3, 1.7) 21
[12:56:01.038]: (-1.3, 1.3, 1.7) 21
[12:56:01.056]: (-1.2, 1.3, 1.7) 21
[12:56:01.073]: (-1.2, 1.3, 1.6) 30
[12:56:01.090]: (-1.2, 1.3, 1.7) 21
[12:56:01.108]: (-1.2, 1.3, 1.7) 21
[12:56:01.125]: (-1.2, 1.3, 1.6) 22
[12:56:01.141]: (-1.2, 1.3, 1.7) 22
[12:56:01.158]: (-1.2, 1.3, 1.6) 22
[12:56:01.177]: (-1.1, 1.3, 1.7) 22
[12:56:01.239]: (-0.3, 1.6, 2.4) 39
[12:56:01.257]: (-0.4, 1.5, 2.5) 39
[12:56:01.274]: (-0.3, 1.6, 2.4) 39
[12:56:01.292]: (-0.3, 1.5, 2.5) 39
[12:56:01.309]: (-0.2, 1.6, 2.6) 35
[12:56:01.328]: (-0.2, 1.5, 2.6) 40
[12:56:01.346]: (-0.3, 1.5, 2.5) 39
[12:56:01.363]: (-0.3, 1.6, 2.4) 39
[12:56:01.380]: (-0.3, 1.6, 2.5) 39
[12:56:01.397]: (-0.3, 1.6, 2.5) 39
[12:56:01.415]: (-0.2, 1.6, 2.7) 35
[12:56:01.431]: (-0.2, 1.6, 2.7) 35
[12:56:01.448]: (-0.2, 1.6, 2.6) 35
[12:56:01.464]: (-0.2, 1.6, 2.6) 35
[12:56:01.496]: (-0.1, 1.6, 2.5) 42
[12:56:01.529]: (0.6, 1.6, 2.2) 3
[12:56:01.553]: (1.6, 1.8, 2.9) 9
[12:56:01.732]: (1.8, 1.8, 3.0) 11
[12:56:01.753]: (1.8, 1.8, 3.0) 11
[12:56:01.775]: (1.8, 1.8, 3.0) 18
[12:56:01.798]: (1.8, 1.8, 3.0) 18
[12:56:01.819]: (1.8, 1.7, 3.0) 18
[12:56:01.843]: (1.8, 1.8, 3.1) 11
[12:56:01.865]: (1.7, 1.7, 2.9) 14
[12:56:01.886]: (1.7, 1.7, 2.9) 14
[12:56:01.908]: (1.6, 1.7, 2.9) 14
[12:56:01.930]: (1.6, 1.7, 2.9) 14
[12:56:01.947]: (1.6, 1.7, 2.9) 14
[12:56:01.965]: (1.6, 1.7, 2.9) 14
[12:56:01.982]: (1.6, 1.7, 2.9) 14
[12:56:01.998]: (1.6, 1.7, 2.9) 14
[12:56:02.015]: (1.7, 1.7, 3.1) 15
[12:56:02.032]: (1.7, 1.7, 3.1) 15
[12:56:02.051]: (1.7, 1.7, 3.1) 15
[12:56:02.068]: (1.7, 1.7, 3.2) 15
[12:56:02.102]: (1.5, 1.7, 3.0) 13
[12:56:02.121]: (1.5, 1.7, 3.0) 13
[12:56:02.139]: (1.5, 1.8, 3.0) 13
[12:56:02.157]: (1.7, 1.8, 3.2) 15
[12:56:02.174]: (1.7, 1.8, 3.2) 15
[12:56:02.190]: (1.7, 1.8, 3.2) 15
[12:56:02.206]: (1.5, 1.7, 3.0) 13
[12:56:02.223]: (1.5, 1.7, 3.1) 13
[12:56:02.258]: (0.5, 1.5, 2.1) 2
[12:56:02.505]: (-0.1, 1.8, 2.6) 35
[12:56:02.527]: (-0.2, 1.8, 2.5) 34
[12:56:02.819]: (0.0, 1.8, 2.4) 37
[12:56:02.842]: (0.0, 1.8, 2.4) 37
[12:56:02.866]: (0.0, 1.8, 2.4) 37
[12:56:02.888]: (0.0, 1.8, 2.4) 37
[12:56:02.953]: (0.1, 1.9, 2.7) 33
[12:56:02.974]: (0.1, 1.9, 2.7) 33
[12:56:03.039]: (0.1, 1.9, 2.5) 35
[12:56:03.233]: (0.0, 1.8, 2.7) 33
[12:56:03.256]: (0.0, 1.8, 2.7) 33
[12:56:03.279]: (-0.1, 1.8, 2.7) 33
[12:56:03.301]: (-0.1, 1.8, 2.7) 33
[12:56:03.323]: (-0.1, 1.7, 2.4) 34
[12:56:03.345]: (-0.1, 1.7, 2.4) 34
[12:56:03.368]: (-0.1, 1.7, 2.4) 34
[12:56:03.391]: (-0.1, 1.7, 2.3) 39
[12:56:03.412]: (-0.1, 1.7, 2.4) 34
[12:56:03.429]: (-0.1, 1.7, 2.5) 38
[12:56:03.446]: (-0.1, 1.6, 2.5) 38
[12:56:03.464]: (-0.1, 1.7, 2.5) 38
[12:56:03.481]: (-0.1, 1.6, 2.5) 38
[12:56:03.498]: (-0.1, 1.6, 2.5) 38
[12:56:03.515]: (-0.2, 1.6, 2.5) 38
[12:56:03.531]: (-0.2, 1.7, 2.5) 38
[12:56:03.549]: (-0.2, 1.7, 2.5) 38
[12:56:03.565]: (-0.2, 1.7, 2.5) 38
[12:56:03.619]: (-0.2, 1.7, 2.4) 37
[12:56:03.642]: (-0.2, 1.8, 2.4) 37
[12:56:03.663]: (-0.2, 1.7, 2.4) 37
[12:56:03.687]: (-0.2, 1.8, 2.4) 37
[12:56:03.708]: (-0.2, 1.7, 2.4) 37
[12:56:03.730]: (-0.2, 1.7, 2.4) 37
[12:56:03.752]: (-0.2, 1.7, 2.4) 37
[12:56:03.796]: (-0.2, 1.7, 2.5) 38
[12:56:03.842]: (-0.6, 1.3, 3.0) 58
[12:56:03.864]: (-0.6, 1.2, 2.9) 55
[12:56:03.886]: (-0.7, 1.0, 3.1) 61
[12:56:04.020]: (-0.8, 1.1, 3.0) 60
[12:56:04.054]: (-0.7, 1.0, 3.0) 56
[12:56:04.071]: (-0.7, 1.1, 3.0) 56
[12:56:04.088]: (-0.7, 1.1, 3.0) 56
[12:56:04.106]: (-0.7, 1.0, 3.0) 56
[12:56:04.139]: (-0.7, 1.1, 3.0) 56
[12:56:04.157]: (-0.7, 1.1, 3.0) 56
[12:56:04.189]: (-0.7, 1.0, 3.0) 56
[12:56:04.238]: (-0.7, 0.8, 2.1) 31
[12:56:04.256]: (-0.7, 0.8, 1.8) 29
[12:56:04.274]: (-0.6, 0.8, 2.1) 31
[12:56:04.291]: (-0.6, 0.8, 2.1) 31
[12:56:04.307]: (-0.7, 0.8, 2.0) 31
[12:56:04.325]: (-0.7, 0.8, 1.8) 29
[12:56:04.343]: (-0.6, 0.8, 1.8) 29
[12:56:04.375]: (-0.6, 0.8, 1.8) 22
[12:56:04.407]: (-0.6, 0.8, 1.8) 29
[12:56:04.424]: (-0.6, 0.8, 1.8) 29
[12:56:04.506]: (-0.6, 0.8, 1.8) 29
[12:56:04.596]: (-0.6, 0.7, 2.0) 23
[12:56:04.618]: (-0.6, 0.8, 2.0) 23
[12:56:04.641]: (-0.6, 0.8, 2.0) 23
[12:56:04.663]: (-0.5, 0.8, 1.8) 24
[12:56:04.685]: (-0.4, 0.8, 2.0) 25
[12:56:04.840]: (0.1, 1.9, 2.4) 42
[12:56:04.865]: (0.1, 1.9, 2.3) 42
[12:56:04.885]: (0.1, 1.9, 2.3) 42
[12:56:04.907]: (0.0, 1.9, 2.4) 42
[12:56:04.926]: (0.0, 1.9, 2.5) 36
[12:56:04.944]: (0.0, 1.9, 2.4) 42
[12:56:04.963]: (0.0, 1.9, 2.5) 36
[12:56:05.046]: (0.0, 1.9, 2.5) 35
[12:56:05.070]: (0.0, 1.9, 2.5) 35
[12:56:05.091]: (0.0, 1.9, 2.4) 35
[12:56:05.115]: (0.0, 1.9, 2.4) 35
[12:56:05.138]: (0.0, 1.9, 2.4) 35
[12:56:05.160]: (0.0, 2.0, 2.6) 33
[12:56:05.183]: (-0.1, 1.9, 2.3) 34
[12:56:05.245]: (-0.1, 2.0, 2.3) 37
[12:56:05.270]: (0.0, 2.0, 2.2) 37
[12:56:05.293]: (0.0, 2.0, 2.3) 37
[12:56:05.461]: (0.1, 2.2, 2.2) 35
[12:56:05.864]: (-0.2, 2.0, 2.1) 37
[12:56:05.896]: (-0.2, 2.0, 2.1) 37
[12:56:05.930]: (-0.2, 2.1, 2.1) 37
[12:56:05.964]: (-0.3, 2.1, 2.1) 37
[12:56:05.996]: (-0.3, 2.1, 2.1) 37
[12:56:06.451]: (-0.2, 2.2, 2.1) 35
[12:56:06.474]: (-0.2, 2.2, 2.1) 35
[12:56:06.496]: (-0.2, 2.3, 2.1) 35
[12:56:06.518]: (-0.3, 2.2, 2.1) 35
[12:56:06.919]: (-0.2, 2.2, 2.1) 35
[12:56:06.943]: (-0.2, 2.2, 2.1) 35
[12:56:06.964]: (-0.2, 2.2, 2.2) 35
[12:56:06.985]: (-0.2, 2.2, 2.3) 33
[12:56:07.008]: (-0.2, 2.2, 2.3) 33
[12:56:07.032]: (-0.2, 2.2, 2.3) 33
[12:56:07.054]: (-0.2, 2.2, 2.3) 33
[12:56:07.076]: (-0.2, 2.2, 2.3) 33
[12:56:07.099]: (-0.2, 2.2, 2.3) 33
[12:56:07.120]: (-0.2, 2.2, 2.3) 33
[12:56:07.143]: (-0.2, 2.2, 2.2) 35
[12:56:07.165]: (-0.2, 2.2, 2.2) 35
[12:56:07.188]: (-0.2, 2.2, 2.1) 35
[12:56:07.209]: (-0.2, 2.2, 2.1) 35
[12:56:07.232]: (-0.2, 2.2, 2.1) 35
[12:56:07.254]: (-0.2, 2.2, 2.1) 35
[12:56:07.277]: (-0.2, 2.2, 2.1) 35
[12:56:07.298]: (-0.2, 2.2, 2.1) 35
[12:56:07.321]: (-0.2, 2.2, 2.1) 35
[12:56:07.344]: (-0.2, 2.2, 2.1) 35
[12:56:07.365]: (-0.2, 2.2, 2.1) 35
[12:56:07.387]: (-0.2, 2.2, 2.1) 35
[12:56:07.410]: (-0.2, 2.2, 2.1) 35
[12:56:07.431]: (-0.2, 2.2, 2.1) 35
[12:56:07.454]: (-0.2, 2.2, 2.1) 35
[12:56:07.478]: (-0.2, 2.2, 2.1) 35
[12:56:07.495]: (-0.2, 2.2, 2.1) 35
[12:56:07.512]: (-0.2, 2.2, 2.1) 35
[12:56:07.529]: (-0.2, 2.2, 2.1) 35
[12:56:07.547]: (-0.2, 2.2, 2.2) 35
[12:56:07.564]: (-0.2, 2.2, 2.2) 35
[12:56:07.581]: (-0.2, 2.2, 2.2) 35
[12:56:07.600]: (-0.2, 2.2, 2.1) 35
[12:56:07.618]: (-0.2, 2.2, 2.1) 35
[12:56:07.635]: (-0.2, 2.2, 2.1) 35
[12:56:07.652]: (-0.2, 2.2, 2.1) 35
[12:56:07.670]: (-0.2, 2.2, 2.1) 35
[12:56:07.688]: (-0.2, 2.2, 2.1) 35
[12:56:07.705]: (-0.2, 2.2, 2.1) 35
[12:56:07.803]: (-0.3, 2.2, 2.2) 35
[12:56:07.825]: (-0.3, 2.2, 2.1) 35
[12:56:07.847]: (-0.3, 2.2, 2.1) 35
[12:56:07.868]: (-0.3, 2.2, 2.1) 35
[12:56:07.899]: (-0.3, 2.2, 2.1) 35
[12:56:07.921]: (-0.3, 2.2, 2.1) 35
[12:56:07.942]: (-0.3, 2.2, 2.1) 35
[12:56:07.966]: (-0.3, 2.2, 2.1) 35
[12:56:07.989]: (-0.3, 2.2, 2.1) 35
[12:56:08.011]: (-0.2, 2.2, 2.1) 35
[12:56:08.033]: (-0.3, 2.2, 2.1) 35
[12:56:08.056]: (-0.3, 2.2, 2.2) 35
[12:56:08.102]: (-0.3, 2.2, 2.1) 36
[12:56:08.125]: (-0.3, 2.1, 2.1) 36
[12:56:08.147]: (-0.4, 2.1, 2.0) 42
[12:56:08.173]: (-0.4, 2.2, 2.1) 43
[12:56:08.207]: (-0.4, 2.2, 2.1) 43
[12:56:08.273]: (-0.4, 2.2, 2.2) 43
[12:56:08.440]: (-0.1, 2.0, 2.0) 42
[12:56:08.643]: (-0.1, 2.0, 2.0) 40
[12:56:08.673]: (0.0, 2.0, 2.0) 35
[12:56:08.706]: (-0.1, 2.0, 2.0) 35
[12:56:08.740]: (0.0, 1.9, 2.0) 35
[12:56:08.774]: (0.0, 2.0, 2.0) 40
[12:56:08.798]: (0.0, 2.0, 2.0) 40
[12:56:08.819]: (0.0, 1.9, 2.0) 40
[12:56:08.841]: (0.0, 1.9, 2.0) 35
[12:56:08.862]: (0.0, 1.9, 2.0) 40
[12:56:08.883]: (0.0, 1.9, 2.0) 40
[12:56:08.907]: (0.0, 1.9, 2.0) 40
[12:56:08.931]: (0.0, 1.9, 2.0) 40
[12:56:08.951]: (0.0, 1.9, 2.0) 35
[12:56:08.975]: (0.0, 1.9, 2.0) 35
[12:56:09.375]: (-0.3, 1.9, 2.1) 43
[12:56:09.463]: (-0.8, 1.9, 1.5) 0
[12:56:09.487]: (-0.8, 1.9, 1.4) 2
[12:56:09.507]: (-0.8, 1.9, 1.5) 0
[12:56:09.530]: (-0.8, 1.9, 1.5) 0
[12:56:09.551]: (-0.8, 1.9, 1.5) 0
[12:56:09.575]: (-0.9, 1.9, 1.5) 0
[12:56:09.598]: (-0.8, 1.9, 1.5) 0
[12:56:09.620]: (-0.8, 1.9, 1.5) 0
[12:56:09.645]: (-0.8, 1.9, 1.5) 0
[12:56:09.665]: (-0.8, 1.9, 1.4) 0
[12:56:09.688]: (-0.8, 1.9, 1.5) 0
[12:56:09.709]: (-0.8, 1.8, 1.5) 3
[12:56:09.733]: (-0.8, 1.9, 1.5) 0
[12:56:09.753]: (-0.8, 1.8, 1.2) 8
[12:56:09.775]: (-0.8, 1.8, 1.2) 8
[12:56:09.799]: (-0.8, 1.8, 1.2) 8
[12:56:09.821]: (-0.8, 1.9, 1.2) 8
[12:56:09.843]: (-0.8, 1.9, 1.2) 8
[12:56:09.865]: (-0.8, 1.9, 1.2) 8
[12:56:09.887]: (-1.5, 2.4, 3.0) 45
[12:56:09.932]: (-1.5, 2.4, 3.0) 45
[12:56:09.955]: (-1.5, 2.4, 2.9) 51
[12:56:09.976]: (-1.5, 2.4, 3.0) 51
[12:56:09.998]: (-1.5, 2.3, 2.9) 51
[12:56:10.020]: (-1.5, 2.4, 3.0) 45
[12:56:10.040]: (-1.7, 2.5, 3.0) 52
[12:56:10.058]: (-1.7, 2.5, 3.0) 52
[12:56:10.077]: (-1.7, 2.5, 3.0) 52
[12:56:10.099]: (-1.7, 2.5, 3.0) 52
[12:56:10.122]: (-1.7, 2.5, 3.0) 52
[12:56:10.145]: (-1.7, 2.5, 3.0) 52
[12:56:10.840]: (-1.0, 2.6, 3.0) 45
[12:56:10.863]: (-1.0, 2.6, 3.0) 45
[12:56:10.885]: (-1.0, 2.6, 3.0) 45
[12:56:10.905]: (-1.0, 2.5, 3.0) 45
[12:56:10.927]: (-1.0, 2.6, 3.0) 45
[12:56:10.950]: (-1.0, 2.6, 3.0) 45
[12:56:11.018]: (-1.0, 2.5, 3.0) 45
[12:56:11.078]: (-1.1, 2.6, 3.1) 52
[12:56:11.444]: (-1.5, 2.6, 2.3) 10
[12:56:11.674]: (-1.5, 2.6, 2.3) 16
[12:56:11.696]: (-1.5, 2.6, 2.3) 16
[12:56:11.716]: (-1.5, 2.5, 2.3) 10
[12:56:11.740]: (-1.5, 2.5, 2.3) 10
[12:56:11.761]: (-1.5, 2.5, 2.3) 10
[12:56:11.784]: (-1.4, 2.5, 2.1) 9
[12:56:11.805]: (-1.4, 2.5, 2.1) 12
[12:56:11.827]: (-1.4, 2.5, 2.1) 12
[12:56:11.850]: (-1.4, 2.5, 2.1) 12
[12:56:11.894]: (-1.2, 2.6, 3.0) 46
[12:56:11.916]: (-0.6, 1.9, 1.2) 8
[12:56:11.939]: (-0.4, 1.8, 1.3) 2
[12:56:11.963]: (-0.5, 1.9, 1.3) 2
[12:56:11.986]: (-0.5, 1.8, 1.2) 8
[12:56:12.009]: (-0.5, 1.9, 1.3) 2
[12:56:12.031]: (-0.5, 1.8, 1.2) 8
[12:56:12.052]: (-0.5, 1.8, 1.1) 8
[12:56:12.074]: (-0.5, 1.8, 1.2) 8
[12:56:12.096]: (-0.5, 1.8, 1.3) 2
[12:56:12.117]: (-0.5, 1.9, 1.1) 8
[12:56:12.180]: (-0.5, 1.8, 1.1) 8
[12:56:12.202]: (-0.5, 1.9, 1.1) 8
[12:56:12.224]: (-0.5, 1.8, 1.1) 8
[12:56:12.246]: (-0.5, 1.8, 1.1) 8
[12:56:12.269]: (-0.5, 1.8, 1.1) 8
[12:56:12.293]: (-0.5, 1.8, 1.1) 8
[12:56:12.339]: (-0.6, 1.8, 1.2) 2
[12:56:12.362]: (-0.6, 1.8, 1.2) 2
[12:56:12.385]: (-0.6, 1.8, 1.2) 2
[12:56:12.409]: (-0.6, 1.8, 1.1) 2
[12:56:12.430]: (-0.6, 1.8, 1.1) 2
[12:56:12.453]: (-0.6, 1.8, 1.1) 2
[12:56:12.609]: (-0.7, 1.9, 1.1) 2
[12:56:12.631]: (-0.7, 1.9, 1.1) 2
[12:56:12.651]: (-0.7, 1.9, 1.0) 2
[12:56:12.674]: (-0.7, 1.9, 1.1) 2
[12:56:12.695]: (-0.7, 1.9, 1.0) 2
[12:56:12.717]: (-0.7, 1.9, 1.0) 2
[12:56:12.751]: (-0.7, 1.9, 1.0) 8
[12:56:12.783]: (-0.8, 1.9, 1.0) 2
[12:56:12.972]: (-0.8, 1.9, 1.0) 1
[12:56:12.995]: (-0.8, 1.9, 1.0) 1
[12:56:13.015]: (-0.8, 1.9, 1.0) 1
[12:56:13.049]: (-0.8, 1.9, 1.0) 1
[12:56:13.083]: (-0.8, 1.9, 1.0) 1
[12:56:13.117]: (-0.8, 1.9, 1.0) 1
[12:56:13.182]: (-0.8, 1.9, 0.9) 4
[12:56:13.217]: (-0.8, 1.9, 0.9) 4
[12:56:13.249]: (-0.7, 2.0, 0.9) 4
[12:56:13.383]: (-0.7, 2.0, 1.1) 2
[12:56:13.493]: (-0.7, 2.0, 1.0) 2
[12:56:13.581]: (-0.7, 1.9, 1.0) 1
[12:56:13.605]: (-0.7, 1.9, 1.0) 1
[12:56:13.628]: (-0.7, 1.9, 1.0) 1
[12:56:13.651]: (-0.7, 1.9, 1.0) 1
[12:56:13.674]: (-0.7, 1.9, 1.0) 1
[12:56:13.695]: (-0.7, 1.9, 1.0) 1
[12:56:13.716]: (-0.7, 1.9, 1.0) 1
[12:56:13.738]: (-0.7, 1.9, 1.0) 1
[12:56:13.760]: (-0.7, 1.9, 1.0) 1
[12:56:13.783]: (-0.7, 1.9, 1.0) 1
[12:56:13.805]: (-0.7, 1.9, 1.0) 1
[12:56:13.826]: (-0.7, 1.9, 1.0) 1
[12:56:13.851]: (-0.7, 1.9, 1.0) 1
[12:56:13.871]: (-0.8, 1.9, 1.1) 5
[12:56:13.939]: (-1.4, 1.6, 1.3) 39
[12:56:13.983]: (-1.5, 1.6, 1.4) 34
[12:56:14.293]: (-1.8, 0.4, 0.7) 26
[12:56:14.314]: (-1.7, 0.5, 0.8) 20
[12:56:14.337]: (-1.7, 0.4, 0.8) 20
[12:56:14.362]: (-1.7, 0.5, 0.8) 20
[12:56:14.382]: (-1.7, 0.5, 0.9) 20
[12:56:14.404]: (-1.6, 0.6, 0.8) 22
[12:56:14.426]: (-1.6, 0.6, 0.8) 22
[12:56:14.451]: (-1.6, 0.6, 0.8) 22
[12:56:14.474]: (-1.6, 0.6, 0.8) 22
[12:56:14.496]: (-1.6, 0.6, 0.8) 22
[12:56:14.518]: (-1.6, 0.6, 0.8) 22
[12:56:14.541]: (-1.6, 0.6, 0.8) 22
[12:56:14.563]: (-1.6, 0.6, 0.8) 22
[12:56:14.587]: (-1.6, 0.6, 0.8) 22
[12:56:14.607]: (-1.6, 0.6, 0.8) 22
[12:56:14.630]: (-1.6, 0.6, 0.8) 22
[12:56:14.648]: (-1.6, 0.6, 0.8) 22
[12:56:14.726]: (-2.2, 1.1, 1.6) 56
[12:56:14.743]: (-2.2, 1.2, 1.7) 55
[12:56:14.776]: (-2.2, 1.2, 1.6) 55
[12:56:14.811]: (-2.2, 1.2, 1.6) 55
[12:56:14.849]: (-2.2, 1.1, 1.7) 55
[12:56:14.992]: (-2.2, 1.1, 1.7) 55
[12:56:15.056]: (-2.2, 1.2, 1.7) 56
[12:56:15.077]: (-2.2, 1.2, 1.7) 56
[12:56:15.102]: (-2.1, 1.2, 1.7) 62
[12:56:15.127]: (-2.1, 1.2, 1.7) 62
[12:56:15.338]: (-1.7, 1.8, 1.9) 62
[12:56:15.403]: (-1.4, 1.5, 0.9) 22
[12:56:15.437]: (-1.3, 1.5, 0.8) 22
[12:56:15.471]: (-1.3, 1.6, 0.8) 22
[12:56:15.637]: (-1.2, 1.8, 0.8) 24
[12:56:15.737]: (-1.1, 2.0, 0.7) 22
[12:56:15.839]: (-1.1, 2.0, 0.7) 22
[12:56:15.873]: (-1.0, 2.1, 0.7) 22
[12:56:15.904]: (-1.0, 2.1, 0.6) 22
[12:56:16.091]: (-1.3, 2.3, 1.8) 56
[12:56:16.113]: (-1.3, 2.2, 1.9) 55
[12:56:16.136]: (-1.3, 2.2, 1.9) 55
[12:56:16.158]: (-1.3, 2.2, 1.9) 55
[12:56:16.180]: (-1.2, 2.2, 1.9) 55
[12:56:16.204]: (-1.2, 2.2, 1.9) 55
[12:56:16.224]: (-1.2, 2.2, 1.9) 55
[12:56:16.247]: (-1.2, 2.2, 1.9) 55
[12:56:16.269]: (-1.2, 2.1, 1.9) 55
[12:56:16.291]: (-1.2, 2.1, 1.8) 57
[12:56:16.314]: (-1.2, 2.1, 1.8) 57
[12:56:16.380]: (-1.3, 2.1, 1.9) 55
[12:56:16.425]: (-1.3, 2.2, 1.9) 55
[12:56:16.447]: (-1.2, 2.2, 1.9) 55
[12:56:16.470]: (-1.2, 2.2, 1.9) 55
[12:56:16.491]: (-1.2, 2.2, 1.9) 55
[12:56:16.558]: (-1.3, 2.2, 1.9) 56
[12:56:16.581]: (-1.4, 2.3, 1.7) 62
[12:56:16.603]: (-1.0, 1.9, 0.8) 24
[12:56:16.625]: (-1.0, 2.0, 0.7) 22
[12:56:16.647]: (-1.1, 2.0, 0.7) 22
[12:56:16.669]: (-1.1, 2.0, 0.7) 22
[12:56:16.691]: (-1.1, 2.0, 0.7) 22
[12:56:16.714]: (-1.1, 2.0, 0.7) 22
[12:56:16.738]: (-1.1, 2.0, 0.7) 22
[12:56:16.761]: (-1.1, 2.1, 0.8) 21
[12:56:16.785]: (-1.1, 2.1, 0.8) 21
[12:56:16.916]: (-1.1, 2.0, 0.8) 26
[12:56:16.938]: (-1.1, 2.0, 0.8) 26
[12:56:16.962]: (-1.1, 2.0, 0.8) 26
[12:56:16.984]: (-1.1, 2.0, 0.8) 26
[12:56:17.049]: (-1.1, 1.9, 0.8) 21
[12:56:17.075]: (-1.0, 1.8, 0.6) 30
[12:56:17.118]: (-1.2, 1.9, 0.8) 28
[12:56:17.140]: (-1.2, 1.9, 0.8) 28
[12:56:17.162]: (-1.1, 1.9, 0.8) 28
[12:56:17.185]: (-1.1, 1.9, 0.8) 28
[12:56:17.208]: (-1.1, 1.9, 0.8) 28
[12:56:17.231]: (-1.1, 1.9, 0.8) 28
[12:56:17.255]: (-1.1, 1.9, 0.8) 28
[12:56:17.277]: (-1.0, 1.9, 0.8) 28
[12:56:17.299]: (-1.0, 1.9, 0.8) 28
[12:56:17.322]: (-1.0, 1.9, 0.8) 28
[12:56:17.344]: (-1.0, 1.9, 0.9) 28
[12:56:17.389]: (-0.9, 1.8, 0.8) 22
[12:56:17.412]: (-0.9, 1.8, 0.8) 22
[12:56:17.433]: (-0.8, 1.8, 0.8) 22
[12:56:17.457]: (-0.8, 1.8, 0.8) 22
[12:56:17.478]: (-0.8, 1.8, 0.8) 22
[12:56:17.499]: (-0.8, 1.8, 0.8) 22
[12:56:17.519]: (-0.8, 1.8, 0.8) 22
[12:56:17.540]: (-0.8, 1.8, 0.8) 22
[12:56:17.563]: (-0.8, 1.8, 0.8) 22
[12:56:17.585]: (-0.9, 1.9, 1.0) 23
[12:56:17.607]: (-0.8, 1.8, 0.8) 22
[12:56:17.629]: (-0.8, 1.8, 0.8) 22
[12:56:17.651]: (-0.9, 1.9, 1.0) 23
[12:56:17.673]: (-0.9, 1.9, 1.0) 23
[12:56:17.695]: (-0.9, 1.9, 1.0) 23
[12:56:17.719]: (-0.9, 1.9, 1.0) 23
[12:56:17.741]: (-0.9, 1.9, 1.0) 23
[12:56:17.783]: (-1.8, 1.7, 1.7) 58
[12:56:18.113]: (-1.8, 0.7, 0.9) 42
[12:56:18.148]: (-1.7, 0.7, 1.0) 42
[12:56:18.180]: (-1.7, 0.7, 0.9) 42
[12:56:18.213]: (-1.8, 0.8, 1.0) 42
[12:56:18.247]: (-1.7, 0.7, 1.0) 42
[12:56:18.280]: (-1.7, 0.7, 1.0) 42
[12:56:18.314]: (-1.7, 0.7, 1.0) 42
[12:56:18.348]: (-1.7, 0.7, 1.0) 42
[12:56:18.380]: (-1.7, 0.8, 1.0) 42
[12:56:18.414]: (-1.7, 0.7, 0.9) 42
[12:56:18.447]: (-1.4, 0.5, 0.4) 6
[12:56:18.513]: (-1.4, 0.2, 0.3) 8
[12:56:18.548]: (-1.4, 0.2, 0.2) 8
[12:56:18.569]: (-1.4, 0.3, 0.2) 8
[12:56:18.591]: (-1.4, 0.3, 0.2) 8
[12:56:18.613]: (-1.4, 0.2, 0.2) 8
[12:56:18.635]: (-1.4, 0.3, 0.2) 8
[12:56:18.658]: (-1.5, 0.3, 0.2) 8
[12:56:18.679]: (-1.5, 0.3, 0.2) 8
[12:56:18.702]: (-1.5, 0.3, 0.2) 8
[12:56:18.723]: (-2.4, -0.8, 0.4) 9
[12:56:18.746]: (-2.5, -1.0, 0.3) 18
[12:56:18.768]: (-2.5, -1.0, 0.3) 18
[12:56:18.859]: (-2.5, -0.9, 0.3) 18
[12:56:18.878]: (-2.5, -1.0, 0.3) 18
[12:56:18.902]: (-2.5, -1.0, 0.3) 18
[12:56:18.924]: (-2.5, -0.9, 0.3) 18
[12:56:18.946]: (-2.4, -0.8, 0.4) 14
[12:56:18.991]: (-1.4, 0.3, 0.2) 8
[12:56:19.013]: (-1.4, 0.3, 0.2) 8
[12:56:19.035]: (-1.4, 0.3, 0.2) 8
[12:56:19.057]: (-1.4, 0.3, 0.2) 8
[12:56:19.078]: (-1.5, 0.3, 0.3) 2
[12:56:19.103]: (-1.4, 0.3, 0.3) 8
[12:56:19.123]: (-1.5, 0.3, 0.3) 8
[12:56:19.146]: (-1.5, 0.2, 0.3) 2
[12:56:19.169]: (-1.5, 0.3, 0.3) 2
[12:56:19.190]: (-1.5, 0.3, 0.3) 2
[12:56:19.213]: (-1.5, 0.3, 0.2) 8
[12:56:19.235]: (-2.5, -0.7, 0.5) 13
[12:56:19.257]: (-2.4, -0.8, 0.5) 9
[12:56:19.302]: (-2.4, -0.8, 0.4) 9
[12:56:19.345]: (-2.5, -0.9, 0.5) 18
[12:56:19.593]: (-2.5, 0.0, 1.2) 12
[12:56:19.616]: (-2.6, 0.0, 1.4) 16
[12:56:19.642]: (-2.6, 0.1, 1.5) 16
[12:56:19.664]: (-2.6, 0.2, 1.5) 16
[12:56:19.686]: (-2.4, 0.3, 1.4) 12
[12:56:20.322]: (-0.6, 1.5, 1.1) 7
[12:56:20.344]: (-0.5, 1.5, 1.1) 7
[12:56:20.366]: (-0.7, 1.7, 2.9) 49
[12:56:20.388]: (-0.6, 1.7, 3.0) 48
[12:56:20.411]: (-0.6, 1.7, 3.0) 48
[12:56:20.433]: (-0.6, 1.8, 3.0) 48
[12:56:20.454]: (-0.5, 1.8, 3.0) 48
[12:56:20.476]: (-0.6, 1.6, 2.9) 44
[12:56:20.497]: (-0.5, 1.6, 2.9) 47
[12:56:20.518]: (-0.5, 1.6, 3.0) 44
[12:56:20.562]: (-0.5, 1.6, 3.0) 44
[12:56:20.586]: (-0.5, 1.6, 2.9) 44
[12:56:20.609]: (-0.6, 1.6, 2.9) 44
[12:56:20.631]: (-0.6, 1.6, 2.9) 44
[12:56:20.651]: (-0.6, 1.6, 2.9) 44
[12:56:20.671]: (-0.6, 1.6, 2.9) 44
[12:56:20.688]: (-0.6, 1.6, 2.9) 44
[12:56:20.705]: (-0.6, 1.6, 3.0) 44
[12:56:20.723]: (-0.6, 1.6, 3.0) 44
[12:56:20.745]: (-0.5, 1.4, 1.2) 2
[12:56:20.768]: (-0.5, 1.4, 1.2) 2
[12:56:20.790]: (-0.5, 1.4, 1.2) 2
[12:56:20.811]: (-0.5, 1.4, 1.2) 2
[12:56:20.834]: (-0.5, 1.4, 1.2) 2
[12:56:20.856]: (-0.5, 1.4, 1.2) 2
[12:56:20.878]: (-0.5, 1.4, 1.2) 2
[12:56:20.901]: (-0.5, 1.4, 1.2) 2
[12:56:20.924]: (-0.5, 1.4, 1.2) 2
[12:56:20.945]: (-0.5, 1.4, 1.2) 2
[12:56:20.968]: (-0.5, 1.4, 1.2) 2
[12:56:20.990]: (-0.5, 1.4, 1.2) 2
[12:56:21.008]: (-0.7, 1.5, 3.1) 45
[12:56:21.024]: (-0.7, 1.5, 3.1) 45
[12:56:21.041]: (-0.7, 1.6, 3.1) 45
[12:56:21.059]: (-0.7, 1.6, 3.1) 45
[12:56:21.076]: (-0.6, 1.6, 3.1) 45
[12:56:21.094]: (-0.7, 1.6, 3.1) 45
[12:56:21.112]: (-0.7, 1.6, 3.1) 45
[12:56:21.129]: (-0.7, 1.6, 3.1) 45
[12:56:21.148]: (-0.7, 1.6, 3.1) 45
[12:56:21.165]: (-0.7, 1.6, 3.1) 45
[12:56:21.182]: (-0.7, 1.6, 3.1) 45
[12:56:21.198]: (-0.7, 1.6, 3.1) 45
[12:56:21.214]: (-0.7, 1.6, 3.1) 45
[12:56:21.232]: (-0.7, 1.6, 3.1) 45
[12:56:21.249]: (-0.5, 1.4, 1.2) 2
[12:56:21.268]: (-0.5, 1.4, 1.2) 2
[12:56:21.285]: (-0.5, 1.4, 1.2) 2
[12:56:21.303]: (-0.5, 1.4, 1.2) 2
[12:56:21.320]: (-0.5, 1.4, 1.2) 2
[12:56:21.338]: (-0.5, 1.4, 1.2) 2
[12:56:21.357]: (-0.7, 1.5, 3.1) 45
[12:56:21.374]: (-0.7, 1.5, 3.1) 45
[12:56:21.392]: (-0.7, 1.5, 3.1) 45
[12:56:21.409]: (-0.6, 1.5, 3.1) 45
[12:56:21.426]: (-0.6, 1.5, 3.1) 45
[12:56:21.444]: (-0.6, 1.5, 3.1) 45
[12:56:21.461]: (-0.6, 1.5, 3.1) 45
[12:56:21.479]: (-0.6, 1.5, 3.1) 45
[12:56:21.500]: (-0.6, 1.5, 3.1) 45
[12:56:21.523]: (-0.6, 1.5, 3.1) 45
[12:56:21.545]: (-0.6, 1.5, 3.1) 45
[12:56:21.568]: (-0.6, 1.6, 3.1) 45
[12:56:21.591]: (-0.6, 1.6, 3.1) 45
[12:56:21.612]: (-0.7, 1.6, 3.1) 45
[12:56:21.634]: (-0.5, 1.4, 1.2) 2
[12:56:21.656]: (-0.5, 1.4, 1.2) 2
[12:56:21.680]: (-0.5, 1.4, 1.2) 2
[12:56:21.702]: (-0.5, 1.4, 1.2) 2
[12:56:21.726]: (-0.5, 1.4, 1.2) 2
[12:56:21.748]: (-0.5, 1.4, 1.2) 2
[12:56:21.771]: (-0.5, 1.5, 1.3) 0
[12:56:21.794]: (-0.5, 1.5, 1.3) 0
[12:56:21.882]: (-0.4, 1.6, 1.3) 0
[12:56:21.904]: (-0.4, 1.7, 1.1) 2
[12:56:21.927]: (-0.4, 1.7, 1.1) 2
[12:56:21.989]: (-0.4, 1.8, 1.0) 7
[12:56:22.052]: (-0.4, 1.8, 0.9) 7
[12:56:22.137]: (-0.4, 2.7, 2.3) 47
[12:56:22.301]: (-0.5, 3.0, 2.2) 48
[12:56:22.324]: (-0.7, 3.1, 2.2) 46
[12:56:22.347]: (-0.7, 3.1, 2.3) 54
[12:56:22.371]: (-0.7, 3.1, 2.3) 54
[12:56:22.602]: (-0.5, 2.9, 2.0) 49
[12:56:22.624]: (-0.5, 2.9, 2.1) 49
[12:56:22.644]: (-0.5, 2.9, 2.1) 49
[12:56:22.667]: (-0.5, 2.9, 2.1) 49
[12:56:22.691]: (-0.5, 2.9, 2.1) 49
[12:56:22.711]: (-0.5, 2.9, 2.1) 49
[12:56:22.734]: (-0.6, 3.0, 2.3) 46
[12:56:22.758]: (-0.6, 3.0, 2.3) 46
[12:56:22.777]: (-0.5, 3.0, 2.3) 46
[12:56:22.801]: (-0.6, 3.0, 2.3) 46
[12:56:22.823]: (-0.6, 3.0, 2.3) 46
[12:56:22.844]: (-0.6, 3.0, 2.3) 46
[12:56:22.868]: (-0.6, 3.0, 2.2) 46
[12:56:22.889]: (-0.6, 3.0, 2.3) 46
[12:56:22.912]: (-0.6, 3.0, 2.2) 53
[12:56:22.933]: (-0.6, 3.0, 2.3) 46
[12:56:22.956]: (-0.6, 3.0, 2.3) 46
[12:56:22.979]: (-0.6, 3.0, 2.3) 46
[12:56:22.999]: (-0.6, 3.0, 2.3) 46
[12:56:23.023]: (-0.6, 3.0, 2.3) 46
[12:56:23.044]: (-0.5, 3.0, 2.3) 46
[12:56:23.061]: (-0.5, 3.0, 2.3) 46
[12:56:23.079]: (-0.5, 3.0, 2.3) 46
[12:56:23.097]: (-0.5, 3.0, 2.3) 46
[12:56:23.114]: (-0.5, 3.0, 2.3) 46
[12:56:23.131]: (-0.5, 3.0, 2.3) 46
[12:56:23.149]: (-0.6, 3.0, 2.3) 46
[12:56:23.168]: (-0.5, 3.0, 2.3) 46
[12:56:23.187]: (-0.6, 3.0, 2.3) 46
[12:56:23.204]: (-0.6, 3.0, 2.3) 46
[12:56:23.222]: (-0.6, 3.0, 2.3) 46
[12:56:23.238]: (-0.5, 3.0, 2.3) 46
[12:56:23.255]: (-0.5, 3.0, 2.3) 46
[12:56:23.271]: (-0.6, 3.0, 2.3) 46
[12:56:23.291]: (-0.6, 3.0, 2.3) 46
[12:56:23.308]: (-0.6, 3.0, 2.3) 46
[12:56:23.326]: (-0.6, 3.0, 2.3) 46
[12:56:23.347]: (-0.6, 3.0, 2.3) 46
[12:56:23.367]: (-0.6, 3.0, 2.3) 46
[12:56:23.385]: (-0.6, 3.0, 2.3) 52
[12:56:23.403]: (-0.6, 3.0, 2.3) 52
[12:56:23.753]: (-0.3, 3.7, 1.6) 52
[12:56:23.776]: (-0.3, 3.7, 1.5) 52
[12:56:23.798]: (-0.3, 3.7, 1.5) 52
[12:56:23.820]: (-0.4, 3.7, 1.4) 52
[12:56:23.841]: (-0.4, 3.7, 1.3) 52
[12:56:23.864]: (-0.4, 3.7, 1.3) 52
[12:56:23.928]: (-0.4, 3.7, 1.3) 52
[12:56:23.951]: (-0.4, 3.7, 1.2) 52
[12:56:23.972]: (-0.4, 3.7, 1.2) 52
[12:56:23.994]: (-0.4, 3.7, 1.2) 52
[12:56:24.016]: (-0.4, 3.7, 1.2) 52
[12:56:24.037]: (-0.4, 3.6, 1.1) 53
[12:56:24.061]: (-0.4, 3.6, 1.1) 53
[12:56:24.085]: (-0.4, 3.6, 1.1) 53
[12:56:24.108]: (-0.4, 3.5, 1.1) 53
[12:56:24.130]: (-0.4, 3.6, 1.1) 53
[12:56:24.147]: (-0.4, 3.6, 1.1) 53
[12:56:24.165]: (-0.4, 3.6, 1.1) 53
[12:56:24.183]: (-0.4, 3.5, 1.1) 53
[12:56:24.202]: (-0.4, 3.5, 1.2) 53
[12:56:24.221]: (-0.4, 3.5, 1.2) 53
[12:56:24.249]: (-0.4, 3.6, 1.2) 53
[12:56:24.270]: (-0.4, 3.5, 1.2) 53
[12:56:24.287]: (-0.4, 3.5, 1.2) 53
[12:56:24.303]: (-0.4, 3.5, 1.2) 53
[12:56:24.321]: (-0.4, 3.5, 1.2) 53
[12:56:24.385]: (-0.9, 2.9, 1.1) 12
[12:56:24.403]: (-0.9, 2.9, 1.1) 12
[12:56:24.419]: (-1.0, 2.9, 1.1) 9
[12:56:24.436]: (-1.0, 2.9, 1.1) 12
[12:56:24.454]: (-1.0, 2.9, 1.1) 12
[12:56:24.472]: (-0.9, 2.9, 1.1) 12
[12:56:24.491]: (-0.9, 2.9, 1.1) 12
[12:56:24.507]: (-0.9, 2.9, 1.2) 12
[12:56:24.524]: (-0.9, 2.9, 1.2) 12
[12:56:24.541]: (-0.9, 2.9, 1.1) 12
[12:56:24.559]: (-0.9, 2.9, 1.1) 12
[12:56:24.576]: (-1.0, 2.9, 1.1) 12
[12:56:24.593]: (-0.9, 2.9, 1.1) 12
[12:56:24.611]: (-0.9, 2.9, 1.1) 12
[12:56:24.627]: (-1.0, 2.9, 1.1) 12
[12:56:24.643]: (-1.0, 2.9, 1.1) 12
[12:56:24.660]: (-1.0, 2.9, 1.1) 12
[12:56:24.679]: (-1.0, 2.9, 1.1) 12
[12:56:24.698]: (-0.9, 2.9, 1.1) 12
[12:56:24.723]: (-1.0, 2.9, 1.1) 12
[12:56:24.746]: (-1.0, 2.9, 1.1) 12
[12:56:25.110]: (-0.3, 3.4, 1.1) 45
[12:56:25.140]: (-0.3, 3.2, 1.0) 49
[12:56:25.163]: (-0.3, 3.2, 1.0) 49
[12:56:25.188]: (-0.3, 3.1, 1.0) 49
[12:56:25.213]: (-0.3, 3.1, 1.0) 49
[12:56:25.238]: (-0.4, 3.1, 1.0) 49
[12:56:25.284]: (-0.4, 3.3, 1.2) 54
[12:56:25.307]: (-0.4, 3.3, 1.2) 54
[12:56:25.331]: (-0.4, 3.2, 1.3) 54
[12:56:25.585]: (-0.4, 3.0, 1.5) 52
[12:56:25.604]: (-0.4, 3.0, 1.4) 53
[12:56:25.623]: (-0.4, 3.0, 1.4) 53
[12:56:25.641]: (-0.4, 3.0, 1.5) 52
[12:56:25.745]: (-0.4, 3.0, 1.6) 52
[12:56:25.967]: (-0.3, 3.0, 1.6) 52
[12:56:26.012]: (-0.3, 3.0, 1.5) 52
[12:56:26.040]: (-0.3, 3.0, 1.5) 52
[12:56:26.064]: (-0.3, 3.0, 1.5) 46
[12:56:26.088]: (-0.3, 3.0, 1.4) 46
[12:56:26.114]: (-0.3, 3.0, 1.5) 46
[12:56:26.140]: (-0.4, 3.0, 1.5) 52
[12:56:26.165]: (-0.3, 3.0, 1.5) 52
[12:56:26.192]: (-0.3, 3.0, 1.5) 52
[12:56:26.217]: (-0.3, 2.9, 1.4) 46
[12:56:26.241]: (-0.3, 2.9, 1.4) 53
[12:56:26.263]: (-0.4, 2.8, 1.4) 53
[12:56:26.285]: (-0.4, 2.8, 1.3) 53
[12:56:26.307]: (-0.4, 2.8, 1.4) 53
[12:56:26.337]: (-0.3, 2.9, 1.4) 54
[12:56:26.361]: (-0.3, 2.9, 1.4) 54
[12:56:26.404]: (-0.3, 2.9, 1.4) 54
[12:56:26.488]: (-0.3, 2.5, 1.3) 49
[12:56:26.509]: (-0.3, 2.5, 1.3) 49
[12:56:26.530]: (-0.3, 2.5, 1.3) 49
[12:56:26.758]: (-0.4, 2.3, 1.5) 53
[12:56:26.779]: (-0.4, 2.3, 1.7) 52
[12:56:26.801]: (-0.4, 2.3, 1.7) 52
[12:56:26.823]: (-0.4, 2.3, 1.7) 52
[12:56:26.845]: (-0.4, 2.3, 1.7) 52
[12:56:26.867]: (-0.4, 2.3, 1.7) 52
[12:56:26.891]: (-0.4, 2.3, 1.7) 52
[12:56:26.910]: (-0.4, 2.2, 1.7) 52
[12:56:26.932]: (-0.3, 2.2, 1.7) 52
[12:56:27.328]: (-0.3, 2.3, 1.7) 52
[12:56:27.448]: (-0.3, 2.3, 1.7) 52
[12:56:27.495]: (-0.3, 2.3, 1.7) 52
[12:56:27.513]: (-0.3, 2.3, 1.7) 52
[12:56:27.529]: (-0.3, 2.3, 1.7) 52
[12:56:27.546]: (-0.3, 2.3, 1.7) 52
[12:56:27.580]: (-0.2, 2.3, 1.7) 52
[12:56:27.597]: (-0.3, 2.3, 1.7) 52
[12:56:27.629]: (-0.3, 2.3, 1.7) 52
[12:56:27.647]: (-0.3, 2.3, 1.7) 52
[12:56:27.664]: (-0.3, 2.3, 1.7) 52
[12:56:27.681]: (-0.3, 2.3, 1.6) 52
[12:56:27.700]: (-0.3, 2.3, 1.6) 52
[12:56:27.718]: (-0.3, 2.3, 1.6) 52
[12:56:27.737]: (-0.3, 2.3, 1.6) 52
[12:56:27.754]: (-0.3, 2.3, 1.7) 52
[12:56:27.777]: (-0.3, 2.3, 1.7) 52
[12:56:27.798]: (-0.3, 2.3, 1.7) 52
[12:56:27.820]: (-0.3, 2.3, 1.7) 52
[12:56:27.842]: (-0.3, 2.2, 1.7) 52
[12:56:27.864]: (-0.3, 2.2, 1.7) 52
[12:56:27.887]: (-0.3, 2.2, 1.7) 52
[12:56:27.909]: (-0.3, 2.3, 1.6) 52
[12:56:27.931]: (-0.3, 2.3, 1.7) 52
[12:56:27.954]: (-0.3, 2.3, 1.6) 52
[12:56:27.977]: (-0.3, 2.3, 1.6) 52
[12:56:27.998]: (-0.3, 2.3, 1.7) 52
[12:56:28.021]: (-0.3, 2.2, 1.5) 53
[12:56:28.042]: (-0.3, 2.2, 1.5) 53
[12:56:28.064]: (-0.3, 2.2, 1.5) 53
[12:56:28.087]: (-0.3, 2.2, 1.7) 52
[12:56:28.110]: (-0.3, 2.2, 1.7) 52
[12:56:28.132]: (-0.3, 2.2, 1.7) 52
[12:56:28.153]: (-0.3, 2.2, 1.7) 52
[12:56:28.176]: (-0.3, 2.2, 1.7) 52
[12:56:28.628]: (-0.4, 2.1, 1.0) 49
[12:56:28.648]: (-0.4, 2.1, 1.0) 49
[12:56:28.671]: (-0.4, 2.1, 1.0) 49
[12:56:28.693]: (-0.4, 2.1, 1.0) 49
[12:56:28.716]: (-0.4, 2.2, 1.2) 46
[12:56:28.842]: (-0.4, 1.9, 1.0) 49
[12:56:28.976]: (-0.4, 1.8, 1.0) 49
[12:56:29.008]: (-0.4, 1.8, 1.0) 49
[12:56:29.044]: (-0.4, 1.9, 1.2) 46
[12:56:29.078]: (-0.4, 1.8, 1.2) 46
[12:56:29.110]: (-0.4, 1.8, 1.2) 46
[12:56:29.143]: (-0.4, 1.8, 1.1) 46
[12:56:29.177]: (-0.4, 1.7, 1.0) 49
[12:56:29.577]: (-0.3, 1.8, 0.9) 49
[12:56:29.601]: (-0.3, 1.8, 0.9) 49
[12:56:29.623]: (-0.3, 1.8, 0.9) 49
[12:56:29.645]: (-0.3, 1.8, 0.9) 49
[12:56:29.665]: (-0.3, 1.8, 0.9) 49
[12:56:29.686]: (-0.3, 1.8, 0.9) 49
[12:56:29.708]: (-0.3, 1.8, 0.9) 49
[12:56:29.731]: (-0.3, 1.8, 0.9) 49
[12:56:29.752]: (-0.3, 1.8, 0.9) 49
[12:56:29.775]: (-0.3, 1.8, 0.9) 49
[12:56:29.797]: (-0.3, 1.8, 0.9) 49
[12:56:29.819]: (-0.3, 1.8, 0.9) 49
[12:56:29.842]: (-0.3, 1.8, 0.9) 49
[12:56:29.863]: (-0.3, 1.8, 0.9) 49
[12:56:29.887]: (-0.3, 1.8, 0.9) 49
[12:56:29.908]: (-0.3, 1.8, 0.9) 49
[12:56:29.930]: (-0.3, 1.8, 0.9) 49
[12:56:29.953]: (-0.3, 1.8, 0.9) 49
[12:56:29.975]: (-0.3, 1.8, 0.9) 49
[12:56:29.997]: (-0.3, 1.8, 0.9) 49
[12:56:30.019]: (-0.3, 1.8, 0.9) 49
[12:56:30.042]: (-0.3, 1.8, 0.9) 49
[12:56:30.063]: (-0.3, 1.8, 0.9) 49
[12:56:30.086]: (-0.3, 1.8, 0.9) 49
[12:56:30.108]: (-0.3, 1.8, 0.9) 49
[12:56:30.130]: (-0.3, 1.8, 0.9) 49
[12:56:30.153]: (-0.3, 1.8, 0.9) 49
[12:56:30.175]: (-0.3, 1.8, 0.9) 49
[12:56:30.197]: (-0.3, 1.8, 0.9) 49
[12:56:30.220]: (-0.3, 1.8, 0.9) 49
[12:56:30.241]: (-0.3, 1.8, 0.9) 49
[12:56:30.623]: (-0.3, 2.0, 0.7) 49
[12:56:30.643]: (-0.3, 2.2, 0.8) 45
[12:56:30.666]: (-0.3, 2.1, 0.7) 44
[12:56:30.711]: (-0.4, 2.1, 0.6) 48
[12:56:30.732]: (-0.4, 2.1, 0.6) 48
[12:56:30.754]: (-0.4, 2.1, 0.6) 48
[12:56:30.776]: (-0.4, 2.1, 0.6) 48
[12:56:30.798]: (-0.4, 2.1, 0.6) 48
[12:56:30.820]: (-0.4, 2.1, 0.6) 48
[12:56:30.843]: (-0.4, 2.1, 0.6) 48
[12:56:30.867]: (-0.4, 2.1, 0.6) 48
[12:56:30.890]: (-0.4, 2.1, 0.6) 48
[12:56:30.912]: (-0.4, 2.1, 0.6) 44
[12:56:30.935]: (-0.5, 2.1, 0.8) 45
[12:56:30.958]: (-0.5, 2.1, 0.8) 46
[12:56:30.983]: (-0.5, 2.1, 0.7) 46
[12:56:31.004]: (-0.5, 2.0, 0.5) 49
[12:56:31.026]: (-0.5, 2.0, 0.6) 49
[12:56:31.212]: (-0.4, 2.0, 0.5) 49
[12:56:31.233]: (-0.4, 2.0, 0.4) 49
[12:56:31.255]: (-0.4, 2.0, 0.4) 49
[12:56:31.277]: (-0.4, 2.0, 0.4) 49
[12:56:31.294]: (-0.4, 2.0, 0.4) 49
[12:56:31.311]: (-0.4, 2.0, 0.4) 49
[12:56:31.333]: (-0.4, 2.0, 0.4) 49
[12:56:31.355]: (-0.4, 2.0, 0.4) 49
[12:56:31.372]: (-0.4, 2.0, 0.4) 49
[12:56:31.389]: (-0.4, 2.0, 0.4) 49
[12:56:31.407]: (-0.4, 2.0, 0.4) 49
[12:56:31.441]: (-0.4, 2.0, 0.4) 49
[12:56:31.476]: (-0.4, 2.0, 0.4) 49
[12:56:31.508]: (-0.4, 2.0, 0.4) 49
[12:56:31.542]: (-0.4, 2.2, 0.5) 46
[12:56:31.574]: (-0.4, 2.2, 0.6) 45
[12:56:31.608]: (-0.4, 2.2, 0.6) 45
[12:56:31.641]: (-0.4, 2.0, 0.4) 49
[12:56:31.677]: (-0.4, 2.0, 0.4) 49
[12:56:31.707]: (-0.4, 2.0, 0.4) 49
[12:56:31.741]: (-0.4, 2.0, 0.4) 49
[12:56:31.776]: (-0.4, 2.2, 0.6) 45
[12:56:31.809]: (-0.4, 2.2, 0.6) 46
[12:56:31.841]: (-0.4, 2.2, 0.6) 46
[12:56:32.074]: (-0.5, 2.1, 0.5) 53
[12:56:32.108]: (-0.4, 2.2, 0.4) 46
[12:56:32.132]: (-0.4, 2.2, 0.5) 46
[12:56:32.263]: (-0.4, 2.1, 0.5) 46
[12:56:32.352]: (-0.3, 2.0, 0.5) 45
[12:56:32.374]: (-0.3, 2.0, 0.5) 45
[12:56:32.397]: (-0.3, 2.0, 0.5) 45
[12:56:32.418]: (-0.3, 2.0, 0.5) 45
[12:56:32.442]: (-0.3, 2.0, 0.5) 45
[12:56:32.552]: (-0.3, 1.9, 0.5) 45
[12:56:32.574]: (-0.3, 1.9, 0.5) 45
[12:56:32.597]: (-0.3, 1.9, 0.5) 45
[12:56:32.662]: (-0.3, 1.9, 0.5) 45
[12:56:32.684]: (-0.3, 1.9, 0.5) 45
[12:56:32.706]: (-0.4, 1.9, 0.5) 46
[12:56:32.729]: (-0.4, 1.9, 0.5) 46
[12:56:32.752]: (-0.4, 1.9, 0.5) 46
[12:56:32.775]: (-0.4, 1.9, 0.5) 46
[12:56:32.796]: (-0.4, 1.9, 0.5) 46
[12:56:32.818]: (-0.4, 1.9, 0.5) 46
[12:56:32.841]: (-0.4, 1.9, 0.5) 46
[12:56:32.865]: (-0.4, 1.9, 0.5) 46
[12:56:32.886]: (-0.4, 1.9, 0.5) 46
[12:56:32.911]: (-0.4, 1.9, 0.5) 46
[12:56:32.932]: (-0.4, 1.9, 0.5) 46
[12:56:32.955]: (-0.4, 1.9, 0.5) 46
[12:56:32.978]: (-0.4, 1.9, 0.5) 46
[12:56:32.997]: (-0.4, 1.9, 0.5) 46
[12:56:33.020]: (-0.4, 1.9, 0.5) 46
[12:56:33.042]: (-0.4, 1.9, 0.5) 46
[12:56:33.064]: (-0.4, 1.9, 0.5) 46
[12:56:33.087]: (-0.4, 1.9, 0.5) 46
[12:56:33.109]: (-0.4, 1.9, 0.5) 46
[12:56:33.132]: (-0.4, 1.9, 0.5) 46
[12:56:33.154]: (-0.3, 1.9, 0.5) 46
[12:56:33.179]: (-0.3, 1.9, 0.5) 45
[12:56:33.198]: (-0.3, 1.9, 0.5) 45
[12:56:33.221]: (-0.3, 1.9, 0.5) 45
[12:56:33.245]: (-0.3, 1.9, 0.5) 45
[12:56:33.265]: (-0.3, 1.9, 0.5) 45
[12:56:33.288]: (-0.3, 1.9, 0.5) 45
[12:56:33.310]: (-0.3, 1.9, 0.5) 46
[12:56:33.333]: (-0.3, 1.9, 0.5) 46
[12:56:33.354]: (-0.4, 1.9, 0.5) 46
[12:56:33.374]: (-0.4, 1.9, 0.5) 46
[12:56:33.391]: (-0.4, 1.9, 0.5) 46
[12:56:33.408]: (-0.4, 1.9, 0.5) 46
[12:56:33.426]: (-0.4, 1.9, 0.5) 46
[12:56:33.443]: (-0.4, 1.9, 0.5) 46
[12:56:33.462]: (-0.4, 1.9, 0.5) 46
[12:56:33.480]: (-0.4, 1.9, 0.5) 46
[12:56:33.497]: (-0.4, 1.9, 0.5) 46
[12:56:33.514]: (-0.4, 1.9, 0.5) 46
[12:56:33.531]: (-0.4, 1.9, 0.5) 46
[12:56:33.548]: (-0.4, 1.9, 0.5) 46
[12:56:33.564]: (-0.4, 1.9, 0.5) 46
[12:56:33.582]: (-0.4, 1.9, 0.5) 46
[12:56:33.598]: (-0.3, 1.9, 0.5) 46
[12:56:33.616]: (-0.4, 1.9, 0.5) 46
[12:56:33.633]: (-0.3, 1.9, 0.5) 46
[12:56:33.649]: (-0.4, 1.9, 0.5) 46
[12:56:33.665]: (-0.4, 1.9, 0.5) 46
[12:56:33.682]: (-0.4, 1.9, 0.5) 46
[12:56:33.697]: (-0.4, 1.9, 0.5) 46
[12:56:33.713]: (-0.3, 1.9, 0.5) 45
[12:56:33.730]: (-0.3, 1.9, 0.5) 45
[12:56:33.747]: (-0.3, 1.9, 0.5) 45
[12:56:33.763]: (-0.3, 1.9, 0.5) 45
[12:56:33.780]: (-0.3, 1.9, 0.5) 45
[12:56:33.797]: (-0.3, 1.9, 0.5) 45
[12:56:33.818]: (-0.3, 1.9, 0.5) 45
[12:56:33.840]: (-0.3, 1.9, 0.5) 45
[12:56:33.863]: (-0.3, 1.9, 0.5) 45
[12:56:33.884]: (-0.3, 1.9, 0.5) 45
[12:56:33.907]: (-0.3, 1.9, 0.5) 45
[12:56:33.934]: (-0.3, 1.9, 0.5) 45
[12:56:33.952]: (-0.3, 1.9, 0.5) 45
[12:56:33.974]: (-0.3, 1.9, 0.5) 45
[12:56:33.996]: (-0.3, 1.9, 0.5) 45
[12:56:34.019]: (-0.3, 1.9, 0.5) 45
[12:56:34.040]: (-0.3, 1.9, 0.5) 45
[12:56:34.062]: (-0.3, 1.9, 0.5) 45
[12:56:34.084]: (-0.3, 1.9, 0.5) 45
[12:56:34.108]: (-0.3, 1.9, 0.5) 45
[12:56:34.130]: (-0.3, 1.9, 0.5) 45
[12:56:34.152]: (-0.3, 1.9, 0.5) 45
[12:56:34.175]: (-0.3, 1.9, 0.5) 46
[12:56:34.197]: (-0.4, 1.9, 0.5) 46
[12:56:34.218]: (-0.4, 1.9, 0.5) 53
[12:56:34.240]: (-0.4, 1.9, 0.5) 53
[12:56:34.263]: (-0.4, 1.9, 0.5) 53
[12:56:34.286]: (-0.4, 1.9, 0.5) 53
[12:56:34.304]: (-0.4, 1.9, 0.5) 53
[12:56:34.326]: (-0.4, 1.9, 0.5) 53
[12:56:34.344]: (-0.4, 1.9, 0.5) 53
[12:56:34.363]: (-0.4, 1.9, 0.5) 53
[12:56:34.381]: (-0.4, 1.9, 0.5) 53
[12:56:34.402]: (-0.4, 1.9, 0.5) 53
[12:56:34.418]: (-0.4, 1.9, 0.5) 53
[12:56:34.435]: (-0.4, 1.9, 0.5) 53
[12:56:34.451]: (-0.4, 1.9, 0.5) 53
[12:56:34.471]: (-0.4, 1.9, 0.5) 53
[12:56:34.489]: (-0.4, 1.9, 0.5) 53
[12:56:34.507]: (-0.4, 1.9, 0.5) 53
[12:56:34.528]: (-0.4, 1.9, 0.5) 53
[12:56:34.545]: (-0.4, 1.9, 0.5) 53
[12:56:34.563]: (-0.4, 1.9, 0.5) 53
[12:56:34.581]: (-0.4, 1.9, 0.5) 53
[12:56:34.600]: (-0.4, 1.9, 0.5) 53
[12:56:34.618]: (-0.4, 1.9, 0.5) 46
[12:56:34.636]: (-0.4, 1.8, 0.5) 53
[12:56:34.654]: (-0.4, 1.8, 0.5) 53
[12:56:34.673]: (-0.4, 1.8, 0.5) 53
[12:56:34.691]: (-0.4, 1.8, 0.5) 53
[12:56:34.710]: (-0.4, 1.8, 0.5) 53
[12:56:34.726]: (-0.4, 1.8, 0.5) 53
[12:56:34.745]: (-0.4, 1.8, 0.5) 53
[12:56:34.762]: (-0.4, 1.8, 0.5) 53
[12:56:34.778]: (-0.4, 1.8, 0.5) 53
[12:56:34.796]: (-0.4, 1.8, 0.5) 53
[12:56:34.813]: (-0.4, 1.8, 0.5) 53
[12:56:34.829]: (-0.4, 1.8, 0.5) 53
[12:56:34.847]: (-0.4, 1.8, 0.5) 53
[12:56:34.864]: (-0.4, 1.8, 0.5) 53
[12:56:34.884]: (-0.4, 1.8, 0.5) 53
[12:56:34.906]: (-0.4, 1.8, 0.5) 53
[12:56:34.930]: (-0.4, 1.8, 0.5) 53
[12:56:34.950]: (-0.4, 1.8, 0.5) 53
[12:56:34.974]: (-0.4, 1.8, 0.5) 53
[12:56:34.996]: (-0.4, 1.8, 0.5) 53
[12:56:35.017]: (-0.4, 1.8, 0.5) 53
[12:56:35.040]: (-0.4, 1.8, 0.5) 53
[12:56:35.061]: (-0.4, 1.8, 0.5) 53
[12:56:35.083]: (-0.4, 1.8, 0.5) 53
