[13:02:31.116]: (-1.4, -0.8, 0.0) 22
[13:02:31.140]: (-1.4, -0.8, 0.0) 22
[13:02:31.157]: (-1.4, -0.8, 0.0) 22
[13:02:31.174]: (-1.4, -0.8, 0.0) 22
[13:02:31.192]: (-1.4, -0.8, 0.0) 22
[13:02:31.209]: (-1.3, -0.8, 0.0) 22
[13:02:31.225]: (-1.3, -0.8, 0.0) 22
[13:02:31.243]: (-1.3, -0.8, 0.0) 22
[13:02:31.260]: (-1.3, -0.8, 0.0) 22
[13:02:31.277]: (-1.3, -0.8, 0.0) 22
[13:02:31.294]: (-1.3, -0.8, 0.0) 22
[13:02:31.310]: (-1.3, -0.8, 0.0) 22
[13:02:31.330]: (-1.3, -0.8, -0.1) 22
[13:02:31.353]: (-1.4, -0.8, -0.1) 22
[13:02:31.375]: (-1.3, -0.8, -0.1) 22
[13:02:31.397]: (-1.4, -0.8, 0.0) 22
[13:02:31.418]: (-1.4, -0.8, 0.0) 22
[13:02:31.441]: (-1.4, -0.8, 0.0) 22
[13:02:31.463]: (-1.4, -0.8, 0.0) 22
[13:02:31.485]: (-1.4, -0.8, 0.0) 22
[13:02:31.507]: (-1.3, -0.8, 0.0) 22
[13:02:31.596]: (-1.4, -0.8, 0.0) 22
[13:02:31.618]: (-1.3, -0.8, 0.0) 22
[13:02:31.641]: (-1.3, -0.8, 0.0) 22
[13:02:31.663]: (-1.4, -0.8, 0.0) 22
[13:02:31.685]: (-1.4, -0.8, -0.1) 22
[13:02:31.708]: (-1.3, -0.9, -0.1) 22
[13:02:31.725]: (-1.3, -0.9, -0.1) 22
[13:02:31.742]: (-1.3, -0.8, 0.0) 21
[13:02:31.789]: (-1.5, -1.9, 0.0) 1
[13:02:31.810]: (-1.6, -1.9, 0.0) 1
[13:02:31.828]: (-1.5, -1.9, 0.0) 1
[13:02:31.896]: (-1.3, -0.8, -0.1) 22
[13:02:32.030]: (-1.3, -0.9, 0.0) 22
[13:02:32.047]: (-1.3, -0.8, 0.0) 21
[13:02:32.064]: (-1.2, -0.8, 0.0) 21
[13:02:32.082]: (-1.2, -0.8, 0.0) 21
[13:02:32.099]: (-1.2, -0.8, 0.0) 21
[13:02:32.117]: (-1.2, -0.8, 0.0) 21
[13:02:32.142]: (-1.4, -0.8, 0.0) 22
[13:02:32.176]: (-1.4, -0.8, 0.0) 22
[13:02:32.195]: (-1.3, -0.8, 0.0) 22
[13:02:32.215]: (-1.3, -0.8, -0.1) 22
[13:02:32.245]: (-1.4, -0.8, 0.0) 22
[13:02:32.441]: (-1.3, -0.9, 0.0) 22
[13:02:32.462]: (-1.3, -0.8, 0.0) 22
[13:02:32.484]: (-1.3, -0.8, 0.0) 22
[13:02:32.507]: (-1.3, -0.9, 0.0) 22
[13:02:32.529]: (-1.3, -0.9, 0.0) 22
[13:02:32.574]: (-1.3, -0.9, 0.0) 22
[13:02:32.596]: (-1.3, -0.9, 0.0) 22
[13:02:32.619]: (-1.3, -0.9, 0.0) 22
[13:02:32.642]: (-1.3, -0.9, 0.0) 22
[13:02:32.662]: (-1.3, -0.8, 0.0) 22
[13:02:32.684]: (-1.3, -0.9, 0.0) 22
[13:02:32.701]: (-1.3, -0.9, 0.0) 22
[13:02:32.717]: (-1.3, -0.9, 0.0) 22
[13:02:32.734]: (-1.3, -0.9, 0.0) 22
[13:02:32.750]: (-1.3, -0.8, 0.0) 22
[13:02:32.767]: (-1.3, -0.9, 0.0) 22
[13:02:32.784]: (-1.3, -0.8, 0.0) 22
[13:02:32.801]: (-1.3, -0.8, 0.0) 22
[13:02:32.817]: (-1.3, -0.9, 0.0) 22
[13:02:32.836]: (-1.3, -0.8, 0.0) 22
[13:02:32.855]: (-1.3, -0.8, 0.0) 22
[13:02:32.872]: (-1.3, -0.8, 0.0) 22
[13:02:32.889]: (-1.3, -0.8, 0.0) 22
[13:02:32.906]: (-1.3, -0.8, 0.0) 22
[13:02:32.923]: (-1.3, -0.8, 0.0) 22
[13:02:32.940]: (-1.3, -0.8, 0.0) 22
[13:02:32.961]: (-1.3, -0.8, 0.0) 22
[13:02:32.982]: (-1.3, -0.8, 0.0) 22
[13:02:33.000]: (-1.3, -0.9, 0.0) 22
[13:02:33.017]: (-1.3, -0.8, 0.0) 22
[13:02:33.034]: (-1.3, -0.9, 0.0) 22
[13:02:33.053]: (-1.3, -0.9, 0.0) 22
[13:02:33.069]: (-1.3, -0.8, 0.0) 22
[13:02:33.087]: (-1.3, -0.8, 0.0) 22
[13:02:36.072]: (-2.7, -0.5, 0.5) 16
[13:02:36.206]: (-3.6, -0.7, 1.2) 26
[13:02:36.228]: (-3.6, -0.6, 1.4) 26
[13:02:36.314]: (-3.0, 0.1, 1.3) 1
[13:02:36.335]: (-2.9, 0.2, 1.4) 1
[13:02:36.417]: (-1.8, 0.9, 1.1) 21
[13:02:36.439]: (-1.8, 0.9, 1.1) 21
[13:02:36.578]: (-1.4, 1.5, 1.5) 22
[13:02:36.602]: (-1.4, 1.5, 1.5) 22
[13:02:36.625]: (-1.3, 1.6, 1.5) 22
[13:02:36.647]: (-1.3, 1.6, 1.5) 22
[13:02:36.670]: (-1.2, 1.7, 1.6) 22
[13:02:36.692]: (-1.1, 1.7, 1.6) 22
[13:02:36.714]: (-1.1, 1.7, 1.6) 22
[13:02:36.753]: (-1.0, 1.7, 1.6) 21
[13:02:36.775]: (-0.9, 1.8, 1.6) 21
[13:02:36.797]: (-0.9, 1.8, 1.6) 21
[13:02:36.820]: (-0.8, 1.8, 1.6) 21
[13:02:36.843]: (-0.8, 1.8, 1.6) 21
[13:02:36.864]: (-0.7, 1.8, 1.6) 21
[13:02:36.885]: (-0.7, 1.9, 1.7) 21
[13:02:36.909]: (-0.6, 1.9, 1.7) 21
[13:02:36.974]: (-0.4, 2.2, 2.3) 18
[13:02:38.305]: (-0.5, 2.3, 2.4) 1
[13:02:38.664]: (0.0, 2.1, 2.1) 18
[13:02:38.707]: (0.0, 2.2, 2.1) 18
[13:02:39.438]: (-0.3, 2.0, 1.4) 21
[13:02:39.461]: (-0.3, 2.0, 1.4) 21
[13:02:39.484]: (-0.3, 2.0, 1.4) 21
[13:02:39.860]: (-0.3, 2.0, 1.3) 21
[13:02:40.891]: (-0.5, 2.4, 2.1) 1
[13:02:42.292]: (-0.4, 1.3, 1.4) 22
[13:02:42.314]: (-0.4, 1.3, 1.4) 22
[13:02:42.336]: (-0.4, 1.3, 1.4) 22
[13:02:42.359]: (-0.4, 1.3, 1.4) 22
[13:02:42.382]: (-0.4, 1.3, 1.4) 22
[13:02:42.404]: (-0.4, 1.3, 1.4) 22
[13:02:42.426]: (-0.4, 1.3, 1.4) 22
[13:02:42.448]: (-0.4, 1.3, 1.4) 22
[13:02:42.471]: (-0.4, 1.3, 1.4) 22
[13:02:42.491]: (-0.4, 1.3, 1.4) 22
[13:02:42.515]: (-0.4, 1.3, 1.4) 22
[13:02:42.536]: (-0.4, 1.3, 1.4) 22
[13:02:42.558]: (-0.5, 1.2, 1.4) 21
[13:02:42.697]: (-0.5, 1.2, 1.4) 21
[13:02:45.360]: (0.7, 2.0, 2.0) 27
[13:02:45.393]: (0.7, 2.0, 2.0) 27
[13:02:45.426]: (0.7, 2.0, 2.0) 27
[13:02:45.443]: (0.7, 2.0, 2.0) 27
[13:02:45.460]: (0.7, 2.0, 2.0) 27
[13:02:45.478]: (0.7, 2.0, 2.0) 27
[13:02:46.264]: (-0.9, 2.0, 1.9) 2
[13:02:46.280]: (-0.9, 2.1, 1.9) 2
[13:02:46.297]: (-1.0, 2.0, 1.9) 2
[13:02:46.314]: (-0.9, 2.0, 1.9) 2
[13:02:46.346]: (-0.9, 2.0, 1.9) 2
[13:02:46.362]: (-0.9, 2.0, 1.9) 2
[13:02:46.378]: (-0.9, 2.0, 1.9) 2
[13:02:46.395]: (-0.9, 2.0, 1.9) 2
[13:02:46.412]: (-0.9, 2.0, 1.9) 2
[13:02:46.429]: (-0.9, 2.0, 1.9) 2
[13:02:46.447]: (-0.9, 2.0, 1.9) 2
[13:02:46.464]: (-0.9, 2.0, 1.9) 2
[13:02:46.482]: (-0.9, 2.0, 1.9) 2
[13:02:46.499]: (-0.9, 2.0, 1.9) 2
[13:02:46.667]: (-0.9, 2.0, 1.9) 2
[13:02:46.690]: (-0.9, 2.0, 1.9) 2
[13:02:46.712]: (-0.9, 2.0, 1.9) 2
[13:02:46.734]: (-0.9, 2.0, 1.9) 2
[13:02:46.757]: (-0.9, 2.0, 1.9) 2
[13:02:46.780]: (-0.9, 2.0, 1.9) 2
[13:02:46.801]: (-0.9, 2.0, 1.9) 2
[13:02:46.824]: (-0.9, 2.0, 1.9) 2
[13:02:47.238]: (-1.0, 2.0, 1.9) 2
[13:02:47.523]: (-0.6, 2.1, 2.0) 1
[13:02:49.076]: (-0.3, 2.8, 2.5) 26
[13:02:49.094]: (-0.7, 2.7, 2.4) 25
[13:02:49.114]: (-0.7, 2.7, 2.5) 25
[13:02:49.133]: (-0.7, 2.7, 2.5) 25
[13:02:50.967]: (-1.0, 2.0, 1.9) 2
[13:02:50.988]: (-0.9, 2.0, 1.9) 2
[13:02:51.012]: (-0.9, 2.0, 1.9) 2
[13:02:51.032]: (-0.9, 2.0, 1.9) 2
[13:02:51.057]: (-0.9, 2.0, 1.9) 2
[13:02:51.077]: (-0.9, 2.0, 1.9) 2
[13:02:51.101]: (-0.9, 2.0, 1.9) 2
[13:02:51.121]: (-0.9, 2.0, 1.9) 2
[13:02:51.188]: (-0.9, 2.0, 1.9) 2
[13:02:51.212]: (-0.9, 2.0, 1.9) 2
[13:02:51.233]: (-0.9, 2.0, 1.9) 2
[13:02:51.256]: (-0.9, 2.0, 1.9) 2
[13:02:51.277]: (-0.9, 2.0, 1.9) 2
[13:02:51.777]: (0.1, 2.8, 2.5) 7
[13:02:51.824]: (0.1, 2.8, 2.5) 7
[13:02:52.474]: (-0.7, 2.8, 2.4) 25
[13:02:52.492]: (-0.7, 2.8, 2.4) 25
[13:02:53.899]: (0.4, 1.1, 1.5) 11
[13:02:53.920]: (0.4, 1.1, 1.5) 11
[13:02:53.941]: (0.4, 1.0, 1.5) 11
[13:02:53.962]: (0.4, 1.0, 1.5) 11
[13:02:53.982]: (0.4, 1.0, 1.5) 11
[13:02:54.042]: (0.4, 0.9, 1.5) 11
[13:02:54.064]: (0.3, 0.9, 1.5) 11
[13:02:54.765]: (0.0, 2.7, 2.3) 7
[13:02:54.787]: (0.0, 2.7, 2.3) 7
[13:02:55.816]: (0.0, 3.2, 2.6) 32
[13:02:56.840]: (-0.2, 2.5, 2.2) 7
[13:02:57.391]: (-0.2, 2.3, 2.2) 7
[13:02:58.878]: (-1.0, 1.8, 2.1) 25
[13:02:59.013]: (-0.6, 2.0, 2.1) 26
[13:02:59.383]: (-0.3, 2.2, 2.1) 7
