[13:08:44.329]: (-3.1, -1.5, -0.1) 8
[13:08:44.348]: (-3.1, -1.5, -0.1) 8
[13:08:44.365]: (-3.1, -1.5, -0.1) 6
[13:08:44.382]: (-3.1, -1.5, -0.1) 6
[13:08:44.399]: (-3.1, -1.5, -0.1) 6
[13:08:44.416]: (-3.1, -1.5, -0.1) 6
[13:08:44.432]: (-3.1, -1.5, -0.1) 6
[13:08:44.448]: (-3.1, -1.5, -0.1) 6
[13:08:44.465]: (-3.1, -1.5, -0.1) 6
[13:08:44.482]: (-3.1, -1.5, -0.1) 6
[13:08:44.501]: (-3.1, -1.5, -0.1) 6
[13:08:44.518]: (-3.1, -1.5, -0.1) 6
[13:08:44.535]: (-3.1, -1.5, -0.1) 6
[13:08:44.552]: (-3.1, -1.5, -0.1) 6
[13:08:44.569]: (-3.1, -1.5, -0.1) 6
[13:08:44.586]: (-3.1, -1.5, -0.2) 6
[13:08:44.604]: (-3.0, -1.6, -0.2) 6
[13:08:44.620]: (-3.1, -1.6, -0.2) 6
[13:08:44.682]: (-3.3, -2.9, 0.0) 17
[13:08:44.698]: (-3.3, -2.9, 0.0) 17
[13:08:44.716]: (-3.3, -2.9, 0.0) 17
[13:08:44.732]: (-3.3, -2.9, 0.0) 17
[13:08:44.748]: (-3.4, -2.9, 0.0) 17
[13:08:44.795]: (-3.4, -2.9, 0.1) 17
[13:08:44.814]: (-3.3, -2.9, 0.0) 17
[13:08:44.836]: (-3.3, -2.9, 0.0) 17
[13:08:44.858]: (-3.4, -2.8, 0.0) 19
[13:08:44.881]: (-3.5, -3.0, 0.0) 16
[13:08:44.904]: (-3.3, -2.8, 0.0) 19
[13:08:44.925]: (-3.4, -2.8, 0.0) 19
[13:08:44.948]: (-3.4, -2.8, 0.0) 19
[13:08:45.295]: (-2.8, -1.7, 0.1) 59
[13:08:45.317]: (-2.8, -1.7, 0.2) 59
[13:08:45.338]: (-2.9, -1.5, 0.2) 59
[13:08:45.581]: (-2.6, 0.7, 1.0) 60
[13:08:45.644]: (-3.5, 0.9, 1.7) 2
[13:08:45.666]: (-3.4, 0.9, 1.7) 2
[13:08:45.706]: (-3.2, 1.1, 1.8) 6
[13:08:45.729]: (-3.2, 1.2, 1.8) 6
[13:08:45.753]: (-3.2, 1.5, 2.1) 1
[13:08:45.775]: (-3.8, 1.8, 3.0) 66
[13:08:45.797]: (-2.9, 1.9, 2.3) 5
[13:08:45.819]: (-3.0, 1.9, 2.4) 4
[13:08:45.841]: (-2.7, 1.9, 2.3) 3
[13:08:45.885]: (-2.5, 2.0, 2.4) 2
[13:08:45.911]: (-2.5, 2.2, 2.5) 2
[13:08:45.932]: (-2.3, 2.2, 2.6) 2
[13:08:45.955]: (-2.2, 2.3, 2.7) 2
[13:08:46.047]: (-1.6, 2.7, 2.9) 1
[13:08:46.082]: (-1.5, 2.7, 2.9) 1
[13:08:46.114]: (-1.3, 2.7, 2.9) 3
[13:08:46.148]: (-1.2, 2.7, 2.9) 3
[13:08:49.634]: (-0.1, 3.4, 2.9) 67
[13:08:49.657]: (-0.1, 2.7, 2.2) 6
[13:08:49.679]: (-0.2, 2.7, 2.2) 6
[13:08:49.703]: (-0.1, 2.7, 2.2) 6
[13:08:49.726]: (-0.1, 2.8, 2.4) 0
[13:08:49.746]: (-0.1, 2.9, 2.4) 0
[13:08:50.787]: (-0.9, 2.4, 1.4) 54
[13:08:51.010]: (-0.9, 2.2, 1.3) 51
[13:08:51.032]: (-0.9, 2.2, 1.3) 51
[13:08:51.054]: (-0.9, 2.2, 1.3) 51
[13:08:51.077]: (-0.9, 2.2, 1.3) 51
[13:08:51.099]: (-0.9, 2.2, 1.3) 51
[13:08:51.122]: (-0.9, 2.2, 1.3) 51
[13:08:51.146]: (-0.9, 2.2, 1.3) 51
[13:08:51.168]: (-0.9, 2.2, 1.3) 51
[13:08:51.191]: (-0.9, 2.2, 1.3) 51
[13:08:51.212]: (-0.9, 2.2, 1.3) 51
[13:08:51.234]: (-0.9, 2.2, 1.3) 51
[13:08:51.536]: (-1.9, 2.3, 1.3) 42
[13:08:51.634]: (-2.0, 2.2, 1.3) 42
[13:08:51.668]: (-2.0, 2.2, 1.3) 42
[13:08:51.701]: (-2.0, 2.2, 1.3) 42
[13:08:51.735]: (-2.0, 2.2, 1.3) 42
[13:08:51.768]: (-2.0, 2.2, 1.3) 42
[13:08:51.801]: (-2.1, 2.2, 1.3) 42
[13:08:52.799]: (0.1, 2.5, 2.3) 6
[13:08:52.823]: (0.0, 2.5, 2.3) 6
[13:08:52.844]: (0.0, 2.6, 2.4) 0
[13:08:52.868]: (0.1, 2.6, 2.4) 0
[13:08:52.892]: (0.0, 2.5, 2.3) 6
[13:08:52.913]: (0.0, 2.5, 2.3) 6
[13:08:52.936]: (0.0, 2.5, 2.3) 6
[13:08:52.982]: (0.0, 2.5, 2.2) 8
[13:08:53.006]: (0.0, 2.5, 2.2) 8
[13:08:53.028]: (-0.1, 2.5, 2.2) 6
[13:08:53.051]: (0.0, 2.5, 2.3) 6
[13:08:53.076]: (-0.1, 2.5, 2.2) 6
[13:08:53.097]: (0.0, 2.5, 2.3) 6
[13:08:53.117]: (0.0, 2.5, 2.4) 2
[13:08:53.477]: (0.0, 2.6, 2.3) 2
[13:08:53.646]: (0.0, 2.6, 2.3) 2
[13:08:53.663]: (0.0, 2.6, 2.3) 2
[13:08:53.709]: (0.0, 2.6, 2.3) 2
[13:08:53.726]: (0.0, 2.6, 2.1) 8
[13:08:53.743]: (0.0, 2.6, 2.1) 8
[13:08:53.761]: (0.0, 2.6, 2.1) 8
[13:08:53.779]: (0.0, 2.6, 2.1) 8
[13:08:53.796]: (0.0, 2.6, 2.1) 8
[13:08:53.814]: (0.0, 2.6, 2.1) 8
[13:08:53.832]: (0.0, 2.6, 2.1) 8
[13:08:53.849]: (0.0, 2.6, 2.1) 8
[13:08:53.865]: (0.1, 2.6, 2.1) 8
[13:08:53.889]: (0.1, 2.6, 2.1) 8
[13:08:53.911]: (0.1, 2.6, 2.1) 8
[13:08:53.934]: (0.1, 2.6, 2.1) 8
[13:08:53.956]: (0.1, 2.6, 2.1) 8
[13:08:53.977]: (0.1, 2.6, 2.1) 8
[13:08:54.000]: (0.1, 2.6, 2.1) 8
[13:08:54.021]: (0.0, 2.6, 2.1) 8
[13:08:54.044]: (0.0, 2.6, 2.1) 8
[13:08:54.066]: (0.0, 2.6, 2.1) 8
[13:08:54.088]: (0.1, 2.6, 2.1) 8
[13:08:54.110]: (0.1, 2.6, 2.1) 8
[13:08:54.134]: (0.1, 2.6, 2.1) 8
[13:08:54.156]: (0.1, 2.8, 2.5) 4
[13:08:54.177]: (0.0, 2.6, 2.1) 8
[13:08:54.199]: (0.1, 2.8, 2.4) 4
[13:08:54.221]: (0.1, 2.6, 2.1) 8
[13:08:54.245]: (0.1, 2.6, 2.1) 8
[13:08:54.266]: (0.0, 2.6, 2.1) 8
[13:08:54.288]: (0.1, 2.6, 2.1) 8
[13:08:54.311]: (0.1, 2.6, 2.3) 3
[13:08:54.328]: (0.2, 2.6, 2.3) 3
[13:08:54.347]: (0.2, 2.6, 2.4) 3
[13:08:54.366]: (0.2, 2.6, 2.4) 1
[13:08:54.383]: (0.2, 2.6, 2.3) 3
[13:08:54.400]: (0.2, 2.6, 2.3) 3
[13:08:54.416]: (0.2, 2.6, 2.3) 3
[13:08:54.433]: (0.2, 2.6, 2.3) 3
[13:08:54.450]: (0.2, 2.6, 2.3) 3
[13:08:54.468]: (0.2, 2.6, 2.3) 3
[13:08:54.485]: (0.2, 2.6, 2.3) 3
[13:08:54.502]: (0.1, 2.6, 2.3) 3
[13:08:54.517]: (0.1, 2.6, 2.3) 3
[13:08:54.534]: (0.1, 2.6, 2.3) 3
[13:08:54.551]: (0.1, 2.6, 2.3) 3
[13:08:54.569]: (0.1, 2.6, 2.3) 3
[13:08:54.586]: (0.1, 2.6, 2.3) 3
[13:08:55.143]: (-0.1, 2.6, 2.3) 2
[13:08:55.677]: (-0.1, 2.7, 2.3) 0
[13:08:55.699]: (-0.1, 2.6, 2.1) 6
[13:08:55.721]: (-0.1, 2.6, 2.2) 6
[13:08:55.743]: (-0.1, 2.6, 2.2) 6
[13:08:55.766]: (-0.1, 2.7, 2.3) 0
[13:08:55.787]: (-0.1, 2.7, 2.2) 6
[13:08:55.812]: (-0.1, 2.6, 2.1) 6
[13:08:55.832]: (-0.1, 2.6, 2.1) 6
[13:08:55.855]: (-0.1, 2.6, 2.1) 6
[13:08:55.876]: (-0.1, 2.6, 2.1) 6
[13:08:55.900]: (-0.1, 2.6, 2.1) 6
[13:08:55.920]: (-0.1, 2.6, 2.1) 6
[13:08:55.965]: (0.4, 2.8, 2.3) 7
[13:08:55.987]: (0.4, 2.7, 2.3) 7
[13:08:56.010]: (0.4, 2.7, 2.3) 7
[13:08:56.031]: (0.3, 2.7, 2.3) 5
[13:08:56.055]: (0.3, 2.7, 2.3) 5
[13:08:56.077]: (0.3, 2.7, 2.3) 5
[13:08:56.098]: (0.3, 2.7, 2.3) 5
[13:08:56.115]: (0.3, 2.7, 2.3) 5
[13:08:56.132]: (0.3, 2.8, 2.3) 5
[13:08:56.149]: (0.3, 2.8, 2.3) 5
[13:08:56.168]: (0.3, 2.8, 2.3) 5
[13:08:56.185]: (0.3, 2.8, 2.3) 7
[13:08:56.201]: (0.3, 2.8, 2.3) 7
[13:08:56.218]: (0.3, 2.8, 2.3) 7
[13:08:56.234]: (0.3, 2.8, 2.3) 7
[13:08:56.249]: (0.3, 2.8, 2.3) 7
[13:08:56.267]: (0.3, 2.8, 2.3) 7
[13:08:56.284]: (0.3, 2.8, 2.3) 7
[13:08:56.301]: (0.3, 2.8, 2.3) 7
[13:08:56.318]: (0.3, 2.8, 2.3) 7
[13:08:56.335]: (0.3, 2.8, 2.3) 7
[13:08:56.353]: (0.3, 2.8, 2.3) 7
[13:08:56.371]: (0.2, 2.8, 2.5) 4
[13:08:56.389]: (0.0, 2.6, 2.3) 2
[13:08:56.406]: (-0.1, 2.6, 2.3) 2
[13:08:56.424]: (0.0, 2.6, 2.3) 2
[13:08:56.441]: (0.0, 2.6, 2.3) 2
[13:08:56.458]: (0.0, 2.6, 2.3) 2
[13:08:56.476]: (0.0, 2.6, 2.3) 2
[13:08:56.493]: (0.0, 2.6, 2.3) 2
[13:08:56.510]: (-0.1, 2.6, 2.3) 2
[13:08:56.527]: (-0.1, 2.6, 2.3) 2
[13:08:56.544]: (-0.1, 2.6, 2.3) 2
[13:08:56.561]: (-0.1, 2.6, 2.3) 2
[13:08:56.578]: (-0.1, 2.6, 2.3) 2
[13:08:56.597]: (-0.1, 2.6, 2.3) 2
[13:08:56.613]: (-0.1, 2.6, 2.3) 2
[13:08:56.632]: (-0.1, 2.6, 2.3) 2
[13:08:57.180]: (-0.1, 2.6, 2.3) 2
[13:08:58.466]: (-0.1, 2.6, 2.2) 6
[13:08:58.509]: (-0.1, 2.6, 2.2) 6
[13:08:58.775]: (-0.1, 2.6, 2.1) 6
[13:08:58.798]: (-0.1, 2.6, 2.1) 6
[13:08:58.820]: (-0.1, 2.6, 2.1) 6
[13:08:58.842]: (-0.1, 2.6, 2.1) 6
[13:08:58.864]: (-0.1, 2.6, 2.2) 6
[13:08:58.882]: (-0.1, 2.6, 2.1) 6
[13:08:58.902]: (-0.1, 2.6, 2.1) 6
[13:08:58.919]: (-0.1, 2.6, 2.2) 6
[13:08:58.935]: (-0.1, 2.7, 2.1) 6
[13:08:58.952]: (-0.1, 2.7, 2.1) 6
[13:08:58.969]: (0.0, 2.6, 2.1) 6
[13:08:58.987]: (-0.1, 2.6, 2.1) 6
[13:08:59.004]: (-0.1, 2.6, 2.1) 6
[13:08:59.022]: (-0.1, 2.6, 2.1) 6
[13:08:59.039]: (-0.1, 2.6, 2.1) 6
[13:08:59.055]: (-0.1, 2.6, 2.1) 6
[13:08:59.072]: (-0.1, 2.6, 2.1) 6
[13:08:59.089]: (-0.1, 2.6, 2.1) 6
[13:08:59.108]: (-0.1, 2.6, 2.1) 6
[13:08:59.125]: (-0.1, 2.6, 2.1) 6
[13:08:59.141]: (-0.1, 2.6, 2.1) 6
[13:08:59.158]: (-0.1, 2.6, 2.1) 6
[13:08:59.176]: (-0.1, 2.6, 2.1) 6
[13:08:59.194]: (0.0, 2.6, 2.1) 6
[13:08:59.213]: (0.0, 2.6, 2.1) 8
[13:08:59.231]: (0.0, 2.6, 2.1) 6
[13:08:59.247]: (0.0, 2.6, 2.1) 6
[13:08:59.264]: (0.0, 2.6, 2.1) 8
[13:08:59.282]: (0.0, 2.6, 2.1) 8
[13:08:59.300]: (0.0, 2.6, 2.1) 8
[13:08:59.318]: (0.0, 2.6, 2.1) 8
[13:08:59.336]: (-0.1, 2.6, 2.1) 6
[13:08:59.355]: (-0.1, 2.6, 2.1) 6
[13:08:59.374]: (-0.1, 2.6, 2.1) 6
[13:08:59.398]: (-0.1, 2.6, 2.1) 6
[13:08:59.531]: (-1.3, 1.9, 1.3) 51
[13:08:59.552]: (-1.3, 1.8, 1.3) 51
[13:08:59.731]: (-1.3, 1.9, 1.3) 51
[13:08:59.775]: (-1.3, 1.8, 1.3) 51
[13:08:59.799]: (-1.3, 1.8, 1.3) 51
[13:08:59.819]: (-1.3, 1.9, 1.3) 51
[13:08:59.838]: (-1.3, 1.9, 1.3) 51
[13:08:59.856]: (-1.3, 1.8, 1.3) 51
[13:08:59.873]: (-1.3, 1.8, 1.3) 51
[13:08:59.891]: (-1.3, 1.8, 1.3) 51
[13:08:59.909]: (-1.3, 1.9, 1.3) 51
[13:08:59.927]: (-1.3, 1.8, 1.3) 51
[13:09:00.241]: (-2.2, 2.2, 1.2) 36
[13:09:00.274]: (-2.3, 1.9, 0.9) 40
[13:09:00.298]: (-2.3, 1.9, 0.9) 40
[13:09:00.320]: (-2.3, 1.9, 0.9) 40
[13:09:00.341]: (-2.3, 1.9, 0.9) 40
[13:09:00.364]: (-2.3, 1.9, 0.9) 40
[13:09:00.385]: (-2.3, 1.9, 1.0) 40
[13:09:00.408]: (-2.3, 1.9, 0.9) 40
[13:09:00.432]: (-2.3, 1.9, 1.0) 40
[13:09:00.452]: (-2.3, 1.9, 1.0) 40
[13:09:00.475]: (-2.3, 1.9, 1.0) 40
[13:09:00.498]: (-2.3, 1.9, 1.0) 40
[13:09:00.518]: (-2.3, 1.9, 0.9) 40
[13:09:00.541]: (-2.3, 1.9, 0.9) 40
[13:09:00.565]: (-2.3, 1.9, 0.9) 40
[13:09:00.585]: (-2.3, 1.9, 0.9) 40
[13:09:00.609]: (-2.3, 1.9, 0.9) 40
[13:09:00.630]: (-2.3, 1.9, 0.9) 40
[13:09:00.652]: (-2.3, 1.9, 0.9) 40
[13:09:00.674]: (-2.3, 1.9, 0.9) 40
[13:09:00.698]: (-2.3, 1.9, 0.9) 40
[13:09:00.718]: (-2.3, 1.9, 0.9) 40
[13:09:00.734]: (-2.3, 1.9, 0.9) 40
[13:09:00.753]: (-2.3, 1.9, 0.9) 40
[13:09:00.769]: (-2.3, 1.9, 0.9) 40
[13:09:00.786]: (-2.3, 1.9, 0.9) 40
[13:09:00.802]: (-2.3, 1.9, 0.9) 40
[13:09:00.820]: (-2.3, 1.9, 0.9) 40
[13:09:00.836]: (-2.3, 1.9, 0.9) 40
[13:09:00.855]: (-2.3, 1.9, 0.9) 40
[13:09:00.873]: (-2.3, 1.9, 0.9) 40
[13:09:00.889]: (-2.3, 1.9, 0.9) 40
[13:09:00.906]: (-2.3, 1.9, 0.9) 40
[13:09:00.923]: (-2.3, 1.9, 0.9) 40
[13:09:00.943]: (-2.3, 1.9, 0.9) 40
[13:09:00.960]: (-2.3, 1.9, 0.9) 40
[13:09:00.977]: (-2.3, 1.9, 0.9) 40
[13:09:00.992]: (-2.3, 1.9, 0.9) 40
[13:09:01.040]: (-2.3, 2.0, 1.0) 40
[13:09:01.132]: (-2.3, 2.0, 1.1) 42
[13:09:01.149]: (-2.3, 2.0, 1.1) 42
[13:09:01.168]: (-2.2, 2.0, 1.1) 42
[13:09:01.187]: (-2.2, 2.0, 1.1) 42
[13:09:01.209]: (-2.2, 2.0, 1.1) 42
[13:09:01.230]: (-2.2, 2.0, 1.1) 42
[13:09:01.253]: (-2.2, 2.0, 1.1) 42
[13:09:01.274]: (-2.2, 2.1, 1.1) 42
[13:09:01.297]: (-2.2, 2.0, 1.1) 42
[13:09:01.319]: (-2.2, 2.1, 1.2) 42
[13:09:01.341]: (-2.2, 2.1, 1.1) 42
[13:09:01.364]: (-2.2, 2.1, 1.1) 42
[13:09:01.385]: (-2.2, 2.1, 1.2) 42
[13:09:01.407]: (-2.2, 2.1, 1.1) 42
[13:09:01.430]: (-2.2, 2.1, 1.1) 42
[13:09:01.452]: (-2.2, 2.1, 1.1) 42
[13:09:01.474]: (-2.2, 2.0, 1.1) 42
[13:09:01.495]: (-2.3, 2.0, 1.1) 42
[13:09:01.519]: (-2.2, 2.0, 0.9) 39
[13:09:01.542]: (-2.3, 2.0, 1.0) 38
[13:09:01.564]: (-2.2, 2.0, 0.9) 39
[13:09:01.586]: (-2.2, 2.0, 0.9) 39
[13:09:01.605]: (-2.3, 2.0, 0.9) 38
[13:09:01.623]: (-2.3, 2.0, 0.9) 38
[13:09:01.639]: (-2.3, 2.0, 0.9) 38
[13:09:01.655]: (-2.3, 2.0, 0.9) 38
[13:09:01.672]: (-2.3, 2.0, 0.9) 38
[13:09:01.690]: (-2.2, 2.0, 0.9) 39
[13:09:01.707]: (-2.3, 2.0, 0.9) 38
[13:09:01.724]: (-2.3, 2.0, 1.0) 38
[13:09:01.742]: (-2.2, 2.0, 0.9) 39
[13:09:01.760]: (-2.2, 2.0, 0.9) 39
[13:09:01.776]: (-2.2, 2.0, 0.9) 39
[13:09:01.792]: (-2.1, 2.0, 0.9) 39
[13:09:01.808]: (-2.1, 2.0, 0.9) 39
[13:09:01.824]: (-2.1, 2.0, 0.9) 39
[13:09:01.842]: (-2.1, 2.0, 0.9) 39
[13:09:01.860]: (-2.1, 2.0, 0.9) 39
[13:09:01.878]: (-2.1, 2.0, 0.9) 39
[13:09:01.902]: (-2.2, 2.0, 0.9) 39
[13:09:01.924]: (-2.3, 2.1, 1.0) 41
[13:09:01.945]: (-2.3, 2.1, 1.0) 41
[13:09:02.177]: (-1.9, 2.2, 1.3) 38
[13:09:02.199]: (-1.8, 2.2, 1.2) 39
[13:09:02.230]: (-2.0, 2.4, 1.5) 37
[13:09:02.329]: (-1.7, 2.3, 1.2) 39
[13:09:02.365]: (-1.7, 2.2, 1.2) 39
[13:09:02.397]: (-1.7, 2.2, 1.2) 39
[13:09:02.430]: (-1.7, 2.2, 1.2) 39
[13:09:02.462]: (-1.7, 2.2, 1.2) 39
[13:09:02.497]: (-1.6, 2.2, 1.2) 39
[13:09:02.531]: (-1.6, 2.2, 1.2) 39
[13:09:02.564]: (-1.6, 2.2, 1.1) 39
[13:09:02.598]: (-1.6, 2.3, 1.2) 39
[13:09:02.662]: (-1.6, 2.3, 1.2) 39
[13:09:02.699]: (-1.6, 2.3, 1.2) 39
[13:09:02.864]: (-1.7, 2.2, 1.3) 40
[13:09:02.907]: (-1.6, 2.2, 1.2) 39
[13:09:02.929]: (-1.7, 2.3, 1.3) 38
[13:09:02.951]: (-1.6, 2.2, 1.2) 39
[13:09:03.039]: (-1.7, 2.3, 1.3) 38
[13:09:03.129]: (-0.8, 1.3, 0.8) 48
[13:09:03.462]: (-0.8, 1.3, 0.8) 48
[13:09:03.507]: (-0.8, 1.3, 0.9) 48
[13:09:03.529]: (-0.8, 1.3, 0.8) 48
[13:09:03.551]: (-0.8, 1.3, 0.8) 48
[13:09:03.573]: (-0.8, 1.3, 0.8) 48
[13:09:03.595]: (-0.8, 1.3, 0.8) 48
[13:09:03.618]: (-0.8, 1.3, 0.8) 48
[13:09:03.642]: (-0.8, 1.3, 0.8) 48
[13:09:03.664]: (-0.8, 1.3, 0.8) 48
[13:09:03.688]: (-0.8, 1.3, 0.8) 48
[13:09:03.710]: (-0.8, 1.3, 0.8) 48
[13:09:03.734]: (-0.8, 1.3, 0.8) 48
[13:09:03.755]: (-0.8, 1.3, 0.8) 48
[13:09:03.777]: (-0.8, 1.3, 0.8) 48
[13:09:03.800]: (-0.9, 1.3, 0.8) 48
[13:09:03.821]: (-0.8, 1.3, 0.8) 48
[13:09:03.845]: (-0.9, 1.3, 0.8) 48
[13:09:04.433]: (-0.9, 1.3, 0.8) 48
[13:09:04.450]: (-0.9, 1.3, 0.8) 48
[13:09:04.482]: (-0.9, 1.3, 0.8) 48
[13:09:04.499]: (-0.8, 1.3, 0.8) 48
[13:09:04.517]: (-0.8, 1.3, 0.8) 48
[13:09:04.540]: (-0.8, 1.3, 0.8) 48
[13:09:04.561]: (-0.8, 1.3, 0.8) 48
[13:09:04.585]: (-0.8, 1.3, 0.8) 48
[13:09:04.606]: (-0.8, 1.3, 0.8) 48
[13:09:04.628]: (-0.8, 1.3, 0.8) 48
[13:09:04.651]: (-0.8, 1.3, 0.8) 48
[13:09:04.673]: (-0.8, 1.3, 0.8) 48
[13:09:04.695]: (-0.8, 1.3, 0.8) 48
[13:09:04.717]: (-0.8, 1.3, 0.8) 48
[13:09:04.739]: (-0.8, 1.3, 0.8) 48
[13:09:04.761]: (-0.8, 1.3, 0.8) 48
[13:09:04.784]: (-0.8, 1.3, 0.8) 48
[13:09:04.807]: (-0.8, 1.3, 0.8) 48
[13:09:04.828]: (-0.8, 1.3, 0.8) 48
[13:09:04.851]: (-0.8, 1.3, 0.8) 48
[13:09:04.872]: (-0.8, 1.3, 0.8) 48
[13:09:04.895]: (-0.8, 1.3, 0.8) 48
[13:09:04.918]: (-0.8, 1.3, 0.8) 48
[13:09:04.940]: (-0.8, 1.3, 0.8) 48
[13:09:05.342]: (-0.8, 1.2, 0.8) 48
[13:09:05.359]: (-0.8, 1.3, 0.9) 48
[13:09:05.376]: (-0.8, 1.3, 1.0) 47
[13:09:05.674]: (-0.7, 1.3, 1.0) 47
[13:09:05.694]: (-0.7, 1.3, 1.0) 47
[13:09:05.717]: (-0.7, 1.3, 1.0) 47
[13:09:05.739]: (-0.7, 1.3, 1.0) 47
[13:09:05.761]: (-0.7, 1.3, 1.0) 47
[13:09:05.784]: (-0.7, 1.3, 1.0) 47
[13:09:05.806]: (-0.7, 1.3, 1.0) 47
[13:09:05.828]: (-0.7, 1.3, 1.0) 47
[13:09:05.850]: (-0.7, 1.3, 1.0) 47
[13:09:05.867]: (-0.7, 1.3, 1.0) 47
[13:09:05.884]: (-0.7, 1.3, 1.0) 47
[13:09:05.902]: (-0.7, 1.3, 1.0) 47
[13:09:05.919]: (-0.7, 1.3, 1.0) 47
[13:09:05.935]: (-0.7, 1.3, 1.0) 47
[13:09:05.952]: (-0.7, 1.3, 1.0) 47
[13:09:05.968]: (-0.7, 1.3, 1.0) 47
[13:09:05.986]: (-0.7, 1.3, 1.0) 47
[13:09:06.003]: (-0.7, 1.3, 1.0) 47
[13:09:06.020]: (-0.7, 1.3, 1.0) 47
[13:09:06.037]: (-0.7, 1.3, 1.0) 47
[13:09:06.054]: (-0.7, 1.3, 1.0) 47
[13:09:06.070]: (-0.7, 1.3, 1.0) 47
[13:09:06.088]: (-0.7, 1.3, 1.0) 47
[13:09:06.106]: (-0.7, 1.3, 1.0) 47
[13:09:06.123]: (-0.7, 1.3, 1.0) 47
[13:09:06.140]: (-0.7, 1.3, 1.0) 47
[13:09:06.158]: (-0.7, 1.3, 1.0) 47
[13:09:06.175]: (-0.7, 1.3, 1.0) 47
[13:09:06.192]: (-0.7, 1.3, 1.0) 47
[13:09:06.209]: (-0.7, 1.3, 1.0) 47
[13:09:06.227]: (-0.7, 1.3, 1.0) 47
[13:09:06.244]: (-0.7, 1.3, 1.0) 47
[13:09:06.259]: (-0.7, 1.3, 1.0) 47
[13:09:06.276]: (-0.7, 1.3, 1.0) 47
[13:09:06.294]: (-0.7, 1.3, 1.0) 47
[13:09:06.311]: (-0.7, 1.3, 1.0) 47
[13:09:06.327]: (-0.7, 1.3, 1.0) 47
[13:09:06.344]: (-0.7, 1.3, 1.0) 47
[13:09:06.360]: (-0.7, 1.3, 1.0) 47
[13:09:06.383]: (-0.7, 1.3, 1.0) 47
[13:09:06.406]: (-0.7, 1.3, 1.0) 47
[13:09:06.427]: (-0.7, 1.3, 1.0) 47
[13:09:06.453]: (-0.7, 1.3, 1.0) 47
[13:09:06.472]: (-0.7, 1.3, 1.0) 47
[13:09:06.494]: (-0.7, 1.3, 1.0) 47
[13:09:06.518]: (-0.8, 1.3, 1.0) 47
[13:09:06.538]: (-0.8, 1.3, 0.8) 48
[13:09:06.561]: (-0.8, 1.3, 0.8) 48
[13:09:06.584]: (-0.8, 1.2, 0.8) 48
[13:09:06.606]: (-0.8, 1.2, 0.8) 48
[13:09:06.628]: (-0.8, 1.3, 0.8) 48
[13:09:06.649]: (-0.8, 1.3, 0.8) 48
[13:09:06.673]: (-0.8, 1.3, 0.8) 48
[13:09:06.694]: (-0.8, 1.3, 0.8) 48
[13:09:06.717]: (-0.8, 1.3, 0.8) 48
[13:09:06.740]: (-0.8, 1.3, 0.8) 48
[13:09:06.761]: (-0.8, 1.3, 0.8) 48
[13:09:06.778]: (-0.8, 1.3, 0.8) 48
[13:09:06.797]: (-0.8, 1.3, 0.8) 48
[13:09:06.815]: (-0.8, 1.3, 0.8) 48
[13:09:06.833]: (-0.8, 1.3, 0.8) 48
[13:09:06.850]: (-0.8, 1.3, 0.8) 48
[13:09:06.868]: (-0.8, 1.3, 0.8) 48
[13:09:06.886]: (-0.8, 1.3, 0.8) 48
[13:09:06.903]: (-0.8, 1.3, 0.8) 48
[13:09:06.922]: (-0.8, 1.3, 0.8) 48
[13:09:06.939]: (-0.8, 1.3, 0.8) 48
[13:09:06.955]: (-0.8, 1.2, 0.8) 48
[13:09:07.019]: (-0.8, 1.2, 0.7) 50
[13:09:07.036]: (-0.8, 1.2, 0.7) 50
[13:09:07.054]: (-0.8, 1.2, 0.7) 50
[13:09:07.070]: (-0.8, 1.2, 0.7) 50
[13:09:07.089]: (-0.8, 1.2, 0.7) 50
[13:09:07.382]: (-0.8, 1.2, 0.7) 50
[13:09:07.406]: (-0.8, 1.2, 0.7) 50
[13:09:07.428]: (-0.8, 1.2, 0.7) 50
[13:09:07.740]: (-0.8, 1.3, 0.8) 48
[13:09:07.757]: (-0.8, 1.3, 0.8) 48
[13:09:07.774]: (-0.9, 1.3, 0.9) 48
[13:09:07.822]: (-0.8, 1.3, 0.8) 48
[13:09:07.839]: (-0.8, 1.3, 0.8) 48
[13:09:07.890]: (-0.8, 1.3, 0.8) 48
[13:09:07.907]: (-0.9, 1.3, 0.8) 48
[13:09:07.924]: (-0.9, 1.3, 0.8) 48
[13:09:08.820]: (-0.8, 1.5, 0.8) 46
[13:09:08.838]: (-0.8, 1.5, 0.8) 46
[13:09:08.856]: (-0.8, 1.5, 0.8) 46
[13:09:08.873]: (-0.8, 1.5, 0.7) 46
[13:09:08.890]: (-0.8, 1.5, 0.8) 46
[13:09:08.906]: (-0.8, 1.5, 0.7) 46
[13:09:08.923]: (-0.8, 1.5, 0.7) 46
[13:09:08.939]: (-0.8, 1.5, 0.7) 46
[13:09:08.957]: (-0.8, 1.5, 0.8) 46
[13:09:08.972]: (-0.8, 1.5, 0.8) 46
[13:09:08.989]: (-0.8, 1.5, 0.7) 46
[13:09:09.005]: (-0.8, 1.5, 0.7) 46
[13:09:09.022]: (-0.8, 1.5, 0.8) 46
[13:09:09.040]: (-0.8, 1.5, 0.7) 46
[13:09:09.056]: (-0.8, 1.5, 0.8) 46
[13:09:09.072]: (-0.8, 1.5, 0.8) 46
[13:09:09.126]: (-0.8, 1.5, 0.7) 46
[13:09:09.282]: (-0.9, 1.3, 0.8) 48
[13:09:09.304]: (-0.9, 1.3, 0.8) 48
[13:09:09.327]: (-0.8, 1.3, 0.8) 48
[13:09:09.350]: (-0.9, 1.3, 0.8) 48
[13:09:09.370]: (-0.8, 1.3, 0.8) 48
[13:09:09.393]: (-0.8, 1.3, 0.8) 48
[13:09:09.416]: (-0.8, 1.3, 0.8) 48
[13:09:09.438]: (-0.8, 1.3, 0.8) 48
[13:09:09.461]: (-0.8, 1.3, 0.8) 48
[13:09:09.481]: (-0.8, 1.3, 0.8) 48
[13:09:09.504]: (-0.8, 1.3, 0.8) 48
[13:09:09.526]: (-0.8, 1.3, 0.8) 48
[13:09:09.545]: (-0.8, 1.3, 0.8) 48
[13:09:09.566]: (-0.8, 1.3, 0.8) 48
[13:09:09.585]: (-0.8, 1.3, 0.8) 48
[13:09:09.604]: (-0.8, 1.3, 0.8) 48
[13:09:09.623]: (-0.8, 1.3, 0.8) 48
[13:09:10.426]: (-0.5, 1.3, 0.6) 45
[13:09:10.448]: (-0.6, 1.3, 0.7) 45
[13:09:10.470]: (-0.6, 1.3, 0.7) 45
[13:09:10.489]: (-0.5, 1.3, 0.7) 45
[13:09:10.506]: (-0.6, 1.3, 0.7) 45
[13:09:10.526]: (-0.6, 1.3, 0.7) 45
[13:09:10.543]: (-0.6, 1.3, 0.7) 45
[13:09:10.560]: (-0.6, 1.3, 0.7) 45
[13:09:10.610]: (-0.7, 1.3, 1.0) 47
[13:09:10.626]: (-0.7, 1.3, 1.0) 47
[13:09:10.642]: (-0.7, 1.3, 1.0) 47
[13:09:10.659]: (-0.7, 1.3, 1.0) 47
[13:09:10.682]: (-0.7, 1.3, 1.0) 47
[13:09:10.718]: (-0.7, 1.4, 1.0) 47
