[13:03:46.014]: (-1.1, -0.5, 0.0) 37
[13:03:46.341]: (-1.3, -0.4, 0.0) 37
[13:03:46.533]: (-6.6, -2.0, 2.0) 31
[13:03:46.901]: (-2.4, 1.7, 2.9) 39
[13:03:46.935]: (-2.3, 1.8, 2.9) 39
[13:03:49.288]: (-0.7, 3.9, 2.9) 3
[13:03:49.309]: (-0.7, 3.8, 2.9) 3
[13:03:49.477]: (-0.6, 4.2, 4.2) 16
[13:03:51.143]: (-0.1, 3.8, 2.9) 2
[13:03:51.176]: (-0.1, 3.8, 2.9) 2
[13:03:53.162]: (-0.1, 3.2, 2.9) 3
[13:03:53.877]: (-1.5, 2.3, 2.0) 0
[13:03:54.791]: (-0.1, 3.4, 2.8) 4
[13:03:57.529]: (2.0, 2.9, 2.5) 23
[13:03:57.551]: (2.0, 2.9, 2.5) 23
[13:03:57.573]: (2.0, 2.9, 2.5) 23
[13:03:57.618]: (2.0, 3.0, 2.5) 23
[13:03:57.640]: (2.0, 3.0, 2.5) 23
[13:03:57.662]: (2.0, 3.0, 2.5) 23
[13:03:57.681]: (2.0, 3.0, 2.5) 23
[13:03:57.699]: (2.0, 3.0, 2.5) 23
[13:03:57.716]: (2.0, 3.0, 2.5) 23
[13:03:57.735]: (2.0, 3.0, 2.5) 23
[13:03:57.753]: (2.0, 2.9, 2.5) 23
[13:03:57.771]: (2.0, 2.9, 2.5) 23
[13:03:57.788]: (2.0, 2.9, 2.5) 23
[13:03:57.804]: (2.0, 2.9, 2.5) 23
[13:03:57.821]: (2.0, 2.9, 2.5) 23
[13:03:57.839]: (2.0, 2.9, 2.5) 23
[13:03:57.856]: (2.0, 3.0, 2.5) 23
[13:03:57.872]: (2.0, 3.0, 2.5) 23
[13:03:57.889]: (2.0, 3.0, 2.5) 23
[13:03:57.906]: (2.0, 2.9, 2.5) 23
[13:03:57.925]: (2.0, 3.0, 2.5) 23
[13:03:57.941]: (2.0, 2.9, 2.5) 23
[13:03:57.958]: (2.0, 2.9, 2.5) 23
[13:03:59.383]: (-0.4, 3.6, 3.0) 2
[13:03:59.406]: (-0.4, 3.6, 3.0) 2
[13:03:59.428]: (-0.4, 3.5, 3.0) 2
[13:03:59.450]: (-0.4, 3.6, 3.0) 2
[13:03:59.830]: (-0.6, 3.3, 2.8) 3
[13:04:01.172]: (-1.0, 1.9, 1.6) 9
[13:04:01.190]: (-1.0, 1.9, 1.6) 9
[13:04:02.649]: (2.1, 2.8, 2.3) 22
[13:04:02.671]: (2.1, 2.7, 2.3) 22
[13:04:02.716]: (2.1, 2.8, 2.4) 22
[13:04:02.761]: (2.1, 2.8, 2.4) 22
[13:04:02.827]: (2.1, 2.8, 2.3) 22
[13:04:02.849]: (2.1, 2.8, 2.3) 22
[13:04:02.871]: (2.1, 2.8, 2.3) 22
[13:04:05.502]: (-1.0, 1.8, 1.6) 9
[13:04:05.915]: (-1.9, 2.1, 1.8) 0
[13:04:05.959]: (-1.1, 1.1, 1.0) 36
[13:04:06.093]: (-1.1, 1.1, 1.0) 36
[13:04:06.115]: (-1.1, 1.1, 1.0) 36
[13:04:06.270]: (-1.1, 1.1, 1.0) 36
[13:04:06.292]: (-1.1, 1.1, 1.0) 36
[13:04:06.315]: (-1.1, 1.1, 1.0) 36
[13:04:06.349]: (-1.1, 1.1, 1.0) 36
[13:04:06.367]: (-1.1, 1.1, 1.0) 36
[13:04:06.383]: (-1.1, 1.1, 1.0) 36
[13:04:06.401]: (-1.1, 1.1, 1.0) 36
[13:04:06.417]: (-1.1, 1.1, 1.0) 36
[13:04:06.435]: (-1.1, 1.1, 1.0) 36
[13:04:06.453]: (-1.1, 1.1, 1.0) 36
[13:04:06.485]: (-1.1, 1.1, 1.0) 36
[13:04:06.503]: (-1.1, 1.1, 1.0) 36
[13:04:06.521]: (-1.2, 1.1, 1.0) 36
[13:04:06.537]: (-1.1, 1.1, 1.0) 36
[13:04:06.554]: (-1.2, 1.1, 1.0) 36
[13:04:06.571]: (-1.2, 1.1, 1.0) 36
[13:04:06.588]: (-1.2, 1.1, 1.0) 36
[13:04:06.652]: (-1.2, 1.1, 1.0) 36
[13:04:06.669]: (-1.1, 1.1, 1.0) 36
[13:04:06.686]: (-1.1, 1.1, 1.0) 36
[13:04:06.704]: (-1.1, 1.1, 1.0) 36
[13:04:06.721]: (-1.1, 1.1, 1.0) 36
[13:04:06.738]: (-1.1, 1.1, 1.0) 36
[13:04:06.755]: (-1.1, 1.1, 1.0) 36
[13:04:06.772]: (-1.1, 1.1, 1.0) 36
[13:04:06.791]: (-1.1, 1.1, 1.0) 36
[13:04:06.814]: (-1.1, 1.1, 1.0) 36
[13:04:06.838]: (-1.1, 1.1, 1.0) 36
[13:04:06.859]: (-1.1, 1.1, 1.0) 36
[13:04:06.880]: (-1.1, 1.1, 1.0) 36
[13:04:06.903]: (-1.1, 1.1, 1.0) 36
[13:04:06.925]: (-1.1, 1.1, 1.0) 36
[13:04:06.948]: (-1.1, 1.1, 1.0) 36
[13:04:06.969]: (-1.1, 1.1, 1.0) 36
[13:04:06.993]: (-1.1, 1.1, 1.0) 36
[13:04:07.016]: (-1.1, 1.1, 1.0) 36
[13:04:07.037]: (-1.1, 1.1, 1.0) 36
[13:04:07.058]: (-1.1, 1.1, 1.0) 36
[13:04:07.081]: (-1.1, 1.1, 1.0) 36
[13:04:07.104]: (-1.1, 1.1, 1.0) 36
[13:04:07.125]: (-1.1, 1.1, 1.0) 36
[13:04:07.148]: (-1.1, 1.1, 1.0) 36
[13:04:07.170]: (-1.1, 1.1, 1.0) 36
[13:04:07.191]: (-1.1, 1.1, 1.0) 36
[13:04:07.214]: (-1.1, 1.1, 1.0) 36
[13:04:14.271]: (0.5, 3.8, 3.7) 26
[13:04:15.858]: (0.3, 2.9, 4.1) 27
[13:04:18.201]: (0.2, 3.5, 3.2) 26
[13:04:18.222]: (0.2, 3.5, 3.2) 26
[13:04:18.244]: (0.2, 3.4, 3.2) 26
[13:04:18.266]: (0.1, 3.4, 3.2) 26
[13:04:18.289]: (0.1, 3.4, 3.3) 26
[13:04:18.310]: (0.1, 3.4, 3.3) 26
[13:04:18.453]: (-0.1, 3.3, 3.6) 27
[13:04:18.474]: (-0.1, 3.1, 3.4) 26
[13:04:18.533]: (-0.2, 3.0, 3.4) 26
[13:04:18.555]: (-0.3, 3.0, 3.4) 26
[13:04:18.576]: (-0.2, 3.0, 3.4) 26
[13:04:18.596]: (-0.3, 3.0, 3.4) 26
[13:04:18.618]: (-0.3, 2.9, 3.4) 26
[13:04:18.641]: (-0.3, 2.9, 3.4) 26
[13:04:18.663]: (-0.3, 2.9, 3.4) 26
[13:04:18.683]: (-0.3, 2.9, 3.4) 26
[13:04:18.704]: (-0.3, 2.9, 3.4) 26
[13:04:18.727]: (-0.3, 3.0, 3.4) 26
[13:04:18.748]: (-0.3, 2.9, 3.4) 26
[13:04:18.771]: (-0.3, 2.9, 3.4) 26
[13:04:24.587]: (-0.5, 2.8, 2.6) 26
[13:04:24.603]: (-0.5, 2.8, 2.6) 26
[13:04:24.621]: (-0.5, 2.8, 2.6) 26
[13:04:24.637]: (-0.5, 2.8, 2.6) 26
[13:04:24.655]: (-0.5, 2.8, 2.6) 26
[13:04:24.671]: (-0.5, 2.8, 2.6) 26
[13:04:30.138]: (-0.5, 2.7, 2.6) 26
