[12:18:31.540]: (-1.5, -0.3, 0.0) 6
[12:18:31.560]: (-1.4, -0.3, 0.0) 6
[12:18:31.605]: (-2.1, -1.3, 0.0) 31
[12:18:31.754]: (-1.4, -0.4, -0.1) 5
[12:18:31.787]: (-2.2, -1.9, 0.0) 23
[12:18:32.178]: (-2.1, -1.3, 0.0) 31
[12:18:32.201]: (-2.1, -1.3, 0.0) 31
[12:18:32.222]: (-2.1, -1.3, 0.0) 31
[12:18:32.247]: (-2.1, -1.3, 0.0) 31
[12:18:32.269]: (-2.1, -1.3, 0.0) 31
[12:18:32.333]: (-2.2, -1.4, 0.0) 2
[12:18:32.356]: (-2.4, -1.5, 0.1) 0
[12:18:32.827]: (-2.1, 1.2, 0.7) 26
[12:18:32.851]: (-2.7, 1.3, 1.2) 30
[12:18:32.872]: (-2.7, 1.4, 1.2) 30
[12:18:32.895]: (-2.6, 1.4, 1.3) 30
[12:18:32.921]: (-2.6, 1.5, 1.3) 30
[12:18:32.946]: (-2.5, 1.6, 1.4) 30
[12:18:32.971]: (-2.4, 1.6, 1.5) 30
[12:18:32.995]: (-2.4, 1.7, 1.5) 30
[12:18:33.020]: (-2.3, 1.7, 1.6) 30
[12:18:33.042]: (-2.3, 1.8, 1.7) 31
[12:18:33.065]: (-2.3, 1.8, 1.8) 31
[12:18:33.269]: (-2.2, 2.0, 2.1) 2
[12:18:33.556]: (-1.7, 1.8, 1.4) 27
[12:18:34.388]: (-0.4, 2.8, 2.3) 31
[12:18:34.432]: (-0.4, 2.8, 2.3) 31
[12:18:34.455]: (-0.4, 2.8, 2.2) 31
[12:18:34.478]: (-0.4, 2.8, 2.2) 31
[12:18:34.499]: (-0.4, 2.8, 2.3) 31
[12:18:34.522]: (-0.4, 2.8, 2.3) 31
[12:18:34.543]: (-0.4, 2.7, 2.2) 30
[12:18:34.566]: (-0.4, 2.7, 2.2) 30
[12:18:34.588]: (-0.4, 2.7, 2.1) 30
[12:18:34.611]: (-0.4, 2.7, 2.1) 30
[12:18:34.655]: (-0.4, 2.5, 1.7) 25
[12:18:34.678]: (-0.4, 2.4, 1.5) 26
[12:18:34.699]: (-0.4, 2.4, 1.5) 26
[12:18:34.722]: (-0.4, 2.5, 1.7) 25
[12:18:34.747]: (-0.4, 2.5, 1.7) 25
[12:18:34.789]: (-0.5, 2.8, 2.3) 31
[12:18:34.813]: (-0.5, 2.8, 2.2) 31
[12:18:34.855]: (-0.5, 3.0, 2.7) 24
[12:18:34.899]: (-0.5, 2.9, 2.6) 22
[12:18:34.967]: (-0.4, 2.5, 1.9) 19
[12:18:35.146]: (-0.3, 2.6, 1.7) 19
[12:18:35.168]: (-0.3, 2.7, 1.8) 19
[12:18:35.625]: (-0.6, 1.7, 3.1) 24
[12:18:35.646]: (-0.6, 1.5, 2.5) 30
[12:18:35.667]: (-0.6, 1.5, 2.5) 30
[12:18:35.690]: (-0.6, 1.5, 2.5) 30
[12:18:35.717]: (-0.6, 1.5, 2.5) 30
[12:18:35.741]: (-0.6, 1.5, 2.6) 30
[12:18:35.825]: (-0.5, 1.5, 3.3) 23
[12:18:35.849]: (-0.5, 1.5, 3.1) 22
[12:18:35.872]: (-0.5, 1.5, 3.1) 22
[12:18:36.122]: (-0.3, 1.6, 3.2) 23
[12:18:36.143]: (-0.3, 1.6, 3.3) 23
[12:18:36.189]: (-0.3, 1.6, 3.2) 23
[12:18:36.210]: (-0.3, 1.6, 3.1) 22
[12:18:36.233]: (-0.3, 1.5, 3.1) 22
[12:18:36.623]: (-0.5, 1.5, 2.3) 19
[12:18:36.751]: (-0.6, 1.5, 2.1) 21
[12:18:36.787]: (-0.5, 1.5, 2.3) 19
[12:18:37.572]: (-0.5, 1.8, 1.9) 21
[12:18:37.595]: (-0.4, 1.9, 2.1) 19
[12:18:38.952]: (-0.3, 1.9, 1.8) 21
[12:18:38.976]: (-0.3, 1.9, 1.7) 21
[12:18:39.000]: (-0.3, 1.9, 1.8) 21
[12:18:39.109]: (-0.2, 1.9, 1.9) 19
[12:18:39.131]: (-0.2, 1.9, 1.9) 19
[12:18:39.152]: (-0.3, 1.9, 1.9) 19
[12:18:39.174]: (-0.3, 1.9, 1.9) 19
[12:18:39.196]: (-0.3, 1.8, 1.9) 19
[12:18:39.219]: (-0.3, 1.8, 2.0) 19
[12:18:39.421]: (-0.1, 1.4, 1.9) 25
[12:18:39.445]: (-0.1, 1.4, 1.6) 26
[12:18:39.466]: (-0.1, 1.4, 1.6) 26
[12:18:39.488]: (-0.1, 1.4, 1.6) 26
[12:18:39.510]: (-0.1, 1.4, 1.6) 26
[12:18:39.532]: (-0.1, 1.4, 1.6) 26
[12:18:39.555]: (-0.1, 1.4, 1.6) 26
[12:18:39.580]: (-0.1, 1.4, 1.6) 26
[12:18:39.603]: (-0.1, 1.4, 1.6) 26
[12:18:39.625]: (-0.1, 1.3, 1.6) 26
[12:18:39.646]: (-0.1, 1.3, 1.6) 26
[12:18:39.668]: (-0.1, 1.3, 1.6) 26
[12:18:39.688]: (-0.1, 1.3, 1.6) 26
[12:18:39.710]: (-0.1, 1.3, 1.6) 26
[12:18:39.731]: (-0.1, 1.3, 1.6) 26
[12:18:39.753]: (-0.1, 1.3, 1.6) 26
[12:18:39.778]: (-0.1, 1.3, 1.6) 26
[12:18:39.800]: (-0.1, 1.3, 1.6) 26
[12:18:39.821]: (-0.1, 1.4, 1.6) 26
[12:18:39.840]: (-0.1, 1.4, 1.6) 26
[12:18:39.857]: (-0.2, 1.3, 1.6) 26
[12:18:39.876]: (-0.2, 1.4, 1.6) 26
[12:18:39.893]: (-0.2, 1.4, 1.6) 26
[12:18:39.909]: (-0.2, 1.4, 1.6) 26
[12:18:40.168]: (0.0, 1.1, 1.3) 5
[12:18:40.185]: (0.0, 1.1, 1.4) 5
[12:18:40.202]: (0.0, 1.1, 1.3) 5
[12:18:40.219]: (0.0, 1.1, 1.3) 5
[12:18:40.236]: (0.0, 1.1, 1.3) 5
[12:18:40.253]: (0.0, 1.1, 1.3) 5
[12:18:40.271]: (0.0, 1.1, 1.3) 5
[12:18:40.287]: (0.0, 1.1, 1.3) 5
[12:18:40.330]: (-0.1, 1.5, 1.8) 25
[12:18:40.529]: (-0.1, 1.5, 1.8) 25
[12:18:40.899]: (-0.1, 1.6, 1.7) 25
[12:18:40.984]: (-0.1, 1.6, 1.8) 25
[12:18:41.007]: (-0.1, 1.6, 1.7) 25
[12:18:41.030]: (-0.1, 1.6, 1.7) 25
[12:18:41.052]: (-0.1, 1.6, 1.7) 25
[12:18:41.074]: (-0.1, 1.6, 1.7) 25
[12:18:41.316]: (-0.1, 1.4, 1.8) 25
[12:18:41.337]: (-0.1, 1.4, 1.7) 25
[12:18:41.359]: (-0.1, 1.4, 1.8) 25
[12:18:41.381]: (-0.1, 1.4, 1.8) 25
[12:18:41.403]: (-0.1, 1.4, 1.8) 25
[12:18:41.425]: (-0.1, 1.4, 1.8) 25
[12:18:41.446]: (-0.1, 1.4, 1.8) 25
[12:18:41.463]: (-0.1, 1.4, 1.8) 25
[12:18:41.482]: (-0.1, 1.4, 1.7) 25
[12:18:41.498]: (-0.1, 1.4, 1.7) 25
[12:18:41.518]: (-0.1, 1.4, 1.7) 25
[12:18:41.541]: (-0.1, 1.4, 1.7) 25
[12:18:41.562]: (-0.1, 1.4, 1.7) 25
[12:18:41.586]: (-0.1, 1.4, 1.8) 25
[12:18:41.608]: (-0.1, 1.4, 1.8) 25
[12:18:41.877]: (-0.1, 1.4, 1.8) 25
[12:18:42.751]: (-0.9, 1.1, 1.2) 14
[12:18:43.052]: (0.9, 1.6, 2.0) 8
[12:18:43.985]: (0.0, 1.4, 1.8) 25
[12:18:44.005]: (0.0, 1.4, 1.8) 25
[12:18:44.050]: (0.0, 1.4, 1.8) 25
[12:18:44.710]: (-1.0, 0.9, 1.2) 15
[12:18:44.727]: (-1.0, 0.9, 1.2) 15
[12:18:44.743]: (-1.0, 0.9, 1.1) 15
[12:18:45.027]: (-1.1, 1.4, 1.8) 16
[12:18:45.044]: (-1.1, 1.4, 1.8) 16
[12:18:45.061]: (-1.1, 1.4, 1.8) 16
[12:18:45.106]: (-1.0, 1.4, 1.8) 16
[12:18:45.172]: (0.1, 1.0, 1.2) 6
[12:18:45.194]: (0.1, 1.0, 1.2) 6
[12:18:45.216]: (0.2, 1.1, 1.3) 6
[12:18:45.239]: (0.1, 1.1, 1.2) 6
[12:18:45.260]: (0.2, 1.1, 1.3) 7
[12:18:45.284]: (0.1, 1.1, 1.2) 6
[12:18:45.305]: (0.2, 1.1, 1.3) 7
[12:18:45.329]: (0.1, 1.1, 1.3) 6
[12:18:45.351]: (0.1, 1.1, 1.2) 6
[12:18:45.373]: (0.1, 1.1, 1.3) 6
[12:18:45.498]: (0.0, 1.1, 1.3) 5
[12:18:45.517]: (0.1, 1.1, 1.3) 5
[12:18:45.535]: (0.1, 1.1, 1.3) 5
[12:18:45.552]: (0.0, 1.1, 1.3) 5
[12:18:45.600]: (0.1, 1.7, 2.1) 30
[12:18:46.038]: (0.0, 2.0, 2.5) 22
[12:18:46.060]: (0.0, 2.0, 2.5) 22
[12:18:46.083]: (0.1, 2.0, 2.5) 22
[12:18:46.105]: (0.1, 2.0, 2.5) 22
[12:18:46.127]: (0.1, 2.1, 2.5) 22
[12:18:46.150]: (0.1, 2.1, 2.6) 23
[12:18:46.171]: (0.1, 2.1, 2.6) 23
[12:18:46.194]: (0.1, 2.1, 2.6) 23
[12:18:46.216]: (0.1, 2.1, 2.6) 23
[12:18:46.238]: (0.1, 2.1, 2.6) 23
[12:18:46.260]: (0.2, 2.1, 2.6) 23
[12:18:46.434]: (0.8, 2.2, 2.8) 28
[12:18:46.451]: (0.7, 2.2, 2.8) 28
[12:18:46.468]: (0.7, 2.2, 2.8) 28
[12:18:46.486]: (0.7, 2.2, 2.8) 28
[12:18:46.503]: (0.7, 2.2, 2.8) 28
[12:18:46.519]: (0.7, 2.2, 2.8) 28
[12:18:46.535]: (0.7, 2.2, 2.8) 28
[12:18:46.552]: (0.7, 2.2, 2.8) 28
[12:18:46.602]: (0.7, 2.2, 2.8) 28
[12:18:46.917]: (0.5, 1.8, 2.2) 2
[12:18:46.937]: (0.5, 1.8, 2.2) 2
[12:18:46.960]: (0.5, 1.9, 2.2) 2
[12:18:47.004]: (0.5, 1.9, 2.2) 2
[12:18:47.633]: (0.0, 2.0, 2.5) 22
[12:18:48.114]: (-1.1, 1.3, 1.6) 17
[12:18:48.895]: (-1.0, 1.5, 1.8) 16
[12:18:49.189]: (0.3, 1.4, 1.7) 27
[12:18:49.428]: (1.0, 1.7, 2.1) 10
[12:18:49.448]: (1.0, 1.7, 2.1) 10
[12:18:49.471]: (0.9, 1.6, 2.0) 8
[12:18:50.196]: (-0.4, 1.7, 2.3) 12
[12:18:50.214]: (-0.4, 1.8, 2.3) 12
[12:18:50.230]: (-0.4, 1.7, 2.3) 12
[12:18:50.247]: (-0.4, 1.8, 2.3) 12
[12:18:50.265]: (-0.4, 1.7, 2.3) 12
[12:18:50.284]: (-0.4, 1.7, 2.3) 12
[12:18:50.302]: (-0.4, 1.7, 2.3) 12
[12:18:50.323]: (-0.4, 1.7, 2.3) 12
[12:18:50.342]: (-0.4, 1.7, 2.3) 12
[12:18:50.360]: (-0.4, 1.7, 2.3) 12
[12:18:51.124]: (0.8, 2.4, 2.5) 28
[12:18:51.454]: (0.7, 1.9, 1.9) 2
[12:18:51.475]: (0.8, 1.9, 2.1) 0
[12:18:51.496]: (0.8, 1.9, 2.0) 0
[12:18:52.017]: (0.8, 2.3, 2.5) 28
[12:18:52.034]: (0.8, 2.3, 2.5) 28
[12:18:52.051]: (0.8, 2.3, 2.5) 28
[12:18:52.330]: (0.8, 2.3, 2.5) 28
[12:18:52.347]: (0.8, 2.3, 2.5) 28
[12:18:52.366]: (0.8, 2.3, 2.4) 28
[12:18:52.401]: (1.1, 1.7, 1.8) 10
[12:18:52.437]: (1.0, 1.6, 1.7) 8
[12:18:52.457]: (1.0, 1.6, 1.7) 8
[12:18:52.480]: (1.0, 1.6, 1.7) 8
[12:18:52.502]: (1.0, 1.6, 1.7) 8
[12:18:52.524]: (1.0, 1.6, 1.7) 8
[12:18:52.547]: (1.0, 1.6, 1.7) 8
[12:18:52.569]: (1.0, 1.6, 1.7) 8
[12:18:52.591]: (1.0, 1.6, 1.7) 8
[12:18:52.613]: (1.0, 1.6, 1.7) 8
[12:18:52.635]: (1.0, 1.6, 1.7) 8
[12:18:52.658]: (1.0, 1.5, 1.7) 8
[12:18:52.680]: (0.9, 1.6, 1.7) 8
[12:18:52.702]: (0.9, 1.6, 1.7) 8
[12:18:52.725]: (0.9, 1.6, 1.7) 8
[12:18:52.747]: (0.9, 1.6, 1.7) 8
[12:18:52.768]: (0.9, 1.6, 1.7) 8
[12:18:53.082]: (0.0, 0.9, 1.1) 5
[12:18:53.132]: (0.0, 0.9, 1.2) 5
[12:18:53.197]: (0.0, 0.9, 1.1) 5
[12:18:53.215]: (0.0, 0.9, 1.1) 5
[12:18:53.231]: (0.0, 0.9, 1.1) 5
[12:18:53.247]: (0.0, 0.9, 1.1) 5
[12:18:53.279]: (0.0, 0.9, 1.2) 5
[12:18:53.302]: (0.0, 0.9, 1.1) 5
[12:18:53.325]: (0.0, 0.9, 1.1) 5
[12:18:53.346]: (0.0, 0.9, 1.1) 5
[12:18:53.480]: (-1.1, 1.2, 1.5) 17
[12:18:53.525]: (-1.1, 1.2, 1.5) 17
[12:18:53.546]: (-1.1, 1.2, 1.5) 17
[12:18:53.568]: (-1.1, 1.2, 1.5) 17
[12:18:53.591]: (-1.1, 1.2, 1.5) 17
[12:18:53.635]: (-1.0, 1.2, 1.5) 17
[12:18:53.659]: (-1.0, 1.2, 1.5) 17
[12:18:53.693]: (-1.1, 1.2, 1.5) 17
[12:18:53.709]: (-1.1, 1.2, 1.5) 17
[12:18:53.742]: (-1.1, 1.2, 1.5) 17
[12:18:54.552]: (-0.9, 0.8, 1.1) 15
[12:18:55.946]: (0.7, 1.9, 2.0) 0
[12:18:55.993]: (0.6, 1.7, 1.9) 2
[12:18:56.035]: (0.6, 1.8, 1.9) 2
[12:18:56.056]: (0.6, 1.8, 1.9) 2
[12:18:56.079]: (0.6, 1.8, 1.9) 2
[12:18:56.101]: (0.6, 1.7, 1.9) 2
[12:18:56.123]: (0.7, 1.8, 1.9) 2
[12:18:56.145]: (0.7, 1.9, 2.0) 0
[12:18:56.325]: (0.0, 0.9, 1.1) 5
[12:18:56.344]: (0.0, 0.9, 1.1) 5
[12:18:56.360]: (0.0, 0.9, 1.1) 5
[12:18:56.377]: (0.0, 0.9, 1.1) 5
[12:18:56.394]: (0.0, 0.9, 1.1) 5
[12:18:56.790]: (0.0, 0.9, 1.1) 5
[12:18:56.856]: (0.0, 0.9, 1.1) 5
[12:18:56.878]: (0.0, 0.9, 1.1) 5
[12:18:56.901]: (0.0, 0.9, 1.1) 5
[12:18:56.922]: (0.0, 0.9, 1.1) 5
[12:18:56.945]: (0.0, 0.9, 1.1) 5
[12:18:56.968]: (0.0, 0.9, 1.1) 5
[12:18:56.992]: (0.0, 0.9, 1.1) 5
[12:18:57.080]: (0.0, 0.9, 1.1) 5
[12:18:57.102]: (0.0, 0.9, 1.1) 5
[12:18:57.956]: (0.0, 1.2, 1.1) 5
[12:18:57.978]: (0.0, 1.2, 1.1) 5
[12:18:58.002]: (0.0, 1.3, 1.1) 5
[12:18:58.024]: (0.0, 1.3, 1.1) 5
[12:18:58.048]: (0.0, 1.3, 1.1) 5
[12:18:58.071]: (0.0, 1.3, 1.1) 5
[12:18:58.093]: (0.0, 1.3, 1.1) 5
[12:18:58.117]: (0.0, 1.3, 1.1) 5
[12:18:58.134]: (0.0, 1.3, 1.1) 5
[12:18:58.151]: (0.0, 1.3, 1.1) 5
[12:18:58.169]: (0.0, 1.3, 1.1) 5
[12:18:58.187]: (0.0, 1.3, 1.1) 5
[12:18:58.203]: (0.0, 1.3, 1.1) 5
[12:18:58.219]: (0.0, 1.3, 1.1) 5
[12:18:58.237]: (0.0, 1.3, 1.1) 5
[12:18:58.254]: (0.0, 1.3, 1.1) 5
[12:18:58.272]: (-0.1, 1.3, 1.1) 5
[12:18:58.290]: (-0.1, 1.3, 1.1) 5
[12:18:58.308]: (-0.1, 1.3, 1.1) 5
[12:18:58.325]: (-0.1, 1.3, 1.1) 5
[12:18:58.341]: (-0.1, 1.3, 1.1) 5
[12:18:58.358]: (-0.1, 1.3, 1.1) 5
[12:18:58.376]: (-0.1, 1.3, 1.1) 5
[12:18:58.394]: (-0.1, 1.3, 1.1) 5
[12:18:58.418]: (-0.1, 1.3, 1.1) 5
[12:18:58.440]: (-0.1, 1.3, 1.1) 5
[12:18:58.463]: (-0.1, 1.3, 1.1) 5
[12:18:58.486]: (-0.1, 1.3, 1.1) 5
[12:18:58.510]: (-0.1, 1.3, 1.1) 5
[12:18:58.531]: (-0.1, 1.3, 1.1) 5
[12:18:58.700]: (-0.1, 1.4, 1.1) 5
[12:18:59.567]: (-0.1, 1.4, 1.1) 5
[12:18:59.744]: (-0.1, 1.3, 1.1) 5
[12:18:59.766]: (-0.1, 1.3, 1.1) 5
[12:18:59.788]: (-0.1, 1.3, 1.1) 5
[12:18:59.811]: (-0.1, 1.4, 1.1) 5
[12:18:59.833]: (-0.1, 1.3, 1.1) 5
[12:18:59.855]: (-0.1, 1.4, 1.1) 5
[12:18:59.878]: (-0.1, 1.4, 1.1) 5
[12:18:59.899]: (-0.1, 1.4, 1.1) 5
[12:18:59.922]: (-0.1, 1.4, 1.1) 5
[12:18:59.944]: (-0.1, 1.4, 1.1) 5
[12:18:59.966]: (-0.1, 1.4, 1.1) 5
[12:18:59.989]: (-0.1, 1.4, 1.1) 5
[12:19:00.033]: (-0.1, 1.4, 1.1) 5
[12:19:00.055]: (-0.1, 1.4, 1.1) 5
[12:19:00.078]: (-0.1, 1.4, 1.1) 5
[12:19:00.102]: (-0.1, 1.4, 1.1) 5
[12:19:00.124]: (-0.1, 1.3, 1.1) 5
[12:19:00.326]: (-0.1, 1.3, 1.1) 5
[12:19:00.348]: (-0.1, 1.3, 1.1) 5
[12:19:00.370]: (-0.1, 1.3, 1.1) 5
[12:19:00.392]: (-0.2, 1.3, 1.1) 5
[12:19:01.321]: (-0.3, 1.7, 1.5) 25
[12:19:01.343]: (-0.3, 1.7, 1.4) 25
[12:19:01.365]: (-0.3, 1.7, 1.4) 25
[12:19:01.388]: (-0.1, 1.4, 1.1) 5
[12:19:01.410]: (-0.1, 1.4, 1.1) 5
[12:19:01.427]: (-0.1, 1.4, 1.1) 5
[12:19:01.443]: (-0.1, 1.4, 1.1) 5
[12:19:01.460]: (-0.1, 1.4, 1.1) 5
[12:19:01.477]: (-0.1, 1.4, 1.1) 5
[12:19:01.494]: (-0.1, 1.4, 1.1) 5
[12:19:01.512]: (-0.1, 1.4, 1.1) 5
[12:19:01.529]: (-0.1, 1.4, 1.1) 5
[12:19:01.545]: (-0.1, 1.4, 1.1) 5
[12:19:01.562]: (-0.1, 1.4, 1.1) 5
[12:19:01.579]: (-0.1, 1.4, 1.1) 5
[12:19:01.598]: (-0.1, 1.4, 1.1) 5
[12:19:01.615]: (-0.1, 1.4, 1.1) 5
[12:19:01.634]: (-0.1, 1.4, 1.1) 5
[12:19:01.651]: (-0.1, 1.4, 1.1) 5
[12:19:01.668]: (-0.1, 1.4, 1.1) 5
[12:19:01.685]: (-0.1, 1.4, 1.1) 5
[12:19:01.702]: (-0.1, 1.4, 1.1) 5
[12:19:01.719]: (-0.1, 1.4, 1.1) 5
[12:19:01.735]: (-0.1, 1.4, 1.1) 5
[12:19:01.752]: (-0.1, 1.4, 1.1) 5
[12:19:01.769]: (-0.1, 1.4, 1.1) 5
[12:19:01.788]: (-0.1, 1.4, 1.1) 5
[12:19:01.803]: (-0.1, 1.4, 1.1) 5
[12:19:01.820]: (-0.1, 1.4, 1.1) 5
[12:19:01.837]: (-0.1, 1.4, 1.1) 5
[12:19:01.854]: (-0.1, 1.4, 1.1) 5
[12:19:01.872]: (-0.1, 1.4, 1.1) 5
[12:19:01.889]: (-0.1, 1.4, 1.1) 5
[12:19:01.906]: (-0.1, 1.4, 1.1) 5
[12:19:01.923]: (-0.1, 1.4, 1.1) 5
[12:19:01.943]: (-0.1, 1.4, 1.1) 5
[12:19:01.965]: (-0.1, 1.4, 1.1) 5
[12:19:01.992]: (-0.1, 1.4, 1.1) 5
[12:19:02.010]: (-0.1, 1.4, 1.1) 5
[12:19:04.068]: (-0.3, 2.2, 1.6) 30
[12:19:04.177]: (-0.2, 2.8, 1.9) 23
[12:19:04.193]: (-0.2, 2.8, 1.9) 23
[12:19:04.865]: (-1.0, 1.1, 1.1) 15
[12:19:04.909]: (-0.9, 1.1, 1.1) 15
[12:19:04.941]: (-1.0, 1.1, 1.1) 15
[12:19:04.966]: (-1.0, 1.1, 1.1) 15
[12:19:05.042]: (-0.9, 1.1, 1.1) 14
[12:19:05.066]: (-0.9, 1.1, 1.1) 14
[12:19:05.090]: (-0.9, 1.1, 1.1) 14
[12:19:05.115]: (-0.9, 1.1, 1.1) 14
[12:19:05.454]: (0.4, 2.2, 2.2) 24
[12:19:05.470]: (0.4, 2.1, 2.2) 24
[12:19:05.598]: (0.4, 2.1, 2.2) 24
[12:19:05.620]: (0.4, 2.1, 2.2) 24
[12:19:05.776]: (0.7, 1.9, 2.1) 0
[12:19:05.797]: (0.7, 1.9, 2.0) 0
[12:19:05.820]: (0.7, 1.9, 2.0) 0
[12:19:05.842]: (0.7, 1.9, 2.0) 0
[12:19:05.864]: (0.7, 1.9, 2.0) 0
[12:19:05.888]: (0.6, 1.9, 2.1) 0
[12:19:05.908]: (0.7, 1.9, 2.1) 0
[12:19:05.931]: (0.6, 1.9, 2.1) 0
[12:19:05.953]: (0.6, 1.9, 2.1) 0
[12:19:06.923]: (0.2, 2.1, 2.2) 22
[12:19:06.969]: (0.9, 1.5, 1.7) 8
[12:19:06.988]: (0.8, 1.5, 1.8) 8
[12:19:07.083]: (0.9, 1.5, 1.8) 8
[12:19:07.100]: (0.9, 1.5, 1.8) 8
[12:19:07.117]: (0.9, 1.5, 1.8) 8
[12:19:07.134]: (0.9, 1.5, 1.8) 8
[12:19:07.151]: (0.9, 1.5, 1.8) 8
[12:19:07.183]: (0.9, 1.5, 1.8) 8
[12:19:07.408]: (1.0, 1.6, 1.9) 10
[12:19:07.430]: (1.0, 1.6, 1.9) 10
[12:19:07.452]: (1.0, 1.6, 1.9) 10
[12:19:07.474]: (1.0, 1.5, 1.9) 10
[12:19:07.497]: (1.0, 1.5, 1.9) 10
[12:19:07.519]: (1.0, 1.5, 1.9) 10
[12:19:08.252]: (0.1, 2.1, 2.1) 22
[12:19:08.297]: (-0.4, 2.2, 2.0) 12
[12:19:08.429]: (-0.5, 2.1, 2.0) 12
[12:19:08.816]: (-0.7, 2.3, 2.1) 11
[12:19:09.583]: (-1.0, 1.7, 1.6) 16
[12:19:09.841]: (-1.1, 1.5, 1.4) 17
[12:19:09.857]: (-1.1, 1.6, 1.4) 17
[12:19:09.876]: (-1.1, 1.6, 1.4) 17
[12:19:09.893]: (-1.1, 1.6, 1.3) 17
[12:19:09.910]: (-1.1, 1.6, 1.3) 17
[12:19:09.927]: (-1.1, 1.5, 1.3) 17
[12:19:09.944]: (-1.2, 1.5, 1.3) 17
[12:19:09.961]: (-1.1, 1.5, 1.3) 17
[12:19:09.985]: (-1.1, 1.5, 1.3) 17
[12:19:10.008]: (-1.1, 1.5, 1.4) 17
[12:19:10.029]: (-1.1, 1.5, 1.4) 17
[12:19:10.051]: (-1.1, 1.5, 1.4) 17
[12:19:10.074]: (-1.2, 1.6, 1.4) 17
[12:19:11.696]: (-0.2, 1.3, 1.4) 26
[12:19:11.717]: (-0.2, 1.3, 1.3) 26
[12:19:11.741]: (-0.2, 1.3, 1.3) 26
[12:19:11.784]: (-0.2, 1.3, 1.4) 26
[12:19:11.828]: (-0.2, 1.4, 1.5) 25
[12:19:11.853]: (-0.2, 1.4, 1.6) 25
[12:19:11.875]: (-0.2, 1.4, 1.5) 25
[12:19:11.895]: (-0.2, 1.4, 1.6) 25
[12:19:11.917]: (-0.2, 1.4, 1.6) 25
[12:19:11.940]: (-0.2, 1.3, 1.6) 25
[12:19:11.985]: (-0.2, 1.3, 1.4) 26
[12:19:12.051]: (-0.2, 1.4, 1.6) 25
[12:19:12.281]: (0.4, 2.1, 2.3) 24
[12:19:12.451]: (0.2, 2.2, 2.2) 23
[12:19:12.572]: (0.2, 2.3, 2.3) 23
[12:19:12.596]: (0.2, 2.3, 2.2) 23
[12:19:12.617]: (0.2, 2.3, 2.2) 23
[12:19:12.640]: (0.2, 2.3, 2.3) 23
[12:19:12.661]: (0.1, 2.2, 2.1) 22
[12:19:12.684]: (0.1, 2.2, 2.1) 22
[12:19:12.945]: (0.0, 2.2, 1.4) 19
[12:19:14.227]: (0.0, 2.1, 1.7) 30
[12:19:14.246]: (0.0, 2.1, 1.7) 30
[12:19:14.522]: (0.1, 2.2, 2.1) 22
[12:19:14.564]: (0.1, 2.3, 2.2) 23
[12:19:15.670]: (-0.8, 2.0, 2.2) 11
[12:19:15.716]: (0.1, 1.7, 1.9) 31
[12:19:15.827]: (1.0, 1.4, 1.7) 9
[12:19:15.960]: (1.0, 1.6, 1.8) 10
[12:19:15.982]: (0.9, 1.6, 1.8) 10
[12:19:16.006]: (0.9, 1.6, 1.9) 10
[12:19:16.026]: (0.9, 1.6, 1.8) 10
[12:19:16.050]: (0.9, 1.6, 1.8) 10
[12:19:16.071]: (0.9, 1.6, 1.8) 10
[12:19:16.093]: (1.0, 1.6, 1.8) 10
[12:19:16.115]: (1.0, 1.6, 1.8) 10
[12:19:16.138]: (1.0, 1.6, 1.8) 10
[12:19:16.159]: (1.0, 1.6, 1.8) 10
[12:19:16.181]: (1.0, 1.6, 1.8) 10
[12:19:16.204]: (1.0, 1.6, 1.8) 10
[12:19:16.227]: (1.0, 1.6, 1.8) 10
[12:19:16.249]: (1.0, 1.6, 1.8) 10
[12:19:16.271]: (0.9, 1.6, 1.8) 10
[12:19:16.293]: (0.9, 1.6, 1.8) 10
[12:19:16.317]: (0.9, 1.6, 1.9) 10
[12:19:16.338]: (0.9, 1.6, 1.9) 10
[12:19:16.359]: (0.9, 1.6, 1.9) 10
[12:19:16.430]: (0.9, 1.6, 1.9) 10
[12:19:16.697]: (0.8, 1.5, 1.7) 8
[12:19:17.156]: (0.1, 1.8, 1.9) 31
[12:19:17.173]: (0.5, 1.7, 1.9) 2
[12:19:17.648]: (0.9, 1.6, 1.9) 10
[12:19:17.670]: (0.9, 1.6, 1.9) 10
[12:19:17.693]: (0.9, 1.6, 1.9) 10
[12:19:17.715]: (0.9, 1.6, 1.9) 10
[12:19:17.737]: (0.9, 1.6, 1.9) 10
[12:19:17.758]: (0.9, 1.6, 1.9) 10
[12:19:17.777]: (0.9, 1.6, 1.9) 10
[12:19:17.794]: (0.9, 1.6, 1.9) 10
[12:19:17.810]: (0.9, 1.6, 1.9) 10
[12:19:17.826]: (0.9, 1.6, 1.9) 10
[12:19:17.903]: (0.5, 1.8, 2.0) 0
[12:19:20.703]: (0.1, 2.2, 2.3) 23
[12:19:20.734]: (0.5, 1.8, 1.9) 2
[12:19:20.750]: (0.6, 1.7, 1.9) 1
[12:19:20.766]: (0.6, 1.7, 2.0) 1
[12:19:21.069]: (0.6, 1.8, 2.0) 1
[12:19:21.091]: (0.6, 1.7, 2.0) 1
[12:19:21.113]: (0.5, 1.7, 1.9) 2
[12:19:22.245]: (0.4, 1.8, 2.1) 0
[12:19:22.595]: (-0.7, 1.1, 2.3) 22
[12:19:22.822]: (-0.3, 1.3, 2.5) 23
[12:19:22.843]: (-0.2, 1.3, 2.5) 23
[12:19:22.968]: (-0.3, 1.4, 2.5) 23
[12:19:22.992]: (-0.3, 1.3, 2.5) 23
[12:19:23.014]: (-0.3, 1.4, 2.5) 23
[12:19:24.163]: (-0.9, 1.4, 2.0) 13
[12:19:24.186]: (-0.9, 1.5, 2.0) 13
[12:19:24.207]: (-0.9, 1.4, 2.0) 13
[12:19:24.230]: (-0.9, 1.5, 2.0) 13
[12:19:24.252]: (-0.9, 1.5, 2.0) 13
[12:19:24.277]: (-0.9, 1.5, 2.0) 13
[12:19:24.298]: (-0.9, 1.5, 2.0) 13
[12:19:24.320]: (-0.9, 1.5, 2.0) 13
[12:19:24.342]: (-0.9, 1.5, 2.0) 13
[12:19:24.365]: (-0.9, 1.5, 2.0) 13
[12:19:24.386]: (-0.9, 1.6, 2.0) 13
[12:19:24.408]: (-0.9, 1.6, 2.0) 13
[12:19:24.430]: (-0.9, 1.6, 2.0) 13
[12:19:24.451]: (-0.9, 1.6, 2.0) 13
[12:19:25.035]: (0.1, 1.6, 2.4) 23
[12:19:25.069]: (0.1, 1.6, 2.4) 23
[12:19:25.102]: (0.1, 1.7, 2.4) 23
[12:19:25.134]: (0.1, 1.6, 2.4) 23
[12:19:25.168]: (0.1, 1.6, 2.4) 23
[12:19:25.202]: (0.1, 1.6, 2.4) 23
[12:19:25.302]: (0.0, 1.6, 2.3) 22
[12:19:25.335]: (0.0, 1.6, 2.3) 22
[12:19:25.369]: (0.0, 1.6, 2.3) 22
[12:19:25.402]: (0.0, 1.6, 2.3) 22
[12:19:25.435]: (0.0, 1.6, 2.3) 22
[12:19:25.468]: (0.0, 1.6, 2.3) 22
[12:19:25.512]: (0.0, 1.6, 2.3) 22
[12:19:27.799]: (-0.8, 1.2, 1.5) 20
[12:19:27.820]: (-0.8, 1.2, 1.5) 20
[12:19:27.863]: (-0.8, 1.2, 1.5) 20
[12:19:27.884]: (-0.8, 1.2, 1.5) 20
[12:19:27.906]: (-0.8, 1.2, 1.5) 20
[12:19:27.928]: (-0.8, 1.2, 1.5) 20
[12:19:27.949]: (-0.8, 1.2, 1.5) 20
[12:19:27.973]: (-0.8, 1.2, 1.5) 20
[12:19:27.996]: (-0.8, 1.2, 1.5) 20
[12:19:28.018]: (-0.8, 1.2, 1.5) 20
[12:19:28.041]: (-0.8, 1.2, 1.5) 20
[12:19:28.064]: (-0.6, 1.2, 1.6) 21
[12:19:28.084]: (-0.3, 1.1, 1.6) 25
[12:19:28.111]: (-0.4, 1.1, 1.6) 25
[12:19:28.132]: (-0.4, 1.1, 1.6) 25
[12:19:28.154]: (-0.4, 1.1, 1.6) 25
[12:19:28.172]: (-0.3, 1.1, 1.6) 25
[12:19:28.188]: (-0.3, 1.1, 1.6) 25
[12:19:28.206]: (-0.3, 1.1, 1.6) 25
[12:19:28.224]: (-0.3, 1.1, 1.6) 25
[12:19:28.241]: (-0.3, 1.1, 1.6) 25
[12:19:28.257]: (-0.3, 1.1, 1.6) 25
[12:19:28.273]: (-0.3, 1.1, 1.6) 25
[12:19:28.296]: (-0.3, 1.1, 1.6) 25
[12:19:28.319]: (-0.3, 1.1, 1.6) 25
[12:19:28.335]: (-0.3, 1.1, 1.6) 25
[12:19:28.356]: (-0.3, 1.1, 1.6) 25
[12:19:28.376]: (-0.3, 1.1, 1.6) 25
[12:19:28.400]: (-0.3, 1.1, 1.6) 25
[12:19:28.422]: (-0.3, 1.1, 1.6) 25
[12:19:28.444]: (-0.4, 1.1, 1.6) 25
[12:19:28.467]: (-0.3, 1.1, 1.6) 25
[12:19:28.488]: (-0.3, 1.1, 1.6) 25
[12:19:28.511]: (-0.3, 1.1, 1.6) 25
[12:19:28.533]: (-0.4, 1.1, 1.6) 25
[12:19:28.556]: (-0.3, 1.1, 1.6) 25
[12:19:28.577]: (-0.3, 1.1, 1.6) 25
[12:19:28.600]: (-0.3, 1.1, 1.6) 25
[12:19:28.623]: (-0.4, 1.1, 1.6) 25
[12:19:28.646]: (-0.3, 1.1, 1.6) 25
[12:19:28.667]: (-0.3, 1.1, 1.6) 25
[12:19:28.689]: (-0.3, 1.1, 1.6) 25
[12:19:28.711]: (-0.3, 1.1, 1.6) 25
[12:19:28.733]: (-0.4, 1.1, 1.6) 25
[12:19:28.755]: (-0.4, 1.1, 1.6) 25
[12:19:28.778]: (-0.4, 1.1, 1.6) 25
[12:19:28.795]: (-0.4, 1.1, 1.6) 25
[12:19:29.092]: (-0.4, 1.1, 1.6) 25
[12:19:29.110]: (-0.4, 1.1, 1.6) 25
[12:19:29.128]: (-0.4, 1.1, 1.6) 25
[12:19:29.144]: (-0.4, 1.1, 1.6) 25
[12:19:29.160]: (-0.4, 1.1, 1.6) 25
[12:19:29.179]: (-0.4, 1.1, 1.6) 25
[12:19:29.196]: (-0.4, 1.1, 1.6) 25
[12:19:29.333]: (-0.4, 1.1, 1.6) 25
[12:19:29.378]: (-0.4, 1.1, 1.6) 25
[12:19:29.398]: (-0.4, 1.1, 1.6) 25
[12:19:29.422]: (-0.4, 1.1, 1.6) 25
[12:19:29.443]: (-0.4, 1.1, 1.6) 25
[12:19:29.489]: (-0.4, 1.1, 1.6) 25
[12:19:29.509]: (-0.4, 1.1, 1.6) 25
[12:19:29.534]: (-0.4, 1.1, 1.6) 25
[12:19:29.644]: (-0.4, 1.1, 1.6) 25
[12:19:29.668]: (-0.4, 1.1, 1.6) 25
[12:19:29.692]: (-0.4, 1.1, 1.6) 25
[12:19:29.734]: (-0.4, 1.1, 1.4) 26
[12:19:29.755]: (-0.4, 1.1, 1.4) 26
[12:19:29.776]: (-0.4, 1.1, 1.4) 26
[12:19:30.101]: (-0.2, 1.4, 1.4) 26
[12:19:30.161]: (-0.2, 1.5, 1.4) 26
[12:19:30.206]: (-0.2, 1.5, 1.3) 26
[12:19:30.230]: (-0.2, 1.5, 1.3) 26
[12:19:30.250]: (-0.2, 1.5, 1.3) 26
[12:19:30.272]: (-0.3, 1.4, 1.3) 26
[12:19:30.339]: (-0.3, 1.5, 1.3) 26
[12:19:30.362]: (-0.3, 1.5, 1.3) 26
[12:19:31.111]: (-0.3, 1.5, 1.3) 26
[12:19:31.154]: (-0.3, 1.4, 1.3) 26
[12:19:31.220]: (-0.3, 1.4, 1.4) 26
[12:19:31.244]: (-0.3, 1.5, 1.4) 26
[12:19:31.265]: (-0.3, 1.5, 1.4) 26
[12:19:31.598]: (-0.3, 1.5, 1.4) 26
[12:19:31.777]: (-0.3, 1.5, 1.4) 26
[12:19:31.800]: (-0.3, 1.5, 1.3) 26
[12:19:31.821]: (-0.3, 1.5, 1.3) 26
[12:19:31.844]: (-0.3, 1.5, 1.3) 26
[12:19:31.865]: (-0.3, 1.5, 1.3) 26
[12:19:31.890]: (-0.3, 1.5, 1.3) 26
[12:19:31.912]: (-0.3, 1.5, 1.3) 26
[12:19:32.202]: (-0.3, 1.5, 1.6) 25
[12:19:32.224]: (-0.3, 1.5, 1.5) 25
[12:19:32.245]: (-0.2, 1.5, 1.5) 25
[12:19:32.272]: (-0.2, 1.5, 1.5) 25
[12:19:32.288]: (-0.2, 1.6, 1.5) 25
[12:19:32.312]: (-0.2, 1.6, 1.5) 25
[12:19:32.329]: (-0.2, 1.6, 1.5) 25
[12:19:32.347]: (-0.2, 1.6, 1.5) 25
[12:19:32.364]: (-0.2, 1.6, 1.5) 25
[12:19:32.380]: (-0.2, 1.6, 1.5) 25
[12:19:32.398]: (-0.3, 1.6, 1.5) 25
[12:19:32.413]: (-0.2, 1.5, 1.5) 25
[12:19:32.430]: (-0.2, 1.5, 1.5) 25
[12:19:32.446]: (-0.2, 1.6, 1.5) 25
[12:19:32.462]: (-0.2, 1.6, 1.5) 25
[12:19:32.479]: (-0.2, 1.6, 1.5) 25
[12:19:32.497]: (-0.2, 1.6, 1.5) 25
[12:19:32.513]: (-0.2, 1.6, 1.5) 25
[12:19:32.529]: (-0.2, 1.6, 1.5) 25
[12:19:32.545]: (-0.2, 1.6, 1.5) 25
[12:19:32.562]: (-0.2, 1.5, 1.5) 25
[12:19:32.578]: (-0.2, 1.5, 1.5) 25
[12:19:32.595]: (-0.2, 1.5, 1.5) 25
[12:19:32.613]: (-0.2, 1.6, 1.5) 25
[12:19:32.631]: (-0.2, 1.6, 1.5) 25
[12:19:32.647]: (-0.2, 1.6, 1.5) 25
[12:19:32.663]: (-0.2, 1.6, 1.5) 25
[12:19:32.679]: (-0.2, 1.6, 1.5) 25
[12:19:32.696]: (-0.2, 1.6, 1.5) 25
[12:19:32.714]: (-0.2, 1.6, 1.5) 25
[12:19:32.746]: (-0.2, 1.6, 1.5) 25
[12:19:32.763]: (-0.2, 1.6, 1.5) 25
[12:19:32.779]: (-0.2, 1.6, 1.5) 25
[12:19:32.842]: (-0.2, 1.6, 1.5) 25
[12:19:32.865]: (-0.3, 1.6, 1.5) 25
[12:19:34.084]: (-0.3, 1.4, 1.3) 26
[12:19:35.193]: (-0.2, 1.0, 1.2) 6
[12:19:35.519]: (-0.2, 1.6, 1.5) 25
[12:19:35.541]: (-0.2, 1.6, 1.5) 25
[12:19:35.562]: (-0.2, 1.6, 1.5) 25
[12:19:35.586]: (-0.2, 1.6, 1.5) 25
[12:19:35.609]: (-0.2, 1.6, 1.5) 25
[12:19:35.629]: (-0.2, 1.6, 1.5) 25
[12:19:35.652]: (-0.2, 1.6, 1.5) 25
[12:19:35.809]: (-0.3, 1.6, 1.5) 25
[12:19:35.826]: (-0.3, 1.6, 1.5) 25
[12:19:35.873]: (-0.3, 1.6, 1.5) 25
[12:19:35.890]: (-0.3, 1.6, 1.5) 25
[12:19:35.908]: (-0.3, 1.6, 1.5) 25
[12:19:38.471]: (-0.3, 1.4, 1.3) 26
[12:19:38.504]: (-0.2, 1.1, 1.2) 5
[12:19:38.521]: (-0.2, 1.1, 1.2) 5
[12:19:38.538]: (-0.2, 1.1, 1.2) 5
[12:19:38.554]: (-0.2, 1.1, 1.2) 5
[12:19:38.572]: (-0.2, 1.1, 1.2) 5
[12:19:38.589]: (-0.2, 1.1, 1.2) 5
[12:19:38.606]: (-0.2, 1.1, 1.2) 5
[12:19:38.624]: (-0.2, 1.1, 1.2) 5
[12:19:38.641]: (-0.2, 1.1, 1.2) 5
[12:19:38.657]: (-0.2, 1.1, 1.3) 5
[12:19:38.675]: (-0.2, 1.1, 1.3) 5
[12:19:38.781]: (-0.2, 1.1, 1.2) 5
[12:19:38.798]: (-0.2, 1.1, 1.2) 5
[12:19:38.817]: (-0.2, 1.1, 1.2) 5
[12:19:38.833]: (-0.2, 1.1, 1.2) 5
[12:19:38.853]: (-0.2, 1.1, 1.2) 5
[12:19:38.872]: (-0.2, 1.1, 1.2) 5
[12:19:38.889]: (-0.2, 1.1, 1.2) 5
[12:19:38.907]: (-0.2, 1.1, 1.2) 5
[12:19:38.923]: (-0.2, 1.1, 1.2) 5
[12:19:38.941]: (-0.2, 1.1, 1.2) 5
[12:19:38.961]: (-0.2, 1.1, 1.2) 5
[12:19:38.984]: (-0.2, 1.1, 1.2) 5
[12:19:39.006]: (-0.2, 1.1, 1.2) 5
[12:19:39.029]: (-0.2, 1.1, 1.2) 5
[12:19:39.051]: (-0.2, 1.1, 1.2) 5
[12:19:39.072]: (-0.2, 1.1, 1.2) 5
[12:19:39.095]: (-0.2, 1.1, 1.2) 5
[12:19:39.117]: (-0.2, 1.1, 1.2) 5
[12:19:39.140]: (-0.2, 1.1, 1.2) 5
[12:19:39.162]: (-0.2, 1.1, 1.2) 5
[12:19:39.183]: (-0.2, 1.1, 1.2) 5
[12:19:39.206]: (-0.2, 1.1, 1.2) 5
[12:19:39.228]: (-0.2, 1.1, 1.2) 5
[12:19:39.251]: (-0.2, 1.1, 1.2) 5
[12:19:39.272]: (-0.2, 1.1, 1.2) 5
[12:19:39.296]: (-0.2, 1.1, 1.2) 5
[12:19:39.318]: (-0.2, 1.1, 1.2) 5
[12:19:39.335]: (-0.2, 1.1, 1.2) 5
[12:19:39.595]: (-0.2, 1.0, 1.2) 6
[12:19:39.612]: (-0.2, 1.0, 1.2) 6
[12:19:40.423]: (0.3, 2.0, 1.7) 31
[12:19:40.762]: (-0.2, 1.6, 1.5) 25
[12:19:40.785]: (-0.2, 1.5, 1.5) 25
[12:19:40.806]: (-0.2, 1.6, 1.5) 25
[12:19:40.828]: (-0.2, 1.6, 1.5) 25
[12:19:40.851]: (-0.2, 1.6, 1.5) 25
[12:19:40.961]: (-0.2, 1.6, 1.5) 25
[12:19:40.984]: (-0.2, 1.6, 1.5) 25
[12:19:41.006]: (-0.2, 1.6, 1.5) 25
[12:19:48.094]: (-0.3, 1.8, 1.6) 19
[12:19:48.113]: (-0.3, 1.8, 1.6) 19
[12:19:48.130]: (-0.3, 1.8, 1.6) 19
[12:19:48.164]: (-0.3, 1.8, 1.6) 19
[12:19:48.180]: (-0.3, 1.8, 1.6) 19
[12:19:48.197]: (-0.3, 1.8, 1.6) 19
[12:19:48.215]: (-0.3, 1.8, 1.6) 19
[12:19:48.235]: (-0.3, 1.8, 1.6) 19
[12:19:48.254]: (-0.3, 1.8, 1.6) 19
[12:19:48.272]: (-0.3, 1.8, 1.6) 19
