[12:17:04.017]: (-1.4, -0.4, 0.0) 11
[12:17:04.380]: (-2.2, -1.4, 0.0) 18
[12:17:04.403]: (-2.2, -1.4, -0.1) 18
[12:17:04.425]: (-2.2, -1.4, -0.1) 18
[12:17:04.492]: (-2.2, -1.4, 0.0) 18
[12:17:04.514]: (-2.2, -1.4, 0.0) 18
[12:17:04.535]: (-2.2, -1.4, 0.0) 18
[12:17:04.558]: (-2.2, -1.4, 0.0) 18
[12:17:04.580]: (-2.2, -1.4, 0.0) 18
[12:17:04.607]: (-2.2, -1.4, 0.0) 18
[12:17:04.635]: (-2.4, -1.7, 0.1) 24
[12:17:04.768]: (-2.4, -1.7, 0.1) 24
[12:17:04.790]: (-2.4, -1.7, 0.1) 24
[12:17:05.130]: (-2.1, 0.3, 1.3) 1
[12:17:05.791]: (-1.7, 2.7, 1.9) 18
[12:17:05.992]: (-1.2, 2.6, 2.2) 18
[12:17:06.327]: (-1.3, 2.5, 2.2) 17
[12:17:06.346]: (-1.3, 2.5, 2.2) 17
[12:17:06.368]: (-1.3, 2.5, 2.2) 17
[12:17:06.391]: (-1.3, 2.5, 2.2) 17
[12:17:06.412]: (-1.1, 2.3, 1.8) 2
[12:17:06.434]: (-1.1, 2.2, 1.6) 0
[12:17:06.885]: (-1.0, 3.0, 2.0) 20
[12:17:06.905]: (-1.0, 3.0, 2.0) 20
[12:17:06.926]: (-0.9, 2.9, 2.0) 17
[12:17:07.193]: (-0.4, 2.5, 1.5) 21
[12:17:07.724]: (-0.9, 2.9, 2.0) 17
[12:17:07.878]: (-0.8, 2.6, 1.5) 2
[12:17:07.902]: (-0.8, 2.6, 1.5) 2
[12:17:08.096]: (-0.7, 2.6, 1.4) 0
[12:17:08.121]: (-0.7, 2.5, 1.4) 0
[12:17:08.144]: (-0.7, 2.6, 1.5) 1
[12:17:08.168]: (-0.8, 2.8, 1.7) 19
[12:17:08.193]: (-0.8, 2.8, 1.7) 19
[12:17:08.214]: (-0.8, 2.9, 1.8) 19
[12:17:08.802]: (-0.4, 2.0, 1.9) 2
[12:17:08.823]: (-0.4, 2.0, 1.8) 2
[12:17:08.979]: (-0.5, 2.0, 1.8) 0
[12:17:09.284]: (-0.5, 2.1, 1.6) 8
[12:17:09.570]: (-0.5, 2.1, 1.5) 10
[12:17:09.591]: (-0.5, 2.1, 1.5) 10
[12:17:09.613]: (-0.5, 2.1, 1.5) 10
[12:17:09.636]: (-0.5, 2.1, 1.5) 10
[12:17:09.657]: (-0.5, 2.1, 1.5) 10
[12:17:09.676]: (-0.5, 2.1, 1.5) 10
[12:17:09.699]: (-0.4, 2.1, 1.5) 10
[12:17:09.719]: (-0.1, 2.1, 1.7) 1
[12:17:09.743]: (-0.1, 2.1, 1.7) 1
[12:17:09.765]: (-0.1, 2.1, 1.7) 1
[12:17:09.787]: (-0.1, 2.1, 1.7) 1
[12:17:09.808]: (-0.1, 2.1, 1.7) 1
[12:17:09.830]: (-0.1, 2.1, 1.7) 1
[12:17:09.853]: (-0.2, 2.1, 1.7) 1
[12:17:09.876]: (-0.1, 2.1, 1.7) 1
[12:17:09.897]: (-0.1, 2.0, 1.6) 1
[12:17:09.919]: (-0.1, 2.0, 1.6) 0
[12:17:09.947]: (-0.1, 2.0, 1.6) 0
[12:17:09.978]: (-0.2, 2.0, 1.6) 0
[12:17:10.013]: (-0.2, 2.1, 1.6) 1
[12:17:10.046]: (-0.2, 2.1, 1.7) 2
[12:17:10.113]: (-0.2, 2.3, 2.2) 17
[12:17:10.314]: (-0.2, 1.7, 2.6) 20
[12:17:10.344]: (-0.2, 1.5, 2.3) 19
[12:17:10.379]: (-0.2, 1.5, 2.3) 19
[12:17:10.411]: (-0.3, 1.5, 2.3) 19
[12:17:10.579]: (-0.3, 1.5, 2.3) 19
[12:17:10.733]: (-0.3, 1.4, 1.9) 1
[12:17:10.756]: (-0.3, 1.4, 1.9) 1
[12:17:10.777]: (-0.3, 1.4, 1.9) 1
[12:17:10.800]: (-0.3, 1.5, 1.9) 1
[12:17:10.822]: (-0.3, 1.5, 1.8) 1
[12:17:10.844]: (-0.3, 1.5, 1.9) 1
[12:17:10.866]: (-0.3, 1.5, 1.8) 1
[12:17:10.890]: (-0.3, 1.5, 1.8) 1
[12:17:10.911]: (-0.4, 1.5, 1.8) 1
[12:17:11.199]: (-0.1, 1.2, 1.7) 22
[12:17:11.313]: (-0.1, 1.3, 1.8) 21
[12:17:11.355]: (-0.1, 1.2, 1.6) 22
[12:17:11.380]: (0.0, 1.3, 1.8) 21
[12:17:11.448]: (-0.1, 1.3, 1.8) 21
[12:17:11.669]: (-0.1, 1.5, 1.7) 0
[12:17:11.692]: (-0.1, 1.5, 1.7) 0
[12:17:11.714]: (-0.1, 1.5, 1.7) 0
[12:17:11.737]: (-0.1, 1.5, 1.8) 2
[12:17:11.758]: (-0.1, 1.5, 1.8) 2
[12:17:12.149]: (-0.2, 1.5, 1.8) 2
[12:17:12.543]: (-0.2, 2.1, 1.9) 19
[12:17:13.113]: (-0.3, 1.7, 1.7) 1
[12:17:13.145]: (-0.3, 1.7, 1.7) 1
[12:17:13.179]: (-0.3, 1.7, 1.7) 1
[12:17:13.210]: (-0.3, 1.7, 1.7) 1
[12:17:13.235]: (-0.3, 1.7, 1.7) 1
[12:17:13.254]: (-0.3, 1.7, 1.7) 1
[12:17:13.278]: (-0.3, 1.7, 1.7) 1
[12:17:13.300]: (-0.3, 1.7, 1.7) 1
[12:17:13.321]: (-0.3, 1.7, 1.7) 1
[12:17:13.346]: (-0.3, 1.7, 1.7) 1
[12:17:13.367]: (-0.3, 1.7, 1.7) 1
[12:17:13.521]: (-0.3, 1.7, 1.6) 0
[12:17:13.543]: (-0.3, 1.8, 1.7) 2
[12:17:13.993]: (-0.3, 2.0, 1.3) 0
[12:17:14.018]: (-0.3, 2.1, 1.4) 1
[12:17:14.813]: (-0.2, 2.0, 1.3) 1
[12:17:14.829]: (-0.2, 2.0, 1.3) 1
[12:17:14.847]: (-0.2, 2.0, 1.3) 1
[12:17:14.864]: (-0.2, 2.0, 1.3) 1
[12:17:14.881]: (-0.2, 2.0, 1.3) 1
[12:17:14.897]: (-0.2, 2.0, 1.3) 1
[12:17:14.920]: (-0.2, 2.0, 1.3) 1
[12:17:14.943]: (-0.2, 2.0, 1.3) 1
[12:17:14.966]: (-0.3, 2.0, 1.3) 1
[12:17:14.988]: (-0.3, 2.0, 1.3) 1
[12:17:15.012]: (-0.3, 2.0, 1.3) 1
[12:17:15.031]: (-0.3, 2.0, 1.3) 1
[12:17:15.053]: (-0.3, 2.0, 1.3) 1
[12:17:15.076]: (-0.3, 2.0, 1.3) 1
[12:17:15.099]: (-0.3, 2.0, 1.3) 1
[12:17:15.120]: (-0.3, 2.0, 1.3) 1
[12:17:15.143]: (-0.3, 2.0, 1.3) 1
[12:17:16.186]: (0.8, 1.4, 1.8) 14
[12:17:16.210]: (0.8, 1.4, 1.8) 14
[12:17:16.231]: (0.8, 1.4, 1.8) 14
[12:17:16.253]: (0.8, 1.4, 1.8) 14
[12:17:16.276]: (0.8, 1.4, 1.8) 14
[12:17:16.298]: (0.8, 1.4, 1.8) 14
[12:17:16.322]: (0.8, 1.4, 1.8) 14
[12:17:16.358]: (0.8, 1.4, 1.8) 14
[12:17:16.375]: (0.8, 1.4, 1.8) 14
[12:17:16.391]: (0.8, 1.4, 1.8) 14
[12:17:16.408]: (0.8, 1.4, 1.8) 14
[12:17:16.425]: (0.8, 1.4, 1.8) 14
[12:17:16.441]: (0.8, 1.4, 1.8) 14
[12:17:16.457]: (0.8, 1.4, 1.8) 14
[12:17:16.475]: (0.8, 1.4, 1.8) 14
[12:17:17.551]: (-0.2, 1.1, 1.1) 11
[12:17:17.568]: (-0.2, 1.1, 1.1) 11
[12:17:17.585]: (-0.2, 1.1, 1.1) 11
[12:17:17.602]: (-0.2, 1.1, 1.1) 11
[12:17:17.620]: (-0.2, 1.1, 1.1) 11
[12:17:17.638]: (-0.2, 1.1, 1.1) 11
[12:17:17.655]: (-0.2, 1.1, 1.1) 11
[12:17:17.673]: (-0.2, 1.1, 1.1) 11
[12:17:17.696]: (-0.2, 1.1, 1.1) 11
[12:17:17.719]: (-0.2, 1.1, 1.1) 11
[12:17:17.741]: (-0.2, 1.1, 1.1) 11
[12:17:17.764]: (-0.2, 1.1, 1.1) 11
[12:17:17.786]: (-0.2, 1.1, 1.1) 11
[12:17:17.808]: (-0.2, 1.1, 1.1) 11
[12:17:17.831]: (-0.2, 1.1, 1.1) 11
[12:17:17.854]: (-0.2, 1.1, 1.1) 11
[12:17:17.874]: (-0.2, 1.1, 1.1) 11
[12:17:17.897]: (-0.2, 1.1, 1.1) 11
[12:17:17.941]: (-0.5, 1.6, 1.4) 8
[12:17:17.963]: (-0.6, 1.7, 1.5) 9
[12:17:17.985]: (-0.6, 1.7, 1.5) 9
[12:17:18.009]: (-0.6, 1.7, 1.5) 9
[12:17:18.030]: (-0.6, 1.7, 1.5) 9
[12:17:18.053]: (-0.7, 1.7, 1.5) 9
[12:17:18.074]: (-0.7, 1.7, 1.5) 9
[12:17:18.092]: (-0.7, 1.7, 1.5) 9
[12:17:18.111]: (-0.7, 1.7, 1.5) 9
[12:17:18.129]: (-0.6, 1.7, 1.5) 9
[12:17:18.146]: (-0.7, 1.7, 1.5) 9
[12:17:18.164]: (-0.7, 1.7, 1.5) 9
[12:17:18.181]: (-0.7, 1.7, 1.5) 9
[12:17:18.198]: (-0.7, 1.7, 1.5) 9
[12:17:18.215]: (-0.7, 1.7, 1.5) 9
[12:17:19.395]: (0.0, 1.8, 1.8) 19
[12:17:19.415]: (0.0, 1.8, 1.8) 19
[12:17:19.431]: (0.0, 1.8, 1.8) 19
[12:17:19.452]: (0.0, 1.8, 1.8) 19
[12:17:19.474]: (0.0, 1.8, 1.8) 19
[12:17:19.496]: (-0.1, 1.8, 1.8) 19
[12:17:19.519]: (0.0, 1.8, 1.8) 19
[12:17:19.543]: (0.0, 1.8, 1.8) 19
[12:17:19.564]: (0.0, 1.8, 1.8) 19
[12:17:19.585]: (-0.1, 1.8, 1.8) 19
[12:17:19.608]: (-0.1, 1.8, 1.8) 19
[12:17:19.629]: (-0.1, 1.8, 1.8) 19
[12:17:19.992]: (-0.2, 1.6, 1.6) 1
[12:17:20.185]: (-0.2, 1.6, 1.6) 1
[12:17:20.202]: (-0.2, 1.6, 1.6) 1
[12:17:20.219]: (-0.2, 1.6, 1.6) 1
[12:17:20.236]: (-0.2, 1.6, 1.6) 1
[12:17:20.253]: (-0.2, 1.6, 1.6) 1
[12:17:20.271]: (-0.2, 1.6, 1.6) 1
[12:17:20.978]: (-0.2, 1.4, 1.6) 1
[12:17:21.005]: (-0.3, 1.4, 1.6) 1
[12:17:21.027]: (-0.3, 1.4, 1.6) 1
[12:17:21.048]: (-0.3, 1.4, 1.6) 1
[12:17:21.193]: (-0.2, 1.5, 1.6) 1
[12:17:21.214]: (-0.2, 1.5, 1.6) 1
[12:17:21.235]: (-0.2, 1.5, 1.5) 1
[12:17:21.256]: (-0.2, 1.5, 1.5) 1
[12:17:21.278]: (-0.2, 1.5, 1.6) 1
[12:17:21.298]: (-0.2, 1.5, 1.6) 1
[12:17:21.324]: (-0.2, 1.5, 1.6) 1
[12:17:21.345]: (-0.2, 1.5, 1.6) 1
[12:17:21.368]: (-0.2, 1.5, 1.6) 1
[12:17:21.391]: (-0.2, 1.5, 1.6) 1
[12:17:21.414]: (-0.2, 1.5, 1.6) 1
[12:17:21.437]: (-0.2, 1.5, 1.6) 1
[12:17:21.463]: (-0.2, 1.5, 1.6) 1
[12:17:21.498]: (-0.2, 1.5, 1.6) 1
[12:17:21.530]: (-0.2, 1.5, 1.6) 1
[12:17:21.563]: (-0.2, 1.5, 1.6) 1
[12:17:21.595]: (-0.3, 1.6, 1.6) 1
[12:17:21.631]: (-0.3, 1.6, 1.6) 1
[12:17:21.662]: (-0.3, 1.5, 1.6) 1
[12:17:21.696]: (-0.2, 1.5, 1.6) 1
[12:17:21.730]: (-0.2, 1.5, 1.6) 1
[12:17:21.763]: (-0.1, 1.5, 1.6) 2
[12:17:21.797]: (0.1, 1.3, 1.5) 21
[12:17:21.829]: (0.1, 1.3, 1.5) 21
[12:17:21.862]: (0.1, 1.3, 1.5) 21
[12:17:21.896]: (0.1, 1.3, 1.5) 21
[12:17:21.928]: (0.1, 1.3, 1.5) 21
[12:17:22.139]: (0.8, 1.5, 1.9) 16
[12:17:22.162]: (0.8, 1.4, 2.0) 16
[12:17:22.185]: (0.8, 1.4, 2.0) 16
[12:17:22.206]: (0.8, 1.4, 2.0) 16
[12:17:22.228]: (0.8, 1.4, 2.0) 16
[12:17:22.251]: (0.8, 1.4, 1.9) 16
[12:17:22.274]: (0.9, 1.4, 1.9) 16
[12:17:22.361]: (0.8, 1.4, 1.8) 15
[12:17:22.384]: (0.9, 1.4, 1.8) 15
[12:17:22.452]: (0.9, 1.4, 1.9) 16
[12:17:22.473]: (0.9, 1.4, 1.9) 16
[12:17:22.494]: (0.9, 1.4, 2.0) 16
[12:17:22.518]: (0.8, 1.4, 1.8) 14
[12:17:22.540]: (0.7, 1.4, 1.8) 14
[12:17:22.562]: (0.7, 1.4, 1.8) 14
[12:17:22.584]: (0.7, 1.4, 1.8) 14
[12:17:22.628]: (0.8, 1.4, 2.0) 16
[12:17:22.650]: (0.8, 1.4, 2.0) 16
[12:17:22.673]: (0.8, 1.4, 2.0) 16
[12:17:22.696]: (0.8, 1.4, 2.0) 16
[12:17:22.717]: (0.8, 1.5, 2.0) 16
[12:17:22.739]: (0.8, 1.5, 2.0) 16
[12:17:22.762]: (0.8, 1.5, 2.0) 16
[12:17:23.077]: (0.5, 1.7, 2.1) 3
[12:17:23.683]: (-0.3, 1.5, 1.6) 1
[12:17:23.717]: (-0.3, 1.5, 1.6) 1
[12:17:23.734]: (-0.3, 1.5, 1.6) 1
[12:17:23.751]: (-0.3, 1.5, 1.6) 1
[12:17:23.828]: (-0.3, 1.6, 1.6) 1
[12:17:23.851]: (-0.3, 1.6, 1.6) 1
[12:17:23.872]: (-0.3, 1.6, 1.6) 1
[12:17:23.894]: (-0.3, 1.6, 1.6) 1
[12:17:23.918]: (-0.3, 1.5, 1.6) 1
[12:17:23.942]: (-0.3, 1.6, 1.6) 1
[12:17:23.964]: (-0.3, 1.5, 1.6) 1
[12:17:23.985]: (-0.3, 1.5, 1.6) 1
[12:17:24.005]: (-0.3, 1.5, 1.6) 1
[12:17:24.028]: (-0.3, 1.5, 1.6) 1
[12:17:24.050]: (-0.3, 1.5, 1.6) 1
[12:17:24.072]: (-0.3, 1.5, 1.6) 1
[12:17:24.094]: (-0.3, 1.5, 1.6) 1
[12:17:24.116]: (-0.3, 1.5, 1.6) 1
[12:17:24.222]: (-0.3, 1.6, 1.6) 1
[12:17:24.238]: (-0.3, 1.6, 1.6) 1
[12:17:24.254]: (-0.3, 1.6, 1.6) 1
[12:17:24.271]: (-0.3, 1.5, 1.6) 1
[12:17:24.286]: (-0.3, 1.6, 1.6) 1
[12:17:24.303]: (-0.3, 1.5, 1.6) 1
[12:17:24.323]: (-0.3, 1.5, 1.6) 1
[12:17:24.340]: (-0.3, 1.5, 1.6) 1
[12:17:24.356]: (-0.3, 1.6, 1.6) 1
[12:17:24.373]: (-0.3, 1.6, 1.6) 1
[12:17:24.389]: (-0.3, 1.6, 1.6) 1
[12:17:24.406]: (-0.3, 1.5, 1.6) 1
[12:17:24.423]: (-0.3, 1.5, 1.6) 1
[12:17:24.440]: (-0.3, 1.5, 1.6) 1
[12:17:24.458]: (-0.3, 1.5, 1.6) 1
[12:17:24.474]: (-0.3, 1.5, 1.6) 1
[12:17:24.492]: (-0.3, 1.5, 1.6) 1
[12:17:24.523]: (-0.3, 1.1, 1.1) 11
[12:17:24.556]: (-0.3, 1.0, 1.1) 11
[12:17:24.590]: (-0.3, 1.0, 1.1) 11
[12:17:24.605]: (-0.3, 1.0, 1.1) 11
[12:17:24.622]: (-0.3, 1.0, 1.1) 11
[12:17:24.639]: (-0.3, 1.0, 1.1) 11
[12:17:24.661]: (-0.3, 1.0, 1.1) 11
[12:17:24.683]: (-0.3, 1.0, 1.1) 11
[12:17:24.705]: (-0.3, 1.0, 1.1) 11
[12:17:24.729]: (-0.3, 1.0, 1.1) 11
[12:17:24.749]: (-0.3, 1.0, 1.1) 11
[12:17:24.772]: (-0.3, 1.0, 1.1) 11
[12:17:24.794]: (-0.3, 1.0, 1.1) 11
[12:17:24.817]: (-0.3, 1.0, 1.0) 11
[12:17:24.839]: (-0.3, 1.0, 1.1) 11
[12:17:24.860]: (-0.3, 1.0, 1.0) 11
[12:17:24.883]: (0.1, 1.3, 1.5) 21
[12:17:24.905]: (0.2, 1.3, 1.5) 23
[12:17:24.950]: (0.1, 1.3, 1.5) 21
[12:17:24.973]: (0.1, 1.3, 1.5) 21
[12:17:24.995]: (0.1, 1.3, 1.5) 21
[12:17:25.017]: (0.1, 1.3, 1.5) 21
[12:17:25.039]: (0.1, 1.3, 1.5) 21
[12:17:25.061]: (0.1, 1.3, 1.5) 21
[12:17:25.083]: (0.1, 1.3, 1.5) 21
[12:17:25.101]: (0.1, 1.3, 1.5) 21
[12:17:25.118]: (0.1, 1.3, 1.5) 21
[12:17:25.135]: (0.1, 1.3, 1.5) 21
[12:17:25.154]: (0.1, 1.3, 1.5) 21
[12:17:25.171]: (0.1, 1.3, 1.5) 21
[12:17:25.189]: (0.1, 1.3, 1.5) 21
[12:17:25.208]: (0.1, 1.3, 1.5) 21
[12:17:25.225]: (0.1, 1.3, 1.5) 21
[12:17:25.241]: (0.1, 1.3, 1.5) 21
[12:17:25.258]: (0.1, 1.3, 1.5) 21
[12:17:25.274]: (0.1, 1.3, 1.5) 21
[12:17:25.291]: (0.1, 1.3, 1.5) 21
[12:17:26.981]: (-0.1, 1.8, 2.0) 17
[12:17:29.337]: (-0.3, 1.0, 1.0) 11
[12:17:29.360]: (-0.3, 1.0, 1.1) 11
[12:17:29.383]: (-0.3, 1.0, 1.0) 11
[12:17:29.404]: (-0.3, 1.0, 1.0) 11
[12:17:29.425]: (-0.3, 1.0, 1.0) 11
[12:17:29.450]: (-0.3, 1.0, 1.0) 11
[12:17:29.471]: (-0.3, 1.0, 1.0) 11
[12:17:29.493]: (-0.3, 1.0, 1.0) 11
[12:17:29.513]: (-0.3, 1.0, 1.0) 11
[12:17:29.530]: (-0.3, 1.0, 1.0) 11
[12:17:29.549]: (-0.3, 1.0, 1.0) 11
[12:17:29.568]: (-0.3, 1.0, 1.0) 11
[12:17:29.587]: (-0.3, 1.0, 1.0) 11
[12:17:29.607]: (-0.3, 1.0, 1.0) 11
[12:17:29.626]: (-0.3, 1.1, 1.1) 11
[12:17:30.082]: (-0.2, 1.5, 1.6) 1
[12:17:30.105]: (-0.2, 1.5, 1.6) 1
[12:17:30.128]: (-0.2, 1.5, 1.6) 1
[12:17:30.149]: (-0.2, 1.5, 1.6) 1
[12:17:30.171]: (-0.2, 1.5, 1.6) 1
[12:17:30.450]: (0.0, 1.9, 2.0) 17
[12:17:30.468]: (0.0, 2.0, 2.0) 20
[12:17:30.486]: (-0.1, 2.0, 2.0) 20
[12:17:30.503]: (-0.1, 2.0, 2.0) 20
[12:17:30.520]: (-0.1, 2.0, 2.0) 20
[12:17:30.536]: (-0.1, 2.0, 2.0) 20
[12:17:30.553]: (-0.1, 2.0, 2.0) 20
[12:17:30.569]: (-0.1, 2.0, 2.0) 20
[12:17:30.585]: (-0.1, 2.0, 2.0) 20
[12:17:30.604]: (-0.1, 2.0, 2.0) 20
[12:17:30.622]: (-0.1, 2.0, 2.1) 20
[12:17:30.640]: (-0.1, 2.0, 2.1) 20
[12:17:30.657]: (-0.1, 2.0, 2.1) 20
[12:17:30.675]: (-0.1, 2.0, 2.1) 20
[12:17:30.707]: (-0.3, 1.5, 1.6) 1
[12:17:30.725]: (-0.3, 1.6, 1.6) 1
[12:17:31.623]: (-0.3, 1.4, 1.6) 1
[12:17:31.646]: (-0.3, 1.4, 1.6) 1
[12:17:31.669]: (-0.3, 1.4, 1.6) 1
[12:17:31.691]: (-0.3, 1.4, 1.6) 1
[12:17:31.712]: (-0.3, 1.4, 1.6) 1
[12:17:31.734]: (-0.3, 1.4, 1.6) 1
[12:17:31.756]: (-0.3, 1.4, 1.6) 1
[12:17:32.325]: (-0.3, 1.5, 1.5) 1
[12:17:32.347]: (-0.3, 1.5, 1.5) 1
[12:17:32.371]: (-0.3, 1.6, 1.5) 1
[12:17:32.413]: (-0.2, 1.7, 1.8) 19
[12:17:32.534]: (-0.2, 1.7, 1.8) 19
[12:17:32.555]: (-0.2, 1.7, 1.8) 19
[12:17:32.650]: (-0.3, 1.6, 1.8) 19
[12:17:33.506]: (-0.2, 1.8, 1.5) 1
[12:17:33.527]: (-0.2, 1.7, 1.4) 1
[12:17:33.550]: (-0.2, 1.7, 1.4) 1
[12:17:33.571]: (-0.2, 1.7, 1.4) 1
[12:17:33.592]: (-0.2, 1.7, 1.4) 1
[12:17:33.614]: (-0.2, 1.7, 1.4) 1
[12:17:33.634]: (-0.2, 1.8, 1.4) 1
[12:17:34.080]: (-0.2, 1.8, 1.3) 1
[12:17:34.779]: (-0.2, 1.7, 1.3) 1
[12:17:35.516]: (-0.2, 1.8, 1.3) 1
[12:17:35.538]: (-0.2, 1.7, 1.3) 1
[12:17:35.560]: (-0.2, 1.8, 1.3) 1
[12:17:35.627]: (-0.2, 1.8, 1.4) 1
[12:17:35.760]: (-0.2, 1.8, 1.4) 1
[12:17:35.781]: (-0.2, 1.8, 1.3) 1
[12:17:35.804]: (-0.2, 1.8, 1.3) 1
[12:17:35.827]: (-0.2, 1.8, 1.3) 1
[12:17:35.848]: (-0.2, 1.8, 1.3) 1
[12:17:35.871]: (-0.2, 1.8, 1.3) 1
[12:17:35.893]: (-0.2, 1.8, 1.3) 1
[12:17:35.915]: (-0.2, 1.8, 1.4) 1
[12:17:36.934]: (-0.2, 1.8, 1.3) 1
[12:17:37.134]: (-0.2, 1.8, 1.3) 1
[12:17:37.411]: (-0.3, 1.8, 1.3) 1
[12:17:37.432]: (-0.3, 1.8, 1.3) 1
[12:17:37.455]: (-0.3, 1.8, 1.3) 1
[12:17:37.502]: (-0.3, 1.8, 1.3) 1
[12:17:37.525]: (-0.3, 1.8, 1.3) 1
[12:17:37.547]: (-0.3, 1.8, 1.3) 1
[12:17:37.567]: (-0.3, 1.8, 1.3) 1
[12:17:37.588]: (-0.3, 1.8, 1.3) 1
[12:17:37.611]: (-0.3, 1.8, 1.3) 1
[12:17:37.634]: (-0.3, 1.8, 1.3) 1
[12:17:37.655]: (-0.3, 1.8, 1.3) 1
[12:17:37.678]: (-0.3, 1.8, 1.3) 1
[12:17:37.699]: (-0.3, 1.8, 1.3) 1
[12:17:37.723]: (-0.3, 1.8, 1.3) 1
[12:17:37.745]: (-0.3, 1.8, 1.3) 1
[12:17:37.769]: (-0.3, 1.8, 1.3) 1
[12:17:37.793]: (-0.3, 1.8, 1.3) 1
[12:17:37.816]: (-0.3, 1.8, 1.3) 1
[12:17:40.400]: (-0.2, 1.8, 1.3) 1
[12:17:40.433]: (-0.2, 1.8, 1.3) 1
[12:17:40.465]: (-0.2, 1.8, 1.3) 1
[12:17:40.500]: (-0.2, 1.8, 1.3) 1
[12:17:40.967]: (-0.2, 1.8, 1.3) 1
[12:17:41.002]: (-0.2, 1.8, 1.3) 1
[12:17:41.022]: (-0.2, 1.8, 1.3) 1
[12:17:42.920]: (-0.2, 1.8, 1.3) 1
[12:17:42.942]: (-0.2, 1.8, 1.3) 1
[12:17:42.966]: (-0.2, 1.8, 1.3) 1
[12:17:42.990]: (-0.2, 1.8, 1.3) 1
[12:17:43.010]: (-0.2, 1.8, 1.3) 1
[12:17:43.032]: (-0.2, 1.8, 1.3) 1
[12:17:43.052]: (-0.2, 1.8, 1.3) 1
[12:17:43.075]: (-0.2, 1.8, 1.3) 1
[12:17:43.097]: (-0.2, 1.8, 1.3) 1
[12:17:43.119]: (-0.2, 1.8, 1.3) 1
[12:17:43.141]: (-0.2, 1.8, 1.3) 1
[12:17:43.164]: (-0.2, 1.8, 1.3) 1
[12:17:43.185]: (-0.2, 1.8, 1.3) 1
[12:17:43.206]: (-0.2, 1.8, 1.3) 1
[12:17:43.223]: (-0.2, 1.8, 1.3) 1
[12:17:43.240]: (-0.2, 1.8, 1.3) 1
[12:17:43.257]: (-0.2, 1.8, 1.3) 1
[12:17:43.278]: (-0.2, 1.8, 1.3) 1
[12:17:43.300]: (-0.2, 1.8, 1.3) 1
[12:17:43.320]: (-0.2, 1.8, 1.3) 1
[12:17:43.339]: (-0.2, 1.8, 1.3) 1
[12:17:43.356]: (-0.2, 1.8, 1.3) 1
[12:17:43.373]: (-0.2, 1.8, 1.3) 1
[12:17:43.391]: (-0.2, 1.8, 1.3) 1
[12:17:43.410]: (-0.2, 1.8, 1.3) 1
[12:17:43.426]: (-0.2, 1.8, 1.3) 1
[12:17:43.442]: (-0.2, 1.8, 1.3) 1
[12:17:43.460]: (-0.2, 1.8, 1.3) 1
[12:17:43.478]: (-0.2, 1.8, 1.3) 1
[12:17:43.495]: (-0.2, 1.8, 1.3) 1
[12:17:43.512]: (-0.2, 1.8, 1.3) 1
[12:17:43.529]: (-0.2, 1.8, 1.3) 1
[12:17:43.547]: (-0.2, 1.8, 1.3) 1
[12:17:43.564]: (-0.2, 1.8, 1.3) 1
[12:17:43.581]: (-0.2, 1.8, 1.3) 1
[12:17:43.602]: (-0.2, 1.8, 1.3) 1
[12:17:43.618]: (-0.2, 1.8, 1.3) 1
[12:17:43.641]: (-0.2, 1.8, 1.3) 1
[12:17:43.664]: (-0.2, 1.8, 1.3) 1
[12:17:43.686]: (-0.2, 1.8, 1.3) 1
[12:17:43.708]: (-0.2, 1.8, 1.3) 1
[12:17:43.731]: (-0.2, 1.8, 1.3) 1
[12:17:44.169]: (-0.5, 1.8, 1.1) 10
[12:17:44.265]: (-0.7, 1.9, 1.3) 9
[12:17:44.282]: (-0.7, 1.9, 1.2) 9
[12:17:44.298]: (-0.7, 1.9, 1.2) 9
[12:17:44.316]: (-0.7, 1.9, 1.2) 9
[12:17:44.333]: (-0.7, 1.9, 1.2) 9
[12:17:44.352]: (-0.7, 1.9, 1.2) 9
[12:17:44.370]: (-0.7, 1.9, 1.2) 9
[12:17:44.387]: (-0.7, 1.9, 1.2) 9
[12:17:44.405]: (-0.7, 1.9, 1.2) 9
[12:17:44.423]: (-0.7, 1.9, 1.2) 9
[12:17:44.622]: (-0.7, 1.9, 1.2) 9
[12:17:44.640]: (-0.7, 1.9, 1.2) 9
[12:17:44.888]: (-0.7, 2.0, 1.2) 9
[12:17:44.908]: (-0.7, 2.0, 1.2) 9
[12:17:44.936]: (-0.7, 2.0, 1.2) 9
[12:17:45.024]: (-0.7, 2.0, 1.2) 9
[12:17:45.042]: (-0.7, 2.0, 1.2) 9
[12:17:45.078]: (-0.7, 2.0, 1.2) 9
[12:17:45.096]: (-0.7, 2.0, 1.2) 9
[12:17:45.147]: (-0.7, 2.0, 1.2) 9
[12:17:45.168]: (-0.7, 2.0, 1.2) 9
[12:17:45.190]: (-0.7, 2.0, 1.2) 9
[12:17:45.206]: (-0.7, 2.0, 1.2) 9
[12:17:45.223]: (-0.7, 2.0, 1.2) 9
[12:17:45.241]: (-0.7, 2.0, 1.2) 9
[12:17:45.260]: (-0.7, 2.0, 1.2) 9
[12:17:45.279]: (-0.7, 2.0, 1.2) 9
[12:17:45.299]: (-0.7, 2.0, 1.2) 9
[12:17:45.321]: (-0.7, 2.0, 1.2) 9
[12:17:45.340]: (-0.7, 2.0, 1.2) 9
[12:17:45.377]: (-0.7, 2.0, 1.2) 9
[12:17:45.412]: (-0.7, 2.0, 1.2) 9
[12:17:45.429]: (-0.7, 2.0, 1.2) 9
[12:17:45.464]: (-0.2, 1.8, 1.3) 0
[12:17:45.512]: (0.1, 1.5, 1.3) 21
[12:17:45.534]: (0.1, 1.5, 1.3) 21
[12:17:45.553]: (0.1, 1.5, 1.3) 21
[12:17:45.576]: (0.1, 1.5, 1.3) 21
[12:17:45.598]: (0.1, 1.5, 1.3) 21
[12:17:45.621]: (0.1, 1.5, 1.3) 21
[12:17:45.642]: (0.1, 1.5, 1.3) 21
[12:17:45.665]: (0.1, 1.5, 1.3) 21
[12:17:45.687]: (0.1, 1.5, 1.3) 21
[12:17:45.709]: (0.1, 1.5, 1.3) 21
[12:17:45.730]: (0.1, 1.5, 1.3) 21
[12:17:45.753]: (0.0, 1.5, 1.3) 21
[12:17:45.776]: (0.1, 1.5, 1.3) 21
[12:17:45.797]: (0.1, 1.5, 1.3) 21
[12:17:45.818]: (0.1, 1.5, 1.3) 21
[12:17:45.842]: (0.1, 1.5, 1.3) 21
[12:17:45.864]: (0.1, 1.5, 1.3) 21
[12:17:45.887]: (0.1, 1.5, 1.3) 21
[12:17:45.909]: (0.1, 1.5, 1.3) 21
[12:17:45.932]: (0.1, 1.5, 1.3) 21
[12:17:45.957]: (0.1, 1.5, 1.3) 21
[12:17:45.979]: (0.1, 1.5, 1.3) 21
[12:17:46.022]: (0.7, 1.6, 1.5) 14
[12:17:46.060]: (0.8, 1.6, 1.5) 14
[12:17:46.078]: (0.8, 1.6, 1.5) 14
[12:17:46.100]: (0.8, 1.6, 1.5) 14
[12:17:46.123]: (0.8, 1.6, 1.5) 14
[12:17:46.142]: (0.8, 1.6, 1.5) 14
[12:17:46.160]: (0.8, 1.6, 1.5) 14
[12:17:46.180]: (0.8, 1.6, 1.5) 14
[12:17:46.198]: (0.8, 1.6, 1.5) 14
[12:17:46.216]: (0.8, 1.6, 1.5) 14
[12:17:46.234]: (0.8, 1.6, 1.5) 14
[12:17:46.250]: (0.8, 1.6, 1.5) 14
[12:17:46.474]: (-0.2, 1.8, 1.3) 1
[12:17:46.496]: (-0.2, 1.8, 1.3) 1
[12:17:46.518]: (-0.2, 1.8, 1.3) 1
[12:17:46.541]: (-0.2, 1.8, 1.3) 1
[12:17:46.563]: (-0.2, 1.8, 1.3) 1
[12:17:46.585]: (-0.2, 1.8, 1.3) 1
[12:17:46.608]: (-0.2, 1.8, 1.3) 1
[12:17:46.629]: (-0.2, 1.8, 1.3) 0
[12:17:46.652]: (-0.2, 1.8, 1.3) 0
[12:17:46.674]: (-0.2, 1.8, 1.3) 1
[12:17:46.697]: (-0.2, 1.8, 1.3) 1
[12:17:46.719]: (-0.2, 1.8, 1.3) 1
[12:17:46.741]: (-0.2, 1.8, 1.3) 1
[12:17:46.763]: (-0.2, 1.8, 1.3) 1
[12:17:46.785]: (-0.2, 1.8, 1.3) 1
[12:17:46.807]: (-0.2, 1.8, 1.3) 1
[12:17:46.829]: (-0.2, 1.8, 1.3) 1
[12:17:46.851]: (-0.2, 1.8, 1.3) 1
[12:17:46.874]: (-0.2, 1.8, 1.3) 1
[12:17:46.896]: (-0.2, 1.8, 1.3) 1
[12:17:46.918]: (-0.2, 1.8, 1.3) 1
[12:17:46.941]: (-0.2, 1.8, 1.3) 1
[12:17:46.958]: (-0.2, 1.8, 1.3) 1
[12:17:46.977]: (-0.2, 1.8, 1.3) 1
[12:17:46.995]: (-0.2, 1.8, 1.3) 1
[12:17:47.012]: (-0.2, 1.8, 1.3) 1
[12:17:47.030]: (-0.2, 1.8, 1.3) 1
[12:17:47.046]: (-0.2, 1.8, 1.3) 1
[12:17:47.062]: (-0.2, 1.8, 1.3) 1
[12:17:48.001]: (-0.2, 1.8, 1.3) 1
[12:17:48.018]: (-0.2, 1.8, 1.3) 1
[12:17:48.037]: (-0.2, 1.8, 1.3) 1
[12:17:48.053]: (-0.2, 1.8, 1.3) 1
[12:17:48.070]: (-0.2, 1.8, 1.3) 1
[12:17:48.086]: (-0.2, 1.8, 1.3) 1
[12:17:50.062]: (-0.2, 1.8, 1.3) 1
[12:17:50.084]: (-0.2, 1.8, 1.3) 1
[12:17:50.106]: (-0.2, 1.8, 1.3) 1
[12:17:50.128]: (-0.2, 1.8, 1.3) 1
[12:17:50.150]: (-0.2, 1.8, 1.3) 1
[12:17:50.173]: (-0.2, 1.8, 1.3) 1
[12:17:50.195]: (-0.2, 1.8, 1.3) 1
[12:17:50.217]: (-0.2, 1.8, 1.3) 1
[12:17:50.240]: (-0.2, 1.8, 1.3) 1
[12:17:50.262]: (-0.2, 1.8, 1.3) 1
[12:17:50.330]: (-0.2, 1.8, 1.3) 1
[12:17:50.351]: (-0.2, 1.8, 1.3) 1
[12:17:50.372]: (-0.2, 1.8, 1.3) 1
[12:17:50.395]: (-0.2, 1.8, 1.3) 1
[12:17:50.418]: (-0.2, 1.8, 1.3) 1
[12:17:50.439]: (-0.2, 1.8, 1.3) 1
[12:17:50.461]: (-0.2, 1.8, 1.3) 1
[12:17:50.478]: (-0.2, 1.8, 1.3) 1
[12:17:50.494]: (-0.2, 1.8, 1.3) 1
[12:17:50.510]: (-0.2, 1.8, 1.3) 1
[12:17:50.528]: (-0.2, 1.8, 1.3) 1
[12:17:50.544]: (-0.2, 1.8, 1.3) 1
[12:17:50.561]: (-0.2, 1.8, 1.3) 1
[12:17:50.577]: (-0.2, 1.8, 1.3) 1
[12:17:50.594]: (-0.2, 1.8, 1.3) 1
[12:17:50.610]: (-0.2, 1.8, 1.3) 1
[12:17:50.627]: (-0.2, 1.8, 1.3) 1
[12:17:50.644]: (-0.2, 1.8, 1.3) 1
[12:17:50.662]: (-0.2, 1.8, 1.3) 1
[12:17:50.679]: (-0.2, 1.8, 1.3) 1
[12:17:50.696]: (-0.2, 1.8, 1.3) 1
[12:17:50.712]: (-0.2, 1.8, 1.3) 1
[12:17:50.730]: (-0.2, 1.8, 1.3) 1
[12:17:51.707]: (-0.2, 1.8, 1.3) 1
[12:17:51.723]: (-0.2, 1.8, 1.3) 1
[12:17:51.740]: (-0.2, 1.8, 1.3) 1
[12:17:51.794]: (-0.1, 1.8, 1.3) 2
[12:17:52.254]: (0.1, 1.5, 1.3) 21
[12:17:52.508]: (0.1, 1.6, 1.3) 21
[12:17:53.405]: (-0.2, 1.8, 1.3) 1
[12:17:53.422]: (-0.2, 1.8, 1.3) 1
[12:17:53.441]: (-0.2, 1.8, 1.3) 1
[12:17:53.459]: (-0.2, 1.8, 1.3) 1
[12:17:53.475]: (-0.2, 1.8, 1.3) 1
[12:17:53.491]: (-0.2, 1.8, 1.3) 1
[12:17:53.508]: (-0.2, 1.8, 1.3) 1
[12:17:53.525]: (-0.2, 1.8, 1.3) 1
[12:17:53.542]: (-0.2, 1.8, 1.3) 1
[12:17:53.561]: (-0.2, 1.8, 1.3) 1
[12:17:53.582]: (-0.2, 1.8, 1.3) 1
[12:17:53.605]: (-0.2, 1.8, 1.3) 1
[12:17:53.628]: (-0.2, 1.8, 1.3) 1
[12:17:53.650]: (-0.2, 1.8, 1.3) 1
[12:17:53.671]: (-0.2, 1.8, 1.3) 1
[12:17:53.701]: (-0.2, 1.8, 1.3) 1
[12:17:53.719]: (-0.2, 1.8, 1.3) 1
[12:17:53.738]: (-0.2, 1.8, 1.3) 1
[12:17:53.760]: (-0.2, 1.8, 1.3) 1
