[12:44:20.614]: (-1.8, -1.5, 0.0) 18
[12:44:20.635]: (-1.8, -1.5, 0.0) 18
[12:44:20.657]: (-1.8, -1.5, 0.0) 18
[12:44:20.678]: (-1.7, -1.5, 0.0) 18
[12:44:20.700]: (-1.7, -1.5, 0.0) 18
[12:44:20.722]: (-1.7, -1.5, 0.0) 18
[12:44:20.745]: (-1.8, -1.8, 0.0) 17
[12:44:20.767]: (-1.8, -1.5, 0.0) 18
[12:44:20.789]: (-1.8, -1.5, -0.1) 18
[12:44:20.857]: (-1.8, -1.5, 0.0) 18
[12:44:21.129]: (-1.9, -1.7, 0.0) 16
[12:44:21.152]: (-1.9, -1.7, 0.0) 16
[12:44:21.195]: (-2.1, -1.0, 0.1) 4
[12:44:21.236]: (-2.8, -1.6, 0.1) 26
[12:44:21.257]: (-2.8, -1.6, 0.1) 26
[12:44:21.438]: (-2.6, -1.0, 0.2) 16
[12:44:21.847]: (-1.6, 1.3, 0.9) 15
[12:44:21.912]: (-1.4, 1.5, 1.0) 15
[12:44:22.011]: (-0.8, 2.3, 2.8) 26
[12:44:22.944]: (-0.5, 1.4, 1.3) 15
[12:44:23.170]: (-0.7, 1.6, 2.1) 19
[12:44:23.191]: (-0.7, 1.6, 2.1) 19
[12:44:23.257]: (-0.6, 1.4, 1.1) 7
[12:44:23.281]: (-0.6, 1.4, 1.1) 7
[12:44:23.302]: (-0.6, 1.4, 1.1) 7
[12:44:23.331]: (-0.6, 1.4, 1.1) 7
[12:44:23.353]: (-0.6, 1.4, 1.1) 7
[12:44:23.370]: (-0.6, 1.4, 1.1) 7
[12:44:23.391]: (-0.6, 1.4, 1.1) 7
[12:44:23.415]: (-0.6, 1.4, 1.1) 7
[12:44:23.432]: (-0.6, 1.4, 1.1) 7
[12:44:23.454]: (-0.6, 1.4, 1.1) 7
[12:44:23.478]: (-0.6, 1.4, 1.1) 7
[12:44:23.499]: (-0.6, 1.4, 1.1) 7
[12:44:23.522]: (-0.6, 1.4, 1.1) 7
[12:44:23.541]: (-0.6, 1.4, 1.1) 7
[12:44:23.558]: (-0.6, 1.4, 1.1) 7
[12:44:23.574]: (-0.6, 1.4, 1.1) 7
[12:44:23.591]: (-0.6, 1.4, 1.1) 7
[12:44:23.609]: (-0.6, 1.4, 1.1) 7
[12:44:23.626]: (-0.6, 1.4, 1.1) 7
[12:44:23.644]: (-0.6, 1.4, 1.1) 7
[12:44:23.660]: (-0.6, 1.4, 1.1) 7
[12:44:23.678]: (-0.6, 1.4, 1.1) 7
[12:44:23.694]: (-0.6, 1.4, 1.1) 7
[12:44:23.710]: (-0.6, 1.4, 1.1) 7
[12:44:23.726]: (-0.6, 1.4, 1.1) 7
[12:44:23.743]: (-0.6, 1.4, 1.1) 7
[12:44:23.759]: (-0.6, 1.4, 1.1) 7
[12:44:23.775]: (-0.6, 1.4, 1.1) 7
[12:44:23.791]: (-0.6, 1.4, 1.1) 7
[12:44:23.808]: (-0.6, 1.4, 1.1) 7
[12:44:23.824]: (-0.7, 1.4, 1.1) 7
[12:44:23.841]: (-0.7, 1.4, 1.1) 7
[12:44:23.857]: (-0.7, 1.4, 1.1) 7
[12:44:23.874]: (-0.7, 1.4, 1.1) 7
[12:44:23.890]: (-0.7, 1.4, 1.1) 7
[12:44:23.906]: (-0.6, 1.4, 1.1) 7
[12:44:23.923]: (-0.7, 1.4, 1.1) 7
[12:44:23.940]: (-0.7, 1.4, 1.1) 7
[12:44:23.956]: (-0.7, 1.4, 1.1) 7
[12:44:23.971]: (-0.7, 1.4, 1.1) 7
[12:44:23.990]: (-0.7, 1.4, 1.1) 7
[12:44:24.012]: (-0.7, 1.4, 1.1) 7
[12:44:24.032]: (-0.7, 1.4, 1.1) 7
[12:44:24.054]: (-0.7, 1.4, 1.1) 7
[12:44:24.078]: (-0.7, 1.4, 1.1) 7
[12:44:24.099]: (-0.7, 1.4, 1.1) 7
[12:44:24.343]: (0.7, 1.7, 3.0) 22
[12:44:24.434]: (1.1, 1.9, 3.3) 24
[12:44:24.496]: (0.8, 1.8, 2.9) 22
[12:44:24.586]: (0.8, 1.8, 2.9) 22
[12:44:24.603]: (0.8, 1.8, 3.0) 22
[12:44:24.636]: (0.8, 1.8, 2.9) 22
[12:44:24.652]: (0.8, 1.8, 2.9) 22
[12:44:24.668]: (0.8, 1.8, 2.9) 22
[12:44:24.686]: (0.8, 1.8, 2.9) 22
[12:44:24.703]: (0.8, 1.8, 2.9) 22
[12:44:24.721]: (0.8, 1.8, 2.9) 22
[12:44:24.738]: (0.8, 1.8, 2.9) 22
[12:44:24.755]: (0.8, 1.8, 2.9) 22
[12:44:24.771]: (0.8, 1.8, 2.9) 22
[12:44:24.788]: (0.8, 1.8, 2.9) 22
[12:44:24.804]: (0.8, 1.8, 2.9) 22
[12:44:24.821]: (0.8, 1.8, 2.9) 22
[12:44:24.839]: (0.8, 1.8, 2.9) 22
[12:44:24.857]: (0.8, 1.7, 2.9) 22
[12:44:24.877]: (0.8, 1.7, 3.0) 22
[12:44:24.922]: (0.5, 1.5, 2.2) 5
[12:44:24.946]: (0.4, 1.4, 2.0) 0
[12:44:24.969]: (0.4, 1.4, 2.0) 0
[12:44:24.990]: (0.4, 1.4, 2.0) 0
[12:44:25.011]: (0.5, 1.5, 2.2) 5
[12:44:25.033]: (0.5, 1.5, 2.2) 5
[12:44:25.054]: (0.4, 1.4, 2.0) 2
[12:44:25.078]: (0.4, 1.4, 2.0) 2
[12:44:25.100]: (0.5, 1.5, 2.2) 5
[12:44:25.122]: (0.4, 1.4, 2.0) 2
[12:44:25.144]: (0.4, 1.5, 1.9) 2
[12:44:26.045]: (0.5, 1.5, 2.1) 3
[12:44:26.067]: (0.5, 1.5, 2.1) 3
[12:44:26.088]: (0.5, 1.5, 2.1) 3
[12:44:26.133]: (0.5, 1.5, 2.1) 3
[12:44:26.677]: (0.5, 1.5, 2.1) 3
[12:44:26.699]: (0.5, 1.5, 2.1) 3
[12:44:26.788]: (0.5, 1.5, 2.2) 5
[12:44:26.810]: (0.9, 1.7, 2.8) 23
[12:44:26.855]: (1.1, 1.8, 3.1) 21
[12:44:26.877]: (1.1, 1.8, 3.1) 21
[12:44:26.899]: (1.1, 1.8, 3.1) 21
[12:44:26.922]: (1.1, 1.8, 3.1) 21
[12:44:26.942]: (1.1, 1.8, 3.1) 21
[12:44:26.966]: (1.1, 1.8, 3.1) 21
[12:44:26.989]: (1.1, 1.8, 3.1) 21
[12:44:27.008]: (1.1, 1.8, 3.1) 21
[12:44:27.031]: (1.1, 1.8, 3.1) 21
[12:44:27.053]: (1.1, 1.8, 3.1) 21
[12:44:27.071]: (1.1, 1.8, 3.1) 21
[12:44:27.089]: (1.1, 1.8, 3.1) 21
[12:44:27.106]: (1.1, 1.8, 3.1) 21
[12:44:27.123]: (1.0, 1.8, 3.1) 21
[12:44:27.140]: (1.1, 1.9, 3.1) 21
[12:44:27.157]: (1.1, 1.8, 3.1) 21
[12:44:27.174]: (1.1, 1.8, 3.1) 21
[12:44:27.191]: (1.1, 1.8, 3.1) 21
[12:44:27.207]: (1.1, 1.8, 3.1) 21
[12:44:27.224]: (1.1, 1.8, 3.1) 21
[12:44:27.241]: (1.1, 1.8, 3.1) 21
[12:44:27.258]: (1.1, 1.8, 3.1) 21
[12:44:27.275]: (1.1, 1.8, 3.1) 21
[12:44:27.291]: (1.1, 1.8, 3.1) 21
[12:44:27.309]: (1.1, 1.8, 3.1) 21
[12:44:27.325]: (1.1, 1.8, 3.1) 21
[12:44:27.341]: (1.1, 1.8, 3.1) 21
[12:44:27.360]: (1.0, 1.8, 3.1) 21
[12:44:27.377]: (1.0, 1.8, 3.1) 21
[12:44:27.394]: (1.0, 1.8, 3.1) 21
[12:44:27.411]: (1.1, 1.9, 3.1) 21
[12:44:27.427]: (0.8, 1.8, 2.9) 22
[12:44:27.443]: (0.8, 1.8, 2.9) 22
[12:44:27.460]: (0.8, 1.8, 2.9) 22
[12:44:27.477]: (0.8, 1.8, 2.9) 22
[12:44:27.493]: (0.8, 1.8, 2.9) 22
[12:44:27.509]: (0.8, 1.8, 2.9) 22
[12:44:27.526]: (0.8, 1.8, 2.9) 22
[12:44:27.543]: (0.8, 1.8, 2.9) 22
[12:44:27.563]: (0.7, 1.8, 2.9) 22
[12:44:27.588]: (0.8, 1.8, 3.0) 22
[12:44:27.834]: (0.8, 1.8, 3.0) 22
[12:44:27.854]: (0.8, 1.8, 3.0) 22
[12:44:27.876]: (0.8, 1.8, 2.9) 22
[12:44:27.898]: (0.7, 1.8, 3.0) 22
[12:44:27.921]: (0.7, 1.8, 3.0) 22
[12:44:27.943]: (0.7, 1.8, 3.0) 22
[12:44:27.964]: (0.7, 1.8, 2.9) 22
[12:44:28.002]: (0.7, 1.8, 3.0) 22
[12:44:28.018]: (0.7, 1.8, 2.9) 22
[12:44:28.050]: (0.7, 1.8, 3.0) 22
[12:44:28.101]: (0.7, 1.9, 3.2) 20
[12:44:28.134]: (0.7, 1.9, 3.2) 20
[12:44:28.150]: (0.8, 1.9, 3.2) 20
[12:44:28.302]: (-0.4, 1.6, 2.2) 18
[12:44:28.319]: (-0.4, 1.6, 2.2) 18
[12:44:28.335]: (-0.4, 1.6, 2.2) 18
[12:44:28.352]: (-0.4, 1.6, 2.2) 18
[12:44:28.370]: (-0.4, 1.6, 2.2) 18
[12:44:28.386]: (-0.4, 1.6, 2.2) 18
[12:44:28.403]: (-0.4, 1.6, 2.2) 18
[12:44:28.419]: (-0.4, 1.6, 2.2) 18
[12:44:28.441]: (-0.4, 1.6, 2.2) 18
[12:44:28.555]: (-0.5, 1.7, 2.4) 17
[12:44:28.575]: (-0.5, 1.7, 2.4) 17
[12:44:28.597]: (-0.4, 1.7, 2.2) 18
[12:44:28.620]: (-0.4, 1.7, 2.2) 18
[12:44:28.642]: (-0.4, 1.7, 2.2) 18
[12:44:28.666]: (-0.4, 1.7, 2.2) 18
[12:44:28.685]: (-0.4, 1.7, 2.2) 18
[12:44:28.709]: (-0.4, 1.6, 2.2) 18
[12:44:28.731]: (-0.4, 1.6, 2.2) 18
[12:44:28.753]: (-0.4, 1.6, 2.2) 18
[12:44:28.777]: (-0.4, 1.6, 2.2) 18
[12:44:28.797]: (-0.4, 1.6, 2.2) 18
[12:44:28.820]: (-0.4, 1.6, 2.2) 18
[12:44:28.843]: (-0.4, 1.6, 2.2) 18
[12:44:28.860]: (-0.4, 1.6, 2.2) 18
[12:44:28.877]: (-0.4, 1.6, 2.2) 18
[12:44:28.893]: (-0.4, 1.6, 2.2) 18
[12:44:28.911]: (-0.4, 1.6, 2.2) 18
[12:44:28.928]: (-0.4, 1.6, 2.2) 18
[12:44:28.945]: (-0.4, 1.6, 2.2) 18
[12:44:28.962]: (-0.4, 1.6, 2.2) 18
[12:44:28.980]: (-0.4, 1.6, 2.2) 18
[12:44:28.997]: (-0.4, 1.6, 2.2) 18
[12:44:29.014]: (-0.4, 1.7, 2.2) 18
[12:44:29.032]: (-0.4, 1.6, 2.2) 18
[12:44:29.048]: (-0.4, 1.6, 2.2) 18
[12:44:29.065]: (-0.4, 1.6, 2.2) 18
[12:44:29.083]: (-0.4, 1.6, 2.2) 18
[12:44:29.099]: (-0.4, 1.6, 2.2) 18
[12:44:29.117]: (-0.4, 1.6, 2.3) 18
[12:44:29.133]: (-0.4, 1.6, 2.3) 18
[12:44:29.150]: (-0.4, 1.6, 2.2) 18
[12:44:29.167]: (-0.4, 1.6, 2.2) 18
[12:44:29.184]: (-0.4, 1.6, 2.2) 18
[12:44:29.202]: (-0.4, 1.6, 2.2) 18
[12:44:29.219]: (-0.4, 1.6, 2.2) 18
[12:44:29.238]: (-0.4, 1.6, 2.2) 18
[12:44:29.254]: (-0.4, 1.6, 2.2) 18
[12:44:29.301]: (0.5, 1.8, 2.8) 26
[12:44:29.530]: (1.1, 1.9, 3.3) 24
[12:44:29.553]: (1.1, 1.9, 3.3) 24
[12:44:29.575]: (1.0, 1.9, 3.3) 24
[12:44:29.664]: (0.8, 1.8, 2.9) 22
[12:44:29.686]: (0.8, 1.8, 2.9) 22
[12:44:29.709]: (0.7, 1.8, 2.9) 22
[12:44:29.730]: (0.8, 1.8, 2.9) 22
[12:44:29.752]: (0.8, 1.8, 2.9) 22
[12:44:29.769]: (0.8, 1.8, 2.9) 22
[12:44:29.788]: (0.7, 1.8, 2.9) 22
[12:44:29.805]: (0.7, 1.8, 3.0) 22
[12:44:29.823]: (0.8, 1.8, 2.9) 22
[12:44:29.839]: (0.8, 1.8, 2.9) 22
[12:44:29.856]: (0.7, 1.8, 3.0) 22
[12:44:29.902]: (0.5, 1.8, 2.8) 26
[12:44:29.964]: (-0.4, 1.6, 2.2) 18
[12:44:29.982]: (-0.4, 1.6, 2.2) 18
[12:44:30.001]: (-0.4, 1.6, 2.2) 18
[12:44:30.017]: (-0.5, 1.7, 2.4) 17
[12:44:30.033]: (-0.4, 1.6, 2.2) 18
[12:44:30.051]: (-0.4, 1.7, 2.2) 18
[12:44:30.067]: (-0.4, 1.7, 2.2) 18
[12:44:30.085]: (-0.4, 1.7, 2.2) 18
[12:44:30.374]: (-0.4, 1.7, 2.2) 18
[12:44:30.396]: (-0.4, 1.7, 2.2) 18
[12:44:30.441]: (-0.4, 1.7, 2.2) 18
[12:44:30.464]: (-0.4, 1.7, 2.2) 18
[12:44:30.485]: (-0.4, 1.7, 2.2) 18
[12:44:30.508]: (-0.4, 1.7, 2.2) 18
[12:44:30.530]: (-0.4, 1.7, 2.2) 18
[12:44:30.552]: (-0.4, 1.7, 2.2) 18
[12:44:30.578]: (-0.4, 1.7, 2.2) 18
[12:44:30.597]: (-0.4, 1.7, 2.2) 18
[12:44:30.619]: (-0.4, 1.7, 2.2) 18
[12:44:30.641]: (-0.4, 1.7, 2.2) 18
[12:44:30.663]: (-0.4, 1.7, 2.2) 18
[12:44:30.681]: (-0.4, 1.7, 2.2) 18
[12:44:30.697]: (-0.4, 1.7, 2.2) 18
[12:44:30.713]: (-0.4, 1.7, 2.2) 18
[12:44:30.730]: (-0.4, 1.7, 2.2) 18
[12:44:30.747]: (-0.4, 1.7, 2.2) 18
[12:44:30.764]: (-0.4, 1.7, 2.2) 18
[12:44:30.783]: (-0.4, 1.7, 2.2) 18
[12:44:30.801]: (-0.4, 1.7, 2.2) 18
[12:44:30.817]: (-0.4, 1.7, 2.2) 18
[12:44:30.833]: (-0.4, 1.7, 2.2) 18
[12:44:30.851]: (-0.4, 1.7, 2.2) 18
[12:44:30.868]: (-0.4, 1.7, 2.2) 18
[12:44:30.885]: (-0.4, 1.7, 2.2) 18
[12:44:30.901]: (-0.4, 1.7, 2.2) 18
[12:44:30.917]: (-0.4, 1.6, 2.2) 18
[12:44:30.933]: (-0.4, 1.7, 2.2) 18
[12:44:32.318]: (0.4, 1.5, 2.0) 2
[12:44:32.352]: (0.3, 1.5, 1.9) 2
[12:44:32.385]: (0.3, 1.5, 1.9) 2
[12:44:32.418]: (0.3, 1.4, 1.9) 2
[12:44:32.453]: (0.3, 1.4, 2.0) 2
[12:44:32.518]: (0.4, 1.5, 2.0) 2
[12:44:32.551]: (0.4, 1.5, 2.0) 2
[12:44:32.586]: (0.5, 1.5, 2.2) 5
[12:44:32.619]: (0.5, 1.5, 2.2) 5
[12:44:32.652]: (0.3, 1.5, 2.0) 2
[12:44:32.686]: (0.4, 1.4, 1.9) 2
[12:44:32.717]: (0.4, 1.5, 1.9) 2
[12:44:32.752]: (0.5, 1.5, 2.2) 5
[12:44:33.486]: (0.8, 1.7, 3.0) 22
[12:44:33.823]: (0.6, 1.9, 3.2) 20
[12:44:33.911]: (0.7, 1.9, 3.2) 20
[12:44:33.934]: (0.7, 1.9, 3.2) 20
[12:44:33.956]: (0.7, 1.9, 3.2) 20
[12:44:34.162]: (-0.5, 1.7, 2.4) 17
[12:44:34.180]: (-0.4, 1.6, 2.2) 18
[12:44:34.198]: (-0.4, 1.6, 2.2) 18
[12:44:34.231]: (-0.5, 1.6, 2.2) 18
[12:44:34.872]: (-0.5, 1.7, 2.4) 17
[12:44:35.122]: (-0.5, 1.5, 1.3) 15
[12:44:35.484]: (-0.5, 1.5, 1.3) 15
[12:44:35.506]: (-0.5, 1.7, 2.4) 17
[12:44:35.527]: (-0.5, 1.7, 2.4) 17
[12:44:35.550]: (-0.5, 1.7, 2.4) 17
[12:44:35.572]: (-0.5, 1.7, 2.4) 17
[12:44:35.594]: (-0.5, 1.7, 2.2) 18
[12:44:35.616]: (-0.5, 1.7, 2.2) 18
[12:44:35.639]: (-0.5, 1.7, 2.2) 18
[12:44:35.660]: (-0.5, 1.7, 2.2) 18
[12:44:35.685]: (-0.5, 1.7, 2.2) 18
[12:44:35.704]: (-0.5, 1.7, 2.4) 17
[12:44:35.728]: (-0.5, 1.7, 2.4) 17
[12:44:35.752]: (-0.5, 1.7, 2.4) 17
[12:44:35.773]: (-0.5, 1.7, 2.2) 18
[12:44:35.794]: (-0.5, 1.7, 2.2) 18
[12:44:35.816]: (-0.5, 1.7, 2.2) 18
[12:44:35.838]: (-0.5, 1.7, 2.4) 17
[12:44:35.860]: (-0.5, 1.7, 2.4) 17
[12:44:35.879]: (-0.5, 1.7, 2.4) 17
[12:44:35.896]: (-0.5, 1.7, 2.2) 18
[12:44:35.912]: (-0.5, 1.7, 2.4) 17
[12:44:35.928]: (-0.5, 1.7, 2.4) 17
[12:44:35.944]: (-0.5, 1.7, 2.4) 17
[12:44:35.959]: (-0.5, 1.7, 2.4) 17
[12:44:35.978]: (-0.5, 1.7, 2.4) 17
[12:44:35.998]: (-0.5, 1.7, 2.4) 17
[12:44:36.014]: (-0.5, 1.7, 2.4) 17
[12:44:36.032]: (-0.5, 1.7, 2.4) 17
[12:44:36.048]: (-0.5, 1.7, 2.4) 17
[12:44:36.066]: (-0.5, 1.7, 2.4) 17
[12:44:36.082]: (-0.5, 1.7, 2.4) 17
[12:44:36.100]: (-0.5, 1.7, 2.4) 17
[12:44:36.118]: (-0.5, 1.7, 2.4) 17
[12:44:36.136]: (-0.5, 1.7, 2.4) 17
[12:44:36.152]: (-0.5, 1.7, 2.4) 17
[12:44:36.168]: (-0.5, 1.7, 2.4) 17
[12:44:36.184]: (-0.5, 1.7, 2.4) 17
[12:44:36.200]: (-0.5, 1.7, 2.4) 17
[12:44:36.218]: (-0.5, 1.7, 2.4) 17
[12:44:36.234]: (-0.5, 1.7, 2.4) 17
[12:44:36.252]: (-0.5, 1.7, 2.4) 17
[12:44:36.269]: (-0.5, 1.7, 2.4) 17
[12:44:36.286]: (-0.5, 1.7, 2.4) 17
[12:44:36.303]: (-0.5, 1.7, 2.2) 18
[12:44:36.320]: (-0.5, 1.7, 2.2) 18
[12:44:36.335]: (-0.5, 1.7, 2.2) 18
[12:44:36.352]: (-0.5, 1.7, 2.2) 18
[12:44:36.372]: (-0.4, 1.7, 2.2) 18
[12:44:36.394]: (-0.4, 1.7, 2.2) 18
[12:44:36.416]: (-0.4, 1.7, 2.2) 18
[12:44:36.440]: (-0.5, 1.7, 2.2) 18
[12:44:36.460]: (-0.5, 1.7, 2.2) 18
[12:44:36.484]: (-0.5, 1.6, 2.2) 18
[12:44:36.506]: (-0.5, 1.6, 2.2) 18
[12:44:36.526]: (-0.5, 1.7, 2.2) 18
[12:44:36.550]: (-0.5, 1.7, 2.2) 18
[12:44:36.573]: (-0.5, 1.7, 2.2) 18
[12:44:36.594]: (-0.5, 1.7, 2.2) 18
[12:44:36.616]: (-0.5, 1.7, 2.4) 17
[12:44:36.638]: (-0.5, 1.7, 2.4) 17
[12:44:36.660]: (-0.5, 1.7, 2.2) 18
[12:44:36.682]: (-0.5, 1.7, 2.2) 18
[12:44:36.728]: (-0.1, 1.7, 2.5) 16
[12:44:36.766]: (0.7, 1.8, 3.0) 22
[12:44:36.782]: (0.7, 1.8, 3.0) 22
[12:44:36.800]: (0.7, 1.8, 2.9) 22
[12:44:36.818]: (0.7, 1.8, 2.9) 22
[12:44:36.834]: (0.8, 1.8, 3.0) 22
[12:44:36.852]: (0.8, 1.8, 2.9) 22
[12:44:36.869]: (0.8, 1.8, 2.9) 22
[12:44:36.886]: (0.8, 1.8, 2.9) 22
[12:44:36.906]: (0.8, 1.8, 2.9) 22
[12:44:36.952]: (0.8, 1.8, 2.9) 22
[12:44:36.968]: (0.8, 1.8, 2.9) 22
[12:44:36.986]: (0.8, 1.8, 2.9) 22
[12:44:37.004]: (0.8, 1.8, 2.9) 22
[12:44:37.293]: (0.3, 1.5, 2.0) 4
[12:44:37.383]: (0.3, 1.5, 2.0) 4
[12:44:37.470]: (-0.6, 1.4, 1.1) 7
[12:44:37.516]: (-0.7, 1.4, 1.2) 6
[12:44:37.538]: (-0.7, 1.4, 1.2) 6
[12:44:37.560]: (-0.7, 1.4, 1.1) 7
[12:44:37.584]: (-0.7, 1.4, 1.1) 7
[12:44:37.606]: (-0.7, 1.4, 1.1) 7
[12:44:37.622]: (-0.9, 1.4, 1.5) 14
[12:44:37.640]: (-0.6, 1.4, 1.1) 7
[12:44:37.672]: (-0.7, 1.4, 1.1) 7
[12:44:37.690]: (-0.7, 1.4, 1.1) 7
[12:44:37.706]: (-0.6, 1.4, 1.1) 7
[12:44:37.724]: (-0.7, 1.4, 1.1) 7
[12:44:37.740]: (-0.7, 1.4, 1.2) 6
[12:44:37.756]: (-0.9, 1.4, 1.5) 14
[12:44:37.774]: (-0.9, 1.3, 1.5) 14
[12:44:37.791]: (-0.8, 1.3, 1.3) 8
[12:44:37.806]: (-0.8, 1.3, 1.2) 8
[12:44:37.822]: (-0.8, 1.3, 1.2) 8
[12:44:37.840]: (-0.9, 1.3, 1.5) 14
[12:44:37.905]: (-0.8, 1.3, 1.5) 14
[12:44:38.016]: (-0.7, 1.3, 1.2) 6
[12:44:38.037]: (-0.7, 1.3, 1.3) 6
[12:44:38.060]: (-0.7, 1.3, 1.2) 6
[12:44:38.084]: (-0.7, 1.3, 1.2) 6
[12:44:38.104]: (-0.7, 1.3, 1.2) 6
[12:44:38.126]: (-0.7, 1.3, 1.2) 6
[12:44:38.149]: (-0.7, 1.3, 1.2) 6
[12:44:38.171]: (-0.7, 1.3, 1.2) 6
[12:44:38.192]: (-0.7, 1.3, 1.2) 6
[12:44:38.216]: (-0.7, 1.3, 1.2) 6
[12:44:38.237]: (-0.7, 1.3, 1.2) 6
[12:44:38.262]: (-0.7, 1.3, 1.2) 6
[12:44:38.282]: (-0.7, 1.3, 1.2) 6
[12:44:38.304]: (-0.7, 1.3, 1.2) 6
[12:44:38.327]: (-0.7, 1.3, 1.2) 6
[12:44:38.349]: (-0.7, 1.3, 1.2) 6
[12:44:38.370]: (-0.8, 1.3, 1.5) 14
[12:44:38.393]: (-0.8, 1.3, 1.5) 14
[12:44:38.416]: (-0.8, 1.3, 1.5) 14
[12:44:38.438]: (-0.8, 1.4, 1.5) 14
[12:44:38.460]: (-0.8, 1.3, 1.5) 14
[12:44:38.484]: (-0.8, 1.3, 1.5) 14
[12:44:38.504]: (-0.9, 1.3, 1.5) 14
[12:44:38.521]: (-0.8, 1.3, 1.5) 14
[12:44:38.538]: (-0.9, 1.3, 1.5) 14
[12:44:38.555]: (-0.8, 1.3, 1.5) 14
[12:44:38.620]: (-0.8, 1.3, 1.5) 14
[12:44:38.638]: (-0.8, 1.3, 1.5) 14
[12:44:38.655]: (-0.7, 1.3, 1.2) 6
[12:44:38.793]: (-0.4, 1.6, 2.3) 18
[12:44:38.839]: (-0.4, 1.6, 2.3) 18
[12:44:38.903]: (0.3, 1.5, 2.0) 4
[12:44:39.060]: (0.6, 1.4, 1.9) 1
[12:44:39.105]: (0.5, 1.4, 1.9) 1
[12:44:39.125]: (0.5, 1.4, 1.9) 1
[12:44:39.148]: (0.5, 1.4, 1.9) 1
[12:44:39.170]: (0.5, 1.4, 1.9) 1
[12:44:39.192]: (0.5, 1.4, 1.9) 0
[12:44:39.214]: (0.4, 1.4, 1.9) 0
[12:44:39.237]: (0.4, 1.4, 1.9) 0
[12:44:39.260]: (0.4, 1.4, 2.0) 0
[12:44:39.281]: (0.4, 1.4, 2.0) 2
[12:44:39.304]: (0.4, 1.4, 1.9) 2
[12:44:39.325]: (0.4, 1.4, 1.9) 2
[12:44:39.348]: (0.3, 1.4, 1.9) 2
[12:44:39.371]: (0.3, 1.4, 1.9) 2
[12:44:40.070]: (0.3, 1.4, 1.9) 2
[12:44:40.092]: (0.3, 1.4, 2.0) 2
[12:44:40.116]: (0.3, 1.4, 2.0) 2
[12:44:40.136]: (0.3, 1.4, 2.0) 2
[12:44:40.159]: (0.3, 1.4, 2.0) 2
[12:44:40.182]: (0.3, 1.4, 2.0) 2
[12:44:40.204]: (0.3, 1.4, 2.0) 2
[12:44:40.225]: (0.3, 1.4, 2.0) 2
[12:44:40.247]: (0.3, 1.4, 2.0) 2
[12:44:40.263]: (0.3, 1.4, 2.0) 2
[12:44:40.280]: (0.3, 1.4, 2.0) 2
[12:44:40.298]: (0.3, 1.4, 2.0) 2
[12:44:40.314]: (0.3, 1.4, 2.0) 2
[12:44:40.332]: (0.3, 1.4, 2.0) 2
[12:44:40.349]: (0.3, 1.4, 2.0) 2
[12:44:40.366]: (0.3, 1.4, 2.0) 2
[12:44:40.383]: (0.3, 1.4, 2.0) 2
[12:44:40.402]: (0.3, 1.4, 2.0) 2
[12:44:40.416]: (0.3, 1.4, 2.0) 2
[12:44:40.477]: (0.3, 1.4, 2.0) 2
[12:44:40.537]: (0.3, 1.4, 2.0) 2
[12:44:40.553]: (0.3, 1.4, 2.0) 2
[12:44:40.569]: (0.3, 1.4, 2.0) 2
[12:44:40.586]: (0.3, 1.4, 2.0) 2
[12:44:40.604]: (0.3, 1.4, 2.0) 2
[12:44:40.620]: (0.3, 1.4, 2.0) 2
[12:44:40.637]: (0.3, 1.4, 2.0) 2
[12:44:40.654]: (0.3, 1.4, 2.0) 2
[12:44:40.670]: (0.3, 1.4, 2.0) 2
[12:44:40.687]: (0.3, 1.4, 2.0) 2
[12:44:40.703]: (0.3, 1.4, 2.0) 2
[12:44:40.848]: (0.3, 1.4, 2.0) 2
[12:44:40.869]: (0.3, 1.4, 2.0) 2
[12:44:40.891]: (0.3, 1.4, 2.0) 2
[12:44:40.915]: (0.3, 1.4, 2.0) 2
[12:44:40.937]: (0.3, 1.4, 2.0) 2
[12:44:40.959]: (0.3, 1.4, 2.0) 2
[12:44:40.984]: (0.3, 1.4, 2.0) 2
[12:44:41.207]: (-0.4, 1.4, 1.3) 12
[12:44:41.225]: (-0.4, 1.4, 1.3) 12
[12:44:41.243]: (-0.4, 1.4, 1.3) 12
[12:44:41.261]: (-0.5, 1.4, 1.3) 12
[12:44:41.279]: (-0.5, 1.4, 1.3) 12
[12:44:41.297]: (-0.5, 1.4, 1.3) 12
[12:44:41.316]: (-0.5, 1.4, 1.3) 12
[12:44:41.334]: (-0.5, 1.4, 1.3) 12
[12:44:41.357]: (-0.5, 1.4, 1.3) 12
[12:44:41.375]: (-0.5, 1.4, 1.3) 12
[12:44:41.393]: (-0.5, 1.4, 1.3) 15
[12:44:41.411]: (-0.5, 1.4, 1.3) 15
[12:44:41.429]: (-0.5, 1.4, 1.3) 12
[12:44:41.462]: (-0.6, 1.4, 1.2) 6
[12:44:41.481]: (-0.7, 1.3, 1.2) 6
[12:44:41.500]: (-0.7, 1.3, 1.2) 6
[12:44:41.517]: (-0.7, 1.4, 1.2) 6
[12:44:41.535]: (-0.7, 1.3, 1.2) 6
[12:44:41.551]: (-0.7, 1.3, 1.2) 6
[12:44:41.569]: (-0.7, 1.3, 1.2) 6
[12:44:41.586]: (-0.7, 1.3, 1.2) 6
[12:44:41.605]: (-0.7, 1.3, 1.2) 6
[12:44:41.623]: (-0.7, 1.3, 1.2) 6
[12:44:41.641]: (-0.7, 1.3, 1.2) 6
[12:44:41.660]: (-0.6, 1.4, 1.3) 10
[12:44:41.759]: (0.3, 1.5, 2.0) 4
[12:44:41.782]: (0.3, 1.5, 2.0) 4
[12:44:41.803]: (0.3, 1.5, 2.0) 4
[12:44:41.827]: (0.3, 1.5, 2.0) 4
[12:44:41.848]: (0.3, 1.5, 2.0) 4
[12:44:41.870]: (0.3, 1.5, 2.0) 4
[12:44:41.892]: (0.3, 1.5, 2.0) 4
[12:44:41.914]: (0.3, 1.5, 2.0) 4
[12:44:41.937]: (0.3, 1.5, 2.0) 4
[12:44:41.959]: (0.3, 1.5, 2.0) 4
[12:44:41.982]: (0.3, 1.5, 2.0) 4
[12:44:42.116]: (0.8, 1.8, 3.0) 22
[12:44:42.135]: (0.8, 1.8, 3.0) 22
[12:44:42.187]: (0.8, 1.8, 2.9) 22
[12:44:42.205]: (0.8, 1.9, 3.0) 22
[12:44:42.221]: (0.8, 1.8, 2.9) 22
[12:44:42.238]: (0.8, 1.8, 2.9) 22
[12:44:42.255]: (0.8, 1.8, 3.0) 22
[12:44:42.270]: (0.7, 1.8, 3.0) 22
[12:44:42.287]: (0.8, 1.8, 2.9) 22
[12:44:42.302]: (0.7, 1.8, 3.0) 22
[12:44:42.319]: (0.7, 1.8, 3.0) 22
[12:44:42.338]: (0.7, 1.8, 3.0) 22
[12:44:42.355]: (0.7, 1.8, 3.0) 22
[12:44:42.374]: (0.7, 1.8, 3.0) 22
[12:44:42.436]: (-0.2, 1.7, 2.4) 16
[12:44:42.512]: (-0.4, 1.6, 2.2) 18
[12:44:42.529]: (-0.4, 1.6, 2.2) 18
[12:44:42.546]: (-0.4, 1.6, 2.2) 18
[12:44:42.567]: (-0.4, 1.6, 2.2) 18
[12:44:42.584]: (-0.4, 1.6, 2.2) 18
[12:44:42.600]: (-0.4, 1.6, 2.2) 18
[12:44:42.616]: (-0.4, 1.6, 2.2) 18
[12:44:42.636]: (-0.4, 1.6, 2.3) 18
[12:44:42.680]: (-0.4, 1.6, 2.3) 18
[12:44:42.769]: (0.3, 1.5, 2.0) 4
[12:44:42.791]: (0.3, 1.5, 2.0) 4
[12:44:42.813]: (0.3, 1.5, 2.0) 2
[12:44:42.835]: (0.3, 1.5, 2.0) 2
[12:44:42.858]: (0.3, 1.5, 2.0) 2
[12:44:42.880]: (0.3, 1.5, 2.0) 2
[12:44:42.903]: (0.3, 1.5, 2.0) 2
[12:44:42.925]: (0.3, 1.5, 2.0) 2
[12:44:42.947]: (0.3, 1.5, 2.0) 2
[12:44:42.969]: (0.3, 1.5, 2.0) 4
[12:44:42.991]: (0.3, 1.5, 2.0) 2
[12:44:43.013]: (0.3, 1.5, 2.0) 2
[12:44:43.035]: (0.3, 1.5, 2.0) 2
[12:44:43.052]: (0.3, 1.5, 2.0) 2
[12:44:43.070]: (0.3, 1.5, 2.0) 2
[12:44:43.087]: (0.3, 1.5, 2.0) 4
[12:44:43.104]: (0.3, 1.5, 2.0) 4
[12:44:43.122]: (0.3, 1.5, 2.0) 4
[12:44:43.139]: (0.3, 1.5, 2.0) 4
[12:44:43.154]: (0.3, 1.5, 2.0) 4
[12:44:43.170]: (0.3, 1.4, 2.1) 4
[12:44:43.187]: (0.3, 1.4, 2.1) 4
[12:44:43.204]: (0.3, 1.4, 2.0) 4
[12:44:43.222]: (0.3, 1.4, 2.1) 4
[12:44:43.237]: (0.3, 1.4, 1.9) 2
[12:44:43.253]: (0.3, 1.4, 1.9) 2
[12:44:43.268]: (0.3, 1.4, 1.9) 2
[12:44:43.285]: (0.3, 1.5, 1.9) 2
[12:44:43.302]: (0.3, 1.5, 1.9) 2
[12:44:43.319]: (0.3, 1.5, 1.9) 2
[12:44:43.335]: (0.3, 1.5, 1.9) 2
[12:44:43.352]: (0.3, 1.5, 1.9) 2
[12:44:43.370]: (0.3, 1.5, 1.9) 2
[12:44:43.390]: (0.3, 1.5, 1.9) 2
[12:44:43.406]: (0.3, 1.5, 1.9) 2
[12:44:43.423]: (0.3, 1.5, 1.9) 2
[12:44:43.439]: (0.3, 1.5, 1.9) 2
[12:44:43.455]: (0.3, 1.5, 1.9) 2
[12:44:43.472]: (0.3, 1.5, 1.9) 2
[12:44:43.490]: (0.3, 1.5, 1.9) 2
[12:44:43.513]: (0.3, 1.4, 1.9) 2
[12:44:43.535]: (0.3, 1.5, 1.9) 2
[12:44:43.557]: (0.3, 1.5, 1.9) 2
[12:44:43.580]: (0.3, 1.4, 1.9) 2
[12:44:43.603]: (0.3, 1.5, 1.9) 2
[12:44:43.626]: (0.3, 1.5, 1.9) 2
[12:44:43.647]: (0.3, 1.5, 1.9) 2
[12:44:43.669]: (0.3, 1.5, 1.9) 2
[12:44:43.691]: (0.3, 1.5, 1.9) 2
[12:44:43.714]: (0.3, 1.5, 1.9) 2
[12:44:43.736]: (0.3, 1.5, 1.9) 2
[12:44:43.758]: (0.3, 1.5, 1.9) 2
[12:44:43.779]: (0.3, 1.5, 1.9) 2
[12:44:43.801]: (0.3, 1.5, 1.9) 2
[12:44:43.824]: (0.3, 1.5, 1.9) 2
[12:44:43.846]: (0.3, 1.5, 1.9) 2
[12:44:43.868]: (0.3, 1.5, 2.0) 2
[12:44:44.813]: (0.8, 1.8, 2.9) 22
[12:44:44.836]: (0.8, 1.8, 2.9) 22
[12:44:44.854]: (0.8, 1.8, 2.9) 22
[12:44:44.871]: (0.8, 1.8, 2.9) 22
[12:44:44.888]: (0.8, 1.8, 2.9) 22
[12:44:44.904]: (0.8, 1.8, 2.9) 22
[12:44:45.391]: (-0.4, 1.6, 2.3) 18
[12:44:45.413]: (-0.4, 1.6, 2.3) 18
[12:44:45.435]: (-0.4, 1.6, 2.3) 18
[12:44:45.458]: (-0.4, 1.6, 2.2) 18
[12:44:45.480]: (-0.4, 1.6, 2.3) 18
[12:44:45.524]: (-0.4, 1.6, 2.3) 18
[12:44:45.636]: (-0.5, 1.4, 1.3) 15
[12:44:45.657]: (-0.6, 1.4, 1.3) 10
[12:44:45.840]: (-0.8, 1.3, 1.2) 8
[12:44:45.857]: (-0.8, 1.3, 1.2) 8
[12:44:45.874]: (-0.8, 1.3, 1.2) 8
[12:44:45.892]: (-0.8, 1.3, 1.2) 8
[12:44:45.908]: (-0.8, 1.3, 1.2) 8
[12:44:45.940]: (-0.8, 1.3, 1.2) 8
[12:44:45.958]: (-0.8, 1.3, 1.2) 8
[12:44:45.974]: (-0.8, 1.3, 1.2) 8
[12:44:45.993]: (-0.8, 1.3, 1.2) 8
[12:44:46.010]: (-0.8, 1.3, 1.2) 8
[12:44:46.026]: (-0.8, 1.3, 1.2) 8
[12:44:46.042]: (-0.8, 1.3, 1.3) 8
[12:44:46.121]: (-0.8, 1.3, 1.5) 14
[12:44:46.138]: (-0.8, 1.3, 1.5) 14
[12:44:46.156]: (-0.8, 1.3, 1.5) 14
[12:44:46.171]: (-0.7, 1.3, 1.2) 6
[12:44:46.191]: (-0.7, 1.3, 1.2) 6
[12:44:46.235]: (-0.5, 1.5, 1.3) 15
[12:44:46.257]: (-0.5, 1.5, 1.3) 15
[12:44:46.279]: (-0.5, 1.5, 1.3) 15
[12:44:46.302]: (-0.4, 1.5, 1.3) 15
[12:44:46.324]: (-0.4, 1.5, 1.3) 15
[12:44:46.346]: (-0.4, 1.5, 1.3) 15
[12:44:46.390]: (-0.5, 1.5, 1.3) 15
[12:44:46.412]: (-0.5, 1.5, 1.3) 15
[12:44:46.436]: (-0.4, 1.5, 1.3) 15
[12:44:46.458]: (-0.4, 1.5, 1.3) 15
[12:44:46.478]: (-0.4, 1.5, 1.3) 15
[12:44:46.501]: (-0.5, 1.5, 1.3) 15
[12:44:46.524]: (-0.5, 1.5, 1.3) 15
[12:44:46.545]: (-0.5, 1.5, 1.3) 15
[12:44:46.568]: (-0.7, 1.4, 1.2) 6
[12:44:46.642]: (-0.8, 1.3, 1.2) 8
[12:44:46.657]: (-0.8, 1.3, 1.2) 8
[12:44:46.702]: (-0.8, 1.3, 1.3) 8
[12:44:46.719]: (-0.8, 1.3, 1.3) 8
[12:44:46.737]: (-0.8, 1.3, 1.2) 8
[12:44:46.753]: (-0.8, 1.3, 1.2) 8
[12:44:46.770]: (-0.8, 1.3, 1.2) 8
[12:44:46.788]: (-0.8, 1.3, 1.2) 8
[12:44:46.806]: (-0.8, 1.3, 1.2) 8
[12:44:46.824]: (-0.8, 1.3, 1.2) 8
[12:44:46.842]: (-0.8, 1.3, 1.2) 8
[12:44:46.861]: (-0.8, 1.3, 1.2) 8
[12:44:46.878]: (-0.8, 1.3, 1.2) 8
[12:44:46.895]: (-0.8, 1.3, 1.2) 8
[12:44:46.912]: (-0.8, 1.3, 1.2) 8
[12:44:46.929]: (-0.8, 1.3, 1.2) 8
[12:44:46.948]: (-0.8, 1.3, 1.2) 8
[12:44:46.965]: (-0.8, 1.3, 1.2) 8
[12:44:47.000]: (-0.8, 1.3, 1.5) 14
[12:44:47.032]: (-0.9, 1.3, 1.5) 14
[12:44:47.049]: (-0.9, 1.3, 1.5) 14
[12:44:47.068]: (-0.9, 1.3, 1.5) 14
[12:44:47.091]: (-0.8, 1.3, 1.5) 14
[12:44:47.112]: (-0.8, 1.3, 1.5) 14
[12:44:47.134]: (-0.8, 1.3, 1.5) 14
[12:44:47.157]: (-0.7, 1.3, 1.2) 6
[12:44:47.245]: (0.3, 1.4, 2.0) 4
[12:44:47.267]: (0.3, 1.4, 1.9) 2
[12:44:47.291]: (0.4, 1.4, 1.9) 2
[12:44:47.312]: (0.4, 1.4, 1.9) 2
[12:44:47.335]: (0.4, 1.5, 1.9) 2
[12:44:47.358]: (0.3, 1.4, 1.9) 2
[12:44:47.380]: (0.4, 1.4, 1.9) 0
[12:44:47.401]: (0.4, 1.4, 1.9) 0
[12:44:47.423]: (0.4, 1.4, 1.9) 2
[12:44:47.445]: (0.4, 1.5, 1.9) 2
[12:44:47.469]: (0.4, 1.4, 1.9) 2
[12:44:47.489]: (0.4, 1.4, 1.9) 2
[12:44:47.511]: (0.4, 1.4, 1.9) 2
[12:44:47.535]: (0.3, 1.4, 2.0) 4
[12:44:47.551]: (0.3, 1.4, 2.0) 4
[12:44:47.567]: (0.3, 1.4, 2.1) 4
[12:44:47.584]: (0.3, 1.4, 2.0) 4
[12:44:47.601]: (0.3, 1.5, 2.0) 4
[12:44:47.618]: (0.3, 1.4, 2.0) 4
[12:44:47.635]: (0.2, 1.5, 2.0) 4
[12:44:47.653]: (0.3, 1.4, 2.0) 4
[12:44:47.669]: (0.4, 1.4, 2.0) 2
[12:44:47.685]: (0.4, 1.4, 1.9) 2
[12:44:47.716]: (0.4, 1.4, 1.9) 2
[12:44:47.732]: (0.4, 1.4, 2.0) 2
[12:44:47.747]: (0.4, 1.4, 2.0) 2
[12:44:47.763]: (0.4, 1.4, 2.0) 2
[12:44:47.781]: (0.3, 1.4, 1.9) 2
[12:44:47.797]: (0.4, 1.4, 1.9) 2
[12:44:47.814]: (0.4, 1.4, 1.9) 2
[12:44:47.831]: (0.4, 1.4, 1.9) 2
[12:44:47.849]: (0.4, 1.4, 1.9) 2
[12:44:47.866]: (0.4, 1.4, 1.9) 2
[12:44:47.882]: (0.3, 1.4, 1.9) 2
[12:44:47.900]: (0.3, 1.4, 1.9) 2
[12:44:47.917]: (0.3, 1.4, 1.9) 2
[12:44:47.934]: (0.3, 1.4, 1.9) 2
[12:44:47.950]: (0.3, 1.4, 1.9) 2
[12:44:47.967]: (0.3, 1.4, 1.9) 2
[12:44:47.991]: (0.3, 1.4, 1.9) 2
[12:44:48.011]: (0.3, 1.4, 1.9) 2
[12:44:48.034]: (0.3, 1.4, 1.9) 2
[12:44:48.056]: (0.3, 1.4, 1.9) 2
[12:44:48.078]: (0.3, 1.4, 1.9) 2
[12:44:48.101]: (0.3, 1.4, 1.9) 2
[12:44:48.122]: (0.3, 1.4, 1.9) 2
[12:44:48.145]: (0.3, 1.4, 1.9) 2
[12:44:48.167]: (0.3, 1.4, 1.9) 2
[12:44:48.191]: (0.3, 1.4, 1.9) 2
[12:44:54.960]: (1.7, 4.6, -0.9) 24
[12:44:54.992]: (1.7, 4.6, -0.9) 24
[12:44:55.025]: (1.7, 4.6, -0.9) 24
[12:44:55.042]: (1.7, 4.6, -0.9) 24
[12:44:55.058]: (1.4, 4.1, -0.8) 23
[12:44:55.107]: (1.0, 4.2, -1.0) 26
[12:44:55.142]: (1.0, 4.2, -1.0) 26
[12:44:55.165]: (1.0, 4.2, -1.0) 26
[12:44:55.343]: (0.0, 4.0, -1.2) 17
[12:44:55.365]: (0.0, 3.9, -1.2) 17
[12:44:55.408]: (0.0, 3.8, -1.1) 18
[12:44:55.431]: (0.0, 3.8, -1.1) 18
[12:44:55.520]: (0.0, 3.7, -1.1) 18
[12:44:56.654]: (0.9, 4.3, -0.6) 26
[12:44:56.696]: (0.9, 4.3, -0.5) 26
[12:44:56.735]: (0.6, 3.5, -0.5) 4
[12:44:56.776]: (0.6, 3.4, -0.3) 4
[12:44:57.544]: (0.0, 2.2, 2.0) 18
[12:44:57.575]: (0.0, 2.1, 2.0) 18
[12:44:57.611]: (-0.1, 2.1, 2.0) 18
[12:44:57.744]: (-0.3, 1.7, 1.2) 12
[12:44:57.778]: (-0.3, 1.7, 1.2) 12
[12:44:57.808]: (-0.3, 1.6, 1.2) 12
[12:44:57.845]: (-0.4, 1.6, 1.3) 12
[12:44:57.958]: (-0.4, 1.5, 1.3) 12
[12:44:57.983]: (-0.4, 1.5, 1.3) 12
[12:44:58.028]: (-0.4, 1.4, 1.3) 10
[12:44:58.167]: (-0.5, 1.2, 2.1) 19
[12:44:58.209]: (-0.5, 1.2, 2.1) 19
[12:44:58.231]: (-0.5, 1.1, 2.1) 19
[12:44:58.273]: (-0.6, 1.2, 1.2) 6
[12:44:58.298]: (-0.6, 1.2, 1.2) 6
[12:44:58.321]: (-0.6, 1.2, 1.2) 6
[12:44:58.347]: (-0.6, 1.2, 1.2) 6
[12:44:58.369]: (-0.6, 1.2, 1.2) 6
[12:44:58.414]: (-0.6, 1.2, 1.2) 10
[12:44:58.686]: (-0.3, 0.5, 1.8) 2
[12:44:58.710]: (-0.4, 0.4, 2.0) 5
[12:44:58.755]: (-0.4, 0.5, 1.9) 4
[12:44:58.819]: (-0.5, 0.6, 1.9) 4
[12:44:58.841]: (-0.4, 0.6, 1.9) 4
[12:44:58.864]: (-0.5, 0.6, 1.9) 4
[12:44:58.886]: (-0.5, 0.6, 1.9) 4
[12:44:58.908]: (-0.5, 0.6, 1.9) 4
[12:44:58.932]: (-0.5, 0.6, 1.9) 4
[12:44:59.020]: (-0.5, 0.5, 2.0) 5
[12:44:59.042]: (-0.5, 0.5, 2.0) 5
[12:44:59.064]: (-0.5, 0.5, 2.0) 5
[12:44:59.086]: (-0.5, 0.5, 2.0) 5
[12:44:59.111]: (-0.5, 0.6, 2.0) 5
[12:44:59.133]: (-0.5, 0.5, 2.0) 5
[12:44:59.156]: (-0.5, 0.6, 1.8) 0
[12:44:59.180]: (-0.5, 0.6, 1.8) 0
[12:44:59.388]: (-0.6, 0.9, 1.8) 2
[12:44:59.409]: (-0.8, 0.9, 2.0) 5
[12:44:59.431]: (-0.8, 0.9, 2.0) 5
[12:44:59.452]: (-0.8, 1.0, 2.0) 5
[12:44:59.475]: (-0.8, 1.0, 2.0) 5
[12:45:00.230]: (0.4, 1.5, 1.1) 8
[12:45:00.333]: (0.4, 1.4, 1.4) 11
[12:45:00.674]: (0.3, 1.3, 1.2) 10
[12:45:00.808]: (0.3, 1.3, 1.2) 10
[12:45:00.852]: (0.3, 1.3, 1.1) 6
[12:45:00.988]: (0.3, 1.3, 1.1) 10
[12:45:01.013]: (0.3, 1.3, 1.1) 10
[12:45:01.036]: (0.3, 1.3, 1.1) 10
[12:45:01.058]: (0.3, 1.3, 1.1) 10
[12:45:01.101]: (0.3, 1.3, 1.1) 10
[12:45:01.363]: (0.0, 1.5, 2.1) 18
[12:45:01.385]: (0.0, 1.5, 2.0) 18
[12:45:01.827]: (-0.8, 0.9, 2.0) 3
[12:45:01.849]: (-0.8, 0.9, 2.0) 3
[12:45:01.911]: (-0.7, 1.0, 2.0) 5
[12:45:01.934]: (-0.8, 0.9, 2.0) 3
[12:45:01.957]: (-0.7, 1.0, 2.0) 5
[12:45:01.980]: (-0.7, 1.0, 2.0) 5
[12:45:02.102]: (-1.3, 0.9, 3.2) 24
[12:45:02.125]: (-1.3, 0.9, 3.2) 24
[12:45:02.148]: (-1.3, 0.9, 3.2) 24
[12:45:02.275]: (-1.3, 0.9, 3.3) 24
[12:45:02.296]: (-1.3, 0.9, 3.2) 24
[12:45:02.319]: (-1.3, 0.9, 3.2) 24
[12:45:02.340]: (-1.3, 0.9, 3.2) 24
[12:45:02.364]: (-1.3, 0.9, 3.2) 24
[12:45:02.387]: (-1.3, 0.9, 3.2) 24
[12:45:02.651]: (-0.7, 0.9, 2.0) 3
[12:45:02.685]: (-0.7, 0.9, 2.0) 3
[12:45:02.719]: (-0.7, 0.9, 2.0) 3
[12:45:02.753]: (-0.7, 0.9, 1.8) 0
[12:45:02.784]: (-0.7, 0.9, 1.8) 0
[12:45:02.819]: (-0.7, 1.0, 1.8) 0
[12:45:02.851]: (-0.7, 1.0, 1.8) 0
[12:45:02.884]: (-0.7, 0.9, 1.8) 0
[12:45:02.919]: (-0.7, 0.9, 2.0) 3
[12:45:02.951]: (-0.7, 0.9, 2.0) 3
[12:45:02.986]: (-0.7, 0.9, 2.0) 3
[12:45:03.018]: (-0.6, 1.0, 2.0) 5
[12:45:03.050]: (-0.6, 1.0, 2.0) 5
[12:45:03.166]: (-0.6, 1.0, 2.0) 5
[12:45:03.190]: (-0.6, 1.0, 2.0) 5
[12:45:03.212]: (-0.6, 1.0, 2.0) 5
[12:45:03.234]: (-0.6, 1.0, 2.0) 5
[12:45:03.256]: (-0.6, 1.0, 2.0) 5
[12:45:03.278]: (-0.6, 1.0, 2.0) 5
[12:45:03.299]: (-0.7, 1.0, 2.0) 5
[12:45:03.321]: (-0.6, 1.0, 2.0) 5
[12:45:03.344]: (-0.6, 1.0, 2.0) 5
[12:45:03.365]: (-0.7, 1.0, 2.0) 5
[12:45:03.388]: (-0.6, 1.0, 2.0) 5
[12:45:03.410]: (-0.7, 0.9, 2.0) 3
[12:45:03.430]: (-0.7, 0.9, 1.8) 0
[12:45:03.450]: (-0.7, 0.9, 1.8) 0
[12:45:03.472]: (-0.7, 0.9, 1.8) 0
[12:45:03.494]: (-0.7, 0.9, 1.8) 0
[12:45:03.514]: (-0.7, 0.9, 1.8) 0
[12:45:03.535]: (-0.7, 0.9, 1.8) 0
[12:45:03.558]: (-0.7, 0.9, 1.8) 0
[12:45:03.579]: (-0.7, 0.9, 1.8) 0
[12:45:03.603]: (-0.7, 0.9, 1.8) 0
[12:45:03.624]: (-0.7, 0.9, 1.8) 0
[12:45:03.646]: (-0.7, 0.9, 1.8) 0
[12:45:03.669]: (-0.7, 0.9, 1.8) 0
[12:45:03.692]: (-0.7, 0.9, 1.8) 0
[12:45:03.712]: (-0.7, 0.9, 1.8) 0
[12:45:03.732]: (-0.7, 0.9, 1.8) 0
[12:45:03.754]: (-0.7, 0.9, 1.8) 0
[12:45:03.784]: (-0.7, 0.9, 2.0) 3
[12:45:04.350]: (0.5, 1.4, 1.3) 11
[12:45:04.439]: (0.4, 1.3, 1.1) 6
[12:45:04.461]: (0.4, 1.3, 1.1) 6
[12:45:04.483]: (0.5, 1.3, 1.3) 9
[12:45:04.505]: (0.4, 1.3, 1.1) 6
[12:45:04.527]: (0.4, 1.3, 1.1) 6
[12:45:04.549]: (0.4, 1.3, 1.1) 6
[12:45:04.572]: (0.4, 1.3, 1.1) 6
[12:45:04.617]: (0.3, 1.3, 1.1) 10
[12:45:04.638]: (0.3, 1.3, 1.1) 10
[12:45:04.660]: (0.3, 1.3, 1.1) 10
[12:45:04.683]: (0.3, 1.3, 1.1) 10
[12:45:04.705]: (0.3, 1.3, 1.1) 10
[12:45:04.729]: (0.3, 1.3, 1.1) 10
[12:45:04.751]: (0.3, 1.3, 1.1) 10
[12:45:04.772]: (0.4, 1.3, 1.1) 6
[12:45:04.794]: (0.3, 1.3, 1.1) 10
[12:45:04.816]: (0.4, 1.3, 1.1) 10
[12:45:04.842]: (0.4, 1.3, 1.1) 6
[12:45:04.866]: (0.3, 1.3, 1.1) 10
[12:45:04.888]: (0.4, 1.3, 1.1) 6
[12:45:04.913]: (0.4, 1.3, 1.1) 10
[12:45:04.937]: (0.4, 1.3, 1.1) 10
[12:45:04.957]: (0.4, 1.3, 1.1) 10
[12:45:04.980]: (0.4, 1.3, 1.1) 10
[12:45:05.002]: (0.4, 1.3, 1.1) 10
[12:45:05.024]: (0.3, 1.3, 1.1) 10
[12:45:05.044]: (0.4, 1.3, 1.1) 10
[12:45:05.066]: (0.3, 1.3, 1.1) 10
[12:45:05.088]: (0.3, 1.3, 1.1) 10
[12:45:05.111]: (0.3, 1.3, 1.1) 10
[12:45:05.131]: (0.3, 1.3, 1.1) 10
[12:45:05.151]: (0.3, 1.3, 1.1) 10
[12:45:05.173]: (0.3, 1.3, 1.1) 10
[12:45:05.195]: (0.3, 1.3, 1.1) 10
[12:45:05.215]: (0.3, 1.3, 1.1) 10
[12:45:05.416]: (-0.2, 1.5, 2.3) 16
[12:45:05.439]: (-0.2, 1.5, 2.3) 16
[12:45:05.460]: (-0.2, 1.5, 2.3) 16
[12:45:05.482]: (-0.2, 1.5, 2.3) 16
[12:45:05.527]: (-0.2, 1.5, 2.3) 16
[12:45:05.616]: (-0.2, 1.5, 2.3) 16
[12:45:05.639]: (-0.2, 1.5, 2.3) 16
[12:45:05.659]: (-0.2, 1.5, 2.3) 16
[12:45:06.014]: (-1.1, 1.0, 2.9) 22
[12:45:06.293]: (-1.3, 0.9, 3.0) 21
[12:45:06.316]: (-1.3, 0.9, 3.0) 21
[12:45:06.337]: (-1.3, 0.9, 3.0) 21
[12:45:06.360]: (-1.3, 0.9, 3.0) 21
[12:45:06.382]: (-1.3, 0.9, 3.0) 21
[12:45:06.404]: (-1.1, 0.9, 2.7) 23
[12:45:06.426]: (-0.7, 1.0, 2.0) 5
[12:45:06.449]: (-0.7, 1.0, 2.0) 5
[12:45:06.471]: (-0.7, 0.9, 2.0) 3
[12:45:06.493]: (-0.7, 1.0, 2.0) 5
[12:45:06.529]: (-0.7, 1.0, 2.0) 5
[12:45:06.545]: (-0.7, 1.0, 2.0) 5
[12:45:06.561]: (-0.7, 1.0, 2.0) 5
[12:45:06.577]: (-0.7, 1.0, 2.0) 5
[12:45:06.595]: (-0.7, 1.0, 2.0) 5
[12:45:06.612]: (-0.7, 1.0, 2.0) 5
[12:45:06.629]: (-0.6, 1.0, 2.0) 5
[12:45:06.647]: (-0.7, 1.0, 2.0) 5
[12:45:06.663]: (-0.6, 1.0, 1.8) 0
[12:45:06.680]: (-0.7, 1.0, 1.8) 0
[12:45:06.697]: (-0.6, 0.9, 1.8) 0
[12:45:06.715]: (-0.7, 0.9, 1.8) 0
[12:45:06.731]: (-0.7, 0.9, 2.0) 3
[12:45:06.749]: (-0.7, 0.9, 1.8) 0
[12:45:06.767]: (-0.7, 0.9, 1.8) 0
[12:45:06.783]: (-0.7, 1.0, 1.8) 0
[12:45:06.799]: (-0.7, 0.9, 2.0) 5
[12:45:06.815]: (-0.7, 0.9, 2.0) 3
[12:45:06.831]: (-0.6, 1.0, 1.8) 0
[12:45:06.850]: (-0.7, 1.0, 1.8) 0
[12:45:06.867]: (-0.7, 0.9, 1.8) 0
[12:45:06.883]: (-0.7, 0.9, 1.8) 0
[12:45:06.899]: (-0.7, 0.9, 1.8) 0
[12:45:06.917]: (-0.6, 0.9, 1.8) 0
[12:45:06.935]: (-0.6, 0.9, 1.8) 0
[12:45:06.952]: (-0.6, 0.9, 1.8) 0
[12:45:06.969]: (-0.7, 1.0, 2.0) 5
[12:45:06.989]: (-0.6, 1.0, 1.8) 0
[12:45:07.005]: (-0.6, 1.0, 2.0) 5
[12:45:07.020]: (-0.6, 1.0, 2.0) 5
[12:45:07.037]: (-0.6, 1.0, 2.0) 5
[12:45:07.061]: (-0.7, 0.9, 2.0) 3
[12:45:07.081]: (-0.7, 0.9, 2.0) 3
[12:45:07.105]: (-0.7, 0.9, 1.8) 0
[12:45:07.126]: (-0.7, 1.0, 1.8) 0
[12:45:07.148]: (-0.7, 0.9, 1.8) 0
[12:45:07.171]: (-0.7, 0.9, 1.8) 0
[12:45:07.193]: (-0.7, 0.9, 1.8) 0
[12:45:07.215]: (-0.7, 0.9, 1.8) 0
[12:45:07.237]: (-0.7, 0.9, 1.8) 0
[12:45:07.260]: (-0.6, 0.9, 1.8) 0
[12:45:07.282]: (-0.7, 0.9, 1.8) 0
[12:45:07.304]: (-0.7, 0.9, 1.8) 0
[12:45:07.326]: (-0.7, 0.9, 2.0) 3
[12:45:07.349]: (-0.7, 0.9, 1.8) 0
[12:45:07.370]: (-0.7, 0.9, 2.0) 3
[12:45:07.393]: (-0.7, 0.9, 1.8) 0
[12:45:07.415]: (-0.7, 0.9, 1.8) 0
[12:45:07.437]: (-0.7, 0.9, 1.8) 0
[12:45:07.456]: (-0.7, 0.9, 1.8) 0
[12:45:07.474]: (-0.7, 0.9, 1.8) 0
[12:45:07.491]: (-0.7, 0.9, 1.8) 0
[12:45:07.509]: (-0.7, 0.9, 1.8) 0
[12:45:07.525]: (-0.7, 0.9, 2.0) 3
[12:45:07.542]: (-0.7, 0.9, 2.0) 3
[12:45:07.557]: (-0.7, 1.0, 2.0) 5
[12:45:07.574]: (-0.7, 1.0, 2.0) 5
[12:45:07.590]: (-0.7, 0.9, 2.0) 3
[12:45:07.608]: (-0.7, 0.9, 2.0) 5
[12:45:07.624]: (-0.7, 0.9, 2.0) 5
[12:45:07.640]: (-0.6, 1.0, 2.0) 5
[12:45:07.657]: (-0.6, 1.0, 1.8) 0
[12:45:07.673]: (-0.7, 0.9, 1.8) 0
[12:45:07.690]: (-0.7, 1.0, 1.8) 0
[12:45:07.707]: (-0.7, 1.0, 2.0) 5
[12:45:07.723]: (-0.6, 1.0, 1.8) 2
[12:45:07.740]: (-0.6, 1.0, 1.9) 4
[12:45:07.758]: (-0.6, 1.0, 1.9) 2
[12:45:07.774]: (-0.6, 1.0, 1.8) 2
[12:45:07.791]: (-0.6, 1.0, 1.8) 2
[12:45:07.807]: (-0.6, 1.0, 1.8) 2
[12:45:07.823]: (-0.6, 1.0, 1.8) 2
[12:45:07.841]: (-0.6, 1.0, 1.8) 2
[12:45:07.858]: (-0.5, 1.0, 1.9) 2
[12:45:07.874]: (-0.6, 1.0, 2.0) 5
[12:45:07.890]: (-0.6, 1.0, 1.9) 2
[12:45:07.907]: (-0.5, 1.0, 1.8) 2
[12:45:07.926]: (-0.5, 1.0, 1.8) 2
[12:45:07.971]: (-0.6, 1.0, 1.9) 2
[12:45:07.994]: (-0.6, 1.0, 1.8) 2
[12:45:08.015]: (-0.6, 1.0, 1.8) 2
[12:45:08.037]: (-0.6, 1.0, 1.8) 2
[12:45:08.059]: (-0.5, 1.0, 1.8) 2
[12:45:08.081]: (-0.5, 1.0, 1.8) 2
[12:45:08.105]: (-0.5, 1.0, 1.8) 2
[12:45:08.125]: (-0.5, 1.0, 1.8) 2
[12:45:08.148]: (-0.5, 1.0, 1.8) 2
[12:45:08.170]: (-0.5, 1.0, 1.9) 2
[12:45:08.192]: (-0.5, 1.0, 1.8) 2
[12:45:08.215]: (-0.5, 1.0, 1.8) 2
[12:45:08.237]: (-0.5, 1.0, 1.8) 2
[12:45:08.260]: (-0.5, 1.0, 1.8) 2
[12:45:08.282]: (-0.5, 1.0, 1.9) 2
[12:45:08.304]: (-0.5, 1.0, 1.9) 4
[12:45:08.326]: (-0.5, 1.0, 1.9) 4
[12:45:08.343]: (-0.5, 1.0, 1.9) 4
[12:45:08.360]: (-0.5, 1.0, 1.9) 4
[12:45:08.377]: (-0.5, 1.0, 1.9) 4
[12:45:08.394]: (-0.5, 1.0, 1.9) 4
[12:45:08.412]: (-0.5, 1.0, 1.9) 4
[12:45:08.428]: (-0.5, 1.0, 1.9) 4
[12:45:08.445]: (-0.5, 1.0, 1.9) 4
[12:45:08.462]: (-0.5, 1.0, 1.9) 4
[12:45:08.480]: (-0.5, 1.0, 1.9) 4
[12:45:08.496]: (-0.5, 1.0, 1.9) 4
[12:45:08.513]: (-0.5, 1.0, 1.9) 4
[12:45:08.531]: (-0.5, 1.0, 1.9) 4
[12:45:08.549]: (-0.5, 1.0, 1.9) 4
[12:45:08.566]: (-0.5, 1.0, 1.9) 4
[12:45:08.583]: (-0.5, 1.0, 1.9) 4
[12:45:08.602]: (-0.6, 1.0, 1.9) 4
[12:45:08.619]: (-0.6, 1.0, 1.9) 4
[12:45:08.636]: (-0.6, 1.0, 1.9) 4
[12:45:08.652]: (-0.6, 1.0, 1.9) 4
[12:45:08.670]: (-0.6, 1.0, 1.9) 4
[12:45:08.686]: (-0.6, 1.0, 1.9) 4
[12:45:08.704]: (-0.6, 1.0, 1.9) 4
[12:45:08.720]: (-0.6, 1.0, 1.9) 4
[12:45:08.737]: (-0.6, 1.0, 1.9) 4
[12:45:08.754]: (-0.6, 1.0, 1.9) 4
[12:45:08.772]: (-0.6, 1.0, 1.9) 4
[12:45:08.789]: (-0.5, 1.0, 1.9) 4
[12:45:08.805]: (-0.5, 1.0, 1.9) 4
[12:45:08.823]: (-0.5, 1.0, 1.9) 4
[12:45:08.839]: (-0.5, 1.0, 1.9) 4
[12:45:08.858]: (-0.5, 1.0, 1.9) 4
[12:45:08.881]: (-0.5, 1.0, 1.9) 4
[12:45:08.903]: (-0.5, 1.0, 1.9) 4
[12:45:08.925]: (-0.6, 1.0, 1.9) 4
[12:45:08.948]: (-0.6, 1.0, 1.9) 4
[12:45:08.970]: (-0.6, 1.0, 1.9) 4
[12:45:08.993]: (-0.5, 1.0, 1.9) 4
[12:45:09.014]: (-0.5, 1.0, 1.9) 4
[12:45:09.037]: (-0.5, 1.0, 1.9) 4
[12:45:09.059]: (-0.5, 1.0, 1.9) 4
[12:45:09.081]: (-0.5, 1.0, 1.9) 4
[12:45:09.104]: (-0.5, 1.0, 1.9) 4
[12:45:09.125]: (-0.5, 1.0, 1.9) 4
[12:45:09.148]: (-0.5, 1.0, 1.9) 4
[12:45:09.170]: (-0.5, 1.0, 1.9) 4
[12:45:09.192]: (-0.6, 1.0, 1.9) 4
[12:45:09.214]: (-0.6, 1.0, 1.9) 4
[12:45:09.250]: (-0.7, 1.0, 1.9) 0
[12:45:09.266]: (-0.7, 1.0, 1.8) 0
[12:45:09.283]: (-0.7, 1.0, 1.8) 0
[12:45:09.301]: (-0.7, 1.0, 1.8) 0
[12:45:09.317]: (-0.7, 1.0, 1.8) 0
[12:45:09.335]: (-0.7, 1.0, 1.8) 0
[12:45:09.351]: (-0.7, 1.0, 1.8) 0
[12:45:09.369]: (-0.7, 1.0, 1.8) 0
[12:45:09.386]: (-0.7, 1.0, 1.8) 0
[12:45:09.403]: (-0.7, 1.0, 1.8) 0
[12:45:09.420]: (-0.7, 1.0, 1.8) 0
[12:45:09.437]: (-0.7, 1.0, 1.8) 0
[12:45:09.453]: (-0.7, 1.0, 1.8) 0
[12:45:09.469]: (-0.7, 1.0, 1.8) 0
[12:45:09.488]: (-0.7, 1.0, 1.8) 0
[12:45:09.506]: (-0.7, 1.0, 1.8) 0
[12:45:09.523]: (-0.7, 1.0, 1.8) 0
[12:45:09.539]: (-0.7, 0.9, 2.0) 3
[12:45:09.556]: (-0.7, 0.9, 2.0) 3
[12:45:09.573]: (-0.7, 0.9, 2.0) 3
[12:45:09.590]: (-0.7, 0.9, 2.0) 3
[12:45:09.608]: (-0.7, 0.9, 2.0) 3
[12:45:09.625]: (-0.7, 0.9, 2.0) 3
[12:45:09.643]: (-0.7, 0.8, 2.0) 3
[12:45:10.047]: (-0.6, 0.9, 1.8) 0
[12:45:10.070]: (-0.7, 1.0, 1.8) 0
[12:45:10.092]: (-0.6, 0.9, 1.8) 0
[12:45:10.114]: (-0.7, 1.0, 2.0) 5
[12:45:10.137]: (-0.7, 1.0, 1.8) 0
[12:45:10.159]: (-0.6, 1.0, 1.9) 0
[12:45:10.174]: (-0.6, 1.0, 1.8) 0
[12:45:10.190]: (-0.7, 1.0, 1.8) 0
[12:45:10.207]: (-0.7, 1.0, 1.8) 0
[12:45:10.226]: (-0.6, 1.0, 1.8) 0
[12:45:10.243]: (-0.6, 1.0, 1.8) 0
[12:45:10.260]: (-0.6, 1.0, 1.8) 0
[12:45:10.277]: (-0.6, 1.0, 1.8) 0
[12:45:10.294]: (-0.6, 1.0, 1.8) 0
[12:45:10.310]: (-0.6, 1.0, 1.8) 0
[12:45:10.327]: (-0.6, 1.0, 1.8) 0
[12:45:10.345]: (-0.7, 1.0, 1.8) 0
[12:45:10.377]: (-1.1, 0.9, 2.7) 23
[12:45:10.394]: (-1.2, 0.9, 2.7) 23
[12:45:10.410]: (-1.1, 0.9, 2.7) 23
[12:45:10.426]: (-1.1, 0.9, 2.7) 23
[12:45:10.442]: (-1.1, 0.9, 2.7) 23
[12:45:10.459]: (-1.1, 0.9, 2.7) 23
[12:45:10.475]: (-1.1, 0.9, 2.7) 23
[12:45:10.494]: (-1.1, 0.9, 2.7) 23
[12:45:10.512]: (-1.1, 0.9, 2.7) 23
[12:45:10.529]: (-1.1, 0.9, 2.7) 23
[12:45:10.546]: (-1.1, 0.9, 2.7) 23
[12:45:10.562]: (-1.1, 0.9, 2.7) 23
[12:45:10.579]: (-1.1, 0.9, 2.7) 23
[12:45:10.613]: (-0.6, 1.0, 1.8) 2
[12:45:10.637]: (-0.6, 1.0, 2.0) 5
[12:45:10.658]: (-0.6, 1.0, 1.8) 2
[12:45:10.682]: (-0.6, 1.0, 1.8) 2
[12:45:10.703]: (-0.6, 1.0, 1.8) 2
[12:45:10.724]: (-0.6, 1.0, 1.8) 2
[12:45:10.747]: (-0.6, 1.0, 1.8) 2
[12:45:10.769]: (-0.6, 1.0, 1.8) 2
[12:45:10.791]: (-0.5, 1.0, 1.8) 2
[12:45:10.813]: (-0.6, 1.0, 1.8) 2
[12:45:10.859]: (-0.6, 1.0, 2.0) 5
[12:45:10.881]: (-0.6, 1.0, 2.1) 5
[12:45:10.903]: (-0.6, 1.0, 2.0) 5
[12:45:10.926]: (-0.6, 1.0, 2.0) 5
[12:45:10.947]: (-0.6, 1.0, 2.0) 5
[12:45:10.969]: (-0.6, 1.0, 2.0) 5
[12:45:10.992]: (-0.6, 1.0, 2.0) 5
[12:45:11.014]: (-0.7, 0.9, 1.8) 0
[12:45:11.035]: (-0.7, 0.9, 1.8) 0
[12:45:11.053]: (-0.6, 1.0, 1.8) 0
[12:45:11.071]: (-0.7, 0.9, 1.8) 0
[12:45:11.088]: (-0.7, 0.9, 1.8) 0
[12:45:11.106]: (-0.7, 0.9, 1.8) 0
[12:45:11.123]: (-0.7, 0.9, 1.8) 0
[12:45:11.141]: (-0.7, 0.9, 1.8) 0
[12:45:11.157]: (-0.7, 0.9, 1.8) 0
[12:45:11.173]: (-0.7, 0.9, 1.8) 0
[12:45:11.191]: (-0.7, 0.9, 1.8) 0
[12:45:11.208]: (-0.7, 0.9, 1.8) 0
[12:45:11.225]: (-0.7, 0.9, 1.8) 0
[12:45:11.240]: (-0.7, 0.9, 1.8) 0
[12:45:11.260]: (-0.7, 0.9, 1.8) 0
[12:45:11.276]: (-0.7, 0.9, 1.8) 0
[12:45:11.293]: (-0.7, 0.9, 1.8) 0
[12:45:11.311]: (-0.7, 0.9, 1.8) 0
[12:45:11.327]: (-0.7, 0.9, 1.8) 0
[12:45:11.346]: (-0.7, 0.9, 1.8) 0
[12:45:11.362]: (-0.7, 0.9, 1.8) 0
[12:45:11.380]: (-0.7, 0.9, 1.8) 0
[12:45:11.396]: (-0.7, 0.9, 1.8) 0
[12:45:11.413]: (-0.7, 0.9, 1.8) 0
[12:45:11.429]: (-0.7, 0.9, 1.8) 0
[12:45:11.446]: (-0.7, 0.9, 1.8) 0
[12:45:11.462]: (-0.7, 0.9, 1.8) 0
[12:45:11.479]: (-0.7, 0.9, 1.8) 0
[12:45:11.496]: (-0.7, 0.9, 1.8) 0
[12:45:11.514]: (-0.7, 0.9, 2.0) 3
[12:45:11.531]: (-0.7, 1.0, 1.8) 0
[12:45:11.547]: (-0.7, 0.9, 1.8) 0
[12:45:11.569]: (-0.7, 1.0, 1.8) 0
[12:45:11.592]: (-0.7, 1.0, 1.8) 0
[12:45:11.615]: (-0.7, 1.0, 1.8) 0
[12:45:11.636]: (-0.7, 1.0, 1.8) 0
[12:45:11.657]: (-0.7, 0.9, 2.0) 3
[12:45:11.681]: (-0.7, 0.9, 1.8) 0
[12:45:11.705]: (-0.7, 0.8, 1.8) 1
[12:45:12.913]: (-0.7, 0.9, 1.8) 0
[12:45:12.933]: (-0.7, 0.9, 1.8) 0
[12:45:12.952]: (-0.7, 0.9, 1.8) 0
[12:45:12.970]: (-0.7, 0.9, 1.8) 0
[12:45:12.987]: (-0.7, 0.9, 1.8) 0
[12:45:13.006]: (-0.7, 0.9, 1.8) 0
[12:45:13.024]: (-0.7, 0.9, 1.8) 0
[12:45:13.045]: (-0.7, 0.9, 1.8) 0
[12:45:13.063]: (-0.7, 0.9, 1.8) 0
[12:45:13.081]: (-0.7, 0.9, 1.8) 0
[12:45:13.102]: (-0.7, 0.9, 1.8) 0
[12:45:13.121]: (-0.7, 0.9, 1.8) 0
[12:45:13.139]: (-0.7, 0.9, 1.8) 0
[12:45:13.157]: (-0.7, 0.9, 1.8) 0
[12:45:13.174]: (-0.7, 0.9, 1.8) 0
[12:45:13.193]: (-0.7, 0.9, 1.8) 0
[12:45:13.211]: (-0.7, 0.9, 1.8) 0
[12:45:13.228]: (-0.7, 0.9, 1.8) 0
[12:45:13.246]: (-0.7, 0.9, 1.8) 0
[12:45:13.263]: (-0.7, 0.9, 1.8) 0
[12:45:13.282]: (-0.7, 0.9, 1.8) 0
[12:45:13.300]: (-0.7, 0.9, 1.8) 0
[12:45:13.318]: (-0.7, 0.9, 1.8) 0
[12:45:13.337]: (-0.7, 0.9, 1.8) 0
[12:45:13.358]: (-0.7, 0.9, 1.8) 0
[12:45:13.381]: (-0.7, 0.9, 1.8) 0
[12:45:13.402]: (-0.7, 0.9, 1.8) 0
[12:45:13.424]: (-0.7, 0.9, 1.8) 0
[12:45:13.447]: (-0.6, 0.9, 1.8) 0
[12:45:13.468]: (-0.6, 0.9, 1.8) 0
[12:45:13.493]: (-0.6, 0.9, 1.8) 0
[12:45:13.513]: (-0.6, 0.9, 1.8) 0
[12:45:13.536]: (-0.6, 0.9, 1.8) 0
[12:45:13.558]: (-0.6, 0.9, 1.8) 0
[12:45:13.579]: (-0.6, 0.9, 1.8) 0
[12:45:13.602]: (-0.6, 0.9, 1.8) 0
[12:45:13.625]: (-0.6, 0.9, 1.8) 0
[12:45:13.647]: (-0.6, 0.9, 1.8) 0
[12:45:13.668]: (-0.6, 0.9, 1.8) 0
[12:45:13.691]: (-0.6, 0.9, 1.8) 0
[12:45:13.710]: (-0.6, 0.9, 1.8) 0
[12:45:13.729]: (-0.7, 0.9, 1.8) 0
[12:45:13.750]: (-0.7, 0.9, 1.8) 0
[12:45:13.766]: (-0.7, 0.9, 1.8) 0
[12:45:13.783]: (-0.7, 0.9, 1.8) 0
[12:45:13.800]: (-0.7, 0.9, 1.8) 0
[12:45:13.818]: (-0.7, 0.9, 1.8) 0
[12:45:13.836]: (-0.7, 0.9, 1.8) 0
[12:45:13.854]: (-0.7, 0.9, 1.8) 0
[12:45:13.871]: (-0.7, 0.9, 1.8) 0
[12:45:13.890]: (-0.7, 0.9, 1.8) 0
[12:45:13.907]: (-0.7, 0.9, 1.8) 0
[12:45:13.928]: (-0.7, 0.9, 1.8) 0
[12:45:13.948]: (-0.7, 0.9, 2.0) 3
[12:45:14.326]: (-0.6, 0.9, 1.8) 0
[12:45:14.349]: (-0.6, 0.9, 1.8) 0
[12:45:14.370]: (-0.6, 0.9, 1.8) 0
[12:45:14.390]: (-0.6, 0.9, 1.8) 0
[12:45:14.412]: (-0.6, 0.9, 1.8) 0
[12:45:14.435]: (-0.6, 0.9, 1.8) 0
[12:45:14.456]: (-0.6, 0.9, 1.8) 0
[12:45:14.479]: (-0.6, 0.9, 1.8) 0
[12:45:14.501]: (-0.6, 0.9, 1.8) 2
[12:45:14.523]: (-0.6, 0.9, 1.8) 2
[12:45:14.546]: (-0.6, 0.9, 1.8) 2
[12:45:14.569]: (-0.6, 0.9, 1.8) 2
[12:45:14.590]: (-0.6, 0.9, 1.8) 2
[12:45:14.612]: (-0.6, 0.9, 1.8) 2
[12:45:14.636]: (-0.6, 0.9, 1.8) 2
[12:45:14.652]: (-0.6, 0.9, 1.8) 0
[12:45:14.669]: (-0.6, 0.9, 1.8) 2
[12:45:14.685]: (-0.6, 0.9, 1.8) 0
[12:45:14.702]: (-0.6, 0.9, 1.8) 0
[12:45:14.717]: (-0.6, 0.9, 1.8) 0
[12:45:14.734]: (-0.6, 0.9, 1.8) 0
[12:45:14.750]: (-0.6, 0.9, 1.8) 0
[12:45:14.769]: (-0.6, 0.9, 1.8) 0
[12:45:14.786]: (-0.6, 0.9, 1.8) 0
[12:45:14.803]: (-0.6, 0.9, 1.8) 0
[12:45:14.820]: (-0.6, 0.9, 1.8) 0
[12:45:14.836]: (-0.6, 0.9, 1.8) 0
[12:45:14.854]: (-0.6, 0.9, 1.8) 0
[12:45:14.871]: (-0.6, 0.9, 1.8) 0
[12:45:14.887]: (-0.6, 0.9, 1.8) 0
[12:45:14.904]: (-0.6, 0.9, 1.8) 0
[12:45:14.920]: (-0.6, 0.9, 1.8) 0
[12:45:14.938]: (-0.6, 0.9, 1.8) 0
[12:45:14.955]: (-0.6, 0.9, 1.8) 0
[12:45:14.971]: (-0.6, 0.9, 1.8) 0
[12:45:14.988]: (-0.6, 0.9, 1.8) 0
[12:45:15.005]: (-0.6, 0.9, 1.8) 0
[12:45:15.020]: (-0.6, 0.9, 1.8) 0
[12:45:15.038]: (-0.7, 1.0, 1.8) 0
[12:45:15.053]: (-0.7, 0.9, 1.8) 0
[12:45:15.070]: (-0.7, 0.9, 1.8) 0
[12:45:15.092]: (-0.7, 0.9, 2.0) 3
[12:45:15.112]: (-0.7, 0.9, 2.0) 3
[12:45:15.135]: (-0.7, 0.9, 2.0) 3
[12:45:15.156]: (-0.7, 0.9, 2.0) 3
[12:45:15.180]: (-0.7, 0.9, 2.0) 3
[12:45:15.202]: (-0.7, 0.9, 2.0) 3
[12:45:15.224]: (-0.7, 0.9, 2.0) 3
[12:45:15.246]: (-0.7, 0.9, 1.8) 0
[12:45:15.268]: (-0.7, 0.9, 1.8) 0
[12:45:15.290]: (-0.7, 1.0, 1.8) 0
[12:45:15.312]: (-0.7, 1.0, 1.8) 0
[12:45:15.334]: (-0.7, 1.0, 1.8) 0
[12:45:15.358]: (-0.7, 1.0, 1.8) 0
[12:45:15.381]: (-0.7, 1.0, 1.8) 0
[12:45:15.401]: (-0.7, 1.0, 1.8) 0
[12:45:15.424]: (-0.7, 0.9, 1.8) 0
[12:45:15.446]: (-0.7, 0.9, 2.0) 3
[12:45:15.467]: (-0.7, 0.9, 2.0) 3
[12:45:15.490]: (-0.7, 0.9, 2.0) 3
[12:45:15.512]: (-0.7, 0.9, 2.0) 3
[12:45:15.534]: (-0.7, 0.9, 2.0) 3
[12:45:15.557]: (-0.7, 0.9, 2.0) 3
[12:45:15.573]: (-0.7, 0.9, 2.0) 3
[12:45:15.591]: (-0.7, 0.9, 2.0) 3
[12:45:15.608]: (-0.7, 0.9, 2.0) 3
[12:45:15.626]: (-0.7, 0.9, 2.0) 3
[12:45:15.644]: (-0.7, 0.9, 2.0) 3
[12:45:15.661]: (-0.7, 0.9, 2.0) 3
[12:45:15.679]: (-0.7, 0.9, 2.0) 3
[12:45:15.696]: (-0.7, 0.9, 2.0) 3
[12:45:15.715]: (-0.7, 0.9, 2.0) 3
[12:45:15.731]: (-1.1, 0.9, 2.8) 23
[12:45:15.748]: (-1.2, 0.9, 2.7) 23
[12:45:15.765]: (-1.2, 0.9, 2.7) 23
[12:45:15.781]: (-1.1, 0.9, 2.7) 23
[12:45:15.798]: (-1.1, 0.9, 2.7) 23
[12:45:15.815]: (-1.1, 0.9, 2.7) 23
[12:45:15.831]: (-1.1, 0.9, 2.7) 23
[12:45:15.848]: (-1.1, 0.9, 2.7) 23
[12:45:15.863]: (-1.1, 0.9, 2.7) 23
[12:45:15.956]: (0.4, 1.4, 1.1) 6
[12:45:16.046]: (0.6, 1.3, 1.3) 9
[12:45:16.134]: (0.4, 1.3, 1.1) 6
[12:45:16.156]: (0.3, 1.3, 1.1) 10
[12:45:16.178]: (0.4, 1.3, 1.1) 6
[12:45:16.201]: (0.4, 1.3, 1.1) 10
[12:45:16.223]: (0.3, 1.3, 1.1) 10
[12:45:16.245]: (0.3, 1.3, 1.1) 10
[12:45:16.268]: (0.3, 1.3, 1.1) 10
[12:45:16.289]: (0.3, 1.3, 1.1) 10
[12:45:16.312]: (0.4, 1.3, 1.1) 10
[12:45:16.334]: (0.3, 1.3, 1.1) 10
[12:45:16.357]: (0.4, 1.3, 1.1) 10
[12:45:16.379]: (0.4, 1.3, 1.1) 10
[12:45:16.400]: (0.4, 1.3, 1.1) 6
[12:45:16.423]: (0.4, 1.3, 1.1) 10
[12:45:16.445]: (0.3, 1.3, 1.1) 10
[12:45:16.468]: (0.3, 1.3, 1.1) 10
[12:45:16.594]: (0.1, 1.5, 2.1) 18
[12:45:16.613]: (0.1, 1.5, 2.1) 18
[12:45:16.631]: (0.1, 1.5, 2.1) 18
[12:45:16.648]: (0.0, 1.5, 2.0) 18
[12:45:16.665]: (0.0, 1.5, 2.0) 18
[12:45:16.682]: (0.0, 1.5, 2.1) 18
[12:45:16.699]: (0.1, 1.5, 2.1) 18
[12:45:16.715]: (0.1, 1.5, 2.1) 18
[12:45:16.744]: (0.0, 1.5, 2.1) 18
[12:45:16.761]: (0.0, 1.5, 2.1) 18
[12:45:16.777]: (0.0, 1.5, 2.1) 18
[12:45:16.793]: (0.0, 1.5, 2.1) 18
[12:45:16.811]: (0.0, 1.5, 2.1) 18
[12:45:16.826]: (0.0, 1.5, 2.1) 18
[12:45:16.842]: (0.0, 1.5, 2.1) 18
[12:45:16.905]: (-0.7, 1.0, 2.0) 5
[12:45:16.922]: (-0.7, 0.9, 2.0) 3
[12:45:16.947]: (-0.8, 0.9, 2.0) 3
[12:45:16.989]: (-0.8, 0.9, 1.9) 3
[12:45:17.013]: (-0.7, 0.9, 2.0) 3
[12:45:17.033]: (-0.8, 0.9, 2.0) 3
[12:45:17.057]: (-0.8, 0.9, 2.0) 3
[12:45:17.123]: (-0.8, 0.9, 2.0) 3
[12:45:17.168]: (-0.8, 0.9, 2.0) 3
[12:45:17.189]: (-0.8, 0.9, 2.0) 3
[12:45:17.212]: (-0.7, 0.9, 2.0) 3
[12:45:17.235]: (-0.7, 0.9, 2.0) 3
[12:45:17.256]: (-0.7, 1.0, 2.0) 3
[12:45:17.278]: (-0.7, 1.0, 2.0) 3
[12:45:17.301]: (-0.7, 0.9, 2.0) 3
[12:45:17.323]: (-0.7, 0.9, 2.0) 3
[12:45:17.344]: (-0.7, 0.9, 2.0) 3
[12:45:17.361]: (-0.7, 0.9, 2.0) 3
[12:45:17.377]: (-0.7, 0.9, 2.0) 3
[12:45:17.394]: (-0.7, 0.9, 2.0) 3
[12:45:17.413]: (-0.7, 0.9, 2.0) 3
[12:45:17.429]: (-0.7, 0.9, 2.0) 3
[12:45:17.492]: (-1.0, 1.0, 2.9) 22
[12:45:18.199]: (0.5, 1.2, 1.1) 7
[12:45:18.217]: (0.4, 1.3, 1.1) 6
[12:45:18.234]: (0.4, 1.3, 1.1) 6
[12:45:18.251]: (0.4, 1.3, 1.1) 6
[12:45:18.268]: (0.4, 1.3, 1.1) 6
[12:45:18.285]: (0.4, 1.3, 1.1) 6
[12:45:18.301]: (0.4, 1.3, 1.1) 6
[12:45:18.318]: (0.4, 1.3, 1.1) 6
[12:45:18.335]: (0.4, 1.3, 1.1) 6
[12:45:18.353]: (0.4, 1.3, 1.1) 6
[12:45:18.385]: (0.4, 1.3, 1.1) 6
[12:45:18.403]: (0.4, 1.3, 1.1) 6
[12:45:18.421]: (0.4, 1.3, 1.1) 6
[12:45:18.439]: (0.4, 1.3, 1.1) 6
[12:45:18.561]: (0.4, 1.3, 1.1) 10
[12:45:18.577]: (0.3, 1.3, 1.1) 10
[12:45:18.593]: (0.3, 1.3, 1.1) 10
[12:45:18.611]: (0.3, 1.3, 1.1) 10
[12:45:18.628]: (0.4, 1.3, 1.1) 6
[12:45:18.647]: (0.4, 1.3, 1.1) 6
[12:45:18.666]: (0.4, 1.3, 1.1) 6
[12:45:18.689]: (0.4, 1.3, 1.1) 6
[12:45:18.712]: (0.4, 1.3, 1.1) 6
[12:45:18.734]: (0.4, 1.3, 1.1) 6
[12:45:18.756]: (0.4, 1.4, 1.1) 6
[12:45:18.777]: (0.4, 1.3, 1.1) 6
[12:45:18.799]: (0.4, 1.3, 1.1) 6
[12:45:18.822]: (0.4, 1.3, 1.1) 6
[12:45:18.845]: (0.4, 1.3, 1.1) 6
[12:45:18.866]: (0.4, 1.3, 1.1) 6
[12:45:18.889]: (0.4, 1.3, 1.1) 6
[12:45:18.911]: (0.4, 1.3, 1.1) 10
[12:45:18.934]: (0.3, 1.2, 1.2) 15
[12:45:18.955]: (0.3, 1.2, 1.2) 15
[12:45:18.977]: (0.3, 1.2, 1.2) 15
[12:45:19.000]: (0.3, 1.2, 1.2) 15
[12:45:19.021]: (0.3, 1.2, 1.2) 15
[12:45:19.045]: (0.3, 1.2, 1.2) 15
[12:45:19.066]: (0.3, 1.2, 1.2) 15
[12:45:19.088]: (0.3, 1.2, 1.2) 15
[12:45:19.111]: (0.3, 1.2, 1.2) 15
[12:45:19.127]: (0.3, 1.2, 1.2) 15
[12:45:19.145]: (0.3, 1.2, 1.2) 15
[12:45:19.160]: (0.3, 1.2, 1.2) 15
[12:45:19.178]: (0.3, 1.2, 1.2) 15
[12:45:19.197]: (0.3, 1.2, 1.2) 15
[12:45:19.214]: (0.3, 1.2, 1.2) 15
[12:45:19.229]: (0.3, 1.2, 1.2) 15
[12:45:19.245]: (0.3, 1.3, 1.1) 10
[12:45:20.345]: (0.3, 1.3, 1.1) 10
[12:45:20.361]: (0.3, 1.3, 1.1) 10
[12:45:20.378]: (0.3, 1.3, 1.1) 10
[12:45:20.393]: (0.3, 1.3, 1.1) 10
[12:45:20.411]: (0.3, 1.3, 1.1) 10
[12:45:20.432]: (0.3, 1.3, 1.1) 10
[12:45:20.567]: (0.5, 1.4, 1.4) 11
[12:45:20.701]: (0.3, 1.3, 1.1) 10
[12:45:20.721]: (0.3, 1.3, 1.1) 10
[12:45:20.744]: (0.3, 1.3, 1.1) 10
[12:45:20.765]: (0.3, 1.3, 1.1) 10
[12:45:20.788]: (0.3, 1.2, 1.1) 10
[12:45:20.811]: (0.3, 1.3, 1.1) 10
[12:45:20.878]: (0.4, 1.2, 1.1) 10
[12:45:20.895]: (0.3, 1.3, 1.1) 10
[12:45:20.913]: (0.3, 1.3, 1.1) 10
[12:45:20.930]: (0.3, 1.2, 1.1) 10
[12:45:20.947]: (0.3, 1.3, 1.1) 10
[12:45:20.963]: (0.3, 1.3, 1.1) 10
[12:45:20.980]: (0.3, 1.3, 1.1) 10
[12:45:20.997]: (0.3, 1.3, 1.1) 10
[12:45:21.015]: (0.3, 1.3, 1.1) 10
[12:45:21.032]: (0.3, 1.3, 1.1) 10
[12:45:21.049]: (0.3, 1.3, 1.1) 10
[12:45:21.081]: (0.3, 1.3, 1.1) 10
[12:45:21.676]: (-1.0, 1.0, 2.9) 22
[12:45:21.759]: (-1.0, 1.0, 2.9) 22
[12:45:21.776]: (-1.0, 1.0, 2.9) 22
[12:45:21.792]: (-1.0, 1.1, 2.9) 22
[12:45:22.242]: (0.0, 1.5, 2.1) 18
[12:45:22.266]: (0.1, 1.5, 2.1) 18
[12:45:22.287]: (0.1, 1.5, 2.1) 18
[12:45:22.310]: (0.1, 1.5, 2.1) 18
[12:45:22.802]: (0.0, 1.5, 2.0) 18
[12:45:22.819]: (0.1, 1.6, 2.2) 17
[12:45:22.836]: (0.0, 1.6, 2.1) 18
[12:45:22.854]: (0.1, 1.6, 2.1) 18
[12:45:22.872]: (0.0, 1.6, 2.1) 18
[12:45:22.889]: (0.0, 1.6, 2.1) 18
[12:45:22.907]: (0.0, 1.6, 2.1) 18
[12:45:22.923]: (0.0, 1.6, 2.1) 18
[12:45:22.940]: (0.0, 1.6, 2.1) 18
[12:45:22.957]: (0.0, 1.6, 2.1) 18
[12:45:22.973]: (0.0, 1.6, 2.1) 18
[12:45:22.993]: (0.0, 1.6, 2.1) 18
[12:45:23.011]: (0.0, 1.6, 2.3) 17
[12:45:23.028]: (0.0, 1.6, 2.1) 18
[12:45:23.044]: (0.0, 1.6, 2.1) 18
[12:45:23.065]: (0.0, 1.6, 2.1) 18
[12:45:23.087]: (0.0, 1.6, 2.1) 18
[12:45:23.110]: (0.0, 1.6, 2.1) 18
[12:45:23.132]: (0.0, 1.6, 2.1) 18
[12:45:23.153]: (0.0, 1.6, 2.1) 18
[12:45:23.175]: (0.0, 1.6, 2.1) 18
[12:45:23.198]: (0.0, 1.6, 2.1) 18
[12:45:23.220]: (0.0, 1.6, 2.1) 18
[12:45:23.244]: (0.0, 1.5, 2.1) 18
[12:45:23.264]: (0.0, 1.5, 2.1) 18
[12:45:23.287]: (0.0, 1.5, 2.1) 18
[12:45:23.311]: (0.0, 1.5, 2.1) 18
[12:45:23.331]: (0.0, 1.5, 2.1) 18
[12:45:23.353]: (0.0, 1.5, 2.1) 18
[12:45:23.377]: (0.0, 1.5, 2.1) 18
[12:45:23.397]: (0.0, 1.5, 2.1) 18
[12:45:23.420]: (0.0, 1.5, 2.1) 18
[12:45:23.443]: (0.0, 1.5, 2.1) 18
[12:45:23.464]: (0.0, 1.5, 2.1) 18
[12:45:23.487]: (0.0, 1.5, 2.1) 18
[12:45:23.509]: (0.0, 1.5, 2.1) 18
[12:45:23.526]: (0.0, 1.5, 2.1) 18
[12:45:23.543]: (0.0, 1.5, 2.1) 18
[12:45:23.561]: (0.0, 1.5, 2.1) 18
[12:45:23.578]: (0.0, 1.5, 2.1) 18
[12:45:23.595]: (0.0, 1.5, 2.1) 18
[12:45:23.613]: (0.0, 1.5, 2.1) 18
[12:45:23.631]: (0.0, 1.5, 2.1) 18
[12:45:23.648]: (0.0, 1.5, 2.1) 18
[12:45:23.665]: (0.0, 1.5, 2.1) 18
[12:45:23.681]: (0.0, 1.5, 2.1) 18
[12:45:23.699]: (0.0, 1.5, 2.1) 18
[12:45:23.718]: (0.0, 1.5, 2.1) 18
[12:45:23.737]: (0.0, 1.5, 2.1) 18
[12:45:23.754]: (0.0, 1.5, 2.1) 18
[12:45:23.771]: (0.0, 1.5, 2.1) 18
[12:45:23.787]: (0.0, 1.5, 2.1) 18
[12:45:23.803]: (0.0, 1.5, 2.1) 18
[12:45:23.821]: (0.0, 1.5, 2.1) 18
[12:45:23.837]: (0.0, 1.5, 2.1) 18
[12:45:23.854]: (0.0, 1.5, 2.1) 18
[12:45:23.871]: (0.0, 1.5, 2.1) 18
[12:45:23.889]: (0.0, 1.5, 2.1) 18
[12:45:23.905]: (0.0, 1.5, 2.1) 18
[12:45:23.921]: (0.0, 1.5, 2.1) 18
[12:45:23.937]: (0.0, 1.5, 2.1) 18
[12:45:23.953]: (0.0, 1.5, 2.1) 18
[12:45:23.976]: (0.0, 1.5, 2.1) 18
[12:45:23.998]: (0.0, 1.5, 2.1) 18
[12:45:24.019]: (0.0, 1.5, 2.1) 18
[12:45:24.042]: (0.0, 1.5, 2.1) 18
[12:45:24.064]: (0.0, 1.5, 2.1) 18
[12:45:24.087]: (0.0, 1.5, 2.1) 18
[12:45:24.109]: (0.0, 1.5, 2.1) 18
[12:45:24.134]: (0.0, 1.5, 2.1) 18
[12:45:24.157]: (0.0, 1.5, 2.1) 18
[12:45:24.179]: (0.0, 1.5, 2.1) 18
[12:45:24.197]: (0.0, 1.5, 2.1) 18
[12:45:24.221]: (0.0, 1.5, 2.1) 18
[12:45:24.241]: (0.0, 1.5, 2.1) 18
[12:45:24.264]: (0.0, 1.5, 2.1) 18
[12:45:24.287]: (0.0, 1.5, 2.1) 18
[12:45:24.308]: (0.0, 1.5, 2.1) 18
[12:45:24.330]: (0.0, 1.5, 2.1) 18
[12:45:24.354]: (0.0, 1.5, 2.1) 18
[12:45:24.376]: (0.0, 1.5, 2.1) 18
[12:45:24.397]: (0.0, 1.5, 2.1) 18
[12:45:24.415]: (0.0, 1.5, 2.1) 18
[12:45:24.431]: (0.0, 1.5, 2.0) 18
[12:45:24.447]: (0.0, 1.5, 2.0) 18
[12:45:24.463]: (0.0, 1.5, 2.0) 18
[12:45:24.481]: (0.0, 1.5, 2.1) 18
[12:45:24.497]: (0.0, 1.5, 2.0) 18
[12:45:24.515]: (0.0, 1.5, 2.0) 18
[12:45:24.532]: (0.0, 1.5, 2.0) 18
[12:45:24.548]: (0.0, 1.5, 2.0) 18
[12:45:24.566]: (0.0, 1.5, 2.0) 18
[12:45:24.583]: (0.0, 1.5, 2.0) 18
[12:45:24.601]: (0.0, 1.5, 2.0) 18
[12:45:24.619]: (0.0, 1.5, 2.0) 18
[12:45:24.636]: (0.0, 1.5, 2.1) 18
[12:45:24.653]: (0.0, 1.5, 2.1) 18
[12:45:24.672]: (0.0, 1.5, 2.1) 18
[12:45:24.690]: (0.0, 1.5, 2.1) 18
[12:45:24.707]: (0.0, 1.5, 2.0) 18
[12:45:24.724]: (0.0, 1.5, 2.1) 18
[12:45:24.741]: (0.0, 1.5, 2.1) 18
[12:45:24.759]: (0.0, 1.5, 2.1) 18
[12:45:24.776]: (0.0, 1.5, 2.1) 18
[12:45:24.794]: (0.0, 1.5, 2.1) 18
[12:45:24.810]: (0.0, 1.5, 2.1) 18
[12:45:24.827]: (0.0, 1.5, 2.0) 18
[12:45:24.844]: (0.0, 1.5, 2.0) 18
[12:45:24.860]: (0.0, 1.5, 2.0) 18
[12:45:24.877]: (0.0, 1.5, 2.0) 18
[12:45:24.893]: (0.0, 1.6, 2.0) 18
[12:45:24.911]: (0.0, 1.6, 2.1) 18
[12:45:24.929]: (0.0, 1.6, 2.1) 18
[12:45:24.952]: (0.0, 1.6, 2.1) 18
[12:45:24.976]: (0.0, 1.6, 2.1) 18
[12:45:24.999]: (0.0, 1.6, 2.1) 18
[12:45:25.019]: (0.0, 1.6, 2.1) 18
[12:45:25.042]: (0.1, 1.6, 2.2) 17
[12:45:25.063]: (0.1, 1.6, 2.2) 17
[12:45:25.086]: (0.1, 1.6, 2.2) 17
[12:45:25.108]: (0.0, 1.6, 2.1) 18
[12:45:25.130]: (0.0, 1.6, 2.1) 18
[12:45:25.153]: (0.0, 1.6, 2.1) 18
[12:45:25.174]: (0.0, 1.6, 2.1) 18
[12:45:25.197]: (0.1, 1.6, 2.2) 17
[12:45:25.219]: (0.0, 1.6, 2.1) 18
[12:45:25.241]: (0.1, 1.6, 2.2) 17
[12:45:25.263]: (0.1, 1.7, 2.2) 17
[12:45:25.285]: (0.1, 1.7, 2.2) 17
[12:45:25.308]: (0.1, 1.7, 2.2) 17
[12:45:25.330]: (0.1, 1.7, 2.2) 17
[12:45:25.348]: (0.1, 1.7, 2.2) 17
[12:45:25.365]: (0.1, 1.7, 2.2) 17
[12:45:25.382]: (0.0, 1.7, 2.2) 17
[12:45:25.400]: (0.0, 1.7, 2.2) 17
[12:45:25.674]: (0.1, 1.6, 2.2) 17
[12:45:25.691]: (0.0, 1.6, 2.2) 17
[12:45:25.708]: (0.0, 1.6, 2.2) 17
[12:45:25.724]: (0.0, 1.6, 2.3) 17
[12:45:25.740]: (0.0, 1.6, 2.2) 17
[12:45:25.757]: (0.0, 1.6, 2.1) 18
[12:45:25.776]: (0.0, 1.6, 2.1) 18
[12:45:25.818]: (0.0, 1.5, 2.1) 18
[12:45:25.841]: (0.0, 1.5, 2.1) 18
[12:45:25.885]: (0.0, 1.5, 2.1) 18
[12:45:26.662]: (-0.8, 1.2, 2.7) 26
[12:45:26.773]: (-1.0, 1.2, 3.1) 20
[12:45:26.818]: (-1.0, 1.2, 3.1) 20
[12:45:26.863]: (-1.0, 1.2, 3.1) 20
[12:45:26.885]: (-1.0, 1.2, 3.1) 20
[12:45:26.907]: (-1.0, 1.2, 3.1) 20
[12:45:26.930]: (-1.0, 1.2, 3.1) 20
[12:45:26.951]: (-1.0, 1.2, 3.1) 20
[12:45:26.997]: (-1.0, 1.1, 2.9) 22
[12:45:27.018]: (-1.0, 1.0, 2.9) 22
[12:45:27.040]: (-1.0, 1.1, 2.9) 22
[12:45:27.080]: (-1.0, 1.1, 2.9) 22
[12:45:27.175]: (-0.3, 1.5, 2.3) 16
[12:45:27.296]: (0.0, 1.5, 2.1) 18
[12:45:27.313]: (0.0, 1.6, 2.1) 18
[12:45:27.330]: (0.0, 1.6, 2.1) 18
[12:45:27.348]: (0.0, 1.6, 2.1) 18
[12:45:27.369]: (0.0, 1.6, 2.1) 18
[12:45:27.402]: (0.0, 1.6, 2.1) 18
[12:45:27.419]: (0.0, 1.6, 2.1) 18
[12:45:27.451]: (0.0, 1.5, 2.1) 18
[12:45:27.484]: (0.0, 1.5, 2.1) 18
[12:45:27.528]: (0.0, 1.6, 2.1) 18
[12:45:27.574]: (0.0, 1.6, 2.1) 18
[12:45:27.595]: (0.0, 1.6, 2.1) 18
[12:45:27.662]: (0.0, 1.6, 2.1) 18
[12:45:27.685]: (0.0, 1.6, 2.1) 18
[12:45:27.706]: (0.0, 1.6, 2.1) 18
[12:45:27.730]: (0.0, 1.6, 2.1) 18
[12:45:27.751]: (0.0, 1.6, 2.1) 18
[12:45:27.885]: (0.0, 1.5, 2.1) 18
[12:45:27.907]: (0.0, 1.5, 2.1) 18
[12:45:27.929]: (0.0, 1.5, 2.1) 18
[12:45:27.951]: (0.0, 1.5, 2.1) 18
[12:45:27.973]: (0.0, 1.5, 2.1) 18
[12:45:27.991]: (0.0, 1.5, 2.1) 18
[12:45:28.010]: (0.0, 1.5, 2.1) 18
[12:45:28.026]: (0.0, 1.5, 2.1) 18
[12:45:28.042]: (0.0, 1.5, 2.1) 18
[12:45:28.059]: (0.0, 1.5, 2.1) 18
[12:45:28.092]: (0.0, 1.5, 2.1) 18
[12:45:28.111]: (0.0, 1.5, 2.1) 18
[12:45:28.127]: (0.0, 1.5, 2.1) 18
[12:45:28.142]: (0.0, 1.5, 2.1) 18
[12:45:28.189]: (-0.2, 1.5, 2.3) 16
[12:45:28.328]: (-0.2, 1.5, 2.3) 16
[12:45:28.360]: (-0.2, 1.5, 2.3) 16
[12:45:28.375]: (-0.2, 1.5, 2.3) 16
[12:45:28.966]: (0.1, 1.6, 2.1) 18
[12:45:29.193]: (0.5, 1.4, 1.4) 11
[12:45:29.229]: (0.5, 1.4, 1.4) 11
[12:45:29.247]: (0.5, 1.4, 1.3) 11
[12:45:29.329]: (0.5, 1.4, 1.1) 8
[12:45:29.352]: (0.5, 1.4, 1.1) 8
[12:45:29.395]: (0.6, 1.5, 1.3) 11
[12:45:29.486]: (0.5, 1.5, 1.3) 11
[12:45:29.506]: (0.6, 1.4, 1.3) 11
[12:45:29.530]: (0.4, 1.4, 1.1) 6
[12:45:29.553]: (0.4, 1.4, 1.1) 6
[12:45:29.595]: (0.4, 1.4, 1.1) 6
[12:45:29.662]: (0.4, 1.4, 1.1) 6
[12:45:29.685]: (0.4, 1.4, 1.1) 6
[12:45:29.706]: (0.4, 1.3, 1.1) 6
[12:45:29.728]: (0.4, 1.3, 1.1) 6
[12:45:29.753]: (0.4, 1.3, 1.1) 6
[12:45:29.772]: (0.4, 1.3, 1.1) 6
[12:45:29.790]: (0.4, 1.4, 1.1) 6
[12:45:29.808]: (0.4, 1.4, 1.1) 6
[12:45:29.825]: (0.4, 1.4, 1.1) 6
[12:45:29.845]: (0.4, 1.4, 1.1) 6
[12:45:29.863]: (0.4, 1.4, 1.1) 6
[12:45:29.898]: (0.4, 1.4, 1.1) 6
[12:45:29.915]: (0.4, 1.4, 1.1) 6
[12:45:29.949]: (0.4, 1.4, 1.1) 6
[12:45:30.053]: (0.4, 1.3, 1.1) 6
[12:45:30.073]: (0.4, 1.3, 1.1) 6
[12:45:30.090]: (0.4, 1.3, 1.1) 6
[12:45:30.109]: (0.4, 1.3, 1.1) 6
[12:45:30.129]: (0.4, 1.3, 1.1) 6
[12:45:30.148]: (0.4, 1.3, 1.1) 6
[12:45:30.167]: (0.4, 1.3, 1.1) 6
[12:45:30.186]: (0.4, 1.3, 1.1) 6
[12:45:30.205]: (0.4, 1.3, 1.1) 6
[12:45:30.223]: (0.4, 1.3, 1.1) 6
[12:45:30.651]: (0.3, 1.3, 1.1) 10
[12:45:30.673]: (0.3, 1.3, 1.1) 10
[12:45:30.695]: (0.3, 1.3, 1.1) 10
[12:45:30.717]: (0.3, 1.3, 1.1) 10
[12:45:30.738]: (0.3, 1.3, 1.1) 10
[12:45:30.755]: (0.4, 1.3, 1.1) 6
[12:45:30.771]: (0.4, 1.3, 1.1) 6
[12:45:30.789]: (0.4, 1.3, 1.1) 6
[12:45:30.806]: (0.4, 1.3, 1.1) 6
[12:45:30.823]: (0.4, 1.3, 1.1) 6
[12:45:30.840]: (0.4, 1.3, 1.1) 6
[12:45:30.859]: (0.4, 1.3, 1.1) 6
[12:45:30.875]: (0.4, 1.3, 1.1) 6
[12:45:30.892]: (0.4, 1.3, 1.1) 6
[12:45:30.909]: (0.4, 1.3, 1.1) 6
[12:45:30.926]: (0.4, 1.3, 1.1) 6
[12:45:30.943]: (0.4, 1.3, 1.1) 6
[12:45:30.959]: (0.4, 1.3, 1.1) 6
[12:45:30.977]: (0.4, 1.3, 1.1) 6
[12:45:30.995]: (0.4, 1.3, 1.1) 6
[12:45:31.013]: (0.4, 1.3, 1.1) 6
[12:45:31.030]: (0.4, 1.3, 1.1) 6
[12:45:31.046]: (0.4, 1.3, 1.1) 6
[12:45:31.062]: (0.4, 1.3, 1.1) 6
[12:45:31.079]: (0.4, 1.3, 1.1) 6
[12:45:31.097]: (0.4, 1.3, 1.1) 6
[12:45:31.115]: (0.4, 1.3, 1.1) 6
[12:45:31.131]: (0.4, 1.3, 1.1) 6
[12:45:31.149]: (0.4, 1.3, 1.1) 6
[12:45:31.166]: (0.4, 1.3, 1.1) 6
[12:45:31.182]: (0.4, 1.3, 1.1) 6
[12:45:31.205]: (0.4, 1.3, 1.1) 6
[12:45:31.228]: (0.4, 1.3, 1.1) 6
[12:45:31.251]: (0.4, 1.3, 1.1) 6
[12:45:31.272]: (0.4, 1.3, 1.1) 6
[12:45:31.294]: (0.4, 1.3, 1.1) 6
[12:45:31.317]: (0.4, 1.3, 1.1) 6
[12:45:31.338]: (0.3, 1.3, 1.1) 10
[12:45:31.361]: (0.3, 1.3, 1.1) 10
[12:45:31.383]: (0.3, 1.3, 1.1) 10
[12:45:31.405]: (0.3, 1.3, 1.1) 10
[12:45:31.428]: (0.3, 1.3, 1.1) 10
[12:45:31.450]: (0.3, 1.3, 1.1) 10
[12:45:31.472]: (0.3, 1.3, 1.1) 10
[12:45:31.495]: (0.3, 1.3, 1.1) 10
[12:45:31.516]: (0.3, 1.3, 1.1) 10
[12:45:31.539]: (0.3, 1.3, 1.1) 10
[12:45:31.561]: (0.3, 1.3, 1.1) 10
[12:45:31.583]: (0.3, 1.3, 1.1) 10
[12:45:31.606]: (0.3, 1.3, 1.1) 10
[12:45:31.627]: (0.3, 1.3, 1.1) 10
[12:45:31.650]: (0.3, 1.3, 1.1) 10
[12:45:31.667]: (0.3, 1.3, 1.1) 10
[12:45:31.685]: (0.3, 1.3, 1.1) 10
[12:45:31.703]: (0.4, 1.3, 1.1) 6
[12:45:31.720]: (0.4, 1.3, 1.1) 6
[12:45:31.739]: (0.4, 1.3, 1.1) 6
[12:45:31.758]: (0.4, 1.3, 1.1) 6
[12:45:31.776]: (0.4, 1.3, 1.1) 6
[12:45:31.794]: (0.4, 1.3, 1.1) 6
[12:45:31.813]: (0.4, 1.3, 1.1) 6
[12:45:31.829]: (0.4, 1.3, 1.1) 6
[12:45:31.847]: (0.4, 1.3, 1.1) 6
[12:45:31.862]: (0.4, 1.3, 1.1) 6
[12:45:31.881]: (0.4, 1.3, 1.1) 6
[12:45:31.897]: (0.4, 1.3, 1.1) 6
[12:45:31.916]: (0.4, 1.3, 1.1) 6
[12:45:31.933]: (0.4, 1.3, 1.1) 6
[12:45:31.951]: (0.4, 1.3, 1.1) 6
[12:45:31.968]: (0.4, 1.3, 1.1) 6
[12:45:31.987]: (0.4, 1.3, 1.1) 6
[12:45:32.003]: (0.4, 1.3, 1.1) 6
[12:45:32.019]: (0.4, 1.3, 1.1) 6
[12:45:32.037]: (0.4, 1.3, 1.1) 6
[12:45:32.054]: (0.4, 1.3, 1.1) 6
[12:45:32.071]: (0.4, 1.3, 1.1) 6
[12:45:32.088]: (0.4, 1.3, 1.1) 6
[12:45:32.105]: (0.4, 1.3, 1.1) 6
[12:45:32.128]: (0.4, 1.3, 1.1) 6
[12:45:32.149]: (0.4, 1.3, 1.1) 6
[12:45:32.173]: (0.4, 1.3, 1.1) 6
[12:45:32.194]: (0.4, 1.3, 1.1) 6
[12:45:32.217]: (0.4, 1.3, 1.1) 6
[12:45:32.238]: (0.4, 1.3, 1.1) 6
[12:45:32.260]: (0.4, 1.3, 1.1) 6
[12:45:32.356]: (0.4, 1.3, 1.1) 6
[12:45:32.378]: (0.4, 1.3, 1.1) 6
[12:45:32.396]: (0.4, 1.3, 1.1) 6
[12:45:32.413]: (0.4, 1.3, 1.1) 6
[12:45:32.445]: (0.4, 1.3, 1.1) 6
[12:45:32.462]: (0.4, 1.3, 1.1) 6
[12:45:32.482]: (0.4, 1.3, 1.1) 6
[12:45:32.506]: (0.4, 1.3, 1.1) 6
[12:45:32.528]: (0.4, 1.3, 1.1) 6
[12:45:32.550]: (0.4, 1.3, 1.1) 6
[12:45:32.571]: (0.4, 1.3, 1.1) 6
[12:45:32.593]: (0.4, 1.3, 1.1) 6
[12:45:32.617]: (0.4, 1.3, 1.1) 6
[12:45:32.639]: (0.4, 1.3, 1.1) 6
[12:45:32.658]: (0.4, 1.3, 1.1) 6
[12:45:32.674]: (0.3, 1.3, 1.1) 10
[12:45:32.691]: (0.3, 1.3, 1.1) 10
[12:45:32.707]: (0.3, 1.3, 1.1) 10
[12:45:32.724]: (0.3, 1.3, 1.1) 10
[12:45:32.741]: (0.3, 1.3, 1.1) 10
[12:45:32.758]: (0.3, 1.3, 1.1) 10
[12:45:32.775]: (0.3, 1.3, 1.1) 10
[12:45:32.793]: (0.3, 1.3, 1.1) 10
[12:45:32.810]: (0.3, 1.3, 1.1) 10
[12:45:32.827]: (0.3, 1.3, 1.1) 10
[12:45:32.845]: (0.3, 1.3, 1.1) 10
[12:45:32.863]: (0.3, 1.3, 1.1) 10
[12:45:32.879]: (0.3, 1.3, 1.1) 10
[12:45:32.895]: (0.3, 1.3, 1.1) 10
[12:45:32.913]: (0.3, 1.3, 1.1) 10
[12:45:32.930]: (0.3, 1.3, 1.1) 10
[12:45:32.947]: (0.3, 1.3, 1.1) 10
[12:45:32.963]: (0.3, 1.3, 1.1) 10
[12:45:32.980]: (0.3, 1.3, 1.1) 10
[12:45:33.000]: (0.3, 1.3, 1.1) 10
[12:45:33.018]: (0.3, 1.3, 1.1) 10
[12:45:33.035]: (0.3, 1.3, 1.1) 10
[12:45:33.052]: (0.3, 1.3, 1.1) 10
[12:45:33.069]: (0.3, 1.3, 1.1) 10
[12:45:33.084]: (0.3, 1.3, 1.1) 10
[12:45:33.105]: (0.3, 1.3, 1.1) 10
[12:45:33.126]: (0.3, 1.3, 1.1) 10
[12:45:33.149]: (0.3, 1.3, 1.1) 10
[12:45:33.172]: (0.3, 1.3, 1.1) 10
[12:45:33.193]: (0.3, 1.3, 1.1) 10
[12:45:33.217]: (0.3, 1.3, 1.1) 10
[12:45:33.238]: (0.2, 1.2, 1.2) 12
[12:45:33.260]: (0.2, 1.2, 1.2) 12
[12:45:33.282]: (0.2, 1.2, 1.2) 12
[12:45:33.304]: (0.2, 1.2, 1.2) 12
[12:45:33.328]: (0.2, 1.2, 1.2) 12
[12:45:33.350]: (0.2, 1.2, 1.2) 12
[12:45:33.371]: (0.2, 1.2, 1.2) 12
[12:45:33.394]: (0.2, 1.2, 1.2) 12
[12:45:33.416]: (0.2, 1.2, 1.2) 12
[12:45:33.438]: (0.2, 1.2, 1.2) 12
[12:45:33.460]: (0.2, 1.2, 1.2) 12
[12:45:33.482]: (0.2, 1.2, 1.2) 12
[12:45:33.505]: (0.2, 1.2, 1.2) 12
[12:45:33.527]: (0.2, 1.2, 1.2) 12
[12:45:33.548]: (0.2, 1.2, 1.2) 12
[12:45:33.572]: (0.2, 1.2, 1.2) 12
[12:45:33.589]: (0.2, 1.2, 1.2) 12
[12:45:33.606]: (0.2, 1.2, 1.2) 12
[12:45:33.624]: (0.2, 1.2, 1.2) 12
[12:45:33.642]: (0.2, 1.2, 1.2) 12
[12:45:33.659]: (0.2, 1.2, 1.2) 12
[12:45:33.676]: (0.2, 1.2, 1.2) 12
[12:45:33.692]: (0.2, 1.2, 1.2) 12
[12:45:33.708]: (0.2, 1.2, 1.2) 12
[12:45:33.725]: (0.2, 1.2, 1.2) 12
[12:45:33.742]: (0.2, 1.2, 1.2) 12
[12:45:33.759]: (0.2, 1.2, 1.2) 12
[12:45:33.775]: (0.2, 1.2, 1.2) 12
[12:45:33.793]: (0.2, 1.2, 1.2) 12
[12:45:33.809]: (0.2, 1.2, 1.2) 12
[12:45:33.826]: (0.2, 1.2, 1.2) 12
[12:45:33.842]: (0.2, 1.2, 1.2) 12
[12:45:33.859]: (0.2, 1.2, 1.2) 12
[12:45:33.876]: (0.2, 1.2, 1.2) 12
[12:45:33.893]: (0.2, 1.2, 1.2) 12
[12:45:33.913]: (0.2, 1.2, 1.2) 12
[12:45:33.931]: (0.2, 1.2, 1.2) 12
[12:45:33.949]: (0.2, 1.2, 1.2) 12
[12:45:33.964]: (0.2, 1.2, 1.2) 12
[12:45:33.982]: (0.2, 1.2, 1.2) 12
[12:45:34.370]: (0.4, 1.3, 1.1) 6
[12:45:34.392]: (0.4, 1.3, 1.1) 6
[12:45:34.417]: (0.4, 1.3, 1.1) 6
[12:45:34.438]: (0.4, 1.3, 1.1) 6
[12:45:34.460]: (0.4, 1.3, 1.1) 6
[12:45:34.483]: (0.4, 1.3, 1.1) 6
[12:45:34.501]: (0.4, 1.3, 1.1) 6
[12:45:34.517]: (0.4, 1.3, 1.1) 6
[12:45:34.535]: (0.4, 1.3, 1.1) 6
[12:45:34.553]: (0.4, 1.3, 1.1) 6
[12:45:34.571]: (0.4, 1.3, 1.1) 6
[12:45:34.587]: (0.4, 1.3, 1.1) 6
[12:45:34.606]: (0.4, 1.3, 1.1) 6
[12:45:34.623]: (0.4, 1.3, 1.1) 6
[12:45:34.640]: (0.4, 1.3, 1.1) 6
[12:45:34.656]: (0.4, 1.3, 1.1) 6
[12:45:34.674]: (0.4, 1.3, 1.1) 6
[12:45:34.692]: (0.4, 1.3, 1.1) 6
[12:45:34.708]: (0.4, 1.3, 1.1) 6
[12:45:34.726]: (0.4, 1.3, 1.1) 6
[12:45:34.743]: (0.4, 1.3, 1.1) 6
[12:45:34.759]: (0.4, 1.3, 1.1) 6
[12:45:34.774]: (0.4, 1.3, 1.1) 6
[12:45:34.790]: (0.4, 1.3, 1.1) 6
[12:45:34.808]: (0.4, 1.3, 1.1) 6
[12:45:34.826]: (0.4, 1.3, 1.1) 6
[12:45:34.843]: (0.4, 1.3, 1.1) 6
[12:45:34.861]: (0.4, 1.3, 1.1) 6
[12:45:34.879]: (0.4, 1.3, 1.1) 6
[12:45:34.894]: (0.4, 1.3, 1.1) 6
[12:45:34.912]: (0.4, 1.3, 1.1) 6
[12:45:34.929]: (0.4, 1.3, 1.1) 6
[12:45:34.948]: (0.4, 1.3, 1.1) 6
[12:45:34.964]: (0.4, 1.3, 1.1) 6
[12:45:34.981]: (0.4, 1.3, 1.1) 6
[12:45:35.001]: (0.4, 1.3, 1.1) 6
[12:45:35.019]: (0.4, 1.3, 1.1) 6
[12:45:35.037]: (0.4, 1.3, 1.1) 6
[12:45:35.060]: (0.4, 1.3, 1.1) 6
[12:45:35.082]: (0.4, 1.3, 1.1) 6
[12:45:35.105]: (0.4, 1.3, 1.1) 6
[12:45:35.126]: (0.4, 1.3, 1.1) 6
[12:45:35.148]: (0.4, 1.3, 1.1) 6
[12:45:35.171]: (0.4, 1.3, 1.1) 6
[12:45:35.196]: (0.4, 1.3, 1.1) 6
[12:45:35.216]: (0.4, 1.3, 1.1) 6
[12:45:35.238]: (0.4, 1.3, 1.1) 6
[12:45:35.260]: (0.4, 1.3, 1.1) 6
[12:45:35.282]: (0.4, 1.3, 1.1) 6
[12:45:35.305]: (0.5, 1.3, 1.3) 9
[12:45:35.490]: (0.2, 1.3, 1.1) 7
[12:45:35.513]: (0.1, 1.3, 1.1) 7
[12:45:35.535]: (0.1, 1.3, 1.2) 7
[12:45:35.616]: (0.1, 1.3, 1.3) 15
[12:45:35.638]: (0.1, 1.3, 1.3) 15
[12:45:35.678]: (0.0, 1.3, 1.2) 12
[12:45:35.698]: (0.0, 1.4, 1.2) 12
[12:45:36.031]: (0.1, 1.4, 2.3) 16
[12:45:36.192]: (0.2, 1.0, 1.9) 4
[12:45:36.215]: (0.1, 1.0, 1.9) 4
[12:45:36.434]: (-0.3, 1.5, 1.2) 12
[12:45:36.456]: (-0.3, 1.5, 1.2) 12
[12:45:36.478]: (-0.3, 1.5, 1.2) 12
[12:45:36.501]: (-0.3, 1.5, 1.2) 12
[12:45:36.543]: (-0.4, 1.5, 1.1) 10
[12:45:36.563]: (-0.4, 1.5, 1.2) 10
[12:45:36.584]: (-0.4, 1.5, 1.1) 10
[12:45:36.608]: (-0.4, 1.5, 1.1) 10
[12:45:36.632]: (-0.4, 1.5, 1.1) 10
[12:45:36.653]: (-0.4, 1.5, 1.1) 10
[12:45:36.696]: (-0.4, 1.4, 1.2) 10
[12:45:36.719]: (-0.4, 1.4, 1.2) 10
[12:45:36.740]: (-0.4, 1.5, 1.1) 10
[12:45:36.763]: (-0.5, 1.5, 1.1) 10
[12:45:36.785]: (-0.5, 1.5, 1.1) 6
[12:45:36.809]: (-0.5, 1.5, 1.1) 6
[12:45:36.830]: (-0.6, 1.5, 1.1) 6
[12:45:36.853]: (-0.6, 1.5, 1.1) 6
[12:45:36.879]: (-0.6, 1.5, 1.4) 11
[12:45:36.901]: (-0.6, 1.5, 1.4) 11
[12:45:36.921]: (-0.6, 1.4, 1.4) 11
[12:45:36.943]: (-0.7, 1.4, 1.4) 11
[12:45:36.968]: (-0.7, 1.4, 1.4) 11
[12:45:36.991]: (-0.7, 1.4, 1.4) 11
[12:45:37.013]: (-0.7, 1.4, 1.4) 11
[12:45:37.034]: (-0.7, 1.4, 1.4) 11
[12:45:37.053]: (-0.7, 1.3, 1.4) 11
[12:45:37.074]: (-0.7, 1.3, 1.4) 11
[12:45:37.105]: (-0.5, 1.2, 1.2) 6
[12:45:37.671]: (0.3, 0.7, 2.0) 5
[12:45:37.704]: (0.2, 0.8, 1.8) 2
[12:45:38.291]: (-0.3, 1.5, 2.1) 18
[12:45:38.492]: (-0.6, 0.8, 1.9) 4
[12:45:38.514]: (-0.6, 0.8, 1.9) 4
[12:45:38.536]: (-0.6, 0.8, 1.9) 4
[12:45:38.561]: (-0.6, 0.8, 1.9) 4
[12:45:38.629]: (-0.7, 0.8, 1.9) 4
[12:45:38.652]: (-0.8, 0.8, 1.8) 4
[12:45:39.154]: (-1.7, 0.7, 2.6) 22
[12:45:39.251]: (-1.9, 0.5, 2.9) 24
[12:45:39.275]: (-1.8, 0.4, 2.7) 21
[12:45:39.530]: (-1.8, 0.4, 2.7) 21
[12:45:39.547]: (-1.8, 0.4, 2.7) 21
[12:45:39.569]: (-1.8, 0.4, 2.7) 21
[12:45:39.592]: (-1.8, 0.4, 2.7) 21
[12:45:39.613]: (-1.8, 0.4, 2.7) 21
[12:45:39.636]: (-1.8, 0.4, 2.7) 21
[12:45:39.658]: (-1.8, 0.4, 2.7) 21
[12:45:39.680]: (-1.8, 0.4, 2.7) 21
[12:45:39.703]: (-1.8, 0.5, 2.7) 21
[12:45:39.724]: (-1.8, 0.4, 2.7) 21
[12:45:39.747]: (-1.8, 0.4, 2.7) 21
[12:45:39.813]: (-0.8, 1.3, 2.2) 16
[12:45:39.970]: (-0.6, 1.5, 2.1) 18
[12:45:40.011]: (-0.6, 1.5, 2.0) 18
[12:45:40.054]: (-0.6, 1.5, 2.0) 18
[12:45:40.333]: (-0.2, 1.5, 2.3) 17
[12:45:40.356]: (-0.2, 1.5, 2.3) 17
[12:45:40.378]: (-0.2, 1.5, 2.3) 17
[12:45:40.438]: (-0.2, 1.5, 2.3) 17
[12:45:40.461]: (-0.2, 1.5, 2.3) 17
[12:45:40.542]: (-0.2, 1.5, 2.3) 17
[12:45:40.690]: (-0.2, 1.5, 2.3) 17
[12:45:40.725]: (-0.2, 1.5, 2.3) 17
[12:45:40.758]: (-0.2, 1.5, 2.3) 17
[12:45:40.858]: (-0.3, 1.5, 2.2) 17
[12:45:40.891]: (-0.3, 1.5, 2.3) 17
[12:45:40.925]: (-0.3, 1.5, 2.2) 17
[12:45:40.958]: (-0.3, 1.4, 2.0) 18
[12:45:40.994]: (-0.2, 1.4, 2.0) 18
[12:45:41.358]: (-0.2, 1.5, 2.0) 18
[12:45:41.381]: (-0.2, 1.5, 2.0) 18
[12:45:41.401]: (-0.2, 1.5, 2.0) 18
[12:45:41.424]: (-0.2, 1.5, 2.0) 18
[12:45:41.446]: (-0.2, 1.5, 2.0) 18
[12:45:41.468]: (-0.2, 1.5, 2.0) 18
[12:45:41.490]: (-0.2, 1.5, 2.0) 18
[12:45:41.535]: (-0.2, 1.5, 2.0) 18
[12:45:41.557]: (-0.2, 1.5, 2.0) 18
[12:45:41.579]: (-0.2, 1.5, 2.0) 18
[12:45:41.602]: (-0.2, 1.5, 2.0) 18
[12:45:41.624]: (-0.2, 1.5, 2.0) 18
[12:45:41.647]: (-0.2, 1.5, 2.0) 18
[12:45:41.668]: (-0.2, 1.5, 2.0) 18
[12:45:41.690]: (-0.2, 1.5, 2.0) 18
[12:45:41.713]: (-0.2, 1.5, 2.0) 18
[12:45:41.734]: (-0.2, 1.5, 2.0) 18
[12:45:41.757]: (-0.2, 1.5, 2.0) 18
[12:45:41.803]: (-0.2, 1.6, 2.0) 18
[12:45:41.827]: (-0.2, 1.6, 2.0) 18
[12:45:41.846]: (-0.2, 1.6, 2.0) 18
[12:45:41.868]: (-0.2, 1.6, 2.0) 18
[12:45:41.890]: (-0.2, 1.6, 2.0) 18
[12:45:41.913]: (-0.2, 1.6, 2.0) 18
[12:45:41.935]: (-0.2, 1.6, 2.0) 18
[12:45:41.957]: (-0.2, 1.5, 2.0) 18
[12:45:41.981]: (-0.2, 1.5, 2.0) 18
[12:45:42.000]: (-0.2, 1.5, 2.0) 18
[12:45:42.025]: (-0.2, 1.6, 2.0) 18
[12:45:42.068]: (-0.5, 1.5, 2.2) 16
[12:45:42.091]: (-0.5, 1.5, 2.2) 16
[12:45:42.114]: (-0.5, 1.5, 2.2) 16
[12:45:42.136]: (-0.5, 1.5, 2.2) 16
[12:45:42.160]: (-0.5, 1.5, 2.2) 16
[12:45:42.182]: (-0.5, 1.5, 2.2) 16
[12:45:42.206]: (-0.5, 1.5, 2.2) 16
[12:45:42.227]: (-0.5, 1.5, 2.2) 16
[12:45:42.250]: (-0.5, 1.5, 2.2) 16
[12:45:42.272]: (-0.5, 1.5, 2.2) 16
[12:45:42.294]: (-0.5, 1.5, 2.2) 16
[12:45:42.316]: (-0.5, 1.5, 2.2) 16
[12:45:42.339]: (-0.5, 1.5, 2.2) 16
[12:45:42.361]: (-0.5, 1.5, 2.2) 16
[12:45:42.383]: (-0.5, 1.5, 2.2) 16
[12:45:42.450]: (-0.8, 1.2, 1.7) 4
[12:45:42.472]: (-0.8, 1.2, 1.7) 4
[12:45:42.493]: (-0.8, 1.2, 1.7) 4
[12:45:42.517]: (-0.8, 1.2, 1.7) 4
[12:45:42.538]: (-0.8, 1.2, 1.7) 4
[12:45:42.560]: (-0.8, 1.2, 1.7) 4
[12:45:42.584]: (-0.8, 1.2, 1.7) 4
[12:45:42.605]: (-0.8, 1.2, 1.7) 4
[12:45:42.622]: (-0.8, 1.2, 1.7) 4
[12:45:42.638]: (-0.8, 1.2, 1.7) 4
[12:45:42.656]: (-0.8, 1.2, 1.7) 4
[12:45:42.672]: (-0.8, 1.2, 1.7) 4
[12:45:42.813]: (-1.4, 1.4, 2.6) 22
[12:45:42.829]: (-1.4, 1.4, 2.6) 22
[12:45:42.862]: (-1.4, 1.3, 2.6) 22
[12:45:43.002]: (-0.2, 1.6, 2.0) 18
[12:45:43.018]: (-0.2, 1.6, 2.0) 18
[12:45:43.035]: (-0.2, 1.6, 2.0) 18
[12:45:43.057]: (-0.2, 1.6, 2.0) 18
[12:45:43.080]: (-0.1, 1.6, 2.0) 18
[12:45:43.101]: (-0.2, 1.6, 2.2) 17
[12:45:43.123]: (-0.2, 1.6, 2.0) 18
[12:45:43.145]: (-0.2, 1.6, 2.0) 18
[12:45:43.168]: (-0.2, 1.5, 2.0) 18
[12:45:43.189]: (-0.2, 1.5, 2.0) 18
[12:45:43.212]: (-0.2, 1.5, 2.0) 18
[12:45:43.234]: (-0.2, 1.5, 2.0) 18
[12:45:43.256]: (-0.2, 1.5, 2.0) 18
[12:45:43.278]: (-0.2, 1.5, 2.0) 18
[12:45:43.302]: (-0.2, 1.5, 2.0) 18
[12:45:43.323]: (-0.2, 1.5, 2.0) 18
[12:45:43.345]: (-0.2, 1.5, 2.0) 18
[12:45:43.368]: (-0.2, 1.5, 2.0) 18
[12:45:43.390]: (-0.2, 1.5, 2.0) 18
[12:45:43.413]: (-0.2, 1.5, 2.0) 18
[12:45:43.434]: (-0.2, 1.5, 2.0) 18
[12:45:43.457]: (-0.2, 1.6, 2.0) 18
[12:45:43.480]: (-0.2, 1.6, 2.0) 18
[12:45:43.497]: (-0.2, 1.5, 2.0) 18
[12:45:43.514]: (-0.2, 1.6, 2.0) 18
[12:45:43.531]: (-0.2, 1.5, 2.0) 18
[12:45:43.548]: (-0.2, 1.5, 2.0) 18
[12:45:43.565]: (-0.2, 1.5, 2.0) 18
[12:45:43.582]: (-0.2, 1.5, 2.0) 18
[12:45:43.598]: (-0.2, 1.5, 2.0) 18
[12:45:43.615]: (-0.2, 1.6, 2.0) 18
[12:45:43.632]: (-0.2, 1.6, 2.2) 17
[12:45:43.649]: (-0.2, 1.6, 2.2) 17
[12:45:43.667]: (-0.2, 1.7, 2.2) 17
[12:45:43.683]: (-0.2, 1.7, 2.2) 17
[12:45:43.700]: (-0.2, 1.7, 2.2) 17
[12:45:43.716]: (-0.2, 1.6, 2.2) 17
[12:45:43.733]: (-0.2, 1.6, 2.2) 17
[12:45:43.749]: (-0.2, 1.6, 2.2) 17
[12:45:43.766]: (-0.2, 1.6, 2.2) 17
[12:45:43.782]: (-0.2, 1.7, 2.2) 17
[12:45:43.798]: (-0.2, 1.6, 2.2) 17
[12:45:43.815]: (-0.1, 1.7, 2.2) 17
[12:45:43.832]: (-0.2, 1.7, 2.2) 17
[12:45:43.849]: (-0.2, 1.7, 2.2) 17
[12:45:43.866]: (-0.2, 1.7, 2.2) 17
[12:45:43.882]: (-0.2, 1.7, 2.2) 17
[12:45:43.899]: (-0.2, 1.7, 2.2) 17
[12:45:43.915]: (-0.1, 1.7, 2.2) 17
[12:45:43.934]: (-0.1, 1.7, 2.2) 17
[12:45:43.956]: (-0.2, 1.7, 2.2) 17
[12:45:44.001]: (-0.2, 1.7, 2.2) 17
[12:45:44.023]: (-0.2, 1.6, 2.0) 18
[12:45:44.045]: (-0.2, 1.7, 2.2) 17
[12:45:44.068]: (-0.2, 1.6, 2.2) 17
[12:45:44.090]: (-0.2, 1.6, 2.2) 17
[12:45:44.112]: (-0.2, 1.7, 2.2) 17
[12:45:44.134]: (-0.2, 1.6, 2.2) 17
[12:45:44.179]: (-0.2, 1.6, 2.0) 18
[12:45:44.200]: (-0.2, 1.6, 2.0) 18
[12:45:44.223]: (-0.2, 1.6, 2.2) 17
[12:45:44.245]: (-0.1, 1.6, 2.2) 17
[12:45:44.267]: (-0.2, 1.6, 2.0) 18
[12:45:44.289]: (-0.2, 1.6, 2.0) 18
[12:45:44.312]: (-0.2, 1.6, 2.0) 18
[12:45:44.334]: (-0.2, 1.6, 2.0) 18
[12:45:44.357]: (-0.2, 1.6, 2.0) 18
[12:45:44.378]: (-0.2, 1.6, 2.0) 18
[12:45:44.400]: (-0.2, 1.6, 2.0) 18
[12:45:44.417]: (-0.2, 1.6, 2.0) 18
[12:45:44.435]: (-0.2, 1.6, 2.0) 18
[12:45:44.451]: (-0.2, 1.6, 2.0) 18
[12:45:44.471]: (-0.2, 1.6, 2.0) 18
[12:45:44.488]: (-0.2, 1.6, 2.0) 18
[12:45:44.505]: (-0.2, 1.6, 2.0) 18
[12:45:44.524]: (-0.2, 1.6, 2.0) 18
[12:45:44.541]: (-0.2, 1.6, 2.0) 18
[12:45:44.558]: (-0.2, 1.6, 2.0) 18
[12:45:44.574]: (-0.2, 1.6, 2.0) 18
[12:45:44.592]: (-0.2, 1.6, 2.0) 18
[12:45:44.609]: (-0.2, 1.6, 2.0) 18
[12:45:44.626]: (-0.2, 1.6, 2.0) 18
[12:45:44.660]: (-0.2, 1.5, 2.0) 18
[12:45:44.678]: (-0.2, 1.5, 2.0) 18
[12:45:44.771]: (-0.1, 1.6, 2.2) 17
[12:45:44.788]: (-0.1, 1.6, 2.2) 17
[12:45:44.853]: (-0.1, 1.6, 2.0) 18
[12:45:44.870]: (-0.2, 1.6, 2.0) 18
[12:45:44.888]: (-0.1, 1.6, 2.0) 18
[12:45:44.905]: (-0.2, 1.5, 2.0) 18
[12:45:44.925]: (-0.2, 1.6, 2.0) 18
[12:45:44.947]: (-0.1, 1.6, 2.0) 18
[12:45:44.968]: (-0.2, 1.6, 2.0) 18
[12:45:45.011]: (-0.2, 1.6, 2.0) 18
[12:45:45.034]: (-0.2, 1.6, 2.0) 18
[12:45:45.056]: (-0.2, 1.6, 2.0) 18
[12:45:45.080]: (-0.2, 1.6, 2.0) 18
[12:45:45.102]: (-0.2, 1.6, 2.0) 18
[12:45:45.128]: (-0.2, 1.5, 2.0) 18
[12:45:45.146]: (-0.2, 1.5, 2.0) 18
[12:45:45.172]: (-0.2, 1.6, 2.0) 18
[12:45:45.193]: (-0.2, 1.5, 2.0) 18
[12:45:45.213]: (-0.2, 1.5, 2.0) 18
[12:45:45.233]: (-0.2, 1.5, 2.0) 18
[12:45:45.256]: (-0.2, 1.5, 2.0) 18
[12:45:45.279]: (-0.2, 1.5, 2.0) 18
[12:45:45.300]: (-0.2, 1.5, 2.0) 18
[12:45:45.324]: (-0.2, 1.6, 2.0) 18
[12:45:45.341]: (-0.2, 1.6, 2.0) 18
[12:45:45.359]: (-0.2, 1.6, 2.0) 18
[12:45:45.377]: (-0.2, 1.6, 2.0) 18
[12:45:45.395]: (-0.2, 1.6, 2.0) 18
[12:45:45.413]: (-0.2, 1.6, 2.0) 18
[12:45:45.431]: (-0.2, 1.6, 2.0) 18
[12:45:45.449]: (-0.2, 1.6, 2.0) 18
[12:45:45.468]: (-0.2, 1.6, 2.0) 18
[12:45:45.486]: (-0.2, 1.6, 2.0) 18
[12:45:45.506]: (-0.2, 1.6, 2.0) 18
[12:45:45.525]: (-0.2, 1.6, 2.0) 18
[12:45:45.545]: (-0.2, 1.5, 2.0) 18
[12:45:45.562]: (-0.2, 1.5, 2.0) 18
[12:45:45.597]: (-0.2, 1.6, 2.0) 18
[12:45:45.792]: (-0.2, 1.6, 2.0) 18
[12:45:45.809]: (-0.2, 1.6, 2.0) 18
[12:45:45.828]: (-0.2, 1.6, 2.0) 18
[12:45:45.867]: (-0.2, 1.6, 2.0) 18
[12:45:46.004]: (-0.2, 1.6, 2.0) 18
[12:45:46.025]: (-0.2, 1.6, 2.0) 18
[12:45:46.045]: (-0.2, 1.6, 2.0) 18
[12:45:46.068]: (-0.2, 1.6, 2.0) 18
[12:45:46.092]: (-0.2, 1.6, 2.0) 18
[12:45:46.113]: (-0.2, 1.6, 2.0) 18
[12:45:46.137]: (-0.2, 1.6, 2.0) 18
[12:45:46.157]: (-0.2, 1.6, 2.0) 18
[12:45:46.178]: (-0.2, 1.6, 2.0) 18
[12:45:46.199]: (-0.2, 1.6, 2.0) 18
[12:45:46.223]: (-0.2, 1.6, 2.0) 18
[12:45:46.243]: (-0.2, 1.6, 2.0) 18
[12:45:46.266]: (-0.2, 1.6, 2.0) 18
[12:45:46.283]: (-0.2, 1.6, 2.0) 18
[12:45:46.301]: (-0.2, 1.6, 2.0) 18
[12:45:46.318]: (-0.2, 1.6, 2.0) 18
[12:45:46.338]: (-0.2, 1.6, 2.0) 18
[12:45:46.357]: (-0.2, 1.6, 2.0) 18
[12:45:46.375]: (-0.2, 1.6, 2.0) 18
[12:45:46.391]: (-0.2, 1.6, 2.0) 18
[12:45:46.408]: (-0.2, 1.6, 2.0) 18
[12:45:46.427]: (-0.2, 1.6, 2.0) 18
[12:45:46.446]: (-0.2, 1.5, 2.0) 18
[12:45:46.462]: (-0.2, 1.6, 2.0) 18
[12:45:46.480]: (-0.2, 1.6, 2.0) 18
[12:45:46.497]: (-0.2, 1.5, 2.0) 18
[12:45:46.514]: (-0.2, 1.5, 2.0) 18
[12:45:46.530]: (-0.2, 1.5, 2.0) 18
[12:45:46.546]: (-0.2, 1.5, 2.0) 18
[12:45:46.563]: (-0.2, 1.5, 2.0) 18
[12:45:46.580]: (-0.2, 1.5, 2.0) 18
[12:45:46.597]: (-0.2, 1.5, 2.0) 18
[12:45:46.613]: (-0.2, 1.5, 2.0) 18
[12:45:46.630]: (-0.2, 1.5, 2.0) 18
[12:45:46.647]: (-0.2, 1.5, 2.0) 18
[12:45:46.663]: (-0.2, 1.5, 2.0) 18
[12:45:46.679]: (-0.2, 1.5, 2.0) 18
[12:45:46.696]: (-0.2, 1.5, 2.0) 18
[12:45:46.713]: (-0.2, 1.5, 2.0) 18
[12:45:46.731]: (-0.2, 1.5, 2.0) 18
[12:45:46.755]: (-0.2, 1.5, 2.0) 18
[12:45:46.776]: (-0.2, 1.6, 2.0) 18
[12:45:46.798]: (-0.2, 1.6, 2.0) 18
[12:45:46.823]: (-0.2, 1.5, 2.0) 18
[12:45:46.843]: (-0.2, 1.6, 2.0) 18
[12:45:46.866]: (-0.2, 1.5, 2.0) 18
[12:45:46.888]: (-0.2, 1.5, 2.0) 18
[12:45:46.910]: (-0.2, 1.5, 2.0) 18
[12:45:46.933]: (-0.2, 1.5, 2.0) 18
[12:45:46.954]: (-0.2, 1.5, 2.0) 18
[12:45:46.979]: (-0.2, 1.5, 2.0) 18
[12:45:46.999]: (-0.2, 1.5, 2.0) 18
[12:45:47.021]: (-0.2, 1.6, 2.0) 18
[12:45:47.043]: (-0.2, 1.6, 2.0) 18
[12:45:47.066]: (-0.1, 1.5, 2.0) 18
[12:45:47.397]: (-0.2, 1.6, 2.0) 18
[12:45:47.415]: (-0.2, 1.6, 2.0) 18
[12:45:47.431]: (-0.2, 1.5, 2.0) 18
[12:45:47.449]: (-0.2, 1.5, 2.0) 18
[12:45:47.466]: (-0.2, 1.5, 2.0) 18
[12:45:47.482]: (-0.2, 1.5, 2.0) 18
[12:45:47.529]: (-0.2, 1.5, 2.0) 18
[12:45:47.546]: (-0.2, 1.5, 2.0) 18
[12:45:47.563]: (-0.2, 1.5, 2.0) 18
[12:45:47.579]: (-0.2, 1.5, 2.0) 18
[12:45:47.596]: (-0.2, 1.5, 2.0) 18
[12:45:47.613]: (-0.2, 1.5, 2.0) 18
[12:45:47.631]: (-0.2, 1.6, 2.0) 18
[12:45:47.647]: (-0.2, 1.6, 2.0) 18
[12:45:47.666]: (-0.2, 1.6, 2.0) 18
[12:45:47.687]: (-0.2, 1.6, 2.0) 18
[12:45:47.712]: (-0.2, 1.6, 2.0) 18
[12:45:47.733]: (-0.2, 1.6, 2.0) 18
[12:45:47.755]: (-0.2, 1.6, 2.0) 18
[12:45:47.778]: (-0.2, 1.6, 2.0) 18
[12:45:47.798]: (-0.2, 1.6, 2.0) 18
[12:45:47.823]: (-0.2, 1.6, 2.0) 18
[12:45:47.843]: (-0.2, 1.6, 2.0) 18
[12:45:47.865]: (-0.2, 1.5, 2.0) 18
[12:45:47.887]: (-0.2, 1.6, 2.0) 18
[12:45:47.911]: (-0.2, 1.6, 2.0) 18
[12:45:47.931]: (-0.2, 1.6, 2.0) 18
[12:45:47.955]: (-0.2, 1.5, 2.0) 18
[12:45:47.978]: (-0.2, 1.5, 2.0) 18
[12:45:48.001]: (-0.2, 1.5, 2.0) 18
[12:45:48.020]: (-0.2, 1.5, 2.0) 18
[12:45:48.045]: (-0.2, 1.5, 2.0) 18
[12:45:48.064]: (-0.2, 1.5, 2.0) 18
[12:45:48.081]: (-0.2, 1.6, 2.0) 18
[12:45:48.099]: (-0.2, 1.6, 2.0) 18
[12:45:48.117]: (-0.2, 1.6, 2.0) 18
[12:45:48.135]: (-0.2, 1.6, 2.0) 18
[12:45:48.151]: (-0.2, 1.6, 2.0) 18
[12:45:48.168]: (-0.2, 1.6, 2.0) 18
[12:45:48.185]: (-0.2, 1.6, 2.0) 18
[12:45:48.204]: (-0.2, 1.6, 2.0) 18
[12:45:48.221]: (-0.2, 1.6, 2.0) 18
[12:45:48.238]: (-0.2, 1.6, 2.0) 18
[12:45:48.255]: (-0.2, 1.6, 2.0) 18
[12:45:48.272]: (-0.2, 1.6, 2.0) 18
[12:45:48.290]: (-0.2, 1.6, 2.0) 18
[12:45:48.306]: (-0.2, 1.6, 2.0) 18
[12:45:48.325]: (-0.2, 1.6, 2.0) 18
[12:45:48.342]: (-0.2, 1.6, 2.0) 18
[12:45:48.359]: (-0.2, 1.6, 2.0) 18
[12:45:48.392]: (-0.2, 1.6, 2.0) 18
[12:45:48.409]: (-0.2, 1.6, 2.0) 18
[12:45:48.428]: (-0.2, 1.6, 2.0) 18
[12:45:48.445]: (-0.2, 1.6, 2.0) 18
[12:45:48.462]: (-0.2, 1.6, 2.0) 18
[12:45:48.479]: (-0.2, 1.6, 2.0) 18
[12:45:48.495]: (-0.2, 1.6, 2.0) 18
[12:45:48.512]: (-0.2, 1.6, 2.0) 18
[12:45:48.533]: (-0.2, 1.6, 2.0) 18
[12:45:48.554]: (-0.2, 1.6, 2.0) 18
[12:45:48.578]: (-0.2, 1.6, 2.0) 18
[12:45:48.643]: (-0.2, 1.6, 2.0) 18
[12:45:48.665]: (-0.2, 1.6, 2.0) 18
[12:45:48.687]: (-0.2, 1.6, 2.0) 18
[12:45:48.709]: (-0.2, 1.6, 2.0) 18
[12:45:48.733]: (-0.2, 1.6, 2.0) 18
[12:45:48.754]: (-0.2, 1.6, 2.2) 17
[12:45:48.776]: (-0.2, 1.6, 2.2) 17
[12:45:48.799]: (-0.2, 1.6, 2.0) 18
[12:45:48.820]: (-0.2, 1.6, 2.0) 18
[12:45:48.843]: (-0.2, 1.6, 2.0) 18
[12:45:48.865]: (-0.2, 1.6, 2.0) 18
[12:45:48.889]: (-0.2, 1.6, 2.0) 18
[12:45:48.909]: (-0.2, 1.6, 2.0) 18
[12:45:48.931]: (-0.2, 1.6, 2.0) 18
[12:45:48.954]: (-0.2, 1.5, 2.0) 18
[12:45:48.972]: (-0.2, 1.5, 2.0) 18
[12:45:48.995]: (-0.2, 1.5, 2.0) 18
[12:45:49.012]: (-0.2, 1.5, 2.0) 18
[12:45:49.029]: (-0.2, 1.5, 2.0) 18
[12:45:49.046]: (-0.2, 1.5, 2.0) 18
[12:45:49.063]: (-0.2, 1.5, 2.0) 18
[12:45:49.126]: (-0.2, 1.5, 2.0) 18
[12:45:49.189]: (-0.2, 1.5, 2.0) 18
[12:45:49.224]: (-0.2, 1.6, 2.0) 18
[12:45:49.240]: (-0.2, 1.6, 2.0) 18
[12:45:49.258]: (-0.2, 1.6, 2.0) 18
[12:45:49.276]: (-0.2, 1.6, 2.0) 18
[12:45:49.339]: (-0.2, 1.6, 2.2) 17
[12:45:49.356]: (-0.2, 1.6, 2.2) 17
[12:45:49.373]: (-0.1, 1.6, 2.2) 17
[12:45:49.389]: (-0.2, 1.7, 2.2) 17
[12:45:49.419]: (-0.2, 1.7, 2.2) 17
[12:45:49.443]: (-0.2, 1.6, 2.0) 18
[12:45:49.465]: (-0.2, 1.5, 2.0) 18
[12:45:49.487]: (-0.2, 1.5, 2.0) 18
[12:45:49.509]: (-0.2, 1.5, 2.0) 18
[12:45:49.642]: (-0.2, 1.5, 2.0) 18
[12:45:49.687]: (-0.2, 1.5, 2.0) 18
[12:45:49.709]: (-0.2, 1.5, 2.0) 18
[12:45:49.732]: (-0.2, 1.6, 2.0) 18
[12:45:49.754]: (-0.2, 1.6, 2.0) 18
[12:45:49.776]: (-0.2, 1.6, 2.0) 18
[12:45:49.798]: (-0.1, 1.6, 2.2) 17
[12:45:49.820]: (-0.1, 1.6, 2.2) 17
[12:45:49.843]: (-0.2, 1.6, 2.0) 18
[12:45:49.862]: (-0.2, 1.6, 2.0) 18
[12:45:49.879]: (-0.2, 1.6, 2.0) 18
[12:45:49.895]: (-0.2, 1.6, 2.0) 18
[12:45:49.913]: (-0.2, 1.6, 2.0) 18
[12:45:49.929]: (-0.2, 1.6, 2.0) 18
[12:45:49.946]: (-0.2, 1.6, 2.0) 18
[12:45:49.963]: (-0.2, 1.5, 2.0) 18
[12:45:49.979]: (-0.2, 1.5, 2.0) 18
[12:45:49.997]: (-0.2, 1.5, 2.0) 18
[12:45:50.013]: (-0.2, 1.5, 2.0) 18
[12:45:50.029]: (-0.2, 1.5, 2.0) 18
[12:45:50.047]: (-0.2, 1.5, 2.0) 18
[12:45:50.063]: (-0.2, 1.5, 2.0) 18
[12:45:50.080]: (-0.2, 1.5, 2.0) 18
[12:45:50.099]: (-0.2, 1.5, 2.0) 18
[12:45:50.398]: (-0.1, 1.5, 2.0) 18
[12:45:50.420]: (-0.5, 1.5, 2.2) 16
[12:45:50.799]: (-0.8, 1.2, 1.7) 2
[12:45:50.815]: (-0.8, 1.2, 1.7) 2
[12:45:50.835]: (-0.8, 1.1, 1.7) 2
[12:45:50.854]: (-0.8, 1.1, 1.7) 2
[12:45:50.872]: (-0.8, 1.2, 1.7) 2
[12:45:50.896]: (-0.8, 1.2, 1.7) 4
[12:45:51.039]: (-0.2, 1.5, 2.0) 18
[12:45:51.419]: (-0.2, 1.5, 2.0) 18
[12:45:51.442]: (-0.2, 1.6, 2.0) 18
[12:45:51.465]: (-0.2, 1.5, 2.0) 18
[12:45:51.486]: (-0.2, 1.5, 2.0) 18
[12:45:51.508]: (-0.2, 1.5, 2.0) 18
[12:45:51.532]: (-0.2, 1.5, 2.0) 18
[12:45:51.554]: (-0.2, 1.5, 2.0) 18
[12:45:51.576]: (-0.2, 1.5, 2.0) 18
[12:45:51.598]: (-0.2, 1.6, 2.0) 18
[12:45:51.620]: (-0.2, 1.6, 2.0) 18
[12:45:51.643]: (-0.2, 1.6, 2.0) 18
[12:45:51.664]: (-0.2, 1.6, 2.0) 18
[12:45:51.682]: (-0.2, 1.6, 2.0) 18
[12:45:51.698]: (-0.2, 1.5, 2.0) 18
[12:45:51.714]: (-0.2, 1.5, 2.0) 18
[12:45:51.739]: (-0.2, 1.6, 2.0) 18
[12:45:51.757]: (-0.2, 1.6, 2.0) 18
[12:45:51.775]: (-0.2, 1.6, 2.0) 18
[12:45:51.792]: (-0.2, 1.6, 2.0) 18
[12:45:51.809]: (-0.2, 1.6, 2.0) 18
[12:45:51.826]: (-0.2, 1.6, 2.0) 18
[12:45:51.848]: (-0.2, 1.6, 2.0) 18
