[12:51:48.667]: (-2.2, -1.1, 0.0) 6
[12:51:48.687]: (-2.2, -1.1, -0.1) 6
[12:51:48.733]: (-2.4, -1.2, -0.1) 2
[12:51:48.755]: (-2.5, -1.3, -0.1) 0
[12:51:48.777]: (-2.3, -1.2, -0.1) 1
[12:51:48.866]: (-2.5, -1.3, -0.1) 3
[12:51:49.044]: (-2.3, -1.2, 0.0) 1
[12:51:49.404]: (-1.6, -0.4, 0.0) 17
[12:51:49.428]: (-1.7, -0.4, 0.0) 11
[12:51:49.451]: (-1.7, -0.3, 0.1) 17
[12:51:49.473]: (-1.8, -0.3, 0.1) 17
[12:51:49.494]: (-1.7, -0.2, 0.2) 17
[12:51:49.533]: (-1.8, -0.1, 0.2) 17
[12:51:49.554]: (-1.8, 0.0, 0.2) 17
[12:51:49.575]: (-1.8, 0.0, 0.3) 17
[12:51:49.596]: (-1.8, 0.1, 0.3) 17
[12:51:49.619]: (-2.0, 0.0, 0.4) 9
[12:51:49.640]: (-2.1, 0.2, 0.5) 15
[12:51:49.932]: (-2.1, 1.5, 1.6) 1
[12:51:49.953]: (-2.0, 1.7, 1.8) 0
[12:51:49.976]: (-1.9, 1.7, 1.8) 2
[12:51:49.998]: (-1.8, 1.8, 1.8) 2
[12:51:50.042]: (-1.7, 1.9, 1.8) 1
[12:51:50.064]: (-1.6, 1.9, 1.8) 1
[12:51:50.087]: (-1.6, 1.9, 1.8) 1
[12:51:50.109]: (-1.6, 2.0, 1.9) 5
[12:51:50.130]: (-1.5, 2.0, 1.9) 5
[12:51:50.151]: (-1.3, 2.0, 1.8) 6
[12:51:50.173]: (-1.3, 2.1, 1.9) 1
[12:51:50.193]: (-1.2, 2.0, 1.9) 6
[12:51:50.214]: (-1.1, 2.1, 1.8) 6
[12:51:50.238]: (-1.1, 2.1, 1.8) 6
[12:51:50.322]: (-0.8, 2.3, 2.1) 7
[12:51:50.538]: (-0.5, 2.6, 1.8) 8
[12:51:50.868]: (-1.0, 2.7, 1.6) 7
[12:51:50.890]: (-1.0, 2.7, 1.4) 6
[12:51:51.389]: (-0.5, 2.0, 1.5) 10
[12:51:51.411]: (-0.5, 2.0, 1.5) 10
[12:51:51.432]: (-0.5, 2.0, 1.6) 16
[12:51:51.452]: (-0.5, 2.0, 1.6) 16
[12:51:51.491]: (-0.5, 1.9, 1.6) 16
[12:51:51.533]: (-0.4, 1.9, 1.7) 16
[12:51:51.555]: (-0.4, 1.9, 1.6) 16
[12:51:51.578]: (-0.4, 1.9, 1.6) 16
[12:51:51.763]: (0.5, 2.0, 1.9) 6
[12:51:51.805]: (0.6, 2.0, 1.9) 6
[12:51:51.827]: (0.6, 2.0, 1.9) 6
[12:51:51.850]: (0.7, 2.0, 2.0) 2
[12:51:51.872]: (0.8, 2.1, 2.1) 0
[12:51:51.912]: (0.7, 2.0, 2.0) 2
[12:51:51.955]: (0.8, 2.0, 2.0) 2
[12:51:51.976]: (0.7, 2.0, 2.0) 1
[12:51:51.998]: (0.8, 2.0, 2.0) 2
[12:51:52.018]: (0.8, 2.0, 2.0) 2
[12:51:52.039]: (0.8, 2.0, 2.0) 2
[12:51:52.059]: (0.8, 2.0, 2.0) 2
[12:51:52.080]: (0.8, 2.0, 2.0) 2
[12:51:52.122]: (0.8, 2.0, 2.0) 2
[12:51:52.231]: (-0.3, 1.8, 1.5) 9
[12:51:52.253]: (-0.3, 1.7, 1.5) 9
[12:51:52.275]: (-0.4, 1.7, 1.5) 9
[12:51:52.298]: (-0.3, 1.8, 1.5) 9
[12:51:52.320]: (-0.3, 1.8, 1.5) 9
[12:51:52.336]: (-0.3, 1.8, 1.5) 9
[12:51:52.355]: (-0.3, 1.8, 1.5) 9
[12:51:52.372]: (-0.3, 1.8, 1.5) 9
[12:51:52.389]: (-0.3, 1.8, 1.5) 9
[12:51:52.405]: (-0.3, 1.8, 1.5) 9
[12:51:52.423]: (-0.3, 1.8, 1.5) 9
[12:51:52.440]: (-0.3, 1.8, 1.7) 16
[12:51:52.487]: (0.6, 2.0, 1.9) 6
[12:51:52.504]: (0.9, 2.1, 2.0) 0
[12:51:52.522]: (0.9, 2.1, 2.0) 0
[12:51:52.539]: (0.9, 2.1, 2.0) 0
[12:51:52.885]: (0.9, 1.9, 1.9) 8
[12:51:52.908]: (0.8, 1.9, 1.9) 8
[12:51:52.933]: (0.8, 1.9, 1.9) 8
[12:51:52.954]: (0.8, 2.0, 2.0) 2
[12:51:52.975]: (0.8, 2.0, 2.0) 2
[12:51:53.001]: (0.8, 2.0, 2.0) 2
[12:51:53.021]: (0.8, 2.0, 2.0) 2
[12:51:53.064]: (0.8, 2.0, 1.9) 8
[12:51:53.086]: (0.8, 2.0, 1.9) 8
[12:51:53.110]: (0.8, 2.0, 1.9) 8
[12:51:53.131]: (0.8, 1.9, 1.9) 8
[12:51:53.153]: (0.8, 2.0, 1.9) 8
[12:51:53.176]: (0.8, 2.0, 1.9) 8
[12:51:53.195]: (0.8, 2.0, 1.9) 8
[12:51:53.211]: (0.8, 2.0, 1.9) 8
[12:51:53.228]: (0.8, 2.0, 1.9) 8
[12:51:53.246]: (0.8, 2.0, 1.9) 8
[12:51:53.265]: (0.8, 2.0, 1.9) 8
[12:51:53.284]: (0.8, 2.0, 1.9) 8
[12:51:53.301]: (0.8, 2.0, 1.9) 8
[12:51:53.323]: (0.8, 2.0, 1.9) 8
[12:51:53.340]: (0.8, 2.0, 1.9) 8
[12:51:53.356]: (0.8, 2.0, 1.9) 8
[12:51:53.374]: (0.8, 2.0, 1.9) 8
[12:51:53.392]: (0.8, 2.0, 1.9) 8
[12:51:53.414]: (0.8, 2.0, 1.9) 8
[12:51:53.431]: (0.8, 2.0, 2.0) 2
[12:51:53.449]: (0.8, 2.0, 2.0) 2
[12:51:53.465]: (0.8, 2.0, 2.0) 2
[12:51:53.483]: (0.8, 2.0, 2.0) 2
[12:51:53.502]: (0.8, 2.0, 2.0) 2
[12:51:53.522]: (0.8, 2.0, 2.0) 2
[12:51:53.539]: (0.8, 2.0, 2.0) 2
[12:51:53.556]: (0.8, 2.0, 2.0) 2
[12:51:53.573]: (0.8, 2.0, 2.0) 2
[12:51:53.590]: (0.8, 2.0, 2.0) 2
[12:51:53.608]: (0.8, 2.0, 2.0) 2
[12:51:53.626]: (0.8, 2.0, 2.0) 2
[12:51:53.644]: (0.8, 2.0, 2.0) 2
[12:51:53.661]: (0.8, 2.0, 2.0) 2
[12:51:53.678]: (0.8, 2.0, 2.0) 2
[12:51:53.698]: (0.8, 2.0, 2.0) 2
[12:51:53.717]: (0.8, 2.0, 2.0) 2
[12:51:53.734]: (0.8, 2.0, 2.0) 2
[12:51:53.752]: (0.8, 2.0, 2.0) 2
[12:51:53.776]: (0.8, 2.0, 2.0) 2
[12:51:53.798]: (0.8, 2.0, 2.0) 2
[12:51:53.821]: (0.8, 2.0, 2.0) 2
[12:51:53.841]: (0.8, 2.0, 2.0) 2
[12:51:53.864]: (0.8, 2.0, 2.0) 2
[12:51:53.887]: (0.8, 2.0, 2.0) 2
[12:51:53.908]: (0.8, 2.0, 2.0) 2
[12:51:53.931]: (0.8, 2.0, 2.0) 2
[12:51:53.954]: (0.8, 2.0, 2.0) 2
[12:51:53.975]: (0.8, 2.0, 2.0) 2
[12:51:53.998]: (0.8, 2.0, 2.0) 2
[12:51:54.021]: (0.8, 2.0, 2.0) 2
[12:51:54.239]: (0.8, 2.0, 2.0) 2
[12:51:54.255]: (0.8, 2.0, 2.0) 2
[12:51:54.274]: (0.8, 2.0, 2.0) 2
[12:51:54.290]: (0.8, 2.0, 2.0) 2
[12:51:54.306]: (0.8, 2.0, 2.0) 2
[12:51:54.327]: (0.8, 2.0, 2.0) 2
[12:51:54.349]: (0.8, 2.0, 2.0) 2
[12:51:54.366]: (0.8, 2.0, 2.0) 2
[12:51:54.383]: (0.8, 2.0, 2.0) 2
[12:51:54.399]: (0.8, 2.0, 2.0) 2
[12:51:54.416]: (0.8, 2.0, 2.0) 2
[12:51:54.432]: (0.8, 2.0, 2.0) 2
[12:51:54.449]: (0.8, 2.0, 2.0) 2
[12:51:54.465]: (0.8, 2.0, 2.0) 2
[12:51:54.482]: (0.8, 2.0, 2.0) 2
[12:51:54.499]: (0.8, 2.0, 2.0) 2
[12:51:54.516]: (0.8, 2.0, 2.0) 2
[12:51:54.531]: (0.8, 2.0, 2.0) 2
[12:51:54.548]: (0.8, 2.0, 2.0) 2
[12:51:54.565]: (0.8, 2.0, 2.0) 2
[12:51:54.580]: (0.8, 2.0, 2.0) 2
[12:51:54.598]: (0.8, 2.0, 2.0) 2
[12:51:54.620]: (0.8, 2.0, 2.0) 2
[12:51:54.640]: (0.8, 2.0, 2.0) 2
[12:51:54.663]: (0.8, 2.0, 2.0) 2
[12:51:54.686]: (0.8, 2.0, 2.0) 2
[12:51:54.707]: (0.8, 2.0, 2.0) 2
[12:51:54.729]: (0.7, 2.0, 2.0) 1
[12:51:54.752]: (0.6, 2.0, 1.9) 6
[12:51:54.774]: (0.6, 2.0, 1.9) 6
[12:51:54.795]: (0.6, 2.0, 1.9) 6
[12:51:54.819]: (0.6, 2.0, 1.9) 6
[12:51:54.840]: (0.6, 2.0, 1.9) 6
[12:51:54.862]: (0.6, 2.0, 1.9) 6
[12:51:54.885]: (0.6, 2.0, 1.9) 6
[12:51:54.908]: (0.6, 2.0, 1.9) 6
[12:51:54.929]: (0.6, 2.0, 1.9) 6
[12:51:54.952]: (0.6, 2.0, 1.9) 6
[12:51:54.974]: (0.6, 2.0, 1.9) 6
[12:51:54.996]: (0.6, 2.0, 1.9) 6
[12:51:55.012]: (0.6, 2.0, 1.9) 6
[12:51:55.030]: (0.6, 2.0, 1.9) 6
[12:51:55.046]: (0.6, 1.9, 1.9) 6
[12:51:55.064]: (0.6, 1.9, 1.9) 6
[12:51:55.080]: (0.6, 2.0, 1.9) 6
[12:51:55.098]: (0.6, 2.0, 1.9) 6
[12:51:55.116]: (0.6, 2.0, 1.9) 6
[12:51:55.131]: (0.6, 2.0, 1.9) 6
[12:51:55.148]: (0.6, 2.0, 1.9) 6
[12:51:55.164]: (0.6, 2.0, 1.9) 6
[12:51:55.180]: (0.6, 1.9, 1.9) 6
[12:51:55.199]: (0.6, 2.0, 1.9) 6
[12:51:55.218]: (0.6, 2.0, 1.9) 6
[12:51:55.235]: (0.6, 2.0, 1.9) 6
[12:51:55.251]: (0.6, 2.0, 1.9) 6
[12:51:55.266]: (0.6, 2.0, 1.9) 6
[12:51:55.283]: (0.6, 1.9, 1.9) 6
[12:51:55.299]: (0.6, 2.0, 1.9) 6
[12:51:55.316]: (0.6, 2.0, 1.9) 6
[12:51:55.333]: (0.6, 2.0, 1.9) 6
[12:51:55.352]: (0.6, 2.0, 1.9) 6
[12:51:55.371]: (0.6, 2.0, 1.9) 6
[12:51:55.387]: (0.6, 2.0, 1.9) 6
[12:51:55.406]: (0.6, 2.0, 1.9) 6
[12:51:55.422]: (0.6, 2.0, 1.9) 6
[12:51:55.440]: (0.6, 2.0, 1.9) 6
[12:51:55.463]: (0.6, 2.0, 1.9) 6
[12:51:55.483]: (0.6, 2.0, 1.9) 6
[12:51:55.500]: (0.6, 2.0, 1.9) 6
[12:51:55.521]: (0.6, 2.0, 1.9) 6
[12:51:55.540]: (0.6, 2.0, 1.9) 6
[12:51:55.562]: (0.6, 2.0, 1.9) 6
[12:51:55.585]: (0.6, 2.0, 1.9) 6
[12:51:55.610]: (0.6, 2.0, 1.9) 6
[12:51:55.632]: (0.6, 2.0, 1.9) 6
[12:51:55.655]: (0.6, 2.0, 1.9) 6
[12:51:55.674]: (0.6, 1.9, 1.9) 6
[12:51:55.697]: (0.6, 1.9, 1.9) 6
[12:51:55.721]: (0.6, 1.9, 1.9) 6
[12:51:55.741]: (0.6, 2.0, 1.9) 6
[12:51:55.764]: (0.7, 2.1, 1.9) 1
[12:51:55.785]: (0.7, 2.1, 1.9) 1
[12:51:55.807]: (0.7, 2.1, 1.9) 1
[12:51:55.830]: (0.7, 2.1, 1.9) 1
[12:51:55.852]: (0.7, 2.1, 1.9) 1
[12:51:55.874]: (0.6, 2.0, 1.9) 6
[12:51:55.896]: (0.6, 2.0, 1.9) 6
[12:51:55.919]: (0.6, 2.0, 1.9) 6
[12:51:55.936]: (0.6, 2.0, 1.9) 6
[12:51:55.956]: (0.6, 2.0, 1.9) 6
[12:51:55.976]: (0.6, 2.0, 1.9) 6
[12:51:55.994]: (0.6, 2.0, 1.9) 6
[12:51:56.012]: (0.6, 2.0, 1.9) 6
[12:51:56.033]: (0.6, 2.0, 1.9) 6
[12:51:56.053]: (0.6, 2.0, 1.9) 6
[12:51:56.071]: (0.6, 2.1, 1.9) 1
[12:51:56.087]: (0.6, 2.0, 1.9) 6
[12:51:56.106]: (0.6, 2.0, 1.9) 6
[12:51:56.126]: (0.6, 2.0, 1.9) 6
[12:51:56.143]: (0.6, 2.0, 1.9) 6
[12:51:56.161]: (0.6, 2.0, 1.9) 6
[12:51:56.179]: (0.6, 2.0, 1.9) 6
[12:51:56.198]: (0.6, 2.0, 1.9) 6
[12:51:56.224]: (0.6, 2.0, 1.9) 6
[12:51:56.243]: (0.6, 2.0, 1.9) 6
[12:51:56.260]: (0.6, 2.0, 1.9) 6
[12:51:56.277]: (0.6, 1.9, 1.9) 6
[12:51:56.295]: (0.6, 1.9, 1.9) 6
[12:51:56.313]: (0.6, 1.9, 1.9) 6
[12:51:56.331]: (0.6, 1.9, 1.9) 6
[12:51:56.349]: (0.6, 1.9, 1.9) 6
[12:51:56.367]: (0.6, 1.9, 1.9) 6
[12:51:56.384]: (0.6, 1.9, 1.9) 6
[12:51:56.400]: (0.6, 1.9, 1.9) 6
[12:51:56.418]: (0.6, 1.9, 1.9) 6
[12:51:56.442]: (0.6, 2.0, 1.9) 6
[12:51:56.460]: (0.6, 2.0, 1.9) 6
[12:51:56.478]: (0.6, 1.9, 1.9) 6
[12:51:56.494]: (0.6, 2.0, 1.9) 6
