[12:39:20.011]: (-1.6, -0.4, 0.0) 7
[12:39:20.030]: (-1.8, -0.7, 0.0) 27
[12:39:20.047]: (-2.0, -1.3, 0.0) 31
[12:39:20.092]: (-1.5, -0.4, 0.0) 5
[12:39:20.109]: (-1.4, -0.3, 0.0) 6
[12:39:20.322]: (-1.5, -0.7, 0.0) 26
[12:39:20.344]: (-1.5, -0.7, 0.0) 26
[12:39:20.388]: (-1.5, -0.7, 0.0) 26
[12:39:20.431]: (-1.5, -0.7, 0.0) 26
[12:39:20.454]: (-1.5, -0.7, 0.0) 26
[12:39:20.475]: (-1.5, -0.7, 0.0) 26
[12:39:20.498]: (-1.5, -0.7, 0.0) 26
[12:39:20.520]: (-1.5, -0.7, 0.0) 26
[12:39:20.587]: (-1.5, -0.7, 0.0) 26
[12:39:20.610]: (-1.4, -0.4, 0.0) 5
[12:39:20.631]: (-1.4, -0.4, 0.0) 5
[12:39:20.651]: (-1.4, -0.4, 0.0) 5
[12:39:20.669]: (-1.4, -0.5, 0.0) 5
[12:39:20.686]: (-1.5, -0.7, 0.0) 26
[12:39:20.703]: (-1.5, -0.7, 0.0) 26
[12:39:20.721]: (-1.5, -0.7, 0.0) 26
[12:39:20.737]: (-1.5, -0.7, 0.0) 26
[12:39:20.753]: (-1.5, -0.7, 0.0) 26
[12:39:20.770]: (-1.5, -0.7, 0.0) 26
[12:39:20.785]: (-1.5, -0.7, 0.0) 26
[12:39:22.820]: (-0.7, 1.7, 0.2) 15
[12:39:22.854]: (-0.6, 1.7, 0.2) 15
[12:39:23.354]: (-0.2, 1.8, 0.3) 14
[12:39:23.375]: (-0.2, 1.8, 0.3) 14
[12:39:23.692]: (0.1, 2.4, 0.5) 20
[12:39:23.713]: (0.0, 2.4, 0.4) 20
[12:39:23.736]: (0.0, 2.4, 0.4) 20
[12:39:23.757]: (0.0, 2.3, 0.5) 20
[12:39:23.780]: (0.0, 2.3, 0.5) 20
[12:39:23.889]: (0.3, 2.4, 0.4) 26
[12:39:23.977]: (0.8, 3.3, 1.1) 1
[12:39:24.001]: (0.7, 3.2, 1.1) 2
[12:39:24.275]: (0.6, 3.2, 2.2) 29
[12:39:24.295]: (0.3, 2.5, 1.5) 31
[12:39:24.317]: (0.5, 3.0, 2.2) 28
[12:39:24.563]: (-0.3, 1.5, 0.9) 18
[12:39:24.605]: (-0.3, 1.5, 0.9) 18
[12:39:24.627]: (-0.3, 1.4, 0.9) 18
[12:39:24.648]: (-0.2, 1.5, 0.9) 18
[12:39:24.789]: (-0.1, 1.2, 0.6) 14
[12:39:25.109]: (0.4, 1.6, 1.3) 25
[12:39:25.142]: (0.3, 1.6, 1.3) 25
[12:39:25.177]: (0.3, 1.6, 1.3) 25
[12:39:25.510]: (0.5, 1.9, 1.8) 31
[12:39:25.831]: (0.0, 1.6, 1.2) 21
[12:39:25.852]: (0.0, 1.6, 1.2) 21
[12:39:25.875]: (0.0, 1.6, 1.2) 21
[12:39:25.941]: (0.1, 1.7, 1.4) 19
[12:39:26.052]: (0.1, 1.7, 1.4) 19
[12:39:26.075]: (0.1, 1.7, 1.4) 19
[12:39:26.097]: (0.1, 1.7, 1.4) 19
[12:39:26.119]: (0.1, 1.7, 1.4) 19
[12:39:26.142]: (0.1, 1.7, 1.4) 19
[12:39:26.164]: (0.1, 1.7, 1.4) 19
[12:39:26.185]: (0.1, 1.7, 1.4) 19
[12:39:26.210]: (0.1, 1.7, 1.4) 19
[12:39:27.035]: (-0.2, 1.6, 1.2) 20
[12:39:27.068]: (0.0, 1.6, 1.2) 21
[12:39:27.088]: (0.0, 1.6, 1.2) 21
[12:39:27.106]: (0.0, 1.6, 1.2) 21
[12:39:27.125]: (-0.1, 1.6, 1.2) 21
[12:39:27.142]: (-0.1, 1.6, 1.2) 21
[12:39:27.164]: (0.0, 1.6, 1.2) 21
[12:39:27.201]: (-0.1, 1.6, 1.2) 21
[12:39:27.221]: (0.0, 1.6, 1.2) 21
[12:39:27.240]: (0.0, 1.6, 1.2) 21
[12:39:27.257]: (0.0, 1.6, 1.2) 21
[12:39:27.275]: (0.0, 1.6, 1.2) 21
[12:39:27.293]: (0.0, 1.6, 1.2) 21
[12:39:27.309]: (0.0, 1.6, 1.2) 21
[12:39:27.508]: (0.4, 2.0, 1.8) 31
[12:39:27.531]: (0.4, 2.0, 1.8) 31
[12:39:27.554]: (0.4, 2.0, 1.8) 31
[12:39:27.597]: (0.3, 1.9, 1.7) 30
[12:39:27.620]: (0.8, 2.0, 2.0) 2
[12:39:27.642]: (0.9, 2.0, 1.9) 2
[12:39:27.663]: (1.0, 2.0, 2.0) 1
[12:39:27.685]: (0.9, 2.0, 2.0) 1
[12:39:27.706]: (1.0, 2.0, 2.0) 1
[12:39:27.723]: (1.0, 2.0, 2.1) 1
[12:39:27.739]: (1.0, 2.0, 2.1) 1
[12:39:27.771]: (0.9, 2.0, 2.0) 2
[12:39:27.847]: (0.9, 2.0, 2.0) 2
[12:39:27.865]: (0.9, 2.0, 2.0) 2
[12:39:27.882]: (0.8, 2.0, 2.0) 2
[12:39:27.929]: (-0.1, 1.5, 1.2) 21
[12:39:27.961]: (0.0, 1.5, 1.2) 21
[12:39:27.978]: (0.0, 1.5, 1.2) 21
[12:39:27.996]: (0.0, 1.5, 1.3) 21
[12:39:28.135]: (0.0, 1.5, 1.3) 21
[12:39:28.151]: (0.0, 1.5, 1.3) 21
[12:39:28.218]: (0.0, 1.5, 1.2) 21
[12:39:28.626]: (0.3, 1.5, 1.1) 26
[12:39:28.676]: (0.3, 1.5, 1.1) 26
[12:39:28.693]: (0.4, 1.5, 1.1) 26
[12:39:28.725]: (0.4, 1.5, 1.1) 26
[12:39:28.742]: (0.3, 1.5, 1.1) 26
[12:39:28.820]: (0.4, 1.4, 1.1) 26
[12:39:28.925]: (0.4, 1.5, 1.1) 26
[12:39:28.941]: (0.4, 1.5, 1.1) 26
[12:39:28.958]: (0.4, 1.5, 1.1) 26
[12:39:28.976]: (0.4, 1.5, 1.1) 26
[12:39:28.994]: (0.4, 1.5, 1.1) 26
[12:39:29.026]: (0.5, 1.3, 0.9) 5
[12:39:29.285]: (0.6, 1.3, 1.0) 7
[12:39:29.329]: (0.6, 1.3, 1.0) 7
[12:39:29.350]: (0.5, 1.3, 0.9) 5
[12:39:29.373]: (0.6, 1.3, 0.9) 5
[12:39:29.395]: (0.6, 1.3, 0.9) 5
[12:39:29.418]: (0.5, 1.3, 0.9) 5
[12:39:29.439]: (0.5, 1.3, 0.9) 5
[12:39:29.456]: (0.5, 1.3, 0.9) 5
[12:39:29.475]: (0.5, 1.3, 0.9) 5
[12:39:29.490]: (0.5, 1.3, 0.9) 5
[12:39:29.506]: (0.5, 1.3, 0.9) 5
[12:39:29.525]: (0.5, 1.3, 0.9) 5
[12:39:29.543]: (0.5, 1.3, 0.9) 5
[12:39:29.562]: (0.5, 1.3, 0.9) 5
[12:39:29.579]: (0.5, 1.3, 0.9) 5
[12:39:29.596]: (0.6, 1.3, 0.9) 5
[12:39:29.612]: (0.6, 1.3, 1.0) 7
[12:39:29.628]: (0.5, 1.3, 0.9) 5
[12:39:29.645]: (0.6, 1.3, 0.9) 5
[12:39:29.661]: (0.5, 1.3, 0.9) 5
[12:39:29.739]: (0.3, 2.1, 2.1) 22
[12:39:29.771]: (0.2, 2.2, 2.3) 23
[12:39:29.961]: (-0.3, 2.0, 1.8) 12
[12:39:30.339]: (-0.6, 1.5, 1.2) 16
[12:39:30.658]: (0.3, 2.1, 2.1) 22
[12:39:30.754]: (0.5, 1.9, 1.8) 31
[12:39:30.771]: (0.8, 2.0, 2.0) 2
[12:39:30.788]: (0.8, 2.0, 2.0) 2
[12:39:30.805]: (0.8, 2.0, 2.0) 2
[12:39:30.829]: (0.8, 2.0, 2.0) 2
[12:39:30.850]: (0.8, 2.0, 2.0) 2
[12:39:30.895]: (0.8, 2.0, 2.0) 2
[12:39:30.917]: (0.8, 2.0, 2.0) 2
[12:39:30.939]: (0.8, 2.0, 2.0) 2
[12:39:31.313]: (0.2, 2.1, 2.1) 22
[12:39:31.330]: (0.2, 2.1, 2.1) 22
[12:39:31.362]: (0.2, 2.1, 2.1) 22
[12:39:31.379]: (0.2, 2.1, 2.1) 22
[12:39:31.410]: (0.2, 2.1, 2.1) 22
[12:39:31.427]: (0.2, 2.1, 2.1) 22
[12:39:31.444]: (0.2, 2.2, 2.1) 22
[12:39:31.461]: (0.3, 2.2, 2.2) 23
[12:39:31.649]: (0.2, 2.2, 2.1) 22
[12:39:31.672]: (0.3, 2.2, 2.1) 22
[12:39:31.694]: (0.3, 2.2, 2.1) 22
[12:39:31.716]: (0.3, 2.2, 2.1) 22
[12:39:31.738]: (0.3, 2.1, 2.1) 22
[12:39:31.761]: (0.2, 2.1, 2.1) 22
[12:39:31.783]: (0.2, 2.1, 2.1) 22
[12:39:31.806]: (0.2, 2.1, 2.1) 22
[12:39:31.828]: (0.2, 2.1, 2.1) 22
[12:39:31.850]: (0.2, 2.1, 2.1) 22
[12:39:31.872]: (0.2, 2.1, 2.1) 22
[12:39:31.894]: (0.2, 2.1, 2.1) 22
[12:39:31.916]: (0.3, 2.1, 2.1) 22
[12:39:31.938]: (0.3, 2.1, 2.1) 22
[12:39:31.983]: (0.8, 2.0, 2.0) 2
[12:39:32.009]: (0.8, 2.0, 2.0) 2
[12:39:32.026]: (0.9, 2.0, 2.0) 2
[12:39:32.089]: (0.9, 2.0, 2.0) 2
[12:39:32.138]: (0.8, 2.0, 2.0) 2
[12:39:32.155]: (0.8, 2.0, 2.0) 2
[12:39:32.171]: (0.8, 2.0, 2.0) 2
[12:39:32.247]: (0.8, 2.0, 2.0) 2
[12:39:32.371]: (0.9, 2.0, 2.0) 2
[12:39:32.403]: (0.9, 2.0, 2.0) 2
[12:39:32.436]: (0.9, 2.0, 2.0) 2
[12:39:32.539]: (0.8, 2.0, 2.0) 2
[12:39:32.556]: (0.8, 2.0, 2.0) 2
[12:39:32.574]: (0.8, 2.0, 2.0) 2
[12:39:32.592]: (0.8, 2.0, 2.0) 2
[12:39:32.611]: (0.8, 2.0, 2.0) 2
[12:39:32.629]: (0.8, 2.0, 2.0) 2
[12:39:32.646]: (0.8, 2.0, 2.0) 2
[12:39:32.662]: (0.8, 2.0, 2.0) 2
[12:39:32.749]: (0.8, 2.0, 2.0) 2
[12:39:32.784]: (0.8, 2.0, 2.0) 2
[12:39:32.816]: (0.8, 2.0, 2.0) 2
[12:39:32.850]: (0.8, 2.0, 2.0) 2
[12:39:32.883]: (0.8, 2.0, 2.0) 2
[12:39:32.917]: (0.8, 2.0, 2.0) 2
[12:39:32.950]: (0.8, 2.1, 2.1) 0
[12:39:33.119]: (0.8, 2.0, 2.2) 0
[12:39:33.150]: (0.8, 2.0, 2.1) 0
[12:39:33.184]: (0.8, 2.0, 2.2) 0
[12:39:33.560]: (-0.1, 1.2, 1.2) 21
[12:39:33.939]: (-0.4, 1.2, 0.9) 18
[12:39:33.961]: (-0.4, 1.2, 0.9) 18
[12:39:34.452]: (0.0, 1.6, 1.1) 21
[12:39:34.496]: (0.0, 1.5, 1.2) 21
[12:39:34.586]: (0.6, 1.4, 1.3) 27
[12:39:34.608]: (0.6, 1.5, 1.2) 27
[12:39:34.630]: (0.4, 1.4, 1.0) 26
[12:39:34.648]: (0.4, 1.4, 1.0) 26
[12:39:34.681]: (0.4, 1.4, 1.0) 26
[12:39:34.699]: (0.4, 1.5, 1.0) 26
[12:39:34.716]: (0.4, 1.5, 1.0) 26
[12:39:34.748]: (0.4, 1.5, 1.0) 26
[12:39:34.795]: (0.4, 1.5, 1.0) 26
[12:39:34.813]: (0.4, 1.5, 1.0) 26
[12:39:34.829]: (0.4, 1.5, 1.0) 26
[12:39:34.846]: (0.4, 1.5, 1.0) 26
[12:39:34.862]: (0.4, 1.4, 1.0) 26
[12:39:34.879]: (0.4, 1.4, 1.0) 26
[12:39:34.895]: (0.4, 1.4, 1.0) 26
[12:39:34.928]: (0.7, 1.2, 0.9) 7
[12:39:34.945]: (0.6, 1.2, 0.9) 7
[12:39:34.961]: (0.6, 1.2, 0.9) 7
[12:39:34.979]: (0.6, 1.2, 0.9) 7
[12:39:34.997]: (0.6, 1.2, 0.9) 7
[12:39:35.017]: (0.6, 1.2, 0.9) 7
[12:39:35.034]: (0.7, 1.2, 0.9) 7
[12:39:35.050]: (0.6, 1.2, 0.9) 7
[12:39:35.066]: (0.6, 1.2, 0.9) 7
[12:39:35.083]: (0.6, 1.2, 0.9) 7
[12:39:35.105]: (0.6, 1.2, 0.9) 7
[12:39:35.126]: (0.6, 1.3, 1.0) 7
[12:39:35.740]: (0.0, 1.6, 1.1) 21
[12:39:35.772]: (-0.2, 1.5, 1.1) 20
[12:39:36.527]: (-0.6, 1.4, 0.9) 17
[12:39:36.544]: (-0.6, 1.4, 0.8) 17
[12:39:36.561]: (-0.6, 1.4, 0.9) 17
[12:39:36.580]: (-0.6, 1.4, 0.9) 17
[12:39:36.598]: (-0.7, 1.4, 0.8) 17
[12:39:36.615]: (-0.7, 1.4, 0.8) 17
[12:39:36.632]: (-0.7, 1.4, 0.8) 17
[12:39:36.648]: (-0.7, 1.4, 0.8) 17
[12:39:36.664]: (-0.7, 1.4, 0.9) 17
[12:39:36.681]: (-0.7, 1.4, 0.8) 17
[12:39:36.699]: (-0.7, 1.4, 0.8) 17
[12:39:36.715]: (-0.7, 1.4, 0.8) 17
[12:39:36.733]: (-0.7, 1.5, 0.8) 17
[12:39:36.749]: (-0.7, 1.4, 0.8) 17
[12:39:36.766]: (-0.7, 1.4, 0.8) 17
[12:39:36.783]: (-0.7, 1.4, 0.8) 17
[12:39:36.799]: (-0.7, 1.4, 0.8) 17
[12:39:36.817]: (-0.7, 1.4, 0.8) 17
[12:39:36.836]: (-0.7, 1.4, 0.8) 17
[12:39:36.859]: (-0.7, 1.4, 0.8) 17
[12:39:36.881]: (-0.6, 1.4, 0.9) 17
[12:39:36.948]: (-0.5, 1.9, 1.6) 13
[12:39:37.355]: (0.6, 1.5, 1.2) 27
[12:39:37.687]: (0.7, 1.5, 1.2) 27
[12:39:37.838]: (0.6, 1.2, 0.8) 6
[12:39:37.870]: (0.6, 1.2, 0.8) 6
[12:39:38.072]: (0.4, 1.4, 1.0) 26
[12:39:38.105]: (0.4, 1.4, 1.0) 26
[12:39:38.137]: (0.4, 1.4, 1.0) 26
[12:39:38.170]: (0.4, 1.4, 1.0) 26
[12:39:38.203]: (0.5, 1.4, 1.0) 26
[12:39:38.269]: (0.6, 1.2, 0.8) 5
[12:39:38.302]: (0.5, 1.2, 0.8) 5
[12:39:38.337]: (0.5, 1.2, 0.8) 5
[12:39:38.369]: (0.5, 1.2, 0.8) 5
[12:39:38.403]: (0.5, 1.2, 0.8) 5
[12:39:38.436]: (0.5, 1.2, 0.8) 5
[12:39:38.469]: (0.5, 1.2, 0.8) 5
[12:39:38.503]: (0.5, 1.2, 0.8) 5
[12:39:38.536]: (0.5, 1.2, 0.8) 5
[12:39:38.569]: (0.6, 1.2, 0.8) 6
[12:39:38.592]: (0.6, 1.2, 0.8) 6
[12:39:38.613]: (0.7, 1.2, 0.9) 7
[12:39:38.636]: (0.6, 1.2, 0.8) 6
[12:39:38.658]: (0.6, 1.2, 0.8) 6
[12:39:38.680]: (0.6, 1.2, 0.8) 6
[12:39:38.703]: (0.6, 1.2, 0.8) 6
[12:39:38.725]: (0.6, 1.2, 0.8) 6
[12:39:38.746]: (0.6, 1.2, 0.8) 6
[12:39:38.769]: (0.6, 1.2, 0.8) 6
[12:39:38.791]: (0.6, 1.2, 0.8) 6
[12:39:38.816]: (0.7, 1.2, 0.9) 7
[12:39:38.836]: (0.6, 1.2, 0.8) 6
[12:39:38.859]: (0.6, 1.2, 0.8) 6
[12:39:38.880]: (0.6, 1.2, 0.8) 6
[12:39:38.925]: (1.1, 1.5, 1.3) 4
[12:39:38.969]: (1.1, 1.5, 1.3) 4
[12:39:39.307]: (0.5, 1.9, 1.7) 31
[12:39:39.328]: (0.4, 1.9, 1.6) 30
[12:39:39.351]: (0.4, 1.8, 1.7) 30
[12:39:39.507]: (0.1, 1.8, 1.4) 19
[12:39:39.551]: (0.1, 1.7, 1.3) 19
[12:39:39.595]: (0.0, 1.6, 1.1) 21
[12:39:39.617]: (0.0, 1.6, 1.1) 21
[12:39:39.639]: (0.0, 1.5, 1.1) 21
[12:39:39.662]: (0.0, 1.5, 1.1) 21
[12:39:39.687]: (0.0, 1.5, 1.1) 21
[12:39:39.705]: (0.0, 1.5, 1.1) 21
[12:39:39.727]: (0.0, 1.5, 1.1) 21
[12:39:39.750]: (0.0, 1.5, 1.1) 21
[12:39:39.771]: (0.0, 1.5, 1.1) 21
[12:39:39.794]: (0.0, 1.5, 1.2) 21
[12:39:40.203]: (-0.2, 1.5, 1.1) 20
[12:39:40.220]: (-0.1, 1.5, 1.1) 20
[12:39:40.238]: (-0.1, 1.5, 1.1) 20
[12:39:40.256]: (-0.1, 1.5, 1.1) 20
[12:39:40.279]: (-0.1, 1.5, 1.1) 20
[12:39:40.324]: (0.0, 1.5, 1.1) 21
[12:39:40.693]: (0.1, 1.5, 1.1) 21
[12:39:40.710]: (0.1, 1.6, 1.1) 21
[12:39:40.726]: (0.1, 1.6, 1.1) 21
[12:39:40.743]: (0.0, 1.5, 1.1) 21
[12:39:40.762]: (0.0, 1.5, 1.1) 21
[12:39:40.780]: (0.0, 1.5, 1.1) 21
[12:39:40.796]: (0.0, 1.5, 1.1) 21
[12:39:40.813]: (0.0, 1.5, 1.1) 21
[12:39:40.831]: (0.0, 1.5, 1.1) 21
[12:39:40.849]: (0.0, 1.5, 1.1) 21
[12:39:40.866]: (0.0, 1.5, 1.1) 21
[12:39:40.883]: (0.0, 1.5, 1.1) 21
[12:39:40.901]: (0.0, 1.5, 1.1) 21
[12:39:40.917]: (0.0, 1.5, 1.1) 21
[12:39:40.965]: (0.4, 1.8, 1.7) 30
[12:39:40.981]: (0.4, 1.8, 1.7) 30
[12:39:41.072]: (0.4, 1.8, 1.7) 30
[12:39:41.089]: (0.4, 1.8, 1.7) 30
[12:39:41.108]: (0.4, 1.8, 1.7) 30
[12:39:41.125]: (0.4, 1.8, 1.7) 30
[12:39:41.501]: (1.3, 1.7, 1.7) 8
[12:39:41.545]: (1.3, 1.7, 1.7) 8
[12:39:41.735]: (1.3, 1.7, 1.7) 8
[12:39:42.475]: (0.4, 1.9, 1.6) 30
[12:39:42.879]: (0.4, 1.5, 1.2) 25
[12:39:43.011]: (0.4, 1.5, 1.3) 25
[12:39:43.033]: (0.4, 1.5, 1.3) 25
[12:39:44.089]: (0.4, 2.1, 2.0) 22
[12:39:44.164]: (0.4, 2.1, 2.0) 22
[12:39:44.181]: (0.4, 2.1, 2.0) 22
[12:39:44.198]: (0.4, 2.1, 2.0) 22
[12:39:44.215]: (0.4, 2.1, 2.0) 22
[12:39:44.233]: (0.4, 2.1, 2.0) 22
[12:39:44.251]: (0.4, 2.1, 2.0) 22
[12:39:44.269]: (0.4, 2.1, 2.0) 22
[12:39:45.198]: (0.6, 1.9, 1.7) 31
[12:39:45.261]: (0.9, 1.9, 1.9) 2
[12:39:45.278]: (0.9, 1.9, 1.9) 2
[12:39:45.324]: (0.9, 1.9, 1.9) 2
[12:39:45.355]: (0.9, 1.9, 1.9) 2
[12:39:45.372]: (0.9, 1.9, 1.9) 2
[12:39:45.391]: (0.9, 1.9, 1.8) 2
[12:39:45.408]: (0.9, 1.9, 1.8) 2
[12:39:45.424]: (0.9, 1.9, 1.8) 2
[12:39:45.442]: (1.0, 1.9, 1.8) 2
[12:39:45.460]: (0.9, 1.9, 1.8) 2
[12:39:45.478]: (0.9, 1.9, 1.8) 2
[12:39:45.499]: (1.0, 1.9, 1.8) 2
[12:39:45.522]: (1.0, 1.9, 1.8) 2
[12:39:45.544]: (0.9, 1.9, 1.8) 2
[12:39:45.567]: (1.0, 1.9, 1.8) 2
[12:39:45.589]: (1.1, 1.9, 2.0) 1
[12:39:45.612]: (0.9, 1.9, 1.9) 2
[12:39:45.633]: (0.9, 1.9, 1.9) 2
[12:39:45.655]: (0.9, 1.9, 1.9) 2
[12:39:45.677]: (0.9, 1.9, 1.8) 2
[12:39:45.700]: (0.9, 1.9, 1.9) 2
[12:39:45.722]: (0.9, 1.9, 1.9) 2
[12:39:45.744]: (0.9, 1.9, 1.9) 2
[12:39:46.169]: (0.8, 1.9, 2.0) 1
[12:39:46.212]: (0.7, 1.8, 1.9) 2
[12:39:46.638]: (0.7, 2.1, 1.9) 0
[12:39:46.658]: (0.7, 2.1, 1.8) 0
[12:39:46.680]: (0.7, 2.1, 1.8) 0
[12:39:46.702]: (0.7, 2.1, 1.8) 0
[12:39:46.722]: (0.7, 2.1, 1.8) 0
[12:39:46.745]: (0.7, 2.1, 1.8) 0
[12:39:46.788]: (0.6, 2.1, 1.9) 0
[12:39:46.941]: (0.6, 1.9, 1.9) 0
[12:39:47.201]: (0.6, 1.9, 1.9) 0
[12:39:47.218]: (0.6, 1.9, 1.9) 0
[12:39:47.236]: (0.6, 1.9, 1.9) 0
[12:39:47.252]: (0.6, 1.9, 1.9) 0
[12:39:47.268]: (0.6, 1.9, 1.9) 0
[12:39:47.285]: (0.6, 1.9, 1.9) 0
[12:39:47.304]: (0.6, 1.9, 1.9) 0
[12:39:47.322]: (0.6, 1.9, 1.9) 0
[12:39:47.338]: (0.6, 1.9, 1.9) 0
[12:39:47.355]: (0.6, 1.9, 1.9) 0
[12:39:47.372]: (0.6, 1.9, 1.9) 0
[12:39:47.389]: (0.6, 1.9, 1.9) 0
[12:39:47.409]: (0.6, 1.9, 1.9) 0
[12:39:47.434]: (0.6, 1.9, 1.9) 0
[12:39:47.455]: (0.6, 1.9, 1.9) 0
[12:39:47.477]: (0.6, 1.9, 1.9) 0
[12:39:47.501]: (0.6, 1.9, 1.9) 0
[12:39:47.519]: (0.6, 1.9, 1.9) 0
[12:39:47.545]: (0.6, 1.9, 1.9) 0
[12:39:47.566]: (0.6, 1.9, 1.9) 0
[12:39:47.589]: (0.6, 1.9, 1.9) 0
[12:39:47.611]: (0.6, 1.9, 1.9) 0
[12:39:47.633]: (0.6, 1.9, 1.9) 0
[12:39:47.654]: (0.6, 1.9, 1.9) 0
[12:39:47.679]: (0.6, 1.9, 1.9) 0
[12:39:47.698]: (0.6, 1.9, 1.9) 0
[12:39:47.721]: (0.6, 1.9, 1.9) 0
[12:39:47.744]: (0.6, 1.8, 1.8) 2
[12:39:47.766]: (0.6, 1.8, 1.7) 2
[12:39:47.788]: (0.6, 1.8, 1.7) 2
[12:39:47.806]: (0.6, 1.8, 1.7) 2
[12:39:47.823]: (0.6, 1.8, 1.7) 2
[12:39:47.839]: (0.6, 1.8, 1.7) 2
[12:39:47.857]: (0.6, 1.8, 1.7) 2
[12:39:47.875]: (0.6, 1.8, 1.7) 2
[12:39:47.893]: (0.6, 1.8, 1.7) 2
[12:39:47.911]: (0.6, 1.8, 1.7) 2
[12:39:47.929]: (0.6, 1.8, 1.7) 2
[12:39:47.946]: (0.6, 1.8, 1.7) 2
[12:39:47.962]: (0.6, 1.8, 1.7) 2
[12:39:47.980]: (0.6, 1.8, 1.7) 2
[12:39:47.996]: (0.6, 1.8, 1.7) 2
[12:39:48.016]: (0.6, 1.8, 1.8) 2
[12:39:48.125]: (0.1, 2.0, 1.9) 22
[12:39:48.141]: (0.1, 2.0, 1.9) 22
[12:39:48.172]: (0.1, 2.0, 1.9) 22
[12:39:48.220]: (0.1, 1.9, 1.9) 22
[12:39:48.236]: (0.1, 1.9, 1.9) 22
[12:39:48.253]: (0.1, 1.9, 1.9) 22
[12:39:48.269]: (0.0, 1.9, 1.9) 22
[12:39:48.287]: (0.0, 2.0, 1.9) 22
[12:39:48.726]: (0.0, 1.9, 1.9) 22
[12:39:48.773]: (0.0, 1.9, 1.9) 22
[12:39:48.790]: (0.0, 1.9, 1.9) 22
[12:39:48.837]: (0.0, 1.9, 1.9) 22
[12:39:48.856]: (0.0, 2.0, 1.8) 22
[12:39:48.871]: (0.0, 1.9, 1.9) 22
[12:39:48.887]: (0.0, 1.9, 1.9) 22
[12:39:48.904]: (0.0, 2.0, 1.9) 22
[12:39:48.920]: (0.0, 1.9, 1.9) 22
[12:39:48.938]: (0.0, 2.0, 1.8) 22
[12:39:48.955]: (0.0, 2.0, 1.8) 22
[12:39:48.972]: (0.0, 1.9, 1.8) 22
[12:39:48.991]: (0.0, 2.0, 1.8) 22
[12:39:49.008]: (0.0, 1.9, 1.9) 22
[12:39:49.026]: (0.0, 1.9, 1.9) 22
[12:39:49.043]: (0.0, 2.0, 1.8) 22
[12:39:49.059]: (0.0, 2.0, 1.9) 22
[12:39:49.078]: (0.0, 2.0, 1.8) 22
[12:39:49.094]: (0.0, 2.0, 1.8) 22
[12:39:49.111]: (0.0, 2.0, 1.8) 22
[12:39:49.127]: (0.0, 2.0, 1.8) 22
[12:39:49.143]: (0.0, 2.0, 1.8) 22
[12:39:49.165]: (0.0, 2.0, 1.8) 22
[12:39:49.186]: (0.0, 2.0, 1.8) 22
[12:39:49.276]: (0.2, 1.7, 1.5) 30
[12:39:49.298]: (0.1, 1.7, 1.5) 30
[12:39:49.322]: (0.1, 1.7, 1.5) 30
[12:39:49.342]: (0.2, 1.7, 1.5) 30
[12:39:49.365]: (0.1, 1.7, 1.5) 30
[12:39:49.389]: (0.1, 1.7, 1.5) 30
[12:39:49.408]: (0.1, 1.7, 1.5) 30
[12:39:49.432]: (0.1, 1.7, 1.5) 30
[12:39:49.454]: (0.1, 1.7, 1.5) 30
[12:39:49.476]: (0.1, 1.7, 1.5) 30
[12:39:49.498]: (0.1, 1.7, 1.5) 30
[12:39:49.542]: (0.0, 2.0, 1.8) 22
[12:39:49.564]: (0.0, 2.0, 1.8) 22
[12:39:49.588]: (0.0, 2.0, 1.8) 22
[12:39:49.609]: (0.0, 2.0, 1.8) 22
[12:39:49.627]: (0.0, 2.0, 1.8) 22
[12:39:49.644]: (0.0, 2.0, 1.8) 22
[12:39:49.659]: (0.0, 2.0, 1.8) 22
[12:39:49.675]: (0.0, 2.0, 1.8) 22
[12:39:49.691]: (0.0, 2.0, 1.8) 22
[12:39:49.711]: (0.0, 2.0, 1.8) 22
[12:39:49.727]: (0.0, 2.0, 1.8) 22
[12:39:49.743]: (0.0, 2.0, 1.8) 22
[12:39:49.759]: (0.0, 2.0, 1.8) 22
[12:39:49.777]: (0.0, 2.0, 1.8) 22
[12:39:49.793]: (0.0, 2.0, 1.8) 22
[12:39:49.811]: (0.0, 2.0, 1.8) 22
[12:39:49.827]: (0.0, 2.0, 1.9) 22
[12:39:49.846]: (0.0, 2.0, 1.9) 22
[12:39:49.863]: (0.0, 2.0, 1.9) 22
[12:39:49.880]: (0.0, 2.0, 1.9) 22
[12:39:49.897]: (0.0, 2.0, 1.9) 22
[12:39:49.914]: (0.0, 2.0, 1.9) 22
[12:39:49.934]: (0.0, 2.0, 1.9) 22
[12:39:49.952]: (0.0, 2.0, 1.9) 22
[12:39:49.969]: (0.0, 2.0, 1.9) 22
[12:39:49.989]: (0.0, 2.0, 1.9) 22
[12:39:50.006]: (0.0, 2.0, 1.9) 22
[12:39:50.024]: (0.0, 2.0, 1.9) 22
[12:39:50.041]: (0.0, 2.0, 1.9) 22
[12:39:50.057]: (0.0, 2.0, 1.9) 22
[12:39:50.075]: (0.0, 2.0, 1.9) 22
[12:39:50.098]: (0.0, 2.0, 1.8) 22
[12:39:50.120]: (0.0, 2.0, 1.8) 22
[12:39:50.231]: (0.0, 2.0, 1.9) 22
[12:39:50.276]: (0.0, 2.0, 1.9) 22
[12:39:50.299]: (0.0, 2.0, 1.9) 22
[12:39:50.320]: (0.0, 2.0, 1.9) 22
[12:39:50.343]: (0.0, 2.0, 1.9) 22
[12:39:50.364]: (0.0, 2.0, 1.9) 22
[12:39:50.387]: (0.0, 2.0, 1.9) 22
[12:39:50.903]: (0.0, 2.1, 2.0) 23
[12:39:51.332]: (0.0, 2.0, 1.9) 22
[12:39:51.652]: (0.0, 2.1, 2.1) 23
[12:39:51.670]: (0.0, 2.1, 2.0) 23
[12:39:51.687]: (0.0, 2.1, 2.0) 23
[12:39:51.705]: (0.0, 2.1, 2.0) 23
[12:39:51.723]: (0.0, 2.1, 2.0) 23
[12:39:51.740]: (0.0, 2.1, 2.0) 23
[12:39:51.758]: (0.0, 2.1, 2.0) 23
