[12:25:56.503]: (-2.4, -0.7, -0.1) 6
[12:25:57.753]: (-1.6, -0.7, -0.2) 3
[12:25:57.778]: (-1.6, -0.7, -0.2) 3
[12:25:57.798]: (-1.6, -0.7, -0.2) 3
[12:26:01.855]: (-1.6, -0.7, -0.3) 3
[12:26:01.876]: (-1.6, -0.7, -0.3) 3
[12:26:01.920]: (-1.6, -0.8, -0.3) 3
[12:26:01.942]: (-1.6, -0.8, -0.3) 3
[12:26:01.964]: (-1.6, -0.8, -0.3) 3
[12:26:02.160]: (-1.6, -0.8, -0.3) 3
[12:26:02.177]: (-1.6, -0.7, -0.3) 3
[12:26:02.194]: (-1.6, -0.7, -0.2) 3
[12:26:02.211]: (-1.6, -0.7, -0.2) 3
[12:26:02.257]: (-1.6, -0.7, -0.2) 3
[12:26:02.275]: (-1.6, -0.7, -0.2) 3
[12:26:02.293]: (-1.6, -0.7, -0.2) 3
[12:26:02.312]: (-1.6, -0.7, -0.2) 3
[12:26:02.331]: (-1.6, -0.7, -0.2) 3
[12:26:02.351]: (-1.6, -0.7, -0.2) 3
[12:26:02.367]: (-1.6, -0.7, -0.2) 3
[12:26:02.384]: (-1.6, -0.8, -0.2) 3
[12:26:02.399]: (-1.6, -0.7, -0.2) 3
[12:26:02.416]: (-1.6, -0.8, -0.3) 3
[12:26:02.796]: (-2.0, 0.0, -0.2) 4
[12:26:03.262]: (-1.6, 2.1, 0.4) 4
[12:26:03.574]: (-1.0, 2.8, 1.3) 7
[12:26:03.665]: (-1.0, 2.8, 1.3) 7
[12:26:03.685]: (-1.0, 2.8, 1.3) 7
[12:26:03.706]: (-1.0, 2.8, 1.3) 7
[12:26:03.730]: (-1.0, 2.8, 1.3) 7
[12:26:03.751]: (-1.0, 2.8, 1.3) 7
[12:26:03.776]: (-1.0, 2.8, 1.3) 7
[12:26:03.795]: (-1.1, 2.8, 1.3) 9
[12:26:03.818]: (-1.1, 2.8, 1.3) 9
[12:26:03.841]: (-1.1, 2.8, 1.4) 9
[12:26:03.862]: (-1.1, 2.8, 1.4) 9
[12:26:03.929]: (-1.2, 2.3, 0.8) 3
[12:26:03.951]: (-1.2, 2.3, 0.8) 3
[12:26:03.974]: (-1.2, 2.3, 0.8) 3
[12:26:03.998]: (-1.2, 2.3, 0.8) 3
[12:26:04.018]: (-1.2, 2.3, 0.8) 3
[12:26:04.040]: (-1.2, 2.3, 0.8) 3
[12:26:04.062]: (-1.2, 2.3, 0.8) 3
[12:26:04.442]: (-0.9, 2.3, 0.8) 4
[12:26:04.465]: (-0.8, 2.3, 0.7) 4
[12:26:04.488]: (-0.8, 2.3, 0.7) 4
[12:26:04.509]: (-0.8, 2.3, 0.7) 4
[12:26:04.532]: (-0.8, 2.3, 0.7) 4
[12:26:04.553]: (-0.8, 2.3, 0.7) 4
[12:26:04.644]: (-0.8, 2.4, 0.8) 3
[12:26:04.666]: (-0.8, 2.3, 0.8) 3
[12:26:04.687]: (-0.8, 2.3, 0.8) 3
[12:26:05.284]: (-0.7, 2.2, 0.9) 3
[12:26:05.306]: (-0.7, 2.2, 0.9) 3
[12:26:05.329]: (-0.7, 2.2, 1.0) 3
[12:26:05.351]: (-0.7, 2.2, 1.0) 3
[12:26:05.675]: (-0.4, 2.7, 1.3) 7
[12:26:05.726]: (-0.4, 2.7, 1.3) 9
[12:26:05.748]: (-0.4, 2.7, 1.3) 9
[12:26:05.867]: (-0.6, 2.3, 1.0) 3
[12:26:05.890]: (-0.7, 2.2, 0.9) 3
[12:26:05.911]: (-0.7, 2.2, 0.9) 3
[12:26:05.933]: (-0.7, 2.2, 0.9) 3
[12:26:05.957]: (-0.7, 2.2, 0.9) 3
[12:26:05.977]: (-0.7, 2.2, 0.9) 3
[12:26:06.007]: (-0.6, 2.2, 0.9) 3
[12:26:06.030]: (-0.6, 2.2, 1.0) 3
[12:26:06.331]: (-0.5, 1.8, 1.0) 4
[12:26:06.352]: (-0.5, 1.8, 1.0) 4
[12:26:06.374]: (-0.5, 1.8, 1.0) 4
[12:26:06.394]: (-0.5, 1.8, 1.0) 4
[12:26:06.416]: (-0.5, 1.7, 1.0) 4
[12:26:06.439]: (-0.5, 1.7, 1.0) 4
[12:26:06.461]: (-0.5, 1.7, 1.0) 4
[12:26:06.484]: (-0.5, 1.7, 1.0) 4
[12:26:06.506]: (-0.6, 1.7, 1.0) 4
[12:26:06.529]: (-0.6, 1.7, 1.0) 4
[12:26:06.550]: (-0.5, 1.7, 1.0) 4
[12:26:06.572]: (-0.5, 1.8, 1.0) 4
[12:26:06.594]: (-0.5, 1.8, 1.0) 4
[12:26:06.617]: (-0.5, 1.8, 1.0) 4
[12:26:06.638]: (-0.5, 1.8, 1.0) 4
[12:26:06.655]: (-0.5, 1.8, 1.0) 4
[12:26:06.688]: (-0.6, 1.9, 1.0) 3
[12:26:06.704]: (-0.6, 1.9, 1.0) 3
[12:26:07.139]: (-0.6, 1.9, 1.0) 3
[12:26:07.161]: (-0.6, 1.9, 1.0) 3
[12:26:07.183]: (-0.5, 1.9, 1.0) 3
[12:26:07.205]: (-0.5, 1.9, 1.0) 3
[12:26:07.229]: (-0.5, 1.9, 1.0) 3
[12:26:07.450]: (-0.5, 1.9, 1.0) 3
[12:26:07.472]: (-0.5, 1.9, 1.0) 3
[12:26:07.494]: (-0.5, 1.9, 1.0) 3
[12:26:07.516]: (-0.5, 1.9, 1.0) 3
[12:26:07.751]: (-0.5, 1.6, 1.1) 3
[12:26:07.773]: (-0.5, 1.6, 1.2) 3
[12:26:07.793]: (-0.5, 1.5, 1.1) 3
[12:26:07.933]: (-0.5, 1.5, 1.2) 0
[12:26:08.036]: (-0.6, 1.4, 1.1) 4
[12:26:08.057]: (-0.6, 1.4, 1.1) 4
[12:26:08.218]: (-0.6, 1.4, 1.2) 3
[12:26:08.237]: (-0.6, 1.4, 1.2) 3
[12:26:08.259]: (-0.6, 1.4, 1.2) 3
[12:26:08.281]: (-0.6, 1.4, 1.2) 3
[12:26:08.301]: (-0.6, 1.4, 1.2) 3
[12:26:08.406]: (-0.6, 1.4, 1.2) 3
[12:26:08.428]: (-0.6, 1.4, 1.2) 3
[12:26:08.449]: (-0.6, 1.4, 1.2) 3
[12:26:08.471]: (-0.6, 1.4, 1.2) 3
[12:26:08.493]: (-0.6, 1.4, 1.2) 3
[12:26:08.516]: (-0.6, 1.4, 1.2) 3
[12:26:08.746]: (-0.6, 1.3, 1.1) 4
[12:26:08.763]: (-0.6, 1.3, 1.1) 4
[12:26:08.781]: (-0.6, 1.3, 1.1) 4
[12:26:08.797]: (-0.6, 1.3, 1.1) 4
[12:26:08.813]: (-0.6, 1.3, 1.1) 4
[12:26:08.831]: (-0.6, 1.3, 1.1) 4
[12:26:08.849]: (-0.6, 1.3, 1.1) 4
[12:26:08.865]: (-0.6, 1.3, 1.1) 4
[12:26:08.882]: (-0.6, 1.3, 1.1) 4
[12:26:08.898]: (-0.6, 1.3, 1.1) 4
[12:26:08.916]: (-0.6, 1.3, 1.1) 4
[12:26:08.932]: (-0.6, 1.3, 1.1) 4
[12:26:08.949]: (-0.6, 1.3, 1.1) 4
[12:26:08.965]: (-0.6, 1.3, 1.1) 4
[12:26:08.984]: (-0.6, 1.3, 1.1) 4
[12:26:09.000]: (-0.6, 1.3, 1.1) 4
[12:26:09.017]: (-0.6, 1.3, 1.1) 4
[12:26:09.033]: (-0.6, 1.3, 1.1) 4
[12:26:09.050]: (-0.6, 1.3, 1.1) 4
[12:26:09.071]: (-0.6, 1.3, 1.1) 4
[12:26:09.093]: (-0.6, 1.3, 1.1) 4
[12:26:09.115]: (-0.6, 1.3, 1.1) 4
[12:26:09.160]: (-0.6, 1.3, 1.1) 4
[12:26:09.183]: (-0.6, 1.3, 1.1) 4
[12:26:09.204]: (-0.6, 1.3, 1.1) 4
[12:26:09.227]: (-0.6, 1.3, 1.1) 4
[12:26:09.249]: (-0.6, 1.3, 1.1) 4
[12:26:09.271]: (-0.6, 1.3, 1.1) 4
[12:26:09.295]: (-0.6, 1.3, 1.1) 4
[12:26:09.317]: (-0.6, 1.3, 1.1) 4
[12:26:09.339]: (-0.6, 1.3, 1.1) 4
[12:26:09.360]: (-0.6, 1.3, 1.1) 4
[12:26:09.405]: (-0.6, 1.3, 1.1) 4
[12:26:09.493]: (-0.6, 1.3, 1.1) 4
[12:26:09.516]: (-0.6, 1.3, 1.1) 4
[12:26:09.533]: (-0.6, 1.3, 1.1) 4
[12:26:09.550]: (-0.6, 1.3, 1.1) 4
[12:26:09.565]: (-0.6, 1.3, 1.1) 4
[12:26:09.581]: (-0.6, 1.3, 1.1) 4
[12:26:09.597]: (-0.6, 1.3, 1.1) 4
[12:26:09.613]: (-0.6, 1.3, 1.1) 4
[12:26:09.631]: (-0.6, 1.3, 1.1) 4
[12:26:09.647]: (-0.6, 1.3, 1.1) 4
[12:26:10.282]: (-0.1, 1.9, 1.5) 9
[12:26:10.305]: (-0.1, 1.9, 1.5) 9
[12:26:10.327]: (-0.1, 1.9, 1.5) 9
[12:26:10.349]: (-0.1, 1.9, 1.5) 9
[12:26:10.371]: (-0.1, 1.9, 1.5) 9
[12:26:10.393]: (-0.1, 1.9, 1.5) 9
[12:26:10.816]: (-0.1, 2.0, 1.5) 9
[12:26:10.926]: (-0.2, 1.9, 1.5) 9
[12:26:10.948]: (-0.2, 1.9, 1.4) 7
[12:26:10.996]: (-0.2, 1.9, 1.6) 10
[12:26:11.019]: (-0.2, 1.9, 1.6) 10
[12:26:11.042]: (-0.2, 1.9, 1.6) 10
[12:26:11.171]: (-0.4, 1.8, 1.7) 10
[12:26:11.194]: (-0.4, 1.8, 1.7) 10
[12:26:11.259]: (-0.6, 1.6, 1.6) 9
[12:26:11.276]: (-0.6, 1.6, 1.6) 9
[12:26:11.292]: (-0.6, 1.6, 1.5) 9
[12:26:11.308]: (-0.6, 1.6, 1.5) 9
[12:26:11.327]: (-0.6, 1.6, 1.5) 9
[12:26:11.346]: (-0.6, 1.6, 1.5) 9
[12:26:11.362]: (-0.6, 1.6, 1.5) 9
[12:26:11.378]: (-0.6, 1.6, 1.5) 9
[12:26:11.396]: (-0.6, 1.6, 1.5) 9
[12:26:11.413]: (-0.6, 1.6, 1.5) 9
[12:26:11.434]: (-0.6, 1.6, 1.5) 9
[12:26:11.451]: (-0.6, 1.6, 1.5) 9
[12:26:11.468]: (-0.6, 1.6, 1.5) 9
[12:26:11.486]: (-0.6, 1.6, 1.5) 9
[12:26:11.503]: (-0.5, 1.6, 1.5) 9
[12:26:11.519]: (-0.5, 1.6, 1.5) 9
[12:26:11.536]: (-0.5, 1.6, 1.5) 9
[12:26:11.616]: (-0.5, 1.7, 1.7) 10
[12:26:11.633]: (-0.5, 1.7, 1.7) 10
[12:26:12.422]: (-0.7, 1.4, 1.6) 9
[12:26:12.441]: (-0.7, 1.4, 1.6) 9
[12:26:12.458]: (-0.7, 1.4, 1.6) 9
[12:26:12.476]: (-0.7, 1.4, 1.6) 9
[12:26:12.491]: (-0.7, 1.4, 1.6) 9
[12:26:12.507]: (-0.7, 1.4, 1.6) 9
[12:26:12.523]: (-0.7, 1.4, 1.6) 9
[12:26:12.540]: (-0.7, 1.4, 1.6) 9
[12:26:12.556]: (-0.7, 1.4, 1.6) 9
[12:26:12.572]: (-0.7, 1.4, 1.6) 9
[12:26:12.588]: (-0.7, 1.4, 1.6) 9
[12:26:12.606]: (-0.7, 1.4, 1.5) 7
[12:26:12.622]: (-0.7, 1.4, 1.5) 7
[12:26:12.638]: (-0.7, 1.4, 1.5) 7
[12:26:12.654]: (-0.7, 1.4, 1.5) 7
[12:26:12.671]: (-0.7, 1.4, 1.5) 7
[12:26:12.693]: (-0.7, 1.4, 1.6) 9
[12:26:12.713]: (-0.7, 1.4, 1.6) 9
[12:26:12.737]: (-0.7, 1.4, 1.6) 9
[12:26:12.760]: (-0.7, 1.3, 1.5) 9
[12:26:12.781]: (-0.7, 1.3, 1.5) 9
[12:26:12.803]: (-0.7, 1.3, 1.5) 9
[12:26:12.825]: (-0.7, 1.4, 1.5) 9
[12:26:12.850]: (-0.7, 1.4, 1.6) 9
[12:26:12.869]: (-0.7, 1.4, 1.6) 9
[12:26:12.892]: (-0.7, 1.4, 1.6) 9
[12:26:12.914]: (-0.7, 1.4, 1.6) 9
[12:26:12.936]: (-0.7, 1.4, 1.6) 9
[12:26:12.960]: (-0.7, 1.4, 1.6) 9
