[12:24:33.750]: (-4.7, 2.3, 1.9) 49
[12:24:33.787]: (-4.7, 2.3, 2.0) 49
[12:24:34.555]: (-2.0, 3.7, 2.2) 39
[12:24:36.122]: (-1.2, 4.0, 2.8) 3
[12:24:36.165]: (-1.5, 4.9, 3.9) 15
[12:24:36.675]: (-1.0, 3.4, 3.2) 4
[12:24:37.698]: (-1.0, 3.2, 3.7) 2
[12:24:38.519]: (-0.9, 3.5, 3.5) 2
[12:24:38.543]: (-0.9, 3.6, 3.5) 2
[12:24:39.621]: (-1.0, 1.0, 1.6) 37
[12:24:39.644]: (-1.0, 1.0, 1.6) 37
[12:24:40.471]: (2.1, 3.6, 3.5) 20
[12:24:40.487]: (2.0, 3.6, 3.6) 20
[12:24:40.721]: (3.1, 3.8, 3.5) 42
[12:24:40.741]: (3.2, 4.1, 3.8) 41
[12:24:41.518]: (-1.0, 3.6, 4.7) 15
[12:24:42.085]: (-1.0, 2.2, 3.9) 3
[12:24:42.251]: (-1.1, 2.2, 3.9) 3
[12:24:45.849]: (-1.3, 0.7, 1.7) 36
[12:24:45.872]: (-1.3, 0.6, 1.7) 36
[12:24:45.894]: (-1.3, 0.6, 1.7) 36
[12:24:45.916]: (-1.3, 0.6, 1.7) 36
[12:24:45.938]: (-1.3, 0.6, 1.7) 36
[12:24:45.960]: (-1.3, 0.6, 1.7) 36
[12:24:45.983]: (-1.3, 0.6, 1.7) 36
[12:24:46.004]: (-1.3, 0.6, 1.7) 36
[12:24:46.027]: (-1.3, 0.6, 1.7) 36
[12:24:46.049]: (-1.3, 0.6, 1.7) 36
[12:24:46.074]: (-1.3, 0.6, 1.7) 36
[12:24:46.096]: (-1.3, 0.7, 1.7) 36
[12:24:46.121]: (-1.3, 0.6, 1.7) 36
[12:24:46.142]: (-1.3, 0.6, 1.7) 36
[12:24:46.165]: (-1.3, 0.6, 1.7) 36
[12:24:46.186]: (-1.3, 0.6, 1.7) 36
[12:24:46.209]: (-1.3, 0.6, 1.7) 36
[12:24:47.249]: (-3.1, 1.8, 3.1) 6
[12:24:47.426]: (-4.0, 2.6, 4.2) 13
[12:24:47.866]: (-1.3, 0.8, 1.9) 35
[12:24:47.886]: (-1.4, 0.8, 1.9) 35
[12:24:47.905]: (-1.4, 0.8, 1.9) 35
[12:24:48.148]: (-1.3, 0.7, 1.7) 36
[12:24:48.172]: (-1.3, 0.6, 1.7) 36
[12:24:48.192]: (-1.3, 0.7, 1.7) 36
[12:24:48.214]: (-1.3, 0.7, 1.7) 36
[12:24:48.239]: (-1.3, 0.7, 1.7) 36
[12:24:48.260]: (-1.3, 0.7, 1.7) 36
[12:24:48.281]: (-1.3, 0.7, 1.7) 36
[12:24:48.306]: (-1.3, 0.6, 1.7) 36
[12:24:48.325]: (-1.3, 0.6, 1.7) 36
[12:24:48.349]: (-1.3, 0.6, 1.7) 36
[12:24:48.371]: (-1.3, 0.6, 1.7) 36
[12:24:48.388]: (-1.3, 0.6, 1.7) 36
[12:24:48.404]: (-1.3, 0.6, 1.7) 36
[12:24:48.420]: (-1.3, 0.6, 1.7) 36
[12:24:48.438]: (-1.3, 0.6, 1.7) 36
[12:24:48.502]: (-1.4, 1.5, 2.5) 7
[12:24:49.148]: (-2.8, 2.8, 4.1) 48
[12:24:49.289]: (-2.7, 2.6, 3.9) 50
[12:24:51.370]: (1.1, 1.9, 2.5) 18
[12:24:51.391]: (1.1, 1.9, 2.5) 18
[12:24:51.413]: (1.1, 1.9, 2.5) 18
[12:24:51.436]: (1.1, 2.0, 2.5) 18
[12:24:51.458]: (1.1, 1.9, 2.5) 18
[12:24:51.481]: (1.1, 1.9, 2.5) 18
[12:24:51.503]: (1.1, 1.9, 2.5) 18
[12:24:51.524]: (1.1, 1.9, 2.5) 18
[12:24:51.547]: (1.1, 1.9, 2.5) 18
[12:24:51.569]: (1.1, 1.9, 2.5) 18
[12:24:51.590]: (1.1, 1.9, 2.5) 18
[12:24:51.614]: (1.1, 1.9, 2.5) 18
[12:24:51.636]: (1.1, 1.9, 2.5) 18
[12:24:51.657]: (1.1, 1.9, 2.5) 18
[12:24:53.710]: (1.0, 1.9, 2.6) 18
[12:24:53.730]: (0.9, 1.9, 2.6) 18
[12:24:53.748]: (0.9, 1.9, 2.6) 18
[12:24:53.769]: (0.9, 1.9, 2.6) 18
[12:24:53.788]: (0.9, 1.9, 2.6) 18
[12:24:53.809]: (0.9, 2.0, 2.6) 18
[12:24:53.911]: (0.9, 2.0, 2.6) 18
[12:24:53.936]: (0.9, 2.0, 2.6) 18
[12:24:53.959]: (0.9, 2.0, 2.6) 18
[12:24:53.984]: (0.9, 2.0, 2.6) 18
[12:24:54.049]: (1.6, 3.7, 3.9) 20
[12:24:54.148]: (1.8, 4.3, 4.6) 25
[12:24:55.291]: (-1.4, 3.2, 4.7) 17
[12:24:55.423]: (-1.3, 3.3, 4.7) 17
[12:24:57.881]: (-2.2, 1.2, 2.6) 1
[12:24:58.769]: (-1.6, 1.5, 2.4) 7
[12:24:58.787]: (-1.6, 1.6, 2.4) 7
[12:24:58.804]: (-1.6, 1.6, 2.5) 7
[12:25:03.099]: (-3.4, 3.1, 3.0) 50
[12:25:03.120]: (-3.4, 3.2, 3.0) 50
[12:25:03.313]: (-3.6, 3.6, 3.0) 48
[12:25:03.333]: (-3.6, 3.6, 3.0) 48
[12:25:03.355]: (-3.7, 3.6, 3.0) 48
[12:25:04.643]: (-1.4, 5.7, 5.4) 30
[12:25:04.664]: (-1.4, 5.4, 5.1) 31
[12:25:04.687]: (-1.4, 5.4, 5.1) 31
[12:25:04.708]: (-1.4, 5.4, 5.1) 31
[12:25:04.731]: (-1.4, 5.4, 5.1) 31
[12:25:04.753]: (-1.4, 5.4, 5.1) 31
[12:25:04.775]: (-1.4, 5.5, 5.1) 31
[12:25:05.643]: (-0.8, 2.8, 2.9) 39
[12:25:05.761]: (-0.1, 2.3, 2.7) 18
[12:25:05.784]: (-0.1, 2.3, 2.7) 18
[12:25:05.806]: (-0.1, 2.3, 2.7) 18
[12:25:05.831]: (-0.1, 2.3, 2.7) 18
[12:25:05.856]: (-0.2, 2.3, 2.7) 18
[12:25:05.880]: (-0.2, 2.3, 2.7) 18
[12:25:05.905]: (-0.2, 2.4, 2.7) 18
[12:25:05.928]: (-0.2, 2.4, 2.7) 18
[12:25:05.951]: (-0.2, 2.4, 2.7) 18
[12:25:05.973]: (-0.3, 2.4, 2.6) 18
[12:25:06.001]: (-0.3, 2.4, 2.7) 18
[12:25:06.461]: (0.0, 3.1, 3.4) 22
[12:25:08.843]: (-1.3, 2.4, 2.0) 9
[12:25:08.868]: (-1.3, 2.5, 2.0) 9
[12:25:09.038]: (-1.2, 2.8, 2.0) 7
[12:25:09.058]: (-1.2, 2.8, 2.0) 7
[12:25:09.075]: (-1.2, 2.8, 2.1) 7
[12:25:09.108]: (-1.2, 2.8, 2.0) 7
[12:25:09.142]: (-1.2, 2.8, 2.0) 7
[12:25:09.173]: (-1.3, 2.9, 2.0) 7
[12:25:09.207]: (-1.2, 2.9, 2.0) 7
[12:25:09.240]: (-1.2, 2.9, 2.0) 7
[12:25:09.273]: (-1.2, 2.9, 2.0) 7
[12:25:10.143]: (-0.7, 3.3, 1.7) 7
[12:25:10.168]: (-0.7, 3.3, 1.7) 7
[12:25:10.191]: (-0.7, 3.3, 1.7) 7
[12:25:10.211]: (-0.7, 3.3, 1.7) 7
[12:25:10.235]: (-0.7, 3.3, 1.7) 7
[12:25:10.258]: (-0.7, 3.3, 1.7) 7
[12:25:10.280]: (-0.7, 3.3, 1.7) 7
[12:25:10.304]: (-0.7, 3.3, 1.7) 7
[12:25:10.325]: (-0.7, 3.3, 1.7) 7
[12:25:10.346]: (-0.7, 3.3, 1.7) 7
[12:25:11.296]: (-0.8, 2.9, 2.1) 7
[12:25:11.341]: (-0.8, 2.9, 2.1) 7
[12:25:11.366]: (-0.8, 2.9, 2.1) 7
[12:25:11.584]: (-0.7, 2.9, 1.9) 9
[12:25:12.317]: (-0.7, 3.1, 2.0) 7
[12:25:13.530]: (-0.7, 3.1, 2.0) 7
