[12:29:34.813]: (-3.7, -1.9, -0.1) 20
[12:29:34.856]: (-3.6, -1.8, -0.1) 21
[12:29:34.877]: (-2.7, -0.8, -0.1) 25
[12:29:34.901]: (-2.7, -0.7, 0.0) 26
[12:29:35.282]: (-4.5, -0.5, -0.2) 37
[12:29:35.414]: (-4.7, -0.2, 0.0) 24
[12:29:35.435]: (-4.4, 0.0, 0.0) 23
[12:29:38.421]: (-2.0, 3.1, 2.0) 34
[12:29:38.488]: (-1.9, 3.2, 2.1) 31
[12:29:38.509]: (-1.8, 3.1, 2.0) 32
[12:29:38.576]: (-1.8, 3.1, 2.0) 32
[12:29:38.643]: (-1.8, 3.1, 2.0) 32
[12:29:38.663]: (-1.9, 3.1, 2.1) 31
[12:29:38.680]: (-1.9, 3.1, 2.1) 31
[12:29:38.697]: (-1.9, 3.1, 2.1) 31
[12:29:38.715]: (-1.9, 3.1, 2.1) 31
[12:29:38.963]: (-2.0, 3.2, 2.1) 30
[12:29:39.954]: (-1.4, 2.1, 0.9) 4
[12:29:39.974]: (-1.2, 2.1, 0.9) 9
[12:29:39.998]: (-1.2, 2.2, 0.8) 9
[12:29:40.020]: (-1.2, 2.2, 0.8) 9
[12:29:40.041]: (-1.2, 2.2, 0.8) 9
[12:29:40.065]: (-1.2, 2.2, 0.8) 9
[12:29:40.087]: (-1.2, 2.2, 0.8) 9
[12:29:40.110]: (-1.2, 2.2, 0.9) 9
[12:29:40.131]: (-1.6, 2.6, 1.5) 15
[12:29:40.153]: (-1.6, 2.7, 1.5) 17
[12:29:40.180]: (-1.4, 2.6, 1.3) 13
[12:29:40.265]: (0.2, 2.8, 1.8) 26
[12:29:40.366]: (0.1, 2.7, 1.9) 26
[12:29:40.399]: (0.1, 2.8, 1.8) 26
[12:29:40.765]: (-0.1, 2.8, 2.0) 25
[12:29:40.798]: (0.9, 3.7, 2.9) 37
[12:29:40.832]: (0.9, 3.7, 2.9) 37
[12:29:40.866]: (0.9, 3.7, 2.9) 37
[12:29:40.898]: (0.9, 3.7, 2.9) 37
[12:29:40.931]: (0.9, 3.7, 2.9) 37
[12:29:40.953]: (0.8, 3.7, 2.9) 37
[12:29:40.977]: (0.8, 3.7, 2.9) 37
[12:29:41.020]: (0.8, 3.7, 2.9) 37
[12:29:41.042]: (0.8, 3.7, 2.9) 37
[12:29:41.510]: (0.8, 3.7, 2.9) 37
[12:29:41.530]: (0.8, 3.7, 2.9) 37
[12:29:41.554]: (0.8, 3.7, 2.9) 37
[12:29:41.576]: (0.8, 3.7, 2.9) 37
[12:29:41.597]: (0.8, 3.7, 2.9) 37
[12:29:41.620]: (0.8, 3.7, 2.9) 37
[12:29:41.824]: (0.9, 3.5, 2.7) 39
[12:29:41.846]: (0.9, 3.5, 2.7) 39
[12:29:41.868]: (0.9, 3.5, 2.7) 39
[12:29:41.891]: (0.9, 3.5, 2.7) 39
[12:29:41.913]: (0.9, 3.5, 2.7) 39
[12:29:41.936]: (0.9, 3.5, 2.7) 39
[12:29:41.958]: (0.9, 3.5, 2.7) 39
[12:29:41.980]: (0.9, 3.5, 2.7) 39
[12:29:42.002]: (0.9, 3.5, 2.7) 39
[12:29:42.024]: (0.9, 3.5, 2.7) 39
[12:29:42.046]: (0.9, 3.5, 2.7) 39
[12:29:42.069]: (0.9, 3.5, 2.7) 39
[12:29:42.091]: (0.9, 3.5, 2.7) 39
[12:29:42.113]: (0.9, 3.5, 2.7) 39
[12:29:42.135]: (0.9, 3.5, 2.7) 39
[12:29:42.158]: (0.9, 3.5, 2.7) 39
[12:29:42.179]: (0.9, 3.5, 2.7) 39
[12:29:42.196]: (0.9, 3.5, 2.7) 39
[12:29:42.212]: (0.9, 3.5, 2.7) 39
[12:29:42.229]: (0.9, 3.7, 2.9) 37
[12:29:42.295]: (0.8, 3.7, 2.9) 37
[12:29:42.422]: (0.8, 3.7, 2.9) 37
[12:29:42.440]: (0.8, 3.7, 2.9) 37
[12:29:42.460]: (0.8, 3.7, 2.9) 37
[12:29:42.510]: (0.8, 3.7, 2.8) 36
[12:29:42.527]: (0.8, 3.7, 2.8) 36
[12:29:42.545]: (0.7, 3.7, 2.8) 36
[12:29:42.563]: (0.7, 3.7, 2.8) 36
[12:29:42.586]: (0.7, 3.7, 2.8) 36
[12:29:42.609]: (0.7, 3.7, 2.8) 36
[12:29:42.754]: (0.3, 3.7, 3.0) 37
[12:29:42.820]: (0.2, 3.6, 2.9) 36
[12:29:43.863]: (-1.9, 3.3, 2.9) 37
[12:29:43.886]: (-1.9, 3.3, 2.9) 37
[12:29:43.907]: (-1.8, 3.3, 2.9) 37
[12:29:43.930]: (-1.9, 3.3, 2.9) 37
[12:29:43.953]: (-1.9, 3.3, 2.9) 37
[12:29:43.974]: (-1.9, 3.3, 2.9) 37
[12:29:44.020]: (-1.8, 3.3, 2.9) 37
[12:29:44.041]: (-1.8, 3.3, 2.8) 37
[12:29:44.377]: (-1.3, 3.5, 2.7) 37
[12:29:44.398]: (-1.3, 3.5, 2.7) 37
[12:29:44.420]: (-1.3, 3.5, 2.7) 37
[12:29:44.443]: (-1.3, 3.5, 2.7) 37
[12:29:44.465]: (-1.3, 3.5, 2.7) 37
[12:29:44.487]: (-1.3, 3.5, 2.7) 37
[12:29:44.509]: (-1.3, 3.5, 2.7) 37
[12:29:44.532]: (-1.3, 3.5, 2.7) 37
[12:29:44.555]: (-1.3, 3.5, 2.7) 37
[12:29:44.576]: (-1.3, 3.5, 2.7) 37
[12:29:44.599]: (-1.3, 3.5, 2.7) 37
[12:29:44.621]: (-1.3, 3.5, 2.7) 37
[12:29:44.643]: (-1.3, 3.5, 2.7) 37
[12:29:44.665]: (-1.4, 3.5, 2.7) 37
[12:29:44.682]: (-1.4, 3.5, 2.7) 37
[12:29:44.699]: (-1.4, 3.5, 2.7) 37
[12:29:44.716]: (-1.4, 3.5, 2.7) 37
[12:29:44.733]: (-1.4, 3.5, 2.7) 37
[12:29:44.750]: (-1.3, 3.5, 2.7) 37
[12:29:44.768]: (-1.3, 3.5, 2.7) 37
[12:29:44.785]: (-1.3, 3.5, 2.7) 37
[12:29:44.802]: (-1.3, 3.5, 2.7) 37
[12:29:44.821]: (-1.3, 3.5, 2.7) 37
[12:29:45.061]: (-1.4, 3.5, 2.6) 37
[12:29:45.082]: (-1.4, 3.5, 2.6) 37
[12:29:45.107]: (-1.4, 3.5, 2.6) 37
[12:29:45.325]: (-1.2, 3.4, 2.5) 37
[12:29:45.672]: (-1.6, 3.3, 2.1) 36
[12:29:45.714]: (-1.6, 3.4, 2.2) 37
[12:29:45.738]: (-1.6, 3.4, 2.2) 37
[12:29:45.761]: (-1.6, 3.4, 2.2) 37
[12:29:45.785]: (-1.6, 3.4, 2.2) 37
[12:29:45.998]: (-1.4, 3.4, 2.3) 37
[12:29:46.016]: (-1.4, 3.4, 2.3) 37
[12:29:46.033]: (-1.4, 3.4, 2.3) 37
[12:29:46.051]: (-1.4, 3.4, 2.3) 37
[12:29:46.158]: (-1.4, 3.4, 2.3) 37
[12:29:46.176]: (-1.5, 3.4, 2.3) 37
[12:29:46.196]: (-1.5, 3.4, 2.3) 37
[12:29:46.213]: (-1.5, 3.3, 2.3) 37
[12:29:46.231]: (-1.5, 3.3, 2.3) 37
[12:29:46.265]: (-1.5, 3.3, 2.3) 37
[12:29:46.281]: (-1.5, 3.3, 2.3) 37
[12:29:46.300]: (-1.5, 3.3, 2.3) 37
[12:29:46.322]: (-1.5, 3.3, 2.3) 37
[12:29:46.342]: (-1.5, 3.3, 2.3) 37
[12:29:46.360]: (-1.5, 3.3, 2.3) 37
[12:29:48.901]: (-1.3, 2.9, 2.3) 36
[12:29:48.917]: (-1.3, 2.9, 2.3) 36
[12:29:48.934]: (-1.3, 2.9, 2.3) 36
[12:29:48.951]: (-1.3, 2.9, 2.3) 36
[12:29:48.968]: (-1.3, 2.9, 2.3) 36
[12:29:48.987]: (-1.3, 2.9, 2.3) 36
[12:29:49.005]: (-1.3, 2.9, 2.3) 36
[12:29:49.023]: (-1.3, 2.9, 2.3) 36
[12:29:49.040]: (-1.3, 2.9, 2.3) 36
[12:29:49.058]: (-1.3, 2.9, 2.3) 36
[12:29:49.076]: (-1.3, 2.9, 2.3) 36
[12:29:49.093]: (-1.3, 2.9, 2.3) 36
[12:29:49.110]: (-1.3, 2.9, 2.3) 36
[12:29:49.127]: (-1.3, 2.9, 2.3) 36
[12:29:49.145]: (-1.3, 2.9, 2.3) 36
[12:29:49.164]: (-1.3, 2.9, 2.3) 36
[12:29:49.181]: (-1.3, 2.9, 2.3) 36
[12:29:49.198]: (-1.3, 2.9, 2.3) 36
[12:29:49.215]: (-1.3, 2.9, 2.3) 36
[12:29:49.240]: (-1.3, 2.9, 2.3) 36
[12:29:49.262]: (-1.3, 2.9, 2.3) 36
[12:29:49.283]: (-1.3, 2.9, 2.3) 36
[12:29:49.307]: (-1.3, 2.9, 2.3) 36
[12:29:49.328]: (-1.3, 2.9, 2.3) 36
[12:29:49.352]: (-1.3, 2.9, 2.3) 36
[12:29:49.373]: (-1.3, 2.9, 2.3) 36
[12:29:49.396]: (-1.3, 2.9, 2.3) 36
[12:29:49.417]: (-1.3, 2.9, 2.3) 36
[12:29:49.439]: (-1.3, 2.9, 2.3) 36
[12:29:49.463]: (-1.3, 2.9, 2.3) 36
[12:29:49.485]: (-1.3, 2.9, 2.3) 36
[12:29:49.506]: (-1.3, 2.9, 2.3) 36
[12:29:49.527]: (-1.3, 2.9, 2.3) 36
[12:29:49.550]: (-1.3, 2.9, 2.3) 36
[12:29:50.340]: (-1.5, 3.0, 2.4) 37
[12:29:50.363]: (-1.5, 3.0, 2.4) 37
[12:29:50.385]: (-1.5, 3.0, 2.4) 37
[12:29:50.408]: (-1.5, 3.0, 2.4) 37
[12:29:50.427]: (-1.5, 3.0, 2.4) 37
[12:29:50.449]: (-1.5, 3.0, 2.4) 37
[12:29:50.472]: (-1.5, 3.0, 2.4) 37
[12:29:50.494]: (-1.5, 3.0, 2.4) 37
[12:29:50.517]: (-1.5, 3.0, 2.4) 37
[12:29:50.538]: (-1.5, 3.0, 2.4) 37
[12:29:50.570]: (-1.5, 3.0, 2.4) 37
[12:29:50.589]: (-1.5, 3.0, 2.4) 37
[12:29:50.605]: (-1.5, 3.0, 2.4) 37
[12:29:50.622]: (-1.5, 3.0, 2.4) 37
[12:29:50.638]: (-1.5, 3.0, 2.4) 37
[12:29:50.654]: (-1.5, 3.0, 2.4) 37
