[12:15:09.629]: (-0.9, 0.2, 0.5) 9
[12:15:09.661]: (-0.8, 0.4, 0.4) 7
[12:15:09.693]: (-0.8, 0.5, 0.4) 5
[12:15:09.827]: (-0.8, 0.8, 0.5) 7
[12:15:10.006]: (-0.8, 1.1, 0.5) 7
[12:15:10.026]: (-0.8, 1.2, 0.5) 7
[12:15:10.049]: (-0.8, 1.2, 0.5) 7
[12:15:10.071]: (-0.8, 1.2, 0.5) 7
[12:15:10.094]: (-0.8, 1.3, 0.5) 7
[12:15:10.137]: (-0.7, 1.3, 0.5) 7
[12:15:10.159]: (-0.7, 1.3, 0.5) 7
[12:15:10.181]: (-0.7, 1.3, 0.4) 7
[12:15:10.204]: (-0.7, 1.4, 0.4) 7
[12:15:10.226]: (-0.7, 1.4, 0.4) 7
[12:15:10.249]: (-0.6, 1.4, 0.4) 7
[12:15:10.270]: (-0.6, 1.4, 0.4) 7
[12:15:10.294]: (-0.6, 1.4, 0.5) 7
[12:15:10.317]: (-0.6, 1.4, 0.5) 7
[12:15:10.360]: (-0.7, 1.6, 0.7) 9
[12:15:10.650]: (-0.7, 1.3, 1.3) 15
[12:15:10.670]: (-0.7, 1.3, 1.3) 15
[12:15:10.737]: (-0.5, 1.3, 1.0) 9
[12:15:10.759]: (-0.5, 1.3, 1.0) 9
[12:15:10.781]: (-0.5, 1.2, 1.0) 9
[12:15:10.805]: (-0.5, 1.2, 1.0) 9
[12:15:10.825]: (-0.5, 1.2, 1.0) 9
[12:15:11.005]: (-0.6, 1.2, 0.9) 8
[12:15:11.026]: (-0.6, 1.2, 0.9) 8
[12:15:11.072]: (-0.5, 1.2, 0.6) 7
[12:15:11.224]: (-0.5, 1.5, 0.5) 7
[12:15:11.246]: (-0.5, 1.5, 0.4) 7
[12:15:11.267]: (-0.5, 1.5, 0.4) 7
[12:15:11.289]: (-0.5, 1.5, 0.4) 7
[12:15:11.493]: (-0.5, 1.6, 0.3) 6
[12:15:11.516]: (-0.4, 1.7, 0.4) 6
[12:15:11.556]: (-0.4, 2.2, 0.9) 16
[12:15:11.714]: (-0.4, 2.2, 1.0) 16
[12:15:12.328]: (-0.7, 1.4, 0.5) 3
[12:15:12.347]: (-0.7, 1.4, 0.5) 3
[12:15:12.773]: (-0.1, 1.8, 1.0) 2
[12:15:12.794]: (-0.1, 1.8, 1.0) 2
[12:15:12.993]: (-0.3, 1.7, 0.8) 9
[12:15:13.092]: (-0.4, 1.7, 0.8) 9
[12:15:13.259]: (-0.4, 1.6, 0.7) 8
[12:15:13.925]: (-0.7, 1.7, 0.8) 2
[12:15:14.059]: (-0.5, 1.6, 0.4) 5
[12:15:14.081]: (-0.5, 1.6, 0.4) 5
[12:15:14.103]: (-0.5, 1.6, 0.4) 7
[12:15:14.126]: (-0.5, 1.6, 0.4) 7
[12:15:15.139]: (-0.3, 1.7, 0.9) 2
[12:15:15.601]: (-0.5, 1.8, 0.8) 1
[12:15:15.960]: (-0.4, 1.7, 0.8) 1
[12:15:15.982]: (-0.4, 1.7, 0.8) 1
[12:15:16.005]: (-0.4, 1.7, 0.8) 1
[12:15:16.027]: (-0.4, 1.7, 0.8) 1
[12:15:16.046]: (-0.4, 1.7, 0.7) 0
[12:15:16.067]: (-0.3, 1.7, 0.7) 0
[12:15:16.090]: (-0.3, 1.7, 0.7) 0
[12:15:16.112]: (-0.4, 1.8, 0.8) 1
[12:15:16.132]: (-0.3, 1.8, 0.8) 2
[12:15:16.154]: (-0.4, 1.8, 0.8) 2
[12:15:16.385]: (-0.4, 1.8, 0.8) 1
[12:15:16.515]: (-0.4, 1.8, 0.7) 1
[12:15:16.547]: (-0.4, 1.8, 0.7) 1
[12:15:16.581]: (-0.4, 1.8, 0.7) 1
[12:15:16.613]: (-0.4, 1.8, 0.7) 1
[12:15:17.468]: (-0.4, 1.8, 0.7) 1
[12:15:17.489]: (-0.4, 1.8, 0.7) 1
[12:15:17.534]: (-0.4, 1.8, 0.7) 1
[12:15:17.960]: (-0.1, 1.4, 0.6) 6
[12:15:17.982]: (-0.2, 1.4, 0.6) 6
[12:15:18.005]: (-0.2, 1.4, 0.6) 6
[12:15:18.027]: (-0.2, 1.4, 0.6) 6
[12:15:18.048]: (-0.2, 1.4, 0.6) 6
[12:15:18.070]: (-0.2, 1.4, 0.6) 6
[12:15:18.092]: (-0.2, 1.4, 0.6) 6
[12:15:18.115]: (-0.2, 1.4, 0.6) 6
[12:15:18.139]: (-0.2, 1.4, 0.6) 6
[12:15:18.160]: (-0.2, 1.4, 0.6) 6
[12:15:18.182]: (-0.2, 1.4, 0.6) 6
[12:15:18.204]: (-0.2, 1.4, 0.6) 6
[12:15:18.228]: (-0.2, 1.3, 0.6) 6
[12:15:18.249]: (-0.2, 1.3, 0.6) 6
[12:15:18.271]: (-0.2, 1.3, 0.6) 6
[12:15:18.293]: (-0.2, 1.3, 0.6) 6
[12:15:18.316]: (-0.2, 1.3, 0.6) 6
[12:15:18.337]: (-0.2, 1.3, 0.6) 6
[12:15:18.361]: (-0.2, 1.3, 0.6) 6
[12:15:18.379]: (-0.2, 1.3, 0.6) 6
[12:15:18.412]: (-0.4, 1.3, 0.6) 4
[12:15:18.444]: (-0.5, 1.3, 0.6) 3
[12:15:18.461]: (-0.6, 1.3, 0.6) 3
[12:15:18.478]: (-0.5, 1.3, 0.6) 3
[12:15:18.495]: (-0.5, 1.3, 0.6) 3
[12:15:18.512]: (-0.5, 1.3, 0.6) 3
[12:15:18.529]: (-0.5, 1.3, 0.6) 3
[12:15:18.546]: (-0.5, 1.3, 0.6) 3
[12:15:18.565]: (-0.5, 1.3, 0.6) 3
[12:15:18.581]: (-0.5, 1.3, 0.6) 3
[12:15:18.598]: (-0.5, 1.3, 0.6) 3
[12:15:18.616]: (-0.5, 1.3, 0.6) 3
[12:15:18.635]: (-0.5, 1.3, 0.6) 3
[12:15:18.653]: (-0.5, 1.3, 0.6) 3
[12:15:18.670]: (-0.5, 1.3, 0.6) 3
[12:15:18.686]: (-0.5, 1.3, 0.6) 3
[12:15:18.704]: (-0.5, 1.3, 0.6) 3
[12:15:18.721]: (-0.5, 1.3, 0.6) 3
[12:15:18.738]: (-0.5, 1.3, 0.6) 3
[12:15:18.756]: (-0.5, 1.3, 0.6) 3
[12:15:18.774]: (-0.5, 1.3, 0.6) 3
[12:15:18.789]: (-0.5, 1.3, 0.6) 3
[12:15:18.805]: (-0.5, 1.3, 0.6) 3
[12:15:18.822]: (-0.5, 1.3, 0.6) 3
[12:15:19.811]: (-0.5, 1.3, 0.6) 3
[12:15:19.856]: (-0.5, 1.3, 0.6) 3
[12:15:20.100]: (-0.5, 1.3, 0.6) 3
[12:15:20.123]: (-0.5, 1.3, 0.6) 3
[12:15:20.145]: (-0.5, 1.3, 0.6) 3
[12:15:20.162]: (-0.5, 1.3, 0.6) 3
[12:15:20.179]: (-0.5, 1.3, 0.6) 3
[12:15:20.196]: (-0.5, 1.3, 0.6) 3
[12:15:20.213]: (-0.5, 1.3, 0.6) 3
[12:15:20.230]: (-0.5, 1.3, 0.6) 3
[12:15:20.247]: (-0.5, 1.3, 0.6) 3
[12:15:20.265]: (-0.5, 1.3, 0.6) 3
[12:15:20.282]: (-0.5, 1.3, 0.6) 3
[12:15:20.300]: (-0.5, 1.3, 0.6) 3
[12:15:20.318]: (-0.5, 1.3, 0.6) 3
[12:15:20.335]: (-0.5, 1.3, 0.6) 3
[12:15:20.352]: (-0.5, 1.3, 0.6) 3
[12:15:20.369]: (-0.5, 1.3, 0.6) 3
[12:15:20.385]: (-0.5, 1.3, 0.6) 3
[12:15:20.402]: (-0.5, 1.3, 0.6) 3
[12:15:20.418]: (-0.5, 1.3, 0.6) 3
[12:15:20.435]: (-0.5, 1.3, 0.6) 3
[12:15:20.451]: (-0.5, 1.3, 0.6) 3
[12:15:20.469]: (-0.5, 1.3, 0.6) 3
[12:15:20.486]: (-0.5, 1.3, 0.6) 3
[12:15:20.503]: (-0.5, 1.3, 0.6) 3
[12:15:20.520]: (-0.5, 1.3, 0.6) 3
[12:15:20.537]: (-0.5, 1.3, 0.6) 3
[12:15:20.553]: (-0.5, 1.3, 0.6) 3
[12:15:20.570]: (-0.5, 1.3, 0.6) 3
[12:15:20.586]: (-0.5, 1.3, 0.6) 3
[12:15:20.603]: (-0.5, 1.3, 0.6) 3
[12:15:20.623]: (-0.5, 1.3, 0.6) 3
[12:15:20.645]: (-0.5, 1.3, 0.6) 3
[12:15:20.665]: (-0.5, 1.3, 0.6) 3
[12:15:20.689]: (-0.5, 1.3, 0.6) 3
[12:15:20.712]: (-0.5, 1.3, 0.6) 3
[12:15:20.733]: (-0.5, 1.3, 0.6) 3
[12:15:20.755]: (-0.5, 1.3, 0.6) 3
[12:15:20.779]: (-0.5, 1.3, 0.6) 3
[12:15:20.798]: (-0.5, 1.3, 0.6) 3
[12:15:20.822]: (-0.5, 1.3, 0.6) 3
[12:15:20.844]: (-0.5, 1.3, 0.6) 3
[12:15:20.865]: (-0.5, 1.2, 0.6) 3
[12:15:21.092]: (-0.5, 1.2, 0.6) 3
[12:15:21.112]: (-0.5, 1.2, 0.6) 3
[12:15:21.135]: (-0.5, 1.3, 0.6) 3
[12:15:21.153]: (-0.5, 1.3, 0.6) 3
[12:15:21.190]: (-0.5, 1.3, 0.6) 3
[12:15:21.208]: (-0.5, 1.3, 0.6) 3
[12:15:21.226]: (-0.5, 1.3, 0.6) 3
[12:15:21.244]: (-0.5, 1.3, 0.6) 3
[12:15:21.261]: (-0.5, 1.3, 0.6) 3
[12:15:21.279]: (-0.5, 1.3, 0.6) 3
[12:15:21.299]: (-0.5, 1.3, 0.6) 3
[12:15:21.317]: (-0.5, 1.3, 0.6) 3
[12:15:21.337]: (-0.5, 1.3, 0.6) 3
[12:15:21.355]: (-0.5, 1.3, 0.6) 3
[12:15:21.376]: (-0.5, 1.3, 0.6) 3
[12:15:21.397]: (-0.5, 1.3, 0.6) 3
[12:15:21.414]: (-0.5, 1.3, 0.6) 3
[12:15:21.433]: (-0.5, 1.3, 0.6) 3
[12:15:21.451]: (-0.5, 1.3, 0.6) 3
[12:15:21.469]: (-0.5, 1.3, 0.6) 3
[12:15:21.487]: (-0.5, 1.3, 0.6) 3
[12:15:21.504]: (-0.5, 1.3, 0.6) 3
[12:15:21.525]: (-0.5, 1.3, 0.6) 3
[12:15:21.546]: (-0.5, 1.3, 0.6) 3
[12:15:21.563]: (-0.5, 1.3, 0.6) 3
[12:15:21.581]: (-0.5, 1.3, 0.6) 3
[12:15:21.600]: (-0.5, 1.3, 0.6) 3
[12:15:21.619]: (-0.5, 1.3, 0.6) 3
[12:15:21.636]: (-0.5, 1.3, 0.6) 3
[12:15:21.654]: (-0.5, 1.3, 0.6) 3
[12:15:21.672]: (-0.5, 1.3, 0.6) 3
[12:15:21.690]: (-0.5, 1.3, 0.6) 3
[12:15:21.711]: (-0.5, 1.3, 0.6) 3
[12:15:21.736]: (-0.5, 1.3, 0.6) 3
[12:15:21.756]: (-0.5, 1.3, 0.6) 3
[12:15:21.778]: (-0.5, 1.3, 0.6) 3
[12:15:21.799]: (-0.5, 1.3, 0.6) 3
[12:15:21.822]: (-0.5, 1.3, 0.6) 3
[12:15:21.843]: (-0.5, 1.3, 0.6) 3
[12:15:21.866]: (-0.5, 1.3, 0.6) 3
[12:15:21.888]: (-0.5, 1.3, 0.6) 3
[12:15:21.910]: (-0.5, 1.3, 0.6) 3
[12:15:21.934]: (-0.5, 1.3, 0.6) 3
[12:15:21.956]: (-0.5, 1.3, 0.6) 3
[12:15:22.470]: (-0.5, 1.3, 0.6) 3
[12:15:22.564]: (-0.5, 1.3, 0.6) 4
[12:15:22.588]: (-0.5, 1.3, 0.6) 4
[12:15:22.610]: (-0.5, 1.3, 0.6) 4
[12:15:22.633]: (-0.5, 1.3, 0.6) 4
[12:15:22.654]: (-0.5, 1.3, 0.6) 4
[12:15:22.676]: (-0.5, 1.3, 0.6) 4
[12:15:22.698]: (-0.5, 1.3, 0.6) 4
[12:15:22.721]: (-0.5, 1.3, 0.6) 4
[12:15:22.744]: (-0.5, 1.3, 0.6) 4
[12:15:22.921]: (-0.5, 1.3, 0.6) 4
[12:15:23.072]: (-0.3, 1.7, 0.7) 0
[12:15:23.090]: (-0.4, 1.7, 0.7) 0
[12:15:23.107]: (-0.3, 1.7, 0.7) 0
[12:15:23.125]: (-0.3, 1.7, 0.7) 0
[12:15:23.142]: (-0.3, 1.7, 0.7) 0
[12:15:23.159]: (-0.3, 1.7, 0.7) 0
[12:15:23.176]: (-0.3, 1.7, 0.7) 0
[12:15:23.193]: (-0.4, 1.7, 0.7) 0
[12:15:23.210]: (-0.3, 1.7, 0.7) 0
[12:15:23.228]: (-0.3, 1.7, 0.7) 0
[12:15:23.245]: (-0.3, 1.7, 0.7) 0
[12:15:23.261]: (-0.3, 1.7, 0.7) 0
[12:15:23.278]: (-0.3, 1.7, 0.7) 0
[12:15:23.295]: (-0.4, 1.7, 0.7) 0
[12:15:23.311]: (-0.4, 1.7, 0.7) 0
[12:15:23.329]: (-0.4, 1.8, 0.7) 1
[12:15:23.348]: (-0.4, 1.8, 0.7) 1
[12:15:23.365]: (-0.4, 1.8, 0.7) 1
[12:15:23.383]: (-0.4, 1.8, 0.7) 1
[12:15:23.399]: (-0.4, 1.8, 0.7) 1
[12:15:23.416]: (-0.4, 1.8, 0.7) 1
[12:15:23.435]: (-0.4, 1.8, 0.7) 1
[12:15:23.450]: (-0.4, 1.8, 0.7) 1
[12:15:23.467]: (-0.4, 1.8, 0.7) 1
[12:15:23.484]: (-0.4, 1.8, 0.7) 1
[12:15:23.500]: (-0.4, 1.8, 0.7) 1
[12:15:23.520]: (-0.4, 1.8, 0.7) 1
[12:15:23.543]: (-0.4, 1.8, 0.7) 1
[12:15:23.565]: (-0.4, 1.8, 0.7) 1
[12:15:23.588]: (-0.4, 1.8, 0.7) 1
[12:15:23.610]: (-0.4, 1.8, 0.7) 1
[12:15:23.633]: (-0.4, 1.8, 0.7) 1
[12:15:23.653]: (-0.4, 1.8, 0.7) 1
[12:15:23.678]: (-0.4, 1.8, 0.7) 1
[12:15:23.698]: (-0.4, 1.8, 0.7) 1
[12:15:23.722]: (-0.4, 1.8, 0.7) 1
[12:15:23.743]: (-0.4, 1.8, 0.7) 1
[12:15:23.764]: (-0.4, 1.8, 0.7) 1
[12:15:23.787]: (-0.4, 1.8, 0.7) 1
[12:15:23.810]: (-0.4, 1.8, 0.7) 1
[12:15:23.832]: (-0.4, 1.8, 0.7) 1
[12:15:23.854]: (-0.4, 1.8, 0.7) 1
[12:15:23.876]: (-0.4, 1.8, 0.7) 1
[12:15:23.900]: (-0.4, 1.8, 0.7) 1
[12:15:23.925]: (-0.4, 1.8, 0.7) 1
[12:15:23.946]: (-0.4, 1.8, 0.7) 1
[12:15:23.966]: (-0.4, 1.8, 0.7) 1
[12:15:23.985]: (-0.4, 1.8, 0.7) 1
[12:15:24.002]: (-0.4, 1.8, 0.7) 1
[12:15:24.019]: (-0.4, 1.8, 0.7) 1
[12:15:24.037]: (-0.4, 1.8, 0.7) 1
[12:15:24.054]: (-0.4, 1.8, 0.7) 1
[12:15:24.071]: (-0.4, 1.8, 0.7) 1
[12:15:24.088]: (-0.4, 1.8, 0.7) 1
[12:15:24.108]: (-0.4, 1.7, 0.7) 0
[12:15:24.141]: (-0.2, 1.4, 0.6) 6
[12:15:25.231]: (-0.5, 1.2, 0.5) 3
[12:15:25.248]: (-0.5, 1.2, 0.5) 3
[12:15:25.265]: (-0.5, 1.2, 0.5) 3
[12:15:25.281]: (-0.5, 1.2, 0.5) 3
[12:15:25.299]: (-0.5, 1.2, 0.5) 3
[12:15:25.320]: (-0.5, 1.3, 0.5) 3
[12:15:25.343]: (-0.5, 1.2, 0.5) 3
[12:15:25.365]: (-0.5, 1.2, 0.5) 3
[12:15:25.388]: (-0.5, 1.2, 0.5) 3
[12:15:25.408]: (-0.5, 1.2, 0.5) 3
[12:15:25.432]: (-0.5, 1.2, 0.5) 3
[12:15:25.454]: (-0.5, 1.2, 0.5) 3
[12:15:25.476]: (-0.5, 1.2, 0.5) 3
[12:15:25.498]: (-0.5, 1.2, 0.5) 3
[12:15:25.520]: (-0.5, 1.2, 0.5) 3
[12:15:25.542]: (-0.5, 1.3, 0.5) 3
[12:15:25.564]: (-0.5, 1.3, 0.5) 3
[12:15:25.588]: (-0.5, 1.3, 0.5) 3
[12:15:25.611]: (-0.5, 1.2, 0.5) 3
[12:15:25.633]: (-0.5, 1.2, 0.5) 3
[12:15:25.653]: (-0.5, 1.2, 0.5) 3
[12:15:25.676]: (-0.5, 1.2, 0.5) 3
[12:15:25.699]: (-0.5, 1.2, 0.5) 3
[12:15:25.715]: (-0.5, 1.2, 0.5) 3
[12:15:25.731]: (-0.5, 1.2, 0.5) 3
[12:15:25.748]: (-0.5, 1.2, 0.5) 3
[12:15:25.766]: (-0.5, 1.2, 0.5) 3
[12:15:25.783]: (-0.5, 1.2, 0.5) 3
[12:15:25.799]: (-0.5, 1.2, 0.5) 3
[12:15:25.816]: (-0.5, 1.2, 0.5) 3
[12:15:25.835]: (-0.5, 1.2, 0.5) 3
[12:15:25.852]: (-0.5, 1.2, 0.5) 3
[12:15:25.869]: (-0.5, 1.2, 0.5) 3
[12:15:25.885]: (-0.5, 1.2, 0.5) 3
[12:15:25.902]: (-0.5, 1.2, 0.5) 3
[12:15:25.919]: (-0.5, 1.2, 0.5) 3
[12:15:25.936]: (-0.5, 1.2, 0.5) 3
[12:15:25.952]: (-0.5, 1.2, 0.5) 3
[12:15:25.970]: (-0.5, 1.2, 0.5) 3
[12:15:25.986]: (-0.5, 1.2, 0.5) 3
[12:15:26.003]: (-0.5, 1.2, 0.5) 3
[12:15:26.020]: (-0.5, 1.2, 0.5) 3
[12:15:26.037]: (-0.5, 1.2, 0.5) 3
[12:15:26.053]: (-0.5, 1.3, 0.6) 3
[12:15:26.997]: (-0.5, 1.2, 0.6) 3
[12:15:27.019]: (-0.5, 1.3, 0.6) 3
[12:15:27.042]: (-0.5, 1.3, 0.6) 3
[12:15:27.064]: (-0.5, 1.3, 0.6) 3
[12:15:27.085]: (-0.5, 1.3, 0.6) 3
[12:15:27.111]: (-0.5, 1.3, 0.6) 3
[12:15:27.131]: (-0.5, 1.3, 0.6) 3
[12:15:27.152]: (-0.5, 1.3, 0.6) 3
[12:15:27.178]: (-0.5, 1.3, 0.6) 3
[12:15:27.200]: (-0.5, 1.3, 0.6) 3
[12:15:27.220]: (-0.5, 1.3, 0.6) 3
[12:15:27.243]: (-0.5, 1.3, 0.6) 3
[12:15:27.264]: (-0.5, 1.3, 0.6) 3
[12:15:27.286]: (-0.5, 1.3, 0.6) 3
[12:15:27.310]: (-0.5, 1.3, 0.6) 3
[12:15:27.331]: (-0.5, 1.3, 0.6) 3
[12:15:27.352]: (-0.5, 1.3, 0.6) 3
[12:15:27.377]: (-0.5, 1.3, 0.6) 3
[12:15:27.397]: (-0.5, 1.3, 0.6) 3
[12:15:27.419]: (-0.5, 1.3, 0.6) 3
[12:15:27.443]: (-0.5, 1.3, 0.6) 3
[12:15:27.464]: (-0.5, 1.3, 0.6) 3
[12:15:27.486]: (-0.5, 1.3, 0.6) 3
[12:15:27.504]: (-0.5, 1.3, 0.6) 3
[12:15:27.522]: (-0.5, 1.3, 0.6) 3
[12:15:27.539]: (-0.5, 1.3, 0.6) 3
[12:15:27.557]: (-0.5, 1.3, 0.6) 3
[12:15:27.573]: (-0.5, 1.3, 0.6) 3
[12:15:27.590]: (-0.5, 1.3, 0.6) 3
[12:15:27.606]: (-0.5, 1.3, 0.6) 3
[12:15:27.623]: (-0.5, 1.3, 0.6) 3
[12:15:27.640]: (-0.5, 1.3, 0.6) 3
[12:15:27.656]: (-0.5, 1.3, 0.6) 3
[12:15:27.672]: (-0.5, 1.3, 0.6) 3
[12:15:27.688]: (-0.5, 1.3, 0.6) 3
[12:15:27.705]: (-0.5, 1.3, 0.6) 3
[12:15:27.722]: (-0.5, 1.3, 0.6) 3
[12:15:27.738]: (-0.5, 1.3, 0.6) 3
[12:15:27.755]: (-0.5, 1.3, 0.6) 3
[12:15:27.772]: (-0.5, 1.3, 0.6) 3
[12:15:27.790]: (-0.5, 1.3, 0.6) 3
[12:15:27.807]: (-0.5, 1.3, 0.6) 3
[12:15:27.823]: (-0.5, 1.3, 0.6) 3
[12:15:27.840]: (-0.5, 1.3, 0.6) 3
[12:15:27.858]: (-0.5, 1.3, 0.6) 3
[12:15:27.875]: (-0.5, 1.3, 0.6) 3
[12:15:27.893]: (-0.5, 1.2, 0.5) 3
[12:15:28.086]: (-0.5, 1.2, 0.6) 3
[12:15:28.108]: (-0.5, 1.3, 0.6) 3
[12:15:28.131]: (-0.5, 1.2, 0.6) 3
[12:15:28.153]: (-0.5, 1.3, 0.6) 3
[12:15:28.175]: (-0.5, 1.3, 0.6) 3
[12:15:28.199]: (-0.5, 1.3, 0.6) 3
[12:15:28.220]: (-0.5, 1.3, 0.6) 3
[12:15:28.242]: (-0.5, 1.3, 0.6) 3
[12:15:28.263]: (-0.5, 1.3, 0.6) 3
[12:15:28.286]: (-0.5, 1.2, 0.6) 3
[12:15:28.309]: (-0.5, 1.3, 0.6) 3
[12:15:28.331]: (-0.5, 1.3, 0.6) 3
[12:15:28.353]: (-0.5, 1.3, 0.6) 3
[12:15:28.375]: (-0.5, 1.3, 0.6) 3
[12:15:28.394]: (-0.5, 1.3, 0.6) 3
[12:15:28.412]: (-0.5, 1.3, 0.6) 3
[12:15:28.433]: (-0.5, 1.3, 0.6) 3
[12:15:28.450]: (-0.5, 1.3, 0.6) 3
[12:15:28.472]: (-0.5, 1.3, 0.6) 3
[12:15:28.493]: (-0.5, 1.3, 0.6) 3
[12:15:28.537]: (-0.5, 1.3, 0.6) 3
[12:15:28.559]: (-0.5, 1.3, 0.6) 3
[12:15:28.579]: (-0.4, 1.3, 0.6) 3
[12:15:28.604]: (-0.4, 1.3, 0.6) 3
[12:15:28.625]: (-0.4, 1.3, 0.5) 3
[12:15:28.647]: (-0.4, 1.3, 0.5) 3
[12:15:28.670]: (-0.4, 1.3, 0.5) 3
[12:15:28.692]: (-0.4, 1.3, 0.5) 3
[12:15:28.708]: (-0.4, 1.3, 0.5) 3
[12:15:28.725]: (-0.4, 1.3, 0.5) 3
[12:15:28.742]: (-0.4, 1.3, 0.5) 3
[12:15:28.760]: (-0.4, 1.3, 0.5) 3
[12:15:28.780]: (-0.4, 1.3, 0.5) 3
[12:15:28.801]: (-0.4, 1.3, 0.5) 3
[12:15:28.818]: (-0.4, 1.3, 0.5) 3
[12:15:28.835]: (-0.4, 1.3, 0.5) 3
[12:15:28.853]: (-0.4, 1.3, 0.5) 3
[12:15:28.870]: (-0.4, 1.4, 0.5) 3
[12:15:28.887]: (-0.4, 1.4, 0.5) 3
[12:15:28.903]: (-0.4, 1.4, 0.5) 3
[12:15:28.922]: (-0.4, 1.4, 0.6) 3
[12:15:28.940]: (-0.4, 1.4, 0.6) 3
[12:15:28.963]: (-0.4, 1.4, 0.6) 3
[12:15:29.119]: (-0.4, 1.4, 0.6) 3
[12:15:29.141]: (-0.4, 1.4, 0.6) 3
[12:15:29.163]: (-0.4, 1.4, 0.6) 3
[12:15:30.485]: (-0.1, 1.3, 0.6) 6
[12:15:30.506]: (0.0, 1.3, 0.6) 5
[12:15:30.524]: (0.0, 1.3, 0.6) 5
[12:15:30.541]: (0.0, 1.3, 0.6) 5
[12:15:30.561]: (0.0, 1.3, 0.6) 5
[12:15:30.580]: (0.0, 1.3, 0.6) 5
[12:15:30.597]: (0.0, 1.3, 0.6) 5
[12:15:30.615]: (0.0, 1.3, 0.6) 5
[12:15:30.633]: (0.0, 1.3, 0.6) 5
[12:15:30.650]: (0.0, 1.3, 0.6) 5
[12:15:30.667]: (0.0, 1.3, 0.6) 5
[12:15:30.684]: (0.0, 1.3, 0.6) 5
[12:15:30.700]: (0.0, 1.3, 0.6) 5
[12:15:30.718]: (0.0, 1.3, 0.6) 5
[12:15:30.735]: (0.0, 1.3, 0.6) 5
[12:15:30.751]: (0.0, 1.3, 0.6) 5
[12:15:30.768]: (0.0, 1.3, 0.6) 5
[12:15:30.784]: (0.0, 1.3, 0.6) 5
[12:15:30.806]: (0.0, 1.3, 0.6) 5
[12:15:30.829]: (0.0, 1.3, 0.6) 5
[12:15:30.852]: (0.0, 1.3, 0.6) 5
[12:15:30.874]: (0.0, 1.3, 0.6) 5
[12:15:30.896]: (0.0, 1.3, 0.6) 5
[12:15:30.919]: (0.0, 1.3, 0.6) 5
[12:15:30.940]: (0.0, 1.3, 0.6) 7
[12:15:30.963]: (0.0, 1.3, 0.6) 5
[12:15:30.986]: (0.0, 1.3, 0.6) 7
[12:15:31.009]: (0.0, 1.3, 0.6) 7
[12:15:31.031]: (0.0, 1.3, 0.6) 7
[12:15:31.054]: (0.0, 1.3, 0.6) 7
[12:15:31.075]: (0.0, 1.3, 0.6) 7
[12:15:31.095]: (0.0, 1.3, 0.6) 7
[12:15:31.118]: (0.0, 1.3, 0.6) 7
[12:15:31.141]: (0.0, 1.3, 0.6) 7
[12:15:31.162]: (0.0, 1.3, 0.6) 7
[12:15:31.185]: (0.0, 1.3, 0.6) 7
[12:15:31.207]: (0.0, 1.3, 0.6) 7
[12:15:31.229]: (-0.1, 1.3, 0.6) 7
[12:15:31.273]: (0.1, 1.4, 0.6) 11
[12:15:31.294]: (0.2, 1.4, 0.7) 11
[12:15:32.467]: (0.1, 1.3, 0.8) 12
[12:15:32.549]: (0.1, 1.3, 0.9) 12
[12:15:32.564]: (0.1, 1.3, 0.9) 12
[12:15:32.582]: (0.1, 1.3, 0.9) 12
[12:15:32.598]: (0.1, 1.3, 0.8) 12
[12:15:32.616]: (0.1, 1.3, 0.8) 12
[12:15:32.634]: (0.1, 1.3, 0.8) 12
[12:15:32.651]: (0.1, 1.3, 0.8) 12
[12:15:32.667]: (0.1, 1.3, 0.8) 12
[12:15:32.683]: (0.1, 1.3, 0.8) 12
[12:15:32.707]: (0.1, 1.3, 0.8) 12
[12:15:32.728]: (0.1, 1.3, 0.8) 12
[12:15:32.750]: (0.1, 1.3, 0.8) 12
[12:15:32.774]: (0.1, 1.3, 0.8) 12
[12:15:32.794]: (0.1, 1.3, 0.8) 12
[12:15:32.818]: (0.1, 1.3, 0.8) 12
[12:15:32.840]: (0.1, 1.3, 0.8) 12
[12:15:32.862]: (0.1, 1.3, 0.8) 12
[12:15:32.883]: (0.1, 1.3, 0.8) 12
[12:15:32.906]: (0.1, 1.3, 0.8) 12
[12:15:32.930]: (0.1, 1.3, 0.8) 12
[12:15:32.951]: (0.1, 1.3, 0.8) 12
[12:15:32.973]: (0.1, 1.3, 0.8) 12
[12:15:32.996]: (0.1, 1.3, 0.8) 12
[12:15:33.018]: (0.1, 1.3, 0.8) 12
[12:15:33.040]: (0.1, 1.3, 0.8) 12
[12:15:33.061]: (0.1, 1.3, 0.8) 12
[12:15:33.084]: (0.1, 1.3, 0.8) 12
[12:15:33.106]: (0.1, 1.3, 0.8) 12
[12:15:33.128]: (0.1, 1.3, 0.8) 12
[12:15:33.150]: (0.1, 1.3, 0.8) 12
[12:15:33.167]: (0.1, 1.3, 0.8) 12
[12:15:33.184]: (0.1, 1.3, 0.8) 12
[12:15:33.201]: (0.1, 1.3, 0.8) 12
[12:15:33.218]: (0.1, 1.3, 0.8) 12
[12:15:33.236]: (0.1, 1.3, 0.8) 12
[12:15:33.252]: (0.1, 1.3, 0.8) 12
[12:15:33.271]: (0.1, 1.3, 0.8) 12
[12:15:33.288]: (0.1, 1.3, 0.8) 12
[12:15:33.308]: (0.1, 1.3, 0.8) 12
[12:15:33.326]: (0.1, 1.3, 0.8) 12
[12:15:33.343]: (0.1, 1.3, 0.8) 12
[12:15:33.359]: (0.1, 1.3, 0.8) 12
[12:15:33.375]: (0.1, 1.3, 0.8) 12
[12:15:33.395]: (0.1, 1.3, 0.8) 12
[12:15:33.583]: (0.1, 1.2, 0.8) 12
[12:15:33.600]: (0.1, 1.2, 0.8) 12
[12:15:33.617]: (0.1, 1.3, 0.8) 12
[12:15:33.642]: (0.1, 1.3, 0.8) 12
[12:15:33.662]: (0.1, 1.3, 0.8) 12
[12:15:33.683]: (0.1, 1.3, 0.8) 12
[12:15:33.707]: (0.1, 1.3, 0.8) 12
[12:15:33.727]: (0.1, 1.3, 0.8) 12
[12:15:33.751]: (0.1, 1.3, 0.8) 12
[12:15:33.772]: (0.1, 1.3, 0.8) 12
[12:15:33.794]: (0.1, 1.3, 0.8) 12
[12:15:33.817]: (0.1, 1.3, 0.8) 12
[12:15:33.840]: (0.1, 1.3, 0.8) 12
[12:15:33.861]: (0.2, 1.3, 0.8) 12
[12:15:33.883]: (0.2, 1.3, 0.9) 12
[12:15:33.906]: (0.2, 1.3, 0.8) 12
[12:15:33.928]: (0.2, 1.3, 0.8) 12
[12:15:33.950]: (0.2, 1.3, 0.9) 13
[12:15:33.974]: (0.2, 1.3, 0.8) 12
[12:15:33.995]: (0.1, 1.3, 0.8) 12
[12:15:34.016]: (0.2, 1.3, 0.8) 12
[12:15:34.039]: (0.1, 1.3, 0.8) 12
[12:15:34.056]: (0.1, 1.3, 0.8) 12
[12:15:34.073]: (0.1, 1.3, 0.8) 12
[12:15:34.090]: (0.1, 1.3, 0.8) 12
[12:15:34.107]: (0.1, 1.3, 0.8) 12
[12:15:34.124]: (0.1, 1.3, 0.8) 12
[12:15:34.140]: (0.1, 1.3, 0.9) 12
[12:15:34.214]: (0.1, 1.3, 0.9) 12
[12:15:34.230]: (0.1, 1.3, 0.8) 12
[12:15:34.248]: (0.1, 1.3, 0.8) 12
[12:15:34.264]: (0.1, 1.3, 0.8) 12
[12:15:34.281]: (0.1, 1.3, 0.8) 12
[12:15:34.298]: (0.1, 1.3, 0.8) 12
[12:15:34.315]: (0.1, 1.3, 0.8) 12
[12:15:34.332]: (0.1, 1.3, 0.8) 12
[12:15:34.349]: (0.1, 1.3, 0.8) 12
[12:15:34.539]: (0.1, 1.3, 0.8) 12
[12:15:34.561]: (0.1, 1.3, 0.8) 12
[12:15:34.606]: (-0.3, 1.3, 0.7) 5
[12:15:34.627]: (-0.4, 1.2, 0.6) 6
[12:15:34.649]: (-0.4, 1.2, 0.6) 6
[12:15:34.672]: (-0.4, 1.2, 0.6) 6
[12:15:34.693]: (-0.4, 1.2, 0.6) 6
[12:15:34.716]: (-0.4, 1.2, 0.6) 6
[12:15:34.739]: (-0.4, 1.2, 0.6) 6
[12:15:34.760]: (-0.4, 1.2, 0.6) 6
[12:15:34.782]: (-0.4, 1.2, 0.6) 6
[12:15:34.805]: (-0.4, 1.2, 0.6) 6
[12:15:34.827]: (-0.4, 1.2, 0.6) 6
[12:15:35.052]: (-0.4, 1.5, 0.8) 8
[12:15:35.069]: (-0.3, 1.5, 0.8) 8
[12:15:35.085]: (-0.3, 1.5, 0.8) 8
[12:15:35.103]: (-0.3, 1.5, 0.8) 8
[12:15:35.119]: (-0.3, 1.5, 0.8) 8
[12:15:35.136]: (-0.3, 1.5, 0.8) 8
[12:15:35.152]: (-0.3, 1.5, 0.8) 8
[12:15:35.168]: (-0.3, 1.5, 0.8) 8
[12:15:35.184]: (-0.3, 1.5, 0.8) 8
[12:15:35.201]: (-0.3, 1.5, 0.8) 8
[12:15:35.218]: (-0.3, 1.5, 0.8) 8
[12:15:35.237]: (-0.3, 1.5, 0.8) 8
[12:15:35.255]: (-0.3, 1.5, 0.8) 8
[12:15:35.272]: (-0.3, 1.5, 0.8) 8
[12:15:35.289]: (-0.3, 1.5, 0.8) 8
[12:15:35.307]: (-0.3, 1.5, 0.8) 8
[12:15:35.325]: (-0.3, 1.5, 0.8) 8
[12:15:35.341]: (-0.3, 1.5, 0.8) 8
[12:15:35.359]: (-0.3, 1.5, 0.8) 8
[12:15:35.374]: (-0.3, 1.5, 0.8) 8
[12:15:35.393]: (-0.3, 1.5, 0.8) 8
[12:15:35.415]: (-0.3, 1.5, 0.8) 8
[12:15:35.437]: (-0.3, 1.5, 0.8) 8
[12:15:35.461]: (-0.3, 1.5, 0.8) 8
[12:15:37.915]: (-0.4, 1.5, 0.8) 8
[12:15:37.938]: (-0.3, 1.5, 0.8) 8
[12:15:37.960]: (-0.3, 1.5, 0.8) 8
[12:15:37.985]: (-0.3, 1.5, 0.8) 8
[12:15:38.003]: (-0.3, 1.5, 0.8) 8
[12:15:38.028]: (-0.3, 1.5, 0.8) 8
[12:15:38.050]: (-0.3, 1.5, 0.7) 8
[12:15:38.073]: (-0.3, 1.5, 0.7) 8
[12:15:38.097]: (-0.3, 1.5, 0.7) 8
[12:15:38.122]: (-0.3, 1.5, 0.7) 8
[12:15:38.146]: (-0.3, 1.5, 0.7) 8
[12:15:38.165]: (-0.3, 1.5, 0.7) 8
[12:15:38.187]: (-0.3, 1.5, 0.7) 8
[12:15:38.209]: (-0.3, 1.5, 0.8) 8
[12:15:38.230]: (-0.3, 1.5, 0.8) 8
[12:15:38.294]: (-0.3, 1.6, 0.7) 8
[12:15:38.320]: (-0.3, 1.6, 0.7) 8
[12:15:38.344]: (-0.3, 1.6, 0.7) 8
[12:15:38.365]: (-0.3, 1.6, 0.7) 8
[12:15:38.386]: (-0.3, 1.6, 0.7) 8
[12:15:38.409]: (-0.3, 1.6, 0.7) 8
[12:15:38.430]: (-0.3, 1.6, 0.7) 8
[12:15:38.453]: (-0.3, 1.6, 0.7) 8
[12:15:38.475]: (-0.3, 1.6, 0.7) 8
[12:15:38.497]: (-0.3, 1.6, 0.7) 8
[12:15:38.518]: (-0.3, 1.6, 0.7) 8
[12:15:38.541]: (-0.3, 1.6, 0.7) 8
[12:15:38.774]: (-0.3, 1.6, 0.7) 8
[12:15:38.791]: (-0.3, 1.6, 0.7) 8
[12:15:38.807]: (-0.3, 1.6, 0.7) 8
[12:15:38.823]: (-0.3, 1.6, 0.7) 8
[12:15:38.840]: (-0.3, 1.6, 0.7) 8
[12:15:38.856]: (-0.3, 1.6, 0.7) 8
[12:15:38.872]: (-0.3, 1.6, 0.7) 8
[12:15:38.887]: (-0.3, 1.6, 0.7) 8
[12:15:38.904]: (-0.3, 1.6, 0.7) 8
[12:15:38.920]: (-0.3, 1.6, 0.7) 8
[12:15:38.938]: (-0.3, 1.6, 0.7) 8
[12:15:38.959]: (-0.3, 1.6, 0.7) 8
[12:15:38.981]: (-0.3, 1.6, 0.7) 8
[12:15:39.004]: (-0.3, 1.6, 0.7) 8
[12:15:39.026]: (-0.3, 1.6, 0.7) 8
[12:15:39.048]: (-0.3, 1.6, 0.7) 8
[12:15:39.070]: (-0.3, 1.6, 0.7) 8
[12:15:39.092]: (-0.3, 1.6, 0.7) 8
[12:15:39.115]: (-0.3, 1.6, 0.7) 8
[12:15:39.136]: (-0.3, 1.6, 0.7) 8
[12:15:39.159]: (-0.3, 1.6, 0.7) 8
[12:15:39.181]: (-0.3, 1.6, 0.7) 8
[12:15:39.203]: (-0.3, 1.6, 0.7) 8
[12:15:39.225]: (-0.3, 1.6, 0.7) 8
[12:15:39.248]: (-0.3, 1.6, 0.7) 8
[12:15:39.270]: (-0.3, 1.6, 0.7) 8
[12:15:39.293]: (-0.3, 1.6, 0.7) 8
[12:15:39.314]: (-0.3, 1.6, 0.7) 8
[12:15:39.353]: (-0.4, 1.3, 0.6) 6
[12:15:39.370]: (-0.4, 1.3, 0.6) 6
[12:15:39.386]: (-0.4, 1.3, 0.6) 6
[12:15:39.404]: (-0.4, 1.3, 0.6) 6
[12:15:39.420]: (-0.4, 1.3, 0.6) 6
[12:15:39.438]: (-0.4, 1.3, 0.6) 6
[12:15:39.454]: (-0.4, 1.3, 0.6) 6
[12:15:39.471]: (-0.4, 1.3, 0.6) 6
[12:15:39.488]: (-0.4, 1.3, 0.6) 6
[12:15:39.504]: (-0.4, 1.3, 0.6) 6
[12:15:39.520]: (-0.4, 1.3, 0.6) 6
[12:15:39.538]: (-0.4, 1.3, 0.7) 6
[12:15:39.556]: (-0.4, 1.3, 0.7) 6
[12:15:39.575]: (-0.4, 1.3, 0.7) 6
[12:15:39.592]: (-0.4, 1.3, 0.7) 6
[12:15:39.608]: (-0.4, 1.3, 0.7) 6
[12:15:39.626]: (-0.4, 1.3, 0.7) 6
[12:15:39.645]: (-0.4, 1.3, 0.6) 6
[12:15:39.663]: (-0.4, 1.3, 0.6) 6
[12:15:39.681]: (-0.4, 1.3, 0.6) 6
[12:15:39.699]: (-0.3, 1.3, 0.7) 6
[12:15:39.716]: (-0.3, 1.3, 0.7) 6
[12:15:39.734]: (-0.3, 1.3, 0.7) 6
[12:15:39.751]: (-0.3, 1.3, 0.7) 6
[12:15:39.768]: (-0.3, 1.3, 0.7) 6
[12:15:39.784]: (-0.3, 1.3, 0.7) 6
[12:15:39.803]: (-0.3, 1.3, 0.7) 6
[12:15:39.825]: (-0.3, 1.3, 0.7) 6
[12:15:39.848]: (-0.3, 1.3, 0.7) 6
[12:15:39.869]: (-0.3, 1.3, 0.7) 6
[12:15:39.959]: (-0.4, 1.9, 0.8) 15
[12:15:40.202]: (-0.4, 2.0, 0.8) 14
[12:15:40.224]: (-0.4, 2.0, 0.8) 14
[12:15:40.242]: (-0.4, 2.0, 0.8) 14
[12:15:40.259]: (-0.4, 2.0, 0.8) 14
[12:15:40.276]: (-0.4, 2.0, 0.8) 14
[12:15:40.292]: (-0.4, 2.0, 0.8) 14
[12:15:40.308]: (-0.4, 2.0, 0.8) 14
[12:15:40.326]: (-0.4, 2.0, 0.8) 14
[12:15:40.345]: (-0.4, 2.0, 0.8) 14
[12:15:40.362]: (-0.4, 2.0, 0.8) 14
[12:15:40.378]: (-0.4, 2.0, 0.8) 14
[12:15:40.395]: (-0.4, 2.0, 0.8) 14
[12:15:40.414]: (-0.4, 2.0, 0.8) 14
[12:15:40.430]: (-0.4, 2.0, 0.8) 14
[12:15:40.447]: (-0.4, 2.0, 0.8) 14
[12:15:40.463]: (-0.4, 2.0, 0.8) 14
[12:15:40.480]: (-0.4, 2.0, 0.8) 14
[12:15:40.496]: (-0.4, 2.0, 0.8) 14
[12:15:40.514]: (-0.4, 2.0, 0.8) 14
[12:15:40.531]: (-0.4, 2.0, 0.8) 14
[12:15:40.548]: (-0.4, 2.0, 0.8) 14
[12:15:40.564]: (-0.4, 2.0, 0.8) 14
[12:15:40.582]: (-0.4, 2.0, 0.8) 14
[12:15:40.600]: (-0.4, 2.0, 0.8) 14
[12:15:40.617]: (-0.4, 2.0, 0.8) 14
[12:15:40.633]: (-0.4, 2.0, 0.8) 14
[12:15:40.650]: (-0.4, 2.0, 0.8) 14
[12:15:40.691]: (-0.7, 1.7, 0.7) 1
[12:15:40.713]: (-0.6, 1.7, 0.7) 1
[12:15:40.737]: (-0.6, 1.7, 0.7) 1
[12:15:40.759]: (-0.6, 1.7, 0.7) 1
[12:15:40.780]: (-0.6, 1.7, 0.7) 1
[12:15:40.803]: (-0.6, 1.7, 0.7) 1
[12:15:40.824]: (-0.6, 1.7, 0.7) 1
[12:15:40.847]: (-0.6, 1.7, 0.6) 0
[12:15:40.869]: (-0.6, 1.7, 0.6) 0
[12:15:40.893]: (-0.6, 1.7, 0.6) 0
[12:15:40.917]: (-0.6, 1.7, 0.6) 1
[12:15:40.938]: (-0.6, 1.7, 0.7) 1
[12:15:40.958]: (-0.6, 1.7, 0.7) 1
[12:15:40.980]: (-0.7, 1.7, 0.7) 1
[12:15:41.004]: (-0.7, 1.7, 0.7) 1
[12:15:41.398]: (-0.1, 2.0, 0.9) 16
[12:15:41.420]: (-0.1, 2.0, 0.9) 16
[12:15:41.441]: (-0.1, 2.0, 0.9) 16
[12:15:41.463]: (-0.1, 2.0, 0.9) 16
[12:15:41.485]: (-0.1, 2.0, 0.9) 16
[12:15:42.602]: (-0.3, 1.9, 0.9) 14
[12:15:42.624]: (-0.4, 1.9, 0.9) 14
[12:15:43.099]: (-0.3, 1.8, 1.0) 14
[12:15:43.117]: (-0.3, 1.8, 1.0) 14
[12:15:43.139]: (-0.3, 1.8, 1.0) 14
[12:15:43.157]: (-0.3, 1.8, 1.0) 14
[12:15:43.180]: (-0.3, 1.8, 1.0) 14
[12:15:43.201]: (-0.3, 1.8, 1.0) 14
[12:15:43.226]: (-0.3, 1.8, 1.0) 14
[12:15:43.248]: (-0.4, 1.8, 1.0) 14
[12:15:43.272]: (-0.4, 1.8, 1.0) 14
[12:15:43.293]: (-0.4, 1.8, 1.0) 14
[12:15:43.314]: (-0.4, 1.8, 1.0) 14
[12:15:43.336]: (-0.4, 1.8, 1.0) 14
[12:15:43.358]: (-0.4, 1.8, 1.0) 14
[12:15:43.380]: (-0.3, 1.8, 1.0) 14
[12:15:43.402]: (-0.3, 1.8, 1.0) 14
[12:15:43.424]: (-0.3, 1.8, 1.0) 14
[12:15:43.448]: (-0.3, 1.8, 1.0) 14
[12:15:43.469]: (-0.3, 1.8, 1.0) 14
[12:15:43.491]: (-0.3, 1.8, 1.0) 14
[12:15:43.512]: (-0.3, 1.8, 1.0) 14
[12:15:43.535]: (-0.3, 1.8, 1.0) 14
[12:15:43.558]: (-0.3, 1.8, 1.0) 14
[12:15:43.580]: (-0.3, 1.8, 1.0) 14
[12:15:43.603]: (-0.3, 1.8, 0.9) 15
[12:15:43.625]: (-0.3, 1.8, 0.9) 15
[12:15:43.649]: (-0.3, 1.8, 0.9) 15
[12:15:43.671]: (-0.3, 1.8, 0.9) 15
[12:15:43.698]: (-0.3, 1.8, 0.9) 15
[12:15:43.723]: (-0.3, 1.8, 0.9) 15
[12:15:43.744]: (-0.3, 1.8, 0.9) 15
[12:15:43.766]: (-0.3, 1.8, 0.9) 15
[12:15:43.787]: (-0.3, 1.8, 0.9) 15
[12:15:43.807]: (-0.3, 1.8, 0.9) 15
[12:15:43.829]: (-0.3, 1.8, 0.9) 15
[12:15:43.851]: (-0.3, 1.8, 0.9) 15
[12:15:43.874]: (-0.3, 1.8, 0.9) 15
[12:15:43.897]: (-0.3, 1.8, 0.9) 15
[12:15:43.921]: (-0.3, 1.8, 0.9) 15
[12:15:43.942]: (-0.4, 1.9, 0.9) 14
[12:15:44.246]: (-0.3, 1.8, 1.0) 14
[12:15:44.268]: (-0.3, 1.8, 1.0) 14
[12:15:44.292]: (-0.3, 1.8, 1.0) 14
[12:15:44.315]: (-0.3, 1.8, 1.0) 14
[12:15:44.332]: (-0.3, 1.8, 1.0) 14
[12:15:44.351]: (-0.3, 1.8, 1.0) 14
[12:15:44.368]: (-0.3, 1.8, 1.0) 14
[12:15:44.385]: (-0.3, 1.8, 1.0) 14
[12:15:44.403]: (-0.3, 1.8, 1.0) 14
[12:15:44.424]: (-0.3, 1.8, 1.0) 14
[12:15:44.444]: (-0.3, 1.8, 1.0) 14
[12:15:44.460]: (-0.3, 1.8, 1.0) 14
[12:15:44.479]: (-0.3, 1.8, 1.0) 14
[12:15:44.496]: (-0.3, 1.8, 1.0) 14
[12:15:44.514]: (-0.3, 1.8, 1.0) 14
[12:15:44.530]: (-0.3, 1.8, 1.0) 14
[12:15:44.548]: (-0.3, 1.8, 1.0) 14
[12:15:44.566]: (-0.3, 1.8, 1.0) 14
[12:15:44.584]: (-0.3, 1.8, 1.0) 14
[12:15:44.603]: (-0.3, 1.8, 1.0) 14
[12:15:44.619]: (-0.3, 1.8, 1.0) 14
[12:15:44.635]: (-0.3, 1.8, 1.0) 14
[12:15:44.651]: (-0.3, 1.8, 1.0) 14
[12:15:44.669]: (-0.3, 1.8, 1.0) 14
[12:15:44.685]: (-0.3, 1.8, 1.0) 14
[12:15:44.703]: (-0.3, 1.8, 1.0) 14
[12:15:44.721]: (-0.3, 1.8, 1.0) 14
[12:15:44.741]: (-0.3, 1.8, 1.0) 14
[12:15:44.759]: (-0.3, 1.8, 1.0) 14
[12:15:44.776]: (-0.3, 1.8, 1.0) 14
[12:15:44.792]: (-0.3, 1.8, 1.0) 14
[12:15:44.808]: (-0.3, 1.8, 1.0) 14
[12:15:44.825]: (-0.3, 1.8, 1.0) 14
[12:15:44.845]: (-0.3, 1.8, 1.0) 14
[12:15:44.867]: (-0.3, 1.8, 1.0) 14
[12:15:44.890]: (-0.3, 1.8, 1.0) 14
[12:15:44.912]: (-0.3, 1.8, 1.0) 14
[12:15:44.934]: (-0.3, 1.8, 1.0) 14
[12:15:44.957]: (-0.3, 1.8, 1.0) 14
[12:15:44.979]: (-0.3, 1.8, 1.0) 14
[12:15:45.001]: (-0.3, 1.8, 1.0) 14
[12:15:45.023]: (-0.3, 1.8, 1.0) 14
[12:15:45.046]: (-0.3, 1.7, 1.0) 15
[12:15:45.723]: (-0.5, 0.9, 0.9) 3
[12:15:45.745]: (-0.5, 0.9, 0.9) 3
[12:15:45.769]: (-0.5, 0.9, 0.9) 3
[12:15:45.789]: (-0.5, 0.9, 0.9) 3
[12:15:45.812]: (-0.5, 0.9, 0.9) 3
[12:15:45.836]: (-0.5, 0.9, 0.9) 3
[12:15:45.859]: (-0.5, 0.9, 0.9) 3
[12:15:45.881]: (-0.5, 0.9, 0.9) 3
[12:15:45.901]: (-0.5, 0.9, 0.9) 3
[12:15:45.925]: (-0.5, 0.9, 0.9) 3
[12:15:45.945]: (-0.5, 0.9, 0.9) 3
[12:15:45.967]: (-0.5, 0.9, 0.9) 3
[12:15:45.990]: (-0.5, 0.8, 0.9) 3
[12:15:46.011]: (-0.5, 0.8, 0.9) 3
[12:15:46.034]: (-0.5, 0.8, 0.9) 3
[12:15:46.056]: (-0.5, 0.8, 0.9) 3
[12:15:46.100]: (-0.5, 0.8, 0.9) 3
[12:15:46.130]: (-0.5, 0.8, 0.9) 3
[12:15:46.148]: (-0.5, 0.8, 0.9) 3
[12:15:46.165]: (-0.5, 0.8, 0.9) 3
[12:15:46.182]: (-0.5, 0.8, 0.9) 3
[12:15:46.198]: (-0.5, 0.8, 0.9) 3
[12:15:50.143]: (-0.2, 1.7, 1.0) 15
[12:15:50.188]: (-0.2, 1.7, 1.0) 15
[12:15:50.210]: (-0.2, 1.7, 1.0) 15
[12:15:50.232]: (-0.2, 1.7, 1.0) 15
[12:15:50.255]: (-0.2, 1.7, 1.0) 15
[12:15:50.277]: (-0.2, 1.7, 1.0) 15
[12:15:50.398]: (-0.3, 1.8, 1.0) 14
[12:15:50.415]: (-0.3, 1.8, 1.0) 14
[12:15:50.432]: (-0.3, 1.8, 1.0) 14
[12:15:50.449]: (-0.3, 1.8, 1.0) 14
[12:15:50.465]: (-0.3, 1.8, 1.0) 14
[12:15:50.481]: (-0.3, 1.8, 1.0) 14
[12:15:50.498]: (-0.3, 1.8, 1.0) 14
[12:15:50.515]: (-0.3, 1.8, 1.0) 14
[12:15:50.532]: (-0.3, 1.8, 1.0) 14
[12:15:50.549]: (-0.3, 1.8, 1.0) 14
[12:15:50.567]: (-0.3, 1.8, 1.0) 14
[12:15:50.583]: (-0.3, 1.8, 1.0) 14
[12:15:50.601]: (-0.3, 1.8, 1.0) 14
[12:15:50.618]: (-0.3, 1.8, 1.0) 14
[12:15:50.634]: (-0.3, 1.8, 1.0) 14
[12:15:50.651]: (-0.3, 1.8, 1.0) 14
[12:15:50.668]: (-0.3, 1.8, 1.0) 14
[12:15:50.684]: (-0.3, 1.8, 1.0) 14
[12:15:50.701]: (-0.3, 1.8, 1.0) 14
[12:15:50.717]: (-0.3, 1.8, 1.0) 14
[12:15:50.734]: (-0.3, 1.8, 1.0) 14
[12:15:50.752]: (-0.3, 1.8, 1.0) 14
[12:15:50.768]: (-0.3, 1.8, 1.0) 14
[12:15:50.785]: (-0.3, 1.8, 1.0) 14
[12:15:50.802]: (-0.3, 1.8, 1.0) 14
[12:15:50.820]: (-0.3, 1.8, 1.0) 14
[12:15:50.843]: (-0.3, 1.8, 1.0) 14
[12:15:50.865]: (-0.3, 1.8, 1.0) 14
[12:15:50.888]: (-0.3, 1.8, 1.0) 14
[12:15:50.910]: (-0.3, 1.8, 1.0) 14
[12:15:50.934]: (-0.3, 1.8, 1.0) 14
[12:15:50.955]: (-0.3, 1.8, 1.0) 14
[12:15:50.977]: (-0.3, 1.8, 1.0) 14
[12:15:50.999]: (-0.3, 1.8, 1.0) 14
[12:15:51.021]: (-0.3, 1.8, 1.0) 14
[12:15:51.044]: (-0.3, 1.8, 1.0) 14
[12:15:51.064]: (-0.3, 1.8, 1.0) 14
[12:15:51.088]: (-0.3, 1.8, 1.0) 14
[12:15:51.112]: (-0.3, 1.8, 1.0) 14
[12:15:51.132]: (-0.3, 1.8, 1.0) 14
[12:15:51.156]: (-0.3, 1.8, 1.0) 14
[12:15:51.175]: (-0.3, 1.8, 1.0) 14
[12:15:51.199]: (-0.3, 1.8, 1.0) 14
[12:15:51.221]: (-0.3, 1.8, 1.0) 14
[12:15:51.243]: (-0.3, 1.8, 1.0) 14
[12:15:51.266]: (-0.3, 1.8, 1.0) 14
[12:15:51.287]: (-0.3, 1.8, 1.0) 14
[12:15:51.304]: (-0.3, 1.8, 1.0) 14
[12:15:51.323]: (-0.3, 1.8, 1.0) 14
[12:15:51.339]: (-0.3, 1.8, 1.0) 14
[12:15:51.357]: (-0.3, 1.8, 1.0) 14
[12:15:51.375]: (-0.3, 1.8, 1.0) 14
[12:15:51.393]: (-0.3, 1.8, 1.0) 14
[12:15:51.410]: (-0.3, 1.8, 1.0) 14
[12:15:51.429]: (-0.3, 1.8, 1.0) 14
[12:15:51.447]: (-0.3, 1.8, 1.0) 14
[12:15:51.464]: (-0.3, 1.8, 1.0) 14
[12:15:51.481]: (-0.3, 1.8, 1.0) 14
[12:15:51.497]: (-0.3, 1.8, 1.0) 14
[12:15:51.513]: (-0.3, 1.8, 1.0) 14
[12:15:51.531]: (-0.3, 1.8, 1.0) 14
[12:15:51.549]: (-0.3, 1.8, 1.0) 14
[12:15:51.567]: (-0.3, 1.8, 1.0) 14
[12:15:51.583]: (-0.3, 1.8, 1.0) 14
[12:15:51.600]: (-0.3, 1.8, 1.0) 14
[12:15:51.618]: (-0.3, 1.8, 1.0) 14
[12:15:51.634]: (-0.3, 1.8, 1.0) 14
[12:15:51.651]: (-0.3, 1.8, 1.0) 14
[12:15:51.667]: (-0.3, 1.8, 1.0) 14
[12:15:51.684]: (-0.3, 1.8, 1.0) 14
[12:15:51.700]: (-0.3, 1.8, 1.0) 14
[12:15:51.718]: (-0.3, 1.8, 1.0) 14
[12:15:51.735]: (-0.3, 1.8, 1.0) 14
[12:15:51.753]: (-0.3, 1.8, 1.0) 14
[12:15:51.776]: (-0.3, 1.8, 1.0) 14
[12:15:51.798]: (-0.3, 1.8, 1.0) 14
[12:15:51.821]: (-0.3, 1.8, 1.0) 14
[12:15:51.844]: (-0.3, 1.8, 1.0) 14
[12:15:51.866]: (-0.3, 1.8, 1.0) 14
[12:15:51.888]: (-0.3, 1.8, 1.0) 14
[12:15:51.909]: (-0.3, 1.8, 1.0) 14
[12:15:51.933]: (-0.3, 1.8, 1.0) 14
[12:15:51.954]: (-0.3, 1.8, 1.0) 14
[12:15:52.133]: (-0.2, 1.8, 1.0) 14
[12:15:52.154]: (-0.3, 1.8, 1.0) 14
[12:15:52.175]: (-0.3, 1.8, 1.0) 14
[12:15:52.199]: (-0.3, 1.8, 1.0) 15
[12:15:52.220]: (-0.3, 1.8, 1.0) 14
[12:15:52.237]: (-0.3, 1.8, 1.0) 14
[12:15:52.253]: (-0.3, 1.8, 1.0) 14
[12:15:52.269]: (-0.3, 1.8, 1.0) 14
[12:15:52.285]: (-0.3, 1.8, 1.0) 14
[12:15:52.302]: (-0.3, 1.8, 1.0) 14
[12:15:52.321]: (-0.3, 1.8, 1.0) 14
[12:15:52.339]: (-0.3, 1.8, 1.0) 14
[12:15:52.357]: (-0.3, 1.8, 1.0) 14
[12:15:52.374]: (-0.3, 1.8, 1.0) 14
[12:15:52.393]: (-0.3, 1.8, 1.0) 14
[12:15:52.410]: (-0.3, 1.8, 1.0) 14
[12:15:52.429]: (-0.3, 1.8, 1.0) 14
[12:15:52.445]: (-0.3, 1.8, 1.0) 14
[12:15:52.462]: (-0.3, 1.8, 1.0) 14
[12:15:52.479]: (-0.3, 1.8, 1.0) 14
[12:15:52.495]: (-0.3, 1.8, 1.0) 14
[12:15:52.512]: (-0.3, 1.8, 1.0) 14
[12:15:52.529]: (-0.3, 1.8, 1.0) 14
[12:15:52.548]: (-0.3, 1.8, 1.0) 14
[12:15:52.566]: (-0.3, 1.8, 1.0) 14
[12:15:52.585]: (-0.3, 1.8, 1.0) 14
[12:15:52.601]: (-0.3, 1.8, 1.0) 14
[12:15:52.617]: (-0.3, 1.8, 1.0) 15
[12:15:52.634]: (-0.3, 1.8, 0.9) 15
[12:15:52.651]: (-0.3, 1.8, 0.9) 15
[12:15:52.670]: (-0.3, 1.7, 0.9) 15
[12:15:52.692]: (-0.3, 1.7, 0.9) 15
[12:15:52.714]: (-0.3, 1.7, 0.9) 15
[12:15:52.735]: (-0.3, 1.7, 0.9) 15
[12:15:52.755]: (-0.3, 1.8, 0.9) 15
[12:15:52.777]: (-0.3, 1.8, 0.9) 15
[12:15:52.798]: (-0.3, 1.8, 0.9) 15
[12:15:52.821]: (-0.3, 1.8, 0.9) 15
[12:15:52.845]: (-0.3, 1.8, 0.9) 15
[12:15:52.869]: (-0.3, 1.8, 0.9) 15
[12:15:52.892]: (-0.3, 1.8, 0.9) 15
[12:15:52.914]: (-0.3, 1.8, 0.9) 15
[12:15:52.940]: (-0.3, 1.8, 0.9) 15
[12:15:52.963]: (-0.3, 1.8, 0.9) 15
[12:15:52.987]: (-0.3, 1.8, 0.9) 15
[12:15:53.012]: (-0.3, 1.8, 0.9) 15
[12:15:53.034]: (-0.3, 1.8, 0.9) 15
[12:15:53.055]: (-0.3, 1.8, 0.9) 15
[12:15:53.078]: (-0.3, 1.8, 0.9) 15
[12:15:53.101]: (-0.3, 1.8, 0.9) 15
[12:15:53.125]: (-0.3, 1.8, 0.9) 15
[12:15:53.150]: (-0.3, 1.8, 0.9) 15
[12:15:53.173]: (-0.3, 1.8, 0.9) 14
[12:15:53.197]: (-0.3, 1.8, 0.9) 14
[12:15:53.223]: (-0.3, 1.8, 0.9) 14
[12:15:53.250]: (-0.3, 1.8, 0.9) 14
[12:15:53.274]: (-0.3, 1.8, 0.9) 14
[12:15:53.297]: (-0.3, 1.8, 0.9) 14
[12:15:53.323]: (-0.3, 1.8, 0.9) 14
[12:15:53.346]: (-0.3, 1.8, 0.9) 14
[12:15:53.371]: (-0.3, 1.8, 0.9) 14
[12:15:53.389]: (-0.3, 1.8, 0.9) 14
[12:15:53.407]: (-0.3, 1.8, 0.9) 14
[12:15:53.425]: (-0.3, 1.8, 0.9) 14
[12:15:53.442]: (-0.3, 1.8, 0.9) 14
[12:15:53.460]: (-0.3, 1.8, 0.9) 14
[12:15:53.480]: (-0.3, 1.8, 0.9) 14
[12:15:53.503]: (-0.3, 1.8, 0.9) 14
[12:15:53.527]: (-0.3, 1.8, 0.9) 14
[12:15:53.546]: (-0.3, 1.8, 0.9) 14
[12:15:53.563]: (-0.3, 1.8, 0.9) 14
[12:15:53.580]: (-0.3, 1.8, 0.9) 14
[12:15:53.599]: (-0.3, 1.8, 0.9) 14
[12:15:53.617]: (-0.3, 1.8, 0.9) 14
[12:15:53.635]: (-0.3, 1.8, 0.9) 14
[12:15:53.654]: (-0.3, 1.8, 0.9) 14
[12:15:53.670]: (-0.3, 1.8, 0.9) 14
[12:15:53.687]: (-0.3, 1.8, 0.9) 14
[12:15:53.704]: (-0.3, 1.8, 0.9) 14
[12:15:53.723]: (-0.3, 1.8, 0.9) 14
[12:15:53.740]: (-0.3, 1.8, 0.9) 14
[12:15:53.759]: (-0.3, 1.8, 0.9) 14
[12:15:53.777]: (-0.3, 1.8, 0.9) 14
[12:15:53.795]: (-0.3, 1.8, 0.9) 14
[12:15:53.812]: (-0.3, 1.8, 0.9) 14
[12:15:53.831]: (-0.3, 1.8, 0.9) 14
[12:15:53.854]: (-0.3, 1.8, 0.9) 14
[12:15:53.876]: (-0.3, 1.8, 0.9) 14
[12:15:53.899]: (-0.3, 1.8, 0.9) 14
[12:15:53.920]: (-0.3, 1.8, 0.9) 14
[12:15:53.943]: (-0.3, 1.8, 0.9) 14
[12:15:53.965]: (-0.3, 1.8, 0.9) 14
[12:15:53.987]: (-0.3, 1.8, 0.9) 14
[12:15:54.011]: (-0.3, 1.8, 0.9) 14
[12:15:54.031]: (-0.3, 1.8, 0.9) 14
[12:15:54.055]: (-0.3, 1.8, 0.9) 14
[12:15:54.079]: (-0.3, 1.8, 0.9) 14
[12:15:54.103]: (-0.3, 1.8, 0.9) 14
[12:15:54.124]: (-0.3, 1.8, 0.9) 14
[12:15:54.155]: (-0.3, 1.8, 0.9) 14
[12:15:54.177]: (-0.3, 1.8, 0.9) 14
[12:15:54.199]: (-0.3, 1.8, 0.9) 14
[12:15:54.221]: (-0.3, 1.8, 0.9) 14
[12:15:54.243]: (-0.3, 1.8, 0.9) 14
[12:15:54.263]: (-0.3, 1.8, 0.9) 14
[12:15:54.285]: (-0.3, 1.8, 0.9) 14
[12:15:54.309]: (-0.3, 1.8, 0.9) 14
[12:15:54.334]: (-0.3, 1.8, 0.9) 14
[12:15:54.357]: (-0.3, 1.8, 0.9) 14
[12:15:54.377]: (-0.3, 1.8, 0.9) 14
[12:15:54.399]: (-0.3, 1.8, 0.9) 14
[12:15:54.420]: (-0.3, 1.8, 0.9) 14
[12:15:54.441]: (-0.3, 1.8, 0.9) 14
[12:15:54.464]: (-0.3, 1.8, 0.9) 14
[12:15:54.486]: (-0.3, 1.8, 0.9) 14
[12:15:54.507]: (-0.3, 1.8, 0.9) 14
[12:15:54.527]: (-0.3, 1.8, 0.9) 14
[12:15:54.550]: (-0.3, 1.8, 0.9) 14
[12:15:54.571]: (-0.3, 1.8, 0.9) 15
[12:15:54.593]: (-0.3, 1.8, 0.9) 15
[12:15:54.617]: (-0.3, 1.8, 0.9) 14
[12:15:54.638]: (-0.3, 1.8, 0.9) 15
[12:15:54.751]: (-0.3, 1.7, 0.9) 15
[12:15:54.772]: (-0.3, 1.9, 0.9) 14
[12:15:54.795]: (-0.2, 1.9, 0.9) 14
[12:15:54.810]: (-0.3, 1.9, 0.9) 14
[12:15:54.830]: (-0.2, 1.9, 0.9) 14
[12:15:54.854]: (-0.3, 1.8, 0.9) 14
[12:15:54.874]: (-0.3, 1.8, 0.9) 14
[12:15:54.898]: (-0.3, 1.9, 0.9) 14
[12:15:54.920]: (-0.3, 1.9, 0.9) 14
[12:15:54.941]: (-0.3, 1.9, 0.9) 14
[12:15:54.964]: (-0.3, 1.9, 0.9) 14
[12:15:54.987]: (-0.3, 1.9, 0.9) 14
[12:15:55.009]: (-0.3, 1.9, 0.9) 14
[12:15:55.030]: (-0.3, 1.9, 0.9) 14
[12:15:55.052]: (-0.3, 1.8, 0.9) 14
[12:15:55.076]: (-0.3, 1.8, 0.9) 14
[12:15:55.097]: (-0.3, 1.8, 0.9) 14
[12:15:55.119]: (-0.3, 1.8, 0.9) 14
[12:15:55.142]: (-0.3, 1.8, 0.9) 14
[12:15:55.163]: (-0.2, 1.8, 0.9) 14
[12:15:55.187]: (-0.3, 1.8, 0.9) 14
[12:15:55.208]: (-0.2, 1.8, 0.9) 14
[12:15:55.227]: (-0.3, 1.8, 0.9) 14
[12:15:55.244]: (-0.3, 1.8, 0.9) 14
[12:15:55.261]: (-0.2, 1.8, 0.9) 14
[12:15:55.278]: (-0.3, 1.8, 0.9) 14
[12:15:55.296]: (-0.3, 1.8, 0.9) 14
[12:15:55.313]: (-0.3, 1.8, 0.9) 14
[12:15:55.331]: (-0.3, 1.8, 0.9) 14
[12:15:55.348]: (-0.3, 1.8, 0.9) 14
[12:15:55.366]: (-0.2, 1.8, 0.9) 14
[12:15:55.383]: (-0.3, 1.8, 0.9) 14
[12:15:55.398]: (-0.3, 1.8, 0.9) 14
[12:15:55.414]: (-0.3, 1.8, 0.9) 14
[12:15:55.431]: (-0.3, 1.8, 0.9) 14
[12:15:55.448]: (-0.3, 1.8, 0.9) 14
[12:15:55.465]: (-0.3, 1.8, 0.9) 14
[12:15:55.483]: (-0.3, 1.8, 0.9) 14
[12:15:55.499]: (-0.3, 1.8, 0.9) 14
[12:15:55.515]: (-0.2, 1.8, 0.9) 14
[12:15:55.531]: (-0.3, 1.8, 0.9) 14
[12:15:55.549]: (-0.3, 1.8, 0.9) 14
[12:15:55.565]: (-0.2, 1.8, 0.9) 14
[12:15:55.582]: (-0.3, 1.8, 0.9) 14
[12:15:55.600]: (-0.2, 1.8, 0.9) 14
[12:15:55.617]: (-0.3, 1.8, 0.9) 14
[12:15:55.633]: (-0.3, 1.8, 0.9) 14
[12:15:55.650]: (-0.3, 1.8, 0.9) 14
[12:15:55.666]: (-0.3, 1.8, 0.9) 14
[12:15:55.686]: (-0.3, 1.8, 0.9) 14
[12:15:55.708]: (-0.3, 1.8, 0.9) 14
[12:15:55.730]: (-0.3, 1.8, 0.9) 14
[12:15:55.753]: (-0.3, 1.8, 0.9) 14
[12:15:55.774]: (-0.3, 1.8, 0.9) 14
[12:15:55.797]: (-0.3, 1.8, 0.9) 14
[12:15:55.820]: (-0.3, 1.8, 0.9) 14
[12:15:55.842]: (-0.3, 1.8, 0.9) 14
[12:15:55.864]: (-0.3, 1.8, 0.9) 14
[12:15:55.885]: (-0.3, 1.8, 0.9) 14
[12:15:55.908]: (-0.3, 1.8, 0.9) 14
[12:15:55.931]: (-0.3, 1.8, 0.9) 14
[12:15:55.952]: (-0.3, 1.8, 0.9) 14
[12:15:55.974]: (-0.3, 1.8, 0.9) 14
[12:15:55.997]: (-0.3, 1.8, 0.9) 14
[12:15:56.018]: (-0.3, 1.8, 0.9) 14
[12:15:56.041]: (-0.3, 1.8, 0.9) 14
[12:15:56.062]: (-0.3, 1.8, 0.9) 14
[12:15:56.085]: (-0.3, 1.8, 0.9) 14
[12:15:56.108]: (-0.3, 1.8, 0.9) 14
[12:15:56.129]: (-0.3, 1.8, 0.9) 14
[12:15:56.153]: (-0.3, 1.8, 0.9) 15
[12:15:56.185]: (-0.6, 1.5, 0.9) 1
[12:15:56.202]: (-0.6, 1.5, 0.9) 1
[12:15:56.219]: (-0.6, 1.5, 0.9) 1
[12:15:56.236]: (-0.6, 1.5, 0.9) 1
[12:15:56.253]: (-0.6, 1.5, 0.9) 1
[12:15:56.271]: (-0.6, 1.5, 0.9) 1
[12:15:56.286]: (-0.6, 1.5, 0.9) 1
[12:15:56.304]: (-0.6, 1.5, 0.9) 1
[12:15:56.320]: (-0.6, 1.5, 0.9) 1
[12:15:56.336]: (-0.6, 1.5, 0.9) 1
[12:15:56.354]: (-0.6, 1.5, 0.9) 1
[12:15:56.370]: (-0.6, 1.5, 0.9) 1
[12:15:56.387]: (-0.6, 1.5, 0.9) 1
[12:15:56.405]: (-0.6, 1.5, 0.9) 1
[12:15:56.423]: (-0.6, 1.5, 0.9) 1
[12:15:56.439]: (-0.6, 1.5, 0.9) 1
[12:15:56.456]: (-0.6, 1.5, 0.9) 1
[12:15:56.474]: (-0.6, 1.5, 0.9) 1
[12:15:56.490]: (-0.6, 1.5, 0.9) 1
[12:15:56.507]: (-0.6, 1.5, 0.9) 1
[12:15:56.523]: (-0.6, 1.5, 0.9) 1
[12:15:56.540]: (-0.6, 1.5, 0.9) 1
[12:15:56.556]: (-0.6, 1.5, 0.9) 1
[12:15:56.571]: (-0.6, 1.5, 0.9) 1
[12:15:56.587]: (-0.6, 1.5, 0.9) 1
[12:15:56.605]: (-0.6, 1.5, 0.9) 1
[12:15:56.620]: (-0.6, 1.5, 0.9) 1
[12:15:56.637]: (-0.6, 1.5, 0.9) 1
[12:15:56.654]: (-0.5, 1.5, 0.9) 1
[12:15:56.673]: (-0.5, 1.5, 0.9) 1
[12:15:56.896]: (-0.3, 1.1, 0.9) 6
[12:15:57.052]: (-0.2, 1.3, 0.9) 8
[12:15:57.073]: (-0.2, 1.4, 0.9) 8
[12:15:57.089]: (-0.2, 1.4, 0.9) 8
[12:15:57.106]: (-0.2, 1.4, 0.9) 8
[12:15:57.124]: (-0.2, 1.4, 0.9) 8
[12:15:57.141]: (-0.2, 1.4, 0.9) 8
[12:15:57.159]: (-0.2, 1.4, 0.9) 8
[12:15:57.175]: (-0.2, 1.4, 0.9) 8
[12:15:57.193]: (-0.2, 1.4, 0.9) 8
[12:15:57.211]: (-0.2, 1.4, 0.9) 8
[12:15:57.227]: (-0.2, 1.4, 0.9) 8
[12:15:57.244]: (-0.2, 1.4, 0.9) 8
[12:15:57.261]: (-0.2, 1.4, 0.9) 8
[12:15:57.279]: (-0.2, 1.4, 0.9) 8
[12:15:57.297]: (-0.2, 1.4, 0.9) 8
[12:15:57.314]: (-0.2, 1.4, 0.9) 8
[12:15:57.331]: (-0.2, 1.4, 0.9) 8
[12:15:57.348]: (-0.2, 1.4, 0.9) 8
[12:15:57.365]: (-0.2, 1.4, 0.9) 8
[12:15:57.382]: (-0.2, 1.4, 0.9) 8
[12:15:57.397]: (-0.2, 1.4, 0.9) 8
[12:15:57.414]: (-0.2, 1.4, 0.9) 8
[12:15:57.431]: (-0.2, 1.4, 0.9) 8
[12:15:57.450]: (-0.2, 1.4, 0.9) 8
[12:15:57.467]: (-0.2, 1.4, 0.9) 8
[12:15:57.485]: (-0.2, 1.4, 0.9) 8
[12:15:57.502]: (-0.2, 1.4, 0.9) 8
[12:15:57.518]: (-0.2, 1.4, 0.9) 8
[12:15:57.539]: (-0.2, 1.4, 0.9) 8
[12:15:57.562]: (-0.2, 1.4, 0.9) 8
[12:15:57.585]: (-0.2, 1.4, 0.9) 8
[12:15:57.606]: (-0.2, 1.4, 0.9) 8
[12:15:57.629]: (-0.2, 1.4, 0.9) 8
[12:15:57.651]: (-0.2, 1.4, 0.9) 8
[12:15:57.674]: (-0.2, 1.4, 0.9) 8
[12:15:57.695]: (-0.2, 1.4, 0.9) 8
[12:15:57.718]: (-0.2, 1.4, 0.9) 8
[12:15:57.740]: (-0.2, 1.4, 0.9) 8
[12:15:57.764]: (-0.2, 1.4, 0.9) 8
[12:15:57.784]: (-0.2, 1.4, 0.9) 8
[12:15:57.806]: (-0.2, 1.4, 0.9) 8
[12:15:57.829]: (-0.2, 1.4, 0.9) 8
[12:15:57.851]: (-0.2, 1.4, 0.9) 8
[12:15:57.874]: (-0.2, 1.4, 0.9) 8
[12:15:57.896]: (-0.2, 1.4, 0.9) 8
[12:15:57.918]: (-0.2, 1.4, 0.9) 8
[12:15:57.939]: (-0.2, 1.4, 0.9) 8
[12:15:57.962]: (-0.2, 1.4, 0.9) 8
[12:15:57.985]: (-0.2, 1.4, 0.9) 8
[12:15:58.002]: (-0.2, 1.4, 0.9) 8
[12:15:58.020]: (-0.2, 1.4, 0.9) 8
[12:15:58.036]: (-0.2, 1.4, 0.9) 8
[12:15:58.053]: (-0.2, 1.4, 0.9) 8
[12:15:58.070]: (-0.2, 1.4, 0.9) 8
[12:15:58.086]: (-0.2, 1.4, 0.9) 8
[12:15:58.103]: (-0.2, 1.4, 0.9) 8
[12:15:58.119]: (-0.2, 1.4, 0.9) 8
[12:15:58.135]: (-0.2, 1.4, 0.9) 8
[12:15:58.153]: (-0.2, 1.4, 0.9) 8
[12:15:58.169]: (-0.2, 1.4, 0.9) 8
[12:15:58.186]: (-0.2, 1.4, 0.9) 8
[12:15:58.202]: (-0.2, 1.4, 0.9) 8
[12:15:58.220]: (-0.2, 1.4, 0.9) 8
[12:15:58.237]: (-0.2, 1.4, 0.9) 8
[12:15:58.254]: (-0.2, 1.4, 0.9) 8
[12:15:58.271]: (-0.2, 1.4, 0.9) 8
[12:15:58.288]: (-0.2, 1.4, 0.9) 8
[12:15:58.305]: (-0.2, 1.4, 0.9) 8
[12:15:58.322]: (-0.2, 1.4, 0.9) 8
[12:15:58.338]: (-0.2, 1.4, 0.9) 8
[12:15:58.356]: (-0.2, 1.4, 0.9) 8
[12:15:58.373]: (-0.2, 1.4, 0.9) 8
[12:15:58.389]: (-0.2, 1.4, 0.9) 8
[12:15:58.405]: (-0.2, 1.4, 0.9) 8
[12:15:58.422]: (-0.2, 1.4, 0.9) 8
[12:15:58.438]: (-0.2, 1.4, 0.9) 8
[12:15:58.462]: (-0.3, 1.4, 0.9) 8
[12:15:58.484]: (-0.3, 1.3, 0.9) 8
[12:15:58.506]: (-0.3, 1.1, 0.9) 6
[12:15:58.906]: (-0.7, 1.0, 0.8) 3
[12:15:58.937]: (-0.7, 1.0, 0.9) 3
[12:15:58.954]: (-0.7, 1.0, 0.8) 3
[12:15:58.971]: (-0.7, 1.0, 0.8) 3
[12:15:58.992]: (-0.7, 1.0, 0.8) 3
[12:15:59.009]: (-0.7, 1.0, 0.8) 3
[12:15:59.025]: (-0.7, 1.0, 0.8) 3
[12:15:59.040]: (-0.7, 1.0, 0.9) 3
[12:15:59.059]: (-0.7, 1.0, 0.9) 3
[12:15:59.075]: (-0.7, 1.0, 0.9) 3
[12:15:59.091]: (-0.6, 1.0, 0.8) 3
[12:15:59.108]: (-0.6, 1.0, 0.8) 3
[12:15:59.125]: (-0.6, 1.0, 0.8) 3
[12:15:59.142]: (-0.6, 1.0, 0.8) 3
[12:15:59.160]: (-0.6, 1.0, 0.8) 3
[12:15:59.179]: (-0.6, 1.0, 0.8) 3
[12:15:59.196]: (-0.6, 1.0, 0.8) 3
[12:15:59.212]: (-0.6, 1.0, 0.8) 3
[12:15:59.228]: (-0.6, 1.0, 0.8) 3
[12:15:59.247]: (-0.6, 1.0, 0.8) 3
[12:15:59.263]: (-0.6, 1.0, 0.9) 3
[12:15:59.281]: (-0.6, 1.0, 0.8) 3
[12:15:59.298]: (-0.6, 1.0, 0.8) 3
[12:15:59.316]: (-0.6, 1.0, 0.8) 3
[12:15:59.334]: (-0.6, 1.0, 0.9) 3
[12:15:59.353]: (-0.6, 1.0, 0.8) 3
[12:15:59.370]: (-0.6, 1.0, 0.8) 3
[12:15:59.385]: (-0.6, 1.0, 0.8) 3
[12:15:59.405]: (-0.6, 1.0, 0.8) 3
[12:15:59.428]: (-0.6, 1.0, 0.8) 3
[12:15:59.451]: (-0.6, 1.0, 0.8) 3
[12:15:59.473]: (-0.6, 1.0, 0.8) 3
[12:15:59.494]: (-0.6, 1.0, 0.8) 3
[12:15:59.517]: (-0.6, 1.0, 0.8) 3
[12:15:59.539]: (-0.6, 1.0, 0.8) 3
[12:15:59.561]: (-0.6, 1.0, 0.8) 3
[12:15:59.584]: (-0.6, 1.0, 0.8) 3
[12:15:59.606]: (-0.6, 1.0, 0.8) 3
[12:15:59.628]: (-0.6, 1.0, 0.8) 3
[12:15:59.651]: (-0.6, 1.0, 0.8) 3
[12:15:59.673]: (-0.6, 1.0, 0.8) 3
[12:15:59.695]: (-0.6, 1.0, 0.8) 3
[12:15:59.717]: (-0.6, 1.0, 0.8) 3
[12:15:59.739]: (-0.6, 1.0, 0.8) 3
[12:15:59.762]: (-0.6, 1.0, 0.8) 3
[12:15:59.784]: (-0.6, 1.0, 0.8) 3
[12:15:59.806]: (-0.6, 1.0, 0.8) 3
[12:15:59.827]: (-0.6, 1.0, 0.8) 3
[12:15:59.850]: (-0.6, 1.0, 0.8) 3
[12:15:59.868]: (-0.6, 1.0, 0.8) 3
[12:15:59.885]: (-0.6, 1.0, 0.8) 3
[12:15:59.902]: (-0.6, 1.0, 0.8) 3
[12:15:59.919]: (-0.6, 1.0, 0.8) 3
[12:15:59.935]: (-0.7, 1.0, 0.8) 3
[12:15:59.952]: (-0.6, 1.0, 0.8) 3
[12:16:00.018]: (-0.5, 1.5, 0.9) 0
[12:16:00.037]: (-0.6, 1.5, 0.9) 1
[12:16:00.056]: (-0.6, 1.5, 0.9) 1
[12:16:00.074]: (-0.6, 1.5, 0.9) 1
[12:16:00.160]: (-0.6, 1.5, 0.9) 1
[12:16:00.176]: (-0.6, 1.5, 0.9) 0
[12:16:00.194]: (-0.6, 1.5, 0.9) 1
[12:16:00.212]: (-0.6, 1.5, 0.9) 0
[12:16:00.230]: (-0.6, 1.5, 0.9) 0
[12:16:00.247]: (-0.6, 1.5, 0.9) 0
[12:16:00.263]: (-0.6, 1.5, 0.9) 0
[12:16:00.280]: (-0.6, 1.5, 0.9) 1
[12:16:00.297]: (-0.6, 1.5, 0.9) 1
[12:16:00.316]: (-0.6, 1.5, 0.9) 1
[12:16:00.333]: (-0.6, 1.5, 0.9) 1
[12:16:00.350]: (-0.6, 1.5, 0.9) 1
[12:16:00.367]: (-0.6, 1.5, 0.9) 1
[12:16:00.384]: (-0.6, 1.5, 0.9) 1
[12:16:00.401]: (-0.6, 1.5, 0.9) 1
[12:16:00.418]: (-0.6, 1.5, 0.9) 1
[12:16:00.435]: (-0.6, 1.5, 0.9) 1
[12:16:00.453]: (-0.6, 1.5, 0.9) 1
[12:16:00.472]: (-0.6, 1.5, 0.9) 1
[12:16:00.494]: (-0.6, 1.5, 0.9) 1
[12:16:00.516]: (-0.6, 1.5, 0.9) 1
[12:16:00.539]: (-0.6, 1.5, 0.9) 1
[12:16:00.561]: (-0.6, 1.5, 0.9) 1
[12:16:00.584]: (-0.6, 1.5, 0.9) 1
[12:16:00.606]: (-0.6, 1.5, 0.9) 1
[12:16:00.627]: (-0.6, 1.5, 0.9) 1
[12:16:00.649]: (-0.6, 1.5, 0.9) 1
[12:16:00.673]: (-0.6, 1.5, 0.9) 1
[12:16:00.694]: (-0.6, 1.5, 0.9) 1
[12:16:00.716]: (-0.6, 1.5, 0.9) 1
[12:16:00.738]: (-0.6, 1.5, 0.9) 1
[12:16:00.760]: (-0.6, 1.5, 0.9) 1
[12:16:00.783]: (-0.6, 1.5, 0.9) 1
[12:16:00.805]: (-0.6, 1.5, 0.9) 1
[12:16:00.827]: (-0.6, 1.5, 0.9) 1
[12:16:00.851]: (-0.6, 1.5, 0.9) 1
[12:16:00.868]: (-0.6, 1.5, 0.9) 1
[12:16:00.884]: (-0.6, 1.5, 0.9) 1
[12:16:00.901]: (-0.6, 1.4, 0.9) 0
[12:16:00.948]: (-0.6, 1.1, 0.9) 4
[12:16:00.965]: (-0.6, 1.1, 0.9) 4
[12:16:00.982]: (-0.6, 1.1, 0.9) 4
[12:16:01.001]: (-0.6, 1.1, 0.9) 4
[12:16:01.019]: (-0.6, 1.1, 0.9) 4
[12:16:01.036]: (-0.6, 1.1, 0.9) 4
[12:16:01.069]: (-0.5, 1.1, 0.9) 4
[12:16:01.101]: (-0.5, 1.1, 0.9) 4
[12:16:01.118]: (-0.5, 1.1, 0.9) 4
[12:16:01.135]: (-0.5, 1.1, 0.9) 4
[12:16:01.152]: (-0.5, 1.1, 0.9) 4
[12:16:01.170]: (-0.5, 1.1, 0.9) 4
[12:16:01.186]: (-0.5, 1.1, 0.9) 4
[12:16:01.203]: (-0.6, 1.0, 0.9) 3
[12:16:01.219]: (-0.6, 1.0, 0.8) 3
[12:16:01.236]: (-0.7, 1.0, 0.8) 3
[12:16:01.254]: (-0.7, 1.0, 0.8) 3
[12:16:01.272]: (-0.7, 1.0, 0.9) 3
[12:16:01.291]: (-0.7, 1.0, 0.9) 3
[12:16:01.308]: (-0.7, 1.0, 0.9) 3
[12:16:01.325]: (-0.7, 1.0, 0.9) 3
[12:16:01.341]: (-0.6, 1.0, 0.9) 3
[12:16:01.361]: (-0.6, 1.0, 0.9) 3
[12:16:01.383]: (-0.6, 1.0, 0.9) 3
[12:16:01.405]: (-0.6, 1.0, 0.9) 3
[12:16:01.427]: (-0.6, 1.0, 0.9) 3
[12:16:01.450]: (-0.6, 1.0, 0.9) 3
[12:16:01.472]: (-0.6, 1.0, 0.9) 3
[12:16:01.494]: (-0.6, 1.0, 0.9) 3
[12:16:01.517]: (-0.6, 1.0, 0.9) 3
[12:16:01.538]: (-0.6, 1.0, 0.9) 3
[12:16:01.561]: (-0.6, 1.0, 0.9) 3
[12:16:01.584]: (-0.6, 1.0, 0.9) 3
[12:16:01.606]: (-0.6, 1.0, 0.9) 3
[12:16:01.629]: (-0.6, 1.0, 0.9) 3
[12:16:01.650]: (-0.6, 1.0, 0.8) 3
[12:16:01.671]: (-0.6, 1.0, 0.9) 3
[12:16:01.694]: (-0.6, 1.0, 0.8) 3
[12:16:01.716]: (-0.6, 1.0, 0.8) 3
[12:16:01.738]: (-0.6, 1.0, 0.9) 3
[12:16:01.757]: (-0.6, 1.0, 0.8) 3
[12:16:01.773]: (-0.7, 1.0, 0.8) 3
[12:16:01.790]: (-0.7, 1.0, 0.8) 3
[12:16:01.808]: (-0.6, 1.0, 0.8) 3
[12:16:01.826]: (-0.6, 1.0, 0.8) 3
[12:16:01.842]: (-0.6, 1.0, 0.8) 3
[12:16:01.859]: (-0.6, 1.0, 0.8) 3
[12:16:01.875]: (-0.6, 1.0, 0.8) 3
[12:16:01.893]: (-0.6, 1.0, 0.8) 3
[12:16:01.910]: (-0.6, 1.0, 0.8) 3
[12:16:01.926]: (-0.6, 1.0, 0.8) 3
[12:16:01.944]: (-0.6, 1.0, 0.8) 3
[12:16:01.962]: (-0.6, 1.0, 0.9) 3
[12:16:01.978]: (-0.7, 1.0, 0.9) 3
[12:16:01.997]: (-0.7, 1.0, 0.9) 3
[12:16:02.016]: (-0.6, 1.0, 0.9) 3
[12:16:02.034]: (-0.6, 1.0, 0.9) 3
[12:16:02.051]: (-0.6, 1.0, 0.9) 3
[12:16:02.069]: (-0.6, 1.0, 0.9) 3
[12:16:02.086]: (-0.7, 1.0, 0.8) 3
[12:16:02.102]: (-0.7, 1.0, 0.8) 3
[12:16:02.119]: (-0.7, 1.0, 0.8) 3
[12:16:02.135]: (-0.7, 1.0, 0.8) 3
[12:16:02.151]: (-0.7, 1.0, 0.8) 3
[12:16:02.167]: (-0.7, 1.0, 0.8) 3
[12:16:02.184]: (-0.7, 1.0, 0.8) 3
[12:16:02.205]: (-0.7, 1.0, 0.8) 3
[12:16:02.227]: (-0.7, 1.0, 0.8) 3
[12:16:02.250]: (-0.7, 1.0, 0.9) 3
[12:16:02.272]: (-0.7, 1.0, 0.9) 3
[12:16:02.812]: (-0.3, 1.6, 0.8) 3
[12:16:02.833]: (-0.3, 1.6, 0.8) 3
[12:16:03.294]: (-0.3, 1.6, 0.8) 3
[12:16:03.316]: (-0.3, 1.6, 0.8) 3
[12:16:03.337]: (-0.3, 1.6, 0.8) 3
[12:16:03.361]: (-0.3, 1.6, 0.8) 3
[12:16:03.383]: (-0.3, 1.6, 0.8) 3
[12:16:03.404]: (-0.3, 1.6, 0.8) 3
[12:16:03.427]: (-0.3, 1.6, 0.8) 3
[12:16:03.449]: (-0.3, 1.6, 0.8) 3
[12:16:03.472]: (-0.3, 1.6, 0.8) 3
[12:16:03.493]: (-0.3, 1.6, 0.8) 3
[12:16:03.516]: (-0.3, 1.6, 0.8) 3
[12:16:03.538]: (-0.3, 1.6, 0.8) 3
[12:16:03.560]: (-0.3, 1.6, 0.8) 3
[12:16:03.582]: (-0.3, 1.6, 0.8) 3
[12:16:03.605]: (-0.3, 1.6, 0.8) 3
[12:16:03.627]: (-0.3, 1.6, 0.8) 3
[12:16:03.648]: (-0.3, 1.6, 0.8) 3
[12:16:03.672]: (-0.3, 1.6, 0.8) 3
[12:16:03.693]: (-0.3, 1.6, 0.8) 3
[12:16:03.711]: (-0.3, 1.6, 0.8) 3
[12:16:03.727]: (-0.3, 1.6, 0.8) 3
[12:16:03.744]: (-0.3, 1.6, 0.8) 3
[12:16:03.762]: (-0.3, 1.6, 0.8) 3
[12:16:03.780]: (-0.3, 1.6, 0.8) 3
[12:16:03.798]: (-0.3, 1.6, 0.8) 3
[12:16:03.817]: (-0.3, 1.6, 0.8) 3
[12:16:03.834]: (-0.3, 1.6, 0.8) 3
[12:16:03.851]: (-0.3, 1.6, 0.8) 3
[12:16:03.867]: (-0.3, 1.6, 0.8) 3
[12:16:03.882]: (-0.3, 1.6, 0.8) 3
[12:16:03.898]: (-0.3, 1.6, 0.8) 3
[12:16:03.915]: (-0.3, 1.6, 0.8) 3
[12:16:03.932]: (-0.3, 1.6, 0.8) 3
[12:16:03.950]: (-0.3, 1.6, 0.8) 3
[12:16:03.967]: (-0.3, 1.6, 0.8) 3
[12:16:03.984]: (-0.3, 1.6, 0.8) 3
[12:16:04.002]: (-0.3, 1.6, 0.8) 3
[12:16:04.020]: (-0.3, 1.6, 0.8) 3
[12:16:04.037]: (-0.3, 1.6, 0.8) 3
[12:16:04.053]: (-0.3, 1.6, 0.8) 3
[12:16:04.071]: (-0.3, 1.6, 0.8) 3
[12:16:04.088]: (-0.3, 1.6, 0.8) 3
[12:16:04.106]: (-0.3, 1.6, 0.8) 3
[12:16:04.123]: (-0.3, 1.6, 0.8) 3
[12:16:04.140]: (-0.3, 1.6, 0.8) 3
[12:16:04.158]: (-0.3, 1.6, 0.8) 3
[12:16:04.179]: (-0.3, 1.6, 0.8) 3
[12:16:04.202]: (-0.3, 1.6, 0.8) 4
[12:16:04.328]: (-0.3, 1.6, 0.8) 8
[12:16:04.352]: (-0.4, 1.6, 0.8) 8
[12:16:04.375]: (-0.4, 1.5, 0.8) 8
[12:16:04.550]: (-0.4, 1.5, 0.9) 8
[12:16:04.571]: (-0.4, 1.5, 0.9) 8
[12:16:05.882]: (-0.7, 1.0, 0.8) 3
[12:16:05.901]: (-0.7, 1.1, 0.8) 3
[12:16:05.917]: (-0.7, 1.1, 0.8) 3
[12:16:05.934]: (-0.7, 1.1, 0.8) 3
[12:16:05.949]: (-0.7, 1.1, 0.8) 3
[12:16:05.965]: (-0.7, 1.1, 0.8) 3
[12:16:05.983]: (-0.7, 1.1, 0.8) 3
[12:16:06.004]: (-0.7, 1.1, 0.8) 3
[12:16:06.027]: (-0.7, 1.1, 0.8) 3
[12:16:06.047]: (-0.7, 1.1, 0.8) 3
[12:16:06.071]: (-0.7, 1.1, 0.8) 3
[12:16:06.092]: (-0.7, 1.1, 0.8) 3
[12:16:06.115]: (-0.7, 1.1, 0.9) 3
[12:16:06.137]: (-0.7, 1.1, 0.8) 3
[12:16:06.159]: (-0.7, 1.1, 0.8) 3
[12:16:06.182]: (-0.7, 1.1, 0.8) 3
[12:16:06.203]: (-0.7, 1.1, 0.9) 3
[12:16:06.227]: (-0.7, 1.1, 0.9) 3
[12:16:06.248]: (-0.7, 1.1, 0.9) 3
[12:16:06.448]: (-0.7, 1.0, 0.8) 3
[12:16:06.947]: (-0.6, 1.6, 0.8) 1
[12:16:06.970]: (-0.6, 1.6, 0.8) 1
[12:16:06.993]: (-0.6, 1.6, 0.8) 1
[12:16:07.015]: (-0.6, 1.6, 0.8) 1
[12:16:07.036]: (-0.6, 1.6, 0.8) 1
[12:16:07.061]: (-0.6, 1.6, 0.8) 1
[12:16:07.080]: (-0.6, 1.6, 0.8) 1
[12:16:07.104]: (-0.6, 1.6, 0.8) 1
[12:16:07.126]: (-0.6, 1.6, 0.8) 1
[12:16:07.147]: (-0.6, 1.6, 0.8) 1
[12:16:07.170]: (-0.6, 1.6, 0.8) 1
[12:16:07.193]: (-0.6, 1.6, 0.8) 1
[12:16:07.216]: (-0.6, 1.6, 0.8) 1
[12:16:07.236]: (-0.6, 1.6, 0.8) 1
[12:16:07.261]: (-0.6, 1.6, 0.8) 1
[12:16:07.281]: (-0.6, 1.6, 0.8) 1
[12:16:07.303]: (-0.6, 1.6, 0.8) 1
[12:16:07.327]: (-0.6, 1.6, 0.8) 1
[12:16:07.345]: (-0.6, 1.6, 0.8) 1
[12:16:07.363]: (-0.6, 1.6, 0.8) 1
[12:16:07.380]: (-0.6, 1.6, 0.8) 1
[12:16:07.397]: (-0.6, 1.6, 0.8) 1
[12:16:07.414]: (-0.6, 1.6, 0.8) 1
[12:16:07.433]: (-0.6, 1.6, 0.8) 1
[12:16:07.450]: (-0.6, 1.6, 0.8) 1
[12:16:07.467]: (-0.6, 1.6, 0.8) 1
[12:16:07.482]: (-0.6, 1.6, 0.8) 1
[12:16:07.501]: (-0.6, 1.6, 0.8) 1
[12:16:07.516]: (-0.6, 1.6, 0.8) 1
[12:16:07.532]: (-0.6, 1.6, 0.8) 1
[12:16:07.548]: (-0.6, 1.6, 0.8) 1
[12:16:07.565]: (-0.6, 1.6, 0.8) 1
[12:16:07.583]: (-0.6, 1.6, 0.8) 1
[12:16:07.601]: (-0.6, 1.6, 0.8) 1
[12:16:07.617]: (-0.6, 1.6, 0.8) 1
[12:16:07.634]: (-0.6, 1.6, 0.8) 1
[12:16:07.650]: (-0.6, 1.6, 0.8) 1
[12:16:07.666]: (-0.6, 1.6, 0.8) 1
[12:16:07.683]: (-0.6, 1.6, 0.8) 1
[12:16:07.701]: (-0.6, 1.6, 0.8) 1
[12:16:07.718]: (-0.6, 1.6, 0.8) 1
[12:16:07.734]: (-0.6, 1.6, 0.8) 1
[12:16:07.751]: (-0.6, 1.6, 0.8) 1
[12:16:07.770]: (-0.6, 1.6, 0.8) 1
[12:16:07.786]: (-0.6, 1.6, 0.8) 1
[12:16:07.803]: (-0.6, 1.6, 0.8) 1
[12:16:07.825]: (-0.6, 1.6, 0.8) 1
[12:16:07.847]: (-0.6, 1.6, 0.8) 1
[12:16:07.870]: (-0.6, 1.6, 0.8) 1
[12:16:07.892]: (-0.6, 1.6, 0.8) 1
[12:16:07.915]: (-0.6, 1.6, 0.8) 1
[12:16:07.938]: (-0.6, 1.6, 0.8) 1
[12:16:08.002]: (-0.4, 1.2, 0.9) 6
[12:16:08.025]: (-0.4, 1.2, 0.9) 6
[12:16:08.047]: (-0.4, 1.2, 0.9) 6
[12:16:08.069]: (-0.4, 1.2, 0.9) 6
[12:16:08.396]: (-0.7, 1.1, 0.9) 3
[12:16:08.415]: (-0.7, 1.1, 0.9) 3
[12:16:08.465]: (-0.7, 1.1, 0.9) 3
[12:16:08.483]: (-0.7, 1.1, 0.9) 3
[12:16:08.501]: (-0.7, 1.1, 0.9) 3
[12:16:08.518]: (-0.7, 1.1, 0.9) 3
[12:16:08.535]: (-0.7, 1.1, 0.9) 3
[12:16:08.552]: (-0.7, 1.1, 0.9) 3
[12:16:08.569]: (-0.7, 1.1, 0.9) 3
[12:16:08.585]: (-0.7, 1.1, 0.9) 3
[12:16:09.404]: (-0.7, 1.1, 0.8) 3
[12:16:09.422]: (-0.7, 1.1, 0.8) 3
[12:16:09.440]: (-0.7, 1.0, 0.8) 3
[12:16:09.459]: (-0.7, 1.1, 0.8) 3
[12:16:09.480]: (-0.7, 1.1, 0.8) 3
[12:16:09.500]: (-0.7, 1.1, 0.8) 3
[12:16:09.519]: (-0.7, 1.1, 0.8) 3
[12:16:09.540]: (-0.7, 1.1, 0.9) 3
[12:16:09.560]: (-0.7, 1.1, 0.8) 3
[12:16:09.597]: (-0.4, 1.1, 0.9) 6
[12:16:09.616]: (-0.4, 1.2, 0.8) 6
[12:16:09.635]: (-0.4, 1.2, 0.8) 6
[12:16:09.654]: (-0.4, 1.2, 0.8) 6
[12:16:09.672]: (-0.4, 1.2, 0.8) 6
[12:16:09.691]: (-0.4, 1.2, 0.9) 6
[12:16:09.710]: (-0.4, 1.2, 0.8) 6
[12:16:09.727]: (-0.4, 1.2, 0.9) 6
[12:16:09.748]: (-0.4, 1.2, 0.9) 6
[12:16:09.769]: (-0.4, 1.2, 0.9) 6
[12:16:09.792]: (-0.4, 1.2, 0.9) 6
[12:16:09.814]: (-0.4, 1.2, 0.9) 6
[12:16:09.836]: (-0.4, 1.2, 0.9) 6
[12:16:09.861]: (-0.4, 1.2, 0.9) 6
[12:16:09.880]: (-0.4, 1.2, 0.9) 6
[12:16:09.904]: (-0.4, 1.2, 0.9) 6
[12:16:09.926]: (-0.4, 1.2, 0.9) 6
[12:16:09.946]: (-0.4, 1.2, 0.9) 6
[12:16:09.970]: (-0.4, 1.2, 0.9) 6
[12:16:09.996]: (-0.3, 1.2, 0.8) 6
[12:16:10.016]: (-0.3, 1.2, 0.8) 6
[12:16:10.036]: (-0.3, 1.2, 0.8) 6
[12:16:10.060]: (-0.3, 1.2, 0.8) 6
[12:16:10.082]: (-0.3, 1.2, 0.8) 6
[12:16:10.106]: (-0.3, 1.2, 0.8) 6
[12:16:10.127]: (-0.3, 1.2, 0.8) 6
[12:16:10.146]: (-0.3, 1.2, 0.8) 6
[12:16:10.168]: (-0.3, 1.2, 0.8) 6
[12:16:10.190]: (-0.4, 1.2, 0.8) 6
[12:16:10.210]: (-0.4, 1.2, 0.8) 6
[12:16:10.227]: (-0.4, 1.2, 0.8) 6
[12:16:10.244]: (-0.4, 1.2, 0.8) 6
[12:16:10.261]: (-0.4, 1.2, 0.8) 6
[12:16:10.278]: (-0.4, 1.2, 0.8) 6
[12:16:10.294]: (-0.3, 1.2, 0.8) 6
[12:16:10.314]: (-0.3, 1.2, 0.8) 6
[12:16:10.335]: (-0.3, 1.2, 0.8) 6
[12:16:10.354]: (-0.3, 1.2, 0.9) 6
[12:16:10.371]: (-0.3, 1.2, 0.9) 6
[12:16:10.387]: (-0.3, 1.2, 0.9) 6
[12:16:10.403]: (-0.3, 1.2, 0.9) 6
[12:16:10.418]: (-0.3, 1.2, 0.9) 6
[12:16:10.436]: (-0.3, 1.2, 0.9) 6
[12:16:10.453]: (-0.3, 1.2, 0.9) 6
[12:16:10.472]: (-0.3, 1.2, 0.9) 6
[12:16:10.490]: (-0.3, 1.2, 0.9) 6
[12:16:10.506]: (-0.3, 1.2, 0.9) 6
[12:16:10.523]: (-0.3, 1.2, 0.9) 6
[12:16:10.541]: (-0.3, 1.2, 0.9) 6
[12:16:10.560]: (-0.3, 1.2, 0.9) 6
[12:16:10.576]: (-0.3, 1.2, 0.9) 6
[12:16:10.593]: (-0.3, 1.2, 0.9) 6
[12:16:10.610]: (-0.3, 1.2, 0.9) 6
[12:16:10.626]: (-0.3, 1.2, 0.9) 6
[12:16:10.644]: (-0.3, 1.2, 0.9) 6
[12:16:10.661]: (-0.3, 1.2, 0.9) 6
[12:16:10.701]: (-0.3, 1.4, 0.9) 8
[12:16:10.746]: (-0.2, 1.5, 0.9) 8
[12:16:10.768]: (-0.2, 1.5, 0.9) 8
[12:16:10.791]: (-0.2, 1.5, 0.9) 8
[12:16:10.812]: (-0.2, 1.5, 0.9) 8
[12:16:10.835]: (-0.2, 1.5, 0.9) 8
[12:16:10.858]: (-0.2, 1.5, 0.9) 8
[12:16:10.879]: (-0.2, 1.5, 0.9) 8
[12:16:10.902]: (-0.2, 1.5, 0.9) 8
[12:16:10.924]: (-0.2, 1.5, 0.9) 8
[12:16:10.945]: (-0.2, 1.5, 0.9) 8
[12:16:10.969]: (-0.2, 1.5, 0.9) 8
[12:16:10.993]: (-0.2, 1.5, 0.9) 8
[12:16:11.013]: (-0.2, 1.5, 0.9) 8
[12:16:11.034]: (-0.2, 1.5, 0.9) 8
[12:16:11.057]: (-0.2, 1.5, 0.9) 8
[12:16:11.073]: (-0.2, 1.5, 0.9) 8
[12:16:11.090]: (-0.3, 1.5, 0.9) 8
[12:16:11.106]: (-0.3, 1.5, 0.9) 8
[12:16:11.282]: (-0.3, 1.4, 0.9) 8
[12:16:11.299]: (-0.2, 1.5, 0.9) 8
[12:16:11.317]: (-0.2, 1.5, 0.9) 8
[12:16:11.336]: (-0.2, 1.5, 0.9) 8
[12:16:11.353]: (-0.2, 1.5, 0.9) 8
[12:16:11.370]: (-0.2, 1.5, 0.9) 8
[12:16:11.387]: (-0.2, 1.5, 0.9) 8
[12:16:11.403]: (-0.2, 1.5, 0.9) 8
[12:16:11.419]: (-0.2, 1.5, 0.9) 8
[12:16:11.437]: (-0.2, 1.5, 0.9) 8
[12:16:11.452]: (-0.2, 1.5, 0.9) 8
[12:16:11.469]: (-0.2, 1.5, 0.9) 8
[12:16:11.484]: (-0.2, 1.5, 0.9) 8
[12:16:11.500]: (-0.2, 1.5, 0.9) 8
[12:16:11.516]: (-0.2, 1.5, 0.9) 8
[12:16:11.535]: (-0.3, 1.5, 0.9) 8
[12:16:11.557]: (-0.2, 1.5, 0.9) 8
[12:16:11.580]: (-0.2, 1.5, 0.9) 8
[12:16:11.604]: (-0.2, 1.5, 0.9) 8
[12:16:11.624]: (-0.2, 1.5, 0.9) 8
[12:16:12.490]: (-0.3, 1.4, 0.9) 8
[12:16:12.602]: (-0.3, 1.2, 0.9) 5
[12:16:12.853]: (-0.4, 1.2, 0.9) 6
[12:16:12.885]: (-0.4, 1.2, 0.9) 6
[12:16:12.901]: (-0.4, 1.2, 0.9) 6
[12:16:12.931]: (-0.4, 1.2, 0.9) 6
[12:16:12.949]: (-0.4, 1.2, 0.9) 6
[12:16:12.967]: (-0.4, 1.2, 0.9) 6
[12:16:12.984]: (-0.4, 1.2, 0.9) 6
[12:16:13.003]: (-0.4, 1.2, 0.9) 6
[12:16:13.020]: (-0.4, 1.2, 0.9) 6
[12:16:13.160]: (-0.5, 1.6, 0.8) 2
[12:16:13.179]: (-0.5, 1.6, 0.8) 2
[12:16:13.195]: (-0.5, 1.6, 0.8) 2
[12:16:13.211]: (-0.5, 1.6, 0.8) 2
[12:16:13.227]: (-0.5, 1.6, 0.8) 2
[12:16:13.244]: (-0.5, 1.6, 0.8) 2
[12:16:13.261]: (-0.5, 1.6, 0.8) 2
[12:16:13.278]: (-0.5, 1.6, 0.8) 2
[12:16:13.301]: (-0.5, 1.6, 0.8) 2
[12:16:13.324]: (-0.5, 1.6, 0.8) 2
[12:16:13.346]: (-0.5, 1.6, 0.8) 2
[12:16:13.367]: (-0.5, 1.6, 0.8) 2
[12:16:13.390]: (-0.5, 1.6, 0.8) 2
[12:16:13.412]: (-0.5, 1.6, 0.8) 2
[12:16:13.434]: (-0.6, 1.6, 0.8) 1
[12:16:13.458]: (-0.6, 1.6, 0.8) 1
[12:16:13.479]: (-0.6, 1.6, 0.8) 1
[12:16:13.501]: (-0.6, 1.6, 0.8) 1
[12:16:13.523]: (-0.6, 1.6, 0.8) 1
[12:16:13.545]: (-0.6, 1.6, 0.8) 1
[12:16:13.567]: (-0.6, 1.6, 0.8) 1
[12:16:13.590]: (-0.6, 1.6, 0.8) 1
[12:16:13.611]: (-0.6, 1.6, 0.8) 1
[12:16:13.634]: (-0.6, 1.6, 0.8) 1
[12:16:13.658]: (-0.6, 1.6, 0.8) 1
[12:16:13.679]: (-0.6, 1.6, 0.8) 1
[12:16:13.701]: (-0.6, 1.6, 0.8) 1
[12:16:13.716]: (-0.6, 1.6, 0.8) 1
[12:16:13.732]: (-0.6, 1.6, 0.8) 1
[12:16:13.749]: (-0.6, 1.6, 0.8) 1
[12:16:13.767]: (-0.6, 1.6, 0.8) 1
[12:16:13.784]: (-0.6, 1.6, 0.8) 1
[12:16:13.801]: (-0.6, 1.6, 0.8) 1
[12:16:13.818]: (-0.6, 1.6, 0.8) 1
[12:16:13.835]: (-0.6, 1.6, 0.8) 1
[12:16:13.852]: (-0.6, 1.6, 0.8) 1
[12:16:13.871]: (-0.6, 1.6, 0.8) 1
[12:16:13.887]: (-0.6, 1.6, 0.8) 1
[12:16:13.903]: (-0.6, 1.6, 0.8) 1
[12:16:13.920]: (-0.6, 1.6, 0.8) 1
[12:16:13.936]: (-0.6, 1.6, 0.8) 1
[12:16:13.951]: (-0.6, 1.6, 0.8) 1
[12:16:13.970]: (-0.6, 1.6, 0.8) 1
[12:16:13.985]: (-0.6, 1.6, 0.8) 1
[12:16:14.004]: (-0.6, 1.6, 0.8) 1
[12:16:14.021]: (-0.6, 1.6, 0.8) 1
[12:16:14.038]: (-0.6, 1.6, 0.8) 1
[12:16:14.056]: (-0.6, 1.6, 0.8) 1
[12:16:14.073]: (-0.6, 1.6, 0.8) 1
[12:16:14.091]: (-0.6, 1.6, 0.8) 1
[12:16:14.107]: (-0.6, 1.6, 0.8) 1
[12:16:14.125]: (-0.6, 1.6, 0.8) 1
[12:16:14.142]: (-0.6, 1.6, 0.8) 1
[12:16:14.160]: (-0.6, 1.6, 0.8) 1
[12:16:14.176]: (-0.6, 1.6, 0.8) 1
[12:16:14.192]: (-0.6, 1.6, 0.8) 1
[12:16:14.211]: (-0.6, 1.6, 0.8) 1
[12:16:14.234]: (-0.6, 1.6, 0.8) 1
[12:16:14.255]: (-0.6, 1.6, 0.8) 1
[12:16:14.345]: (-0.1, 1.1, 0.9) 7
[12:16:14.367]: (-0.2, 1.1, 0.9) 7
[12:16:14.390]: (-0.2, 1.2, 0.9) 7
[12:16:14.412]: (-0.2, 1.2, 0.9) 7
[12:16:14.434]: (-0.2, 1.2, 0.9) 7
[12:16:14.455]: (-0.2, 1.2, 0.9) 7
[12:16:14.478]: (-0.2, 1.2, 0.9) 7
[12:16:14.501]: (-0.2, 1.1, 0.9) 7
[12:16:14.711]: (-0.3, 1.1, 0.9) 6
[12:16:14.728]: (-0.3, 1.2, 0.8) 6
[12:16:14.747]: (-0.3, 1.2, 0.8) 6
[12:16:14.764]: (-0.3, 1.2, 0.9) 6
[12:16:14.781]: (-0.3, 1.2, 0.8) 6
[12:16:14.798]: (-0.3, 1.2, 0.9) 6
[12:16:14.815]: (-0.3, 1.2, 0.9) 6
[12:16:14.831]: (-0.3, 1.2, 0.9) 6
[12:16:14.849]: (-0.3, 1.2, 0.9) 6
[12:16:14.867]: (-0.3, 1.2, 0.9) 6
[12:16:14.883]: (-0.3, 1.2, 0.9) 6
[12:16:14.900]: (-0.3, 1.2, 0.9) 6
[12:16:14.916]: (-0.3, 1.2, 0.9) 6
[12:16:14.933]: (-0.3, 1.2, 0.9) 6
[12:16:14.950]: (-0.3, 1.2, 0.9) 6
[12:16:14.968]: (-0.3, 1.2, 0.9) 6
[12:16:14.985]: (-0.3, 1.2, 0.8) 6
[12:16:15.002]: (-0.3, 1.2, 0.9) 6
[12:16:15.019]: (-0.3, 1.2, 0.9) 6
[12:16:15.035]: (-0.3, 1.2, 0.9) 6
[12:16:15.052]: (-0.3, 1.2, 0.9) 6
[12:16:15.068]: (-0.3, 1.2, 0.9) 6
[12:16:15.090]: (-0.3, 1.2, 0.9) 6
[12:16:15.111]: (-0.3, 1.2, 0.9) 6
[12:16:15.133]: (-0.3, 1.2, 0.9) 6
[12:16:15.154]: (-0.3, 1.2, 0.9) 6
[12:16:15.178]: (-0.3, 1.2, 0.9) 6
[12:16:15.199]: (-0.3, 1.2, 0.9) 6
[12:16:15.223]: (-0.3, 1.2, 0.9) 6
[12:16:15.245]: (-0.3, 1.2, 0.9) 6
[12:16:15.266]: (-0.3, 1.2, 0.9) 6
[12:16:15.290]: (-0.3, 1.2, 0.9) 6
[12:16:15.311]: (-0.3, 1.2, 0.9) 6
[12:16:15.333]: (-0.3, 1.2, 0.9) 6
[12:16:15.356]: (-0.3, 1.2, 0.9) 6
[12:16:15.378]: (-0.3, 1.2, 0.9) 6
[12:16:15.400]: (-0.3, 1.2, 0.9) 6
[12:16:15.421]: (-0.3, 1.2, 0.9) 6
[12:16:15.445]: (-0.3, 1.2, 0.9) 6
[12:16:15.466]: (-0.3, 1.2, 0.9) 6
[12:16:15.483]: (-0.3, 1.2, 0.9) 6
[12:16:15.501]: (-0.3, 1.2, 0.9) 6
[12:16:15.518]: (-0.3, 1.2, 0.9) 6
[12:16:15.535]: (-0.3, 1.2, 0.9) 6
[12:16:15.552]: (-0.3, 1.2, 0.9) 6
[12:16:15.568]: (-0.3, 1.2, 0.9) 6
[12:16:15.585]: (-0.3, 1.2, 0.9) 6
[12:16:15.605]: (-0.3, 1.2, 0.9) 6
[12:16:15.626]: (-0.3, 1.2, 0.9) 6
[12:16:15.642]: (-0.3, 1.2, 0.9) 6
[12:16:15.659]: (-0.3, 1.2, 0.9) 6
[12:16:15.675]: (-0.3, 1.2, 0.9) 6
[12:16:15.692]: (-0.3, 1.2, 0.9) 6
[12:16:15.708]: (-0.3, 1.2, 0.9) 6
[12:16:15.725]: (-0.3, 1.2, 0.9) 6
[12:16:15.741]: (-0.3, 1.2, 0.9) 6
[12:16:15.758]: (-0.3, 1.2, 0.9) 6
[12:16:15.775]: (-0.3, 1.2, 0.9) 6
[12:16:15.791]: (-0.3, 1.2, 0.9) 6
[12:16:15.808]: (-0.3, 1.2, 0.9) 6
[12:16:15.825]: (-0.3, 1.2, 0.9) 6
[12:16:15.841]: (-0.3, 1.2, 0.9) 6
[12:16:15.858]: (-0.3, 1.2, 0.9) 6
[12:16:15.874]: (-0.3, 1.2, 0.9) 6
[12:16:15.891]: (-0.3, 1.2, 0.9) 6
[12:16:18.077]: (-0.4, 1.2, 0.9) 6
[12:16:18.110]: (-0.4, 1.2, 0.9) 6
[12:16:18.158]: (-0.4, 1.2, 0.9) 6
[12:16:18.176]: (-0.4, 1.2, 0.9) 6
[12:16:18.194]: (-0.4, 1.2, 0.9) 6
[12:16:18.211]: (-0.4, 1.2, 0.9) 6
[12:16:18.228]: (-0.4, 1.2, 0.9) 6
[12:16:18.244]: (-0.4, 1.2, 0.9) 6
[12:16:18.260]: (-0.4, 1.2, 0.9) 6
[12:16:18.278]: (-0.4, 1.2, 0.9) 6
[12:16:18.294]: (-0.4, 1.2, 0.9) 6
[12:16:18.312]: (-0.4, 1.2, 0.9) 6
[12:16:18.329]: (-0.4, 1.2, 0.9) 6
[12:16:18.348]: (-0.4, 1.2, 0.9) 6
[12:16:18.587]: (-0.4, 1.2, 0.9) 6
[12:16:18.609]: (-0.4, 1.2, 0.9) 6
[12:16:18.632]: (-0.4, 1.2, 0.9) 6
[12:16:18.654]: (-0.4, 1.2, 0.9) 6
[12:16:18.676]: (-0.4, 1.2, 0.9) 6
[12:16:18.700]: (-0.4, 1.2, 0.9) 6
[12:16:18.720]: (-0.4, 1.2, 0.9) 6
[12:16:18.742]: (-0.4, 1.2, 0.9) 6
[12:16:18.765]: (-0.4, 1.2, 0.9) 6
[12:16:18.787]: (-0.4, 1.2, 0.9) 6
[12:16:18.811]: (-0.4, 1.2, 0.9) 6
[12:16:18.830]: (-0.4, 1.2, 0.9) 6
[12:16:18.855]: (-0.4, 1.2, 0.9) 6
[12:16:18.875]: (-0.4, 1.2, 0.9) 6
[12:16:18.897]: (-0.4, 1.2, 0.9) 6
[12:16:18.920]: (-0.4, 1.2, 0.9) 6
[12:16:21.070]: (-0.6, 1.5, 0.8) 0
[12:16:21.086]: (-0.6, 1.5, 0.8) 0
[12:16:21.104]: (-0.6, 1.5, 0.8) 0
[12:16:21.121]: (-0.6, 1.5, 0.8) 0
[12:16:21.141]: (-0.6, 1.5, 0.8) 0
[12:16:21.164]: (-0.6, 1.5, 0.8) 0
[12:16:21.186]: (-0.6, 1.5, 0.8) 0
[12:16:21.208]: (-0.6, 1.5, 0.8) 0
[12:16:21.231]: (-0.6, 1.5, 0.8) 0
[12:16:21.254]: (-0.6, 1.5, 0.8) 0
[12:16:21.274]: (-0.6, 1.5, 0.8) 0
[12:16:21.297]: (-0.6, 1.5, 0.8) 0
[12:16:21.320]: (-0.6, 1.5, 0.8) 0
[12:16:21.342]: (-0.6, 1.5, 0.8) 0
[12:16:21.363]: (-0.6, 1.5, 0.8) 0
[12:16:21.386]: (-0.6, 1.5, 0.8) 0
[12:16:21.408]: (-0.6, 1.5, 0.8) 0
[12:16:22.218]: (-0.6, 1.2, 0.8) 3
[12:16:23.615]: (-0.4, 1.5, 0.8) 3
[12:16:23.636]: (-0.4, 1.5, 0.8) 3
[12:16:23.659]: (-0.4, 1.5, 0.8) 3
[12:16:23.680]: (-0.3, 1.5, 0.8) 3
[12:16:23.702]: (-0.3, 1.5, 0.8) 3
[12:16:23.725]: (-0.3, 1.5, 0.8) 3
[12:16:23.746]: (-0.3, 1.5, 0.8) 3
[12:16:23.769]: (-0.3, 1.5, 0.8) 3
[12:16:23.792]: (-0.3, 1.5, 0.8) 3
[12:16:23.814]: (-0.3, 1.5, 0.8) 3
[12:16:23.834]: (-0.3, 1.5, 0.8) 3
[12:16:23.858]: (-0.3, 1.5, 0.8) 3
[12:16:23.880]: (-0.3, 1.5, 0.8) 3
[12:16:23.902]: (-0.3, 1.5, 0.8) 3
[12:16:23.927]: (-0.3, 1.5, 0.8) 3
[12:16:23.955]: (-0.3, 1.5, 0.8) 3
[12:16:23.983]: (-0.3, 1.5, 0.8) 3
[12:16:24.007]: (-0.3, 1.5, 0.8) 3
[12:16:24.028]: (-0.3, 1.5, 0.8) 3
[12:16:24.051]: (-0.3, 1.5, 0.8) 3
[12:16:24.072]: (-0.3, 1.5, 0.8) 3
[12:16:24.096]: (-0.3, 1.5, 0.8) 3
[12:16:24.129]: (-0.3, 1.5, 0.8) 3
[12:16:24.162]: (-0.3, 1.5, 0.8) 3
[12:16:24.196]: (-0.3, 1.5, 0.8) 3
[12:16:24.230]: (-0.3, 1.5, 0.8) 3
[12:16:24.263]: (-0.3, 1.5, 0.8) 3
[12:16:24.297]: (-0.3, 1.5, 0.8) 3
[12:16:24.332]: (-0.3, 1.5, 0.8) 3
[12:16:24.364]: (-0.3, 1.5, 0.8) 3
[12:16:24.398]: (-0.3, 1.5, 0.8) 3
[12:16:24.429]: (-0.3, 1.5, 0.8) 3
[12:16:24.462]: (-0.3, 1.5, 0.8) 3
[12:16:24.496]: (-0.3, 1.5, 0.8) 3
[12:16:24.530]: (-0.3, 1.5, 0.8) 3
[12:16:24.563]: (-0.3, 1.5, 0.8) 3
[12:16:24.596]: (-0.3, 1.5, 0.8) 3
[12:16:24.630]: (-0.3, 1.5, 0.8) 3
[12:16:24.662]: (-0.3, 1.5, 0.8) 3
[12:16:24.687]: (-0.3, 1.5, 0.8) 3
[12:16:24.709]: (-0.3, 1.5, 0.8) 3
[12:16:24.730]: (-0.3, 1.5, 0.8) 3
[12:16:24.752]: (-0.3, 1.5, 0.8) 3
[12:16:24.773]: (-0.3, 1.5, 0.8) 3
[12:16:24.796]: (-0.3, 1.5, 0.8) 3
[12:16:24.817]: (-0.3, 1.5, 0.8) 3
[12:16:24.841]: (-0.3, 1.5, 0.8) 3
[12:16:24.864]: (-0.3, 1.5, 0.8) 3
[12:16:24.886]: (-0.3, 1.5, 0.8) 3
[12:16:24.910]: (-0.3, 1.5, 0.8) 3
[12:16:24.933]: (-0.3, 1.5, 0.8) 3
[12:16:24.956]: (-0.3, 1.5, 0.8) 3
[12:16:24.980]: (-0.3, 1.5, 0.8) 3
[12:16:25.005]: (-0.3, 1.5, 0.8) 3
[12:16:25.032]: (-0.3, 1.5, 0.8) 3
[12:16:25.056]: (-0.3, 1.5, 0.8) 3
[12:16:25.084]: (-0.3, 1.5, 0.8) 3
[12:16:25.110]: (-0.3, 1.5, 0.8) 3
[12:16:25.135]: (-0.3, 1.5, 0.8) 3
[12:16:25.159]: (-0.3, 1.5, 0.8) 3
[12:16:25.183]: (-0.3, 1.5, 0.8) 3
[12:16:25.204]: (-0.3, 1.5, 0.8) 3
[12:16:25.227]: (-0.3, 1.5, 0.8) 3
[12:16:25.249]: (-0.3, 1.5, 0.8) 3
[12:16:25.271]: (-0.3, 1.5, 0.8) 3
[12:16:25.295]: (-0.3, 1.5, 0.8) 3
[12:16:25.318]: (-0.3, 1.5, 0.8) 3
[12:16:25.341]: (-0.3, 1.5, 0.8) 3
[12:16:25.368]: (-0.3, 1.5, 0.8) 3
[12:16:25.393]: (-0.3, 1.5, 0.8) 3
[12:16:25.417]: (-0.3, 1.5, 0.8) 3
[12:16:25.439]: (-0.3, 1.5, 0.8) 3
[12:16:25.463]: (-0.3, 1.5, 0.8) 3
[12:16:25.485]: (-0.3, 1.5, 0.8) 3
[12:16:25.509]: (-0.3, 1.5, 0.8) 3
[12:16:25.532]: (-0.3, 1.5, 0.8) 3
[12:16:25.556]: (-0.3, 1.5, 0.8) 3
[12:16:25.579]: (-0.3, 1.5, 0.8) 3
[12:16:25.604]: (-0.3, 1.5, 0.8) 3
[12:16:25.628]: (-0.3, 1.5, 0.8) 3
[12:16:25.651]: (-0.3, 1.5, 0.8) 3
[12:16:25.675]: (-0.3, 1.5, 0.8) 3
[12:16:25.708]: (-0.3, 1.5, 0.8) 3
[12:16:25.742]: (-0.3, 1.5, 0.8) 3
[12:16:25.775]: (-0.3, 1.5, 0.8) 3
[12:16:25.807]: (-0.3, 1.5, 0.8) 3
[12:16:25.841]: (-0.3, 1.5, 0.8) 3
[12:16:25.874]: (-0.3, 1.5, 0.8) 3
[12:16:25.908]: (-0.3, 1.5, 0.8) 3
[12:16:27.131]: (-0.2, 1.2, 0.9) 8
[12:16:27.154]: (-0.3, 1.2, 0.9) 8
[12:16:27.176]: (-0.3, 1.3, 0.9) 8
[12:16:27.198]: (-0.3, 1.2, 0.9) 8
[12:16:27.220]: (-0.3, 1.3, 0.9) 8
[12:16:27.243]: (-0.3, 1.3, 0.9) 8
[12:16:27.265]: (-0.3, 1.3, 0.9) 8
[12:16:27.311]: (-0.3, 1.0, 0.9) 6
[12:16:27.331]: (-0.3, 1.0, 0.9) 6
[12:16:27.354]: (-0.3, 1.0, 0.9) 6
[12:16:27.377]: (-0.3, 1.0, 0.9) 6
[12:16:27.398]: (-0.3, 1.0, 0.9) 6
[12:16:27.420]: (-0.3, 1.0, 0.9) 6
[12:16:27.442]: (-0.3, 1.0, 0.9) 6
[12:16:27.465]: (-0.3, 1.0, 0.9) 6
[12:16:27.486]: (-0.3, 1.0, 0.9) 6
[12:16:27.511]: (-0.3, 1.0, 0.9) 6
[12:16:27.531]: (-0.3, 1.0, 0.9) 6
[12:16:27.553]: (-0.3, 1.0, 0.9) 6
[12:16:27.570]: (-0.3, 1.0, 0.9) 6
[12:16:27.587]: (-0.4, 1.0, 0.9) 6
[12:16:27.605]: (-0.4, 1.0, 0.9) 6
[12:16:27.723]: (-0.4, 1.0, 0.9) 6
[12:16:27.754]: (-0.4, 1.0, 0.9) 6
[12:16:27.772]: (-0.4, 1.0, 0.9) 6
[12:16:27.789]: (-0.4, 1.0, 0.9) 6
[12:16:27.807]: (-0.4, 1.0, 0.9) 6
[12:16:27.825]: (-0.4, 1.0, 0.9) 6
[12:16:27.840]: (-0.4, 1.0, 0.9) 6
[12:16:27.858]: (-0.4, 1.0, 0.9) 6
[12:16:27.874]: (-0.4, 1.0, 0.9) 6
[12:16:27.892]: (-0.4, 1.0, 0.9) 6
[12:16:27.924]: (-0.4, 1.0, 0.9) 6
[12:16:27.973]: (-0.4, 1.0, 0.9) 6
[12:16:27.995]: (-0.4, 1.0, 0.9) 6
[12:16:28.016]: (-0.4, 1.0, 0.9) 6
[12:16:28.038]: (-0.4, 1.0, 0.9) 6
[12:16:28.061]: (-0.4, 1.0, 0.9) 6
[12:16:28.083]: (-0.4, 1.0, 0.9) 6
[12:16:28.107]: (-0.4, 1.0, 0.9) 6
[12:16:28.131]: (-0.4, 1.0, 0.9) 6
[12:16:28.149]: (-0.4, 1.0, 0.9) 6
[12:16:28.172]: (-0.4, 1.0, 0.9) 6
[12:16:28.195]: (-0.4, 1.0, 0.9) 6
[12:16:28.216]: (-0.4, 1.0, 0.9) 6
[12:16:28.238]: (-0.4, 1.0, 0.9) 6
[12:16:28.261]: (-0.4, 1.0, 0.9) 6
[12:16:28.283]: (-0.4, 1.0, 0.9) 6
[12:16:28.305]: (-0.4, 1.0, 0.9) 6
[12:16:28.328]: (-0.4, 1.0, 0.9) 6
[12:16:28.350]: (-0.4, 1.0, 0.9) 6
[12:16:28.373]: (-0.4, 1.0, 0.9) 6
[12:16:28.393]: (-0.4, 1.0, 0.9) 6
[12:16:28.417]: (-0.4, 1.0, 0.9) 6
[12:16:28.438]: (-0.4, 1.1, 0.9) 6
[12:16:28.461]: (-0.4, 1.0, 0.9) 6
[12:16:28.479]: (-0.4, 1.1, 0.9) 6
[12:16:28.495]: (-0.4, 1.1, 0.9) 6
[12:16:28.513]: (-0.4, 1.1, 0.9) 6
[12:16:28.530]: (-0.4, 1.1, 0.9) 6
[12:16:28.547]: (-0.4, 1.1, 0.9) 6
[12:16:28.563]: (-0.4, 1.0, 0.9) 6
[12:16:28.580]: (-0.4, 1.0, 0.9) 6
[12:16:28.596]: (-0.4, 1.1, 0.9) 6
[12:16:28.613]: (-0.4, 1.1, 0.9) 6
[12:16:28.630]: (-0.4, 1.1, 0.9) 6
[12:16:28.646]: (-0.4, 1.1, 0.9) 6
[12:16:28.662]: (-0.4, 1.1, 0.9) 6
[12:16:28.681]: (-0.4, 1.1, 0.9) 6
[12:16:28.698]: (-0.4, 1.1, 0.9) 6
[12:16:28.715]: (-0.4, 1.1, 0.9) 6
[12:16:28.734]: (-0.4, 1.1, 0.9) 6
[12:16:28.750]: (-0.4, 1.1, 0.9) 6
[12:16:28.766]: (-0.4, 1.1, 0.9) 6
[12:16:28.784]: (-0.4, 1.1, 0.9) 6
[12:16:28.800]: (-0.4, 1.1, 0.9) 6
[12:16:28.816]: (-0.4, 1.1, 0.9) 6
[12:16:28.833]: (-0.4, 1.1, 0.9) 6
[12:16:28.849]: (-0.4, 1.1, 0.9) 6
[12:16:28.866]: (-0.4, 1.1, 0.9) 6
[12:16:28.883]: (-0.4, 1.0, 0.9) 6
[12:16:28.900]: (-0.4, 1.0, 0.9) 6
[12:16:28.916]: (-0.4, 1.0, 0.9) 6
[12:16:28.938]: (-0.4, 1.0, 0.9) 6
[12:16:28.960]: (-0.4, 1.0, 0.9) 6
[12:16:28.983]: (-0.4, 1.0, 0.9) 6
[12:16:29.005]: (-0.4, 1.0, 0.9) 6
[12:16:29.028]: (-0.4, 1.0, 0.9) 6
[12:16:29.533]: (-0.4, 1.0, 0.9) 6
[12:16:29.604]: (-0.4, 0.9, 0.9) 6
[12:16:29.636]: (-0.4, 1.0, 0.9) 6
[12:16:29.672]: (-0.4, 1.0, 0.9) 6
[12:16:29.689]: (-0.4, 1.0, 0.9) 6
[12:16:29.708]: (-0.4, 1.0, 0.9) 6
[12:16:29.729]: (-0.4, 1.0, 0.9) 6
[12:16:29.747]: (-0.4, 1.0, 0.9) 6
[12:16:29.894]: (-0.4, 1.0, 0.9) 6
