[12:34:39.782]: (-3.7, -1.6, -0.1) 12
[12:34:39.817]: (-3.7, -1.5, -0.1) 12
[12:34:39.855]: (-3.8, -1.5, -0.1) 12
[12:34:39.883]: (-3.8, -1.5, -0.1) 13
[12:34:41.144]: (-2.7, 3.2, 0.8) 42
[12:34:41.189]: (-2.7, 3.2, 0.8) 42
[12:34:41.589]: (-2.2, 3.4, 0.8) 39
[12:34:41.610]: (-2.2, 3.5, 0.9) 37
[12:34:41.633]: (-2.2, 3.5, 0.9) 37
[12:34:42.279]: (-0.3, 3.3, 1.6) 5
[12:34:42.303]: (-0.3, 3.3, 1.5) 5
[12:34:42.325]: (-0.3, 3.3, 1.5) 5
[12:34:42.345]: (-0.3, 3.3, 1.5) 5
[12:34:42.370]: (-0.3, 3.3, 1.5) 5
[12:34:42.389]: (-0.3, 3.3, 1.5) 5
[12:34:42.406]: (-0.3, 3.3, 1.5) 5
[12:34:42.423]: (-0.3, 3.3, 1.5) 5
[12:34:42.440]: (-0.3, 3.3, 1.5) 5
[12:34:42.457]: (-0.3, 3.3, 1.5) 5
[12:34:42.474]: (-0.3, 3.3, 1.6) 5
[12:34:42.493]: (-0.3, 3.3, 1.6) 5
[12:34:42.512]: (-0.3, 3.3, 1.6) 5
[12:34:42.528]: (-0.3, 3.3, 1.5) 5
[12:34:42.548]: (-0.3, 3.3, 1.6) 5
[12:34:42.566]: (-0.2, 3.2, 1.5) 1
[12:34:42.585]: (-0.2, 3.2, 1.5) 1
[12:34:42.605]: (-0.2, 3.2, 1.5) 1
[12:34:42.624]: (-0.2, 3.2, 1.5) 1
[12:34:42.643]: (-0.2, 3.2, 1.5) 6
[12:34:42.659]: (-0.2, 3.2, 1.5) 1
[12:34:42.677]: (-0.2, 3.2, 1.5) 1
[12:34:42.700]: (-0.2, 3.3, 1.5) 1
[12:34:42.741]: (-0.2, 3.4, 1.6) 3
[12:34:42.762]: (-0.2, 3.4, 1.6) 3
[12:34:42.786]: (-0.2, 3.4, 1.6) 3
[12:34:42.867]: (-0.2, 3.4, 1.6) 3
[12:34:43.035]: (-0.3, 3.2, 1.4) 4
[12:34:43.067]: (-0.4, 3.2, 1.4) 4
[12:34:43.134]: (-0.3, 3.2, 1.4) 5
[12:34:43.166]: (-0.3, 3.2, 1.4) 5
[12:34:43.200]: (-0.3, 3.2, 1.4) 5
[12:34:43.232]: (-0.3, 3.2, 1.4) 5
[12:34:43.533]: (-1.9, 3.7, 1.1) 56
[12:34:43.566]: (-2.0, 3.6, 1.0) 62
[12:34:43.631]: (-1.9, 3.6, 1.1) 62
[12:34:43.666]: (-1.9, 3.5, 1.1) 62
[12:34:43.698]: (-1.8, 3.5, 1.2) 62
[12:34:43.721]: (-1.8, 3.6, 1.2) 56
[12:34:43.809]: (-1.7, 3.8, 1.4) 61
[12:34:43.966]: (-1.5, 3.8, 1.5) 58
[12:34:43.989]: (-1.5, 3.8, 1.5) 58
[12:34:44.011]: (-1.5, 3.8, 1.5) 58
[12:34:44.031]: (-1.5, 3.8, 1.5) 58
[12:34:44.055]: (-1.5, 3.8, 1.5) 58
[12:34:44.076]: (-1.5, 3.8, 1.5) 58
[12:34:44.101]: (-1.5, 3.8, 1.5) 58
[12:34:44.121]: (-1.5, 3.7, 1.5) 58
[12:34:44.143]: (-1.5, 3.7, 1.5) 58
[12:34:44.166]: (-1.5, 3.7, 1.5) 58
[12:34:44.188]: (-1.5, 3.8, 1.5) 58
[12:34:44.209]: (-1.5, 3.8, 1.5) 58
[12:34:44.231]: (-1.5, 3.7, 1.5) 58
[12:34:44.254]: (-1.5, 3.7, 1.5) 58
[12:34:44.276]: (-1.5, 3.7, 1.5) 58
[12:34:44.298]: (-1.5, 3.7, 1.5) 58
[12:34:44.322]: (-1.5, 3.7, 1.5) 58
[12:34:44.858]: (-1.6, 2.8, 1.0) 23
[12:34:44.881]: (-1.4, 2.6, 0.9) 29
[12:34:44.902]: (-1.6, 2.8, 1.0) 23
[12:34:44.962]: (-0.7, 3.4, 1.5) 37
[12:34:44.982]: (-0.8, 3.4, 1.5) 37
[12:34:45.002]: (-0.8, 3.4, 1.5) 37
[12:34:45.020]: (-0.7, 3.4, 1.5) 37
[12:34:45.037]: (-0.8, 3.4, 1.5) 37
[12:34:45.055]: (-0.8, 3.4, 1.5) 37
[12:34:45.073]: (-0.8, 3.4, 1.5) 37
[12:34:45.091]: (-0.8, 3.4, 1.5) 37
[12:34:45.113]: (-0.8, 3.4, 1.5) 37
[12:34:45.137]: (-0.8, 3.4, 1.6) 37
[12:34:45.342]: (0.0, 4.1, 2.8) 47
[12:34:45.362]: (0.1, 4.2, 2.9) 45
[12:34:45.384]: (0.1, 4.2, 3.0) 45
[12:34:45.405]: (0.0, 4.2, 3.0) 50
[12:34:45.447]: (0.0, 4.1, 2.8) 47
[12:34:45.642]: (-0.3, 2.6, 1.8) 1
[12:34:45.664]: (-0.2, 2.6, 1.8) 1
[12:34:45.688]: (-0.2, 2.7, 1.8) 1
[12:34:45.710]: (-0.2, 2.7, 1.8) 1
[12:34:45.730]: (-0.2, 2.7, 1.8) 1
[12:34:45.754]: (-0.2, 2.7, 1.8) 1
[12:34:45.775]: (-0.2, 2.7, 1.8) 1
[12:34:46.172]: (-1.1, 2.8, 0.9) 29
[12:34:46.194]: (-1.0, 2.7, 1.0) 29
[12:34:46.235]: (-1.1, 2.9, 1.1) 20
[12:34:46.258]: (-1.0, 2.9, 1.1) 20
[12:34:46.712]: (-0.7, 2.8, 1.3) 26
[12:34:47.099]: (-0.9, 3.1, 2.4) 62
[12:34:47.115]: (-0.9, 3.1, 2.4) 62
[12:34:47.132]: (-0.9, 3.1, 2.4) 56
[12:34:47.149]: (-0.9, 3.1, 2.4) 56
[12:34:47.165]: (-0.8, 3.1, 2.4) 56
[12:34:47.182]: (-0.8, 3.1, 2.4) 56
[12:34:47.202]: (-0.8, 3.1, 2.4) 56
[12:34:47.218]: (-0.8, 3.1, 2.4) 56
[12:34:47.235]: (-0.8, 3.1, 2.4) 56
[12:34:47.251]: (-0.8, 3.1, 2.4) 56
[12:34:47.269]: (-0.8, 3.1, 2.4) 56
[12:34:47.287]: (-0.8, 3.1, 2.4) 56
[12:34:47.303]: (-0.8, 3.1, 2.4) 56
[12:34:47.320]: (-0.8, 3.1, 2.4) 56
[12:34:47.338]: (-0.8, 3.1, 2.4) 56
[12:34:47.356]: (-0.8, 3.1, 2.4) 56
[12:34:47.374]: (-0.8, 3.1, 2.4) 56
[12:34:47.391]: (-0.8, 3.2, 2.5) 61
[12:34:49.652]: (-1.1, 2.0, 1.5) 20
[12:34:49.674]: (-1.1, 2.0, 1.5) 20
[12:34:49.698]: (-1.1, 2.0, 1.5) 20
[12:34:49.975]: (-1.1, 2.1, 1.5) 20
[12:34:49.995]: (-1.1, 2.1, 1.5) 20
[12:34:50.015]: (-1.1, 2.1, 1.5) 20
[12:34:50.033]: (-1.1, 2.1, 1.5) 20
[12:34:50.051]: (-1.1, 2.1, 1.5) 20
[12:34:50.071]: (-1.1, 2.1, 1.5) 20
[12:34:50.089]: (-1.1, 2.1, 1.5) 20
[12:34:50.108]: (-1.1, 2.1, 1.5) 20
[12:34:50.148]: (-0.8, 2.1, 1.4) 29
[12:34:50.169]: (-0.8, 2.1, 1.4) 29
[12:34:50.190]: (-0.8, 2.1, 1.4) 29
[12:34:50.210]: (-0.8, 2.1, 1.4) 29
[12:34:50.227]: (-0.8, 2.1, 1.4) 29
[12:34:50.244]: (-0.8, 2.1, 1.4) 29
[12:34:50.261]: (-0.9, 2.1, 1.6) 31
[12:34:50.279]: (-0.9, 2.2, 1.6) 31
[12:34:50.299]: (-0.9, 2.1, 1.6) 31
[12:34:50.321]: (-0.9, 2.1, 1.5) 31
[12:34:50.345]: (-0.9, 2.1, 1.5) 31
[12:34:50.367]: (-1.0, 2.1, 1.5) 31
[12:34:50.585]: (-1.0, 2.0, 1.5) 31
[12:34:52.462]: (-0.8, 2.3, 1.5) 31
[12:34:52.484]: (-0.7, 2.2, 1.3) 22
[12:34:52.506]: (-0.7, 2.2, 1.3) 30
[12:34:52.528]: (-0.6, 2.3, 1.3) 22
[12:34:52.551]: (-0.6, 2.3, 1.2) 29
[12:34:52.573]: (-0.6, 2.3, 1.2) 29
[12:34:52.595]: (-0.6, 2.2, 1.2) 29
[12:34:52.619]: (-0.6, 2.3, 1.2) 29
[12:34:52.641]: (-0.6, 2.3, 1.2) 29
[12:34:52.662]: (-0.6, 2.3, 1.2) 29
[12:34:52.685]: (-0.6, 2.4, 1.4) 31
[12:34:52.707]: (-0.6, 2.4, 1.4) 31
[12:34:52.729]: (-0.6, 2.4, 1.4) 31
[12:34:52.750]: (-0.6, 2.4, 1.3) 31
[12:34:52.772]: (-0.6, 2.4, 1.3) 31
[12:34:52.790]: (-0.6, 2.4, 1.3) 31
[12:34:52.807]: (-0.6, 2.4, 1.3) 31
[12:34:52.825]: (-0.6, 2.4, 1.3) 31
[12:34:52.841]: (-0.6, 2.4, 1.3) 31
[12:34:52.861]: (-0.6, 2.4, 1.3) 31
[12:34:52.880]: (-0.7, 2.4, 1.3) 31
[12:34:52.902]: (-0.7, 2.4, 1.3) 31
[12:34:52.919]: (-0.7, 2.4, 1.3) 31
[12:34:52.936]: (-0.7, 2.4, 1.3) 31
[12:34:52.953]: (-0.7, 2.5, 1.3) 31
[12:34:52.971]: (-0.7, 2.5, 1.3) 31
[12:34:52.990]: (-0.7, 2.5, 1.3) 31
[12:34:53.008]: (-0.7, 2.5, 1.3) 31
[12:34:53.026]: (-0.7, 2.5, 1.3) 31
[12:34:53.043]: (-0.6, 2.4, 1.3) 31
[12:34:53.217]: (-0.5, 3.2, 1.8) 62
[12:34:53.439]: (-0.7, 2.5, 1.3) 31
[12:34:53.550]: (-1.0, 2.9, 2.0) 59
[12:34:53.836]: (-1.6, 2.8, 1.6) 58
[12:34:53.858]: (-1.6, 2.8, 1.5) 55
[12:34:53.902]: (-1.5, 2.8, 1.5) 56
[12:34:53.924]: (-1.5, 2.8, 1.5) 62
[12:34:54.232]: (-1.2, 2.8, 1.7) 62
[12:34:54.254]: (-1.2, 2.8, 1.7) 62
[12:34:54.278]: (-1.2, 2.8, 1.7) 62
[12:34:54.301]: (-1.2, 2.8, 1.7) 62
[12:34:54.323]: (-1.2, 2.8, 1.7) 62
[12:34:55.071]: (-1.2, 2.7, 1.7) 62
[12:34:55.096]: (-1.2, 2.7, 1.7) 62
[12:34:55.117]: (-1.2, 2.8, 1.7) 62
[12:34:55.138]: (-1.2, 2.8, 1.7) 62
[12:34:55.318]: (-1.2, 2.8, 1.7) 62
[12:34:55.338]: (-1.2, 2.8, 1.7) 62
[12:34:55.362]: (-1.2, 2.8, 1.7) 62
[12:34:55.735]: (-1.2, 2.4, 1.7) 56
[12:34:55.758]: (-1.2, 2.4, 1.7) 56
[12:34:55.820]: (-1.2, 2.4, 1.7) 62
[12:34:55.840]: (-1.2, 2.4, 1.7) 62
[12:34:55.862]: (-1.2, 2.4, 1.7) 62
[12:34:55.883]: (-1.2, 2.4, 1.7) 62
[12:34:55.901]: (-1.2, 2.4, 1.7) 62
[12:34:55.942]: (-1.2, 2.4, 1.7) 56
[12:34:55.959]: (-1.2, 2.4, 1.7) 56
[12:34:55.976]: (-1.2, 2.4, 1.7) 56
[12:34:55.994]: (-1.1, 2.4, 1.7) 56
[12:34:56.012]: (-1.1, 2.4, 1.7) 56
[12:34:56.029]: (-1.1, 2.4, 1.7) 56
[12:34:56.049]: (-1.1, 2.4, 1.7) 56
[12:34:56.073]: (-1.1, 2.4, 1.7) 56
[12:34:56.094]: (-1.2, 2.5, 1.6) 62
[12:34:56.116]: (-1.2, 2.5, 1.6) 62
[12:34:56.182]: (-1.2, 2.5, 1.6) 62
[12:34:56.205]: (-1.2, 2.5, 1.6) 62
[12:34:56.272]: (-1.3, 2.6, 1.7) 61
[12:34:56.294]: (-1.2, 2.5, 1.6) 56
[12:34:56.317]: (-1.2, 2.5, 1.6) 56
[12:34:56.448]: (-1.3, 2.5, 1.5) 61
[12:34:56.471]: (-1.2, 2.4, 1.5) 61
[12:34:57.059]: (-1.2, 2.2, 1.4) 62
[12:34:57.082]: (-1.2, 2.2, 1.4) 62
[12:34:57.105]: (-1.2, 2.2, 1.4) 62
[12:34:57.126]: (-1.2, 2.2, 1.4) 62
[12:34:57.148]: (-1.2, 2.2, 1.4) 62
[12:34:57.172]: (-1.2, 2.2, 1.5) 62
[12:34:57.193]: (-1.2, 2.2, 1.5) 62
[12:34:57.349]: (-1.2, 2.1, 1.5) 62
[12:34:57.371]: (-1.2, 2.2, 1.4) 62
[12:34:57.393]: (-1.2, 2.2, 1.4) 62
[12:34:57.410]: (-1.2, 2.2, 1.4) 62
[12:34:57.427]: (-1.2, 2.2, 1.4) 62
[12:34:57.444]: (-1.2, 2.2, 1.4) 62
[12:34:57.462]: (-1.2, 2.2, 1.4) 62
[12:34:57.479]: (-1.2, 2.2, 1.4) 62
[12:34:57.530]: (-1.2, 2.2, 1.4) 62
[12:34:57.562]: (-1.2, 2.2, 1.5) 62
[12:34:57.578]: (-1.2, 2.2, 1.4) 62
[12:34:57.597]: (-1.2, 2.2, 1.5) 62
[12:34:57.631]: (-1.2, 2.2, 1.4) 62
[12:34:59.643]: (-1.2, 2.3, 1.4) 62
