[12:30:32.168]: (-2.5, -0.8, 0.0) 40
[12:30:32.189]: (-2.5, -0.8, 0.0) 40
[12:30:32.277]: (-2.4, -1.0, 0.0) 41
[12:30:32.299]: (-2.3, -1.1, 0.0) 44
[12:30:32.698]: (-5.7, -2.6, -0.2) 6
[12:30:33.516]: (-3.1, 4.6, 2.2) 0
[12:30:33.752]: (-2.2, 4.1, 2.0) 50
[12:30:34.193]: (-1.7, 4.3, 2.2) 52
[12:30:34.595]: (-1.5, 4.6, 2.6) 2
[12:30:34.617]: (-1.5, 4.7, 2.6) 0
[12:30:34.638]: (-1.5, 4.7, 2.7) 0
[12:30:34.662]: (-1.5, 4.6, 2.7) 0
[12:30:34.686]: (-1.5, 4.6, 2.7) 0
[12:30:34.707]: (-1.5, 4.5, 2.7) 2
[12:30:34.730]: (-1.6, 4.5, 2.7) 2
[12:30:34.774]: (-1.6, 4.5, 2.7) 1
[12:30:35.198]: (-1.5, 2.1, 0.5) 29
[12:30:35.242]: (-2.1, 2.5, 0.9) 35
[12:30:35.265]: (-2.0, 2.5, 0.9) 35
[12:30:35.282]: (-2.0, 2.5, 0.9) 35
[12:30:35.299]: (-2.0, 2.5, 0.9) 35
[12:30:35.316]: (-2.0, 2.5, 0.9) 35
[12:30:35.353]: (-1.5, 2.1, 0.5) 29
[12:30:35.662]: (-1.3, 2.1, 0.5) 29
[12:30:35.685]: (-1.3, 2.1, 0.5) 29
[12:30:36.176]: (-2.3, 3.3, 2.1) 19
[12:30:36.342]: (-1.0, 3.1, 2.0) 23
[12:30:36.375]: (-1.0, 3.1, 2.1) 23
[12:30:36.409]: (-1.0, 3.1, 2.1) 23
[12:30:36.442]: (-1.0, 3.1, 2.1) 23
[12:30:36.476]: (-1.0, 3.1, 2.1) 23
[12:30:36.509]: (-1.0, 3.1, 2.1) 23
[12:30:36.542]: (-1.0, 3.1, 2.1) 23
[12:30:36.579]: (-1.0, 3.1, 2.1) 23
[12:30:36.610]: (-1.0, 3.1, 2.1) 23
[12:30:36.643]: (-1.0, 3.1, 2.1) 23
[12:30:36.663]: (-1.0, 3.1, 2.1) 23
[12:30:36.687]: (-1.0, 3.1, 2.1) 23
[12:30:36.731]: (-1.0, 3.1, 2.1) 23
[12:30:36.753]: (-1.0, 3.1, 2.1) 23
[12:30:36.775]: (-1.0, 3.1, 2.1) 23
[12:30:36.798]: (-1.0, 3.1, 2.1) 21
[12:30:36.820]: (-1.0, 3.2, 2.1) 21
[12:30:37.602]: (-0.5, 4.1, 2.7) 0
[12:30:37.626]: (-0.5, 4.1, 2.7) 0
[12:30:37.643]: (-0.5, 4.1, 2.7) 0
[12:30:37.665]: (-0.5, 4.1, 2.7) 0
[12:30:37.867]: (-0.6, 4.0, 2.7) 2
[12:30:37.886]: (-0.6, 4.0, 2.7) 2
[12:30:37.905]: (-0.6, 3.9, 2.7) 2
[12:30:37.921]: (-0.6, 3.9, 2.7) 2
[12:30:37.937]: (-0.6, 3.9, 2.7) 2
[12:30:37.954]: (-0.6, 3.9, 2.7) 2
[12:30:37.972]: (-0.6, 3.9, 2.7) 2
[12:30:37.988]: (-0.6, 3.9, 2.7) 2
[12:30:38.006]: (-0.6, 3.9, 2.7) 2
[12:30:38.024]: (-0.6, 3.9, 2.7) 2
[12:30:38.041]: (-0.6, 3.9, 2.7) 2
[12:30:38.058]: (-0.6, 3.9, 2.7) 2
[12:30:38.076]: (-0.6, 3.9, 2.7) 2
[12:30:38.093]: (-0.6, 3.9, 2.7) 2
[12:30:39.221]: (0.2, 3.2, 2.0) 53
[12:30:39.241]: (0.2, 3.2, 2.0) 53
[12:30:39.486]: (-0.1, 3.4, 1.9) 52
[12:30:39.508]: (-0.1, 3.4, 1.9) 52
[12:30:39.530]: (-0.1, 3.4, 1.9) 52
[12:30:39.777]: (0.1, 3.4, 2.1) 55
[12:30:39.799]: (0.2, 3.4, 2.1) 55
[12:30:39.820]: (0.2, 3.4, 2.1) 55
[12:30:39.841]: (0.1, 3.4, 2.1) 55
[12:30:39.866]: (0.1, 3.4, 2.1) 51
[12:30:39.889]: (0.2, 3.4, 2.1) 51
[12:30:39.914]: (0.1, 3.4, 2.0) 51
[12:30:39.937]: (0.1, 3.4, 2.0) 51
[12:30:40.818]: (-1.9, 1.7, 1.2) 35
[12:30:40.986]: (-1.9, 1.7, 1.2) 35
[12:30:41.008]: (-1.9, 1.7, 1.2) 35
[12:30:41.029]: (-1.9, 1.7, 1.2) 35
[12:30:41.074]: (-1.7, 1.7, 1.1) 33
[12:30:41.295]: (-1.5, 0.8, 0.8) 31
[12:30:41.335]: (-1.5, 0.8, 0.8) 31
[12:30:41.353]: (-1.5, 0.8, 0.8) 31
[12:30:41.371]: (-1.5, 0.9, 0.8) 31
[12:30:41.434]: (-1.7, 0.9, 0.9) 27
[12:30:41.451]: (-1.7, 0.9, 0.9) 27
[12:30:41.468]: (-1.7, 0.9, 0.9) 27
[12:30:42.918]: (-1.4, 2.8, 1.7) 22
[12:30:42.940]: (-1.4, 2.8, 1.7) 22
[12:30:43.317]: (-1.2, 2.8, 1.7) 23
[12:30:45.983]: (-1.4, 2.8, 1.7) 22
[12:30:46.001]: (-1.4, 2.8, 1.7) 22
[12:30:46.018]: (-1.4, 2.8, 1.7) 22
[12:30:46.035]: (-1.4, 2.8, 1.7) 22
[12:30:46.053]: (-1.4, 2.9, 1.7) 22
[12:30:46.106]: (-1.4, 2.9, 1.7) 22
[12:30:46.128]: (-1.4, 2.9, 1.7) 22
[12:30:46.150]: (-1.4, 2.9, 1.7) 22
[12:30:46.171]: (-1.4, 2.9, 1.7) 22
[12:30:46.506]: (1.2, 5.1, 2.7) 6
[12:30:46.525]: (1.2, 5.1, 2.7) 6
[12:30:46.542]: (1.2, 5.0, 2.8) 6
[12:30:46.559]: (1.2, 5.0, 2.8) 6
[12:30:46.592]: (1.2, 5.1, 2.9) 4
[12:30:46.609]: (1.2, 5.0, 2.8) 4
[12:30:46.625]: (1.1, 5.1, 2.9) 7
[12:30:46.642]: (1.2, 5.0, 2.9) 4
[12:30:46.658]: (1.1, 5.1, 2.9) 7
[12:30:46.678]: (1.1, 5.0, 2.9) 7
[12:30:46.713]: (1.1, 5.1, 3.0) 7
[12:30:46.729]: (1.1, 5.0, 2.9) 7
[12:30:46.747]: (1.1, 5.1, 3.0) 7
[12:30:46.814]: (1.1, 5.1, 2.9) 7
[12:30:46.832]: (1.1, 5.0, 2.9) 7
[12:30:46.849]: (1.1, 5.1, 2.9) 7
[12:30:46.866]: (1.1, 5.0, 2.9) 7
[12:30:46.882]: (1.1, 5.1, 2.9) 7
[12:30:46.900]: (1.1, 5.1, 2.9) 7
[12:30:46.916]: (1.1, 5.1, 2.9) 7
[12:30:46.932]: (1.1, 5.0, 2.9) 7
[12:30:46.949]: (1.1, 5.1, 2.9) 7
[12:30:46.973]: (1.1, 5.1, 2.9) 7
[12:30:46.994]: (1.1, 5.1, 2.9) 7
[12:30:47.017]: (1.1, 5.1, 2.9) 7
[12:30:47.038]: (1.1, 5.1, 2.9) 7
[12:30:47.060]: (1.1, 5.1, 2.9) 7
[12:30:47.083]: (1.1, 5.1, 2.9) 7
[12:30:47.106]: (1.1, 5.1, 2.9) 7
[12:30:47.129]: (1.1, 5.1, 2.9) 7
[12:30:47.149]: (1.1, 5.1, 2.9) 7
[12:30:47.171]: (1.1, 5.1, 2.9) 7
[12:30:47.193]: (1.1, 5.1, 2.9) 7
[12:30:49.094]: (-0.6, 4.1, 3.7) 6
[12:30:49.117]: (-0.5, 4.2, 3.7) 4
[12:30:49.139]: (-0.6, 4.2, 3.7) 4
[12:30:49.161]: (-0.6, 4.1, 3.6) 8
[12:30:50.028]: (-1.4, 3.7, 3.9) 9
[12:30:50.863]: (-1.0, 4.2, 3.0) 8
[12:30:50.887]: (-1.0, 4.3, 3.1) 5
[12:30:50.908]: (-1.1, 4.4, 3.0) 9
[12:30:51.327]: (-0.7, 4.3, 3.1) 5
[12:30:51.343]: (-0.7, 4.3, 3.1) 5
[12:30:51.359]: (-0.6, 4.3, 3.1) 5
[12:30:51.407]: (-0.7, 4.2, 3.0) 6
[12:30:51.425]: (-0.7, 4.2, 3.0) 6
[12:30:51.448]: (-0.7, 4.2, 3.0) 6
[12:30:51.692]: (-0.7, 4.4, 3.1) 9
[12:30:51.713]: (-0.6, 4.4, 3.1) 9
[12:30:51.737]: (-0.7, 4.4, 3.1) 9
[12:30:51.758]: (-0.7, 4.4, 3.1) 9
[12:30:51.781]: (-0.7, 4.4, 3.1) 9
[12:30:51.803]: (-0.7, 4.4, 3.1) 9
[12:30:51.825]: (-0.7, 4.4, 3.0) 9
[12:30:51.974]: (-0.7, 4.4, 3.0) 9
[12:30:51.997]: (-0.7, 4.4, 2.9) 9
[12:30:52.019]: (-0.7, 4.4, 2.9) 9
[12:30:52.042]: (-0.7, 4.4, 2.9) 9
[12:30:52.064]: (-0.7, 4.4, 3.0) 9
[12:30:52.551]: (-0.7, 3.8, 3.2) 5
[12:30:52.572]: (-0.7, 3.8, 3.1) 5
[12:30:52.595]: (-0.7, 3.8, 3.2) 5
[12:30:52.615]: (-0.7, 3.8, 3.1) 10
[12:30:52.636]: (-0.7, 3.8, 3.1) 10
[12:30:53.075]: (-1.0, 3.7, 3.1) 9
[12:30:53.092]: (-0.9, 3.7, 3.1) 9
[12:30:53.109]: (-0.9, 3.7, 3.1) 9
[12:30:53.126]: (-0.9, 3.7, 3.1) 9
[12:30:53.144]: (-0.9, 3.6, 3.1) 9
[12:30:53.161]: (-0.9, 3.6, 3.1) 9
[12:30:53.178]: (-0.9, 3.7, 3.1) 9
[12:30:53.196]: (-0.9, 3.7, 3.1) 9
[12:30:53.215]: (-0.9, 3.7, 3.1) 9
[12:30:53.233]: (-0.9, 3.7, 3.1) 9
[12:30:53.249]: (-0.9, 3.7, 3.1) 9
[12:30:53.266]: (-0.9, 3.7, 3.1) 9
[12:30:53.283]: (-0.9, 3.7, 3.1) 9
[12:30:53.301]: (-0.9, 3.7, 3.1) 9
[12:30:53.319]: (-0.9, 3.7, 3.1) 9
[12:30:53.470]: (-0.8, 3.7, 3.1) 9
[12:30:53.992]: (-0.6, 4.1, 2.7) 9
[12:30:54.013]: (-0.6, 4.1, 2.7) 9
[12:30:54.055]: (-0.6, 4.1, 2.7) 10
[12:30:54.077]: (-0.6, 4.1, 2.7) 10
[12:30:54.100]: (-0.6, 4.1, 2.7) 10
[12:30:54.122]: (-0.6, 4.1, 2.7) 10
[12:30:54.144]: (-0.6, 4.1, 2.7) 10
[12:30:54.166]: (-0.6, 4.1, 2.7) 10
[12:30:54.188]: (-0.6, 4.1, 2.7) 10
[12:30:54.209]: (-0.6, 4.1, 2.7) 10
[12:30:54.252]: (-0.7, 4.0, 2.8) 9
[12:30:54.274]: (-0.7, 4.0, 2.8) 9
[12:30:54.296]: (-0.7, 4.0, 2.8) 9
[12:30:54.319]: (-0.7, 4.0, 2.8) 5
[12:30:54.340]: (-0.7, 4.0, 2.8) 5
[12:30:54.363]: (-0.7, 4.0, 2.8) 5
[12:30:56.360]: (-0.3, 3.8, 2.9) 5
[12:30:57.257]: (-0.7, 3.7, 3.0) 9
[12:30:57.301]: (-0.7, 3.7, 3.0) 9
[12:30:57.323]: (-0.7, 3.7, 3.0) 9
[12:30:57.344]: (-0.7, 3.7, 3.0) 9
[12:30:57.505]: (-0.7, 3.7, 3.0) 9
[12:30:57.522]: (-0.6, 3.7, 3.0) 9
[12:30:57.539]: (-0.7, 3.7, 3.0) 9
[12:30:57.556]: (-0.7, 3.7, 3.0) 9
[12:30:57.573]: (-0.6, 3.7, 3.0) 9
[12:30:57.591]: (-0.7, 3.7, 3.0) 9
[12:30:57.624]: (-0.7, 3.7, 3.0) 9
[12:30:57.640]: (-0.7, 3.7, 3.0) 9
[12:30:57.658]: (-0.7, 3.7, 3.0) 9
[12:30:57.674]: (-0.7, 3.7, 3.0) 9
[12:30:57.692]: (-0.6, 3.7, 3.0) 9
[12:30:57.709]: (-0.6, 3.7, 3.0) 9
[12:30:57.724]: (-0.6, 3.7, 3.0) 9
[12:30:57.741]: (-0.6, 3.7, 3.0) 9
[12:30:57.759]: (-0.6, 3.7, 3.0) 9
[12:30:57.776]: (-0.6, 3.7, 3.0) 9
[12:30:57.792]: (-0.6, 3.7, 3.0) 9
[12:30:57.808]: (-0.6, 3.7, 2.9) 9
[12:31:00.061]: (-0.6, 3.8, 2.9) 9
[12:31:00.079]: (-0.6, 3.8, 2.9) 9
[12:31:00.097]: (-0.6, 3.8, 2.9) 9
[12:31:00.115]: (-0.6, 3.8, 2.9) 9
[12:31:00.134]: (-0.6, 3.8, 2.9) 9
[12:31:00.150]: (-0.6, 3.8, 2.9) 9
[12:31:00.168]: (-0.6, 3.8, 2.9) 9
[12:31:00.184]: (-0.6, 3.8, 2.9) 9
[12:31:00.201]: (-0.6, 3.8, 2.9) 9
[12:31:00.218]: (-0.6, 3.7, 2.9) 9
[12:31:00.234]: (-0.6, 3.8, 2.9) 9
[12:31:00.251]: (-0.6, 3.8, 2.9) 9
[12:31:00.268]: (-0.6, 3.8, 2.9) 9
[12:31:00.285]: (-0.6, 3.8, 2.9) 9
[12:31:00.301]: (-0.6, 3.7, 2.9) 9
[12:31:00.319]: (-0.6, 3.7, 2.9) 9
[12:31:00.335]: (-0.6, 3.7, 2.9) 9
[12:31:00.352]: (-0.6, 3.7, 2.9) 9
[12:31:00.369]: (-0.6, 3.7, 2.9) 9
[12:31:00.386]: (-0.6, 3.7, 2.9) 9
[12:31:00.402]: (-0.6, 3.7, 2.9) 9
[12:31:00.420]: (-0.6, 3.8, 2.9) 9
[12:31:00.437]: (-0.6, 3.8, 2.9) 9
[12:31:00.455]: (-0.6, 3.8, 2.9) 9
[12:31:00.472]: (-0.6, 3.8, 2.9) 9
[12:31:00.491]: (-0.6, 3.8, 2.9) 9
[12:31:03.288]: (-0.7, 3.5, 2.9) 6
