[12:28:30.451]: (-3.0, -1.1, -0.1) 4
[12:28:30.475]: (-2.7, -0.8, -0.1) 6
[12:28:30.939]: (-2.9, 1.6, 0.3) 20
[12:28:31.424]: (-2.2, 2.5, 1.5) 19
[12:28:31.441]: (-1.9, 2.9, 1.7) 21
[12:28:31.474]: (-1.7, 3.6, 2.4) 27
[12:28:31.507]: (-1.6, 3.8, 2.6) 31
[12:28:31.627]: (-1.4, 3.3, 2.1) 25
[12:28:32.600]: (-1.1, 3.5, 2.6) 32
[12:28:32.948]: (-0.9, 3.4, 2.6) 29
[12:28:33.547]: (-1.3, 2.2, 1.3) 13
[12:28:33.571]: (-1.2, 2.2, 1.2) 11
[12:28:33.594]: (-1.2, 2.2, 1.2) 11
[12:28:34.727]: (-1.3, 1.8, 1.3) 13
[12:28:34.752]: (-1.3, 1.8, 1.3) 11
[12:28:34.874]: (-1.4, 1.9, 1.1) 11
[12:28:35.142]: (-1.1, 2.0, 1.3) 10
[12:28:35.164]: (-1.1, 2.0, 1.3) 10
[12:28:35.185]: (-1.1, 2.0, 1.3) 10
[12:28:35.209]: (-1.1, 2.0, 1.3) 10
[12:28:35.233]: (-1.1, 2.1, 1.3) 10
[12:28:35.256]: (-1.0, 2.1, 1.3) 10
[12:28:35.276]: (-1.0, 2.1, 1.3) 10
[12:28:35.299]: (-1.0, 2.1, 1.2) 10
[12:28:35.323]: (-0.9, 2.1, 1.3) 10
[12:28:35.346]: (-0.9, 2.2, 1.3) 10
[12:28:35.845]: (-0.5, 2.8, 1.7) 15
[12:28:35.981]: (-0.6, 2.7, 1.8) 15
[12:28:36.013]: (-0.6, 2.7, 1.7) 15
[12:28:36.047]: (-0.6, 2.7, 1.7) 15
[12:28:36.068]: (-0.6, 2.7, 1.7) 15
[12:28:36.358]: (-0.6, 2.7, 1.7) 15
[12:28:36.380]: (-0.5, 2.7, 1.7) 15
[12:28:36.401]: (-0.6, 2.8, 1.7) 15
[12:28:36.535]: (-0.6, 2.8, 1.6) 15
[12:28:36.557]: (-0.6, 2.7, 1.6) 15
[12:28:36.578]: (-0.6, 2.7, 1.6) 15
[12:28:36.604]: (-0.6, 2.6, 1.6) 20
[12:28:36.629]: (-0.6, 2.6, 1.5) 20
[12:28:36.651]: (-0.6, 2.6, 1.5) 20
[12:28:36.892]: (-0.5, 2.7, 1.3) 16
[12:28:36.912]: (-0.5, 2.7, 1.2) 16
[12:28:36.936]: (-0.5, 2.7, 1.2) 16
[12:28:36.958]: (-0.5, 2.7, 1.2) 16
[12:28:37.113]: (-0.6, 2.9, 1.3) 21
[12:28:37.136]: (-0.6, 2.9, 1.3) 21
[12:28:37.157]: (-0.7, 2.9, 1.3) 21
[12:28:37.646]: (-0.8, 2.4, 1.4) 18
[12:28:37.967]: (-0.6, 2.4, 1.5) 18
[12:28:37.995]: (-0.6, 2.4, 1.5) 18
[12:28:38.013]: (-0.6, 2.4, 1.5) 18
[12:28:38.035]: (-0.6, 2.4, 1.5) 18
[12:28:38.057]: (-0.6, 2.4, 1.4) 18
[12:28:38.081]: (-0.6, 2.4, 1.4) 18
[12:28:38.104]: (-0.6, 2.4, 1.4) 18
[12:28:38.128]: (-0.6, 2.4, 1.4) 18
[12:28:38.147]: (-0.6, 2.4, 1.4) 18
[12:28:38.170]: (-0.6, 2.4, 1.4) 18
[12:28:38.192]: (-0.6, 2.4, 1.4) 18
[12:28:38.215]: (-0.6, 2.4, 1.4) 18
[12:28:38.239]: (-0.6, 2.4, 1.4) 18
[12:28:38.262]: (-0.7, 2.5, 1.5) 19
[12:28:38.283]: (-0.7, 2.5, 1.5) 19
[12:28:38.327]: (-0.5, 2.3, 1.4) 15
[12:28:38.580]: (-1.1, 3.0, 1.6) 0
[12:28:38.848]: (-1.4, 3.0, 1.7) 2
[12:28:38.868]: (-1.5, 3.0, 1.7) 3
[12:28:38.891]: (-1.5, 3.0, 1.7) 3
[12:28:38.968]: (-1.5, 3.0, 1.7) 3
[12:28:38.991]: (-1.5, 3.0, 1.7) 3
[12:28:39.011]: (-1.5, 3.0, 1.7) 3
[12:28:39.035]: (-1.5, 3.0, 1.7) 3
[12:28:39.058]: (-1.5, 3.0, 1.7) 3
[12:28:39.077]: (-1.5, 3.0, 1.7) 3
[12:28:39.101]: (-1.5, 3.0, 1.7) 3
[12:28:39.123]: (-1.5, 3.0, 1.7) 3
[12:28:39.144]: (-1.5, 3.0, 1.7) 3
[12:28:39.167]: (-1.5, 3.0, 1.7) 3
[12:28:39.189]: (-1.5, 3.0, 1.7) 3
[12:28:39.213]: (-1.4, 3.0, 1.7) 2
[12:28:39.234]: (-1.4, 3.0, 1.7) 2
[12:28:39.255]: (-1.4, 3.0, 1.7) 2
[12:28:39.272]: (-1.4, 3.0, 1.6) 2
[12:28:39.289]: (-1.4, 3.0, 1.6) 2
[12:28:39.306]: (-1.4, 3.0, 1.6) 2
[12:28:39.323]: (-1.4, 3.0, 1.6) 2
[12:28:39.341]: (-1.4, 3.0, 1.7) 3
[12:28:39.357]: (-1.4, 3.0, 1.7) 3
[12:28:39.377]: (-1.4, 3.0, 1.7) 3
[12:28:39.392]: (-1.4, 3.1, 1.7) 3
[12:28:39.409]: (-1.4, 3.1, 1.7) 3
[12:28:39.548]: (0.1, 3.1, 1.8) 29
[12:28:39.565]: (0.1, 3.1, 1.8) 29
[12:28:39.582]: (0.1, 3.1, 1.8) 29
[12:28:39.599]: (0.1, 3.1, 1.8) 29
[12:28:39.615]: (0.2, 3.1, 1.8) 29
[12:28:39.633]: (0.2, 3.1, 1.8) 29
[12:28:39.653]: (0.1, 3.1, 1.8) 29
[12:28:39.671]: (0.1, 3.1, 1.8) 29
[12:28:39.867]: (0.1, 3.1, 1.8) 29
[12:28:39.912]: (0.2, 3.1, 1.8) 27
[12:28:40.003]: (0.2, 3.1, 1.8) 27
[12:28:40.022]: (0.2, 3.1, 1.8) 27
[12:28:40.045]: (0.2, 3.1, 1.8) 29
[12:28:40.089]: (0.2, 3.1, 1.8) 27
[12:28:40.112]: (0.2, 3.1, 1.8) 27
[12:28:40.194]: (0.2, 3.1, 1.8) 29
[12:28:40.211]: (0.2, 3.1, 1.8) 29
[12:28:40.230]: (0.2, 3.1, 1.8) 29
[12:28:40.248]: (0.1, 3.1, 1.8) 29
[12:28:40.265]: (0.1, 3.1, 1.8) 29
[12:28:40.282]: (0.1, 3.1, 1.8) 29
[12:28:40.299]: (0.1, 3.1, 1.8) 29
[12:28:40.317]: (0.1, 3.1, 1.8) 29
[12:28:40.335]: (0.1, 3.1, 1.8) 29
[12:28:40.354]: (0.1, 3.1, 1.8) 29
[12:28:40.371]: (0.1, 3.1, 1.8) 29
[12:28:40.388]: (0.1, 3.1, 1.8) 29
[12:28:40.409]: (0.1, 3.1, 1.8) 29
[12:28:40.427]: (0.1, 3.1, 1.8) 29
[12:28:40.445]: (0.1, 3.1, 1.8) 29
[12:28:40.460]: (0.1, 3.1, 1.8) 29
[12:28:40.481]: (0.1, 3.1, 1.8) 29
[12:28:40.498]: (0.1, 3.1, 1.8) 29
[12:28:40.515]: (0.1, 3.1, 1.8) 29
[12:28:40.532]: (0.1, 3.1, 1.8) 29
[12:28:40.550]: (0.1, 3.1, 1.8) 29
[12:28:40.567]: (0.1, 3.1, 1.8) 29
[12:28:40.585]: (0.1, 3.1, 1.8) 29
[12:28:40.601]: (0.1, 3.1, 1.8) 29
[12:28:40.618]: (0.1, 3.1, 1.8) 29
[12:28:40.635]: (0.1, 3.1, 1.8) 29
[12:28:40.652]: (0.1, 3.1, 1.8) 29
[12:28:40.669]: (0.1, 3.1, 1.8) 29
[12:28:40.686]: (0.1, 3.1, 1.8) 29
[12:28:40.704]: (0.1, 3.1, 1.8) 29
[12:28:40.722]: (0.1, 3.1, 1.8) 29
[12:28:40.745]: (0.1, 3.1, 1.8) 29
[12:28:40.767]: (0.1, 3.1, 1.8) 29
[12:28:40.811]: (0.2, 3.1, 1.8) 29
[12:28:40.856]: (0.2, 3.1, 1.8) 29
[12:28:41.257]: (0.2, 3.1, 1.8) 29
[12:28:41.275]: (0.2, 3.1, 1.8) 29
[12:28:41.291]: (0.2, 3.1, 1.8) 29
[12:28:42.159]: (0.3, 2.5, 1.5) 25
[12:28:42.179]: (0.3, 2.5, 1.5) 25
[12:28:42.195]: (0.3, 2.5, 1.6) 25
[12:28:42.212]: (0.3, 2.5, 1.6) 25
[12:28:42.230]: (0.3, 2.5, 1.6) 25
[12:28:42.248]: (0.3, 2.5, 1.6) 25
[12:28:42.263]: (0.3, 2.5, 1.6) 25
[12:28:42.281]: (0.3, 2.5, 1.6) 25
[12:28:42.297]: (0.3, 2.5, 1.6) 25
[12:28:42.509]: (0.1, 3.1, 1.8) 29
[12:28:42.532]: (0.1, 3.1, 1.8) 29
[12:28:42.555]: (0.1, 3.1, 1.8) 29
[12:28:42.577]: (0.1, 3.1, 1.8) 29
[12:28:42.600]: (0.1, 3.1, 1.8) 29
[12:28:42.701]: (0.1, 3.1, 1.8) 29
[12:28:42.723]: (0.1, 3.1, 1.8) 29
[12:28:42.746]: (0.1, 3.1, 1.8) 29
[12:28:42.767]: (0.2, 3.1, 1.8) 29
[12:28:43.033]: (0.1, 2.5, 1.8) 26
[12:28:43.066]: (0.1, 2.5, 1.8) 26
[12:28:43.099]: (0.0, 2.4, 1.8) 24
[12:28:43.132]: (0.0, 2.4, 1.7) 24
[12:28:43.165]: (0.0, 2.4, 1.7) 24
[12:28:43.199]: (0.0, 2.4, 1.7) 24
[12:28:43.232]: (-0.1, 2.5, 1.7) 24
[12:28:43.266]: (0.0, 2.5, 1.7) 24
[12:28:43.332]: (-0.2, 2.5, 1.7) 25
[12:28:43.576]: (0.4, 2.1, 1.6) 5
[12:28:43.598]: (0.3, 2.1, 1.6) 5
[12:28:43.620]: (0.4, 2.1, 1.6) 5
[12:28:43.642]: (0.4, 2.1, 1.6) 5
[12:28:43.665]: (0.3, 2.1, 1.6) 5
[12:28:43.688]: (0.3, 2.1, 1.6) 5
[12:28:43.709]: (0.3, 2.1, 1.6) 5
[12:28:43.734]: (0.3, 2.1, 1.6) 5
[12:28:43.755]: (0.3, 2.1, 1.6) 5
[12:28:43.776]: (0.3, 2.1, 1.6) 5
[12:28:43.800]: (0.3, 2.1, 1.6) 5
[12:28:43.820]: (0.4, 2.1, 1.6) 5
[12:28:45.999]: (0.4, 2.0, 1.6) 9
[12:28:46.018]: (0.4, 2.0, 1.6) 9
[12:28:46.035]: (0.4, 2.0, 1.6) 9
[12:28:46.053]: (0.4, 2.0, 1.6) 9
[12:28:46.074]: (0.4, 2.0, 1.6) 9
[12:28:46.097]: (0.4, 2.0, 1.6) 9
[12:28:46.120]: (0.4, 2.0, 1.6) 9
[12:28:46.141]: (0.4, 2.0, 1.6) 9
[12:28:46.164]: (0.4, 2.0, 1.6) 9
[12:28:46.186]: (0.4, 2.0, 1.6) 9
[12:28:46.208]: (0.4, 2.0, 1.6) 9
[12:28:46.232]: (0.4, 2.0, 1.6) 9
[12:28:46.253]: (0.4, 2.0, 1.6) 9
[12:28:46.274]: (0.4, 2.0, 1.6) 9
[12:28:46.296]: (0.4, 2.0, 1.6) 9
[12:28:46.320]: (0.4, 2.0, 1.6) 9
[12:28:46.344]: (0.4, 1.9, 1.6) 9
[12:28:46.364]: (0.4, 1.9, 1.6) 9
[12:28:46.650]: (0.4, 1.9, 1.6) 9
[12:28:46.674]: (0.4, 1.9, 1.6) 9
[12:28:46.694]: (0.4, 1.9, 1.6) 9
[12:28:46.716]: (0.4, 1.9, 1.5) 9
[12:28:46.736]: (0.4, 1.9, 1.5) 9
[12:28:46.756]: (0.4, 2.0, 1.5) 9
[12:28:46.781]: (0.4, 2.0, 1.5) 9
[12:28:46.946]: (0.3, 2.0, 1.4) 7
[12:28:46.969]: (0.3, 2.1, 1.4) 7
[12:28:47.037]: (0.0, 2.2, 1.5) 9
[12:28:47.220]: (-0.2, 2.4, 1.5) 5
[12:28:47.354]: (-0.2, 2.4, 1.5) 5
[12:28:47.387]: (-0.2, 2.4, 1.5) 5
[12:28:48.186]: (-0.9, 2.3, 1.4) 5
[12:28:50.291]: (-0.7, 2.3, 1.5) 5
[12:28:50.313]: (-0.7, 2.2, 1.4) 5
[12:28:50.336]: (-0.7, 2.2, 1.4) 5
[12:28:50.360]: (-0.8, 2.2, 1.4) 5
[12:28:50.382]: (-0.8, 2.2, 1.4) 5
[12:28:50.403]: (-0.8, 2.2, 1.4) 5
[12:28:50.424]: (-0.8, 2.2, 1.4) 5
[12:28:50.446]: (-0.8, 2.2, 1.4) 5
[12:28:50.468]: (-0.8, 2.2, 1.4) 5
[12:28:50.491]: (-0.8, 2.2, 1.4) 5
[12:28:50.511]: (-0.8, 2.2, 1.4) 5
[12:28:50.529]: (-0.8, 2.2, 1.4) 5
[12:28:50.547]: (-0.8, 2.2, 1.4) 5
[12:28:50.563]: (-0.8, 2.2, 1.4) 5
[12:28:50.579]: (-0.8, 2.2, 1.4) 5
[12:28:50.598]: (-0.8, 2.2, 1.4) 5
[12:28:50.615]: (-0.8, 2.3, 1.4) 5
[12:28:50.634]: (-0.8, 2.3, 1.4) 5
[12:28:50.657]: (-0.8, 2.3, 1.4) 5
[12:28:50.679]: (-0.8, 2.3, 1.4) 5
[12:28:50.695]: (-0.8, 2.3, 1.4) 5
[12:28:50.718]: (-0.8, 2.3, 1.4) 5
[12:28:50.741]: (-0.8, 2.2, 1.4) 5
[12:28:50.761]: (-0.8, 2.2, 1.4) 5
[12:28:50.786]: (-0.8, 2.2, 1.4) 5
[12:28:50.807]: (-0.8, 2.2, 1.4) 5
[12:28:50.830]: (-0.8, 2.2, 1.4) 5
[12:28:50.852]: (-0.8, 2.3, 1.4) 5
[12:28:52.319]: (-0.8, 2.3, 1.4) 5
[12:28:52.339]: (-0.8, 2.3, 1.4) 5
[12:28:52.363]: (-0.8, 2.3, 1.4) 5
[12:28:52.429]: (-0.8, 2.3, 1.4) 5
[12:28:52.451]: (-0.8, 2.3, 1.4) 5
[12:28:52.472]: (-0.8, 2.3, 1.4) 5
[12:28:52.494]: (-0.8, 2.3, 1.4) 5
[12:28:52.518]: (-0.8, 2.3, 1.4) 5
[12:28:52.540]: (-0.8, 2.3, 1.4) 5
[12:28:52.562]: (-0.8, 2.3, 1.4) 5
[12:28:52.585]: (-0.8, 2.3, 1.4) 5
[12:28:52.606]: (-0.8, 2.3, 1.4) 5
[12:28:52.628]: (-0.8, 2.3, 1.4) 5
[12:28:52.651]: (-0.8, 2.3, 1.4) 5
[12:28:52.672]: (-0.8, 2.3, 1.4) 5
[12:28:52.696]: (-0.8, 2.3, 1.4) 5
[12:28:52.718]: (-0.8, 2.3, 1.4) 5
[12:28:52.735]: (-0.8, 2.3, 1.4) 5
[12:28:52.752]: (-0.8, 2.3, 1.4) 5
[12:28:52.767]: (-0.8, 2.3, 1.4) 5
[12:28:52.786]: (-0.8, 2.3, 1.4) 5
[12:28:52.802]: (-0.8, 2.3, 1.4) 5
[12:28:52.819]: (-0.8, 2.3, 1.4) 5
[12:28:53.606]: (-0.6, 2.5, 1.4) 4
[12:28:57.062]: (-1.4, 2.1, 1.4) 25
[12:28:57.081]: (-1.5, 2.3, 1.5) 26
[12:28:57.120]: (-1.4, 2.4, 1.5) 26
[12:28:57.142]: (-1.3, 2.3, 1.4) 24
[12:28:57.159]: (-1.4, 2.4, 1.5) 26
[12:28:57.180]: (-1.4, 2.4, 1.5) 26
[12:28:57.202]: (-1.4, 2.4, 1.5) 26
[12:28:57.221]: (-1.4, 2.4, 1.5) 26
[12:28:57.248]: (-1.4, 2.4, 1.5) 26
[12:28:57.287]: (-1.3, 2.3, 1.5) 24
[12:28:57.344]: (-1.3, 2.3, 1.4) 24
[12:28:57.363]: (-1.3, 2.3, 1.4) 24
[12:28:57.398]: (-1.3, 2.3, 1.4) 24
[12:28:57.464]: (-1.3, 2.3, 1.4) 24
[12:28:57.484]: (-1.3, 2.3, 1.4) 24
[12:28:57.502]: (-1.3, 2.3, 1.4) 24
[12:28:57.520]: (-1.3, 2.3, 1.5) 24
[12:28:57.540]: (-1.3, 2.3, 1.4) 24
[12:28:57.560]: (-1.3, 2.3, 1.4) 24
[12:28:57.580]: (-1.3, 2.3, 1.4) 24
[12:28:57.599]: (-1.3, 2.3, 1.4) 24
[12:28:57.619]: (-1.3, 2.3, 1.4) 24
[12:28:57.638]: (-1.3, 2.3, 1.4) 24
[12:28:57.655]: (-1.3, 2.3, 1.4) 24
[12:28:57.674]: (-1.3, 2.3, 1.4) 24
[12:28:57.694]: (-1.3, 2.3, 1.4) 24
[12:28:57.715]: (-1.3, 2.3, 1.5) 24
