[12:22:09.914]: (-2.3, -0.5, -0.1) 11
[12:22:10.468]: (-3.9, -1.8, 0.1) 39
[12:22:10.513]: (-2.9, -0.6, 0.1) 1
[12:22:10.574]: (-1.9, 0.4, -0.1) 13
[12:22:10.905]: (-1.9, 2.2, 0.4) 22
[12:22:12.056]: (-1.6, 2.1, 1.0) 22
[12:22:12.079]: (-1.6, 2.1, 1.0) 22
[12:22:12.102]: (-1.6, 2.1, 1.0) 21
[12:22:12.122]: (-1.6, 2.1, 1.0) 22
[12:22:12.145]: (-1.6, 2.1, 1.0) 22
[12:22:12.169]: (-1.6, 2.1, 1.0) 21
[12:22:12.303]: (-2.1, 2.9, 1.6) 0
[12:22:12.391]: (-1.8, 2.9, 1.8) 0
[12:22:12.567]: (-1.5, 2.8, 1.9) 1
[12:22:12.591]: (-1.5, 2.8, 1.9) 1
[12:22:12.616]: (-1.5, 2.8, 1.9) 1
[12:22:12.635]: (-1.5, 2.8, 1.9) 1
[12:22:12.725]: (-1.4, 2.8, 1.9) 1
[12:22:13.198]: (-0.8, 2.8, 1.7) 18
[12:22:13.218]: (-0.8, 2.8, 1.7) 18
[12:22:13.237]: (-0.8, 2.8, 1.7) 18
[12:22:13.627]: (-0.7, 3.4, 2.6) 26
[12:22:13.688]: (-0.7, 3.2, 2.7) 26
[12:22:15.412]: (-0.3, 2.2, 2.2) 1
[12:22:15.436]: (-0.3, 2.2, 2.2) 1
[12:22:15.458]: (-0.5, 2.4, 2.2) 0
[12:22:15.590]: (-0.5, 2.3, 2.0) 2
[12:22:15.614]: (-0.5, 2.2, 2.0) 2
[12:22:15.635]: (-0.5, 2.3, 2.0) 2
[12:22:15.658]: (-0.5, 2.3, 2.0) 2
[12:22:15.680]: (-0.5, 2.3, 2.0) 2
[12:22:15.702]: (-0.5, 2.3, 1.9) 2
[12:22:15.724]: (-0.5, 2.3, 1.9) 2
[12:22:15.746]: (-0.5, 2.3, 1.9) 2
[12:22:15.768]: (-0.5, 2.4, 2.0) 2
[12:22:15.790]: (-0.5, 2.3, 2.0) 2
[12:22:16.039]: (-0.6, 2.5, 2.1) 0
[12:22:16.060]: (-0.6, 2.5, 2.1) 0
[12:22:16.285]: (-0.6, 2.5, 2.1) 0
[12:22:16.355]: (0.0, 2.0, 1.8) 18
[12:22:16.377]: (0.0, 2.0, 1.8) 18
[12:22:16.397]: (0.0, 2.0, 1.8) 18
[12:22:16.421]: (0.0, 2.0, 1.8) 18
[12:22:16.442]: (0.0, 2.0, 1.8) 18
[12:22:16.465]: (0.0, 2.0, 1.8) 18
[12:22:16.487]: (0.0, 2.1, 1.8) 18
[12:22:16.664]: (-0.1, 2.0, 1.8) 18
[12:22:16.687]: (-0.1, 2.0, 1.8) 18
[12:22:16.709]: (0.0, 2.0, 1.8) 18
[12:22:16.731]: (0.0, 2.0, 1.8) 18
[12:22:16.753]: (0.0, 2.0, 1.8) 18
[12:22:16.776]: (0.0, 2.0, 1.8) 18
[12:22:16.793]: (0.0, 2.0, 1.8) 18
[12:22:16.842]: (-0.4, 1.5, 1.5) 21
[12:22:17.232]: (-0.9, 1.2, 1.2) 15
[12:22:17.254]: (-0.9, 1.2, 1.2) 15
[12:22:17.280]: (-0.9, 1.2, 1.2) 15
[12:22:17.299]: (-1.0, 1.2, 1.2) 15
[12:22:17.322]: (-1.0, 1.2, 1.2) 15
[12:22:17.343]: (-0.9, 1.2, 1.2) 15
[12:22:17.364]: (-0.9, 1.2, 1.2) 15
[12:22:17.386]: (-0.9, 1.2, 1.2) 15
[12:22:17.410]: (-0.9, 1.2, 1.2) 15
[12:22:17.432]: (-0.9, 1.2, 1.2) 15
[12:22:17.455]: (-0.9, 1.2, 1.2) 15
[12:22:17.477]: (-0.9, 1.2, 1.2) 15
[12:22:17.498]: (-0.9, 1.2, 1.2) 15
[12:22:17.522]: (-0.9, 1.2, 1.2) 15
[12:22:17.543]: (-0.9, 1.2, 1.2) 15
[12:22:18.308]: (-1.4, 2.3, 1.8) 20
[12:22:18.356]: (-1.5, 2.4, 1.8) 20
[12:22:18.594]: (-1.2, 3.2, 2.5) 35
[12:22:18.750]: (-1.2, 3.2, 2.5) 35
[12:22:18.767]: (-1.2, 3.2, 2.5) 35
[12:22:18.819]: (-1.2, 3.2, 2.5) 35
[12:22:18.836]: (-1.2, 3.2, 2.5) 35
[12:22:18.854]: (-1.2, 3.2, 2.5) 35
[12:22:18.870]: (-1.2, 3.2, 2.5) 35
[12:22:18.952]: (-1.2, 3.2, 2.5) 35
[12:22:18.974]: (-1.2, 3.2, 2.5) 35
[12:22:19.219]: (-1.0, 1.2, 1.2) 15
[12:22:19.542]: (-1.0, 1.2, 1.2) 15
[12:22:19.842]: (-0.9, 1.1, 1.1) 14
[12:22:20.333]: (0.7, 1.5, 1.5) 11
[12:22:20.352]: (0.7, 1.5, 1.5) 11
[12:22:20.775]: (0.4, 3.4, 2.7) 33
[12:22:20.796]: (0.4, 3.4, 2.7) 33
[12:22:20.820]: (0.4, 3.4, 2.7) 33
[12:22:20.840]: (0.4, 3.4, 2.7) 33
[12:22:20.863]: (0.4, 3.4, 2.7) 33
[12:22:20.886]: (0.4, 3.4, 2.7) 33
[12:22:20.906]: (0.4, 3.4, 2.7) 33
[12:22:20.931]: (0.4, 3.4, 2.7) 33
[12:22:20.952]: (0.4, 3.4, 2.8) 33
[12:22:20.973]: (0.4, 3.4, 2.7) 33
[12:22:20.998]: (0.4, 3.4, 2.7) 33
[12:22:21.019]: (0.4, 3.4, 2.7) 33
[12:22:21.215]: (-0.8, 2.9, 2.3) 23
[12:22:21.248]: (-0.9, 2.9, 2.2) 23
[12:22:21.266]: (-0.8, 2.9, 2.2) 23
[12:22:21.283]: (-0.8, 2.9, 2.3) 23
[12:22:21.301]: (-0.8, 2.8, 2.2) 23
[12:22:21.319]: (-0.8, 2.8, 2.2) 23
[12:22:21.335]: (-0.8, 2.9, 2.3) 23
[12:22:21.420]: (-0.8, 2.8, 2.3) 23
[12:22:21.830]: (0.2, 1.4, 1.9) 17
[12:22:21.863]: (0.2, 1.4, 1.9) 17
[12:22:21.965]: (0.2, 1.4, 1.9) 17
[12:22:21.998]: (0.2, 1.3, 1.9) 17
[12:22:22.030]: (0.1, 1.3, 1.9) 17
[12:22:23.187]: (-0.9, 1.3, 1.9) 29
[12:22:23.210]: (-0.9, 1.3, 1.9) 29
[12:22:24.314]: (-0.5, 1.6, 1.7) 30
[12:22:26.042]: (-0.5, 2.2, 1.7) 29
[12:22:26.065]: (-0.5, 2.1, 1.7) 29
[12:22:26.087]: (-0.5, 2.1, 1.7) 29
[12:22:26.111]: (-0.5, 2.1, 1.7) 29
[12:22:26.133]: (-0.5, 2.1, 1.7) 29
[12:22:26.155]: (-0.6, 2.1, 1.7) 29
[12:22:26.363]: (-0.6, 2.0, 1.8) 29
