[17:57:32.509]: (-0.1, 0.0, 3.3) 7
[17:57:32.534]: (-0.1, 0.1, 3.4) 7
[17:57:32.639]: (0.0, 0.3, 3.4) 7
[17:57:32.662]: (0.0, 0.3, 3.4) 7
[17:57:32.683]: (0.0, 0.3, 3.4) 7
[17:57:32.972]: (1.0, 1.0, 3.5) 14
[17:57:33.101]: (0.4, 1.1, 2.4) 3
[17:57:33.120]: (0.4, 1.1, 2.4) 3
[17:57:34.684]: (-0.2, 2.9, 2.3) 8
[17:57:34.767]: (-0.2, 2.9, 2.3) 8
[17:57:34.808]: (-0.1, 2.8, 2.3) 8
[17:57:34.828]: (-0.1, 2.8, 2.4) 8
[17:57:34.849]: (-0.1, 2.8, 2.3) 8
[17:57:34.872]: (-0.1, 2.8, 2.3) 8
[17:57:34.895]: (-0.1, 2.7, 2.4) 8
[17:57:34.916]: (-0.1, 2.7, 2.4) 8
[17:57:35.436]: (0.0, 2.7, 2.7) 7
[17:57:37.105]: (-0.4, 2.4, 2.5) 7
[17:57:39.344]: (-0.8, 1.2, 2.5) 7
[17:57:39.366]: (-0.8, 1.2, 2.5) 7
[17:57:39.389]: (-0.8, 1.2, 2.5) 7
[17:57:39.411]: (-0.8, 1.2, 2.5) 7
[17:57:39.433]: (-0.8, 1.2, 2.5) 7
[17:57:39.454]: (-0.8, 1.2, 2.5) 7
[17:57:39.479]: (-0.8, 1.2, 2.5) 7
[17:57:39.499]: (-0.8, 1.2, 2.5) 7
[17:57:39.824]: (0.0, 1.6, 2.7) 13
[17:57:39.840]: (0.0, 1.6, 2.7) 13
[17:57:39.856]: (0.0, 1.6, 2.7) 13
[17:57:39.873]: (0.0, 1.6, 2.7) 13
[17:57:39.890]: (0.0, 1.6, 2.7) 13
[17:57:39.907]: (0.0, 1.6, 2.7) 13
[17:57:39.925]: (0.0, 1.6, 2.7) 13
[17:57:39.942]: (0.0, 1.6, 2.7) 13
[17:57:39.958]: (0.0, 1.6, 2.7) 13
[17:57:40.534]: (-0.1, 1.2, 1.8) 4
[17:57:40.573]: (0.1, 1.0, 0.7) 1
[17:57:40.589]: (0.1, 1.0, 0.7) 1
[17:57:40.605]: (0.1, 1.0, 0.7) 1
[17:57:40.623]: (0.1, 1.0, 0.7) 1
[17:57:40.640]: (0.1, 1.0, 0.7) 1
[17:57:40.657]: (0.1, 1.0, 0.7) 1
[17:57:40.676]: (0.1, 1.0, 0.7) 1
[17:57:40.692]: (0.1, 1.0, 0.7) 1
[17:57:40.710]: (0.1, 1.0, 0.7) 1
[17:57:40.728]: (0.1, 1.0, 0.7) 1
[17:57:40.745]: (0.1, 1.0, 0.7) 1
[17:57:40.767]: (0.1, 1.0, 0.7) 1
[17:57:40.790]: (0.1, 1.0, 0.7) 1
[17:57:40.806]: (0.1, 1.0, 0.7) 1
[17:57:40.826]: (0.1, 1.0, 0.7) 1
[17:57:40.848]: (0.1, 1.0, 0.7) 1
[17:57:40.869]: (0.1, 1.0, 0.7) 1
[17:57:42.254]: (-0.1, 1.2, 1.8) 4
[17:57:42.347]: (-0.1, 1.2, 1.8) 4
[17:57:42.364]: (-0.1, 1.2, 1.8) 4
[17:57:42.381]: (-0.1, 1.2, 1.7) 3
[17:57:42.397]: (-0.1, 1.2, 1.7) 3
[17:57:42.413]: (-0.1, 1.3, 1.8) 4
[17:57:42.503]: (-0.1, 1.3, 1.8) 4
[17:57:42.519]: (-0.1, 1.3, 1.8) 4
[17:57:42.566]: (-0.1, 1.3, 1.8) 4
[17:57:42.582]: (-0.1, 1.3, 1.8) 4
[17:57:42.598]: (-0.1, 1.3, 1.8) 4
[17:57:42.831]: (-0.1, 1.3, 1.8) 4
[17:57:42.854]: (-0.1, 1.2, 1.8) 4
[17:57:42.876]: (-0.1, 1.2, 1.7) 3
[17:58:04.313]: (-0.7, 1.2, 2.3) 8
[17:58:06.461]: (-1.1, 1.1, 2.5) 9
[17:58:06.476]: (-1.1, 1.1, 2.5) 9
[17:58:06.508]: (-1.1, 1.1, 2.5) 9
[17:58:06.523]: (-1.0, 1.1, 2.5) 9
[17:58:06.540]: (-1.1, 1.1, 2.5) 9
[17:58:06.556]: (-1.0, 1.1, 2.6) 9
[17:58:06.572]: (-0.9, 1.2, 2.6) 7
[17:58:06.588]: (-0.9, 1.2, 2.6) 7
[17:58:06.604]: (-0.8, 1.2, 2.6) 7
[17:58:06.619]: (-0.8, 1.2, 2.6) 7
[17:58:06.635]: (-0.8, 1.2, 2.6) 7
[17:58:06.654]: (-0.7, 1.2, 2.3) 8
[17:58:06.677]: (-0.8, 1.2, 2.6) 7
[17:58:06.698]: (-0.8, 1.2, 2.6) 7
[17:58:06.722]: (-0.8, 1.2, 2.6) 7
[17:58:06.743]: (-0.7, 1.2, 2.3) 8
[17:58:08.046]: (-0.8, 1.2, 2.6) 7
[17:58:08.061]: (-0.8, 1.2, 2.6) 7
[17:58:09.013]: (0.0, 1.2, 1.7) 3
[17:58:09.088]: (0.1, 1.0, 0.7) 1
[17:58:09.105]: (0.1, 1.0, 0.7) 1
[17:58:09.121]: (0.1, 1.0, 0.7) 1
[17:58:09.137]: (0.1, 1.0, 0.7) 1
[17:58:09.154]: (0.1, 1.0, 0.7) 1
[17:58:09.175]: (0.1, 1.0, 0.7) 1
[17:58:09.197]: (0.1, 1.0, 0.7) 1
[17:58:09.287]: (0.1, 1.0, 0.7) 1
[17:58:09.309]: (0.1, 1.0, 0.7) 1
[17:58:10.710]: (-0.1, 1.3, 1.8) 4
[17:58:11.308]: (-1.2, 0.9, 1.9) 6
[17:58:11.339]: (-1.3, 0.9, 1.9) 6
[17:58:11.355]: (-1.2, 0.9, 1.9) 6
[17:58:11.372]: (-1.3, 0.9, 1.9) 6
[17:58:11.387]: (-1.3, 0.9, 1.9) 6
[17:58:11.419]: (-1.3, 0.9, 1.9) 6
[17:58:11.436]: (-1.2, 0.9, 1.9) 6
[17:58:11.467]: (-1.3, 0.9, 1.9) 6
[17:58:14.854]: (-0.7, 1.2, 2.3) 8
[17:58:14.886]: (-0.7, 1.2, 2.3) 8
[17:58:14.902]: (-0.7, 1.2, 2.3) 8
[17:58:14.919]: (-0.7, 1.2, 2.3) 8
[17:58:14.934]: (-0.7, 1.2, 2.3) 8
[17:58:14.953]: (-0.7, 1.2, 2.3) 8
[17:58:14.968]: (-0.7, 1.2, 2.3) 8
[17:58:14.984]: (-0.7, 1.2, 2.3) 8
[17:58:18.150]: (0.9, 1.5, 1.7) 10
[17:58:18.245]: (0.9, 1.5, 1.7) 10
[17:58:18.262]: (0.9, 1.5, 1.7) 10
[17:58:18.277]: (0.9, 1.5, 1.7) 10
[17:58:18.294]: (0.9, 1.5, 1.7) 10
[17:58:18.309]: (0.9, 1.5, 1.7) 10
[17:58:18.325]: (0.9, 1.5, 1.7) 10
[17:58:18.340]: (0.9, 1.5, 1.7) 10
[17:58:18.356]: (0.9, 1.5, 1.7) 10
[17:58:18.372]: (0.9, 1.5, 1.7) 10
[17:58:18.387]: (0.9, 1.5, 1.7) 10
[17:58:18.404]: (0.9, 1.5, 1.7) 10
[17:58:18.419]: (0.9, 1.5, 1.7) 10
[17:58:18.434]: (0.9, 1.5, 1.7) 10
[17:58:18.451]: (0.9, 1.5, 1.7) 10
[17:58:18.467]: (0.9, 1.5, 1.7) 10
[17:58:20.483]: (-0.7, 1.3, 2.3) 8
[17:58:21.136]: (-1.2, 0.9, 1.9) 6
[17:58:22.237]: (-1.1, 1.1, 2.5) 9
[17:58:23.463]: (-1.2, 0.9, 1.9) 6
[17:58:23.480]: (-1.2, 0.9, 1.9) 6
[17:58:23.498]: (-1.2, 0.9, 1.9) 6
[17:58:23.560]: (-1.2, 0.9, 1.9) 6
[17:58:27.819]: (-1.2, 0.8, 1.9) 6
[17:58:27.836]: (-1.2, 0.9, 1.9) 6
[17:58:27.852]: (-1.2, 0.8, 1.9) 6
[17:58:27.901]: (-1.2, 0.9, 1.9) 6
[17:58:27.916]: (-1.2, 0.8, 1.9) 6
[17:58:27.931]: (-1.2, 0.9, 1.9) 6
[17:58:27.961]: (-1.3, 0.9, 1.9) 6
[17:58:27.977]: (-1.2, 0.9, 1.9) 6
[17:58:28.010]: (-1.3, 0.9, 1.9) 6
[17:58:28.026]: (-1.2, 0.9, 1.9) 6
[17:58:28.041]: (-1.2, 0.9, 1.9) 6
[17:58:28.058]: (-1.2, 0.8, 1.9) 6
[17:58:29.212]: (-1.0, 0.9, 1.6) 5
[17:58:33.086]: (-1.1, 1.1, 2.5) 9
[17:58:33.981]: (-1.0, 1.1, 2.5) 9
