[18:18:41.869]: (-2.1, 1.0, 3.1) 59
[18:18:42.057]: (-0.9, 1.3, 2.5) 53
[18:18:42.288]: (-0.7, 1.6, 2.6) 54
[18:18:42.346]: (-0.5, 1.4, 1.4) 45
[18:18:42.369]: (-0.6, 1.5, 2.7) 54
[18:18:42.389]: (-0.6, 1.5, 2.6) 54
[18:18:42.411]: (-0.6, 1.4, 2.7) 54
[18:18:42.432]: (-0.5, 1.4, 1.4) 45
[18:18:42.452]: (-0.5, 1.4, 1.4) 45
[18:18:42.675]: (-1.5, 0.5, 2.5) 40
[18:18:42.833]: (-1.3, 0.4, 2.9) 36
[18:18:42.897]: (-0.8, 0.8, 1.5) 49
[18:18:42.960]: (-0.5, 0.9, 1.4) 50
[18:18:42.981]: (-0.5, 0.9, 1.4) 50
[18:18:43.119]: (0.0, 0.9, 2.8) 55
[18:18:43.135]: (0.0, 1.0, 3.5) 59
[18:18:43.415]: (-0.3, 0.9, 2.7) 54
[18:18:43.870]: (-0.4, 1.6, 1.6) 47
[18:18:43.891]: (-0.6, 1.7, 1.6) 46
[18:18:43.911]: (-0.6, 1.7, 1.5) 46
[18:18:43.932]: (-0.6, 1.7, 1.6) 46
[18:18:43.949]: (-0.6, 1.7, 1.6) 46
[18:18:43.964]: (-0.6, 1.7, 1.6) 46
[18:18:43.982]: (-0.6, 1.7, 1.6) 46
[18:18:44.003]: (-0.6, 1.7, 1.6) 46
[18:18:44.025]: (-0.6, 1.7, 1.8) 43
[18:18:44.040]: (-0.6, 1.7, 1.8) 43
[18:18:44.056]: (-0.6, 1.7, 1.6) 46
[18:18:44.072]: (-0.5, 1.6, 1.4) 50
[18:18:44.089]: (-0.6, 1.7, 1.8) 43
[18:18:44.104]: (-0.5, 1.6, 1.4) 50
[18:18:44.121]: (-0.5, 1.6, 1.4) 50
[18:18:44.153]: (-0.3, 1.7, 1.4) 45
[18:18:44.169]: (-0.3, 2.0, 2.4) 51
[18:18:44.185]: (-0.3, 1.9, 2.4) 51
[18:18:44.217]: (-0.3, 1.9, 2.4) 51
[18:18:44.238]: (-0.3, 2.0, 2.4) 51
[18:18:44.260]: (-0.3, 1.7, 1.4) 45
[18:18:44.281]: (-0.3, 1.7, 1.4) 45
[18:18:44.326]: (-0.6, 1.7, 1.5) 46
[18:18:44.349]: (-1.1, 2.2, 3.5) 29
[18:18:44.369]: (-1.1, 2.2, 3.5) 29
[18:18:44.392]: (-1.1, 2.2, 3.5) 29
[18:18:44.415]: (-1.1, 2.2, 3.5) 29
[18:18:44.437]: (-1.1, 2.2, 3.5) 29
[18:18:44.459]: (-1.2, 2.2, 3.5) 32
[18:18:44.485]: (-1.1, 2.2, 3.5) 29
[18:18:44.508]: (-1.1, 2.2, 3.5) 29
[18:18:44.532]: (-1.1, 2.2, 3.5) 29
[18:18:44.552]: (-1.1, 2.2, 3.5) 29
[18:18:44.574]: (-1.1, 2.2, 3.5) 29
[18:18:44.640]: (-1.0, 2.0, 2.9) 36
[18:18:44.662]: (-1.0, 2.0, 2.9) 36
[18:18:44.683]: (-1.0, 2.0, 2.9) 36
[18:18:44.810]: (-0.9, 2.0, 2.9) 36
[18:18:44.830]: (-1.0, 2.4, 3.4) 29
[18:18:44.874]: (-0.9, 2.4, 3.4) 28
[18:18:44.895]: (-0.9, 2.4, 3.5) 28
[18:18:45.120]: (-0.2, 1.9, 2.5) 54
[18:18:45.781]: (2.5, 3.9, 4.8) 24
[18:18:45.848]: (2.4, 3.9, 4.8) 24
[18:18:45.949]: (2.4, 3.9, 5.0) 21
[18:18:45.988]: (2.3, 3.8, 4.8) 24
[18:18:46.019]: (2.3, 3.8, 5.0) 23
[18:18:46.045]: (2.3, 3.8, 5.0) 23
[18:18:46.084]: (2.3, 3.7, 5.0) 23
[18:18:46.107]: (2.3, 3.8, 5.0) 23
[18:18:46.552]: (-1.4, 1.5, 2.8) 36
[18:18:46.904]: (-0.4, 1.2, 1.3) 45
[18:18:46.926]: (-0.4, 1.2, 1.3) 45
[18:18:46.947]: (-0.4, 1.2, 1.3) 45
[18:18:46.970]: (-0.4, 1.2, 1.3) 45
[18:18:47.246]: (1.1, 1.8, 3.2) 2
[18:18:47.434]: (0.6, 1.7, 2.2) 60
[18:18:47.454]: (0.6, 1.7, 2.2) 60
[18:18:48.260]: (0.7, 2.4, 3.2) 0
[18:18:48.280]: (1.1, 2.7, 4.0) 63
[18:18:48.586]: (0.3, 1.6, 2.0) 62
[18:18:48.609]: (0.3, 1.6, 2.0) 62
[18:18:48.630]: (0.3, 1.6, 2.0) 62
[18:18:48.653]: (0.3, 1.6, 2.0) 62
[18:18:49.472]: (-1.6, 2.9, 2.6) 34
[18:18:50.059]: (1.2, 2.6, 3.7) 63
[18:18:50.085]: (1.2, 2.6, 3.7) 63
[18:18:50.213]: (1.2, 2.5, 3.7) 63
[18:18:50.348]: (1.0, 2.4, 3.6) 67
[18:18:50.369]: (1.0, 2.4, 3.6) 67
[18:18:50.392]: (0.9, 2.5, 3.6) 67
[18:18:50.820]: (-0.7, 1.9, 2.1) 54
[18:18:50.866]: (-0.6, 1.9, 2.1) 54
[18:18:50.887]: (-0.6, 1.9, 2.1) 54
[18:18:50.909]: (-0.6, 1.9, 2.1) 54
[18:18:51.490]: (0.3, 2.0, 3.1) 0
[18:18:52.496]: (1.0, 2.6, 2.6) 4
[18:18:53.622]: (-1.8, 1.7, 2.0) 42
[18:18:54.955]: (-1.0, 0.7, 1.3) 48
[18:18:55.234]: (1.1, 1.8, 2.8) 5
[18:18:55.267]: (1.1, 1.8, 2.8) 5
[18:18:55.300]: (1.2, 1.7, 2.8) 5
[18:18:55.632]: (2.5, 3.0, 4.5) 23
[18:18:56.298]: (1.5, 2.4, 3.6) 68
[18:18:56.752]: (2.5, 3.1, 4.5) 23
[18:18:56.799]: (2.5, 3.1, 4.5) 23
[18:18:56.815]: (2.5, 3.0, 4.5) 23
[18:18:56.849]: (2.6, 3.1, 4.5) 23
[18:18:56.867]: (2.5, 3.1, 4.5) 23
[18:18:56.885]: (2.5, 3.0, 4.5) 23
[18:18:56.916]: (2.5, 3.0, 4.5) 23
[18:18:56.949]: (2.7, 3.0, 4.3) 24
[18:18:57.018]: (1.0, 1.9, 2.9) 4
[18:18:57.035]: (1.0, 1.9, 2.9) 4
[18:18:58.702]: (-1.8, 2.1, 2.9) 33
[18:18:58.751]: (-1.7, 2.1, 2.9) 33
[18:18:58.768]: (-1.7, 2.1, 2.9) 33
[18:18:58.785]: (-1.7, 2.1, 2.8) 32
[18:18:58.802]: (-1.6, 2.1, 2.8) 32
[18:18:58.819]: (-1.6, 2.1, 2.8) 32
[18:18:58.841]: (-1.6, 2.1, 2.8) 32
[18:18:59.020]: (-0.4, 2.0, 2.8) 56
[18:18:59.044]: (-0.4, 2.0, 2.8) 56
[18:18:59.065]: (-0.4, 2.0, 2.8) 56
[18:18:59.130]: (-0.5, 2.0, 2.8) 58
[18:18:59.154]: (-0.4, 1.9, 2.8) 56
[18:18:59.176]: (-0.4, 1.9, 2.8) 56
[18:18:59.197]: (-0.4, 1.9, 2.8) 56
[18:18:59.741]: (1.0, 1.9, 2.9) 4
[18:18:59.763]: (1.0, 1.9, 2.9) 4
[18:18:59.808]: (0.9, 1.8, 2.7) 3
[18:18:59.830]: (0.9, 1.8, 2.8) 3
[18:18:59.874]: (0.8, 1.8, 2.6) 8
[18:18:59.897]: (0.8, 1.7, 2.6) 8
[18:18:59.919]: (0.7, 1.8, 2.7) 6
[18:19:00.161]: (1.2, 1.8, 2.7) 7
[18:19:01.686]: (-1.0, 0.8, 1.3) 46
[18:19:01.729]: (-0.9, 0.8, 1.3) 46
[18:19:01.754]: (-0.9, 0.9, 1.3) 46
[18:19:01.773]: (-0.9, 0.9, 1.3) 46
[18:19:06.662]: (-1.7, 2.0, 2.8) 34
[18:19:06.773]: (-1.4, 2.1, 2.8) 30
[18:19:06.796]: (-1.4, 2.1, 2.8) 28
[18:19:06.817]: (-1.5, 2.2, 3.0) 31
[18:19:07.100]: (-1.5, 2.1, 2.8) 28
[18:19:07.132]: (-1.6, 2.1, 2.9) 29
[18:19:07.198]: (-1.6, 2.1, 2.8) 29
[18:19:07.215]: (-1.6, 2.0, 2.8) 34
[18:19:07.233]: (-1.6, 2.0, 2.8) 34
[18:19:07.319]: (-1.6, 2.1, 2.9) 29
[18:19:07.338]: (-1.6, 2.1, 2.8) 34
[18:19:07.372]: (-1.6, 2.1, 2.8) 29
[18:19:07.409]: (-1.6, 2.1, 2.9) 29
[18:19:07.429]: (-1.6, 2.1, 2.9) 29
[18:19:07.448]: (-1.6, 2.1, 2.9) 29
[18:19:07.483]: (-1.5, 2.1, 2.9) 28
[18:19:07.528]: (-1.5, 2.1, 2.8) 28
[18:19:07.572]: (-1.4, 2.1, 2.9) 28
[18:19:07.595]: (-1.5, 2.0, 2.9) 28
[18:19:07.617]: (-1.5, 2.2, 3.0) 31
[18:19:08.070]: (1.2, 2.4, 3.6) 63
[18:19:08.305]: (1.2, 2.4, 3.6) 63
[18:19:08.539]: (2.5, 3.0, 4.5) 23
[18:19:09.605]: (-1.0, 1.0, 1.6) 43
[18:19:09.649]: (-1.1, 0.7, 1.3) 49
[18:19:09.666]: (-1.1, 0.7, 1.3) 49
[18:19:09.682]: (-1.1, 0.7, 1.3) 49
[18:19:09.697]: (-1.1, 0.7, 1.3) 49
[18:19:09.714]: (-1.1, 0.7, 1.3) 49
[18:19:09.729]: (-1.1, 0.7, 1.3) 49
[18:19:09.746]: (-1.1, 0.7, 1.3) 49
[18:19:09.762]: (-1.1, 0.7, 1.3) 49
[18:19:09.780]: (-1.1, 0.7, 1.3) 49
[18:19:09.797]: (-1.1, 0.7, 1.3) 49
[18:19:09.813]: (-1.1, 0.7, 1.3) 49
[18:19:09.828]: (-1.1, 0.7, 1.4) 49
[18:19:09.970]: (-1.1, 0.7, 1.4) 49
[18:19:09.986]: (-1.0, 0.7, 1.3) 48
[18:19:10.024]: (-0.9, 0.9, 1.3) 46
[18:19:10.040]: (-0.9, 0.9, 1.3) 46
[18:19:10.059]: (-1.0, 1.0, 1.5) 43
[18:19:10.273]: (-1.7, 2.0, 2.8) 34
[18:19:10.315]: (-1.7, 2.2, 2.7) 32
[18:19:10.571]: (-1.7, 2.2, 2.7) 32
[18:19:10.588]: (-1.7, 2.1, 2.7) 32
[18:19:10.605]: (-1.7, 2.1, 2.7) 32
[18:19:10.621]: (-1.6, 2.1, 2.7) 32
[18:19:10.638]: (-1.7, 2.2, 2.7) 32
[18:19:10.885]: (-1.7, 2.1, 2.8) 32
[18:19:10.962]: (-1.7, 2.2, 2.8) 32
[18:19:10.978]: (-1.7, 2.2, 2.8) 32
[18:19:10.996]: (-1.7, 2.1, 2.8) 32
[18:19:11.392]: (-1.6, 2.2, 2.8) 32
[18:19:11.852]: (-1.5, 2.2, 3.0) 31
[18:19:11.959]: (1.2, 2.4, 3.6) 63
[18:19:11.982]: (1.1, 2.3, 3.4) 67
[18:19:12.003]: (1.1, 2.3, 3.4) 67
[18:19:12.026]: (1.0, 2.3, 3.5) 67
[18:19:12.048]: (1.1, 2.3, 3.4) 67
[18:19:12.071]: (1.1, 2.3, 3.5) 67
[18:19:12.115]: (1.1, 2.3, 3.5) 67
[18:19:12.248]: (1.2, 2.4, 3.5) 63
[18:19:12.270]: (1.2, 2.4, 3.5) 63
[18:19:12.292]: (1.2, 2.4, 3.5) 63
[18:19:12.316]: (1.2, 2.4, 3.6) 63
[18:19:12.338]: (1.1, 2.3, 3.4) 67
[18:19:12.360]: (1.1, 2.3, 3.4) 67
[18:19:12.375]: (1.1, 2.3, 3.5) 67
[18:19:12.391]: (1.1, 2.3, 3.4) 67
[18:19:12.406]: (1.2, 2.4, 3.6) 63
[18:19:12.440]: (1.2, 2.4, 3.6) 63
[18:19:12.486]: (1.2, 2.4, 3.5) 63
[18:19:12.502]: (1.2, 2.4, 3.6) 63
[18:19:12.519]: (1.2, 2.4, 3.5) 63
[18:19:12.579]: (1.2, 2.4, 3.6) 63
[18:19:12.594]: (1.2, 2.4, 3.6) 63
[18:19:13.571]: (1.0, 2.4, 3.5) 67
[18:19:13.586]: (1.1, 2.4, 3.5) 67
[18:19:13.603]: (1.1, 2.4, 3.5) 67
[18:19:13.625]: (1.1, 2.4, 3.4) 67
[18:19:13.648]: (1.1, 2.4, 3.4) 67
[18:19:13.672]: (1.1, 2.4, 3.4) 67
[18:19:13.691]: (1.1, 2.4, 3.4) 67
[18:19:13.714]: (1.2, 2.4, 3.6) 63
[18:19:13.737]: (1.2, 2.4, 3.6) 63
[18:19:13.759]: (1.2, 2.4, 3.6) 63
[18:19:13.780]: (1.2, 2.4, 3.6) 63
[18:19:13.803]: (1.2, 2.4, 3.6) 63
[18:19:13.825]: (1.2, 2.4, 3.6) 63
[18:19:13.847]: (1.2, 2.4, 3.6) 63
[18:19:13.871]: (1.2, 2.4, 3.6) 63
[18:19:14.121]: (1.0, 2.4, 3.5) 67
[18:19:17.379]: (-1.7, 2.1, 2.8) 34
[18:19:17.446]: (-1.7, 2.0, 2.8) 34
[18:19:17.619]: (-1.6, 2.1, 2.7) 32
[18:19:17.636]: (-1.7, 2.1, 2.7) 32
[18:19:17.652]: (-1.6, 2.2, 2.7) 32
[18:19:17.670]: (-1.6, 2.2, 2.7) 32
[18:19:17.686]: (-1.7, 2.1, 2.7) 32
[18:19:17.701]: (-1.7, 2.1, 2.8) 32
[18:19:17.717]: (-1.6, 2.1, 2.8) 32
[18:19:17.733]: (-1.6, 2.2, 2.8) 29
[18:19:17.750]: (-1.6, 2.1, 2.8) 29
[18:19:17.769]: (-1.6, 2.1, 2.8) 29
[18:19:17.785]: (-1.6, 2.1, 2.8) 29
[18:19:17.801]: (-1.6, 2.1, 2.8) 29
[18:19:17.816]: (-1.6, 2.1, 2.8) 29
[18:19:17.832]: (-1.6, 2.1, 2.8) 34
[18:19:17.849]: (-1.6, 2.1, 2.8) 29
[18:19:17.867]: (-1.6, 2.1, 2.8) 34
[18:19:17.883]: (-1.6, 2.0, 2.8) 34
[18:19:17.899]: (-1.6, 2.0, 2.8) 34
[18:19:17.916]: (-1.6, 2.0, 2.8) 34
[18:19:18.024]: (-1.6, 2.1, 2.8) 29
[18:19:18.046]: (-1.7, 2.1, 2.7) 32
[18:19:18.113]: (-1.7, 2.1, 2.8) 32
[18:19:18.135]: (-1.7, 2.1, 2.7) 32
[18:19:18.180]: (-1.7, 2.1, 2.7) 32
[18:19:18.201]: (-1.7, 2.1, 2.7) 32
[18:19:18.224]: (-1.7, 2.2, 2.7) 32
[18:19:18.246]: (-1.7, 2.2, 2.7) 32
[18:19:18.291]: (-1.7, 2.1, 2.7) 32
[18:19:18.313]: (-1.7, 2.1, 2.7) 32
[18:19:18.431]: (0.7, 1.8, 2.6) 8
[18:19:18.447]: (0.9, 1.8, 2.8) 3
[18:19:18.529]: (1.0, 2.3, 3.5) 67
[18:19:18.559]: (1.0, 2.3, 3.5) 67
[18:19:18.593]: (1.0, 2.3, 3.5) 67
[18:19:18.640]: (1.0, 2.3, 3.4) 67
[18:19:18.657]: (1.0, 2.3, 3.4) 67
[18:19:18.674]: (1.2, 2.4, 3.6) 63
[18:19:18.734]: (1.2, 2.4, 3.6) 63
[18:19:18.768]: (1.3, 2.4, 3.6) 63
[18:19:18.868]: (1.2, 2.4, 3.6) 63
[18:19:18.890]: (1.2, 2.4, 3.6) 63
[18:19:18.912]: (1.1, 2.3, 3.4) 67
[18:19:18.934]: (1.1, 2.3, 3.4) 67
[18:19:18.957]: (1.1, 2.3, 3.4) 67
[18:19:18.980]: (1.1, 2.3, 3.4) 67
[18:19:19.002]: (1.1, 2.3, 3.4) 67
[18:19:19.024]: (1.1, 2.3, 3.4) 67
[18:19:19.045]: (1.1, 2.3, 3.5) 67
[18:19:19.069]: (1.1, 2.3, 3.4) 67
[18:19:19.091]: (1.1, 2.3, 3.4) 67
[18:19:19.112]: (1.1, 2.3, 3.4) 67
[18:19:19.135]: (1.1, 2.3, 3.4) 67
[18:19:19.157]: (1.1, 2.3, 3.4) 67
[18:19:19.180]: (1.1, 2.3, 3.4) 67
[18:19:19.201]: (1.1, 2.3, 3.4) 67
[18:19:19.223]: (1.1, 2.4, 3.4) 67
[18:19:19.246]: (1.1, 2.3, 3.4) 67
[18:19:19.591]: (1.1, 2.3, 3.5) 67
[18:19:19.607]: (1.1, 2.3, 3.4) 67
[18:19:19.683]: (0.7, 1.8, 2.7) 6
[18:19:19.701]: (0.7, 1.8, 2.7) 6
[18:19:19.724]: (0.7, 1.8, 2.7) 6
[18:19:20.191]: (-0.4, 2.0, 2.8) 56
[18:19:20.539]: (-0.4, 2.0, 2.8) 58
[18:19:20.778]: (1.0, 2.3, 3.4) 67
[18:19:20.800]: (1.1, 2.4, 3.4) 67
[18:19:20.822]: (1.1, 2.4, 3.4) 67
[18:19:20.844]: (1.0, 2.4, 3.4) 67
[18:19:20.978]: (1.0, 2.4, 3.4) 67
[18:19:21.001]: (1.0, 2.4, 3.4) 67
[18:19:21.018]: (1.0, 2.4, 3.4) 67
[18:19:21.034]: (1.0, 2.4, 3.4) 67
[18:19:21.110]: (1.0, 2.4, 3.5) 67
[18:19:21.125]: (1.0, 2.4, 3.4) 67
[18:19:21.142]: (1.0, 2.4, 3.4) 67
[18:19:21.157]: (1.0, 2.4, 3.4) 67
[18:19:21.174]: (1.0, 2.3, 3.4) 67
[18:19:21.252]: (1.0, 2.3, 3.4) 67
[18:19:21.392]: (-1.6, 2.0, 2.8) 34
[18:19:21.861]: (-1.7, 1.5, 2.3) 42
[18:19:21.920]: (-1.1, 1.0, 1.5) 43
[18:19:22.012]: (-1.1, 1.0, 1.5) 43
[18:19:22.174]: (-0.6, 1.4, 2.2) 54
[18:19:22.191]: (-0.6, 1.4, 2.2) 54
[18:19:22.209]: (-0.6, 1.4, 2.2) 54
[18:19:22.225]: (-0.6, 1.4, 2.2) 54
[18:19:22.240]: (-0.6, 1.4, 2.2) 54
[18:19:22.255]: (-0.5, 1.4, 2.2) 54
[18:19:22.278]: (-0.6, 1.4, 2.2) 54
[18:19:22.388]: (-0.5, 1.9, 2.8) 56
[18:19:22.867]: (-0.6, 1.4, 2.2) 54
[18:19:22.883]: (-0.5, 1.4, 2.2) 54
[18:19:22.900]: (-0.5, 1.4, 2.2) 54
[18:19:22.916]: (-0.5, 1.4, 2.2) 54
[18:19:22.932]: (-0.5, 1.4, 2.2) 54
[18:19:22.993]: (-0.5, 1.4, 2.2) 54
[18:19:23.010]: (-0.5, 1.4, 2.2) 54
[18:19:23.400]: (1.1, 2.3, 3.4) 67
[18:19:23.422]: (1.1, 2.3, 3.4) 67
[18:19:23.446]: (1.1, 2.3, 3.4) 67
[18:19:23.471]: (1.1, 2.3, 3.4) 67
[18:19:23.491]: (1.1, 2.4, 3.4) 67
[18:19:23.512]: (1.0, 2.4, 3.4) 67
[18:19:23.533]: (1.0, 2.4, 3.4) 67
[18:19:23.556]: (1.0, 2.4, 3.5) 67
[18:19:23.579]: (1.0, 2.4, 3.5) 67
[18:19:23.597]: (1.0, 2.4, 3.5) 67
[18:19:23.631]: (1.0, 2.3, 3.5) 67
[18:19:23.697]: (1.0, 2.3, 3.5) 67
[18:19:23.715]: (1.0, 2.3, 3.4) 67
[18:19:23.732]: (1.0, 2.3, 3.4) 67
[18:19:23.752]: (1.0, 2.3, 3.4) 67
[18:19:23.772]: (1.0, 2.3, 3.4) 67
[18:19:23.789]: (1.0, 2.3, 3.4) 67
[18:19:23.805]: (1.0, 2.3, 3.4) 67
[18:19:23.826]: (1.1, 2.3, 3.4) 67
[18:19:23.845]: (1.1, 2.3, 3.4) 67
[18:19:23.863]: (1.1, 2.3, 3.4) 67
[18:19:23.881]: (1.1, 2.3, 3.4) 67
[18:19:23.897]: (1.1, 2.3, 3.4) 67
[18:19:23.914]: (1.1, 2.3, 3.4) 67
[18:19:23.931]: (1.1, 2.3, 3.4) 67
[18:19:23.947]: (1.1, 2.3, 3.5) 67
[18:19:24.089]: (-1.6, 2.1, 2.7) 32
[18:19:24.357]: (-1.6, 2.2, 2.8) 29
[18:19:24.399]: (-1.7, 2.2, 2.9) 33
[18:19:24.466]: (-1.4, 2.2, 3.0) 35
[18:19:24.863]: (1.2, 2.4, 3.6) 63
[18:19:25.690]: (1.0, 2.3, 3.4) 67
[18:19:25.706]: (1.0, 2.3, 3.4) 67
[18:19:25.722]: (1.0, 2.3, 3.4) 67
[18:19:25.739]: (1.0, 2.3, 3.4) 67
[18:19:25.756]: (1.0, 2.3, 3.4) 67
[18:19:25.772]: (1.0, 2.3, 3.4) 67
[18:19:25.788]: (1.1, 2.3, 3.4) 67
[18:19:25.803]: (1.1, 2.3, 3.4) 67
[18:19:25.888]: (1.4, 2.3, 3.5) 64
[18:19:25.910]: (1.4, 2.3, 3.5) 64
[18:19:25.930]: (1.4, 2.4, 3.6) 66
[18:19:25.956]: (1.4, 2.4, 3.6) 66
[18:19:25.976]: (1.4, 2.4, 3.6) 66
[18:19:26.111]: (1.0, 2.4, 3.4) 67
[18:19:26.131]: (1.0, 2.4, 3.4) 67
[18:19:26.154]: (1.0, 2.3, 3.4) 67
[18:19:26.178]: (1.0, 2.3, 3.5) 67
[18:19:26.222]: (1.2, 2.4, 3.5) 63
[18:19:26.239]: (1.2, 2.4, 3.5) 63
[18:19:26.256]: (1.2, 2.4, 3.5) 63
[18:19:26.273]: (1.2, 2.4, 3.5) 63
[18:19:26.291]: (1.2, 2.4, 3.5) 63
[18:19:26.307]: (1.2, 2.4, 3.5) 63
[18:19:26.323]: (1.2, 2.4, 3.5) 63
[18:19:26.340]: (1.2, 2.4, 3.5) 63
[18:19:26.358]: (1.2, 2.4, 3.5) 63
[18:19:26.374]: (1.2, 2.4, 3.5) 63
[18:19:26.390]: (1.2, 2.4, 3.5) 63
[18:19:26.406]: (1.2, 2.4, 3.5) 63
[18:19:26.423]: (1.2, 2.4, 3.5) 63
[18:19:26.439]: (1.2, 2.4, 3.5) 63
[18:19:26.457]: (1.3, 2.4, 3.5) 63
[18:19:26.474]: (1.1, 2.4, 3.4) 67
[18:19:26.522]: (1.0, 2.4, 3.4) 67
[18:19:26.538]: (1.1, 2.4, 3.4) 67
[18:19:26.585]: (1.2, 2.4, 3.6) 63
[18:19:26.602]: (1.2, 2.4, 3.6) 63
[18:19:26.618]: (1.2, 2.4, 3.6) 63
[18:19:26.636]: (1.2, 2.4, 3.6) 63
[18:19:26.653]: (1.2, 2.4, 3.6) 63
[18:19:26.744]: (1.1, 2.4, 3.4) 67
[18:19:26.765]: (1.1, 2.4, 3.4) 67
[18:19:26.942]: (1.0, 2.4, 3.4) 67
[18:19:26.965]: (1.0, 2.4, 3.5) 67
[18:19:27.986]: (1.2, 2.4, 3.6) 63
[18:19:28.247]: (3.2, 2.2, 3.4) 73
[18:19:28.277]: (3.2, 2.1, 3.3) 73
[18:19:28.294]: (3.1, 2.1, 3.4) 73
[18:19:28.325]: (3.2, 2.1, 3.3) 73
[18:19:28.359]: (3.2, 2.1, 3.3) 73
[18:19:29.047]: (1.0, 2.3, 3.4) 67
[18:19:29.078]: (1.0, 2.3, 3.5) 67
[18:19:29.094]: (1.0, 2.3, 3.4) 67
[18:19:29.111]: (1.0, 2.3, 3.4) 67
[18:19:29.142]: (1.0, 2.3, 3.4) 67
[18:19:29.175]: (1.0, 2.4, 3.5) 67
[18:19:29.252]: (1.0, 2.3, 3.4) 67
[18:19:29.278]: (1.0, 2.3, 3.4) 67
[18:19:29.297]: (1.1, 2.3, 3.4) 67
[18:19:29.318]: (1.0, 2.3, 3.4) 67
[18:19:29.342]: (1.0, 2.3, 3.4) 67
[18:19:29.365]: (1.0, 2.3, 3.4) 67
[18:19:29.385]: (1.0, 2.3, 3.4) 67
[18:19:29.408]: (1.0, 2.3, 3.4) 67
[18:19:29.430]: (1.0, 2.3, 3.4) 67
[18:19:30.463]: (1.4, 2.2, 3.4) 65
[18:19:31.253]: (1.4, 2.3, 3.5) 64
[18:19:31.274]: (1.4, 2.3, 3.5) 65
[18:19:31.296]: (1.4, 2.3, 3.4) 65
[18:19:31.317]: (1.3, 2.3, 3.4) 65
[18:19:31.340]: (1.3, 2.3, 3.4) 65
[18:19:31.362]: (1.4, 2.3, 3.4) 65
[18:19:31.384]: (1.4, 2.4, 3.6) 66
[18:19:32.074]: (1.3, 2.3, 3.5) 64
[18:19:32.094]: (1.3, 2.4, 3.5) 64
[18:19:32.117]: (1.3, 2.3, 3.5) 64
[18:19:32.139]: (1.4, 2.3, 3.5) 64
[18:19:32.162]: (1.4, 2.3, 3.4) 65
[18:19:32.184]: (1.3, 2.3, 3.4) 65
[18:19:32.206]: (1.3, 2.3, 3.5) 65
[18:19:32.228]: (1.3, 2.3, 3.4) 65
[18:19:32.251]: (1.3, 2.3, 3.4) 65
[18:19:32.273]: (1.3, 2.3, 3.4) 65
[18:19:32.304]: (1.2, 2.4, 3.6) 63
[18:19:32.319]: (1.2, 2.4, 3.5) 63
[18:19:32.336]: (1.2, 2.4, 3.5) 63
[18:19:32.352]: (1.2, 2.4, 3.6) 63
[18:19:32.446]: (1.2, 2.4, 3.6) 63
[18:19:32.462]: (1.1, 2.3, 3.4) 67
[18:19:32.479]: (1.1, 2.3, 3.4) 67
[18:19:32.496]: (1.1, 2.3, 3.4) 67
[18:19:32.513]: (1.1, 2.3, 3.4) 67
[18:19:32.531]: (1.2, 2.4, 3.6) 63
[18:19:32.548]: (1.2, 2.4, 3.6) 63
[18:19:32.563]: (1.2, 2.4, 3.6) 63
[18:19:32.579]: (1.0, 2.3, 3.4) 67
[18:19:32.794]: (1.0, 2.3, 3.4) 67
[18:19:32.817]: (1.0, 2.3, 3.4) 67
[18:19:32.840]: (1.0, 2.3, 3.4) 67
[18:19:32.861]: (1.1, 2.3, 3.4) 67
[18:19:32.884]: (1.1, 2.3, 3.4) 67
[18:19:32.906]: (1.1, 2.3, 3.4) 67
[18:19:34.039]: (1.1, 2.3, 3.4) 67
[18:19:34.084]: (1.1, 2.3, 3.4) 67
[18:19:34.106]: (1.1, 2.3, 3.4) 67
[18:19:34.167]: (1.1, 2.3, 3.4) 67
[18:19:34.183]: (1.1, 2.3, 3.4) 67
[18:19:34.199]: (1.1, 2.3, 3.4) 67
[18:19:34.215]: (1.1, 2.3, 3.4) 67
[18:19:34.231]: (1.1, 2.3, 3.4) 67
[18:19:34.247]: (1.1, 2.3, 3.4) 67
[18:19:34.694]: (1.1, 2.3, 3.5) 67
[18:19:35.069]: (1.3, 2.3, 3.5) 64
[18:19:35.160]: (1.3, 2.3, 3.6) 64
[18:19:35.593]: (1.8, 1.6, 2.8) 13
[18:19:35.639]: (1.8, 1.6, 2.8) 13
[18:19:35.660]: (1.8, 1.7, 2.8) 13
[18:19:35.810]: (1.3, 1.9, 2.7) 7
[18:19:36.013]: (1.0, 2.3, 3.4) 67
[18:19:36.045]: (1.0, 2.3, 3.4) 67
[18:19:36.063]: (1.2, 2.4, 3.6) 63
[18:19:36.080]: (1.1, 2.3, 3.4) 67
[18:19:36.096]: (1.1, 2.3, 3.4) 67
[18:19:36.111]: (1.1, 2.3, 3.4) 67
[18:19:36.128]: (1.1, 2.3, 3.4) 67
[18:19:36.144]: (1.0, 2.3, 3.4) 67
[18:19:36.160]: (1.0, 2.3, 3.4) 67
[18:19:36.176]: (1.0, 2.3, 3.4) 67
[18:19:36.193]: (1.0, 2.3, 3.4) 67
[18:19:36.210]: (1.0, 2.3, 3.4) 67
[18:19:36.225]: (1.0, 2.3, 3.4) 67
[18:19:36.628]: (1.0, 2.3, 3.5) 67
[18:19:36.671]: (1.2, 2.4, 3.6) 63
[18:19:36.693]: (1.2, 2.4, 3.6) 63
[18:19:36.711]: (1.2, 2.4, 3.6) 63
[18:19:36.727]: (1.2, 2.4, 3.6) 63
[18:19:36.788]: (1.1, 2.3, 3.4) 67
[18:19:36.838]: (1.1, 2.3, 3.4) 67
[18:19:36.854]: (1.1, 2.3, 3.4) 67
[18:19:36.869]: (1.1, 2.3, 3.4) 67
[18:19:36.886]: (1.1, 2.3, 3.4) 67
[18:19:36.904]: (1.0, 2.3, 3.4) 67
[18:19:36.936]: (1.0, 2.3, 3.4) 67
[18:19:36.952]: (1.0, 2.3, 3.4) 67
[18:19:36.969]: (1.0, 2.3, 3.4) 67
[18:19:36.986]: (1.0, 2.3, 3.4) 67
[18:19:37.002]: (1.0, 2.3, 3.4) 67
[18:19:37.018]: (1.0, 2.3, 3.4) 67
[18:19:37.034]: (1.0, 2.3, 3.4) 67
[18:19:37.052]: (1.0, 2.3, 3.4) 67
[18:19:37.070]: (1.0, 2.3, 3.4) 67
[18:19:37.085]: (1.0, 2.3, 3.4) 67
[18:19:37.101]: (1.0, 2.3, 3.4) 67
[18:19:37.117]: (1.0, 2.3, 3.4) 67
[18:19:37.132]: (1.0, 2.3, 3.4) 67
[18:19:37.148]: (1.0, 2.3, 3.5) 67
[18:19:37.260]: (1.0, 2.3, 3.5) 67
[18:19:37.305]: (1.4, 2.3, 3.4) 65
[18:19:38.500]: (-1.1, 1.0, 1.5) 43
[18:19:38.593]: (-1.1, 0.6, 1.3) 49
[18:19:38.609]: (-0.8, 0.6, 1.5) 47
[18:19:39.337]: (-0.5, 2.0, 2.7) 58
[18:19:39.558]: (1.1, 2.3, 3.4) 67
[18:19:39.575]: (1.0, 2.3, 3.4) 67
[18:19:39.592]: (1.1, 2.3, 3.4) 67
[18:19:39.610]: (1.1, 2.3, 3.4) 67
[18:19:39.628]: (1.1, 2.3, 3.4) 67
[18:19:39.645]: (1.1, 2.3, 3.4) 67
[18:19:39.668]: (1.1, 2.4, 3.4) 67
[18:19:39.685]: (1.1, 2.4, 3.4) 67
[18:19:39.703]: (1.0, 2.4, 3.4) 67
[18:19:39.737]: (1.0, 2.3, 3.4) 67
[18:19:39.760]: (1.0, 2.4, 3.4) 67
[18:19:39.783]: (1.0, 2.4, 3.4) 67
[18:19:39.805]: (1.0, 2.3, 3.4) 67
[18:19:39.826]: (1.0, 2.3, 3.4) 67
[18:19:39.848]: (1.0, 2.3, 3.4) 67
[18:19:39.871]: (1.0, 2.3, 3.5) 67
[18:19:40.681]: (2.0, 1.6, 2.9) 14
[18:19:40.748]: (2.1, 1.6, 2.9) 14
[18:19:40.949]: (1.0, 1.8, 2.9) 1
[18:19:40.969]: (0.8, 1.8, 2.9) 0
[18:19:41.113]: (0.7, 1.9, 2.9) 0
[18:19:41.133]: (0.7, 1.8, 2.7) 6
[18:19:41.313]: (1.1, 2.3, 3.4) 67
[18:19:41.422]: (1.0, 2.3, 3.4) 67
