[17:54:43.793]: (-0.2, 0.0, 0.0) 1
[17:54:43.858]: (-0.3, -0.3, 0.0) 4
[17:54:44.327]: (-0.4, -0.1, 0.0) 5
[17:54:44.652]: (-0.3, -0.2, 0.0) 5
[17:54:44.672]: (-0.4, -0.3, 0.0) 3
[17:54:44.962]: (-0.2, 0.1, 0.8) 3
[17:54:45.946]: (0.0, 1.0, 1.1) 4
[17:54:45.969]: (0.0, 1.0, 1.1) 4
[17:54:46.012]: (-0.1, 1.0, 0.9) 5
[17:54:46.262]: (-0.1, 1.0, 1.0) 3
[17:54:46.279]: (-0.1, 1.0, 1.1) 3
[17:54:46.300]: (-0.1, 1.0, 1.0) 3
[17:54:46.320]: (-0.1, 1.0, 1.0) 3
[17:54:46.340]: (-0.1, 1.0, 1.0) 3
[17:54:46.363]: (-0.1, 1.0, 1.0) 3
[17:54:46.421]: (-0.1, 1.0, 1.0) 3
[17:54:46.795]: (0.0, 1.0, 0.6) 1
[17:54:46.828]: (-0.1, 1.0, 0.6) 1
[17:54:47.194]: (0.0, 1.2, 0.8) 5
[17:54:47.227]: (0.0, 1.2, 0.8) 5
[17:54:47.262]: (0.0, 1.2, 0.8) 5
[17:54:47.293]: (0.0, 1.2, 0.8) 5
[17:54:47.327]: (0.0, 1.1, 0.8) 5
[17:54:47.360]: (-0.1, 1.1, 0.8) 5
[17:54:47.393]: (-0.1, 1.1, 0.8) 5
[17:54:47.438]: (-0.1, 1.1, 0.9) 4
[17:54:47.462]: (-0.1, 1.1, 0.9) 4
[17:54:47.481]: (-0.1, 1.1, 1.0) 4
[17:54:48.526]: (-0.2, 0.8, 0.9) 4
[17:54:48.593]: (-0.2, 0.9, 0.6) 1
[17:54:48.617]: (-0.2, 0.9, 0.6) 1
[17:54:48.638]: (-0.2, 1.0, 0.6) 1
[17:54:48.654]: (-0.2, 1.0, 0.6) 1
[17:54:48.672]: (-0.2, 1.0, 0.6) 1
[17:54:48.695]: (-0.2, 1.0, 0.6) 1
[17:54:48.717]: (-0.2, 1.0, 0.6) 1
[17:54:48.739]: (-0.2, 1.0, 0.6) 1
[17:54:48.761]: (-0.2, 1.0, 0.6) 1
[17:54:49.158]: (-0.1, 1.0, 0.6) 1
[17:54:49.277]: (0.0, 1.1, 0.7) 0
[17:54:49.304]: (0.0, 1.1, 0.6) 0
[17:54:49.338]: (0.0, 1.1, 0.6) 0
[17:54:49.374]: (0.0, 1.1, 0.6) 0
[17:54:49.405]: (-0.1, 1.1, 0.6) 0
[17:54:49.437]: (-0.1, 1.1, 0.6) 0
[17:54:49.838]: (-0.5, 1.0, 0.8) 4
[17:54:49.970]: (-0.5, 1.0, 0.6) 5
[17:54:49.993]: (-0.5, 1.0, 0.6) 5
[17:54:50.016]: (-0.5, 1.0, 0.7) 5
[17:54:50.036]: (-0.4, 1.0, 0.6) 5
[17:54:50.061]: (-0.4, 1.0, 0.6) 5
[17:54:50.082]: (-0.4, 1.0, 0.6) 5
[17:54:50.104]: (-0.4, 1.0, 0.6) 5
[17:54:50.126]: (-0.4, 1.0, 0.6) 5
[17:54:50.150]: (-0.4, 1.0, 0.6) 5
[17:54:50.172]: (-0.4, 1.0, 0.7) 5
[17:54:50.192]: (-0.4, 1.0, 0.8) 3
[17:54:50.526]: (-0.2, 1.0, 0.7) 5
[17:54:50.547]: (-0.2, 1.0, 0.7) 5
[17:54:50.571]: (-0.2, 1.0, 0.7) 5
[17:54:50.592]: (-0.2, 1.0, 0.7) 5
[17:54:50.616]: (-0.2, 1.0, 0.7) 5
[17:54:50.636]: (-0.2, 1.0, 0.7) 5
[17:54:50.659]: (-0.2, 1.0, 0.7) 5
[17:54:50.682]: (-0.2, 1.0, 0.7) 5
[17:54:50.705]: (-0.2, 1.0, 0.7) 5
[17:54:50.727]: (-0.2, 1.0, 0.7) 5
[17:54:50.751]: (-0.2, 1.0, 0.7) 5
[17:54:50.776]: (-0.2, 1.0, 0.7) 5
[17:54:50.797]: (-0.2, 1.0, 0.7) 5
[17:54:50.817]: (-0.2, 1.0, 0.7) 5
[17:54:50.842]: (-0.2, 1.0, 0.7) 5
[17:54:50.863]: (-0.2, 1.0, 0.7) 5
[17:54:50.881]: (-0.2, 1.0, 0.7) 5
[17:54:50.904]: (-0.2, 1.0, 0.7) 5
[17:54:50.926]: (-0.2, 1.0, 0.7) 5
[17:54:50.952]: (-0.1, 1.1, 0.5) 1
[17:54:50.973]: (-0.1, 1.1, 0.6) 1
[17:54:50.992]: (-0.1, 1.1, 0.6) 1
[17:54:51.015]: (-0.1, 1.1, 0.6) 1
[17:54:51.038]: (-0.1, 1.1, 0.5) 1
[17:54:51.059]: (-0.1, 1.1, 0.6) 1
[17:54:51.127]: (-0.4, 1.0, 0.8) 3
[17:54:51.148]: (-0.4, 1.0, 0.8) 3
[17:54:51.170]: (-0.4, 1.0, 0.8) 3
[17:54:51.193]: (-0.4, 1.0, 0.8) 3
[17:54:51.215]: (-0.4, 1.0, 0.8) 3
[17:54:51.234]: (-0.4, 1.0, 0.8) 3
[17:54:51.253]: (-0.4, 1.0, 0.8) 3
[17:54:51.269]: (-0.4, 1.0, 0.8) 3
[17:54:51.286]: (-0.4, 1.0, 0.8) 3
[17:54:51.303]: (-0.4, 1.0, 0.8) 3
[17:54:51.320]: (-0.4, 1.0, 0.8) 3
[17:54:51.378]: (-0.4, 1.0, 0.8) 3
[17:54:51.397]: (-0.4, 1.0, 0.8) 3
[17:54:52.068]: (-0.3, 1.1, 0.7) 5
[17:54:52.089]: (-0.3, 1.1, 0.7) 5
[17:54:52.111]: (-0.3, 1.1, 0.7) 5
[17:54:52.134]: (-0.3, 1.1, 0.7) 5
[17:54:52.153]: (-0.3, 1.1, 0.7) 5
[17:54:52.171]: (-0.3, 1.1, 0.7) 5
[17:54:52.189]: (-0.3, 1.1, 0.7) 5
[17:54:52.206]: (-0.3, 1.1, 0.7) 5
[17:54:52.223]: (-0.3, 1.1, 0.7) 5
[17:54:52.240]: (-0.3, 1.1, 0.7) 5
[17:54:52.260]: (-0.2, 1.1, 0.7) 5
[17:54:52.277]: (-0.2, 1.1, 0.7) 5
[17:54:52.293]: (-0.2, 1.1, 0.7) 5
[17:54:52.309]: (-0.3, 1.1, 0.7) 5
[17:54:52.325]: (-0.3, 1.1, 0.7) 5
[17:54:52.363]: (0.0, 1.1, 0.5) 1
[17:54:52.384]: (0.0, 1.1, 0.5) 1
[17:54:52.402]: (0.0, 1.1, 0.5) 1
[17:54:52.420]: (0.0, 1.1, 0.5) 1
[17:54:52.438]: (0.0, 1.1, 0.6) 1
[17:54:52.456]: (0.0, 1.1, 0.6) 1
[17:54:52.474]: (0.0, 1.1, 0.6) 1
[17:54:52.491]: (0.0, 1.1, 0.6) 1
[17:54:52.521]: (0.0, 1.1, 0.5) 1
[17:54:52.597]: (0.0, 1.1, 0.5) 1
[17:54:52.619]: (0.0, 1.1, 0.5) 1
[17:54:52.636]: (0.0, 1.1, 0.6) 1
[17:54:52.652]: (0.0, 1.1, 0.5) 1
[17:54:52.668]: (0.0, 1.1, 0.5) 1
[17:54:52.685]: (0.0, 1.1, 0.5) 1
[17:54:52.700]: (0.0, 1.1, 0.6) 1
[17:54:52.721]: (0.0, 1.1, 0.6) 1
[17:54:52.744]: (0.0, 1.1, 0.6) 1
[17:54:52.766]: (0.0, 1.1, 0.6) 1
[17:54:52.966]: (-0.1, 1.0, 0.6) 1
[17:54:52.988]: (-0.1, 1.0, 0.6) 1
[17:54:53.010]: (-0.1, 1.0, 0.6) 1
[17:54:53.032]: (-0.1, 1.0, 0.6) 1
[17:54:53.054]: (-0.1, 1.0, 0.6) 1
[17:54:53.077]: (-0.1, 1.0, 0.6) 1
[17:54:53.099]: (-0.1, 1.0, 0.6) 1
[17:54:53.121]: (-0.1, 1.0, 0.6) 1
[17:54:53.143]: (-0.1, 1.0, 0.6) 1
[17:54:53.208]: (-0.2, 1.0, 0.7) 5
[17:54:53.225]: (-0.3, 1.0, 0.8) 3
[17:54:53.241]: (-0.3, 1.0, 0.8) 3
[17:54:53.257]: (-0.3, 1.0, 0.8) 3
[17:54:53.274]: (-0.3, 1.0, 0.8) 3
[17:54:53.291]: (-0.3, 1.0, 0.8) 3
[17:54:53.309]: (-0.3, 1.0, 0.8) 3
[17:54:53.325]: (-0.3, 1.0, 0.8) 3
[17:54:53.341]: (-0.3, 1.0, 0.8) 3
[17:54:53.357]: (-0.3, 1.0, 0.8) 3
[17:54:53.377]: (-0.3, 1.0, 0.8) 3
[17:54:53.392]: (-0.3, 1.0, 0.8) 3
[17:54:53.408]: (-0.3, 1.0, 0.8) 3
[17:54:53.425]: (-0.3, 1.0, 0.8) 3
[17:54:53.441]: (-0.3, 1.0, 0.8) 3
[17:54:53.458]: (-0.3, 1.0, 0.8) 3
[17:54:53.476]: (-0.3, 1.0, 0.8) 3
[17:54:53.493]: (-0.3, 1.0, 0.8) 3
[17:54:53.510]: (-0.3, 1.0, 0.8) 3
[17:54:53.526]: (-0.3, 1.0, 0.8) 3
[17:54:53.543]: (-0.3, 1.0, 0.8) 3
[17:54:53.558]: (-0.3, 1.0, 0.8) 3
[17:54:53.576]: (-0.3, 1.0, 0.8) 3
[17:54:53.599]: (-0.3, 1.0, 0.8) 3
[17:54:53.621]: (-0.2, 1.0, 0.7) 5
[17:54:53.820]: (-0.2, 1.0, 0.9) 4
[17:54:53.843]: (-0.3, 1.0, 0.8) 3
[17:54:53.867]: (-0.3, 1.0, 0.8) 3
[17:54:53.887]: (-0.3, 1.0, 0.8) 3
[17:54:53.909]: (-0.3, 1.0, 0.8) 3
[17:54:53.932]: (-0.3, 1.0, 0.8) 3
[17:54:53.955]: (-0.4, 1.0, 0.8) 3
[17:54:53.976]: (-0.4, 1.0, 0.8) 3
[17:54:53.998]: (-0.4, 1.0, 0.8) 3
[17:54:54.021]: (-0.4, 1.0, 0.8) 3
[17:54:54.043]: (-0.4, 1.0, 0.8) 3
[17:54:54.075]: (-0.3, 1.0, 0.8) 3
[17:54:54.094]: (-0.3, 1.0, 0.8) 3
[17:54:54.114]: (-0.3, 1.0, 0.8) 3
[17:54:54.130]: (-0.4, 1.0, 0.8) 3
[17:54:54.147]: (-0.4, 1.0, 0.8) 3
[17:54:54.164]: (-0.4, 1.0, 0.8) 3
[17:54:54.180]: (-0.3, 1.0, 0.8) 3
[17:54:54.198]: (-0.4, 1.0, 0.8) 3
[17:54:54.214]: (-0.4, 1.0, 0.8) 3
[17:54:54.229]: (-0.4, 1.0, 0.8) 3
[17:54:54.245]: (-0.3, 1.0, 0.8) 3
[17:54:54.261]: (-0.3, 1.0, 0.8) 3
[17:54:54.277]: (-0.3, 1.0, 0.8) 3
[17:54:54.293]: (-0.3, 1.0, 0.8) 3
[17:54:54.312]: (-0.3, 1.0, 0.8) 3
[17:54:54.328]: (-0.3, 1.0, 0.8) 3
[17:54:55.018]: (-0.3, 1.0, 0.8) 3
[17:54:55.049]: (-0.3, 1.0, 0.8) 3
[17:54:55.066]: (-0.3, 1.0, 0.8) 3
[17:54:55.082]: (-0.3, 1.0, 0.8) 3
[17:54:55.099]: (-0.3, 1.0, 0.8) 3
[17:54:55.115]: (-0.3, 1.0, 0.8) 3
[17:54:55.133]: (-0.3, 1.0, 0.8) 3
[17:54:55.150]: (-0.3, 1.0, 0.8) 3
[17:54:55.166]: (-0.3, 1.0, 0.8) 3
[17:54:55.182]: (-0.3, 1.0, 0.8) 3
[17:54:55.198]: (-0.3, 1.0, 0.8) 3
[17:54:55.214]: (-0.3, 1.0, 0.8) 3
[17:54:55.230]: (-0.3, 1.0, 0.8) 3
[17:54:55.245]: (-0.3, 1.0, 0.8) 3
[17:54:55.262]: (-0.3, 1.0, 0.8) 3
[17:54:55.278]: (-0.3, 1.0, 0.8) 3
[17:54:55.295]: (-0.3, 1.0, 0.8) 3
[17:54:55.310]: (-0.3, 1.0, 0.8) 3
[17:54:55.326]: (-0.3, 1.0, 0.8) 3
[17:54:55.343]: (-0.3, 1.0, 0.8) 3
[17:54:55.521]: (-0.2, 1.0, 0.9) 4
[17:54:55.566]: (0.0, 1.1, 0.5) 1
[17:54:55.586]: (0.0, 1.1, 0.5) 1
[17:54:55.610]: (0.0, 1.1, 0.5) 1
[17:54:55.632]: (0.0, 1.1, 0.5) 1
[17:54:55.653]: (0.0, 1.1, 0.5) 1
[17:54:55.676]: (0.0, 1.1, 0.6) 1
[17:54:55.698]: (0.0, 1.1, 0.6) 1
[17:54:55.766]: (-0.2, 1.0, 0.9) 4
[17:54:56.342]: (-0.1, 1.0, 0.6) 1
[17:54:56.366]: (-0.1, 1.0, 0.6) 1
[17:54:56.387]: (-0.1, 1.0, 0.6) 1
[17:54:56.408]: (-0.1, 1.0, 0.6) 1
[17:54:56.431]: (-0.1, 1.1, 0.6) 1
[17:54:56.453]: (-0.1, 1.1, 0.6) 1
[17:54:56.475]: (-0.1, 1.0, 0.6) 1
[17:54:56.497]: (-0.1, 1.0, 0.6) 1
[17:54:56.521]: (-0.1, 1.1, 0.6) 1
[17:54:56.541]: (-0.1, 1.1, 0.6) 1
[17:54:56.565]: (-0.1, 1.0, 0.6) 1
[17:54:56.586]: (-0.1, 1.0, 0.6) 1
[17:54:56.603]: (-0.1, 1.1, 0.6) 1
[17:54:56.709]: (-0.1, 1.1, 0.6) 1
[17:54:56.724]: (0.0, 1.1, 0.5) 1
[17:54:56.740]: (0.0, 1.1, 0.5) 1
[17:54:56.757]: (0.0, 1.1, 0.6) 1
[17:54:56.774]: (0.0, 1.0, 0.6) 0
[17:54:56.791]: (0.0, 1.0, 0.6) 0
[17:54:56.807]: (0.0, 1.0, 0.6) 0
[17:54:56.823]: (0.0, 1.0, 0.6) 0
[17:54:56.839]: (0.0, 1.0, 0.6) 0
[17:54:56.855]: (0.0, 1.0, 0.6) 0
[17:54:56.872]: (0.0, 1.0, 0.6) 0
[17:54:56.888]: (0.0, 1.1, 0.6) 1
[17:54:56.906]: (0.0, 1.0, 0.5) 1
[17:54:57.012]: (0.1, 1.0, 0.6) 0
[17:54:57.030]: (0.0, 1.0, 0.6) 0
[17:54:57.052]: (0.1, 1.0, 0.6) 0
[17:54:57.075]: (0.1, 1.0, 0.6) 0
[17:54:57.097]: (0.1, 1.1, 0.6) 0
[17:54:57.121]: (0.1, 1.1, 0.6) 0
[17:54:57.144]: (0.1, 1.1, 0.6) 0
[17:54:57.166]: (0.1, 1.1, 0.6) 0
[17:54:57.186]: (0.1, 1.1, 0.6) 0
[17:54:57.209]: (0.0, 1.1, 0.6) 1
[17:54:57.988]: (0.0, 1.1, 0.6) 1
[17:54:58.011]: (0.0, 1.1, 0.6) 1
[17:54:58.031]: (0.0, 1.1, 0.6) 1
[17:54:58.058]: (0.0, 1.1, 0.6) 1
[17:54:58.080]: (0.0, 1.1, 0.6) 1
[17:54:58.098]: (0.0, 1.1, 0.6) 1
[17:54:58.122]: (0.0, 1.1, 0.6) 1
[17:54:58.141]: (0.0, 1.1, 0.6) 1
[17:54:58.188]: (0.0, 1.1, 0.6) 1
[17:54:58.210]: (0.0, 1.1, 0.6) 1
[17:54:58.232]: (0.0, 1.1, 0.6) 1
[17:54:58.257]: (0.0, 1.1, 0.6) 1
[17:54:58.276]: (0.0, 1.1, 0.6) 1
[17:54:58.294]: (0.0, 1.1, 0.6) 1
[17:54:58.310]: (0.0, 1.1, 0.6) 1
[17:54:58.325]: (0.0, 1.1, 0.6) 1
[17:54:58.342]: (0.0, 1.1, 0.6) 1
[17:54:58.358]: (0.0, 1.1, 0.6) 1
[17:54:58.374]: (0.0, 1.1, 0.6) 1
[17:54:58.390]: (0.0, 1.1, 0.6) 1
[17:54:58.405]: (0.0, 1.1, 0.6) 1
[17:54:58.423]: (0.0, 1.1, 0.6) 1
[17:54:58.439]: (0.0, 1.1, 0.6) 0
[17:54:58.455]: (0.0, 1.1, 0.6) 0
[17:54:58.471]: (0.1, 1.1, 0.6) 0
[17:54:58.487]: (0.1, 1.1, 0.6) 0
[17:54:58.503]: (0.0, 1.1, 0.6) 0
[17:54:58.520]: (0.0, 1.1, 0.6) 0
[17:54:58.535]: (0.0, 1.1, 0.6) 0
[17:54:58.553]: (0.1, 1.1, 0.6) 0
[17:54:58.569]: (0.1, 1.1, 0.6) 0
[17:54:58.584]: (0.1, 1.1, 0.6) 0
[17:54:58.599]: (0.0, 1.1, 0.6) 0
[17:54:58.616]: (0.0, 1.1, 0.6) 0
[17:54:58.632]: (0.1, 1.1, 0.6) 0
[17:54:58.647]: (0.1, 1.1, 0.6) 0
[17:54:58.663]: (0.1, 1.1, 0.6) 0
[17:54:58.679]: (0.1, 1.1, 0.6) 0
[17:54:58.694]: (0.1, 1.1, 0.6) 0
[17:54:58.709]: (0.1, 1.1, 0.6) 0
[17:54:58.729]: (0.1, 1.1, 0.6) 0
[17:54:58.752]: (0.1, 1.1, 0.6) 0
[17:54:58.775]: (0.1, 1.1, 0.6) 0
[17:54:59.521]: (-0.1, 1.1, 0.6) 1
[17:54:59.541]: (0.0, 1.1, 0.6) 1
[17:54:59.563]: (0.0, 1.1, 0.6) 1
[17:54:59.585]: (0.0, 1.1, 0.6) 1
[17:54:59.607]: (0.0, 1.1, 0.6) 1
[17:54:59.630]: (0.0, 1.1, 0.6) 1
[17:54:59.653]: (0.0, 1.1, 0.6) 1
[17:54:59.674]: (0.0, 1.1, 0.6) 1
[17:54:59.696]: (0.0, 1.1, 0.6) 1
[17:54:59.718]: (0.0, 1.1, 0.6) 1
[17:54:59.741]: (0.0, 1.1, 0.6) 1
[17:54:59.762]: (0.0, 1.1, 0.6) 1
[17:54:59.785]: (0.0, 1.1, 0.6) 1
[17:54:59.809]: (0.0, 1.1, 0.6) 1
[17:54:59.830]: (0.0, 1.1, 0.6) 1
[17:54:59.852]: (0.0, 1.1, 0.6) 1
[17:54:59.875]: (0.0, 1.1, 0.6) 1
[17:54:59.896]: (0.0, 1.1, 0.6) 1
[17:54:59.918]: (0.0, 1.1, 0.6) 1
[17:54:59.941]: (0.0, 1.1, 0.6) 1
[17:54:59.964]: (0.0, 1.1, 0.7) 0
[17:54:59.985]: (0.0, 1.1, 0.6) 0
[17:55:00.001]: (0.0, 1.1, 0.6) 0
[17:55:00.021]: (0.0, 1.1, 0.6) 0
[17:55:00.038]: (0.0, 1.1, 0.6) 0
[17:55:00.055]: (0.0, 1.1, 0.6) 0
[17:55:00.073]: (0.0, 1.1, 0.6) 0
[17:55:00.088]: (0.0, 1.1, 0.6) 0
[17:55:00.105]: (0.0, 1.1, 0.6) 0
[17:55:00.122]: (0.0, 1.1, 0.6) 0
[17:55:00.138]: (0.0, 1.1, 0.6) 0
[17:55:00.153]: (0.0, 1.1, 0.6) 0
[17:55:00.168]: (0.0, 1.1, 0.6) 0
[17:55:00.184]: (0.0, 1.1, 0.6) 0
[17:55:00.200]: (0.0, 1.1, 0.6) 0
[17:55:00.216]: (0.0, 1.1, 0.6) 0
[17:55:00.232]: (0.0, 1.1, 0.6) 0
[17:55:00.248]: (0.0, 1.1, 0.6) 0
[17:55:00.264]: (0.0, 1.1, 0.6) 0
[17:55:00.280]: (0.0, 1.1, 0.6) 0
[17:55:00.297]: (0.0, 1.1, 0.6) 0
[17:55:00.313]: (0.0, 1.1, 0.6) 0
[17:55:00.328]: (0.0, 1.1, 0.6) 0
[17:55:00.344]: (0.0, 1.1, 0.6) 0
[17:55:00.361]: (0.0, 1.1, 0.6) 0
[17:55:00.376]: (0.0, 1.1, 0.6) 0
[17:55:00.391]: (0.0, 1.1, 0.6) 0
[17:55:00.463]: (-0.1, 1.1, 0.6) 1
[17:55:00.663]: (-0.1, 1.0, 0.6) 1
[17:55:00.685]: (-0.1, 1.0, 0.6) 1
[17:55:00.707]: (-0.1, 1.0, 0.6) 1
[17:55:00.729]: (-0.1, 1.1, 0.6) 1
[17:55:00.751]: (-0.1, 1.1, 0.6) 1
[17:55:00.873]: (-0.1, 1.1, 0.6) 1
[17:55:00.921]: (-0.1, 1.1, 0.6) 1
[17:55:01.089]: (-0.1, 1.0, 0.6) 1
[17:55:01.105]: (-0.1, 1.0, 0.6) 1
[17:55:01.384]: (-0.2, 1.0, 0.7) 5
[17:55:01.429]: (-0.3, 1.1, 0.7) 5
[17:55:01.450]: (-0.3, 1.1, 0.7) 5
[17:55:01.473]: (-0.3, 1.1, 0.7) 5
[17:55:01.495]: (-0.3, 1.1, 0.7) 5
[17:55:01.520]: (-0.3, 1.1, 0.7) 5
[17:55:01.540]: (-0.3, 1.1, 0.7) 5
[17:55:01.562]: (-0.3, 1.1, 0.7) 5
[17:55:01.584]: (-0.3, 1.1, 0.7) 5
[17:55:01.607]: (-0.3, 1.1, 0.7) 5
[17:55:01.629]: (-0.3, 1.1, 0.7) 5
[17:55:01.650]: (-0.3, 1.1, 0.7) 5
[17:55:01.695]: (-0.1, 1.1, 0.6) 1
[17:55:01.717]: (-0.1, 1.1, 0.6) 1
[17:55:01.740]: (-0.1, 1.1, 0.6) 1
[17:55:01.762]: (-0.1, 1.1, 0.6) 1
[17:55:01.778]: (-0.1, 1.1, 0.6) 1
[17:55:01.794]: (-0.1, 1.1, 0.6) 1
[17:55:01.810]: (-0.1, 1.1, 0.6) 1
[17:55:01.826]: (-0.1, 1.1, 0.6) 1
[17:55:01.843]: (-0.1, 1.1, 0.5) 1
[17:55:01.860]: (-0.1, 1.1, 0.5) 1
[17:55:01.877]: (-0.1, 1.1, 0.5) 1
[17:55:01.893]: (-0.1, 1.1, 0.5) 1
[17:55:01.909]: (-0.1, 1.1, 0.5) 1
[17:55:01.925]: (-0.1, 1.1, 0.5) 1
[17:55:01.942]: (-0.1, 1.1, 0.5) 1
[17:55:01.959]: (-0.1, 1.1, 0.5) 1
[17:55:01.976]: (-0.1, 1.1, 0.5) 1
[17:55:01.993]: (-0.1, 1.1, 0.5) 1
[17:55:02.009]: (-0.1, 1.1, 0.6) 1
[17:55:02.026]: (-0.1, 1.1, 0.5) 1
[17:55:02.042]: (-0.1, 1.1, 0.6) 1
[17:55:02.058]: (-0.1, 1.1, 0.6) 1
[17:55:02.075]: (-0.1, 1.1, 0.6) 1
[17:55:02.090]: (-0.1, 1.1, 0.6) 1
[17:55:02.106]: (-0.1, 1.1, 0.6) 1
[17:55:02.122]: (-0.1, 1.1, 0.6) 1
[17:55:02.140]: (-0.1, 1.1, 0.6) 1
[17:55:02.157]: (-0.1, 1.1, 0.6) 1
[17:55:02.172]: (-0.1, 1.1, 0.6) 1
[17:55:02.188]: (-0.1, 1.1, 0.6) 1
[17:55:02.206]: (-0.1, 1.1, 0.6) 1
[17:55:02.229]: (-0.1, 1.1, 0.6) 1
[17:55:02.251]: (-0.1, 1.1, 0.5) 1
[17:55:02.274]: (0.0, 1.0, 0.6) 0
[17:55:02.295]: (0.0, 1.0, 0.6) 0
[17:55:02.318]: (0.0, 1.0, 0.6) 0
[17:55:02.341]: (0.0, 1.0, 0.6) 0
[17:55:02.362]: (0.0, 1.0, 0.6) 0
[17:55:02.385]: (0.0, 1.0, 0.6) 0
[17:55:02.406]: (0.0, 1.0, 0.6) 0
[17:55:02.429]: (0.0, 1.0, 0.6) 0
[17:55:02.450]: (0.0, 1.0, 0.6) 0
[17:55:02.473]: (0.1, 1.0, 0.6) 0
[17:55:02.495]: (0.0, 1.0, 0.6) 0
[17:55:02.517]: (0.0, 1.0, 0.6) 0
[17:55:02.541]: (0.0, 1.1, 0.6) 0
[17:55:02.562]: (0.0, 1.1, 0.5) 1
[17:55:02.719]: (-0.3, 1.1, 0.7) 5
[17:55:02.734]: (-0.3, 1.1, 0.7) 5
[17:55:02.751]: (-0.3, 1.1, 0.7) 5
[17:55:02.767]: (-0.3, 1.1, 0.7) 5
[17:55:02.784]: (-0.3, 1.1, 0.7) 5
[17:55:02.800]: (-0.3, 1.1, 0.7) 5
[17:55:02.817]: (-0.3, 1.1, 0.7) 5
[17:55:02.832]: (-0.3, 1.1, 0.7) 5
[17:55:02.848]: (-0.2, 1.1, 0.7) 5
[17:55:02.880]: (0.0, 1.1, 0.5) 1
[17:55:03.517]: (-0.1, 1.0, 0.5) 1
[17:55:03.539]: (-0.1, 1.1, 0.5) 1
[17:55:03.557]: (-0.1, 1.1, 0.5) 1
[17:55:03.574]: (-0.1, 1.1, 0.5) 1
[17:55:03.589]: (-0.1, 1.1, 0.6) 1
[17:55:03.604]: (-0.1, 1.1, 0.6) 1
[17:55:03.620]: (-0.1, 1.1, 0.5) 1
[17:55:03.636]: (-0.1, 1.1, 0.5) 1
[17:55:03.652]: (-0.1, 1.1, 0.5) 1
[17:55:03.667]: (-0.1, 1.1, 0.5) 1
[17:55:03.698]: (-0.3, 1.1, 0.7) 5
[17:55:03.716]: (-0.4, 1.0, 0.8) 3
[17:55:03.763]: (-0.3, 1.0, 0.8) 3
[17:55:03.781]: (-0.4, 1.0, 0.8) 3
[17:55:03.797]: (-0.4, 1.0, 0.8) 3
[17:55:03.857]: (-0.3, 1.0, 0.8) 3
[17:55:03.890]: (-0.3, 1.0, 0.8) 3
[17:55:03.905]: (-0.3, 1.0, 0.8) 3
[17:55:03.920]: (-0.3, 1.0, 0.8) 3
[17:55:03.935]: (-0.4, 1.0, 0.8) 3
[17:55:03.951]: (-0.4, 1.0, 0.8) 3
[17:55:03.966]: (-0.3, 1.0, 0.8) 3
[17:55:03.984]: (-0.3, 1.0, 0.8) 3
[17:55:04.006]: (-0.3, 1.0, 0.8) 3
[17:55:04.028]: (-0.4, 1.0, 0.8) 3
[17:55:04.051]: (-0.3, 1.0, 0.8) 3
[17:55:04.073]: (-0.4, 1.0, 0.8) 3
[17:55:04.094]: (-0.3, 1.0, 0.8) 3
[17:55:05.038]: (-0.1, 1.0, 0.9) 4
[17:55:05.061]: (0.0, 1.1, 0.5) 1
[17:55:05.083]: (0.0, 1.1, 0.5) 1
[17:55:05.105]: (0.0, 1.1, 0.5) 1
[17:55:05.128]: (0.0, 1.1, 0.5) 1
[17:55:05.150]: (0.0, 1.1, 0.5) 1
[17:55:05.173]: (0.0, 1.1, 0.5) 1
[17:55:05.194]: (0.0, 1.1, 0.5) 1
[17:55:05.216]: (0.0, 1.1, 0.5) 1
[17:55:05.238]: (0.0, 1.1, 0.5) 1
[17:55:05.261]: (0.0, 1.1, 0.5) 1
[17:55:05.284]: (0.0, 1.1, 0.5) 1
[17:55:05.299]: (0.0, 1.1, 0.5) 1
[17:55:05.314]: (0.0, 1.1, 0.5) 1
[17:55:05.331]: (0.0, 1.1, 0.5) 1
[17:55:05.345]: (0.0, 1.1, 0.5) 1
[17:55:05.361]: (0.0, 1.1, 0.5) 1
[17:55:05.377]: (0.0, 1.1, 0.5) 1
[17:55:05.395]: (0.0, 1.1, 0.5) 1
[17:55:05.412]: (0.0, 1.1, 0.5) 1
[17:55:05.444]: (-0.2, 1.1, 0.9) 4
[17:55:09.007]: (-0.2, 1.1, 0.9) 4
[17:55:09.148]: (-0.3, 1.1, 0.9) 4
[17:55:09.168]: (-0.3, 1.1, 0.9) 4
[17:55:09.209]: (-0.3, 1.1, 0.7) 5
[17:55:09.228]: (-0.3, 1.1, 0.7) 5
[17:55:09.249]: (-0.3, 1.1, 0.7) 5
[17:55:11.702]: (-0.3, 1.1, 0.8) 3
[17:55:11.769]: (-0.3, 1.1, 0.8) 3
[17:55:11.830]: (-0.3, 1.1, 0.8) 3
[17:55:11.846]: (-0.3, 1.1, 0.8) 3
[17:55:11.861]: (-0.3, 1.1, 0.8) 3
[17:55:11.878]: (-0.3, 1.1, 0.8) 3
[17:55:11.894]: (-0.3, 1.1, 0.8) 3
[17:55:11.910]: (-0.3, 1.1, 0.8) 3
[17:55:11.925]: (-0.3, 1.1, 0.8) 3
[17:55:11.956]: (-0.3, 1.1, 0.8) 3
[17:55:11.973]: (-0.3, 1.1, 0.8) 3
[17:55:11.989]: (-0.3, 1.1, 0.8) 3
[17:55:12.004]: (-0.4, 1.1, 0.8) 3
[17:55:12.380]: (-0.4, 1.1, 0.8) 3
[17:55:12.425]: (-0.1, 1.0, 0.5) 1
[17:55:12.448]: (0.0, 1.0, 0.5) 1
[17:55:12.469]: (0.0, 1.1, 0.5) 1
[17:55:12.491]: (0.0, 1.1, 0.5) 1
[17:55:12.514]: (0.0, 1.1, 0.5) 1
[17:55:12.535]: (0.0, 1.1, 0.5) 1
[17:55:12.558]: (0.0, 1.1, 0.5) 1
[17:55:12.602]: (0.0, 1.1, 0.6) 1
[17:55:12.662]: (0.0, 1.1, 0.6) 1
[17:55:12.678]: (0.0, 1.1, 0.6) 1
[17:55:12.725]: (0.0, 1.1, 0.5) 1
[17:55:12.741]: (0.0, 1.1, 0.6) 1
[17:55:12.756]: (0.0, 1.1, 0.6) 1
[17:55:12.772]: (0.0, 1.1, 0.6) 1
[17:55:12.787]: (0.0, 1.1, 0.6) 1
[17:55:12.802]: (0.0, 1.1, 0.6) 1
[17:55:12.818]: (0.0, 1.1, 0.6) 1
[17:55:12.835]: (0.0, 1.1, 0.5) 1
[17:55:12.851]: (0.0, 1.1, 0.6) 1
[17:55:12.867]: (0.0, 1.1, 0.6) 1
[17:55:12.883]: (0.0, 1.1, 0.6) 1
[17:55:12.900]: (-0.1, 1.1, 0.6) 1
[17:55:12.914]: (-0.1, 1.1, 0.5) 1
[17:55:12.930]: (-0.1, 1.1, 0.6) 1
[17:55:12.945]: (-0.1, 1.1, 0.6) 1
[17:55:12.961]: (-0.1, 1.1, 0.6) 1
[17:55:12.977]: (-0.1, 1.1, 0.6) 1
[17:55:12.994]: (-0.1, 1.1, 0.6) 1
[17:55:13.010]: (-0.1, 1.1, 0.6) 1
[17:55:13.027]: (-0.1, 1.1, 0.6) 1
[17:55:13.042]: (0.0, 1.1, 0.6) 1
[17:55:13.059]: (0.0, 1.1, 0.6) 1
[17:55:13.075]: (0.0, 1.1, 0.6) 1
[17:55:13.112]: (0.0, 1.1, 0.6) 1
[17:55:13.135]: (0.0, 1.1, 0.6) 1
[17:55:13.181]: (-0.1, 1.1, 0.6) 1
[17:55:13.565]: (-0.2, 1.0, 0.9) 4
[17:55:13.581]: (-0.2, 1.1, 0.7) 5
[17:55:13.596]: (-0.2, 1.1, 0.7) 5
[17:55:13.611]: (-0.2, 1.1, 0.7) 5
[17:55:13.626]: (-0.3, 1.1, 0.7) 5
[17:55:13.641]: (-0.2, 1.1, 0.7) 5
[17:55:13.657]: (-0.2, 1.0, 0.9) 4
[17:55:13.674]: (-0.2, 1.0, 0.9) 4
[17:55:13.691]: (-0.2, 1.1, 0.7) 5
[17:55:13.707]: (-0.2, 1.1, 0.7) 5
[17:55:13.725]: (-0.3, 1.1, 0.7) 5
[17:55:13.742]: (-0.4, 1.0, 0.8) 3
[17:55:13.836]: (-0.4, 1.0, 0.8) 3
[17:55:13.854]: (-0.4, 1.0, 0.8) 3
[17:55:13.869]: (-0.4, 1.0, 0.8) 3
[17:55:13.885]: (-0.4, 1.0, 0.8) 3
[17:55:13.902]: (-0.4, 1.0, 0.8) 3
[17:55:13.917]: (-0.4, 1.0, 0.8) 3
[17:55:13.933]: (-0.4, 1.0, 0.8) 3
[17:55:13.948]: (-0.4, 1.0, 0.8) 3
[17:55:13.967]: (-0.4, 1.0, 0.8) 3
[17:55:13.991]: (-0.4, 1.0, 0.8) 3
[17:55:14.014]: (-0.4, 1.0, 0.8) 3
[17:55:14.034]: (-0.4, 1.0, 0.8) 3
[17:55:14.057]: (-0.4, 1.0, 0.8) 3
[17:55:14.079]: (-0.4, 1.0, 0.8) 3
[17:55:14.101]: (-0.4, 1.0, 0.8) 3
[17:55:14.123]: (-0.4, 1.0, 0.8) 3
[17:55:14.145]: (-0.4, 1.0, 0.8) 3
[17:55:14.169]: (-0.3, 1.0, 0.8) 3
[17:55:14.527]: (-0.2, 1.1, 0.8) 4
[17:55:14.543]: (-0.2, 1.0, 0.9) 4
[17:55:14.559]: (-0.2, 1.0, 0.9) 4
[17:55:14.577]: (-0.2, 1.0, 0.9) 4
[17:55:14.593]: (-0.2, 1.0, 0.9) 4
[17:55:14.608]: (-0.2, 1.0, 0.9) 4
[17:55:14.624]: (-0.2, 1.0, 0.9) 4
[17:55:14.641]: (-0.2, 1.0, 0.9) 4
[17:55:14.656]: (-0.2, 1.0, 0.9) 4
[17:55:14.672]: (-0.2, 1.0, 0.9) 4
[17:55:14.688]: (-0.2, 1.0, 0.9) 4
[17:55:14.704]: (-0.2, 1.0, 0.9) 4
[17:55:14.719]: (-0.2, 1.0, 0.9) 4
[17:55:14.735]: (-0.2, 1.0, 0.9) 4
[17:55:14.751]: (-0.2, 1.0, 0.9) 4
[17:55:14.766]: (-0.2, 1.0, 0.9) 4
[17:55:14.784]: (-0.2, 1.1, 0.8) 4
[17:55:14.800]: (-0.3, 1.1, 0.9) 4
[17:55:14.816]: (-0.3, 1.1, 0.9) 4
[17:55:14.943]: (-0.3, 1.1, 0.9) 4
[17:55:14.959]: (-0.3, 1.1, 0.9) 4
[17:55:14.976]: (-0.2, 1.1, 0.9) 4
[17:55:15.034]: (0.0, 1.1, 0.5) 1
[17:55:15.057]: (0.0, 1.1, 0.5) 1
[17:55:15.079]: (0.0, 1.1, 0.5) 1
[17:55:15.101]: (0.0, 1.1, 0.5) 1
[17:55:15.124]: (0.0, 1.1, 0.5) 1
[17:55:15.146]: (0.0, 1.1, 0.5) 1
[17:55:15.167]: (0.0, 1.1, 0.5) 1
[17:55:15.191]: (0.0, 1.1, 0.5) 1
[17:55:15.211]: (0.0, 1.1, 0.5) 1
[17:55:15.234]: (0.0, 1.1, 0.5) 1
[17:55:15.257]: (0.0, 1.1, 0.5) 1
[17:55:15.279]: (0.0, 1.1, 0.5) 1
[17:55:15.295]: (0.0, 1.1, 0.5) 1
[17:55:15.310]: (-0.1, 1.1, 0.5) 1
[17:55:15.524]: (-0.4, 1.0, 0.8) 3
[17:55:15.540]: (-0.4, 1.0, 0.8) 3
[17:55:15.556]: (-0.4, 1.0, 0.8) 3
[17:55:15.576]: (-0.4, 1.0, 0.8) 3
[17:55:15.595]: (-0.4, 1.0, 0.8) 3
[17:55:15.610]: (-0.4, 1.0, 0.8) 3
[17:55:15.625]: (-0.4, 1.0, 0.8) 3
[17:55:15.642]: (-0.4, 1.0, 0.8) 3
[17:55:15.657]: (-0.4, 1.0, 0.8) 3
[17:55:15.673]: (-0.4, 1.0, 0.8) 3
[17:55:15.689]: (-0.4, 1.0, 0.8) 3
[17:55:15.712]: (-0.4, 1.0, 0.8) 3
[17:55:15.734]: (-0.4, 1.0, 0.8) 3
[17:55:15.757]: (-0.4, 1.0, 0.8) 3
[17:55:15.779]: (-0.4, 1.0, 0.8) 3
[17:55:15.800]: (-0.4, 1.0, 0.8) 3
[17:55:15.822]: (-0.4, 1.0, 0.8) 3
[17:55:15.844]: (-0.3, 1.1, 0.7) 5
[17:55:15.890]: (-0.1, 1.1, 0.5) 1
[17:55:15.912]: (-0.1, 1.1, 0.5) 1
[17:55:15.933]: (-0.1, 1.1, 0.5) 1
[17:55:15.956]: (-0.1, 1.1, 0.5) 1
[17:55:15.978]: (-0.1, 1.1, 0.5) 1
[17:55:16.001]: (0.0, 1.1, 0.5) 1
[17:55:16.022]: (0.0, 1.1, 0.5) 1
[17:55:16.044]: (0.0, 1.1, 0.5) 1
[17:55:16.067]: (0.0, 1.1, 0.5) 1
[17:55:16.089]: (-0.1, 1.1, 0.5) 1
[17:55:16.112]: (-0.1, 1.1, 0.5) 1
[17:55:16.133]: (-0.1, 1.1, 0.5) 1
[17:55:16.157]: (-0.1, 1.1, 0.5) 1
[17:55:16.178]: (-0.1, 1.1, 0.5) 1
[17:55:16.194]: (-0.1, 1.1, 0.5) 1
[17:55:16.210]: (-0.1, 1.1, 0.5) 1
[17:55:16.227]: (-0.1, 1.1, 0.5) 1
[17:55:16.244]: (-0.1, 1.1, 0.5) 1
[17:55:16.261]: (-0.1, 1.1, 0.5) 1
[17:55:16.277]: (-0.1, 1.1, 0.6) 1
[17:55:16.293]: (-0.1, 1.1, 0.5) 1
[17:55:16.308]: (-0.1, 1.1, 0.5) 1
[17:55:16.324]: (-0.1, 1.1, 0.6) 1
[17:55:16.368]: (-0.2, 1.1, 0.7) 5
[17:55:16.538]: (-0.3, 1.0, 0.8) 3
[17:55:16.570]: (-0.3, 1.0, 0.8) 3
[17:55:16.587]: (-0.3, 1.0, 0.8) 3
[17:55:16.605]: (-0.3, 1.0, 0.8) 3
[17:55:16.622]: (-0.3, 1.0, 0.8) 3
[17:55:16.644]: (-0.3, 1.0, 0.8) 3
[17:55:16.667]: (-0.3, 1.0, 0.8) 3
[17:55:16.689]: (-0.3, 1.0, 0.8) 3
[17:55:16.712]: (-0.3, 1.0, 0.8) 3
[17:55:16.734]: (-0.3, 1.0, 0.8) 3
[17:55:16.756]: (-0.3, 1.0, 0.8) 3
[17:55:16.778]: (-0.4, 1.0, 0.8) 3
[17:55:16.800]: (-0.4, 1.0, 0.8) 3
[17:55:16.955]: (-0.4, 1.0, 0.8) 3
[17:55:16.977]: (-0.4, 1.0, 0.8) 3
[17:55:17.001]: (-0.4, 1.0, 0.8) 3
[17:55:17.022]: (-0.4, 1.0, 0.8) 3
[17:55:17.045]: (-0.4, 1.0, 0.8) 3
[17:55:17.077]: (-0.3, 1.1, 0.7) 5
[17:55:17.093]: (-0.2, 1.1, 0.7) 5
[17:55:17.125]: (0.0, 1.1, 0.5) 1
[17:55:17.143]: (0.0, 1.1, 0.5) 1
[17:55:17.160]: (0.0, 1.1, 0.5) 1
[17:55:17.175]: (0.0, 1.1, 0.5) 1
[17:55:17.192]: (0.0, 1.1, 0.5) 1
[17:55:17.209]: (0.0, 1.1, 0.5) 1
[17:55:17.225]: (0.0, 1.1, 0.5) 1
[17:55:17.243]: (0.0, 1.1, 0.5) 1
[17:55:17.260]: (0.0, 1.1, 0.5) 1
[17:55:17.277]: (0.0, 1.1, 0.5) 1
[17:55:17.292]: (0.0, 1.1, 0.5) 1
[17:55:17.309]: (0.0, 1.1, 0.5) 1
[17:55:17.324]: (0.0, 1.1, 0.5) 1
[17:55:17.340]: (0.0, 1.1, 0.5) 1
[17:55:17.356]: (0.0, 1.1, 0.5) 1
[17:55:17.372]: (-0.1, 1.1, 0.5) 1
[17:55:17.389]: (-0.1, 1.1, 0.5) 1
[17:55:17.405]: (0.0, 1.1, 0.5) 1
[17:55:17.420]: (-0.1, 1.1, 0.5) 1
[17:55:17.434]: (0.0, 1.1, 0.5) 1
[17:55:17.450]: (0.0, 1.1, 0.5) 1
[17:55:17.467]: (0.0, 1.1, 0.5) 1
[17:55:17.483]: (0.0, 1.1, 0.5) 1
[17:55:17.499]: (0.0, 1.1, 0.5) 1
[17:55:17.522]: (0.0, 1.1, 0.5) 1
[17:55:17.544]: (0.0, 1.1, 0.5) 1
[17:55:17.566]: (0.0, 1.1, 0.5) 1
[17:55:17.588]: (0.0, 1.1, 0.5) 1
[17:55:17.611]: (0.0, 1.1, 0.5) 1
[17:55:17.635]: (0.0, 1.1, 0.5) 1
[17:55:17.655]: (0.0, 1.1, 0.5) 1
[17:55:17.677]: (-0.1, 1.1, 0.5) 1
[17:55:17.700]: (-0.1, 1.1, 0.5) 1
[17:55:17.721]: (-0.1, 1.1, 0.5) 1
[17:55:17.745]: (-0.1, 1.1, 0.5) 1
[17:55:17.767]: (-0.1, 1.1, 0.5) 1
[17:55:17.789]: (-0.1, 1.1, 0.5) 1
[17:55:17.810]: (-0.1, 1.1, 0.5) 1
[17:55:17.833]: (0.0, 1.1, 0.5) 1
[17:55:17.855]: (0.0, 1.1, 0.5) 1
[17:55:17.877]: (0.0, 1.1, 0.5) 1
[17:55:17.899]: (-0.1, 1.1, 0.5) 1
[17:55:17.914]: (-0.1, 1.1, 0.5) 1
[17:55:17.931]: (-0.1, 1.1, 0.5) 1
[17:55:17.947]: (-0.1, 1.1, 0.5) 1
[17:55:17.963]: (-0.1, 1.1, 0.5) 1
[17:55:17.979]: (-0.1, 1.1, 0.5) 1
[17:55:17.996]: (-0.1, 1.1, 0.5) 1
[17:55:18.012]: (-0.1, 1.1, 0.5) 1
[17:55:18.029]: (-0.1, 1.1, 0.5) 1
[17:55:18.045]: (-0.1, 1.1, 0.5) 1
[17:55:18.060]: (-0.1, 1.1, 0.6) 1
[17:55:18.076]: (-0.1, 1.1, 0.6) 1
[17:55:18.092]: (-0.1, 1.1, 0.6) 1
[17:55:18.109]: (-0.1, 1.1, 0.6) 1
[17:55:18.125]: (-0.1, 1.1, 0.6) 1
[17:55:18.141]: (-0.1, 1.1, 0.6) 1
[17:55:18.157]: (-0.1, 1.1, 0.6) 1
[17:55:18.173]: (-0.1, 1.1, 0.6) 1
[17:55:18.190]: (-0.1, 1.1, 0.6) 1
[17:55:18.208]: (-0.1, 1.1, 0.6) 1
[17:55:18.224]: (-0.1, 1.1, 0.6) 1
[17:55:18.241]: (-0.1, 1.1, 0.6) 1
[17:55:18.256]: (-0.1, 1.1, 0.6) 1
[17:55:18.274]: (-0.1, 1.1, 0.6) 1
[17:55:18.289]: (-0.1, 1.1, 0.6) 1
[17:55:18.305]: (-0.1, 1.1, 0.5) 1
[17:55:18.320]: (-0.1, 1.1, 0.5) 1
[17:55:18.336]: (-0.1, 1.1, 0.5) 1
[17:55:18.353]: (-0.1, 1.1, 0.5) 1
[17:55:18.368]: (-0.1, 1.1, 0.5) 1
[17:55:18.388]: (-0.1, 1.1, 0.5) 1
[17:55:18.411]: (-0.1, 1.1, 0.5) 1
[17:55:18.433]: (-0.1, 1.1, 0.5) 1
[17:55:18.456]: (-0.1, 1.1, 0.6) 1
[17:55:18.477]: (-0.1, 1.1, 0.6) 1
[17:55:18.499]: (-0.1, 1.1, 0.6) 1
[17:55:18.522]: (-0.1, 1.1, 0.6) 1
[17:55:18.544]: (-0.1, 1.1, 0.5) 1
[17:55:18.566]: (-0.1, 1.1, 0.5) 1
[17:55:18.589]: (-0.1, 1.1, 0.5) 1
[17:55:18.611]: (-0.1, 1.1, 0.5) 1
[17:55:18.633]: (0.0, 1.1, 0.5) 1
[17:55:18.655]: (0.0, 1.1, 0.5) 1
[17:55:18.677]: (0.0, 1.1, 0.5) 1
[17:55:18.699]: (0.0, 1.1, 0.6) 1
[17:55:18.721]: (0.0, 1.1, 0.6) 1
[17:55:18.824]: (-0.2, 1.1, 0.8) 4
[17:55:18.841]: (-0.3, 1.1, 0.9) 4
[17:55:18.857]: (-0.3, 1.1, 0.7) 5
[17:55:18.873]: (-0.3, 1.0, 0.9) 4
[17:55:18.889]: (-0.3, 1.0, 0.9) 4
[17:55:18.905]: (-0.3, 1.0, 0.9) 4
[17:55:18.920]: (-0.3, 1.0, 0.9) 4
[17:55:18.935]: (-0.3, 1.1, 0.7) 5
[17:55:18.965]: (-0.3, 1.1, 0.7) 5
[17:55:18.979]: (-0.3, 1.1, 0.7) 5
[17:55:18.997]: (-0.3, 1.1, 0.7) 5
[17:55:19.012]: (-0.3, 1.1, 0.7) 5
[17:55:19.030]: (-0.3, 1.1, 0.7) 5
[17:55:19.045]: (-0.2, 1.1, 0.7) 5
[17:55:19.061]: (-0.3, 1.1, 0.7) 5
[17:55:19.077]: (-0.3, 1.1, 0.7) 5
[17:55:19.094]: (-0.3, 1.1, 0.7) 5
[17:55:19.111]: (-0.3, 1.1, 0.7) 5
[17:55:19.128]: (-0.3, 1.1, 0.7) 5
[17:55:19.143]: (-0.2, 1.1, 0.7) 5
[17:55:19.159]: (-0.2, 1.1, 0.7) 5
[17:55:19.175]: (-0.3, 1.1, 0.7) 5
[17:55:19.388]: (-0.2, 1.1, 0.8) 4
[17:55:19.521]: (-0.3, 1.0, 0.8) 3
[17:55:19.545]: (-0.3, 1.0, 0.8) 3
[17:55:19.566]: (-0.3, 1.0, 0.8) 3
[17:55:19.633]: (-0.3, 1.0, 0.8) 3
[17:55:19.692]: (-0.3, 1.0, 0.8) 3
[17:55:19.941]: (-0.3, 1.1, 0.9) 4
[17:55:19.974]: (-0.1, 1.1, 0.6) 1
[17:55:19.991]: (-0.1, 1.1, 0.6) 1
[17:55:20.009]: (-0.1, 1.1, 0.5) 1
[17:55:20.027]: (-0.1, 1.1, 0.5) 1
[17:55:20.043]: (-0.1, 1.1, 0.6) 1
[17:55:20.060]: (-0.1, 1.1, 0.5) 1
[17:55:20.077]: (-0.1, 1.1, 0.5) 1
[17:55:20.178]: (-0.4, 1.0, 0.8) 3
[17:55:20.465]: (-0.1, 1.1, 0.6) 1
[17:55:20.492]: (-0.1, 1.1, 0.6) 1
[17:55:20.513]: (-0.1, 1.1, 0.6) 1
[17:55:20.534]: (-0.1, 1.1, 0.5) 1
[17:55:20.556]: (-0.1, 1.1, 0.5) 1
[17:55:20.577]: (-0.1, 1.1, 0.5) 1
[17:55:20.595]: (-0.1, 1.1, 0.5) 1
[17:55:20.611]: (-0.1, 1.1, 0.5) 1
[17:55:20.629]: (-0.1, 1.1, 0.6) 1
[17:55:20.645]: (-0.1, 1.1, 0.5) 1
[17:55:20.661]: (-0.1, 1.1, 0.5) 1
[17:55:20.678]: (-0.1, 1.1, 0.5) 1
[17:55:20.694]: (-0.1, 1.1, 0.5) 1
[17:55:20.711]: (-0.1, 1.1, 0.6) 1
[17:55:20.727]: (-0.2, 1.0, 0.9) 4
