[18:22:16.700]: (-0.9, -0.9, 0.0) 16
[18:22:17.539]: (-1.1, 0.2, 2.5) 1
[18:22:17.560]: (-1.1, 0.2, 2.5) 4
[18:22:17.581]: (-1.0, 0.3, 2.6) 4
[18:22:18.035]: (0.4, 0.8, 1.9) 11
[18:22:18.068]: (0.4, 0.8, 1.7) 10
[18:22:18.100]: (0.4, 0.9, 1.7) 16
[18:22:18.132]: (0.3, 0.9, 1.7) 16
[18:22:18.168]: (0.4, 0.9, 1.7) 16
[18:22:18.201]: (0.4, 0.9, 1.7) 16
[18:22:18.235]: (0.4, 0.9, 1.7) 16
[18:22:18.266]: (0.4, 0.9, 1.7) 16
[18:22:18.808]: (-0.1, 2.0, 2.7) 7
[18:22:18.833]: (-0.1, 2.0, 2.7) 7
[18:22:18.855]: (-0.1, 2.0, 2.7) 7
[18:22:18.872]: (-0.2, 2.0, 2.6) 7
[18:22:18.919]: (-0.1, 1.9, 2.7) 7
[18:22:19.029]: (-0.1, 1.8, 2.5) 6
[18:22:19.051]: (-0.1, 1.8, 2.5) 6
[18:22:19.074]: (-0.1, 1.8, 2.5) 6
[18:22:19.097]: (-0.1, 1.8, 2.5) 6
[18:22:19.119]: (-0.1, 1.8, 2.5) 6
[18:22:20.139]: (-0.2, 1.6, 2.6) 7
[18:22:20.156]: (-0.2, 1.6, 2.6) 7
[18:22:20.172]: (-0.2, 1.6, 2.6) 7
[18:22:20.190]: (-0.2, 1.6, 2.6) 7
[18:22:20.208]: (-0.2, 1.6, 2.6) 7
[18:22:20.226]: (-0.2, 1.6, 2.7) 7
[18:22:20.244]: (-0.2, 1.6, 2.7) 7
[18:22:20.261]: (-0.2, 1.6, 2.7) 7
[18:22:20.279]: (-0.2, 1.6, 2.6) 7
[18:22:20.296]: (-0.2, 1.6, 2.7) 7
[18:22:20.313]: (-0.1, 1.6, 2.7) 5
[18:22:20.408]: (0.9, 1.7, 2.5) 34
[18:22:20.447]: (0.8, 1.7, 2.3) 33
[18:22:20.480]: (0.8, 1.7, 2.5) 38
[18:22:21.228]: (0.7, 2.1, 2.3) 38
[18:22:21.294]: (0.6, 2.1, 2.4) 38
[18:22:21.317]: (0.6, 2.1, 2.4) 38
[18:22:21.339]: (0.6, 2.1, 2.3) 38
[18:22:21.695]: (0.6, 2.2, 2.3) 38
[18:22:21.716]: (0.6, 2.1, 2.3) 38
[18:22:21.740]: (0.6, 2.1, 2.3) 38
[18:22:21.762]: (0.6, 2.1, 2.3) 38
[18:22:21.787]: (0.7, 2.1, 2.3) 38
[18:22:21.810]: (0.6, 2.0, 2.1) 33
[18:22:24.069]: (-0.5, 1.8, 2.5) 7
[18:22:24.085]: (-0.5, 1.8, 2.5) 2
[18:22:24.117]: (-0.5, 1.8, 2.5) 2
[18:22:24.133]: (-0.4, 1.7, 2.3) 6
[18:22:24.148]: (-0.5, 1.8, 2.5) 7
[18:22:24.437]: (-0.4, 1.8, 2.3) 6
[18:22:24.826]: (0.5, 2.2, 1.9) 33
[18:22:24.850]: (0.5, 2.1, 1.9) 33
[18:22:24.871]: (0.6, 2.1, 1.9) 33
[18:22:24.893]: (0.6, 2.2, 1.9) 33
[18:22:24.915]: (0.6, 2.2, 1.9) 33
[18:22:24.938]: (0.6, 2.1, 1.9) 33
[18:22:24.961]: (0.6, 2.1, 1.9) 33
[18:22:24.977]: (0.6, 2.1, 1.9) 33
[18:22:24.993]: (0.5, 2.1, 2.0) 33
[18:22:25.009]: (0.5, 2.2, 1.9) 33
[18:22:25.026]: (0.6, 2.2, 2.2) 34
[18:22:25.043]: (0.6, 2.2, 2.2) 34
[18:22:25.060]: (0.5, 2.2, 2.2) 38
[18:22:25.078]: (0.5, 2.2, 2.0) 33
[18:22:25.097]: (0.5, 2.2, 2.0) 32
[18:22:25.130]: (0.5, 2.2, 2.1) 31
[18:22:25.146]: (0.5, 2.2, 2.2) 36
[18:22:25.163]: (0.5, 2.2, 2.2) 36
[18:22:25.421]: (0.2, 2.0, 2.3) 38
[18:22:25.897]: (-0.7, 1.7, 2.4) 7
[18:22:25.961]: (-0.7, 1.6, 2.4) 7
[18:22:25.994]: (-0.6, 1.6, 2.4) 7
[18:22:26.029]: (-0.6, 1.6, 2.4) 7
[18:22:26.625]: (-0.5, 1.6, 2.2) 6
[18:22:26.804]: (-0.7, 1.5, 2.4) 2
[18:22:26.825]: (-0.7, 1.6, 2.4) 2
[18:22:26.847]: (-0.7, 1.5, 2.4) 2
[18:22:26.870]: (-0.7, 1.6, 2.4) 2
[18:22:26.893]: (-0.6, 1.6, 2.4) 2
[18:22:26.914]: (-0.6, 1.6, 2.4) 2
[18:22:26.936]: (-0.6, 1.6, 2.4) 2
[18:22:26.981]: (0.6, 2.0, 2.0) 33
[18:22:27.049]: (0.5, 1.8, 1.4) 18
[18:22:27.141]: (0.5, 2.0, 2.0) 33
[18:22:27.165]: (0.7, 2.0, 2.1) 32
[18:22:27.184]: (0.6, 2.1, 2.0) 32
[18:22:27.208]: (0.6, 2.0, 2.0) 32
[18:22:27.231]: (0.6, 2.0, 2.0) 32
[18:22:27.252]: (0.5, 2.0, 2.0) 33
[18:22:27.275]: (0.5, 1.8, 1.3) 18
[18:22:27.296]: (0.5, 1.8, 1.3) 18
[18:22:27.318]: (0.5, 1.8, 1.4) 18
[18:22:27.342]: (0.5, 1.8, 1.4) 18
[18:22:27.365]: (0.5, 1.8, 1.4) 18
[18:22:27.384]: (0.5, 1.8, 1.4) 18
[18:22:27.409]: (0.5, 1.8, 1.4) 18
[18:22:27.704]: (0.3, 1.8, 2.2) 32
[18:22:27.726]: (0.3, 1.8, 2.2) 33
[18:22:27.749]: (0.3, 1.8, 2.1) 33
[18:22:27.772]: (0.3, 1.8, 2.1) 33
[18:22:27.794]: (0.3, 1.8, 2.1) 33
[18:22:27.815]: (0.3, 1.8, 2.1) 33
[18:22:27.837]: (0.3, 1.8, 2.1) 33
[18:22:27.857]: (0.3, 1.8, 2.1) 33
[18:22:27.878]: (0.4, 1.8, 2.1) 33
[18:22:27.900]: (0.4, 1.8, 2.1) 33
[18:22:27.922]: (0.4, 1.8, 2.1) 33
[18:22:28.389]: (0.5, 2.1, 2.0) 33
[18:22:28.412]: (0.6, 2.1, 2.1) 31
[18:22:28.427]: (0.6, 2.1, 2.1) 31
[18:22:28.664]: (-0.8, 1.8, 2.3) 7
[18:22:28.761]: (-0.9, 1.8, 2.3) 7
[18:22:28.778]: (-0.9, 1.7, 2.3) 7
[18:22:28.794]: (-0.9, 1.7, 2.3) 7
[18:22:29.006]: (0.3, 1.9, 2.1) 33
[18:22:29.031]: (0.3, 1.8, 2.1) 33
[18:22:29.054]: (0.3, 1.8, 2.1) 33
[18:22:29.077]: (0.3, 1.8, 2.1) 33
[18:22:29.096]: (0.3, 1.8, 2.1) 33
[18:22:29.141]: (0.2, 1.8, 2.1) 33
[18:22:29.161]: (0.2, 1.8, 2.2) 33
[18:22:29.375]: (0.3, 2.0, 2.1) 33
[18:22:29.405]: (0.3, 2.0, 2.0) 33
[18:22:29.441]: (0.3, 2.0, 2.1) 33
[18:22:29.474]: (0.3, 2.0, 2.2) 32
[18:22:29.539]: (0.3, 2.1, 2.2) 36
[18:22:29.709]: (-0.1, 1.6, 2.2) 33
[18:22:30.568]: (-1.1, 1.8, 2.1) 8
[18:22:30.591]: (-1.1, 1.8, 2.0) 8
[18:22:30.635]: (-1.1, 1.9, 2.3) 3
[18:22:30.658]: (-1.1, 1.9, 2.3) 0
[18:22:30.800]: (-1.8, 2.5, 3.1) 25
[18:22:30.953]: (-0.8, 1.9, 2.2) 7
[18:22:31.065]: (0.4, 1.5, 1.4) 16
[18:22:31.370]: (0.6, 1.6, 1.5) 18
[18:22:31.387]: (0.6, 1.6, 1.5) 18
[18:22:31.405]: (0.6, 1.6, 1.5) 18
[18:22:31.422]: (0.6, 1.6, 1.5) 18
[18:22:31.436]: (0.6, 1.6, 1.5) 18
[18:22:31.454]: (0.9, 1.7, 2.2) 35
[18:22:31.471]: (0.6, 1.6, 1.5) 18
[18:22:31.488]: (0.6, 1.6, 1.5) 18
[18:22:31.505]: (0.6, 1.6, 1.5) 18
[18:22:31.521]: (0.9, 1.8, 2.2) 35
[18:22:31.553]: (0.8, 1.8, 2.2) 35
[18:22:32.101]: (-1.9, 2.5, 3.2) 30
[18:22:32.118]: (-1.8, 2.5, 3.2) 30
[18:22:32.135]: (-1.8, 2.5, 3.2) 30
[18:22:32.153]: (-1.8, 2.5, 3.2) 30
[18:22:32.168]: (-1.8, 2.5, 3.2) 30
[18:22:32.199]: (-1.6, 2.3, 3.2) 24
[18:22:32.232]: (-0.7, 1.9, 2.2) 8
[18:22:32.326]: (0.5, 1.4, 1.3) 16
[18:22:32.343]: (0.5, 1.4, 1.3) 16
[18:22:32.359]: (0.6, 1.5, 1.5) 11
[18:22:32.376]: (0.5, 1.5, 1.3) 16
[18:22:32.391]: (0.6, 1.5, 1.5) 11
[18:22:32.407]: (0.9, 1.7, 2.2) 35
[18:22:32.422]: (0.9, 1.7, 2.2) 35
[18:22:32.438]: (0.9, 1.7, 2.2) 35
[18:22:32.454]: (0.8, 1.8, 2.0) 37
[18:22:32.470]: (0.9, 1.8, 2.2) 35
[18:22:32.487]: (0.6, 1.6, 1.5) 18
[18:22:32.504]: (0.6, 1.6, 1.5) 18
[18:22:32.524]: (0.9, 1.8, 2.2) 35
[18:22:32.546]: (0.8, 1.8, 2.2) 35
[18:22:32.679]: (0.5, 1.5, 1.3) 16
[18:22:32.702]: (0.5, 1.5, 1.3) 16
[18:22:32.722]: (0.5, 1.5, 1.3) 16
[18:22:32.746]: (0.6, 1.6, 1.6) 17
[18:22:32.768]: (0.6, 1.5, 1.6) 17
[18:22:32.790]: (0.5, 1.5, 1.6) 17
[18:22:32.812]: (0.5, 1.5, 1.6) 17
[18:22:32.834]: (0.5, 1.5, 1.6) 17
[18:22:32.857]: (0.5, 1.5, 1.6) 17
[18:22:32.902]: (0.6, 1.9, 2.0) 33
[18:22:32.923]: (0.6, 1.9, 2.0) 33
[18:22:32.945]: (0.6, 1.9, 2.0) 33
[18:22:32.961]: (0.6, 1.9, 2.0) 33
[18:22:32.977]: (0.6, 1.9, 2.0) 33
[18:22:32.995]: (0.6, 1.9, 2.0) 33
[18:22:33.012]: (0.6, 1.9, 2.0) 33
[18:22:33.028]: (0.6, 1.8, 2.0) 33
[18:22:33.045]: (0.7, 1.9, 2.0) 33
[18:22:33.061]: (0.7, 1.9, 2.0) 33
[18:22:33.078]: (0.7, 1.9, 2.1) 33
[18:22:33.094]: (0.7, 1.9, 2.1) 33
[18:22:33.112]: (0.7, 1.9, 2.1) 33
[18:22:33.128]: (0.7, 1.9, 2.1) 32
[18:22:33.146]: (0.7, 1.9, 2.1) 32
[18:22:33.162]: (0.7, 1.9, 2.1) 32
[18:22:33.179]: (0.7, 1.8, 2.1) 32
[18:22:33.195]: (0.7, 1.8, 2.1) 33
[18:22:33.214]: (0.7, 1.8, 2.1) 32
[18:22:33.246]: (0.6, 1.9, 2.3) 38
[18:22:33.278]: (0.5, 2.0, 2.3) 38
[18:22:33.293]: (0.5, 2.0, 2.3) 38
[18:22:33.311]: (0.5, 2.0, 2.3) 38
[18:22:33.328]: (0.5, 2.0, 2.3) 38
[18:22:33.346]: (0.5, 1.9, 2.3) 38
[18:22:33.364]: (0.5, 1.9, 2.3) 38
[18:22:33.380]: (0.5, 2.0, 2.3) 38
[18:22:33.397]: (0.5, 2.0, 2.3) 38
[18:22:33.413]: (0.5, 2.0, 2.3) 38
[18:22:33.429]: (0.5, 2.0, 2.3) 38
[18:22:33.446]: (0.5, 2.0, 2.3) 38
[18:22:33.468]: (0.5, 2.0, 2.3) 38
[18:22:33.822]: (0.5, 2.0, 2.3) 38
[18:22:33.846]: (0.5, 2.0, 2.3) 38
[18:22:33.862]: (0.5, 2.0, 2.3) 38
[18:22:33.880]: (0.5, 2.0, 2.3) 38
[18:22:34.158]: (0.5, 1.6, 1.6) 17
[18:22:34.176]: (0.5, 1.6, 1.6) 17
[18:22:34.193]: (0.5, 1.6, 1.6) 17
[18:22:34.210]: (0.5, 1.6, 1.6) 17
[18:22:34.225]: (0.5, 1.6, 1.6) 17
[18:22:34.243]: (0.5, 1.6, 1.6) 17
[18:22:34.259]: (0.5, 1.5, 1.6) 17
[18:22:34.276]: (0.5, 1.5, 1.6) 17
[18:22:34.291]: (0.5, 1.5, 1.6) 17
[18:22:34.312]: (0.5, 1.5, 1.6) 17
[18:22:34.743]: (0.4, 1.5, 1.3) 16
[18:22:35.083]: (0.5, 1.4, 1.4) 15
[18:22:35.100]: (0.5, 1.4, 1.4) 10
[18:22:35.117]: (0.5, 1.4, 1.4) 10
[18:22:35.134]: (0.5, 1.4, 1.4) 10
[18:22:35.149]: (0.5, 1.4, 1.4) 10
[18:22:35.167]: (0.5, 1.4, 1.4) 10
[18:22:35.189]: (0.5, 1.4, 1.4) 10
[18:22:35.212]: (0.5, 1.4, 1.4) 10
[18:22:35.236]: (0.5, 1.3, 1.4) 10
[18:22:35.257]: (0.5, 1.4, 1.4) 10
[18:22:35.279]: (0.5, 1.4, 1.4) 10
[18:22:35.303]: (0.5, 1.4, 1.4) 10
[18:22:35.324]: (0.5, 1.4, 1.4) 10
[18:22:35.347]: (0.5, 1.4, 1.4) 10
[18:22:35.370]: (0.5, 1.4, 1.4) 10
[18:22:35.390]: (0.5, 1.4, 1.4) 10
[18:22:35.412]: (0.5, 1.4, 1.4) 10
[18:22:35.437]: (0.5, 1.4, 1.4) 10
[18:22:35.456]: (0.5, 1.4, 1.4) 10
[18:22:35.478]: (0.5, 1.4, 1.4) 10
[18:22:35.501]: (0.5, 1.4, 1.4) 10
[18:22:35.522]: (0.5, 1.4, 1.4) 10
[18:22:35.545]: (0.5, 1.4, 1.4) 10
[18:22:35.567]: (0.5, 1.4, 1.4) 10
[18:22:35.584]: (0.5, 1.4, 1.4) 10
[18:22:35.604]: (0.5, 1.4, 1.4) 10
[18:22:35.621]: (0.5, 1.4, 1.4) 10
[18:22:35.637]: (0.6, 1.3, 1.4) 10
[18:22:35.654]: (0.6, 1.5, 1.6) 17
[18:22:35.687]: (0.7, 1.8, 2.0) 33
[18:22:35.704]: (0.7, 1.8, 2.2) 32
[18:22:35.720]: (0.7, 1.8, 2.1) 33
[18:22:35.737]: (0.7, 1.8, 2.2) 32
[18:22:36.222]: (-1.8, 2.5, 3.2) 30
[18:22:36.488]: (-1.8, 2.4, 3.3) 29
[18:22:36.622]: (-1.9, 2.5, 3.2) 30
[18:22:36.867]: (-1.8, 2.4, 3.2) 30
[18:22:36.883]: (-1.9, 2.4, 3.2) 30
[18:22:36.899]: (-1.8, 2.4, 3.2) 30
[18:22:36.922]: (-1.8, 2.4, 3.2) 30
[18:22:36.944]: (-1.8, 2.4, 3.2) 30
[18:22:36.965]: (-1.8, 2.4, 3.2) 30
[18:22:36.990]: (-1.8, 2.4, 3.2) 30
[18:22:37.010]: (-1.8, 2.4, 3.2) 30
[18:22:37.032]: (-1.8, 2.4, 3.2) 30
[18:22:37.055]: (-1.8, 2.4, 3.2) 30
[18:22:37.077]: (-1.8, 2.4, 3.2) 30
[18:22:37.099]: (-1.8, 2.4, 3.2) 30
[18:22:37.121]: (-1.9, 2.4, 3.2) 30
[18:22:37.144]: (-1.8, 2.4, 3.2) 30
[18:22:37.166]: (-1.8, 2.4, 3.2) 30
[18:22:37.211]: (-1.9, 2.4, 3.2) 30
[18:22:37.233]: (-1.8, 2.4, 3.2) 30
[18:22:37.255]: (-1.8, 2.4, 3.2) 30
[18:22:37.277]: (-1.8, 2.4, 3.2) 30
[18:22:37.321]: (-1.8, 2.4, 3.2) 30
[18:22:37.343]: (-1.8, 2.4, 3.2) 30
[18:22:37.361]: (-1.8, 2.4, 3.2) 30
[18:22:37.379]: (-1.8, 2.4, 3.2) 30
[18:22:37.396]: (-1.8, 2.4, 3.2) 30
[18:22:37.413]: (-1.8, 2.4, 3.2) 30
[18:22:37.430]: (-1.9, 2.4, 3.2) 30
[18:22:37.463]: (-1.9, 2.4, 3.3) 29
[18:22:37.478]: (-1.9, 2.4, 3.3) 29
[18:22:37.496]: (-1.8, 2.4, 3.3) 29
[18:22:37.512]: (-1.8, 2.4, 3.3) 29
[18:22:37.529]: (-1.8, 2.5, 3.2) 30
[18:22:37.545]: (-1.6, 2.4, 3.2) 21
[18:22:37.561]: (-1.6, 2.4, 3.2) 21
[18:22:37.578]: (-1.5, 2.4, 3.2) 21
[18:22:37.593]: (-1.5, 2.4, 3.2) 21
[18:22:37.610]: (-1.6, 2.4, 3.2) 21
[18:22:37.626]: (-1.6, 2.4, 3.2) 21
[18:22:37.642]: (-1.6, 2.4, 3.2) 21
[18:22:37.659]: (-1.6, 2.4, 3.2) 21
[18:22:37.676]: (-1.6, 2.4, 3.2) 21
[18:22:37.693]: (-1.6, 2.4, 3.2) 21
[18:22:37.713]: (-1.6, 2.4, 3.2) 21
[18:22:37.731]: (-1.6, 2.4, 3.2) 21
[18:22:37.749]: (-1.6, 2.4, 3.2) 21
[18:22:37.766]: (-1.6, 2.4, 3.2) 21
[18:22:37.783]: (-1.6, 2.4, 3.1) 26
[18:22:37.822]: (-1.8, 2.5, 3.2) 30
[18:22:38.396]: (-1.8, 2.5, 3.2) 30
[18:22:38.857]: (0.5, 1.5, 1.6) 17
[18:22:38.880]: (0.5, 1.6, 1.6) 17
[18:22:38.945]: (0.8, 1.8, 2.2) 35
[18:22:38.989]: (0.9, 1.8, 2.2) 35
[18:22:39.012]: (0.4, 1.5, 1.3) 16
[18:22:39.078]: (0.5, 1.3, 1.4) 15
[18:22:39.121]: (0.7, 1.5, 1.5) 11
[18:22:39.145]: (0.7, 1.5, 1.5) 11
[18:22:39.182]: (0.6, 1.6, 1.5) 18
[18:22:39.199]: (0.6, 1.6, 1.5) 18
[18:22:39.216]: (0.6, 1.6, 1.5) 18
[18:22:39.232]: (0.8, 1.8, 2.0) 37
[18:22:39.248]: (0.8, 1.8, 2.0) 37
[18:22:39.265]: (0.8, 1.8, 2.0) 37
[18:22:39.280]: (0.8, 1.8, 2.0) 37
[18:22:39.296]: (0.8, 1.8, 2.1) 31
[18:22:39.312]: (0.8, 1.8, 2.1) 31
[18:22:39.344]: (0.6, 1.4, 1.4) 10
[18:22:39.361]: (0.6, 1.5, 1.5) 11
[18:22:39.377]: (0.6, 1.5, 1.5) 11
[18:22:39.393]: (0.5, 1.4, 1.3) 16
[18:22:39.410]: (0.5, 1.5, 1.3) 16
[18:22:39.427]: (0.5, 1.4, 1.3) 16
[18:22:39.443]: (0.5, 1.4, 1.3) 16
[18:22:39.460]: (0.5, 1.4, 1.3) 16
[18:22:39.478]: (0.5, 1.4, 1.3) 16
[18:22:39.494]: (0.5, 1.4, 1.3) 16
[18:22:39.512]: (0.5, 1.4, 1.3) 16
[18:22:39.529]: (0.5, 1.5, 1.3) 16
[18:22:39.546]: (0.5, 1.5, 1.3) 16
[18:22:39.562]: (0.5, 1.5, 1.3) 16
[18:22:39.580]: (0.5, 1.4, 1.3) 16
[18:22:39.596]: (0.5, 1.4, 1.3) 16
[18:22:39.614]: (0.5, 1.5, 1.3) 16
[18:22:39.630]: (0.5, 1.5, 1.3) 16
[18:22:39.646]: (0.5, 1.5, 1.3) 16
[18:22:39.665]: (0.5, 1.5, 1.3) 16
[18:22:39.687]: (0.5, 1.5, 1.3) 16
[18:22:39.711]: (0.5, 1.5, 1.3) 16
[18:22:39.734]: (0.5, 1.5, 1.3) 16
[18:22:39.755]: (0.5, 1.5, 1.3) 16
[18:22:39.776]: (0.5, 1.5, 1.3) 16
[18:22:39.798]: (0.5, 1.5, 1.3) 16
[18:22:39.820]: (0.5, 1.5, 1.3) 16
[18:22:39.842]: (0.5, 1.5, 1.3) 16
[18:22:39.866]: (0.5, 1.5, 1.3) 16
[18:22:39.887]: (0.5, 1.5, 1.3) 16
[18:22:39.909]: (0.5, 1.5, 1.3) 16
[18:22:39.932]: (0.5, 1.5, 1.3) 16
[18:22:39.954]: (0.5, 1.5, 1.3) 16
[18:22:39.976]: (0.5, 1.5, 1.3) 16
[18:22:39.999]: (0.5, 1.5, 1.3) 16
[18:22:40.020]: (0.5, 1.5, 1.3) 16
[18:22:40.045]: (0.5, 1.5, 1.3) 16
[18:22:40.065]: (0.5, 1.5, 1.3) 16
[18:22:40.081]: (0.5, 1.5, 1.3) 16
[18:22:40.098]: (0.5, 1.5, 1.3) 16
[18:22:40.115]: (0.5, 1.5, 1.3) 16
[18:22:40.133]: (0.5, 1.5, 1.3) 16
[18:22:40.148]: (0.5, 1.5, 1.3) 16
[18:22:40.164]: (0.5, 1.5, 1.3) 16
[18:22:40.182]: (0.5, 1.5, 1.3) 16
[18:22:40.198]: (0.5, 1.5, 1.3) 16
[18:22:40.214]: (0.5, 1.5, 1.3) 16
[18:22:40.232]: (0.5, 1.5, 1.3) 16
[18:22:40.251]: (0.5, 1.5, 1.3) 16
[18:22:40.267]: (0.5, 1.5, 1.3) 16
[18:22:40.686]: (0.5, 1.5, 1.6) 17
[18:22:40.709]: (0.6, 1.5, 1.6) 17
[18:22:40.733]: (0.5, 1.5, 1.6) 17
[18:22:40.754]: (0.5, 1.5, 1.6) 17
[18:22:40.778]: (0.5, 1.5, 1.6) 17
[18:22:40.798]: (0.5, 1.5, 1.6) 17
[18:22:40.821]: (0.5, 1.5, 1.6) 17
[18:22:40.842]: (0.5, 1.5, 1.6) 17
[18:22:40.865]: (0.5, 1.5, 1.6) 17
[18:22:40.887]: (0.5, 1.5, 1.6) 17
[18:22:40.909]: (0.5, 1.5, 1.6) 17
[18:22:40.931]: (0.5, 1.5, 1.6) 17
[18:22:40.954]: (0.5, 1.5, 1.6) 17
[18:22:40.975]: (0.5, 1.5, 1.6) 17
[18:22:40.993]: (0.5, 1.5, 1.6) 17
[18:22:41.010]: (0.5, 1.5, 1.6) 17
[18:22:41.231]: (-0.7, 2.0, 2.2) 2
[18:22:41.664]: (-1.9, 2.5, 3.2) 30
[18:22:41.821]: (-1.9, 2.5, 3.2) 30
[18:22:41.842]: (-1.8, 2.5, 3.2) 30
[18:22:41.859]: (-1.8, 2.5, 3.2) 30
[18:22:41.876]: (-1.8, 2.5, 3.2) 30
[18:22:41.893]: (-1.8, 2.5, 3.2) 30
[18:22:41.910]: (-1.8, 2.5, 3.2) 30
[18:22:41.927]: (-1.8, 2.5, 3.2) 30
[18:22:41.943]: (-1.9, 2.5, 3.2) 30
[18:22:41.959]: (-1.9, 2.4, 3.2) 30
[18:22:41.976]: (-1.9, 2.4, 3.2) 30
[18:22:41.994]: (-1.8, 2.4, 3.2) 30
[18:22:42.011]: (-1.8, 2.4, 3.2) 30
[18:22:42.027]: (-1.8, 2.4, 3.2) 30
[18:22:42.043]: (-1.8, 2.4, 3.2) 30
[18:22:42.058]: (-1.8, 2.4, 3.2) 30
[18:22:42.076]: (-1.8, 2.4, 3.2) 30
[18:22:42.091]: (-1.8, 2.4, 3.2) 30
[18:22:42.109]: (-1.8, 2.4, 3.2) 30
[18:22:42.126]: (-1.8, 2.4, 3.2) 30
[18:22:42.144]: (-1.8, 2.4, 3.2) 30
[18:22:42.159]: (-1.8, 2.4, 3.2) 30
[18:22:42.175]: (-1.8, 2.4, 3.2) 30
[18:22:42.190]: (-1.8, 2.4, 3.2) 30
[18:22:42.207]: (-1.8, 2.4, 3.2) 30
[18:22:42.223]: (-1.8, 2.4, 3.2) 30
[18:22:42.239]: (-1.8, 2.4, 3.2) 30
[18:22:42.255]: (-1.8, 2.5, 3.2) 30
[18:22:42.275]: (-1.8, 2.5, 3.2) 30
[18:22:42.297]: (-1.8, 2.4, 3.2) 30
[18:22:42.319]: (-1.8, 2.4, 3.2) 30
[18:22:42.341]: (-1.8, 2.4, 3.2) 30
[18:22:42.630]: (-0.8, 1.9, 2.2) 8
[18:22:42.653]: (-0.8, 1.9, 2.2) 8
[18:22:42.675]: (-0.8, 1.9, 2.2) 8
[18:22:42.698]: (-0.7, 1.9, 2.2) 8
[18:22:42.719]: (-0.7, 1.9, 2.2) 8
[18:22:42.741]: (-0.5, 1.9, 2.1) 6
[18:22:42.803]: (0.6, 1.9, 2.1) 33
[18:22:42.820]: (0.8, 1.8, 2.0) 37
[18:22:42.837]: (0.8, 1.9, 2.0) 37
[18:22:42.854]: (0.8, 1.9, 2.1) 31
[18:22:42.870]: (0.8, 1.9, 2.2) 31
[18:22:42.948]: (0.8, 1.9, 2.1) 31
[18:22:42.980]: (0.8, 1.9, 2.1) 31
[18:22:42.997]: (0.8, 1.9, 2.1) 31
[18:22:43.014]: (0.8, 1.9, 2.1) 31
[18:22:43.030]: (0.8, 1.9, 2.1) 31
[18:22:43.046]: (0.8, 1.9, 2.1) 31
[18:22:43.061]: (0.8, 1.9, 2.1) 31
[18:22:43.078]: (0.8, 1.9, 2.0) 37
[18:22:43.095]: (0.8, 1.9, 2.1) 31
[18:22:43.208]: (-0.7, 2.0, 2.2) 2
[18:22:43.230]: (-1.8, 2.5, 3.3) 23
[18:22:43.276]: (-1.7, 2.4, 3.1) 26
[18:22:43.296]: (-1.7, 2.4, 3.1) 26
[18:22:43.323]: (-1.7, 2.4, 3.1) 26
[18:22:43.346]: (-1.8, 2.5, 3.3) 23
[18:22:43.392]: (-1.8, 2.4, 3.3) 23
[18:22:43.437]: (-1.8, 2.5, 3.2) 30
[18:22:44.218]: (-1.8, 2.5, 3.2) 30
[18:22:44.241]: (-1.8, 2.5, 3.2) 30
[18:22:44.263]: (-1.8, 2.5, 3.2) 30
[18:22:44.285]: (-1.8, 2.5, 3.2) 30
[18:22:44.308]: (-1.8, 2.4, 3.3) 23
[18:22:44.509]: (0.5, 1.4, 1.3) 16
[18:22:44.525]: (0.5, 1.4, 1.3) 16
[18:22:44.542]: (0.5, 1.4, 1.3) 16
[18:22:44.558]: (0.5, 1.5, 1.3) 16
[18:22:44.575]: (0.6, 1.5, 1.6) 17
[18:22:44.591]: (0.5, 1.5, 1.3) 16
[18:22:44.609]: (0.5, 1.6, 1.6) 17
[18:22:44.627]: (0.9, 1.7, 2.3) 35
[18:22:44.643]: (0.6, 1.6, 1.6) 17
[18:22:44.661]: (0.5, 1.6, 1.6) 17
[18:22:44.677]: (0.6, 1.6, 1.6) 17
[18:22:44.694]: (0.6, 1.6, 1.6) 17
[18:22:44.726]: (0.5, 1.6, 1.6) 17
[18:22:44.771]: (0.5, 1.6, 1.6) 17
[18:22:44.788]: (0.5, 1.4, 1.3) 16
[18:22:44.805]: (0.5, 1.4, 1.3) 16
[18:22:44.822]: (0.5, 1.4, 1.3) 16
[18:22:44.838]: (0.5, 1.4, 1.3) 16
[18:22:44.853]: (0.5, 1.5, 1.3) 16
[18:22:44.868]: (0.5, 1.5, 1.3) 16
[18:22:44.886]: (0.5, 1.5, 1.3) 16
[18:22:44.904]: (0.5, 1.5, 1.3) 16
[18:22:44.921]: (0.4, 1.5, 1.3) 16
[18:22:44.938]: (0.5, 1.5, 1.6) 17
[18:22:44.954]: (0.5, 1.5, 1.4) 16
[18:22:44.972]: (0.4, 1.5, 1.3) 16
[18:22:45.030]: (0.5, 1.5, 1.6) 17
[18:22:45.074]: (0.4, 1.5, 1.4) 16
[18:22:45.096]: (0.5, 1.5, 1.6) 17
[18:22:45.141]: (0.5, 1.5, 1.4) 16
[18:22:45.163]: (0.5, 1.5, 1.6) 17
[18:22:45.185]: (0.6, 1.5, 1.6) 17
[18:22:45.207]: (0.6, 1.5, 1.6) 17
[18:22:45.229]: (0.5, 1.5, 1.3) 16
[18:22:45.252]: (0.5, 1.5, 1.3) 16
[18:22:45.275]: (0.4, 1.5, 1.3) 16
[18:22:45.297]: (0.5, 1.5, 1.6) 17
[18:22:45.318]: (0.4, 1.5, 1.4) 16
[18:22:45.340]: (0.4, 1.5, 1.3) 16
[18:22:45.364]: (0.4, 1.5, 1.3) 16
[18:22:45.384]: (0.5, 1.5, 1.3) 16
[18:22:45.407]: (0.4, 1.5, 1.3) 16
[18:22:45.424]: (0.4, 1.5, 1.3) 16
[18:22:45.509]: (0.4, 1.5, 1.4) 16
[18:22:45.529]: (0.4, 1.5, 1.3) 16
[18:22:45.545]: (0.5, 1.5, 1.6) 17
[18:22:45.560]: (0.5, 1.5, 1.6) 17
[18:22:45.578]: (0.4, 1.5, 1.3) 16
[18:22:45.918]: (0.6, 1.6, 1.5) 18
[18:22:46.339]: (0.5, 1.5, 1.3) 16
[18:22:48.095]: (-0.7, 2.0, 2.2) 7
[18:22:48.113]: (-0.7, 2.0, 2.2) 7
[18:22:48.131]: (-0.7, 2.0, 2.2) 7
[18:22:48.148]: (-0.7, 2.0, 2.2) 7
[18:22:48.165]: (-0.7, 2.0, 2.2) 7
[18:22:48.181]: (-0.7, 2.0, 2.2) 7
[18:22:48.198]: (-0.7, 2.0, 2.2) 7
[18:22:48.215]: (-0.7, 2.0, 2.2) 7
[18:22:48.233]: (-0.6, 2.0, 2.2) 7
[18:22:48.250]: (-0.6, 2.0, 2.2) 7
[18:22:48.282]: (-0.7, 2.0, 2.3) 2
[18:22:48.299]: (-0.7, 2.0, 2.3) 2
[18:22:48.317]: (-0.6, 2.0, 2.2) 7
[18:22:48.384]: (0.5, 1.9, 2.3) 38
[18:23:00.187]: (-0.7, 2.0, 2.2) 2
[18:23:00.251]: (0.6, 1.9, 2.3) 38
[18:23:00.270]: (0.6, 1.9, 2.1) 33
[18:23:00.287]: (0.6, 1.8, 2.1) 33
[18:23:00.302]: (0.6, 1.9, 2.3) 38
[18:23:00.319]: (0.6, 1.9, 2.3) 34
[18:23:00.335]: (0.6, 1.9, 2.3) 38
[18:23:00.351]: (0.6, 1.9, 2.3) 34
[18:23:00.386]: (0.6, 1.9, 2.3) 38
[18:23:00.403]: (0.7, 2.0, 2.3) 34
[18:23:00.419]: (0.6, 1.9, 2.3) 38
[18:23:00.435]: (0.6, 1.9, 2.3) 38
[18:23:00.450]: (0.6, 1.9, 2.3) 38
[18:23:00.466]: (0.6, 1.9, 2.3) 38
[18:23:00.482]: (0.6, 1.9, 2.3) 38
[18:23:00.498]: (0.6, 1.9, 2.3) 38
[18:23:00.514]: (0.6, 1.9, 2.3) 38
[18:23:00.530]: (0.6, 1.9, 2.3) 38
[18:23:00.589]: (-0.7, 2.0, 2.2) 7
[18:23:00.679]: (-1.6, 2.4, 3.4) 28
[18:23:00.746]: (-1.7, 2.5, 3.3) 23
[18:23:01.423]: (-1.9, 2.4, 3.2) 30
[18:23:01.446]: (-1.9, 2.5, 3.2) 30
[18:23:01.468]: (-1.9, 2.5, 3.2) 30
[18:23:01.490]: (-1.9, 2.5, 3.2) 30
[18:23:01.512]: (-1.9, 2.5, 3.2) 30
[18:23:01.534]: (-1.8, 2.4, 3.2) 30
[18:23:01.555]: (-1.8, 2.5, 3.2) 30
[18:23:01.601]: (-1.9, 2.5, 3.2) 30
[18:23:01.623]: (-1.9, 2.5, 3.2) 30
[18:23:01.644]: (-1.9, 2.4, 3.2) 30
[18:23:01.668]: (-1.9, 2.4, 3.2) 30
[18:23:01.801]: (-1.8, 2.4, 3.2) 30
[18:23:01.844]: (-1.8, 2.4, 3.3) 29
[18:23:01.867]: (-1.8, 2.4, 3.3) 29
[18:23:01.889]: (-1.9, 2.4, 3.3) 29
[18:23:01.910]: (-1.8, 2.5, 3.2) 30
[18:23:01.926]: (-1.8, 2.5, 3.2) 23
[18:23:04.634]: (-1.7, 2.5, 3.1) 26
[18:23:04.649]: (-1.7, 2.5, 3.3) 23
[18:23:04.666]: (-1.6, 2.4, 3.1) 26
[18:23:04.681]: (-1.6, 2.5, 3.1) 26
[18:23:04.698]: (-1.7, 2.6, 3.3) 27
[18:23:04.715]: (-1.6, 2.6, 3.3) 27
[18:23:04.733]: (-1.6, 2.6, 3.3) 27
[18:23:04.749]: (-1.6, 2.5, 3.2) 21
[18:23:04.767]: (-1.6, 2.4, 3.2) 21
[18:23:04.784]: (-1.5, 2.5, 3.2) 25
[18:23:04.799]: (-1.5, 2.5, 3.2) 25
[18:23:04.814]: (-1.5, 2.5, 3.3) 25
[18:23:04.832]: (-0.6, 2.0, 2.2) 7
[18:23:04.877]: (0.6, 1.9, 2.3) 38
[18:23:06.143]: (-1.9, 2.5, 3.2) 30
[18:23:06.166]: (-1.8, 2.5, 3.2) 30
[18:23:06.187]: (-1.8, 2.5, 3.2) 30
[18:23:06.210]: (-1.8, 2.5, 3.2) 30
[18:23:06.255]: (-1.9, 2.4, 3.2) 30
[18:23:06.272]: (-1.9, 2.4, 3.2) 30
[18:23:06.288]: (-1.9, 2.4, 3.2) 30
[18:23:06.304]: (-1.8, 2.5, 3.2) 30
[18:23:06.338]: (-1.9, 2.5, 3.2) 30
[18:23:06.356]: (-1.9, 2.5, 3.2) 30
[18:23:06.371]: (-1.9, 2.5, 3.2) 30
[18:23:06.388]: (-1.9, 2.5, 3.2) 30
[18:23:06.406]: (-1.9, 2.5, 3.2) 30
[18:23:08.157]: (-1.8, 2.5, 3.2) 30
[18:23:08.173]: (-1.8, 2.5, 3.2) 30
[18:23:08.191]: (-1.8, 2.5, 3.2) 30
[18:23:08.208]: (-1.8, 2.5, 3.2) 30
[18:23:08.225]: (-1.8, 2.5, 3.2) 30
[18:23:08.244]: (-1.8, 2.5, 3.2) 30
[18:23:08.261]: (-1.8, 2.5, 3.2) 30
[18:23:08.277]: (-1.9, 2.4, 3.2) 30
[18:23:08.296]: (-1.8, 2.5, 3.2) 30
[18:23:08.316]: (-1.8, 2.5, 3.2) 30
[18:23:08.336]: (-1.8, 2.5, 3.2) 30
[18:23:08.354]: (-1.8, 2.5, 3.2) 30
[18:23:09.464]: (-1.8, 2.5, 3.3) 23
[18:23:09.487]: (-1.8, 2.4, 3.3) 23
[18:23:09.553]: (-1.7, 2.4, 3.1) 26
[18:23:09.575]: (-1.7, 2.4, 3.1) 26
[18:23:09.597]: (-1.7, 2.4, 3.1) 26
[18:23:09.620]: (-1.8, 2.5, 3.3) 23
[18:23:09.642]: (-1.8, 2.4, 3.3) 23
[18:23:09.663]: (-1.8, 2.4, 3.3) 23
[18:23:09.988]: (-1.6, 2.4, 3.2) 21
[18:23:10.035]: (-0.7, 1.9, 2.1) 8
[18:23:10.051]: (-0.7, 1.9, 2.1) 8
[18:23:10.068]: (-0.7, 1.9, 2.1) 8
[18:23:10.088]: (-0.7, 1.9, 2.1) 8
[18:23:10.107]: (-0.7, 1.9, 2.1) 8
[18:23:10.126]: (-0.7, 1.9, 2.1) 8
[18:23:10.144]: (-0.7, 1.8, 2.1) 8
[18:23:10.162]: (-0.8, 1.9, 2.1) 8
[18:23:10.195]: (-1.8, 2.4, 3.2) 30
[18:23:10.213]: (-1.8, 2.4, 3.3) 23
[18:23:10.230]: (-1.8, 2.5, 3.2) 30
[18:23:10.253]: (-1.8, 2.5, 3.2) 30
[18:23:10.275]: (-1.8, 2.5, 3.2) 30
[18:23:10.474]: (-1.9, 2.4, 3.3) 29
[18:23:11.241]: (-1.9, 2.4, 3.3) 29
[18:23:11.262]: (-1.8, 2.4, 3.3) 29
[18:23:11.485]: (0.6, 1.9, 2.3) 38
[18:23:11.507]: (0.6, 1.9, 2.3) 34
[18:23:11.531]: (0.6, 1.9, 2.3) 38
[18:23:11.548]: (0.6, 1.9, 2.3) 38
[18:23:11.564]: (0.6, 1.9, 2.3) 38
[18:23:11.640]: (0.6, 1.9, 2.1) 33
[18:23:11.657]: (0.6, 1.6, 1.5) 18
[18:23:11.675]: (0.6, 1.6, 1.5) 18
[18:23:11.693]: (0.6, 1.6, 1.5) 11
[18:23:11.710]: (0.6, 1.6, 1.6) 17
[18:23:11.727]: (0.6, 1.6, 1.5) 18
[18:23:11.744]: (0.6, 1.6, 1.5) 18
[18:23:11.760]: (0.6, 1.6, 1.4) 18
[18:23:11.776]: (0.6, 1.6, 1.4) 18
[18:23:11.791]: (0.6, 1.6, 1.5) 11
[18:23:11.809]: (0.9, 1.8, 2.2) 35
[18:23:11.827]: (0.8, 1.8, 2.2) 35
[18:23:11.842]: (0.8, 1.8, 2.2) 35
[18:23:11.858]: (0.8, 1.7, 2.2) 35
[18:23:11.873]: (0.8, 1.8, 2.3) 35
[18:23:11.890]: (0.5, 1.6, 1.6) 17
[18:23:11.906]: (0.5, 1.6, 1.6) 17
[18:23:11.924]: (0.5, 1.6, 1.6) 17
[18:23:12.484]: (-1.7, 2.5, 3.1) 26
[18:23:13.131]: (-1.7, 2.4, 3.4) 28
[18:23:13.151]: (-0.8, 1.9, 2.1) 8
[18:23:13.174]: (-0.8, 1.9, 2.1) 8
[18:23:13.195]: (-0.8, 1.9, 2.1) 8
[18:23:13.219]: (-0.8, 1.9, 2.1) 8
[18:23:13.240]: (-0.8, 1.9, 2.1) 8
[18:23:13.263]: (-0.8, 1.9, 2.1) 8
[18:23:13.288]: (-0.8, 1.9, 2.1) 8
[18:23:13.338]: (-1.9, 2.5, 3.2) 30
[18:23:13.622]: (-1.9, 2.5, 3.2) 30
[18:23:13.872]: (-1.8, 2.5, 3.2) 30
