[18:01:36.218]: (-0.4, 2.6, 2.7) 15
[18:01:36.838]: (-0.2, 1.8, 2.1) 8
[18:01:37.238]: (-0.1, 1.9, 2.1) 8
[18:01:37.326]: (-0.6, 2.5, 2.8) 15
[18:01:37.375]: (-0.5, 2.4, 2.8) 15
[18:01:37.396]: (-0.6, 2.4, 2.8) 15
[18:01:37.418]: (-0.5, 2.4, 2.8) 15
[18:01:37.440]: (-0.6, 2.5, 2.8) 15
[18:01:37.462]: (-0.5, 2.5, 2.9) 15
[18:01:38.385]: (-0.7, 2.6, 2.6) 16
[18:01:38.406]: (-0.7, 2.5, 2.7) 16
[18:01:38.495]: (-0.8, 2.6, 2.7) 16
[18:01:38.519]: (-0.5, 2.4, 2.7) 15
[18:01:38.540]: (0.0, 1.8, 2.0) 7
[18:01:38.564]: (0.0, 1.8, 2.0) 9
[18:01:38.608]: (0.0, 1.8, 2.0) 7
[18:01:38.628]: (0.0, 1.8, 1.9) 7
[18:01:38.651]: (0.0, 1.8, 1.9) 7
[18:01:38.695]: (0.0, 1.8, 2.0) 9
[18:01:38.719]: (0.0, 1.8, 1.9) 7
[18:01:38.820]: (-0.1, 1.9, 1.9) 7
[18:01:38.860]: (-0.1, 1.9, 1.9) 7
[18:01:38.882]: (-0.1, 1.9, 1.9) 7
[18:01:38.901]: (-0.1, 2.0, 1.9) 8
[18:01:38.923]: (-0.1, 2.0, 1.9) 8
[18:01:38.968]: (-0.1, 3.0, 4.4) 24
[18:01:38.992]: (-0.1, 3.0, 4.4) 24
[18:01:39.592]: (1.3, 1.8, 1.4) 6
[18:01:39.613]: (1.3, 1.8, 1.4) 6
[18:01:39.637]: (1.5, 1.9, 1.7) 13
[18:01:39.659]: (1.5, 1.9, 1.7) 13
[18:01:39.773]: (0.6, 1.6, 0.8) 4
[18:01:40.240]: (-0.4, 3.1, 3.7) 18
[18:01:40.324]: (-0.3, 3.0, 3.7) 18
[18:01:40.344]: (-0.3, 2.9, 3.7) 18
[18:01:40.364]: (-0.4, 2.2, 2.7) 15
[18:01:41.167]: (-1.5, 1.3, 4.0) 19
[18:01:41.214]: (-1.5, 1.3, 4.0) 19
[18:01:41.336]: (-1.3, 1.3, 3.8) 21
[18:01:41.359]: (-1.4, 1.4, 4.0) 19
[18:01:42.419]: (-0.3, 2.0, 2.9) 10
[18:01:43.136]: (-1.6, 2.2, 4.4) 22
[18:01:43.398]: (-1.1, 2.0, 3.8) 18
[18:01:43.518]: (-0.9, 2.0, 3.8) 18
[18:01:43.582]: (-0.8, 2.0, 3.8) 18
[18:01:43.616]: (-0.9, 2.1, 4.0) 17
[18:01:43.650]: (-0.7, 2.0, 3.8) 18
[18:01:43.717]: (-0.8, 2.1, 4.0) 17
[18:01:43.784]: (-0.8, 2.1, 4.0) 17
[18:01:43.818]: (-0.7, 2.1, 4.0) 17
[18:01:43.854]: (-0.7, 2.1, 4.0) 17
[18:01:43.883]: (-0.7, 2.2, 4.0) 17
[18:01:43.919]: (-0.7, 2.2, 4.0) 17
[18:01:44.015]: (-0.6, 2.0, 3.8) 18
[18:01:44.927]: (-1.0, 1.5, 2.7) 16
[18:01:44.949]: (-0.9, 1.5, 2.7) 16
[18:01:44.971]: (-0.9, 1.4, 2.7) 16
[18:01:45.015]: (-1.1, 1.5, 3.0) 14
[18:01:45.105]: (-1.1, 1.5, 3.0) 14
[18:01:45.128]: (-1.1, 1.5, 3.0) 14
[18:01:45.172]: (-1.3, 1.7, 3.6) 21
[18:01:45.350]: (-0.1, 1.3, 1.8) 7
[18:01:45.372]: (-0.1, 1.4, 1.8) 7
[18:01:45.801]: (0.0, 1.4, 1.5) 7
[18:01:45.820]: (0.0, 1.4, 1.5) 7
[18:01:45.845]: (0.0, 1.4, 1.5) 7
[18:01:45.870]: (0.0, 1.4, 1.5) 7
[18:01:45.893]: (0.0, 1.4, 1.5) 7
[18:01:46.281]: (-0.1, 1.3, 1.8) 9
[18:01:46.316]: (-0.2, 1.4, 1.8) 9
[18:01:47.236]: (1.0, 2.0, 1.1) 6
[18:01:47.258]: (1.0, 2.0, 1.2) 6
[18:01:47.323]: (1.1, 2.2, 1.5) 13
[18:01:47.345]: (1.1, 2.2, 1.5) 13
[18:01:47.909]: (-1.5, 1.3, 3.5) 21
[18:01:48.113]: (-1.5, 1.3, 3.5) 21
[18:01:48.215]: (-1.9, 1.0, 3.5) 20
[18:01:48.286]: (-1.8, 1.0, 3.6) 20
[18:01:48.577]: (-1.7, 1.2, 3.7) 19
[18:01:48.734]: (-1.7, 1.2, 3.7) 19
[18:01:50.545]: (1.3, 2.0, 0.8) 5
[18:01:50.610]: (1.3, 2.0, 0.9) 6
[18:01:51.386]: (-1.1, 0.9, 3.7) 20
[18:01:51.720]: (0.1, 2.0, 4.3) 24
[18:01:51.764]: (0.1, 2.0, 4.3) 24
[18:01:52.013]: (-0.1, 2.0, 4.5) 22
[18:01:52.036]: (-0.2, 2.0, 4.5) 22
[18:01:52.887]: (0.4, 1.6, 1.9) 1
[18:01:52.909]: (0.4, 1.6, 1.8) 1
[18:01:52.931]: (0.4, 1.6, 1.8) 1
[18:01:52.953]: (0.5, 1.6, 1.8) 1
[18:01:52.976]: (0.5, 1.6, 1.9) 1
[18:01:53.042]: (0.5, 1.6, 1.9) 1
[18:01:53.087]: (0.5, 1.6, 1.8) 1
[18:01:53.109]: (0.5, 1.6, 1.9) 1
[18:01:53.132]: (0.4, 1.6, 1.8) 1
[18:01:53.153]: (0.4, 1.6, 1.8) 1
[18:01:53.176]: (0.4, 1.6, 1.8) 1
[18:01:53.198]: (0.4, 1.6, 1.8) 1
[18:01:53.220]: (0.4, 1.6, 1.8) 1
[18:01:53.340]: (0.4, 1.6, 1.9) 1
[18:01:53.356]: (0.4, 1.6, 1.9) 1
[18:01:53.373]: (0.4, 1.6, 1.9) 1
[18:01:53.388]: (0.4, 1.6, 1.9) 1
[18:01:53.496]: (0.4, 1.6, 1.9) 1
[18:01:53.512]: (0.4, 1.6, 1.9) 1
[18:01:53.528]: (0.4, 1.6, 1.9) 1
[18:01:53.544]: (0.4, 1.6, 1.9) 1
[18:01:53.562]: (0.4, 1.6, 1.9) 1
[18:01:53.908]: (0.5, 1.6, 1.9) 1
[18:01:54.019]: (0.5, 1.6, 1.9) 1
[18:01:54.087]: (0.5, 1.6, 1.9) 1
[18:01:54.203]: (0.5, 1.6, 1.9) 1
[18:01:54.220]: (0.5, 1.6, 1.8) 1
[18:01:54.236]: (0.4, 1.6, 1.8) 1
[18:01:54.252]: (0.4, 1.6, 1.8) 1
[18:01:54.268]: (0.4, 1.6, 1.8) 1
[18:01:54.285]: (0.4, 1.6, 1.8) 1
[18:01:54.301]: (0.4, 1.6, 1.8) 1
[18:01:54.346]: (-0.3, 1.3, 2.6) 15
[18:01:54.630]: (-1.0, 1.1, 3.8) 19
[18:02:04.327]: (-0.2, 1.9, 4.5) 22
[18:02:05.015]: (-1.0, 1.1, 3.8) 19
[18:02:05.170]: (-0.6, 1.1, 2.9) 14
[18:02:05.408]: (-0.8, 1.2, 3.6) 21
[18:02:05.425]: (-0.8, 1.2, 3.6) 21
[18:02:05.445]: (-0.8, 1.2, 3.6) 21
[18:02:05.461]: (-0.8, 1.2, 3.6) 21
[18:02:06.136]: (0.6, 1.7, 1.8) 0
[18:02:06.182]: (0.6, 1.4, 0.6) 3
[18:02:06.338]: (0.6, 1.4, 0.6) 3
[18:02:06.355]: (0.6, 1.4, 0.6) 3
[18:02:06.371]: (0.6, 1.4, 0.6) 3
[18:02:06.387]: (0.6, 1.4, 0.6) 3
[18:02:06.554]: (0.7, 1.4, 0.6) 3
[18:02:06.571]: (0.6, 1.4, 0.6) 3
[18:02:06.588]: (0.6, 1.4, 0.6) 3
[18:02:06.604]: (0.6, 1.4, 0.6) 3
[18:02:06.620]: (0.6, 1.4, 0.6) 3
[18:02:07.275]: (-1.0, 1.2, 3.8) 19
[18:02:07.291]: (-1.0, 1.1, 3.8) 19
[18:02:07.308]: (-1.0, 1.1, 3.8) 19
[18:02:07.369]: (-0.8, 1.1, 3.6) 21
[18:02:07.499]: (-0.8, 1.2, 3.6) 21
[18:02:07.517]: (-0.8, 1.2, 3.6) 21
[18:02:07.538]: (-0.8, 1.2, 3.6) 21
[18:02:07.567]: (-0.9, 1.2, 3.6) 21
[18:02:07.584]: (-0.9, 1.2, 3.6) 21
[18:02:07.603]: (-0.8, 1.2, 3.6) 21
[18:02:07.672]: (-1.0, 1.2, 3.8) 19
[18:02:07.981]: (-0.8, 1.2, 3.6) 21
[18:02:08.004]: (-0.8, 1.2, 3.6) 21
[18:02:08.019]: (-0.8, 1.2, 3.6) 21
[18:02:08.035]: (-0.8, 1.2, 3.6) 21
[18:02:08.052]: (-0.9, 1.2, 3.6) 21
[18:02:08.070]: (-0.9, 1.2, 3.6) 21
[18:02:08.086]: (-0.9, 1.2, 3.6) 21
[18:02:08.102]: (-0.9, 1.2, 3.6) 21
[18:02:08.118]: (-0.9, 1.2, 3.6) 21
[18:02:08.134]: (-0.9, 1.2, 3.6) 21
[18:02:08.197]: (-0.9, 1.2, 3.8) 19
[18:02:08.213]: (-0.9, 1.1, 3.8) 19
[18:02:08.293]: (-1.0, 1.1, 3.8) 19
[18:02:08.446]: (-0.5, 1.2, 2.7) 16
[18:02:08.469]: (-0.5, 1.1, 2.6) 16
[18:02:08.490]: (-0.5, 1.1, 2.6) 16
[18:02:08.513]: (-0.5, 1.1, 2.7) 16
[18:02:09.044]: (0.7, 1.4, 0.6) 3
[18:02:09.059]: (0.6, 1.4, 0.6) 3
[18:02:09.078]: (0.6, 1.4, 0.6) 3
[18:02:09.094]: (0.6, 1.4, 0.6) 3
[18:02:09.110]: (0.6, 1.4, 0.6) 3
[18:02:09.125]: (0.6, 1.3, 0.7) 3
[18:02:09.142]: (0.6, 1.3, 0.7) 3
[18:02:09.158]: (0.6, 1.3, 0.7) 3
[18:02:09.307]: (0.3, 1.4, 1.6) 9
[18:02:09.547]: (-1.0, 1.2, 3.8) 19
[18:02:09.568]: (-1.0, 1.2, 3.8) 19
[18:02:09.590]: (-1.0, 1.2, 3.8) 19
[18:02:09.612]: (-0.9, 1.1, 3.9) 19
[18:02:09.724]: (-0.6, 1.2, 2.7) 16
[18:02:09.745]: (-0.6, 1.2, 2.7) 16
[18:02:09.882]: (-1.0, 1.1, 3.8) 19
[18:02:09.899]: (-1.0, 1.1, 3.8) 19
[18:02:09.913]: (-1.0, 1.1, 3.8) 19
[18:02:09.929]: (-1.0, 1.1, 3.8) 19
[18:02:09.947]: (-1.0, 1.1, 3.8) 19
[18:02:09.961]: (-1.0, 1.2, 3.8) 19
[18:02:09.978]: (-0.9, 1.1, 3.8) 19
[18:02:09.995]: (-1.0, 1.1, 3.8) 19
[18:02:10.012]: (-1.0, 1.1, 3.8) 19
[18:02:10.030]: (-1.0, 1.1, 3.8) 19
[18:02:10.048]: (-1.0, 1.1, 3.8) 19
[18:02:10.064]: (-1.0, 1.1, 3.8) 19
[18:02:10.081]: (-1.0, 1.1, 3.8) 19
[18:02:10.098]: (-1.0, 1.1, 3.8) 19
[18:02:10.114]: (-1.0, 1.1, 3.8) 19
[18:02:10.234]: (-0.7, 1.1, 2.9) 14
[18:02:10.549]: (-0.5, 1.1, 4.0) 17
[18:02:10.868]: (-0.6, 0.5, 3.7) 20
[18:02:11.713]: (-0.3, 0.7, 3.6) 21
[18:02:11.913]: (-0.3, 0.7, 3.6) 21
[18:02:11.981]: (-0.2, 0.8, 3.0) 14
[18:02:12.013]: (-0.2, 0.8, 3.0) 14
[18:02:12.556]: (-0.5, 0.7, 3.8) 19
[18:02:12.580]: (-0.5, 0.7, 3.8) 19
[18:02:12.601]: (-0.5, 0.7, 3.9) 19
[18:02:12.623]: (-0.4, 0.7, 3.9) 19
[18:02:12.646]: (-0.4, 0.8, 3.6) 21
[18:02:12.690]: (-0.4, 0.8, 3.6) 21
[18:02:12.712]: (-0.4, 0.8, 3.6) 21
[18:02:12.735]: (-0.4, 0.8, 3.6) 21
[18:02:12.780]: (-0.4, 0.8, 3.6) 21
[18:02:12.801]: (-0.4, 0.8, 3.6) 21
[18:02:13.204]: (0.7, 1.3, 0.6) 3
[18:02:13.355]: (0.7, 1.3, 0.6) 3
[18:02:13.757]: (-0.4, 0.8, 3.6) 21
[18:02:13.780]: (-0.3, 0.7, 3.6) 21
[18:02:14.202]: (0.8, 1.3, 0.5) 3
[18:02:14.217]: (0.8, 1.3, 0.5) 3
[18:02:14.235]: (0.7, 1.3, 0.6) 3
[18:02:14.254]: (0.7, 1.3, 0.6) 3
[18:02:14.269]: (0.7, 1.3, 0.6) 3
[18:02:14.331]: (0.7, 1.3, 0.6) 3
[18:02:14.361]: (0.7, 1.3, 0.6) 3
[18:02:14.377]: (0.7, 1.3, 0.6) 3
[18:02:14.449]: (0.7, 1.3, 0.6) 3
[18:02:14.465]: (0.8, 1.3, 0.5) 3
[18:02:14.481]: (0.7, 1.3, 0.5) 3
[18:02:14.499]: (0.7, 1.3, 0.5) 3
[18:02:14.515]: (0.7, 1.3, 0.5) 3
[18:02:14.533]: (0.8, 1.3, 0.5) 3
[18:02:14.548]: (0.7, 1.3, 0.6) 3
[18:02:14.565]: (0.7, 1.3, 0.5) 3
[18:02:14.581]: (0.8, 1.3, 0.5) 3
[18:02:14.597]: (0.8, 1.3, 0.5) 3
[18:02:14.613]: (0.8, 1.3, 0.5) 3
[18:02:14.633]: (0.8, 1.3, 0.5) 3
[18:02:14.656]: (0.8, 1.3, 0.5) 3
[18:02:14.677]: (0.7, 1.3, 0.5) 3
[18:02:14.700]: (0.7, 1.3, 0.6) 3
[18:02:14.721]: (0.7, 1.3, 0.6) 3
[18:02:14.744]: (0.7, 1.3, 0.6) 3
[18:02:14.766]: (0.7, 1.3, 0.6) 3
[18:02:14.788]: (0.8, 1.3, 0.5) 3
[18:02:14.810]: (0.8, 1.3, 0.5) 3
[18:02:14.834]: (0.8, 1.3, 0.5) 3
[18:02:14.856]: (0.8, 1.3, 0.5) 3
[18:02:14.877]: (0.8, 1.3, 0.5) 3
[18:02:14.900]: (0.8, 1.3, 0.5) 3
[18:02:14.921]: (0.8, 1.3, 0.5) 3
[18:02:14.944]: (0.7, 1.3, 0.5) 3
[18:02:14.966]: (0.7, 1.3, 0.5) 3
[18:02:14.988]: (0.7, 1.3, 0.5) 3
[18:02:15.012]: (0.7, 1.3, 0.5) 3
[18:02:15.033]: (0.7, 1.3, 0.5) 3
[18:02:15.049]: (0.7, 1.3, 0.5) 3
[18:02:15.065]: (0.7, 1.3, 0.5) 3
[18:02:15.081]: (0.7, 1.3, 0.5) 3
[18:02:15.097]: (0.7, 1.3, 0.5) 3
[18:02:15.112]: (0.7, 1.3, 0.6) 3
[18:02:15.128]: (0.7, 1.3, 0.6) 3
[18:02:15.144]: (0.7, 1.3, 0.6) 3
[18:02:15.160]: (0.7, 1.3, 0.6) 3
[18:02:15.176]: (0.7, 1.3, 0.6) 3
[18:02:15.192]: (0.7, 1.3, 0.6) 3
[18:02:15.208]: (0.7, 1.3, 0.6) 3
[18:02:15.223]: (0.7, 1.3, 0.6) 3
[18:02:15.922]: (-0.4, 0.8, 3.6) 21
[18:02:16.732]: (0.7, 1.3, 0.6) 3
[18:02:16.814]: (0.8, 1.4, 0.5) 3
[18:02:16.831]: (0.8, 1.4, 0.6) 3
[18:02:16.847]: (0.7, 1.3, 0.6) 3
[18:02:16.863]: (0.7, 1.3, 0.6) 3
[18:02:16.878]: (0.7, 1.3, 0.6) 3
[18:02:16.895]: (0.7, 1.3, 0.6) 3
[18:02:17.136]: (0.4, 1.4, 4.5) 22
[18:02:17.254]: (0.2, 1.3, 4.0) 17
[18:02:17.299]: (0.3, 1.3, 3.8) 18
[18:02:17.321]: (0.3, 1.3, 3.8) 18
[18:02:17.342]: (0.3, 1.3, 3.8) 18
[18:02:17.410]: (-0.4, 0.8, 3.6) 21
[18:02:17.432]: (-0.4, 0.8, 3.6) 21
[18:02:17.477]: (-0.4, 0.8, 3.6) 21
[18:02:17.498]: (-0.4, 0.7, 3.9) 19
[18:02:17.522]: (-0.4, 0.8, 3.6) 21
[18:02:17.542]: (-0.4, 0.8, 3.6) 21
[18:02:17.564]: (-0.4, 0.8, 3.6) 21
[18:02:17.588]: (-0.4, 0.8, 3.6) 21
[18:02:17.605]: (-0.3, 0.8, 3.6) 21
[18:02:18.131]: (-0.2, 0.8, 2.9) 14
[18:02:18.153]: (-0.2, 0.8, 2.9) 14
[18:02:18.854]: (0.8, 1.6, 1.8) 0
[18:02:18.920]: (0.8, 1.6, 1.8) 0
[18:02:18.965]: (0.8, 1.6, 1.7) 0
[18:02:18.986]: (0.9, 1.5, 1.7) 0
[18:02:19.009]: (0.9, 1.5, 1.7) 0
[18:02:19.233]: (0.8, 1.5, 1.8) 0
[18:02:19.487]: (1.5, 1.9, 0.9) 6
[18:02:19.503]: (1.5, 1.9, 0.9) 6
[18:02:19.521]: (1.5, 1.9, 0.9) 6
[18:02:19.537]: (1.5, 1.9, 0.9) 6
[18:02:19.557]: (1.5, 1.9, 0.9) 6
[18:02:21.931]: (0.4, 1.1, 1.7) 8
[18:02:26.851]: (-0.5, 0.7, 3.9) 19
[18:02:26.918]: (-0.5, 0.7, 3.9) 19
[18:02:26.940]: (-0.4, 0.7, 3.9) 19
[18:02:26.984]: (-0.3, 0.8, 3.6) 21
[18:02:27.058]: (0.6, 1.4, 1.8) 1
[18:02:27.120]: (0.6, 1.4, 1.8) 1
[18:02:27.137]: (0.6, 1.4, 1.8) 1
[18:02:27.170]: (0.6, 1.4, 1.8) 1
[18:02:27.188]: (0.7, 1.4, 1.8) 1
[18:02:27.205]: (0.7, 1.4, 1.8) 1
[18:02:27.220]: (0.7, 1.4, 1.8) 1
[18:02:27.235]: (0.7, 1.4, 1.8) 1
[18:02:27.254]: (0.7, 1.4, 1.8) 1
[18:02:27.270]: (0.7, 1.4, 1.8) 1
[18:02:28.918]: (-0.4, 0.8, 3.6) 21
[18:02:29.250]: (0.1, 1.0, 2.6) 15
[18:02:29.272]: (0.1, 1.0, 2.6) 15
[18:02:29.295]: (0.1, 1.0, 2.6) 15
[18:02:29.361]: (0.4, 1.2, 1.6) 7
[18:02:29.427]: (0.7, 1.3, 0.6) 3
[18:02:29.539]: (0.7, 1.3, 0.6) 3
[18:02:29.561]: (0.7, 1.3, 0.6) 3
[18:02:29.583]: (0.7, 1.3, 0.6) 3
[18:02:29.607]: (0.7, 1.3, 0.6) 3
[18:02:29.696]: (0.7, 1.3, 0.6) 3
[18:02:29.712]: (0.7, 1.3, 0.6) 3
[18:02:29.727]: (0.7, 1.3, 0.6) 3
[18:02:29.743]: (0.7, 1.3, 0.6) 3
[18:02:29.773]: (0.7, 1.3, 0.6) 3
[18:02:29.832]: (0.7, 1.3, 0.6) 3
[18:02:29.928]: (1.6, 2.1, 1.2) 13
[18:02:30.698]: (0.8, 1.4, 0.6) 3
[18:02:30.714]: (0.8, 1.4, 0.5) 3
[18:02:30.730]: (0.8, 1.4, 0.5) 3
[18:02:30.746]: (0.8, 1.4, 0.6) 3
[18:02:30.761]: (0.8, 1.4, 0.5) 3
[18:02:30.794]: (0.8, 1.4, 0.5) 3
[18:02:30.811]: (0.8, 1.4, 0.6) 3
[18:02:30.899]: (0.8, 1.4, 0.5) 3
[18:02:30.914]: (0.8, 1.4, 0.6) 3
[18:02:30.950]: (0.8, 1.4, 0.6) 3
[18:02:30.994]: (0.8, 1.4, 0.6) 3
[18:02:31.016]: (0.8, 1.4, 0.6) 3
[18:02:31.038]: (0.8, 1.4, 0.6) 3
[18:02:31.061]: (0.8, 1.4, 0.6) 3
[18:02:31.083]: (0.8, 1.4, 0.6) 3
[18:02:31.104]: (0.8, 1.4, 0.5) 3
[18:02:31.127]: (0.8, 1.4, 0.5) 3
[18:02:31.150]: (0.8, 1.4, 0.5) 3
[18:02:31.172]: (0.8, 1.4, 0.5) 3
[18:02:31.196]: (0.8, 1.4, 0.5) 3
[18:02:31.217]: (0.8, 1.4, 0.5) 3
[18:02:31.238]: (0.8, 1.4, 0.5) 3
[18:02:31.260]: (0.8, 1.4, 0.5) 3
[18:02:31.282]: (0.8, 1.4, 0.5) 3
[18:02:31.304]: (0.8, 1.4, 0.5) 3
[18:02:31.327]: (0.8, 1.4, 0.5) 3
[18:02:31.349]: (0.8, 1.4, 0.5) 3
[18:02:31.372]: (0.8, 1.4, 0.5) 3
[18:02:31.395]: (0.7, 1.3, 0.6) 3
[18:02:31.412]: (0.7, 1.3, 0.6) 3
[18:02:31.428]: (0.7, 1.3, 0.6) 3
[18:02:31.445]: (0.8, 1.3, 0.6) 3
[18:02:31.461]: (0.7, 1.3, 0.6) 3
[18:02:31.476]: (0.7, 1.3, 0.6) 3
[18:02:31.493]: (0.7, 1.3, 0.6) 3
[18:02:31.510]: (0.7, 1.3, 0.6) 3
[18:02:31.527]: (0.7, 1.3, 0.6) 3
[18:02:31.543]: (0.7, 1.3, 0.6) 3
[18:02:31.559]: (0.7, 1.3, 0.6) 3
[18:02:31.575]: (0.7, 1.3, 0.6) 3
[18:02:31.591]: (0.7, 1.3, 0.6) 3
[18:02:31.606]: (0.7, 1.3, 0.6) 3
[18:02:31.650]: (0.8, 1.3, 0.6) 3
[18:02:31.668]: (0.8, 1.3, 0.6) 3
[18:02:31.833]: (0.7, 1.3, 0.6) 3
[18:02:31.926]: (0.2, 1.3, 3.8) 18
[18:02:32.305]: (-0.6, 0.5, 3.7) 20
[18:02:32.439]: (-0.4, 0.6, 3.9) 19
[18:02:32.472]: (-0.4, 0.7, 3.6) 21
[18:02:32.489]: (-0.4, 0.7, 3.6) 21
[18:02:32.506]: (-0.4, 0.7, 3.6) 21
[18:02:32.521]: (-0.4, 0.7, 3.6) 21
[18:02:32.536]: (-0.4, 0.7, 3.6) 21
[18:02:32.553]: (-0.3, 0.7, 3.6) 21
[18:02:32.569]: (-0.3, 0.7, 3.6) 21
[18:02:32.584]: (-0.3, 0.7, 3.6) 21
[18:02:32.601]: (-0.3, 0.7, 3.6) 21
[18:02:32.619]: (-0.3, 0.7, 3.6) 21
[18:02:32.635]: (-0.3, 0.7, 3.6) 21
[18:02:32.650]: (-0.3, 0.7, 3.6) 21
[18:02:32.665]: (-0.3, 0.7, 3.6) 21
[18:02:32.683]: (-0.4, 0.7, 3.6) 21
[18:02:33.195]: (-0.4, 0.6, 3.9) 19
[18:02:33.214]: (-0.4, 0.7, 3.9) 19
[18:02:33.230]: (-0.4, 0.7, 3.9) 19
[18:02:33.246]: (-0.5, 0.7, 3.9) 19
[18:02:33.262]: (-0.5, 0.7, 3.9) 19
[18:02:33.278]: (-0.5, 0.7, 3.9) 19
[18:02:33.294]: (-0.5, 0.7, 3.9) 19
[18:02:33.311]: (-0.5, 0.7, 3.9) 19
[18:02:33.328]: (-0.5, 0.7, 3.9) 19
[18:02:33.344]: (-0.5, 0.7, 3.9) 19
[18:02:33.360]: (-0.5, 0.7, 3.9) 19
[18:02:33.377]: (-0.5, 0.7, 3.9) 19
[18:02:33.394]: (-0.5, 0.7, 3.9) 19
[18:02:33.412]: (-0.5, 0.7, 3.9) 19
[18:02:33.427]: (-0.5, 0.7, 3.9) 19
[18:02:33.444]: (-0.5, 0.7, 3.9) 19
[18:02:33.461]: (-0.5, 0.7, 3.9) 19
[18:02:33.478]: (-0.5, 0.7, 3.9) 19
[18:02:33.495]: (-0.5, 0.7, 3.9) 19
[18:02:33.513]: (-0.5, 0.7, 3.9) 19
[18:02:33.527]: (-0.5, 0.7, 3.9) 19
[18:02:33.543]: (-0.5, 0.7, 3.9) 19
[18:02:33.561]: (-0.5, 0.7, 3.9) 19
[18:02:33.577]: (-0.5, 0.7, 3.9) 19
[18:02:33.593]: (-0.5, 0.7, 3.9) 19
[18:02:33.609]: (-0.5, 0.7, 3.9) 19
[18:02:33.625]: (-0.5, 0.7, 3.9) 19
[18:02:33.641]: (-0.5, 0.7, 3.9) 19
[18:02:33.770]: (-0.5, 0.7, 3.9) 19
[18:02:34.014]: (-0.2, 0.8, 2.9) 14
[18:02:34.036]: (-0.2, 0.8, 2.9) 14
[18:02:34.060]: (-0.2, 0.8, 3.0) 14
[18:02:34.192]: (-0.2, 0.9, 2.7) 16
[18:02:34.208]: (-0.2, 0.9, 2.7) 16
[18:02:34.277]: (-0.4, 0.8, 3.6) 21
[18:02:34.294]: (-0.3, 0.8, 3.6) 21
[18:02:34.311]: (-0.4, 0.8, 3.6) 21
[18:02:34.327]: (-0.3, 0.8, 3.6) 21
[18:02:34.344]: (-0.3, 0.8, 3.6) 21
[18:02:34.359]: (-0.4, 0.8, 3.6) 21
[18:02:34.374]: (-0.4, 0.8, 3.6) 21
[18:02:34.390]: (-0.4, 0.7, 3.6) 21
[18:02:34.405]: (-0.4, 0.8, 3.6) 21
[18:02:34.421]: (-0.4, 0.7, 3.6) 21
[18:02:34.437]: (-0.4, 0.7, 3.6) 21
[18:02:34.453]: (-0.4, 0.7, 3.6) 21
[18:02:34.469]: (-0.4, 0.7, 3.6) 21
[18:02:34.486]: (-0.4, 0.7, 3.6) 21
[18:02:34.502]: (-0.4, 0.7, 3.6) 21
[18:02:34.518]: (-0.4, 0.7, 3.6) 21
[18:02:34.535]: (-0.4, 0.7, 3.6) 21
[18:02:34.558]: (-0.4, 0.8, 3.6) 21
[18:02:34.580]: (-0.4, 0.8, 3.6) 21
[18:02:34.603]: (-0.4, 0.8, 3.6) 21
[18:02:34.626]: (-0.4, 0.7, 3.6) 21
[18:02:34.647]: (-0.4, 0.7, 3.6) 21
[18:02:34.670]: (-0.4, 0.7, 3.6) 21
[18:02:35.066]: (-0.4, 0.7, 3.6) 21
[18:02:35.148]: (-0.4, 0.7, 3.6) 21
[18:02:35.268]: (-0.6, 0.4, 3.7) 20
[18:02:35.286]: (-0.4, 0.7, 3.9) 19
[18:02:35.304]: (-0.4, 0.7, 3.6) 21
[18:02:35.408]: (-0.3, 0.7, 3.6) 21
[18:02:35.525]: (-0.5, 0.7, 3.9) 19
[18:02:35.903]: (-0.3, 0.8, 3.6) 21
[18:02:35.958]: (-0.3, 0.7, 3.6) 21
[18:02:35.976]: (-0.3, 0.7, 3.6) 21
[18:02:35.994]: (-0.3, 0.8, 3.0) 14
[18:02:36.012]: (-0.2, 0.8, 3.0) 14
[18:02:36.028]: (-0.4, 0.7, 3.6) 21
[18:02:36.046]: (-0.3, 0.8, 3.6) 21
[18:02:36.193]: (-0.3, 0.8, 3.6) 21
[18:02:36.211]: (-0.3, 0.8, 3.6) 21
[18:02:36.513]: (-0.6, 0.5, 3.7) 20
[18:02:37.802]: (-0.3, 0.7, 3.6) 21
[18:02:38.030]: (-0.2, 0.8, 2.9) 14
[18:02:38.069]: (-0.2, 0.8, 2.9) 14
[18:02:38.107]: (-0.3, 0.7, 3.6) 21
[18:02:38.181]: (-0.3, 0.7, 3.6) 21
[18:02:38.201]: (-0.3, 0.7, 3.6) 21
[18:02:38.245]: (-0.6, 0.5, 3.7) 20
[18:02:38.446]: (-0.6, 0.5, 3.7) 20
[18:02:38.468]: (-0.6, 0.5, 3.7) 20
[18:02:38.617]: (-0.6, 0.5, 3.7) 20
[18:02:38.889]: (-0.2, 0.9, 2.7) 16
[18:02:38.905]: (-0.1, 0.8, 2.7) 16
[18:02:39.035]: (-0.2, 0.8, 2.7) 16
[18:02:39.057]: (-0.2, 0.8, 2.7) 16
[18:02:39.079]: (-0.1, 0.8, 2.7) 16
[18:02:39.758]: (-0.6, 0.5, 3.7) 20
[18:02:40.649]: (0.6, 1.4, 1.8) 1
[18:02:40.665]: (0.6, 1.4, 1.8) 1
[18:02:40.682]: (0.7, 1.4, 1.8) 1
[18:02:40.701]: (0.7, 1.3, 1.8) 1
[18:02:40.722]: (0.6, 1.4, 1.8) 1
[18:02:40.745]: (0.7, 1.4, 1.8) 1
[18:02:40.788]: (0.8, 1.5, 1.5) 2
[18:02:41.877]: (-0.2, 0.8, 2.7) 16
