[18:14:51.630]: (-3.7, -1.9, -0.1) 20
[18:14:52.010]: (-3.5, -1.8, 0.0) 19
[18:14:52.109]: (-2.7, -0.9, 0.0) 25
[18:14:52.130]: (-3.6, -1.8, 0.0) 21
[18:14:52.155]: (-2.7, -0.8, -0.1) 25
[18:14:52.175]: (-2.7, -0.8, -0.1) 25
[18:14:52.198]: (-2.6, -0.7, 0.0) 26
[18:14:52.220]: (-2.6, -0.7, 0.0) 26
[18:14:56.183]: (-0.3, 1.3, -0.2) 8
[18:14:56.227]: (-0.3, 1.3, -0.2) 8
[18:14:56.275]: (-0.3, 1.3, -0.2) 8
[18:14:56.309]: (-0.3, 1.3, -0.1) 11
[18:14:56.326]: (-0.3, 1.3, -0.1) 8
[18:14:56.530]: (-0.3, 1.3, -0.2) 8
[18:14:56.547]: (-0.3, 1.3, -0.2) 6
[18:14:56.579]: (-0.3, 1.3, -0.2) 8
[18:14:56.641]: (-0.3, 1.3, -0.2) 6
[18:14:56.839]: (-0.3, 1.4, -0.2) 8
[18:14:56.884]: (-0.3, 1.4, -0.2) 8
[18:14:56.906]: (-0.4, 1.4, -0.1) 10
[18:14:57.105]: (-0.3, 1.4, -0.2) 8
[18:14:57.185]: (-0.3, 1.3, -0.2) 6
[18:14:57.252]: (-0.3, 1.4, -0.2) 8
[18:14:57.269]: (-0.3, 1.4, -0.2) 8
[18:14:57.345]: (-0.3, 1.4, -0.1) 6
[18:14:57.488]: (-0.3, 1.3, -0.1) 8
[18:14:57.738]: (-0.2, 1.3, 0.0) 11
[18:14:57.785]: (-0.2, 1.3, 0.0) 8
[18:14:58.581]: (-0.4, 1.4, 0.2) 7
[18:14:58.601]: (-0.4, 1.4, 0.2) 7
[18:14:58.624]: (-0.4, 1.4, 0.2) 7
[18:14:58.764]: (-0.4, 1.4, 0.2) 4
[18:14:58.787]: (-0.4, 1.4, 0.2) 9
[18:15:00.319]: (-0.5, 1.5, 0.9) 23
[18:15:01.259]: (0.8, 1.2, 0.6) 25
[18:15:01.286]: (0.2, 1.3, 0.0) 4
[18:15:01.305]: (0.2, 1.3, 0.0) 4
[18:15:01.329]: (0.8, 1.2, 0.6) 25
[18:15:01.352]: (0.8, 1.2, 0.6) 25
[18:15:01.374]: (0.8, 1.2, 0.6) 25
[18:15:01.399]: (0.7, 1.2, 0.6) 26
[18:15:01.487]: (0.2, 1.3, 0.0) 4
[18:15:01.707]: (0.2, 1.3, 0.0) 4
[18:15:01.731]: (0.2, 1.3, 0.0) 4
[18:15:01.747]: (0.2, 1.3, 0.0) 4
[18:15:01.763]: (0.2, 1.3, 0.0) 4
[18:15:01.779]: (0.2, 1.3, 0.0) 4
[18:15:01.797]: (0.2, 1.3, 0.0) 4
[18:15:01.813]: (0.2, 1.3, 0.0) 4
[18:15:01.829]: (0.2, 1.3, 0.0) 4
[18:15:01.846]: (0.2, 1.3, 0.0) 4
[18:15:01.862]: (0.2, 1.3, 0.0) 4
[18:15:01.879]: (0.8, 1.2, 0.6) 25
[18:15:01.924]: (0.7, 1.2, 0.6) 26
[18:15:02.003]: (1.2, 1.1, 1.0) 40
[18:15:02.018]: (1.2, 1.2, 1.0) 39
[18:15:02.034]: (1.2, 1.2, 0.9) 39
[18:15:02.051]: (0.8, 1.2, 0.6) 25
[18:15:02.067]: (0.8, 1.2, 0.6) 25
[18:15:02.084]: (0.2, 1.3, 0.1) 4
[18:15:02.099]: (0.2, 1.3, 0.0) 4
[18:15:02.520]: (0.8, 1.2, 0.3) 35
[18:15:02.844]: (-0.1, 1.2, 0.4) 15
[18:15:02.887]: (-0.2, 1.2, 0.4) 13
[18:15:02.992]: (-0.3, 1.1, 0.2) 6
[18:15:03.014]: (-0.3, 1.1, 0.2) 6
[18:15:03.035]: (-0.3, 1.2, 0.3) 5
[18:15:03.362]: (-0.3, 1.0, 1.0) 29
[18:15:03.396]: (-0.3, 1.1, 0.9) 28
[18:15:04.951]: (-0.2, 1.3, 1.3) 19
[18:15:05.519]: (-0.3, 1.3, 1.6) 39
[18:15:05.540]: (-0.3, 1.3, 1.0) 28
[18:15:05.562]: (-0.3, 1.3, 1.0) 25
[18:15:06.047]: (-0.3, 1.7, 1.2) 23
[18:15:06.082]: (-0.3, 1.7, 1.2) 23
[18:15:06.113]: (-0.3, 1.5, 0.4) 18
[18:15:06.147]: (-0.3, 1.5, 0.4) 18
[18:15:06.180]: (-0.3, 1.7, 1.2) 23
[18:15:06.214]: (-0.3, 1.8, 1.2) 23
[18:15:06.247]: (-0.3, 1.8, 1.2) 23
[18:15:06.904]: (-0.1, 1.4, 0.5) 18
[18:15:06.931]: (-0.1, 1.4, 0.5) 16
[18:15:07.498]: (-0.5, 1.4, 0.9) 32
[18:15:07.588]: (-0.5, 1.5, 0.9) 33
[18:15:07.633]: (-0.5, 1.4, 0.9) 35
[18:15:08.057]: (-0.2, 1.4, 1.8) 37
[18:15:08.080]: (-0.2, 1.4, 1.8) 37
[18:15:08.100]: (-0.2, 1.4, 1.8) 37
[18:15:08.147]: (-0.2, 1.4, 1.8) 37
[18:15:08.166]: (-0.2, 1.3, 1.8) 37
[18:15:08.207]: (-0.2, 1.4, 1.8) 37
[18:15:08.229]: (-0.2, 1.4, 1.8) 37
[18:15:08.247]: (-0.2, 1.4, 1.8) 37
[18:15:08.265]: (-0.2, 1.4, 1.8) 37
[18:15:08.299]: (-0.5, 1.4, 1.5) 19
[18:15:09.401]: (-0.5, 1.3, 0.9) 31
[18:15:09.422]: (-0.5, 1.3, 0.9) 31
[18:15:10.182]: (-0.1, 1.1, 1.2) 29
[18:15:10.227]: (-0.2, 1.1, 1.2) 29
[18:15:10.249]: (-0.2, 1.1, 1.2) 29
[18:15:10.683]: (-0.8, 1.2, 0.4) 45
[18:15:11.099]: (-0.7, 1.2, 0.4) 45
[18:15:11.122]: (-0.7, 1.2, 0.4) 45
[18:15:11.145]: (-0.7, 1.2, 0.4) 45
[18:15:11.232]: (-0.7, 1.1, 0.4) 45
[18:15:11.264]: (-0.8, 1.2, 0.4) 45
[18:15:11.279]: (-0.7, 1.2, 0.4) 45
[18:15:11.297]: (-0.7, 1.1, 0.4) 45
[18:15:11.420]: (-0.8, 1.2, 0.4) 45
[18:15:11.467]: (-0.8, 1.2, 0.4) 45
[18:15:11.486]: (-0.8, 1.2, 0.4) 45
[18:15:11.502]: (-0.8, 1.1, 0.4) 45
[18:15:11.517]: (-0.7, 1.2, 0.4) 45
[18:15:11.564]: (-0.7, 1.2, 0.4) 45
[18:15:11.594]: (-0.7, 1.2, 0.4) 45
[18:15:11.613]: (-0.7, 1.2, 0.4) 45
[18:15:12.045]: (-0.3, 1.0, 0.6) 16
[18:15:12.066]: (-0.4, 1.0, 0.6) 16
[18:15:12.566]: (-0.6, 1.3, 1.0) 33
[18:15:13.168]: (-0.8, 1.6, 1.5) 0
[18:15:13.957]: (-0.1, 1.1, 1.2) 28
[18:15:14.750]: (-0.1, 0.9, 0.4) 7
[18:15:14.859]: (-0.1, 0.9, 0.5) 5
[18:15:14.878]: (-0.1, 0.9, 0.5) 5
[18:15:16.187]: (-0.3, 1.0, 0.5) 14
[18:15:16.576]: (-0.5, 1.3, 0.9) 31
[18:15:16.887]: (-0.9, 1.6, 1.4) 3
[18:15:17.318]: (-0.2, 1.1, 1.2) 29
[18:15:17.410]: (-0.1, 1.1, 1.2) 28
[18:15:17.426]: (-0.2, 1.1, 1.2) 28
[18:15:17.953]: (-0.2, 1.1, 1.2) 29
[18:15:17.977]: (-0.2, 1.1, 1.2) 29
[18:15:17.997]: (-0.2, 1.1, 1.2) 29
[18:15:18.021]: (-0.2, 1.1, 1.2) 29
[18:15:20.143]: (-0.8, 1.5, 1.4) 2
[18:15:20.193]: (-0.9, 1.5, 1.4) 1
[18:15:20.303]: (-0.8, 1.5, 1.4) 1
[18:15:20.366]: (-0.8, 1.6, 1.4) 2
[18:15:20.630]: (-0.5, 1.3, 0.9) 30
[18:15:22.039]: (-0.4, 1.0, 0.6) 18
[18:15:22.054]: (-0.4, 1.0, 0.6) 18
[18:15:22.071]: (-0.4, 1.0, 0.6) 18
[18:15:22.086]: (-0.4, 1.0, 0.6) 18
[18:15:22.102]: (-0.4, 1.0, 0.6) 18
[18:15:22.142]: (-0.4, 1.0, 0.6) 18
[18:15:22.162]: (-0.4, 1.1, 0.6) 17
[18:15:22.185]: (-0.5, 1.2, 0.9) 34
[18:15:22.207]: (-0.5, 1.3, 0.9) 30
[18:15:22.252]: (-0.6, 1.3, 0.9) 35
[18:15:22.275]: (-0.6, 1.3, 0.8) 35
[18:15:22.296]: (-0.6, 1.3, 0.9) 35
[18:15:22.318]: (-0.5, 1.3, 0.9) 35
[18:15:22.341]: (-0.5, 1.3, 0.9) 35
[18:15:23.308]: (-0.5, 1.3, 0.9) 30
[18:15:24.322]: (-0.9, 1.5, 1.4) 1
[18:15:24.341]: (-0.9, 1.5, 1.4) 1
[18:15:24.361]: (-0.8, 1.5, 1.4) 1
[18:15:24.381]: (-0.8, 1.5, 1.4) 2
[18:15:24.430]: (-0.9, 1.5, 1.4) 1
[18:15:24.450]: (-0.9, 1.5, 1.4) 1
[18:15:24.468]: (-0.8, 1.5, 1.4) 2
[18:15:24.607]: (-0.5, 1.3, 0.9) 32
[18:15:24.626]: (-0.4, 1.3, 0.9) 32
[18:15:25.314]: (-0.3, 1.1, 0.5) 15
[18:15:25.423]: (-0.1, 0.9, 0.5) 6
[18:15:26.017]: (-0.5, 1.3, 0.9) 30
[18:15:27.110]: (-0.8, 1.6, 1.5) 0
[18:15:27.664]: (-0.4, 1.2, 1.5) 23
[18:15:28.364]: (-0.5, 1.7, 1.4) 20
[18:15:28.388]: (-0.5, 1.7, 1.4) 20
[18:15:31.681]: (-0.2, 0.9, 0.6) 14
[18:15:31.698]: (-0.2, 0.9, 0.6) 14
[18:15:31.713]: (-0.2, 0.9, 0.6) 14
[18:15:31.737]: (-0.2, 0.9, 0.6) 14
[18:15:32.069]: (-0.6, 1.1, 0.9) 30
[18:15:32.092]: (-0.6, 1.1, 0.9) 30
[18:15:34.546]: (-0.5, 1.0, 0.9) 34
[18:15:34.726]: (-0.6, 1.1, 0.9) 30
[18:15:35.402]: (-0.3, 0.9, 0.6) 15
[18:15:35.979]: (-0.5, 1.3, 1.4) 23
[18:15:36.612]: (-0.3, 0.9, 0.6) 15
[18:15:36.815]: (-0.6, 1.0, 0.9) 35
[18:15:37.732]: (0.0, 1.1, 0.5) 9
[18:15:37.766]: (0.0, 1.0, 0.5) 7
[18:15:38.314]: (0.0, 1.0, 0.5) 6
[18:15:38.610]: (-0.9, 1.2, 1.4) 1
[18:15:39.605]: (-0.6, 1.1, 0.9) 35
[18:15:40.157]: (-0.1, 1.3, 1.2) 25
[18:15:40.223]: (-0.1, 1.3, 1.2) 25
[18:15:40.257]: (-0.1, 1.4, 1.2) 25
[18:15:40.289]: (-0.2, 1.4, 1.2) 27
[18:15:40.323]: (-0.1, 1.3, 1.2) 27
[18:15:40.940]: (-0.3, 0.9, 0.6) 15
[18:15:42.099]: (-0.3, 1.7, 1.7) 36
[18:15:42.282]: (-0.3, 1.7, 1.7) 36
[18:15:42.299]: (-0.3, 1.7, 1.7) 36
[18:15:42.316]: (-0.3, 1.6, 1.7) 37
[18:15:43.502]: (-0.3, 0.9, 0.6) 15
[18:15:43.518]: (-0.3, 0.9, 0.6) 15
[18:15:43.536]: (-0.3, 0.9, 0.6) 17
[18:15:43.572]: (-0.3, 0.9, 0.6) 15
[18:15:43.593]: (-0.3, 0.9, 0.6) 15
[18:15:43.720]: (-0.3, 0.9, 0.6) 15
[18:15:43.787]: (-0.3, 0.9, 0.6) 15
[18:15:44.531]: (-0.3, 0.9, 0.6) 15
[18:15:47.086]: (-0.6, 0.6, 0.5) 45
[18:15:47.198]: (-0.6, 0.7, 0.5) 45
[18:15:47.265]: (-0.6, 0.7, 0.6) 41
[18:15:47.908]: (-0.6, 1.0, 0.9) 35
[18:15:47.930]: (-0.6, 1.0, 0.9) 35
[18:15:47.952]: (-0.6, 1.0, 0.9) 35
[18:15:47.976]: (-0.6, 1.0, 0.9) 35
[18:15:47.997]: (-0.6, 1.0, 0.9) 35
[18:15:48.021]: (-0.6, 1.0, 0.9) 35
[18:15:48.086]: (-0.6, 1.0, 0.9) 35
[18:15:50.351]: (-0.9, 1.3, 1.5) 2
[18:15:52.998]: (-0.5, 1.5, 1.5) 21
[18:15:53.029]: (-0.6, 1.1, 0.9) 35
[18:15:54.905]: (-0.6, 1.1, 0.9) 35
[18:15:54.927]: (-0.6, 1.1, 0.9) 35
[18:15:54.948]: (-0.6, 1.1, 0.9) 35
[18:15:55.016]: (-0.6, 1.1, 0.9) 35
[18:15:55.038]: (-0.6, 1.1, 0.9) 35
[18:15:55.129]: (-0.6, 1.1, 0.9) 30
[18:15:56.127]: (-0.3, 1.0, 0.6) 15
[18:16:00.436]: (-0.3, 1.7, 1.7) 37
[18:16:00.458]: (-0.3, 1.7, 1.7) 37
[18:16:00.547]: (-0.2, 1.7, 1.7) 38
[18:16:00.569]: (-0.2, 1.7, 1.7) 36
[18:16:00.585]: (-0.2, 1.7, 1.7) 36
[18:16:00.602]: (-0.2, 1.7, 1.7) 36
[18:16:00.634]: (-0.2, 1.7, 1.7) 36
[18:16:00.666]: (-0.2, 1.7, 1.7) 36
[18:16:00.681]: (-0.2, 1.7, 1.6) 39
[18:16:01.046]: (-0.3, 1.7, 1.7) 37
[18:16:01.068]: (-0.3, 1.7, 1.7) 37
[18:16:01.091]: (-0.3, 1.7, 1.7) 37
[18:16:01.113]: (-0.3, 1.7, 1.7) 37
[18:16:02.469]: (-0.5, 1.5, 1.5) 24
[18:16:02.946]: (-0.5, 1.5, 1.5) 21
[18:16:04.734]: (0.1, 1.0, 0.5) 7
[18:16:04.824]: (0.0, 1.0, 0.5) 4
[18:16:04.963]: (0.1, 1.0, 0.5) 6
