[18:08:03.795]: (-1.5, -0.9, 0.0) 40
[18:08:04.652]: (-0.6, 0.8, 2.6) 7
[18:08:04.673]: (-0.5, 0.8, 2.7) 7
[18:08:05.135]: (0.3, 1.2, 3.5) 12
[18:08:05.158]: (0.3, 1.2, 3.6) 12
[18:08:05.179]: (0.3, 1.2, 3.5) 12
[18:08:05.196]: (0.3, 1.2, 3.6) 12
[18:08:05.213]: (0.3, 1.2, 3.6) 12
[18:08:05.244]: (0.3, 1.2, 3.6) 12
[18:08:05.264]: (0.3, 1.2, 3.6) 12
[18:08:05.314]: (0.6, 1.2, 4.9) 31
[18:08:05.331]: (0.6, 1.1, 4.8) 31
[18:08:05.347]: (0.7, 1.2, 4.8) 31
[18:08:05.453]: (0.7, 1.1, 4.8) 31
[18:08:05.515]: (0.6, 1.1, 4.8) 31
[18:08:06.660]: (0.3, 1.4, 3.3) 13
[18:08:06.710]: (0.3, 1.4, 3.3) 13
[18:08:06.820]: (0.3, 1.5, 3.2) 13
[18:08:06.841]: (0.3, 1.5, 3.2) 13
[18:08:06.977]: (0.1, 1.7, 4.8) 30
[18:08:08.752]: (0.7, 1.8, 3.6) 16
[18:08:09.081]: (0.1, 1.6, 3.1) 13
[18:08:09.114]: (0.2, 1.6, 3.1) 13
[18:08:09.491]: (-0.9, 1.8, 5.3) 34
[18:08:09.624]: (-0.9, 1.9, 5.3) 34
[18:08:09.780]: (-0.9, 1.9, 5.3) 34
[18:08:12.968]: (-1.5, 1.8, 5.0) 34
[18:08:13.235]: (0.2, 1.3, 1.5) 41
[18:08:13.324]: (-0.2, 1.7, 3.0) 13
[18:08:15.655]: (-1.6, 1.9, 5.0) 34
[18:08:15.677]: (-1.5, 1.9, 5.0) 34
[18:08:15.700]: (-1.5, 1.9, 5.0) 34
[18:08:15.723]: (-1.5, 1.9, 5.0) 34
[18:08:15.745]: (-1.5, 1.9, 5.0) 34
[18:08:15.767]: (-1.0, 1.7, 4.1) 24
[18:08:16.029]: (-0.9, 1.7, 4.2) 26
[18:08:16.046]: (-0.9, 1.7, 4.2) 26
[18:08:16.062]: (-0.9, 1.7, 4.2) 26
[18:08:16.078]: (-0.9, 1.7, 4.1) 24
[18:08:16.094]: (-0.9, 1.7, 4.1) 24
[18:08:16.110]: (-0.9, 1.7, 4.1) 24
[18:08:16.127]: (-1.0, 1.7, 4.1) 24
[18:08:16.366]: (0.2, 1.3, 1.4) 41
[18:08:16.432]: (0.6, 1.3, 1.0) 1
[18:08:17.981]: (1.2, 1.9, 1.9) 14
[18:08:18.780]: (0.6, 1.2, 1.0) 1
[18:08:18.810]: (0.6, 1.2, 1.1) 1
[18:08:18.827]: (0.6, 1.2, 1.0) 1
[18:08:18.843]: (0.6, 1.2, 1.0) 1
[18:08:18.859]: (0.6, 1.2, 1.0) 1
[18:08:18.875]: (0.6, 1.2, 1.0) 1
[18:08:18.891]: (0.6, 1.2, 1.0) 1
[18:08:18.907]: (0.6, 1.2, 1.0) 1
[18:08:18.925]: (0.6, 1.2, 1.0) 1
[18:08:18.941]: (0.6, 1.2, 1.0) 1
[18:08:18.957]: (0.6, 1.2, 1.0) 1
[18:08:18.974]: (0.6, 1.2, 1.0) 1
[18:08:18.990]: (0.6, 1.2, 1.0) 1
[18:08:19.010]: (0.6, 1.2, 1.0) 1
[18:08:19.031]: (0.6, 1.2, 1.0) 1
[18:08:19.054]: (0.6, 1.2, 1.0) 1
[18:08:19.076]: (0.6, 1.2, 1.0) 1
[18:08:19.099]: (0.6, 1.2, 1.0) 1
[18:08:19.691]: (0.5, 1.3, 1.1) 1
[18:08:19.786]: (0.6, 1.3, 1.0) 1
[18:08:19.802]: (0.6, 1.3, 1.1) 1
[18:08:19.818]: (0.6, 1.3, 1.0) 1
[18:08:20.109]: (0.0, 1.5, 2.3) 7
[18:08:20.266]: (-0.2, 1.7, 3.0) 13
[18:08:20.285]: (-0.2, 1.7, 3.0) 13
[18:08:20.333]: (-0.2, 1.6, 3.0) 13
[18:08:20.657]: (-1.5, 1.8, 5.0) 34
[18:08:20.674]: (-1.5, 1.8, 5.0) 34
[18:08:20.689]: (-1.5, 1.9, 5.0) 34
[18:08:20.707]: (-1.5, 1.9, 5.0) 34
[18:08:20.768]: (-0.4, 1.6, 3.1) 12
[18:08:21.032]: (0.0, 1.5, 2.2) 7
[18:08:22.397]: (0.2, 1.6, 2.3) 8
[18:08:22.965]: (1.2, 2.4, 2.8) 36
[18:08:22.983]: (1.2, 2.4, 2.8) 36
[18:08:23.000]: (1.2, 2.4, 2.8) 36
[18:08:23.016]: (1.2, 2.4, 2.8) 36
[18:08:23.032]: (1.2, 2.4, 2.8) 36
[18:08:23.048]: (1.2, 2.4, 2.8) 36
[18:08:23.066]: (1.2, 2.4, 2.8) 36
[18:08:23.086]: (1.2, 2.4, 2.8) 36
[18:08:23.105]: (1.2, 2.4, 2.8) 36
[18:08:23.122]: (1.2, 2.4, 2.8) 36
[18:08:23.245]: (1.2, 2.4, 2.8) 36
[18:08:23.641]: (1.2, 1.7, 1.3) 3
[18:08:23.664]: (1.2, 1.7, 1.3) 3
[18:08:23.685]: (1.2, 1.7, 1.3) 3
[18:08:23.707]: (1.2, 1.7, 1.3) 3
[18:08:23.752]: (1.2, 1.7, 1.3) 3
[18:08:24.296]: (1.2, 1.7, 1.3) 3
[18:08:24.916]: (1.2, 1.7, 1.3) 3
[18:08:25.552]: (0.2, 1.6, 2.3) 8
[18:08:25.703]: (-1.5, 1.3, 3.6) 23
[18:08:25.768]: (-1.5, 1.2, 3.6) 23
[18:08:25.893]: (-1.6, 1.2, 3.5) 21
[18:08:25.927]: (-1.5, 1.3, 3.5) 23
[18:08:26.771]: (-0.2, 1.7, 3.0) 13
[18:08:26.804]: (-0.2, 1.7, 3.0) 13
[18:08:26.853]: (-0.3, 1.7, 3.0) 13
[18:08:26.896]: (-0.2, 1.7, 3.0) 13
[18:08:26.919]: (-0.2, 1.7, 3.0) 13
[18:08:26.939]: (-0.2, 1.7, 3.0) 13
[18:08:26.963]: (-0.2, 1.7, 3.0) 13
[18:08:26.984]: (-0.2, 1.7, 3.0) 13
[18:08:27.051]: (0.1, 1.6, 2.3) 6
[18:08:27.073]: (0.1, 1.6, 2.3) 6
[18:08:27.096]: (0.1, 1.6, 2.3) 6
[18:08:27.118]: (0.1, 1.6, 2.3) 6
[18:08:27.141]: (0.1, 1.6, 2.3) 6
[18:08:27.162]: (0.1, 1.6, 2.3) 6
[18:08:27.184]: (0.2, 1.6, 2.3) 6
[18:08:27.209]: (0.2, 1.6, 2.4) 6
[18:08:27.231]: (0.0, 1.5, 2.2) 7
[18:08:27.252]: (0.0, 1.5, 2.2) 7
[18:08:27.274]: (0.0, 1.5, 2.2) 7
[18:08:27.295]: (0.1, 1.5, 2.2) 7
[18:08:29.084]: (0.1, 1.6, 2.3) 6
[18:08:29.106]: (0.1, 1.6, 2.3) 6
[18:08:29.128]: (0.2, 1.6, 2.4) 6
[18:08:29.201]: (0.1, 1.6, 2.3) 6
[18:08:29.218]: (0.1, 1.6, 2.3) 6
[18:08:29.235]: (0.1, 1.6, 2.3) 6
[18:08:29.251]: (0.1, 1.6, 2.3) 6
[18:08:29.268]: (0.1, 1.6, 2.3) 6
[18:08:29.283]: (0.1, 1.5, 2.3) 7
[18:08:29.301]: (0.1, 1.6, 2.3) 6
[18:08:29.318]: (0.1, 1.6, 2.3) 6
[18:08:29.336]: (0.1, 1.6, 2.3) 6
[18:08:29.370]: (0.1, 1.6, 2.3) 6
[18:08:29.385]: (0.1, 1.6, 2.3) 6
[18:08:29.401]: (0.1, 1.6, 2.3) 6
[18:08:29.418]: (0.1, 1.6, 2.3) 6
[18:08:29.436]: (0.1, 1.6, 2.3) 6
[18:08:29.452]: (0.1, 1.6, 2.3) 6
[18:08:29.469]: (0.1, 1.6, 2.3) 6
[18:08:29.485]: (0.2, 1.6, 2.3) 8
[18:08:30.672]: (0.1, 1.6, 2.4) 6
[18:08:30.695]: (0.1, 1.6, 2.4) 6
[18:08:35.205]: (-0.4, 2.1, 4.4) 31
[18:08:35.813]: (-1.7, 1.5, 4.3) 27
[18:08:35.837]: (-1.8, 1.4, 4.3) 29
[18:08:36.014]: (-1.5, 1.3, 3.6) 23
