[18:33:37.428]: (-1.7, -0.1, 0.1) 14
[18:33:37.649]: (-2.2, 0.7, 1.4) 22
[18:33:37.671]: (-1.9, 0.9, 1.4) 31
[18:33:37.716]: (-1.7, 1.2, 1.7) 21
[18:33:37.735]: (-1.8, 1.0, 1.7) 32
[18:33:37.935]: (-0.8, 1.4, 1.4) 8
[18:33:38.060]: (-0.8, 1.5, 1.6) 2
[18:33:38.142]: (-0.4, 1.5, 1.7) 14
[18:33:38.283]: (-0.6, 1.4, 1.2) 10
[18:33:38.346]: (-0.4, 1.6, 1.5) 0
[18:33:38.423]: (-0.4, 1.5, 1.5) 1
[18:33:38.446]: (-0.4, 1.5, 1.6) 2
[18:33:39.099]: (0.0, 1.5, 1.7) 14
[18:33:39.132]: (0.0, 1.5, 1.7) 14
[18:33:39.169]: (0.0, 1.4, 1.4) 8
[18:33:39.201]: (0.0, 1.5, 1.4) 8
[18:33:39.303]: (-0.2, 1.6, 1.6) 2
[18:33:39.335]: (-0.2, 1.5, 1.4) 5
[18:33:39.358]: (-0.2, 1.5, 1.4) 5
[18:33:39.379]: (-0.3, 1.5, 1.6) 6
[18:33:39.402]: (-0.2, 1.6, 1.8) 11
[18:33:39.424]: (-0.2, 1.5, 1.8) 11
[18:33:39.446]: (-0.2, 1.5, 1.8) 11
[18:33:39.470]: (-0.2, 1.5, 1.8) 11
[18:33:39.490]: (-0.2, 1.5, 1.8) 11
[18:33:39.512]: (-0.2, 1.5, 1.8) 11
[18:33:39.620]: (-0.1, 1.5, 1.7) 4
[18:33:39.666]: (-0.1, 1.5, 1.7) 4
[18:33:39.709]: (-0.1, 1.5, 1.7) 4
[18:33:39.799]: (-0.1, 1.5, 1.7) 4
[18:33:39.820]: (-0.1, 1.5, 1.7) 4
[18:33:39.844]: (-0.1, 1.5, 1.7) 4
[18:33:39.865]: (-0.1, 1.5, 1.6) 4
[18:33:39.887]: (-0.2, 1.5, 1.7) 2
[18:33:39.911]: (-0.2, 1.5, 1.6) 2
[18:33:39.933]: (-0.2, 1.5, 1.6) 2
[18:33:40.023]: (-0.2, 1.5, 1.5) 1
[18:33:40.049]: (-0.2, 1.5, 1.6) 2
[18:33:40.069]: (-0.2, 1.5, 1.4) 3
[18:33:40.090]: (-0.2, 1.5, 1.3) 10
[18:33:40.248]: (-0.2, 1.5, 1.4) 5
[18:33:40.271]: (-0.2, 1.5, 1.4) 5
[18:33:40.292]: (-0.3, 1.6, 1.6) 4
[18:33:40.316]: (-0.3, 1.6, 1.7) 11
[18:33:40.337]: (-0.2, 1.6, 1.7) 11
[18:33:40.383]: (-0.2, 1.5, 1.7) 11
[18:33:40.406]: (-0.2, 1.5, 1.7) 11
[18:33:40.426]: (-0.2, 1.6, 1.7) 11
[18:33:40.839]: (-0.1, 1.5, 1.6) 4
[18:33:40.887]: (0.7, 1.9, 1.9) 22
[18:33:40.905]: (0.7, 1.9, 1.9) 22
[18:33:40.922]: (0.8, 1.9, 1.9) 22
[18:33:40.953]: (0.7, 1.9, 1.7) 31
[18:33:40.969]: (0.8, 1.9, 1.8) 21
[18:33:40.985]: (0.8, 1.9, 1.8) 21
[18:33:41.003]: (0.8, 1.9, 1.8) 21
[18:33:41.019]: (0.8, 2.0, 2.0) 20
[18:33:41.036]: (0.7, 1.9, 1.7) 31
[18:33:41.054]: (0.7, 1.9, 1.7) 31
[18:33:41.069]: (0.7, 1.9, 1.7) 31
[18:33:41.108]: (0.8, 1.9, 1.8) 19
[18:33:41.152]: (0.8, 1.9, 2.1) 18
[18:33:41.174]: (0.8, 1.9, 2.1) 18
[18:33:41.223]: (0.7, 1.9, 1.7) 26
[18:33:41.246]: (0.6, 1.8, 1.8) 26
[18:33:41.422]: (0.5, 1.6, 2.4) 29
[18:33:41.446]: (0.5, 1.6, 2.4) 29
[18:33:41.467]: (0.5, 1.6, 2.4) 29
[18:33:41.486]: (0.4, 1.6, 2.4) 29
[18:33:41.501]: (0.4, 1.6, 2.4) 29
[18:33:41.518]: (0.4, 1.6, 2.4) 29
[18:33:41.536]: (0.4, 1.5, 2.3) 18
[18:33:41.559]: (0.4, 1.5, 2.3) 18
[18:33:41.579]: (0.4, 1.5, 2.2) 18
[18:33:41.596]: (0.4, 1.5, 2.3) 18
[18:33:41.612]: (0.4, 1.5, 2.3) 18
[18:33:41.628]: (0.4, 1.5, 2.3) 18
[18:33:41.644]: (0.4, 1.5, 2.3) 18
[18:33:41.659]: (0.4, 1.5, 2.3) 18
[18:33:41.674]: (0.4, 1.5, 2.3) 18
[18:33:41.706]: (0.3, 1.5, 2.3) 20
[18:33:41.722]: (0.3, 1.5, 2.2) 20
[18:33:41.737]: (0.4, 1.5, 2.3) 18
[18:33:41.903]: (-0.6, 1.1, 1.3) 12
[18:33:42.031]: (-0.5, 1.2, 1.6) 2
[18:33:42.053]: (-0.4, 1.2, 1.6) 2
[18:33:42.075]: (-0.4, 1.2, 1.6) 2
[18:33:42.098]: (-0.4, 1.2, 1.5) 1
[18:33:42.120]: (-0.4, 1.2, 1.5) 1
[18:33:42.142]: (-0.3, 1.2, 1.5) 1
[18:33:42.164]: (-0.2, 1.2, 1.5) 0
[18:33:42.209]: (0.2, 1.4, 1.9) 31
[18:33:42.231]: (0.2, 1.4, 1.9) 31
[18:33:42.255]: (0.3, 1.4, 1.9) 31
[18:33:42.279]: (0.2, 1.4, 2.0) 31
[18:33:42.300]: (0.2, 1.4, 1.9) 31
[18:33:42.324]: (0.2, 1.4, 2.0) 31
[18:33:42.343]: (0.2, 1.4, 2.0) 31
[18:33:42.362]: (0.2, 1.4, 2.1) 22
[18:33:42.379]: (0.2, 1.4, 2.2) 22
[18:33:42.397]: (0.2, 1.4, 2.1) 22
[18:33:42.415]: (0.2, 1.4, 2.1) 22
[18:33:42.436]: (0.1, 1.4, 2.2) 32
[18:33:42.453]: (0.1, 1.4, 2.2) 32
[18:33:42.489]: (0.1, 1.4, 2.2) 32
[18:33:42.506]: (0.2, 1.4, 2.2) 22
[18:33:42.523]: (0.1, 1.4, 2.2) 32
[18:33:42.539]: (0.1, 1.4, 2.2) 32
[18:33:42.557]: (0.2, 1.4, 2.2) 32
[18:33:42.573]: (0.2, 1.4, 2.2) 32
[18:33:42.590]: (0.2, 1.4, 2.2) 32
[18:33:42.606]: (0.1, 1.4, 2.2) 32
[18:33:42.623]: (0.1, 1.4, 2.2) 32
[18:33:42.641]: (0.1, 1.4, 2.2) 32
[18:33:42.658]: (0.1, 1.4, 2.1) 32
[18:33:42.674]: (0.1, 1.4, 2.2) 32
[18:33:42.691]: (0.1, 1.4, 2.2) 32
[18:33:42.709]: (0.1, 1.4, 2.2) 32
[18:33:42.726]: (0.1, 1.5, 2.2) 32
[18:33:42.744]: (0.1, 1.4, 2.2) 32
[18:33:42.761]: (0.1, 1.4, 2.2) 32
[18:33:42.778]: (0.1, 1.4, 2.2) 32
[18:33:42.875]: (-0.8, 1.0, 1.5) 13
[18:33:42.919]: (-0.7, 1.0, 1.5) 13
[18:33:43.052]: (-0.4, 1.2, 1.5) 1
[18:33:43.075]: (-0.2, 1.2, 1.4) 0
[18:33:43.347]: (0.1, 1.4, 2.2) 32
[18:33:43.363]: (0.2, 1.4, 2.2) 22
[18:33:43.380]: (0.2, 1.5, 2.2) 22
[18:33:43.396]: (0.2, 1.5, 2.2) 22
[18:33:43.411]: (0.2, 1.4, 2.1) 22
[18:33:43.428]: (0.2, 1.4, 2.1) 22
[18:33:43.447]: (0.2, 1.4, 2.1) 22
[18:33:43.464]: (0.2, 1.4, 2.1) 22
[18:33:43.482]: (0.2, 1.4, 2.1) 22
[18:33:43.500]: (0.2, 1.4, 2.1) 22
[18:33:43.517]: (0.2, 1.4, 2.1) 22
[18:33:43.534]: (0.2, 1.4, 2.1) 22
[18:33:43.549]: (0.2, 1.4, 2.1) 22
[18:33:43.565]: (0.2, 1.4, 2.1) 22
[18:33:43.581]: (0.2, 1.4, 2.1) 22
[18:33:43.598]: (0.2, 1.4, 2.1) 22
[18:33:43.614]: (0.2, 1.4, 2.2) 22
[18:33:43.631]: (0.2, 1.4, 2.2) 22
[18:33:43.647]: (0.2, 1.4, 2.1) 22
[18:33:43.662]: (0.2, 1.4, 2.2) 22
[18:33:43.677]: (0.2, 1.4, 2.2) 22
[18:33:43.695]: (0.3, 1.4, 2.0) 31
[18:33:43.718]: (0.4, 1.5, 2.0) 19
[18:33:43.763]: (0.4, 1.5, 2.0) 19
[18:33:43.785]: (0.4, 1.5, 2.0) 19
[18:33:43.807]: (0.4, 1.5, 2.0) 19
[18:33:43.919]: (0.4, 1.5, 2.3) 18
[18:33:43.942]: (0.4, 1.5, 2.3) 18
[18:33:43.963]: (0.4, 1.5, 2.3) 18
[18:33:44.430]: (0.2, 1.4, 2.0) 31
[18:33:44.524]: (0.2, 1.4, 2.2) 32
[18:33:44.540]: (0.2, 1.4, 2.2) 32
[18:33:44.556]: (0.2, 1.4, 2.2) 32
[18:33:44.573]: (0.2, 1.4, 2.2) 32
[18:33:44.596]: (0.1, 1.4, 2.2) 32
[18:33:44.620]: (0.1, 1.4, 2.2) 32
[18:33:44.640]: (0.1, 1.4, 2.1) 32
[18:33:44.841]: (-0.4, 1.2, 1.5) 1
[18:33:44.908]: (-0.3, 1.2, 1.5) 1
[18:33:45.286]: (0.2, 1.4, 2.0) 31
[18:33:45.303]: (0.2, 1.4, 1.9) 31
[18:33:45.319]: (0.2, 1.4, 2.0) 31
[18:33:45.336]: (0.2, 1.4, 1.9) 31
[18:33:45.351]: (0.2, 1.4, 1.9) 31
[18:33:45.367]: (0.2, 1.4, 1.9) 31
[18:33:45.385]: (0.2, 1.4, 1.9) 31
[18:33:45.404]: (0.2, 1.4, 2.0) 31
[18:33:45.419]: (0.2, 1.4, 2.0) 31
[18:33:45.434]: (0.2, 1.4, 2.0) 31
[18:33:45.451]: (0.2, 1.4, 2.0) 31
[18:33:45.474]: (0.2, 1.4, 2.0) 31
[18:33:45.497]: (0.2, 1.4, 2.0) 31
[18:33:45.518]: (0.2, 1.4, 2.0) 31
[18:33:45.540]: (0.2, 1.4, 2.0) 31
[18:33:45.562]: (0.2, 1.4, 2.0) 31
[18:33:45.585]: (0.2, 1.4, 2.0) 31
[18:33:45.607]: (0.2, 1.5, 2.1) 22
[18:33:45.628]: (0.2, 1.5, 2.1) 22
[18:33:45.653]: (0.2, 1.4, 2.1) 22
[18:33:45.674]: (0.2, 1.4, 2.1) 22
[18:33:45.697]: (0.2, 1.5, 2.1) 22
[18:33:45.719]: (0.2, 1.4, 2.1) 22
[18:33:45.740]: (0.2, 1.4, 2.1) 22
[18:33:45.763]: (0.2, 1.4, 2.1) 22
[18:33:45.785]: (0.2, 1.4, 2.1) 22
[18:33:45.806]: (0.2, 1.4, 2.1) 22
[18:33:45.829]: (0.2, 1.4, 2.1) 22
[18:33:45.851]: (0.2, 1.4, 2.1) 22
[18:33:46.476]: (0.0, 1.0, 2.2) 32
[18:33:46.502]: (0.0, 1.0, 2.2) 32
[18:33:46.524]: (0.0, 1.0, 2.4) 30
[18:33:46.588]: (-0.1, 0.9, 2.4) 18
[18:33:47.113]: (-0.7, 1.4, 1.2) 12
[18:33:47.445]: (-0.6, 1.3, 1.5) 13
[18:33:47.466]: (-0.5, 1.3, 1.5) 6
[18:33:47.488]: (-0.5, 1.4, 1.5) 6
[18:33:47.509]: (-0.5, 1.4, 1.5) 6
[18:33:47.533]: (-0.4, 1.3, 1.4) 5
[18:33:47.754]: (-0.2, 1.7, 1.4) 1
[18:33:47.776]: (-0.2, 1.7, 1.4) 1
[18:33:47.798]: (-0.2, 1.7, 1.4) 1
[18:33:47.818]: (-0.2, 1.7, 1.4) 1
[18:33:47.838]: (-0.2, 1.7, 1.4) 1
[18:33:47.859]: (-0.2, 1.7, 1.4) 1
[18:33:47.881]: (-0.2, 1.7, 1.4) 1
[18:33:47.903]: (-0.2, 1.7, 1.4) 1
[18:33:47.924]: (-0.2, 1.7, 1.4) 1
[18:33:47.943]: (-0.3, 1.7, 1.4) 1
[18:33:47.958]: (-0.3, 1.7, 1.4) 1
[18:33:47.973]: (-0.3, 1.7, 1.4) 1
[18:33:47.990]: (-0.3, 1.7, 1.4) 1
[18:33:48.006]: (-0.3, 1.7, 1.4) 1
[18:33:48.023]: (-0.3, 1.7, 1.4) 1
[18:33:48.055]: (-0.4, 1.7, 1.5) 4
[18:33:48.077]: (-0.4, 1.7, 1.5) 2
[18:33:48.097]: (-0.4, 1.7, 1.5) 2
[18:33:48.114]: (-0.4, 1.7, 1.5) 2
[18:33:48.130]: (-0.4, 1.7, 1.5) 2
[18:33:48.146]: (-0.4, 1.7, 1.5) 2
[18:33:48.162]: (-0.4, 1.7, 1.5) 2
[18:33:48.179]: (-0.4, 1.8, 1.5) 2
[18:33:48.196]: (-0.4, 1.8, 1.5) 2
[18:33:48.212]: (-0.4, 1.8, 1.5) 2
[18:33:48.229]: (-0.4, 1.8, 1.5) 2
[18:33:48.246]: (-0.4, 1.8, 1.4) 2
[18:33:48.263]: (-0.4, 1.8, 1.4) 2
[18:33:48.284]: (-0.3, 1.8, 1.4) 2
[18:33:48.328]: (0.2, 1.8, 1.9) 31
[18:33:48.349]: (0.2, 1.8, 1.9) 31
[18:33:48.732]: (0.1, 1.8, 1.2) 0
[18:33:49.087]: (-0.3, 1.8, 1.5) 4
[18:33:49.147]: (-0.4, 1.9, 1.5) 11
[18:33:49.177]: (-0.4, 1.9, 1.6) 11
[18:33:49.238]: (-0.4, 1.9, 1.5) 11
[18:33:49.260]: (-0.4, 1.8, 1.4) 4
[18:33:49.283]: (-0.4, 1.8, 1.6) 11
[18:33:49.306]: (-0.4, 1.8, 1.5) 11
[18:33:49.330]: (-0.4, 1.8, 1.5) 11
[18:33:49.353]: (-0.4, 1.8, 1.5) 11
[18:33:49.598]: (0.1, 1.8, 2.0) 22
[18:33:49.621]: (0.2, 1.8, 2.0) 20
[18:33:49.644]: (0.2, 1.8, 2.1) 20
[18:33:49.723]: (0.2, 1.7, 2.1) 20
[18:33:49.739]: (0.2, 1.7, 2.1) 20
[18:33:49.755]: (0.2, 1.7, 2.1) 20
[18:33:49.771]: (0.2, 1.7, 2.1) 20
[18:33:49.787]: (0.2, 1.7, 2.0) 22
[18:33:49.804]: (0.2, 1.7, 2.0) 22
[18:33:49.824]: (0.2, 1.7, 2.0) 22
[18:33:49.845]: (0.2, 1.7, 2.0) 22
[18:33:49.861]: (0.1, 1.6, 2.0) 22
[18:33:49.877]: (0.2, 1.6, 2.0) 22
[18:33:49.893]: (0.2, 1.6, 2.0) 22
[18:33:49.909]: (0.2, 1.6, 2.0) 22
[18:33:49.924]: (0.2, 1.6, 2.0) 22
[18:33:49.940]: (0.1, 1.6, 2.0) 22
[18:33:49.958]: (0.1, 1.6, 2.0) 22
[18:33:49.974]: (0.1, 1.6, 2.0) 22
[18:33:49.992]: (0.1, 1.6, 2.0) 22
[18:33:50.008]: (0.2, 1.6, 2.0) 22
[18:33:50.025]: (0.1, 1.6, 2.0) 22
[18:33:50.041]: (0.1, 1.6, 2.0) 22
[18:33:50.058]: (0.1, 1.6, 2.0) 22
[18:33:50.073]: (0.1, 1.7, 2.0) 22
[18:33:50.090]: (0.1, 1.7, 2.0) 22
[18:33:50.107]: (0.1, 1.7, 2.0) 22
[18:33:50.128]: (0.1, 1.7, 2.0) 22
[18:33:50.149]: (0.1, 1.7, 2.0) 22
[18:33:50.187]: (0.2, 1.7, 1.8) 31
[18:33:50.209]: (0.3, 1.6, 1.8) 31
[18:33:50.230]: (0.2, 1.6, 1.8) 31
[18:33:50.253]: (0.2, 1.7, 1.8) 21
[18:33:50.275]: (0.2, 1.7, 1.8) 21
[18:33:50.299]: (0.2, 1.7, 1.8) 21
[18:33:50.319]: (0.2, 1.7, 1.8) 21
[18:33:50.342]: (0.2, 1.7, 1.8) 21
[18:33:50.364]: (0.2, 1.7, 1.8) 31
[18:33:50.387]: (0.2, 1.7, 1.7) 31
[18:33:50.546]: (0.2, 1.7, 1.8) 21
[18:33:50.566]: (0.1, 1.7, 1.7) 31
[18:33:50.587]: (0.0, 1.9, 1.9) 32
[18:33:50.885]: (0.1, 1.8, 1.9) 22
[18:33:50.902]: (0.1, 1.9, 1.9) 22
[18:33:50.918]: (0.1, 1.8, 1.9) 22
[18:33:50.934]: (0.1, 1.8, 1.9) 22
[18:33:50.949]: (0.1, 1.8, 1.9) 22
[18:33:50.965]: (0.1, 1.8, 1.9) 22
[18:33:50.983]: (0.1, 1.8, 1.9) 22
[18:33:51.005]: (0.1, 1.8, 1.9) 22
[18:33:51.026]: (0.1, 1.8, 1.9) 22
[18:33:51.050]: (0.1, 1.8, 1.9) 22
[18:33:51.073]: (0.1, 1.8, 1.7) 31
[18:33:51.296]: (-0.6, 1.7, 1.3) 13
[18:33:51.320]: (-0.5, 1.6, 1.2) 5
[18:33:51.342]: (-0.5, 1.5, 1.1) 12
[18:33:51.424]: (-0.4, 1.6, 1.2) 5
[18:33:51.583]: (-0.5, 1.7, 1.3) 6
[18:33:51.630]: (-0.4, 1.7, 1.3) 6
[18:33:51.646]: (-0.4, 1.7, 1.3) 6
[18:33:51.664]: (-0.4, 1.7, 1.3) 4
[18:33:51.697]: (-0.2, 1.7, 1.2) 1
[18:33:51.713]: (-0.2, 1.7, 1.2) 1
[18:33:51.730]: (-0.2, 1.7, 1.2) 1
[18:33:51.746]: (-0.2, 1.7, 1.2) 1
[18:33:51.764]: (-0.2, 1.7, 1.2) 1
[18:33:51.780]: (-0.2, 1.7, 1.2) 1
[18:33:51.796]: (-0.2, 1.7, 1.2) 1
[18:33:51.812]: (-0.2, 1.7, 1.2) 1
[18:33:51.827]: (-0.2, 1.7, 1.2) 1
[18:33:51.842]: (-0.2, 1.7, 1.2) 1
[18:33:51.861]: (-0.1, 1.7, 1.2) 1
[18:33:51.891]: (-0.2, 1.6, 1.2) 0
[18:33:51.986]: (-0.2, 1.6, 1.1) 8
[18:33:52.010]: (-0.2, 1.6, 1.1) 8
[18:33:52.031]: (-0.1, 1.6, 1.1) 8
[18:33:52.056]: (-0.1, 1.6, 1.1) 8
[18:33:52.076]: (-0.1, 1.6, 1.1) 8
[18:33:52.098]: (-0.1, 1.6, 1.1) 8
[18:33:52.185]: (-0.1, 1.7, 1.1) 0
[18:33:52.678]: (-0.1, 1.3, 1.5) 14
[18:33:52.709]: (-0.1, 1.2, 1.4) 14
[18:33:52.741]: (-0.2, 1.3, 1.4) 7
[18:33:52.821]: (-0.6, 1.2, 1.2) 5
[18:33:52.916]: (-0.8, 1.2, 1.2) 6
[18:33:52.947]: (-0.7, 1.2, 1.2) 5
[18:33:53.080]: (0.1, 1.6, 1.9) 22
[18:33:53.349]: (0.3, 1.6, 1.7) 19
[18:33:53.382]: (0.4, 1.6, 1.7) 16
[18:33:53.415]: (0.3, 1.6, 1.7) 16
[18:33:53.448]: (0.3, 1.5, 1.7) 16
[18:33:53.482]: (0.3, 1.5, 1.7) 16
[18:33:53.515]: (0.3, 1.6, 1.7) 19
[18:33:53.549]: (0.3, 1.6, 1.8) 19
[18:33:53.649]: (0.2, 1.5, 1.8) 21
[18:33:53.683]: (0.2, 1.6, 1.7) 21
[18:33:53.715]: (0.2, 1.6, 1.7) 21
[18:33:53.749]: (0.2, 1.6, 1.7) 21
[18:33:53.849]: (-0.9, 1.2, 1.2) 13
[18:33:53.915]: (-0.5, 1.4, 1.4) 9
[18:33:53.981]: (-0.6, 1.4, 1.3) 2
[18:33:54.138]: (-0.9, 1.2, 1.3) 13
[18:33:54.160]: (-0.8, 1.2, 1.3) 6
[18:33:54.204]: (-0.6, 1.2, 1.2) 3
[18:33:54.226]: (-0.5, 1.2, 1.1) 3
[18:33:54.248]: (-0.5, 1.2, 1.1) 3
[18:33:54.315]: (-0.5, 1.3, 1.3) 2
[18:33:54.338]: (-0.5, 1.4, 1.4) 9
[18:33:54.358]: (-0.5, 1.4, 1.3) 2
[18:33:54.381]: (-0.7, 1.3, 1.4) 4
[18:33:54.404]: (-0.7, 1.3, 1.3) 4
[18:33:54.448]: (-0.6, 1.4, 1.3) 2
[18:33:54.497]: (-0.6, 1.4, 1.3) 2
[18:33:54.541]: (-0.6, 1.4, 1.3) 2
[18:33:54.565]: (-0.7, 1.4, 1.3) 4
[18:33:54.701]: (-0.7, 1.2, 1.1) 12
[18:33:54.744]: (-0.6, 1.3, 1.2) 5
[18:33:54.767]: (-0.6, 1.3, 1.2) 5
[18:33:54.790]: (-0.7, 1.4, 1.3) 6
[18:33:54.816]: (-0.6, 1.4, 1.3) 6
[18:33:54.837]: (-0.7, 1.4, 1.3) 6
[18:33:54.857]: (-0.6, 1.4, 1.3) 6
[18:33:54.897]: (-0.6, 1.4, 1.3) 6
[18:33:54.919]: (-0.5, 1.5, 1.3) 4
[18:33:54.964]: (-0.6, 1.3, 1.1) 12
[18:33:54.986]: (-0.5, 1.4, 1.2) 5
[18:33:55.031]: (-0.5, 1.4, 1.2) 5
[18:33:55.052]: (-0.5, 1.3, 1.2) 5
[18:33:55.097]: (-0.5, 1.4, 1.2) 5
[18:33:55.119]: (-0.5, 1.4, 1.2) 5
[18:33:55.140]: (-0.5, 1.4, 1.2) 5
[18:33:55.161]: (-0.5, 1.4, 1.2) 5
[18:33:55.182]: (-0.5, 1.4, 1.2) 5
[18:33:55.202]: (-0.5, 1.4, 1.2) 5
[18:33:55.242]: (-0.4, 1.6, 1.4) 4
[18:33:55.263]: (-0.4, 1.7, 1.4) 11
[18:33:55.303]: (-0.4, 1.7, 1.5) 11
[18:33:55.325]: (-0.4, 1.6, 1.4) 4
[18:33:55.366]: (-0.5, 1.6, 1.4) 4
[18:33:55.388]: (-0.5, 1.6, 1.3) 4
[18:33:55.410]: (-0.5, 1.6, 1.3) 4
[18:33:55.452]: (-0.5, 1.5, 1.4) 4
[18:33:55.495]: (-0.5, 1.5, 1.4) 4
[18:33:55.517]: (-0.4, 1.4, 1.2) 1
[18:33:56.180]: (0.2, 1.6, 1.8) 32
[18:33:56.430]: (-0.2, 1.6, 1.4) 9
[18:33:56.453]: (-0.3, 1.6, 1.3) 1
[18:33:56.474]: (-0.3, 1.5, 1.2) 1
[18:33:56.493]: (-0.3, 1.5, 1.3) 2
[18:33:56.514]: (-0.3, 1.6, 1.3) 2
[18:33:56.535]: (-0.3, 1.6, 1.3) 2
[18:33:56.556]: (-0.4, 1.6, 1.4) 9
[18:33:56.696]: (-0.4, 1.6, 1.3) 2
[18:33:56.719]: (-0.4, 1.5, 1.3) 2
[18:33:56.740]: (-0.4, 1.5, 1.3) 2
[18:33:57.118]: (-0.4, 1.5, 1.2) 1
[18:33:57.138]: (-0.4, 1.5, 1.2) 1
[18:33:57.162]: (-0.4, 1.5, 1.2) 1
[18:33:57.253]: (-0.4, 1.4, 1.2) 1
[18:33:57.474]: (-0.4, 1.5, 1.2) 1
[18:33:57.515]: (-0.5, 1.5, 1.3) 2
[18:33:57.536]: (-0.5, 1.5, 1.2) 1
[18:33:57.640]: (-0.9, 1.5, 1.2) 13
[18:33:57.682]: (-0.8, 1.5, 1.2) 13
[18:33:57.702]: (-0.8, 1.5, 1.2) 13
[18:33:57.723]: (-0.9, 1.4, 1.2) 13
[18:33:57.743]: (-0.8, 1.5, 1.2) 13
[18:33:57.807]: (-0.9, 1.5, 1.3) 13
[18:33:57.847]: (-0.7, 1.5, 1.2) 6
[18:33:57.878]: (-0.4, 1.4, 1.2) 1
[18:33:57.914]: (-0.7, 1.5, 1.2) 6
[18:33:58.070]: (-0.9, 1.5, 1.2) 13
[18:33:58.460]: (0.3, 1.7, 1.6) 21
[18:33:58.479]: (0.3, 1.7, 1.6) 21
[18:33:58.497]: (0.3, 1.7, 1.6) 21
[18:33:58.668]: (0.2, 1.7, 1.6) 31
[18:33:58.686]: (0.2, 1.7, 1.6) 31
[18:33:58.739]: (0.3, 1.8, 1.7) 22
[18:33:58.757]: (0.3, 1.8, 1.7) 22
[18:33:58.781]: (0.5, 1.8, 1.7) 17
[18:33:58.802]: (0.5, 1.6, 1.4) 26
[18:33:58.824]: (0.5, 1.7, 1.4) 26
[18:33:58.846]: (0.5, 1.6, 1.4) 26
[18:33:58.869]: (0.5, 1.6, 1.4) 26
[18:33:58.892]: (0.5, 1.6, 1.4) 26
[18:33:58.914]: (0.5, 1.6, 1.4) 26
[18:33:58.936]: (0.5, 1.6, 1.5) 16
[18:33:58.958]: (0.5, 1.6, 1.4) 26
[18:33:58.979]: (0.5, 1.6, 1.4) 26
[18:33:59.003]: (0.5, 1.6, 1.5) 26
[18:33:59.025]: (0.5, 1.6, 1.5) 26
[18:33:59.048]: (0.5, 1.6, 1.5) 26
[18:33:59.070]: (0.5, 1.6, 1.4) 26
[18:33:59.095]: (0.5, 1.6, 1.5) 16
[18:33:59.115]: (0.5, 1.6, 1.5) 16
[18:33:59.137]: (0.5, 1.6, 1.5) 16
[18:33:59.159]: (0.5, 1.6, 1.5) 16
[18:33:59.179]: (0.5, 1.7, 1.6) 19
[18:33:59.204]: (0.6, 1.7, 1.7) 17
[18:33:59.223]: (0.5, 1.7, 1.6) 19
[18:33:59.241]: (0.5, 1.7, 1.6) 19
[18:33:59.258]: (0.5, 1.7, 1.6) 19
[18:33:59.273]: (0.5, 1.7, 1.6) 19
[18:33:59.288]: (0.4, 1.7, 1.6) 19
[18:33:59.304]: (0.4, 1.7, 1.6) 19
[18:33:59.320]: (0.4, 1.7, 1.6) 19
[18:33:59.336]: (0.4, 1.7, 1.6) 19
[18:33:59.352]: (0.4, 1.7, 1.6) 19
[18:33:59.369]: (0.4, 1.7, 1.6) 19
[18:33:59.385]: (0.4, 1.7, 1.6) 19
[18:33:59.402]: (0.4, 1.7, 1.6) 19
[18:33:59.478]: (0.3, 1.6, 1.5) 31
[18:33:59.511]: (0.3, 1.7, 1.6) 21
[18:33:59.634]: (0.3, 1.8, 1.7) 22
[18:33:59.701]: (0.3, 1.7, 1.6) 21
[18:33:59.723]: (0.3, 1.8, 1.7) 22
[18:33:59.746]: (0.2, 1.8, 1.7) 22
[18:33:59.835]: (0.1, 1.9, 1.7) 32
[18:33:59.857]: (0.1, 1.9, 1.7) 32
[18:33:59.879]: (0.1, 1.9, 1.7) 32
[18:33:59.903]: (0.1, 1.9, 1.7) 32
[18:33:59.946]: (0.1, 1.9, 1.7) 32
[18:33:59.968]: (0.1, 1.9, 1.7) 32
[18:33:59.991]: (0.1, 1.8, 1.7) 32
[18:34:00.013]: (0.1, 1.8, 1.7) 32
[18:34:00.035]: (0.1, 1.8, 1.7) 32
[18:34:00.057]: (0.1, 1.8, 1.7) 32
[18:34:00.079]: (0.1, 1.8, 1.7) 32
[18:34:00.094]: (0.1, 1.8, 1.7) 32
[18:34:00.111]: (0.2, 1.8, 1.7) 32
[18:34:00.127]: (0.2, 1.9, 1.7) 32
[18:34:00.142]: (0.2, 1.9, 1.7) 32
[18:34:00.159]: (0.1, 1.8, 1.7) 32
[18:34:00.174]: (0.1, 1.8, 1.7) 32
[18:34:00.280]: (0.2, 1.8, 1.8) 32
[18:34:00.314]: (0.2, 1.8, 1.7) 32
[18:34:00.330]: (0.1, 1.8, 1.7) 32
[18:34:00.346]: (0.1, 1.9, 1.7) 32
[18:34:00.434]: (0.1, 1.9, 1.7) 32
[18:34:00.449]: (0.1, 1.9, 1.7) 32
[18:34:00.466]: (0.1, 1.9, 1.7) 32
[18:34:00.482]: (0.1, 1.9, 1.7) 32
[18:34:00.501]: (0.1, 1.9, 1.7) 32
[18:34:00.524]: (0.1, 1.9, 1.7) 32
[18:34:00.545]: (0.1, 1.9, 1.7) 32
[18:34:00.679]: (0.5, 1.7, 1.6) 19
[18:34:00.701]: (0.5, 1.7, 1.6) 19
[18:34:00.724]: (0.4, 1.7, 1.6) 19
[18:34:00.746]: (0.4, 1.7, 1.6) 19
[18:34:00.789]: (0.4, 1.7, 1.6) 19
[18:34:00.812]: (0.4, 1.7, 1.6) 19
[18:34:00.835]: (0.4, 1.7, 1.6) 19
[18:34:01.021]: (0.2, 1.8, 1.7) 22
[18:34:01.038]: (0.2, 1.8, 1.7) 22
[18:34:01.054]: (0.3, 1.9, 1.9) 30
[18:34:01.070]: (0.2, 1.8, 1.7) 22
[18:34:01.086]: (0.2, 1.8, 1.7) 22
[18:34:01.102]: (0.2, 1.8, 1.7) 22
[18:34:01.161]: (0.2, 1.8, 1.7) 22
[18:34:01.176]: (0.2, 1.8, 1.7) 22
[18:34:01.192]: (0.2, 1.8, 1.7) 22
[18:34:01.208]: (0.2, 1.8, 1.7) 22
[18:34:01.224]: (0.2, 1.8, 1.7) 22
[18:34:01.241]: (0.2, 1.8, 1.7) 22
[18:34:01.257]: (0.2, 1.8, 1.7) 22
[18:34:01.273]: (0.2, 1.8, 1.7) 22
[18:34:01.290]: (0.2, 1.8, 1.7) 32
[18:34:01.305]: (0.2, 1.8, 1.7) 32
[18:34:01.467]: (-0.8, 1.3, 1.1) 12
[18:34:03.776]: (-0.3, 1.4, 1.2) 0
[18:34:04.023]: (0.2, 1.6, 1.5) 31
[18:34:04.045]: (0.2, 1.7, 1.5) 31
[18:34:04.090]: (0.2, 1.7, 1.6) 31
[18:34:04.111]: (0.2, 1.7, 1.6) 31
[18:34:04.133]: (0.2, 1.7, 1.6) 31
[18:34:04.177]: (0.2, 1.7, 1.6) 31
[18:34:04.223]: (0.2, 1.6, 1.6) 31
[18:34:04.244]: (0.2, 1.7, 1.6) 31
[18:34:04.266]: (0.2, 1.7, 1.6) 31
[18:34:04.318]: (0.2, 1.7, 1.6) 31
[18:34:04.350]: (0.2, 1.7, 1.6) 31
[18:34:04.412]: (0.5, 1.7, 1.6) 19
[18:34:04.429]: (0.5, 1.7, 1.6) 19
[18:34:04.567]: (0.6, 1.6, 1.4) 26
[18:34:08.795]: (-0.4, 1.4, 1.2) 1
[18:34:08.810]: (-0.4, 1.5, 1.2) 1
[18:34:08.828]: (-0.4, 1.4, 1.2) 1
[18:34:08.844]: (-0.4, 1.4, 1.2) 1
[18:34:08.860]: (-0.4, 1.4, 1.2) 1
[18:34:08.889]: (-0.4, 1.4, 1.2) 1
[18:34:08.906]: (-0.4, 1.4, 1.2) 1
[18:34:08.923]: (-0.4, 1.4, 1.2) 1
[18:34:08.938]: (-0.4, 1.4, 1.2) 1
[18:34:08.953]: (-0.4, 1.4, 1.2) 1
[18:34:08.969]: (-0.4, 1.5, 1.2) 1
[18:34:08.986]: (-0.4, 1.5, 1.2) 1
[18:34:09.020]: (-0.4, 1.5, 1.2) 1
[18:34:09.064]: (-0.5, 1.6, 1.3) 2
[18:34:09.131]: (-0.6, 1.6, 1.3) 4
[18:34:09.176]: (-0.5, 1.5, 1.3) 2
[18:34:09.220]: (-0.6, 1.6, 1.3) 4
[18:34:09.243]: (-0.6, 1.5, 1.3) 4
[18:34:09.264]: (-0.6, 1.5, 1.3) 4
[18:34:09.310]: (-0.6, 1.5, 1.3) 4
[18:34:09.473]: (-0.5, 1.6, 1.3) 2
[18:34:09.759]: (-0.7, 1.5, 1.3) 6
[18:34:09.854]: (-0.7, 1.6, 1.3) 4
[18:34:09.874]: (-0.4, 1.6, 1.3) 2
[18:34:10.186]: (0.2, 1.8, 1.7) 22
[18:34:10.230]: (0.2, 1.8, 1.7) 32
[18:34:10.253]: (0.2, 1.8, 1.7) 32
[18:34:10.387]: (-0.5, 1.6, 1.3) 2
[18:34:10.403]: (-0.7, 1.5, 1.3) 4
[18:34:10.420]: (-0.7, 1.5, 1.3) 6
[18:34:10.437]: (-0.7, 1.5, 1.3) 6
[18:34:10.468]: (-0.7, 1.6, 1.3) 4
[18:34:10.485]: (-0.7, 1.6, 1.3) 4
[18:34:10.504]: (-0.7, 1.6, 1.3) 4
[18:34:10.521]: (-0.7, 1.6, 1.3) 4
[18:34:10.539]: (-0.7, 1.5, 1.3) 4
[18:34:10.554]: (-0.7, 1.5, 1.3) 4
[18:34:10.570]: (-0.7, 1.5, 1.3) 4
[18:34:10.585]: (-0.7, 1.5, 1.3) 4
[18:34:10.601]: (-0.7, 1.5, 1.3) 4
[18:34:10.619]: (-0.6, 1.6, 1.3) 4
[18:34:10.635]: (-0.5, 1.5, 1.3) 2
[18:34:10.684]: (0.2, 1.8, 1.7) 22
[18:34:11.064]: (0.1, 1.8, 1.7) 32
[18:34:11.175]: (-0.4, 1.6, 1.4) 9
[18:34:11.197]: (-0.5, 1.6, 1.4) 9
[18:34:11.221]: (-0.5, 1.6, 1.4) 9
[18:34:11.239]: (-0.5, 1.6, 1.4) 9
[18:34:11.316]: (-0.4, 1.6, 1.4) 9
[18:34:11.347]: (0.1, 1.8, 1.7) 32
[18:34:11.362]: (0.1, 1.8, 1.7) 32
[18:34:11.607]: (-0.7, 1.6, 1.3) 4
[18:34:12.031]: (0.3, 1.8, 1.7) 22
[18:34:12.052]: (0.3, 1.8, 1.7) 22
[18:34:12.141]: (0.3, 1.8, 1.7) 22
[18:34:12.277]: (0.2, 1.8, 1.8) 32
[18:34:12.401]: (-0.5, 1.6, 1.3) 2
[18:34:12.417]: (-0.5, 1.6, 1.3) 2
[18:34:12.433]: (-0.5, 1.6, 1.3) 2
[18:34:12.449]: (-0.5, 1.6, 1.3) 2
[18:34:12.466]: (-0.5, 1.6, 1.3) 2
[18:34:12.482]: (-0.5, 1.6, 1.3) 2
[18:34:12.501]: (-0.5, 1.6, 1.3) 2
[18:34:12.517]: (-0.5, 1.6, 1.3) 2
[18:34:12.533]: (-0.5, 1.6, 1.3) 2
[18:34:12.620]: (0.2, 1.8, 1.7) 32
[18:34:12.641]: (0.2, 1.8, 1.7) 22
[18:34:12.662]: (0.2, 1.8, 1.7) 22
[18:34:12.686]: (0.2, 1.8, 1.7) 32
[18:34:12.707]: (0.2, 1.8, 1.7) 32
[18:34:12.753]: (0.2, 1.8, 1.7) 32
[18:34:12.774]: (0.2, 1.8, 1.7) 32
[18:34:12.797]: (0.2, 1.8, 1.7) 32
[18:34:12.820]: (0.2, 1.8, 1.7) 32
[18:34:12.952]: (0.1, 1.9, 1.7) 32
[18:34:12.968]: (0.1, 1.8, 1.7) 32
[18:34:12.985]: (0.2, 1.8, 1.7) 32
[18:34:13.001]: (0.1, 1.9, 1.7) 32
[18:34:13.017]: (0.1, 1.9, 1.7) 32
[18:34:13.034]: (0.1, 1.8, 1.7) 32
[18:34:13.050]: (0.1, 1.8, 1.7) 32
[18:34:13.066]: (0.1, 1.8, 1.7) 32
[18:34:13.083]: (0.1, 1.8, 1.7) 32
[18:34:13.099]: (0.1, 1.8, 1.7) 32
[18:34:13.117]: (0.1, 1.8, 1.7) 32
[18:34:13.132]: (0.1, 1.8, 1.7) 32
[18:34:13.149]: (0.1, 1.8, 1.7) 32
[18:34:13.165]: (0.1, 1.8, 1.7) 32
[18:34:13.181]: (0.1, 1.8, 1.7) 32
[18:34:13.196]: (0.1, 1.8, 1.7) 32
[18:34:13.211]: (0.1, 1.8, 1.7) 32
[18:34:13.227]: (0.1, 1.8, 1.7) 32
[18:34:13.244]: (0.1, 1.8, 1.7) 32
[18:34:13.260]: (0.1, 1.8, 1.7) 32
[18:34:13.275]: (0.1, 1.8, 1.7) 32
[18:34:13.349]: (-0.5, 1.6, 1.3) 2
[18:34:13.366]: (-0.5, 1.6, 1.3) 2
[18:34:13.385]: (-0.5, 1.6, 1.3) 2
[18:34:13.408]: (-0.5, 1.6, 1.3) 2
[18:34:13.430]: (-0.5, 1.6, 1.3) 2
[18:34:13.497]: (-0.5, 1.6, 1.3) 2
[18:34:13.541]: (0.1, 1.8, 1.7) 32
[18:34:13.562]: (0.1, 1.8, 1.7) 32
[18:34:13.586]: (0.1, 1.8, 1.7) 32
[18:34:13.607]: (0.1, 1.8, 1.7) 32
[18:34:13.629]: (0.1, 1.8, 1.7) 32
[18:34:13.652]: (0.1, 1.8, 1.7) 32
[18:34:13.673]: (0.1, 1.8, 1.7) 32
[18:34:13.697]: (0.1, 1.8, 1.7) 32
[18:34:13.718]: (0.1, 1.8, 1.7) 32
[18:34:13.741]: (0.1, 1.8, 1.7) 32
[18:34:13.762]: (0.1, 1.8, 1.7) 32
[18:34:13.784]: (0.1, 1.8, 1.7) 32
[18:34:13.807]: (0.1, 1.8, 1.7) 32
[18:34:13.829]: (0.1, 1.8, 1.7) 32
[18:34:13.845]: (0.1, 1.8, 1.7) 32
[18:34:13.862]: (0.1, 1.8, 1.7) 32
[18:34:13.878]: (0.1, 1.8, 1.7) 32
[18:34:14.284]: (0.2, 1.8, 1.7) 22
[18:34:15.150]: (-0.2, 1.5, 1.2) 0
[18:34:15.203]: (-0.8, 1.3, 1.1) 12
[18:34:15.248]: (-0.7, 1.5, 1.3) 6
[18:34:15.319]: (-0.7, 1.5, 1.2) 6
[18:34:15.384]: (-0.7, 1.5, 1.3) 4
[18:34:15.429]: (-0.6, 1.5, 1.3) 4
[18:34:15.451]: (-0.6, 1.5, 1.3) 4
[18:34:15.673]: (-0.7, 1.4, 1.2) 5
[18:34:15.755]: (-0.9, 1.5, 1.2) 13
[18:34:15.771]: (-0.9, 1.5, 1.2) 13
[18:34:15.787]: (-0.8, 1.5, 1.2) 13
[18:34:15.819]: (-0.9, 1.5, 1.2) 13
[18:34:15.929]: (-0.8, 1.4, 1.3) 13
[18:34:15.959]: (-0.6, 1.6, 1.3) 4
[18:34:16.102]: (-0.6, 1.6, 1.3) 4
[18:34:16.119]: (-0.6, 1.6, 1.3) 4
[18:34:16.135]: (-0.6, 1.6, 1.3) 4
[18:34:16.151]: (-0.6, 1.6, 1.3) 4
[18:34:16.168]: (-0.5, 1.6, 1.3) 2
[18:34:16.206]: (0.3, 1.8, 1.8) 20
[18:34:16.295]: (0.3, 1.7, 1.6) 21
[18:34:16.361]: (0.2, 1.7, 1.6) 31
[18:34:16.451]: (0.3, 1.7, 1.6) 21
[18:34:16.472]: (0.3, 1.7, 1.6) 21
[18:34:16.495]: (0.3, 1.7, 1.6) 21
[18:34:16.519]: (0.3, 1.7, 1.6) 21
[18:34:16.782]: (0.2, 1.8, 1.7) 22
[18:34:16.797]: (0.3, 1.8, 1.7) 22
[18:34:16.830]: (0.2, 1.8, 1.7) 22
[18:34:16.846]: (0.2, 1.8, 1.7) 22
[18:34:16.863]: (0.2, 1.8, 1.7) 22
[18:34:16.878]: (0.2, 1.8, 1.7) 22
[18:34:16.894]: (0.2, 1.8, 1.7) 22
[18:34:16.910]: (0.2, 1.8, 1.7) 22
[18:34:16.926]: (0.2, 1.8, 1.7) 22
[18:34:16.941]: (0.2, 1.8, 1.7) 22
[18:34:16.959]: (0.2, 1.8, 1.7) 22
[18:34:16.975]: (0.2, 1.8, 1.7) 22
[18:34:16.995]: (0.2, 1.8, 1.7) 22
[18:34:17.017]: (0.2, 1.8, 1.7) 22
[18:34:17.039]: (0.2, 1.8, 1.7) 22
[18:34:17.061]: (0.2, 1.8, 1.7) 22
[18:34:17.084]: (0.2, 1.8, 1.7) 22
[18:34:17.106]: (0.3, 1.8, 1.7) 22
[18:34:17.174]: (-0.6, 1.6, 1.3) 4
[18:34:17.194]: (-0.6, 1.6, 1.3) 4
[18:34:17.216]: (-0.6, 1.6, 1.3) 4
[18:34:17.239]: (-0.6, 1.6, 1.3) 4
[18:34:17.261]: (-0.6, 1.6, 1.3) 4
[18:34:17.284]: (-0.6, 1.6, 1.3) 4
[18:34:17.305]: (-0.6, 1.6, 1.3) 4
[18:34:17.329]: (-0.6, 1.6, 1.3) 4
[18:34:17.350]: (-0.6, 1.5, 1.3) 4
[18:34:17.371]: (-0.6, 1.6, 1.3) 4
[18:34:17.394]: (-0.6, 1.5, 1.3) 4
[18:34:17.417]: (-0.6, 1.5, 1.3) 4
[18:34:17.439]: (-0.7, 1.5, 1.2) 6
[18:34:17.492]: (-0.7, 1.5, 1.2) 6
[18:34:17.508]: (-0.7, 1.5, 1.2) 6
[18:34:17.553]: (-0.7, 1.5, 1.2) 6
[18:34:17.570]: (-0.7, 1.5, 1.2) 6
[18:34:17.587]: (-0.7, 1.5, 1.2) 6
[18:34:17.604]: (-0.7, 1.5, 1.2) 6
[18:34:17.620]: (-0.7, 1.5, 1.2) 6
[18:34:17.637]: (-0.7, 1.5, 1.2) 6
[18:34:17.652]: (-0.7, 1.5, 1.2) 6
[18:34:17.668]: (-0.7, 1.5, 1.2) 6
[18:34:17.685]: (-0.7, 1.5, 1.2) 6
[18:34:17.703]: (-0.7, 1.5, 1.2) 6
[18:34:17.719]: (-0.7, 1.5, 1.2) 6
[18:34:17.736]: (-0.7, 1.5, 1.3) 4
[18:34:17.752]: (-0.7, 1.5, 1.2) 6
[18:34:17.769]: (-0.7, 1.5, 1.3) 6
[18:34:17.816]: (-0.8, 1.5, 1.2) 6
[18:34:17.994]: (-0.9, 1.5, 1.2) 13
[18:34:18.039]: (-0.8, 1.5, 1.2) 13
[18:34:18.083]: (-0.4, 1.5, 1.2) 1
[18:34:18.105]: (-0.4, 1.4, 1.2) 1
[18:34:18.129]: (-0.4, 1.5, 1.2) 1
[18:34:18.149]: (-0.4, 1.5, 1.2) 1
[18:34:18.172]: (-0.4, 1.4, 1.2) 1
[18:34:18.195]: (-0.4, 1.4, 1.2) 1
[18:34:18.217]: (-0.4, 1.5, 1.2) 1
[18:34:18.238]: (-0.4, 1.5, 1.2) 1
[18:34:18.260]: (-0.4, 1.5, 1.2) 1
[18:34:18.283]: (-0.7, 1.5, 1.3) 6
[18:34:18.304]: (-0.9, 1.5, 1.2) 13
[18:34:18.449]: (-0.7, 1.5, 1.2) 6
[18:34:18.480]: (-0.7, 1.5, 1.3) 6
[18:34:18.497]: (-0.7, 1.5, 1.2) 6
[18:34:18.514]: (-0.7, 1.5, 1.2) 6
[18:34:18.529]: (-0.7, 1.5, 1.2) 6
[18:34:18.544]: (-0.8, 1.5, 1.2) 6
[18:34:18.560]: (-0.7, 1.5, 1.2) 6
[18:34:18.575]: (-0.7, 1.5, 1.2) 6
[18:34:18.592]: (-0.7, 1.5, 1.2) 6
[18:34:18.608]: (-0.7, 1.5, 1.2) 6
[18:34:18.624]: (-0.7, 1.5, 1.2) 6
[18:34:18.640]: (-0.7, 1.5, 1.2) 6
[18:34:18.656]: (-0.7, 1.5, 1.2) 6
[18:34:18.672]: (-0.7, 1.5, 1.2) 6
[18:34:18.687]: (-0.7, 1.5, 1.2) 6
[18:34:18.703]: (-0.7, 1.5, 1.2) 6
[18:34:18.719]: (-0.7, 1.5, 1.2) 6
[18:34:18.736]: (-0.7, 1.5, 1.2) 6
[18:34:18.752]: (-0.7, 1.5, 1.2) 6
[18:34:18.769]: (-0.7, 1.5, 1.2) 6
[18:34:18.785]: (-0.7, 1.5, 1.2) 6
[18:34:18.806]: (-0.7, 1.5, 1.2) 6
[18:34:18.828]: (-0.7, 1.5, 1.2) 6
[18:34:18.849]: (-0.8, 1.5, 1.2) 13
[18:34:18.894]: (-0.8, 1.5, 1.3) 13
[18:34:18.917]: (-0.8, 1.5, 1.2) 13
[18:34:18.938]: (-0.8, 1.5, 1.2) 13
[18:34:18.961]: (-0.8, 1.5, 1.2) 13
[18:34:18.982]: (-0.8, 1.5, 1.2) 13
[18:34:19.004]: (-0.8, 1.5, 1.2) 13
[18:34:19.029]: (-0.8, 1.5, 1.2) 13
[18:34:19.051]: (-0.8, 1.5, 1.2) 13
[18:34:19.073]: (-0.8, 1.5, 1.2) 13
[18:34:19.093]: (-0.8, 1.5, 1.2) 13
[18:34:19.116]: (-0.8, 1.5, 1.2) 13
[18:34:19.252]: (-0.8, 1.4, 1.3) 13
[18:34:19.283]: (-0.8, 1.4, 1.2) 13
[18:34:19.314]: (-0.8, 1.5, 1.3) 13
[18:34:19.331]: (-0.8, 1.5, 1.2) 13
[18:34:19.347]: (-0.8, 1.5, 1.2) 13
[18:34:19.362]: (-0.8, 1.5, 1.2) 13
[18:34:19.378]: (-0.8, 1.5, 1.2) 13
[18:34:19.394]: (-0.8, 1.5, 1.2) 13
[18:34:19.411]: (-0.8, 1.5, 1.2) 13
[18:34:19.428]: (-0.8, 1.5, 1.2) 13
[18:34:19.444]: (-0.8, 1.5, 1.2) 13
[18:34:19.460]: (-0.8, 1.5, 1.2) 13
[18:34:19.476]: (-0.8, 1.5, 1.2) 13
[18:34:19.492]: (-0.8, 1.5, 1.2) 13
[18:34:19.507]: (-0.8, 1.5, 1.2) 13
[18:34:19.524]: (-0.8, 1.5, 1.2) 13
[18:34:19.540]: (-0.8, 1.5, 1.2) 13
[18:34:19.558]: (-0.8, 1.5, 1.2) 13
[18:34:19.575]: (-0.8, 1.5, 1.2) 13
[18:34:19.593]: (-0.8, 1.5, 1.2) 13
[18:34:19.609]: (-0.8, 1.5, 1.2) 13
[18:34:19.626]: (-0.8, 1.5, 1.2) 13
[18:34:19.649]: (-0.8, 1.5, 1.2) 13
[18:34:19.671]: (-0.8, 1.5, 1.2) 13
[18:34:19.695]: (-0.8, 1.5, 1.2) 13
[18:34:19.734]: (-0.8, 1.5, 1.2) 13
[18:34:19.767]: (-0.8, 1.5, 1.2) 13
[18:34:20.027]: (-0.4, 1.5, 1.2) 1
[18:34:20.051]: (-0.7, 1.5, 1.3) 6
[18:34:20.071]: (-0.7, 1.5, 1.3) 6
[18:34:20.094]: (-0.7, 1.5, 1.3) 6
[18:34:20.109]: (-0.7, 1.5, 1.3) 6
[18:34:20.126]: (-0.7, 1.5, 1.2) 6
[18:34:20.154]: (-0.7, 1.5, 1.2) 6
[18:34:20.176]: (-0.7, 1.5, 1.2) 6
[18:34:20.195]: (-0.7, 1.5, 1.2) 6
[18:34:20.212]: (-0.7, 1.5, 1.2) 6
[18:34:20.228]: (-0.7, 1.5, 1.2) 6
[18:34:20.245]: (-0.7, 1.5, 1.2) 6
[18:34:20.261]: (-0.7, 1.5, 1.2) 6
[18:34:20.279]: (-0.7, 1.5, 1.2) 6
[18:34:20.294]: (-0.7, 1.5, 1.2) 6
[18:34:20.310]: (-0.7, 1.5, 1.2) 6
[18:34:20.327]: (-0.7, 1.5, 1.2) 6
[18:34:20.341]: (-0.7, 1.5, 1.2) 6
[18:34:20.359]: (-0.7, 1.5, 1.2) 6
[18:34:20.375]: (-0.7, 1.5, 1.2) 6
[18:34:20.391]: (-0.7, 1.5, 1.2) 6
[18:34:20.422]: (-0.4, 1.5, 1.2) 1
[18:34:20.470]: (0.1, 1.8, 1.7) 32
[18:34:20.486]: (0.1, 1.8, 1.8) 32
[18:34:20.502]: (0.1, 1.8, 1.7) 32
[18:34:20.519]: (0.1, 1.8, 1.7) 32
[18:34:20.537]: (0.1, 1.8, 1.7) 32
[18:34:20.553]: (0.1, 1.8, 1.8) 32
[18:34:20.571]: (0.1, 1.8, 1.8) 32
[18:34:20.593]: (0.1, 1.8, 1.8) 32
[18:34:21.113]: (0.2, 1.8, 1.7) 32
[18:34:21.129]: (0.2, 1.8, 1.7) 32
[18:34:21.191]: (0.2, 1.8, 1.7) 32
[18:34:21.207]: (0.1, 1.8, 1.7) 32
[18:34:21.223]: (0.1, 1.8, 1.7) 32
[18:34:21.240]: (0.1, 1.8, 1.7) 32
[18:34:21.256]: (0.2, 1.8, 1.7) 32
[18:34:21.273]: (0.1, 1.8, 1.7) 32
[18:34:21.290]: (0.1, 1.8, 1.7) 32
[18:34:22.572]: (-0.5, 1.3, 1.0) 10
[18:34:23.354]: (0.4, 1.6, 1.5) 27
[18:34:23.398]: (0.4, 1.7, 1.6) 21
[18:34:23.421]: (0.3, 1.6, 1.6) 21
[18:34:23.440]: (0.3, 1.6, 1.6) 21
[18:34:23.464]: (0.3, 1.6, 1.6) 21
[18:34:23.489]: (0.3, 1.7, 1.6) 21
[18:34:23.519]: (0.3, 1.7, 1.6) 21
[18:34:23.543]: (0.3, 1.6, 1.6) 21
[18:34:23.568]: (0.3, 1.7, 1.6) 21
[18:34:23.599]: (0.4, 1.7, 1.6) 21
[18:34:23.623]: (0.3, 1.7, 1.6) 21
[18:34:23.648]: (0.4, 1.7, 1.6) 21
[18:34:23.678]: (0.3, 1.6, 1.6) 21
[18:34:23.740]: (0.4, 1.6, 1.5) 27
[18:34:23.758]: (0.5, 1.6, 1.5) 16
[18:34:23.825]: (0.6, 1.8, 1.7) 17
[18:34:23.858]: (0.5, 1.8, 1.8) 17
[18:34:23.893]: (0.5, 1.8, 1.7) 17
[18:34:24.092]: (0.2, 1.6, 1.5) 31
[18:34:25.127]: (0.5, 1.5, 1.5) 27
[18:34:25.148]: (0.4, 1.5, 1.5) 27
[18:34:25.172]: (0.4, 1.5, 1.5) 27
[18:34:25.192]: (0.4, 1.5, 1.5) 27
[18:34:25.213]: (0.4, 1.5, 1.5) 27
[18:34:25.236]: (0.4, 1.5, 1.5) 27
[18:34:25.259]: (0.4, 1.5, 1.5) 27
[18:34:25.283]: (0.4, 1.5, 1.5) 27
[18:34:25.306]: (0.4, 1.5, 1.5) 27
[18:34:25.328]: (0.4, 1.5, 1.5) 27
[18:34:25.351]: (0.4, 1.5, 1.5) 27
[18:34:25.373]: (0.4, 1.5, 1.5) 27
[18:34:25.395]: (0.4, 1.5, 1.5) 27
[18:34:25.417]: (0.4, 1.5, 1.5) 27
[18:34:25.440]: (0.4, 1.5, 1.5) 27
[18:34:25.463]: (0.4, 1.5, 1.5) 27
[18:34:25.486]: (0.4, 1.5, 1.5) 27
[18:34:25.661]: (0.4, 1.5, 1.5) 27
[18:34:25.684]: (0.4, 1.5, 1.5) 27
[18:34:25.706]: (0.4, 1.5, 1.5) 27
[18:34:25.722]: (0.4, 1.5, 1.5) 27
[18:34:25.737]: (0.4, 1.5, 1.5) 27
[18:34:25.754]: (0.4, 1.5, 1.5) 27
[18:34:25.771]: (0.4, 1.5, 1.5) 27
[18:34:25.787]: (0.4, 1.5, 1.5) 27
[18:34:25.804]: (0.4, 1.5, 1.5) 27
[18:34:26.302]: (-0.4, 1.5, 1.2) 1
[18:34:26.369]: (-0.4, 1.6, 1.3) 9
[18:34:26.479]: (-0.5, 1.5, 1.3) 2
[18:34:26.502]: (-0.5, 1.6, 1.3) 9
[18:34:26.569]: (-0.6, 1.5, 1.3) 4
[18:34:26.586]: (-0.4, 1.6, 1.3) 9
[18:34:26.602]: (-0.4, 1.6, 1.3) 9
[18:34:26.633]: (-0.5, 1.6, 1.3) 2
[18:34:26.662]: (-0.5, 1.5, 1.2) 1
[18:34:26.706]: (-0.9, 1.5, 1.2) 13
[18:34:26.737]: (-0.7, 1.6, 1.4) 11
[18:34:26.768]: (-0.7, 1.5, 1.3) 6
[18:34:26.816]: (-0.7, 1.6, 1.3) 4
[18:34:26.862]: (-0.7, 1.5, 1.2) 6
[18:34:26.906]: (-0.7, 1.5, 1.2) 6
[18:34:26.922]: (-0.7, 1.5, 1.2) 6
[18:34:26.937]: (-0.7, 1.5, 1.2) 6
[18:34:26.954]: (-0.7, 1.5, 1.2) 6
[18:34:26.969]: (-0.7, 1.5, 1.3) 6
[18:34:26.984]: (-0.7, 1.5, 1.2) 6
[18:34:27.001]: (-0.7, 1.5, 1.3) 6
[18:34:27.047]: (-0.6, 1.5, 1.3) 4
[18:34:27.068]: (-0.6, 1.5, 1.3) 4
[18:34:27.090]: (-0.6, 1.5, 1.3) 4
[18:34:27.202]: (-0.4, 1.4, 1.2) 1
[18:34:27.246]: (0.2, 1.7, 1.6) 31
[18:34:27.269]: (0.3, 1.7, 1.6) 21
[18:34:27.290]: (0.3, 1.7, 1.6) 21
[18:34:27.312]: (0.3, 1.7, 1.6) 21
[18:34:27.335]: (0.2, 1.7, 1.5) 31
[18:34:27.379]: (0.2, 1.7, 1.5) 31
[18:34:27.401]: (0.2, 1.7, 1.5) 31
[18:34:27.423]: (0.2, 1.7, 1.6) 31
[18:34:27.638]: (-0.4, 1.5, 1.2) 1
[18:34:27.654]: (-0.5, 1.5, 1.2) 1
[18:34:27.732]: (-0.7, 1.5, 1.3) 6
[18:34:27.750]: (-0.6, 1.5, 1.3) 4
[18:34:27.765]: (-0.6, 1.5, 1.3) 4
[18:34:27.797]: (-0.7, 1.5, 1.3) 4
[18:34:27.991]: (-0.7, 1.5, 1.2) 6
[18:34:28.101]: (-0.7, 1.5, 1.2) 6
[18:34:28.147]: (-0.7, 1.5, 1.2) 6
[18:34:28.213]: (-0.7, 1.5, 1.2) 6
[18:34:28.235]: (-0.7, 1.5, 1.2) 6
[18:34:28.278]: (-0.5, 1.5, 1.3) 2
[18:34:28.301]: (-0.5, 1.5, 1.3) 2
[18:34:28.317]: (-0.5, 1.5, 1.3) 2
[18:34:28.332]: (-0.5, 1.5, 1.3) 2
[18:34:28.348]: (-0.5, 1.5, 1.3) 2
[18:34:28.364]: (-0.5, 1.5, 1.3) 2
[18:34:28.380]: (-0.5, 1.5, 1.3) 2
[18:34:28.395]: (-0.5, 1.5, 1.3) 2
[18:34:28.410]: (-0.5, 1.5, 1.3) 2
[18:34:28.426]: (-0.5, 1.5, 1.3) 2
[18:34:28.443]: (-0.5, 1.5, 1.3) 2
[18:34:28.459]: (-0.5, 1.5, 1.3) 2
[18:34:28.476]: (-0.5, 1.5, 1.3) 2
[18:34:28.492]: (-0.5, 1.5, 1.3) 2
[18:34:28.523]: (-0.7, 1.6, 1.3) 4
[18:34:28.540]: (-0.7, 1.5, 1.2) 6
[18:34:28.557]: (-0.7, 1.6, 1.3) 4
[18:34:28.573]: (-0.7, 1.5, 1.3) 6
[18:34:28.589]: (-0.7, 1.5, 1.3) 6
[18:34:28.604]: (-0.7, 1.5, 1.3) 6
[18:34:28.621]: (-0.7, 1.6, 1.3) 6
[18:34:28.642]: (-0.7, 1.6, 1.3) 6
[18:34:28.672]: (-0.7, 1.6, 1.3) 6
[18:34:28.733]: (-0.7, 1.5, 1.3) 6
[18:34:28.757]: (-0.7, 1.6, 1.3) 6
[18:34:28.847]: (-0.7, 1.5, 1.3) 4
[18:34:28.867]: (-0.7, 1.6, 1.3) 4
[18:34:28.889]: (-0.7, 1.5, 1.3) 6
[18:34:28.913]: (-0.7, 1.5, 1.3) 4
[18:34:28.934]: (-0.7, 1.5, 1.3) 4
[18:34:28.956]: (-0.6, 1.6, 1.3) 4
[18:34:29.177]: (-0.5, 1.6, 1.3) 2
[18:34:29.223]: (0.2, 1.8, 1.7) 22
[18:34:29.242]: (0.3, 1.8, 1.7) 22
[18:34:29.258]: (0.3, 1.8, 1.8) 20
[18:34:29.273]: (0.3, 1.8, 1.8) 20
[18:34:29.289]: (0.3, 1.8, 1.8) 20
[18:34:29.304]: (0.3, 1.8, 1.8) 20
[18:34:29.321]: (0.3, 1.8, 1.8) 20
[18:34:29.338]: (0.3, 1.8, 1.8) 20
[18:34:29.354]: (0.3, 1.8, 1.8) 20
[18:34:29.592]: (0.4, 1.7, 1.6) 19
[18:34:29.609]: (0.5, 1.7, 1.6) 19
[18:34:29.624]: (0.5, 1.7, 1.6) 19
[18:34:29.640]: (0.5, 1.7, 1.6) 19
[18:34:29.657]: (0.5, 1.7, 1.6) 19
[18:34:29.678]: (0.5, 1.7, 1.6) 19
[18:34:29.702]: (0.4, 1.7, 1.6) 19
[18:34:29.724]: (0.5, 1.7, 1.6) 19
[18:34:29.744]: (0.5, 1.7, 1.6) 19
[18:34:29.768]: (0.5, 1.7, 1.6) 19
[18:34:29.790]: (0.5, 1.7, 1.6) 19
[18:34:29.811]: (0.5, 1.7, 1.6) 19
[18:34:29.833]: (0.5, 1.7, 1.6) 19
[18:34:29.855]: (0.5, 1.6, 1.5) 16
[18:34:29.880]: (0.5, 1.6, 1.5) 16
[18:34:29.899]: (0.5, 1.7, 1.6) 19
[18:34:29.923]: (0.5, 1.7, 1.6) 19
[18:34:29.946]: (0.5, 1.7, 1.6) 19
[18:34:29.968]: (0.4, 1.7, 1.6) 19
[18:34:29.990]: (0.4, 1.7, 1.6) 19
[18:34:30.015]: (0.4, 1.7, 1.6) 19
[18:34:30.036]: (0.4, 1.7, 1.6) 19
[18:34:30.103]: (-0.4, 1.4, 1.2) 1
[18:34:30.169]: (-0.6, 1.5, 1.3) 4
[18:34:30.316]: (-0.5, 1.4, 1.2) 1
[18:34:30.495]: (-0.7, 1.6, 1.4) 11
[18:34:30.691]: (-0.9, 1.5, 1.2) 13
[18:34:30.757]: (-0.8, 1.5, 1.3) 13
[18:34:30.778]: (-0.8, 1.4, 1.2) 13
[18:34:30.824]: (-0.8, 1.5, 1.2) 13
[18:34:30.845]: (-0.7, 1.5, 1.2) 6
[18:34:31.207]: (-0.6, 1.5, 1.3) 4
[18:34:31.224]: (-0.4, 1.4, 1.2) 1
[18:34:31.241]: (-0.4, 1.4, 1.2) 1
[18:34:31.257]: (-0.4, 1.4, 1.2) 1
[18:34:31.275]: (-0.4, 1.4, 1.2) 1
[18:34:31.292]: (-0.4, 1.4, 1.2) 1
[18:34:31.308]: (-0.4, 1.4, 1.2) 1
[18:34:31.323]: (-0.4, 1.4, 1.2) 1
[18:34:31.340]: (-0.4, 1.4, 1.3) 1
[18:34:31.356]: (-0.4, 1.4, 1.2) 1
[18:34:31.372]: (-0.4, 1.4, 1.2) 1
[18:34:31.387]: (-0.4, 1.4, 1.2) 1
[18:34:31.404]: (-0.4, 1.4, 1.3) 1
[18:34:31.420]: (-0.4, 1.4, 1.3) 1
[18:34:31.534]: (0.3, 1.6, 1.5) 31
[18:34:31.555]: (0.3, 1.6, 1.5) 31
[18:34:31.578]: (0.2, 1.6, 1.5) 31
[18:34:31.599]: (0.2, 1.6, 1.6) 31
[18:34:31.667]: (0.2, 1.6, 1.6) 31
[18:34:31.733]: (-0.5, 1.5, 1.2) 1
[18:34:31.756]: (-0.5, 1.5, 1.2) 1
[18:34:31.777]: (-0.5, 1.5, 1.3) 2
[18:34:31.799]: (-0.5, 1.5, 1.3) 2
[18:34:31.823]: (-0.5, 1.5, 1.3) 2
[18:34:31.844]: (-0.5, 1.5, 1.3) 2
[18:34:31.866]: (-0.5, 1.5, 1.3) 2
[18:34:31.888]: (-0.5, 1.5, 1.3) 2
[18:34:31.905]: (-0.5, 1.5, 1.3) 2
[18:34:31.921]: (-0.5, 1.5, 1.3) 2
[18:34:31.939]: (-0.5, 1.5, 1.3) 2
[18:34:31.955]: (-0.5, 1.5, 1.3) 2
[18:34:31.971]: (-0.5, 1.5, 1.3) 2
[18:34:31.986]: (-0.5, 1.5, 1.3) 2
[18:34:32.003]: (-0.5, 1.5, 1.3) 2
[18:34:32.019]: (-0.5, 1.5, 1.3) 2
[18:34:32.036]: (-0.5, 1.5, 1.3) 2
[18:34:32.086]: (-0.6, 1.5, 1.3) 4
[18:34:32.103]: (-0.7, 1.5, 1.3) 4
[18:34:32.119]: (-0.7, 1.5, 1.3) 4
[18:34:32.152]: (-0.7, 1.5, 1.3) 6
[18:34:32.210]: (-0.7, 1.5, 1.3) 6
[18:34:32.320]: (-0.7, 1.5, 1.4) 4
[18:34:32.366]: (-0.6, 1.5, 1.3) 4
[18:34:32.389]: (-0.6, 1.5, 1.3) 4
[18:34:32.411]: (-0.7, 1.5, 1.4) 4
[18:34:32.455]: (-0.6, 1.5, 1.3) 4
[18:34:32.477]: (-0.6, 1.5, 1.3) 4
[18:34:32.500]: (-0.6, 1.5, 1.3) 4
[18:34:32.521]: (-0.6, 1.5, 1.3) 4
[18:34:32.544]: (-0.6, 1.5, 1.3) 4
[18:34:32.566]: (-0.6, 1.5, 1.3) 4
[18:34:32.611]: (-0.4, 1.5, 1.3) 1
[18:34:32.810]: (0.3, 1.8, 1.7) 22
[18:34:32.826]: (0.2, 1.8, 1.7) 22
[18:34:33.111]: (0.2, 1.7, 1.6) 31
[18:34:33.127]: (0.5, 1.7, 1.6) 19
[18:34:33.144]: (0.5, 1.6, 1.4) 26
[18:34:33.166]: (0.5, 1.6, 1.4) 26
[18:34:33.188]: (0.5, 1.6, 1.4) 26
[18:34:33.211]: (0.5, 1.6, 1.5) 26
[18:34:33.232]: (0.5, 1.6, 1.4) 26
[18:34:33.255]: (0.5, 1.7, 1.4) 26
[18:34:33.276]: (0.5, 1.6, 1.4) 26
[18:34:33.321]: (0.5, 1.6, 1.4) 26
[18:34:33.346]: (0.5, 1.6, 1.5) 26
[18:34:33.365]: (0.5, 1.6, 1.4) 26
[18:34:33.633]: (0.5, 1.6, 1.5) 16
[18:34:33.651]: (0.5, 1.6, 1.5) 16
[18:34:33.724]: (0.5, 1.6, 1.5) 26
[18:34:33.770]: (0.5, 1.6, 1.5) 16
[18:34:33.785]: (0.5, 1.6, 1.5) 16
[18:34:33.801]: (0.5, 1.6, 1.5) 16
[18:34:33.816]: (0.5, 1.6, 1.5) 16
[18:34:33.831]: (0.5, 1.6, 1.5) 16
[18:34:33.848]: (0.4, 1.6, 1.5) 16
[18:34:33.863]: (0.4, 1.6, 1.5) 16
[18:34:33.879]: (0.4, 1.6, 1.5) 16
[18:34:33.895]: (0.4, 1.6, 1.5) 16
[18:34:33.910]: (0.4, 1.6, 1.5) 16
[18:34:33.926]: (0.4, 1.6, 1.5) 16
[18:34:33.943]: (0.4, 1.6, 1.5) 16
[18:34:33.959]: (0.4, 1.6, 1.6) 19
[18:34:34.008]: (-0.5, 1.6, 1.3) 9
[18:34:34.065]: (-0.5, 1.6, 1.3) 9
[18:34:34.244]: (-0.6, 1.7, 1.4) 11
[18:34:34.287]: (-0.6, 1.6, 1.3) 4
[18:34:34.333]: (-0.5, 1.4, 1.1) 3
[18:34:34.525]: (-0.7, 1.5, 1.2) 6
[18:34:34.541]: (-0.7, 1.6, 1.3) 4
[18:34:34.646]: (-0.7, 1.5, 1.2) 6
[18:34:34.662]: (-0.7, 1.5, 1.2) 6
[18:34:34.786]: (-0.7, 1.5, 1.2) 6
[18:34:34.803]: (-0.7, 1.5, 1.2) 6
[18:34:34.820]: (-0.8, 1.5, 1.2) 13
[18:34:34.850]: (-0.6, 1.6, 1.3) 4
[18:34:35.055]: (0.2, 1.8, 1.7) 22
[18:34:35.077]: (0.3, 1.8, 1.7) 22
[18:34:35.165]: (0.2, 1.7, 1.6) 31
[18:34:35.276]: (0.3, 1.8, 1.7) 22
[18:34:35.298]: (0.2, 1.8, 1.7) 22
[18:34:35.320]: (0.3, 1.8, 1.7) 22
[18:34:35.343]: (0.2, 1.8, 1.7) 22
[18:34:35.366]: (0.2, 1.8, 1.7) 22
[18:34:35.387]: (0.3, 1.9, 1.8) 20
[18:34:35.404]: (0.3, 1.9, 1.8) 30
[18:34:35.420]: (0.3, 1.9, 1.7) 22
[18:34:35.436]: (0.2, 1.8, 1.7) 32
[18:34:35.452]: (0.2, 1.8, 1.7) 22
[18:34:35.484]: (0.3, 1.9, 1.8) 30
[18:34:35.500]: (0.3, 1.9, 1.8) 30
[18:34:35.517]: (0.3, 2.0, 1.8) 30
[18:34:35.533]: (0.3, 1.9, 1.8) 20
[18:34:35.551]: (0.3, 1.9, 1.8) 30
[18:34:35.566]: (0.3, 1.9, 1.9) 30
[18:34:35.582]: (0.3, 1.9, 1.8) 20
[18:34:35.597]: (0.2, 1.9, 1.7) 22
[18:34:35.614]: (0.3, 1.9, 1.8) 30
[18:34:35.631]: (0.3, 1.9, 1.8) 20
[18:34:35.677]: (0.5, 1.6, 1.4) 26
[18:34:35.693]: (0.5, 1.7, 1.5) 26
[18:34:35.709]: (0.5, 1.6, 1.4) 26
[18:34:35.724]: (0.5, 1.7, 1.4) 26
[18:34:35.740]: (0.5, 1.6, 1.4) 26
[18:34:35.756]: (0.5, 1.6, 1.4) 26
[18:34:35.773]: (0.5, 1.6, 1.4) 26
[18:34:35.789]: (0.5, 1.6, 1.4) 26
[18:34:35.805]: (0.5, 1.6, 1.4) 26
[18:34:35.821]: (0.5, 1.6, 1.5) 26
[18:34:35.875]: (0.5, 1.6, 1.5) 26
[18:34:35.898]: (0.5, 1.6, 1.5) 16
[18:34:35.920]: (0.4, 1.6, 1.5) 16
[18:34:36.054]: (-0.8, 1.3, 1.1) 12
[18:34:36.165]: (-0.4, 1.6, 1.3) 9
[18:34:36.330]: (-0.4, 1.4, 1.3) 1
[18:34:36.420]: (-0.4, 1.4, 1.3) 1
[18:34:36.451]: (-0.4, 1.4, 1.3) 1
[18:34:36.466]: (-0.4, 1.4, 1.3) 1
[18:34:36.562]: (-0.4, 1.4, 1.3) 1
[18:34:36.577]: (-0.4, 1.4, 1.3) 1
[18:34:36.609]: (-0.4, 1.4, 1.3) 1
[18:34:36.655]: (-0.4, 1.4, 1.3) 1
[18:34:36.686]: (-0.4, 1.4, 1.3) 1
[18:34:36.708]: (-0.4, 1.4, 1.3) 1
[18:34:36.731]: (-0.4, 1.4, 1.3) 1
[18:34:36.753]: (-0.4, 1.4, 1.3) 1
[18:34:36.776]: (-0.4, 1.4, 1.3) 1
[18:34:36.797]: (-0.4, 1.4, 1.3) 1
[18:34:36.820]: (-0.4, 1.4, 1.3) 1
[18:34:36.931]: (-0.3, 1.4, 1.2) 0
[18:34:37.109]: (-0.3, 1.4, 1.2) 0
[18:34:37.126]: (-0.3, 1.4, 1.2) 0
[18:34:37.142]: (-0.3, 1.5, 1.4) 7
[18:34:37.158]: (-0.3, 1.5, 1.3) 7
[18:34:37.173]: (-0.3, 1.4, 1.2) 0
[18:34:37.190]: (-0.3, 1.4, 1.2) 0
[18:34:37.206]: (-0.3, 1.4, 1.2) 0
[18:34:37.221]: (-0.3, 1.4, 1.2) 0
[18:34:37.238]: (-0.3, 1.4, 1.2) 0
[18:34:37.254]: (-0.4, 1.5, 1.2) 1
[18:34:37.272]: (-0.4, 1.5, 1.2) 1
[18:34:37.288]: (-0.4, 1.5, 1.2) 1
[18:34:37.304]: (-0.4, 1.5, 1.2) 1
[18:34:37.321]: (-0.4, 1.5, 1.2) 1
[18:34:37.337]: (-0.4, 1.5, 1.2) 1
[18:34:37.354]: (-0.4, 1.5, 1.2) 1
[18:34:37.370]: (-0.4, 1.5, 1.2) 1
[18:34:37.386]: (-0.4, 1.4, 1.2) 1
[18:34:37.404]: (-0.4, 1.5, 1.2) 1
[18:34:37.420]: (-0.4, 1.5, 1.2) 1
[18:34:37.435]: (-0.4, 1.5, 1.2) 1
[18:34:37.452]: (-0.4, 1.5, 1.2) 1
[18:34:37.481]: (-0.7, 1.7, 1.4) 11
[18:34:37.499]: (-0.7, 1.7, 1.4) 11
[18:34:37.515]: (-0.7, 1.6, 1.4) 11
[18:34:37.532]: (-0.7, 1.7, 1.4) 11
[18:34:37.548]: (-0.7, 1.7, 1.4) 11
[18:34:37.564]: (-0.7, 1.7, 1.4) 11
[18:34:37.586]: (-0.7, 1.7, 1.4) 11
[18:34:37.608]: (-0.7, 1.7, 1.4) 11
[18:34:37.630]: (-0.7, 1.7, 1.4) 11
[18:34:37.654]: (-0.7, 1.7, 1.4) 11
[18:34:37.674]: (-0.7, 1.7, 1.4) 11
[18:34:37.697]: (-0.7, 1.6, 1.4) 11
[18:34:37.724]: (-0.7, 1.6, 1.4) 11
[18:34:37.742]: (-0.6, 1.6, 1.4) 11
[18:34:37.764]: (-0.6, 1.6, 1.4) 11
[18:34:37.787]: (-0.6, 1.6, 1.4) 11
[18:34:37.808]: (-0.6, 1.6, 1.4) 11
[18:34:37.830]: (-0.6, 1.6, 1.4) 11
[18:34:37.852]: (-0.4, 1.6, 1.4) 9
[18:34:37.875]: (-0.3, 1.5, 1.4) 7
[18:34:37.896]: (-0.2, 1.4, 1.2) 0
[18:34:37.919]: (-0.2, 1.5, 1.3) 7
[18:34:37.941]: (-0.2, 1.5, 1.3) 7
[18:34:37.964]: (-0.3, 1.5, 1.3) 7
[18:34:37.980]: (-0.2, 1.5, 1.3) 7
[18:34:37.997]: (-0.2, 1.5, 1.3) 7
[18:34:38.013]: (-0.2, 1.5, 1.3) 7
[18:34:38.029]: (-0.3, 1.5, 1.3) 7
[18:34:38.046]: (-0.3, 1.5, 1.3) 7
[18:34:38.063]: (-0.3, 1.5, 1.3) 7
[18:34:38.079]: (-0.2, 1.5, 1.3) 7
[18:34:38.097]: (-0.2, 1.5, 1.3) 7
[18:34:38.114]: (-0.2, 1.5, 1.3) 7
[18:34:38.130]: (-0.3, 1.5, 1.3) 7
[18:34:38.174]: (0.3, 1.8, 1.7) 20
[18:34:38.192]: (0.3, 1.8, 1.7) 22
[18:34:38.208]: (0.3, 1.8, 1.7) 20
[18:34:38.225]: (0.3, 1.9, 1.7) 20
[18:34:38.240]: (0.3, 1.8, 1.7) 20
[18:34:38.255]: (0.3, 1.8, 1.8) 20
[18:34:38.272]: (0.3, 1.7, 1.6) 21
[18:34:38.365]: (0.4, 1.8, 1.8) 20
[18:34:38.382]: (0.4, 1.8, 1.8) 20
[18:34:38.641]: (0.3, 1.9, 1.7) 20
[18:34:38.663]: (0.3, 1.9, 1.7) 20
[18:34:38.687]: (0.3, 1.8, 1.7) 22
[18:34:38.707]: (0.3, 1.8, 1.7) 22
[18:34:38.730]: (0.3, 1.8, 1.7) 22
[18:34:38.753]: (0.3, 1.9, 1.7) 22
[18:34:38.774]: (0.3, 1.9, 1.8) 20
[18:34:38.797]: (0.3, 1.8, 1.7) 22
[18:34:38.820]: (0.3, 1.8, 1.7) 22
[18:34:38.841]: (0.3, 1.8, 1.7) 22
[18:34:38.858]: (0.3, 1.8, 1.7) 22
[18:34:38.874]: (0.3, 1.8, 1.7) 22
[18:34:38.890]: (0.3, 1.8, 1.7) 22
[18:34:38.905]: (0.3, 1.8, 1.7) 22
[18:34:38.920]: (0.3, 1.9, 1.7) 20
[18:34:38.935]: (0.3, 1.9, 1.7) 20
[18:34:38.951]: (0.3, 1.9, 1.7) 20
[18:34:38.967]: (0.3, 1.8, 1.7) 22
[18:34:38.983]: (0.3, 1.9, 1.7) 20
[18:34:38.999]: (0.5, 1.8, 1.7) 17
[18:34:39.031]: (0.7, 1.8, 1.8) 25
[18:34:39.048]: (0.7, 1.7, 1.7) 15
[18:34:39.063]: (0.5, 1.7, 1.5) 26
[18:34:39.080]: (0.5, 1.7, 1.4) 26
[18:34:39.109]: (0.5, 1.6, 1.5) 26
[18:34:39.141]: (0.5, 1.6, 1.5) 16
[18:34:39.396]: (0.5, 1.6, 1.5) 16
[18:34:39.419]: (0.3, 1.7, 1.6) 21
[18:34:39.441]: (0.3, 1.7, 1.6) 21
[18:34:39.463]: (0.3, 1.7, 1.6) 21
[18:34:39.485]: (0.3, 1.7, 1.6) 31
[18:34:39.508]: (0.3, 1.7, 1.6) 21
[18:34:39.530]: (0.3, 1.7, 1.6) 21
[18:34:39.552]: (0.2, 1.7, 1.5) 31
[18:34:39.574]: (0.2, 1.7, 1.5) 31
[18:34:39.596]: (0.2, 1.7, 1.5) 31
[18:34:39.619]: (0.2, 1.6, 1.5) 31
[18:34:39.641]: (0.2, 1.7, 1.5) 31
[18:34:39.662]: (0.2, 1.7, 1.5) 31
[18:34:39.685]: (0.3, 1.7, 1.6) 21
[18:34:39.707]: (0.3, 1.7, 1.6) 21
[18:34:39.723]: (0.3, 1.7, 1.6) 21
[18:34:39.738]: (0.3, 1.7, 1.6) 21
[18:34:39.754]: (0.3, 1.7, 1.6) 21
[18:34:39.771]: (0.3, 1.7, 1.6) 21
[18:34:39.786]: (0.3, 1.7, 1.6) 21
[18:34:39.801]: (0.3, 1.7, 1.6) 21
[18:34:39.817]: (0.3, 1.7, 1.6) 21
[18:34:39.833]: (0.3, 1.7, 1.6) 21
[18:34:39.849]: (0.3, 1.7, 1.6) 21
[18:34:39.865]: (0.3, 1.7, 1.6) 21
[18:34:39.881]: (0.3, 1.7, 1.6) 21
[18:34:39.898]: (0.3, 1.7, 1.6) 21
[18:34:39.914]: (0.3, 1.7, 1.6) 21
[18:34:39.930]: (0.3, 1.7, 1.6) 21
[18:34:39.946]: (0.3, 1.7, 1.6) 21
[18:34:39.962]: (0.4, 1.7, 1.6) 21
[18:34:39.979]: (0.4, 1.7, 1.6) 21
[18:34:40.010]: (0.4, 1.7, 1.6) 21
[18:34:40.026]: (0.4, 1.7, 1.6) 21
[18:34:40.044]: (0.4, 1.7, 1.6) 21
[18:34:40.059]: (0.4, 1.7, 1.6) 21
[18:34:40.075]: (0.3, 1.7, 1.6) 21
[18:34:40.090]: (0.4, 1.7, 1.6) 21
[18:34:40.107]: (0.4, 1.7, 1.6) 21
[18:34:40.129]: (0.4, 1.7, 1.6) 19
[18:34:40.152]: (0.5, 1.7, 1.6) 19
[18:34:40.174]: (0.5, 1.7, 1.6) 19
[18:34:40.195]: (0.5, 1.7, 1.6) 19
[18:34:40.218]: (0.5, 1.7, 1.6) 19
[18:34:40.242]: (0.5, 1.7, 1.6) 19
[18:34:40.263]: (0.5, 1.7, 1.6) 19
[18:34:40.285]: (0.5, 1.7, 1.6) 19
[18:34:40.307]: (0.5, 1.7, 1.6) 19
[18:34:40.329]: (0.5, 1.7, 1.6) 19
[18:34:40.352]: (0.5, 1.7, 1.6) 19
[18:34:40.373]: (0.5, 1.7, 1.6) 19
[18:34:40.397]: (0.5, 1.7, 1.6) 19
[18:34:40.418]: (0.5, 1.7, 1.6) 19
[18:34:40.440]: (0.5, 1.7, 1.6) 19
[18:34:40.463]: (0.2, 1.8, 1.7) 22
[18:34:40.486]: (0.2, 1.8, 1.7) 32
[18:34:40.507]: (0.2, 1.8, 1.7) 32
[18:34:40.529]: (0.2, 1.8, 1.7) 32
[18:34:40.551]: (0.2, 1.8, 1.7) 32
[18:34:40.573]: (0.2, 1.8, 1.7) 32
[18:34:40.595]: (0.2, 1.8, 1.7) 32
[18:34:40.610]: (0.2, 1.8, 1.7) 32
[18:34:40.626]: (0.2, 1.8, 1.7) 32
[18:34:40.641]: (0.2, 1.8, 1.7) 32
[18:34:40.657]: (0.2, 1.8, 1.7) 32
[18:34:40.732]: (0.3, 1.8, 1.7) 22
[18:34:40.751]: (0.2, 1.7, 1.6) 31
[18:34:40.782]: (0.2, 1.8, 1.7) 22
[18:34:40.798]: (0.2, 1.8, 1.7) 22
[18:34:40.813]: (0.2, 1.8, 1.7) 22
[18:34:40.830]: (0.2, 1.8, 1.7) 22
[18:34:40.846]: (0.2, 1.8, 1.7) 22
[18:34:40.863]: (0.2, 1.8, 1.7) 22
[18:34:40.878]: (0.2, 1.8, 1.7) 22
[18:34:40.892]: (0.2, 1.8, 1.7) 22
[18:34:41.040]: (0.2, 1.8, 1.7) 22
[18:34:41.062]: (0.2, 1.8, 1.7) 22
[18:34:41.084]: (0.2, 1.8, 1.7) 22
[18:34:41.107]: (0.2, 1.8, 1.7) 22
[18:34:41.128]: (0.2, 1.8, 1.7) 22
[18:34:41.151]: (0.2, 1.8, 1.7) 22
[18:34:41.174]: (0.2, 1.8, 1.7) 22
[18:34:41.195]: (0.2, 1.8, 1.7) 22
[18:34:41.218]: (0.2, 1.8, 1.7) 22
[18:34:41.240]: (0.2, 1.8, 1.7) 22
[18:34:41.262]: (0.2, 1.8, 1.7) 22
[18:34:41.285]: (0.2, 1.8, 1.7) 22
[18:34:41.418]: (0.1, 1.8, 1.7) 32
[18:34:41.439]: (0.2, 1.8, 1.7) 32
[18:34:41.462]: (0.1, 1.8, 1.7) 32
[18:34:41.480]: (0.1, 1.8, 1.7) 32
[18:34:41.497]: (0.1, 1.8, 1.7) 32
[18:34:41.513]: (0.1, 1.8, 1.7) 32
[18:34:41.528]: (0.1, 1.8, 1.7) 32
[18:34:41.543]: (0.1, 1.8, 1.7) 32
[18:34:41.559]: (0.1, 1.8, 1.7) 32
[18:34:41.575]: (0.1, 1.8, 1.7) 32
[18:34:41.591]: (0.1, 1.8, 1.7) 32
[18:34:41.606]: (0.1, 1.8, 1.7) 32
[18:34:41.622]: (0.1, 1.8, 1.7) 32
[18:34:41.639]: (0.1, 1.8, 1.7) 32
[18:34:41.656]: (0.1, 1.8, 1.7) 32
[18:34:41.672]: (0.1, 1.8, 1.7) 32
[18:34:41.688]: (0.1, 1.8, 1.7) 32
[18:34:41.704]: (0.1, 1.8, 1.7) 32
[18:34:41.719]: (0.1, 1.8, 1.7) 32
[18:34:42.041]: (-0.8, 1.4, 1.3) 13
[18:34:42.217]: (-0.6, 1.6, 1.4) 4
[18:34:42.284]: (-0.4, 1.5, 1.3) 2
[18:34:42.519]: (0.2, 1.7, 1.6) 31
[18:34:42.563]: (0.3, 1.7, 1.6) 31
[18:34:42.581]: (0.2, 1.7, 1.6) 31
[18:34:42.596]: (0.2, 1.7, 1.6) 31
[18:34:42.611]: (0.3, 1.7, 1.6) 31
[18:34:42.626]: (0.3, 1.7, 1.6) 31
[18:34:42.642]: (0.2, 1.7, 1.5) 31
[18:34:42.659]: (0.2, 1.7, 1.5) 31
[18:34:42.675]: (0.2, 1.7, 1.5) 31
[18:34:42.691]: (0.2, 1.7, 1.5) 31
[18:34:42.708]: (0.3, 1.7, 1.5) 31
[18:34:42.723]: (0.2, 1.7, 1.5) 31
[18:34:42.739]: (0.2, 1.7, 1.5) 31
[18:34:42.785]: (0.3, 1.7, 1.7) 21
[18:34:42.806]: (0.5, 1.8, 1.7) 17
[18:34:42.828]: (0.6, 1.8, 1.7) 17
[18:34:42.851]: (0.5, 1.8, 1.7) 17
[18:34:42.873]: (0.5, 1.8, 1.7) 17
[18:34:42.896]: (0.5, 1.8, 1.7) 17
[18:34:42.917]: (0.5, 1.7, 1.6) 19
[18:34:42.939]: (0.5, 1.7, 1.6) 19
[18:34:42.961]: (0.5, 1.7, 1.6) 19
[18:34:42.984]: (0.5, 1.7, 1.6) 19
[18:34:43.005]: (0.5, 1.7, 1.6) 19
[18:34:43.029]: (0.5, 1.7, 1.6) 19
[18:34:43.051]: (0.5, 1.7, 1.6) 19
[18:34:43.072]: (0.4, 1.7, 1.6) 19
[18:34:43.094]: (0.4, 1.7, 1.6) 19
[18:34:43.117]: (0.4, 1.7, 1.6) 19
[18:34:43.140]: (0.4, 1.7, 1.6) 19
[18:34:43.157]: (0.4, 1.7, 1.6) 19
[18:34:43.174]: (0.4, 1.7, 1.6) 19
[18:34:43.190]: (0.4, 1.7, 1.6) 19
[18:34:43.207]: (0.4, 1.7, 1.6) 19
[18:34:43.727]: (-0.5, 1.5, 1.2) 1
[18:34:43.818]: (-0.4, 1.5, 1.3) 1
[18:34:43.883]: (-0.4, 1.4, 1.3) 1
[18:34:43.905]: (-0.4, 1.4, 1.3) 1
[18:34:43.950]: (-0.4, 1.4, 1.3) 1
[18:34:43.972]: (-0.4, 1.5, 1.3) 1
[18:34:44.049]: (-0.4, 1.5, 1.3) 1
[18:34:44.064]: (-0.4, 1.4, 1.3) 1
[18:34:44.079]: (-0.4, 1.5, 1.3) 1
[18:34:44.095]: (-0.4, 1.4, 1.3) 1
[18:34:44.111]: (-0.4, 1.5, 1.3) 1
[18:34:44.129]: (-0.4, 1.5, 1.3) 1
[18:34:44.159]: (-0.4, 1.5, 1.3) 1
[18:34:44.174]: (-0.4, 1.5, 1.3) 1
[18:34:44.192]: (-0.4, 1.5, 1.3) 1
[18:34:44.207]: (-0.4, 1.5, 1.3) 1
[18:34:44.223]: (-0.4, 1.5, 1.3) 1
[18:34:44.238]: (-0.4, 1.5, 1.3) 1
[18:34:44.255]: (-0.4, 1.5, 1.3) 1
[18:34:44.301]: (-0.4, 1.5, 1.3) 1
[18:34:44.317]: (-0.4, 1.5, 1.3) 1
[18:34:44.572]: (-0.4, 1.5, 1.3) 1
[18:34:44.638]: (-0.4, 1.5, 1.2) 1
[18:34:44.682]: (-0.4, 1.4, 1.2) 1
[18:34:44.727]: (-0.4, 1.4, 1.2) 1
[18:34:44.751]: (-0.4, 1.4, 1.3) 1
[18:34:44.773]: (-0.4, 1.5, 1.3) 1
[18:34:44.793]: (-0.4, 1.5, 1.3) 1
[18:34:44.817]: (-0.4, 1.5, 1.3) 1
[18:34:44.839]: (-0.4, 1.4, 1.3) 1
[18:34:44.920]: (-0.4, 1.4, 1.3) 1
[18:34:44.950]: (-0.4, 1.4, 1.3) 1
[18:34:44.980]: (-0.4, 1.4, 1.2) 1
[18:34:45.060]: (-0.5, 1.4, 1.1) 3
[18:34:45.075]: (-0.8, 1.5, 1.3) 13
[18:34:45.120]: (-0.6, 1.4, 1.1) 3
[18:34:45.153]: (-0.5, 1.4, 1.3) 1
[18:34:45.199]: (-0.4, 1.4, 1.3) 1
[18:34:45.263]: (-0.5, 1.4, 1.1) 3
[18:34:45.281]: (-0.4, 1.4, 1.2) 1
[18:34:45.297]: (-0.4, 1.4, 1.3) 1
[18:34:48.248]: (-0.5, 1.3, 1.0) 10
[18:34:48.426]: (-0.3, 1.4, 1.1) 0
[18:34:48.448]: (-0.3, 1.3, 1.1) 8
[18:34:48.492]: (-0.3, 1.3, 1.1) 8
[18:34:48.605]: (-0.4, 1.6, 1.2) 2
[18:34:48.625]: (-0.4, 1.5, 1.3) 2
[18:34:48.647]: (-0.4, 1.6, 1.2) 2
[18:34:48.664]: (-0.4, 1.6, 1.3) 9
[18:34:48.684]: (-0.5, 1.6, 1.3) 9
[18:34:48.701]: (-0.4, 1.6, 1.3) 9
[18:34:48.719]: (-0.5, 1.6, 1.3) 9
[18:34:48.738]: (-0.5, 1.6, 1.3) 9
[18:34:48.755]: (-0.5, 1.6, 1.3) 9
[18:34:48.771]: (-0.4, 1.6, 1.3) 9
[18:34:48.786]: (-0.4, 1.6, 1.2) 2
[18:34:48.802]: (-0.4, 1.6, 1.2) 2
[18:34:48.819]: (-0.4, 1.6, 1.2) 2
[18:34:48.836]: (-0.4, 1.5, 1.2) 2
[18:34:48.852]: (-0.4, 1.5, 1.2) 2
[18:34:49.085]: (0.4, 1.8, 1.7) 18
[18:34:49.170]: (0.3, 1.8, 1.8) 20
[18:34:49.193]: (0.3, 1.8, 1.8) 20
[18:34:49.215]: (0.3, 1.8, 1.8) 20
[18:34:49.236]: (0.2, 1.8, 1.7) 22
[18:34:49.259]: (0.3, 1.8, 1.7) 22
[18:34:49.303]: (0.3, 1.8, 1.7) 22
[18:34:49.325]: (0.3, 1.8, 1.7) 22
[18:34:49.392]: (0.2, 1.7, 1.5) 31
[18:34:49.415]: (0.2, 1.7, 1.5) 31
[18:34:49.436]: (0.2, 1.7, 1.5) 31
[18:34:49.459]: (0.2, 1.6, 1.5) 31
[18:34:49.481]: (0.2, 1.7, 1.6) 31
[18:34:49.580]: (-0.8, 1.3, 1.1) 12
[18:34:49.657]: (-0.6, 1.6, 1.3) 4
[18:34:49.839]: (-0.6, 1.6, 1.3) 4
[18:34:49.886]: (-0.7, 1.5, 1.2) 6
[18:34:49.902]: (-0.7, 1.5, 1.2) 6
[18:34:49.918]: (-0.7, 1.5, 1.2) 6
[18:34:49.936]: (-0.7, 1.5, 1.2) 6
[18:34:49.959]: (-0.7, 1.5, 1.3) 6
[18:34:49.981]: (-0.7, 1.5, 1.2) 6
[18:34:50.005]: (-0.7, 1.5, 1.2) 6
[18:34:50.025]: (-0.7, 1.5, 1.2) 6
[18:34:50.048]: (-0.7, 1.5, 1.3) 6
[18:34:50.069]: (-0.7, 1.5, 1.3) 6
[18:34:50.092]: (-0.7, 1.5, 1.2) 6
[18:34:50.114]: (-0.7, 1.5, 1.2) 6
[18:34:50.137]: (-0.7, 1.5, 1.2) 6
[18:34:50.159]: (-0.7, 1.5, 1.2) 6
[18:34:50.182]: (-0.4, 1.5, 1.3) 1
[18:34:50.203]: (-0.5, 1.5, 1.3) 1
[18:34:50.224]: (-0.5, 1.5, 1.2) 1
[18:34:50.248]: (-0.4, 1.5, 1.2) 1
[18:34:50.269]: (-0.4, 1.5, 1.2) 1
[18:34:50.293]: (-0.4, 1.4, 1.2) 1
[18:34:50.314]: (-0.4, 1.4, 1.2) 1
[18:34:50.337]: (-0.4, 1.5, 1.2) 1
[18:34:50.359]: (-0.4, 1.5, 1.2) 1
[18:34:50.375]: (-0.4, 1.5, 1.3) 1
[18:34:50.454]: (0.4, 1.9, 1.8) 18
[18:34:50.607]: (0.3, 1.7, 1.6) 21
[18:34:50.670]: (-0.4, 1.6, 1.3) 2
[18:34:50.713]: (-0.8, 1.5, 1.2) 13
[18:34:50.728]: (-0.8, 1.5, 1.2) 13
[18:34:50.913]: (-0.7, 1.4, 1.2) 5
[18:34:51.466]: (-0.8, 1.5, 1.2) 6
[18:34:51.482]: (-0.8, 1.4, 1.3) 13
[18:34:51.513]: (-0.8, 1.5, 1.2) 13
[18:34:51.545]: (-0.8, 1.4, 1.3) 13
[18:34:51.561]: (-0.8, 1.4, 1.3) 13
[18:34:51.591]: (-0.7, 1.4, 1.1) 5
[18:34:51.623]: (-0.8, 1.5, 1.2) 13
[18:34:51.681]: (-0.9, 1.5, 1.2) 13
[18:34:51.746]: (-0.8, 1.4, 1.2) 13
[18:34:51.768]: (-0.7, 1.3, 1.1) 12
[18:34:51.791]: (-0.8, 1.5, 1.3) 13
[18:34:51.813]: (-0.8, 1.5, 1.3) 13
[18:34:51.836]: (-0.8, 1.3, 1.1) 12
[18:34:51.858]: (-0.7, 1.3, 1.1) 12
[18:34:51.881]: (-0.7, 1.4, 1.1) 12
[18:34:51.902]: (-0.7, 1.4, 1.1) 5
[18:34:51.969]: (-0.8, 1.4, 1.2) 5
[18:34:51.991]: (-0.8, 1.5, 1.3) 13
[18:34:52.013]: (-0.8, 1.4, 1.2) 13
[18:34:52.036]: (-0.8, 1.4, 1.2) 13
[18:34:52.329]: (-0.8, 1.4, 1.3) 13
[18:34:52.408]: (-0.5, 1.4, 1.3) 1
[18:34:52.426]: (-0.5, 1.4, 1.3) 1
[18:34:52.781]: (-0.8, 1.4, 1.3) 13
[18:34:52.825]: (-0.7, 1.4, 1.1) 5
[18:34:52.873]: (-0.8, 1.4, 1.3) 13
[18:34:52.891]: (-0.8, 1.4, 1.3) 13
[18:34:52.913]: (-0.7, 1.4, 1.2) 5
[18:34:52.929]: (-0.7, 1.4, 1.1) 5
[18:34:52.944]: (-0.7, 1.4, 1.1) 5
[18:34:52.960]: (-0.7, 1.4, 1.1) 5
[18:34:52.975]: (-0.7, 1.4, 1.1) 5
[18:34:53.010]: (-0.8, 1.5, 1.2) 6
[18:34:53.026]: (-0.8, 1.5, 1.2) 13
[18:34:53.043]: (-0.7, 1.5, 1.2) 6
[18:34:53.060]: (-0.7, 1.4, 1.2) 5
[18:34:53.076]: (-0.7, 1.4, 1.2) 5
[18:34:53.092]: (-0.7, 1.4, 1.1) 5
[18:34:53.125]: (-0.8, 1.5, 1.2) 6
[18:34:53.143]: (-0.8, 1.5, 1.3) 13
[18:34:53.158]: (-0.7, 1.4, 1.1) 5
[18:34:53.190]: (-0.4, 1.5, 1.2) 2
[18:34:53.446]: (-0.4, 1.6, 1.3) 9
[18:34:53.514]: (-0.7, 1.6, 1.4) 11
[18:34:53.603]: (-0.7, 1.6, 1.3) 4
[18:34:53.646]: (-0.7, 1.5, 1.2) 6
[18:34:53.736]: (-0.7, 1.5, 1.2) 6
[18:34:53.763]: (-0.7, 1.5, 1.3) 4
[18:34:53.797]: (-0.7, 1.5, 1.2) 6
[18:34:53.835]: (-0.7, 1.5, 1.2) 6
[18:34:53.864]: (-0.7, 1.5, 1.2) 6
[18:34:53.889]: (-0.7, 1.5, 1.2) 6
[18:34:53.971]: (-0.7, 1.6, 1.3) 6
[18:34:54.053]: (-0.7, 1.5, 1.3) 6
[18:34:54.073]: (-0.7, 1.6, 1.3) 4
[18:34:54.104]: (-0.7, 1.6, 1.3) 4
[18:34:54.129]: (-0.7, 1.5, 1.2) 6
[18:34:54.147]: (-0.7, 1.6, 1.3) 4
[18:34:54.170]: (-0.7, 1.5, 1.3) 6
[18:34:54.235]: (-0.8, 1.5, 1.2) 13
[18:34:54.300]: (-0.7, 1.4, 1.2) 5
[18:34:54.323]: (-0.8, 1.5, 1.3) 13
[18:34:54.340]: (-0.8, 1.5, 1.2) 13
[18:34:54.425]: (-0.8, 1.5, 1.3) 13
[18:34:54.447]: (-0.8, 1.5, 1.3) 6
[18:34:54.491]: (-0.8, 1.5, 1.2) 6
[18:34:54.692]: (-0.7, 1.3, 1.1) 12
[18:34:54.875]: (-0.7, 1.6, 1.3) 4
[18:34:54.894]: (-0.8, 1.5, 1.2) 13
[18:34:54.912]: (-0.8, 1.5, 1.3) 13
[18:34:54.943]: (-0.7, 1.6, 1.3) 4
[18:34:54.960]: (-0.7, 1.7, 1.4) 11
[18:34:54.977]: (-0.7, 1.6, 1.3) 6
[18:34:55.027]: (-0.7, 1.6, 1.2) 6
[18:34:55.044]: (-0.7, 1.5, 1.2) 6
[18:34:55.061]: (-0.7, 1.6, 1.2) 6
[18:34:55.076]: (-0.7, 1.6, 1.2) 6
[18:34:55.368]: (-0.6, 1.7, 1.4) 11
[18:34:55.389]: (-0.7, 1.5, 1.2) 6
[18:34:55.439]: (-0.8, 1.5, 1.3) 13
[18:34:55.458]: (-0.7, 1.5, 1.2) 6
[18:34:55.479]: (-0.7, 1.5, 1.2) 6
