[17:56:02.393]: (-1.0, -0.7, 0.0) 1
[17:56:02.472]: (-0.8, -0.8, 0.0) 2
[17:56:04.126]: (-1.4, -1.9, 1.7) 5
[17:56:04.148]: (-1.4, -1.9, 1.7) 5
[17:56:04.170]: (-1.3, -1.9, 1.6) 5
[17:56:04.214]: (-1.4, -1.9, 1.7) 5
[17:56:04.252]: (-1.4, -1.9, 1.7) 5
[17:56:04.283]: (-1.2, -2.0, 1.6) 4
[17:56:04.300]: (-1.4, -1.8, 1.7) 3
[17:56:04.382]: (-1.3, -1.9, 1.6) 5
[17:56:04.397]: (-1.4, -1.9, 1.7) 5
[17:56:04.413]: (-1.4, -1.9, 1.7) 5
[17:56:04.430]: (-1.4, -1.8, 1.7) 3
[17:56:04.447]: (-1.3, -2.0, 1.6) 4
[17:56:04.479]: (-1.6, -2.4, 2.1) 9
[17:56:04.496]: (-1.3, -2.0, 1.6) 4
[17:56:04.530]: (-1.4, -1.9, 1.7) 5
[17:56:04.547]: (-1.4, -1.9, 1.6) 5
[17:56:04.563]: (-1.5, -1.8, 1.7) 3
[17:56:04.593]: (-1.4, -1.8, 1.7) 3
[17:56:04.609]: (-1.4, -1.9, 1.7) 5
[17:56:04.626]: (-1.4, -1.9, 1.6) 5
[17:56:04.642]: (-1.4, -1.9, 1.6) 5
[17:56:04.658]: (-1.4, -1.9, 1.6) 5
[17:56:04.675]: (-1.4, -1.9, 1.6) 5
[17:56:04.691]: (-1.4, -1.9, 1.6) 5
[17:56:04.707]: (-1.4, -1.9, 1.7) 5
[17:56:05.036]: (-1.2, -1.9, 1.6) 4
[17:56:05.242]: (-1.5, -1.8, 1.7) 3
[17:56:05.309]: (-1.4, -1.8, 1.7) 3
[17:56:05.483]: (-1.5, -1.8, 1.7) 3
[17:56:05.514]: (-1.5, -1.8, 1.8) 3
[17:56:05.590]: (-1.3, -1.9, 1.7) 5
[17:56:08.147]: (-0.7, 0.3, 1.6) 4
[17:56:08.954]: (-0.6, 0.0, 3.7) 3
[17:56:08.975]: (-0.6, 0.1, 3.7) 3
[17:56:08.998]: (-0.6, 0.0, 3.8) 3
[17:56:09.018]: (-0.6, 0.0, 3.7) 5
[17:56:09.078]: (-0.6, 0.1, 3.8) 5
[17:56:09.902]: (0.0, 1.2, 2.3) 1
[17:56:09.921]: (0.0, 1.2, 2.3) 1
[17:56:10.243]: (-0.2, 1.3, 3.2) 3
[17:56:10.975]: (0.0, 1.1, 3.2) 4
[17:56:10.992]: (0.0, 1.1, 3.2) 4
[17:56:11.010]: (0.0, 1.1, 3.2) 4
[17:56:11.027]: (0.0, 1.1, 3.2) 4
[17:56:11.836]: (0.0, 1.4, 3.7) 9
[17:56:11.968]: (0.1, 1.4, 3.8) 9
[17:56:12.002]: (0.1, 1.4, 3.7) 9
[17:56:12.035]: (0.0, 1.4, 3.0) 5
[17:56:12.068]: (0.0, 1.4, 3.0) 5
[17:56:15.315]: (0.0, 1.2, 1.7) 0
[17:56:15.336]: (0.0, 1.2, 1.7) 0
[17:56:15.359]: (0.0, 1.2, 1.7) 0
[17:56:15.380]: (0.0, 1.2, 1.7) 0
[17:56:15.399]: (0.0, 1.2, 1.7) 0
[17:56:15.414]: (0.0, 1.2, 1.7) 0
[17:56:15.432]: (0.0, 1.2, 1.7) 0
[17:56:15.447]: (0.0, 1.2, 1.7) 0
[17:56:15.464]: (0.0, 1.2, 1.7) 0
[17:56:15.479]: (0.0, 1.2, 1.7) 0
[17:56:15.496]: (0.0, 1.2, 1.7) 0
[17:56:15.512]: (0.0, 1.3, 1.6) 1
[17:56:15.527]: (0.0, 1.3, 1.6) 1
[17:56:15.545]: (-0.1, 1.3, 1.6) 1
[17:56:15.560]: (-0.1, 1.3, 1.6) 1
[17:56:15.576]: (-0.1, 1.3, 1.6) 1
[17:56:15.593]: (-0.1, 1.3, 1.6) 1
[17:56:15.608]: (-0.1, 1.3, 1.6) 1
[17:56:15.699]: (-1.1, 2.1, 3.0) 9
[17:56:15.714]: (-1.2, 2.1, 3.0) 10
[17:56:15.730]: (-1.2, 2.1, 3.0) 10
[17:56:15.747]: (-1.2, 2.1, 3.0) 10
[17:56:15.763]: (-1.3, 2.1, 3.0) 10
[17:56:15.778]: (-1.1, 2.0, 3.0) 9
[17:56:15.794]: (-1.2, 2.1, 3.0) 9
[17:56:16.537]: (-0.8, 2.0, 3.0) 9
[17:56:16.559]: (-0.8, 2.1, 3.0) 10
[17:56:16.582]: (-0.8, 2.1, 3.0) 10
[17:56:16.604]: (-0.8, 2.1, 3.0) 10
[17:56:16.627]: (-0.8, 2.0, 3.0) 10
[17:56:16.648]: (-0.6, 1.9, 2.3) 3
[17:56:16.669]: (-0.7, 1.9, 2.3) 3
[17:56:16.688]: (-0.6, 1.9, 2.3) 5
[17:56:16.710]: (-0.6, 1.9, 2.3) 3
[17:56:16.731]: (-0.6, 1.9, 2.3) 3
[17:56:16.751]: (-0.6, 1.9, 2.3) 3
[17:56:16.771]: (-0.6, 1.9, 2.3) 3
[17:56:16.793]: (-0.6, 1.9, 2.3) 3
[17:56:16.813]: (-0.6, 1.9, 2.2) 3
[17:56:16.833]: (-0.5, 1.8, 2.3) 3
[17:56:18.403]: (-0.4, 1.0, 2.5) 4
[17:56:19.088]: (0.1, 1.4, 2.2) 7
[17:56:19.210]: (0.0, 1.4, 1.5) 2
[17:56:19.230]: (0.0, 1.4, 1.5) 2
[17:56:19.251]: (0.0, 1.3, 1.5) 2
[17:56:19.291]: (-0.1, 1.3, 1.5) 0
[17:56:21.742]: (0.3, 2.1, 2.8) 9
[17:56:23.418]: (-0.2, 0.8, 1.5) 2
[17:56:23.441]: (-0.2, 0.8, 1.4) 2
[17:56:23.538]: (-0.2, 0.9, 1.4) 0
[17:56:23.552]: (-0.2, 0.8, 1.5) 0
[17:56:23.568]: (-0.2, 0.8, 1.5) 0
[17:56:23.585]: (-0.2, 0.8, 1.5) 0
[17:56:23.600]: (-0.2, 0.8, 1.4) 0
[17:56:23.631]: (-0.2, 0.9, 1.4) 0
[17:56:23.647]: (-0.2, 0.8, 1.4) 0
[17:56:23.662]: (-0.2, 0.9, 1.4) 0
[17:56:24.414]: (-0.5, 0.6, 2.1) 6
[17:56:28.163]: (-0.6, 0.6, 2.0) 8
[17:56:39.127]: (0.4, 2.0, 2.8) 9
[17:56:39.146]: (0.3, 2.0, 2.8) 9
[17:56:42.526]: (-0.6, 0.7, 2.1) 6
[17:56:42.737]: (-0.2, 0.8, 1.5) 0
[17:56:42.988]: (0.3, 2.0, 2.8) 9
[17:56:43.010]: (0.3, 2.0, 2.8) 9
[17:56:43.033]: (0.3, 2.1, 2.8) 9
[17:56:43.054]: (0.3, 2.0, 2.8) 9
[17:56:43.518]: (0.2, 1.8, 2.2) 4
[17:56:43.536]: (0.2, 1.8, 2.2) 4
[17:56:44.574]: (-0.5, 0.6, 2.1) 6
[17:56:45.121]: (0.3, 2.1, 2.8) 9
[17:56:47.546]: (-0.4, 0.6, 2.2) 6
[17:56:47.569]: (-0.4, 0.6, 2.1) 6
[17:56:47.589]: (-0.4, 0.6, 2.1) 6
[17:56:49.888]: (-0.7, 1.1, 2.0) 8
[17:56:49.921]: (-0.2, 1.0, 1.4) 2
[17:56:49.997]: (-0.2, 1.0, 1.5) 0
[17:56:50.028]: (-0.2, 1.0, 1.4) 2
[17:56:50.044]: (-0.2, 1.0, 1.4) 2
[17:56:50.060]: (-0.2, 1.0, 1.4) 2
[17:56:50.075]: (-0.2, 1.0, 1.4) 2
[17:56:50.091]: (-0.2, 1.0, 1.5) 2
[17:56:50.107]: (-0.2, 1.0, 1.4) 2
[17:56:50.124]: (-0.2, 1.0, 1.4) 2
[17:56:50.141]: (-0.2, 1.0, 1.4) 2
[17:56:50.158]: (-0.2, 1.0, 1.4) 2
[17:56:50.176]: (-0.2, 1.0, 1.4) 2
[17:56:50.192]: (-0.2, 1.0, 1.4) 2
[17:56:50.207]: (-0.2, 1.0, 1.4) 2
[17:56:50.223]: (-0.2, 1.0, 1.4) 2
[17:56:50.240]: (-0.2, 1.0, 1.5) 2
[17:56:50.256]: (-0.2, 1.0, 1.4) 2
[17:56:50.271]: (-0.2, 1.1, 1.5) 0
[17:56:50.286]: (-0.2, 1.1, 1.5) 0
[17:56:50.301]: (-0.2, 1.1, 1.5) 0
[17:56:50.318]: (-0.2, 1.1, 1.5) 0
[17:56:50.363]: (-0.2, 1.1, 1.5) 0
[17:56:50.386]: (-0.2, 1.1, 1.5) 0
[17:56:50.407]: (-0.2, 1.1, 1.5) 0
[17:56:52.363]: (-0.3, 1.0, 1.5) 2
[17:56:53.724]: (0.6, 1.8, 2.1) 4
