[18:38:08.241]: (-1.2, 0.8, 2.9) 39
[18:38:08.265]: (-1.5, 0.7, 3.8) 108
[18:38:08.306]: (-1.0, 1.2, 2.7) 48
[18:38:08.330]: (-1.1, 1.3, 2.9) 41
[18:38:08.352]: (-1.0, 1.4, 2.9) 41
[18:38:08.372]: (-0.9, 1.5, 2.7) 48
[18:38:08.395]: (-0.9, 1.6, 2.7) 48
[18:38:08.417]: (-0.9, 1.7, 3.1) 42
[18:38:08.567]: (-0.6, 1.8, 3.1) 44
[18:38:08.589]: (-0.5, 1.8, 2.7) 48
[18:38:08.610]: (-0.5, 1.8, 3.0) 42
[18:38:08.774]: (-0.2, 1.7, 3.2) 47
[18:38:08.840]: (-0.2, 1.7, 2.9) 39
[18:38:09.435]: (-0.7, 1.0, 3.0) 74
[18:38:09.468]: (-0.4, 1.3, 1.8) 18
[18:38:09.535]: (-0.4, 1.4, 3.8) 107
[18:38:09.567]: (-0.4, 1.4, 3.8) 107
[18:38:09.601]: (-0.1, 1.8, 3.8) 102
[18:38:09.771]: (0.0, 2.0, 2.6) 48
[18:38:09.839]: (-0.1, 1.8, 1.6) 10
[18:38:09.861]: (-0.1, 1.8, 1.6) 10
[18:38:09.904]: (-0.1, 1.9, 1.7) 12
[18:38:09.929]: (-0.2, 1.8, 1.5) 20
[18:38:09.950]: (-0.1, 1.9, 1.5) 20
[18:38:09.973]: (-0.1, 1.9, 1.6) 8
[18:38:09.994]: (-0.2, 2.0, 2.0) 7
[18:38:10.018]: (-0.2, 2.4, 2.5) 80
[18:38:10.278]: (0.0, 1.6, 1.7) 18
[18:38:10.301]: (0.0, 1.6, 1.7) 18
[18:38:10.323]: (0.0, 1.6, 1.7) 18
[18:38:10.346]: (0.0, 1.6, 2.3) 15
[18:38:10.367]: (0.0, 1.6, 2.3) 15
[18:38:10.434]: (-0.1, 1.7, 2.9) 89
[18:38:10.457]: (-0.2, 1.8, 2.9) 76
[18:38:10.478]: (-0.3, 1.8, 2.9) 78
[18:38:10.501]: (-0.3, 1.9, 3.1) 77
[18:38:10.524]: (-0.3, 1.8, 2.9) 78
[18:38:10.548]: (-0.3, 1.8, 2.7) 93
[18:38:10.569]: (-0.3, 1.8, 2.7) 93
[18:38:10.592]: (-0.3, 1.9, 2.6) 93
[18:38:10.615]: (0.0, 1.8, 2.7) 91
[18:38:10.637]: (0.0, 1.8, 3.0) 74
[18:38:10.727]: (0.0, 1.8, 2.7) 91
[18:38:10.748]: (0.0, 1.8, 2.7) 91
[18:38:10.772]: (0.0, 1.8, 2.7) 91
[18:38:10.794]: (0.0, 1.8, 2.8) 91
[18:38:10.842]: (-0.1, 1.7, 1.7) 18
[18:38:10.864]: (-0.1, 1.7, 1.6) 18
[18:38:10.887]: (-0.1, 1.7, 1.6) 18
[18:38:10.907]: (-0.1, 1.7, 1.9) 4
[18:38:10.932]: (-0.1, 1.7, 1.7) 1
[18:38:10.953]: (0.1, 1.8, 1.5) 10
[18:38:10.975]: (0.1, 1.9, 1.5) 10
[18:38:10.995]: (0.1, 1.8, 1.5) 10
[18:38:11.018]: (0.1, 1.9, 1.5) 10
[18:38:11.108]: (0.1, 2.3, 2.5) 45
[18:38:11.132]: (0.2, 3.0, 3.4) 95
[18:38:11.154]: (0.2, 3.0, 3.4) 95
[18:38:11.177]: (0.2, 2.9, 3.1) 96
[18:38:11.198]: (0.1, 2.9, 3.2) 98
[18:38:11.241]: (0.1, 2.9, 3.2) 98
[18:38:11.464]: (0.3, 2.4, 3.2) 104
[18:38:11.481]: (0.6, 2.5, 3.2) 110
[18:38:11.497]: (0.4, 2.3, 2.7) 42
[18:38:11.513]: (0.5, 2.3, 2.7) 47
[18:38:11.531]: (0.5, 2.3, 2.7) 47
[18:38:11.547]: (0.4, 2.2, 2.7) 42
[18:38:11.565]: (0.4, 2.3, 2.7) 42
[18:38:11.581]: (0.4, 2.2, 2.7) 42
[18:38:11.599]: (0.4, 2.3, 2.7) 42
[18:38:11.614]: (0.4, 2.2, 2.7) 42
[18:38:11.648]: (1.1, 2.9, 3.2) 69
[18:38:11.665]: (1.2, 2.9, 3.0) 58
[18:38:11.682]: (1.3, 2.9, 3.0) 58
[18:38:11.700]: (1.3, 3.0, 3.2) 57
[18:38:11.724]: (1.3, 3.0, 3.2) 57
[18:38:11.744]: (1.3, 3.0, 3.1) 57
[18:38:11.790]: (1.3, 3.0, 3.2) 59
[18:38:11.810]: (1.3, 3.0, 3.2) 59
[18:38:11.834]: (1.2, 2.9, 3.1) 58
[18:38:11.857]: (0.9, 2.6, 2.4) 38
[18:38:11.878]: (0.9, 2.6, 2.4) 38
[18:38:11.901]: (0.9, 2.6, 2.4) 28
[18:38:11.926]: (0.8, 2.5, 2.3) 37
[18:38:12.104]: (0.6, 2.6, 2.2) 37
[18:38:12.174]: (0.6, 2.8, 2.5) 24
[18:38:12.197]: (0.6, 2.8, 2.5) 24
[18:38:12.220]: (0.5, 2.8, 2.4) 24
[18:38:12.241]: (0.5, 2.7, 2.4) 26
[18:38:12.270]: (0.5, 2.7, 2.4) 28
[18:38:12.322]: (0.5, 2.7, 2.4) 28
[18:38:12.418]: (0.5, 2.6, 2.4) 38
[18:38:12.456]: (0.5, 2.9, 3.1) 58
[18:38:12.482]: (0.5, 2.9, 3.1) 58
[18:38:12.510]: (0.6, 3.0, 3.3) 57
[18:38:12.547]: (0.6, 3.1, 3.4) 66
[18:38:12.709]: (0.4, 2.6, 3.0) 65
[18:38:12.733]: (0.4, 2.6, 3.0) 65
[18:38:12.763]: (0.4, 2.6, 3.0) 65
[18:38:12.782]: (0.4, 2.6, 3.0) 65
[18:38:12.801]: (0.4, 2.6, 3.0) 65
[18:38:12.822]: (0.4, 2.6, 3.0) 65
[18:38:12.848]: (0.4, 2.6, 3.0) 65
[18:38:12.865]: (0.4, 2.6, 3.0) 65
[18:38:12.880]: (0.4, 2.6, 3.0) 65
[18:38:12.898]: (0.4, 2.5, 3.0) 65
[18:38:12.945]: (0.3, 2.6, 3.0) 65
[18:38:13.012]: (0.3, 2.5, 3.1) 65
[18:38:13.046]: (0.4, 2.6, 3.0) 65
[18:38:13.078]: (0.4, 2.7, 3.2) 60
[18:38:13.177]: (0.4, 2.7, 3.2) 60
[18:38:13.211]: (0.3, 2.6, 3.1) 55
[18:38:13.378]: (-0.2, 2.6, 3.6) 109
[18:38:13.412]: (-0.6, 2.3, 3.6) 97
[18:38:13.577]: (-0.7, 2.1, 3.5) 107
[18:38:13.612]: (-0.7, 2.0, 3.3) 106
[18:38:13.633]: (-0.6, 2.0, 3.3) 106
[18:38:13.656]: (-0.6, 2.0, 3.2) 106
[18:38:13.677]: (-0.6, 2.0, 3.3) 106
[18:38:13.766]: (-0.6, 2.1, 3.3) 106
[18:38:13.789]: (-0.7, 2.2, 3.4) 99
[18:38:13.833]: (-0.7, 2.2, 3.4) 99
[18:38:14.280]: (-1.4, 1.5, 2.8) 90
[18:38:14.302]: (-1.4, 1.5, 2.8) 90
[18:38:14.325]: (-1.3, 1.5, 2.6) 78
[18:38:14.345]: (-1.3, 1.5, 2.6) 78
[18:38:14.368]: (-1.3, 1.5, 2.6) 78
[18:38:14.390]: (-1.2, 1.6, 2.4) 93
[18:38:14.413]: (-1.3, 1.6, 2.6) 78
[18:38:14.436]: (-1.2, 1.6, 2.4) 93
[18:38:14.459]: (-1.2, 1.5, 2.4) 93
[18:38:14.479]: (-1.3, 1.5, 2.6) 78
[18:38:14.502]: (-1.3, 1.6, 2.6) 78
[18:38:14.523]: (-1.3, 1.5, 2.6) 78
[18:38:14.547]: (-1.2, 1.6, 2.4) 93
[18:38:14.568]: (-1.2, 1.5, 2.6) 76
[18:38:14.589]: (-1.2, 1.6, 2.4) 93
[18:38:14.613]: (-1.1, 1.6, 2.4) 93
[18:38:14.635]: (-1.1, 1.6, 2.4) 93
[18:38:14.657]: (-1.4, 1.6, 2.5) 84
[18:38:14.679]: (-1.4, 1.6, 2.6) 84
[18:38:14.700]: (-1.4, 1.6, 2.6) 84
[18:38:14.725]: (-1.3, 1.6, 2.6) 84
[18:38:14.745]: (-1.4, 1.7, 2.8) 83
[18:38:14.768]: (-1.4, 1.7, 2.8) 77
[18:38:14.790]: (-1.1, 1.6, 2.5) 81
[18:38:14.834]: (-0.3, 2.4, 3.4) 102
[18:38:14.858]: (0.4, 2.6, 3.0) 65
[18:38:14.877]: (0.4, 2.6, 3.0) 65
[18:38:14.995]: (0.2, 2.7, 3.3) 69
[18:38:15.014]: (0.2, 2.6, 3.1) 64
[18:38:15.035]: (0.2, 2.6, 3.1) 64
[18:38:15.071]: (0.2, 2.7, 3.3) 69
[18:38:15.115]: (0.2, 2.6, 3.1) 64
[18:38:15.136]: (0.4, 2.7, 3.2) 60
[18:38:15.155]: (0.4, 2.7, 3.2) 60
[18:38:15.173]: (0.5, 2.9, 3.4) 59
[18:38:15.191]: (0.4, 2.9, 3.4) 59
[18:38:15.210]: (0.4, 2.9, 3.4) 59
[18:38:15.228]: (0.4, 2.7, 3.2) 60
[18:38:15.246]: (0.4, 2.7, 3.2) 60
[18:38:15.262]: (0.4, 2.7, 3.2) 60
[18:38:15.280]: (0.4, 2.8, 3.4) 59
[18:38:15.629]: (0.0, 1.7, 2.4) 48
[18:38:15.681]: (-0.3, 1.3, 1.5) 10
[18:38:15.782]: (-0.3, 1.5, 1.9) 2
[18:38:15.814]: (-0.2, 1.7, 2.0) 14
[18:38:16.077]: (0.2, 2.3, 3.2) 106
[18:38:16.112]: (0.2, 2.3, 3.2) 98
[18:38:16.148]: (0.2, 2.3, 3.2) 98
[18:38:16.180]: (0.2, 2.3, 3.3) 98
[18:38:16.211]: (0.2, 2.2, 3.2) 106
[18:38:16.243]: (0.2, 2.2, 3.2) 106
[18:38:16.277]: (0.1, 2.3, 3.2) 106
[18:38:16.310]: (0.1, 2.4, 3.4) 99
[18:38:16.355]: (0.2, 2.3, 3.3) 98
[18:38:16.376]: (0.2, 2.4, 3.3) 98
[18:38:16.399]: (0.2, 2.4, 3.3) 98
[18:38:16.420]: (0.2, 2.5, 3.5) 105
[18:38:16.444]: (0.2, 2.5, 3.5) 105
[18:38:16.466]: (0.2, 2.4, 3.5) 105
[18:38:16.487]: (0.2, 2.5, 3.5) 105
[18:38:16.509]: (0.2, 2.4, 3.3) 98
[18:38:16.532]: (0.2, 2.4, 3.2) 98
[18:38:16.601]: (0.1, 2.2, 2.5) 51
[18:38:16.828]: (-0.1, 1.9, 1.3) 10
[18:38:16.851]: (-0.1, 1.9, 1.3) 10
[18:38:16.873]: (-0.1, 1.9, 1.3) 10
[18:38:16.896]: (-0.1, 1.9, 1.4) 0
[18:38:16.925]: (-0.2, 1.9, 1.3) 9
[18:38:16.949]: (-0.2, 1.9, 1.3) 9
[18:38:16.971]: (-0.1, 1.9, 1.3) 9
[18:38:17.003]: (-0.2, 1.9, 1.4) 9
[18:38:17.019]: (-0.2, 1.9, 1.4) 9
[18:38:17.045]: (-0.2, 1.9, 1.3) 9
[18:38:17.065]: (-0.2, 2.1, 1.5) 13
[18:38:17.111]: (-0.2, 1.9, 1.3) 9
[18:38:17.131]: (-0.2, 2.2, 1.7) 14
[18:38:17.154]: (-0.5, 2.7, 2.1) 89
[18:38:17.176]: (-0.6, 2.7, 2.1) 89
[18:38:17.199]: (-0.5, 2.7, 2.1) 89
[18:38:17.220]: (-0.6, 2.7, 2.1) 89
[18:38:17.243]: (-0.6, 2.7, 2.1) 89
[18:38:17.288]: (-0.8, 3.2, 2.1) 83
[18:38:17.309]: (-0.8, 3.1, 2.1) 83
[18:38:17.332]: (-0.8, 3.1, 2.2) 77
[18:38:17.748]: (-0.3, 3.0, 2.8) 107
[18:38:17.854]: (0.7, 2.3, 2.7) 55
[18:38:17.874]: (0.6, 2.2, 2.8) 55
[18:38:17.895]: (0.6, 2.3, 3.0) 61
[18:38:17.917]: (0.5, 2.2, 2.8) 55
[18:38:17.938]: (0.5, 2.3, 3.0) 69
[18:38:18.315]: (1.2, 2.3, 2.8) 54
[18:38:18.446]: (0.9, 2.0, 2.2) 36
[18:38:18.479]: (0.9, 2.0, 2.2) 36
[18:38:18.512]: (1.0, 2.1, 2.7) 67
[18:38:18.914]: (0.3, 2.1, 2.3) 47
[18:38:18.990]: (-0.7, 2.0, 2.1) 92
[18:38:19.015]: (-0.8, 2.1, 2.5) 83
[18:38:19.083]: (-0.7, 2.1, 2.5) 83
[18:38:19.105]: (-0.6, 2.1, 2.5) 83
[18:38:19.127]: (-0.7, 2.1, 2.5) 83
[18:38:19.231]: (-0.5, 1.9, 2.2) 81
[18:38:19.254]: (-0.5, 1.9, 2.2) 81
[18:38:19.275]: (-0.4, 1.9, 2.2) 81
[18:38:19.297]: (-0.5, 2.0, 2.4) 75
[18:38:19.342]: (-0.1, 1.3, 1.8) 14
[18:38:19.364]: (-0.1, 1.3, 1.8) 14
[18:38:19.387]: (-0.1, 1.4, 1.8) 14
[18:38:19.409]: (-0.1, 1.3, 1.8) 14
[18:38:19.432]: (-0.1, 1.3, 1.8) 14
[18:38:19.454]: (-0.1, 1.3, 1.8) 14
[18:38:19.475]: (0.2, 1.5, 2.2) 50
[18:38:19.498]: (0.3, 1.8, 2.4) 49
[18:38:19.613]: (0.3, 1.9, 2.3) 44
[18:38:19.656]: (0.3, 1.8, 2.1) 43
[18:38:19.679]: (0.2, 1.8, 2.0) 43
[18:38:19.702]: (0.2, 1.8, 2.1) 43
[18:38:19.727]: (0.2, 1.8, 2.0) 43
[18:38:19.750]: (0.2, 1.8, 2.0) 43
[18:38:19.772]: (0.2, 1.9, 2.1) 45
[18:38:19.793]: (0.2, 1.9, 2.0) 43
[18:38:19.838]: (0.1, 1.9, 2.0) 48
[18:38:19.858]: (0.1, 1.9, 2.0) 48
[18:38:20.102]: (0.2, 2.8, 2.9) 101
[18:38:20.126]: (0.1, 2.8, 2.9) 101
[18:38:20.155]: (0.1, 2.8, 2.9) 101
[18:38:20.186]: (0.1, 2.8, 2.9) 101
[18:38:20.220]: (0.1, 2.8, 2.9) 101
[18:38:20.249]: (0.1, 2.7, 2.9) 101
[18:38:20.278]: (0.1, 2.8, 2.9) 101
[18:38:20.322]: (0.6, 2.4, 2.5) 64
[18:38:20.348]: (0.6, 2.4, 2.5) 64
[18:38:20.370]: (0.6, 2.4, 2.5) 64
[18:38:20.391]: (0.6, 2.4, 2.5) 64
[18:38:20.415]: (0.6, 2.4, 2.5) 64
[18:38:20.434]: (0.6, 2.4, 2.5) 64
[18:38:20.451]: (0.6, 2.4, 2.5) 64
[18:38:20.468]: (0.6, 2.4, 2.5) 64
[18:38:20.486]: (0.6, 2.4, 2.5) 64
[18:38:20.524]: (-0.1, 2.6, 2.7) 94
[18:38:20.547]: (-0.4, 2.6, 2.7) 107
[18:38:20.563]: (-0.5, 2.6, 2.7) 107
[18:38:20.579]: (-0.5, 2.6, 2.7) 107
[18:38:20.627]: (-0.4, 2.6, 2.7) 107
[18:38:20.645]: (-0.5, 2.6, 2.8) 107
[18:38:20.661]: (-0.4, 2.6, 2.8) 107
[18:38:20.679]: (-0.4, 2.6, 2.8) 107
[18:38:20.697]: (-0.4, 2.6, 2.8) 107
[18:38:20.713]: (-0.4, 2.5, 2.6) 106
[18:38:20.730]: (-0.4, 2.5, 2.6) 106
[18:38:20.748]: (-0.4, 2.5, 2.6) 106
[18:38:20.765]: (-0.4, 2.6, 2.7) 107
[18:38:20.781]: (-0.4, 2.6, 2.8) 107
[18:38:20.798]: (-0.4, 2.5, 2.6) 106
[18:38:20.818]: (-0.4, 2.6, 2.7) 99
[18:38:20.906]: (0.8, 2.4, 2.4) 65
[18:38:20.952]: (0.7, 2.3, 2.5) 65
[18:38:20.973]: (0.8, 2.3, 2.5) 65
[18:38:20.998]: (0.8, 2.3, 2.4) 65
[18:38:21.019]: (0.8, 2.3, 2.4) 65
[18:38:21.063]: (0.7, 2.3, 2.5) 65
[18:38:21.109]: (0.7, 2.4, 2.5) 65
[18:38:21.153]: (0.2, 2.7, 2.7) 100
[18:38:21.295]: (-0.8, 2.4, 2.2) 88
[18:38:21.313]: (-0.8, 2.4, 2.3) 88
[18:38:21.392]: (-0.8, 2.4, 2.3) 88
[18:38:21.410]: (-0.8, 2.3, 2.3) 88
[18:38:21.546]: (0.1, 2.6, 2.7) 102
[18:38:21.564]: (0.1, 2.5, 2.6) 110
[18:38:21.581]: (0.1, 2.5, 2.7) 110
[18:38:21.598]: (0.1, 2.5, 2.6) 110
[18:38:21.615]: (0.1, 2.5, 2.6) 110
[18:38:21.631]: (0.1, 2.5, 2.6) 110
[18:38:21.652]: (0.1, 2.5, 2.6) 110
[18:38:21.674]: (0.1, 2.6, 2.8) 100
[18:38:21.696]: (0.1, 2.5, 2.6) 110
[18:38:21.718]: (0.1, 2.5, 2.6) 110
[18:38:21.740]: (0.1, 2.5, 2.6) 110
[18:38:21.763]: (0.1, 2.5, 2.6) 110
[18:38:21.785]: (0.1, 2.4, 2.7) 110
[18:38:21.806]: (-0.1, 2.6, 2.7) 94
[18:38:21.829]: (-0.1, 2.7, 2.8) 95
[18:38:21.851]: (-0.1, 2.7, 2.8) 95
[18:38:21.874]: (-0.1, 2.7, 2.8) 95
[18:38:21.895]: (-0.1, 2.7, 2.8) 95
[18:38:21.919]: (-0.1, 2.7, 2.8) 95
[18:38:21.941]: (-0.1, 2.7, 2.8) 95
[18:38:21.962]: (-0.1, 2.7, 2.8) 95
[18:38:21.985]: (-0.1, 2.7, 2.8) 95
[18:38:22.008]: (-0.1, 2.4, 2.6) 104
[18:38:22.031]: (-0.2, 2.1, 2.3) 49
[18:38:22.051]: (-0.1, 2.1, 2.2) 44
[18:38:22.074]: (-0.2, 2.1, 2.2) 44
[18:38:22.091]: (-0.2, 2.1, 2.3) 44
[18:38:22.144]: (-0.2, 2.1, 2.4) 49
[18:38:22.208]: (-0.2, 2.1, 2.3) 44
[18:38:22.224]: (-0.2, 2.1, 2.3) 44
[18:38:22.242]: (-0.2, 2.1, 2.3) 44
[18:38:22.258]: (-0.2, 2.1, 2.3) 44
[18:38:22.275]: (-0.2, 2.0, 2.3) 44
[18:38:22.291]: (-0.2, 2.0, 2.3) 44
[18:38:22.390]: (0.7, 2.3, 2.5) 65
[18:38:22.708]: (-0.3, 1.8, 2.1) 50
[18:38:22.796]: (-0.6, 1.4, 1.7) 3
[18:38:22.841]: (-0.8, 1.3, 1.6) 6
[18:38:22.885]: (-0.8, 1.3, 1.6) 7
[18:38:22.906]: (-0.8, 1.2, 1.6) 16
[18:38:22.929]: (-0.9, 1.3, 1.7) 17
[18:38:22.951]: (-0.9, 1.3, 1.7) 7
[18:38:22.973]: (-0.8, 1.3, 1.7) 7
[18:38:22.992]: (-0.8, 1.4, 1.7) 7
[18:38:23.008]: (-0.8, 1.3, 1.7) 7
[18:38:23.025]: (-0.9, 1.4, 1.6) 7
[18:38:23.043]: (-0.8, 1.3, 1.7) 7
[18:38:23.060]: (-0.8, 1.3, 1.7) 7
[18:38:23.078]: (-0.8, 1.3, 1.6) 6
[18:38:23.096]: (-0.8, 1.3, 1.7) 7
[18:38:23.114]: (-0.8, 1.3, 1.7) 7
[18:38:23.130]: (-0.8, 1.3, 1.6) 7
[18:38:23.148]: (-0.8, 1.4, 1.7) 7
[18:38:23.164]: (-0.8, 1.4, 1.7) 7
[18:38:23.214]: (-0.9, 1.2, 1.6) 16
[18:38:23.231]: (-0.9, 1.2, 1.6) 16
[18:38:23.249]: (-0.9, 1.2, 1.6) 16
[18:38:23.266]: (-0.9, 1.2, 1.6) 16
[18:38:23.282]: (-0.9, 1.2, 1.6) 16
[18:38:23.300]: (-0.8, 1.2, 1.6) 16
[18:38:23.315]: (-0.8, 1.2, 1.6) 16
[18:38:23.333]: (-0.8, 1.3, 1.6) 16
[18:38:23.350]: (-0.9, 1.3, 1.6) 16
[18:38:23.366]: (-0.8, 1.3, 1.6) 16
[18:38:23.383]: (-0.9, 1.3, 1.6) 16
[18:38:23.400]: (-0.9, 1.2, 1.6) 16
[18:38:23.418]: (-0.8, 1.2, 1.6) 16
[18:38:23.435]: (-0.8, 1.3, 1.6) 16
[18:38:23.453]: (-0.9, 1.3, 1.6) 16
[18:38:23.470]: (-0.9, 1.3, 1.6) 16
[18:38:23.487]: (-0.9, 1.3, 1.6) 16
[18:38:23.507]: (-0.9, 1.2, 1.6) 16
[18:38:23.529]: (-0.9, 1.2, 1.6) 16
[18:38:23.551]: (-0.9, 1.2, 1.6) 16
[18:38:23.573]: (-0.9, 1.2, 1.6) 16
[18:38:23.595]: (-0.9, 1.2, 1.6) 16
[18:38:23.618]: (-0.9, 1.2, 1.6) 16
[18:38:23.641]: (-0.9, 1.2, 1.6) 16
[18:38:23.661]: (-0.8, 1.2, 1.6) 16
[18:38:23.684]: (-0.8, 1.2, 1.6) 16
[18:38:23.706]: (-0.8, 1.2, 1.6) 16
[18:38:23.729]: (-0.8, 1.2, 1.6) 16
[18:38:23.751]: (-0.8, 1.2, 1.6) 16
[18:38:23.773]: (-0.8, 1.2, 1.6) 6
[18:38:24.009]: (-0.8, 1.3, 1.6) 6
[18:38:24.263]: (-0.8, 1.3, 1.6) 6
[18:38:24.278]: (-0.8, 1.3, 1.6) 6
[18:38:24.295]: (-0.8, 1.3, 1.6) 6
[18:38:24.312]: (-0.8, 1.3, 1.6) 6
[18:38:24.330]: (-0.8, 1.3, 1.6) 6
[18:38:24.350]: (-0.8, 1.3, 1.6) 6
[18:38:24.373]: (-0.8, 1.3, 1.6) 6
[18:38:24.397]: (-0.8, 1.3, 1.6) 6
[18:38:24.417]: (-0.8, 1.3, 1.6) 6
[18:38:24.440]: (-0.8, 1.3, 1.6) 6
[18:38:24.463]: (-0.8, 1.3, 1.6) 6
[18:38:24.483]: (-0.8, 1.3, 1.6) 6
[18:38:24.508]: (-0.8, 1.3, 1.6) 6
[18:38:24.919]: (-0.9, 1.3, 1.6) 16
[18:38:24.936]: (-0.9, 1.2, 1.6) 16
[18:38:24.954]: (-0.9, 1.2, 1.6) 16
[18:38:24.971]: (-0.9, 1.2, 1.6) 16
[18:38:24.988]: (-0.9, 1.2, 1.6) 16
[18:38:25.004]: (-0.9, 1.2, 1.6) 16
[18:38:25.021]: (-0.9, 1.2, 1.6) 16
[18:38:25.037]: (-0.9, 1.2, 1.6) 16
[18:38:25.055]: (-0.9, 1.2, 1.6) 16
[18:38:25.072]: (-0.9, 1.2, 1.6) 16
[18:38:25.088]: (-0.9, 1.2, 1.6) 16
[18:38:25.109]: (-0.9, 1.3, 1.6) 16
[18:38:25.127]: (-0.9, 1.3, 1.6) 16
[18:38:25.144]: (-0.9, 1.3, 1.6) 16
[18:38:25.161]: (-0.9, 1.2, 1.6) 16
[18:38:25.177]: (-0.9, 1.2, 1.6) 16
[18:38:25.195]: (-0.9, 1.2, 1.6) 16
[18:38:25.212]: (-0.9, 1.2, 1.6) 16
[18:38:25.229]: (-0.9, 1.2, 1.6) 16
[18:38:25.719]: (-1.2, 2.1, 2.1) 78
[18:38:25.737]: (-1.2, 2.1, 2.1) 84
[18:38:25.755]: (-1.2, 2.1, 2.1) 84
[18:38:25.771]: (-1.2, 2.1, 2.0) 84
[18:38:25.787]: (-1.2, 2.1, 2.1) 78
[18:38:25.803]: (-1.2, 2.1, 2.1) 78
[18:38:25.820]: (-1.2, 2.1, 2.1) 78
[18:38:25.838]: (-1.2, 2.1, 2.1) 78
[18:38:25.856]: (-1.2, 2.0, 2.1) 78
[18:38:25.874]: (-1.2, 2.0, 2.1) 78
[18:38:25.892]: (-1.2, 2.1, 2.1) 78
[18:38:25.909]: (-1.2, 2.1, 2.1) 78
[18:38:25.926]: (-1.2, 2.1, 2.1) 78
[18:38:25.944]: (-1.2, 2.1, 2.1) 78
[18:38:25.961]: (-1.2, 2.1, 2.1) 78
[18:38:25.978]: (-1.2, 2.1, 2.1) 78
[18:38:25.997]: (-1.1, 2.0, 1.9) 93
[18:38:26.015]: (-1.1, 2.0, 1.9) 93
[18:38:26.032]: (-1.1, 2.0, 1.9) 93
[18:38:26.052]: (-1.1, 2.0, 1.9) 93
[18:38:26.068]: (-1.1, 2.0, 1.9) 93
[18:38:26.085]: (-1.0, 2.0, 1.9) 93
[18:38:26.461]: (0.1, 2.5, 2.6) 110
[18:38:26.728]: (0.8, 2.5, 2.5) 60
[18:38:26.794]: (0.9, 2.2, 2.1) 36
[18:38:26.828]: (0.9, 2.1, 2.1) 36
[18:38:26.862]: (0.9, 2.2, 2.1) 36
[18:38:26.883]: (0.9, 2.2, 2.1) 36
[18:38:26.905]: (0.9, 2.2, 2.1) 36
[18:38:26.927]: (0.9, 2.2, 2.1) 36
[18:38:26.951]: (0.9, 2.2, 2.1) 36
[18:38:27.150]: (1.0, 2.1, 2.0) 24
[18:38:27.195]: (1.1, 2.0, 1.9) 23
[18:38:27.262]: (1.1, 2.1, 2.0) 24
[18:38:27.305]: (1.0, 2.1, 2.0) 24
[18:38:27.349]: (1.0, 2.0, 2.0) 24
[18:38:27.416]: (0.9, 2.0, 2.0) 26
[18:38:27.438]: (0.9, 2.0, 2.0) 26
[18:38:27.461]: (0.9, 2.0, 2.0) 26
[18:38:27.485]: (0.9, 2.0, 2.0) 28
[18:38:27.507]: (1.0, 1.8, 1.8) 35
[18:38:29.615]: (-0.7, 1.4, 1.7) 5
[18:38:29.932]: (-0.8, 1.3, 1.7) 7
[18:38:29.952]: (-0.8, 1.3, 1.6) 6
[18:38:29.970]: (-0.7, 1.2, 1.3) 18
[18:38:29.990]: (-0.9, 1.4, 1.7) 7
[18:38:30.052]: (-0.9, 1.4, 1.7) 17
[18:38:30.071]: (-0.9, 1.4, 1.7) 17
[18:38:30.090]: (-0.9, 1.4, 1.7) 17
[18:38:30.111]: (-0.9, 1.4, 1.7) 17
[18:38:30.128]: (-0.9, 1.4, 1.7) 17
[18:38:30.215]: (-0.9, 1.4, 1.7) 17
[18:38:30.233]: (-0.9, 1.4, 1.7) 7
[18:38:30.251]: (-0.9, 1.4, 1.7) 17
[18:38:30.269]: (-0.9, 1.4, 1.7) 17
[18:38:30.286]: (-0.9, 1.4, 1.7) 7
[18:38:30.304]: (-0.8, 1.3, 1.6) 6
[18:38:30.405]: (-0.8, 1.3, 1.6) 6
[18:38:30.454]: (-0.7, 1.3, 1.6) 6
[18:38:30.539]: (-0.8, 2.0, 2.0) 91
[18:38:30.561]: (-0.8, 2.0, 2.0) 91
[18:38:30.582]: (-0.8, 2.0, 2.0) 91
[18:38:30.605]: (-1.0, 2.2, 1.9) 92
[18:38:30.693]: (-1.3, 2.2, 2.0) 84
[18:38:30.904]: (-1.0, 2.1, 1.9) 92
[18:38:30.957]: (0.1, 2.6, 2.7) 102
[18:38:31.092]: (0.1, 2.5, 2.7) 110
[18:38:31.112]: (0.1, 2.5, 2.7) 110
[18:38:31.150]: (0.7, 2.6, 2.7) 69
[18:38:31.169]: (0.8, 2.6, 2.7) 61
[18:38:31.208]: (0.8, 2.6, 2.6) 61
[18:38:31.229]: (0.8, 2.6, 2.6) 61
[18:38:31.245]: (0.8, 2.6, 2.6) 61
[18:38:31.261]: (0.8, 2.6, 2.6) 61
[18:38:31.277]: (0.9, 2.7, 2.7) 59
[18:38:31.338]: (0.8, 2.5, 2.5) 60
[18:38:31.361]: (0.8, 2.6, 2.6) 61
[18:38:31.403]: (0.7, 2.5, 2.5) 55
[18:38:31.470]: (0.7, 2.5, 2.5) 55
[18:38:31.493]: (0.7, 2.6, 2.7) 69
[18:38:31.514]: (0.7, 2.6, 2.7) 69
[18:38:31.537]: (0.7, 2.6, 2.7) 69
[18:38:31.559]: (0.6, 2.5, 2.5) 64
[18:38:31.778]: (-0.3, 2.8, 2.9) 105
[18:38:31.811]: (-0.3, 2.8, 2.9) 105
[18:38:31.827]: (-0.3, 2.8, 2.9) 105
[18:38:31.907]: (-0.3, 2.8, 2.9) 105
[18:38:31.923]: (-0.3, 2.8, 2.9) 105
[18:38:31.939]: (-0.3, 2.8, 2.9) 105
[18:38:31.956]: (-0.3, 2.8, 2.9) 105
[18:38:31.973]: (-0.3, 2.8, 2.9) 105
[18:38:31.989]: (-0.3, 2.8, 2.9) 97
[18:38:32.005]: (-0.3, 2.8, 2.9) 97
[18:38:32.023]: (-0.3, 2.8, 2.8) 97
[18:38:32.042]: (-0.3, 2.7, 2.8) 97
[18:38:32.061]: (-0.2, 2.7, 2.8) 97
[18:38:32.080]: (-0.3, 2.7, 2.8) 97
[18:38:32.097]: (-0.3, 2.7, 2.9) 97
[18:38:32.114]: (-0.3, 2.7, 2.9) 97
[18:38:32.131]: (0.0, 2.6, 2.7) 94
[18:38:32.170]: (0.3, 2.0, 2.1) 40
[18:38:32.192]: (0.2, 2.0, 2.1) 40
[18:38:32.303]: (-0.1, 1.9, 2.0) 43
[18:38:32.324]: (-0.1, 1.9, 2.1) 43
[18:38:32.592]: (0.6, 2.5, 2.5) 64
[18:38:32.652]: (0.6, 2.4, 2.6) 64
[18:38:32.703]: (0.6, 2.4, 2.5) 64
[18:38:32.719]: (0.6, 2.4, 2.6) 64
[18:38:32.737]: (0.6, 2.4, 2.5) 64
[18:38:32.756]: (0.6, 2.5, 2.5) 64
[18:38:32.772]: (0.6, 2.5, 2.5) 64
[18:38:32.789]: (0.6, 2.5, 2.5) 64
[18:38:32.805]: (0.7, 2.5, 2.5) 64
[18:38:32.822]: (0.7, 2.5, 2.5) 55
[18:38:32.838]: (0.7, 2.5, 2.5) 64
[18:38:32.855]: (0.7, 2.5, 2.5) 64
[18:38:32.871]: (0.7, 2.4, 2.5) 55
[18:38:32.983]: (0.6, 2.4, 2.5) 64
[18:38:33.001]: (0.6, 2.4, 2.5) 64
[18:38:33.016]: (0.6, 2.4, 2.5) 64
[18:38:33.034]: (0.6, 2.4, 2.5) 64
[18:38:33.051]: (0.6, 2.4, 2.5) 64
[18:38:33.068]: (0.6, 2.4, 2.5) 64
[18:38:33.085]: (0.6, 2.4, 2.5) 64
[18:38:33.148]: (-0.3, 1.8, 2.1) 50
[18:38:33.436]: (-0.9, 1.2, 1.6) 16
[18:38:33.522]: (-0.8, 1.3, 1.7) 7
[18:38:33.539]: (-0.8, 1.3, 1.6) 6
[18:38:33.687]: (1.2, 2.7, 2.7) 66
[18:38:33.734]: (1.5, 2.7, 2.7) 63
[18:38:33.800]: (1.4, 2.8, 2.7) 62
[18:38:33.880]: (1.3, 2.7, 2.6) 53
[18:38:33.912]: (1.2, 2.8, 2.7) 66
[18:38:34.026]: (1.2, 2.7, 2.7) 66
[18:38:34.048]: (1.2, 2.7, 2.7) 66
[18:38:34.069]: (1.1, 2.6, 2.6) 56
[18:38:34.092]: (1.1, 2.7, 2.6) 57
[18:38:34.115]: (1.1, 2.6, 2.6) 56
[18:38:34.159]: (1.1, 2.6, 2.7) 57
[18:38:34.225]: (1.0, 2.5, 2.5) 58
[18:38:34.247]: (1.0, 2.5, 2.5) 58
[18:38:34.292]: (0.7, 2.7, 2.6) 69
[18:38:34.313]: (0.7, 2.7, 2.6) 69
[18:38:34.336]: (0.7, 2.7, 2.6) 69
[18:38:34.360]: (0.7, 2.7, 2.6) 69
[18:38:34.380]: (0.7, 2.6, 2.6) 69
[18:38:34.399]: (0.7, 2.7, 2.7) 69
[18:38:34.415]: (0.7, 2.7, 2.6) 69
[18:38:34.434]: (0.7, 2.7, 2.7) 69
[18:38:34.450]: (0.7, 2.7, 2.6) 69
[18:38:34.580]: (0.7, 2.7, 2.7) 69
[18:38:34.596]: (0.7, 2.7, 2.7) 69
[18:38:34.947]: (0.8, 2.5, 2.5) 60
[18:38:34.970]: (0.8, 2.5, 2.5) 60
[18:38:34.991]: (0.8, 2.5, 2.6) 60
[18:38:35.013]: (0.7, 2.5, 2.5) 55
[18:38:35.038]: (0.7, 2.4, 2.5) 55
[18:38:35.058]: (0.8, 2.4, 2.4) 65
[18:38:35.081]: (0.8, 2.5, 2.5) 60
[18:38:35.105]: (0.7, 2.5, 2.5) 55
[18:38:35.404]: (0.6, 2.5, 2.5) 64
[18:38:35.422]: (0.6, 2.5, 2.5) 64
[18:38:35.439]: (0.6, 2.5, 2.5) 64
[18:38:35.470]: (0.6, 2.5, 2.5) 64
[18:38:35.486]: (0.6, 2.5, 2.5) 64
[18:38:35.503]: (0.6, 2.5, 2.5) 64
[18:38:35.519]: (0.6, 2.5, 2.5) 64
[18:38:35.551]: (0.6, 2.5, 2.5) 64
[18:38:36.200]: (0.6, 2.5, 2.5) 64
[18:38:36.216]: (0.7, 2.5, 2.5) 55
[18:38:36.233]: (0.8, 2.5, 2.5) 60
[18:38:36.250]: (0.8, 2.5, 2.5) 60
[18:38:36.267]: (0.8, 2.5, 2.5) 60
[18:38:36.282]: (0.8, 2.5, 2.6) 60
[18:38:36.300]: (0.8, 2.5, 2.6) 60
[18:38:36.316]: (0.8, 2.5, 2.6) 60
[18:38:36.332]: (0.8, 2.5, 2.6) 60
[18:38:36.379]: (0.8, 2.6, 2.7) 61
[18:38:36.396]: (0.8, 2.6, 2.6) 61
[18:38:36.413]: (0.8, 2.6, 2.6) 61
[18:38:36.430]: (0.8, 2.6, 2.6) 61
[18:38:36.447]: (0.8, 2.6, 2.6) 61
[18:38:36.465]: (0.8, 2.6, 2.6) 61
[18:38:36.484]: (0.8, 2.6, 2.6) 61
[18:38:36.503]: (0.7, 2.6, 2.7) 69
[18:38:36.519]: (0.7, 2.7, 2.6) 69
[18:38:36.536]: (0.7, 2.7, 2.6) 69
[18:38:36.554]: (0.7, 2.7, 2.6) 69
[18:38:36.572]: (0.7, 2.7, 2.6) 69
[18:38:36.589]: (0.7, 2.7, 2.6) 69
[18:38:36.604]: (0.7, 2.6, 2.6) 69
[18:38:36.621]: (0.7, 2.6, 2.6) 69
[18:38:36.637]: (0.7, 2.6, 2.6) 69
[18:38:36.729]: (0.7, 2.6, 2.6) 69
[18:38:36.749]: (0.6, 2.5, 2.5) 64
[18:38:37.425]: (-0.2, 2.2, 2.3) 49
[18:38:37.458]: (-0.3, 1.9, 2.2) 51
[18:38:37.495]: (-0.3, 2.0, 2.2) 51
[18:38:37.560]: (-0.2, 1.9, 2.1) 45
[18:38:37.590]: (-0.3, 1.9, 2.1) 50
[18:38:37.635]: (-0.3, 2.0, 2.2) 51
[18:38:37.704]: (-0.3, 2.0, 2.2) 46
[18:38:37.861]: (-0.1, 1.9, 2.1) 43
[18:38:37.880]: (-0.1, 1.9, 2.1) 43
[18:38:37.903]: (-0.1, 1.9, 2.0) 43
[18:38:37.992]: (-0.4, 2.0, 2.2) 51
[18:38:38.013]: (-0.4, 1.9, 2.2) 51
[18:38:38.059]: (-0.3, 2.0, 2.2) 51
[18:38:38.079]: (-0.3, 2.0, 2.2) 51
[18:38:38.103]: (-0.3, 1.9, 2.2) 51
[18:38:38.126]: (-0.3, 2.0, 2.2) 51
[18:38:38.147]: (-0.3, 1.9, 2.1) 50
[18:38:38.168]: (-0.3, 1.9, 2.2) 51
[18:38:38.191]: (-0.3, 1.9, 2.2) 51
[18:38:38.213]: (-0.3, 1.9, 2.2) 51
[18:38:38.238]: (-0.3, 1.9, 2.2) 51
[18:38:38.261]: (-0.3, 1.9, 2.2) 51
[18:38:38.281]: (-0.4, 1.9, 2.2) 51
[18:38:38.302]: (-0.4, 1.9, 2.2) 51
[18:38:38.325]: (-0.4, 2.0, 2.2) 51
[18:38:38.349]: (-0.4, 1.9, 2.2) 51
[18:38:38.371]: (-0.4, 1.9, 2.2) 51
[18:38:38.415]: (-0.4, 2.0, 2.3) 51
[18:38:38.438]: (-0.9, 2.3, 2.3) 73
[18:38:38.483]: (-1.3, 2.1, 2.0) 84
[18:38:38.528]: (-1.0, 1.9, 1.9) 93
[18:38:38.554]: (-1.1, 2.0, 1.9) 93
[18:38:38.730]: (-1.3, 2.2, 2.0) 84
