[18:35:48.462]: (-2.2, 0.0, 1.5) 30
[18:35:48.596]: (-1.9, 0.4, 1.9) 38
[18:35:48.986]: (-0.5, 1.3, 2.4) 47
[18:35:49.010]: (-0.5, 1.3, 2.4) 37
[18:35:49.322]: (-0.1, 2.0, 2.2) 36
[18:35:49.386]: (-0.1, 2.2, 2.5) 43
[18:35:49.417]: (-0.2, 2.0, 2.2) 44
[18:35:49.486]: (-0.2, 2.0, 2.2) 44
[18:35:49.518]: (-0.2, 2.0, 2.1) 44
[18:35:49.550]: (-0.2, 2.1, 2.4) 38
[18:35:49.617]: (-0.1, 2.1, 2.2) 34
[18:35:49.653]: (-0.1, 2.2, 2.3) 33
[18:35:49.685]: (-0.1, 2.1, 2.2) 34
[18:35:49.719]: (-0.1, 2.1, 2.2) 34
[18:35:49.749]: (-0.2, 2.1, 2.1) 44
[18:35:49.784]: (-0.2, 2.1, 2.2) 34
[18:35:49.816]: (-0.2, 2.1, 2.1) 44
[18:35:49.882]: (-0.2, 2.1, 2.2) 34
[18:35:49.918]: (-0.3, 2.1, 2.2) 34
[18:35:49.952]: (-0.5, 2.5, 3.1) 52
[18:35:49.991]: (-0.5, 2.1, 2.3) 32
[18:35:50.047]: (-0.5, 2.1, 2.3) 32
[18:35:50.213]: (-0.5, 2.1, 2.3) 32
[18:35:50.234]: (-0.6, 2.3, 3.0) 64
[18:35:50.258]: (-0.6, 2.3, 3.0) 64
[18:35:50.275]: (-0.6, 2.3, 3.0) 64
[18:35:50.293]: (-0.6, 2.3, 3.0) 64
[18:35:50.348]: (0.2, 1.8, 1.5) 0
[18:35:50.369]: (0.2, 1.8, 1.5) 0
[18:35:50.391]: (0.2, 1.8, 1.5) 0
[18:35:50.413]: (0.2, 1.8, 1.5) 0
[18:35:50.459]: (0.2, 1.8, 1.5) 0
[18:35:50.546]: (0.2, 1.8, 1.5) 0
[18:35:50.569]: (0.2, 1.8, 1.5) 0
[18:35:50.592]: (0.2, 1.8, 1.5) 0
[18:35:50.612]: (0.2, 1.8, 1.5) 0
[18:35:50.635]: (0.2, 1.8, 1.5) 0
[18:35:50.659]: (0.2, 1.8, 1.5) 0
[18:35:50.813]: (0.2, 1.8, 1.5) 0
[18:35:50.908]: (0.2, 1.9, 1.5) 0
[18:35:50.929]: (0.2, 1.8, 1.4) 0
[18:35:50.952]: (0.2, 1.8, 1.4) 0
[18:35:50.978]: (0.2, 1.8, 1.4) 0
[18:35:51.002]: (0.2, 1.8, 1.4) 0
[18:35:51.027]: (0.2, 1.8, 1.4) 0
[18:35:51.053]: (0.2, 1.8, 1.4) 0
[18:35:51.076]: (0.2, 1.8, 1.4) 0
[18:35:51.101]: (0.2, 1.8, 1.4) 0
[18:35:51.124]: (0.2, 1.8, 1.4) 0
[18:35:51.243]: (0.2, 2.2, 2.6) 26
[18:35:51.263]: (0.2, 2.2, 2.6) 26
[18:35:51.287]: (0.2, 2.2, 2.6) 26
[18:35:51.308]: (0.2, 2.2, 2.6) 26
[18:35:51.338]: (0.2, 2.2, 2.6) 26
[18:35:51.360]: (0.2, 2.2, 2.6) 26
[18:35:51.383]: (0.2, 2.1, 2.6) 26
[18:35:51.426]: (0.2, 2.1, 2.7) 26
[18:35:51.756]: (-0.6, 1.7, 3.2) 65
[18:35:51.771]: (-0.6, 1.6, 3.2) 65
[18:35:51.809]: (-0.6, 1.7, 3.5) 63
[18:35:51.829]: (-0.7, 1.2, 2.4) 30
[18:35:51.864]: (-0.5, 1.3, 2.1) 44
[18:35:51.934]: (-0.6, 1.3, 2.1) 44
[18:35:51.956]: (-0.5, 1.5, 2.5) 43
[18:35:52.024]: (-0.8, 1.4, 2.2) 42
[18:35:52.113]: (-0.8, 1.2, 2.3) 39
[18:35:52.134]: (-0.8, 1.4, 2.2) 42
[18:35:52.156]: (-0.8, 1.4, 2.4) 41
[18:35:52.179]: (-0.7, 1.4, 2.2) 42
[18:35:52.202]: (-0.8, 1.4, 2.3) 31
[18:35:52.224]: (-0.7, 1.4, 2.3) 31
[18:35:52.246]: (-0.7, 1.4, 2.3) 31
[18:35:52.269]: (-0.7, 1.4, 2.3) 31
[18:35:52.314]: (-0.7, 1.4, 2.1) 44
[18:35:52.355]: (-0.7, 1.5, 2.3) 32
[18:35:52.377]: (-0.9, 1.6, 3.1) 50
[18:35:52.418]: (-1.0, 1.6, 3.1) 50
[18:35:52.461]: (-0.9, 1.4, 2.3) 31
[18:35:52.528]: (-0.7, 1.4, 2.0) 44
[18:35:52.550]: (-0.7, 1.4, 2.0) 44
[18:35:52.574]: (-0.7, 1.4, 2.0) 44
[18:35:52.614]: (-0.6, 1.5, 2.1) 34
[18:35:53.096]: (0.6, 2.2, 2.5) 19
[18:35:53.156]: (0.6, 2.1, 2.3) 20
[18:35:53.189]: (0.5, 2.1, 2.3) 28
[18:35:53.223]: (0.6, 2.2, 2.3) 20
[18:35:53.256]: (0.6, 2.2, 2.5) 18
[18:35:53.290]: (0.6, 2.2, 2.5) 18
[18:35:53.323]: (0.6, 2.3, 2.7) 27
[18:35:53.356]: (0.6, 2.2, 2.7) 27
[18:35:53.424]: (0.4, 2.1, 2.2) 28
[18:35:53.628]: (0.1, 1.8, 1.3) 1
[18:35:53.660]: (0.0, 1.8, 1.3) 1
[18:35:53.694]: (0.0, 1.8, 1.4) 1
[18:35:53.718]: (0.0, 1.8, 1.4) 1
[18:35:54.110]: (-1.1, 1.2, 3.1) 56
[18:35:54.244]: (-1.4, 1.1, 3.3) 58
[18:35:54.266]: (-1.4, 1.1, 3.3) 70
[18:35:54.333]: (-0.4, 1.5, 2.4) 45
[18:35:54.446]: (-0.4, 1.6, 2.4) 45
[18:35:54.607]: (-0.1, 2.0, 2.3) 45
[18:35:54.630]: (-0.1, 1.9, 2.3) 35
[18:35:54.697]: (-0.1, 2.0, 2.3) 35
[18:35:54.740]: (-0.1, 2.1, 2.3) 35
[18:35:54.764]: (-0.1, 2.1, 2.3) 45
[18:35:54.785]: (-0.1, 2.1, 2.3) 45
[18:35:54.917]: (-0.2, 2.1, 2.5) 14
[18:35:54.940]: (-0.3, 2.0, 2.4) 14
[18:35:54.964]: (-0.4, 2.1, 2.7) 15
[18:35:54.984]: (-0.4, 2.0, 2.4) 22
[18:35:55.009]: (-0.4, 2.0, 2.4) 22
[18:35:55.031]: (-0.4, 2.0, 2.5) 14
[18:35:55.051]: (-0.5, 1.9, 2.4) 22
[18:35:55.074]: (-0.5, 1.9, 2.3) 22
[18:35:55.097]: (-0.5, 2.0, 2.3) 22
[18:35:55.118]: (-0.5, 2.1, 2.6) 12
[18:35:55.500]: (-0.4, 2.2, 2.5) 26
[18:35:55.630]: (-0.4, 2.2, 2.6) 26
[18:35:55.649]: (-0.3, 2.2, 2.6) 26
[18:35:55.690]: (-1.1, 2.3, 2.9) 65
[18:35:55.737]: (-1.7, 2.3, 3.1) 73
[18:35:55.838]: (-1.4, 2.2, 2.9) 48
[18:35:55.899]: (-1.1, 1.9, 2.1) 41
[18:35:55.933]: (-1.2, 1.9, 2.1) 41
[18:35:55.967]: (-1.1, 1.8, 2.0) 42
[18:35:55.999]: (-1.6, 2.2, 3.1) 73
[18:35:56.034]: (-1.2, 1.8, 2.0) 42
[18:35:56.066]: (-1.4, 2.1, 2.8) 50
[18:35:56.133]: (-1.6, 2.0, 2.6) 67
[18:35:56.167]: (-1.6, 2.0, 2.8) 56
[18:35:56.201]: (-1.2, 1.9, 2.1) 41
[18:35:56.233]: (-1.5, 2.0, 2.6) 69
[18:35:56.268]: (-1.3, 1.9, 2.1) 41
[18:35:56.304]: (-1.5, 2.0, 2.6) 69
[18:35:56.337]: (-1.2, 1.9, 2.1) 41
[18:35:56.370]: (-0.8, 1.9, 2.2) 45
[18:35:56.469]: (-0.3, 2.0, 2.4) 28
[18:35:56.492]: (-0.3, 2.0, 2.4) 28
[18:35:56.513]: (-0.3, 2.1, 2.5) 20
[18:35:56.558]: (-0.3, 2.0, 2.4) 28
[18:35:56.626]: (-0.3, 2.1, 2.6) 26
[18:35:56.668]: (-0.3, 2.1, 2.6) 26
[18:35:56.692]: (-0.3, 2.1, 2.6) 26
[18:35:56.803]: (-0.1, 2.2, 2.7) 19
[18:35:56.825]: (-0.1, 2.1, 2.5) 18
[18:35:56.847]: (-0.1, 2.1, 2.5) 18
[18:35:56.869]: (-0.1, 2.2, 2.6) 18
[18:35:56.892]: (0.0, 2.2, 2.7) 27
[18:35:56.914]: (0.0, 2.1, 2.6) 26
[18:35:56.935]: (0.0, 2.1, 2.6) 26
[18:35:56.958]: (-0.1, 2.2, 2.6) 26
[18:35:56.980]: (-0.1, 2.2, 2.6) 26
[18:35:57.003]: (-0.1, 2.2, 2.6) 26
[18:35:57.025]: (0.1, 2.1, 2.5) 18
[18:35:57.048]: (0.1, 2.1, 2.3) 28
[18:35:57.070]: (0.2, 2.1, 2.3) 28
[18:35:57.092]: (0.2, 2.1, 2.3) 28
[18:35:57.114]: (0.1, 2.1, 2.3) 28
[18:35:57.136]: (0.1, 2.1, 2.3) 28
[18:35:57.361]: (-1.1, 1.7, 3.0) 50
[18:35:57.384]: (-0.9, 1.4, 2.1) 42
[18:35:57.429]: (-1.2, 1.5, 2.9) 57
[18:35:57.494]: (-1.1, 1.6, 2.8) 69
[18:35:57.517]: (-1.3, 1.5, 3.3) 66
[18:35:57.562]: (-1.0, 1.3, 2.3) 39
[18:35:57.907]: (-1.4, 1.6, 2.8) 67
[18:35:57.955]: (-1.4, 1.6, 2.8) 67
[18:35:57.971]: (-1.4, 1.6, 2.8) 67
[18:35:57.988]: (-1.3, 1.6, 2.8) 67
[18:35:58.007]: (-1.4, 1.6, 3.0) 56
[18:35:58.023]: (-1.3, 1.6, 2.9) 56
[18:35:58.055]: (-0.6, 1.7, 2.3) 35
[18:35:58.089]: (0.3, 2.1, 2.5) 12
[18:35:58.106]: (0.3, 2.1, 2.4) 14
[18:35:58.122]: (0.3, 2.1, 2.4) 14
[18:35:58.143]: (0.4, 2.2, 2.6) 15
[18:35:58.166]: (0.3, 2.2, 2.6) 13
[18:35:58.186]: (0.3, 2.2, 2.6) 13
[18:35:58.210]: (0.3, 2.2, 2.6) 13
[18:35:58.231]: (0.3, 2.2, 2.6) 13
[18:35:58.254]: (0.2, 2.1, 2.3) 22
[18:35:58.276]: (0.2, 2.2, 2.7) 21
[18:35:58.320]: (0.2, 2.2, 2.6) 13
[18:35:58.344]: (0.2, 2.2, 2.7) 21
[18:35:58.387]: (0.1, 2.2, 2.7) 19
[18:35:58.409]: (0.4, 2.2, 2.6) 15
[18:35:58.454]: (0.4, 2.2, 2.6) 15
[18:35:58.476]: (0.3, 2.1, 2.4) 14
[18:35:58.498]: (0.2, 2.1, 2.3) 22
[18:35:58.521]: (0.2, 2.1, 2.3) 22
[18:35:58.544]: (0.2, 2.1, 2.5) 12
[18:35:58.563]: (0.2, 2.1, 2.5) 12
[18:35:58.579]: (0.2, 2.1, 2.5) 12
[18:35:58.596]: (0.2, 2.1, 2.5) 12
[18:35:58.613]: (0.2, 2.1, 2.5) 12
[18:35:58.629]: (0.2, 2.1, 2.5) 12
[18:35:58.646]: (0.2, 2.2, 2.7) 21
[18:35:58.663]: (0.2, 2.2, 2.7) 21
[18:35:58.678]: (0.2, 2.2, 2.7) 21
[18:35:58.694]: (0.2, 2.2, 2.7) 21
[18:35:58.712]: (0.2, 2.2, 2.7) 21
[18:35:58.728]: (0.2, 2.2, 2.7) 21
[18:35:58.744]: (0.2, 2.2, 2.7) 21
[18:35:58.760]: (0.2, 2.2, 2.7) 21
[18:35:58.777]: (0.2, 2.2, 2.7) 21
[18:35:58.795]: (0.2, 2.2, 2.7) 21
[18:35:58.811]: (0.2, 2.2, 2.7) 21
[18:35:58.829]: (0.2, 2.2, 2.7) 21
[18:35:58.861]: (0.3, 1.6, 1.6) 2
[18:35:58.878]: (0.2, 1.6, 1.6) 1
[18:35:58.895]: (0.2, 1.5, 1.5) 1
[18:35:58.912]: (0.2, 1.5, 1.5) 1
[18:35:58.928]: (0.2, 1.5, 1.5) 1
[18:35:58.945]: (0.2, 1.5, 1.5) 1
[18:35:58.962]: (0.2, 1.5, 1.5) 1
[18:35:58.978]: (0.2, 1.5, 1.5) 1
[18:35:58.994]: (0.2, 1.5, 1.5) 1
[18:35:59.012]: (0.2, 1.5, 1.5) 1
[18:35:59.031]: (0.2, 1.5, 1.5) 1
[18:35:59.053]: (0.2, 1.5, 1.5) 1
[18:35:59.077]: (0.2, 1.5, 1.5) 1
[18:35:59.099]: (0.2, 1.6, 1.5) 1
[18:35:59.119]: (0.2, 1.6, 1.5) 1
[18:35:59.142]: (0.2, 1.6, 1.6) 1
[18:35:59.165]: (0.2, 1.6, 1.6) 7
[18:35:59.186]: (0.2, 1.6, 1.6) 7
[18:35:59.210]: (0.2, 1.6, 1.7) 7
[18:35:59.230]: (0.2, 1.6, 1.7) 7
[18:35:59.254]: (0.3, 1.6, 1.5) 1
[18:35:59.276]: (0.3, 1.6, 1.6) 2
[18:35:59.298]: (0.2, 1.6, 1.6) 2
[18:35:59.321]: (0.2, 1.6, 1.6) 2
[18:35:59.343]: (0.2, 1.6, 1.5) 1
[18:35:59.364]: (0.2, 1.6, 1.5) 1
[18:35:59.387]: (0.3, 1.6, 1.6) 2
[18:35:59.431]: (0.1, 2.2, 2.7) 19
[18:35:59.448]: (0.0, 2.1, 2.6) 18
[18:35:59.466]: (0.1, 2.2, 2.8) 27
[18:35:59.482]: (0.1, 2.2, 2.8) 27
[18:35:59.499]: (0.1, 2.2, 2.8) 27
[18:35:59.514]: (0.1, 2.2, 2.8) 27
[18:35:59.532]: (0.1, 2.2, 2.8) 27
[18:35:59.548]: (0.1, 2.2, 2.8) 27
[18:35:59.565]: (0.1, 2.2, 2.7) 19
[18:35:59.627]: (0.1, 2.2, 2.8) 27
[18:35:59.643]: (0.0, 2.1, 2.6) 18
[18:35:59.659]: (0.0, 2.1, 2.6) 18
[18:35:59.675]: (0.0, 2.1, 2.6) 18
[18:35:59.692]: (0.0, 2.1, 2.6) 18
[18:35:59.710]: (0.0, 2.1, 2.6) 18
[18:35:59.743]: (-1.0, 1.8, 3.0) 52
[18:35:59.805]: (-1.5, 1.6, 3.0) 72
[18:35:59.871]: (-1.6, 1.6, 3.2) 58
[18:35:59.909]: (-1.5, 1.6, 3.0) 72
[18:35:59.931]: (-1.3, 1.6, 3.0) 56
[18:35:59.975]: (-1.3, 1.7, 3.2) 55
[18:36:00.425]: (-1.3, 1.7, 3.0) 56
[18:36:00.491]: (-0.8, 1.5, 2.3) 31
[18:36:00.510]: (-0.8, 1.5, 2.3) 31
[18:36:00.526]: (-0.8, 1.5, 2.3) 31
[18:36:00.543]: (-0.8, 1.5, 2.3) 31
[18:36:00.559]: (-0.8, 1.5, 2.3) 31
[18:36:00.576]: (-0.8, 1.5, 2.3) 31
[18:36:00.592]: (-0.8, 1.5, 2.3) 31
[18:36:00.657]: (-0.8, 1.5, 2.3) 31
[18:36:00.673]: (-0.8, 1.5, 2.3) 31
[18:36:00.688]: (-0.9, 1.4, 2.5) 40
[18:36:00.709]: (-1.3, 1.7, 3.2) 55
[18:36:00.730]: (-1.4, 1.6, 2.8) 67
[18:36:00.754]: (-1.6, 1.6, 3.2) 58
[18:36:00.863]: (-1.4, 1.5, 2.8) 67
[18:36:00.887]: (-1.4, 1.5, 2.8) 67
[18:36:00.908]: (-1.4, 1.5, 2.8) 67
[18:36:00.931]: (-1.5, 1.5, 3.0) 54
[18:36:00.956]: (-1.5, 1.5, 3.0) 54
[18:36:00.974]: (-1.4, 1.5, 2.8) 67
[18:36:01.023]: (-1.5, 1.5, 3.0) 54
[18:36:01.045]: (-1.6, 1.6, 3.2) 61
[18:36:01.090]: (-1.5, 1.5, 2.9) 56
[18:36:01.111]: (-1.5, 1.5, 2.9) 56
[18:36:01.134]: (-1.5, 1.5, 3.2) 66
[18:36:01.156]: (-1.5, 1.5, 3.1) 66
[18:36:01.179]: (-1.5, 1.6, 3.1) 66
[18:36:01.200]: (-1.2, 1.5, 2.2) 41
[18:36:01.223]: (-1.2, 1.5, 2.2) 41
[18:36:01.244]: (-1.2, 1.5, 2.1) 31
[18:36:01.266]: (-1.2, 1.5, 2.0) 42
[18:36:01.288]: (-1.2, 1.5, 2.1) 31
[18:36:01.312]: (-1.2, 1.5, 2.2) 41
[18:36:01.335]: (-1.3, 1.5, 2.2) 41
[18:36:01.358]: (-1.6, 1.6, 3.1) 66
[18:36:01.400]: (-1.6, 1.6, 3.0) 54
[18:36:01.423]: (-1.5, 1.5, 2.7) 67
[18:36:01.444]: (-1.6, 1.6, 3.0) 72
[18:36:01.466]: (-1.6, 1.6, 3.0) 72
[18:36:01.488]: (-1.6, 1.6, 3.1) 70
[18:36:01.510]: (-1.6, 1.6, 3.1) 58
[18:36:01.531]: (-1.4, 1.6, 3.0) 54
[18:36:01.553]: (-1.4, 1.6, 3.0) 54
[18:36:01.574]: (-1.4, 1.6, 2.9) 56
[18:36:01.594]: (-1.4, 1.6, 2.9) 56
[18:36:01.616]: (-1.3, 1.6, 2.9) 57
[18:36:01.639]: (-1.1, 1.6, 2.2) 41
[18:36:01.662]: (-1.1, 1.6, 2.2) 41
[18:36:01.682]: (-1.1, 1.6, 2.3) 41
[18:36:01.791]: (-1.3, 1.6, 2.8) 64
[18:36:02.320]: (-1.2, 1.2, 2.9) 57
[18:36:02.353]: (-1.2, 1.2, 2.9) 57
[18:36:02.419]: (-1.2, 1.2, 2.8) 69
[18:36:02.486]: (-1.0, 1.1, 2.4) 40
[18:36:02.510]: (-0.8, 1.3, 2.1) 36
[18:36:02.575]: (-0.9, 1.3, 2.3) 33
[18:36:02.622]: (-1.2, 1.2, 3.3) 55
[18:36:02.645]: (-1.2, 1.4, 3.4) 62
[18:36:02.667]: (-1.2, 1.4, 3.4) 62
[18:36:03.382]: (-0.3, 1.6, 2.3) 42
[18:36:03.405]: (-0.3, 1.7, 2.5) 30
[18:36:03.472]: (-0.4, 1.6, 2.5) 30
[18:36:03.493]: (-0.4, 1.6, 2.5) 38
[18:36:03.559]: (-0.6, 1.6, 2.2) 42
[18:36:03.583]: (-0.9, 1.9, 2.8) 69
[18:36:03.625]: (-0.8, 1.8, 2.3) 41
[18:36:03.648]: (-1.0, 1.9, 2.9) 69
[18:36:03.672]: (-1.0, 1.9, 2.8) 69
[18:36:03.692]: (-1.1, 1.8, 2.9) 68
[18:36:03.715]: (-1.1, 1.8, 2.9) 68
[18:36:03.736]: (-0.9, 1.6, 2.2) 42
[18:36:03.758]: (-0.9, 1.6, 2.1) 42
[18:36:03.778]: (-0.9, 1.7, 2.4) 30
[18:36:03.799]: (-0.9, 1.7, 2.3) 30
[18:36:03.820]: (-1.0, 1.6, 2.3) 30
[18:36:03.842]: (-0.9, 1.7, 2.3) 30
[18:36:03.883]: (-0.9, 1.6, 2.4) 30
[18:36:03.905]: (-1.0, 1.6, 2.3) 39
[18:36:03.928]: (-0.9, 1.7, 2.1) 42
[18:36:03.949]: (-1.2, 2.0, 2.7) 69
[18:36:03.970]: (-1.2, 2.0, 2.8) 57
[18:36:03.991]: (-1.2, 2.0, 2.8) 69
[18:36:04.014]: (-1.2, 2.0, 2.8) 57
[18:36:04.036]: (-1.3, 2.1, 3.1) 55
[18:36:04.057]: (-1.4, 2.1, 3.2) 61
[18:36:04.079]: (-1.4, 2.1, 3.2) 59
[18:36:04.101]: (-1.4, 2.1, 3.2) 59
[18:36:04.124]: (-1.3, 2.0, 3.2) 59
[18:36:04.145]: (-1.3, 2.0, 3.2) 59
[18:36:04.187]: (-1.4, 1.9, 3.2) 70
[18:36:04.208]: (-1.4, 1.9, 3.2) 70
[18:36:04.289]: (-1.1, 1.7, 3.0) 56
[18:36:04.311]: (-0.9, 1.5, 3.0) 68
[18:36:04.334]: (-0.7, 1.4, 2.2) 42
[18:36:04.355]: (-0.7, 1.4, 2.2) 42
[18:36:04.378]: (-0.7, 1.4, 2.2) 42
[18:36:04.399]: (-0.8, 1.3, 2.4) 30
[18:36:04.422]: (-0.8, 1.4, 2.4) 30
[18:36:04.444]: (-0.8, 1.4, 2.4) 30
[18:36:04.466]: (-0.8, 1.4, 2.4) 30
[18:36:04.488]: (-0.8, 1.4, 2.4) 30
[18:36:04.510]: (-0.8, 1.4, 2.4) 30
[18:36:04.531]: (-0.7, 1.5, 2.3) 31
[18:36:04.571]: (-0.8, 1.4, 2.4) 30
[18:36:04.592]: (-0.9, 1.4, 2.4) 30
[18:36:04.614]: (-0.8, 1.4, 2.4) 30
[18:36:04.634]: (-0.8, 1.4, 2.2) 42
[18:36:04.656]: (-0.9, 1.4, 2.4) 30
[18:36:04.679]: (-0.9, 1.4, 2.4) 30
[18:36:04.699]: (-0.9, 1.4, 2.4) 30
[18:36:04.721]: (-0.9, 1.4, 2.4) 30
[18:36:04.741]: (-0.9, 1.4, 2.4) 30
[18:36:04.760]: (-0.9, 1.4, 2.4) 30
[18:36:05.215]: (-0.8, 1.4, 2.2) 42
[18:36:05.248]: (-1.6, 1.8, 3.1) 58
[18:36:05.279]: (-1.5, 2.0, 3.3) 71
[18:36:05.296]: (-1.4, 1.7, 2.8) 67
[18:36:05.314]: (-1.5, 1.9, 3.1) 59
[18:36:05.331]: (-1.3, 1.7, 2.8) 67
[18:36:05.346]: (-1.3, 1.7, 2.8) 67
[18:36:05.362]: (-1.3, 1.7, 2.8) 67
[18:36:05.378]: (-1.3, 1.7, 2.8) 67
[18:36:05.394]: (-1.3, 1.7, 2.8) 67
[18:36:05.429]: (-1.5, 1.8, 2.9) 60
[18:36:05.451]: (-1.5, 1.8, 3.0) 60
[18:36:05.475]: (-1.3, 1.7, 2.8) 67
[18:36:05.496]: (-1.3, 1.7, 2.8) 67
[18:36:05.518]: (-1.6, 1.9, 3.3) 71
[18:36:05.562]: (-1.1, 1.8, 3.1) 48
[18:36:05.608]: (0.3, 1.6, 2.7) 12
[18:36:05.628]: (0.4, 1.6, 2.7) 12
[18:36:05.651]: (0.3, 1.6, 2.5) 22
[18:36:05.673]: (0.4, 1.5, 2.5) 22
[18:36:05.696]: (0.3, 1.6, 2.6) 20
[18:36:05.717]: (0.3, 1.5, 2.5) 22
[18:36:05.740]: (0.3, 1.6, 2.7) 12
[18:36:05.765]: (0.2, 1.5, 2.6) 28
[18:36:05.785]: (0.3, 1.6, 2.6) 20
[18:36:05.807]: (0.2, 1.6, 2.6) 28
[18:36:05.830]: (0.2, 1.6, 2.6) 28
[18:36:05.851]: (0.2, 1.6, 2.6) 20
[18:36:05.874]: (0.2, 1.6, 2.6) 28
[18:36:05.895]: (0.2, 1.6, 2.7) 20
[18:36:05.912]: (0.2, 1.6, 2.7) 20
[18:36:05.965]: (0.1, 1.6, 2.8) 26
[18:36:06.083]: (0.2, 1.5, 2.6) 28
[18:36:06.141]: (0.3, 1.0, 1.5) 3
[18:36:06.477]: (-0.7, 1.5, 2.3) 32
[18:36:06.519]: (-0.9, 1.9, 3.1) 53
[18:36:06.607]: (-1.1, 1.5, 2.9) 68
[18:36:06.629]: (-0.9, 1.4, 2.1) 42
[18:36:06.652]: (-0.7, 1.4, 2.2) 32
[18:36:06.674]: (-0.9, 1.4, 2.1) 42
[18:36:06.719]: (-0.8, 1.4, 2.3) 31
[18:36:06.895]: (-1.3, 1.7, 2.8) 67
[18:36:06.912]: (-1.5, 2.0, 3.3) 71
[18:36:06.948]: (-1.6, 1.9, 3.1) 70
[18:36:06.964]: (-1.5, 1.9, 3.2) 59
[18:36:07.000]: (-1.4, 1.7, 2.8) 67
[18:36:07.053]: (-1.6, 1.8, 2.9) 72
[18:36:07.073]: (-1.6, 1.9, 3.1) 70
[18:36:07.093]: (-1.5, 1.8, 2.9) 72
[18:36:07.113]: (-1.5, 1.8, 2.9) 72
[18:36:07.133]: (-1.6, 1.8, 3.1) 58
[18:36:07.151]: (-1.6, 1.8, 3.1) 58
[18:36:07.169]: (-1.6, 1.8, 3.1) 58
[18:36:07.187]: (-1.4, 1.7, 2.8) 67
[18:36:07.203]: (-1.5, 1.7, 2.9) 72
[18:36:07.429]: (-1.6, 1.9, 3.0) 70
[18:36:07.450]: (-1.6, 1.9, 3.0) 70
[18:36:07.473]: (-1.5, 1.8, 3.0) 60
[18:36:07.494]: (-1.5, 1.8, 3.0) 60
[18:36:07.518]: (-1.6, 1.8, 3.1) 58
[18:36:07.540]: (-1.6, 1.8, 3.1) 58
[18:36:07.606]: (-1.4, 1.7, 2.8) 67
[18:36:07.627]: (-1.4, 1.7, 2.8) 67
[18:36:07.650]: (-1.5, 1.7, 3.0) 60
[18:36:07.718]: (-1.6, 1.7, 2.9) 72
[18:36:08.072]: (-0.9, 1.5, 2.3) 41
[18:36:08.090]: (-0.9, 1.5, 2.3) 41
[18:36:08.106]: (-0.9, 1.5, 2.3) 41
[18:36:08.123]: (-0.9, 1.5, 2.3) 31
[18:36:08.144]: (-0.9, 1.5, 2.3) 41
[18:36:08.177]: (-0.9, 1.5, 2.3) 41
[18:36:08.192]: (-0.9, 1.5, 2.3) 41
[18:36:08.227]: (-0.4, 1.5, 2.5) 45
[18:36:08.251]: (0.4, 1.6, 2.7) 12
[18:36:08.273]: (0.5, 1.5, 2.6) 14
[18:36:08.295]: (0.4, 1.6, 2.5) 22
[18:36:08.318]: (0.4, 1.5, 2.5) 22
[18:36:08.338]: (0.4, 1.5, 2.5) 22
[18:36:08.452]: (-1.1, 1.6, 2.9) 57
[18:36:08.538]: (-1.2, 1.6, 3.0) 50
[18:36:08.562]: (-1.2, 1.5, 2.8) 69
[18:36:08.584]: (-1.2, 1.5, 2.9) 57
[18:36:08.605]: (-1.3, 1.5, 2.9) 56
[18:36:08.654]: (-1.4, 1.6, 3.3) 61
[18:36:08.987]: (-1.6, 1.2, 2.9) 72
[18:36:09.021]: (-1.4, 1.1, 2.9) 56
[18:36:09.037]: (-1.5, 1.2, 3.3) 59
[18:36:09.054]: (-1.4, 1.2, 3.1) 54
[18:36:09.072]: (-1.5, 1.2, 3.0) 60
[18:36:09.350]: (-1.2, 1.2, 2.9) 57
[18:36:09.572]: (-1.2, 1.3, 3.4) 62
[18:36:09.729]: (-1.1, 1.3, 3.1) 52
[18:36:09.884]: (-1.6, 1.2, 3.0) 60
[18:36:10.084]: (-1.4, 1.3, 3.4) 73
[18:36:10.116]: (-0.7, 1.1, 2.5) 43
[18:36:10.139]: (-0.7, 1.2, 2.5) 43
[18:36:10.161]: (-0.9, 1.0, 2.2) 42
[18:36:10.183]: (-0.9, 1.0, 2.2) 42
[18:36:10.205]: (-0.9, 0.9, 2.4) 30
[18:36:10.228]: (-0.7, 1.1, 2.3) 32
[18:36:10.250]: (-0.7, 1.2, 2.5) 43
[18:36:10.271]: (-0.9, 1.0, 2.2) 42
[18:36:10.294]: (-0.7, 1.1, 2.3) 32
[18:36:10.338]: (-0.7, 1.1, 2.3) 32
[18:36:10.382]: (-0.7, 1.1, 2.4) 33
[18:36:10.405]: (-0.4, 1.0, 2.3) 37
[18:36:10.813]: (-0.4, 1.3, 2.5) 35
[18:36:10.835]: (-0.4, 1.3, 2.5) 35
[18:36:10.857]: (-0.5, 1.3, 2.5) 35
[18:36:10.880]: (-0.5, 1.3, 2.5) 45
[18:36:11.217]: (-1.0, 1.1, 3.1) 52
[18:36:11.238]: (-1.0, 1.1, 3.1) 52
[18:36:11.349]: (-1.4, 0.9, 3.5) 73
[18:36:11.371]: (-1.3, 0.9, 3.4) 73
[18:36:11.438]: (-1.3, 0.8, 3.1) 54
[18:36:11.460]: (-1.1, 0.8, 3.0) 57
[18:36:11.483]: (-1.6, 0.8, 3.4) 71
[18:36:11.504]: (-1.4, 0.9, 3.4) 61
[18:36:11.539]: (-1.5, 0.8, 3.3) 59
[18:36:11.555]: (-1.5, 0.8, 3.3) 59
[18:36:11.570]: (-1.5, 0.8, 3.3) 59
[18:36:11.601]: (-1.5, 0.8, 3.5) 71
[18:36:11.619]: (-1.6, 0.8, 3.4) 71
[18:36:11.635]: (-1.6, 0.8, 3.4) 71
[18:36:11.717]: (-1.4, 0.9, 3.1) 60
[18:36:11.733]: (-0.6, 1.1, 2.6) 43
[18:36:11.751]: (-0.8, 1.1, 2.4) 41
[18:36:11.771]: (-0.8, 1.1, 2.4) 41
[18:36:11.791]: (-0.7, 1.1, 2.4) 41
[18:36:11.811]: (-0.9, 1.0, 3.1) 68
[18:36:11.851]: (-0.7, 1.1, 2.4) 41
[18:36:11.873]: (-0.7, 1.1, 2.4) 41
[18:36:11.915]: (-0.9, 1.2, 3.2) 50
[18:36:11.936]: (-0.9, 1.2, 3.2) 50
[18:36:11.958]: (-0.9, 1.3, 3.2) 52
[18:36:12.164]: (-0.7, 1.2, 2.4) 33
[18:36:12.197]: (-0.7, 1.2, 2.4) 33
[18:36:12.230]: (-0.8, 1.3, 2.4) 33
[18:36:12.331]: (-0.8, 1.4, 2.3) 33
[18:36:12.363]: (-0.8, 1.3, 2.2) 34
[18:36:12.464]: (-0.8, 1.5, 2.1) 36
[18:36:12.497]: (-0.8, 1.5, 2.1) 36
[18:36:12.530]: (-1.1, 1.6, 2.3) 38
[18:36:12.564]: (-1.0, 1.8, 2.0) 42
[18:36:12.696]: (-1.3, 1.9, 2.8) 68
[18:36:12.818]: (-1.1, 1.7, 2.8) 69
[18:36:12.841]: (-1.1, 1.7, 2.8) 69
[18:36:12.862]: (-1.0, 1.4, 2.4) 40
[18:36:12.885]: (-1.1, 1.6, 2.9) 57
[18:36:12.907]: (-1.1, 1.7, 3.1) 48
[18:36:12.930]: (-1.2, 1.8, 3.4) 62
[18:36:12.951]: (-1.1, 1.7, 3.1) 48
[18:36:12.974]: (-1.0, 1.7, 3.1) 48
[18:36:13.019]: (-1.0, 1.6, 3.2) 48
[18:36:13.041]: (-1.2, 1.6, 3.4) 73
[18:36:13.193]: (-1.1, 1.3, 3.3) 66
[18:36:13.265]: (-1.1, 1.3, 3.3) 66
[18:36:13.325]: (-1.1, 1.4, 3.3) 66
[18:36:13.801]: (0.2, 1.1, 2.8) 28
[18:36:13.823]: (0.2, 1.1, 2.7) 28
[18:36:13.843]: (0.2, 1.1, 2.7) 28
[18:36:13.866]: (0.2, 1.1, 2.7) 28
[18:36:13.977]: (-0.8, 1.3, 2.5) 43
[18:36:14.172]: (-1.2, 1.2, 3.4) 73
[18:36:14.297]: (-1.1, 1.0, 3.1) 72
[18:36:14.581]: (-0.3, 0.6, 2.2) 42
[18:36:14.825]: (-0.4, 0.7, 3.2) 50
[18:36:14.914]: (-0.7, 0.7, 3.4) 66
[18:36:14.936]: (-0.7, 0.9, 3.5) 73
[18:36:15.035]: (-0.6, 0.8, 3.1) 57
[18:36:15.141]: (-0.7, 0.7, 3.3) 66
[18:36:15.159]: (-0.6, 0.6, 3.0) 68
[18:36:15.176]: (-0.7, 0.6, 3.3) 66
[18:36:15.208]: (-0.5, 0.8, 3.0) 69
[18:36:15.255]: (-0.7, 0.7, 3.3) 66
[18:36:15.300]: (-1.0, 1.0, 3.3) 70
[18:36:15.333]: (-0.6, 0.8, 3.1) 57
[18:36:15.382]: (-0.6, 0.7, 3.0) 57
[18:36:15.398]: (-0.6, 0.7, 3.0) 57
[18:36:15.414]: (-0.5, 0.7, 3.0) 69
[18:36:15.492]: (-0.7, 0.7, 3.3) 66
[18:36:15.558]: (-0.5, 0.8, 3.6) 62
[18:36:15.580]: (-0.7, 0.8, 3.1) 56
[18:36:15.603]: (-0.6, 0.8, 3.3) 55
[18:36:15.648]: (-0.6, 0.8, 3.0) 69
[18:36:15.669]: (-0.7, 0.8, 3.1) 68
[18:36:15.714]: (-0.4, 0.9, 2.2) 42
[18:36:15.736]: (-0.5, 0.9, 2.4) 31
[18:36:15.782]: (-0.5, 0.9, 2.5) 38
[18:36:15.829]: (-0.4, 1.1, 2.2) 44
[18:36:15.972]: (-0.5, 1.3, 2.2) 44
[18:36:15.996]: (-0.7, 1.6, 2.3) 41
[18:36:16.019]: (-0.7, 1.6, 2.3) 41
[18:36:16.040]: (-0.7, 1.6, 2.2) 42
[18:36:16.060]: (-0.7, 1.6, 2.1) 42
[18:36:16.084]: (-0.7, 1.6, 2.1) 42
[18:36:16.106]: (-0.7, 1.6, 2.1) 42
[18:36:16.131]: (-0.7, 1.7, 2.3) 41
[18:36:16.152]: (-0.7, 1.7, 2.3) 41
[18:36:16.194]: (-0.9, 1.8, 2.8) 69
[18:36:16.281]: (-1.3, 2.1, 3.0) 59
[18:36:16.301]: (-1.2, 2.0, 2.7) 67
[18:36:16.322]: (-1.1, 2.0, 2.7) 67
[18:36:16.344]: (-1.1, 2.0, 2.7) 67
[18:36:16.364]: (-1.2, 2.0, 2.7) 67
[18:36:16.386]: (-1.1, 2.1, 2.7) 67
[18:36:16.427]: (-1.2, 2.1, 2.7) 67
[18:36:16.448]: (-1.1, 2.1, 2.6) 67
[18:36:16.469]: (-1.1, 2.2, 2.6) 67
[18:36:16.489]: (-1.1, 2.2, 2.6) 67
[18:36:16.511]: (-1.1, 2.3, 2.8) 54
[18:36:16.531]: (-1.2, 2.5, 3.0) 61
[18:36:16.562]: (-1.1, 2.5, 3.1) 73
[18:36:16.629]: (-0.7, 2.5, 2.7) 64
[18:36:16.868]: (0.5, 2.6, 2.4) 20
[18:36:16.894]: (0.6, 2.6, 2.5) 12
[18:36:16.934]: (0.4, 2.5, 2.4) 28
[18:36:16.967]: (0.4, 2.5, 2.4) 28
[18:36:16.996]: (0.4, 2.4, 2.4) 28
[18:36:17.034]: (0.4, 2.5, 2.4) 28
[18:36:17.068]: (0.4, 2.4, 2.4) 28
[18:36:17.182]: (0.5, 2.4, 2.4) 28
[18:36:17.413]: (-0.4, 2.0, 2.0) 44
[18:36:17.437]: (-0.3, 1.9, 2.0) 44
[18:36:17.458]: (-0.3, 1.9, 2.0) 44
[18:36:17.636]: (-0.4, 2.0, 2.0) 44
[18:36:17.657]: (0.0, 2.1, 2.2) 47
[18:36:17.901]: (0.5, 2.5, 2.4) 28
[18:36:17.924]: (0.5, 2.5, 2.4) 28
[18:36:17.946]: (0.4, 2.7, 2.5) 18
[18:36:17.968]: (0.4, 2.7, 2.5) 18
[18:36:17.991]: (0.4, 2.7, 2.5) 18
[18:36:18.015]: (0.4, 2.7, 2.5) 18
[18:36:18.035]: (0.4, 2.7, 2.5) 18
[18:36:18.058]: (0.3, 2.7, 2.5) 26
[18:36:18.081]: (0.3, 2.7, 2.5) 26
[18:36:18.123]: (-0.9, 2.9, 3.0) 62
[18:36:18.146]: (-1.4, 2.7, 2.8) 58
[18:36:18.191]: (-1.2, 2.6, 2.7) 60
[18:36:18.236]: (-1.4, 2.7, 2.7) 70
[18:36:18.346]: (-1.3, 2.6, 2.6) 60
[18:36:18.368]: (-1.3, 2.6, 2.7) 60
[18:36:18.391]: (-1.3, 2.6, 2.7) 60
[18:36:18.412]: (-1.3, 2.6, 2.6) 60
[18:36:18.435]: (-1.2, 2.5, 2.5) 67
[18:36:18.457]: (-1.2, 2.6, 2.7) 60
[18:36:18.479]: (-1.2, 2.5, 2.5) 67
[18:36:18.496]: (-1.1, 2.5, 2.5) 67
[18:36:18.513]: (-1.1, 2.5, 2.5) 67
[18:36:18.529]: (-1.1, 2.5, 2.5) 67
[18:36:18.545]: (-1.1, 2.5, 2.5) 67
[18:36:18.560]: (-1.1, 2.5, 2.5) 67
[18:36:18.576]: (-1.1, 2.5, 2.5) 67
[18:36:18.593]: (-1.1, 2.5, 2.5) 67
[18:36:18.609]: (-1.1, 2.5, 2.5) 67
[18:36:18.625]: (-1.1, 2.5, 2.5) 67
[18:36:18.642]: (-1.1, 2.5, 2.5) 67
[18:36:18.658]: (-1.1, 2.5, 2.5) 67
[18:36:18.673]: (-1.2, 2.6, 2.7) 60
[18:36:18.689]: (-1.2, 2.5, 2.5) 67
[18:36:18.706]: (-1.2, 2.6, 2.7) 60
[18:36:18.723]: (-1.2, 2.6, 2.7) 60
[18:36:18.739]: (-1.2, 2.6, 2.7) 60
[18:36:18.756]: (-1.2, 2.6, 2.7) 60
[18:36:18.772]: (-1.2, 2.6, 2.7) 60
[18:36:18.890]: (-1.1, 2.5, 2.5) 67
[18:36:18.957]: (0.5, 2.6, 2.4) 20
[18:36:18.979]: (0.5, 2.6, 2.4) 20
[18:36:19.001]: (0.5, 2.6, 2.4) 20
[18:36:19.045]: (0.5, 2.4, 2.4) 28
[18:36:19.069]: (0.4, 2.5, 2.4) 28
[18:36:19.112]: (0.5, 2.4, 2.4) 28
[18:36:19.136]: (0.5, 2.5, 2.4) 28
[18:36:19.156]: (0.5, 2.5, 2.4) 28
[18:36:19.179]: (0.4, 2.6, 2.4) 20
[18:36:19.202]: (0.4, 2.6, 2.4) 20
[18:36:19.224]: (0.4, 2.6, 2.5) 18
[18:36:19.246]: (0.4, 2.6, 2.5) 18
[18:36:19.268]: (0.4, 2.6, 2.5) 18
[18:36:19.291]: (0.4, 2.6, 2.5) 18
[18:36:19.312]: (0.4, 2.6, 2.5) 18
[18:36:19.335]: (0.6, 2.6, 2.4) 12
[18:36:19.356]: (0.6, 2.6, 2.4) 12
[18:36:19.373]: (0.6, 2.6, 2.4) 12
[18:36:19.389]: (0.6, 2.6, 2.4) 12
[18:36:19.405]: (0.6, 2.6, 2.4) 12
[18:36:19.422]: (0.6, 2.6, 2.5) 12
[18:36:19.438]: (0.6, 2.6, 2.4) 12
[18:36:19.455]: (0.6, 2.6, 2.4) 12
[18:36:19.470]: (0.6, 2.6, 2.4) 12
[18:36:19.487]: (0.6, 2.6, 2.5) 12
[18:36:19.503]: (0.6, 2.6, 2.5) 12
[18:36:19.519]: (0.6, 2.6, 2.5) 12
[18:36:19.537]: (0.6, 2.6, 2.5) 12
[18:36:19.553]: (0.6, 2.6, 2.4) 12
[18:36:19.570]: (0.6, 2.6, 2.5) 12
[18:36:19.587]: (0.6, 2.6, 2.5) 12
[18:36:19.602]: (0.6, 2.6, 2.5) 12
[18:36:19.618]: (0.6, 2.6, 2.5) 12
[18:36:19.635]: (0.6, 2.6, 2.4) 12
[18:36:19.651]: (0.5, 2.6, 2.4) 20
[18:36:19.668]: (0.4, 2.5, 2.4) 28
[18:36:19.684]: (0.4, 2.6, 2.4) 20
[18:36:19.701]: (0.4, 2.6, 2.4) 20
[18:36:19.717]: (0.4, 2.6, 2.4) 20
[18:36:19.735]: (0.4, 2.6, 2.4) 20
[18:36:19.751]: (0.5, 2.6, 2.4) 20
[18:36:19.769]: (0.5, 2.6, 2.4) 20
[18:36:19.785]: (0.5, 2.6, 2.4) 20
[18:36:19.801]: (0.5, 2.6, 2.4) 20
[18:36:19.823]: (0.5, 2.6, 2.4) 20
[18:36:19.845]: (0.4, 2.6, 2.4) 20
[18:36:19.867]: (0.4, 2.6, 2.4) 20
[18:36:19.890]: (0.4, 2.6, 2.4) 20
[18:36:19.912]: (0.4, 2.6, 2.5) 18
[18:36:19.936]: (0.4, 2.6, 2.5) 18
[18:36:19.957]: (0.4, 2.6, 2.5) 18
[18:36:19.978]: (0.4, 2.6, 2.5) 18
[18:36:20.001]: (0.4, 2.6, 2.5) 18
[18:36:20.023]: (0.4, 2.6, 2.5) 18
[18:36:20.045]: (0.4, 2.6, 2.5) 18
[18:36:20.068]: (0.4, 2.6, 2.5) 18
[18:36:20.112]: (0.3, 2.6, 2.6) 26
[18:36:20.135]: (0.3, 2.6, 2.6) 26
[18:36:20.160]: (0.3, 2.6, 2.6) 26
[18:36:20.183]: (0.3, 2.6, 2.5) 26
[18:36:20.201]: (0.3, 2.6, 2.5) 26
[18:36:20.223]: (0.3, 2.6, 2.5) 26
[18:36:20.245]: (0.3, 2.6, 2.6) 26
[18:36:20.267]: (0.3, 2.6, 2.5) 26
[18:36:20.283]: (0.3, 2.6, 2.5) 26
[18:36:20.299]: (0.3, 2.6, 2.5) 26
[18:36:20.315]: (0.3, 2.6, 2.6) 26
[18:36:20.331]: (0.3, 2.6, 2.6) 26
[18:36:20.347]: (0.3, 2.6, 2.6) 26
[18:36:20.363]: (0.3, 2.6, 2.5) 26
[18:36:20.381]: (0.3, 2.6, 2.5) 26
[18:36:20.398]: (0.3, 2.6, 2.5) 26
[18:36:20.413]: (0.3, 2.6, 2.6) 26
[18:36:20.430]: (0.3, 2.6, 2.5) 26
[18:36:20.447]: (0.3, 2.6, 2.5) 26
[18:36:20.465]: (0.3, 2.6, 2.5) 26
[18:36:20.481]: (0.3, 2.6, 2.6) 26
[18:36:20.498]: (0.3, 2.6, 2.6) 26
[18:36:20.515]: (0.3, 2.6, 2.6) 26
[18:36:20.532]: (0.3, 2.6, 2.6) 26
[18:36:20.550]: (0.3, 2.6, 2.6) 26
[18:36:20.567]: (0.3, 2.6, 2.6) 26
[18:36:20.583]: (0.3, 2.6, 2.5) 26
[18:36:20.600]: (0.3, 2.6, 2.5) 26
[18:36:20.616]: (0.3, 2.6, 2.6) 26
[18:36:20.636]: (0.3, 2.6, 2.6) 26
[18:36:20.652]: (0.3, 2.6, 2.6) 26
[18:36:20.668]: (0.3, 2.6, 2.6) 26
[18:36:20.684]: (0.3, 2.6, 2.6) 26
[18:36:20.767]: (-0.5, 2.2, 2.1) 41
[18:36:20.790]: (-0.5, 2.2, 2.1) 31
[18:36:20.812]: (-0.5, 2.1, 2.1) 31
[18:36:20.836]: (-0.5, 2.2, 2.1) 31
[18:36:20.856]: (-0.5, 2.2, 2.1) 31
[18:36:20.878]: (-0.5, 2.2, 2.1) 31
[18:36:20.901]: (-0.5, 2.1, 2.0) 42
[18:36:20.922]: (-0.5, 2.1, 2.0) 42
[18:36:20.945]: (-0.5, 2.2, 2.1) 41
[18:36:20.967]: (-0.6, 2.2, 2.1) 41
[18:36:20.989]: (-0.5, 2.2, 2.1) 41
[18:36:21.012]: (-0.5, 2.2, 2.1) 41
[18:36:21.035]: (-0.5, 2.2, 2.1) 41
[18:36:21.056]: (-0.5, 2.2, 2.1) 41
[18:36:21.145]: (0.4, 2.6, 2.5) 18
[18:36:21.167]: (0.4, 2.6, 2.5) 18
[18:36:21.183]: (0.4, 2.6, 2.5) 18
[18:36:21.200]: (0.4, 2.6, 2.5) 18
[18:36:21.218]: (0.4, 2.6, 2.5) 18
[18:36:21.234]: (0.4, 2.6, 2.5) 18
[18:36:21.250]: (0.4, 2.6, 2.5) 18
[18:36:21.266]: (0.4, 2.6, 2.5) 18
[18:36:21.282]: (0.4, 2.6, 2.5) 18
[18:36:21.298]: (0.4, 2.6, 2.5) 18
[18:36:21.315]: (0.4, 2.6, 2.5) 18
[18:36:21.331]: (0.4, 2.6, 2.5) 18
[18:36:21.347]: (0.4, 2.6, 2.5) 18
[18:36:21.363]: (0.4, 2.6, 2.5) 18
[18:36:21.379]: (0.4, 2.6, 2.5) 18
[18:36:21.395]: (0.4, 2.6, 2.5) 18
[18:36:21.427]: (0.4, 2.6, 2.5) 18
[18:36:21.443]: (0.4, 2.6, 2.5) 18
[18:36:21.506]: (-0.5, 2.2, 2.1) 41
[18:36:21.622]: (-0.8, 2.4, 2.7) 68
[18:36:21.667]: (-0.9, 2.4, 2.7) 68
[18:36:21.712]: (-0.9, 2.4, 2.7) 68
[18:36:21.755]: (-0.8, 2.4, 2.7) 68
[18:36:21.777]: (-0.9, 2.4, 2.7) 68
[18:36:21.800]: (-0.9, 2.4, 2.7) 68
[18:36:21.822]: (-0.9, 2.4, 2.7) 68
[18:36:21.844]: (-0.9, 2.4, 2.7) 68
[18:36:21.866]: (-0.9, 2.4, 2.7) 68
[18:36:21.889]: (-0.9, 2.4, 2.7) 68
[18:36:21.935]: (-0.9, 2.4, 2.7) 68
[18:36:21.978]: (-1.1, 2.5, 2.5) 67
[18:36:22.001]: (-1.1, 2.5, 2.5) 67
[18:36:22.061]: (-1.1, 2.5, 2.5) 67
[18:36:22.302]: (-1.4, 2.6, 2.8) 58
[18:36:22.320]: (-1.4, 2.7, 2.7) 70
[18:36:22.338]: (-1.4, 2.7, 2.8) 58
[18:36:22.356]: (-1.4, 2.7, 2.8) 58
[18:36:22.373]: (-1.4, 2.7, 2.8) 58
[18:36:22.391]: (-1.4, 2.7, 2.8) 58
[18:36:22.426]: (-1.4, 2.7, 2.8) 58
[18:36:22.442]: (-1.4, 2.7, 2.8) 58
[18:36:22.459]: (-1.4, 2.7, 2.8) 58
[18:36:22.476]: (-1.4, 2.7, 2.8) 58
[18:36:22.494]: (-1.4, 2.7, 2.8) 58
[18:36:22.512]: (-1.4, 2.7, 2.7) 70
[18:36:22.535]: (-1.4, 2.7, 2.7) 70
[18:36:22.844]: (-1.4, 2.6, 2.6) 72
[18:36:22.866]: (-0.6, 2.2, 2.1) 41
[18:36:22.890]: (-0.6, 2.1, 2.0) 42
[18:36:22.911]: (-0.6, 2.1, 2.0) 42
[18:36:22.933]: (-0.5, 2.1, 2.0) 42
[18:36:22.950]: (-0.5, 2.1, 2.0) 42
[18:36:22.967]: (-0.5, 2.1, 2.0) 42
[18:36:22.986]: (-0.5, 2.1, 2.0) 42
[18:36:23.005]: (-0.5, 2.1, 2.0) 42
[18:36:23.025]: (-0.6, 2.1, 2.0) 42
[18:36:23.043]: (-0.6, 2.1, 2.0) 42
[18:36:23.062]: (-0.6, 2.1, 2.0) 42
[18:36:23.084]: (-0.5, 2.1, 2.0) 42
[18:36:23.103]: (-0.6, 2.1, 2.0) 42
[18:36:23.120]: (-0.6, 2.2, 2.1) 41
[18:36:23.139]: (-0.6, 2.1, 2.0) 42
[18:36:23.158]: (-0.6, 2.1, 2.0) 42
[18:36:23.176]: (-0.6, 2.2, 2.1) 41
[18:36:23.197]: (-0.6, 2.2, 2.1) 41
[18:36:23.214]: (-0.6, 2.2, 2.1) 41
[18:36:23.231]: (-0.6, 2.2, 2.1) 41
[18:36:23.248]: (-0.6, 2.2, 2.1) 41
[18:36:23.263]: (-0.6, 2.2, 2.1) 41
[18:36:23.278]: (-0.6, 2.2, 2.1) 41
[18:36:23.295]: (-0.6, 2.2, 2.1) 41
[18:36:23.311]: (-0.6, 2.2, 2.1) 41
[18:36:23.327]: (-0.6, 2.2, 2.1) 41
[18:36:23.346]: (-0.6, 2.2, 2.1) 41
[18:36:23.362]: (-0.6, 2.2, 2.1) 41
[18:36:23.379]: (-0.6, 2.2, 2.1) 41
[18:36:23.396]: (-0.6, 2.2, 2.1) 41
[18:36:24.108]: (-0.8, 2.4, 2.7) 68
[18:36:24.125]: (-0.8, 2.4, 2.7) 68
[18:36:24.142]: (-0.8, 2.4, 2.7) 68
[18:36:24.158]: (-0.8, 2.4, 2.7) 68
[18:36:24.174]: (-0.8, 2.4, 2.7) 68
[18:36:24.191]: (-0.8, 2.4, 2.7) 68
[18:36:24.208]: (-0.8, 2.4, 2.7) 68
[18:36:24.224]: (-0.8, 2.4, 2.7) 68
[18:36:24.241]: (-0.8, 2.4, 2.7) 68
[18:36:24.466]: (-0.5, 2.1, 2.1) 32
[18:36:24.488]: (-0.4, 2.1, 2.1) 32
[18:36:24.509]: (-0.4, 2.2, 2.1) 32
[18:36:24.532]: (-0.4, 2.1, 2.1) 32
[18:36:24.554]: (-0.4, 2.1, 2.1) 32
[18:36:24.578]: (-0.4, 2.1, 2.1) 32
[18:36:24.598]: (-0.4, 2.1, 2.1) 32
[18:36:24.622]: (-0.4, 2.1, 2.1) 32
[18:36:24.643]: (-0.4, 2.1, 2.1) 32
[18:36:24.665]: (-0.4, 2.1, 2.1) 32
[18:36:24.688]: (0.0, 2.2, 2.2) 47
[18:36:24.732]: (0.6, 1.9, 1.8) 7
[18:36:24.756]: (0.6, 1.7, 1.7) 1
[18:36:24.777]: (0.7, 1.7, 1.7) 1
[18:36:24.799]: (0.7, 1.8, 1.7) 1
[18:36:24.816]: (0.7, 1.9, 1.7) 2
[18:36:24.837]: (0.7, 1.9, 1.8) 2
[18:36:24.854]: (0.8, 1.9, 1.8) 2
[18:36:24.904]: (-0.3, 2.0, 2.1) 34
[18:36:25.045]: (-0.2, 2.0, 2.1) 36
[18:36:25.091]: (0.5, 1.8, 1.7) 0
[18:36:25.124]: (0.8, 1.8, 1.7) 4
[18:36:25.157]: (0.7, 1.8, 1.7) 1
[18:36:25.173]: (0.7, 1.8, 1.7) 1
[18:36:25.189]: (0.7, 1.8, 1.7) 1
[18:36:25.205]: (0.7, 1.8, 1.7) 1
[18:36:25.222]: (0.6, 1.7, 1.6) 0
[18:36:25.255]: (-0.2, 2.0, 2.1) 36
[18:36:25.366]: (-0.3, 2.0, 2.1) 34
[18:36:25.387]: (-0.3, 2.0, 2.1) 34
[18:36:25.410]: (-0.3, 2.0, 2.0) 44
[18:36:25.498]: (0.9, 1.8, 1.7) 6
[18:36:25.521]: (0.8, 1.7, 1.6) 5
[18:36:25.544]: (0.9, 1.8, 1.7) 6
[18:36:25.565]: (0.9, 1.8, 1.7) 6
[18:36:25.587]: (0.8, 1.7, 1.6) 5
[18:36:25.610]: (0.8, 1.7, 1.6) 3
[18:36:25.632]: (0.7, 1.7, 1.6) 3
[18:36:25.670]: (0.7, 1.7, 1.7) 1
[18:36:25.686]: (0.7, 1.8, 1.7) 1
[18:36:25.703]: (0.7, 1.8, 1.7) 1
[18:36:25.718]: (0.7, 1.7, 1.7) 1
[18:36:25.734]: (0.7, 1.7, 1.7) 1
[18:36:25.766]: (0.8, 1.7, 1.6) 5
[18:36:25.782]: (0.9, 1.7, 1.6) 5
[18:36:25.798]: (0.9, 1.8, 1.7) 6
[18:36:25.814]: (0.8, 1.7, 1.6) 5
[18:36:25.830]: (0.9, 1.8, 1.7) 6
[18:36:25.847]: (0.9, 1.8, 1.7) 6
[18:36:25.878]: (0.9, 1.8, 1.7) 6
[18:36:26.187]: (0.7, 1.8, 1.7) 1
[18:36:26.209]: (0.7, 1.8, 1.7) 1
[18:36:26.232]: (0.7, 1.8, 1.7) 1
[18:36:26.254]: (0.7, 1.8, 1.7) 1
[18:36:26.277]: (0.7, 1.8, 1.7) 1
[18:36:26.301]: (0.7, 1.8, 1.7) 1
[18:36:26.320]: (0.7, 1.8, 1.7) 1
[18:36:26.454]: (0.7, 1.7, 1.7) 1
[18:36:26.477]: (0.7, 1.7, 1.7) 1
[18:36:26.499]: (0.7, 1.8, 1.8) 7
[18:36:26.521]: (0.7, 1.7, 1.7) 1
[18:36:26.544]: (0.6, 1.8, 1.7) 1
[18:36:26.562]: (0.6, 1.7, 1.7) 0
[18:36:26.579]: (0.6, 1.7, 1.6) 0
[18:36:26.596]: (0.7, 1.8, 1.8) 7
[18:36:26.614]: (0.6, 1.8, 1.7) 0
[18:36:26.630]: (0.6, 1.8, 1.7) 0
[18:36:26.661]: (0.6, 1.8, 1.7) 0
[18:36:26.679]: (0.6, 1.7, 1.6) 0
[18:36:26.696]: (0.6, 1.8, 1.6) 0
[18:36:26.727]: (0.6, 1.7, 1.6) 0
[18:36:26.744]: (0.6, 1.7, 1.6) 0
[18:36:26.761]: (0.6, 1.8, 1.8) 7
[18:36:26.778]: (0.6, 1.8, 1.6) 0
[18:36:26.795]: (0.6, 1.8, 1.7) 0
[18:36:26.811]: (0.6, 1.8, 1.7) 0
[18:36:26.873]: (0.6, 2.8, 2.6) 21
[18:36:26.893]: (0.5, 2.6, 2.4) 20
[18:36:26.911]: (0.5, 2.6, 2.4) 20
[18:36:26.928]: (0.5, 2.6, 2.4) 20
[18:36:26.944]: (0.5, 2.6, 2.4) 20
[18:36:27.043]: (0.6, 2.7, 2.6) 21
[18:36:27.065]: (0.5, 2.6, 2.5) 12
[18:36:27.110]: (0.5, 2.6, 2.5) 12
[18:36:27.132]: (0.5, 2.6, 2.5) 12
[18:36:27.155]: (0.6, 2.6, 2.5) 12
[18:36:27.175]: (0.6, 2.6, 2.4) 12
[18:36:27.198]: (0.5, 2.6, 2.4) 20
[18:36:27.221]: (0.5, 2.8, 2.6) 19
[18:36:27.242]: (0.5, 2.8, 2.6) 19
[18:36:27.264]: (0.5, 2.8, 2.6) 19
[18:36:27.286]: (0.5, 2.8, 2.6) 19
[18:36:27.309]: (0.5, 2.8, 2.6) 19
[18:36:27.332]: (0.5, 2.8, 2.6) 19
[18:36:27.353]: (0.5, 2.8, 2.6) 19
[18:36:27.376]: (0.5, 2.8, 2.6) 19
[18:36:27.397]: (0.5, 2.8, 2.6) 19
[18:36:27.421]: (0.5, 2.8, 2.6) 19
[18:36:27.439]: (0.5, 2.8, 2.6) 19
[18:36:27.486]: (0.7, 1.7, 1.7) 1
[18:36:27.501]: (0.7, 1.7, 1.7) 1
[18:36:27.517]: (0.7, 1.7, 1.7) 1
[18:36:27.533]: (0.7, 1.7, 1.7) 1
[18:36:27.549]: (0.7, 1.8, 1.7) 1
[18:36:27.565]: (0.7, 1.8, 1.7) 1
[18:36:27.582]: (0.7, 1.8, 1.7) 1
[18:36:27.598]: (0.7, 1.8, 1.7) 1
[18:36:27.614]: (0.7, 1.8, 1.7) 1
[18:36:27.631]: (0.7, 1.8, 1.7) 1
[18:36:27.648]: (0.7, 1.8, 1.7) 1
[18:36:27.664]: (0.7, 1.8, 1.7) 1
[18:36:27.681]: (0.7, 1.8, 1.7) 1
[18:36:27.698]: (0.7, 1.8, 1.7) 1
[18:36:27.716]: (0.7, 1.8, 1.7) 1
[18:36:27.733]: (0.7, 1.7, 1.7) 1
[18:36:27.750]: (0.7, 1.7, 1.7) 1
[18:36:27.768]: (0.7, 1.7, 1.7) 1
[18:36:27.784]: (0.7, 1.7, 1.7) 1
[18:36:27.800]: (0.7, 1.7, 1.7) 1
[18:36:27.816]: (0.7, 1.7, 1.7) 1
[18:36:27.833]: (0.7, 1.8, 1.7) 1
[18:36:27.853]: (0.7, 1.7, 1.7) 1
[18:36:27.875]: (0.7, 1.7, 1.7) 1
[18:36:27.898]: (0.7, 1.8, 1.7) 1
[18:36:27.920]: (0.7, 1.8, 1.7) 1
[18:36:27.943]: (0.7, 1.8, 1.7) 1
[18:36:27.965]: (0.7, 1.8, 1.7) 1
[18:36:27.987]: (0.6, 1.8, 1.7) 1
[18:36:28.011]: (0.6, 1.7, 1.6) 0
[18:36:28.031]: (0.6, 1.7, 1.6) 0
[18:36:28.054]: (0.6, 1.7, 1.7) 0
[18:36:28.078]: (0.6, 1.7, 1.7) 0
[18:36:28.097]: (0.6, 1.7, 1.7) 0
[18:36:28.121]: (0.6, 1.7, 1.6) 0
[18:36:28.143]: (0.6, 1.7, 1.6) 0
[18:36:28.164]: (0.6, 1.7, 1.6) 0
[18:36:28.186]: (0.6, 1.7, 1.6) 0
[18:36:28.210]: (0.6, 1.7, 1.6) 0
[18:36:28.231]: (0.6, 1.7, 1.6) 0
[18:36:28.253]: (0.6, 1.7, 1.6) 0
[18:36:28.277]: (0.6, 1.7, 1.6) 0
[18:36:28.297]: (0.6, 1.7, 1.6) 0
[18:36:28.319]: (0.6, 1.7, 1.6) 0
[18:36:28.339]: (0.6, 1.7, 1.7) 0
[18:36:28.354]: (0.6, 1.7, 1.7) 0
[18:36:28.371]: (0.6, 1.7, 1.7) 0
[18:36:28.708]: (0.6, 1.8, 1.7) 1
[18:36:28.730]: (0.7, 1.8, 1.7) 1
[18:36:28.753]: (0.7, 1.8, 1.7) 1
[18:36:28.776]: (0.7, 1.8, 1.7) 1
[18:36:28.798]: (0.7, 1.8, 1.7) 1
[18:36:28.819]: (0.7, 1.8, 1.7) 1
[18:36:28.842]: (0.7, 1.7, 1.7) 1
[18:36:28.865]: (0.7, 1.7, 1.7) 1
[18:36:28.886]: (0.7, 1.7, 1.7) 1
[18:36:28.909]: (0.7, 1.7, 1.7) 1
[18:36:28.930]: (0.7, 1.7, 1.7) 1
[18:36:28.952]: (0.7, 1.7, 1.7) 1
[18:36:28.975]: (0.7, 1.7, 1.7) 1
[18:36:28.998]: (0.7, 1.7, 1.7) 1
[18:36:29.022]: (0.7, 1.8, 1.7) 1
[18:36:29.042]: (0.7, 1.8, 1.7) 1
[18:36:29.065]: (0.7, 1.8, 1.7) 1
[18:36:29.086]: (0.7, 1.8, 1.7) 1
[18:36:29.109]: (0.7, 1.7, 1.7) 1
[18:36:29.130]: (0.5, 1.7, 1.6) 0
[18:36:29.153]: (0.5, 1.7, 1.6) 0
[18:36:29.176]: (0.5, 1.7, 1.6) 0
[18:36:29.197]: (0.5, 1.7, 1.6) 0
[18:36:29.215]: (0.5, 1.7, 1.6) 0
[18:36:29.231]: (0.5, 1.7, 1.6) 0
[18:36:29.247]: (0.5, 1.7, 1.6) 0
[18:36:29.265]: (0.5, 1.7, 1.6) 0
[18:36:29.282]: (0.5, 1.7, 1.6) 0
[18:36:29.298]: (0.5, 1.7, 1.6) 0
[18:36:29.313]: (0.5, 1.7, 1.7) 0
[18:36:29.329]: (0.5, 1.7, 1.7) 0
[18:36:29.345]: (0.5, 1.7, 1.6) 0
[18:36:29.361]: (0.5, 1.7, 1.6) 0
[18:36:29.378]: (0.5, 1.7, 1.6) 0
[18:36:29.395]: (0.5, 1.7, 1.6) 0
[18:36:29.410]: (0.5, 1.7, 1.7) 0
[18:36:29.426]: (0.5, 1.7, 1.7) 0
[18:36:29.535]: (-0.1, 2.3, 2.3) 45
[18:36:29.567]: (-0.3, 2.0, 2.1) 34
[18:36:29.583]: (-0.5, 2.1, 2.0) 42
[18:36:29.597]: (-0.5, 2.1, 2.0) 42
[18:36:29.613]: (-0.5, 2.1, 2.3) 38
[18:36:29.630]: (-0.4, 2.2, 2.1) 32
[18:36:29.741]: (-0.5, 2.2, 2.1) 32
[18:36:29.764]: (-0.5, 2.1, 2.3) 30
[18:36:29.875]: (-0.5, 2.0, 2.0) 42
[18:36:29.897]: (-0.2, 2.0, 2.1) 36
[18:36:29.919]: (-0.4, 2.1, 2.1) 32
[18:36:29.942]: (-0.4, 2.1, 2.1) 32
[18:36:29.964]: (-0.4, 2.1, 2.1) 32
[18:36:29.985]: (-0.5, 2.1, 2.1) 32
[18:36:30.009]: (-0.5, 2.1, 2.1) 32
[18:36:30.076]: (-0.9, 2.4, 2.7) 68
[18:36:30.094]: (-0.9, 2.4, 2.7) 68
[18:36:30.111]: (-0.6, 2.2, 2.1) 41
[18:36:30.222]: (-0.7, 2.7, 2.7) 52
[18:36:30.253]: (-0.8, 2.5, 2.5) 69
[18:36:30.269]: (-0.9, 2.7, 2.8) 48
[18:36:30.285]: (-0.9, 2.7, 2.7) 50
[18:36:30.301]: (-0.9, 2.7, 2.7) 50
[18:36:30.316]: (-1.1, 2.8, 3.0) 73
[18:36:30.333]: (-1.0, 2.6, 2.8) 55
[18:36:30.349]: (-0.8, 2.5, 2.5) 69
[18:36:30.365]: (-0.8, 2.8, 2.9) 49
[18:36:30.382]: (-0.9, 2.6, 2.7) 50
[18:36:30.397]: (-0.8, 2.7, 2.7) 50
[18:36:30.429]: (-0.3, 2.2, 2.2) 33
[18:36:30.497]: (0.5, 1.8, 1.7) 0
[18:36:30.519]: (0.5, 1.8, 1.7) 0
[18:36:30.541]: (0.5, 1.8, 1.7) 0
[18:36:30.586]: (0.6, 1.8, 1.9) 7
[18:36:30.608]: (0.5, 1.8, 1.7) 0
[18:36:30.653]: (0.6, 1.9, 1.8) 7
[18:36:30.675]: (0.6, 1.8, 1.8) 7
[18:36:30.696]: (0.6, 1.9, 1.8) 7
[18:36:30.719]: (0.6, 1.9, 1.8) 7
[18:36:30.742]: (0.6, 1.9, 1.8) 7
[18:36:30.807]: (0.6, 1.9, 1.8) 7
[18:36:30.875]: (0.7, 1.8, 1.7) 1
[18:36:30.896]: (0.7, 1.7, 1.7) 1
[18:36:30.919]: (0.7, 1.8, 1.7) 1
[18:36:30.942]: (0.7, 1.8, 1.7) 1
[18:36:30.963]: (0.7, 1.8, 1.7) 1
[18:36:30.979]: (0.7, 1.8, 1.7) 1
[18:36:30.995]: (0.7, 1.8, 1.7) 1
[18:36:31.011]: (0.7, 1.8, 1.7) 1
[18:36:31.029]: (0.7, 1.8, 1.7) 1
[18:36:31.046]: (0.7, 1.8, 1.7) 1
[18:36:31.062]: (0.7, 1.8, 1.7) 1
[18:36:31.080]: (0.7, 1.8, 1.7) 1
[18:36:31.096]: (0.7, 1.8, 1.7) 1
[18:36:31.112]: (0.6, 1.8, 1.7) 1
[18:36:31.128]: (0.6, 1.8, 1.7) 1
[18:36:31.145]: (0.6, 1.8, 1.7) 1
[18:36:31.161]: (0.6, 1.8, 1.7) 1
[18:36:31.177]: (0.7, 1.8, 1.7) 1
[18:36:31.193]: (0.7, 1.8, 1.7) 1
[18:36:31.210]: (0.6, 1.8, 1.7) 1
[18:36:31.245]: (0.5, 1.8, 1.7) 0
[18:36:31.261]: (0.5, 1.8, 1.7) 0
[18:36:31.278]: (0.5, 1.8, 1.7) 0
[18:36:31.295]: (0.5, 1.8, 1.7) 0
[18:36:31.310]: (0.5, 1.8, 1.7) 0
[18:36:31.326]: (0.5, 1.8, 1.7) 0
[18:36:31.342]: (0.5, 1.8, 1.7) 0
[18:36:31.359]: (0.5, 1.8, 1.7) 0
[18:36:31.390]: (0.5, 1.8, 1.7) 0
[18:36:31.441]: (0.6, 1.8, 1.9) 7
[18:36:31.464]: (0.6, 1.8, 1.8) 7
[18:36:31.487]: (0.6, 1.8, 1.7) 0
[18:36:31.509]: (0.7, 1.8, 1.7) 1
[18:36:31.529]: (0.7, 1.8, 1.7) 1
[18:36:31.553]: (0.7, 1.8, 1.7) 1
[18:36:31.575]: (0.7, 1.7, 1.7) 1
[18:36:31.596]: (0.7, 1.7, 1.7) 1
[18:36:31.619]: (0.7, 1.8, 1.7) 1
[18:36:31.642]: (0.7, 1.8, 1.7) 1
[18:36:31.662]: (0.7, 1.8, 1.7) 1
[18:36:31.685]: (0.7, 1.8, 1.7) 1
[18:36:31.707]: (0.7, 1.8, 1.7) 1
[18:36:31.730]: (0.7, 1.8, 1.7) 1
[18:36:31.752]: (0.7, 1.8, 1.8) 7
[18:36:32.180]: (0.6, 1.7, 1.6) 0
[18:36:32.198]: (0.6, 1.7, 1.6) 0
[18:36:32.214]: (0.6, 1.8, 1.7) 1
[18:36:32.230]: (0.6, 1.8, 1.7) 1
[18:36:32.248]: (0.6, 1.8, 1.7) 1
[18:36:32.265]: (0.6, 1.8, 1.7) 1
[18:36:32.281]: (0.7, 1.8, 1.7) 1
[18:36:32.297]: (0.7, 1.8, 1.7) 1
[18:36:32.318]: (0.7, 1.8, 1.7) 1
[18:36:32.341]: (0.7, 1.8, 1.7) 1
[18:36:32.363]: (0.7, 1.8, 1.7) 1
[18:36:32.386]: (0.7, 1.8, 1.7) 1
[18:36:32.407]: (0.7, 1.8, 1.7) 1
[18:36:32.430]: (0.6, 1.8, 1.7) 1
[18:36:32.451]: (0.7, 1.8, 1.8) 2
[18:36:32.475]: (0.5, 1.7, 1.7) 0
[18:36:32.495]: (0.5, 1.7, 1.7) 0
[18:36:32.520]: (0.5, 1.7, 1.7) 0
[18:36:32.542]: (0.5, 1.8, 1.7) 0
[18:36:32.562]: (0.5, 1.8, 1.7) 0
[18:36:32.585]: (0.5, 1.8, 1.7) 0
[18:36:32.607]: (0.5, 1.8, 1.7) 0
[18:36:32.629]: (0.5, 1.8, 1.7) 0
[18:36:32.653]: (0.5, 1.8, 1.7) 0
[18:36:32.673]: (0.5, 1.8, 1.7) 0
[18:36:32.697]: (0.5, 1.7, 1.7) 0
[18:36:32.730]: (0.5, 1.8, 1.7) 0
[18:36:32.749]: (0.5, 1.8, 1.7) 0
[18:36:32.766]: (0.5, 1.8, 1.7) 0
[18:36:32.781]: (0.5, 1.8, 1.7) 0
[18:36:32.860]: (0.6, 1.8, 1.9) 7
[18:36:32.953]: (0.5, 1.8, 1.7) 0
[18:36:32.969]: (0.5, 1.8, 1.7) 0
[18:36:32.986]: (0.5, 1.8, 1.7) 0
[18:36:33.004]: (0.6, 1.8, 1.8) 7
[18:36:33.019]: (0.6, 1.8, 1.8) 7
[18:36:33.036]: (0.7, 1.8, 1.8) 7
[18:36:33.052]: (0.7, 1.8, 1.8) 7
[18:36:33.087]: (0.7, 1.8, 1.8) 7
[18:36:33.102]: (0.7, 1.8, 1.8) 7
[18:36:33.135]: (0.7, 1.8, 1.8) 7
[18:36:33.173]: (0.7, 1.8, 1.8) 7
[18:36:33.195]: (0.6, 1.8, 1.8) 7
[18:36:33.218]: (0.7, 1.8, 1.8) 7
[18:36:33.241]: (0.6, 1.8, 1.8) 7
[18:36:33.262]: (0.7, 1.8, 1.8) 7
[18:36:33.651]: (0.6, 1.9, 1.8) 7
[18:36:33.667]: (0.6, 1.8, 1.8) 7
[18:36:33.684]: (0.6, 1.8, 1.8) 7
[18:36:33.700]: (0.7, 1.9, 1.8) 7
[18:36:33.716]: (0.7, 1.9, 1.8) 7
[18:36:33.731]: (0.6, 1.9, 1.8) 7
[18:36:33.749]: (0.6, 1.9, 1.8) 7
[18:36:33.764]: (0.6, 1.9, 1.8) 7
[18:36:33.782]: (0.6, 1.9, 1.8) 7
[18:36:33.797]: (0.6, 1.8, 1.8) 7
[18:36:33.814]: (0.6, 1.8, 1.8) 7
[18:36:33.829]: (0.6, 1.8, 1.8) 7
[18:36:33.845]: (0.6, 1.8, 1.8) 7
[18:36:33.860]: (0.6, 1.8, 1.8) 7
[18:36:33.877]: (0.6, 1.8, 1.8) 7
[18:36:33.893]: (0.6, 1.8, 1.8) 7
[18:36:34.510]: (-1.0, 2.6, 2.9) 55
[18:36:34.543]: (-0.9, 2.4, 2.7) 68
[18:36:34.577]: (-0.9, 2.6, 2.7) 50
[18:36:34.609]: (-0.9, 2.5, 2.7) 68
[18:36:34.642]: (-1.0, 2.5, 2.6) 57
[18:36:34.781]: (-1.3, 2.5, 2.6) 72
[18:36:35.041]: (-1.2, 2.5, 2.7) 60
[18:36:35.061]: (-1.0, 2.6, 2.6) 56
[18:36:35.085]: (-1.1, 2.9, 3.0) 73
[18:36:35.261]: (-1.0, 2.7, 2.8) 55
[18:36:35.328]: (-1.0, 2.7, 2.8) 55
[18:36:35.351]: (-1.0, 2.6, 2.6) 56
[18:36:35.368]: (-1.1, 2.8, 3.0) 73
[18:36:35.613]: (-1.4, 2.8, 2.9) 71
[18:36:35.628]: (-1.4, 2.8, 2.9) 71
[18:36:35.646]: (-1.4, 2.8, 2.9) 71
[18:36:35.662]: (-1.4, 2.8, 2.9) 71
[18:36:35.680]: (-1.4, 2.8, 2.9) 71
[18:36:35.696]: (-1.4, 2.8, 2.9) 71
[18:36:35.712]: (-1.4, 2.8, 2.9) 71
[18:36:35.729]: (-1.4, 2.8, 2.9) 71
[18:36:35.850]: (-1.4, 2.8, 2.9) 71
[18:36:35.918]: (-1.4, 2.8, 2.9) 71
[18:36:36.142]: (-1.4, 2.8, 2.9) 71
[18:36:36.441]: (-1.4, 2.8, 2.9) 71
[18:36:36.458]: (-1.4, 2.9, 2.9) 71
[18:36:36.476]: (-1.4, 2.8, 2.9) 71
[18:36:36.494]: (-1.4, 2.8, 2.9) 71
[18:36:36.783]: (0.6, 1.9, 1.8) 7
[18:36:37.050]: (0.8, 1.6, 1.6) 3
[18:36:37.076]: (0.7, 1.7, 1.6) 3
[18:36:37.095]: (0.7, 1.7, 1.6) 3
[18:36:37.150]: (0.6, 1.8, 1.7) 1
[18:36:37.165]: (0.7, 1.8, 1.7) 1
[18:36:37.181]: (0.7, 1.8, 1.7) 1
[18:36:37.196]: (0.7, 1.7, 1.7) 1
[18:36:37.217]: (0.7, 1.7, 1.7) 1
