[18:13:06.949]: (-2.7, -0.6, 0.0) 7
[18:13:06.981]: (-2.7, -0.6, -0.1) 7
[18:13:07.306]: (-2.7, -0.8, 0.0) 6
[18:13:07.350]: (-2.7, -0.6, -0.1) 7
[18:13:07.483]: (-2.7, -0.8, 0.0) 6
[18:13:07.528]: (-2.7, -0.7, -0.1) 6
[18:13:07.563]: (-2.9, -0.8, 0.0) 8
[18:13:07.594]: (-2.9, -0.8, 0.0) 8
[18:13:07.623]: (-2.7, -0.6, 0.0) 7
[18:13:08.219]: (-3.1, 0.4, 0.4) 0
[18:13:08.423]: (-1.6, 0.9, 0.5) 13
[18:13:08.486]: (-1.2, 1.1, 0.5) 12
[18:13:08.663]: (-1.0, 1.3, 0.9) 10
[18:13:08.704]: (-1.3, 1.4, 2.3) 1
[18:13:08.723]: (-0.7, 1.3, 1.0) 10
[18:13:08.782]: (-0.6, 1.4, 1.0) 10
[18:13:09.005]: (-0.1, 1.4, 1.9) 18
[18:13:09.047]: (-0.2, 1.6, 1.9) 16
[18:13:09.087]: (-0.1, 1.3, 1.1) 12
[18:13:09.146]: (0.0, 1.3, 1.2) 11
[18:13:09.611]: (-1.2, 2.4, 2.1) 5
[18:13:09.631]: (-1.4, 2.6, 2.3) 4
[18:13:09.650]: (-1.2, 2.5, 1.9) 9
[18:13:09.770]: (-1.3, 2.4, 2.1) 5
[18:13:09.794]: (-1.2, 2.4, 2.1) 5
[18:13:09.818]: (-1.2, 2.5, 2.1) 5
[18:13:10.925]: (0.1, 2.3, 2.2) 25
[18:13:11.042]: (0.1, 2.6, 2.9) 31
[18:13:11.063]: (0.1, 2.6, 2.9) 31
[18:13:11.081]: (0.1, 2.6, 2.9) 31
[18:13:11.103]: (0.1, 2.6, 2.9) 31
[18:13:11.127]: (0.1, 2.6, 2.9) 31
[18:13:11.148]: (0.0, 2.6, 2.9) 31
[18:13:11.171]: (0.1, 2.7, 2.9) 31
[18:13:11.259]: (0.1, 2.6, 2.9) 31
[18:13:11.283]: (0.1, 2.6, 2.9) 31
[18:13:11.304]: (0.1, 2.6, 2.9) 31
[18:13:11.325]: (0.1, 2.6, 2.9) 31
[18:13:11.349]: (0.0, 2.7, 2.9) 31
[18:13:11.368]: (0.1, 2.7, 2.9) 31
[18:13:11.815]: (0.3, 2.4, 2.6) 27
[18:13:12.292]: (0.4, 1.7, 1.5) 16
[18:13:12.314]: (0.4, 1.8, 1.5) 16
[18:13:12.337]: (0.4, 1.7, 1.5) 16
[18:13:12.353]: (0.4, 1.7, 1.5) 14
[18:13:12.373]: (0.4, 1.8, 1.5) 14
[18:13:12.390]: (0.4, 1.8, 1.5) 14
[18:13:12.408]: (0.4, 1.8, 1.5) 15
[18:13:12.441]: (0.3, 1.8, 1.5) 18
[18:13:12.578]: (0.1, 1.6, 0.9) 13
[18:13:12.642]: (0.1, 1.6, 0.9) 13
[18:13:12.662]: (0.1, 1.6, 0.8) 11
[18:13:12.682]: (0.1, 1.6, 0.8) 11
[18:13:12.702]: (0.1, 1.6, 0.8) 11
[18:13:12.722]: (0.1, 1.6, 0.8) 11
[18:13:12.743]: (0.1, 1.6, 0.8) 11
[18:13:12.763]: (0.0, 1.6, 0.8) 11
[18:13:12.805]: (0.1, 1.6, 0.9) 11
[18:13:12.825]: (0.1, 1.5, 0.7) 12
[18:13:13.126]: (-1.3, 1.2, 2.2) 7
[18:13:13.331]: (-1.3, 1.5, 2.3) 5
[18:13:14.762]: (-0.4, 2.4, 2.8) 27
[18:13:14.784]: (-0.4, 2.4, 2.9) 27
[18:13:14.808]: (-0.4, 2.3, 2.8) 28
[18:13:14.828]: (-0.4, 2.3, 2.8) 28
[18:13:14.874]: (-0.4, 2.2, 2.4) 25
[18:13:14.901]: (-0.4, 2.2, 2.5) 25
[18:13:16.295]: (-1.3, 1.0, 2.6) 7
[18:13:16.488]: (-0.5, 1.7, 2.8) 25
[18:13:16.680]: (-0.5, 2.0, 3.5) 31
[18:13:19.300]: (-1.4, 0.8, 2.6) 6
[18:13:19.346]: (-1.6, 0.7, 2.4) 7
[18:13:19.623]: (-1.6, 0.9, 2.7) 8
[18:13:19.800]: (-0.7, 1.3, 2.8) 25
[18:13:19.823]: (-0.6, 1.3, 2.8) 25
[18:13:19.867]: (-0.7, 1.3, 2.8) 22
[18:13:19.890]: (-0.7, 1.3, 3.1) 26
[18:13:19.907]: (-0.7, 1.3, 2.8) 22
[18:13:19.922]: (-0.8, 1.2, 2.7) 23
[18:13:19.937]: (-0.7, 1.3, 2.8) 22
[18:13:19.952]: (-0.7, 1.3, 2.7) 23
[18:13:19.969]: (-0.7, 1.3, 2.8) 22
[18:13:19.987]: (-0.7, 1.3, 2.8) 22
[18:13:20.006]: (-0.7, 1.3, 2.8) 22
[18:13:20.043]: (-0.6, 1.3, 2.8) 25
[18:13:20.059]: (-0.7, 1.3, 2.8) 22
[18:13:20.091]: (-0.6, 1.5, 3.6) 31
[18:13:20.107]: (-0.6, 1.6, 3.5) 31
[18:13:20.140]: (-0.5, 1.5, 3.3) 28
[18:13:20.188]: (-0.6, 1.6, 3.6) 31
[18:13:20.235]: (-0.4, 1.6, 3.3) 27
[18:13:20.252]: (-0.4, 1.6, 3.3) 27
[18:13:20.268]: (-0.3, 1.7, 3.3) 27
[18:13:20.283]: (-0.3, 1.7, 3.3) 29
[18:13:20.301]: (-0.3, 1.7, 3.3) 29
[18:13:20.501]: (0.1, 1.4, 2.1) 16
[18:13:20.522]: (0.0, 1.3, 2.1) 16
[18:13:20.544]: (0.0, 1.3, 2.1) 16
[18:13:20.566]: (0.0, 1.3, 2.1) 16
[18:13:20.588]: (0.0, 1.3, 2.1) 16
[18:13:20.612]: (0.0, 1.3, 2.1) 16
[18:13:20.633]: (0.0, 1.3, 2.1) 16
[18:13:20.657]: (0.0, 1.4, 2.1) 16
[18:13:20.679]: (0.0, 1.4, 2.1) 16
[18:13:20.700]: (0.1, 1.4, 2.1) 14
[18:13:20.722]: (0.1, 1.4, 2.1) 14
[18:13:20.745]: (0.1, 1.4, 2.1) 14
[18:13:20.767]: (0.1, 1.4, 2.1) 14
[18:13:20.790]: (0.1, 1.4, 2.1) 14
[18:13:20.805]: (0.1, 1.4, 2.1) 14
[18:13:20.823]: (0.1, 1.4, 2.2) 14
[18:13:20.839]: (0.1, 1.4, 2.1) 14
[18:13:20.870]: (0.0, 1.1, 1.4) 11
[18:13:20.888]: (0.0, 1.1, 1.4) 11
[18:13:20.903]: (0.0, 1.1, 1.4) 11
[18:13:20.921]: (0.0, 1.1, 1.4) 11
[18:13:20.936]: (0.0, 1.1, 1.4) 11
[18:13:20.952]: (0.0, 1.1, 1.4) 11
[18:13:20.967]: (0.0, 1.1, 1.4) 11
[18:13:20.998]: (0.0, 1.2, 1.5) 11
[18:13:21.149]: (0.0, 1.1, 1.4) 11
[18:13:21.234]: (0.9, 1.9, 2.4) 0
[18:13:21.257]: (0.9, 1.9, 2.5) 0
[18:13:21.300]: (0.9, 1.8, 2.3) 1
[18:13:21.344]: (0.9, 2.0, 2.5) 2
[18:13:22.999]: (-1.5, 0.9, 2.9) 4
[18:13:23.222]: (-1.5, 0.8, 2.6) 6
[18:13:23.243]: (-1.6, 0.8, 2.6) 8
[18:13:23.265]: (-1.6, 0.8, 2.6) 8
[18:13:24.176]: (-1.6, 0.7, 2.5) 7
[18:13:24.268]: (-1.5, 0.7, 2.5) 7
[18:13:24.285]: (-1.5, 0.7, 2.5) 7
[18:13:24.301]: (-1.5, 0.7, 2.5) 7
[18:13:24.318]: (-1.5, 0.7, 2.4) 7
[18:13:24.335]: (-1.5, 0.7, 2.4) 7
[18:13:24.351]: (-1.5, 0.7, 2.4) 7
[18:13:24.366]: (-1.5, 0.7, 2.4) 7
[18:13:24.381]: (-1.6, 0.7, 2.5) 7
[18:13:24.413]: (-1.6, 0.7, 2.5) 7
[18:13:24.429]: (-1.6, 0.7, 2.4) 7
[18:13:24.687]: (0.1, 1.5, 2.1) 14
[18:13:24.709]: (0.2, 1.5, 1.9) 20
[18:13:24.843]: (0.0, 1.5, 2.3) 21
[18:13:24.887]: (-0.5, 1.5, 3.3) 28
[18:13:25.102]: (-0.8, 1.4, 3.1) 26
[18:13:25.286]: (-0.5, 1.5, 3.3) 28
[18:13:25.302]: (-0.5, 1.5, 3.3) 28
[18:13:25.318]: (-0.5, 1.5, 3.3) 28
[18:13:25.334]: (-0.5, 1.5, 3.3) 28
[18:13:25.350]: (-0.5, 1.6, 3.3) 28
[18:13:25.776]: (-0.6, 1.3, 2.8) 25
[18:13:25.932]: (-0.4, 1.6, 3.3) 27
[18:13:25.953]: (-0.4, 1.6, 3.3) 27
[18:13:25.987]: (-0.4, 1.6, 3.3) 27
[18:13:26.003]: (-0.4, 1.6, 3.3) 27
[18:13:26.019]: (-0.4, 1.6, 3.3) 27
[18:13:26.034]: (-0.4, 1.6, 3.3) 27
[18:13:26.051]: (-0.4, 1.6, 3.3) 27
[18:13:26.067]: (-0.4, 1.6, 3.3) 27
[18:13:26.084]: (-0.4, 1.6, 3.3) 27
[18:13:26.117]: (-0.4, 1.6, 3.3) 27
[18:13:26.133]: (-0.4, 1.6, 3.3) 27
[18:13:26.149]: (-0.4, 1.6, 3.3) 27
[18:13:26.165]: (-0.4, 1.6, 3.3) 27
[18:13:26.181]: (-0.4, 1.6, 3.3) 27
[18:13:26.196]: (-0.3, 1.6, 3.3) 27
[18:13:26.213]: (-0.4, 1.6, 3.3) 27
[18:13:26.229]: (-0.4, 1.6, 3.3) 27
[18:13:26.731]: (-0.4, 1.7, 3.3) 27
[18:13:27.043]: (-0.6, 1.6, 3.6) 31
[18:13:28.734]: (-0.6, 1.5, 3.5) 31
[18:13:28.751]: (-0.6, 1.6, 3.6) 31
[18:13:28.767]: (-0.6, 1.6, 3.6) 31
[18:13:28.784]: (-0.6, 1.6, 3.5) 31
[18:13:28.801]: (-0.6, 1.6, 3.5) 31
[18:13:28.819]: (-0.6, 1.6, 3.6) 31
[18:13:28.835]: (-0.6, 1.6, 3.6) 31
[18:13:28.851]: (-0.6, 1.6, 3.6) 31
[18:13:28.883]: (-0.6, 1.6, 3.6) 31
[18:13:28.899]: (-0.6, 1.6, 3.6) 31
[18:13:28.915]: (-0.6, 1.6, 3.6) 31
[18:13:28.930]: (-0.6, 1.6, 3.6) 31
[18:13:28.952]: (-0.6, 1.6, 3.6) 31
[18:13:28.974]: (-0.6, 1.6, 3.6) 31
[18:13:29.019]: (-0.6, 1.6, 3.6) 31
[18:13:29.898]: (0.0, 1.5, 2.3) 21
[18:13:30.074]: (0.0, 1.5, 2.4) 21
[18:13:30.097]: (0.0, 1.5, 2.4) 21
[18:13:30.119]: (0.0, 1.5, 2.4) 21
[18:13:30.141]: (0.0, 1.5, 2.3) 21
[18:13:30.162]: (0.0, 1.5, 2.3) 21
[18:13:30.439]: (0.0, 1.4, 2.1) 16
[18:13:30.470]: (0.0, 1.4, 2.3) 21
[18:13:30.487]: (0.0, 1.5, 2.3) 21
[18:13:30.505]: (0.0, 1.5, 2.3) 21
[18:13:30.524]: (0.0, 1.4, 2.3) 21
[18:13:30.541]: (0.0, 1.4, 2.3) 21
[18:13:30.556]: (0.0, 1.4, 2.3) 21
[18:13:30.571]: (0.0, 1.4, 2.3) 21
[18:13:30.587]: (0.0, 1.4, 2.3) 21
[18:13:30.602]: (0.0, 1.4, 2.3) 21
[18:13:30.617]: (0.0, 1.4, 2.1) 16
[18:13:30.634]: (0.0, 1.4, 2.1) 16
[18:13:30.650]: (0.0, 1.4, 2.1) 16
[18:13:30.666]: (0.0, 1.4, 2.3) 21
[18:13:30.681]: (0.0, 1.4, 2.1) 16
[18:13:30.696]: (0.0, 1.4, 2.1) 16
[18:13:30.785]: (-0.9, 1.3, 3.0) 24
[18:13:31.333]: (-1.4, 1.0, 2.9) 4
[18:13:31.449]: (-0.7, 1.3, 2.8) 22
[18:13:31.469]: (-0.6, 1.3, 2.9) 25
[18:13:31.510]: (0.0, 1.3, 2.1) 16
[18:13:31.528]: (-0.1, 1.4, 2.1) 16
[18:13:31.576]: (-0.1, 1.4, 2.1) 16
[18:13:31.593]: (0.0, 1.4, 2.1) 16
[18:13:31.608]: (0.0, 1.4, 2.1) 16
[18:13:31.630]: (0.0, 1.4, 2.1) 16
[18:13:31.721]: (0.0, 1.4, 2.1) 16
[18:13:31.742]: (-0.1, 1.4, 2.2) 16
[18:13:31.763]: (-0.7, 1.3, 2.8) 25
[18:13:32.897]: (0.3, 1.3, 2.1) 18
[18:13:33.130]: (0.2, 1.4, 1.9) 20
[18:13:33.162]: (0.2, 1.4, 1.9) 20
[18:13:33.229]: (0.1, 1.5, 2.1) 14
[18:13:33.262]: (0.1, 1.5, 2.3) 17
[18:13:33.298]: (0.1, 1.5, 2.2) 14
[18:13:33.318]: (0.1, 1.5, 2.3) 17
[18:13:33.363]: (0.3, 1.6, 2.1) 19
[18:13:33.828]: (-0.2, 1.8, 3.3) 32
[18:13:34.142]: (-0.2, 1.7, 3.3) 32
[18:13:34.232]: (-0.3, 1.7, 3.3) 29
[18:13:35.789]: (0.9, 1.8, 2.4) 1
[18:13:35.939]: (0.1, 1.5, 2.1) 14
[18:13:37.627]: (-1.4, 0.7, 2.6) 6
[18:13:38.209]: (-1.6, 0.9, 2.7) 8
[18:13:38.810]: (-1.4, 1.0, 2.6) 9
[18:13:38.840]: (-1.5, 1.0, 2.9) 4
[18:13:38.857]: (-1.5, 1.0, 2.9) 4
[18:13:38.872]: (-1.5, 1.0, 2.9) 4
[18:13:38.887]: (-1.5, 1.0, 2.9) 4
[18:13:38.903]: (-1.5, 1.0, 2.9) 4
[18:13:38.919]: (-1.5, 1.0, 2.9) 4
[18:13:38.935]: (-1.5, 1.0, 2.9) 4
[18:13:38.951]: (-1.5, 1.0, 2.9) 4
[18:13:38.968]: (-1.5, 1.0, 2.9) 4
[18:13:38.984]: (-1.5, 1.0, 2.9) 4
[18:13:39.000]: (-1.5, 1.0, 2.9) 4
[18:13:39.016]: (-1.5, 1.0, 2.9) 4
[18:13:39.032]: (-1.5, 1.0, 2.9) 4
[18:13:39.092]: (-1.5, 1.0, 2.9) 4
[18:13:40.947]: (0.1, 1.5, 2.2) 14
[18:13:41.036]: (0.0, 1.5, 2.3) 21
[18:13:41.058]: (0.0, 1.5, 2.3) 21
[18:13:41.080]: (0.0, 1.4, 2.3) 21
[18:13:41.103]: (0.1, 1.5, 2.3) 21
[18:13:41.126]: (0.0, 1.5, 2.3) 21
[18:13:41.147]: (0.0, 1.4, 2.3) 21
[18:13:41.169]: (0.0, 1.4, 2.1) 16
[18:13:41.192]: (0.0, 1.4, 2.1) 16
[18:13:41.885]: (-0.9, 1.3, 3.0) 24
[18:13:41.908]: (-0.9, 1.3, 3.0) 24
[18:13:41.931]: (-0.9, 1.3, 3.0) 24
[18:13:41.951]: (-0.9, 1.3, 3.0) 24
[18:13:41.974]: (-0.9, 1.3, 3.0) 24
[18:13:42.041]: (-0.9, 1.3, 3.0) 24
[18:13:42.062]: (-0.8, 1.3, 3.0) 24
[18:13:42.085]: (-0.8, 1.3, 3.0) 24
[18:13:42.101]: (-0.8, 1.3, 2.8) 22
[18:13:42.117]: (-0.8, 1.3, 2.8) 22
[18:13:42.133]: (-0.8, 1.4, 3.0) 26
[18:13:42.178]: (-0.8, 1.4, 3.0) 26
[18:13:42.194]: (-0.7, 1.3, 2.8) 22
[18:13:42.211]: (-0.7, 1.3, 2.8) 22
[18:13:42.226]: (-0.7, 1.3, 2.8) 22
[18:13:42.243]: (-0.8, 1.4, 3.0) 26
[18:13:42.258]: (-0.8, 1.4, 3.0) 26
[18:13:42.273]: (-0.8, 1.3, 3.0) 26
[18:13:42.379]: (-0.8, 1.3, 3.0) 24
[18:13:42.394]: (-0.8, 1.3, 3.0) 24
[18:13:42.411]: (-0.8, 1.3, 3.0) 24
[18:13:42.427]: (-0.8, 1.3, 3.0) 24
[18:13:42.444]: (-0.8, 1.3, 3.0) 24
[18:13:42.460]: (-0.8, 1.3, 2.8) 22
[18:13:42.478]: (-0.8, 1.3, 2.8) 22
[18:13:42.493]: (-0.7, 1.3, 2.8) 22
[18:13:42.713]: (-0.4, 1.6, 3.3) 27
[18:13:42.735]: (-0.4, 1.6, 3.3) 27
[18:13:42.758]: (-0.4, 1.6, 3.3) 27
[18:13:42.780]: (-0.4, 1.6, 3.3) 27
[18:13:42.801]: (-0.4, 1.6, 3.3) 27
[18:13:42.824]: (-0.4, 1.6, 3.3) 27
[18:13:42.847]: (-0.4, 1.6, 3.3) 27
[18:13:42.869]: (-0.4, 1.6, 3.3) 27
[18:13:42.892]: (-0.4, 1.6, 3.3) 27
[18:13:42.913]: (-0.5, 1.7, 3.4) 30
[18:13:43.669]: (-0.4, 1.7, 3.4) 30
[18:13:43.690]: (-0.4, 1.7, 3.4) 30
[18:13:43.780]: (-0.4, 1.7, 3.4) 30
[18:13:43.803]: (-0.4, 1.7, 3.4) 30
[18:13:43.846]: (-0.3, 1.7, 3.3) 29
[18:13:43.868]: (-0.3, 1.7, 3.3) 29
[18:13:43.891]: (-0.3, 1.7, 3.3) 29
[18:13:43.912]: (-0.3, 1.7, 3.3) 29
[18:13:44.502]: (-0.3, 1.7, 3.3) 29
[18:13:44.523]: (-0.3, 1.6, 3.3) 29
[18:13:44.546]: (0.0, 1.4, 2.3) 21
[18:13:44.569]: (0.1, 1.4, 2.2) 14
[18:13:44.590]: (0.1, 1.4, 2.2) 14
[18:13:44.612]: (0.1, 1.4, 2.2) 14
[18:13:44.635]: (0.1, 1.4, 2.1) 14
[18:13:44.656]: (0.1, 1.4, 2.1) 14
[18:13:44.680]: (0.1, 1.4, 2.1) 14
[18:13:44.702]: (0.1, 1.4, 2.1) 14
[18:13:44.724]: (0.1, 1.4, 2.1) 14
[18:13:44.745]: (0.2, 1.4, 2.1) 14
[18:13:44.769]: (0.1, 1.4, 2.1) 14
[18:13:44.790]: (0.1, 1.4, 2.1) 14
[18:13:44.806]: (0.1, 1.5, 2.2) 14
[18:13:44.822]: (0.1, 1.4, 2.1) 14
[18:13:44.838]: (0.1, 1.4, 2.2) 14
[18:13:44.854]: (0.1, 1.4, 2.2) 14
[18:13:44.871]: (0.1, 1.4, 2.2) 14
[18:13:44.886]: (0.1, 1.4, 2.1) 14
[18:13:44.903]: (0.1, 1.4, 2.1) 14
[18:13:44.920]: (0.1, 1.4, 2.1) 14
[18:13:44.952]: (0.1, 1.5, 2.2) 14
[18:13:44.968]: (0.1, 1.5, 2.2) 14
[18:13:44.983]: (0.1, 1.5, 2.1) 14
[18:13:44.999]: (0.1, 1.4, 2.1) 14
[18:13:45.014]: (0.1, 1.4, 2.2) 14
[18:13:45.032]: (0.0, 1.5, 2.3) 21
[18:13:45.049]: (0.0, 1.5, 2.3) 21
[18:13:45.065]: (0.0, 1.5, 2.3) 21
[18:13:45.081]: (0.0, 1.4, 2.3) 21
[18:13:45.098]: (0.0, 1.4, 2.3) 21
[18:13:45.114]: (0.0, 1.4, 2.3) 21
[18:13:45.132]: (0.0, 1.4, 2.3) 21
[18:13:45.148]: (0.0, 1.5, 2.3) 21
[18:13:45.164]: (0.0, 1.5, 2.4) 21
[18:13:45.226]: (0.0, 1.5, 2.3) 21
[18:13:45.243]: (0.0, 1.5, 2.3) 21
[18:13:45.259]: (0.0, 1.5, 2.3) 21
[18:13:45.279]: (0.0, 1.5, 2.4) 21
[18:13:45.301]: (0.0, 1.5, 2.4) 21
[18:13:45.324]: (0.0, 1.5, 2.3) 21
[18:13:45.346]: (0.0, 1.5, 2.3) 21
[18:13:45.370]: (0.0, 1.5, 2.3) 21
[18:13:45.479]: (0.2, 1.5, 2.3) 17
[18:13:45.501]: (0.1, 1.5, 2.2) 14
[18:13:45.525]: (0.0, 1.4, 2.3) 21
[18:13:46.312]: (0.0, 1.4, 2.3) 21
[18:13:46.334]: (0.0, 1.4, 2.3) 21
[18:13:46.356]: (0.0, 1.4, 2.3) 21
[18:13:46.378]: (0.0, 1.4, 2.3) 21
[18:13:46.401]: (0.0, 1.5, 2.3) 21
[18:13:47.543]: (0.0, 1.4, 2.1) 16
[18:13:47.558]: (0.0, 1.4, 2.1) 16
[18:13:47.575]: (0.0, 1.4, 2.1) 16
[18:13:47.590]: (0.1, 1.4, 2.1) 16
[18:13:47.608]: (0.0, 1.4, 2.1) 16
[18:13:47.623]: (0.0, 1.4, 2.1) 16
[18:13:47.640]: (0.0, 1.3, 2.1) 16
[18:13:47.659]: (0.0, 1.3, 2.1) 16
[18:13:47.676]: (0.0, 1.3, 2.1) 16
[18:13:47.694]: (0.0, 1.3, 2.1) 16
[18:13:47.711]: (0.0, 1.3, 2.1) 16
[18:13:47.728]: (0.0, 1.3, 2.1) 16
[18:13:47.749]: (0.0, 1.4, 2.1) 16
[18:13:47.766]: (0.0, 1.4, 2.1) 16
[18:13:47.783]: (0.0, 1.4, 2.1) 16
[18:13:47.801]: (0.0, 1.3, 2.1) 16
[18:13:47.817]: (0.0, 1.3, 2.1) 16
[18:13:47.834]: (0.0, 1.4, 2.1) 16
[18:13:47.856]: (0.0, 1.4, 2.1) 16
[18:13:47.902]: (-0.4, 1.7, 3.4) 30
[18:13:47.946]: (-0.4, 1.7, 3.4) 30
[18:13:47.968]: (-0.4, 1.7, 3.4) 30
[18:13:47.990]: (-0.4, 1.7, 3.4) 30
[18:13:48.012]: (-0.4, 1.7, 3.4) 30
[18:13:48.534]: (0.1, 1.3, 2.1) 16
[18:13:48.551]: (0.0, 1.4, 2.1) 16
[18:13:48.711]: (0.0, 1.4, 2.1) 16
[18:13:48.734]: (0.0, 1.4, 2.1) 16
[18:13:48.756]: (0.0, 1.3, 2.1) 16
[18:13:48.778]: (0.0, 1.4, 2.1) 16
[18:13:48.800]: (0.1, 1.4, 2.2) 14
[18:13:48.822]: (0.0, 1.4, 2.1) 16
[18:13:48.846]: (0.1, 1.4, 2.2) 14
[18:13:48.977]: (0.0, 1.5, 2.3) 21
[18:13:49.021]: (0.0, 1.5, 2.3) 21
[18:13:49.044]: (0.0, 1.5, 2.3) 21
[18:13:49.187]: (0.0, 1.4, 2.1) 16
[18:13:49.203]: (0.0, 1.4, 2.3) 21
[18:13:49.219]: (0.0, 1.5, 2.3) 21
[18:13:49.236]: (0.0, 1.5, 2.4) 21
[18:13:49.254]: (0.0, 1.4, 2.3) 21
[18:13:49.367]: (0.0, 1.3, 2.2) 16
[18:13:49.383]: (0.0, 1.3, 2.1) 16
[18:13:49.400]: (0.0, 1.4, 2.1) 16
[18:13:49.416]: (0.0, 1.3, 2.1) 16
[18:13:49.433]: (0.0, 1.4, 2.1) 16
[18:13:49.449]: (0.0, 1.4, 2.1) 16
[18:13:49.466]: (0.0, 1.4, 2.1) 16
[18:13:49.483]: (0.1, 1.4, 2.1) 16
[18:13:49.499]: (0.1, 1.4, 2.2) 14
[18:13:49.515]: (0.1, 1.4, 2.1) 14
[18:13:49.533]: (0.1, 1.4, 2.1) 14
[18:13:49.555]: (0.1, 1.4, 2.1) 14
[18:13:49.577]: (0.1, 1.4, 2.1) 14
[18:13:49.599]: (0.1, 1.4, 2.2) 14
[18:13:49.621]: (0.1, 1.4, 2.2) 14
[18:13:49.644]: (0.1, 1.4, 2.1) 14
[18:13:49.666]: (0.0, 1.4, 2.1) 16
[18:13:49.689]: (0.0, 1.4, 2.1) 16
[18:13:49.710]: (0.0, 1.4, 2.1) 16
[18:13:49.733]: (0.0, 1.4, 2.1) 16
[18:13:49.755]: (0.0, 1.4, 2.1) 16
[18:13:50.436]: (0.0, 1.3, 2.1) 16
[18:13:50.454]: (0.0, 1.3, 2.1) 16
[18:13:50.476]: (0.0, 1.3, 2.1) 16
[18:13:50.501]: (0.0, 1.3, 2.1) 16
[18:13:50.521]: (0.0, 1.3, 2.1) 16
[18:13:50.543]: (0.0, 1.3, 2.1) 16
[18:13:50.565]: (0.0, 1.3, 2.1) 16
[18:13:50.588]: (0.0, 1.3, 2.1) 16
[18:13:50.610]: (0.0, 1.3, 2.1) 16
[18:13:50.632]: (0.0, 1.3, 2.1) 16
[18:13:50.654]: (0.0, 1.4, 2.1) 16
[18:13:50.677]: (0.0, 1.4, 2.1) 16
[18:13:50.699]: (0.0, 1.4, 2.1) 16
[18:13:50.721]: (0.0, 1.4, 2.1) 16
[18:13:50.743]: (0.0, 1.4, 2.1) 16
[18:13:50.766]: (0.0, 1.4, 2.1) 16
[18:13:50.788]: (0.0, 1.4, 2.1) 16
[18:13:50.834]: (0.0, 1.4, 2.2) 16
[18:13:50.854]: (0.0, 1.4, 2.2) 16
[18:13:50.890]: (0.0, 1.4, 2.2) 16
[18:13:50.906]: (0.0, 1.4, 2.1) 16
[18:13:50.938]: (0.0, 1.4, 2.2) 16
[18:13:50.955]: (0.0, 1.4, 2.1) 16
[18:13:50.971]: (0.0, 1.4, 2.1) 16
[18:13:50.988]: (0.0, 1.4, 2.4) 21
[18:13:51.018]: (0.0, 1.4, 2.4) 21
[18:13:51.035]: (0.0, 1.4, 2.4) 21
[18:13:52.164]: (-0.3, 1.6, 3.3) 27
[18:13:52.821]: (-0.6, 1.6, 3.6) 31
[18:13:52.998]: (0.0, 1.4, 2.2) 16
[18:13:53.042]: (0.0, 1.4, 2.1) 16
[18:13:53.064]: (0.0, 1.4, 2.1) 16
[18:13:53.109]: (0.2, 1.4, 2.1) 14
[18:13:53.687]: (-0.2, 1.6, 3.3) 29
[18:13:53.717]: (-0.2, 1.6, 3.3) 29
[18:13:53.734]: (-0.1, 1.7, 3.3) 32
[18:13:53.751]: (-0.1, 1.7, 3.3) 32
[18:13:53.766]: (-0.1, 1.7, 3.3) 32
