[18:06:13.673]: (-0.6, -0.6, 0.0) 0
[18:06:14.087]: (-1.5, -1.3, 0.0) 32
[18:06:14.304]: (-1.4, -1.1, 0.0) 33
[18:06:14.395]: (-1.5, -1.1, 0.0) 33
[18:06:14.505]: (-1.4, -1.1, 0.0) 33
[18:06:14.885]: (-1.4, -1.1, 0.0) 33
[18:06:15.641]: (-1.5, -1.1, 0.0) 33
[18:06:15.675]: (-1.5, -1.3, 0.1) 32
[18:06:15.725]: (-1.5, -1.1, -0.1) 33
[18:06:15.771]: (-1.5, -1.1, 0.0) 33
[18:06:15.863]: (-1.4, -1.1, 0.0) 33
[18:06:16.227]: (-1.4, -1.1, 0.0) 33
[18:06:22.370]: (-0.6, 0.9, 0.2) 1
[18:06:22.412]: (-0.9, 0.9, 0.3) 0
[18:06:22.435]: (-0.7, 1.0, 0.2) 1
[18:06:22.478]: (-0.6, 0.9, 0.2) 1
[18:06:22.546]: (-0.8, 0.9, 0.3) 0
[18:06:22.568]: (-0.8, 0.9, 0.3) 0
[18:06:22.590]: (-0.8, 0.9, 0.3) 0
[18:06:22.704]: (-0.7, 1.0, 0.2) 1
[18:06:23.020]: (-1.3, 0.4, 1.3) 32
[18:06:23.040]: (-1.2, 0.4, 1.2) 33
[18:06:23.244]: (-0.6, 0.6, 1.8) 32
[18:06:23.425]: (-0.2, 0.8, 1.9) 32
[18:06:23.448]: (-0.2, 0.8, 1.9) 32
[18:06:23.469]: (-0.2, 0.8, 1.8) 32
[18:06:23.490]: (-0.2, 0.8, 1.9) 32
[18:06:23.515]: (-0.1, 0.8, 1.9) 32
[18:06:23.558]: (-0.1, 0.8, 1.7) 33
[18:06:23.578]: (-0.1, 0.9, 1.7) 33
[18:06:24.203]: (-0.7, 1.2, 4.0) 18
[18:06:24.337]: (-0.8, 1.4, 4.9) 25
[18:06:24.625]: (-0.5, 1.6, 2.1) 7
[18:06:24.660]: (-0.5, 1.7, 2.3) 5
[18:06:24.727]: (-0.4, 1.7, 2.1) 7
[18:06:24.989]: (0.0, 2.3, 3.7) 18
[18:06:25.057]: (0.0, 2.3, 3.7) 18
[18:06:25.090]: (0.0, 2.3, 3.7) 18
[18:06:25.123]: (0.0, 2.3, 3.7) 18
[18:06:25.189]: (0.0, 2.3, 3.7) 18
[18:06:25.259]: (0.0, 2.1, 2.9) 10
[18:06:26.237]: (-1.9, 1.3, 5.7) 27
[18:06:26.542]: (-0.3, 1.6, 2.9) 8
[18:06:26.980]: (-0.9, 1.9, 4.9) 24
[18:06:27.003]: (-0.9, 1.9, 4.9) 24
[18:06:27.025]: (-0.9, 1.9, 4.9) 24
[18:06:27.462]: (-0.2, 1.2, 3.2) 10
[18:06:27.844]: (-0.4, 1.3, 4.0) 18
[18:06:28.010]: (-1.0, 1.2, 6.5) 34
[18:06:29.142]: (-1.1, 0.5, 4.7) 19
[18:06:29.549]: (-1.1, 1.2, 6.5) 34
[18:06:29.620]: (-1.0, 1.1, 6.5) 34
[18:06:29.668]: (-1.0, 1.3, 6.3) 35
[18:06:29.687]: (-0.9, 1.3, 6.3) 35
[18:06:29.708]: (-0.9, 1.3, 6.3) 35
[18:06:31.008]: (0.2, 1.2, 1.8) 32
[18:06:31.172]: (0.0, 1.3, 1.4) 3
[18:06:31.214]: (-0.1, 1.3, 1.4) 3
[18:06:31.236]: (-0.1, 1.3, 1.4) 3
[18:06:31.258]: (-0.1, 1.2, 1.4) 3
[18:06:31.282]: (-0.1, 1.2, 1.4) 3
[18:06:31.521]: (-0.9, 1.2, 2.7) 9
[18:06:31.542]: (-0.9, 1.2, 2.7) 9
[18:06:31.581]: (-0.8, 1.2, 2.8) 9
[18:06:31.605]: (-0.7, 1.2, 2.8) 9
[18:06:31.627]: (-0.8, 1.2, 3.0) 8
[18:06:31.834]: (-0.7, 1.3, 3.0) 8
[18:06:31.857]: (-0.7, 1.3, 3.0) 8
[18:06:31.874]: (-0.7, 1.3, 3.0) 8
[18:06:32.166]: (-2.8, 1.1, 5.2) 28
[18:06:32.196]: (-2.6, 1.2, 5.2) 26
[18:06:32.767]: (-0.5, 1.4, 3.1) 10
[18:06:33.078]: (-0.6, 1.6, 3.9) 18
[18:06:33.441]: (-0.2, 1.4, 2.9) 9
[18:06:33.463]: (-0.3, 1.4, 2.9) 9
[18:06:33.485]: (-0.3, 1.4, 2.9) 9
[18:06:33.508]: (-0.3, 1.4, 2.9) 9
[18:06:33.530]: (-0.2, 1.4, 2.9) 9
[18:06:33.574]: (-0.3, 1.4, 2.9) 9
[18:06:33.619]: (0.3, 1.4, 1.9) 32
[18:06:34.083]: (0.2, 1.6, 3.1) 10
[18:06:34.414]: (0.1, 1.7, 4.0) 17
[18:06:34.456]: (0.0, 1.7, 4.0) 17
[18:06:34.477]: (0.0, 1.7, 4.0) 17
[18:06:34.497]: (0.0, 1.7, 4.0) 17
[18:06:34.908]: (-0.1, 1.4, 3.2) 10
[18:06:34.941]: (-0.1, 1.4, 3.2) 10
[18:06:35.074]: (0.4, 1.2, 1.8) 33
[18:06:35.141]: (0.4, 1.3, 1.8) 33
[18:06:35.174]: (0.4, 1.3, 1.8) 33
[18:06:35.209]: (0.4, 1.3, 1.8) 33
[18:06:35.244]: (0.4, 1.3, 1.8) 33
[18:06:35.262]: (0.4, 1.3, 1.8) 33
[18:06:35.286]: (0.4, 1.2, 1.8) 33
[18:06:35.308]: (0.4, 1.2, 1.8) 33
[18:06:35.329]: (0.4, 1.2, 1.8) 33
[18:06:35.352]: (0.4, 1.3, 1.8) 33
[18:06:35.374]: (0.3, 1.3, 1.8) 33
[18:06:35.398]: (0.3, 1.3, 1.8) 33
[18:06:35.419]: (0.3, 1.2, 1.9) 33
[18:06:35.776]: (0.3, 1.3, 1.8) 33
[18:06:36.178]: (0.6, 1.4, 1.9) 32
[18:06:36.243]: (0.5, 1.3, 1.9) 32
[18:06:36.608]: (0.6, 1.4, 1.9) 32
[18:06:37.339]: (-0.8, 1.8, 6.3) 35
[18:06:37.364]: (-0.8, 1.8, 6.3) 35
[18:06:37.382]: (-0.8, 1.8, 6.3) 35
[18:06:37.640]: (-1.5, 1.0, 4.6) 20
[18:06:37.673]: (-1.5, 0.9, 4.6) 20
[18:06:37.689]: (-1.5, 0.9, 4.6) 20
[18:06:37.720]: (-1.5, 0.9, 4.6) 20
[18:06:37.950]: (-0.2, 1.4, 3.3) 10
[18:06:38.329]: (-1.8, 0.9, 5.4) 31
[18:06:38.345]: (-1.9, 0.9, 5.4) 31
[18:06:38.452]: (-2.1, 0.9, 5.7) 29
[18:06:38.531]: (-1.9, 0.9, 5.4) 31
[18:06:38.594]: (-1.8, 0.9, 5.4) 31
[18:06:39.882]: (-0.2, 1.9, 5.2) 24
[18:06:39.905]: (-0.2, 1.8, 5.2) 24
[18:06:39.929]: (-0.2, 1.8, 5.2) 24
[18:06:39.949]: (-0.3, 1.8, 5.2) 24
[18:06:39.971]: (-0.3, 1.8, 5.2) 24
[18:06:40.004]: (-0.3, 1.8, 5.2) 24
[18:06:40.342]: (-0.3, 1.8, 5.2) 24
[18:06:40.359]: (-0.3, 1.8, 5.2) 24
[18:06:40.376]: (-0.3, 1.8, 5.2) 24
[18:06:40.393]: (-0.3, 1.9, 5.2) 24
[18:06:40.410]: (-0.3, 1.8, 5.2) 24
[18:06:40.427]: (-0.3, 1.8, 5.2) 24
[18:06:40.450]: (-0.3, 1.8, 5.2) 24
[18:06:40.472]: (-0.3, 1.8, 5.2) 24
[18:06:40.738]: (1.3, 1.8, 2.0) 12
[18:06:40.760]: (1.3, 1.8, 2.0) 12
[18:06:41.067]: (1.3, 1.8, 2.0) 12
[18:06:41.083]: (1.3, 1.8, 2.0) 12
[18:06:41.100]: (1.3, 1.8, 2.0) 12
[18:06:41.116]: (1.3, 1.8, 2.0) 12
[18:06:41.132]: (1.3, 1.8, 2.0) 12
[18:06:41.796]: (0.1, 1.5, 3.2) 8
[18:06:41.813]: (0.1, 1.5, 3.2) 8
[18:06:41.969]: (-1.1, 1.8, 6.6) 34
[18:06:42.073]: (-1.0, 1.8, 6.6) 34
[18:06:42.504]: (-0.3, 1.5, 4.1) 18
[18:06:42.526]: (-0.3, 1.5, 4.1) 18
[18:06:42.542]: (-0.3, 1.5, 4.1) 18
[18:06:42.682]: (-0.2, 1.5, 4.1) 18
[18:06:43.205]: (-0.2, 1.5, 4.1) 18
[18:06:43.227]: (-0.3, 1.5, 4.1) 18
[18:06:43.249]: (-0.3, 1.5, 4.1) 18
[18:06:43.270]: (-0.3, 1.5, 4.1) 18
[18:06:43.294]: (-0.3, 1.5, 4.1) 18
[18:06:44.313]: (0.5, 1.0, 0.6) 1
[18:06:45.201]: (-0.3, 1.0, 2.5) 5
[18:06:45.280]: (-1.2, 1.1, 4.7) 19
[18:06:45.391]: (-0.2, 1.8, 5.2) 24
[18:06:45.467]: (-0.8, 1.8, 6.3) 35
[18:06:45.625]: (-1.0, 1.8, 6.5) 34
[18:06:46.221]: (-0.2, 1.4, 3.2) 10
[18:06:46.237]: (-0.1, 1.4, 3.2) 10
[18:06:46.255]: (-0.1, 1.4, 3.3) 10
[18:06:46.378]: (-0.2, 1.4, 3.2) 10
[18:06:46.393]: (-0.2, 1.4, 3.2) 10
[18:06:46.408]: (-0.2, 1.4, 3.2) 10
[18:06:46.424]: (-0.2, 1.4, 3.2) 10
[18:06:46.974]: (-0.1, 1.4, 3.2) 10
[18:06:46.990]: (-0.1, 1.4, 3.3) 10
[18:06:47.006]: (-0.1, 1.4, 3.2) 10
[18:06:47.022]: (-0.1, 1.4, 3.2) 10
[18:06:47.039]: (-0.1, 1.4, 3.2) 10
[18:06:47.055]: (-0.1, 1.4, 3.3) 10
[18:06:47.724]: (-0.1, 1.4, 3.2) 10
[18:06:48.062]: (-1.2, 1.3, 5.7) 26
[18:06:48.079]: (-1.3, 1.3, 5.7) 26
[18:06:48.094]: (-1.3, 1.3, 5.7) 26
[18:06:48.110]: (-1.4, 1.4, 6.0) 27
[18:06:48.125]: (-1.4, 1.4, 6.0) 27
[18:06:48.141]: (-1.3, 1.4, 5.7) 26
[18:06:48.158]: (-1.3, 1.4, 5.7) 26
[18:06:48.173]: (-1.3, 1.4, 5.7) 26
[18:06:48.189]: (-1.3, 1.4, 5.7) 26
[18:06:48.206]: (-1.3, 1.4, 5.7) 26
[18:06:48.695]: (-0.3, 1.6, 4.1) 18
[18:06:48.711]: (-0.3, 1.6, 4.1) 18
[18:06:48.726]: (-0.3, 1.6, 4.1) 18
[18:06:48.742]: (-0.3, 1.6, 4.1) 18
[18:06:48.758]: (-0.3, 1.5, 4.0) 18
[18:06:48.774]: (-0.3, 1.6, 4.1) 18
[18:06:48.790]: (-0.3, 1.6, 4.1) 18
[18:06:48.805]: (-0.3, 1.6, 4.1) 18
[18:06:48.821]: (-0.3, 1.6, 4.1) 18
[18:06:48.837]: (-0.3, 1.6, 4.1) 18
[18:06:49.069]: (-0.2, 1.4, 3.2) 10
[18:06:49.336]: (-0.2, 1.5, 4.1) 18
[18:06:49.357]: (-0.2, 1.5, 4.1) 18
[18:06:49.402]: (-0.3, 1.5, 4.1) 18
[18:06:49.468]: (-0.3, 1.5, 4.1) 18
[18:06:49.490]: (-0.3, 1.5, 4.1) 18
[18:06:49.507]: (-0.3, 1.5, 4.1) 18
[18:06:49.525]: (-0.3, 1.5, 4.1) 18
[18:06:49.541]: (-0.3, 1.5, 4.1) 18
[18:06:49.558]: (-0.3, 1.5, 4.1) 18
[18:06:49.835]: (-0.3, 1.5, 4.1) 18
[18:06:49.866]: (-0.3, 1.5, 4.1) 18
[18:06:50.134]: (-0.2, 1.4, 3.3) 10
[18:06:50.157]: (-0.2, 1.4, 3.2) 10
[18:06:50.179]: (-0.2, 1.4, 3.2) 10
[18:06:50.201]: (-0.2, 1.4, 3.2) 10
[18:06:50.223]: (-0.2, 1.4, 3.2) 10
[18:06:50.245]: (-0.2, 1.4, 3.2) 10
[18:06:50.267]: (-0.2, 1.4, 3.2) 10
[18:06:50.291]: (-0.2, 1.4, 3.2) 10
[18:06:50.312]: (-0.2, 1.4, 3.3) 10
[18:06:50.335]: (-0.2, 1.4, 3.2) 10
[18:06:50.434]: (-0.7, 1.0, 3.5) 14
[18:06:50.900]: (-0.9, 0.9, 3.5) 16
[18:06:51.079]: (-0.8, 1.1, 3.6) 14
[18:06:51.169]: (-0.8, 1.1, 3.5) 14
[18:06:51.376]: (-0.2, 1.0, 2.3) 7
[18:06:51.411]: (-0.1, 1.4, 3.2) 10
[18:06:51.431]: (-0.1, 1.4, 3.3) 10
[18:06:51.503]: (-0.1, 1.4, 3.2) 10
[18:06:51.924]: (-0.3, 1.5, 4.1) 18
[18:06:51.946]: (-0.3, 1.5, 4.1) 18
[18:06:51.968]: (-0.2, 1.5, 4.1) 18
[18:06:52.332]: (1.3, 1.8, 1.7) 13
[18:06:52.349]: (1.3, 1.8, 1.8) 13
[18:06:52.855]: (-0.2, 1.5, 4.1) 18
[18:06:52.877]: (-0.2, 1.5, 4.1) 18
[18:06:52.901]: (-0.2, 1.5, 4.1) 18
[18:06:52.921]: (-0.2, 1.5, 4.0) 18
[18:06:52.944]: (-0.2, 1.5, 4.0) 18
[18:06:53.013]: (-0.2, 1.6, 4.1) 18
[18:06:53.821]: (-1.0, 1.0, 3.8) 15
[18:06:53.867]: (-1.4, 1.0, 4.6) 20
[18:06:53.885]: (-1.4, 0.9, 4.7) 20
[18:06:53.948]: (-1.5, 1.0, 4.6) 20
[18:06:54.203]: (-0.5, 0.9, 2.4) 6
[18:06:54.621]: (-1.0, 1.7, 6.6) 34
[18:06:54.644]: (-1.0, 1.7, 6.5) 34
[18:06:54.665]: (-1.0, 1.8, 6.5) 34
[18:06:55.209]: (-0.2, 1.8, 5.2) 24
[18:06:55.566]: (1.3, 1.8, 1.7) 13
[18:06:55.946]: (1.3, 1.8, 2.1) 12
[18:06:56.603]: (0.3, 1.3, 1.8) 33
[18:06:56.634]: (0.3, 1.3, 1.8) 33
[18:07:02.362]: (-0.9, 0.9, 3.5) 16
[18:07:02.406]: (-0.9, 0.9, 3.5) 16
[18:07:02.429]: (-0.9, 0.9, 3.5) 16
[18:07:02.446]: (-0.9, 0.9, 3.5) 16
[18:07:02.462]: (-0.9, 0.9, 3.5) 16
[18:07:02.478]: (-0.9, 0.9, 3.5) 16
[18:07:02.807]: (-1.5, 1.3, 5.8) 28
[18:07:02.928]: (-1.3, 1.4, 5.7) 26
[18:07:02.951]: (-1.2, 1.4, 5.7) 26
[18:07:02.974]: (-1.3, 1.4, 5.7) 26
[18:07:02.996]: (-1.4, 1.4, 6.0) 27
[18:07:03.062]: (-1.5, 1.4, 5.8) 28
[18:07:03.085]: (-1.3, 1.4, 5.7) 26
[18:07:05.472]: (-2.1, 0.8, 5.4) 30
[18:07:06.074]: (-1.5, 1.3, 5.8) 28
[18:07:06.091]: (-1.5, 1.3, 5.8) 28
[18:07:06.122]: (-1.5, 1.3, 5.7) 28
[18:07:06.199]: (-1.3, 1.4, 5.7) 26
[18:07:06.262]: (-1.2, 1.4, 5.7) 26
[18:07:06.306]: (-1.4, 1.3, 5.8) 28
[18:07:06.438]: (-1.4, 1.5, 6.0) 27
[18:07:09.487]: (-1.4, 1.0, 4.6) 20
[18:07:11.174]: (-1.3, 1.0, 5.9) 27
[18:07:11.197]: (-1.2, 1.0, 5.6) 26
[18:07:12.091]: (-1.2, 0.8, 4.6) 19
[18:07:12.138]: (-1.2, 0.8, 4.6) 19
[18:07:12.220]: (-1.4, 0.9, 5.7) 28
[18:07:12.235]: (-1.4, 0.9, 5.6) 28
[18:07:12.268]: (-1.4, 0.9, 5.7) 28
[18:07:12.284]: (-1.4, 0.9, 5.6) 28
[18:07:12.394]: (-1.2, 0.8, 4.6) 19
[18:07:12.425]: (-1.2, 0.8, 4.6) 19
[18:07:12.758]: (-1.4, 0.9, 5.7) 28
[18:07:12.802]: (-1.4, 0.9, 5.7) 28
[18:07:12.824]: (-1.4, 0.9, 5.6) 28
[18:07:12.846]: (-1.4, 0.9, 5.6) 28
[18:07:12.868]: (-1.4, 0.9, 5.6) 28
[18:07:13.895]: (0.9, 1.1, 1.3) 3
[18:07:13.996]: (1.1, 1.2, 1.1) 2
[18:07:14.116]: (0.9, 1.2, 1.2) 3
[18:07:14.132]: (1.0, 1.1, 1.2) 3
[18:07:14.150]: (0.9, 1.2, 1.3) 3
[18:07:14.169]: (0.9, 1.2, 1.3) 3
[18:07:14.925]: (-1.2, 0.8, 4.6) 19
