[18:24:01.783]: (-3.5, -2.5, 0.0) 44
[18:24:02.459]: (-2.7, -0.3, 1.3) 0
[18:24:02.483]: (-2.8, -0.3, 1.3) 3
[18:24:02.760]: (-1.9, 0.6, 2.1) 6
[18:24:02.783]: (-2.9, 0.4, 3.8) 48
[18:24:02.806]: (-1.7, 0.7, 2.2) 6
[18:24:02.828]: (-1.7, 0.8, 2.4) 5
[18:24:02.849]: (-1.7, 0.8, 2.5) 5
[18:24:03.007]: (-1.3, 1.4, 2.6) 4
[18:24:03.637]: (0.2, 2.0, 2.6) 8
[18:24:03.658]: (0.1, 2.0, 2.8) 3
[18:24:03.680]: (0.1, 2.1, 2.8) 3
[18:24:03.701]: (0.4, 2.6, 4.4) 45
[18:24:03.723]: (0.4, 2.6, 4.5) 50
[18:24:04.201]: (0.0, 1.5, 3.1) 37
[18:24:04.236]: (0.0, 1.5, 3.1) 34
[18:24:04.634]: (-0.2, 1.3, 2.2) 32
[18:24:04.787]: (-0.1, 1.5, 2.2) 32
[18:24:04.829]: (-0.4, 1.6, 2.2) 22
[18:24:04.850]: (-0.4, 1.6, 2.2) 22
[18:24:04.870]: (-0.4, 2.0, 3.4) 56
[18:24:04.892]: (-0.4, 2.0, 3.4) 56
[18:24:04.928]: (-0.5, 1.9, 3.4) 56
[18:24:04.945]: (-0.5, 1.9, 3.4) 56
[18:24:04.961]: (-0.5, 1.9, 3.3) 62
[18:24:04.978]: (-0.5, 1.8, 3.3) 62
[18:24:04.995]: (-0.5, 1.8, 3.3) 62
[18:24:05.011]: (-0.5, 1.8, 3.3) 62
[18:24:05.028]: (-0.5, 1.8, 3.3) 62
[18:24:05.044]: (-0.5, 1.8, 3.3) 62
[18:24:05.062]: (-0.5, 1.8, 3.3) 62
[18:24:05.079]: (-0.5, 1.8, 3.3) 62
[18:24:05.094]: (-0.5, 1.8, 3.3) 62
[18:24:05.111]: (-0.5, 1.8, 3.3) 62
[18:24:05.127]: (-0.5, 1.9, 3.3) 62
[18:24:05.143]: (-0.5, 1.8, 3.3) 62
[18:24:05.159]: (-0.5, 1.9, 3.3) 62
[18:24:05.178]: (-0.4, 1.7, 2.4) 19
[18:24:05.195]: (-0.4, 1.7, 2.2) 22
[18:24:05.217]: (-0.4, 1.7, 2.2) 22
[18:24:05.259]: (-0.4, 1.7, 2.2) 24
[18:24:05.709]: (-0.9, 2.9, 2.9) 56
[18:24:05.731]: (-0.9, 2.8, 2.9) 56
[18:24:05.752]: (-0.9, 2.8, 2.9) 60
[18:24:05.775]: (-1.0, 2.8, 2.9) 60
[18:24:05.798]: (-0.9, 2.7, 3.0) 60
[18:24:05.814]: (-1.0, 2.8, 2.9) 60
[18:24:05.834]: (-1.0, 2.7, 2.9) 60
[18:24:05.875]: (-1.0, 2.7, 3.1) 61
[18:24:05.891]: (-0.7, 2.2, 1.9) 29
[18:24:05.907]: (-0.8, 2.2, 1.9) 29
[18:24:05.925]: (-0.8, 2.2, 1.9) 29
[18:24:05.941]: (-0.9, 2.7, 3.0) 56
[18:24:05.972]: (0.1, 2.6, 2.6) 39
[18:24:05.990]: (0.4, 2.6, 2.7) 42
[18:24:06.008]: (0.3, 2.6, 2.7) 42
[18:24:06.024]: (0.3, 2.6, 2.7) 42
[18:24:06.040]: (0.3, 2.6, 2.7) 42
[18:24:06.058]: (0.3, 2.6, 2.7) 42
[18:24:06.076]: (0.3, 2.6, 2.7) 42
[18:24:06.093]: (0.3, 2.6, 2.7) 42
[18:24:06.158]: (0.3, 2.6, 2.7) 42
[18:24:06.176]: (0.3, 2.6, 2.7) 42
[18:24:06.196]: (0.3, 2.6, 2.7) 42
[18:24:06.220]: (0.3, 2.6, 2.7) 42
[18:24:06.241]: (0.3, 2.7, 2.8) 36
[18:24:06.264]: (0.3, 2.7, 2.8) 36
[18:24:06.580]: (0.7, 3.0, 4.1) 48
[18:24:06.601]: (0.7, 2.9, 4.1) 48
[18:24:06.622]: (0.7, 3.0, 4.1) 48
[18:24:06.646]: (0.7, 3.0, 4.2) 48
[18:24:06.843]: (-0.5, 2.3, 2.9) 38
[18:24:06.935]: (-1.1, 1.9, 1.9) 29
[18:24:06.952]: (-1.1, 1.8, 1.8) 30
[18:24:06.969]: (-1.1, 1.8, 1.9) 30
[18:24:06.987]: (-1.1, 2.0, 1.9) 29
[18:24:07.003]: (-1.4, 2.3, 2.9) 62
[18:24:07.034]: (-1.1, 1.9, 1.9) 29
[18:24:07.053]: (-1.1, 1.9, 1.9) 29
[18:24:07.070]: (-1.0, 2.0, 1.9) 29
[18:24:07.086]: (-1.4, 2.4, 3.0) 56
[18:24:07.108]: (-1.4, 2.3, 3.0) 56
[18:24:07.129]: (-1.4, 2.4, 3.0) 56
[18:24:07.152]: (-1.4, 2.3, 2.9) 62
[18:24:07.196]: (-1.4, 2.3, 3.0) 56
[18:24:07.219]: (-1.3, 2.3, 3.0) 55
[18:24:07.242]: (-1.3, 2.3, 3.0) 55
[18:24:07.265]: (-1.3, 2.3, 3.0) 55
[18:24:07.284]: (-1.3, 2.3, 3.0) 55
[18:24:07.308]: (-1.2, 2.3, 3.0) 55
[18:24:07.332]: (-1.2, 2.3, 2.9) 57
[18:24:07.355]: (-1.0, 2.0, 1.9) 29
[18:24:07.375]: (-1.1, 1.9, 1.9) 29
[18:24:07.398]: (-1.1, 2.0, 1.9) 29
[18:24:07.419]: (-1.1, 2.0, 1.9) 29
[18:24:07.440]: (-1.1, 2.0, 1.9) 29
[18:24:07.463]: (-1.1, 2.0, 1.9) 29
[18:24:07.486]: (-1.1, 2.0, 1.9) 29
[18:24:07.507]: (-1.1, 2.0, 1.9) 29
[18:24:07.530]: (-1.1, 2.0, 1.9) 29
[18:24:07.563]: (-1.1, 2.0, 1.9) 29
[18:24:07.580]: (-1.1, 2.0, 1.9) 29
[18:24:07.596]: (-1.1, 2.0, 1.9) 29
[18:24:07.613]: (-1.1, 2.0, 1.9) 29
[18:24:07.629]: (-1.1, 2.0, 1.9) 29
[18:24:07.645]: (-1.1, 2.0, 1.9) 29
[18:24:07.661]: (-1.1, 2.0, 1.9) 29
[18:24:07.678]: (-1.1, 2.0, 1.9) 29
[18:24:07.694]: (-1.1, 2.0, 1.9) 29
[18:24:07.711]: (-1.1, 2.0, 1.9) 29
[18:24:07.727]: (-1.1, 2.0, 1.9) 29
[18:24:07.742]: (-1.1, 2.0, 1.9) 29
[18:24:07.850]: (-1.1, 1.9, 1.9) 29
[18:24:07.869]: (-1.1, 1.9, 1.9) 29
[18:24:07.916]: (-1.5, 2.4, 3.0) 61
[18:24:07.931]: (-1.4, 2.4, 3.0) 56
[18:24:07.952]: (-1.4, 2.4, 2.9) 60
[18:24:07.974]: (-1.4, 2.4, 2.9) 60
[18:24:07.996]: (-1.4, 2.4, 2.9) 60
[18:24:08.018]: (-1.4, 2.4, 2.9) 60
[18:24:08.040]: (-1.4, 2.4, 3.0) 56
[18:24:08.064]: (-1.4, 2.4, 2.9) 60
[18:24:08.086]: (-1.4, 2.4, 2.9) 60
[18:24:08.107]: (-1.4, 2.4, 3.0) 56
[18:24:08.129]: (-1.4, 2.4, 3.0) 56
[18:24:08.153]: (-1.4, 2.4, 3.0) 56
[18:24:08.174]: (-1.4, 2.4, 3.0) 56
[18:24:08.196]: (-1.3, 2.4, 3.0) 55
[18:24:08.240]: (-0.4, 2.4, 2.8) 34
[18:24:08.307]: (-0.5, 2.3, 2.9) 38
[18:24:08.396]: (-0.5, 2.4, 2.9) 38
[18:24:08.413]: (-0.5, 2.3, 2.9) 38
[18:24:08.475]: (-1.4, 2.4, 2.9) 56
[18:24:08.494]: (-1.3, 2.0, 2.1) 31
[18:24:08.510]: (-1.2, 2.0, 2.1) 31
[18:24:08.526]: (-1.1, 1.9, 1.9) 29
[18:24:08.544]: (-1.1, 1.9, 1.9) 29
[18:24:08.560]: (-1.2, 2.0, 2.1) 31
[18:24:08.577]: (-1.2, 2.1, 2.1) 31
[18:24:08.594]: (-1.1, 2.0, 1.9) 29
[18:24:08.609]: (-1.1, 2.0, 1.9) 29
[18:24:08.626]: (-1.4, 2.3, 2.9) 62
[18:24:08.641]: (-1.1, 2.0, 1.9) 29
[18:24:08.657]: (-1.1, 2.0, 1.9) 29
[18:24:08.674]: (-1.1, 2.0, 1.9) 29
[18:24:08.691]: (-1.1, 2.0, 1.9) 29
[18:24:08.709]: (-1.1, 2.0, 1.9) 29
[18:24:08.725]: (-1.1, 2.0, 1.9) 29
[18:24:08.742]: (-1.1, 2.0, 1.9) 29
[18:24:08.758]: (-1.2, 2.1, 2.1) 31
[18:24:08.775]: (-1.2, 2.1, 2.1) 31
[18:24:08.839]: (-1.1, 2.0, 1.9) 29
[18:24:09.031]: (-1.4, 1.8, 2.0) 27
[18:24:09.074]: (-1.4, 2.3, 2.9) 62
[18:24:09.096]: (-1.4, 2.4, 2.9) 60
[18:24:09.117]: (-1.4, 2.4, 2.9) 60
[18:24:09.140]: (-1.4, 2.4, 2.9) 60
[18:24:09.163]: (-1.4, 2.4, 2.9) 60
[18:24:09.229]: (-1.4, 2.4, 3.0) 56
[18:24:09.252]: (-1.4, 2.4, 3.0) 56
[18:24:09.274]: (-1.4, 2.3, 3.0) 56
[18:24:09.296]: (-1.4, 2.3, 3.0) 56
[18:24:09.314]: (-1.4, 2.4, 2.9) 56
[18:24:09.331]: (-1.4, 2.3, 2.9) 56
[18:24:09.348]: (-1.4, 2.3, 2.9) 56
[18:24:09.365]: (-1.3, 2.3, 3.0) 55
[18:24:09.402]: (-0.4, 2.3, 2.7) 39
[18:24:09.417]: (-0.3, 2.2, 2.8) 39
[18:24:09.434]: (-0.3, 2.3, 3.0) 35
[18:24:09.466]: (-0.2, 2.3, 2.9) 40
[18:24:09.490]: (-0.3, 2.3, 2.8) 39
[18:24:09.780]: (0.9, 3.4, 3.9) 44
[18:24:09.801]: (1.0, 3.5, 3.9) 45
[18:24:09.824]: (1.0, 3.5, 3.9) 45
[18:24:09.846]: (1.0, 3.5, 3.9) 45
[18:24:09.867]: (0.5, 2.6, 2.3) 4
[18:24:09.892]: (1.0, 3.4, 3.9) 45
[18:24:09.912]: (0.8, 3.4, 3.8) 47
[18:24:09.934]: (0.9, 3.3, 3.8) 47
[18:24:09.950]: (0.8, 3.3, 3.8) 47
[18:24:09.967]: (0.8, 3.3, 3.8) 47
[18:24:09.989]: (0.8, 3.4, 3.8) 47
[18:24:10.024]: (0.8, 3.4, 3.8) 47
[18:24:10.040]: (0.8, 3.3, 3.8) 47
[18:24:10.351]: (0.9, 3.5, 4.0) 50
[18:24:10.369]: (0.9, 3.5, 4.0) 50
[18:24:10.388]: (0.8, 3.4, 3.8) 47
[18:24:10.407]: (0.8, 3.4, 3.8) 47
[18:24:10.523]: (-1.0, 2.2, 1.8) 29
[18:24:10.588]: (-1.0, 2.2, 1.8) 29
[18:24:10.604]: (-1.5, 2.7, 2.9) 61
[18:24:10.619]: (-1.0, 2.1, 1.8) 29
[18:24:10.636]: (-1.1, 2.2, 1.8) 29
[18:24:10.654]: (-1.1, 2.2, 1.8) 29
[18:24:10.670]: (-1.1, 2.2, 1.8) 29
[18:24:10.687]: (-1.1, 2.2, 1.8) 29
[18:24:10.703]: (-1.0, 2.1, 1.8) 29
[18:24:10.719]: (-1.1, 2.2, 2.1) 19
[18:24:10.737]: (-1.0, 2.1, 1.9) 29
[18:24:10.756]: (-1.4, 2.5, 2.8) 62
[18:24:10.778]: (-1.4, 2.5, 2.9) 56
[18:24:10.800]: (-1.4, 2.5, 2.9) 56
[18:24:10.821]: (-1.4, 2.5, 2.9) 56
[18:24:11.178]: (1.0, 2.9, 4.0) 47
[18:24:12.081]: (-1.2, 1.9, 3.1) 57
[18:24:12.212]: (-1.3, 1.6, 2.0) 20
[18:24:12.229]: (-1.3, 1.6, 2.0) 20
[18:24:12.340]: (-1.3, 1.6, 2.1) 20
[18:24:12.607]: (-0.5, 2.0, 3.0) 38
[18:24:12.630]: (-0.5, 2.0, 3.0) 38
[18:24:12.740]: (-1.1, 1.7, 1.9) 29
[18:24:12.762]: (-1.1, 1.7, 2.0) 29
[18:24:12.785]: (-1.1, 1.7, 2.0) 29
[18:24:12.807]: (-1.1, 1.7, 2.0) 29
[18:24:12.830]: (-1.2, 1.7, 2.2) 23
[18:24:12.851]: (-1.1, 1.6, 1.9) 30
[18:24:12.918]: (-0.3, 2.0, 2.9) 34
[18:24:12.936]: (-0.3, 2.1, 3.1) 35
[18:24:12.954]: (-0.3, 2.1, 3.1) 35
[18:24:12.971]: (-0.3, 2.1, 3.1) 35
[18:24:12.991]: (-0.3, 2.1, 3.0) 40
[18:24:13.014]: (-0.3, 2.1, 3.0) 40
[18:24:13.035]: (-0.3, 2.1, 3.0) 40
[18:24:14.158]: (-0.2, 2.3, 2.9) 42
[18:24:14.190]: (0.6, 2.8, 4.1) 47
[18:24:14.206]: (0.6, 2.9, 4.1) 47
[18:24:14.225]: (0.6, 2.8, 4.0) 47
[18:24:14.240]: (0.6, 2.9, 4.0) 47
[18:24:14.256]: (0.7, 3.0, 4.1) 51
[18:24:14.272]: (0.7, 3.0, 4.3) 50
[18:24:14.291]: (0.7, 3.0, 4.2) 50
[18:24:14.306]: (0.7, 3.0, 4.2) 50
[18:24:14.324]: (0.6, 2.8, 4.1) 47
[18:24:14.342]: (0.6, 2.8, 4.2) 48
[18:24:14.359]: (0.7, 2.8, 4.1) 44
[18:24:14.375]: (0.6, 2.8, 4.2) 48
[18:24:14.392]: (0.6, 2.8, 4.2) 48
[18:24:14.407]: (0.6, 2.8, 4.2) 48
[18:24:14.428]: (0.3, 2.2, 2.5) 4
[18:24:14.471]: (0.3, 2.1, 2.5) 4
[18:24:14.517]: (1.6, 2.4, 3.6) 18
[18:24:14.761]: (1.5, 2.6, 3.6) 11
[18:24:14.783]: (1.6, 2.6, 3.6) 17
[18:24:14.805]: (1.6, 2.6, 3.6) 17
[18:24:14.827]: (1.6, 2.6, 3.6) 17
[18:24:14.850]: (1.6, 2.7, 3.6) 17
[18:24:14.874]: (1.6, 2.6, 3.6) 17
[18:24:15.291]: (0.8, 2.9, 4.2) 45
[18:24:17.858]: (-1.5, 1.8, 2.0) 27
[18:24:17.891]: (-1.4, 1.9, 1.8) 26
[18:24:17.910]: (-1.5, 1.8, 1.9) 27
[18:24:17.925]: (-1.5, 1.8, 1.9) 20
[18:24:17.960]: (-1.5, 1.8, 1.9) 20
[18:24:18.026]: (-1.5, 1.8, 2.0) 27
[18:24:18.070]: (-1.4, 1.8, 1.9) 20
[18:24:18.093]: (-1.4, 1.8, 1.9) 20
[18:24:18.115]: (-1.4, 1.8, 1.9) 20
[18:24:18.138]: (-1.4, 1.8, 1.9) 20
[18:24:18.160]: (-1.5, 1.8, 1.9) 20
[18:24:18.271]: (-1.5, 2.2, 2.9) 62
[18:24:18.293]: (-1.5, 2.4, 2.9) 56
[18:24:18.315]: (-1.5, 2.3, 2.9) 62
[18:24:18.337]: (-1.5, 2.3, 2.9) 56
[18:24:18.358]: (-1.5, 2.4, 2.9) 56
[18:24:18.382]: (-1.5, 2.3, 2.9) 62
[18:24:18.399]: (-1.5, 2.3, 2.9) 56
[18:24:18.416]: (-1.5, 2.3, 2.9) 62
[18:24:18.432]: (-1.5, 2.3, 2.9) 62
[18:24:18.449]: (-1.5, 2.3, 2.9) 62
[18:24:18.600]: (-0.2, 2.2, 2.8) 42
[18:24:18.616]: (-0.3, 2.3, 2.9) 42
[18:24:18.634]: (-0.2, 2.3, 2.8) 42
[18:24:18.685]: (-0.2, 2.4, 2.9) 41
[18:24:18.703]: (-0.3, 2.3, 2.9) 36
[18:24:18.738]: (0.6, 2.8, 4.2) 44
[18:24:18.754]: (0.9, 2.8, 4.2) 53
[18:24:18.771]: (0.5, 2.3, 2.7) 3
[18:24:18.787]: (0.5, 2.2, 2.7) 0
[18:24:18.823]: (0.5, 2.2, 2.7) 3
[18:24:18.839]: (0.9, 2.8, 4.2) 53
[18:24:18.856]: (0.9, 2.8, 4.2) 53
[18:24:18.872]: (0.9, 2.8, 4.2) 53
[18:24:18.892]: (0.5, 2.3, 2.7) 3
[18:24:18.915]: (0.5, 2.3, 2.7) 3
[18:24:18.936]: (0.9, 2.8, 4.3) 46
[18:24:18.959]: (0.9, 2.9, 4.3) 46
[18:24:18.980]: (0.9, 2.8, 4.2) 53
[18:24:19.003]: (0.9, 2.9, 4.3) 46
[18:24:19.025]: (0.8, 2.9, 4.4) 54
[18:24:19.070]: (0.8, 2.9, 4.2) 45
[18:24:19.092]: (0.8, 2.9, 4.2) 45
[18:24:19.158]: (0.8, 2.9, 4.3) 54
[18:24:19.180]: (0.8, 2.9, 4.4) 54
[18:24:19.270]: (0.8, 2.9, 4.3) 46
[18:24:19.307]: (0.7, 2.9, 4.2) 45
[18:24:19.324]: (0.7, 2.9, 4.2) 45
[18:24:19.341]: (0.8, 2.9, 4.2) 45
[18:24:19.358]: (0.8, 2.9, 4.2) 45
[18:24:19.376]: (0.8, 2.9, 4.2) 45
[18:24:19.393]: (0.7, 2.8, 4.0) 47
[18:24:19.409]: (0.7, 2.9, 4.2) 45
[18:24:19.440]: (0.7, 2.9, 4.2) 45
[18:24:19.457]: (0.7, 2.9, 4.2) 45
[18:24:19.472]: (0.7, 2.9, 4.0) 47
[18:24:19.490]: (0.6, 2.9, 4.0) 47
[18:24:19.506]: (0.6, 2.8, 4.2) 48
[18:24:19.634]: (0.6, 3.0, 4.3) 50
[18:24:19.665]: (0.7, 3.0, 4.2) 45
[18:24:19.697]: (0.7, 3.0, 4.2) 50
[18:24:19.715]: (0.7, 3.0, 4.2) 45
[18:24:19.731]: (0.8, 3.0, 4.2) 45
[18:24:19.747]: (0.8, 3.0, 4.1) 51
[18:24:19.770]: (0.8, 3.0, 4.1) 51
[18:24:19.792]: (0.8, 3.0, 4.1) 51
[18:24:19.814]: (0.8, 3.0, 4.1) 51
[18:24:19.836]: (0.8, 2.9, 4.2) 45
[18:24:20.913]: (-0.4, 2.3, 2.8) 34
[18:24:21.015]: (-0.5, 2.3, 2.8) 37
[18:24:21.246]: (-1.5, 1.9, 1.9) 27
[18:24:21.280]: (-1.4, 1.9, 1.8) 26
[18:24:21.382]: (-1.3, 2.0, 2.0) 31
[18:24:21.662]: (-1.4, 1.9, 1.8) 26
[18:24:21.969]: (-1.3, 2.0, 2.0) 31
[18:24:21.990]: (-1.3, 2.0, 2.1) 31
[18:24:22.324]: (0.5, 2.2, 2.7) 3
[18:24:22.482]: (0.9, 2.8, 4.2) 53
[18:24:22.549]: (0.9, 2.8, 4.2) 53
[18:24:22.572]: (1.0, 2.8, 4.2) 53
[18:24:22.706]: (1.3, 2.4, 3.6) 13
[18:24:22.917]: (1.4, 2.4, 3.5) 14
[18:24:22.934]: (1.4, 2.4, 3.5) 14
[18:24:22.951]: (1.4, 2.5, 3.5) 9
[18:24:22.967]: (1.4, 2.4, 3.5) 14
[18:24:22.983]: (1.4, 2.4, 3.5) 14
[18:24:23.001]: (1.4, 2.5, 3.7) 15
[18:24:23.018]: (1.4, 2.4, 3.5) 14
[18:24:23.067]: (1.4, 2.5, 3.8) 15
[18:24:23.083]: (1.3, 2.5, 3.6) 9
[18:24:23.099]: (1.3, 2.5, 3.6) 9
[18:24:23.115]: (1.3, 2.5, 3.5) 9
[18:24:23.133]: (1.3, 2.5, 3.5) 9
[18:24:23.148]: (1.3, 2.5, 3.5) 9
[18:24:23.163]: (1.3, 2.5, 3.5) 9
[18:24:23.181]: (0.5, 2.2, 2.7) 3
[18:24:23.246]: (0.5, 2.2, 2.6) 0
[18:24:23.269]: (0.5, 2.2, 2.7) 3
[18:24:23.290]: (0.5, 2.2, 2.7) 3
[18:24:23.313]: (0.5, 2.2, 2.7) 3
[18:24:23.335]: (0.5, 2.2, 2.7) 3
[18:24:23.357]: (0.5, 2.2, 2.7) 3
[18:24:23.379]: (0.5, 2.2, 2.7) 3
[18:24:23.407]: (0.5, 2.2, 2.7) 3
[18:24:23.426]: (0.5, 2.2, 2.7) 3
[18:24:23.446]: (0.5, 2.2, 2.7) 3
[18:24:23.622]: (0.4, 2.2, 2.5) 4
[18:24:23.639]: (0.4, 2.3, 2.7) 3
[18:24:23.660]: (0.7, 2.8, 4.1) 49
[18:24:23.679]: (0.7, 2.8, 4.1) 49
[18:24:23.696]: (0.7, 2.7, 4.1) 49
[18:24:23.713]: (0.4, 2.3, 2.7) 3
[18:24:23.728]: (0.4, 2.3, 2.7) 3
[18:24:23.745]: (0.4, 2.2, 2.7) 3
[18:24:23.761]: (0.4, 2.1, 2.5) 4
[18:24:23.777]: (0.4, 2.1, 2.5) 4
[18:24:23.792]: (0.4, 2.1, 2.5) 4
[18:24:23.808]: (0.4, 2.1, 2.5) 4
[18:24:23.827]: (0.4, 2.1, 2.5) 4
[18:24:23.842]: (0.2, 2.2, 2.6) 5
[18:24:23.886]: (0.2, 2.2, 2.6) 5
[18:24:24.651]: (0.6, 2.2, 2.6) 0
[18:24:24.669]: (0.2, 2.1, 2.6) 5
[18:24:24.945]: (0.2, 2.1, 2.6) 5
[18:24:25.057]: (0.2, 2.1, 2.6) 5
[18:24:25.079]: (0.2, 2.1, 2.6) 5
[18:24:25.407]: (0.3, 2.1, 2.6) 5
[18:24:25.713]: (1.2, 2.5, 3.6) 13
[18:24:25.730]: (1.2, 2.5, 3.6) 13
[18:24:25.748]: (1.2, 2.5, 3.6) 13
[18:24:25.765]: (1.2, 2.5, 3.6) 13
[18:24:25.781]: (1.2, 2.5, 3.6) 13
[18:24:25.800]: (1.2, 2.5, 3.6) 13
[18:24:26.067]: (0.9, 2.9, 4.4) 54
[18:24:26.396]: (0.9, 2.8, 4.2) 53
[18:24:26.414]: (1.2, 2.5, 3.6) 13
[18:24:26.790]: (0.6, 2.8, 4.2) 44
[18:24:27.272]: (-0.5, 2.3, 2.8) 34
[18:24:27.290]: (-0.3, 2.2, 3.0) 35
[18:24:27.357]: (-0.6, 2.2, 2.9) 38
[18:24:27.689]: (-1.3, 2.3, 2.9) 57
[18:24:27.711]: (-0.6, 2.2, 2.9) 38
[18:24:27.757]: (-0.7, 2.3, 2.9) 38
[18:24:27.867]: (-0.6, 2.3, 2.9) 38
[18:24:27.889]: (-0.7, 2.2, 2.8) 38
[18:24:27.911]: (-0.7, 2.2, 2.9) 38
[18:24:27.935]: (-0.7, 2.2, 2.9) 38
[18:24:27.957]: (-0.7, 2.2, 2.9) 38
[18:24:27.979]: (-0.6, 2.2, 2.9) 38
[18:24:27.998]: (-0.6, 2.2, 2.9) 38
[18:24:28.048]: (-0.6, 2.3, 2.9) 38
[18:24:28.066]: (-0.4, 2.3, 2.8) 34
[18:24:28.097]: (0.7, 2.7, 4.1) 49
[18:24:28.214]: (0.6, 2.2, 2.6) 0
[18:24:28.230]: (0.6, 2.2, 2.6) 0
[18:24:28.250]: (0.6, 2.2, 2.6) 0
[18:24:28.268]: (0.6, 2.1, 2.6) 0
[18:24:28.285]: (0.6, 2.2, 2.6) 0
[18:24:28.303]: (0.5, 2.2, 2.6) 0
[18:24:28.324]: (0.5, 2.2, 2.6) 0
[18:24:28.341]: (0.5, 2.2, 2.6) 0
[18:24:28.360]: (0.5, 2.2, 2.6) 0
[18:24:28.689]: (1.2, 2.4, 3.6) 13
[18:24:28.711]: (1.2, 2.4, 3.6) 13
[18:24:28.733]: (1.2, 2.5, 3.6) 13
[18:24:28.755]: (1.2, 2.5, 3.6) 13
[18:24:28.777]: (1.2, 2.5, 3.6) 13
[18:24:28.821]: (-0.3, 2.4, 2.9) 41
[18:24:28.866]: (-1.5, 2.4, 2.9) 60
[18:24:28.961]: (-1.5, 2.4, 2.9) 60
[18:24:29.577]: (-1.5, 1.8, 1.9) 27
[18:24:29.599]: (-1.5, 1.8, 1.9) 20
[18:24:29.622]: (-1.5, 1.8, 1.9) 20
[18:24:29.643]: (-1.4, 1.8, 1.9) 20
[18:24:29.666]: (-1.4, 1.8, 1.9) 20
[18:24:29.688]: (-1.4, 1.8, 1.9) 20
[18:24:29.710]: (-1.4, 1.9, 1.9) 20
[18:24:29.732]: (-1.2, 1.8, 1.8) 30
[18:24:29.980]: (1.6, 2.4, 3.6) 18
[18:24:30.002]: (1.4, 2.6, 3.4) 12
[18:24:30.041]: (1.4, 2.5, 3.5) 9
[18:24:30.060]: (1.4, 2.5, 3.5) 9
[18:24:30.078]: (1.5, 2.6, 3.6) 10
[18:24:30.096]: (1.5, 2.6, 3.6) 10
[18:24:30.113]: (1.4, 2.6, 3.6) 10
[18:24:30.145]: (1.6, 2.6, 3.6) 17
[18:24:30.160]: (1.6, 2.6, 3.6) 17
[18:24:30.176]: (1.6, 2.6, 3.6) 17
[18:24:30.200]: (1.7, 2.6, 3.6) 17
[18:24:30.322]: (1.6, 2.6, 3.6) 17
[18:24:30.355]: (1.6, 2.6, 3.6) 17
[18:24:30.620]: (1.4, 2.6, 3.5) 12
[18:24:30.644]: (1.4, 2.6, 3.5) 12
[18:24:30.666]: (1.3, 2.6, 3.5) 12
[18:24:30.682]: (1.4, 2.6, 3.4) 12
[18:24:30.698]: (1.4, 2.6, 3.4) 12
[18:24:30.715]: (1.4, 2.6, 3.4) 12
[18:24:30.733]: (1.4, 2.6, 3.4) 12
[18:24:30.749]: (1.4, 2.6, 3.4) 12
[18:24:30.766]: (1.4, 2.6, 3.4) 12
[18:24:30.784]: (1.3, 2.6, 3.4) 12
[18:24:30.801]: (1.4, 2.6, 3.4) 12
[18:24:30.816]: (1.3, 2.6, 3.4) 12
[18:24:30.834]: (1.4, 2.6, 3.4) 12
[18:24:30.852]: (1.3, 2.6, 3.4) 12
[18:24:30.868]: (1.4, 2.6, 3.4) 12
[18:24:30.885]: (1.3, 2.6, 3.4) 12
[18:24:30.901]: (1.3, 2.6, 3.4) 12
[18:24:30.917]: (1.3, 2.6, 3.4) 12
[18:24:30.935]: (1.3, 2.6, 3.4) 12
[18:24:30.951]: (1.3, 2.6, 3.4) 12
[18:24:30.968]: (1.3, 2.6, 3.4) 12
[18:24:30.983]: (1.3, 2.6, 3.4) 12
[18:24:30.999]: (1.3, 2.6, 3.4) 12
[18:24:31.016]: (1.4, 2.6, 3.5) 12
[18:24:31.033]: (1.4, 2.6, 3.6) 10
[18:24:31.051]: (1.4, 2.6, 3.6) 10
[18:24:31.068]: (1.5, 2.6, 3.6) 10
[18:24:31.085]: (1.5, 2.6, 3.6) 10
[18:24:31.102]: (1.5, 2.6, 3.6) 10
[18:24:31.120]: (1.4, 2.6, 3.4) 12
[18:24:31.136]: (1.4, 2.7, 3.7) 16
[18:24:31.154]: (1.3, 2.6, 3.4) 12
[18:24:31.176]: (1.3, 2.6, 3.4) 12
[18:24:31.199]: (1.3, 2.6, 3.4) 12
[18:24:31.220]: (1.3, 2.6, 3.4) 12
[18:24:31.243]: (1.3, 2.6, 3.4) 12
[18:24:31.265]: (1.3, 2.6, 3.4) 12
[18:24:31.288]: (1.3, 2.6, 3.5) 12
[18:24:31.309]: (1.3, 2.6, 3.5) 12
[18:24:31.333]: (1.3, 2.6, 3.5) 12
[18:24:31.354]: (1.3, 2.6, 3.4) 12
[18:24:31.376]: (1.3, 2.6, 3.4) 12
[18:24:31.399]: (1.4, 2.6, 3.4) 12
[18:24:31.421]: (1.4, 2.6, 3.4) 12
[18:24:31.510]: (1.4, 2.6, 3.4) 12
[18:24:31.531]: (1.3, 2.6, 3.4) 12
[18:24:31.801]: (1.4, 2.6, 3.4) 12
[18:24:31.818]: (1.5, 2.7, 3.7) 16
[18:24:31.835]: (1.3, 2.6, 3.4) 12
[18:24:33.402]: (1.4, 2.7, 3.7) 16
[18:24:33.419]: (1.3, 2.7, 3.4) 12
[18:24:33.437]: (1.3, 2.6, 3.4) 12
[18:24:33.518]: (1.5, 2.7, 3.7) 16
[18:24:35.842]: (-1.5, 1.8, 1.9) 27
[18:24:35.886]: (-1.5, 1.8, 2.0) 27
[18:24:35.930]: (-1.5, 1.8, 2.0) 27
[18:24:35.954]: (-1.5, 1.8, 1.9) 20
[18:24:35.970]: (-1.5, 1.8, 1.9) 27
[18:24:35.988]: (-1.5, 1.8, 1.9) 27
[18:24:36.005]: (-1.5, 1.8, 1.9) 27
[18:24:36.022]: (-1.5, 1.8, 1.9) 27
[18:24:36.039]: (-1.5, 1.8, 1.9) 27
[18:24:36.056]: (-1.5, 1.8, 1.9) 27
[18:24:36.072]: (-1.5, 1.9, 1.9) 27
[18:24:36.092]: (-1.4, 1.9, 1.8) 26
[18:24:36.108]: (-1.4, 1.9, 1.8) 26
[18:24:36.125]: (-1.4, 1.9, 1.8) 26
[18:24:36.143]: (-1.4, 1.9, 1.8) 26
[18:24:36.161]: (-1.4, 1.9, 1.8) 26
[18:24:36.402]: (-1.4, 1.9, 1.8) 26
[18:24:36.424]: (-1.4, 1.9, 1.8) 26
[18:24:36.442]: (-1.4, 1.9, 1.8) 26
[18:24:36.461]: (-1.4, 1.9, 1.8) 26
[18:24:36.482]: (-1.4, 1.9, 1.9) 26
[18:24:36.504]: (-1.4, 1.9, 1.9) 26
[18:24:37.595]: (1.4, 2.6, 3.4) 12
[18:24:37.729]: (1.4, 2.6, 3.4) 12
[18:24:37.752]: (1.3, 2.6, 3.5) 12
[18:24:37.774]: (1.3, 2.6, 3.5) 12
[18:24:37.795]: (1.4, 2.7, 3.7) 16
[18:24:37.819]: (1.4, 2.7, 3.7) 16
[18:24:37.997]: (0.8, 2.9, 4.2) 45
[18:24:38.544]: (-0.3, 2.5, 2.9) 41
[18:24:38.583]: (-0.3, 2.4, 2.9) 41
[18:24:38.600]: (-0.3, 2.5, 2.9) 41
[18:24:38.641]: (-0.4, 2.4, 2.9) 36
[18:24:38.737]: (0.5, 2.2, 2.7) 3
[18:24:38.755]: (0.5, 2.2, 2.7) 3
[18:24:38.771]: (0.5, 2.2, 2.7) 3
[18:24:38.787]: (0.5, 2.2, 2.7) 3
[18:24:38.803]: (0.5, 2.3, 2.7) 3
[18:24:38.820]: (0.5, 2.2, 2.7) 3
[18:24:38.837]: (0.5, 2.2, 2.7) 3
[18:24:38.852]: (0.9, 2.8, 4.2) 53
[18:24:38.868]: (0.5, 2.2, 2.7) 3
[18:24:38.885]: (0.5, 2.2, 2.7) 3
[18:24:38.903]: (0.5, 2.2, 2.7) 3
[18:24:38.920]: (0.5, 2.2, 2.7) 3
[18:24:38.937]: (0.9, 2.8, 4.2) 53
[18:24:38.954]: (0.9, 2.9, 4.3) 46
[18:24:38.971]: (0.9, 2.9, 4.3) 46
[18:24:38.989]: (0.9, 2.9, 4.3) 46
[18:24:39.006]: (0.9, 2.9, 4.3) 46
[18:24:39.023]: (0.9, 2.9, 4.3) 46
[18:24:39.039]: (0.9, 2.9, 4.3) 46
[18:24:39.055]: (0.9, 2.8, 4.2) 53
[18:24:39.073]: (0.9, 2.9, 4.3) 46
[18:24:39.089]: (0.9, 2.9, 4.3) 46
[18:24:39.159]: (1.2, 2.4, 3.6) 13
[18:24:39.363]: (0.9, 3.0, 4.2) 52
[18:24:39.585]: (-1.5, 1.8, 1.9) 27
[18:24:39.903]: (0.3, 2.1, 2.5) 4
[18:24:40.107]: (1.3, 2.4, 3.6) 13
[18:24:40.129]: (1.3, 2.4, 3.6) 13
[18:24:40.152]: (1.3, 2.5, 3.6) 13
[18:24:40.173]: (1.3, 2.5, 3.6) 13
[18:24:40.195]: (1.3, 2.5, 3.6) 13
[18:24:40.328]: (1.2, 2.5, 3.6) 13
[18:24:40.350]: (1.3, 2.5, 3.6) 13
[18:24:40.396]: (1.3, 2.5, 3.5) 9
[18:24:40.418]: (1.3, 2.5, 3.5) 9
[18:24:40.461]: (1.4, 2.4, 3.5) 14
[18:24:40.507]: (1.2, 2.4, 3.6) 13
[18:24:40.539]: (1.2, 2.5, 3.6) 13
[18:24:40.589]: (1.3, 2.5, 3.6) 13
[18:24:40.785]: (1.2, 2.5, 3.6) 13
[18:24:40.803]: (1.2, 2.5, 3.6) 13
[18:24:41.439]: (1.3, 2.5, 3.6) 13
[18:24:41.457]: (1.3, 2.5, 3.6) 13
[18:24:41.474]: (1.2, 2.5, 3.6) 13
[18:24:41.492]: (1.2, 2.5, 3.6) 13
[18:24:41.509]: (1.2, 2.5, 3.6) 13
[18:24:41.526]: (1.2, 2.5, 3.6) 13
[18:24:41.546]: (1.4, 2.5, 3.8) 15
[18:24:41.562]: (1.3, 2.5, 3.5) 9
[18:24:41.578]: (1.3, 2.5, 3.5) 9
[18:24:41.594]: (1.2, 2.5, 3.6) 13
[18:24:41.627]: (1.3, 2.5, 3.5) 9
[18:24:41.644]: (1.3, 2.5, 3.5) 9
[18:24:41.661]: (1.3, 2.5, 3.5) 9
[18:24:41.697]: (1.3, 2.5, 3.6) 13
[18:24:41.714]: (1.3, 2.5, 3.6) 13
[18:24:41.734]: (1.4, 2.6, 3.8) 15
[18:24:41.752]: (1.3, 2.5, 3.6) 13
[18:24:41.833]: (1.3, 2.5, 3.6) 9
[18:24:41.851]: (1.3, 2.5, 3.5) 9
[18:24:41.884]: (1.2, 2.5, 3.6) 13
[18:24:41.902]: (1.2, 2.4, 3.6) 13
[18:24:41.919]: (1.2, 2.4, 3.6) 13
[18:24:41.936]: (1.3, 2.4, 3.6) 13
[18:24:41.953]: (1.3, 2.4, 3.6) 13
[18:24:41.971]: (1.2, 2.4, 3.6) 13
[18:24:41.995]: (1.5, 2.6, 3.6) 10
[18:24:42.039]: (1.4, 2.4, 3.5) 14
[18:24:42.061]: (1.4, 2.4, 3.5) 14
[18:24:42.082]: (1.4, 2.4, 3.5) 14
[18:24:42.283]: (1.4, 2.5, 3.8) 15
[18:24:42.305]: (1.3, 2.5, 3.6) 13
[18:24:43.493]: (0.3, 2.1, 2.5) 4
