[12:07:02.492]: (-1.6, -1.0, 0.0) 2
[12:07:07.001]: (-3.0, -1.4, 0.0) 9
[12:07:07.068]: (-3.8, -1.8, 0.0) 17
[12:07:20.840]: (-0.6, 2.1, 2.8) 7
[12:07:20.863]: (-0.7, 2.2, 2.8) 5
[12:07:21.055]: (-0.5, 2.2, 2.7) 6
[12:07:21.164]: (-0.5, 2.1, 2.7) 6
[12:07:21.196]: (0.2, 1.5, 2.3) 1
[12:07:21.214]: (0.4, 1.4, 2.4) 0
[12:07:21.261]: (0.4, 1.5, 2.4) 0
[12:07:21.276]: (0.4, 1.4, 2.4) 0
[12:07:21.293]: (0.4, 1.4, 2.3) 0
[12:07:21.356]: (0.4, 1.4, 2.4) 0
[12:07:21.372]: (0.4, 1.4, 2.4) 0
[12:07:21.387]: (0.4, 1.4, 2.4) 0
[12:07:21.451]: (0.2, 1.5, 2.3) 1
[12:07:21.539]: (0.4, 1.4, 2.3) 0
[12:07:21.562]: (0.4, 1.4, 2.3) 0
[12:07:21.584]: (0.4, 1.5, 2.4) 0
[12:07:21.606]: (0.4, 1.5, 2.4) 0
[12:07:21.630]: (0.4, 1.5, 2.4) 0
[12:07:21.651]: (0.4, 1.5, 2.4) 0
[12:07:21.673]: (0.4, 1.5, 2.4) 0
[12:07:21.695]: (0.4, 1.5, 2.4) 0
[12:07:21.717]: (0.4, 1.5, 2.4) 0
[12:07:21.739]: (0.4, 1.5, 2.4) 0
[12:07:21.763]: (0.4, 1.5, 2.4) 0
[12:07:22.639]: (0.2, 1.3, 2.4) 1
[12:07:22.681]: (0.2, 1.3, 2.4) 1
[12:07:22.723]: (0.2, 1.4, 2.4) 1
[12:07:22.806]: (0.2, 1.4, 2.4) 1
[12:07:22.829]: (0.2, 1.4, 2.4) 1
[12:07:22.852]: (0.2, 1.4, 2.4) 1
[12:07:22.938]: (0.2, 1.5, 2.4) 1
[12:07:23.091]: (0.6, 1.7, 4.5) 24
[12:07:23.108]: (0.6, 1.7, 4.5) 24
[12:07:23.124]: (0.6, 1.7, 4.5) 24
[12:07:23.140]: (0.6, 1.7, 4.6) 24
[12:07:23.155]: (0.6, 1.7, 4.6) 24
[12:07:23.171]: (0.6, 1.7, 4.6) 24
[12:07:23.186]: (0.6, 1.7, 4.6) 24
[12:07:23.203]: (0.6, 1.7, 4.6) 24
[12:07:23.220]: (0.6, 1.7, 4.6) 24
[12:07:23.236]: (0.6, 1.7, 4.6) 24
[12:07:24.504]: (-0.3, 1.8, 3.4) 8
[12:07:24.549]: (-0.4, 1.9, 4.2) 17
[12:07:24.705]: (-0.9, 1.8, 2.9) 7
[12:07:24.833]: (-0.8, 1.8, 2.8) 7
[12:07:25.174]: (0.2, 1.4, 2.4) 1
[12:07:26.316]: (0.1, 1.2, 2.4) 1
[12:07:26.337]: (0.1, 1.2, 2.4) 1
[12:07:26.362]: (0.1, 1.1, 2.4) 1
[12:07:26.384]: (0.1, 1.1, 2.4) 1
[12:07:26.403]: (0.1, 1.1, 2.4) 1
[12:07:26.494]: (0.1, 1.1, 2.4) 1
[12:07:26.518]: (0.1, 1.2, 2.4) 1
[12:07:26.783]: (0.2, 1.3, 2.5) 0
[12:07:27.459]: (0.4, 1.3, 4.6) 24
[12:07:27.813]: (0.2, 1.2, 2.5) 0
[12:07:27.861]: (0.2, 1.2, 2.4) 0
[12:07:27.878]: (0.2, 1.2, 2.4) 0
[12:07:27.893]: (0.2, 1.2, 2.4) 0
[12:07:27.909]: (0.2, 1.2, 2.4) 0
[12:07:27.925]: (0.2, 1.2, 2.4) 0
[12:07:27.941]: (0.2, 1.2, 2.4) 0
[12:07:27.958]: (0.2, 1.2, 2.5) 0
[12:07:27.974]: (0.2, 1.2, 2.4) 0
[12:07:27.992]: (0.2, 1.2, 2.5) 0
[12:07:28.015]: (0.2, 1.2, 2.4) 0
[12:07:30.726]: (0.6, 1.2, 3.5) 12
[12:07:31.580]: (0.2, 1.2, 2.4) 0
[12:07:31.824]: (0.0, 1.2, 2.4) 1
[12:07:32.316]: (0.0, 1.2, 2.4) 1
[12:07:33.491]: (0.2, 1.2, 2.4) 0
[12:07:33.513]: (0.2, 1.2, 2.4) 0
[12:07:33.535]: (0.2, 1.2, 2.4) 0
[12:07:33.556]: (0.2, 1.2, 2.4) 0
[12:07:33.579]: (0.2, 1.2, 2.4) 0
[12:07:33.603]: (0.2, 1.2, 2.4) 0
[12:07:33.623]: (0.2, 1.2, 2.4) 0
[12:07:33.646]: (0.2, 1.2, 2.4) 0
[12:07:33.670]: (0.2, 1.2, 2.5) 0
[12:07:33.691]: (0.2, 1.2, 2.5) 0
[12:07:33.708]: (0.2, 1.2, 2.5) 0
[12:07:33.725]: (0.2, 1.2, 2.5) 0
[12:07:33.741]: (0.2, 1.2, 2.5) 0
[12:07:33.758]: (0.2, 1.2, 2.4) 0
[12:07:33.775]: (0.2, 1.2, 2.4) 0
[12:07:33.791]: (0.2, 1.2, 2.4) 0
[12:07:33.809]: (0.2, 1.2, 2.4) 0
[12:07:33.827]: (0.2, 1.2, 2.4) 0
[12:07:33.843]: (0.2, 1.2, 2.4) 0
[12:07:33.860]: (0.2, 1.2, 2.4) 0
[12:07:33.877]: (0.2, 1.2, 2.4) 0
[12:07:33.893]: (0.2, 1.2, 2.4) 0
[12:07:33.908]: (0.2, 1.2, 2.4) 0
[12:07:33.926]: (0.2, 1.2, 2.4) 0
[12:07:33.943]: (0.2, 1.2, 2.4) 0
[12:07:33.961]: (0.2, 1.2, 2.4) 0
[12:07:33.979]: (0.2, 1.2, 2.4) 0
[12:07:33.995]: (0.2, 1.2, 2.4) 0
[12:07:34.013]: (0.7, 1.2, 3.5) 12
[12:07:34.224]: (0.9, 1.0, 0.9) 27
[12:07:34.246]: (0.8, 1.1, 1.0) 27
[12:07:34.291]: (0.8, 1.1, 1.0) 27
[12:07:34.312]: (0.8, 1.1, 1.0) 27
[12:07:34.423]: (0.9, 1.0, 1.2) 26
[12:07:34.468]: (0.9, 1.1, 1.2) 26
[12:07:34.490]: (0.9, 1.0, 1.2) 26
[12:07:34.512]: (0.9, 1.1, 1.2) 26
[12:07:34.618]: (0.2, 1.2, 2.4) 0
[12:07:34.757]: (0.3, 1.2, 2.4) 0
[12:07:34.774]: (0.2, 1.2, 2.4) 0
[12:07:34.789]: (0.2, 1.1, 2.4) 0
[12:07:36.001]: (2.1, 1.1, 2.9) 21
[12:07:36.045]: (1.6, 1.1, 2.2) 3
[12:07:36.068]: (2.0, 1.1, 2.8) 23
[12:07:36.089]: (2.0, 1.1, 2.8) 23
[12:07:36.112]: (2.0, 1.1, 2.8) 23
[12:07:36.133]: (2.0, 1.1, 2.8) 23
[12:07:36.156]: (2.0, 1.1, 2.8) 23
[12:07:36.180]: (2.0, 1.1, 2.8) 23
[12:07:36.331]: (1.6, 1.1, 2.2) 3
[12:07:36.363]: (2.2, 1.1, 2.8) 21
[12:07:36.379]: (1.6, 1.1, 2.2) 3
[12:07:36.395]: (1.6, 1.1, 2.2) 3
[12:07:36.412]: (1.6, 1.1, 2.2) 3
[12:07:36.428]: (1.6, 1.1, 2.2) 3
[12:07:36.445]: (1.6, 1.1, 2.2) 3
[12:07:36.462]: (1.6, 1.1, 2.2) 3
[12:07:36.479]: (1.6, 1.1, 2.1) 3
[12:07:38.833]: (0.7, 1.3, 3.5) 12
[12:07:38.854]: (0.7, 1.3, 3.5) 12
[12:07:38.877]: (0.7, 1.3, 3.5) 12
[12:07:38.900]: (0.7, 1.3, 3.5) 12
[12:07:38.916]: (0.7, 1.2, 3.4) 12
[12:07:38.931]: (0.7, 1.3, 3.5) 12
[12:07:38.947]: (0.7, 1.3, 3.5) 12
[12:07:38.964]: (0.7, 1.3, 3.5) 12
[12:07:38.980]: (0.7, 1.3, 3.5) 12
[12:07:38.996]: (0.7, 1.3, 3.5) 12
[12:07:39.013]: (0.7, 1.3, 3.5) 12
[12:07:39.029]: (0.7, 1.3, 3.5) 12
[12:07:39.045]: (0.7, 1.3, 3.5) 12
[12:07:39.061]: (0.7, 1.3, 3.5) 12
[12:07:39.258]: (0.8, 1.2, 3.5) 10
[12:07:39.293]: (0.8, 1.2, 3.5) 10
[12:07:39.310]: (0.8, 1.2, 3.5) 10
[12:07:39.366]: (0.6, 1.3, 3.5) 12
[12:07:39.388]: (0.7, 1.3, 3.5) 12
[12:07:39.433]: (0.7, 1.3, 3.5) 12
[12:07:39.455]: (0.7, 1.3, 3.5) 12
[12:07:39.477]: (0.7, 1.3, 3.5) 12
[12:07:39.498]: (0.7, 1.3, 3.5) 12
[12:07:39.521]: (0.7, 1.3, 3.5) 12
[12:07:39.543]: (0.7, 1.3, 3.5) 12
[12:07:39.566]: (0.7, 1.3, 3.5) 12
[12:07:39.589]: (0.7, 1.3, 3.5) 12
[12:07:39.610]: (0.7, 1.3, 3.5) 12
[12:07:39.633]: (0.7, 1.3, 3.5) 12
[12:07:39.654]: (0.7, 1.3, 3.5) 12
[12:07:39.676]: (0.7, 1.3, 3.5) 12
[12:07:39.700]: (0.7, 1.3, 3.5) 12
[12:07:39.721]: (0.7, 1.3, 3.5) 12
[12:07:39.744]: (0.7, 1.3, 3.5) 12
[12:07:39.765]: (0.7, 1.3, 3.5) 12
[12:07:39.782]: (0.7, 1.3, 3.5) 12
[12:07:39.799]: (0.7, 1.3, 3.5) 12
[12:07:39.815]: (0.7, 1.3, 3.5) 12
[12:07:39.831]: (0.7, 1.3, 3.5) 12
[12:07:39.848]: (0.7, 1.3, 3.5) 12
[12:07:39.867]: (0.7, 1.3, 3.5) 12
[12:07:39.882]: (0.7, 1.3, 3.5) 12
[12:07:39.897]: (0.7, 1.3, 3.5) 12
[12:07:39.913]: (0.7, 1.3, 3.5) 12
[12:07:40.052]: (0.7, 1.3, 3.5) 12
[12:07:40.068]: (0.6, 1.3, 3.5) 12
[12:07:40.084]: (0.6, 1.3, 3.5) 12
[12:07:40.100]: (0.6, 1.3, 3.5) 12
[12:07:40.118]: (0.6, 1.3, 3.5) 12
[12:07:40.134]: (0.6, 1.3, 3.5) 12
[12:07:40.151]: (0.6, 1.3, 3.5) 12
[12:07:40.169]: (0.6, 1.3, 3.5) 12
[12:07:40.184]: (0.7, 1.3, 3.5) 12
[12:07:40.200]: (0.7, 1.2, 3.5) 12
[12:07:40.215]: (0.7, 1.2, 3.5) 12
[12:07:40.231]: (0.7, 1.2, 3.5) 12
[12:07:40.254]: (0.7, 1.2, 3.5) 12
[12:07:40.276]: (0.6, 1.2, 3.5) 12
[12:07:40.301]: (0.6, 1.3, 3.5) 12
[12:07:40.320]: (0.6, 1.3, 3.5) 12
[12:07:40.344]: (0.6, 1.3, 3.5) 12
[12:07:40.366]: (0.6, 1.3, 3.5) 12
[12:07:40.387]: (0.6, 1.3, 3.5) 12
[12:07:40.411]: (0.6, 1.3, 3.5) 12
[12:07:40.432]: (0.6, 1.3, 3.5) 12
[12:07:40.454]: (0.7, 1.3, 3.5) 12
[12:07:40.476]: (0.7, 1.3, 3.5) 12
[12:07:40.500]: (0.7, 1.3, 3.5) 12
[12:07:40.521]: (0.7, 1.3, 3.5) 12
[12:07:40.544]: (0.7, 1.3, 3.5) 12
[12:07:40.567]: (0.7, 1.3, 3.5) 12
[12:07:40.587]: (0.7, 1.3, 3.5) 12
[12:07:40.610]: (0.7, 1.3, 3.5) 12
[12:07:40.632]: (0.6, 1.3, 3.5) 12
[12:07:40.654]: (0.6, 1.3, 3.5) 12
[12:07:40.670]: (0.6, 1.3, 3.5) 12
[12:07:40.687]: (0.6, 1.3, 3.5) 12
[12:07:40.703]: (0.6, 1.3, 3.5) 12
[12:07:40.719]: (0.6, 1.3, 3.5) 12
[12:07:40.735]: (0.7, 1.3, 3.5) 12
[12:07:40.751]: (0.6, 1.3, 3.5) 12
[12:07:40.766]: (0.7, 1.3, 3.5) 12
[12:07:40.782]: (0.7, 1.3, 3.5) 12
[12:07:40.798]: (0.6, 1.2, 3.5) 12
[12:07:44.307]: (0.2, 1.2, 2.5) 0
[12:07:44.322]: (0.2, 1.2, 2.5) 0
[12:07:44.619]: (0.2, 1.2, 2.5) 0
[12:07:44.642]: (0.2, 1.2, 2.4) 0
[12:07:44.664]: (0.2, 1.2, 2.4) 0
[12:07:44.685]: (0.2, 1.2, 2.4) 0
[12:07:44.731]: (0.2, 1.2, 2.4) 0
[12:07:44.842]: (0.2, 1.2, 2.4) 0
[12:07:44.886]: (0.2, 1.2, 2.4) 0
[12:07:45.140]: (0.7, 1.3, 3.5) 12
[12:07:46.720]: (0.2, 1.2, 2.5) 0
[12:07:46.754]: (0.2, 1.2, 2.4) 0
[12:07:48.351]: (0.3, 1.1, 2.2) 2
[12:07:48.395]: (0.4, 1.1, 2.2) 2
[12:07:48.418]: (0.4, 1.2, 2.2) 2
[12:07:48.439]: (0.3, 1.2, 2.2) 2
[12:07:48.463]: (0.3, 1.2, 2.2) 2
[12:07:48.484]: (0.3, 1.2, 2.2) 2
[12:07:48.506]: (0.3, 1.2, 2.2) 2
[12:07:49.174]: (0.3, 1.3, 4.7) 24
[12:07:49.700]: (-0.7, 1.4, 4.3) 17
[12:07:49.917]: (0.2, 1.2, 2.5) 0
[12:07:49.939]: (0.2, 1.2, 2.4) 0
[12:07:49.960]: (0.2, 1.1, 2.5) 0
[12:07:49.984]: (0.2, 1.2, 2.4) 0
[12:07:50.007]: (0.2, 1.2, 2.4) 0
[12:07:50.027]: (0.2, 1.2, 2.4) 0
[12:07:50.050]: (0.2, 1.2, 2.5) 0
[12:07:50.072]: (0.2, 1.2, 2.4) 0
[12:07:50.095]: (0.2, 1.2, 2.4) 0
[12:07:50.117]: (0.2, 1.2, 2.4) 0
[12:07:50.139]: (0.2, 1.2, 2.5) 0
[12:07:50.683]: (0.7, 1.3, 3.5) 12
[12:07:50.706]: (0.7, 1.2, 3.5) 12
[12:07:50.727]: (0.7, 1.2, 3.5) 12
[12:07:50.750]: (0.6, 1.2, 3.5) 12
[12:07:50.994]: (0.3, 1.1, 2.2) 2
[12:07:51.016]: (0.9, 1.2, 3.4) 11
[12:07:51.082]: (1.6, 1.1, 2.2) 3
[12:07:51.329]: (2.2, 1.1, 2.9) 21
[12:07:51.345]: (1.6, 1.1, 2.2) 3
[12:07:52.073]: (2.0, 1.1, 2.8) 23
[12:07:52.090]: (2.0, 1.1, 2.8) 23
[12:07:52.106]: (2.0, 1.1, 2.8) 23
[12:07:53.472]: (0.2, 1.2, 2.5) 0
[12:07:53.494]: (0.2, 1.2, 2.5) 0
[12:07:53.516]: (0.2, 1.2, 2.5) 0
[12:07:55.171]: (2.2, 1.1, 2.8) 21
[12:07:55.194]: (1.6, 1.1, 2.2) 3
[12:07:55.237]: (2.1, 1.1, 2.9) 21
[12:07:55.259]: (2.0, 1.1, 2.8) 23
[12:07:55.597]: (-1.0, 1.3, 2.8) 6
[12:07:55.660]: (-1.0, 1.3, 2.8) 7
[12:07:55.705]: (-1.0, 1.3, 2.8) 6
[12:07:55.860]: (0.3, 1.3, 4.7) 24
[12:07:55.878]: (0.4, 1.2, 4.8) 25
[12:07:55.894]: (0.3, 1.3, 4.8) 25
[12:07:56.092]: (0.2, 1.2, 2.5) 0
[12:07:56.248]: (0.0, 1.2, 2.4) 1
[12:07:56.584]: (0.6, 1.3, 3.5) 12
[12:07:56.647]: (0.3, 1.2, 2.2) 2
[12:07:56.696]: (0.7, 1.2, 3.5) 12
[12:07:56.743]: (0.7, 1.2, 3.5) 12
[12:07:56.760]: (0.7, 1.2, 3.5) 12
[12:07:56.778]: (0.2, 1.2, 2.5) 0
[12:07:56.810]: (0.2, 1.2, 2.5) 0
[12:07:56.826]: (0.2, 1.2, 2.5) 0
[12:07:56.850]: (0.2, 1.2, 2.5) 0
[12:07:57.453]: (-0.5, 1.3, 3.4) 8
[12:07:57.470]: (-0.5, 1.3, 3.4) 8
[12:07:57.486]: (-0.5, 1.3, 3.4) 8
[12:08:01.246]: (-1.2, 1.3, 2.9) 5
[12:08:01.268]: (-1.1, 1.3, 3.0) 5
[12:08:03.554]: (-1.1, 1.4, 5.0) 20
[12:08:05.429]: (-1.2, 1.3, 2.9) 5
[12:08:05.447]: (-1.2, 1.3, 3.0) 5
[12:08:05.464]: (-1.2, 1.3, 3.0) 5
[12:08:05.480]: (-1.2, 1.3, 3.0) 5
[12:08:05.495]: (-1.2, 1.3, 2.9) 5
[12:08:05.513]: (-1.2, 1.3, 2.9) 5
[12:08:05.528]: (-1.1, 1.3, 2.9) 5
[12:08:05.589]: (-1.0, 1.3, 2.9) 7
[12:08:05.610]: (-1.0, 1.3, 2.9) 7
[12:08:05.634]: (-1.0, 1.3, 2.9) 7
[12:08:05.655]: (-1.0, 1.3, 2.9) 7
[12:08:05.677]: (-1.0, 1.3, 2.8) 7
[12:08:05.700]: (-1.0, 1.3, 2.8) 7
[12:08:05.922]: (-1.4, 1.4, 4.9) 19
[12:08:05.998]: (-1.5, 1.4, 4.9) 19
[12:08:06.155]: (-1.5, 1.4, 4.9) 19
[12:08:06.171]: (-1.4, 1.4, 4.9) 19
[12:08:06.186]: (-1.4, 1.4, 4.9) 19
[12:08:06.203]: (-1.4, 1.4, 4.9) 19
[12:08:07.492]: (0.3, 1.2, 2.2) 2
[12:08:07.510]: (0.6, 1.2, 3.5) 12
[12:08:07.578]: (0.3, 1.2, 2.5) 0
[12:08:07.666]: (0.2, 1.1, 2.5) 0
[12:08:07.710]: (0.2, 1.2, 2.5) 0
[12:08:07.731]: (0.2, 1.2, 2.5) 0
[12:08:07.755]: (0.2, 1.2, 2.5) 0
[12:08:07.778]: (0.2, 1.2, 2.5) 0
[12:08:07.800]: (0.2, 1.2, 2.5) 0
[12:08:11.283]: (-1.1, 1.4, 5.0) 20
[12:08:11.299]: (-1.1, 1.4, 5.0) 20
[12:08:12.379]: (-0.4, 1.3, 3.4) 9
[12:08:12.490]: (-0.4, 1.3, 4.2) 16
[12:08:12.505]: (-0.4, 1.3, 4.2) 16
[12:08:12.523]: (-0.4, 1.3, 4.2) 16
[12:08:12.918]: (-0.4, 1.3, 3.4) 9
[12:08:12.941]: (-0.4, 1.3, 3.4) 9
[12:08:12.958]: (-0.4, 1.3, 3.4) 9
[12:08:13.005]: (-0.3, 1.3, 3.5) 9
[12:08:13.020]: (-0.3, 1.3, 3.5) 9
[12:08:13.037]: (-0.3, 1.3, 3.4) 9
[12:08:13.098]: (0.3, 1.2, 4.7) 24
[12:08:13.418]: (0.2, 1.2, 2.5) 0
[12:08:13.462]: (0.2, 1.2, 2.5) 0
[12:08:13.618]: (0.7, 1.2, 3.5) 12
[12:08:13.706]: (0.7, 1.2, 3.5) 12
[12:08:13.729]: (0.6, 1.2, 3.5) 12
[12:08:13.797]: (0.7, 1.3, 3.5) 12
[12:08:13.830]: (0.7, 1.2, 3.5) 12
[12:08:14.029]: (0.2, 1.2, 2.5) 0
[12:08:14.150]: (0.7, 1.3, 3.4) 12
[12:08:14.363]: (0.7, 1.3, 3.5) 12
[12:08:14.385]: (0.7, 1.3, 3.5) 12
[12:08:14.768]: (0.9, 1.2, 3.4) 11
[12:08:19.740]: (0.2, 1.2, 2.5) 0
[12:08:20.372]: (0.8, 1.2, 3.5) 10
[12:08:20.850]: (0.3, 1.1, 2.2) 2
[12:08:20.898]: (0.2, 1.2, 2.5) 0
[12:08:20.913]: (0.2, 1.2, 2.5) 0
[12:08:20.929]: (0.2, 1.2, 2.5) 0
[12:08:20.946]: (0.2, 1.2, 2.5) 0
[12:08:20.962]: (0.2, 1.2, 2.5) 0
[12:08:20.978]: (0.2, 1.2, 2.5) 0
[12:08:21.031]: (0.2, 1.2, 2.5) 0
[12:08:21.124]: (0.2, 1.2, 2.5) 0
[12:08:21.170]: (0.2, 1.2, 2.5) 0
[12:08:21.185]: (0.2, 1.2, 2.5) 0
[12:08:21.950]: (0.2, 1.2, 2.5) 0
[12:08:21.968]: (0.2, 1.2, 2.5) 0
[12:08:21.984]: (0.2, 1.2, 2.5) 0
[12:08:22.000]: (0.2, 1.2, 2.5) 0
[12:08:22.017]: (0.2, 1.2, 2.5) 0
[12:08:22.032]: (0.2, 1.2, 2.5) 0
[12:08:22.048]: (0.2, 1.2, 2.5) 0
[12:08:22.064]: (0.2, 1.2, 2.5) 0
[12:08:22.080]: (0.2, 1.2, 2.5) 0
[12:08:22.096]: (0.2, 1.2, 2.5) 0
[12:08:22.112]: (0.2, 1.2, 2.5) 0
[12:08:22.129]: (0.2, 1.2, 2.5) 0
[12:08:22.150]: (0.2, 1.2, 2.5) 0
[12:08:22.171]: (0.2, 1.2, 2.5) 0
[12:08:23.701]: (0.2, 1.2, 2.5) 0
[12:08:23.823]: (0.2, 1.2, 2.5) 0
[12:08:23.840]: (0.2, 1.2, 2.5) 0
[12:08:23.856]: (0.2, 1.2, 2.5) 0
[12:08:23.872]: (0.2, 1.2, 2.5) 0
[12:08:24.226]: (0.2, 1.2, 2.5) 0
[12:08:24.292]: (0.2, 1.2, 2.5) 0
[12:08:24.314]: (0.2, 1.2, 2.5) 0
[12:08:24.337]: (0.2, 1.2, 2.5) 0
[12:08:25.125]: (0.7, 1.3, 3.5) 12
[12:08:25.149]: (0.7, 1.2, 3.4) 12
[12:08:25.169]: (0.9, 1.2, 3.5) 10
[12:08:25.185]: (0.9, 1.2, 3.5) 11
[12:08:25.202]: (0.9, 1.2, 3.4) 11
[12:08:25.220]: (0.9, 1.2, 3.4) 11
[12:08:25.238]: (0.9, 1.2, 3.4) 11
[12:08:25.255]: (0.9, 1.2, 3.4) 11
[12:08:25.270]: (0.9, 1.2, 3.4) 11
[12:08:25.300]: (0.9, 1.2, 3.4) 11
[12:08:25.318]: (0.9, 1.2, 3.4) 11
[12:08:25.337]: (0.9, 1.2, 3.4) 11
[12:08:25.355]: (0.9, 1.2, 3.4) 11
[12:08:25.370]: (0.9, 1.2, 3.4) 11
[12:08:25.386]: (0.9, 1.2, 3.4) 11
[12:08:25.404]: (0.9, 1.2, 3.4) 11
[12:08:25.422]: (0.9, 1.2, 3.4) 11
[12:08:25.438]: (0.9, 1.2, 3.4) 11
[12:08:25.456]: (0.9, 1.2, 3.4) 11
[12:08:25.471]: (0.9, 1.2, 3.4) 11
[12:08:25.487]: (0.9, 1.2, 3.4) 11
[12:08:25.504]: (0.9, 1.2, 3.4) 11
[12:08:25.520]: (1.0, 1.2, 3.4) 11
[12:08:25.537]: (1.0, 1.2, 3.4) 11
[12:08:25.553]: (1.0, 1.2, 3.4) 11
[12:08:25.571]: (1.0, 1.2, 3.4) 11
[12:08:25.588]: (1.0, 1.2, 3.4) 11
[12:08:25.619]: (0.9, 1.2, 3.4) 11
[12:08:25.635]: (0.9, 1.2, 3.4) 11
[12:08:25.651]: (0.9, 1.2, 3.4) 11
[12:08:25.667]: (0.9, 1.2, 3.4) 11
[12:08:25.682]: (0.9, 1.2, 3.4) 11
[12:08:25.702]: (0.9, 1.2, 3.4) 11
[12:08:25.725]: (0.9, 1.2, 3.4) 11
[12:08:25.769]: (0.2, 1.2, 2.5) 0
[12:08:25.792]: (0.2, 1.2, 2.5) 0
[12:08:25.813]: (0.2, 1.2, 2.5) 0
[12:08:25.881]: (0.2, 1.2, 2.5) 0
[12:08:25.904]: (0.2, 1.2, 2.5) 0
[12:08:25.926]: (0.2, 1.2, 2.5) 0
[12:08:25.947]: (0.2, 1.2, 2.5) 0
[12:08:25.970]: (0.2, 1.2, 2.5) 0
[12:08:25.991]: (0.2, 1.2, 2.5) 0
[12:08:26.014]: (0.2, 1.2, 2.5) 0
[12:08:26.036]: (0.2, 1.2, 2.5) 0
[12:08:26.058]: (0.2, 1.2, 2.5) 0
[12:08:26.081]: (0.2, 1.2, 2.5) 0
[12:08:26.103]: (0.2, 1.2, 2.5) 0
[12:08:26.125]: (0.2, 1.2, 2.5) 0
[12:08:26.141]: (0.2, 1.2, 2.5) 0
[12:08:26.156]: (0.2, 1.2, 2.5) 0
[12:08:26.171]: (0.2, 1.2, 2.5) 0
[12:08:26.187]: (0.2, 1.2, 2.5) 0
[12:08:26.463]: (0.2, 1.2, 2.5) 0
[12:08:26.510]: (0.2, 1.3, 2.5) 0
[12:08:26.526]: (0.2, 1.2, 2.5) 0
[12:08:26.541]: (0.2, 1.2, 2.5) 0
[12:08:26.558]: (0.2, 1.3, 2.5) 0
[12:08:26.580]: (0.2, 1.3, 2.5) 0
[12:08:26.605]: (0.2, 1.3, 2.5) 0
[12:08:26.625]: (0.2, 1.3, 2.5) 0
[12:08:27.069]: (0.2, 1.2, 2.5) 0
[12:08:27.085]: (0.2, 1.2, 2.5) 0
[12:08:27.103]: (0.2, 1.2, 2.5) 0
[12:08:27.119]: (0.2, 1.2, 2.5) 0
[12:08:27.135]: (0.2, 1.2, 2.5) 0
[12:08:27.151]: (0.2, 1.2, 2.5) 0
[12:08:27.167]: (0.2, 1.2, 2.5) 0
[12:08:27.183]: (0.2, 1.2, 2.5) 0
[12:08:27.201]: (0.2, 1.2, 2.5) 0
[12:08:27.216]: (0.2, 1.2, 2.5) 0
[12:08:27.233]: (0.2, 1.2, 2.5) 0
[12:08:27.249]: (0.2, 1.2, 2.5) 0
[12:08:27.265]: (0.2, 1.2, 2.5) 0
[12:08:27.281]: (0.2, 1.2, 2.5) 0
[12:08:27.299]: (0.2, 1.2, 2.5) 0
[12:08:27.315]: (0.2, 1.2, 2.5) 0
[12:08:27.333]: (0.2, 1.2, 2.5) 0
[12:08:27.348]: (0.2, 1.2, 2.5) 0
[12:08:27.363]: (0.2, 1.2, 2.5) 0
[12:08:27.380]: (0.2, 1.2, 2.5) 0
[12:08:27.402]: (0.2, 1.2, 2.5) 0
[12:08:27.669]: (0.2, 1.2, 2.5) 0
[12:08:27.693]: (0.2, 1.2, 2.5) 0
[12:08:27.802]: (0.2, 1.2, 2.5) 0
[12:08:27.825]: (0.2, 1.2, 2.5) 0
[12:08:27.846]: (0.2, 1.2, 2.5) 0
[12:08:27.868]: (0.2, 1.2, 2.5) 0
[12:08:27.884]: (0.2, 1.2, 2.5) 0
[12:08:27.901]: (0.2, 1.2, 2.5) 0
[12:08:27.918]: (0.2, 1.2, 2.5) 0
[12:08:27.934]: (0.2, 1.2, 2.5) 0
[12:08:27.950]: (0.2, 1.2, 2.5) 0
[12:08:27.968]: (0.2, 1.2, 2.5) 0
[12:08:27.986]: (0.2, 1.2, 2.5) 0
[12:08:28.008]: (0.2, 1.2, 2.5) 0
[12:08:28.030]: (0.2, 1.2, 2.5) 0
[12:08:28.046]: (0.2, 1.2, 2.5) 0
[12:08:28.065]: (0.2, 1.2, 2.5) 0
[12:08:28.083]: (0.2, 1.2, 2.5) 0
[12:08:28.100]: (0.2, 1.2, 2.5) 0
[12:08:28.146]: (0.2, 1.2, 2.5) 0
[12:08:28.161]: (0.2, 1.2, 2.5) 0
[12:08:28.179]: (0.2, 1.2, 2.5) 0
[12:08:28.194]: (0.2, 1.2, 2.5) 0
[12:08:28.211]: (0.2, 1.2, 2.5) 0
[12:08:28.227]: (0.2, 1.2, 2.5) 0
[12:08:28.243]: (0.2, 1.2, 2.5) 0
[12:08:28.258]: (0.2, 1.2, 2.5) 0
[12:08:28.275]: (0.2, 1.2, 2.5) 0
[12:08:28.291]: (0.2, 1.2, 2.5) 0
[12:08:28.307]: (0.2, 1.2, 2.5) 0
[12:08:28.322]: (0.2, 1.2, 2.5) 0
[12:08:28.338]: (0.2, 1.2, 2.5) 0
[12:08:28.356]: (0.2, 1.2, 2.5) 0
[12:08:28.373]: (0.2, 1.2, 2.5) 0
[12:08:28.391]: (0.2, 1.2, 2.5) 0
[12:08:28.413]: (0.2, 1.2, 2.5) 0
[12:08:28.435]: (0.2, 1.2, 2.5) 0
[12:08:28.457]: (0.2, 1.2, 2.5) 0
[12:08:28.612]: (0.2, 1.2, 2.5) 0
[12:08:28.657]: (0.2, 1.2, 2.5) 0
[12:08:28.679]: (0.2, 1.2, 2.5) 0
[12:08:28.703]: (0.2, 1.2, 2.5) 0
[12:08:28.724]: (0.2, 1.2, 2.5) 0
[12:08:28.746]: (0.2, 1.2, 2.5) 0
[12:08:28.769]: (0.2, 1.2, 2.5) 0
[12:08:28.791]: (0.2, 1.2, 2.5) 0
[12:08:28.807]: (0.2, 1.2, 2.5) 0
[12:08:28.823]: (0.2, 1.2, 2.5) 0
[12:08:28.839]: (0.2, 1.2, 2.5) 0
[12:08:28.855]: (0.2, 1.2, 2.5) 0
[12:08:28.870]: (0.2, 1.2, 2.5) 0
[12:08:28.886]: (0.2, 1.2, 2.5) 0
[12:08:28.904]: (0.2, 1.2, 2.5) 0
[12:08:28.919]: (0.2, 1.2, 2.5) 0
[12:08:29.147]: (0.2, 1.2, 2.5) 0
[12:08:29.164]: (0.2, 1.2, 2.5) 0
[12:08:29.181]: (0.2, 1.2, 2.5) 0
[12:08:29.196]: (0.2, 1.2, 2.5) 0
[12:08:29.213]: (0.2, 1.2, 2.5) 0
[12:08:29.245]: (0.3, 1.3, 4.6) 24
[12:08:29.268]: (0.3, 1.3, 4.6) 24
[12:08:29.290]: (0.3, 1.3, 4.8) 25
[12:08:31.701]: (0.9, 1.0, 1.2) 26
[12:08:36.833]: (0.3, 1.2, 2.5) 0
[12:08:36.864]: (0.2, 1.2, 2.5) 0
[12:08:36.882]: (0.2, 1.2, 2.5) 0
[12:08:36.900]: (0.2, 1.2, 2.5) 0
[12:08:37.040]: (0.2, 1.2, 2.5) 0
[12:08:37.165]: (0.2, 1.2, 2.5) 0
[12:08:37.187]: (0.2, 1.2, 2.5) 0
[12:08:37.210]: (0.2, 1.2, 2.5) 0
[12:08:37.232]: (0.2, 1.2, 2.5) 0
[12:08:37.256]: (0.2, 1.2, 2.5) 0
[12:08:37.276]: (0.2, 1.2, 2.5) 0
[12:08:37.298]: (0.2, 1.2, 2.5) 0
[12:08:37.320]: (0.2, 1.2, 2.5) 0
[12:08:37.342]: (0.2, 1.2, 2.5) 0
[12:08:37.366]: (0.2, 1.2, 2.5) 0
[12:08:37.387]: (0.2, 1.2, 2.5) 0
[12:08:37.410]: (0.2, 1.2, 2.5) 0
[12:08:37.432]: (0.2, 1.2, 2.5) 0
[12:08:37.453]: (0.2, 1.2, 2.5) 0
[12:08:37.476]: (0.2, 1.2, 2.5) 0
[12:08:37.492]: (0.2, 1.2, 2.5) 0
[12:08:39.418]: (0.2, 1.2, 2.5) 0
[12:08:39.435]: (0.2, 1.2, 2.5) 0
[12:08:39.450]: (0.2, 1.2, 2.5) 0
[12:08:39.466]: (0.2, 1.2, 2.5) 0
[12:08:39.483]: (0.2, 1.2, 2.5) 0
[12:08:41.418]: (0.0, 1.2, 2.4) 1
[12:08:41.440]: (0.0, 1.2, 2.4) 1
[12:08:41.463]: (0.0, 1.2, 2.4) 1
[12:08:41.484]: (0.0, 1.2, 2.4) 1
[12:08:41.508]: (0.0, 1.2, 2.4) 1
[12:08:41.530]: (0.0, 1.2, 2.4) 1
[12:08:41.552]: (0.0, 1.2, 2.4) 1
[12:08:41.574]: (0.0, 1.2, 2.4) 1
[12:08:41.596]: (0.0, 1.2, 2.4) 1
[12:08:41.619]: (0.0, 1.2, 2.4) 1
[12:08:41.641]: (0.0, 1.2, 2.4) 1
[12:08:41.663]: (0.0, 1.1, 2.4) 1
[12:08:41.685]: (0.0, 1.2, 2.4) 1
[12:08:41.709]: (0.0, 1.2, 2.4) 1
[12:08:41.729]: (0.0, 1.2, 2.4) 1
[12:08:41.751]: (0.1, 1.2, 2.4) 1
[12:08:41.768]: (0.0, 1.2, 2.4) 1
[12:08:41.784]: (0.0, 1.2, 2.4) 1
[12:08:41.800]: (0.0, 1.2, 2.4) 1
[12:08:41.816]: (0.0, 1.2, 2.4) 1
[12:08:41.833]: (0.0, 1.2, 2.4) 1
[12:08:41.850]: (0.0, 1.2, 2.4) 1
[12:08:41.866]: (0.0, 1.2, 2.4) 1
[12:08:41.881]: (0.0, 1.2, 2.4) 1
[12:08:42.141]: (0.0, 1.2, 2.4) 1
[12:08:42.163]: (0.0, 1.2, 2.4) 1
[12:08:42.185]: (0.0, 1.2, 2.4) 1
[12:08:42.230]: (0.0, 1.2, 2.4) 1
[12:08:42.253]: (0.0, 1.2, 2.4) 1
[12:08:42.274]: (0.0, 1.2, 2.4) 1
[12:08:42.296]: (0.0, 1.2, 2.4) 1
[12:08:42.318]: (0.0, 1.2, 2.4) 1
[12:08:42.340]: (0.0, 1.2, 2.4) 1
[12:08:42.362]: (0.0, 1.2, 2.4) 1
[12:08:42.385]: (0.0, 1.2, 2.4) 1
[12:08:42.409]: (0.0, 1.2, 2.4) 1
[12:08:42.428]: (0.0, 1.2, 2.4) 1
[12:08:42.452]: (0.0, 1.2, 2.4) 1
[12:08:42.473]: (0.0, 1.2, 2.4) 1
[12:08:42.496]: (0.0, 1.2, 2.4) 1
[12:08:42.518]: (0.0, 1.2, 2.4) 1
[12:08:42.540]: (0.0, 1.2, 2.4) 1
[12:08:42.563]: (0.0, 1.2, 2.4) 1
[12:08:42.584]: (0.0, 1.2, 2.4) 1
[12:08:42.608]: (0.0, 1.2, 2.4) 1
[12:08:42.628]: (0.0, 1.2, 2.4) 1
[12:08:42.644]: (0.0, 1.2, 2.4) 1
[12:08:42.660]: (0.0, 1.2, 2.4) 1
[12:08:42.675]: (0.0, 1.2, 2.4) 1
[12:08:42.692]: (0.0, 1.2, 2.4) 1
[12:08:42.709]: (0.0, 1.2, 2.4) 1
[12:08:42.727]: (0.0, 1.2, 2.4) 1
[12:08:42.741]: (0.0, 1.2, 2.4) 1
[12:08:42.757]: (0.0, 1.2, 2.4) 1
[12:08:42.774]: (0.0, 1.2, 2.4) 1
[12:08:42.789]: (0.0, 1.2, 2.4) 1
[12:08:42.806]: (0.0, 1.2, 2.4) 1
[12:08:42.820]: (0.0, 1.2, 2.4) 1
[12:08:42.836]: (0.0, 1.2, 2.4) 1
[12:08:42.853]: (0.0, 1.2, 2.4) 1
[12:08:42.870]: (0.0, 1.2, 2.4) 1
[12:08:42.886]: (0.0, 1.2, 2.4) 1
[12:08:42.904]: (-0.1, 1.2, 2.4) 1
[12:08:42.920]: (-0.1, 1.2, 2.4) 1
[12:08:42.936]: (0.0, 1.2, 2.5) 1
[12:08:42.953]: (-0.1, 1.2, 2.4) 1
[12:08:42.970]: (-0.1, 1.2, 2.4) 1
[12:08:43.049]: (-0.1, 1.2, 2.5) 1
[12:08:43.065]: (-0.1, 1.2, 2.4) 1
[12:08:43.083]: (-0.1, 1.2, 2.4) 1
[12:08:43.100]: (-0.1, 1.2, 2.4) 1
[12:08:43.118]: (0.2, 1.2, 2.5) 0
[12:08:43.431]: (0.3, 1.2, 2.5) 0
[12:08:47.855]: (0.3, 1.2, 2.2) 2
[12:08:47.901]: (0.3, 1.2, 2.2) 2
[12:08:47.917]: (0.3, 1.2, 2.2) 2
[12:08:47.934]: (0.3, 1.2, 2.2) 2
[12:08:47.950]: (0.3, 1.2, 2.1) 2
[12:08:47.966]: (0.3, 1.2, 2.1) 2
[12:08:47.996]: (0.3, 1.2, 2.2) 2
[12:08:48.013]: (0.3, 1.2, 2.2) 2
[12:08:48.030]: (0.3, 1.2, 2.2) 2
[12:08:48.046]: (0.3, 1.2, 2.2) 2
[12:08:48.062]: (0.3, 1.2, 2.1) 2
[12:08:48.078]: (0.3, 1.2, 2.2) 2
[12:08:48.095]: (0.3, 1.2, 2.2) 2
[12:08:48.112]: (0.3, 1.2, 2.2) 2
[12:08:48.128]: (0.3, 1.2, 2.2) 2
[12:08:48.143]: (0.3, 1.2, 2.2) 2
[12:08:48.158]: (0.3, 1.2, 2.2) 2
[12:08:48.173]: (0.3, 1.2, 2.1) 2
[12:08:48.190]: (0.3, 1.2, 2.2) 2
[12:08:48.205]: (0.3, 1.2, 2.2) 2
[12:08:48.220]: (0.3, 1.2, 2.2) 2
[12:08:48.238]: (0.4, 1.2, 2.2) 2
[12:08:48.253]: (0.3, 1.2, 2.2) 2
[12:08:48.271]: (0.3, 1.2, 2.2) 2
[12:08:48.295]: (0.3, 1.2, 2.2) 2
[12:08:48.316]: (0.3, 1.2, 2.2) 2
[12:08:48.337]: (0.3, 1.2, 2.2) 2
[12:08:48.359]: (0.3, 1.2, 2.1) 2
[12:08:48.382]: (0.3, 1.2, 2.1) 2
[12:08:48.405]: (0.3, 1.2, 2.1) 2
[12:08:48.426]: (0.3, 1.2, 2.2) 2
[12:08:48.449]: (0.3, 1.2, 2.2) 2
[12:08:48.471]: (0.3, 1.2, 2.2) 2
[12:08:48.493]: (0.3, 1.2, 2.2) 2
[12:08:48.516]: (0.3, 1.2, 2.2) 2
[12:08:48.537]: (0.3, 1.2, 2.2) 2
[12:08:48.560]: (0.3, 1.2, 2.2) 2
[12:08:48.582]: (0.3, 1.1, 2.2) 2
[12:08:48.604]: (0.3, 1.1, 2.2) 2
[12:08:48.626]: (0.3, 1.1, 2.2) 2
[12:08:48.648]: (0.3, 1.1, 2.2) 2
[12:08:48.670]: (0.3, 1.1, 2.2) 2
[12:08:48.686]: (0.3, 1.1, 2.2) 2
[12:08:48.702]: (0.3, 1.1, 2.2) 2
[12:08:48.718]: (0.3, 1.2, 2.2) 2
[12:08:48.734]: (0.3, 1.2, 2.2) 2
[12:08:48.751]: (0.3, 1.2, 2.2) 2
[12:08:48.768]: (0.3, 1.2, 2.2) 2
[12:08:48.783]: (0.3, 1.2, 2.2) 2
[12:08:48.799]: (0.3, 1.2, 2.2) 2
[12:08:48.818]: (0.3, 1.2, 2.2) 2
[12:08:48.834]: (0.3, 1.2, 2.2) 2
[12:08:48.850]: (0.3, 1.2, 2.2) 2
[12:08:48.867]: (0.3, 1.2, 2.2) 2
[12:08:48.886]: (0.3, 1.2, 2.2) 2
[12:08:48.902]: (0.3, 1.2, 2.2) 2
[12:08:48.948]: (0.3, 1.2, 2.5) 0
[12:08:48.965]: (0.2, 1.2, 2.5) 0
[12:08:48.981]: (0.2, 1.2, 2.5) 0
[12:08:48.997]: (0.2, 1.2, 2.5) 0
[12:08:49.015]: (0.2, 1.2, 2.5) 0
[12:08:49.031]: (0.2, 1.2, 2.5) 0
[12:08:49.047]: (0.2, 1.2, 2.5) 0
[12:08:49.063]: (0.2, 1.2, 2.5) 0
[12:08:49.080]: (0.2, 1.2, 2.5) 0
[12:08:49.096]: (0.2, 1.2, 2.5) 0
[12:08:49.112]: (0.2, 1.1, 2.5) 0
[12:08:49.226]: (0.2, 1.2, 2.5) 0
[12:08:49.248]: (0.2, 1.2, 2.5) 0
[12:08:49.271]: (0.2, 1.2, 2.5) 0
[12:08:49.292]: (0.2, 1.2, 2.5) 0
[12:08:49.316]: (0.2, 1.2, 2.5) 0
[12:08:49.338]: (0.2, 1.2, 2.5) 0
[12:08:49.360]: (0.2, 1.2, 2.5) 0
[12:08:49.382]: (0.2, 1.2, 2.5) 0
[12:08:49.405]: (0.2, 1.2, 2.5) 0
[12:08:49.426]: (0.2, 1.2, 2.5) 0
[12:08:49.448]: (0.2, 1.2, 2.5) 0
[12:08:49.471]: (0.2, 1.2, 2.5) 0
[12:08:49.493]: (0.2, 1.2, 2.5) 0
[12:08:49.515]: (0.2, 1.2, 2.5) 0
[12:08:49.537]: (0.2, 1.2, 2.5) 0
[12:08:49.559]: (0.2, 1.2, 2.5) 0
[12:08:49.582]: (0.2, 1.2, 2.5) 0
[12:08:49.599]: (0.2, 1.2, 2.5) 0
[12:08:49.616]: (0.2, 1.2, 2.5) 0
[12:08:49.633]: (0.3, 1.2, 2.5) 0
[12:08:49.649]: (0.3, 1.2, 2.5) 0
[12:08:49.667]: (0.3, 1.2, 2.5) 0
[12:08:49.683]: (0.3, 1.2, 2.5) 0
[12:08:49.700]: (0.3, 1.2, 2.5) 0
[12:08:49.718]: (0.3, 1.2, 2.5) 0
[12:08:49.734]: (0.2, 1.2, 2.5) 0
[12:08:49.749]: (0.2, 1.2, 2.5) 0
[12:08:49.764]: (0.2, 1.2, 2.5) 0
[12:08:49.782]: (0.2, 1.2, 2.5) 0
[12:08:49.799]: (0.2, 1.2, 2.5) 0
[12:08:49.818]: (0.2, 1.2, 2.5) 0
[12:08:49.834]: (0.2, 1.2, 2.5) 0
[12:08:49.851]: (0.2, 1.2, 2.5) 0
[12:08:49.868]: (0.2, 1.2, 2.5) 0
[12:08:49.886]: (0.2, 1.2, 2.5) 0
[12:08:49.906]: (0.2, 1.2, 2.5) 0
[12:08:49.922]: (0.2, 1.2, 2.5) 0
[12:08:49.938]: (0.2, 1.2, 2.5) 0
[12:08:49.954]: (0.2, 1.2, 2.5) 0
[12:08:49.973]: (0.2, 1.2, 2.5) 0
[12:08:49.990]: (0.2, 1.2, 2.5) 0
[12:08:50.006]: (0.2, 1.2, 2.5) 0
[12:08:50.023]: (0.2, 1.2, 2.5) 0
[12:08:50.039]: (0.2, 1.2, 2.5) 0
[12:08:50.059]: (0.2, 1.2, 2.5) 0
[12:08:50.081]: (0.2, 1.2, 2.5) 0
[12:08:50.104]: (0.2, 1.2, 2.5) 0
[12:08:50.126]: (0.2, 1.2, 2.5) 0
[12:08:50.149]: (0.2, 1.2, 2.5) 0
[12:08:50.170]: (0.2, 1.2, 2.5) 0
[12:08:50.194]: (0.2, 1.2, 2.5) 0
[12:08:51.316]: (0.2, 1.2, 2.5) 0
[12:08:51.570]: (0.2, 1.2, 2.5) 0
[12:08:51.605]: (0.2, 1.2, 2.5) 0
[12:08:51.623]: (0.2, 1.2, 2.5) 0
[12:08:51.638]: (0.2, 1.2, 2.5) 0
[12:08:51.657]: (0.2, 1.2, 2.5) 0
[12:08:51.672]: (0.2, 1.2, 2.5) 0
[12:08:51.689]: (0.2, 1.2, 2.5) 0
[12:08:51.704]: (0.2, 1.2, 2.5) 0
[12:08:51.720]: (0.2, 1.2, 2.5) 0
[12:08:51.737]: (0.2, 1.2, 2.5) 0
[12:08:51.752]: (0.2, 1.2, 2.5) 0
[12:08:51.768]: (0.2, 1.2, 2.5) 0
[12:08:52.720]: (0.4, 1.3, 4.8) 25
[12:08:52.736]: (0.4, 1.3, 4.7) 25
[12:08:53.404]: (-1.1, 1.3, 2.8) 7
[12:08:53.422]: (-1.1, 1.3, 2.8) 7
[12:08:53.437]: (-1.1, 1.3, 3.0) 5
[12:08:53.469]: (-1.1, 1.3, 2.8) 7
[12:08:53.517]: (-0.8, 1.3, 4.3) 17
[12:08:53.548]: (0.2, 1.2, 2.5) 0
[12:08:53.569]: (0.3, 1.2, 2.2) 2
[12:08:53.680]: (0.3, 1.2, 2.2) 2
[12:08:53.747]: (0.3, 1.2, 2.2) 2
[12:08:53.769]: (0.3, 1.2, 2.2) 2
[12:08:53.882]: (0.3, 1.2, 2.5) 0
[12:08:54.180]: (0.2, 1.2, 2.5) 0
[12:08:54.425]: (-1.1, 1.3, 3.0) 5
[12:08:54.461]: (-1.1, 1.3, 2.8) 7
[12:08:54.680]: (-1.2, 1.3, 3.0) 5
[12:08:54.747]: (-1.2, 1.3, 3.0) 5
[12:08:55.339]: (-1.1, 1.3, 3.0) 5
[12:08:55.355]: (-1.2, 1.3, 3.0) 5
[12:08:55.371]: (-1.2, 1.3, 3.0) 5
[12:08:55.469]: (0.3, 1.2, 2.1) 2
[12:08:55.491]: (0.3, 1.2, 2.1) 2
[12:08:55.515]: (0.3, 1.2, 2.1) 2
[12:08:55.557]: (0.3, 1.2, 2.1) 2
[12:08:55.580]: (0.3, 1.2, 2.2) 2
[12:08:55.603]: (0.3, 1.2, 2.2) 2
[12:08:55.624]: (0.3, 1.2, 2.2) 2
[12:08:55.757]: (0.8, 1.1, 3.5) 10
[12:08:55.803]: (0.9, 1.2, 3.5) 10
[12:08:55.869]: (0.3, 1.2, 2.2) 2
[12:08:56.138]: (0.3, 1.2, 2.5) 0
[12:08:56.635]: (0.3, 1.2, 2.5) 0
[12:08:56.657]: (0.3, 1.2, 2.5) 0
[12:08:56.679]: (0.2, 1.2, 2.5) 0
[12:08:56.703]: (0.2, 1.2, 2.5) 0
