[12:28:49.370]: (-2.2, -1.0, 0.0) 28
[12:28:50.432]: (0.1, 0.3, 2.0) 16
[12:28:50.457]: (0.4, -0.3, 3.2) 37
[12:28:50.478]: (0.4, -0.2, 3.2) 37
[12:28:50.514]: (0.3, 0.2, 2.5) 32
[12:28:50.548]: (0.2, 0.5, 2.0) 13
[12:28:50.715]: (0.2, 0.7, 2.2) 14
[12:28:50.747]: (0.2, 0.8, 2.2) 14
[12:28:50.779]: (0.2, 0.8, 2.2) 14
[12:28:50.813]: (0.2, 0.8, 2.2) 12
[12:28:50.847]: (0.2, 0.9, 2.2) 12
[12:28:50.880]: (0.2, 0.9, 2.2) 12
[12:28:50.913]: (0.2, 0.9, 2.2) 12
[12:28:50.946]: (0.2, 0.9, 2.2) 12
[12:28:50.982]: (0.2, 0.9, 2.2) 12
[12:28:51.015]: (0.2, 0.9, 2.2) 12
[12:28:51.049]: (0.2, 0.8, 2.2) 12
[12:28:51.079]: (0.2, 0.9, 2.2) 12
[12:28:51.113]: (0.2, 0.9, 2.2) 12
[12:28:51.145]: (0.2, 0.9, 2.2) 12
[12:28:51.168]: (0.3, 0.8, 2.5) 33
[12:28:51.190]: (0.2, 0.9, 2.2) 15
[12:28:51.212]: (0.3, 0.8, 2.5) 33
[12:28:51.235]: (0.2, 0.8, 2.5) 33
[12:28:51.257]: (0.2, 0.8, 2.5) 33
[12:28:51.278]: (0.2, 0.8, 2.5) 33
[12:28:51.302]: (0.2, 0.8, 2.5) 33
[12:28:51.324]: (0.2, 0.8, 2.5) 33
[12:28:51.346]: (0.2, 0.9, 2.2) 14
[12:28:51.376]: (0.2, 0.9, 2.2) 14
[12:28:51.650]: (0.2, 1.5, 2.0) 17
[12:28:51.672]: (0.2, 1.5, 2.0) 17
[12:28:51.757]: (0.4, 1.8, 3.2) 38
[12:28:51.802]: (0.4, 1.9, 3.3) 39
[12:28:52.677]: (1.6, 1.5, 2.5) 70
[12:28:52.701]: (1.5, 1.5, 2.6) 66
[12:28:52.723]: (1.6, 1.5, 2.5) 70
[12:28:52.743]: (1.1, 1.3, 1.9) 19
[12:28:52.767]: (1.1, 1.4, 1.9) 19
[12:28:52.789]: (1.1, 1.4, 1.9) 19
[12:28:52.806]: (1.4, 1.4, 2.4) 74
[12:28:52.824]: (1.4, 1.4, 2.4) 74
[12:28:52.839]: (1.4, 1.4, 2.4) 74
[12:28:52.856]: (1.4, 1.4, 2.4) 74
[12:28:52.872]: (1.5, 1.4, 2.5) 66
[12:28:52.890]: (1.5, 1.4, 2.5) 66
[12:28:52.906]: (1.5, 1.4, 2.5) 66
[12:28:52.926]: (1.5, 1.4, 2.6) 66
[12:28:52.963]: (1.1, 1.4, 2.0) 19
[12:28:52.981]: (1.1, 1.4, 1.9) 19
[12:28:52.999]: (1.1, 1.4, 1.9) 19
[12:28:53.016]: (1.1, 1.4, 1.9) 19
[12:28:53.035]: (1.0, 1.4, 1.8) 20
[12:28:53.052]: (1.0, 1.4, 1.8) 20
[12:28:53.070]: (1.1, 1.4, 1.9) 19
[12:28:53.089]: (1.1, 1.4, 1.9) 19
[12:28:53.108]: (1.1, 1.4, 1.9) 19
[12:28:53.127]: (1.1, 1.4, 1.9) 19
[12:28:53.150]: (0.7, 1.4, 1.3) 11
[12:28:53.173]: (0.7, 1.4, 1.3) 11
[12:28:53.194]: (0.9, 1.4, 1.7) 18
[12:28:53.217]: (1.0, 1.4, 1.7) 18
[12:28:53.241]: (1.0, 1.6, 1.8) 24
[12:28:53.372]: (0.3, 1.5, 1.4) 6
[12:28:54.188]: (0.3, 1.6, 1.4) 6
[12:28:54.205]: (0.3, 1.6, 1.3) 6
[12:28:54.226]: (0.3, 1.6, 1.3) 6
[12:28:54.250]: (0.3, 1.6, 1.3) 6
[12:28:54.271]: (0.3, 1.6, 1.3) 6
[12:28:54.292]: (0.3, 1.6, 1.3) 6
[12:28:54.335]: (0.3, 1.6, 1.3) 6
[12:28:54.358]: (0.3, 1.6, 1.3) 6
[12:28:54.379]: (0.3, 1.6, 1.3) 6
[12:28:54.411]: (0.3, 1.7, 1.3) 6
[12:28:54.444]: (0.3, 1.7, 1.3) 6
[12:28:55.011]: (1.3, 2.3, 2.4) 72
[12:28:55.044]: (1.3, 2.3, 2.3) 67
[12:28:55.066]: (1.4, 2.4, 2.3) 67
[12:28:55.088]: (1.3, 2.3, 2.2) 69
[12:28:55.111]: (1.3, 2.4, 2.3) 67
[12:28:55.133]: (1.3, 2.3, 2.3) 67
[12:28:55.154]: (1.3, 2.3, 2.3) 67
[12:28:55.176]: (1.3, 2.3, 2.4) 67
[12:28:55.202]: (1.4, 2.3, 2.4) 72
[12:28:55.222]: (1.4, 2.3, 2.4) 72
[12:28:55.243]: (1.3, 2.3, 2.4) 72
[12:28:55.266]: (1.4, 2.3, 2.4) 72
[12:28:55.287]: (1.3, 2.3, 2.4) 72
[12:28:55.309]: (1.3, 2.3, 2.4) 72
[12:28:55.332]: (1.3, 2.3, 2.4) 72
[12:28:55.355]: (1.3, 2.3, 2.4) 72
[12:28:55.376]: (1.3, 2.3, 2.4) 72
[12:28:55.400]: (1.3, 2.3, 2.4) 72
[12:28:55.421]: (1.3, 2.3, 2.4) 72
[12:28:55.446]: (1.3, 2.3, 2.4) 72
[12:28:55.466]: (1.3, 2.3, 2.4) 72
[12:28:55.487]: (1.3, 2.3, 2.4) 72
[12:28:55.511]: (0.8, 1.9, 1.5) 23
[12:28:55.533]: (0.8, 1.9, 1.5) 23
[12:28:55.554]: (0.8, 1.9, 1.5) 23
[12:28:55.578]: (0.9, 2.0, 1.7) 19
[12:28:55.600]: (1.3, 2.2, 2.2) 68
[12:28:55.621]: (1.4, 2.3, 2.4) 67
[12:28:55.687]: (1.3, 2.2, 2.4) 67
[12:28:55.733]: (1.3, 2.2, 2.4) 67
[12:28:55.777]: (1.3, 2.3, 2.3) 70
[12:28:55.801]: (1.2, 2.2, 2.3) 66
[12:28:55.823]: (1.3, 2.1, 2.5) 67
[12:28:55.846]: (1.3, 2.1, 2.4) 67
[12:28:55.869]: (1.1, 2.1, 2.4) 69
[12:28:56.047]: (0.6, 1.9, 1.7) 24
[12:28:56.070]: (0.7, 1.9, 1.7) 24
[12:28:56.114]: (0.6, 1.9, 1.7) 22
[12:28:56.136]: (0.6, 1.9, 1.7) 22
[12:28:56.521]: (0.6, 2.0, 1.7) 24
[12:28:56.537]: (0.6, 2.1, 1.6) 24
[12:28:56.999]: (0.6, 1.9, 1.4) 23
[12:28:57.020]: (0.8, 2.1, 1.7) 19
[12:28:57.154]: (0.8, 2.1, 1.7) 19
[12:28:57.171]: (0.8, 2.1, 1.7) 19
[12:28:57.187]: (0.8, 2.1, 1.7) 19
[12:28:57.203]: (0.8, 2.1, 1.7) 19
[12:28:57.221]: (0.8, 2.1, 1.6) 19
[12:28:57.238]: (0.8, 2.1, 1.6) 19
[12:28:57.255]: (0.8, 2.1, 1.6) 19
[12:28:57.271]: (0.8, 2.1, 1.6) 19
[12:28:57.289]: (0.8, 2.1, 1.7) 19
[12:28:57.306]: (0.8, 2.0, 1.7) 19
[12:28:57.322]: (0.8, 2.0, 1.6) 19
[12:28:57.339]: (0.8, 2.0, 1.6) 19
[12:28:57.354]: (0.8, 2.0, 1.6) 19
[12:28:57.370]: (0.8, 2.0, 1.6) 19
[12:28:57.387]: (0.8, 2.0, 1.6) 19
[12:28:57.403]: (0.8, 2.0, 1.6) 19
[12:28:57.631]: (1.2, 2.3, 2.0) 74
[12:28:57.653]: (1.2, 2.3, 2.0) 74
[12:28:57.676]: (1.2, 2.3, 2.0) 74
[12:28:57.699]: (1.3, 2.4, 2.1) 66
[12:28:57.721]: (1.3, 2.4, 2.1) 66
[12:28:57.744]: (1.3, 2.4, 2.1) 66
[12:28:57.765]: (1.3, 2.4, 2.1) 66
[12:28:57.789]: (1.3, 2.4, 2.1) 66
[12:28:57.814]: (1.3, 2.4, 2.1) 66
[12:28:57.835]: (1.3, 2.4, 2.1) 66
[12:28:57.877]: (1.3, 2.5, 2.2) 67
[12:28:57.900]: (1.2, 2.4, 2.1) 68
[12:28:57.921]: (1.2, 2.4, 2.0) 68
[12:28:57.944]: (1.2, 2.4, 2.1) 68
[12:28:57.965]: (1.2, 2.4, 2.1) 68
[12:28:57.991]: (1.2, 2.4, 2.0) 68
[12:28:58.013]: (0.9, 2.2, 1.5) 19
[12:28:58.095]: (0.8, 2.1, 1.4) 20
[12:28:58.115]: (0.8, 2.1, 1.4) 20
[12:28:58.137]: (0.8, 2.1, 1.4) 20
[12:28:58.159]: (0.9, 2.2, 1.5) 19
[12:28:58.182]: (0.9, 2.2, 1.5) 19
[12:28:58.206]: (0.9, 2.2, 1.5) 19
[12:28:58.226]: (1.2, 2.5, 2.0) 73
[12:28:58.243]: (1.2, 2.5, 2.0) 73
[12:28:58.260]: (1.2, 2.5, 1.9) 68
[12:28:58.276]: (1.2, 2.5, 1.9) 68
[12:28:58.291]: (1.2, 2.5, 1.9) 68
[12:28:58.308]: (1.2, 2.5, 1.9) 68
[12:28:58.325]: (1.2, 2.7, 1.9) 66
[12:28:58.343]: (1.1, 2.5, 1.8) 74
[12:28:58.360]: (1.1, 2.5, 1.8) 74
[12:28:58.376]: (1.1, 2.6, 1.8) 74
[12:28:58.393]: (1.2, 2.7, 1.9) 66
[12:28:58.411]: (1.2, 2.7, 1.9) 66
[12:28:58.428]: (1.2, 2.7, 1.9) 66
[12:28:58.444]: (1.2, 2.7, 1.9) 66
[12:28:58.462]: (1.2, 2.7, 1.9) 66
[12:28:58.479]: (1.2, 2.7, 1.9) 66
[12:28:58.495]: (1.2, 2.7, 1.9) 66
[12:28:58.513]: (1.1, 2.6, 1.8) 74
[12:28:58.529]: (1.1, 2.6, 1.8) 74
[12:28:58.544]: (1.1, 2.5, 1.8) 74
[12:28:58.561]: (1.1, 2.5, 1.8) 74
[12:28:58.576]: (1.1, 2.5, 1.8) 74
[12:28:58.598]: (1.1, 2.5, 1.8) 74
[12:28:58.619]: (1.1, 2.5, 1.8) 74
[12:28:58.642]: (1.1, 2.6, 1.8) 74
[12:28:58.755]: (1.3, 2.8, 1.9) 70
[12:28:58.841]: (1.2, 2.8, 1.9) 70
[12:28:58.863]: (1.2, 2.7, 1.9) 66
[12:28:58.887]: (1.2, 2.7, 2.1) 67
[12:28:58.907]: (1.2, 2.7, 2.1) 67
[12:28:58.933]: (1.2, 2.7, 2.1) 67
[12:28:58.952]: (1.2, 2.7, 2.1) 67
[12:28:58.975]: (1.2, 2.7, 1.9) 66
[12:28:58.998]: (1.2, 2.7, 2.0) 66
[12:28:59.508]: (-0.2, 2.3, 2.3) 31
[12:28:59.821]: (-0.1, 2.3, 2.1) 32
[12:28:59.842]: (-0.1, 2.3, 2.1) 32
[12:29:00.619]: (-0.3, 2.3, 2.3) 29
[12:29:00.641]: (-0.3, 2.3, 2.2) 29
[12:29:00.663]: (-0.3, 2.3, 2.2) 29
[12:29:00.686]: (-0.3, 2.3, 2.2) 29
[12:29:00.708]: (-0.3, 2.3, 2.3) 29
[12:29:00.730]: (-0.3, 2.3, 2.3) 29
[12:29:00.871]: (-0.3, 2.0, 1.8) 15
[12:29:00.888]: (-0.2, 2.2, 2.1) 30
[12:29:01.407]: (-0.1, 2.3, 2.2) 32
[12:29:01.753]: (0.1, 2.7, 2.9) 41
[12:29:01.819]: (0.2, 2.6, 2.7) 38
[12:29:01.836]: (0.2, 2.6, 2.7) 38
[12:29:02.007]: (0.7, 2.2, 1.5) 24
[12:29:02.024]: (0.6, 2.2, 1.5) 24
[12:29:02.041]: (0.6, 2.2, 1.5) 24
[12:29:02.073]: (0.6, 2.2, 1.5) 24
[12:29:02.097]: (0.6, 2.2, 1.5) 24
[12:29:02.118]: (0.6, 2.2, 1.5) 24
[12:29:02.163]: (0.6, 2.2, 1.5) 24
[12:29:02.185]: (0.6, 2.2, 1.5) 24
[12:29:02.209]: (0.6, 2.2, 1.5) 24
[12:29:02.230]: (0.6, 2.2, 1.5) 24
[12:29:02.251]: (0.6, 2.2, 1.5) 24
[12:29:02.476]: (0.6, 2.2, 1.5) 24
[12:29:02.551]: (0.6, 2.2, 1.5) 24
[12:29:02.568]: (0.6, 2.2, 1.5) 24
[12:29:02.583]: (0.6, 2.2, 1.6) 24
[12:29:02.600]: (0.6, 2.2, 1.5) 24
[12:29:02.616]: (0.6, 2.2, 1.5) 24
[12:29:02.632]: (0.6, 2.2, 1.5) 24
[12:29:02.648]: (0.6, 2.2, 1.5) 24
[12:29:02.917]: (0.2, 2.9, 2.7) 39
[12:29:02.942]: (0.2, 2.9, 2.7) 39
[12:29:02.962]: (0.2, 2.9, 2.7) 39
[12:29:02.985]: (0.2, 2.9, 2.7) 39
[12:29:03.006]: (0.2, 2.9, 2.7) 39
[12:29:03.229]: (0.8, 2.1, 1.4) 20
[12:29:03.251]: (0.8, 2.2, 1.5) 19
[12:29:03.273]: (0.8, 2.2, 1.5) 19
[12:29:03.295]: (0.8, 2.2, 1.5) 19
[12:29:03.317]: (0.8, 2.2, 1.5) 19
[12:29:03.340]: (0.8, 2.2, 1.5) 19
[12:29:03.360]: (0.8, 2.2, 1.6) 19
[12:29:03.593]: (0.9, 2.2, 1.5) 19
[12:29:03.609]: (0.8, 2.1, 1.4) 20
[12:29:03.626]: (0.9, 2.3, 1.5) 19
[12:29:03.643]: (1.2, 2.5, 2.0) 68
[12:29:03.660]: (0.8, 2.2, 1.5) 19
[12:29:03.676]: (0.9, 2.2, 1.5) 19
[12:29:03.693]: (0.9, 2.2, 1.5) 19
[12:29:03.711]: (0.9, 2.2, 1.5) 19
[12:29:03.727]: (0.9, 2.2, 1.5) 19
[12:29:03.744]: (0.9, 2.1, 1.4) 20
[12:29:03.785]: (0.8, 2.1, 1.4) 20
[12:29:03.807]: (0.8, 2.1, 1.4) 20
[12:29:03.852]: (0.9, 2.2, 1.5) 19
[12:29:03.874]: (0.9, 2.2, 1.5) 19
[12:29:03.896]: (0.9, 2.2, 1.5) 19
[12:29:03.919]: (0.9, 2.2, 1.5) 19
[12:29:03.941]: (0.9, 2.2, 1.5) 19
[12:29:03.962]: (0.9, 2.2, 1.5) 19
[12:29:03.984]: (0.8, 2.1, 1.4) 20
[12:29:04.008]: (0.8, 2.1, 1.5) 20
[12:29:04.117]: (0.6, 2.0, 1.4) 23
[12:29:04.162]: (0.8, 2.2, 1.5) 19
[12:29:04.185]: (0.8, 2.2, 1.5) 19
[12:29:04.208]: (0.8, 2.2, 1.5) 19
[12:29:04.230]: (0.8, 2.2, 1.5) 19
[12:29:04.247]: (0.8, 2.2, 1.5) 19
[12:29:04.263]: (0.8, 2.2, 1.5) 19
[12:29:04.280]: (0.8, 2.2, 1.5) 19
[12:29:04.298]: (0.8, 2.2, 1.5) 19
[12:29:04.315]: (0.8, 2.2, 1.5) 19
[12:29:04.331]: (0.8, 2.2, 1.5) 19
[12:29:04.347]: (0.8, 2.2, 1.5) 19
[12:29:04.366]: (0.8, 2.2, 1.5) 19
[12:29:04.382]: (0.8, 2.2, 1.5) 19
[12:29:04.433]: (0.8, 2.2, 1.5) 19
[12:29:04.542]: (0.4, 1.8, 1.2) 3
[12:29:04.558]: (0.6, 2.1, 1.4) 23
[12:29:04.575]: (0.6, 2.1, 1.4) 23
[12:29:04.609]: (0.6, 2.0, 1.4) 23
[12:29:04.626]: (0.6, 2.1, 1.3) 23
[12:29:04.643]: (0.7, 2.0, 1.5) 18
[12:29:04.752]: (0.3, 1.6, 0.9) 10
[12:29:04.772]: (0.6, 2.0, 1.5) 22
[12:29:04.818]: (0.6, 2.1, 1.4) 23
[12:29:05.017]: (0.7, 2.0, 1.5) 18
[12:29:05.525]: (-1.3, 2.6, 3.4) 60
[12:29:05.543]: (-1.3, 2.6, 3.4) 60
[12:29:05.558]: (-1.4, 2.6, 3.4) 60
[12:29:05.574]: (-1.4, 2.7, 3.5) 60
[12:29:05.594]: (-1.3, 2.6, 3.4) 60
[12:29:05.617]: (-1.3, 2.6, 3.5) 60
[12:29:06.128]: (-1.3, 2.7, 3.6) 61
[12:29:06.145]: (-1.3, 2.8, 3.6) 61
[12:29:06.161]: (-1.2, 2.8, 3.6) 61
[12:29:06.178]: (-1.2, 2.8, 3.6) 61
[12:29:06.194]: (-1.0, 2.6, 3.5) 62
[12:29:06.550]: (-0.3, 2.1, 1.8) 15
[12:29:06.772]: (1.2, 2.7, 1.9) 66
[12:29:06.931]: (1.3, 2.8, 1.9) 70
[12:29:06.970]: (1.2, 2.6, 1.8) 74
[12:29:07.060]: (1.4, 2.7, 1.9) 65
[12:29:07.078]: (1.4, 2.7, 1.9) 65
[12:29:07.096]: (1.4, 2.7, 1.9) 65
[12:29:07.113]: (1.4, 2.7, 1.9) 65
[12:29:07.132]: (1.4, 2.7, 1.9) 65
[12:29:07.152]: (1.4, 2.7, 1.9) 65
[12:29:07.169]: (1.4, 2.7, 1.9) 65
[12:29:07.185]: (1.4, 2.7, 1.9) 65
[12:29:07.206]: (1.4, 2.7, 1.9) 65
[12:29:07.223]: (1.4, 2.7, 2.0) 65
[12:29:07.242]: (1.4, 2.7, 2.0) 65
[12:29:07.260]: (1.4, 2.7, 2.0) 65
[12:29:07.294]: (1.4, 2.7, 1.9) 65
[12:29:07.396]: (1.4, 2.7, 1.9) 65
[12:29:07.415]: (1.4, 2.7, 1.9) 65
[12:29:07.436]: (1.4, 2.7, 1.9) 65
[12:29:07.474]: (1.4, 2.7, 1.9) 65
[12:29:07.716]: (0.2, 2.9, 2.7) 39
[12:29:07.761]: (0.1, 2.7, 2.6) 40
[12:29:07.782]: (0.1, 2.7, 2.6) 40
[12:29:07.807]: (0.1, 2.7, 2.6) 40
[12:29:07.828]: (0.1, 2.7, 2.6) 40
[12:29:07.850]: (0.1, 2.8, 2.6) 40
[12:29:07.913]: (0.0, 2.9, 2.8) 37
[12:29:08.043]: (0.0, 2.8, 2.8) 37
[12:29:08.060]: (0.0, 2.8, 2.8) 37
[12:29:08.151]: (-0.1, 2.8, 2.8) 37
[12:29:08.169]: (-0.1, 2.8, 2.8) 37
[12:29:08.216]: (0.0, 2.8, 2.6) 40
[12:29:08.235]: (0.1, 2.8, 2.6) 40
[12:29:08.251]: (0.1, 2.8, 2.6) 40
[12:29:08.267]: (0.1, 2.8, 2.6) 40
[12:29:08.285]: (0.1, 2.8, 2.6) 40
[12:29:08.302]: (0.1, 2.7, 2.6) 40
[12:29:08.361]: (0.9, 2.3, 1.5) 19
[12:29:08.407]: (0.8, 2.0, 1.2) 27
[12:29:08.450]: (1.4, 2.6, 2.0) 65
[12:29:08.561]: (0.9, 2.2, 1.5) 19
[12:29:08.584]: (0.9, 2.2, 1.5) 19
[12:29:08.717]: (1.4, 2.6, 2.0) 65
[12:29:08.738]: (1.4, 2.7, 1.9) 65
[12:29:08.760]: (1.4, 2.6, 1.9) 65
[12:29:08.824]: (1.4, 2.7, 1.9) 65
[12:29:08.841]: (1.4, 2.6, 1.9) 65
[12:29:08.858]: (1.4, 2.7, 1.9) 65
[12:29:08.891]: (1.4, 2.7, 1.9) 65
[12:29:08.911]: (1.4, 2.6, 1.9) 65
[12:29:08.932]: (1.4, 2.6, 1.9) 65
[12:29:08.951]: (1.4, 2.7, 1.9) 65
[12:29:08.972]: (1.4, 2.7, 1.9) 65
[12:29:08.990]: (1.4, 2.7, 1.9) 65
[12:29:09.783]: (-0.3, 2.3, 2.2) 29
[12:29:09.801]: (-0.2, 2.3, 2.3) 31
[12:29:09.818]: (-0.2, 2.3, 2.3) 31
[12:29:09.835]: (-0.2, 2.3, 2.3) 31
[12:29:09.851]: (-0.2, 2.3, 2.3) 31
[12:29:09.867]: (-0.2, 2.3, 2.3) 29
[12:29:09.883]: (-0.3, 2.3, 2.3) 29
[12:29:09.901]: (-0.3, 2.3, 2.2) 29
[12:29:09.921]: (-0.2, 2.3, 2.4) 31
[12:29:10.035]: (-0.2, 2.3, 2.3) 31
[12:29:10.583]: (-0.2, 2.3, 2.3) 31
[12:29:10.599]: (-0.2, 2.3, 2.3) 31
[12:29:11.001]: (0.0, 2.2, 3.1) 37
[12:29:11.024]: (0.0, 2.2, 3.1) 37
[12:29:11.046]: (0.0, 2.2, 3.1) 37
[12:29:11.070]: (0.0, 2.2, 3.1) 37
[12:29:11.092]: (0.0, 2.1, 3.1) 37
[12:29:11.115]: (0.0, 2.1, 3.1) 37
[12:29:11.157]: (-0.2, 1.7, 2.5) 29
[12:29:11.180]: (-0.2, 1.7, 2.5) 29
[12:29:11.202]: (-0.2, 1.7, 2.5) 29
[12:29:11.838]: (-0.8, 1.9, 3.7) 59
[12:29:12.259]: (-1.1, 1.9, 3.7) 60
[12:29:12.304]: (-1.0, 1.9, 3.7) 60
[12:29:12.326]: (-1.0, 1.9, 3.7) 60
[12:29:12.348]: (-1.0, 1.9, 3.7) 60
[12:29:12.370]: (-1.0, 1.9, 3.7) 60
[12:29:12.392]: (-1.0, 1.9, 3.7) 60
[12:29:12.415]: (-1.0, 1.9, 3.7) 60
[12:29:12.437]: (-0.9, 1.9, 3.7) 60
[12:29:12.503]: (-0.9, 1.9, 3.6) 64
[12:29:12.527]: (-0.8, 1.9, 3.6) 64
[12:29:12.550]: (-0.7, 1.9, 3.7) 63
[12:29:12.593]: (0.0, 1.7, 2.0) 14
[12:29:12.616]: (0.2, 1.7, 1.9) 12
[12:29:12.639]: (0.2, 1.7, 1.8) 13
[12:29:12.660]: (0.2, 1.7, 1.8) 13
[12:29:12.682]: (0.2, 1.7, 1.8) 13
[12:29:12.774]: (0.1, 1.9, 1.7) 16
[12:29:12.817]: (0.6, 2.4, 2.9) 41
[12:29:12.840]: (0.6, 2.4, 2.9) 41
[12:29:12.908]: (0.5, 2.5, 2.9) 34
[12:29:13.156]: (0.2, 2.1, 2.3) 29
[12:29:13.188]: (0.2, 2.1, 2.4) 31
[12:29:13.636]: (0.1, 2.1, 2.3) 29
[12:29:13.704]: (1.4, 2.6, 1.9) 69
[12:29:13.871]: (1.7, 2.6, 1.7) 65
[12:29:13.903]: (1.5, 2.5, 1.6) 74
[12:29:13.938]: (1.4, 2.5, 1.6) 74
[12:29:13.958]: (1.4, 2.5, 1.6) 74
[12:29:13.980]: (1.7, 2.6, 1.7) 65
[12:29:14.070]: (1.8, 2.6, 1.7) 65
[12:29:14.092]: (1.8, 2.6, 1.7) 65
[12:29:14.114]: (1.8, 2.7, 1.7) 65
[12:29:14.136]: (1.8, 2.7, 1.7) 65
[12:29:14.717]: (1.7, 2.7, 1.7) 65
[12:29:14.741]: (1.7, 2.7, 1.7) 65
[12:29:14.762]: (1.7, 2.7, 1.7) 65
[12:29:14.874]: (1.7, 2.7, 1.8) 65
[12:29:15.163]: (1.7, 2.7, 1.7) 65
[12:29:15.185]: (1.7, 2.6, 1.7) 65
[12:29:15.344]: (1.7, 2.6, 1.8) 65
[12:29:15.374]: (1.7, 2.7, 1.8) 65
[12:29:15.390]: (1.7, 2.7, 1.8) 65
[12:29:15.407]: (1.7, 2.6, 1.7) 65
[12:29:15.424]: (1.7, 2.6, 1.7) 65
[12:29:15.440]: (1.7, 2.6, 1.8) 65
[12:29:15.456]: (1.7, 2.6, 1.8) 65
[12:29:15.472]: (1.7, 2.6, 1.7) 65
[12:29:15.488]: (1.7, 2.6, 1.8) 65
[12:29:15.505]: (1.7, 2.6, 1.7) 65
[12:29:15.523]: (1.7, 2.6, 1.7) 65
[12:29:15.540]: (1.7, 2.6, 1.7) 65
[12:29:15.557]: (1.7, 2.6, 1.8) 65
[12:29:15.573]: (1.7, 2.6, 1.7) 65
[12:29:15.592]: (1.7, 2.6, 1.7) 65
[12:29:15.608]: (1.7, 2.6, 1.7) 65
[12:29:15.625]: (1.7, 2.6, 1.8) 65
[12:29:15.640]: (1.7, 2.6, 1.8) 65
[12:29:15.658]: (1.7, 2.6, 1.7) 65
[12:29:15.680]: (1.7, 2.6, 1.7) 65
[12:29:15.702]: (1.7, 2.6, 1.7) 65
[12:29:15.725]: (1.7, 2.6, 1.8) 65
[12:29:15.746]: (1.7, 2.6, 1.7) 65
[12:29:15.768]: (1.7, 2.6, 1.7) 65
[12:29:15.791]: (1.7, 2.7, 1.7) 65
[12:29:16.103]: (1.6, 2.7, 1.7) 70
[12:29:16.121]: (1.3, 2.6, 1.8) 75
[12:29:16.155]: (0.5, 2.5, 2.7) 40
[12:29:16.514]: (0.0, 2.0, 2.3) 28
[12:29:16.735]: (0.0, 2.0, 2.3) 28
[12:29:16.757]: (0.0, 2.0, 2.3) 28
[12:29:16.936]: (-0.7, 1.8, 2.8) 50
[12:29:16.954]: (-0.7, 1.8, 2.8) 50
[12:29:16.970]: (-0.6, 1.8, 2.8) 45
[12:29:16.986]: (-0.6, 1.8, 2.8) 45
[12:29:17.017]: (-0.6, 1.8, 2.8) 45
[12:29:17.272]: (-0.6, 2.1, 3.5) 64
[12:29:17.319]: (0.3, 2.1, 2.3) 31
[12:29:17.354]: (0.3, 2.1, 2.2) 32
[12:29:17.371]: (0.3, 2.0, 2.2) 32
[12:29:17.388]: (0.3, 2.1, 2.1) 32
[12:29:17.406]: (0.6, 2.4, 2.9) 41
[12:29:17.423]: (0.6, 2.4, 2.9) 41
[12:29:17.446]: (0.6, 2.4, 2.9) 41
[12:29:17.491]: (0.6, 2.4, 2.9) 41
[12:29:17.512]: (0.6, 2.3, 2.9) 41
[12:29:17.579]: (0.7, 2.5, 2.9) 42
[12:29:17.602]: (0.6, 2.4, 2.9) 41
[12:29:17.624]: (0.6, 2.4, 2.9) 41
[12:29:17.668]: (0.6, 2.4, 2.9) 41
[12:29:17.690]: (0.6, 2.4, 2.9) 41
[12:29:17.713]: (0.6, 2.4, 2.9) 41
[12:29:17.734]: (0.6, 2.4, 2.9) 41
[12:29:17.801]: (0.6, 2.5, 2.9) 41
[12:29:17.848]: (1.4, 2.6, 1.8) 75
[12:29:18.146]: (1.6, 2.6, 1.7) 66
[12:29:18.162]: (1.5, 2.6, 1.7) 66
[12:29:18.182]: (1.4, 2.5, 1.6) 74
[12:29:18.198]: (1.5, 2.6, 1.7) 66
[12:29:18.217]: (1.5, 2.7, 1.7) 70
[12:29:18.234]: (1.5, 2.7, 1.8) 66
[12:29:18.266]: (1.5, 2.7, 1.7) 70
[12:29:18.283]: (1.5, 2.6, 1.7) 66
[12:29:18.301]: (1.5, 2.6, 1.7) 66
[12:29:18.323]: (1.5, 2.6, 1.7) 66
[12:29:18.347]: (1.5, 2.6, 1.7) 66
[12:29:18.368]: (1.5, 2.6, 1.7) 66
[12:29:18.391]: (1.5, 2.6, 1.7) 66
[12:29:18.414]: (1.5, 2.6, 1.7) 66
[12:29:18.435]: (1.5, 2.6, 1.7) 66
[12:29:18.458]: (1.5, 2.6, 1.7) 66
[12:29:18.478]: (1.4, 2.5, 1.7) 74
[12:29:18.502]: (1.4, 2.5, 1.6) 74
[12:29:18.523]: (1.4, 2.5, 1.6) 74
[12:29:18.545]: (1.4, 2.5, 1.7) 74
[12:29:18.568]: (1.4, 2.5, 1.7) 74
[12:29:18.590]: (1.5, 2.6, 1.8) 66
[12:29:18.636]: (1.5, 2.6, 1.7) 66
[12:29:18.657]: (1.3, 2.6, 1.8) 75
[12:29:18.724]: (0.1, 2.0, 2.3) 29
[12:29:18.800]: (0.0, 2.0, 2.3) 28
[12:29:18.833]: (0.0, 1.9, 2.3) 28
[12:29:18.851]: (0.0, 1.9, 2.3) 28
[12:29:18.868]: (0.0, 2.0, 2.3) 28
[12:29:18.884]: (0.0, 1.9, 2.3) 28
[12:29:18.946]: (0.1, 1.9, 2.3) 28
[12:29:18.963]: (0.1, 1.8, 1.8) 15
[12:29:18.981]: (0.1, 1.9, 1.8) 15
[12:29:19.000]: (0.1, 1.8, 1.8) 15
[12:29:19.016]: (0.1, 1.8, 1.9) 15
[12:29:19.032]: (0.1, 1.8, 1.8) 15
[12:29:19.048]: (0.1, 1.8, 1.8) 15
[12:29:19.067]: (0.1, 1.8, 1.8) 15
[12:29:19.083]: (0.2, 1.9, 1.8) 15
[12:29:19.101]: (0.1, 1.9, 1.8) 15
[12:29:19.167]: (0.3, 2.0, 2.2) 32
[12:29:19.191]: (0.3, 2.0, 2.2) 32
[12:29:19.213]: (0.3, 2.0, 2.2) 32
[12:29:19.234]: (0.3, 2.0, 2.2) 32
[12:29:19.281]: (0.3, 2.0, 2.2) 30
[12:29:19.345]: (0.3, 2.0, 2.2) 30
[12:29:19.367]: (0.3, 2.0, 2.2) 30
[12:29:19.390]: (0.3, 2.0, 2.2) 30
[12:29:19.413]: (0.3, 2.0, 2.2) 30
[12:29:19.434]: (0.3, 2.0, 2.2) 30
[12:29:19.458]: (0.3, 2.0, 2.2) 30
[12:29:19.477]: (0.3, 2.0, 2.2) 30
[12:29:19.500]: (0.3, 2.0, 2.2) 30
[12:29:19.523]: (0.3, 2.0, 2.2) 30
[12:29:19.544]: (0.3, 2.0, 2.2) 30
[12:29:19.569]: (0.3, 2.0, 2.2) 30
[12:29:19.587]: (0.2, 2.1, 2.2) 30
[12:29:19.620]: (0.2, 2.0, 2.2) 30
[12:29:19.778]: (0.2, 2.1, 2.3) 29
[12:29:19.794]: (0.2, 2.0, 2.3) 29
[12:29:19.811]: (0.2, 2.0, 2.3) 29
[12:29:19.828]: (0.2, 2.0, 2.3) 29
[12:29:19.844]: (0.2, 2.0, 2.3) 29
[12:29:19.860]: (0.2, 2.1, 2.3) 29
[12:29:19.876]: (0.2, 2.1, 2.3) 29
[12:29:19.892]: (0.2, 2.1, 2.3) 29
[12:29:20.358]: (-0.8, 1.8, 2.7) 50
[12:29:20.379]: (-0.8, 1.8, 2.7) 50
[12:29:20.402]: (-0.7, 1.7, 2.8) 50
[12:29:20.422]: (-0.7, 1.7, 3.0) 49
[12:29:20.437]: (-0.7, 1.7, 2.8) 50
[12:29:20.454]: (-0.7, 1.7, 2.8) 50
[12:29:20.470]: (-0.7, 1.7, 2.8) 45
[12:29:20.487]: (-0.7, 1.7, 2.8) 45
[12:29:20.502]: (-0.6, 1.7, 2.8) 45
[12:29:20.520]: (-0.6, 1.7, 2.8) 45
[12:29:20.536]: (-0.6, 1.7, 2.8) 45
[12:29:20.554]: (-0.6, 1.7, 2.8) 45
[12:29:20.571]: (-0.6, 1.7, 2.8) 45
[12:29:20.588]: (-0.6, 1.7, 2.8) 45
[12:29:20.604]: (-0.6, 1.7, 2.8) 45
[12:29:20.621]: (-0.6, 1.7, 2.8) 45
[12:29:20.637]: (-0.6, 1.7, 2.8) 45
[12:29:20.653]: (-0.6, 1.7, 2.8) 45
[12:29:20.669]: (-0.7, 1.7, 2.8) 45
[12:29:20.685]: (-0.7, 1.7, 2.8) 45
[12:29:20.701]: (-0.7, 1.7, 2.8) 45
[12:29:20.719]: (-0.7, 1.7, 2.8) 45
[12:29:20.736]: (-0.7, 1.7, 2.8) 45
[12:29:20.754]: (-0.7, 1.7, 2.8) 50
[12:29:20.770]: (-0.7, 1.7, 2.8) 50
[12:29:20.787]: (-0.7, 1.7, 2.8) 45
[12:29:20.804]: (-0.7, 1.7, 2.8) 45
[12:29:21.590]: (-0.7, 2.2, 3.7) 60
[12:29:21.606]: (-0.7, 2.2, 3.7) 60
[12:29:21.623]: (-0.7, 2.2, 3.7) 60
[12:29:21.640]: (-0.7, 2.2, 3.7) 60
[12:29:21.657]: (-0.7, 2.2, 3.7) 60
[12:29:21.674]: (-0.7, 2.2, 3.7) 60
[12:29:21.690]: (-0.7, 2.2, 3.7) 60
[12:29:21.706]: (-0.7, 2.2, 3.7) 60
[12:29:21.723]: (-0.7, 2.2, 3.7) 60
[12:29:21.739]: (-0.6, 2.2, 3.7) 60
[12:29:21.756]: (-0.6, 2.2, 3.7) 60
[12:29:21.770]: (-0.6, 2.2, 3.7) 60
[12:29:21.788]: (-0.6, 2.2, 3.7) 60
[12:29:21.812]: (-0.6, 2.2, 3.7) 60
[12:29:21.833]: (-0.6, 2.2, 3.7) 60
[12:29:21.855]: (-0.6, 2.2, 3.7) 60
[12:29:21.877]: (-0.6, 2.2, 3.7) 60
[12:29:21.899]: (-0.6, 2.2, 3.7) 60
[12:29:21.922]: (-0.7, 2.1, 3.7) 60
[12:29:21.990]: (-0.6, 1.7, 2.8) 45
[12:29:22.012]: (-0.7, 1.7, 2.8) 50
[12:29:22.033]: (-0.7, 1.7, 2.8) 45
[12:29:22.055]: (-0.7, 1.7, 2.8) 45
[12:29:22.077]: (-0.7, 1.7, 2.8) 45
[12:29:22.099]: (-0.7, 1.7, 2.8) 45
[12:29:22.122]: (-0.7, 1.7, 2.8) 45
[12:29:22.144]: (-0.7, 1.7, 2.8) 50
[12:29:22.166]: (-0.7, 1.7, 2.7) 50
[12:29:22.188]: (-0.7, 1.8, 2.7) 50
[12:29:22.215]: (-0.7, 1.8, 2.8) 50
[12:29:22.319]: (-0.7, 1.8, 2.8) 50
[12:29:22.337]: (-0.7, 1.8, 2.8) 50
[12:29:22.357]: (-0.7, 1.8, 2.8) 50
[12:29:22.393]: (-0.7, 1.8, 2.8) 50
[12:29:22.416]: (-0.7, 1.8, 2.8) 50
[12:29:22.437]: (-0.7, 1.8, 2.8) 50
[12:29:22.455]: (-0.7, 1.8, 2.8) 50
[12:29:22.471]: (-0.7, 1.8, 2.8) 50
[12:29:22.491]: (-0.7, 1.8, 2.8) 45
[12:29:22.508]: (-0.7, 1.8, 2.8) 45
[12:29:22.526]: (-0.7, 1.8, 2.8) 45
[12:29:22.544]: (-0.7, 1.8, 2.8) 45
[12:29:22.594]: (-0.7, 1.8, 2.8) 45
[12:29:22.629]: (-0.7, 1.8, 2.8) 45
[12:29:22.647]: (-0.7, 1.8, 2.8) 45
[12:29:22.665]: (-0.7, 1.8, 2.8) 45
[12:29:22.684]: (-0.7, 1.8, 2.8) 45
[12:29:22.703]: (-0.7, 1.8, 2.8) 45
[12:29:22.723]: (-0.7, 1.8, 2.8) 45
[12:29:22.744]: (-0.7, 1.8, 2.8) 45
[12:29:22.766]: (-0.7, 1.8, 2.8) 45
[12:29:22.789]: (-0.7, 1.8, 2.8) 45
[12:29:22.812]: (-0.7, 1.8, 2.8) 45
[12:29:23.519]: (-0.6, 1.8, 2.8) 45
[12:29:23.537]: (-0.6, 1.8, 2.8) 45
[12:29:23.730]: (-0.6, 1.8, 2.8) 45
[12:29:23.749]: (-0.6, 1.8, 2.8) 45
[12:29:23.768]: (-0.6, 1.8, 2.8) 45
[12:29:23.784]: (-0.6, 1.8, 2.8) 45
[12:29:23.801]: (-0.6, 1.8, 2.8) 45
[12:29:23.819]: (-0.6, 1.8, 2.8) 45
[12:29:23.837]: (-0.6, 1.8, 2.8) 45
[12:29:23.854]: (-0.6, 1.8, 2.8) 45
[12:29:23.877]: (-0.6, 1.7, 2.8) 45
[12:29:24.098]: (-0.7, 1.8, 2.8) 45
[12:29:24.142]: (-0.6, 1.8, 2.8) 45
[12:29:24.159]: (-0.7, 1.8, 2.8) 45
[12:29:24.190]: (-0.7, 1.8, 2.8) 45
[12:29:24.207]: (-0.7, 1.8, 2.8) 45
[12:29:24.487]: (-0.7, 1.8, 2.8) 50
[12:29:24.503]: (-0.7, 1.7, 2.7) 50
[12:29:24.521]: (-0.7, 1.7, 2.8) 50
[12:29:24.539]: (-0.7, 1.7, 2.8) 50
[12:29:24.555]: (-0.7, 1.7, 2.7) 50
[12:29:24.571]: (-0.7, 1.7, 2.7) 50
[12:29:24.588]: (-0.7, 1.7, 2.7) 50
[12:29:24.610]: (-0.7, 1.7, 2.7) 50
[12:29:24.632]: (-0.7, 1.7, 2.7) 50
[12:29:24.655]: (-0.7, 1.7, 2.7) 50
[12:29:24.676]: (-0.7, 1.7, 2.7) 50
[12:29:24.698]: (-0.7, 1.7, 2.7) 50
[12:29:24.722]: (-0.7, 1.8, 2.7) 50
[12:29:24.743]: (-0.7, 1.8, 2.7) 50
[12:29:24.765]: (-0.7, 1.8, 2.7) 50
[12:29:25.042]: (-0.7, 1.8, 2.8) 45
[12:29:25.830]: (-0.6, 1.8, 2.8) 45
[12:29:25.870]: (-0.6, 1.8, 2.8) 45
[12:29:25.903]: (-0.6, 1.8, 2.8) 45
[12:29:25.921]: (-0.6, 1.8, 2.8) 45
[12:29:25.939]: (-0.6, 1.8, 2.8) 45
[12:29:25.973]: (-0.6, 1.8, 2.8) 45
[12:29:25.989]: (-0.6, 1.8, 2.8) 45
[12:29:26.006]: (-0.6, 1.8, 2.8) 45
[12:29:26.024]: (-0.6, 1.8, 2.8) 45
[12:29:26.040]: (-0.6, 1.8, 2.8) 45
[12:29:26.165]: (-0.6, 1.8, 2.8) 45
[12:29:26.229]: (-0.7, 1.7, 2.8) 50
[12:29:26.245]: (-0.7, 1.7, 2.8) 45
[12:29:26.260]: (-0.6, 1.7, 2.8) 45
[12:29:26.277]: (-0.6, 1.8, 2.8) 45
[12:29:26.296]: (-0.6, 1.8, 2.8) 45
[12:29:26.321]: (-0.4, 2.0, 3.6) 63
[12:29:26.387]: (0.7, 2.5, 2.9) 36
[12:29:26.432]: (0.6, 2.4, 2.9) 41
[12:29:26.497]: (0.2, 1.9, 1.7) 16
[12:29:26.542]: (0.4, 2.1, 2.2) 32
[12:29:26.565]: (0.3, 2.1, 2.2) 32
[12:29:26.585]: (0.3, 2.1, 2.2) 32
[12:29:26.608]: (0.3, 2.1, 2.2) 32
[12:29:26.631]: (0.3, 2.1, 2.2) 32
[12:29:26.675]: (0.2, 2.0, 2.2) 30
[12:29:26.697]: (0.3, 2.0, 2.2) 30
[12:29:26.722]: (0.3, 2.0, 2.2) 30
[12:29:26.741]: (0.2, 1.9, 1.6) 16
[12:29:26.764]: (0.2, 1.8, 1.6) 16
[12:29:26.782]: (0.3, 1.8, 1.6) 16
[12:29:26.799]: (0.3, 1.9, 1.6) 16
[12:29:26.817]: (0.3, 1.8, 1.6) 16
[12:29:26.833]: (0.3, 1.9, 1.6) 16
[12:29:26.850]: (0.3, 1.9, 1.6) 16
[12:29:26.867]: (0.3, 1.9, 1.6) 16
[12:29:26.884]: (0.3, 1.9, 1.6) 16
[12:29:26.915]: (0.3, 1.9, 1.6) 16
[12:29:26.932]: (0.3, 1.9, 1.6) 16
[12:29:27.220]: (0.6, 2.4, 2.9) 41
[12:29:27.241]: (0.6, 2.4, 2.9) 41
[12:29:27.263]: (0.6, 2.4, 2.9) 41
[12:29:27.485]: (1.7, 2.6, 1.7) 65
[12:29:27.531]: (1.5, 2.5, 1.6) 74
[12:29:27.553]: (1.4, 2.5, 1.6) 74
[12:29:27.575]: (1.4, 2.5, 1.6) 74
[12:29:27.599]: (1.4, 2.5, 1.6) 74
[12:29:27.618]: (1.5, 2.5, 1.6) 74
[12:29:27.634]: (1.4, 2.5, 1.6) 74
[12:29:27.652]: (1.4, 2.5, 1.7) 74
[12:29:27.668]: (1.4, 2.5, 1.6) 74
[12:29:27.685]: (1.4, 2.5, 1.7) 74
[12:29:27.701]: (1.4, 2.5, 1.7) 74
[12:29:27.780]: (1.6, 2.6, 1.9) 67
[12:29:27.797]: (1.6, 2.6, 1.9) 67
[12:29:27.814]: (1.5, 2.7, 1.9) 67
[12:29:27.832]: (1.4, 2.5, 1.9) 69
[12:29:27.849]: (1.3, 2.6, 1.8) 75
[12:29:27.866]: (1.3, 2.6, 1.8) 75
[12:29:27.882]: (1.3, 2.6, 1.8) 75
[12:29:27.899]: (1.4, 2.6, 1.8) 75
[12:29:27.916]: (1.5, 2.7, 2.0) 71
[12:29:27.934]: (1.5, 2.7, 2.0) 71
[12:29:27.952]: (1.5, 2.7, 2.0) 71
[12:29:27.969]: (1.5, 2.7, 2.0) 71
[12:29:27.985]: (1.5, 2.7, 2.0) 71
[12:29:28.002]: (1.4, 2.6, 1.9) 69
[12:29:28.018]: (1.4, 2.6, 1.9) 69
[12:29:28.035]: (1.4, 2.6, 1.9) 69
[12:29:28.052]: (1.4, 2.6, 1.8) 69
[12:29:28.074]: (1.4, 2.6, 1.8) 69
[12:29:28.098]: (1.4, 2.6, 1.8) 69
[12:29:28.118]: (1.4, 2.6, 1.8) 69
[12:29:28.142]: (1.5, 2.7, 2.0) 71
[12:29:28.165]: (1.4, 2.6, 1.9) 69
[12:29:28.186]: (1.4, 2.6, 1.8) 69
[12:29:28.210]: (1.5, 2.7, 2.0) 71
[12:29:28.453]: (1.3, 2.6, 1.8) 75
[12:29:28.475]: (1.3, 2.6, 1.8) 75
[12:29:28.521]: (1.3, 2.6, 1.8) 75
[12:29:28.539]: (1.3, 2.6, 1.8) 75
[12:29:28.556]: (1.3, 2.6, 1.8) 75
[12:29:28.573]: (1.3, 2.6, 1.8) 75
[12:29:28.591]: (1.3, 2.6, 1.8) 75
[12:29:28.608]: (1.3, 2.6, 1.8) 75
[12:29:28.627]: (1.3, 2.6, 1.8) 75
[12:29:28.642]: (1.3, 2.6, 1.8) 75
[12:29:28.658]: (1.3, 2.6, 1.8) 75
[12:29:28.674]: (1.3, 2.6, 1.8) 75
[12:29:28.690]: (1.3, 2.6, 1.8) 75
[12:29:28.706]: (1.3, 2.6, 1.8) 75
[12:29:28.724]: (1.3, 2.6, 1.8) 75
[12:29:28.741]: (1.3, 2.7, 1.8) 75
[12:29:28.758]: (1.3, 2.6, 1.8) 75
[12:29:28.776]: (1.3, 2.6, 1.8) 75
[12:29:28.808]: (1.6, 2.6, 1.9) 67
[12:29:28.824]: (1.6, 2.6, 1.9) 67
[12:29:28.842]: (1.6, 2.6, 1.9) 67
[12:29:28.861]: (1.6, 2.6, 1.9) 67
[12:29:28.877]: (1.6, 2.6, 1.9) 67
[12:29:28.892]: (1.6, 2.6, 1.9) 67
[12:29:28.908]: (1.6, 2.6, 1.9) 67
[12:29:28.925]: (1.6, 2.6, 1.9) 67
[12:29:28.943]: (1.6, 2.6, 1.9) 67
[12:29:28.959]: (1.6, 2.6, 1.9) 67
[12:29:28.976]: (1.6, 2.6, 1.9) 67
[12:29:28.991]: (1.6, 2.6, 1.9) 67
[12:29:29.007]: (1.6, 2.6, 1.9) 67
[12:29:29.030]: (1.6, 2.6, 1.9) 67
[12:29:29.052]: (1.6, 2.6, 1.9) 67
[12:29:29.075]: (1.6, 2.6, 1.9) 67
[12:29:29.097]: (1.6, 2.6, 1.9) 67
[12:29:29.119]: (1.6, 2.6, 1.9) 67
[12:29:29.142]: (1.6, 2.6, 1.9) 67
[12:29:29.164]: (1.6, 2.6, 1.9) 67
[12:29:29.344]: (1.5, 2.7, 1.9) 67
[12:29:29.430]: (1.5, 2.7, 2.0) 71
[12:29:29.448]: (1.5, 2.7, 1.9) 67
[12:29:29.467]: (1.5, 2.6, 1.9) 67
[12:29:29.485]: (1.5, 2.6, 1.9) 67
[12:29:29.501]: (1.5, 2.6, 1.9) 67
[12:29:29.518]: (1.5, 2.6, 1.9) 67
[12:29:29.538]: (1.5, 2.6, 1.9) 67
[12:29:29.554]: (1.6, 2.6, 1.9) 67
[12:29:29.571]: (1.5, 2.7, 1.7) 70
[12:29:29.589]: (1.5, 2.7, 1.7) 70
[12:29:29.606]: (1.5, 2.7, 1.7) 70
[12:29:29.623]: (1.5, 2.7, 1.7) 70
[12:29:29.639]: (1.5, 2.7, 1.7) 70
[12:29:29.657]: (1.5, 2.7, 1.7) 70
[12:29:29.673]: (1.5, 2.7, 1.7) 70
[12:29:29.690]: (1.5, 2.7, 1.7) 70
[12:29:29.707]: (1.5, 2.7, 1.7) 70
[12:29:29.725]: (1.5, 2.7, 1.7) 70
[12:29:29.741]: (1.5, 2.7, 1.7) 66
[12:29:29.758]: (1.5, 2.6, 1.7) 66
[12:29:29.774]: (1.5, 2.6, 1.7) 66
[12:29:29.790]: (1.5, 2.6, 1.7) 66
[12:29:29.806]: (1.5, 2.6, 1.7) 66
[12:29:29.823]: (1.5, 2.6, 1.7) 66
[12:29:29.840]: (1.5, 2.6, 1.7) 66
[12:29:29.857]: (1.5, 2.6, 1.7) 66
[12:29:29.876]: (1.5, 2.6, 1.7) 66
[12:29:29.892]: (1.5, 2.6, 1.7) 66
[12:29:29.908]: (1.5, 2.6, 1.7) 66
[12:29:29.926]: (1.5, 2.6, 1.7) 66
[12:29:29.943]: (1.5, 2.6, 1.7) 66
[12:29:29.963]: (1.5, 2.6, 1.7) 66
[12:29:29.986]: (1.5, 2.6, 1.7) 66
[12:29:30.008]: (1.5, 2.6, 1.7) 66
[12:29:30.030]: (1.5, 2.6, 1.7) 66
[12:29:30.053]: (1.5, 2.6, 1.7) 66
[12:29:30.074]: (1.5, 2.6, 1.7) 66
[12:29:30.097]: (1.5, 2.6, 1.7) 66
[12:29:30.118]: (1.5, 2.6, 1.7) 66
[12:29:30.141]: (1.5, 2.7, 1.7) 70
[12:29:30.164]: (1.5, 2.7, 1.7) 70
[12:29:30.185]: (1.5, 2.7, 1.7) 70
[12:29:30.208]: (1.5, 2.7, 1.7) 70
[12:29:30.231]: (1.5, 2.7, 1.7) 70
[12:29:30.251]: (1.5, 2.7, 1.7) 70
[12:29:30.275]: (1.5, 2.7, 1.7) 66
[12:29:30.296]: (1.5, 2.7, 1.7) 70
[12:29:30.319]: (1.5, 2.7, 1.7) 66
[12:29:30.342]: (1.5, 2.7, 1.7) 70
[12:29:30.360]: (1.5, 2.7, 1.7) 70
[12:29:30.377]: (1.5, 2.7, 1.7) 70
[12:29:30.394]: (1.5, 2.7, 1.7) 70
[12:29:30.410]: (1.5, 2.7, 1.7) 70
[12:29:30.427]: (1.5, 2.7, 1.7) 70
[12:29:30.443]: (1.5, 2.7, 1.7) 70
[12:29:30.460]: (1.5, 2.7, 1.7) 70
[12:29:30.476]: (1.5, 2.7, 1.7) 70
[12:29:30.494]: (1.5, 2.7, 1.7) 70
[12:29:30.510]: (1.5, 2.7, 1.7) 70
[12:29:30.527]: (1.5, 2.7, 1.7) 70
[12:29:30.544]: (1.5, 2.7, 1.7) 70
[12:29:30.560]: (1.5, 2.7, 1.7) 70
[12:29:30.577]: (1.5, 2.7, 1.7) 70
[12:29:30.593]: (1.5, 2.7, 1.7) 70
[12:29:30.609]: (1.5, 2.7, 1.7) 70
[12:29:30.626]: (1.5, 2.7, 1.7) 70
[12:29:30.641]: (1.5, 2.6, 1.7) 66
[12:29:30.931]: (1.7, 2.7, 1.7) 65
[12:29:31.041]: (1.5, 2.7, 1.7) 70
[12:29:31.063]: (1.5, 2.6, 1.7) 66
[12:29:31.085]: (1.5, 2.7, 1.7) 70
[12:29:31.107]: (1.5, 2.7, 1.7) 70
[12:29:31.130]: (1.5, 2.7, 1.7) 70
[12:29:31.152]: (1.5, 2.6, 1.7) 66
[12:29:31.174]: (1.5, 2.6, 1.7) 66
[12:29:31.196]: (1.5, 2.7, 1.7) 70
[12:29:31.218]: (1.5, 2.7, 1.7) 70
[12:29:31.241]: (1.6, 2.6, 1.9) 67
[12:29:31.258]: (1.6, 2.6, 1.9) 67
[12:29:31.274]: (1.6, 2.6, 1.9) 67
[12:29:31.290]: (1.6, 2.6, 1.9) 67
[12:29:31.308]: (1.6, 2.6, 1.9) 67
[12:29:31.326]: (1.6, 2.6, 1.9) 67
[12:29:31.343]: (1.6, 2.6, 1.9) 67
[12:29:31.359]: (1.6, 2.6, 1.9) 67
[12:29:31.376]: (1.6, 2.6, 1.9) 67
[12:29:31.393]: (1.6, 2.6, 1.9) 67
[12:29:31.413]: (1.6, 2.6, 1.9) 67
[12:29:31.432]: (1.6, 2.6, 1.9) 67
[12:29:31.449]: (1.6, 2.6, 1.9) 67
[12:29:31.466]: (1.6, 2.6, 1.9) 67
[12:29:31.483]: (1.6, 2.6, 1.9) 67
[12:29:31.500]: (1.6, 2.6, 1.9) 67
[12:29:31.516]: (1.6, 2.6, 1.9) 67
[12:29:31.533]: (1.6, 2.6, 1.9) 67
[12:29:31.550]: (1.6, 2.6, 1.9) 67
[12:29:31.566]: (1.6, 2.6, 1.9) 67
[12:29:31.582]: (1.6, 2.6, 1.9) 67
[12:29:31.599]: (1.6, 2.6, 1.9) 67
[12:29:31.615]: (1.6, 2.6, 1.9) 72
[12:29:31.634]: (1.6, 2.6, 1.9) 72
[12:29:31.650]: (1.6, 2.6, 1.9) 67
[12:29:31.666]: (1.6, 2.6, 1.9) 67
[12:29:31.684]: (1.6, 2.6, 1.9) 67
[12:29:31.708]: (1.6, 2.6, 1.9) 67
[12:29:31.729]: (1.6, 2.6, 1.9) 67
[12:29:31.751]: (1.6, 2.6, 1.9) 67
[12:29:31.773]: (1.6, 2.6, 1.9) 67
[12:29:31.795]: (1.6, 2.6, 1.9) 67
[12:29:31.817]: (1.6, 2.6, 1.9) 67
[12:29:31.839]: (1.6, 2.6, 1.9) 67
[12:29:31.862]: (1.6, 2.6, 1.9) 67
[12:29:31.884]: (1.6, 2.6, 1.9) 67
[12:29:31.906]: (1.6, 2.6, 1.9) 67
[12:29:31.929]: (1.6, 2.6, 1.9) 67
[12:29:31.951]: (1.6, 2.6, 2.0) 72
[12:29:31.973]: (1.6, 2.6, 1.9) 67
[12:29:31.995]: (1.6, 2.6, 1.9) 67
[12:29:32.017]: (1.6, 2.6, 1.9) 67
[12:29:32.062]: (1.4, 2.5, 1.6) 74
[12:29:32.084]: (1.5, 2.6, 1.7) 66
[12:29:32.106]: (1.5, 2.6, 1.7) 66
[12:29:32.128]: (1.4, 2.5, 1.6) 74
[12:29:32.150]: (1.4, 2.5, 1.6) 74
[12:29:32.166]: (1.4, 2.5, 1.6) 74
[12:29:32.182]: (1.4, 2.5, 1.6) 74
[12:29:32.198]: (1.4, 2.5, 1.6) 74
[12:29:32.215]: (1.4, 2.5, 1.6) 74
[12:29:32.231]: (1.4, 2.5, 1.6) 74
[12:29:32.249]: (1.4, 2.5, 1.6) 74
[12:29:32.265]: (1.4, 2.5, 1.6) 74
[12:29:32.282]: (1.4, 2.5, 1.6) 74
[12:29:32.299]: (1.4, 2.5, 1.6) 74
[12:29:32.315]: (1.4, 2.5, 1.6) 74
[12:29:32.333]: (1.4, 2.5, 1.6) 74
[12:29:32.351]: (1.4, 2.5, 1.6) 74
[12:29:32.367]: (1.4, 2.5, 1.6) 74
[12:29:32.383]: (1.4, 2.5, 1.6) 74
[12:29:32.400]: (1.4, 2.5, 1.6) 74
[12:29:32.418]: (1.4, 2.5, 1.6) 74
[12:29:32.437]: (1.4, 2.5, 1.6) 74
[12:29:32.454]: (1.4, 2.5, 1.6) 74
[12:29:32.474]: (1.4, 2.5, 1.6) 74
[12:29:32.490]: (1.4, 2.5, 1.6) 74
[12:29:32.506]: (1.4, 2.5, 1.6) 74
[12:29:32.524]: (1.4, 2.5, 1.6) 74
[12:29:32.539]: (1.4, 2.5, 1.6) 74
[12:29:32.555]: (1.4, 2.5, 1.6) 74
[12:29:32.573]: (1.4, 2.5, 1.6) 74
[12:29:32.590]: (1.4, 2.5, 1.6) 74
[12:29:32.605]: (1.4, 2.5, 1.6) 74
[12:29:32.629]: (1.4, 2.5, 1.6) 74
[12:29:32.651]: (1.4, 2.5, 1.6) 74
[12:29:32.673]: (1.4, 2.5, 1.6) 74
[12:29:32.695]: (1.4, 2.5, 1.6) 74
[12:29:32.718]: (1.4, 2.5, 1.6) 74
[12:29:32.740]: (1.5, 2.6, 1.8) 66
[12:29:32.761]: (1.5, 2.6, 1.9) 67
[12:29:32.784]: (1.5, 2.6, 1.9) 67
[12:29:32.805]: (1.5, 2.6, 1.9) 67
[12:29:32.828]: (1.5, 2.6, 1.9) 67
[12:29:32.852]: (1.5, 2.6, 1.9) 67
[12:29:32.873]: (1.5, 2.6, 1.9) 67
[12:29:32.895]: (1.5, 2.6, 1.8) 69
[12:29:32.917]: (1.4, 2.5, 1.8) 69
[12:29:32.940]: (1.4, 2.5, 1.8) 69
[12:29:32.962]: (1.4, 2.5, 1.8) 69
[12:29:32.983]: (1.4, 2.5, 1.8) 69
[12:29:33.006]: (1.5, 2.6, 1.9) 67
[12:29:33.029]: (1.5, 2.7, 1.9) 71
[12:29:33.249]: (0.0, 1.9, 1.8) 15
[12:29:33.311]: (0.0, 1.9, 1.9) 15
[12:29:33.329]: (0.0, 1.9, 1.8) 15
[12:29:33.347]: (0.0, 1.9, 1.8) 15
[12:29:33.364]: (0.1, 1.9, 1.8) 15
[12:29:33.379]: (0.1, 1.8, 1.8) 15
[12:29:33.395]: (0.1, 1.8, 1.8) 15
[12:29:33.412]: (0.1, 1.8, 1.9) 15
[12:29:33.431]: (0.1, 1.8, 1.8) 15
[12:29:33.450]: (0.1, 1.9, 1.8) 15
[12:29:33.467]: (0.1, 1.9, 1.8) 15
[12:29:33.484]: (0.1, 1.8, 1.9) 15
[12:29:33.500]: (0.1, 1.9, 1.8) 15
[12:29:33.517]: (0.1, 1.9, 1.8) 15
[12:29:33.540]: (0.1, 1.9, 1.8) 15
[12:29:33.583]: (0.1, 1.8, 1.8) 15
[12:29:33.606]: (0.0, 1.9, 1.8) 15
[12:29:33.628]: (0.1, 1.9, 2.2) 33
[12:29:33.650]: (0.1, 1.9, 2.1) 33
[12:29:33.672]: (0.2, 1.8, 2.2) 33
[12:29:33.694]: (0.1, 1.8, 2.1) 33
[12:29:33.717]: (0.1, 1.8, 1.8) 15
[12:29:33.739]: (0.1, 1.8, 1.8) 15
[12:29:33.761]: (0.1, 1.8, 1.8) 15
[12:29:33.783]: (0.1, 1.9, 1.8) 15
[12:29:33.806]: (0.1, 1.9, 1.8) 15
[12:29:33.827]: (0.1, 1.9, 1.8) 15
[12:29:33.850]: (0.1, 1.9, 1.8) 15
[12:29:33.872]: (0.1, 1.9, 1.8) 15
[12:29:33.894]: (0.1, 1.9, 1.8) 15
[12:29:33.910]: (0.1, 1.9, 1.8) 15
[12:29:33.929]: (0.1, 1.9, 1.8) 15
[12:29:33.947]: (0.1, 1.9, 1.8) 15
[12:29:33.963]: (0.1, 1.9, 1.8) 15
[12:29:33.979]: (0.1, 1.9, 1.8) 15
[12:29:33.996]: (0.1, 1.9, 1.8) 15
[12:29:34.013]: (0.1, 1.9, 1.8) 15
[12:29:34.031]: (0.1, 1.9, 1.8) 15
[12:29:34.047]: (0.1, 1.9, 1.8) 15
[12:29:34.063]: (0.1, 1.9, 1.8) 15
[12:29:34.080]: (0.1, 1.9, 1.8) 15
[12:29:34.095]: (0.2, 2.0, 2.2) 30
[12:29:34.127]: (0.2, 2.0, 2.2) 30
[12:29:34.143]: (0.2, 2.0, 2.2) 30
[12:29:34.159]: (0.2, 2.0, 2.2) 30
[12:29:34.175]: (0.2, 2.0, 2.2) 30
[12:29:34.205]: (0.2, 2.0, 2.2) 30
[12:29:34.616]: (0.3, 2.1, 2.2) 30
[12:29:34.705]: (0.3, 2.1, 2.2) 32
[12:29:34.728]: (0.3, 2.1, 2.2) 32
[12:29:34.872]: (0.3, 2.1, 2.2) 30
[12:29:34.888]: (0.3, 2.1, 2.2) 30
[12:29:34.904]: (0.3, 2.1, 2.2) 30
[12:29:34.921]: (0.3, 2.1, 2.2) 30
[12:29:34.936]: (0.3, 2.1, 2.2) 30
[12:29:34.954]: (0.2, 2.1, 2.2) 30
[12:29:35.016]: (-0.5, 2.0, 3.6) 64
[12:29:35.032]: (-0.5, 1.9, 2.9) 44
[12:29:35.049]: (-0.5, 1.8, 2.9) 44
[12:29:35.066]: (-0.6, 1.8, 2.9) 44
[12:29:35.096]: (-0.6, 1.8, 2.8) 45
[12:29:35.112]: (-0.6, 1.7, 2.8) 45
[12:29:35.128]: (-0.6, 1.7, 2.6) 53
[12:29:35.145]: (-0.7, 1.7, 2.8) 50
[12:29:35.328]: (-0.8, 1.7, 3.0) 49
[12:29:35.349]: (-0.8, 1.7, 3.0) 49
[12:29:35.372]: (-0.7, 1.7, 3.0) 49
[12:29:35.393]: (-0.8, 1.7, 3.0) 49
[12:29:35.461]: (-0.8, 1.7, 3.0) 49
[12:29:35.483]: (-0.8, 1.7, 3.0) 49
[12:29:35.505]: (-0.8, 1.7, 3.0) 49
[12:29:35.528]: (-0.8, 1.7, 3.0) 49
[12:29:35.549]: (-0.7, 1.7, 2.6) 53
[12:29:35.607]: (-0.7, 1.7, 3.1) 49
[12:29:35.624]: (-0.7, 1.7, 2.8) 50
[12:29:35.640]: (-0.7, 1.7, 2.8) 50
[12:29:35.657]: (-0.7, 1.7, 2.8) 50
[12:29:35.672]: (-0.7, 1.7, 2.8) 50
[12:29:35.688]: (-0.7, 1.7, 2.8) 50
[12:29:35.705]: (-0.7, 1.7, 2.8) 50
[12:29:35.721]: (-0.7, 1.7, 3.0) 49
[12:29:35.737]: (-0.7, 1.7, 3.0) 49
[12:29:35.753]: (-0.8, 1.7, 3.0) 49
[12:29:35.769]: (-0.7, 1.7, 3.0) 49
[12:29:35.785]: (-0.7, 1.7, 3.0) 49
[12:29:35.802]: (-0.7, 1.7, 2.8) 50
[12:29:35.819]: (-0.8, 1.7, 3.0) 49
[12:29:35.838]: (-0.8, 1.7, 3.0) 49
[12:29:35.854]: (-0.8, 1.7, 2.8) 50
[12:29:35.871]: (-0.8, 1.7, 3.0) 49
[12:29:35.888]: (-0.7, 1.7, 2.8) 50
[12:29:35.905]: (-0.7, 1.7, 2.8) 50
[12:29:35.922]: (-0.7, 1.7, 2.8) 50
[12:29:35.937]: (-0.7, 1.7, 2.8) 50
[12:29:35.955]: (-0.7, 1.7, 2.8) 50
[12:29:35.972]: (-0.7, 1.7, 2.8) 50
[12:29:35.989]: (-0.7, 1.7, 2.8) 50
[12:29:36.005]: (-0.8, 1.7, 2.8) 50
[12:29:36.023]: (-0.8, 1.7, 2.8) 50
[12:29:36.039]: (-0.8, 1.7, 2.8) 50
[12:29:36.056]: (-0.8, 1.7, 2.8) 50
[12:29:36.073]: (-0.8, 1.7, 3.0) 49
[12:29:36.093]: (-0.8, 1.7, 2.8) 50
[12:29:36.116]: (-0.8, 1.7, 3.0) 49
[12:29:36.137]: (-0.8, 1.7, 3.0) 49
[12:29:36.160]: (-0.8, 1.7, 3.0) 49
[12:29:36.182]: (-0.8, 1.7, 3.0) 49
[12:29:36.206]: (-0.7, 1.7, 3.1) 49
[12:29:36.226]: (-0.7, 1.6, 2.6) 53
[12:29:36.249]: (-0.6, 1.7, 2.6) 53
[12:29:36.293]: (-0.6, 1.7, 2.7) 53
[12:29:36.315]: (-0.7, 1.7, 2.8) 45
[12:29:36.338]: (-0.6, 1.7, 2.7) 53
[12:29:36.359]: (-0.6, 1.7, 2.8) 45
[12:29:36.382]: (-0.6, 1.7, 2.8) 45
[12:29:36.736]: (-0.8, 1.7, 3.0) 43
[12:29:36.754]: (-0.7, 1.6, 2.6) 53
[12:29:36.770]: (-0.7, 1.6, 2.6) 53
[12:29:36.787]: (-0.7, 1.6, 2.6) 53
[12:29:36.804]: (-0.7, 1.6, 2.6) 53
[12:29:36.820]: (-0.7, 1.6, 2.6) 53
[12:29:36.835]: (-0.7, 1.6, 2.6) 53
[12:29:36.851]: (-0.7, 1.6, 2.6) 53
[12:29:36.868]: (-0.7, 1.6, 2.6) 53
[12:29:36.885]: (-0.7, 1.7, 2.7) 50
[12:29:36.901]: (-0.7, 1.7, 2.7) 50
[12:29:36.918]: (-0.7, 1.8, 2.7) 50
[12:29:36.937]: (-0.7, 1.8, 2.7) 50
[12:29:36.960]: (-0.8, 1.8, 2.7) 50
[12:29:36.983]: (-0.8, 1.8, 2.7) 50
[12:29:37.003]: (-0.8, 1.8, 2.7) 50
[12:29:37.029]: (-0.8, 1.8, 2.7) 50
[12:29:37.048]: (-0.8, 1.8, 2.7) 50
[12:29:37.070]: (-0.8, 1.8, 2.7) 50
[12:29:37.093]: (-0.8, 1.8, 2.7) 50
[12:29:37.115]: (-0.8, 1.8, 2.7) 50
[12:29:37.137]: (-0.7, 1.7, 2.7) 50
[12:29:37.160]: (-0.7, 1.7, 2.7) 50
[12:29:37.182]: (-0.7, 1.8, 2.7) 50
[12:29:37.204]: (-0.7, 1.8, 2.7) 50
[12:29:37.226]: (-0.7, 1.8, 2.7) 50
[12:29:37.249]: (-0.7, 1.8, 2.7) 50
[12:29:37.270]: (-0.7, 1.8, 2.7) 50
[12:29:37.293]: (-0.7, 1.8, 2.7) 50
[12:29:37.315]: (-0.7, 1.8, 2.7) 50
[12:29:37.338]: (-0.7, 1.8, 2.7) 50
[12:29:37.354]: (-0.7, 1.8, 2.7) 50
[12:29:37.371]: (-0.7, 1.8, 2.7) 50
[12:29:37.388]: (-0.7, 1.8, 2.7) 50
[12:29:37.405]: (-0.7, 1.8, 2.7) 50
[12:29:37.424]: (-0.7, 1.8, 2.7) 50
[12:29:37.438]: (-0.7, 1.8, 2.8) 50
[12:29:37.458]: (-0.7, 1.8, 2.8) 50
[12:29:37.490]: (-0.7, 1.8, 2.8) 50
[12:29:37.507]: (-0.5, 1.9, 2.9) 44
[12:29:37.525]: (-0.5, 1.9, 2.9) 44
[12:29:37.540]: (-0.5, 1.9, 2.9) 44
[12:29:37.646]: (-0.6, 1.7, 2.8) 45
[12:29:37.661]: (-0.5, 2.3, 3.8) 54
[12:29:37.677]: (-0.5, 2.2, 3.7) 59
[12:29:37.692]: (-0.5, 2.1, 3.6) 58
[12:29:37.709]: (-0.5, 2.1, 3.6) 58
[12:29:37.725]: (-0.5, 2.1, 3.6) 58
[12:29:37.742]: (-0.5, 2.2, 3.6) 58
[12:29:37.758]: (-0.4, 2.2, 3.4) 56
[12:29:37.774]: (-0.4, 2.1, 3.4) 56
[12:29:37.792]: (-0.4, 2.2, 3.4) 56
[12:29:37.816]: (-0.4, 2.2, 3.4) 56
[12:29:37.836]: (-0.4, 2.2, 3.4) 56
[12:29:37.860]: (-0.4, 2.1, 3.5) 57
[12:29:37.882]: (-0.4, 2.2, 3.4) 56
[12:29:37.904]: (-0.4, 2.1, 3.4) 56
[12:29:37.927]: (-0.4, 2.1, 3.4) 56
[12:29:37.948]: (-0.4, 2.1, 3.6) 58
[12:29:37.972]: (-0.5, 2.1, 3.7) 58
[12:29:38.015]: (-0.5, 2.1, 3.7) 58
[12:29:38.037]: (-0.5, 2.1, 3.6) 64
[12:29:38.059]: (-0.5, 2.2, 3.7) 59
[12:29:38.082]: (-0.5, 2.2, 3.7) 59
[12:29:38.103]: (-0.5, 2.2, 3.7) 59
[12:29:38.126]: (-0.6, 2.1, 3.6) 64
[12:29:38.149]: (-0.6, 2.1, 3.6) 64
[12:29:38.171]: (-0.6, 2.1, 3.6) 64
[12:29:38.192]: (-0.5, 1.9, 2.9) 44
[12:29:38.235]: (-0.6, 1.8, 2.9) 44
[12:29:38.287]: (-0.6, 1.8, 2.9) 44
[12:29:38.306]: (-0.6, 1.8, 2.9) 44
[12:29:38.325]: (-0.5, 1.8, 2.9) 44
[12:29:38.343]: (-0.6, 1.8, 2.9) 44
[12:29:38.447]: (-0.5, 1.9, 2.9) 44
[12:29:38.465]: (-0.6, 1.9, 2.9) 44
[12:29:38.483]: (-0.6, 1.9, 2.9) 44
[12:29:38.838]: (-0.8, 1.8, 2.8) 50
[12:29:38.859]: (-0.7, 1.8, 2.7) 50
[12:29:38.904]: (-0.7, 1.8, 2.8) 50
[12:29:38.928]: (-0.6, 1.7, 2.8) 45
[12:29:38.949]: (-0.6, 1.8, 2.8) 45
[12:29:38.971]: (-0.6, 1.7, 2.8) 45
[12:29:38.994]: (-0.6, 1.7, 2.8) 45
[12:29:39.128]: (-0.5, 2.1, 3.6) 64
[12:29:39.147]: (-0.5, 2.1, 3.6) 58
[12:29:39.172]: (-0.5, 2.1, 3.6) 58
[12:29:39.192]: (-0.5, 2.1, 3.6) 58
[12:29:39.209]: (-0.5, 2.1, 3.6) 64
[12:29:39.227]: (-0.5, 2.1, 3.6) 64
[12:29:39.244]: (-0.5, 2.1, 3.6) 64
[12:29:39.261]: (-0.5, 2.1, 3.6) 64
[12:29:39.279]: (-0.5, 2.1, 3.6) 64
[12:29:39.296]: (-0.5, 2.1, 3.6) 64
[12:29:39.313]: (-0.5, 2.1, 3.6) 64
[12:29:39.334]: (-0.5, 2.1, 3.6) 58
[12:29:39.352]: (-0.5, 2.1, 3.6) 58
[12:29:39.369]: (-0.5, 2.2, 3.6) 58
[12:29:39.387]: (-0.5, 2.2, 3.6) 58
[12:29:39.407]: (-0.6, 2.2, 3.7) 60
[12:29:39.444]: (-0.5, 2.2, 3.7) 59
[12:29:39.463]: (-0.4, 2.1, 3.4) 56
[12:29:39.499]: (0.2, 2.1, 2.3) 29
[12:29:39.552]: (0.2, 2.1, 2.2) 30
[12:29:39.569]: (0.1, 1.9, 1.8) 15
[12:29:39.586]: (0.3, 2.0, 2.2) 30
[12:29:39.604]: (0.2, 2.0, 2.2) 30
[12:29:39.625]: (0.3, 2.0, 2.2) 30
[12:29:39.644]: (0.3, 2.0, 2.2) 30
[12:29:39.660]: (0.3, 2.0, 2.2) 30
[12:29:39.677]: (0.3, 2.0, 2.2) 30
[12:29:39.693]: (0.3, 2.1, 2.2) 30
[12:29:39.711]: (0.3, 2.0, 2.2) 30
[12:29:39.814]: (0.3, 2.0, 2.2) 32
[12:29:39.836]: (0.3, 2.0, 2.2) 30
[12:29:39.858]: (0.3, 2.0, 2.2) 30
[12:29:39.925]: (0.2, 1.9, 1.6) 16
[12:29:39.948]: (0.4, 2.0, 2.1) 32
[12:29:39.970]: (0.4, 2.0, 2.1) 32
[12:29:39.992]: (0.3, 2.0, 2.2) 32
[12:29:40.015]: (0.3, 2.0, 2.2) 32
[12:29:40.037]: (0.3, 2.0, 2.2) 30
[12:29:40.058]: (0.3, 2.0, 2.2) 30
[12:29:40.081]: (0.3, 2.0, 2.2) 30
[12:29:40.103]: (0.3, 2.0, 2.2) 30
[12:29:40.125]: (0.3, 2.0, 2.2) 30
[12:29:40.421]: (-0.6, 1.5, 2.7) 46
[12:29:40.550]: (-0.6, 2.1, 3.6) 64
[12:29:40.600]: (-0.6, 2.1, 3.7) 60
[12:29:40.617]: (-0.6, 2.1, 3.7) 60
[12:29:40.804]: (-0.7, 1.7, 2.8) 45
[12:29:41.411]: (-0.6, 2.1, 3.7) 60
[12:29:41.428]: (-0.6, 2.1, 3.6) 64
[12:29:41.524]: (-0.5, 2.1, 3.6) 64
[12:29:41.614]: (-0.6, 2.1, 3.6) 64
[12:29:41.636]: (-0.6, 2.1, 3.6) 64
[12:29:41.659]: (-0.5, 2.1, 3.6) 64
[12:29:41.680]: (-0.6, 2.1, 3.6) 64
[12:29:41.725]: (-0.6, 2.2, 3.7) 60
[12:29:41.747]: (-0.6, 2.2, 3.7) 60
[12:29:41.792]: (-0.6, 1.9, 2.9) 44
[12:29:41.926]: (-0.6, 1.9, 2.9) 44
[12:29:41.971]: (-0.6, 2.1, 3.6) 64
[12:29:41.991]: (-0.6, 2.1, 3.6) 64
[12:29:42.008]: (-0.6, 1.9, 2.9) 44
[12:29:42.025]: (-0.6, 1.9, 2.9) 44
[12:29:42.042]: (-0.6, 1.9, 2.9) 44
[12:29:42.060]: (-0.6, 1.9, 2.9) 44
[12:29:42.076]: (-0.6, 1.9, 2.9) 44
[12:29:42.123]: (-0.6, 2.2, 3.7) 59
[12:29:42.140]: (-0.6, 2.2, 3.7) 59
[12:29:42.218]: (-0.6, 2.2, 3.7) 60
[12:29:42.252]: (-0.6, 2.2, 3.7) 60
[12:29:42.347]: (-0.6, 2.2, 3.7) 60
[12:29:42.363]: (-0.6, 2.2, 3.7) 60
[12:29:42.379]: (-0.6, 2.2, 3.7) 60
[12:29:42.395]: (-0.6, 2.2, 3.7) 60
[12:29:42.411]: (-0.6, 2.2, 3.7) 60
[12:29:42.428]: (-0.6, 2.2, 3.7) 60
[12:29:42.445]: (-0.6, 2.2, 3.7) 60
[12:29:42.462]: (-0.6, 2.2, 3.7) 60
[12:29:42.481]: (-0.6, 2.2, 3.7) 60
[12:29:42.503]: (-0.6, 2.2, 3.7) 60
[12:29:42.524]: (-0.6, 2.2, 3.7) 60
[12:29:42.547]: (-0.6, 2.2, 3.7) 60
[12:29:42.569]: (-0.6, 2.2, 3.7) 60
[12:29:42.592]: (-0.7, 2.2, 3.7) 60
[12:29:42.613]: (-0.7, 2.2, 3.7) 60
[12:29:42.636]: (-0.7, 2.2, 3.7) 60
[12:29:42.747]: (-0.7, 2.2, 3.7) 60
[12:29:42.791]: (-0.8, 1.7, 3.0) 49
[12:29:42.903]: (-0.8, 1.6, 2.9) 48
[12:29:42.920]: (-0.7, 1.8, 2.8) 50
[12:29:42.952]: (-0.7, 1.8, 2.8) 45
[12:29:42.988]: (-0.7, 1.8, 2.8) 50
[12:29:43.004]: (-0.7, 1.8, 2.8) 50
[12:29:43.022]: (-0.7, 1.8, 2.8) 50
[12:29:43.038]: (-0.7, 1.8, 2.8) 45
[12:29:43.056]: (-0.7, 1.8, 2.8) 45
[12:29:43.072]: (-0.7, 1.7, 2.8) 45
[12:29:43.089]: (-0.7, 1.7, 2.8) 45
[12:29:43.106]: (-0.7, 1.7, 2.8) 50
[12:29:43.123]: (-0.7, 1.7, 2.8) 50
[12:29:43.139]: (-0.7, 1.7, 2.8) 50
[12:29:43.156]: (-0.7, 1.7, 2.8) 50
[12:29:43.172]: (-0.7, 1.7, 2.8) 50
[12:29:43.188]: (-0.8, 1.7, 3.0) 49
[12:29:43.205]: (-0.7, 1.7, 2.7) 50
[12:29:43.223]: (-0.8, 1.7, 2.8) 50
[12:29:43.239]: (-0.8, 1.7, 2.8) 50
[12:29:43.257]: (-0.8, 1.7, 2.8) 50
[12:29:43.321]: (-0.8, 1.8, 2.8) 50
[12:29:43.371]: (-0.8, 1.8, 2.7) 50
[12:29:43.390]: (-0.8, 1.8, 2.7) 50
[12:29:43.414]: (-0.7, 1.7, 2.7) 50
[12:29:43.435]: (-0.8, 1.7, 2.7) 50
[12:29:43.458]: (-0.8, 1.7, 2.7) 50
[12:29:43.479]: (-0.7, 1.7, 2.8) 50
[12:29:43.501]: (-0.7, 1.7, 2.8) 50
[12:29:43.525]: (-0.7, 1.8, 2.7) 50
[12:29:43.546]: (-0.7, 1.8, 2.7) 50
[12:29:43.592]: (-0.7, 1.8, 2.8) 50
[12:29:43.614]: (-0.7, 1.8, 2.8) 50
[12:29:43.995]: (-0.8, 1.6, 2.9) 48
[12:29:44.076]: (-0.7, 1.6, 2.7) 53
[12:29:44.110]: (-0.5, 1.9, 2.9) 44
[12:29:44.126]: (-0.6, 2.2, 3.7) 60
[12:29:44.143]: (-0.7, 2.2, 3.7) 60
[12:29:44.213]: (-0.6, 2.3, 3.8) 61
[12:29:44.235]: (-0.6, 2.4, 3.8) 61
[12:29:44.257]: (-0.6, 2.3, 3.8) 61
[12:29:44.281]: (-0.6, 2.3, 3.8) 54
[12:29:44.302]: (-0.6, 2.3, 3.8) 54
[12:29:44.325]: (-0.5, 2.2, 3.7) 59
[12:29:44.346]: (-0.5, 2.2, 3.7) 59
[12:29:44.368]: (-0.5, 2.2, 3.7) 59
[12:29:44.413]: (-0.5, 2.2, 3.7) 59
[12:29:44.457]: (-0.5, 2.2, 3.7) 59
[12:29:44.501]: (-0.6, 2.2, 3.7) 59
[12:29:44.524]: (-0.5, 2.2, 3.7) 59
[12:29:44.547]: (-0.5, 2.2, 3.6) 58
[12:29:44.568]: (-0.5, 2.2, 3.7) 59
[12:29:44.593]: (-0.5, 2.2, 3.7) 59
[12:29:44.613]: (-0.5, 2.2, 3.7) 59
[12:29:44.636]: (-0.6, 2.2, 3.7) 59
[12:29:44.695]: (-0.6, 2.2, 3.7) 60
[12:29:44.714]: (-0.7, 2.2, 3.7) 60
[12:29:44.732]: (-0.6, 2.2, 3.7) 60
[12:29:44.748]: (-0.6, 2.2, 3.7) 60
[12:29:44.764]: (-0.6, 2.2, 3.7) 60
[12:29:44.783]: (-0.6, 2.2, 3.7) 60
[12:29:44.799]: (-0.6, 2.2, 3.7) 60
[12:29:44.832]: (-0.4, 2.3, 3.6) 55
[12:29:44.865]: (0.1, 1.9, 1.8) 15
[12:29:44.882]: (0.2, 1.9, 1.6) 16
[12:29:44.914]: (0.3, 2.1, 2.2) 30
[12:29:44.932]: (0.3, 2.0, 2.2) 30
[12:29:44.950]: (0.3, 2.0, 2.2) 30
[12:29:45.013]: (0.3, 2.0, 2.2) 32
[12:29:45.031]: (0.3, 2.0, 2.2) 30
[12:29:45.049]: (0.3, 2.0, 2.2) 30
[12:29:45.067]: (0.3, 2.0, 2.2) 30
[12:29:45.085]: (0.3, 2.0, 2.2) 30
[12:29:45.729]: (0.2, 2.0, 2.2) 30
[12:29:45.746]: (0.1, 1.8, 1.8) 15
[12:29:45.762]: (0.2, 1.9, 2.1) 33
[12:29:45.779]: (0.2, 1.8, 2.1) 33
[12:29:46.312]: (-0.4, 2.1, 3.4) 56
[12:29:46.642]: (-0.7, 1.8, 2.8) 45
