[12:32:12.611]: (-2.7, -1.4, -0.1) 23
[12:32:13.292]: (0.2, 0.4, 1.7) 10
[12:32:13.598]: (0.4, -0.2, 3.5) 96
[12:32:13.663]: (0.0, 0.1, 2.7) 48
[12:32:13.698]: (-0.1, 0.0, 2.9) 39
[12:32:13.730]: (0.0, 0.0, 3.1) 47
[12:32:13.765]: (0.1, 0.0, 3.1) 47
[12:32:13.797]: (0.0, 0.0, 3.1) 47
[12:32:13.831]: (0.0, 0.0, 2.9) 41
[12:32:13.865]: (0.0, 0.0, 3.1) 47
[12:32:13.898]: (0.0, -0.3, 3.8) 108
[12:32:13.930]: (0.1, -0.3, 3.8) 108
[12:32:14.706]: (0.4, 2.5, 4.0) 111
[12:32:15.255]: (0.2, 2.3, 3.9) 95
[12:32:15.350]: (0.2, 2.3, 3.5) 96
[12:32:15.369]: (0.1, 2.1, 2.9) 51
[12:32:15.409]: (0.0, 1.9, 1.8) 11
[12:32:15.430]: (-0.1, 1.9, 1.9) 11
[12:32:15.877]: (0.3, 2.3, 2.6) 45
[12:32:15.897]: (0.2, 2.3, 2.6) 45
[12:32:15.921]: (0.2, 2.3, 2.6) 45
[12:32:15.943]: (0.2, 2.3, 2.6) 45
[12:32:15.965]: (0.2, 2.3, 2.6) 43
[12:32:15.988]: (0.2, 2.3, 2.6) 43
[12:32:16.005]: (0.2, 2.3, 2.6) 43
[12:32:16.108]: (0.3, 2.3, 2.6) 45
[12:32:16.130]: (0.3, 2.3, 2.6) 45
[12:32:16.153]: (0.3, 2.3, 2.5) 45
[12:32:16.175]: (0.3, 2.4, 2.5) 45
[12:32:16.196]: (0.3, 2.4, 2.5) 45
[12:32:16.221]: (0.3, 2.4, 2.5) 45
[12:32:16.242]: (0.2, 2.4, 2.6) 45
[12:32:16.263]: (0.2, 2.4, 2.6) 45
[12:32:16.285]: (0.2, 2.4, 2.6) 45
[12:32:16.303]: (0.2, 2.3, 2.6) 45
[12:32:16.319]: (0.2, 2.3, 2.6) 43
[12:32:16.335]: (0.2, 2.3, 2.6) 43
[12:32:16.353]: (0.2, 2.3, 2.6) 43
[12:32:16.370]: (0.2, 2.3, 2.6) 43
[12:32:16.386]: (0.2, 2.4, 2.6) 43
[12:32:16.403]: (0.2, 2.4, 2.8) 42
[12:32:16.421]: (0.2, 2.4, 2.6) 43
[12:32:16.437]: (0.2, 2.4, 2.6) 43
[12:32:16.454]: (0.2, 2.4, 2.6) 43
[12:32:16.471]: (0.2, 2.4, 2.6) 43
[12:32:16.489]: (0.2, 2.5, 2.8) 42
[12:32:16.506]: (0.2, 2.5, 2.8) 42
[12:32:16.523]: (0.2, 2.5, 2.8) 42
[12:32:16.540]: (0.3, 2.7, 3.3) 110
[12:32:16.558]: (0.3, 2.7, 3.3) 110
[12:32:16.575]: (0.3, 2.7, 3.3) 110
[12:32:16.593]: (0.3, 2.7, 3.3) 110
[12:32:16.611]: (0.2, 2.5, 2.8) 42
[12:32:16.629]: (0.2, 2.5, 2.8) 42
[12:32:16.646]: (0.2, 2.5, 2.8) 42
[12:32:16.665]: (0.3, 2.8, 3.6) 100
[12:32:16.683]: (0.3, 2.7, 3.6) 108
[12:32:16.700]: (0.3, 2.8, 3.6) 108
[12:32:16.722]: (0.2, 2.5, 2.8) 42
[12:32:16.742]: (0.2, 2.4, 2.5) 48
[12:32:16.766]: (0.2, 2.4, 2.5) 48
[12:32:16.808]: (0.2, 2.4, 2.4) 48
[12:32:16.830]: (0.2, 2.4, 2.4) 48
[12:32:16.852]: (0.2, 2.4, 2.4) 48
[12:32:16.873]: (0.2, 2.4, 2.4) 48
[12:32:16.895]: (0.2, 2.4, 2.4) 48
[12:32:16.918]: (0.2, 2.4, 2.4) 48
[12:32:16.940]: (0.2, 2.5, 2.6) 41
[12:32:16.974]: (0.3, 2.6, 2.7) 42
[12:32:17.007]: (0.3, 2.8, 3.2) 110
[12:32:17.041]: (0.3, 2.8, 3.3) 110
[12:32:17.409]: (0.4, 2.3, 3.4) 110
[12:32:17.440]: (0.2, 2.2, 2.8) 42
[12:32:17.474]: (0.2, 2.2, 2.8) 42
[12:32:17.506]: (0.2, 2.2, 2.8) 42
[12:32:17.541]: (0.2, 2.2, 2.8) 42
[12:32:17.573]: (0.3, 2.3, 3.4) 110
[12:32:17.607]: (0.4, 2.4, 3.4) 110
[12:32:17.840]: (0.2, 2.2, 2.8) 42
[12:32:17.863]: (0.2, 2.1, 2.6) 43
[12:32:17.884]: (0.2, 2.0, 2.6) 43
[12:32:17.906]: (0.2, 2.0, 2.6) 43
[12:32:17.930]: (0.2, 2.0, 2.6) 48
[12:32:17.951]: (0.2, 2.0, 2.5) 48
[12:32:17.974]: (0.2, 2.0, 2.5) 48
[12:32:17.997]: (0.2, 2.0, 2.5) 48
[12:32:18.018]: (0.2, 2.0, 2.5) 48
[12:32:18.041]: (0.2, 2.0, 2.5) 48
[12:32:18.062]: (0.2, 2.0, 2.6) 48
[12:32:18.084]: (0.2, 2.0, 2.6) 48
[12:32:18.108]: (0.2, 2.1, 2.7) 41
[12:32:18.129]: (0.2, 2.1, 2.7) 41
[12:32:18.151]: (0.2, 2.1, 2.7) 41
[12:32:18.174]: (0.2, 2.1, 2.7) 41
[12:32:18.196]: (0.2, 2.1, 2.7) 41
[12:32:18.221]: (0.2, 2.1, 2.8) 42
[12:32:18.245]: (0.2, 2.1, 2.8) 42
[12:32:18.267]: (0.2, 2.1, 2.7) 41
[12:32:18.285]: (0.2, 2.1, 2.7) 41
[12:32:18.311]: (0.2, 2.1, 2.7) 43
[12:32:18.329]: (0.2, 2.0, 2.5) 48
[12:32:18.787]: (0.2, 2.6, 2.3) 43
[12:32:18.839]: (0.3, 3.2, 3.1) 94
[12:32:18.955]: (0.3, 3.0, 3.2) 102
[12:32:18.980]: (0.2, 3.0, 3.1) 110
[12:32:19.005]: (0.2, 2.9, 3.1) 110
[12:32:19.027]: (0.2, 2.9, 3.1) 110
[12:32:19.052]: (0.2, 2.9, 3.1) 110
[12:32:19.085]: (0.1, 2.6, 2.6) 42
[12:32:19.101]: (0.1, 2.6, 2.6) 42
[12:32:19.120]: (0.1, 2.6, 2.6) 42
[12:32:19.137]: (0.1, 2.6, 2.6) 42
[12:32:19.157]: (0.1, 2.6, 2.6) 42
[12:32:19.176]: (0.1, 2.6, 2.6) 42
[12:32:19.193]: (0.1, 2.5, 2.4) 43
[12:32:19.212]: (0.3, 3.1, 3.1) 94
[12:32:19.230]: (0.4, 3.2, 3.2) 95
[12:32:19.454]: (0.3, 3.2, 3.3) 103
[12:32:19.651]: (0.9, 2.7, 2.0) 89
[12:32:19.672]: (0.9, 2.8, 2.2) 74
[12:32:19.695]: (1.0, 2.8, 2.2) 74
[12:32:19.718]: (0.9, 2.7, 2.0) 89
[12:32:19.739]: (1.0, 2.8, 2.2) 74
[12:32:19.762]: (1.0, 2.7, 2.1) 76
[12:32:19.785]: (1.0, 2.8, 2.4) 75
[12:32:19.806]: (1.2, 2.8, 2.1) 79
[12:32:19.828]: (1.2, 2.8, 2.1) 78
[12:32:19.851]: (1.1, 2.8, 2.1) 78
[12:32:19.872]: (1.2, 2.9, 2.1) 79
[12:32:19.888]: (1.2, 2.8, 2.2) 79
[12:32:19.920]: (1.2, 2.9, 2.2) 79
[12:32:19.955]: (1.1, 2.8, 2.1) 78
[12:32:19.973]: (1.2, 2.8, 2.2) 79
[12:32:19.990]: (1.0, 2.8, 2.0) 89
[12:32:20.008]: (1.2, 2.9, 2.3) 77
[12:32:20.024]: (1.2, 2.9, 2.3) 77
[12:32:20.043]: (1.1, 2.8, 2.1) 78
[12:32:20.060]: (1.1, 2.8, 2.1) 78
[12:32:20.078]: (1.2, 2.8, 2.1) 78
[12:32:20.110]: (1.2, 2.9, 2.1) 79
[12:32:20.126]: (1.1, 2.8, 2.0) 70
[12:32:20.142]: (1.1, 2.8, 2.0) 70
[12:32:20.158]: (1.1, 2.8, 2.0) 70
[12:32:20.176]: (1.1, 2.8, 2.0) 70
[12:32:20.193]: (1.1, 2.8, 2.0) 70
[12:32:20.211]: (1.1, 2.7, 2.0) 70
[12:32:20.228]: (1.1, 2.7, 2.0) 70
[12:32:20.243]: (1.1, 2.7, 2.0) 70
[12:32:20.263]: (1.2, 2.8, 1.9) 70
[12:32:20.280]: (1.1, 2.8, 2.0) 70
[12:32:20.297]: (1.1, 2.7, 2.0) 70
[12:32:20.315]: (1.2, 2.9, 2.1) 90
[12:32:20.332]: (1.1, 2.8, 2.0) 70
[12:32:20.351]: (1.1, 2.8, 2.0) 70
[12:32:20.370]: (1.1, 2.7, 2.0) 70
[12:32:20.388]: (1.2, 2.8, 2.2) 79
[12:32:20.406]: (1.2, 2.9, 2.2) 90
[12:32:20.450]: (1.2, 2.8, 2.2) 79
[12:32:20.605]: (1.3, 2.8, 2.2) 71
[12:32:20.629]: (1.2, 2.8, 2.2) 71
[12:32:20.651]: (1.3, 2.8, 2.2) 71
[12:32:20.673]: (1.3, 2.7, 2.2) 71
[12:32:20.694]: (1.3, 2.7, 2.2) 79
[12:32:20.718]: (1.3, 2.7, 2.3) 77
[12:32:20.741]: (1.3, 2.7, 2.3) 77
[12:32:20.765]: (1.3, 2.6, 2.1) 78
[12:32:20.787]: (1.4, 2.6, 2.2) 79
[12:32:20.807]: (1.3, 2.6, 2.2) 79
[12:32:20.829]: (1.3, 2.6, 2.2) 79
[12:32:20.851]: (1.3, 2.6, 2.2) 79
[12:32:20.875]: (1.3, 2.6, 2.2) 79
[12:32:20.896]: (1.4, 2.7, 2.2) 79
[12:32:20.917]: (1.3, 2.6, 2.0) 70
[12:32:20.938]: (1.3, 2.6, 2.0) 70
[12:32:20.961]: (1.3, 2.6, 2.0) 70
[12:32:20.983]: (1.3, 2.6, 2.0) 70
[12:32:21.004]: (1.3, 2.7, 2.2) 79
[12:32:21.024]: (1.3, 2.7, 2.2) 79
[12:32:21.045]: (1.4, 2.7, 2.2) 90
[12:32:21.068]: (1.2, 2.6, 2.0) 70
[12:32:21.092]: (1.2, 2.6, 2.0) 70
[12:32:21.114]: (1.2, 2.6, 2.1) 70
[12:32:21.137]: (1.3, 2.7, 2.2) 90
[12:32:21.160]: (1.2, 2.6, 2.0) 70
[12:32:21.183]: (1.2, 2.6, 2.0) 70
[12:32:21.206]: (1.2, 2.6, 2.0) 70
[12:32:21.229]: (1.2, 2.6, 2.1) 70
[12:32:21.252]: (1.3, 2.8, 2.5) 87
[12:32:21.273]: (1.2, 2.7, 2.3) 79
[12:32:21.289]: (1.2, 2.7, 2.3) 79
[12:32:21.305]: (1.2, 2.7, 2.3) 79
[12:32:21.324]: (1.2, 2.7, 2.3) 79
[12:32:21.340]: (1.2, 2.7, 2.2) 79
[12:32:21.357]: (1.2, 2.7, 2.2) 79
[12:32:21.375]: (1.2, 2.7, 2.2) 79
[12:32:21.394]: (1.2, 2.7, 2.2) 79
[12:32:21.416]: (1.2, 2.7, 2.2) 79
[12:32:21.440]: (1.2, 2.7, 2.2) 79
[12:32:21.462]: (1.2, 2.7, 2.2) 79
[12:32:21.482]: (1.2, 2.7, 2.2) 79
[12:32:21.507]: (1.2, 2.7, 2.2) 79
[12:32:21.527]: (1.2, 2.7, 2.2) 79
[12:32:21.750]: (1.2, 2.8, 2.2) 71
[12:32:21.773]: (0.5, 1.8, 1.5) 1
[12:32:21.885]: (0.4, 1.8, 1.8) 13
[12:32:22.100]: (-0.1, 1.6, 3.0) 38
[12:32:22.217]: (0.0, 2.0, 3.9) 61
[12:32:22.239]: (0.0, 2.0, 3.7) 60
[12:32:22.261]: (0.0, 2.0, 3.6) 55
[12:32:22.506]: (-0.1, 2.0, 4.0) 59
[12:32:22.527]: (-0.1, 2.0, 4.0) 59
[12:32:22.550]: (-0.1, 2.0, 3.7) 60
[12:32:22.573]: (0.0, 2.0, 3.9) 61
[12:32:22.593]: (0.0, 2.0, 3.9) 61
[12:32:22.616]: (0.0, 2.1, 3.9) 61
[12:32:22.634]: (0.0, 2.0, 3.9) 61
[12:32:22.650]: (0.0, 2.1, 3.9) 61
[12:32:22.666]: (0.0, 2.0, 3.9) 61
[12:32:22.682]: (0.0, 2.0, 3.9) 61
[12:32:22.699]: (0.0, 2.0, 3.9) 61
[12:32:22.716]: (0.0, 2.0, 3.6) 55
[12:32:22.734]: (0.0, 1.9, 3.6) 55
[12:32:22.752]: (0.0, 1.9, 3.6) 55
[12:32:22.769]: (0.0, 1.9, 3.6) 55
[12:32:22.784]: (0.0, 1.9, 3.6) 55
[12:32:22.801]: (0.0, 1.9, 3.6) 55
[12:32:22.818]: (0.0, 1.9, 3.6) 65
[12:32:22.835]: (0.0, 1.9, 3.6) 65
[12:32:22.898]: (-0.2, 1.9, 3.8) 58
[12:32:22.914]: (-0.1, 1.9, 3.8) 58
[12:32:22.930]: (-0.1, 1.9, 3.8) 58
[12:32:22.947]: (-0.1, 1.9, 3.8) 58
[12:32:22.964]: (-0.1, 1.9, 3.8) 58
[12:32:22.980]: (-0.1, 1.9, 3.8) 58
[12:32:22.997]: (-0.1, 1.9, 3.6) 65
[12:32:23.013]: (-0.1, 1.9, 3.6) 65
[12:32:23.030]: (-0.1, 1.9, 3.6) 65
[12:32:23.050]: (-0.1, 1.9, 3.5) 65
[12:32:23.071]: (-0.1, 1.9, 3.6) 65
[12:32:23.094]: (-0.1, 1.9, 3.6) 65
[12:32:23.115]: (-0.1, 1.9, 3.6) 65
[12:32:23.140]: (0.0, 2.0, 3.9) 61
[12:32:23.162]: (0.0, 2.0, 3.9) 61
[12:32:23.182]: (0.0, 2.0, 3.9) 61
[12:32:23.205]: (0.0, 2.1, 3.9) 61
[12:32:23.227]: (0.0, 2.1, 3.9) 61
[12:32:23.250]: (0.3, 2.1, 2.9) 47
[12:32:23.271]: (0.3, 2.1, 2.8) 42
[12:32:23.295]: (0.3, 2.1, 2.8) 42
[12:32:23.316]: (0.3, 2.1, 2.7) 42
[12:32:23.338]: (0.3, 2.1, 2.8) 42
[12:32:23.361]: (0.3, 2.1, 2.8) 42
[12:32:23.383]: (0.3, 2.2, 2.8) 42
[12:32:23.405]: (0.3, 2.2, 2.8) 42
[12:32:23.451]: (0.4, 2.4, 3.3) 110
[12:32:23.476]: (0.4, 2.3, 3.4) 110
[12:32:23.497]: (0.4, 2.3, 3.4) 110
[12:32:24.002]: (0.5, 1.6, 3.5) 96
[12:32:24.176]: (0.4, 1.4, 2.9) 46
[12:32:24.192]: (0.4, 1.4, 2.9) 46
[12:32:24.209]: (0.4, 1.4, 2.9) 46
[12:32:24.239]: (0.3, 1.4, 2.9) 46
[12:32:24.271]: (0.3, 1.4, 2.6) 50
[12:32:24.307]: (0.2, 1.4, 2.6) 50
[12:32:24.339]: (0.2, 1.4, 2.7) 45
[12:32:24.371]: (0.2, 1.4, 2.7) 45
[12:32:24.405]: (0.2, 1.3, 2.7) 45
[12:32:24.439]: (0.2, 1.4, 2.7) 45
[12:32:24.471]: (0.2, 1.4, 3.0) 44
[12:32:24.505]: (0.2, 1.4, 3.0) 44
[12:32:24.538]: (0.2, 1.4, 3.0) 44
[12:32:24.573]: (0.4, 1.5, 3.5) 104
[12:32:24.604]: (0.4, 1.5, 3.5) 104
[12:32:24.638]: (0.2, 1.3, 2.7) 43
[12:32:24.837]: (0.4, 1.6, 3.5) 104
[12:32:24.871]: (0.4, 1.6, 3.5) 96
[12:32:24.905]: (0.4, 1.6, 3.5) 96
[12:32:24.938]: (0.5, 1.6, 3.5) 96
[12:32:24.970]: (0.5, 1.5, 3.5) 96
[12:32:24.995]: (0.5, 1.5, 3.5) 104
[12:32:25.015]: (0.5, 1.5, 3.5) 104
[12:32:25.037]: (0.5, 1.5, 3.5) 104
[12:32:25.061]: (0.4, 1.5, 3.5) 104
[12:32:25.080]: (0.5, 1.5, 3.5) 104
[12:32:25.149]: (0.4, 1.5, 3.5) 104
[12:32:25.171]: (0.5, 1.5, 3.5) 104
[12:32:25.192]: (0.4, 1.6, 3.5) 104
[12:32:25.215]: (0.4, 1.5, 3.5) 104
[12:32:25.259]: (0.4, 1.5, 3.5) 104
[12:32:25.281]: (0.4, 1.5, 3.5) 104
[12:32:25.303]: (0.4, 1.5, 3.5) 104
[12:32:25.326]: (0.4, 1.5, 3.5) 104
[12:32:25.594]: (-0.8, 1.2, 4.0) 54
[12:32:25.614]: (-0.9, 1.2, 4.0) 54
[12:32:25.637]: (-0.8, 1.2, 4.0) 54
[12:32:25.661]: (-0.8, 1.2, 4.0) 54
[12:32:25.685]: (-0.9, 1.2, 4.2) 52
[12:32:25.706]: (-1.0, 1.2, 4.2) 52
[12:32:25.729]: (-1.0, 1.3, 4.2) 63
[12:32:25.751]: (-1.0, 1.3, 4.2) 63
[12:32:25.773]: (-1.0, 1.2, 4.2) 63
[12:32:25.797]: (-1.0, 1.2, 4.2) 63
[12:32:25.818]: (-0.9, 1.2, 4.0) 54
[12:32:25.841]: (-0.9, 1.2, 4.0) 54
[12:32:27.210]: (-0.4, 1.4, 4.2) 68
[12:32:27.446]: (-0.4, 1.3, 4.0) 61
[12:32:27.463]: (-0.4, 1.4, 4.2) 68
[12:32:27.484]: (-0.4, 1.3, 4.0) 61
[12:32:27.500]: (-0.4, 1.3, 4.0) 61
[12:32:27.517]: (-0.4, 1.3, 4.0) 61
[12:32:30.866]: (-0.5, 1.1, 3.1) 38
[12:32:31.501]: (-0.7, 1.2, 3.8) 67
[12:32:31.518]: (-0.8, 1.3, 4.0) 54
[12:32:31.535]: (-0.9, 1.1, 4.1) 53
[12:32:31.554]: (-0.9, 1.2, 4.2) 52
[12:32:31.570]: (-0.9, 1.2, 4.2) 52
[12:32:31.588]: (-0.9, 1.2, 4.2) 52
[12:32:31.605]: (-0.9, 1.2, 4.2) 52
[12:32:31.621]: (-0.9, 1.2, 4.2) 52
[12:32:31.637]: (-0.9, 1.2, 4.2) 52
[12:32:31.654]: (-0.9, 1.2, 4.2) 52
[12:32:31.670]: (-0.9, 1.2, 4.1) 53
[12:32:31.687]: (-0.9, 1.2, 4.1) 53
[12:32:31.705]: (-0.9, 1.2, 4.0) 54
[12:32:31.722]: (-0.9, 1.2, 4.0) 54
[12:32:31.739]: (-0.8, 1.2, 4.0) 54
[12:32:31.756]: (-0.8, 1.2, 4.0) 54
[12:32:31.772]: (-0.8, 1.2, 4.0) 54
[12:32:31.790]: (-0.9, 1.2, 4.0) 54
[12:32:31.806]: (-0.9, 1.2, 4.0) 54
[12:32:31.822]: (-0.8, 1.2, 4.0) 54
[12:32:31.839]: (-0.8, 1.2, 4.0) 54
[12:32:31.856]: (-0.8, 1.2, 4.0) 54
[12:32:31.873]: (-0.8, 1.2, 4.0) 54
[12:32:31.891]: (-0.8, 1.2, 4.0) 54
[12:32:31.908]: (-0.9, 1.2, 4.1) 53
[12:32:31.976]: (0.2, 1.4, 3.0) 42
[12:32:31.994]: (0.2, 1.4, 2.7) 45
[12:32:32.011]: (0.2, 1.4, 2.8) 45
[12:32:32.034]: (0.2, 1.4, 2.8) 45
[12:32:32.057]: (0.2, 1.4, 2.7) 45
[12:32:32.079]: (0.2, 1.4, 2.8) 45
[12:32:32.101]: (0.2, 1.4, 2.8) 45
[12:32:32.125]: (0.2, 1.4, 3.0) 44
[12:32:32.146]: (0.2, 1.4, 3.0) 44
[12:32:32.168]: (0.2, 1.4, 3.0) 44
[12:32:32.190]: (0.2, 1.4, 3.0) 44
[12:32:32.213]: (0.2, 1.4, 3.0) 44
[12:32:32.234]: (0.3, 1.4, 3.0) 44
[12:32:32.257]: (0.3, 1.4, 3.0) 44
[12:32:32.278]: (0.3, 1.4, 3.0) 44
[12:32:32.301]: (0.3, 1.4, 3.0) 44
[12:32:32.323]: (0.3, 1.4, 3.0) 44
[12:32:32.345]: (0.2, 1.4, 3.0) 44
[12:32:32.565]: (0.5, 1.6, 3.5) 96
[12:32:33.348]: (0.2, 1.2, 2.0) 13
[12:32:34.132]: (0.3, 1.3, 1.7) 12
[12:32:34.165]: (0.3, 1.3, 1.7) 12
[12:32:34.181]: (0.3, 1.3, 1.7) 12
[12:32:34.219]: (0.3, 1.3, 1.6) 12
[12:32:34.238]: (0.3, 1.3, 1.7) 12
[12:32:34.273]: (0.5, 1.3, 2.1) 3
[12:32:34.290]: (0.5, 1.4, 2.1) 5
[12:32:34.307]: (0.5, 1.3, 2.1) 3
[12:32:34.324]: (0.3, 1.3, 1.6) 12
[12:32:34.342]: (0.5, 1.3, 2.1) 3
[12:32:34.442]: (0.5, 1.3, 2.1) 3
[12:32:34.780]: (0.6, 1.5, 3.4) 106
[12:32:34.814]: (0.6, 1.5, 3.5) 98
[12:32:34.848]: (0.6, 1.5, 3.4) 106
[12:32:34.981]: (0.5, 1.7, 4.0) 111
[12:32:35.013]: (0.5, 1.7, 4.0) 111
[12:32:35.112]: (0.4, 1.6, 3.5) 96
[12:32:35.145]: (0.5, 1.6, 3.8) 95
[12:32:35.180]: (0.5, 1.6, 3.8) 95
[12:32:35.213]: (0.4, 1.6, 3.5) 96
[12:32:35.246]: (0.5, 1.6, 3.5) 96
[12:32:35.279]: (0.4, 1.6, 3.6) 94
[12:32:35.312]: (0.4, 1.5, 3.5) 104
[12:32:35.347]: (0.4, 1.6, 3.6) 94
[12:32:35.381]: (0.4, 1.6, 3.6) 94
[12:32:35.401]: (0.4, 1.6, 3.6) 94
[12:32:35.423]: (0.4, 1.6, 3.7) 94
[12:32:35.444]: (0.5, 1.6, 3.8) 95
[12:32:35.469]: (0.5, 1.6, 3.8) 95
[12:32:35.534]: (0.5, 1.6, 3.5) 96
[12:32:35.577]: (0.5, 1.6, 3.5) 96
[12:32:35.713]: (0.5, 1.7, 4.0) 111
[12:32:35.733]: (0.5, 1.7, 4.0) 111
[12:32:35.980]: (0.5, 1.6, 3.5) 96
[12:32:36.001]: (0.5, 1.6, 3.5) 96
[12:32:36.023]: (0.5, 1.6, 3.5) 96
[12:32:36.045]: (0.5, 1.6, 3.5) 96
[12:32:36.066]: (0.5, 1.6, 3.5) 104
[12:32:36.089]: (0.4, 1.6, 3.5) 104
[12:32:36.113]: (0.4, 1.6, 3.5) 104
[12:32:36.135]: (0.4, 1.6, 3.5) 104
[12:32:36.159]: (0.4, 1.5, 3.5) 104
[12:32:36.182]: (0.5, 1.5, 3.5) 104
[12:32:36.203]: (0.5, 1.5, 3.5) 96
[12:32:36.226]: (0.5, 1.6, 3.5) 96
[12:32:36.249]: (0.5, 1.6, 3.5) 96
[12:32:36.269]: (0.5, 1.6, 3.5) 96
[12:32:36.294]: (0.5, 1.6, 3.5) 96
[12:32:36.315]: (0.5, 1.6, 3.5) 96
[12:32:36.336]: (0.3, 1.4, 2.6) 50
[12:32:36.359]: (0.3, 1.4, 2.6) 50
[12:32:36.381]: (0.3, 1.4, 2.9) 46
[12:32:36.403]: (0.3, 1.4, 2.9) 46
[12:32:36.425]: (0.3, 1.4, 2.9) 46
[12:32:36.449]: (0.3, 1.4, 2.9) 46
[12:32:36.470]: (0.3, 1.4, 2.9) 46
[12:32:36.491]: (0.3, 1.4, 2.9) 46
[12:32:36.579]: (0.3, 1.4, 2.6) 50
[12:32:36.779]: (0.3, 1.3, 2.6) 50
[12:32:36.859]: (0.5, 1.5, 3.5) 96
[12:32:36.892]: (0.5, 1.6, 3.5) 96
[12:32:36.990]: (1.1, 1.5, 2.9) 73
[12:32:37.008]: (1.4, 1.4, 2.8) 83
[12:32:37.026]: (1.3, 1.4, 2.6) 84
[12:32:37.043]: (1.4, 1.4, 2.9) 83
[12:32:37.059]: (0.8, 1.4, 1.9) 17
[12:32:37.075]: (1.4, 1.4, 2.9) 83
[12:32:37.112]: (1.3, 1.4, 2.6) 78
[12:32:37.157]: (1.3, 1.5, 2.6) 78
[12:32:37.177]: (1.3, 1.5, 2.6) 78
[12:32:37.200]: (1.2, 1.5, 2.6) 78
[12:32:37.223]: (1.3, 1.5, 2.6) 78
[12:32:37.245]: (1.3, 1.5, 2.5) 78
[12:32:37.267]: (1.2, 1.5, 2.5) 70
[12:32:37.289]: (1.2, 1.5, 2.5) 70
[12:32:37.311]: (1.2, 1.5, 2.6) 78
[12:32:37.334]: (1.1, 1.5, 2.5) 89
[12:32:37.355]: (1.3, 1.5, 2.8) 77
[12:32:37.378]: (1.2, 1.5, 2.6) 78
[12:32:37.421]: (1.3, 1.5, 2.8) 77
[12:32:37.467]: (0.7, 1.4, 2.1) 15
[12:32:37.488]: (1.0, 1.4, 3.0) 73
[12:32:37.511]: (1.0, 1.4, 3.0) 88
[12:32:37.529]: (1.0, 1.4, 3.0) 73
[12:32:37.545]: (1.0, 1.5, 3.0) 73
[12:32:37.563]: (1.0, 1.5, 3.0) 73
[12:32:37.578]: (1.0, 1.4, 3.0) 73
[12:32:37.596]: (0.7, 1.4, 2.1) 15
[12:32:37.612]: (0.6, 1.4, 2.1) 5
[12:32:37.629]: (0.6, 1.4, 2.0) 5
[12:32:37.645]: (0.6, 1.4, 2.0) 5
[12:32:37.663]: (0.6, 1.4, 2.0) 5
[12:32:37.680]: (0.7, 1.4, 2.1) 15
[12:32:37.699]: (0.7, 1.4, 2.1) 15
[12:32:37.718]: (0.7, 1.4, 2.1) 15
[12:32:37.765]: (1.1, 1.4, 3.0) 73
[12:32:37.783]: (1.0, 1.4, 2.9) 73
[12:32:37.815]: (0.6, 1.6, 3.4) 106
[12:32:37.831]: (0.6, 1.6, 3.4) 106
[12:32:37.848]: (0.6, 1.6, 3.4) 106
[12:32:37.865]: (0.6, 1.6, 3.4) 106
[12:32:37.884]: (0.6, 1.6, 3.4) 106
[12:32:37.902]: (0.6, 1.6, 3.4) 106
[12:32:37.919]: (0.6, 1.6, 3.7) 99
[12:32:37.935]: (0.5, 1.6, 3.5) 96
[12:32:37.952]: (0.6, 1.6, 3.7) 97
[12:32:37.969]: (0.6, 1.6, 3.7) 97
[12:32:37.988]: (0.5, 1.6, 3.5) 96
[12:32:38.011]: (0.5, 1.6, 3.5) 96
[12:32:38.032]: (0.5, 1.6, 3.4) 106
[12:32:38.057]: (0.5, 1.6, 3.5) 106
[12:32:38.079]: (0.5, 1.6, 3.5) 106
[12:32:38.144]: (0.2, 1.5, 1.7) 12
[12:32:38.166]: (0.2, 1.5, 2.0) 13
[12:32:38.188]: (0.2, 1.5, 2.0) 13
[12:32:38.236]: (0.2, 1.5, 1.7) 12
[12:32:38.258]: (0.1, 1.5, 1.7) 12
[12:32:38.280]: (0.1, 1.5, 1.7) 12
[12:32:38.516]: (0.6, 1.8, 3.6) 107
[12:32:38.581]: (0.7, 1.9, 3.8) 105
[12:32:38.603]: (0.7, 1.8, 3.6) 99
[12:32:38.625]: (0.6, 1.8, 3.4) 96
[12:32:38.669]: (0.5, 1.7, 3.0) 49
[12:32:38.691]: (0.4, 1.7, 2.6) 45
[12:32:38.714]: (0.4, 1.7, 2.5) 50
[12:32:38.738]: (0.4, 1.8, 2.4) 50
[12:32:38.845]: (0.5, 1.8, 2.5) 43
[12:32:38.867]: (0.4, 1.9, 2.5) 43
[12:32:38.888]: (0.5, 1.9, 2.5) 43
[12:32:38.912]: (0.5, 2.0, 2.7) 42
[12:32:38.975]: (0.6, 2.2, 3.5) 100
[12:32:39.200]: (0.6, 2.1, 3.6) 108
[12:32:39.399]: (0.3, 1.7, 3.5) 64
[12:32:39.532]: (0.6, 1.9, 2.7) 42
[12:32:39.565]: (0.6, 1.8, 2.7) 42
[12:32:39.599]: (0.5, 1.9, 2.7) 42
[12:32:39.633]: (0.6, 1.9, 2.7) 42
[12:32:39.667]: (0.6, 1.8, 2.8) 42
[12:32:39.699]: (0.5, 1.8, 2.6) 43
[12:32:39.734]: (0.5, 1.8, 2.5) 43
[12:32:39.765]: (0.5, 1.8, 2.5) 43
[12:32:39.787]: (0.6, 1.9, 2.8) 42
[12:32:39.832]: (0.3, 1.7, 2.8) 40
[12:32:39.854]: (0.3, 1.7, 2.8) 40
[12:32:39.876]: (0.3, 1.7, 2.8) 40
[12:32:39.898]: (0.3, 1.7, 2.8) 40
[12:32:40.166]: (0.3, 1.6, 2.9) 40
[12:32:40.187]: (0.3, 1.6, 2.8) 39
[12:32:40.209]: (0.3, 1.7, 2.8) 40
[12:32:40.234]: (0.3, 1.7, 2.8) 40
[12:32:40.343]: (0.3, 1.7, 2.8) 40
[12:32:40.365]: (0.3, 1.7, 2.8) 40
[12:32:40.387]: (0.3, 1.7, 2.8) 40
[12:32:40.431]: (0.3, 1.7, 2.9) 40
[12:32:40.454]: (0.1, 1.7, 3.6) 65
[12:32:40.475]: (-0.1, 1.6, 3.7) 67
[12:32:40.497]: (-0.1, 1.6, 3.7) 67
[12:32:40.614]: (-0.1, 1.6, 3.7) 67
[12:32:40.657]: (-0.1, 1.6, 3.7) 67
[12:32:40.679]: (0.0, 1.6, 3.7) 67
[12:32:40.701]: (0.0, 1.6, 3.8) 58
[12:32:40.727]: (0.0, 1.6, 3.7) 67
[12:32:40.746]: (0.0, 1.6, 3.7) 67
[12:32:40.768]: (0.0, 1.6, 3.7) 67
[12:32:40.790]: (0.0, 1.6, 3.7) 67
[12:32:40.811]: (0.0, 1.6, 3.7) 67
[12:32:41.136]: (0.3, 1.9, 3.9) 69
[12:32:41.153]: (0.2, 1.8, 3.6) 64
[12:32:41.235]: (0.3, 1.9, 3.8) 69
[12:32:41.364]: (0.5, 1.8, 2.5) 43
[12:32:41.381]: (0.6, 1.9, 2.5) 45
[12:32:41.398]: (0.6, 1.9, 2.7) 44
[12:32:41.416]: (0.6, 1.9, 2.7) 44
[12:32:41.433]: (0.7, 1.9, 2.7) 44
[12:32:41.465]: (0.9, 2.1, 3.2) 104
[12:32:41.787]: (1.7, 2.1, 2.2) 84
[12:32:41.830]: (1.6, 2.1, 2.2) 84
[12:32:41.853]: (1.6, 2.1, 2.2) 84
[12:32:41.875]: (1.6, 2.1, 2.2) 84
[12:32:41.897]: (1.6, 2.1, 2.2) 84
[12:32:41.962]: (1.5, 2.1, 2.2) 78
[12:32:41.979]: (1.6, 2.2, 2.4) 83
[12:32:42.000]: (1.5, 2.2, 2.2) 79
[12:32:42.018]: (1.5, 2.2, 2.2) 78
[12:32:42.034]: (1.6, 2.2, 2.4) 83
[12:32:42.054]: (1.5, 2.2, 2.1) 78
[12:32:42.070]: (1.5, 2.2, 2.1) 70
[12:32:42.086]: (1.5, 2.2, 2.1) 70
[12:32:42.104]: (1.5, 2.2, 2.1) 70
[12:32:42.121]: (1.5, 2.2, 2.1) 70
[12:32:42.137]: (1.6, 2.3, 2.2) 79
[12:32:42.154]: (1.5, 2.3, 2.2) 79
[12:32:42.172]: (1.5, 2.2, 2.2) 78
[12:32:42.188]: (1.5, 2.2, 2.2) 78
[12:32:42.205]: (1.5, 2.3, 2.2) 79
[12:32:42.220]: (1.5, 2.3, 2.2) 79
[12:32:42.239]: (1.5, 2.3, 2.2) 79
[12:32:42.255]: (1.5, 2.3, 2.2) 79
[12:32:42.271]: (1.5, 2.3, 2.2) 79
[12:32:42.288]: (1.5, 2.3, 2.2) 79
[12:32:42.304]: (1.5, 2.3, 2.2) 79
[12:32:42.320]: (1.5, 2.3, 2.2) 79
[12:32:42.336]: (1.5, 2.3, 2.2) 79
[12:32:42.354]: (1.5, 2.3, 2.2) 79
[12:32:42.373]: (1.5, 2.3, 2.2) 79
[12:32:42.390]: (1.5, 2.3, 2.2) 79
[12:32:42.407]: (1.5, 2.3, 2.2) 79
[12:32:42.431]: (1.5, 2.3, 2.2) 79
[12:32:42.452]: (1.5, 2.3, 2.2) 71
[12:32:42.475]: (1.5, 2.3, 2.2) 71
[12:32:42.498]: (1.5, 2.3, 2.2) 71
[12:32:42.520]: (1.5, 2.3, 2.2) 71
[12:32:42.542]: (1.5, 2.3, 2.2) 71
[12:32:42.564]: (1.5, 2.3, 2.2) 71
[12:32:42.586]: (1.6, 2.4, 2.5) 72
[12:32:42.608]: (1.7, 2.4, 2.5) 87
[12:32:42.630]: (1.6, 2.3, 2.5) 72
[12:32:42.654]: (1.6, 2.3, 2.5) 72
[12:32:42.674]: (1.6, 2.3, 2.5) 72
[12:32:42.697]: (1.6, 2.3, 2.5) 72
[12:32:42.721]: (1.6, 2.4, 2.5) 72
[12:32:42.741]: (1.6, 2.4, 2.5) 72
[12:32:42.764]: (1.6, 2.4, 2.5) 87
[12:32:42.786]: (1.6, 2.4, 2.5) 87
[12:32:42.803]: (1.6, 2.4, 2.5) 87
[12:32:42.819]: (1.6, 2.4, 2.5) 87
[12:32:42.834]: (1.6, 2.4, 2.5) 87
[12:32:42.853]: (1.6, 2.4, 2.5) 87
[12:32:42.868]: (1.6, 2.3, 2.5) 87
[12:32:42.885]: (1.5, 2.3, 2.4) 77
[12:32:42.900]: (1.5, 2.3, 2.4) 77
[12:32:42.916]: (1.5, 2.3, 2.4) 77
[12:32:42.932]: (1.5, 2.3, 2.3) 79
[12:32:42.950]: (1.7, 2.3, 2.5) 87
[12:32:42.967]: (1.5, 2.3, 2.4) 77
[12:32:42.985]: (1.4, 2.2, 2.1) 89
[12:32:43.002]: (1.3, 2.2, 2.1) 89
[12:32:43.021]: (1.6, 2.3, 2.5) 87
[12:32:43.039]: (1.3, 2.2, 2.1) 89
[12:32:43.056]: (1.3, 2.2, 2.1) 89
[12:32:43.074]: (1.3, 2.2, 2.1) 89
[12:32:43.090]: (1.3, 2.2, 2.1) 89
[12:32:43.107]: (1.3, 2.2, 2.1) 89
[12:32:43.122]: (1.3, 2.2, 2.1) 89
[12:32:43.139]: (1.3, 2.2, 2.1) 89
[12:32:43.156]: (1.4, 2.2, 2.1) 89
[12:32:43.173]: (1.5, 2.3, 2.4) 77
[12:32:43.190]: (1.5, 2.3, 2.4) 77
[12:32:43.207]: (1.5, 2.3, 2.4) 77
[12:32:43.225]: (1.6, 2.3, 2.4) 77
[12:32:43.242]: (1.6, 2.3, 2.4) 77
[12:32:43.260]: (1.5, 2.3, 2.4) 77
[12:32:43.277]: (1.3, 2.2, 2.1) 89
[12:32:43.296]: (1.5, 2.3, 2.4) 77
[12:32:43.319]: (1.4, 2.2, 2.1) 89
[12:32:43.341]: (1.4, 2.2, 2.1) 89
[12:32:43.364]: (1.5, 2.3, 2.4) 77
[12:32:43.385]: (1.5, 2.3, 2.4) 77
[12:32:43.407]: (1.5, 2.3, 2.4) 77
[12:32:43.429]: (1.5, 2.3, 2.4) 77
[12:32:43.453]: (1.4, 2.2, 2.1) 89
[12:32:43.496]: (0.6, 2.2, 3.5) 100
[12:32:43.630]: (0.0, 1.6, 3.8) 58
[12:32:43.675]: (0.2, 1.8, 3.6) 55
[12:32:43.693]: (0.2, 1.8, 3.6) 64
[12:32:43.725]: (0.2, 1.8, 3.6) 64
[12:32:43.745]: (0.2, 1.7, 3.6) 55
[12:32:44.094]: (0.3, 1.7, 2.8) 40
[12:32:44.111]: (0.3, 1.7, 2.8) 40
[12:32:44.153]: (0.3, 1.7, 2.8) 40
[12:32:44.173]: (0.3, 1.7, 2.8) 40
[12:32:44.196]: (0.3, 1.7, 2.8) 40
[12:32:44.218]: (0.1, 1.6, 3.5) 65
[12:32:44.241]: (-0.5, 1.2, 3.3) 32
[12:32:44.265]: (-0.6, 1.2, 3.2) 31
[12:32:44.286]: (-0.6, 1.1, 3.2) 31
[12:32:44.307]: (-0.6, 1.1, 3.1) 31
[12:32:44.352]: (-0.6, 1.1, 3.2) 21
[12:32:44.420]: (-0.5, 1.1, 3.2) 21
[12:32:44.441]: (-0.5, 1.1, 3.2) 21
[12:32:44.465]: (-0.5, 1.2, 3.3) 21
[12:32:44.484]: (-0.5, 1.1, 3.2) 21
[12:32:44.508]: (-0.5, 1.1, 3.3) 21
[12:32:44.560]: (-0.4, 1.2, 3.0) 35
[12:32:44.578]: (-0.4, 1.2, 3.0) 35
[12:32:44.611]: (-0.5, 1.1, 3.2) 21
[12:32:44.627]: (-0.5, 1.1, 3.2) 21
[12:32:44.644]: (-0.5, 1.1, 3.2) 21
[12:32:44.662]: (-0.5, 1.1, 3.2) 21
[12:32:44.677]: (-0.5, 1.1, 3.3) 21
[12:32:44.694]: (-0.5, 1.1, 3.3) 21
[12:32:44.712]: (-0.5, 1.1, 3.3) 21
[12:32:44.730]: (-0.5, 1.1, 3.3) 21
[12:32:44.747]: (-0.5, 1.1, 3.3) 21
[12:32:44.766]: (-0.5, 1.1, 3.2) 21
[12:32:44.785]: (-0.5, 1.1, 3.2) 21
[12:32:44.803]: (-0.5, 1.1, 3.3) 21
[12:32:44.820]: (-0.5, 1.1, 3.3) 21
[12:32:44.851]: (-0.5, 1.2, 3.3) 32
[12:32:44.868]: (-0.5, 1.2, 3.3) 32
[12:32:44.885]: (-0.5, 1.3, 3.3) 32
[12:32:44.901]: (-0.5, 1.3, 3.3) 32
[12:32:44.918]: (-0.5, 1.3, 3.3) 32
[12:32:44.935]: (-0.5, 1.3, 3.3) 32
[12:32:44.952]: (-0.5, 1.3, 3.3) 32
[12:32:44.968]: (-0.5, 1.3, 3.3) 32
[12:32:44.984]: (-0.5, 1.3, 3.3) 32
[12:32:45.007]: (-0.5, 1.3, 3.3) 32
[12:32:45.029]: (-0.5, 1.3, 3.3) 32
[12:32:45.053]: (-0.5, 1.3, 3.3) 32
[12:32:45.074]: (-0.5, 1.3, 3.3) 32
[12:32:45.097]: (-0.5, 1.3, 3.3) 32
[12:32:45.118]: (-0.5, 1.3, 3.3) 32
[12:32:45.140]: (-0.5, 1.3, 3.3) 32
[12:32:45.163]: (-0.5, 1.2, 3.3) 32
[12:32:45.184]: (-0.5, 1.2, 3.3) 32
[12:32:45.208]: (-0.5, 1.3, 3.3) 32
[12:32:45.229]: (-0.5, 1.3, 3.3) 32
[12:32:45.251]: (-0.5, 1.2, 3.3) 32
[12:32:45.406]: (0.1, 1.9, 4.1) 68
[12:32:45.430]: (0.1, 1.9, 4.1) 68
[12:32:45.452]: (0.1, 1.9, 4.1) 68
[12:32:45.468]: (0.1, 1.9, 4.1) 68
[12:32:45.485]: (0.1, 1.8, 4.0) 59
[12:32:45.502]: (0.1, 1.8, 4.0) 59
[12:32:45.519]: (0.1, 1.8, 4.0) 59
[12:32:45.537]: (0.1, 1.8, 3.9) 61
[12:32:45.553]: (0.1, 1.7, 3.7) 60
[12:32:45.571]: (0.1, 1.7, 3.7) 60
[12:32:45.587]: (0.1, 1.7, 3.7) 60
[12:32:45.603]: (0.1, 1.7, 3.7) 60
[12:32:45.634]: (0.0, 1.7, 3.7) 58
[12:32:45.651]: (0.0, 1.6, 3.7) 58
[12:32:45.668]: (0.0, 1.7, 3.7) 58
[12:32:45.686]: (0.0, 1.7, 3.7) 58
[12:32:45.704]: (0.0, 1.7, 3.7) 58
[12:32:45.720]: (0.0, 1.7, 3.7) 58
[12:32:45.769]: (0.2, 1.8, 3.6) 64
[12:32:45.787]: (0.3, 1.9, 3.8) 69
[12:32:45.803]: (0.3, 1.9, 3.8) 69
[12:32:45.820]: (0.3, 1.9, 3.8) 69
[12:32:45.837]: (0.3, 1.9, 3.8) 69
[12:32:45.855]: (0.3, 1.9, 3.8) 69
[12:32:45.870]: (0.3, 1.9, 3.8) 69
[12:32:45.887]: (0.3, 1.9, 3.8) 69
[12:32:46.029]: (0.5, 1.7, 2.5) 48
[12:32:46.055]: (0.4, 1.7, 2.5) 48
[12:32:46.073]: (0.5, 1.7, 2.5) 43
[12:32:46.096]: (0.5, 1.8, 2.5) 43
[12:32:46.119]: (0.6, 1.8, 2.5) 43
[12:32:46.140]: (0.5, 1.7, 2.5) 43
[12:32:46.162]: (0.6, 1.7, 2.5) 43
[12:32:46.185]: (0.6, 1.7, 2.5) 43
[12:32:46.206]: (0.6, 1.8, 2.5) 45
[12:32:46.318]: (0.9, 1.8, 1.8) 15
[12:32:46.340]: (0.9, 1.8, 1.8) 15
[12:32:46.358]: (0.9, 1.8, 1.8) 5
[12:32:46.376]: (0.9, 1.8, 1.8) 5
[12:32:46.392]: (0.8, 1.8, 1.8) 5
[12:32:46.409]: (0.9, 1.8, 1.8) 5
[12:32:46.426]: (0.8, 1.8, 1.8) 5
[12:32:46.443]: (0.8, 1.8, 1.8) 5
[12:32:46.462]: (0.9, 1.8, 1.8) 5
[12:32:46.480]: (0.9, 1.8, 1.8) 5
[12:32:46.497]: (0.8, 1.8, 1.8) 5
[12:32:46.514]: (1.1, 1.9, 2.2) 91
[12:32:46.531]: (1.2, 1.9, 2.2) 80
[12:32:46.548]: (1.0, 1.8, 1.6) 17
[12:32:46.568]: (1.0, 1.8, 1.6) 17
[12:32:46.584]: (0.9, 1.8, 1.6) 17
[12:32:46.600]: (0.8, 1.7, 1.4) 16
[12:32:46.617]: (0.9, 1.8, 1.6) 17
[12:32:46.634]: (0.9, 1.8, 1.6) 17
[12:32:46.651]: (0.9, 1.8, 1.6) 17
[12:32:46.668]: (0.9, 1.8, 1.6) 17
[12:32:46.685]: (1.3, 2.0, 2.2) 80
[12:32:46.701]: (0.9, 1.8, 1.6) 17
[12:32:46.718]: (1.3, 1.9, 2.2) 81
[12:32:46.736]: (1.3, 2.0, 2.2) 81
[12:32:46.752]: (1.3, 2.0, 2.2) 81
[12:32:46.769]: (1.5, 2.0, 2.4) 82
[12:32:46.786]: (1.3, 1.9, 2.2) 80
[12:32:46.807]: (1.3, 1.9, 2.2) 80
[12:32:46.830]: (1.3, 1.9, 2.2) 80
[12:32:46.852]: (0.9, 1.8, 1.6) 7
[12:32:46.874]: (0.9, 1.8, 1.6) 7
[12:32:46.895]: (0.9, 1.8, 1.6) 7
[12:32:46.918]: (0.9, 1.8, 1.6) 7
[12:32:46.939]: (0.9, 1.8, 1.6) 7
[12:32:46.964]: (0.9, 1.8, 1.6) 7
[12:32:46.985]: (1.3, 1.9, 2.2) 80
[12:32:47.007]: (0.9, 1.8, 1.6) 17
[12:32:47.028]: (0.9, 1.8, 1.6) 17
[12:32:47.051]: (0.9, 1.8, 1.6) 17
[12:32:47.074]: (1.0, 1.9, 1.6) 17
[12:32:47.095]: (1.0, 1.9, 1.6) 17
[12:32:47.119]: (1.0, 1.9, 1.6) 17
[12:32:47.418]: (0.9, 1.8, 1.7) 7
[12:32:47.436]: (0.9, 1.8, 1.8) 15
[12:32:47.452]: (0.9, 1.8, 1.8) 5
[12:32:47.468]: (0.9, 1.8, 1.8) 5
[12:32:47.485]: (0.9, 1.8, 1.8) 5
[12:32:47.503]: (0.9, 1.8, 1.8) 5
[12:32:47.520]: (0.9, 1.8, 1.8) 5
[12:32:47.538]: (0.9, 1.8, 1.8) 5
[12:32:47.555]: (0.8, 1.8, 1.8) 5
[12:32:47.573]: (0.9, 1.8, 1.8) 5
[12:32:47.589]: (0.9, 1.8, 1.8) 5
[12:32:47.606]: (0.9, 1.8, 1.8) 5
[12:32:47.623]: (0.9, 1.8, 1.8) 5
[12:32:47.640]: (0.9, 1.8, 1.8) 5
[12:32:47.656]: (0.9, 1.8, 1.8) 5
[12:32:47.673]: (0.9, 1.8, 1.8) 5
[12:32:47.690]: (0.9, 1.8, 1.8) 5
[12:32:47.708]: (0.9, 1.8, 1.8) 5
[12:32:47.728]: (0.9, 1.8, 1.8) 5
[12:32:47.751]: (0.9, 1.8, 1.8) 5
[12:32:47.772]: (0.9, 1.8, 1.8) 5
[12:32:47.796]: (0.9, 1.8, 1.8) 5
[12:32:47.818]: (0.9, 1.8, 1.8) 5
[12:32:47.840]: (0.9, 1.8, 1.8) 5
[12:32:47.862]: (0.9, 1.8, 1.8) 5
[12:32:47.886]: (1.1, 1.9, 2.2) 91
[12:32:47.906]: (1.1, 1.9, 2.3) 91
[12:32:47.927]: (1.1, 1.9, 2.2) 91
[12:32:47.951]: (1.1, 1.9, 2.2) 91
[12:32:47.972]: (1.1, 1.9, 2.2) 91
[12:32:47.996]: (1.1, 1.9, 2.2) 91
[12:32:48.017]: (1.1, 1.9, 2.2) 91
[12:32:48.038]: (1.1, 1.9, 2.2) 91
[12:32:48.062]: (1.1, 2.0, 2.2) 91
[12:32:48.084]: (1.1, 1.9, 2.2) 91
[12:32:48.107]: (1.1, 1.9, 2.2) 91
[12:32:48.128]: (1.1, 1.9, 2.2) 91
[12:32:48.151]: (1.1, 1.9, 2.2) 91
[12:32:48.168]: (1.1, 1.9, 2.2) 91
[12:32:48.185]: (1.1, 1.9, 2.2) 91
[12:32:48.202]: (1.1, 1.9, 2.2) 91
[12:32:48.219]: (1.1, 1.9, 2.2) 91
[12:32:48.236]: (1.1, 1.9, 2.2) 91
[12:32:48.253]: (1.1, 1.9, 2.2) 91
[12:32:48.270]: (1.1, 1.9, 2.2) 91
[12:32:48.288]: (1.1, 2.0, 2.2) 91
[12:32:48.303]: (1.1, 2.0, 2.3) 91
[12:32:48.324]: (1.1, 2.0, 2.3) 91
[12:32:48.340]: (1.1, 2.0, 2.3) 91
[12:32:48.357]: (1.1, 2.0, 2.2) 91
[12:32:48.390]: (0.9, 1.8, 1.6) 17
[12:32:48.407]: (0.9, 1.8, 1.6) 17
[12:32:48.424]: (0.9, 1.8, 1.6) 17
[12:32:48.442]: (0.9, 1.8, 1.6) 17
[12:32:48.459]: (0.9, 1.8, 1.6) 17
[12:32:48.477]: (0.9, 1.8, 1.6) 17
[12:32:48.493]: (0.9, 1.8, 1.6) 17
[12:32:48.511]: (0.9, 1.8, 1.6) 17
[12:32:48.527]: (0.9, 1.8, 1.6) 17
[12:32:48.543]: (0.9, 1.8, 1.6) 17
[12:32:48.562]: (0.9, 1.8, 1.6) 17
[12:32:48.579]: (0.9, 1.8, 1.6) 17
[12:32:48.596]: (0.9, 1.8, 1.6) 17
[12:32:48.618]: (1.3, 2.0, 2.2) 81
[12:32:48.640]: (1.0, 1.9, 1.6) 17
[12:32:48.706]: (1.0, 1.9, 1.6) 17
[12:32:49.039]: (1.2, 2.0, 2.2) 80
[12:32:49.060]: (1.2, 2.0, 2.2) 80
[12:32:49.080]: (1.2, 2.0, 2.2) 80
[12:32:49.097]: (1.2, 2.0, 2.2) 80
[12:32:49.115]: (1.2, 2.0, 2.2) 80
[12:32:49.132]: (1.2, 1.9, 2.2) 80
[12:32:49.149]: (1.2, 2.0, 2.2) 80
[12:32:49.167]: (1.2, 2.0, 2.2) 80
[12:32:49.184]: (1.2, 2.0, 2.2) 80
[12:32:49.202]: (1.2, 2.0, 2.2) 80
[12:32:49.221]: (1.2, 2.0, 2.2) 80
[12:32:49.237]: (1.2, 2.0, 2.2) 80
[12:32:49.253]: (1.2, 2.0, 2.2) 80
[12:32:49.381]: (0.9, 1.8, 1.8) 15
[12:32:49.398]: (1.1, 1.9, 2.3) 91
[12:32:49.416]: (1.1, 1.9, 2.3) 91
[12:32:49.433]: (0.8, 1.8, 1.8) 5
[12:32:49.449]: (0.8, 1.8, 1.8) 5
[12:32:49.467]: (0.8, 1.8, 1.8) 5
[12:32:49.484]: (0.8, 1.8, 1.8) 5
[12:32:49.501]: (0.8, 1.8, 1.8) 5
[12:32:49.518]: (0.8, 1.8, 1.8) 5
[12:32:49.534]: (0.8, 1.8, 1.8) 5
[12:32:49.551]: (0.8, 1.8, 1.8) 5
[12:32:49.573]: (0.8, 1.8, 1.8) 5
[12:32:49.595]: (0.8, 1.8, 1.8) 5
[12:32:49.616]: (0.9, 1.8, 1.8) 5
[12:32:49.640]: (0.9, 1.8, 1.8) 5
[12:32:49.662]: (1.1, 1.9, 2.3) 91
[12:32:49.684]: (1.1, 1.9, 2.3) 91
[12:32:49.707]: (1.1, 1.9, 2.3) 91
[12:32:49.728]: (0.8, 1.8, 1.8) 5
[12:32:49.750]: (0.9, 1.8, 1.8) 5
[12:32:49.883]: (0.8, 1.8, 1.7) 3
[12:32:49.908]: (0.6, 1.7, 1.3) 12
[12:32:49.930]: (0.6, 1.7, 1.3) 12
[12:32:49.952]: (0.6, 1.7, 1.3) 12
[12:32:49.977]: (0.6, 1.7, 1.3) 12
[12:32:50.021]: (0.7, 1.7, 1.4) 1
[12:32:50.087]: (0.7, 1.8, 1.4) 1
[12:32:50.111]: (0.7, 1.8, 1.4) 1
[12:32:50.132]: (0.7, 1.8, 1.5) 4
[12:32:50.155]: (0.6, 1.8, 1.3) 12
[12:32:50.198]: (0.7, 1.9, 1.5) 6
[12:32:50.281]: (0.7, 2.3, 2.3) 51
[12:32:50.357]: (0.7, 2.4, 2.6) 49
[12:32:50.775]: (1.4, 2.4, 1.9) 81
[12:32:50.795]: (1.3, 2.4, 1.9) 81
[12:32:50.816]: (1.4, 2.4, 1.9) 81
[12:32:50.840]: (0.9, 2.1, 1.4) 17
[12:32:50.976]: (1.5, 2.7, 2.0) 77
[12:32:50.995]: (1.6, 2.8, 2.1) 87
[12:32:51.012]: (1.4, 2.8, 1.9) 71
[12:32:51.031]: (1.3, 2.6, 1.8) 89
[12:32:51.049]: (1.3, 2.5, 1.8) 89
[12:32:51.068]: (1.3, 2.6, 1.8) 89
[12:32:51.087]: (1.3, 2.5, 1.8) 89
[12:32:51.190]: (1.3, 2.5, 1.8) 89
[12:32:51.208]: (1.3, 2.5, 1.8) 89
[12:32:51.226]: (1.3, 2.5, 1.8) 89
[12:32:51.245]: (1.3, 2.5, 1.8) 89
[12:32:51.266]: (1.3, 2.5, 1.8) 89
[12:32:51.286]: (1.3, 2.6, 1.8) 89
[12:32:51.306]: (1.3, 2.6, 1.8) 89
[12:32:51.324]: (1.3, 2.6, 1.8) 89
[12:32:51.343]: (1.3, 2.6, 1.8) 89
[12:32:51.361]: (1.3, 2.6, 1.8) 89
[12:32:51.380]: (1.3, 2.5, 1.8) 89
[12:32:51.399]: (1.3, 2.5, 1.8) 89
[12:32:51.418]: (1.2, 2.5, 1.8) 89
[12:32:51.438]: (1.2, 2.6, 1.8) 89
[12:32:51.456]: (1.2, 2.6, 1.8) 89
[12:32:51.629]: (1.5, 2.9, 2.2) 72
[12:32:51.646]: (1.3, 2.7, 1.9) 86
[12:32:51.663]: (1.4, 2.9, 2.1) 72
[12:32:51.682]: (1.5, 2.9, 2.1) 72
[12:32:51.727]: (1.5, 2.9, 2.2) 72
[12:32:51.749]: (1.5, 2.9, 2.2) 72
[12:32:51.771]: (1.5, 2.9, 2.2) 72
[12:32:51.950]: (1.5, 2.8, 2.2) 72
[12:32:51.973]: (1.5, 2.8, 2.2) 72
[12:32:52.316]: (1.3, 2.6, 2.0) 74
[12:32:52.334]: (1.2, 2.6, 2.0) 74
[12:32:52.352]: (1.3, 2.6, 2.0) 74
[12:32:52.369]: (1.2, 2.6, 2.0) 74
[12:32:52.386]: (1.4, 2.7, 2.2) 73
[12:32:52.434]: (1.4, 2.7, 2.2) 73
[12:32:52.467]: (1.2, 2.6, 2.0) 74
[12:32:52.485]: (1.2, 2.6, 2.0) 74
[12:32:52.501]: (1.2, 2.6, 2.0) 74
[12:32:52.518]: (1.2, 2.6, 2.0) 74
[12:32:52.538]: (1.2, 2.6, 2.0) 74
[12:32:52.559]: (1.3, 2.6, 2.0) 74
[12:32:52.582]: (1.3, 2.6, 2.0) 74
[12:32:52.604]: (1.4, 2.6, 2.2) 73
[12:32:52.626]: (1.4, 2.6, 2.2) 73
[12:32:52.693]: (1.4, 2.6, 2.2) 73
[12:32:52.715]: (1.4, 2.6, 2.2) 73
[12:32:52.738]: (1.4, 2.6, 2.2) 73
[12:32:52.760]: (1.4, 2.6, 2.2) 73
[12:32:52.782]: (1.4, 2.6, 2.3) 73
[12:32:52.804]: (1.4, 2.6, 2.2) 73
[12:32:52.825]: (1.4, 2.6, 2.2) 73
[12:32:52.851]: (1.4, 2.6, 2.2) 73
[12:32:52.871]: (1.4, 2.6, 2.2) 73
[12:32:52.894]: (1.3, 2.6, 2.0) 74
[12:32:53.065]: (1.4, 2.6, 2.2) 73
[12:32:53.082]: (1.4, 2.7, 2.2) 73
[12:32:53.100]: (1.2, 2.6, 1.9) 76
[12:32:53.149]: (1.3, 2.6, 2.0) 74
[12:32:53.168]: (1.3, 2.6, 2.0) 74
[12:32:53.185]: (1.4, 2.6, 2.2) 73
[12:32:53.202]: (1.4, 2.6, 2.2) 73
[12:32:53.219]: (1.4, 2.6, 2.2) 73
[12:32:53.236]: (1.4, 2.6, 2.2) 73
[12:32:53.253]: (1.4, 2.6, 2.2) 73
[12:32:53.271]: (1.4, 2.6, 2.2) 73
[12:32:53.288]: (1.4, 2.6, 2.2) 73
[12:32:53.304]: (1.4, 2.6, 2.2) 73
[12:32:53.320]: (1.4, 2.6, 2.2) 73
[12:32:53.338]: (1.4, 2.6, 2.2) 73
[12:32:53.358]: (1.4, 2.6, 2.2) 73
[12:32:53.377]: (1.4, 2.6, 2.2) 73
[12:32:53.396]: (1.4, 2.6, 2.2) 73
[12:32:53.413]: (1.4, 2.6, 2.2) 73
[12:32:53.430]: (1.4, 2.6, 2.2) 73
[12:32:53.447]: (1.4, 2.6, 2.2) 73
[12:32:53.465]: (1.4, 2.6, 2.3) 73
[12:32:53.627]: (1.3, 2.5, 2.0) 74
[12:32:53.693]: (1.4, 2.6, 2.2) 73
[12:32:53.727]: (1.3, 2.5, 1.9) 76
[12:32:53.760]: (1.3, 2.6, 1.8) 89
[12:32:53.794]: (1.3, 2.5, 1.8) 89
[12:32:53.826]: (1.3, 2.5, 1.8) 89
[12:32:53.861]: (1.3, 2.5, 1.8) 89
[12:32:53.894]: (1.4, 2.6, 1.8) 78
[12:32:54.092]: (1.4, 2.7, 1.9) 79
[12:32:54.228]: (1.3, 2.6, 2.0) 74
[12:32:54.248]: (1.2, 2.6, 1.9) 89
[12:32:54.270]: (1.5, 2.8, 2.1) 72
[12:32:54.848]: (1.4, 2.6, 2.3) 88
[12:32:56.060]: (0.6, 1.8, 1.6) 13
[12:32:56.791]: (0.7, 2.6, 3.0) 110
[12:32:56.814]: (0.5, 2.2, 2.5) 42
[12:32:56.836]: (0.5, 2.2, 2.6) 47
[12:32:56.858]: (0.5, 2.3, 2.7) 47
[12:32:56.881]: (0.5, 2.3, 2.7) 47
[12:32:57.102]: (0.6, 2.2, 2.5) 42
[12:32:57.124]: (0.6, 2.3, 2.5) 42
[12:32:57.146]: (0.6, 2.3, 2.5) 42
[12:32:57.169]: (0.6, 2.3, 2.5) 42
[12:32:57.190]: (0.6, 2.2, 2.5) 42
[12:32:57.208]: (0.5, 2.2, 2.3) 43
[12:32:57.225]: (0.6, 2.2, 2.3) 43
[12:32:57.241]: (0.6, 2.1, 2.3) 43
[12:32:57.257]: (0.6, 2.1, 2.3) 43
[12:32:57.275]: (0.6, 2.1, 2.3) 43
[12:32:57.291]: (0.6, 2.1, 2.3) 43
[12:32:57.307]: (0.7, 2.2, 2.5) 44
[12:32:57.324]: (0.6, 2.2, 2.3) 45
[12:32:57.341]: (0.6, 2.2, 2.3) 45
[12:32:57.358]: (0.7, 2.3, 2.5) 44
[12:32:57.376]: (0.7, 2.3, 2.5) 44
[12:32:57.392]: (0.7, 2.3, 2.5) 44
[12:32:57.410]: (0.7, 2.3, 2.5) 44
[12:32:57.427]: (0.7, 2.3, 2.5) 44
[12:32:57.444]: (0.6, 2.3, 2.5) 44
[12:32:57.462]: (0.6, 2.2, 2.3) 45
[12:32:57.478]: (0.7, 2.3, 2.5) 44
[12:32:57.624]: (0.7, 2.3, 2.5) 44
[12:32:57.646]: (0.6, 2.2, 2.1) 50
[12:32:57.668]: (0.7, 2.2, 2.3) 45
[12:32:57.691]: (0.8, 2.4, 2.5) 49
[12:32:57.713]: (0.8, 2.4, 2.5) 49
[12:32:57.736]: (0.6, 2.3, 2.3) 45
[12:32:57.757]: (0.7, 2.2, 2.3) 45
[12:32:57.780]: (0.7, 2.2, 2.3) 45
[12:32:57.802]: (0.6, 2.2, 2.1) 50
[12:32:57.824]: (0.6, 2.2, 2.1) 50
[12:32:57.847]: (0.6, 2.1, 2.1) 50
[12:32:57.869]: (0.7, 2.1, 2.1) 50
[12:32:57.890]: (0.7, 2.1, 2.1) 50
[12:32:57.959]: (1.3, 2.4, 1.9) 80
[12:32:57.980]: (1.3, 2.5, 1.9) 76
[12:32:58.002]: (1.4, 2.5, 2.2) 82
[12:32:58.024]: (1.2, 2.4, 1.9) 80
[12:32:58.047]: (1.2, 2.4, 1.9) 80
[12:32:58.389]: (1.2, 2.4, 2.0) 91
[12:32:58.406]: (1.2, 2.4, 2.0) 91
[12:32:58.423]: (1.2, 2.4, 2.0) 91
[12:32:58.440]: (1.1, 2.3, 2.0) 91
[12:32:58.458]: (1.4, 2.6, 2.3) 88
[12:32:58.474]: (1.1, 2.4, 2.0) 91
[12:32:58.814]: (1.1, 2.4, 2.0) 91
[12:32:58.835]: (1.1, 2.4, 2.0) 91
[12:32:58.858]: (1.1, 2.4, 2.0) 91
[12:32:58.969]: (1.1, 2.3, 2.0) 91
[12:32:59.043]: (1.1, 2.3, 2.0) 91
[12:32:59.059]: (1.1, 2.3, 2.0) 91
[12:32:59.077]: (1.1, 2.3, 2.0) 91
[12:32:59.093]: (1.1, 2.3, 2.0) 91
[12:32:59.112]: (1.1, 2.3, 2.0) 91
[12:32:59.131]: (1.1, 2.3, 2.0) 91
[12:32:59.148]: (1.1, 2.3, 2.0) 91
[12:32:59.166]: (1.1, 2.3, 2.0) 91
[12:32:59.183]: (1.1, 2.3, 2.0) 91
[12:32:59.202]: (1.1, 2.3, 2.0) 91
[12:32:59.218]: (0.9, 2.1, 1.6) 15
[12:32:59.234]: (0.9, 2.1, 1.6) 15
[12:32:59.251]: (1.1, 2.3, 2.0) 91
[12:32:59.269]: (1.1, 2.3, 2.0) 91
[12:32:59.285]: (1.1, 2.3, 2.0) 91
[12:32:59.300]: (1.1, 2.3, 2.0) 91
[12:32:59.317]: (1.1, 2.3, 2.0) 91
[12:32:59.334]: (1.1, 2.3, 2.0) 91
[12:32:59.512]: (1.3, 2.6, 2.3) 88
[12:32:59.534]: (1.4, 2.6, 2.3) 73
[12:32:59.558]: (1.1, 2.4, 2.0) 91
[12:32:59.579]: (1.1, 2.4, 2.0) 91
[12:32:59.602]: (1.1, 2.3, 2.0) 91
[12:32:59.623]: (1.1, 2.4, 2.0) 91
[12:32:59.645]: (1.3, 2.6, 2.4) 88
[12:32:59.692]: (1.1, 2.4, 2.0) 91
[12:32:59.714]: (1.3, 2.6, 2.3) 88
[12:32:59.734]: (0.5, 1.7, 1.3) 12
[12:32:59.983]: (1.4, 2.6, 2.2) 73
[12:33:00.035]: (1.3, 2.5, 2.0) 74
[12:33:00.071]: (1.3, 2.6, 2.0) 74
[12:33:00.088]: (1.4, 2.6, 2.2) 73
[12:33:00.105]: (1.3, 2.6, 2.0) 74
[12:33:00.364]: (1.4, 2.6, 2.2) 73
[12:33:00.380]: (1.4, 2.6, 2.2) 73
[12:33:00.401]: (1.4, 2.6, 2.2) 73
[12:33:00.423]: (1.3, 2.6, 2.3) 73
[12:33:00.446]: (1.4, 2.6, 2.2) 73
[12:33:00.468]: (1.3, 2.6, 2.2) 73
[12:33:00.668]: (1.3, 2.7, 2.2) 73
[12:33:00.691]: (1.3, 2.6, 2.2) 73
[12:33:00.713]: (1.4, 2.6, 2.2) 73
[12:33:00.734]: (1.4, 2.6, 2.3) 88
[12:33:00.756]: (1.3, 2.6, 2.0) 74
[12:33:00.778]: (1.4, 2.6, 2.2) 73
[12:33:00.800]: (1.4, 2.6, 2.3) 88
[12:33:00.824]: (1.4, 2.6, 2.3) 73
[12:33:00.844]: (1.4, 2.6, 2.2) 73
[12:33:00.868]: (1.4, 2.6, 2.2) 73
[12:33:00.886]: (1.4, 2.6, 2.2) 73
[12:33:00.903]: (1.4, 2.6, 2.2) 73
[12:33:00.934]: (1.4, 2.7, 2.2) 73
[12:33:01.128]: (1.3, 2.6, 2.2) 73
[12:33:01.145]: (1.3, 2.6, 2.2) 73
[12:33:01.164]: (1.3, 2.6, 2.3) 88
[12:33:01.182]: (1.3, 2.6, 2.3) 73
[12:33:01.199]: (1.3, 2.6, 2.3) 88
[12:33:01.220]: (1.4, 2.6, 2.3) 88
[12:33:01.237]: (1.3, 2.6, 2.3) 73
[12:33:01.254]: (1.3, 2.7, 2.3) 88
[12:33:01.271]: (1.3, 2.6, 2.3) 73
[12:33:01.288]: (1.3, 2.6, 2.3) 73
[12:33:01.304]: (1.4, 2.6, 2.3) 88
[12:33:01.323]: (1.3, 2.6, 2.3) 88
[12:33:01.345]: (1.3, 2.6, 2.3) 88
[12:33:01.368]: (1.4, 2.6, 2.3) 88
[12:33:01.390]: (1.4, 2.6, 2.3) 88
[12:33:01.412]: (1.4, 2.6, 2.3) 88
[12:33:01.633]: (1.2, 2.5, 1.8) 89
[12:33:01.679]: (1.3, 2.4, 1.9) 81
[12:33:01.724]: (1.2, 2.5, 1.9) 76
[12:33:01.744]: (1.2, 2.5, 1.9) 76
[12:33:01.769]: (1.3, 2.4, 1.9) 81
[12:33:01.789]: (1.3, 2.3, 1.9) 80
[12:33:01.806]: (1.3, 2.3, 1.9) 80
[12:33:01.824]: (1.3, 2.3, 1.9) 80
[12:33:01.842]: (1.3, 2.5, 2.0) 74
[12:33:01.857]: (1.3, 2.5, 2.0) 74
[12:33:01.874]: (1.3, 2.5, 2.0) 74
[12:33:01.890]: (1.3, 2.5, 2.0) 74
[12:33:01.906]: (1.2, 2.5, 1.9) 76
[12:33:01.925]: (1.3, 2.5, 2.0) 74
[12:33:01.942]: (1.4, 2.6, 2.2) 73
[12:33:01.959]: (1.2, 2.5, 1.9) 76
[12:33:02.135]: (1.4, 2.6, 2.2) 73
[12:33:02.170]: (1.4, 2.7, 2.2) 73
[12:33:02.204]: (1.4, 2.6, 2.2) 73
[12:33:02.224]: (1.3, 2.6, 2.2) 73
[12:33:02.244]: (1.4, 2.6, 2.3) 88
[12:33:02.266]: (1.2, 2.4, 2.0) 91
[12:33:02.291]: (1.3, 2.7, 2.3) 73
[12:33:02.623]: (1.3, 2.6, 2.3) 88
[12:33:02.704]: (1.3, 2.6, 2.3) 88
[12:33:02.721]: (1.3, 2.6, 2.3) 88
[12:33:02.738]: (1.3, 2.6, 2.3) 88
[12:33:02.756]: (1.3, 2.6, 2.3) 88
[12:33:08.021]: (0.8, 2.8, 3.3) 101
[12:33:08.042]: (0.8, 2.9, 3.3) 101
[12:33:08.448]: (0.8, 2.9, 3.2) 103
[12:33:08.467]: (0.8, 2.9, 3.2) 103
[12:33:08.484]: (0.8, 2.9, 3.2) 103
[12:33:08.502]: (0.8, 2.9, 3.2) 103
[12:33:08.522]: (0.8, 2.9, 3.2) 103
[12:33:08.542]: (0.8, 2.9, 3.2) 103
[12:33:08.565]: (0.8, 2.8, 3.0) 94
[12:33:08.587]: (0.8, 2.8, 3.0) 94
[12:33:08.608]: (0.8, 2.8, 3.1) 94
[12:33:08.901]: (0.6, 2.7, 3.3) 108
[12:33:08.922]: (0.6, 2.7, 3.3) 108
[12:33:08.942]: (0.6, 2.7, 3.3) 108
[12:33:08.960]: (0.6, 2.6, 3.3) 108
[12:33:08.978]: (0.6, 2.6, 3.3) 108
[12:33:09.126]: (1.2, 2.3, 1.9) 80
[12:33:09.143]: (1.2, 2.4, 1.9) 80
[12:33:09.160]: (1.2, 2.4, 1.9) 80
[12:33:09.255]: (1.5, 2.5, 2.1) 82
[12:33:09.288]: (1.2, 2.4, 1.9) 80
[12:33:09.336]: (1.3, 2.5, 1.9) 76
[12:33:09.376]: (1.4, 2.6, 2.1) 75
[12:33:09.464]: (1.4, 2.6, 2.2) 73
[12:33:09.487]: (1.4, 2.6, 2.2) 73
[12:33:09.509]: (1.4, 2.6, 2.2) 73
[12:33:09.642]: (1.3, 2.3, 1.9) 80
[12:33:09.821]: (0.8, 2.0, 1.6) 5
[12:33:09.842]: (0.8, 2.0, 1.6) 5
[12:33:09.876]: (0.9, 2.0, 1.6) 5
[12:33:09.894]: (0.9, 2.1, 1.6) 5
[12:33:09.911]: (0.9, 2.0, 1.6) 5
[12:33:09.928]: (0.9, 2.1, 1.5) 5
[12:33:09.946]: (0.9, 2.0, 1.6) 5
[12:33:09.964]: (0.9, 2.0, 1.6) 5
[12:33:10.027]: (1.2, 2.2, 2.0) 91
[12:33:10.048]: (1.2, 2.2, 2.0) 91
[12:33:10.156]: (1.2, 2.1, 2.0) 91
[12:33:10.178]: (1.2, 2.1, 2.0) 91
[12:33:10.201]: (1.2, 2.1, 2.0) 91
[12:33:10.224]: (1.0, 2.0, 1.6) 15
[12:33:10.247]: (1.4, 2.3, 1.9) 76
[12:33:10.272]: (1.4, 2.3, 1.9) 76
[12:33:10.297]: (1.4, 2.3, 1.9) 76
[12:33:10.318]: (1.4, 2.3, 1.9) 76
[12:33:10.341]: (1.4, 2.3, 1.9) 76
[12:33:10.571]: (1.7, 2.4, 2.1) 83
[12:33:10.630]: (1.4, 2.3, 1.9) 76
[12:33:10.653]: (1.4, 2.3, 1.9) 76
[12:33:10.677]: (1.4, 2.3, 1.9) 76
[12:33:10.697]: (1.3, 2.3, 1.9) 76
[12:33:10.720]: (1.3, 2.3, 1.9) 76
[12:33:10.742]: (1.3, 2.3, 1.9) 76
[12:33:10.763]: (1.3, 2.3, 1.9) 76
[12:33:10.785]: (1.3, 2.3, 1.9) 76
[12:33:10.809]: (1.3, 2.3, 1.9) 76
[12:33:10.830]: (1.3, 2.4, 1.9) 89
[12:33:10.853]: (1.4, 2.4, 2.0) 74
[12:33:10.869]: (1.4, 2.4, 2.0) 74
[12:33:10.886]: (1.4, 2.4, 2.0) 74
[12:33:10.904]: (1.4, 2.4, 2.0) 74
[12:33:10.922]: (1.4, 2.4, 2.0) 74
[12:33:10.939]: (1.3, 2.4, 2.0) 74
[12:33:10.956]: (1.3, 2.4, 2.0) 74
[12:33:10.974]: (1.5, 2.4, 2.2) 73
[12:33:10.991]: (1.5, 2.4, 2.2) 73
[12:33:11.011]: (1.4, 2.4, 2.4) 88
[12:33:11.042]: (0.7, 2.4, 3.4) 108
[12:33:11.203]: (0.0, 1.9, 4.0) 52
[12:33:11.268]: (0.0, 1.8, 4.0) 53
[12:33:11.286]: (0.0, 1.8, 4.0) 53
[12:33:11.304]: (0.1, 1.9, 3.8) 54
[12:33:11.322]: (0.0, 1.8, 4.0) 52
[12:33:11.399]: (0.0, 1.9, 4.0) 52
[12:33:11.553]: (0.0, 1.9, 4.0) 52
[12:33:12.127]: (0.4, 1.9, 3.4) 55
[12:33:12.197]: (1.6, 2.6, 2.2) 87
[12:33:12.218]: (1.5, 2.5, 1.7) 70
[12:33:12.375]: (1.6, 2.4, 1.6) 85
[12:33:12.397]: (1.5, 2.4, 1.7) 70
[12:33:12.419]: (1.5, 2.4, 1.7) 70
[12:33:12.441]: (1.6, 2.4, 1.9) 84
[12:33:12.465]: (1.5, 2.4, 1.8) 78
[12:33:12.485]: (1.5, 2.4, 1.7) 70
[12:33:12.530]: (1.5, 2.5, 1.9) 79
[12:33:12.551]: (1.5, 2.5, 1.9) 78
[12:33:12.742]: (1.5, 2.5, 1.8) 78
[12:33:12.758]: (1.5, 2.4, 1.8) 78
[12:33:12.778]: (1.5, 2.4, 1.8) 78
[12:33:12.796]: (1.5, 2.4, 1.8) 78
[12:33:12.812]: (1.5, 2.4, 1.8) 78
[12:33:12.830]: (1.5, 2.4, 1.8) 78
[12:33:12.849]: (1.5, 2.4, 1.8) 78
[12:33:12.866]: (1.5, 2.4, 1.8) 78
[12:33:13.027]: (1.4, 2.3, 1.9) 76
[12:33:13.044]: (1.3, 2.4, 2.0) 74
[12:33:13.060]: (1.5, 2.4, 2.2) 73
[12:33:13.080]: (1.5, 2.4, 2.2) 73
[12:33:13.098]: (1.5, 2.4, 2.2) 73
[12:33:13.115]: (1.5, 2.4, 2.2) 73
[12:33:13.133]: (1.5, 2.4, 2.2) 73
[12:33:13.149]: (1.5, 2.4, 2.2) 73
[12:33:13.166]: (1.5, 2.4, 2.2) 73
[12:33:13.186]: (1.5, 2.4, 2.2) 73
[12:33:13.208]: (1.5, 2.4, 2.2) 73
[12:33:13.229]: (1.5, 2.4, 2.2) 73
[12:33:13.252]: (1.5, 2.4, 2.2) 73
[12:33:13.274]: (1.5, 2.4, 2.2) 73
[12:33:13.298]: (1.5, 2.4, 2.2) 73
[12:33:13.320]: (1.5, 2.4, 2.2) 73
[12:33:13.342]: (1.5, 2.4, 2.2) 73
[12:33:13.364]: (1.5, 2.4, 2.2) 73
[12:33:13.385]: (1.5, 2.4, 2.2) 73
[12:33:13.408]: (1.5, 2.4, 2.2) 73
[12:33:13.429]: (1.5, 2.4, 2.2) 73
[12:33:13.497]: (1.5, 2.5, 2.3) 73
[12:33:13.563]: (0.9, 2.4, 2.9) 104
[12:33:13.842]: (0.3, 2.2, 3.9) 68
[12:33:13.889]: (0.3, 2.1, 3.9) 68
[12:33:13.922]: (0.4, 2.1, 3.8) 68
[12:33:14.219]: (0.6, 2.0, 2.5) 42
[12:33:14.241]: (0.7, 2.1, 2.5) 42
[12:33:14.522]: (0.7, 2.1, 2.5) 42
[12:33:14.537]: (0.7, 2.1, 2.5) 42
[12:33:14.554]: (0.7, 2.1, 2.5) 42
[12:33:14.570]: (0.7, 2.0, 2.5) 42
[12:33:14.587]: (0.6, 2.0, 2.7) 47
[12:33:14.604]: (0.6, 2.0, 2.7) 47
[12:33:14.859]: (0.6, 2.0, 2.7) 47
[12:33:14.896]: (0.6, 2.0, 2.7) 47
[12:33:14.963]: (0.7, 2.0, 2.5) 42
[12:33:14.983]: (0.7, 2.0, 2.5) 42
[12:33:15.096]: (0.7, 2.0, 2.5) 42
[12:33:15.118]: (0.7, 2.0, 2.5) 42
[12:33:15.140]: (0.7, 2.0, 2.5) 42
[12:33:15.161]: (0.7, 2.0, 2.5) 42
[12:33:15.185]: (0.7, 2.1, 2.5) 42
[12:33:15.207]: (0.7, 2.1, 2.5) 42
[12:33:15.228]: (0.7, 2.0, 2.5) 42
[12:33:15.252]: (0.7, 2.1, 2.5) 44
[12:33:15.296]: (0.8, 2.1, 2.4) 46
[12:33:15.314]: (0.7, 2.0, 2.3) 45
[12:33:15.330]: (0.7, 2.0, 2.3) 45
[12:33:15.348]: (0.7, 2.0, 2.3) 45
[12:33:15.364]: (0.7, 2.0, 2.3) 45
[12:33:15.382]: (0.7, 2.0, 2.3) 45
[12:33:15.400]: (0.7, 2.0, 2.3) 45
[12:33:15.416]: (0.7, 2.0, 2.3) 45
[12:33:15.432]: (0.7, 2.0, 2.3) 45
[12:33:15.448]: (0.8, 2.1, 2.4) 46
[12:33:15.466]: (0.8, 2.1, 2.4) 46
[12:33:15.485]: (0.8, 2.1, 2.4) 46
[12:33:15.501]: (0.7, 2.0, 2.3) 45
[12:33:15.520]: (0.7, 2.0, 2.3) 45
[12:33:15.537]: (0.8, 2.1, 2.4) 46
[12:33:15.554]: (0.7, 2.0, 2.3) 45
[12:33:15.571]: (0.7, 2.0, 2.3) 45
[12:33:15.588]: (0.7, 2.0, 2.3) 45
[12:33:15.605]: (0.8, 2.1, 2.4) 46
[12:33:15.621]: (0.8, 2.1, 2.5) 44
[12:33:15.639]: (0.8, 2.1, 2.5) 44
[12:33:15.656]: (0.8, 2.1, 2.5) 44
[12:33:15.674]: (0.8, 2.1, 2.5) 44
[12:33:15.691]: (0.8, 2.1, 2.5) 44
[12:33:15.709]: (0.8, 2.1, 2.5) 44
[12:33:15.726]: (0.8, 2.1, 2.5) 44
[12:33:15.744]: (0.8, 2.1, 2.5) 44
[12:33:15.761]: (0.8, 2.1, 2.5) 44
[12:33:15.786]: (0.8, 2.1, 2.5) 44
[12:33:15.806]: (0.8, 2.1, 2.5) 44
[12:33:16.238]: (0.3, 2.1, 3.8) 59
[12:33:16.661]: (-0.1, 1.9, 4.1) 63
[12:33:19.626]: (0.4, 2.1, 3.7) 61
[12:33:19.649]: (0.4, 2.1, 3.7) 61
[12:33:19.671]: (0.4, 2.1, 3.6) 61
[12:33:19.694]: (0.4, 2.1, 3.6) 61
[12:33:19.715]: (0.4, 2.1, 3.6) 61
[12:33:19.738]: (0.4, 2.1, 3.6) 61
[12:33:19.760]: (0.4, 2.1, 3.7) 61
[12:33:19.783]: (0.4, 2.1, 3.7) 61
[12:33:19.804]: (0.4, 2.1, 3.7) 61
[12:33:19.822]: (0.4, 2.1, 3.7) 61
[12:33:19.838]: (0.4, 2.1, 3.7) 61
[12:33:19.855]: (0.4, 2.1, 3.7) 61
[12:33:19.872]: (0.4, 2.1, 3.7) 61
[12:33:19.923]: (0.4, 2.2, 3.9) 68
[12:33:20.068]: (0.1, 1.7, 4.0) 53
[12:33:20.148]: (-0.2, 1.3, 2.9) 35
[12:33:20.165]: (-0.2, 1.3, 2.9) 35
[12:33:20.184]: (-0.2, 1.2, 2.9) 35
[12:33:20.201]: (-0.2, 1.3, 2.9) 35
[12:33:20.219]: (-0.2, 1.3, 2.9) 35
[12:33:20.235]: (-0.2, 1.2, 2.9) 35
[12:33:20.252]: (-0.2, 1.3, 2.9) 35
[12:33:20.269]: (-0.2, 1.3, 2.9) 35
[12:33:20.286]: (-0.2, 1.2, 3.2) 21
[12:33:20.650]: (0.0, 1.9, 4.0) 52
[12:33:20.683]: (-0.2, 1.4, 3.2) 32
[12:33:20.716]: (-0.2, 1.4, 3.2) 32
[12:33:20.750]: (-0.3, 1.4, 3.2) 32
[12:33:20.782]: (-0.3, 1.4, 3.2) 32
[12:33:20.848]: (0.7, 2.0, 2.5) 42
[12:33:20.949]: (1.5, 2.5, 1.9) 71
[12:33:21.015]: (1.6, 2.6, 1.8) 90
[12:33:21.049]: (1.5, 2.6, 1.8) 71
[12:33:21.226]: (1.5, 2.5, 1.7) 70
[12:33:21.515]: (1.6, 2.6, 1.9) 90
[12:33:21.537]: (1.6, 2.5, 1.9) 90
[12:33:21.560]: (1.6, 2.6, 1.9) 90
[12:33:21.581]: (1.6, 2.6, 1.9) 90
[12:33:21.604]: (1.6, 2.6, 1.9) 90
[12:33:21.627]: (1.6, 2.6, 1.9) 90
[12:33:21.649]: (1.6, 2.6, 1.9) 90
[12:33:21.692]: (1.3, 2.4, 1.9) 89
[12:33:22.096]: (0.2, 2.0, 3.9) 57
[12:33:23.438]: (0.3, 2.2, 3.8) 68
[12:33:23.457]: (0.4, 2.2, 3.8) 68
[12:33:23.477]: (0.3, 2.2, 3.8) 68
[12:33:23.496]: (0.4, 2.2, 3.8) 68
[12:33:23.516]: (0.4, 2.2, 3.8) 68
[12:33:23.535]: (0.4, 2.2, 3.8) 68
[12:33:23.552]: (0.4, 2.2, 3.8) 68
[12:33:23.568]: (0.4, 2.2, 3.8) 68
[12:33:23.586]: (0.4, 2.2, 3.8) 68
[12:33:23.602]: (0.4, 2.2, 3.8) 68
[12:33:23.619]: (0.4, 2.2, 3.9) 68
[12:33:23.637]: (0.4, 2.2, 3.8) 68
[12:33:23.657]: (0.4, 2.2, 3.8) 68
[12:33:23.676]: (0.4, 2.2, 3.8) 68
[12:33:23.693]: (0.4, 2.2, 3.8) 68
[12:33:23.711]: (0.4, 2.2, 3.8) 68
[12:33:23.728]: (0.4, 2.2, 3.8) 68
[12:33:23.745]: (0.3, 2.2, 3.8) 68
[12:33:23.761]: (0.3, 2.2, 3.8) 68
[12:33:23.777]: (0.3, 2.2, 3.8) 68
[12:33:23.792]: (0.3, 2.1, 3.9) 68
[12:33:23.815]: (0.3, 2.1, 3.8) 68
[12:33:23.836]: (0.3, 2.1, 3.8) 68
[12:33:23.858]: (0.3, 2.2, 3.9) 68
[12:33:23.883]: (0.3, 2.2, 3.8) 68
[12:33:24.392]: (0.3, 1.9, 3.4) 55
[12:33:24.410]: (0.3, 2.0, 3.4) 55
[12:33:24.427]: (0.3, 2.0, 3.4) 55
[12:33:24.444]: (0.3, 2.0, 3.4) 55
[12:33:24.465]: (0.4, 2.0, 3.4) 55
[12:33:24.482]: (0.4, 2.0, 3.4) 55
[12:33:24.499]: (0.4, 2.0, 3.4) 64
[12:33:24.517]: (0.4, 2.0, 3.4) 64
[12:33:24.533]: (0.4, 2.0, 3.4) 64
[12:33:24.551]: (0.4, 2.0, 3.3) 64
[12:33:24.568]: (0.4, 2.0, 3.4) 64
[12:33:24.586]: (0.4, 2.1, 3.7) 61
[12:33:24.602]: (0.4, 2.1, 3.6) 61
[12:33:24.620]: (0.4, 2.1, 3.7) 61
[12:33:24.636]: (0.4, 2.1, 3.6) 61
[12:33:24.654]: (0.4, 2.1, 3.7) 61
[12:33:24.671]: (0.4, 2.1, 3.7) 61
[12:33:24.704]: (0.4, 2.1, 3.6) 69
[12:33:24.825]: (0.4, 2.1, 3.7) 61
[12:33:24.848]: (0.4, 2.1, 3.7) 61
[12:33:24.870]: (0.4, 2.1, 3.7) 61
[12:33:24.892]: (0.4, 2.1, 3.7) 61
[12:33:24.913]: (0.3, 2.1, 3.7) 61
[12:33:25.759]: (0.4, 2.2, 3.9) 68
[12:33:25.782]: (0.4, 2.2, 3.8) 68
[12:33:25.803]: (0.4, 2.1, 3.8) 68
[12:33:25.825]: (0.4, 2.2, 3.8) 68
[12:33:25.847]: (0.3, 2.2, 3.8) 68
[12:33:25.868]: (0.3, 2.2, 3.9) 68
[12:33:26.247]: (0.4, 2.2, 3.9) 68
[12:33:26.299]: (0.4, 2.2, 3.9) 68
[12:33:26.315]: (0.4, 2.2, 3.9) 68
[12:33:26.334]: (0.4, 2.2, 3.9) 68
[12:33:26.352]: (0.4, 2.2, 3.9) 68
[12:33:26.369]: (0.4, 2.2, 3.9) 68
