[12:14:19.578]: (-1.2, -0.1, 2.1) 4
[12:14:19.681]: (-0.4, 0.1, 1.7) 15
[12:14:20.071]: (0.3, 0.6, 1.8) 12
[12:14:20.326]: (0.7, 0.8, 2.6) 19
[12:14:20.682]: (0.6, 0.9, 3.0) 17
[12:14:20.727]: (0.7, 0.9, 3.0) 17
[12:14:20.816]: (0.5, 0.9, 2.8) 18
[12:14:20.837]: (0.5, 0.9, 2.8) 18
[12:14:21.326]: (-0.3, 1.3, 2.6) 2
[12:14:21.418]: (-0.3, 1.3, 2.6) 2
[12:14:21.439]: (-0.3, 1.3, 2.7) 0
[12:14:21.460]: (-0.3, 1.3, 2.9) 5
[12:14:21.504]: (-0.2, 1.3, 2.9) 5
[12:14:21.528]: (-0.2, 1.3, 2.7) 0
[12:14:21.550]: (-0.2, 1.3, 2.7) 0
[12:14:21.571]: (-0.1, 1.3, 4.0) 20
[12:14:21.593]: (-0.2, 1.3, 4.0) 20
[12:14:21.876]: (-0.3, 1.1, 2.6) 1
[12:14:22.091]: (-0.3, 1.2, 2.5) 1
[12:14:22.108]: (0.0, 1.3, 3.9) 20
[12:14:22.626]: (0.8, 1.1, 2.7) 18
[12:14:22.649]: (0.8, 1.1, 2.7) 18
[12:14:23.326]: (0.8, 1.3, 2.9) 16
[12:14:23.351]: (0.8, 1.3, 2.9) 16
[12:14:24.571]: (0.7, 1.3, 2.7) 18
[12:14:24.593]: (0.7, 1.2, 2.7) 18
[12:14:24.659]: (0.0, 1.2, 2.7) 4
[12:14:24.681]: (-0.1, 1.2, 2.6) 2
[12:14:24.703]: (-0.1, 1.2, 2.6) 2
[12:14:24.748]: (-0.1, 1.2, 2.6) 2
[12:14:24.770]: (-0.1, 1.1, 2.6) 2
[12:14:24.792]: (0.0, 1.1, 2.7) 4
[12:14:24.816]: (0.0, 1.2, 2.7) 4
[12:14:24.837]: (0.0, 1.2, 2.7) 4
[12:14:24.860]: (0.0, 1.2, 2.6) 2
[12:14:24.881]: (0.0, 1.2, 2.7) 4
[12:14:24.903]: (0.0, 1.2, 2.7) 4
[12:14:24.926]: (0.0, 1.2, 2.7) 4
[12:14:24.951]: (0.0, 1.2, 2.7) 4
[12:14:24.992]: (-0.2, 1.2, 2.9) 5
[12:14:25.036]: (-0.2, 1.2, 2.9) 5
[12:14:25.061]: (-0.2, 1.2, 2.7) 0
[12:14:25.083]: (-0.2, 1.2, 2.6) 0
[12:14:25.106]: (-0.2, 1.2, 2.7) 0
[12:14:25.151]: (-0.1, 1.3, 3.9) 20
[12:14:25.172]: (0.0, 1.3, 3.9) 20
[12:14:25.284]: (0.0, 1.3, 3.5) 26
[12:14:25.308]: (0.0, 1.3, 3.5) 26
[12:14:25.330]: (0.0, 1.3, 3.5) 26
[12:14:26.136]: (0.6, 0.9, 2.7) 18
[12:14:26.294]: (0.8, 0.8, 1.9) 11
[12:14:26.314]: (0.7, 0.8, 1.7) 6
[12:14:26.336]: (0.7, 0.8, 1.7) 6
[12:14:26.359]: (0.7, 0.8, 1.7) 6
[12:14:26.380]: (0.7, 0.8, 1.7) 6
[12:14:26.403]: (0.7, 0.8, 1.7) 6
[12:14:26.447]: (0.6, 0.8, 1.7) 6
[12:14:26.471]: (0.6, 0.8, 1.7) 6
[12:14:26.494]: (0.7, 0.8, 1.7) 6
[12:14:26.515]: (0.7, 0.8, 1.7) 6
[12:14:26.535]: (0.7, 0.8, 1.7) 6
[12:14:26.554]: (0.7, 0.8, 1.7) 6
[12:14:26.571]: (0.8, 0.8, 1.9) 11
[12:14:26.588]: (0.8, 0.8, 1.9) 11
[12:14:26.605]: (0.8, 0.8, 1.9) 11
[12:14:26.625]: (0.8, 0.8, 1.9) 11
[12:14:26.644]: (0.8, 0.8, 1.9) 11
[12:14:26.659]: (0.8, 0.8, 1.9) 11
[12:14:26.677]: (0.8, 0.8, 1.9) 11
[12:14:26.711]: (0.6, 0.9, 1.7) 10
[12:14:26.729]: (0.6, 0.9, 1.7) 10
[12:14:26.745]: (0.6, 0.9, 1.7) 10
[12:14:26.765]: (0.6, 0.9, 1.7) 10
[12:14:26.781]: (0.6, 0.9, 1.7) 10
[12:14:26.800]: (0.6, 0.9, 1.7) 10
[12:14:26.819]: (0.6, 0.9, 1.8) 10
[12:14:26.838]: (0.6, 0.9, 1.8) 10
[12:14:26.856]: (0.6, 0.9, 1.7) 10
[12:14:26.875]: (0.6, 0.9, 1.7) 10
[12:14:26.891]: (0.6, 0.9, 1.7) 10
[12:14:26.910]: (0.6, 0.9, 1.7) 10
[12:14:26.926]: (0.6, 0.9, 1.7) 10
[12:14:27.018]: (0.6, 0.9, 1.7) 10
[12:14:27.036]: (0.6, 0.9, 1.7) 10
[12:14:27.054]: (0.6, 0.9, 1.7) 10
[12:14:27.072]: (0.6, 0.9, 1.8) 10
[12:14:27.089]: (0.6, 0.9, 1.8) 10
[12:14:27.106]: (0.6, 1.0, 1.8) 10
[12:14:27.123]: (0.6, 0.9, 1.8) 10
[12:14:27.145]: (0.6, 0.9, 1.8) 10
[12:14:27.170]: (0.6, 0.9, 1.8) 10
[12:14:27.203]: (0.6, 1.0, 1.8) 10
[12:14:27.236]: (0.6, 0.9, 1.8) 10
[12:14:27.270]: (0.6, 1.0, 1.8) 10
[12:14:27.304]: (0.6, 0.9, 1.8) 10
[12:14:27.339]: (0.4, 0.7, 1.8) 15
[12:14:27.373]: (0.4, 0.7, 1.8) 15
[12:14:27.405]: (0.5, 0.8, 1.8) 15
[12:14:27.436]: (0.4, 0.8, 1.8) 15
[12:14:27.470]: (0.4, 0.8, 1.8) 15
[12:14:27.735]: (0.4, 0.8, 1.9) 12
[12:14:29.151]: (-0.4, 0.9, 2.7) 0
[12:14:29.322]: (-0.3, 0.8, 2.6) 2
[12:14:29.402]: (-0.3, 0.8, 2.6) 2
[12:14:29.449]: (-0.4, 0.8, 2.6) 0
[12:14:29.466]: (-0.3, 0.8, 2.6) 0
[12:14:29.482]: (-0.3, 0.8, 2.6) 0
[12:14:29.498]: (-0.3, 0.8, 2.6) 0
[12:14:30.132]: (0.4, 0.8, 1.8) 12
[12:14:30.147]: (0.6, 0.8, 1.7) 6
[12:14:30.317]: (0.7, 0.8, 1.7) 6
[12:14:30.335]: (0.8, 0.7, 1.8) 9
[12:14:30.353]: (0.7, 0.8, 1.7) 6
[12:14:30.370]: (0.7, 0.8, 1.7) 6
[12:14:30.387]: (0.7, 0.8, 1.7) 6
[12:14:30.404]: (0.7, 0.8, 1.7) 6
[12:14:30.421]: (0.6, 0.8, 1.7) 6
[12:14:30.437]: (0.8, 0.9, 1.6) 8
[12:14:30.454]: (0.8, 0.9, 1.6) 8
[12:14:30.470]: (0.8, 0.9, 1.6) 8
[12:14:30.490]: (0.8, 0.9, 1.6) 8
[12:14:30.512]: (0.8, 0.9, 1.5) 8
[12:14:30.535]: (0.7, 0.9, 1.6) 8
[12:14:30.556]: (0.8, 0.9, 1.5) 8
[12:14:30.579]: (0.8, 0.9, 1.6) 8
[12:14:30.601]: (0.7, 0.9, 1.6) 8
[12:14:30.624]: (0.8, 0.9, 1.6) 8
[12:14:30.646]: (0.8, 0.9, 1.6) 8
[12:14:30.669]: (0.8, 0.9, 1.5) 8
[12:14:30.690]: (0.7, 0.9, 1.6) 8
[12:14:30.713]: (0.8, 0.9, 1.6) 8
[12:14:30.735]: (0.7, 0.9, 1.6) 8
[12:14:30.756]: (0.7, 0.9, 1.6) 8
[12:14:30.779]: (0.7, 0.9, 1.6) 8
[12:14:30.801]: (0.7, 0.9, 1.6) 8
[12:14:30.823]: (0.7, 0.9, 1.6) 8
[12:14:30.845]: (0.8, 0.9, 1.9) 14
[12:14:30.869]: (0.8, 1.0, 1.6) 13
[12:14:30.890]: (0.8, 1.0, 1.6) 13
[12:14:30.913]: (0.8, 1.0, 1.6) 13
[12:14:30.936]: (0.8, 1.0, 1.6) 13
[12:14:30.956]: (0.8, 1.0, 1.6) 13
[12:14:30.973]: (0.8, 1.0, 1.6) 13
[12:14:30.989]: (0.8, 1.0, 1.6) 13
[12:14:31.006]: (0.8, 1.0, 1.6) 13
[12:14:31.023]: (0.8, 1.0, 1.6) 13
[12:14:31.042]: (0.8, 1.0, 1.6) 13
[12:14:31.058]: (0.8, 1.0, 1.6) 13
[12:14:31.075]: (0.7, 1.0, 1.6) 13
[12:14:31.091]: (0.7, 1.0, 1.6) 13
[12:14:31.109]: (0.7, 1.0, 1.6) 13
[12:14:31.124]: (0.7, 1.0, 1.6) 13
[12:14:31.142]: (0.8, 1.0, 1.6) 13
[12:14:31.157]: (0.8, 1.0, 1.6) 13
[12:14:31.173]: (0.8, 1.0, 1.6) 13
[12:14:31.191]: (0.8, 1.0, 1.6) 13
[12:14:31.207]: (0.8, 1.0, 1.6) 13
[12:14:31.224]: (0.8, 1.0, 1.6) 13
[12:14:32.367]: (-0.6, 0.8, 4.2) 24
[12:14:33.444]: (-0.1, 0.8, 3.5) 26
[12:14:33.467]: (-0.1, 0.8, 3.5) 26
[12:14:33.490]: (-0.2, 0.8, 2.6) 2
[12:14:33.599]: (-0.1, 0.8, 2.7) 4
[12:14:34.244]: (0.5, 0.9, 3.0) 16
[12:14:34.265]: (0.7, 0.9, 2.7) 18
[12:14:34.617]: (0.7, 0.8, 1.7) 6
[12:14:34.635]: (0.7, 0.8, 1.7) 6
[12:14:34.652]: (0.8, 0.8, 1.9) 11
[12:14:34.667]: (0.8, 0.8, 1.9) 11
[12:14:34.684]: (0.7, 0.8, 1.7) 6
[12:14:34.699]: (0.8, 0.8, 1.9) 14
[12:14:34.715]: (0.8, 0.8, 1.9) 11
[12:14:34.733]: (0.8, 0.8, 1.9) 11
[12:14:34.750]: (0.6, 0.8, 1.7) 6
[12:14:34.768]: (0.6, 0.8, 1.7) 6
[12:14:34.785]: (0.7, 0.8, 1.7) 6
[12:14:34.801]: (0.7, 0.8, 1.7) 6
[12:14:34.819]: (0.6, 0.8, 1.7) 6
[12:14:34.837]: (0.6, 0.8, 1.7) 6
[12:14:34.870]: (0.7, 0.9, 1.6) 8
[12:14:34.903]: (0.9, 0.8, 1.9) 11
[12:14:34.921]: (0.7, 0.9, 1.6) 8
[12:14:34.943]: (0.8, 0.8, 1.9) 11
[12:14:34.966]: (0.8, 0.8, 1.9) 14
[12:14:34.987]: (0.8, 0.8, 1.9) 11
[12:14:35.011]: (0.9, 0.8, 1.9) 11
[12:14:35.054]: (0.8, 0.9, 1.9) 14
[12:14:35.077]: (0.8, 0.8, 1.9) 11
[12:14:35.099]: (0.8, 0.9, 1.9) 14
[12:14:35.121]: (0.8, 0.9, 1.9) 14
[12:14:35.143]: (0.8, 0.9, 1.9) 14
[12:14:35.165]: (0.8, 0.9, 1.9) 14
[12:14:35.188]: (0.8, 0.8, 1.9) 14
[12:14:35.210]: (0.9, 0.8, 1.9) 11
[12:14:35.254]: (0.9, 0.8, 1.9) 11
[12:14:35.276]: (0.8, 0.8, 1.9) 11
[12:14:35.299]: (0.8, 0.9, 1.8) 14
[12:14:35.321]: (0.8, 0.9, 1.8) 14
[12:14:35.343]: (0.8, 0.9, 1.9) 14
[12:14:35.366]: (0.8, 0.9, 1.9) 14
[12:14:35.388]: (0.8, 0.9, 1.9) 14
[12:14:35.434]: (0.8, 0.8, 1.9) 11
[12:14:35.531]: (0.6, 0.8, 1.6) 7
[12:14:35.548]: (0.8, 0.8, 1.9) 11
[12:14:35.564]: (0.8, 0.8, 1.9) 11
[12:14:35.581]: (0.8, 0.8, 1.9) 11
[12:14:35.597]: (0.8, 0.8, 1.9) 11
[12:14:35.613]: (0.8, 0.9, 1.9) 14
[12:14:37.520]: (-0.6, 0.8, 4.1) 24
[12:14:37.543]: (-0.6, 0.8, 3.7) 23
[12:14:37.565]: (-0.6, 0.8, 3.6) 23
[12:14:37.631]: (-0.4, 0.8, 3.7) 22
[12:14:37.653]: (-0.4, 0.8, 3.7) 22
[12:14:37.675]: (-0.4, 0.8, 3.7) 22
[12:14:37.742]: (-0.4, 0.8, 3.7) 22
[12:14:37.786]: (-0.3, 0.8, 3.9) 20
[12:14:37.809]: (-0.3, 0.8, 3.9) 20
[12:14:37.831]: (-0.3, 0.8, 3.9) 20
[12:14:39.155]: (-0.7, 0.8, 3.9) 21
[12:14:39.173]: (-0.7, 0.8, 3.9) 21
[12:14:39.721]: (0.7, 0.8, 1.7) 6
[12:14:39.742]: (0.7, 0.8, 1.7) 6
[12:14:39.758]: (0.7, 0.8, 1.7) 6
[12:14:39.839]: (0.9, 0.8, 1.9) 11
[12:14:39.855]: (0.9, 0.8, 1.9) 11
[12:14:39.871]: (0.7, 0.9, 1.6) 8
[12:14:39.887]: (0.7, 0.9, 1.6) 8
[12:14:39.920]: (0.8, 0.8, 1.9) 11
[12:14:39.937]: (0.8, 0.8, 1.9) 11
[12:14:39.954]: (0.8, 0.8, 1.9) 11
[12:14:39.971]: (0.7, 0.8, 1.7) 6
[12:14:39.989]: (0.8, 0.8, 1.9) 11
[12:14:40.005]: (0.8, 0.8, 1.9) 11
[12:14:40.021]: (0.8, 0.8, 1.9) 11
[12:14:40.038]: (0.7, 0.8, 1.7) 6
[12:14:40.055]: (0.8, 0.8, 1.9) 11
[12:14:40.074]: (0.8, 0.8, 1.9) 11
[12:14:40.091]: (0.8, 0.9, 1.9) 14
[12:14:40.111]: (0.8, 0.9, 1.9) 14
[12:14:40.126]: (0.8, 0.9, 1.9) 14
[12:14:40.142]: (0.8, 0.8, 1.9) 14
[12:14:40.158]: (0.8, 0.8, 1.9) 11
[12:14:40.176]: (0.8, 0.8, 1.9) 11
[12:14:40.192]: (0.8, 0.8, 1.9) 11
[12:14:40.210]: (0.8, 0.8, 1.9) 11
[12:14:40.226]: (0.8, 0.8, 1.9) 11
[12:14:40.242]: (0.8, 0.8, 1.9) 11
[12:14:40.263]: (0.7, 0.8, 1.7) 6
[12:14:40.287]: (0.7, 0.8, 1.7) 6
[12:14:40.308]: (0.8, 0.8, 1.9) 11
[12:14:40.331]: (0.8, 0.8, 1.9) 11
[12:14:40.354]: (0.8, 0.8, 1.9) 11
[12:14:40.375]: (0.8, 0.8, 1.9) 11
[12:14:40.804]: (0.8, 0.8, 1.9) 11
[12:14:40.945]: (0.8, 0.8, 1.9) 11
[12:14:40.962]: (0.8, 0.8, 1.9) 11
[12:14:41.130]: (0.8, 0.9, 1.9) 14
[12:14:41.152]: (0.8, 0.9, 1.9) 14
[12:14:41.174]: (0.8, 0.9, 1.9) 14
[12:14:41.197]: (0.8, 0.9, 1.9) 14
[12:14:41.220]: (0.8, 0.9, 1.9) 14
[12:14:41.243]: (0.8, 0.9, 1.9) 14
[12:14:41.264]: (0.8, 0.9, 1.9) 14
[12:14:41.904]: (0.8, 0.8, 1.9) 11
[12:14:42.175]: (0.6, 0.8, 1.6) 7
[12:14:42.242]: (0.6, 0.8, 1.7) 6
[12:14:42.264]: (0.6, 0.8, 1.7) 6
[12:14:42.611]: (0.8, 0.8, 1.9) 11
[12:14:43.508]: (-0.6, 0.8, 3.6) 23
[12:14:43.527]: (-0.6, 0.8, 3.6) 23
[12:14:43.544]: (-0.6, 0.8, 4.1) 24
[12:14:44.653]: (0.4, 0.8, 3.1) 16
[12:14:44.742]: (0.8, 0.9, 1.6) 8
[12:14:44.762]: (0.7, 0.9, 1.6) 8
[12:14:44.785]: (0.7, 0.9, 1.6) 8
[12:14:44.852]: (0.7, 0.9, 1.6) 8
[12:14:44.874]: (0.8, 0.8, 1.9) 11
[12:14:44.917]: (0.8, 0.9, 1.9) 14
[12:14:44.941]: (0.8, 0.8, 1.9) 11
[12:14:44.963]: (0.8, 0.8, 1.9) 11
[12:14:44.985]: (0.8, 0.8, 1.9) 11
[12:14:45.006]: (0.8, 0.8, 1.9) 11
[12:14:45.029]: (0.8, 0.8, 1.9) 11
[12:14:45.052]: (0.8, 0.8, 1.9) 11
[12:14:45.076]: (0.8, 0.8, 1.9) 11
[12:14:45.094]: (0.8, 0.8, 1.9) 11
[12:14:45.111]: (0.8, 0.8, 1.9) 11
[12:14:45.127]: (0.8, 0.8, 1.9) 11
[12:14:45.144]: (0.8, 0.8, 1.9) 11
[12:14:45.161]: (0.8, 0.8, 1.9) 11
[12:14:45.178]: (0.8, 0.9, 1.9) 14
[12:14:45.196]: (0.7, 0.9, 1.6) 8
[12:14:45.214]: (0.7, 1.0, 1.6) 13
[12:14:45.230]: (0.7, 1.0, 1.6) 13
[12:14:45.246]: (0.7, 1.0, 1.6) 13
[12:14:45.262]: (0.7, 1.0, 1.6) 13
[12:14:45.279]: (0.7, 1.0, 1.6) 13
[12:14:45.296]: (0.7, 1.0, 1.6) 13
[12:14:45.311]: (0.7, 1.0, 1.6) 13
[12:14:45.327]: (0.7, 1.0, 1.6) 13
[12:14:45.345]: (0.7, 1.0, 1.6) 13
[12:14:45.361]: (0.7, 1.0, 1.6) 13
[12:14:45.377]: (0.7, 1.0, 1.6) 13
[12:14:45.393]: (0.7, 1.0, 1.6) 13
[12:14:45.410]: (0.7, 1.0, 1.6) 13
[12:14:45.426]: (0.7, 1.0, 1.6) 13
[12:14:45.443]: (0.7, 1.0, 1.6) 13
[12:14:45.459]: (0.7, 1.0, 1.6) 13
[12:14:45.476]: (0.7, 1.0, 1.6) 13
[12:14:45.493]: (0.7, 0.9, 1.6) 13
[12:14:45.509]: (0.7, 0.9, 1.6) 13
[12:14:45.527]: (0.7, 0.9, 1.6) 8
[12:14:45.545]: (0.7, 0.9, 1.6) 8
[12:14:45.561]: (0.7, 0.9, 1.6) 8
[12:14:45.585]: (0.8, 0.9, 1.9) 14
[12:14:45.761]: (0.8, 0.8, 1.9) 11
[12:14:45.829]: (0.7, 0.9, 1.6) 13
[12:14:45.872]: (0.8, 0.9, 1.9) 14
[12:14:45.896]: (0.8, 0.9, 1.9) 14
[12:14:45.941]: (0.8, 0.8, 1.9) 11
[12:14:45.963]: (0.8, 0.8, 1.9) 11
[12:14:45.980]: (0.8, 0.8, 1.9) 11
[12:14:45.997]: (0.8, 0.8, 1.9) 11
[12:14:46.012]: (0.8, 0.8, 1.9) 11
[12:14:46.030]: (0.8, 0.8, 1.9) 11
[12:14:46.049]: (0.8, 0.8, 1.9) 11
[12:14:46.066]: (0.8, 0.9, 1.9) 14
[12:14:46.083]: (0.8, 0.9, 1.9) 14
[12:14:46.099]: (0.8, 0.9, 1.9) 14
[12:14:46.115]: (0.8, 0.9, 1.9) 14
[12:14:46.132]: (0.8, 0.9, 1.9) 14
[12:14:46.149]: (0.8, 0.9, 1.9) 14
[12:14:46.166]: (0.8, 0.9, 1.9) 14
[12:14:46.183]: (0.8, 0.9, 1.9) 14
[12:14:46.200]: (0.8, 0.9, 1.9) 14
[12:14:46.216]: (0.8, 0.9, 1.9) 14
[12:14:46.233]: (0.8, 0.9, 1.9) 14
[12:14:46.249]: (0.7, 0.9, 1.6) 13
[12:14:46.266]: (0.8, 0.9, 1.9) 14
[12:14:46.281]: (0.8, 0.9, 1.9) 14
[12:14:46.297]: (0.8, 0.9, 1.9) 14
[12:14:46.313]: (0.8, 0.9, 1.9) 14
[12:14:46.330]: (0.8, 0.9, 1.9) 14
[12:14:46.347]: (0.7, 0.9, 1.6) 13
[12:14:46.363]: (0.7, 0.9, 1.6) 13
[12:14:46.379]: (0.7, 1.0, 1.6) 13
[12:14:46.395]: (0.7, 1.0, 1.6) 13
[12:14:46.411]: (0.7, 1.0, 1.6) 13
[12:14:46.428]: (0.7, 1.0, 1.6) 13
[12:14:46.451]: (0.7, 1.0, 1.6) 13
[12:14:46.474]: (0.7, 1.0, 1.6) 13
[12:14:46.495]: (0.7, 1.0, 1.6) 13
[12:14:46.518]: (0.7, 1.0, 1.6) 13
[12:14:46.541]: (0.7, 1.0, 1.6) 13
[12:14:46.563]: (0.7, 1.0, 1.6) 13
[12:14:46.583]: (0.7, 1.0, 1.6) 13
[12:14:46.606]: (0.7, 1.0, 1.6) 13
[12:14:46.628]: (0.7, 1.0, 1.6) 13
[12:14:46.652]: (0.7, 1.0, 1.6) 13
[12:14:46.675]: (0.7, 1.0, 1.6) 13
[12:14:46.695]: (0.7, 1.0, 1.6) 13
[12:14:46.716]: (0.7, 1.0, 1.6) 13
[12:14:46.740]: (0.7, 1.0, 1.6) 13
[12:14:46.762]: (0.7, 1.0, 1.6) 13
[12:14:46.783]: (0.7, 1.0, 1.6) 13
[12:14:46.808]: (0.7, 1.0, 1.6) 13
[12:14:46.827]: (0.7, 1.0, 1.6) 13
[12:14:46.850]: (0.7, 1.0, 1.6) 13
[12:14:46.868]: (0.7, 1.0, 1.6) 13
[12:14:46.886]: (0.7, 1.0, 1.6) 13
[12:14:46.903]: (0.7, 1.0, 1.6) 13
[12:14:46.919]: (0.7, 1.0, 1.6) 13
[12:14:46.935]: (0.7, 1.0, 1.6) 13
[12:14:46.952]: (0.7, 1.0, 1.6) 13
[12:14:46.970]: (0.7, 1.0, 1.6) 13
[12:14:46.987]: (0.7, 1.0, 1.6) 13
[12:14:47.003]: (0.7, 1.0, 1.6) 13
[12:14:47.019]: (0.7, 1.0, 1.6) 13
[12:14:47.037]: (0.7, 1.0, 1.6) 13
[12:14:47.054]: (0.7, 1.0, 1.6) 13
[12:14:47.070]: (0.7, 1.0, 1.6) 13
[12:14:47.086]: (0.7, 1.0, 1.6) 13
[12:14:47.101]: (0.7, 1.0, 1.6) 13
[12:14:47.118]: (0.7, 1.0, 1.6) 13
[12:14:47.134]: (0.7, 1.0, 1.6) 13
[12:14:47.151]: (0.8, 0.9, 1.9) 14
[12:14:47.182]: (0.8, 0.9, 1.9) 14
[12:14:47.461]: (0.7, 0.9, 1.6) 13
[12:14:47.483]: (0.7, 1.0, 1.6) 13
[12:14:47.505]: (0.7, 1.0, 1.6) 13
[12:14:47.528]: (0.7, 1.0, 1.6) 13
[12:14:47.552]: (0.7, 1.0, 1.6) 13
[12:14:47.572]: (0.7, 1.0, 1.6) 13
[12:14:47.595]: (0.7, 1.0, 1.6) 13
[12:14:47.617]: (0.7, 1.0, 1.6) 13
[12:14:47.639]: (0.7, 1.0, 1.6) 13
[12:14:47.662]: (0.7, 1.0, 1.6) 13
[12:14:47.682]: (0.7, 1.0, 1.6) 13
[12:14:47.705]: (0.7, 0.8, 1.7) 6
[12:14:47.728]: (0.8, 0.8, 1.9) 11
[12:14:47.749]: (0.8, 0.8, 1.9) 11
[12:14:47.765]: (0.8, 0.8, 1.9) 11
[12:14:47.781]: (0.8, 0.8, 1.9) 11
[12:14:47.798]: (0.8, 0.8, 1.9) 11
[12:14:47.814]: (0.8, 0.8, 1.9) 11
[12:14:47.832]: (0.8, 0.8, 1.9) 11
[12:14:47.847]: (0.8, 0.8, 1.9) 11
[12:14:47.863]: (0.8, 0.8, 1.9) 11
[12:14:47.879]: (0.8, 0.8, 1.9) 11
[12:14:47.896]: (0.8, 0.8, 1.9) 11
[12:14:47.911]: (0.8, 0.8, 1.9) 11
[12:14:47.929]: (0.8, 0.8, 1.9) 11
[12:14:47.946]: (0.8, 0.8, 1.9) 11
[12:14:47.962]: (0.8, 0.8, 1.9) 11
[12:14:47.980]: (0.8, 0.8, 1.9) 11
[12:14:47.996]: (0.8, 0.8, 1.9) 11
[12:14:48.011]: (0.8, 0.8, 1.9) 11
[12:14:48.027]: (0.8, 0.8, 1.9) 11
[12:14:48.044]: (0.8, 0.8, 1.9) 11
[12:14:48.063]: (0.8, 0.8, 1.9) 11
[12:14:48.078]: (0.8, 0.8, 1.9) 11
[12:14:48.094]: (0.8, 0.8, 1.9) 11
[12:14:48.111]: (0.8, 0.8, 1.9) 11
[12:14:48.127]: (0.8, 0.8, 1.9) 11
[12:14:48.144]: (0.8, 0.8, 1.9) 11
[12:14:48.160]: (0.8, 0.8, 1.9) 11
[12:14:48.191]: (0.8, 0.9, 1.9) 14
[12:14:48.209]: (0.8, 0.9, 1.9) 14
[12:14:48.227]: (0.8, 0.9, 1.9) 14
[12:14:48.250]: (0.8, 0.9, 1.9) 14
[12:14:48.273]: (0.8, 0.9, 1.9) 14
[12:14:48.294]: (0.8, 0.9, 1.9) 14
[12:14:48.316]: (0.8, 0.9, 1.9) 14
[12:14:48.339]: (0.8, 0.9, 1.9) 14
[12:14:48.361]: (0.8, 0.9, 1.9) 14
[12:14:48.384]: (0.8, 0.9, 1.9) 14
[12:14:48.405]: (0.8, 0.9, 1.9) 14
[12:14:48.428]: (0.8, 0.9, 1.9) 14
[12:14:48.472]: (0.6, 0.9, 1.8) 10
[12:14:48.495]: (0.6, 0.9, 1.8) 10
[12:14:48.516]: (0.6, 0.9, 1.8) 10
[12:14:48.539]: (0.6, 0.9, 1.8) 10
[12:14:48.561]: (0.6, 0.9, 1.8) 10
[12:14:48.584]: (0.6, 0.9, 1.8) 10
[12:14:48.606]: (0.6, 0.9, 1.8) 10
[12:14:48.627]: (0.6, 0.9, 1.8) 10
[12:14:48.645]: (0.6, 0.9, 1.8) 10
[12:14:48.662]: (0.6, 0.9, 1.8) 10
[12:14:48.678]: (0.6, 0.9, 1.7) 10
[12:14:48.693]: (0.6, 0.9, 1.7) 10
[12:14:48.709]: (0.6, 0.9, 1.7) 10
[12:14:48.724]: (0.6, 0.9, 1.7) 10
[12:14:48.818]: (0.6, 0.9, 1.7) 10
[12:14:48.839]: (0.6, 0.9, 1.7) 10
[12:14:48.857]: (0.6, 0.9, 1.7) 10
[12:14:48.874]: (0.6, 0.9, 1.7) 10
[12:14:48.890]: (0.6, 0.9, 1.7) 10
[12:14:48.907]: (0.6, 0.9, 1.7) 10
[12:14:48.923]: (0.6, 0.9, 1.7) 10
[12:14:48.943]: (0.6, 0.9, 1.7) 10
[12:14:48.960]: (0.6, 0.9, 1.7) 10
[12:14:49.182]: (0.5, 0.9, 1.8) 12
[12:14:51.529]: (0.4, 0.9, 3.0) 16
[12:14:51.546]: (0.4, 0.9, 3.0) 16
[12:14:51.562]: (0.4, 0.9, 3.0) 16
[12:14:51.579]: (0.4, 0.9, 3.0) 16
[12:14:51.596]: (0.4, 0.9, 3.0) 16
[12:14:51.612]: (0.4, 0.9, 3.0) 16
[12:14:51.629]: (0.5, 0.9, 3.0) 16
[12:14:51.646]: (0.5, 0.9, 3.0) 16
[12:14:51.663]: (0.4, 0.9, 3.0) 16
[12:14:51.681]: (0.4, 0.9, 3.0) 16
[12:14:51.699]: (0.5, 0.9, 3.0) 16
[12:14:51.717]: (0.4, 0.9, 3.0) 16
[12:14:51.734]: (0.4, 0.9, 3.0) 16
[12:14:51.749]: (0.4, 0.9, 3.0) 16
[12:14:51.765]: (0.4, 0.9, 3.0) 16
[12:14:51.782]: (0.4, 0.9, 3.0) 16
[12:14:54.276]: (-0.3, 0.9, 4.0) 20
[12:14:54.292]: (-0.3, 0.9, 3.9) 20
[12:14:56.910]: (0.6, 0.9, 1.8) 10
[12:14:56.926]: (0.8, 0.9, 1.8) 14
[12:14:56.979]: (0.8, 0.9, 1.5) 8
[12:14:57.001]: (0.8, 0.9, 1.5) 8
[12:14:57.023]: (0.8, 1.0, 1.6) 8
[12:14:57.068]: (0.8, 1.0, 1.6) 8
[12:14:57.089]: (0.8, 0.9, 1.5) 8
[12:14:57.135]: (0.8, 1.0, 1.6) 8
[12:14:57.157]: (0.8, 1.0, 1.6) 8
[12:14:57.180]: (0.8, 1.0, 1.6) 8
[12:14:57.223]: (0.8, 1.0, 1.6) 8
[12:14:57.247]: (0.8, 1.0, 1.6) 13
[12:14:57.269]: (0.8, 1.0, 1.6) 13
[12:14:57.584]: (0.7, 1.0, 1.6) 13
[12:14:57.600]: (0.7, 1.0, 1.6) 13
[12:14:57.616]: (0.8, 0.9, 1.9) 14
[12:14:57.634]: (0.8, 0.9, 1.9) 14
[12:14:57.652]: (0.8, 0.9, 1.9) 14
[12:14:57.668]: (0.8, 0.9, 1.9) 14
[12:14:57.686]: (0.8, 0.9, 1.9) 14
[12:14:57.709]: (0.8, 0.9, 1.9) 14
[12:14:57.728]: (0.8, 0.9, 1.9) 14
[12:14:57.744]: (0.8, 0.9, 1.9) 14
[12:14:57.760]: (0.8, 0.9, 1.9) 14
[12:14:57.777]: (0.8, 0.9, 1.9) 14
[12:14:57.793]: (0.8, 0.9, 1.9) 14
[12:14:57.818]: (0.8, 0.9, 1.9) 14
