[11:58:27.527]: (-0.2, 1.4, 0.3) 2
[11:58:27.624]: (-0.3, 1.4, 0.3) 2
[11:58:28.731]: (-0.2, 1.4, 0.3) 0
[11:58:29.022]: (-0.2, 1.6, 0.4) 4
[11:58:29.088]: (-0.2, 1.6, 0.4) 4
[11:58:29.197]: (-0.2, 1.6, 0.4) 4
[11:58:29.214]: (-0.2, 1.6, 0.4) 4
[11:58:29.232]: (-0.2, 1.6, 0.4) 4
[11:58:29.250]: (-0.2, 1.6, 0.4) 4
[11:58:29.266]: (-0.2, 1.6, 0.4) 4
[11:58:29.281]: (-0.2, 1.6, 0.4) 4
[11:58:29.297]: (-0.2, 1.6, 0.4) 4
[11:58:29.313]: (-0.2, 1.6, 0.4) 4
[11:58:29.361]: (-0.2, 1.6, 0.4) 4
[11:58:29.377]: (-0.2, 1.6, 0.4) 4
[11:58:29.393]: (-0.2, 1.6, 0.4) 4
[11:58:29.411]: (-0.2, 1.6, 0.4) 4
[11:58:29.429]: (-0.2, 1.6, 0.4) 4
[11:58:29.445]: (-0.2, 1.6, 0.4) 4
[11:58:32.396]: (-0.2, 1.4, 0.2) 2
[11:58:32.441]: (-0.2, 1.4, 0.2) 2
[11:58:32.463]: (-0.2, 1.4, 0.2) 2
[11:58:32.486]: (-0.2, 1.4, 0.2) 2
[11:58:32.553]: (-0.2, 1.6, 0.4) 4
[11:58:32.575]: (-0.2, 1.6, 0.4) 4
[11:58:32.596]: (-0.2, 1.6, 0.4) 4
[11:58:32.618]: (-0.2, 1.6, 0.4) 4
[11:58:32.641]: (-0.2, 1.6, 0.4) 4
[11:58:32.717]: (-0.2, 1.6, 0.4) 4
[11:58:32.735]: (-0.2, 1.6, 0.4) 4
[11:58:32.794]: (-0.2, 1.6, 0.4) 4
[11:58:37.749]: (-0.1, 1.5, 0.3) 0
[11:58:37.809]: (-0.1, 1.4, 0.2) 0
[11:58:38.796]: (-0.1, 1.4, 0.2) 2
[11:58:39.209]: (-0.1, 1.4, 0.2) 0
[11:58:39.255]: (0.0, 1.7, 0.3) 4
[11:58:39.273]: (-0.1, 1.6, 0.3) 4
[11:58:39.289]: (-0.1, 1.7, 0.3) 4
[11:58:39.306]: (-0.1, 1.7, 0.3) 4
[11:58:39.322]: (-0.1, 1.7, 0.3) 4
[11:58:39.338]: (-0.1, 1.6, 0.3) 4
[11:58:39.353]: (-0.1, 1.7, 0.3) 4
[11:58:39.370]: (-0.1, 1.7, 0.3) 4
[11:58:39.387]: (-0.1, 1.6, 0.3) 4
[11:58:39.404]: (-0.1, 1.6, 0.3) 4
[11:58:39.419]: (-0.1, 1.6, 0.3) 4
[11:58:39.437]: (-0.1, 1.6, 0.3) 4
[11:58:39.453]: (-0.1, 1.6, 0.3) 4
[11:58:39.469]: (-0.1, 1.6, 0.3) 4
[11:58:39.484]: (-0.1, 1.6, 0.3) 4
[11:58:39.501]: (-0.1, 1.6, 0.3) 4
[11:58:39.517]: (-0.1, 1.7, 0.3) 4
[11:58:39.533]: (-0.1, 1.6, 0.3) 4
[11:58:39.548]: (-0.1, 1.6, 0.3) 4
[11:58:39.565]: (-0.1, 1.6, 0.3) 4
[11:58:39.580]: (-0.1, 1.6, 0.3) 4
[11:58:39.596]: (-0.1, 1.7, 0.3) 4
[11:58:39.616]: (-0.1, 1.7, 0.3) 4
[11:58:39.638]: (-0.1, 1.7, 0.3) 4
[11:58:39.661]: (-0.1, 1.6, 0.3) 4
[11:58:42.720]: (0.0, 1.7, 0.3) 4
[11:58:42.738]: (0.0, 1.7, 0.3) 4
[11:58:42.755]: (0.0, 1.7, 0.3) 4
[11:58:42.839]: (0.0, 1.7, 0.3) 4
[11:58:42.857]: (0.0, 1.7, 0.3) 4
[11:58:42.872]: (0.0, 1.7, 0.3) 4
[11:58:42.907]: (0.0, 1.7, 0.3) 4
[11:58:42.924]: (0.0, 1.7, 0.3) 4
[11:58:42.939]: (0.0, 1.7, 0.3) 4
[11:58:42.957]: (0.0, 1.7, 0.3) 4
[11:58:42.974]: (0.0, 1.7, 0.3) 4
[11:58:42.991]: (0.0, 1.7, 0.3) 4
[11:58:43.008]: (0.0, 1.7, 0.3) 4
[11:58:43.072]: (0.0, 1.7, 0.3) 4
[11:58:43.089]: (0.0, 1.7, 0.3) 4
[11:58:43.106]: (0.0, 1.7, 0.3) 4
[11:58:43.123]: (0.0, 1.7, 0.3) 4
[11:58:43.139]: (0.0, 1.7, 0.3) 4
[11:58:43.157]: (-0.1, 1.7, 0.3) 4
[11:58:43.173]: (-0.1, 1.7, 0.3) 4
[11:58:43.194]: (-0.1, 1.7, 0.3) 4
[11:58:43.215]: (-0.1, 1.7, 0.3) 4
[11:58:43.239]: (-0.1, 1.7, 0.3) 4
[11:58:43.259]: (-0.1, 1.7, 0.3) 4
[11:58:44.336]: (-0.1, 1.4, 0.2) 2
[11:58:44.404]: (0.0, 1.7, 0.3) 4
[11:58:44.426]: (0.0, 1.7, 0.3) 4
[11:58:44.447]: (0.0, 1.7, 0.3) 4
[11:58:44.471]: (0.0, 1.7, 0.3) 4
[11:58:44.487]: (0.0, 1.7, 0.3) 4
[11:58:44.506]: (-0.1, 1.7, 0.3) 4
[11:58:44.522]: (-0.1, 1.7, 0.3) 4
[11:58:44.538]: (-0.1, 1.6, 0.3) 4
[11:58:44.556]: (-0.1, 1.6, 0.3) 4
[11:58:44.571]: (-0.1, 1.6, 0.3) 4
[11:58:44.587]: (-0.1, 1.6, 0.3) 4
[11:58:44.603]: (-0.1, 1.6, 0.3) 4
[11:58:44.619]: (-0.1, 1.6, 0.3) 4
[11:58:44.634]: (-0.1, 1.6, 0.3) 4
[11:58:44.650]: (-0.1, 1.6, 0.3) 4
[11:58:44.667]: (-0.1, 1.6, 0.3) 4
[11:58:44.682]: (-0.1, 1.6, 0.3) 4
[11:58:44.698]: (-0.1, 1.6, 0.3) 4
[11:58:44.716]: (-0.1, 1.6, 0.3) 4
[11:58:44.733]: (-0.1, 1.7, 0.3) 4
[11:58:44.764]: (-0.1, 1.7, 0.3) 4
[11:58:44.780]: (-0.1, 1.7, 0.3) 4
[11:58:44.795]: (-0.1, 1.7, 0.3) 4
[11:58:44.812]: (-0.1, 1.7, 0.3) 4
[11:58:44.827]: (-0.1, 1.7, 0.3) 4
[11:58:44.842]: (-0.1, 1.7, 0.3) 4
[11:58:44.858]: (-0.1, 1.7, 0.3) 4
[11:58:44.874]: (-0.1, 1.7, 0.3) 4
[11:58:45.026]: (-0.1, 1.7, 0.3) 4
[11:58:45.291]: (-0.1, 1.7, 0.3) 4
[11:58:45.313]: (-0.1, 1.6, 0.3) 4
[11:58:45.559]: (-0.1, 1.7, 0.3) 4
[11:58:45.575]: (-0.1, 1.6, 0.3) 4
[11:58:45.591]: (-0.1, 1.7, 0.3) 4
[11:58:45.607]: (-0.1, 1.7, 0.3) 4
[11:58:45.623]: (-0.1, 1.7, 0.3) 4
[11:58:45.639]: (-0.1, 1.7, 0.3) 4
[11:58:45.657]: (-0.1, 1.7, 0.3) 4
[11:58:45.672]: (-0.1, 1.7, 0.3) 4
[11:58:45.689]: (-0.1, 1.7, 0.3) 4
[11:58:45.705]: (-0.1, 1.7, 0.3) 4
[11:58:45.723]: (-0.1, 1.7, 0.3) 4
[11:58:45.739]: (-0.1, 1.7, 0.3) 4
[11:58:45.754]: (-0.1, 1.7, 0.3) 4
[11:58:45.770]: (-0.1, 1.7, 0.3) 4
[11:58:45.791]: (-0.1, 1.7, 0.3) 4
[11:58:45.813]: (-0.1, 1.7, 0.3) 4
[11:58:45.836]: (-0.1, 1.7, 0.3) 4
[11:58:45.858]: (-0.1, 1.7, 0.3) 4
[11:58:45.880]: (-0.1, 1.7, 0.3) 4
[11:58:45.903]: (-0.1, 1.7, 0.3) 4
[11:58:45.924]: (-0.1, 1.6, 0.3) 4
[11:58:45.946]: (-0.1, 1.6, 0.3) 4
[11:58:45.971]: (-0.1, 1.6, 0.3) 4
[11:58:45.991]: (-0.1, 1.6, 0.3) 4
[11:58:46.170]: (-0.1, 1.4, 0.3) 2
[11:58:46.273]: (-0.1, 1.4, 0.2) 2
[11:58:47.002]: (-0.1, 1.7, 0.3) 4
[11:58:47.024]: (-0.1, 1.7, 0.3) 4
[11:58:47.068]: (-0.1, 1.7, 0.3) 4
[11:58:47.091]: (-0.1, 1.7, 0.3) 4
[11:58:47.114]: (-0.1, 1.7, 0.3) 4
[11:58:47.129]: (-0.1, 1.7, 0.3) 4
[11:58:47.145]: (-0.1, 1.7, 0.3) 4
[11:58:47.161]: (-0.1, 1.7, 0.3) 4
[11:58:47.178]: (-0.1, 1.7, 0.3) 4
[11:58:47.193]: (-0.1, 1.7, 0.3) 4
[11:58:47.208]: (-0.1, 1.7, 0.3) 4
[11:58:47.224]: (-0.1, 1.6, 0.3) 4
[11:58:47.239]: (-0.1, 1.6, 0.3) 4
[11:58:47.256]: (-0.1, 1.6, 0.3) 4
[11:58:47.271]: (-0.1, 1.6, 0.3) 4
[11:58:47.286]: (-0.1, 1.6, 0.3) 4
[11:58:47.303]: (-0.1, 1.7, 0.3) 4
[11:58:48.352]: (-0.1, 1.4, 0.2) 2
[11:58:48.383]: (-0.1, 1.4, 0.2) 2
[11:58:48.402]: (-0.1, 1.4, 0.2) 2
[11:58:48.490]: (-0.1, 1.4, 0.2) 2
[11:58:48.536]: (-0.1, 1.4, 0.2) 2
[11:58:48.557]: (-0.1, 1.4, 0.2) 2
[11:58:48.580]: (-0.1, 1.4, 0.2) 2
[11:58:48.601]: (-0.1, 1.4, 0.2) 2
[11:58:52.560]: (-0.1, 1.4, 0.2) 0
[11:58:52.576]: (-0.1, 1.5, 0.2) 1
[11:58:53.758]: (-0.1, 1.4, 0.2) 2
[11:58:53.779]: (-0.1, 1.4, 0.2) 2
[11:58:53.800]: (-0.1, 1.5, 0.3) 0
[11:58:53.821]: (-0.1, 1.5, 0.3) 0
[11:58:54.191]: (-0.1, 1.5, 0.2) 2
[11:58:54.208]: (-0.1, 1.5, 0.2) 2
[11:58:54.223]: (-0.1, 1.5, 0.2) 2
[11:58:54.239]: (-0.1, 1.4, 0.2) 2
[11:58:54.257]: (-0.1, 1.4, 0.2) 2
[11:58:54.273]: (-0.1, 1.4, 0.2) 2
[11:58:54.289]: (-0.1, 1.4, 0.2) 2
[11:58:54.304]: (-0.1, 1.5, 0.2) 2
[11:58:54.320]: (-0.1, 1.4, 0.2) 2
[11:58:54.336]: (-0.1, 1.4, 0.2) 2
[11:58:54.352]: (-0.1, 1.4, 0.2) 2
[11:58:54.369]: (-0.1, 1.4, 0.2) 2
[11:58:54.384]: (-0.1, 1.4, 0.2) 2
[11:58:54.400]: (-0.1, 1.4, 0.2) 2
[11:58:54.417]: (-0.1, 1.4, 0.2) 2
[11:58:54.433]: (-0.1, 1.4, 0.2) 2
[11:58:54.449]: (-0.1, 1.4, 0.2) 2
[11:58:54.465]: (-0.1, 1.4, 0.2) 2
[11:58:54.481]: (-0.1, 1.4, 0.2) 2
[11:58:54.496]: (-0.1, 1.4, 0.2) 2
[11:58:54.512]: (-0.1, 1.4, 0.2) 2
[11:58:57.270]: (-0.1, 1.4, 0.2) 2
[11:58:57.287]: (-0.1, 1.4, 0.2) 2
[11:58:57.303]: (-0.1, 1.4, 0.2) 2
[11:58:57.365]: (-0.1, 1.4, 0.2) 2
[11:58:57.387]: (-0.1, 1.4, 0.2) 2
[11:58:57.409]: (-0.1, 1.4, 0.2) 2
[11:58:57.432]: (-0.1, 1.4, 0.2) 2
[11:58:57.455]: (-0.1, 1.4, 0.2) 2
[11:58:57.476]: (-0.1, 1.4, 0.2) 2
[11:58:57.498]: (-0.1, 1.4, 0.2) 2
[11:58:57.520]: (-0.1, 1.4, 0.2) 2
[11:58:57.537]: (-0.1, 1.4, 0.2) 2
[11:58:57.554]: (-0.1, 1.4, 0.2) 2
[11:58:57.570]: (-0.1, 1.4, 0.2) 2
[11:58:57.587]: (-0.1, 1.4, 0.2) 2
[11:58:57.603]: (-0.1, 1.4, 0.2) 2
[11:58:57.618]: (-0.1, 1.4, 0.2) 2
[11:58:57.635]: (-0.1, 1.4, 0.2) 2
[11:58:57.651]: (-0.1, 1.4, 0.2) 2
[11:58:57.683]: (-0.1, 1.4, 0.2) 0
[11:58:57.700]: (-0.1, 1.4, 0.3) 0
[11:58:57.732]: (-0.1, 1.4, 0.2) 2
[11:58:57.748]: (-0.1, 1.4, 0.2) 2
[11:58:57.764]: (-0.1, 1.4, 0.2) 2
[11:58:57.781]: (-0.1, 1.4, 0.2) 2
[11:58:57.798]: (-0.1, 1.4, 0.2) 2
[11:58:57.815]: (-0.1, 1.4, 0.2) 2
[11:58:57.831]: (-0.1, 1.5, 0.2) 2
[11:58:57.846]: (-0.1, 1.5, 0.2) 2
[11:58:57.863]: (-0.1, 1.5, 0.2) 2
[11:58:57.879]: (-0.1, 1.5, 0.2) 2
[11:58:57.896]: (-0.1, 1.5, 0.3) 0
[11:58:57.912]: (-0.1, 1.4, 0.2) 2
[11:58:58.109]: (-0.1, 1.4, 0.2) 2
[11:58:58.132]: (-0.1, 1.4, 0.2) 2
[11:58:59.276]: (-0.1, 1.4, 0.2) 2
[11:58:59.449]: (-0.1, 1.4, 0.2) 2
[11:58:59.886]: (-0.1, 1.5, 0.2) 2
[11:59:00.130]: (-0.1, 1.5, 0.2) 2
[11:59:00.184]: (-0.1, 1.4, 0.2) 2
[11:59:00.384]: (-0.1, 1.4, 0.2) 2
[11:59:00.400]: (-0.1, 1.4, 0.2) 2
[11:59:00.432]: (-0.1, 1.5, 0.2) 2
[11:59:01.030]: (-0.1, 1.5, 0.2) 2
[11:59:01.172]: (-0.1, 1.4, 0.2) 2
[11:59:01.574]: (-0.1, 1.4, 0.2) 2
[11:59:01.618]: (-0.1, 1.5, 0.2) 2
[11:59:02.027]: (-0.1, 1.4, 0.2) 2
[11:59:02.192]: (-0.1, 1.4, 0.2) 2
[11:59:02.225]: (-0.1, 1.4, 0.2) 2
[11:59:02.240]: (-0.1, 1.4, 0.2) 2
[11:59:02.273]: (-0.1, 1.4, 0.2) 2
[11:59:02.288]: (-0.1, 1.4, 0.2) 2
[11:59:02.306]: (-0.1, 1.4, 0.2) 2
[11:59:02.330]: (-0.1, 1.4, 0.2) 2
[11:59:02.352]: (-0.1, 1.4, 0.2) 2
[11:59:02.374]: (-0.1, 1.4, 0.2) 2
[11:59:02.395]: (-0.1, 1.4, 0.2) 2
[11:59:02.419]: (-0.1, 1.5, 0.2) 2
[11:59:02.440]: (-0.1, 1.5, 0.2) 0
[11:59:02.465]: (-0.1, 1.5, 0.3) 0
[11:59:02.484]: (-0.1, 1.5, 0.3) 0
[11:59:03.151]: (-0.1, 1.4, 0.2) 2
[11:59:03.286]: (-0.1, 1.4, 0.2) 2
[11:59:03.306]: (-0.1, 1.4, 0.2) 2
[11:59:04.029]: (-0.1, 1.4, 0.2) 2
[11:59:04.162]: (-0.1, 1.4, 0.2) 2
[11:59:04.806]: (-0.1, 1.7, 0.3) 4
[11:59:04.824]: (-0.1, 1.7, 0.3) 4
[11:59:04.840]: (-0.1, 1.7, 0.3) 4
[11:59:04.862]: (-0.1, 1.7, 0.3) 4
[11:59:04.884]: (-0.1, 1.7, 0.3) 4
[11:59:04.906]: (-0.1, 1.7, 0.3) 4
[11:59:07.838]: (-0.1, 1.4, 0.2) 2
[11:59:07.904]: (-0.1, 1.4, 0.2) 2
[11:59:07.950]: (-0.1, 1.4, 0.2) 2
[11:59:07.966]: (-0.1, 1.4, 0.2) 2
[11:59:08.057]: (-0.1, 1.4, 0.2) 2
[11:59:08.073]: (-0.1, 1.4, 0.2) 2
[11:59:08.089]: (-0.1, 1.4, 0.2) 2
[11:59:08.105]: (-0.1, 1.4, 0.2) 2
[11:59:08.120]: (-0.1, 1.4, 0.2) 2
[11:59:08.136]: (-0.1, 1.4, 0.2) 2
[11:59:08.152]: (-0.1, 1.5, 0.2) 0
[11:59:08.169]: (-0.1, 1.4, 0.2) 2
[11:59:08.186]: (-0.1, 1.4, 0.2) 2
[11:59:08.247]: (0.0, 1.7, 0.3) 4
[11:59:08.272]: (0.0, 1.7, 0.3) 4
[11:59:08.294]: (0.0, 1.7, 0.3) 4
[11:59:08.315]: (0.0, 1.7, 0.3) 4
[11:59:08.560]: (0.0, 1.7, 0.3) 4
[11:59:08.582]: (0.0, 1.7, 0.3) 4
[11:59:08.606]: (0.0, 1.7, 0.3) 4
[11:59:08.626]: (0.0, 1.7, 0.3) 4
[11:59:08.648]: (0.0, 1.7, 0.3) 4
[11:59:08.672]: (0.0, 1.7, 0.3) 4
[11:59:08.693]: (0.0, 1.7, 0.3) 4
[11:59:08.715]: (0.0, 1.7, 0.3) 4
[11:59:08.740]: (0.0, 1.7, 0.3) 4
[11:59:08.757]: (0.0, 1.7, 0.3) 4
[11:59:08.774]: (0.0, 1.7, 0.3) 4
[11:59:08.790]: (0.0, 1.7, 0.3) 4
[11:59:08.806]: (0.0, 1.7, 0.3) 4
[11:59:08.821]: (0.0, 1.7, 0.3) 4
[11:59:08.837]: (0.0, 1.7, 0.3) 4
[11:59:08.854]: (0.0, 1.7, 0.3) 4
[11:59:08.874]: (0.0, 1.7, 0.3) 4
[11:59:08.890]: (0.0, 1.7, 0.3) 4
[11:59:08.905]: (0.0, 1.7, 0.3) 4
[11:59:08.920]: (0.0, 1.7, 0.3) 4
[11:59:08.936]: (0.0, 1.7, 0.3) 4
[11:59:08.951]: (0.0, 1.7, 0.3) 4
[11:59:09.205]: (-0.1, 1.5, 0.2) 2
[11:59:09.226]: (-0.1, 1.5, 0.2) 2
[11:59:09.248]: (-0.1, 1.5, 0.2) 2
[11:59:09.272]: (-0.1, 1.5, 0.3) 0
[11:59:09.292]: (-0.1, 1.5, 0.3) 0
[11:59:09.315]: (-0.1, 1.5, 0.2) 2
[11:59:09.338]: (-0.1, 1.5, 0.2) 2
[11:59:09.360]: (-0.1, 1.5, 0.2) 2
[11:59:09.382]: (-0.1, 1.5, 0.3) 0
[11:59:09.792]: (-0.1, 1.5, 0.2) 2
[11:59:09.807]: (-0.1, 1.4, 0.2) 2
[11:59:09.823]: (-0.1, 1.4, 0.2) 2
[11:59:09.839]: (-0.1, 1.4, 0.2) 2
[11:59:10.059]: (-0.1, 1.4, 0.2) 2
[11:59:10.081]: (-0.1, 1.4, 0.2) 2
[11:59:10.104]: (-0.1, 1.4, 0.2) 2
[11:59:10.126]: (-0.1, 1.4, 0.2) 2
[11:59:10.170]: (-0.1, 1.4, 0.2) 2
[11:59:10.904]: (-0.1, 1.4, 0.2) 2
[11:59:10.926]: (-0.1, 1.4, 0.2) 2
[11:59:10.947]: (-0.1, 1.4, 0.2) 2
[11:59:10.971]: (-0.1, 1.4, 0.2) 2
[11:59:10.991]: (-0.1, 1.4, 0.2) 2
[11:59:11.014]: (-0.1, 1.4, 0.2) 2
[11:59:11.037]: (-0.1, 1.5, 0.2) 2
[11:59:11.084]: (-0.1, 1.4, 0.2) 2
[11:59:11.103]: (-0.1, 1.4, 0.2) 2
[11:59:11.125]: (-0.1, 1.4, 0.2) 2
[11:59:11.149]: (-0.1, 1.4, 0.2) 2
[11:59:11.170]: (-0.1, 1.4, 0.2) 2
[11:59:11.192]: (-0.1, 1.4, 0.2) 2
[11:59:11.216]: (-0.1, 1.4, 0.2) 2
[11:59:11.237]: (-0.1, 1.5, 0.2) 2
[11:59:11.260]: (-0.1, 1.5, 0.2) 2
[11:59:11.281]: (-0.1, 1.5, 0.2) 2
[11:59:11.303]: (-0.1, 1.5, 0.2) 2
[11:59:11.325]: (-0.1, 1.5, 0.2) 2
[11:59:11.341]: (-0.1, 1.5, 0.2) 2
[11:59:11.358]: (-0.1, 1.5, 0.2) 2
[11:59:11.374]: (-0.1, 1.5, 0.2) 2
[11:59:11.390]: (-0.1, 1.5, 0.2) 2
[11:59:11.407]: (-0.1, 1.5, 0.2) 2
[11:59:11.423]: (-0.1, 1.5, 0.2) 2
[11:59:11.440]: (-0.1, 1.5, 0.2) 2
[11:59:11.457]: (-0.1, 1.5, 0.2) 2
[11:59:11.473]: (-0.1, 1.5, 0.2) 2
[11:59:11.490]: (-0.1, 1.5, 0.2) 2
[11:59:11.505]: (-0.1, 1.5, 0.2) 2
[11:59:11.523]: (-0.1, 1.5, 0.2) 2
[11:59:11.538]: (-0.1, 1.5, 0.2) 2
[11:59:11.556]: (-0.1, 1.5, 0.2) 2
[11:59:11.574]: (-0.1, 1.5, 0.2) 2
[11:59:11.591]: (-0.1, 1.5, 0.2) 2
[11:59:11.607]: (-0.1, 1.5, 0.2) 2
[11:59:11.623]: (-0.1, 1.5, 0.2) 2
[11:59:11.640]: (-0.1, 1.5, 0.2) 2
[11:59:11.656]: (-0.1, 1.5, 0.2) 2
[11:59:11.672]: (-0.1, 1.5, 0.2) 2
[11:59:11.687]: (-0.1, 1.5, 0.2) 2
[11:59:11.702]: (-0.1, 1.5, 0.2) 2
[11:59:11.718]: (-0.1, 1.5, 0.2) 2
[11:59:11.735]: (-0.1, 1.5, 0.2) 2
[11:59:11.750]: (-0.1, 1.5, 0.2) 2
[11:59:11.765]: (-0.1, 1.5, 0.2) 2
[11:59:11.783]: (-0.1, 1.5, 0.2) 2
[11:59:11.804]: (-0.1, 1.4, 0.2) 2
[11:59:11.825]: (-0.1, 1.4, 0.2) 2
[11:59:11.847]: (-0.1, 1.4, 0.2) 2
[11:59:11.870]: (-0.1, 1.5, 0.2) 2
[11:59:11.892]: (-0.1, 1.4, 0.2) 2
[11:59:11.915]: (-0.1, 1.4, 0.2) 2
[11:59:11.938]: (-0.1, 1.4, 0.2) 2
[11:59:11.958]: (-0.1, 1.4, 0.2) 2
[11:59:11.981]: (-0.1, 1.4, 0.2) 2
[11:59:12.003]: (-0.1, 1.4, 0.2) 2
[11:59:12.025]: (-0.1, 1.4, 0.2) 2
[11:59:12.047]: (-0.2, 1.4, 0.2) 2
[11:59:12.069]: (-0.2, 1.4, 0.2) 2
[11:59:12.091]: (-0.1, 1.4, 0.2) 2
[11:59:12.115]: (-0.1, 1.4, 0.2) 2
[11:59:12.136]: (-0.1, 1.4, 0.2) 2
[11:59:12.158]: (-0.1, 1.4, 0.2) 2
[11:59:12.180]: (-0.1, 1.4, 0.2) 2
[11:59:12.204]: (-0.1, 1.4, 0.2) 2
[11:59:12.226]: (-0.1, 1.4, 0.2) 2
[11:59:12.242]: (-0.1, 1.4, 0.2) 2
[11:59:12.257]: (-0.1, 1.4, 0.2) 2
[11:59:12.273]: (-0.1, 1.4, 0.2) 2
[11:59:12.290]: (-0.2, 1.4, 0.2) 2
[11:59:12.305]: (-0.2, 1.4, 0.2) 2
[11:59:12.322]: (-0.2, 1.4, 0.2) 2
[11:59:12.338]: (-0.2, 1.4, 0.2) 2
[11:59:12.353]: (-0.2, 1.4, 0.2) 2
[11:59:12.369]: (-0.2, 1.4, 0.2) 2
[11:59:12.384]: (-0.2, 1.4, 0.2) 2
[11:59:12.400]: (-0.2, 1.4, 0.2) 2
[11:59:12.415]: (-0.2, 1.4, 0.2) 2
[11:59:12.432]: (-0.1, 1.4, 0.2) 2
[11:59:12.447]: (-0.1, 1.4, 0.2) 2
[11:59:12.465]: (-0.1, 1.4, 0.2) 2
[11:59:12.483]: (-0.1, 1.4, 0.2) 2
[11:59:12.499]: (-0.1, 1.4, 0.2) 2
[11:59:12.515]: (-0.1, 1.4, 0.2) 2
[11:59:12.531]: (-0.1, 1.4, 0.2) 2
[11:59:12.547]: (-0.1, 1.4, 0.2) 2
[11:59:12.563]: (-0.1, 1.5, 0.2) 2
[11:59:12.594]: (0.0, 1.7, 0.3) 4
[11:59:12.781]: (0.0, 1.7, 0.3) 4
[11:59:12.803]: (0.0, 1.7, 0.3) 4
[11:59:12.825]: (0.0, 1.7, 0.3) 4
[11:59:12.847]: (0.0, 1.7, 0.3) 4
[11:59:12.869]: (0.0, 1.7, 0.3) 4
[11:59:12.891]: (0.0, 1.7, 0.3) 4
[11:59:12.914]: (0.0, 1.7, 0.3) 4
[11:59:12.937]: (0.0, 1.7, 0.3) 4
[11:59:12.959]: (0.0, 1.7, 0.3) 4
[11:59:12.980]: (0.0, 1.7, 0.3) 4
[11:59:13.003]: (0.0, 1.7, 0.3) 4
[11:59:13.025]: (0.0, 1.7, 0.3) 4
[11:59:13.047]: (0.0, 1.7, 0.3) 4
[11:59:13.069]: (0.0, 1.7, 0.3) 4
[11:59:13.092]: (0.0, 1.7, 0.3) 4
[11:59:13.113]: (0.0, 1.7, 0.3) 4
[11:59:13.128]: (0.0, 1.7, 0.3) 4
[11:59:13.144]: (0.0, 1.7, 0.3) 4
[11:59:13.160]: (0.0, 1.7, 0.3) 4
[11:59:13.176]: (0.0, 1.7, 0.3) 4
[11:59:13.192]: (0.0, 1.7, 0.3) 4
[11:59:13.208]: (0.0, 1.7, 0.3) 4
[11:59:13.225]: (-0.1, 1.7, 0.3) 4
[11:59:14.103]: (-0.1, 1.4, 0.2) 2
[11:59:14.275]: (-0.1, 1.4, 0.2) 2
[11:59:14.292]: (-0.1, 1.4, 0.2) 2
[11:59:14.308]: (-0.1, 1.5, 0.2) 2
[11:59:14.747]: (-0.1, 1.5, 0.2) 2
[11:59:14.769]: (-0.1, 1.5, 0.2) 2
[11:59:14.791]: (-0.1, 1.5, 0.2) 2
[11:59:14.815]: (-0.1, 1.5, 0.2) 2
[11:59:14.837]: (-0.1, 1.5, 0.2) 2
[11:59:14.858]: (-0.1, 1.5, 0.2) 2
[11:59:14.881]: (-0.1, 1.5, 0.2) 2
[11:59:14.904]: (-0.1, 1.5, 0.2) 2
[11:59:14.925]: (-0.1, 1.5, 0.2) 2
[11:59:14.941]: (-0.1, 1.5, 0.2) 2
[11:59:14.960]: (-0.1, 1.5, 0.2) 2
[11:59:14.977]: (-0.1, 1.5, 0.2) 2
[11:59:14.995]: (-0.1, 1.5, 0.2) 2
[11:59:15.012]: (-0.1, 1.5, 0.2) 2
[11:59:15.030]: (-0.1, 1.5, 0.2) 2
[11:59:15.047]: (-0.1, 1.5, 0.2) 2
[11:59:15.063]: (-0.1, 1.5, 0.2) 2
[11:59:15.081]: (-0.1, 1.5, 0.2) 2
[11:59:15.097]: (-0.1, 1.5, 0.2) 2
[11:59:15.113]: (-0.1, 1.5, 0.2) 2
[11:59:15.132]: (-0.1, 1.5, 0.2) 2
[11:59:15.149]: (-0.1, 1.5, 0.2) 2
[11:59:15.165]: (-0.1, 1.5, 0.2) 2
[11:59:15.182]: (-0.1, 1.5, 0.2) 2
[11:59:15.199]: (-0.1, 1.5, 0.2) 2
[11:59:15.836]: (-0.1, 1.4, 0.2) 2
[11:59:15.852]: (-0.1, 1.4, 0.2) 2
[11:59:15.868]: (-0.1, 1.4, 0.2) 2
[11:59:15.883]: (-0.1, 1.4, 0.2) 2
[11:59:15.900]: (-0.1, 1.4, 0.2) 2
[11:59:15.916]: (-0.1, 1.4, 0.2) 2
[11:59:15.931]: (-0.1, 1.4, 0.2) 2
[11:59:15.947]: (-0.1, 1.4, 0.2) 2
[11:59:15.963]: (-0.1, 1.4, 0.2) 2
[11:59:15.980]: (-0.1, 1.4, 0.2) 2
[11:59:15.995]: (-0.1, 1.4, 0.2) 2
[11:59:16.011]: (-0.1, 1.4, 0.2) 2
[11:59:16.057]: (-0.1, 1.4, 0.2) 2
[11:59:16.281]: (0.0, 1.6, 0.3) 4
[11:59:16.302]: (-0.1, 1.7, 0.3) 4
[11:59:16.324]: (-0.1, 1.7, 0.3) 4
[11:59:16.347]: (0.0, 1.7, 0.3) 4
[11:59:16.370]: (-0.1, 1.7, 0.3) 4
[11:59:16.391]: (-0.1, 1.7, 0.3) 4
[11:59:16.415]: (-0.1, 1.7, 0.3) 4
[11:59:16.435]: (-0.1, 1.7, 0.3) 4
[11:59:16.457]: (-0.1, 1.7, 0.3) 4
[11:59:16.481]: (-0.1, 1.7, 0.3) 4
[11:59:16.502]: (-0.1, 1.7, 0.3) 4
[11:59:16.524]: (-0.1, 1.7, 0.3) 4
[11:59:16.548]: (-0.1, 1.7, 0.3) 4
[11:59:16.569]: (-0.1, 1.7, 0.3) 4
[11:59:16.591]: (0.0, 1.7, 0.3) 4
[11:59:16.613]: (0.0, 1.7, 0.3) 4
[11:59:16.635]: (0.0, 1.7, 0.3) 4
[11:59:16.658]: (0.0, 1.7, 0.3) 4
[11:59:16.680]: (0.0, 1.7, 0.3) 4
[11:59:16.696]: (0.0, 1.7, 0.3) 4
[11:59:16.714]: (0.0, 1.7, 0.3) 4
[11:59:16.732]: (-0.1, 1.7, 0.3) 4
[11:59:16.822]: (-0.1, 1.7, 0.3) 4
[11:59:16.838]: (-0.1, 1.7, 0.3) 4
[11:59:16.854]: (-0.1, 1.7, 0.3) 4
[11:59:16.996]: (-0.1, 1.7, 0.3) 4
[11:59:17.027]: (-0.1, 1.7, 0.3) 4
[11:59:17.171]: (-0.1, 1.7, 0.3) 4
[11:59:17.346]: (-0.1, 1.7, 0.3) 4
[11:59:17.368]: (-0.1, 1.7, 0.3) 4
[11:59:17.390]: (-0.1, 1.7, 0.3) 4
[11:59:17.413]: (-0.1, 1.7, 0.3) 4
[11:59:17.435]: (-0.1, 1.7, 0.3) 4
[11:59:17.457]: (-0.1, 1.7, 0.3) 4
[11:59:17.481]: (-0.1, 1.7, 0.3) 4
[11:59:17.501]: (-0.1, 1.7, 0.3) 4
[11:59:17.523]: (-0.1, 1.7, 0.3) 4
[11:59:17.539]: (-0.1, 1.7, 0.3) 4
[11:59:17.556]: (-0.1, 1.7, 0.3) 4
[11:59:17.574]: (-0.1, 1.7, 0.3) 4
[11:59:17.590]: (-0.1, 1.7, 0.3) 4
[11:59:17.605]: (-0.1, 1.7, 0.3) 4
[11:59:17.621]: (-0.1, 1.7, 0.3) 4
[11:59:17.639]: (-0.1, 1.7, 0.3) 4
[11:59:17.655]: (-0.1, 1.7, 0.3) 4
[11:59:17.672]: (-0.1, 1.7, 0.3) 4
[11:59:17.689]: (-0.1, 1.7, 0.3) 4
[11:59:17.721]: (-0.1, 1.7, 0.3) 4
[11:59:17.813]: (-0.1, 1.7, 0.3) 4
[11:59:17.947]: (-0.1, 1.7, 0.3) 4
[11:59:17.968]: (-0.1, 1.7, 0.3) 4
[11:59:17.990]: (-0.1, 1.7, 0.3) 4
[11:59:18.012]: (-0.1, 1.7, 0.3) 4
[11:59:18.035]: (-0.1, 1.7, 0.3) 4
[11:59:18.056]: (-0.1, 1.7, 0.3) 4
[11:59:18.078]: (-0.1, 1.7, 0.3) 4
[11:59:18.101]: (-0.1, 1.7, 0.3) 4
[11:59:18.124]: (-0.1, 1.7, 0.3) 4
