[12:11:22.344]: (-2.8, -0.9, 0.0) 9
[12:11:22.786]: (-3.2, -1.4, 0.0) 12
[12:11:23.402]: (-2.9, -1.6, 0.1) 13
[12:11:26.594]: (-3.2, -1.5, -0.1) 12
[12:11:34.000]: (-0.6, 0.6, 5.0) 31
[12:11:34.037]: (-0.3, 0.8, 3.6) 13
[12:11:34.061]: (-0.3, 0.8, 3.6) 13
[12:11:34.472]: (0.2, 1.7, 3.5) 13
[12:11:34.494]: (0.2, 1.7, 3.5) 13
[12:11:35.035]: (-0.1, 1.7, 4.9) 31
[12:11:35.057]: (-0.1, 1.8, 4.9) 31
[12:11:35.177]: (0.0, 1.8, 5.0) 30
[12:11:35.199]: (-0.1, 1.8, 4.9) 31
[12:11:35.224]: (-0.1, 1.8, 4.9) 31
[12:11:35.305]: (-0.2, 1.6, 3.6) 12
[12:11:35.527]: (0.9, 1.4, 3.9) 17
[12:11:35.559]: (0.8, 1.5, 3.8) 17
[12:11:35.574]: (0.8, 1.4, 3.8) 17
[12:11:35.591]: (0.9, 1.4, 3.8) 17
[12:11:35.608]: (0.5, 1.3, 2.8) 8
[12:11:35.625]: (0.5, 1.3, 2.8) 8
[12:11:35.761]: (0.5, 1.3, 2.8) 8
[12:11:35.781]: (0.3, 1.3, 2.0) 41
[12:11:35.797]: (0.3, 1.3, 1.9) 41
[12:11:35.816]: (0.3, 1.3, 1.9) 41
[12:11:36.542]: (0.8, 1.3, 3.9) 17
[12:11:36.565]: (0.8, 1.3, 3.9) 17
[12:11:36.587]: (0.8, 1.3, 3.8) 17
[12:11:36.611]: (0.8, 1.3, 3.9) 17
[12:11:36.633]: (0.9, 1.3, 3.9) 17
[12:11:37.437]: (0.5, 1.0, 2.8) 8
[12:11:37.471]: (0.6, 1.0, 3.6) 18
[12:11:37.504]: (0.6, 1.0, 3.6) 18
[12:11:37.571]: (0.4, 1.0, 2.8) 8
[12:11:37.737]: (0.2, 1.0, 2.0) 41
[12:11:37.758]: (0.5, 1.0, 2.8) 8
[12:11:37.781]: (0.5, 1.0, 2.8) 8
[12:11:37.804]: (0.5, 1.0, 2.8) 8
[12:11:37.825]: (0.5, 1.0, 2.8) 8
[12:11:37.849]: (0.5, 1.0, 2.8) 8
[12:11:37.870]: (0.2, 1.0, 2.0) 41
[12:11:37.892]: (0.3, 1.0, 1.9) 41
[12:11:37.915]: (0.3, 1.0, 1.9) 41
[12:11:37.936]: (0.3, 1.0, 1.9) 41
[12:11:37.959]: (0.3, 1.0, 1.9) 41
[12:11:37.981]: (0.3, 1.0, 1.9) 41
[12:11:38.003]: (0.3, 1.0, 1.9) 41
[12:11:38.026]: (0.3, 1.0, 1.9) 41
[12:11:38.069]: (0.7, 1.0, 1.5) 1
[12:11:38.115]: (1.6, 0.8, 2.3) 15
[12:11:38.136]: (1.6, 0.8, 2.3) 15
[12:11:38.160]: (1.6, 0.8, 2.3) 15
[12:11:38.203]: (1.6, 0.7, 2.3) 15
[12:11:38.226]: (0.8, 1.0, 1.2) 2
[12:11:38.336]: (1.8, 0.8, 2.7) 19
[12:11:38.494]: (1.6, 0.8, 1.8) 4
[12:11:38.541]: (1.6, 0.8, 1.9) 4
[12:11:38.586]: (1.6, 0.8, 1.9) 4
[12:11:38.610]: (1.5, 0.8, 1.8) 3
[12:11:38.628]: (1.6, 0.8, 1.8) 4
[12:11:38.650]: (1.6, 0.8, 1.9) 4
[12:11:38.673]: (1.5, 0.8, 1.9) 3
[12:11:38.696]: (1.5, 0.8, 1.9) 3
[12:11:38.717]: (1.5, 0.8, 1.9) 3
[12:11:38.740]: (1.5, 0.9, 1.9) 3
[12:11:38.762]: (1.5, 0.9, 1.9) 3
[12:11:38.785]: (2.0, 0.7, 2.6) 20
[12:11:38.806]: (2.5, 0.6, 2.8) 38
[12:11:38.896]: (2.6, 0.7, 2.8) 38
[12:11:38.918]: (2.5, 0.7, 2.8) 38
[12:11:38.938]: (2.5, 0.7, 2.8) 38
[12:11:38.961]: (2.5, 0.7, 2.8) 38
[12:11:38.984]: (2.5, 0.7, 2.8) 38
[12:11:39.001]: (2.5, 0.7, 2.8) 38
[12:11:39.016]: (2.5, 0.7, 2.8) 38
[12:11:39.033]: (2.5, 0.7, 2.8) 38
[12:11:39.050]: (2.5, 0.7, 2.8) 38
[12:11:39.067]: (2.5, 0.7, 2.8) 38
[12:11:39.083]: (2.5, 0.7, 2.8) 38
[12:11:39.100]: (2.5, 0.7, 2.8) 38
[12:11:39.117]: (2.6, 0.7, 2.9) 39
[12:11:39.133]: (2.6, 0.7, 2.9) 39
[12:11:39.150]: (2.6, 0.7, 2.9) 39
[12:11:39.166]: (2.6, 0.7, 2.9) 39
[12:11:39.182]: (2.6, 0.7, 2.9) 39
[12:11:39.199]: (2.5, 0.7, 2.8) 38
[12:11:39.218]: (2.6, 0.7, 2.9) 39
[12:11:39.236]: (2.6, 0.7, 2.9) 39
[12:11:40.193]: (1.8, 0.8, 2.7) 19
[12:11:40.211]: (1.8, 0.8, 2.7) 19
[12:11:40.227]: (1.8, 0.8, 2.7) 19
[12:11:41.877]: (0.6, 1.1, 4.1) 16
[12:11:42.506]: (0.6, 1.0, 3.6) 18
[12:11:43.190]: (0.5, 1.0, 2.8) 8
[12:11:43.213]: (0.6, 1.1, 3.6) 18
[12:11:43.907]: (0.7, 0.8, 4.0) 16
[12:11:43.929]: (0.7, 0.8, 4.0) 16
[12:11:43.950]: (0.7, 0.8, 4.1) 16
[12:11:44.484]: (0.0, 0.8, 5.0) 30
[12:11:44.501]: (0.0, 0.8, 5.0) 30
[12:11:44.518]: (-0.1, 0.8, 5.1) 30
[12:11:44.535]: (-0.1, 0.8, 5.1) 30
[12:11:47.115]: (-0.7, 0.9, 4.7) 25
[12:11:47.446]: (0.1, 0.8, 3.5) 13
[12:11:48.080]: (0.4, 0.8, 2.8) 6
[12:11:48.096]: (0.3, 0.8, 2.7) 7
[12:11:48.161]: (0.3, 0.8, 2.7) 7
[12:11:48.177]: (0.3, 0.8, 2.7) 7
[12:11:48.199]: (0.3, 0.8, 2.7) 7
[12:11:48.311]: (0.4, 0.8, 2.8) 6
[12:11:48.334]: (0.7, 0.7, 4.0) 16
[12:11:48.378]: (0.7, 0.7, 4.0) 16
[12:11:48.398]: (0.7, 0.7, 4.0) 16
[12:11:48.421]: (0.7, 0.7, 4.0) 16
[12:11:48.443]: (0.7, 0.8, 4.0) 16
[12:11:48.467]: (0.7, 0.8, 4.0) 16
[12:11:48.555]: (0.7, 0.8, 4.0) 16
[12:11:48.577]: (0.7, 0.8, 4.0) 16
[12:11:48.644]: (0.8, 0.8, 4.0) 16
[12:11:48.682]: (0.8, 0.8, 4.0) 16
[12:11:48.841]: (0.0, 0.8, 4.9) 31
[12:11:48.873]: (0.0, 0.8, 4.9) 31
[12:11:48.888]: (0.0, 0.8, 4.9) 31
[12:11:48.919]: (0.0, 0.8, 4.9) 31
[12:11:48.937]: (0.0, 0.8, 4.9) 31
[12:11:48.952]: (0.0, 0.8, 5.1) 30
[12:11:48.968]: (0.0, 0.8, 5.0) 30
[12:11:48.985]: (0.0, 0.8, 5.0) 30
[12:11:49.002]: (0.0, 0.8, 4.9) 31
[12:11:49.020]: (0.0, 0.8, 5.0) 31
[12:11:49.040]: (0.0, 0.7, 5.1) 30
[12:11:49.058]: (0.0, 0.8, 4.9) 31
[12:11:49.077]: (0.0, 0.8, 4.9) 31
[12:11:49.095]: (0.0, 0.8, 5.0) 30
[12:11:49.112]: (0.0, 0.8, 5.0) 30
[12:11:49.133]: (-0.1, 0.8, 5.0) 30
[12:11:49.155]: (0.0, 0.8, 4.9) 31
[12:11:49.288]: (-0.6, 0.8, 4.6) 24
[12:11:49.332]: (-0.5, 1.0, 2.8) 10
[12:11:49.355]: (-0.5, 1.0, 2.8) 10
[12:11:49.925]: (0.7, 0.7, 4.0) 16
[12:11:49.941]: (0.5, 0.9, 2.8) 8
[12:11:49.959]: (0.7, 0.8, 3.6) 18
[12:11:49.978]: (0.7, 0.7, 3.6) 18
[12:11:49.993]: (0.4, 0.8, 2.8) 6
[12:11:50.009]: (0.7, 0.8, 3.6) 18
[12:11:50.054]: (0.7, 0.7, 3.6) 18
[12:11:50.076]: (0.7, 0.8, 3.6) 18
[12:11:50.099]: (0.7, 0.8, 3.6) 18
[12:11:50.121]: (0.7, 0.8, 3.6) 18
[12:11:50.145]: (0.7, 0.8, 3.6) 18
[12:11:50.164]: (0.7, 0.8, 3.6) 18
[12:11:50.187]: (0.7, 0.8, 3.6) 18
[12:11:50.210]: (0.7, 0.8, 3.6) 18
[12:11:50.231]: (0.7, 0.8, 3.5) 18
[12:11:50.254]: (0.7, 0.8, 3.6) 18
[12:11:50.509]: (0.9, 0.7, 3.9) 17
[12:11:50.558]: (0.9, 0.7, 3.9) 17
[12:11:50.576]: (0.9, 0.8, 3.8) 17
[12:11:50.593]: (0.9, 0.8, 3.8) 17
[12:11:50.611]: (0.9, 0.8, 3.8) 17
[12:11:50.628]: (0.9, 0.8, 3.8) 17
[12:11:50.660]: (0.7, 0.8, 3.5) 18
[12:11:50.876]: (0.8, 0.9, 1.1) 2
[12:11:50.893]: (1.5, 0.7, 1.8) 5
[12:11:50.909]: (1.5, 0.7, 1.8) 3
[12:11:50.925]: (1.1, 0.9, 1.4) 0
[12:11:50.942]: (1.5, 0.7, 1.9) 3
[12:11:51.010]: (1.0, 0.9, 1.4) 0
[12:11:51.165]: (1.7, 0.7, 2.3) 15
[12:11:51.187]: (1.7, 0.7, 2.3) 15
[12:11:51.276]: (1.7, 0.7, 2.2) 15
[12:11:51.298]: (1.5, 0.8, 1.8) 3
[12:11:51.321]: (1.7, 0.7, 2.2) 15
[12:11:51.343]: (1.7, 0.7, 2.2) 15
[12:11:51.364]: (1.7, 0.7, 2.2) 15
[12:11:51.383]: (1.7, 0.7, 2.2) 15
[12:11:51.398]: (1.7, 0.7, 2.2) 15
[12:11:51.416]: (1.7, 0.7, 2.2) 15
[12:11:51.431]: (1.7, 0.7, 2.2) 15
[12:11:51.448]: (1.7, 0.7, 2.2) 15
[12:11:51.464]: (1.7, 0.7, 2.2) 15
[12:11:51.481]: (1.7, 0.7, 2.2) 15
[12:11:51.497]: (1.7, 0.7, 2.3) 15
[12:11:51.515]: (0.8, 0.9, 1.5) 1
[12:11:51.531]: (0.8, 0.9, 1.5) 1
[12:11:51.547]: (0.8, 0.9, 1.5) 1
[12:11:51.598]: (0.8, 0.9, 1.5) 1
[12:11:51.617]: (0.8, 0.9, 1.5) 1
[12:11:51.635]: (0.8, 0.9, 1.5) 1
[12:11:51.651]: (0.8, 0.9, 1.5) 1
[12:11:51.666]: (0.8, 0.9, 1.5) 1
[12:11:51.684]: (0.8, 0.9, 1.5) 1
[12:11:51.700]: (0.8, 0.9, 1.5) 1
[12:11:51.718]: (0.8, 0.9, 1.5) 1
[12:11:51.780]: (2.0, 0.7, 2.6) 19
[12:11:51.797]: (2.6, 0.6, 2.7) 38
[12:11:53.300]: (2.0, 0.7, 2.6) 19
[12:11:54.586]: (0.7, 0.8, 4.0) 16
[12:11:54.608]: (0.7, 0.8, 4.0) 16
[12:11:54.631]: (0.7, 0.8, 4.0) 16
[12:11:54.652]: (0.7, 0.8, 4.0) 16
[12:11:54.697]: (0.7, 0.8, 3.6) 18
[12:11:54.785]: (0.7, 0.8, 3.6) 18
[12:11:54.811]: (0.7, 0.7, 3.6) 18
[12:11:54.831]: (0.7, 0.7, 3.6) 18
[12:11:54.853]: (0.7, 0.8, 3.6) 18
[12:11:54.911]: (0.7, 0.8, 3.6) 18
[12:11:54.927]: (0.7, 0.8, 3.6) 18
[12:11:54.944]: (0.7, 0.8, 3.6) 18
[12:11:54.962]: (0.7, 0.8, 3.6) 18
[12:11:54.978]: (0.7, 0.8, 3.6) 18
[12:11:54.995]: (0.7, 0.8, 3.6) 18
[12:11:55.013]: (0.7, 0.8, 3.6) 18
[12:11:55.029]: (0.7, 0.8, 3.5) 18
[12:11:55.046]: (0.7, 0.8, 3.6) 18
[12:11:55.061]: (0.7, 0.8, 3.6) 18
[12:11:55.077]: (0.7, 0.8, 4.0) 16
[12:11:55.172]: (0.7, 0.8, 4.0) 16
[12:11:55.189]: (0.7, 0.8, 4.0) 16
[12:11:55.205]: (0.7, 0.8, 4.0) 16
[12:11:55.420]: (0.7, 0.8, 4.0) 16
[12:11:55.440]: (0.7, 0.8, 4.0) 16
[12:11:55.462]: (0.7, 0.8, 4.0) 16
[12:11:55.486]: (0.7, 0.8, 4.0) 16
[12:11:55.507]: (0.7, 0.8, 4.0) 16
[12:11:55.531]: (0.7, 0.8, 4.0) 16
[12:11:55.551]: (0.4, 0.8, 2.8) 6
[12:11:56.273]: (1.5, 0.7, 2.4) 14
[12:11:56.296]: (1.5, 0.7, 2.4) 14
[12:11:56.321]: (1.5, 0.7, 2.4) 14
[12:11:56.341]: (1.5, 0.7, 2.4) 14
[12:11:56.364]: (1.5, 0.7, 2.4) 14
[12:11:56.386]: (1.5, 0.7, 2.4) 14
[12:11:56.408]: (1.5, 0.7, 2.4) 14
[12:11:56.430]: (1.5, 0.7, 2.4) 14
[12:11:56.452]: (1.5, 0.7, 2.4) 14
[12:11:56.474]: (1.5, 0.7, 2.4) 14
[12:11:56.497]: (1.5, 0.7, 2.4) 14
[12:11:56.519]: (1.5, 0.7, 2.4) 14
[12:11:56.541]: (1.5, 0.7, 2.4) 14
[12:11:56.564]: (1.5, 0.7, 2.4) 14
[12:11:56.584]: (1.5, 0.7, 2.4) 14
[12:11:56.652]: (2.0, 0.7, 2.5) 20
[12:11:56.670]: (1.7, 0.7, 1.8) 4
[12:11:56.686]: (1.7, 0.7, 1.8) 4
[12:11:56.704]: (1.7, 0.8, 1.8) 4
[12:11:56.721]: (1.7, 0.8, 1.8) 4
[12:11:56.736]: (1.6, 0.7, 1.8) 4
[12:11:56.753]: (1.7, 0.8, 1.8) 4
[12:11:56.784]: (1.7, 0.7, 1.8) 4
[12:11:56.802]: (1.7, 0.8, 1.8) 4
[12:11:56.821]: (1.7, 0.8, 1.8) 4
[12:11:56.841]: (1.7, 0.8, 1.8) 4
[12:11:56.857]: (1.7, 0.8, 1.8) 4
[12:11:56.875]: (1.7, 0.8, 1.8) 4
[12:11:56.908]: (1.6, 0.7, 1.8) 4
[12:11:56.954]: (2.5, 0.5, 2.8) 37
[12:11:57.080]: (0.8, 0.9, 1.5) 1
[12:11:57.097]: (0.8, 0.9, 1.5) 1
[12:11:57.119]: (0.8, 0.9, 1.5) 1
[12:11:57.141]: (1.9, 0.6, 2.6) 19
[12:11:57.163]: (1.7, 0.7, 2.2) 15
[12:11:57.186]: (1.7, 0.7, 2.2) 15
[12:11:57.208]: (1.7, 0.7, 2.2) 15
[12:11:57.229]: (1.7, 0.7, 2.2) 15
[12:11:57.252]: (1.7, 0.7, 2.2) 15
[12:11:57.274]: (1.7, 0.7, 2.2) 15
[12:11:57.297]: (1.7, 0.7, 2.2) 15
[12:11:57.319]: (1.7, 0.7, 2.2) 15
[12:11:57.343]: (1.7, 0.7, 2.2) 15
[12:11:57.362]: (1.7, 0.7, 2.2) 15
[12:11:57.385]: (1.7, 0.7, 2.2) 15
[12:11:57.408]: (1.7, 0.7, 2.2) 15
[12:11:57.429]: (1.7, 0.7, 2.2) 15
[12:11:57.474]: (1.1, 0.9, 1.4) 0
[12:11:57.554]: (2.1, 0.7, 2.5) 20
[12:11:57.569]: (2.1, 0.7, 2.5) 20
[12:11:57.586]: (2.1, 0.7, 2.5) 20
[12:11:57.741]: (2.6, 0.6, 2.7) 38
[12:11:57.758]: (2.6, 0.6, 2.7) 38
[12:11:57.775]: (2.6, 0.6, 2.7) 38
[12:11:57.792]: (2.6, 0.6, 2.7) 38
[12:11:57.844]: (2.6, 0.5, 2.7) 38
[12:11:57.859]: (2.6, 0.5, 2.7) 38
[12:11:57.875]: (2.6, 0.6, 2.7) 38
[12:11:57.893]: (2.6, 0.6, 2.7) 38
[12:11:57.910]: (2.6, 0.6, 2.7) 38
[12:11:57.926]: (2.6, 0.6, 2.7) 38
[12:11:57.943]: (2.6, 0.6, 2.7) 38
[12:11:57.960]: (2.6, 0.6, 2.7) 38
[12:11:57.976]: (2.6, 0.6, 2.7) 38
[12:11:57.993]: (2.6, 0.6, 2.7) 38
[12:11:58.009]: (2.6, 0.6, 2.7) 38
[12:11:58.030]: (2.6, 0.6, 2.7) 38
[12:11:58.052]: (2.6, 0.6, 2.7) 38
[12:11:58.074]: (2.6, 0.6, 2.7) 38
[12:11:58.096]: (2.6, 0.6, 2.7) 38
[12:11:58.579]: (1.7, 0.7, 2.2) 15
[12:11:58.711]: (0.8, 0.9, 1.2) 2
[12:11:58.792]: (1.9, 0.7, 2.6) 19
[12:11:58.939]: (1.9, 0.7, 2.6) 19
[12:11:58.961]: (1.9, 0.7, 2.6) 19
[12:11:58.984]: (1.9, 0.7, 2.6) 19
[12:11:59.007]: (1.9, 0.7, 2.6) 19
[12:11:59.029]: (1.9, 0.6, 2.6) 19
[12:11:59.050]: (1.9, 0.6, 2.6) 19
[12:12:00.128]: (0.7, 0.9, 1.5) 1
[12:12:00.172]: (1.7, 0.7, 3.4) 36
[12:12:00.194]: (1.8, 0.6, 3.4) 36
[12:12:00.218]: (1.8, 0.7, 3.4) 36
[12:12:00.239]: (1.8, 0.7, 3.4) 36
[12:12:00.335]: (1.8, 0.7, 3.4) 36
[12:12:00.351]: (1.8, 0.7, 3.4) 36
[12:12:00.367]: (1.7, 0.7, 3.4) 36
[12:12:00.384]: (1.8, 0.7, 3.4) 36
[12:12:00.399]: (1.7, 0.7, 3.4) 36
[12:12:00.415]: (1.7, 0.7, 3.4) 36
[12:12:00.431]: (1.7, 0.7, 3.4) 36
[12:12:00.447]: (1.7, 0.6, 3.4) 36
[12:12:00.464]: (1.7, 0.6, 3.4) 36
[12:12:00.480]: (1.7, 0.6, 3.5) 36
[12:12:00.496]: (1.7, 0.6, 3.5) 36
[12:12:00.512]: (1.7, 0.6, 3.5) 36
[12:12:00.603]: (1.7, 0.7, 2.3) 15
[12:12:00.620]: (1.5, 0.8, 1.9) 3
[12:12:00.636]: (2.1, 0.6, 2.5) 20
[12:12:00.651]: (1.8, 0.7, 2.2) 15
[12:12:00.683]: (1.7, 0.7, 2.2) 15
[12:12:00.706]: (1.7, 0.7, 2.2) 15
[12:12:00.728]: (1.7, 0.7, 2.2) 15
[12:12:00.750]: (1.7, 0.7, 2.2) 15
[12:12:00.773]: (1.7, 0.7, 2.2) 15
[12:12:00.795]: (1.7, 0.7, 2.2) 15
[12:12:00.817]: (1.7, 0.7, 2.2) 15
[12:12:00.840]: (1.7, 0.7, 2.2) 15
[12:12:00.860]: (1.7, 0.7, 2.2) 15
[12:12:00.884]: (1.7, 0.7, 2.2) 15
[12:12:00.906]: (1.7, 0.7, 2.2) 15
[12:12:00.930]: (1.7, 0.7, 2.2) 15
[12:12:00.950]: (1.5, 0.7, 2.4) 14
[12:12:01.191]: (0.8, 0.9, 1.5) 1
[12:12:01.207]: (0.8, 0.9, 1.5) 1
[12:12:01.225]: (0.8, 0.9, 1.5) 1
[12:12:01.240]: (0.8, 0.9, 1.5) 1
[12:12:01.258]: (0.7, 0.9, 1.5) 1
[12:12:01.274]: (0.7, 0.9, 1.5) 1
[12:12:01.290]: (0.7, 0.9, 1.5) 1
[12:12:01.307]: (0.7, 0.9, 1.5) 1
[12:12:01.324]: (0.7, 0.9, 1.5) 1
[12:12:01.339]: (0.7, 0.9, 1.5) 1
[12:12:01.355]: (0.7, 0.9, 1.5) 1
[12:12:01.373]: (0.7, 0.9, 1.5) 1
[12:12:01.391]: (0.7, 0.9, 1.5) 1
[12:12:01.408]: (0.7, 0.9, 1.5) 1
[12:12:01.425]: (0.7, 0.9, 1.5) 1
[12:12:01.441]: (0.7, 0.9, 1.5) 1
[12:12:01.458]: (0.7, 0.9, 1.5) 1
[12:12:01.473]: (0.7, 0.9, 1.5) 1
[12:12:01.489]: (0.7, 0.9, 1.5) 1
[12:12:01.506]: (0.7, 0.9, 1.5) 1
[12:12:01.523]: (0.7, 0.9, 1.5) 1
[12:12:01.539]: (0.8, 0.9, 1.5) 1
[12:12:01.555]: (0.8, 0.9, 1.5) 1
[12:12:01.588]: (0.8, 0.9, 1.5) 1
[12:12:01.739]: (0.8, 0.9, 1.5) 1
[12:12:01.761]: (0.8, 0.9, 1.5) 1
[12:12:01.782]: (0.7, 0.9, 1.5) 1
[12:12:01.805]: (0.8, 0.9, 1.5) 1
[12:12:01.828]: (0.8, 0.9, 1.5) 1
[12:12:01.850]: (0.8, 0.9, 1.5) 1
[12:12:01.873]: (0.7, 0.9, 1.5) 1
[12:12:01.895]: (0.7, 0.9, 1.5) 1
[12:12:01.917]: (0.8, 0.9, 1.5) 1
[12:12:01.939]: (0.8, 0.9, 1.5) 1
[12:12:02.461]: (0.8, 0.9, 1.5) 1
[12:12:02.480]: (0.8, 0.9, 1.5) 1
[12:12:02.497]: (0.7, 0.9, 1.5) 1
[12:12:02.516]: (0.7, 0.9, 1.5) 1
[12:12:02.532]: (0.7, 0.9, 1.5) 1
[12:12:02.551]: (0.7, 0.9, 1.5) 1
[12:12:02.573]: (0.7, 0.9, 1.5) 1
[12:12:02.597]: (0.7, 0.9, 1.5) 1
[12:12:02.617]: (0.7, 0.9, 1.5) 1
[12:12:02.641]: (0.7, 0.9, 1.5) 1
[12:12:02.661]: (0.8, 0.9, 1.5) 1
[12:12:02.683]: (0.7, 0.9, 1.5) 1
[12:12:02.707]: (0.7, 0.9, 1.5) 1
[12:12:02.731]: (0.7, 0.9, 1.5) 1
[12:12:02.751]: (0.7, 0.9, 1.5) 1
[12:12:02.772]: (0.7, 0.9, 1.5) 1
[12:12:02.794]: (0.7, 0.9, 1.5) 1
[12:12:02.818]: (0.7, 0.9, 1.4) 1
[12:12:02.840]: (0.7, 0.9, 1.4) 1
[12:12:02.885]: (0.8, 0.9, 1.1) 2
[12:12:02.905]: (0.8, 0.9, 1.2) 2
[12:12:02.929]: (0.8, 0.9, 1.2) 2
[12:12:02.948]: (0.8, 0.9, 1.2) 2
[12:12:02.966]: (0.8, 0.9, 1.2) 2
[12:12:02.984]: (0.8, 0.9, 1.2) 2
[12:12:03.004]: (0.8, 0.9, 1.2) 2
[12:12:03.021]: (0.8, 0.9, 1.2) 2
[12:12:03.040]: (0.8, 0.9, 1.2) 2
[12:12:03.057]: (1.0, 0.8, 1.4) 0
[12:12:03.075]: (0.8, 0.9, 1.2) 2
[12:12:03.093]: (1.0, 0.8, 1.4) 0
[12:12:03.109]: (0.8, 0.9, 1.1) 2
[12:12:05.022]: (-1.6, 1.0, 5.0) 28
[12:12:06.954]: (-0.6, 0.8, 4.7) 24
[12:12:10.907]: (-0.6, 0.9, 4.7) 24
[12:12:11.036]: (-0.2, 0.9, 3.7) 12
[12:12:11.367]: (0.0, 0.8, 4.9) 31
[12:12:11.390]: (0.0, 0.8, 4.9) 31
[12:12:11.412]: (0.0, 0.8, 4.9) 31
[12:12:11.434]: (0.0, 0.8, 4.9) 31
[12:12:11.463]: (0.0, 0.8, 4.9) 31
[12:12:11.483]: (0.0, 0.8, 4.9) 31
[12:12:11.500]: (0.0, 0.8, 4.9) 31
[12:12:11.524]: (0.0, 0.8, 4.9) 31
[12:12:11.547]: (0.0, 0.9, 4.9) 31
[12:12:11.591]: (0.0, 0.9, 4.9) 31
