[12:24:06.363]: (-2.5, -1.1, 0.1) 7
[12:24:07.411]: (-1.4, -1.2, 1.9) 4
[12:24:07.432]: (-1.3, -1.2, 2.1) 5
[12:24:07.453]: (-1.3, -1.0, 2.1) 1
[12:24:07.518]: (-1.3, -1.0, 2.2) 4
[12:24:07.539]: (-1.3, -0.9, 2.2) 4
[12:24:07.617]: (-1.2, -0.8, 2.4) 4
[12:24:07.638]: (-1.2, -0.7, 2.5) 1
[12:24:15.743]: (0.4, -1.6, 2.8) 4
[12:24:15.985]: (0.7, -0.9, 3.5) 7
[12:24:16.007]: (0.6, -0.9, 3.5) 7
[12:24:16.127]: (0.5, -0.7, 3.4) 6
[12:24:16.147]: (0.5, -0.7, 3.4) 1
[12:24:16.170]: (0.4, -0.7, 3.5) 1
[12:24:16.648]: (0.5, 0.4, 3.7) 7
[12:24:16.900]: (0.3, 0.3, 4.0) 3
[12:24:17.621]: (0.8, 1.1, 2.7) 17
[12:24:17.688]: (1.0, 1.1, 3.1) 10
[12:24:17.777]: (1.0, 1.1, 2.8) 13
[12:24:18.487]: (0.5, 1.0, 2.8) 17
[12:24:18.532]: (0.5, 0.9, 2.8) 17
[12:24:18.555]: (0.5, 1.0, 2.8) 17
[12:24:18.578]: (0.5, 1.0, 2.8) 17
[12:24:18.600]: (0.6, 1.0, 3.2) 10
[12:24:18.620]: (0.6, 1.0, 3.2) 10
[12:24:18.643]: (0.5, 1.0, 3.1) 9
[12:24:18.660]: (0.5, 1.0, 2.8) 17
[12:24:18.679]: (0.5, 1.0, 2.8) 17
[12:24:18.697]: (0.5, 1.0, 2.8) 17
[12:24:18.717]: (0.5, 1.0, 2.8) 17
[12:24:18.737]: (0.5, 1.0, 2.8) 17
[12:24:18.753]: (0.5, 1.0, 2.8) 17
[12:24:18.769]: (0.5, 1.0, 2.8) 17
[12:24:18.790]: (0.5, 1.0, 2.8) 17
[12:24:18.806]: (0.5, 1.0, 2.8) 17
[12:24:18.824]: (0.6, 1.0, 2.9) 11
[12:24:18.847]: (0.6, 1.0, 2.9) 11
[12:24:18.863]: (0.5, 1.0, 2.8) 17
[12:24:18.879]: (0.5, 1.0, 2.8) 17
[12:24:18.896]: (0.6, 1.0, 2.9) 11
[12:24:18.914]: (0.6, 1.0, 3.2) 10
[12:24:18.934]: (0.6, 1.0, 3.1) 9
[12:24:18.952]: (0.5, 1.0, 2.8) 17
[12:24:18.970]: (0.6, 1.0, 2.9) 11
[12:24:18.990]: (0.6, 1.0, 2.9) 11
[12:24:19.008]: (0.6, 1.0, 2.9) 11
[12:24:19.026]: (0.6, 1.0, 2.9) 11
[12:24:19.214]: (-0.1, 1.5, 3.7) 6
[12:24:19.307]: (-0.1, 1.5, 3.8) 1
[12:24:19.328]: (-0.1, 1.4, 3.8) 4
[12:24:19.352]: (-0.2, 1.4, 4.0) 3
[12:24:19.484]: (-0.3, 1.5, 3.8) 1
[12:24:19.508]: (-0.4, 1.4, 3.7) 6
[12:24:19.623]: (-0.4, 1.6, 3.9) 7
[12:24:19.643]: (-0.5, 1.5, 3.8) 7
[12:24:19.664]: (-0.5, 1.5, 3.8) 7
[12:24:19.709]: (-0.5, 1.5, 3.8) 7
[12:24:19.776]: (-0.6, 1.5, 3.8) 7
[12:24:19.797]: (-0.6, 1.6, 3.8) 7
[12:24:19.823]: (-0.5, 1.5, 3.8) 7
[12:24:19.842]: (-0.5, 1.5, 3.8) 7
[12:24:19.864]: (-0.5, 1.5, 3.8) 7
[12:24:19.886]: (-0.5, 1.5, 3.8) 7
[12:24:19.909]: (-0.5, 1.6, 3.8) 7
[12:24:19.930]: (-0.5, 1.5, 3.8) 7
[12:24:19.947]: (-0.5, 1.5, 3.8) 7
[12:24:19.964]: (-0.5, 1.5, 3.8) 7
[12:24:19.981]: (-0.5, 1.5, 3.8) 7
[12:24:19.996]: (-0.5, 1.5, 3.8) 7
[12:24:20.012]: (-0.5, 1.5, 3.8) 7
[12:24:20.029]: (-0.5, 1.6, 3.8) 7
[12:24:20.046]: (-0.5, 1.6, 3.8) 7
[12:24:20.190]: (-0.5, 1.5, 3.8) 7
[12:24:20.286]: (-0.5, 1.5, 3.8) 7
[12:24:20.869]: (-0.5, 1.1, 3.8) 7
[12:24:20.890]: (-0.4, 1.1, 3.8) 7
[12:24:21.043]: (-0.4, 1.0, 3.9) 7
[12:24:21.058]: (-0.5, 1.1, 3.8) 7
[12:24:21.074]: (-0.5, 1.0, 3.8) 2
[12:24:21.090]: (-0.5, 1.0, 3.8) 2
[12:24:21.106]: (-0.5, 1.0, 3.8) 2
[12:24:21.123]: (-0.5, 1.0, 3.8) 2
[12:24:21.139]: (-0.5, 1.0, 3.8) 2
[12:24:21.155]: (-0.5, 1.0, 3.8) 2
[12:24:21.171]: (-0.5, 1.0, 3.8) 8
[12:24:21.189]: (-0.5, 1.0, 3.8) 2
[12:24:21.206]: (-0.5, 1.1, 3.8) 7
[12:24:21.221]: (-0.5, 1.1, 3.8) 7
[12:24:21.238]: (-0.5, 1.1, 3.8) 7
[12:24:21.255]: (-0.5, 1.1, 3.8) 7
[12:24:21.271]: (-0.5, 1.1, 3.8) 7
[12:24:21.286]: (-0.5, 1.0, 3.8) 2
[12:24:21.309]: (-0.5, 1.0, 3.8) 8
[12:24:21.330]: (-0.5, 1.0, 3.8) 2
[12:24:21.352]: (-0.5, 1.0, 3.8) 2
[12:24:21.375]: (-0.5, 1.0, 3.8) 2
[12:24:21.396]: (-0.5, 1.0, 3.8) 2
[12:24:21.420]: (-0.5, 1.0, 3.8) 2
[12:24:21.442]: (-0.5, 1.0, 3.8) 2
[12:24:21.464]: (-0.5, 1.0, 3.8) 2
[12:24:21.486]: (-0.5, 1.1, 3.8) 7
[12:24:21.508]: (-0.5, 1.1, 3.8) 7
[12:24:21.531]: (-0.5, 1.1, 3.8) 7
[12:24:21.553]: (-0.5, 1.1, 3.8) 7
[12:24:21.575]: (-0.5, 1.1, 3.8) 7
[12:24:21.598]: (-0.5, 1.1, 3.8) 7
[12:24:21.620]: (-0.5, 1.0, 3.8) 7
[12:24:21.641]: (-0.5, 1.0, 3.8) 2
[12:24:21.664]: (-0.5, 1.0, 3.8) 2
[12:24:21.687]: (-0.5, 1.0, 3.8) 2
[12:24:21.703]: (-0.5, 1.0, 3.8) 2
[12:24:21.720]: (-0.5, 1.0, 3.7) 8
[12:24:21.736]: (-0.5, 1.0, 3.7) 8
[12:24:21.753]: (-0.5, 1.0, 3.8) 8
[12:24:21.769]: (-0.5, 1.0, 3.8) 2
[12:24:21.784]: (-0.5, 1.1, 3.8) 7
[12:24:21.801]: (-0.5, 1.0, 3.7) 8
[12:24:21.817]: (-0.5, 1.0, 3.7) 8
[12:24:21.834]: (-0.6, 1.0, 3.7) 8
[12:24:21.910]: (-0.5, 1.1, 3.8) 7
[12:24:21.927]: (-0.5, 1.0, 3.8) 7
[12:24:21.943]: (-0.5, 1.0, 3.9) 7
[12:24:21.960]: (-0.5, 1.0, 3.8) 2
[12:24:21.975]: (-0.5, 1.1, 3.8) 7
[12:24:21.992]: (-0.5, 1.1, 3.8) 7
[12:24:22.009]: (-0.5, 1.1, 3.8) 7
[12:24:22.026]: (-0.5, 1.1, 3.8) 7
[12:24:22.041]: (-0.5, 1.1, 3.8) 7
[12:24:22.057]: (-0.5, 1.1, 3.8) 7
[12:24:22.072]: (-0.5, 1.1, 3.8) 7
[12:24:22.089]: (-0.5, 1.1, 3.8) 7
[12:24:22.107]: (-0.5, 1.1, 3.8) 7
[12:24:22.220]: (0.5, 1.0, 3.2) 16
[12:24:22.241]: (0.6, 1.0, 2.7) 19
[12:24:22.263]: (0.8, 0.9, 2.9) 20
[12:24:22.286]: (0.8, 1.0, 2.9) 20
[12:24:22.308]: (0.8, 1.0, 3.0) 20
[12:24:22.374]: (0.7, 1.0, 3.1) 12
[12:24:22.953]: (0.6, 1.2, 3.2) 16
[12:24:23.014]: (0.5, 1.2, 3.0) 15
[12:24:23.078]: (0.5, 1.3, 2.7) 17
[12:24:23.116]: (0.7, 1.3, 3.0) 10
[12:24:23.156]: (0.7, 1.4, 3.1) 10
[12:24:23.207]: (0.7, 1.4, 3.1) 10
[12:24:24.552]: (0.0, 1.1, 3.8) 7
[12:24:24.574]: (0.0, 1.1, 3.8) 7
[12:24:25.088]: (0.4, 1.0, 3.8) 5
[12:24:25.110]: (0.5, 1.0, 3.8) 5
[12:24:25.573]: (0.2, 0.7, 3.7) 2
[12:24:25.593]: (0.2, 0.7, 3.7) 2
[12:24:25.613]: (0.2, 0.7, 3.7) 2
[12:24:25.635]: (0.2, 0.7, 3.7) 2
[12:24:25.658]: (0.2, 0.7, 3.7) 2
[12:24:25.680]: (0.2, 0.7, 3.7) 2
[12:24:25.703]: (0.2, 0.7, 3.7) 2
[12:24:25.724]: (0.2, 0.6, 3.7) 2
[12:24:25.745]: (0.2, 0.6, 3.7) 2
[12:24:26.287]: (0.2, 0.6, 3.7) 2
[12:24:26.319]: (0.2, 0.6, 3.7) 2
[12:24:26.419]: (0.1, 0.6, 3.7) 8
[12:24:26.454]: (0.2, 0.7, 3.7) 7
[12:24:27.168]: (0.4, 0.7, 3.7) 7
[12:24:27.187]: (0.4, 0.6, 3.7) 7
[12:24:27.209]: (0.4, 0.7, 3.7) 7
[12:24:27.237]: (0.4, 0.7, 3.7) 7
