[12:22:44.062]: (-2.2, -0.9, 0.0) 2
[12:22:46.358]: (-0.3, 0.7, 5.1) 64
[12:22:46.847]: (0.3, 1.6, 4.9) 63
[12:22:46.869]: (0.3, 1.5, 4.9) 63
[12:22:46.892]: (0.3, 1.5, 4.9) 63
[12:22:46.914]: (0.3, 1.6, 4.9) 63
[12:22:46.935]: (0.2, 1.5, 4.8) 65
[12:22:46.958]: (0.2, 1.5, 4.9) 63
[12:22:47.027]: (0.3, 1.5, 4.9) 63
[12:22:47.270]: (0.3, 0.8, 1.7) 7
[12:22:47.292]: (0.5, 0.8, 2.0) 11
[12:22:47.315]: (0.5, 0.8, 2.0) 14
[12:22:47.382]: (0.4, 1.0, 1.8) 10
[12:22:47.404]: (0.4, 1.0, 1.8) 10
[12:22:47.426]: (0.4, 1.0, 1.8) 10
[12:22:47.449]: (0.3, 1.0, 1.8) 10
[12:22:47.472]: (0.3, 1.0, 1.8) 10
[12:22:47.495]: (0.3, 1.0, 1.8) 10
[12:22:47.517]: (0.3, 1.0, 1.8) 10
[12:22:47.539]: (0.3, 1.0, 1.8) 10
[12:22:47.561]: (0.3, 1.0, 1.8) 10
[12:22:47.585]: (0.3, 1.0, 1.8) 10
[12:22:47.606]: (0.6, 0.9, 2.7) 19
[12:22:47.649]: (0.3, 1.1, 1.9) 12
[12:22:47.672]: (0.3, 1.1, 1.9) 12
[12:22:47.885]: (0.6, 1.7, 2.9) 16
[12:22:47.909]: (0.6, 1.7, 2.9) 16
[12:22:47.933]: (0.6, 1.7, 2.9) 16
[12:22:47.955]: (0.6, 1.7, 2.9) 16
[12:22:47.980]: (0.6, 1.7, 2.9) 16
[12:22:48.001]: (0.6, 1.7, 2.9) 16
[12:22:48.022]: (0.6, 1.7, 2.9) 16
[12:22:48.087]: (0.1, 1.8, 2.6) 4
[12:22:48.110]: (0.1, 1.8, 2.6) 4
[12:22:48.126]: (0.1, 1.8, 2.5) 4
[12:22:48.143]: (0.1, 1.8, 2.5) 4
[12:22:48.164]: (0.1, 1.8, 2.5) 4
[12:22:48.185]: (0.0, 1.8, 2.5) 4
[12:22:48.203]: (0.0, 1.8, 2.5) 4
[12:22:48.219]: (0.0, 1.9, 2.5) 4
[12:22:48.236]: (0.0, 1.9, 2.5) 2
[12:22:48.257]: (0.0, 1.9, 2.6) 4
[12:22:48.280]: (0.0, 1.9, 2.6) 4
[12:22:48.302]: (0.0, 1.9, 2.6) 4
[12:22:48.332]: (0.0, 1.9, 2.6) 4
[12:22:48.437]: (0.0, 2.2, 3.6) 22
[12:22:48.460]: (-0.1, 2.2, 3.6) 22
[12:22:48.479]: (-0.1, 2.2, 3.6) 22
[12:22:48.503]: (0.0, 2.2, 3.6) 22
[12:22:48.525]: (0.0, 2.2, 3.7) 20
[12:22:48.547]: (0.0, 2.2, 3.7) 20
[12:22:48.570]: (0.0, 2.2, 3.7) 20
[12:22:48.592]: (0.0, 2.2, 3.6) 22
[12:22:49.072]: (0.1, 2.2, 3.6) 22
[12:22:49.095]: (0.1, 2.2, 3.6) 22
[12:22:49.116]: (0.1, 2.2, 3.6) 22
[12:22:49.158]: (0.1, 2.2, 3.6) 22
[12:22:49.191]: (0.1, 2.2, 3.6) 22
[12:22:49.227]: (0.1, 2.2, 3.6) 22
[12:22:49.258]: (0.0, 2.0, 2.7) 3
[12:22:49.291]: (0.0, 1.9, 2.5) 0
[12:22:49.324]: (0.0, 1.9, 2.5) 0
[12:22:49.358]: (0.0, 1.9, 2.5) 0
[12:22:49.390]: (0.0, 1.9, 2.5) 0
[12:22:49.425]: (0.0, 2.0, 2.5) 0
[12:22:49.458]: (0.1, 2.2, 3.4) 26
[12:22:49.591]: (0.0, 2.0, 2.4) 4
[12:22:49.725]: (0.1, 2.0, 2.4) 4
[12:22:50.001]: (2.3, 2.4, 2.6) 85
[12:22:50.267]: (2.3, 2.4, 2.7) 83
[12:22:50.335]: (0.8, 1.8, 1.3) 13
[12:22:50.357]: (0.8, 1.8, 1.3) 13
[12:22:50.379]: (0.8, 1.8, 1.3) 13
[12:22:50.402]: (0.8, 1.8, 1.3) 13
[12:22:50.424]: (0.8, 1.8, 1.3) 13
[12:22:50.445]: (0.8, 1.7, 1.3) 13
[12:22:50.469]: (0.8, 1.7, 1.3) 13
[12:22:50.489]: (0.8, 1.7, 1.3) 13
[12:22:51.296]: (1.0, 1.7, 3.6) 48
[12:22:51.313]: (0.7, 1.7, 3.6) 50
[12:22:51.333]: (0.8, 1.7, 3.6) 50
[12:22:51.353]: (0.7, 1.7, 3.6) 50
[12:22:51.371]: (0.7, 1.7, 3.6) 50
[12:22:51.386]: (0.7, 1.7, 3.6) 50
[12:22:51.402]: (0.8, 1.7, 3.6) 50
[12:22:51.418]: (0.5, 1.6, 2.8) 16
[12:22:51.436]: (0.5, 1.6, 2.8) 16
[12:22:51.453]: (0.5, 1.6, 2.8) 16
[12:22:51.471]: (0.5, 1.6, 2.8) 16
[12:22:51.487]: (0.5, 1.6, 2.8) 16
[12:22:51.504]: (0.5, 1.6, 2.8) 16
[12:22:51.520]: (0.5, 1.6, 2.9) 16
[12:22:51.537]: (0.5, 1.6, 2.8) 16
[12:22:51.553]: (0.5, 1.6, 2.9) 16
[12:22:51.568]: (0.5, 1.6, 2.8) 16
[12:22:51.584]: (0.5, 1.6, 2.8) 16
[12:22:51.801]: (0.8, 1.8, 3.6) 50
[12:22:51.823]: (0.8, 1.7, 3.6) 50
[12:22:51.935]: (-0.4, 1.6, 3.8) 21
[12:22:51.955]: (-0.4, 1.6, 3.8) 21
[12:22:51.978]: (-0.4, 1.5, 3.7) 23
[12:22:52.051]: (-0.4, 1.6, 3.8) 21
[12:22:52.098]: (-0.4, 1.6, 3.8) 21
[12:22:52.207]: (-0.4, 1.6, 3.8) 21
[12:22:52.224]: (-0.4, 1.6, 3.8) 21
[12:22:52.242]: (-0.4, 1.5, 3.7) 23
[12:22:52.258]: (-0.4, 1.6, 3.9) 21
[12:22:52.902]: (-1.3, 2.1, 6.4) 73
[12:22:52.920]: (-1.2, 2.1, 6.4) 73
[12:22:52.936]: (-1.3, 2.0, 6.1) 70
[12:22:52.954]: (-1.3, 2.0, 6.1) 70
[12:22:52.969]: (-1.2, 2.0, 6.1) 70
[12:22:52.986]: (-1.2, 2.0, 6.1) 70
[12:22:53.002]: (-1.2, 2.0, 6.1) 70
[12:22:53.019]: (-1.2, 2.1, 6.4) 73
[12:22:53.416]: (-1.1, 2.1, 6.4) 73
[12:22:53.437]: (-1.1, 2.1, 6.2) 69
[12:22:53.460]: (-1.0, 2.2, 6.2) 69
[12:22:54.344]: (-1.3, 1.9, 6.2) 70
[12:22:54.365]: (-1.3, 1.9, 6.1) 70
[12:22:54.388]: (-1.3, 1.9, 6.1) 70
[12:22:54.412]: (-1.3, 1.9, 6.2) 66
[12:22:54.432]: (-1.3, 1.9, 6.2) 66
[12:22:54.855]: (-1.2, 2.0, 6.2) 69
[12:22:54.879]: (-1.2, 2.0, 6.2) 69
[12:22:54.900]: (-1.2, 2.0, 6.2) 69
[12:22:54.970]: (-1.2, 1.9, 6.2) 69
[12:22:55.597]: (-1.6, 2.0, 6.1) 69
[12:22:55.618]: (-1.6, 2.0, 6.1) 69
[12:22:56.365]: (-1.8, 2.0, 6.3) 73
[12:22:56.382]: (-1.8, 2.0, 6.3) 73
[12:22:56.400]: (-1.8, 2.0, 6.3) 73
[12:22:56.419]: (-1.8, 1.8, 6.3) 67
[12:22:56.436]: (-1.8, 1.8, 6.3) 71
[12:22:56.453]: (-1.8, 1.8, 6.3) 71
[12:22:56.502]: (-1.4, 1.6, 4.3) 41
[12:22:56.551]: (-1.9, 1.9, 6.2) 72
[12:22:56.568]: (-2.0, 1.9, 6.2) 72
[12:22:59.952]: (0.5, 1.7, 3.5) 49
[12:23:00.541]: (0.8, 1.6, 3.5) 51
[12:23:00.564]: (0.8, 1.7, 3.5) 51
[12:23:00.586]: (0.8, 1.7, 3.5) 51
[12:23:02.209]: (0.5, 1.7, 3.5) 49
[12:23:02.226]: (0.5, 1.7, 3.5) 49
[12:23:02.242]: (0.5, 1.7, 3.5) 49
[12:23:02.258]: (0.5, 1.7, 3.5) 49
[12:23:04.440]: (0.5, 1.7, 3.5) 49
[12:23:04.458]: (0.5, 1.7, 3.5) 49
[12:23:04.474]: (0.5, 1.7, 3.5) 49
[12:23:04.492]: (0.6, 1.6, 3.5) 49
[12:23:04.508]: (0.6, 1.6, 3.5) 49
[12:23:04.525]: (0.6, 1.6, 3.5) 49
[12:23:04.542]: (0.5, 1.6, 3.5) 49
[12:23:04.558]: (0.5, 1.6, 3.5) 49
[12:23:04.575]: (0.5, 1.6, 3.5) 49
[12:23:04.593]: (0.6, 1.7, 3.5) 49
[12:23:04.929]: (0.5, 1.7, 3.5) 49
[12:23:05.481]: (0.5, 1.7, 3.6) 49
[12:23:05.496]: (0.5, 1.7, 3.6) 49
[12:23:05.514]: (0.5, 1.7, 3.5) 49
[12:23:05.530]: (0.5, 1.7, 3.5) 49
[12:23:05.548]: (0.5, 1.7, 3.5) 49
[12:23:05.564]: (0.5, 1.7, 3.5) 49
[12:23:05.582]: (0.5, 1.6, 3.5) 49
[12:23:05.599]: (0.5, 1.6, 3.5) 49
[12:23:05.615]: (0.6, 1.6, 3.5) 49
[12:23:06.784]: (0.5, 1.7, 3.5) 49
[12:23:06.805]: (0.6, 1.7, 3.7) 47
[12:23:06.828]: (0.5, 1.7, 3.7) 47
[12:23:07.330]: (0.8, 1.7, 3.5) 51
[12:23:07.412]: (0.8, 1.5, 2.4) 19
[12:23:07.550]: (1.7, 1.7, 3.3) 81
[12:23:07.566]: (1.9, 1.8, 3.2) 80
[12:23:07.582]: (1.9, 1.8, 3.2) 80
[12:23:07.606]: (1.8, 1.8, 3.1) 85
[12:23:07.629]: (1.8, 1.8, 3.1) 85
[12:23:07.649]: (1.9, 1.8, 3.2) 80
[12:23:07.671]: (1.8, 1.8, 3.1) 85
[12:23:07.694]: (1.8, 1.8, 3.1) 85
[12:23:07.716]: (1.8, 1.8, 3.1) 85
[12:23:07.738]: (1.9, 1.8, 3.2) 80
[12:23:07.762]: (1.8, 1.8, 3.1) 85
[12:23:07.784]: (1.8, 1.8, 3.1) 85
[12:23:07.828]: (1.8, 1.8, 3.1) 85
[12:23:07.849]: (1.8, 1.8, 3.1) 85
[12:23:07.872]: (1.9, 1.8, 3.2) 80
[12:23:07.894]: (1.9, 1.8, 3.2) 80
[12:23:07.938]: (0.7, 1.4, 1.5) 13
[12:23:07.961]: (0.5, 1.1, 1.5) 7
[12:23:11.808]: (0.6, 1.7, 3.7) 47
[12:23:11.840]: (0.6, 1.7, 3.5) 49
[12:23:11.874]: (0.5, 1.7, 3.5) 49
[12:23:11.907]: (0.5, 1.6, 3.5) 49
[12:23:11.957]: (0.5, 1.7, 3.5) 49
[12:23:11.992]: (0.5, 1.7, 3.5) 49
[12:23:12.015]: (0.5, 1.7, 3.5) 49
[12:23:12.038]: (0.5, 1.7, 3.5) 49
[12:23:12.059]: (0.5, 1.7, 3.5) 49
[12:23:12.914]: (-0.5, 1.5, 3.7) 22
[12:23:12.935]: (-0.5, 1.5, 3.7) 22
[12:23:12.958]: (-0.5, 1.5, 3.7) 22
[12:23:12.983]: (-0.5, 1.5, 3.7) 22
[12:23:13.002]: (-0.5, 1.5, 3.7) 22
[12:23:13.026]: (-0.5, 1.5, 3.7) 22
[12:23:13.047]: (-0.5, 1.5, 3.7) 22
[12:23:13.069]: (-0.6, 1.5, 3.7) 22
[12:23:13.091]: (-0.5, 1.5, 3.7) 22
[12:23:13.114]: (-0.5, 1.5, 3.7) 22
[12:23:13.135]: (-0.5, 1.5, 3.7) 22
[12:23:13.159]: (-0.5, 1.5, 3.7) 22
[12:23:13.180]: (-0.5, 1.6, 3.7) 22
[12:23:13.437]: (0.6, 1.6, 2.8) 17
[12:23:13.563]: (0.6, 1.6, 2.8) 17
[12:23:14.192]: (0.7, 1.5, 2.5) 19
[12:23:14.282]: (0.7, 1.5, 2.5) 19
[12:23:14.318]: (0.7, 1.5, 2.5) 19
[12:23:14.838]: (0.5, 1.7, 3.7) 47
[12:23:14.858]: (0.5, 1.6, 3.5) 49
[12:23:14.903]: (0.5, 1.7, 3.7) 47
[12:23:14.970]: (0.5, 1.7, 3.5) 49
[12:23:14.992]: (0.5, 1.7, 3.7) 47
[12:23:15.013]: (0.5, 1.7, 3.7) 50
[12:23:15.037]: (0.4, 1.7, 3.7) 50
[12:23:16.170]: (0.7, 1.3, 1.8) 14
[12:23:16.187]: (0.7, 1.3, 1.8) 14
[12:23:16.203]: (0.7, 1.3, 1.8) 14
[12:23:16.221]: (0.7, 1.3, 1.8) 14
[12:23:16.238]: (0.7, 1.3, 1.8) 14
[12:23:16.254]: (0.7, 1.3, 1.8) 14
[12:23:16.270]: (0.7, 1.3, 1.8) 14
[12:23:16.288]: (0.7, 1.3, 1.8) 14
[12:23:16.304]: (0.7, 1.4, 1.8) 14
[12:23:16.320]: (0.7, 1.4, 1.8) 14
[12:23:16.367]: (0.7, 1.3, 1.8) 14
[12:23:16.383]: (0.7, 1.4, 1.8) 14
[12:23:16.400]: (0.7, 1.3, 1.8) 14
[12:23:16.415]: (0.7, 1.3, 1.8) 14
[12:23:16.432]: (0.6, 1.3, 1.5) 13
[12:23:16.447]: (0.6, 1.3, 1.5) 13
[12:23:16.468]: (0.7, 1.3, 1.8) 14
[12:23:16.490]: (0.7, 1.3, 1.8) 14
[12:23:16.512]: (0.7, 1.3, 1.8) 14
[12:23:16.535]: (0.7, 1.3, 1.8) 14
[12:23:16.558]: (0.7, 1.3, 1.8) 14
[12:23:16.580]: (0.7, 1.3, 1.8) 14
[12:23:16.600]: (0.7, 1.3, 1.8) 14
[12:23:16.623]: (0.7, 1.3, 1.8) 14
[12:23:16.646]: (0.7, 1.3, 1.8) 14
[12:23:16.668]: (0.7, 1.3, 1.9) 14
[12:23:16.736]: (0.5, 1.3, 1.7) 10
[12:23:16.756]: (0.5, 1.3, 1.7) 10
[12:23:16.780]: (0.4, 1.3, 1.7) 10
[12:23:16.802]: (0.5, 1.3, 1.7) 10
[12:23:16.822]: (0.5, 1.3, 1.7) 10
[12:23:16.892]: (1.8, 1.6, 2.2) 36
[12:23:17.092]: (1.8, 1.5, 2.2) 36
[12:23:17.124]: (1.8, 1.5, 2.2) 36
[12:23:17.156]: (1.8, 1.5, 2.2) 36
[12:23:17.172]: (1.8, 1.5, 2.2) 36
[12:23:17.192]: (1.8, 1.5, 2.2) 36
[12:23:17.208]: (1.8, 1.5, 2.2) 36
[12:23:17.225]: (1.8, 1.5, 2.1) 36
[12:23:17.242]: (1.8, 1.5, 2.2) 36
[12:23:17.260]: (1.8, 1.5, 2.1) 36
[12:23:17.278]: (1.8, 1.5, 2.2) 36
[12:23:17.297]: (1.8, 1.5, 2.2) 36
[12:23:17.313]: (1.8, 1.5, 2.2) 36
[12:23:17.332]: (1.8, 1.5, 2.2) 36
[12:23:17.544]: (1.8, 1.5, 2.1) 36
[12:23:17.567]: (1.8, 1.5, 2.1) 36
[12:23:17.612]: (1.8, 1.5, 2.1) 36
[12:23:17.635]: (1.9, 1.5, 2.2) 36
[12:23:17.767]: (1.9, 1.5, 2.2) 36
[12:23:17.813]: (1.8, 1.5, 2.1) 36
[12:23:17.829]: (1.8, 1.5, 2.1) 36
[12:23:18.867]: (1.7, 1.8, 3.4) 82
[12:23:18.933]: (1.7, 1.9, 3.5) 86
[12:23:18.950]: (1.7, 1.9, 3.5) 86
[12:23:18.968]: (1.7, 1.8, 3.4) 82
[12:23:18.985]: (1.7, 1.8, 3.4) 82
[12:23:19.001]: (1.8, 1.9, 3.5) 82
[12:23:19.019]: (1.8, 1.9, 3.5) 82
[12:23:19.035]: (1.8, 1.9, 3.4) 82
[12:23:19.051]: (1.8, 1.8, 3.4) 82
[12:23:19.069]: (1.8, 1.8, 3.4) 82
[12:23:19.086]: (1.8, 1.9, 3.4) 82
[12:23:19.102]: (1.8, 1.9, 3.4) 82
[12:23:19.118]: (1.8, 1.9, 3.4) 82
[12:23:19.136]: (1.8, 1.9, 3.4) 82
[12:23:19.155]: (1.8, 1.9, 3.4) 82
[12:23:19.222]: (1.8, 1.8, 3.4) 82
[12:23:19.267]: (1.7, 1.8, 3.5) 82
[12:23:19.798]: (1.7, 1.9, 3.5) 86
[12:23:24.713]: (0.1, 1.9, 4.9) 64
[12:23:24.728]: (0.1, 1.9, 4.9) 64
[12:23:24.743]: (0.1, 1.8, 4.9) 64
[12:23:24.760]: (0.1, 1.8, 4.9) 64
[12:23:28.099]: (0.2, 2.0, 4.8) 62
