[12:03:56.691]: (0.5, 0.7, 3.5) 13
[12:03:56.711]: (0.6, 0.8, 3.4) 13
[12:03:56.726]: (0.5, 0.8, 3.5) 13
[12:03:57.477]: (0.5, 0.5, 2.2) 11
[12:03:57.940]: (0.5, 1.5, 2.4) 10
[12:03:57.962]: (0.5, 1.5, 2.4) 10
[12:03:57.982]: (0.4, 1.5, 2.4) 10
[12:03:58.004]: (0.4, 1.5, 2.4) 10
[12:03:58.028]: (0.4, 1.5, 2.5) 10
[12:03:58.048]: (0.4, 1.5, 2.4) 10
[12:03:58.108]: (0.6, 1.7, 3.4) 13
[12:03:58.128]: (0.6, 1.7, 3.4) 13
[12:03:58.466]: (0.4, 1.5, 2.4) 10
[12:03:58.501]: (0.3, 1.6, 2.4) 10
[12:03:58.534]: (0.4, 1.7, 3.5) 13
[12:03:58.835]: (0.3, 1.8, 3.5) 13
[12:03:58.865]: (0.3, 1.8, 3.5) 13
[12:03:58.966]: (0.6, 1.8, 3.2) 12
[12:03:59.903]: (0.4, 1.2, 2.5) 9
[12:04:00.080]: (1.4, 1.1, 2.0) 7
[12:04:00.123]: (1.1, 1.2, 1.4) 0
[12:04:00.146]: (1.0, 1.2, 1.4) 0
[12:04:00.161]: (1.1, 1.2, 1.4) 0
[12:04:00.177]: (1.1, 1.2, 1.4) 0
[12:04:00.209]: (1.1, 1.2, 1.4) 0
[12:04:00.257]: (1.1, 1.2, 1.4) 0
[12:04:00.273]: (1.1, 1.2, 1.4) 0
[12:04:00.289]: (1.0, 1.2, 1.4) 0
[12:04:00.321]: (1.0, 1.2, 1.4) 0
[12:04:00.353]: (1.0, 1.2, 1.4) 0
[12:04:00.493]: (2.1, 1.2, 2.2) 16
[12:04:00.509]: (2.1, 1.2, 2.2) 16
[12:04:00.526]: (2.1, 1.2, 2.2) 16
[12:04:00.542]: (2.1, 1.2, 2.2) 16
[12:04:00.559]: (2.1, 1.2, 2.2) 16
[12:04:00.576]: (2.1, 1.2, 2.2) 16
[12:04:01.032]: (2.2, 1.2, 2.2) 16
[12:04:01.049]: (2.2, 1.2, 2.2) 16
[12:04:01.067]: (2.2, 1.2, 2.2) 16
[12:04:01.384]: (2.1, 1.1, 2.2) 16
[12:04:02.092]: (1.2, 1.2, 2.0) 8
[12:04:02.439]: (1.0, 1.2, 1.4) 0
[12:04:02.532]: (1.1, 1.2, 1.4) 0
[12:04:02.553]: (1.1, 1.2, 1.4) 0
[12:04:02.576]: (1.1, 1.2, 1.4) 0
[12:04:02.600]: (1.1, 1.2, 1.4) 0
[12:04:02.643]: (1.0, 1.2, 1.4) 0
[12:04:02.665]: (1.0, 1.2, 1.4) 0
[12:04:02.686]: (1.0, 1.2, 1.4) 0
[12:04:02.710]: (1.0, 1.2, 1.4) 0
[12:04:02.731]: (1.5, 1.2, 2.0) 7
[12:04:02.754]: (1.5, 1.2, 2.0) 7
[12:04:02.778]: (1.5, 1.2, 2.0) 7
[12:04:02.803]: (1.5, 1.2, 2.0) 7
[12:04:02.821]: (1.4, 1.2, 2.0) 7
[12:04:02.843]: (1.5, 1.2, 2.0) 7
[12:04:02.886]: (1.3, 1.2, 2.0) 8
[12:04:02.906]: (0.8, 1.3, 1.4) 1
[12:04:02.929]: (1.2, 1.2, 2.0) 8
[12:04:02.952]: (1.2, 1.2, 2.0) 8
[12:04:03.395]: (0.7, 1.1, 1.5) 1
[12:04:03.419]: (0.7, 1.1, 1.4) 1
[12:04:04.186]: (0.3, 1.5, 2.6) 9
[12:04:04.220]: (0.3, 1.5, 2.6) 9
[12:04:04.252]: (0.2, 1.5, 2.6) 9
[12:04:04.286]: (0.2, 1.6, 2.6) 9
[12:04:04.308]: (0.2, 1.6, 2.6) 9
[12:04:04.419]: (0.2, 1.6, 2.5) 9
[12:04:04.530]: (0.2, 1.6, 2.6) 9
[12:04:04.553]: (0.2, 1.6, 2.5) 9
[12:04:04.575]: (0.2, 1.6, 2.5) 9
[12:04:04.596]: (0.2, 1.6, 2.5) 9
[12:04:04.618]: (0.2, 1.6, 2.6) 9
[12:04:04.841]: (0.2, 1.5, 2.6) 9
[12:04:04.862]: (0.2, 1.5, 2.6) 9
[12:04:04.886]: (0.2, 1.5, 2.6) 9
[12:04:04.907]: (0.2, 1.5, 2.6) 9
[12:04:04.929]: (0.2, 1.5, 2.6) 9
[12:04:04.951]: (0.2, 1.4, 2.6) 9
[12:04:04.974]: (0.2, 1.4, 2.6) 9
[12:04:04.997]: (0.2, 1.4, 2.6) 9
[12:04:05.020]: (0.2, 1.4, 2.6) 9
[12:04:05.043]: (0.2, 1.4, 2.6) 9
[12:04:05.065]: (0.2, 1.4, 2.6) 9
[12:04:05.087]: (0.2, 1.4, 2.6) 9
[12:04:05.110]: (0.2, 1.4, 2.6) 9
[12:04:05.132]: (0.2, 1.4, 2.6) 9
[12:04:08.605]: (0.2, 1.5, 2.6) 9
[12:04:08.651]: (0.2, 1.5, 2.6) 9
[12:04:08.695]: (0.2, 1.5, 2.6) 9
[12:04:08.717]: (0.2, 1.5, 2.6) 9
[12:04:08.761]: (0.2, 1.5, 2.6) 9
[12:04:11.194]: (1.2, 1.5, 2.2) 7
[12:04:11.261]: (1.9, 1.6, 2.4) 16
[12:04:11.305]: (1.9, 1.6, 2.4) 16
[12:04:11.505]: (1.8, 1.7, 2.4) 17
[12:04:11.854]: (1.2, 1.6, 2.1) 7
[12:04:11.873]: (1.2, 1.6, 2.1) 7
[12:04:11.889]: (1.2, 1.6, 2.1) 7
[12:04:11.905]: (1.2, 1.6, 2.1) 7
[12:04:11.921]: (1.2, 1.6, 2.1) 7
[12:04:11.939]: (1.2, 1.6, 2.1) 7
[12:04:11.955]: (1.2, 1.6, 2.2) 7
[12:04:11.971]: (1.2, 1.6, 2.2) 7
[12:04:12.003]: (1.2, 1.6, 2.2) 7
[12:04:12.019]: (1.2, 1.6, 2.1) 7
[12:04:12.034]: (1.2, 1.6, 2.2) 7
[12:04:12.049]: (1.2, 1.6, 2.2) 7
[12:04:12.205]: (1.2, 1.6, 2.1) 7
[12:04:12.227]: (1.2, 1.6, 2.2) 7
[12:04:12.249]: (1.2, 1.6, 2.2) 7
[12:04:12.273]: (1.2, 1.6, 2.2) 7
[12:04:12.294]: (1.2, 1.6, 2.2) 7
[12:04:12.316]: (1.2, 1.6, 2.2) 7
[12:04:12.994]: (0.1, 1.6, 3.3) 12
[12:04:13.015]: (0.1, 1.5, 3.3) 12
[12:04:13.038]: (0.1, 1.5, 3.3) 12
[12:04:13.059]: (0.1, 1.6, 3.4) 12
[12:04:13.082]: (0.1, 1.6, 3.3) 12
[12:04:16.814]: (-0.9, 1.6, 4.7) 18
[12:04:16.845]: (-0.8, 1.6, 4.8) 20
[12:04:16.875]: (-0.7, 1.5, 3.7) 5
[12:04:16.891]: (-0.7, 1.5, 3.7) 5
[12:04:16.907]: (-0.7, 1.5, 3.7) 5
[12:04:16.923]: (-0.8, 1.6, 4.8) 20
[12:04:17.047]: (0.2, 1.5, 3.4) 12
[12:04:17.877]: (0.3, 1.5, 2.3) 11
[12:04:17.966]: (0.3, 1.5, 2.3) 11
[12:04:20.023]: (0.2, 1.6, 3.4) 12
[12:04:22.183]: (1.0, 1.5, 2.1) 8
[12:04:22.216]: (1.2, 1.5, 2.1) 7
[12:04:22.248]: (1.2, 1.5, 2.1) 7
[12:04:22.264]: (1.2, 1.5, 2.1) 7
[12:04:22.280]: (1.2, 1.5, 2.1) 7
[12:04:22.296]: (1.2, 1.5, 2.1) 7
[12:04:22.328]: (1.2, 1.5, 2.1) 7
[12:04:22.346]: (1.2, 1.5, 2.1) 7
[12:04:22.361]: (1.2, 1.5, 2.1) 7
[12:04:22.377]: (1.2, 1.5, 2.1) 7
[12:04:22.394]: (1.2, 1.5, 2.1) 7
[12:04:22.410]: (1.2, 1.5, 2.1) 7
[12:04:22.426]: (1.2, 1.6, 2.1) 7
[12:04:22.442]: (1.2, 1.6, 2.1) 7
[12:04:23.994]: (1.2, 1.6, 2.1) 7
[12:04:24.010]: (1.2, 1.6, 2.1) 7
[12:04:24.026]: (1.2, 1.6, 2.2) 7
[12:04:24.599]: (1.2, 1.6, 2.1) 7
[12:04:24.634]: (1.2, 1.6, 2.1) 7
[12:04:24.667]: (1.2, 1.6, 2.1) 7
[12:04:24.700]: (1.2, 1.6, 2.1) 7
[12:04:24.735]: (1.2, 1.5, 2.2) 7
[12:04:24.767]: (1.1, 1.5, 2.1) 8
[12:04:24.802]: (1.1, 1.5, 2.1) 8
[12:04:24.834]: (1.2, 1.6, 2.2) 7
[12:04:24.867]: (1.2, 1.5, 2.2) 7
[12:04:24.903]: (1.2, 1.5, 2.2) 7
[12:04:24.933]: (1.2, 1.5, 2.1) 7
[12:04:24.967]: (1.2, 1.5, 2.1) 7
[12:04:27.898]: (1.2, 1.6, 2.1) 7
[12:04:28.210]: (1.2, 1.6, 2.2) 7
