[12:25:01.427]: (-2.3, -2.3, 1.8) 21
[12:25:02.280]: (0.0, -0.1, 2.8) 2
[12:25:02.322]: (0.0, -0.1, 2.7) 2
[12:25:02.347]: (0.1, 0.0, 2.8) 7
[12:25:02.471]: (0.1, 0.2, 2.7) 8
[12:25:02.506]: (0.1, 0.2, 2.7) 8
[12:25:02.537]: (0.1, 0.3, 2.7) 8
[12:25:02.570]: (0.2, 0.4, 2.8) 8
[12:25:02.770]: (0.6, 0.7, 2.9) 5
[12:25:02.804]: (0.7, 0.8, 2.8) 5
[12:25:02.837]: (0.7, 0.9, 2.7) 6
[12:25:02.870]: (0.6, 0.9, 2.7) 6
[12:25:02.904]: (0.6, 0.9, 2.6) 6
[12:25:02.937]: (0.6, 0.9, 2.7) 6
[12:25:04.730]: (0.8, 1.1, 2.8) 38
[12:25:04.748]: (0.8, 1.2, 2.6) 33
[12:25:04.763]: (0.9, 1.1, 2.8) 38
[12:25:04.780]: (0.8, 1.2, 2.6) 33
[12:25:04.796]: (0.8, 1.2, 2.6) 33
[12:25:04.813]: (0.8, 1.2, 2.6) 33
[12:25:04.836]: (0.8, 1.2, 2.6) 33
[12:25:04.858]: (0.8, 1.2, 2.6) 33
[12:25:04.880]: (0.8, 1.2, 2.6) 33
[12:25:04.905]: (0.8, 1.2, 2.6) 33
[12:25:04.924]: (0.8, 1.1, 2.6) 33
[12:25:04.948]: (0.8, 1.1, 2.6) 33
[12:25:05.324]: (0.8, 1.2, 2.6) 33
[12:25:05.345]: (0.8, 1.2, 2.6) 33
[12:25:05.361]: (0.8, 1.2, 2.6) 33
[12:25:05.379]: (0.8, 1.2, 2.6) 33
[12:25:05.394]: (0.8, 1.2, 2.6) 33
[12:25:05.411]: (0.8, 1.2, 2.6) 33
[12:25:05.426]: (0.8, 1.2, 2.6) 33
[12:25:05.442]: (0.8, 1.2, 2.6) 33
[12:25:05.459]: (0.8, 1.2, 2.6) 33
[12:25:05.477]: (0.8, 1.2, 2.6) 33
[12:25:05.492]: (0.8, 1.2, 2.6) 33
[12:25:05.508]: (0.8, 1.2, 2.6) 33
[12:25:05.525]: (0.8, 1.2, 2.6) 33
[12:25:05.542]: (0.8, 1.2, 2.6) 33
[12:25:05.559]: (0.8, 1.2, 2.6) 33
[12:25:05.576]: (0.8, 1.2, 2.6) 33
[12:25:05.592]: (0.8, 1.2, 2.6) 33
[12:25:05.610]: (0.8, 1.2, 2.6) 33
[12:25:05.627]: (0.8, 1.2, 2.6) 33
[12:25:05.645]: (0.8, 1.1, 2.6) 33
[12:25:05.661]: (0.8, 1.1, 2.6) 33
[12:25:05.677]: (0.8, 1.1, 2.6) 33
[12:25:05.948]: (0.8, 1.2, 2.8) 38
[12:25:05.969]: (0.8, 1.2, 2.8) 38
[12:25:05.991]: (0.8, 1.2, 2.8) 38
[12:25:06.013]: (0.8, 1.2, 2.8) 38
[12:25:06.058]: (0.8, 1.2, 2.8) 38
[12:25:06.079]: (0.8, 1.2, 2.8) 38
[12:25:06.101]: (0.8, 1.1, 2.8) 38
[12:25:06.124]: (0.8, 1.1, 2.8) 38
[12:25:06.146]: (0.9, 1.1, 2.8) 38
[12:25:06.169]: (0.8, 1.2, 2.6) 33
[12:25:06.193]: (0.8, 1.2, 2.6) 33
[12:25:06.215]: (0.8, 1.2, 2.6) 33
[12:25:06.255]: (0.7, 1.2, 1.9) 11
[12:25:06.277]: (0.7, 1.1, 1.9) 11
[12:25:06.297]: (0.7, 1.1, 1.9) 11
[12:25:06.316]: (0.7, 1.2, 1.9) 11
[12:25:06.335]: (0.7, 1.2, 1.9) 11
[12:25:06.353]: (0.7, 1.2, 1.9) 11
[12:25:06.371]: (0.7, 1.2, 1.9) 11
[12:25:06.389]: (0.7, 1.2, 1.9) 18
[12:25:06.406]: (0.7, 1.2, 1.9) 18
[12:25:06.426]: (1.0, 1.2, 2.5) 37
[12:25:06.446]: (0.7, 1.2, 1.9) 18
[12:25:06.464]: (0.7, 1.2, 1.9) 18
[12:25:06.482]: (0.7, 1.2, 1.9) 18
[12:25:06.500]: (0.7, 1.3, 1.9) 18
[12:25:06.520]: (0.7, 1.3, 1.9) 18
[12:25:06.537]: (0.7, 1.3, 1.9) 18
[12:25:06.556]: (0.7, 1.3, 1.9) 18
[12:25:06.572]: (1.1, 1.2, 2.5) 37
[12:25:06.606]: (0.7, 1.3, 1.7) 13
[12:25:06.623]: (0.7, 1.3, 1.7) 13
[12:25:06.640]: (0.7, 1.2, 1.9) 18
[12:25:06.658]: (1.0, 1.2, 2.4) 37
[12:25:06.677]: (1.0, 1.2, 2.4) 37
[12:25:06.695]: (1.1, 1.2, 2.4) 37
[12:25:06.712]: (1.1, 1.2, 2.4) 37
[12:25:06.730]: (1.1, 1.2, 2.4) 37
[12:25:06.750]: (1.1, 1.2, 2.4) 37
[12:25:06.788]: (1.1, 1.2, 2.5) 37
[12:25:06.806]: (0.7, 1.3, 1.7) 13
[12:25:06.826]: (0.7, 1.3, 1.7) 13
[12:25:06.848]: (0.7, 1.3, 1.9) 18
[12:25:06.868]: (1.1, 1.2, 2.5) 37
[12:25:06.891]: (0.8, 1.3, 1.9) 18
[12:25:06.913]: (1.1, 1.2, 2.5) 37
[12:25:06.937]: (1.1, 1.2, 2.5) 37
[12:25:06.958]: (0.8, 1.3, 1.9) 18
[12:25:06.980]: (1.2, 1.2, 2.7) 36
[12:25:07.004]: (0.7, 1.3, 1.9) 18
[12:25:07.025]: (0.7, 1.3, 1.9) 18
[12:25:07.047]: (0.7, 1.3, 1.9) 18
[12:25:07.069]: (0.7, 1.3, 1.9) 18
[12:25:07.090]: (0.7, 1.3, 1.9) 18
[12:25:07.112]: (0.7, 1.3, 1.9) 18
[12:25:07.138]: (0.7, 1.3, 1.9) 18
[12:25:07.162]: (0.7, 1.3, 1.9) 18
[12:25:07.227]: (0.7, 1.3, 1.9) 18
[12:25:07.251]: (0.7, 1.3, 1.9) 18
[12:25:07.277]: (0.7, 1.3, 1.9) 18
[12:25:07.947]: (0.5, 0.9, 2.0) 18
[12:25:07.980]: (0.5, 0.9, 2.0) 11
[12:25:08.013]: (0.5, 0.9, 2.0) 11
[12:25:08.046]: (0.5, 0.9, 2.0) 18
[12:25:08.079]: (0.5, 1.0, 2.0) 18
[12:25:08.115]: (0.5, 1.0, 2.0) 18
[12:25:08.147]: (0.5, 1.0, 2.0) 18
[12:25:08.179]: (0.4, 1.0, 2.0) 18
[12:25:08.212]: (0.5, 1.1, 2.1) 18
[12:25:08.346]: (0.7, 1.0, 2.8) 32
[12:25:08.379]: (0.7, 1.0, 2.8) 32
[12:25:08.812]: (0.6, 1.2, 2.0) 18
[12:25:08.836]: (0.6, 1.2, 2.0) 18
[12:25:08.878]: (0.9, 1.1, 2.7) 32
[12:25:09.124]: (0.7, 1.5, 1.7) 16
[12:25:09.146]: (0.8, 1.7, 1.7) 18
[12:25:09.190]: (0.9, 1.7, 1.8) 18
[12:25:09.212]: (0.9, 1.7, 1.7) 18
[12:25:09.238]: (0.8, 1.7, 1.7) 18
[12:25:09.261]: (0.8, 1.7, 1.7) 18
[12:25:09.282]: (0.9, 1.7, 1.7) 18
[12:25:09.304]: (0.8, 1.8, 1.7) 18
[12:25:09.324]: (1.2, 1.9, 2.3) 37
[12:25:09.347]: (0.8, 1.8, 1.7) 18
[12:25:09.368]: (1.1, 1.9, 2.3) 37
[12:25:09.393]: (1.1, 1.9, 2.3) 37
[12:25:09.414]: (1.2, 1.9, 2.4) 35
[12:25:09.436]: (0.7, 1.8, 1.6) 9
[12:25:09.459]: (0.8, 1.8, 1.8) 11
[12:25:09.479]: (0.7, 1.8, 1.8) 11
[12:25:09.502]: (0.7, 1.8, 1.8) 11
[12:25:09.548]: (1.0, 2.0, 2.3) 37
[12:25:09.569]: (1.0, 2.0, 2.3) 37
[12:25:09.590]: (1.0, 2.0, 2.4) 37
[12:25:09.837]: (1.0, 2.1, 2.5) 36
[12:25:09.855]: (1.0, 2.1, 2.5) 36
[12:25:09.870]: (1.0, 2.1, 2.5) 36
[12:25:09.903]: (1.0, 2.1, 2.5) 36
[12:25:09.919]: (1.0, 2.1, 2.5) 36
[12:25:09.939]: (1.0, 2.1, 2.5) 36
[12:25:09.956]: (1.0, 2.1, 2.5) 36
[12:25:09.972]: (1.0, 2.1, 2.5) 36
[12:25:09.988]: (1.0, 2.1, 2.5) 36
[12:25:10.003]: (1.0, 2.1, 2.5) 36
[12:25:10.019]: (1.0, 2.1, 2.5) 36
[12:25:10.036]: (1.0, 2.1, 2.5) 36
[12:25:10.052]: (1.0, 2.1, 2.5) 36
[12:25:10.069]: (1.0, 2.1, 2.5) 36
[12:25:10.086]: (1.0, 2.1, 2.5) 36
[12:25:10.104]: (1.0, 2.1, 2.5) 36
[12:25:10.120]: (1.0, 2.1, 2.5) 36
[12:25:10.137]: (1.0, 2.1, 2.5) 36
[12:25:10.154]: (1.0, 2.1, 2.5) 36
[12:25:10.172]: (1.0, 2.1, 2.5) 36
[12:25:10.188]: (1.0, 2.1, 2.5) 36
[12:25:10.203]: (1.0, 2.1, 2.5) 36
[12:25:10.219]: (1.0, 2.1, 2.5) 36
[12:25:10.557]: (0.7, 1.6, 2.0) 17
[12:25:10.995]: (0.7, 1.9, 1.7) 17
[12:25:11.017]: (0.7, 1.9, 1.6) 18
[12:25:11.033]: (0.7, 1.9, 1.7) 18
[12:25:11.050]: (0.7, 1.9, 1.6) 18
[12:25:11.069]: (0.7, 1.9, 1.7) 18
[12:25:11.130]: (1.0, 2.1, 2.4) 32
[12:25:11.150]: (0.9, 2.1, 2.3) 33
[12:25:11.170]: (1.0, 2.1, 2.3) 33
[12:25:11.186]: (1.0, 2.1, 2.3) 33
[12:25:11.204]: (1.0, 2.1, 2.3) 33
[12:25:11.221]: (0.9, 2.1, 2.3) 33
[12:25:11.237]: (0.9, 2.1, 2.3) 33
[12:25:11.253]: (0.9, 2.1, 2.3) 33
[12:25:11.269]: (0.9, 2.1, 2.3) 33
[12:25:11.301]: (0.7, 1.9, 1.6) 18
[12:25:11.334]: (0.7, 1.9, 1.6) 18
[12:25:11.367]: (0.8, 1.9, 1.6) 18
[12:25:11.402]: (0.8, 2.0, 1.6) 18
[12:25:11.434]: (0.8, 2.0, 1.6) 18
[12:25:11.468]: (0.8, 1.9, 1.6) 18
[12:25:11.500]: (0.8, 1.9, 1.6) 18
[12:25:11.534]: (0.8, 2.0, 1.6) 18
[12:25:11.566]: (0.8, 1.9, 1.6) 18
[12:25:11.600]: (0.8, 2.0, 1.6) 18
[12:25:11.634]: (1.1, 2.1, 2.1) 37
[12:25:11.667]: (1.1, 2.2, 2.1) 37
[12:25:11.700]: (1.1, 2.2, 2.1) 37
[12:25:11.734]: (1.1, 2.2, 2.1) 37
[12:25:11.767]: (0.7, 1.9, 1.4) 13
[12:25:11.801]: (0.7, 1.9, 1.5) 13
[12:25:11.834]: (0.7, 1.9, 1.5) 13
[12:25:11.866]: (0.7, 1.9, 1.4) 13
[12:25:11.899]: (0.7, 1.9, 1.4) 13
[12:25:11.934]: (0.7, 1.9, 1.4) 13
[12:25:11.968]: (0.7, 1.9, 1.4) 13
[12:25:12.000]: (0.7, 1.9, 1.4) 13
[12:25:12.033]: (0.7, 1.9, 1.4) 13
[12:25:12.056]: (0.7, 1.9, 1.4) 13
[12:25:12.077]: (0.7, 1.9, 1.5) 13
[12:25:12.100]: (0.8, 2.0, 1.6) 19
[12:25:12.122]: (0.7, 1.9, 1.4) 13
[12:25:12.167]: (0.6, 1.9, 1.5) 13
[12:25:12.188]: (0.6, 1.9, 1.5) 13
[12:25:12.211]: (0.6, 1.9, 1.5) 13
[12:25:12.233]: (0.6, 1.9, 1.5) 13
[12:25:12.367]: (0.9, 2.1, 2.3) 37
[12:25:12.410]: (0.9, 2.1, 2.4) 35
[12:25:12.435]: (0.9, 2.1, 2.4) 35
[12:25:12.456]: (0.5, 1.9, 1.7) 18
[12:25:12.477]: (0.5, 1.8, 1.8) 11
[12:25:12.499]: (0.5, 1.8, 1.8) 17
[12:25:12.523]: (0.4, 1.8, 1.6) 16
[12:25:12.545]: (0.5, 1.8, 1.8) 17
[12:25:12.566]: (0.5, 1.8, 1.8) 17
[12:25:12.589]: (0.5, 1.8, 1.8) 17
[12:25:12.611]: (0.5, 1.8, 1.8) 17
[12:25:12.633]: (0.5, 1.8, 1.7) 11
[12:25:12.655]: (0.5, 1.9, 1.7) 18
[12:25:12.678]: (0.8, 2.1, 2.3) 37
[12:25:12.723]: (0.8, 2.1, 2.3) 37
[12:25:12.770]: (0.8, 2.1, 2.3) 37
[12:25:12.792]: (0.8, 2.1, 2.3) 37
[12:25:12.814]: (0.8, 2.1, 2.3) 37
[12:25:12.835]: (0.8, 2.1, 2.3) 37
[12:25:12.858]: (0.8, 2.1, 2.3) 37
[12:25:12.880]: (0.8, 2.2, 2.4) 36
[12:25:12.903]: (0.7, 2.1, 2.4) 31
[12:25:12.924]: (0.7, 2.2, 2.5) 31
[12:25:12.947]: (0.7, 2.2, 2.4) 31
[12:25:12.970]: (0.7, 2.1, 2.4) 31
[12:25:12.991]: (0.7, 2.1, 2.4) 31
[12:25:13.014]: (0.7, 2.1, 2.4) 31
[12:25:13.035]: (0.7, 2.1, 2.5) 31
[12:25:13.059]: (0.7, 2.1, 2.4) 31
[12:25:13.080]: (0.7, 2.1, 2.5) 31
[12:25:13.103]: (0.7, 2.1, 2.5) 31
[12:25:13.169]: (0.6, 2.0, 2.4) 33
[12:25:13.191]: (0.5, 2.1, 2.6) 38
[12:25:13.376]: (0.5, 2.0, 2.4) 33
[12:25:13.424]: (0.6, 2.0, 2.5) 32
[12:25:13.441]: (0.6, 2.0, 2.5) 32
[12:25:13.459]: (0.6, 2.1, 2.5) 32
[12:25:13.477]: (0.6, 2.0, 2.5) 32
[12:25:13.493]: (0.6, 2.0, 2.5) 32
[12:25:13.509]: (0.6, 2.0, 2.5) 32
[12:25:13.525]: (0.6, 2.1, 2.5) 32
[12:25:13.541]: (0.6, 2.1, 2.5) 32
[12:25:13.558]: (0.6, 2.0, 2.4) 33
[12:25:13.574]: (0.6, 2.0, 2.4) 33
[12:25:13.590]: (0.6, 2.1, 2.5) 32
[12:25:13.607]: (0.6, 2.0, 2.4) 33
[12:25:13.623]: (0.6, 2.1, 2.5) 32
[12:25:13.639]: (0.6, 2.1, 2.5) 32
[12:25:13.657]: (0.6, 2.1, 2.5) 32
[12:25:13.673]: (0.6, 2.1, 2.5) 32
[12:25:13.689]: (0.6, 2.0, 2.5) 32
[12:25:13.710]: (0.6, 2.0, 2.5) 32
[12:25:13.731]: (0.6, 2.0, 2.5) 32
[12:25:13.754]: (0.6, 2.0, 2.5) 32
[12:25:13.843]: (0.6, 2.0, 2.5) 32
[12:25:13.868]: (0.6, 2.0, 2.5) 32
[12:25:13.889]: (0.6, 2.0, 2.5) 32
[12:25:14.607]: (0.5, 1.3, 1.7) 10
[12:25:14.637]: (0.6, 1.6, 2.5) 33
[12:25:14.669]: (0.6, 1.7, 2.7) 34
[12:25:14.688]: (0.6, 1.7, 2.7) 34
[12:25:14.710]: (0.7, 1.8, 2.7) 34
[12:25:14.756]: (0.6, 1.7, 2.7) 34
[12:25:14.776]: (0.6, 1.7, 2.7) 34
[12:25:15.300]: (-0.7, 1.6, 2.8) 7
[12:25:15.831]: (-0.6, 1.4, 2.9) 2
[12:25:15.854]: (-0.6, 1.4, 2.9) 2
[12:25:15.877]: (-0.6, 1.4, 2.9) 2
[12:25:15.898]: (-0.6, 1.4, 2.9) 2
[12:25:15.921]: (-0.6, 1.4, 2.9) 2
[12:25:15.943]: (-0.6, 1.4, 2.9) 2
[12:25:15.964]: (-0.6, 1.4, 2.9) 2
[12:25:15.980]: (-0.6, 1.4, 2.9) 2
[12:25:15.995]: (-0.6, 1.4, 2.9) 2
[12:25:16.012]: (-0.6, 1.4, 2.9) 2
[12:25:16.027]: (-0.6, 1.4, 2.9) 2
[12:25:16.042]: (-0.6, 1.4, 2.9) 2
[12:25:16.058]: (-0.6, 1.4, 2.9) 2
[12:25:16.073]: (-0.6, 1.4, 2.9) 2
[12:25:16.090]: (-0.6, 1.4, 2.9) 2
[12:25:16.105]: (-0.6, 1.4, 2.9) 2
[12:25:16.122]: (-0.6, 1.4, 2.9) 2
[12:25:16.137]: (-0.6, 1.4, 2.9) 2
[12:25:16.153]: (-0.6, 1.4, 2.9) 2
[12:25:16.169]: (-0.6, 1.4, 2.9) 2
[12:25:16.185]: (-0.7, 1.5, 2.8) 7
[12:25:16.697]: (-0.6, 1.4, 2.9) 2
[12:25:16.721]: (-0.7, 1.4, 2.9) 2
[12:25:16.742]: (-0.7, 1.5, 2.8) 7
[12:25:16.764]: (-0.7, 1.4, 2.9) 2
[12:25:16.879]: (-0.7, 1.6, 2.8) 7
[12:25:16.896]: (-0.7, 1.6, 2.8) 7
[12:25:16.912]: (-0.7, 1.5, 2.8) 7
[12:25:16.929]: (-0.7, 1.5, 2.8) 7
[12:25:17.084]: (-0.7, 1.5, 2.9) 7
[12:25:17.100]: (-0.7, 1.5, 2.8) 7
[12:25:17.117]: (-0.7, 1.5, 2.8) 7
[12:25:17.134]: (-0.7, 1.5, 2.8) 7
[12:25:17.151]: (-0.7, 1.5, 2.8) 7
[12:25:17.167]: (-0.7, 1.5, 2.8) 7
[12:25:17.182]: (-0.7, 1.5, 2.8) 7
[12:25:17.196]: (-0.7, 1.5, 2.8) 7
[12:25:17.214]: (-0.7, 1.5, 2.8) 7
[12:25:17.231]: (-0.7, 1.5, 2.8) 7
[12:25:17.247]: (-0.7, 1.5, 2.8) 7
[12:25:17.263]: (-0.7, 1.5, 2.8) 7
[12:25:17.280]: (-0.6, 1.5, 2.8) 7
[12:25:17.409]: (-0.6, 1.5, 2.9) 7
[12:25:17.430]: (-0.6, 1.5, 2.8) 7
[12:25:17.453]: (-0.6, 1.5, 2.8) 7
[12:25:17.475]: (-0.6, 1.5, 2.8) 7
[12:25:17.497]: (-0.6, 1.5, 2.8) 7
[12:25:17.521]: (-0.6, 1.5, 2.8) 7
[12:25:17.541]: (-0.6, 1.5, 2.8) 7
[12:25:18.056]: (-0.6, 1.3, 3.1) 3
[12:25:18.174]: (0.5, 1.4, 1.9) 17
[12:25:18.219]: (0.6, 1.7, 2.5) 33
[12:25:18.264]: (0.6, 1.7, 2.5) 33
[12:25:18.419]: (0.6, 1.7, 2.8) 34
[12:25:18.442]: (0.8, 1.7, 2.6) 31
[12:25:18.465]: (0.8, 1.7, 2.4) 37
[12:25:18.486]: (0.8, 1.7, 2.5) 37
[12:25:18.507]: (0.8, 1.7, 2.5) 31
[12:25:18.531]: (0.8, 1.7, 2.5) 31
[12:25:18.552]: (0.8, 1.7, 2.5) 31
[12:25:18.570]: (0.8, 1.7, 2.5) 31
[12:25:18.587]: (0.8, 1.7, 2.5) 31
[12:25:18.604]: (0.8, 1.7, 2.6) 31
[12:25:18.619]: (0.8, 1.7, 2.6) 31
[12:25:18.635]: (0.8, 1.7, 2.6) 31
[12:25:18.651]: (0.8, 1.7, 2.6) 31
[12:25:18.667]: (0.8, 1.7, 2.6) 31
[12:25:18.683]: (0.8, 1.7, 2.6) 31
[12:25:18.698]: (0.8, 1.7, 2.5) 31
[12:25:18.716]: (0.8, 1.6, 2.4) 37
[12:25:18.731]: (0.6, 1.5, 1.6) 13
[12:25:18.747]: (0.6, 1.5, 1.6) 13
[12:25:18.765]: (0.6, 1.5, 1.6) 13
[12:25:18.781]: (0.6, 1.5, 1.6) 13
[12:25:18.796]: (0.6, 1.5, 1.6) 13
[12:25:18.812]: (0.6, 1.5, 1.6) 13
[12:25:18.828]: (0.6, 1.5, 1.6) 13
[12:25:18.844]: (0.6, 1.5, 1.6) 13
[12:25:18.861]: (0.6, 1.5, 1.6) 13
[12:25:18.877]: (0.6, 1.5, 1.6) 13
[12:25:18.893]: (0.6, 1.5, 1.6) 13
[12:25:18.910]: (0.6, 1.5, 1.6) 13
[12:25:18.927]: (0.6, 1.5, 1.6) 13
[12:25:18.944]: (0.6, 1.5, 1.6) 13
[12:25:18.962]: (0.6, 1.5, 1.6) 13
[12:25:18.979]: (0.6, 1.5, 1.6) 13
[12:25:18.995]: (0.6, 1.5, 1.6) 13
[12:25:19.010]: (0.6, 1.5, 1.6) 13
[12:25:19.030]: (0.6, 1.5, 1.6) 13
[12:25:19.052]: (0.5, 1.5, 1.6) 13
[12:25:19.074]: (0.5, 1.5, 1.6) 13
[12:25:19.097]: (0.5, 1.5, 1.6) 13
[12:25:19.140]: (0.8, 1.6, 2.4) 37
[12:25:19.164]: (0.8, 1.7, 2.4) 37
[12:25:19.187]: (0.8, 1.7, 2.4) 37
[12:25:19.207]: (0.8, 1.7, 2.4) 37
[12:25:19.231]: (0.8, 1.7, 2.4) 37
[12:25:19.254]: (0.8, 1.7, 2.4) 37
[12:25:19.273]: (0.8, 1.7, 2.4) 37
[12:25:19.297]: (0.8, 1.7, 2.4) 37
[12:25:19.318]: (0.8, 1.7, 2.4) 37
[12:25:19.341]: (0.8, 1.7, 2.4) 37
[12:25:19.365]: (0.8, 1.7, 2.5) 31
[12:25:19.385]: (0.8, 1.6, 2.6) 35
[12:25:19.658]: (0.7, 1.7, 2.7) 34
[12:25:19.809]: (0.6, 1.7, 2.5) 33
[12:25:20.666]: (-0.7, 1.6, 2.8) 7
[12:25:20.763]: (-0.7, 1.6, 2.8) 7
[12:25:21.029]: (-1.5, 1.7, 4.2) 27
[12:25:21.134]: (-1.6, 1.7, 4.2) 27
[12:25:21.179]: (-1.6, 1.7, 4.2) 27
[12:25:21.241]: (-1.6, 1.8, 4.2) 27
[12:25:21.257]: (-1.5, 1.8, 4.2) 27
[12:25:21.274]: (-1.5, 1.8, 4.2) 27
[12:25:21.290]: (-1.5, 1.7, 4.2) 27
[12:25:21.306]: (-1.5, 1.7, 4.2) 27
[12:25:21.344]: (-1.5, 1.7, 4.2) 27
[12:25:21.368]: (-1.5, 1.7, 4.2) 27
[12:25:21.387]: (-1.5, 1.7, 4.2) 27
[12:25:21.533]: (-1.6, 1.6, 4.1) 30
[12:25:21.550]: (-1.7, 1.6, 4.1) 30
[12:25:21.567]: (-1.7, 1.6, 4.1) 30
[12:25:21.599]: (-1.6, 1.7, 4.2) 27
[12:25:21.618]: (-1.6, 1.7, 4.2) 27
[12:25:21.639]: (-1.6, 1.7, 4.2) 27
[12:25:21.663]: (-1.5, 1.7, 4.2) 27
[12:25:21.686]: (-1.5, 1.7, 4.2) 27
[12:25:21.706]: (-1.5, 1.7, 4.2) 27
[12:25:21.729]: (-1.5, 1.7, 4.2) 27
[12:25:21.751]: (-1.5, 1.7, 4.2) 27
[12:25:21.773]: (-1.5, 1.6, 4.0) 21
[12:25:22.634]: (-1.5, 1.7, 4.2) 27
[12:25:22.675]: (-0.5, 1.4, 2.7) 6
[12:25:22.696]: (-0.5, 1.4, 2.7) 6
[12:25:22.720]: (-0.5, 1.4, 2.7) 6
[12:25:22.740]: (-0.5, 1.4, 2.7) 6
[12:25:22.764]: (-0.5, 1.4, 2.7) 6
[12:25:22.785]: (-0.5, 1.4, 2.7) 6
[12:25:22.811]: (-0.5, 1.4, 2.7) 6
[12:25:22.831]: (-0.5, 1.4, 2.7) 6
[12:25:22.852]: (-0.5, 1.4, 2.7) 6
[12:25:22.873]: (-0.5, 1.4, 2.7) 6
[12:25:22.899]: (-0.5, 1.4, 2.7) 6
[12:25:22.919]: (-0.5, 1.4, 2.7) 6
[12:25:23.158]: (-0.5, 1.5, 2.9) 5
[12:25:23.212]: (-0.4, 1.4, 2.9) 5
[12:25:23.229]: (-0.5, 1.4, 2.7) 6
[12:25:23.247]: (-0.5, 1.5, 2.7) 6
[12:25:23.283]: (-0.5, 1.5, 2.9) 5
[12:25:23.303]: (-0.5, 1.5, 2.9) 5
[12:25:23.320]: (-0.4, 1.5, 2.9) 5
[12:25:23.340]: (-0.5, 1.5, 2.7) 6
[12:25:23.360]: (-0.5, 1.4, 2.7) 6
[12:25:23.379]: (-0.5, 1.4, 2.7) 6
[12:25:23.399]: (-0.5, 1.4, 2.7) 6
[12:25:23.418]: (-0.5, 1.5, 2.8) 1
[12:25:23.436]: (-0.5, 1.5, 2.9) 5
[12:25:23.610]: (-0.5, 1.5, 2.7) 6
[12:25:23.631]: (-0.5, 1.4, 2.7) 6
[12:25:23.652]: (-0.5, 1.4, 2.7) 6
[12:25:23.672]: (-0.5, 1.4, 2.7) 6
[12:25:23.693]: (-0.5, 1.4, 2.7) 6
[12:25:23.712]: (-0.5, 1.4, 2.7) 6
[12:25:23.730]: (-0.5, 1.4, 2.7) 6
[12:25:23.751]: (-0.5, 1.4, 2.7) 6
[12:25:23.774]: (-0.5, 1.4, 2.7) 6
[12:25:23.798]: (-0.5, 1.4, 2.7) 6
[12:25:23.819]: (-0.5, 1.4, 2.7) 6
[12:25:23.839]: (-0.5, 1.5, 2.7) 6
[12:25:23.863]: (-0.5, 1.5, 2.7) 6
[12:25:23.885]: (-0.5, 1.5, 2.8) 1
[12:25:23.907]: (-0.5, 1.5, 2.8) 1
[12:25:24.223]: (0.4, 1.4, 1.7) 16
[12:25:24.352]: (0.8, 1.6, 2.5) 35
[12:25:24.372]: (0.8, 1.6, 2.5) 35
[12:25:24.393]: (0.9, 1.6, 2.5) 35
[12:25:24.411]: (0.9, 1.6, 2.5) 35
[12:25:24.433]: (0.9, 1.6, 2.5) 35
[12:25:24.452]: (0.8, 1.7, 2.5) 31
[12:25:24.475]: (0.5, 1.5, 1.8) 18
[12:25:24.796]: (-0.7, 1.5, 2.8) 7
[12:25:24.908]: (-0.6, 1.5, 2.8) 7
[12:25:25.876]: (-0.5, 1.5, 2.7) 6
[12:25:26.183]: (0.6, 1.7, 2.5) 33
[12:25:26.248]: (0.8, 1.7, 2.6) 31
[12:25:26.264]: (0.8, 1.7, 2.6) 31
[12:25:26.281]: (0.8, 1.7, 2.5) 31
[12:25:26.296]: (0.8, 1.7, 2.5) 31
[12:25:26.315]: (0.8, 1.8, 2.5) 36
[12:25:26.339]: (0.8, 1.7, 2.5) 31
[12:25:26.360]: (0.8, 1.6, 2.6) 35
[12:25:26.383]: (0.8, 1.7, 2.5) 31
[12:25:26.405]: (0.6, 1.5, 1.7) 13
[12:25:26.427]: (0.7, 1.4, 1.8) 12
[12:25:26.450]: (0.7, 1.4, 1.8) 19
[12:25:26.472]: (0.7, 1.4, 1.8) 19
[12:25:26.494]: (0.6, 1.4, 1.6) 13
[12:25:26.516]: (0.6, 1.5, 1.6) 13
[12:25:26.538]: (0.6, 1.4, 1.6) 13
[12:25:26.560]: (0.6, 1.5, 1.6) 13
[12:25:26.582]: (0.6, 1.5, 1.6) 13
[12:25:26.605]: (0.6, 1.5, 1.6) 13
[12:25:26.627]: (0.6, 1.5, 1.6) 13
[12:25:26.651]: (0.6, 1.5, 1.6) 13
[12:25:26.671]: (0.6, 1.5, 1.6) 13
[12:25:26.694]: (0.6, 1.5, 1.6) 13
[12:25:26.716]: (0.6, 1.5, 1.6) 13
[12:25:26.752]: (0.6, 1.5, 1.6) 13
[12:25:26.786]: (0.6, 1.5, 1.6) 13
[12:25:26.803]: (0.6, 1.4, 1.6) 13
[12:25:26.820]: (0.8, 1.4, 1.8) 19
[12:25:26.836]: (0.6, 1.4, 1.6) 13
[12:25:26.852]: (0.6, 1.4, 1.6) 13
[12:25:26.870]: (0.6, 1.4, 1.6) 13
[12:25:26.888]: (0.6, 1.4, 1.6) 13
[12:25:26.905]: (0.6, 1.4, 1.6) 13
[12:25:26.923]: (0.6, 1.4, 1.6) 13
[12:25:26.939]: (0.6, 1.4, 1.6) 13
[12:25:26.955]: (0.6, 1.4, 1.6) 13
[12:25:26.971]: (0.6, 1.5, 1.6) 13
[12:25:26.986]: (0.6, 1.5, 1.6) 13
[12:25:27.002]: (0.6, 1.4, 1.6) 13
[12:25:27.019]: (0.6, 1.4, 1.6) 13
[12:25:27.040]: (0.6, 1.5, 1.6) 13
[12:25:27.056]: (0.6, 1.4, 1.6) 13
[12:25:27.075]: (0.6, 1.4, 1.6) 13
[12:25:27.094]: (0.6, 1.4, 1.7) 13
[12:25:27.110]: (0.6, 1.4, 1.6) 13
[12:25:27.127]: (0.6, 1.4, 1.6) 13
[12:25:27.143]: (0.6, 1.4, 1.6) 13
[12:25:27.161]: (0.6, 1.4, 1.6) 13
[12:25:27.178]: (0.6, 1.4, 1.6) 13
[12:25:27.193]: (0.6, 1.4, 1.7) 13
[12:25:27.216]: (0.6, 1.4, 1.6) 13
[12:25:27.239]: (0.6, 1.4, 1.7) 9
[12:25:27.260]: (0.6, 1.4, 1.7) 9
[12:25:27.282]: (0.6, 1.4, 1.7) 9
[12:25:27.304]: (0.6, 1.4, 1.7) 9
[12:25:27.326]: (0.6, 1.4, 1.7) 9
[12:25:27.349]: (0.6, 1.4, 1.7) 9
[12:25:27.371]: (0.6, 1.4, 1.7) 9
[12:25:27.396]: (0.6, 1.4, 1.7) 9
[12:25:27.415]: (0.6, 1.4, 1.7) 9
[12:25:27.515]: (0.6, 1.4, 1.7) 9
[12:25:27.531]: (0.6, 1.4, 1.7) 9
[12:25:27.548]: (0.5, 1.4, 1.7) 9
[12:25:27.564]: (0.6, 1.4, 1.7) 9
[12:25:27.582]: (0.5, 1.4, 1.7) 9
[12:25:27.598]: (0.5, 1.4, 1.7) 9
[12:25:27.615]: (0.5, 1.4, 1.7) 9
[12:25:27.638]: (0.5, 1.4, 1.7) 9
[12:25:27.661]: (0.5, 1.4, 1.6) 9
[12:25:27.682]: (0.5, 1.4, 1.6) 9
[12:25:27.705]: (0.5, 1.4, 1.7) 9
[12:25:27.723]: (0.6, 1.4, 1.9) 11
[12:25:27.739]: (0.6, 1.4, 1.9) 11
[12:25:27.757]: (0.5, 1.4, 1.7) 9
[12:25:27.774]: (0.5, 1.4, 1.7) 9
[12:25:27.791]: (0.5, 1.4, 1.7) 9
[12:25:27.807]: (0.5, 1.4, 1.7) 9
[12:25:27.823]: (0.5, 1.4, 1.7) 9
[12:25:27.841]: (0.5, 1.4, 1.7) 9
[12:25:27.859]: (0.5, 1.4, 1.7) 9
[12:25:27.877]: (0.5, 1.4, 1.7) 9
[12:25:27.895]: (0.6, 1.4, 1.9) 11
[12:25:27.911]: (0.6, 1.4, 1.9) 11
[12:25:27.928]: (0.6, 1.4, 1.9) 11
[12:25:27.944]: (0.5, 1.4, 1.9) 11
[12:25:27.962]: (0.5, 1.4, 1.9) 11
[12:25:27.979]: (0.5, 1.4, 1.9) 11
[12:25:27.995]: (0.5, 1.4, 1.9) 11
[12:25:28.011]: (0.5, 1.4, 1.9) 11
[12:25:28.043]: (0.6, 1.6, 2.5) 33
[12:25:28.061]: (0.6, 1.6, 2.5) 33
[12:25:28.076]: (0.6, 1.6, 2.5) 33
[12:25:28.124]: (0.6, 1.6, 2.5) 33
[12:25:28.140]: (0.6, 1.6, 2.5) 33
[12:25:28.157]: (0.6, 1.6, 2.5) 33
[12:25:28.175]: (0.6, 1.6, 2.5) 33
[12:25:28.191]: (0.6, 1.6, 2.5) 33
[12:25:28.207]: (0.6, 1.6, 2.5) 33
[12:25:28.226]: (0.6, 1.6, 2.5) 33
[12:25:28.249]: (0.6, 1.6, 2.5) 33
[12:25:28.382]: (0.7, 1.7, 2.6) 32
[12:25:29.002]: (0.5, 1.4, 2.0) 17
[12:25:29.016]: (0.5, 1.4, 1.9) 11
[12:25:29.037]: (0.5, 1.4, 1.9) 17
[12:25:29.059]: (0.5, 1.4, 1.9) 17
[12:25:29.082]: (0.5, 1.4, 1.9) 17
[12:25:29.104]: (0.5, 1.4, 1.9) 17
[12:25:29.127]: (0.5, 1.4, 1.9) 11
[12:25:29.149]: (0.5, 1.4, 1.9) 11
[12:25:29.171]: (0.5, 1.4, 1.9) 17
[12:25:29.192]: (0.5, 1.4, 1.9) 17
[12:25:29.215]: (0.5, 1.4, 1.9) 17
[12:25:29.238]: (0.5, 1.4, 1.9) 11
[12:25:29.259]: (0.5, 1.4, 1.9) 11
[12:25:29.282]: (0.5, 1.4, 1.9) 11
[12:25:29.305]: (0.5, 1.5, 1.9) 18
[12:25:29.326]: (0.5, 1.5, 1.9) 11
[12:25:29.348]: (0.5, 1.5, 1.9) 11
[12:25:29.371]: (0.5, 1.4, 1.9) 11
[12:25:29.394]: (0.5, 1.4, 1.9) 11
[12:25:29.415]: (0.5, 1.4, 1.9) 11
[12:25:29.438]: (0.5, 1.4, 1.9) 11
[12:25:29.459]: (0.5, 1.4, 1.9) 11
[12:25:29.481]: (0.5, 1.4, 1.9) 11
[12:25:29.504]: (0.5, 1.4, 1.9) 11
[12:25:29.522]: (0.5, 1.4, 1.9) 11
[12:25:29.539]: (0.5, 1.4, 1.9) 11
[12:25:29.557]: (0.5, 1.4, 1.9) 11
[12:25:29.574]: (0.5, 1.4, 1.9) 11
[12:25:29.590]: (0.5, 1.4, 1.9) 11
[12:25:29.606]: (0.5, 1.4, 1.9) 11
[12:25:29.624]: (0.5, 1.4, 1.9) 11
[12:25:29.639]: (0.5, 1.4, 1.9) 11
[12:25:29.655]: (0.5, 1.4, 1.9) 11
[12:25:29.672]: (0.5, 1.4, 1.9) 11
[12:25:29.691]: (0.5, 1.4, 1.9) 11
[12:25:29.708]: (0.5, 1.4, 1.9) 11
[12:25:29.740]: (0.5, 1.3, 1.7) 10
[12:25:29.980]: (0.6, 1.7, 2.7) 34
[12:25:30.003]: (0.6, 1.7, 2.7) 34
[12:25:30.025]: (0.6, 1.7, 2.7) 34
[12:25:30.048]: (0.6, 1.7, 2.7) 34
[12:25:30.071]: (0.6, 1.7, 2.7) 34
[12:25:30.092]: (0.6, 1.7, 2.7) 34
[12:25:30.115]: (0.6, 1.7, 2.8) 34
[12:25:30.138]: (0.6, 1.7, 2.8) 38
[12:25:30.160]: (0.6, 1.7, 2.8) 38
[12:25:30.181]: (0.6, 1.7, 2.8) 38
[12:25:30.203]: (0.6, 1.7, 2.8) 38
[12:25:30.226]: (0.6, 1.7, 2.8) 38
[12:25:30.249]: (0.6, 1.7, 2.8) 38
[12:25:30.272]: (0.6, 1.7, 2.8) 38
[12:25:30.292]: (0.6, 1.7, 2.8) 38
[12:25:30.752]: (-0.6, 1.6, 2.8) 7
[12:25:30.792]: (-0.7, 1.6, 2.8) 7
[12:25:31.237]: (0.6, 1.5, 1.8) 18
[12:25:31.258]: (0.9, 1.6, 2.5) 35
[12:25:31.275]: (0.5, 1.5, 1.8) 18
[12:25:31.293]: (0.5, 1.5, 1.8) 18
[12:25:31.308]: (0.5, 1.6, 1.8) 18
[12:25:31.325]: (0.5, 1.6, 1.8) 18
[12:25:31.341]: (0.5, 1.5, 1.8) 18
[12:25:31.372]: (0.5, 1.6, 1.8) 18
[12:25:31.389]: (0.5, 1.6, 1.8) 18
[12:25:31.403]: (0.5, 1.6, 1.8) 18
[12:25:31.418]: (0.5, 1.6, 1.8) 18
[12:25:31.437]: (0.5, 1.6, 1.8) 18
[12:25:31.454]: (0.5, 1.5, 1.8) 18
[12:25:31.471]: (0.5, 1.5, 1.8) 18
[12:25:31.489]: (0.5, 1.5, 1.8) 18
[12:25:31.505]: (0.5, 1.5, 1.9) 18
[12:25:31.522]: (0.5, 1.6, 1.8) 18
[12:25:31.538]: (0.5, 1.6, 1.8) 18
[12:25:31.555]: (0.5, 1.6, 1.8) 18
[12:25:31.573]: (0.5, 1.6, 1.8) 18
[12:25:31.589]: (0.5, 1.6, 1.8) 18
[12:25:31.604]: (0.5, 1.6, 1.9) 18
[12:25:31.665]: (0.5, 1.6, 1.9) 18
[12:25:31.682]: (0.5, 1.6, 1.9) 18
[12:25:31.699]: (0.5, 1.6, 1.9) 18
[12:25:31.731]: (0.5, 1.6, 1.9) 18
[12:25:31.749]: (0.5, 1.6, 1.9) 18
[12:25:31.927]: (0.5, 1.6, 1.9) 18
[12:25:31.971]: (0.5, 1.5, 1.9) 11
[12:25:31.992]: (0.6, 1.5, 1.9) 11
[12:25:32.014]: (0.6, 1.5, 1.9) 11
[12:25:32.036]: (0.6, 1.5, 1.9) 11
[12:25:32.059]: (0.6, 1.5, 1.9) 11
[12:25:32.080]: (0.6, 1.5, 1.8) 18
[12:25:32.103]: (0.6, 1.5, 1.8) 18
[12:25:32.125]: (0.6, 1.5, 1.8) 18
[12:25:32.146]: (0.6, 1.5, 1.8) 18
[12:25:32.161]: (0.9, 1.6, 2.5) 35
[12:25:32.178]: (0.9, 1.6, 2.5) 35
[12:25:32.193]: (0.6, 1.5, 1.8) 18
[12:25:32.209]: (0.6, 1.5, 1.8) 18
[12:25:32.902]: (0.5, 1.5, 1.8) 18
[12:25:32.925]: (0.6, 1.5, 1.8) 18
[12:25:32.948]: (0.5, 1.5, 1.8) 18
[12:25:32.971]: (0.5, 1.5, 1.8) 18
[12:25:32.992]: (0.5, 1.5, 1.8) 18
[12:25:33.013]: (0.5, 1.5, 1.8) 18
[12:25:33.036]: (0.5, 1.5, 1.8) 18
[12:25:33.052]: (0.5, 1.5, 1.8) 18
[12:25:33.071]: (0.5, 1.5, 1.8) 18
[12:25:33.089]: (0.5, 1.5, 1.8) 18
[12:25:33.104]: (0.5, 1.5, 1.8) 18
[12:25:33.120]: (0.5, 1.5, 1.8) 18
[12:25:33.137]: (0.5, 1.5, 1.8) 18
[12:25:33.154]: (0.5, 1.5, 1.8) 18
[12:25:33.261]: (0.7, 1.7, 2.6) 32
[12:25:33.280]: (0.6, 1.7, 2.6) 32
[12:25:33.297]: (0.6, 1.7, 2.6) 32
[12:25:33.313]: (0.6, 1.7, 2.6) 32
[12:25:33.330]: (0.6, 1.7, 2.6) 32
[12:25:33.347]: (0.6, 1.7, 2.6) 32
[12:25:33.362]: (0.6, 1.7, 2.6) 32
[12:25:33.378]: (0.6, 1.7, 2.5) 33
[12:25:33.394]: (0.6, 1.7, 2.5) 33
[12:25:33.412]: (0.6, 1.6, 2.5) 33
[12:25:33.428]: (0.6, 1.6, 2.5) 33
[12:25:33.445]: (0.7, 1.7, 2.6) 32
[12:25:33.468]: (0.7, 1.7, 2.6) 32
[12:25:33.483]: (0.6, 1.7, 2.5) 33
[12:25:33.502]: (0.6, 1.7, 2.6) 32
[12:25:33.525]: (0.7, 1.7, 2.7) 34
[12:25:33.546]: (0.6, 1.7, 2.7) 34
[12:25:33.791]: (-0.7, 1.4, 2.9) 2
[12:25:33.812]: (-0.7, 1.4, 2.9) 2
[12:25:33.903]: (-0.7, 1.3, 2.8) 8
[12:25:33.924]: (-0.7, 1.4, 2.9) 2
[12:25:33.946]: (-0.6, 1.4, 2.9) 2
[12:25:33.963]: (-0.6, 1.4, 2.9) 2
[12:25:33.981]: (-0.6, 1.4, 2.9) 2
[12:25:33.997]: (-0.6, 1.5, 2.9) 2
[12:25:34.031]: (-0.6, 1.4, 2.9) 2
[12:25:34.046]: (-0.6, 1.5, 2.9) 2
[12:25:34.062]: (-0.6, 1.5, 2.9) 2
[12:25:34.078]: (-0.6, 1.4, 2.9) 2
[12:25:34.093]: (-0.6, 1.4, 2.9) 2
[12:25:34.125]: (-1.5, 1.7, 4.0) 21
[12:25:34.172]: (-1.7, 1.6, 4.0) 30
[12:25:34.190]: (-1.7, 1.6, 4.0) 30
[12:25:34.206]: (-1.7, 1.6, 4.0) 30
[12:25:34.223]: (-1.7, 1.5, 4.1) 30
[12:25:34.253]: (-1.5, 1.6, 3.9) 26
[12:25:34.271]: (-1.5, 1.6, 4.0) 21
[12:25:34.288]: (-1.5, 1.5, 3.9) 26
[12:25:34.303]: (-1.5, 1.5, 3.9) 26
[12:25:34.319]: (-1.5, 1.5, 3.9) 26
[12:25:34.336]: (-1.6, 1.6, 3.9) 26
[12:25:34.352]: (-1.6, 1.6, 3.9) 26
[12:25:34.370]: (-1.5, 1.6, 4.0) 21
[12:25:34.391]: (-1.5, 1.6, 4.0) 21
[12:25:34.413]: (-1.5, 1.7, 4.2) 27
[12:25:34.435]: (-1.5, 1.7, 4.2) 27
[12:25:34.458]: (-1.5, 1.7, 4.2) 27
[12:25:34.481]: (-1.5, 1.7, 4.2) 27
[12:25:34.839]: (0.7, 1.7, 2.6) 32
[12:25:34.857]: (0.6, 1.5, 1.8) 18
[12:25:35.060]: (0.9, 1.7, 2.4) 37
[12:25:35.077]: (0.9, 1.7, 2.4) 37
[12:25:35.092]: (0.8, 1.6, 2.4) 37
[12:25:35.110]: (0.8, 1.7, 2.4) 37
[12:25:35.125]: (0.8, 1.7, 2.4) 37
[12:25:35.142]: (0.8, 1.7, 2.4) 37
[12:25:35.279]: (0.6, 1.5, 1.6) 13
[12:25:35.613]: (0.8, 1.7, 2.4) 37
[12:25:35.636]: (0.8, 1.7, 2.4) 37
[12:25:35.657]: (0.8, 1.8, 2.5) 36
[12:25:35.679]: (0.8, 1.7, 2.4) 37
[12:25:35.696]: (0.8, 1.8, 2.5) 36
[12:25:35.715]: (0.8, 1.7, 2.4) 37
[12:25:35.734]: (0.8, 1.7, 2.4) 37
[12:25:35.750]: (0.8, 1.7, 2.5) 31
[12:25:35.767]: (0.8, 1.7, 2.4) 37
[12:25:35.783]: (0.8, 1.7, 2.4) 37
[12:25:35.803]: (0.8, 1.7, 2.5) 31
[12:25:35.818]: (0.8, 1.8, 2.6) 36
[12:25:35.835]: (0.8, 1.8, 2.5) 36
[12:25:35.850]: (0.8, 1.8, 2.5) 36
[12:25:35.866]: (0.8, 1.8, 2.5) 36
[12:25:35.883]: (0.8, 1.8, 2.5) 36
[12:25:35.899]: (0.8, 1.8, 2.5) 36
[12:25:35.915]: (0.8, 1.7, 2.5) 31
[12:25:35.932]: (0.8, 1.7, 2.5) 31
[12:25:35.950]: (0.8, 1.7, 2.6) 31
[12:25:35.970]: (0.8, 1.7, 2.6) 31
[12:25:35.988]: (0.8, 1.7, 2.6) 31
[12:25:36.004]: (0.8, 1.7, 2.6) 31
[12:25:36.021]: (0.8, 1.7, 2.6) 31
[12:25:36.038]: (0.8, 1.7, 2.6) 31
[12:25:36.053]: (0.8, 1.7, 2.6) 31
[12:25:36.070]: (0.8, 1.7, 2.6) 31
[12:25:36.088]: (0.8, 1.7, 2.5) 31
[12:25:36.104]: (0.8, 1.7, 2.5) 31
[12:25:36.124]: (0.8, 1.7, 2.6) 31
[12:25:36.146]: (0.8, 1.7, 2.4) 37
[12:25:36.169]: (0.8, 1.7, 2.4) 37
[12:25:36.190]: (0.8, 1.7, 2.6) 31
[12:25:36.212]: (0.8, 1.7, 2.4) 37
[12:25:36.234]: (0.8, 1.7, 2.4) 37
[12:25:36.257]: (0.8, 1.7, 2.4) 37
[12:25:36.280]: (0.8, 1.7, 2.4) 37
[12:25:36.301]: (0.8, 1.7, 2.4) 37
[12:25:36.323]: (0.8, 1.7, 2.6) 31
[12:25:36.345]: (0.8, 1.7, 2.5) 37
[12:25:36.368]: (0.8, 1.7, 2.6) 31
[12:25:36.389]: (0.8, 1.7, 2.6) 31
[12:25:36.413]: (0.8, 1.7, 2.6) 35
[12:25:36.434]: (0.8, 1.7, 2.6) 31
[12:25:36.635]: (0.6, 1.6, 2.5) 33
[12:25:36.653]: (0.7, 1.6, 2.6) 32
[12:25:36.670]: (0.6, 1.6, 2.5) 33
[12:25:36.685]: (0.7, 1.7, 2.6) 32
[12:25:36.701]: (0.7, 1.7, 2.6) 32
[12:25:36.718]: (0.7, 1.7, 2.6) 32
[12:25:36.734]: (0.7, 1.7, 2.6) 32
[12:25:36.987]: (0.7, 1.7, 2.7) 34
[12:25:37.212]: (0.6, 1.7, 2.6) 32
[12:25:37.233]: (0.6, 1.7, 2.6) 32
[12:25:37.256]: (0.6, 1.7, 2.5) 33
[12:25:37.345]: (0.7, 1.7, 2.7) 34
[12:25:37.462]: (0.7, 1.7, 2.7) 34
[12:25:37.495]: (0.6, 1.7, 2.7) 34
[12:25:37.513]: (0.6, 1.7, 2.7) 34
[12:25:37.530]: (0.6, 1.7, 2.7) 34
[12:25:37.546]: (0.6, 1.7, 2.7) 34
[12:25:37.561]: (0.6, 1.7, 2.7) 34
[12:25:37.578]: (0.6, 1.7, 2.7) 34
[12:25:37.593]: (0.6, 1.7, 2.7) 34
[12:25:37.610]: (0.6, 1.7, 2.6) 32
[12:25:37.627]: (0.6, 1.7, 2.7) 34
[12:25:37.644]: (0.6, 1.7, 2.6) 32
[12:25:37.661]: (0.6, 1.7, 2.6) 32
[12:25:37.677]: (0.6, 1.7, 2.6) 32
[12:25:37.693]: (0.6, 1.7, 2.6) 32
[12:25:37.710]: (0.6, 1.7, 2.6) 32
[12:25:37.726]: (0.6, 1.7, 2.6) 32
[12:25:37.743]: (0.6, 1.7, 2.6) 32
[12:25:37.759]: (0.6, 1.7, 2.6) 32
[12:25:37.777]: (0.6, 1.7, 2.6) 32
[12:25:37.792]: (0.6, 1.7, 2.6) 32
[12:25:37.808]: (0.6, 1.7, 2.6) 32
[12:25:37.823]: (0.6, 1.7, 2.6) 32
[12:25:37.841]: (0.6, 1.7, 2.6) 32
[12:25:37.858]: (0.6, 1.7, 2.6) 32
[12:25:37.874]: (0.6, 1.7, 2.6) 32
[12:25:38.178]: (0.7, 1.7, 2.7) 34
[12:25:38.200]: (0.6, 1.7, 2.7) 34
[12:25:38.226]: (0.6, 1.7, 2.7) 34
[12:25:38.247]: (0.6, 1.7, 2.7) 34
[12:25:38.268]: (0.6, 1.7, 2.7) 34
[12:25:38.290]: (0.6, 1.7, 2.7) 34
[12:25:38.308]: (0.6, 1.7, 2.7) 34
[12:25:38.325]: (0.6, 1.7, 2.7) 34
[12:25:38.343]: (0.6, 1.7, 2.7) 34
[12:25:38.361]: (0.6, 1.7, 2.6) 32
[12:25:38.380]: (0.6, 1.7, 2.7) 34
[12:25:38.397]: (0.6, 1.7, 2.7) 34
[12:25:38.413]: (0.6, 1.7, 2.7) 34
[12:25:38.429]: (0.6, 1.7, 2.6) 32
[12:25:38.447]: (0.6, 1.7, 2.7) 34
[12:25:38.466]: (0.6, 1.7, 2.6) 32
[12:25:38.486]: (0.6, 1.7, 2.6) 32
[12:25:38.505]: (0.6, 1.7, 2.6) 32
[12:25:38.531]: (0.6, 1.7, 2.6) 32
[12:25:38.548]: (0.6, 1.7, 2.6) 32
[12:25:38.569]: (0.6, 1.7, 2.6) 32
[12:25:38.587]: (0.6, 1.7, 2.5) 33
[12:25:38.607]: (0.6, 1.7, 2.6) 32
[12:25:38.625]: (0.6, 1.7, 2.5) 33
[12:25:38.642]: (0.6, 1.7, 2.5) 33
[12:25:38.661]: (0.6, 1.7, 2.6) 32
[12:25:38.679]: (0.6, 1.7, 2.6) 32
[12:25:38.697]: (0.6, 1.7, 2.6) 32
[12:25:38.715]: (0.6, 1.7, 2.6) 32
[12:25:38.733]: (0.6, 1.7, 2.6) 32
[12:25:38.751]: (0.6, 1.7, 2.6) 32
[12:25:38.768]: (0.6, 1.7, 2.6) 32
[12:25:38.786]: (0.6, 1.7, 2.6) 32
[12:25:38.803]: (0.6, 1.7, 2.6) 32
[12:25:38.824]: (0.6, 1.7, 2.6) 32
[12:25:38.845]: (0.6, 1.7, 2.7) 34
[12:25:38.868]: (0.6, 1.7, 2.6) 32
[12:25:38.889]: (0.6, 1.7, 2.6) 32
[12:25:38.911]: (0.6, 1.7, 2.6) 32
[12:25:38.935]: (0.6, 1.7, 2.6) 32
[12:25:38.956]: (0.6, 1.7, 2.6) 32
[12:25:38.979]: (0.6, 1.7, 2.6) 32
[12:25:39.001]: (0.6, 1.7, 2.6) 32
[12:25:39.024]: (0.7, 1.7, 2.6) 32
[12:25:39.046]: (0.7, 1.7, 2.6) 32
[12:25:39.067]: (0.7, 1.7, 2.6) 32
[12:25:39.089]: (0.6, 1.7, 2.6) 32
[12:25:39.111]: (0.6, 1.7, 2.6) 32
[12:25:39.134]: (0.7, 1.7, 2.6) 32
[12:25:39.157]: (0.6, 1.7, 2.6) 32
[12:25:39.178]: (0.6, 1.7, 2.6) 32
[12:25:39.200]: (0.6, 1.7, 2.6) 32
[12:25:39.223]: (0.7, 1.7, 2.6) 32
[12:25:39.245]: (0.7, 1.7, 2.6) 32
[12:25:39.532]: (0.7, 1.7, 2.6) 32
[12:25:39.550]: (0.7, 1.7, 2.6) 32
[12:25:40.143]: (0.6, 1.6, 2.5) 33
[12:25:40.166]: (0.6, 1.7, 2.8) 38
[12:25:40.187]: (0.6, 1.7, 2.8) 38
[12:25:40.210]: (0.6, 1.7, 2.7) 34
[12:25:40.229]: (0.6, 1.7, 2.7) 34
[12:25:40.244]: (0.6, 1.7, 2.7) 34
[12:25:40.260]: (0.6, 1.7, 2.7) 34
[12:25:40.277]: (0.6, 1.7, 2.7) 34
[12:25:40.294]: (0.6, 1.7, 2.7) 34
[12:25:40.311]: (0.6, 1.7, 2.7) 34
[12:25:40.327]: (0.6, 1.7, 2.7) 34
[12:25:40.345]: (0.6, 1.7, 2.8) 34
[12:25:40.361]: (0.6, 1.7, 2.7) 34
[12:25:40.378]: (0.6, 1.7, 2.7) 34
[12:25:40.394]: (0.6, 1.7, 2.7) 34
[12:25:40.410]: (0.6, 1.7, 2.7) 34
[12:25:40.426]: (0.6, 1.7, 2.7) 34
[12:25:40.442]: (0.6, 1.7, 2.8) 34
[12:25:40.458]: (0.6, 1.7, 2.8) 34
[12:25:40.475]: (0.6, 1.7, 2.8) 38
[12:25:40.490]: (0.6, 1.7, 2.8) 38
[12:25:40.507]: (0.6, 1.7, 2.8) 38
[12:25:40.523]: (0.6, 1.7, 2.7) 38
[12:25:40.541]: (0.6, 1.7, 2.7) 38
[12:25:40.559]: (0.6, 1.7, 2.7) 38
[12:25:40.577]: (0.6, 1.7, 2.7) 38
[12:25:40.593]: (0.6, 1.7, 2.8) 38
[12:25:40.610]: (0.6, 1.7, 2.7) 38
[12:25:40.626]: (0.6, 1.7, 2.7) 38
[12:25:40.643]: (0.6, 1.7, 2.8) 38
[12:25:40.665]: (0.6, 1.7, 2.8) 38
[12:25:40.997]: (0.6, 1.7, 2.8) 38
[12:25:41.021]: (0.6, 1.7, 2.8) 38
[12:25:41.044]: (0.6, 1.7, 2.8) 38
[12:25:41.065]: (0.6, 1.7, 2.8) 38
[12:25:41.090]: (0.5, 1.7, 2.8) 38
[12:25:41.111]: (0.5, 1.7, 2.8) 38
[12:25:41.129]: (0.5, 1.7, 2.8) 38
[12:25:41.147]: (0.5, 1.7, 2.8) 38
[12:25:41.163]: (0.5, 1.7, 2.8) 38
[12:25:41.797]: (0.5, 1.7, 2.8) 38
[12:25:41.992]: (-0.5, 1.4, 2.7) 6
[12:25:42.397]: (-0.6, 1.5, 2.9) 2
[12:25:42.488]: (-0.5, 1.5, 2.8) 1
[12:25:42.508]: (-0.5, 1.5, 2.8) 1
[12:25:43.215]: (0.6, 1.7, 2.7) 38
[12:25:43.364]: (0.8, 1.7, 2.4) 37
[12:25:43.387]: (0.8, 1.7, 2.4) 37
[12:25:43.409]: (0.8, 1.7, 2.4) 37
[12:25:43.431]: (0.8, 1.8, 2.6) 31
[12:25:43.453]: (0.8, 1.7, 2.5) 31
[12:25:43.478]: (0.8, 1.7, 2.5) 31
[12:25:43.497]: (0.8, 1.8, 2.6) 31
[12:25:43.520]: (0.8, 1.7, 2.6) 31
[12:25:43.564]: (0.8, 1.7, 2.6) 31
[12:25:43.586]: (0.8, 1.7, 2.6) 31
[12:25:43.609]: (0.8, 1.7, 2.6) 31
[12:25:43.633]: (0.8, 1.7, 2.6) 31
[12:25:43.652]: (0.8, 1.7, 2.6) 31
[12:25:43.676]: (0.8, 1.7, 2.6) 31
[12:25:43.699]: (0.8, 1.7, 2.6) 31
[12:25:43.720]: (0.8, 1.7, 2.6) 31
[12:25:43.737]: (0.8, 1.7, 2.6) 31
[12:25:43.786]: (0.8, 1.7, 2.6) 31
[12:25:43.802]: (0.8, 1.7, 2.6) 31
[12:25:43.819]: (0.8, 1.7, 2.6) 31
[12:25:43.835]: (0.8, 1.7, 2.6) 31
[12:25:43.852]: (0.8, 1.7, 2.6) 31
[12:25:43.869]: (0.8, 1.7, 2.6) 31
[12:25:43.886]: (0.8, 1.8, 2.6) 31
[12:25:43.903]: (0.8, 1.7, 2.6) 31
[12:25:43.919]: (0.8, 1.8, 2.6) 31
[12:25:43.935]: (0.8, 1.8, 2.6) 31
[12:25:43.954]: (0.8, 1.8, 2.6) 31
[12:25:43.971]: (0.8, 1.8, 2.6) 31
[12:25:44.096]: (0.6, 1.5, 1.9) 11
[12:25:44.128]: (0.6, 1.5, 1.9) 11
[12:25:44.145]: (0.6, 1.4, 1.9) 11
[12:25:44.162]: (0.6, 1.4, 1.9) 11
[12:25:44.179]: (0.5, 1.4, 1.9) 11
[12:25:44.197]: (0.5, 1.4, 1.9) 11
[12:25:44.220]: (0.5, 1.4, 1.9) 11
[12:25:44.242]: (0.5, 1.4, 1.9) 11
[12:25:44.264]: (0.6, 1.4, 1.9) 11
[12:25:44.286]: (0.5, 1.4, 1.9) 11
[12:25:44.309]: (0.5, 1.4, 1.9) 11
[12:25:44.331]: (0.6, 1.4, 1.9) 11
[12:25:44.353]: (0.6, 1.4, 1.9) 11
[12:25:44.376]: (0.5, 1.4, 1.9) 11
[12:25:44.761]: (-0.7, 1.4, 2.9) 2
[12:25:44.777]: (-0.7, 1.5, 2.9) 2
[12:25:44.809]: (-0.6, 1.4, 2.9) 2
[12:25:44.826]: (-0.6, 1.4, 2.9) 2
[12:25:44.843]: (-0.6, 1.4, 2.9) 2
[12:25:44.859]: (-0.6, 1.4, 2.9) 2
[12:25:44.875]: (-0.6, 1.4, 3.1) 3
[12:25:44.892]: (-0.6, 1.4, 3.1) 3
[12:25:44.939]: (-1.5, 1.7, 4.2) 27
[12:25:45.096]: (-1.6, 1.7, 4.2) 27
[12:25:45.120]: (-1.6, 1.7, 4.2) 27
[12:25:45.142]: (-1.5, 1.6, 4.0) 21
[12:25:45.186]: (-1.7, 1.6, 4.1) 30
[12:25:45.277]: (-1.7, 1.6, 4.1) 27
[12:25:46.720]: (-2.7, 1.5, 3.5) 30
[12:25:46.753]: (-2.7, 1.5, 3.5) 30
[12:25:46.819]: (-2.8, 1.5, 3.5) 30
[12:25:46.853]: (-2.7, 1.5, 3.5) 30
[12:25:46.886]: (-2.7, 1.5, 3.5) 30
[12:25:46.920]: (-2.7, 1.5, 3.5) 30
[12:25:46.941]: (-2.7, 1.5, 3.5) 30
[12:25:47.944]: (0.0, 0.9, 2.9) 31
[12:25:47.966]: (0.1, 0.9, 1.9) 13
[12:25:47.989]: (0.1, 0.9, 2.7) 37
[12:25:48.055]: (0.1, 1.0, 2.7) 37
[12:25:48.078]: (0.1, 0.9, 2.7) 37
[12:25:48.122]: (0.0, 1.0, 2.1) 18
[12:25:48.143]: (0.2, 0.8, 2.1) 19
[12:25:48.167]: (0.1, 0.9, 1.9) 13
[12:25:48.183]: (0.0, 0.9, 1.9) 13
[12:25:48.234]: (0.0, 0.9, 2.1) 11
[12:25:48.251]: (0.0, 0.9, 2.1) 18
[12:25:48.267]: (0.0, 0.9, 2.1) 11
[12:25:48.284]: (0.0, 0.9, 2.1) 11
[12:25:48.301]: (0.0, 0.9, 2.1) 11
[12:25:48.318]: (0.0, 0.9, 2.1) 18
[12:25:48.334]: (-0.1, 1.0, 2.1) 18
[12:25:48.352]: (-0.1, 1.0, 2.1) 18
[12:25:48.385]: (-0.1, 0.9, 2.1) 18
[12:25:48.448]: (0.0, 0.9, 2.9) 31
[12:25:48.466]: (0.0, 0.9, 2.9) 31
[12:25:48.484]: (0.0, 0.9, 2.9) 31
[12:25:48.501]: (0.0, 0.9, 2.9) 31
[12:25:48.518]: (0.0, 0.9, 2.9) 31
[12:25:48.534]: (0.0, 0.9, 2.9) 31
[12:25:48.550]: (0.0, 0.9, 2.9) 31
[12:25:48.565]: (0.0, 0.9, 2.9) 31
[12:25:48.582]: (0.0, 0.9, 2.9) 31
[12:25:48.601]: (0.0, 0.9, 2.9) 31
[12:25:48.616]: (0.0, 0.9, 2.9) 31
[12:25:48.631]: (0.0, 0.9, 2.9) 31
[12:25:48.651]: (0.0, 0.9, 2.9) 31
[12:25:48.674]: (0.0, 0.9, 2.9) 31
[12:25:48.696]: (0.0, 0.9, 2.9) 31
[12:25:48.720]: (0.0, 0.9, 2.9) 31
[12:25:48.740]: (0.0, 0.9, 2.9) 31
[12:25:49.070]: (0.1, 1.0, 2.9) 36
[12:25:49.086]: (0.1, 1.0, 2.9) 36
[12:25:49.104]: (0.1, 1.0, 2.9) 36
[12:25:49.120]: (0.1, 1.0, 2.9) 36
[12:25:49.137]: (0.1, 1.0, 2.9) 36
[12:25:49.230]: (0.0, 1.0, 2.9) 36
[12:25:49.262]: (0.1, 0.9, 2.7) 37
[12:25:49.405]: (0.0, 1.0, 2.9) 31
[12:25:49.422]: (0.0, 0.9, 2.9) 31
[12:25:49.440]: (0.0, 0.9, 2.9) 31
[12:25:49.474]: (0.0, 0.9, 2.9) 31
[12:25:49.528]: (0.0, 1.0, 2.9) 31
[12:25:49.551]: (0.0, 1.0, 2.9) 36
[12:25:49.596]: (0.1, 0.9, 2.9) 31
[12:25:49.707]: (0.0, 1.0, 2.9) 36
[12:25:49.750]: (0.0, 1.0, 2.9) 36
[12:25:50.651]: (0.0, 0.9, 2.9) 31
[12:25:50.674]: (0.0, 0.9, 2.9) 31
[12:25:50.695]: (0.0, 0.9, 2.9) 31
[12:25:50.717]: (0.0, 0.9, 2.9) 31
[12:25:50.740]: (0.0, 1.0, 2.9) 31
[12:25:50.908]: (-0.1, 0.9, 2.1) 17
[12:25:50.942]: (-0.1, 0.9, 2.7) 33
[12:25:50.960]: (-0.1, 0.9, 2.8) 32
[12:25:50.993]: (0.0, 0.9, 2.9) 31
[12:25:51.071]: (0.0, 0.9, 2.9) 31
[12:25:51.088]: (-0.1, 0.9, 2.9) 32
[12:25:51.137]: (-0.1, 1.0, 2.9) 32
[12:25:51.155]: (-0.1, 1.0, 2.9) 32
[12:25:51.171]: (-0.1, 1.0, 2.8) 32
[12:25:51.495]: (0.0, 0.9, 1.9) 13
[12:25:51.517]: (0.0, 0.8, 1.9) 9
[12:25:51.540]: (0.0, 0.8, 1.9) 9
[12:25:51.562]: (0.0, 0.8, 1.9) 9
[12:25:51.584]: (0.0, 0.9, 1.9) 13
[12:25:51.607]: (0.0, 0.9, 1.9) 13
[12:25:51.631]: (0.0, 0.9, 1.9) 13
[12:25:51.650]: (0.0, 0.9, 1.9) 9
[12:25:51.674]: (0.0, 0.9, 1.9) 13
[12:25:51.691]: (0.0, 0.9, 1.9) 13
[12:25:51.707]: (0.0, 0.9, 1.9) 9
[12:25:51.723]: (0.0, 0.8, 1.9) 9
[12:25:51.741]: (0.0, 0.8, 1.9) 9
[12:25:51.757]: (0.0, 0.8, 1.9) 9
[12:25:51.775]: (0.1, 0.8, 1.9) 9
[12:25:51.792]: (0.1, 0.8, 1.9) 9
[12:25:51.807]: (0.0, 0.8, 1.9) 9
[12:25:51.825]: (0.0, 0.8, 1.9) 9
[12:25:51.842]: (0.0, 0.8, 1.9) 9
[12:25:51.860]: (0.0, 0.8, 1.9) 9
[12:25:51.876]: (0.0, 0.8, 1.9) 9
[12:25:51.892]: (0.0, 0.8, 1.9) 9
[12:25:51.908]: (0.0, 0.8, 1.9) 9
[12:25:51.925]: (0.0, 0.8, 1.9) 9
[12:25:51.958]: (0.2, 0.8, 2.0) 19
[12:25:51.974]: (0.1, 0.9, 1.9) 13
[12:25:51.991]: (0.1, 0.9, 1.9) 13
[12:25:52.006]: (0.1, 0.9, 1.9) 13
[12:25:52.023]: (0.1, 0.9, 1.9) 13
[12:25:52.040]: (0.1, 0.9, 1.9) 13
[12:25:52.056]: (0.1, 0.9, 1.9) 13
[12:25:52.074]: (0.1, 0.9, 1.9) 13
[12:25:52.091]: (0.1, 0.9, 1.9) 13
[12:25:52.108]: (0.1, 0.9, 1.9) 13
[12:25:52.128]: (0.1, 0.9, 1.9) 13
[12:25:52.151]: (0.1, 0.9, 1.9) 13
[12:25:52.173]: (0.1, 0.9, 1.9) 13
[12:25:52.195]: (0.1, 0.9, 1.9) 13
[12:25:52.218]: (0.1, 0.9, 1.9) 13
[12:25:52.239]: (0.1, 0.9, 1.9) 13
[12:25:52.262]: (0.1, 0.9, 1.9) 13
[12:25:52.283]: (0.1, 0.9, 1.9) 13
[12:25:52.329]: (0.0, 0.8, 2.1) 11
[12:25:52.350]: (0.0, 0.8, 2.1) 11
[12:25:52.374]: (0.0, 0.8, 2.1) 11
[12:25:52.394]: (0.0, 0.8, 2.1) 11
[12:25:52.417]: (0.0, 0.8, 2.1) 11
[12:25:52.440]: (0.0, 0.8, 2.1) 11
[12:25:52.484]: (0.0, 0.8, 2.1) 11
[12:25:52.505]: (0.0, 0.8, 2.1) 11
[12:25:52.527]: (0.0, 0.8, 2.1) 11
[12:25:52.550]: (-0.1, 0.8, 2.1) 11
[12:25:52.573]: (-0.1, 0.8, 2.1) 11
[12:25:52.589]: (-0.1, 0.8, 2.1) 11
[12:25:52.606]: (0.0, 0.8, 2.1) 11
[12:25:52.622]: (0.0, 0.8, 2.1) 11
[12:25:52.637]: (0.0, 0.8, 2.1) 11
[12:25:52.700]: (0.0, 0.8, 1.9) 9
[12:25:52.717]: (0.0, 0.9, 1.9) 9
[12:25:52.734]: (0.0, 0.9, 1.9) 9
[12:25:52.750]: (0.0, 0.9, 1.9) 9
[12:25:52.765]: (0.0, 0.9, 1.9) 9
[12:25:52.782]: (0.0, 0.8, 1.9) 9
[12:25:52.800]: (0.0, 0.8, 2.1) 11
[12:25:52.816]: (0.0, 0.8, 2.1) 11
[12:25:52.833]: (0.0, 0.8, 2.1) 11
[12:25:52.850]: (0.0, 0.8, 2.1) 11
[12:25:52.866]: (0.0, 0.8, 1.9) 9
[12:25:52.931]: (0.0, 0.8, 2.1) 11
[12:25:52.948]: (0.0, 0.8, 1.9) 9
[12:25:52.965]: (-0.1, 0.6, 1.9) 15
[12:25:53.139]: (-0.1, 0.7, 1.9) 10
[12:25:53.161]: (0.0, 0.8, 1.9) 9
[12:25:53.183]: (0.0, 0.8, 1.9) 9
[12:25:53.206]: (0.0, 0.8, 1.9) 9
[12:25:53.228]: (0.0, 0.9, 1.9) 13
[12:25:53.294]: (0.0, 0.8, 2.1) 11
[12:25:53.544]: (0.0, 0.9, 1.9) 13
[12:25:53.577]: (0.0, 0.9, 1.9) 13
[12:25:53.593]: (0.0, 0.9, 1.9) 13
[12:25:53.609]: (0.0, 0.9, 1.9) 13
[12:25:53.625]: (0.0, 0.9, 1.9) 13
[12:25:53.640]: (0.0, 0.9, 1.9) 13
[12:25:53.655]: (0.1, 0.9, 2.7) 37
[12:25:54.230]: (-0.2, 1.0, 3.0) 38
[12:25:54.251]: (-0.3, 1.0, 3.0) 38
[12:25:54.275]: (-0.3, 1.0, 3.0) 38
[12:25:54.541]: (-1.4, 1.1, 2.7) 2
[12:25:54.559]: (-1.4, 1.1, 2.7) 2
[12:25:54.576]: (-1.4, 1.1, 2.7) 2
[12:25:54.594]: (-1.5, 1.1, 2.7) 2
[12:25:55.970]: (0.1, 1.0, 2.9) 36
[12:25:55.993]: (0.1, 1.0, 2.9) 36
[12:25:56.015]: (0.1, 1.0, 2.9) 36
[12:25:56.037]: (0.1, 0.9, 2.9) 36
[12:25:56.060]: (0.1, 1.0, 2.9) 36
[12:25:56.083]: (0.1, 1.0, 2.9) 36
[12:25:56.104]: (0.1, 1.0, 2.9) 36
[12:25:56.126]: (0.1, 1.0, 2.9) 36
[12:25:56.144]: (0.1, 1.0, 2.9) 36
[12:25:56.160]: (0.1, 1.0, 2.9) 36
[12:25:56.178]: (0.1, 1.0, 2.9) 36
[12:25:56.195]: (0.1, 1.0, 2.9) 36
[12:25:56.227]: (0.1, 1.0, 2.7) 37
[12:25:56.257]: (0.1, 1.0, 2.7) 37
[12:25:56.474]: (-0.2, 0.8, 1.9) 16
[12:25:56.592]: (0.0, 0.7, 2.0) 12
[12:25:56.770]: (0.1, 0.9, 2.8) 37
[12:25:56.814]: (0.1, 0.9, 2.8) 37
[12:25:56.838]: (0.0, 1.0, 2.9) 36
[12:25:56.859]: (0.1, 0.9, 2.9) 36
[12:25:57.073]: (0.1, 1.0, 2.8) 37
[12:25:57.090]: (0.1, 0.9, 2.7) 37
[12:25:57.107]: (0.1, 1.0, 2.9) 36
[12:25:57.124]: (0.1, 1.0, 2.9) 36
[12:25:57.141]: (0.1, 1.0, 2.9) 36
[12:25:57.157]: (0.1, 1.0, 2.9) 36
[12:25:57.191]: (0.1, 1.0, 2.9) 36
[12:25:57.692]: (-0.1, 0.9, 2.9) 32
[12:25:59.392]: (-1.6, 1.1, 2.8) 0
[12:25:59.414]: (-1.5, 1.1, 2.7) 2
[12:25:59.435]: (-1.5, 1.1, 2.7) 2
[12:25:59.458]: (-1.5, 1.1, 2.7) 2
[12:25:59.613]: (-1.5, 1.1, 2.7) 2
[12:25:59.636]: (-1.5, 1.1, 2.7) 2
[12:25:59.658]: (-1.5, 1.1, 2.7) 2
[12:25:59.681]: (-1.5, 1.1, 2.7) 2
[12:25:59.699]: (-1.5, 1.1, 2.7) 2
[12:25:59.715]: (-1.5, 1.1, 2.7) 2
[12:25:59.732]: (-1.5, 1.1, 2.7) 2
[12:25:59.749]: (-1.5, 1.1, 2.7) 2
[12:25:59.766]: (-1.4, 1.1, 2.7) 2
[12:25:59.782]: (-1.4, 1.1, 2.7) 2
[12:25:59.797]: (-1.4, 1.1, 2.7) 2
[12:25:59.814]: (-1.5, 1.1, 2.7) 2
[12:25:59.829]: (-1.4, 1.1, 2.7) 2
[12:25:59.846]: (-1.4, 1.1, 2.7) 2
[12:25:59.861]: (-1.4, 1.1, 2.7) 2
[12:25:59.879]: (-1.4, 1.1, 2.7) 2
[12:25:59.894]: (-1.4, 1.1, 2.7) 2
[12:25:59.910]: (-1.4, 1.1, 2.7) 2
[12:25:59.926]: (-1.4, 1.1, 2.7) 2
[12:25:59.942]: (-1.4, 1.1, 2.7) 2
[12:25:59.960]: (-1.4, 1.1, 2.7) 2
[12:25:59.978]: (-1.4, 1.1, 2.7) 2
[12:25:59.992]: (-1.4, 1.1, 2.7) 2
[12:26:00.008]: (-1.4, 1.1, 2.7) 2
[12:26:00.027]: (-1.4, 1.1, 2.7) 2
[12:26:00.044]: (-1.4, 1.1, 2.7) 2
[12:26:00.063]: (-1.4, 1.1, 2.7) 2
[12:26:00.080]: (-1.4, 1.1, 2.7) 2
[12:26:00.096]: (-1.4, 1.1, 2.7) 2
[12:26:00.113]: (-1.4, 1.1, 2.7) 2
[12:26:00.129]: (-1.4, 1.1, 2.7) 2
[12:26:00.147]: (-1.4, 1.1, 2.7) 2
[12:26:00.169]: (-1.4, 1.1, 2.7) 2
[12:26:00.191]: (-1.4, 1.1, 2.7) 2
[12:26:00.214]: (-1.4, 1.1, 2.7) 2
[12:26:00.236]: (-1.4, 1.1, 2.7) 2
[12:26:00.258]: (-1.3, 1.1, 2.6) 6
[12:26:00.280]: (-1.3, 1.1, 2.5) 6
[12:26:00.302]: (-1.3, 1.1, 2.5) 6
[12:26:00.324]: (-1.3, 1.1, 2.5) 6
[12:26:00.346]: (-1.3, 1.1, 2.5) 6
[12:26:00.369]: (-1.3, 1.1, 2.5) 6
[12:26:00.390]: (-1.3, 1.1, 2.5) 6
[12:26:00.415]: (-1.3, 1.1, 2.5) 6
[12:26:00.436]: (-1.3, 1.1, 2.5) 6
[12:26:00.458]: (-1.3, 1.1, 2.5) 6
[12:26:00.480]: (-1.3, 1.1, 2.5) 6
[12:26:00.501]: (-1.3, 1.1, 2.5) 6
[12:26:00.525]: (-1.3, 1.1, 2.5) 6
[12:26:00.547]: (-1.3, 1.1, 2.5) 6
[12:26:00.568]: (-1.3, 1.1, 2.6) 6
[12:26:00.586]: (-1.3, 1.1, 2.6) 6
[12:26:00.602]: (-1.4, 1.1, 2.7) 1
[12:26:00.618]: (-1.4, 1.2, 2.6) 7
[12:26:00.635]: (-1.5, 1.2, 2.7) 2
[12:26:00.651]: (-1.5, 1.1, 2.7) 2
[12:26:00.668]: (-1.5, 1.1, 2.7) 2
[12:26:00.686]: (-1.5, 1.1, 2.7) 2
[12:26:00.704]: (-1.5, 1.1, 2.7) 2
[12:26:00.721]: (-1.5, 1.1, 2.7) 2
[12:26:00.739]: (-1.5, 1.1, 2.7) 2
[12:26:00.755]: (-1.4, 1.2, 2.6) 7
[12:26:00.771]: (-1.4, 1.2, 2.7) 7
[12:26:00.789]: (-1.4, 1.2, 2.7) 7
[12:26:00.806]: (-1.4, 1.2, 2.7) 7
[12:26:00.945]: (-0.2, 1.0, 3.0) 38
[12:26:00.961]: (0.1, 1.0, 2.9) 36
[12:26:01.113]: (0.1, 1.0, 2.9) 36
[12:26:01.135]: (0.1, 1.0, 2.9) 36
[12:26:01.157]: (0.1, 1.0, 2.9) 36
[12:26:01.179]: (0.1, 1.0, 2.9) 36
[12:26:01.202]: (0.1, 1.0, 2.9) 36
[12:26:01.224]: (0.1, 1.0, 2.9) 36
[12:26:01.246]: (0.0, 1.0, 2.9) 31
[12:26:01.446]: (-0.1, 0.7, 1.9) 15
[12:26:01.652]: (-0.2, 1.0, 2.9) 32
[12:26:01.763]: (-0.2, 1.0, 3.0) 38
[12:26:02.056]: (0.0, 1.0, 2.9) 36
[12:26:02.562]: (0.0, 0.9, 2.9) 31
[12:26:02.595]: (0.0, 1.0, 2.9) 31
[12:26:02.610]: (0.0, 1.0, 2.9) 31
[12:26:02.628]: (0.0, 1.0, 2.9) 31
[12:26:02.646]: (0.0, 0.9, 2.9) 31
[12:26:02.663]: (0.0, 0.9, 2.9) 31
[12:26:02.680]: (0.0, 0.9, 2.9) 31
[12:26:02.772]: (0.0, 0.9, 2.9) 31
[12:26:02.969]: (-1.4, 0.9, 2.7) 4
[12:26:02.990]: (-1.3, 1.1, 2.7) 1
[12:26:03.588]: (-1.6, 1.1, 2.6) 8
[12:26:03.605]: (-1.6, 1.1, 2.6) 8
[12:26:03.622]: (-1.6, 1.1, 2.6) 8
[12:26:03.637]: (-1.6, 1.1, 2.6) 8
[12:26:03.656]: (-1.6, 1.1, 2.6) 8
[12:26:04.237]: (-1.5, 1.1, 2.7) 2
[12:26:04.253]: (-1.5, 1.1, 2.7) 2
[12:26:04.269]: (-1.5, 1.1, 2.7) 2
[12:26:04.286]: (-1.5, 1.1, 2.7) 2
[12:26:04.302]: (-1.5, 1.1, 2.7) 2
[12:26:04.335]: (-1.4, 1.2, 2.6) 7
[12:26:04.977]: (0.1, 1.0, 2.9) 36
[12:26:04.993]: (0.1, 1.0, 2.9) 36
[12:26:05.025]: (0.1, 1.0, 2.9) 36
[12:26:05.041]: (0.1, 1.0, 2.9) 36
[12:26:05.058]: (0.1, 1.0, 2.9) 36
[12:26:05.075]: (0.1, 1.0, 2.9) 36
[12:26:05.091]: (0.1, 1.0, 2.9) 36
[12:26:05.106]: (0.1, 1.0, 2.9) 36
[12:26:05.122]: (0.1, 1.0, 2.9) 36
[12:26:05.138]: (0.1, 1.0, 2.9) 36
[12:26:05.183]: (0.1, 1.0, 2.9) 36
[12:26:05.202]: (0.1, 1.0, 2.9) 36
[12:26:05.218]: (0.1, 1.0, 2.9) 36
[12:26:05.234]: (0.1, 1.0, 2.9) 36
[12:26:05.249]: (0.1, 1.0, 2.9) 36
[12:26:05.265]: (0.1, 1.0, 2.9) 36
[12:26:05.282]: (0.1, 1.0, 2.9) 36
[12:26:05.299]: (0.1, 1.0, 2.9) 36
[12:26:05.315]: (0.1, 1.0, 2.9) 36
[12:26:05.633]: (0.0, 1.0, 2.9) 36
[12:26:05.656]: (0.0, 1.0, 2.9) 36
[12:26:05.679]: (0.0, 1.0, 2.9) 36
[12:26:05.812]: (0.1, 1.0, 2.9) 36
[12:26:06.007]: (0.1, 1.0, 2.9) 36
[12:26:06.024]: (0.1, 1.0, 2.9) 36
[12:26:06.039]: (0.0, 1.0, 2.9) 36
[12:26:06.057]: (0.1, 1.0, 2.9) 36
[12:26:06.072]: (0.1, 1.0, 2.9) 36
[12:26:06.089]: (0.1, 1.0, 2.9) 36
[12:26:06.106]: (0.1, 1.0, 2.9) 36
[12:26:06.123]: (0.1, 1.0, 2.9) 36
[12:26:06.139]: (0.1, 1.0, 2.9) 36
[12:26:06.155]: (0.1, 1.0, 2.9) 36
[12:26:06.172]: (0.1, 1.0, 2.9) 36
[12:26:06.190]: (0.1, 1.0, 2.9) 36
[12:26:06.208]: (0.1, 1.0, 2.9) 36
[12:26:06.224]: (0.1, 1.0, 2.9) 36
[12:26:06.256]: (0.1, 1.0, 2.9) 36
[12:26:06.390]: (0.1, 0.7, 1.8) 14
[12:26:06.411]: (0.1, 0.9, 2.9) 35
[12:26:06.457]: (0.0, 1.0, 2.9) 36
[12:26:06.936]: (-0.2, 0.9, 3.0) 34
[12:26:07.951]: (0.1, 0.9, 1.9) 13
[12:26:08.210]: (0.2, 0.9, 2.8) 37
[12:26:08.300]: (0.0, 1.0, 2.9) 36
[12:26:08.344]: (0.0, 0.9, 2.9) 31
[12:26:08.367]: (0.0, 0.9, 2.9) 31
[12:26:08.391]: (0.0, 0.9, 2.9) 31
[12:26:08.409]: (0.0, 0.9, 2.9) 31
[12:26:08.433]: (0.0, 0.9, 2.9) 31
[12:26:08.455]: (0.0, 0.9, 2.9) 31
[12:26:08.471]: (0.0, 0.9, 2.9) 31
[12:26:08.487]: (0.0, 0.9, 2.9) 31
[12:26:08.641]: (-0.1, 0.9, 1.9) 16
[12:26:08.785]: (-0.1, 0.6, 1.9) 15
[12:26:08.815]: (-0.1, 0.9, 1.9) 16
[12:26:08.831]: (-0.2, 0.9, 2.1) 17
[12:26:08.860]: (-0.1, 0.9, 2.9) 32
[12:26:08.878]: (0.0, 0.9, 2.9) 31
[12:26:08.898]: (0.0, 0.9, 2.9) 31
[12:26:08.944]: (-0.1, 1.0, 2.9) 32
[12:26:08.967]: (-0.1, 1.0, 2.8) 32
[12:26:08.990]: (-0.1, 1.0, 2.9) 32
[12:26:09.010]: (-0.1, 1.0, 2.8) 32
[12:26:09.033]: (-0.1, 1.0, 2.8) 32
[12:26:09.055]: (-0.1, 1.0, 2.8) 32
[12:26:09.076]: (-0.1, 1.0, 2.8) 32
[12:26:09.099]: (-0.1, 1.0, 2.8) 32
[12:26:09.123]: (-0.1, 1.0, 2.8) 32
[12:26:09.144]: (-0.1, 1.0, 2.8) 32
[12:26:09.166]: (-0.1, 1.0, 2.8) 32
[12:26:09.457]: (-0.1, 1.0, 2.9) 32
[12:26:09.474]: (-0.1, 0.9, 2.7) 33
