[12:15:46.570]: (0.0, -0.3, 4.2) 29
[12:15:46.753]: (0.1, 0.4, 4.4) 29
[12:15:46.928]: (0.0, 0.9, 4.5) 29
[12:15:47.262]: (0.4, 1.5, 3.6) 14
[12:15:47.327]: (0.5, 1.7, 3.5) 19
[12:15:47.397]: (0.3, 1.7, 2.7) 11
[12:15:47.427]: (0.3, 1.7, 2.7) 11
[12:15:47.462]: (0.3, 1.7, 2.7) 11
[12:15:47.482]: (0.3, 1.7, 2.7) 11
[12:15:47.503]: (0.5, 1.9, 3.5) 19
[12:15:47.527]: (0.4, 1.9, 3.3) 20
[12:15:47.547]: (0.4, 1.9, 3.3) 20
[12:15:47.570]: (0.3, 1.8, 3.4) 20
[12:15:47.594]: (0.3, 1.8, 3.4) 20
[12:15:47.614]: (0.3, 1.8, 3.4) 20
[12:15:47.638]: (0.3, 1.9, 3.4) 15
[12:15:47.680]: (0.3, 1.9, 3.3) 20
[12:15:47.970]: (0.3, 1.9, 3.6) 17
[12:15:48.440]: (0.6, 3.2, 2.6) 15
[12:15:48.463]: (0.6, 3.2, 2.7) 18
[12:15:48.753]: (0.6, 3.0, 2.8) 17
[12:15:48.804]: (0.5, 2.9, 2.8) 14
[12:15:48.821]: (0.6, 2.9, 2.8) 14
[12:15:48.838]: (0.6, 2.9, 2.7) 15
[12:15:48.856]: (0.6, 2.9, 2.7) 20
[12:15:48.874]: (0.6, 2.9, 2.7) 15
[12:15:48.892]: (0.6, 2.9, 2.7) 15
[12:15:48.908]: (0.6, 2.9, 2.7) 20
[12:15:48.926]: (0.6, 2.9, 2.6) 20
[12:15:48.943]: (0.6, 2.9, 2.6) 20
[12:15:48.961]: (0.6, 2.9, 2.6) 20
[12:15:48.977]: (0.6, 2.9, 2.6) 20
[12:15:48.993]: (0.6, 2.9, 2.6) 20
[12:15:49.010]: (0.6, 2.9, 2.7) 15
[12:15:49.026]: (0.6, 2.9, 2.7) 15
[12:15:49.044]: (0.6, 2.9, 2.7) 15
[12:15:49.093]: (0.6, 2.9, 2.8) 14
[12:15:49.109]: (0.6, 2.9, 2.8) 14
[12:15:49.125]: (0.6, 3.0, 2.8) 14
[12:15:49.142]: (0.6, 3.0, 2.8) 14
[12:15:49.160]: (0.6, 3.0, 2.8) 14
[12:15:49.537]: (0.7, 3.3, 2.0) 16
[12:15:49.911]: (0.6, 2.7, 2.4) 15
[12:15:50.380]: (0.5, 2.8, 2.4) 14
[12:15:50.921]: (0.5, 2.7, 2.0) 16
[12:15:50.941]: (0.5, 2.6, 2.0) 16
[12:15:50.964]: (0.5, 2.7, 2.1) 14
[12:15:51.083]: (0.5, 2.6, 2.2) 17
[12:15:51.105]: (0.5, 2.6, 2.2) 17
[12:15:51.125]: (0.5, 2.6, 2.2) 17
[12:15:51.145]: (0.4, 2.6, 2.2) 17
[12:15:51.163]: (0.4, 2.6, 2.2) 17
[12:15:51.226]: (0.4, 2.6, 2.3) 21
[12:15:51.242]: (0.4, 2.6, 2.3) 21
[12:15:51.290]: (0.4, 2.6, 2.3) 21
[12:15:51.314]: (0.4, 2.7, 2.3) 21
[12:15:52.157]: (-0.2, 3.4, 2.7) 32
[12:15:52.291]: (-0.4, 3.4, 2.7) 30
[12:15:52.313]: (-0.5, 3.4, 2.7) 30
[12:15:52.335]: (-0.5, 3.4, 2.7) 30
[12:15:52.358]: (-0.4, 3.3, 2.6) 27
[12:15:52.379]: (-0.4, 3.3, 2.6) 27
[12:15:52.402]: (-0.5, 3.1, 2.6) 28
[12:15:52.693]: (-0.7, 3.4, 2.7) 31
[12:15:52.711]: (-0.7, 3.4, 2.7) 31
[12:15:52.729]: (-0.8, 3.4, 2.7) 31
[12:15:53.225]: (-0.8, 3.4, 2.7) 31
[12:15:53.246]: (-0.8, 3.4, 2.7) 31
[12:15:53.268]: (-0.8, 3.3, 2.7) 31
[12:15:53.290]: (-0.7, 3.4, 2.7) 31
[12:15:53.313]: (-0.7, 3.4, 2.7) 31
[12:15:53.335]: (-0.7, 3.4, 2.7) 31
[12:15:53.359]: (-0.7, 3.4, 2.7) 31
[12:15:53.380]: (-0.7, 3.4, 2.7) 31
[12:15:53.397]: (-0.7, 3.4, 2.7) 31
[12:15:53.414]: (-0.7, 3.4, 2.7) 31
[12:15:53.430]: (-0.7, 3.4, 2.7) 31
[12:15:53.508]: (-0.6, 3.0, 2.3) 26
[12:15:53.524]: (-0.6, 3.0, 2.3) 26
[12:15:53.542]: (-0.6, 3.0, 2.3) 26
[12:15:53.558]: (-0.6, 3.0, 2.3) 26
[12:15:53.574]: (-0.6, 3.0, 2.3) 26
[12:15:53.590]: (-0.6, 2.9, 2.2) 24
[12:15:53.606]: (-0.6, 3.0, 2.3) 26
[12:15:53.621]: (-0.6, 3.0, 2.3) 26
[12:15:53.638]: (-0.6, 3.0, 2.3) 26
[12:15:53.654]: (-0.6, 3.0, 2.3) 26
[12:15:53.846]: (0.4, 2.6, 2.3) 21
[12:15:54.357]: (1.1, 3.0, 2.7) 0
[12:15:54.390]: (0.7, 2.6, 2.2) 19
[12:15:54.409]: (0.7, 2.6, 2.2) 19
[12:15:54.425]: (0.7, 2.6, 2.2) 19
[12:15:54.441]: (0.7, 2.6, 2.2) 19
[12:15:54.458]: (0.7, 2.6, 2.2) 19
[12:15:54.475]: (0.7, 2.6, 2.2) 19
[12:15:54.490]: (0.7, 2.6, 2.1) 19
[12:15:54.660]: (0.6, 2.4, 2.1) 20
[12:15:54.680]: (0.6, 2.5, 2.1) 15
[12:15:54.991]: (0.6, 2.5, 2.2) 15
[12:15:55.167]: (0.5, 2.5, 2.2) 14
[12:15:55.184]: (0.5, 2.5, 2.2) 14
[12:15:55.264]: (0.5, 2.6, 2.2) 17
[12:15:55.402]: (0.5, 2.6, 2.2) 14
[12:15:55.590]: (0.5, 2.6, 2.2) 17
[12:15:55.611]: (0.5, 2.6, 2.2) 17
[12:15:55.634]: (0.5, 2.6, 2.2) 14
[12:15:55.657]: (0.5, 2.6, 2.2) 14
[12:15:55.678]: (0.5, 2.6, 2.2) 14
[12:15:55.702]: (0.5, 2.6, 2.2) 14
[12:15:55.724]: (0.5, 2.6, 2.2) 14
[12:15:55.747]: (0.5, 2.6, 2.2) 14
[12:15:55.769]: (0.5, 2.5, 2.2) 14
[12:15:55.790]: (0.5, 2.5, 2.2) 14
[12:15:55.811]: (0.5, 2.6, 2.2) 14
[12:15:55.834]: (0.5, 2.6, 2.2) 14
[12:15:55.856]: (0.5, 2.6, 2.2) 14
[12:15:55.878]: (0.5, 2.6, 2.2) 14
[12:15:55.902]: (0.5, 2.6, 2.2) 14
[12:15:56.011]: (0.5, 2.6, 2.2) 17
[12:15:56.033]: (0.5, 2.6, 2.2) 17
[12:15:56.050]: (0.5, 2.6, 2.2) 17
[12:15:56.066]: (0.5, 2.6, 2.2) 17
[12:15:56.083]: (0.5, 2.6, 2.2) 17
[12:15:56.101]: (0.5, 2.6, 2.2) 17
[12:15:56.119]: (0.5, 2.6, 2.2) 17
[12:15:56.134]: (0.5, 2.6, 2.2) 14
[12:15:56.151]: (0.5, 2.6, 2.2) 14
[12:15:56.167]: (0.5, 2.6, 2.2) 14
[12:15:56.182]: (0.5, 2.6, 2.2) 14
[12:15:56.200]: (0.5, 2.6, 2.2) 14
[12:15:56.219]: (0.5, 2.6, 2.2) 14
[12:15:56.234]: (0.5, 2.6, 2.2) 14
[12:15:56.249]: (0.5, 2.6, 2.2) 17
[12:15:56.265]: (0.5, 2.6, 2.2) 17
[12:15:56.282]: (0.5, 2.6, 2.2) 17
[12:15:56.299]: (0.5, 2.6, 2.2) 17
[12:15:56.315]: (0.5, 2.6, 2.2) 17
[12:15:57.031]: (0.4, 2.4, 2.1) 16
[12:15:57.411]: (0.5, 2.6, 2.2) 17
[12:15:57.766]: (0.4, 2.6, 2.2) 17
[12:15:57.782]: (0.4, 2.6, 2.2) 17
[12:15:57.799]: (0.4, 2.6, 2.2) 17
[12:15:57.814]: (0.4, 2.5, 2.1) 16
[12:15:57.936]: (-0.4, 3.3, 2.6) 27
[12:15:58.137]: (-0.2, 3.3, 2.7) 29
[12:15:58.266]: (-0.5, 3.4, 2.7) 30
[12:15:58.288]: (-0.5, 3.4, 2.7) 30
[12:15:58.311]: (-0.5, 3.4, 2.8) 30
[12:15:58.332]: (-0.5, 3.3, 2.6) 27
[12:15:58.356]: (-0.5, 3.3, 2.7) 30
[12:15:58.376]: (-0.5, 3.3, 2.8) 30
[12:15:58.400]: (-0.5, 3.3, 2.7) 30
[12:15:58.421]: (-0.5, 3.2, 2.6) 28
[12:15:58.467]: (-0.5, 3.2, 2.6) 28
[12:15:58.488]: (-0.5, 3.1, 2.6) 28
[12:15:58.511]: (-0.5, 3.1, 2.6) 28
[12:15:58.533]: (-0.5, 2.8, 2.2) 25
[12:15:58.555]: (-0.5, 2.8, 2.3) 25
[12:15:58.600]: (-0.6, 2.8, 2.2) 22
[12:15:58.659]: (-0.5, 3.1, 2.6) 28
[12:15:58.677]: (-0.5, 3.2, 2.6) 28
[12:15:58.723]: (-0.5, 3.2, 2.6) 28
[12:15:58.740]: (-0.5, 3.1, 2.6) 28
[12:15:58.851]: (-0.6, 3.0, 2.3) 26
[12:15:58.867]: (-0.6, 3.0, 2.3) 26
[12:15:58.882]: (-0.6, 3.0, 2.3) 26
[12:15:59.266]: (-0.5, 3.4, 2.7) 30
[12:15:59.289]: (-0.5, 3.4, 2.7) 30
[12:15:59.311]: (-0.5, 3.4, 2.7) 30
[12:15:59.332]: (-0.5, 3.3, 2.7) 30
[12:15:59.354]: (-0.5, 3.4, 2.7) 30
[12:15:59.639]: (-0.3, 3.4, 2.7) 32
[12:15:59.674]: (-0.2, 3.4, 2.7) 32
[12:15:59.810]: (0.6, 2.4, 2.0) 20
[12:15:59.827]: (1.2, 3.0, 2.6) 1
[12:15:59.860]: (0.7, 2.6, 2.2) 19
[12:16:01.370]: (0.5, 2.6, 2.2) 17
[12:16:01.387]: (0.5, 2.6, 2.2) 17
[12:16:01.403]: (0.5, 2.6, 2.2) 14
[12:16:01.419]: (0.5, 2.5, 2.1) 16
[12:16:01.434]: (0.5, 2.5, 2.2) 14
[12:16:01.450]: (0.5, 2.5, 2.2) 14
[12:16:01.466]: (0.5, 2.5, 2.2) 14
[12:16:01.482]: (0.5, 2.5, 2.2) 14
[12:16:01.499]: (0.5, 2.5, 2.2) 14
[12:16:01.515]: (0.5, 2.5, 2.2) 14
[12:16:01.532]: (0.5, 2.5, 2.2) 14
[12:16:01.676]: (0.5, 2.6, 2.2) 17
[12:16:02.175]: (0.5, 2.6, 2.2) 17
[12:16:02.191]: (0.5, 2.6, 2.2) 17
[12:16:02.212]: (0.5, 2.7, 2.2) 17
[12:16:02.264]: (0.5, 2.6, 2.2) 17
[12:16:02.284]: (0.5, 2.6, 2.2) 17
[12:16:02.302]: (0.5, 2.6, 2.2) 17
[12:16:02.321]: (0.4, 2.6, 2.2) 17
[12:16:02.340]: (0.4, 2.6, 2.2) 17
[12:16:02.357]: (0.4, 2.6, 2.2) 17
[12:16:02.376]: (0.4, 2.6, 2.2) 17
[12:16:02.398]: (0.4, 2.6, 2.2) 17
[12:16:02.416]: (0.4, 2.6, 2.2) 17
[12:16:02.433]: (0.4, 2.6, 2.2) 17
[12:16:02.450]: (0.4, 2.6, 2.2) 17
[12:16:02.900]: (0.4, 2.7, 2.2) 21
[12:16:03.069]: (0.4, 2.7, 2.3) 21
[12:16:03.088]: (0.4, 2.7, 2.3) 21
[12:16:03.106]: (0.4, 2.7, 2.3) 21
[12:16:03.123]: (0.4, 2.7, 2.3) 21
[12:16:03.158]: (0.4, 2.7, 2.3) 21
[12:16:03.175]: (0.4, 2.7, 2.3) 21
[12:16:03.193]: (0.4, 2.7, 2.2) 21
[12:16:03.211]: (0.4, 2.7, 2.2) 21
[12:16:03.228]: (0.4, 2.7, 2.3) 21
[12:16:03.244]: (0.4, 2.7, 2.3) 21
[12:16:03.262]: (0.4, 2.7, 2.3) 21
[12:16:03.331]: (0.4, 2.7, 2.3) 21
[12:16:03.350]: (0.4, 2.7, 2.3) 21
[12:16:03.368]: (0.4, 2.7, 2.3) 21
[12:16:03.386]: (0.4, 2.7, 2.2) 21
[12:16:03.408]: (0.4, 2.7, 2.2) 21
[12:16:03.427]: (0.4, 2.7, 2.2) 21
[12:16:03.445]: (0.4, 2.7, 2.3) 21
[12:16:03.465]: (0.4, 2.7, 2.3) 21
[12:16:03.481]: (0.4, 2.7, 2.3) 21
[12:16:03.532]: (0.4, 2.7, 2.2) 21
[12:16:03.552]: (0.4, 2.7, 2.2) 21
[12:16:03.575]: (0.4, 2.7, 2.2) 21
[12:16:03.599]: (0.4, 2.7, 2.3) 21
[12:16:03.620]: (0.4, 2.7, 2.3) 21
[12:16:04.340]: (0.7, 2.6, 2.2) 19
[12:16:05.608]: (0.4, 2.5, 2.1) 16
[12:16:05.885]: (0.4, 2.7, 2.3) 21
[12:16:06.262]: (-0.6, 3.0, 2.3) 26
[12:16:06.285]: (-0.7, 3.4, 2.7) 31
[12:16:06.352]: (-0.7, 3.4, 2.7) 31
[12:16:06.395]: (-0.7, 3.4, 2.7) 31
[12:16:06.889]: (0.5, 2.6, 2.2) 14
[12:16:06.907]: (0.5, 2.4, 2.1) 16
[12:16:07.505]: (-0.3, 3.2, 2.7) 29
[12:16:07.688]: (-0.3, 3.2, 2.7) 29
[12:16:07.704]: (-0.3, 3.2, 2.7) 29
[12:16:07.721]: (-0.3, 3.2, 2.7) 29
[12:16:07.950]: (-0.3, 3.3, 2.6) 29
[12:16:08.284]: (-0.4, 3.1, 2.6) 28
[12:16:08.359]: (-0.3, 3.3, 2.6) 29
[12:16:08.375]: (-0.3, 3.3, 2.6) 29
[12:16:09.111]: (0.4, 2.5, 2.1) 16
[12:16:09.389]: (0.5, 2.5, 2.2) 14
[12:16:09.407]: (0.5, 2.6, 2.2) 17
[12:16:09.423]: (0.5, 2.6, 2.2) 14
[12:16:10.158]: (0.7, 2.5, 2.2) 19
[12:16:10.516]: (1.1, 3.1, 2.8) 2
[12:16:10.693]: (1.1, 3.1, 2.8) 2
[12:16:10.715]: (0.7, 2.6, 2.1) 19
[12:16:11.637]: (-0.6, 2.9, 2.2) 22
[12:16:11.792]: (-1.3, 2.6, 1.9) 4
[12:16:11.824]: (-1.3, 2.6, 1.9) 4
[12:16:11.842]: (-1.3, 2.6, 1.9) 4
[12:16:11.860]: (-1.3, 2.6, 1.9) 4
[12:16:12.592]: (0.7, 2.6, 2.2) 19
[12:16:12.792]: (0.9, 1.9, 1.7) 10
[12:16:12.917]: (0.9, 1.9, 1.7) 10
[12:16:12.948]: (0.9, 1.9, 1.7) 10
[12:16:12.996]: (0.9, 1.9, 1.7) 10
[12:16:13.014]: (1.0, 1.9, 1.7) 10
[12:16:13.072]: (1.0, 1.9, 1.7) 10
[12:16:13.092]: (0.9, 1.9, 1.7) 10
[12:16:13.159]: (1.0, 1.9, 1.7) 10
[12:16:13.248]: (0.9, 1.8, 1.7) 10
[12:16:13.270]: (1.0, 1.9, 1.7) 10
[12:16:13.292]: (1.0, 1.9, 1.7) 10
[12:16:13.448]: (0.9, 1.9, 1.7) 10
[12:16:13.470]: (0.8, 1.8, 1.6) 12
[12:16:13.492]: (0.9, 1.9, 1.7) 10
[12:16:14.482]: (1.1, 3.1, 2.8) 2
[12:16:14.914]: (1.1, 3.0, 2.7) 0
[12:16:14.937]: (1.1, 3.0, 2.7) 0
[12:16:14.959]: (1.2, 2.9, 2.6) 1
[12:16:14.981]: (1.2, 2.9, 2.6) 1
[12:16:15.227]: (1.1, 3.1, 2.8) 2
[12:16:15.378]: (1.2, 3.1, 2.8) 2
[12:16:15.425]: (1.2, 3.1, 2.8) 2
[12:16:15.614]: (1.1, 3.0, 2.6) 1
[12:16:15.905]: (1.2, 3.1, 2.8) 2
[12:16:15.926]: (1.2, 3.1, 2.8) 2
[12:16:16.063]: (1.2, 3.1, 2.8) 3
[12:16:16.079]: (1.2, 3.1, 2.8) 3
[12:16:16.095]: (1.2, 3.0, 2.6) 1
[12:16:16.112]: (1.2, 3.0, 2.7) 0
[12:16:16.128]: (1.2, 3.0, 2.7) 0
[12:16:16.143]: (1.1, 3.0, 2.6) 1
[12:16:18.941]: (0.7, 2.6, 2.2) 19
[12:16:18.960]: (0.8, 2.6, 2.2) 19
[12:16:19.011]: (0.7, 2.6, 2.1) 19
[12:16:19.047]: (0.7, 2.6, 2.2) 19
[12:16:19.069]: (0.7, 2.6, 2.2) 19
[12:16:19.092]: (0.7, 2.6, 2.1) 19
[12:16:19.115]: (0.7, 2.6, 2.1) 19
[12:16:19.137]: (0.7, 2.6, 2.1) 19
[12:16:19.162]: (0.7, 2.6, 2.1) 19
[12:16:19.180]: (0.7, 2.6, 2.1) 19
[12:16:19.204]: (0.7, 2.6, 2.2) 19
[12:16:19.225]: (0.7, 2.6, 2.2) 19
[12:16:20.034]: (0.5, 2.4, 2.1) 16
[12:16:20.362]: (0.3, 2.6, 2.2) 21
[12:16:20.405]: (0.4, 2.7, 2.2) 21
[12:16:20.422]: (0.4, 2.7, 2.2) 21
[12:16:20.469]: (0.3, 2.7, 2.2) 21
[12:16:20.485]: (0.4, 2.7, 2.2) 21
[12:16:20.532]: (0.4, 2.7, 2.2) 21
[12:16:20.547]: (0.3, 2.7, 2.2) 21
[12:16:20.563]: (0.4, 2.7, 2.2) 21
[12:16:20.579]: (0.4, 2.7, 2.2) 21
[12:16:20.595]: (0.4, 2.7, 2.2) 21
[12:16:20.627]: (0.4, 2.7, 2.2) 21
[12:16:20.643]: (0.4, 2.6, 2.3) 21
[12:16:20.660]: (0.3, 2.6, 2.3) 21
[12:16:20.736]: (0.5, 2.5, 2.2) 14
[12:16:20.752]: (0.5, 2.6, 2.2) 14
[12:16:20.769]: (0.5, 2.6, 2.2) 14
[12:16:20.791]: (0.5, 2.6, 2.2) 14
[12:16:20.812]: (0.4, 2.6, 2.3) 17
[12:16:20.880]: (0.4, 2.5, 2.1) 16
[12:16:20.903]: (0.4, 2.5, 2.1) 16
[12:16:20.925]: (0.5, 2.6, 2.2) 14
[12:16:20.945]: (0.5, 2.6, 2.2) 17
[12:16:20.968]: (0.4, 2.7, 2.3) 21
[12:16:20.992]: (0.5, 2.6, 2.2) 17
[12:16:21.012]: (0.5, 2.6, 2.2) 17
[12:16:21.035]: (0.5, 2.6, 2.2) 14
[12:16:21.057]: (0.5, 2.5, 2.2) 14
[12:16:21.079]: (0.4, 2.5, 2.1) 16
[12:16:21.102]: (0.5, 2.5, 2.1) 16
[12:16:21.123]: (0.5, 2.4, 2.1) 16
[12:16:21.168]: (0.5, 2.4, 2.1) 16
[12:16:21.189]: (0.4, 2.4, 2.1) 16
[12:16:21.221]: (0.4, 2.4, 2.1) 16
[12:16:21.238]: (0.4, 2.4, 2.1) 16
[12:16:21.255]: (0.4, 2.5, 2.2) 14
[12:16:21.270]: (0.4, 2.4, 2.1) 16
[12:16:21.286]: (0.5, 2.5, 2.2) 14
[12:16:21.302]: (0.4, 2.5, 2.1) 16
[12:16:21.321]: (0.4, 2.5, 2.1) 16
[12:16:21.338]: (0.4, 2.5, 2.1) 16
[12:16:21.354]: (0.4, 2.5, 2.1) 16
[12:16:21.369]: (0.4, 2.4, 2.1) 16
[12:16:21.386]: (0.4, 2.5, 2.1) 16
[12:16:21.402]: (0.4, 2.5, 2.1) 16
[12:16:21.418]: (0.4, 2.5, 2.1) 16
[12:16:21.435]: (0.4, 2.5, 2.1) 16
[12:16:21.450]: (0.4, 2.5, 2.1) 16
[12:16:21.466]: (0.4, 2.5, 2.1) 16
[12:16:21.484]: (0.4, 2.5, 2.1) 16
[12:16:21.499]: (0.4, 2.4, 2.1) 16
[12:16:21.516]: (0.4, 2.4, 2.1) 16
[12:16:21.532]: (0.4, 2.4, 2.1) 16
[12:16:21.548]: (0.4, 2.4, 2.1) 16
[12:16:21.564]: (0.4, 2.4, 2.1) 16
[12:16:21.579]: (0.4, 2.5, 2.1) 16
[12:16:21.595]: (0.4, 2.5, 2.1) 16
[12:16:21.612]: (0.4, 2.5, 2.1) 16
[12:16:21.812]: (0.4, 2.4, 2.1) 16
[12:16:21.858]: (0.4, 2.5, 2.1) 16
[12:16:21.878]: (0.4, 2.6, 2.2) 14
[12:16:21.900]: (0.4, 2.5, 2.1) 16
[12:16:21.923]: (0.4, 2.6, 2.2) 14
[12:16:21.945]: (0.4, 2.6, 2.2) 14
[12:16:21.968]: (0.4, 2.6, 2.2) 14
[12:16:21.992]: (0.4, 2.6, 2.2) 14
[12:16:22.014]: (0.5, 2.6, 2.2) 17
[12:16:22.035]: (0.5, 2.5, 2.2) 14
[12:16:22.058]: (0.5, 2.6, 2.2) 17
[12:16:22.079]: (0.5, 2.6, 2.2) 17
[12:16:22.101]: (0.4, 2.6, 2.2) 17
[12:16:22.118]: (0.5, 2.5, 2.2) 14
[12:16:22.134]: (0.5, 2.6, 2.2) 17
[12:16:22.149]: (0.5, 2.6, 2.2) 14
[12:16:22.165]: (0.4, 2.6, 2.2) 17
[12:16:22.181]: (0.5, 2.6, 2.2) 17
[12:16:22.198]: (0.5, 2.6, 2.2) 17
[12:16:22.215]: (0.5, 2.6, 2.2) 17
[12:16:22.236]: (0.5, 2.6, 2.2) 17
[12:16:22.254]: (0.5, 2.6, 2.2) 14
[12:16:22.407]: (0.4, 2.4, 2.1) 16
[12:16:22.424]: (0.4, 2.5, 2.1) 16
[12:16:22.455]: (0.5, 2.6, 2.2) 17
[12:16:22.471]: (0.5, 2.6, 2.2) 14
[12:16:22.487]: (0.5, 2.6, 2.2) 17
[12:16:22.503]: (0.5, 2.6, 2.2) 17
[12:16:22.523]: (0.5, 2.6, 2.2) 17
[12:16:22.545]: (0.5, 2.6, 2.2) 17
[12:16:22.566]: (0.5, 2.6, 2.2) 17
[12:16:22.589]: (0.5, 2.6, 2.2) 17
[12:16:22.613]: (0.5, 2.6, 2.2) 17
[12:16:22.634]: (0.5, 2.6, 2.2) 17
[12:16:22.656]: (0.5, 2.6, 2.2) 17
[12:16:22.680]: (0.5, 2.6, 2.2) 17
[12:16:22.700]: (0.5, 2.6, 2.2) 17
[12:16:22.768]: (0.5, 2.5, 2.2) 14
[12:16:24.062]: (0.5, 2.7, 2.2) 17
[12:16:24.126]: (0.5, 2.6, 2.2) 17
[12:16:24.142]: (0.4, 2.5, 2.1) 16
[12:16:24.159]: (0.4, 2.5, 2.1) 16
[12:16:24.174]: (0.5, 2.5, 2.2) 14
[12:16:24.192]: (0.5, 2.6, 2.2) 14
[12:16:24.208]: (0.5, 2.5, 2.2) 14
[12:16:24.223]: (0.5, 2.6, 2.2) 14
[12:16:24.239]: (0.5, 2.6, 2.2) 14
[12:16:24.255]: (0.5, 2.6, 2.2) 17
[12:16:24.278]: (0.5, 2.6, 2.2) 14
[12:16:24.299]: (0.5, 2.6, 2.2) 14
[12:16:24.322]: (0.5, 2.6, 2.2) 14
[12:16:24.344]: (0.5, 2.6, 2.2) 14
[12:16:24.366]: (0.5, 2.6, 2.2) 14
[12:16:24.975]: (0.6, 2.4, 2.1) 20
[12:16:24.991]: (0.6, 2.4, 2.1) 20
[12:16:25.007]: (0.6, 2.4, 2.1) 20
[12:16:25.023]: (0.6, 2.5, 2.1) 20
[12:16:25.041]: (0.6, 2.4, 2.2) 15
[12:16:25.152]: (0.4, 2.5, 2.1) 16
[12:16:25.369]: (0.5, 2.6, 2.2) 17
[12:16:25.412]: (0.5, 2.6, 2.2) 17
[12:16:25.432]: (0.5, 2.6, 2.2) 17
[12:16:25.455]: (0.5, 2.6, 2.2) 17
[12:16:25.829]: (0.5, 2.6, 2.2) 14
[12:16:25.847]: (0.5, 2.6, 2.2) 14
[12:16:25.863]: (0.5, 2.6, 2.2) 14
[12:16:26.333]: (1.1, 2.9, 2.6) 1
[12:16:26.355]: (1.2, 3.1, 2.8) 3
[12:16:26.376]: (1.1, 2.9, 2.6) 1
[12:16:26.398]: (1.1, 2.9, 2.6) 1
[12:16:26.422]: (1.1, 2.9, 2.6) 1
[12:16:26.440]: (1.1, 2.9, 2.6) 1
[12:16:26.455]: (1.1, 2.9, 2.6) 1
[12:16:26.471]: (1.1, 2.9, 2.6) 1
[12:16:26.488]: (1.1, 2.9, 2.6) 1
[12:16:26.503]: (1.1, 2.9, 2.6) 1
[12:16:26.520]: (1.1, 2.9, 2.7) 1
[12:16:26.536]: (1.1, 2.9, 2.6) 1
[12:16:26.552]: (1.1, 2.9, 2.6) 1
[12:16:27.393]: (-0.5, 3.4, 2.7) 30
[12:16:27.455]: (-0.5, 3.4, 2.7) 30
[12:16:27.470]: (-0.5, 3.4, 2.7) 30
[12:16:27.486]: (-0.5, 3.4, 2.7) 30
[12:16:27.531]: (-0.5, 3.4, 2.7) 30
[12:16:28.352]: (0.7, 2.6, 2.2) 19
[12:16:28.417]: (0.7, 2.6, 2.2) 19
[12:16:28.450]: (0.7, 2.6, 2.2) 19
[12:16:28.484]: (0.7, 2.6, 2.2) 19
[12:16:28.499]: (0.7, 2.6, 2.2) 19
[12:16:28.517]: (0.7, 2.6, 2.2) 19
[12:16:28.534]: (0.7, 2.6, 2.2) 19
[12:16:28.553]: (0.7, 2.6, 2.2) 19
[12:16:28.576]: (0.7, 2.6, 2.2) 19
[12:16:28.598]: (0.7, 2.6, 2.2) 19
[12:16:28.620]: (0.6, 2.5, 2.1) 20
[12:16:28.643]: (0.7, 2.5, 2.2) 19
[12:16:29.007]: (0.8, 2.6, 2.2) 19
[12:16:29.025]: (1.1, 2.9, 2.6) 1
[12:16:29.057]: (1.1, 3.0, 2.7) 0
[12:16:29.074]: (1.2, 3.0, 2.6) 1
[12:16:29.259]: (1.1, 3.0, 2.6) 1
[12:16:30.508]: (1.2, 3.0, 2.6) 1
[12:16:30.531]: (1.3, 3.1, 2.8) 3
[12:16:30.553]: (1.3, 3.1, 2.8) 3
[12:16:31.098]: (1.2, 3.2, 2.8) 2
[12:16:31.453]: (0.5, 2.5, 2.2) 14
[12:16:31.477]: (0.5, 2.6, 2.2) 14
[12:16:31.497]: (0.5, 2.6, 2.2) 14
[12:16:31.522]: (0.4, 2.5, 2.1) 16
[12:16:31.539]: (0.4, 2.5, 2.1) 16
[12:16:31.555]: (0.4, 2.5, 2.1) 16
[12:16:31.573]: (0.4, 2.5, 2.1) 16
[12:16:31.589]: (0.4, 2.5, 2.1) 16
[12:16:31.605]: (0.4, 2.5, 2.1) 16
[12:16:31.621]: (0.4, 2.5, 2.1) 16
[12:16:31.637]: (0.4, 2.5, 2.1) 16
[12:16:31.653]: (0.4, 2.5, 2.1) 16
[12:16:31.668]: (0.4, 2.5, 2.1) 16
[12:16:31.685]: (0.4, 2.5, 2.1) 16
[12:16:31.701]: (0.4, 2.5, 2.1) 16
[12:16:32.319]: (0.7, 2.6, 2.1) 19
[12:16:32.364]: (0.8, 1.8, 1.6) 12
[12:16:32.385]: (0.8, 1.8, 1.6) 12
[12:16:32.771]: (1.1, 3.1, 2.8) 2
[12:16:34.637]: (-0.8, 3.4, 2.7) 31
[12:16:34.655]: (-0.7, 3.4, 2.7) 31
[12:16:34.671]: (-0.7, 3.4, 2.7) 31
[12:16:34.820]: (-0.7, 3.4, 2.7) 31
[12:16:34.842]: (-0.7, 3.4, 2.7) 31
[12:16:35.163]: (-0.5, 3.4, 2.7) 30
[12:16:35.180]: (-0.5, 3.4, 2.7) 30
[12:16:35.198]: (-0.5, 3.4, 2.7) 30
[12:16:35.215]: (-0.5, 3.4, 2.7) 30
[12:16:35.232]: (-0.5, 3.4, 2.7) 30
[12:16:35.250]: (-0.5, 3.4, 2.7) 30
[12:16:35.269]: (-0.5, 3.4, 2.7) 30
[12:16:35.288]: (-0.5, 3.4, 2.7) 30
[12:16:35.307]: (-0.5, 3.4, 2.7) 30
[12:16:35.325]: (-0.5, 3.4, 2.7) 30
[12:16:35.343]: (-0.5, 3.4, 2.7) 30
[12:16:35.361]: (-0.5, 3.4, 2.7) 30
[12:16:35.500]: (-0.5, 3.4, 2.7) 30
[12:16:35.519]: (-0.5, 3.4, 2.7) 30
[12:16:35.536]: (-0.5, 3.4, 2.7) 30
[12:16:35.552]: (-0.5, 3.4, 2.7) 30
[12:16:35.568]: (-0.5, 3.4, 2.7) 30
[12:16:35.584]: (-0.5, 3.4, 2.7) 30
[12:16:35.601]: (-0.5, 3.3, 2.8) 30
[12:16:35.649]: (-0.5, 3.2, 2.6) 28
[12:16:35.666]: (-0.5, 3.2, 2.6) 28
[12:16:35.683]: (-0.5, 3.2, 2.6) 28
[12:16:35.795]: (-0.5, 3.4, 2.8) 30
[12:16:35.862]: (-0.5, 3.4, 2.7) 30
[12:16:35.885]: (-0.5, 3.4, 2.7) 30
[12:16:35.906]: (-0.5, 3.4, 2.7) 30
[12:16:35.929]: (-0.5, 3.4, 2.7) 30
[12:16:35.951]: (-0.5, 3.4, 2.7) 30
[12:16:35.973]: (-0.5, 3.4, 2.7) 30
[12:16:36.319]: (-0.5, 3.4, 2.7) 30
[12:16:36.336]: (-0.5, 3.4, 2.7) 30
[12:16:36.352]: (-0.5, 3.4, 2.7) 30
[12:16:36.369]: (-0.5, 3.3, 2.7) 30
[12:16:36.385]: (-0.5, 3.4, 2.7) 30
[12:16:36.401]: (-0.5, 3.4, 2.7) 30
[12:16:36.416]: (-0.5, 3.4, 2.7) 30
[12:16:36.432]: (-0.5, 3.4, 2.7) 30
[12:16:36.448]: (-0.5, 3.4, 2.7) 30
[12:16:36.465]: (-0.5, 3.4, 2.7) 30
[12:16:36.481]: (-0.5, 3.4, 2.7) 30
[12:16:36.496]: (-0.5, 3.4, 2.7) 30
[12:16:36.518]: (-0.5, 3.4, 2.7) 30
[12:16:36.539]: (-0.5, 3.4, 2.7) 30
[12:16:36.563]: (-0.5, 3.4, 2.7) 30
[12:16:36.584]: (-0.5, 3.4, 2.7) 30
[12:16:36.605]: (-0.5, 3.2, 2.6) 28
[12:16:36.630]: (-0.5, 3.2, 2.6) 28
[12:16:36.650]: (-0.5, 3.2, 2.6) 28
[12:16:36.675]: (-0.5, 3.2, 2.6) 28
[12:16:37.167]: (-0.5, 3.4, 2.7) 30
[12:16:37.184]: (-0.5, 3.4, 2.7) 30
[12:16:37.200]: (-0.5, 3.4, 2.7) 30
[12:16:37.218]: (-0.5, 3.4, 2.7) 30
[12:16:37.233]: (-0.5, 3.4, 2.7) 30
[12:16:37.248]: (-0.5, 3.4, 2.7) 30
[12:16:37.265]: (-0.5, 3.4, 2.7) 30
[12:16:37.282]: (-0.5, 3.4, 2.7) 30
[12:16:37.298]: (-0.5, 3.4, 2.8) 30
[12:16:37.739]: (-0.5, 3.3, 2.8) 30
[12:16:37.762]: (-0.5, 3.4, 2.7) 30
[12:16:37.784]: (-0.5, 3.3, 2.7) 30
[12:16:37.805]: (-0.5, 3.4, 2.8) 30
[12:16:37.828]: (-0.5, 3.4, 2.8) 30
[12:16:37.845]: (-0.5, 3.4, 2.8) 30
[12:16:37.875]: (-0.5, 3.4, 2.7) 30
[12:16:39.394]: (-0.6, 3.2, 2.7) 27
[12:16:39.417]: (-0.6, 3.3, 2.8) 30
[12:16:39.483]: (-0.5, 3.2, 2.7) 29
[12:16:39.507]: (-0.5, 3.2, 2.6) 29
[12:16:39.529]: (-0.5, 3.2, 2.6) 29
[12:16:39.648]: (-0.6, 3.2, 2.7) 32
[12:16:39.991]: (-1.1, 1.9, 2.4) 26
[12:16:40.011]: (-1.2, 1.9, 2.4) 26
[12:16:40.054]: (-1.1, 2.0, 2.9) 27
[12:16:40.076]: (-1.1, 2.0, 2.9) 27
[12:16:40.099]: (-1.1, 2.1, 3.0) 30
[12:16:40.121]: (-1.1, 2.0, 2.9) 27
[12:16:40.143]: (-1.1, 1.7, 2.3) 22
[12:16:40.167]: (-1.0, 1.7, 2.3) 22
[12:16:40.188]: (-1.0, 1.7, 2.3) 22
[12:16:40.210]: (-1.0, 1.7, 2.3) 22
[12:16:40.235]: (-1.0, 1.7, 2.3) 22
[12:16:40.255]: (-1.1, 1.6, 2.3) 22
[12:16:40.276]: (-1.1, 1.6, 2.3) 24
[12:16:40.304]: (-1.1, 1.6, 2.3) 22
[12:16:40.339]: (-1.1, 1.7, 2.3) 22
[12:16:40.373]: (-1.1, 1.7, 2.4) 26
[12:16:40.406]: (-1.1, 1.7, 2.4) 26
[12:16:40.438]: (-1.1, 1.7, 2.4) 26
[12:16:40.538]: (-1.2, 2.0, 2.9) 27
[12:16:40.572]: (-1.3, 2.1, 2.9) 30
[12:16:40.606]: (-1.3, 2.1, 2.9) 30
[12:16:40.638]: (-1.3, 2.1, 2.9) 30
[12:16:40.671]: (-1.3, 2.0, 2.9) 30
[12:16:40.706]: (-1.3, 2.0, 2.8) 27
[12:16:40.739]: (-1.3, 2.0, 2.8) 27
[12:16:40.804]: (-1.3, 2.2, 2.9) 32
[12:16:40.839]: (-1.3, 2.1, 2.8) 29
[12:16:40.871]: (-1.3, 2.1, 2.8) 29
[12:16:42.252]: (-1.5, 0.5, 2.4) 29
[12:16:42.371]: (-1.7, 0.5, 2.4) 32
[12:16:42.451]: (-1.6, 0.4, 2.4) 32
[12:16:42.685]: (-1.1, 0.7, 2.1) 25
[12:16:42.705]: (-1.1, 0.7, 2.1) 25
[12:16:42.727]: (-1.1, 0.7, 2.0) 25
[12:16:43.841]: (-2.0, 1.2, 2.1) 27
[12:16:43.862]: (-2.1, 1.2, 2.2) 30
[12:16:43.885]: (-2.2, 1.2, 2.3) 30
[12:16:43.930]: (-2.1, 1.4, 2.3) 30
[12:16:43.950]: (-2.2, 1.4, 2.3) 30
[12:16:44.048]: (-2.1, 1.6, 2.3) 30
[12:16:44.137]: (-2.0, 2.0, 2.4) 32
[12:16:44.170]: (-1.9, 2.0, 2.4) 32
[12:16:44.203]: (-1.9, 2.1, 2.4) 32
[12:16:44.569]: (-1.2, 2.4, 2.6) 27
[12:16:44.603]: (-1.1, 2.5, 2.6) 27
[12:16:44.770]: (-1.0, 2.7, 2.7) 30
[12:16:45.480]: (-1.2, 1.7, 3.0) 31
[12:16:45.504]: (-1.1, 1.8, 2.8) 27
[12:16:45.573]: (-1.1, 2.0, 2.9) 32
[12:16:45.596]: (-1.1, 2.0, 2.9) 32
[12:16:45.662]: (-1.1, 2.0, 2.9) 32
[12:16:45.682]: (-1.1, 2.0, 2.9) 32
[12:16:45.705]: (-1.1, 2.1, 2.9) 32
[12:16:45.949]: (-1.0, 1.8, 2.8) 27
[12:16:45.995]: (-1.0, 1.8, 2.8) 28
[12:16:46.017]: (-1.0, 1.8, 2.8) 28
[12:16:46.033]: (-1.0, 1.7, 2.8) 28
[12:16:46.049]: (-1.0, 1.7, 2.8) 28
[12:16:46.064]: (-1.0, 1.7, 2.8) 28
[12:16:46.080]: (-1.0, 1.7, 2.8) 28
[12:16:46.096]: (-1.0, 1.7, 2.8) 28
[12:16:46.112]: (-1.0, 1.7, 2.8) 28
[12:16:46.129]: (-1.0, 1.7, 2.8) 28
[12:16:46.146]: (-1.0, 1.8, 2.8) 28
[12:16:46.163]: (-1.0, 1.8, 2.8) 28
[12:16:46.180]: (-1.0, 1.8, 2.8) 28
[12:16:46.196]: (-1.0, 1.8, 2.8) 28
[12:16:46.213]: (-1.0, 1.8, 2.8) 28
[12:16:46.232]: (-1.0, 1.8, 2.8) 28
[12:16:46.247]: (-1.0, 1.8, 2.8) 28
[12:16:46.263]: (-1.0, 1.8, 2.8) 28
[12:16:46.365]: (-1.0, 1.7, 2.8) 28
[12:16:46.382]: (-1.0, 1.7, 2.8) 28
[12:16:46.400]: (-1.0, 1.7, 2.8) 28
[12:16:46.417]: (-1.0, 1.7, 2.8) 28
[12:16:46.436]: (-1.0, 1.7, 2.8) 28
[12:16:46.455]: (-1.0, 1.7, 2.8) 28
[12:16:46.473]: (-1.0, 1.7, 2.8) 28
[12:16:46.491]: (-1.0, 1.7, 2.8) 28
[12:16:46.514]: (-1.0, 1.7, 2.8) 28
[12:16:46.535]: (-1.0, 1.7, 2.8) 28
[12:16:46.558]: (-1.0, 1.7, 2.8) 28
[12:16:46.580]: (-1.0, 1.7, 2.8) 28
[12:16:46.602]: (-1.0, 1.7, 2.8) 28
[12:16:46.624]: (-1.0, 1.7, 2.8) 28
[12:16:46.648]: (-1.0, 1.7, 2.8) 28
[12:16:46.669]: (-1.0, 1.7, 2.8) 28
[12:16:46.691]: (-1.0, 1.7, 2.8) 28
[12:16:46.712]: (-1.0, 1.7, 2.8) 28
[12:16:46.735]: (-1.0, 1.7, 2.8) 28
[12:16:46.757]: (-1.0, 1.7, 2.8) 28
[12:16:46.779]: (-0.9, 1.7, 2.8) 28
[12:16:46.802]: (-0.9, 1.7, 2.8) 28
[12:16:46.825]: (-0.9, 1.7, 2.8) 28
[12:16:46.846]: (-0.9, 1.7, 2.8) 28
[12:16:46.868]: (-0.9, 1.7, 2.8) 28
[12:16:46.890]: (-0.9, 1.7, 2.8) 28
[12:16:46.907]: (-0.9, 1.7, 2.8) 28
[12:16:46.925]: (-0.9, 1.7, 2.8) 28
[12:16:46.942]: (-0.9, 1.7, 2.8) 28
[12:16:46.959]: (-0.9, 1.7, 2.8) 28
[12:16:46.976]: (-0.9, 1.7, 2.8) 28
[12:16:46.993]: (-0.9, 1.7, 2.8) 28
[12:16:47.011]: (-1.0, 1.7, 2.8) 28
[12:16:47.029]: (-1.0, 1.7, 2.8) 28
[12:16:47.044]: (-1.0, 1.7, 2.8) 28
[12:16:47.062]: (-1.0, 1.7, 2.8) 28
[12:16:47.078]: (-1.0, 1.7, 2.8) 28
[12:16:47.096]: (-1.0, 1.7, 2.8) 28
[12:16:47.112]: (-1.0, 1.7, 2.8) 28
[12:16:47.129]: (-1.0, 1.7, 2.8) 28
[12:16:47.145]: (-1.0, 1.7, 2.8) 28
[12:16:47.162]: (-1.0, 1.7, 2.8) 28
[12:16:47.178]: (-1.0, 1.7, 2.8) 28
[12:16:47.195]: (-0.9, 1.7, 2.8) 28
[12:16:47.211]: (-0.9, 1.7, 2.8) 28
[12:16:47.229]: (-0.9, 1.7, 2.8) 28
[12:16:47.248]: (-0.9, 1.7, 2.8) 28
[12:16:47.264]: (-1.0, 1.7, 2.8) 28
[12:16:47.280]: (-1.0, 1.7, 2.8) 28
[12:16:47.296]: (-1.0, 1.7, 2.8) 28
[12:16:47.312]: (-1.0, 1.7, 2.8) 28
[12:16:47.328]: (-1.0, 1.7, 2.8) 28
[12:16:47.345]: (-1.0, 1.8, 2.8) 28
[12:16:47.361]: (-1.0, 1.8, 2.8) 28
[12:16:47.379]: (-1.0, 1.8, 2.8) 28
[12:16:47.401]: (-1.0, 1.7, 2.8) 28
[12:16:47.424]: (-1.0, 1.7, 2.8) 28
[12:16:47.447]: (-1.0, 1.7, 2.8) 28
[12:16:47.645]: (-1.0, 1.7, 2.8) 28
[12:16:47.668]: (-1.0, 1.7, 2.8) 28
[12:16:47.691]: (-1.0, 1.7, 2.8) 28
[12:16:47.716]: (-1.0, 1.7, 2.8) 28
[12:16:47.735]: (-1.0, 1.7, 2.8) 28
[12:16:47.757]: (-1.0, 1.7, 2.8) 28
[12:16:47.780]: (-1.0, 1.7, 2.8) 28
[12:16:47.801]: (-1.0, 1.7, 2.8) 28
[12:16:47.818]: (-1.0, 1.7, 2.8) 28
[12:16:47.835]: (-1.0, 1.7, 2.8) 28
[12:16:47.851]: (-1.0, 1.8, 2.8) 28
[12:16:47.867]: (-1.0, 1.8, 2.8) 28
[12:16:47.883]: (-1.0, 1.8, 2.8) 28
[12:16:47.900]: (-1.0, 1.8, 2.8) 28
[12:16:47.916]: (-1.0, 1.8, 2.8) 28
[12:16:48.227]: (-1.0, 1.8, 2.9) 27
[12:16:48.246]: (-1.1, 1.8, 2.8) 27
[12:16:48.268]: (-1.1, 1.8, 2.8) 27
[12:16:48.290]: (-1.1, 1.8, 2.9) 27
[12:16:48.401]: (-1.1, 1.9, 2.9) 29
[12:16:48.424]: (-1.0, 1.9, 2.8) 29
[12:16:48.446]: (-1.0, 1.9, 2.8) 29
[12:16:48.468]: (-1.0, 1.9, 2.9) 29
[12:16:48.491]: (-1.0, 1.9, 2.9) 29
[12:16:48.515]: (-1.0, 1.9, 2.9) 29
[12:16:48.535]: (-1.0, 1.9, 2.8) 29
[12:16:48.558]: (-1.0, 1.9, 2.8) 29
[12:16:48.579]: (-1.1, 2.0, 2.9) 32
[12:16:49.091]: (-1.0, 1.5, 2.4) 26
[12:16:49.135]: (-1.0, 1.8, 2.8) 27
[12:16:49.202]: (-1.0, 1.7, 2.8) 28
[12:16:49.224]: (-1.0, 1.7, 2.8) 28
[12:16:49.245]: (-1.0, 1.7, 2.8) 28
[12:16:49.290]: (-1.0, 1.8, 2.8) 28
[12:16:49.313]: (-1.0, 1.8, 2.8) 28
[12:16:49.335]: (-1.0, 1.7, 2.8) 28
[12:16:49.356]: (-1.0, 1.7, 2.8) 28
[12:16:49.379]: (-1.0, 1.7, 2.8) 28
[12:16:49.401]: (-1.0, 1.7, 2.8) 28
[12:16:49.423]: (-1.0, 1.7, 2.8) 28
[12:16:49.445]: (-1.0, 1.7, 2.8) 28
[12:16:49.490]: (-1.0, 1.7, 2.8) 28
[12:16:49.512]: (-1.0, 1.7, 2.8) 28
[12:16:49.532]: (-1.0, 1.7, 2.8) 28
[12:16:49.547]: (-1.0, 1.7, 2.8) 28
[12:16:49.562]: (-1.0, 1.8, 2.8) 28
[12:16:49.579]: (-1.0, 1.7, 2.8) 28
[12:16:49.762]: (-1.0, 1.7, 2.8) 28
[12:16:49.779]: (-1.0, 1.7, 2.8) 28
[12:16:49.795]: (-1.0, 1.7, 2.8) 28
[12:16:49.811]: (-1.0, 1.8, 2.8) 28
[12:16:49.827]: (-1.0, 1.8, 2.8) 28
[12:16:49.846]: (-1.0, 1.8, 2.8) 28
[12:16:49.862]: (-1.0, 1.8, 2.8) 28
[12:16:49.878]: (-1.0, 1.7, 2.8) 28
[12:16:49.894]: (-1.0, 1.7, 2.8) 28
[12:16:49.911]: (-1.0, 1.7, 2.8) 28
[12:16:49.927]: (-1.0, 1.7, 2.8) 28
[12:16:49.944]: (-1.0, 1.8, 2.8) 28
[12:16:49.960]: (-1.0, 1.8, 2.8) 28
[12:16:49.979]: (-1.0, 1.8, 2.8) 28
[12:16:50.001]: (-1.0, 1.8, 2.8) 28
[12:16:50.023]: (-0.9, 1.8, 2.8) 28
[12:16:50.246]: (-0.9, 1.7, 2.8) 28
[12:16:50.314]: (-0.9, 1.8, 2.8) 28
[12:16:50.335]: (-0.9, 1.8, 2.8) 28
[12:16:50.358]: (-1.0, 1.8, 2.8) 28
[12:16:50.398]: (-1.0, 1.8, 2.8) 28
[12:16:50.466]: (-0.3, 2.3, 2.3) 21
[12:16:50.481]: (-0.1, 2.3, 2.1) 16
[12:16:50.498]: (-0.1, 2.3, 2.1) 16
[12:16:50.516]: (-0.1, 2.3, 2.1) 16
[12:16:50.534]: (-0.1, 2.3, 2.1) 16
[12:16:50.554]: (-0.1, 2.3, 2.1) 16
[12:16:50.635]: (0.0, 2.4, 2.1) 15
[12:16:50.668]: (-0.1, 2.3, 2.1) 16
[12:16:50.686]: (-0.1, 2.4, 2.2) 14
[12:16:50.702]: (-0.1, 2.3, 2.1) 16
[12:16:50.720]: (-0.1, 2.4, 2.2) 14
[12:16:50.737]: (-0.1, 2.4, 2.2) 14
[12:16:50.772]: (-0.1, 2.5, 2.1) 15
[12:16:50.790]: (-0.1, 2.6, 2.2) 19
[12:16:50.806]: (-0.1, 2.5, 2.1) 15
[12:16:50.824]: (-0.1, 2.5, 2.1) 15
[12:16:50.845]: (-0.1, 2.5, 2.1) 15
[12:16:50.868]: (-0.1, 2.6, 2.2) 19
[12:16:50.914]: (-0.1, 2.6, 2.2) 19
[12:16:50.934]: (-0.1, 2.6, 2.2) 19
[12:16:51.179]: (-0.1, 2.6, 2.1) 19
[12:16:51.201]: (-0.1, 2.6, 2.2) 19
[12:16:51.399]: (-0.1, 2.6, 2.2) 19
[12:16:51.415]: (-0.1, 2.6, 2.1) 19
[12:16:51.433]: (-0.1, 2.6, 2.1) 19
[12:16:51.451]: (-0.1, 2.6, 2.1) 19
[12:16:51.468]: (-0.1, 2.6, 2.1) 19
[12:16:51.534]: (-0.1, 2.6, 2.2) 19
[12:16:51.567]: (-0.1, 2.6, 2.2) 19
[12:16:51.599]: (-0.1, 2.6, 2.2) 19
[12:16:51.616]: (-0.1, 2.6, 2.2) 19
[12:16:51.634]: (-0.1, 2.6, 2.2) 19
[12:16:51.649]: (-0.1, 2.6, 2.2) 19
[12:16:51.741]: (-0.1, 2.6, 2.2) 19
[12:16:51.756]: (-0.1, 2.6, 2.2) 19
[12:16:52.677]: (-1.3, 1.6, 3.0) 31
[12:16:52.766]: (-1.2, 1.8, 3.0) 30
[12:16:52.834]: (-1.2, 1.9, 3.0) 30
[12:16:52.856]: (-1.2, 1.9, 2.9) 30
[12:16:52.967]: (-1.1, 1.9, 2.8) 27
[12:16:52.989]: (-1.0, 1.9, 2.8) 27
[12:16:53.010]: (-1.0, 1.9, 2.8) 27
[12:16:53.033]: (-1.0, 1.9, 2.8) 27
[12:16:53.050]: (-1.0, 1.9, 2.8) 27
[12:16:53.066]: (-1.0, 1.9, 2.9) 27
[12:16:53.082]: (-1.0, 1.9, 2.9) 27
[12:16:53.099]: (-1.0, 1.9, 2.9) 27
[12:16:53.115]: (-1.0, 1.9, 2.9) 27
[12:16:53.133]: (-1.0, 1.9, 2.9) 27
[12:16:53.149]: (-1.0, 1.8, 2.9) 27
[12:16:53.165]: (-1.0, 1.8, 2.9) 27
[12:16:53.181]: (-1.0, 1.9, 2.9) 27
[12:16:53.198]: (-1.0, 1.9, 2.9) 27
[12:16:53.335]: (-1.1, 1.9, 3.0) 30
[12:16:53.745]: (-1.1, 2.1, 2.9) 32
[12:16:53.766]: (-1.1, 2.0, 2.9) 32
[12:16:53.788]: (-1.1, 2.0, 2.9) 32
[12:16:53.811]: (-1.1, 2.0, 2.9) 32
[12:16:53.833]: (-1.1, 2.0, 2.9) 32
[12:16:53.854]: (-1.1, 2.0, 2.9) 32
[12:16:53.877]: (-1.1, 2.1, 2.9) 32
[12:16:54.217]: (-1.0, 1.9, 2.8) 29
[12:16:54.232]: (-1.0, 1.9, 2.8) 27
[12:16:54.248]: (-1.0, 1.9, 2.8) 27
[12:16:54.265]: (-1.0, 1.9, 2.8) 27
[12:16:54.280]: (-1.0, 1.9, 2.8) 27
[12:16:54.296]: (-1.0, 1.9, 2.8) 27
[12:16:54.311]: (-1.0, 1.9, 2.8) 27
[12:16:54.334]: (-1.0, 1.9, 2.8) 27
[12:16:54.400]: (-1.1, 1.9, 2.9) 29
[12:16:54.466]: (-1.0, 1.9, 2.9) 29
[12:16:54.488]: (-1.0, 1.9, 2.9) 29
[12:16:54.511]: (-1.0, 1.8, 2.8) 27
[12:16:54.554]: (-1.0, 1.7, 2.8) 28
[12:16:54.577]: (-1.0, 1.7, 2.8) 28
[12:16:54.599]: (-1.0, 1.7, 2.8) 28
[12:16:54.621]: (-1.0, 1.7, 2.8) 28
[12:16:54.644]: (-1.0, 1.7, 2.8) 28
[12:16:54.666]: (-1.0, 1.7, 2.8) 28
[12:16:54.687]: (-1.0, 1.7, 2.8) 28
[12:16:54.779]: (-1.0, 1.7, 2.8) 28
[12:16:54.796]: (-0.9, 1.7, 2.8) 28
[12:16:54.812]: (-1.0, 1.7, 2.8) 28
[12:16:54.831]: (-0.9, 1.6, 2.3) 22
[12:16:55.174]: (-0.8, 1.7, 2.4) 25
[12:16:55.191]: (-0.8, 1.7, 2.4) 25
[12:16:55.266]: (-0.9, 1.8, 2.8) 28
[12:16:55.287]: (-0.9, 1.8, 2.8) 28
[12:16:55.554]: (-1.0, 1.8, 2.8) 28
[12:16:55.576]: (-1.0, 1.8, 2.8) 28
[12:16:55.599]: (-1.0, 1.8, 2.8) 28
[12:16:55.687]: (-1.0, 1.8, 2.8) 28
[12:16:55.703]: (-0.9, 1.8, 2.8) 28
[12:16:55.720]: (-0.9, 1.8, 2.8) 28
[12:16:55.737]: (-1.0, 1.8, 2.8) 27
[12:16:55.752]: (-1.0, 1.8, 2.8) 27
[12:16:55.767]: (-1.0, 1.8, 2.8) 27
[12:16:55.785]: (-1.0, 1.8, 2.8) 27
[12:16:55.800]: (-1.0, 1.8, 2.8) 27
[12:16:55.818]: (-1.0, 1.8, 2.8) 27
[12:16:55.835]: (-1.0, 1.8, 2.8) 27
[12:16:55.851]: (-1.0, 1.8, 2.8) 27
[12:16:55.867]: (-1.0, 1.8, 2.8) 27
[12:16:55.883]: (-1.0, 1.8, 2.8) 27
[12:16:55.899]: (-1.0, 1.8, 2.8) 27
[12:16:55.914]: (-1.0, 1.8, 2.8) 27
[12:16:55.930]: (-1.0, 1.8, 2.8) 27
[12:16:55.945]: (-1.0, 1.8, 2.8) 27
[12:16:55.962]: (-1.0, 1.8, 2.8) 27
[12:16:55.978]: (-1.0, 1.8, 2.8) 27
[12:16:55.993]: (-1.0, 1.8, 2.8) 27
[12:16:56.008]: (-1.0, 1.8, 2.8) 27
[12:16:56.024]: (-1.0, 1.8, 2.8) 27
[12:16:56.040]: (-1.0, 1.8, 2.8) 27
[12:16:56.055]: (-1.0, 1.8, 2.8) 27
[12:16:56.070]: (-1.0, 1.8, 2.8) 27
[12:16:56.087]: (-1.0, 1.8, 2.8) 27
[12:16:56.109]: (-1.0, 1.8, 2.8) 27
[12:16:56.131]: (-1.0, 1.8, 2.8) 27
[12:16:56.153]: (-1.0, 1.8, 2.8) 27
[12:16:56.176]: (-1.0, 1.8, 2.8) 27
[12:16:56.199]: (-1.0, 1.8, 2.8) 27
[12:16:56.222]: (-1.0, 1.8, 2.8) 27
[12:16:56.242]: (-1.0, 1.8, 2.8) 27
[12:16:56.265]: (-1.0, 1.8, 2.8) 27
[12:16:56.286]: (-1.0, 1.8, 2.8) 27
[12:16:56.309]: (-1.0, 1.8, 2.8) 27
[12:16:56.332]: (-1.0, 1.8, 2.8) 27
[12:16:56.353]: (-1.0, 1.8, 2.8) 27
[12:16:56.376]: (-1.0, 1.8, 2.9) 27
[12:16:56.398]: (-1.0, 1.8, 2.9) 27
[12:16:56.422]: (-1.0, 1.9, 2.9) 27
[12:16:56.604]: (-1.1, 1.8, 2.8) 27
[12:16:56.651]: (-1.0, 1.9, 2.8) 27
[12:16:56.668]: (-1.0, 1.8, 2.8) 27
[12:16:56.683]: (-1.0, 1.8, 2.8) 27
[12:16:56.700]: (-1.0, 1.9, 2.8) 27
[12:16:56.716]: (-1.0, 1.9, 2.8) 27
[12:16:56.734]: (-1.0, 1.9, 2.8) 27
[12:16:56.751]: (-1.0, 1.9, 2.8) 27
[12:16:56.767]: (-1.0, 1.9, 2.8) 27
[12:16:56.782]: (-1.0, 1.9, 2.9) 27
[12:16:56.799]: (-1.0, 1.9, 2.8) 27
[12:16:56.815]: (-1.0, 1.9, 2.9) 27
[12:16:57.198]: (-1.1, 2.1, 2.9) 32
[12:16:58.386]: (-1.2, 1.8, 2.9) 30
[12:16:58.402]: (-1.2, 1.8, 2.9) 30
[12:16:58.417]: (-1.1, 1.8, 3.0) 30
[12:16:58.479]: (-1.0, 1.7, 2.8) 28
[12:16:58.496]: (-1.0, 1.7, 2.8) 28
[12:16:58.512]: (-1.0, 1.7, 2.8) 28
[12:16:59.146]: (-1.1, 1.9, 3.0) 30
[12:16:59.255]: (-0.8, 1.1, 2.1) 5
[12:16:59.830]: (-1.0, 1.7, 2.8) 28
[12:16:59.851]: (-1.0, 1.7, 2.8) 28
[12:16:59.874]: (-1.0, 1.7, 2.8) 28
[12:16:59.896]: (-1.0, 1.7, 2.8) 28
[12:16:59.911]: (-1.0, 1.7, 2.8) 28
[12:16:59.931]: (-1.0, 1.7, 2.8) 28
[12:16:59.946]: (-1.0, 1.7, 2.8) 28
[12:16:59.963]: (-1.0, 1.7, 2.8) 28
[12:16:59.978]: (-1.0, 1.7, 2.8) 28
[12:16:59.994]: (-1.0, 1.7, 2.8) 28
[12:17:00.009]: (-1.0, 1.7, 2.8) 28
[12:17:00.026]: (-1.0, 1.7, 2.8) 28
[12:17:00.043]: (-1.0, 1.7, 2.8) 28
[12:17:00.061]: (-1.0, 1.7, 2.8) 28
[12:17:00.077]: (-1.0, 1.7, 2.8) 28
[12:17:00.094]: (-1.0, 1.7, 2.8) 28
[12:17:00.110]: (-1.0, 1.7, 2.8) 28
[12:17:00.127]: (-1.0, 1.7, 2.8) 28
[12:17:00.200]: (-1.2, 1.7, 3.0) 31
[12:17:00.217]: (-1.2, 1.7, 3.0) 31
[12:17:00.233]: (-1.3, 1.7, 3.0) 31
[12:17:00.249]: (-1.2, 1.6, 3.0) 31
[12:17:00.264]: (-1.2, 1.6, 3.0) 31
[12:17:00.280]: (-1.2, 1.6, 3.0) 31
[12:17:00.295]: (-1.2, 1.7, 3.0) 31
[12:17:00.406]: (-1.0, 1.7, 2.8) 28
[12:17:00.430]: (-1.0, 1.7, 2.8) 28
[12:17:00.451]: (-1.0, 1.7, 2.8) 28
[12:17:00.475]: (-1.0, 1.7, 2.8) 28
[12:17:00.496]: (-1.0, 1.7, 2.8) 28
[12:17:00.540]: (-0.9, 1.6, 2.4) 25
[12:17:00.563]: (-0.8, 1.6, 2.4) 25
[12:17:00.585]: (-0.8, 1.6, 2.4) 25
[12:17:00.607]: (-0.9, 1.6, 2.4) 25
[12:17:00.629]: (-0.8, 1.6, 2.4) 25
[12:17:00.651]: (-0.9, 1.6, 2.4) 25
[12:17:00.673]: (-0.9, 1.6, 2.4) 25
[12:17:00.696]: (-0.9, 1.6, 2.4) 25
[12:17:00.718]: (-0.9, 1.6, 2.4) 25
[12:17:00.784]: (-1.0, 1.7, 2.8) 28
[12:17:00.799]: (-1.0, 1.7, 2.8) 28
[12:17:00.816]: (-1.0, 1.9, 2.8) 27
[12:17:00.849]: (-1.1, 2.0, 2.9) 32
[12:17:00.864]: (-1.1, 2.0, 2.9) 32
[12:17:00.880]: (-1.1, 2.0, 2.9) 32
[12:17:00.895]: (-1.0, 2.0, 2.9) 29
[12:17:00.925]: (-1.1, 2.0, 2.9) 29
[12:17:00.944]: (-1.0, 2.0, 2.9) 29
[12:17:00.961]: (-1.0, 2.0, 2.9) 29
[12:17:00.977]: (-1.0, 2.0, 2.9) 29
[12:17:00.998]: (-1.0, 2.0, 2.9) 32
[12:17:01.015]: (-1.0, 2.0, 2.9) 32
[12:17:01.032]: (-1.0, 2.0, 2.9) 32
[12:17:01.048]: (-1.0, 2.0, 2.9) 32
[12:17:01.064]: (-1.1, 2.0, 2.9) 32
[12:17:01.079]: (-1.1, 2.0, 2.9) 32
[12:17:01.096]: (-1.1, 2.0, 2.9) 32
[12:17:01.111]: (-1.1, 2.0, 2.9) 32
[12:17:01.127]: (-1.1, 2.0, 2.9) 32
[12:17:01.143]: (-1.1, 2.0, 2.9) 32
[12:17:01.160]: (-1.1, 2.0, 2.9) 32
[12:17:01.176]: (-1.1, 2.0, 2.9) 32
[12:17:01.192]: (-1.1, 2.0, 2.9) 32
[12:17:01.208]: (-1.1, 2.0, 2.9) 32
[12:17:01.223]: (-1.0, 1.9, 2.9) 29
[12:17:01.240]: (-1.0, 1.9, 2.9) 29
[12:17:01.262]: (-1.0, 1.9, 2.9) 29
[12:17:01.285]: (-1.0, 1.9, 2.9) 29
[12:17:01.306]: (-1.0, 2.0, 2.9) 29
[12:17:01.329]: (-1.2, 1.9, 3.0) 30
[12:17:01.351]: (-1.2, 1.9, 3.0) 30
[12:17:01.373]: (-1.2, 1.9, 3.0) 30
[12:17:01.857]: (-0.3, 2.3, 2.3) 21
[12:17:01.888]: (0.0, 2.4, 2.0) 20
[12:17:01.904]: (0.0, 2.5, 2.0) 20
[12:17:01.919]: (0.0, 2.5, 2.0) 20
[12:17:01.937]: (0.0, 2.5, 2.0) 20
[12:17:01.955]: (0.0, 2.4, 2.0) 20
[12:17:01.986]: (-0.1, 2.5, 2.1) 15
[12:17:02.001]: (-0.1, 2.5, 2.1) 20
[12:17:02.017]: (0.0, 2.4, 2.1) 20
[12:17:02.033]: (0.0, 2.5, 2.0) 20
[12:17:02.048]: (-0.1, 2.5, 2.1) 15
[12:17:02.064]: (-0.1, 2.5, 2.1) 15
[12:17:02.079]: (-0.1, 2.5, 2.1) 15
[12:17:02.095]: (-0.1, 2.5, 2.1) 15
[12:17:02.361]: (-0.1, 2.6, 2.2) 19
[12:17:02.624]: (-1.2, 1.7, 3.0) 31
[12:17:02.641]: (-1.1, 1.8, 3.0) 30
[12:17:02.897]: (-1.1, 1.8, 2.9) 27
[12:17:02.930]: (-1.0, 1.7, 2.8) 28
[12:17:02.946]: (-1.0, 1.7, 2.8) 28
[12:17:02.963]: (-1.0, 1.7, 2.8) 28
[12:17:02.984]: (-1.0, 1.7, 2.8) 28
[12:17:03.007]: (-1.0, 1.7, 2.8) 28
[12:17:03.028]: (-0.9, 1.7, 2.8) 28
[12:17:03.050]: (-0.9, 1.7, 2.8) 28
[12:17:03.073]: (-0.9, 1.7, 2.8) 28
[12:17:03.095]: (-0.9, 1.7, 2.8) 28
[12:17:03.117]: (-0.9, 1.7, 2.8) 28
[12:17:03.139]: (-0.9, 1.7, 2.8) 28
[12:17:03.161]: (-0.9, 1.8, 2.8) 28
[12:17:03.184]: (-0.9, 1.8, 2.8) 28
[12:17:03.207]: (-1.0, 1.8, 2.8) 28
[12:17:03.228]: (-0.9, 1.8, 2.8) 28
[12:17:03.250]: (-1.0, 1.8, 2.8) 28
[12:17:03.295]: (-1.0, 1.8, 2.9) 27
[12:17:03.317]: (-1.0, 1.8, 2.9) 27
[12:17:03.340]: (-1.0, 1.8, 2.8) 27
[12:17:03.361]: (-1.0, 1.8, 2.9) 27
[12:17:03.384]: (-1.0, 1.8, 2.9) 27
[12:17:03.406]: (-1.0, 1.8, 2.8) 28
[12:17:03.421]: (-1.0, 1.8, 2.8) 28
[12:17:03.437]: (-1.0, 1.8, 2.8) 28
[12:17:03.591]: (-1.0, 1.8, 2.8) 28
[12:17:03.622]: (-1.0, 0.8, 2.1) 4
[12:17:03.668]: (-1.0, 1.7, 2.8) 28
[12:17:03.744]: (-1.0, 1.8, 2.8) 28
[12:17:03.759]: (-1.0, 1.8, 2.8) 28
[12:17:03.905]: (-1.0, 1.8, 2.9) 27
[12:17:03.927]: (-1.0, 1.8, 2.9) 27
[12:17:03.949]: (-1.0, 1.8, 2.9) 27
[12:17:03.975]: (-1.0, 1.8, 2.9) 27
[12:17:03.993]: (-1.0, 1.8, 2.8) 28
[12:17:04.017]: (-1.0, 1.8, 2.8) 28
[12:17:04.039]: (-1.0, 1.8, 2.8) 28
[12:17:04.061]: (-1.0, 1.8, 2.8) 28
[12:17:04.082]: (-1.0, 1.8, 2.8) 28
[12:17:04.106]: (-1.0, 1.8, 2.8) 28
[12:17:04.128]: (-1.0, 1.8, 2.8) 28
[12:17:04.150]: (-1.0, 1.8, 2.8) 28
[12:17:04.172]: (-1.0, 1.7, 2.8) 28
[12:17:04.194]: (-1.0, 1.7, 2.8) 28
[12:17:04.216]: (-1.0, 1.7, 2.8) 28
[12:17:04.240]: (-1.0, 1.7, 2.8) 28
[12:17:04.260]: (-1.0, 1.7, 2.8) 28
[12:17:04.276]: (-1.0, 1.7, 2.8) 28
[12:17:04.293]: (-0.9, 1.8, 2.8) 28
[12:17:04.310]: (-0.9, 1.8, 2.8) 28
[12:17:04.325]: (-0.9, 1.8, 2.8) 28
[12:17:04.342]: (-0.9, 1.8, 2.8) 28
[12:17:04.357]: (-0.9, 1.7, 2.8) 28
[12:17:04.389]: (-0.9, 1.7, 2.8) 28
[12:17:04.404]: (-0.9, 1.7, 2.8) 28
[12:17:04.420]: (-0.8, 1.6, 2.4) 25
[12:17:04.437]: (-0.8, 1.6, 2.4) 25
[12:17:04.455]: (-0.8, 1.6, 2.4) 25
[12:17:04.485]: (-0.8, 1.7, 2.4) 25
[12:17:04.501]: (-0.9, 1.7, 2.8) 28
[12:17:04.517]: (-1.0, 1.7, 2.8) 28
[12:17:04.532]: (-0.9, 1.7, 2.8) 28
[12:17:04.547]: (-0.9, 1.7, 2.8) 28
[12:17:04.564]: (-1.0, 1.7, 2.8) 28
[12:17:04.580]: (-1.0, 1.7, 2.8) 28
[12:17:04.596]: (-1.0, 1.7, 2.8) 28
[12:17:04.613]: (-1.0, 1.8, 2.8) 28
[12:17:04.629]: (-1.0, 1.8, 2.8) 28
[12:17:04.645]: (-1.0, 1.8, 2.8) 28
[12:17:04.660]: (-1.0, 1.7, 2.8) 28
[12:17:04.677]: (-1.0, 1.7, 2.8) 28
[12:17:04.693]: (-1.0, 1.7, 2.8) 28
[12:17:04.709]: (-1.0, 1.7, 2.8) 28
[12:17:04.726]: (-1.0, 1.7, 2.8) 28
[12:17:04.750]: (-1.0, 1.7, 2.8) 28
[12:17:04.795]: (-1.0, 1.8, 2.8) 27
[12:17:04.905]: (-0.9, 0.8, 2.1) 4
[12:17:05.017]: (-1.1, 1.8, 2.8) 27
[12:17:05.038]: (-1.1, 1.8, 2.9) 27
[12:17:05.060]: (-1.1, 1.8, 2.9) 27
[12:17:05.084]: (-1.1, 1.8, 3.0) 30
[12:17:05.104]: (-1.1, 1.8, 3.0) 30
[12:17:05.127]: (-1.1, 1.8, 3.0) 30
[12:17:05.150]: (-1.1, 1.8, 3.0) 30
[12:17:05.165]: (-1.1, 1.8, 3.0) 30
[12:17:05.181]: (-1.1, 1.8, 3.0) 30
[12:17:05.197]: (-1.1, 1.8, 2.9) 27
[12:17:05.215]: (-1.1, 1.8, 2.9) 27
[12:17:05.231]: (-1.1, 1.8, 2.9) 27
[12:17:05.247]: (-1.1, 1.8, 2.9) 27
[12:17:05.263]: (-1.1, 1.8, 2.8) 27
[12:17:05.279]: (-1.1, 1.8, 2.8) 27
[12:17:05.295]: (-1.1, 1.8, 2.8) 27
[12:17:05.313]: (-1.1, 1.8, 2.9) 27
[12:17:05.329]: (-1.1, 1.8, 3.0) 30
[12:17:05.509]: (-1.1, 1.8, 3.0) 30
[12:17:05.526]: (-1.1, 1.8, 3.0) 30
[12:17:05.543]: (-1.1, 1.8, 2.9) 27
[12:17:05.560]: (-1.1, 1.8, 2.9) 27
[12:17:05.575]: (-1.1, 1.8, 2.9) 27
[12:17:05.593]: (-1.1, 1.8, 2.9) 27
[12:17:05.616]: (-1.0, 1.8, 2.9) 27
[12:17:05.638]: (-1.0, 1.8, 2.8) 27
[12:17:05.682]: (-1.1, 1.8, 3.0) 30
[12:17:05.705]: (-1.1, 1.8, 3.0) 30
[12:17:05.728]: (-1.1, 1.8, 3.0) 30
[12:17:05.748]: (-1.1, 1.8, 3.0) 30
[12:17:05.771]: (-1.1, 1.8, 3.0) 30
[12:17:05.793]: (-1.1, 1.8, 2.9) 30
[12:17:05.816]: (-1.1, 1.8, 2.9) 30
[12:17:05.839]: (-1.1, 1.8, 3.0) 30
[12:17:05.861]: (-1.1, 1.8, 3.0) 30
[12:17:05.883]: (-1.1, 1.8, 3.0) 30
[12:17:05.949]: (-1.1, 1.8, 2.9) 27
[12:17:05.974]: (-1.1, 1.8, 2.8) 27
[12:17:05.993]: (-1.1, 1.8, 2.9) 27
[12:17:06.010]: (-1.2, 1.6, 3.0) 31
[12:17:06.144]: (-0.9, 1.5, 2.3) 22
[12:17:06.162]: (-1.0, 1.7, 2.8) 28
[12:17:06.177]: (-1.0, 1.9, 2.8) 27
[12:17:06.193]: (-1.0, 1.7, 2.8) 28
[12:17:06.216]: (-1.0, 1.7, 2.8) 28
[12:17:06.233]: (-1.0, 1.8, 2.8) 28
[12:17:06.251]: (-1.0, 1.8, 2.8) 28
[12:17:06.267]: (-1.0, 1.8, 2.8) 28
[12:17:06.284]: (-1.0, 1.8, 2.8) 28
[12:17:06.300]: (-1.0, 1.8, 2.8) 28
[12:17:06.317]: (-1.0, 1.8, 2.8) 27
[12:17:06.335]: (-1.0, 1.8, 2.8) 28
[12:17:06.352]: (-1.0, 1.8, 2.8) 28
[12:17:06.372]: (-1.0, 1.8, 2.8) 27
[12:17:06.390]: (-1.0, 1.8, 2.8) 28
[12:17:06.409]: (-1.1, 1.8, 2.9) 27
[12:17:06.426]: (-1.1, 1.8, 2.9) 27
[12:17:06.464]: (-1.1, 1.8, 2.9) 27
[12:17:06.506]: (-1.1, 1.8, 2.8) 27
[12:17:06.549]: (-1.0, 1.7, 2.8) 28
[12:17:06.595]: (-1.0, 1.8, 2.8) 28
[12:17:06.618]: (-1.0, 1.8, 2.8) 28
[12:17:06.639]: (-1.0, 1.8, 2.8) 28
[12:17:06.661]: (-1.0, 1.7, 2.8) 28
[12:17:06.682]: (-1.0, 1.7, 2.8) 28
[12:17:06.705]: (-1.0, 1.7, 2.8) 28
[12:17:06.729]: (-1.0, 1.7, 2.8) 28
[12:17:06.749]: (-1.0, 1.7, 2.8) 28
[12:17:06.772]: (-1.0, 1.7, 2.8) 28
[12:17:06.794]: (-1.0, 1.7, 2.8) 28
[12:17:06.817]: (-1.0, 1.7, 2.8) 28
[12:17:06.844]: (-1.0, 1.7, 2.8) 28
[12:17:06.860]: (-1.0, 1.7, 2.8) 28
[12:17:06.879]: (-1.0, 1.7, 2.8) 28
[12:17:06.895]: (-1.0, 1.7, 2.8) 28
[12:17:06.911]: (-1.0, 1.7, 2.8) 28
[12:17:06.928]: (-1.0, 1.7, 2.8) 28
[12:17:06.946]: (-1.0, 1.7, 2.8) 28
[12:17:06.964]: (-1.0, 1.7, 2.8) 28
[12:17:06.981]: (-1.0, 1.8, 2.8) 28
[12:17:06.998]: (-1.0, 1.8, 2.8) 28
[12:17:07.016]: (-1.0, 1.7, 2.8) 28
[12:17:07.034]: (-1.0, 1.7, 2.8) 28
[12:17:07.050]: (-1.0, 1.7, 2.8) 28
[12:17:07.066]: (-1.0, 1.7, 2.8) 28
[12:17:07.086]: (-1.0, 1.7, 2.8) 28
[12:17:07.102]: (-1.0, 1.7, 2.8) 28
[12:17:07.119]: (-1.0, 1.7, 2.8) 28
[12:17:07.137]: (-1.0, 1.7, 2.8) 28
[12:17:07.155]: (-1.0, 1.7, 2.8) 28
[12:17:07.172]: (-1.0, 1.7, 2.8) 28
[12:17:07.188]: (-1.0, 1.7, 2.8) 28
[12:17:07.204]: (-1.0, 1.7, 2.8) 28
[12:17:07.220]: (-1.0, 1.7, 2.8) 28
[12:17:07.239]: (-1.0, 1.7, 2.8) 28
[12:17:07.255]: (-1.0, 1.7, 2.8) 28
[12:17:07.272]: (-1.0, 1.7, 2.8) 28
[12:17:07.289]: (-1.0, 1.7, 2.8) 28
[12:17:07.305]: (-1.0, 1.7, 2.8) 28
[12:17:07.327]: (-1.0, 1.7, 2.8) 28
[12:17:07.351]: (-1.0, 1.7, 2.8) 28
[12:17:07.372]: (-1.0, 1.7, 2.8) 28
[12:17:07.394]: (-1.0, 1.7, 2.8) 28
[12:17:07.417]: (-1.0, 1.7, 2.8) 28
[12:17:07.549]: (-1.0, 1.7, 2.8) 28
[12:17:07.571]: (-1.0, 1.7, 2.8) 28
[12:17:07.594]: (-1.0, 1.8, 2.8) 27
[12:17:07.616]: (-1.0, 1.8, 2.8) 27
[12:17:07.637]: (-1.0, 1.7, 2.8) 28
[12:17:07.771]: (-1.1, 1.8, 3.0) 30
[12:17:07.790]: (-1.0, 1.8, 2.8) 27
[12:17:07.805]: (-1.0, 1.8, 2.9) 27
[12:17:07.822]: (-1.0, 1.8, 2.9) 27
[12:17:07.839]: (-1.0, 1.8, 2.9) 27
[12:17:07.930]: (-1.0, 1.8, 2.8) 28
[12:17:07.945]: (-0.9, 1.8, 2.8) 28
[12:17:07.961]: (-1.0, 1.8, 2.8) 28
[12:17:07.979]: (-1.0, 1.7, 2.8) 28
[12:17:07.995]: (-1.0, 1.7, 2.8) 28
[12:17:08.011]: (-1.0, 1.7, 2.8) 28
[12:17:08.029]: (-1.0, 1.7, 2.8) 28
[12:17:08.046]: (-1.0, 1.7, 2.8) 28
[12:17:08.063]: (-1.0, 1.8, 2.8) 28
[12:17:08.079]: (-1.0, 1.8, 2.8) 28
[12:17:08.095]: (-1.0, 1.8, 2.8) 28
[12:17:08.110]: (-1.0, 1.8, 2.8) 28
[12:17:08.125]: (-1.0, 1.8, 2.8) 28
[12:17:08.141]: (-1.0, 1.8, 2.8) 28
[12:17:08.157]: (-1.0, 1.8, 2.8) 28
[12:17:08.172]: (-1.0, 1.8, 2.9) 27
[12:17:08.188]: (-1.0, 1.8, 2.9) 27
[12:17:08.203]: (-1.0, 1.8, 2.9) 27
[12:17:08.227]: (-1.0, 1.9, 2.9) 27
[12:17:08.248]: (-1.0, 1.9, 2.9) 29
[12:17:08.271]: (-1.0, 2.0, 2.9) 29
[12:17:08.294]: (-1.0, 2.0, 2.9) 29
[12:17:08.404]: (-1.1, 1.9, 2.9) 27
[12:17:08.448]: (-1.1, 1.8, 2.8) 27
[12:17:08.492]: (-1.0, 1.9, 2.8) 27
[12:17:08.560]: (0.0, 2.5, 2.0) 20
[12:17:08.581]: (-0.1, 2.5, 2.0) 20
[12:17:08.603]: (-0.1, 2.5, 2.1) 15
[12:17:08.648]: (-0.1, 2.5, 2.1) 15
[12:17:08.739]: (-0.1, 2.4, 2.2) 14
[12:17:08.757]: (-0.1, 2.4, 2.2) 14
[12:17:08.772]: (-0.1, 2.4, 2.2) 14
[12:17:08.788]: (-0.2, 2.4, 2.2) 14
[12:17:08.804]: (-0.2, 2.4, 2.2) 14
[12:17:08.821]: (-0.1, 2.5, 2.1) 15
[12:17:09.259]: (-0.1, 3.1, 2.7) 1
[12:17:09.282]: (-0.1, 3.1, 2.7) 1
[12:17:09.304]: (-0.1, 3.1, 2.7) 1
[12:17:09.327]: (-0.2, 3.1, 2.7) 1
[12:17:09.348]: (-0.2, 3.1, 2.7) 1
[12:17:09.370]: (-0.2, 3.1, 2.7) 1
[12:17:09.393]: (-0.2, 3.1, 2.7) 1
[12:17:09.543]: (-1.0, 1.8, 2.8) 27
[12:17:10.160]: (-1.1, 1.8, 2.9) 27
[12:17:10.273]: (-1.0, 1.8, 2.9) 27
[12:17:10.294]: (-1.0, 1.8, 2.8) 27
[12:17:10.316]: (-1.0, 1.8, 2.9) 27
[12:17:10.340]: (-1.0, 1.8, 2.9) 27
[12:17:10.360]: (-1.0, 1.8, 2.9) 27
[12:17:10.383]: (-1.0, 1.8, 2.9) 27
[12:17:10.441]: (-1.0, 1.8, 2.9) 27
[12:17:10.459]: (-1.0, 1.9, 2.9) 27
[12:17:10.476]: (-1.0, 1.8, 2.9) 27
[12:17:10.496]: (-1.0, 1.8, 2.9) 27
[12:17:10.514]: (-1.0, 1.8, 2.9) 27
[12:17:10.533]: (-1.0, 1.8, 2.9) 27
[12:17:10.551]: (-1.0, 1.9, 2.9) 27
[12:17:10.598]: (-1.0, 1.9, 2.9) 27
[12:17:10.616]: (-1.0, 1.9, 2.9) 27
[12:17:10.634]: (-1.0, 1.8, 2.9) 27
[12:17:10.650]: (-1.0, 1.8, 2.9) 27
[12:17:10.667]: (-1.0, 1.9, 2.9) 27
[12:17:10.696]: (-1.0, 1.9, 2.9) 27
[12:17:10.714]: (-1.0, 1.9, 2.9) 27
[12:17:10.731]: (-1.0, 1.9, 2.9) 27
[12:17:10.747]: (-1.0, 1.9, 2.9) 27
[12:17:10.763]: (-1.0, 1.9, 2.9) 27
[12:17:10.788]: (-1.0, 1.9, 2.9) 29
[12:17:10.806]: (-1.0, 1.9, 2.9) 27
[12:17:10.822]: (-1.1, 2.0, 2.9) 29
[12:17:10.842]: (-1.1, 1.9, 2.9) 29
[12:17:10.859]: (-1.1, 1.9, 2.9) 29
[12:17:10.874]: (-1.1, 1.9, 2.9) 29
[12:17:10.897]: (-1.1, 1.9, 2.9) 29
