[12:17:49.361]: (-2.6, -0.9, 0.0) 28
[12:17:55.599]: (-0.9, -0.1, 5.5) 3
[12:17:56.129]: (-2.6, 1.0, 3.9) 23
[12:17:57.501]: (-0.7, 2.8, 3.8) 33
[12:17:58.239]: (0.1, 2.7, 2.8) 13
[12:17:58.264]: (0.2, 2.2, 2.1) 8
[12:17:58.283]: (0.1, 2.3, 2.4) 4
[12:17:58.307]: (0.1, 2.2, 2.1) 8
[12:17:58.330]: (0.2, 2.2, 2.3) 4
[12:17:58.350]: (0.2, 2.2, 2.1) 8
[12:17:58.374]: (0.2, 2.2, 2.3) 4
[12:17:58.418]: (0.1, 2.2, 2.3) 4
[12:17:58.509]: (0.3, 2.6, 2.9) 15
[12:17:58.532]: (0.2, 2.6, 2.8) 12
[12:17:58.552]: (0.2, 2.6, 2.8) 12
[12:17:58.920]: (0.4, 2.5, 2.9) 18
[12:17:58.936]: (0.4, 2.4, 2.9) 18
[12:17:58.954]: (0.4, 2.4, 2.8) 16
[12:17:58.970]: (0.4, 2.4, 2.8) 16
[12:18:00.306]: (-0.5, 3.1, 3.4) 33
[12:18:00.350]: (-0.4, 3.0, 3.4) 33
[12:18:00.396]: (-0.4, 3.0, 3.4) 33
[12:18:00.417]: (-0.5, 3.0, 3.4) 33
[12:18:01.294]: (-1.5, 3.8, 4.2) 2
[12:18:01.311]: (-1.5, 3.8, 4.2) 2
[12:18:01.330]: (-1.5, 3.8, 4.2) 2
[12:18:01.347]: (-1.5, 3.8, 4.2) 2
[12:18:01.364]: (-1.5, 3.8, 4.2) 2
[12:18:01.380]: (-1.5, 3.8, 4.2) 2
[12:18:01.395]: (-1.5, 3.8, 4.2) 2
[12:18:01.411]: (-1.5, 3.8, 4.2) 2
[12:18:01.428]: (-1.5, 3.8, 4.2) 2
[12:18:01.444]: (-1.5, 3.8, 4.2) 2
[12:18:01.461]: (-1.5, 3.8, 4.2) 2
[12:18:01.477]: (-1.5, 3.8, 4.2) 2
[12:18:01.493]: (-1.5, 3.8, 4.2) 2
[12:18:05.820]: (-0.2, 3.0, 3.4) 34
[12:18:06.902]: (-0.3, 2.9, 3.4) 31
[12:18:07.937]: (0.4, 2.4, 2.8) 16
[12:18:08.070]: (0.5, 2.2, 2.8) 12
[12:18:08.107]: (0.5, 2.2, 3.0) 15
[12:18:08.122]: (0.5, 2.3, 2.8) 12
[12:18:08.155]: (0.5, 2.3, 2.8) 12
[12:18:08.323]: (0.9, 2.7, 3.5) 42
[12:18:08.340]: (0.9, 2.7, 3.5) 42
[12:18:08.356]: (0.9, 2.7, 3.5) 42
[12:18:08.372]: (0.8, 2.7, 3.6) 42
[12:18:08.390]: (0.8, 2.7, 3.6) 42
[12:18:08.406]: (0.8, 2.7, 3.6) 42
[12:18:08.647]: (0.5, 2.4, 2.8) 16
[12:18:08.669]: (0.5, 2.4, 2.8) 16
[12:18:08.692]: (0.5, 2.4, 2.8) 16
[12:18:08.715]: (0.5, 2.4, 2.8) 16
[12:18:08.812]: (0.5, 2.4, 2.8) 16
[12:18:08.829]: (0.4, 2.4, 2.8) 16
[12:18:08.846]: (0.4, 2.4, 2.8) 16
[12:18:09.086]: (-1.3, 3.8, 4.3) 1
[12:18:09.380]: (-1.8, 3.3, 3.4) 21
[12:18:09.398]: (-1.8, 3.3, 3.4) 19
[12:18:09.415]: (-1.7, 3.2, 3.3) 23
[12:18:09.431]: (-1.7, 3.2, 3.3) 23
[12:18:09.447]: (-1.7, 3.3, 3.4) 19
[12:18:09.465]: (-1.7, 3.3, 3.4) 19
[12:18:10.073]: (0.9, 2.7, 3.5) 42
[12:18:10.199]: (1.0, 2.7, 3.6) 43
[12:18:10.271]: (1.1, 2.9, 3.7) 45
[12:18:10.304]: (1.0, 2.7, 3.5) 43
[12:18:10.381]: (1.0, 2.7, 3.6) 41
[12:18:10.426]: (1.0, 2.7, 3.6) 41
[12:18:10.447]: (1.0, 2.7, 3.6) 41
[12:18:10.474]: (1.0, 2.7, 3.6) 41
[12:18:10.493]: (1.0, 2.7, 3.6) 41
[12:18:10.517]: (1.0, 2.7, 3.6) 41
[12:18:10.535]: (1.0, 2.7, 3.5) 43
[12:18:10.559]: (1.0, 2.8, 3.5) 43
[12:18:10.581]: (1.0, 2.7, 3.5) 43
[12:18:10.602]: (1.0, 2.8, 3.5) 43
[12:18:10.626]: (1.0, 2.8, 3.5) 43
[12:18:10.647]: (1.0, 2.8, 3.5) 43
[12:18:10.671]: (1.1, 2.8, 3.7) 45
[12:18:10.692]: (1.0, 2.8, 3.5) 43
[12:18:10.714]: (1.0, 2.8, 3.5) 43
[12:18:10.736]: (1.1, 2.8, 3.5) 43
[12:18:10.758]: (1.1, 2.9, 3.7) 45
[12:18:10.780]: (1.1, 2.9, 3.7) 45
[12:18:11.860]: (1.0, 2.8, 3.6) 41
[12:18:11.969]: (-0.2, 2.9, 3.4) 34
[12:18:12.565]: (-0.4, 3.1, 3.5) 33
[12:18:13.091]: (0.5, 2.5, 2.9) 18
[12:18:13.179]: (0.5, 2.3, 2.7) 14
[12:18:13.200]: (0.5, 2.3, 2.7) 14
[12:18:13.223]: (0.5, 2.3, 2.7) 14
[12:18:13.267]: (0.5, 2.3, 2.8) 12
[12:18:13.290]: (0.5, 2.2, 2.8) 12
[12:18:13.562]: (0.5, 1.9, 2.1) 10
[12:18:13.627]: (0.5, 1.9, 2.1) 10
[12:18:13.643]: (0.5, 1.9, 2.1) 10
[12:18:13.659]: (0.5, 1.9, 2.1) 10
[12:18:13.705]: (0.5, 1.9, 2.1) 10
[12:18:13.721]: (0.5, 1.9, 2.1) 10
[12:18:13.738]: (0.5, 1.9, 2.1) 10
[12:18:13.956]: (1.0, 2.9, 3.7) 44
[12:18:13.978]: (1.0, 2.9, 3.7) 44
[12:18:14.000]: (1.0, 2.8, 3.6) 41
[12:18:14.067]: (1.0, 2.7, 3.5) 43
[12:18:14.089]: (1.0, 2.7, 3.6) 41
[12:18:14.111]: (0.9, 2.8, 3.6) 41
[12:18:14.133]: (0.9, 2.7, 3.5) 42
[12:18:14.259]: (1.0, 2.7, 3.6) 43
[12:18:14.291]: (1.0, 2.9, 3.7) 44
[12:18:14.387]: (1.0, 2.9, 3.7) 44
[12:18:14.402]: (1.0, 2.9, 3.7) 44
[12:18:14.420]: (1.0, 2.8, 3.7) 44
[12:18:14.435]: (1.0, 2.8, 3.7) 44
[12:18:14.451]: (1.0, 2.8, 3.7) 44
[12:18:14.609]: (0.4, 2.3, 2.8) 12
[12:18:14.654]: (0.5, 2.4, 2.9) 18
[12:18:15.338]: (-1.9, 3.3, 3.3) 22
[12:18:16.253]: (-1.3, 3.9, 4.4) 3
[12:18:16.777]: (0.7, 1.8, 2.2) 7
[12:18:16.971]: (0.5, 1.8, 2.2) 6
[12:18:16.987]: (0.5, 1.8, 2.2) 6
[12:18:17.003]: (0.5, 1.8, 2.2) 6
[12:18:17.019]: (0.5, 1.8, 2.2) 6
[12:18:17.676]: (0.5, 1.9, 2.1) 10
[12:18:17.692]: (0.5, 1.9, 2.1) 10
[12:18:17.710]: (0.5, 1.9, 2.1) 10
[12:18:17.727]: (0.5, 1.9, 2.1) 10
[12:18:17.744]: (0.5, 1.9, 2.1) 10
[12:18:17.760]: (0.5, 1.9, 2.1) 10
[12:18:17.778]: (0.5, 1.9, 2.1) 10
[12:18:17.794]: (0.5, 1.9, 2.1) 10
[12:18:17.812]: (0.5, 1.9, 2.1) 10
[12:18:17.830]: (0.5, 1.9, 2.1) 10
[12:18:17.847]: (0.5, 1.9, 2.1) 10
[12:18:17.864]: (0.5, 1.9, 2.0) 10
[12:18:17.880]: (0.5, 1.9, 2.1) 10
[12:18:17.896]: (0.5, 1.9, 2.1) 10
[12:18:17.913]: (0.5, 1.9, 2.1) 10
[12:18:17.929]: (0.5, 1.9, 2.1) 10
[12:18:17.944]: (0.5, 1.9, 2.1) 10
[12:18:17.960]: (0.5, 1.9, 2.1) 10
[12:18:17.978]: (0.5, 1.9, 2.1) 10
[12:18:17.994]: (0.5, 1.9, 2.1) 10
[12:18:18.010]: (0.5, 1.9, 2.1) 10
[12:18:18.026]: (0.5, 1.9, 2.1) 10
[12:18:18.043]: (0.5, 1.9, 2.1) 10
[12:18:18.060]: (0.5, 1.9, 2.1) 10
[12:18:18.078]: (0.5, 1.9, 2.1) 10
[12:18:18.094]: (0.5, 1.9, 2.1) 10
[12:18:18.112]: (0.5, 1.9, 2.1) 10
[12:18:18.129]: (0.5, 1.9, 2.0) 10
[12:18:18.145]: (0.5, 1.9, 2.0) 10
[12:18:18.162]: (0.5, 1.9, 2.0) 10
[12:18:18.178]: (0.5, 1.9, 2.0) 10
[12:18:18.198]: (0.5, 1.9, 2.0) 10
[12:18:18.221]: (0.5, 1.9, 2.0) 10
[12:18:18.243]: (0.5, 1.9, 2.0) 10
[12:18:18.265]: (0.5, 1.9, 2.0) 10
[12:18:18.288]: (0.4, 1.9, 2.0) 10
[12:18:18.310]: (0.6, 2.2, 2.7) 14
[12:18:18.331]: (0.5, 2.4, 2.9) 18
[12:18:18.487]: (0.5, 2.4, 2.9) 18
[12:18:18.510]: (0.5, 2.4, 2.9) 18
[12:18:18.620]: (1.0, 2.9, 3.7) 44
[12:18:18.942]: (1.0, 2.9, 3.7) 44
[12:18:18.959]: (1.0, 2.9, 3.7) 44
[12:18:18.978]: (1.0, 2.9, 3.7) 44
[12:18:18.994]: (1.0, 2.9, 3.7) 44
[12:18:19.011]: (1.0, 2.9, 3.7) 44
[12:18:19.031]: (1.0, 2.9, 3.7) 44
[12:18:19.055]: (1.0, 2.9, 3.7) 44
[12:18:19.078]: (1.0, 2.9, 3.7) 44
[12:18:19.098]: (1.0, 2.9, 3.7) 44
[12:18:19.120]: (1.0, 2.9, 3.7) 44
[12:18:19.142]: (1.0, 2.9, 3.7) 44
[12:18:19.165]: (1.0, 2.9, 3.7) 44
[12:18:19.188]: (1.0, 2.9, 3.7) 44
[12:18:19.210]: (1.0, 2.9, 3.7) 44
[12:18:19.231]: (1.0, 2.9, 3.7) 44
[12:18:19.254]: (1.0, 2.9, 3.7) 44
[12:18:19.562]: (0.4, 1.7, 2.4) 9
[12:18:19.676]: (0.4, 1.9, 2.1) 10
[12:18:19.692]: (0.4, 1.9, 2.0) 10
[12:18:19.709]: (0.4, 1.9, 2.0) 10
[12:18:19.725]: (0.4, 1.9, 2.1) 10
[12:18:19.755]: (0.4, 1.9, 2.0) 10
[12:18:19.772]: (0.4, 1.9, 2.0) 10
[12:18:19.789]: (0.4, 1.9, 2.0) 10
[12:18:19.804]: (0.4, 1.9, 2.0) 10
[12:18:19.820]: (0.4, 1.9, 2.1) 10
[12:18:19.843]: (0.4, 1.9, 2.1) 10
[12:18:19.865]: (0.4, 1.9, 2.0) 10
[12:18:19.887]: (0.4, 1.9, 2.0) 10
[12:18:19.909]: (0.4, 1.9, 2.1) 10
[12:18:19.931]: (0.5, 1.9, 2.2) 5
[12:18:19.953]: (0.4, 1.9, 2.0) 10
[12:18:19.978]: (0.4, 1.9, 2.0) 10
[12:18:19.998]: (0.4, 1.9, 2.2) 5
[12:18:20.020]: (0.4, 1.9, 2.1) 10
[12:18:20.043]: (0.4, 1.9, 2.2) 5
[12:18:20.064]: (0.5, 1.8, 2.2) 6
[12:18:20.086]: (0.5, 1.8, 2.2) 6
[12:18:20.132]: (0.5, 1.8, 2.2) 6
[12:18:20.153]: (0.5, 1.8, 2.2) 6
[12:18:20.176]: (0.5, 1.8, 2.2) 6
[12:18:20.197]: (0.5, 1.8, 2.2) 6
[12:18:20.220]: (0.5, 1.8, 2.2) 6
[12:18:20.432]: (0.5, 1.9, 2.2) 6
[12:18:20.636]: (1.0, 2.7, 3.5) 43
[12:18:20.654]: (1.0, 2.7, 3.5) 43
[12:18:20.672]: (1.0, 2.7, 3.5) 43
[12:18:20.689]: (1.0, 2.7, 3.5) 43
[12:18:20.721]: (0.9, 2.7, 3.6) 41
[12:18:20.899]: (0.6, 2.2, 2.7) 14
