[12:09:31.423]: (-2.6, -1.4, 0.0) 9
[12:09:35.504]: (-2.6, -1.4, 0.0) 9
[12:09:38.930]: (-2.4, -0.5, 0.0) 6
[12:09:38.975]: (-2.9, -1.4, 0.0) 10
[12:09:42.784]: (-1.3, 1.1, 3.5) 14
[12:09:42.868]: (-0.9, 1.4, 3.5) 14
[12:09:42.887]: (-1.3, 1.6, 6.3) 35
[12:09:42.950]: (-0.8, 1.5, 3.6) 14
[12:09:43.185]: (0.2, 1.8, 4.2) 18
[12:09:43.206]: (0.3, 1.8, 4.2) 18
[12:09:43.227]: (0.3, 1.9, 4.2) 18
[12:09:43.248]: (0.3, 1.9, 4.2) 18
[12:09:43.327]: (0.1, 1.8, 2.4) 6
[12:09:43.349]: (0.0, 1.8, 2.4) 6
[12:09:43.372]: (0.1, 1.8, 2.4) 6
[12:09:43.483]: (0.0, 1.8, 2.4) 6
[12:09:45.477]: (0.5, 1.1, 2.2) 33
[12:09:45.493]: (0.6, 1.1, 2.2) 33
[12:09:45.508]: (0.6, 1.1, 2.4) 32
[12:09:45.525]: (0.6, 1.1, 2.4) 32
[12:09:45.541]: (0.6, 1.1, 2.3) 33
[12:09:45.559]: (0.6, 1.1, 2.3) 33
[12:09:45.575]: (0.6, 1.1, 2.4) 32
[12:09:45.623]: (0.5, 1.1, 2.2) 33
[12:09:45.638]: (0.6, 1.1, 2.2) 33
[12:09:45.656]: (0.6, 1.1, 2.2) 33
[12:09:45.671]: (0.6, 1.1, 2.2) 33
[12:09:45.688]: (0.6, 1.1, 2.2) 33
[12:09:45.704]: (0.6, 1.1, 2.2) 33
[12:09:45.720]: (0.6, 1.1, 2.2) 33
[12:09:45.735]: (0.5, 1.1, 2.2) 33
[12:09:45.751]: (0.5, 1.1, 2.2) 33
[12:09:45.767]: (0.6, 1.1, 2.4) 32
[12:09:45.784]: (0.6, 1.1, 2.3) 33
[12:09:45.801]: (0.6, 1.1, 2.4) 32
[12:09:45.816]: (0.5, 1.1, 2.3) 33
[12:09:45.834]: (0.5, 1.1, 2.3) 33
[12:09:45.850]: (0.5, 1.1, 2.3) 33
[12:09:45.868]: (0.5, 1.1, 2.3) 33
[12:09:45.884]: (0.5, 1.1, 2.3) 33
[12:09:45.901]: (0.5, 1.1, 2.2) 33
[12:09:45.917]: (0.5, 1.2, 2.2) 33
[12:09:45.937]: (0.5, 1.2, 2.2) 33
[12:09:45.959]: (0.5, 1.2, 2.2) 33
[12:09:45.981]: (0.5, 1.1, 2.2) 33
[12:09:46.073]: (0.5, 1.1, 2.3) 33
[12:09:46.849]: (0.5, 1.5, 2.3) 33
[12:09:46.882]: (0.5, 1.5, 2.3) 33
[12:09:46.916]: (0.5, 1.5, 2.3) 33
[12:09:47.037]: (-0.4, 1.7, 2.6) 7
[12:09:47.103]: (-0.2, 2.0, 4.3) 17
[12:09:47.549]: (-0.7, 2.0, 4.3) 18
[12:09:47.570]: (-0.6, 2.0, 4.3) 18
[12:09:47.615]: (-0.5, 1.7, 2.5) 6
[12:09:47.637]: (-0.5, 1.7, 2.5) 6
[12:09:48.086]: (-0.5, 1.8, 2.8) 5
[12:09:48.108]: (-0.6, 2.2, 5.3) 25
[12:09:48.504]: (0.5, 1.6, 2.3) 33
[12:09:49.441]: (1.1, 1.7, 3.6) 22
[12:09:49.826]: (1.2, 1.7, 3.6) 21
[12:09:49.847]: (1.2, 1.7, 3.7) 23
[12:09:49.869]: (1.2, 1.8, 3.6) 21
[12:09:49.890]: (1.2, 1.8, 3.7) 23
[12:09:50.413]: (0.9, 1.4, 1.3) 0
[12:09:50.435]: (1.2, 1.4, 1.7) 4
[12:09:50.461]: (1.2, 1.4, 1.8) 4
[12:09:50.480]: (1.2, 1.4, 1.8) 4
[12:09:50.502]: (1.2, 1.4, 1.8) 4
[12:09:50.798]: (1.8, 1.5, 2.5) 11
[12:09:51.380]: (-0.7, 2.0, 4.3) 18
[12:09:51.603]: (-0.4, 1.7, 2.6) 7
[12:09:51.652]: (-0.4, 1.7, 2.6) 7
[12:09:51.700]: (-1.9, 2.6, 6.5) 34
[12:09:51.731]: (-0.6, 1.7, 2.5) 6
[12:09:51.841]: (-0.6, 2.2, 5.2) 25
[12:09:51.906]: (-0.8, 2.3, 5.4) 24
[12:09:51.922]: (-0.8, 2.3, 5.4) 24
[12:09:52.024]: (-0.7, 2.1, 4.3) 18
[12:09:52.202]: (-0.8, 2.3, 5.4) 24
[12:09:52.290]: (-0.6, 2.1, 4.3) 18
[12:09:52.312]: (-0.6, 2.1, 4.3) 18
[12:09:52.336]: (-0.6, 2.1, 4.3) 18
[12:09:52.359]: (-0.6, 2.1, 4.3) 18
[12:09:54.067]: (1.1, 1.7, 3.6) 21
[12:09:54.112]: (0.6, 1.5, 2.4) 32
[12:09:54.156]: (0.6, 1.5, 2.4) 32
[12:09:54.173]: (1.1, 1.7, 3.6) 21
[12:09:54.191]: (1.1, 1.7, 3.6) 22
[12:09:54.210]: (1.1, 1.7, 3.6) 22
[12:09:54.229]: (1.1, 1.7, 3.6) 22
[12:09:54.248]: (1.1, 1.7, 3.6) 22
[12:09:54.266]: (1.1, 1.7, 3.6) 22
[12:09:54.283]: (1.1, 1.7, 3.6) 22
[12:09:54.301]: (1.1, 1.7, 3.6) 22
[12:09:54.317]: (1.1, 1.7, 3.6) 22
[12:09:54.335]: (1.1, 1.7, 3.6) 22
[12:09:54.353]: (1.1, 1.7, 3.6) 22
[12:09:54.371]: (1.1, 1.7, 3.6) 22
[12:09:54.388]: (1.1, 1.7, 3.6) 22
[12:09:54.406]: (1.1, 1.7, 3.6) 21
[12:09:54.425]: (1.1, 1.7, 3.6) 21
[12:09:54.444]: (1.1, 1.7, 3.6) 21
[12:09:54.464]: (0.6, 1.6, 2.4) 32
[12:09:54.483]: (0.6, 1.6, 2.4) 32
[12:09:54.520]: (1.2, 1.7, 3.6) 21
[12:09:54.570]: (1.1, 1.7, 3.6) 21
[12:09:54.586]: (1.1, 1.7, 3.6) 21
[12:09:54.603]: (1.1, 1.8, 3.6) 21
[12:09:54.620]: (1.2, 1.7, 3.7) 23
[12:09:54.968]: (1.2, 1.4, 1.7) 4
[12:09:54.991]: (1.8, 1.5, 2.4) 11
[12:09:55.013]: (0.8, 1.4, 1.3) 0
[12:09:55.034]: (1.2, 1.4, 1.7) 4
[12:09:55.057]: (0.8, 1.4, 1.3) 0
[12:09:55.081]: (0.8, 1.4, 1.3) 0
[12:09:55.100]: (0.8, 1.4, 1.3) 0
[12:09:55.189]: (0.8, 1.3, 1.1) 1
[12:09:55.323]: (1.2, 1.4, 1.7) 4
[12:09:55.560]: (1.5, 1.6, 2.8) 12
[12:09:56.867]: (-0.5, 1.7, 2.5) 6
[12:09:57.090]: (-0.6, 1.8, 2.6) 6
[12:09:57.229]: (-0.8, 2.3, 5.4) 24
[12:09:57.244]: (-0.8, 2.3, 5.4) 24
[12:09:57.261]: (-0.8, 2.2, 5.4) 24
[12:09:57.277]: (-0.8, 2.3, 5.4) 24
[12:09:57.294]: (-0.8, 2.3, 5.4) 24
[12:09:57.311]: (-0.8, 2.3, 5.4) 24
[12:09:57.444]: (-0.5, 2.3, 5.3) 25
[12:09:57.468]: (-0.5, 2.2, 5.2) 25
[12:09:57.487]: (-0.5, 2.2, 5.2) 25
[12:09:57.511]: (-0.6, 2.3, 5.2) 25
[12:10:01.257]: (-2.9, 2.3, 4.9) 30
[12:10:02.276]: (-0.6, 2.2, 5.2) 25
[12:10:02.310]: (-0.6, 2.2, 5.2) 25
[12:10:02.343]: (-0.6, 2.2, 5.2) 25
[12:10:02.377]: (-0.6, 2.2, 5.2) 25
[12:10:02.408]: (-0.5, 2.2, 5.2) 25
[12:10:02.442]: (-0.5, 2.2, 5.2) 25
[12:10:02.476]: (-0.5, 2.2, 5.2) 25
[12:10:02.510]: (-0.5, 2.2, 5.2) 25
[12:10:02.542]: (-0.6, 2.2, 5.2) 25
[12:10:02.576]: (-0.6, 2.2, 5.2) 25
[12:10:02.599]: (-0.5, 2.3, 5.3) 25
[12:10:02.619]: (-0.5, 2.3, 5.3) 25
[12:10:02.642]: (-0.5, 2.2, 5.2) 25
[12:10:02.664]: (-0.5, 2.2, 5.2) 25
[12:10:02.686]: (-0.5, 2.2, 5.2) 25
[12:10:02.709]: (-0.6, 2.3, 5.2) 25
[12:10:02.730]: (-0.5, 2.3, 5.3) 25
[12:10:02.754]: (-0.5, 2.3, 5.3) 25
[12:10:02.775]: (-0.5, 2.3, 5.3) 25
[12:10:02.798]: (-0.6, 2.3, 5.2) 25
[12:10:02.821]: (-0.6, 2.3, 5.2) 25
[12:10:02.842]: (-0.6, 2.3, 5.2) 25
[12:10:02.865]: (-0.6, 2.2, 5.2) 25
[12:10:02.886]: (-0.6, 2.2, 5.2) 25
[12:10:02.910]: (-0.6, 2.2, 5.2) 25
[12:10:02.931]: (-0.6, 2.2, 5.2) 25
[12:10:02.953]: (-0.6, 2.2, 5.2) 25
[12:10:02.976]: (-0.5, 2.2, 5.2) 25
[12:10:02.997]: (-0.5, 2.2, 5.2) 25
[12:10:03.019]: (-0.6, 2.2, 5.2) 25
[12:10:03.042]: (-0.6, 2.2, 5.2) 25
[12:10:03.064]: (-0.6, 2.2, 5.2) 25
[12:10:03.087]: (-0.6, 2.3, 5.2) 25
[12:10:03.108]: (-0.6, 2.3, 5.2) 25
[12:10:03.131]: (-0.6, 2.3, 5.2) 25
[12:10:03.154]: (-0.6, 2.3, 5.2) 25
[12:10:03.175]: (-0.5, 2.3, 5.2) 25
[12:10:03.197]: (-0.5, 2.2, 5.2) 25
[12:10:03.446]: (0.0, 1.9, 3.6) 8
[12:10:03.470]: (0.0, 1.8, 3.3) 9
[12:10:03.668]: (1.0, 1.7, 3.7) 22
[12:10:03.735]: (1.2, 1.7, 3.6) 21
[12:10:03.756]: (1.2, 1.7, 3.6) 21
[12:10:03.779]: (1.2, 1.7, 3.6) 21
[12:10:03.801]: (1.1, 1.7, 3.6) 22
[12:10:03.825]: (1.1, 1.7, 3.6) 22
[12:10:03.841]: (1.1, 1.7, 3.6) 21
[12:10:03.856]: (1.1, 1.7, 3.6) 22
[12:10:03.872]: (1.1, 1.7, 3.6) 22
[12:10:03.888]: (1.0, 1.7, 3.6) 22
[12:10:03.904]: (1.0, 1.7, 3.7) 22
[12:10:05.365]: (0.4, 1.6, 2.3) 33
[12:10:05.385]: (0.5, 1.5, 2.2) 33
[12:10:07.207]: (-0.1, 1.8, 3.3) 9
[12:10:07.229]: (-0.1, 1.8, 3.3) 9
[12:10:07.251]: (-0.1, 1.8, 3.3) 9
[12:10:07.272]: (-0.1, 1.8, 3.3) 9
[12:10:07.374]: (-0.2, 2.0, 4.3) 17
[12:10:08.230]: (-0.3, 1.3, 3.6) 10
[12:10:08.252]: (-0.4, 1.2, 2.6) 7
[12:10:08.274]: (-0.4, 1.2, 2.6) 7
[12:10:08.294]: (-0.3, 1.2, 2.6) 7
[12:10:08.315]: (-0.3, 1.3, 2.7) 7
[12:10:08.335]: (-0.3, 1.2, 3.5) 10
[12:10:08.357]: (-0.3, 1.3, 3.5) 10
[12:10:10.619]: (-1.4, 1.7, 6.5) 35
[12:10:12.779]: (-1.5, 1.7, 6.5) 35
[12:10:12.796]: (-1.5, 1.7, 6.4) 35
[12:10:12.813]: (-1.5, 1.7, 6.4) 35
[12:10:12.829]: (-1.5, 1.7, 6.4) 35
[12:10:12.846]: (-1.5, 1.7, 6.4) 35
[12:10:12.878]: (-0.6, 1.6, 5.5) 24
[12:10:12.939]: (0.6, 1.5, 2.2) 33
[12:10:13.082]: (1.3, 1.6, 3.6) 21
[12:10:13.127]: (1.2, 1.6, 3.6) 22
[12:10:13.327]: (1.2, 1.5, 1.7) 4
[12:10:13.460]: (1.3, 1.5, 1.7) 4
[12:10:13.477]: (1.3, 1.5, 1.7) 4
[12:10:13.494]: (1.3, 1.5, 1.7) 4
[12:10:13.510]: (1.3, 1.5, 1.7) 4
[12:10:13.527]: (1.2, 1.5, 1.7) 4
[12:10:13.544]: (1.2, 1.5, 1.7) 4
[12:10:13.560]: (1.2, 1.5, 1.7) 4
[12:10:13.579]: (1.2, 1.5, 1.7) 4
[12:10:13.609]: (1.2, 1.5, 1.8) 4
[12:10:13.626]: (1.2, 1.5, 1.7) 4
[12:10:13.642]: (1.2, 1.5, 1.7) 4
[12:10:13.735]: (1.6, 1.6, 2.5) 13
[12:10:14.215]: (1.6, 1.6, 2.5) 13
[12:10:14.238]: (1.6, 1.6, 2.5) 13
[12:10:14.259]: (1.6, 1.6, 2.4) 13
[12:10:14.281]: (1.6, 1.6, 2.5) 13
[12:10:15.452]: (1.2, 1.5, 1.7) 4
[12:10:15.469]: (1.2, 1.5, 1.7) 4
[12:10:15.485]: (1.2, 1.5, 1.7) 4
[12:10:15.503]: (1.2, 1.5, 1.7) 4
[12:10:15.519]: (1.2, 1.5, 1.7) 4
[12:10:15.536]: (1.2, 1.5, 1.7) 4
[12:10:15.552]: (1.2, 1.5, 1.7) 4
[12:10:15.568]: (1.2, 1.5, 1.7) 4
[12:10:15.583]: (1.2, 1.5, 1.7) 4
[12:10:15.604]: (1.2, 1.5, 1.7) 4
[12:10:15.626]: (1.2, 1.5, 1.7) 4
[12:10:15.647]: (1.2, 1.5, 1.7) 4
[12:10:15.671]: (1.2, 1.5, 1.7) 4
[12:10:15.692]: (1.2, 1.5, 1.7) 4
[12:10:15.714]: (1.8, 1.6, 2.4) 11
[12:10:16.241]: (1.6, 1.6, 2.5) 13
[12:10:16.258]: (1.2, 1.5, 1.7) 4
[12:10:16.275]: (1.2, 1.5, 1.7) 4
[12:10:16.291]: (1.2, 1.5, 1.7) 4
[12:10:16.306]: (0.9, 1.4, 1.3) 0
[12:10:16.323]: (0.9, 1.4, 1.3) 0
[12:10:16.339]: (0.9, 1.4, 1.3) 0
[12:10:16.356]: (0.9, 1.4, 1.3) 0
[12:10:16.372]: (0.9, 1.4, 1.3) 0
[12:10:16.389]: (0.9, 1.4, 1.3) 0
[12:10:16.405]: (0.9, 1.4, 1.3) 0
[12:10:16.422]: (0.9, 1.4, 1.3) 0
[12:10:16.438]: (0.8, 1.4, 1.3) 0
[12:10:16.456]: (0.8, 1.4, 1.3) 0
[12:10:16.475]: (0.8, 1.4, 1.3) 0
[12:10:16.492]: (0.8, 1.4, 1.3) 0
[12:10:16.515]: (0.8, 1.4, 1.3) 0
[12:10:16.537]: (0.8, 1.4, 1.3) 0
[12:10:16.558]: (0.8, 1.4, 1.3) 0
[12:10:16.603]: (1.2, 1.5, 1.8) 4
[12:10:16.624]: (1.2, 1.5, 1.8) 4
[12:10:16.648]: (1.2, 1.5, 1.8) 4
[12:10:16.670]: (1.2, 1.5, 1.8) 4
[12:10:16.691]: (1.2, 1.5, 1.8) 4
[12:10:16.715]: (1.2, 1.5, 1.8) 4
[12:10:16.736]: (1.2, 1.5, 1.8) 4
[12:10:16.759]: (1.2, 1.5, 1.7) 4
[12:10:16.780]: (1.2, 1.5, 1.7) 4
[12:10:16.803]: (1.2, 1.5, 1.7) 4
[12:10:16.825]: (1.2, 1.5, 1.7) 4
[12:10:16.847]: (0.9, 1.4, 1.3) 0
[12:10:16.869]: (0.9, 1.4, 1.3) 0
[12:10:16.892]: (0.9, 1.4, 1.3) 0
[12:10:16.915]: (0.9, 1.4, 1.3) 0
[12:10:16.935]: (0.9, 1.4, 1.3) 0
[12:10:16.960]: (0.9, 1.4, 1.3) 0
[12:10:16.978]: (0.9, 1.4, 1.3) 0
[12:10:16.994]: (0.9, 1.4, 1.3) 0
[12:10:17.011]: (0.9, 1.4, 1.3) 0
[12:10:17.027]: (0.9, 1.4, 1.3) 0
[12:10:17.045]: (0.9, 1.4, 1.3) 0
[12:10:17.062]: (0.9, 1.4, 1.3) 0
[12:10:17.078]: (0.9, 1.4, 1.3) 0
[12:10:17.094]: (0.9, 1.4, 1.3) 0
[12:10:17.109]: (1.2, 1.5, 1.8) 4
[12:10:17.125]: (1.2, 1.5, 1.7) 4
[12:10:17.140]: (0.9, 1.4, 1.3) 0
[12:10:17.349]: (-0.1, 1.6, 4.4) 17
[12:10:17.396]: (-0.6, 1.6, 5.5) 24
[12:10:17.591]: (-0.5, 1.4, 2.6) 6
[12:10:17.613]: (-0.4, 1.4, 2.6) 6
[12:10:17.636]: (-0.4, 1.4, 2.8) 5
[12:10:17.657]: (-0.4, 1.4, 2.8) 5
[12:10:17.679]: (-0.3, 1.4, 2.8) 5
[12:10:17.746]: (-0.3, 1.4, 2.6) 7
[12:10:17.769]: (-0.3, 1.4, 2.6) 7
[12:10:17.790]: (-0.3, 1.4, 2.6) 7
[12:10:17.814]: (-0.3, 1.4, 2.6) 7
[12:10:17.836]: (-0.3, 1.5, 2.6) 7
[12:10:17.857]: (-0.3, 1.5, 3.5) 10
[12:10:17.880]: (-0.3, 1.5, 3.5) 10
[12:10:17.902]: (-0.4, 1.6, 5.3) 25
[12:10:18.401]: (-0.2, 1.5, 3.5) 10
[12:10:18.901]: (-0.4, 1.7, 5.3) 25
[12:10:18.963]: (-0.4, 1.6, 5.3) 25
[12:10:18.979]: (-0.4, 1.7, 5.3) 25
[12:10:18.998]: (-0.4, 1.7, 5.3) 25
[12:10:19.028]: (-0.4, 1.7, 5.3) 25
[12:10:19.060]: (-0.4, 1.7, 5.3) 25
[12:10:19.159]: (-0.4, 1.4, 2.8) 5
[12:10:19.176]: (-0.4, 1.4, 2.8) 5
[12:10:19.191]: (-0.4, 1.4, 2.8) 5
[12:10:19.269]: (-0.4, 1.4, 2.8) 5
[12:10:19.313]: (-0.4, 1.3, 2.8) 5
[12:10:19.357]: (-0.4, 1.4, 2.8) 5
[12:10:19.401]: (-0.3, 1.4, 2.8) 5
[12:10:19.423]: (-0.4, 1.4, 2.8) 5
[12:10:19.556]: (-0.4, 1.6, 5.3) 25
[12:10:19.645]: (-0.3, 1.6, 5.3) 25
[12:10:19.663]: (-0.3, 1.6, 5.3) 25
[12:10:20.206]: (-0.1, 1.5, 3.5) 10
[12:10:20.227]: (-0.1, 1.5, 2.6) 7
[12:10:20.247]: (-0.2, 1.5, 2.6) 7
[12:10:20.270]: (-0.2, 1.4, 2.6) 7
[12:10:20.369]: (-0.2, 1.5, 2.6) 7
[12:10:20.435]: (-0.1, 1.7, 4.4) 17
[12:10:20.470]: (0.0, 1.7, 4.4) 17
[12:10:20.503]: (-0.1, 1.7, 4.4) 17
[12:10:20.535]: (-0.1, 1.7, 4.4) 17
[12:10:20.569]: (-0.1, 1.7, 4.4) 17
[12:10:20.735]: (-0.4, 1.5, 2.8) 5
[12:10:20.769]: (-0.4, 1.4, 2.8) 5
[12:10:20.801]: (-0.4, 1.4, 2.8) 5
[12:10:20.835]: (-0.4, 1.4, 2.8) 5
[12:10:20.868]: (-0.4, 1.4, 2.6) 6
[12:10:20.901]: (-0.3, 1.5, 2.8) 5
[12:10:21.089]: (-0.4, 1.5, 2.8) 5
[12:10:21.111]: (-0.4, 1.4, 2.8) 5
[12:10:21.134]: (-0.4, 1.4, 2.8) 5
[12:10:21.157]: (-0.4, 1.4, 2.8) 5
[12:10:21.178]: (-0.4, 1.4, 2.6) 6
[12:10:21.223]: (-0.4, 1.4, 2.8) 5
[12:10:21.312]: (-0.4, 1.8, 5.3) 25
[12:10:21.690]: (-0.3, 1.8, 5.3) 25
[12:10:25.360]: (1.4, 2.1, 3.5) 23
[12:10:26.096]: (-0.3, 2.2, 4.3) 17
[12:10:26.112]: (-0.3, 2.2, 4.3) 17
[12:10:26.590]: (-0.3, 2.1, 4.3) 17
[12:10:27.178]: (1.1, 2.1, 3.6) 22
[12:10:27.213]: (1.1, 2.1, 3.5) 21
[12:10:27.265]: (1.1, 2.1, 3.5) 21
[12:10:27.298]: (1.1, 2.1, 3.5) 21
[12:10:27.355]: (1.0, 2.1, 3.6) 22
[12:10:27.422]: (1.0, 2.1, 3.6) 22
[12:10:28.016]: (1.3, 1.6, 3.7) 23
[12:10:28.032]: (1.3, 1.6, 3.7) 23
[12:10:28.049]: (1.3, 1.6, 3.7) 23
[12:10:28.070]: (1.3, 1.6, 3.7) 23
[12:10:28.105]: (1.3, 1.7, 3.7) 23
[12:10:28.697]: (1.8, 1.5, 2.5) 11
[12:10:28.714]: (1.8, 1.5, 2.5) 11
[12:10:28.730]: (1.8, 1.5, 2.5) 11
[12:10:28.746]: (1.8, 1.5, 2.5) 11
[12:10:28.762]: (1.8, 1.5, 2.5) 11
[12:10:28.779]: (1.8, 1.5, 2.5) 11
[12:10:28.796]: (1.9, 1.5, 2.5) 11
[12:10:28.864]: (1.8, 1.5, 2.5) 11
[12:10:28.884]: (1.8, 1.5, 2.5) 11
[12:10:28.900]: (1.8, 1.6, 2.5) 11
[12:10:28.916]: (1.8, 1.6, 2.5) 11
[12:10:28.934]: (1.8, 1.6, 2.5) 11
[12:10:28.951]: (1.8, 1.6, 2.6) 11
[12:10:28.968]: (1.8, 1.6, 2.5) 11
[12:10:28.986]: (1.8, 1.6, 2.5) 11
[12:10:29.002]: (1.8, 1.6, 2.5) 11
[12:10:29.018]: (1.8, 1.6, 2.6) 11
[12:10:29.034]: (1.8, 1.6, 2.6) 11
[12:10:29.049]: (1.8, 1.6, 2.6) 11
[12:10:29.066]: (1.8, 1.5, 2.6) 11
[12:10:29.083]: (1.8, 1.5, 2.6) 11
[12:10:29.099]: (1.8, 1.5, 2.6) 11
[12:10:29.115]: (1.3, 1.3, 1.8) 4
[12:10:29.164]: (0.9, 1.3, 1.3) 0
[12:10:29.183]: (0.9, 1.3, 1.3) 0
[12:10:29.201]: (0.9, 1.3, 1.3) 0
[12:10:29.220]: (0.9, 1.3, 1.3) 0
[12:10:29.243]: (0.9, 1.3, 1.3) 0
[12:10:29.287]: (1.3, 1.4, 1.8) 4
[12:10:29.310]: (1.3, 1.4, 1.8) 4
[12:10:29.355]: (1.8, 1.5, 2.5) 11
[12:10:29.377]: (1.8, 1.5, 2.5) 11
[12:10:29.397]: (1.8, 1.5, 2.5) 11
[12:10:29.420]: (1.8, 1.5, 2.5) 11
[12:10:29.442]: (1.8, 1.5, 2.5) 11
[12:10:29.465]: (1.8, 1.5, 2.5) 11
[12:10:29.486]: (1.2, 1.4, 1.8) 4
[12:10:29.509]: (1.2, 1.4, 1.8) 4
[12:10:29.530]: (1.2, 1.4, 1.8) 4
[12:10:29.553]: (1.8, 1.5, 2.5) 11
[12:10:29.576]: (1.8, 1.5, 2.5) 11
[12:10:29.597]: (0.9, 1.3, 1.3) 0
[12:10:29.621]: (0.9, 1.3, 1.3) 0
[12:10:29.638]: (0.9, 1.3, 1.3) 0
[12:10:29.655]: (0.9, 1.3, 1.3) 0
[12:10:29.673]: (0.9, 1.3, 1.4) 0
[12:10:29.690]: (0.9, 1.3, 1.4) 0
[12:10:29.705]: (0.9, 1.3, 1.3) 0
[12:10:29.720]: (0.9, 1.3, 1.3) 0
[12:10:29.735]: (0.9, 1.3, 1.3) 0
[12:10:29.754]: (0.9, 1.3, 1.3) 0
[12:10:29.769]: (0.9, 1.3, 1.3) 0
[12:10:29.786]: (0.9, 1.3, 1.3) 0
[12:10:29.802]: (0.9, 1.3, 1.3) 0
[12:10:29.818]: (0.9, 1.3, 1.3) 0
[12:10:29.836]: (0.9, 1.3, 1.3) 0
[12:10:29.852]: (0.9, 1.3, 1.3) 0
[12:10:29.867]: (0.9, 1.3, 1.3) 0
[12:10:29.885]: (0.9, 1.3, 1.3) 0
[12:10:29.901]: (0.9, 1.3, 1.3) 0
[12:10:29.917]: (0.9, 1.3, 1.3) 0
[12:10:29.933]: (0.9, 1.3, 1.3) 0
[12:10:29.950]: (0.9, 1.3, 1.3) 0
[12:10:29.969]: (0.9, 1.3, 1.3) 0
[12:10:29.985]: (0.9, 1.3, 1.3) 0
[12:10:30.002]: (0.9, 1.3, 1.3) 0
[12:10:30.018]: (0.9, 1.3, 1.3) 0
[12:10:30.034]: (0.9, 1.3, 1.3) 0
[12:10:30.053]: (0.9, 1.3, 1.3) 0
[12:10:30.075]: (0.9, 1.3, 1.3) 0
[12:10:30.098]: (0.9, 1.2, 1.3) 0
[12:10:30.119]: (0.9, 1.3, 1.3) 0
[12:10:30.141]: (0.9, 1.3, 1.3) 0
[12:10:30.164]: (0.9, 1.2, 1.3) 0
[12:10:30.186]: (0.9, 1.2, 1.3) 0
[12:10:30.209]: (0.9, 1.3, 1.3) 0
[12:10:30.231]: (0.9, 1.3, 1.3) 0
[12:10:30.253]: (0.9, 1.3, 1.3) 0
[12:10:30.341]: (0.9, 1.2, 1.4) 0
[12:10:30.364]: (0.9, 1.2, 1.3) 0
[12:10:30.386]: (0.9, 1.2, 1.3) 0
[12:10:30.408]: (0.9, 1.2, 1.3) 0
[12:10:30.431]: (0.9, 1.2, 1.3) 0
[12:10:30.453]: (0.9, 1.2, 1.3) 0
[12:10:30.644]: (0.9, 1.3, 1.3) 0
[12:10:30.660]: (1.0, 1.3, 1.4) 0
[12:10:30.677]: (0.9, 1.3, 1.3) 0
[12:10:30.887]: (0.9, 1.3, 1.3) 0
[12:10:30.903]: (0.9, 1.3, 1.4) 0
[12:10:30.975]: (0.9, 1.3, 1.3) 0
[12:10:31.019]: (0.9, 1.3, 1.3) 0
[12:10:31.241]: (1.4, 1.3, 2.0) 2
[12:10:31.264]: (1.4, 1.3, 1.9) 2
[12:10:31.285]: (1.4, 1.3, 1.9) 2
[12:10:31.308]: (1.4, 1.3, 1.9) 2
[12:10:31.329]: (1.4, 1.3, 1.9) 2
[12:10:31.352]: (1.4, 1.3, 2.0) 2
[12:10:31.369]: (1.4, 1.3, 1.9) 2
[12:10:31.431]: (0.9, 1.3, 1.3) 0
[12:10:31.448]: (0.9, 1.3, 1.3) 0
[12:10:31.464]: (0.9, 1.3, 1.3) 0
[12:10:31.480]: (0.9, 1.3, 1.3) 0
[12:10:31.496]: (0.9, 1.3, 1.3) 0
[12:10:31.511]: (0.9, 1.3, 1.3) 0
[12:10:31.527]: (1.2, 1.4, 1.8) 4
[12:10:31.616]: (1.2, 1.3, 1.8) 4
[12:10:31.632]: (1.2, 1.3, 1.8) 4
[12:10:31.650]: (1.2, 1.3, 1.8) 4
[12:10:31.666]: (1.2, 1.3, 1.8) 4
[12:10:31.685]: (1.2, 1.3, 1.8) 4
[12:10:31.700]: (1.2, 1.3, 1.8) 4
[12:10:31.717]: (1.2, 1.3, 1.8) 4
[12:10:31.732]: (1.2, 1.3, 1.8) 4
[12:10:31.750]: (1.2, 1.3, 1.8) 4
[12:10:31.765]: (1.2, 1.4, 1.8) 4
[12:10:31.781]: (1.2, 1.3, 1.8) 4
[12:10:31.796]: (1.2, 1.4, 1.8) 4
[12:10:31.876]: (1.2, 1.4, 1.8) 4
[12:10:32.440]: (-0.4, 1.2, 2.8) 5
[12:10:32.560]: (-0.5, 1.2, 2.6) 6
[12:10:32.577]: (-0.6, 1.4, 4.4) 18
[12:10:32.668]: (-0.6, 1.4, 4.4) 18
[12:10:33.107]: (-1.9, 1.5, 6.7) 34
[12:10:33.459]: (-1.9, 1.5, 6.7) 34
[12:10:33.477]: (-1.9, 1.5, 6.7) 34
[12:10:33.493]: (-1.9, 1.6, 6.7) 34
[12:10:33.509]: (-1.9, 1.6, 6.7) 34
[12:10:33.563]: (-1.9, 1.5, 6.7) 34
[12:10:33.585]: (-1.9, 1.5, 6.7) 34
[12:10:36.628]: (1.0, 1.3, 1.4) 0
[12:10:36.662]: (1.4, 1.3, 2.0) 2
[12:10:36.693]: (1.3, 1.4, 1.8) 4
[12:10:36.724]: (1.4, 1.3, 2.0) 2
[12:10:36.742]: (1.2, 1.3, 1.8) 4
[12:10:36.757]: (1.2, 1.3, 1.8) 4
[12:10:36.773]: (1.4, 1.3, 2.0) 2
[12:10:36.789]: (1.4, 1.3, 2.0) 2
[12:10:36.806]: (1.3, 1.3, 1.8) 4
[12:10:36.821]: (1.3, 1.4, 1.8) 4
[12:10:36.837]: (1.2, 1.4, 1.8) 4
[12:10:36.853]: (1.2, 1.4, 1.8) 4
[12:10:36.868]: (1.2, 1.4, 1.8) 4
[12:10:36.885]: (1.2, 1.4, 1.8) 4
[12:10:36.900]: (1.2, 1.4, 1.8) 4
[12:10:36.916]: (1.2, 1.3, 1.8) 4
[12:10:36.931]: (1.2, 1.3, 1.8) 4
[12:10:36.947]: (1.2, 1.3, 1.8) 4
[12:10:36.963]: (1.2, 1.3, 1.8) 4
[12:10:36.979]: (1.2, 1.4, 1.8) 4
[12:10:36.995]: (1.2, 1.4, 1.8) 4
[12:10:37.010]: (1.2, 1.4, 1.8) 4
[12:10:37.027]: (1.2, 1.4, 1.8) 4
[12:10:37.050]: (1.2, 1.4, 1.8) 4
[12:10:37.072]: (1.2, 1.4, 1.8) 4
[12:10:37.094]: (1.2, 1.4, 1.8) 4
[12:10:37.116]: (1.2, 1.4, 1.8) 4
[12:10:37.138]: (1.2, 1.4, 1.8) 4
[12:10:37.161]: (1.2, 1.4, 1.8) 4
[12:10:37.183]: (1.2, 1.4, 1.8) 4
[12:10:37.206]: (1.2, 1.4, 1.8) 4
[12:10:37.227]: (1.2, 1.4, 1.8) 4
[12:10:37.249]: (1.2, 1.4, 1.8) 4
[12:10:37.272]: (1.2, 1.4, 1.8) 4
[12:10:37.293]: (1.2, 1.4, 1.8) 4
[12:10:37.316]: (1.2, 1.4, 1.8) 4
[12:10:37.339]: (1.2, 1.4, 1.8) 4
[12:10:37.360]: (1.2, 1.4, 1.8) 4
[12:10:37.383]: (1.8, 1.5, 2.5) 11
[12:10:37.406]: (1.8, 1.5, 2.5) 11
[12:10:37.428]: (1.8, 1.5, 2.5) 11
[12:10:37.444]: (1.8, 1.5, 2.5) 11
[12:10:37.461]: (1.2, 1.4, 1.8) 4
[12:10:37.478]: (1.6, 1.5, 2.5) 13
[12:10:37.495]: (1.6, 1.5, 2.5) 13
[12:10:37.511]: (1.6, 1.5, 2.5) 13
[12:10:37.529]: (1.6, 1.5, 2.5) 13
[12:10:37.546]: (1.5, 1.5, 2.6) 13
[12:10:37.562]: (1.5, 1.5, 2.6) 13
[12:10:37.580]: (1.5, 1.5, 2.6) 13
[12:10:37.595]: (1.5, 1.5, 2.6) 13
[12:10:37.625]: (1.5, 1.5, 2.6) 13
[12:10:37.643]: (1.5, 1.5, 2.6) 13
[12:10:37.660]: (1.6, 1.5, 2.6) 13
[12:10:37.677]: (1.6, 1.5, 2.6) 13
[12:10:37.693]: (1.6, 1.5, 2.6) 13
[12:10:37.828]: (1.6, 1.5, 2.5) 13
[12:10:37.844]: (1.6, 1.5, 2.5) 13
[12:10:37.862]: (1.6, 1.5, 2.5) 13
[12:10:37.882]: (1.6, 1.5, 2.5) 13
[12:10:37.905]: (1.6, 1.5, 2.5) 13
[12:10:37.928]: (1.6, 1.5, 2.5) 13
[12:10:37.950]: (1.6, 1.5, 2.5) 13
[12:10:37.971]: (1.6, 1.5, 2.5) 13
[12:10:37.994]: (1.6, 1.5, 2.5) 13
[12:10:38.017]: (1.6, 1.5, 2.5) 13
[12:10:38.039]: (1.6, 1.5, 2.5) 13
[12:10:38.061]: (1.6, 1.5, 2.5) 13
[12:10:38.083]: (1.6, 1.5, 2.5) 13
[12:10:38.105]: (1.6, 1.5, 2.5) 13
[12:10:38.126]: (1.6, 1.5, 2.5) 13
[12:10:38.149]: (1.6, 1.5, 2.5) 13
[12:10:38.172]: (1.6, 1.5, 2.5) 13
[12:10:38.193]: (1.6, 1.5, 2.5) 13
[12:10:38.239]: (1.2, 1.3, 1.8) 4
[12:10:38.584]: (1.2, 1.4, 2.0) 3
[12:10:38.938]: (1.4, 1.3, 2.0) 2
[12:10:40.969]: (-2.3, 1.3, 5.7) 28
[12:10:40.985]: (-2.0, 1.3, 4.5) 20
[12:10:41.045]: (-2.0, 1.4, 5.7) 26
[12:10:41.077]: (-2.2, 1.3, 5.7) 28
[12:10:41.109]: (-1.8, 1.3, 4.7) 19
[12:10:43.117]: (-0.6, 1.5, 4.4) 18
[12:10:43.162]: (-0.6, 1.5, 5.4) 25
[12:10:43.183]: (-0.6, 1.5, 5.4) 25
[12:10:43.203]: (-0.6, 1.5, 5.3) 25
[12:10:43.249]: (-0.6, 1.6, 5.3) 25
[12:10:43.272]: (-0.6, 1.5, 5.3) 25
[12:10:43.294]: (-0.6, 1.5, 5.3) 25
[12:10:43.315]: (-0.6, 1.5, 5.3) 25
[12:10:43.340]: (-0.6, 1.5, 5.3) 25
[12:10:43.362]: (-0.6, 1.5, 5.3) 25
[12:10:43.386]: (-0.8, 1.5, 5.5) 24
[12:10:43.404]: (-0.8, 1.5, 5.5) 24
[12:10:43.429]: (-0.8, 1.5, 5.5) 24
[12:10:43.494]: (-0.6, 1.5, 5.4) 25
[12:10:43.511]: (-0.6, 1.5, 5.4) 25
[12:10:43.529]: (-0.6, 1.5, 5.4) 25
[12:10:44.983]: (1.6, 1.5, 2.6) 13
[12:10:45.070]: (1.6, 1.5, 2.6) 13
[12:10:45.093]: (1.6, 1.5, 2.5) 13
[12:10:45.241]: (1.5, 1.5, 2.6) 13
[12:10:45.380]: (1.5, 1.5, 2.8) 12
[12:10:45.396]: (1.5, 1.5, 2.8) 12
[12:10:45.413]: (1.5, 1.5, 2.7) 12
[12:10:45.460]: (1.2, 1.5, 3.7) 21
