[12:12:47.745]: (-2.9, -1.1, 0.0) 25
[12:12:48.066]: (-3.3, -2.0, 0.0) 39
[12:12:48.100]: (-3.0, -2.0, 0.0) 40
[12:12:48.118]: (-2.5, -1.7, -0.1) 35
[12:12:48.821]: (-1.4, -0.3, 0.0) 3
[12:12:49.653]: (-0.8, 0.4, 4.1) 39
[12:12:49.719]: (-0.7, 0.6, 4.2) 39
[12:12:49.741]: (-0.7, 0.7, 4.2) 39
[12:12:49.765]: (-0.6, 0.9, 2.8) 13
[12:12:49.786]: (-0.5, 1.0, 2.6) 15
[12:12:49.808]: (-0.5, 1.0, 2.5) 15
[12:12:49.831]: (-0.5, 1.0, 2.6) 15
[12:13:06.290]: (1.8, 1.0, -2.2) 6
[12:13:06.312]: (1.8, 1.0, -2.3) 6
[12:13:06.402]: (1.8, 1.0, -2.2) 6
[12:13:07.539]: (2.7, 0.9, -3.4) 41
[12:13:07.565]: (2.2, 1.0, -2.9) 29
[12:13:07.586]: (2.2, 1.0, -2.9) 29
[12:13:07.626]: (2.7, 0.9, -3.3) 41
[12:13:07.929]: (3.1, 1.0, -1.3) 17
[12:13:08.113]: (2.5, 1.3, -0.2) 0
[12:13:08.135]: (2.4, 1.4, -0.1) 0
[12:13:08.194]: (2.2, 1.5, 0.3) 1
[12:13:08.390]: (2.4, 1.8, 1.0) 5
[12:13:08.423]: (2.4, 1.8, 1.1) 5
[12:13:08.456]: (2.3, 1.8, 1.2) 5
[12:13:08.490]: (2.3, 1.9, 1.3) 7
[12:13:08.556]: (2.5, 1.9, 1.6) 18
[12:13:08.590]: (3.0, 2.0, 2.1) 34
[12:13:08.689]: (2.6, 2.0, 2.5) 32
[12:13:08.756]: (2.4, 2.1, 2.7) 32
[12:13:08.790]: (2.2, 2.1, 2.9) 32
[12:13:08.823]: (2.0, 2.1, 3.0) 32
[12:13:08.857]: (1.9, 2.1, 3.2) 31
[12:13:08.911]: (1.5, 1.9, 2.8) 17
[12:13:08.933]: (1.4, 1.9, 2.9) 17
[12:13:08.958]: (1.3, 1.9, 3.0) 17
[12:13:09.030]: (1.0, 1.9, 3.1) 17
[12:13:09.069]: (1.0, 1.9, 3.7) 31
[12:13:09.089]: (1.0, 2.0, 3.7) 31
[12:13:09.113]: (0.8, 1.9, 3.6) 32
[12:13:09.135]: (0.7, 1.9, 3.7) 32
[12:13:09.382]: (0.2, 1.4, 3.1) 18
[12:13:09.505]: (0.0, 1.3, 2.6) 0
[12:13:09.527]: (0.0, 1.3, 2.5) 0
[12:13:09.548]: (0.0, 1.3, 2.6) 0
[12:13:09.628]: (-0.1, 1.4, 2.6) 0
[12:13:10.088]: (0.5, 1.5, 3.1) 9
[12:13:10.355]: (1.0, 1.5, 3.5) 14
[12:13:10.643]: (1.0, 1.5, 3.5) 14
[12:13:10.832]: (1.2, 1.5, 3.5) 13
[12:13:10.849]: (1.2, 1.5, 3.5) 13
[12:13:11.111]: (1.1, 1.5, 3.5) 14
[12:13:11.133]: (1.1, 1.4, 3.3) 15
[12:13:11.399]: (1.1, 1.5, 3.5) 14
[12:13:11.421]: (1.1, 1.5, 3.3) 15
[12:13:11.443]: (1.1, 1.5, 3.5) 14
[12:13:11.466]: (1.1, 1.5, 3.5) 14
[12:13:11.487]: (1.0, 1.4, 3.3) 15
[12:13:11.757]: (1.6, 1.8, 4.8) 39
[12:13:11.833]: (1.6, 1.8, 4.8) 39
[12:13:11.851]: (1.1, 1.5, 3.5) 14
[12:13:11.944]: (1.0, 1.5, 3.5) 14
[12:13:11.967]: (1.1, 1.5, 3.5) 14
[12:13:11.988]: (1.0, 1.4, 3.3) 15
[12:13:12.255]: (0.8, 1.8, 4.1) 36
[12:13:12.300]: (0.7, 1.7, 4.1) 36
[12:13:12.321]: (0.7, 1.7, 4.1) 36
[12:13:12.385]: (0.5, 1.4, 3.2) 9
[12:13:13.311]: (1.0, 1.4, 3.3) 15
[12:13:13.329]: (1.0, 1.4, 3.3) 15
[12:13:13.345]: (1.0, 1.4, 3.3) 15
[12:13:13.361]: (1.0, 1.4, 3.3) 15
[12:13:13.377]: (1.0, 1.4, 3.3) 15
[12:13:13.393]: (1.0, 1.4, 3.3) 15
[12:13:13.409]: (1.1, 1.5, 3.5) 14
[12:13:13.440]: (1.6, 1.8, 4.8) 39
[12:13:13.472]: (1.6, 1.8, 4.8) 39
[12:13:13.490]: (1.6, 1.8, 4.8) 39
[12:13:13.523]: (1.7, 1.8, 4.8) 39
[12:13:13.540]: (1.6, 1.8, 4.8) 39
[12:13:13.555]: (1.6, 1.8, 4.8) 39
[12:13:13.921]: (1.6, 1.7, 4.8) 39
[12:13:13.943]: (1.6, 1.7, 4.8) 39
[12:13:13.965]: (1.6, 1.7, 4.8) 39
[12:13:13.987]: (1.6, 1.7, 4.8) 39
[12:13:14.009]: (1.6, 1.7, 4.8) 39
[12:13:14.031]: (1.7, 1.7, 4.8) 39
[12:13:14.054]: (1.7, 1.7, 4.8) 39
[12:13:14.075]: (1.7, 1.8, 4.8) 39
[12:13:15.608]: (1.7, 1.8, 4.8) 39
[12:13:17.780]: (0.8, 1.7, 4.1) 36
[12:13:17.937]: (1.2, 1.3, 3.0) 12
[12:13:17.987]: (1.8, 1.6, 4.4) 26
[12:13:18.297]: (2.3, 1.4, 3.9) 46
[12:13:18.321]: (1.9, 1.4, 3.3) 23
[12:13:18.363]: (2.4, 1.4, 3.9) 46
[12:13:18.451]: (2.4, 1.5, 4.0) 44
[12:13:18.477]: (2.4, 1.4, 3.9) 46
[12:13:19.682]: (-0.5, 1.7, 3.3) 16
[12:13:19.699]: (-0.5, 1.7, 3.3) 16
[12:13:19.716]: (-0.5, 1.7, 3.3) 16
[12:13:19.731]: (-0.6, 1.7, 3.5) 29
[12:13:19.748]: (-0.6, 1.7, 3.5) 29
[12:13:19.764]: (-0.6, 1.7, 3.5) 29
[12:13:19.785]: (-0.6, 1.7, 3.5) 29
[12:13:19.807]: (-0.6, 1.7, 3.5) 29
[12:13:19.831]: (-0.5, 1.7, 3.3) 16
[12:13:19.851]: (-0.5, 1.7, 3.2) 16
[12:13:19.874]: (-0.5, 1.7, 3.3) 16
[12:13:19.896]: (-0.5, 1.6, 3.3) 16
[12:13:19.918]: (-0.5, 1.6, 3.3) 16
[12:13:19.941]: (-0.5, 1.6, 3.3) 16
[12:13:19.963]: (-0.5, 1.7, 3.3) 16
[12:13:19.985]: (-0.5, 1.6, 3.3) 16
[12:13:20.007]: (-0.5, 1.6, 3.3) 16
[12:13:20.029]: (-0.5, 1.6, 3.3) 16
[12:13:20.389]: (-0.6, 2.0, 4.2) 43
[12:13:20.405]: (-0.6, 2.0, 4.2) 43
[12:13:20.421]: (-0.6, 2.0, 4.1) 41
[12:13:20.436]: (-0.6, 2.0, 4.1) 41
[12:13:20.453]: (-0.6, 1.9, 4.1) 41
[12:13:20.471]: (-0.6, 1.9, 4.1) 41
[12:13:20.487]: (-0.6, 1.9, 4.1) 41
[12:13:20.503]: (-0.6, 1.9, 4.1) 41
[12:13:20.520]: (-0.6, 1.9, 4.1) 41
[12:13:20.537]: (-0.6, 1.9, 4.1) 41
[12:13:20.552]: (-0.6, 1.9, 4.1) 41
[12:13:20.569]: (-0.6, 1.9, 4.1) 41
[12:13:20.584]: (-0.6, 1.9, 4.1) 41
[12:13:20.599]: (-0.6, 1.9, 4.1) 41
[12:13:20.615]: (-0.7, 2.0, 4.3) 42
[12:13:21.224]: (-0.2, 1.6, 3.1) 18
[12:13:21.329]: (0.5, 1.5, 3.2) 9
[12:13:21.685]: (1.1, 1.5, 3.5) 14
[12:13:21.707]: (1.5, 1.6, 4.0) 24
[12:13:21.728]: (1.5, 1.6, 4.0) 24
[12:13:21.773]: (1.5, 1.5, 4.0) 24
[12:13:21.795]: (1.6, 1.5, 4.0) 24
[12:13:21.818]: (1.6, 1.5, 4.0) 24
[12:13:21.976]: (1.2, 1.5, 3.5) 13
[12:13:22.023]: (1.2, 1.5, 3.5) 13
[12:13:22.651]: (0.8, 1.7, 4.1) 36
[12:13:23.835]: (0.7, 1.8, 4.1) 36
[12:13:24.918]: (1.8, 1.6, 4.4) 26
[12:13:24.936]: (1.8, 1.6, 4.4) 26
[12:13:24.952]: (1.8, 1.6, 4.4) 26
[12:13:24.969]: (1.8, 1.6, 4.4) 26
[12:13:25.855]: (1.5, 1.6, 4.0) 24
[12:13:25.998]: (1.6, 1.8, 4.8) 39
[12:13:26.371]: (1.6, 1.7, 4.8) 39
[12:13:26.393]: (1.6, 1.7, 4.8) 39
[12:13:26.416]: (1.6, 1.7, 4.8) 39
[12:13:26.433]: (1.6, 1.7, 4.8) 39
[12:13:28.816]: (1.0, 1.7, 4.1) 35
[12:13:28.838]: (1.0, 1.7, 4.2) 35
[12:13:29.604]: (0.3, 1.4, 2.8) 4
[12:13:30.572]: (0.8, 1.7, 4.1) 36
[12:13:30.681]: (0.3, 1.4, 2.8) 4
[12:13:30.698]: (0.4, 1.4, 3.2) 8
[12:13:30.867]: (0.7, 1.7, 4.1) 36
[12:13:30.903]: (0.7, 1.7, 4.1) 36
[12:13:30.922]: (0.7, 1.7, 4.2) 36
[12:13:30.941]: (0.7, 1.7, 4.1) 36
[12:13:30.991]: (0.8, 1.7, 4.1) 36
[12:13:31.138]: (0.8, 1.8, 4.1) 36
