[12:19:03.149]: (-1.6, -1.2, 1.5) 41
[12:19:03.783]: (0.3, -0.9, 3.6) 23
[12:19:04.192]: (0.2, 0.2, 3.0) 33
[12:19:04.294]: (0.0, 0.5, 2.3) 28
[12:19:04.326]: (0.1, 0.6, 2.5) 25
[12:19:05.384]: (-0.2, 0.0, 3.0) 33
[12:19:05.451]: (0.0, -0.1, 3.2) 35
[12:19:05.518]: (-0.1, 0.0, 3.0) 32
[12:19:06.112]: (-1.6, -1.4, 3.3) 49
[12:19:06.646]: (-1.9, -1.4, 3.2) 46
[12:19:07.069]: (-1.7, -1.3, 3.2) 49
[12:19:07.368]: (-2.9, -2.0, 3.9) 59
[12:19:08.018]: (-2.7, -2.6, 4.9) 8
[12:19:11.621]: (-1.2, -1.4, 3.6) 53
[12:19:15.743]: (-0.6, -2.1, 4.4) 0
[12:19:17.373]: (0.4, 0.1, 3.9) 21
[12:19:18.408]: (0.3, 0.5, 4.0) 23
[12:19:18.458]: (0.2, 0.5, 4.0) 23
[12:19:18.504]: (0.9, 0.7, 2.1) 29
[12:19:18.631]: (0.9, 0.9, 1.8) 31
[12:19:18.646]: (0.9, 0.9, 1.8) 31
[12:19:18.723]: (0.9, 0.9, 1.8) 31
[12:19:18.740]: (1.1, 0.9, 2.0) 27
[12:19:18.764]: (0.8, 0.9, 1.8) 31
[12:19:18.785]: (0.9, 0.9, 1.8) 31
[12:19:18.807]: (0.8, 0.9, 1.8) 31
[12:19:18.830]: (0.9, 0.9, 1.8) 31
[12:19:18.852]: (0.9, 0.9, 1.8) 31
[12:19:18.876]: (0.9, 0.9, 1.8) 31
[12:19:18.896]: (0.9, 0.9, 1.8) 31
[12:19:18.919]: (0.9, 0.9, 1.9) 31
[12:19:18.941]: (1.0, 0.9, 2.1) 26
[12:19:18.962]: (0.9, 0.9, 1.8) 31
[12:19:18.985]: (1.0, 0.9, 2.1) 26
[12:19:19.007]: (1.0, 0.9, 2.1) 26
[12:19:19.030]: (0.9, 0.9, 2.1) 26
[12:19:19.052]: (0.8, 0.9, 2.0) 28
[12:19:19.074]: (0.8, 0.9, 2.0) 28
[12:19:19.097]: (0.8, 0.9, 2.0) 28
[12:19:19.119]: (0.9, 0.9, 2.1) 26
[12:19:19.140]: (0.9, 0.9, 2.1) 26
[12:19:19.162]: (0.9, 1.0, 2.1) 26
[12:19:19.204]: (0.9, 0.9, 2.1) 26
[12:19:19.221]: (0.9, 0.9, 2.1) 26
[12:19:19.238]: (0.9, 0.9, 2.1) 26
[12:19:19.271]: (0.9, 1.0, 2.2) 25
[12:19:19.289]: (0.8, 0.9, 2.0) 28
[12:19:19.482]: (1.2, 0.6, 2.9) 35
[12:19:19.517]: (1.1, 0.6, 2.9) 35
[12:19:19.534]: (1.2, 0.7, 2.9) 35
[12:19:19.552]: (1.1, 0.8, 2.7) 34
[12:19:19.619]: (0.9, 1.0, 2.2) 25
[12:19:19.662]: (0.9, 1.0, 2.2) 25
[12:19:19.685]: (0.9, 1.0, 2.2) 25
[12:19:19.706]: (0.9, 1.0, 2.2) 25
[12:19:19.730]: (0.9, 1.0, 2.2) 25
[12:19:19.752]: (0.9, 1.0, 2.2) 25
[12:19:19.774]: (0.9, 1.0, 2.2) 25
[12:19:19.795]: (0.9, 1.0, 2.2) 25
[12:19:19.819]: (0.9, 1.0, 2.2) 25
[12:19:19.886]: (0.9, 1.0, 2.2) 25
[12:19:19.907]: (0.8, 1.1, 2.1) 30
[12:19:19.929]: (0.7, 1.0, 2.2) 30
[12:19:19.952]: (0.7, 1.0, 2.2) 30
[12:19:19.974]: (0.7, 1.0, 2.2) 30
[12:19:20.065]: (0.7, 1.0, 2.2) 30
[12:19:20.131]: (1.0, 0.8, 3.0) 36
[12:19:20.149]: (1.0, 0.8, 3.0) 36
[12:19:20.164]: (1.0, 0.8, 3.0) 36
[12:19:20.182]: (1.0, 0.8, 3.0) 36
[12:19:20.198]: (1.0, 0.8, 3.0) 36
[12:19:20.215]: (1.0, 0.8, 3.0) 36
[12:19:20.233]: (1.0, 0.8, 3.0) 36
[12:19:20.249]: (1.0, 0.8, 3.0) 36
[12:19:20.265]: (1.0, 0.8, 3.0) 36
[12:19:20.284]: (1.0, 0.9, 3.0) 36
[12:19:20.302]: (1.0, 0.9, 3.0) 36
[12:19:20.318]: (1.0, 0.8, 3.0) 36
[12:19:20.335]: (1.0, 0.9, 3.0) 36
[12:19:20.352]: (1.0, 0.9, 3.0) 36
[12:19:20.369]: (1.0, 0.9, 3.0) 36
[12:19:20.386]: (1.5, 0.7, 4.2) 12
[12:19:20.478]: (0.7, 1.0, 2.2) 30
[12:19:20.500]: (0.7, 1.0, 2.2) 30
[12:19:20.561]: (0.9, 0.9, 3.1) 38
[12:19:20.582]: (0.9, 0.9, 3.1) 38
[12:19:20.774]: (1.3, 0.9, 4.4) 19
[12:19:20.808]: (0.8, 1.1, 3.1) 36
[12:19:21.007]: (0.5, 1.2, 2.3) 30
[12:19:21.109]: (0.7, 1.1, 3.1) 32
[12:19:21.140]: (0.7, 1.1, 3.1) 36
[12:19:21.175]: (0.7, 1.2, 3.1) 36
[12:19:21.207]: (0.7, 1.2, 3.2) 38
[12:19:21.484]: (0.1, 0.8, 4.2) 20
[12:19:21.530]: (0.1, 0.8, 4.1) 22
[12:19:21.574]: (0.1, 0.9, 4.2) 20
[12:19:21.596]: (0.1, 0.9, 4.1) 22
[12:19:24.151]: (-0.1, 1.1, 4.1) 21
[12:19:24.174]: (-0.1, 1.0, 4.1) 23
[12:19:24.240]: (-0.1, 1.2, 4.1) 21
[12:19:24.261]: (-0.1, 1.2, 4.1) 21
[12:19:24.283]: (-0.1, 1.2, 4.1) 21
[12:19:24.306]: (-0.1, 1.2, 4.1) 21
[12:19:24.328]: (-0.1, 1.1, 4.1) 21
[12:19:24.350]: (0.0, 1.1, 4.1) 21
[12:19:24.374]: (-0.1, 1.1, 4.1) 21
[12:19:24.396]: (0.0, 1.1, 4.1) 21
[12:19:25.106]: (-0.1, 1.1, 4.1) 21
[12:19:25.218]: (-0.1, 1.1, 4.1) 21
[12:19:25.686]: (0.4, 1.4, 2.2) 30
[12:19:25.703]: (0.6, 1.3, 3.1) 36
[12:19:25.884]: (0.7, 1.3, 3.1) 36
[12:19:25.906]: (0.6, 1.4, 3.1) 36
[12:19:25.927]: (0.6, 1.4, 3.2) 38
[12:19:25.949]: (0.6, 1.4, 3.2) 38
[12:19:25.972]: (1.0, 1.5, 4.2) 14
[12:19:25.993]: (0.6, 1.4, 3.2) 38
[12:19:26.039]: (0.7, 1.4, 3.2) 38
[12:19:26.061]: (0.7, 1.4, 3.2) 38
[12:19:26.106]: (1.0, 1.5, 4.3) 14
[12:19:26.127]: (1.0, 1.5, 4.2) 14
[12:19:26.149]: (1.0, 1.5, 4.2) 14
[12:19:26.298]: (0.4, 1.4, 2.2) 30
[12:19:26.469]: (0.4, 1.4, 2.2) 30
[12:19:26.484]: (0.6, 1.4, 3.1) 36
[12:19:26.624]: (0.6, 1.4, 3.2) 38
[12:19:26.640]: (0.6, 1.2, 3.0) 33
[12:19:28.482]: (-0.7, 0.8, 5.4) 3
[12:19:28.505]: (-0.7, 0.8, 5.4) 3
[12:19:28.615]: (-1.2, 0.8, 3.2) 43
[12:19:28.704]: (-1.1, 0.8, 3.2) 43
[12:19:28.749]: (-1.3, 0.7, 4.3) 54
[12:19:29.393]: (-0.9, 1.0, 3.2) 44
[12:19:29.415]: (-0.9, 1.0, 3.2) 44
[12:19:29.916]: (0.2, 0.9, 4.5) 14
[12:19:30.265]: (0.2, 1.2, 2.5) 25
[12:19:30.289]: (0.2, 1.1, 3.4) 37
[12:19:30.311]: (0.1, 1.2, 2.5) 25
[12:19:30.333]: (0.1, 1.2, 2.4) 30
[12:19:30.355]: (0.3, 1.1, 3.3) 35
[12:19:30.382]: (0.2, 1.2, 3.3) 35
[12:19:30.463]: (0.3, 1.4, 3.0) 34
[12:19:30.513]: (0.1, 1.5, 2.4) 30
[12:19:30.539]: (0.1, 1.5, 2.3) 30
[12:19:30.560]: (0.1, 1.5, 2.3) 30
[12:19:30.582]: (0.2, 1.6, 2.3) 30
[12:19:30.628]: (0.3, 1.6, 3.2) 32
[12:19:30.676]: (0.3, 1.6, 3.1) 33
[12:19:30.699]: (0.3, 1.6, 3.1) 33
[12:19:30.725]: (0.3, 1.6, 3.1) 33
[12:19:30.789]: (-0.6, 2.0, 4.0) 21
[12:19:30.805]: (-0.6, 2.1, 4.0) 21
[12:19:31.082]: (0.8, 2.3, 4.4) 17
[12:19:31.105]: (0.8, 2.3, 4.4) 17
[12:19:31.126]: (0.8, 2.3, 4.4) 17
[12:19:31.172]: (0.8, 2.3, 4.4) 17
[12:19:31.259]: (0.8, 2.2, 4.2) 18
[12:19:31.281]: (0.8, 2.2, 4.2) 18
[12:19:31.303]: (0.8, 2.2, 4.2) 18
[12:19:31.326]: (0.7, 2.2, 4.2) 18
[12:19:31.348]: (0.7, 2.2, 4.3) 18
[12:19:31.371]: (0.8, 2.2, 4.2) 18
[12:19:31.393]: (0.7, 2.2, 4.4) 13
[12:19:31.417]: (0.7, 2.3, 4.4) 17
[12:19:31.437]: (0.7, 2.3, 4.4) 17
[12:19:31.460]: (0.7, 2.3, 4.4) 17
[12:19:31.483]: (0.8, 2.3, 4.4) 17
[12:19:31.502]: (0.8, 2.3, 4.4) 17
[12:19:31.527]: (0.7, 2.3, 4.4) 17
[12:19:31.547]: (0.7, 2.3, 4.4) 17
[12:19:33.169]: (-1.8, 1.8, 4.2) 50
[12:19:33.203]: (-2.0, 1.9, 4.1) 53
[12:19:34.912]: (-1.3, 2.2, 5.2) 3
[12:19:35.458]: (0.9, 2.3, 4.1) 18
[12:19:35.492]: (0.8, 2.4, 4.1) 18
[12:19:35.507]: (0.8, 2.3, 4.1) 18
[12:19:35.526]: (0.8, 2.3, 4.1) 18
[12:19:35.542]: (0.8, 2.3, 4.1) 18
[12:19:35.559]: (0.9, 2.5, 4.3) 17
[12:19:35.574]: (0.9, 2.4, 4.1) 18
[12:19:35.685]: (0.9, 2.5, 4.3) 17
[12:19:35.702]: (0.9, 2.5, 4.3) 17
[12:19:39.919]: (-2.0, 1.8, 4.1) 53
[12:19:39.996]: (-2.0, 1.7, 4.1) 53
[12:19:40.012]: (-1.9, 1.8, 4.1) 53
[12:19:40.030]: (-2.0, 1.8, 4.1) 53
[12:19:40.047]: (-1.9, 1.8, 4.1) 53
[12:19:40.062]: (-1.9, 1.8, 4.2) 52
[12:19:40.079]: (-1.9, 1.8, 4.2) 52
[12:19:40.095]: (-1.9, 1.8, 4.2) 52
[12:19:40.111]: (-1.9, 1.8, 4.2) 52
[12:19:40.131]: (-1.9, 1.9, 4.2) 52
[12:19:40.179]: (-3.5, 2.1, 5.7) 7
[12:19:40.287]: (-3.6, 2.1, 5.7) 7
[12:19:40.310]: (-3.6, 2.1, 5.7) 7
[12:19:40.333]: (-3.5, 2.1, 5.7) 7
[12:19:40.466]: (-1.7, 1.8, 4.1) 54
[12:19:40.487]: (-1.8, 1.8, 4.1) 54
[12:19:40.510]: (-1.8, 1.8, 4.1) 54
[12:19:40.532]: (-1.8, 1.8, 4.1) 54
[12:19:40.626]: (-3.7, 1.9, 5.8) 9
[12:19:40.644]: (-3.7, 1.9, 5.7) 9
[12:19:40.661]: (-3.7, 1.9, 5.7) 9
[12:19:40.677]: (-3.7, 1.9, 5.7) 9
[12:19:40.693]: (-3.7, 1.9, 5.7) 9
[12:19:40.711]: (-3.8, 1.9, 5.7) 9
[12:19:40.726]: (-3.8, 1.9, 5.7) 9
[12:19:40.742]: (-3.8, 1.9, 5.7) 9
[12:19:40.759]: (-3.8, 1.9, 5.7) 9
[12:19:40.777]: (-3.7, 1.9, 5.7) 9
[12:19:40.794]: (-3.7, 1.9, 5.7) 9
[12:19:40.811]: (-3.5, 1.9, 5.7) 6
[12:19:40.826]: (-3.5, 1.9, 5.7) 6
[12:19:40.842]: (-3.6, 1.9, 5.7) 6
[12:19:40.858]: (-3.5, 1.9, 5.7) 6
[12:19:40.875]: (-3.5, 1.9, 5.7) 6
[12:19:41.009]: (-3.6, 2.0, 5.6) 8
[12:19:42.043]: (-1.2, 1.7, 3.0) 39
[12:19:42.066]: (-1.2, 1.7, 3.0) 39
[12:19:42.675]: (-1.4, 2.2, 5.2) 1
[12:19:42.699]: (-1.5, 2.2, 5.1) 2
[12:19:42.920]: (-1.4, 2.3, 5.2) 1
[12:19:42.945]: (-1.4, 2.2, 5.1) 1
[12:19:42.965]: (-1.4, 2.2, 5.1) 1
[12:19:42.987]: (-1.4, 2.2, 5.2) 1
[12:19:43.053]: (-1.0, 1.8, 3.0) 44
[12:19:43.076]: (-1.0, 1.7, 3.0) 44
[12:19:43.098]: (-1.0, 1.7, 3.0) 44
[12:19:43.115]: (-1.0, 1.7, 3.0) 44
[12:19:43.131]: (-1.0, 1.8, 3.0) 44
[12:19:43.147]: (-1.0, 1.8, 3.0) 44
[12:19:43.520]: (-1.4, 2.2, 5.2) 1
[12:19:43.543]: (-1.4, 2.2, 5.2) 1
[12:19:43.565]: (-1.4, 2.2, 5.2) 1
[12:19:43.586]: (-1.4, 2.2, 5.2) 1
[12:19:44.059]: (-1.5, 2.2, 5.0) 2
[12:19:44.076]: (-1.6, 2.2, 5.0) 2
[12:19:44.093]: (-1.6, 2.2, 5.1) 2
[12:19:44.126]: (-1.6, 2.2, 5.0) 2
[12:19:44.142]: (-1.6, 2.2, 5.1) 2
[12:19:45.620]: (0.8, 2.5, 4.3) 17
[12:19:45.808]: (0.8, 2.4, 4.3) 17
[12:19:45.825]: (0.8, 2.4, 4.1) 18
[12:19:45.842]: (0.8, 2.4, 4.1) 18
[12:19:45.859]: (0.9, 2.4, 4.1) 18
[12:19:45.876]: (0.8, 2.4, 4.1) 18
[12:19:45.893]: (0.9, 2.4, 4.1) 18
[12:19:45.908]: (0.8, 2.4, 4.1) 18
[12:19:45.924]: (0.8, 2.4, 4.1) 18
[12:19:45.941]: (0.8, 2.5, 4.3) 17
[12:19:45.976]: (0.8, 2.5, 4.3) 17
[12:19:45.993]: (0.8, 2.5, 4.3) 17
[12:19:46.010]: (0.8, 2.5, 4.3) 17
[12:19:46.060]: (0.8, 2.5, 4.3) 17
[12:19:46.075]: (0.8, 2.5, 4.3) 17
[12:19:46.891]: (-2.1, 1.9, 4.3) 55
[12:19:46.909]: (-2.1, 1.9, 4.3) 55
[12:19:46.927]: (-2.1, 1.9, 4.3) 55
[12:19:46.945]: (-2.0, 1.9, 4.1) 53
[12:19:46.967]: (-2.1, 1.9, 4.3) 55
[12:19:46.983]: (-2.0, 1.8, 4.1) 53
[12:19:47.001]: (-2.0, 1.9, 4.3) 55
[12:19:48.307]: (-1.8, 1.9, 4.2) 50
[12:19:48.329]: (-1.8, 1.9, 4.2) 50
[12:19:50.253]: (-1.6, 2.2, 5.0) 2
[12:19:50.270]: (-1.6, 2.2, 5.0) 2
[12:19:50.287]: (-1.5, 2.1, 5.2) 0
[12:19:50.366]: (-1.0, 1.8, 3.1) 44
[12:19:50.397]: (-1.0, 1.8, 3.1) 44
[12:19:50.415]: (-1.0, 1.8, 3.1) 44
[12:19:50.463]: (-0.5, 2.1, 4.0) 21
[12:19:50.651]: (0.8, 2.3, 4.1) 18
[12:19:50.673]: (0.8, 2.3, 4.2) 13
[12:19:50.695]: (0.8, 2.3, 4.1) 18
[12:19:50.895]: (0.9, 2.4, 4.1) 18
[12:19:50.912]: (0.8, 2.4, 4.1) 18
[12:19:50.928]: (0.9, 2.4, 4.1) 18
[12:19:50.945]: (0.8, 2.4, 4.1) 18
[12:19:50.963]: (0.9, 2.4, 4.1) 18
[12:19:51.056]: (0.8, 2.4, 4.1) 18
[12:19:51.072]: (0.8, 2.4, 4.1) 18
[12:19:51.090]: (0.8, 2.4, 4.1) 18
[12:19:51.107]: (0.8, 2.4, 4.1) 18
[12:19:51.126]: (0.8, 2.4, 4.3) 17
[12:19:51.143]: (0.8, 2.4, 4.1) 18
[12:19:51.159]: (0.8, 2.4, 4.1) 18
[12:19:51.174]: (0.8, 2.4, 4.1) 18
[12:19:51.192]: (0.8, 2.4, 4.1) 18
[12:19:51.209]: (0.8, 2.4, 4.3) 17
[12:19:51.225]: (0.8, 2.5, 4.3) 17
[12:19:51.661]: (-1.5, 1.6, 3.1) 43
[12:19:51.881]: (-1.7, 1.8, 4.1) 54
[12:19:56.549]: (-1.2, 1.7, 3.0) 39
[12:19:56.571]: (-1.2, 1.7, 3.0) 39
[12:19:56.659]: (-1.0, 1.8, 3.0) 44
[12:19:56.682]: (-1.0, 1.8, 3.0) 44
[12:19:56.726]: (-1.0, 1.8, 3.0) 44
[12:19:56.748]: (-1.0, 1.8, 3.0) 44
[12:19:56.770]: (-1.0, 1.8, 3.0) 44
[12:19:57.135]: (-1.4, 2.3, 5.2) 1
[12:19:57.984]: (0.8, 2.5, 4.3) 17
[12:19:58.860]: (-1.5, 2.1, 5.2) 0
[12:19:58.875]: (-1.0, 1.8, 3.0) 44
[12:19:58.892]: (-1.0, 1.8, 3.0) 44
[12:19:58.908]: (-1.0, 1.8, 3.0) 44
[12:19:58.925]: (-1.0, 1.8, 3.0) 44
[12:19:58.941]: (-1.0, 1.8, 3.0) 44
[12:19:58.960]: (-1.0, 1.8, 3.0) 44
[12:19:58.977]: (-1.0, 1.8, 3.0) 41
[12:19:59.540]: (-1.6, 2.1, 5.2) 0
[12:19:59.559]: (-1.6, 2.1, 5.2) 0
[12:19:59.604]: (-1.6, 2.1, 5.2) 0
[12:19:59.623]: (-1.6, 2.1, 5.2) 0
[12:20:02.672]: (-1.6, 2.2, 5.0) 2
[12:20:02.691]: (-1.6, 2.1, 5.2) 0
[12:20:02.802]: (-1.6, 2.1, 5.2) 0
[12:20:02.825]: (-1.6, 2.1, 5.2) 0
[12:20:04.909]: (-1.4, 2.2, 5.3) 3
[12:20:04.925]: (-2.4, 1.6, 3.6) 49
[12:20:05.022]: (-2.5, 1.7, 3.8) 47
[12:20:05.123]: (-2.6, 1.5, 3.7) 46
[12:20:05.252]: (-1.6, 2.2, 5.0) 2
[12:20:05.300]: (-1.3, 1.7, 3.1) 42
