[12:02:23.968]: (-2.5, -1.7, 0.0) 7
[12:02:31.768]: (-0.2, 1.6, 5.0) 9
[12:02:32.375]: (1.1, 1.5, 3.6) 3
[12:02:32.406]: (1.0, 1.5, 3.6) 3
[12:02:32.422]: (1.0, 1.5, 3.6) 3
[12:02:32.438]: (1.1, 1.6, 3.7) 3
[12:02:32.454]: (1.6, 1.7, 5.1) 12
[12:02:32.470]: (1.7, 1.7, 5.1) 14
[12:02:32.632]: (1.4, 1.4, 2.3) 0
[12:02:32.699]: (1.5, 1.3, 2.3) 2
[12:02:34.222]: (1.3, 1.4, 2.4) 0
[12:02:34.244]: (1.3, 1.4, 2.4) 0
[12:02:34.533]: (0.9, 1.5, 3.9) 4
[12:02:34.713]: (1.0, 1.6, 3.9) 4
[12:02:34.729]: (1.0, 1.6, 3.9) 4
[12:02:37.436]: (1.5, 1.8, 5.2) 13
[12:02:37.452]: (1.0, 1.5, 3.8) 4
[12:02:38.054]: (1.6, 1.9, 5.1) 12
[12:02:38.143]: (1.5, 1.9, 5.0) 13
[12:02:38.167]: (1.1, 1.8, 3.8) 4
[12:02:38.429]: (1.8, 2.7, 4.8) 12
[12:02:39.099]: (1.5, 1.9, 5.1) 12
[12:02:39.281]: (1.4, 1.5, 5.1) 12
[12:02:39.302]: (1.5, 1.4, 5.2) 14
[12:02:39.523]: (0.9, 1.2, 3.9) 4
[12:02:39.538]: (0.8, 1.2, 3.9) 4
[12:02:39.555]: (0.9, 1.2, 3.9) 4
[12:02:39.571]: (0.9, 1.2, 3.9) 4
[12:02:39.587]: (0.9, 1.2, 3.9) 4
[12:02:39.742]: (0.9, 1.2, 3.9) 4
[12:02:39.765]: (0.9, 1.3, 3.9) 4
[12:02:39.788]: (0.9, 1.2, 3.9) 4
[12:02:39.808]: (0.9, 1.2, 3.9) 4
[12:02:40.488]: (-0.3, 1.1, 3.8) 5
[12:02:40.509]: (-0.4, 1.2, 3.8) 5
[12:02:40.530]: (-0.4, 1.2, 3.8) 5
[12:02:40.553]: (-0.4, 1.1, 5.0) 9
[12:02:40.576]: (-0.4, 1.2, 5.0) 9
[12:02:41.619]: (0.8, 0.8, 2.3) 1
[12:02:41.641]: (0.7, 0.8, 2.4) 1
[12:02:41.664]: (0.7, 0.8, 2.4) 1
[12:02:41.686]: (0.8, 0.9, 2.4) 1
[12:02:41.708]: (0.8, 0.9, 2.4) 1
[12:02:41.908]: (1.1, 0.9, 2.5) 0
[12:02:42.201]: (0.8, 0.9, 2.4) 1
[12:02:42.235]: (0.8, 0.9, 2.4) 1
[12:02:42.270]: (0.8, 0.9, 2.4) 1
[12:02:42.286]: (0.8, 0.9, 2.4) 1
[12:02:42.303]: (0.8, 0.9, 2.4) 1
[12:02:42.322]: (1.1, 0.8, 2.5) 0
[12:02:42.358]: (1.2, 0.9, 2.5) 0
[12:02:42.378]: (1.1, 0.9, 2.6) 0
[12:02:42.398]: (1.1, 0.9, 2.5) 0
[12:02:42.418]: (1.2, 0.9, 2.5) 0
[12:02:42.435]: (1.1, 0.9, 2.5) 0
[12:02:42.453]: (1.1, 0.9, 2.5) 0
[12:02:42.473]: (1.1, 0.9, 2.5) 0
[12:02:42.490]: (1.1, 0.9, 2.5) 0
[12:02:42.507]: (1.1, 0.9, 2.5) 0
[12:02:42.530]: (1.1, 0.9, 2.5) 0
[12:02:42.553]: (1.1, 0.9, 2.5) 0
[12:02:42.574]: (1.1, 0.9, 2.5) 0
[12:02:42.597]: (1.1, 0.9, 2.5) 0
[12:02:42.620]: (1.1, 0.9, 2.5) 0
[12:02:42.643]: (1.1, 0.8, 2.5) 0
[12:02:42.664]: (1.1, 0.9, 2.6) 0
[12:02:42.930]: (2.0, 0.8, 3.8) 10
[12:02:43.133]: (2.2, 0.9, 3.7) 11
[12:02:43.151]: (2.2, 0.9, 3.7) 11
[12:02:43.168]: (2.2, 0.9, 3.7) 11
[12:02:43.185]: (2.3, 0.9, 3.7) 11
[12:02:43.202]: (2.2, 0.9, 3.6) 11
[12:02:43.221]: (2.3, 0.9, 3.6) 11
[12:02:43.238]: (2.3, 0.9, 3.6) 11
[12:02:43.254]: (2.3, 0.8, 3.6) 11
[12:02:43.307]: (2.3, 0.8, 3.7) 11
[12:02:43.331]: (2.3, 0.9, 3.6) 11
[12:02:43.354]: (2.3, 0.9, 3.6) 11
[12:02:43.401]: (2.3, 0.9, 3.6) 11
[12:02:43.553]: (2.3, 1.0, 3.6) 11
[12:02:43.573]: (2.3, 0.9, 3.6) 11
[12:02:43.597]: (2.3, 0.9, 3.6) 11
[12:02:43.619]: (2.3, 0.9, 3.6) 11
[12:02:43.641]: (2.3, 0.9, 3.6) 11
[12:02:43.663]: (2.3, 0.9, 3.6) 11
[12:02:43.685]: (2.3, 0.9, 3.6) 11
[12:02:43.707]: (2.3, 0.9, 3.6) 11
[12:02:43.730]: (2.3, 0.9, 3.6) 11
[12:02:43.749]: (2.4, 0.9, 3.6) 11
[12:02:43.765]: (2.4, 0.9, 3.6) 11
[12:02:43.782]: (2.4, 0.9, 3.6) 11
[12:02:43.816]: (2.4, 0.9, 3.6) 11
[12:02:43.832]: (2.4, 0.9, 3.6) 11
[12:02:43.849]: (2.4, 0.9, 3.6) 11
[12:02:43.864]: (2.4, 0.9, 3.6) 11
[12:02:43.882]: (2.3, 0.9, 3.6) 11
[12:02:43.898]: (2.3, 0.9, 3.6) 11
[12:02:43.914]: (2.4, 0.9, 3.6) 11
[12:02:44.149]: (0.6, 0.7, 3.9) 4
[12:02:44.164]: (0.6, 0.7, 3.9) 4
[12:02:44.184]: (0.5, 0.6, 4.0) 4
[12:02:44.790]: (1.0, 0.6, 5.2) 12
[12:02:44.823]: (1.0, 0.5, 5.3) 12
[12:02:44.839]: (1.1, 0.6, 5.3) 14
[12:02:44.871]: (1.0, 0.6, 5.3) 12
[12:02:44.888]: (0.9, 0.6, 5.3) 13
[12:02:44.904]: (1.0, 0.5, 5.3) 13
[12:02:44.919]: (1.0, 0.5, 5.3) 13
[12:02:44.937]: (1.0, 0.5, 5.3) 13
[12:02:44.955]: (0.6, 0.7, 3.8) 3
[12:02:45.043]: (0.7, 0.7, 3.8) 3
[12:02:45.060]: (0.6, 0.7, 4.0) 4
[12:02:45.076]: (0.6, 0.7, 3.8) 3
[12:02:45.094]: (0.7, 0.7, 3.7) 3
[12:02:45.110]: (0.7, 0.7, 3.7) 3
[12:02:45.128]: (0.7, 0.7, 3.8) 3
[12:02:45.145]: (1.0, 0.5, 5.3) 12
[12:02:45.174]: (0.7, 0.7, 3.7) 3
[12:02:45.207]: (0.7, 0.8, 3.8) 3
[12:02:45.240]: (0.7, 0.7, 3.7) 3
[12:02:45.274]: (1.2, 0.6, 5.3) 14
[12:02:45.507]: (1.1, 0.6, 5.2) 12
[12:02:45.541]: (1.1, 0.6, 5.3) 14
[12:02:45.573]: (0.7, 0.8, 3.8) 3
[12:02:45.607]: (0.7, 0.7, 3.8) 3
[12:02:45.640]: (0.7, 0.8, 3.8) 3
[12:02:45.674]: (0.7, 0.7, 3.7) 3
[12:02:45.707]: (1.1, 0.6, 5.2) 12
[12:02:45.740]: (1.0, 0.6, 5.2) 12
[12:02:45.773]: (1.1, 0.6, 5.2) 12
[12:02:47.827]: (0.6, 0.7, 3.8) 3
[12:02:47.849]: (0.7, 0.7, 3.7) 3
[12:02:47.872]: (0.7, 0.7, 3.7) 3
[12:02:47.894]: (0.7, 0.7, 3.7) 3
[12:02:47.917]: (0.7, 0.7, 3.7) 3
[12:02:47.939]: (0.7, 0.7, 3.7) 3
[12:02:47.960]: (0.7, 0.7, 3.7) 3
[12:02:47.983]: (0.7, 0.7, 3.7) 3
[12:02:48.006]: (0.7, 0.7, 3.7) 3
[12:02:48.028]: (0.7, 0.7, 3.7) 3
[12:02:48.044]: (0.7, 0.7, 3.7) 3
[12:02:48.059]: (0.7, 0.7, 3.7) 3
[12:02:48.075]: (0.7, 0.7, 3.7) 3
[12:02:48.092]: (0.7, 0.7, 3.7) 3
[12:02:48.107]: (0.7, 0.7, 3.7) 3
[12:02:48.122]: (0.7, 0.7, 3.7) 3
[12:02:48.137]: (0.7, 0.7, 3.7) 3
[12:02:48.153]: (0.7, 0.7, 3.7) 3
[12:02:58.991]: (0.5, 0.7, 4.0) 4
[12:02:59.013]: (0.9, 0.6, 5.3) 12
[12:03:01.064]: (1.0, 0.6, 5.3) 12
[12:03:01.097]: (1.0, 0.6, 5.2) 12
[12:03:01.128]: (1.1, 0.7, 5.3) 12
[12:03:01.144]: (0.7, 0.7, 3.8) 3
[12:03:01.161]: (0.6, 0.7, 4.0) 4
[12:03:01.177]: (1.0, 0.5, 5.3) 13
[12:03:01.194]: (0.9, 0.5, 5.3) 13
[12:03:01.211]: (0.9, 0.5, 5.3) 13
[12:03:01.228]: (0.9, 0.5, 5.3) 13
[12:03:01.244]: (0.9, 0.6, 5.3) 13
[12:03:02.700]: (0.7, 0.6, 3.7) 3
[12:03:02.721]: (0.7, 0.7, 3.7) 3
[12:03:02.743]: (0.7, 0.7, 3.7) 3
[12:03:02.766]: (0.7, 0.7, 3.7) 3
[12:03:02.789]: (0.7, 0.7, 3.7) 3
[12:03:03.726]: (1.1, 0.8, 2.5) 0
[12:03:03.747]: (1.1, 0.8, 2.5) 0
[12:03:03.793]: (1.1, 0.8, 2.5) 0
[12:03:03.811]: (1.1, 0.8, 2.5) 0
[12:03:04.211]: (0.8, 0.9, 2.4) 1
[12:03:04.232]: (1.1, 0.8, 2.5) 0
[12:03:04.254]: (1.1, 0.8, 2.5) 0
[12:03:04.276]: (1.2, 0.8, 2.5) 0
[12:03:04.298]: (1.2, 0.8, 2.5) 0
[12:03:04.320]: (1.2, 0.8, 2.5) 0
[12:03:04.343]: (1.1, 0.8, 2.5) 0
[12:03:04.365]: (1.1, 0.8, 2.5) 0
[12:03:04.388]: (1.2, 0.8, 2.5) 0
[12:03:04.409]: (1.2, 0.9, 2.5) 0
[12:03:04.431]: (1.2, 0.9, 2.5) 0
[12:03:04.455]: (1.2, 0.8, 2.5) 0
[12:03:04.500]: (1.1, 0.8, 2.5) 0
[12:03:04.521]: (1.2, 0.9, 2.5) 0
[12:03:04.542]: (1.1, 0.9, 2.5) 0
[12:03:04.565]: (1.2, 0.8, 2.5) 2
[12:03:04.588]: (1.2, 0.8, 2.5) 2
[12:03:04.609]: (1.2, 0.8, 2.5) 2
[12:03:04.625]: (1.2, 0.8, 2.5) 2
[12:03:04.641]: (1.2, 0.8, 2.5) 2
[12:03:04.658]: (1.2, 0.8, 2.5) 2
[12:03:04.674]: (1.2, 0.8, 2.5) 2
[12:03:04.688]: (1.2, 0.8, 2.5) 2
[12:03:04.785]: (1.2, 0.8, 2.5) 2
[12:03:04.803]: (1.2, 0.8, 2.5) 2
[12:03:04.820]: (1.2, 0.8, 2.5) 2
[12:03:04.836]: (1.2, 0.8, 2.5) 2
[12:03:04.854]: (1.2, 0.8, 2.5) 0
[12:03:04.870]: (1.2, 0.8, 2.5) 2
[12:03:04.887]: (1.2, 0.8, 2.5) 2
[12:03:04.918]: (1.2, 0.8, 2.5) 0
[12:03:04.933]: (1.2, 0.8, 2.5) 0
[12:03:04.950]: (1.2, 0.8, 2.5) 0
[12:03:04.968]: (1.2, 0.8, 2.5) 2
[12:03:04.984]: (1.2, 0.8, 2.5) 0
[12:03:05.018]: (1.2, 0.8, 2.5) 2
[12:03:05.064]: (1.2, 0.8, 2.5) 2
[12:03:05.200]: (-0.7, 0.6, 3.8) 5
[12:03:05.509]: (1.0, 0.6, 5.2) 12
[12:03:05.800]: (0.9, 0.6, 5.3) 13
[12:03:05.820]: (0.9, 0.6, 5.3) 13
[12:03:05.839]: (0.9, 0.6, 5.3) 13
[12:03:05.873]: (1.0, 0.6, 5.3) 12
[12:03:05.891]: (0.6, 0.7, 4.0) 4
[12:03:05.908]: (0.9, 0.5, 5.3) 13
[12:03:05.924]: (0.6, 0.7, 4.0) 4
[12:03:05.940]: (0.9, 0.5, 5.3) 13
[12:03:05.958]: (0.9, 0.6, 5.3) 13
[12:03:06.175]: (0.6, 0.7, 4.0) 4
[12:03:06.199]: (0.6, 0.6, 4.0) 4
[12:03:06.220]: (0.6, 0.7, 4.0) 4
[12:03:06.594]: (0.5, 0.6, 4.0) 4
[12:03:06.613]: (0.6, 0.6, 4.0) 4
[12:03:06.630]: (0.6, 0.6, 4.0) 4
[12:03:06.834]: (0.6, 0.7, 4.0) 4
[12:03:06.853]: (0.7, 0.7, 3.9) 4
[12:03:06.903]: (0.7, 0.7, 4.0) 4
[12:03:06.941]: (0.6, 0.7, 4.0) 4
[12:03:07.030]: (0.9, 0.6, 5.3) 13
[12:03:07.164]: (1.0, 0.7, 5.3) 12
[12:03:07.440]: (1.0, 0.5, 5.2) 12
[12:03:07.472]: (0.9, 0.6, 5.3) 13
[12:03:07.509]: (0.9, 0.6, 5.3) 13
[12:03:07.526]: (0.9, 0.6, 5.3) 13
[12:03:07.541]: (0.9, 0.6, 5.3) 13
[12:03:07.557]: (0.9, 0.6, 5.3) 13
[12:03:07.573]: (0.9, 0.6, 5.3) 13
[12:03:07.588]: (0.9, 0.6, 5.3) 13
[12:03:07.736]: (0.9, 0.6, 5.4) 13
[12:03:08.241]: (0.9, 0.6, 5.3) 13
[12:03:09.109]: (-0.7, 0.4, 4.9) 9
[12:03:09.330]: (-0.2, 0.5, 4.7) 8
[12:03:09.362]: (-0.4, 0.5, 5.0) 7
[12:03:09.484]: (0.8, 0.8, 3.8) 3
[12:03:09.515]: (0.7, 0.8, 3.8) 3
[12:03:09.561]: (0.7, 0.8, 3.8) 3
[12:03:09.743]: (0.7, 0.7, 4.0) 4
[12:03:09.763]: (1.0, 0.6, 5.2) 12
[12:03:09.786]: (1.1, 0.6, 5.2) 12
[12:03:09.809]: (0.7, 0.8, 3.8) 3
[12:03:09.830]: (0.7, 0.8, 3.8) 3
[12:03:09.852]: (0.7, 0.8, 3.8) 3
[12:03:09.874]: (0.7, 0.8, 3.8) 3
[12:03:09.898]: (1.1, 0.6, 5.2) 12
[12:03:09.920]: (0.7, 0.8, 3.8) 3
[12:03:09.941]: (1.1, 0.6, 5.2) 12
[12:03:09.963]: (1.1, 0.6, 5.3) 14
[12:03:09.985]: (1.2, 0.6, 5.3) 14
[12:03:10.052]: (1.2, 0.7, 2.4) 2
[12:03:10.069]: (1.2, 0.7, 2.5) 2
[12:03:10.099]: (1.2, 0.8, 2.5) 2
[12:03:10.762]: (1.3, 0.8, 2.5) 2
[12:03:11.774]: (1.1, 0.8, 2.5) 0
[12:03:11.796]: (1.1, 0.8, 2.5) 0
[12:03:11.819]: (1.1, 0.8, 2.5) 0
[12:03:11.841]: (1.1, 0.8, 2.5) 0
[12:03:12.251]: (0.9, 0.5, 5.3) 13
[12:03:12.286]: (0.9, 0.5, 5.3) 13
[12:03:12.530]: (0.9, 0.5, 5.3) 13
[12:03:12.573]: (1.0, 0.6, 5.2) 12
[12:03:12.596]: (1.0, 0.5, 5.3) 13
[12:03:12.618]: (0.7, 0.7, 4.0) 4
[12:03:12.641]: (0.7, 0.8, 3.8) 3
[12:03:12.662]: (0.7, 0.8, 3.8) 3
[12:03:12.773]: (0.7, 0.8, 3.7) 3
[12:03:12.794]: (1.1, 0.6, 5.2) 12
[12:03:12.811]: (0.7, 0.8, 3.8) 3
[12:03:12.826]: (0.7, 0.8, 3.7) 3
[12:03:12.842]: (0.7, 0.8, 3.7) 3
[12:03:12.857]: (0.7, 0.8, 3.8) 3
[12:03:12.874]: (0.7, 0.8, 3.8) 3
[12:03:12.889]: (0.7, 0.8, 3.8) 3
[12:03:12.906]: (0.7, 0.8, 3.7) 3
[12:03:12.921]: (0.7, 0.8, 3.7) 3
[12:03:12.939]: (0.7, 0.8, 3.7) 3
[12:03:12.955]: (0.7, 0.8, 3.7) 3
[12:03:12.971]: (0.7, 0.8, 3.7) 3
[12:03:12.988]: (0.7, 0.8, 3.7) 3
[12:03:13.006]: (0.7, 0.7, 3.7) 3
[12:03:13.021]: (0.7, 0.8, 3.7) 3
[12:03:13.037]: (0.7, 0.8, 3.7) 3
[12:03:13.053]: (0.7, 0.8, 3.7) 3
[12:03:13.069]: (0.7, 0.8, 3.7) 3
[12:03:13.086]: (0.7, 0.8, 3.7) 3
[12:03:13.103]: (0.7, 0.8, 3.7) 3
[12:03:13.120]: (0.7, 0.7, 3.7) 3
[12:03:13.136]: (0.7, 0.7, 3.7) 3
[12:03:13.152]: (0.7, 0.7, 3.7) 3
[12:03:13.168]: (0.7, 0.8, 3.7) 3
[12:03:13.184]: (0.7, 0.7, 3.7) 3
[12:03:13.207]: (0.7, 0.7, 3.7) 3
[12:03:13.229]: (0.7, 0.7, 3.7) 3
[12:03:13.252]: (0.7, 0.7, 3.7) 3
[12:03:13.274]: (0.7, 0.7, 3.7) 3
[12:03:13.298]: (0.7, 0.7, 3.7) 3
[12:03:13.318]: (0.7, 0.8, 3.7) 3
[12:03:13.340]: (0.7, 0.8, 3.7) 3
[12:03:13.362]: (0.7, 0.7, 3.7) 3
[12:03:13.385]: (0.7, 0.7, 3.7) 3
[12:03:13.406]: (0.8, 0.7, 3.7) 3
[12:03:13.450]: (0.8, 0.7, 3.8) 3
[12:03:13.473]: (0.8, 0.7, 3.7) 3
[12:03:13.496]: (0.7, 0.7, 3.7) 3
[12:03:13.518]: (0.7, 0.7, 3.7) 3
[12:03:13.539]: (0.7, 0.7, 3.7) 3
[12:03:13.565]: (0.7, 0.8, 3.7) 3
[12:03:13.584]: (0.7, 0.8, 3.7) 3
[12:03:13.607]: (1.0, 0.6, 5.2) 12
[12:03:14.129]: (-0.4, 0.4, 4.9) 7
[12:03:14.173]: (-1.0, 0.4, 4.1) 6
[12:03:14.898]: (-0.3, 0.5, 4.9) 7
[12:03:15.329]: (-0.7, 0.3, 4.9) 9
[12:03:15.398]: (-0.7, 0.4, 4.9) 9
[12:03:19.749]: (-0.8, 0.4, 4.9) 9
