[12:20:58.291]: (-1.6, -0.4, 5.4) 18
[12:20:58.316]: (-1.3, -0.3, 5.2) 19
[12:20:59.379]: (-0.5, 0.4, 1.7) 45
[12:20:59.403]: (-0.5, 0.4, 1.7) 45
[12:20:59.934]: (-0.5, 0.5, 4.2) 35
[12:20:59.958]: (-0.5, 0.4, 4.2) 35
[12:21:00.492]: (-0.3, 1.5, 3.8) 57
[12:21:00.658]: (-0.1, 1.6, 3.7) 56
[12:21:00.893]: (-0.1, 1.5, 3.8) 58
[12:21:00.910]: (-0.1, 1.5, 3.8) 56
[12:21:00.926]: (-0.2, 1.4, 3.7) 56
[12:21:00.942]: (-0.2, 1.5, 3.7) 56
[12:21:00.958]: (-0.2, 1.5, 3.7) 56
[12:21:01.222]: (-1.3, 1.2, 3.8) 0
[12:21:01.462]: (-1.8, 1.3, 4.7) 63
[12:21:01.480]: (-1.8, 1.3, 4.7) 63
[12:21:01.496]: (-1.8, 1.3, 4.7) 63
[12:21:01.511]: (-1.8, 1.3, 4.7) 63
[12:21:01.527]: (-1.8, 1.3, 4.7) 63
[12:21:01.604]: (-1.5, 1.2, 3.7) 3
[12:21:01.625]: (-1.5, 1.3, 3.8) 1
[12:21:01.646]: (-1.5, 1.3, 3.8) 1
[12:21:01.666]: (-1.6, 1.4, 3.8) 1
[12:21:01.767]: (-1.8, 1.5, 4.8) 66
[12:21:02.150]: (-1.0, 1.4, 3.9) 1
[12:21:02.172]: (-1.1, 1.4, 3.9) 1
[12:21:02.201]: (-1.0, 1.4, 3.9) 1
[12:21:02.233]: (-1.2, 1.4, 4.8) 65
[12:21:02.268]: (-1.0, 1.4, 3.9) 1
[12:21:02.300]: (-1.1, 1.6, 4.8) 64
[12:21:02.334]: (-1.1, 1.6, 4.9) 64
[12:21:04.129]: (-0.9, 1.8, 4.6) 67
[12:21:04.146]: (-1.0, 1.7, 4.8) 63
[12:21:04.162]: (-1.0, 1.7, 4.8) 63
[12:21:04.246]: (-1.0, 1.8, 4.9) 63
[12:21:04.292]: (-1.0, 1.8, 4.8) 63
[12:21:04.312]: (-1.0, 1.7, 4.8) 63
[12:21:04.329]: (-1.0, 1.7, 4.8) 63
[12:21:04.406]: (-1.1, 1.8, 4.8) 63
[12:21:04.709]: (-0.4, 1.3, 2.6) 62
[12:21:04.731]: (-0.4, 1.3, 2.6) 62
[12:21:04.954]: (0.9, 1.4, 2.0) 43
[12:21:05.007]: (0.8, 1.4, 1.7) 49
[12:21:05.054]: (0.8, 1.3, 1.7) 48
[12:21:05.071]: (0.8, 1.3, 1.7) 48
[12:21:05.088]: (0.9, 1.4, 2.0) 43
[12:21:05.103]: (0.8, 1.3, 1.7) 48
[12:21:05.120]: (0.7, 1.3, 1.7) 48
[12:21:05.156]: (0.7, 1.3, 1.8) 48
[12:21:05.189]: (0.7, 1.3, 1.8) 48
[12:21:05.222]: (0.8, 1.4, 1.7) 49
[12:21:05.255]: (0.8, 1.4, 1.7) 49
[12:21:05.476]: (0.9, 1.4, 2.0) 43
[12:21:05.498]: (0.9, 1.4, 2.0) 43
[12:21:05.522]: (0.9, 1.4, 2.0) 43
[12:21:05.543]: (0.9, 1.4, 2.0) 43
[12:21:05.564]: (0.9, 1.4, 2.0) 43
[12:21:05.586]: (0.9, 1.4, 2.0) 43
[12:21:05.611]: (0.9, 1.4, 2.0) 43
[12:21:05.631]: (0.9, 1.4, 2.0) 43
[12:21:05.654]: (0.9, 1.4, 2.0) 43
[12:21:05.676]: (0.9, 1.4, 2.0) 43
[12:21:05.698]: (0.9, 1.4, 2.0) 43
[12:21:05.831]: (0.9, 1.4, 2.1) 43
[12:21:05.847]: (0.9, 1.4, 2.0) 43
[12:21:05.864]: (0.9, 1.4, 2.0) 43
[12:21:05.881]: (0.9, 1.4, 2.0) 43
[12:21:06.051]: (0.7, 1.4, 1.7) 47
[12:21:06.433]: (1.6, 2.2, 3.5) 32
[12:21:06.454]: (1.6, 2.2, 3.5) 32
[12:21:06.475]: (1.6, 2.2, 3.5) 32
[12:21:06.500]: (1.6, 2.2, 3.5) 32
[12:21:06.519]: (1.6, 2.2, 3.5) 32
[12:21:06.776]: (1.7, 2.5, 3.5) 33
[12:21:06.876]: (1.6, 2.5, 3.5) 33
[12:21:06.895]: (1.6, 2.5, 3.5) 33
[12:21:06.914]: (1.6, 2.5, 3.5) 33
[12:21:06.932]: (1.6, 2.5, 3.5) 33
[12:21:07.232]: (1.7, 2.4, 3.5) 33
[12:21:07.254]: (1.7, 2.4, 3.5) 33
[12:21:07.276]: (1.7, 2.4, 3.5) 33
[12:21:07.298]: (1.6, 2.4, 3.4) 34
[12:21:07.320]: (1.6, 2.4, 3.5) 33
[12:21:07.343]: (1.6, 2.4, 3.5) 33
[12:21:07.768]: (1.6, 2.4, 3.5) 33
[12:21:07.783]: (1.6, 2.4, 3.5) 33
[12:21:07.939]: (1.4, 2.4, 3.7) 35
[12:21:07.956]: (1.4, 2.3, 3.7) 35
[12:21:07.989]: (1.4, 2.3, 3.7) 31
[12:21:08.006]: (1.4, 2.4, 3.7) 31
[12:21:08.023]: (1.4, 2.3, 3.7) 31
[12:21:08.041]: (1.4, 2.4, 3.7) 31
[12:21:08.063]: (1.4, 2.3, 3.7) 31
[12:21:08.086]: (1.3, 2.3, 3.5) 30
[12:21:08.108]: (1.3, 2.2, 3.5) 30
[12:21:08.130]: (1.4, 2.3, 3.7) 35
[12:21:08.153]: (1.3, 2.2, 3.5) 30
[12:21:08.465]: (0.4, 1.7, 2.9) 54
[12:21:08.481]: (0.4, 1.7, 2.9) 54
[12:21:08.575]: (0.4, 1.6, 2.8) 52
[12:21:08.749]: (0.2, 1.6, 3.0) 55
[12:21:08.767]: (0.3, 1.7, 2.9) 55
[12:21:08.832]: (0.4, 1.9, 3.6) 56
[12:21:08.850]: (0.4, 1.9, 3.6) 56
[12:21:09.063]: (0.3, 1.7, 2.8) 52
[12:21:09.085]: (0.3, 1.7, 2.8) 52
[12:21:09.130]: (0.3, 1.7, 2.9) 52
[12:21:09.151]: (0.3, 1.7, 2.8) 52
[12:21:09.174]: (0.3, 1.7, 2.8) 52
[12:21:09.432]: (0.4, 1.9, 3.6) 56
[12:21:09.449]: (0.4, 1.9, 3.6) 56
[12:21:09.465]: (0.4, 1.9, 3.6) 56
[12:21:09.481]: (0.4, 1.9, 3.6) 56
[12:21:09.498]: (0.4, 1.9, 3.6) 56
[12:21:09.514]: (0.5, 1.9, 3.6) 56
[12:21:09.531]: (0.5, 1.9, 3.7) 58
[12:21:09.547]: (0.5, 1.9, 3.6) 56
[12:21:09.563]: (0.5, 1.9, 3.6) 56
[12:21:09.579]: (0.5, 1.9, 3.6) 58
[12:21:09.594]: (0.5, 1.9, 3.6) 58
[12:21:09.611]: (0.5, 1.9, 3.6) 56
[12:21:09.627]: (0.5, 1.9, 3.6) 56
[12:21:09.645]: (0.4, 1.9, 3.6) 56
[12:21:09.663]: (0.4, 1.9, 3.6) 56
[12:21:09.679]: (0.4, 1.9, 3.6) 56
[12:21:09.695]: (0.4, 1.9, 3.6) 56
[12:21:09.714]: (0.4, 1.9, 3.6) 56
[12:21:09.731]: (0.4, 1.9, 3.6) 56
[12:21:09.747]: (0.4, 1.9, 3.6) 56
[12:21:09.764]: (0.4, 1.9, 3.6) 56
[12:21:09.780]: (0.5, 1.9, 3.6) 56
[12:21:09.797]: (0.5, 1.9, 3.6) 56
[12:21:09.812]: (0.4, 1.9, 3.6) 56
[12:21:09.830]: (0.4, 1.9, 3.6) 56
[12:21:09.851]: (0.4, 1.9, 3.6) 56
[12:21:09.873]: (0.4, 1.9, 3.6) 56
[12:21:09.897]: (0.4, 1.9, 3.6) 56
[12:21:09.919]: (0.4, 1.9, 3.6) 56
[12:21:09.940]: (0.4, 1.9, 3.6) 56
[12:21:09.964]: (0.4, 2.0, 3.6) 56
[12:21:10.249]: (0.6, 1.9, 3.6) 58
[12:21:10.549]: (0.6, 1.9, 3.6) 58
[12:21:10.740]: (0.5, 1.9, 3.6) 58
[12:21:10.762]: (0.5, 1.9, 3.6) 58
[12:21:10.786]: (0.5, 1.9, 3.6) 58
[12:21:10.807]: (0.5, 1.9, 3.6) 58
[12:21:10.830]: (0.5, 1.9, 3.6) 58
[12:21:10.874]: (0.5, 1.9, 3.7) 58
[12:21:11.096]: (0.5, 1.8, 3.7) 58
[12:21:11.118]: (0.4, 1.7, 2.8) 52
[12:21:11.135]: (0.5, 1.9, 3.6) 58
[12:21:11.183]: (0.5, 1.9, 3.6) 58
[12:21:11.214]: (0.5, 1.9, 3.6) 58
[12:21:11.311]: (0.5, 1.9, 3.6) 58
[12:21:11.328]: (0.5, 1.9, 3.6) 58
[12:21:11.344]: (0.5, 1.9, 3.6) 58
[12:21:11.361]: (0.5, 1.9, 3.6) 58
[12:21:11.377]: (0.5, 1.9, 3.6) 58
[12:21:11.394]: (0.5, 1.9, 3.6) 58
[12:21:11.413]: (0.5, 1.9, 3.6) 58
[12:21:11.431]: (0.5, 1.9, 3.6) 58
[12:21:11.447]: (0.5, 1.9, 3.6) 58
[12:21:11.464]: (0.5, 1.9, 3.6) 58
[12:21:11.482]: (0.5, 1.9, 3.6) 58
[12:21:11.498]: (0.5, 1.9, 3.6) 58
[12:21:11.515]: (0.5, 1.9, 3.6) 58
[12:21:11.531]: (0.5, 1.9, 3.6) 58
[12:21:11.548]: (0.5, 1.9, 3.6) 56
[12:21:11.565]: (0.4, 1.9, 3.6) 56
[12:21:11.584]: (0.4, 1.9, 3.6) 56
[12:21:11.608]: (0.4, 1.9, 3.6) 56
[12:21:11.673]: (0.3, 2.0, 3.6) 57
[12:21:11.985]: (0.3, 1.9, 3.6) 57
[12:21:12.007]: (0.3, 1.9, 3.6) 57
[12:21:12.025]: (0.3, 2.0, 3.6) 57
[12:21:12.042]: (0.3, 2.0, 3.6) 57
[12:21:12.059]: (0.3, 2.0, 3.6) 57
[12:21:12.089]: (0.3, 2.0, 3.6) 57
[12:21:12.695]: (1.6, 2.5, 3.5) 33
[12:21:12.720]: (1.7, 2.5, 3.5) 33
[12:21:12.762]: (1.6, 2.4, 3.4) 34
[12:21:12.785]: (1.7, 2.4, 3.5) 33
[12:21:12.808]: (1.6, 2.3, 3.3) 34
[12:21:12.828]: (1.6, 2.3, 3.4) 34
[12:21:12.852]: (1.6, 2.4, 3.5) 33
[12:21:12.869]: (1.5, 2.3, 3.4) 34
[12:21:12.886]: (1.5, 2.3, 3.3) 34
[12:21:12.902]: (1.5, 2.3, 3.4) 34
[12:21:12.920]: (1.5, 2.3, 3.4) 34
[12:21:12.937]: (1.5, 2.3, 3.4) 34
[12:21:12.953]: (1.5, 2.3, 3.4) 34
[12:21:12.970]: (1.5, 2.4, 3.5) 29
[12:21:13.033]: (1.5, 2.4, 3.4) 34
[12:21:13.080]: (1.6, 2.5, 3.5) 33
[12:21:13.097]: (1.6, 2.5, 3.5) 33
[12:21:13.113]: (1.6, 2.5, 3.5) 33
[12:21:13.129]: (1.6, 2.5, 3.5) 33
[12:21:13.146]: (1.6, 2.5, 3.5) 33
[12:21:13.162]: (1.6, 2.5, 3.5) 33
[12:21:13.178]: (1.7, 2.5, 3.5) 33
[12:21:13.194]: (1.7, 2.5, 3.5) 33
[12:21:13.211]: (1.7, 2.5, 3.5) 33
[12:21:13.227]: (1.7, 2.5, 3.5) 33
[12:21:13.244]: (1.7, 2.5, 3.5) 33
[12:21:13.260]: (1.6, 2.5, 3.5) 33
[12:21:13.281]: (1.6, 2.5, 3.5) 33
[12:21:13.297]: (1.6, 2.5, 3.5) 33
[12:21:13.921]: (1.5, 2.1, 2.8) 36
[12:21:13.937]: (1.5, 2.4, 3.3) 34
[12:21:13.955]: (1.5, 2.3, 3.3) 34
[12:21:13.972]: (1.5, 2.3, 3.3) 34
[12:21:15.083]: (0.6, 1.4, 1.7) 47
[12:21:15.106]: (0.6, 1.4, 1.7) 47
[12:21:15.128]: (0.6, 1.4, 1.8) 47
[12:21:15.151]: (0.6, 1.4, 1.8) 47
[12:21:15.350]: (0.7, 1.4, 1.8) 48
[12:21:15.371]: (0.7, 1.3, 1.8) 48
[12:21:15.395]: (0.7, 1.3, 1.8) 48
[12:21:15.418]: (0.7, 1.3, 1.8) 48
[12:21:15.439]: (0.7, 1.3, 1.8) 48
[12:21:15.461]: (0.7, 1.3, 1.8) 48
[12:21:15.478]: (0.7, 1.3, 1.8) 48
[12:21:15.496]: (0.9, 1.4, 2.0) 43
[12:21:15.514]: (0.9, 1.4, 2.0) 43
[12:21:15.533]: (0.9, 1.4, 2.0) 43
[12:21:15.549]: (0.9, 1.4, 2.0) 43
[12:21:15.565]: (0.9, 1.4, 2.0) 43
[12:21:15.582]: (0.9, 1.4, 2.0) 43
[12:21:15.597]: (0.9, 1.4, 2.1) 43
[12:21:15.614]: (0.9, 1.4, 2.1) 43
[12:21:15.659]: (0.6, 1.4, 1.7) 47
[12:21:15.676]: (0.6, 1.4, 1.7) 47
[12:21:15.692]: (0.6, 1.4, 1.7) 47
[12:21:15.710]: (0.7, 1.4, 1.8) 47
[12:21:15.894]: (-0.9, 1.4, 3.8) 3
[12:21:15.920]: (-2.2, 1.7, 6.0) 24
[12:21:15.938]: (-0.8, 1.6, 3.8) 2
[12:21:15.961]: (-0.7, 1.5, 3.9) 0
[12:21:15.984]: (-0.7, 1.5, 3.9) 0
[12:21:16.117]: (-0.6, 1.4, 3.7) 6
[12:21:16.161]: (-0.9, 1.4, 3.9) 3
[12:21:16.182]: (-1.0, 1.3, 3.9) 5
[12:21:16.207]: (-1.1, 1.3, 3.9) 5
[12:21:16.250]: (-1.0, 1.3, 3.9) 5
[12:21:16.271]: (-1.1, 1.3, 3.9) 5
[12:21:16.295]: (-1.1, 1.2, 4.0) 7
[12:21:16.317]: (-1.0, 1.3, 3.9) 5
[12:21:16.338]: (-1.0, 1.4, 4.0) 5
[12:21:16.369]: (-1.0, 1.4, 4.0) 1
[12:21:16.448]: (-1.3, 1.7, 4.9) 66
[12:21:16.465]: (-1.2, 1.7, 4.9) 66
[12:21:16.481]: (-1.2, 1.7, 4.9) 66
[12:21:16.497]: (-1.2, 1.7, 4.7) 65
[12:21:16.515]: (-1.3, 1.7, 4.9) 66
[12:21:16.531]: (-1.2, 1.7, 4.9) 66
[12:21:16.548]: (-1.1, 1.6, 4.7) 65
[12:21:16.565]: (-1.1, 1.6, 4.7) 65
[12:21:16.582]: (-1.1, 1.6, 4.8) 64
[12:21:16.599]: (-1.1, 1.6, 4.8) 64
[12:21:16.616]: (-1.1, 1.7, 4.8) 64
[12:21:16.633]: (-1.0, 1.7, 4.8) 63
[12:21:18.435]: (1.4, 2.3, 3.7) 35
[12:21:18.472]: (1.5, 2.3, 3.4) 34
[12:21:18.495]: (1.6, 2.3, 3.5) 29
[12:21:18.516]: (1.5, 2.3, 3.4) 34
[12:21:18.538]: (1.5, 2.3, 3.4) 34
[12:21:18.584]: (1.5, 2.3, 3.5) 29
[12:21:18.627]: (1.5, 2.3, 3.4) 34
[12:21:18.759]: (1.7, 2.5, 3.5) 33
[12:21:20.237]: (-2.3, 1.7, 6.1) 26
[12:21:20.305]: (-1.4, 1.7, 4.9) 68
[12:21:21.148]: (-2.3, 1.6, 6.2) 21
[12:21:21.170]: (-2.3, 1.6, 6.2) 26
[12:21:21.369]: (-2.2, 1.7, 6.0) 24
[12:21:21.639]: (0.5, 1.9, 3.6) 58
[12:21:21.981]: (1.6, 2.0, 2.5) 40
[12:21:22.027]: (1.8, 2.1, 2.8) 37
[12:21:22.047]: (1.7, 2.1, 2.8) 37
[12:21:22.070]: (1.7, 2.1, 2.8) 37
[12:21:22.091]: (1.6, 2.1, 2.6) 42
[12:21:22.114]: (1.5, 2.1, 2.6) 42
[12:21:22.136]: (1.5, 2.0, 2.6) 42
[12:21:22.158]: (1.5, 2.0, 2.7) 42
[12:21:22.180]: (1.5, 2.0, 2.6) 42
[12:21:22.203]: (1.5, 2.0, 2.6) 42
[12:21:22.231]: (1.5, 2.0, 2.6) 42
[12:21:22.249]: (1.5, 2.1, 2.6) 42
[12:21:22.274]: (1.5, 2.1, 2.7) 42
[12:21:22.294]: (1.5, 2.1, 2.6) 42
[12:21:22.314]: (1.5, 2.1, 2.7) 42
[12:21:22.337]: (1.5, 2.1, 2.7) 42
[12:21:22.647]: (1.4, 2.3, 3.7) 35
[12:21:24.259]: (-1.0, 1.7, 4.8) 63
[12:21:24.276]: (-1.2, 1.7, 4.9) 66
[12:21:26.880]: (1.7, 2.4, 3.5) 33
[12:21:26.913]: (1.6, 2.4, 3.4) 34
[12:21:26.931]: (1.5, 2.3, 3.4) 34
[12:21:26.947]: (1.7, 2.4, 3.5) 33
[12:21:26.965]: (1.6, 2.3, 3.5) 32
[12:21:26.980]: (1.6, 2.4, 3.5) 33
[12:21:26.998]: (1.5, 2.3, 3.4) 34
[12:21:27.013]: (1.5, 2.4, 3.4) 34
[12:21:27.046]: (1.5, 2.3, 3.5) 29
[12:21:27.063]: (1.5, 2.3, 3.5) 29
[12:21:27.080]: (1.5, 2.3, 3.5) 28
[12:21:27.096]: (1.5, 2.3, 3.5) 29
[12:21:27.867]: (1.5, 2.3, 3.4) 34
[12:21:27.883]: (1.5, 2.4, 3.4) 34
[12:21:27.905]: (1.5, 2.4, 3.4) 34
[12:21:27.923]: (1.6, 2.4, 3.5) 33
[12:21:27.939]: (1.5, 2.4, 3.4) 34
[12:21:27.955]: (1.5, 2.4, 3.4) 34
[12:21:27.972]: (1.5, 2.4, 3.4) 34
[12:21:27.990]: (1.5, 2.4, 3.4) 34
[12:21:28.006]: (1.5, 2.3, 3.4) 34
[12:21:28.023]: (1.5, 2.3, 3.4) 34
[12:21:28.040]: (1.5, 2.3, 3.4) 34
[12:21:28.058]: (1.5, 2.4, 3.4) 34
[12:21:28.074]: (1.5, 2.4, 3.4) 34
[12:21:28.091]: (1.5, 2.4, 3.4) 34
[12:21:28.107]: (1.5, 2.4, 3.4) 34
[12:21:28.125]: (1.5, 2.4, 3.4) 34
[12:21:28.143]: (1.5, 2.4, 3.4) 34
[12:21:28.159]: (1.5, 2.4, 3.4) 34
[12:21:28.178]: (1.5, 2.4, 3.4) 34
[12:21:28.201]: (1.5, 2.4, 3.4) 34
[12:21:28.226]: (1.5, 2.4, 3.4) 34
[12:21:28.245]: (1.5, 2.4, 3.4) 34
[12:21:28.267]: (1.5, 2.4, 3.4) 34
[12:21:28.290]: (1.5, 2.4, 3.4) 34
[12:21:28.312]: (1.5, 2.4, 3.4) 34
[12:21:28.334]: (1.5, 2.4, 3.4) 34
[12:21:28.356]: (1.5, 2.4, 3.4) 34
[12:21:28.379]: (1.5, 2.4, 3.4) 34
[12:21:28.401]: (1.6, 2.4, 3.5) 33
[12:21:28.423]: (1.6, 2.4, 3.5) 33
[12:21:28.445]: (1.6, 2.4, 3.5) 33
[12:21:28.469]: (1.6, 2.4, 3.5) 33
[12:21:28.489]: (1.6, 2.4, 3.5) 33
[12:21:28.512]: (1.6, 2.5, 3.5) 33
[12:21:29.155]: (0.9, 1.4, 2.0) 43
[12:21:29.223]: (1.3, 2.3, 3.7) 35
[12:21:29.588]: (-2.1, 1.8, 6.1) 23
[12:21:29.877]: (-1.2, 1.7, 4.9) 66
[12:21:31.012]: (0.4, 1.3, 1.9) 44
[12:21:31.267]: (1.5, 2.3, 3.6) 28
[12:21:31.284]: (1.7, 2.4, 3.5) 33
[12:21:31.318]: (1.6, 2.4, 3.5) 33
[12:21:31.448]: (1.5, 2.1, 2.8) 36
[12:21:31.753]: (1.6, 2.4, 3.5) 33
[12:21:31.777]: (1.6, 2.4, 3.5) 33
[12:21:31.798]: (1.6, 2.4, 3.5) 33
[12:21:31.821]: (1.6, 2.4, 3.5) 33
[12:21:31.843]: (1.6, 2.4, 3.5) 33
[12:21:31.865]: (1.6, 2.4, 3.5) 33
[12:21:31.889]: (1.6, 2.5, 3.5) 33
[12:21:31.909]: (1.6, 2.5, 3.5) 33
[12:21:31.932]: (1.6, 2.5, 3.5) 33
[12:21:31.953]: (1.6, 2.5, 3.5) 33
[12:21:32.435]: (1.4, 2.4, 3.7) 35
[12:21:32.450]: (1.4, 2.4, 3.7) 35
[12:21:37.076]: (1.7, 2.1, 2.8) 37
[12:21:37.830]: (-0.2, 2.1, 4.9) 17
[12:21:37.853]: (-0.2, 2.1, 4.8) 17
[12:21:37.875]: (-0.2, 2.1, 4.9) 17
[12:21:38.400]: (-1.1, 1.7, 4.8) 64
[12:21:38.419]: (-1.1, 1.7, 4.8) 64
[12:21:38.439]: (-1.1, 1.7, 4.7) 65
[12:21:38.459]: (-1.1, 1.7, 4.7) 65
[12:21:38.480]: (-1.1, 1.7, 4.8) 64
[12:21:38.499]: (-1.1, 1.7, 4.8) 64
[12:21:38.566]: (-1.0, 1.8, 4.8) 63
[12:21:38.842]: (-1.0, 1.7, 4.8) 63
[12:21:38.863]: (-0.9, 1.5, 3.9) 1
[12:21:38.886]: (-0.9, 1.5, 4.0) 1
[12:21:38.909]: (-1.1, 1.6, 4.8) 64
[12:21:38.930]: (-1.1, 1.6, 4.8) 64
[12:21:38.954]: (-1.1, 1.6, 4.8) 64
[12:21:38.974]: (-1.1, 1.6, 4.8) 64
[12:21:38.996]: (-1.1, 1.7, 4.8) 64
[12:21:39.020]: (-1.1, 1.7, 4.8) 64
[12:21:39.042]: (-1.1, 1.7, 4.8) 64
[12:21:39.200]: (-1.1, 1.7, 4.8) 63
[12:21:39.217]: (-1.1, 1.7, 4.8) 63
[12:21:39.290]: (-1.0, 1.7, 4.9) 63
[12:21:39.308]: (-1.0, 1.7, 4.9) 63
[12:21:39.327]: (-1.0, 1.7, 4.8) 63
[12:21:39.346]: (-1.0, 1.7, 4.8) 63
[12:21:39.364]: (-1.0, 1.7, 4.8) 63
[12:21:39.382]: (-0.9, 1.7, 4.9) 63
[12:21:41.461]: (-1.2, 1.7, 4.9) 66
[12:21:41.484]: (-1.1, 1.7, 4.7) 65
[12:21:45.347]: (1.6, 2.3, 3.3) 34
[12:21:46.015]: (1.6, 2.5, 3.5) 33
[12:21:46.038]: (1.6, 2.5, 3.5) 33
[12:21:46.060]: (1.6, 2.5, 3.5) 33
[12:21:46.081]: (1.6, 2.5, 3.5) 33
[12:21:46.105]: (1.6, 2.5, 3.5) 33
[12:21:46.126]: (1.6, 2.5, 3.5) 33
[12:21:46.149]: (1.6, 2.5, 3.5) 33
[12:21:46.167]: (1.6, 2.5, 3.5) 33
[12:21:46.182]: (1.6, 2.5, 3.5) 33
[12:21:46.199]: (1.6, 2.4, 3.5) 33
[12:21:46.216]: (1.6, 2.4, 3.5) 33
[12:21:46.235]: (1.6, 2.4, 3.5) 33
[12:21:46.252]: (1.6, 2.4, 3.5) 33
[12:21:46.268]: (1.6, 2.4, 3.5) 33
[12:21:46.285]: (1.6, 2.4, 3.4) 34
[12:21:46.305]: (1.6, 2.4, 3.5) 33
[12:21:46.322]: (1.6, 2.4, 3.4) 34
[12:21:46.340]: (1.6, 2.4, 3.5) 33
[12:21:46.360]: (1.6, 2.4, 3.5) 33
[12:21:46.377]: (1.6, 2.4, 3.5) 33
[12:21:46.394]: (1.6, 2.4, 3.5) 33
[12:21:46.412]: (1.6, 2.4, 3.5) 33
[12:21:46.430]: (1.6, 2.4, 3.5) 33
[12:21:46.447]: (1.6, 2.4, 3.5) 33
[12:21:46.466]: (1.6, 2.4, 3.5) 33
[12:21:46.484]: (1.6, 2.4, 3.5) 33
[12:21:46.500]: (1.6, 2.4, 3.5) 33
[12:21:46.516]: (1.6, 2.4, 3.5) 33
[12:21:46.532]: (1.6, 2.4, 3.5) 33
[12:21:46.549]: (1.6, 2.4, 3.5) 33
[12:21:46.565]: (1.6, 2.4, 3.5) 33
[12:21:46.583]: (1.7, 2.4, 3.5) 33
[12:21:46.601]: (1.7, 2.4, 3.5) 33
[12:21:46.619]: (1.7, 2.5, 3.5) 33
[12:21:46.636]: (1.6, 2.4, 3.5) 33
[12:21:46.651]: (1.6, 2.4, 3.5) 33
[12:21:46.668]: (1.6, 2.5, 3.5) 33
[12:21:46.686]: (1.6, 2.4, 3.5) 33
[12:21:46.703]: (1.6, 2.4, 3.5) 33
[12:21:46.726]: (1.6, 2.4, 3.5) 33
[12:21:46.747]: (1.6, 2.4, 3.5) 33
[12:21:46.770]: (1.7, 2.4, 3.5) 33
[12:21:46.793]: (1.7, 2.4, 3.5) 33
[12:21:46.814]: (1.6, 2.4, 3.4) 34
[12:21:46.838]: (1.6, 2.4, 3.4) 34
[12:21:46.859]: (1.6, 2.4, 3.3) 34
[12:21:46.881]: (1.6, 2.4, 3.3) 34
[12:21:46.905]: (1.6, 2.4, 3.3) 34
[12:21:46.926]: (1.5, 2.4, 3.3) 34
[12:21:46.948]: (1.5, 2.4, 3.4) 34
[12:21:46.970]: (1.6, 2.4, 3.4) 34
[12:21:46.994]: (1.6, 2.5, 3.5) 33
[12:21:47.015]: (1.6, 2.5, 3.5) 33
[12:21:47.037]: (1.6, 2.5, 3.5) 33
[12:21:47.059]: (1.6, 2.5, 3.5) 33
[12:21:47.279]: (1.7, 2.4, 3.5) 33
[12:21:47.295]: (1.6, 2.4, 3.3) 34
[12:21:47.312]: (1.6, 2.4, 3.3) 34
[12:21:47.329]: (1.6, 2.4, 3.3) 34
[12:21:47.346]: (1.6, 2.4, 3.3) 34
[12:21:47.363]: (1.6, 2.4, 3.3) 34
[12:21:47.380]: (1.7, 2.4, 3.5) 33
[12:21:47.639]: (1.6, 2.4, 3.3) 34
[12:21:48.083]: (1.6, 2.5, 3.5) 33
[12:21:48.458]: (1.7, 2.5, 3.5) 33
[12:21:49.067]: (1.5, 2.4, 3.6) 28
[12:21:49.084]: (1.4, 2.3, 3.7) 35
[12:21:49.100]: (1.3, 2.3, 3.7) 35
[12:21:49.118]: (1.4, 2.3, 3.7) 35
[12:21:49.136]: (1.4, 2.3, 3.7) 35
[12:21:49.151]: (1.4, 2.3, 3.7) 35
[12:21:49.167]: (1.4, 2.3, 3.7) 35
[12:21:49.183]: (1.4, 2.3, 3.7) 35
[12:21:49.200]: (1.4, 2.3, 3.7) 35
[12:21:49.217]: (1.4, 2.3, 3.7) 35
[12:21:49.234]: (1.4, 2.3, 3.7) 35
[12:21:49.251]: (1.4, 2.3, 3.7) 35
[12:21:49.267]: (1.4, 2.3, 3.7) 35
[12:21:49.283]: (1.4, 2.3, 3.7) 35
[12:21:49.299]: (1.4, 2.3, 3.7) 35
[12:21:49.315]: (1.4, 2.3, 3.7) 35
[12:21:49.338]: (1.4, 2.3, 3.7) 35
[12:21:49.608]: (1.6, 2.5, 3.5) 33
[12:21:49.651]: (1.4, 2.4, 3.5) 28
[12:21:49.673]: (1.4, 2.4, 3.4) 30
[12:21:49.694]: (1.4, 2.4, 3.4) 30
[12:21:49.717]: (1.4, 2.4, 3.4) 30
[12:21:49.738]: (1.4, 2.4, 3.4) 30
[12:21:49.761]: (1.5, 2.5, 3.6) 35
[12:21:49.782]: (1.5, 2.5, 3.6) 35
[12:21:49.802]: (1.5, 2.5, 3.6) 35
[12:21:50.068]: (1.8, 2.6, 3.3) 33
[12:21:50.090]: (1.7, 2.5, 3.2) 34
[12:21:50.111]: (1.7, 2.5, 3.2) 34
[12:21:50.135]: (1.7, 2.6, 3.3) 29
[12:21:51.336]: (1.7, 2.9, 3.3) 33
[12:21:51.358]: (1.6, 2.8, 3.1) 34
[12:21:51.381]: (1.6, 2.8, 3.1) 34
[12:21:51.402]: (1.6, 2.8, 3.1) 34
[12:21:51.426]: (1.6, 2.8, 3.1) 34
[12:21:51.447]: (1.6, 2.8, 3.1) 34
[12:21:51.470]: (1.6, 2.8, 3.1) 34
[12:21:51.492]: (1.6, 2.7, 3.1) 34
[12:21:51.515]: (1.6, 2.8, 3.1) 34
[12:21:51.537]: (1.6, 2.8, 3.1) 34
[12:21:51.559]: (1.6, 2.7, 3.1) 34
[12:21:51.580]: (1.6, 2.7, 3.1) 34
[12:21:51.604]: (1.6, 2.7, 3.1) 34
[12:21:51.626]: (1.6, 2.7, 3.1) 34
[12:21:51.647]: (1.6, 2.7, 3.1) 34
[12:21:51.669]: (1.6, 2.7, 3.1) 34
[12:21:51.691]: (1.6, 2.7, 3.1) 34
[12:21:51.714]: (1.6, 2.7, 3.1) 34
[12:21:51.738]: (1.6, 2.7, 3.1) 34
[12:21:51.759]: (1.6, 2.7, 3.1) 34
[12:21:51.780]: (1.6, 2.7, 3.2) 34
[12:21:51.802]: (1.6, 2.7, 3.1) 34
[12:21:51.826]: (1.6, 2.7, 3.1) 34
[12:21:51.849]: (1.6, 2.7, 3.1) 34
[12:21:51.872]: (1.6, 2.7, 3.1) 34
[12:21:51.896]: (1.6, 2.7, 3.1) 34
[12:21:51.917]: (1.6, 2.7, 3.1) 34
[12:21:51.941]: (1.6, 2.7, 3.1) 34
[12:21:51.962]: (1.6, 2.7, 3.1) 34
[12:21:51.985]: (1.6, 2.7, 3.1) 34
[12:21:52.006]: (1.6, 2.7, 3.1) 34
[12:21:52.030]: (1.6, 2.7, 3.1) 34
[12:21:52.051]: (1.6, 2.7, 3.1) 34
[12:21:52.073]: (1.6, 2.7, 3.1) 34
[12:21:52.096]: (1.6, 2.7, 3.1) 34
[12:21:52.118]: (1.6, 2.7, 3.1) 34
[12:21:52.140]: (1.6, 2.7, 3.1) 34
[12:21:52.163]: (1.6, 2.7, 3.1) 34
[12:21:52.184]: (1.6, 2.7, 3.1) 34
[12:21:52.206]: (1.6, 2.7, 3.1) 34
[12:21:52.228]: (1.6, 2.7, 3.1) 34
[12:21:52.273]: (1.6, 2.7, 3.1) 34
[12:21:52.758]: (-0.5, 1.6, 4.9) 63
[12:21:53.858]: (-0.6, 1.6, 4.9) 63
[12:21:55.856]: (0.0, 2.1, 5.1) 15
[12:21:55.878]: (0.0, 2.1, 5.0) 18
[12:21:55.901]: (0.0, 2.0, 5.0) 18
[12:21:56.003]: (1.6, 2.7, 3.1) 34
[12:21:56.130]: (1.6, 2.7, 3.1) 34
[12:21:56.147]: (1.7, 2.7, 3.2) 32
[12:21:56.163]: (1.6, 2.7, 3.2) 34
[12:21:56.179]: (1.6, 2.7, 3.2) 29
[12:21:56.195]: (1.6, 2.7, 3.2) 34
[12:21:56.293]: (1.6, 2.7, 3.1) 34
[12:21:56.340]: (1.6, 2.7, 3.1) 34
[12:21:56.357]: (1.6, 2.7, 3.1) 34
[12:21:56.379]: (1.6, 2.7, 3.1) 34
[12:21:56.400]: (1.6, 2.7, 3.1) 34
[12:21:56.422]: (1.6, 2.7, 3.1) 34
[12:21:56.445]: (1.6, 2.7, 3.1) 34
[12:21:56.468]: (1.6, 2.7, 3.1) 34
[12:21:56.490]: (1.6, 2.7, 3.1) 34
[12:21:56.512]: (1.6, 2.7, 3.1) 34
[12:21:56.533]: (1.6, 2.7, 3.1) 34
[12:21:56.556]: (1.6, 2.8, 3.3) 33
[12:21:56.578]: (1.6, 2.8, 3.3) 33
[12:21:56.600]: (1.6, 2.9, 3.3) 33
[12:21:56.622]: (1.6, 2.9, 3.3) 33
[12:21:56.646]: (1.6, 2.9, 3.3) 33
[12:21:56.666]: (1.6, 2.8, 3.3) 33
[12:21:56.689]: (1.6, 2.8, 3.3) 33
[12:21:56.712]: (1.6, 2.8, 3.3) 33
[12:21:56.733]: (1.6, 2.7, 3.1) 34
[12:21:56.756]: (1.6, 2.8, 3.2) 34
[12:21:56.779]: (1.6, 2.8, 3.3) 33
[12:21:56.822]: (1.6, 2.8, 3.3) 33
[12:21:57.032]: (1.5, 2.7, 3.4) 28
[12:21:57.063]: (1.5, 2.7, 3.4) 28
[12:21:57.079]: (1.5, 2.7, 3.4) 28
[12:21:57.289]: (1.6, 2.7, 3.4) 28
[12:21:57.311]: (1.5, 2.7, 3.3) 28
[12:21:57.333]: (1.5, 2.7, 3.3) 28
[12:21:57.621]: (1.6, 2.8, 3.3) 33
[12:21:57.644]: (1.6, 2.8, 3.3) 33
[12:21:57.666]: (1.6, 2.8, 3.3) 33
[12:21:57.689]: (1.6, 2.8, 3.3) 33
[12:21:57.711]: (1.6, 2.8, 3.3) 33
[12:21:57.733]: (1.6, 2.8, 3.3) 33
[12:21:57.749]: (1.6, 2.8, 3.3) 33
[12:21:57.767]: (1.6, 2.8, 3.3) 33
[12:21:57.799]: (1.6, 2.8, 3.3) 33
[12:21:57.912]: (1.6, 2.7, 3.2) 34
[12:21:58.355]: (1.6, 2.7, 3.3) 29
[12:21:58.377]: (1.6, 2.7, 3.2) 29
[12:21:58.399]: (1.6, 2.7, 3.2) 29
[12:21:58.422]: (1.6, 2.7, 3.2) 29
[12:21:58.444]: (1.6, 2.7, 3.2) 29
[12:21:58.466]: (1.6, 2.7, 3.2) 34
[12:21:58.489]: (1.6, 2.7, 3.2) 34
[12:21:58.510]: (1.6, 2.7, 3.2) 34
[12:21:58.533]: (1.6, 2.7, 3.2) 29
[12:21:58.555]: (1.6, 2.7, 3.2) 29
[12:21:58.577]: (1.6, 2.7, 3.3) 29
[12:21:59.332]: (1.6, 2.7, 3.1) 34
[12:21:59.355]: (1.6, 2.7, 3.1) 34
[12:21:59.376]: (1.6, 2.7, 3.1) 34
[12:21:59.400]: (1.6, 2.7, 3.1) 34
[12:21:59.965]: (-0.7, 1.4, 4.8) 65
[12:21:59.988]: (-0.7, 1.5, 4.8) 65
[12:22:00.010]: (-0.7, 1.4, 4.8) 65
[12:22:01.710]: (1.5, 2.5, 2.6) 36
[12:22:01.731]: (1.5, 2.5, 2.6) 36
[12:22:01.754]: (1.5, 2.5, 2.6) 36
[12:22:01.775]: (1.5, 2.5, 2.6) 36
[12:22:02.021]: (1.6, 2.8, 3.1) 34
[12:22:02.044]: (1.7, 2.8, 3.3) 33
[12:22:02.484]: (1.6, 2.7, 3.2) 29
[12:22:02.530]: (1.7, 2.6, 3.3) 32
[12:22:02.553]: (1.6, 2.6, 3.3) 29
[12:22:02.576]: (1.6, 2.6, 3.3) 32
[12:22:02.597]: (1.6, 2.6, 3.3) 32
[12:22:03.731]: (0.7, 2.1, 3.5) 58
[12:22:03.755]: (0.8, 2.1, 3.6) 58
[12:22:03.774]: (0.7, 2.1, 3.5) 58
[12:22:03.797]: (0.6, 2.0, 3.5) 56
[12:22:03.821]: (0.6, 2.0, 3.5) 56
[12:22:03.864]: (0.7, 2.0, 3.6) 58
[12:22:03.886]: (0.7, 2.1, 3.6) 58
[12:22:03.908]: (0.7, 2.1, 3.6) 58
[12:22:03.930]: (0.7, 2.1, 3.5) 58
[12:22:03.953]: (0.7, 2.0, 3.6) 58
[12:22:03.970]: (0.7, 2.1, 3.5) 58
[12:22:03.988]: (0.7, 2.1, 3.6) 58
[12:22:04.007]: (0.8, 2.1, 3.6) 58
[12:22:04.041]: (0.7, 2.1, 3.6) 58
[12:22:04.073]: (0.7, 2.0, 3.6) 58
[12:22:04.105]: (0.7, 2.0, 3.6) 58
[12:22:04.388]: (1.4, 2.7, 3.5) 35
[12:22:04.408]: (1.6, 2.7, 3.1) 34
[12:22:04.430]: (1.6, 2.8, 3.3) 33
[12:22:04.455]: (1.6, 2.8, 3.3) 33
[12:22:04.474]: (1.6, 2.8, 3.3) 33
[12:22:04.497]: (1.6, 2.8, 3.2) 34
[12:22:04.520]: (1.7, 2.8, 3.3) 33
[12:22:04.543]: (1.7, 2.9, 3.3) 33
[12:22:04.652]: (1.6, 2.7, 3.1) 34
[12:22:04.675]: (1.6, 2.7, 3.1) 34
[12:22:04.697]: (1.6, 2.7, 3.1) 34
[12:22:05.268]: (1.7, 2.8, 3.3) 33
[12:22:05.574]: (1.6, 2.7, 3.3) 29
[12:22:05.596]: (1.6, 2.7, 3.3) 29
[12:22:05.618]: (1.7, 2.9, 3.3) 33
[12:22:05.825]: (1.7, 2.9, 3.3) 33
[12:22:06.420]: (1.5, 2.7, 3.4) 28
[12:22:06.844]: (-0.6, 1.5, 4.9) 64
[12:22:06.863]: (-0.5, 1.6, 4.7) 67
[12:22:06.902]: (-0.6, 1.6, 4.9) 63
[12:22:06.919]: (-0.5, 1.6, 4.9) 63
[12:22:06.937]: (-0.6, 1.6, 4.9) 63
[12:22:06.955]: (-0.5, 1.5, 4.9) 63
[12:22:06.971]: (-0.5, 1.6, 4.9) 63
[12:22:06.989]: (-0.5, 1.5, 4.9) 63
[12:22:07.006]: (-0.5, 1.6, 4.9) 63
[12:22:07.023]: (-0.5, 1.6, 4.9) 63
[12:22:07.088]: (-0.4, 1.6, 4.7) 67
[12:22:07.106]: (-0.4, 1.6, 4.7) 67
